<?xml version="1.0" encoding="UTF-8"?>
<testsuites name="RAD_UI_TestSuite" time="3710.732" tests="16" failures="2" errors="0">
   <testsuite name="RAD_UI_TestSuite" tests="16" failures="2" errors="0" time="3710.732" skipped="0" timestamp="2024-01-14 15:58:06" hostname="imtiaz - DESKTOP-B2QI6NS.govolution.com" id="Test Suites/RAD_TestSuite/RAD_UI_TestSuite">
      <properties>
         <property name="deviceName" value=""/>
         <property name="devicePlatform" value=""/>
         <property name="logFolder" value="E:\\Cloned-Project-Katalon\\VPS-Katalon\\Reports\\20240114_155800\\RAD_TestSuite\\RAD_UI_TestSuite\\20240114_155800"/>
         <property name="logFiles" value="E:\\Cloned-Project-Katalon\\VPS-Katalon\\Reports\\20240114_155800\\RAD_TestSuite\\RAD_UI_TestSuite\\20240114_155800\\execution0.log, E:\\Cloned-Project-Katalon\\VPS-Katalon\\Reports\\20240114_155800\\RAD_TestSuite\\RAD_UI_TestSuite\\20240114_155800\\execution1.log"/>
         <property name="attachments" value=""/>
         <property name="hostName" value="imtiaz - DESKTOP-B2QI6NS.govolution.com"/>
         <property name="os" value="Windows 10 64bit"/>
         <property name="katalonVersion" value="8.6.6.208"/>
         <property name="browser" value="Chrome 120.0.0.0"/>
         <property name="hostAddress" value="172.31.253.139"/>
         <property name="sessionId" value="03734c635f6e3658532fc314774d4c1b"/>
         <property name="seleniumVersion" value="3.141.59"/>
         <property name="proxyInformation" value="ProxyInformation { proxyOption=NO_PROXY, proxyServerType=HTTP, username=, password=********, proxyServerAddress=, proxyServerPort=0, executionList=&quot;&quot;, isApplyToDesiredCapabilities=true }"/>
         <property name="platform" value="Windows 10"/>
      </properties>
      <testcase name="Test Cases/RAD_TestCases/Negative_TestCases/FEINmismatchError" time="296.628" classname="Test Cases/RAD_TestCases/Negative_TestCases/FEINmismatchError" status="PASSED">
         <system-out><![CDATA[2024-01-14 15:58:07 - [TEST_CASE][PASSED] - Test Cases/RAD_TestCases/Negative_TestCases/FEINmismatchError: Test Cases/RAD_TestCases/Negative_TestCases/FEINmismatchError

2024-01-14 15:58:07 - [TEST_STEP][PASSED] - resText = "Fail": null

2024-01-14 15:58:07 - [TEST_STEP][PASSED] - resColumn = "Result": null

2024-01-14 15:58:07 - [TEST_STEP][PASSED] - datCloumn = "Date": null

2024-01-14 15:58:07 - [TEST_STEP][PASSED] - fileLoc = "KatalonData/RADTestData/FEINmismatch.xlsx": null

2024-01-14 15:58:07 - [TEST_STEP][PASSED] - nameSheet = "FEINmismatch": null

2024-01-14 15:58:07 - [TEST_STEP][PASSED] - dataFile = "RADTestData/FEINmismatch": null

2024-01-14 15:58:07 - [TEST_STEP][PASSED] - ExecuteTC = <not implemented yet for class: org.codehaus.groovy.ast.expr.EmptyExpression>: null

2024-01-14 15:58:07 - [TEST_STEP][PASSED] - Taxtype = <not implemented yet for class: org.codehaus.groovy.ast.expr.EmptyExpression>: null

2024-01-14 15:58:07 - [TEST_STEP][PASSED] - Paymenttype = <not implemented yet for class: org.codehaus.groovy.ast.expr.EmptyExpression>: null

2024-01-14 15:58:07 - [TEST_STEP][PASSED] - numOfRows = findTestData(dataFile).getRowNumbers(): null

2024-01-14 15:58:08 - [TEST_STEP][PASSED] - println("Number of Records: " + numOfRows): null

2024-01-14 15:58:08 - [TEST_STEP][PASSED] - for ([row = 1, row <= numOfRows, (row++)]): null

2024-01-14 15:58:08 - [TEST_STEP][PASSED] - ExecuteTC = findTestData(dataFile).getValue("Execute", row): null

2024-01-14 15:58:08 - [TEST_STEP][PASSED] - Taxtype = findTestData(dataFile).getValue("TaxType", row): null

2024-01-14 15:58:08 - [TEST_STEP][PASSED] - Paymenttype = findTestData(dataFile).getValue("PaymentType", row): null

2024-01-14 15:58:08 - [TEST_STEP][PASSED] - out.println("Value of Execute is : " + ExecuteTC): null

2024-01-14 15:58:08 - [TEST_STEP][PASSED] - if (ExecuteTC.equalsIgnoreCase("Y")): null

2024-01-14 15:58:08 - [TEST_STEP][PASSED] - out.println("Begin Record Number: " + row): null

2024-01-14 15:58:08 - [TEST_STEP][PASSED] - today = new java.util.Date(): null

2024-01-14 15:58:08 - [TEST_STEP][PASSED] - println(today): null

2024-01-14 15:58:08 - [TEST_STEP][PASSED] - datText = today: null

2024-01-14 15:58:08 - [TEST_STEP][PASSED] - Taxtype = findTestData(dataFile).getValue("TaxType", row): null

2024-01-14 15:58:09 - [TEST_STEP][PASSED] - out.println("Taxtype value is : " + Taxtype): null

2024-01-14 15:58:09 - [TEST_STEP][PASSED] - openBrowser(""): Browser is opened with url: ''

2024-01-14 15:58:09 - [MESSAGE][INFO] - Starting 'Chrome' driver

2024-01-14 15:58:09 - [MESSAGE][INFO] - User set preference: ['acceptInsecureCerts', 'true']

2024-01-14 15:58:09 - [MESSAGE][INFO] - Action delay is set to 0 milliseconds

2024-01-14 15:58:12 - [MESSAGE][PASSED] - Browser is opened with url: ''

2024-01-14 15:58:12 - [TEST_STEP][PASSED] - maximizeWindow(): Current window maximized

2024-01-14 15:58:12 - [MESSAGE][PASSED] - Current window maximized

2024-01-14 15:58:12 - [TEST_STEP][PASSED] - navigateToUrl(RADurl): Navigate to 'https://qa2.velocitypayment.com/client/rad/index.html' successfully

2024-01-14 15:58:14 - [MESSAGE][PASSED] - Navigate to 'https://qa2.velocitypayment.com/client/rad/index.html' successfully

2024-01-14 15:58:14 - [TEST_STEP][PASSED] - orPath_Landing = "Object Repository/RAD_Pages/Landing_Page": null

2024-01-14 15:58:14 - [TEST_STEP][PASSED] - orPath_TaxTypeFilingYear = "Object Repository/RAD_Pages/TaxTypeFilingYear_Page": null

2024-01-14 15:58:14 - [TEST_STEP][PASSED] - orPath_TaxPayer = "Object Repository/RAD_Pages/Taxpayer_Page": null

2024-01-14 15:58:14 - [TEST_STEP][PASSED] - orPath_AddressContact = "Object Repository/RAD_Pages/AddressAndContactInfo_Page": null

2024-01-14 15:58:14 - [TEST_STEP][PASSED] - orPath_FilingStatus = "Object Repository/RAD_Pages/FilingStatus_Page": null

2024-01-14 15:58:14 - [TEST_STEP][PASSED] - orPath_Amount = "Object Repository/RAD_Pages/PaymentAmount_Page": null

2024-01-14 15:58:14 - [TEST_STEP][PASSED] - orPath_TaxInfo = "Object Repository/RAD_Pages/TaxInfo_Page": null

2024-01-14 15:58:14 - [TEST_STEP][PASSED] - orPath_Withholding = "Object Repository/RAD_Pages/Withholding_Page": null

2024-01-14 15:58:14 - [TEST_STEP][PASSED] - orPath_Summary = "Object Repository/RAD_Pages/Summary_Page": null

2024-01-14 15:58:14 - [TEST_STEP][PASSED] - orPath_PaymentReady = "Object Repository/RAD_Pages/PaymentReady_Page": null

2024-01-14 15:58:14 - [TEST_STEP][PASSED] - orPath_PaymentEntry = "Object Repository/RAD_Pages/PaymentEntry_Page": null

2024-01-14 15:58:14 - [TEST_STEP][PASSED] - orPath_PaymentConfirmation = "Object Repository/RAD_Pages/PaymentConfirmation_Page": null

2024-01-14 15:58:14 - [TEST_STEP][PASSED] - orPath_ServiceFeesAccept = "Object Repository/RAD_Pages/ServiceFeeAccept_Page": null

2024-01-14 15:58:14 - [TEST_STEP][PASSED] - selectOptionByLabel(findTestObject(orPath_Landing + "/dd_TaxType"), Paymenttype, false): All options with label 'Existing Liability w/Notice Number' are selected in object 'Object Repository/RAD_Pages/Landing_Page/dd_TaxType' 

2024-01-14 15:58:15 - [MESSAGE][PASSED] - All options with label 'Existing Liability w/Notice Number' are selected in object 'Object Repository/RAD_Pages/Landing_Page/dd_TaxType' 

2024-01-14 15:58:15 - [TEST_STEP][PASSED] - delay(1): Delayed 1 second(s)

2024-01-14 15:58:16 - [MESSAGE][PASSED] - Delayed 1 second(s)

2024-01-14 15:58:16 - [TEST_STEP][PASSED] - switch (Paymenttype): null

2024-01-14 15:58:16 - [TEST_STEP][PASSED] - case "Existing Liability w/Notice Number":: null

2024-01-14 15:58:16 - [TEST_STEP][PASSED] - selectOptionByLabel(findTestObject(orPath_TaxTypeFilingYear + "/select_TaxType_ExistingLiability"), Taxtype, false): All options with label 'Bay Restoration Fee' are selected in object 'Object Repository/RAD_Pages/TaxTypeFilingYear_Page/select_TaxType_ExistingLiability' 

2024-01-14 15:58:17 - [MESSAGE][PASSED] - All options with label 'Bay Restoration Fee' are selected in object 'Object Repository/RAD_Pages/TaxTypeFilingYear_Page/select_TaxType_ExistingLiability' 

2024-01-14 15:58:17 - [TEST_STEP][PASSED] - break: null

2024-01-14 15:58:17 - [TEST_STEP][PASSED] - delay(1): Delayed 1 second(s)

2024-01-14 15:58:18 - [MESSAGE][PASSED] - Delayed 1 second(s)

2024-01-14 15:58:18 - [TEST_STEP][PASSED] - scrollToElement(findTestObject(orPath_Amount + "/input__paymentAmount"), 2, CONTINUE_ON_FAILURE): Scroll to object 'Object Repository/RAD_Pages/PaymentAmount_Page/input__paymentAmount' successfully

2024-01-14 15:58:18 - [MESSAGE][PASSED] - Scroll to object 'Object Repository/RAD_Pages/PaymentAmount_Page/input__paymentAmount' successfully

2024-01-14 15:58:18 - [TEST_STEP][PASSED] - switch (Paymenttype): null

2024-01-14 15:58:18 - [TEST_STEP][PASSED] - case "Existing Liability w/Notice Number":: null

2024-01-14 15:58:18 - [TEST_STEP][PASSED] - setEncryptedText(findTestObject("Object Repository/RAD_RecordAndPlay/input_Existing_FEIN"), "RigbBhfdqODKcAsiUrg+1Q=="): Text ****** has been set on object 'Object Repository/RAD_RecordAndPlay/input_Existing_FEIN'

2024-01-14 15:58:19 - [MESSAGE][PASSED] - Text ****** has been set on object 'Object Repository/RAD_RecordAndPlay/input_Existing_FEIN'

2024-01-14 15:58:19 - [TEST_STEP][PASSED] - setEncryptedText(findTestObject("Object Repository/RAD_RecordAndPlay/input_Existing_RetypeFEIN"), "RigbBhfdqOBBGbZqm4oFJQ=="): Text ****** has been set on object 'Object Repository/RAD_RecordAndPlay/input_Existing_RetypeFEIN'

2024-01-14 15:58:20 - [MESSAGE][PASSED] - Text ****** has been set on object 'Object Repository/RAD_RecordAndPlay/input_Existing_RetypeFEIN'

2024-01-14 15:58:20 - [TEST_STEP][PASSED] - break: null

2024-01-14 15:58:20 - [TEST_STEP][PASSED] - setText(findTestObject(orPath_Amount + "/input__paymentAmount"), ""): Text '' is set on object 'Object Repository/RAD_Pages/PaymentAmount_Page/input__paymentAmount'

2024-01-14 15:58:21 - [MESSAGE][PASSED] - Text '' is set on object 'Object Repository/RAD_Pages/PaymentAmount_Page/input__paymentAmount'

2024-01-14 15:58:21 - [TEST_STEP][PASSED] - verifyTextPresent("The FEIN and Re-type FEIN do not match", true): Text 'The FEIN and Re-type FEIN do not match' is present on page  using regular expression

2024-01-14 15:58:21 - [MESSAGE][PASSED] - Text 'The FEIN and Re-type FEIN do not match' is present on page  using regular expression

2024-01-14 15:58:21 - [TEST_STEP][PASSED] - if (verifyTextPresent("The FEIN and Re-type FEIN do not match", true)): null

2024-01-14 15:58:22 - [MESSAGE][PASSED] - Text 'The FEIN and Re-type FEIN do not match' is present on page  using regular expression

2024-01-14 15:58:22 - [TEST_STEP][PASSED] - println("Error Message is present on the page"): null

2024-01-14 15:58:22 - [TEST_STEP][PASSED] - out.println("Pass Record Number: " + row): null

2024-01-14 15:58:22 - [TEST_STEP][PASSED] - resText = "Pass": null

2024-01-14 15:58:22 - [TEST_STEP][PASSED] - pages.WriteExcel.demoKey(resText, datText, resColumn, datCloumn, fileLoc, nameSheet, row): pages.WriteExcel.demoKey is PASSED

2024-01-14 15:58:22 - [MESSAGE][PASSED] - pages.WriteExcel.demoKey is PASSED

2024-01-14 15:58:22 - [TEST_STEP][PASSED] - ExecuteTC = findTestData(dataFile).getValue("Execute", row): null

2024-01-14 15:58:22 - [TEST_STEP][PASSED] - Taxtype = findTestData(dataFile).getValue("TaxType", row): null

2024-01-14 15:58:22 - [TEST_STEP][PASSED] - Paymenttype = findTestData(dataFile).getValue("PaymentType", row): null

2024-01-14 15:58:22 - [TEST_STEP][PASSED] - out.println("Value of Execute is : " + ExecuteTC): null

2024-01-14 15:58:22 - [TEST_STEP][PASSED] - if (ExecuteTC.equalsIgnoreCase("Y")): null

2024-01-14 15:58:22 - [TEST_STEP][PASSED] - out.println("Begin Record Number: " + row): null

2024-01-14 15:58:22 - [TEST_STEP][PASSED] - today = new java.util.Date(): null

2024-01-14 15:58:22 - [TEST_STEP][PASSED] - println(today): null

2024-01-14 15:58:22 - [TEST_STEP][PASSED] - datText = today: null

2024-01-14 15:58:22 - [TEST_STEP][PASSED] - Taxtype = findTestData(dataFile).getValue("TaxType", row): null

2024-01-14 15:58:22 - [TEST_STEP][PASSED] - out.println("Taxtype value is : " + Taxtype): null

2024-01-14 15:58:22 - [TEST_STEP][PASSED] - openBrowser(""): Browser is opened with url: ''

2024-01-14 15:58:22 - [MESSAGE][WARNING] - A browser is already opened. Closing browser and opening a new one

2024-01-14 15:58:23 - [MESSAGE][INFO] - Starting 'Chrome' driver

2024-01-14 15:58:23 - [MESSAGE][INFO] - User set preference: ['acceptInsecureCerts', 'true']

2024-01-14 15:58:23 - [MESSAGE][INFO] - Action delay is set to 0 milliseconds

2024-01-14 15:58:25 - [MESSAGE][PASSED] - Browser is opened with url: ''

2024-01-14 15:58:25 - [TEST_STEP][PASSED] - maximizeWindow(): Current window maximized

2024-01-14 15:58:25 - [MESSAGE][PASSED] - Current window maximized

2024-01-14 15:58:25 - [TEST_STEP][PASSED] - navigateToUrl(RADurl): Navigate to 'https://qa2.velocitypayment.com/client/rad/index.html' successfully

2024-01-14 15:58:26 - [MESSAGE][PASSED] - Navigate to 'https://qa2.velocitypayment.com/client/rad/index.html' successfully

2024-01-14 15:58:26 - [TEST_STEP][PASSED] - orPath_Landing = "Object Repository/RAD_Pages/Landing_Page": null

2024-01-14 15:58:26 - [TEST_STEP][PASSED] - orPath_TaxTypeFilingYear = "Object Repository/RAD_Pages/TaxTypeFilingYear_Page": null

2024-01-14 15:58:26 - [TEST_STEP][PASSED] - orPath_TaxPayer = "Object Repository/RAD_Pages/Taxpayer_Page": null

2024-01-14 15:58:26 - [TEST_STEP][PASSED] - orPath_AddressContact = "Object Repository/RAD_Pages/AddressAndContactInfo_Page": null

2024-01-14 15:58:26 - [TEST_STEP][PASSED] - orPath_FilingStatus = "Object Repository/RAD_Pages/FilingStatus_Page": null

2024-01-14 15:58:26 - [TEST_STEP][PASSED] - orPath_Amount = "Object Repository/RAD_Pages/PaymentAmount_Page": null

2024-01-14 15:58:26 - [TEST_STEP][PASSED] - orPath_TaxInfo = "Object Repository/RAD_Pages/TaxInfo_Page": null

2024-01-14 15:58:26 - [TEST_STEP][PASSED] - orPath_Withholding = "Object Repository/RAD_Pages/Withholding_Page": null

2024-01-14 15:58:26 - [TEST_STEP][PASSED] - orPath_Summary = "Object Repository/RAD_Pages/Summary_Page": null

2024-01-14 15:58:26 - [TEST_STEP][PASSED] - orPath_PaymentReady = "Object Repository/RAD_Pages/PaymentReady_Page": null

2024-01-14 15:58:26 - [TEST_STEP][PASSED] - orPath_PaymentEntry = "Object Repository/RAD_Pages/PaymentEntry_Page": null

2024-01-14 15:58:26 - [TEST_STEP][PASSED] - orPath_PaymentConfirmation = "Object Repository/RAD_Pages/PaymentConfirmation_Page": null

2024-01-14 15:58:26 - [TEST_STEP][PASSED] - orPath_ServiceFeesAccept = "Object Repository/RAD_Pages/ServiceFeeAccept_Page": null

2024-01-14 15:58:26 - [TEST_STEP][PASSED] - selectOptionByLabel(findTestObject(orPath_Landing + "/dd_TaxType"), Paymenttype, false): All options with label 'Existing Liability w/Notice Number' are selected in object 'Object Repository/RAD_Pages/Landing_Page/dd_TaxType' 

2024-01-14 15:58:27 - [MESSAGE][PASSED] - All options with label 'Existing Liability w/Notice Number' are selected in object 'Object Repository/RAD_Pages/Landing_Page/dd_TaxType' 

2024-01-14 15:58:27 - [TEST_STEP][PASSED] - delay(1): Delayed 1 second(s)

2024-01-14 15:58:28 - [MESSAGE][PASSED] - Delayed 1 second(s)

2024-01-14 15:58:28 - [TEST_STEP][PASSED] - switch (Paymenttype): null

2024-01-14 15:58:28 - [TEST_STEP][PASSED] - case "Existing Liability w/Notice Number":: null

2024-01-14 15:58:28 - [TEST_STEP][PASSED] - selectOptionByLabel(findTestObject(orPath_TaxTypeFilingYear + "/select_TaxType_ExistingLiability"), Taxtype, false): All options with label 'Corporate Income Tax' are selected in object 'Object Repository/RAD_Pages/TaxTypeFilingYear_Page/select_TaxType_ExistingLiability' 

2024-01-14 15:58:29 - [MESSAGE][PASSED] - All options with label 'Corporate Income Tax' are selected in object 'Object Repository/RAD_Pages/TaxTypeFilingYear_Page/select_TaxType_ExistingLiability' 

2024-01-14 15:58:29 - [TEST_STEP][PASSED] - break: null

2024-01-14 15:58:29 - [TEST_STEP][PASSED] - delay(1): Delayed 1 second(s)

2024-01-14 15:58:30 - [MESSAGE][PASSED] - Delayed 1 second(s)

2024-01-14 15:58:30 - [TEST_STEP][PASSED] - scrollToElement(findTestObject(orPath_Amount + "/input__paymentAmount"), 2, CONTINUE_ON_FAILURE): Scroll to object 'Object Repository/RAD_Pages/PaymentAmount_Page/input__paymentAmount' successfully

2024-01-14 15:58:30 - [MESSAGE][PASSED] - Scroll to object 'Object Repository/RAD_Pages/PaymentAmount_Page/input__paymentAmount' successfully

2024-01-14 15:58:30 - [TEST_STEP][PASSED] - switch (Paymenttype): null

2024-01-14 15:58:30 - [TEST_STEP][PASSED] - case "Existing Liability w/Notice Number":: null

2024-01-14 15:58:30 - [TEST_STEP][PASSED] - setEncryptedText(findTestObject("Object Repository/RAD_RecordAndPlay/input_Existing_FEIN"), "RigbBhfdqODKcAsiUrg+1Q=="): Text ****** has been set on object 'Object Repository/RAD_RecordAndPlay/input_Existing_FEIN'

2024-01-14 15:58:31 - [MESSAGE][PASSED] - Text ****** has been set on object 'Object Repository/RAD_RecordAndPlay/input_Existing_FEIN'

2024-01-14 15:58:31 - [TEST_STEP][PASSED] - setEncryptedText(findTestObject("Object Repository/RAD_RecordAndPlay/input_Existing_RetypeFEIN"), "RigbBhfdqOBBGbZqm4oFJQ=="): Text ****** has been set on object 'Object Repository/RAD_RecordAndPlay/input_Existing_RetypeFEIN'

2024-01-14 15:58:31 - [MESSAGE][PASSED] - Text ****** has been set on object 'Object Repository/RAD_RecordAndPlay/input_Existing_RetypeFEIN'

2024-01-14 15:58:31 - [TEST_STEP][PASSED] - break: null

2024-01-14 15:58:31 - [TEST_STEP][PASSED] - setText(findTestObject(orPath_Amount + "/input__paymentAmount"), ""): Text '' is set on object 'Object Repository/RAD_Pages/PaymentAmount_Page/input__paymentAmount'

2024-01-14 15:58:32 - [MESSAGE][PASSED] - Text '' is set on object 'Object Repository/RAD_Pages/PaymentAmount_Page/input__paymentAmount'

2024-01-14 15:58:32 - [TEST_STEP][PASSED] - verifyTextPresent("The FEIN and Re-type FEIN do not match", true): Text 'The FEIN and Re-type FEIN do not match' is present on page  using regular expression

2024-01-14 15:58:32 - [MESSAGE][PASSED] - Text 'The FEIN and Re-type FEIN do not match' is present on page  using regular expression

2024-01-14 15:58:32 - [TEST_STEP][PASSED] - if (verifyTextPresent("The FEIN and Re-type FEIN do not match", true)): null

2024-01-14 15:58:33 - [MESSAGE][PASSED] - Text 'The FEIN and Re-type FEIN do not match' is present on page  using regular expression

2024-01-14 15:58:33 - [TEST_STEP][PASSED] - println("Error Message is present on the page"): null

2024-01-14 15:58:33 - [TEST_STEP][PASSED] - out.println("Pass Record Number: " + row): null

2024-01-14 15:58:33 - [TEST_STEP][PASSED] - resText = "Pass": null

2024-01-14 15:58:33 - [TEST_STEP][PASSED] - pages.WriteExcel.demoKey(resText, datText, resColumn, datCloumn, fileLoc, nameSheet, row): pages.WriteExcel.demoKey is PASSED

2024-01-14 15:58:33 - [MESSAGE][PASSED] - pages.WriteExcel.demoKey is PASSED

2024-01-14 15:58:33 - [TEST_STEP][PASSED] - ExecuteTC = findTestData(dataFile).getValue("Execute", row): null

2024-01-14 15:58:33 - [TEST_STEP][PASSED] - Taxtype = findTestData(dataFile).getValue("TaxType", row): null

2024-01-14 15:58:33 - [TEST_STEP][PASSED] - Paymenttype = findTestData(dataFile).getValue("PaymentType", row): null

2024-01-14 15:58:33 - [TEST_STEP][PASSED] - out.println("Value of Execute is : " + ExecuteTC): null

2024-01-14 15:58:33 - [TEST_STEP][PASSED] - if (ExecuteTC.equalsIgnoreCase("Y")): null

2024-01-14 15:58:33 - [TEST_STEP][PASSED] - out.println("Begin Record Number: " + row): null

2024-01-14 15:58:33 - [TEST_STEP][PASSED] - today = new java.util.Date(): null

2024-01-14 15:58:33 - [TEST_STEP][PASSED] - println(today): null

2024-01-14 15:58:33 - [TEST_STEP][PASSED] - datText = today: null

2024-01-14 15:58:33 - [TEST_STEP][PASSED] - Taxtype = findTestData(dataFile).getValue("TaxType", row): null

2024-01-14 15:58:33 - [TEST_STEP][PASSED] - out.println("Taxtype value is : " + Taxtype): null

2024-01-14 15:58:33 - [TEST_STEP][PASSED] - openBrowser(""): Browser is opened with url: ''

2024-01-14 15:58:33 - [MESSAGE][WARNING] - A browser is already opened. Closing browser and opening a new one

2024-01-14 15:58:34 - [MESSAGE][INFO] - Starting 'Chrome' driver

2024-01-14 15:58:34 - [MESSAGE][INFO] - User set preference: ['acceptInsecureCerts', 'true']

2024-01-14 15:58:34 - [MESSAGE][INFO] - Action delay is set to 0 milliseconds

2024-01-14 15:58:36 - [MESSAGE][PASSED] - Browser is opened with url: ''

2024-01-14 15:58:36 - [TEST_STEP][PASSED] - maximizeWindow(): Current window maximized

2024-01-14 15:58:36 - [MESSAGE][PASSED] - Current window maximized

2024-01-14 15:58:36 - [TEST_STEP][PASSED] - navigateToUrl(RADurl): Navigate to 'https://qa2.velocitypayment.com/client/rad/index.html' successfully

2024-01-14 15:58:37 - [MESSAGE][PASSED] - Navigate to 'https://qa2.velocitypayment.com/client/rad/index.html' successfully

2024-01-14 15:58:37 - [TEST_STEP][PASSED] - orPath_Landing = "Object Repository/RAD_Pages/Landing_Page": null

2024-01-14 15:58:37 - [TEST_STEP][PASSED] - orPath_TaxTypeFilingYear = "Object Repository/RAD_Pages/TaxTypeFilingYear_Page": null

2024-01-14 15:58:37 - [TEST_STEP][PASSED] - orPath_TaxPayer = "Object Repository/RAD_Pages/Taxpayer_Page": null

2024-01-14 15:58:37 - [TEST_STEP][PASSED] - orPath_AddressContact = "Object Repository/RAD_Pages/AddressAndContactInfo_Page": null

2024-01-14 15:58:37 - [TEST_STEP][PASSED] - orPath_FilingStatus = "Object Repository/RAD_Pages/FilingStatus_Page": null

2024-01-14 15:58:37 - [TEST_STEP][PASSED] - orPath_Amount = "Object Repository/RAD_Pages/PaymentAmount_Page": null

2024-01-14 15:58:37 - [TEST_STEP][PASSED] - orPath_TaxInfo = "Object Repository/RAD_Pages/TaxInfo_Page": null

2024-01-14 15:58:37 - [TEST_STEP][PASSED] - orPath_Withholding = "Object Repository/RAD_Pages/Withholding_Page": null

2024-01-14 15:58:37 - [TEST_STEP][PASSED] - orPath_Summary = "Object Repository/RAD_Pages/Summary_Page": null

2024-01-14 15:58:37 - [TEST_STEP][PASSED] - orPath_PaymentReady = "Object Repository/RAD_Pages/PaymentReady_Page": null

2024-01-14 15:58:37 - [TEST_STEP][PASSED] - orPath_PaymentEntry = "Object Repository/RAD_Pages/PaymentEntry_Page": null

2024-01-14 15:58:37 - [TEST_STEP][PASSED] - orPath_PaymentConfirmation = "Object Repository/RAD_Pages/PaymentConfirmation_Page": null

2024-01-14 15:58:37 - [TEST_STEP][PASSED] - orPath_ServiceFeesAccept = "Object Repository/RAD_Pages/ServiceFeeAccept_Page": null

2024-01-14 15:58:37 - [TEST_STEP][PASSED] - selectOptionByLabel(findTestObject(orPath_Landing + "/dd_TaxType"), Paymenttype, false): All options with label 'Existing Liability w/Notice Number' are selected in object 'Object Repository/RAD_Pages/Landing_Page/dd_TaxType' 

2024-01-14 15:58:38 - [MESSAGE][PASSED] - All options with label 'Existing Liability w/Notice Number' are selected in object 'Object Repository/RAD_Pages/Landing_Page/dd_TaxType' 

2024-01-14 15:58:38 - [TEST_STEP][PASSED] - delay(1): Delayed 1 second(s)

2024-01-14 15:58:39 - [MESSAGE][PASSED] - Delayed 1 second(s)

2024-01-14 15:58:39 - [TEST_STEP][PASSED] - switch (Paymenttype): null

2024-01-14 15:58:39 - [TEST_STEP][PASSED] - case "Existing Liability w/Notice Number":: null

2024-01-14 15:58:39 - [TEST_STEP][PASSED] - selectOptionByLabel(findTestObject(orPath_TaxTypeFilingYear + "/select_TaxType_ExistingLiability"), Taxtype, false): All options with label 'Fiduciary Tax' are selected in object 'Object Repository/RAD_Pages/TaxTypeFilingYear_Page/select_TaxType_ExistingLiability' 

2024-01-14 15:58:40 - [MESSAGE][PASSED] - All options with label 'Fiduciary Tax' are selected in object 'Object Repository/RAD_Pages/TaxTypeFilingYear_Page/select_TaxType_ExistingLiability' 

2024-01-14 15:58:40 - [TEST_STEP][PASSED] - break: null

2024-01-14 15:58:40 - [TEST_STEP][PASSED] - delay(1): Delayed 1 second(s)

2024-01-14 15:58:41 - [MESSAGE][PASSED] - Delayed 1 second(s)

2024-01-14 15:58:41 - [TEST_STEP][PASSED] - scrollToElement(findTestObject(orPath_Amount + "/input__paymentAmount"), 2, CONTINUE_ON_FAILURE): Scroll to object 'Object Repository/RAD_Pages/PaymentAmount_Page/input__paymentAmount' successfully

2024-01-14 15:58:41 - [MESSAGE][PASSED] - Scroll to object 'Object Repository/RAD_Pages/PaymentAmount_Page/input__paymentAmount' successfully

2024-01-14 15:58:41 - [TEST_STEP][PASSED] - switch (Paymenttype): null

2024-01-14 15:58:41 - [TEST_STEP][PASSED] - case "Existing Liability w/Notice Number":: null

2024-01-14 15:58:41 - [TEST_STEP][PASSED] - setEncryptedText(findTestObject("Object Repository/RAD_RecordAndPlay/input_Existing_FEIN"), "RigbBhfdqODKcAsiUrg+1Q=="): Text ****** has been set on object 'Object Repository/RAD_RecordAndPlay/input_Existing_FEIN'

2024-01-14 15:58:42 - [MESSAGE][PASSED] - Text ****** has been set on object 'Object Repository/RAD_RecordAndPlay/input_Existing_FEIN'

2024-01-14 15:58:42 - [TEST_STEP][PASSED] - setEncryptedText(findTestObject("Object Repository/RAD_RecordAndPlay/input_Existing_RetypeFEIN"), "RigbBhfdqOBBGbZqm4oFJQ=="): Text ****** has been set on object 'Object Repository/RAD_RecordAndPlay/input_Existing_RetypeFEIN'

2024-01-14 15:58:42 - [MESSAGE][PASSED] - Text ****** has been set on object 'Object Repository/RAD_RecordAndPlay/input_Existing_RetypeFEIN'

2024-01-14 15:58:42 - [TEST_STEP][PASSED] - break: null

2024-01-14 15:58:42 - [TEST_STEP][PASSED] - setText(findTestObject(orPath_Amount + "/input__paymentAmount"), ""): Text '' is set on object 'Object Repository/RAD_Pages/PaymentAmount_Page/input__paymentAmount'

2024-01-14 15:58:43 - [MESSAGE][PASSED] - Text '' is set on object 'Object Repository/RAD_Pages/PaymentAmount_Page/input__paymentAmount'

2024-01-14 15:58:43 - [TEST_STEP][PASSED] - verifyTextPresent("The FEIN and Re-type FEIN do not match", true): Text 'The FEIN and Re-type FEIN do not match' is present on page  using regular expression

2024-01-14 15:58:44 - [MESSAGE][PASSED] - Text 'The FEIN and Re-type FEIN do not match' is present on page  using regular expression

2024-01-14 15:58:44 - [TEST_STEP][PASSED] - if (verifyTextPresent("The FEIN and Re-type FEIN do not match", true)): null

2024-01-14 15:58:44 - [MESSAGE][PASSED] - Text 'The FEIN and Re-type FEIN do not match' is present on page  using regular expression

2024-01-14 15:58:44 - [TEST_STEP][PASSED] - println("Error Message is present on the page"): null

2024-01-14 15:58:44 - [TEST_STEP][PASSED] - out.println("Pass Record Number: " + row): null

2024-01-14 15:58:44 - [TEST_STEP][PASSED] - resText = "Pass": null

2024-01-14 15:58:44 - [TEST_STEP][PASSED] - pages.WriteExcel.demoKey(resText, datText, resColumn, datCloumn, fileLoc, nameSheet, row): pages.WriteExcel.demoKey is PASSED

2024-01-14 15:58:44 - [MESSAGE][PASSED] - pages.WriteExcel.demoKey is PASSED

2024-01-14 15:58:44 - [TEST_STEP][PASSED] - ExecuteTC = findTestData(dataFile).getValue("Execute", row): null

2024-01-14 15:58:44 - [TEST_STEP][PASSED] - Taxtype = findTestData(dataFile).getValue("TaxType", row): null

2024-01-14 15:58:44 - [TEST_STEP][PASSED] - Paymenttype = findTestData(dataFile).getValue("PaymentType", row): null

2024-01-14 15:58:44 - [TEST_STEP][PASSED] - out.println("Value of Execute is : " + ExecuteTC): null

2024-01-14 15:58:44 - [TEST_STEP][PASSED] - if (ExecuteTC.equalsIgnoreCase("Y")): null

2024-01-14 15:58:44 - [TEST_STEP][PASSED] - out.println("Begin Record Number: " + row): null

2024-01-14 15:58:44 - [TEST_STEP][PASSED] - today = new java.util.Date(): null

2024-01-14 15:58:44 - [TEST_STEP][PASSED] - println(today): null

2024-01-14 15:58:44 - [TEST_STEP][PASSED] - datText = today: null

2024-01-14 15:58:44 - [TEST_STEP][PASSED] - Taxtype = findTestData(dataFile).getValue("TaxType", row): null

2024-01-14 15:58:44 - [TEST_STEP][PASSED] - out.println("Taxtype value is : " + Taxtype): null

2024-01-14 15:58:44 - [TEST_STEP][PASSED] - openBrowser(""): Browser is opened with url: ''

2024-01-14 15:58:44 - [MESSAGE][WARNING] - A browser is already opened. Closing browser and opening a new one

2024-01-14 15:58:45 - [MESSAGE][INFO] - Starting 'Chrome' driver

2024-01-14 15:58:45 - [MESSAGE][INFO] - User set preference: ['acceptInsecureCerts', 'true']

2024-01-14 15:58:45 - [MESSAGE][INFO] - Action delay is set to 0 milliseconds

2024-01-14 15:58:47 - [MESSAGE][PASSED] - Browser is opened with url: ''

2024-01-14 15:58:47 - [TEST_STEP][PASSED] - maximizeWindow(): Current window maximized

2024-01-14 15:58:47 - [MESSAGE][PASSED] - Current window maximized

2024-01-14 15:58:47 - [TEST_STEP][PASSED] - navigateToUrl(RADurl): Navigate to 'https://qa2.velocitypayment.com/client/rad/index.html' successfully

2024-01-14 15:58:47 - [MESSAGE][PASSED] - Navigate to 'https://qa2.velocitypayment.com/client/rad/index.html' successfully

2024-01-14 15:58:47 - [TEST_STEP][PASSED] - orPath_Landing = "Object Repository/RAD_Pages/Landing_Page": null

2024-01-14 15:58:47 - [TEST_STEP][PASSED] - orPath_TaxTypeFilingYear = "Object Repository/RAD_Pages/TaxTypeFilingYear_Page": null

2024-01-14 15:58:47 - [TEST_STEP][PASSED] - orPath_TaxPayer = "Object Repository/RAD_Pages/Taxpayer_Page": null

2024-01-14 15:58:47 - [TEST_STEP][PASSED] - orPath_AddressContact = "Object Repository/RAD_Pages/AddressAndContactInfo_Page": null

2024-01-14 15:58:47 - [TEST_STEP][PASSED] - orPath_FilingStatus = "Object Repository/RAD_Pages/FilingStatus_Page": null

2024-01-14 15:58:47 - [TEST_STEP][PASSED] - orPath_Amount = "Object Repository/RAD_Pages/PaymentAmount_Page": null

2024-01-14 15:58:47 - [TEST_STEP][PASSED] - orPath_TaxInfo = "Object Repository/RAD_Pages/TaxInfo_Page": null

2024-01-14 15:58:47 - [TEST_STEP][PASSED] - orPath_Withholding = "Object Repository/RAD_Pages/Withholding_Page": null

2024-01-14 15:58:47 - [TEST_STEP][PASSED] - orPath_Summary = "Object Repository/RAD_Pages/Summary_Page": null

2024-01-14 15:58:47 - [TEST_STEP][PASSED] - orPath_PaymentReady = "Object Repository/RAD_Pages/PaymentReady_Page": null

2024-01-14 15:58:47 - [TEST_STEP][PASSED] - orPath_PaymentEntry = "Object Repository/RAD_Pages/PaymentEntry_Page": null

2024-01-14 15:58:47 - [TEST_STEP][PASSED] - orPath_PaymentConfirmation = "Object Repository/RAD_Pages/PaymentConfirmation_Page": null

2024-01-14 15:58:47 - [TEST_STEP][PASSED] - orPath_ServiceFeesAccept = "Object Repository/RAD_Pages/ServiceFeeAccept_Page": null

2024-01-14 15:58:47 - [TEST_STEP][PASSED] - selectOptionByLabel(findTestObject(orPath_Landing + "/dd_TaxType"), Paymenttype, false): All options with label 'Existing Liability w/Notice Number' are selected in object 'Object Repository/RAD_Pages/Landing_Page/dd_TaxType' 

2024-01-14 15:58:49 - [MESSAGE][PASSED] - All options with label 'Existing Liability w/Notice Number' are selected in object 'Object Repository/RAD_Pages/Landing_Page/dd_TaxType' 

2024-01-14 15:58:49 - [TEST_STEP][PASSED] - delay(1): Delayed 1 second(s)

2024-01-14 15:58:50 - [MESSAGE][PASSED] - Delayed 1 second(s)

2024-01-14 15:58:50 - [TEST_STEP][PASSED] - switch (Paymenttype): null

2024-01-14 15:58:50 - [TEST_STEP][PASSED] - case "Existing Liability w/Notice Number":: null

2024-01-14 15:58:50 - [TEST_STEP][PASSED] - selectOptionByLabel(findTestObject(orPath_TaxTypeFilingYear + "/select_TaxType_ExistingLiability"), Taxtype, false): All options with label 'Sales & Use Tax' are selected in object 'Object Repository/RAD_Pages/TaxTypeFilingYear_Page/select_TaxType_ExistingLiability' 

2024-01-14 15:58:51 - [MESSAGE][PASSED] - All options with label 'Sales & Use Tax' are selected in object 'Object Repository/RAD_Pages/TaxTypeFilingYear_Page/select_TaxType_ExistingLiability' 

2024-01-14 15:58:51 - [TEST_STEP][PASSED] - break: null

2024-01-14 15:58:51 - [TEST_STEP][PASSED] - delay(1): Delayed 1 second(s)

2024-01-14 15:58:52 - [MESSAGE][PASSED] - Delayed 1 second(s)

2024-01-14 15:58:52 - [TEST_STEP][PASSED] - scrollToElement(findTestObject(orPath_Amount + "/input__paymentAmount"), 2, CONTINUE_ON_FAILURE): Scroll to object 'Object Repository/RAD_Pages/PaymentAmount_Page/input__paymentAmount' successfully

2024-01-14 15:58:52 - [MESSAGE][PASSED] - Scroll to object 'Object Repository/RAD_Pages/PaymentAmount_Page/input__paymentAmount' successfully

2024-01-14 15:58:52 - [TEST_STEP][PASSED] - switch (Paymenttype): null

2024-01-14 15:58:52 - [TEST_STEP][PASSED] - case "Existing Liability w/Notice Number":: null

2024-01-14 15:58:52 - [TEST_STEP][PASSED] - setEncryptedText(findTestObject("Object Repository/RAD_RecordAndPlay/input_Existing_FEIN"), "RigbBhfdqODKcAsiUrg+1Q=="): Text ****** has been set on object 'Object Repository/RAD_RecordAndPlay/input_Existing_FEIN'

2024-01-14 15:58:53 - [MESSAGE][PASSED] - Text ****** has been set on object 'Object Repository/RAD_RecordAndPlay/input_Existing_FEIN'

2024-01-14 15:58:53 - [TEST_STEP][PASSED] - setEncryptedText(findTestObject("Object Repository/RAD_RecordAndPlay/input_Existing_RetypeFEIN"), "RigbBhfdqOBBGbZqm4oFJQ=="): Text ****** has been set on object 'Object Repository/RAD_RecordAndPlay/input_Existing_RetypeFEIN'

2024-01-14 15:58:54 - [MESSAGE][PASSED] - Text ****** has been set on object 'Object Repository/RAD_RecordAndPlay/input_Existing_RetypeFEIN'

2024-01-14 15:58:54 - [TEST_STEP][PASSED] - break: null

2024-01-14 15:58:54 - [TEST_STEP][PASSED] - setText(findTestObject(orPath_Amount + "/input__paymentAmount"), ""): Text '' is set on object 'Object Repository/RAD_Pages/PaymentAmount_Page/input__paymentAmount'

2024-01-14 15:58:55 - [MESSAGE][PASSED] - Text '' is set on object 'Object Repository/RAD_Pages/PaymentAmount_Page/input__paymentAmount'

2024-01-14 15:58:55 - [TEST_STEP][PASSED] - verifyTextPresent("The FEIN and Re-type FEIN do not match", true): Text 'The FEIN and Re-type FEIN do not match' is present on page  using regular expression

2024-01-14 15:58:55 - [MESSAGE][PASSED] - Text 'The FEIN and Re-type FEIN do not match' is present on page  using regular expression

2024-01-14 15:58:55 - [TEST_STEP][PASSED] - if (verifyTextPresent("The FEIN and Re-type FEIN do not match", true)): null

2024-01-14 15:58:56 - [MESSAGE][PASSED] - Text 'The FEIN and Re-type FEIN do not match' is present on page  using regular expression

2024-01-14 15:58:56 - [TEST_STEP][PASSED] - println("Error Message is present on the page"): null

2024-01-14 15:58:56 - [TEST_STEP][PASSED] - out.println("Pass Record Number: " + row): null

2024-01-14 15:58:56 - [TEST_STEP][PASSED] - resText = "Pass": null

2024-01-14 15:58:56 - [TEST_STEP][PASSED] - pages.WriteExcel.demoKey(resText, datText, resColumn, datCloumn, fileLoc, nameSheet, row): pages.WriteExcel.demoKey is PASSED

2024-01-14 15:58:56 - [MESSAGE][PASSED] - pages.WriteExcel.demoKey is PASSED

2024-01-14 15:58:56 - [TEST_STEP][PASSED] - ExecuteTC = findTestData(dataFile).getValue("Execute", row): null

2024-01-14 15:58:56 - [TEST_STEP][PASSED] - Taxtype = findTestData(dataFile).getValue("TaxType", row): null

2024-01-14 15:58:56 - [TEST_STEP][PASSED] - Paymenttype = findTestData(dataFile).getValue("PaymentType", row): null

2024-01-14 15:58:56 - [TEST_STEP][PASSED] - out.println("Value of Execute is : " + ExecuteTC): null

2024-01-14 15:58:56 - [TEST_STEP][PASSED] - if (ExecuteTC.equalsIgnoreCase("Y")): null

2024-01-14 15:58:56 - [TEST_STEP][PASSED] - out.println("Begin Record Number: " + row): null

2024-01-14 15:58:56 - [TEST_STEP][PASSED] - today = new java.util.Date(): null

2024-01-14 15:58:56 - [TEST_STEP][PASSED] - println(today): null

2024-01-14 15:58:56 - [TEST_STEP][PASSED] - datText = today: null

2024-01-14 15:58:56 - [TEST_STEP][PASSED] - Taxtype = findTestData(dataFile).getValue("TaxType", row): null

2024-01-14 15:58:56 - [TEST_STEP][PASSED] - out.println("Taxtype value is : " + Taxtype): null

2024-01-14 15:58:56 - [TEST_STEP][PASSED] - openBrowser(""): Browser is opened with url: ''

2024-01-14 15:58:56 - [MESSAGE][WARNING] - A browser is already opened. Closing browser and opening a new one

2024-01-14 15:58:57 - [MESSAGE][INFO] - Starting 'Chrome' driver

2024-01-14 15:58:57 - [MESSAGE][INFO] - User set preference: ['acceptInsecureCerts', 'true']

2024-01-14 15:58:57 - [MESSAGE][INFO] - Action delay is set to 0 milliseconds

2024-01-14 15:58:58 - [MESSAGE][PASSED] - Browser is opened with url: ''

2024-01-14 15:58:58 - [TEST_STEP][PASSED] - maximizeWindow(): Current window maximized

2024-01-14 15:58:59 - [MESSAGE][PASSED] - Current window maximized

2024-01-14 15:58:59 - [TEST_STEP][PASSED] - navigateToUrl(RADurl): Navigate to 'https://qa2.velocitypayment.com/client/rad/index.html' successfully

2024-01-14 15:59:00 - [MESSAGE][PASSED] - Navigate to 'https://qa2.velocitypayment.com/client/rad/index.html' successfully

2024-01-14 15:59:00 - [TEST_STEP][PASSED] - orPath_Landing = "Object Repository/RAD_Pages/Landing_Page": null

2024-01-14 15:59:00 - [TEST_STEP][PASSED] - orPath_TaxTypeFilingYear = "Object Repository/RAD_Pages/TaxTypeFilingYear_Page": null

2024-01-14 15:59:00 - [TEST_STEP][PASSED] - orPath_TaxPayer = "Object Repository/RAD_Pages/Taxpayer_Page": null

2024-01-14 15:59:00 - [TEST_STEP][PASSED] - orPath_AddressContact = "Object Repository/RAD_Pages/AddressAndContactInfo_Page": null

2024-01-14 15:59:00 - [TEST_STEP][PASSED] - orPath_FilingStatus = "Object Repository/RAD_Pages/FilingStatus_Page": null

2024-01-14 15:59:00 - [TEST_STEP][PASSED] - orPath_Amount = "Object Repository/RAD_Pages/PaymentAmount_Page": null

2024-01-14 15:59:00 - [TEST_STEP][PASSED] - orPath_TaxInfo = "Object Repository/RAD_Pages/TaxInfo_Page": null

2024-01-14 15:59:00 - [TEST_STEP][PASSED] - orPath_Withholding = "Object Repository/RAD_Pages/Withholding_Page": null

2024-01-14 15:59:00 - [TEST_STEP][PASSED] - orPath_Summary = "Object Repository/RAD_Pages/Summary_Page": null

2024-01-14 15:59:00 - [TEST_STEP][PASSED] - orPath_PaymentReady = "Object Repository/RAD_Pages/PaymentReady_Page": null

2024-01-14 15:59:00 - [TEST_STEP][PASSED] - orPath_PaymentEntry = "Object Repository/RAD_Pages/PaymentEntry_Page": null

2024-01-14 15:59:00 - [TEST_STEP][PASSED] - orPath_PaymentConfirmation = "Object Repository/RAD_Pages/PaymentConfirmation_Page": null

2024-01-14 15:59:00 - [TEST_STEP][PASSED] - orPath_ServiceFeesAccept = "Object Repository/RAD_Pages/ServiceFeeAccept_Page": null

2024-01-14 15:59:00 - [TEST_STEP][PASSED] - selectOptionByLabel(findTestObject(orPath_Landing + "/dd_TaxType"), Paymenttype, false): All options with label 'Existing Liability w/Notice Number' are selected in object 'Object Repository/RAD_Pages/Landing_Page/dd_TaxType' 

2024-01-14 15:59:01 - [MESSAGE][PASSED] - All options with label 'Existing Liability w/Notice Number' are selected in object 'Object Repository/RAD_Pages/Landing_Page/dd_TaxType' 

2024-01-14 15:59:01 - [TEST_STEP][PASSED] - delay(1): Delayed 1 second(s)

2024-01-14 15:59:02 - [MESSAGE][PASSED] - Delayed 1 second(s)

2024-01-14 15:59:02 - [TEST_STEP][PASSED] - switch (Paymenttype): null

2024-01-14 15:59:02 - [TEST_STEP][PASSED] - case "Existing Liability w/Notice Number":: null

2024-01-14 15:59:02 - [TEST_STEP][PASSED] - selectOptionByLabel(findTestObject(orPath_TaxTypeFilingYear + "/select_TaxType_ExistingLiability"), Taxtype, false): All options with label 'Tire Recycling Fee' are selected in object 'Object Repository/RAD_Pages/TaxTypeFilingYear_Page/select_TaxType_ExistingLiability' 

2024-01-14 15:59:02 - [MESSAGE][PASSED] - All options with label 'Tire Recycling Fee' are selected in object 'Object Repository/RAD_Pages/TaxTypeFilingYear_Page/select_TaxType_ExistingLiability' 

2024-01-14 15:59:02 - [TEST_STEP][PASSED] - break: null

2024-01-14 15:59:02 - [TEST_STEP][PASSED] - delay(1): Delayed 1 second(s)

2024-01-14 15:59:03 - [MESSAGE][PASSED] - Delayed 1 second(s)

2024-01-14 15:59:03 - [TEST_STEP][PASSED] - scrollToElement(findTestObject(orPath_Amount + "/input__paymentAmount"), 2, CONTINUE_ON_FAILURE): Scroll to object 'Object Repository/RAD_Pages/PaymentAmount_Page/input__paymentAmount' successfully

2024-01-14 15:59:04 - [MESSAGE][PASSED] - Scroll to object 'Object Repository/RAD_Pages/PaymentAmount_Page/input__paymentAmount' successfully

2024-01-14 15:59:04 - [TEST_STEP][PASSED] - switch (Paymenttype): null

2024-01-14 15:59:04 - [TEST_STEP][PASSED] - case "Existing Liability w/Notice Number":: null

2024-01-14 15:59:04 - [TEST_STEP][PASSED] - setEncryptedText(findTestObject("Object Repository/RAD_RecordAndPlay/input_Existing_FEIN"), "RigbBhfdqODKcAsiUrg+1Q=="): Text ****** has been set on object 'Object Repository/RAD_RecordAndPlay/input_Existing_FEIN'

2024-01-14 15:59:04 - [MESSAGE][PASSED] - Text ****** has been set on object 'Object Repository/RAD_RecordAndPlay/input_Existing_FEIN'

2024-01-14 15:59:04 - [TEST_STEP][PASSED] - setEncryptedText(findTestObject("Object Repository/RAD_RecordAndPlay/input_Existing_RetypeFEIN"), "RigbBhfdqOBBGbZqm4oFJQ=="): Text ****** has been set on object 'Object Repository/RAD_RecordAndPlay/input_Existing_RetypeFEIN'

2024-01-14 15:59:05 - [MESSAGE][PASSED] - Text ****** has been set on object 'Object Repository/RAD_RecordAndPlay/input_Existing_RetypeFEIN'

2024-01-14 15:59:05 - [TEST_STEP][PASSED] - break: null

2024-01-14 15:59:05 - [TEST_STEP][PASSED] - setText(findTestObject(orPath_Amount + "/input__paymentAmount"), ""): Text '' is set on object 'Object Repository/RAD_Pages/PaymentAmount_Page/input__paymentAmount'

2024-01-14 15:59:06 - [MESSAGE][PASSED] - Text '' is set on object 'Object Repository/RAD_Pages/PaymentAmount_Page/input__paymentAmount'

2024-01-14 15:59:06 - [TEST_STEP][PASSED] - verifyTextPresent("The FEIN and Re-type FEIN do not match", true): Text 'The FEIN and Re-type FEIN do not match' is present on page  using regular expression

2024-01-14 15:59:07 - [MESSAGE][PASSED] - Text 'The FEIN and Re-type FEIN do not match' is present on page  using regular expression

2024-01-14 15:59:07 - [TEST_STEP][PASSED] - if (verifyTextPresent("The FEIN and Re-type FEIN do not match", true)): null

2024-01-14 15:59:07 - [MESSAGE][PASSED] - Text 'The FEIN and Re-type FEIN do not match' is present on page  using regular expression

2024-01-14 15:59:07 - [TEST_STEP][PASSED] - println("Error Message is present on the page"): null

2024-01-14 15:59:07 - [TEST_STEP][PASSED] - out.println("Pass Record Number: " + row): null

2024-01-14 15:59:07 - [TEST_STEP][PASSED] - resText = "Pass": null

2024-01-14 15:59:07 - [TEST_STEP][PASSED] - pages.WriteExcel.demoKey(resText, datText, resColumn, datCloumn, fileLoc, nameSheet, row): pages.WriteExcel.demoKey is PASSED

2024-01-14 15:59:07 - [MESSAGE][PASSED] - pages.WriteExcel.demoKey is PASSED

2024-01-14 15:59:07 - [TEST_STEP][PASSED] - ExecuteTC = findTestData(dataFile).getValue("Execute", row): null

2024-01-14 15:59:07 - [TEST_STEP][PASSED] - Taxtype = findTestData(dataFile).getValue("TaxType", row): null

2024-01-14 15:59:07 - [TEST_STEP][PASSED] - Paymenttype = findTestData(dataFile).getValue("PaymentType", row): null

2024-01-14 15:59:07 - [TEST_STEP][PASSED] - out.println("Value of Execute is : " + ExecuteTC): null

2024-01-14 15:59:07 - [TEST_STEP][PASSED] - if (ExecuteTC.equalsIgnoreCase("Y")): null

2024-01-14 15:59:07 - [TEST_STEP][PASSED] - out.println("Begin Record Number: " + row): null

2024-01-14 15:59:07 - [TEST_STEP][PASSED] - today = new java.util.Date(): null

2024-01-14 15:59:07 - [TEST_STEP][PASSED] - println(today): null

2024-01-14 15:59:07 - [TEST_STEP][PASSED] - datText = today: null

2024-01-14 15:59:07 - [TEST_STEP][PASSED] - Taxtype = findTestData(dataFile).getValue("TaxType", row): null

2024-01-14 15:59:07 - [TEST_STEP][PASSED] - out.println("Taxtype value is : " + Taxtype): null

2024-01-14 15:59:07 - [TEST_STEP][PASSED] - openBrowser(""): Browser is opened with url: ''

2024-01-14 15:59:07 - [MESSAGE][WARNING] - A browser is already opened. Closing browser and opening a new one

2024-01-14 15:59:08 - [MESSAGE][INFO] - Starting 'Chrome' driver

2024-01-14 15:59:08 - [MESSAGE][INFO] - User set preference: ['acceptInsecureCerts', 'true']

2024-01-14 15:59:08 - [MESSAGE][INFO] - Action delay is set to 0 milliseconds

2024-01-14 15:59:10 - [MESSAGE][PASSED] - Browser is opened with url: ''

2024-01-14 15:59:10 - [TEST_STEP][PASSED] - maximizeWindow(): Current window maximized

2024-01-14 15:59:10 - [MESSAGE][PASSED] - Current window maximized

2024-01-14 15:59:10 - [TEST_STEP][PASSED] - navigateToUrl(RADurl): Navigate to 'https://qa2.velocitypayment.com/client/rad/index.html' successfully

2024-01-14 15:59:11 - [MESSAGE][PASSED] - Navigate to 'https://qa2.velocitypayment.com/client/rad/index.html' successfully

2024-01-14 15:59:11 - [TEST_STEP][PASSED] - orPath_Landing = "Object Repository/RAD_Pages/Landing_Page": null

2024-01-14 15:59:11 - [TEST_STEP][PASSED] - orPath_TaxTypeFilingYear = "Object Repository/RAD_Pages/TaxTypeFilingYear_Page": null

2024-01-14 15:59:11 - [TEST_STEP][PASSED] - orPath_TaxPayer = "Object Repository/RAD_Pages/Taxpayer_Page": null

2024-01-14 15:59:11 - [TEST_STEP][PASSED] - orPath_AddressContact = "Object Repository/RAD_Pages/AddressAndContactInfo_Page": null

2024-01-14 15:59:11 - [TEST_STEP][PASSED] - orPath_FilingStatus = "Object Repository/RAD_Pages/FilingStatus_Page": null

2024-01-14 15:59:11 - [TEST_STEP][PASSED] - orPath_Amount = "Object Repository/RAD_Pages/PaymentAmount_Page": null

2024-01-14 15:59:11 - [TEST_STEP][PASSED] - orPath_TaxInfo = "Object Repository/RAD_Pages/TaxInfo_Page": null

2024-01-14 15:59:11 - [TEST_STEP][PASSED] - orPath_Withholding = "Object Repository/RAD_Pages/Withholding_Page": null

2024-01-14 15:59:11 - [TEST_STEP][PASSED] - orPath_Summary = "Object Repository/RAD_Pages/Summary_Page": null

2024-01-14 15:59:11 - [TEST_STEP][PASSED] - orPath_PaymentReady = "Object Repository/RAD_Pages/PaymentReady_Page": null

2024-01-14 15:59:11 - [TEST_STEP][PASSED] - orPath_PaymentEntry = "Object Repository/RAD_Pages/PaymentEntry_Page": null

2024-01-14 15:59:11 - [TEST_STEP][PASSED] - orPath_PaymentConfirmation = "Object Repository/RAD_Pages/PaymentConfirmation_Page": null

2024-01-14 15:59:11 - [TEST_STEP][PASSED] - orPath_ServiceFeesAccept = "Object Repository/RAD_Pages/ServiceFeeAccept_Page": null

2024-01-14 15:59:11 - [TEST_STEP][PASSED] - selectOptionByLabel(findTestObject(orPath_Landing + "/dd_TaxType"), Paymenttype, false): All options with label 'Existing Liability w/Notice Number' are selected in object 'Object Repository/RAD_Pages/Landing_Page/dd_TaxType' 

2024-01-14 15:59:12 - [MESSAGE][PASSED] - All options with label 'Existing Liability w/Notice Number' are selected in object 'Object Repository/RAD_Pages/Landing_Page/dd_TaxType' 

2024-01-14 15:59:12 - [TEST_STEP][PASSED] - delay(1): Delayed 1 second(s)

2024-01-14 15:59:13 - [MESSAGE][PASSED] - Delayed 1 second(s)

2024-01-14 15:59:13 - [TEST_STEP][PASSED] - switch (Paymenttype): null

2024-01-14 15:59:13 - [TEST_STEP][PASSED] - case "Existing Liability w/Notice Number":: null

2024-01-14 15:59:13 - [TEST_STEP][PASSED] - selectOptionByLabel(findTestObject(orPath_TaxTypeFilingYear + "/select_TaxType_ExistingLiability"), Taxtype, false): All options with label 'Withholding Tax' are selected in object 'Object Repository/RAD_Pages/TaxTypeFilingYear_Page/select_TaxType_ExistingLiability' 

2024-01-14 15:59:14 - [MESSAGE][PASSED] - All options with label 'Withholding Tax' are selected in object 'Object Repository/RAD_Pages/TaxTypeFilingYear_Page/select_TaxType_ExistingLiability' 

2024-01-14 15:59:14 - [TEST_STEP][PASSED] - break: null

2024-01-14 15:59:14 - [TEST_STEP][PASSED] - delay(1): Delayed 1 second(s)

2024-01-14 15:59:15 - [MESSAGE][PASSED] - Delayed 1 second(s)

2024-01-14 15:59:15 - [TEST_STEP][PASSED] - scrollToElement(findTestObject(orPath_Amount + "/input__paymentAmount"), 2, CONTINUE_ON_FAILURE): Scroll to object 'Object Repository/RAD_Pages/PaymentAmount_Page/input__paymentAmount' successfully

2024-01-14 15:59:15 - [MESSAGE][PASSED] - Scroll to object 'Object Repository/RAD_Pages/PaymentAmount_Page/input__paymentAmount' successfully

2024-01-14 15:59:15 - [TEST_STEP][PASSED] - switch (Paymenttype): null

2024-01-14 15:59:15 - [TEST_STEP][PASSED] - case "Existing Liability w/Notice Number":: null

2024-01-14 15:59:15 - [TEST_STEP][PASSED] - setEncryptedText(findTestObject("Object Repository/RAD_RecordAndPlay/input_Existing_FEIN"), "RigbBhfdqODKcAsiUrg+1Q=="): Text ****** has been set on object 'Object Repository/RAD_RecordAndPlay/input_Existing_FEIN'

2024-01-14 15:59:16 - [MESSAGE][PASSED] - Text ****** has been set on object 'Object Repository/RAD_RecordAndPlay/input_Existing_FEIN'

2024-01-14 15:59:16 - [TEST_STEP][PASSED] - setEncryptedText(findTestObject("Object Repository/RAD_RecordAndPlay/input_Existing_RetypeFEIN"), "RigbBhfdqOBBGbZqm4oFJQ=="): Text ****** has been set on object 'Object Repository/RAD_RecordAndPlay/input_Existing_RetypeFEIN'

2024-01-14 15:59:16 - [MESSAGE][PASSED] - Text ****** has been set on object 'Object Repository/RAD_RecordAndPlay/input_Existing_RetypeFEIN'

2024-01-14 15:59:16 - [TEST_STEP][PASSED] - break: null

2024-01-14 15:59:16 - [TEST_STEP][PASSED] - setText(findTestObject(orPath_Amount + "/input__paymentAmount"), ""): Text '' is set on object 'Object Repository/RAD_Pages/PaymentAmount_Page/input__paymentAmount'

2024-01-14 15:59:17 - [MESSAGE][PASSED] - Text '' is set on object 'Object Repository/RAD_Pages/PaymentAmount_Page/input__paymentAmount'

2024-01-14 15:59:17 - [TEST_STEP][PASSED] - verifyTextPresent("The FEIN and Re-type FEIN do not match", true): Text 'The FEIN and Re-type FEIN do not match' is present on page  using regular expression

2024-01-14 15:59:17 - [MESSAGE][PASSED] - Text 'The FEIN and Re-type FEIN do not match' is present on page  using regular expression

2024-01-14 15:59:17 - [TEST_STEP][PASSED] - if (verifyTextPresent("The FEIN and Re-type FEIN do not match", true)): null

2024-01-14 15:59:18 - [MESSAGE][PASSED] - Text 'The FEIN and Re-type FEIN do not match' is present on page  using regular expression

2024-01-14 15:59:18 - [TEST_STEP][PASSED] - println("Error Message is present on the page"): null

2024-01-14 15:59:18 - [TEST_STEP][PASSED] - out.println("Pass Record Number: " + row): null

2024-01-14 15:59:18 - [TEST_STEP][PASSED] - resText = "Pass": null

2024-01-14 15:59:18 - [TEST_STEP][PASSED] - pages.WriteExcel.demoKey(resText, datText, resColumn, datCloumn, fileLoc, nameSheet, row): pages.WriteExcel.demoKey is PASSED

2024-01-14 15:59:18 - [MESSAGE][PASSED] - pages.WriteExcel.demoKey is PASSED

2024-01-14 15:59:18 - [TEST_STEP][PASSED] - ExecuteTC = findTestData(dataFile).getValue("Execute", row): null

2024-01-14 15:59:18 - [TEST_STEP][PASSED] - Taxtype = findTestData(dataFile).getValue("TaxType", row): null

2024-01-14 15:59:18 - [TEST_STEP][PASSED] - Paymenttype = findTestData(dataFile).getValue("PaymentType", row): null

2024-01-14 15:59:18 - [TEST_STEP][PASSED] - out.println("Value of Execute is : " + ExecuteTC): null

2024-01-14 15:59:18 - [TEST_STEP][PASSED] - if (ExecuteTC.equalsIgnoreCase("Y")): null

2024-01-14 15:59:18 - [TEST_STEP][PASSED] - out.println("Begin Record Number: " + row): null

2024-01-14 15:59:18 - [TEST_STEP][PASSED] - today = new java.util.Date(): null

2024-01-14 15:59:18 - [TEST_STEP][PASSED] - println(today): null

2024-01-14 15:59:18 - [TEST_STEP][PASSED] - datText = today: null

2024-01-14 15:59:18 - [TEST_STEP][PASSED] - Taxtype = findTestData(dataFile).getValue("TaxType", row): null

2024-01-14 15:59:18 - [TEST_STEP][PASSED] - out.println("Taxtype value is : " + Taxtype): null

2024-01-14 15:59:18 - [TEST_STEP][PASSED] - openBrowser(""): Browser is opened with url: ''

2024-01-14 15:59:18 - [MESSAGE][WARNING] - A browser is already opened. Closing browser and opening a new one

2024-01-14 15:59:19 - [MESSAGE][INFO] - Starting 'Chrome' driver

2024-01-14 15:59:19 - [MESSAGE][INFO] - User set preference: ['acceptInsecureCerts', 'true']

2024-01-14 15:59:19 - [MESSAGE][INFO] - Action delay is set to 0 milliseconds

2024-01-14 15:59:20 - [MESSAGE][PASSED] - Browser is opened with url: ''

2024-01-14 15:59:20 - [TEST_STEP][PASSED] - maximizeWindow(): Current window maximized

2024-01-14 15:59:21 - [MESSAGE][PASSED] - Current window maximized

2024-01-14 15:59:21 - [TEST_STEP][PASSED] - navigateToUrl(RADurl): Navigate to 'https://qa2.velocitypayment.com/client/rad/index.html' successfully

2024-01-14 15:59:22 - [MESSAGE][PASSED] - Navigate to 'https://qa2.velocitypayment.com/client/rad/index.html' successfully

2024-01-14 15:59:22 - [TEST_STEP][PASSED] - orPath_Landing = "Object Repository/RAD_Pages/Landing_Page": null

2024-01-14 15:59:22 - [TEST_STEP][PASSED] - orPath_TaxTypeFilingYear = "Object Repository/RAD_Pages/TaxTypeFilingYear_Page": null

2024-01-14 15:59:22 - [TEST_STEP][PASSED] - orPath_TaxPayer = "Object Repository/RAD_Pages/Taxpayer_Page": null

2024-01-14 15:59:22 - [TEST_STEP][PASSED] - orPath_AddressContact = "Object Repository/RAD_Pages/AddressAndContactInfo_Page": null

2024-01-14 15:59:22 - [TEST_STEP][PASSED] - orPath_FilingStatus = "Object Repository/RAD_Pages/FilingStatus_Page": null

2024-01-14 15:59:22 - [TEST_STEP][PASSED] - orPath_Amount = "Object Repository/RAD_Pages/PaymentAmount_Page": null

2024-01-14 15:59:22 - [TEST_STEP][PASSED] - orPath_TaxInfo = "Object Repository/RAD_Pages/TaxInfo_Page": null

2024-01-14 15:59:22 - [TEST_STEP][PASSED] - orPath_Withholding = "Object Repository/RAD_Pages/Withholding_Page": null

2024-01-14 15:59:22 - [TEST_STEP][PASSED] - orPath_Summary = "Object Repository/RAD_Pages/Summary_Page": null

2024-01-14 15:59:22 - [TEST_STEP][PASSED] - orPath_PaymentReady = "Object Repository/RAD_Pages/PaymentReady_Page": null

2024-01-14 15:59:22 - [TEST_STEP][PASSED] - orPath_PaymentEntry = "Object Repository/RAD_Pages/PaymentEntry_Page": null

2024-01-14 15:59:22 - [TEST_STEP][PASSED] - orPath_PaymentConfirmation = "Object Repository/RAD_Pages/PaymentConfirmation_Page": null

2024-01-14 15:59:22 - [TEST_STEP][PASSED] - orPath_ServiceFeesAccept = "Object Repository/RAD_Pages/ServiceFeeAccept_Page": null

2024-01-14 15:59:22 - [TEST_STEP][PASSED] - selectOptionByLabel(findTestObject(orPath_Landing + "/dd_TaxType"), Paymenttype, false): All options with label 'Existing Liability w/Notice Number' are selected in object 'Object Repository/RAD_Pages/Landing_Page/dd_TaxType' 

2024-01-14 15:59:23 - [MESSAGE][PASSED] - All options with label 'Existing Liability w/Notice Number' are selected in object 'Object Repository/RAD_Pages/Landing_Page/dd_TaxType' 

2024-01-14 15:59:23 - [TEST_STEP][PASSED] - delay(1): Delayed 1 second(s)

2024-01-14 15:59:24 - [MESSAGE][PASSED] - Delayed 1 second(s)

2024-01-14 15:59:24 - [TEST_STEP][PASSED] - switch (Paymenttype): null

2024-01-14 15:59:24 - [TEST_STEP][PASSED] - case "Existing Liability w/Notice Number":: null

2024-01-14 15:59:24 - [TEST_STEP][PASSED] - selectOptionByLabel(findTestObject(orPath_TaxTypeFilingYear + "/select_TaxType_ExistingLiability"), Taxtype, false): All options with label 'Alcohol Tax' are selected in object 'Object Repository/RAD_Pages/TaxTypeFilingYear_Page/select_TaxType_ExistingLiability' 

2024-01-14 15:59:24 - [MESSAGE][PASSED] - All options with label 'Alcohol Tax' are selected in object 'Object Repository/RAD_Pages/TaxTypeFilingYear_Page/select_TaxType_ExistingLiability' 

2024-01-14 15:59:24 - [TEST_STEP][PASSED] - break: null

2024-01-14 15:59:24 - [TEST_STEP][PASSED] - delay(1): Delayed 1 second(s)

2024-01-14 15:59:25 - [MESSAGE][PASSED] - Delayed 1 second(s)

2024-01-14 15:59:25 - [TEST_STEP][PASSED] - scrollToElement(findTestObject(orPath_Amount + "/input__paymentAmount"), 2, CONTINUE_ON_FAILURE): Scroll to object 'Object Repository/RAD_Pages/PaymentAmount_Page/input__paymentAmount' successfully

2024-01-14 15:59:26 - [MESSAGE][PASSED] - Scroll to object 'Object Repository/RAD_Pages/PaymentAmount_Page/input__paymentAmount' successfully

2024-01-14 15:59:26 - [TEST_STEP][PASSED] - switch (Paymenttype): null

2024-01-14 15:59:26 - [TEST_STEP][PASSED] - case "Existing Liability w/Notice Number":: null

2024-01-14 15:59:26 - [TEST_STEP][PASSED] - setEncryptedText(findTestObject("Object Repository/RAD_RecordAndPlay/input_Existing_FEIN"), "RigbBhfdqODKcAsiUrg+1Q=="): Text ****** has been set on object 'Object Repository/RAD_RecordAndPlay/input_Existing_FEIN'

2024-01-14 15:59:26 - [MESSAGE][PASSED] - Text ****** has been set on object 'Object Repository/RAD_RecordAndPlay/input_Existing_FEIN'

2024-01-14 15:59:26 - [TEST_STEP][PASSED] - setEncryptedText(findTestObject("Object Repository/RAD_RecordAndPlay/input_Existing_RetypeFEIN"), "RigbBhfdqOBBGbZqm4oFJQ=="): Text ****** has been set on object 'Object Repository/RAD_RecordAndPlay/input_Existing_RetypeFEIN'

2024-01-14 15:59:27 - [MESSAGE][PASSED] - Text ****** has been set on object 'Object Repository/RAD_RecordAndPlay/input_Existing_RetypeFEIN'

2024-01-14 15:59:27 - [TEST_STEP][PASSED] - break: null

2024-01-14 15:59:27 - [TEST_STEP][PASSED] - setText(findTestObject(orPath_Amount + "/input__paymentAmount"), ""): Text '' is set on object 'Object Repository/RAD_Pages/PaymentAmount_Page/input__paymentAmount'

2024-01-14 15:59:27 - [MESSAGE][PASSED] - Text '' is set on object 'Object Repository/RAD_Pages/PaymentAmount_Page/input__paymentAmount'

2024-01-14 15:59:27 - [TEST_STEP][PASSED] - verifyTextPresent("The FEIN and Re-type FEIN do not match", true): Text 'The FEIN and Re-type FEIN do not match' is present on page  using regular expression

2024-01-14 15:59:28 - [MESSAGE][PASSED] - Text 'The FEIN and Re-type FEIN do not match' is present on page  using regular expression

2024-01-14 15:59:28 - [TEST_STEP][PASSED] - if (verifyTextPresent("The FEIN and Re-type FEIN do not match", true)): null

2024-01-14 15:59:28 - [MESSAGE][PASSED] - Text 'The FEIN and Re-type FEIN do not match' is present on page  using regular expression

2024-01-14 15:59:28 - [TEST_STEP][PASSED] - println("Error Message is present on the page"): null

2024-01-14 15:59:28 - [TEST_STEP][PASSED] - out.println("Pass Record Number: " + row): null

2024-01-14 15:59:28 - [TEST_STEP][PASSED] - resText = "Pass": null

2024-01-14 15:59:28 - [TEST_STEP][PASSED] - pages.WriteExcel.demoKey(resText, datText, resColumn, datCloumn, fileLoc, nameSheet, row): pages.WriteExcel.demoKey is PASSED

2024-01-14 15:59:29 - [MESSAGE][PASSED] - pages.WriteExcel.demoKey is PASSED

2024-01-14 15:59:29 - [TEST_STEP][PASSED] - ExecuteTC = findTestData(dataFile).getValue("Execute", row): null

2024-01-14 15:59:29 - [TEST_STEP][PASSED] - Taxtype = findTestData(dataFile).getValue("TaxType", row): null

2024-01-14 15:59:29 - [TEST_STEP][PASSED] - Paymenttype = findTestData(dataFile).getValue("PaymentType", row): null

2024-01-14 15:59:29 - [TEST_STEP][PASSED] - out.println("Value of Execute is : " + ExecuteTC): null

2024-01-14 15:59:29 - [TEST_STEP][PASSED] - if (ExecuteTC.equalsIgnoreCase("Y")): null

2024-01-14 15:59:29 - [TEST_STEP][PASSED] - out.println("Begin Record Number: " + row): null

2024-01-14 15:59:29 - [TEST_STEP][PASSED] - today = new java.util.Date(): null

2024-01-14 15:59:29 - [TEST_STEP][PASSED] - println(today): null

2024-01-14 15:59:29 - [TEST_STEP][PASSED] - datText = today: null

2024-01-14 15:59:29 - [TEST_STEP][PASSED] - Taxtype = findTestData(dataFile).getValue("TaxType", row): null

2024-01-14 15:59:29 - [TEST_STEP][PASSED] - out.println("Taxtype value is : " + Taxtype): null

2024-01-14 15:59:29 - [TEST_STEP][PASSED] - openBrowser(""): Browser is opened with url: ''

2024-01-14 15:59:29 - [MESSAGE][WARNING] - A browser is already opened. Closing browser and opening a new one

2024-01-14 15:59:30 - [MESSAGE][INFO] - Starting 'Chrome' driver

2024-01-14 15:59:30 - [MESSAGE][INFO] - User set preference: ['acceptInsecureCerts', 'true']

2024-01-14 15:59:30 - [MESSAGE][INFO] - Action delay is set to 0 milliseconds

2024-01-14 15:59:31 - [MESSAGE][PASSED] - Browser is opened with url: ''

2024-01-14 15:59:31 - [TEST_STEP][PASSED] - maximizeWindow(): Current window maximized

2024-01-14 15:59:31 - [MESSAGE][PASSED] - Current window maximized

2024-01-14 15:59:31 - [TEST_STEP][PASSED] - navigateToUrl(RADurl): Navigate to 'https://qa2.velocitypayment.com/client/rad/index.html' successfully

2024-01-14 15:59:33 - [MESSAGE][PASSED] - Navigate to 'https://qa2.velocitypayment.com/client/rad/index.html' successfully

2024-01-14 15:59:33 - [TEST_STEP][PASSED] - orPath_Landing = "Object Repository/RAD_Pages/Landing_Page": null

2024-01-14 15:59:33 - [TEST_STEP][PASSED] - orPath_TaxTypeFilingYear = "Object Repository/RAD_Pages/TaxTypeFilingYear_Page": null

2024-01-14 15:59:33 - [TEST_STEP][PASSED] - orPath_TaxPayer = "Object Repository/RAD_Pages/Taxpayer_Page": null

2024-01-14 15:59:33 - [TEST_STEP][PASSED] - orPath_AddressContact = "Object Repository/RAD_Pages/AddressAndContactInfo_Page": null

2024-01-14 15:59:33 - [TEST_STEP][PASSED] - orPath_FilingStatus = "Object Repository/RAD_Pages/FilingStatus_Page": null

2024-01-14 15:59:33 - [TEST_STEP][PASSED] - orPath_Amount = "Object Repository/RAD_Pages/PaymentAmount_Page": null

2024-01-14 15:59:33 - [TEST_STEP][PASSED] - orPath_TaxInfo = "Object Repository/RAD_Pages/TaxInfo_Page": null

2024-01-14 15:59:33 - [TEST_STEP][PASSED] - orPath_Withholding = "Object Repository/RAD_Pages/Withholding_Page": null

2024-01-14 15:59:33 - [TEST_STEP][PASSED] - orPath_Summary = "Object Repository/RAD_Pages/Summary_Page": null

2024-01-14 15:59:33 - [TEST_STEP][PASSED] - orPath_PaymentReady = "Object Repository/RAD_Pages/PaymentReady_Page": null

2024-01-14 15:59:33 - [TEST_STEP][PASSED] - orPath_PaymentEntry = "Object Repository/RAD_Pages/PaymentEntry_Page": null

2024-01-14 15:59:33 - [TEST_STEP][PASSED] - orPath_PaymentConfirmation = "Object Repository/RAD_Pages/PaymentConfirmation_Page": null

2024-01-14 15:59:33 - [TEST_STEP][PASSED] - orPath_ServiceFeesAccept = "Object Repository/RAD_Pages/ServiceFeeAccept_Page": null

2024-01-14 15:59:33 - [TEST_STEP][PASSED] - selectOptionByLabel(findTestObject(orPath_Landing + "/dd_TaxType"), Paymenttype, false): All options with label 'Quarterly Estimated Tax' are selected in object 'Object Repository/RAD_Pages/Landing_Page/dd_TaxType' 

2024-01-14 15:59:33 - [MESSAGE][PASSED] - All options with label 'Quarterly Estimated Tax' are selected in object 'Object Repository/RAD_Pages/Landing_Page/dd_TaxType' 

2024-01-14 15:59:33 - [TEST_STEP][PASSED] - delay(1): Delayed 1 second(s)

2024-01-14 15:59:34 - [MESSAGE][PASSED] - Delayed 1 second(s)

2024-01-14 15:59:34 - [TEST_STEP][PASSED] - switch (Paymenttype): null

2024-01-14 15:59:34 - [TEST_STEP][PASSED] - case "Quarterly Estimated Tax":: null

2024-01-14 15:59:34 - [TEST_STEP][PASSED] - selectOptionByLabel(findTestObject(orPath_TaxTypeFilingYear + "/select_PaymentType"), Taxtype, false): All options with label 'Corporate Income Tax' are selected in object 'Object Repository/RAD_Pages/TaxTypeFilingYear_Page/select_PaymentType' 

2024-01-14 15:59:35 - [MESSAGE][PASSED] - All options with label 'Corporate Income Tax' are selected in object 'Object Repository/RAD_Pages/TaxTypeFilingYear_Page/select_PaymentType' 

2024-01-14 15:59:35 - [TEST_STEP][PASSED] - break: null

2024-01-14 15:59:35 - [TEST_STEP][PASSED] - delay(1): Delayed 1 second(s)

2024-01-14 15:59:36 - [MESSAGE][PASSED] - Delayed 1 second(s)

2024-01-14 15:59:36 - [TEST_STEP][PASSED] - scrollToElement(findTestObject(orPath_Amount + "/input__paymentAmount"), 2, CONTINUE_ON_FAILURE): Scroll to object 'Object Repository/RAD_Pages/PaymentAmount_Page/input__paymentAmount' successfully

2024-01-14 15:59:36 - [MESSAGE][PASSED] - Scroll to object 'Object Repository/RAD_Pages/PaymentAmount_Page/input__paymentAmount' successfully

2024-01-14 15:59:36 - [TEST_STEP][PASSED] - switch (Paymenttype): null

2024-01-14 15:59:36 - [TEST_STEP][PASSED] - case "Quarterly Estimated Tax":: null

2024-01-14 15:59:36 - [TEST_STEP][PASSED] - setEncryptedText(findTestObject(orPath_TaxInfo + "/input_FederalEIN"), "RigbBhfdqODKcAsiUrg+1Q=="): Text ****** has been set on object 'Object Repository/RAD_Pages/TaxInfo_Page/input_FederalEIN'

2024-01-14 15:59:37 - [MESSAGE][PASSED] - Text ****** has been set on object 'Object Repository/RAD_Pages/TaxInfo_Page/input_FederalEIN'

2024-01-14 15:59:37 - [TEST_STEP][PASSED] - setEncryptedText(findTestObject(orPath_TaxInfo + "/input_FederalEIN_ReEnter"), "RigbBhfdqOBBGbZqm4oFJQ=="): Text ****** has been set on object 'Object Repository/RAD_Pages/TaxInfo_Page/input_FederalEIN_ReEnter'

2024-01-14 15:59:37 - [MESSAGE][PASSED] - Text ****** has been set on object 'Object Repository/RAD_Pages/TaxInfo_Page/input_FederalEIN_ReEnter'

2024-01-14 15:59:37 - [TEST_STEP][PASSED] - break: null

2024-01-14 15:59:37 - [TEST_STEP][PASSED] - setText(findTestObject(orPath_Amount + "/input__paymentAmount"), ""): Text '' is set on object 'Object Repository/RAD_Pages/PaymentAmount_Page/input__paymentAmount'

2024-01-14 15:59:38 - [MESSAGE][PASSED] - Text '' is set on object 'Object Repository/RAD_Pages/PaymentAmount_Page/input__paymentAmount'

2024-01-14 15:59:38 - [TEST_STEP][PASSED] - verifyTextPresent("The FEIN and Re-type FEIN do not match", true): Text 'The FEIN and Re-type FEIN do not match' is present on page  using regular expression

2024-01-14 15:59:39 - [MESSAGE][PASSED] - Text 'The FEIN and Re-type FEIN do not match' is present on page  using regular expression

2024-01-14 15:59:39 - [TEST_STEP][PASSED] - if (verifyTextPresent("The FEIN and Re-type FEIN do not match", true)): null

2024-01-14 15:59:39 - [MESSAGE][PASSED] - Text 'The FEIN and Re-type FEIN do not match' is present on page  using regular expression

2024-01-14 15:59:39 - [TEST_STEP][PASSED] - println("Error Message is present on the page"): null

2024-01-14 15:59:39 - [TEST_STEP][PASSED] - out.println("Pass Record Number: " + row): null

2024-01-14 15:59:39 - [TEST_STEP][PASSED] - resText = "Pass": null

2024-01-14 15:59:39 - [TEST_STEP][PASSED] - pages.WriteExcel.demoKey(resText, datText, resColumn, datCloumn, fileLoc, nameSheet, row): pages.WriteExcel.demoKey is PASSED

2024-01-14 15:59:39 - [MESSAGE][PASSED] - pages.WriteExcel.demoKey is PASSED

2024-01-14 15:59:39 - [TEST_STEP][PASSED] - ExecuteTC = findTestData(dataFile).getValue("Execute", row): null

2024-01-14 15:59:39 - [TEST_STEP][PASSED] - Taxtype = findTestData(dataFile).getValue("TaxType", row): null

2024-01-14 15:59:39 - [TEST_STEP][PASSED] - Paymenttype = findTestData(dataFile).getValue("PaymentType", row): null

2024-01-14 15:59:39 - [TEST_STEP][PASSED] - out.println("Value of Execute is : " + ExecuteTC): null

2024-01-14 15:59:39 - [TEST_STEP][PASSED] - if (ExecuteTC.equalsIgnoreCase("Y")): null

2024-01-14 15:59:39 - [TEST_STEP][PASSED] - out.println("Begin Record Number: " + row): null

2024-01-14 15:59:39 - [TEST_STEP][PASSED] - today = new java.util.Date(): null

2024-01-14 15:59:39 - [TEST_STEP][PASSED] - println(today): null

2024-01-14 15:59:39 - [TEST_STEP][PASSED] - datText = today: null

2024-01-14 15:59:39 - [TEST_STEP][PASSED] - Taxtype = findTestData(dataFile).getValue("TaxType", row): null

2024-01-14 15:59:39 - [TEST_STEP][PASSED] - out.println("Taxtype value is : " + Taxtype): null

2024-01-14 15:59:39 - [TEST_STEP][PASSED] - openBrowser(""): Browser is opened with url: ''

2024-01-14 15:59:39 - [MESSAGE][WARNING] - A browser is already opened. Closing browser and opening a new one

2024-01-14 15:59:40 - [MESSAGE][INFO] - Starting 'Chrome' driver

2024-01-14 15:59:40 - [MESSAGE][INFO] - User set preference: ['acceptInsecureCerts', 'true']

2024-01-14 15:59:40 - [MESSAGE][INFO] - Action delay is set to 0 milliseconds

2024-01-14 15:59:42 - [MESSAGE][PASSED] - Browser is opened with url: ''

2024-01-14 15:59:42 - [TEST_STEP][PASSED] - maximizeWindow(): Current window maximized

2024-01-14 15:59:42 - [MESSAGE][PASSED] - Current window maximized

2024-01-14 15:59:42 - [TEST_STEP][PASSED] - navigateToUrl(RADurl): Navigate to 'https://qa2.velocitypayment.com/client/rad/index.html' successfully

2024-01-14 15:59:44 - [MESSAGE][PASSED] - Navigate to 'https://qa2.velocitypayment.com/client/rad/index.html' successfully

2024-01-14 15:59:44 - [TEST_STEP][PASSED] - orPath_Landing = "Object Repository/RAD_Pages/Landing_Page": null

2024-01-14 15:59:44 - [TEST_STEP][PASSED] - orPath_TaxTypeFilingYear = "Object Repository/RAD_Pages/TaxTypeFilingYear_Page": null

2024-01-14 15:59:44 - [TEST_STEP][PASSED] - orPath_TaxPayer = "Object Repository/RAD_Pages/Taxpayer_Page": null

2024-01-14 15:59:44 - [TEST_STEP][PASSED] - orPath_AddressContact = "Object Repository/RAD_Pages/AddressAndContactInfo_Page": null

2024-01-14 15:59:44 - [TEST_STEP][PASSED] - orPath_FilingStatus = "Object Repository/RAD_Pages/FilingStatus_Page": null

2024-01-14 15:59:44 - [TEST_STEP][PASSED] - orPath_Amount = "Object Repository/RAD_Pages/PaymentAmount_Page": null

2024-01-14 15:59:44 - [TEST_STEP][PASSED] - orPath_TaxInfo = "Object Repository/RAD_Pages/TaxInfo_Page": null

2024-01-14 15:59:44 - [TEST_STEP][PASSED] - orPath_Withholding = "Object Repository/RAD_Pages/Withholding_Page": null

2024-01-14 15:59:44 - [TEST_STEP][PASSED] - orPath_Summary = "Object Repository/RAD_Pages/Summary_Page": null

2024-01-14 15:59:44 - [TEST_STEP][PASSED] - orPath_PaymentReady = "Object Repository/RAD_Pages/PaymentReady_Page": null

2024-01-14 15:59:44 - [TEST_STEP][PASSED] - orPath_PaymentEntry = "Object Repository/RAD_Pages/PaymentEntry_Page": null

2024-01-14 15:59:44 - [TEST_STEP][PASSED] - orPath_PaymentConfirmation = "Object Repository/RAD_Pages/PaymentConfirmation_Page": null

2024-01-14 15:59:44 - [TEST_STEP][PASSED] - orPath_ServiceFeesAccept = "Object Repository/RAD_Pages/ServiceFeeAccept_Page": null

2024-01-14 15:59:44 - [TEST_STEP][PASSED] - selectOptionByLabel(findTestObject(orPath_Landing + "/dd_TaxType"), Paymenttype, false): All options with label 'Quarterly Estimated Tax' are selected in object 'Object Repository/RAD_Pages/Landing_Page/dd_TaxType' 

2024-01-14 15:59:44 - [MESSAGE][PASSED] - All options with label 'Quarterly Estimated Tax' are selected in object 'Object Repository/RAD_Pages/Landing_Page/dd_TaxType' 

2024-01-14 15:59:44 - [TEST_STEP][PASSED] - delay(1): Delayed 1 second(s)

2024-01-14 15:59:45 - [MESSAGE][PASSED] - Delayed 1 second(s)

2024-01-14 15:59:45 - [TEST_STEP][PASSED] - switch (Paymenttype): null

2024-01-14 15:59:45 - [TEST_STEP][PASSED] - case "Quarterly Estimated Tax":: null

2024-01-14 15:59:45 - [TEST_STEP][PASSED] - selectOptionByLabel(findTestObject(orPath_TaxTypeFilingYear + "/select_PaymentType"), Taxtype, false): All options with label 'Fiduciary Tax' are selected in object 'Object Repository/RAD_Pages/TaxTypeFilingYear_Page/select_PaymentType' 

2024-01-14 15:59:46 - [MESSAGE][PASSED] - All options with label 'Fiduciary Tax' are selected in object 'Object Repository/RAD_Pages/TaxTypeFilingYear_Page/select_PaymentType' 

2024-01-14 15:59:46 - [TEST_STEP][PASSED] - break: null

2024-01-14 15:59:46 - [TEST_STEP][PASSED] - delay(1): Delayed 1 second(s)

2024-01-14 15:59:47 - [MESSAGE][PASSED] - Delayed 1 second(s)

2024-01-14 15:59:47 - [TEST_STEP][PASSED] - scrollToElement(findTestObject(orPath_Amount + "/input__paymentAmount"), 2, CONTINUE_ON_FAILURE): Scroll to object 'Object Repository/RAD_Pages/PaymentAmount_Page/input__paymentAmount' successfully

2024-01-14 15:59:47 - [MESSAGE][PASSED] - Scroll to object 'Object Repository/RAD_Pages/PaymentAmount_Page/input__paymentAmount' successfully

2024-01-14 15:59:47 - [TEST_STEP][PASSED] - switch (Paymenttype): null

2024-01-14 15:59:47 - [TEST_STEP][PASSED] - case "Quarterly Estimated Tax":: null

2024-01-14 15:59:47 - [TEST_STEP][PASSED] - setEncryptedText(findTestObject(orPath_TaxInfo + "/input_FederalEIN"), "RigbBhfdqODKcAsiUrg+1Q=="): Text ****** has been set on object 'Object Repository/RAD_Pages/TaxInfo_Page/input_FederalEIN'

2024-01-14 15:59:48 - [MESSAGE][PASSED] - Text ****** has been set on object 'Object Repository/RAD_Pages/TaxInfo_Page/input_FederalEIN'

2024-01-14 15:59:48 - [TEST_STEP][PASSED] - setEncryptedText(findTestObject(orPath_TaxInfo + "/input_FederalEIN_ReEnter"), "RigbBhfdqOBBGbZqm4oFJQ=="): Text ****** has been set on object 'Object Repository/RAD_Pages/TaxInfo_Page/input_FederalEIN_ReEnter'

2024-01-14 15:59:48 - [MESSAGE][PASSED] - Text ****** has been set on object 'Object Repository/RAD_Pages/TaxInfo_Page/input_FederalEIN_ReEnter'

2024-01-14 15:59:48 - [TEST_STEP][PASSED] - break: null

2024-01-14 15:59:48 - [TEST_STEP][PASSED] - setText(findTestObject(orPath_Amount + "/input__paymentAmount"), ""): Text '' is set on object 'Object Repository/RAD_Pages/PaymentAmount_Page/input__paymentAmount'

2024-01-14 15:59:49 - [MESSAGE][PASSED] - Text '' is set on object 'Object Repository/RAD_Pages/PaymentAmount_Page/input__paymentAmount'

2024-01-14 15:59:49 - [TEST_STEP][PASSED] - verifyTextPresent("The FEIN and Re-type FEIN do not match", true): Text 'The FEIN and Re-type FEIN do not match' is present on page  using regular expression

2024-01-14 15:59:50 - [MESSAGE][PASSED] - Text 'The FEIN and Re-type FEIN do not match' is present on page  using regular expression

2024-01-14 15:59:50 - [TEST_STEP][PASSED] - if (verifyTextPresent("The FEIN and Re-type FEIN do not match", true)): null

2024-01-14 15:59:50 - [MESSAGE][PASSED] - Text 'The FEIN and Re-type FEIN do not match' is present on page  using regular expression

2024-01-14 15:59:50 - [TEST_STEP][PASSED] - println("Error Message is present on the page"): null

2024-01-14 15:59:50 - [TEST_STEP][PASSED] - out.println("Pass Record Number: " + row): null

2024-01-14 15:59:50 - [TEST_STEP][PASSED] - resText = "Pass": null

2024-01-14 15:59:50 - [TEST_STEP][PASSED] - pages.WriteExcel.demoKey(resText, datText, resColumn, datCloumn, fileLoc, nameSheet, row): pages.WriteExcel.demoKey is PASSED

2024-01-14 15:59:50 - [MESSAGE][PASSED] - pages.WriteExcel.demoKey is PASSED

2024-01-14 15:59:50 - [TEST_STEP][PASSED] - ExecuteTC = findTestData(dataFile).getValue("Execute", row): null

2024-01-14 15:59:50 - [TEST_STEP][PASSED] - Taxtype = findTestData(dataFile).getValue("TaxType", row): null

2024-01-14 15:59:50 - [TEST_STEP][PASSED] - Paymenttype = findTestData(dataFile).getValue("PaymentType", row): null

2024-01-14 15:59:50 - [TEST_STEP][PASSED] - out.println("Value of Execute is : " + ExecuteTC): null

2024-01-14 15:59:50 - [TEST_STEP][PASSED] - if (ExecuteTC.equalsIgnoreCase("Y")): null

2024-01-14 15:59:50 - [TEST_STEP][PASSED] - ExecuteTC = findTestData(dataFile).getValue("Execute", row): null

2024-01-14 15:59:50 - [TEST_STEP][PASSED] - Taxtype = findTestData(dataFile).getValue("TaxType", row): null

2024-01-14 15:59:50 - [TEST_STEP][PASSED] - Paymenttype = findTestData(dataFile).getValue("PaymentType", row): null

2024-01-14 15:59:50 - [TEST_STEP][PASSED] - out.println("Value of Execute is : " + ExecuteTC): null

2024-01-14 15:59:50 - [TEST_STEP][PASSED] - if (ExecuteTC.equalsIgnoreCase("Y")): null

2024-01-14 15:59:50 - [TEST_STEP][PASSED] - ExecuteTC = findTestData(dataFile).getValue("Execute", row): null

2024-01-14 15:59:50 - [TEST_STEP][PASSED] - Taxtype = findTestData(dataFile).getValue("TaxType", row): null

2024-01-14 15:59:50 - [TEST_STEP][PASSED] - Paymenttype = findTestData(dataFile).getValue("PaymentType", row): null

2024-01-14 15:59:50 - [TEST_STEP][PASSED] - out.println("Value of Execute is : " + ExecuteTC): null

2024-01-14 15:59:50 - [TEST_STEP][PASSED] - if (ExecuteTC.equalsIgnoreCase("Y")): null

2024-01-14 15:59:50 - [TEST_STEP][PASSED] - out.println("Begin Record Number: " + row): null

2024-01-14 15:59:50 - [TEST_STEP][PASSED] - today = new java.util.Date(): null

2024-01-14 15:59:50 - [TEST_STEP][PASSED] - println(today): null

2024-01-14 15:59:50 - [TEST_STEP][PASSED] - datText = today: null

2024-01-14 15:59:50 - [TEST_STEP][PASSED] - Taxtype = findTestData(dataFile).getValue("TaxType", row): null

2024-01-14 15:59:50 - [TEST_STEP][PASSED] - out.println("Taxtype value is : " + Taxtype): null

2024-01-14 15:59:50 - [TEST_STEP][PASSED] - openBrowser(""): Browser is opened with url: ''

2024-01-14 15:59:50 - [MESSAGE][WARNING] - A browser is already opened. Closing browser and opening a new one

2024-01-14 15:59:51 - [MESSAGE][INFO] - Starting 'Chrome' driver

2024-01-14 15:59:51 - [MESSAGE][INFO] - User set preference: ['acceptInsecureCerts', 'true']

2024-01-14 15:59:51 - [MESSAGE][INFO] - Action delay is set to 0 milliseconds

2024-01-14 15:59:53 - [MESSAGE][PASSED] - Browser is opened with url: ''

2024-01-14 15:59:53 - [TEST_STEP][PASSED] - maximizeWindow(): Current window maximized

2024-01-14 15:59:53 - [MESSAGE][PASSED] - Current window maximized

2024-01-14 15:59:53 - [TEST_STEP][PASSED] - navigateToUrl(RADurl): Navigate to 'https://qa2.velocitypayment.com/client/rad/index.html' successfully

2024-01-14 15:59:53 - [MESSAGE][PASSED] - Navigate to 'https://qa2.velocitypayment.com/client/rad/index.html' successfully

2024-01-14 15:59:53 - [TEST_STEP][PASSED] - orPath_Landing = "Object Repository/RAD_Pages/Landing_Page": null

2024-01-14 15:59:53 - [TEST_STEP][PASSED] - orPath_TaxTypeFilingYear = "Object Repository/RAD_Pages/TaxTypeFilingYear_Page": null

2024-01-14 15:59:53 - [TEST_STEP][PASSED] - orPath_TaxPayer = "Object Repository/RAD_Pages/Taxpayer_Page": null

2024-01-14 15:59:53 - [TEST_STEP][PASSED] - orPath_AddressContact = "Object Repository/RAD_Pages/AddressAndContactInfo_Page": null

2024-01-14 15:59:53 - [TEST_STEP][PASSED] - orPath_FilingStatus = "Object Repository/RAD_Pages/FilingStatus_Page": null

2024-01-14 15:59:53 - [TEST_STEP][PASSED] - orPath_Amount = "Object Repository/RAD_Pages/PaymentAmount_Page": null

2024-01-14 15:59:53 - [TEST_STEP][PASSED] - orPath_TaxInfo = "Object Repository/RAD_Pages/TaxInfo_Page": null

2024-01-14 15:59:53 - [TEST_STEP][PASSED] - orPath_Withholding = "Object Repository/RAD_Pages/Withholding_Page": null

2024-01-14 15:59:53 - [TEST_STEP][PASSED] - orPath_Summary = "Object Repository/RAD_Pages/Summary_Page": null

2024-01-14 15:59:53 - [TEST_STEP][PASSED] - orPath_PaymentReady = "Object Repository/RAD_Pages/PaymentReady_Page": null

2024-01-14 15:59:53 - [TEST_STEP][PASSED] - orPath_PaymentEntry = "Object Repository/RAD_Pages/PaymentEntry_Page": null

2024-01-14 15:59:53 - [TEST_STEP][PASSED] - orPath_PaymentConfirmation = "Object Repository/RAD_Pages/PaymentConfirmation_Page": null

2024-01-14 15:59:53 - [TEST_STEP][PASSED] - orPath_ServiceFeesAccept = "Object Repository/RAD_Pages/ServiceFeeAccept_Page": null

2024-01-14 15:59:53 - [TEST_STEP][PASSED] - selectOptionByLabel(findTestObject(orPath_Landing + "/dd_TaxType"), Paymenttype, false): All options with label 'New Tax Return Amount Due' are selected in object 'Object Repository/RAD_Pages/Landing_Page/dd_TaxType' 

2024-01-14 15:59:55 - [MESSAGE][PASSED] - All options with label 'New Tax Return Amount Due' are selected in object 'Object Repository/RAD_Pages/Landing_Page/dd_TaxType' 

2024-01-14 15:59:55 - [TEST_STEP][PASSED] - delay(1): Delayed 1 second(s)

2024-01-14 15:59:56 - [MESSAGE][PASSED] - Delayed 1 second(s)

2024-01-14 15:59:56 - [TEST_STEP][PASSED] - switch (Paymenttype): null

2024-01-14 15:59:56 - [TEST_STEP][PASSED] - case "New Tax Return Amount Due":: null

2024-01-14 15:59:56 - [TEST_STEP][PASSED] - selectOptionByLabel(findTestObject("Object Repository/RAD_Pages/Landing_Page/select_NewTaxReturnAmountDue_TaxType"), Taxtype, false): All options with label 'Fiduciary Tax' are selected in object 'Object Repository/RAD_Pages/Landing_Page/select_NewTaxReturnAmountDue_TaxType' 

2024-01-14 15:59:57 - [MESSAGE][PASSED] - All options with label 'Fiduciary Tax' are selected in object 'Object Repository/RAD_Pages/Landing_Page/select_NewTaxReturnAmountDue_TaxType' 

2024-01-14 15:59:57 - [TEST_STEP][PASSED] - break: null

2024-01-14 15:59:57 - [TEST_STEP][PASSED] - delay(1): Delayed 1 second(s)

2024-01-14 15:59:58 - [MESSAGE][PASSED] - Delayed 1 second(s)

2024-01-14 15:59:58 - [TEST_STEP][PASSED] - scrollToElement(findTestObject(orPath_Amount + "/input__paymentAmount"), 2, CONTINUE_ON_FAILURE): Scroll to object 'Object Repository/RAD_Pages/PaymentAmount_Page/input__paymentAmount' successfully

2024-01-14 15:59:58 - [MESSAGE][PASSED] - Scroll to object 'Object Repository/RAD_Pages/PaymentAmount_Page/input__paymentAmount' successfully

2024-01-14 15:59:58 - [TEST_STEP][PASSED] - switch (Paymenttype): null

2024-01-14 15:59:58 - [TEST_STEP][PASSED] - case "New Tax Return Amount Due":: null

2024-01-14 15:59:58 - [TEST_STEP][PASSED] - setEncryptedText(findTestObject(orPath_TaxInfo + "/input_FederalEIN-2"), "RigbBhfdqODKcAsiUrg+1Q=="): Text ****** has been set on object 'Object Repository/RAD_Pages/TaxInfo_Page/input_FederalEIN-2'

2024-01-14 15:59:59 - [MESSAGE][PASSED] - Text ****** has been set on object 'Object Repository/RAD_Pages/TaxInfo_Page/input_FederalEIN-2'

2024-01-14 15:59:59 - [TEST_STEP][PASSED] - setEncryptedText(findTestObject(orPath_TaxInfo + "/input_FederalEIN_ReEnter-2"), "RigbBhfdqOBBGbZqm4oFJQ=="): Text ****** has been set on object 'Object Repository/RAD_Pages/TaxInfo_Page/input_FederalEIN_ReEnter-2'

2024-01-14 15:59:59 - [MESSAGE][PASSED] - Text ****** has been set on object 'Object Repository/RAD_Pages/TaxInfo_Page/input_FederalEIN_ReEnter-2'

2024-01-14 15:59:59 - [TEST_STEP][PASSED] - break: null

2024-01-14 15:59:59 - [TEST_STEP][PASSED] - setText(findTestObject(orPath_Amount + "/input__paymentAmount"), ""): Text '' is set on object 'Object Repository/RAD_Pages/PaymentAmount_Page/input__paymentAmount'

2024-01-14 16:00:00 - [MESSAGE][PASSED] - Text '' is set on object 'Object Repository/RAD_Pages/PaymentAmount_Page/input__paymentAmount'

2024-01-14 16:00:00 - [TEST_STEP][PASSED] - verifyTextPresent("The FEIN and Re-type FEIN do not match", true): Text 'The FEIN and Re-type FEIN do not match' is present on page  using regular expression

2024-01-14 16:00:00 - [MESSAGE][PASSED] - Text 'The FEIN and Re-type FEIN do not match' is present on page  using regular expression

2024-01-14 16:00:00 - [TEST_STEP][PASSED] - if (verifyTextPresent("The FEIN and Re-type FEIN do not match", true)): null

2024-01-14 16:00:01 - [MESSAGE][PASSED] - Text 'The FEIN and Re-type FEIN do not match' is present on page  using regular expression

2024-01-14 16:00:01 - [TEST_STEP][PASSED] - println("Error Message is present on the page"): null

2024-01-14 16:00:01 - [TEST_STEP][PASSED] - out.println("Pass Record Number: " + row): null

2024-01-14 16:00:01 - [TEST_STEP][PASSED] - resText = "Pass": null

2024-01-14 16:00:01 - [TEST_STEP][PASSED] - pages.WriteExcel.demoKey(resText, datText, resColumn, datCloumn, fileLoc, nameSheet, row): pages.WriteExcel.demoKey is PASSED

2024-01-14 16:00:01 - [MESSAGE][PASSED] - pages.WriteExcel.demoKey is PASSED

2024-01-14 16:00:01 - [TEST_STEP][PASSED] - ExecuteTC = findTestData(dataFile).getValue("Execute", row): null

2024-01-14 16:00:01 - [TEST_STEP][PASSED] - Taxtype = findTestData(dataFile).getValue("TaxType", row): null

2024-01-14 16:00:01 - [TEST_STEP][PASSED] - Paymenttype = findTestData(dataFile).getValue("PaymentType", row): null

2024-01-14 16:00:01 - [TEST_STEP][PASSED] - out.println("Value of Execute is : " + ExecuteTC): null

2024-01-14 16:00:01 - [TEST_STEP][PASSED] - if (ExecuteTC.equalsIgnoreCase("Y")): null

2024-01-14 16:00:01 - [TEST_STEP][PASSED] - out.println("Begin Record Number: " + row): null

2024-01-14 16:00:01 - [TEST_STEP][PASSED] - today = new java.util.Date(): null

2024-01-14 16:00:01 - [TEST_STEP][PASSED] - println(today): null

2024-01-14 16:00:01 - [TEST_STEP][PASSED] - datText = today: null

2024-01-14 16:00:01 - [TEST_STEP][PASSED] - Taxtype = findTestData(dataFile).getValue("TaxType", row): null

2024-01-14 16:00:01 - [TEST_STEP][PASSED] - out.println("Taxtype value is : " + Taxtype): null

2024-01-14 16:00:01 - [TEST_STEP][PASSED] - openBrowser(""): Browser is opened with url: ''

2024-01-14 16:00:01 - [MESSAGE][WARNING] - A browser is already opened. Closing browser and opening a new one

2024-01-14 16:00:02 - [MESSAGE][INFO] - Starting 'Chrome' driver

2024-01-14 16:00:02 - [MESSAGE][INFO] - User set preference: ['acceptInsecureCerts', 'true']

2024-01-14 16:00:02 - [MESSAGE][INFO] - Action delay is set to 0 milliseconds

2024-01-14 16:00:04 - [MESSAGE][PASSED] - Browser is opened with url: ''

2024-01-14 16:00:04 - [TEST_STEP][PASSED] - maximizeWindow(): Current window maximized

2024-01-14 16:00:04 - [MESSAGE][PASSED] - Current window maximized

2024-01-14 16:00:04 - [TEST_STEP][PASSED] - navigateToUrl(RADurl): Navigate to 'https://qa2.velocitypayment.com/client/rad/index.html' successfully

2024-01-14 16:00:05 - [MESSAGE][PASSED] - Navigate to 'https://qa2.velocitypayment.com/client/rad/index.html' successfully

2024-01-14 16:00:05 - [TEST_STEP][PASSED] - orPath_Landing = "Object Repository/RAD_Pages/Landing_Page": null

2024-01-14 16:00:05 - [TEST_STEP][PASSED] - orPath_TaxTypeFilingYear = "Object Repository/RAD_Pages/TaxTypeFilingYear_Page": null

2024-01-14 16:00:05 - [TEST_STEP][PASSED] - orPath_TaxPayer = "Object Repository/RAD_Pages/Taxpayer_Page": null

2024-01-14 16:00:05 - [TEST_STEP][PASSED] - orPath_AddressContact = "Object Repository/RAD_Pages/AddressAndContactInfo_Page": null

2024-01-14 16:00:05 - [TEST_STEP][PASSED] - orPath_FilingStatus = "Object Repository/RAD_Pages/FilingStatus_Page": null

2024-01-14 16:00:05 - [TEST_STEP][PASSED] - orPath_Amount = "Object Repository/RAD_Pages/PaymentAmount_Page": null

2024-01-14 16:00:05 - [TEST_STEP][PASSED] - orPath_TaxInfo = "Object Repository/RAD_Pages/TaxInfo_Page": null

2024-01-14 16:00:05 - [TEST_STEP][PASSED] - orPath_Withholding = "Object Repository/RAD_Pages/Withholding_Page": null

2024-01-14 16:00:05 - [TEST_STEP][PASSED] - orPath_Summary = "Object Repository/RAD_Pages/Summary_Page": null

2024-01-14 16:00:05 - [TEST_STEP][PASSED] - orPath_PaymentReady = "Object Repository/RAD_Pages/PaymentReady_Page": null

2024-01-14 16:00:05 - [TEST_STEP][PASSED] - orPath_PaymentEntry = "Object Repository/RAD_Pages/PaymentEntry_Page": null

2024-01-14 16:00:05 - [TEST_STEP][PASSED] - orPath_PaymentConfirmation = "Object Repository/RAD_Pages/PaymentConfirmation_Page": null

2024-01-14 16:00:05 - [TEST_STEP][PASSED] - orPath_ServiceFeesAccept = "Object Repository/RAD_Pages/ServiceFeeAccept_Page": null

2024-01-14 16:00:05 - [TEST_STEP][PASSED] - selectOptionByLabel(findTestObject(orPath_Landing + "/dd_TaxType"), Paymenttype, false): All options with label 'Existing Liability w/Notice Number' are selected in object 'Object Repository/RAD_Pages/Landing_Page/dd_TaxType' 

2024-01-14 16:00:06 - [MESSAGE][PASSED] - All options with label 'Existing Liability w/Notice Number' are selected in object 'Object Repository/RAD_Pages/Landing_Page/dd_TaxType' 

2024-01-14 16:00:06 - [TEST_STEP][PASSED] - delay(1): Delayed 1 second(s)

2024-01-14 16:00:07 - [MESSAGE][PASSED] - Delayed 1 second(s)

2024-01-14 16:00:07 - [TEST_STEP][PASSED] - switch (Paymenttype): null

2024-01-14 16:00:07 - [TEST_STEP][PASSED] - case "Existing Liability w/Notice Number":: null

2024-01-14 16:00:07 - [TEST_STEP][PASSED] - selectOptionByLabel(findTestObject(orPath_TaxTypeFilingYear + "/select_TaxType_ExistingLiability"), Taxtype, false): All options with label 'Admissions and Amusement Tax' are selected in object 'Object Repository/RAD_Pages/TaxTypeFilingYear_Page/select_TaxType_ExistingLiability' 

2024-01-14 16:00:08 - [MESSAGE][PASSED] - All options with label 'Admissions and Amusement Tax' are selected in object 'Object Repository/RAD_Pages/TaxTypeFilingYear_Page/select_TaxType_ExistingLiability' 

2024-01-14 16:00:08 - [TEST_STEP][PASSED] - break: null

2024-01-14 16:00:08 - [TEST_STEP][PASSED] - delay(1): Delayed 1 second(s)

2024-01-14 16:00:09 - [MESSAGE][PASSED] - Delayed 1 second(s)

2024-01-14 16:00:09 - [TEST_STEP][PASSED] - scrollToElement(findTestObject(orPath_Amount + "/input__paymentAmount"), 2, CONTINUE_ON_FAILURE): Scroll to object 'Object Repository/RAD_Pages/PaymentAmount_Page/input__paymentAmount' successfully

2024-01-14 16:00:09 - [MESSAGE][PASSED] - Scroll to object 'Object Repository/RAD_Pages/PaymentAmount_Page/input__paymentAmount' successfully

2024-01-14 16:00:09 - [TEST_STEP][PASSED] - switch (Paymenttype): null

2024-01-14 16:00:09 - [TEST_STEP][PASSED] - case "Existing Liability w/Notice Number":: null

2024-01-14 16:00:09 - [TEST_STEP][PASSED] - setEncryptedText(findTestObject("Object Repository/RAD_RecordAndPlay/input_Existing_FEIN"), "RigbBhfdqODKcAsiUrg+1Q=="): Text ****** has been set on object 'Object Repository/RAD_RecordAndPlay/input_Existing_FEIN'

2024-01-14 16:00:10 - [MESSAGE][PASSED] - Text ****** has been set on object 'Object Repository/RAD_RecordAndPlay/input_Existing_FEIN'

2024-01-14 16:00:10 - [TEST_STEP][PASSED] - setEncryptedText(findTestObject("Object Repository/RAD_RecordAndPlay/input_Existing_RetypeFEIN"), "RigbBhfdqOBBGbZqm4oFJQ=="): Text ****** has been set on object 'Object Repository/RAD_RecordAndPlay/input_Existing_RetypeFEIN'

2024-01-14 16:00:10 - [MESSAGE][PASSED] - Text ****** has been set on object 'Object Repository/RAD_RecordAndPlay/input_Existing_RetypeFEIN'

2024-01-14 16:00:10 - [TEST_STEP][PASSED] - break: null

2024-01-14 16:00:10 - [TEST_STEP][PASSED] - setText(findTestObject(orPath_Amount + "/input__paymentAmount"), ""): Text '' is set on object 'Object Repository/RAD_Pages/PaymentAmount_Page/input__paymentAmount'

2024-01-14 16:00:11 - [MESSAGE][PASSED] - Text '' is set on object 'Object Repository/RAD_Pages/PaymentAmount_Page/input__paymentAmount'

2024-01-14 16:00:11 - [TEST_STEP][PASSED] - verifyTextPresent("The FEIN and Re-type FEIN do not match", true): Text 'The FEIN and Re-type FEIN do not match' is present on page  using regular expression

2024-01-14 16:00:11 - [MESSAGE][PASSED] - Text 'The FEIN and Re-type FEIN do not match' is present on page  using regular expression

2024-01-14 16:00:11 - [TEST_STEP][PASSED] - if (verifyTextPresent("The FEIN and Re-type FEIN do not match", true)): null

2024-01-14 16:00:12 - [MESSAGE][PASSED] - Text 'The FEIN and Re-type FEIN do not match' is present on page  using regular expression

2024-01-14 16:00:12 - [TEST_STEP][PASSED] - println("Error Message is present on the page"): null

2024-01-14 16:00:12 - [TEST_STEP][PASSED] - out.println("Pass Record Number: " + row): null

2024-01-14 16:00:12 - [TEST_STEP][PASSED] - resText = "Pass": null

2024-01-14 16:00:12 - [TEST_STEP][PASSED] - pages.WriteExcel.demoKey(resText, datText, resColumn, datCloumn, fileLoc, nameSheet, row): pages.WriteExcel.demoKey is PASSED

2024-01-14 16:00:12 - [MESSAGE][PASSED] - pages.WriteExcel.demoKey is PASSED

2024-01-14 16:00:12 - [TEST_STEP][PASSED] - ExecuteTC = findTestData(dataFile).getValue("Execute", row): null

2024-01-14 16:00:12 - [TEST_STEP][PASSED] - Taxtype = findTestData(dataFile).getValue("TaxType", row): null

2024-01-14 16:00:12 - [TEST_STEP][PASSED] - Paymenttype = findTestData(dataFile).getValue("PaymentType", row): null

2024-01-14 16:00:12 - [TEST_STEP][PASSED] - out.println("Value of Execute is : " + ExecuteTC): null

2024-01-14 16:00:12 - [TEST_STEP][PASSED] - if (ExecuteTC.equalsIgnoreCase("Y")): null

2024-01-14 16:00:12 - [TEST_STEP][PASSED] - out.println("Begin Record Number: " + row): null

2024-01-14 16:00:12 - [TEST_STEP][PASSED] - today = new java.util.Date(): null

2024-01-14 16:00:12 - [TEST_STEP][PASSED] - println(today): null

2024-01-14 16:00:12 - [TEST_STEP][PASSED] - datText = today: null

2024-01-14 16:00:12 - [TEST_STEP][PASSED] - Taxtype = findTestData(dataFile).getValue("TaxType", row): null

2024-01-14 16:00:12 - [TEST_STEP][PASSED] - out.println("Taxtype value is : " + Taxtype): null

2024-01-14 16:00:12 - [TEST_STEP][PASSED] - openBrowser(""): Browser is opened with url: ''

2024-01-14 16:00:12 - [MESSAGE][WARNING] - A browser is already opened. Closing browser and opening a new one

2024-01-14 16:00:13 - [MESSAGE][INFO] - Starting 'Chrome' driver

2024-01-14 16:00:13 - [MESSAGE][INFO] - User set preference: ['acceptInsecureCerts', 'true']

2024-01-14 16:00:13 - [MESSAGE][INFO] - Action delay is set to 0 milliseconds

2024-01-14 16:00:14 - [MESSAGE][PASSED] - Browser is opened with url: ''

2024-01-14 16:00:14 - [TEST_STEP][PASSED] - maximizeWindow(): Current window maximized

2024-01-14 16:00:15 - [MESSAGE][PASSED] - Current window maximized

2024-01-14 16:00:15 - [TEST_STEP][PASSED] - navigateToUrl(RADurl): Navigate to 'https://qa2.velocitypayment.com/client/rad/index.html' successfully

2024-01-14 16:00:15 - [MESSAGE][PASSED] - Navigate to 'https://qa2.velocitypayment.com/client/rad/index.html' successfully

2024-01-14 16:00:15 - [TEST_STEP][PASSED] - orPath_Landing = "Object Repository/RAD_Pages/Landing_Page": null

2024-01-14 16:00:15 - [TEST_STEP][PASSED] - orPath_TaxTypeFilingYear = "Object Repository/RAD_Pages/TaxTypeFilingYear_Page": null

2024-01-14 16:00:15 - [TEST_STEP][PASSED] - orPath_TaxPayer = "Object Repository/RAD_Pages/Taxpayer_Page": null

2024-01-14 16:00:15 - [TEST_STEP][PASSED] - orPath_AddressContact = "Object Repository/RAD_Pages/AddressAndContactInfo_Page": null

2024-01-14 16:00:15 - [TEST_STEP][PASSED] - orPath_FilingStatus = "Object Repository/RAD_Pages/FilingStatus_Page": null

2024-01-14 16:00:15 - [TEST_STEP][PASSED] - orPath_Amount = "Object Repository/RAD_Pages/PaymentAmount_Page": null

2024-01-14 16:00:15 - [TEST_STEP][PASSED] - orPath_TaxInfo = "Object Repository/RAD_Pages/TaxInfo_Page": null

2024-01-14 16:00:15 - [TEST_STEP][PASSED] - orPath_Withholding = "Object Repository/RAD_Pages/Withholding_Page": null

2024-01-14 16:00:15 - [TEST_STEP][PASSED] - orPath_Summary = "Object Repository/RAD_Pages/Summary_Page": null

2024-01-14 16:00:15 - [TEST_STEP][PASSED] - orPath_PaymentReady = "Object Repository/RAD_Pages/PaymentReady_Page": null

2024-01-14 16:00:15 - [TEST_STEP][PASSED] - orPath_PaymentEntry = "Object Repository/RAD_Pages/PaymentEntry_Page": null

2024-01-14 16:00:15 - [TEST_STEP][PASSED] - orPath_PaymentConfirmation = "Object Repository/RAD_Pages/PaymentConfirmation_Page": null

2024-01-14 16:00:15 - [TEST_STEP][PASSED] - orPath_ServiceFeesAccept = "Object Repository/RAD_Pages/ServiceFeeAccept_Page": null

2024-01-14 16:00:15 - [TEST_STEP][PASSED] - selectOptionByLabel(findTestObject(orPath_Landing + "/dd_TaxType"), Paymenttype, false): All options with label 'Existing Liability w/Notice Number' are selected in object 'Object Repository/RAD_Pages/Landing_Page/dd_TaxType' 

2024-01-14 16:00:17 - [MESSAGE][PASSED] - All options with label 'Existing Liability w/Notice Number' are selected in object 'Object Repository/RAD_Pages/Landing_Page/dd_TaxType' 

2024-01-14 16:00:17 - [TEST_STEP][PASSED] - delay(1): Delayed 1 second(s)

2024-01-14 16:00:18 - [MESSAGE][PASSED] - Delayed 1 second(s)

2024-01-14 16:00:18 - [TEST_STEP][PASSED] - switch (Paymenttype): null

2024-01-14 16:00:18 - [TEST_STEP][PASSED] - case "Existing Liability w/Notice Number":: null

2024-01-14 16:00:18 - [TEST_STEP][PASSED] - selectOptionByLabel(findTestObject(orPath_TaxTypeFilingYear + "/select_TaxType_ExistingLiability"), Taxtype, false): All options with label 'Motor Fuel Tax' are selected in object 'Object Repository/RAD_Pages/TaxTypeFilingYear_Page/select_TaxType_ExistingLiability' 

2024-01-14 16:00:18 - [MESSAGE][PASSED] - All options with label 'Motor Fuel Tax' are selected in object 'Object Repository/RAD_Pages/TaxTypeFilingYear_Page/select_TaxType_ExistingLiability' 

2024-01-14 16:00:18 - [TEST_STEP][PASSED] - break: null

2024-01-14 16:00:18 - [TEST_STEP][PASSED] - delay(1): Delayed 1 second(s)

2024-01-14 16:00:19 - [MESSAGE][PASSED] - Delayed 1 second(s)

2024-01-14 16:00:19 - [TEST_STEP][PASSED] - scrollToElement(findTestObject(orPath_Amount + "/input__paymentAmount"), 2, CONTINUE_ON_FAILURE): Scroll to object 'Object Repository/RAD_Pages/PaymentAmount_Page/input__paymentAmount' successfully

2024-01-14 16:00:20 - [MESSAGE][PASSED] - Scroll to object 'Object Repository/RAD_Pages/PaymentAmount_Page/input__paymentAmount' successfully

2024-01-14 16:00:20 - [TEST_STEP][PASSED] - switch (Paymenttype): null

2024-01-14 16:00:20 - [TEST_STEP][PASSED] - case "Existing Liability w/Notice Number":: null

2024-01-14 16:00:20 - [TEST_STEP][PASSED] - setEncryptedText(findTestObject("Object Repository/RAD_RecordAndPlay/input_Existing_FEIN"), "RigbBhfdqODKcAsiUrg+1Q=="): Text ****** has been set on object 'Object Repository/RAD_RecordAndPlay/input_Existing_FEIN'

2024-01-14 16:00:20 - [MESSAGE][PASSED] - Text ****** has been set on object 'Object Repository/RAD_RecordAndPlay/input_Existing_FEIN'

2024-01-14 16:00:20 - [TEST_STEP][PASSED] - setEncryptedText(findTestObject("Object Repository/RAD_RecordAndPlay/input_Existing_RetypeFEIN"), "RigbBhfdqOBBGbZqm4oFJQ=="): Text ****** has been set on object 'Object Repository/RAD_RecordAndPlay/input_Existing_RetypeFEIN'

2024-01-14 16:00:21 - [MESSAGE][PASSED] - Text ****** has been set on object 'Object Repository/RAD_RecordAndPlay/input_Existing_RetypeFEIN'

2024-01-14 16:00:21 - [TEST_STEP][PASSED] - break: null

2024-01-14 16:00:21 - [TEST_STEP][PASSED] - setText(findTestObject(orPath_Amount + "/input__paymentAmount"), ""): Text '' is set on object 'Object Repository/RAD_Pages/PaymentAmount_Page/input__paymentAmount'

2024-01-14 16:00:21 - [MESSAGE][PASSED] - Text '' is set on object 'Object Repository/RAD_Pages/PaymentAmount_Page/input__paymentAmount'

2024-01-14 16:00:21 - [TEST_STEP][PASSED] - verifyTextPresent("The FEIN and Re-type FEIN do not match", true): Text 'The FEIN and Re-type FEIN do not match' is present on page  using regular expression

2024-01-14 16:00:22 - [MESSAGE][PASSED] - Text 'The FEIN and Re-type FEIN do not match' is present on page  using regular expression

2024-01-14 16:00:22 - [TEST_STEP][PASSED] - if (verifyTextPresent("The FEIN and Re-type FEIN do not match", true)): null

2024-01-14 16:00:22 - [MESSAGE][PASSED] - Text 'The FEIN and Re-type FEIN do not match' is present on page  using regular expression

2024-01-14 16:00:22 - [TEST_STEP][PASSED] - println("Error Message is present on the page"): null

2024-01-14 16:00:22 - [TEST_STEP][PASSED] - out.println("Pass Record Number: " + row): null

2024-01-14 16:00:22 - [TEST_STEP][PASSED] - resText = "Pass": null

2024-01-14 16:00:22 - [TEST_STEP][PASSED] - pages.WriteExcel.demoKey(resText, datText, resColumn, datCloumn, fileLoc, nameSheet, row): pages.WriteExcel.demoKey is PASSED

2024-01-14 16:00:22 - [MESSAGE][PASSED] - pages.WriteExcel.demoKey is PASSED

2024-01-14 16:00:22 - [TEST_STEP][PASSED] - ExecuteTC = findTestData(dataFile).getValue("Execute", row): null

2024-01-14 16:00:22 - [TEST_STEP][PASSED] - Taxtype = findTestData(dataFile).getValue("TaxType", row): null

2024-01-14 16:00:22 - [TEST_STEP][PASSED] - Paymenttype = findTestData(dataFile).getValue("PaymentType", row): null

2024-01-14 16:00:22 - [TEST_STEP][PASSED] - out.println("Value of Execute is : " + ExecuteTC): null

2024-01-14 16:00:22 - [TEST_STEP][PASSED] - if (ExecuteTC.equalsIgnoreCase("Y")): null

2024-01-14 16:00:22 - [TEST_STEP][PASSED] - out.println("Begin Record Number: " + row): null

2024-01-14 16:00:22 - [TEST_STEP][PASSED] - today = new java.util.Date(): null

2024-01-14 16:00:22 - [TEST_STEP][PASSED] - println(today): null

2024-01-14 16:00:22 - [TEST_STEP][PASSED] - datText = today: null

2024-01-14 16:00:22 - [TEST_STEP][PASSED] - Taxtype = findTestData(dataFile).getValue("TaxType", row): null

2024-01-14 16:00:23 - [TEST_STEP][PASSED] - out.println("Taxtype value is : " + Taxtype): null

2024-01-14 16:00:23 - [TEST_STEP][PASSED] - openBrowser(""): Browser is opened with url: ''

2024-01-14 16:00:23 - [MESSAGE][WARNING] - A browser is already opened. Closing browser and opening a new one

2024-01-14 16:00:23 - [MESSAGE][INFO] - Starting 'Chrome' driver

2024-01-14 16:00:23 - [MESSAGE][INFO] - User set preference: ['acceptInsecureCerts', 'true']

2024-01-14 16:00:23 - [MESSAGE][INFO] - Action delay is set to 0 milliseconds

2024-01-14 16:00:25 - [MESSAGE][PASSED] - Browser is opened with url: ''

2024-01-14 16:00:25 - [TEST_STEP][PASSED] - maximizeWindow(): Current window maximized

2024-01-14 16:00:25 - [MESSAGE][PASSED] - Current window maximized

2024-01-14 16:00:25 - [TEST_STEP][PASSED] - navigateToUrl(RADurl): Navigate to 'https://qa2.velocitypayment.com/client/rad/index.html' successfully

2024-01-14 16:00:27 - [MESSAGE][PASSED] - Navigate to 'https://qa2.velocitypayment.com/client/rad/index.html' successfully

2024-01-14 16:00:27 - [TEST_STEP][PASSED] - orPath_Landing = "Object Repository/RAD_Pages/Landing_Page": null

2024-01-14 16:00:27 - [TEST_STEP][PASSED] - orPath_TaxTypeFilingYear = "Object Repository/RAD_Pages/TaxTypeFilingYear_Page": null

2024-01-14 16:00:27 - [TEST_STEP][PASSED] - orPath_TaxPayer = "Object Repository/RAD_Pages/Taxpayer_Page": null

2024-01-14 16:00:27 - [TEST_STEP][PASSED] - orPath_AddressContact = "Object Repository/RAD_Pages/AddressAndContactInfo_Page": null

2024-01-14 16:00:27 - [TEST_STEP][PASSED] - orPath_FilingStatus = "Object Repository/RAD_Pages/FilingStatus_Page": null

2024-01-14 16:00:27 - [TEST_STEP][PASSED] - orPath_Amount = "Object Repository/RAD_Pages/PaymentAmount_Page": null

2024-01-14 16:00:27 - [TEST_STEP][PASSED] - orPath_TaxInfo = "Object Repository/RAD_Pages/TaxInfo_Page": null

2024-01-14 16:00:27 - [TEST_STEP][PASSED] - orPath_Withholding = "Object Repository/RAD_Pages/Withholding_Page": null

2024-01-14 16:00:27 - [TEST_STEP][PASSED] - orPath_Summary = "Object Repository/RAD_Pages/Summary_Page": null

2024-01-14 16:00:27 - [TEST_STEP][PASSED] - orPath_PaymentReady = "Object Repository/RAD_Pages/PaymentReady_Page": null

2024-01-14 16:00:27 - [TEST_STEP][PASSED] - orPath_PaymentEntry = "Object Repository/RAD_Pages/PaymentEntry_Page": null

2024-01-14 16:00:27 - [TEST_STEP][PASSED] - orPath_PaymentConfirmation = "Object Repository/RAD_Pages/PaymentConfirmation_Page": null

2024-01-14 16:00:27 - [TEST_STEP][PASSED] - orPath_ServiceFeesAccept = "Object Repository/RAD_Pages/ServiceFeeAccept_Page": null

2024-01-14 16:00:27 - [TEST_STEP][PASSED] - selectOptionByLabel(findTestObject(orPath_Landing + "/dd_TaxType"), Paymenttype, false): All options with label 'Existing Liability w/Notice Number' are selected in object 'Object Repository/RAD_Pages/Landing_Page/dd_TaxType' 

2024-01-14 16:00:27 - [MESSAGE][PASSED] - All options with label 'Existing Liability w/Notice Number' are selected in object 'Object Repository/RAD_Pages/Landing_Page/dd_TaxType' 

2024-01-14 16:00:27 - [TEST_STEP][PASSED] - delay(1): Delayed 1 second(s)

2024-01-14 16:00:28 - [MESSAGE][PASSED] - Delayed 1 second(s)

2024-01-14 16:00:28 - [TEST_STEP][PASSED] - switch (Paymenttype): null

2024-01-14 16:00:28 - [TEST_STEP][PASSED] - case "Existing Liability w/Notice Number":: null

2024-01-14 16:00:28 - [TEST_STEP][PASSED] - selectOptionByLabel(findTestObject(orPath_TaxTypeFilingYear + "/select_TaxType_ExistingLiability"), Taxtype, false): All options with label 'Slots License Fee' are selected in object 'Object Repository/RAD_Pages/TaxTypeFilingYear_Page/select_TaxType_ExistingLiability' 

2024-01-14 16:00:29 - [MESSAGE][PASSED] - All options with label 'Slots License Fee' are selected in object 'Object Repository/RAD_Pages/TaxTypeFilingYear_Page/select_TaxType_ExistingLiability' 

2024-01-14 16:00:29 - [TEST_STEP][PASSED] - break: null

2024-01-14 16:00:29 - [TEST_STEP][PASSED] - delay(1): Delayed 1 second(s)

2024-01-14 16:00:30 - [MESSAGE][PASSED] - Delayed 1 second(s)

2024-01-14 16:00:30 - [TEST_STEP][PASSED] - scrollToElement(findTestObject(orPath_Amount + "/input__paymentAmount"), 2, CONTINUE_ON_FAILURE): Scroll to object 'Object Repository/RAD_Pages/PaymentAmount_Page/input__paymentAmount' successfully

2024-01-14 16:00:30 - [MESSAGE][PASSED] - Scroll to object 'Object Repository/RAD_Pages/PaymentAmount_Page/input__paymentAmount' successfully

2024-01-14 16:00:30 - [TEST_STEP][PASSED] - switch (Paymenttype): null

2024-01-14 16:00:30 - [TEST_STEP][PASSED] - case "Existing Liability w/Notice Number":: null

2024-01-14 16:00:30 - [TEST_STEP][PASSED] - setEncryptedText(findTestObject("Object Repository/RAD_RecordAndPlay/input_Existing_FEIN"), "RigbBhfdqODKcAsiUrg+1Q=="): Text ****** has been set on object 'Object Repository/RAD_RecordAndPlay/input_Existing_FEIN'

2024-01-14 16:00:31 - [MESSAGE][PASSED] - Text ****** has been set on object 'Object Repository/RAD_RecordAndPlay/input_Existing_FEIN'

2024-01-14 16:00:31 - [TEST_STEP][PASSED] - setEncryptedText(findTestObject("Object Repository/RAD_RecordAndPlay/input_Existing_RetypeFEIN"), "RigbBhfdqOBBGbZqm4oFJQ=="): Text ****** has been set on object 'Object Repository/RAD_RecordAndPlay/input_Existing_RetypeFEIN'

2024-01-14 16:00:31 - [MESSAGE][PASSED] - Text ****** has been set on object 'Object Repository/RAD_RecordAndPlay/input_Existing_RetypeFEIN'

2024-01-14 16:00:31 - [TEST_STEP][PASSED] - break: null

2024-01-14 16:00:31 - [TEST_STEP][PASSED] - setText(findTestObject(orPath_Amount + "/input__paymentAmount"), ""): Text '' is set on object 'Object Repository/RAD_Pages/PaymentAmount_Page/input__paymentAmount'

2024-01-14 16:00:32 - [MESSAGE][PASSED] - Text '' is set on object 'Object Repository/RAD_Pages/PaymentAmount_Page/input__paymentAmount'

2024-01-14 16:00:32 - [TEST_STEP][PASSED] - verifyTextPresent("The FEIN and Re-type FEIN do not match", true): Text 'The FEIN and Re-type FEIN do not match' is present on page  using regular expression

2024-01-14 16:00:33 - [MESSAGE][PASSED] - Text 'The FEIN and Re-type FEIN do not match' is present on page  using regular expression

2024-01-14 16:00:33 - [TEST_STEP][PASSED] - if (verifyTextPresent("The FEIN and Re-type FEIN do not match", true)): null

2024-01-14 16:00:33 - [MESSAGE][PASSED] - Text 'The FEIN and Re-type FEIN do not match' is present on page  using regular expression

2024-01-14 16:00:33 - [TEST_STEP][PASSED] - println("Error Message is present on the page"): null

2024-01-14 16:00:33 - [TEST_STEP][PASSED] - out.println("Pass Record Number: " + row): null

2024-01-14 16:00:33 - [TEST_STEP][PASSED] - resText = "Pass": null

2024-01-14 16:00:33 - [TEST_STEP][PASSED] - pages.WriteExcel.demoKey(resText, datText, resColumn, datCloumn, fileLoc, nameSheet, row): pages.WriteExcel.demoKey is PASSED

2024-01-14 16:00:33 - [MESSAGE][PASSED] - pages.WriteExcel.demoKey is PASSED

2024-01-14 16:00:33 - [TEST_STEP][PASSED] - ExecuteTC = findTestData(dataFile).getValue("Execute", row): null

2024-01-14 16:00:33 - [TEST_STEP][PASSED] - Taxtype = findTestData(dataFile).getValue("TaxType", row): null

2024-01-14 16:00:33 - [TEST_STEP][PASSED] - Paymenttype = findTestData(dataFile).getValue("PaymentType", row): null

2024-01-14 16:00:33 - [TEST_STEP][PASSED] - out.println("Value of Execute is : " + ExecuteTC): null

2024-01-14 16:00:33 - [TEST_STEP][PASSED] - if (ExecuteTC.equalsIgnoreCase("Y")): null

2024-01-14 16:00:33 - [TEST_STEP][PASSED] - out.println("Begin Record Number: " + row): null

2024-01-14 16:00:33 - [TEST_STEP][PASSED] - today = new java.util.Date(): null

2024-01-14 16:00:33 - [TEST_STEP][PASSED] - println(today): null

2024-01-14 16:00:33 - [TEST_STEP][PASSED] - datText = today: null

2024-01-14 16:00:33 - [TEST_STEP][PASSED] - Taxtype = findTestData(dataFile).getValue("TaxType", row): null

2024-01-14 16:00:33 - [TEST_STEP][PASSED] - out.println("Taxtype value is : " + Taxtype): null

2024-01-14 16:00:33 - [TEST_STEP][PASSED] - openBrowser(""): Browser is opened with url: ''

2024-01-14 16:00:33 - [MESSAGE][WARNING] - A browser is already opened. Closing browser and opening a new one

2024-01-14 16:00:34 - [MESSAGE][INFO] - Starting 'Chrome' driver

2024-01-14 16:00:34 - [MESSAGE][INFO] - User set preference: ['acceptInsecureCerts', 'true']

2024-01-14 16:00:34 - [MESSAGE][INFO] - Action delay is set to 0 milliseconds

2024-01-14 16:00:36 - [MESSAGE][PASSED] - Browser is opened with url: ''

2024-01-14 16:00:36 - [TEST_STEP][PASSED] - maximizeWindow(): Current window maximized

2024-01-14 16:00:36 - [MESSAGE][PASSED] - Current window maximized

2024-01-14 16:00:36 - [TEST_STEP][PASSED] - navigateToUrl(RADurl): Navigate to 'https://qa2.velocitypayment.com/client/rad/index.html' successfully

2024-01-14 16:00:37 - [MESSAGE][PASSED] - Navigate to 'https://qa2.velocitypayment.com/client/rad/index.html' successfully

2024-01-14 16:00:37 - [TEST_STEP][PASSED] - orPath_Landing = "Object Repository/RAD_Pages/Landing_Page": null

2024-01-14 16:00:37 - [TEST_STEP][PASSED] - orPath_TaxTypeFilingYear = "Object Repository/RAD_Pages/TaxTypeFilingYear_Page": null

2024-01-14 16:00:37 - [TEST_STEP][PASSED] - orPath_TaxPayer = "Object Repository/RAD_Pages/Taxpayer_Page": null

2024-01-14 16:00:37 - [TEST_STEP][PASSED] - orPath_AddressContact = "Object Repository/RAD_Pages/AddressAndContactInfo_Page": null

2024-01-14 16:00:37 - [TEST_STEP][PASSED] - orPath_FilingStatus = "Object Repository/RAD_Pages/FilingStatus_Page": null

2024-01-14 16:00:37 - [TEST_STEP][PASSED] - orPath_Amount = "Object Repository/RAD_Pages/PaymentAmount_Page": null

2024-01-14 16:00:37 - [TEST_STEP][PASSED] - orPath_TaxInfo = "Object Repository/RAD_Pages/TaxInfo_Page": null

2024-01-14 16:00:37 - [TEST_STEP][PASSED] - orPath_Withholding = "Object Repository/RAD_Pages/Withholding_Page": null

2024-01-14 16:00:37 - [TEST_STEP][PASSED] - orPath_Summary = "Object Repository/RAD_Pages/Summary_Page": null

2024-01-14 16:00:37 - [TEST_STEP][PASSED] - orPath_PaymentReady = "Object Repository/RAD_Pages/PaymentReady_Page": null

2024-01-14 16:00:37 - [TEST_STEP][PASSED] - orPath_PaymentEntry = "Object Repository/RAD_Pages/PaymentEntry_Page": null

2024-01-14 16:00:37 - [TEST_STEP][PASSED] - orPath_PaymentConfirmation = "Object Repository/RAD_Pages/PaymentConfirmation_Page": null

2024-01-14 16:00:37 - [TEST_STEP][PASSED] - orPath_ServiceFeesAccept = "Object Repository/RAD_Pages/ServiceFeeAccept_Page": null

2024-01-14 16:00:37 - [TEST_STEP][PASSED] - selectOptionByLabel(findTestObject(orPath_Landing + "/dd_TaxType"), Paymenttype, false): All options with label 'Existing Liability w/Notice Number' are selected in object 'Object Repository/RAD_Pages/Landing_Page/dd_TaxType' 

2024-01-14 16:00:38 - [MESSAGE][PASSED] - All options with label 'Existing Liability w/Notice Number' are selected in object 'Object Repository/RAD_Pages/Landing_Page/dd_TaxType' 

2024-01-14 16:00:38 - [TEST_STEP][PASSED] - delay(1): Delayed 1 second(s)

2024-01-14 16:00:39 - [MESSAGE][PASSED] - Delayed 1 second(s)

2024-01-14 16:00:39 - [TEST_STEP][PASSED] - switch (Paymenttype): null

2024-01-14 16:00:39 - [TEST_STEP][PASSED] - case "Existing Liability w/Notice Number":: null

2024-01-14 16:00:39 - [TEST_STEP][PASSED] - selectOptionByLabel(findTestObject(orPath_TaxTypeFilingYear + "/select_TaxType_ExistingLiability"), Taxtype, false): All options with label 'Transportation Network Services' are selected in object 'Object Repository/RAD_Pages/TaxTypeFilingYear_Page/select_TaxType_ExistingLiability' 

2024-01-14 16:00:40 - [MESSAGE][PASSED] - All options with label 'Transportation Network Services' are selected in object 'Object Repository/RAD_Pages/TaxTypeFilingYear_Page/select_TaxType_ExistingLiability' 

2024-01-14 16:00:40 - [TEST_STEP][PASSED] - break: null

2024-01-14 16:00:40 - [TEST_STEP][PASSED] - delay(1): Delayed 1 second(s)

2024-01-14 16:00:41 - [MESSAGE][PASSED] - Delayed 1 second(s)

2024-01-14 16:00:41 - [TEST_STEP][PASSED] - scrollToElement(findTestObject(orPath_Amount + "/input__paymentAmount"), 2, CONTINUE_ON_FAILURE): Scroll to object 'Object Repository/RAD_Pages/PaymentAmount_Page/input__paymentAmount' successfully

2024-01-14 16:00:41 - [MESSAGE][PASSED] - Scroll to object 'Object Repository/RAD_Pages/PaymentAmount_Page/input__paymentAmount' successfully

2024-01-14 16:00:41 - [TEST_STEP][PASSED] - switch (Paymenttype): null

2024-01-14 16:00:41 - [TEST_STEP][PASSED] - case "Existing Liability w/Notice Number":: null

2024-01-14 16:00:41 - [TEST_STEP][PASSED] - setEncryptedText(findTestObject("Object Repository/RAD_RecordAndPlay/input_Existing_FEIN"), "RigbBhfdqODKcAsiUrg+1Q=="): Text ****** has been set on object 'Object Repository/RAD_RecordAndPlay/input_Existing_FEIN'

2024-01-14 16:00:42 - [MESSAGE][PASSED] - Text ****** has been set on object 'Object Repository/RAD_RecordAndPlay/input_Existing_FEIN'

2024-01-14 16:00:42 - [TEST_STEP][PASSED] - setEncryptedText(findTestObject("Object Repository/RAD_RecordAndPlay/input_Existing_RetypeFEIN"), "RigbBhfdqOBBGbZqm4oFJQ=="): Text ****** has been set on object 'Object Repository/RAD_RecordAndPlay/input_Existing_RetypeFEIN'

2024-01-14 16:00:42 - [MESSAGE][PASSED] - Text ****** has been set on object 'Object Repository/RAD_RecordAndPlay/input_Existing_RetypeFEIN'

2024-01-14 16:00:42 - [TEST_STEP][PASSED] - break: null

2024-01-14 16:00:42 - [TEST_STEP][PASSED] - setText(findTestObject(orPath_Amount + "/input__paymentAmount"), ""): Text '' is set on object 'Object Repository/RAD_Pages/PaymentAmount_Page/input__paymentAmount'

2024-01-14 16:00:43 - [MESSAGE][PASSED] - Text '' is set on object 'Object Repository/RAD_Pages/PaymentAmount_Page/input__paymentAmount'

2024-01-14 16:00:43 - [TEST_STEP][PASSED] - verifyTextPresent("The FEIN and Re-type FEIN do not match", true): Text 'The FEIN and Re-type FEIN do not match' is present on page  using regular expression

2024-01-14 16:00:44 - [MESSAGE][PASSED] - Text 'The FEIN and Re-type FEIN do not match' is present on page  using regular expression

2024-01-14 16:00:44 - [TEST_STEP][PASSED] - if (verifyTextPresent("The FEIN and Re-type FEIN do not match", true)): null

2024-01-14 16:00:44 - [MESSAGE][PASSED] - Text 'The FEIN and Re-type FEIN do not match' is present on page  using regular expression

2024-01-14 16:00:44 - [TEST_STEP][PASSED] - println("Error Message is present on the page"): null

2024-01-14 16:00:44 - [TEST_STEP][PASSED] - out.println("Pass Record Number: " + row): null

2024-01-14 16:00:44 - [TEST_STEP][PASSED] - resText = "Pass": null

2024-01-14 16:00:44 - [TEST_STEP][PASSED] - pages.WriteExcel.demoKey(resText, datText, resColumn, datCloumn, fileLoc, nameSheet, row): pages.WriteExcel.demoKey is PASSED

2024-01-14 16:00:44 - [MESSAGE][PASSED] - pages.WriteExcel.demoKey is PASSED

2024-01-14 16:00:44 - [TEST_STEP][PASSED] - ExecuteTC = findTestData(dataFile).getValue("Execute", row): null

2024-01-14 16:00:44 - [TEST_STEP][PASSED] - Taxtype = findTestData(dataFile).getValue("TaxType", row): null

2024-01-14 16:00:44 - [TEST_STEP][PASSED] - Paymenttype = findTestData(dataFile).getValue("PaymentType", row): null

2024-01-14 16:00:44 - [TEST_STEP][PASSED] - out.println("Value of Execute is : " + ExecuteTC): null

2024-01-14 16:00:44 - [TEST_STEP][PASSED] - if (ExecuteTC.equalsIgnoreCase("Y")): null

2024-01-14 16:00:44 - [TEST_STEP][PASSED] - out.println("Begin Record Number: " + row): null

2024-01-14 16:00:44 - [TEST_STEP][PASSED] - today = new java.util.Date(): null

2024-01-14 16:00:44 - [TEST_STEP][PASSED] - println(today): null

2024-01-14 16:00:44 - [TEST_STEP][PASSED] - datText = today: null

2024-01-14 16:00:44 - [TEST_STEP][PASSED] - Taxtype = findTestData(dataFile).getValue("TaxType", row): null

2024-01-14 16:00:44 - [TEST_STEP][PASSED] - out.println("Taxtype value is : " + Taxtype): null

2024-01-14 16:00:44 - [TEST_STEP][PASSED] - openBrowser(""): Browser is opened with url: ''

2024-01-14 16:00:44 - [MESSAGE][WARNING] - A browser is already opened. Closing browser and opening a new one

2024-01-14 16:00:45 - [MESSAGE][INFO] - Starting 'Chrome' driver

2024-01-14 16:00:45 - [MESSAGE][INFO] - User set preference: ['acceptInsecureCerts', 'true']

2024-01-14 16:00:45 - [MESSAGE][INFO] - Action delay is set to 0 milliseconds

2024-01-14 16:00:47 - [MESSAGE][PASSED] - Browser is opened with url: ''

2024-01-14 16:00:47 - [TEST_STEP][PASSED] - maximizeWindow(): Current window maximized

2024-01-14 16:00:47 - [MESSAGE][PASSED] - Current window maximized

2024-01-14 16:00:47 - [TEST_STEP][PASSED] - navigateToUrl(RADurl): Navigate to 'https://qa2.velocitypayment.com/client/rad/index.html' successfully

2024-01-14 16:00:48 - [MESSAGE][PASSED] - Navigate to 'https://qa2.velocitypayment.com/client/rad/index.html' successfully

2024-01-14 16:00:48 - [TEST_STEP][PASSED] - orPath_Landing = "Object Repository/RAD_Pages/Landing_Page": null

2024-01-14 16:00:48 - [TEST_STEP][PASSED] - orPath_TaxTypeFilingYear = "Object Repository/RAD_Pages/TaxTypeFilingYear_Page": null

2024-01-14 16:00:48 - [TEST_STEP][PASSED] - orPath_TaxPayer = "Object Repository/RAD_Pages/Taxpayer_Page": null

2024-01-14 16:00:48 - [TEST_STEP][PASSED] - orPath_AddressContact = "Object Repository/RAD_Pages/AddressAndContactInfo_Page": null

2024-01-14 16:00:48 - [TEST_STEP][PASSED] - orPath_FilingStatus = "Object Repository/RAD_Pages/FilingStatus_Page": null

2024-01-14 16:00:48 - [TEST_STEP][PASSED] - orPath_Amount = "Object Repository/RAD_Pages/PaymentAmount_Page": null

2024-01-14 16:00:48 - [TEST_STEP][PASSED] - orPath_TaxInfo = "Object Repository/RAD_Pages/TaxInfo_Page": null

2024-01-14 16:00:48 - [TEST_STEP][PASSED] - orPath_Withholding = "Object Repository/RAD_Pages/Withholding_Page": null

2024-01-14 16:00:48 - [TEST_STEP][PASSED] - orPath_Summary = "Object Repository/RAD_Pages/Summary_Page": null

2024-01-14 16:00:48 - [TEST_STEP][PASSED] - orPath_PaymentReady = "Object Repository/RAD_Pages/PaymentReady_Page": null

2024-01-14 16:00:48 - [TEST_STEP][PASSED] - orPath_PaymentEntry = "Object Repository/RAD_Pages/PaymentEntry_Page": null

2024-01-14 16:00:48 - [TEST_STEP][PASSED] - orPath_PaymentConfirmation = "Object Repository/RAD_Pages/PaymentConfirmation_Page": null

2024-01-14 16:00:48 - [TEST_STEP][PASSED] - orPath_ServiceFeesAccept = "Object Repository/RAD_Pages/ServiceFeeAccept_Page": null

2024-01-14 16:00:48 - [TEST_STEP][PASSED] - selectOptionByLabel(findTestObject(orPath_Landing + "/dd_TaxType"), Paymenttype, false): All options with label 'Existing Liability w/Notice Number' are selected in object 'Object Repository/RAD_Pages/Landing_Page/dd_TaxType' 

2024-01-14 16:00:49 - [MESSAGE][PASSED] - All options with label 'Existing Liability w/Notice Number' are selected in object 'Object Repository/RAD_Pages/Landing_Page/dd_TaxType' 

2024-01-14 16:00:49 - [TEST_STEP][PASSED] - delay(1): Delayed 1 second(s)

2024-01-14 16:00:50 - [MESSAGE][PASSED] - Delayed 1 second(s)

2024-01-14 16:00:50 - [TEST_STEP][PASSED] - switch (Paymenttype): null

2024-01-14 16:00:50 - [TEST_STEP][PASSED] - case "Existing Liability w/Notice Number":: null

2024-01-14 16:00:50 - [TEST_STEP][PASSED] - selectOptionByLabel(findTestObject(orPath_TaxTypeFilingYear + "/select_TaxType_ExistingLiability"), Taxtype, false): All options with label 'Unclaimed Property' are selected in object 'Object Repository/RAD_Pages/TaxTypeFilingYear_Page/select_TaxType_ExistingLiability' 

2024-01-14 16:00:51 - [MESSAGE][PASSED] - All options with label 'Unclaimed Property' are selected in object 'Object Repository/RAD_Pages/TaxTypeFilingYear_Page/select_TaxType_ExistingLiability' 

2024-01-14 16:00:51 - [TEST_STEP][PASSED] - break: null

2024-01-14 16:00:51 - [TEST_STEP][PASSED] - delay(1): Delayed 1 second(s)

2024-01-14 16:00:52 - [MESSAGE][PASSED] - Delayed 1 second(s)

2024-01-14 16:00:52 - [TEST_STEP][PASSED] - scrollToElement(findTestObject(orPath_Amount + "/input__paymentAmount"), 2, CONTINUE_ON_FAILURE): Scroll to object 'Object Repository/RAD_Pages/PaymentAmount_Page/input__paymentAmount' successfully

2024-01-14 16:00:52 - [MESSAGE][PASSED] - Scroll to object 'Object Repository/RAD_Pages/PaymentAmount_Page/input__paymentAmount' successfully

2024-01-14 16:00:52 - [TEST_STEP][PASSED] - switch (Paymenttype): null

2024-01-14 16:00:52 - [TEST_STEP][PASSED] - case "Existing Liability w/Notice Number":: null

2024-01-14 16:00:52 - [TEST_STEP][PASSED] - setEncryptedText(findTestObject("Object Repository/RAD_RecordAndPlay/input_Existing_FEIN"), "RigbBhfdqODKcAsiUrg+1Q=="): Text ****** has been set on object 'Object Repository/RAD_RecordAndPlay/input_Existing_FEIN'

2024-01-14 16:00:52 - [MESSAGE][PASSED] - Text ****** has been set on object 'Object Repository/RAD_RecordAndPlay/input_Existing_FEIN'

2024-01-14 16:00:53 - [TEST_STEP][PASSED] - setEncryptedText(findTestObject("Object Repository/RAD_RecordAndPlay/input_Existing_RetypeFEIN"), "RigbBhfdqOBBGbZqm4oFJQ=="): Text ****** has been set on object 'Object Repository/RAD_RecordAndPlay/input_Existing_RetypeFEIN'

2024-01-14 16:00:53 - [MESSAGE][PASSED] - Text ****** has been set on object 'Object Repository/RAD_RecordAndPlay/input_Existing_RetypeFEIN'

2024-01-14 16:00:53 - [TEST_STEP][PASSED] - break: null

2024-01-14 16:00:53 - [TEST_STEP][PASSED] - setText(findTestObject(orPath_Amount + "/input__paymentAmount"), ""): Text '' is set on object 'Object Repository/RAD_Pages/PaymentAmount_Page/input__paymentAmount'

2024-01-14 16:00:54 - [MESSAGE][PASSED] - Text '' is set on object 'Object Repository/RAD_Pages/PaymentAmount_Page/input__paymentAmount'

2024-01-14 16:00:54 - [TEST_STEP][PASSED] - verifyTextPresent("The FEIN and Re-type FEIN do not match", true): Text 'The FEIN and Re-type FEIN do not match' is present on page  using regular expression

2024-01-14 16:00:54 - [MESSAGE][PASSED] - Text 'The FEIN and Re-type FEIN do not match' is present on page  using regular expression

2024-01-14 16:00:54 - [TEST_STEP][PASSED] - if (verifyTextPresent("The FEIN and Re-type FEIN do not match", true)): null

2024-01-14 16:00:55 - [MESSAGE][PASSED] - Text 'The FEIN and Re-type FEIN do not match' is present on page  using regular expression

2024-01-14 16:00:55 - [TEST_STEP][PASSED] - println("Error Message is present on the page"): null

2024-01-14 16:00:55 - [TEST_STEP][PASSED] - out.println("Pass Record Number: " + row): null

2024-01-14 16:00:55 - [TEST_STEP][PASSED] - resText = "Pass": null

2024-01-14 16:00:55 - [TEST_STEP][PASSED] - pages.WriteExcel.demoKey(resText, datText, resColumn, datCloumn, fileLoc, nameSheet, row): pages.WriteExcel.demoKey is PASSED

2024-01-14 16:00:55 - [MESSAGE][PASSED] - pages.WriteExcel.demoKey is PASSED

2024-01-14 16:00:55 - [TEST_STEP][PASSED] - ExecuteTC = findTestData(dataFile).getValue("Execute", row): null

2024-01-14 16:00:55 - [TEST_STEP][PASSED] - Taxtype = findTestData(dataFile).getValue("TaxType", row): null

2024-01-14 16:00:55 - [TEST_STEP][PASSED] - Paymenttype = findTestData(dataFile).getValue("PaymentType", row): null

2024-01-14 16:00:55 - [TEST_STEP][PASSED] - out.println("Value of Execute is : " + ExecuteTC): null

2024-01-14 16:00:55 - [TEST_STEP][PASSED] - if (ExecuteTC.equalsIgnoreCase("Y")): null

2024-01-14 16:00:55 - [TEST_STEP][PASSED] - out.println("Begin Record Number: " + row): null

2024-01-14 16:00:55 - [TEST_STEP][PASSED] - today = new java.util.Date(): null

2024-01-14 16:00:55 - [TEST_STEP][PASSED] - println(today): null

2024-01-14 16:00:55 - [TEST_STEP][PASSED] - datText = today: null

2024-01-14 16:00:55 - [TEST_STEP][PASSED] - Taxtype = findTestData(dataFile).getValue("TaxType", row): null

2024-01-14 16:00:55 - [TEST_STEP][PASSED] - out.println("Taxtype value is : " + Taxtype): null

2024-01-14 16:00:55 - [TEST_STEP][PASSED] - openBrowser(""): Browser is opened with url: ''

2024-01-14 16:00:55 - [MESSAGE][WARNING] - A browser is already opened. Closing browser and opening a new one

2024-01-14 16:00:56 - [MESSAGE][INFO] - Starting 'Chrome' driver

2024-01-14 16:00:56 - [MESSAGE][INFO] - User set preference: ['acceptInsecureCerts', 'true']

2024-01-14 16:00:56 - [MESSAGE][INFO] - Action delay is set to 0 milliseconds

2024-01-14 16:00:57 - [MESSAGE][PASSED] - Browser is opened with url: ''

2024-01-14 16:00:57 - [TEST_STEP][PASSED] - maximizeWindow(): Current window maximized

2024-01-14 16:00:57 - [MESSAGE][PASSED] - Current window maximized

2024-01-14 16:00:57 - [TEST_STEP][PASSED] - navigateToUrl(RADurl): Navigate to 'https://qa2.velocitypayment.com/client/rad/index.html' successfully

2024-01-14 16:00:59 - [MESSAGE][PASSED] - Navigate to 'https://qa2.velocitypayment.com/client/rad/index.html' successfully

2024-01-14 16:00:59 - [TEST_STEP][PASSED] - orPath_Landing = "Object Repository/RAD_Pages/Landing_Page": null

2024-01-14 16:00:59 - [TEST_STEP][PASSED] - orPath_TaxTypeFilingYear = "Object Repository/RAD_Pages/TaxTypeFilingYear_Page": null

2024-01-14 16:00:59 - [TEST_STEP][PASSED] - orPath_TaxPayer = "Object Repository/RAD_Pages/Taxpayer_Page": null

2024-01-14 16:00:59 - [TEST_STEP][PASSED] - orPath_AddressContact = "Object Repository/RAD_Pages/AddressAndContactInfo_Page": null

2024-01-14 16:00:59 - [TEST_STEP][PASSED] - orPath_FilingStatus = "Object Repository/RAD_Pages/FilingStatus_Page": null

2024-01-14 16:00:59 - [TEST_STEP][PASSED] - orPath_Amount = "Object Repository/RAD_Pages/PaymentAmount_Page": null

2024-01-14 16:00:59 - [TEST_STEP][PASSED] - orPath_TaxInfo = "Object Repository/RAD_Pages/TaxInfo_Page": null

2024-01-14 16:00:59 - [TEST_STEP][PASSED] - orPath_Withholding = "Object Repository/RAD_Pages/Withholding_Page": null

2024-01-14 16:00:59 - [TEST_STEP][PASSED] - orPath_Summary = "Object Repository/RAD_Pages/Summary_Page": null

2024-01-14 16:00:59 - [TEST_STEP][PASSED] - orPath_PaymentReady = "Object Repository/RAD_Pages/PaymentReady_Page": null

2024-01-14 16:00:59 - [TEST_STEP][PASSED] - orPath_PaymentEntry = "Object Repository/RAD_Pages/PaymentEntry_Page": null

2024-01-14 16:00:59 - [TEST_STEP][PASSED] - orPath_PaymentConfirmation = "Object Repository/RAD_Pages/PaymentConfirmation_Page": null

2024-01-14 16:00:59 - [TEST_STEP][PASSED] - orPath_ServiceFeesAccept = "Object Repository/RAD_Pages/ServiceFeeAccept_Page": null

2024-01-14 16:00:59 - [TEST_STEP][PASSED] - selectOptionByLabel(findTestObject(orPath_Landing + "/dd_TaxType"), Paymenttype, false): All options with label 'Existing Liability w/Notice Number' are selected in object 'Object Repository/RAD_Pages/Landing_Page/dd_TaxType' 

2024-01-14 16:01:00 - [MESSAGE][PASSED] - All options with label 'Existing Liability w/Notice Number' are selected in object 'Object Repository/RAD_Pages/Landing_Page/dd_TaxType' 

2024-01-14 16:01:00 - [TEST_STEP][PASSED] - delay(1): Delayed 1 second(s)

2024-01-14 16:01:01 - [MESSAGE][PASSED] - Delayed 1 second(s)

2024-01-14 16:01:01 - [TEST_STEP][PASSED] - switch (Paymenttype): null

2024-01-14 16:01:01 - [TEST_STEP][PASSED] - case "Existing Liability w/Notice Number":: null

2024-01-14 16:01:01 - [TEST_STEP][PASSED] - selectOptionByLabel(findTestObject(orPath_TaxTypeFilingYear + "/select_TaxType_ExistingLiability"), Taxtype, false): All options with label 'IFTA Tax' are selected in object 'Object Repository/RAD_Pages/TaxTypeFilingYear_Page/select_TaxType_ExistingLiability' 

2024-01-14 16:01:01 - [MESSAGE][PASSED] - All options with label 'IFTA Tax' are selected in object 'Object Repository/RAD_Pages/TaxTypeFilingYear_Page/select_TaxType_ExistingLiability' 

2024-01-14 16:01:01 - [TEST_STEP][PASSED] - break: null

2024-01-14 16:01:01 - [TEST_STEP][PASSED] - delay(1): Delayed 1 second(s)

2024-01-14 16:01:02 - [MESSAGE][PASSED] - Delayed 1 second(s)

2024-01-14 16:01:02 - [TEST_STEP][PASSED] - scrollToElement(findTestObject(orPath_Amount + "/input__paymentAmount"), 2, CONTINUE_ON_FAILURE): Scroll to object 'Object Repository/RAD_Pages/PaymentAmount_Page/input__paymentAmount' successfully

2024-01-14 16:01:03 - [MESSAGE][PASSED] - Scroll to object 'Object Repository/RAD_Pages/PaymentAmount_Page/input__paymentAmount' successfully

2024-01-14 16:01:03 - [TEST_STEP][PASSED] - switch (Paymenttype): null

2024-01-14 16:01:03 - [TEST_STEP][PASSED] - case "Existing Liability w/Notice Number":: null

2024-01-14 16:01:03 - [TEST_STEP][PASSED] - setEncryptedText(findTestObject("Object Repository/RAD_RecordAndPlay/input_Existing_FEIN"), "RigbBhfdqODKcAsiUrg+1Q=="): Text ****** has been set on object 'Object Repository/RAD_RecordAndPlay/input_Existing_FEIN'

2024-01-14 16:01:03 - [MESSAGE][PASSED] - Text ****** has been set on object 'Object Repository/RAD_RecordAndPlay/input_Existing_FEIN'

2024-01-14 16:01:03 - [TEST_STEP][PASSED] - setEncryptedText(findTestObject("Object Repository/RAD_RecordAndPlay/input_Existing_RetypeFEIN"), "RigbBhfdqOBBGbZqm4oFJQ=="): Text ****** has been set on object 'Object Repository/RAD_RecordAndPlay/input_Existing_RetypeFEIN'

2024-01-14 16:01:04 - [MESSAGE][PASSED] - Text ****** has been set on object 'Object Repository/RAD_RecordAndPlay/input_Existing_RetypeFEIN'

2024-01-14 16:01:04 - [TEST_STEP][PASSED] - break: null

2024-01-14 16:01:04 - [TEST_STEP][PASSED] - setText(findTestObject(orPath_Amount + "/input__paymentAmount"), ""): Text '' is set on object 'Object Repository/RAD_Pages/PaymentAmount_Page/input__paymentAmount'

2024-01-14 16:01:05 - [MESSAGE][PASSED] - Text '' is set on object 'Object Repository/RAD_Pages/PaymentAmount_Page/input__paymentAmount'

2024-01-14 16:01:05 - [TEST_STEP][PASSED] - verifyTextPresent("The FEIN and Re-type FEIN do not match", true): Text 'The FEIN and Re-type FEIN do not match' is present on page  using regular expression

2024-01-14 16:01:05 - [MESSAGE][PASSED] - Text 'The FEIN and Re-type FEIN do not match' is present on page  using regular expression

2024-01-14 16:01:05 - [TEST_STEP][PASSED] - if (verifyTextPresent("The FEIN and Re-type FEIN do not match", true)): null

2024-01-14 16:01:06 - [MESSAGE][PASSED] - Text 'The FEIN and Re-type FEIN do not match' is present on page  using regular expression

2024-01-14 16:01:06 - [TEST_STEP][PASSED] - println("Error Message is present on the page"): null

2024-01-14 16:01:06 - [TEST_STEP][PASSED] - out.println("Pass Record Number: " + row): null

2024-01-14 16:01:06 - [TEST_STEP][PASSED] - resText = "Pass": null

2024-01-14 16:01:06 - [TEST_STEP][PASSED] - pages.WriteExcel.demoKey(resText, datText, resColumn, datCloumn, fileLoc, nameSheet, row): pages.WriteExcel.demoKey is PASSED

2024-01-14 16:01:06 - [MESSAGE][PASSED] - pages.WriteExcel.demoKey is PASSED

2024-01-14 16:01:06 - [TEST_STEP][PASSED] - ExecuteTC = findTestData(dataFile).getValue("Execute", row): null

2024-01-14 16:01:06 - [TEST_STEP][PASSED] - Taxtype = findTestData(dataFile).getValue("TaxType", row): null

2024-01-14 16:01:06 - [TEST_STEP][PASSED] - Paymenttype = findTestData(dataFile).getValue("PaymentType", row): null

2024-01-14 16:01:06 - [TEST_STEP][PASSED] - out.println("Value of Execute is : " + ExecuteTC): null

2024-01-14 16:01:06 - [TEST_STEP][PASSED] - if (ExecuteTC.equalsIgnoreCase("Y")): null

2024-01-14 16:01:06 - [TEST_STEP][PASSED] - out.println("Begin Record Number: " + row): null

2024-01-14 16:01:06 - [TEST_STEP][PASSED] - today = new java.util.Date(): null

2024-01-14 16:01:06 - [TEST_STEP][PASSED] - println(today): null

2024-01-14 16:01:06 - [TEST_STEP][PASSED] - datText = today: null

2024-01-14 16:01:06 - [TEST_STEP][PASSED] - Taxtype = findTestData(dataFile).getValue("TaxType", row): null

2024-01-14 16:01:06 - [TEST_STEP][PASSED] - out.println("Taxtype value is : " + Taxtype): null

2024-01-14 16:01:06 - [TEST_STEP][PASSED] - openBrowser(""): Browser is opened with url: ''

2024-01-14 16:01:06 - [MESSAGE][WARNING] - A browser is already opened. Closing browser and opening a new one

2024-01-14 16:01:07 - [MESSAGE][INFO] - Starting 'Chrome' driver

2024-01-14 16:01:07 - [MESSAGE][INFO] - User set preference: ['acceptInsecureCerts', 'true']

2024-01-14 16:01:07 - [MESSAGE][INFO] - Action delay is set to 0 milliseconds

2024-01-14 16:01:08 - [MESSAGE][PASSED] - Browser is opened with url: ''

2024-01-14 16:01:08 - [TEST_STEP][PASSED] - maximizeWindow(): Current window maximized

2024-01-14 16:01:08 - [MESSAGE][PASSED] - Current window maximized

2024-01-14 16:01:08 - [TEST_STEP][PASSED] - navigateToUrl(RADurl): Navigate to 'https://qa2.velocitypayment.com/client/rad/index.html' successfully

2024-01-14 16:01:09 - [MESSAGE][PASSED] - Navigate to 'https://qa2.velocitypayment.com/client/rad/index.html' successfully

2024-01-14 16:01:09 - [TEST_STEP][PASSED] - orPath_Landing = "Object Repository/RAD_Pages/Landing_Page": null

2024-01-14 16:01:09 - [TEST_STEP][PASSED] - orPath_TaxTypeFilingYear = "Object Repository/RAD_Pages/TaxTypeFilingYear_Page": null

2024-01-14 16:01:09 - [TEST_STEP][PASSED] - orPath_TaxPayer = "Object Repository/RAD_Pages/Taxpayer_Page": null

2024-01-14 16:01:09 - [TEST_STEP][PASSED] - orPath_AddressContact = "Object Repository/RAD_Pages/AddressAndContactInfo_Page": null

2024-01-14 16:01:09 - [TEST_STEP][PASSED] - orPath_FilingStatus = "Object Repository/RAD_Pages/FilingStatus_Page": null

2024-01-14 16:01:09 - [TEST_STEP][PASSED] - orPath_Amount = "Object Repository/RAD_Pages/PaymentAmount_Page": null

2024-01-14 16:01:09 - [TEST_STEP][PASSED] - orPath_TaxInfo = "Object Repository/RAD_Pages/TaxInfo_Page": null

2024-01-14 16:01:09 - [TEST_STEP][PASSED] - orPath_Withholding = "Object Repository/RAD_Pages/Withholding_Page": null

2024-01-14 16:01:09 - [TEST_STEP][PASSED] - orPath_Summary = "Object Repository/RAD_Pages/Summary_Page": null

2024-01-14 16:01:09 - [TEST_STEP][PASSED] - orPath_PaymentReady = "Object Repository/RAD_Pages/PaymentReady_Page": null

2024-01-14 16:01:09 - [TEST_STEP][PASSED] - orPath_PaymentEntry = "Object Repository/RAD_Pages/PaymentEntry_Page": null

2024-01-14 16:01:09 - [TEST_STEP][PASSED] - orPath_PaymentConfirmation = "Object Repository/RAD_Pages/PaymentConfirmation_Page": null

2024-01-14 16:01:09 - [TEST_STEP][PASSED] - orPath_ServiceFeesAccept = "Object Repository/RAD_Pages/ServiceFeeAccept_Page": null

2024-01-14 16:01:09 - [TEST_STEP][PASSED] - selectOptionByLabel(findTestObject(orPath_Landing + "/dd_TaxType"), Paymenttype, false): All options with label 'New Tax Return Amount Due' are selected in object 'Object Repository/RAD_Pages/Landing_Page/dd_TaxType' 

2024-01-14 16:01:10 - [MESSAGE][PASSED] - All options with label 'New Tax Return Amount Due' are selected in object 'Object Repository/RAD_Pages/Landing_Page/dd_TaxType' 

2024-01-14 16:01:10 - [TEST_STEP][PASSED] - delay(1): Delayed 1 second(s)

2024-01-14 16:01:11 - [MESSAGE][PASSED] - Delayed 1 second(s)

2024-01-14 16:01:11 - [TEST_STEP][PASSED] - switch (Paymenttype): null

2024-01-14 16:01:11 - [TEST_STEP][PASSED] - case "New Tax Return Amount Due":: null

2024-01-14 16:01:11 - [TEST_STEP][PASSED] - selectOptionByLabel(findTestObject("Object Repository/RAD_Pages/Landing_Page/select_NewTaxReturnAmountDue_TaxType"), Taxtype, false): All options with label 'Admissions and Amusement Tax' are selected in object 'Object Repository/RAD_Pages/Landing_Page/select_NewTaxReturnAmountDue_TaxType' 

2024-01-14 16:01:12 - [MESSAGE][PASSED] - All options with label 'Admissions and Amusement Tax' are selected in object 'Object Repository/RAD_Pages/Landing_Page/select_NewTaxReturnAmountDue_TaxType' 

2024-01-14 16:01:12 - [TEST_STEP][PASSED] - break: null

2024-01-14 16:01:12 - [TEST_STEP][PASSED] - delay(1): Delayed 1 second(s)

2024-01-14 16:01:13 - [MESSAGE][PASSED] - Delayed 1 second(s)

2024-01-14 16:01:13 - [TEST_STEP][PASSED] - scrollToElement(findTestObject(orPath_Amount + "/input__paymentAmount"), 2, CONTINUE_ON_FAILURE): Scroll to object 'Object Repository/RAD_Pages/PaymentAmount_Page/input__paymentAmount' successfully

2024-01-14 16:01:13 - [MESSAGE][PASSED] - Scroll to object 'Object Repository/RAD_Pages/PaymentAmount_Page/input__paymentAmount' successfully

2024-01-14 16:01:13 - [TEST_STEP][PASSED] - switch (Paymenttype): null

2024-01-14 16:01:13 - [TEST_STEP][PASSED] - case "New Tax Return Amount Due":: null

2024-01-14 16:01:13 - [TEST_STEP][PASSED] - setEncryptedText(findTestObject(orPath_TaxInfo + "/input_FederalEIN-2"), "RigbBhfdqODKcAsiUrg+1Q=="): Text ****** has been set on object 'Object Repository/RAD_Pages/TaxInfo_Page/input_FederalEIN-2'

2024-01-14 16:01:14 - [MESSAGE][PASSED] - Text ****** has been set on object 'Object Repository/RAD_Pages/TaxInfo_Page/input_FederalEIN-2'

2024-01-14 16:01:14 - [TEST_STEP][PASSED] - setEncryptedText(findTestObject(orPath_TaxInfo + "/input_FederalEIN_ReEnter-2"), "RigbBhfdqOBBGbZqm4oFJQ=="): Text ****** has been set on object 'Object Repository/RAD_Pages/TaxInfo_Page/input_FederalEIN_ReEnter-2'

2024-01-14 16:01:15 - [MESSAGE][PASSED] - Text ****** has been set on object 'Object Repository/RAD_Pages/TaxInfo_Page/input_FederalEIN_ReEnter-2'

2024-01-14 16:01:15 - [TEST_STEP][PASSED] - break: null

2024-01-14 16:01:15 - [TEST_STEP][PASSED] - setText(findTestObject(orPath_Amount + "/input__paymentAmount"), ""): Text '' is set on object 'Object Repository/RAD_Pages/PaymentAmount_Page/input__paymentAmount'

2024-01-14 16:01:15 - [MESSAGE][PASSED] - Text '' is set on object 'Object Repository/RAD_Pages/PaymentAmount_Page/input__paymentAmount'

2024-01-14 16:01:15 - [TEST_STEP][PASSED] - verifyTextPresent("The FEIN and Re-type FEIN do not match", true): Text 'The FEIN and Re-type FEIN do not match' is present on page  using regular expression

2024-01-14 16:01:16 - [MESSAGE][PASSED] - Text 'The FEIN and Re-type FEIN do not match' is present on page  using regular expression

2024-01-14 16:01:16 - [TEST_STEP][PASSED] - if (verifyTextPresent("The FEIN and Re-type FEIN do not match", true)): null

2024-01-14 16:01:16 - [MESSAGE][PASSED] - Text 'The FEIN and Re-type FEIN do not match' is present on page  using regular expression

2024-01-14 16:01:16 - [TEST_STEP][PASSED] - println("Error Message is present on the page"): null

2024-01-14 16:01:16 - [TEST_STEP][PASSED] - out.println("Pass Record Number: " + row): null

2024-01-14 16:01:16 - [TEST_STEP][PASSED] - resText = "Pass": null

2024-01-14 16:01:16 - [TEST_STEP][PASSED] - pages.WriteExcel.demoKey(resText, datText, resColumn, datCloumn, fileLoc, nameSheet, row): pages.WriteExcel.demoKey is PASSED

2024-01-14 16:01:16 - [MESSAGE][PASSED] - pages.WriteExcel.demoKey is PASSED

2024-01-14 16:01:16 - [TEST_STEP][PASSED] - ExecuteTC = findTestData(dataFile).getValue("Execute", row): null

2024-01-14 16:01:16 - [TEST_STEP][PASSED] - Taxtype = findTestData(dataFile).getValue("TaxType", row): null

2024-01-14 16:01:16 - [TEST_STEP][PASSED] - Paymenttype = findTestData(dataFile).getValue("PaymentType", row): null

2024-01-14 16:01:16 - [TEST_STEP][PASSED] - out.println("Value of Execute is : " + ExecuteTC): null

2024-01-14 16:01:16 - [TEST_STEP][PASSED] - if (ExecuteTC.equalsIgnoreCase("Y")): null

2024-01-14 16:01:16 - [TEST_STEP][PASSED] - out.println("Begin Record Number: " + row): null

2024-01-14 16:01:16 - [TEST_STEP][PASSED] - today = new java.util.Date(): null

2024-01-14 16:01:16 - [TEST_STEP][PASSED] - println(today): null

2024-01-14 16:01:16 - [TEST_STEP][PASSED] - datText = today: null

2024-01-14 16:01:16 - [TEST_STEP][PASSED] - Taxtype = findTestData(dataFile).getValue("TaxType", row): null

2024-01-14 16:01:16 - [TEST_STEP][PASSED] - out.println("Taxtype value is : " + Taxtype): null

2024-01-14 16:01:16 - [TEST_STEP][PASSED] - openBrowser(""): Browser is opened with url: ''

2024-01-14 16:01:16 - [MESSAGE][WARNING] - A browser is already opened. Closing browser and opening a new one

2024-01-14 16:01:17 - [MESSAGE][INFO] - Starting 'Chrome' driver

2024-01-14 16:01:17 - [MESSAGE][INFO] - User set preference: ['acceptInsecureCerts', 'true']

2024-01-14 16:01:17 - [MESSAGE][INFO] - Action delay is set to 0 milliseconds

2024-01-14 16:01:19 - [MESSAGE][PASSED] - Browser is opened with url: ''

2024-01-14 16:01:19 - [TEST_STEP][PASSED] - maximizeWindow(): Current window maximized

2024-01-14 16:01:19 - [MESSAGE][PASSED] - Current window maximized

2024-01-14 16:01:19 - [TEST_STEP][PASSED] - navigateToUrl(RADurl): Navigate to 'https://qa2.velocitypayment.com/client/rad/index.html' successfully

2024-01-14 16:01:21 - [MESSAGE][PASSED] - Navigate to 'https://qa2.velocitypayment.com/client/rad/index.html' successfully

2024-01-14 16:01:21 - [TEST_STEP][PASSED] - orPath_Landing = "Object Repository/RAD_Pages/Landing_Page": null

2024-01-14 16:01:21 - [TEST_STEP][PASSED] - orPath_TaxTypeFilingYear = "Object Repository/RAD_Pages/TaxTypeFilingYear_Page": null

2024-01-14 16:01:21 - [TEST_STEP][PASSED] - orPath_TaxPayer = "Object Repository/RAD_Pages/Taxpayer_Page": null

2024-01-14 16:01:21 - [TEST_STEP][PASSED] - orPath_AddressContact = "Object Repository/RAD_Pages/AddressAndContactInfo_Page": null

2024-01-14 16:01:21 - [TEST_STEP][PASSED] - orPath_FilingStatus = "Object Repository/RAD_Pages/FilingStatus_Page": null

2024-01-14 16:01:21 - [TEST_STEP][PASSED] - orPath_Amount = "Object Repository/RAD_Pages/PaymentAmount_Page": null

2024-01-14 16:01:21 - [TEST_STEP][PASSED] - orPath_TaxInfo = "Object Repository/RAD_Pages/TaxInfo_Page": null

2024-01-14 16:01:21 - [TEST_STEP][PASSED] - orPath_Withholding = "Object Repository/RAD_Pages/Withholding_Page": null

2024-01-14 16:01:21 - [TEST_STEP][PASSED] - orPath_Summary = "Object Repository/RAD_Pages/Summary_Page": null

2024-01-14 16:01:21 - [TEST_STEP][PASSED] - orPath_PaymentReady = "Object Repository/RAD_Pages/PaymentReady_Page": null

2024-01-14 16:01:21 - [TEST_STEP][PASSED] - orPath_PaymentEntry = "Object Repository/RAD_Pages/PaymentEntry_Page": null

2024-01-14 16:01:21 - [TEST_STEP][PASSED] - orPath_PaymentConfirmation = "Object Repository/RAD_Pages/PaymentConfirmation_Page": null

2024-01-14 16:01:21 - [TEST_STEP][PASSED] - orPath_ServiceFeesAccept = "Object Repository/RAD_Pages/ServiceFeeAccept_Page": null

2024-01-14 16:01:21 - [TEST_STEP][PASSED] - selectOptionByLabel(findTestObject(orPath_Landing + "/dd_TaxType"), Paymenttype, false): All options with label 'New Tax Return Amount Due' are selected in object 'Object Repository/RAD_Pages/Landing_Page/dd_TaxType' 

2024-01-14 16:01:21 - [MESSAGE][PASSED] - All options with label 'New Tax Return Amount Due' are selected in object 'Object Repository/RAD_Pages/Landing_Page/dd_TaxType' 

2024-01-14 16:01:21 - [TEST_STEP][PASSED] - delay(1): Delayed 1 second(s)

2024-01-14 16:01:22 - [MESSAGE][PASSED] - Delayed 1 second(s)

2024-01-14 16:01:22 - [TEST_STEP][PASSED] - switch (Paymenttype): null

2024-01-14 16:01:22 - [TEST_STEP][PASSED] - case "New Tax Return Amount Due":: null

2024-01-14 16:01:22 - [TEST_STEP][PASSED] - selectOptionByLabel(findTestObject("Object Repository/RAD_Pages/Landing_Page/select_NewTaxReturnAmountDue_TaxType"), Taxtype, false): All options with label 'Alcohol Tax' are selected in object 'Object Repository/RAD_Pages/Landing_Page/select_NewTaxReturnAmountDue_TaxType' 

2024-01-14 16:01:23 - [MESSAGE][PASSED] - All options with label 'Alcohol Tax' are selected in object 'Object Repository/RAD_Pages/Landing_Page/select_NewTaxReturnAmountDue_TaxType' 

2024-01-14 16:01:23 - [TEST_STEP][PASSED] - break: null

2024-01-14 16:01:23 - [TEST_STEP][PASSED] - delay(1): Delayed 1 second(s)

2024-01-14 16:01:24 - [MESSAGE][PASSED] - Delayed 1 second(s)

2024-01-14 16:01:24 - [TEST_STEP][PASSED] - scrollToElement(findTestObject(orPath_Amount + "/input__paymentAmount"), 2, CONTINUE_ON_FAILURE): Scroll to object 'Object Repository/RAD_Pages/PaymentAmount_Page/input__paymentAmount' successfully

2024-01-14 16:01:24 - [MESSAGE][PASSED] - Scroll to object 'Object Repository/RAD_Pages/PaymentAmount_Page/input__paymentAmount' successfully

2024-01-14 16:01:24 - [TEST_STEP][PASSED] - switch (Paymenttype): null

2024-01-14 16:01:24 - [TEST_STEP][PASSED] - case "New Tax Return Amount Due":: null

2024-01-14 16:01:24 - [TEST_STEP][PASSED] - setEncryptedText(findTestObject(orPath_TaxInfo + "/input_FederalEIN-2"), "RigbBhfdqODKcAsiUrg+1Q=="): Text ****** has been set on object 'Object Repository/RAD_Pages/TaxInfo_Page/input_FederalEIN-2'

2024-01-14 16:01:25 - [MESSAGE][PASSED] - Text ****** has been set on object 'Object Repository/RAD_Pages/TaxInfo_Page/input_FederalEIN-2'

2024-01-14 16:01:25 - [TEST_STEP][PASSED] - setEncryptedText(findTestObject(orPath_TaxInfo + "/input_FederalEIN_ReEnter-2"), "RigbBhfdqOBBGbZqm4oFJQ=="): Text ****** has been set on object 'Object Repository/RAD_Pages/TaxInfo_Page/input_FederalEIN_ReEnter-2'

2024-01-14 16:01:25 - [MESSAGE][PASSED] - Text ****** has been set on object 'Object Repository/RAD_Pages/TaxInfo_Page/input_FederalEIN_ReEnter-2'

2024-01-14 16:01:25 - [TEST_STEP][PASSED] - break: null

2024-01-14 16:01:25 - [TEST_STEP][PASSED] - setText(findTestObject(orPath_Amount + "/input__paymentAmount"), ""): Text '' is set on object 'Object Repository/RAD_Pages/PaymentAmount_Page/input__paymentAmount'

2024-01-14 16:01:26 - [MESSAGE][PASSED] - Text '' is set on object 'Object Repository/RAD_Pages/PaymentAmount_Page/input__paymentAmount'

2024-01-14 16:01:26 - [TEST_STEP][PASSED] - verifyTextPresent("The FEIN and Re-type FEIN do not match", true): Text 'The FEIN and Re-type FEIN do not match' is present on page  using regular expression

2024-01-14 16:01:27 - [MESSAGE][PASSED] - Text 'The FEIN and Re-type FEIN do not match' is present on page  using regular expression

2024-01-14 16:01:27 - [TEST_STEP][PASSED] - if (verifyTextPresent("The FEIN and Re-type FEIN do not match", true)): null

2024-01-14 16:01:27 - [MESSAGE][PASSED] - Text 'The FEIN and Re-type FEIN do not match' is present on page  using regular expression

2024-01-14 16:01:27 - [TEST_STEP][PASSED] - println("Error Message is present on the page"): null

2024-01-14 16:01:27 - [TEST_STEP][PASSED] - out.println("Pass Record Number: " + row): null

2024-01-14 16:01:27 - [TEST_STEP][PASSED] - resText = "Pass": null

2024-01-14 16:01:27 - [TEST_STEP][PASSED] - pages.WriteExcel.demoKey(resText, datText, resColumn, datCloumn, fileLoc, nameSheet, row): pages.WriteExcel.demoKey is PASSED

2024-01-14 16:01:27 - [MESSAGE][PASSED] - pages.WriteExcel.demoKey is PASSED

2024-01-14 16:01:27 - [TEST_STEP][PASSED] - ExecuteTC = findTestData(dataFile).getValue("Execute", row): null

2024-01-14 16:01:27 - [TEST_STEP][PASSED] - Taxtype = findTestData(dataFile).getValue("TaxType", row): null

2024-01-14 16:01:27 - [TEST_STEP][PASSED] - Paymenttype = findTestData(dataFile).getValue("PaymentType", row): null

2024-01-14 16:01:27 - [TEST_STEP][PASSED] - out.println("Value of Execute is : " + ExecuteTC): null

2024-01-14 16:01:27 - [TEST_STEP][PASSED] - if (ExecuteTC.equalsIgnoreCase("Y")): null

2024-01-14 16:01:27 - [TEST_STEP][PASSED] - out.println("Begin Record Number: " + row): null

2024-01-14 16:01:27 - [TEST_STEP][PASSED] - today = new java.util.Date(): null

2024-01-14 16:01:27 - [TEST_STEP][PASSED] - println(today): null

2024-01-14 16:01:27 - [TEST_STEP][PASSED] - datText = today: null

2024-01-14 16:01:27 - [TEST_STEP][PASSED] - Taxtype = findTestData(dataFile).getValue("TaxType", row): null

2024-01-14 16:01:27 - [TEST_STEP][PASSED] - out.println("Taxtype value is : " + Taxtype): null

2024-01-14 16:01:27 - [TEST_STEP][PASSED] - openBrowser(""): Browser is opened with url: ''

2024-01-14 16:01:27 - [MESSAGE][WARNING] - A browser is already opened. Closing browser and opening a new one

2024-01-14 16:01:28 - [MESSAGE][INFO] - Starting 'Chrome' driver

2024-01-14 16:01:28 - [MESSAGE][INFO] - User set preference: ['acceptInsecureCerts', 'true']

2024-01-14 16:01:28 - [MESSAGE][INFO] - Action delay is set to 0 milliseconds

2024-01-14 16:01:30 - [MESSAGE][PASSED] - Browser is opened with url: ''

2024-01-14 16:01:30 - [TEST_STEP][PASSED] - maximizeWindow(): Current window maximized

2024-01-14 16:01:30 - [MESSAGE][PASSED] - Current window maximized

2024-01-14 16:01:30 - [TEST_STEP][PASSED] - navigateToUrl(RADurl): Navigate to 'https://qa2.velocitypayment.com/client/rad/index.html' successfully

2024-01-14 16:01:31 - [MESSAGE][PASSED] - Navigate to 'https://qa2.velocitypayment.com/client/rad/index.html' successfully

2024-01-14 16:01:31 - [TEST_STEP][PASSED] - orPath_Landing = "Object Repository/RAD_Pages/Landing_Page": null

2024-01-14 16:01:31 - [TEST_STEP][PASSED] - orPath_TaxTypeFilingYear = "Object Repository/RAD_Pages/TaxTypeFilingYear_Page": null

2024-01-14 16:01:31 - [TEST_STEP][PASSED] - orPath_TaxPayer = "Object Repository/RAD_Pages/Taxpayer_Page": null

2024-01-14 16:01:31 - [TEST_STEP][PASSED] - orPath_AddressContact = "Object Repository/RAD_Pages/AddressAndContactInfo_Page": null

2024-01-14 16:01:31 - [TEST_STEP][PASSED] - orPath_FilingStatus = "Object Repository/RAD_Pages/FilingStatus_Page": null

2024-01-14 16:01:31 - [TEST_STEP][PASSED] - orPath_Amount = "Object Repository/RAD_Pages/PaymentAmount_Page": null

2024-01-14 16:01:31 - [TEST_STEP][PASSED] - orPath_TaxInfo = "Object Repository/RAD_Pages/TaxInfo_Page": null

2024-01-14 16:01:31 - [TEST_STEP][PASSED] - orPath_Withholding = "Object Repository/RAD_Pages/Withholding_Page": null

2024-01-14 16:01:31 - [TEST_STEP][PASSED] - orPath_Summary = "Object Repository/RAD_Pages/Summary_Page": null

2024-01-14 16:01:31 - [TEST_STEP][PASSED] - orPath_PaymentReady = "Object Repository/RAD_Pages/PaymentReady_Page": null

2024-01-14 16:01:31 - [TEST_STEP][PASSED] - orPath_PaymentEntry = "Object Repository/RAD_Pages/PaymentEntry_Page": null

2024-01-14 16:01:31 - [TEST_STEP][PASSED] - orPath_PaymentConfirmation = "Object Repository/RAD_Pages/PaymentConfirmation_Page": null

2024-01-14 16:01:31 - [TEST_STEP][PASSED] - orPath_ServiceFeesAccept = "Object Repository/RAD_Pages/ServiceFeeAccept_Page": null

2024-01-14 16:01:31 - [TEST_STEP][PASSED] - selectOptionByLabel(findTestObject(orPath_Landing + "/dd_TaxType"), Paymenttype, false): All options with label 'New Tax Return Amount Due' are selected in object 'Object Repository/RAD_Pages/Landing_Page/dd_TaxType' 

2024-01-14 16:01:32 - [MESSAGE][PASSED] - All options with label 'New Tax Return Amount Due' are selected in object 'Object Repository/RAD_Pages/Landing_Page/dd_TaxType' 

2024-01-14 16:01:32 - [TEST_STEP][PASSED] - delay(1): Delayed 1 second(s)

2024-01-14 16:01:33 - [MESSAGE][PASSED] - Delayed 1 second(s)

2024-01-14 16:01:33 - [TEST_STEP][PASSED] - switch (Paymenttype): null

2024-01-14 16:01:33 - [TEST_STEP][PASSED] - case "New Tax Return Amount Due":: null

2024-01-14 16:01:33 - [TEST_STEP][PASSED] - selectOptionByLabel(findTestObject("Object Repository/RAD_Pages/Landing_Page/select_NewTaxReturnAmountDue_TaxType"), Taxtype, false): All options with label 'Bay Restoration Fee' are selected in object 'Object Repository/RAD_Pages/Landing_Page/select_NewTaxReturnAmountDue_TaxType' 

2024-01-14 16:01:34 - [MESSAGE][PASSED] - All options with label 'Bay Restoration Fee' are selected in object 'Object Repository/RAD_Pages/Landing_Page/select_NewTaxReturnAmountDue_TaxType' 

2024-01-14 16:01:34 - [TEST_STEP][PASSED] - break: null

2024-01-14 16:01:34 - [TEST_STEP][PASSED] - delay(1): Delayed 1 second(s)

2024-01-14 16:01:35 - [MESSAGE][PASSED] - Delayed 1 second(s)

2024-01-14 16:01:35 - [TEST_STEP][PASSED] - scrollToElement(findTestObject(orPath_Amount + "/input__paymentAmount"), 2, CONTINUE_ON_FAILURE): Scroll to object 'Object Repository/RAD_Pages/PaymentAmount_Page/input__paymentAmount' successfully

2024-01-14 16:01:35 - [MESSAGE][PASSED] - Scroll to object 'Object Repository/RAD_Pages/PaymentAmount_Page/input__paymentAmount' successfully

2024-01-14 16:01:35 - [TEST_STEP][PASSED] - switch (Paymenttype): null

2024-01-14 16:01:35 - [TEST_STEP][PASSED] - case "New Tax Return Amount Due":: null

2024-01-14 16:01:35 - [TEST_STEP][PASSED] - setEncryptedText(findTestObject(orPath_TaxInfo + "/input_FederalEIN-2"), "RigbBhfdqODKcAsiUrg+1Q=="): Text ****** has been set on object 'Object Repository/RAD_Pages/TaxInfo_Page/input_FederalEIN-2'

2024-01-14 16:01:36 - [MESSAGE][PASSED] - Text ****** has been set on object 'Object Repository/RAD_Pages/TaxInfo_Page/input_FederalEIN-2'

2024-01-14 16:01:36 - [TEST_STEP][PASSED] - setEncryptedText(findTestObject(orPath_TaxInfo + "/input_FederalEIN_ReEnter-2"), "RigbBhfdqOBBGbZqm4oFJQ=="): Text ****** has been set on object 'Object Repository/RAD_Pages/TaxInfo_Page/input_FederalEIN_ReEnter-2'

2024-01-14 16:01:36 - [MESSAGE][PASSED] - Text ****** has been set on object 'Object Repository/RAD_Pages/TaxInfo_Page/input_FederalEIN_ReEnter-2'

2024-01-14 16:01:36 - [TEST_STEP][PASSED] - break: null

2024-01-14 16:01:36 - [TEST_STEP][PASSED] - setText(findTestObject(orPath_Amount + "/input__paymentAmount"), ""): Text '' is set on object 'Object Repository/RAD_Pages/PaymentAmount_Page/input__paymentAmount'

2024-01-14 16:01:37 - [MESSAGE][PASSED] - Text '' is set on object 'Object Repository/RAD_Pages/PaymentAmount_Page/input__paymentAmount'

2024-01-14 16:01:37 - [TEST_STEP][PASSED] - verifyTextPresent("The FEIN and Re-type FEIN do not match", true): Text 'The FEIN and Re-type FEIN do not match' is present on page  using regular expression

2024-01-14 16:01:38 - [MESSAGE][PASSED] - Text 'The FEIN and Re-type FEIN do not match' is present on page  using regular expression

2024-01-14 16:01:38 - [TEST_STEP][PASSED] - if (verifyTextPresent("The FEIN and Re-type FEIN do not match", true)): null

2024-01-14 16:01:38 - [MESSAGE][PASSED] - Text 'The FEIN and Re-type FEIN do not match' is present on page  using regular expression

2024-01-14 16:01:38 - [TEST_STEP][PASSED] - println("Error Message is present on the page"): null

2024-01-14 16:01:38 - [TEST_STEP][PASSED] - out.println("Pass Record Number: " + row): null

2024-01-14 16:01:38 - [TEST_STEP][PASSED] - resText = "Pass": null

2024-01-14 16:01:38 - [TEST_STEP][PASSED] - pages.WriteExcel.demoKey(resText, datText, resColumn, datCloumn, fileLoc, nameSheet, row): pages.WriteExcel.demoKey is PASSED

2024-01-14 16:01:38 - [MESSAGE][PASSED] - pages.WriteExcel.demoKey is PASSED

2024-01-14 16:01:38 - [TEST_STEP][PASSED] - ExecuteTC = findTestData(dataFile).getValue("Execute", row): null

2024-01-14 16:01:38 - [TEST_STEP][PASSED] - Taxtype = findTestData(dataFile).getValue("TaxType", row): null

2024-01-14 16:01:38 - [TEST_STEP][PASSED] - Paymenttype = findTestData(dataFile).getValue("PaymentType", row): null

2024-01-14 16:01:38 - [TEST_STEP][PASSED] - out.println("Value of Execute is : " + ExecuteTC): null

2024-01-14 16:01:38 - [TEST_STEP][PASSED] - if (ExecuteTC.equalsIgnoreCase("Y")): null

2024-01-14 16:01:38 - [TEST_STEP][PASSED] - out.println("Begin Record Number: " + row): null

2024-01-14 16:01:38 - [TEST_STEP][PASSED] - today = new java.util.Date(): null

2024-01-14 16:01:38 - [TEST_STEP][PASSED] - println(today): null

2024-01-14 16:01:38 - [TEST_STEP][PASSED] - datText = today: null

2024-01-14 16:01:38 - [TEST_STEP][PASSED] - Taxtype = findTestData(dataFile).getValue("TaxType", row): null

2024-01-14 16:01:38 - [TEST_STEP][PASSED] - out.println("Taxtype value is : " + Taxtype): null

2024-01-14 16:01:38 - [TEST_STEP][PASSED] - openBrowser(""): Browser is opened with url: ''

2024-01-14 16:01:38 - [MESSAGE][WARNING] - A browser is already opened. Closing browser and opening a new one

2024-01-14 16:01:39 - [MESSAGE][INFO] - Starting 'Chrome' driver

2024-01-14 16:01:39 - [MESSAGE][INFO] - User set preference: ['acceptInsecureCerts', 'true']

2024-01-14 16:01:39 - [MESSAGE][INFO] - Action delay is set to 0 milliseconds

2024-01-14 16:01:41 - [MESSAGE][PASSED] - Browser is opened with url: ''

2024-01-14 16:01:41 - [TEST_STEP][PASSED] - maximizeWindow(): Current window maximized

2024-01-14 16:01:41 - [MESSAGE][PASSED] - Current window maximized

2024-01-14 16:01:41 - [TEST_STEP][PASSED] - navigateToUrl(RADurl): Navigate to 'https://qa2.velocitypayment.com/client/rad/index.html' successfully

2024-01-14 16:01:42 - [MESSAGE][PASSED] - Navigate to 'https://qa2.velocitypayment.com/client/rad/index.html' successfully

2024-01-14 16:01:42 - [TEST_STEP][PASSED] - orPath_Landing = "Object Repository/RAD_Pages/Landing_Page": null

2024-01-14 16:01:42 - [TEST_STEP][PASSED] - orPath_TaxTypeFilingYear = "Object Repository/RAD_Pages/TaxTypeFilingYear_Page": null

2024-01-14 16:01:42 - [TEST_STEP][PASSED] - orPath_TaxPayer = "Object Repository/RAD_Pages/Taxpayer_Page": null

2024-01-14 16:01:42 - [TEST_STEP][PASSED] - orPath_AddressContact = "Object Repository/RAD_Pages/AddressAndContactInfo_Page": null

2024-01-14 16:01:42 - [TEST_STEP][PASSED] - orPath_FilingStatus = "Object Repository/RAD_Pages/FilingStatus_Page": null

2024-01-14 16:01:42 - [TEST_STEP][PASSED] - orPath_Amount = "Object Repository/RAD_Pages/PaymentAmount_Page": null

2024-01-14 16:01:42 - [TEST_STEP][PASSED] - orPath_TaxInfo = "Object Repository/RAD_Pages/TaxInfo_Page": null

2024-01-14 16:01:42 - [TEST_STEP][PASSED] - orPath_Withholding = "Object Repository/RAD_Pages/Withholding_Page": null

2024-01-14 16:01:42 - [TEST_STEP][PASSED] - orPath_Summary = "Object Repository/RAD_Pages/Summary_Page": null

2024-01-14 16:01:42 - [TEST_STEP][PASSED] - orPath_PaymentReady = "Object Repository/RAD_Pages/PaymentReady_Page": null

2024-01-14 16:01:42 - [TEST_STEP][PASSED] - orPath_PaymentEntry = "Object Repository/RAD_Pages/PaymentEntry_Page": null

2024-01-14 16:01:42 - [TEST_STEP][PASSED] - orPath_PaymentConfirmation = "Object Repository/RAD_Pages/PaymentConfirmation_Page": null

2024-01-14 16:01:42 - [TEST_STEP][PASSED] - orPath_ServiceFeesAccept = "Object Repository/RAD_Pages/ServiceFeeAccept_Page": null

2024-01-14 16:01:42 - [TEST_STEP][PASSED] - selectOptionByLabel(findTestObject(orPath_Landing + "/dd_TaxType"), Paymenttype, false): All options with label 'New Tax Return Amount Due' are selected in object 'Object Repository/RAD_Pages/Landing_Page/dd_TaxType' 

2024-01-14 16:01:43 - [MESSAGE][PASSED] - All options with label 'New Tax Return Amount Due' are selected in object 'Object Repository/RAD_Pages/Landing_Page/dd_TaxType' 

2024-01-14 16:01:43 - [TEST_STEP][PASSED] - delay(1): Delayed 1 second(s)

2024-01-14 16:01:44 - [MESSAGE][PASSED] - Delayed 1 second(s)

2024-01-14 16:01:44 - [TEST_STEP][PASSED] - switch (Paymenttype): null

2024-01-14 16:01:44 - [TEST_STEP][PASSED] - case "New Tax Return Amount Due":: null

2024-01-14 16:01:44 - [TEST_STEP][PASSED] - selectOptionByLabel(findTestObject("Object Repository/RAD_Pages/Landing_Page/select_NewTaxReturnAmountDue_TaxType"), Taxtype, false): All options with label 'Corporate Income Tax' are selected in object 'Object Repository/RAD_Pages/Landing_Page/select_NewTaxReturnAmountDue_TaxType' 

2024-01-14 16:01:45 - [MESSAGE][PASSED] - All options with label 'Corporate Income Tax' are selected in object 'Object Repository/RAD_Pages/Landing_Page/select_NewTaxReturnAmountDue_TaxType' 

2024-01-14 16:01:45 - [TEST_STEP][PASSED] - break: null

2024-01-14 16:01:45 - [TEST_STEP][PASSED] - delay(1): Delayed 1 second(s)

2024-01-14 16:01:46 - [MESSAGE][PASSED] - Delayed 1 second(s)

2024-01-14 16:01:46 - [TEST_STEP][PASSED] - scrollToElement(findTestObject(orPath_Amount + "/input__paymentAmount"), 2, CONTINUE_ON_FAILURE): Scroll to object 'Object Repository/RAD_Pages/PaymentAmount_Page/input__paymentAmount' successfully

2024-01-14 16:01:46 - [MESSAGE][PASSED] - Scroll to object 'Object Repository/RAD_Pages/PaymentAmount_Page/input__paymentAmount' successfully

2024-01-14 16:01:46 - [TEST_STEP][PASSED] - switch (Paymenttype): null

2024-01-14 16:01:46 - [TEST_STEP][PASSED] - case "New Tax Return Amount Due":: null

2024-01-14 16:01:46 - [TEST_STEP][PASSED] - setEncryptedText(findTestObject(orPath_TaxInfo + "/input_FederalEIN-2"), "RigbBhfdqODKcAsiUrg+1Q=="): Text ****** has been set on object 'Object Repository/RAD_Pages/TaxInfo_Page/input_FederalEIN-2'

2024-01-14 16:01:46 - [MESSAGE][PASSED] - Text ****** has been set on object 'Object Repository/RAD_Pages/TaxInfo_Page/input_FederalEIN-2'

2024-01-14 16:01:46 - [TEST_STEP][PASSED] - setEncryptedText(findTestObject(orPath_TaxInfo + "/input_FederalEIN_ReEnter-2"), "RigbBhfdqOBBGbZqm4oFJQ=="): Text ****** has been set on object 'Object Repository/RAD_Pages/TaxInfo_Page/input_FederalEIN_ReEnter-2'

2024-01-14 16:01:47 - [MESSAGE][PASSED] - Text ****** has been set on object 'Object Repository/RAD_Pages/TaxInfo_Page/input_FederalEIN_ReEnter-2'

2024-01-14 16:01:47 - [TEST_STEP][PASSED] - break: null

2024-01-14 16:01:47 - [TEST_STEP][PASSED] - setText(findTestObject(orPath_Amount + "/input__paymentAmount"), ""): Text '' is set on object 'Object Repository/RAD_Pages/PaymentAmount_Page/input__paymentAmount'

2024-01-14 16:01:48 - [MESSAGE][PASSED] - Text '' is set on object 'Object Repository/RAD_Pages/PaymentAmount_Page/input__paymentAmount'

2024-01-14 16:01:48 - [TEST_STEP][PASSED] - verifyTextPresent("The FEIN and Re-type FEIN do not match", true): Text 'The FEIN and Re-type FEIN do not match' is present on page  using regular expression

2024-01-14 16:01:48 - [MESSAGE][PASSED] - Text 'The FEIN and Re-type FEIN do not match' is present on page  using regular expression

2024-01-14 16:01:48 - [TEST_STEP][PASSED] - if (verifyTextPresent("The FEIN and Re-type FEIN do not match", true)): null

2024-01-14 16:01:49 - [MESSAGE][PASSED] - Text 'The FEIN and Re-type FEIN do not match' is present on page  using regular expression

2024-01-14 16:01:49 - [TEST_STEP][PASSED] - println("Error Message is present on the page"): null

2024-01-14 16:01:49 - [TEST_STEP][PASSED] - out.println("Pass Record Number: " + row): null

2024-01-14 16:01:49 - [TEST_STEP][PASSED] - resText = "Pass": null

2024-01-14 16:01:49 - [TEST_STEP][PASSED] - pages.WriteExcel.demoKey(resText, datText, resColumn, datCloumn, fileLoc, nameSheet, row): pages.WriteExcel.demoKey is PASSED

2024-01-14 16:01:49 - [MESSAGE][PASSED] - pages.WriteExcel.demoKey is PASSED

2024-01-14 16:01:49 - [TEST_STEP][PASSED] - ExecuteTC = findTestData(dataFile).getValue("Execute", row): null

2024-01-14 16:01:49 - [TEST_STEP][PASSED] - Taxtype = findTestData(dataFile).getValue("TaxType", row): null

2024-01-14 16:01:49 - [TEST_STEP][PASSED] - Paymenttype = findTestData(dataFile).getValue("PaymentType", row): null

2024-01-14 16:01:49 - [TEST_STEP][PASSED] - out.println("Value of Execute is : " + ExecuteTC): null

2024-01-14 16:01:49 - [TEST_STEP][PASSED] - if (ExecuteTC.equalsIgnoreCase("Y")): null

2024-01-14 16:01:49 - [TEST_STEP][PASSED] - out.println("Begin Record Number: " + row): null

2024-01-14 16:01:49 - [TEST_STEP][PASSED] - today = new java.util.Date(): null

2024-01-14 16:01:49 - [TEST_STEP][PASSED] - println(today): null

2024-01-14 16:01:49 - [TEST_STEP][PASSED] - datText = today: null

2024-01-14 16:01:49 - [TEST_STEP][PASSED] - Taxtype = findTestData(dataFile).getValue("TaxType", row): null

2024-01-14 16:01:49 - [TEST_STEP][PASSED] - out.println("Taxtype value is : " + Taxtype): null

2024-01-14 16:01:49 - [TEST_STEP][PASSED] - openBrowser(""): Browser is opened with url: ''

2024-01-14 16:01:49 - [MESSAGE][WARNING] - A browser is already opened. Closing browser and opening a new one

2024-01-14 16:01:50 - [MESSAGE][INFO] - Starting 'Chrome' driver

2024-01-14 16:01:50 - [MESSAGE][INFO] - User set preference: ['acceptInsecureCerts', 'true']

2024-01-14 16:01:50 - [MESSAGE][INFO] - Action delay is set to 0 milliseconds

2024-01-14 16:01:51 - [MESSAGE][PASSED] - Browser is opened with url: ''

2024-01-14 16:01:51 - [TEST_STEP][PASSED] - maximizeWindow(): Current window maximized

2024-01-14 16:01:52 - [MESSAGE][PASSED] - Current window maximized

2024-01-14 16:01:52 - [TEST_STEP][PASSED] - navigateToUrl(RADurl): Navigate to 'https://qa2.velocitypayment.com/client/rad/index.html' successfully

2024-01-14 16:01:53 - [MESSAGE][PASSED] - Navigate to 'https://qa2.velocitypayment.com/client/rad/index.html' successfully

2024-01-14 16:01:53 - [TEST_STEP][PASSED] - orPath_Landing = "Object Repository/RAD_Pages/Landing_Page": null

2024-01-14 16:01:53 - [TEST_STEP][PASSED] - orPath_TaxTypeFilingYear = "Object Repository/RAD_Pages/TaxTypeFilingYear_Page": null

2024-01-14 16:01:53 - [TEST_STEP][PASSED] - orPath_TaxPayer = "Object Repository/RAD_Pages/Taxpayer_Page": null

2024-01-14 16:01:53 - [TEST_STEP][PASSED] - orPath_AddressContact = "Object Repository/RAD_Pages/AddressAndContactInfo_Page": null

2024-01-14 16:01:53 - [TEST_STEP][PASSED] - orPath_FilingStatus = "Object Repository/RAD_Pages/FilingStatus_Page": null

2024-01-14 16:01:53 - [TEST_STEP][PASSED] - orPath_Amount = "Object Repository/RAD_Pages/PaymentAmount_Page": null

2024-01-14 16:01:53 - [TEST_STEP][PASSED] - orPath_TaxInfo = "Object Repository/RAD_Pages/TaxInfo_Page": null

2024-01-14 16:01:53 - [TEST_STEP][PASSED] - orPath_Withholding = "Object Repository/RAD_Pages/Withholding_Page": null

2024-01-14 16:01:53 - [TEST_STEP][PASSED] - orPath_Summary = "Object Repository/RAD_Pages/Summary_Page": null

2024-01-14 16:01:53 - [TEST_STEP][PASSED] - orPath_PaymentReady = "Object Repository/RAD_Pages/PaymentReady_Page": null

2024-01-14 16:01:53 - [TEST_STEP][PASSED] - orPath_PaymentEntry = "Object Repository/RAD_Pages/PaymentEntry_Page": null

2024-01-14 16:01:53 - [TEST_STEP][PASSED] - orPath_PaymentConfirmation = "Object Repository/RAD_Pages/PaymentConfirmation_Page": null

2024-01-14 16:01:53 - [TEST_STEP][PASSED] - orPath_ServiceFeesAccept = "Object Repository/RAD_Pages/ServiceFeeAccept_Page": null

2024-01-14 16:01:53 - [TEST_STEP][PASSED] - selectOptionByLabel(findTestObject(orPath_Landing + "/dd_TaxType"), Paymenttype, false): All options with label 'New Tax Return Amount Due' are selected in object 'Object Repository/RAD_Pages/Landing_Page/dd_TaxType' 

2024-01-14 16:01:54 - [MESSAGE][PASSED] - All options with label 'New Tax Return Amount Due' are selected in object 'Object Repository/RAD_Pages/Landing_Page/dd_TaxType' 

2024-01-14 16:01:54 - [TEST_STEP][PASSED] - delay(1): Delayed 1 second(s)

2024-01-14 16:01:55 - [MESSAGE][PASSED] - Delayed 1 second(s)

2024-01-14 16:01:55 - [TEST_STEP][PASSED] - switch (Paymenttype): null

2024-01-14 16:01:55 - [TEST_STEP][PASSED] - case "New Tax Return Amount Due":: null

2024-01-14 16:01:55 - [TEST_STEP][PASSED] - selectOptionByLabel(findTestObject("Object Repository/RAD_Pages/Landing_Page/select_NewTaxReturnAmountDue_TaxType"), Taxtype, false): All options with label 'Motor Fuel Tax' are selected in object 'Object Repository/RAD_Pages/Landing_Page/select_NewTaxReturnAmountDue_TaxType' 

2024-01-14 16:01:55 - [MESSAGE][PASSED] - All options with label 'Motor Fuel Tax' are selected in object 'Object Repository/RAD_Pages/Landing_Page/select_NewTaxReturnAmountDue_TaxType' 

2024-01-14 16:01:55 - [TEST_STEP][PASSED] - break: null

2024-01-14 16:01:55 - [TEST_STEP][PASSED] - delay(1): Delayed 1 second(s)

2024-01-14 16:01:56 - [MESSAGE][PASSED] - Delayed 1 second(s)

2024-01-14 16:01:56 - [TEST_STEP][PASSED] - scrollToElement(findTestObject(orPath_Amount + "/input__paymentAmount"), 2, CONTINUE_ON_FAILURE): Scroll to object 'Object Repository/RAD_Pages/PaymentAmount_Page/input__paymentAmount' successfully

2024-01-14 16:01:57 - [MESSAGE][PASSED] - Scroll to object 'Object Repository/RAD_Pages/PaymentAmount_Page/input__paymentAmount' successfully

2024-01-14 16:01:57 - [TEST_STEP][PASSED] - switch (Paymenttype): null

2024-01-14 16:01:57 - [TEST_STEP][PASSED] - case "New Tax Return Amount Due":: null

2024-01-14 16:01:57 - [TEST_STEP][PASSED] - setEncryptedText(findTestObject(orPath_TaxInfo + "/input_FederalEIN-2"), "RigbBhfdqODKcAsiUrg+1Q=="): Text ****** has been set on object 'Object Repository/RAD_Pages/TaxInfo_Page/input_FederalEIN-2'

2024-01-14 16:01:57 - [MESSAGE][PASSED] - Text ****** has been set on object 'Object Repository/RAD_Pages/TaxInfo_Page/input_FederalEIN-2'

2024-01-14 16:01:57 - [TEST_STEP][PASSED] - setEncryptedText(findTestObject(orPath_TaxInfo + "/input_FederalEIN_ReEnter-2"), "RigbBhfdqOBBGbZqm4oFJQ=="): Text ****** has been set on object 'Object Repository/RAD_Pages/TaxInfo_Page/input_FederalEIN_ReEnter-2'

2024-01-14 16:01:58 - [MESSAGE][PASSED] - Text ****** has been set on object 'Object Repository/RAD_Pages/TaxInfo_Page/input_FederalEIN_ReEnter-2'

2024-01-14 16:01:58 - [TEST_STEP][PASSED] - break: null

2024-01-14 16:01:58 - [TEST_STEP][PASSED] - setText(findTestObject(orPath_Amount + "/input__paymentAmount"), ""): Text '' is set on object 'Object Repository/RAD_Pages/PaymentAmount_Page/input__paymentAmount'

2024-01-14 16:01:58 - [MESSAGE][PASSED] - Text '' is set on object 'Object Repository/RAD_Pages/PaymentAmount_Page/input__paymentAmount'

2024-01-14 16:01:58 - [TEST_STEP][PASSED] - verifyTextPresent("The FEIN and Re-type FEIN do not match", true): Text 'The FEIN and Re-type FEIN do not match' is present on page  using regular expression

2024-01-14 16:01:59 - [MESSAGE][PASSED] - Text 'The FEIN and Re-type FEIN do not match' is present on page  using regular expression

2024-01-14 16:01:59 - [TEST_STEP][PASSED] - if (verifyTextPresent("The FEIN and Re-type FEIN do not match", true)): null

2024-01-14 16:02:00 - [MESSAGE][PASSED] - Text 'The FEIN and Re-type FEIN do not match' is present on page  using regular expression

2024-01-14 16:02:00 - [TEST_STEP][PASSED] - println("Error Message is present on the page"): null

2024-01-14 16:02:00 - [TEST_STEP][PASSED] - out.println("Pass Record Number: " + row): null

2024-01-14 16:02:00 - [TEST_STEP][PASSED] - resText = "Pass": null

2024-01-14 16:02:00 - [TEST_STEP][PASSED] - pages.WriteExcel.demoKey(resText, datText, resColumn, datCloumn, fileLoc, nameSheet, row): pages.WriteExcel.demoKey is PASSED

2024-01-14 16:02:00 - [MESSAGE][PASSED] - pages.WriteExcel.demoKey is PASSED

2024-01-14 16:02:00 - [TEST_STEP][PASSED] - ExecuteTC = findTestData(dataFile).getValue("Execute", row): null

2024-01-14 16:02:00 - [TEST_STEP][PASSED] - Taxtype = findTestData(dataFile).getValue("TaxType", row): null

2024-01-14 16:02:00 - [TEST_STEP][PASSED] - Paymenttype = findTestData(dataFile).getValue("PaymentType", row): null

2024-01-14 16:02:00 - [TEST_STEP][PASSED] - out.println("Value of Execute is : " + ExecuteTC): null

2024-01-14 16:02:00 - [TEST_STEP][PASSED] - if (ExecuteTC.equalsIgnoreCase("Y")): null

2024-01-14 16:02:00 - [TEST_STEP][PASSED] - out.println("Begin Record Number: " + row): null

2024-01-14 16:02:00 - [TEST_STEP][PASSED] - today = new java.util.Date(): null

2024-01-14 16:02:00 - [TEST_STEP][PASSED] - println(today): null

2024-01-14 16:02:00 - [TEST_STEP][PASSED] - datText = today: null

2024-01-14 16:02:00 - [TEST_STEP][PASSED] - Taxtype = findTestData(dataFile).getValue("TaxType", row): null

2024-01-14 16:02:00 - [TEST_STEP][PASSED] - out.println("Taxtype value is : " + Taxtype): null

2024-01-14 16:02:00 - [TEST_STEP][PASSED] - openBrowser(""): Browser is opened with url: ''

2024-01-14 16:02:00 - [MESSAGE][WARNING] - A browser is already opened. Closing browser and opening a new one

2024-01-14 16:02:01 - [MESSAGE][INFO] - Starting 'Chrome' driver

2024-01-14 16:02:01 - [MESSAGE][INFO] - User set preference: ['acceptInsecureCerts', 'true']

2024-01-14 16:02:01 - [MESSAGE][INFO] - Action delay is set to 0 milliseconds

2024-01-14 16:02:02 - [MESSAGE][PASSED] - Browser is opened with url: ''

2024-01-14 16:02:02 - [TEST_STEP][PASSED] - maximizeWindow(): Current window maximized

2024-01-14 16:02:02 - [MESSAGE][PASSED] - Current window maximized

2024-01-14 16:02:02 - [TEST_STEP][PASSED] - navigateToUrl(RADurl): Navigate to 'https://qa2.velocitypayment.com/client/rad/index.html' successfully

2024-01-14 16:02:04 - [MESSAGE][PASSED] - Navigate to 'https://qa2.velocitypayment.com/client/rad/index.html' successfully

2024-01-14 16:02:04 - [TEST_STEP][PASSED] - orPath_Landing = "Object Repository/RAD_Pages/Landing_Page": null

2024-01-14 16:02:04 - [TEST_STEP][PASSED] - orPath_TaxTypeFilingYear = "Object Repository/RAD_Pages/TaxTypeFilingYear_Page": null

2024-01-14 16:02:04 - [TEST_STEP][PASSED] - orPath_TaxPayer = "Object Repository/RAD_Pages/Taxpayer_Page": null

2024-01-14 16:02:04 - [TEST_STEP][PASSED] - orPath_AddressContact = "Object Repository/RAD_Pages/AddressAndContactInfo_Page": null

2024-01-14 16:02:04 - [TEST_STEP][PASSED] - orPath_FilingStatus = "Object Repository/RAD_Pages/FilingStatus_Page": null

2024-01-14 16:02:04 - [TEST_STEP][PASSED] - orPath_Amount = "Object Repository/RAD_Pages/PaymentAmount_Page": null

2024-01-14 16:02:04 - [TEST_STEP][PASSED] - orPath_TaxInfo = "Object Repository/RAD_Pages/TaxInfo_Page": null

2024-01-14 16:02:04 - [TEST_STEP][PASSED] - orPath_Withholding = "Object Repository/RAD_Pages/Withholding_Page": null

2024-01-14 16:02:04 - [TEST_STEP][PASSED] - orPath_Summary = "Object Repository/RAD_Pages/Summary_Page": null

2024-01-14 16:02:04 - [TEST_STEP][PASSED] - orPath_PaymentReady = "Object Repository/RAD_Pages/PaymentReady_Page": null

2024-01-14 16:02:04 - [TEST_STEP][PASSED] - orPath_PaymentEntry = "Object Repository/RAD_Pages/PaymentEntry_Page": null

2024-01-14 16:02:04 - [TEST_STEP][PASSED] - orPath_PaymentConfirmation = "Object Repository/RAD_Pages/PaymentConfirmation_Page": null

2024-01-14 16:02:04 - [TEST_STEP][PASSED] - orPath_ServiceFeesAccept = "Object Repository/RAD_Pages/ServiceFeeAccept_Page": null

2024-01-14 16:02:04 - [TEST_STEP][PASSED] - selectOptionByLabel(findTestObject(orPath_Landing + "/dd_TaxType"), Paymenttype, false): All options with label 'New Tax Return Amount Due' are selected in object 'Object Repository/RAD_Pages/Landing_Page/dd_TaxType' 

2024-01-14 16:02:04 - [MESSAGE][PASSED] - All options with label 'New Tax Return Amount Due' are selected in object 'Object Repository/RAD_Pages/Landing_Page/dd_TaxType' 

2024-01-14 16:02:04 - [TEST_STEP][PASSED] - delay(1): Delayed 1 second(s)

2024-01-14 16:02:05 - [MESSAGE][PASSED] - Delayed 1 second(s)

2024-01-14 16:02:05 - [TEST_STEP][PASSED] - switch (Paymenttype): null

2024-01-14 16:02:05 - [TEST_STEP][PASSED] - case "New Tax Return Amount Due":: null

2024-01-14 16:02:05 - [TEST_STEP][PASSED] - selectOptionByLabel(findTestObject("Object Repository/RAD_Pages/Landing_Page/select_NewTaxReturnAmountDue_TaxType"), Taxtype, false): All options with label 'Sales and Use Tax' are selected in object 'Object Repository/RAD_Pages/Landing_Page/select_NewTaxReturnAmountDue_TaxType' 

2024-01-14 16:02:06 - [MESSAGE][PASSED] - All options with label 'Sales and Use Tax' are selected in object 'Object Repository/RAD_Pages/Landing_Page/select_NewTaxReturnAmountDue_TaxType' 

2024-01-14 16:02:06 - [TEST_STEP][PASSED] - break: null

2024-01-14 16:02:06 - [TEST_STEP][PASSED] - delay(1): Delayed 1 second(s)

2024-01-14 16:02:07 - [MESSAGE][PASSED] - Delayed 1 second(s)

2024-01-14 16:02:07 - [TEST_STEP][PASSED] - scrollToElement(findTestObject(orPath_Amount + "/input__paymentAmount"), 2, CONTINUE_ON_FAILURE): Scroll to object 'Object Repository/RAD_Pages/PaymentAmount_Page/input__paymentAmount' successfully

2024-01-14 16:02:07 - [MESSAGE][PASSED] - Scroll to object 'Object Repository/RAD_Pages/PaymentAmount_Page/input__paymentAmount' successfully

2024-01-14 16:02:07 - [TEST_STEP][PASSED] - switch (Paymenttype): null

2024-01-14 16:02:07 - [TEST_STEP][PASSED] - case "New Tax Return Amount Due":: null

2024-01-14 16:02:07 - [TEST_STEP][PASSED] - setEncryptedText(findTestObject(orPath_TaxInfo + "/input_FederalEIN-2"), "RigbBhfdqODKcAsiUrg+1Q=="): Text ****** has been set on object 'Object Repository/RAD_Pages/TaxInfo_Page/input_FederalEIN-2'

2024-01-14 16:02:08 - [MESSAGE][PASSED] - Text ****** has been set on object 'Object Repository/RAD_Pages/TaxInfo_Page/input_FederalEIN-2'

2024-01-14 16:02:08 - [TEST_STEP][PASSED] - setEncryptedText(findTestObject(orPath_TaxInfo + "/input_FederalEIN_ReEnter-2"), "RigbBhfdqOBBGbZqm4oFJQ=="): Text ****** has been set on object 'Object Repository/RAD_Pages/TaxInfo_Page/input_FederalEIN_ReEnter-2'

2024-01-14 16:02:09 - [MESSAGE][PASSED] - Text ****** has been set on object 'Object Repository/RAD_Pages/TaxInfo_Page/input_FederalEIN_ReEnter-2'

2024-01-14 16:02:09 - [TEST_STEP][PASSED] - break: null

2024-01-14 16:02:09 - [TEST_STEP][PASSED] - setText(findTestObject(orPath_Amount + "/input__paymentAmount"), ""): Text '' is set on object 'Object Repository/RAD_Pages/PaymentAmount_Page/input__paymentAmount'

2024-01-14 16:02:09 - [MESSAGE][PASSED] - Text '' is set on object 'Object Repository/RAD_Pages/PaymentAmount_Page/input__paymentAmount'

2024-01-14 16:02:09 - [TEST_STEP][PASSED] - verifyTextPresent("The FEIN and Re-type FEIN do not match", true): Text 'The FEIN and Re-type FEIN do not match' is present on page  using regular expression

2024-01-14 16:02:10 - [MESSAGE][PASSED] - Text 'The FEIN and Re-type FEIN do not match' is present on page  using regular expression

2024-01-14 16:02:10 - [TEST_STEP][PASSED] - if (verifyTextPresent("The FEIN and Re-type FEIN do not match", true)): null

2024-01-14 16:02:10 - [MESSAGE][PASSED] - Text 'The FEIN and Re-type FEIN do not match' is present on page  using regular expression

2024-01-14 16:02:10 - [TEST_STEP][PASSED] - println("Error Message is present on the page"): null

2024-01-14 16:02:10 - [TEST_STEP][PASSED] - out.println("Pass Record Number: " + row): null

2024-01-14 16:02:10 - [TEST_STEP][PASSED] - resText = "Pass": null

2024-01-14 16:02:10 - [TEST_STEP][PASSED] - pages.WriteExcel.demoKey(resText, datText, resColumn, datCloumn, fileLoc, nameSheet, row): pages.WriteExcel.demoKey is PASSED

2024-01-14 16:02:10 - [MESSAGE][PASSED] - pages.WriteExcel.demoKey is PASSED

2024-01-14 16:02:10 - [TEST_STEP][PASSED] - ExecuteTC = findTestData(dataFile).getValue("Execute", row): null

2024-01-14 16:02:10 - [TEST_STEP][PASSED] - Taxtype = findTestData(dataFile).getValue("TaxType", row): null

2024-01-14 16:02:10 - [TEST_STEP][PASSED] - Paymenttype = findTestData(dataFile).getValue("PaymentType", row): null

2024-01-14 16:02:10 - [TEST_STEP][PASSED] - out.println("Value of Execute is : " + ExecuteTC): null

2024-01-14 16:02:10 - [TEST_STEP][PASSED] - if (ExecuteTC.equalsIgnoreCase("Y")): null

2024-01-14 16:02:10 - [TEST_STEP][PASSED] - out.println("Begin Record Number: " + row): null

2024-01-14 16:02:10 - [TEST_STEP][PASSED] - today = new java.util.Date(): null

2024-01-14 16:02:10 - [TEST_STEP][PASSED] - println(today): null

2024-01-14 16:02:10 - [TEST_STEP][PASSED] - datText = today: null

2024-01-14 16:02:10 - [TEST_STEP][PASSED] - Taxtype = findTestData(dataFile).getValue("TaxType", row): null

2024-01-14 16:02:10 - [TEST_STEP][PASSED] - out.println("Taxtype value is : " + Taxtype): null

2024-01-14 16:02:10 - [TEST_STEP][PASSED] - openBrowser(""): Browser is opened with url: ''

2024-01-14 16:02:10 - [MESSAGE][WARNING] - A browser is already opened. Closing browser and opening a new one

2024-01-14 16:02:11 - [MESSAGE][INFO] - Starting 'Chrome' driver

2024-01-14 16:02:11 - [MESSAGE][INFO] - User set preference: ['acceptInsecureCerts', 'true']

2024-01-14 16:02:11 - [MESSAGE][INFO] - Action delay is set to 0 milliseconds

2024-01-14 16:02:13 - [MESSAGE][PASSED] - Browser is opened with url: ''

2024-01-14 16:02:13 - [TEST_STEP][PASSED] - maximizeWindow(): Current window maximized

2024-01-14 16:02:13 - [MESSAGE][PASSED] - Current window maximized

2024-01-14 16:02:13 - [TEST_STEP][PASSED] - navigateToUrl(RADurl): Navigate to 'https://qa2.velocitypayment.com/client/rad/index.html' successfully

2024-01-14 16:02:13 - [MESSAGE][PASSED] - Navigate to 'https://qa2.velocitypayment.com/client/rad/index.html' successfully

2024-01-14 16:02:13 - [TEST_STEP][PASSED] - orPath_Landing = "Object Repository/RAD_Pages/Landing_Page": null

2024-01-14 16:02:13 - [TEST_STEP][PASSED] - orPath_TaxTypeFilingYear = "Object Repository/RAD_Pages/TaxTypeFilingYear_Page": null

2024-01-14 16:02:13 - [TEST_STEP][PASSED] - orPath_TaxPayer = "Object Repository/RAD_Pages/Taxpayer_Page": null

2024-01-14 16:02:13 - [TEST_STEP][PASSED] - orPath_AddressContact = "Object Repository/RAD_Pages/AddressAndContactInfo_Page": null

2024-01-14 16:02:13 - [TEST_STEP][PASSED] - orPath_FilingStatus = "Object Repository/RAD_Pages/FilingStatus_Page": null

2024-01-14 16:02:13 - [TEST_STEP][PASSED] - orPath_Amount = "Object Repository/RAD_Pages/PaymentAmount_Page": null

2024-01-14 16:02:13 - [TEST_STEP][PASSED] - orPath_TaxInfo = "Object Repository/RAD_Pages/TaxInfo_Page": null

2024-01-14 16:02:13 - [TEST_STEP][PASSED] - orPath_Withholding = "Object Repository/RAD_Pages/Withholding_Page": null

2024-01-14 16:02:13 - [TEST_STEP][PASSED] - orPath_Summary = "Object Repository/RAD_Pages/Summary_Page": null

2024-01-14 16:02:13 - [TEST_STEP][PASSED] - orPath_PaymentReady = "Object Repository/RAD_Pages/PaymentReady_Page": null

2024-01-14 16:02:13 - [TEST_STEP][PASSED] - orPath_PaymentEntry = "Object Repository/RAD_Pages/PaymentEntry_Page": null

2024-01-14 16:02:13 - [TEST_STEP][PASSED] - orPath_PaymentConfirmation = "Object Repository/RAD_Pages/PaymentConfirmation_Page": null

2024-01-14 16:02:13 - [TEST_STEP][PASSED] - orPath_ServiceFeesAccept = "Object Repository/RAD_Pages/ServiceFeeAccept_Page": null

2024-01-14 16:02:13 - [TEST_STEP][PASSED] - selectOptionByLabel(findTestObject(orPath_Landing + "/dd_TaxType"), Paymenttype, false): All options with label 'New Tax Return Amount Due' are selected in object 'Object Repository/RAD_Pages/Landing_Page/dd_TaxType' 

2024-01-14 16:02:15 - [MESSAGE][PASSED] - All options with label 'New Tax Return Amount Due' are selected in object 'Object Repository/RAD_Pages/Landing_Page/dd_TaxType' 

2024-01-14 16:02:15 - [TEST_STEP][PASSED] - delay(1): Delayed 1 second(s)

2024-01-14 16:02:16 - [MESSAGE][PASSED] - Delayed 1 second(s)

2024-01-14 16:02:16 - [TEST_STEP][PASSED] - switch (Paymenttype): null

2024-01-14 16:02:16 - [TEST_STEP][PASSED] - case "New Tax Return Amount Due":: null

2024-01-14 16:02:16 - [TEST_STEP][PASSED] - selectOptionByLabel(findTestObject("Object Repository/RAD_Pages/Landing_Page/select_NewTaxReturnAmountDue_TaxType"), Taxtype, false): All options with label 'Slots License Fee' are selected in object 'Object Repository/RAD_Pages/Landing_Page/select_NewTaxReturnAmountDue_TaxType' 

2024-01-14 16:02:17 - [MESSAGE][PASSED] - All options with label 'Slots License Fee' are selected in object 'Object Repository/RAD_Pages/Landing_Page/select_NewTaxReturnAmountDue_TaxType' 

2024-01-14 16:02:17 - [TEST_STEP][PASSED] - break: null

2024-01-14 16:02:17 - [TEST_STEP][PASSED] - delay(1): Delayed 1 second(s)

2024-01-14 16:02:18 - [MESSAGE][PASSED] - Delayed 1 second(s)

2024-01-14 16:02:18 - [TEST_STEP][PASSED] - scrollToElement(findTestObject(orPath_Amount + "/input__paymentAmount"), 2, CONTINUE_ON_FAILURE): Scroll to object 'Object Repository/RAD_Pages/PaymentAmount_Page/input__paymentAmount' successfully

2024-01-14 16:02:18 - [MESSAGE][PASSED] - Scroll to object 'Object Repository/RAD_Pages/PaymentAmount_Page/input__paymentAmount' successfully

2024-01-14 16:02:18 - [TEST_STEP][PASSED] - switch (Paymenttype): null

2024-01-14 16:02:18 - [TEST_STEP][PASSED] - case "New Tax Return Amount Due":: null

2024-01-14 16:02:18 - [TEST_STEP][PASSED] - setEncryptedText(findTestObject(orPath_TaxInfo + "/input_FederalEIN-2"), "RigbBhfdqODKcAsiUrg+1Q=="): Text ****** has been set on object 'Object Repository/RAD_Pages/TaxInfo_Page/input_FederalEIN-2'

2024-01-14 16:02:19 - [MESSAGE][PASSED] - Text ****** has been set on object 'Object Repository/RAD_Pages/TaxInfo_Page/input_FederalEIN-2'

2024-01-14 16:02:19 - [TEST_STEP][PASSED] - setEncryptedText(findTestObject(orPath_TaxInfo + "/input_FederalEIN_ReEnter-2"), "RigbBhfdqOBBGbZqm4oFJQ=="): Text ****** has been set on object 'Object Repository/RAD_Pages/TaxInfo_Page/input_FederalEIN_ReEnter-2'

2024-01-14 16:02:19 - [MESSAGE][PASSED] - Text ****** has been set on object 'Object Repository/RAD_Pages/TaxInfo_Page/input_FederalEIN_ReEnter-2'

2024-01-14 16:02:19 - [TEST_STEP][PASSED] - break: null

2024-01-14 16:02:19 - [TEST_STEP][PASSED] - setText(findTestObject(orPath_Amount + "/input__paymentAmount"), ""): Text '' is set on object 'Object Repository/RAD_Pages/PaymentAmount_Page/input__paymentAmount'

2024-01-14 16:02:20 - [MESSAGE][PASSED] - Text '' is set on object 'Object Repository/RAD_Pages/PaymentAmount_Page/input__paymentAmount'

2024-01-14 16:02:20 - [TEST_STEP][PASSED] - verifyTextPresent("The FEIN and Re-type FEIN do not match", true): Text 'The FEIN and Re-type FEIN do not match' is present on page  using regular expression

2024-01-14 16:02:20 - [MESSAGE][PASSED] - Text 'The FEIN and Re-type FEIN do not match' is present on page  using regular expression

2024-01-14 16:02:20 - [TEST_STEP][PASSED] - if (verifyTextPresent("The FEIN and Re-type FEIN do not match", true)): null

2024-01-14 16:02:21 - [MESSAGE][PASSED] - Text 'The FEIN and Re-type FEIN do not match' is present on page  using regular expression

2024-01-14 16:02:21 - [TEST_STEP][PASSED] - println("Error Message is present on the page"): null

2024-01-14 16:02:21 - [TEST_STEP][PASSED] - out.println("Pass Record Number: " + row): null

2024-01-14 16:02:21 - [TEST_STEP][PASSED] - resText = "Pass": null

2024-01-14 16:02:21 - [TEST_STEP][PASSED] - pages.WriteExcel.demoKey(resText, datText, resColumn, datCloumn, fileLoc, nameSheet, row): pages.WriteExcel.demoKey is PASSED

2024-01-14 16:02:21 - [MESSAGE][PASSED] - pages.WriteExcel.demoKey is PASSED

2024-01-14 16:02:21 - [TEST_STEP][PASSED] - ExecuteTC = findTestData(dataFile).getValue("Execute", row): null

2024-01-14 16:02:21 - [TEST_STEP][PASSED] - Taxtype = findTestData(dataFile).getValue("TaxType", row): null

2024-01-14 16:02:21 - [TEST_STEP][PASSED] - Paymenttype = findTestData(dataFile).getValue("PaymentType", row): null

2024-01-14 16:02:21 - [TEST_STEP][PASSED] - out.println("Value of Execute is : " + ExecuteTC): null

2024-01-14 16:02:21 - [TEST_STEP][PASSED] - if (ExecuteTC.equalsIgnoreCase("Y")): null

2024-01-14 16:02:21 - [TEST_STEP][PASSED] - out.println("Begin Record Number: " + row): null

2024-01-14 16:02:21 - [TEST_STEP][PASSED] - today = new java.util.Date(): null

2024-01-14 16:02:21 - [TEST_STEP][PASSED] - println(today): null

2024-01-14 16:02:21 - [TEST_STEP][PASSED] - datText = today: null

2024-01-14 16:02:21 - [TEST_STEP][PASSED] - Taxtype = findTestData(dataFile).getValue("TaxType", row): null

2024-01-14 16:02:21 - [TEST_STEP][PASSED] - out.println("Taxtype value is : " + Taxtype): null

2024-01-14 16:02:21 - [TEST_STEP][PASSED] - openBrowser(""): Browser is opened with url: ''

2024-01-14 16:02:21 - [MESSAGE][WARNING] - A browser is already opened. Closing browser and opening a new one

2024-01-14 16:02:22 - [MESSAGE][INFO] - Starting 'Chrome' driver

2024-01-14 16:02:22 - [MESSAGE][INFO] - User set preference: ['acceptInsecureCerts', 'true']

2024-01-14 16:02:22 - [MESSAGE][INFO] - Action delay is set to 0 milliseconds

2024-01-14 16:02:23 - [MESSAGE][PASSED] - Browser is opened with url: ''

2024-01-14 16:02:23 - [TEST_STEP][PASSED] - maximizeWindow(): Current window maximized

2024-01-14 16:02:24 - [MESSAGE][PASSED] - Current window maximized

2024-01-14 16:02:24 - [TEST_STEP][PASSED] - navigateToUrl(RADurl): Navigate to 'https://qa2.velocitypayment.com/client/rad/index.html' successfully

2024-01-14 16:02:25 - [MESSAGE][PASSED] - Navigate to 'https://qa2.velocitypayment.com/client/rad/index.html' successfully

2024-01-14 16:02:25 - [TEST_STEP][PASSED] - orPath_Landing = "Object Repository/RAD_Pages/Landing_Page": null

2024-01-14 16:02:25 - [TEST_STEP][PASSED] - orPath_TaxTypeFilingYear = "Object Repository/RAD_Pages/TaxTypeFilingYear_Page": null

2024-01-14 16:02:25 - [TEST_STEP][PASSED] - orPath_TaxPayer = "Object Repository/RAD_Pages/Taxpayer_Page": null

2024-01-14 16:02:25 - [TEST_STEP][PASSED] - orPath_AddressContact = "Object Repository/RAD_Pages/AddressAndContactInfo_Page": null

2024-01-14 16:02:25 - [TEST_STEP][PASSED] - orPath_FilingStatus = "Object Repository/RAD_Pages/FilingStatus_Page": null

2024-01-14 16:02:25 - [TEST_STEP][PASSED] - orPath_Amount = "Object Repository/RAD_Pages/PaymentAmount_Page": null

2024-01-14 16:02:25 - [TEST_STEP][PASSED] - orPath_TaxInfo = "Object Repository/RAD_Pages/TaxInfo_Page": null

2024-01-14 16:02:25 - [TEST_STEP][PASSED] - orPath_Withholding = "Object Repository/RAD_Pages/Withholding_Page": null

2024-01-14 16:02:25 - [TEST_STEP][PASSED] - orPath_Summary = "Object Repository/RAD_Pages/Summary_Page": null

2024-01-14 16:02:25 - [TEST_STEP][PASSED] - orPath_PaymentReady = "Object Repository/RAD_Pages/PaymentReady_Page": null

2024-01-14 16:02:25 - [TEST_STEP][PASSED] - orPath_PaymentEntry = "Object Repository/RAD_Pages/PaymentEntry_Page": null

2024-01-14 16:02:25 - [TEST_STEP][PASSED] - orPath_PaymentConfirmation = "Object Repository/RAD_Pages/PaymentConfirmation_Page": null

2024-01-14 16:02:25 - [TEST_STEP][PASSED] - orPath_ServiceFeesAccept = "Object Repository/RAD_Pages/ServiceFeeAccept_Page": null

2024-01-14 16:02:25 - [TEST_STEP][PASSED] - selectOptionByLabel(findTestObject(orPath_Landing + "/dd_TaxType"), Paymenttype, false): All options with label 'New Tax Return Amount Due' are selected in object 'Object Repository/RAD_Pages/Landing_Page/dd_TaxType' 

2024-01-14 16:02:26 - [MESSAGE][PASSED] - All options with label 'New Tax Return Amount Due' are selected in object 'Object Repository/RAD_Pages/Landing_Page/dd_TaxType' 

2024-01-14 16:02:26 - [TEST_STEP][PASSED] - delay(1): Delayed 1 second(s)

2024-01-14 16:02:27 - [MESSAGE][PASSED] - Delayed 1 second(s)

2024-01-14 16:02:27 - [TEST_STEP][PASSED] - switch (Paymenttype): null

2024-01-14 16:02:27 - [TEST_STEP][PASSED] - case "New Tax Return Amount Due":: null

2024-01-14 16:02:27 - [TEST_STEP][PASSED] - selectOptionByLabel(findTestObject("Object Repository/RAD_Pages/Landing_Page/select_NewTaxReturnAmountDue_TaxType"), Taxtype, false): All options with label 'Tire Recycling Fee' are selected in object 'Object Repository/RAD_Pages/Landing_Page/select_NewTaxReturnAmountDue_TaxType' 

2024-01-14 16:02:27 - [MESSAGE][PASSED] - All options with label 'Tire Recycling Fee' are selected in object 'Object Repository/RAD_Pages/Landing_Page/select_NewTaxReturnAmountDue_TaxType' 

2024-01-14 16:02:27 - [TEST_STEP][PASSED] - break: null

2024-01-14 16:02:27 - [TEST_STEP][PASSED] - delay(1): Delayed 1 second(s)

2024-01-14 16:02:28 - [MESSAGE][PASSED] - Delayed 1 second(s)

2024-01-14 16:02:28 - [TEST_STEP][PASSED] - scrollToElement(findTestObject(orPath_Amount + "/input__paymentAmount"), 2, CONTINUE_ON_FAILURE): Scroll to object 'Object Repository/RAD_Pages/PaymentAmount_Page/input__paymentAmount' successfully

2024-01-14 16:02:29 - [MESSAGE][PASSED] - Scroll to object 'Object Repository/RAD_Pages/PaymentAmount_Page/input__paymentAmount' successfully

2024-01-14 16:02:29 - [TEST_STEP][PASSED] - switch (Paymenttype): null

2024-01-14 16:02:29 - [TEST_STEP][PASSED] - case "New Tax Return Amount Due":: null

2024-01-14 16:02:29 - [TEST_STEP][PASSED] - setEncryptedText(findTestObject(orPath_TaxInfo + "/input_FederalEIN-2"), "RigbBhfdqODKcAsiUrg+1Q=="): Text ****** has been set on object 'Object Repository/RAD_Pages/TaxInfo_Page/input_FederalEIN-2'

2024-01-14 16:02:29 - [MESSAGE][PASSED] - Text ****** has been set on object 'Object Repository/RAD_Pages/TaxInfo_Page/input_FederalEIN-2'

2024-01-14 16:02:29 - [TEST_STEP][PASSED] - setEncryptedText(findTestObject(orPath_TaxInfo + "/input_FederalEIN_ReEnter-2"), "RigbBhfdqOBBGbZqm4oFJQ=="): Text ****** has been set on object 'Object Repository/RAD_Pages/TaxInfo_Page/input_FederalEIN_ReEnter-2'

2024-01-14 16:02:30 - [MESSAGE][PASSED] - Text ****** has been set on object 'Object Repository/RAD_Pages/TaxInfo_Page/input_FederalEIN_ReEnter-2'

2024-01-14 16:02:30 - [TEST_STEP][PASSED] - break: null

2024-01-14 16:02:30 - [TEST_STEP][PASSED] - setText(findTestObject(orPath_Amount + "/input__paymentAmount"), ""): Text '' is set on object 'Object Repository/RAD_Pages/PaymentAmount_Page/input__paymentAmount'

2024-01-14 16:02:31 - [MESSAGE][PASSED] - Text '' is set on object 'Object Repository/RAD_Pages/PaymentAmount_Page/input__paymentAmount'

2024-01-14 16:02:31 - [TEST_STEP][PASSED] - verifyTextPresent("The FEIN and Re-type FEIN do not match", true): Text 'The FEIN and Re-type FEIN do not match' is present on page  using regular expression

2024-01-14 16:02:31 - [MESSAGE][PASSED] - Text 'The FEIN and Re-type FEIN do not match' is present on page  using regular expression

2024-01-14 16:02:31 - [TEST_STEP][PASSED] - if (verifyTextPresent("The FEIN and Re-type FEIN do not match", true)): null

2024-01-14 16:02:32 - [MESSAGE][PASSED] - Text 'The FEIN and Re-type FEIN do not match' is present on page  using regular expression

2024-01-14 16:02:32 - [TEST_STEP][PASSED] - println("Error Message is present on the page"): null

2024-01-14 16:02:32 - [TEST_STEP][PASSED] - out.println("Pass Record Number: " + row): null

2024-01-14 16:02:32 - [TEST_STEP][PASSED] - resText = "Pass": null

2024-01-14 16:02:32 - [TEST_STEP][PASSED] - pages.WriteExcel.demoKey(resText, datText, resColumn, datCloumn, fileLoc, nameSheet, row): pages.WriteExcel.demoKey is PASSED

2024-01-14 16:02:32 - [MESSAGE][PASSED] - pages.WriteExcel.demoKey is PASSED

2024-01-14 16:02:32 - [TEST_STEP][PASSED] - ExecuteTC = findTestData(dataFile).getValue("Execute", row): null

2024-01-14 16:02:32 - [TEST_STEP][PASSED] - Taxtype = findTestData(dataFile).getValue("TaxType", row): null

2024-01-14 16:02:32 - [TEST_STEP][PASSED] - Paymenttype = findTestData(dataFile).getValue("PaymentType", row): null

2024-01-14 16:02:32 - [TEST_STEP][PASSED] - out.println("Value of Execute is : " + ExecuteTC): null

2024-01-14 16:02:32 - [TEST_STEP][PASSED] - if (ExecuteTC.equalsIgnoreCase("Y")): null

2024-01-14 16:02:32 - [TEST_STEP][PASSED] - out.println("Begin Record Number: " + row): null

2024-01-14 16:02:32 - [TEST_STEP][PASSED] - today = new java.util.Date(): null

2024-01-14 16:02:32 - [TEST_STEP][PASSED] - println(today): null

2024-01-14 16:02:32 - [TEST_STEP][PASSED] - datText = today: null

2024-01-14 16:02:32 - [TEST_STEP][PASSED] - Taxtype = findTestData(dataFile).getValue("TaxType", row): null

2024-01-14 16:02:32 - [TEST_STEP][PASSED] - out.println("Taxtype value is : " + Taxtype): null

2024-01-14 16:02:32 - [TEST_STEP][PASSED] - openBrowser(""): Browser is opened with url: ''

2024-01-14 16:02:32 - [MESSAGE][WARNING] - A browser is already opened. Closing browser and opening a new one

2024-01-14 16:02:33 - [MESSAGE][INFO] - Starting 'Chrome' driver

2024-01-14 16:02:33 - [MESSAGE][INFO] - User set preference: ['acceptInsecureCerts', 'true']

2024-01-14 16:02:33 - [MESSAGE][INFO] - Action delay is set to 0 milliseconds

2024-01-14 16:02:34 - [MESSAGE][PASSED] - Browser is opened with url: ''

2024-01-14 16:02:34 - [TEST_STEP][PASSED] - maximizeWindow(): Current window maximized

2024-01-14 16:02:34 - [MESSAGE][PASSED] - Current window maximized

2024-01-14 16:02:34 - [TEST_STEP][PASSED] - navigateToUrl(RADurl): Navigate to 'https://qa2.velocitypayment.com/client/rad/index.html' successfully

2024-01-14 16:02:36 - [MESSAGE][PASSED] - Navigate to 'https://qa2.velocitypayment.com/client/rad/index.html' successfully

2024-01-14 16:02:36 - [TEST_STEP][PASSED] - orPath_Landing = "Object Repository/RAD_Pages/Landing_Page": null

2024-01-14 16:02:36 - [TEST_STEP][PASSED] - orPath_TaxTypeFilingYear = "Object Repository/RAD_Pages/TaxTypeFilingYear_Page": null

2024-01-14 16:02:36 - [TEST_STEP][PASSED] - orPath_TaxPayer = "Object Repository/RAD_Pages/Taxpayer_Page": null

2024-01-14 16:02:36 - [TEST_STEP][PASSED] - orPath_AddressContact = "Object Repository/RAD_Pages/AddressAndContactInfo_Page": null

2024-01-14 16:02:36 - [TEST_STEP][PASSED] - orPath_FilingStatus = "Object Repository/RAD_Pages/FilingStatus_Page": null

2024-01-14 16:02:36 - [TEST_STEP][PASSED] - orPath_Amount = "Object Repository/RAD_Pages/PaymentAmount_Page": null

2024-01-14 16:02:36 - [TEST_STEP][PASSED] - orPath_TaxInfo = "Object Repository/RAD_Pages/TaxInfo_Page": null

2024-01-14 16:02:36 - [TEST_STEP][PASSED] - orPath_Withholding = "Object Repository/RAD_Pages/Withholding_Page": null

2024-01-14 16:02:36 - [TEST_STEP][PASSED] - orPath_Summary = "Object Repository/RAD_Pages/Summary_Page": null

2024-01-14 16:02:36 - [TEST_STEP][PASSED] - orPath_PaymentReady = "Object Repository/RAD_Pages/PaymentReady_Page": null

2024-01-14 16:02:36 - [TEST_STEP][PASSED] - orPath_PaymentEntry = "Object Repository/RAD_Pages/PaymentEntry_Page": null

2024-01-14 16:02:36 - [TEST_STEP][PASSED] - orPath_PaymentConfirmation = "Object Repository/RAD_Pages/PaymentConfirmation_Page": null

2024-01-14 16:02:36 - [TEST_STEP][PASSED] - orPath_ServiceFeesAccept = "Object Repository/RAD_Pages/ServiceFeeAccept_Page": null

2024-01-14 16:02:36 - [TEST_STEP][PASSED] - selectOptionByLabel(findTestObject(orPath_Landing + "/dd_TaxType"), Paymenttype, false): All options with label 'New Tax Return Amount Due' are selected in object 'Object Repository/RAD_Pages/Landing_Page/dd_TaxType' 

2024-01-14 16:02:36 - [MESSAGE][PASSED] - All options with label 'New Tax Return Amount Due' are selected in object 'Object Repository/RAD_Pages/Landing_Page/dd_TaxType' 

2024-01-14 16:02:36 - [TEST_STEP][PASSED] - delay(1): Delayed 1 second(s)

2024-01-14 16:02:37 - [MESSAGE][PASSED] - Delayed 1 second(s)

2024-01-14 16:02:37 - [TEST_STEP][PASSED] - switch (Paymenttype): null

2024-01-14 16:02:37 - [TEST_STEP][PASSED] - case "New Tax Return Amount Due":: null

2024-01-14 16:02:37 - [TEST_STEP][PASSED] - selectOptionByLabel(findTestObject("Object Repository/RAD_Pages/Landing_Page/select_NewTaxReturnAmountDue_TaxType"), Taxtype, false): All options with label 'Transportation Network Services' are selected in object 'Object Repository/RAD_Pages/Landing_Page/select_NewTaxReturnAmountDue_TaxType' 

2024-01-14 16:02:38 - [MESSAGE][PASSED] - All options with label 'Transportation Network Services' are selected in object 'Object Repository/RAD_Pages/Landing_Page/select_NewTaxReturnAmountDue_TaxType' 

2024-01-14 16:02:38 - [TEST_STEP][PASSED] - break: null

2024-01-14 16:02:38 - [TEST_STEP][PASSED] - delay(1): Delayed 1 second(s)

2024-01-14 16:02:39 - [MESSAGE][PASSED] - Delayed 1 second(s)

2024-01-14 16:02:39 - [TEST_STEP][PASSED] - scrollToElement(findTestObject(orPath_Amount + "/input__paymentAmount"), 2, CONTINUE_ON_FAILURE): Scroll to object 'Object Repository/RAD_Pages/PaymentAmount_Page/input__paymentAmount' successfully

2024-01-14 16:02:39 - [MESSAGE][PASSED] - Scroll to object 'Object Repository/RAD_Pages/PaymentAmount_Page/input__paymentAmount' successfully

2024-01-14 16:02:39 - [TEST_STEP][PASSED] - switch (Paymenttype): null

2024-01-14 16:02:39 - [TEST_STEP][PASSED] - case "New Tax Return Amount Due":: null

2024-01-14 16:02:39 - [TEST_STEP][PASSED] - setEncryptedText(findTestObject(orPath_TaxInfo + "/input_FederalEIN-2"), "RigbBhfdqODKcAsiUrg+1Q=="): Text ****** has been set on object 'Object Repository/RAD_Pages/TaxInfo_Page/input_FederalEIN-2'

2024-01-14 16:02:40 - [MESSAGE][PASSED] - Text ****** has been set on object 'Object Repository/RAD_Pages/TaxInfo_Page/input_FederalEIN-2'

2024-01-14 16:02:40 - [TEST_STEP][PASSED] - setEncryptedText(findTestObject(orPath_TaxInfo + "/input_FederalEIN_ReEnter-2"), "RigbBhfdqOBBGbZqm4oFJQ=="): Text ****** has been set on object 'Object Repository/RAD_Pages/TaxInfo_Page/input_FederalEIN_ReEnter-2'

2024-01-14 16:02:40 - [MESSAGE][PASSED] - Text ****** has been set on object 'Object Repository/RAD_Pages/TaxInfo_Page/input_FederalEIN_ReEnter-2'

2024-01-14 16:02:40 - [TEST_STEP][PASSED] - break: null

2024-01-14 16:02:40 - [TEST_STEP][PASSED] - setText(findTestObject(orPath_Amount + "/input__paymentAmount"), ""): Text '' is set on object 'Object Repository/RAD_Pages/PaymentAmount_Page/input__paymentAmount'

2024-01-14 16:02:41 - [MESSAGE][PASSED] - Text '' is set on object 'Object Repository/RAD_Pages/PaymentAmount_Page/input__paymentAmount'

2024-01-14 16:02:41 - [TEST_STEP][PASSED] - verifyTextPresent("The FEIN and Re-type FEIN do not match", true): Text 'The FEIN and Re-type FEIN do not match' is present on page  using regular expression

2024-01-14 16:02:42 - [MESSAGE][PASSED] - Text 'The FEIN and Re-type FEIN do not match' is present on page  using regular expression

2024-01-14 16:02:42 - [TEST_STEP][PASSED] - if (verifyTextPresent("The FEIN and Re-type FEIN do not match", true)): null

2024-01-14 16:02:42 - [MESSAGE][PASSED] - Text 'The FEIN and Re-type FEIN do not match' is present on page  using regular expression

2024-01-14 16:02:42 - [TEST_STEP][PASSED] - println("Error Message is present on the page"): null

2024-01-14 16:02:42 - [TEST_STEP][PASSED] - out.println("Pass Record Number: " + row): null

2024-01-14 16:02:42 - [TEST_STEP][PASSED] - resText = "Pass": null

2024-01-14 16:02:42 - [TEST_STEP][PASSED] - pages.WriteExcel.demoKey(resText, datText, resColumn, datCloumn, fileLoc, nameSheet, row): pages.WriteExcel.demoKey is PASSED

2024-01-14 16:02:42 - [MESSAGE][PASSED] - pages.WriteExcel.demoKey is PASSED

2024-01-14 16:02:42 - [TEST_STEP][PASSED] - ExecuteTC = findTestData(dataFile).getValue("Execute", row): null

2024-01-14 16:02:42 - [TEST_STEP][PASSED] - Taxtype = findTestData(dataFile).getValue("TaxType", row): null

2024-01-14 16:02:42 - [TEST_STEP][PASSED] - Paymenttype = findTestData(dataFile).getValue("PaymentType", row): null

2024-01-14 16:02:42 - [TEST_STEP][PASSED] - out.println("Value of Execute is : " + ExecuteTC): null

2024-01-14 16:02:42 - [TEST_STEP][PASSED] - if (ExecuteTC.equalsIgnoreCase("Y")): null

2024-01-14 16:02:42 - [TEST_STEP][PASSED] - out.println("Begin Record Number: " + row): null

2024-01-14 16:02:42 - [TEST_STEP][PASSED] - today = new java.util.Date(): null

2024-01-14 16:02:42 - [TEST_STEP][PASSED] - println(today): null

2024-01-14 16:02:42 - [TEST_STEP][PASSED] - datText = today: null

2024-01-14 16:02:42 - [TEST_STEP][PASSED] - Taxtype = findTestData(dataFile).getValue("TaxType", row): null

2024-01-14 16:02:42 - [TEST_STEP][PASSED] - out.println("Taxtype value is : " + Taxtype): null

2024-01-14 16:02:42 - [TEST_STEP][PASSED] - openBrowser(""): Browser is opened with url: ''

2024-01-14 16:02:42 - [MESSAGE][WARNING] - A browser is already opened. Closing browser and opening a new one

2024-01-14 16:02:43 - [MESSAGE][INFO] - Starting 'Chrome' driver

2024-01-14 16:02:43 - [MESSAGE][INFO] - User set preference: ['acceptInsecureCerts', 'true']

2024-01-14 16:02:43 - [MESSAGE][INFO] - Action delay is set to 0 milliseconds

2024-01-14 16:02:45 - [MESSAGE][PASSED] - Browser is opened with url: ''

2024-01-14 16:02:45 - [TEST_STEP][PASSED] - maximizeWindow(): Current window maximized

2024-01-14 16:02:45 - [MESSAGE][PASSED] - Current window maximized

2024-01-14 16:02:45 - [TEST_STEP][PASSED] - navigateToUrl(RADurl): Navigate to 'https://qa2.velocitypayment.com/client/rad/index.html' successfully

2024-01-14 16:02:46 - [MESSAGE][PASSED] - Navigate to 'https://qa2.velocitypayment.com/client/rad/index.html' successfully

2024-01-14 16:02:46 - [TEST_STEP][PASSED] - orPath_Landing = "Object Repository/RAD_Pages/Landing_Page": null

2024-01-14 16:02:46 - [TEST_STEP][PASSED] - orPath_TaxTypeFilingYear = "Object Repository/RAD_Pages/TaxTypeFilingYear_Page": null

2024-01-14 16:02:46 - [TEST_STEP][PASSED] - orPath_TaxPayer = "Object Repository/RAD_Pages/Taxpayer_Page": null

2024-01-14 16:02:46 - [TEST_STEP][PASSED] - orPath_AddressContact = "Object Repository/RAD_Pages/AddressAndContactInfo_Page": null

2024-01-14 16:02:46 - [TEST_STEP][PASSED] - orPath_FilingStatus = "Object Repository/RAD_Pages/FilingStatus_Page": null

2024-01-14 16:02:46 - [TEST_STEP][PASSED] - orPath_Amount = "Object Repository/RAD_Pages/PaymentAmount_Page": null

2024-01-14 16:02:46 - [TEST_STEP][PASSED] - orPath_TaxInfo = "Object Repository/RAD_Pages/TaxInfo_Page": null

2024-01-14 16:02:46 - [TEST_STEP][PASSED] - orPath_Withholding = "Object Repository/RAD_Pages/Withholding_Page": null

2024-01-14 16:02:46 - [TEST_STEP][PASSED] - orPath_Summary = "Object Repository/RAD_Pages/Summary_Page": null

2024-01-14 16:02:46 - [TEST_STEP][PASSED] - orPath_PaymentReady = "Object Repository/RAD_Pages/PaymentReady_Page": null

2024-01-14 16:02:46 - [TEST_STEP][PASSED] - orPath_PaymentEntry = "Object Repository/RAD_Pages/PaymentEntry_Page": null

2024-01-14 16:02:46 - [TEST_STEP][PASSED] - orPath_PaymentConfirmation = "Object Repository/RAD_Pages/PaymentConfirmation_Page": null

2024-01-14 16:02:46 - [TEST_STEP][PASSED] - orPath_ServiceFeesAccept = "Object Repository/RAD_Pages/ServiceFeeAccept_Page": null

2024-01-14 16:02:46 - [TEST_STEP][PASSED] - selectOptionByLabel(findTestObject(orPath_Landing + "/dd_TaxType"), Paymenttype, false): All options with label 'New Tax Return Amount Due' are selected in object 'Object Repository/RAD_Pages/Landing_Page/dd_TaxType' 

2024-01-14 16:02:47 - [MESSAGE][PASSED] - All options with label 'New Tax Return Amount Due' are selected in object 'Object Repository/RAD_Pages/Landing_Page/dd_TaxType' 

2024-01-14 16:02:47 - [TEST_STEP][PASSED] - delay(1): Delayed 1 second(s)

2024-01-14 16:02:48 - [MESSAGE][PASSED] - Delayed 1 second(s)

2024-01-14 16:02:48 - [TEST_STEP][PASSED] - switch (Paymenttype): null

2024-01-14 16:02:48 - [TEST_STEP][PASSED] - case "New Tax Return Amount Due":: null

2024-01-14 16:02:48 - [TEST_STEP][PASSED] - selectOptionByLabel(findTestObject("Object Repository/RAD_Pages/Landing_Page/select_NewTaxReturnAmountDue_TaxType"), Taxtype, false): All options with label 'Unclaimed Property' are selected in object 'Object Repository/RAD_Pages/Landing_Page/select_NewTaxReturnAmountDue_TaxType' 

2024-01-14 16:02:49 - [MESSAGE][PASSED] - All options with label 'Unclaimed Property' are selected in object 'Object Repository/RAD_Pages/Landing_Page/select_NewTaxReturnAmountDue_TaxType' 

2024-01-14 16:02:49 - [TEST_STEP][PASSED] - break: null

2024-01-14 16:02:49 - [TEST_STEP][PASSED] - delay(1): Delayed 1 second(s)

2024-01-14 16:02:50 - [MESSAGE][PASSED] - Delayed 1 second(s)

2024-01-14 16:02:50 - [TEST_STEP][PASSED] - scrollToElement(findTestObject(orPath_Amount + "/input__paymentAmount"), 2, CONTINUE_ON_FAILURE): Scroll to object 'Object Repository/RAD_Pages/PaymentAmount_Page/input__paymentAmount' successfully

2024-01-14 16:02:50 - [MESSAGE][PASSED] - Scroll to object 'Object Repository/RAD_Pages/PaymentAmount_Page/input__paymentAmount' successfully

2024-01-14 16:02:50 - [TEST_STEP][PASSED] - switch (Paymenttype): null

2024-01-14 16:02:50 - [TEST_STEP][PASSED] - case "New Tax Return Amount Due":: null

2024-01-14 16:02:50 - [TEST_STEP][PASSED] - setEncryptedText(findTestObject(orPath_TaxInfo + "/input_FederalEIN-2"), "RigbBhfdqODKcAsiUrg+1Q=="): Text ****** has been set on object 'Object Repository/RAD_Pages/TaxInfo_Page/input_FederalEIN-2'

2024-01-14 16:02:51 - [MESSAGE][PASSED] - Text ****** has been set on object 'Object Repository/RAD_Pages/TaxInfo_Page/input_FederalEIN-2'

2024-01-14 16:02:51 - [TEST_STEP][PASSED] - setEncryptedText(findTestObject(orPath_TaxInfo + "/input_FederalEIN_ReEnter-2"), "RigbBhfdqOBBGbZqm4oFJQ=="): Text ****** has been set on object 'Object Repository/RAD_Pages/TaxInfo_Page/input_FederalEIN_ReEnter-2'

2024-01-14 16:02:51 - [MESSAGE][PASSED] - Text ****** has been set on object 'Object Repository/RAD_Pages/TaxInfo_Page/input_FederalEIN_ReEnter-2'

2024-01-14 16:02:51 - [TEST_STEP][PASSED] - break: null

2024-01-14 16:02:51 - [TEST_STEP][PASSED] - setText(findTestObject(orPath_Amount + "/input__paymentAmount"), ""): Text '' is set on object 'Object Repository/RAD_Pages/PaymentAmount_Page/input__paymentAmount'

2024-01-14 16:02:52 - [MESSAGE][PASSED] - Text '' is set on object 'Object Repository/RAD_Pages/PaymentAmount_Page/input__paymentAmount'

2024-01-14 16:02:52 - [TEST_STEP][PASSED] - verifyTextPresent("The FEIN and Re-type FEIN do not match", true): Text 'The FEIN and Re-type FEIN do not match' is present on page  using regular expression

2024-01-14 16:02:52 - [MESSAGE][PASSED] - Text 'The FEIN and Re-type FEIN do not match' is present on page  using regular expression

2024-01-14 16:02:52 - [TEST_STEP][PASSED] - if (verifyTextPresent("The FEIN and Re-type FEIN do not match", true)): null

2024-01-14 16:02:53 - [MESSAGE][PASSED] - Text 'The FEIN and Re-type FEIN do not match' is present on page  using regular expression

2024-01-14 16:02:53 - [TEST_STEP][PASSED] - println("Error Message is present on the page"): null

2024-01-14 16:02:53 - [TEST_STEP][PASSED] - out.println("Pass Record Number: " + row): null

2024-01-14 16:02:53 - [TEST_STEP][PASSED] - resText = "Pass": null

2024-01-14 16:02:53 - [TEST_STEP][PASSED] - pages.WriteExcel.demoKey(resText, datText, resColumn, datCloumn, fileLoc, nameSheet, row): pages.WriteExcel.demoKey is PASSED

2024-01-14 16:02:53 - [MESSAGE][PASSED] - pages.WriteExcel.demoKey is PASSED

2024-01-14 16:02:53 - [TEST_STEP][PASSED] - ExecuteTC = findTestData(dataFile).getValue("Execute", row): null

2024-01-14 16:02:53 - [TEST_STEP][PASSED] - Taxtype = findTestData(dataFile).getValue("TaxType", row): null

2024-01-14 16:02:53 - [TEST_STEP][PASSED] - Paymenttype = findTestData(dataFile).getValue("PaymentType", row): null

2024-01-14 16:02:53 - [TEST_STEP][PASSED] - out.println("Value of Execute is : " + ExecuteTC): null

2024-01-14 16:02:53 - [TEST_STEP][PASSED] - if (ExecuteTC.equalsIgnoreCase("Y")): null

2024-01-14 16:02:53 - [TEST_STEP][PASSED] - out.println("Begin Record Number: " + row): null

2024-01-14 16:02:53 - [TEST_STEP][PASSED] - today = new java.util.Date(): null

2024-01-14 16:02:53 - [TEST_STEP][PASSED] - println(today): null

2024-01-14 16:02:53 - [TEST_STEP][PASSED] - datText = today: null

2024-01-14 16:02:53 - [TEST_STEP][PASSED] - Taxtype = findTestData(dataFile).getValue("TaxType", row): null

2024-01-14 16:02:53 - [TEST_STEP][PASSED] - out.println("Taxtype value is : " + Taxtype): null

2024-01-14 16:02:53 - [TEST_STEP][PASSED] - openBrowser(""): Browser is opened with url: ''

2024-01-14 16:02:53 - [MESSAGE][WARNING] - A browser is already opened. Closing browser and opening a new one

2024-01-14 16:02:54 - [MESSAGE][INFO] - Starting 'Chrome' driver

2024-01-14 16:02:54 - [MESSAGE][INFO] - User set preference: ['acceptInsecureCerts', 'true']

2024-01-14 16:02:54 - [MESSAGE][INFO] - Action delay is set to 0 milliseconds

2024-01-14 16:02:55 - [MESSAGE][PASSED] - Browser is opened with url: ''

2024-01-14 16:02:55 - [TEST_STEP][PASSED] - maximizeWindow(): Current window maximized

2024-01-14 16:02:55 - [MESSAGE][PASSED] - Current window maximized

2024-01-14 16:02:55 - [TEST_STEP][PASSED] - navigateToUrl(RADurl): Navigate to 'https://qa2.velocitypayment.com/client/rad/index.html' successfully

2024-01-14 16:02:56 - [MESSAGE][PASSED] - Navigate to 'https://qa2.velocitypayment.com/client/rad/index.html' successfully

2024-01-14 16:02:56 - [TEST_STEP][PASSED] - orPath_Landing = "Object Repository/RAD_Pages/Landing_Page": null

2024-01-14 16:02:56 - [TEST_STEP][PASSED] - orPath_TaxTypeFilingYear = "Object Repository/RAD_Pages/TaxTypeFilingYear_Page": null

2024-01-14 16:02:56 - [TEST_STEP][PASSED] - orPath_TaxPayer = "Object Repository/RAD_Pages/Taxpayer_Page": null

2024-01-14 16:02:56 - [TEST_STEP][PASSED] - orPath_AddressContact = "Object Repository/RAD_Pages/AddressAndContactInfo_Page": null

2024-01-14 16:02:56 - [TEST_STEP][PASSED] - orPath_FilingStatus = "Object Repository/RAD_Pages/FilingStatus_Page": null

2024-01-14 16:02:56 - [TEST_STEP][PASSED] - orPath_Amount = "Object Repository/RAD_Pages/PaymentAmount_Page": null

2024-01-14 16:02:56 - [TEST_STEP][PASSED] - orPath_TaxInfo = "Object Repository/RAD_Pages/TaxInfo_Page": null

2024-01-14 16:02:56 - [TEST_STEP][PASSED] - orPath_Withholding = "Object Repository/RAD_Pages/Withholding_Page": null

2024-01-14 16:02:56 - [TEST_STEP][PASSED] - orPath_Summary = "Object Repository/RAD_Pages/Summary_Page": null

2024-01-14 16:02:56 - [TEST_STEP][PASSED] - orPath_PaymentReady = "Object Repository/RAD_Pages/PaymentReady_Page": null

2024-01-14 16:02:56 - [TEST_STEP][PASSED] - orPath_PaymentEntry = "Object Repository/RAD_Pages/PaymentEntry_Page": null

2024-01-14 16:02:56 - [TEST_STEP][PASSED] - orPath_PaymentConfirmation = "Object Repository/RAD_Pages/PaymentConfirmation_Page": null

2024-01-14 16:02:56 - [TEST_STEP][PASSED] - orPath_ServiceFeesAccept = "Object Repository/RAD_Pages/ServiceFeeAccept_Page": null

2024-01-14 16:02:56 - [TEST_STEP][PASSED] - selectOptionByLabel(findTestObject(orPath_Landing + "/dd_TaxType"), Paymenttype, false): All options with label 'New Tax Return Amount Due' are selected in object 'Object Repository/RAD_Pages/Landing_Page/dd_TaxType' 

2024-01-14 16:02:57 - [MESSAGE][PASSED] - All options with label 'New Tax Return Amount Due' are selected in object 'Object Repository/RAD_Pages/Landing_Page/dd_TaxType' 

2024-01-14 16:02:57 - [TEST_STEP][PASSED] - delay(1): Delayed 1 second(s)

2024-01-14 16:02:58 - [MESSAGE][PASSED] - Delayed 1 second(s)

2024-01-14 16:02:58 - [TEST_STEP][PASSED] - switch (Paymenttype): null

2024-01-14 16:02:58 - [TEST_STEP][PASSED] - case "New Tax Return Amount Due":: null

2024-01-14 16:02:58 - [TEST_STEP][PASSED] - selectOptionByLabel(findTestObject("Object Repository/RAD_Pages/Landing_Page/select_NewTaxReturnAmountDue_TaxType"), Taxtype, false): All options with label 'Withholding Tax' are selected in object 'Object Repository/RAD_Pages/Landing_Page/select_NewTaxReturnAmountDue_TaxType' 

2024-01-14 16:02:59 - [MESSAGE][PASSED] - All options with label 'Withholding Tax' are selected in object 'Object Repository/RAD_Pages/Landing_Page/select_NewTaxReturnAmountDue_TaxType' 

2024-01-14 16:02:59 - [TEST_STEP][PASSED] - break: null

2024-01-14 16:02:59 - [TEST_STEP][PASSED] - delay(1): Delayed 1 second(s)

2024-01-14 16:03:00 - [MESSAGE][PASSED] - Delayed 1 second(s)

2024-01-14 16:03:00 - [TEST_STEP][PASSED] - scrollToElement(findTestObject(orPath_Amount + "/input__paymentAmount"), 2, CONTINUE_ON_FAILURE): Scroll to object 'Object Repository/RAD_Pages/PaymentAmount_Page/input__paymentAmount' successfully

2024-01-14 16:03:00 - [MESSAGE][PASSED] - Scroll to object 'Object Repository/RAD_Pages/PaymentAmount_Page/input__paymentAmount' successfully

2024-01-14 16:03:00 - [TEST_STEP][PASSED] - switch (Paymenttype): null

2024-01-14 16:03:00 - [TEST_STEP][PASSED] - case "New Tax Return Amount Due":: null

2024-01-14 16:03:00 - [TEST_STEP][PASSED] - setEncryptedText(findTestObject(orPath_TaxInfo + "/input_FederalEIN-2"), "RigbBhfdqODKcAsiUrg+1Q=="): Text ****** has been set on object 'Object Repository/RAD_Pages/TaxInfo_Page/input_FederalEIN-2'

2024-01-14 16:03:01 - [MESSAGE][PASSED] - Text ****** has been set on object 'Object Repository/RAD_Pages/TaxInfo_Page/input_FederalEIN-2'

2024-01-14 16:03:01 - [TEST_STEP][PASSED] - setEncryptedText(findTestObject(orPath_TaxInfo + "/input_FederalEIN_ReEnter-2"), "RigbBhfdqOBBGbZqm4oFJQ=="): Text ****** has been set on object 'Object Repository/RAD_Pages/TaxInfo_Page/input_FederalEIN_ReEnter-2'

2024-01-14 16:03:01 - [MESSAGE][PASSED] - Text ****** has been set on object 'Object Repository/RAD_Pages/TaxInfo_Page/input_FederalEIN_ReEnter-2'

2024-01-14 16:03:02 - [TEST_STEP][PASSED] - break: null

2024-01-14 16:03:02 - [TEST_STEP][PASSED] - setText(findTestObject(orPath_Amount + "/input__paymentAmount"), ""): Text '' is set on object 'Object Repository/RAD_Pages/PaymentAmount_Page/input__paymentAmount'

2024-01-14 16:03:02 - [MESSAGE][PASSED] - Text '' is set on object 'Object Repository/RAD_Pages/PaymentAmount_Page/input__paymentAmount'

2024-01-14 16:03:02 - [TEST_STEP][PASSED] - verifyTextPresent("The FEIN and Re-type FEIN do not match", true): Text 'The FEIN and Re-type FEIN do not match' is present on page  using regular expression

2024-01-14 16:03:03 - [MESSAGE][PASSED] - Text 'The FEIN and Re-type FEIN do not match' is present on page  using regular expression

2024-01-14 16:03:03 - [TEST_STEP][PASSED] - if (verifyTextPresent("The FEIN and Re-type FEIN do not match", true)): null

2024-01-14 16:03:03 - [MESSAGE][PASSED] - Text 'The FEIN and Re-type FEIN do not match' is present on page  using regular expression

2024-01-14 16:03:03 - [TEST_STEP][PASSED] - println("Error Message is present on the page"): null

2024-01-14 16:03:03 - [TEST_STEP][PASSED] - out.println("Pass Record Number: " + row): null

2024-01-14 16:03:03 - [TEST_STEP][PASSED] - resText = "Pass": null

2024-01-14 16:03:03 - [TEST_STEP][PASSED] - pages.WriteExcel.demoKey(resText, datText, resColumn, datCloumn, fileLoc, nameSheet, row): pages.WriteExcel.demoKey is PASSED

2024-01-14 16:03:03 - [MESSAGE][PASSED] - pages.WriteExcel.demoKey is PASSED]]></system-out>
         <system-err><![CDATA[]]></system-err>
      </testcase>
      <testcase name="Test Cases/RAD_TestCases/Negative_TestCases/FEINSSNmismatchError" time="147.33" classname="Test Cases/RAD_TestCases/Negative_TestCases/FEINSSNmismatchError" status="PASSED">
         <system-out><![CDATA[2024-01-14 16:03:03 - [TEST_CASE][PASSED] - Test Cases/RAD_TestCases/Negative_TestCases/FEINSSNmismatchError: Test Cases/RAD_TestCases/Negative_TestCases/FEINSSNmismatchError

2024-01-14 16:03:04 - [TEST_STEP][PASSED] - resText = "Fail": null

2024-01-14 16:03:04 - [TEST_STEP][PASSED] - resColumn = "Result": null

2024-01-14 16:03:04 - [TEST_STEP][PASSED] - datCloumn = "Date": null

2024-01-14 16:03:04 - [TEST_STEP][PASSED] - fileLoc = "KatalonData/RADTestData/FEINmismatch.xlsx": null

2024-01-14 16:03:04 - [TEST_STEP][PASSED] - nameSheet = "FEINSSNmismatch": null

2024-01-14 16:03:04 - [TEST_STEP][PASSED] - dataFile = "RADTestData/FEINSSNmismatch": null

2024-01-14 16:03:04 - [TEST_STEP][PASSED] - ExecuteTC = <not implemented yet for class: org.codehaus.groovy.ast.expr.EmptyExpression>: null

2024-01-14 16:03:04 - [TEST_STEP][PASSED] - Taxtype = <not implemented yet for class: org.codehaus.groovy.ast.expr.EmptyExpression>: null

2024-01-14 16:03:04 - [TEST_STEP][PASSED] - Paymenttype = <not implemented yet for class: org.codehaus.groovy.ast.expr.EmptyExpression>: null

2024-01-14 16:03:04 - [TEST_STEP][PASSED] - numOfRows = findTestData(dataFile).getRowNumbers(): null

2024-01-14 16:03:04 - [TEST_STEP][PASSED] - println("Number of Records: " + numOfRows): null

2024-01-14 16:03:04 - [TEST_STEP][PASSED] - for ([row = 1, row <= numOfRows, (row++)]): null

2024-01-14 16:03:04 - [TEST_STEP][PASSED] - ExecuteTC = findTestData(dataFile).getValue("Execute", row): null

2024-01-14 16:03:04 - [TEST_STEP][PASSED] - Taxtype = findTestData(dataFile).getValue("TaxType", row): null

2024-01-14 16:03:04 - [TEST_STEP][PASSED] - Paymenttype = findTestData(dataFile).getValue("PaymentType", row): null

2024-01-14 16:03:04 - [TEST_STEP][PASSED] - out.println("Value of Execute is : " + ExecuteTC): null

2024-01-14 16:03:04 - [TEST_STEP][PASSED] - if (ExecuteTC.equalsIgnoreCase("Y")): null

2024-01-14 16:03:04 - [TEST_STEP][PASSED] - out.println("Begin Record Number: " + row): null

2024-01-14 16:03:04 - [TEST_STEP][PASSED] - today = new java.util.Date(): null

2024-01-14 16:03:04 - [TEST_STEP][PASSED] - println(today): null

2024-01-14 16:03:04 - [TEST_STEP][PASSED] - datText = today: null

2024-01-14 16:03:04 - [TEST_STEP][PASSED] - Taxtype = findTestData(dataFile).getValue("TaxType", row): null

2024-01-14 16:03:04 - [TEST_STEP][PASSED] - out.println("Taxtype value is : " + Taxtype): null

2024-01-14 16:03:04 - [TEST_STEP][PASSED] - openBrowser(""): Browser is opened with url: ''

2024-01-14 16:03:04 - [MESSAGE][WARNING] - A browser is already opened. Closing browser and opening a new one

2024-01-14 16:03:05 - [MESSAGE][INFO] - Starting 'Chrome' driver

2024-01-14 16:03:05 - [MESSAGE][INFO] - User set preference: ['acceptInsecureCerts', 'true']

2024-01-14 16:03:05 - [MESSAGE][INFO] - Action delay is set to 0 milliseconds

2024-01-14 16:03:07 - [MESSAGE][PASSED] - Browser is opened with url: ''

2024-01-14 16:03:07 - [TEST_STEP][PASSED] - maximizeWindow(): Current window maximized

2024-01-14 16:03:07 - [MESSAGE][PASSED] - Current window maximized

2024-01-14 16:03:07 - [TEST_STEP][PASSED] - navigateToUrl(RADurl): Navigate to 'https://qa2.velocitypayment.com/client/rad/index.html' successfully

2024-01-14 16:03:08 - [MESSAGE][PASSED] - Navigate to 'https://qa2.velocitypayment.com/client/rad/index.html' successfully

2024-01-14 16:03:08 - [TEST_STEP][PASSED] - orPath_Landing = "Object Repository/RAD_Pages/Landing_Page": null

2024-01-14 16:03:08 - [TEST_STEP][PASSED] - orPath_TaxTypeFilingYear = "Object Repository/RAD_Pages/TaxTypeFilingYear_Page": null

2024-01-14 16:03:08 - [TEST_STEP][PASSED] - orPath_TaxPayer = "Object Repository/RAD_Pages/Taxpayer_Page": null

2024-01-14 16:03:08 - [TEST_STEP][PASSED] - orPath_AddressContact = "Object Repository/RAD_Pages/AddressAndContactInfo_Page": null

2024-01-14 16:03:08 - [TEST_STEP][PASSED] - orPath_FilingStatus = "Object Repository/RAD_Pages/FilingStatus_Page": null

2024-01-14 16:03:08 - [TEST_STEP][PASSED] - orPath_Amount = "Object Repository/RAD_Pages/PaymentAmount_Page": null

2024-01-14 16:03:08 - [TEST_STEP][PASSED] - orPath_TaxInfo = "Object Repository/RAD_Pages/TaxInfo_Page": null

2024-01-14 16:03:08 - [TEST_STEP][PASSED] - orPath_Withholding = "Object Repository/RAD_Pages/Withholding_Page": null

2024-01-14 16:03:08 - [TEST_STEP][PASSED] - orPath_Summary = "Object Repository/RAD_Pages/Summary_Page": null

2024-01-14 16:03:08 - [TEST_STEP][PASSED] - orPath_PaymentReady = "Object Repository/RAD_Pages/PaymentReady_Page": null

2024-01-14 16:03:08 - [TEST_STEP][PASSED] - orPath_PaymentEntry = "Object Repository/RAD_Pages/PaymentEntry_Page": null

2024-01-14 16:03:08 - [TEST_STEP][PASSED] - orPath_PaymentConfirmation = "Object Repository/RAD_Pages/PaymentConfirmation_Page": null

2024-01-14 16:03:08 - [TEST_STEP][PASSED] - orPath_ServiceFeesAccept = "Object Repository/RAD_Pages/ServiceFeeAccept_Page": null

2024-01-14 16:03:08 - [TEST_STEP][PASSED] - selectOptionByLabel(findTestObject(orPath_Landing + "/dd_TaxType"), Paymenttype, false): All options with label 'Existing Liability w/Notice Number' are selected in object 'Object Repository/RAD_Pages/Landing_Page/dd_TaxType' 

2024-01-14 16:03:09 - [MESSAGE][PASSED] - All options with label 'Existing Liability w/Notice Number' are selected in object 'Object Repository/RAD_Pages/Landing_Page/dd_TaxType' 

2024-01-14 16:03:09 - [TEST_STEP][PASSED] - delay(1): Delayed 1 second(s)

2024-01-14 16:03:10 - [MESSAGE][PASSED] - Delayed 1 second(s)

2024-01-14 16:03:10 - [TEST_STEP][PASSED] - switch (Paymenttype): null

2024-01-14 16:03:10 - [TEST_STEP][PASSED] - case "Existing Liability w/Notice Number":: null

2024-01-14 16:03:10 - [TEST_STEP][PASSED] - selectOptionByLabel(findTestObject(orPath_TaxTypeFilingYear + "/select_TaxType_ExistingLiability"), Taxtype, false): All options with label 'PTE Non-Electing Non-S Corp' are selected in object 'Object Repository/RAD_Pages/TaxTypeFilingYear_Page/select_TaxType_ExistingLiability' 

2024-01-14 16:03:11 - [MESSAGE][PASSED] - All options with label 'PTE Non-Electing Non-S Corp' are selected in object 'Object Repository/RAD_Pages/TaxTypeFilingYear_Page/select_TaxType_ExistingLiability' 

2024-01-14 16:03:11 - [TEST_STEP][PASSED] - break: null

2024-01-14 16:03:11 - [TEST_STEP][PASSED] - delay(1): Delayed 1 second(s)

2024-01-14 16:03:12 - [MESSAGE][PASSED] - Delayed 1 second(s)

2024-01-14 16:03:12 - [TEST_STEP][PASSED] - scrollToElement(findTestObject(orPath_Amount + "/input__paymentAmount"), 2, CONTINUE_ON_FAILURE): Scroll to object 'Object Repository/RAD_Pages/PaymentAmount_Page/input__paymentAmount' successfully

2024-01-14 16:03:12 - [MESSAGE][PASSED] - Scroll to object 'Object Repository/RAD_Pages/PaymentAmount_Page/input__paymentAmount' successfully

2024-01-14 16:03:12 - [TEST_STEP][PASSED] - switch (Paymenttype): null

2024-01-14 16:03:12 - [TEST_STEP][PASSED] - case "Existing Liability w/Notice Number":: null

2024-01-14 16:03:12 - [TEST_STEP][PASSED] - setEncryptedText(findTestObject(orPath_TaxInfo + "/input_TaxInfo_feinSsn_Existing_New"), "RigbBhfdqODKcAsiUrg+1Q=="): Text ****** has been set on object 'Object Repository/RAD_Pages/TaxInfo_Page/input_TaxInfo_feinSsn_Existing_New'

2024-01-14 16:03:12 - [MESSAGE][PASSED] - Text ****** has been set on object 'Object Repository/RAD_Pages/TaxInfo_Page/input_TaxInfo_feinSsn_Existing_New'

2024-01-14 16:03:12 - [TEST_STEP][PASSED] - setEncryptedText(findTestObject(orPath_TaxInfo + "/input_TaxInfo_RetypefeinSsn_Existing_New"), "RigbBhfdqOD+04WBHw5iKw=="): Text ****** has been set on object 'Object Repository/RAD_Pages/TaxInfo_Page/input_TaxInfo_RetypefeinSsn_Existing_New'

2024-01-14 16:03:13 - [MESSAGE][PASSED] - Text ****** has been set on object 'Object Repository/RAD_Pages/TaxInfo_Page/input_TaxInfo_RetypefeinSsn_Existing_New'

2024-01-14 16:03:13 - [TEST_STEP][PASSED] - break: null

2024-01-14 16:03:13 - [TEST_STEP][PASSED] - setText(findTestObject(orPath_Amount + "/input__paymentAmount"), ""): Text '' is set on object 'Object Repository/RAD_Pages/PaymentAmount_Page/input__paymentAmount'

2024-01-14 16:03:14 - [MESSAGE][PASSED] - Text '' is set on object 'Object Repository/RAD_Pages/PaymentAmount_Page/input__paymentAmount'

2024-01-14 16:03:14 - [TEST_STEP][PASSED] - if (verifyTextPresent("The FEIN/SSN and Re-type FEIN/SSN do not match", true)): null

2024-01-14 16:03:14 - [MESSAGE][PASSED] - Text 'The FEIN/SSN and Re-type FEIN/SSN do not match' is present on page  using regular expression

2024-01-14 16:03:14 - [TEST_STEP][PASSED] - println("Error Message is present on the page"): null

2024-01-14 16:03:14 - [TEST_STEP][PASSED] - out.println("Pass Record Number: " + row): null

2024-01-14 16:03:14 - [TEST_STEP][PASSED] - resText = "Pass": null

2024-01-14 16:03:14 - [TEST_STEP][PASSED] - pages.WriteExcel.demoKey(resText, datText, resColumn, datCloumn, fileLoc, nameSheet, row): pages.WriteExcel.demoKey is PASSED

2024-01-14 16:03:14 - [MESSAGE][PASSED] - pages.WriteExcel.demoKey is PASSED

2024-01-14 16:03:14 - [TEST_STEP][PASSED] - ExecuteTC = findTestData(dataFile).getValue("Execute", row): null

2024-01-14 16:03:14 - [TEST_STEP][PASSED] - Taxtype = findTestData(dataFile).getValue("TaxType", row): null

2024-01-14 16:03:14 - [TEST_STEP][PASSED] - Paymenttype = findTestData(dataFile).getValue("PaymentType", row): null

2024-01-14 16:03:14 - [TEST_STEP][PASSED] - out.println("Value of Execute is : " + ExecuteTC): null

2024-01-14 16:03:14 - [TEST_STEP][PASSED] - if (ExecuteTC.equalsIgnoreCase("Y")): null

2024-01-14 16:03:14 - [TEST_STEP][PASSED] - out.println("Begin Record Number: " + row): null

2024-01-14 16:03:14 - [TEST_STEP][PASSED] - today = new java.util.Date(): null

2024-01-14 16:03:14 - [TEST_STEP][PASSED] - println(today): null

2024-01-14 16:03:14 - [TEST_STEP][PASSED] - datText = today: null

2024-01-14 16:03:14 - [TEST_STEP][PASSED] - Taxtype = findTestData(dataFile).getValue("TaxType", row): null

2024-01-14 16:03:14 - [TEST_STEP][PASSED] - out.println("Taxtype value is : " + Taxtype): null

2024-01-14 16:03:14 - [TEST_STEP][PASSED] - openBrowser(""): Browser is opened with url: ''

2024-01-14 16:03:14 - [MESSAGE][WARNING] - A browser is already opened. Closing browser and opening a new one

2024-01-14 16:03:15 - [MESSAGE][INFO] - Starting 'Chrome' driver

2024-01-14 16:03:15 - [MESSAGE][INFO] - User set preference: ['acceptInsecureCerts', 'true']

2024-01-14 16:03:15 - [MESSAGE][INFO] - Action delay is set to 0 milliseconds

2024-01-14 16:03:17 - [MESSAGE][PASSED] - Browser is opened with url: ''

2024-01-14 16:03:17 - [TEST_STEP][PASSED] - maximizeWindow(): Current window maximized

2024-01-14 16:03:17 - [MESSAGE][PASSED] - Current window maximized

2024-01-14 16:03:17 - [TEST_STEP][PASSED] - navigateToUrl(RADurl): Navigate to 'https://qa2.velocitypayment.com/client/rad/index.html' successfully

2024-01-14 16:03:19 - [MESSAGE][PASSED] - Navigate to 'https://qa2.velocitypayment.com/client/rad/index.html' successfully

2024-01-14 16:03:19 - [TEST_STEP][PASSED] - orPath_Landing = "Object Repository/RAD_Pages/Landing_Page": null

2024-01-14 16:03:19 - [TEST_STEP][PASSED] - orPath_TaxTypeFilingYear = "Object Repository/RAD_Pages/TaxTypeFilingYear_Page": null

2024-01-14 16:03:19 - [TEST_STEP][PASSED] - orPath_TaxPayer = "Object Repository/RAD_Pages/Taxpayer_Page": null

2024-01-14 16:03:19 - [TEST_STEP][PASSED] - orPath_AddressContact = "Object Repository/RAD_Pages/AddressAndContactInfo_Page": null

2024-01-14 16:03:19 - [TEST_STEP][PASSED] - orPath_FilingStatus = "Object Repository/RAD_Pages/FilingStatus_Page": null

2024-01-14 16:03:19 - [TEST_STEP][PASSED] - orPath_Amount = "Object Repository/RAD_Pages/PaymentAmount_Page": null

2024-01-14 16:03:19 - [TEST_STEP][PASSED] - orPath_TaxInfo = "Object Repository/RAD_Pages/TaxInfo_Page": null

2024-01-14 16:03:19 - [TEST_STEP][PASSED] - orPath_Withholding = "Object Repository/RAD_Pages/Withholding_Page": null

2024-01-14 16:03:19 - [TEST_STEP][PASSED] - orPath_Summary = "Object Repository/RAD_Pages/Summary_Page": null

2024-01-14 16:03:19 - [TEST_STEP][PASSED] - orPath_PaymentReady = "Object Repository/RAD_Pages/PaymentReady_Page": null

2024-01-14 16:03:19 - [TEST_STEP][PASSED] - orPath_PaymentEntry = "Object Repository/RAD_Pages/PaymentEntry_Page": null

2024-01-14 16:03:19 - [TEST_STEP][PASSED] - orPath_PaymentConfirmation = "Object Repository/RAD_Pages/PaymentConfirmation_Page": null

2024-01-14 16:03:19 - [TEST_STEP][PASSED] - orPath_ServiceFeesAccept = "Object Repository/RAD_Pages/ServiceFeeAccept_Page": null

2024-01-14 16:03:19 - [TEST_STEP][PASSED] - selectOptionByLabel(findTestObject(orPath_Landing + "/dd_TaxType"), Paymenttype, false): All options with label 'Existing Liability w/Notice Number' are selected in object 'Object Repository/RAD_Pages/Landing_Page/dd_TaxType' 

2024-01-14 16:03:19 - [MESSAGE][PASSED] - All options with label 'Existing Liability w/Notice Number' are selected in object 'Object Repository/RAD_Pages/Landing_Page/dd_TaxType' 

2024-01-14 16:03:19 - [TEST_STEP][PASSED] - delay(1): Delayed 1 second(s)

2024-01-14 16:03:20 - [MESSAGE][PASSED] - Delayed 1 second(s)

2024-01-14 16:03:20 - [TEST_STEP][PASSED] - switch (Paymenttype): null

2024-01-14 16:03:20 - [TEST_STEP][PASSED] - case "Existing Liability w/Notice Number":: null

2024-01-14 16:03:20 - [TEST_STEP][PASSED] - selectOptionByLabel(findTestObject(orPath_TaxTypeFilingYear + "/select_TaxType_ExistingLiability"), Taxtype, false): All options with label 'PTE Non-Electing S Corp' are selected in object 'Object Repository/RAD_Pages/TaxTypeFilingYear_Page/select_TaxType_ExistingLiability' 

2024-01-14 16:03:21 - [MESSAGE][PASSED] - All options with label 'PTE Non-Electing S Corp' are selected in object 'Object Repository/RAD_Pages/TaxTypeFilingYear_Page/select_TaxType_ExistingLiability' 

2024-01-14 16:03:21 - [TEST_STEP][PASSED] - break: null

2024-01-14 16:03:21 - [TEST_STEP][PASSED] - delay(1): Delayed 1 second(s)

2024-01-14 16:03:22 - [MESSAGE][PASSED] - Delayed 1 second(s)

2024-01-14 16:03:22 - [TEST_STEP][PASSED] - scrollToElement(findTestObject(orPath_Amount + "/input__paymentAmount"), 2, CONTINUE_ON_FAILURE): Scroll to object 'Object Repository/RAD_Pages/PaymentAmount_Page/input__paymentAmount' successfully

2024-01-14 16:03:22 - [MESSAGE][PASSED] - Scroll to object 'Object Repository/RAD_Pages/PaymentAmount_Page/input__paymentAmount' successfully

2024-01-14 16:03:22 - [TEST_STEP][PASSED] - switch (Paymenttype): null

2024-01-14 16:03:22 - [TEST_STEP][PASSED] - case "Existing Liability w/Notice Number":: null

2024-01-14 16:03:22 - [TEST_STEP][PASSED] - setEncryptedText(findTestObject(orPath_TaxInfo + "/input_TaxInfo_feinSsn_Existing_New"), "RigbBhfdqODKcAsiUrg+1Q=="): Text ****** has been set on object 'Object Repository/RAD_Pages/TaxInfo_Page/input_TaxInfo_feinSsn_Existing_New'

2024-01-14 16:03:23 - [MESSAGE][PASSED] - Text ****** has been set on object 'Object Repository/RAD_Pages/TaxInfo_Page/input_TaxInfo_feinSsn_Existing_New'

2024-01-14 16:03:23 - [TEST_STEP][PASSED] - setEncryptedText(findTestObject(orPath_TaxInfo + "/input_TaxInfo_RetypefeinSsn_Existing_New"), "RigbBhfdqOD+04WBHw5iKw=="): Text ****** has been set on object 'Object Repository/RAD_Pages/TaxInfo_Page/input_TaxInfo_RetypefeinSsn_Existing_New'

2024-01-14 16:03:23 - [MESSAGE][PASSED] - Text ****** has been set on object 'Object Repository/RAD_Pages/TaxInfo_Page/input_TaxInfo_RetypefeinSsn_Existing_New'

2024-01-14 16:03:23 - [TEST_STEP][PASSED] - break: null

2024-01-14 16:03:23 - [TEST_STEP][PASSED] - setText(findTestObject(orPath_Amount + "/input__paymentAmount"), ""): Text '' is set on object 'Object Repository/RAD_Pages/PaymentAmount_Page/input__paymentAmount'

2024-01-14 16:03:24 - [MESSAGE][PASSED] - Text '' is set on object 'Object Repository/RAD_Pages/PaymentAmount_Page/input__paymentAmount'

2024-01-14 16:03:24 - [TEST_STEP][PASSED] - if (verifyTextPresent("The FEIN/SSN and Re-type FEIN/SSN do not match", true)): null

2024-01-14 16:03:25 - [MESSAGE][PASSED] - Text 'The FEIN/SSN and Re-type FEIN/SSN do not match' is present on page  using regular expression

2024-01-14 16:03:25 - [TEST_STEP][PASSED] - println("Error Message is present on the page"): null

2024-01-14 16:03:25 - [TEST_STEP][PASSED] - out.println("Pass Record Number: " + row): null

2024-01-14 16:03:25 - [TEST_STEP][PASSED] - resText = "Pass": null

2024-01-14 16:03:25 - [TEST_STEP][PASSED] - pages.WriteExcel.demoKey(resText, datText, resColumn, datCloumn, fileLoc, nameSheet, row): pages.WriteExcel.demoKey is PASSED

2024-01-14 16:03:25 - [MESSAGE][PASSED] - pages.WriteExcel.demoKey is PASSED

2024-01-14 16:03:25 - [TEST_STEP][PASSED] - ExecuteTC = findTestData(dataFile).getValue("Execute", row): null

2024-01-14 16:03:25 - [TEST_STEP][PASSED] - Taxtype = findTestData(dataFile).getValue("TaxType", row): null

2024-01-14 16:03:25 - [TEST_STEP][PASSED] - Paymenttype = findTestData(dataFile).getValue("PaymentType", row): null

2024-01-14 16:03:25 - [TEST_STEP][PASSED] - out.println("Value of Execute is : " + ExecuteTC): null

2024-01-14 16:03:25 - [TEST_STEP][PASSED] - if (ExecuteTC.equalsIgnoreCase("Y")): null

2024-01-14 16:03:25 - [TEST_STEP][PASSED] - out.println("Begin Record Number: " + row): null

2024-01-14 16:03:25 - [TEST_STEP][PASSED] - today = new java.util.Date(): null

2024-01-14 16:03:25 - [TEST_STEP][PASSED] - println(today): null

2024-01-14 16:03:25 - [TEST_STEP][PASSED] - datText = today: null

2024-01-14 16:03:25 - [TEST_STEP][PASSED] - Taxtype = findTestData(dataFile).getValue("TaxType", row): null

2024-01-14 16:03:25 - [TEST_STEP][PASSED] - out.println("Taxtype value is : " + Taxtype): null

2024-01-14 16:03:25 - [TEST_STEP][PASSED] - openBrowser(""): Browser is opened with url: ''

2024-01-14 16:03:25 - [MESSAGE][WARNING] - A browser is already opened. Closing browser and opening a new one

2024-01-14 16:03:26 - [MESSAGE][INFO] - Starting 'Chrome' driver

2024-01-14 16:03:26 - [MESSAGE][INFO] - User set preference: ['acceptInsecureCerts', 'true']

2024-01-14 16:03:26 - [MESSAGE][INFO] - Action delay is set to 0 milliseconds

2024-01-14 16:03:27 - [MESSAGE][PASSED] - Browser is opened with url: ''

2024-01-14 16:03:27 - [TEST_STEP][PASSED] - maximizeWindow(): Current window maximized

2024-01-14 16:03:28 - [MESSAGE][PASSED] - Current window maximized

2024-01-14 16:03:28 - [TEST_STEP][PASSED] - navigateToUrl(RADurl): Navigate to 'https://qa2.velocitypayment.com/client/rad/index.html' successfully

2024-01-14 16:03:29 - [MESSAGE][PASSED] - Navigate to 'https://qa2.velocitypayment.com/client/rad/index.html' successfully

2024-01-14 16:03:29 - [TEST_STEP][PASSED] - orPath_Landing = "Object Repository/RAD_Pages/Landing_Page": null

2024-01-14 16:03:29 - [TEST_STEP][PASSED] - orPath_TaxTypeFilingYear = "Object Repository/RAD_Pages/TaxTypeFilingYear_Page": null

2024-01-14 16:03:29 - [TEST_STEP][PASSED] - orPath_TaxPayer = "Object Repository/RAD_Pages/Taxpayer_Page": null

2024-01-14 16:03:29 - [TEST_STEP][PASSED] - orPath_AddressContact = "Object Repository/RAD_Pages/AddressAndContactInfo_Page": null

2024-01-14 16:03:29 - [TEST_STEP][PASSED] - orPath_FilingStatus = "Object Repository/RAD_Pages/FilingStatus_Page": null

2024-01-14 16:03:29 - [TEST_STEP][PASSED] - orPath_Amount = "Object Repository/RAD_Pages/PaymentAmount_Page": null

2024-01-14 16:03:29 - [TEST_STEP][PASSED] - orPath_TaxInfo = "Object Repository/RAD_Pages/TaxInfo_Page": null

2024-01-14 16:03:29 - [TEST_STEP][PASSED] - orPath_Withholding = "Object Repository/RAD_Pages/Withholding_Page": null

2024-01-14 16:03:29 - [TEST_STEP][PASSED] - orPath_Summary = "Object Repository/RAD_Pages/Summary_Page": null

2024-01-14 16:03:29 - [TEST_STEP][PASSED] - orPath_PaymentReady = "Object Repository/RAD_Pages/PaymentReady_Page": null

2024-01-14 16:03:29 - [TEST_STEP][PASSED] - orPath_PaymentEntry = "Object Repository/RAD_Pages/PaymentEntry_Page": null

2024-01-14 16:03:29 - [TEST_STEP][PASSED] - orPath_PaymentConfirmation = "Object Repository/RAD_Pages/PaymentConfirmation_Page": null

2024-01-14 16:03:29 - [TEST_STEP][PASSED] - orPath_ServiceFeesAccept = "Object Repository/RAD_Pages/ServiceFeeAccept_Page": null

2024-01-14 16:03:29 - [TEST_STEP][PASSED] - selectOptionByLabel(findTestObject(orPath_Landing + "/dd_TaxType"), Paymenttype, false): All options with label 'Existing Liability w/Notice Number' are selected in object 'Object Repository/RAD_Pages/Landing_Page/dd_TaxType' 

2024-01-14 16:03:30 - [MESSAGE][PASSED] - All options with label 'Existing Liability w/Notice Number' are selected in object 'Object Repository/RAD_Pages/Landing_Page/dd_TaxType' 

2024-01-14 16:03:30 - [TEST_STEP][PASSED] - delay(1): Delayed 1 second(s)

2024-01-14 16:03:31 - [MESSAGE][PASSED] - Delayed 1 second(s)

2024-01-14 16:03:31 - [TEST_STEP][PASSED] - switch (Paymenttype): null

2024-01-14 16:03:31 - [TEST_STEP][PASSED] - case "Existing Liability w/Notice Number":: null

2024-01-14 16:03:31 - [TEST_STEP][PASSED] - selectOptionByLabel(findTestObject(orPath_TaxTypeFilingYear + "/select_TaxType_ExistingLiability"), Taxtype, false): All options with label 'PTE Tax Electing Non-S Corp' are selected in object 'Object Repository/RAD_Pages/TaxTypeFilingYear_Page/select_TaxType_ExistingLiability' 

2024-01-14 16:03:31 - [MESSAGE][PASSED] - All options with label 'PTE Tax Electing Non-S Corp' are selected in object 'Object Repository/RAD_Pages/TaxTypeFilingYear_Page/select_TaxType_ExistingLiability' 

2024-01-14 16:03:31 - [TEST_STEP][PASSED] - break: null

2024-01-14 16:03:31 - [TEST_STEP][PASSED] - delay(1): Delayed 1 second(s)

2024-01-14 16:03:32 - [MESSAGE][PASSED] - Delayed 1 second(s)

2024-01-14 16:03:32 - [TEST_STEP][PASSED] - scrollToElement(findTestObject(orPath_Amount + "/input__paymentAmount"), 2, CONTINUE_ON_FAILURE): Scroll to object 'Object Repository/RAD_Pages/PaymentAmount_Page/input__paymentAmount' successfully

2024-01-14 16:03:33 - [MESSAGE][PASSED] - Scroll to object 'Object Repository/RAD_Pages/PaymentAmount_Page/input__paymentAmount' successfully

2024-01-14 16:03:33 - [TEST_STEP][PASSED] - switch (Paymenttype): null

2024-01-14 16:03:33 - [TEST_STEP][PASSED] - case "Existing Liability w/Notice Number":: null

2024-01-14 16:03:33 - [TEST_STEP][PASSED] - setEncryptedText(findTestObject(orPath_TaxInfo + "/input_TaxInfo_feinSsn_Existing_New"), "RigbBhfdqODKcAsiUrg+1Q=="): Text ****** has been set on object 'Object Repository/RAD_Pages/TaxInfo_Page/input_TaxInfo_feinSsn_Existing_New'

2024-01-14 16:03:33 - [MESSAGE][PASSED] - Text ****** has been set on object 'Object Repository/RAD_Pages/TaxInfo_Page/input_TaxInfo_feinSsn_Existing_New'

2024-01-14 16:03:33 - [TEST_STEP][PASSED] - setEncryptedText(findTestObject(orPath_TaxInfo + "/input_TaxInfo_RetypefeinSsn_Existing_New"), "RigbBhfdqOD+04WBHw5iKw=="): Text ****** has been set on object 'Object Repository/RAD_Pages/TaxInfo_Page/input_TaxInfo_RetypefeinSsn_Existing_New'

2024-01-14 16:03:34 - [MESSAGE][PASSED] - Text ****** has been set on object 'Object Repository/RAD_Pages/TaxInfo_Page/input_TaxInfo_RetypefeinSsn_Existing_New'

2024-01-14 16:03:34 - [TEST_STEP][PASSED] - break: null

2024-01-14 16:03:34 - [TEST_STEP][PASSED] - setText(findTestObject(orPath_Amount + "/input__paymentAmount"), ""): Text '' is set on object 'Object Repository/RAD_Pages/PaymentAmount_Page/input__paymentAmount'

2024-01-14 16:03:34 - [MESSAGE][PASSED] - Text '' is set on object 'Object Repository/RAD_Pages/PaymentAmount_Page/input__paymentAmount'

2024-01-14 16:03:34 - [TEST_STEP][PASSED] - if (verifyTextPresent("The FEIN/SSN and Re-type FEIN/SSN do not match", true)): null

2024-01-14 16:03:35 - [MESSAGE][PASSED] - Text 'The FEIN/SSN and Re-type FEIN/SSN do not match' is present on page  using regular expression

2024-01-14 16:03:35 - [TEST_STEP][PASSED] - println("Error Message is present on the page"): null

2024-01-14 16:03:35 - [TEST_STEP][PASSED] - out.println("Pass Record Number: " + row): null

2024-01-14 16:03:35 - [TEST_STEP][PASSED] - resText = "Pass": null

2024-01-14 16:03:35 - [TEST_STEP][PASSED] - pages.WriteExcel.demoKey(resText, datText, resColumn, datCloumn, fileLoc, nameSheet, row): pages.WriteExcel.demoKey is PASSED

2024-01-14 16:03:35 - [MESSAGE][PASSED] - pages.WriteExcel.demoKey is PASSED

2024-01-14 16:03:35 - [TEST_STEP][PASSED] - ExecuteTC = findTestData(dataFile).getValue("Execute", row): null

2024-01-14 16:03:35 - [TEST_STEP][PASSED] - Taxtype = findTestData(dataFile).getValue("TaxType", row): null

2024-01-14 16:03:35 - [TEST_STEP][PASSED] - Paymenttype = findTestData(dataFile).getValue("PaymentType", row): null

2024-01-14 16:03:35 - [TEST_STEP][PASSED] - out.println("Value of Execute is : " + ExecuteTC): null

2024-01-14 16:03:35 - [TEST_STEP][PASSED] - if (ExecuteTC.equalsIgnoreCase("Y")): null

2024-01-14 16:03:35 - [TEST_STEP][PASSED] - out.println("Begin Record Number: " + row): null

2024-01-14 16:03:35 - [TEST_STEP][PASSED] - today = new java.util.Date(): null

2024-01-14 16:03:35 - [TEST_STEP][PASSED] - println(today): null

2024-01-14 16:03:35 - [TEST_STEP][PASSED] - datText = today: null

2024-01-14 16:03:35 - [TEST_STEP][PASSED] - Taxtype = findTestData(dataFile).getValue("TaxType", row): null

2024-01-14 16:03:35 - [TEST_STEP][PASSED] - out.println("Taxtype value is : " + Taxtype): null

2024-01-14 16:03:35 - [TEST_STEP][PASSED] - openBrowser(""): Browser is opened with url: ''

2024-01-14 16:03:35 - [MESSAGE][WARNING] - A browser is already opened. Closing browser and opening a new one

2024-01-14 16:03:36 - [MESSAGE][INFO] - Starting 'Chrome' driver

2024-01-14 16:03:36 - [MESSAGE][INFO] - User set preference: ['acceptInsecureCerts', 'true']

2024-01-14 16:03:36 - [MESSAGE][INFO] - Action delay is set to 0 milliseconds

2024-01-14 16:03:38 - [MESSAGE][PASSED] - Browser is opened with url: ''

2024-01-14 16:03:38 - [TEST_STEP][PASSED] - maximizeWindow(): Current window maximized

2024-01-14 16:03:38 - [MESSAGE][PASSED] - Current window maximized

2024-01-14 16:03:38 - [TEST_STEP][PASSED] - navigateToUrl(RADurl): Navigate to 'https://qa2.velocitypayment.com/client/rad/index.html' successfully

2024-01-14 16:03:39 - [MESSAGE][PASSED] - Navigate to 'https://qa2.velocitypayment.com/client/rad/index.html' successfully

2024-01-14 16:03:39 - [TEST_STEP][PASSED] - orPath_Landing = "Object Repository/RAD_Pages/Landing_Page": null

2024-01-14 16:03:39 - [TEST_STEP][PASSED] - orPath_TaxTypeFilingYear = "Object Repository/RAD_Pages/TaxTypeFilingYear_Page": null

2024-01-14 16:03:39 - [TEST_STEP][PASSED] - orPath_TaxPayer = "Object Repository/RAD_Pages/Taxpayer_Page": null

2024-01-14 16:03:39 - [TEST_STEP][PASSED] - orPath_AddressContact = "Object Repository/RAD_Pages/AddressAndContactInfo_Page": null

2024-01-14 16:03:39 - [TEST_STEP][PASSED] - orPath_FilingStatus = "Object Repository/RAD_Pages/FilingStatus_Page": null

2024-01-14 16:03:39 - [TEST_STEP][PASSED] - orPath_Amount = "Object Repository/RAD_Pages/PaymentAmount_Page": null

2024-01-14 16:03:39 - [TEST_STEP][PASSED] - orPath_TaxInfo = "Object Repository/RAD_Pages/TaxInfo_Page": null

2024-01-14 16:03:39 - [TEST_STEP][PASSED] - orPath_Withholding = "Object Repository/RAD_Pages/Withholding_Page": null

2024-01-14 16:03:39 - [TEST_STEP][PASSED] - orPath_Summary = "Object Repository/RAD_Pages/Summary_Page": null

2024-01-14 16:03:39 - [TEST_STEP][PASSED] - orPath_PaymentReady = "Object Repository/RAD_Pages/PaymentReady_Page": null

2024-01-14 16:03:39 - [TEST_STEP][PASSED] - orPath_PaymentEntry = "Object Repository/RAD_Pages/PaymentEntry_Page": null

2024-01-14 16:03:39 - [TEST_STEP][PASSED] - orPath_PaymentConfirmation = "Object Repository/RAD_Pages/PaymentConfirmation_Page": null

2024-01-14 16:03:39 - [TEST_STEP][PASSED] - orPath_ServiceFeesAccept = "Object Repository/RAD_Pages/ServiceFeeAccept_Page": null

2024-01-14 16:03:39 - [TEST_STEP][PASSED] - selectOptionByLabel(findTestObject(orPath_Landing + "/dd_TaxType"), Paymenttype, false): All options with label 'Existing Liability w/Notice Number' are selected in object 'Object Repository/RAD_Pages/Landing_Page/dd_TaxType' 

2024-01-14 16:03:40 - [MESSAGE][PASSED] - All options with label 'Existing Liability w/Notice Number' are selected in object 'Object Repository/RAD_Pages/Landing_Page/dd_TaxType' 

2024-01-14 16:03:40 - [TEST_STEP][PASSED] - delay(1): Delayed 1 second(s)

2024-01-14 16:03:41 - [MESSAGE][PASSED] - Delayed 1 second(s)

2024-01-14 16:03:41 - [TEST_STEP][PASSED] - switch (Paymenttype): null

2024-01-14 16:03:41 - [TEST_STEP][PASSED] - case "Existing Liability w/Notice Number":: null

2024-01-14 16:03:41 - [TEST_STEP][PASSED] - selectOptionByLabel(findTestObject(orPath_TaxTypeFilingYear + "/select_TaxType_ExistingLiability"), Taxtype, false): All options with label 'PTE Tax Electing S Corp' are selected in object 'Object Repository/RAD_Pages/TaxTypeFilingYear_Page/select_TaxType_ExistingLiability' 

2024-01-14 16:03:42 - [MESSAGE][PASSED] - All options with label 'PTE Tax Electing S Corp' are selected in object 'Object Repository/RAD_Pages/TaxTypeFilingYear_Page/select_TaxType_ExistingLiability' 

2024-01-14 16:03:42 - [TEST_STEP][PASSED] - break: null

2024-01-14 16:03:42 - [TEST_STEP][PASSED] - delay(1): Delayed 1 second(s)

2024-01-14 16:03:43 - [MESSAGE][PASSED] - Delayed 1 second(s)

2024-01-14 16:03:43 - [TEST_STEP][PASSED] - scrollToElement(findTestObject(orPath_Amount + "/input__paymentAmount"), 2, CONTINUE_ON_FAILURE): Scroll to object 'Object Repository/RAD_Pages/PaymentAmount_Page/input__paymentAmount' successfully

2024-01-14 16:03:43 - [MESSAGE][PASSED] - Scroll to object 'Object Repository/RAD_Pages/PaymentAmount_Page/input__paymentAmount' successfully

2024-01-14 16:03:43 - [TEST_STEP][PASSED] - switch (Paymenttype): null

2024-01-14 16:03:43 - [TEST_STEP][PASSED] - case "Existing Liability w/Notice Number":: null

2024-01-14 16:03:43 - [TEST_STEP][PASSED] - setEncryptedText(findTestObject(orPath_TaxInfo + "/input_TaxInfo_feinSsn_Existing_New"), "RigbBhfdqODKcAsiUrg+1Q=="): Text ****** has been set on object 'Object Repository/RAD_Pages/TaxInfo_Page/input_TaxInfo_feinSsn_Existing_New'

2024-01-14 16:03:44 - [MESSAGE][PASSED] - Text ****** has been set on object 'Object Repository/RAD_Pages/TaxInfo_Page/input_TaxInfo_feinSsn_Existing_New'

2024-01-14 16:03:44 - [TEST_STEP][PASSED] - setEncryptedText(findTestObject(orPath_TaxInfo + "/input_TaxInfo_RetypefeinSsn_Existing_New"), "RigbBhfdqOD+04WBHw5iKw=="): Text ****** has been set on object 'Object Repository/RAD_Pages/TaxInfo_Page/input_TaxInfo_RetypefeinSsn_Existing_New'

2024-01-14 16:03:44 - [MESSAGE][PASSED] - Text ****** has been set on object 'Object Repository/RAD_Pages/TaxInfo_Page/input_TaxInfo_RetypefeinSsn_Existing_New'

2024-01-14 16:03:44 - [TEST_STEP][PASSED] - break: null

2024-01-14 16:03:44 - [TEST_STEP][PASSED] - setText(findTestObject(orPath_Amount + "/input__paymentAmount"), ""): Text '' is set on object 'Object Repository/RAD_Pages/PaymentAmount_Page/input__paymentAmount'

2024-01-14 16:03:45 - [MESSAGE][PASSED] - Text '' is set on object 'Object Repository/RAD_Pages/PaymentAmount_Page/input__paymentAmount'

2024-01-14 16:03:45 - [TEST_STEP][PASSED] - if (verifyTextPresent("The FEIN/SSN and Re-type FEIN/SSN do not match", true)): null

2024-01-14 16:03:46 - [MESSAGE][PASSED] - Text 'The FEIN/SSN and Re-type FEIN/SSN do not match' is present on page  using regular expression

2024-01-14 16:03:46 - [TEST_STEP][PASSED] - println("Error Message is present on the page"): null

2024-01-14 16:03:46 - [TEST_STEP][PASSED] - out.println("Pass Record Number: " + row): null

2024-01-14 16:03:46 - [TEST_STEP][PASSED] - resText = "Pass": null

2024-01-14 16:03:46 - [TEST_STEP][PASSED] - pages.WriteExcel.demoKey(resText, datText, resColumn, datCloumn, fileLoc, nameSheet, row): pages.WriteExcel.demoKey is PASSED

2024-01-14 16:03:46 - [MESSAGE][PASSED] - pages.WriteExcel.demoKey is PASSED

2024-01-14 16:03:46 - [TEST_STEP][PASSED] - ExecuteTC = findTestData(dataFile).getValue("Execute", row): null

2024-01-14 16:03:46 - [TEST_STEP][PASSED] - Taxtype = findTestData(dataFile).getValue("TaxType", row): null

2024-01-14 16:03:46 - [TEST_STEP][PASSED] - Paymenttype = findTestData(dataFile).getValue("PaymentType", row): null

2024-01-14 16:03:46 - [TEST_STEP][PASSED] - out.println("Value of Execute is : " + ExecuteTC): null

2024-01-14 16:03:46 - [TEST_STEP][PASSED] - if (ExecuteTC.equalsIgnoreCase("Y")): null

2024-01-14 16:03:46 - [TEST_STEP][PASSED] - out.println("Begin Record Number: " + row): null

2024-01-14 16:03:46 - [TEST_STEP][PASSED] - today = new java.util.Date(): null

2024-01-14 16:03:46 - [TEST_STEP][PASSED] - println(today): null

2024-01-14 16:03:46 - [TEST_STEP][PASSED] - datText = today: null

2024-01-14 16:03:46 - [TEST_STEP][PASSED] - Taxtype = findTestData(dataFile).getValue("TaxType", row): null

2024-01-14 16:03:46 - [TEST_STEP][PASSED] - out.println("Taxtype value is : " + Taxtype): null

2024-01-14 16:03:46 - [TEST_STEP][PASSED] - openBrowser(""): Browser is opened with url: ''

2024-01-14 16:03:46 - [MESSAGE][WARNING] - A browser is already opened. Closing browser and opening a new one

2024-01-14 16:03:47 - [MESSAGE][INFO] - Starting 'Chrome' driver

2024-01-14 16:03:47 - [MESSAGE][INFO] - User set preference: ['acceptInsecureCerts', 'true']

2024-01-14 16:03:47 - [MESSAGE][INFO] - Action delay is set to 0 milliseconds

2024-01-14 16:03:48 - [MESSAGE][PASSED] - Browser is opened with url: ''

2024-01-14 16:03:48 - [TEST_STEP][PASSED] - maximizeWindow(): Current window maximized

2024-01-14 16:03:48 - [MESSAGE][PASSED] - Current window maximized

2024-01-14 16:03:48 - [TEST_STEP][PASSED] - navigateToUrl(RADurl): Navigate to 'https://qa2.velocitypayment.com/client/rad/index.html' successfully

2024-01-14 16:03:50 - [MESSAGE][PASSED] - Navigate to 'https://qa2.velocitypayment.com/client/rad/index.html' successfully

2024-01-14 16:03:50 - [TEST_STEP][PASSED] - orPath_Landing = "Object Repository/RAD_Pages/Landing_Page": null

2024-01-14 16:03:50 - [TEST_STEP][PASSED] - orPath_TaxTypeFilingYear = "Object Repository/RAD_Pages/TaxTypeFilingYear_Page": null

2024-01-14 16:03:50 - [TEST_STEP][PASSED] - orPath_TaxPayer = "Object Repository/RAD_Pages/Taxpayer_Page": null

2024-01-14 16:03:50 - [TEST_STEP][PASSED] - orPath_AddressContact = "Object Repository/RAD_Pages/AddressAndContactInfo_Page": null

2024-01-14 16:03:50 - [TEST_STEP][PASSED] - orPath_FilingStatus = "Object Repository/RAD_Pages/FilingStatus_Page": null

2024-01-14 16:03:50 - [TEST_STEP][PASSED] - orPath_Amount = "Object Repository/RAD_Pages/PaymentAmount_Page": null

2024-01-14 16:03:50 - [TEST_STEP][PASSED] - orPath_TaxInfo = "Object Repository/RAD_Pages/TaxInfo_Page": null

2024-01-14 16:03:50 - [TEST_STEP][PASSED] - orPath_Withholding = "Object Repository/RAD_Pages/Withholding_Page": null

2024-01-14 16:03:50 - [TEST_STEP][PASSED] - orPath_Summary = "Object Repository/RAD_Pages/Summary_Page": null

2024-01-14 16:03:50 - [TEST_STEP][PASSED] - orPath_PaymentReady = "Object Repository/RAD_Pages/PaymentReady_Page": null

2024-01-14 16:03:50 - [TEST_STEP][PASSED] - orPath_PaymentEntry = "Object Repository/RAD_Pages/PaymentEntry_Page": null

2024-01-14 16:03:50 - [TEST_STEP][PASSED] - orPath_PaymentConfirmation = "Object Repository/RAD_Pages/PaymentConfirmation_Page": null

2024-01-14 16:03:50 - [TEST_STEP][PASSED] - orPath_ServiceFeesAccept = "Object Repository/RAD_Pages/ServiceFeeAccept_Page": null

2024-01-14 16:03:50 - [TEST_STEP][PASSED] - selectOptionByLabel(findTestObject(orPath_Landing + "/dd_TaxType"), Paymenttype, false): All options with label 'Quarterly Estimated Tax' are selected in object 'Object Repository/RAD_Pages/Landing_Page/dd_TaxType' 

2024-01-14 16:03:51 - [MESSAGE][PASSED] - All options with label 'Quarterly Estimated Tax' are selected in object 'Object Repository/RAD_Pages/Landing_Page/dd_TaxType' 

2024-01-14 16:03:51 - [TEST_STEP][PASSED] - delay(1): Delayed 1 second(s)

2024-01-14 16:03:52 - [MESSAGE][PASSED] - Delayed 1 second(s)

2024-01-14 16:03:52 - [TEST_STEP][PASSED] - switch (Paymenttype): null

2024-01-14 16:03:52 - [TEST_STEP][PASSED] - case "Quarterly Estimated Tax":: null

2024-01-14 16:03:52 - [TEST_STEP][PASSED] - selectOptionByLabel(findTestObject(orPath_TaxTypeFilingYear + "/select_PaymentType"), Taxtype, false): All options with label 'PTE Non-Electing Non-S Corp' are selected in object 'Object Repository/RAD_Pages/TaxTypeFilingYear_Page/select_PaymentType' 

2024-01-14 16:03:52 - [MESSAGE][PASSED] - All options with label 'PTE Non-Electing Non-S Corp' are selected in object 'Object Repository/RAD_Pages/TaxTypeFilingYear_Page/select_PaymentType' 

2024-01-14 16:03:52 - [TEST_STEP][PASSED] - break: null

2024-01-14 16:03:52 - [TEST_STEP][PASSED] - delay(1): Delayed 1 second(s)

2024-01-14 16:03:53 - [MESSAGE][PASSED] - Delayed 1 second(s)

2024-01-14 16:03:53 - [TEST_STEP][PASSED] - scrollToElement(findTestObject(orPath_Amount + "/input__paymentAmount"), 2, CONTINUE_ON_FAILURE): Scroll to object 'Object Repository/RAD_Pages/PaymentAmount_Page/input__paymentAmount' successfully

2024-01-14 16:03:54 - [MESSAGE][PASSED] - Scroll to object 'Object Repository/RAD_Pages/PaymentAmount_Page/input__paymentAmount' successfully

2024-01-14 16:03:54 - [TEST_STEP][PASSED] - switch (Paymenttype): null

2024-01-14 16:03:54 - [TEST_STEP][PASSED] - case "Quarterly Estimated Tax":: null

2024-01-14 16:03:54 - [TEST_STEP][PASSED] - setEncryptedText(findTestObject(orPath_TaxInfo + "/input_TaxInfo_FeinSsn_New_2"), "RigbBhfdqODKcAsiUrg+1Q=="): Text ****** has been set on object 'Object Repository/RAD_Pages/TaxInfo_Page/input_TaxInfo_FeinSsn_New_2'

2024-01-14 16:03:54 - [MESSAGE][PASSED] - Text ****** has been set on object 'Object Repository/RAD_Pages/TaxInfo_Page/input_TaxInfo_FeinSsn_New_2'

2024-01-14 16:03:54 - [TEST_STEP][PASSED] - setEncryptedText(findTestObject(orPath_TaxInfo + "/input_TaxInfo_RetypeFeinSsn_New_2"), "RigbBhfdqOD+04WBHw5iKw=="): Text ****** has been set on object 'Object Repository/RAD_Pages/TaxInfo_Page/input_TaxInfo_RetypeFeinSsn_New_2'

2024-01-14 16:03:55 - [MESSAGE][PASSED] - Text ****** has been set on object 'Object Repository/RAD_Pages/TaxInfo_Page/input_TaxInfo_RetypeFeinSsn_New_2'

2024-01-14 16:03:55 - [TEST_STEP][PASSED] - break: null

2024-01-14 16:03:55 - [TEST_STEP][PASSED] - setText(findTestObject(orPath_Amount + "/input__paymentAmount"), ""): Text '' is set on object 'Object Repository/RAD_Pages/PaymentAmount_Page/input__paymentAmount'

2024-01-14 16:03:55 - [MESSAGE][PASSED] - Text '' is set on object 'Object Repository/RAD_Pages/PaymentAmount_Page/input__paymentAmount'

2024-01-14 16:03:55 - [TEST_STEP][PASSED] - if (verifyTextPresent("The FEIN/SSN and Re-type FEIN/SSN do not match", true)): null

2024-01-14 16:03:56 - [MESSAGE][PASSED] - Text 'The FEIN/SSN and Re-type FEIN/SSN do not match' is present on page  using regular expression

2024-01-14 16:03:56 - [TEST_STEP][PASSED] - println("Error Message is present on the page"): null

2024-01-14 16:03:56 - [TEST_STEP][PASSED] - out.println("Pass Record Number: " + row): null

2024-01-14 16:03:56 - [TEST_STEP][PASSED] - resText = "Pass": null

2024-01-14 16:03:56 - [TEST_STEP][PASSED] - pages.WriteExcel.demoKey(resText, datText, resColumn, datCloumn, fileLoc, nameSheet, row): pages.WriteExcel.demoKey is PASSED

2024-01-14 16:03:56 - [MESSAGE][PASSED] - pages.WriteExcel.demoKey is PASSED

2024-01-14 16:03:56 - [TEST_STEP][PASSED] - ExecuteTC = findTestData(dataFile).getValue("Execute", row): null

2024-01-14 16:03:56 - [TEST_STEP][PASSED] - Taxtype = findTestData(dataFile).getValue("TaxType", row): null

2024-01-14 16:03:56 - [TEST_STEP][PASSED] - Paymenttype = findTestData(dataFile).getValue("PaymentType", row): null

2024-01-14 16:03:56 - [TEST_STEP][PASSED] - out.println("Value of Execute is : " + ExecuteTC): null

2024-01-14 16:03:56 - [TEST_STEP][PASSED] - if (ExecuteTC.equalsIgnoreCase("Y")): null

2024-01-14 16:03:56 - [TEST_STEP][PASSED] - out.println("Begin Record Number: " + row): null

2024-01-14 16:03:56 - [TEST_STEP][PASSED] - today = new java.util.Date(): null

2024-01-14 16:03:56 - [TEST_STEP][PASSED] - println(today): null

2024-01-14 16:03:56 - [TEST_STEP][PASSED] - datText = today: null

2024-01-14 16:03:56 - [TEST_STEP][PASSED] - Taxtype = findTestData(dataFile).getValue("TaxType", row): null

2024-01-14 16:03:56 - [TEST_STEP][PASSED] - out.println("Taxtype value is : " + Taxtype): null

2024-01-14 16:03:56 - [TEST_STEP][PASSED] - openBrowser(""): Browser is opened with url: ''

2024-01-14 16:03:56 - [MESSAGE][WARNING] - A browser is already opened. Closing browser and opening a new one

2024-01-14 16:03:57 - [MESSAGE][INFO] - Starting 'Chrome' driver

2024-01-14 16:03:57 - [MESSAGE][INFO] - User set preference: ['acceptInsecureCerts', 'true']

2024-01-14 16:03:57 - [MESSAGE][INFO] - Action delay is set to 0 milliseconds

2024-01-14 16:03:59 - [MESSAGE][PASSED] - Browser is opened with url: ''

2024-01-14 16:03:59 - [TEST_STEP][PASSED] - maximizeWindow(): Current window maximized

2024-01-14 16:03:59 - [MESSAGE][PASSED] - Current window maximized

2024-01-14 16:03:59 - [TEST_STEP][PASSED] - navigateToUrl(RADurl): Navigate to 'https://qa2.velocitypayment.com/client/rad/index.html' successfully

2024-01-14 16:04:00 - [MESSAGE][PASSED] - Navigate to 'https://qa2.velocitypayment.com/client/rad/index.html' successfully

2024-01-14 16:04:00 - [TEST_STEP][PASSED] - orPath_Landing = "Object Repository/RAD_Pages/Landing_Page": null

2024-01-14 16:04:00 - [TEST_STEP][PASSED] - orPath_TaxTypeFilingYear = "Object Repository/RAD_Pages/TaxTypeFilingYear_Page": null

2024-01-14 16:04:00 - [TEST_STEP][PASSED] - orPath_TaxPayer = "Object Repository/RAD_Pages/Taxpayer_Page": null

2024-01-14 16:04:00 - [TEST_STEP][PASSED] - orPath_AddressContact = "Object Repository/RAD_Pages/AddressAndContactInfo_Page": null

2024-01-14 16:04:00 - [TEST_STEP][PASSED] - orPath_FilingStatus = "Object Repository/RAD_Pages/FilingStatus_Page": null

2024-01-14 16:04:00 - [TEST_STEP][PASSED] - orPath_Amount = "Object Repository/RAD_Pages/PaymentAmount_Page": null

2024-01-14 16:04:00 - [TEST_STEP][PASSED] - orPath_TaxInfo = "Object Repository/RAD_Pages/TaxInfo_Page": null

2024-01-14 16:04:00 - [TEST_STEP][PASSED] - orPath_Withholding = "Object Repository/RAD_Pages/Withholding_Page": null

2024-01-14 16:04:00 - [TEST_STEP][PASSED] - orPath_Summary = "Object Repository/RAD_Pages/Summary_Page": null

2024-01-14 16:04:00 - [TEST_STEP][PASSED] - orPath_PaymentReady = "Object Repository/RAD_Pages/PaymentReady_Page": null

2024-01-14 16:04:00 - [TEST_STEP][PASSED] - orPath_PaymentEntry = "Object Repository/RAD_Pages/PaymentEntry_Page": null

2024-01-14 16:04:00 - [TEST_STEP][PASSED] - orPath_PaymentConfirmation = "Object Repository/RAD_Pages/PaymentConfirmation_Page": null

2024-01-14 16:04:00 - [TEST_STEP][PASSED] - orPath_ServiceFeesAccept = "Object Repository/RAD_Pages/ServiceFeeAccept_Page": null

2024-01-14 16:04:00 - [TEST_STEP][PASSED] - selectOptionByLabel(findTestObject(orPath_Landing + "/dd_TaxType"), Paymenttype, false): All options with label 'Quarterly Estimated Tax' are selected in object 'Object Repository/RAD_Pages/Landing_Page/dd_TaxType' 

2024-01-14 16:04:01 - [MESSAGE][PASSED] - All options with label 'Quarterly Estimated Tax' are selected in object 'Object Repository/RAD_Pages/Landing_Page/dd_TaxType' 

2024-01-14 16:04:01 - [TEST_STEP][PASSED] - delay(1): Delayed 1 second(s)

2024-01-14 16:04:02 - [MESSAGE][PASSED] - Delayed 1 second(s)

2024-01-14 16:04:02 - [TEST_STEP][PASSED] - switch (Paymenttype): null

2024-01-14 16:04:02 - [TEST_STEP][PASSED] - case "Quarterly Estimated Tax":: null

2024-01-14 16:04:02 - [TEST_STEP][PASSED] - selectOptionByLabel(findTestObject(orPath_TaxTypeFilingYear + "/select_PaymentType"), Taxtype, false): All options with label 'PTE Non-Electing S Corp' are selected in object 'Object Repository/RAD_Pages/TaxTypeFilingYear_Page/select_PaymentType' 

2024-01-14 16:04:03 - [MESSAGE][PASSED] - All options with label 'PTE Non-Electing S Corp' are selected in object 'Object Repository/RAD_Pages/TaxTypeFilingYear_Page/select_PaymentType' 

2024-01-14 16:04:03 - [TEST_STEP][PASSED] - break: null

2024-01-14 16:04:03 - [TEST_STEP][PASSED] - delay(1): Delayed 1 second(s)

2024-01-14 16:04:04 - [MESSAGE][PASSED] - Delayed 1 second(s)

2024-01-14 16:04:04 - [TEST_STEP][PASSED] - scrollToElement(findTestObject(orPath_Amount + "/input__paymentAmount"), 2, CONTINUE_ON_FAILURE): Scroll to object 'Object Repository/RAD_Pages/PaymentAmount_Page/input__paymentAmount' successfully

2024-01-14 16:04:04 - [MESSAGE][PASSED] - Scroll to object 'Object Repository/RAD_Pages/PaymentAmount_Page/input__paymentAmount' successfully

2024-01-14 16:04:04 - [TEST_STEP][PASSED] - switch (Paymenttype): null

2024-01-14 16:04:04 - [TEST_STEP][PASSED] - case "Quarterly Estimated Tax":: null

2024-01-14 16:04:04 - [TEST_STEP][PASSED] - setEncryptedText(findTestObject(orPath_TaxInfo + "/input_TaxInfo_FeinSsn_New_2"), "RigbBhfdqODKcAsiUrg+1Q=="): Text ****** has been set on object 'Object Repository/RAD_Pages/TaxInfo_Page/input_TaxInfo_FeinSsn_New_2'

2024-01-14 16:04:05 - [MESSAGE][PASSED] - Text ****** has been set on object 'Object Repository/RAD_Pages/TaxInfo_Page/input_TaxInfo_FeinSsn_New_2'

2024-01-14 16:04:05 - [TEST_STEP][PASSED] - setEncryptedText(findTestObject(orPath_TaxInfo + "/input_TaxInfo_RetypeFeinSsn_New_2"), "RigbBhfdqOD+04WBHw5iKw=="): Text ****** has been set on object 'Object Repository/RAD_Pages/TaxInfo_Page/input_TaxInfo_RetypeFeinSsn_New_2'

2024-01-14 16:04:05 - [MESSAGE][PASSED] - Text ****** has been set on object 'Object Repository/RAD_Pages/TaxInfo_Page/input_TaxInfo_RetypeFeinSsn_New_2'

2024-01-14 16:04:05 - [TEST_STEP][PASSED] - break: null

2024-01-14 16:04:05 - [TEST_STEP][PASSED] - setText(findTestObject(orPath_Amount + "/input__paymentAmount"), ""): Text '' is set on object 'Object Repository/RAD_Pages/PaymentAmount_Page/input__paymentAmount'

2024-01-14 16:04:06 - [MESSAGE][PASSED] - Text '' is set on object 'Object Repository/RAD_Pages/PaymentAmount_Page/input__paymentAmount'

2024-01-14 16:04:06 - [TEST_STEP][PASSED] - if (verifyTextPresent("The FEIN/SSN and Re-type FEIN/SSN do not match", true)): null

2024-01-14 16:04:06 - [MESSAGE][PASSED] - Text 'The FEIN/SSN and Re-type FEIN/SSN do not match' is present on page  using regular expression

2024-01-14 16:04:06 - [TEST_STEP][PASSED] - println("Error Message is present on the page"): null

2024-01-14 16:04:06 - [TEST_STEP][PASSED] - out.println("Pass Record Number: " + row): null

2024-01-14 16:04:06 - [TEST_STEP][PASSED] - resText = "Pass": null

2024-01-14 16:04:06 - [TEST_STEP][PASSED] - pages.WriteExcel.demoKey(resText, datText, resColumn, datCloumn, fileLoc, nameSheet, row): pages.WriteExcel.demoKey is PASSED

2024-01-14 16:04:07 - [MESSAGE][PASSED] - pages.WriteExcel.demoKey is PASSED

2024-01-14 16:04:07 - [TEST_STEP][PASSED] - ExecuteTC = findTestData(dataFile).getValue("Execute", row): null

2024-01-14 16:04:07 - [TEST_STEP][PASSED] - Taxtype = findTestData(dataFile).getValue("TaxType", row): null

2024-01-14 16:04:07 - [TEST_STEP][PASSED] - Paymenttype = findTestData(dataFile).getValue("PaymentType", row): null

2024-01-14 16:04:07 - [TEST_STEP][PASSED] - out.println("Value of Execute is : " + ExecuteTC): null

2024-01-14 16:04:07 - [TEST_STEP][PASSED] - if (ExecuteTC.equalsIgnoreCase("Y")): null

2024-01-14 16:04:07 - [TEST_STEP][PASSED] - out.println("Begin Record Number: " + row): null

2024-01-14 16:04:07 - [TEST_STEP][PASSED] - today = new java.util.Date(): null

2024-01-14 16:04:07 - [TEST_STEP][PASSED] - println(today): null

2024-01-14 16:04:07 - [TEST_STEP][PASSED] - datText = today: null

2024-01-14 16:04:07 - [TEST_STEP][PASSED] - Taxtype = findTestData(dataFile).getValue("TaxType", row): null

2024-01-14 16:04:07 - [TEST_STEP][PASSED] - out.println("Taxtype value is : " + Taxtype): null

2024-01-14 16:04:07 - [TEST_STEP][PASSED] - openBrowser(""): Browser is opened with url: ''

2024-01-14 16:04:07 - [MESSAGE][WARNING] - A browser is already opened. Closing browser and opening a new one

2024-01-14 16:04:08 - [MESSAGE][INFO] - Starting 'Chrome' driver

2024-01-14 16:04:08 - [MESSAGE][INFO] - User set preference: ['acceptInsecureCerts', 'true']

2024-01-14 16:04:08 - [MESSAGE][INFO] - Action delay is set to 0 milliseconds

2024-01-14 16:04:09 - [MESSAGE][PASSED] - Browser is opened with url: ''

2024-01-14 16:04:09 - [TEST_STEP][PASSED] - maximizeWindow(): Current window maximized

2024-01-14 16:04:09 - [MESSAGE][PASSED] - Current window maximized

2024-01-14 16:04:09 - [TEST_STEP][PASSED] - navigateToUrl(RADurl): Navigate to 'https://qa2.velocitypayment.com/client/rad/index.html' successfully

2024-01-14 16:04:11 - [MESSAGE][PASSED] - Navigate to 'https://qa2.velocitypayment.com/client/rad/index.html' successfully

2024-01-14 16:04:11 - [TEST_STEP][PASSED] - orPath_Landing = "Object Repository/RAD_Pages/Landing_Page": null

2024-01-14 16:04:11 - [TEST_STEP][PASSED] - orPath_TaxTypeFilingYear = "Object Repository/RAD_Pages/TaxTypeFilingYear_Page": null

2024-01-14 16:04:11 - [TEST_STEP][PASSED] - orPath_TaxPayer = "Object Repository/RAD_Pages/Taxpayer_Page": null

2024-01-14 16:04:11 - [TEST_STEP][PASSED] - orPath_AddressContact = "Object Repository/RAD_Pages/AddressAndContactInfo_Page": null

2024-01-14 16:04:11 - [TEST_STEP][PASSED] - orPath_FilingStatus = "Object Repository/RAD_Pages/FilingStatus_Page": null

2024-01-14 16:04:11 - [TEST_STEP][PASSED] - orPath_Amount = "Object Repository/RAD_Pages/PaymentAmount_Page": null

2024-01-14 16:04:11 - [TEST_STEP][PASSED] - orPath_TaxInfo = "Object Repository/RAD_Pages/TaxInfo_Page": null

2024-01-14 16:04:11 - [TEST_STEP][PASSED] - orPath_Withholding = "Object Repository/RAD_Pages/Withholding_Page": null

2024-01-14 16:04:11 - [TEST_STEP][PASSED] - orPath_Summary = "Object Repository/RAD_Pages/Summary_Page": null

2024-01-14 16:04:11 - [TEST_STEP][PASSED] - orPath_PaymentReady = "Object Repository/RAD_Pages/PaymentReady_Page": null

2024-01-14 16:04:11 - [TEST_STEP][PASSED] - orPath_PaymentEntry = "Object Repository/RAD_Pages/PaymentEntry_Page": null

2024-01-14 16:04:11 - [TEST_STEP][PASSED] - orPath_PaymentConfirmation = "Object Repository/RAD_Pages/PaymentConfirmation_Page": null

2024-01-14 16:04:11 - [TEST_STEP][PASSED] - orPath_ServiceFeesAccept = "Object Repository/RAD_Pages/ServiceFeeAccept_Page": null

2024-01-14 16:04:11 - [TEST_STEP][PASSED] - selectOptionByLabel(findTestObject(orPath_Landing + "/dd_TaxType"), Paymenttype, false): All options with label 'Quarterly Estimated Tax' are selected in object 'Object Repository/RAD_Pages/Landing_Page/dd_TaxType' 

2024-01-14 16:04:11 - [MESSAGE][PASSED] - All options with label 'Quarterly Estimated Tax' are selected in object 'Object Repository/RAD_Pages/Landing_Page/dd_TaxType' 

2024-01-14 16:04:11 - [TEST_STEP][PASSED] - delay(1): Delayed 1 second(s)

2024-01-14 16:04:12 - [MESSAGE][PASSED] - Delayed 1 second(s)

2024-01-14 16:04:12 - [TEST_STEP][PASSED] - switch (Paymenttype): null

2024-01-14 16:04:12 - [TEST_STEP][PASSED] - case "Quarterly Estimated Tax":: null

2024-01-14 16:04:12 - [TEST_STEP][PASSED] - selectOptionByLabel(findTestObject(orPath_TaxTypeFilingYear + "/select_PaymentType"), Taxtype, false): All options with label 'PTE Tax Electing Non-S Corp' are selected in object 'Object Repository/RAD_Pages/TaxTypeFilingYear_Page/select_PaymentType' 

2024-01-14 16:04:13 - [MESSAGE][PASSED] - All options with label 'PTE Tax Electing Non-S Corp' are selected in object 'Object Repository/RAD_Pages/TaxTypeFilingYear_Page/select_PaymentType' 

2024-01-14 16:04:13 - [TEST_STEP][PASSED] - break: null

2024-01-14 16:04:13 - [TEST_STEP][PASSED] - delay(1): Delayed 1 second(s)

2024-01-14 16:04:14 - [MESSAGE][PASSED] - Delayed 1 second(s)

2024-01-14 16:04:14 - [TEST_STEP][PASSED] - scrollToElement(findTestObject(orPath_Amount + "/input__paymentAmount"), 2, CONTINUE_ON_FAILURE): Scroll to object 'Object Repository/RAD_Pages/PaymentAmount_Page/input__paymentAmount' successfully

2024-01-14 16:04:14 - [MESSAGE][PASSED] - Scroll to object 'Object Repository/RAD_Pages/PaymentAmount_Page/input__paymentAmount' successfully

2024-01-14 16:04:14 - [TEST_STEP][PASSED] - switch (Paymenttype): null

2024-01-14 16:04:14 - [TEST_STEP][PASSED] - case "Quarterly Estimated Tax":: null

2024-01-14 16:04:14 - [TEST_STEP][PASSED] - setEncryptedText(findTestObject(orPath_TaxInfo + "/input_TaxInfo_FeinSsn_New_2"), "RigbBhfdqODKcAsiUrg+1Q=="): Text ****** has been set on object 'Object Repository/RAD_Pages/TaxInfo_Page/input_TaxInfo_FeinSsn_New_2'

2024-01-14 16:04:15 - [MESSAGE][PASSED] - Text ****** has been set on object 'Object Repository/RAD_Pages/TaxInfo_Page/input_TaxInfo_FeinSsn_New_2'

2024-01-14 16:04:15 - [TEST_STEP][PASSED] - setEncryptedText(findTestObject(orPath_TaxInfo + "/input_TaxInfo_RetypeFeinSsn_New_2"), "RigbBhfdqOD+04WBHw5iKw=="): Text ****** has been set on object 'Object Repository/RAD_Pages/TaxInfo_Page/input_TaxInfo_RetypeFeinSsn_New_2'

2024-01-14 16:04:16 - [MESSAGE][PASSED] - Text ****** has been set on object 'Object Repository/RAD_Pages/TaxInfo_Page/input_TaxInfo_RetypeFeinSsn_New_2'

2024-01-14 16:04:16 - [TEST_STEP][PASSED] - break: null

2024-01-14 16:04:16 - [TEST_STEP][PASSED] - setText(findTestObject(orPath_Amount + "/input__paymentAmount"), ""): Text '' is set on object 'Object Repository/RAD_Pages/PaymentAmount_Page/input__paymentAmount'

2024-01-14 16:04:16 - [MESSAGE][PASSED] - Text '' is set on object 'Object Repository/RAD_Pages/PaymentAmount_Page/input__paymentAmount'

2024-01-14 16:04:16 - [TEST_STEP][PASSED] - if (verifyTextPresent("The FEIN/SSN and Re-type FEIN/SSN do not match", true)): null

2024-01-14 16:04:17 - [MESSAGE][PASSED] - Text 'The FEIN/SSN and Re-type FEIN/SSN do not match' is present on page  using regular expression

2024-01-14 16:04:17 - [TEST_STEP][PASSED] - println("Error Message is present on the page"): null

2024-01-14 16:04:17 - [TEST_STEP][PASSED] - out.println("Pass Record Number: " + row): null

2024-01-14 16:04:17 - [TEST_STEP][PASSED] - resText = "Pass": null

2024-01-14 16:04:17 - [TEST_STEP][PASSED] - pages.WriteExcel.demoKey(resText, datText, resColumn, datCloumn, fileLoc, nameSheet, row): pages.WriteExcel.demoKey is PASSED

2024-01-14 16:04:17 - [MESSAGE][PASSED] - pages.WriteExcel.demoKey is PASSED

2024-01-14 16:04:17 - [TEST_STEP][PASSED] - ExecuteTC = findTestData(dataFile).getValue("Execute", row): null

2024-01-14 16:04:17 - [TEST_STEP][PASSED] - Taxtype = findTestData(dataFile).getValue("TaxType", row): null

2024-01-14 16:04:17 - [TEST_STEP][PASSED] - Paymenttype = findTestData(dataFile).getValue("PaymentType", row): null

2024-01-14 16:04:17 - [TEST_STEP][PASSED] - out.println("Value of Execute is : " + ExecuteTC): null

2024-01-14 16:04:17 - [TEST_STEP][PASSED] - if (ExecuteTC.equalsIgnoreCase("Y")): null

2024-01-14 16:04:17 - [TEST_STEP][PASSED] - out.println("Begin Record Number: " + row): null

2024-01-14 16:04:17 - [TEST_STEP][PASSED] - today = new java.util.Date(): null

2024-01-14 16:04:17 - [TEST_STEP][PASSED] - println(today): null

2024-01-14 16:04:17 - [TEST_STEP][PASSED] - datText = today: null

2024-01-14 16:04:17 - [TEST_STEP][PASSED] - Taxtype = findTestData(dataFile).getValue("TaxType", row): null

2024-01-14 16:04:17 - [TEST_STEP][PASSED] - out.println("Taxtype value is : " + Taxtype): null

2024-01-14 16:04:17 - [TEST_STEP][PASSED] - openBrowser(""): Browser is opened with url: ''

2024-01-14 16:04:17 - [MESSAGE][WARNING] - A browser is already opened. Closing browser and opening a new one

2024-01-14 16:04:18 - [MESSAGE][INFO] - Starting 'Chrome' driver

2024-01-14 16:04:18 - [MESSAGE][INFO] - User set preference: ['acceptInsecureCerts', 'true']

2024-01-14 16:04:18 - [MESSAGE][INFO] - Action delay is set to 0 milliseconds

2024-01-14 16:04:19 - [MESSAGE][PASSED] - Browser is opened with url: ''

2024-01-14 16:04:19 - [TEST_STEP][PASSED] - maximizeWindow(): Current window maximized

2024-01-14 16:04:20 - [MESSAGE][PASSED] - Current window maximized

2024-01-14 16:04:20 - [TEST_STEP][PASSED] - navigateToUrl(RADurl): Navigate to 'https://qa2.velocitypayment.com/client/rad/index.html' successfully

2024-01-14 16:04:21 - [MESSAGE][PASSED] - Navigate to 'https://qa2.velocitypayment.com/client/rad/index.html' successfully

2024-01-14 16:04:21 - [TEST_STEP][PASSED] - orPath_Landing = "Object Repository/RAD_Pages/Landing_Page": null

2024-01-14 16:04:21 - [TEST_STEP][PASSED] - orPath_TaxTypeFilingYear = "Object Repository/RAD_Pages/TaxTypeFilingYear_Page": null

2024-01-14 16:04:21 - [TEST_STEP][PASSED] - orPath_TaxPayer = "Object Repository/RAD_Pages/Taxpayer_Page": null

2024-01-14 16:04:21 - [TEST_STEP][PASSED] - orPath_AddressContact = "Object Repository/RAD_Pages/AddressAndContactInfo_Page": null

2024-01-14 16:04:21 - [TEST_STEP][PASSED] - orPath_FilingStatus = "Object Repository/RAD_Pages/FilingStatus_Page": null

2024-01-14 16:04:21 - [TEST_STEP][PASSED] - orPath_Amount = "Object Repository/RAD_Pages/PaymentAmount_Page": null

2024-01-14 16:04:21 - [TEST_STEP][PASSED] - orPath_TaxInfo = "Object Repository/RAD_Pages/TaxInfo_Page": null

2024-01-14 16:04:21 - [TEST_STEP][PASSED] - orPath_Withholding = "Object Repository/RAD_Pages/Withholding_Page": null

2024-01-14 16:04:21 - [TEST_STEP][PASSED] - orPath_Summary = "Object Repository/RAD_Pages/Summary_Page": null

2024-01-14 16:04:21 - [TEST_STEP][PASSED] - orPath_PaymentReady = "Object Repository/RAD_Pages/PaymentReady_Page": null

2024-01-14 16:04:21 - [TEST_STEP][PASSED] - orPath_PaymentEntry = "Object Repository/RAD_Pages/PaymentEntry_Page": null

2024-01-14 16:04:21 - [TEST_STEP][PASSED] - orPath_PaymentConfirmation = "Object Repository/RAD_Pages/PaymentConfirmation_Page": null

2024-01-14 16:04:21 - [TEST_STEP][PASSED] - orPath_ServiceFeesAccept = "Object Repository/RAD_Pages/ServiceFeeAccept_Page": null

2024-01-14 16:04:21 - [TEST_STEP][PASSED] - selectOptionByLabel(findTestObject(orPath_Landing + "/dd_TaxType"), Paymenttype, false): All options with label 'Quarterly Estimated Tax' are selected in object 'Object Repository/RAD_Pages/Landing_Page/dd_TaxType' 

2024-01-14 16:04:22 - [MESSAGE][PASSED] - All options with label 'Quarterly Estimated Tax' are selected in object 'Object Repository/RAD_Pages/Landing_Page/dd_TaxType' 

2024-01-14 16:04:22 - [TEST_STEP][PASSED] - delay(1): Delayed 1 second(s)

2024-01-14 16:04:23 - [MESSAGE][PASSED] - Delayed 1 second(s)

2024-01-14 16:04:23 - [TEST_STEP][PASSED] - switch (Paymenttype): null

2024-01-14 16:04:23 - [TEST_STEP][PASSED] - case "Quarterly Estimated Tax":: null

2024-01-14 16:04:23 - [TEST_STEP][PASSED] - selectOptionByLabel(findTestObject(orPath_TaxTypeFilingYear + "/select_PaymentType"), Taxtype, false): All options with label 'PTE Tax Electing S Corp' are selected in object 'Object Repository/RAD_Pages/TaxTypeFilingYear_Page/select_PaymentType' 

2024-01-14 16:04:23 - [MESSAGE][PASSED] - All options with label 'PTE Tax Electing S Corp' are selected in object 'Object Repository/RAD_Pages/TaxTypeFilingYear_Page/select_PaymentType' 

2024-01-14 16:04:23 - [TEST_STEP][PASSED] - break: null

2024-01-14 16:04:23 - [TEST_STEP][PASSED] - delay(1): Delayed 1 second(s)

2024-01-14 16:04:24 - [MESSAGE][PASSED] - Delayed 1 second(s)

2024-01-14 16:04:24 - [TEST_STEP][PASSED] - scrollToElement(findTestObject(orPath_Amount + "/input__paymentAmount"), 2, CONTINUE_ON_FAILURE): Scroll to object 'Object Repository/RAD_Pages/PaymentAmount_Page/input__paymentAmount' successfully

2024-01-14 16:04:25 - [MESSAGE][PASSED] - Scroll to object 'Object Repository/RAD_Pages/PaymentAmount_Page/input__paymentAmount' successfully

2024-01-14 16:04:25 - [TEST_STEP][PASSED] - switch (Paymenttype): null

2024-01-14 16:04:25 - [TEST_STEP][PASSED] - case "Quarterly Estimated Tax":: null

2024-01-14 16:04:25 - [TEST_STEP][PASSED] - setEncryptedText(findTestObject(orPath_TaxInfo + "/input_TaxInfo_FeinSsn_New_2"), "RigbBhfdqODKcAsiUrg+1Q=="): Text ****** has been set on object 'Object Repository/RAD_Pages/TaxInfo_Page/input_TaxInfo_FeinSsn_New_2'

2024-01-14 16:04:25 - [MESSAGE][PASSED] - Text ****** has been set on object 'Object Repository/RAD_Pages/TaxInfo_Page/input_TaxInfo_FeinSsn_New_2'

2024-01-14 16:04:25 - [TEST_STEP][PASSED] - setEncryptedText(findTestObject(orPath_TaxInfo + "/input_TaxInfo_RetypeFeinSsn_New_2"), "RigbBhfdqOD+04WBHw5iKw=="): Text ****** has been set on object 'Object Repository/RAD_Pages/TaxInfo_Page/input_TaxInfo_RetypeFeinSsn_New_2'

2024-01-14 16:04:26 - [MESSAGE][PASSED] - Text ****** has been set on object 'Object Repository/RAD_Pages/TaxInfo_Page/input_TaxInfo_RetypeFeinSsn_New_2'

2024-01-14 16:04:26 - [TEST_STEP][PASSED] - break: null

2024-01-14 16:04:26 - [TEST_STEP][PASSED] - setText(findTestObject(orPath_Amount + "/input__paymentAmount"), ""): Text '' is set on object 'Object Repository/RAD_Pages/PaymentAmount_Page/input__paymentAmount'

2024-01-14 16:04:26 - [MESSAGE][PASSED] - Text '' is set on object 'Object Repository/RAD_Pages/PaymentAmount_Page/input__paymentAmount'

2024-01-14 16:04:26 - [TEST_STEP][PASSED] - if (verifyTextPresent("The FEIN/SSN and Re-type FEIN/SSN do not match", true)): null

2024-01-14 16:04:27 - [MESSAGE][PASSED] - Text 'The FEIN/SSN and Re-type FEIN/SSN do not match' is present on page  using regular expression

2024-01-14 16:04:27 - [TEST_STEP][PASSED] - println("Error Message is present on the page"): null

2024-01-14 16:04:27 - [TEST_STEP][PASSED] - out.println("Pass Record Number: " + row): null

2024-01-14 16:04:27 - [TEST_STEP][PASSED] - resText = "Pass": null

2024-01-14 16:04:27 - [TEST_STEP][PASSED] - pages.WriteExcel.demoKey(resText, datText, resColumn, datCloumn, fileLoc, nameSheet, row): pages.WriteExcel.demoKey is PASSED

2024-01-14 16:04:27 - [MESSAGE][PASSED] - pages.WriteExcel.demoKey is PASSED

2024-01-14 16:04:27 - [TEST_STEP][PASSED] - ExecuteTC = findTestData(dataFile).getValue("Execute", row): null

2024-01-14 16:04:27 - [TEST_STEP][PASSED] - Taxtype = findTestData(dataFile).getValue("TaxType", row): null

2024-01-14 16:04:27 - [TEST_STEP][PASSED] - Paymenttype = findTestData(dataFile).getValue("PaymentType", row): null

2024-01-14 16:04:27 - [TEST_STEP][PASSED] - out.println("Value of Execute is : " + ExecuteTC): null

2024-01-14 16:04:27 - [TEST_STEP][PASSED] - if (ExecuteTC.equalsIgnoreCase("Y")): null

2024-01-14 16:04:27 - [TEST_STEP][PASSED] - ExecuteTC = findTestData(dataFile).getValue("Execute", row): null

2024-01-14 16:04:27 - [TEST_STEP][PASSED] - Taxtype = findTestData(dataFile).getValue("TaxType", row): null

2024-01-14 16:04:27 - [TEST_STEP][PASSED] - Paymenttype = findTestData(dataFile).getValue("PaymentType", row): null

2024-01-14 16:04:27 - [TEST_STEP][PASSED] - out.println("Value of Execute is : " + ExecuteTC): null

2024-01-14 16:04:27 - [TEST_STEP][PASSED] - if (ExecuteTC.equalsIgnoreCase("Y")): null

2024-01-14 16:04:27 - [TEST_STEP][PASSED] - ExecuteTC = findTestData(dataFile).getValue("Execute", row): null

2024-01-14 16:04:27 - [TEST_STEP][PASSED] - Taxtype = findTestData(dataFile).getValue("TaxType", row): null

2024-01-14 16:04:27 - [TEST_STEP][PASSED] - Paymenttype = findTestData(dataFile).getValue("PaymentType", row): null

2024-01-14 16:04:27 - [TEST_STEP][PASSED] - out.println("Value of Execute is : " + ExecuteTC): null

2024-01-14 16:04:27 - [TEST_STEP][PASSED] - if (ExecuteTC.equalsIgnoreCase("Y")): null

2024-01-14 16:04:27 - [TEST_STEP][PASSED] - ExecuteTC = findTestData(dataFile).getValue("Execute", row): null

2024-01-14 16:04:27 - [TEST_STEP][PASSED] - Taxtype = findTestData(dataFile).getValue("TaxType", row): null

2024-01-14 16:04:28 - [TEST_STEP][PASSED] - Paymenttype = findTestData(dataFile).getValue("PaymentType", row): null

2024-01-14 16:04:28 - [TEST_STEP][PASSED] - out.println("Value of Execute is : " + ExecuteTC): null

2024-01-14 16:04:28 - [TEST_STEP][PASSED] - if (ExecuteTC.equalsIgnoreCase("Y")): null

2024-01-14 16:04:28 - [TEST_STEP][PASSED] - ExecuteTC = findTestData(dataFile).getValue("Execute", row): null

2024-01-14 16:04:28 - [TEST_STEP][PASSED] - Taxtype = findTestData(dataFile).getValue("TaxType", row): null

2024-01-14 16:04:28 - [TEST_STEP][PASSED] - Paymenttype = findTestData(dataFile).getValue("PaymentType", row): null

2024-01-14 16:04:28 - [TEST_STEP][PASSED] - out.println("Value of Execute is : " + ExecuteTC): null

2024-01-14 16:04:28 - [TEST_STEP][PASSED] - if (ExecuteTC.equalsIgnoreCase("Y")): null

2024-01-14 16:04:28 - [TEST_STEP][PASSED] - out.println("Begin Record Number: " + row): null

2024-01-14 16:04:28 - [TEST_STEP][PASSED] - today = new java.util.Date(): null

2024-01-14 16:04:28 - [TEST_STEP][PASSED] - println(today): null

2024-01-14 16:04:28 - [TEST_STEP][PASSED] - datText = today: null

2024-01-14 16:04:28 - [TEST_STEP][PASSED] - Taxtype = findTestData(dataFile).getValue("TaxType", row): null

2024-01-14 16:04:28 - [TEST_STEP][PASSED] - out.println("Taxtype value is : " + Taxtype): null

2024-01-14 16:04:28 - [TEST_STEP][PASSED] - openBrowser(""): Browser is opened with url: ''

2024-01-14 16:04:28 - [MESSAGE][WARNING] - A browser is already opened. Closing browser and opening a new one

2024-01-14 16:04:29 - [MESSAGE][INFO] - Starting 'Chrome' driver

2024-01-14 16:04:29 - [MESSAGE][INFO] - User set preference: ['acceptInsecureCerts', 'true']

2024-01-14 16:04:29 - [MESSAGE][INFO] - Action delay is set to 0 milliseconds

2024-01-14 16:04:30 - [MESSAGE][PASSED] - Browser is opened with url: ''

2024-01-14 16:04:30 - [TEST_STEP][PASSED] - maximizeWindow(): Current window maximized

2024-01-14 16:04:30 - [MESSAGE][PASSED] - Current window maximized

2024-01-14 16:04:30 - [TEST_STEP][PASSED] - navigateToUrl(RADurl): Navigate to 'https://qa2.velocitypayment.com/client/rad/index.html' successfully

2024-01-14 16:04:32 - [MESSAGE][PASSED] - Navigate to 'https://qa2.velocitypayment.com/client/rad/index.html' successfully

2024-01-14 16:04:32 - [TEST_STEP][PASSED] - orPath_Landing = "Object Repository/RAD_Pages/Landing_Page": null

2024-01-14 16:04:32 - [TEST_STEP][PASSED] - orPath_TaxTypeFilingYear = "Object Repository/RAD_Pages/TaxTypeFilingYear_Page": null

2024-01-14 16:04:32 - [TEST_STEP][PASSED] - orPath_TaxPayer = "Object Repository/RAD_Pages/Taxpayer_Page": null

2024-01-14 16:04:32 - [TEST_STEP][PASSED] - orPath_AddressContact = "Object Repository/RAD_Pages/AddressAndContactInfo_Page": null

2024-01-14 16:04:32 - [TEST_STEP][PASSED] - orPath_FilingStatus = "Object Repository/RAD_Pages/FilingStatus_Page": null

2024-01-14 16:04:32 - [TEST_STEP][PASSED] - orPath_Amount = "Object Repository/RAD_Pages/PaymentAmount_Page": null

2024-01-14 16:04:32 - [TEST_STEP][PASSED] - orPath_TaxInfo = "Object Repository/RAD_Pages/TaxInfo_Page": null

2024-01-14 16:04:32 - [TEST_STEP][PASSED] - orPath_Withholding = "Object Repository/RAD_Pages/Withholding_Page": null

2024-01-14 16:04:32 - [TEST_STEP][PASSED] - orPath_Summary = "Object Repository/RAD_Pages/Summary_Page": null

2024-01-14 16:04:32 - [TEST_STEP][PASSED] - orPath_PaymentReady = "Object Repository/RAD_Pages/PaymentReady_Page": null

2024-01-14 16:04:32 - [TEST_STEP][PASSED] - orPath_PaymentEntry = "Object Repository/RAD_Pages/PaymentEntry_Page": null

2024-01-14 16:04:32 - [TEST_STEP][PASSED] - orPath_PaymentConfirmation = "Object Repository/RAD_Pages/PaymentConfirmation_Page": null

2024-01-14 16:04:32 - [TEST_STEP][PASSED] - orPath_ServiceFeesAccept = "Object Repository/RAD_Pages/ServiceFeeAccept_Page": null

2024-01-14 16:04:32 - [TEST_STEP][PASSED] - selectOptionByLabel(findTestObject(orPath_Landing + "/dd_TaxType"), Paymenttype, false): All options with label 'New Tax Return Amount Due' are selected in object 'Object Repository/RAD_Pages/Landing_Page/dd_TaxType' 

2024-01-14 16:04:32 - [MESSAGE][PASSED] - All options with label 'New Tax Return Amount Due' are selected in object 'Object Repository/RAD_Pages/Landing_Page/dd_TaxType' 

2024-01-14 16:04:32 - [TEST_STEP][PASSED] - delay(1): Delayed 1 second(s)

2024-01-14 16:04:33 - [MESSAGE][PASSED] - Delayed 1 second(s)

2024-01-14 16:04:33 - [TEST_STEP][PASSED] - switch (Paymenttype): null

2024-01-14 16:04:33 - [TEST_STEP][PASSED] - case "New Tax Return Amount Due":: null

2024-01-14 16:04:33 - [TEST_STEP][PASSED] - selectOptionByLabel(findTestObject("Object Repository/RAD_Pages/Landing_Page/select_NewTaxReturnAmountDue_TaxType"), Taxtype, false): All options with label 'PTE Non-Electing Non-S Corp' are selected in object 'Object Repository/RAD_Pages/Landing_Page/select_NewTaxReturnAmountDue_TaxType' 

2024-01-14 16:04:34 - [MESSAGE][PASSED] - All options with label 'PTE Non-Electing Non-S Corp' are selected in object 'Object Repository/RAD_Pages/Landing_Page/select_NewTaxReturnAmountDue_TaxType' 

2024-01-14 16:04:34 - [TEST_STEP][PASSED] - break: null

2024-01-14 16:04:34 - [TEST_STEP][PASSED] - delay(1): Delayed 1 second(s)

2024-01-14 16:04:35 - [MESSAGE][PASSED] - Delayed 1 second(s)

2024-01-14 16:04:35 - [TEST_STEP][PASSED] - scrollToElement(findTestObject(orPath_Amount + "/input__paymentAmount"), 2, CONTINUE_ON_FAILURE): Scroll to object 'Object Repository/RAD_Pages/PaymentAmount_Page/input__paymentAmount' successfully

2024-01-14 16:04:35 - [MESSAGE][PASSED] - Scroll to object 'Object Repository/RAD_Pages/PaymentAmount_Page/input__paymentAmount' successfully

2024-01-14 16:04:35 - [TEST_STEP][PASSED] - switch (Paymenttype): null

2024-01-14 16:04:35 - [TEST_STEP][PASSED] - case "New Tax Return Amount Due":: null

2024-01-14 16:04:35 - [TEST_STEP][PASSED] - setEncryptedText(findTestObject(orPath_TaxInfo + "/input_TaxInfo_FeinSsn_New_2"), "RigbBhfdqODKcAsiUrg+1Q=="): Text ****** has been set on object 'Object Repository/RAD_Pages/TaxInfo_Page/input_TaxInfo_FeinSsn_New_2'

2024-01-14 16:04:36 - [MESSAGE][PASSED] - Text ****** has been set on object 'Object Repository/RAD_Pages/TaxInfo_Page/input_TaxInfo_FeinSsn_New_2'

2024-01-14 16:04:36 - [TEST_STEP][PASSED] - setEncryptedText(findTestObject(orPath_TaxInfo + "/input_TaxInfo_RetypeFeinSsn_New_2"), "RigbBhfdqOD+04WBHw5iKw=="): Text ****** has been set on object 'Object Repository/RAD_Pages/TaxInfo_Page/input_TaxInfo_RetypeFeinSsn_New_2'

2024-01-14 16:04:36 - [MESSAGE][PASSED] - Text ****** has been set on object 'Object Repository/RAD_Pages/TaxInfo_Page/input_TaxInfo_RetypeFeinSsn_New_2'

2024-01-14 16:04:36 - [TEST_STEP][PASSED] - break: null

2024-01-14 16:04:36 - [TEST_STEP][PASSED] - setText(findTestObject(orPath_Amount + "/input__paymentAmount"), ""): Text '' is set on object 'Object Repository/RAD_Pages/PaymentAmount_Page/input__paymentAmount'

2024-01-14 16:04:37 - [MESSAGE][PASSED] - Text '' is set on object 'Object Repository/RAD_Pages/PaymentAmount_Page/input__paymentAmount'

2024-01-14 16:04:37 - [TEST_STEP][PASSED] - if (verifyTextPresent("The FEIN/SSN and Re-type FEIN/SSN do not match", true)): null

2024-01-14 16:04:38 - [MESSAGE][PASSED] - Text 'The FEIN/SSN and Re-type FEIN/SSN do not match' is present on page  using regular expression

2024-01-14 16:04:38 - [TEST_STEP][PASSED] - println("Error Message is present on the page"): null

2024-01-14 16:04:38 - [TEST_STEP][PASSED] - out.println("Pass Record Number: " + row): null

2024-01-14 16:04:38 - [TEST_STEP][PASSED] - resText = "Pass": null

2024-01-14 16:04:38 - [TEST_STEP][PASSED] - pages.WriteExcel.demoKey(resText, datText, resColumn, datCloumn, fileLoc, nameSheet, row): pages.WriteExcel.demoKey is PASSED

2024-01-14 16:04:38 - [MESSAGE][PASSED] - pages.WriteExcel.demoKey is PASSED

2024-01-14 16:04:38 - [TEST_STEP][PASSED] - ExecuteTC = findTestData(dataFile).getValue("Execute", row): null

2024-01-14 16:04:38 - [TEST_STEP][PASSED] - Taxtype = findTestData(dataFile).getValue("TaxType", row): null

2024-01-14 16:04:38 - [TEST_STEP][PASSED] - Paymenttype = findTestData(dataFile).getValue("PaymentType", row): null

2024-01-14 16:04:38 - [TEST_STEP][PASSED] - out.println("Value of Execute is : " + ExecuteTC): null

2024-01-14 16:04:38 - [TEST_STEP][PASSED] - if (ExecuteTC.equalsIgnoreCase("Y")): null

2024-01-14 16:04:38 - [TEST_STEP][PASSED] - out.println("Begin Record Number: " + row): null

2024-01-14 16:04:38 - [TEST_STEP][PASSED] - today = new java.util.Date(): null

2024-01-14 16:04:38 - [TEST_STEP][PASSED] - println(today): null

2024-01-14 16:04:38 - [TEST_STEP][PASSED] - datText = today: null

2024-01-14 16:04:38 - [TEST_STEP][PASSED] - Taxtype = findTestData(dataFile).getValue("TaxType", row): null

2024-01-14 16:04:38 - [TEST_STEP][PASSED] - out.println("Taxtype value is : " + Taxtype): null

2024-01-14 16:04:38 - [TEST_STEP][PASSED] - openBrowser(""): Browser is opened with url: ''

2024-01-14 16:04:38 - [MESSAGE][WARNING] - A browser is already opened. Closing browser and opening a new one

2024-01-14 16:04:39 - [MESSAGE][INFO] - Starting 'Chrome' driver

2024-01-14 16:04:39 - [MESSAGE][INFO] - User set preference: ['acceptInsecureCerts', 'true']

2024-01-14 16:04:39 - [MESSAGE][INFO] - Action delay is set to 0 milliseconds

2024-01-14 16:04:40 - [MESSAGE][PASSED] - Browser is opened with url: ''

2024-01-14 16:04:40 - [TEST_STEP][PASSED] - maximizeWindow(): Current window maximized

2024-01-14 16:04:41 - [MESSAGE][PASSED] - Current window maximized

2024-01-14 16:04:41 - [TEST_STEP][PASSED] - navigateToUrl(RADurl): Navigate to 'https://qa2.velocitypayment.com/client/rad/index.html' successfully

2024-01-14 16:04:42 - [MESSAGE][PASSED] - Navigate to 'https://qa2.velocitypayment.com/client/rad/index.html' successfully

2024-01-14 16:04:42 - [TEST_STEP][PASSED] - orPath_Landing = "Object Repository/RAD_Pages/Landing_Page": null

2024-01-14 16:04:42 - [TEST_STEP][PASSED] - orPath_TaxTypeFilingYear = "Object Repository/RAD_Pages/TaxTypeFilingYear_Page": null

2024-01-14 16:04:42 - [TEST_STEP][PASSED] - orPath_TaxPayer = "Object Repository/RAD_Pages/Taxpayer_Page": null

2024-01-14 16:04:42 - [TEST_STEP][PASSED] - orPath_AddressContact = "Object Repository/RAD_Pages/AddressAndContactInfo_Page": null

2024-01-14 16:04:42 - [TEST_STEP][PASSED] - orPath_FilingStatus = "Object Repository/RAD_Pages/FilingStatus_Page": null

2024-01-14 16:04:42 - [TEST_STEP][PASSED] - orPath_Amount = "Object Repository/RAD_Pages/PaymentAmount_Page": null

2024-01-14 16:04:42 - [TEST_STEP][PASSED] - orPath_TaxInfo = "Object Repository/RAD_Pages/TaxInfo_Page": null

2024-01-14 16:04:42 - [TEST_STEP][PASSED] - orPath_Withholding = "Object Repository/RAD_Pages/Withholding_Page": null

2024-01-14 16:04:42 - [TEST_STEP][PASSED] - orPath_Summary = "Object Repository/RAD_Pages/Summary_Page": null

2024-01-14 16:04:42 - [TEST_STEP][PASSED] - orPath_PaymentReady = "Object Repository/RAD_Pages/PaymentReady_Page": null

2024-01-14 16:04:42 - [TEST_STEP][PASSED] - orPath_PaymentEntry = "Object Repository/RAD_Pages/PaymentEntry_Page": null

2024-01-14 16:04:42 - [TEST_STEP][PASSED] - orPath_PaymentConfirmation = "Object Repository/RAD_Pages/PaymentConfirmation_Page": null

2024-01-14 16:04:42 - [TEST_STEP][PASSED] - orPath_ServiceFeesAccept = "Object Repository/RAD_Pages/ServiceFeeAccept_Page": null

2024-01-14 16:04:42 - [TEST_STEP][PASSED] - selectOptionByLabel(findTestObject(orPath_Landing + "/dd_TaxType"), Paymenttype, false): All options with label 'New Tax Return Amount Due' are selected in object 'Object Repository/RAD_Pages/Landing_Page/dd_TaxType' 

2024-01-14 16:04:43 - [MESSAGE][PASSED] - All options with label 'New Tax Return Amount Due' are selected in object 'Object Repository/RAD_Pages/Landing_Page/dd_TaxType' 

2024-01-14 16:04:43 - [TEST_STEP][PASSED] - delay(1): Delayed 1 second(s)

2024-01-14 16:04:44 - [MESSAGE][PASSED] - Delayed 1 second(s)

2024-01-14 16:04:44 - [TEST_STEP][PASSED] - switch (Paymenttype): null

2024-01-14 16:04:44 - [TEST_STEP][PASSED] - case "New Tax Return Amount Due":: null

2024-01-14 16:04:44 - [TEST_STEP][PASSED] - selectOptionByLabel(findTestObject("Object Repository/RAD_Pages/Landing_Page/select_NewTaxReturnAmountDue_TaxType"), Taxtype, false): All options with label 'PTE Non-Electing S Corp' are selected in object 'Object Repository/RAD_Pages/Landing_Page/select_NewTaxReturnAmountDue_TaxType' 

2024-01-14 16:04:44 - [MESSAGE][PASSED] - All options with label 'PTE Non-Electing S Corp' are selected in object 'Object Repository/RAD_Pages/Landing_Page/select_NewTaxReturnAmountDue_TaxType' 

2024-01-14 16:04:44 - [TEST_STEP][PASSED] - break: null

2024-01-14 16:04:44 - [TEST_STEP][PASSED] - delay(1): Delayed 1 second(s)

2024-01-14 16:04:45 - [MESSAGE][PASSED] - Delayed 1 second(s)

2024-01-14 16:04:45 - [TEST_STEP][PASSED] - scrollToElement(findTestObject(orPath_Amount + "/input__paymentAmount"), 2, CONTINUE_ON_FAILURE): Scroll to object 'Object Repository/RAD_Pages/PaymentAmount_Page/input__paymentAmount' successfully

2024-01-14 16:04:46 - [MESSAGE][PASSED] - Scroll to object 'Object Repository/RAD_Pages/PaymentAmount_Page/input__paymentAmount' successfully

2024-01-14 16:04:46 - [TEST_STEP][PASSED] - switch (Paymenttype): null

2024-01-14 16:04:46 - [TEST_STEP][PASSED] - case "New Tax Return Amount Due":: null

2024-01-14 16:04:46 - [TEST_STEP][PASSED] - setEncryptedText(findTestObject(orPath_TaxInfo + "/input_TaxInfo_FeinSsn_New_2"), "RigbBhfdqODKcAsiUrg+1Q=="): Text ****** has been set on object 'Object Repository/RAD_Pages/TaxInfo_Page/input_TaxInfo_FeinSsn_New_2'

2024-01-14 16:04:46 - [MESSAGE][PASSED] - Text ****** has been set on object 'Object Repository/RAD_Pages/TaxInfo_Page/input_TaxInfo_FeinSsn_New_2'

2024-01-14 16:04:46 - [TEST_STEP][PASSED] - setEncryptedText(findTestObject(orPath_TaxInfo + "/input_TaxInfo_RetypeFeinSsn_New_2"), "RigbBhfdqOD+04WBHw5iKw=="): Text ****** has been set on object 'Object Repository/RAD_Pages/TaxInfo_Page/input_TaxInfo_RetypeFeinSsn_New_2'

2024-01-14 16:04:47 - [MESSAGE][PASSED] - Text ****** has been set on object 'Object Repository/RAD_Pages/TaxInfo_Page/input_TaxInfo_RetypeFeinSsn_New_2'

2024-01-14 16:04:47 - [TEST_STEP][PASSED] - break: null

2024-01-14 16:04:47 - [TEST_STEP][PASSED] - setText(findTestObject(orPath_Amount + "/input__paymentAmount"), ""): Text '' is set on object 'Object Repository/RAD_Pages/PaymentAmount_Page/input__paymentAmount'

2024-01-14 16:04:47 - [MESSAGE][PASSED] - Text '' is set on object 'Object Repository/RAD_Pages/PaymentAmount_Page/input__paymentAmount'

2024-01-14 16:04:47 - [TEST_STEP][PASSED] - if (verifyTextPresent("The FEIN/SSN and Re-type FEIN/SSN do not match", true)): null

2024-01-14 16:04:48 - [MESSAGE][PASSED] - Text 'The FEIN/SSN and Re-type FEIN/SSN do not match' is present on page  using regular expression

2024-01-14 16:04:48 - [TEST_STEP][PASSED] - println("Error Message is present on the page"): null

2024-01-14 16:04:48 - [TEST_STEP][PASSED] - out.println("Pass Record Number: " + row): null

2024-01-14 16:04:48 - [TEST_STEP][PASSED] - resText = "Pass": null

2024-01-14 16:04:48 - [TEST_STEP][PASSED] - pages.WriteExcel.demoKey(resText, datText, resColumn, datCloumn, fileLoc, nameSheet, row): pages.WriteExcel.demoKey is PASSED

2024-01-14 16:04:48 - [MESSAGE][PASSED] - pages.WriteExcel.demoKey is PASSED

2024-01-14 16:04:48 - [TEST_STEP][PASSED] - ExecuteTC = findTestData(dataFile).getValue("Execute", row): null

2024-01-14 16:04:48 - [TEST_STEP][PASSED] - Taxtype = findTestData(dataFile).getValue("TaxType", row): null

2024-01-14 16:04:48 - [TEST_STEP][PASSED] - Paymenttype = findTestData(dataFile).getValue("PaymentType", row): null

2024-01-14 16:04:48 - [TEST_STEP][PASSED] - out.println("Value of Execute is : " + ExecuteTC): null

2024-01-14 16:04:48 - [TEST_STEP][PASSED] - if (ExecuteTC.equalsIgnoreCase("Y")): null

2024-01-14 16:04:48 - [TEST_STEP][PASSED] - out.println("Begin Record Number: " + row): null

2024-01-14 16:04:48 - [TEST_STEP][PASSED] - today = new java.util.Date(): null

2024-01-14 16:04:48 - [TEST_STEP][PASSED] - println(today): null

2024-01-14 16:04:48 - [TEST_STEP][PASSED] - datText = today: null

2024-01-14 16:04:48 - [TEST_STEP][PASSED] - Taxtype = findTestData(dataFile).getValue("TaxType", row): null

2024-01-14 16:04:48 - [TEST_STEP][PASSED] - out.println("Taxtype value is : " + Taxtype): null

2024-01-14 16:04:48 - [TEST_STEP][PASSED] - openBrowser(""): Browser is opened with url: ''

2024-01-14 16:04:48 - [MESSAGE][WARNING] - A browser is already opened. Closing browser and opening a new one

2024-01-14 16:04:49 - [MESSAGE][INFO] - Starting 'Chrome' driver

2024-01-14 16:04:49 - [MESSAGE][INFO] - User set preference: ['acceptInsecureCerts', 'true']

2024-01-14 16:04:49 - [MESSAGE][INFO] - Action delay is set to 0 milliseconds

2024-01-14 16:04:51 - [MESSAGE][PASSED] - Browser is opened with url: ''

2024-01-14 16:04:51 - [TEST_STEP][PASSED] - maximizeWindow(): Current window maximized

2024-01-14 16:04:51 - [MESSAGE][PASSED] - Current window maximized

2024-01-14 16:04:51 - [TEST_STEP][PASSED] - navigateToUrl(RADurl): Navigate to 'https://qa2.velocitypayment.com/client/rad/index.html' successfully

2024-01-14 16:04:53 - [MESSAGE][PASSED] - Navigate to 'https://qa2.velocitypayment.com/client/rad/index.html' successfully

2024-01-14 16:04:53 - [TEST_STEP][PASSED] - orPath_Landing = "Object Repository/RAD_Pages/Landing_Page": null

2024-01-14 16:04:53 - [TEST_STEP][PASSED] - orPath_TaxTypeFilingYear = "Object Repository/RAD_Pages/TaxTypeFilingYear_Page": null

2024-01-14 16:04:53 - [TEST_STEP][PASSED] - orPath_TaxPayer = "Object Repository/RAD_Pages/Taxpayer_Page": null

2024-01-14 16:04:53 - [TEST_STEP][PASSED] - orPath_AddressContact = "Object Repository/RAD_Pages/AddressAndContactInfo_Page": null

2024-01-14 16:04:53 - [TEST_STEP][PASSED] - orPath_FilingStatus = "Object Repository/RAD_Pages/FilingStatus_Page": null

2024-01-14 16:04:53 - [TEST_STEP][PASSED] - orPath_Amount = "Object Repository/RAD_Pages/PaymentAmount_Page": null

2024-01-14 16:04:53 - [TEST_STEP][PASSED] - orPath_TaxInfo = "Object Repository/RAD_Pages/TaxInfo_Page": null

2024-01-14 16:04:53 - [TEST_STEP][PASSED] - orPath_Withholding = "Object Repository/RAD_Pages/Withholding_Page": null

2024-01-14 16:04:53 - [TEST_STEP][PASSED] - orPath_Summary = "Object Repository/RAD_Pages/Summary_Page": null

2024-01-14 16:04:53 - [TEST_STEP][PASSED] - orPath_PaymentReady = "Object Repository/RAD_Pages/PaymentReady_Page": null

2024-01-14 16:04:53 - [TEST_STEP][PASSED] - orPath_PaymentEntry = "Object Repository/RAD_Pages/PaymentEntry_Page": null

2024-01-14 16:04:53 - [TEST_STEP][PASSED] - orPath_PaymentConfirmation = "Object Repository/RAD_Pages/PaymentConfirmation_Page": null

2024-01-14 16:04:53 - [TEST_STEP][PASSED] - orPath_ServiceFeesAccept = "Object Repository/RAD_Pages/ServiceFeeAccept_Page": null

2024-01-14 16:04:53 - [TEST_STEP][PASSED] - selectOptionByLabel(findTestObject(orPath_Landing + "/dd_TaxType"), Paymenttype, false): All options with label 'New Tax Return Amount Due' are selected in object 'Object Repository/RAD_Pages/Landing_Page/dd_TaxType' 

2024-01-14 16:04:53 - [MESSAGE][PASSED] - All options with label 'New Tax Return Amount Due' are selected in object 'Object Repository/RAD_Pages/Landing_Page/dd_TaxType' 

2024-01-14 16:04:53 - [TEST_STEP][PASSED] - delay(1): Delayed 1 second(s)

2024-01-14 16:04:54 - [MESSAGE][PASSED] - Delayed 1 second(s)

2024-01-14 16:04:54 - [TEST_STEP][PASSED] - switch (Paymenttype): null

2024-01-14 16:04:54 - [TEST_STEP][PASSED] - case "New Tax Return Amount Due":: null

2024-01-14 16:04:54 - [TEST_STEP][PASSED] - selectOptionByLabel(findTestObject("Object Repository/RAD_Pages/Landing_Page/select_NewTaxReturnAmountDue_TaxType"), Taxtype, false): All options with label 'PTE Tax Electing Non-S Corp' are selected in object 'Object Repository/RAD_Pages/Landing_Page/select_NewTaxReturnAmountDue_TaxType' 

2024-01-14 16:04:55 - [MESSAGE][PASSED] - All options with label 'PTE Tax Electing Non-S Corp' are selected in object 'Object Repository/RAD_Pages/Landing_Page/select_NewTaxReturnAmountDue_TaxType' 

2024-01-14 16:04:55 - [TEST_STEP][PASSED] - break: null

2024-01-14 16:04:55 - [TEST_STEP][PASSED] - delay(1): Delayed 1 second(s)

2024-01-14 16:04:56 - [MESSAGE][PASSED] - Delayed 1 second(s)

2024-01-14 16:04:56 - [TEST_STEP][PASSED] - scrollToElement(findTestObject(orPath_Amount + "/input__paymentAmount"), 2, CONTINUE_ON_FAILURE): Scroll to object 'Object Repository/RAD_Pages/PaymentAmount_Page/input__paymentAmount' successfully

2024-01-14 16:04:56 - [MESSAGE][PASSED] - Scroll to object 'Object Repository/RAD_Pages/PaymentAmount_Page/input__paymentAmount' successfully

2024-01-14 16:04:56 - [TEST_STEP][PASSED] - switch (Paymenttype): null

2024-01-14 16:04:56 - [TEST_STEP][PASSED] - case "New Tax Return Amount Due":: null

2024-01-14 16:04:56 - [TEST_STEP][PASSED] - setEncryptedText(findTestObject(orPath_TaxInfo + "/input_TaxInfo_FeinSsn_New_2"), "RigbBhfdqODKcAsiUrg+1Q=="): Text ****** has been set on object 'Object Repository/RAD_Pages/TaxInfo_Page/input_TaxInfo_FeinSsn_New_2'

2024-01-14 16:04:57 - [MESSAGE][PASSED] - Text ****** has been set on object 'Object Repository/RAD_Pages/TaxInfo_Page/input_TaxInfo_FeinSsn_New_2'

2024-01-14 16:04:57 - [TEST_STEP][PASSED] - setEncryptedText(findTestObject(orPath_TaxInfo + "/input_TaxInfo_RetypeFeinSsn_New_2"), "RigbBhfdqOD+04WBHw5iKw=="): Text ****** has been set on object 'Object Repository/RAD_Pages/TaxInfo_Page/input_TaxInfo_RetypeFeinSsn_New_2'

2024-01-14 16:04:57 - [MESSAGE][PASSED] - Text ****** has been set on object 'Object Repository/RAD_Pages/TaxInfo_Page/input_TaxInfo_RetypeFeinSsn_New_2'

2024-01-14 16:04:57 - [TEST_STEP][PASSED] - break: null

2024-01-14 16:04:57 - [TEST_STEP][PASSED] - setText(findTestObject(orPath_Amount + "/input__paymentAmount"), ""): Text '' is set on object 'Object Repository/RAD_Pages/PaymentAmount_Page/input__paymentAmount'

2024-01-14 16:04:58 - [MESSAGE][PASSED] - Text '' is set on object 'Object Repository/RAD_Pages/PaymentAmount_Page/input__paymentAmount'

2024-01-14 16:04:58 - [TEST_STEP][PASSED] - if (verifyTextPresent("The FEIN/SSN and Re-type FEIN/SSN do not match", true)): null

2024-01-14 16:04:59 - [MESSAGE][PASSED] - Text 'The FEIN/SSN and Re-type FEIN/SSN do not match' is present on page  using regular expression

2024-01-14 16:04:59 - [TEST_STEP][PASSED] - println("Error Message is present on the page"): null

2024-01-14 16:04:59 - [TEST_STEP][PASSED] - out.println("Pass Record Number: " + row): null

2024-01-14 16:04:59 - [TEST_STEP][PASSED] - resText = "Pass": null

2024-01-14 16:04:59 - [TEST_STEP][PASSED] - pages.WriteExcel.demoKey(resText, datText, resColumn, datCloumn, fileLoc, nameSheet, row): pages.WriteExcel.demoKey is PASSED

2024-01-14 16:04:59 - [MESSAGE][PASSED] - pages.WriteExcel.demoKey is PASSED

2024-01-14 16:04:59 - [TEST_STEP][PASSED] - ExecuteTC = findTestData(dataFile).getValue("Execute", row): null

2024-01-14 16:04:59 - [TEST_STEP][PASSED] - Taxtype = findTestData(dataFile).getValue("TaxType", row): null

2024-01-14 16:04:59 - [TEST_STEP][PASSED] - Paymenttype = findTestData(dataFile).getValue("PaymentType", row): null

2024-01-14 16:04:59 - [TEST_STEP][PASSED] - out.println("Value of Execute is : " + ExecuteTC): null

2024-01-14 16:04:59 - [TEST_STEP][PASSED] - if (ExecuteTC.equalsIgnoreCase("Y")): null

2024-01-14 16:04:59 - [TEST_STEP][PASSED] - out.println("Begin Record Number: " + row): null

2024-01-14 16:04:59 - [TEST_STEP][PASSED] - today = new java.util.Date(): null

2024-01-14 16:04:59 - [TEST_STEP][PASSED] - println(today): null

2024-01-14 16:04:59 - [TEST_STEP][PASSED] - datText = today: null

2024-01-14 16:04:59 - [TEST_STEP][PASSED] - Taxtype = findTestData(dataFile).getValue("TaxType", row): null

2024-01-14 16:04:59 - [TEST_STEP][PASSED] - out.println("Taxtype value is : " + Taxtype): null

2024-01-14 16:04:59 - [TEST_STEP][PASSED] - openBrowser(""): Browser is opened with url: ''

2024-01-14 16:04:59 - [MESSAGE][WARNING] - A browser is already opened. Closing browser and opening a new one

2024-01-14 16:05:00 - [MESSAGE][INFO] - Starting 'Chrome' driver

2024-01-14 16:05:00 - [MESSAGE][INFO] - User set preference: ['acceptInsecureCerts', 'true']

2024-01-14 16:05:00 - [MESSAGE][INFO] - Action delay is set to 0 milliseconds

2024-01-14 16:05:01 - [MESSAGE][PASSED] - Browser is opened with url: ''

2024-01-14 16:05:01 - [TEST_STEP][PASSED] - maximizeWindow(): Current window maximized

2024-01-14 16:05:02 - [MESSAGE][PASSED] - Current window maximized

2024-01-14 16:05:02 - [TEST_STEP][PASSED] - navigateToUrl(RADurl): Navigate to 'https://qa2.velocitypayment.com/client/rad/index.html' successfully

2024-01-14 16:05:03 - [MESSAGE][PASSED] - Navigate to 'https://qa2.velocitypayment.com/client/rad/index.html' successfully

2024-01-14 16:05:03 - [TEST_STEP][PASSED] - orPath_Landing = "Object Repository/RAD_Pages/Landing_Page": null

2024-01-14 16:05:03 - [TEST_STEP][PASSED] - orPath_TaxTypeFilingYear = "Object Repository/RAD_Pages/TaxTypeFilingYear_Page": null

2024-01-14 16:05:03 - [TEST_STEP][PASSED] - orPath_TaxPayer = "Object Repository/RAD_Pages/Taxpayer_Page": null

2024-01-14 16:05:03 - [TEST_STEP][PASSED] - orPath_AddressContact = "Object Repository/RAD_Pages/AddressAndContactInfo_Page": null

2024-01-14 16:05:03 - [TEST_STEP][PASSED] - orPath_FilingStatus = "Object Repository/RAD_Pages/FilingStatus_Page": null

2024-01-14 16:05:03 - [TEST_STEP][PASSED] - orPath_Amount = "Object Repository/RAD_Pages/PaymentAmount_Page": null

2024-01-14 16:05:03 - [TEST_STEP][PASSED] - orPath_TaxInfo = "Object Repository/RAD_Pages/TaxInfo_Page": null

2024-01-14 16:05:03 - [TEST_STEP][PASSED] - orPath_Withholding = "Object Repository/RAD_Pages/Withholding_Page": null

2024-01-14 16:05:03 - [TEST_STEP][PASSED] - orPath_Summary = "Object Repository/RAD_Pages/Summary_Page": null

2024-01-14 16:05:03 - [TEST_STEP][PASSED] - orPath_PaymentReady = "Object Repository/RAD_Pages/PaymentReady_Page": null

2024-01-14 16:05:03 - [TEST_STEP][PASSED] - orPath_PaymentEntry = "Object Repository/RAD_Pages/PaymentEntry_Page": null

2024-01-14 16:05:03 - [TEST_STEP][PASSED] - orPath_PaymentConfirmation = "Object Repository/RAD_Pages/PaymentConfirmation_Page": null

2024-01-14 16:05:03 - [TEST_STEP][PASSED] - orPath_ServiceFeesAccept = "Object Repository/RAD_Pages/ServiceFeeAccept_Page": null

2024-01-14 16:05:03 - [TEST_STEP][PASSED] - selectOptionByLabel(findTestObject(orPath_Landing + "/dd_TaxType"), Paymenttype, false): All options with label 'New Tax Return Amount Due' are selected in object 'Object Repository/RAD_Pages/Landing_Page/dd_TaxType' 

2024-01-14 16:05:04 - [MESSAGE][PASSED] - All options with label 'New Tax Return Amount Due' are selected in object 'Object Repository/RAD_Pages/Landing_Page/dd_TaxType' 

2024-01-14 16:05:04 - [TEST_STEP][PASSED] - delay(1): Delayed 1 second(s)

2024-01-14 16:05:05 - [MESSAGE][PASSED] - Delayed 1 second(s)

2024-01-14 16:05:05 - [TEST_STEP][PASSED] - switch (Paymenttype): null

2024-01-14 16:05:05 - [TEST_STEP][PASSED] - case "New Tax Return Amount Due":: null

2024-01-14 16:05:05 - [TEST_STEP][PASSED] - selectOptionByLabel(findTestObject("Object Repository/RAD_Pages/Landing_Page/select_NewTaxReturnAmountDue_TaxType"), Taxtype, false): All options with label 'PTE Tax Electing S Corp' are selected in object 'Object Repository/RAD_Pages/Landing_Page/select_NewTaxReturnAmountDue_TaxType' 

2024-01-14 16:05:05 - [MESSAGE][PASSED] - All options with label 'PTE Tax Electing S Corp' are selected in object 'Object Repository/RAD_Pages/Landing_Page/select_NewTaxReturnAmountDue_TaxType' 

2024-01-14 16:05:05 - [TEST_STEP][PASSED] - break: null

2024-01-14 16:05:05 - [TEST_STEP][PASSED] - delay(1): Delayed 1 second(s)

2024-01-14 16:05:06 - [MESSAGE][PASSED] - Delayed 1 second(s)

2024-01-14 16:05:06 - [TEST_STEP][PASSED] - scrollToElement(findTestObject(orPath_Amount + "/input__paymentAmount"), 2, CONTINUE_ON_FAILURE): Scroll to object 'Object Repository/RAD_Pages/PaymentAmount_Page/input__paymentAmount' successfully

2024-01-14 16:05:07 - [MESSAGE][PASSED] - Scroll to object 'Object Repository/RAD_Pages/PaymentAmount_Page/input__paymentAmount' successfully

2024-01-14 16:05:07 - [TEST_STEP][PASSED] - switch (Paymenttype): null

2024-01-14 16:05:07 - [TEST_STEP][PASSED] - case "New Tax Return Amount Due":: null

2024-01-14 16:05:07 - [TEST_STEP][PASSED] - setEncryptedText(findTestObject(orPath_TaxInfo + "/input_TaxInfo_FeinSsn_New_2"), "RigbBhfdqODKcAsiUrg+1Q=="): Text ****** has been set on object 'Object Repository/RAD_Pages/TaxInfo_Page/input_TaxInfo_FeinSsn_New_2'

2024-01-14 16:05:07 - [MESSAGE][PASSED] - Text ****** has been set on object 'Object Repository/RAD_Pages/TaxInfo_Page/input_TaxInfo_FeinSsn_New_2'

2024-01-14 16:05:07 - [TEST_STEP][PASSED] - setEncryptedText(findTestObject(orPath_TaxInfo + "/input_TaxInfo_RetypeFeinSsn_New_2"), "RigbBhfdqOD+04WBHw5iKw=="): Text ****** has been set on object 'Object Repository/RAD_Pages/TaxInfo_Page/input_TaxInfo_RetypeFeinSsn_New_2'

2024-01-14 16:05:08 - [MESSAGE][PASSED] - Text ****** has been set on object 'Object Repository/RAD_Pages/TaxInfo_Page/input_TaxInfo_RetypeFeinSsn_New_2'

2024-01-14 16:05:08 - [TEST_STEP][PASSED] - break: null

2024-01-14 16:05:08 - [TEST_STEP][PASSED] - setText(findTestObject(orPath_Amount + "/input__paymentAmount"), ""): Text '' is set on object 'Object Repository/RAD_Pages/PaymentAmount_Page/input__paymentAmount'

2024-01-14 16:05:09 - [MESSAGE][PASSED] - Text '' is set on object 'Object Repository/RAD_Pages/PaymentAmount_Page/input__paymentAmount'

2024-01-14 16:05:09 - [TEST_STEP][PASSED] - if (verifyTextPresent("The FEIN/SSN and Re-type FEIN/SSN do not match", true)): null

2024-01-14 16:05:09 - [MESSAGE][PASSED] - Text 'The FEIN/SSN and Re-type FEIN/SSN do not match' is present on page  using regular expression

2024-01-14 16:05:09 - [TEST_STEP][PASSED] - println("Error Message is present on the page"): null

2024-01-14 16:05:09 - [TEST_STEP][PASSED] - out.println("Pass Record Number: " + row): null

2024-01-14 16:05:09 - [TEST_STEP][PASSED] - resText = "Pass": null

2024-01-14 16:05:09 - [TEST_STEP][PASSED] - pages.WriteExcel.demoKey(resText, datText, resColumn, datCloumn, fileLoc, nameSheet, row): pages.WriteExcel.demoKey is PASSED

2024-01-14 16:05:09 - [MESSAGE][PASSED] - pages.WriteExcel.demoKey is PASSED

2024-01-14 16:05:09 - [TEST_STEP][PASSED] - ExecuteTC = findTestData(dataFile).getValue("Execute", row): null

2024-01-14 16:05:09 - [TEST_STEP][PASSED] - Taxtype = findTestData(dataFile).getValue("TaxType", row): null

2024-01-14 16:05:09 - [TEST_STEP][PASSED] - Paymenttype = findTestData(dataFile).getValue("PaymentType", row): null

2024-01-14 16:05:10 - [TEST_STEP][PASSED] - out.println("Value of Execute is : " + ExecuteTC): null

2024-01-14 16:05:10 - [TEST_STEP][PASSED] - if (ExecuteTC.equalsIgnoreCase("Y")): null

2024-01-14 16:05:10 - [TEST_STEP][PASSED] - out.println("Begin Record Number: " + row): null

2024-01-14 16:05:10 - [TEST_STEP][PASSED] - today = new java.util.Date(): null

2024-01-14 16:05:10 - [TEST_STEP][PASSED] - println(today): null

2024-01-14 16:05:10 - [TEST_STEP][PASSED] - datText = today: null

2024-01-14 16:05:10 - [TEST_STEP][PASSED] - Taxtype = findTestData(dataFile).getValue("TaxType", row): null

2024-01-14 16:05:10 - [TEST_STEP][PASSED] - out.println("Taxtype value is : " + Taxtype): null

2024-01-14 16:05:10 - [TEST_STEP][PASSED] - openBrowser(""): Browser is opened with url: ''

2024-01-14 16:05:10 - [MESSAGE][WARNING] - A browser is already opened. Closing browser and opening a new one

2024-01-14 16:05:11 - [MESSAGE][INFO] - Starting 'Chrome' driver

2024-01-14 16:05:11 - [MESSAGE][INFO] - User set preference: ['acceptInsecureCerts', 'true']

2024-01-14 16:05:11 - [MESSAGE][INFO] - Action delay is set to 0 milliseconds

2024-01-14 16:05:12 - [MESSAGE][PASSED] - Browser is opened with url: ''

2024-01-14 16:05:12 - [TEST_STEP][PASSED] - maximizeWindow(): Current window maximized

2024-01-14 16:05:12 - [MESSAGE][PASSED] - Current window maximized

2024-01-14 16:05:12 - [TEST_STEP][PASSED] - navigateToUrl(RADurl): Navigate to 'https://qa2.velocitypayment.com/client/rad/index.html' successfully

2024-01-14 16:05:14 - [MESSAGE][PASSED] - Navigate to 'https://qa2.velocitypayment.com/client/rad/index.html' successfully

2024-01-14 16:05:14 - [TEST_STEP][PASSED] - orPath_Landing = "Object Repository/RAD_Pages/Landing_Page": null

2024-01-14 16:05:14 - [TEST_STEP][PASSED] - orPath_TaxTypeFilingYear = "Object Repository/RAD_Pages/TaxTypeFilingYear_Page": null

2024-01-14 16:05:14 - [TEST_STEP][PASSED] - orPath_TaxPayer = "Object Repository/RAD_Pages/Taxpayer_Page": null

2024-01-14 16:05:14 - [TEST_STEP][PASSED] - orPath_AddressContact = "Object Repository/RAD_Pages/AddressAndContactInfo_Page": null

2024-01-14 16:05:14 - [TEST_STEP][PASSED] - orPath_FilingStatus = "Object Repository/RAD_Pages/FilingStatus_Page": null

2024-01-14 16:05:14 - [TEST_STEP][PASSED] - orPath_Amount = "Object Repository/RAD_Pages/PaymentAmount_Page": null

2024-01-14 16:05:14 - [TEST_STEP][PASSED] - orPath_TaxInfo = "Object Repository/RAD_Pages/TaxInfo_Page": null

2024-01-14 16:05:14 - [TEST_STEP][PASSED] - orPath_Withholding = "Object Repository/RAD_Pages/Withholding_Page": null

2024-01-14 16:05:14 - [TEST_STEP][PASSED] - orPath_Summary = "Object Repository/RAD_Pages/Summary_Page": null

2024-01-14 16:05:14 - [TEST_STEP][PASSED] - orPath_PaymentReady = "Object Repository/RAD_Pages/PaymentReady_Page": null

2024-01-14 16:05:14 - [TEST_STEP][PASSED] - orPath_PaymentEntry = "Object Repository/RAD_Pages/PaymentEntry_Page": null

2024-01-14 16:05:14 - [TEST_STEP][PASSED] - orPath_PaymentConfirmation = "Object Repository/RAD_Pages/PaymentConfirmation_Page": null

2024-01-14 16:05:14 - [TEST_STEP][PASSED] - orPath_ServiceFeesAccept = "Object Repository/RAD_Pages/ServiceFeeAccept_Page": null

2024-01-14 16:05:14 - [TEST_STEP][PASSED] - selectOptionByLabel(findTestObject(orPath_Landing + "/dd_TaxType"), Paymenttype, false): All options with label 'Existing Liability w/Notice Number' are selected in object 'Object Repository/RAD_Pages/Landing_Page/dd_TaxType' 

2024-01-14 16:05:15 - [MESSAGE][PASSED] - All options with label 'Existing Liability w/Notice Number' are selected in object 'Object Repository/RAD_Pages/Landing_Page/dd_TaxType' 

2024-01-14 16:05:15 - [TEST_STEP][PASSED] - delay(1): Delayed 1 second(s)

2024-01-14 16:05:16 - [MESSAGE][PASSED] - Delayed 1 second(s)

2024-01-14 16:05:16 - [TEST_STEP][PASSED] - switch (Paymenttype): null

2024-01-14 16:05:16 - [TEST_STEP][PASSED] - case "Existing Liability w/Notice Number":: null

2024-01-14 16:05:16 - [TEST_STEP][PASSED] - selectOptionByLabel(findTestObject(orPath_TaxTypeFilingYear + "/select_TaxType_ExistingLiability"), Taxtype, false): All options with label 'Tobacco Tax' are selected in object 'Object Repository/RAD_Pages/TaxTypeFilingYear_Page/select_TaxType_ExistingLiability' 

2024-01-14 16:05:16 - [MESSAGE][PASSED] - All options with label 'Tobacco Tax' are selected in object 'Object Repository/RAD_Pages/TaxTypeFilingYear_Page/select_TaxType_ExistingLiability' 

2024-01-14 16:05:16 - [TEST_STEP][PASSED] - break: null

2024-01-14 16:05:16 - [TEST_STEP][PASSED] - delay(1): Delayed 1 second(s)

2024-01-14 16:05:17 - [MESSAGE][PASSED] - Delayed 1 second(s)

2024-01-14 16:05:17 - [TEST_STEP][PASSED] - scrollToElement(findTestObject(orPath_Amount + "/input__paymentAmount"), 2, CONTINUE_ON_FAILURE): Scroll to object 'Object Repository/RAD_Pages/PaymentAmount_Page/input__paymentAmount' successfully

2024-01-14 16:05:17 - [MESSAGE][PASSED] - Scroll to object 'Object Repository/RAD_Pages/PaymentAmount_Page/input__paymentAmount' successfully

2024-01-14 16:05:17 - [TEST_STEP][PASSED] - switch (Paymenttype): null

2024-01-14 16:05:17 - [TEST_STEP][PASSED] - case "Existing Liability w/Notice Number":: null

2024-01-14 16:05:17 - [TEST_STEP][PASSED] - setEncryptedText(findTestObject(orPath_TaxInfo + "/input_TaxInfo_feinSsn_Existing_New"), "RigbBhfdqODKcAsiUrg+1Q=="): Text ****** has been set on object 'Object Repository/RAD_Pages/TaxInfo_Page/input_TaxInfo_feinSsn_Existing_New'

2024-01-14 16:05:18 - [MESSAGE][PASSED] - Text ****** has been set on object 'Object Repository/RAD_Pages/TaxInfo_Page/input_TaxInfo_feinSsn_Existing_New'

2024-01-14 16:05:18 - [TEST_STEP][PASSED] - setEncryptedText(findTestObject(orPath_TaxInfo + "/input_TaxInfo_RetypefeinSsn_Existing_New"), "RigbBhfdqOD+04WBHw5iKw=="): Text ****** has been set on object 'Object Repository/RAD_Pages/TaxInfo_Page/input_TaxInfo_RetypefeinSsn_Existing_New'

2024-01-14 16:05:19 - [MESSAGE][PASSED] - Text ****** has been set on object 'Object Repository/RAD_Pages/TaxInfo_Page/input_TaxInfo_RetypefeinSsn_Existing_New'

2024-01-14 16:05:19 - [TEST_STEP][PASSED] - break: null

2024-01-14 16:05:19 - [TEST_STEP][PASSED] - setText(findTestObject(orPath_Amount + "/input__paymentAmount"), ""): Text '' is set on object 'Object Repository/RAD_Pages/PaymentAmount_Page/input__paymentAmount'

2024-01-14 16:05:19 - [MESSAGE][PASSED] - Text '' is set on object 'Object Repository/RAD_Pages/PaymentAmount_Page/input__paymentAmount'

2024-01-14 16:05:19 - [TEST_STEP][PASSED] - if (verifyTextPresent("The FEIN/SSN and Re-type FEIN/SSN do not match", true)): null

2024-01-14 16:05:20 - [MESSAGE][PASSED] - Text 'The FEIN/SSN and Re-type FEIN/SSN do not match' is present on page  using regular expression

2024-01-14 16:05:20 - [TEST_STEP][PASSED] - println("Error Message is present on the page"): null

2024-01-14 16:05:20 - [TEST_STEP][PASSED] - out.println("Pass Record Number: " + row): null

2024-01-14 16:05:20 - [TEST_STEP][PASSED] - resText = "Pass": null

2024-01-14 16:05:20 - [TEST_STEP][PASSED] - pages.WriteExcel.demoKey(resText, datText, resColumn, datCloumn, fileLoc, nameSheet, row): pages.WriteExcel.demoKey is PASSED

2024-01-14 16:05:20 - [MESSAGE][PASSED] - pages.WriteExcel.demoKey is PASSED

2024-01-14 16:05:20 - [TEST_STEP][PASSED] - ExecuteTC = findTestData(dataFile).getValue("Execute", row): null

2024-01-14 16:05:20 - [TEST_STEP][PASSED] - Taxtype = findTestData(dataFile).getValue("TaxType", row): null

2024-01-14 16:05:20 - [TEST_STEP][PASSED] - Paymenttype = findTestData(dataFile).getValue("PaymentType", row): null

2024-01-14 16:05:20 - [TEST_STEP][PASSED] - out.println("Value of Execute is : " + ExecuteTC): null

2024-01-14 16:05:20 - [TEST_STEP][PASSED] - if (ExecuteTC.equalsIgnoreCase("Y")): null

2024-01-14 16:05:20 - [TEST_STEP][PASSED] - out.println("Begin Record Number: " + row): null

2024-01-14 16:05:20 - [TEST_STEP][PASSED] - today = new java.util.Date(): null

2024-01-14 16:05:20 - [TEST_STEP][PASSED] - println(today): null

2024-01-14 16:05:20 - [TEST_STEP][PASSED] - datText = today: null

2024-01-14 16:05:20 - [TEST_STEP][PASSED] - Taxtype = findTestData(dataFile).getValue("TaxType", row): null

2024-01-14 16:05:20 - [TEST_STEP][PASSED] - out.println("Taxtype value is : " + Taxtype): null

2024-01-14 16:05:20 - [TEST_STEP][PASSED] - openBrowser(""): Browser is opened with url: ''

2024-01-14 16:05:20 - [MESSAGE][WARNING] - A browser is already opened. Closing browser and opening a new one

2024-01-14 16:05:21 - [MESSAGE][INFO] - Starting 'Chrome' driver

2024-01-14 16:05:21 - [MESSAGE][INFO] - User set preference: ['acceptInsecureCerts', 'true']

2024-01-14 16:05:21 - [MESSAGE][INFO] - Action delay is set to 0 milliseconds

2024-01-14 16:05:23 - [MESSAGE][PASSED] - Browser is opened with url: ''

2024-01-14 16:05:23 - [TEST_STEP][PASSED] - maximizeWindow(): Current window maximized

2024-01-14 16:05:23 - [MESSAGE][PASSED] - Current window maximized

2024-01-14 16:05:23 - [TEST_STEP][PASSED] - navigateToUrl(RADurl): Navigate to 'https://qa2.velocitypayment.com/client/rad/index.html' successfully

2024-01-14 16:05:24 - [MESSAGE][PASSED] - Navigate to 'https://qa2.velocitypayment.com/client/rad/index.html' successfully

2024-01-14 16:05:24 - [TEST_STEP][PASSED] - orPath_Landing = "Object Repository/RAD_Pages/Landing_Page": null

2024-01-14 16:05:24 - [TEST_STEP][PASSED] - orPath_TaxTypeFilingYear = "Object Repository/RAD_Pages/TaxTypeFilingYear_Page": null

2024-01-14 16:05:24 - [TEST_STEP][PASSED] - orPath_TaxPayer = "Object Repository/RAD_Pages/Taxpayer_Page": null

2024-01-14 16:05:24 - [TEST_STEP][PASSED] - orPath_AddressContact = "Object Repository/RAD_Pages/AddressAndContactInfo_Page": null

2024-01-14 16:05:24 - [TEST_STEP][PASSED] - orPath_FilingStatus = "Object Repository/RAD_Pages/FilingStatus_Page": null

2024-01-14 16:05:24 - [TEST_STEP][PASSED] - orPath_Amount = "Object Repository/RAD_Pages/PaymentAmount_Page": null

2024-01-14 16:05:24 - [TEST_STEP][PASSED] - orPath_TaxInfo = "Object Repository/RAD_Pages/TaxInfo_Page": null

2024-01-14 16:05:24 - [TEST_STEP][PASSED] - orPath_Withholding = "Object Repository/RAD_Pages/Withholding_Page": null

2024-01-14 16:05:24 - [TEST_STEP][PASSED] - orPath_Summary = "Object Repository/RAD_Pages/Summary_Page": null

2024-01-14 16:05:24 - [TEST_STEP][PASSED] - orPath_PaymentReady = "Object Repository/RAD_Pages/PaymentReady_Page": null

2024-01-14 16:05:24 - [TEST_STEP][PASSED] - orPath_PaymentEntry = "Object Repository/RAD_Pages/PaymentEntry_Page": null

2024-01-14 16:05:24 - [TEST_STEP][PASSED] - orPath_PaymentConfirmation = "Object Repository/RAD_Pages/PaymentConfirmation_Page": null

2024-01-14 16:05:24 - [TEST_STEP][PASSED] - orPath_ServiceFeesAccept = "Object Repository/RAD_Pages/ServiceFeeAccept_Page": null

2024-01-14 16:05:24 - [TEST_STEP][PASSED] - selectOptionByLabel(findTestObject(orPath_Landing + "/dd_TaxType"), Paymenttype, false): All options with label 'New Tax Return Amount Due' are selected in object 'Object Repository/RAD_Pages/Landing_Page/dd_TaxType' 

2024-01-14 16:05:25 - [MESSAGE][PASSED] - All options with label 'New Tax Return Amount Due' are selected in object 'Object Repository/RAD_Pages/Landing_Page/dd_TaxType' 

2024-01-14 16:05:25 - [TEST_STEP][PASSED] - delay(1): Delayed 1 second(s)

2024-01-14 16:05:26 - [MESSAGE][PASSED] - Delayed 1 second(s)

2024-01-14 16:05:26 - [TEST_STEP][PASSED] - switch (Paymenttype): null

2024-01-14 16:05:26 - [TEST_STEP][PASSED] - case "New Tax Return Amount Due":: null

2024-01-14 16:05:26 - [TEST_STEP][PASSED] - selectOptionByLabel(findTestObject("Object Repository/RAD_Pages/Landing_Page/select_NewTaxReturnAmountDue_TaxType"), Taxtype, false): All options with label 'Tobacco Tax' are selected in object 'Object Repository/RAD_Pages/Landing_Page/select_NewTaxReturnAmountDue_TaxType' 

2024-01-14 16:05:27 - [MESSAGE][PASSED] - All options with label 'Tobacco Tax' are selected in object 'Object Repository/RAD_Pages/Landing_Page/select_NewTaxReturnAmountDue_TaxType' 

2024-01-14 16:05:27 - [TEST_STEP][PASSED] - break: null

2024-01-14 16:05:27 - [TEST_STEP][PASSED] - delay(1): Delayed 1 second(s)

2024-01-14 16:05:28 - [MESSAGE][PASSED] - Delayed 1 second(s)

2024-01-14 16:05:28 - [TEST_STEP][PASSED] - scrollToElement(findTestObject(orPath_Amount + "/input__paymentAmount"), 2, CONTINUE_ON_FAILURE): Scroll to object 'Object Repository/RAD_Pages/PaymentAmount_Page/input__paymentAmount' successfully

2024-01-14 16:05:28 - [MESSAGE][PASSED] - Scroll to object 'Object Repository/RAD_Pages/PaymentAmount_Page/input__paymentAmount' successfully

2024-01-14 16:05:28 - [TEST_STEP][PASSED] - switch (Paymenttype): null

2024-01-14 16:05:28 - [TEST_STEP][PASSED] - case "New Tax Return Amount Due":: null

2024-01-14 16:05:28 - [TEST_STEP][PASSED] - setEncryptedText(findTestObject(orPath_TaxInfo + "/input_TaxInfo_FeinSsn_New_2"), "RigbBhfdqODKcAsiUrg+1Q=="): Text ****** has been set on object 'Object Repository/RAD_Pages/TaxInfo_Page/input_TaxInfo_FeinSsn_New_2'

2024-01-14 16:05:29 - [MESSAGE][PASSED] - Text ****** has been set on object 'Object Repository/RAD_Pages/TaxInfo_Page/input_TaxInfo_FeinSsn_New_2'

2024-01-14 16:05:29 - [TEST_STEP][PASSED] - setEncryptedText(findTestObject(orPath_TaxInfo + "/input_TaxInfo_RetypeFeinSsn_New_2"), "RigbBhfdqOD+04WBHw5iKw=="): Text ****** has been set on object 'Object Repository/RAD_Pages/TaxInfo_Page/input_TaxInfo_RetypeFeinSsn_New_2'

2024-01-14 16:05:29 - [MESSAGE][PASSED] - Text ****** has been set on object 'Object Repository/RAD_Pages/TaxInfo_Page/input_TaxInfo_RetypeFeinSsn_New_2'

2024-01-14 16:05:29 - [TEST_STEP][PASSED] - break: null

2024-01-14 16:05:29 - [TEST_STEP][PASSED] - setText(findTestObject(orPath_Amount + "/input__paymentAmount"), ""): Text '' is set on object 'Object Repository/RAD_Pages/PaymentAmount_Page/input__paymentAmount'

2024-01-14 16:05:30 - [MESSAGE][PASSED] - Text '' is set on object 'Object Repository/RAD_Pages/PaymentAmount_Page/input__paymentAmount'

2024-01-14 16:05:30 - [TEST_STEP][PASSED] - if (verifyTextPresent("The FEIN/SSN and Re-type FEIN/SSN do not match", true)): null

2024-01-14 16:05:31 - [MESSAGE][PASSED] - Text 'The FEIN/SSN and Re-type FEIN/SSN do not match' is present on page  using regular expression

2024-01-14 16:05:31 - [TEST_STEP][PASSED] - println("Error Message is present on the page"): null

2024-01-14 16:05:31 - [TEST_STEP][PASSED] - out.println("Pass Record Number: " + row): null

2024-01-14 16:05:31 - [TEST_STEP][PASSED] - resText = "Pass": null

2024-01-14 16:05:31 - [TEST_STEP][PASSED] - pages.WriteExcel.demoKey(resText, datText, resColumn, datCloumn, fileLoc, nameSheet, row): pages.WriteExcel.demoKey is PASSED

2024-01-14 16:05:31 - [MESSAGE][PASSED] - pages.WriteExcel.demoKey is PASSED]]></system-out>
         <system-err><![CDATA[]]></system-err>
      </testcase>
      <testcase name="Test Cases/RAD_TestCases/Negative_TestCases/FEINmoreThan9Error-NEW" time="265.36" classname="Test Cases/RAD_TestCases/Negative_TestCases/FEINmoreThan9Error-NEW" status="PASSED">
         <system-out><![CDATA[2024-01-14 16:05:31 - [TEST_CASE][PASSED] - Test Cases/RAD_TestCases/Negative_TestCases/FEINmoreThan9Error-NEW: Test Cases/RAD_TestCases/Negative_TestCases/FEINmoreThan9Error-NEW

2024-01-14 16:05:31 - [TEST_STEP][PASSED] - resText = "Fail": null

2024-01-14 16:05:31 - [TEST_STEP][PASSED] - resColumn = "Result": null

2024-01-14 16:05:31 - [TEST_STEP][PASSED] - datCloumn = "Date": null

2024-01-14 16:05:31 - [TEST_STEP][PASSED] - fileLoc = "KatalonData/RADTestData/FEINmoreThan9Error.xlsx": null

2024-01-14 16:05:31 - [TEST_STEP][PASSED] - nameSheet = "Sheet1": null

2024-01-14 16:05:31 - [TEST_STEP][PASSED] - dataFile = "RADTestData/FEINmoreThan9Error": null

2024-01-14 16:05:31 - [TEST_STEP][PASSED] - ExecuteTC = <not implemented yet for class: org.codehaus.groovy.ast.expr.EmptyExpression>: null

2024-01-14 16:05:31 - [TEST_STEP][PASSED] - Taxtype = <not implemented yet for class: org.codehaus.groovy.ast.expr.EmptyExpression>: null

2024-01-14 16:05:31 - [TEST_STEP][PASSED] - Paymenttype = <not implemented yet for class: org.codehaus.groovy.ast.expr.EmptyExpression>: null

2024-01-14 16:05:31 - [TEST_STEP][PASSED] - numOfRows = findTestData(dataFile).getRowNumbers(): null

2024-01-14 16:05:31 - [TEST_STEP][PASSED] - println("Number of Records: " + numOfRows): null

2024-01-14 16:05:31 - [TEST_STEP][PASSED] - for ([row = 1, row <= numOfRows, (row++)]): null

2024-01-14 16:05:31 - [TEST_STEP][PASSED] - ExecuteTC = findTestData(dataFile).getValue("Execute", row): null

2024-01-14 16:05:31 - [TEST_STEP][PASSED] - Taxtype = findTestData(dataFile).getValue("TaxType", row): null

2024-01-14 16:05:31 - [TEST_STEP][PASSED] - Paymenttype = findTestData(dataFile).getValue("PaymentType", row): null

2024-01-14 16:05:31 - [TEST_STEP][PASSED] - out.println("Value of Execute is : " + ExecuteTC): null

2024-01-14 16:05:31 - [TEST_STEP][PASSED] - if (ExecuteTC.equalsIgnoreCase("Y")): null

2024-01-14 16:05:31 - [TEST_STEP][PASSED] - out.println("Begin Record Number: " + row): null

2024-01-14 16:05:31 - [TEST_STEP][PASSED] - today = new java.util.Date(): null

2024-01-14 16:05:31 - [TEST_STEP][PASSED] - println(today): null

2024-01-14 16:05:31 - [TEST_STEP][PASSED] - datText = today: null

2024-01-14 16:05:31 - [TEST_STEP][PASSED] - Taxtype = findTestData(dataFile).getValue("TaxType", row): null

2024-01-14 16:05:31 - [TEST_STEP][PASSED] - out.println("Taxtype value is : " + Taxtype): null

2024-01-14 16:05:31 - [TEST_STEP][PASSED] - openBrowser(""): Browser is opened with url: ''

2024-01-14 16:05:31 - [MESSAGE][WARNING] - A browser is already opened. Closing browser and opening a new one

2024-01-14 16:05:32 - [MESSAGE][INFO] - Starting 'Chrome' driver

2024-01-14 16:05:32 - [MESSAGE][INFO] - User set preference: ['acceptInsecureCerts', 'true']

2024-01-14 16:05:32 - [MESSAGE][INFO] - Action delay is set to 0 milliseconds

2024-01-14 16:05:34 - [MESSAGE][PASSED] - Browser is opened with url: ''

2024-01-14 16:05:34 - [TEST_STEP][PASSED] - maximizeWindow(): Current window maximized

2024-01-14 16:05:34 - [MESSAGE][PASSED] - Current window maximized

2024-01-14 16:05:34 - [TEST_STEP][PASSED] - navigateToUrl(RADurl): Navigate to 'https://qa2.velocitypayment.com/client/rad/index.html' successfully

2024-01-14 16:05:35 - [MESSAGE][PASSED] - Navigate to 'https://qa2.velocitypayment.com/client/rad/index.html' successfully

2024-01-14 16:05:35 - [TEST_STEP][PASSED] - orPath_Landing = "Object Repository/RAD_Pages/Landing_Page": null

2024-01-14 16:05:35 - [TEST_STEP][PASSED] - orPath_TaxTypeFilingYear = "Object Repository/RAD_Pages/TaxTypeFilingYear_Page": null

2024-01-14 16:05:35 - [TEST_STEP][PASSED] - orPath_TaxPayer = "Object Repository/RAD_Pages/Taxpayer_Page": null

2024-01-14 16:05:35 - [TEST_STEP][PASSED] - orPath_AddressContact = "Object Repository/RAD_Pages/AddressAndContactInfo_Page": null

2024-01-14 16:05:35 - [TEST_STEP][PASSED] - orPath_FilingStatus = "Object Repository/RAD_Pages/FilingStatus_Page": null

2024-01-14 16:05:35 - [TEST_STEP][PASSED] - orPath_Amount = "Object Repository/RAD_Pages/PaymentAmount_Page": null

2024-01-14 16:05:35 - [TEST_STEP][PASSED] - orPath_TaxInfo = "Object Repository/RAD_Pages/TaxInfo_Page": null

2024-01-14 16:05:35 - [TEST_STEP][PASSED] - orPath_Withholding = "Object Repository/RAD_Pages/Withholding_Page": null

2024-01-14 16:05:35 - [TEST_STEP][PASSED] - orPath_Summary = "Object Repository/RAD_Pages/Summary_Page": null

2024-01-14 16:05:35 - [TEST_STEP][PASSED] - orPath_PaymentReady = "Object Repository/RAD_Pages/PaymentReady_Page": null

2024-01-14 16:05:35 - [TEST_STEP][PASSED] - orPath_PaymentEntry = "Object Repository/RAD_Pages/PaymentEntry_Page": null

2024-01-14 16:05:35 - [TEST_STEP][PASSED] - orPath_PaymentConfirmation = "Object Repository/RAD_Pages/PaymentConfirmation_Page": null

2024-01-14 16:05:35 - [TEST_STEP][PASSED] - orPath_ServiceFeesAccept = "Object Repository/RAD_Pages/ServiceFeeAccept_Page": null

2024-01-14 16:05:35 - [TEST_STEP][PASSED] - selectOptionByLabel(findTestObject(orPath_Landing + "/dd_TaxType"), Paymenttype, false): All options with label 'Existing Liability w/Notice Number' are selected in object 'Object Repository/RAD_Pages/Landing_Page/dd_TaxType' 

2024-01-14 16:05:36 - [MESSAGE][PASSED] - All options with label 'Existing Liability w/Notice Number' are selected in object 'Object Repository/RAD_Pages/Landing_Page/dd_TaxType' 

2024-01-14 16:05:36 - [TEST_STEP][PASSED] - delay(1): Delayed 1 second(s)

2024-01-14 16:05:37 - [MESSAGE][PASSED] - Delayed 1 second(s)

2024-01-14 16:05:37 - [TEST_STEP][PASSED] - switch (Paymenttype): null

2024-01-14 16:05:37 - [TEST_STEP][PASSED] - case "Existing Liability w/Notice Number":: null

2024-01-14 16:05:37 - [TEST_STEP][PASSED] - selectOptionByLabel(findTestObject(orPath_TaxTypeFilingYear + "/select_TaxType_ExistingLiability"), Taxtype, false): All options with label 'Bay Restoration Fee' are selected in object 'Object Repository/RAD_Pages/TaxTypeFilingYear_Page/select_TaxType_ExistingLiability' 

2024-01-14 16:05:38 - [MESSAGE][PASSED] - All options with label 'Bay Restoration Fee' are selected in object 'Object Repository/RAD_Pages/TaxTypeFilingYear_Page/select_TaxType_ExistingLiability' 

2024-01-14 16:05:38 - [TEST_STEP][PASSED] - break: null

2024-01-14 16:05:38 - [TEST_STEP][PASSED] - delay(1): Delayed 1 second(s)

2024-01-14 16:05:39 - [MESSAGE][PASSED] - Delayed 1 second(s)

2024-01-14 16:05:39 - [TEST_STEP][PASSED] - switch (Paymenttype): null

2024-01-14 16:05:39 - [TEST_STEP][PASSED] - case "Existing Liability w/Notice Number":: null

2024-01-14 16:05:39 - [TEST_STEP][PASSED] - setEncryptedText(findTestObject("Object Repository/RAD_RecordAndPlay/input_Existing_FEIN"), "RigbBhfdqOBDK95asqKeHw=="): Text ****** has been set on object 'Object Repository/RAD_RecordAndPlay/input_Existing_FEIN'

2024-01-14 16:05:39 - [MESSAGE][PASSED] - Text ****** has been set on object 'Object Repository/RAD_RecordAndPlay/input_Existing_FEIN'

2024-01-14 16:05:39 - [TEST_STEP][PASSED] - setEncryptedText(findTestObject("Object Repository/RAD_RecordAndPlay/input_Existing_RetypeFEIN"), ""): Text ****** has been set on object 'Object Repository/RAD_RecordAndPlay/input_Existing_RetypeFEIN'

2024-01-14 16:05:40 - [MESSAGE][PASSED] - Text ****** has been set on object 'Object Repository/RAD_RecordAndPlay/input_Existing_RetypeFEIN'

2024-01-14 16:05:40 - [TEST_STEP][PASSED] - break: null

2024-01-14 16:05:40 - [TEST_STEP][PASSED] - verifyTextPresent("Please enter a valid FEIN with 9 digits.", true): Text 'Please enter a valid FEIN with 9 digits.' is present on page  using regular expression

2024-01-14 16:05:40 - [MESSAGE][PASSED] - Text 'Please enter a valid FEIN with 9 digits.' is present on page  using regular expression

2024-01-14 16:05:40 - [TEST_STEP][PASSED] - if (verifyTextPresent("Please enter a valid FEIN with 9 digits.", true)): null

2024-01-14 16:05:41 - [MESSAGE][PASSED] - Text 'Please enter a valid FEIN with 9 digits.' is present on page  using regular expression

2024-01-14 16:05:41 - [TEST_STEP][PASSED] - println("Error Message is present on the page"): null

2024-01-14 16:05:41 - [TEST_STEP][PASSED] - out.println("Pass Record Number: " + row): null

2024-01-14 16:05:41 - [TEST_STEP][PASSED] - resText = "Pass": null

2024-01-14 16:05:41 - [TEST_STEP][PASSED] - pages.WriteExcel.demoKey(resText, datText, resColumn, datCloumn, fileLoc, nameSheet, row): pages.WriteExcel.demoKey is PASSED

2024-01-14 16:05:41 - [MESSAGE][PASSED] - pages.WriteExcel.demoKey is PASSED

2024-01-14 16:05:41 - [TEST_STEP][PASSED] - ExecuteTC = findTestData(dataFile).getValue("Execute", row): null

2024-01-14 16:05:41 - [TEST_STEP][PASSED] - Taxtype = findTestData(dataFile).getValue("TaxType", row): null

2024-01-14 16:05:41 - [TEST_STEP][PASSED] - Paymenttype = findTestData(dataFile).getValue("PaymentType", row): null

2024-01-14 16:05:41 - [TEST_STEP][PASSED] - out.println("Value of Execute is : " + ExecuteTC): null

2024-01-14 16:05:41 - [TEST_STEP][PASSED] - if (ExecuteTC.equalsIgnoreCase("Y")): null

2024-01-14 16:05:41 - [TEST_STEP][PASSED] - out.println("Begin Record Number: " + row): null

2024-01-14 16:05:41 - [TEST_STEP][PASSED] - today = new java.util.Date(): null

2024-01-14 16:05:41 - [TEST_STEP][PASSED] - println(today): null

2024-01-14 16:05:41 - [TEST_STEP][PASSED] - datText = today: null

2024-01-14 16:05:41 - [TEST_STEP][PASSED] - Taxtype = findTestData(dataFile).getValue("TaxType", row): null

2024-01-14 16:05:41 - [TEST_STEP][PASSED] - out.println("Taxtype value is : " + Taxtype): null

2024-01-14 16:05:41 - [TEST_STEP][PASSED] - openBrowser(""): Browser is opened with url: ''

2024-01-14 16:05:41 - [MESSAGE][WARNING] - A browser is already opened. Closing browser and opening a new one

2024-01-14 16:05:42 - [MESSAGE][INFO] - Starting 'Chrome' driver

2024-01-14 16:05:42 - [MESSAGE][INFO] - User set preference: ['acceptInsecureCerts', 'true']

2024-01-14 16:05:42 - [MESSAGE][INFO] - Action delay is set to 0 milliseconds

2024-01-14 16:05:43 - [MESSAGE][PASSED] - Browser is opened with url: ''

2024-01-14 16:05:43 - [TEST_STEP][PASSED] - maximizeWindow(): Current window maximized

2024-01-14 16:05:44 - [MESSAGE][PASSED] - Current window maximized

2024-01-14 16:05:44 - [TEST_STEP][PASSED] - navigateToUrl(RADurl): Navigate to 'https://qa2.velocitypayment.com/client/rad/index.html' successfully

2024-01-14 16:05:44 - [MESSAGE][PASSED] - Navigate to 'https://qa2.velocitypayment.com/client/rad/index.html' successfully

2024-01-14 16:05:44 - [TEST_STEP][PASSED] - orPath_Landing = "Object Repository/RAD_Pages/Landing_Page": null

2024-01-14 16:05:44 - [TEST_STEP][PASSED] - orPath_TaxTypeFilingYear = "Object Repository/RAD_Pages/TaxTypeFilingYear_Page": null

2024-01-14 16:05:44 - [TEST_STEP][PASSED] - orPath_TaxPayer = "Object Repository/RAD_Pages/Taxpayer_Page": null

2024-01-14 16:05:44 - [TEST_STEP][PASSED] - orPath_AddressContact = "Object Repository/RAD_Pages/AddressAndContactInfo_Page": null

2024-01-14 16:05:44 - [TEST_STEP][PASSED] - orPath_FilingStatus = "Object Repository/RAD_Pages/FilingStatus_Page": null

2024-01-14 16:05:44 - [TEST_STEP][PASSED] - orPath_Amount = "Object Repository/RAD_Pages/PaymentAmount_Page": null

2024-01-14 16:05:44 - [TEST_STEP][PASSED] - orPath_TaxInfo = "Object Repository/RAD_Pages/TaxInfo_Page": null

2024-01-14 16:05:44 - [TEST_STEP][PASSED] - orPath_Withholding = "Object Repository/RAD_Pages/Withholding_Page": null

2024-01-14 16:05:44 - [TEST_STEP][PASSED] - orPath_Summary = "Object Repository/RAD_Pages/Summary_Page": null

2024-01-14 16:05:44 - [TEST_STEP][PASSED] - orPath_PaymentReady = "Object Repository/RAD_Pages/PaymentReady_Page": null

2024-01-14 16:05:44 - [TEST_STEP][PASSED] - orPath_PaymentEntry = "Object Repository/RAD_Pages/PaymentEntry_Page": null

2024-01-14 16:05:44 - [TEST_STEP][PASSED] - orPath_PaymentConfirmation = "Object Repository/RAD_Pages/PaymentConfirmation_Page": null

2024-01-14 16:05:44 - [TEST_STEP][PASSED] - orPath_ServiceFeesAccept = "Object Repository/RAD_Pages/ServiceFeeAccept_Page": null

2024-01-14 16:05:44 - [TEST_STEP][PASSED] - selectOptionByLabel(findTestObject(orPath_Landing + "/dd_TaxType"), Paymenttype, false): All options with label 'Existing Liability w/Notice Number' are selected in object 'Object Repository/RAD_Pages/Landing_Page/dd_TaxType' 

2024-01-14 16:05:46 - [MESSAGE][PASSED] - All options with label 'Existing Liability w/Notice Number' are selected in object 'Object Repository/RAD_Pages/Landing_Page/dd_TaxType' 

2024-01-14 16:05:46 - [TEST_STEP][PASSED] - delay(1): Delayed 1 second(s)

2024-01-14 16:05:47 - [MESSAGE][PASSED] - Delayed 1 second(s)

2024-01-14 16:05:47 - [TEST_STEP][PASSED] - switch (Paymenttype): null

2024-01-14 16:05:47 - [TEST_STEP][PASSED] - case "Existing Liability w/Notice Number":: null

2024-01-14 16:05:47 - [TEST_STEP][PASSED] - selectOptionByLabel(findTestObject(orPath_TaxTypeFilingYear + "/select_TaxType_ExistingLiability"), Taxtype, false): All options with label 'Corporate Income Tax' are selected in object 'Object Repository/RAD_Pages/TaxTypeFilingYear_Page/select_TaxType_ExistingLiability' 

2024-01-14 16:05:47 - [MESSAGE][PASSED] - All options with label 'Corporate Income Tax' are selected in object 'Object Repository/RAD_Pages/TaxTypeFilingYear_Page/select_TaxType_ExistingLiability' 

2024-01-14 16:05:47 - [TEST_STEP][PASSED] - break: null

2024-01-14 16:05:47 - [TEST_STEP][PASSED] - delay(1): Delayed 1 second(s)

2024-01-14 16:05:48 - [MESSAGE][PASSED] - Delayed 1 second(s)

2024-01-14 16:05:48 - [TEST_STEP][PASSED] - switch (Paymenttype): null

2024-01-14 16:05:48 - [TEST_STEP][PASSED] - case "Existing Liability w/Notice Number":: null

2024-01-14 16:05:48 - [TEST_STEP][PASSED] - setEncryptedText(findTestObject("Object Repository/RAD_RecordAndPlay/input_Existing_FEIN"), "RigbBhfdqOBDK95asqKeHw=="): Text ****** has been set on object 'Object Repository/RAD_RecordAndPlay/input_Existing_FEIN'

2024-01-14 16:05:49 - [MESSAGE][PASSED] - Text ****** has been set on object 'Object Repository/RAD_RecordAndPlay/input_Existing_FEIN'

2024-01-14 16:05:49 - [TEST_STEP][PASSED] - setEncryptedText(findTestObject("Object Repository/RAD_RecordAndPlay/input_Existing_RetypeFEIN"), ""): Text ****** has been set on object 'Object Repository/RAD_RecordAndPlay/input_Existing_RetypeFEIN'

2024-01-14 16:05:50 - [MESSAGE][PASSED] - Text ****** has been set on object 'Object Repository/RAD_RecordAndPlay/input_Existing_RetypeFEIN'

2024-01-14 16:05:50 - [TEST_STEP][PASSED] - break: null

2024-01-14 16:05:50 - [TEST_STEP][PASSED] - verifyTextPresent("Please enter a valid FEIN with 9 digits.", true): Text 'Please enter a valid FEIN with 9 digits.' is present on page  using regular expression

2024-01-14 16:05:50 - [MESSAGE][PASSED] - Text 'Please enter a valid FEIN with 9 digits.' is present on page  using regular expression

2024-01-14 16:05:50 - [TEST_STEP][PASSED] - if (verifyTextPresent("Please enter a valid FEIN with 9 digits.", true)): null

2024-01-14 16:05:51 - [MESSAGE][PASSED] - Text 'Please enter a valid FEIN with 9 digits.' is present on page  using regular expression

2024-01-14 16:05:51 - [TEST_STEP][PASSED] - println("Error Message is present on the page"): null

2024-01-14 16:05:51 - [TEST_STEP][PASSED] - out.println("Pass Record Number: " + row): null

2024-01-14 16:05:51 - [TEST_STEP][PASSED] - resText = "Pass": null

2024-01-14 16:05:51 - [TEST_STEP][PASSED] - pages.WriteExcel.demoKey(resText, datText, resColumn, datCloumn, fileLoc, nameSheet, row): pages.WriteExcel.demoKey is PASSED

2024-01-14 16:05:51 - [MESSAGE][PASSED] - pages.WriteExcel.demoKey is PASSED

2024-01-14 16:05:51 - [TEST_STEP][PASSED] - ExecuteTC = findTestData(dataFile).getValue("Execute", row): null

2024-01-14 16:05:51 - [TEST_STEP][PASSED] - Taxtype = findTestData(dataFile).getValue("TaxType", row): null

2024-01-14 16:05:51 - [TEST_STEP][PASSED] - Paymenttype = findTestData(dataFile).getValue("PaymentType", row): null

2024-01-14 16:05:51 - [TEST_STEP][PASSED] - out.println("Value of Execute is : " + ExecuteTC): null

2024-01-14 16:05:51 - [TEST_STEP][PASSED] - if (ExecuteTC.equalsIgnoreCase("Y")): null

2024-01-14 16:05:51 - [TEST_STEP][PASSED] - out.println("Begin Record Number: " + row): null

2024-01-14 16:05:51 - [TEST_STEP][PASSED] - today = new java.util.Date(): null

2024-01-14 16:05:51 - [TEST_STEP][PASSED] - println(today): null

2024-01-14 16:05:51 - [TEST_STEP][PASSED] - datText = today: null

2024-01-14 16:05:51 - [TEST_STEP][PASSED] - Taxtype = findTestData(dataFile).getValue("TaxType", row): null

2024-01-14 16:05:51 - [TEST_STEP][PASSED] - out.println("Taxtype value is : " + Taxtype): null

2024-01-14 16:05:51 - [TEST_STEP][PASSED] - openBrowser(""): Browser is opened with url: ''

2024-01-14 16:05:51 - [MESSAGE][WARNING] - A browser is already opened. Closing browser and opening a new one

2024-01-14 16:05:52 - [MESSAGE][INFO] - Starting 'Chrome' driver

2024-01-14 16:05:52 - [MESSAGE][INFO] - User set preference: ['acceptInsecureCerts', 'true']

2024-01-14 16:05:52 - [MESSAGE][INFO] - Action delay is set to 0 milliseconds

2024-01-14 16:05:53 - [MESSAGE][PASSED] - Browser is opened with url: ''

2024-01-14 16:05:53 - [TEST_STEP][PASSED] - maximizeWindow(): Current window maximized

2024-01-14 16:05:54 - [MESSAGE][PASSED] - Current window maximized

2024-01-14 16:05:54 - [TEST_STEP][PASSED] - navigateToUrl(RADurl): Navigate to 'https://qa2.velocitypayment.com/client/rad/index.html' successfully

2024-01-14 16:05:55 - [MESSAGE][PASSED] - Navigate to 'https://qa2.velocitypayment.com/client/rad/index.html' successfully

2024-01-14 16:05:55 - [TEST_STEP][PASSED] - orPath_Landing = "Object Repository/RAD_Pages/Landing_Page": null

2024-01-14 16:05:55 - [TEST_STEP][PASSED] - orPath_TaxTypeFilingYear = "Object Repository/RAD_Pages/TaxTypeFilingYear_Page": null

2024-01-14 16:05:55 - [TEST_STEP][PASSED] - orPath_TaxPayer = "Object Repository/RAD_Pages/Taxpayer_Page": null

2024-01-14 16:05:55 - [TEST_STEP][PASSED] - orPath_AddressContact = "Object Repository/RAD_Pages/AddressAndContactInfo_Page": null

2024-01-14 16:05:55 - [TEST_STEP][PASSED] - orPath_FilingStatus = "Object Repository/RAD_Pages/FilingStatus_Page": null

2024-01-14 16:05:55 - [TEST_STEP][PASSED] - orPath_Amount = "Object Repository/RAD_Pages/PaymentAmount_Page": null

2024-01-14 16:05:55 - [TEST_STEP][PASSED] - orPath_TaxInfo = "Object Repository/RAD_Pages/TaxInfo_Page": null

2024-01-14 16:05:55 - [TEST_STEP][PASSED] - orPath_Withholding = "Object Repository/RAD_Pages/Withholding_Page": null

2024-01-14 16:05:55 - [TEST_STEP][PASSED] - orPath_Summary = "Object Repository/RAD_Pages/Summary_Page": null

2024-01-14 16:05:55 - [TEST_STEP][PASSED] - orPath_PaymentReady = "Object Repository/RAD_Pages/PaymentReady_Page": null

2024-01-14 16:05:55 - [TEST_STEP][PASSED] - orPath_PaymentEntry = "Object Repository/RAD_Pages/PaymentEntry_Page": null

2024-01-14 16:05:55 - [TEST_STEP][PASSED] - orPath_PaymentConfirmation = "Object Repository/RAD_Pages/PaymentConfirmation_Page": null

2024-01-14 16:05:55 - [TEST_STEP][PASSED] - orPath_ServiceFeesAccept = "Object Repository/RAD_Pages/ServiceFeeAccept_Page": null

2024-01-14 16:05:55 - [TEST_STEP][PASSED] - selectOptionByLabel(findTestObject(orPath_Landing + "/dd_TaxType"), Paymenttype, false): All options with label 'Existing Liability w/Notice Number' are selected in object 'Object Repository/RAD_Pages/Landing_Page/dd_TaxType' 

2024-01-14 16:05:56 - [MESSAGE][PASSED] - All options with label 'Existing Liability w/Notice Number' are selected in object 'Object Repository/RAD_Pages/Landing_Page/dd_TaxType' 

2024-01-14 16:05:56 - [TEST_STEP][PASSED] - delay(1): Delayed 1 second(s)

2024-01-14 16:05:57 - [MESSAGE][PASSED] - Delayed 1 second(s)

2024-01-14 16:05:57 - [TEST_STEP][PASSED] - switch (Paymenttype): null

2024-01-14 16:05:57 - [TEST_STEP][PASSED] - case "Existing Liability w/Notice Number":: null

2024-01-14 16:05:57 - [TEST_STEP][PASSED] - selectOptionByLabel(findTestObject(orPath_TaxTypeFilingYear + "/select_TaxType_ExistingLiability"), Taxtype, false): All options with label 'Fiduciary Tax' are selected in object 'Object Repository/RAD_Pages/TaxTypeFilingYear_Page/select_TaxType_ExistingLiability' 

2024-01-14 16:05:57 - [MESSAGE][PASSED] - All options with label 'Fiduciary Tax' are selected in object 'Object Repository/RAD_Pages/TaxTypeFilingYear_Page/select_TaxType_ExistingLiability' 

2024-01-14 16:05:57 - [TEST_STEP][PASSED] - break: null

2024-01-14 16:05:57 - [TEST_STEP][PASSED] - delay(1): Delayed 1 second(s)

2024-01-14 16:05:58 - [MESSAGE][PASSED] - Delayed 1 second(s)

2024-01-14 16:05:58 - [TEST_STEP][PASSED] - switch (Paymenttype): null

2024-01-14 16:05:58 - [TEST_STEP][PASSED] - case "Existing Liability w/Notice Number":: null

2024-01-14 16:05:58 - [TEST_STEP][PASSED] - setEncryptedText(findTestObject("Object Repository/RAD_RecordAndPlay/input_Existing_FEIN"), "RigbBhfdqOBDK95asqKeHw=="): Text ****** has been set on object 'Object Repository/RAD_RecordAndPlay/input_Existing_FEIN'

2024-01-14 16:05:59 - [MESSAGE][PASSED] - Text ****** has been set on object 'Object Repository/RAD_RecordAndPlay/input_Existing_FEIN'

2024-01-14 16:05:59 - [TEST_STEP][PASSED] - setEncryptedText(findTestObject("Object Repository/RAD_RecordAndPlay/input_Existing_RetypeFEIN"), ""): Text ****** has been set on object 'Object Repository/RAD_RecordAndPlay/input_Existing_RetypeFEIN'

2024-01-14 16:06:00 - [MESSAGE][PASSED] - Text ****** has been set on object 'Object Repository/RAD_RecordAndPlay/input_Existing_RetypeFEIN'

2024-01-14 16:06:00 - [TEST_STEP][PASSED] - break: null

2024-01-14 16:06:00 - [TEST_STEP][PASSED] - verifyTextPresent("Please enter a valid FEIN with 9 digits.", true): Text 'Please enter a valid FEIN with 9 digits.' is present on page  using regular expression

2024-01-14 16:06:00 - [MESSAGE][PASSED] - Text 'Please enter a valid FEIN with 9 digits.' is present on page  using regular expression

2024-01-14 16:06:00 - [TEST_STEP][PASSED] - if (verifyTextPresent("Please enter a valid FEIN with 9 digits.", true)): null

2024-01-14 16:06:00 - [MESSAGE][PASSED] - Text 'Please enter a valid FEIN with 9 digits.' is present on page  using regular expression

2024-01-14 16:06:00 - [TEST_STEP][PASSED] - println("Error Message is present on the page"): null

2024-01-14 16:06:00 - [TEST_STEP][PASSED] - out.println("Pass Record Number: " + row): null

2024-01-14 16:06:00 - [TEST_STEP][PASSED] - resText = "Pass": null

2024-01-14 16:06:00 - [TEST_STEP][PASSED] - pages.WriteExcel.demoKey(resText, datText, resColumn, datCloumn, fileLoc, nameSheet, row): pages.WriteExcel.demoKey is PASSED

2024-01-14 16:06:01 - [MESSAGE][PASSED] - pages.WriteExcel.demoKey is PASSED

2024-01-14 16:06:01 - [TEST_STEP][PASSED] - ExecuteTC = findTestData(dataFile).getValue("Execute", row): null

2024-01-14 16:06:01 - [TEST_STEP][PASSED] - Taxtype = findTestData(dataFile).getValue("TaxType", row): null

2024-01-14 16:06:01 - [TEST_STEP][PASSED] - Paymenttype = findTestData(dataFile).getValue("PaymentType", row): null

2024-01-14 16:06:01 - [TEST_STEP][PASSED] - out.println("Value of Execute is : " + ExecuteTC): null

2024-01-14 16:06:01 - [TEST_STEP][PASSED] - if (ExecuteTC.equalsIgnoreCase("Y")): null

2024-01-14 16:06:01 - [TEST_STEP][PASSED] - out.println("Begin Record Number: " + row): null

2024-01-14 16:06:01 - [TEST_STEP][PASSED] - today = new java.util.Date(): null

2024-01-14 16:06:01 - [TEST_STEP][PASSED] - println(today): null

2024-01-14 16:06:01 - [TEST_STEP][PASSED] - datText = today: null

2024-01-14 16:06:01 - [TEST_STEP][PASSED] - Taxtype = findTestData(dataFile).getValue("TaxType", row): null

2024-01-14 16:06:01 - [TEST_STEP][PASSED] - out.println("Taxtype value is : " + Taxtype): null

2024-01-14 16:06:01 - [TEST_STEP][PASSED] - openBrowser(""): Browser is opened with url: ''

2024-01-14 16:06:01 - [MESSAGE][WARNING] - A browser is already opened. Closing browser and opening a new one

2024-01-14 16:06:02 - [MESSAGE][INFO] - Starting 'Chrome' driver

2024-01-14 16:06:02 - [MESSAGE][INFO] - User set preference: ['acceptInsecureCerts', 'true']

2024-01-14 16:06:02 - [MESSAGE][INFO] - Action delay is set to 0 milliseconds

2024-01-14 16:06:03 - [MESSAGE][PASSED] - Browser is opened with url: ''

2024-01-14 16:06:03 - [TEST_STEP][PASSED] - maximizeWindow(): Current window maximized

2024-01-14 16:06:03 - [MESSAGE][PASSED] - Current window maximized

2024-01-14 16:06:03 - [TEST_STEP][PASSED] - navigateToUrl(RADurl): Navigate to 'https://qa2.velocitypayment.com/client/rad/index.html' successfully

2024-01-14 16:06:06 - [MESSAGE][PASSED] - Navigate to 'https://qa2.velocitypayment.com/client/rad/index.html' successfully

2024-01-14 16:06:06 - [TEST_STEP][PASSED] - orPath_Landing = "Object Repository/RAD_Pages/Landing_Page": null

2024-01-14 16:06:06 - [TEST_STEP][PASSED] - orPath_TaxTypeFilingYear = "Object Repository/RAD_Pages/TaxTypeFilingYear_Page": null

2024-01-14 16:06:06 - [TEST_STEP][PASSED] - orPath_TaxPayer = "Object Repository/RAD_Pages/Taxpayer_Page": null

2024-01-14 16:06:06 - [TEST_STEP][PASSED] - orPath_AddressContact = "Object Repository/RAD_Pages/AddressAndContactInfo_Page": null

2024-01-14 16:06:06 - [TEST_STEP][PASSED] - orPath_FilingStatus = "Object Repository/RAD_Pages/FilingStatus_Page": null

2024-01-14 16:06:06 - [TEST_STEP][PASSED] - orPath_Amount = "Object Repository/RAD_Pages/PaymentAmount_Page": null

2024-01-14 16:06:06 - [TEST_STEP][PASSED] - orPath_TaxInfo = "Object Repository/RAD_Pages/TaxInfo_Page": null

2024-01-14 16:06:06 - [TEST_STEP][PASSED] - orPath_Withholding = "Object Repository/RAD_Pages/Withholding_Page": null

2024-01-14 16:06:06 - [TEST_STEP][PASSED] - orPath_Summary = "Object Repository/RAD_Pages/Summary_Page": null

2024-01-14 16:06:06 - [TEST_STEP][PASSED] - orPath_PaymentReady = "Object Repository/RAD_Pages/PaymentReady_Page": null

2024-01-14 16:06:06 - [TEST_STEP][PASSED] - orPath_PaymentEntry = "Object Repository/RAD_Pages/PaymentEntry_Page": null

2024-01-14 16:06:06 - [TEST_STEP][PASSED] - orPath_PaymentConfirmation = "Object Repository/RAD_Pages/PaymentConfirmation_Page": null

2024-01-14 16:06:06 - [TEST_STEP][PASSED] - orPath_ServiceFeesAccept = "Object Repository/RAD_Pages/ServiceFeeAccept_Page": null

2024-01-14 16:06:06 - [TEST_STEP][PASSED] - selectOptionByLabel(findTestObject(orPath_Landing + "/dd_TaxType"), Paymenttype, false): All options with label 'Existing Liability w/Notice Number' are selected in object 'Object Repository/RAD_Pages/Landing_Page/dd_TaxType' 

2024-01-14 16:06:06 - [MESSAGE][PASSED] - All options with label 'Existing Liability w/Notice Number' are selected in object 'Object Repository/RAD_Pages/Landing_Page/dd_TaxType' 

2024-01-14 16:06:06 - [TEST_STEP][PASSED] - delay(1): Delayed 1 second(s)

2024-01-14 16:06:07 - [MESSAGE][PASSED] - Delayed 1 second(s)

2024-01-14 16:06:07 - [TEST_STEP][PASSED] - switch (Paymenttype): null

2024-01-14 16:06:07 - [TEST_STEP][PASSED] - case "Existing Liability w/Notice Number":: null

2024-01-14 16:06:07 - [TEST_STEP][PASSED] - selectOptionByLabel(findTestObject(orPath_TaxTypeFilingYear + "/select_TaxType_ExistingLiability"), Taxtype, false): All options with label 'Sales & Use Tax' are selected in object 'Object Repository/RAD_Pages/TaxTypeFilingYear_Page/select_TaxType_ExistingLiability' 

2024-01-14 16:06:08 - [MESSAGE][PASSED] - All options with label 'Sales & Use Tax' are selected in object 'Object Repository/RAD_Pages/TaxTypeFilingYear_Page/select_TaxType_ExistingLiability' 

2024-01-14 16:06:08 - [TEST_STEP][PASSED] - break: null

2024-01-14 16:06:08 - [TEST_STEP][PASSED] - delay(1): Delayed 1 second(s)

2024-01-14 16:06:09 - [MESSAGE][PASSED] - Delayed 1 second(s)

2024-01-14 16:06:09 - [TEST_STEP][PASSED] - switch (Paymenttype): null

2024-01-14 16:06:09 - [TEST_STEP][PASSED] - case "Existing Liability w/Notice Number":: null

2024-01-14 16:06:09 - [TEST_STEP][PASSED] - setEncryptedText(findTestObject("Object Repository/RAD_RecordAndPlay/input_Existing_FEIN"), "RigbBhfdqOBDK95asqKeHw=="): Text ****** has been set on object 'Object Repository/RAD_RecordAndPlay/input_Existing_FEIN'

2024-01-14 16:06:10 - [MESSAGE][PASSED] - Text ****** has been set on object 'Object Repository/RAD_RecordAndPlay/input_Existing_FEIN'

2024-01-14 16:06:10 - [TEST_STEP][PASSED] - setEncryptedText(findTestObject("Object Repository/RAD_RecordAndPlay/input_Existing_RetypeFEIN"), ""): Text ****** has been set on object 'Object Repository/RAD_RecordAndPlay/input_Existing_RetypeFEIN'

2024-01-14 16:06:10 - [MESSAGE][PASSED] - Text ****** has been set on object 'Object Repository/RAD_RecordAndPlay/input_Existing_RetypeFEIN'

2024-01-14 16:06:10 - [TEST_STEP][PASSED] - break: null

2024-01-14 16:06:10 - [TEST_STEP][PASSED] - verifyTextPresent("Please enter a valid FEIN with 9 digits.", true): Text 'Please enter a valid FEIN with 9 digits.' is present on page  using regular expression

2024-01-14 16:06:11 - [MESSAGE][PASSED] - Text 'Please enter a valid FEIN with 9 digits.' is present on page  using regular expression

2024-01-14 16:06:11 - [TEST_STEP][PASSED] - if (verifyTextPresent("Please enter a valid FEIN with 9 digits.", true)): null

2024-01-14 16:06:11 - [MESSAGE][PASSED] - Text 'Please enter a valid FEIN with 9 digits.' is present on page  using regular expression

2024-01-14 16:06:11 - [TEST_STEP][PASSED] - println("Error Message is present on the page"): null

2024-01-14 16:06:11 - [TEST_STEP][PASSED] - out.println("Pass Record Number: " + row): null

2024-01-14 16:06:11 - [TEST_STEP][PASSED] - resText = "Pass": null

2024-01-14 16:06:11 - [TEST_STEP][PASSED] - pages.WriteExcel.demoKey(resText, datText, resColumn, datCloumn, fileLoc, nameSheet, row): pages.WriteExcel.demoKey is PASSED

2024-01-14 16:06:11 - [MESSAGE][PASSED] - pages.WriteExcel.demoKey is PASSED

2024-01-14 16:06:11 - [TEST_STEP][PASSED] - ExecuteTC = findTestData(dataFile).getValue("Execute", row): null

2024-01-14 16:06:11 - [TEST_STEP][PASSED] - Taxtype = findTestData(dataFile).getValue("TaxType", row): null

2024-01-14 16:06:11 - [TEST_STEP][PASSED] - Paymenttype = findTestData(dataFile).getValue("PaymentType", row): null

2024-01-14 16:06:11 - [TEST_STEP][PASSED] - out.println("Value of Execute is : " + ExecuteTC): null

2024-01-14 16:06:11 - [TEST_STEP][PASSED] - if (ExecuteTC.equalsIgnoreCase("Y")): null

2024-01-14 16:06:11 - [TEST_STEP][PASSED] - out.println("Begin Record Number: " + row): null

2024-01-14 16:06:11 - [TEST_STEP][PASSED] - today = new java.util.Date(): null

2024-01-14 16:06:11 - [TEST_STEP][PASSED] - println(today): null

2024-01-14 16:06:11 - [TEST_STEP][PASSED] - datText = today: null

2024-01-14 16:06:11 - [TEST_STEP][PASSED] - Taxtype = findTestData(dataFile).getValue("TaxType", row): null

2024-01-14 16:06:11 - [TEST_STEP][PASSED] - out.println("Taxtype value is : " + Taxtype): null

2024-01-14 16:06:11 - [TEST_STEP][PASSED] - openBrowser(""): Browser is opened with url: ''

2024-01-14 16:06:11 - [MESSAGE][WARNING] - A browser is already opened. Closing browser and opening a new one

2024-01-14 16:06:12 - [MESSAGE][INFO] - Starting 'Chrome' driver

2024-01-14 16:06:12 - [MESSAGE][INFO] - User set preference: ['acceptInsecureCerts', 'true']

2024-01-14 16:06:12 - [MESSAGE][INFO] - Action delay is set to 0 milliseconds

2024-01-14 16:06:14 - [MESSAGE][PASSED] - Browser is opened with url: ''

2024-01-14 16:06:14 - [TEST_STEP][PASSED] - maximizeWindow(): Current window maximized

2024-01-14 16:06:14 - [MESSAGE][PASSED] - Current window maximized

2024-01-14 16:06:14 - [TEST_STEP][PASSED] - navigateToUrl(RADurl): Navigate to 'https://qa2.velocitypayment.com/client/rad/index.html' successfully

2024-01-14 16:06:16 - [MESSAGE][PASSED] - Navigate to 'https://qa2.velocitypayment.com/client/rad/index.html' successfully

2024-01-14 16:06:16 - [TEST_STEP][PASSED] - orPath_Landing = "Object Repository/RAD_Pages/Landing_Page": null

2024-01-14 16:06:16 - [TEST_STEP][PASSED] - orPath_TaxTypeFilingYear = "Object Repository/RAD_Pages/TaxTypeFilingYear_Page": null

2024-01-14 16:06:16 - [TEST_STEP][PASSED] - orPath_TaxPayer = "Object Repository/RAD_Pages/Taxpayer_Page": null

2024-01-14 16:06:16 - [TEST_STEP][PASSED] - orPath_AddressContact = "Object Repository/RAD_Pages/AddressAndContactInfo_Page": null

2024-01-14 16:06:16 - [TEST_STEP][PASSED] - orPath_FilingStatus = "Object Repository/RAD_Pages/FilingStatus_Page": null

2024-01-14 16:06:16 - [TEST_STEP][PASSED] - orPath_Amount = "Object Repository/RAD_Pages/PaymentAmount_Page": null

2024-01-14 16:06:16 - [TEST_STEP][PASSED] - orPath_TaxInfo = "Object Repository/RAD_Pages/TaxInfo_Page": null

2024-01-14 16:06:16 - [TEST_STEP][PASSED] - orPath_Withholding = "Object Repository/RAD_Pages/Withholding_Page": null

2024-01-14 16:06:16 - [TEST_STEP][PASSED] - orPath_Summary = "Object Repository/RAD_Pages/Summary_Page": null

2024-01-14 16:06:16 - [TEST_STEP][PASSED] - orPath_PaymentReady = "Object Repository/RAD_Pages/PaymentReady_Page": null

2024-01-14 16:06:16 - [TEST_STEP][PASSED] - orPath_PaymentEntry = "Object Repository/RAD_Pages/PaymentEntry_Page": null

2024-01-14 16:06:16 - [TEST_STEP][PASSED] - orPath_PaymentConfirmation = "Object Repository/RAD_Pages/PaymentConfirmation_Page": null

2024-01-14 16:06:16 - [TEST_STEP][PASSED] - orPath_ServiceFeesAccept = "Object Repository/RAD_Pages/ServiceFeeAccept_Page": null

2024-01-14 16:06:16 - [TEST_STEP][PASSED] - selectOptionByLabel(findTestObject(orPath_Landing + "/dd_TaxType"), Paymenttype, false): All options with label 'Existing Liability w/Notice Number' are selected in object 'Object Repository/RAD_Pages/Landing_Page/dd_TaxType' 

2024-01-14 16:06:16 - [MESSAGE][PASSED] - All options with label 'Existing Liability w/Notice Number' are selected in object 'Object Repository/RAD_Pages/Landing_Page/dd_TaxType' 

2024-01-14 16:06:16 - [TEST_STEP][PASSED] - delay(1): Delayed 1 second(s)

2024-01-14 16:06:17 - [MESSAGE][PASSED] - Delayed 1 second(s)

2024-01-14 16:06:17 - [TEST_STEP][PASSED] - switch (Paymenttype): null

2024-01-14 16:06:17 - [TEST_STEP][PASSED] - case "Existing Liability w/Notice Number":: null

2024-01-14 16:06:17 - [TEST_STEP][PASSED] - selectOptionByLabel(findTestObject(orPath_TaxTypeFilingYear + "/select_TaxType_ExistingLiability"), Taxtype, false): All options with label 'Tire Recycling Fee' are selected in object 'Object Repository/RAD_Pages/TaxTypeFilingYear_Page/select_TaxType_ExistingLiability' 

2024-01-14 16:06:18 - [MESSAGE][PASSED] - All options with label 'Tire Recycling Fee' are selected in object 'Object Repository/RAD_Pages/TaxTypeFilingYear_Page/select_TaxType_ExistingLiability' 

2024-01-14 16:06:18 - [TEST_STEP][PASSED] - break: null

2024-01-14 16:06:18 - [TEST_STEP][PASSED] - delay(1): Delayed 1 second(s)

2024-01-14 16:06:19 - [MESSAGE][PASSED] - Delayed 1 second(s)

2024-01-14 16:06:19 - [TEST_STEP][PASSED] - switch (Paymenttype): null

2024-01-14 16:06:19 - [TEST_STEP][PASSED] - case "Existing Liability w/Notice Number":: null

2024-01-14 16:06:19 - [TEST_STEP][PASSED] - setEncryptedText(findTestObject("Object Repository/RAD_RecordAndPlay/input_Existing_FEIN"), "RigbBhfdqOBDK95asqKeHw=="): Text ****** has been set on object 'Object Repository/RAD_RecordAndPlay/input_Existing_FEIN'

2024-01-14 16:06:19 - [MESSAGE][PASSED] - Text ****** has been set on object 'Object Repository/RAD_RecordAndPlay/input_Existing_FEIN'

2024-01-14 16:06:19 - [TEST_STEP][PASSED] - setEncryptedText(findTestObject("Object Repository/RAD_RecordAndPlay/input_Existing_RetypeFEIN"), ""): Text ****** has been set on object 'Object Repository/RAD_RecordAndPlay/input_Existing_RetypeFEIN'

2024-01-14 16:06:20 - [MESSAGE][PASSED] - Text ****** has been set on object 'Object Repository/RAD_RecordAndPlay/input_Existing_RetypeFEIN'

2024-01-14 16:06:20 - [TEST_STEP][PASSED] - break: null

2024-01-14 16:06:20 - [TEST_STEP][PASSED] - verifyTextPresent("Please enter a valid FEIN with 9 digits.", true): Text 'Please enter a valid FEIN with 9 digits.' is present on page  using regular expression

2024-01-14 16:06:21 - [MESSAGE][PASSED] - Text 'Please enter a valid FEIN with 9 digits.' is present on page  using regular expression

2024-01-14 16:06:21 - [TEST_STEP][PASSED] - if (verifyTextPresent("Please enter a valid FEIN with 9 digits.", true)): null

2024-01-14 16:06:21 - [MESSAGE][PASSED] - Text 'Please enter a valid FEIN with 9 digits.' is present on page  using regular expression

2024-01-14 16:06:21 - [TEST_STEP][PASSED] - println("Error Message is present on the page"): null

2024-01-14 16:06:21 - [TEST_STEP][PASSED] - out.println("Pass Record Number: " + row): null

2024-01-14 16:06:21 - [TEST_STEP][PASSED] - resText = "Pass": null

2024-01-14 16:06:21 - [TEST_STEP][PASSED] - pages.WriteExcel.demoKey(resText, datText, resColumn, datCloumn, fileLoc, nameSheet, row): pages.WriteExcel.demoKey is PASSED

2024-01-14 16:06:21 - [MESSAGE][PASSED] - pages.WriteExcel.demoKey is PASSED

2024-01-14 16:06:21 - [TEST_STEP][PASSED] - ExecuteTC = findTestData(dataFile).getValue("Execute", row): null

2024-01-14 16:06:21 - [TEST_STEP][PASSED] - Taxtype = findTestData(dataFile).getValue("TaxType", row): null

2024-01-14 16:06:21 - [TEST_STEP][PASSED] - Paymenttype = findTestData(dataFile).getValue("PaymentType", row): null

2024-01-14 16:06:21 - [TEST_STEP][PASSED] - out.println("Value of Execute is : " + ExecuteTC): null

2024-01-14 16:06:21 - [TEST_STEP][PASSED] - if (ExecuteTC.equalsIgnoreCase("Y")): null

2024-01-14 16:06:21 - [TEST_STEP][PASSED] - out.println("Begin Record Number: " + row): null

2024-01-14 16:06:21 - [TEST_STEP][PASSED] - today = new java.util.Date(): null

2024-01-14 16:06:21 - [TEST_STEP][PASSED] - println(today): null

2024-01-14 16:06:21 - [TEST_STEP][PASSED] - datText = today: null

2024-01-14 16:06:21 - [TEST_STEP][PASSED] - Taxtype = findTestData(dataFile).getValue("TaxType", row): null

2024-01-14 16:06:21 - [TEST_STEP][PASSED] - out.println("Taxtype value is : " + Taxtype): null

2024-01-14 16:06:21 - [TEST_STEP][PASSED] - openBrowser(""): Browser is opened with url: ''

2024-01-14 16:06:21 - [MESSAGE][WARNING] - A browser is already opened. Closing browser and opening a new one

2024-01-14 16:06:22 - [MESSAGE][INFO] - Starting 'Chrome' driver

2024-01-14 16:06:22 - [MESSAGE][INFO] - User set preference: ['acceptInsecureCerts', 'true']

2024-01-14 16:06:22 - [MESSAGE][INFO] - Action delay is set to 0 milliseconds

2024-01-14 16:06:24 - [MESSAGE][PASSED] - Browser is opened with url: ''

2024-01-14 16:06:24 - [TEST_STEP][PASSED] - maximizeWindow(): Current window maximized

2024-01-14 16:06:24 - [MESSAGE][PASSED] - Current window maximized

2024-01-14 16:06:24 - [TEST_STEP][PASSED] - navigateToUrl(RADurl): Navigate to 'https://qa2.velocitypayment.com/client/rad/index.html' successfully

2024-01-14 16:06:25 - [MESSAGE][PASSED] - Navigate to 'https://qa2.velocitypayment.com/client/rad/index.html' successfully

2024-01-14 16:06:25 - [TEST_STEP][PASSED] - orPath_Landing = "Object Repository/RAD_Pages/Landing_Page": null

2024-01-14 16:06:25 - [TEST_STEP][PASSED] - orPath_TaxTypeFilingYear = "Object Repository/RAD_Pages/TaxTypeFilingYear_Page": null

2024-01-14 16:06:25 - [TEST_STEP][PASSED] - orPath_TaxPayer = "Object Repository/RAD_Pages/Taxpayer_Page": null

2024-01-14 16:06:25 - [TEST_STEP][PASSED] - orPath_AddressContact = "Object Repository/RAD_Pages/AddressAndContactInfo_Page": null

2024-01-14 16:06:25 - [TEST_STEP][PASSED] - orPath_FilingStatus = "Object Repository/RAD_Pages/FilingStatus_Page": null

2024-01-14 16:06:25 - [TEST_STEP][PASSED] - orPath_Amount = "Object Repository/RAD_Pages/PaymentAmount_Page": null

2024-01-14 16:06:25 - [TEST_STEP][PASSED] - orPath_TaxInfo = "Object Repository/RAD_Pages/TaxInfo_Page": null

2024-01-14 16:06:25 - [TEST_STEP][PASSED] - orPath_Withholding = "Object Repository/RAD_Pages/Withholding_Page": null

2024-01-14 16:06:25 - [TEST_STEP][PASSED] - orPath_Summary = "Object Repository/RAD_Pages/Summary_Page": null

2024-01-14 16:06:25 - [TEST_STEP][PASSED] - orPath_PaymentReady = "Object Repository/RAD_Pages/PaymentReady_Page": null

2024-01-14 16:06:25 - [TEST_STEP][PASSED] - orPath_PaymentEntry = "Object Repository/RAD_Pages/PaymentEntry_Page": null

2024-01-14 16:06:25 - [TEST_STEP][PASSED] - orPath_PaymentConfirmation = "Object Repository/RAD_Pages/PaymentConfirmation_Page": null

2024-01-14 16:06:25 - [TEST_STEP][PASSED] - orPath_ServiceFeesAccept = "Object Repository/RAD_Pages/ServiceFeeAccept_Page": null

2024-01-14 16:06:25 - [TEST_STEP][PASSED] - selectOptionByLabel(findTestObject(orPath_Landing + "/dd_TaxType"), Paymenttype, false): All options with label 'Existing Liability w/Notice Number' are selected in object 'Object Repository/RAD_Pages/Landing_Page/dd_TaxType' 

2024-01-14 16:06:26 - [MESSAGE][PASSED] - All options with label 'Existing Liability w/Notice Number' are selected in object 'Object Repository/RAD_Pages/Landing_Page/dd_TaxType' 

2024-01-14 16:06:26 - [TEST_STEP][PASSED] - delay(1): Delayed 1 second(s)

2024-01-14 16:06:27 - [MESSAGE][PASSED] - Delayed 1 second(s)

2024-01-14 16:06:27 - [TEST_STEP][PASSED] - switch (Paymenttype): null

2024-01-14 16:06:27 - [TEST_STEP][PASSED] - case "Existing Liability w/Notice Number":: null

2024-01-14 16:06:27 - [TEST_STEP][PASSED] - selectOptionByLabel(findTestObject(orPath_TaxTypeFilingYear + "/select_TaxType_ExistingLiability"), Taxtype, false): All options with label 'Withholding Tax' are selected in object 'Object Repository/RAD_Pages/TaxTypeFilingYear_Page/select_TaxType_ExistingLiability' 

2024-01-14 16:06:28 - [MESSAGE][PASSED] - All options with label 'Withholding Tax' are selected in object 'Object Repository/RAD_Pages/TaxTypeFilingYear_Page/select_TaxType_ExistingLiability' 

2024-01-14 16:06:28 - [TEST_STEP][PASSED] - break: null

2024-01-14 16:06:28 - [TEST_STEP][PASSED] - delay(1): Delayed 1 second(s)

2024-01-14 16:06:29 - [MESSAGE][PASSED] - Delayed 1 second(s)

2024-01-14 16:06:29 - [TEST_STEP][PASSED] - switch (Paymenttype): null

2024-01-14 16:06:29 - [TEST_STEP][PASSED] - case "Existing Liability w/Notice Number":: null

2024-01-14 16:06:29 - [TEST_STEP][PASSED] - setEncryptedText(findTestObject("Object Repository/RAD_RecordAndPlay/input_Existing_FEIN"), "RigbBhfdqOBDK95asqKeHw=="): Text ****** has been set on object 'Object Repository/RAD_RecordAndPlay/input_Existing_FEIN'

2024-01-14 16:06:29 - [MESSAGE][PASSED] - Text ****** has been set on object 'Object Repository/RAD_RecordAndPlay/input_Existing_FEIN'

2024-01-14 16:06:29 - [TEST_STEP][PASSED] - setEncryptedText(findTestObject("Object Repository/RAD_RecordAndPlay/input_Existing_RetypeFEIN"), ""): Text ****** has been set on object 'Object Repository/RAD_RecordAndPlay/input_Existing_RetypeFEIN'

2024-01-14 16:06:30 - [MESSAGE][PASSED] - Text ****** has been set on object 'Object Repository/RAD_RecordAndPlay/input_Existing_RetypeFEIN'

2024-01-14 16:06:30 - [TEST_STEP][PASSED] - break: null

2024-01-14 16:06:30 - [TEST_STEP][PASSED] - verifyTextPresent("Please enter a valid FEIN with 9 digits.", true): Text 'Please enter a valid FEIN with 9 digits.' is present on page  using regular expression

2024-01-14 16:06:30 - [MESSAGE][PASSED] - Text 'Please enter a valid FEIN with 9 digits.' is present on page  using regular expression

2024-01-14 16:06:30 - [TEST_STEP][PASSED] - if (verifyTextPresent("Please enter a valid FEIN with 9 digits.", true)): null

2024-01-14 16:06:31 - [MESSAGE][PASSED] - Text 'Please enter a valid FEIN with 9 digits.' is present on page  using regular expression

2024-01-14 16:06:31 - [TEST_STEP][PASSED] - println("Error Message is present on the page"): null

2024-01-14 16:06:31 - [TEST_STEP][PASSED] - out.println("Pass Record Number: " + row): null

2024-01-14 16:06:31 - [TEST_STEP][PASSED] - resText = "Pass": null

2024-01-14 16:06:31 - [TEST_STEP][PASSED] - pages.WriteExcel.demoKey(resText, datText, resColumn, datCloumn, fileLoc, nameSheet, row): pages.WriteExcel.demoKey is PASSED

2024-01-14 16:06:31 - [MESSAGE][PASSED] - pages.WriteExcel.demoKey is PASSED

2024-01-14 16:06:31 - [TEST_STEP][PASSED] - ExecuteTC = findTestData(dataFile).getValue("Execute", row): null

2024-01-14 16:06:31 - [TEST_STEP][PASSED] - Taxtype = findTestData(dataFile).getValue("TaxType", row): null

2024-01-14 16:06:31 - [TEST_STEP][PASSED] - Paymenttype = findTestData(dataFile).getValue("PaymentType", row): null

2024-01-14 16:06:31 - [TEST_STEP][PASSED] - out.println("Value of Execute is : " + ExecuteTC): null

2024-01-14 16:06:31 - [TEST_STEP][PASSED] - if (ExecuteTC.equalsIgnoreCase("Y")): null

2024-01-14 16:06:31 - [TEST_STEP][PASSED] - out.println("Begin Record Number: " + row): null

2024-01-14 16:06:31 - [TEST_STEP][PASSED] - today = new java.util.Date(): null

2024-01-14 16:06:31 - [TEST_STEP][PASSED] - println(today): null

2024-01-14 16:06:31 - [TEST_STEP][PASSED] - datText = today: null

2024-01-14 16:06:31 - [TEST_STEP][PASSED] - Taxtype = findTestData(dataFile).getValue("TaxType", row): null

2024-01-14 16:06:31 - [TEST_STEP][PASSED] - out.println("Taxtype value is : " + Taxtype): null

2024-01-14 16:06:31 - [TEST_STEP][PASSED] - openBrowser(""): Browser is opened with url: ''

2024-01-14 16:06:31 - [MESSAGE][WARNING] - A browser is already opened. Closing browser and opening a new one

2024-01-14 16:06:32 - [MESSAGE][INFO] - Starting 'Chrome' driver

2024-01-14 16:06:32 - [MESSAGE][INFO] - User set preference: ['acceptInsecureCerts', 'true']

2024-01-14 16:06:32 - [MESSAGE][INFO] - Action delay is set to 0 milliseconds

2024-01-14 16:06:33 - [MESSAGE][PASSED] - Browser is opened with url: ''

2024-01-14 16:06:33 - [TEST_STEP][PASSED] - maximizeWindow(): Current window maximized

2024-01-14 16:06:34 - [MESSAGE][PASSED] - Current window maximized

2024-01-14 16:06:34 - [TEST_STEP][PASSED] - navigateToUrl(RADurl): Navigate to 'https://qa2.velocitypayment.com/client/rad/index.html' successfully

2024-01-14 16:06:35 - [MESSAGE][PASSED] - Navigate to 'https://qa2.velocitypayment.com/client/rad/index.html' successfully

2024-01-14 16:06:35 - [TEST_STEP][PASSED] - orPath_Landing = "Object Repository/RAD_Pages/Landing_Page": null

2024-01-14 16:06:35 - [TEST_STEP][PASSED] - orPath_TaxTypeFilingYear = "Object Repository/RAD_Pages/TaxTypeFilingYear_Page": null

2024-01-14 16:06:35 - [TEST_STEP][PASSED] - orPath_TaxPayer = "Object Repository/RAD_Pages/Taxpayer_Page": null

2024-01-14 16:06:35 - [TEST_STEP][PASSED] - orPath_AddressContact = "Object Repository/RAD_Pages/AddressAndContactInfo_Page": null

2024-01-14 16:06:35 - [TEST_STEP][PASSED] - orPath_FilingStatus = "Object Repository/RAD_Pages/FilingStatus_Page": null

2024-01-14 16:06:35 - [TEST_STEP][PASSED] - orPath_Amount = "Object Repository/RAD_Pages/PaymentAmount_Page": null

2024-01-14 16:06:35 - [TEST_STEP][PASSED] - orPath_TaxInfo = "Object Repository/RAD_Pages/TaxInfo_Page": null

2024-01-14 16:06:35 - [TEST_STEP][PASSED] - orPath_Withholding = "Object Repository/RAD_Pages/Withholding_Page": null

2024-01-14 16:06:35 - [TEST_STEP][PASSED] - orPath_Summary = "Object Repository/RAD_Pages/Summary_Page": null

2024-01-14 16:06:35 - [TEST_STEP][PASSED] - orPath_PaymentReady = "Object Repository/RAD_Pages/PaymentReady_Page": null

2024-01-14 16:06:35 - [TEST_STEP][PASSED] - orPath_PaymentEntry = "Object Repository/RAD_Pages/PaymentEntry_Page": null

2024-01-14 16:06:35 - [TEST_STEP][PASSED] - orPath_PaymentConfirmation = "Object Repository/RAD_Pages/PaymentConfirmation_Page": null

2024-01-14 16:06:35 - [TEST_STEP][PASSED] - orPath_ServiceFeesAccept = "Object Repository/RAD_Pages/ServiceFeeAccept_Page": null

2024-01-14 16:06:35 - [TEST_STEP][PASSED] - selectOptionByLabel(findTestObject(orPath_Landing + "/dd_TaxType"), Paymenttype, false): All options with label 'Existing Liability w/Notice Number' are selected in object 'Object Repository/RAD_Pages/Landing_Page/dd_TaxType' 

2024-01-14 16:06:36 - [MESSAGE][PASSED] - All options with label 'Existing Liability w/Notice Number' are selected in object 'Object Repository/RAD_Pages/Landing_Page/dd_TaxType' 

2024-01-14 16:06:36 - [TEST_STEP][PASSED] - delay(1): Delayed 1 second(s)

2024-01-14 16:06:37 - [MESSAGE][PASSED] - Delayed 1 second(s)

2024-01-14 16:06:37 - [TEST_STEP][PASSED] - switch (Paymenttype): null

2024-01-14 16:06:37 - [TEST_STEP][PASSED] - case "Existing Liability w/Notice Number":: null

2024-01-14 16:06:37 - [TEST_STEP][PASSED] - selectOptionByLabel(findTestObject(orPath_TaxTypeFilingYear + "/select_TaxType_ExistingLiability"), Taxtype, false): All options with label 'Alcohol Tax' are selected in object 'Object Repository/RAD_Pages/TaxTypeFilingYear_Page/select_TaxType_ExistingLiability' 

2024-01-14 16:06:37 - [MESSAGE][PASSED] - All options with label 'Alcohol Tax' are selected in object 'Object Repository/RAD_Pages/TaxTypeFilingYear_Page/select_TaxType_ExistingLiability' 

2024-01-14 16:06:37 - [TEST_STEP][PASSED] - break: null

2024-01-14 16:06:37 - [TEST_STEP][PASSED] - delay(1): Delayed 1 second(s)

2024-01-14 16:06:38 - [MESSAGE][PASSED] - Delayed 1 second(s)

2024-01-14 16:06:38 - [TEST_STEP][PASSED] - switch (Paymenttype): null

2024-01-14 16:06:38 - [TEST_STEP][PASSED] - case "Existing Liability w/Notice Number":: null

2024-01-14 16:06:38 - [TEST_STEP][PASSED] - setEncryptedText(findTestObject("Object Repository/RAD_RecordAndPlay/input_Existing_FEIN"), "RigbBhfdqOBDK95asqKeHw=="): Text ****** has been set on object 'Object Repository/RAD_RecordAndPlay/input_Existing_FEIN'

2024-01-14 16:06:39 - [MESSAGE][PASSED] - Text ****** has been set on object 'Object Repository/RAD_RecordAndPlay/input_Existing_FEIN'

2024-01-14 16:06:39 - [TEST_STEP][PASSED] - setEncryptedText(findTestObject("Object Repository/RAD_RecordAndPlay/input_Existing_RetypeFEIN"), ""): Text ****** has been set on object 'Object Repository/RAD_RecordAndPlay/input_Existing_RetypeFEIN'

2024-01-14 16:06:39 - [MESSAGE][PASSED] - Text ****** has been set on object 'Object Repository/RAD_RecordAndPlay/input_Existing_RetypeFEIN'

2024-01-14 16:06:39 - [TEST_STEP][PASSED] - break: null

2024-01-14 16:06:39 - [TEST_STEP][PASSED] - verifyTextPresent("Please enter a valid FEIN with 9 digits.", true): Text 'Please enter a valid FEIN with 9 digits.' is present on page  using regular expression

2024-01-14 16:06:40 - [MESSAGE][PASSED] - Text 'Please enter a valid FEIN with 9 digits.' is present on page  using regular expression

2024-01-14 16:06:40 - [TEST_STEP][PASSED] - if (verifyTextPresent("Please enter a valid FEIN with 9 digits.", true)): null

2024-01-14 16:06:40 - [MESSAGE][PASSED] - Text 'Please enter a valid FEIN with 9 digits.' is present on page  using regular expression

2024-01-14 16:06:40 - [TEST_STEP][PASSED] - println("Error Message is present on the page"): null

2024-01-14 16:06:40 - [TEST_STEP][PASSED] - out.println("Pass Record Number: " + row): null

2024-01-14 16:06:40 - [TEST_STEP][PASSED] - resText = "Pass": null

2024-01-14 16:06:40 - [TEST_STEP][PASSED] - pages.WriteExcel.demoKey(resText, datText, resColumn, datCloumn, fileLoc, nameSheet, row): pages.WriteExcel.demoKey is PASSED

2024-01-14 16:06:40 - [MESSAGE][PASSED] - pages.WriteExcel.demoKey is PASSED

2024-01-14 16:06:40 - [TEST_STEP][PASSED] - ExecuteTC = findTestData(dataFile).getValue("Execute", row): null

2024-01-14 16:06:41 - [TEST_STEP][PASSED] - Taxtype = findTestData(dataFile).getValue("TaxType", row): null

2024-01-14 16:06:41 - [TEST_STEP][PASSED] - Paymenttype = findTestData(dataFile).getValue("PaymentType", row): null

2024-01-14 16:06:41 - [TEST_STEP][PASSED] - out.println("Value of Execute is : " + ExecuteTC): null

2024-01-14 16:06:41 - [TEST_STEP][PASSED] - if (ExecuteTC.equalsIgnoreCase("Y")): null

2024-01-14 16:06:41 - [TEST_STEP][PASSED] - out.println("Begin Record Number: " + row): null

2024-01-14 16:06:41 - [TEST_STEP][PASSED] - today = new java.util.Date(): null

2024-01-14 16:06:41 - [TEST_STEP][PASSED] - println(today): null

2024-01-14 16:06:41 - [TEST_STEP][PASSED] - datText = today: null

2024-01-14 16:06:41 - [TEST_STEP][PASSED] - Taxtype = findTestData(dataFile).getValue("TaxType", row): null

2024-01-14 16:06:41 - [TEST_STEP][PASSED] - out.println("Taxtype value is : " + Taxtype): null

2024-01-14 16:06:41 - [TEST_STEP][PASSED] - openBrowser(""): Browser is opened with url: ''

2024-01-14 16:06:41 - [MESSAGE][WARNING] - A browser is already opened. Closing browser and opening a new one

2024-01-14 16:06:42 - [MESSAGE][INFO] - Starting 'Chrome' driver

2024-01-14 16:06:42 - [MESSAGE][INFO] - User set preference: ['acceptInsecureCerts', 'true']

2024-01-14 16:06:42 - [MESSAGE][INFO] - Action delay is set to 0 milliseconds

2024-01-14 16:06:43 - [MESSAGE][PASSED] - Browser is opened with url: ''

2024-01-14 16:06:43 - [TEST_STEP][PASSED] - maximizeWindow(): Current window maximized

2024-01-14 16:06:43 - [MESSAGE][PASSED] - Current window maximized

2024-01-14 16:06:43 - [TEST_STEP][PASSED] - navigateToUrl(RADurl): Navigate to 'https://qa2.velocitypayment.com/client/rad/index.html' successfully

2024-01-14 16:06:45 - [MESSAGE][PASSED] - Navigate to 'https://qa2.velocitypayment.com/client/rad/index.html' successfully

2024-01-14 16:06:45 - [TEST_STEP][PASSED] - orPath_Landing = "Object Repository/RAD_Pages/Landing_Page": null

2024-01-14 16:06:45 - [TEST_STEP][PASSED] - orPath_TaxTypeFilingYear = "Object Repository/RAD_Pages/TaxTypeFilingYear_Page": null

2024-01-14 16:06:45 - [TEST_STEP][PASSED] - orPath_TaxPayer = "Object Repository/RAD_Pages/Taxpayer_Page": null

2024-01-14 16:06:45 - [TEST_STEP][PASSED] - orPath_AddressContact = "Object Repository/RAD_Pages/AddressAndContactInfo_Page": null

2024-01-14 16:06:45 - [TEST_STEP][PASSED] - orPath_FilingStatus = "Object Repository/RAD_Pages/FilingStatus_Page": null

2024-01-14 16:06:45 - [TEST_STEP][PASSED] - orPath_Amount = "Object Repository/RAD_Pages/PaymentAmount_Page": null

2024-01-14 16:06:45 - [TEST_STEP][PASSED] - orPath_TaxInfo = "Object Repository/RAD_Pages/TaxInfo_Page": null

2024-01-14 16:06:45 - [TEST_STEP][PASSED] - orPath_Withholding = "Object Repository/RAD_Pages/Withholding_Page": null

2024-01-14 16:06:45 - [TEST_STEP][PASSED] - orPath_Summary = "Object Repository/RAD_Pages/Summary_Page": null

2024-01-14 16:06:45 - [TEST_STEP][PASSED] - orPath_PaymentReady = "Object Repository/RAD_Pages/PaymentReady_Page": null

2024-01-14 16:06:45 - [TEST_STEP][PASSED] - orPath_PaymentEntry = "Object Repository/RAD_Pages/PaymentEntry_Page": null

2024-01-14 16:06:45 - [TEST_STEP][PASSED] - orPath_PaymentConfirmation = "Object Repository/RAD_Pages/PaymentConfirmation_Page": null

2024-01-14 16:06:45 - [TEST_STEP][PASSED] - orPath_ServiceFeesAccept = "Object Repository/RAD_Pages/ServiceFeeAccept_Page": null

2024-01-14 16:06:45 - [TEST_STEP][PASSED] - selectOptionByLabel(findTestObject(orPath_Landing + "/dd_TaxType"), Paymenttype, false): All options with label 'Quarterly Estimated Tax' are selected in object 'Object Repository/RAD_Pages/Landing_Page/dd_TaxType' 

2024-01-14 16:06:45 - [MESSAGE][PASSED] - All options with label 'Quarterly Estimated Tax' are selected in object 'Object Repository/RAD_Pages/Landing_Page/dd_TaxType' 

2024-01-14 16:06:45 - [TEST_STEP][PASSED] - delay(1): Delayed 1 second(s)

2024-01-14 16:06:46 - [MESSAGE][PASSED] - Delayed 1 second(s)

2024-01-14 16:06:46 - [TEST_STEP][PASSED] - switch (Paymenttype): null

2024-01-14 16:06:46 - [TEST_STEP][PASSED] - case "Quarterly Estimated Tax":: null

2024-01-14 16:06:46 - [TEST_STEP][PASSED] - selectOptionByLabel(findTestObject(orPath_TaxTypeFilingYear + "/select_PaymentType"), Taxtype, false): All options with label 'Corporate Income Tax' are selected in object 'Object Repository/RAD_Pages/TaxTypeFilingYear_Page/select_PaymentType' 

2024-01-14 16:06:47 - [MESSAGE][PASSED] - All options with label 'Corporate Income Tax' are selected in object 'Object Repository/RAD_Pages/TaxTypeFilingYear_Page/select_PaymentType' 

2024-01-14 16:06:47 - [TEST_STEP][PASSED] - break: null

2024-01-14 16:06:47 - [TEST_STEP][PASSED] - delay(1): Delayed 1 second(s)

2024-01-14 16:06:48 - [MESSAGE][PASSED] - Delayed 1 second(s)

2024-01-14 16:06:48 - [TEST_STEP][PASSED] - switch (Paymenttype): null

2024-01-14 16:06:48 - [TEST_STEP][PASSED] - case "Quarterly Estimated Tax":: null

2024-01-14 16:06:48 - [TEST_STEP][PASSED] - setEncryptedText(findTestObject(orPath_TaxInfo + "/input_FederalEIN"), "RigbBhfdqOBDK95asqKeHw=="): Text ****** has been set on object 'Object Repository/RAD_Pages/TaxInfo_Page/input_FederalEIN'

2024-01-14 16:06:49 - [MESSAGE][PASSED] - Text ****** has been set on object 'Object Repository/RAD_Pages/TaxInfo_Page/input_FederalEIN'

2024-01-14 16:06:49 - [TEST_STEP][PASSED] - setEncryptedText(findTestObject(orPath_TaxInfo + "/input_FederalEIN_ReEnter"), ""): Text ****** has been set on object 'Object Repository/RAD_Pages/TaxInfo_Page/input_FederalEIN_ReEnter'

2024-01-14 16:06:49 - [MESSAGE][PASSED] - Text ****** has been set on object 'Object Repository/RAD_Pages/TaxInfo_Page/input_FederalEIN_ReEnter'

2024-01-14 16:06:49 - [TEST_STEP][PASSED] - break: null

2024-01-14 16:06:49 - [TEST_STEP][PASSED] - verifyTextPresent("Please enter a valid FEIN with 9 digits.", true): Text 'Please enter a valid FEIN with 9 digits.' is present on page  using regular expression

2024-01-14 16:06:50 - [MESSAGE][PASSED] - Text 'Please enter a valid FEIN with 9 digits.' is present on page  using regular expression

2024-01-14 16:06:50 - [TEST_STEP][PASSED] - if (verifyTextPresent("Please enter a valid FEIN with 9 digits.", true)): null

2024-01-14 16:06:50 - [MESSAGE][PASSED] - Text 'Please enter a valid FEIN with 9 digits.' is present on page  using regular expression

2024-01-14 16:06:50 - [TEST_STEP][PASSED] - println("Error Message is present on the page"): null

2024-01-14 16:06:50 - [TEST_STEP][PASSED] - out.println("Pass Record Number: " + row): null

2024-01-14 16:06:50 - [TEST_STEP][PASSED] - resText = "Pass": null

2024-01-14 16:06:50 - [TEST_STEP][PASSED] - pages.WriteExcel.demoKey(resText, datText, resColumn, datCloumn, fileLoc, nameSheet, row): pages.WriteExcel.demoKey is PASSED

2024-01-14 16:06:50 - [MESSAGE][PASSED] - pages.WriteExcel.demoKey is PASSED

2024-01-14 16:06:50 - [TEST_STEP][PASSED] - ExecuteTC = findTestData(dataFile).getValue("Execute", row): null

2024-01-14 16:06:50 - [TEST_STEP][PASSED] - Taxtype = findTestData(dataFile).getValue("TaxType", row): null

2024-01-14 16:06:50 - [TEST_STEP][PASSED] - Paymenttype = findTestData(dataFile).getValue("PaymentType", row): null

2024-01-14 16:06:50 - [TEST_STEP][PASSED] - out.println("Value of Execute is : " + ExecuteTC): null

2024-01-14 16:06:50 - [TEST_STEP][PASSED] - if (ExecuteTC.equalsIgnoreCase("Y")): null

2024-01-14 16:06:50 - [TEST_STEP][PASSED] - out.println("Begin Record Number: " + row): null

2024-01-14 16:06:50 - [TEST_STEP][PASSED] - today = new java.util.Date(): null

2024-01-14 16:06:50 - [TEST_STEP][PASSED] - println(today): null

2024-01-14 16:06:50 - [TEST_STEP][PASSED] - datText = today: null

2024-01-14 16:06:50 - [TEST_STEP][PASSED] - Taxtype = findTestData(dataFile).getValue("TaxType", row): null

2024-01-14 16:06:50 - [TEST_STEP][PASSED] - out.println("Taxtype value is : " + Taxtype): null

2024-01-14 16:06:50 - [TEST_STEP][PASSED] - openBrowser(""): Browser is opened with url: ''

2024-01-14 16:06:50 - [MESSAGE][WARNING] - A browser is already opened. Closing browser and opening a new one

2024-01-14 16:06:51 - [MESSAGE][INFO] - Starting 'Chrome' driver

2024-01-14 16:06:51 - [MESSAGE][INFO] - User set preference: ['acceptInsecureCerts', 'true']

2024-01-14 16:06:51 - [MESSAGE][INFO] - Action delay is set to 0 milliseconds

2024-01-14 16:06:53 - [MESSAGE][PASSED] - Browser is opened with url: ''

2024-01-14 16:06:53 - [TEST_STEP][PASSED] - maximizeWindow(): Current window maximized

2024-01-14 16:06:53 - [MESSAGE][PASSED] - Current window maximized

2024-01-14 16:06:53 - [TEST_STEP][PASSED] - navigateToUrl(RADurl): Navigate to 'https://qa2.velocitypayment.com/client/rad/index.html' successfully

2024-01-14 16:06:54 - [MESSAGE][PASSED] - Navigate to 'https://qa2.velocitypayment.com/client/rad/index.html' successfully

2024-01-14 16:06:54 - [TEST_STEP][PASSED] - orPath_Landing = "Object Repository/RAD_Pages/Landing_Page": null

2024-01-14 16:06:54 - [TEST_STEP][PASSED] - orPath_TaxTypeFilingYear = "Object Repository/RAD_Pages/TaxTypeFilingYear_Page": null

2024-01-14 16:06:54 - [TEST_STEP][PASSED] - orPath_TaxPayer = "Object Repository/RAD_Pages/Taxpayer_Page": null

2024-01-14 16:06:54 - [TEST_STEP][PASSED] - orPath_AddressContact = "Object Repository/RAD_Pages/AddressAndContactInfo_Page": null

2024-01-14 16:06:54 - [TEST_STEP][PASSED] - orPath_FilingStatus = "Object Repository/RAD_Pages/FilingStatus_Page": null

2024-01-14 16:06:54 - [TEST_STEP][PASSED] - orPath_Amount = "Object Repository/RAD_Pages/PaymentAmount_Page": null

2024-01-14 16:06:54 - [TEST_STEP][PASSED] - orPath_TaxInfo = "Object Repository/RAD_Pages/TaxInfo_Page": null

2024-01-14 16:06:54 - [TEST_STEP][PASSED] - orPath_Withholding = "Object Repository/RAD_Pages/Withholding_Page": null

2024-01-14 16:06:54 - [TEST_STEP][PASSED] - orPath_Summary = "Object Repository/RAD_Pages/Summary_Page": null

2024-01-14 16:06:54 - [TEST_STEP][PASSED] - orPath_PaymentReady = "Object Repository/RAD_Pages/PaymentReady_Page": null

2024-01-14 16:06:54 - [TEST_STEP][PASSED] - orPath_PaymentEntry = "Object Repository/RAD_Pages/PaymentEntry_Page": null

2024-01-14 16:06:54 - [TEST_STEP][PASSED] - orPath_PaymentConfirmation = "Object Repository/RAD_Pages/PaymentConfirmation_Page": null

2024-01-14 16:06:54 - [TEST_STEP][PASSED] - orPath_ServiceFeesAccept = "Object Repository/RAD_Pages/ServiceFeeAccept_Page": null

2024-01-14 16:06:54 - [TEST_STEP][PASSED] - selectOptionByLabel(findTestObject(orPath_Landing + "/dd_TaxType"), Paymenttype, false): All options with label 'Quarterly Estimated Tax' are selected in object 'Object Repository/RAD_Pages/Landing_Page/dd_TaxType' 

2024-01-14 16:06:55 - [MESSAGE][PASSED] - All options with label 'Quarterly Estimated Tax' are selected in object 'Object Repository/RAD_Pages/Landing_Page/dd_TaxType' 

2024-01-14 16:06:55 - [TEST_STEP][PASSED] - delay(1): Delayed 1 second(s)

2024-01-14 16:06:56 - [MESSAGE][PASSED] - Delayed 1 second(s)

2024-01-14 16:06:56 - [TEST_STEP][PASSED] - switch (Paymenttype): null

2024-01-14 16:06:56 - [TEST_STEP][PASSED] - case "Quarterly Estimated Tax":: null

2024-01-14 16:06:56 - [TEST_STEP][PASSED] - selectOptionByLabel(findTestObject(orPath_TaxTypeFilingYear + "/select_PaymentType"), Taxtype, false): All options with label 'Fiduciary Tax' are selected in object 'Object Repository/RAD_Pages/TaxTypeFilingYear_Page/select_PaymentType' 

2024-01-14 16:06:57 - [MESSAGE][PASSED] - All options with label 'Fiduciary Tax' are selected in object 'Object Repository/RAD_Pages/TaxTypeFilingYear_Page/select_PaymentType' 

2024-01-14 16:06:57 - [TEST_STEP][PASSED] - break: null

2024-01-14 16:06:57 - [TEST_STEP][PASSED] - delay(1): Delayed 1 second(s)

2024-01-14 16:06:58 - [MESSAGE][PASSED] - Delayed 1 second(s)

2024-01-14 16:06:58 - [TEST_STEP][PASSED] - switch (Paymenttype): null

2024-01-14 16:06:58 - [TEST_STEP][PASSED] - case "Quarterly Estimated Tax":: null

2024-01-14 16:06:58 - [TEST_STEP][PASSED] - setEncryptedText(findTestObject(orPath_TaxInfo + "/input_FederalEIN"), "RigbBhfdqOBDK95asqKeHw=="): Text ****** has been set on object 'Object Repository/RAD_Pages/TaxInfo_Page/input_FederalEIN'

2024-01-14 16:06:58 - [MESSAGE][PASSED] - Text ****** has been set on object 'Object Repository/RAD_Pages/TaxInfo_Page/input_FederalEIN'

2024-01-14 16:06:58 - [TEST_STEP][PASSED] - setEncryptedText(findTestObject(orPath_TaxInfo + "/input_FederalEIN_ReEnter"), ""): Text ****** has been set on object 'Object Repository/RAD_Pages/TaxInfo_Page/input_FederalEIN_ReEnter'

2024-01-14 16:06:59 - [MESSAGE][PASSED] - Text ****** has been set on object 'Object Repository/RAD_Pages/TaxInfo_Page/input_FederalEIN_ReEnter'

2024-01-14 16:06:59 - [TEST_STEP][PASSED] - break: null

2024-01-14 16:06:59 - [TEST_STEP][PASSED] - verifyTextPresent("Please enter a valid FEIN with 9 digits.", true): Text 'Please enter a valid FEIN with 9 digits.' is present on page  using regular expression

2024-01-14 16:06:59 - [MESSAGE][PASSED] - Text 'Please enter a valid FEIN with 9 digits.' is present on page  using regular expression

2024-01-14 16:06:59 - [TEST_STEP][PASSED] - if (verifyTextPresent("Please enter a valid FEIN with 9 digits.", true)): null

2024-01-14 16:07:00 - [MESSAGE][PASSED] - Text 'Please enter a valid FEIN with 9 digits.' is present on page  using regular expression

2024-01-14 16:07:00 - [TEST_STEP][PASSED] - println("Error Message is present on the page"): null

2024-01-14 16:07:00 - [TEST_STEP][PASSED] - out.println("Pass Record Number: " + row): null

2024-01-14 16:07:00 - [TEST_STEP][PASSED] - resText = "Pass": null

2024-01-14 16:07:00 - [TEST_STEP][PASSED] - pages.WriteExcel.demoKey(resText, datText, resColumn, datCloumn, fileLoc, nameSheet, row): pages.WriteExcel.demoKey is PASSED

2024-01-14 16:07:00 - [MESSAGE][PASSED] - pages.WriteExcel.demoKey is PASSED

2024-01-14 16:07:00 - [TEST_STEP][PASSED] - ExecuteTC = findTestData(dataFile).getValue("Execute", row): null

2024-01-14 16:07:00 - [TEST_STEP][PASSED] - Taxtype = findTestData(dataFile).getValue("TaxType", row): null

2024-01-14 16:07:00 - [TEST_STEP][PASSED] - Paymenttype = findTestData(dataFile).getValue("PaymentType", row): null

2024-01-14 16:07:00 - [TEST_STEP][PASSED] - out.println("Value of Execute is : " + ExecuteTC): null

2024-01-14 16:07:00 - [TEST_STEP][PASSED] - if (ExecuteTC.equalsIgnoreCase("Y")): null

2024-01-14 16:07:00 - [TEST_STEP][PASSED] - ExecuteTC = findTestData(dataFile).getValue("Execute", row): null

2024-01-14 16:07:00 - [TEST_STEP][PASSED] - Taxtype = findTestData(dataFile).getValue("TaxType", row): null

2024-01-14 16:07:00 - [TEST_STEP][PASSED] - Paymenttype = findTestData(dataFile).getValue("PaymentType", row): null

2024-01-14 16:07:00 - [TEST_STEP][PASSED] - out.println("Value of Execute is : " + ExecuteTC): null

2024-01-14 16:07:00 - [TEST_STEP][PASSED] - if (ExecuteTC.equalsIgnoreCase("Y")): null

2024-01-14 16:07:00 - [TEST_STEP][PASSED] - ExecuteTC = findTestData(dataFile).getValue("Execute", row): null

2024-01-14 16:07:00 - [TEST_STEP][PASSED] - Taxtype = findTestData(dataFile).getValue("TaxType", row): null

2024-01-14 16:07:00 - [TEST_STEP][PASSED] - Paymenttype = findTestData(dataFile).getValue("PaymentType", row): null

2024-01-14 16:07:00 - [TEST_STEP][PASSED] - out.println("Value of Execute is : " + ExecuteTC): null

2024-01-14 16:07:00 - [TEST_STEP][PASSED] - if (ExecuteTC.equalsIgnoreCase("Y")): null

2024-01-14 16:07:00 - [TEST_STEP][PASSED] - out.println("Begin Record Number: " + row): null

2024-01-14 16:07:00 - [TEST_STEP][PASSED] - today = new java.util.Date(): null

2024-01-14 16:07:00 - [TEST_STEP][PASSED] - println(today): null

2024-01-14 16:07:00 - [TEST_STEP][PASSED] - datText = today: null

2024-01-14 16:07:00 - [TEST_STEP][PASSED] - Taxtype = findTestData(dataFile).getValue("TaxType", row): null

2024-01-14 16:07:00 - [TEST_STEP][PASSED] - out.println("Taxtype value is : " + Taxtype): null

2024-01-14 16:07:00 - [TEST_STEP][PASSED] - openBrowser(""): Browser is opened with url: ''

2024-01-14 16:07:00 - [MESSAGE][WARNING] - A browser is already opened. Closing browser and opening a new one

2024-01-14 16:07:01 - [MESSAGE][INFO] - Starting 'Chrome' driver

2024-01-14 16:07:01 - [MESSAGE][INFO] - User set preference: ['acceptInsecureCerts', 'true']

2024-01-14 16:07:01 - [MESSAGE][INFO] - Action delay is set to 0 milliseconds

2024-01-14 16:07:03 - [MESSAGE][PASSED] - Browser is opened with url: ''

2024-01-14 16:07:03 - [TEST_STEP][PASSED] - maximizeWindow(): Current window maximized

2024-01-14 16:07:03 - [MESSAGE][PASSED] - Current window maximized

2024-01-14 16:07:03 - [TEST_STEP][PASSED] - navigateToUrl(RADurl): Navigate to 'https://qa2.velocitypayment.com/client/rad/index.html' successfully

2024-01-14 16:07:05 - [MESSAGE][PASSED] - Navigate to 'https://qa2.velocitypayment.com/client/rad/index.html' successfully

2024-01-14 16:07:05 - [TEST_STEP][PASSED] - orPath_Landing = "Object Repository/RAD_Pages/Landing_Page": null

2024-01-14 16:07:05 - [TEST_STEP][PASSED] - orPath_TaxTypeFilingYear = "Object Repository/RAD_Pages/TaxTypeFilingYear_Page": null

2024-01-14 16:07:05 - [TEST_STEP][PASSED] - orPath_TaxPayer = "Object Repository/RAD_Pages/Taxpayer_Page": null

2024-01-14 16:07:05 - [TEST_STEP][PASSED] - orPath_AddressContact = "Object Repository/RAD_Pages/AddressAndContactInfo_Page": null

2024-01-14 16:07:05 - [TEST_STEP][PASSED] - orPath_FilingStatus = "Object Repository/RAD_Pages/FilingStatus_Page": null

2024-01-14 16:07:05 - [TEST_STEP][PASSED] - orPath_Amount = "Object Repository/RAD_Pages/PaymentAmount_Page": null

2024-01-14 16:07:05 - [TEST_STEP][PASSED] - orPath_TaxInfo = "Object Repository/RAD_Pages/TaxInfo_Page": null

2024-01-14 16:07:05 - [TEST_STEP][PASSED] - orPath_Withholding = "Object Repository/RAD_Pages/Withholding_Page": null

2024-01-14 16:07:05 - [TEST_STEP][PASSED] - orPath_Summary = "Object Repository/RAD_Pages/Summary_Page": null

2024-01-14 16:07:05 - [TEST_STEP][PASSED] - orPath_PaymentReady = "Object Repository/RAD_Pages/PaymentReady_Page": null

2024-01-14 16:07:05 - [TEST_STEP][PASSED] - orPath_PaymentEntry = "Object Repository/RAD_Pages/PaymentEntry_Page": null

2024-01-14 16:07:05 - [TEST_STEP][PASSED] - orPath_PaymentConfirmation = "Object Repository/RAD_Pages/PaymentConfirmation_Page": null

2024-01-14 16:07:05 - [TEST_STEP][PASSED] - orPath_ServiceFeesAccept = "Object Repository/RAD_Pages/ServiceFeeAccept_Page": null

2024-01-14 16:07:05 - [TEST_STEP][PASSED] - selectOptionByLabel(findTestObject(orPath_Landing + "/dd_TaxType"), Paymenttype, false): All options with label 'New Tax Return Amount Due' are selected in object 'Object Repository/RAD_Pages/Landing_Page/dd_TaxType' 

2024-01-14 16:07:05 - [MESSAGE][PASSED] - All options with label 'New Tax Return Amount Due' are selected in object 'Object Repository/RAD_Pages/Landing_Page/dd_TaxType' 

2024-01-14 16:07:05 - [TEST_STEP][PASSED] - delay(1): Delayed 1 second(s)

2024-01-14 16:07:06 - [MESSAGE][PASSED] - Delayed 1 second(s)

2024-01-14 16:07:06 - [TEST_STEP][PASSED] - switch (Paymenttype): null

2024-01-14 16:07:06 - [TEST_STEP][PASSED] - case "New Tax Return Amount Due":: null

2024-01-14 16:07:06 - [TEST_STEP][PASSED] - selectOptionByLabel(findTestObject("Object Repository/RAD_Pages/Landing_Page/select_NewTaxReturnAmountDue_TaxType"), Taxtype, false): All options with label 'Fiduciary Tax' are selected in object 'Object Repository/RAD_Pages/Landing_Page/select_NewTaxReturnAmountDue_TaxType' 

2024-01-14 16:07:07 - [MESSAGE][PASSED] - All options with label 'Fiduciary Tax' are selected in object 'Object Repository/RAD_Pages/Landing_Page/select_NewTaxReturnAmountDue_TaxType' 

2024-01-14 16:07:07 - [TEST_STEP][PASSED] - break: null

2024-01-14 16:07:07 - [TEST_STEP][PASSED] - delay(1): Delayed 1 second(s)

2024-01-14 16:07:08 - [MESSAGE][PASSED] - Delayed 1 second(s)

2024-01-14 16:07:08 - [TEST_STEP][PASSED] - switch (Paymenttype): null

2024-01-14 16:07:08 - [TEST_STEP][PASSED] - case "New Tax Return Amount Due":: null

2024-01-14 16:07:08 - [TEST_STEP][PASSED] - setEncryptedText(findTestObject(orPath_TaxInfo + "/input_FederalEIN-2"), "RigbBhfdqOBDK95asqKeHw=="): Text ****** has been set on object 'Object Repository/RAD_Pages/TaxInfo_Page/input_FederalEIN-2'

2024-01-14 16:07:08 - [MESSAGE][PASSED] - Text ****** has been set on object 'Object Repository/RAD_Pages/TaxInfo_Page/input_FederalEIN-2'

2024-01-14 16:07:08 - [TEST_STEP][PASSED] - setEncryptedText(findTestObject(orPath_TaxInfo + "/input_FederalEIN_ReEnter-2"), ""): Text ****** has been set on object 'Object Repository/RAD_Pages/TaxInfo_Page/input_FederalEIN_ReEnter-2'

2024-01-14 16:07:09 - [MESSAGE][PASSED] - Text ****** has been set on object 'Object Repository/RAD_Pages/TaxInfo_Page/input_FederalEIN_ReEnter-2'

2024-01-14 16:07:09 - [TEST_STEP][PASSED] - break: null

2024-01-14 16:07:09 - [TEST_STEP][PASSED] - verifyTextPresent("Please enter a valid FEIN with 9 digits.", true): Text 'Please enter a valid FEIN with 9 digits.' is present on page  using regular expression

2024-01-14 16:07:10 - [MESSAGE][PASSED] - Text 'Please enter a valid FEIN with 9 digits.' is present on page  using regular expression

2024-01-14 16:07:10 - [TEST_STEP][PASSED] - if (verifyTextPresent("Please enter a valid FEIN with 9 digits.", true)): null

2024-01-14 16:07:10 - [MESSAGE][PASSED] - Text 'Please enter a valid FEIN with 9 digits.' is present on page  using regular expression

2024-01-14 16:07:10 - [TEST_STEP][PASSED] - println("Error Message is present on the page"): null

2024-01-14 16:07:10 - [TEST_STEP][PASSED] - out.println("Pass Record Number: " + row): null

2024-01-14 16:07:10 - [TEST_STEP][PASSED] - resText = "Pass": null

2024-01-14 16:07:10 - [TEST_STEP][PASSED] - pages.WriteExcel.demoKey(resText, datText, resColumn, datCloumn, fileLoc, nameSheet, row): pages.WriteExcel.demoKey is PASSED

2024-01-14 16:07:10 - [MESSAGE][PASSED] - pages.WriteExcel.demoKey is PASSED

2024-01-14 16:07:10 - [TEST_STEP][PASSED] - ExecuteTC = findTestData(dataFile).getValue("Execute", row): null

2024-01-14 16:07:10 - [TEST_STEP][PASSED] - Taxtype = findTestData(dataFile).getValue("TaxType", row): null

2024-01-14 16:07:10 - [TEST_STEP][PASSED] - Paymenttype = findTestData(dataFile).getValue("PaymentType", row): null

2024-01-14 16:07:10 - [TEST_STEP][PASSED] - out.println("Value of Execute is : " + ExecuteTC): null

2024-01-14 16:07:10 - [TEST_STEP][PASSED] - if (ExecuteTC.equalsIgnoreCase("Y")): null

2024-01-14 16:07:10 - [TEST_STEP][PASSED] - out.println("Begin Record Number: " + row): null

2024-01-14 16:07:10 - [TEST_STEP][PASSED] - today = new java.util.Date(): null

2024-01-14 16:07:10 - [TEST_STEP][PASSED] - println(today): null

2024-01-14 16:07:10 - [TEST_STEP][PASSED] - datText = today: null

2024-01-14 16:07:10 - [TEST_STEP][PASSED] - Taxtype = findTestData(dataFile).getValue("TaxType", row): null

2024-01-14 16:07:10 - [TEST_STEP][PASSED] - out.println("Taxtype value is : " + Taxtype): null

2024-01-14 16:07:10 - [TEST_STEP][PASSED] - openBrowser(""): Browser is opened with url: ''

2024-01-14 16:07:10 - [MESSAGE][WARNING] - A browser is already opened. Closing browser and opening a new one

2024-01-14 16:07:11 - [MESSAGE][INFO] - Starting 'Chrome' driver

2024-01-14 16:07:11 - [MESSAGE][INFO] - User set preference: ['acceptInsecureCerts', 'true']

2024-01-14 16:07:11 - [MESSAGE][INFO] - Action delay is set to 0 milliseconds

2024-01-14 16:07:13 - [MESSAGE][PASSED] - Browser is opened with url: ''

2024-01-14 16:07:13 - [TEST_STEP][PASSED] - maximizeWindow(): Current window maximized

2024-01-14 16:07:13 - [MESSAGE][PASSED] - Current window maximized

2024-01-14 16:07:13 - [TEST_STEP][PASSED] - navigateToUrl(RADurl): Navigate to 'https://qa2.velocitypayment.com/client/rad/index.html' successfully

2024-01-14 16:07:13 - [MESSAGE][PASSED] - Navigate to 'https://qa2.velocitypayment.com/client/rad/index.html' successfully

2024-01-14 16:07:13 - [TEST_STEP][PASSED] - orPath_Landing = "Object Repository/RAD_Pages/Landing_Page": null

2024-01-14 16:07:13 - [TEST_STEP][PASSED] - orPath_TaxTypeFilingYear = "Object Repository/RAD_Pages/TaxTypeFilingYear_Page": null

2024-01-14 16:07:13 - [TEST_STEP][PASSED] - orPath_TaxPayer = "Object Repository/RAD_Pages/Taxpayer_Page": null

2024-01-14 16:07:13 - [TEST_STEP][PASSED] - orPath_AddressContact = "Object Repository/RAD_Pages/AddressAndContactInfo_Page": null

2024-01-14 16:07:13 - [TEST_STEP][PASSED] - orPath_FilingStatus = "Object Repository/RAD_Pages/FilingStatus_Page": null

2024-01-14 16:07:13 - [TEST_STEP][PASSED] - orPath_Amount = "Object Repository/RAD_Pages/PaymentAmount_Page": null

2024-01-14 16:07:13 - [TEST_STEP][PASSED] - orPath_TaxInfo = "Object Repository/RAD_Pages/TaxInfo_Page": null

2024-01-14 16:07:13 - [TEST_STEP][PASSED] - orPath_Withholding = "Object Repository/RAD_Pages/Withholding_Page": null

2024-01-14 16:07:13 - [TEST_STEP][PASSED] - orPath_Summary = "Object Repository/RAD_Pages/Summary_Page": null

2024-01-14 16:07:13 - [TEST_STEP][PASSED] - orPath_PaymentReady = "Object Repository/RAD_Pages/PaymentReady_Page": null

2024-01-14 16:07:13 - [TEST_STEP][PASSED] - orPath_PaymentEntry = "Object Repository/RAD_Pages/PaymentEntry_Page": null

2024-01-14 16:07:13 - [TEST_STEP][PASSED] - orPath_PaymentConfirmation = "Object Repository/RAD_Pages/PaymentConfirmation_Page": null

2024-01-14 16:07:13 - [TEST_STEP][PASSED] - orPath_ServiceFeesAccept = "Object Repository/RAD_Pages/ServiceFeeAccept_Page": null

2024-01-14 16:07:13 - [TEST_STEP][PASSED] - selectOptionByLabel(findTestObject(orPath_Landing + "/dd_TaxType"), Paymenttype, false): All options with label 'Existing Liability w/Notice Number' are selected in object 'Object Repository/RAD_Pages/Landing_Page/dd_TaxType' 

2024-01-14 16:07:15 - [MESSAGE][PASSED] - All options with label 'Existing Liability w/Notice Number' are selected in object 'Object Repository/RAD_Pages/Landing_Page/dd_TaxType' 

2024-01-14 16:07:15 - [TEST_STEP][PASSED] - delay(1): Delayed 1 second(s)

2024-01-14 16:07:16 - [MESSAGE][PASSED] - Delayed 1 second(s)

2024-01-14 16:07:16 - [TEST_STEP][PASSED] - switch (Paymenttype): null

2024-01-14 16:07:16 - [TEST_STEP][PASSED] - case "Existing Liability w/Notice Number":: null

2024-01-14 16:07:16 - [TEST_STEP][PASSED] - selectOptionByLabel(findTestObject(orPath_TaxTypeFilingYear + "/select_TaxType_ExistingLiability"), Taxtype, false): All options with label 'Admissions and Amusement Tax' are selected in object 'Object Repository/RAD_Pages/TaxTypeFilingYear_Page/select_TaxType_ExistingLiability' 

2024-01-14 16:07:16 - [MESSAGE][PASSED] - All options with label 'Admissions and Amusement Tax' are selected in object 'Object Repository/RAD_Pages/TaxTypeFilingYear_Page/select_TaxType_ExistingLiability' 

2024-01-14 16:07:16 - [TEST_STEP][PASSED] - break: null

2024-01-14 16:07:16 - [TEST_STEP][PASSED] - delay(1): Delayed 1 second(s)

2024-01-14 16:07:17 - [MESSAGE][PASSED] - Delayed 1 second(s)

2024-01-14 16:07:17 - [TEST_STEP][PASSED] - switch (Paymenttype): null

2024-01-14 16:07:17 - [TEST_STEP][PASSED] - case "Existing Liability w/Notice Number":: null

2024-01-14 16:07:17 - [TEST_STEP][PASSED] - setEncryptedText(findTestObject("Object Repository/RAD_RecordAndPlay/input_Existing_FEIN"), "RigbBhfdqOBDK95asqKeHw=="): Text ****** has been set on object 'Object Repository/RAD_RecordAndPlay/input_Existing_FEIN'

2024-01-14 16:07:18 - [MESSAGE][PASSED] - Text ****** has been set on object 'Object Repository/RAD_RecordAndPlay/input_Existing_FEIN'

2024-01-14 16:07:18 - [TEST_STEP][PASSED] - setEncryptedText(findTestObject("Object Repository/RAD_RecordAndPlay/input_Existing_RetypeFEIN"), ""): Text ****** has been set on object 'Object Repository/RAD_RecordAndPlay/input_Existing_RetypeFEIN'

2024-01-14 16:07:19 - [MESSAGE][PASSED] - Text ****** has been set on object 'Object Repository/RAD_RecordAndPlay/input_Existing_RetypeFEIN'

2024-01-14 16:07:19 - [TEST_STEP][PASSED] - break: null

2024-01-14 16:07:19 - [TEST_STEP][PASSED] - verifyTextPresent("Please enter a valid FEIN with 9 digits.", true): Text 'Please enter a valid FEIN with 9 digits.' is present on page  using regular expression

2024-01-14 16:07:19 - [MESSAGE][PASSED] - Text 'Please enter a valid FEIN with 9 digits.' is present on page  using regular expression

2024-01-14 16:07:19 - [TEST_STEP][PASSED] - if (verifyTextPresent("Please enter a valid FEIN with 9 digits.", true)): null

2024-01-14 16:07:20 - [MESSAGE][PASSED] - Text 'Please enter a valid FEIN with 9 digits.' is present on page  using regular expression

2024-01-14 16:07:20 - [TEST_STEP][PASSED] - println("Error Message is present on the page"): null

2024-01-14 16:07:20 - [TEST_STEP][PASSED] - out.println("Pass Record Number: " + row): null

2024-01-14 16:07:20 - [TEST_STEP][PASSED] - resText = "Pass": null

2024-01-14 16:07:20 - [TEST_STEP][PASSED] - pages.WriteExcel.demoKey(resText, datText, resColumn, datCloumn, fileLoc, nameSheet, row): pages.WriteExcel.demoKey is PASSED

2024-01-14 16:07:20 - [MESSAGE][PASSED] - pages.WriteExcel.demoKey is PASSED

2024-01-14 16:07:20 - [TEST_STEP][PASSED] - ExecuteTC = findTestData(dataFile).getValue("Execute", row): null

2024-01-14 16:07:20 - [TEST_STEP][PASSED] - Taxtype = findTestData(dataFile).getValue("TaxType", row): null

2024-01-14 16:07:20 - [TEST_STEP][PASSED] - Paymenttype = findTestData(dataFile).getValue("PaymentType", row): null

2024-01-14 16:07:20 - [TEST_STEP][PASSED] - out.println("Value of Execute is : " + ExecuteTC): null

2024-01-14 16:07:20 - [TEST_STEP][PASSED] - if (ExecuteTC.equalsIgnoreCase("Y")): null

2024-01-14 16:07:20 - [TEST_STEP][PASSED] - out.println("Begin Record Number: " + row): null

2024-01-14 16:07:20 - [TEST_STEP][PASSED] - today = new java.util.Date(): null

2024-01-14 16:07:20 - [TEST_STEP][PASSED] - println(today): null

2024-01-14 16:07:20 - [TEST_STEP][PASSED] - datText = today: null

2024-01-14 16:07:20 - [TEST_STEP][PASSED] - Taxtype = findTestData(dataFile).getValue("TaxType", row): null

2024-01-14 16:07:20 - [TEST_STEP][PASSED] - out.println("Taxtype value is : " + Taxtype): null

2024-01-14 16:07:20 - [TEST_STEP][PASSED] - openBrowser(""): Browser is opened with url: ''

2024-01-14 16:07:20 - [MESSAGE][WARNING] - A browser is already opened. Closing browser and opening a new one

2024-01-14 16:07:21 - [MESSAGE][INFO] - Starting 'Chrome' driver

2024-01-14 16:07:21 - [MESSAGE][INFO] - User set preference: ['acceptInsecureCerts', 'true']

2024-01-14 16:07:21 - [MESSAGE][INFO] - Action delay is set to 0 milliseconds

2024-01-14 16:07:22 - [MESSAGE][PASSED] - Browser is opened with url: ''

2024-01-14 16:07:22 - [TEST_STEP][PASSED] - maximizeWindow(): Current window maximized

2024-01-14 16:07:22 - [MESSAGE][PASSED] - Current window maximized

2024-01-14 16:07:22 - [TEST_STEP][PASSED] - navigateToUrl(RADurl): Navigate to 'https://qa2.velocitypayment.com/client/rad/index.html' successfully

2024-01-14 16:07:23 - [MESSAGE][PASSED] - Navigate to 'https://qa2.velocitypayment.com/client/rad/index.html' successfully

2024-01-14 16:07:23 - [TEST_STEP][PASSED] - orPath_Landing = "Object Repository/RAD_Pages/Landing_Page": null

2024-01-14 16:07:23 - [TEST_STEP][PASSED] - orPath_TaxTypeFilingYear = "Object Repository/RAD_Pages/TaxTypeFilingYear_Page": null

2024-01-14 16:07:23 - [TEST_STEP][PASSED] - orPath_TaxPayer = "Object Repository/RAD_Pages/Taxpayer_Page": null

2024-01-14 16:07:23 - [TEST_STEP][PASSED] - orPath_AddressContact = "Object Repository/RAD_Pages/AddressAndContactInfo_Page": null

2024-01-14 16:07:23 - [TEST_STEP][PASSED] - orPath_FilingStatus = "Object Repository/RAD_Pages/FilingStatus_Page": null

2024-01-14 16:07:23 - [TEST_STEP][PASSED] - orPath_Amount = "Object Repository/RAD_Pages/PaymentAmount_Page": null

2024-01-14 16:07:23 - [TEST_STEP][PASSED] - orPath_TaxInfo = "Object Repository/RAD_Pages/TaxInfo_Page": null

2024-01-14 16:07:23 - [TEST_STEP][PASSED] - orPath_Withholding = "Object Repository/RAD_Pages/Withholding_Page": null

2024-01-14 16:07:23 - [TEST_STEP][PASSED] - orPath_Summary = "Object Repository/RAD_Pages/Summary_Page": null

2024-01-14 16:07:23 - [TEST_STEP][PASSED] - orPath_PaymentReady = "Object Repository/RAD_Pages/PaymentReady_Page": null

2024-01-14 16:07:23 - [TEST_STEP][PASSED] - orPath_PaymentEntry = "Object Repository/RAD_Pages/PaymentEntry_Page": null

2024-01-14 16:07:23 - [TEST_STEP][PASSED] - orPath_PaymentConfirmation = "Object Repository/RAD_Pages/PaymentConfirmation_Page": null

2024-01-14 16:07:23 - [TEST_STEP][PASSED] - orPath_ServiceFeesAccept = "Object Repository/RAD_Pages/ServiceFeeAccept_Page": null

2024-01-14 16:07:23 - [TEST_STEP][PASSED] - selectOptionByLabel(findTestObject(orPath_Landing + "/dd_TaxType"), Paymenttype, false): All options with label 'Existing Liability w/Notice Number' are selected in object 'Object Repository/RAD_Pages/Landing_Page/dd_TaxType' 

2024-01-14 16:07:25 - [MESSAGE][PASSED] - All options with label 'Existing Liability w/Notice Number' are selected in object 'Object Repository/RAD_Pages/Landing_Page/dd_TaxType' 

2024-01-14 16:07:25 - [TEST_STEP][PASSED] - delay(1): Delayed 1 second(s)

2024-01-14 16:07:26 - [MESSAGE][PASSED] - Delayed 1 second(s)

2024-01-14 16:07:26 - [TEST_STEP][PASSED] - switch (Paymenttype): null

2024-01-14 16:07:26 - [TEST_STEP][PASSED] - case "Existing Liability w/Notice Number":: null

2024-01-14 16:07:26 - [TEST_STEP][PASSED] - selectOptionByLabel(findTestObject(orPath_TaxTypeFilingYear + "/select_TaxType_ExistingLiability"), Taxtype, false): All options with label 'Motor Fuel Tax' are selected in object 'Object Repository/RAD_Pages/TaxTypeFilingYear_Page/select_TaxType_ExistingLiability' 

2024-01-14 16:07:26 - [MESSAGE][PASSED] - All options with label 'Motor Fuel Tax' are selected in object 'Object Repository/RAD_Pages/TaxTypeFilingYear_Page/select_TaxType_ExistingLiability' 

2024-01-14 16:07:26 - [TEST_STEP][PASSED] - break: null

2024-01-14 16:07:26 - [TEST_STEP][PASSED] - delay(1): Delayed 1 second(s)

2024-01-14 16:07:27 - [MESSAGE][PASSED] - Delayed 1 second(s)

2024-01-14 16:07:27 - [TEST_STEP][PASSED] - switch (Paymenttype): null

2024-01-14 16:07:27 - [TEST_STEP][PASSED] - case "Existing Liability w/Notice Number":: null

2024-01-14 16:07:27 - [TEST_STEP][PASSED] - setEncryptedText(findTestObject("Object Repository/RAD_RecordAndPlay/input_Existing_FEIN"), "RigbBhfdqOBDK95asqKeHw=="): Text ****** has been set on object 'Object Repository/RAD_RecordAndPlay/input_Existing_FEIN'

2024-01-14 16:07:28 - [MESSAGE][PASSED] - Text ****** has been set on object 'Object Repository/RAD_RecordAndPlay/input_Existing_FEIN'

2024-01-14 16:07:28 - [TEST_STEP][PASSED] - setEncryptedText(findTestObject("Object Repository/RAD_RecordAndPlay/input_Existing_RetypeFEIN"), ""): Text ****** has been set on object 'Object Repository/RAD_RecordAndPlay/input_Existing_RetypeFEIN'

2024-01-14 16:07:28 - [MESSAGE][PASSED] - Text ****** has been set on object 'Object Repository/RAD_RecordAndPlay/input_Existing_RetypeFEIN'

2024-01-14 16:07:28 - [TEST_STEP][PASSED] - break: null

2024-01-14 16:07:28 - [TEST_STEP][PASSED] - verifyTextPresent("Please enter a valid FEIN with 9 digits.", true): Text 'Please enter a valid FEIN with 9 digits.' is present on page  using regular expression

2024-01-14 16:07:29 - [MESSAGE][PASSED] - Text 'Please enter a valid FEIN with 9 digits.' is present on page  using regular expression

2024-01-14 16:07:29 - [TEST_STEP][PASSED] - if (verifyTextPresent("Please enter a valid FEIN with 9 digits.", true)): null

2024-01-14 16:07:29 - [MESSAGE][PASSED] - Text 'Please enter a valid FEIN with 9 digits.' is present on page  using regular expression

2024-01-14 16:07:29 - [TEST_STEP][PASSED] - println("Error Message is present on the page"): null

2024-01-14 16:07:29 - [TEST_STEP][PASSED] - out.println("Pass Record Number: " + row): null

2024-01-14 16:07:29 - [TEST_STEP][PASSED] - resText = "Pass": null

2024-01-14 16:07:29 - [TEST_STEP][PASSED] - pages.WriteExcel.demoKey(resText, datText, resColumn, datCloumn, fileLoc, nameSheet, row): pages.WriteExcel.demoKey is PASSED

2024-01-14 16:07:29 - [MESSAGE][PASSED] - pages.WriteExcel.demoKey is PASSED

2024-01-14 16:07:29 - [TEST_STEP][PASSED] - ExecuteTC = findTestData(dataFile).getValue("Execute", row): null

2024-01-14 16:07:29 - [TEST_STEP][PASSED] - Taxtype = findTestData(dataFile).getValue("TaxType", row): null

2024-01-14 16:07:29 - [TEST_STEP][PASSED] - Paymenttype = findTestData(dataFile).getValue("PaymentType", row): null

2024-01-14 16:07:29 - [TEST_STEP][PASSED] - out.println("Value of Execute is : " + ExecuteTC): null

2024-01-14 16:07:29 - [TEST_STEP][PASSED] - if (ExecuteTC.equalsIgnoreCase("Y")): null

2024-01-14 16:07:29 - [TEST_STEP][PASSED] - out.println("Begin Record Number: " + row): null

2024-01-14 16:07:29 - [TEST_STEP][PASSED] - today = new java.util.Date(): null

2024-01-14 16:07:29 - [TEST_STEP][PASSED] - println(today): null

2024-01-14 16:07:29 - [TEST_STEP][PASSED] - datText = today: null

2024-01-14 16:07:29 - [TEST_STEP][PASSED] - Taxtype = findTestData(dataFile).getValue("TaxType", row): null

2024-01-14 16:07:30 - [TEST_STEP][PASSED] - out.println("Taxtype value is : " + Taxtype): null

2024-01-14 16:07:30 - [TEST_STEP][PASSED] - openBrowser(""): Browser is opened with url: ''

2024-01-14 16:07:30 - [MESSAGE][WARNING] - A browser is already opened. Closing browser and opening a new one

2024-01-14 16:07:31 - [MESSAGE][INFO] - Starting 'Chrome' driver

2024-01-14 16:07:31 - [MESSAGE][INFO] - User set preference: ['acceptInsecureCerts', 'true']

2024-01-14 16:07:31 - [MESSAGE][INFO] - Action delay is set to 0 milliseconds

2024-01-14 16:07:32 - [MESSAGE][PASSED] - Browser is opened with url: ''

2024-01-14 16:07:32 - [TEST_STEP][PASSED] - maximizeWindow(): Current window maximized

2024-01-14 16:07:32 - [MESSAGE][PASSED] - Current window maximized

2024-01-14 16:07:32 - [TEST_STEP][PASSED] - navigateToUrl(RADurl): Navigate to 'https://qa2.velocitypayment.com/client/rad/index.html' successfully

2024-01-14 16:07:34 - [MESSAGE][PASSED] - Navigate to 'https://qa2.velocitypayment.com/client/rad/index.html' successfully

2024-01-14 16:07:34 - [TEST_STEP][PASSED] - orPath_Landing = "Object Repository/RAD_Pages/Landing_Page": null

2024-01-14 16:07:34 - [TEST_STEP][PASSED] - orPath_TaxTypeFilingYear = "Object Repository/RAD_Pages/TaxTypeFilingYear_Page": null

2024-01-14 16:07:34 - [TEST_STEP][PASSED] - orPath_TaxPayer = "Object Repository/RAD_Pages/Taxpayer_Page": null

2024-01-14 16:07:34 - [TEST_STEP][PASSED] - orPath_AddressContact = "Object Repository/RAD_Pages/AddressAndContactInfo_Page": null

2024-01-14 16:07:34 - [TEST_STEP][PASSED] - orPath_FilingStatus = "Object Repository/RAD_Pages/FilingStatus_Page": null

2024-01-14 16:07:34 - [TEST_STEP][PASSED] - orPath_Amount = "Object Repository/RAD_Pages/PaymentAmount_Page": null

2024-01-14 16:07:34 - [TEST_STEP][PASSED] - orPath_TaxInfo = "Object Repository/RAD_Pages/TaxInfo_Page": null

2024-01-14 16:07:34 - [TEST_STEP][PASSED] - orPath_Withholding = "Object Repository/RAD_Pages/Withholding_Page": null

2024-01-14 16:07:34 - [TEST_STEP][PASSED] - orPath_Summary = "Object Repository/RAD_Pages/Summary_Page": null

2024-01-14 16:07:34 - [TEST_STEP][PASSED] - orPath_PaymentReady = "Object Repository/RAD_Pages/PaymentReady_Page": null

2024-01-14 16:07:34 - [TEST_STEP][PASSED] - orPath_PaymentEntry = "Object Repository/RAD_Pages/PaymentEntry_Page": null

2024-01-14 16:07:34 - [TEST_STEP][PASSED] - orPath_PaymentConfirmation = "Object Repository/RAD_Pages/PaymentConfirmation_Page": null

2024-01-14 16:07:34 - [TEST_STEP][PASSED] - orPath_ServiceFeesAccept = "Object Repository/RAD_Pages/ServiceFeeAccept_Page": null

2024-01-14 16:07:34 - [TEST_STEP][PASSED] - selectOptionByLabel(findTestObject(orPath_Landing + "/dd_TaxType"), Paymenttype, false): All options with label 'Existing Liability w/Notice Number' are selected in object 'Object Repository/RAD_Pages/Landing_Page/dd_TaxType' 

2024-01-14 16:07:34 - [MESSAGE][PASSED] - All options with label 'Existing Liability w/Notice Number' are selected in object 'Object Repository/RAD_Pages/Landing_Page/dd_TaxType' 

2024-01-14 16:07:34 - [TEST_STEP][PASSED] - delay(1): Delayed 1 second(s)

2024-01-14 16:07:35 - [MESSAGE][PASSED] - Delayed 1 second(s)

2024-01-14 16:07:35 - [TEST_STEP][PASSED] - switch (Paymenttype): null

2024-01-14 16:07:35 - [TEST_STEP][PASSED] - case "Existing Liability w/Notice Number":: null

2024-01-14 16:07:35 - [TEST_STEP][PASSED] - selectOptionByLabel(findTestObject(orPath_TaxTypeFilingYear + "/select_TaxType_ExistingLiability"), Taxtype, false): All options with label 'Slots License Fee' are selected in object 'Object Repository/RAD_Pages/TaxTypeFilingYear_Page/select_TaxType_ExistingLiability' 

2024-01-14 16:07:36 - [MESSAGE][PASSED] - All options with label 'Slots License Fee' are selected in object 'Object Repository/RAD_Pages/TaxTypeFilingYear_Page/select_TaxType_ExistingLiability' 

2024-01-14 16:07:36 - [TEST_STEP][PASSED] - break: null

2024-01-14 16:07:36 - [TEST_STEP][PASSED] - delay(1): Delayed 1 second(s)

2024-01-14 16:07:37 - [MESSAGE][PASSED] - Delayed 1 second(s)

2024-01-14 16:07:37 - [TEST_STEP][PASSED] - switch (Paymenttype): null

2024-01-14 16:07:37 - [TEST_STEP][PASSED] - case "Existing Liability w/Notice Number":: null

2024-01-14 16:07:37 - [TEST_STEP][PASSED] - setEncryptedText(findTestObject("Object Repository/RAD_RecordAndPlay/input_Existing_FEIN"), "RigbBhfdqOBDK95asqKeHw=="): Text ****** has been set on object 'Object Repository/RAD_RecordAndPlay/input_Existing_FEIN'

2024-01-14 16:07:38 - [MESSAGE][PASSED] - Text ****** has been set on object 'Object Repository/RAD_RecordAndPlay/input_Existing_FEIN'

2024-01-14 16:07:38 - [TEST_STEP][PASSED] - setEncryptedText(findTestObject("Object Repository/RAD_RecordAndPlay/input_Existing_RetypeFEIN"), ""): Text ****** has been set on object 'Object Repository/RAD_RecordAndPlay/input_Existing_RetypeFEIN'

2024-01-14 16:07:38 - [MESSAGE][PASSED] - Text ****** has been set on object 'Object Repository/RAD_RecordAndPlay/input_Existing_RetypeFEIN'

2024-01-14 16:07:38 - [TEST_STEP][PASSED] - break: null

2024-01-14 16:07:38 - [TEST_STEP][PASSED] - verifyTextPresent("Please enter a valid FEIN with 9 digits.", true): Text 'Please enter a valid FEIN with 9 digits.' is present on page  using regular expression

2024-01-14 16:07:39 - [MESSAGE][PASSED] - Text 'Please enter a valid FEIN with 9 digits.' is present on page  using regular expression

2024-01-14 16:07:39 - [TEST_STEP][PASSED] - if (verifyTextPresent("Please enter a valid FEIN with 9 digits.", true)): null

2024-01-14 16:07:39 - [MESSAGE][PASSED] - Text 'Please enter a valid FEIN with 9 digits.' is present on page  using regular expression

2024-01-14 16:07:39 - [TEST_STEP][PASSED] - println("Error Message is present on the page"): null

2024-01-14 16:07:39 - [TEST_STEP][PASSED] - out.println("Pass Record Number: " + row): null

2024-01-14 16:07:39 - [TEST_STEP][PASSED] - resText = "Pass": null

2024-01-14 16:07:39 - [TEST_STEP][PASSED] - pages.WriteExcel.demoKey(resText, datText, resColumn, datCloumn, fileLoc, nameSheet, row): pages.WriteExcel.demoKey is PASSED

2024-01-14 16:07:39 - [MESSAGE][PASSED] - pages.WriteExcel.demoKey is PASSED

2024-01-14 16:07:39 - [TEST_STEP][PASSED] - ExecuteTC = findTestData(dataFile).getValue("Execute", row): null

2024-01-14 16:07:39 - [TEST_STEP][PASSED] - Taxtype = findTestData(dataFile).getValue("TaxType", row): null

2024-01-14 16:07:39 - [TEST_STEP][PASSED] - Paymenttype = findTestData(dataFile).getValue("PaymentType", row): null

2024-01-14 16:07:39 - [TEST_STEP][PASSED] - out.println("Value of Execute is : " + ExecuteTC): null

2024-01-14 16:07:39 - [TEST_STEP][PASSED] - if (ExecuteTC.equalsIgnoreCase("Y")): null

2024-01-14 16:07:39 - [TEST_STEP][PASSED] - out.println("Begin Record Number: " + row): null

2024-01-14 16:07:39 - [TEST_STEP][PASSED] - today = new java.util.Date(): null

2024-01-14 16:07:39 - [TEST_STEP][PASSED] - println(today): null

2024-01-14 16:07:39 - [TEST_STEP][PASSED] - datText = today: null

2024-01-14 16:07:39 - [TEST_STEP][PASSED] - Taxtype = findTestData(dataFile).getValue("TaxType", row): null

2024-01-14 16:07:39 - [TEST_STEP][PASSED] - out.println("Taxtype value is : " + Taxtype): null

2024-01-14 16:07:39 - [TEST_STEP][PASSED] - openBrowser(""): Browser is opened with url: ''

2024-01-14 16:07:39 - [MESSAGE][WARNING] - A browser is already opened. Closing browser and opening a new one

2024-01-14 16:07:40 - [MESSAGE][INFO] - Starting 'Chrome' driver

2024-01-14 16:07:40 - [MESSAGE][INFO] - User set preference: ['acceptInsecureCerts', 'true']

2024-01-14 16:07:40 - [MESSAGE][INFO] - Action delay is set to 0 milliseconds

2024-01-14 16:07:42 - [MESSAGE][PASSED] - Browser is opened with url: ''

2024-01-14 16:07:42 - [TEST_STEP][PASSED] - maximizeWindow(): Current window maximized

2024-01-14 16:07:42 - [MESSAGE][PASSED] - Current window maximized

2024-01-14 16:07:42 - [TEST_STEP][PASSED] - navigateToUrl(RADurl): Navigate to 'https://qa2.velocitypayment.com/client/rad/index.html' successfully

2024-01-14 16:07:43 - [MESSAGE][PASSED] - Navigate to 'https://qa2.velocitypayment.com/client/rad/index.html' successfully

2024-01-14 16:07:43 - [TEST_STEP][PASSED] - orPath_Landing = "Object Repository/RAD_Pages/Landing_Page": null

2024-01-14 16:07:43 - [TEST_STEP][PASSED] - orPath_TaxTypeFilingYear = "Object Repository/RAD_Pages/TaxTypeFilingYear_Page": null

2024-01-14 16:07:43 - [TEST_STEP][PASSED] - orPath_TaxPayer = "Object Repository/RAD_Pages/Taxpayer_Page": null

2024-01-14 16:07:43 - [TEST_STEP][PASSED] - orPath_AddressContact = "Object Repository/RAD_Pages/AddressAndContactInfo_Page": null

2024-01-14 16:07:43 - [TEST_STEP][PASSED] - orPath_FilingStatus = "Object Repository/RAD_Pages/FilingStatus_Page": null

2024-01-14 16:07:43 - [TEST_STEP][PASSED] - orPath_Amount = "Object Repository/RAD_Pages/PaymentAmount_Page": null

2024-01-14 16:07:43 - [TEST_STEP][PASSED] - orPath_TaxInfo = "Object Repository/RAD_Pages/TaxInfo_Page": null

2024-01-14 16:07:43 - [TEST_STEP][PASSED] - orPath_Withholding = "Object Repository/RAD_Pages/Withholding_Page": null

2024-01-14 16:07:43 - [TEST_STEP][PASSED] - orPath_Summary = "Object Repository/RAD_Pages/Summary_Page": null

2024-01-14 16:07:43 - [TEST_STEP][PASSED] - orPath_PaymentReady = "Object Repository/RAD_Pages/PaymentReady_Page": null

2024-01-14 16:07:43 - [TEST_STEP][PASSED] - orPath_PaymentEntry = "Object Repository/RAD_Pages/PaymentEntry_Page": null

2024-01-14 16:07:43 - [TEST_STEP][PASSED] - orPath_PaymentConfirmation = "Object Repository/RAD_Pages/PaymentConfirmation_Page": null

2024-01-14 16:07:43 - [TEST_STEP][PASSED] - orPath_ServiceFeesAccept = "Object Repository/RAD_Pages/ServiceFeeAccept_Page": null

2024-01-14 16:07:43 - [TEST_STEP][PASSED] - selectOptionByLabel(findTestObject(orPath_Landing + "/dd_TaxType"), Paymenttype, false): All options with label 'Existing Liability w/Notice Number' are selected in object 'Object Repository/RAD_Pages/Landing_Page/dd_TaxType' 

2024-01-14 16:07:44 - [MESSAGE][PASSED] - All options with label 'Existing Liability w/Notice Number' are selected in object 'Object Repository/RAD_Pages/Landing_Page/dd_TaxType' 

2024-01-14 16:07:44 - [TEST_STEP][PASSED] - delay(1): Delayed 1 second(s)

2024-01-14 16:07:45 - [MESSAGE][PASSED] - Delayed 1 second(s)

2024-01-14 16:07:45 - [TEST_STEP][PASSED] - switch (Paymenttype): null

2024-01-14 16:07:45 - [TEST_STEP][PASSED] - case "Existing Liability w/Notice Number":: null

2024-01-14 16:07:45 - [TEST_STEP][PASSED] - selectOptionByLabel(findTestObject(orPath_TaxTypeFilingYear + "/select_TaxType_ExistingLiability"), Taxtype, false): All options with label 'Transportation Network Services' are selected in object 'Object Repository/RAD_Pages/TaxTypeFilingYear_Page/select_TaxType_ExistingLiability' 

2024-01-14 16:07:46 - [MESSAGE][PASSED] - All options with label 'Transportation Network Services' are selected in object 'Object Repository/RAD_Pages/TaxTypeFilingYear_Page/select_TaxType_ExistingLiability' 

2024-01-14 16:07:46 - [TEST_STEP][PASSED] - break: null

2024-01-14 16:07:46 - [TEST_STEP][PASSED] - delay(1): Delayed 1 second(s)

2024-01-14 16:07:47 - [MESSAGE][PASSED] - Delayed 1 second(s)

2024-01-14 16:07:47 - [TEST_STEP][PASSED] - switch (Paymenttype): null

2024-01-14 16:07:47 - [TEST_STEP][PASSED] - case "Existing Liability w/Notice Number":: null

2024-01-14 16:07:47 - [TEST_STEP][PASSED] - setEncryptedText(findTestObject("Object Repository/RAD_RecordAndPlay/input_Existing_FEIN"), "RigbBhfdqOBDK95asqKeHw=="): Text ****** has been set on object 'Object Repository/RAD_RecordAndPlay/input_Existing_FEIN'

2024-01-14 16:07:47 - [MESSAGE][PASSED] - Text ****** has been set on object 'Object Repository/RAD_RecordAndPlay/input_Existing_FEIN'

2024-01-14 16:07:47 - [TEST_STEP][PASSED] - setEncryptedText(findTestObject("Object Repository/RAD_RecordAndPlay/input_Existing_RetypeFEIN"), ""): Text ****** has been set on object 'Object Repository/RAD_RecordAndPlay/input_Existing_RetypeFEIN'

2024-01-14 16:07:48 - [MESSAGE][PASSED] - Text ****** has been set on object 'Object Repository/RAD_RecordAndPlay/input_Existing_RetypeFEIN'

2024-01-14 16:07:48 - [TEST_STEP][PASSED] - break: null

2024-01-14 16:07:48 - [TEST_STEP][PASSED] - verifyTextPresent("Please enter a valid FEIN with 9 digits.", true): Text 'Please enter a valid FEIN with 9 digits.' is present on page  using regular expression

2024-01-14 16:07:48 - [MESSAGE][PASSED] - Text 'Please enter a valid FEIN with 9 digits.' is present on page  using regular expression

2024-01-14 16:07:48 - [TEST_STEP][PASSED] - if (verifyTextPresent("Please enter a valid FEIN with 9 digits.", true)): null

2024-01-14 16:07:49 - [MESSAGE][PASSED] - Text 'Please enter a valid FEIN with 9 digits.' is present on page  using regular expression

2024-01-14 16:07:49 - [TEST_STEP][PASSED] - println("Error Message is present on the page"): null

2024-01-14 16:07:49 - [TEST_STEP][PASSED] - out.println("Pass Record Number: " + row): null

2024-01-14 16:07:49 - [TEST_STEP][PASSED] - resText = "Pass": null

2024-01-14 16:07:49 - [TEST_STEP][PASSED] - pages.WriteExcel.demoKey(resText, datText, resColumn, datCloumn, fileLoc, nameSheet, row): pages.WriteExcel.demoKey is PASSED

2024-01-14 16:07:49 - [MESSAGE][PASSED] - pages.WriteExcel.demoKey is PASSED

2024-01-14 16:07:49 - [TEST_STEP][PASSED] - ExecuteTC = findTestData(dataFile).getValue("Execute", row): null

2024-01-14 16:07:49 - [TEST_STEP][PASSED] - Taxtype = findTestData(dataFile).getValue("TaxType", row): null

2024-01-14 16:07:49 - [TEST_STEP][PASSED] - Paymenttype = findTestData(dataFile).getValue("PaymentType", row): null

2024-01-14 16:07:49 - [TEST_STEP][PASSED] - out.println("Value of Execute is : " + ExecuteTC): null

2024-01-14 16:07:49 - [TEST_STEP][PASSED] - if (ExecuteTC.equalsIgnoreCase("Y")): null

2024-01-14 16:07:49 - [TEST_STEP][PASSED] - out.println("Begin Record Number: " + row): null

2024-01-14 16:07:49 - [TEST_STEP][PASSED] - today = new java.util.Date(): null

2024-01-14 16:07:49 - [TEST_STEP][PASSED] - println(today): null

2024-01-14 16:07:49 - [TEST_STEP][PASSED] - datText = today: null

2024-01-14 16:07:49 - [TEST_STEP][PASSED] - Taxtype = findTestData(dataFile).getValue("TaxType", row): null

2024-01-14 16:07:49 - [TEST_STEP][PASSED] - out.println("Taxtype value is : " + Taxtype): null

2024-01-14 16:07:49 - [TEST_STEP][PASSED] - openBrowser(""): Browser is opened with url: ''

2024-01-14 16:07:49 - [MESSAGE][WARNING] - A browser is already opened. Closing browser and opening a new one

2024-01-14 16:07:50 - [MESSAGE][INFO] - Starting 'Chrome' driver

2024-01-14 16:07:50 - [MESSAGE][INFO] - User set preference: ['acceptInsecureCerts', 'true']

2024-01-14 16:07:50 - [MESSAGE][INFO] - Action delay is set to 0 milliseconds

2024-01-14 16:07:52 - [MESSAGE][PASSED] - Browser is opened with url: ''

2024-01-14 16:07:52 - [TEST_STEP][PASSED] - maximizeWindow(): Current window maximized

2024-01-14 16:07:52 - [MESSAGE][PASSED] - Current window maximized

2024-01-14 16:07:52 - [TEST_STEP][PASSED] - navigateToUrl(RADurl): Navigate to 'https://qa2.velocitypayment.com/client/rad/index.html' successfully

2024-01-14 16:07:53 - [MESSAGE][PASSED] - Navigate to 'https://qa2.velocitypayment.com/client/rad/index.html' successfully

2024-01-14 16:07:53 - [TEST_STEP][PASSED] - orPath_Landing = "Object Repository/RAD_Pages/Landing_Page": null

2024-01-14 16:07:53 - [TEST_STEP][PASSED] - orPath_TaxTypeFilingYear = "Object Repository/RAD_Pages/TaxTypeFilingYear_Page": null

2024-01-14 16:07:53 - [TEST_STEP][PASSED] - orPath_TaxPayer = "Object Repository/RAD_Pages/Taxpayer_Page": null

2024-01-14 16:07:53 - [TEST_STEP][PASSED] - orPath_AddressContact = "Object Repository/RAD_Pages/AddressAndContactInfo_Page": null

2024-01-14 16:07:53 - [TEST_STEP][PASSED] - orPath_FilingStatus = "Object Repository/RAD_Pages/FilingStatus_Page": null

2024-01-14 16:07:53 - [TEST_STEP][PASSED] - orPath_Amount = "Object Repository/RAD_Pages/PaymentAmount_Page": null

2024-01-14 16:07:53 - [TEST_STEP][PASSED] - orPath_TaxInfo = "Object Repository/RAD_Pages/TaxInfo_Page": null

2024-01-14 16:07:53 - [TEST_STEP][PASSED] - orPath_Withholding = "Object Repository/RAD_Pages/Withholding_Page": null

2024-01-14 16:07:53 - [TEST_STEP][PASSED] - orPath_Summary = "Object Repository/RAD_Pages/Summary_Page": null

2024-01-14 16:07:53 - [TEST_STEP][PASSED] - orPath_PaymentReady = "Object Repository/RAD_Pages/PaymentReady_Page": null

2024-01-14 16:07:53 - [TEST_STEP][PASSED] - orPath_PaymentEntry = "Object Repository/RAD_Pages/PaymentEntry_Page": null

2024-01-14 16:07:53 - [TEST_STEP][PASSED] - orPath_PaymentConfirmation = "Object Repository/RAD_Pages/PaymentConfirmation_Page": null

2024-01-14 16:07:53 - [TEST_STEP][PASSED] - orPath_ServiceFeesAccept = "Object Repository/RAD_Pages/ServiceFeeAccept_Page": null

2024-01-14 16:07:53 - [TEST_STEP][PASSED] - selectOptionByLabel(findTestObject(orPath_Landing + "/dd_TaxType"), Paymenttype, false): All options with label 'Existing Liability w/Notice Number' are selected in object 'Object Repository/RAD_Pages/Landing_Page/dd_TaxType' 

2024-01-14 16:07:54 - [MESSAGE][PASSED] - All options with label 'Existing Liability w/Notice Number' are selected in object 'Object Repository/RAD_Pages/Landing_Page/dd_TaxType' 

2024-01-14 16:07:54 - [TEST_STEP][PASSED] - delay(1): Delayed 1 second(s)

2024-01-14 16:07:55 - [MESSAGE][PASSED] - Delayed 1 second(s)

2024-01-14 16:07:55 - [TEST_STEP][PASSED] - switch (Paymenttype): null

2024-01-14 16:07:55 - [TEST_STEP][PASSED] - case "Existing Liability w/Notice Number":: null

2024-01-14 16:07:55 - [TEST_STEP][PASSED] - selectOptionByLabel(findTestObject(orPath_TaxTypeFilingYear + "/select_TaxType_ExistingLiability"), Taxtype, false): All options with label 'Unclaimed Property' are selected in object 'Object Repository/RAD_Pages/TaxTypeFilingYear_Page/select_TaxType_ExistingLiability' 

2024-01-14 16:07:56 - [MESSAGE][PASSED] - All options with label 'Unclaimed Property' are selected in object 'Object Repository/RAD_Pages/TaxTypeFilingYear_Page/select_TaxType_ExistingLiability' 

2024-01-14 16:07:56 - [TEST_STEP][PASSED] - break: null

2024-01-14 16:07:56 - [TEST_STEP][PASSED] - delay(1): Delayed 1 second(s)

2024-01-14 16:07:57 - [MESSAGE][PASSED] - Delayed 1 second(s)

2024-01-14 16:07:57 - [TEST_STEP][PASSED] - switch (Paymenttype): null

2024-01-14 16:07:57 - [TEST_STEP][PASSED] - case "Existing Liability w/Notice Number":: null

2024-01-14 16:07:57 - [TEST_STEP][PASSED] - setEncryptedText(findTestObject("Object Repository/RAD_RecordAndPlay/input_Existing_FEIN"), "RigbBhfdqOBDK95asqKeHw=="): Text ****** has been set on object 'Object Repository/RAD_RecordAndPlay/input_Existing_FEIN'

2024-01-14 16:07:57 - [MESSAGE][PASSED] - Text ****** has been set on object 'Object Repository/RAD_RecordAndPlay/input_Existing_FEIN'

2024-01-14 16:07:57 - [TEST_STEP][PASSED] - setEncryptedText(findTestObject("Object Repository/RAD_RecordAndPlay/input_Existing_RetypeFEIN"), ""): Text ****** has been set on object 'Object Repository/RAD_RecordAndPlay/input_Existing_RetypeFEIN'

2024-01-14 16:07:58 - [MESSAGE][PASSED] - Text ****** has been set on object 'Object Repository/RAD_RecordAndPlay/input_Existing_RetypeFEIN'

2024-01-14 16:07:58 - [TEST_STEP][PASSED] - break: null

2024-01-14 16:07:58 - [TEST_STEP][PASSED] - verifyTextPresent("Please enter a valid FEIN with 9 digits.", true): Text 'Please enter a valid FEIN with 9 digits.' is present on page  using regular expression

2024-01-14 16:07:58 - [MESSAGE][PASSED] - Text 'Please enter a valid FEIN with 9 digits.' is present on page  using regular expression

2024-01-14 16:07:58 - [TEST_STEP][PASSED] - if (verifyTextPresent("Please enter a valid FEIN with 9 digits.", true)): null

2024-01-14 16:07:59 - [MESSAGE][PASSED] - Text 'Please enter a valid FEIN with 9 digits.' is present on page  using regular expression

2024-01-14 16:07:59 - [TEST_STEP][PASSED] - println("Error Message is present on the page"): null

2024-01-14 16:07:59 - [TEST_STEP][PASSED] - out.println("Pass Record Number: " + row): null

2024-01-14 16:07:59 - [TEST_STEP][PASSED] - resText = "Pass": null

2024-01-14 16:07:59 - [TEST_STEP][PASSED] - pages.WriteExcel.demoKey(resText, datText, resColumn, datCloumn, fileLoc, nameSheet, row): pages.WriteExcel.demoKey is PASSED

2024-01-14 16:07:59 - [MESSAGE][PASSED] - pages.WriteExcel.demoKey is PASSED

2024-01-14 16:07:59 - [TEST_STEP][PASSED] - ExecuteTC = findTestData(dataFile).getValue("Execute", row): null

2024-01-14 16:07:59 - [TEST_STEP][PASSED] - Taxtype = findTestData(dataFile).getValue("TaxType", row): null

2024-01-14 16:07:59 - [TEST_STEP][PASSED] - Paymenttype = findTestData(dataFile).getValue("PaymentType", row): null

2024-01-14 16:07:59 - [TEST_STEP][PASSED] - out.println("Value of Execute is : " + ExecuteTC): null

2024-01-14 16:07:59 - [TEST_STEP][PASSED] - if (ExecuteTC.equalsIgnoreCase("Y")): null

2024-01-14 16:07:59 - [TEST_STEP][PASSED] - out.println("Begin Record Number: " + row): null

2024-01-14 16:07:59 - [TEST_STEP][PASSED] - today = new java.util.Date(): null

2024-01-14 16:07:59 - [TEST_STEP][PASSED] - println(today): null

2024-01-14 16:07:59 - [TEST_STEP][PASSED] - datText = today: null

2024-01-14 16:07:59 - [TEST_STEP][PASSED] - Taxtype = findTestData(dataFile).getValue("TaxType", row): null

2024-01-14 16:07:59 - [TEST_STEP][PASSED] - out.println("Taxtype value is : " + Taxtype): null

2024-01-14 16:07:59 - [TEST_STEP][PASSED] - openBrowser(""): Browser is opened with url: ''

2024-01-14 16:07:59 - [MESSAGE][WARNING] - A browser is already opened. Closing browser and opening a new one

2024-01-14 16:08:00 - [MESSAGE][INFO] - Starting 'Chrome' driver

2024-01-14 16:08:00 - [MESSAGE][INFO] - User set preference: ['acceptInsecureCerts', 'true']

2024-01-14 16:08:00 - [MESSAGE][INFO] - Action delay is set to 0 milliseconds

2024-01-14 16:08:01 - [MESSAGE][PASSED] - Browser is opened with url: ''

2024-01-14 16:08:01 - [TEST_STEP][PASSED] - maximizeWindow(): Current window maximized

2024-01-14 16:08:01 - [MESSAGE][PASSED] - Current window maximized

2024-01-14 16:08:01 - [TEST_STEP][PASSED] - navigateToUrl(RADurl): Navigate to 'https://qa2.velocitypayment.com/client/rad/index.html' successfully

2024-01-14 16:08:03 - [MESSAGE][PASSED] - Navigate to 'https://qa2.velocitypayment.com/client/rad/index.html' successfully

2024-01-14 16:08:03 - [TEST_STEP][PASSED] - orPath_Landing = "Object Repository/RAD_Pages/Landing_Page": null

2024-01-14 16:08:03 - [TEST_STEP][PASSED] - orPath_TaxTypeFilingYear = "Object Repository/RAD_Pages/TaxTypeFilingYear_Page": null

2024-01-14 16:08:03 - [TEST_STEP][PASSED] - orPath_TaxPayer = "Object Repository/RAD_Pages/Taxpayer_Page": null

2024-01-14 16:08:03 - [TEST_STEP][PASSED] - orPath_AddressContact = "Object Repository/RAD_Pages/AddressAndContactInfo_Page": null

2024-01-14 16:08:03 - [TEST_STEP][PASSED] - orPath_FilingStatus = "Object Repository/RAD_Pages/FilingStatus_Page": null

2024-01-14 16:08:03 - [TEST_STEP][PASSED] - orPath_Amount = "Object Repository/RAD_Pages/PaymentAmount_Page": null

2024-01-14 16:08:03 - [TEST_STEP][PASSED] - orPath_TaxInfo = "Object Repository/RAD_Pages/TaxInfo_Page": null

2024-01-14 16:08:03 - [TEST_STEP][PASSED] - orPath_Withholding = "Object Repository/RAD_Pages/Withholding_Page": null

2024-01-14 16:08:03 - [TEST_STEP][PASSED] - orPath_Summary = "Object Repository/RAD_Pages/Summary_Page": null

2024-01-14 16:08:03 - [TEST_STEP][PASSED] - orPath_PaymentReady = "Object Repository/RAD_Pages/PaymentReady_Page": null

2024-01-14 16:08:03 - [TEST_STEP][PASSED] - orPath_PaymentEntry = "Object Repository/RAD_Pages/PaymentEntry_Page": null

2024-01-14 16:08:03 - [TEST_STEP][PASSED] - orPath_PaymentConfirmation = "Object Repository/RAD_Pages/PaymentConfirmation_Page": null

2024-01-14 16:08:03 - [TEST_STEP][PASSED] - orPath_ServiceFeesAccept = "Object Repository/RAD_Pages/ServiceFeeAccept_Page": null

2024-01-14 16:08:03 - [TEST_STEP][PASSED] - selectOptionByLabel(findTestObject(orPath_Landing + "/dd_TaxType"), Paymenttype, false): All options with label 'Existing Liability w/Notice Number' are selected in object 'Object Repository/RAD_Pages/Landing_Page/dd_TaxType' 

2024-01-14 16:08:04 - [MESSAGE][PASSED] - All options with label 'Existing Liability w/Notice Number' are selected in object 'Object Repository/RAD_Pages/Landing_Page/dd_TaxType' 

2024-01-14 16:08:04 - [TEST_STEP][PASSED] - delay(1): Delayed 1 second(s)

2024-01-14 16:08:05 - [MESSAGE][PASSED] - Delayed 1 second(s)

2024-01-14 16:08:05 - [TEST_STEP][PASSED] - switch (Paymenttype): null

2024-01-14 16:08:05 - [TEST_STEP][PASSED] - case "Existing Liability w/Notice Number":: null

2024-01-14 16:08:05 - [TEST_STEP][PASSED] - selectOptionByLabel(findTestObject(orPath_TaxTypeFilingYear + "/select_TaxType_ExistingLiability"), Taxtype, false): All options with label 'IFTA Tax' are selected in object 'Object Repository/RAD_Pages/TaxTypeFilingYear_Page/select_TaxType_ExistingLiability' 

2024-01-14 16:08:05 - [MESSAGE][PASSED] - All options with label 'IFTA Tax' are selected in object 'Object Repository/RAD_Pages/TaxTypeFilingYear_Page/select_TaxType_ExistingLiability' 

2024-01-14 16:08:05 - [TEST_STEP][PASSED] - break: null

2024-01-14 16:08:05 - [TEST_STEP][PASSED] - delay(1): Delayed 1 second(s)

2024-01-14 16:08:06 - [MESSAGE][PASSED] - Delayed 1 second(s)

2024-01-14 16:08:06 - [TEST_STEP][PASSED] - switch (Paymenttype): null

2024-01-14 16:08:06 - [TEST_STEP][PASSED] - case "Existing Liability w/Notice Number":: null

2024-01-14 16:08:06 - [TEST_STEP][PASSED] - setEncryptedText(findTestObject("Object Repository/RAD_RecordAndPlay/input_Existing_FEIN"), "RigbBhfdqOBDK95asqKeHw=="): Text ****** has been set on object 'Object Repository/RAD_RecordAndPlay/input_Existing_FEIN'

2024-01-14 16:08:07 - [MESSAGE][PASSED] - Text ****** has been set on object 'Object Repository/RAD_RecordAndPlay/input_Existing_FEIN'

2024-01-14 16:08:07 - [TEST_STEP][PASSED] - setEncryptedText(findTestObject("Object Repository/RAD_RecordAndPlay/input_Existing_RetypeFEIN"), ""): Text ****** has been set on object 'Object Repository/RAD_RecordAndPlay/input_Existing_RetypeFEIN'

2024-01-14 16:08:07 - [MESSAGE][PASSED] - Text ****** has been set on object 'Object Repository/RAD_RecordAndPlay/input_Existing_RetypeFEIN'

2024-01-14 16:08:07 - [TEST_STEP][PASSED] - break: null

2024-01-14 16:08:07 - [TEST_STEP][PASSED] - verifyTextPresent("Please enter a valid FEIN with 9 digits.", true): Text 'Please enter a valid FEIN with 9 digits.' is present on page  using regular expression

2024-01-14 16:08:08 - [MESSAGE][PASSED] - Text 'Please enter a valid FEIN with 9 digits.' is present on page  using regular expression

2024-01-14 16:08:08 - [TEST_STEP][PASSED] - if (verifyTextPresent("Please enter a valid FEIN with 9 digits.", true)): null

2024-01-14 16:08:08 - [MESSAGE][PASSED] - Text 'Please enter a valid FEIN with 9 digits.' is present on page  using regular expression

2024-01-14 16:08:08 - [TEST_STEP][PASSED] - println("Error Message is present on the page"): null

2024-01-14 16:08:08 - [TEST_STEP][PASSED] - out.println("Pass Record Number: " + row): null

2024-01-14 16:08:08 - [TEST_STEP][PASSED] - resText = "Pass": null

2024-01-14 16:08:08 - [TEST_STEP][PASSED] - pages.WriteExcel.demoKey(resText, datText, resColumn, datCloumn, fileLoc, nameSheet, row): pages.WriteExcel.demoKey is PASSED

2024-01-14 16:08:08 - [MESSAGE][PASSED] - pages.WriteExcel.demoKey is PASSED

2024-01-14 16:08:08 - [TEST_STEP][PASSED] - ExecuteTC = findTestData(dataFile).getValue("Execute", row): null

2024-01-14 16:08:08 - [TEST_STEP][PASSED] - Taxtype = findTestData(dataFile).getValue("TaxType", row): null

2024-01-14 16:08:08 - [TEST_STEP][PASSED] - Paymenttype = findTestData(dataFile).getValue("PaymentType", row): null

2024-01-14 16:08:08 - [TEST_STEP][PASSED] - out.println("Value of Execute is : " + ExecuteTC): null

2024-01-14 16:08:08 - [TEST_STEP][PASSED] - if (ExecuteTC.equalsIgnoreCase("Y")): null

2024-01-14 16:08:08 - [TEST_STEP][PASSED] - out.println("Begin Record Number: " + row): null

2024-01-14 16:08:08 - [TEST_STEP][PASSED] - today = new java.util.Date(): null

2024-01-14 16:08:08 - [TEST_STEP][PASSED] - println(today): null

2024-01-14 16:08:08 - [TEST_STEP][PASSED] - datText = today: null

2024-01-14 16:08:08 - [TEST_STEP][PASSED] - Taxtype = findTestData(dataFile).getValue("TaxType", row): null

2024-01-14 16:08:09 - [TEST_STEP][PASSED] - out.println("Taxtype value is : " + Taxtype): null

2024-01-14 16:08:09 - [TEST_STEP][PASSED] - openBrowser(""): Browser is opened with url: ''

2024-01-14 16:08:09 - [MESSAGE][WARNING] - A browser is already opened. Closing browser and opening a new one

2024-01-14 16:08:10 - [MESSAGE][INFO] - Starting 'Chrome' driver

2024-01-14 16:08:10 - [MESSAGE][INFO] - User set preference: ['acceptInsecureCerts', 'true']

2024-01-14 16:08:10 - [MESSAGE][INFO] - Action delay is set to 0 milliseconds

2024-01-14 16:08:11 - [MESSAGE][PASSED] - Browser is opened with url: ''

2024-01-14 16:08:11 - [TEST_STEP][PASSED] - maximizeWindow(): Current window maximized

2024-01-14 16:08:11 - [MESSAGE][PASSED] - Current window maximized

2024-01-14 16:08:11 - [TEST_STEP][PASSED] - navigateToUrl(RADurl): Navigate to 'https://qa2.velocitypayment.com/client/rad/index.html' successfully

2024-01-14 16:08:13 - [MESSAGE][PASSED] - Navigate to 'https://qa2.velocitypayment.com/client/rad/index.html' successfully

2024-01-14 16:08:13 - [TEST_STEP][PASSED] - orPath_Landing = "Object Repository/RAD_Pages/Landing_Page": null

2024-01-14 16:08:13 - [TEST_STEP][PASSED] - orPath_TaxTypeFilingYear = "Object Repository/RAD_Pages/TaxTypeFilingYear_Page": null

2024-01-14 16:08:13 - [TEST_STEP][PASSED] - orPath_TaxPayer = "Object Repository/RAD_Pages/Taxpayer_Page": null

2024-01-14 16:08:13 - [TEST_STEP][PASSED] - orPath_AddressContact = "Object Repository/RAD_Pages/AddressAndContactInfo_Page": null

2024-01-14 16:08:13 - [TEST_STEP][PASSED] - orPath_FilingStatus = "Object Repository/RAD_Pages/FilingStatus_Page": null

2024-01-14 16:08:13 - [TEST_STEP][PASSED] - orPath_Amount = "Object Repository/RAD_Pages/PaymentAmount_Page": null

2024-01-14 16:08:13 - [TEST_STEP][PASSED] - orPath_TaxInfo = "Object Repository/RAD_Pages/TaxInfo_Page": null

2024-01-14 16:08:13 - [TEST_STEP][PASSED] - orPath_Withholding = "Object Repository/RAD_Pages/Withholding_Page": null

2024-01-14 16:08:13 - [TEST_STEP][PASSED] - orPath_Summary = "Object Repository/RAD_Pages/Summary_Page": null

2024-01-14 16:08:13 - [TEST_STEP][PASSED] - orPath_PaymentReady = "Object Repository/RAD_Pages/PaymentReady_Page": null

2024-01-14 16:08:13 - [TEST_STEP][PASSED] - orPath_PaymentEntry = "Object Repository/RAD_Pages/PaymentEntry_Page": null

2024-01-14 16:08:13 - [TEST_STEP][PASSED] - orPath_PaymentConfirmation = "Object Repository/RAD_Pages/PaymentConfirmation_Page": null

2024-01-14 16:08:13 - [TEST_STEP][PASSED] - orPath_ServiceFeesAccept = "Object Repository/RAD_Pages/ServiceFeeAccept_Page": null

2024-01-14 16:08:13 - [TEST_STEP][PASSED] - selectOptionByLabel(findTestObject(orPath_Landing + "/dd_TaxType"), Paymenttype, false): All options with label 'New Tax Return Amount Due' are selected in object 'Object Repository/RAD_Pages/Landing_Page/dd_TaxType' 

2024-01-14 16:08:13 - [MESSAGE][PASSED] - All options with label 'New Tax Return Amount Due' are selected in object 'Object Repository/RAD_Pages/Landing_Page/dd_TaxType' 

2024-01-14 16:08:13 - [TEST_STEP][PASSED] - delay(1): Delayed 1 second(s)

2024-01-14 16:08:14 - [MESSAGE][PASSED] - Delayed 1 second(s)

2024-01-14 16:08:14 - [TEST_STEP][PASSED] - switch (Paymenttype): null

2024-01-14 16:08:14 - [TEST_STEP][PASSED] - case "New Tax Return Amount Due":: null

2024-01-14 16:08:14 - [TEST_STEP][PASSED] - selectOptionByLabel(findTestObject("Object Repository/RAD_Pages/Landing_Page/select_NewTaxReturnAmountDue_TaxType"), Taxtype, false): All options with label 'Admissions and Amusement Tax' are selected in object 'Object Repository/RAD_Pages/Landing_Page/select_NewTaxReturnAmountDue_TaxType' 

2024-01-14 16:08:15 - [MESSAGE][PASSED] - All options with label 'Admissions and Amusement Tax' are selected in object 'Object Repository/RAD_Pages/Landing_Page/select_NewTaxReturnAmountDue_TaxType' 

2024-01-14 16:08:15 - [TEST_STEP][PASSED] - break: null

2024-01-14 16:08:15 - [TEST_STEP][PASSED] - delay(1): Delayed 1 second(s)

2024-01-14 16:08:16 - [MESSAGE][PASSED] - Delayed 1 second(s)

2024-01-14 16:08:16 - [TEST_STEP][PASSED] - switch (Paymenttype): null

2024-01-14 16:08:16 - [TEST_STEP][PASSED] - case "New Tax Return Amount Due":: null

2024-01-14 16:08:16 - [TEST_STEP][PASSED] - setEncryptedText(findTestObject(orPath_TaxInfo + "/input_FederalEIN-2"), "RigbBhfdqOBDK95asqKeHw=="): Text ****** has been set on object 'Object Repository/RAD_Pages/TaxInfo_Page/input_FederalEIN-2'

2024-01-14 16:08:17 - [MESSAGE][PASSED] - Text ****** has been set on object 'Object Repository/RAD_Pages/TaxInfo_Page/input_FederalEIN-2'

2024-01-14 16:08:17 - [TEST_STEP][PASSED] - setEncryptedText(findTestObject(orPath_TaxInfo + "/input_FederalEIN_ReEnter-2"), ""): Text ****** has been set on object 'Object Repository/RAD_Pages/TaxInfo_Page/input_FederalEIN_ReEnter-2'

2024-01-14 16:08:17 - [MESSAGE][PASSED] - Text ****** has been set on object 'Object Repository/RAD_Pages/TaxInfo_Page/input_FederalEIN_ReEnter-2'

2024-01-14 16:08:17 - [TEST_STEP][PASSED] - break: null

2024-01-14 16:08:17 - [TEST_STEP][PASSED] - verifyTextPresent("Please enter a valid FEIN with 9 digits.", true): Text 'Please enter a valid FEIN with 9 digits.' is present on page  using regular expression

2024-01-14 16:08:18 - [MESSAGE][PASSED] - Text 'Please enter a valid FEIN with 9 digits.' is present on page  using regular expression

2024-01-14 16:08:18 - [TEST_STEP][PASSED] - if (verifyTextPresent("Please enter a valid FEIN with 9 digits.", true)): null

2024-01-14 16:08:18 - [MESSAGE][PASSED] - Text 'Please enter a valid FEIN with 9 digits.' is present on page  using regular expression

2024-01-14 16:08:18 - [TEST_STEP][PASSED] - println("Error Message is present on the page"): null

2024-01-14 16:08:18 - [TEST_STEP][PASSED] - out.println("Pass Record Number: " + row): null

2024-01-14 16:08:18 - [TEST_STEP][PASSED] - resText = "Pass": null

2024-01-14 16:08:18 - [TEST_STEP][PASSED] - pages.WriteExcel.demoKey(resText, datText, resColumn, datCloumn, fileLoc, nameSheet, row): pages.WriteExcel.demoKey is PASSED

2024-01-14 16:08:18 - [MESSAGE][PASSED] - pages.WriteExcel.demoKey is PASSED

2024-01-14 16:08:18 - [TEST_STEP][PASSED] - ExecuteTC = findTestData(dataFile).getValue("Execute", row): null

2024-01-14 16:08:18 - [TEST_STEP][PASSED] - Taxtype = findTestData(dataFile).getValue("TaxType", row): null

2024-01-14 16:08:18 - [TEST_STEP][PASSED] - Paymenttype = findTestData(dataFile).getValue("PaymentType", row): null

2024-01-14 16:08:18 - [TEST_STEP][PASSED] - out.println("Value of Execute is : " + ExecuteTC): null

2024-01-14 16:08:18 - [TEST_STEP][PASSED] - if (ExecuteTC.equalsIgnoreCase("Y")): null

2024-01-14 16:08:18 - [TEST_STEP][PASSED] - out.println("Begin Record Number: " + row): null

2024-01-14 16:08:18 - [TEST_STEP][PASSED] - today = new java.util.Date(): null

2024-01-14 16:08:18 - [TEST_STEP][PASSED] - println(today): null

2024-01-14 16:08:18 - [TEST_STEP][PASSED] - datText = today: null

2024-01-14 16:08:18 - [TEST_STEP][PASSED] - Taxtype = findTestData(dataFile).getValue("TaxType", row): null

2024-01-14 16:08:18 - [TEST_STEP][PASSED] - out.println("Taxtype value is : " + Taxtype): null

2024-01-14 16:08:18 - [TEST_STEP][PASSED] - openBrowser(""): Browser is opened with url: ''

2024-01-14 16:08:18 - [MESSAGE][WARNING] - A browser is already opened. Closing browser and opening a new one

2024-01-14 16:08:19 - [MESSAGE][INFO] - Starting 'Chrome' driver

2024-01-14 16:08:19 - [MESSAGE][INFO] - User set preference: ['acceptInsecureCerts', 'true']

2024-01-14 16:08:19 - [MESSAGE][INFO] - Action delay is set to 0 milliseconds

2024-01-14 16:08:21 - [MESSAGE][PASSED] - Browser is opened with url: ''

2024-01-14 16:08:21 - [TEST_STEP][PASSED] - maximizeWindow(): Current window maximized

2024-01-14 16:08:21 - [MESSAGE][PASSED] - Current window maximized

2024-01-14 16:08:21 - [TEST_STEP][PASSED] - navigateToUrl(RADurl): Navigate to 'https://qa2.velocitypayment.com/client/rad/index.html' successfully

2024-01-14 16:08:23 - [MESSAGE][PASSED] - Navigate to 'https://qa2.velocitypayment.com/client/rad/index.html' successfully

2024-01-14 16:08:23 - [TEST_STEP][PASSED] - orPath_Landing = "Object Repository/RAD_Pages/Landing_Page": null

2024-01-14 16:08:23 - [TEST_STEP][PASSED] - orPath_TaxTypeFilingYear = "Object Repository/RAD_Pages/TaxTypeFilingYear_Page": null

2024-01-14 16:08:23 - [TEST_STEP][PASSED] - orPath_TaxPayer = "Object Repository/RAD_Pages/Taxpayer_Page": null

2024-01-14 16:08:23 - [TEST_STEP][PASSED] - orPath_AddressContact = "Object Repository/RAD_Pages/AddressAndContactInfo_Page": null

2024-01-14 16:08:23 - [TEST_STEP][PASSED] - orPath_FilingStatus = "Object Repository/RAD_Pages/FilingStatus_Page": null

2024-01-14 16:08:23 - [TEST_STEP][PASSED] - orPath_Amount = "Object Repository/RAD_Pages/PaymentAmount_Page": null

2024-01-14 16:08:23 - [TEST_STEP][PASSED] - orPath_TaxInfo = "Object Repository/RAD_Pages/TaxInfo_Page": null

2024-01-14 16:08:23 - [TEST_STEP][PASSED] - orPath_Withholding = "Object Repository/RAD_Pages/Withholding_Page": null

2024-01-14 16:08:23 - [TEST_STEP][PASSED] - orPath_Summary = "Object Repository/RAD_Pages/Summary_Page": null

2024-01-14 16:08:23 - [TEST_STEP][PASSED] - orPath_PaymentReady = "Object Repository/RAD_Pages/PaymentReady_Page": null

2024-01-14 16:08:23 - [TEST_STEP][PASSED] - orPath_PaymentEntry = "Object Repository/RAD_Pages/PaymentEntry_Page": null

2024-01-14 16:08:23 - [TEST_STEP][PASSED] - orPath_PaymentConfirmation = "Object Repository/RAD_Pages/PaymentConfirmation_Page": null

2024-01-14 16:08:23 - [TEST_STEP][PASSED] - orPath_ServiceFeesAccept = "Object Repository/RAD_Pages/ServiceFeeAccept_Page": null

2024-01-14 16:08:23 - [TEST_STEP][PASSED] - selectOptionByLabel(findTestObject(orPath_Landing + "/dd_TaxType"), Paymenttype, false): All options with label 'New Tax Return Amount Due' are selected in object 'Object Repository/RAD_Pages/Landing_Page/dd_TaxType' 

2024-01-14 16:08:23 - [MESSAGE][PASSED] - All options with label 'New Tax Return Amount Due' are selected in object 'Object Repository/RAD_Pages/Landing_Page/dd_TaxType' 

2024-01-14 16:08:23 - [TEST_STEP][PASSED] - delay(1): Delayed 1 second(s)

2024-01-14 16:08:24 - [MESSAGE][PASSED] - Delayed 1 second(s)

2024-01-14 16:08:24 - [TEST_STEP][PASSED] - switch (Paymenttype): null

2024-01-14 16:08:24 - [TEST_STEP][PASSED] - case "New Tax Return Amount Due":: null

2024-01-14 16:08:24 - [TEST_STEP][PASSED] - selectOptionByLabel(findTestObject("Object Repository/RAD_Pages/Landing_Page/select_NewTaxReturnAmountDue_TaxType"), Taxtype, false): All options with label 'Alcohol Tax' are selected in object 'Object Repository/RAD_Pages/Landing_Page/select_NewTaxReturnAmountDue_TaxType' 

2024-01-14 16:08:25 - [MESSAGE][PASSED] - All options with label 'Alcohol Tax' are selected in object 'Object Repository/RAD_Pages/Landing_Page/select_NewTaxReturnAmountDue_TaxType' 

2024-01-14 16:08:25 - [TEST_STEP][PASSED] - break: null

2024-01-14 16:08:25 - [TEST_STEP][PASSED] - delay(1): Delayed 1 second(s)

2024-01-14 16:08:26 - [MESSAGE][PASSED] - Delayed 1 second(s)

2024-01-14 16:08:26 - [TEST_STEP][PASSED] - switch (Paymenttype): null

2024-01-14 16:08:26 - [TEST_STEP][PASSED] - case "New Tax Return Amount Due":: null

2024-01-14 16:08:26 - [TEST_STEP][PASSED] - setEncryptedText(findTestObject(orPath_TaxInfo + "/input_FederalEIN-2"), "RigbBhfdqOBDK95asqKeHw=="): Text ****** has been set on object 'Object Repository/RAD_Pages/TaxInfo_Page/input_FederalEIN-2'

2024-01-14 16:08:26 - [MESSAGE][PASSED] - Text ****** has been set on object 'Object Repository/RAD_Pages/TaxInfo_Page/input_FederalEIN-2'

2024-01-14 16:08:26 - [TEST_STEP][PASSED] - setEncryptedText(findTestObject(orPath_TaxInfo + "/input_FederalEIN_ReEnter-2"), ""): Text ****** has been set on object 'Object Repository/RAD_Pages/TaxInfo_Page/input_FederalEIN_ReEnter-2'

2024-01-14 16:08:27 - [MESSAGE][PASSED] - Text ****** has been set on object 'Object Repository/RAD_Pages/TaxInfo_Page/input_FederalEIN_ReEnter-2'

2024-01-14 16:08:27 - [TEST_STEP][PASSED] - break: null

2024-01-14 16:08:27 - [TEST_STEP][PASSED] - verifyTextPresent("Please enter a valid FEIN with 9 digits.", true): Text 'Please enter a valid FEIN with 9 digits.' is present on page  using regular expression

2024-01-14 16:08:28 - [MESSAGE][PASSED] - Text 'Please enter a valid FEIN with 9 digits.' is present on page  using regular expression

2024-01-14 16:08:28 - [TEST_STEP][PASSED] - if (verifyTextPresent("Please enter a valid FEIN with 9 digits.", true)): null

2024-01-14 16:08:28 - [MESSAGE][PASSED] - Text 'Please enter a valid FEIN with 9 digits.' is present on page  using regular expression

2024-01-14 16:08:28 - [TEST_STEP][PASSED] - println("Error Message is present on the page"): null

2024-01-14 16:08:28 - [TEST_STEP][PASSED] - out.println("Pass Record Number: " + row): null

2024-01-14 16:08:28 - [TEST_STEP][PASSED] - resText = "Pass": null

2024-01-14 16:08:28 - [TEST_STEP][PASSED] - pages.WriteExcel.demoKey(resText, datText, resColumn, datCloumn, fileLoc, nameSheet, row): pages.WriteExcel.demoKey is PASSED

2024-01-14 16:08:28 - [MESSAGE][PASSED] - pages.WriteExcel.demoKey is PASSED

2024-01-14 16:08:28 - [TEST_STEP][PASSED] - ExecuteTC = findTestData(dataFile).getValue("Execute", row): null

2024-01-14 16:08:28 - [TEST_STEP][PASSED] - Taxtype = findTestData(dataFile).getValue("TaxType", row): null

2024-01-14 16:08:28 - [TEST_STEP][PASSED] - Paymenttype = findTestData(dataFile).getValue("PaymentType", row): null

2024-01-14 16:08:28 - [TEST_STEP][PASSED] - out.println("Value of Execute is : " + ExecuteTC): null

2024-01-14 16:08:28 - [TEST_STEP][PASSED] - if (ExecuteTC.equalsIgnoreCase("Y")): null

2024-01-14 16:08:28 - [TEST_STEP][PASSED] - out.println("Begin Record Number: " + row): null

2024-01-14 16:08:28 - [TEST_STEP][PASSED] - today = new java.util.Date(): null

2024-01-14 16:08:28 - [TEST_STEP][PASSED] - println(today): null

2024-01-14 16:08:28 - [TEST_STEP][PASSED] - datText = today: null

2024-01-14 16:08:28 - [TEST_STEP][PASSED] - Taxtype = findTestData(dataFile).getValue("TaxType", row): null

2024-01-14 16:08:28 - [TEST_STEP][PASSED] - out.println("Taxtype value is : " + Taxtype): null

2024-01-14 16:08:28 - [TEST_STEP][PASSED] - openBrowser(""): Browser is opened with url: ''

2024-01-14 16:08:28 - [MESSAGE][WARNING] - A browser is already opened. Closing browser and opening a new one

2024-01-14 16:08:29 - [MESSAGE][INFO] - Starting 'Chrome' driver

2024-01-14 16:08:29 - [MESSAGE][INFO] - User set preference: ['acceptInsecureCerts', 'true']

2024-01-14 16:08:29 - [MESSAGE][INFO] - Action delay is set to 0 milliseconds

2024-01-14 16:08:31 - [MESSAGE][PASSED] - Browser is opened with url: ''

2024-01-14 16:08:31 - [TEST_STEP][PASSED] - maximizeWindow(): Current window maximized

2024-01-14 16:08:31 - [MESSAGE][PASSED] - Current window maximized

2024-01-14 16:08:31 - [TEST_STEP][PASSED] - navigateToUrl(RADurl): Navigate to 'https://qa2.velocitypayment.com/client/rad/index.html' successfully

2024-01-14 16:08:32 - [MESSAGE][PASSED] - Navigate to 'https://qa2.velocitypayment.com/client/rad/index.html' successfully

2024-01-14 16:08:32 - [TEST_STEP][PASSED] - orPath_Landing = "Object Repository/RAD_Pages/Landing_Page": null

2024-01-14 16:08:32 - [TEST_STEP][PASSED] - orPath_TaxTypeFilingYear = "Object Repository/RAD_Pages/TaxTypeFilingYear_Page": null

2024-01-14 16:08:32 - [TEST_STEP][PASSED] - orPath_TaxPayer = "Object Repository/RAD_Pages/Taxpayer_Page": null

2024-01-14 16:08:32 - [TEST_STEP][PASSED] - orPath_AddressContact = "Object Repository/RAD_Pages/AddressAndContactInfo_Page": null

2024-01-14 16:08:32 - [TEST_STEP][PASSED] - orPath_FilingStatus = "Object Repository/RAD_Pages/FilingStatus_Page": null

2024-01-14 16:08:32 - [TEST_STEP][PASSED] - orPath_Amount = "Object Repository/RAD_Pages/PaymentAmount_Page": null

2024-01-14 16:08:32 - [TEST_STEP][PASSED] - orPath_TaxInfo = "Object Repository/RAD_Pages/TaxInfo_Page": null

2024-01-14 16:08:32 - [TEST_STEP][PASSED] - orPath_Withholding = "Object Repository/RAD_Pages/Withholding_Page": null

2024-01-14 16:08:32 - [TEST_STEP][PASSED] - orPath_Summary = "Object Repository/RAD_Pages/Summary_Page": null

2024-01-14 16:08:32 - [TEST_STEP][PASSED] - orPath_PaymentReady = "Object Repository/RAD_Pages/PaymentReady_Page": null

2024-01-14 16:08:32 - [TEST_STEP][PASSED] - orPath_PaymentEntry = "Object Repository/RAD_Pages/PaymentEntry_Page": null

2024-01-14 16:08:32 - [TEST_STEP][PASSED] - orPath_PaymentConfirmation = "Object Repository/RAD_Pages/PaymentConfirmation_Page": null

2024-01-14 16:08:32 - [TEST_STEP][PASSED] - orPath_ServiceFeesAccept = "Object Repository/RAD_Pages/ServiceFeeAccept_Page": null

2024-01-14 16:08:32 - [TEST_STEP][PASSED] - selectOptionByLabel(findTestObject(orPath_Landing + "/dd_TaxType"), Paymenttype, false): All options with label 'New Tax Return Amount Due' are selected in object 'Object Repository/RAD_Pages/Landing_Page/dd_TaxType' 

2024-01-14 16:08:33 - [MESSAGE][PASSED] - All options with label 'New Tax Return Amount Due' are selected in object 'Object Repository/RAD_Pages/Landing_Page/dd_TaxType' 

2024-01-14 16:08:33 - [TEST_STEP][PASSED] - delay(1): Delayed 1 second(s)

2024-01-14 16:08:34 - [MESSAGE][PASSED] - Delayed 1 second(s)

2024-01-14 16:08:34 - [TEST_STEP][PASSED] - switch (Paymenttype): null

2024-01-14 16:08:34 - [TEST_STEP][PASSED] - case "New Tax Return Amount Due":: null

2024-01-14 16:08:34 - [TEST_STEP][PASSED] - selectOptionByLabel(findTestObject("Object Repository/RAD_Pages/Landing_Page/select_NewTaxReturnAmountDue_TaxType"), Taxtype, false): All options with label 'Bay Restoration Fee' are selected in object 'Object Repository/RAD_Pages/Landing_Page/select_NewTaxReturnAmountDue_TaxType' 

2024-01-14 16:08:35 - [MESSAGE][PASSED] - All options with label 'Bay Restoration Fee' are selected in object 'Object Repository/RAD_Pages/Landing_Page/select_NewTaxReturnAmountDue_TaxType' 

2024-01-14 16:08:35 - [TEST_STEP][PASSED] - break: null

2024-01-14 16:08:35 - [TEST_STEP][PASSED] - delay(1): Delayed 1 second(s)

2024-01-14 16:08:36 - [MESSAGE][PASSED] - Delayed 1 second(s)

2024-01-14 16:08:36 - [TEST_STEP][PASSED] - switch (Paymenttype): null

2024-01-14 16:08:36 - [TEST_STEP][PASSED] - case "New Tax Return Amount Due":: null

2024-01-14 16:08:36 - [TEST_STEP][PASSED] - setEncryptedText(findTestObject(orPath_TaxInfo + "/input_FederalEIN-2"), "RigbBhfdqOBDK95asqKeHw=="): Text ****** has been set on object 'Object Repository/RAD_Pages/TaxInfo_Page/input_FederalEIN-2'

2024-01-14 16:08:36 - [MESSAGE][PASSED] - Text ****** has been set on object 'Object Repository/RAD_Pages/TaxInfo_Page/input_FederalEIN-2'

2024-01-14 16:08:36 - [TEST_STEP][PASSED] - setEncryptedText(findTestObject(orPath_TaxInfo + "/input_FederalEIN_ReEnter-2"), ""): Text ****** has been set on object 'Object Repository/RAD_Pages/TaxInfo_Page/input_FederalEIN_ReEnter-2'

2024-01-14 16:08:37 - [MESSAGE][PASSED] - Text ****** has been set on object 'Object Repository/RAD_Pages/TaxInfo_Page/input_FederalEIN_ReEnter-2'

2024-01-14 16:08:37 - [TEST_STEP][PASSED] - break: null

2024-01-14 16:08:37 - [TEST_STEP][PASSED] - verifyTextPresent("Please enter a valid FEIN with 9 digits.", true): Text 'Please enter a valid FEIN with 9 digits.' is present on page  using regular expression

2024-01-14 16:08:37 - [MESSAGE][PASSED] - Text 'Please enter a valid FEIN with 9 digits.' is present on page  using regular expression

2024-01-14 16:08:37 - [TEST_STEP][PASSED] - if (verifyTextPresent("Please enter a valid FEIN with 9 digits.", true)): null

2024-01-14 16:08:38 - [MESSAGE][PASSED] - Text 'Please enter a valid FEIN with 9 digits.' is present on page  using regular expression

2024-01-14 16:08:38 - [TEST_STEP][PASSED] - println("Error Message is present on the page"): null

2024-01-14 16:08:38 - [TEST_STEP][PASSED] - out.println("Pass Record Number: " + row): null

2024-01-14 16:08:38 - [TEST_STEP][PASSED] - resText = "Pass": null

2024-01-14 16:08:38 - [TEST_STEP][PASSED] - pages.WriteExcel.demoKey(resText, datText, resColumn, datCloumn, fileLoc, nameSheet, row): pages.WriteExcel.demoKey is PASSED

2024-01-14 16:08:38 - [MESSAGE][PASSED] - pages.WriteExcel.demoKey is PASSED

2024-01-14 16:08:38 - [TEST_STEP][PASSED] - ExecuteTC = findTestData(dataFile).getValue("Execute", row): null

2024-01-14 16:08:38 - [TEST_STEP][PASSED] - Taxtype = findTestData(dataFile).getValue("TaxType", row): null

2024-01-14 16:08:38 - [TEST_STEP][PASSED] - Paymenttype = findTestData(dataFile).getValue("PaymentType", row): null

2024-01-14 16:08:38 - [TEST_STEP][PASSED] - out.println("Value of Execute is : " + ExecuteTC): null

2024-01-14 16:08:38 - [TEST_STEP][PASSED] - if (ExecuteTC.equalsIgnoreCase("Y")): null

2024-01-14 16:08:38 - [TEST_STEP][PASSED] - out.println("Begin Record Number: " + row): null

2024-01-14 16:08:38 - [TEST_STEP][PASSED] - today = new java.util.Date(): null

2024-01-14 16:08:38 - [TEST_STEP][PASSED] - println(today): null

2024-01-14 16:08:38 - [TEST_STEP][PASSED] - datText = today: null

2024-01-14 16:08:38 - [TEST_STEP][PASSED] - Taxtype = findTestData(dataFile).getValue("TaxType", row): null

2024-01-14 16:08:38 - [TEST_STEP][PASSED] - out.println("Taxtype value is : " + Taxtype): null

2024-01-14 16:08:38 - [TEST_STEP][PASSED] - openBrowser(""): Browser is opened with url: ''

2024-01-14 16:08:38 - [MESSAGE][WARNING] - A browser is already opened. Closing browser and opening a new one

2024-01-14 16:08:39 - [MESSAGE][INFO] - Starting 'Chrome' driver

2024-01-14 16:08:39 - [MESSAGE][INFO] - User set preference: ['acceptInsecureCerts', 'true']

2024-01-14 16:08:39 - [MESSAGE][INFO] - Action delay is set to 0 milliseconds

2024-01-14 16:08:40 - [MESSAGE][PASSED] - Browser is opened with url: ''

2024-01-14 16:08:40 - [TEST_STEP][PASSED] - maximizeWindow(): Current window maximized

2024-01-14 16:08:40 - [MESSAGE][PASSED] - Current window maximized

2024-01-14 16:08:40 - [TEST_STEP][PASSED] - navigateToUrl(RADurl): Navigate to 'https://qa2.velocitypayment.com/client/rad/index.html' successfully

2024-01-14 16:08:42 - [MESSAGE][PASSED] - Navigate to 'https://qa2.velocitypayment.com/client/rad/index.html' successfully

2024-01-14 16:08:42 - [TEST_STEP][PASSED] - orPath_Landing = "Object Repository/RAD_Pages/Landing_Page": null

2024-01-14 16:08:42 - [TEST_STEP][PASSED] - orPath_TaxTypeFilingYear = "Object Repository/RAD_Pages/TaxTypeFilingYear_Page": null

2024-01-14 16:08:42 - [TEST_STEP][PASSED] - orPath_TaxPayer = "Object Repository/RAD_Pages/Taxpayer_Page": null

2024-01-14 16:08:42 - [TEST_STEP][PASSED] - orPath_AddressContact = "Object Repository/RAD_Pages/AddressAndContactInfo_Page": null

2024-01-14 16:08:42 - [TEST_STEP][PASSED] - orPath_FilingStatus = "Object Repository/RAD_Pages/FilingStatus_Page": null

2024-01-14 16:08:42 - [TEST_STEP][PASSED] - orPath_Amount = "Object Repository/RAD_Pages/PaymentAmount_Page": null

2024-01-14 16:08:42 - [TEST_STEP][PASSED] - orPath_TaxInfo = "Object Repository/RAD_Pages/TaxInfo_Page": null

2024-01-14 16:08:42 - [TEST_STEP][PASSED] - orPath_Withholding = "Object Repository/RAD_Pages/Withholding_Page": null

2024-01-14 16:08:42 - [TEST_STEP][PASSED] - orPath_Summary = "Object Repository/RAD_Pages/Summary_Page": null

2024-01-14 16:08:42 - [TEST_STEP][PASSED] - orPath_PaymentReady = "Object Repository/RAD_Pages/PaymentReady_Page": null

2024-01-14 16:08:42 - [TEST_STEP][PASSED] - orPath_PaymentEntry = "Object Repository/RAD_Pages/PaymentEntry_Page": null

2024-01-14 16:08:42 - [TEST_STEP][PASSED] - orPath_PaymentConfirmation = "Object Repository/RAD_Pages/PaymentConfirmation_Page": null

2024-01-14 16:08:42 - [TEST_STEP][PASSED] - orPath_ServiceFeesAccept = "Object Repository/RAD_Pages/ServiceFeeAccept_Page": null

2024-01-14 16:08:42 - [TEST_STEP][PASSED] - selectOptionByLabel(findTestObject(orPath_Landing + "/dd_TaxType"), Paymenttype, false): All options with label 'New Tax Return Amount Due' are selected in object 'Object Repository/RAD_Pages/Landing_Page/dd_TaxType' 

2024-01-14 16:08:43 - [MESSAGE][PASSED] - All options with label 'New Tax Return Amount Due' are selected in object 'Object Repository/RAD_Pages/Landing_Page/dd_TaxType' 

2024-01-14 16:08:43 - [TEST_STEP][PASSED] - delay(1): Delayed 1 second(s)

2024-01-14 16:08:44 - [MESSAGE][PASSED] - Delayed 1 second(s)

2024-01-14 16:08:44 - [TEST_STEP][PASSED] - switch (Paymenttype): null

2024-01-14 16:08:44 - [TEST_STEP][PASSED] - case "New Tax Return Amount Due":: null

2024-01-14 16:08:44 - [TEST_STEP][PASSED] - selectOptionByLabel(findTestObject("Object Repository/RAD_Pages/Landing_Page/select_NewTaxReturnAmountDue_TaxType"), Taxtype, false): All options with label 'Corporate Income Tax' are selected in object 'Object Repository/RAD_Pages/Landing_Page/select_NewTaxReturnAmountDue_TaxType' 

2024-01-14 16:08:44 - [MESSAGE][PASSED] - All options with label 'Corporate Income Tax' are selected in object 'Object Repository/RAD_Pages/Landing_Page/select_NewTaxReturnAmountDue_TaxType' 

2024-01-14 16:08:44 - [TEST_STEP][PASSED] - break: null

2024-01-14 16:08:44 - [TEST_STEP][PASSED] - delay(1): Delayed 1 second(s)

2024-01-14 16:08:45 - [MESSAGE][PASSED] - Delayed 1 second(s)

2024-01-14 16:08:45 - [TEST_STEP][PASSED] - switch (Paymenttype): null

2024-01-14 16:08:45 - [TEST_STEP][PASSED] - case "New Tax Return Amount Due":: null

2024-01-14 16:08:45 - [TEST_STEP][PASSED] - setEncryptedText(findTestObject(orPath_TaxInfo + "/input_FederalEIN-2"), "RigbBhfdqOBDK95asqKeHw=="): Text ****** has been set on object 'Object Repository/RAD_Pages/TaxInfo_Page/input_FederalEIN-2'

2024-01-14 16:08:46 - [MESSAGE][PASSED] - Text ****** has been set on object 'Object Repository/RAD_Pages/TaxInfo_Page/input_FederalEIN-2'

2024-01-14 16:08:46 - [TEST_STEP][PASSED] - setEncryptedText(findTestObject(orPath_TaxInfo + "/input_FederalEIN_ReEnter-2"), ""): Text ****** has been set on object 'Object Repository/RAD_Pages/TaxInfo_Page/input_FederalEIN_ReEnter-2'

2024-01-14 16:08:46 - [MESSAGE][PASSED] - Text ****** has been set on object 'Object Repository/RAD_Pages/TaxInfo_Page/input_FederalEIN_ReEnter-2'

2024-01-14 16:08:46 - [TEST_STEP][PASSED] - break: null

2024-01-14 16:08:46 - [TEST_STEP][PASSED] - verifyTextPresent("Please enter a valid FEIN with 9 digits.", true): Text 'Please enter a valid FEIN with 9 digits.' is present on page  using regular expression

2024-01-14 16:08:47 - [MESSAGE][PASSED] - Text 'Please enter a valid FEIN with 9 digits.' is present on page  using regular expression

2024-01-14 16:08:47 - [TEST_STEP][PASSED] - if (verifyTextPresent("Please enter a valid FEIN with 9 digits.", true)): null

2024-01-14 16:08:47 - [MESSAGE][PASSED] - Text 'Please enter a valid FEIN with 9 digits.' is present on page  using regular expression

2024-01-14 16:08:47 - [TEST_STEP][PASSED] - println("Error Message is present on the page"): null

2024-01-14 16:08:47 - [TEST_STEP][PASSED] - out.println("Pass Record Number: " + row): null

2024-01-14 16:08:47 - [TEST_STEP][PASSED] - resText = "Pass": null

2024-01-14 16:08:47 - [TEST_STEP][PASSED] - pages.WriteExcel.demoKey(resText, datText, resColumn, datCloumn, fileLoc, nameSheet, row): pages.WriteExcel.demoKey is PASSED

2024-01-14 16:08:47 - [MESSAGE][PASSED] - pages.WriteExcel.demoKey is PASSED

2024-01-14 16:08:47 - [TEST_STEP][PASSED] - ExecuteTC = findTestData(dataFile).getValue("Execute", row): null

2024-01-14 16:08:47 - [TEST_STEP][PASSED] - Taxtype = findTestData(dataFile).getValue("TaxType", row): null

2024-01-14 16:08:47 - [TEST_STEP][PASSED] - Paymenttype = findTestData(dataFile).getValue("PaymentType", row): null

2024-01-14 16:08:47 - [TEST_STEP][PASSED] - out.println("Value of Execute is : " + ExecuteTC): null

2024-01-14 16:08:47 - [TEST_STEP][PASSED] - if (ExecuteTC.equalsIgnoreCase("Y")): null

2024-01-14 16:08:47 - [TEST_STEP][PASSED] - out.println("Begin Record Number: " + row): null

2024-01-14 16:08:47 - [TEST_STEP][PASSED] - today = new java.util.Date(): null

2024-01-14 16:08:47 - [TEST_STEP][PASSED] - println(today): null

2024-01-14 16:08:47 - [TEST_STEP][PASSED] - datText = today: null

2024-01-14 16:08:47 - [TEST_STEP][PASSED] - Taxtype = findTestData(dataFile).getValue("TaxType", row): null

2024-01-14 16:08:48 - [TEST_STEP][PASSED] - out.println("Taxtype value is : " + Taxtype): null

2024-01-14 16:08:48 - [TEST_STEP][PASSED] - openBrowser(""): Browser is opened with url: ''

2024-01-14 16:08:48 - [MESSAGE][WARNING] - A browser is already opened. Closing browser and opening a new one

2024-01-14 16:08:49 - [MESSAGE][INFO] - Starting 'Chrome' driver

2024-01-14 16:08:49 - [MESSAGE][INFO] - User set preference: ['acceptInsecureCerts', 'true']

2024-01-14 16:08:49 - [MESSAGE][INFO] - Action delay is set to 0 milliseconds

2024-01-14 16:08:50 - [MESSAGE][PASSED] - Browser is opened with url: ''

2024-01-14 16:08:50 - [TEST_STEP][PASSED] - maximizeWindow(): Current window maximized

2024-01-14 16:08:50 - [MESSAGE][PASSED] - Current window maximized

2024-01-14 16:08:50 - [TEST_STEP][PASSED] - navigateToUrl(RADurl): Navigate to 'https://qa2.velocitypayment.com/client/rad/index.html' successfully

2024-01-14 16:08:50 - [MESSAGE][PASSED] - Navigate to 'https://qa2.velocitypayment.com/client/rad/index.html' successfully

2024-01-14 16:08:50 - [TEST_STEP][PASSED] - orPath_Landing = "Object Repository/RAD_Pages/Landing_Page": null

2024-01-14 16:08:50 - [TEST_STEP][PASSED] - orPath_TaxTypeFilingYear = "Object Repository/RAD_Pages/TaxTypeFilingYear_Page": null

2024-01-14 16:08:50 - [TEST_STEP][PASSED] - orPath_TaxPayer = "Object Repository/RAD_Pages/Taxpayer_Page": null

2024-01-14 16:08:50 - [TEST_STEP][PASSED] - orPath_AddressContact = "Object Repository/RAD_Pages/AddressAndContactInfo_Page": null

2024-01-14 16:08:50 - [TEST_STEP][PASSED] - orPath_FilingStatus = "Object Repository/RAD_Pages/FilingStatus_Page": null

2024-01-14 16:08:50 - [TEST_STEP][PASSED] - orPath_Amount = "Object Repository/RAD_Pages/PaymentAmount_Page": null

2024-01-14 16:08:50 - [TEST_STEP][PASSED] - orPath_TaxInfo = "Object Repository/RAD_Pages/TaxInfo_Page": null

2024-01-14 16:08:50 - [TEST_STEP][PASSED] - orPath_Withholding = "Object Repository/RAD_Pages/Withholding_Page": null

2024-01-14 16:08:50 - [TEST_STEP][PASSED] - orPath_Summary = "Object Repository/RAD_Pages/Summary_Page": null

2024-01-14 16:08:50 - [TEST_STEP][PASSED] - orPath_PaymentReady = "Object Repository/RAD_Pages/PaymentReady_Page": null

2024-01-14 16:08:50 - [TEST_STEP][PASSED] - orPath_PaymentEntry = "Object Repository/RAD_Pages/PaymentEntry_Page": null

2024-01-14 16:08:50 - [TEST_STEP][PASSED] - orPath_PaymentConfirmation = "Object Repository/RAD_Pages/PaymentConfirmation_Page": null

2024-01-14 16:08:50 - [TEST_STEP][PASSED] - orPath_ServiceFeesAccept = "Object Repository/RAD_Pages/ServiceFeeAccept_Page": null

2024-01-14 16:08:50 - [TEST_STEP][PASSED] - selectOptionByLabel(findTestObject(orPath_Landing + "/dd_TaxType"), Paymenttype, false): All options with label 'New Tax Return Amount Due' are selected in object 'Object Repository/RAD_Pages/Landing_Page/dd_TaxType' 

2024-01-14 16:08:52 - [MESSAGE][PASSED] - All options with label 'New Tax Return Amount Due' are selected in object 'Object Repository/RAD_Pages/Landing_Page/dd_TaxType' 

2024-01-14 16:08:52 - [TEST_STEP][PASSED] - delay(1): Delayed 1 second(s)

2024-01-14 16:08:53 - [MESSAGE][PASSED] - Delayed 1 second(s)

2024-01-14 16:08:53 - [TEST_STEP][PASSED] - switch (Paymenttype): null

2024-01-14 16:08:53 - [TEST_STEP][PASSED] - case "New Tax Return Amount Due":: null

2024-01-14 16:08:53 - [TEST_STEP][PASSED] - selectOptionByLabel(findTestObject("Object Repository/RAD_Pages/Landing_Page/select_NewTaxReturnAmountDue_TaxType"), Taxtype, false): All options with label 'Motor Fuel Tax' are selected in object 'Object Repository/RAD_Pages/Landing_Page/select_NewTaxReturnAmountDue_TaxType' 

2024-01-14 16:08:54 - [MESSAGE][PASSED] - All options with label 'Motor Fuel Tax' are selected in object 'Object Repository/RAD_Pages/Landing_Page/select_NewTaxReturnAmountDue_TaxType' 

2024-01-14 16:08:54 - [TEST_STEP][PASSED] - break: null

2024-01-14 16:08:54 - [TEST_STEP][PASSED] - delay(1): Delayed 1 second(s)

2024-01-14 16:08:55 - [MESSAGE][PASSED] - Delayed 1 second(s)

2024-01-14 16:08:55 - [TEST_STEP][PASSED] - switch (Paymenttype): null

2024-01-14 16:08:55 - [TEST_STEP][PASSED] - case "New Tax Return Amount Due":: null

2024-01-14 16:08:55 - [TEST_STEP][PASSED] - setEncryptedText(findTestObject(orPath_TaxInfo + "/input_FederalEIN-2"), "RigbBhfdqOBDK95asqKeHw=="): Text ****** has been set on object 'Object Repository/RAD_Pages/TaxInfo_Page/input_FederalEIN-2'

2024-01-14 16:08:55 - [MESSAGE][PASSED] - Text ****** has been set on object 'Object Repository/RAD_Pages/TaxInfo_Page/input_FederalEIN-2'

2024-01-14 16:08:55 - [TEST_STEP][PASSED] - setEncryptedText(findTestObject(orPath_TaxInfo + "/input_FederalEIN_ReEnter-2"), ""): Text ****** has been set on object 'Object Repository/RAD_Pages/TaxInfo_Page/input_FederalEIN_ReEnter-2'

2024-01-14 16:08:56 - [MESSAGE][PASSED] - Text ****** has been set on object 'Object Repository/RAD_Pages/TaxInfo_Page/input_FederalEIN_ReEnter-2'

2024-01-14 16:08:56 - [TEST_STEP][PASSED] - break: null

2024-01-14 16:08:56 - [TEST_STEP][PASSED] - verifyTextPresent("Please enter a valid FEIN with 9 digits.", true): Text 'Please enter a valid FEIN with 9 digits.' is present on page  using regular expression

2024-01-14 16:08:57 - [MESSAGE][PASSED] - Text 'Please enter a valid FEIN with 9 digits.' is present on page  using regular expression

2024-01-14 16:08:57 - [TEST_STEP][PASSED] - if (verifyTextPresent("Please enter a valid FEIN with 9 digits.", true)): null

2024-01-14 16:08:57 - [MESSAGE][PASSED] - Text 'Please enter a valid FEIN with 9 digits.' is present on page  using regular expression

2024-01-14 16:08:57 - [TEST_STEP][PASSED] - println("Error Message is present on the page"): null

2024-01-14 16:08:57 - [TEST_STEP][PASSED] - out.println("Pass Record Number: " + row): null

2024-01-14 16:08:57 - [TEST_STEP][PASSED] - resText = "Pass": null

2024-01-14 16:08:57 - [TEST_STEP][PASSED] - pages.WriteExcel.demoKey(resText, datText, resColumn, datCloumn, fileLoc, nameSheet, row): pages.WriteExcel.demoKey is PASSED

2024-01-14 16:08:57 - [MESSAGE][PASSED] - pages.WriteExcel.demoKey is PASSED

2024-01-14 16:08:57 - [TEST_STEP][PASSED] - ExecuteTC = findTestData(dataFile).getValue("Execute", row): null

2024-01-14 16:08:57 - [TEST_STEP][PASSED] - Taxtype = findTestData(dataFile).getValue("TaxType", row): null

2024-01-14 16:08:57 - [TEST_STEP][PASSED] - Paymenttype = findTestData(dataFile).getValue("PaymentType", row): null

2024-01-14 16:08:57 - [TEST_STEP][PASSED] - out.println("Value of Execute is : " + ExecuteTC): null

2024-01-14 16:08:57 - [TEST_STEP][PASSED] - if (ExecuteTC.equalsIgnoreCase("Y")): null

2024-01-14 16:08:57 - [TEST_STEP][PASSED] - out.println("Begin Record Number: " + row): null

2024-01-14 16:08:57 - [TEST_STEP][PASSED] - today = new java.util.Date(): null

2024-01-14 16:08:57 - [TEST_STEP][PASSED] - println(today): null

2024-01-14 16:08:57 - [TEST_STEP][PASSED] - datText = today: null

2024-01-14 16:08:57 - [TEST_STEP][PASSED] - Taxtype = findTestData(dataFile).getValue("TaxType", row): null

2024-01-14 16:08:57 - [TEST_STEP][PASSED] - out.println("Taxtype value is : " + Taxtype): null

2024-01-14 16:08:57 - [TEST_STEP][PASSED] - openBrowser(""): Browser is opened with url: ''

2024-01-14 16:08:57 - [MESSAGE][WARNING] - A browser is already opened. Closing browser and opening a new one

2024-01-14 16:08:58 - [MESSAGE][INFO] - Starting 'Chrome' driver

2024-01-14 16:08:58 - [MESSAGE][INFO] - User set preference: ['acceptInsecureCerts', 'true']

2024-01-14 16:08:58 - [MESSAGE][INFO] - Action delay is set to 0 milliseconds

2024-01-14 16:09:00 - [MESSAGE][PASSED] - Browser is opened with url: ''

2024-01-14 16:09:00 - [TEST_STEP][PASSED] - maximizeWindow(): Current window maximized

2024-01-14 16:09:00 - [MESSAGE][PASSED] - Current window maximized

2024-01-14 16:09:00 - [TEST_STEP][PASSED] - navigateToUrl(RADurl): Navigate to 'https://qa2.velocitypayment.com/client/rad/index.html' successfully

2024-01-14 16:09:00 - [MESSAGE][PASSED] - Navigate to 'https://qa2.velocitypayment.com/client/rad/index.html' successfully

2024-01-14 16:09:00 - [TEST_STEP][PASSED] - orPath_Landing = "Object Repository/RAD_Pages/Landing_Page": null

2024-01-14 16:09:00 - [TEST_STEP][PASSED] - orPath_TaxTypeFilingYear = "Object Repository/RAD_Pages/TaxTypeFilingYear_Page": null

2024-01-14 16:09:00 - [TEST_STEP][PASSED] - orPath_TaxPayer = "Object Repository/RAD_Pages/Taxpayer_Page": null

2024-01-14 16:09:00 - [TEST_STEP][PASSED] - orPath_AddressContact = "Object Repository/RAD_Pages/AddressAndContactInfo_Page": null

2024-01-14 16:09:00 - [TEST_STEP][PASSED] - orPath_FilingStatus = "Object Repository/RAD_Pages/FilingStatus_Page": null

2024-01-14 16:09:00 - [TEST_STEP][PASSED] - orPath_Amount = "Object Repository/RAD_Pages/PaymentAmount_Page": null

2024-01-14 16:09:00 - [TEST_STEP][PASSED] - orPath_TaxInfo = "Object Repository/RAD_Pages/TaxInfo_Page": null

2024-01-14 16:09:00 - [TEST_STEP][PASSED] - orPath_Withholding = "Object Repository/RAD_Pages/Withholding_Page": null

2024-01-14 16:09:00 - [TEST_STEP][PASSED] - orPath_Summary = "Object Repository/RAD_Pages/Summary_Page": null

2024-01-14 16:09:00 - [TEST_STEP][PASSED] - orPath_PaymentReady = "Object Repository/RAD_Pages/PaymentReady_Page": null

2024-01-14 16:09:00 - [TEST_STEP][PASSED] - orPath_PaymentEntry = "Object Repository/RAD_Pages/PaymentEntry_Page": null

2024-01-14 16:09:00 - [TEST_STEP][PASSED] - orPath_PaymentConfirmation = "Object Repository/RAD_Pages/PaymentConfirmation_Page": null

2024-01-14 16:09:00 - [TEST_STEP][PASSED] - orPath_ServiceFeesAccept = "Object Repository/RAD_Pages/ServiceFeeAccept_Page": null

2024-01-14 16:09:00 - [TEST_STEP][PASSED] - selectOptionByLabel(findTestObject(orPath_Landing + "/dd_TaxType"), Paymenttype, false): All options with label 'New Tax Return Amount Due' are selected in object 'Object Repository/RAD_Pages/Landing_Page/dd_TaxType' 

2024-01-14 16:09:02 - [MESSAGE][PASSED] - All options with label 'New Tax Return Amount Due' are selected in object 'Object Repository/RAD_Pages/Landing_Page/dd_TaxType' 

2024-01-14 16:09:02 - [TEST_STEP][PASSED] - delay(1): Delayed 1 second(s)

2024-01-14 16:09:03 - [MESSAGE][PASSED] - Delayed 1 second(s)

2024-01-14 16:09:03 - [TEST_STEP][PASSED] - switch (Paymenttype): null

2024-01-14 16:09:03 - [TEST_STEP][PASSED] - case "New Tax Return Amount Due":: null

2024-01-14 16:09:03 - [TEST_STEP][PASSED] - selectOptionByLabel(findTestObject("Object Repository/RAD_Pages/Landing_Page/select_NewTaxReturnAmountDue_TaxType"), Taxtype, false): All options with label 'Sales and Use Tax' are selected in object 'Object Repository/RAD_Pages/Landing_Page/select_NewTaxReturnAmountDue_TaxType' 

2024-01-14 16:09:04 - [MESSAGE][PASSED] - All options with label 'Sales and Use Tax' are selected in object 'Object Repository/RAD_Pages/Landing_Page/select_NewTaxReturnAmountDue_TaxType' 

2024-01-14 16:09:04 - [TEST_STEP][PASSED] - break: null

2024-01-14 16:09:04 - [TEST_STEP][PASSED] - delay(1): Delayed 1 second(s)

2024-01-14 16:09:05 - [MESSAGE][PASSED] - Delayed 1 second(s)

2024-01-14 16:09:05 - [TEST_STEP][PASSED] - switch (Paymenttype): null

2024-01-14 16:09:05 - [TEST_STEP][PASSED] - case "New Tax Return Amount Due":: null

2024-01-14 16:09:05 - [TEST_STEP][PASSED] - setEncryptedText(findTestObject(orPath_TaxInfo + "/input_FederalEIN-2"), "RigbBhfdqOBDK95asqKeHw=="): Text ****** has been set on object 'Object Repository/RAD_Pages/TaxInfo_Page/input_FederalEIN-2'

2024-01-14 16:09:05 - [MESSAGE][PASSED] - Text ****** has been set on object 'Object Repository/RAD_Pages/TaxInfo_Page/input_FederalEIN-2'

2024-01-14 16:09:05 - [TEST_STEP][PASSED] - setEncryptedText(findTestObject(orPath_TaxInfo + "/input_FederalEIN_ReEnter-2"), ""): Text ****** has been set on object 'Object Repository/RAD_Pages/TaxInfo_Page/input_FederalEIN_ReEnter-2'

2024-01-14 16:09:06 - [MESSAGE][PASSED] - Text ****** has been set on object 'Object Repository/RAD_Pages/TaxInfo_Page/input_FederalEIN_ReEnter-2'

2024-01-14 16:09:06 - [TEST_STEP][PASSED] - break: null

2024-01-14 16:09:06 - [TEST_STEP][PASSED] - verifyTextPresent("Please enter a valid FEIN with 9 digits.", true): Text 'Please enter a valid FEIN with 9 digits.' is present on page  using regular expression

2024-01-14 16:09:06 - [MESSAGE][PASSED] - Text 'Please enter a valid FEIN with 9 digits.' is present on page  using regular expression

2024-01-14 16:09:06 - [TEST_STEP][PASSED] - if (verifyTextPresent("Please enter a valid FEIN with 9 digits.", true)): null

2024-01-14 16:09:07 - [MESSAGE][PASSED] - Text 'Please enter a valid FEIN with 9 digits.' is present on page  using regular expression

2024-01-14 16:09:07 - [TEST_STEP][PASSED] - println("Error Message is present on the page"): null

2024-01-14 16:09:07 - [TEST_STEP][PASSED] - out.println("Pass Record Number: " + row): null

2024-01-14 16:09:07 - [TEST_STEP][PASSED] - resText = "Pass": null

2024-01-14 16:09:07 - [TEST_STEP][PASSED] - pages.WriteExcel.demoKey(resText, datText, resColumn, datCloumn, fileLoc, nameSheet, row): pages.WriteExcel.demoKey is PASSED

2024-01-14 16:09:07 - [MESSAGE][PASSED] - pages.WriteExcel.demoKey is PASSED

2024-01-14 16:09:07 - [TEST_STEP][PASSED] - ExecuteTC = findTestData(dataFile).getValue("Execute", row): null

2024-01-14 16:09:07 - [TEST_STEP][PASSED] - Taxtype = findTestData(dataFile).getValue("TaxType", row): null

2024-01-14 16:09:07 - [TEST_STEP][PASSED] - Paymenttype = findTestData(dataFile).getValue("PaymentType", row): null

2024-01-14 16:09:07 - [TEST_STEP][PASSED] - out.println("Value of Execute is : " + ExecuteTC): null

2024-01-14 16:09:07 - [TEST_STEP][PASSED] - if (ExecuteTC.equalsIgnoreCase("Y")): null

2024-01-14 16:09:07 - [TEST_STEP][PASSED] - out.println("Begin Record Number: " + row): null

2024-01-14 16:09:07 - [TEST_STEP][PASSED] - today = new java.util.Date(): null

2024-01-14 16:09:07 - [TEST_STEP][PASSED] - println(today): null

2024-01-14 16:09:07 - [TEST_STEP][PASSED] - datText = today: null

2024-01-14 16:09:07 - [TEST_STEP][PASSED] - Taxtype = findTestData(dataFile).getValue("TaxType", row): null

2024-01-14 16:09:07 - [TEST_STEP][PASSED] - out.println("Taxtype value is : " + Taxtype): null

2024-01-14 16:09:07 - [TEST_STEP][PASSED] - openBrowser(""): Browser is opened with url: ''

2024-01-14 16:09:07 - [MESSAGE][WARNING] - A browser is already opened. Closing browser and opening a new one

2024-01-14 16:09:08 - [MESSAGE][INFO] - Starting 'Chrome' driver

2024-01-14 16:09:08 - [MESSAGE][INFO] - User set preference: ['acceptInsecureCerts', 'true']

2024-01-14 16:09:08 - [MESSAGE][INFO] - Action delay is set to 0 milliseconds

2024-01-14 16:09:10 - [MESSAGE][PASSED] - Browser is opened with url: ''

2024-01-14 16:09:10 - [TEST_STEP][PASSED] - maximizeWindow(): Current window maximized

2024-01-14 16:09:10 - [MESSAGE][PASSED] - Current window maximized

2024-01-14 16:09:10 - [TEST_STEP][PASSED] - navigateToUrl(RADurl): Navigate to 'https://qa2.velocitypayment.com/client/rad/index.html' successfully

2024-01-14 16:09:11 - [MESSAGE][PASSED] - Navigate to 'https://qa2.velocitypayment.com/client/rad/index.html' successfully

2024-01-14 16:09:11 - [TEST_STEP][PASSED] - orPath_Landing = "Object Repository/RAD_Pages/Landing_Page": null

2024-01-14 16:09:11 - [TEST_STEP][PASSED] - orPath_TaxTypeFilingYear = "Object Repository/RAD_Pages/TaxTypeFilingYear_Page": null

2024-01-14 16:09:11 - [TEST_STEP][PASSED] - orPath_TaxPayer = "Object Repository/RAD_Pages/Taxpayer_Page": null

2024-01-14 16:09:11 - [TEST_STEP][PASSED] - orPath_AddressContact = "Object Repository/RAD_Pages/AddressAndContactInfo_Page": null

2024-01-14 16:09:11 - [TEST_STEP][PASSED] - orPath_FilingStatus = "Object Repository/RAD_Pages/FilingStatus_Page": null

2024-01-14 16:09:11 - [TEST_STEP][PASSED] - orPath_Amount = "Object Repository/RAD_Pages/PaymentAmount_Page": null

2024-01-14 16:09:11 - [TEST_STEP][PASSED] - orPath_TaxInfo = "Object Repository/RAD_Pages/TaxInfo_Page": null

2024-01-14 16:09:11 - [TEST_STEP][PASSED] - orPath_Withholding = "Object Repository/RAD_Pages/Withholding_Page": null

2024-01-14 16:09:11 - [TEST_STEP][PASSED] - orPath_Summary = "Object Repository/RAD_Pages/Summary_Page": null

2024-01-14 16:09:11 - [TEST_STEP][PASSED] - orPath_PaymentReady = "Object Repository/RAD_Pages/PaymentReady_Page": null

2024-01-14 16:09:11 - [TEST_STEP][PASSED] - orPath_PaymentEntry = "Object Repository/RAD_Pages/PaymentEntry_Page": null

2024-01-14 16:09:11 - [TEST_STEP][PASSED] - orPath_PaymentConfirmation = "Object Repository/RAD_Pages/PaymentConfirmation_Page": null

2024-01-14 16:09:11 - [TEST_STEP][PASSED] - orPath_ServiceFeesAccept = "Object Repository/RAD_Pages/ServiceFeeAccept_Page": null

2024-01-14 16:09:11 - [TEST_STEP][PASSED] - selectOptionByLabel(findTestObject(orPath_Landing + "/dd_TaxType"), Paymenttype, false): All options with label 'New Tax Return Amount Due' are selected in object 'Object Repository/RAD_Pages/Landing_Page/dd_TaxType' 

2024-01-14 16:09:12 - [MESSAGE][PASSED] - All options with label 'New Tax Return Amount Due' are selected in object 'Object Repository/RAD_Pages/Landing_Page/dd_TaxType' 

2024-01-14 16:09:12 - [TEST_STEP][PASSED] - delay(1): Delayed 1 second(s)

2024-01-14 16:09:13 - [MESSAGE][PASSED] - Delayed 1 second(s)

2024-01-14 16:09:13 - [TEST_STEP][PASSED] - switch (Paymenttype): null

2024-01-14 16:09:13 - [TEST_STEP][PASSED] - case "New Tax Return Amount Due":: null

2024-01-14 16:09:13 - [TEST_STEP][PASSED] - selectOptionByLabel(findTestObject("Object Repository/RAD_Pages/Landing_Page/select_NewTaxReturnAmountDue_TaxType"), Taxtype, false): All options with label 'Slots License Fee' are selected in object 'Object Repository/RAD_Pages/Landing_Page/select_NewTaxReturnAmountDue_TaxType' 

2024-01-14 16:09:13 - [MESSAGE][PASSED] - All options with label 'Slots License Fee' are selected in object 'Object Repository/RAD_Pages/Landing_Page/select_NewTaxReturnAmountDue_TaxType' 

2024-01-14 16:09:14 - [TEST_STEP][PASSED] - break: null

2024-01-14 16:09:14 - [TEST_STEP][PASSED] - delay(1): Delayed 1 second(s)

2024-01-14 16:09:15 - [MESSAGE][PASSED] - Delayed 1 second(s)

2024-01-14 16:09:15 - [TEST_STEP][PASSED] - switch (Paymenttype): null

2024-01-14 16:09:15 - [TEST_STEP][PASSED] - case "New Tax Return Amount Due":: null

2024-01-14 16:09:15 - [TEST_STEP][PASSED] - setEncryptedText(findTestObject(orPath_TaxInfo + "/input_FederalEIN-2"), "RigbBhfdqOBDK95asqKeHw=="): Text ****** has been set on object 'Object Repository/RAD_Pages/TaxInfo_Page/input_FederalEIN-2'

2024-01-14 16:09:15 - [MESSAGE][PASSED] - Text ****** has been set on object 'Object Repository/RAD_Pages/TaxInfo_Page/input_FederalEIN-2'

2024-01-14 16:09:15 - [TEST_STEP][PASSED] - setEncryptedText(findTestObject(orPath_TaxInfo + "/input_FederalEIN_ReEnter-2"), ""): Text ****** has been set on object 'Object Repository/RAD_Pages/TaxInfo_Page/input_FederalEIN_ReEnter-2'

2024-01-14 16:09:16 - [MESSAGE][PASSED] - Text ****** has been set on object 'Object Repository/RAD_Pages/TaxInfo_Page/input_FederalEIN_ReEnter-2'

2024-01-14 16:09:16 - [TEST_STEP][PASSED] - break: null

2024-01-14 16:09:16 - [TEST_STEP][PASSED] - verifyTextPresent("Please enter a valid FEIN with 9 digits.", true): Text 'Please enter a valid FEIN with 9 digits.' is present on page  using regular expression

2024-01-14 16:09:16 - [MESSAGE][PASSED] - Text 'Please enter a valid FEIN with 9 digits.' is present on page  using regular expression

2024-01-14 16:09:16 - [TEST_STEP][PASSED] - if (verifyTextPresent("Please enter a valid FEIN with 9 digits.", true)): null

2024-01-14 16:09:17 - [MESSAGE][PASSED] - Text 'Please enter a valid FEIN with 9 digits.' is present on page  using regular expression

2024-01-14 16:09:17 - [TEST_STEP][PASSED] - println("Error Message is present on the page"): null

2024-01-14 16:09:17 - [TEST_STEP][PASSED] - out.println("Pass Record Number: " + row): null

2024-01-14 16:09:17 - [TEST_STEP][PASSED] - resText = "Pass": null

2024-01-14 16:09:17 - [TEST_STEP][PASSED] - pages.WriteExcel.demoKey(resText, datText, resColumn, datCloumn, fileLoc, nameSheet, row): pages.WriteExcel.demoKey is PASSED

2024-01-14 16:09:17 - [MESSAGE][PASSED] - pages.WriteExcel.demoKey is PASSED

2024-01-14 16:09:17 - [TEST_STEP][PASSED] - ExecuteTC = findTestData(dataFile).getValue("Execute", row): null

2024-01-14 16:09:17 - [TEST_STEP][PASSED] - Taxtype = findTestData(dataFile).getValue("TaxType", row): null

2024-01-14 16:09:17 - [TEST_STEP][PASSED] - Paymenttype = findTestData(dataFile).getValue("PaymentType", row): null

2024-01-14 16:09:17 - [TEST_STEP][PASSED] - out.println("Value of Execute is : " + ExecuteTC): null

2024-01-14 16:09:17 - [TEST_STEP][PASSED] - if (ExecuteTC.equalsIgnoreCase("Y")): null

2024-01-14 16:09:17 - [TEST_STEP][PASSED] - out.println("Begin Record Number: " + row): null

2024-01-14 16:09:17 - [TEST_STEP][PASSED] - today = new java.util.Date(): null

2024-01-14 16:09:17 - [TEST_STEP][PASSED] - println(today): null

2024-01-14 16:09:17 - [TEST_STEP][PASSED] - datText = today: null

2024-01-14 16:09:17 - [TEST_STEP][PASSED] - Taxtype = findTestData(dataFile).getValue("TaxType", row): null

2024-01-14 16:09:17 - [TEST_STEP][PASSED] - out.println("Taxtype value is : " + Taxtype): null

2024-01-14 16:09:17 - [TEST_STEP][PASSED] - openBrowser(""): Browser is opened with url: ''

2024-01-14 16:09:17 - [MESSAGE][WARNING] - A browser is already opened. Closing browser and opening a new one

2024-01-14 16:09:18 - [MESSAGE][INFO] - Starting 'Chrome' driver

2024-01-14 16:09:18 - [MESSAGE][INFO] - User set preference: ['acceptInsecureCerts', 'true']

2024-01-14 16:09:18 - [MESSAGE][INFO] - Action delay is set to 0 milliseconds

2024-01-14 16:09:19 - [MESSAGE][PASSED] - Browser is opened with url: ''

2024-01-14 16:09:19 - [TEST_STEP][PASSED] - maximizeWindow(): Current window maximized

2024-01-14 16:09:19 - [MESSAGE][PASSED] - Current window maximized

2024-01-14 16:09:19 - [TEST_STEP][PASSED] - navigateToUrl(RADurl): Navigate to 'https://qa2.velocitypayment.com/client/rad/index.html' successfully

2024-01-14 16:09:21 - [MESSAGE][PASSED] - Navigate to 'https://qa2.velocitypayment.com/client/rad/index.html' successfully

2024-01-14 16:09:21 - [TEST_STEP][PASSED] - orPath_Landing = "Object Repository/RAD_Pages/Landing_Page": null

2024-01-14 16:09:21 - [TEST_STEP][PASSED] - orPath_TaxTypeFilingYear = "Object Repository/RAD_Pages/TaxTypeFilingYear_Page": null

2024-01-14 16:09:21 - [TEST_STEP][PASSED] - orPath_TaxPayer = "Object Repository/RAD_Pages/Taxpayer_Page": null

2024-01-14 16:09:21 - [TEST_STEP][PASSED] - orPath_AddressContact = "Object Repository/RAD_Pages/AddressAndContactInfo_Page": null

2024-01-14 16:09:21 - [TEST_STEP][PASSED] - orPath_FilingStatus = "Object Repository/RAD_Pages/FilingStatus_Page": null

2024-01-14 16:09:21 - [TEST_STEP][PASSED] - orPath_Amount = "Object Repository/RAD_Pages/PaymentAmount_Page": null

2024-01-14 16:09:21 - [TEST_STEP][PASSED] - orPath_TaxInfo = "Object Repository/RAD_Pages/TaxInfo_Page": null

2024-01-14 16:09:21 - [TEST_STEP][PASSED] - orPath_Withholding = "Object Repository/RAD_Pages/Withholding_Page": null

2024-01-14 16:09:21 - [TEST_STEP][PASSED] - orPath_Summary = "Object Repository/RAD_Pages/Summary_Page": null

2024-01-14 16:09:21 - [TEST_STEP][PASSED] - orPath_PaymentReady = "Object Repository/RAD_Pages/PaymentReady_Page": null

2024-01-14 16:09:21 - [TEST_STEP][PASSED] - orPath_PaymentEntry = "Object Repository/RAD_Pages/PaymentEntry_Page": null

2024-01-14 16:09:21 - [TEST_STEP][PASSED] - orPath_PaymentConfirmation = "Object Repository/RAD_Pages/PaymentConfirmation_Page": null

2024-01-14 16:09:21 - [TEST_STEP][PASSED] - orPath_ServiceFeesAccept = "Object Repository/RAD_Pages/ServiceFeeAccept_Page": null

2024-01-14 16:09:21 - [TEST_STEP][PASSED] - selectOptionByLabel(findTestObject(orPath_Landing + "/dd_TaxType"), Paymenttype, false): All options with label 'New Tax Return Amount Due' are selected in object 'Object Repository/RAD_Pages/Landing_Page/dd_TaxType' 

2024-01-14 16:09:22 - [MESSAGE][PASSED] - All options with label 'New Tax Return Amount Due' are selected in object 'Object Repository/RAD_Pages/Landing_Page/dd_TaxType' 

2024-01-14 16:09:22 - [TEST_STEP][PASSED] - delay(1): Delayed 1 second(s)

2024-01-14 16:09:23 - [MESSAGE][PASSED] - Delayed 1 second(s)

2024-01-14 16:09:23 - [TEST_STEP][PASSED] - switch (Paymenttype): null

2024-01-14 16:09:23 - [TEST_STEP][PASSED] - case "New Tax Return Amount Due":: null

2024-01-14 16:09:23 - [TEST_STEP][PASSED] - selectOptionByLabel(findTestObject("Object Repository/RAD_Pages/Landing_Page/select_NewTaxReturnAmountDue_TaxType"), Taxtype, false): All options with label 'Tire Recycling Fee' are selected in object 'Object Repository/RAD_Pages/Landing_Page/select_NewTaxReturnAmountDue_TaxType' 

2024-01-14 16:09:23 - [MESSAGE][PASSED] - All options with label 'Tire Recycling Fee' are selected in object 'Object Repository/RAD_Pages/Landing_Page/select_NewTaxReturnAmountDue_TaxType' 

2024-01-14 16:09:23 - [TEST_STEP][PASSED] - break: null

2024-01-14 16:09:23 - [TEST_STEP][PASSED] - delay(1): Delayed 1 second(s)

2024-01-14 16:09:24 - [MESSAGE][PASSED] - Delayed 1 second(s)

2024-01-14 16:09:24 - [TEST_STEP][PASSED] - switch (Paymenttype): null

2024-01-14 16:09:24 - [TEST_STEP][PASSED] - case "New Tax Return Amount Due":: null

2024-01-14 16:09:24 - [TEST_STEP][PASSED] - setEncryptedText(findTestObject(orPath_TaxInfo + "/input_FederalEIN-2"), "RigbBhfdqOBDK95asqKeHw=="): Text ****** has been set on object 'Object Repository/RAD_Pages/TaxInfo_Page/input_FederalEIN-2'

2024-01-14 16:09:25 - [MESSAGE][PASSED] - Text ****** has been set on object 'Object Repository/RAD_Pages/TaxInfo_Page/input_FederalEIN-2'

2024-01-14 16:09:25 - [TEST_STEP][PASSED] - setEncryptedText(findTestObject(orPath_TaxInfo + "/input_FederalEIN_ReEnter-2"), ""): Text ****** has been set on object 'Object Repository/RAD_Pages/TaxInfo_Page/input_FederalEIN_ReEnter-2'

2024-01-14 16:09:25 - [MESSAGE][PASSED] - Text ****** has been set on object 'Object Repository/RAD_Pages/TaxInfo_Page/input_FederalEIN_ReEnter-2'

2024-01-14 16:09:25 - [TEST_STEP][PASSED] - break: null

2024-01-14 16:09:25 - [TEST_STEP][PASSED] - verifyTextPresent("Please enter a valid FEIN with 9 digits.", true): Text 'Please enter a valid FEIN with 9 digits.' is present on page  using regular expression

2024-01-14 16:09:26 - [MESSAGE][PASSED] - Text 'Please enter a valid FEIN with 9 digits.' is present on page  using regular expression

2024-01-14 16:09:26 - [TEST_STEP][PASSED] - if (verifyTextPresent("Please enter a valid FEIN with 9 digits.", true)): null

2024-01-14 16:09:26 - [MESSAGE][PASSED] - Text 'Please enter a valid FEIN with 9 digits.' is present on page  using regular expression

2024-01-14 16:09:26 - [TEST_STEP][PASSED] - println("Error Message is present on the page"): null

2024-01-14 16:09:26 - [TEST_STEP][PASSED] - out.println("Pass Record Number: " + row): null

2024-01-14 16:09:26 - [TEST_STEP][PASSED] - resText = "Pass": null

2024-01-14 16:09:26 - [TEST_STEP][PASSED] - pages.WriteExcel.demoKey(resText, datText, resColumn, datCloumn, fileLoc, nameSheet, row): pages.WriteExcel.demoKey is PASSED

2024-01-14 16:09:26 - [MESSAGE][PASSED] - pages.WriteExcel.demoKey is PASSED

2024-01-14 16:09:26 - [TEST_STEP][PASSED] - ExecuteTC = findTestData(dataFile).getValue("Execute", row): null

2024-01-14 16:09:26 - [TEST_STEP][PASSED] - Taxtype = findTestData(dataFile).getValue("TaxType", row): null

2024-01-14 16:09:26 - [TEST_STEP][PASSED] - Paymenttype = findTestData(dataFile).getValue("PaymentType", row): null

2024-01-14 16:09:27 - [TEST_STEP][PASSED] - out.println("Value of Execute is : " + ExecuteTC): null

2024-01-14 16:09:27 - [TEST_STEP][PASSED] - if (ExecuteTC.equalsIgnoreCase("Y")): null

2024-01-14 16:09:27 - [TEST_STEP][PASSED] - out.println("Begin Record Number: " + row): null

2024-01-14 16:09:27 - [TEST_STEP][PASSED] - today = new java.util.Date(): null

2024-01-14 16:09:27 - [TEST_STEP][PASSED] - println(today): null

2024-01-14 16:09:27 - [TEST_STEP][PASSED] - datText = today: null

2024-01-14 16:09:27 - [TEST_STEP][PASSED] - Taxtype = findTestData(dataFile).getValue("TaxType", row): null

2024-01-14 16:09:27 - [TEST_STEP][PASSED] - out.println("Taxtype value is : " + Taxtype): null

2024-01-14 16:09:27 - [TEST_STEP][PASSED] - openBrowser(""): Browser is opened with url: ''

2024-01-14 16:09:27 - [MESSAGE][WARNING] - A browser is already opened. Closing browser and opening a new one

2024-01-14 16:09:28 - [MESSAGE][INFO] - Starting 'Chrome' driver

2024-01-14 16:09:28 - [MESSAGE][INFO] - User set preference: ['acceptInsecureCerts', 'true']

2024-01-14 16:09:28 - [MESSAGE][INFO] - Action delay is set to 0 milliseconds

2024-01-14 16:09:29 - [MESSAGE][PASSED] - Browser is opened with url: ''

2024-01-14 16:09:29 - [TEST_STEP][PASSED] - maximizeWindow(): Current window maximized

2024-01-14 16:09:29 - [MESSAGE][PASSED] - Current window maximized

2024-01-14 16:09:29 - [TEST_STEP][PASSED] - navigateToUrl(RADurl): Navigate to 'https://qa2.velocitypayment.com/client/rad/index.html' successfully

2024-01-14 16:09:29 - [MESSAGE][PASSED] - Navigate to 'https://qa2.velocitypayment.com/client/rad/index.html' successfully

2024-01-14 16:09:29 - [TEST_STEP][PASSED] - orPath_Landing = "Object Repository/RAD_Pages/Landing_Page": null

2024-01-14 16:09:29 - [TEST_STEP][PASSED] - orPath_TaxTypeFilingYear = "Object Repository/RAD_Pages/TaxTypeFilingYear_Page": null

2024-01-14 16:09:29 - [TEST_STEP][PASSED] - orPath_TaxPayer = "Object Repository/RAD_Pages/Taxpayer_Page": null

2024-01-14 16:09:29 - [TEST_STEP][PASSED] - orPath_AddressContact = "Object Repository/RAD_Pages/AddressAndContactInfo_Page": null

2024-01-14 16:09:29 - [TEST_STEP][PASSED] - orPath_FilingStatus = "Object Repository/RAD_Pages/FilingStatus_Page": null

2024-01-14 16:09:29 - [TEST_STEP][PASSED] - orPath_Amount = "Object Repository/RAD_Pages/PaymentAmount_Page": null

2024-01-14 16:09:29 - [TEST_STEP][PASSED] - orPath_TaxInfo = "Object Repository/RAD_Pages/TaxInfo_Page": null

2024-01-14 16:09:29 - [TEST_STEP][PASSED] - orPath_Withholding = "Object Repository/RAD_Pages/Withholding_Page": null

2024-01-14 16:09:29 - [TEST_STEP][PASSED] - orPath_Summary = "Object Repository/RAD_Pages/Summary_Page": null

2024-01-14 16:09:29 - [TEST_STEP][PASSED] - orPath_PaymentReady = "Object Repository/RAD_Pages/PaymentReady_Page": null

2024-01-14 16:09:29 - [TEST_STEP][PASSED] - orPath_PaymentEntry = "Object Repository/RAD_Pages/PaymentEntry_Page": null

2024-01-14 16:09:29 - [TEST_STEP][PASSED] - orPath_PaymentConfirmation = "Object Repository/RAD_Pages/PaymentConfirmation_Page": null

2024-01-14 16:09:29 - [TEST_STEP][PASSED] - orPath_ServiceFeesAccept = "Object Repository/RAD_Pages/ServiceFeeAccept_Page": null

2024-01-14 16:09:29 - [TEST_STEP][PASSED] - selectOptionByLabel(findTestObject(orPath_Landing + "/dd_TaxType"), Paymenttype, false): All options with label 'New Tax Return Amount Due' are selected in object 'Object Repository/RAD_Pages/Landing_Page/dd_TaxType' 

2024-01-14 16:09:31 - [MESSAGE][PASSED] - All options with label 'New Tax Return Amount Due' are selected in object 'Object Repository/RAD_Pages/Landing_Page/dd_TaxType' 

2024-01-14 16:09:31 - [TEST_STEP][PASSED] - delay(1): Delayed 1 second(s)

2024-01-14 16:09:32 - [MESSAGE][PASSED] - Delayed 1 second(s)

2024-01-14 16:09:32 - [TEST_STEP][PASSED] - switch (Paymenttype): null

2024-01-14 16:09:32 - [TEST_STEP][PASSED] - case "New Tax Return Amount Due":: null

2024-01-14 16:09:32 - [TEST_STEP][PASSED] - selectOptionByLabel(findTestObject("Object Repository/RAD_Pages/Landing_Page/select_NewTaxReturnAmountDue_TaxType"), Taxtype, false): All options with label 'Transportation Network Services' are selected in object 'Object Repository/RAD_Pages/Landing_Page/select_NewTaxReturnAmountDue_TaxType' 

2024-01-14 16:09:33 - [MESSAGE][PASSED] - All options with label 'Transportation Network Services' are selected in object 'Object Repository/RAD_Pages/Landing_Page/select_NewTaxReturnAmountDue_TaxType' 

2024-01-14 16:09:33 - [TEST_STEP][PASSED] - break: null

2024-01-14 16:09:33 - [TEST_STEP][PASSED] - delay(1): Delayed 1 second(s)

2024-01-14 16:09:34 - [MESSAGE][PASSED] - Delayed 1 second(s)

2024-01-14 16:09:34 - [TEST_STEP][PASSED] - switch (Paymenttype): null

2024-01-14 16:09:34 - [TEST_STEP][PASSED] - case "New Tax Return Amount Due":: null

2024-01-14 16:09:34 - [TEST_STEP][PASSED] - setEncryptedText(findTestObject(orPath_TaxInfo + "/input_FederalEIN-2"), "RigbBhfdqOBDK95asqKeHw=="): Text ****** has been set on object 'Object Repository/RAD_Pages/TaxInfo_Page/input_FederalEIN-2'

2024-01-14 16:09:35 - [MESSAGE][PASSED] - Text ****** has been set on object 'Object Repository/RAD_Pages/TaxInfo_Page/input_FederalEIN-2'

2024-01-14 16:09:35 - [TEST_STEP][PASSED] - setEncryptedText(findTestObject(orPath_TaxInfo + "/input_FederalEIN_ReEnter-2"), ""): Text ****** has been set on object 'Object Repository/RAD_Pages/TaxInfo_Page/input_FederalEIN_ReEnter-2'

2024-01-14 16:09:35 - [MESSAGE][PASSED] - Text ****** has been set on object 'Object Repository/RAD_Pages/TaxInfo_Page/input_FederalEIN_ReEnter-2'

2024-01-14 16:09:35 - [TEST_STEP][PASSED] - break: null

2024-01-14 16:09:35 - [TEST_STEP][PASSED] - verifyTextPresent("Please enter a valid FEIN with 9 digits.", true): Text 'Please enter a valid FEIN with 9 digits.' is present on page  using regular expression

2024-01-14 16:09:36 - [MESSAGE][PASSED] - Text 'Please enter a valid FEIN with 9 digits.' is present on page  using regular expression

2024-01-14 16:09:36 - [TEST_STEP][PASSED] - if (verifyTextPresent("Please enter a valid FEIN with 9 digits.", true)): null

2024-01-14 16:09:36 - [MESSAGE][PASSED] - Text 'Please enter a valid FEIN with 9 digits.' is present on page  using regular expression

2024-01-14 16:09:36 - [TEST_STEP][PASSED] - println("Error Message is present on the page"): null

2024-01-14 16:09:36 - [TEST_STEP][PASSED] - out.println("Pass Record Number: " + row): null

2024-01-14 16:09:36 - [TEST_STEP][PASSED] - resText = "Pass": null

2024-01-14 16:09:36 - [TEST_STEP][PASSED] - pages.WriteExcel.demoKey(resText, datText, resColumn, datCloumn, fileLoc, nameSheet, row): pages.WriteExcel.demoKey is PASSED

2024-01-14 16:09:36 - [MESSAGE][PASSED] - pages.WriteExcel.demoKey is PASSED

2024-01-14 16:09:36 - [TEST_STEP][PASSED] - ExecuteTC = findTestData(dataFile).getValue("Execute", row): null

2024-01-14 16:09:36 - [TEST_STEP][PASSED] - Taxtype = findTestData(dataFile).getValue("TaxType", row): null

2024-01-14 16:09:36 - [TEST_STEP][PASSED] - Paymenttype = findTestData(dataFile).getValue("PaymentType", row): null

2024-01-14 16:09:36 - [TEST_STEP][PASSED] - out.println("Value of Execute is : " + ExecuteTC): null

2024-01-14 16:09:36 - [TEST_STEP][PASSED] - if (ExecuteTC.equalsIgnoreCase("Y")): null

2024-01-14 16:09:36 - [TEST_STEP][PASSED] - out.println("Begin Record Number: " + row): null

2024-01-14 16:09:36 - [TEST_STEP][PASSED] - today = new java.util.Date(): null

2024-01-14 16:09:36 - [TEST_STEP][PASSED] - println(today): null

2024-01-14 16:09:36 - [TEST_STEP][PASSED] - datText = today: null

2024-01-14 16:09:36 - [TEST_STEP][PASSED] - Taxtype = findTestData(dataFile).getValue("TaxType", row): null

2024-01-14 16:09:37 - [TEST_STEP][PASSED] - out.println("Taxtype value is : " + Taxtype): null

2024-01-14 16:09:37 - [TEST_STEP][PASSED] - openBrowser(""): Browser is opened with url: ''

2024-01-14 16:09:37 - [MESSAGE][WARNING] - A browser is already opened. Closing browser and opening a new one

2024-01-14 16:09:38 - [MESSAGE][INFO] - Starting 'Chrome' driver

2024-01-14 16:09:38 - [MESSAGE][INFO] - User set preference: ['acceptInsecureCerts', 'true']

2024-01-14 16:09:38 - [MESSAGE][INFO] - Action delay is set to 0 milliseconds

2024-01-14 16:09:39 - [MESSAGE][PASSED] - Browser is opened with url: ''

2024-01-14 16:09:39 - [TEST_STEP][PASSED] - maximizeWindow(): Current window maximized

2024-01-14 16:09:39 - [MESSAGE][PASSED] - Current window maximized

2024-01-14 16:09:39 - [TEST_STEP][PASSED] - navigateToUrl(RADurl): Navigate to 'https://qa2.velocitypayment.com/client/rad/index.html' successfully

2024-01-14 16:09:41 - [MESSAGE][PASSED] - Navigate to 'https://qa2.velocitypayment.com/client/rad/index.html' successfully

2024-01-14 16:09:41 - [TEST_STEP][PASSED] - orPath_Landing = "Object Repository/RAD_Pages/Landing_Page": null

2024-01-14 16:09:41 - [TEST_STEP][PASSED] - orPath_TaxTypeFilingYear = "Object Repository/RAD_Pages/TaxTypeFilingYear_Page": null

2024-01-14 16:09:41 - [TEST_STEP][PASSED] - orPath_TaxPayer = "Object Repository/RAD_Pages/Taxpayer_Page": null

2024-01-14 16:09:41 - [TEST_STEP][PASSED] - orPath_AddressContact = "Object Repository/RAD_Pages/AddressAndContactInfo_Page": null

2024-01-14 16:09:41 - [TEST_STEP][PASSED] - orPath_FilingStatus = "Object Repository/RAD_Pages/FilingStatus_Page": null

2024-01-14 16:09:41 - [TEST_STEP][PASSED] - orPath_Amount = "Object Repository/RAD_Pages/PaymentAmount_Page": null

2024-01-14 16:09:41 - [TEST_STEP][PASSED] - orPath_TaxInfo = "Object Repository/RAD_Pages/TaxInfo_Page": null

2024-01-14 16:09:41 - [TEST_STEP][PASSED] - orPath_Withholding = "Object Repository/RAD_Pages/Withholding_Page": null

2024-01-14 16:09:41 - [TEST_STEP][PASSED] - orPath_Summary = "Object Repository/RAD_Pages/Summary_Page": null

2024-01-14 16:09:41 - [TEST_STEP][PASSED] - orPath_PaymentReady = "Object Repository/RAD_Pages/PaymentReady_Page": null

2024-01-14 16:09:41 - [TEST_STEP][PASSED] - orPath_PaymentEntry = "Object Repository/RAD_Pages/PaymentEntry_Page": null

2024-01-14 16:09:41 - [TEST_STEP][PASSED] - orPath_PaymentConfirmation = "Object Repository/RAD_Pages/PaymentConfirmation_Page": null

2024-01-14 16:09:41 - [TEST_STEP][PASSED] - orPath_ServiceFeesAccept = "Object Repository/RAD_Pages/ServiceFeeAccept_Page": null

2024-01-14 16:09:41 - [TEST_STEP][PASSED] - selectOptionByLabel(findTestObject(orPath_Landing + "/dd_TaxType"), Paymenttype, false): All options with label 'New Tax Return Amount Due' are selected in object 'Object Repository/RAD_Pages/Landing_Page/dd_TaxType' 

2024-01-14 16:09:42 - [MESSAGE][PASSED] - All options with label 'New Tax Return Amount Due' are selected in object 'Object Repository/RAD_Pages/Landing_Page/dd_TaxType' 

2024-01-14 16:09:42 - [TEST_STEP][PASSED] - delay(1): Delayed 1 second(s)

2024-01-14 16:09:43 - [MESSAGE][PASSED] - Delayed 1 second(s)

2024-01-14 16:09:43 - [TEST_STEP][PASSED] - switch (Paymenttype): null

2024-01-14 16:09:43 - [TEST_STEP][PASSED] - case "New Tax Return Amount Due":: null

2024-01-14 16:09:43 - [TEST_STEP][PASSED] - selectOptionByLabel(findTestObject("Object Repository/RAD_Pages/Landing_Page/select_NewTaxReturnAmountDue_TaxType"), Taxtype, false): All options with label 'Unclaimed Property' are selected in object 'Object Repository/RAD_Pages/Landing_Page/select_NewTaxReturnAmountDue_TaxType' 

2024-01-14 16:09:43 - [MESSAGE][PASSED] - All options with label 'Unclaimed Property' are selected in object 'Object Repository/RAD_Pages/Landing_Page/select_NewTaxReturnAmountDue_TaxType' 

2024-01-14 16:09:43 - [TEST_STEP][PASSED] - break: null

2024-01-14 16:09:43 - [TEST_STEP][PASSED] - delay(1): Delayed 1 second(s)

2024-01-14 16:09:44 - [MESSAGE][PASSED] - Delayed 1 second(s)

2024-01-14 16:09:44 - [TEST_STEP][PASSED] - switch (Paymenttype): null

2024-01-14 16:09:44 - [TEST_STEP][PASSED] - case "New Tax Return Amount Due":: null

2024-01-14 16:09:44 - [TEST_STEP][PASSED] - setEncryptedText(findTestObject(orPath_TaxInfo + "/input_FederalEIN-2"), "RigbBhfdqOBDK95asqKeHw=="): Text ****** has been set on object 'Object Repository/RAD_Pages/TaxInfo_Page/input_FederalEIN-2'

2024-01-14 16:09:45 - [MESSAGE][PASSED] - Text ****** has been set on object 'Object Repository/RAD_Pages/TaxInfo_Page/input_FederalEIN-2'

2024-01-14 16:09:45 - [TEST_STEP][PASSED] - setEncryptedText(findTestObject(orPath_TaxInfo + "/input_FederalEIN_ReEnter-2"), ""): Text ****** has been set on object 'Object Repository/RAD_Pages/TaxInfo_Page/input_FederalEIN_ReEnter-2'

2024-01-14 16:09:45 - [MESSAGE][PASSED] - Text ****** has been set on object 'Object Repository/RAD_Pages/TaxInfo_Page/input_FederalEIN_ReEnter-2'

2024-01-14 16:09:45 - [TEST_STEP][PASSED] - break: null

2024-01-14 16:09:45 - [TEST_STEP][PASSED] - verifyTextPresent("Please enter a valid FEIN with 9 digits.", true): Text 'Please enter a valid FEIN with 9 digits.' is present on page  using regular expression

2024-01-14 16:09:46 - [MESSAGE][PASSED] - Text 'Please enter a valid FEIN with 9 digits.' is present on page  using regular expression

2024-01-14 16:09:46 - [TEST_STEP][PASSED] - if (verifyTextPresent("Please enter a valid FEIN with 9 digits.", true)): null

2024-01-14 16:09:46 - [MESSAGE][PASSED] - Text 'Please enter a valid FEIN with 9 digits.' is present on page  using regular expression

2024-01-14 16:09:46 - [TEST_STEP][PASSED] - println("Error Message is present on the page"): null

2024-01-14 16:09:46 - [TEST_STEP][PASSED] - out.println("Pass Record Number: " + row): null

2024-01-14 16:09:46 - [TEST_STEP][PASSED] - resText = "Pass": null

2024-01-14 16:09:46 - [TEST_STEP][PASSED] - pages.WriteExcel.demoKey(resText, datText, resColumn, datCloumn, fileLoc, nameSheet, row): pages.WriteExcel.demoKey is PASSED

2024-01-14 16:09:46 - [MESSAGE][PASSED] - pages.WriteExcel.demoKey is PASSED

2024-01-14 16:09:46 - [TEST_STEP][PASSED] - ExecuteTC = findTestData(dataFile).getValue("Execute", row): null

2024-01-14 16:09:46 - [TEST_STEP][PASSED] - Taxtype = findTestData(dataFile).getValue("TaxType", row): null

2024-01-14 16:09:46 - [TEST_STEP][PASSED] - Paymenttype = findTestData(dataFile).getValue("PaymentType", row): null

2024-01-14 16:09:47 - [TEST_STEP][PASSED] - out.println("Value of Execute is : " + ExecuteTC): null

2024-01-14 16:09:47 - [TEST_STEP][PASSED] - if (ExecuteTC.equalsIgnoreCase("Y")): null

2024-01-14 16:09:47 - [TEST_STEP][PASSED] - out.println("Begin Record Number: " + row): null

2024-01-14 16:09:47 - [TEST_STEP][PASSED] - today = new java.util.Date(): null

2024-01-14 16:09:47 - [TEST_STEP][PASSED] - println(today): null

2024-01-14 16:09:47 - [TEST_STEP][PASSED] - datText = today: null

2024-01-14 16:09:47 - [TEST_STEP][PASSED] - Taxtype = findTestData(dataFile).getValue("TaxType", row): null

2024-01-14 16:09:47 - [TEST_STEP][PASSED] - out.println("Taxtype value is : " + Taxtype): null

2024-01-14 16:09:47 - [TEST_STEP][PASSED] - openBrowser(""): Browser is opened with url: ''

2024-01-14 16:09:47 - [MESSAGE][WARNING] - A browser is already opened. Closing browser and opening a new one

2024-01-14 16:09:48 - [MESSAGE][INFO] - Starting 'Chrome' driver

2024-01-14 16:09:48 - [MESSAGE][INFO] - User set preference: ['acceptInsecureCerts', 'true']

2024-01-14 16:09:48 - [MESSAGE][INFO] - Action delay is set to 0 milliseconds

2024-01-14 16:09:49 - [MESSAGE][PASSED] - Browser is opened with url: ''

2024-01-14 16:09:49 - [TEST_STEP][PASSED] - maximizeWindow(): Current window maximized

2024-01-14 16:09:49 - [MESSAGE][PASSED] - Current window maximized

2024-01-14 16:09:49 - [TEST_STEP][PASSED] - navigateToUrl(RADurl): Navigate to 'https://qa2.velocitypayment.com/client/rad/index.html' successfully

2024-01-14 16:09:51 - [MESSAGE][PASSED] - Navigate to 'https://qa2.velocitypayment.com/client/rad/index.html' successfully

2024-01-14 16:09:51 - [TEST_STEP][PASSED] - orPath_Landing = "Object Repository/RAD_Pages/Landing_Page": null

2024-01-14 16:09:51 - [TEST_STEP][PASSED] - orPath_TaxTypeFilingYear = "Object Repository/RAD_Pages/TaxTypeFilingYear_Page": null

2024-01-14 16:09:51 - [TEST_STEP][PASSED] - orPath_TaxPayer = "Object Repository/RAD_Pages/Taxpayer_Page": null

2024-01-14 16:09:51 - [TEST_STEP][PASSED] - orPath_AddressContact = "Object Repository/RAD_Pages/AddressAndContactInfo_Page": null

2024-01-14 16:09:51 - [TEST_STEP][PASSED] - orPath_FilingStatus = "Object Repository/RAD_Pages/FilingStatus_Page": null

2024-01-14 16:09:51 - [TEST_STEP][PASSED] - orPath_Amount = "Object Repository/RAD_Pages/PaymentAmount_Page": null

2024-01-14 16:09:51 - [TEST_STEP][PASSED] - orPath_TaxInfo = "Object Repository/RAD_Pages/TaxInfo_Page": null

2024-01-14 16:09:51 - [TEST_STEP][PASSED] - orPath_Withholding = "Object Repository/RAD_Pages/Withholding_Page": null

2024-01-14 16:09:51 - [TEST_STEP][PASSED] - orPath_Summary = "Object Repository/RAD_Pages/Summary_Page": null

2024-01-14 16:09:51 - [TEST_STEP][PASSED] - orPath_PaymentReady = "Object Repository/RAD_Pages/PaymentReady_Page": null

2024-01-14 16:09:51 - [TEST_STEP][PASSED] - orPath_PaymentEntry = "Object Repository/RAD_Pages/PaymentEntry_Page": null

2024-01-14 16:09:51 - [TEST_STEP][PASSED] - orPath_PaymentConfirmation = "Object Repository/RAD_Pages/PaymentConfirmation_Page": null

2024-01-14 16:09:51 - [TEST_STEP][PASSED] - orPath_ServiceFeesAccept = "Object Repository/RAD_Pages/ServiceFeeAccept_Page": null

2024-01-14 16:09:51 - [TEST_STEP][PASSED] - selectOptionByLabel(findTestObject(orPath_Landing + "/dd_TaxType"), Paymenttype, false): All options with label 'New Tax Return Amount Due' are selected in object 'Object Repository/RAD_Pages/Landing_Page/dd_TaxType' 

2024-01-14 16:09:51 - [MESSAGE][PASSED] - All options with label 'New Tax Return Amount Due' are selected in object 'Object Repository/RAD_Pages/Landing_Page/dd_TaxType' 

2024-01-14 16:09:51 - [TEST_STEP][PASSED] - delay(1): Delayed 1 second(s)

2024-01-14 16:09:52 - [MESSAGE][PASSED] - Delayed 1 second(s)

2024-01-14 16:09:52 - [TEST_STEP][PASSED] - switch (Paymenttype): null

2024-01-14 16:09:52 - [TEST_STEP][PASSED] - case "New Tax Return Amount Due":: null

2024-01-14 16:09:52 - [TEST_STEP][PASSED] - selectOptionByLabel(findTestObject("Object Repository/RAD_Pages/Landing_Page/select_NewTaxReturnAmountDue_TaxType"), Taxtype, false): All options with label 'Withholding Tax' are selected in object 'Object Repository/RAD_Pages/Landing_Page/select_NewTaxReturnAmountDue_TaxType' 

2024-01-14 16:09:53 - [MESSAGE][PASSED] - All options with label 'Withholding Tax' are selected in object 'Object Repository/RAD_Pages/Landing_Page/select_NewTaxReturnAmountDue_TaxType' 

2024-01-14 16:09:53 - [TEST_STEP][PASSED] - break: null

2024-01-14 16:09:53 - [TEST_STEP][PASSED] - delay(1): Delayed 1 second(s)

2024-01-14 16:09:54 - [MESSAGE][PASSED] - Delayed 1 second(s)

2024-01-14 16:09:54 - [TEST_STEP][PASSED] - switch (Paymenttype): null

2024-01-14 16:09:54 - [TEST_STEP][PASSED] - case "New Tax Return Amount Due":: null

2024-01-14 16:09:54 - [TEST_STEP][PASSED] - setEncryptedText(findTestObject(orPath_TaxInfo + "/input_FederalEIN-2"), "RigbBhfdqOBDK95asqKeHw=="): Text ****** has been set on object 'Object Repository/RAD_Pages/TaxInfo_Page/input_FederalEIN-2'

2024-01-14 16:09:54 - [MESSAGE][PASSED] - Text ****** has been set on object 'Object Repository/RAD_Pages/TaxInfo_Page/input_FederalEIN-2'

2024-01-14 16:09:54 - [TEST_STEP][PASSED] - setEncryptedText(findTestObject(orPath_TaxInfo + "/input_FederalEIN_ReEnter-2"), ""): Text ****** has been set on object 'Object Repository/RAD_Pages/TaxInfo_Page/input_FederalEIN_ReEnter-2'

2024-01-14 16:09:55 - [MESSAGE][PASSED] - Text ****** has been set on object 'Object Repository/RAD_Pages/TaxInfo_Page/input_FederalEIN_ReEnter-2'

2024-01-14 16:09:55 - [TEST_STEP][PASSED] - break: null

2024-01-14 16:09:55 - [TEST_STEP][PASSED] - verifyTextPresent("Please enter a valid FEIN with 9 digits.", true): Text 'Please enter a valid FEIN with 9 digits.' is present on page  using regular expression

2024-01-14 16:09:56 - [MESSAGE][PASSED] - Text 'Please enter a valid FEIN with 9 digits.' is present on page  using regular expression

2024-01-14 16:09:56 - [TEST_STEP][PASSED] - if (verifyTextPresent("Please enter a valid FEIN with 9 digits.", true)): null

2024-01-14 16:09:56 - [MESSAGE][PASSED] - Text 'Please enter a valid FEIN with 9 digits.' is present on page  using regular expression

2024-01-14 16:09:56 - [TEST_STEP][PASSED] - println("Error Message is present on the page"): null

2024-01-14 16:09:56 - [TEST_STEP][PASSED] - out.println("Pass Record Number: " + row): null

2024-01-14 16:09:56 - [TEST_STEP][PASSED] - resText = "Pass": null

2024-01-14 16:09:56 - [TEST_STEP][PASSED] - pages.WriteExcel.demoKey(resText, datText, resColumn, datCloumn, fileLoc, nameSheet, row): pages.WriteExcel.demoKey is PASSED

2024-01-14 16:09:56 - [MESSAGE][PASSED] - pages.WriteExcel.demoKey is PASSED]]></system-out>
         <system-err><![CDATA[]]></system-err>
      </testcase>
      <testcase name="Test Cases/RAD_TestCases/Negative_TestCases/FEINandFEINSSNlessThan9Error" time="392.228" classname="Test Cases/RAD_TestCases/Negative_TestCases/FEINandFEINSSNlessThan9Error" status="PASSED">
         <system-out><![CDATA[2024-01-14 16:09:56 - [TEST_CASE][PASSED] - Test Cases/RAD_TestCases/Negative_TestCases/FEINandFEINSSNlessThan9Error: Test Cases/RAD_TestCases/Negative_TestCases/FEINandFEINSSNlessThan9Error

2024-01-14 16:09:57 - [TEST_STEP][PASSED] - resText = "Fail": null

2024-01-14 16:09:57 - [TEST_STEP][PASSED] - resColumn = "Result": null

2024-01-14 16:09:57 - [TEST_STEP][PASSED] - datCloumn = "Date": null

2024-01-14 16:09:57 - [TEST_STEP][PASSED] - fileLoc = "KatalonData/RADTestData/FEINandFEINSSNlessThan9Error.xlsx": null

2024-01-14 16:09:57 - [TEST_STEP][PASSED] - nameSheet = "Sheet1": null

2024-01-14 16:09:57 - [TEST_STEP][PASSED] - dataFile = "RADTestData/FEINandFEINSSNlessThan9Error": null

2024-01-14 16:09:57 - [TEST_STEP][PASSED] - ExecuteTC = <not implemented yet for class: org.codehaus.groovy.ast.expr.EmptyExpression>: null

2024-01-14 16:09:57 - [TEST_STEP][PASSED] - Taxtype = <not implemented yet for class: org.codehaus.groovy.ast.expr.EmptyExpression>: null

2024-01-14 16:09:57 - [TEST_STEP][PASSED] - Paymenttype = <not implemented yet for class: org.codehaus.groovy.ast.expr.EmptyExpression>: null

2024-01-14 16:09:57 - [TEST_STEP][PASSED] - feinSsn = <not implemented yet for class: org.codehaus.groovy.ast.expr.EmptyExpression>: null

2024-01-14 16:09:57 - [TEST_STEP][PASSED] - numOfRows = findTestData(dataFile).getRowNumbers(): null

2024-01-14 16:09:57 - [TEST_STEP][PASSED] - println("Number of Records: " + numOfRows): null

2024-01-14 16:09:57 - [TEST_STEP][PASSED] - for ([row = 1, row <= numOfRows, (row++)]): null

2024-01-14 16:09:57 - [TEST_STEP][PASSED] - ExecuteTC = findTestData(dataFile).getValue("Execute", row): null

2024-01-14 16:09:57 - [TEST_STEP][PASSED] - Taxtype = findTestData(dataFile).getValue("TaxType", row): null

2024-01-14 16:09:57 - [TEST_STEP][PASSED] - Paymenttype = findTestData(dataFile).getValue("PaymentType", row): null

2024-01-14 16:09:57 - [TEST_STEP][PASSED] - feinSsn = findTestData(dataFile).getValue("FEINSSN", row): null

2024-01-14 16:09:57 - [TEST_STEP][PASSED] - out.println("Value of Execute is : " + ExecuteTC): null

2024-01-14 16:09:57 - [TEST_STEP][PASSED] - if (ExecuteTC.equalsIgnoreCase("Y")): null

2024-01-14 16:09:57 - [TEST_STEP][PASSED] - out.println("Begin Record Number: " + row): null

2024-01-14 16:09:57 - [TEST_STEP][PASSED] - today = new java.util.Date(): null

2024-01-14 16:09:57 - [TEST_STEP][PASSED] - println(today): null

2024-01-14 16:09:57 - [TEST_STEP][PASSED] - datText = today: null

2024-01-14 16:09:57 - [TEST_STEP][PASSED] - Taxtype = findTestData(dataFile).getValue("TaxType", row): null

2024-01-14 16:09:57 - [TEST_STEP][PASSED] - out.println("Taxtype value is : " + Taxtype): null

2024-01-14 16:09:57 - [TEST_STEP][PASSED] - openBrowser(""): Browser is opened with url: ''

2024-01-14 16:09:57 - [MESSAGE][WARNING] - A browser is already opened. Closing browser and opening a new one

2024-01-14 16:09:58 - [MESSAGE][INFO] - Starting 'Chrome' driver

2024-01-14 16:09:58 - [MESSAGE][INFO] - User set preference: ['acceptInsecureCerts', 'true']

2024-01-14 16:09:58 - [MESSAGE][INFO] - Action delay is set to 0 milliseconds

2024-01-14 16:09:59 - [MESSAGE][PASSED] - Browser is opened with url: ''

2024-01-14 16:09:59 - [TEST_STEP][PASSED] - maximizeWindow(): Current window maximized

2024-01-14 16:09:59 - [MESSAGE][PASSED] - Current window maximized

2024-01-14 16:09:59 - [TEST_STEP][PASSED] - navigateToUrl(RADurl): Navigate to 'https://qa2.velocitypayment.com/client/rad/index.html' successfully

2024-01-14 16:10:01 - [MESSAGE][PASSED] - Navigate to 'https://qa2.velocitypayment.com/client/rad/index.html' successfully

2024-01-14 16:10:01 - [TEST_STEP][PASSED] - orPath_Landing = "Object Repository/RAD_Pages/Landing_Page": null

2024-01-14 16:10:01 - [TEST_STEP][PASSED] - orPath_TaxTypeFilingYear = "Object Repository/RAD_Pages/TaxTypeFilingYear_Page": null

2024-01-14 16:10:01 - [TEST_STEP][PASSED] - orPath_TaxPayer = "Object Repository/RAD_Pages/Taxpayer_Page": null

2024-01-14 16:10:01 - [TEST_STEP][PASSED] - orPath_AddressContact = "Object Repository/RAD_Pages/AddressAndContactInfo_Page": null

2024-01-14 16:10:01 - [TEST_STEP][PASSED] - orPath_FilingStatus = "Object Repository/RAD_Pages/FilingStatus_Page": null

2024-01-14 16:10:01 - [TEST_STEP][PASSED] - orPath_Amount = "Object Repository/RAD_Pages/PaymentAmount_Page": null

2024-01-14 16:10:01 - [TEST_STEP][PASSED] - orPath_TaxInfo = "Object Repository/RAD_Pages/TaxInfo_Page": null

2024-01-14 16:10:01 - [TEST_STEP][PASSED] - orPath_Withholding = "Object Repository/RAD_Pages/Withholding_Page": null

2024-01-14 16:10:01 - [TEST_STEP][PASSED] - orPath_Summary = "Object Repository/RAD_Pages/Summary_Page": null

2024-01-14 16:10:01 - [TEST_STEP][PASSED] - orPath_PaymentReady = "Object Repository/RAD_Pages/PaymentReady_Page": null

2024-01-14 16:10:01 - [TEST_STEP][PASSED] - orPath_PaymentEntry = "Object Repository/RAD_Pages/PaymentEntry_Page": null

2024-01-14 16:10:01 - [TEST_STEP][PASSED] - orPath_PaymentConfirmation = "Object Repository/RAD_Pages/PaymentConfirmation_Page": null

2024-01-14 16:10:01 - [TEST_STEP][PASSED] - orPath_ServiceFeesAccept = "Object Repository/RAD_Pages/ServiceFeeAccept_Page": null

2024-01-14 16:10:01 - [TEST_STEP][PASSED] - selectOptionByLabel(findTestObject(orPath_Landing + "/dd_TaxType"), Paymenttype, false): All options with label 'Existing Liability w/Notice Number' are selected in object 'Object Repository/RAD_Pages/Landing_Page/dd_TaxType' 

2024-01-14 16:10:02 - [MESSAGE][PASSED] - All options with label 'Existing Liability w/Notice Number' are selected in object 'Object Repository/RAD_Pages/Landing_Page/dd_TaxType' 

2024-01-14 16:10:02 - [TEST_STEP][PASSED] - delay(1): Delayed 1 second(s)

2024-01-14 16:10:03 - [MESSAGE][PASSED] - Delayed 1 second(s)

2024-01-14 16:10:03 - [TEST_STEP][PASSED] - switch (Paymenttype): null

2024-01-14 16:10:03 - [TEST_STEP][PASSED] - case "Existing Liability w/Notice Number":: null

2024-01-14 16:10:03 - [TEST_STEP][PASSED] - selectOptionByLabel(findTestObject(orPath_TaxTypeFilingYear + "/select_TaxType_ExistingLiability"), Taxtype, false): All options with label 'Bay Restoration Fee' are selected in object 'Object Repository/RAD_Pages/TaxTypeFilingYear_Page/select_TaxType_ExistingLiability' 

2024-01-14 16:10:03 - [MESSAGE][PASSED] - All options with label 'Bay Restoration Fee' are selected in object 'Object Repository/RAD_Pages/TaxTypeFilingYear_Page/select_TaxType_ExistingLiability' 

2024-01-14 16:10:03 - [TEST_STEP][PASSED] - break: null

2024-01-14 16:10:03 - [TEST_STEP][PASSED] - delay(1): Delayed 1 second(s)

2024-01-14 16:10:04 - [MESSAGE][PASSED] - Delayed 1 second(s)

2024-01-14 16:10:04 - [TEST_STEP][PASSED] - switch (Paymenttype): null

2024-01-14 16:10:04 - [TEST_STEP][PASSED] - case "Existing Liability w/Notice Number":: null

2024-01-14 16:10:04 - [TEST_STEP][PASSED] - if (feinSsn.equalsIgnoreCase("Y")): null

2024-01-14 16:10:04 - [TEST_STEP][PASSED] - else: Text ****** has been set on object 'Object Repository/RAD_RecordAndPlay/input_Existing_RetypeFEIN'

2024-01-14 16:10:04 - [TEST_STEP][PASSED] - setEncryptedText(findTestObject("Object Repository/RAD_RecordAndPlay/input_Existing_FEIN"), "iGDxf8hSRT4="): Text ****** has been set on object 'Object Repository/RAD_RecordAndPlay/input_Existing_FEIN'

2024-01-14 16:10:05 - [MESSAGE][PASSED] - Text ****** has been set on object 'Object Repository/RAD_RecordAndPlay/input_Existing_FEIN'

2024-01-14 16:10:05 - [TEST_STEP][PASSED] - setEncryptedText(findTestObject("Object Repository/RAD_RecordAndPlay/input_Existing_RetypeFEIN"), ""): Text ****** has been set on object 'Object Repository/RAD_RecordAndPlay/input_Existing_RetypeFEIN'

2024-01-14 16:10:05 - [MESSAGE][PASSED] - Text ****** has been set on object 'Object Repository/RAD_RecordAndPlay/input_Existing_RetypeFEIN'

2024-01-14 16:10:05 - [TEST_STEP][PASSED] - break: null

2024-01-14 16:10:05 - [TEST_STEP][PASSED] - if (feinSsn.equalsIgnoreCase("Y")): null

2024-01-14 16:10:05 - [TEST_STEP][PASSED] - else: null

2024-01-14 16:10:05 - [TEST_STEP][PASSED] - if (verifyTextPresent("Please enter a valid FEIN with 9 digits.", true)): null

2024-01-14 16:10:06 - [MESSAGE][PASSED] - Text 'Please enter a valid FEIN with 9 digits.' is present on page  using regular expression

2024-01-14 16:10:06 - [TEST_STEP][PASSED] - println("Error Message is present on the page"): null

2024-01-14 16:10:06 - [TEST_STEP][PASSED] - out.println("Pass Record Number: " + row): null

2024-01-14 16:10:06 - [TEST_STEP][PASSED] - resText = "Pass": null

2024-01-14 16:10:06 - [TEST_STEP][PASSED] - pages.WriteExcel.demoKey(resText, datText, resColumn, datCloumn, fileLoc, nameSheet, row): pages.WriteExcel.demoKey is PASSED

2024-01-14 16:10:06 - [MESSAGE][PASSED] - pages.WriteExcel.demoKey is PASSED

2024-01-14 16:10:06 - [TEST_STEP][PASSED] - ExecuteTC = findTestData(dataFile).getValue("Execute", row): null

2024-01-14 16:10:06 - [TEST_STEP][PASSED] - Taxtype = findTestData(dataFile).getValue("TaxType", row): null

2024-01-14 16:10:06 - [TEST_STEP][PASSED] - Paymenttype = findTestData(dataFile).getValue("PaymentType", row): null

2024-01-14 16:10:06 - [TEST_STEP][PASSED] - feinSsn = findTestData(dataFile).getValue("FEINSSN", row): null

2024-01-14 16:10:06 - [TEST_STEP][PASSED] - out.println("Value of Execute is : " + ExecuteTC): null

2024-01-14 16:10:06 - [TEST_STEP][PASSED] - if (ExecuteTC.equalsIgnoreCase("Y")): null

2024-01-14 16:10:06 - [TEST_STEP][PASSED] - out.println("Begin Record Number: " + row): null

2024-01-14 16:10:06 - [TEST_STEP][PASSED] - today = new java.util.Date(): null

2024-01-14 16:10:06 - [TEST_STEP][PASSED] - println(today): null

2024-01-14 16:10:06 - [TEST_STEP][PASSED] - datText = today: null

2024-01-14 16:10:06 - [TEST_STEP][PASSED] - Taxtype = findTestData(dataFile).getValue("TaxType", row): null

2024-01-14 16:10:06 - [TEST_STEP][PASSED] - out.println("Taxtype value is : " + Taxtype): null

2024-01-14 16:10:06 - [TEST_STEP][PASSED] - openBrowser(""): Browser is opened with url: ''

2024-01-14 16:10:06 - [MESSAGE][WARNING] - A browser is already opened. Closing browser and opening a new one

2024-01-14 16:10:07 - [MESSAGE][INFO] - Starting 'Chrome' driver

2024-01-14 16:10:07 - [MESSAGE][INFO] - User set preference: ['acceptInsecureCerts', 'true']

2024-01-14 16:10:07 - [MESSAGE][INFO] - Action delay is set to 0 milliseconds

2024-01-14 16:10:09 - [MESSAGE][PASSED] - Browser is opened with url: ''

2024-01-14 16:10:09 - [TEST_STEP][PASSED] - maximizeWindow(): Current window maximized

2024-01-14 16:10:09 - [MESSAGE][PASSED] - Current window maximized

2024-01-14 16:10:09 - [TEST_STEP][PASSED] - navigateToUrl(RADurl): Navigate to 'https://qa2.velocitypayment.com/client/rad/index.html' successfully

2024-01-14 16:10:10 - [MESSAGE][PASSED] - Navigate to 'https://qa2.velocitypayment.com/client/rad/index.html' successfully

2024-01-14 16:10:10 - [TEST_STEP][PASSED] - orPath_Landing = "Object Repository/RAD_Pages/Landing_Page": null

2024-01-14 16:10:10 - [TEST_STEP][PASSED] - orPath_TaxTypeFilingYear = "Object Repository/RAD_Pages/TaxTypeFilingYear_Page": null

2024-01-14 16:10:10 - [TEST_STEP][PASSED] - orPath_TaxPayer = "Object Repository/RAD_Pages/Taxpayer_Page": null

2024-01-14 16:10:10 - [TEST_STEP][PASSED] - orPath_AddressContact = "Object Repository/RAD_Pages/AddressAndContactInfo_Page": null

2024-01-14 16:10:10 - [TEST_STEP][PASSED] - orPath_FilingStatus = "Object Repository/RAD_Pages/FilingStatus_Page": null

2024-01-14 16:10:10 - [TEST_STEP][PASSED] - orPath_Amount = "Object Repository/RAD_Pages/PaymentAmount_Page": null

2024-01-14 16:10:10 - [TEST_STEP][PASSED] - orPath_TaxInfo = "Object Repository/RAD_Pages/TaxInfo_Page": null

2024-01-14 16:10:10 - [TEST_STEP][PASSED] - orPath_Withholding = "Object Repository/RAD_Pages/Withholding_Page": null

2024-01-14 16:10:10 - [TEST_STEP][PASSED] - orPath_Summary = "Object Repository/RAD_Pages/Summary_Page": null

2024-01-14 16:10:10 - [TEST_STEP][PASSED] - orPath_PaymentReady = "Object Repository/RAD_Pages/PaymentReady_Page": null

2024-01-14 16:10:10 - [TEST_STEP][PASSED] - orPath_PaymentEntry = "Object Repository/RAD_Pages/PaymentEntry_Page": null

2024-01-14 16:10:10 - [TEST_STEP][PASSED] - orPath_PaymentConfirmation = "Object Repository/RAD_Pages/PaymentConfirmation_Page": null

2024-01-14 16:10:10 - [TEST_STEP][PASSED] - orPath_ServiceFeesAccept = "Object Repository/RAD_Pages/ServiceFeeAccept_Page": null

2024-01-14 16:10:10 - [TEST_STEP][PASSED] - selectOptionByLabel(findTestObject(orPath_Landing + "/dd_TaxType"), Paymenttype, false): All options with label 'Existing Liability w/Notice Number' are selected in object 'Object Repository/RAD_Pages/Landing_Page/dd_TaxType' 

2024-01-14 16:10:11 - [MESSAGE][PASSED] - All options with label 'Existing Liability w/Notice Number' are selected in object 'Object Repository/RAD_Pages/Landing_Page/dd_TaxType' 

2024-01-14 16:10:11 - [TEST_STEP][PASSED] - delay(1): Delayed 1 second(s)

2024-01-14 16:10:12 - [MESSAGE][PASSED] - Delayed 1 second(s)

2024-01-14 16:10:12 - [TEST_STEP][PASSED] - switch (Paymenttype): null

2024-01-14 16:10:12 - [TEST_STEP][PASSED] - case "Existing Liability w/Notice Number":: null

2024-01-14 16:10:12 - [TEST_STEP][PASSED] - selectOptionByLabel(findTestObject(orPath_TaxTypeFilingYear + "/select_TaxType_ExistingLiability"), Taxtype, false): All options with label 'Corporate Income Tax' are selected in object 'Object Repository/RAD_Pages/TaxTypeFilingYear_Page/select_TaxType_ExistingLiability' 

2024-01-14 16:10:13 - [MESSAGE][PASSED] - All options with label 'Corporate Income Tax' are selected in object 'Object Repository/RAD_Pages/TaxTypeFilingYear_Page/select_TaxType_ExistingLiability' 

2024-01-14 16:10:13 - [TEST_STEP][PASSED] - break: null

2024-01-14 16:10:13 - [TEST_STEP][PASSED] - delay(1): Delayed 1 second(s)

2024-01-14 16:10:14 - [MESSAGE][PASSED] - Delayed 1 second(s)

2024-01-14 16:10:14 - [TEST_STEP][PASSED] - switch (Paymenttype): null

2024-01-14 16:10:14 - [TEST_STEP][PASSED] - case "Existing Liability w/Notice Number":: null

2024-01-14 16:10:14 - [TEST_STEP][PASSED] - if (feinSsn.equalsIgnoreCase("Y")): null

2024-01-14 16:10:14 - [TEST_STEP][PASSED] - else: Text ****** has been set on object 'Object Repository/RAD_RecordAndPlay/input_Existing_RetypeFEIN'

2024-01-14 16:10:14 - [TEST_STEP][PASSED] - setEncryptedText(findTestObject("Object Repository/RAD_RecordAndPlay/input_Existing_FEIN"), "iGDxf8hSRT4="): Text ****** has been set on object 'Object Repository/RAD_RecordAndPlay/input_Existing_FEIN'

2024-01-14 16:10:14 - [MESSAGE][PASSED] - Text ****** has been set on object 'Object Repository/RAD_RecordAndPlay/input_Existing_FEIN'

2024-01-14 16:10:14 - [TEST_STEP][PASSED] - setEncryptedText(findTestObject("Object Repository/RAD_RecordAndPlay/input_Existing_RetypeFEIN"), ""): Text ****** has been set on object 'Object Repository/RAD_RecordAndPlay/input_Existing_RetypeFEIN'

2024-01-14 16:10:15 - [MESSAGE][PASSED] - Text ****** has been set on object 'Object Repository/RAD_RecordAndPlay/input_Existing_RetypeFEIN'

2024-01-14 16:10:15 - [TEST_STEP][PASSED] - break: null

2024-01-14 16:10:15 - [TEST_STEP][PASSED] - if (feinSsn.equalsIgnoreCase("Y")): null

2024-01-14 16:10:15 - [TEST_STEP][PASSED] - else: null

2024-01-14 16:10:15 - [TEST_STEP][PASSED] - if (verifyTextPresent("Please enter a valid FEIN with 9 digits.", true)): null

2024-01-14 16:10:15 - [MESSAGE][PASSED] - Text 'Please enter a valid FEIN with 9 digits.' is present on page  using regular expression

2024-01-14 16:10:15 - [TEST_STEP][PASSED] - println("Error Message is present on the page"): null

2024-01-14 16:10:15 - [TEST_STEP][PASSED] - out.println("Pass Record Number: " + row): null

2024-01-14 16:10:15 - [TEST_STEP][PASSED] - resText = "Pass": null

2024-01-14 16:10:15 - [TEST_STEP][PASSED] - pages.WriteExcel.demoKey(resText, datText, resColumn, datCloumn, fileLoc, nameSheet, row): pages.WriteExcel.demoKey is PASSED

2024-01-14 16:10:15 - [MESSAGE][PASSED] - pages.WriteExcel.demoKey is PASSED

2024-01-14 16:10:15 - [TEST_STEP][PASSED] - ExecuteTC = findTestData(dataFile).getValue("Execute", row): null

2024-01-14 16:10:15 - [TEST_STEP][PASSED] - Taxtype = findTestData(dataFile).getValue("TaxType", row): null

2024-01-14 16:10:15 - [TEST_STEP][PASSED] - Paymenttype = findTestData(dataFile).getValue("PaymentType", row): null

2024-01-14 16:10:15 - [TEST_STEP][PASSED] - feinSsn = findTestData(dataFile).getValue("FEINSSN", row): null

2024-01-14 16:10:15 - [TEST_STEP][PASSED] - out.println("Value of Execute is : " + ExecuteTC): null

2024-01-14 16:10:15 - [TEST_STEP][PASSED] - if (ExecuteTC.equalsIgnoreCase("Y")): null

2024-01-14 16:10:15 - [TEST_STEP][PASSED] - out.println("Begin Record Number: " + row): null

2024-01-14 16:10:15 - [TEST_STEP][PASSED] - today = new java.util.Date(): null

2024-01-14 16:10:15 - [TEST_STEP][PASSED] - println(today): null

2024-01-14 16:10:15 - [TEST_STEP][PASSED] - datText = today: null

2024-01-14 16:10:15 - [TEST_STEP][PASSED] - Taxtype = findTestData(dataFile).getValue("TaxType", row): null

2024-01-14 16:10:16 - [TEST_STEP][PASSED] - out.println("Taxtype value is : " + Taxtype): null

2024-01-14 16:10:16 - [TEST_STEP][PASSED] - openBrowser(""): Browser is opened with url: ''

2024-01-14 16:10:16 - [MESSAGE][WARNING] - A browser is already opened. Closing browser and opening a new one

2024-01-14 16:10:16 - [MESSAGE][INFO] - Starting 'Chrome' driver

2024-01-14 16:10:16 - [MESSAGE][INFO] - User set preference: ['acceptInsecureCerts', 'true']

2024-01-14 16:10:16 - [MESSAGE][INFO] - Action delay is set to 0 milliseconds

2024-01-14 16:10:18 - [MESSAGE][PASSED] - Browser is opened with url: ''

2024-01-14 16:10:18 - [TEST_STEP][PASSED] - maximizeWindow(): Current window maximized

2024-01-14 16:10:18 - [MESSAGE][PASSED] - Current window maximized

2024-01-14 16:10:18 - [TEST_STEP][PASSED] - navigateToUrl(RADurl): Navigate to 'https://qa2.velocitypayment.com/client/rad/index.html' successfully

2024-01-14 16:10:20 - [MESSAGE][PASSED] - Navigate to 'https://qa2.velocitypayment.com/client/rad/index.html' successfully

2024-01-14 16:10:20 - [TEST_STEP][PASSED] - orPath_Landing = "Object Repository/RAD_Pages/Landing_Page": null

2024-01-14 16:10:20 - [TEST_STEP][PASSED] - orPath_TaxTypeFilingYear = "Object Repository/RAD_Pages/TaxTypeFilingYear_Page": null

2024-01-14 16:10:20 - [TEST_STEP][PASSED] - orPath_TaxPayer = "Object Repository/RAD_Pages/Taxpayer_Page": null

2024-01-14 16:10:20 - [TEST_STEP][PASSED] - orPath_AddressContact = "Object Repository/RAD_Pages/AddressAndContactInfo_Page": null

2024-01-14 16:10:20 - [TEST_STEP][PASSED] - orPath_FilingStatus = "Object Repository/RAD_Pages/FilingStatus_Page": null

2024-01-14 16:10:20 - [TEST_STEP][PASSED] - orPath_Amount = "Object Repository/RAD_Pages/PaymentAmount_Page": null

2024-01-14 16:10:20 - [TEST_STEP][PASSED] - orPath_TaxInfo = "Object Repository/RAD_Pages/TaxInfo_Page": null

2024-01-14 16:10:20 - [TEST_STEP][PASSED] - orPath_Withholding = "Object Repository/RAD_Pages/Withholding_Page": null

2024-01-14 16:10:20 - [TEST_STEP][PASSED] - orPath_Summary = "Object Repository/RAD_Pages/Summary_Page": null

2024-01-14 16:10:20 - [TEST_STEP][PASSED] - orPath_PaymentReady = "Object Repository/RAD_Pages/PaymentReady_Page": null

2024-01-14 16:10:20 - [TEST_STEP][PASSED] - orPath_PaymentEntry = "Object Repository/RAD_Pages/PaymentEntry_Page": null

2024-01-14 16:10:20 - [TEST_STEP][PASSED] - orPath_PaymentConfirmation = "Object Repository/RAD_Pages/PaymentConfirmation_Page": null

2024-01-14 16:10:20 - [TEST_STEP][PASSED] - orPath_ServiceFeesAccept = "Object Repository/RAD_Pages/ServiceFeeAccept_Page": null

2024-01-14 16:10:20 - [TEST_STEP][PASSED] - selectOptionByLabel(findTestObject(orPath_Landing + "/dd_TaxType"), Paymenttype, false): All options with label 'Existing Liability w/Notice Number' are selected in object 'Object Repository/RAD_Pages/Landing_Page/dd_TaxType' 

2024-01-14 16:10:20 - [MESSAGE][PASSED] - All options with label 'Existing Liability w/Notice Number' are selected in object 'Object Repository/RAD_Pages/Landing_Page/dd_TaxType' 

2024-01-14 16:10:20 - [TEST_STEP][PASSED] - delay(1): Delayed 1 second(s)

2024-01-14 16:10:21 - [MESSAGE][PASSED] - Delayed 1 second(s)

2024-01-14 16:10:21 - [TEST_STEP][PASSED] - switch (Paymenttype): null

2024-01-14 16:10:21 - [TEST_STEP][PASSED] - case "Existing Liability w/Notice Number":: null

2024-01-14 16:10:21 - [TEST_STEP][PASSED] - selectOptionByLabel(findTestObject(orPath_TaxTypeFilingYear + "/select_TaxType_ExistingLiability"), Taxtype, false): All options with label 'Fiduciary Tax' are selected in object 'Object Repository/RAD_Pages/TaxTypeFilingYear_Page/select_TaxType_ExistingLiability' 

2024-01-14 16:10:22 - [MESSAGE][PASSED] - All options with label 'Fiduciary Tax' are selected in object 'Object Repository/RAD_Pages/TaxTypeFilingYear_Page/select_TaxType_ExistingLiability' 

2024-01-14 16:10:22 - [TEST_STEP][PASSED] - break: null

2024-01-14 16:10:22 - [TEST_STEP][PASSED] - delay(1): Delayed 1 second(s)

2024-01-14 16:10:23 - [MESSAGE][PASSED] - Delayed 1 second(s)

2024-01-14 16:10:23 - [TEST_STEP][PASSED] - switch (Paymenttype): null

2024-01-14 16:10:23 - [TEST_STEP][PASSED] - case "Existing Liability w/Notice Number":: null

2024-01-14 16:10:23 - [TEST_STEP][PASSED] - if (feinSsn.equalsIgnoreCase("Y")): null

2024-01-14 16:10:23 - [TEST_STEP][PASSED] - else: Text ****** has been set on object 'Object Repository/RAD_RecordAndPlay/input_Existing_RetypeFEIN'

2024-01-14 16:10:23 - [TEST_STEP][PASSED] - setEncryptedText(findTestObject("Object Repository/RAD_RecordAndPlay/input_Existing_FEIN"), "iGDxf8hSRT4="): Text ****** has been set on object 'Object Repository/RAD_RecordAndPlay/input_Existing_FEIN'

2024-01-14 16:10:23 - [MESSAGE][PASSED] - Text ****** has been set on object 'Object Repository/RAD_RecordAndPlay/input_Existing_FEIN'

2024-01-14 16:10:24 - [TEST_STEP][PASSED] - setEncryptedText(findTestObject("Object Repository/RAD_RecordAndPlay/input_Existing_RetypeFEIN"), ""): Text ****** has been set on object 'Object Repository/RAD_RecordAndPlay/input_Existing_RetypeFEIN'

2024-01-14 16:10:24 - [MESSAGE][PASSED] - Text ****** has been set on object 'Object Repository/RAD_RecordAndPlay/input_Existing_RetypeFEIN'

2024-01-14 16:10:24 - [TEST_STEP][PASSED] - break: null

2024-01-14 16:10:24 - [TEST_STEP][PASSED] - if (feinSsn.equalsIgnoreCase("Y")): null

2024-01-14 16:10:24 - [TEST_STEP][PASSED] - else: null

2024-01-14 16:10:24 - [TEST_STEP][PASSED] - if (verifyTextPresent("Please enter a valid FEIN with 9 digits.", true)): null

2024-01-14 16:10:25 - [MESSAGE][PASSED] - Text 'Please enter a valid FEIN with 9 digits.' is present on page  using regular expression

2024-01-14 16:10:25 - [TEST_STEP][PASSED] - println("Error Message is present on the page"): null

2024-01-14 16:10:25 - [TEST_STEP][PASSED] - out.println("Pass Record Number: " + row): null

2024-01-14 16:10:25 - [TEST_STEP][PASSED] - resText = "Pass": null

2024-01-14 16:10:25 - [TEST_STEP][PASSED] - pages.WriteExcel.demoKey(resText, datText, resColumn, datCloumn, fileLoc, nameSheet, row): pages.WriteExcel.demoKey is PASSED

2024-01-14 16:10:25 - [MESSAGE][PASSED] - pages.WriteExcel.demoKey is PASSED

2024-01-14 16:10:25 - [TEST_STEP][PASSED] - ExecuteTC = findTestData(dataFile).getValue("Execute", row): null

2024-01-14 16:10:25 - [TEST_STEP][PASSED] - Taxtype = findTestData(dataFile).getValue("TaxType", row): null

2024-01-14 16:10:25 - [TEST_STEP][PASSED] - Paymenttype = findTestData(dataFile).getValue("PaymentType", row): null

2024-01-14 16:10:25 - [TEST_STEP][PASSED] - feinSsn = findTestData(dataFile).getValue("FEINSSN", row): null

2024-01-14 16:10:25 - [TEST_STEP][PASSED] - out.println("Value of Execute is : " + ExecuteTC): null

2024-01-14 16:10:25 - [TEST_STEP][PASSED] - if (ExecuteTC.equalsIgnoreCase("Y")): null

2024-01-14 16:10:25 - [TEST_STEP][PASSED] - out.println("Begin Record Number: " + row): null

2024-01-14 16:10:25 - [TEST_STEP][PASSED] - today = new java.util.Date(): null

2024-01-14 16:10:25 - [TEST_STEP][PASSED] - println(today): null

2024-01-14 16:10:25 - [TEST_STEP][PASSED] - datText = today: null

2024-01-14 16:10:25 - [TEST_STEP][PASSED] - Taxtype = findTestData(dataFile).getValue("TaxType", row): null

2024-01-14 16:10:25 - [TEST_STEP][PASSED] - out.println("Taxtype value is : " + Taxtype): null

2024-01-14 16:10:25 - [TEST_STEP][PASSED] - openBrowser(""): Browser is opened with url: ''

2024-01-14 16:10:25 - [MESSAGE][WARNING] - A browser is already opened. Closing browser and opening a new one

2024-01-14 16:10:26 - [MESSAGE][INFO] - Starting 'Chrome' driver

2024-01-14 16:10:26 - [MESSAGE][INFO] - User set preference: ['acceptInsecureCerts', 'true']

2024-01-14 16:10:26 - [MESSAGE][INFO] - Action delay is set to 0 milliseconds

2024-01-14 16:10:28 - [MESSAGE][PASSED] - Browser is opened with url: ''

2024-01-14 16:10:28 - [TEST_STEP][PASSED] - maximizeWindow(): Current window maximized

2024-01-14 16:10:28 - [MESSAGE][PASSED] - Current window maximized

2024-01-14 16:10:28 - [TEST_STEP][PASSED] - navigateToUrl(RADurl): Navigate to 'https://qa2.velocitypayment.com/client/rad/index.html' successfully

2024-01-14 16:10:29 - [MESSAGE][PASSED] - Navigate to 'https://qa2.velocitypayment.com/client/rad/index.html' successfully

2024-01-14 16:10:29 - [TEST_STEP][PASSED] - orPath_Landing = "Object Repository/RAD_Pages/Landing_Page": null

2024-01-14 16:10:29 - [TEST_STEP][PASSED] - orPath_TaxTypeFilingYear = "Object Repository/RAD_Pages/TaxTypeFilingYear_Page": null

2024-01-14 16:10:29 - [TEST_STEP][PASSED] - orPath_TaxPayer = "Object Repository/RAD_Pages/Taxpayer_Page": null

2024-01-14 16:10:29 - [TEST_STEP][PASSED] - orPath_AddressContact = "Object Repository/RAD_Pages/AddressAndContactInfo_Page": null

2024-01-14 16:10:29 - [TEST_STEP][PASSED] - orPath_FilingStatus = "Object Repository/RAD_Pages/FilingStatus_Page": null

2024-01-14 16:10:29 - [TEST_STEP][PASSED] - orPath_Amount = "Object Repository/RAD_Pages/PaymentAmount_Page": null

2024-01-14 16:10:29 - [TEST_STEP][PASSED] - orPath_TaxInfo = "Object Repository/RAD_Pages/TaxInfo_Page": null

2024-01-14 16:10:29 - [TEST_STEP][PASSED] - orPath_Withholding = "Object Repository/RAD_Pages/Withholding_Page": null

2024-01-14 16:10:29 - [TEST_STEP][PASSED] - orPath_Summary = "Object Repository/RAD_Pages/Summary_Page": null

2024-01-14 16:10:29 - [TEST_STEP][PASSED] - orPath_PaymentReady = "Object Repository/RAD_Pages/PaymentReady_Page": null

2024-01-14 16:10:29 - [TEST_STEP][PASSED] - orPath_PaymentEntry = "Object Repository/RAD_Pages/PaymentEntry_Page": null

2024-01-14 16:10:29 - [TEST_STEP][PASSED] - orPath_PaymentConfirmation = "Object Repository/RAD_Pages/PaymentConfirmation_Page": null

2024-01-14 16:10:29 - [TEST_STEP][PASSED] - orPath_ServiceFeesAccept = "Object Repository/RAD_Pages/ServiceFeeAccept_Page": null

2024-01-14 16:10:29 - [TEST_STEP][PASSED] - selectOptionByLabel(findTestObject(orPath_Landing + "/dd_TaxType"), Paymenttype, false): All options with label 'Existing Liability w/Notice Number' are selected in object 'Object Repository/RAD_Pages/Landing_Page/dd_TaxType' 

2024-01-14 16:10:30 - [MESSAGE][PASSED] - All options with label 'Existing Liability w/Notice Number' are selected in object 'Object Repository/RAD_Pages/Landing_Page/dd_TaxType' 

2024-01-14 16:10:30 - [TEST_STEP][PASSED] - delay(1): Delayed 1 second(s)

2024-01-14 16:10:31 - [MESSAGE][PASSED] - Delayed 1 second(s)

2024-01-14 16:10:31 - [TEST_STEP][PASSED] - switch (Paymenttype): null

2024-01-14 16:10:31 - [TEST_STEP][PASSED] - case "Existing Liability w/Notice Number":: null

2024-01-14 16:10:31 - [TEST_STEP][PASSED] - selectOptionByLabel(findTestObject(orPath_TaxTypeFilingYear + "/select_TaxType_ExistingLiability"), Taxtype, false): All options with label 'PTE Non-Electing Non-S Corp' are selected in object 'Object Repository/RAD_Pages/TaxTypeFilingYear_Page/select_TaxType_ExistingLiability' 

2024-01-14 16:10:31 - [MESSAGE][PASSED] - All options with label 'PTE Non-Electing Non-S Corp' are selected in object 'Object Repository/RAD_Pages/TaxTypeFilingYear_Page/select_TaxType_ExistingLiability' 

2024-01-14 16:10:31 - [TEST_STEP][PASSED] - break: null

2024-01-14 16:10:31 - [TEST_STEP][PASSED] - delay(1): Delayed 1 second(s)

2024-01-14 16:10:32 - [MESSAGE][PASSED] - Delayed 1 second(s)

2024-01-14 16:10:32 - [TEST_STEP][PASSED] - switch (Paymenttype): null

2024-01-14 16:10:32 - [TEST_STEP][PASSED] - case "Existing Liability w/Notice Number":: null

2024-01-14 16:10:32 - [TEST_STEP][PASSED] - if (feinSsn.equalsIgnoreCase("Y")): Text ****** has been set on object 'Object Repository/RAD_Pages/TaxInfo_Page/input_TaxInfo_RetypefeinSsn_Existing_New'

2024-01-14 16:10:32 - [TEST_STEP][PASSED] - setEncryptedText(findTestObject(orPath_TaxInfo + "/input_TaxInfo_feinSsn_Existing_New"), "iGDxf8hSRT4="): Text ****** has been set on object 'Object Repository/RAD_Pages/TaxInfo_Page/input_TaxInfo_feinSsn_Existing_New'

2024-01-14 16:10:33 - [MESSAGE][PASSED] - Text ****** has been set on object 'Object Repository/RAD_Pages/TaxInfo_Page/input_TaxInfo_feinSsn_Existing_New'

2024-01-14 16:10:33 - [TEST_STEP][PASSED] - setEncryptedText(findTestObject(orPath_TaxInfo + "/input_TaxInfo_RetypefeinSsn_Existing_New"), ""): Text ****** has been set on object 'Object Repository/RAD_Pages/TaxInfo_Page/input_TaxInfo_RetypefeinSsn_Existing_New'

2024-01-14 16:10:34 - [MESSAGE][PASSED] - Text ****** has been set on object 'Object Repository/RAD_Pages/TaxInfo_Page/input_TaxInfo_RetypefeinSsn_Existing_New'

2024-01-14 16:10:34 - [TEST_STEP][PASSED] - break: null

2024-01-14 16:10:34 - [TEST_STEP][PASSED] - if (feinSsn.equalsIgnoreCase("Y")): null

2024-01-14 16:10:34 - [TEST_STEP][PASSED] - if (verifyTextPresent("Please enter a valid FEIN/SSN with 9 digits", true)): null

2024-01-14 16:10:34 - [MESSAGE][PASSED] - Text 'Please enter a valid FEIN/SSN with 9 digits' is present on page  using regular expression

2024-01-14 16:10:34 - [TEST_STEP][PASSED] - println("Error Message is present on the page"): null

2024-01-14 16:10:34 - [TEST_STEP][PASSED] - out.println("Pass Record Number: " + row): null

2024-01-14 16:10:34 - [TEST_STEP][PASSED] - resText = "Pass": null

2024-01-14 16:10:34 - [TEST_STEP][PASSED] - pages.WriteExcel.demoKey(resText, datText, resColumn, datCloumn, fileLoc, nameSheet, row): pages.WriteExcel.demoKey is PASSED

2024-01-14 16:10:34 - [MESSAGE][PASSED] - pages.WriteExcel.demoKey is PASSED

2024-01-14 16:10:34 - [TEST_STEP][PASSED] - ExecuteTC = findTestData(dataFile).getValue("Execute", row): null

2024-01-14 16:10:34 - [TEST_STEP][PASSED] - Taxtype = findTestData(dataFile).getValue("TaxType", row): null

2024-01-14 16:10:34 - [TEST_STEP][PASSED] - Paymenttype = findTestData(dataFile).getValue("PaymentType", row): null

2024-01-14 16:10:35 - [TEST_STEP][PASSED] - feinSsn = findTestData(dataFile).getValue("FEINSSN", row): null

2024-01-14 16:10:35 - [TEST_STEP][PASSED] - out.println("Value of Execute is : " + ExecuteTC): null

2024-01-14 16:10:35 - [TEST_STEP][PASSED] - if (ExecuteTC.equalsIgnoreCase("Y")): null

2024-01-14 16:10:35 - [TEST_STEP][PASSED] - out.println("Begin Record Number: " + row): null

2024-01-14 16:10:35 - [TEST_STEP][PASSED] - today = new java.util.Date(): null

2024-01-14 16:10:35 - [TEST_STEP][PASSED] - println(today): null

2024-01-14 16:10:35 - [TEST_STEP][PASSED] - datText = today: null

2024-01-14 16:10:35 - [TEST_STEP][PASSED] - Taxtype = findTestData(dataFile).getValue("TaxType", row): null

2024-01-14 16:10:35 - [TEST_STEP][PASSED] - out.println("Taxtype value is : " + Taxtype): null

2024-01-14 16:10:35 - [TEST_STEP][PASSED] - openBrowser(""): Browser is opened with url: ''

2024-01-14 16:10:35 - [MESSAGE][WARNING] - A browser is already opened. Closing browser and opening a new one

2024-01-14 16:10:36 - [MESSAGE][INFO] - Starting 'Chrome' driver

2024-01-14 16:10:36 - [MESSAGE][INFO] - User set preference: ['acceptInsecureCerts', 'true']

2024-01-14 16:10:36 - [MESSAGE][INFO] - Action delay is set to 0 milliseconds

2024-01-14 16:10:37 - [MESSAGE][PASSED] - Browser is opened with url: ''

2024-01-14 16:10:37 - [TEST_STEP][PASSED] - maximizeWindow(): Current window maximized

2024-01-14 16:10:37 - [MESSAGE][PASSED] - Current window maximized

2024-01-14 16:10:37 - [TEST_STEP][PASSED] - navigateToUrl(RADurl): Navigate to 'https://qa2.velocitypayment.com/client/rad/index.html' successfully

2024-01-14 16:10:39 - [MESSAGE][PASSED] - Navigate to 'https://qa2.velocitypayment.com/client/rad/index.html' successfully

2024-01-14 16:10:39 - [TEST_STEP][PASSED] - orPath_Landing = "Object Repository/RAD_Pages/Landing_Page": null

2024-01-14 16:10:39 - [TEST_STEP][PASSED] - orPath_TaxTypeFilingYear = "Object Repository/RAD_Pages/TaxTypeFilingYear_Page": null

2024-01-14 16:10:39 - [TEST_STEP][PASSED] - orPath_TaxPayer = "Object Repository/RAD_Pages/Taxpayer_Page": null

2024-01-14 16:10:39 - [TEST_STEP][PASSED] - orPath_AddressContact = "Object Repository/RAD_Pages/AddressAndContactInfo_Page": null

2024-01-14 16:10:39 - [TEST_STEP][PASSED] - orPath_FilingStatus = "Object Repository/RAD_Pages/FilingStatus_Page": null

2024-01-14 16:10:39 - [TEST_STEP][PASSED] - orPath_Amount = "Object Repository/RAD_Pages/PaymentAmount_Page": null

2024-01-14 16:10:39 - [TEST_STEP][PASSED] - orPath_TaxInfo = "Object Repository/RAD_Pages/TaxInfo_Page": null

2024-01-14 16:10:39 - [TEST_STEP][PASSED] - orPath_Withholding = "Object Repository/RAD_Pages/Withholding_Page": null

2024-01-14 16:10:39 - [TEST_STEP][PASSED] - orPath_Summary = "Object Repository/RAD_Pages/Summary_Page": null

2024-01-14 16:10:39 - [TEST_STEP][PASSED] - orPath_PaymentReady = "Object Repository/RAD_Pages/PaymentReady_Page": null

2024-01-14 16:10:39 - [TEST_STEP][PASSED] - orPath_PaymentEntry = "Object Repository/RAD_Pages/PaymentEntry_Page": null

2024-01-14 16:10:39 - [TEST_STEP][PASSED] - orPath_PaymentConfirmation = "Object Repository/RAD_Pages/PaymentConfirmation_Page": null

2024-01-14 16:10:39 - [TEST_STEP][PASSED] - orPath_ServiceFeesAccept = "Object Repository/RAD_Pages/ServiceFeeAccept_Page": null

2024-01-14 16:10:39 - [TEST_STEP][PASSED] - selectOptionByLabel(findTestObject(orPath_Landing + "/dd_TaxType"), Paymenttype, false): All options with label 'Existing Liability w/Notice Number' are selected in object 'Object Repository/RAD_Pages/Landing_Page/dd_TaxType' 

2024-01-14 16:10:39 - [MESSAGE][PASSED] - All options with label 'Existing Liability w/Notice Number' are selected in object 'Object Repository/RAD_Pages/Landing_Page/dd_TaxType' 

2024-01-14 16:10:39 - [TEST_STEP][PASSED] - delay(1): Delayed 1 second(s)

2024-01-14 16:10:40 - [MESSAGE][PASSED] - Delayed 1 second(s)

2024-01-14 16:10:40 - [TEST_STEP][PASSED] - switch (Paymenttype): null

2024-01-14 16:10:40 - [TEST_STEP][PASSED] - case "Existing Liability w/Notice Number":: null

2024-01-14 16:10:40 - [TEST_STEP][PASSED] - selectOptionByLabel(findTestObject(orPath_TaxTypeFilingYear + "/select_TaxType_ExistingLiability"), Taxtype, false): All options with label 'PTE Non-Electing S Corp' are selected in object 'Object Repository/RAD_Pages/TaxTypeFilingYear_Page/select_TaxType_ExistingLiability' 

2024-01-14 16:10:41 - [MESSAGE][PASSED] - All options with label 'PTE Non-Electing S Corp' are selected in object 'Object Repository/RAD_Pages/TaxTypeFilingYear_Page/select_TaxType_ExistingLiability' 

2024-01-14 16:10:41 - [TEST_STEP][PASSED] - break: null

2024-01-14 16:10:41 - [TEST_STEP][PASSED] - delay(1): Delayed 1 second(s)

2024-01-14 16:10:42 - [MESSAGE][PASSED] - Delayed 1 second(s)

2024-01-14 16:10:42 - [TEST_STEP][PASSED] - switch (Paymenttype): null

2024-01-14 16:10:42 - [TEST_STEP][PASSED] - case "Existing Liability w/Notice Number":: null

2024-01-14 16:10:42 - [TEST_STEP][PASSED] - if (feinSsn.equalsIgnoreCase("Y")): Text ****** has been set on object 'Object Repository/RAD_Pages/TaxInfo_Page/input_TaxInfo_RetypefeinSsn_Existing_New'

2024-01-14 16:10:42 - [TEST_STEP][PASSED] - setEncryptedText(findTestObject(orPath_TaxInfo + "/input_TaxInfo_feinSsn_Existing_New"), "iGDxf8hSRT4="): Text ****** has been set on object 'Object Repository/RAD_Pages/TaxInfo_Page/input_TaxInfo_feinSsn_Existing_New'

2024-01-14 16:10:43 - [MESSAGE][PASSED] - Text ****** has been set on object 'Object Repository/RAD_Pages/TaxInfo_Page/input_TaxInfo_feinSsn_Existing_New'

2024-01-14 16:10:43 - [TEST_STEP][PASSED] - setEncryptedText(findTestObject(orPath_TaxInfo + "/input_TaxInfo_RetypefeinSsn_Existing_New"), ""): Text ****** has been set on object 'Object Repository/RAD_Pages/TaxInfo_Page/input_TaxInfo_RetypefeinSsn_Existing_New'

2024-01-14 16:10:43 - [MESSAGE][PASSED] - Text ****** has been set on object 'Object Repository/RAD_Pages/TaxInfo_Page/input_TaxInfo_RetypefeinSsn_Existing_New'

2024-01-14 16:10:43 - [TEST_STEP][PASSED] - break: null

2024-01-14 16:10:43 - [TEST_STEP][PASSED] - if (feinSsn.equalsIgnoreCase("Y")): null

2024-01-14 16:10:43 - [TEST_STEP][PASSED] - if (verifyTextPresent("Please enter a valid FEIN/SSN with 9 digits", true)): null

2024-01-14 16:10:44 - [MESSAGE][PASSED] - Text 'Please enter a valid FEIN/SSN with 9 digits' is present on page  using regular expression

2024-01-14 16:10:44 - [TEST_STEP][PASSED] - println("Error Message is present on the page"): null

2024-01-14 16:10:44 - [TEST_STEP][PASSED] - out.println("Pass Record Number: " + row): null

2024-01-14 16:10:44 - [TEST_STEP][PASSED] - resText = "Pass": null

2024-01-14 16:10:44 - [TEST_STEP][PASSED] - pages.WriteExcel.demoKey(resText, datText, resColumn, datCloumn, fileLoc, nameSheet, row): pages.WriteExcel.demoKey is PASSED

2024-01-14 16:10:44 - [MESSAGE][PASSED] - pages.WriteExcel.demoKey is PASSED

2024-01-14 16:10:44 - [TEST_STEP][PASSED] - ExecuteTC = findTestData(dataFile).getValue("Execute", row): null

2024-01-14 16:10:44 - [TEST_STEP][PASSED] - Taxtype = findTestData(dataFile).getValue("TaxType", row): null

2024-01-14 16:10:44 - [TEST_STEP][PASSED] - Paymenttype = findTestData(dataFile).getValue("PaymentType", row): null

2024-01-14 16:10:44 - [TEST_STEP][PASSED] - feinSsn = findTestData(dataFile).getValue("FEINSSN", row): null

2024-01-14 16:10:44 - [TEST_STEP][PASSED] - out.println("Value of Execute is : " + ExecuteTC): null

2024-01-14 16:10:44 - [TEST_STEP][PASSED] - if (ExecuteTC.equalsIgnoreCase("Y")): null

2024-01-14 16:10:44 - [TEST_STEP][PASSED] - out.println("Begin Record Number: " + row): null

2024-01-14 16:10:44 - [TEST_STEP][PASSED] - today = new java.util.Date(): null

2024-01-14 16:10:44 - [TEST_STEP][PASSED] - println(today): null

2024-01-14 16:10:44 - [TEST_STEP][PASSED] - datText = today: null

2024-01-14 16:10:44 - [TEST_STEP][PASSED] - Taxtype = findTestData(dataFile).getValue("TaxType", row): null

2024-01-14 16:10:44 - [TEST_STEP][PASSED] - out.println("Taxtype value is : " + Taxtype): null

2024-01-14 16:10:44 - [TEST_STEP][PASSED] - openBrowser(""): Browser is opened with url: ''

2024-01-14 16:10:44 - [MESSAGE][WARNING] - A browser is already opened. Closing browser and opening a new one

2024-01-14 16:10:45 - [MESSAGE][INFO] - Starting 'Chrome' driver

2024-01-14 16:10:45 - [MESSAGE][INFO] - User set preference: ['acceptInsecureCerts', 'true']

2024-01-14 16:10:45 - [MESSAGE][INFO] - Action delay is set to 0 milliseconds

2024-01-14 16:10:47 - [MESSAGE][PASSED] - Browser is opened with url: ''

2024-01-14 16:10:47 - [TEST_STEP][PASSED] - maximizeWindow(): Current window maximized

2024-01-14 16:10:47 - [MESSAGE][PASSED] - Current window maximized

2024-01-14 16:10:47 - [TEST_STEP][PASSED] - navigateToUrl(RADurl): Navigate to 'https://qa2.velocitypayment.com/client/rad/index.html' successfully

2024-01-14 16:10:48 - [MESSAGE][PASSED] - Navigate to 'https://qa2.velocitypayment.com/client/rad/index.html' successfully

2024-01-14 16:10:48 - [TEST_STEP][PASSED] - orPath_Landing = "Object Repository/RAD_Pages/Landing_Page": null

2024-01-14 16:10:48 - [TEST_STEP][PASSED] - orPath_TaxTypeFilingYear = "Object Repository/RAD_Pages/TaxTypeFilingYear_Page": null

2024-01-14 16:10:48 - [TEST_STEP][PASSED] - orPath_TaxPayer = "Object Repository/RAD_Pages/Taxpayer_Page": null

2024-01-14 16:10:48 - [TEST_STEP][PASSED] - orPath_AddressContact = "Object Repository/RAD_Pages/AddressAndContactInfo_Page": null

2024-01-14 16:10:48 - [TEST_STEP][PASSED] - orPath_FilingStatus = "Object Repository/RAD_Pages/FilingStatus_Page": null

2024-01-14 16:10:48 - [TEST_STEP][PASSED] - orPath_Amount = "Object Repository/RAD_Pages/PaymentAmount_Page": null

2024-01-14 16:10:48 - [TEST_STEP][PASSED] - orPath_TaxInfo = "Object Repository/RAD_Pages/TaxInfo_Page": null

2024-01-14 16:10:48 - [TEST_STEP][PASSED] - orPath_Withholding = "Object Repository/RAD_Pages/Withholding_Page": null

2024-01-14 16:10:48 - [TEST_STEP][PASSED] - orPath_Summary = "Object Repository/RAD_Pages/Summary_Page": null

2024-01-14 16:10:48 - [TEST_STEP][PASSED] - orPath_PaymentReady = "Object Repository/RAD_Pages/PaymentReady_Page": null

2024-01-14 16:10:48 - [TEST_STEP][PASSED] - orPath_PaymentEntry = "Object Repository/RAD_Pages/PaymentEntry_Page": null

2024-01-14 16:10:48 - [TEST_STEP][PASSED] - orPath_PaymentConfirmation = "Object Repository/RAD_Pages/PaymentConfirmation_Page": null

2024-01-14 16:10:48 - [TEST_STEP][PASSED] - orPath_ServiceFeesAccept = "Object Repository/RAD_Pages/ServiceFeeAccept_Page": null

2024-01-14 16:10:48 - [TEST_STEP][PASSED] - selectOptionByLabel(findTestObject(orPath_Landing + "/dd_TaxType"), Paymenttype, false): All options with label 'Existing Liability w/Notice Number' are selected in object 'Object Repository/RAD_Pages/Landing_Page/dd_TaxType' 

2024-01-14 16:10:49 - [MESSAGE][PASSED] - All options with label 'Existing Liability w/Notice Number' are selected in object 'Object Repository/RAD_Pages/Landing_Page/dd_TaxType' 

2024-01-14 16:10:49 - [TEST_STEP][PASSED] - delay(1): Delayed 1 second(s)

2024-01-14 16:10:50 - [MESSAGE][PASSED] - Delayed 1 second(s)

2024-01-14 16:10:50 - [TEST_STEP][PASSED] - switch (Paymenttype): null

2024-01-14 16:10:50 - [TEST_STEP][PASSED] - case "Existing Liability w/Notice Number":: null

2024-01-14 16:10:50 - [TEST_STEP][PASSED] - selectOptionByLabel(findTestObject(orPath_TaxTypeFilingYear + "/select_TaxType_ExistingLiability"), Taxtype, false): All options with label 'Sales & Use Tax' are selected in object 'Object Repository/RAD_Pages/TaxTypeFilingYear_Page/select_TaxType_ExistingLiability' 

2024-01-14 16:10:51 - [MESSAGE][PASSED] - All options with label 'Sales & Use Tax' are selected in object 'Object Repository/RAD_Pages/TaxTypeFilingYear_Page/select_TaxType_ExistingLiability' 

2024-01-14 16:10:51 - [TEST_STEP][PASSED] - break: null

2024-01-14 16:10:51 - [TEST_STEP][PASSED] - delay(1): Delayed 1 second(s)

2024-01-14 16:10:52 - [MESSAGE][PASSED] - Delayed 1 second(s)

2024-01-14 16:10:52 - [TEST_STEP][PASSED] - switch (Paymenttype): null

2024-01-14 16:10:52 - [TEST_STEP][PASSED] - case "Existing Liability w/Notice Number":: null

2024-01-14 16:10:52 - [TEST_STEP][PASSED] - if (feinSsn.equalsIgnoreCase("Y")): null

2024-01-14 16:10:52 - [TEST_STEP][PASSED] - else: Text ****** has been set on object 'Object Repository/RAD_RecordAndPlay/input_Existing_RetypeFEIN'

2024-01-14 16:10:52 - [TEST_STEP][PASSED] - setEncryptedText(findTestObject("Object Repository/RAD_RecordAndPlay/input_Existing_FEIN"), "iGDxf8hSRT4="): Text ****** has been set on object 'Object Repository/RAD_RecordAndPlay/input_Existing_FEIN'

2024-01-14 16:10:52 - [MESSAGE][PASSED] - Text ****** has been set on object 'Object Repository/RAD_RecordAndPlay/input_Existing_FEIN'

2024-01-14 16:10:52 - [TEST_STEP][PASSED] - setEncryptedText(findTestObject("Object Repository/RAD_RecordAndPlay/input_Existing_RetypeFEIN"), ""): Text ****** has been set on object 'Object Repository/RAD_RecordAndPlay/input_Existing_RetypeFEIN'

2024-01-14 16:10:53 - [MESSAGE][PASSED] - Text ****** has been set on object 'Object Repository/RAD_RecordAndPlay/input_Existing_RetypeFEIN'

2024-01-14 16:10:53 - [TEST_STEP][PASSED] - break: null

2024-01-14 16:10:53 - [TEST_STEP][PASSED] - if (feinSsn.equalsIgnoreCase("Y")): null

2024-01-14 16:10:53 - [TEST_STEP][PASSED] - else: null

2024-01-14 16:10:53 - [TEST_STEP][PASSED] - if (verifyTextPresent("Please enter a valid FEIN with 9 digits.", true)): null

2024-01-14 16:10:53 - [MESSAGE][PASSED] - Text 'Please enter a valid FEIN with 9 digits.' is present on page  using regular expression

2024-01-14 16:10:53 - [TEST_STEP][PASSED] - println("Error Message is present on the page"): null

2024-01-14 16:10:53 - [TEST_STEP][PASSED] - out.println("Pass Record Number: " + row): null

2024-01-14 16:10:53 - [TEST_STEP][PASSED] - resText = "Pass": null

2024-01-14 16:10:53 - [TEST_STEP][PASSED] - pages.WriteExcel.demoKey(resText, datText, resColumn, datCloumn, fileLoc, nameSheet, row): pages.WriteExcel.demoKey is PASSED

2024-01-14 16:10:53 - [MESSAGE][PASSED] - pages.WriteExcel.demoKey is PASSED

2024-01-14 16:10:53 - [TEST_STEP][PASSED] - ExecuteTC = findTestData(dataFile).getValue("Execute", row): null

2024-01-14 16:10:53 - [TEST_STEP][PASSED] - Taxtype = findTestData(dataFile).getValue("TaxType", row): null

2024-01-14 16:10:53 - [TEST_STEP][PASSED] - Paymenttype = findTestData(dataFile).getValue("PaymentType", row): null

2024-01-14 16:10:53 - [TEST_STEP][PASSED] - feinSsn = findTestData(dataFile).getValue("FEINSSN", row): null

2024-01-14 16:10:53 - [TEST_STEP][PASSED] - out.println("Value of Execute is : " + ExecuteTC): null

2024-01-14 16:10:53 - [TEST_STEP][PASSED] - if (ExecuteTC.equalsIgnoreCase("Y")): null

2024-01-14 16:10:53 - [TEST_STEP][PASSED] - out.println("Begin Record Number: " + row): null

2024-01-14 16:10:53 - [TEST_STEP][PASSED] - today = new java.util.Date(): null

2024-01-14 16:10:53 - [TEST_STEP][PASSED] - println(today): null

2024-01-14 16:10:53 - [TEST_STEP][PASSED] - datText = today: null

2024-01-14 16:10:53 - [TEST_STEP][PASSED] - Taxtype = findTestData(dataFile).getValue("TaxType", row): null

2024-01-14 16:10:54 - [TEST_STEP][PASSED] - out.println("Taxtype value is : " + Taxtype): null

2024-01-14 16:10:54 - [TEST_STEP][PASSED] - openBrowser(""): Browser is opened with url: ''

2024-01-14 16:10:54 - [MESSAGE][WARNING] - A browser is already opened. Closing browser and opening a new one

2024-01-14 16:10:55 - [MESSAGE][INFO] - Starting 'Chrome' driver

2024-01-14 16:10:55 - [MESSAGE][INFO] - User set preference: ['acceptInsecureCerts', 'true']

2024-01-14 16:10:55 - [MESSAGE][INFO] - Action delay is set to 0 milliseconds

2024-01-14 16:10:56 - [MESSAGE][PASSED] - Browser is opened with url: ''

2024-01-14 16:10:56 - [TEST_STEP][PASSED] - maximizeWindow(): Current window maximized

2024-01-14 16:10:56 - [MESSAGE][PASSED] - Current window maximized

2024-01-14 16:10:56 - [TEST_STEP][PASSED] - navigateToUrl(RADurl): Navigate to 'https://qa2.velocitypayment.com/client/rad/index.html' successfully

2024-01-14 16:10:56 - [MESSAGE][PASSED] - Navigate to 'https://qa2.velocitypayment.com/client/rad/index.html' successfully

2024-01-14 16:10:56 - [TEST_STEP][PASSED] - orPath_Landing = "Object Repository/RAD_Pages/Landing_Page": null

2024-01-14 16:10:56 - [TEST_STEP][PASSED] - orPath_TaxTypeFilingYear = "Object Repository/RAD_Pages/TaxTypeFilingYear_Page": null

2024-01-14 16:10:56 - [TEST_STEP][PASSED] - orPath_TaxPayer = "Object Repository/RAD_Pages/Taxpayer_Page": null

2024-01-14 16:10:56 - [TEST_STEP][PASSED] - orPath_AddressContact = "Object Repository/RAD_Pages/AddressAndContactInfo_Page": null

2024-01-14 16:10:56 - [TEST_STEP][PASSED] - orPath_FilingStatus = "Object Repository/RAD_Pages/FilingStatus_Page": null

2024-01-14 16:10:56 - [TEST_STEP][PASSED] - orPath_Amount = "Object Repository/RAD_Pages/PaymentAmount_Page": null

2024-01-14 16:10:56 - [TEST_STEP][PASSED] - orPath_TaxInfo = "Object Repository/RAD_Pages/TaxInfo_Page": null

2024-01-14 16:10:56 - [TEST_STEP][PASSED] - orPath_Withholding = "Object Repository/RAD_Pages/Withholding_Page": null

2024-01-14 16:10:56 - [TEST_STEP][PASSED] - orPath_Summary = "Object Repository/RAD_Pages/Summary_Page": null

2024-01-14 16:10:56 - [TEST_STEP][PASSED] - orPath_PaymentReady = "Object Repository/RAD_Pages/PaymentReady_Page": null

2024-01-14 16:10:56 - [TEST_STEP][PASSED] - orPath_PaymentEntry = "Object Repository/RAD_Pages/PaymentEntry_Page": null

2024-01-14 16:10:56 - [TEST_STEP][PASSED] - orPath_PaymentConfirmation = "Object Repository/RAD_Pages/PaymentConfirmation_Page": null

2024-01-14 16:10:56 - [TEST_STEP][PASSED] - orPath_ServiceFeesAccept = "Object Repository/RAD_Pages/ServiceFeeAccept_Page": null

2024-01-14 16:10:56 - [TEST_STEP][PASSED] - selectOptionByLabel(findTestObject(orPath_Landing + "/dd_TaxType"), Paymenttype, false): All options with label 'Existing Liability w/Notice Number' are selected in object 'Object Repository/RAD_Pages/Landing_Page/dd_TaxType' 

2024-01-14 16:10:58 - [MESSAGE][PASSED] - All options with label 'Existing Liability w/Notice Number' are selected in object 'Object Repository/RAD_Pages/Landing_Page/dd_TaxType' 

2024-01-14 16:10:58 - [TEST_STEP][PASSED] - delay(1): Delayed 1 second(s)

2024-01-14 16:10:59 - [MESSAGE][PASSED] - Delayed 1 second(s)

2024-01-14 16:10:59 - [TEST_STEP][PASSED] - switch (Paymenttype): null

2024-01-14 16:10:59 - [TEST_STEP][PASSED] - case "Existing Liability w/Notice Number":: null

2024-01-14 16:10:59 - [TEST_STEP][PASSED] - selectOptionByLabel(findTestObject(orPath_TaxTypeFilingYear + "/select_TaxType_ExistingLiability"), Taxtype, false): All options with label 'Tire Recycling Fee' are selected in object 'Object Repository/RAD_Pages/TaxTypeFilingYear_Page/select_TaxType_ExistingLiability' 

2024-01-14 16:11:00 - [MESSAGE][PASSED] - All options with label 'Tire Recycling Fee' are selected in object 'Object Repository/RAD_Pages/TaxTypeFilingYear_Page/select_TaxType_ExistingLiability' 

2024-01-14 16:11:00 - [TEST_STEP][PASSED] - break: null

2024-01-14 16:11:00 - [TEST_STEP][PASSED] - delay(1): Delayed 1 second(s)

2024-01-14 16:11:01 - [MESSAGE][PASSED] - Delayed 1 second(s)

2024-01-14 16:11:01 - [TEST_STEP][PASSED] - switch (Paymenttype): null

2024-01-14 16:11:01 - [TEST_STEP][PASSED] - case "Existing Liability w/Notice Number":: null

2024-01-14 16:11:01 - [TEST_STEP][PASSED] - if (feinSsn.equalsIgnoreCase("Y")): null

2024-01-14 16:11:01 - [TEST_STEP][PASSED] - else: Text ****** has been set on object 'Object Repository/RAD_RecordAndPlay/input_Existing_RetypeFEIN'

2024-01-14 16:11:01 - [TEST_STEP][PASSED] - setEncryptedText(findTestObject("Object Repository/RAD_RecordAndPlay/input_Existing_FEIN"), "iGDxf8hSRT4="): Text ****** has been set on object 'Object Repository/RAD_RecordAndPlay/input_Existing_FEIN'

2024-01-14 16:11:01 - [MESSAGE][PASSED] - Text ****** has been set on object 'Object Repository/RAD_RecordAndPlay/input_Existing_FEIN'

2024-01-14 16:11:01 - [TEST_STEP][PASSED] - setEncryptedText(findTestObject("Object Repository/RAD_RecordAndPlay/input_Existing_RetypeFEIN"), ""): Text ****** has been set on object 'Object Repository/RAD_RecordAndPlay/input_Existing_RetypeFEIN'

2024-01-14 16:11:02 - [MESSAGE][PASSED] - Text ****** has been set on object 'Object Repository/RAD_RecordAndPlay/input_Existing_RetypeFEIN'

2024-01-14 16:11:02 - [TEST_STEP][PASSED] - break: null

2024-01-14 16:11:02 - [TEST_STEP][PASSED] - if (feinSsn.equalsIgnoreCase("Y")): null

2024-01-14 16:11:02 - [TEST_STEP][PASSED] - else: null

2024-01-14 16:11:02 - [TEST_STEP][PASSED] - if (verifyTextPresent("Please enter a valid FEIN with 9 digits.", true)): null

2024-01-14 16:11:03 - [MESSAGE][PASSED] - Text 'Please enter a valid FEIN with 9 digits.' is present on page  using regular expression

2024-01-14 16:11:03 - [TEST_STEP][PASSED] - println("Error Message is present on the page"): null

2024-01-14 16:11:03 - [TEST_STEP][PASSED] - out.println("Pass Record Number: " + row): null

2024-01-14 16:11:03 - [TEST_STEP][PASSED] - resText = "Pass": null

2024-01-14 16:11:03 - [TEST_STEP][PASSED] - pages.WriteExcel.demoKey(resText, datText, resColumn, datCloumn, fileLoc, nameSheet, row): pages.WriteExcel.demoKey is PASSED

2024-01-14 16:11:03 - [MESSAGE][PASSED] - pages.WriteExcel.demoKey is PASSED

2024-01-14 16:11:03 - [TEST_STEP][PASSED] - ExecuteTC = findTestData(dataFile).getValue("Execute", row): null

2024-01-14 16:11:03 - [TEST_STEP][PASSED] - Taxtype = findTestData(dataFile).getValue("TaxType", row): null

2024-01-14 16:11:03 - [TEST_STEP][PASSED] - Paymenttype = findTestData(dataFile).getValue("PaymentType", row): null

2024-01-14 16:11:03 - [TEST_STEP][PASSED] - feinSsn = findTestData(dataFile).getValue("FEINSSN", row): null

2024-01-14 16:11:03 - [TEST_STEP][PASSED] - out.println("Value of Execute is : " + ExecuteTC): null

2024-01-14 16:11:03 - [TEST_STEP][PASSED] - if (ExecuteTC.equalsIgnoreCase("Y")): null

2024-01-14 16:11:03 - [TEST_STEP][PASSED] - out.println("Begin Record Number: " + row): null

2024-01-14 16:11:03 - [TEST_STEP][PASSED] - today = new java.util.Date(): null

2024-01-14 16:11:03 - [TEST_STEP][PASSED] - println(today): null

2024-01-14 16:11:03 - [TEST_STEP][PASSED] - datText = today: null

2024-01-14 16:11:03 - [TEST_STEP][PASSED] - Taxtype = findTestData(dataFile).getValue("TaxType", row): null

2024-01-14 16:11:03 - [TEST_STEP][PASSED] - out.println("Taxtype value is : " + Taxtype): null

2024-01-14 16:11:03 - [TEST_STEP][PASSED] - openBrowser(""): Browser is opened with url: ''

2024-01-14 16:11:03 - [MESSAGE][WARNING] - A browser is already opened. Closing browser and opening a new one

2024-01-14 16:11:04 - [MESSAGE][INFO] - Starting 'Chrome' driver

2024-01-14 16:11:04 - [MESSAGE][INFO] - User set preference: ['acceptInsecureCerts', 'true']

2024-01-14 16:11:04 - [MESSAGE][INFO] - Action delay is set to 0 milliseconds

2024-01-14 16:11:05 - [MESSAGE][PASSED] - Browser is opened with url: ''

2024-01-14 16:11:05 - [TEST_STEP][PASSED] - maximizeWindow(): Current window maximized

2024-01-14 16:11:06 - [MESSAGE][PASSED] - Current window maximized

2024-01-14 16:11:06 - [TEST_STEP][PASSED] - navigateToUrl(RADurl): Navigate to 'https://qa2.velocitypayment.com/client/rad/index.html' successfully

2024-01-14 16:11:07 - [MESSAGE][PASSED] - Navigate to 'https://qa2.velocitypayment.com/client/rad/index.html' successfully

2024-01-14 16:11:07 - [TEST_STEP][PASSED] - orPath_Landing = "Object Repository/RAD_Pages/Landing_Page": null

2024-01-14 16:11:07 - [TEST_STEP][PASSED] - orPath_TaxTypeFilingYear = "Object Repository/RAD_Pages/TaxTypeFilingYear_Page": null

2024-01-14 16:11:07 - [TEST_STEP][PASSED] - orPath_TaxPayer = "Object Repository/RAD_Pages/Taxpayer_Page": null

2024-01-14 16:11:07 - [TEST_STEP][PASSED] - orPath_AddressContact = "Object Repository/RAD_Pages/AddressAndContactInfo_Page": null

2024-01-14 16:11:07 - [TEST_STEP][PASSED] - orPath_FilingStatus = "Object Repository/RAD_Pages/FilingStatus_Page": null

2024-01-14 16:11:07 - [TEST_STEP][PASSED] - orPath_Amount = "Object Repository/RAD_Pages/PaymentAmount_Page": null

2024-01-14 16:11:07 - [TEST_STEP][PASSED] - orPath_TaxInfo = "Object Repository/RAD_Pages/TaxInfo_Page": null

2024-01-14 16:11:07 - [TEST_STEP][PASSED] - orPath_Withholding = "Object Repository/RAD_Pages/Withholding_Page": null

2024-01-14 16:11:07 - [TEST_STEP][PASSED] - orPath_Summary = "Object Repository/RAD_Pages/Summary_Page": null

2024-01-14 16:11:07 - [TEST_STEP][PASSED] - orPath_PaymentReady = "Object Repository/RAD_Pages/PaymentReady_Page": null

2024-01-14 16:11:07 - [TEST_STEP][PASSED] - orPath_PaymentEntry = "Object Repository/RAD_Pages/PaymentEntry_Page": null

2024-01-14 16:11:07 - [TEST_STEP][PASSED] - orPath_PaymentConfirmation = "Object Repository/RAD_Pages/PaymentConfirmation_Page": null

2024-01-14 16:11:07 - [TEST_STEP][PASSED] - orPath_ServiceFeesAccept = "Object Repository/RAD_Pages/ServiceFeeAccept_Page": null

2024-01-14 16:11:07 - [TEST_STEP][PASSED] - selectOptionByLabel(findTestObject(orPath_Landing + "/dd_TaxType"), Paymenttype, false): All options with label 'Existing Liability w/Notice Number' are selected in object 'Object Repository/RAD_Pages/Landing_Page/dd_TaxType' 

2024-01-14 16:11:08 - [MESSAGE][PASSED] - All options with label 'Existing Liability w/Notice Number' are selected in object 'Object Repository/RAD_Pages/Landing_Page/dd_TaxType' 

2024-01-14 16:11:08 - [TEST_STEP][PASSED] - delay(1): Delayed 1 second(s)

2024-01-14 16:11:09 - [MESSAGE][PASSED] - Delayed 1 second(s)

2024-01-14 16:11:09 - [TEST_STEP][PASSED] - switch (Paymenttype): null

2024-01-14 16:11:09 - [TEST_STEP][PASSED] - case "Existing Liability w/Notice Number":: null

2024-01-14 16:11:09 - [TEST_STEP][PASSED] - selectOptionByLabel(findTestObject(orPath_TaxTypeFilingYear + "/select_TaxType_ExistingLiability"), Taxtype, false): All options with label 'Withholding Tax' are selected in object 'Object Repository/RAD_Pages/TaxTypeFilingYear_Page/select_TaxType_ExistingLiability' 

2024-01-14 16:11:09 - [MESSAGE][PASSED] - All options with label 'Withholding Tax' are selected in object 'Object Repository/RAD_Pages/TaxTypeFilingYear_Page/select_TaxType_ExistingLiability' 

2024-01-14 16:11:09 - [TEST_STEP][PASSED] - break: null

2024-01-14 16:11:09 - [TEST_STEP][PASSED] - delay(1): Delayed 1 second(s)

2024-01-14 16:11:10 - [MESSAGE][PASSED] - Delayed 1 second(s)

2024-01-14 16:11:10 - [TEST_STEP][PASSED] - switch (Paymenttype): null

2024-01-14 16:11:10 - [TEST_STEP][PASSED] - case "Existing Liability w/Notice Number":: null

2024-01-14 16:11:10 - [TEST_STEP][PASSED] - if (feinSsn.equalsIgnoreCase("Y")): null

2024-01-14 16:11:10 - [TEST_STEP][PASSED] - else: Text ****** has been set on object 'Object Repository/RAD_RecordAndPlay/input_Existing_RetypeFEIN'

2024-01-14 16:11:10 - [TEST_STEP][PASSED] - setEncryptedText(findTestObject("Object Repository/RAD_RecordAndPlay/input_Existing_FEIN"), "iGDxf8hSRT4="): Text ****** has been set on object 'Object Repository/RAD_RecordAndPlay/input_Existing_FEIN'

2024-01-14 16:11:11 - [MESSAGE][PASSED] - Text ****** has been set on object 'Object Repository/RAD_RecordAndPlay/input_Existing_FEIN'

2024-01-14 16:11:11 - [TEST_STEP][PASSED] - setEncryptedText(findTestObject("Object Repository/RAD_RecordAndPlay/input_Existing_RetypeFEIN"), ""): Text ****** has been set on object 'Object Repository/RAD_RecordAndPlay/input_Existing_RetypeFEIN'

2024-01-14 16:11:11 - [MESSAGE][PASSED] - Text ****** has been set on object 'Object Repository/RAD_RecordAndPlay/input_Existing_RetypeFEIN'

2024-01-14 16:11:11 - [TEST_STEP][PASSED] - break: null

2024-01-14 16:11:11 - [TEST_STEP][PASSED] - if (feinSsn.equalsIgnoreCase("Y")): null

2024-01-14 16:11:11 - [TEST_STEP][PASSED] - else: null

2024-01-14 16:11:11 - [TEST_STEP][PASSED] - if (verifyTextPresent("Please enter a valid FEIN with 9 digits.", true)): null

2024-01-14 16:11:12 - [MESSAGE][PASSED] - Text 'Please enter a valid FEIN with 9 digits.' is present on page  using regular expression

2024-01-14 16:11:12 - [TEST_STEP][PASSED] - println("Error Message is present on the page"): null

2024-01-14 16:11:12 - [TEST_STEP][PASSED] - out.println("Pass Record Number: " + row): null

2024-01-14 16:11:12 - [TEST_STEP][PASSED] - resText = "Pass": null

2024-01-14 16:11:12 - [TEST_STEP][PASSED] - pages.WriteExcel.demoKey(resText, datText, resColumn, datCloumn, fileLoc, nameSheet, row): pages.WriteExcel.demoKey is PASSED

2024-01-14 16:11:12 - [MESSAGE][PASSED] - pages.WriteExcel.demoKey is PASSED

2024-01-14 16:11:12 - [TEST_STEP][PASSED] - ExecuteTC = findTestData(dataFile).getValue("Execute", row): null

2024-01-14 16:11:12 - [TEST_STEP][PASSED] - Taxtype = findTestData(dataFile).getValue("TaxType", row): null

2024-01-14 16:11:12 - [TEST_STEP][PASSED] - Paymenttype = findTestData(dataFile).getValue("PaymentType", row): null

2024-01-14 16:11:12 - [TEST_STEP][PASSED] - feinSsn = findTestData(dataFile).getValue("FEINSSN", row): null

2024-01-14 16:11:12 - [TEST_STEP][PASSED] - out.println("Value of Execute is : " + ExecuteTC): null

2024-01-14 16:11:12 - [TEST_STEP][PASSED] - if (ExecuteTC.equalsIgnoreCase("Y")): null

2024-01-14 16:11:12 - [TEST_STEP][PASSED] - out.println("Begin Record Number: " + row): null

2024-01-14 16:11:12 - [TEST_STEP][PASSED] - today = new java.util.Date(): null

2024-01-14 16:11:12 - [TEST_STEP][PASSED] - println(today): null

2024-01-14 16:11:12 - [TEST_STEP][PASSED] - datText = today: null

2024-01-14 16:11:12 - [TEST_STEP][PASSED] - Taxtype = findTestData(dataFile).getValue("TaxType", row): null

2024-01-14 16:11:12 - [TEST_STEP][PASSED] - out.println("Taxtype value is : " + Taxtype): null

2024-01-14 16:11:12 - [TEST_STEP][PASSED] - openBrowser(""): Browser is opened with url: ''

2024-01-14 16:11:12 - [MESSAGE][WARNING] - A browser is already opened. Closing browser and opening a new one

2024-01-14 16:11:13 - [MESSAGE][INFO] - Starting 'Chrome' driver

2024-01-14 16:11:13 - [MESSAGE][INFO] - User set preference: ['acceptInsecureCerts', 'true']

2024-01-14 16:11:13 - [MESSAGE][INFO] - Action delay is set to 0 milliseconds

2024-01-14 16:11:15 - [MESSAGE][PASSED] - Browser is opened with url: ''

2024-01-14 16:11:15 - [TEST_STEP][PASSED] - maximizeWindow(): Current window maximized

2024-01-14 16:11:15 - [MESSAGE][PASSED] - Current window maximized

2024-01-14 16:11:15 - [TEST_STEP][PASSED] - navigateToUrl(RADurl): Navigate to 'https://qa2.velocitypayment.com/client/rad/index.html' successfully

2024-01-14 16:11:16 - [MESSAGE][PASSED] - Navigate to 'https://qa2.velocitypayment.com/client/rad/index.html' successfully

2024-01-14 16:11:16 - [TEST_STEP][PASSED] - orPath_Landing = "Object Repository/RAD_Pages/Landing_Page": null

2024-01-14 16:11:16 - [TEST_STEP][PASSED] - orPath_TaxTypeFilingYear = "Object Repository/RAD_Pages/TaxTypeFilingYear_Page": null

2024-01-14 16:11:16 - [TEST_STEP][PASSED] - orPath_TaxPayer = "Object Repository/RAD_Pages/Taxpayer_Page": null

2024-01-14 16:11:16 - [TEST_STEP][PASSED] - orPath_AddressContact = "Object Repository/RAD_Pages/AddressAndContactInfo_Page": null

2024-01-14 16:11:16 - [TEST_STEP][PASSED] - orPath_FilingStatus = "Object Repository/RAD_Pages/FilingStatus_Page": null

2024-01-14 16:11:16 - [TEST_STEP][PASSED] - orPath_Amount = "Object Repository/RAD_Pages/PaymentAmount_Page": null

2024-01-14 16:11:16 - [TEST_STEP][PASSED] - orPath_TaxInfo = "Object Repository/RAD_Pages/TaxInfo_Page": null

2024-01-14 16:11:16 - [TEST_STEP][PASSED] - orPath_Withholding = "Object Repository/RAD_Pages/Withholding_Page": null

2024-01-14 16:11:16 - [TEST_STEP][PASSED] - orPath_Summary = "Object Repository/RAD_Pages/Summary_Page": null

2024-01-14 16:11:16 - [TEST_STEP][PASSED] - orPath_PaymentReady = "Object Repository/RAD_Pages/PaymentReady_Page": null

2024-01-14 16:11:16 - [TEST_STEP][PASSED] - orPath_PaymentEntry = "Object Repository/RAD_Pages/PaymentEntry_Page": null

2024-01-14 16:11:16 - [TEST_STEP][PASSED] - orPath_PaymentConfirmation = "Object Repository/RAD_Pages/PaymentConfirmation_Page": null

2024-01-14 16:11:16 - [TEST_STEP][PASSED] - orPath_ServiceFeesAccept = "Object Repository/RAD_Pages/ServiceFeeAccept_Page": null

2024-01-14 16:11:16 - [TEST_STEP][PASSED] - selectOptionByLabel(findTestObject(orPath_Landing + "/dd_TaxType"), Paymenttype, false): All options with label 'Existing Liability w/Notice Number' are selected in object 'Object Repository/RAD_Pages/Landing_Page/dd_TaxType' 

2024-01-14 16:11:17 - [MESSAGE][PASSED] - All options with label 'Existing Liability w/Notice Number' are selected in object 'Object Repository/RAD_Pages/Landing_Page/dd_TaxType' 

2024-01-14 16:11:17 - [TEST_STEP][PASSED] - delay(1): Delayed 1 second(s)

2024-01-14 16:11:18 - [MESSAGE][PASSED] - Delayed 1 second(s)

2024-01-14 16:11:18 - [TEST_STEP][PASSED] - switch (Paymenttype): null

2024-01-14 16:11:18 - [TEST_STEP][PASSED] - case "Existing Liability w/Notice Number":: null

2024-01-14 16:11:18 - [TEST_STEP][PASSED] - selectOptionByLabel(findTestObject(orPath_TaxTypeFilingYear + "/select_TaxType_ExistingLiability"), Taxtype, false): All options with label 'Alcohol Tax' are selected in object 'Object Repository/RAD_Pages/TaxTypeFilingYear_Page/select_TaxType_ExistingLiability' 

2024-01-14 16:11:19 - [MESSAGE][PASSED] - All options with label 'Alcohol Tax' are selected in object 'Object Repository/RAD_Pages/TaxTypeFilingYear_Page/select_TaxType_ExistingLiability' 

2024-01-14 16:11:19 - [TEST_STEP][PASSED] - break: null

2024-01-14 16:11:19 - [TEST_STEP][PASSED] - delay(1): Delayed 1 second(s)

2024-01-14 16:11:20 - [MESSAGE][PASSED] - Delayed 1 second(s)

2024-01-14 16:11:20 - [TEST_STEP][PASSED] - switch (Paymenttype): null

2024-01-14 16:11:20 - [TEST_STEP][PASSED] - case "Existing Liability w/Notice Number":: null

2024-01-14 16:11:20 - [TEST_STEP][PASSED] - if (feinSsn.equalsIgnoreCase("Y")): null

2024-01-14 16:11:20 - [TEST_STEP][PASSED] - else: Text ****** has been set on object 'Object Repository/RAD_RecordAndPlay/input_Existing_RetypeFEIN'

2024-01-14 16:11:20 - [TEST_STEP][PASSED] - setEncryptedText(findTestObject("Object Repository/RAD_RecordAndPlay/input_Existing_FEIN"), "iGDxf8hSRT4="): Text ****** has been set on object 'Object Repository/RAD_RecordAndPlay/input_Existing_FEIN'

2024-01-14 16:11:20 - [MESSAGE][PASSED] - Text ****** has been set on object 'Object Repository/RAD_RecordAndPlay/input_Existing_FEIN'

2024-01-14 16:11:20 - [TEST_STEP][PASSED] - setEncryptedText(findTestObject("Object Repository/RAD_RecordAndPlay/input_Existing_RetypeFEIN"), ""): Text ****** has been set on object 'Object Repository/RAD_RecordAndPlay/input_Existing_RetypeFEIN'

2024-01-14 16:11:21 - [MESSAGE][PASSED] - Text ****** has been set on object 'Object Repository/RAD_RecordAndPlay/input_Existing_RetypeFEIN'

2024-01-14 16:11:21 - [TEST_STEP][PASSED] - break: null

2024-01-14 16:11:21 - [TEST_STEP][PASSED] - if (feinSsn.equalsIgnoreCase("Y")): null

2024-01-14 16:11:21 - [TEST_STEP][PASSED] - else: null

2024-01-14 16:11:21 - [TEST_STEP][PASSED] - if (verifyTextPresent("Please enter a valid FEIN with 9 digits.", true)): null

2024-01-14 16:11:21 - [MESSAGE][PASSED] - Text 'Please enter a valid FEIN with 9 digits.' is present on page  using regular expression

2024-01-14 16:11:21 - [TEST_STEP][PASSED] - println("Error Message is present on the page"): null

2024-01-14 16:11:21 - [TEST_STEP][PASSED] - out.println("Pass Record Number: " + row): null

2024-01-14 16:11:21 - [TEST_STEP][PASSED] - resText = "Pass": null

2024-01-14 16:11:21 - [TEST_STEP][PASSED] - pages.WriteExcel.demoKey(resText, datText, resColumn, datCloumn, fileLoc, nameSheet, row): pages.WriteExcel.demoKey is PASSED

2024-01-14 16:11:22 - [MESSAGE][PASSED] - pages.WriteExcel.demoKey is PASSED

2024-01-14 16:11:22 - [TEST_STEP][PASSED] - ExecuteTC = findTestData(dataFile).getValue("Execute", row): null

2024-01-14 16:11:22 - [TEST_STEP][PASSED] - Taxtype = findTestData(dataFile).getValue("TaxType", row): null

2024-01-14 16:11:22 - [TEST_STEP][PASSED] - Paymenttype = findTestData(dataFile).getValue("PaymentType", row): null

2024-01-14 16:11:22 - [TEST_STEP][PASSED] - feinSsn = findTestData(dataFile).getValue("FEINSSN", row): null

2024-01-14 16:11:22 - [TEST_STEP][PASSED] - out.println("Value of Execute is : " + ExecuteTC): null

2024-01-14 16:11:22 - [TEST_STEP][PASSED] - if (ExecuteTC.equalsIgnoreCase("Y")): null

2024-01-14 16:11:22 - [TEST_STEP][PASSED] - out.println("Begin Record Number: " + row): null

2024-01-14 16:11:22 - [TEST_STEP][PASSED] - today = new java.util.Date(): null

2024-01-14 16:11:22 - [TEST_STEP][PASSED] - println(today): null

2024-01-14 16:11:22 - [TEST_STEP][PASSED] - datText = today: null

2024-01-14 16:11:22 - [TEST_STEP][PASSED] - Taxtype = findTestData(dataFile).getValue("TaxType", row): null

2024-01-14 16:11:22 - [TEST_STEP][PASSED] - out.println("Taxtype value is : " + Taxtype): null

2024-01-14 16:11:22 - [TEST_STEP][PASSED] - openBrowser(""): Browser is opened with url: ''

2024-01-14 16:11:22 - [MESSAGE][WARNING] - A browser is already opened. Closing browser and opening a new one

2024-01-14 16:11:23 - [MESSAGE][INFO] - Starting 'Chrome' driver

2024-01-14 16:11:23 - [MESSAGE][INFO] - User set preference: ['acceptInsecureCerts', 'true']

2024-01-14 16:11:23 - [MESSAGE][INFO] - Action delay is set to 0 milliseconds

2024-01-14 16:11:24 - [MESSAGE][PASSED] - Browser is opened with url: ''

2024-01-14 16:11:24 - [TEST_STEP][PASSED] - maximizeWindow(): Current window maximized

2024-01-14 16:11:24 - [MESSAGE][PASSED] - Current window maximized

2024-01-14 16:11:24 - [TEST_STEP][PASSED] - navigateToUrl(RADurl): Navigate to 'https://qa2.velocitypayment.com/client/rad/index.html' successfully

2024-01-14 16:11:26 - [MESSAGE][PASSED] - Navigate to 'https://qa2.velocitypayment.com/client/rad/index.html' successfully

2024-01-14 16:11:26 - [TEST_STEP][PASSED] - orPath_Landing = "Object Repository/RAD_Pages/Landing_Page": null

2024-01-14 16:11:26 - [TEST_STEP][PASSED] - orPath_TaxTypeFilingYear = "Object Repository/RAD_Pages/TaxTypeFilingYear_Page": null

2024-01-14 16:11:26 - [TEST_STEP][PASSED] - orPath_TaxPayer = "Object Repository/RAD_Pages/Taxpayer_Page": null

2024-01-14 16:11:26 - [TEST_STEP][PASSED] - orPath_AddressContact = "Object Repository/RAD_Pages/AddressAndContactInfo_Page": null

2024-01-14 16:11:26 - [TEST_STEP][PASSED] - orPath_FilingStatus = "Object Repository/RAD_Pages/FilingStatus_Page": null

2024-01-14 16:11:26 - [TEST_STEP][PASSED] - orPath_Amount = "Object Repository/RAD_Pages/PaymentAmount_Page": null

2024-01-14 16:11:26 - [TEST_STEP][PASSED] - orPath_TaxInfo = "Object Repository/RAD_Pages/TaxInfo_Page": null

2024-01-14 16:11:26 - [TEST_STEP][PASSED] - orPath_Withholding = "Object Repository/RAD_Pages/Withholding_Page": null

2024-01-14 16:11:26 - [TEST_STEP][PASSED] - orPath_Summary = "Object Repository/RAD_Pages/Summary_Page": null

2024-01-14 16:11:26 - [TEST_STEP][PASSED] - orPath_PaymentReady = "Object Repository/RAD_Pages/PaymentReady_Page": null

2024-01-14 16:11:26 - [TEST_STEP][PASSED] - orPath_PaymentEntry = "Object Repository/RAD_Pages/PaymentEntry_Page": null

2024-01-14 16:11:26 - [TEST_STEP][PASSED] - orPath_PaymentConfirmation = "Object Repository/RAD_Pages/PaymentConfirmation_Page": null

2024-01-14 16:11:26 - [TEST_STEP][PASSED] - orPath_ServiceFeesAccept = "Object Repository/RAD_Pages/ServiceFeeAccept_Page": null

2024-01-14 16:11:26 - [TEST_STEP][PASSED] - selectOptionByLabel(findTestObject(orPath_Landing + "/dd_TaxType"), Paymenttype, false): All options with label 'Existing Liability w/Notice Number' are selected in object 'Object Repository/RAD_Pages/Landing_Page/dd_TaxType' 

2024-01-14 16:11:27 - [MESSAGE][PASSED] - All options with label 'Existing Liability w/Notice Number' are selected in object 'Object Repository/RAD_Pages/Landing_Page/dd_TaxType' 

2024-01-14 16:11:27 - [TEST_STEP][PASSED] - delay(1): Delayed 1 second(s)

2024-01-14 16:11:28 - [MESSAGE][PASSED] - Delayed 1 second(s)

2024-01-14 16:11:28 - [TEST_STEP][PASSED] - switch (Paymenttype): null

2024-01-14 16:11:28 - [TEST_STEP][PASSED] - case "Existing Liability w/Notice Number":: null

2024-01-14 16:11:28 - [TEST_STEP][PASSED] - selectOptionByLabel(findTestObject(orPath_TaxTypeFilingYear + "/select_TaxType_ExistingLiability"), Taxtype, false): All options with label 'PTE Tax Electing Non-S Corp' are selected in object 'Object Repository/RAD_Pages/TaxTypeFilingYear_Page/select_TaxType_ExistingLiability' 

2024-01-14 16:11:28 - [MESSAGE][PASSED] - All options with label 'PTE Tax Electing Non-S Corp' are selected in object 'Object Repository/RAD_Pages/TaxTypeFilingYear_Page/select_TaxType_ExistingLiability' 

2024-01-14 16:11:28 - [TEST_STEP][PASSED] - break: null

2024-01-14 16:11:28 - [TEST_STEP][PASSED] - delay(1): Delayed 1 second(s)

2024-01-14 16:11:29 - [MESSAGE][PASSED] - Delayed 1 second(s)

2024-01-14 16:11:29 - [TEST_STEP][PASSED] - switch (Paymenttype): null

2024-01-14 16:11:29 - [TEST_STEP][PASSED] - case "Existing Liability w/Notice Number":: null

2024-01-14 16:11:29 - [TEST_STEP][PASSED] - if (feinSsn.equalsIgnoreCase("Y")): Text ****** has been set on object 'Object Repository/RAD_Pages/TaxInfo_Page/input_TaxInfo_RetypefeinSsn_Existing_New'

2024-01-14 16:11:29 - [TEST_STEP][PASSED] - setEncryptedText(findTestObject(orPath_TaxInfo + "/input_TaxInfo_feinSsn_Existing_New"), "iGDxf8hSRT4="): Text ****** has been set on object 'Object Repository/RAD_Pages/TaxInfo_Page/input_TaxInfo_feinSsn_Existing_New'

2024-01-14 16:11:30 - [MESSAGE][PASSED] - Text ****** has been set on object 'Object Repository/RAD_Pages/TaxInfo_Page/input_TaxInfo_feinSsn_Existing_New'

2024-01-14 16:11:30 - [TEST_STEP][PASSED] - setEncryptedText(findTestObject(orPath_TaxInfo + "/input_TaxInfo_RetypefeinSsn_Existing_New"), ""): Text ****** has been set on object 'Object Repository/RAD_Pages/TaxInfo_Page/input_TaxInfo_RetypefeinSsn_Existing_New'

2024-01-14 16:11:30 - [MESSAGE][PASSED] - Text ****** has been set on object 'Object Repository/RAD_Pages/TaxInfo_Page/input_TaxInfo_RetypefeinSsn_Existing_New'

2024-01-14 16:11:30 - [TEST_STEP][PASSED] - break: null

2024-01-14 16:11:30 - [TEST_STEP][PASSED] - if (feinSsn.equalsIgnoreCase("Y")): null

2024-01-14 16:11:30 - [TEST_STEP][PASSED] - if (verifyTextPresent("Please enter a valid FEIN/SSN with 9 digits", true)): null

2024-01-14 16:11:31 - [MESSAGE][PASSED] - Text 'Please enter a valid FEIN/SSN with 9 digits' is present on page  using regular expression

2024-01-14 16:11:31 - [TEST_STEP][PASSED] - println("Error Message is present on the page"): null

2024-01-14 16:11:31 - [TEST_STEP][PASSED] - out.println("Pass Record Number: " + row): null

2024-01-14 16:11:31 - [TEST_STEP][PASSED] - resText = "Pass": null

2024-01-14 16:11:31 - [TEST_STEP][PASSED] - pages.WriteExcel.demoKey(resText, datText, resColumn, datCloumn, fileLoc, nameSheet, row): pages.WriteExcel.demoKey is PASSED

2024-01-14 16:11:31 - [MESSAGE][PASSED] - pages.WriteExcel.demoKey is PASSED

2024-01-14 16:11:31 - [TEST_STEP][PASSED] - ExecuteTC = findTestData(dataFile).getValue("Execute", row): null

2024-01-14 16:11:31 - [TEST_STEP][PASSED] - Taxtype = findTestData(dataFile).getValue("TaxType", row): null

2024-01-14 16:11:31 - [TEST_STEP][PASSED] - Paymenttype = findTestData(dataFile).getValue("PaymentType", row): null

2024-01-14 16:11:31 - [TEST_STEP][PASSED] - feinSsn = findTestData(dataFile).getValue("FEINSSN", row): null

2024-01-14 16:11:31 - [TEST_STEP][PASSED] - out.println("Value of Execute is : " + ExecuteTC): null

2024-01-14 16:11:31 - [TEST_STEP][PASSED] - if (ExecuteTC.equalsIgnoreCase("Y")): null

2024-01-14 16:11:31 - [TEST_STEP][PASSED] - out.println("Begin Record Number: " + row): null

2024-01-14 16:11:31 - [TEST_STEP][PASSED] - today = new java.util.Date(): null

2024-01-14 16:11:31 - [TEST_STEP][PASSED] - println(today): null

2024-01-14 16:11:31 - [TEST_STEP][PASSED] - datText = today: null

2024-01-14 16:11:31 - [TEST_STEP][PASSED] - Taxtype = findTestData(dataFile).getValue("TaxType", row): null

2024-01-14 16:11:31 - [TEST_STEP][PASSED] - out.println("Taxtype value is : " + Taxtype): null

2024-01-14 16:11:31 - [TEST_STEP][PASSED] - openBrowser(""): Browser is opened with url: ''

2024-01-14 16:11:31 - [MESSAGE][WARNING] - A browser is already opened. Closing browser and opening a new one

2024-01-14 16:11:32 - [MESSAGE][INFO] - Starting 'Chrome' driver

2024-01-14 16:11:32 - [MESSAGE][INFO] - User set preference: ['acceptInsecureCerts', 'true']

2024-01-14 16:11:32 - [MESSAGE][INFO] - Action delay is set to 0 milliseconds

2024-01-14 16:11:34 - [MESSAGE][PASSED] - Browser is opened with url: ''

2024-01-14 16:11:34 - [TEST_STEP][PASSED] - maximizeWindow(): Current window maximized

2024-01-14 16:11:34 - [MESSAGE][PASSED] - Current window maximized

2024-01-14 16:11:34 - [TEST_STEP][PASSED] - navigateToUrl(RADurl): Navigate to 'https://qa2.velocitypayment.com/client/rad/index.html' successfully

2024-01-14 16:11:35 - [MESSAGE][PASSED] - Navigate to 'https://qa2.velocitypayment.com/client/rad/index.html' successfully

2024-01-14 16:11:35 - [TEST_STEP][PASSED] - orPath_Landing = "Object Repository/RAD_Pages/Landing_Page": null

2024-01-14 16:11:35 - [TEST_STEP][PASSED] - orPath_TaxTypeFilingYear = "Object Repository/RAD_Pages/TaxTypeFilingYear_Page": null

2024-01-14 16:11:35 - [TEST_STEP][PASSED] - orPath_TaxPayer = "Object Repository/RAD_Pages/Taxpayer_Page": null

2024-01-14 16:11:35 - [TEST_STEP][PASSED] - orPath_AddressContact = "Object Repository/RAD_Pages/AddressAndContactInfo_Page": null

2024-01-14 16:11:35 - [TEST_STEP][PASSED] - orPath_FilingStatus = "Object Repository/RAD_Pages/FilingStatus_Page": null

2024-01-14 16:11:35 - [TEST_STEP][PASSED] - orPath_Amount = "Object Repository/RAD_Pages/PaymentAmount_Page": null

2024-01-14 16:11:35 - [TEST_STEP][PASSED] - orPath_TaxInfo = "Object Repository/RAD_Pages/TaxInfo_Page": null

2024-01-14 16:11:35 - [TEST_STEP][PASSED] - orPath_Withholding = "Object Repository/RAD_Pages/Withholding_Page": null

2024-01-14 16:11:35 - [TEST_STEP][PASSED] - orPath_Summary = "Object Repository/RAD_Pages/Summary_Page": null

2024-01-14 16:11:35 - [TEST_STEP][PASSED] - orPath_PaymentReady = "Object Repository/RAD_Pages/PaymentReady_Page": null

2024-01-14 16:11:35 - [TEST_STEP][PASSED] - orPath_PaymentEntry = "Object Repository/RAD_Pages/PaymentEntry_Page": null

2024-01-14 16:11:35 - [TEST_STEP][PASSED] - orPath_PaymentConfirmation = "Object Repository/RAD_Pages/PaymentConfirmation_Page": null

2024-01-14 16:11:35 - [TEST_STEP][PASSED] - orPath_ServiceFeesAccept = "Object Repository/RAD_Pages/ServiceFeeAccept_Page": null

2024-01-14 16:11:35 - [TEST_STEP][PASSED] - selectOptionByLabel(findTestObject(orPath_Landing + "/dd_TaxType"), Paymenttype, false): All options with label 'Existing Liability w/Notice Number' are selected in object 'Object Repository/RAD_Pages/Landing_Page/dd_TaxType' 

2024-01-14 16:11:36 - [MESSAGE][PASSED] - All options with label 'Existing Liability w/Notice Number' are selected in object 'Object Repository/RAD_Pages/Landing_Page/dd_TaxType' 

2024-01-14 16:11:36 - [TEST_STEP][PASSED] - delay(1): Delayed 1 second(s)

2024-01-14 16:11:37 - [MESSAGE][PASSED] - Delayed 1 second(s)

2024-01-14 16:11:37 - [TEST_STEP][PASSED] - switch (Paymenttype): null

2024-01-14 16:11:37 - [TEST_STEP][PASSED] - case "Existing Liability w/Notice Number":: null

2024-01-14 16:11:37 - [TEST_STEP][PASSED] - selectOptionByLabel(findTestObject(orPath_TaxTypeFilingYear + "/select_TaxType_ExistingLiability"), Taxtype, false): All options with label 'PTE Tax Electing S Corp' are selected in object 'Object Repository/RAD_Pages/TaxTypeFilingYear_Page/select_TaxType_ExistingLiability' 

2024-01-14 16:11:38 - [MESSAGE][PASSED] - All options with label 'PTE Tax Electing S Corp' are selected in object 'Object Repository/RAD_Pages/TaxTypeFilingYear_Page/select_TaxType_ExistingLiability' 

2024-01-14 16:11:38 - [TEST_STEP][PASSED] - break: null

2024-01-14 16:11:38 - [TEST_STEP][PASSED] - delay(1): Delayed 1 second(s)

2024-01-14 16:11:39 - [MESSAGE][PASSED] - Delayed 1 second(s)

2024-01-14 16:11:39 - [TEST_STEP][PASSED] - switch (Paymenttype): null

2024-01-14 16:11:39 - [TEST_STEP][PASSED] - case "Existing Liability w/Notice Number":: null

2024-01-14 16:11:39 - [TEST_STEP][PASSED] - if (feinSsn.equalsIgnoreCase("Y")): Text ****** has been set on object 'Object Repository/RAD_Pages/TaxInfo_Page/input_TaxInfo_RetypefeinSsn_Existing_New'

2024-01-14 16:11:39 - [TEST_STEP][PASSED] - setEncryptedText(findTestObject(orPath_TaxInfo + "/input_TaxInfo_feinSsn_Existing_New"), "iGDxf8hSRT4="): Text ****** has been set on object 'Object Repository/RAD_Pages/TaxInfo_Page/input_TaxInfo_feinSsn_Existing_New'

2024-01-14 16:11:39 - [MESSAGE][PASSED] - Text ****** has been set on object 'Object Repository/RAD_Pages/TaxInfo_Page/input_TaxInfo_feinSsn_Existing_New'

2024-01-14 16:11:39 - [TEST_STEP][PASSED] - setEncryptedText(findTestObject(orPath_TaxInfo + "/input_TaxInfo_RetypefeinSsn_Existing_New"), ""): Text ****** has been set on object 'Object Repository/RAD_Pages/TaxInfo_Page/input_TaxInfo_RetypefeinSsn_Existing_New'

2024-01-14 16:11:40 - [MESSAGE][PASSED] - Text ****** has been set on object 'Object Repository/RAD_Pages/TaxInfo_Page/input_TaxInfo_RetypefeinSsn_Existing_New'

2024-01-14 16:11:40 - [TEST_STEP][PASSED] - break: null

2024-01-14 16:11:40 - [TEST_STEP][PASSED] - if (feinSsn.equalsIgnoreCase("Y")): null

2024-01-14 16:11:40 - [TEST_STEP][PASSED] - if (verifyTextPresent("Please enter a valid FEIN/SSN with 9 digits", true)): null

2024-01-14 16:11:40 - [MESSAGE][PASSED] - Text 'Please enter a valid FEIN/SSN with 9 digits' is present on page  using regular expression

2024-01-14 16:11:40 - [TEST_STEP][PASSED] - println("Error Message is present on the page"): null

2024-01-14 16:11:40 - [TEST_STEP][PASSED] - out.println("Pass Record Number: " + row): null

2024-01-14 16:11:40 - [TEST_STEP][PASSED] - resText = "Pass": null

2024-01-14 16:11:40 - [TEST_STEP][PASSED] - pages.WriteExcel.demoKey(resText, datText, resColumn, datCloumn, fileLoc, nameSheet, row): pages.WriteExcel.demoKey is PASSED

2024-01-14 16:11:41 - [MESSAGE][PASSED] - pages.WriteExcel.demoKey is PASSED

2024-01-14 16:11:41 - [TEST_STEP][PASSED] - ExecuteTC = findTestData(dataFile).getValue("Execute", row): null

2024-01-14 16:11:41 - [TEST_STEP][PASSED] - Taxtype = findTestData(dataFile).getValue("TaxType", row): null

2024-01-14 16:11:41 - [TEST_STEP][PASSED] - Paymenttype = findTestData(dataFile).getValue("PaymentType", row): null

2024-01-14 16:11:41 - [TEST_STEP][PASSED] - feinSsn = findTestData(dataFile).getValue("FEINSSN", row): null

2024-01-14 16:11:41 - [TEST_STEP][PASSED] - out.println("Value of Execute is : " + ExecuteTC): null

2024-01-14 16:11:41 - [TEST_STEP][PASSED] - if (ExecuteTC.equalsIgnoreCase("Y")): null

2024-01-14 16:11:41 - [TEST_STEP][PASSED] - out.println("Begin Record Number: " + row): null

2024-01-14 16:11:41 - [TEST_STEP][PASSED] - today = new java.util.Date(): null

2024-01-14 16:11:41 - [TEST_STEP][PASSED] - println(today): null

2024-01-14 16:11:41 - [TEST_STEP][PASSED] - datText = today: null

2024-01-14 16:11:41 - [TEST_STEP][PASSED] - Taxtype = findTestData(dataFile).getValue("TaxType", row): null

2024-01-14 16:11:41 - [TEST_STEP][PASSED] - out.println("Taxtype value is : " + Taxtype): null

2024-01-14 16:11:41 - [TEST_STEP][PASSED] - openBrowser(""): Browser is opened with url: ''

2024-01-14 16:11:41 - [MESSAGE][WARNING] - A browser is already opened. Closing browser and opening a new one

2024-01-14 16:11:42 - [MESSAGE][INFO] - Starting 'Chrome' driver

2024-01-14 16:11:42 - [MESSAGE][INFO] - User set preference: ['acceptInsecureCerts', 'true']

2024-01-14 16:11:42 - [MESSAGE][INFO] - Action delay is set to 0 milliseconds

2024-01-14 16:11:43 - [MESSAGE][PASSED] - Browser is opened with url: ''

2024-01-14 16:11:43 - [TEST_STEP][PASSED] - maximizeWindow(): Current window maximized

2024-01-14 16:11:43 - [MESSAGE][PASSED] - Current window maximized

2024-01-14 16:11:43 - [TEST_STEP][PASSED] - navigateToUrl(RADurl): Navigate to 'https://qa2.velocitypayment.com/client/rad/index.html' successfully

2024-01-14 16:11:45 - [MESSAGE][PASSED] - Navigate to 'https://qa2.velocitypayment.com/client/rad/index.html' successfully

2024-01-14 16:11:45 - [TEST_STEP][PASSED] - orPath_Landing = "Object Repository/RAD_Pages/Landing_Page": null

2024-01-14 16:11:45 - [TEST_STEP][PASSED] - orPath_TaxTypeFilingYear = "Object Repository/RAD_Pages/TaxTypeFilingYear_Page": null

2024-01-14 16:11:45 - [TEST_STEP][PASSED] - orPath_TaxPayer = "Object Repository/RAD_Pages/Taxpayer_Page": null

2024-01-14 16:11:45 - [TEST_STEP][PASSED] - orPath_AddressContact = "Object Repository/RAD_Pages/AddressAndContactInfo_Page": null

2024-01-14 16:11:45 - [TEST_STEP][PASSED] - orPath_FilingStatus = "Object Repository/RAD_Pages/FilingStatus_Page": null

2024-01-14 16:11:45 - [TEST_STEP][PASSED] - orPath_Amount = "Object Repository/RAD_Pages/PaymentAmount_Page": null

2024-01-14 16:11:45 - [TEST_STEP][PASSED] - orPath_TaxInfo = "Object Repository/RAD_Pages/TaxInfo_Page": null

2024-01-14 16:11:45 - [TEST_STEP][PASSED] - orPath_Withholding = "Object Repository/RAD_Pages/Withholding_Page": null

2024-01-14 16:11:45 - [TEST_STEP][PASSED] - orPath_Summary = "Object Repository/RAD_Pages/Summary_Page": null

2024-01-14 16:11:45 - [TEST_STEP][PASSED] - orPath_PaymentReady = "Object Repository/RAD_Pages/PaymentReady_Page": null

2024-01-14 16:11:45 - [TEST_STEP][PASSED] - orPath_PaymentEntry = "Object Repository/RAD_Pages/PaymentEntry_Page": null

2024-01-14 16:11:45 - [TEST_STEP][PASSED] - orPath_PaymentConfirmation = "Object Repository/RAD_Pages/PaymentConfirmation_Page": null

2024-01-14 16:11:45 - [TEST_STEP][PASSED] - orPath_ServiceFeesAccept = "Object Repository/RAD_Pages/ServiceFeeAccept_Page": null

2024-01-14 16:11:45 - [TEST_STEP][PASSED] - selectOptionByLabel(findTestObject(orPath_Landing + "/dd_TaxType"), Paymenttype, false): All options with label 'Quarterly Estimated Tax' are selected in object 'Object Repository/RAD_Pages/Landing_Page/dd_TaxType' 

2024-01-14 16:11:46 - [MESSAGE][PASSED] - All options with label 'Quarterly Estimated Tax' are selected in object 'Object Repository/RAD_Pages/Landing_Page/dd_TaxType' 

2024-01-14 16:11:46 - [TEST_STEP][PASSED] - delay(1): Delayed 1 second(s)

2024-01-14 16:11:47 - [MESSAGE][PASSED] - Delayed 1 second(s)

2024-01-14 16:11:47 - [TEST_STEP][PASSED] - switch (Paymenttype): null

2024-01-14 16:11:47 - [TEST_STEP][PASSED] - case "Quarterly Estimated Tax":: null

2024-01-14 16:11:47 - [TEST_STEP][PASSED] - selectOptionByLabel(findTestObject(orPath_TaxTypeFilingYear + "/select_PaymentType"), Taxtype, false): All options with label 'Corporate Income Tax' are selected in object 'Object Repository/RAD_Pages/TaxTypeFilingYear_Page/select_PaymentType' 

2024-01-14 16:11:47 - [MESSAGE][PASSED] - All options with label 'Corporate Income Tax' are selected in object 'Object Repository/RAD_Pages/TaxTypeFilingYear_Page/select_PaymentType' 

2024-01-14 16:11:47 - [TEST_STEP][PASSED] - break: null

2024-01-14 16:11:47 - [TEST_STEP][PASSED] - delay(1): Delayed 1 second(s)

2024-01-14 16:11:48 - [MESSAGE][PASSED] - Delayed 1 second(s)

2024-01-14 16:11:48 - [TEST_STEP][PASSED] - switch (Paymenttype): null

2024-01-14 16:11:48 - [TEST_STEP][PASSED] - case "Quarterly Estimated Tax":: null

2024-01-14 16:11:48 - [TEST_STEP][PASSED] - if (feinSsn.equalsIgnoreCase("Y")): null

2024-01-14 16:11:48 - [TEST_STEP][PASSED] - else: Text ****** has been set on object 'Object Repository/RAD_Pages/TaxInfo_Page/input_FederalEIN_ReEnter'

2024-01-14 16:11:48 - [TEST_STEP][PASSED] - setEncryptedText(findTestObject(orPath_TaxInfo + "/input_FederalEIN"), "iGDxf8hSRT4="): Text ****** has been set on object 'Object Repository/RAD_Pages/TaxInfo_Page/input_FederalEIN'

2024-01-14 16:11:49 - [MESSAGE][PASSED] - Text ****** has been set on object 'Object Repository/RAD_Pages/TaxInfo_Page/input_FederalEIN'

2024-01-14 16:11:49 - [TEST_STEP][PASSED] - setEncryptedText(findTestObject(orPath_TaxInfo + "/input_FederalEIN_ReEnter"), ""): Text ****** has been set on object 'Object Repository/RAD_Pages/TaxInfo_Page/input_FederalEIN_ReEnter'

2024-01-14 16:11:49 - [MESSAGE][PASSED] - Text ****** has been set on object 'Object Repository/RAD_Pages/TaxInfo_Page/input_FederalEIN_ReEnter'

2024-01-14 16:11:49 - [TEST_STEP][PASSED] - break: null

2024-01-14 16:11:49 - [TEST_STEP][PASSED] - if (feinSsn.equalsIgnoreCase("Y")): null

2024-01-14 16:11:49 - [TEST_STEP][PASSED] - else: null

2024-01-14 16:11:49 - [TEST_STEP][PASSED] - if (verifyTextPresent("Please enter a valid FEIN with 9 digits.", true)): null

2024-01-14 16:11:50 - [MESSAGE][PASSED] - Text 'Please enter a valid FEIN with 9 digits.' is present on page  using regular expression

2024-01-14 16:11:50 - [TEST_STEP][PASSED] - println("Error Message is present on the page"): null

2024-01-14 16:11:50 - [TEST_STEP][PASSED] - out.println("Pass Record Number: " + row): null

2024-01-14 16:11:50 - [TEST_STEP][PASSED] - resText = "Pass": null

2024-01-14 16:11:50 - [TEST_STEP][PASSED] - pages.WriteExcel.demoKey(resText, datText, resColumn, datCloumn, fileLoc, nameSheet, row): pages.WriteExcel.demoKey is PASSED

2024-01-14 16:11:50 - [MESSAGE][PASSED] - pages.WriteExcel.demoKey is PASSED

2024-01-14 16:11:50 - [TEST_STEP][PASSED] - ExecuteTC = findTestData(dataFile).getValue("Execute", row): null

2024-01-14 16:11:50 - [TEST_STEP][PASSED] - Taxtype = findTestData(dataFile).getValue("TaxType", row): null

2024-01-14 16:11:50 - [TEST_STEP][PASSED] - Paymenttype = findTestData(dataFile).getValue("PaymentType", row): null

2024-01-14 16:11:50 - [TEST_STEP][PASSED] - feinSsn = findTestData(dataFile).getValue("FEINSSN", row): null

2024-01-14 16:11:50 - [TEST_STEP][PASSED] - out.println("Value of Execute is : " + ExecuteTC): null

2024-01-14 16:11:50 - [TEST_STEP][PASSED] - if (ExecuteTC.equalsIgnoreCase("Y")): null

2024-01-14 16:11:50 - [TEST_STEP][PASSED] - out.println("Begin Record Number: " + row): null

2024-01-14 16:11:50 - [TEST_STEP][PASSED] - today = new java.util.Date(): null

2024-01-14 16:11:50 - [TEST_STEP][PASSED] - println(today): null

2024-01-14 16:11:50 - [TEST_STEP][PASSED] - datText = today: null

2024-01-14 16:11:50 - [TEST_STEP][PASSED] - Taxtype = findTestData(dataFile).getValue("TaxType", row): null

2024-01-14 16:11:50 - [TEST_STEP][PASSED] - out.println("Taxtype value is : " + Taxtype): null

2024-01-14 16:11:50 - [TEST_STEP][PASSED] - openBrowser(""): Browser is opened with url: ''

2024-01-14 16:11:50 - [MESSAGE][WARNING] - A browser is already opened. Closing browser and opening a new one

2024-01-14 16:11:51 - [MESSAGE][INFO] - Starting 'Chrome' driver

2024-01-14 16:11:51 - [MESSAGE][INFO] - User set preference: ['acceptInsecureCerts', 'true']

2024-01-14 16:11:51 - [MESSAGE][INFO] - Action delay is set to 0 milliseconds

2024-01-14 16:11:53 - [MESSAGE][PASSED] - Browser is opened with url: ''

2024-01-14 16:11:53 - [TEST_STEP][PASSED] - maximizeWindow(): Current window maximized

2024-01-14 16:11:53 - [MESSAGE][PASSED] - Current window maximized

2024-01-14 16:11:53 - [TEST_STEP][PASSED] - navigateToUrl(RADurl): Navigate to 'https://qa2.velocitypayment.com/client/rad/index.html' successfully

2024-01-14 16:11:54 - [MESSAGE][PASSED] - Navigate to 'https://qa2.velocitypayment.com/client/rad/index.html' successfully

2024-01-14 16:11:54 - [TEST_STEP][PASSED] - orPath_Landing = "Object Repository/RAD_Pages/Landing_Page": null

2024-01-14 16:11:54 - [TEST_STEP][PASSED] - orPath_TaxTypeFilingYear = "Object Repository/RAD_Pages/TaxTypeFilingYear_Page": null

2024-01-14 16:11:54 - [TEST_STEP][PASSED] - orPath_TaxPayer = "Object Repository/RAD_Pages/Taxpayer_Page": null

2024-01-14 16:11:54 - [TEST_STEP][PASSED] - orPath_AddressContact = "Object Repository/RAD_Pages/AddressAndContactInfo_Page": null

2024-01-14 16:11:54 - [TEST_STEP][PASSED] - orPath_FilingStatus = "Object Repository/RAD_Pages/FilingStatus_Page": null

2024-01-14 16:11:54 - [TEST_STEP][PASSED] - orPath_Amount = "Object Repository/RAD_Pages/PaymentAmount_Page": null

2024-01-14 16:11:54 - [TEST_STEP][PASSED] - orPath_TaxInfo = "Object Repository/RAD_Pages/TaxInfo_Page": null

2024-01-14 16:11:54 - [TEST_STEP][PASSED] - orPath_Withholding = "Object Repository/RAD_Pages/Withholding_Page": null

2024-01-14 16:11:54 - [TEST_STEP][PASSED] - orPath_Summary = "Object Repository/RAD_Pages/Summary_Page": null

2024-01-14 16:11:54 - [TEST_STEP][PASSED] - orPath_PaymentReady = "Object Repository/RAD_Pages/PaymentReady_Page": null

2024-01-14 16:11:54 - [TEST_STEP][PASSED] - orPath_PaymentEntry = "Object Repository/RAD_Pages/PaymentEntry_Page": null

2024-01-14 16:11:54 - [TEST_STEP][PASSED] - orPath_PaymentConfirmation = "Object Repository/RAD_Pages/PaymentConfirmation_Page": null

2024-01-14 16:11:54 - [TEST_STEP][PASSED] - orPath_ServiceFeesAccept = "Object Repository/RAD_Pages/ServiceFeeAccept_Page": null

2024-01-14 16:11:54 - [TEST_STEP][PASSED] - selectOptionByLabel(findTestObject(orPath_Landing + "/dd_TaxType"), Paymenttype, false): All options with label 'Quarterly Estimated Tax' are selected in object 'Object Repository/RAD_Pages/Landing_Page/dd_TaxType' 

2024-01-14 16:11:55 - [MESSAGE][PASSED] - All options with label 'Quarterly Estimated Tax' are selected in object 'Object Repository/RAD_Pages/Landing_Page/dd_TaxType' 

2024-01-14 16:11:55 - [TEST_STEP][PASSED] - delay(1): Delayed 1 second(s)

2024-01-14 16:11:56 - [MESSAGE][PASSED] - Delayed 1 second(s)

2024-01-14 16:11:56 - [TEST_STEP][PASSED] - switch (Paymenttype): null

2024-01-14 16:11:56 - [TEST_STEP][PASSED] - case "Quarterly Estimated Tax":: null

2024-01-14 16:11:56 - [TEST_STEP][PASSED] - selectOptionByLabel(findTestObject(orPath_TaxTypeFilingYear + "/select_PaymentType"), Taxtype, false): All options with label 'Fiduciary Tax' are selected in object 'Object Repository/RAD_Pages/TaxTypeFilingYear_Page/select_PaymentType' 

2024-01-14 16:11:57 - [MESSAGE][PASSED] - All options with label 'Fiduciary Tax' are selected in object 'Object Repository/RAD_Pages/TaxTypeFilingYear_Page/select_PaymentType' 

2024-01-14 16:11:57 - [TEST_STEP][PASSED] - break: null

2024-01-14 16:11:57 - [TEST_STEP][PASSED] - delay(1): Delayed 1 second(s)

2024-01-14 16:11:58 - [MESSAGE][PASSED] - Delayed 1 second(s)

2024-01-14 16:11:58 - [TEST_STEP][PASSED] - switch (Paymenttype): null

2024-01-14 16:11:58 - [TEST_STEP][PASSED] - case "Quarterly Estimated Tax":: null

2024-01-14 16:11:58 - [TEST_STEP][PASSED] - if (feinSsn.equalsIgnoreCase("Y")): null

2024-01-14 16:11:58 - [TEST_STEP][PASSED] - else: Text ****** has been set on object 'Object Repository/RAD_Pages/TaxInfo_Page/input_FederalEIN_ReEnter'

2024-01-14 16:11:58 - [TEST_STEP][PASSED] - setEncryptedText(findTestObject(orPath_TaxInfo + "/input_FederalEIN"), "iGDxf8hSRT4="): Text ****** has been set on object 'Object Repository/RAD_Pages/TaxInfo_Page/input_FederalEIN'

2024-01-14 16:11:58 - [MESSAGE][PASSED] - Text ****** has been set on object 'Object Repository/RAD_Pages/TaxInfo_Page/input_FederalEIN'

2024-01-14 16:11:58 - [TEST_STEP][PASSED] - setEncryptedText(findTestObject(orPath_TaxInfo + "/input_FederalEIN_ReEnter"), ""): Text ****** has been set on object 'Object Repository/RAD_Pages/TaxInfo_Page/input_FederalEIN_ReEnter'

2024-01-14 16:11:59 - [MESSAGE][PASSED] - Text ****** has been set on object 'Object Repository/RAD_Pages/TaxInfo_Page/input_FederalEIN_ReEnter'

2024-01-14 16:11:59 - [TEST_STEP][PASSED] - break: null

2024-01-14 16:11:59 - [TEST_STEP][PASSED] - if (feinSsn.equalsIgnoreCase("Y")): null

2024-01-14 16:11:59 - [TEST_STEP][PASSED] - else: null

2024-01-14 16:11:59 - [TEST_STEP][PASSED] - if (verifyTextPresent("Please enter a valid FEIN with 9 digits.", true)): null

2024-01-14 16:11:59 - [MESSAGE][PASSED] - Text 'Please enter a valid FEIN with 9 digits.' is present on page  using regular expression

2024-01-14 16:11:59 - [TEST_STEP][PASSED] - println("Error Message is present on the page"): null

2024-01-14 16:11:59 - [TEST_STEP][PASSED] - out.println("Pass Record Number: " + row): null

2024-01-14 16:11:59 - [TEST_STEP][PASSED] - resText = "Pass": null

2024-01-14 16:11:59 - [TEST_STEP][PASSED] - pages.WriteExcel.demoKey(resText, datText, resColumn, datCloumn, fileLoc, nameSheet, row): pages.WriteExcel.demoKey is PASSED

2024-01-14 16:11:59 - [MESSAGE][PASSED] - pages.WriteExcel.demoKey is PASSED

2024-01-14 16:11:59 - [TEST_STEP][PASSED] - ExecuteTC = findTestData(dataFile).getValue("Execute", row): null

2024-01-14 16:11:59 - [TEST_STEP][PASSED] - Taxtype = findTestData(dataFile).getValue("TaxType", row): null

2024-01-14 16:11:59 - [TEST_STEP][PASSED] - Paymenttype = findTestData(dataFile).getValue("PaymentType", row): null

2024-01-14 16:12:00 - [TEST_STEP][PASSED] - feinSsn = findTestData(dataFile).getValue("FEINSSN", row): null

2024-01-14 16:12:00 - [TEST_STEP][PASSED] - out.println("Value of Execute is : " + ExecuteTC): null

2024-01-14 16:12:00 - [TEST_STEP][PASSED] - if (ExecuteTC.equalsIgnoreCase("Y")): null

2024-01-14 16:12:00 - [TEST_STEP][PASSED] - out.println("Begin Record Number: " + row): null

2024-01-14 16:12:00 - [TEST_STEP][PASSED] - today = new java.util.Date(): null

2024-01-14 16:12:00 - [TEST_STEP][PASSED] - println(today): null

2024-01-14 16:12:00 - [TEST_STEP][PASSED] - datText = today: null

2024-01-14 16:12:00 - [TEST_STEP][PASSED] - Taxtype = findTestData(dataFile).getValue("TaxType", row): null

2024-01-14 16:12:00 - [TEST_STEP][PASSED] - out.println("Taxtype value is : " + Taxtype): null

2024-01-14 16:12:00 - [TEST_STEP][PASSED] - openBrowser(""): Browser is opened with url: ''

2024-01-14 16:12:00 - [MESSAGE][WARNING] - A browser is already opened. Closing browser and opening a new one

2024-01-14 16:12:01 - [MESSAGE][INFO] - Starting 'Chrome' driver

2024-01-14 16:12:01 - [MESSAGE][INFO] - User set preference: ['acceptInsecureCerts', 'true']

2024-01-14 16:12:01 - [MESSAGE][INFO] - Action delay is set to 0 milliseconds

2024-01-14 16:12:02 - [MESSAGE][PASSED] - Browser is opened with url: ''

2024-01-14 16:12:02 - [TEST_STEP][PASSED] - maximizeWindow(): Current window maximized

2024-01-14 16:12:02 - [MESSAGE][PASSED] - Current window maximized

2024-01-14 16:12:02 - [TEST_STEP][PASSED] - navigateToUrl(RADurl): Navigate to 'https://qa2.velocitypayment.com/client/rad/index.html' successfully

2024-01-14 16:12:03 - [MESSAGE][PASSED] - Navigate to 'https://qa2.velocitypayment.com/client/rad/index.html' successfully

2024-01-14 16:12:03 - [TEST_STEP][PASSED] - orPath_Landing = "Object Repository/RAD_Pages/Landing_Page": null

2024-01-14 16:12:03 - [TEST_STEP][PASSED] - orPath_TaxTypeFilingYear = "Object Repository/RAD_Pages/TaxTypeFilingYear_Page": null

2024-01-14 16:12:03 - [TEST_STEP][PASSED] - orPath_TaxPayer = "Object Repository/RAD_Pages/Taxpayer_Page": null

2024-01-14 16:12:03 - [TEST_STEP][PASSED] - orPath_AddressContact = "Object Repository/RAD_Pages/AddressAndContactInfo_Page": null

2024-01-14 16:12:03 - [TEST_STEP][PASSED] - orPath_FilingStatus = "Object Repository/RAD_Pages/FilingStatus_Page": null

2024-01-14 16:12:03 - [TEST_STEP][PASSED] - orPath_Amount = "Object Repository/RAD_Pages/PaymentAmount_Page": null

2024-01-14 16:12:03 - [TEST_STEP][PASSED] - orPath_TaxInfo = "Object Repository/RAD_Pages/TaxInfo_Page": null

2024-01-14 16:12:03 - [TEST_STEP][PASSED] - orPath_Withholding = "Object Repository/RAD_Pages/Withholding_Page": null

2024-01-14 16:12:03 - [TEST_STEP][PASSED] - orPath_Summary = "Object Repository/RAD_Pages/Summary_Page": null

2024-01-14 16:12:03 - [TEST_STEP][PASSED] - orPath_PaymentReady = "Object Repository/RAD_Pages/PaymentReady_Page": null

2024-01-14 16:12:03 - [TEST_STEP][PASSED] - orPath_PaymentEntry = "Object Repository/RAD_Pages/PaymentEntry_Page": null

2024-01-14 16:12:03 - [TEST_STEP][PASSED] - orPath_PaymentConfirmation = "Object Repository/RAD_Pages/PaymentConfirmation_Page": null

2024-01-14 16:12:03 - [TEST_STEP][PASSED] - orPath_ServiceFeesAccept = "Object Repository/RAD_Pages/ServiceFeeAccept_Page": null

2024-01-14 16:12:03 - [TEST_STEP][PASSED] - selectOptionByLabel(findTestObject(orPath_Landing + "/dd_TaxType"), Paymenttype, false): All options with label 'Quarterly Estimated Tax' are selected in object 'Object Repository/RAD_Pages/Landing_Page/dd_TaxType' 

2024-01-14 16:12:04 - [MESSAGE][PASSED] - All options with label 'Quarterly Estimated Tax' are selected in object 'Object Repository/RAD_Pages/Landing_Page/dd_TaxType' 

2024-01-14 16:12:04 - [TEST_STEP][PASSED] - delay(1): Delayed 1 second(s)

2024-01-14 16:12:05 - [MESSAGE][PASSED] - Delayed 1 second(s)

2024-01-14 16:12:05 - [TEST_STEP][PASSED] - switch (Paymenttype): null

2024-01-14 16:12:05 - [TEST_STEP][PASSED] - case "Quarterly Estimated Tax":: null

2024-01-14 16:12:05 - [TEST_STEP][PASSED] - selectOptionByLabel(findTestObject(orPath_TaxTypeFilingYear + "/select_PaymentType"), Taxtype, false): All options with label 'PTE Non-Electing Non-S Corp' are selected in object 'Object Repository/RAD_Pages/TaxTypeFilingYear_Page/select_PaymentType' 

2024-01-14 16:12:06 - [MESSAGE][PASSED] - All options with label 'PTE Non-Electing Non-S Corp' are selected in object 'Object Repository/RAD_Pages/TaxTypeFilingYear_Page/select_PaymentType' 

2024-01-14 16:12:06 - [TEST_STEP][PASSED] - break: null

2024-01-14 16:12:06 - [TEST_STEP][PASSED] - delay(1): Delayed 1 second(s)

2024-01-14 16:12:07 - [MESSAGE][PASSED] - Delayed 1 second(s)

2024-01-14 16:12:07 - [TEST_STEP][PASSED] - switch (Paymenttype): null

2024-01-14 16:12:07 - [TEST_STEP][PASSED] - case "Quarterly Estimated Tax":: null

2024-01-14 16:12:07 - [TEST_STEP][PASSED] - if (feinSsn.equalsIgnoreCase("Y")): Text ****** has been set on object 'Object Repository/RAD_Pages/TaxInfo_Page/input_TaxInfo_RetypeFeinSsn_New_2'

2024-01-14 16:12:07 - [TEST_STEP][PASSED] - setEncryptedText(findTestObject(orPath_TaxInfo + "/input_TaxInfo_FeinSsn_New_2"), "iGDxf8hSRT4="): Text ****** has been set on object 'Object Repository/RAD_Pages/TaxInfo_Page/input_TaxInfo_FeinSsn_New_2'

2024-01-14 16:12:08 - [MESSAGE][PASSED] - Text ****** has been set on object 'Object Repository/RAD_Pages/TaxInfo_Page/input_TaxInfo_FeinSsn_New_2'

2024-01-14 16:12:08 - [TEST_STEP][PASSED] - setEncryptedText(findTestObject(orPath_TaxInfo + "/input_TaxInfo_RetypeFeinSsn_New_2"), ""): Text ****** has been set on object 'Object Repository/RAD_Pages/TaxInfo_Page/input_TaxInfo_RetypeFeinSsn_New_2'

2024-01-14 16:12:08 - [MESSAGE][PASSED] - Text ****** has been set on object 'Object Repository/RAD_Pages/TaxInfo_Page/input_TaxInfo_RetypeFeinSsn_New_2'

2024-01-14 16:12:08 - [TEST_STEP][PASSED] - break: null

2024-01-14 16:12:08 - [TEST_STEP][PASSED] - if (feinSsn.equalsIgnoreCase("Y")): null

2024-01-14 16:12:08 - [TEST_STEP][PASSED] - if (verifyTextPresent("Please enter a valid FEIN/SSN with 9 digits", true)): null

2024-01-14 16:12:09 - [MESSAGE][PASSED] - Text 'Please enter a valid FEIN/SSN with 9 digits' is present on page  using regular expression

2024-01-14 16:12:09 - [TEST_STEP][PASSED] - println("Error Message is present on the page"): null

2024-01-14 16:12:09 - [TEST_STEP][PASSED] - out.println("Pass Record Number: " + row): null

2024-01-14 16:12:09 - [TEST_STEP][PASSED] - resText = "Pass": null

2024-01-14 16:12:09 - [TEST_STEP][PASSED] - pages.WriteExcel.demoKey(resText, datText, resColumn, datCloumn, fileLoc, nameSheet, row): pages.WriteExcel.demoKey is PASSED

2024-01-14 16:12:09 - [MESSAGE][PASSED] - pages.WriteExcel.demoKey is PASSED

2024-01-14 16:12:09 - [TEST_STEP][PASSED] - ExecuteTC = findTestData(dataFile).getValue("Execute", row): null

2024-01-14 16:12:09 - [TEST_STEP][PASSED] - Taxtype = findTestData(dataFile).getValue("TaxType", row): null

2024-01-14 16:12:09 - [TEST_STEP][PASSED] - Paymenttype = findTestData(dataFile).getValue("PaymentType", row): null

2024-01-14 16:12:09 - [TEST_STEP][PASSED] - feinSsn = findTestData(dataFile).getValue("FEINSSN", row): null

2024-01-14 16:12:09 - [TEST_STEP][PASSED] - out.println("Value of Execute is : " + ExecuteTC): null

2024-01-14 16:12:09 - [TEST_STEP][PASSED] - if (ExecuteTC.equalsIgnoreCase("Y")): null

2024-01-14 16:12:09 - [TEST_STEP][PASSED] - out.println("Begin Record Number: " + row): null

2024-01-14 16:12:09 - [TEST_STEP][PASSED] - today = new java.util.Date(): null

2024-01-14 16:12:09 - [TEST_STEP][PASSED] - println(today): null

2024-01-14 16:12:09 - [TEST_STEP][PASSED] - datText = today: null

2024-01-14 16:12:09 - [TEST_STEP][PASSED] - Taxtype = findTestData(dataFile).getValue("TaxType", row): null

2024-01-14 16:12:09 - [TEST_STEP][PASSED] - out.println("Taxtype value is : " + Taxtype): null

2024-01-14 16:12:09 - [TEST_STEP][PASSED] - openBrowser(""): Browser is opened with url: ''

2024-01-14 16:12:09 - [MESSAGE][WARNING] - A browser is already opened. Closing browser and opening a new one

2024-01-14 16:12:10 - [MESSAGE][INFO] - Starting 'Chrome' driver

2024-01-14 16:12:10 - [MESSAGE][INFO] - User set preference: ['acceptInsecureCerts', 'true']

2024-01-14 16:12:10 - [MESSAGE][INFO] - Action delay is set to 0 milliseconds

2024-01-14 16:12:11 - [MESSAGE][PASSED] - Browser is opened with url: ''

2024-01-14 16:12:11 - [TEST_STEP][PASSED] - maximizeWindow(): Current window maximized

2024-01-14 16:12:12 - [MESSAGE][PASSED] - Current window maximized

2024-01-14 16:12:12 - [TEST_STEP][PASSED] - navigateToUrl(RADurl): Navigate to 'https://qa2.velocitypayment.com/client/rad/index.html' successfully

2024-01-14 16:12:13 - [MESSAGE][PASSED] - Navigate to 'https://qa2.velocitypayment.com/client/rad/index.html' successfully

2024-01-14 16:12:13 - [TEST_STEP][PASSED] - orPath_Landing = "Object Repository/RAD_Pages/Landing_Page": null

2024-01-14 16:12:13 - [TEST_STEP][PASSED] - orPath_TaxTypeFilingYear = "Object Repository/RAD_Pages/TaxTypeFilingYear_Page": null

2024-01-14 16:12:13 - [TEST_STEP][PASSED] - orPath_TaxPayer = "Object Repository/RAD_Pages/Taxpayer_Page": null

2024-01-14 16:12:13 - [TEST_STEP][PASSED] - orPath_AddressContact = "Object Repository/RAD_Pages/AddressAndContactInfo_Page": null

2024-01-14 16:12:13 - [TEST_STEP][PASSED] - orPath_FilingStatus = "Object Repository/RAD_Pages/FilingStatus_Page": null

2024-01-14 16:12:13 - [TEST_STEP][PASSED] - orPath_Amount = "Object Repository/RAD_Pages/PaymentAmount_Page": null

2024-01-14 16:12:13 - [TEST_STEP][PASSED] - orPath_TaxInfo = "Object Repository/RAD_Pages/TaxInfo_Page": null

2024-01-14 16:12:13 - [TEST_STEP][PASSED] - orPath_Withholding = "Object Repository/RAD_Pages/Withholding_Page": null

2024-01-14 16:12:13 - [TEST_STEP][PASSED] - orPath_Summary = "Object Repository/RAD_Pages/Summary_Page": null

2024-01-14 16:12:13 - [TEST_STEP][PASSED] - orPath_PaymentReady = "Object Repository/RAD_Pages/PaymentReady_Page": null

2024-01-14 16:12:13 - [TEST_STEP][PASSED] - orPath_PaymentEntry = "Object Repository/RAD_Pages/PaymentEntry_Page": null

2024-01-14 16:12:13 - [TEST_STEP][PASSED] - orPath_PaymentConfirmation = "Object Repository/RAD_Pages/PaymentConfirmation_Page": null

2024-01-14 16:12:13 - [TEST_STEP][PASSED] - orPath_ServiceFeesAccept = "Object Repository/RAD_Pages/ServiceFeeAccept_Page": null

2024-01-14 16:12:13 - [TEST_STEP][PASSED] - selectOptionByLabel(findTestObject(orPath_Landing + "/dd_TaxType"), Paymenttype, false): All options with label 'Quarterly Estimated Tax' are selected in object 'Object Repository/RAD_Pages/Landing_Page/dd_TaxType' 

2024-01-14 16:12:14 - [MESSAGE][PASSED] - All options with label 'Quarterly Estimated Tax' are selected in object 'Object Repository/RAD_Pages/Landing_Page/dd_TaxType' 

2024-01-14 16:12:14 - [TEST_STEP][PASSED] - delay(1): Delayed 1 second(s)

2024-01-14 16:12:15 - [MESSAGE][PASSED] - Delayed 1 second(s)

2024-01-14 16:12:15 - [TEST_STEP][PASSED] - switch (Paymenttype): null

2024-01-14 16:12:15 - [TEST_STEP][PASSED] - case "Quarterly Estimated Tax":: null

2024-01-14 16:12:15 - [TEST_STEP][PASSED] - selectOptionByLabel(findTestObject(orPath_TaxTypeFilingYear + "/select_PaymentType"), Taxtype, false): All options with label 'PTE Non-Electing S Corp' are selected in object 'Object Repository/RAD_Pages/TaxTypeFilingYear_Page/select_PaymentType' 

2024-01-14 16:12:15 - [MESSAGE][PASSED] - All options with label 'PTE Non-Electing S Corp' are selected in object 'Object Repository/RAD_Pages/TaxTypeFilingYear_Page/select_PaymentType' 

2024-01-14 16:12:15 - [TEST_STEP][PASSED] - break: null

2024-01-14 16:12:15 - [TEST_STEP][PASSED] - delay(1): Delayed 1 second(s)

2024-01-14 16:12:16 - [MESSAGE][PASSED] - Delayed 1 second(s)

2024-01-14 16:12:16 - [TEST_STEP][PASSED] - switch (Paymenttype): null

2024-01-14 16:12:16 - [TEST_STEP][PASSED] - case "Quarterly Estimated Tax":: null

2024-01-14 16:12:16 - [TEST_STEP][PASSED] - if (feinSsn.equalsIgnoreCase("Y")): Text ****** has been set on object 'Object Repository/RAD_Pages/TaxInfo_Page/input_TaxInfo_RetypeFeinSsn_New_2'

2024-01-14 16:12:16 - [TEST_STEP][PASSED] - setEncryptedText(findTestObject(orPath_TaxInfo + "/input_TaxInfo_FeinSsn_New_2"), "iGDxf8hSRT4="): Text ****** has been set on object 'Object Repository/RAD_Pages/TaxInfo_Page/input_TaxInfo_FeinSsn_New_2'

2024-01-14 16:12:17 - [MESSAGE][PASSED] - Text ****** has been set on object 'Object Repository/RAD_Pages/TaxInfo_Page/input_TaxInfo_FeinSsn_New_2'

2024-01-14 16:12:17 - [TEST_STEP][PASSED] - setEncryptedText(findTestObject(orPath_TaxInfo + "/input_TaxInfo_RetypeFeinSsn_New_2"), ""): Text ****** has been set on object 'Object Repository/RAD_Pages/TaxInfo_Page/input_TaxInfo_RetypeFeinSsn_New_2'

2024-01-14 16:12:18 - [MESSAGE][PASSED] - Text ****** has been set on object 'Object Repository/RAD_Pages/TaxInfo_Page/input_TaxInfo_RetypeFeinSsn_New_2'

2024-01-14 16:12:18 - [TEST_STEP][PASSED] - break: null

2024-01-14 16:12:18 - [TEST_STEP][PASSED] - if (feinSsn.equalsIgnoreCase("Y")): null

2024-01-14 16:12:18 - [TEST_STEP][PASSED] - if (verifyTextPresent("Please enter a valid FEIN/SSN with 9 digits", true)): null

2024-01-14 16:12:18 - [MESSAGE][PASSED] - Text 'Please enter a valid FEIN/SSN with 9 digits' is present on page  using regular expression

2024-01-14 16:12:18 - [TEST_STEP][PASSED] - println("Error Message is present on the page"): null

2024-01-14 16:12:18 - [TEST_STEP][PASSED] - out.println("Pass Record Number: " + row): null

2024-01-14 16:12:18 - [TEST_STEP][PASSED] - resText = "Pass": null

2024-01-14 16:12:18 - [TEST_STEP][PASSED] - pages.WriteExcel.demoKey(resText, datText, resColumn, datCloumn, fileLoc, nameSheet, row): pages.WriteExcel.demoKey is PASSED

2024-01-14 16:12:18 - [MESSAGE][PASSED] - pages.WriteExcel.demoKey is PASSED

2024-01-14 16:12:18 - [TEST_STEP][PASSED] - ExecuteTC = findTestData(dataFile).getValue("Execute", row): null

2024-01-14 16:12:18 - [TEST_STEP][PASSED] - Taxtype = findTestData(dataFile).getValue("TaxType", row): null

2024-01-14 16:12:18 - [TEST_STEP][PASSED] - Paymenttype = findTestData(dataFile).getValue("PaymentType", row): null

2024-01-14 16:12:18 - [TEST_STEP][PASSED] - feinSsn = findTestData(dataFile).getValue("FEINSSN", row): null

2024-01-14 16:12:18 - [TEST_STEP][PASSED] - out.println("Value of Execute is : " + ExecuteTC): null

2024-01-14 16:12:18 - [TEST_STEP][PASSED] - if (ExecuteTC.equalsIgnoreCase("Y")): null

2024-01-14 16:12:18 - [TEST_STEP][PASSED] - out.println("Begin Record Number: " + row): null

2024-01-14 16:12:18 - [TEST_STEP][PASSED] - today = new java.util.Date(): null

2024-01-14 16:12:18 - [TEST_STEP][PASSED] - println(today): null

2024-01-14 16:12:18 - [TEST_STEP][PASSED] - datText = today: null

2024-01-14 16:12:18 - [TEST_STEP][PASSED] - Taxtype = findTestData(dataFile).getValue("TaxType", row): null

2024-01-14 16:12:18 - [TEST_STEP][PASSED] - out.println("Taxtype value is : " + Taxtype): null

2024-01-14 16:12:18 - [TEST_STEP][PASSED] - openBrowser(""): Browser is opened with url: ''

2024-01-14 16:12:18 - [MESSAGE][WARNING] - A browser is already opened. Closing browser and opening a new one

2024-01-14 16:12:20 - [MESSAGE][INFO] - Starting 'Chrome' driver

2024-01-14 16:12:20 - [MESSAGE][INFO] - User set preference: ['acceptInsecureCerts', 'true']

2024-01-14 16:12:20 - [MESSAGE][INFO] - Action delay is set to 0 milliseconds

2024-01-14 16:12:21 - [MESSAGE][PASSED] - Browser is opened with url: ''

2024-01-14 16:12:21 - [TEST_STEP][PASSED] - maximizeWindow(): Current window maximized

2024-01-14 16:12:21 - [MESSAGE][PASSED] - Current window maximized

2024-01-14 16:12:21 - [TEST_STEP][PASSED] - navigateToUrl(RADurl): Navigate to 'https://qa2.velocitypayment.com/client/rad/index.html' successfully

2024-01-14 16:12:23 - [MESSAGE][PASSED] - Navigate to 'https://qa2.velocitypayment.com/client/rad/index.html' successfully

2024-01-14 16:12:23 - [TEST_STEP][PASSED] - orPath_Landing = "Object Repository/RAD_Pages/Landing_Page": null

2024-01-14 16:12:23 - [TEST_STEP][PASSED] - orPath_TaxTypeFilingYear = "Object Repository/RAD_Pages/TaxTypeFilingYear_Page": null

2024-01-14 16:12:23 - [TEST_STEP][PASSED] - orPath_TaxPayer = "Object Repository/RAD_Pages/Taxpayer_Page": null

2024-01-14 16:12:23 - [TEST_STEP][PASSED] - orPath_AddressContact = "Object Repository/RAD_Pages/AddressAndContactInfo_Page": null

2024-01-14 16:12:23 - [TEST_STEP][PASSED] - orPath_FilingStatus = "Object Repository/RAD_Pages/FilingStatus_Page": null

2024-01-14 16:12:23 - [TEST_STEP][PASSED] - orPath_Amount = "Object Repository/RAD_Pages/PaymentAmount_Page": null

2024-01-14 16:12:23 - [TEST_STEP][PASSED] - orPath_TaxInfo = "Object Repository/RAD_Pages/TaxInfo_Page": null

2024-01-14 16:12:23 - [TEST_STEP][PASSED] - orPath_Withholding = "Object Repository/RAD_Pages/Withholding_Page": null

2024-01-14 16:12:23 - [TEST_STEP][PASSED] - orPath_Summary = "Object Repository/RAD_Pages/Summary_Page": null

2024-01-14 16:12:23 - [TEST_STEP][PASSED] - orPath_PaymentReady = "Object Repository/RAD_Pages/PaymentReady_Page": null

2024-01-14 16:12:23 - [TEST_STEP][PASSED] - orPath_PaymentEntry = "Object Repository/RAD_Pages/PaymentEntry_Page": null

2024-01-14 16:12:23 - [TEST_STEP][PASSED] - orPath_PaymentConfirmation = "Object Repository/RAD_Pages/PaymentConfirmation_Page": null

2024-01-14 16:12:23 - [TEST_STEP][PASSED] - orPath_ServiceFeesAccept = "Object Repository/RAD_Pages/ServiceFeeAccept_Page": null

2024-01-14 16:12:23 - [TEST_STEP][PASSED] - selectOptionByLabel(findTestObject(orPath_Landing + "/dd_TaxType"), Paymenttype, false): All options with label 'Quarterly Estimated Tax' are selected in object 'Object Repository/RAD_Pages/Landing_Page/dd_TaxType' 

2024-01-14 16:12:23 - [MESSAGE][PASSED] - All options with label 'Quarterly Estimated Tax' are selected in object 'Object Repository/RAD_Pages/Landing_Page/dd_TaxType' 

2024-01-14 16:12:23 - [TEST_STEP][PASSED] - delay(1): Delayed 1 second(s)

2024-01-14 16:12:24 - [MESSAGE][PASSED] - Delayed 1 second(s)

2024-01-14 16:12:24 - [TEST_STEP][PASSED] - switch (Paymenttype): null

2024-01-14 16:12:24 - [TEST_STEP][PASSED] - case "Quarterly Estimated Tax":: null

2024-01-14 16:12:24 - [TEST_STEP][PASSED] - selectOptionByLabel(findTestObject(orPath_TaxTypeFilingYear + "/select_PaymentType"), Taxtype, false): All options with label 'PTE Tax Electing Non-S Corp' are selected in object 'Object Repository/RAD_Pages/TaxTypeFilingYear_Page/select_PaymentType' 

2024-01-14 16:12:25 - [MESSAGE][PASSED] - All options with label 'PTE Tax Electing Non-S Corp' are selected in object 'Object Repository/RAD_Pages/TaxTypeFilingYear_Page/select_PaymentType' 

2024-01-14 16:12:25 - [TEST_STEP][PASSED] - break: null

2024-01-14 16:12:25 - [TEST_STEP][PASSED] - delay(1): Delayed 1 second(s)

2024-01-14 16:12:26 - [MESSAGE][PASSED] - Delayed 1 second(s)

2024-01-14 16:12:26 - [TEST_STEP][PASSED] - switch (Paymenttype): null

2024-01-14 16:12:26 - [TEST_STEP][PASSED] - case "Quarterly Estimated Tax":: null

2024-01-14 16:12:26 - [TEST_STEP][PASSED] - if (feinSsn.equalsIgnoreCase("Y")): Text ****** has been set on object 'Object Repository/RAD_Pages/TaxInfo_Page/input_TaxInfo_RetypeFeinSsn_New_2'

2024-01-14 16:12:26 - [TEST_STEP][PASSED] - setEncryptedText(findTestObject(orPath_TaxInfo + "/input_TaxInfo_FeinSsn_New_2"), "iGDxf8hSRT4="): Text ****** has been set on object 'Object Repository/RAD_Pages/TaxInfo_Page/input_TaxInfo_FeinSsn_New_2'

2024-01-14 16:12:26 - [MESSAGE][PASSED] - Text ****** has been set on object 'Object Repository/RAD_Pages/TaxInfo_Page/input_TaxInfo_FeinSsn_New_2'

2024-01-14 16:12:26 - [TEST_STEP][PASSED] - setEncryptedText(findTestObject(orPath_TaxInfo + "/input_TaxInfo_RetypeFeinSsn_New_2"), ""): Text ****** has been set on object 'Object Repository/RAD_Pages/TaxInfo_Page/input_TaxInfo_RetypeFeinSsn_New_2'

2024-01-14 16:12:27 - [MESSAGE][PASSED] - Text ****** has been set on object 'Object Repository/RAD_Pages/TaxInfo_Page/input_TaxInfo_RetypeFeinSsn_New_2'

2024-01-14 16:12:27 - [TEST_STEP][PASSED] - break: null

2024-01-14 16:12:27 - [TEST_STEP][PASSED] - if (feinSsn.equalsIgnoreCase("Y")): null

2024-01-14 16:12:27 - [TEST_STEP][PASSED] - if (verifyTextPresent("Please enter a valid FEIN/SSN with 9 digits", true)): null

2024-01-14 16:12:28 - [MESSAGE][PASSED] - Text 'Please enter a valid FEIN/SSN with 9 digits' is present on page  using regular expression

2024-01-14 16:12:28 - [TEST_STEP][PASSED] - println("Error Message is present on the page"): null

2024-01-14 16:12:28 - [TEST_STEP][PASSED] - out.println("Pass Record Number: " + row): null

2024-01-14 16:12:28 - [TEST_STEP][PASSED] - resText = "Pass": null

2024-01-14 16:12:28 - [TEST_STEP][PASSED] - pages.WriteExcel.demoKey(resText, datText, resColumn, datCloumn, fileLoc, nameSheet, row): pages.WriteExcel.demoKey is PASSED

2024-01-14 16:12:28 - [MESSAGE][PASSED] - pages.WriteExcel.demoKey is PASSED

2024-01-14 16:12:28 - [TEST_STEP][PASSED] - ExecuteTC = findTestData(dataFile).getValue("Execute", row): null

2024-01-14 16:12:28 - [TEST_STEP][PASSED] - Taxtype = findTestData(dataFile).getValue("TaxType", row): null

2024-01-14 16:12:28 - [TEST_STEP][PASSED] - Paymenttype = findTestData(dataFile).getValue("PaymentType", row): null

2024-01-14 16:12:28 - [TEST_STEP][PASSED] - feinSsn = findTestData(dataFile).getValue("FEINSSN", row): null

2024-01-14 16:12:28 - [TEST_STEP][PASSED] - out.println("Value of Execute is : " + ExecuteTC): null

2024-01-14 16:12:28 - [TEST_STEP][PASSED] - if (ExecuteTC.equalsIgnoreCase("Y")): null

2024-01-14 16:12:28 - [TEST_STEP][PASSED] - out.println("Begin Record Number: " + row): null

2024-01-14 16:12:28 - [TEST_STEP][PASSED] - today = new java.util.Date(): null

2024-01-14 16:12:28 - [TEST_STEP][PASSED] - println(today): null

2024-01-14 16:12:28 - [TEST_STEP][PASSED] - datText = today: null

2024-01-14 16:12:28 - [TEST_STEP][PASSED] - Taxtype = findTestData(dataFile).getValue("TaxType", row): null

2024-01-14 16:12:28 - [TEST_STEP][PASSED] - out.println("Taxtype value is : " + Taxtype): null

2024-01-14 16:12:28 - [TEST_STEP][PASSED] - openBrowser(""): Browser is opened with url: ''

2024-01-14 16:12:28 - [MESSAGE][WARNING] - A browser is already opened. Closing browser and opening a new one

2024-01-14 16:12:29 - [MESSAGE][INFO] - Starting 'Chrome' driver

2024-01-14 16:12:29 - [MESSAGE][INFO] - User set preference: ['acceptInsecureCerts', 'true']

2024-01-14 16:12:29 - [MESSAGE][INFO] - Action delay is set to 0 milliseconds

2024-01-14 16:12:30 - [MESSAGE][PASSED] - Browser is opened with url: ''

2024-01-14 16:12:30 - [TEST_STEP][PASSED] - maximizeWindow(): Current window maximized

2024-01-14 16:12:31 - [MESSAGE][PASSED] - Current window maximized

2024-01-14 16:12:31 - [TEST_STEP][PASSED] - navigateToUrl(RADurl): Navigate to 'https://qa2.velocitypayment.com/client/rad/index.html' successfully

2024-01-14 16:12:32 - [MESSAGE][PASSED] - Navigate to 'https://qa2.velocitypayment.com/client/rad/index.html' successfully

2024-01-14 16:12:32 - [TEST_STEP][PASSED] - orPath_Landing = "Object Repository/RAD_Pages/Landing_Page": null

2024-01-14 16:12:32 - [TEST_STEP][PASSED] - orPath_TaxTypeFilingYear = "Object Repository/RAD_Pages/TaxTypeFilingYear_Page": null

2024-01-14 16:12:32 - [TEST_STEP][PASSED] - orPath_TaxPayer = "Object Repository/RAD_Pages/Taxpayer_Page": null

2024-01-14 16:12:32 - [TEST_STEP][PASSED] - orPath_AddressContact = "Object Repository/RAD_Pages/AddressAndContactInfo_Page": null

2024-01-14 16:12:32 - [TEST_STEP][PASSED] - orPath_FilingStatus = "Object Repository/RAD_Pages/FilingStatus_Page": null

2024-01-14 16:12:32 - [TEST_STEP][PASSED] - orPath_Amount = "Object Repository/RAD_Pages/PaymentAmount_Page": null

2024-01-14 16:12:32 - [TEST_STEP][PASSED] - orPath_TaxInfo = "Object Repository/RAD_Pages/TaxInfo_Page": null

2024-01-14 16:12:32 - [TEST_STEP][PASSED] - orPath_Withholding = "Object Repository/RAD_Pages/Withholding_Page": null

2024-01-14 16:12:32 - [TEST_STEP][PASSED] - orPath_Summary = "Object Repository/RAD_Pages/Summary_Page": null

2024-01-14 16:12:32 - [TEST_STEP][PASSED] - orPath_PaymentReady = "Object Repository/RAD_Pages/PaymentReady_Page": null

2024-01-14 16:12:32 - [TEST_STEP][PASSED] - orPath_PaymentEntry = "Object Repository/RAD_Pages/PaymentEntry_Page": null

2024-01-14 16:12:32 - [TEST_STEP][PASSED] - orPath_PaymentConfirmation = "Object Repository/RAD_Pages/PaymentConfirmation_Page": null

2024-01-14 16:12:32 - [TEST_STEP][PASSED] - orPath_ServiceFeesAccept = "Object Repository/RAD_Pages/ServiceFeeAccept_Page": null

2024-01-14 16:12:32 - [TEST_STEP][PASSED] - selectOptionByLabel(findTestObject(orPath_Landing + "/dd_TaxType"), Paymenttype, false): All options with label 'Quarterly Estimated Tax' are selected in object 'Object Repository/RAD_Pages/Landing_Page/dd_TaxType' 

2024-01-14 16:12:33 - [MESSAGE][PASSED] - All options with label 'Quarterly Estimated Tax' are selected in object 'Object Repository/RAD_Pages/Landing_Page/dd_TaxType' 

2024-01-14 16:12:33 - [TEST_STEP][PASSED] - delay(1): Delayed 1 second(s)

2024-01-14 16:12:34 - [MESSAGE][PASSED] - Delayed 1 second(s)

2024-01-14 16:12:34 - [TEST_STEP][PASSED] - switch (Paymenttype): null

2024-01-14 16:12:34 - [TEST_STEP][PASSED] - case "Quarterly Estimated Tax":: null

2024-01-14 16:12:34 - [TEST_STEP][PASSED] - selectOptionByLabel(findTestObject(orPath_TaxTypeFilingYear + "/select_PaymentType"), Taxtype, false): All options with label 'PTE Tax Electing S Corp' are selected in object 'Object Repository/RAD_Pages/TaxTypeFilingYear_Page/select_PaymentType' 

2024-01-14 16:12:34 - [MESSAGE][PASSED] - All options with label 'PTE Tax Electing S Corp' are selected in object 'Object Repository/RAD_Pages/TaxTypeFilingYear_Page/select_PaymentType' 

2024-01-14 16:12:34 - [TEST_STEP][PASSED] - break: null

2024-01-14 16:12:34 - [TEST_STEP][PASSED] - delay(1): Delayed 1 second(s)

2024-01-14 16:12:35 - [MESSAGE][PASSED] - Delayed 1 second(s)

2024-01-14 16:12:35 - [TEST_STEP][PASSED] - switch (Paymenttype): null

2024-01-14 16:12:35 - [TEST_STEP][PASSED] - case "Quarterly Estimated Tax":: null

2024-01-14 16:12:35 - [TEST_STEP][PASSED] - if (feinSsn.equalsIgnoreCase("Y")): Text ****** has been set on object 'Object Repository/RAD_Pages/TaxInfo_Page/input_TaxInfo_RetypeFeinSsn_New_2'

2024-01-14 16:12:35 - [TEST_STEP][PASSED] - setEncryptedText(findTestObject(orPath_TaxInfo + "/input_TaxInfo_FeinSsn_New_2"), "iGDxf8hSRT4="): Text ****** has been set on object 'Object Repository/RAD_Pages/TaxInfo_Page/input_TaxInfo_FeinSsn_New_2'

2024-01-14 16:12:36 - [MESSAGE][PASSED] - Text ****** has been set on object 'Object Repository/RAD_Pages/TaxInfo_Page/input_TaxInfo_FeinSsn_New_2'

2024-01-14 16:12:36 - [TEST_STEP][PASSED] - setEncryptedText(findTestObject(orPath_TaxInfo + "/input_TaxInfo_RetypeFeinSsn_New_2"), ""): Text ****** has been set on object 'Object Repository/RAD_Pages/TaxInfo_Page/input_TaxInfo_RetypeFeinSsn_New_2'

2024-01-14 16:12:36 - [MESSAGE][PASSED] - Text ****** has been set on object 'Object Repository/RAD_Pages/TaxInfo_Page/input_TaxInfo_RetypeFeinSsn_New_2'

2024-01-14 16:12:36 - [TEST_STEP][PASSED] - break: null

2024-01-14 16:12:36 - [TEST_STEP][PASSED] - if (feinSsn.equalsIgnoreCase("Y")): null

2024-01-14 16:12:36 - [TEST_STEP][PASSED] - if (verifyTextPresent("Please enter a valid FEIN/SSN with 9 digits", true)): null

2024-01-14 16:12:37 - [MESSAGE][PASSED] - Text 'Please enter a valid FEIN/SSN with 9 digits' is present on page  using regular expression

2024-01-14 16:12:37 - [TEST_STEP][PASSED] - println("Error Message is present on the page"): null

2024-01-14 16:12:37 - [TEST_STEP][PASSED] - out.println("Pass Record Number: " + row): null

2024-01-14 16:12:37 - [TEST_STEP][PASSED] - resText = "Pass": null

2024-01-14 16:12:37 - [TEST_STEP][PASSED] - pages.WriteExcel.demoKey(resText, datText, resColumn, datCloumn, fileLoc, nameSheet, row): pages.WriteExcel.demoKey is PASSED

2024-01-14 16:12:37 - [MESSAGE][PASSED] - pages.WriteExcel.demoKey is PASSED

2024-01-14 16:12:37 - [TEST_STEP][PASSED] - ExecuteTC = findTestData(dataFile).getValue("Execute", row): null

2024-01-14 16:12:37 - [TEST_STEP][PASSED] - Taxtype = findTestData(dataFile).getValue("TaxType", row): null

2024-01-14 16:12:37 - [TEST_STEP][PASSED] - Paymenttype = findTestData(dataFile).getValue("PaymentType", row): null

2024-01-14 16:12:37 - [TEST_STEP][PASSED] - feinSsn = findTestData(dataFile).getValue("FEINSSN", row): null

2024-01-14 16:12:37 - [TEST_STEP][PASSED] - out.println("Value of Execute is : " + ExecuteTC): null

2024-01-14 16:12:37 - [TEST_STEP][PASSED] - if (ExecuteTC.equalsIgnoreCase("Y")): null

2024-01-14 16:12:37 - [TEST_STEP][PASSED] - ExecuteTC = findTestData(dataFile).getValue("Execute", row): null

2024-01-14 16:12:37 - [TEST_STEP][PASSED] - Taxtype = findTestData(dataFile).getValue("TaxType", row): null

2024-01-14 16:12:37 - [TEST_STEP][PASSED] - Paymenttype = findTestData(dataFile).getValue("PaymentType", row): null

2024-01-14 16:12:37 - [TEST_STEP][PASSED] - feinSsn = findTestData(dataFile).getValue("FEINSSN", row): null

2024-01-14 16:12:37 - [TEST_STEP][PASSED] - out.println("Value of Execute is : " + ExecuteTC): null

2024-01-14 16:12:37 - [TEST_STEP][PASSED] - if (ExecuteTC.equalsIgnoreCase("Y")): null

2024-01-14 16:12:37 - [TEST_STEP][PASSED] - ExecuteTC = findTestData(dataFile).getValue("Execute", row): null

2024-01-14 16:12:37 - [TEST_STEP][PASSED] - Taxtype = findTestData(dataFile).getValue("TaxType", row): null

2024-01-14 16:12:38 - [TEST_STEP][PASSED] - Paymenttype = findTestData(dataFile).getValue("PaymentType", row): null

2024-01-14 16:12:38 - [TEST_STEP][PASSED] - feinSsn = findTestData(dataFile).getValue("FEINSSN", row): null

2024-01-14 16:12:38 - [TEST_STEP][PASSED] - out.println("Value of Execute is : " + ExecuteTC): null

2024-01-14 16:12:38 - [TEST_STEP][PASSED] - if (ExecuteTC.equalsIgnoreCase("Y")): null

2024-01-14 16:12:38 - [TEST_STEP][PASSED] - ExecuteTC = findTestData(dataFile).getValue("Execute", row): null

2024-01-14 16:12:38 - [TEST_STEP][PASSED] - Taxtype = findTestData(dataFile).getValue("TaxType", row): null

2024-01-14 16:12:38 - [TEST_STEP][PASSED] - Paymenttype = findTestData(dataFile).getValue("PaymentType", row): null

2024-01-14 16:12:38 - [TEST_STEP][PASSED] - feinSsn = findTestData(dataFile).getValue("FEINSSN", row): null

2024-01-14 16:12:38 - [TEST_STEP][PASSED] - out.println("Value of Execute is : " + ExecuteTC): null

2024-01-14 16:12:38 - [TEST_STEP][PASSED] - if (ExecuteTC.equalsIgnoreCase("Y")): null

2024-01-14 16:12:38 - [TEST_STEP][PASSED] - ExecuteTC = findTestData(dataFile).getValue("Execute", row): null

2024-01-14 16:12:38 - [TEST_STEP][PASSED] - Taxtype = findTestData(dataFile).getValue("TaxType", row): null

2024-01-14 16:12:38 - [TEST_STEP][PASSED] - Paymenttype = findTestData(dataFile).getValue("PaymentType", row): null

2024-01-14 16:12:38 - [TEST_STEP][PASSED] - feinSsn = findTestData(dataFile).getValue("FEINSSN", row): null

2024-01-14 16:12:38 - [TEST_STEP][PASSED] - out.println("Value of Execute is : " + ExecuteTC): null

2024-01-14 16:12:38 - [TEST_STEP][PASSED] - if (ExecuteTC.equalsIgnoreCase("Y")): null

2024-01-14 16:12:38 - [TEST_STEP][PASSED] - ExecuteTC = findTestData(dataFile).getValue("Execute", row): null

2024-01-14 16:12:38 - [TEST_STEP][PASSED] - Taxtype = findTestData(dataFile).getValue("TaxType", row): null

2024-01-14 16:12:38 - [TEST_STEP][PASSED] - Paymenttype = findTestData(dataFile).getValue("PaymentType", row): null

2024-01-14 16:12:38 - [TEST_STEP][PASSED] - feinSsn = findTestData(dataFile).getValue("FEINSSN", row): null

2024-01-14 16:12:38 - [TEST_STEP][PASSED] - out.println("Value of Execute is : " + ExecuteTC): null

2024-01-14 16:12:38 - [TEST_STEP][PASSED] - if (ExecuteTC.equalsIgnoreCase("Y")): null

2024-01-14 16:12:38 - [TEST_STEP][PASSED] - ExecuteTC = findTestData(dataFile).getValue("Execute", row): null

2024-01-14 16:12:38 - [TEST_STEP][PASSED] - Taxtype = findTestData(dataFile).getValue("TaxType", row): null

2024-01-14 16:12:38 - [TEST_STEP][PASSED] - Paymenttype = findTestData(dataFile).getValue("PaymentType", row): null

2024-01-14 16:12:38 - [TEST_STEP][PASSED] - feinSsn = findTestData(dataFile).getValue("FEINSSN", row): null

2024-01-14 16:12:38 - [TEST_STEP][PASSED] - out.println("Value of Execute is : " + ExecuteTC): null

2024-01-14 16:12:38 - [TEST_STEP][PASSED] - if (ExecuteTC.equalsIgnoreCase("Y")): null

2024-01-14 16:12:38 - [TEST_STEP][PASSED] - out.println("Begin Record Number: " + row): null

2024-01-14 16:12:38 - [TEST_STEP][PASSED] - today = new java.util.Date(): null

2024-01-14 16:12:38 - [TEST_STEP][PASSED] - println(today): null

2024-01-14 16:12:38 - [TEST_STEP][PASSED] - datText = today: null

2024-01-14 16:12:38 - [TEST_STEP][PASSED] - Taxtype = findTestData(dataFile).getValue("TaxType", row): null

2024-01-14 16:12:38 - [TEST_STEP][PASSED] - out.println("Taxtype value is : " + Taxtype): null

2024-01-14 16:12:38 - [TEST_STEP][PASSED] - openBrowser(""): Browser is opened with url: ''

2024-01-14 16:12:38 - [MESSAGE][WARNING] - A browser is already opened. Closing browser and opening a new one

2024-01-14 16:12:39 - [MESSAGE][INFO] - Starting 'Chrome' driver

2024-01-14 16:12:39 - [MESSAGE][INFO] - User set preference: ['acceptInsecureCerts', 'true']

2024-01-14 16:12:39 - [MESSAGE][INFO] - Action delay is set to 0 milliseconds

2024-01-14 16:12:41 - [MESSAGE][PASSED] - Browser is opened with url: ''

2024-01-14 16:12:41 - [TEST_STEP][PASSED] - maximizeWindow(): Current window maximized

2024-01-14 16:12:41 - [MESSAGE][PASSED] - Current window maximized

2024-01-14 16:12:41 - [TEST_STEP][PASSED] - navigateToUrl(RADurl): Navigate to 'https://qa2.velocitypayment.com/client/rad/index.html' successfully

2024-01-14 16:12:42 - [MESSAGE][PASSED] - Navigate to 'https://qa2.velocitypayment.com/client/rad/index.html' successfully

2024-01-14 16:12:42 - [TEST_STEP][PASSED] - orPath_Landing = "Object Repository/RAD_Pages/Landing_Page": null

2024-01-14 16:12:42 - [TEST_STEP][PASSED] - orPath_TaxTypeFilingYear = "Object Repository/RAD_Pages/TaxTypeFilingYear_Page": null

2024-01-14 16:12:42 - [TEST_STEP][PASSED] - orPath_TaxPayer = "Object Repository/RAD_Pages/Taxpayer_Page": null

2024-01-14 16:12:42 - [TEST_STEP][PASSED] - orPath_AddressContact = "Object Repository/RAD_Pages/AddressAndContactInfo_Page": null

2024-01-14 16:12:42 - [TEST_STEP][PASSED] - orPath_FilingStatus = "Object Repository/RAD_Pages/FilingStatus_Page": null

2024-01-14 16:12:42 - [TEST_STEP][PASSED] - orPath_Amount = "Object Repository/RAD_Pages/PaymentAmount_Page": null

2024-01-14 16:12:42 - [TEST_STEP][PASSED] - orPath_TaxInfo = "Object Repository/RAD_Pages/TaxInfo_Page": null

2024-01-14 16:12:42 - [TEST_STEP][PASSED] - orPath_Withholding = "Object Repository/RAD_Pages/Withholding_Page": null

2024-01-14 16:12:42 - [TEST_STEP][PASSED] - orPath_Summary = "Object Repository/RAD_Pages/Summary_Page": null

2024-01-14 16:12:42 - [TEST_STEP][PASSED] - orPath_PaymentReady = "Object Repository/RAD_Pages/PaymentReady_Page": null

2024-01-14 16:12:42 - [TEST_STEP][PASSED] - orPath_PaymentEntry = "Object Repository/RAD_Pages/PaymentEntry_Page": null

2024-01-14 16:12:42 - [TEST_STEP][PASSED] - orPath_PaymentConfirmation = "Object Repository/RAD_Pages/PaymentConfirmation_Page": null

2024-01-14 16:12:42 - [TEST_STEP][PASSED] - orPath_ServiceFeesAccept = "Object Repository/RAD_Pages/ServiceFeeAccept_Page": null

2024-01-14 16:12:42 - [TEST_STEP][PASSED] - selectOptionByLabel(findTestObject(orPath_Landing + "/dd_TaxType"), Paymenttype, false): All options with label 'New Tax Return Amount Due' are selected in object 'Object Repository/RAD_Pages/Landing_Page/dd_TaxType' 

2024-01-14 16:12:43 - [MESSAGE][PASSED] - All options with label 'New Tax Return Amount Due' are selected in object 'Object Repository/RAD_Pages/Landing_Page/dd_TaxType' 

2024-01-14 16:12:43 - [TEST_STEP][PASSED] - delay(1): Delayed 1 second(s)

2024-01-14 16:12:44 - [MESSAGE][PASSED] - Delayed 1 second(s)

2024-01-14 16:12:44 - [TEST_STEP][PASSED] - switch (Paymenttype): null

2024-01-14 16:12:44 - [TEST_STEP][PASSED] - case "New Tax Return Amount Due":: null

2024-01-14 16:12:44 - [TEST_STEP][PASSED] - selectOptionByLabel(findTestObject("Object Repository/RAD_Pages/Landing_Page/select_NewTaxReturnAmountDue_TaxType"), Taxtype, false): All options with label 'Fiduciary Tax' are selected in object 'Object Repository/RAD_Pages/Landing_Page/select_NewTaxReturnAmountDue_TaxType' 

2024-01-14 16:12:44 - [MESSAGE][PASSED] - All options with label 'Fiduciary Tax' are selected in object 'Object Repository/RAD_Pages/Landing_Page/select_NewTaxReturnAmountDue_TaxType' 

2024-01-14 16:12:44 - [TEST_STEP][PASSED] - break: null

2024-01-14 16:12:44 - [TEST_STEP][PASSED] - delay(1): Delayed 1 second(s)

2024-01-14 16:12:45 - [MESSAGE][PASSED] - Delayed 1 second(s)

2024-01-14 16:12:45 - [TEST_STEP][PASSED] - switch (Paymenttype): null

2024-01-14 16:12:45 - [TEST_STEP][PASSED] - case "New Tax Return Amount Due":: null

2024-01-14 16:12:45 - [TEST_STEP][PASSED] - if (feinSsn.equalsIgnoreCase("Y")): null

2024-01-14 16:12:45 - [TEST_STEP][PASSED] - else: Text ****** has been set on object 'Object Repository/RAD_Pages/TaxInfo_Page/input_FederalEIN_ReEnter-2'

2024-01-14 16:12:45 - [TEST_STEP][PASSED] - setEncryptedText(findTestObject(orPath_TaxInfo + "/input_FederalEIN-2"), "iGDxf8hSRT4="): Text ****** has been set on object 'Object Repository/RAD_Pages/TaxInfo_Page/input_FederalEIN-2'

2024-01-14 16:12:46 - [MESSAGE][PASSED] - Text ****** has been set on object 'Object Repository/RAD_Pages/TaxInfo_Page/input_FederalEIN-2'

2024-01-14 16:12:46 - [TEST_STEP][PASSED] - setEncryptedText(findTestObject(orPath_TaxInfo + "/input_FederalEIN_ReEnter-2"), ""): Text ****** has been set on object 'Object Repository/RAD_Pages/TaxInfo_Page/input_FederalEIN_ReEnter-2'

2024-01-14 16:12:47 - [MESSAGE][PASSED] - Text ****** has been set on object 'Object Repository/RAD_Pages/TaxInfo_Page/input_FederalEIN_ReEnter-2'

2024-01-14 16:12:47 - [TEST_STEP][PASSED] - break: null

2024-01-14 16:12:47 - [TEST_STEP][PASSED] - if (feinSsn.equalsIgnoreCase("Y")): null

2024-01-14 16:12:47 - [TEST_STEP][PASSED] - else: null

2024-01-14 16:12:47 - [TEST_STEP][PASSED] - if (verifyTextPresent("Please enter a valid FEIN with 9 digits.", true)): null

2024-01-14 16:12:47 - [MESSAGE][PASSED] - Text 'Please enter a valid FEIN with 9 digits.' is present on page  using regular expression

2024-01-14 16:12:47 - [TEST_STEP][PASSED] - println("Error Message is present on the page"): null

2024-01-14 16:12:47 - [TEST_STEP][PASSED] - out.println("Pass Record Number: " + row): null

2024-01-14 16:12:47 - [TEST_STEP][PASSED] - resText = "Pass": null

2024-01-14 16:12:47 - [TEST_STEP][PASSED] - pages.WriteExcel.demoKey(resText, datText, resColumn, datCloumn, fileLoc, nameSheet, row): pages.WriteExcel.demoKey is PASSED

2024-01-14 16:12:47 - [MESSAGE][PASSED] - pages.WriteExcel.demoKey is PASSED

2024-01-14 16:12:47 - [TEST_STEP][PASSED] - ExecuteTC = findTestData(dataFile).getValue("Execute", row): null

2024-01-14 16:12:47 - [TEST_STEP][PASSED] - Taxtype = findTestData(dataFile).getValue("TaxType", row): null

2024-01-14 16:12:47 - [TEST_STEP][PASSED] - Paymenttype = findTestData(dataFile).getValue("PaymentType", row): null

2024-01-14 16:12:47 - [TEST_STEP][PASSED] - feinSsn = findTestData(dataFile).getValue("FEINSSN", row): null

2024-01-14 16:12:47 - [TEST_STEP][PASSED] - out.println("Value of Execute is : " + ExecuteTC): null

2024-01-14 16:12:47 - [TEST_STEP][PASSED] - if (ExecuteTC.equalsIgnoreCase("Y")): null

2024-01-14 16:12:47 - [TEST_STEP][PASSED] - out.println("Begin Record Number: " + row): null

2024-01-14 16:12:47 - [TEST_STEP][PASSED] - today = new java.util.Date(): null

2024-01-14 16:12:47 - [TEST_STEP][PASSED] - println(today): null

2024-01-14 16:12:47 - [TEST_STEP][PASSED] - datText = today: null

2024-01-14 16:12:47 - [TEST_STEP][PASSED] - Taxtype = findTestData(dataFile).getValue("TaxType", row): null

2024-01-14 16:12:47 - [TEST_STEP][PASSED] - out.println("Taxtype value is : " + Taxtype): null

2024-01-14 16:12:47 - [TEST_STEP][PASSED] - openBrowser(""): Browser is opened with url: ''

2024-01-14 16:12:47 - [MESSAGE][WARNING] - A browser is already opened. Closing browser and opening a new one

2024-01-14 16:12:48 - [MESSAGE][INFO] - Starting 'Chrome' driver

2024-01-14 16:12:48 - [MESSAGE][INFO] - User set preference: ['acceptInsecureCerts', 'true']

2024-01-14 16:12:48 - [MESSAGE][INFO] - Action delay is set to 0 milliseconds

2024-01-14 16:12:50 - [MESSAGE][PASSED] - Browser is opened with url: ''

2024-01-14 16:12:50 - [TEST_STEP][PASSED] - maximizeWindow(): Current window maximized

2024-01-14 16:12:50 - [MESSAGE][PASSED] - Current window maximized

2024-01-14 16:12:50 - [TEST_STEP][PASSED] - navigateToUrl(RADurl): Navigate to 'https://qa2.velocitypayment.com/client/rad/index.html' successfully

2024-01-14 16:12:52 - [MESSAGE][PASSED] - Navigate to 'https://qa2.velocitypayment.com/client/rad/index.html' successfully

2024-01-14 16:12:52 - [TEST_STEP][PASSED] - orPath_Landing = "Object Repository/RAD_Pages/Landing_Page": null

2024-01-14 16:12:52 - [TEST_STEP][PASSED] - orPath_TaxTypeFilingYear = "Object Repository/RAD_Pages/TaxTypeFilingYear_Page": null

2024-01-14 16:12:52 - [TEST_STEP][PASSED] - orPath_TaxPayer = "Object Repository/RAD_Pages/Taxpayer_Page": null

2024-01-14 16:12:52 - [TEST_STEP][PASSED] - orPath_AddressContact = "Object Repository/RAD_Pages/AddressAndContactInfo_Page": null

2024-01-14 16:12:52 - [TEST_STEP][PASSED] - orPath_FilingStatus = "Object Repository/RAD_Pages/FilingStatus_Page": null

2024-01-14 16:12:52 - [TEST_STEP][PASSED] - orPath_Amount = "Object Repository/RAD_Pages/PaymentAmount_Page": null

2024-01-14 16:12:52 - [TEST_STEP][PASSED] - orPath_TaxInfo = "Object Repository/RAD_Pages/TaxInfo_Page": null

2024-01-14 16:12:52 - [TEST_STEP][PASSED] - orPath_Withholding = "Object Repository/RAD_Pages/Withholding_Page": null

2024-01-14 16:12:52 - [TEST_STEP][PASSED] - orPath_Summary = "Object Repository/RAD_Pages/Summary_Page": null

2024-01-14 16:12:52 - [TEST_STEP][PASSED] - orPath_PaymentReady = "Object Repository/RAD_Pages/PaymentReady_Page": null

2024-01-14 16:12:52 - [TEST_STEP][PASSED] - orPath_PaymentEntry = "Object Repository/RAD_Pages/PaymentEntry_Page": null

2024-01-14 16:12:52 - [TEST_STEP][PASSED] - orPath_PaymentConfirmation = "Object Repository/RAD_Pages/PaymentConfirmation_Page": null

2024-01-14 16:12:52 - [TEST_STEP][PASSED] - orPath_ServiceFeesAccept = "Object Repository/RAD_Pages/ServiceFeeAccept_Page": null

2024-01-14 16:12:52 - [TEST_STEP][PASSED] - selectOptionByLabel(findTestObject(orPath_Landing + "/dd_TaxType"), Paymenttype, false): All options with label 'New Tax Return Amount Due' are selected in object 'Object Repository/RAD_Pages/Landing_Page/dd_TaxType' 

2024-01-14 16:12:52 - [MESSAGE][PASSED] - All options with label 'New Tax Return Amount Due' are selected in object 'Object Repository/RAD_Pages/Landing_Page/dd_TaxType' 

2024-01-14 16:12:52 - [TEST_STEP][PASSED] - delay(1): Delayed 1 second(s)

2024-01-14 16:12:53 - [MESSAGE][PASSED] - Delayed 1 second(s)

2024-01-14 16:12:53 - [TEST_STEP][PASSED] - switch (Paymenttype): null

2024-01-14 16:12:53 - [TEST_STEP][PASSED] - case "New Tax Return Amount Due":: null

2024-01-14 16:12:53 - [TEST_STEP][PASSED] - selectOptionByLabel(findTestObject("Object Repository/RAD_Pages/Landing_Page/select_NewTaxReturnAmountDue_TaxType"), Taxtype, false): All options with label 'PTE Non-Electing Non-S Corp' are selected in object 'Object Repository/RAD_Pages/Landing_Page/select_NewTaxReturnAmountDue_TaxType' 

2024-01-14 16:12:54 - [MESSAGE][PASSED] - All options with label 'PTE Non-Electing Non-S Corp' are selected in object 'Object Repository/RAD_Pages/Landing_Page/select_NewTaxReturnAmountDue_TaxType' 

2024-01-14 16:12:54 - [TEST_STEP][PASSED] - break: null

2024-01-14 16:12:54 - [TEST_STEP][PASSED] - delay(1): Delayed 1 second(s)

2024-01-14 16:12:55 - [MESSAGE][PASSED] - Delayed 1 second(s)

2024-01-14 16:12:55 - [TEST_STEP][PASSED] - switch (Paymenttype): null

2024-01-14 16:12:55 - [TEST_STEP][PASSED] - case "New Tax Return Amount Due":: null

2024-01-14 16:12:55 - [TEST_STEP][PASSED] - if (feinSsn.equalsIgnoreCase("Y")): Text ****** has been set on object 'Object Repository/RAD_Pages/TaxInfo_Page/input_TaxInfo_RetypeFeinSsn_New_2'

2024-01-14 16:12:55 - [TEST_STEP][PASSED] - setEncryptedText(findTestObject(orPath_TaxInfo + "//input_TaxInfo_FeinSsn_New_2"), "iGDxf8hSRT4="): Text ****** has been set on object 'Object Repository/RAD_Pages/TaxInfo_Page//input_TaxInfo_FeinSsn_New_2'

2024-01-14 16:12:55 - [MESSAGE][PASSED] - Text ****** has been set on object 'Object Repository/RAD_Pages/TaxInfo_Page//input_TaxInfo_FeinSsn_New_2'

2024-01-14 16:12:55 - [TEST_STEP][PASSED] - setEncryptedText(findTestObject(orPath_TaxInfo + "/input_TaxInfo_RetypeFeinSsn_New_2"), ""): Text ****** has been set on object 'Object Repository/RAD_Pages/TaxInfo_Page/input_TaxInfo_RetypeFeinSsn_New_2'

2024-01-14 16:12:56 - [MESSAGE][PASSED] - Text ****** has been set on object 'Object Repository/RAD_Pages/TaxInfo_Page/input_TaxInfo_RetypeFeinSsn_New_2'

2024-01-14 16:12:56 - [TEST_STEP][PASSED] - break: null

2024-01-14 16:12:56 - [TEST_STEP][PASSED] - if (feinSsn.equalsIgnoreCase("Y")): null

2024-01-14 16:12:56 - [TEST_STEP][PASSED] - if (verifyTextPresent("Please enter a valid FEIN/SSN with 9 digits", true)): null

2024-01-14 16:12:57 - [MESSAGE][PASSED] - Text 'Please enter a valid FEIN/SSN with 9 digits' is present on page  using regular expression

2024-01-14 16:12:57 - [TEST_STEP][PASSED] - println("Error Message is present on the page"): null

2024-01-14 16:12:57 - [TEST_STEP][PASSED] - out.println("Pass Record Number: " + row): null

2024-01-14 16:12:57 - [TEST_STEP][PASSED] - resText = "Pass": null

2024-01-14 16:12:57 - [TEST_STEP][PASSED] - pages.WriteExcel.demoKey(resText, datText, resColumn, datCloumn, fileLoc, nameSheet, row): pages.WriteExcel.demoKey is PASSED

2024-01-14 16:12:57 - [MESSAGE][PASSED] - pages.WriteExcel.demoKey is PASSED

2024-01-14 16:12:57 - [TEST_STEP][PASSED] - ExecuteTC = findTestData(dataFile).getValue("Execute", row): null

2024-01-14 16:12:57 - [TEST_STEP][PASSED] - Taxtype = findTestData(dataFile).getValue("TaxType", row): null

2024-01-14 16:12:57 - [TEST_STEP][PASSED] - Paymenttype = findTestData(dataFile).getValue("PaymentType", row): null

2024-01-14 16:12:57 - [TEST_STEP][PASSED] - feinSsn = findTestData(dataFile).getValue("FEINSSN", row): null

2024-01-14 16:12:57 - [TEST_STEP][PASSED] - out.println("Value of Execute is : " + ExecuteTC): null

2024-01-14 16:12:57 - [TEST_STEP][PASSED] - if (ExecuteTC.equalsIgnoreCase("Y")): null

2024-01-14 16:12:57 - [TEST_STEP][PASSED] - out.println("Begin Record Number: " + row): null

2024-01-14 16:12:57 - [TEST_STEP][PASSED] - today = new java.util.Date(): null

2024-01-14 16:12:57 - [TEST_STEP][PASSED] - println(today): null

2024-01-14 16:12:57 - [TEST_STEP][PASSED] - datText = today: null

2024-01-14 16:12:57 - [TEST_STEP][PASSED] - Taxtype = findTestData(dataFile).getValue("TaxType", row): null

2024-01-14 16:12:57 - [TEST_STEP][PASSED] - out.println("Taxtype value is : " + Taxtype): null

2024-01-14 16:12:57 - [TEST_STEP][PASSED] - openBrowser(""): Browser is opened with url: ''

2024-01-14 16:12:57 - [MESSAGE][WARNING] - A browser is already opened. Closing browser and opening a new one

2024-01-14 16:12:58 - [MESSAGE][INFO] - Starting 'Chrome' driver

2024-01-14 16:12:58 - [MESSAGE][INFO] - User set preference: ['acceptInsecureCerts', 'true']

2024-01-14 16:12:58 - [MESSAGE][INFO] - Action delay is set to 0 milliseconds

2024-01-14 16:12:59 - [MESSAGE][PASSED] - Browser is opened with url: ''

2024-01-14 16:12:59 - [TEST_STEP][PASSED] - maximizeWindow(): Current window maximized

2024-01-14 16:13:00 - [MESSAGE][PASSED] - Current window maximized

2024-01-14 16:13:00 - [TEST_STEP][PASSED] - navigateToUrl(RADurl): Navigate to 'https://qa2.velocitypayment.com/client/rad/index.html' successfully

2024-01-14 16:13:01 - [MESSAGE][PASSED] - Navigate to 'https://qa2.velocitypayment.com/client/rad/index.html' successfully

2024-01-14 16:13:01 - [TEST_STEP][PASSED] - orPath_Landing = "Object Repository/RAD_Pages/Landing_Page": null

2024-01-14 16:13:01 - [TEST_STEP][PASSED] - orPath_TaxTypeFilingYear = "Object Repository/RAD_Pages/TaxTypeFilingYear_Page": null

2024-01-14 16:13:01 - [TEST_STEP][PASSED] - orPath_TaxPayer = "Object Repository/RAD_Pages/Taxpayer_Page": null

2024-01-14 16:13:01 - [TEST_STEP][PASSED] - orPath_AddressContact = "Object Repository/RAD_Pages/AddressAndContactInfo_Page": null

2024-01-14 16:13:01 - [TEST_STEP][PASSED] - orPath_FilingStatus = "Object Repository/RAD_Pages/FilingStatus_Page": null

2024-01-14 16:13:01 - [TEST_STEP][PASSED] - orPath_Amount = "Object Repository/RAD_Pages/PaymentAmount_Page": null

2024-01-14 16:13:01 - [TEST_STEP][PASSED] - orPath_TaxInfo = "Object Repository/RAD_Pages/TaxInfo_Page": null

2024-01-14 16:13:01 - [TEST_STEP][PASSED] - orPath_Withholding = "Object Repository/RAD_Pages/Withholding_Page": null

2024-01-14 16:13:01 - [TEST_STEP][PASSED] - orPath_Summary = "Object Repository/RAD_Pages/Summary_Page": null

2024-01-14 16:13:01 - [TEST_STEP][PASSED] - orPath_PaymentReady = "Object Repository/RAD_Pages/PaymentReady_Page": null

2024-01-14 16:13:01 - [TEST_STEP][PASSED] - orPath_PaymentEntry = "Object Repository/RAD_Pages/PaymentEntry_Page": null

2024-01-14 16:13:01 - [TEST_STEP][PASSED] - orPath_PaymentConfirmation = "Object Repository/RAD_Pages/PaymentConfirmation_Page": null

2024-01-14 16:13:01 - [TEST_STEP][PASSED] - orPath_ServiceFeesAccept = "Object Repository/RAD_Pages/ServiceFeeAccept_Page": null

2024-01-14 16:13:01 - [TEST_STEP][PASSED] - selectOptionByLabel(findTestObject(orPath_Landing + "/dd_TaxType"), Paymenttype, false): All options with label 'New Tax Return Amount Due' are selected in object 'Object Repository/RAD_Pages/Landing_Page/dd_TaxType' 

2024-01-14 16:13:02 - [MESSAGE][PASSED] - All options with label 'New Tax Return Amount Due' are selected in object 'Object Repository/RAD_Pages/Landing_Page/dd_TaxType' 

2024-01-14 16:13:02 - [TEST_STEP][PASSED] - delay(1): Delayed 1 second(s)

2024-01-14 16:13:03 - [MESSAGE][PASSED] - Delayed 1 second(s)

2024-01-14 16:13:03 - [TEST_STEP][PASSED] - switch (Paymenttype): null

2024-01-14 16:13:03 - [TEST_STEP][PASSED] - case "New Tax Return Amount Due":: null

2024-01-14 16:13:03 - [TEST_STEP][PASSED] - selectOptionByLabel(findTestObject("Object Repository/RAD_Pages/Landing_Page/select_NewTaxReturnAmountDue_TaxType"), Taxtype, false): All options with label 'PTE Non-Electing S Corp' are selected in object 'Object Repository/RAD_Pages/Landing_Page/select_NewTaxReturnAmountDue_TaxType' 

2024-01-14 16:13:03 - [MESSAGE][PASSED] - All options with label 'PTE Non-Electing S Corp' are selected in object 'Object Repository/RAD_Pages/Landing_Page/select_NewTaxReturnAmountDue_TaxType' 

2024-01-14 16:13:03 - [TEST_STEP][PASSED] - break: null

2024-01-14 16:13:03 - [TEST_STEP][PASSED] - delay(1): Delayed 1 second(s)

2024-01-14 16:13:04 - [MESSAGE][PASSED] - Delayed 1 second(s)

2024-01-14 16:13:04 - [TEST_STEP][PASSED] - switch (Paymenttype): null

2024-01-14 16:13:04 - [TEST_STEP][PASSED] - case "New Tax Return Amount Due":: null

2024-01-14 16:13:04 - [TEST_STEP][PASSED] - if (feinSsn.equalsIgnoreCase("Y")): Text ****** has been set on object 'Object Repository/RAD_Pages/TaxInfo_Page/input_TaxInfo_RetypeFeinSsn_New_2'

2024-01-14 16:13:04 - [TEST_STEP][PASSED] - setEncryptedText(findTestObject(orPath_TaxInfo + "//input_TaxInfo_FeinSsn_New_2"), "iGDxf8hSRT4="): Text ****** has been set on object 'Object Repository/RAD_Pages/TaxInfo_Page//input_TaxInfo_FeinSsn_New_2'

2024-01-14 16:13:05 - [MESSAGE][PASSED] - Text ****** has been set on object 'Object Repository/RAD_Pages/TaxInfo_Page//input_TaxInfo_FeinSsn_New_2'

2024-01-14 16:13:05 - [TEST_STEP][PASSED] - setEncryptedText(findTestObject(orPath_TaxInfo + "/input_TaxInfo_RetypeFeinSsn_New_2"), ""): Text ****** has been set on object 'Object Repository/RAD_Pages/TaxInfo_Page/input_TaxInfo_RetypeFeinSsn_New_2'

2024-01-14 16:13:05 - [MESSAGE][PASSED] - Text ****** has been set on object 'Object Repository/RAD_Pages/TaxInfo_Page/input_TaxInfo_RetypeFeinSsn_New_2'

2024-01-14 16:13:05 - [TEST_STEP][PASSED] - break: null

2024-01-14 16:13:06 - [TEST_STEP][PASSED] - if (feinSsn.equalsIgnoreCase("Y")): null

2024-01-14 16:13:06 - [TEST_STEP][PASSED] - if (verifyTextPresent("Please enter a valid FEIN/SSN with 9 digits", true)): null

2024-01-14 16:13:06 - [MESSAGE][PASSED] - Text 'Please enter a valid FEIN/SSN with 9 digits' is present on page  using regular expression

2024-01-14 16:13:06 - [TEST_STEP][PASSED] - println("Error Message is present on the page"): null

2024-01-14 16:13:06 - [TEST_STEP][PASSED] - out.println("Pass Record Number: " + row): null

2024-01-14 16:13:06 - [TEST_STEP][PASSED] - resText = "Pass": null

2024-01-14 16:13:06 - [TEST_STEP][PASSED] - pages.WriteExcel.demoKey(resText, datText, resColumn, datCloumn, fileLoc, nameSheet, row): pages.WriteExcel.demoKey is PASSED

2024-01-14 16:13:06 - [MESSAGE][PASSED] - pages.WriteExcel.demoKey is PASSED

2024-01-14 16:13:06 - [TEST_STEP][PASSED] - ExecuteTC = findTestData(dataFile).getValue("Execute", row): null

2024-01-14 16:13:06 - [TEST_STEP][PASSED] - Taxtype = findTestData(dataFile).getValue("TaxType", row): null

2024-01-14 16:13:06 - [TEST_STEP][PASSED] - Paymenttype = findTestData(dataFile).getValue("PaymentType", row): null

2024-01-14 16:13:06 - [TEST_STEP][PASSED] - feinSsn = findTestData(dataFile).getValue("FEINSSN", row): null

2024-01-14 16:13:06 - [TEST_STEP][PASSED] - out.println("Value of Execute is : " + ExecuteTC): null

2024-01-14 16:13:06 - [TEST_STEP][PASSED] - if (ExecuteTC.equalsIgnoreCase("Y")): null

2024-01-14 16:13:06 - [TEST_STEP][PASSED] - out.println("Begin Record Number: " + row): null

2024-01-14 16:13:06 - [TEST_STEP][PASSED] - today = new java.util.Date(): null

2024-01-14 16:13:06 - [TEST_STEP][PASSED] - println(today): null

2024-01-14 16:13:06 - [TEST_STEP][PASSED] - datText = today: null

2024-01-14 16:13:06 - [TEST_STEP][PASSED] - Taxtype = findTestData(dataFile).getValue("TaxType", row): null

2024-01-14 16:13:06 - [TEST_STEP][PASSED] - out.println("Taxtype value is : " + Taxtype): null

2024-01-14 16:13:06 - [TEST_STEP][PASSED] - openBrowser(""): Browser is opened with url: ''

2024-01-14 16:13:06 - [MESSAGE][WARNING] - A browser is already opened. Closing browser and opening a new one

2024-01-14 16:13:07 - [MESSAGE][INFO] - Starting 'Chrome' driver

2024-01-14 16:13:07 - [MESSAGE][INFO] - User set preference: ['acceptInsecureCerts', 'true']

2024-01-14 16:13:07 - [MESSAGE][INFO] - Action delay is set to 0 milliseconds

2024-01-14 16:13:09 - [MESSAGE][PASSED] - Browser is opened with url: ''

2024-01-14 16:13:09 - [TEST_STEP][PASSED] - maximizeWindow(): Current window maximized

2024-01-14 16:13:09 - [MESSAGE][PASSED] - Current window maximized

2024-01-14 16:13:09 - [TEST_STEP][PASSED] - navigateToUrl(RADurl): Navigate to 'https://qa2.velocitypayment.com/client/rad/index.html' successfully

2024-01-14 16:13:09 - [MESSAGE][PASSED] - Navigate to 'https://qa2.velocitypayment.com/client/rad/index.html' successfully

2024-01-14 16:13:09 - [TEST_STEP][PASSED] - orPath_Landing = "Object Repository/RAD_Pages/Landing_Page": null

2024-01-14 16:13:09 - [TEST_STEP][PASSED] - orPath_TaxTypeFilingYear = "Object Repository/RAD_Pages/TaxTypeFilingYear_Page": null

2024-01-14 16:13:09 - [TEST_STEP][PASSED] - orPath_TaxPayer = "Object Repository/RAD_Pages/Taxpayer_Page": null

2024-01-14 16:13:09 - [TEST_STEP][PASSED] - orPath_AddressContact = "Object Repository/RAD_Pages/AddressAndContactInfo_Page": null

2024-01-14 16:13:09 - [TEST_STEP][PASSED] - orPath_FilingStatus = "Object Repository/RAD_Pages/FilingStatus_Page": null

2024-01-14 16:13:09 - [TEST_STEP][PASSED] - orPath_Amount = "Object Repository/RAD_Pages/PaymentAmount_Page": null

2024-01-14 16:13:09 - [TEST_STEP][PASSED] - orPath_TaxInfo = "Object Repository/RAD_Pages/TaxInfo_Page": null

2024-01-14 16:13:09 - [TEST_STEP][PASSED] - orPath_Withholding = "Object Repository/RAD_Pages/Withholding_Page": null

2024-01-14 16:13:09 - [TEST_STEP][PASSED] - orPath_Summary = "Object Repository/RAD_Pages/Summary_Page": null

2024-01-14 16:13:09 - [TEST_STEP][PASSED] - orPath_PaymentReady = "Object Repository/RAD_Pages/PaymentReady_Page": null

2024-01-14 16:13:09 - [TEST_STEP][PASSED] - orPath_PaymentEntry = "Object Repository/RAD_Pages/PaymentEntry_Page": null

2024-01-14 16:13:09 - [TEST_STEP][PASSED] - orPath_PaymentConfirmation = "Object Repository/RAD_Pages/PaymentConfirmation_Page": null

2024-01-14 16:13:09 - [TEST_STEP][PASSED] - orPath_ServiceFeesAccept = "Object Repository/RAD_Pages/ServiceFeeAccept_Page": null

2024-01-14 16:13:09 - [TEST_STEP][PASSED] - selectOptionByLabel(findTestObject(orPath_Landing + "/dd_TaxType"), Paymenttype, false): All options with label 'New Tax Return Amount Due' are selected in object 'Object Repository/RAD_Pages/Landing_Page/dd_TaxType' 

2024-01-14 16:13:11 - [MESSAGE][PASSED] - All options with label 'New Tax Return Amount Due' are selected in object 'Object Repository/RAD_Pages/Landing_Page/dd_TaxType' 

2024-01-14 16:13:11 - [TEST_STEP][PASSED] - delay(1): Delayed 1 second(s)

2024-01-14 16:13:12 - [MESSAGE][PASSED] - Delayed 1 second(s)

2024-01-14 16:13:12 - [TEST_STEP][PASSED] - switch (Paymenttype): null

2024-01-14 16:13:12 - [TEST_STEP][PASSED] - case "New Tax Return Amount Due":: null

2024-01-14 16:13:12 - [TEST_STEP][PASSED] - selectOptionByLabel(findTestObject("Object Repository/RAD_Pages/Landing_Page/select_NewTaxReturnAmountDue_TaxType"), Taxtype, false): All options with label 'PTE Tax Electing Non-S Corp' are selected in object 'Object Repository/RAD_Pages/Landing_Page/select_NewTaxReturnAmountDue_TaxType' 

2024-01-14 16:13:13 - [MESSAGE][PASSED] - All options with label 'PTE Tax Electing Non-S Corp' are selected in object 'Object Repository/RAD_Pages/Landing_Page/select_NewTaxReturnAmountDue_TaxType' 

2024-01-14 16:13:13 - [TEST_STEP][PASSED] - break: null

2024-01-14 16:13:13 - [TEST_STEP][PASSED] - delay(1): Delayed 1 second(s)

2024-01-14 16:13:14 - [MESSAGE][PASSED] - Delayed 1 second(s)

2024-01-14 16:13:14 - [TEST_STEP][PASSED] - switch (Paymenttype): null

2024-01-14 16:13:14 - [TEST_STEP][PASSED] - case "New Tax Return Amount Due":: null

2024-01-14 16:13:14 - [TEST_STEP][PASSED] - if (feinSsn.equalsIgnoreCase("Y")): Text ****** has been set on object 'Object Repository/RAD_Pages/TaxInfo_Page/input_TaxInfo_RetypeFeinSsn_New_2'

2024-01-14 16:13:14 - [TEST_STEP][PASSED] - setEncryptedText(findTestObject(orPath_TaxInfo + "//input_TaxInfo_FeinSsn_New_2"), "iGDxf8hSRT4="): Text ****** has been set on object 'Object Repository/RAD_Pages/TaxInfo_Page//input_TaxInfo_FeinSsn_New_2'

2024-01-14 16:13:15 - [MESSAGE][PASSED] - Text ****** has been set on object 'Object Repository/RAD_Pages/TaxInfo_Page//input_TaxInfo_FeinSsn_New_2'

2024-01-14 16:13:15 - [TEST_STEP][PASSED] - setEncryptedText(findTestObject(orPath_TaxInfo + "/input_TaxInfo_RetypeFeinSsn_New_2"), ""): Text ****** has been set on object 'Object Repository/RAD_Pages/TaxInfo_Page/input_TaxInfo_RetypeFeinSsn_New_2'

2024-01-14 16:13:15 - [MESSAGE][PASSED] - Text ****** has been set on object 'Object Repository/RAD_Pages/TaxInfo_Page/input_TaxInfo_RetypeFeinSsn_New_2'

2024-01-14 16:13:15 - [TEST_STEP][PASSED] - break: null

2024-01-14 16:13:15 - [TEST_STEP][PASSED] - if (feinSsn.equalsIgnoreCase("Y")): null

2024-01-14 16:13:15 - [TEST_STEP][PASSED] - if (verifyTextPresent("Please enter a valid FEIN/SSN with 9 digits", true)): null

2024-01-14 16:13:16 - [MESSAGE][PASSED] - Text 'Please enter a valid FEIN/SSN with 9 digits' is present on page  using regular expression

2024-01-14 16:13:16 - [TEST_STEP][PASSED] - println("Error Message is present on the page"): null

2024-01-14 16:13:16 - [TEST_STEP][PASSED] - out.println("Pass Record Number: " + row): null

2024-01-14 16:13:16 - [TEST_STEP][PASSED] - resText = "Pass": null

2024-01-14 16:13:16 - [TEST_STEP][PASSED] - pages.WriteExcel.demoKey(resText, datText, resColumn, datCloumn, fileLoc, nameSheet, row): pages.WriteExcel.demoKey is PASSED

2024-01-14 16:13:16 - [MESSAGE][PASSED] - pages.WriteExcel.demoKey is PASSED

2024-01-14 16:13:16 - [TEST_STEP][PASSED] - ExecuteTC = findTestData(dataFile).getValue("Execute", row): null

2024-01-14 16:13:16 - [TEST_STEP][PASSED] - Taxtype = findTestData(dataFile).getValue("TaxType", row): null

2024-01-14 16:13:16 - [TEST_STEP][PASSED] - Paymenttype = findTestData(dataFile).getValue("PaymentType", row): null

2024-01-14 16:13:16 - [TEST_STEP][PASSED] - feinSsn = findTestData(dataFile).getValue("FEINSSN", row): null

2024-01-14 16:13:16 - [TEST_STEP][PASSED] - out.println("Value of Execute is : " + ExecuteTC): null

2024-01-14 16:13:16 - [TEST_STEP][PASSED] - if (ExecuteTC.equalsIgnoreCase("Y")): null

2024-01-14 16:13:16 - [TEST_STEP][PASSED] - out.println("Begin Record Number: " + row): null

2024-01-14 16:13:16 - [TEST_STEP][PASSED] - today = new java.util.Date(): null

2024-01-14 16:13:16 - [TEST_STEP][PASSED] - println(today): null

2024-01-14 16:13:16 - [TEST_STEP][PASSED] - datText = today: null

2024-01-14 16:13:16 - [TEST_STEP][PASSED] - Taxtype = findTestData(dataFile).getValue("TaxType", row): null

2024-01-14 16:13:16 - [TEST_STEP][PASSED] - out.println("Taxtype value is : " + Taxtype): null

2024-01-14 16:13:16 - [TEST_STEP][PASSED] - openBrowser(""): Browser is opened with url: ''

2024-01-14 16:13:16 - [MESSAGE][WARNING] - A browser is already opened. Closing browser and opening a new one

2024-01-14 16:13:17 - [MESSAGE][INFO] - Starting 'Chrome' driver

2024-01-14 16:13:17 - [MESSAGE][INFO] - User set preference: ['acceptInsecureCerts', 'true']

2024-01-14 16:13:17 - [MESSAGE][INFO] - Action delay is set to 0 milliseconds

2024-01-14 16:13:19 - [MESSAGE][PASSED] - Browser is opened with url: ''

2024-01-14 16:13:19 - [TEST_STEP][PASSED] - maximizeWindow(): Current window maximized

2024-01-14 16:13:19 - [MESSAGE][PASSED] - Current window maximized

2024-01-14 16:13:19 - [TEST_STEP][PASSED] - navigateToUrl(RADurl): Navigate to 'https://qa2.velocitypayment.com/client/rad/index.html' successfully

2024-01-14 16:13:20 - [MESSAGE][PASSED] - Navigate to 'https://qa2.velocitypayment.com/client/rad/index.html' successfully

2024-01-14 16:13:20 - [TEST_STEP][PASSED] - orPath_Landing = "Object Repository/RAD_Pages/Landing_Page": null

2024-01-14 16:13:20 - [TEST_STEP][PASSED] - orPath_TaxTypeFilingYear = "Object Repository/RAD_Pages/TaxTypeFilingYear_Page": null

2024-01-14 16:13:20 - [TEST_STEP][PASSED] - orPath_TaxPayer = "Object Repository/RAD_Pages/Taxpayer_Page": null

2024-01-14 16:13:20 - [TEST_STEP][PASSED] - orPath_AddressContact = "Object Repository/RAD_Pages/AddressAndContactInfo_Page": null

2024-01-14 16:13:20 - [TEST_STEP][PASSED] - orPath_FilingStatus = "Object Repository/RAD_Pages/FilingStatus_Page": null

2024-01-14 16:13:20 - [TEST_STEP][PASSED] - orPath_Amount = "Object Repository/RAD_Pages/PaymentAmount_Page": null

2024-01-14 16:13:20 - [TEST_STEP][PASSED] - orPath_TaxInfo = "Object Repository/RAD_Pages/TaxInfo_Page": null

2024-01-14 16:13:20 - [TEST_STEP][PASSED] - orPath_Withholding = "Object Repository/RAD_Pages/Withholding_Page": null

2024-01-14 16:13:20 - [TEST_STEP][PASSED] - orPath_Summary = "Object Repository/RAD_Pages/Summary_Page": null

2024-01-14 16:13:20 - [TEST_STEP][PASSED] - orPath_PaymentReady = "Object Repository/RAD_Pages/PaymentReady_Page": null

2024-01-14 16:13:20 - [TEST_STEP][PASSED] - orPath_PaymentEntry = "Object Repository/RAD_Pages/PaymentEntry_Page": null

2024-01-14 16:13:20 - [TEST_STEP][PASSED] - orPath_PaymentConfirmation = "Object Repository/RAD_Pages/PaymentConfirmation_Page": null

2024-01-14 16:13:20 - [TEST_STEP][PASSED] - orPath_ServiceFeesAccept = "Object Repository/RAD_Pages/ServiceFeeAccept_Page": null

2024-01-14 16:13:20 - [TEST_STEP][PASSED] - selectOptionByLabel(findTestObject(orPath_Landing + "/dd_TaxType"), Paymenttype, false): All options with label 'New Tax Return Amount Due' are selected in object 'Object Repository/RAD_Pages/Landing_Page/dd_TaxType' 

2024-01-14 16:13:21 - [MESSAGE][PASSED] - All options with label 'New Tax Return Amount Due' are selected in object 'Object Repository/RAD_Pages/Landing_Page/dd_TaxType' 

2024-01-14 16:13:21 - [TEST_STEP][PASSED] - delay(1): Delayed 1 second(s)

2024-01-14 16:13:22 - [MESSAGE][PASSED] - Delayed 1 second(s)

2024-01-14 16:13:22 - [TEST_STEP][PASSED] - switch (Paymenttype): null

2024-01-14 16:13:22 - [TEST_STEP][PASSED] - case "New Tax Return Amount Due":: null

2024-01-14 16:13:22 - [TEST_STEP][PASSED] - selectOptionByLabel(findTestObject("Object Repository/RAD_Pages/Landing_Page/select_NewTaxReturnAmountDue_TaxType"), Taxtype, false): All options with label 'PTE Tax Electing S Corp' are selected in object 'Object Repository/RAD_Pages/Landing_Page/select_NewTaxReturnAmountDue_TaxType' 

2024-01-14 16:13:22 - [MESSAGE][PASSED] - All options with label 'PTE Tax Electing S Corp' are selected in object 'Object Repository/RAD_Pages/Landing_Page/select_NewTaxReturnAmountDue_TaxType' 

2024-01-14 16:13:22 - [TEST_STEP][PASSED] - break: null

2024-01-14 16:13:22 - [TEST_STEP][PASSED] - delay(1): Delayed 1 second(s)

2024-01-14 16:13:23 - [MESSAGE][PASSED] - Delayed 1 second(s)

2024-01-14 16:13:23 - [TEST_STEP][PASSED] - switch (Paymenttype): null

2024-01-14 16:13:23 - [TEST_STEP][PASSED] - case "New Tax Return Amount Due":: null

2024-01-14 16:13:23 - [TEST_STEP][PASSED] - if (feinSsn.equalsIgnoreCase("Y")): Text ****** has been set on object 'Object Repository/RAD_Pages/TaxInfo_Page/input_TaxInfo_RetypeFeinSsn_New_2'

2024-01-14 16:13:23 - [TEST_STEP][PASSED] - setEncryptedText(findTestObject(orPath_TaxInfo + "//input_TaxInfo_FeinSsn_New_2"), "iGDxf8hSRT4="): Text ****** has been set on object 'Object Repository/RAD_Pages/TaxInfo_Page//input_TaxInfo_FeinSsn_New_2'

2024-01-14 16:13:24 - [MESSAGE][PASSED] - Text ****** has been set on object 'Object Repository/RAD_Pages/TaxInfo_Page//input_TaxInfo_FeinSsn_New_2'

2024-01-14 16:13:24 - [TEST_STEP][PASSED] - setEncryptedText(findTestObject(orPath_TaxInfo + "/input_TaxInfo_RetypeFeinSsn_New_2"), ""): Text ****** has been set on object 'Object Repository/RAD_Pages/TaxInfo_Page/input_TaxInfo_RetypeFeinSsn_New_2'

2024-01-14 16:13:25 - [MESSAGE][PASSED] - Text ****** has been set on object 'Object Repository/RAD_Pages/TaxInfo_Page/input_TaxInfo_RetypeFeinSsn_New_2'

2024-01-14 16:13:25 - [TEST_STEP][PASSED] - break: null

2024-01-14 16:13:25 - [TEST_STEP][PASSED] - if (feinSsn.equalsIgnoreCase("Y")): null

2024-01-14 16:13:25 - [TEST_STEP][PASSED] - if (verifyTextPresent("Please enter a valid FEIN/SSN with 9 digits", true)): null

2024-01-14 16:13:25 - [MESSAGE][PASSED] - Text 'Please enter a valid FEIN/SSN with 9 digits' is present on page  using regular expression

2024-01-14 16:13:25 - [TEST_STEP][PASSED] - println("Error Message is present on the page"): null

2024-01-14 16:13:25 - [TEST_STEP][PASSED] - out.println("Pass Record Number: " + row): null

2024-01-14 16:13:25 - [TEST_STEP][PASSED] - resText = "Pass": null

2024-01-14 16:13:25 - [TEST_STEP][PASSED] - pages.WriteExcel.demoKey(resText, datText, resColumn, datCloumn, fileLoc, nameSheet, row): pages.WriteExcel.demoKey is PASSED

2024-01-14 16:13:25 - [MESSAGE][PASSED] - pages.WriteExcel.demoKey is PASSED

2024-01-14 16:13:25 - [TEST_STEP][PASSED] - ExecuteTC = findTestData(dataFile).getValue("Execute", row): null

2024-01-14 16:13:25 - [TEST_STEP][PASSED] - Taxtype = findTestData(dataFile).getValue("TaxType", row): null

2024-01-14 16:13:25 - [TEST_STEP][PASSED] - Paymenttype = findTestData(dataFile).getValue("PaymentType", row): null

2024-01-14 16:13:25 - [TEST_STEP][PASSED] - feinSsn = findTestData(dataFile).getValue("FEINSSN", row): null

2024-01-14 16:13:25 - [TEST_STEP][PASSED] - out.println("Value of Execute is : " + ExecuteTC): null

2024-01-14 16:13:25 - [TEST_STEP][PASSED] - if (ExecuteTC.equalsIgnoreCase("Y")): null

2024-01-14 16:13:25 - [TEST_STEP][PASSED] - out.println("Begin Record Number: " + row): null

2024-01-14 16:13:25 - [TEST_STEP][PASSED] - today = new java.util.Date(): null

2024-01-14 16:13:25 - [TEST_STEP][PASSED] - println(today): null

2024-01-14 16:13:25 - [TEST_STEP][PASSED] - datText = today: null

2024-01-14 16:13:25 - [TEST_STEP][PASSED] - Taxtype = findTestData(dataFile).getValue("TaxType", row): null

2024-01-14 16:13:25 - [TEST_STEP][PASSED] - out.println("Taxtype value is : " + Taxtype): null

2024-01-14 16:13:25 - [TEST_STEP][PASSED] - openBrowser(""): Browser is opened with url: ''

2024-01-14 16:13:26 - [MESSAGE][WARNING] - A browser is already opened. Closing browser and opening a new one

2024-01-14 16:13:27 - [MESSAGE][INFO] - Starting 'Chrome' driver

2024-01-14 16:13:27 - [MESSAGE][INFO] - User set preference: ['acceptInsecureCerts', 'true']

2024-01-14 16:13:27 - [MESSAGE][INFO] - Action delay is set to 0 milliseconds

2024-01-14 16:13:28 - [MESSAGE][PASSED] - Browser is opened with url: ''

2024-01-14 16:13:28 - [TEST_STEP][PASSED] - maximizeWindow(): Current window maximized

2024-01-14 16:13:28 - [MESSAGE][PASSED] - Current window maximized

2024-01-14 16:13:28 - [TEST_STEP][PASSED] - navigateToUrl(RADurl): Navigate to 'https://qa2.velocitypayment.com/client/rad/index.html' successfully

2024-01-14 16:13:30 - [MESSAGE][PASSED] - Navigate to 'https://qa2.velocitypayment.com/client/rad/index.html' successfully

2024-01-14 16:13:30 - [TEST_STEP][PASSED] - orPath_Landing = "Object Repository/RAD_Pages/Landing_Page": null

2024-01-14 16:13:30 - [TEST_STEP][PASSED] - orPath_TaxTypeFilingYear = "Object Repository/RAD_Pages/TaxTypeFilingYear_Page": null

2024-01-14 16:13:30 - [TEST_STEP][PASSED] - orPath_TaxPayer = "Object Repository/RAD_Pages/Taxpayer_Page": null

2024-01-14 16:13:30 - [TEST_STEP][PASSED] - orPath_AddressContact = "Object Repository/RAD_Pages/AddressAndContactInfo_Page": null

2024-01-14 16:13:30 - [TEST_STEP][PASSED] - orPath_FilingStatus = "Object Repository/RAD_Pages/FilingStatus_Page": null

2024-01-14 16:13:30 - [TEST_STEP][PASSED] - orPath_Amount = "Object Repository/RAD_Pages/PaymentAmount_Page": null

2024-01-14 16:13:30 - [TEST_STEP][PASSED] - orPath_TaxInfo = "Object Repository/RAD_Pages/TaxInfo_Page": null

2024-01-14 16:13:30 - [TEST_STEP][PASSED] - orPath_Withholding = "Object Repository/RAD_Pages/Withholding_Page": null

2024-01-14 16:13:30 - [TEST_STEP][PASSED] - orPath_Summary = "Object Repository/RAD_Pages/Summary_Page": null

2024-01-14 16:13:30 - [TEST_STEP][PASSED] - orPath_PaymentReady = "Object Repository/RAD_Pages/PaymentReady_Page": null

2024-01-14 16:13:30 - [TEST_STEP][PASSED] - orPath_PaymentEntry = "Object Repository/RAD_Pages/PaymentEntry_Page": null

2024-01-14 16:13:30 - [TEST_STEP][PASSED] - orPath_PaymentConfirmation = "Object Repository/RAD_Pages/PaymentConfirmation_Page": null

2024-01-14 16:13:30 - [TEST_STEP][PASSED] - orPath_ServiceFeesAccept = "Object Repository/RAD_Pages/ServiceFeeAccept_Page": null

2024-01-14 16:13:30 - [TEST_STEP][PASSED] - selectOptionByLabel(findTestObject(orPath_Landing + "/dd_TaxType"), Paymenttype, false): All options with label 'Existing Liability w/Notice Number' are selected in object 'Object Repository/RAD_Pages/Landing_Page/dd_TaxType' 

2024-01-14 16:13:31 - [MESSAGE][PASSED] - All options with label 'Existing Liability w/Notice Number' are selected in object 'Object Repository/RAD_Pages/Landing_Page/dd_TaxType' 

2024-01-14 16:13:31 - [TEST_STEP][PASSED] - delay(1): Delayed 1 second(s)

2024-01-14 16:13:32 - [MESSAGE][PASSED] - Delayed 1 second(s)

2024-01-14 16:13:32 - [TEST_STEP][PASSED] - switch (Paymenttype): null

2024-01-14 16:13:32 - [TEST_STEP][PASSED] - case "Existing Liability w/Notice Number":: null

2024-01-14 16:13:32 - [TEST_STEP][PASSED] - selectOptionByLabel(findTestObject(orPath_TaxTypeFilingYear + "/select_TaxType_ExistingLiability"), Taxtype, false): All options with label 'Admissions and Amusement Tax' are selected in object 'Object Repository/RAD_Pages/TaxTypeFilingYear_Page/select_TaxType_ExistingLiability' 

2024-01-14 16:13:32 - [MESSAGE][PASSED] - All options with label 'Admissions and Amusement Tax' are selected in object 'Object Repository/RAD_Pages/TaxTypeFilingYear_Page/select_TaxType_ExistingLiability' 

2024-01-14 16:13:32 - [TEST_STEP][PASSED] - break: null

2024-01-14 16:13:32 - [TEST_STEP][PASSED] - delay(1): Delayed 1 second(s)

2024-01-14 16:13:33 - [MESSAGE][PASSED] - Delayed 1 second(s)

2024-01-14 16:13:33 - [TEST_STEP][PASSED] - switch (Paymenttype): null

2024-01-14 16:13:33 - [TEST_STEP][PASSED] - case "Existing Liability w/Notice Number":: null

2024-01-14 16:13:33 - [TEST_STEP][PASSED] - if (feinSsn.equalsIgnoreCase("Y")): null

2024-01-14 16:13:33 - [TEST_STEP][PASSED] - else: Text ****** has been set on object 'Object Repository/RAD_RecordAndPlay/input_Existing_RetypeFEIN'

2024-01-14 16:13:33 - [TEST_STEP][PASSED] - setEncryptedText(findTestObject("Object Repository/RAD_RecordAndPlay/input_Existing_FEIN"), "iGDxf8hSRT4="): Text ****** has been set on object 'Object Repository/RAD_RecordAndPlay/input_Existing_FEIN'

2024-01-14 16:13:34 - [MESSAGE][PASSED] - Text ****** has been set on object 'Object Repository/RAD_RecordAndPlay/input_Existing_FEIN'

2024-01-14 16:13:34 - [TEST_STEP][PASSED] - setEncryptedText(findTestObject("Object Repository/RAD_RecordAndPlay/input_Existing_RetypeFEIN"), ""): Text ****** has been set on object 'Object Repository/RAD_RecordAndPlay/input_Existing_RetypeFEIN'

2024-01-14 16:13:34 - [MESSAGE][PASSED] - Text ****** has been set on object 'Object Repository/RAD_RecordAndPlay/input_Existing_RetypeFEIN'

2024-01-14 16:13:34 - [TEST_STEP][PASSED] - break: null

2024-01-14 16:13:34 - [TEST_STEP][PASSED] - if (feinSsn.equalsIgnoreCase("Y")): null

2024-01-14 16:13:34 - [TEST_STEP][PASSED] - else: null

2024-01-14 16:13:34 - [TEST_STEP][PASSED] - if (verifyTextPresent("Please enter a valid FEIN with 9 digits.", true)): null

2024-01-14 16:13:35 - [MESSAGE][PASSED] - Text 'Please enter a valid FEIN with 9 digits.' is present on page  using regular expression

2024-01-14 16:13:35 - [TEST_STEP][PASSED] - println("Error Message is present on the page"): null

2024-01-14 16:13:35 - [TEST_STEP][PASSED] - out.println("Pass Record Number: " + row): null

2024-01-14 16:13:35 - [TEST_STEP][PASSED] - resText = "Pass": null

2024-01-14 16:13:35 - [TEST_STEP][PASSED] - pages.WriteExcel.demoKey(resText, datText, resColumn, datCloumn, fileLoc, nameSheet, row): pages.WriteExcel.demoKey is PASSED

2024-01-14 16:13:35 - [MESSAGE][PASSED] - pages.WriteExcel.demoKey is PASSED

2024-01-14 16:13:35 - [TEST_STEP][PASSED] - ExecuteTC = findTestData(dataFile).getValue("Execute", row): null

2024-01-14 16:13:35 - [TEST_STEP][PASSED] - Taxtype = findTestData(dataFile).getValue("TaxType", row): null

2024-01-14 16:13:35 - [TEST_STEP][PASSED] - Paymenttype = findTestData(dataFile).getValue("PaymentType", row): null

2024-01-14 16:13:35 - [TEST_STEP][PASSED] - feinSsn = findTestData(dataFile).getValue("FEINSSN", row): null

2024-01-14 16:13:35 - [TEST_STEP][PASSED] - out.println("Value of Execute is : " + ExecuteTC): null

2024-01-14 16:13:35 - [TEST_STEP][PASSED] - if (ExecuteTC.equalsIgnoreCase("Y")): null

2024-01-14 16:13:35 - [TEST_STEP][PASSED] - out.println("Begin Record Number: " + row): null

2024-01-14 16:13:35 - [TEST_STEP][PASSED] - today = new java.util.Date(): null

2024-01-14 16:13:35 - [TEST_STEP][PASSED] - println(today): null

2024-01-14 16:13:35 - [TEST_STEP][PASSED] - datText = today: null

2024-01-14 16:13:35 - [TEST_STEP][PASSED] - Taxtype = findTestData(dataFile).getValue("TaxType", row): null

2024-01-14 16:13:35 - [TEST_STEP][PASSED] - out.println("Taxtype value is : " + Taxtype): null

2024-01-14 16:13:35 - [TEST_STEP][PASSED] - openBrowser(""): Browser is opened with url: ''

2024-01-14 16:13:35 - [MESSAGE][WARNING] - A browser is already opened. Closing browser and opening a new one

2024-01-14 16:13:36 - [MESSAGE][INFO] - Starting 'Chrome' driver

2024-01-14 16:13:36 - [MESSAGE][INFO] - User set preference: ['acceptInsecureCerts', 'true']

2024-01-14 16:13:36 - [MESSAGE][INFO] - Action delay is set to 0 milliseconds

2024-01-14 16:13:38 - [MESSAGE][PASSED] - Browser is opened with url: ''

2024-01-14 16:13:38 - [TEST_STEP][PASSED] - maximizeWindow(): Current window maximized

2024-01-14 16:13:38 - [MESSAGE][PASSED] - Current window maximized

2024-01-14 16:13:38 - [TEST_STEP][PASSED] - navigateToUrl(RADurl): Navigate to 'https://qa2.velocitypayment.com/client/rad/index.html' successfully

2024-01-14 16:13:39 - [MESSAGE][PASSED] - Navigate to 'https://qa2.velocitypayment.com/client/rad/index.html' successfully

2024-01-14 16:13:39 - [TEST_STEP][PASSED] - orPath_Landing = "Object Repository/RAD_Pages/Landing_Page": null

2024-01-14 16:13:39 - [TEST_STEP][PASSED] - orPath_TaxTypeFilingYear = "Object Repository/RAD_Pages/TaxTypeFilingYear_Page": null

2024-01-14 16:13:39 - [TEST_STEP][PASSED] - orPath_TaxPayer = "Object Repository/RAD_Pages/Taxpayer_Page": null

2024-01-14 16:13:39 - [TEST_STEP][PASSED] - orPath_AddressContact = "Object Repository/RAD_Pages/AddressAndContactInfo_Page": null

2024-01-14 16:13:39 - [TEST_STEP][PASSED] - orPath_FilingStatus = "Object Repository/RAD_Pages/FilingStatus_Page": null

2024-01-14 16:13:39 - [TEST_STEP][PASSED] - orPath_Amount = "Object Repository/RAD_Pages/PaymentAmount_Page": null

2024-01-14 16:13:39 - [TEST_STEP][PASSED] - orPath_TaxInfo = "Object Repository/RAD_Pages/TaxInfo_Page": null

2024-01-14 16:13:39 - [TEST_STEP][PASSED] - orPath_Withholding = "Object Repository/RAD_Pages/Withholding_Page": null

2024-01-14 16:13:39 - [TEST_STEP][PASSED] - orPath_Summary = "Object Repository/RAD_Pages/Summary_Page": null

2024-01-14 16:13:39 - [TEST_STEP][PASSED] - orPath_PaymentReady = "Object Repository/RAD_Pages/PaymentReady_Page": null

2024-01-14 16:13:39 - [TEST_STEP][PASSED] - orPath_PaymentEntry = "Object Repository/RAD_Pages/PaymentEntry_Page": null

2024-01-14 16:13:39 - [TEST_STEP][PASSED] - orPath_PaymentConfirmation = "Object Repository/RAD_Pages/PaymentConfirmation_Page": null

2024-01-14 16:13:39 - [TEST_STEP][PASSED] - orPath_ServiceFeesAccept = "Object Repository/RAD_Pages/ServiceFeeAccept_Page": null

2024-01-14 16:13:39 - [TEST_STEP][PASSED] - selectOptionByLabel(findTestObject(orPath_Landing + "/dd_TaxType"), Paymenttype, false): All options with label 'Existing Liability w/Notice Number' are selected in object 'Object Repository/RAD_Pages/Landing_Page/dd_TaxType' 

2024-01-14 16:13:40 - [MESSAGE][PASSED] - All options with label 'Existing Liability w/Notice Number' are selected in object 'Object Repository/RAD_Pages/Landing_Page/dd_TaxType' 

2024-01-14 16:13:40 - [TEST_STEP][PASSED] - delay(1): Delayed 1 second(s)

2024-01-14 16:13:41 - [MESSAGE][PASSED] - Delayed 1 second(s)

2024-01-14 16:13:41 - [TEST_STEP][PASSED] - switch (Paymenttype): null

2024-01-14 16:13:41 - [TEST_STEP][PASSED] - case "Existing Liability w/Notice Number":: null

2024-01-14 16:13:41 - [TEST_STEP][PASSED] - selectOptionByLabel(findTestObject(orPath_TaxTypeFilingYear + "/select_TaxType_ExistingLiability"), Taxtype, false): All options with label 'Motor Fuel Tax' are selected in object 'Object Repository/RAD_Pages/TaxTypeFilingYear_Page/select_TaxType_ExistingLiability' 

2024-01-14 16:13:42 - [MESSAGE][PASSED] - All options with label 'Motor Fuel Tax' are selected in object 'Object Repository/RAD_Pages/TaxTypeFilingYear_Page/select_TaxType_ExistingLiability' 

2024-01-14 16:13:42 - [TEST_STEP][PASSED] - break: null

2024-01-14 16:13:42 - [TEST_STEP][PASSED] - delay(1): Delayed 1 second(s)

2024-01-14 16:13:43 - [MESSAGE][PASSED] - Delayed 1 second(s)

2024-01-14 16:13:43 - [TEST_STEP][PASSED] - switch (Paymenttype): null

2024-01-14 16:13:43 - [TEST_STEP][PASSED] - case "Existing Liability w/Notice Number":: null

2024-01-14 16:13:43 - [TEST_STEP][PASSED] - if (feinSsn.equalsIgnoreCase("Y")): null

2024-01-14 16:13:43 - [TEST_STEP][PASSED] - else: Text ****** has been set on object 'Object Repository/RAD_RecordAndPlay/input_Existing_RetypeFEIN'

2024-01-14 16:13:43 - [TEST_STEP][PASSED] - setEncryptedText(findTestObject("Object Repository/RAD_RecordAndPlay/input_Existing_FEIN"), "iGDxf8hSRT4="): Text ****** has been set on object 'Object Repository/RAD_RecordAndPlay/input_Existing_FEIN'

2024-01-14 16:13:43 - [MESSAGE][PASSED] - Text ****** has been set on object 'Object Repository/RAD_RecordAndPlay/input_Existing_FEIN'

2024-01-14 16:13:43 - [TEST_STEP][PASSED] - setEncryptedText(findTestObject("Object Repository/RAD_RecordAndPlay/input_Existing_RetypeFEIN"), ""): Text ****** has been set on object 'Object Repository/RAD_RecordAndPlay/input_Existing_RetypeFEIN'

2024-01-14 16:13:44 - [MESSAGE][PASSED] - Text ****** has been set on object 'Object Repository/RAD_RecordAndPlay/input_Existing_RetypeFEIN'

2024-01-14 16:13:44 - [TEST_STEP][PASSED] - break: null

2024-01-14 16:13:44 - [TEST_STEP][PASSED] - if (feinSsn.equalsIgnoreCase("Y")): null

2024-01-14 16:13:44 - [TEST_STEP][PASSED] - else: null

2024-01-14 16:13:44 - [TEST_STEP][PASSED] - if (verifyTextPresent("Please enter a valid FEIN with 9 digits.", true)): null

2024-01-14 16:13:44 - [MESSAGE][PASSED] - Text 'Please enter a valid FEIN with 9 digits.' is present on page  using regular expression

2024-01-14 16:13:44 - [TEST_STEP][PASSED] - println("Error Message is present on the page"): null

2024-01-14 16:13:44 - [TEST_STEP][PASSED] - out.println("Pass Record Number: " + row): null

2024-01-14 16:13:44 - [TEST_STEP][PASSED] - resText = "Pass": null

2024-01-14 16:13:44 - [TEST_STEP][PASSED] - pages.WriteExcel.demoKey(resText, datText, resColumn, datCloumn, fileLoc, nameSheet, row): pages.WriteExcel.demoKey is PASSED

2024-01-14 16:13:44 - [MESSAGE][PASSED] - pages.WriteExcel.demoKey is PASSED

2024-01-14 16:13:44 - [TEST_STEP][PASSED] - ExecuteTC = findTestData(dataFile).getValue("Execute", row): null

2024-01-14 16:13:44 - [TEST_STEP][PASSED] - Taxtype = findTestData(dataFile).getValue("TaxType", row): null

2024-01-14 16:13:44 - [TEST_STEP][PASSED] - Paymenttype = findTestData(dataFile).getValue("PaymentType", row): null

2024-01-14 16:13:44 - [TEST_STEP][PASSED] - feinSsn = findTestData(dataFile).getValue("FEINSSN", row): null

2024-01-14 16:13:44 - [TEST_STEP][PASSED] - out.println("Value of Execute is : " + ExecuteTC): null

2024-01-14 16:13:44 - [TEST_STEP][PASSED] - if (ExecuteTC.equalsIgnoreCase("Y")): null

2024-01-14 16:13:44 - [TEST_STEP][PASSED] - out.println("Begin Record Number: " + row): null

2024-01-14 16:13:44 - [TEST_STEP][PASSED] - today = new java.util.Date(): null

2024-01-14 16:13:44 - [TEST_STEP][PASSED] - println(today): null

2024-01-14 16:13:44 - [TEST_STEP][PASSED] - datText = today: null

2024-01-14 16:13:44 - [TEST_STEP][PASSED] - Taxtype = findTestData(dataFile).getValue("TaxType", row): null

2024-01-14 16:13:45 - [TEST_STEP][PASSED] - out.println("Taxtype value is : " + Taxtype): null

2024-01-14 16:13:45 - [TEST_STEP][PASSED] - openBrowser(""): Browser is opened with url: ''

2024-01-14 16:13:45 - [MESSAGE][WARNING] - A browser is already opened. Closing browser and opening a new one

2024-01-14 16:13:46 - [MESSAGE][INFO] - Starting 'Chrome' driver

2024-01-14 16:13:46 - [MESSAGE][INFO] - User set preference: ['acceptInsecureCerts', 'true']

2024-01-14 16:13:46 - [MESSAGE][INFO] - Action delay is set to 0 milliseconds

2024-01-14 16:13:47 - [MESSAGE][PASSED] - Browser is opened with url: ''

2024-01-14 16:13:47 - [TEST_STEP][PASSED] - maximizeWindow(): Current window maximized

2024-01-14 16:13:47 - [MESSAGE][PASSED] - Current window maximized

2024-01-14 16:13:47 - [TEST_STEP][PASSED] - navigateToUrl(RADurl): Navigate to 'https://qa2.velocitypayment.com/client/rad/index.html' successfully

2024-01-14 16:13:49 - [MESSAGE][PASSED] - Navigate to 'https://qa2.velocitypayment.com/client/rad/index.html' successfully

2024-01-14 16:13:49 - [TEST_STEP][PASSED] - orPath_Landing = "Object Repository/RAD_Pages/Landing_Page": null

2024-01-14 16:13:49 - [TEST_STEP][PASSED] - orPath_TaxTypeFilingYear = "Object Repository/RAD_Pages/TaxTypeFilingYear_Page": null

2024-01-14 16:13:49 - [TEST_STEP][PASSED] - orPath_TaxPayer = "Object Repository/RAD_Pages/Taxpayer_Page": null

2024-01-14 16:13:49 - [TEST_STEP][PASSED] - orPath_AddressContact = "Object Repository/RAD_Pages/AddressAndContactInfo_Page": null

2024-01-14 16:13:49 - [TEST_STEP][PASSED] - orPath_FilingStatus = "Object Repository/RAD_Pages/FilingStatus_Page": null

2024-01-14 16:13:49 - [TEST_STEP][PASSED] - orPath_Amount = "Object Repository/RAD_Pages/PaymentAmount_Page": null

2024-01-14 16:13:49 - [TEST_STEP][PASSED] - orPath_TaxInfo = "Object Repository/RAD_Pages/TaxInfo_Page": null

2024-01-14 16:13:49 - [TEST_STEP][PASSED] - orPath_Withholding = "Object Repository/RAD_Pages/Withholding_Page": null

2024-01-14 16:13:49 - [TEST_STEP][PASSED] - orPath_Summary = "Object Repository/RAD_Pages/Summary_Page": null

2024-01-14 16:13:49 - [TEST_STEP][PASSED] - orPath_PaymentReady = "Object Repository/RAD_Pages/PaymentReady_Page": null

2024-01-14 16:13:49 - [TEST_STEP][PASSED] - orPath_PaymentEntry = "Object Repository/RAD_Pages/PaymentEntry_Page": null

2024-01-14 16:13:49 - [TEST_STEP][PASSED] - orPath_PaymentConfirmation = "Object Repository/RAD_Pages/PaymentConfirmation_Page": null

2024-01-14 16:13:49 - [TEST_STEP][PASSED] - orPath_ServiceFeesAccept = "Object Repository/RAD_Pages/ServiceFeeAccept_Page": null

2024-01-14 16:13:49 - [TEST_STEP][PASSED] - selectOptionByLabel(findTestObject(orPath_Landing + "/dd_TaxType"), Paymenttype, false): All options with label 'Existing Liability w/Notice Number' are selected in object 'Object Repository/RAD_Pages/Landing_Page/dd_TaxType' 

2024-01-14 16:13:49 - [MESSAGE][PASSED] - All options with label 'Existing Liability w/Notice Number' are selected in object 'Object Repository/RAD_Pages/Landing_Page/dd_TaxType' 

2024-01-14 16:13:49 - [TEST_STEP][PASSED] - delay(1): Delayed 1 second(s)

2024-01-14 16:13:50 - [MESSAGE][PASSED] - Delayed 1 second(s)

2024-01-14 16:13:50 - [TEST_STEP][PASSED] - switch (Paymenttype): null

2024-01-14 16:13:50 - [TEST_STEP][PASSED] - case "Existing Liability w/Notice Number":: null

2024-01-14 16:13:50 - [TEST_STEP][PASSED] - selectOptionByLabel(findTestObject(orPath_TaxTypeFilingYear + "/select_TaxType_ExistingLiability"), Taxtype, false): All options with label 'Slots License Fee' are selected in object 'Object Repository/RAD_Pages/TaxTypeFilingYear_Page/select_TaxType_ExistingLiability' 

2024-01-14 16:13:51 - [MESSAGE][PASSED] - All options with label 'Slots License Fee' are selected in object 'Object Repository/RAD_Pages/TaxTypeFilingYear_Page/select_TaxType_ExistingLiability' 

2024-01-14 16:13:51 - [TEST_STEP][PASSED] - break: null

2024-01-14 16:13:51 - [TEST_STEP][PASSED] - delay(1): Delayed 1 second(s)

2024-01-14 16:13:52 - [MESSAGE][PASSED] - Delayed 1 second(s)

2024-01-14 16:13:52 - [TEST_STEP][PASSED] - switch (Paymenttype): null

2024-01-14 16:13:52 - [TEST_STEP][PASSED] - case "Existing Liability w/Notice Number":: null

2024-01-14 16:13:52 - [TEST_STEP][PASSED] - if (feinSsn.equalsIgnoreCase("Y")): null

2024-01-14 16:13:52 - [TEST_STEP][PASSED] - else: Text ****** has been set on object 'Object Repository/RAD_RecordAndPlay/input_Existing_RetypeFEIN'

2024-01-14 16:13:52 - [TEST_STEP][PASSED] - setEncryptedText(findTestObject("Object Repository/RAD_RecordAndPlay/input_Existing_FEIN"), "iGDxf8hSRT4="): Text ****** has been set on object 'Object Repository/RAD_RecordAndPlay/input_Existing_FEIN'

2024-01-14 16:13:53 - [MESSAGE][PASSED] - Text ****** has been set on object 'Object Repository/RAD_RecordAndPlay/input_Existing_FEIN'

2024-01-14 16:13:53 - [TEST_STEP][PASSED] - setEncryptedText(findTestObject("Object Repository/RAD_RecordAndPlay/input_Existing_RetypeFEIN"), ""): Text ****** has been set on object 'Object Repository/RAD_RecordAndPlay/input_Existing_RetypeFEIN'

2024-01-14 16:13:53 - [MESSAGE][PASSED] - Text ****** has been set on object 'Object Repository/RAD_RecordAndPlay/input_Existing_RetypeFEIN'

2024-01-14 16:13:53 - [TEST_STEP][PASSED] - break: null

2024-01-14 16:13:53 - [TEST_STEP][PASSED] - if (feinSsn.equalsIgnoreCase("Y")): null

2024-01-14 16:13:53 - [TEST_STEP][PASSED] - else: null

2024-01-14 16:13:53 - [TEST_STEP][PASSED] - if (verifyTextPresent("Please enter a valid FEIN with 9 digits.", true)): null

2024-01-14 16:13:54 - [MESSAGE][PASSED] - Text 'Please enter a valid FEIN with 9 digits.' is present on page  using regular expression

2024-01-14 16:13:54 - [TEST_STEP][PASSED] - println("Error Message is present on the page"): null

2024-01-14 16:13:54 - [TEST_STEP][PASSED] - out.println("Pass Record Number: " + row): null

2024-01-14 16:13:54 - [TEST_STEP][PASSED] - resText = "Pass": null

2024-01-14 16:13:54 - [TEST_STEP][PASSED] - pages.WriteExcel.demoKey(resText, datText, resColumn, datCloumn, fileLoc, nameSheet, row): pages.WriteExcel.demoKey is PASSED

2024-01-14 16:13:54 - [MESSAGE][PASSED] - pages.WriteExcel.demoKey is PASSED

2024-01-14 16:13:54 - [TEST_STEP][PASSED] - ExecuteTC = findTestData(dataFile).getValue("Execute", row): null

2024-01-14 16:13:54 - [TEST_STEP][PASSED] - Taxtype = findTestData(dataFile).getValue("TaxType", row): null

2024-01-14 16:13:54 - [TEST_STEP][PASSED] - Paymenttype = findTestData(dataFile).getValue("PaymentType", row): null

2024-01-14 16:13:54 - [TEST_STEP][PASSED] - feinSsn = findTestData(dataFile).getValue("FEINSSN", row): null

2024-01-14 16:13:54 - [TEST_STEP][PASSED] - out.println("Value of Execute is : " + ExecuteTC): null

2024-01-14 16:13:54 - [TEST_STEP][PASSED] - if (ExecuteTC.equalsIgnoreCase("Y")): null

2024-01-14 16:13:54 - [TEST_STEP][PASSED] - out.println("Begin Record Number: " + row): null

2024-01-14 16:13:54 - [TEST_STEP][PASSED] - today = new java.util.Date(): null

2024-01-14 16:13:54 - [TEST_STEP][PASSED] - println(today): null

2024-01-14 16:13:54 - [TEST_STEP][PASSED] - datText = today: null

2024-01-14 16:13:54 - [TEST_STEP][PASSED] - Taxtype = findTestData(dataFile).getValue("TaxType", row): null

2024-01-14 16:13:54 - [TEST_STEP][PASSED] - out.println("Taxtype value is : " + Taxtype): null

2024-01-14 16:13:54 - [TEST_STEP][PASSED] - openBrowser(""): Browser is opened with url: ''

2024-01-14 16:13:54 - [MESSAGE][WARNING] - A browser is already opened. Closing browser and opening a new one

2024-01-14 16:13:55 - [MESSAGE][INFO] - Starting 'Chrome' driver

2024-01-14 16:13:55 - [MESSAGE][INFO] - User set preference: ['acceptInsecureCerts', 'true']

2024-01-14 16:13:55 - [MESSAGE][INFO] - Action delay is set to 0 milliseconds

2024-01-14 16:13:56 - [MESSAGE][PASSED] - Browser is opened with url: ''

2024-01-14 16:13:56 - [TEST_STEP][PASSED] - maximizeWindow(): Current window maximized

2024-01-14 16:13:57 - [MESSAGE][PASSED] - Current window maximized

2024-01-14 16:13:57 - [TEST_STEP][PASSED] - navigateToUrl(RADurl): Navigate to 'https://qa2.velocitypayment.com/client/rad/index.html' successfully

2024-01-14 16:13:58 - [MESSAGE][PASSED] - Navigate to 'https://qa2.velocitypayment.com/client/rad/index.html' successfully

2024-01-14 16:13:58 - [TEST_STEP][PASSED] - orPath_Landing = "Object Repository/RAD_Pages/Landing_Page": null

2024-01-14 16:13:58 - [TEST_STEP][PASSED] - orPath_TaxTypeFilingYear = "Object Repository/RAD_Pages/TaxTypeFilingYear_Page": null

2024-01-14 16:13:58 - [TEST_STEP][PASSED] - orPath_TaxPayer = "Object Repository/RAD_Pages/Taxpayer_Page": null

2024-01-14 16:13:58 - [TEST_STEP][PASSED] - orPath_AddressContact = "Object Repository/RAD_Pages/AddressAndContactInfo_Page": null

2024-01-14 16:13:58 - [TEST_STEP][PASSED] - orPath_FilingStatus = "Object Repository/RAD_Pages/FilingStatus_Page": null

2024-01-14 16:13:58 - [TEST_STEP][PASSED] - orPath_Amount = "Object Repository/RAD_Pages/PaymentAmount_Page": null

2024-01-14 16:13:58 - [TEST_STEP][PASSED] - orPath_TaxInfo = "Object Repository/RAD_Pages/TaxInfo_Page": null

2024-01-14 16:13:58 - [TEST_STEP][PASSED] - orPath_Withholding = "Object Repository/RAD_Pages/Withholding_Page": null

2024-01-14 16:13:58 - [TEST_STEP][PASSED] - orPath_Summary = "Object Repository/RAD_Pages/Summary_Page": null

2024-01-14 16:13:58 - [TEST_STEP][PASSED] - orPath_PaymentReady = "Object Repository/RAD_Pages/PaymentReady_Page": null

2024-01-14 16:13:58 - [TEST_STEP][PASSED] - orPath_PaymentEntry = "Object Repository/RAD_Pages/PaymentEntry_Page": null

2024-01-14 16:13:58 - [TEST_STEP][PASSED] - orPath_PaymentConfirmation = "Object Repository/RAD_Pages/PaymentConfirmation_Page": null

2024-01-14 16:13:58 - [TEST_STEP][PASSED] - orPath_ServiceFeesAccept = "Object Repository/RAD_Pages/ServiceFeeAccept_Page": null

2024-01-14 16:13:58 - [TEST_STEP][PASSED] - selectOptionByLabel(findTestObject(orPath_Landing + "/dd_TaxType"), Paymenttype, false): All options with label 'Existing Liability w/Notice Number' are selected in object 'Object Repository/RAD_Pages/Landing_Page/dd_TaxType' 

2024-01-14 16:13:59 - [MESSAGE][PASSED] - All options with label 'Existing Liability w/Notice Number' are selected in object 'Object Repository/RAD_Pages/Landing_Page/dd_TaxType' 

2024-01-14 16:13:59 - [TEST_STEP][PASSED] - delay(1): Delayed 1 second(s)

2024-01-14 16:14:00 - [MESSAGE][PASSED] - Delayed 1 second(s)

2024-01-14 16:14:00 - [TEST_STEP][PASSED] - switch (Paymenttype): null

2024-01-14 16:14:00 - [TEST_STEP][PASSED] - case "Existing Liability w/Notice Number":: null

2024-01-14 16:14:00 - [TEST_STEP][PASSED] - selectOptionByLabel(findTestObject(orPath_TaxTypeFilingYear + "/select_TaxType_ExistingLiability"), Taxtype, false): All options with label 'Tobacco Tax' are selected in object 'Object Repository/RAD_Pages/TaxTypeFilingYear_Page/select_TaxType_ExistingLiability' 

2024-01-14 16:14:00 - [MESSAGE][PASSED] - All options with label 'Tobacco Tax' are selected in object 'Object Repository/RAD_Pages/TaxTypeFilingYear_Page/select_TaxType_ExistingLiability' 

2024-01-14 16:14:00 - [TEST_STEP][PASSED] - break: null

2024-01-14 16:14:00 - [TEST_STEP][PASSED] - delay(1): Delayed 1 second(s)

2024-01-14 16:14:01 - [MESSAGE][PASSED] - Delayed 1 second(s)

2024-01-14 16:14:01 - [TEST_STEP][PASSED] - switch (Paymenttype): null

2024-01-14 16:14:01 - [TEST_STEP][PASSED] - case "Existing Liability w/Notice Number":: null

2024-01-14 16:14:01 - [TEST_STEP][PASSED] - if (feinSsn.equalsIgnoreCase("Y")): Text ****** has been set on object 'Object Repository/RAD_Pages/TaxInfo_Page/input_TaxInfo_RetypefeinSsn_Existing_New'

2024-01-14 16:14:01 - [TEST_STEP][PASSED] - setEncryptedText(findTestObject(orPath_TaxInfo + "/input_TaxInfo_feinSsn_Existing_New"), "iGDxf8hSRT4="): Text ****** has been set on object 'Object Repository/RAD_Pages/TaxInfo_Page/input_TaxInfo_feinSsn_Existing_New'

2024-01-14 16:14:02 - [MESSAGE][PASSED] - Text ****** has been set on object 'Object Repository/RAD_Pages/TaxInfo_Page/input_TaxInfo_feinSsn_Existing_New'

2024-01-14 16:14:02 - [TEST_STEP][PASSED] - setEncryptedText(findTestObject(orPath_TaxInfo + "/input_TaxInfo_RetypefeinSsn_Existing_New"), ""): Text ****** has been set on object 'Object Repository/RAD_Pages/TaxInfo_Page/input_TaxInfo_RetypefeinSsn_Existing_New'

2024-01-14 16:14:03 - [MESSAGE][PASSED] - Text ****** has been set on object 'Object Repository/RAD_Pages/TaxInfo_Page/input_TaxInfo_RetypefeinSsn_Existing_New'

2024-01-14 16:14:03 - [TEST_STEP][PASSED] - break: null

2024-01-14 16:14:03 - [TEST_STEP][PASSED] - if (feinSsn.equalsIgnoreCase("Y")): null

2024-01-14 16:14:03 - [TEST_STEP][PASSED] - if (verifyTextPresent("Please enter a valid FEIN/SSN with 9 digits", true)): null

2024-01-14 16:14:03 - [MESSAGE][PASSED] - Text 'Please enter a valid FEIN/SSN with 9 digits' is present on page  using regular expression

2024-01-14 16:14:03 - [TEST_STEP][PASSED] - println("Error Message is present on the page"): null

2024-01-14 16:14:03 - [TEST_STEP][PASSED] - out.println("Pass Record Number: " + row): null

2024-01-14 16:14:03 - [TEST_STEP][PASSED] - resText = "Pass": null

2024-01-14 16:14:03 - [TEST_STEP][PASSED] - pages.WriteExcel.demoKey(resText, datText, resColumn, datCloumn, fileLoc, nameSheet, row): pages.WriteExcel.demoKey is PASSED

2024-01-14 16:14:03 - [MESSAGE][PASSED] - pages.WriteExcel.demoKey is PASSED

2024-01-14 16:14:03 - [TEST_STEP][PASSED] - ExecuteTC = findTestData(dataFile).getValue("Execute", row): null

2024-01-14 16:14:03 - [TEST_STEP][PASSED] - Taxtype = findTestData(dataFile).getValue("TaxType", row): null

2024-01-14 16:14:03 - [TEST_STEP][PASSED] - Paymenttype = findTestData(dataFile).getValue("PaymentType", row): null

2024-01-14 16:14:03 - [TEST_STEP][PASSED] - feinSsn = findTestData(dataFile).getValue("FEINSSN", row): null

2024-01-14 16:14:04 - [TEST_STEP][PASSED] - out.println("Value of Execute is : " + ExecuteTC): null

2024-01-14 16:14:04 - [TEST_STEP][PASSED] - if (ExecuteTC.equalsIgnoreCase("Y")): null

2024-01-14 16:14:04 - [TEST_STEP][PASSED] - out.println("Begin Record Number: " + row): null

2024-01-14 16:14:04 - [TEST_STEP][PASSED] - today = new java.util.Date(): null

2024-01-14 16:14:04 - [TEST_STEP][PASSED] - println(today): null

2024-01-14 16:14:04 - [TEST_STEP][PASSED] - datText = today: null

2024-01-14 16:14:04 - [TEST_STEP][PASSED] - Taxtype = findTestData(dataFile).getValue("TaxType", row): null

2024-01-14 16:14:04 - [TEST_STEP][PASSED] - out.println("Taxtype value is : " + Taxtype): null

2024-01-14 16:14:04 - [TEST_STEP][PASSED] - openBrowser(""): Browser is opened with url: ''

2024-01-14 16:14:04 - [MESSAGE][WARNING] - A browser is already opened. Closing browser and opening a new one

2024-01-14 16:14:05 - [MESSAGE][INFO] - Starting 'Chrome' driver

2024-01-14 16:14:05 - [MESSAGE][INFO] - User set preference: ['acceptInsecureCerts', 'true']

2024-01-14 16:14:05 - [MESSAGE][INFO] - Action delay is set to 0 milliseconds

2024-01-14 16:14:06 - [MESSAGE][PASSED] - Browser is opened with url: ''

2024-01-14 16:14:06 - [TEST_STEP][PASSED] - maximizeWindow(): Current window maximized

2024-01-14 16:14:06 - [MESSAGE][PASSED] - Current window maximized

2024-01-14 16:14:06 - [TEST_STEP][PASSED] - navigateToUrl(RADurl): Navigate to 'https://qa2.velocitypayment.com/client/rad/index.html' successfully

2024-01-14 16:14:08 - [MESSAGE][PASSED] - Navigate to 'https://qa2.velocitypayment.com/client/rad/index.html' successfully

2024-01-14 16:14:08 - [TEST_STEP][PASSED] - orPath_Landing = "Object Repository/RAD_Pages/Landing_Page": null

2024-01-14 16:14:08 - [TEST_STEP][PASSED] - orPath_TaxTypeFilingYear = "Object Repository/RAD_Pages/TaxTypeFilingYear_Page": null

2024-01-14 16:14:08 - [TEST_STEP][PASSED] - orPath_TaxPayer = "Object Repository/RAD_Pages/Taxpayer_Page": null

2024-01-14 16:14:08 - [TEST_STEP][PASSED] - orPath_AddressContact = "Object Repository/RAD_Pages/AddressAndContactInfo_Page": null

2024-01-14 16:14:08 - [TEST_STEP][PASSED] - orPath_FilingStatus = "Object Repository/RAD_Pages/FilingStatus_Page": null

2024-01-14 16:14:08 - [TEST_STEP][PASSED] - orPath_Amount = "Object Repository/RAD_Pages/PaymentAmount_Page": null

2024-01-14 16:14:08 - [TEST_STEP][PASSED] - orPath_TaxInfo = "Object Repository/RAD_Pages/TaxInfo_Page": null

2024-01-14 16:14:08 - [TEST_STEP][PASSED] - orPath_Withholding = "Object Repository/RAD_Pages/Withholding_Page": null

2024-01-14 16:14:08 - [TEST_STEP][PASSED] - orPath_Summary = "Object Repository/RAD_Pages/Summary_Page": null

2024-01-14 16:14:08 - [TEST_STEP][PASSED] - orPath_PaymentReady = "Object Repository/RAD_Pages/PaymentReady_Page": null

2024-01-14 16:14:08 - [TEST_STEP][PASSED] - orPath_PaymentEntry = "Object Repository/RAD_Pages/PaymentEntry_Page": null

2024-01-14 16:14:08 - [TEST_STEP][PASSED] - orPath_PaymentConfirmation = "Object Repository/RAD_Pages/PaymentConfirmation_Page": null

2024-01-14 16:14:08 - [TEST_STEP][PASSED] - orPath_ServiceFeesAccept = "Object Repository/RAD_Pages/ServiceFeeAccept_Page": null

2024-01-14 16:14:08 - [TEST_STEP][PASSED] - selectOptionByLabel(findTestObject(orPath_Landing + "/dd_TaxType"), Paymenttype, false): All options with label 'Existing Liability w/Notice Number' are selected in object 'Object Repository/RAD_Pages/Landing_Page/dd_TaxType' 

2024-01-14 16:14:08 - [MESSAGE][PASSED] - All options with label 'Existing Liability w/Notice Number' are selected in object 'Object Repository/RAD_Pages/Landing_Page/dd_TaxType' 

2024-01-14 16:14:08 - [TEST_STEP][PASSED] - delay(1): Delayed 1 second(s)

2024-01-14 16:14:09 - [MESSAGE][PASSED] - Delayed 1 second(s)

2024-01-14 16:14:09 - [TEST_STEP][PASSED] - switch (Paymenttype): null

2024-01-14 16:14:09 - [TEST_STEP][PASSED] - case "Existing Liability w/Notice Number":: null

2024-01-14 16:14:09 - [TEST_STEP][PASSED] - selectOptionByLabel(findTestObject(orPath_TaxTypeFilingYear + "/select_TaxType_ExistingLiability"), Taxtype, false): All options with label 'Transportation Network Services' are selected in object 'Object Repository/RAD_Pages/TaxTypeFilingYear_Page/select_TaxType_ExistingLiability' 

2024-01-14 16:14:10 - [MESSAGE][PASSED] - All options with label 'Transportation Network Services' are selected in object 'Object Repository/RAD_Pages/TaxTypeFilingYear_Page/select_TaxType_ExistingLiability' 

2024-01-14 16:14:10 - [TEST_STEP][PASSED] - break: null

2024-01-14 16:14:10 - [TEST_STEP][PASSED] - delay(1): Delayed 1 second(s)

2024-01-14 16:14:11 - [MESSAGE][PASSED] - Delayed 1 second(s)

2024-01-14 16:14:11 - [TEST_STEP][PASSED] - switch (Paymenttype): null

2024-01-14 16:14:11 - [TEST_STEP][PASSED] - case "Existing Liability w/Notice Number":: null

2024-01-14 16:14:11 - [TEST_STEP][PASSED] - if (feinSsn.equalsIgnoreCase("Y")): null

2024-01-14 16:14:11 - [TEST_STEP][PASSED] - else: Text ****** has been set on object 'Object Repository/RAD_RecordAndPlay/input_Existing_RetypeFEIN'

2024-01-14 16:14:11 - [TEST_STEP][PASSED] - setEncryptedText(findTestObject("Object Repository/RAD_RecordAndPlay/input_Existing_FEIN"), "iGDxf8hSRT4="): Text ****** has been set on object 'Object Repository/RAD_RecordAndPlay/input_Existing_FEIN'

2024-01-14 16:14:12 - [MESSAGE][PASSED] - Text ****** has been set on object 'Object Repository/RAD_RecordAndPlay/input_Existing_FEIN'

2024-01-14 16:14:12 - [TEST_STEP][PASSED] - setEncryptedText(findTestObject("Object Repository/RAD_RecordAndPlay/input_Existing_RetypeFEIN"), ""): Text ****** has been set on object 'Object Repository/RAD_RecordAndPlay/input_Existing_RetypeFEIN'

2024-01-14 16:14:12 - [MESSAGE][PASSED] - Text ****** has been set on object 'Object Repository/RAD_RecordAndPlay/input_Existing_RetypeFEIN'

2024-01-14 16:14:12 - [TEST_STEP][PASSED] - break: null

2024-01-14 16:14:12 - [TEST_STEP][PASSED] - if (feinSsn.equalsIgnoreCase("Y")): null

2024-01-14 16:14:12 - [TEST_STEP][PASSED] - else: null

2024-01-14 16:14:12 - [TEST_STEP][PASSED] - if (verifyTextPresent("Please enter a valid FEIN with 9 digits.", true)): null

2024-01-14 16:14:13 - [MESSAGE][PASSED] - Text 'Please enter a valid FEIN with 9 digits.' is present on page  using regular expression

2024-01-14 16:14:13 - [TEST_STEP][PASSED] - println("Error Message is present on the page"): null

2024-01-14 16:14:13 - [TEST_STEP][PASSED] - out.println("Pass Record Number: " + row): null

2024-01-14 16:14:13 - [TEST_STEP][PASSED] - resText = "Pass": null

2024-01-14 16:14:13 - [TEST_STEP][PASSED] - pages.WriteExcel.demoKey(resText, datText, resColumn, datCloumn, fileLoc, nameSheet, row): pages.WriteExcel.demoKey is PASSED

2024-01-14 16:14:13 - [MESSAGE][PASSED] - pages.WriteExcel.demoKey is PASSED

2024-01-14 16:14:13 - [TEST_STEP][PASSED] - ExecuteTC = findTestData(dataFile).getValue("Execute", row): null

2024-01-14 16:14:13 - [TEST_STEP][PASSED] - Taxtype = findTestData(dataFile).getValue("TaxType", row): null

2024-01-14 16:14:13 - [TEST_STEP][PASSED] - Paymenttype = findTestData(dataFile).getValue("PaymentType", row): null

2024-01-14 16:14:13 - [TEST_STEP][PASSED] - feinSsn = findTestData(dataFile).getValue("FEINSSN", row): null

2024-01-14 16:14:13 - [TEST_STEP][PASSED] - out.println("Value of Execute is : " + ExecuteTC): null

2024-01-14 16:14:13 - [TEST_STEP][PASSED] - if (ExecuteTC.equalsIgnoreCase("Y")): null

2024-01-14 16:14:13 - [TEST_STEP][PASSED] - out.println("Begin Record Number: " + row): null

2024-01-14 16:14:13 - [TEST_STEP][PASSED] - today = new java.util.Date(): null

2024-01-14 16:14:13 - [TEST_STEP][PASSED] - println(today): null

2024-01-14 16:14:13 - [TEST_STEP][PASSED] - datText = today: null

2024-01-14 16:14:13 - [TEST_STEP][PASSED] - Taxtype = findTestData(dataFile).getValue("TaxType", row): null

2024-01-14 16:14:13 - [TEST_STEP][PASSED] - out.println("Taxtype value is : " + Taxtype): null

2024-01-14 16:14:13 - [TEST_STEP][PASSED] - openBrowser(""): Browser is opened with url: ''

2024-01-14 16:14:13 - [MESSAGE][WARNING] - A browser is already opened. Closing browser and opening a new one

2024-01-14 16:14:14 - [MESSAGE][INFO] - Starting 'Chrome' driver

2024-01-14 16:14:14 - [MESSAGE][INFO] - User set preference: ['acceptInsecureCerts', 'true']

2024-01-14 16:14:14 - [MESSAGE][INFO] - Action delay is set to 0 milliseconds

2024-01-14 16:14:16 - [MESSAGE][PASSED] - Browser is opened with url: ''

2024-01-14 16:14:16 - [TEST_STEP][PASSED] - maximizeWindow(): Current window maximized

2024-01-14 16:14:16 - [MESSAGE][PASSED] - Current window maximized

2024-01-14 16:14:16 - [TEST_STEP][PASSED] - navigateToUrl(RADurl): Navigate to 'https://qa2.velocitypayment.com/client/rad/index.html' successfully

2024-01-14 16:14:17 - [MESSAGE][PASSED] - Navigate to 'https://qa2.velocitypayment.com/client/rad/index.html' successfully

2024-01-14 16:14:17 - [TEST_STEP][PASSED] - orPath_Landing = "Object Repository/RAD_Pages/Landing_Page": null

2024-01-14 16:14:17 - [TEST_STEP][PASSED] - orPath_TaxTypeFilingYear = "Object Repository/RAD_Pages/TaxTypeFilingYear_Page": null

2024-01-14 16:14:17 - [TEST_STEP][PASSED] - orPath_TaxPayer = "Object Repository/RAD_Pages/Taxpayer_Page": null

2024-01-14 16:14:17 - [TEST_STEP][PASSED] - orPath_AddressContact = "Object Repository/RAD_Pages/AddressAndContactInfo_Page": null

2024-01-14 16:14:17 - [TEST_STEP][PASSED] - orPath_FilingStatus = "Object Repository/RAD_Pages/FilingStatus_Page": null

2024-01-14 16:14:17 - [TEST_STEP][PASSED] - orPath_Amount = "Object Repository/RAD_Pages/PaymentAmount_Page": null

2024-01-14 16:14:17 - [TEST_STEP][PASSED] - orPath_TaxInfo = "Object Repository/RAD_Pages/TaxInfo_Page": null

2024-01-14 16:14:17 - [TEST_STEP][PASSED] - orPath_Withholding = "Object Repository/RAD_Pages/Withholding_Page": null

2024-01-14 16:14:17 - [TEST_STEP][PASSED] - orPath_Summary = "Object Repository/RAD_Pages/Summary_Page": null

2024-01-14 16:14:17 - [TEST_STEP][PASSED] - orPath_PaymentReady = "Object Repository/RAD_Pages/PaymentReady_Page": null

2024-01-14 16:14:17 - [TEST_STEP][PASSED] - orPath_PaymentEntry = "Object Repository/RAD_Pages/PaymentEntry_Page": null

2024-01-14 16:14:17 - [TEST_STEP][PASSED] - orPath_PaymentConfirmation = "Object Repository/RAD_Pages/PaymentConfirmation_Page": null

2024-01-14 16:14:17 - [TEST_STEP][PASSED] - orPath_ServiceFeesAccept = "Object Repository/RAD_Pages/ServiceFeeAccept_Page": null

2024-01-14 16:14:17 - [TEST_STEP][PASSED] - selectOptionByLabel(findTestObject(orPath_Landing + "/dd_TaxType"), Paymenttype, false): All options with label 'Existing Liability w/Notice Number' are selected in object 'Object Repository/RAD_Pages/Landing_Page/dd_TaxType' 

2024-01-14 16:14:18 - [MESSAGE][PASSED] - All options with label 'Existing Liability w/Notice Number' are selected in object 'Object Repository/RAD_Pages/Landing_Page/dd_TaxType' 

2024-01-14 16:14:18 - [TEST_STEP][PASSED] - delay(1): Delayed 1 second(s)

2024-01-14 16:14:19 - [MESSAGE][PASSED] - Delayed 1 second(s)

2024-01-14 16:14:19 - [TEST_STEP][PASSED] - switch (Paymenttype): null

2024-01-14 16:14:19 - [TEST_STEP][PASSED] - case "Existing Liability w/Notice Number":: null

2024-01-14 16:14:19 - [TEST_STEP][PASSED] - selectOptionByLabel(findTestObject(orPath_TaxTypeFilingYear + "/select_TaxType_ExistingLiability"), Taxtype, false): All options with label 'Unclaimed Property' are selected in object 'Object Repository/RAD_Pages/TaxTypeFilingYear_Page/select_TaxType_ExistingLiability' 

2024-01-14 16:14:19 - [MESSAGE][PASSED] - All options with label 'Unclaimed Property' are selected in object 'Object Repository/RAD_Pages/TaxTypeFilingYear_Page/select_TaxType_ExistingLiability' 

2024-01-14 16:14:19 - [TEST_STEP][PASSED] - break: null

2024-01-14 16:14:19 - [TEST_STEP][PASSED] - delay(1): Delayed 1 second(s)

2024-01-14 16:14:20 - [MESSAGE][PASSED] - Delayed 1 second(s)

2024-01-14 16:14:20 - [TEST_STEP][PASSED] - switch (Paymenttype): null

2024-01-14 16:14:20 - [TEST_STEP][PASSED] - case "Existing Liability w/Notice Number":: null

2024-01-14 16:14:20 - [TEST_STEP][PASSED] - if (feinSsn.equalsIgnoreCase("Y")): null

2024-01-14 16:14:20 - [TEST_STEP][PASSED] - else: Text ****** has been set on object 'Object Repository/RAD_RecordAndPlay/input_Existing_RetypeFEIN'

2024-01-14 16:14:20 - [TEST_STEP][PASSED] - setEncryptedText(findTestObject("Object Repository/RAD_RecordAndPlay/input_Existing_FEIN"), "iGDxf8hSRT4="): Text ****** has been set on object 'Object Repository/RAD_RecordAndPlay/input_Existing_FEIN'

2024-01-14 16:14:21 - [MESSAGE][PASSED] - Text ****** has been set on object 'Object Repository/RAD_RecordAndPlay/input_Existing_FEIN'

2024-01-14 16:14:21 - [TEST_STEP][PASSED] - setEncryptedText(findTestObject("Object Repository/RAD_RecordAndPlay/input_Existing_RetypeFEIN"), ""): Text ****** has been set on object 'Object Repository/RAD_RecordAndPlay/input_Existing_RetypeFEIN'

2024-01-14 16:14:22 - [MESSAGE][PASSED] - Text ****** has been set on object 'Object Repository/RAD_RecordAndPlay/input_Existing_RetypeFEIN'

2024-01-14 16:14:22 - [TEST_STEP][PASSED] - break: null

2024-01-14 16:14:22 - [TEST_STEP][PASSED] - if (feinSsn.equalsIgnoreCase("Y")): null

2024-01-14 16:14:22 - [TEST_STEP][PASSED] - else: null

2024-01-14 16:14:22 - [TEST_STEP][PASSED] - if (verifyTextPresent("Please enter a valid FEIN with 9 digits.", true)): null

2024-01-14 16:14:22 - [MESSAGE][PASSED] - Text 'Please enter a valid FEIN with 9 digits.' is present on page  using regular expression

2024-01-14 16:14:22 - [TEST_STEP][PASSED] - println("Error Message is present on the page"): null

2024-01-14 16:14:22 - [TEST_STEP][PASSED] - out.println("Pass Record Number: " + row): null

2024-01-14 16:14:22 - [TEST_STEP][PASSED] - resText = "Pass": null

2024-01-14 16:14:22 - [TEST_STEP][PASSED] - pages.WriteExcel.demoKey(resText, datText, resColumn, datCloumn, fileLoc, nameSheet, row): pages.WriteExcel.demoKey is PASSED

2024-01-14 16:14:22 - [MESSAGE][PASSED] - pages.WriteExcel.demoKey is PASSED

2024-01-14 16:14:22 - [TEST_STEP][PASSED] - ExecuteTC = findTestData(dataFile).getValue("Execute", row): null

2024-01-14 16:14:22 - [TEST_STEP][PASSED] - Taxtype = findTestData(dataFile).getValue("TaxType", row): null

2024-01-14 16:14:22 - [TEST_STEP][PASSED] - Paymenttype = findTestData(dataFile).getValue("PaymentType", row): null

2024-01-14 16:14:22 - [TEST_STEP][PASSED] - feinSsn = findTestData(dataFile).getValue("FEINSSN", row): null

2024-01-14 16:14:22 - [TEST_STEP][PASSED] - out.println("Value of Execute is : " + ExecuteTC): null

2024-01-14 16:14:22 - [TEST_STEP][PASSED] - if (ExecuteTC.equalsIgnoreCase("Y")): null

2024-01-14 16:14:22 - [TEST_STEP][PASSED] - out.println("Begin Record Number: " + row): null

2024-01-14 16:14:22 - [TEST_STEP][PASSED] - today = new java.util.Date(): null

2024-01-14 16:14:22 - [TEST_STEP][PASSED] - println(today): null

2024-01-14 16:14:22 - [TEST_STEP][PASSED] - datText = today: null

2024-01-14 16:14:22 - [TEST_STEP][PASSED] - Taxtype = findTestData(dataFile).getValue("TaxType", row): null

2024-01-14 16:14:22 - [TEST_STEP][PASSED] - out.println("Taxtype value is : " + Taxtype): null

2024-01-14 16:14:22 - [TEST_STEP][PASSED] - openBrowser(""): Browser is opened with url: ''

2024-01-14 16:14:22 - [MESSAGE][WARNING] - A browser is already opened. Closing browser and opening a new one

2024-01-14 16:14:23 - [MESSAGE][INFO] - Starting 'Chrome' driver

2024-01-14 16:14:23 - [MESSAGE][INFO] - User set preference: ['acceptInsecureCerts', 'true']

2024-01-14 16:14:23 - [MESSAGE][INFO] - Action delay is set to 0 milliseconds

2024-01-14 16:14:25 - [MESSAGE][PASSED] - Browser is opened with url: ''

2024-01-14 16:14:25 - [TEST_STEP][PASSED] - maximizeWindow(): Current window maximized

2024-01-14 16:14:25 - [MESSAGE][PASSED] - Current window maximized

2024-01-14 16:14:25 - [TEST_STEP][PASSED] - navigateToUrl(RADurl): Navigate to 'https://qa2.velocitypayment.com/client/rad/index.html' successfully

2024-01-14 16:14:26 - [MESSAGE][PASSED] - Navigate to 'https://qa2.velocitypayment.com/client/rad/index.html' successfully

2024-01-14 16:14:26 - [TEST_STEP][PASSED] - orPath_Landing = "Object Repository/RAD_Pages/Landing_Page": null

2024-01-14 16:14:26 - [TEST_STEP][PASSED] - orPath_TaxTypeFilingYear = "Object Repository/RAD_Pages/TaxTypeFilingYear_Page": null

2024-01-14 16:14:26 - [TEST_STEP][PASSED] - orPath_TaxPayer = "Object Repository/RAD_Pages/Taxpayer_Page": null

2024-01-14 16:14:26 - [TEST_STEP][PASSED] - orPath_AddressContact = "Object Repository/RAD_Pages/AddressAndContactInfo_Page": null

2024-01-14 16:14:26 - [TEST_STEP][PASSED] - orPath_FilingStatus = "Object Repository/RAD_Pages/FilingStatus_Page": null

2024-01-14 16:14:26 - [TEST_STEP][PASSED] - orPath_Amount = "Object Repository/RAD_Pages/PaymentAmount_Page": null

2024-01-14 16:14:26 - [TEST_STEP][PASSED] - orPath_TaxInfo = "Object Repository/RAD_Pages/TaxInfo_Page": null

2024-01-14 16:14:26 - [TEST_STEP][PASSED] - orPath_Withholding = "Object Repository/RAD_Pages/Withholding_Page": null

2024-01-14 16:14:26 - [TEST_STEP][PASSED] - orPath_Summary = "Object Repository/RAD_Pages/Summary_Page": null

2024-01-14 16:14:26 - [TEST_STEP][PASSED] - orPath_PaymentReady = "Object Repository/RAD_Pages/PaymentReady_Page": null

2024-01-14 16:14:26 - [TEST_STEP][PASSED] - orPath_PaymentEntry = "Object Repository/RAD_Pages/PaymentEntry_Page": null

2024-01-14 16:14:26 - [TEST_STEP][PASSED] - orPath_PaymentConfirmation = "Object Repository/RAD_Pages/PaymentConfirmation_Page": null

2024-01-14 16:14:26 - [TEST_STEP][PASSED] - orPath_ServiceFeesAccept = "Object Repository/RAD_Pages/ServiceFeeAccept_Page": null

2024-01-14 16:14:26 - [TEST_STEP][PASSED] - selectOptionByLabel(findTestObject(orPath_Landing + "/dd_TaxType"), Paymenttype, false): All options with label 'Existing Liability w/Notice Number' are selected in object 'Object Repository/RAD_Pages/Landing_Page/dd_TaxType' 

2024-01-14 16:14:27 - [MESSAGE][PASSED] - All options with label 'Existing Liability w/Notice Number' are selected in object 'Object Repository/RAD_Pages/Landing_Page/dd_TaxType' 

2024-01-14 16:14:27 - [TEST_STEP][PASSED] - delay(1): Delayed 1 second(s)

2024-01-14 16:14:28 - [MESSAGE][PASSED] - Delayed 1 second(s)

2024-01-14 16:14:28 - [TEST_STEP][PASSED] - switch (Paymenttype): null

2024-01-14 16:14:28 - [TEST_STEP][PASSED] - case "Existing Liability w/Notice Number":: null

2024-01-14 16:14:28 - [TEST_STEP][PASSED] - selectOptionByLabel(findTestObject(orPath_TaxTypeFilingYear + "/select_TaxType_ExistingLiability"), Taxtype, false): All options with label 'IFTA Tax' are selected in object 'Object Repository/RAD_Pages/TaxTypeFilingYear_Page/select_TaxType_ExistingLiability' 

2024-01-14 16:14:29 - [MESSAGE][PASSED] - All options with label 'IFTA Tax' are selected in object 'Object Repository/RAD_Pages/TaxTypeFilingYear_Page/select_TaxType_ExistingLiability' 

2024-01-14 16:14:29 - [TEST_STEP][PASSED] - break: null

2024-01-14 16:14:29 - [TEST_STEP][PASSED] - delay(1): Delayed 1 second(s)

2024-01-14 16:14:30 - [MESSAGE][PASSED] - Delayed 1 second(s)

2024-01-14 16:14:30 - [TEST_STEP][PASSED] - switch (Paymenttype): null

2024-01-14 16:14:30 - [TEST_STEP][PASSED] - case "Existing Liability w/Notice Number":: null

2024-01-14 16:14:30 - [TEST_STEP][PASSED] - if (feinSsn.equalsIgnoreCase("Y")): null

2024-01-14 16:14:30 - [TEST_STEP][PASSED] - else: Text ****** has been set on object 'Object Repository/RAD_RecordAndPlay/input_Existing_RetypeFEIN'

2024-01-14 16:14:30 - [TEST_STEP][PASSED] - setEncryptedText(findTestObject("Object Repository/RAD_RecordAndPlay/input_Existing_FEIN"), "iGDxf8hSRT4="): Text ****** has been set on object 'Object Repository/RAD_RecordAndPlay/input_Existing_FEIN'

2024-01-14 16:14:30 - [MESSAGE][PASSED] - Text ****** has been set on object 'Object Repository/RAD_RecordAndPlay/input_Existing_FEIN'

2024-01-14 16:14:30 - [TEST_STEP][PASSED] - setEncryptedText(findTestObject("Object Repository/RAD_RecordAndPlay/input_Existing_RetypeFEIN"), ""): Text ****** has been set on object 'Object Repository/RAD_RecordAndPlay/input_Existing_RetypeFEIN'

2024-01-14 16:14:31 - [MESSAGE][PASSED] - Text ****** has been set on object 'Object Repository/RAD_RecordAndPlay/input_Existing_RetypeFEIN'

2024-01-14 16:14:31 - [TEST_STEP][PASSED] - break: null

2024-01-14 16:14:31 - [TEST_STEP][PASSED] - if (feinSsn.equalsIgnoreCase("Y")): null

2024-01-14 16:14:31 - [TEST_STEP][PASSED] - else: null

2024-01-14 16:14:31 - [TEST_STEP][PASSED] - if (verifyTextPresent("Please enter a valid FEIN with 9 digits.", true)): null

2024-01-14 16:14:32 - [MESSAGE][PASSED] - Text 'Please enter a valid FEIN with 9 digits.' is present on page  using regular expression

2024-01-14 16:14:32 - [TEST_STEP][PASSED] - println("Error Message is present on the page"): null

2024-01-14 16:14:32 - [TEST_STEP][PASSED] - out.println("Pass Record Number: " + row): null

2024-01-14 16:14:32 - [TEST_STEP][PASSED] - resText = "Pass": null

2024-01-14 16:14:32 - [TEST_STEP][PASSED] - pages.WriteExcel.demoKey(resText, datText, resColumn, datCloumn, fileLoc, nameSheet, row): pages.WriteExcel.demoKey is PASSED

2024-01-14 16:14:32 - [MESSAGE][PASSED] - pages.WriteExcel.demoKey is PASSED

2024-01-14 16:14:32 - [TEST_STEP][PASSED] - ExecuteTC = findTestData(dataFile).getValue("Execute", row): null

2024-01-14 16:14:32 - [TEST_STEP][PASSED] - Taxtype = findTestData(dataFile).getValue("TaxType", row): null

2024-01-14 16:14:32 - [TEST_STEP][PASSED] - Paymenttype = findTestData(dataFile).getValue("PaymentType", row): null

2024-01-14 16:14:32 - [TEST_STEP][PASSED] - feinSsn = findTestData(dataFile).getValue("FEINSSN", row): null

2024-01-14 16:14:32 - [TEST_STEP][PASSED] - out.println("Value of Execute is : " + ExecuteTC): null

2024-01-14 16:14:32 - [TEST_STEP][PASSED] - if (ExecuteTC.equalsIgnoreCase("Y")): null

2024-01-14 16:14:32 - [TEST_STEP][PASSED] - out.println("Begin Record Number: " + row): null

2024-01-14 16:14:32 - [TEST_STEP][PASSED] - today = new java.util.Date(): null

2024-01-14 16:14:32 - [TEST_STEP][PASSED] - println(today): null

2024-01-14 16:14:32 - [TEST_STEP][PASSED] - datText = today: null

2024-01-14 16:14:32 - [TEST_STEP][PASSED] - Taxtype = findTestData(dataFile).getValue("TaxType", row): null

2024-01-14 16:14:32 - [TEST_STEP][PASSED] - out.println("Taxtype value is : " + Taxtype): null

2024-01-14 16:14:32 - [TEST_STEP][PASSED] - openBrowser(""): Browser is opened with url: ''

2024-01-14 16:14:32 - [MESSAGE][WARNING] - A browser is already opened. Closing browser and opening a new one

2024-01-14 16:14:33 - [MESSAGE][INFO] - Starting 'Chrome' driver

2024-01-14 16:14:33 - [MESSAGE][INFO] - User set preference: ['acceptInsecureCerts', 'true']

2024-01-14 16:14:33 - [MESSAGE][INFO] - Action delay is set to 0 milliseconds

2024-01-14 16:14:34 - [MESSAGE][PASSED] - Browser is opened with url: ''

2024-01-14 16:14:34 - [TEST_STEP][PASSED] - maximizeWindow(): Current window maximized

2024-01-14 16:14:34 - [MESSAGE][PASSED] - Current window maximized

2024-01-14 16:14:34 - [TEST_STEP][PASSED] - navigateToUrl(RADurl): Navigate to 'https://qa2.velocitypayment.com/client/rad/index.html' successfully

2024-01-14 16:14:35 - [MESSAGE][PASSED] - Navigate to 'https://qa2.velocitypayment.com/client/rad/index.html' successfully

2024-01-14 16:14:35 - [TEST_STEP][PASSED] - orPath_Landing = "Object Repository/RAD_Pages/Landing_Page": null

2024-01-14 16:14:35 - [TEST_STEP][PASSED] - orPath_TaxTypeFilingYear = "Object Repository/RAD_Pages/TaxTypeFilingYear_Page": null

2024-01-14 16:14:35 - [TEST_STEP][PASSED] - orPath_TaxPayer = "Object Repository/RAD_Pages/Taxpayer_Page": null

2024-01-14 16:14:35 - [TEST_STEP][PASSED] - orPath_AddressContact = "Object Repository/RAD_Pages/AddressAndContactInfo_Page": null

2024-01-14 16:14:35 - [TEST_STEP][PASSED] - orPath_FilingStatus = "Object Repository/RAD_Pages/FilingStatus_Page": null

2024-01-14 16:14:35 - [TEST_STEP][PASSED] - orPath_Amount = "Object Repository/RAD_Pages/PaymentAmount_Page": null

2024-01-14 16:14:35 - [TEST_STEP][PASSED] - orPath_TaxInfo = "Object Repository/RAD_Pages/TaxInfo_Page": null

2024-01-14 16:14:35 - [TEST_STEP][PASSED] - orPath_Withholding = "Object Repository/RAD_Pages/Withholding_Page": null

2024-01-14 16:14:35 - [TEST_STEP][PASSED] - orPath_Summary = "Object Repository/RAD_Pages/Summary_Page": null

2024-01-14 16:14:35 - [TEST_STEP][PASSED] - orPath_PaymentReady = "Object Repository/RAD_Pages/PaymentReady_Page": null

2024-01-14 16:14:35 - [TEST_STEP][PASSED] - orPath_PaymentEntry = "Object Repository/RAD_Pages/PaymentEntry_Page": null

2024-01-14 16:14:35 - [TEST_STEP][PASSED] - orPath_PaymentConfirmation = "Object Repository/RAD_Pages/PaymentConfirmation_Page": null

2024-01-14 16:14:35 - [TEST_STEP][PASSED] - orPath_ServiceFeesAccept = "Object Repository/RAD_Pages/ServiceFeeAccept_Page": null

2024-01-14 16:14:35 - [TEST_STEP][PASSED] - selectOptionByLabel(findTestObject(orPath_Landing + "/dd_TaxType"), Paymenttype, false): All options with label 'New Tax Return Amount Due' are selected in object 'Object Repository/RAD_Pages/Landing_Page/dd_TaxType' 

2024-01-14 16:14:36 - [MESSAGE][PASSED] - All options with label 'New Tax Return Amount Due' are selected in object 'Object Repository/RAD_Pages/Landing_Page/dd_TaxType' 

2024-01-14 16:14:36 - [TEST_STEP][PASSED] - delay(1): Delayed 1 second(s)

2024-01-14 16:14:37 - [MESSAGE][PASSED] - Delayed 1 second(s)

2024-01-14 16:14:37 - [TEST_STEP][PASSED] - switch (Paymenttype): null

2024-01-14 16:14:37 - [TEST_STEP][PASSED] - case "New Tax Return Amount Due":: null

2024-01-14 16:14:37 - [TEST_STEP][PASSED] - selectOptionByLabel(findTestObject("Object Repository/RAD_Pages/Landing_Page/select_NewTaxReturnAmountDue_TaxType"), Taxtype, false): All options with label 'Admissions and Amusement Tax' are selected in object 'Object Repository/RAD_Pages/Landing_Page/select_NewTaxReturnAmountDue_TaxType' 

2024-01-14 16:14:38 - [MESSAGE][PASSED] - All options with label 'Admissions and Amusement Tax' are selected in object 'Object Repository/RAD_Pages/Landing_Page/select_NewTaxReturnAmountDue_TaxType' 

2024-01-14 16:14:38 - [TEST_STEP][PASSED] - break: null

2024-01-14 16:14:38 - [TEST_STEP][PASSED] - delay(1): Delayed 1 second(s)

2024-01-14 16:14:39 - [MESSAGE][PASSED] - Delayed 1 second(s)

2024-01-14 16:14:39 - [TEST_STEP][PASSED] - switch (Paymenttype): null

2024-01-14 16:14:39 - [TEST_STEP][PASSED] - case "New Tax Return Amount Due":: null

2024-01-14 16:14:39 - [TEST_STEP][PASSED] - if (feinSsn.equalsIgnoreCase("Y")): null

2024-01-14 16:14:39 - [TEST_STEP][PASSED] - else: Text ****** has been set on object 'Object Repository/RAD_Pages/TaxInfo_Page/input_FederalEIN_ReEnter-2'

2024-01-14 16:14:39 - [TEST_STEP][PASSED] - setEncryptedText(findTestObject(orPath_TaxInfo + "/input_FederalEIN-2"), "iGDxf8hSRT4="): Text ****** has been set on object 'Object Repository/RAD_Pages/TaxInfo_Page/input_FederalEIN-2'

2024-01-14 16:14:40 - [MESSAGE][PASSED] - Text ****** has been set on object 'Object Repository/RAD_Pages/TaxInfo_Page/input_FederalEIN-2'

2024-01-14 16:14:40 - [TEST_STEP][PASSED] - setEncryptedText(findTestObject(orPath_TaxInfo + "/input_FederalEIN_ReEnter-2"), ""): Text ****** has been set on object 'Object Repository/RAD_Pages/TaxInfo_Page/input_FederalEIN_ReEnter-2'

2024-01-14 16:14:40 - [MESSAGE][PASSED] - Text ****** has been set on object 'Object Repository/RAD_Pages/TaxInfo_Page/input_FederalEIN_ReEnter-2'

2024-01-14 16:14:40 - [TEST_STEP][PASSED] - break: null

2024-01-14 16:14:40 - [TEST_STEP][PASSED] - if (feinSsn.equalsIgnoreCase("Y")): null

2024-01-14 16:14:40 - [TEST_STEP][PASSED] - else: null

2024-01-14 16:14:40 - [TEST_STEP][PASSED] - if (verifyTextPresent("Please enter a valid FEIN with 9 digits.", true)): null

2024-01-14 16:14:41 - [MESSAGE][PASSED] - Text 'Please enter a valid FEIN with 9 digits.' is present on page  using regular expression

2024-01-14 16:14:41 - [TEST_STEP][PASSED] - println("Error Message is present on the page"): null

2024-01-14 16:14:41 - [TEST_STEP][PASSED] - out.println("Pass Record Number: " + row): null

2024-01-14 16:14:41 - [TEST_STEP][PASSED] - resText = "Pass": null

2024-01-14 16:14:41 - [TEST_STEP][PASSED] - pages.WriteExcel.demoKey(resText, datText, resColumn, datCloumn, fileLoc, nameSheet, row): pages.WriteExcel.demoKey is PASSED

2024-01-14 16:14:41 - [MESSAGE][PASSED] - pages.WriteExcel.demoKey is PASSED

2024-01-14 16:14:41 - [TEST_STEP][PASSED] - ExecuteTC = findTestData(dataFile).getValue("Execute", row): null

2024-01-14 16:14:41 - [TEST_STEP][PASSED] - Taxtype = findTestData(dataFile).getValue("TaxType", row): null

2024-01-14 16:14:41 - [TEST_STEP][PASSED] - Paymenttype = findTestData(dataFile).getValue("PaymentType", row): null

2024-01-14 16:14:41 - [TEST_STEP][PASSED] - feinSsn = findTestData(dataFile).getValue("FEINSSN", row): null

2024-01-14 16:14:41 - [TEST_STEP][PASSED] - out.println("Value of Execute is : " + ExecuteTC): null

2024-01-14 16:14:41 - [TEST_STEP][PASSED] - if (ExecuteTC.equalsIgnoreCase("Y")): null

2024-01-14 16:14:41 - [TEST_STEP][PASSED] - out.println("Begin Record Number: " + row): null

2024-01-14 16:14:41 - [TEST_STEP][PASSED] - today = new java.util.Date(): null

2024-01-14 16:14:41 - [TEST_STEP][PASSED] - println(today): null

2024-01-14 16:14:41 - [TEST_STEP][PASSED] - datText = today: null

2024-01-14 16:14:41 - [TEST_STEP][PASSED] - Taxtype = findTestData(dataFile).getValue("TaxType", row): null

2024-01-14 16:14:41 - [TEST_STEP][PASSED] - out.println("Taxtype value is : " + Taxtype): null

2024-01-14 16:14:41 - [TEST_STEP][PASSED] - openBrowser(""): Browser is opened with url: ''

2024-01-14 16:14:41 - [MESSAGE][WARNING] - A browser is already opened. Closing browser and opening a new one

2024-01-14 16:14:42 - [MESSAGE][INFO] - Starting 'Chrome' driver

2024-01-14 16:14:42 - [MESSAGE][INFO] - User set preference: ['acceptInsecureCerts', 'true']

2024-01-14 16:14:42 - [MESSAGE][INFO] - Action delay is set to 0 milliseconds

2024-01-14 16:14:44 - [MESSAGE][PASSED] - Browser is opened with url: ''

2024-01-14 16:14:44 - [TEST_STEP][PASSED] - maximizeWindow(): Current window maximized

2024-01-14 16:14:44 - [MESSAGE][PASSED] - Current window maximized

2024-01-14 16:14:44 - [TEST_STEP][PASSED] - navigateToUrl(RADurl): Navigate to 'https://qa2.velocitypayment.com/client/rad/index.html' successfully

2024-01-14 16:14:45 - [MESSAGE][PASSED] - Navigate to 'https://qa2.velocitypayment.com/client/rad/index.html' successfully

2024-01-14 16:14:45 - [TEST_STEP][PASSED] - orPath_Landing = "Object Repository/RAD_Pages/Landing_Page": null

2024-01-14 16:14:45 - [TEST_STEP][PASSED] - orPath_TaxTypeFilingYear = "Object Repository/RAD_Pages/TaxTypeFilingYear_Page": null

2024-01-14 16:14:45 - [TEST_STEP][PASSED] - orPath_TaxPayer = "Object Repository/RAD_Pages/Taxpayer_Page": null

2024-01-14 16:14:45 - [TEST_STEP][PASSED] - orPath_AddressContact = "Object Repository/RAD_Pages/AddressAndContactInfo_Page": null

2024-01-14 16:14:45 - [TEST_STEP][PASSED] - orPath_FilingStatus = "Object Repository/RAD_Pages/FilingStatus_Page": null

2024-01-14 16:14:45 - [TEST_STEP][PASSED] - orPath_Amount = "Object Repository/RAD_Pages/PaymentAmount_Page": null

2024-01-14 16:14:45 - [TEST_STEP][PASSED] - orPath_TaxInfo = "Object Repository/RAD_Pages/TaxInfo_Page": null

2024-01-14 16:14:45 - [TEST_STEP][PASSED] - orPath_Withholding = "Object Repository/RAD_Pages/Withholding_Page": null

2024-01-14 16:14:45 - [TEST_STEP][PASSED] - orPath_Summary = "Object Repository/RAD_Pages/Summary_Page": null

2024-01-14 16:14:45 - [TEST_STEP][PASSED] - orPath_PaymentReady = "Object Repository/RAD_Pages/PaymentReady_Page": null

2024-01-14 16:14:45 - [TEST_STEP][PASSED] - orPath_PaymentEntry = "Object Repository/RAD_Pages/PaymentEntry_Page": null

2024-01-14 16:14:45 - [TEST_STEP][PASSED] - orPath_PaymentConfirmation = "Object Repository/RAD_Pages/PaymentConfirmation_Page": null

2024-01-14 16:14:45 - [TEST_STEP][PASSED] - orPath_ServiceFeesAccept = "Object Repository/RAD_Pages/ServiceFeeAccept_Page": null

2024-01-14 16:14:45 - [TEST_STEP][PASSED] - selectOptionByLabel(findTestObject(orPath_Landing + "/dd_TaxType"), Paymenttype, false): All options with label 'New Tax Return Amount Due' are selected in object 'Object Repository/RAD_Pages/Landing_Page/dd_TaxType' 

2024-01-14 16:14:46 - [MESSAGE][PASSED] - All options with label 'New Tax Return Amount Due' are selected in object 'Object Repository/RAD_Pages/Landing_Page/dd_TaxType' 

2024-01-14 16:14:46 - [TEST_STEP][PASSED] - delay(1): Delayed 1 second(s)

2024-01-14 16:14:47 - [MESSAGE][PASSED] - Delayed 1 second(s)

2024-01-14 16:14:47 - [TEST_STEP][PASSED] - switch (Paymenttype): null

2024-01-14 16:14:47 - [TEST_STEP][PASSED] - case "New Tax Return Amount Due":: null

2024-01-14 16:14:47 - [TEST_STEP][PASSED] - selectOptionByLabel(findTestObject("Object Repository/RAD_Pages/Landing_Page/select_NewTaxReturnAmountDue_TaxType"), Taxtype, false): All options with label 'Alcohol Tax' are selected in object 'Object Repository/RAD_Pages/Landing_Page/select_NewTaxReturnAmountDue_TaxType' 

2024-01-14 16:14:47 - [MESSAGE][PASSED] - All options with label 'Alcohol Tax' are selected in object 'Object Repository/RAD_Pages/Landing_Page/select_NewTaxReturnAmountDue_TaxType' 

2024-01-14 16:14:47 - [TEST_STEP][PASSED] - break: null

2024-01-14 16:14:47 - [TEST_STEP][PASSED] - delay(1): Delayed 1 second(s)

2024-01-14 16:14:48 - [MESSAGE][PASSED] - Delayed 1 second(s)

2024-01-14 16:14:48 - [TEST_STEP][PASSED] - switch (Paymenttype): null

2024-01-14 16:14:48 - [TEST_STEP][PASSED] - case "New Tax Return Amount Due":: null

2024-01-14 16:14:48 - [TEST_STEP][PASSED] - if (feinSsn.equalsIgnoreCase("Y")): null

2024-01-14 16:14:48 - [TEST_STEP][PASSED] - else: Text ****** has been set on object 'Object Repository/RAD_Pages/TaxInfo_Page/input_FederalEIN_ReEnter-2'

2024-01-14 16:14:48 - [TEST_STEP][PASSED] - setEncryptedText(findTestObject(orPath_TaxInfo + "/input_FederalEIN-2"), "iGDxf8hSRT4="): Text ****** has been set on object 'Object Repository/RAD_Pages/TaxInfo_Page/input_FederalEIN-2'

2024-01-14 16:14:49 - [MESSAGE][PASSED] - Text ****** has been set on object 'Object Repository/RAD_Pages/TaxInfo_Page/input_FederalEIN-2'

2024-01-14 16:14:49 - [TEST_STEP][PASSED] - setEncryptedText(findTestObject(orPath_TaxInfo + "/input_FederalEIN_ReEnter-2"), ""): Text ****** has been set on object 'Object Repository/RAD_Pages/TaxInfo_Page/input_FederalEIN_ReEnter-2'

2024-01-14 16:14:50 - [MESSAGE][PASSED] - Text ****** has been set on object 'Object Repository/RAD_Pages/TaxInfo_Page/input_FederalEIN_ReEnter-2'

2024-01-14 16:14:50 - [TEST_STEP][PASSED] - break: null

2024-01-14 16:14:50 - [TEST_STEP][PASSED] - if (feinSsn.equalsIgnoreCase("Y")): null

2024-01-14 16:14:50 - [TEST_STEP][PASSED] - else: null

2024-01-14 16:14:50 - [TEST_STEP][PASSED] - if (verifyTextPresent("Please enter a valid FEIN with 9 digits.", true)): null

2024-01-14 16:14:50 - [MESSAGE][PASSED] - Text 'Please enter a valid FEIN with 9 digits.' is present on page  using regular expression

2024-01-14 16:14:50 - [TEST_STEP][PASSED] - println("Error Message is present on the page"): null

2024-01-14 16:14:50 - [TEST_STEP][PASSED] - out.println("Pass Record Number: " + row): null

2024-01-14 16:14:50 - [TEST_STEP][PASSED] - resText = "Pass": null

2024-01-14 16:14:50 - [TEST_STEP][PASSED] - pages.WriteExcel.demoKey(resText, datText, resColumn, datCloumn, fileLoc, nameSheet, row): pages.WriteExcel.demoKey is PASSED

2024-01-14 16:14:50 - [MESSAGE][PASSED] - pages.WriteExcel.demoKey is PASSED

2024-01-14 16:14:50 - [TEST_STEP][PASSED] - ExecuteTC = findTestData(dataFile).getValue("Execute", row): null

2024-01-14 16:14:50 - [TEST_STEP][PASSED] - Taxtype = findTestData(dataFile).getValue("TaxType", row): null

2024-01-14 16:14:50 - [TEST_STEP][PASSED] - Paymenttype = findTestData(dataFile).getValue("PaymentType", row): null

2024-01-14 16:14:50 - [TEST_STEP][PASSED] - feinSsn = findTestData(dataFile).getValue("FEINSSN", row): null

2024-01-14 16:14:50 - [TEST_STEP][PASSED] - out.println("Value of Execute is : " + ExecuteTC): null

2024-01-14 16:14:50 - [TEST_STEP][PASSED] - if (ExecuteTC.equalsIgnoreCase("Y")): null

2024-01-14 16:14:50 - [TEST_STEP][PASSED] - out.println("Begin Record Number: " + row): null

2024-01-14 16:14:50 - [TEST_STEP][PASSED] - today = new java.util.Date(): null

2024-01-14 16:14:50 - [TEST_STEP][PASSED] - println(today): null

2024-01-14 16:14:50 - [TEST_STEP][PASSED] - datText = today: null

2024-01-14 16:14:50 - [TEST_STEP][PASSED] - Taxtype = findTestData(dataFile).getValue("TaxType", row): null

2024-01-14 16:14:50 - [TEST_STEP][PASSED] - out.println("Taxtype value is : " + Taxtype): null

2024-01-14 16:14:50 - [TEST_STEP][PASSED] - openBrowser(""): Browser is opened with url: ''

2024-01-14 16:14:50 - [MESSAGE][WARNING] - A browser is already opened. Closing browser and opening a new one

2024-01-14 16:14:51 - [MESSAGE][INFO] - Starting 'Chrome' driver

2024-01-14 16:14:51 - [MESSAGE][INFO] - User set preference: ['acceptInsecureCerts', 'true']

2024-01-14 16:14:51 - [MESSAGE][INFO] - Action delay is set to 0 milliseconds

2024-01-14 16:14:53 - [MESSAGE][PASSED] - Browser is opened with url: ''

2024-01-14 16:14:53 - [TEST_STEP][PASSED] - maximizeWindow(): Current window maximized

2024-01-14 16:14:53 - [MESSAGE][PASSED] - Current window maximized

2024-01-14 16:14:53 - [TEST_STEP][PASSED] - navigateToUrl(RADurl): Navigate to 'https://qa2.velocitypayment.com/client/rad/index.html' successfully

2024-01-14 16:14:53 - [MESSAGE][PASSED] - Navigate to 'https://qa2.velocitypayment.com/client/rad/index.html' successfully

2024-01-14 16:14:53 - [TEST_STEP][PASSED] - orPath_Landing = "Object Repository/RAD_Pages/Landing_Page": null

2024-01-14 16:14:53 - [TEST_STEP][PASSED] - orPath_TaxTypeFilingYear = "Object Repository/RAD_Pages/TaxTypeFilingYear_Page": null

2024-01-14 16:14:53 - [TEST_STEP][PASSED] - orPath_TaxPayer = "Object Repository/RAD_Pages/Taxpayer_Page": null

2024-01-14 16:14:53 - [TEST_STEP][PASSED] - orPath_AddressContact = "Object Repository/RAD_Pages/AddressAndContactInfo_Page": null

2024-01-14 16:14:53 - [TEST_STEP][PASSED] - orPath_FilingStatus = "Object Repository/RAD_Pages/FilingStatus_Page": null

2024-01-14 16:14:53 - [TEST_STEP][PASSED] - orPath_Amount = "Object Repository/RAD_Pages/PaymentAmount_Page": null

2024-01-14 16:14:53 - [TEST_STEP][PASSED] - orPath_TaxInfo = "Object Repository/RAD_Pages/TaxInfo_Page": null

2024-01-14 16:14:53 - [TEST_STEP][PASSED] - orPath_Withholding = "Object Repository/RAD_Pages/Withholding_Page": null

2024-01-14 16:14:53 - [TEST_STEP][PASSED] - orPath_Summary = "Object Repository/RAD_Pages/Summary_Page": null

2024-01-14 16:14:53 - [TEST_STEP][PASSED] - orPath_PaymentReady = "Object Repository/RAD_Pages/PaymentReady_Page": null

2024-01-14 16:14:53 - [TEST_STEP][PASSED] - orPath_PaymentEntry = "Object Repository/RAD_Pages/PaymentEntry_Page": null

2024-01-14 16:14:53 - [TEST_STEP][PASSED] - orPath_PaymentConfirmation = "Object Repository/RAD_Pages/PaymentConfirmation_Page": null

2024-01-14 16:14:53 - [TEST_STEP][PASSED] - orPath_ServiceFeesAccept = "Object Repository/RAD_Pages/ServiceFeeAccept_Page": null

2024-01-14 16:14:53 - [TEST_STEP][PASSED] - selectOptionByLabel(findTestObject(orPath_Landing + "/dd_TaxType"), Paymenttype, false): All options with label 'New Tax Return Amount Due' are selected in object 'Object Repository/RAD_Pages/Landing_Page/dd_TaxType' 

2024-01-14 16:14:55 - [MESSAGE][PASSED] - All options with label 'New Tax Return Amount Due' are selected in object 'Object Repository/RAD_Pages/Landing_Page/dd_TaxType' 

2024-01-14 16:14:55 - [TEST_STEP][PASSED] - delay(1): Delayed 1 second(s)

2024-01-14 16:14:56 - [MESSAGE][PASSED] - Delayed 1 second(s)

2024-01-14 16:14:56 - [TEST_STEP][PASSED] - switch (Paymenttype): null

2024-01-14 16:14:56 - [TEST_STEP][PASSED] - case "New Tax Return Amount Due":: null

2024-01-14 16:14:56 - [TEST_STEP][PASSED] - selectOptionByLabel(findTestObject("Object Repository/RAD_Pages/Landing_Page/select_NewTaxReturnAmountDue_TaxType"), Taxtype, false): All options with label 'Bay Restoration Fee' are selected in object 'Object Repository/RAD_Pages/Landing_Page/select_NewTaxReturnAmountDue_TaxType' 

2024-01-14 16:14:57 - [MESSAGE][PASSED] - All options with label 'Bay Restoration Fee' are selected in object 'Object Repository/RAD_Pages/Landing_Page/select_NewTaxReturnAmountDue_TaxType' 

2024-01-14 16:14:57 - [TEST_STEP][PASSED] - break: null

2024-01-14 16:14:57 - [TEST_STEP][PASSED] - delay(1): Delayed 1 second(s)

2024-01-14 16:14:58 - [MESSAGE][PASSED] - Delayed 1 second(s)

2024-01-14 16:14:58 - [TEST_STEP][PASSED] - switch (Paymenttype): null

2024-01-14 16:14:58 - [TEST_STEP][PASSED] - case "New Tax Return Amount Due":: null

2024-01-14 16:14:58 - [TEST_STEP][PASSED] - if (feinSsn.equalsIgnoreCase("Y")): null

2024-01-14 16:14:58 - [TEST_STEP][PASSED] - else: Text ****** has been set on object 'Object Repository/RAD_Pages/TaxInfo_Page/input_FederalEIN_ReEnter-2'

2024-01-14 16:14:58 - [TEST_STEP][PASSED] - setEncryptedText(findTestObject(orPath_TaxInfo + "/input_FederalEIN-2"), "iGDxf8hSRT4="): Text ****** has been set on object 'Object Repository/RAD_Pages/TaxInfo_Page/input_FederalEIN-2'

2024-01-14 16:14:58 - [MESSAGE][PASSED] - Text ****** has been set on object 'Object Repository/RAD_Pages/TaxInfo_Page/input_FederalEIN-2'

2024-01-14 16:14:58 - [TEST_STEP][PASSED] - setEncryptedText(findTestObject(orPath_TaxInfo + "/input_FederalEIN_ReEnter-2"), ""): Text ****** has been set on object 'Object Repository/RAD_Pages/TaxInfo_Page/input_FederalEIN_ReEnter-2'

2024-01-14 16:14:59 - [MESSAGE][PASSED] - Text ****** has been set on object 'Object Repository/RAD_Pages/TaxInfo_Page/input_FederalEIN_ReEnter-2'

2024-01-14 16:14:59 - [TEST_STEP][PASSED] - break: null

2024-01-14 16:14:59 - [TEST_STEP][PASSED] - if (feinSsn.equalsIgnoreCase("Y")): null

2024-01-14 16:14:59 - [TEST_STEP][PASSED] - else: null

2024-01-14 16:14:59 - [TEST_STEP][PASSED] - if (verifyTextPresent("Please enter a valid FEIN with 9 digits.", true)): null

2024-01-14 16:15:00 - [MESSAGE][PASSED] - Text 'Please enter a valid FEIN with 9 digits.' is present on page  using regular expression

2024-01-14 16:15:00 - [TEST_STEP][PASSED] - println("Error Message is present on the page"): null

2024-01-14 16:15:00 - [TEST_STEP][PASSED] - out.println("Pass Record Number: " + row): null

2024-01-14 16:15:00 - [TEST_STEP][PASSED] - resText = "Pass": null

2024-01-14 16:15:00 - [TEST_STEP][PASSED] - pages.WriteExcel.demoKey(resText, datText, resColumn, datCloumn, fileLoc, nameSheet, row): pages.WriteExcel.demoKey is PASSED

2024-01-14 16:15:00 - [MESSAGE][PASSED] - pages.WriteExcel.demoKey is PASSED

2024-01-14 16:15:00 - [TEST_STEP][PASSED] - ExecuteTC = findTestData(dataFile).getValue("Execute", row): null

2024-01-14 16:15:00 - [TEST_STEP][PASSED] - Taxtype = findTestData(dataFile).getValue("TaxType", row): null

2024-01-14 16:15:00 - [TEST_STEP][PASSED] - Paymenttype = findTestData(dataFile).getValue("PaymentType", row): null

2024-01-14 16:15:00 - [TEST_STEP][PASSED] - feinSsn = findTestData(dataFile).getValue("FEINSSN", row): null

2024-01-14 16:15:00 - [TEST_STEP][PASSED] - out.println("Value of Execute is : " + ExecuteTC): null

2024-01-14 16:15:00 - [TEST_STEP][PASSED] - if (ExecuteTC.equalsIgnoreCase("Y")): null

2024-01-14 16:15:00 - [TEST_STEP][PASSED] - out.println("Begin Record Number: " + row): null

2024-01-14 16:15:00 - [TEST_STEP][PASSED] - today = new java.util.Date(): null

2024-01-14 16:15:00 - [TEST_STEP][PASSED] - println(today): null

2024-01-14 16:15:00 - [TEST_STEP][PASSED] - datText = today: null

2024-01-14 16:15:00 - [TEST_STEP][PASSED] - Taxtype = findTestData(dataFile).getValue("TaxType", row): null

2024-01-14 16:15:00 - [TEST_STEP][PASSED] - out.println("Taxtype value is : " + Taxtype): null

2024-01-14 16:15:00 - [TEST_STEP][PASSED] - openBrowser(""): Browser is opened with url: ''

2024-01-14 16:15:00 - [MESSAGE][WARNING] - A browser is already opened. Closing browser and opening a new one

2024-01-14 16:15:01 - [MESSAGE][INFO] - Starting 'Chrome' driver

2024-01-14 16:15:01 - [MESSAGE][INFO] - User set preference: ['acceptInsecureCerts', 'true']

2024-01-14 16:15:01 - [MESSAGE][INFO] - Action delay is set to 0 milliseconds

2024-01-14 16:15:02 - [MESSAGE][PASSED] - Browser is opened with url: ''

2024-01-14 16:15:02 - [TEST_STEP][PASSED] - maximizeWindow(): Current window maximized

2024-01-14 16:15:02 - [MESSAGE][PASSED] - Current window maximized

2024-01-14 16:15:02 - [TEST_STEP][PASSED] - navigateToUrl(RADurl): Navigate to 'https://qa2.velocitypayment.com/client/rad/index.html' successfully

2024-01-14 16:15:04 - [MESSAGE][PASSED] - Navigate to 'https://qa2.velocitypayment.com/client/rad/index.html' successfully

2024-01-14 16:15:04 - [TEST_STEP][PASSED] - orPath_Landing = "Object Repository/RAD_Pages/Landing_Page": null

2024-01-14 16:15:04 - [TEST_STEP][PASSED] - orPath_TaxTypeFilingYear = "Object Repository/RAD_Pages/TaxTypeFilingYear_Page": null

2024-01-14 16:15:04 - [TEST_STEP][PASSED] - orPath_TaxPayer = "Object Repository/RAD_Pages/Taxpayer_Page": null

2024-01-14 16:15:04 - [TEST_STEP][PASSED] - orPath_AddressContact = "Object Repository/RAD_Pages/AddressAndContactInfo_Page": null

2024-01-14 16:15:04 - [TEST_STEP][PASSED] - orPath_FilingStatus = "Object Repository/RAD_Pages/FilingStatus_Page": null

2024-01-14 16:15:04 - [TEST_STEP][PASSED] - orPath_Amount = "Object Repository/RAD_Pages/PaymentAmount_Page": null

2024-01-14 16:15:04 - [TEST_STEP][PASSED] - orPath_TaxInfo = "Object Repository/RAD_Pages/TaxInfo_Page": null

2024-01-14 16:15:04 - [TEST_STEP][PASSED] - orPath_Withholding = "Object Repository/RAD_Pages/Withholding_Page": null

2024-01-14 16:15:04 - [TEST_STEP][PASSED] - orPath_Summary = "Object Repository/RAD_Pages/Summary_Page": null

2024-01-14 16:15:04 - [TEST_STEP][PASSED] - orPath_PaymentReady = "Object Repository/RAD_Pages/PaymentReady_Page": null

2024-01-14 16:15:04 - [TEST_STEP][PASSED] - orPath_PaymentEntry = "Object Repository/RAD_Pages/PaymentEntry_Page": null

2024-01-14 16:15:04 - [TEST_STEP][PASSED] - orPath_PaymentConfirmation = "Object Repository/RAD_Pages/PaymentConfirmation_Page": null

2024-01-14 16:15:04 - [TEST_STEP][PASSED] - orPath_ServiceFeesAccept = "Object Repository/RAD_Pages/ServiceFeeAccept_Page": null

2024-01-14 16:15:04 - [TEST_STEP][PASSED] - selectOptionByLabel(findTestObject(orPath_Landing + "/dd_TaxType"), Paymenttype, false): All options with label 'New Tax Return Amount Due' are selected in object 'Object Repository/RAD_Pages/Landing_Page/dd_TaxType' 

2024-01-14 16:15:05 - [MESSAGE][PASSED] - All options with label 'New Tax Return Amount Due' are selected in object 'Object Repository/RAD_Pages/Landing_Page/dd_TaxType' 

2024-01-14 16:15:05 - [TEST_STEP][PASSED] - delay(1): Delayed 1 second(s)

2024-01-14 16:15:06 - [MESSAGE][PASSED] - Delayed 1 second(s)

2024-01-14 16:15:06 - [TEST_STEP][PASSED] - switch (Paymenttype): null

2024-01-14 16:15:06 - [TEST_STEP][PASSED] - case "New Tax Return Amount Due":: null

2024-01-14 16:15:06 - [TEST_STEP][PASSED] - selectOptionByLabel(findTestObject("Object Repository/RAD_Pages/Landing_Page/select_NewTaxReturnAmountDue_TaxType"), Taxtype, false): All options with label 'Corporate Income Tax' are selected in object 'Object Repository/RAD_Pages/Landing_Page/select_NewTaxReturnAmountDue_TaxType' 

2024-01-14 16:15:06 - [MESSAGE][PASSED] - All options with label 'Corporate Income Tax' are selected in object 'Object Repository/RAD_Pages/Landing_Page/select_NewTaxReturnAmountDue_TaxType' 

2024-01-14 16:15:06 - [TEST_STEP][PASSED] - break: null

2024-01-14 16:15:06 - [TEST_STEP][PASSED] - delay(1): Delayed 1 second(s)

2024-01-14 16:15:07 - [MESSAGE][PASSED] - Delayed 1 second(s)

2024-01-14 16:15:07 - [TEST_STEP][PASSED] - switch (Paymenttype): null

2024-01-14 16:15:07 - [TEST_STEP][PASSED] - case "New Tax Return Amount Due":: null

2024-01-14 16:15:07 - [TEST_STEP][PASSED] - if (feinSsn.equalsIgnoreCase("Y")): null

2024-01-14 16:15:07 - [TEST_STEP][PASSED] - else: Text ****** has been set on object 'Object Repository/RAD_Pages/TaxInfo_Page/input_FederalEIN_ReEnter-2'

2024-01-14 16:15:07 - [TEST_STEP][PASSED] - setEncryptedText(findTestObject(orPath_TaxInfo + "/input_FederalEIN-2"), "iGDxf8hSRT4="): Text ****** has been set on object 'Object Repository/RAD_Pages/TaxInfo_Page/input_FederalEIN-2'

2024-01-14 16:15:08 - [MESSAGE][PASSED] - Text ****** has been set on object 'Object Repository/RAD_Pages/TaxInfo_Page/input_FederalEIN-2'

2024-01-14 16:15:08 - [TEST_STEP][PASSED] - setEncryptedText(findTestObject(orPath_TaxInfo + "/input_FederalEIN_ReEnter-2"), ""): Text ****** has been set on object 'Object Repository/RAD_Pages/TaxInfo_Page/input_FederalEIN_ReEnter-2'

2024-01-14 16:15:08 - [MESSAGE][PASSED] - Text ****** has been set on object 'Object Repository/RAD_Pages/TaxInfo_Page/input_FederalEIN_ReEnter-2'

2024-01-14 16:15:08 - [TEST_STEP][PASSED] - break: null

2024-01-14 16:15:08 - [TEST_STEP][PASSED] - if (feinSsn.equalsIgnoreCase("Y")): null

2024-01-14 16:15:08 - [TEST_STEP][PASSED] - else: null

2024-01-14 16:15:08 - [TEST_STEP][PASSED] - if (verifyTextPresent("Please enter a valid FEIN with 9 digits.", true)): null

2024-01-14 16:15:09 - [MESSAGE][PASSED] - Text 'Please enter a valid FEIN with 9 digits.' is present on page  using regular expression

2024-01-14 16:15:09 - [TEST_STEP][PASSED] - println("Error Message is present on the page"): null

2024-01-14 16:15:09 - [TEST_STEP][PASSED] - out.println("Pass Record Number: " + row): null

2024-01-14 16:15:09 - [TEST_STEP][PASSED] - resText = "Pass": null

2024-01-14 16:15:09 - [TEST_STEP][PASSED] - pages.WriteExcel.demoKey(resText, datText, resColumn, datCloumn, fileLoc, nameSheet, row): pages.WriteExcel.demoKey is PASSED

2024-01-14 16:15:09 - [MESSAGE][PASSED] - pages.WriteExcel.demoKey is PASSED

2024-01-14 16:15:09 - [TEST_STEP][PASSED] - ExecuteTC = findTestData(dataFile).getValue("Execute", row): null

2024-01-14 16:15:09 - [TEST_STEP][PASSED] - Taxtype = findTestData(dataFile).getValue("TaxType", row): null

2024-01-14 16:15:09 - [TEST_STEP][PASSED] - Paymenttype = findTestData(dataFile).getValue("PaymentType", row): null

2024-01-14 16:15:09 - [TEST_STEP][PASSED] - feinSsn = findTestData(dataFile).getValue("FEINSSN", row): null

2024-01-14 16:15:09 - [TEST_STEP][PASSED] - out.println("Value of Execute is : " + ExecuteTC): null

2024-01-14 16:15:09 - [TEST_STEP][PASSED] - if (ExecuteTC.equalsIgnoreCase("Y")): null

2024-01-14 16:15:09 - [TEST_STEP][PASSED] - out.println("Begin Record Number: " + row): null

2024-01-14 16:15:09 - [TEST_STEP][PASSED] - today = new java.util.Date(): null

2024-01-14 16:15:09 - [TEST_STEP][PASSED] - println(today): null

2024-01-14 16:15:09 - [TEST_STEP][PASSED] - datText = today: null

2024-01-14 16:15:09 - [TEST_STEP][PASSED] - Taxtype = findTestData(dataFile).getValue("TaxType", row): null

2024-01-14 16:15:09 - [TEST_STEP][PASSED] - out.println("Taxtype value is : " + Taxtype): null

2024-01-14 16:15:09 - [TEST_STEP][PASSED] - openBrowser(""): Browser is opened with url: ''

2024-01-14 16:15:09 - [MESSAGE][WARNING] - A browser is already opened. Closing browser and opening a new one

2024-01-14 16:15:10 - [MESSAGE][INFO] - Starting 'Chrome' driver

2024-01-14 16:15:10 - [MESSAGE][INFO] - User set preference: ['acceptInsecureCerts', 'true']

2024-01-14 16:15:10 - [MESSAGE][INFO] - Action delay is set to 0 milliseconds

2024-01-14 16:15:12 - [MESSAGE][PASSED] - Browser is opened with url: ''

2024-01-14 16:15:12 - [TEST_STEP][PASSED] - maximizeWindow(): Current window maximized

2024-01-14 16:15:12 - [MESSAGE][PASSED] - Current window maximized

2024-01-14 16:15:12 - [TEST_STEP][PASSED] - navigateToUrl(RADurl): Navigate to 'https://qa2.velocitypayment.com/client/rad/index.html' successfully

2024-01-14 16:15:13 - [MESSAGE][PASSED] - Navigate to 'https://qa2.velocitypayment.com/client/rad/index.html' successfully

2024-01-14 16:15:13 - [TEST_STEP][PASSED] - orPath_Landing = "Object Repository/RAD_Pages/Landing_Page": null

2024-01-14 16:15:13 - [TEST_STEP][PASSED] - orPath_TaxTypeFilingYear = "Object Repository/RAD_Pages/TaxTypeFilingYear_Page": null

2024-01-14 16:15:13 - [TEST_STEP][PASSED] - orPath_TaxPayer = "Object Repository/RAD_Pages/Taxpayer_Page": null

2024-01-14 16:15:13 - [TEST_STEP][PASSED] - orPath_AddressContact = "Object Repository/RAD_Pages/AddressAndContactInfo_Page": null

2024-01-14 16:15:13 - [TEST_STEP][PASSED] - orPath_FilingStatus = "Object Repository/RAD_Pages/FilingStatus_Page": null

2024-01-14 16:15:13 - [TEST_STEP][PASSED] - orPath_Amount = "Object Repository/RAD_Pages/PaymentAmount_Page": null

2024-01-14 16:15:13 - [TEST_STEP][PASSED] - orPath_TaxInfo = "Object Repository/RAD_Pages/TaxInfo_Page": null

2024-01-14 16:15:13 - [TEST_STEP][PASSED] - orPath_Withholding = "Object Repository/RAD_Pages/Withholding_Page": null

2024-01-14 16:15:13 - [TEST_STEP][PASSED] - orPath_Summary = "Object Repository/RAD_Pages/Summary_Page": null

2024-01-14 16:15:13 - [TEST_STEP][PASSED] - orPath_PaymentReady = "Object Repository/RAD_Pages/PaymentReady_Page": null

2024-01-14 16:15:13 - [TEST_STEP][PASSED] - orPath_PaymentEntry = "Object Repository/RAD_Pages/PaymentEntry_Page": null

2024-01-14 16:15:13 - [TEST_STEP][PASSED] - orPath_PaymentConfirmation = "Object Repository/RAD_Pages/PaymentConfirmation_Page": null

2024-01-14 16:15:13 - [TEST_STEP][PASSED] - orPath_ServiceFeesAccept = "Object Repository/RAD_Pages/ServiceFeeAccept_Page": null

2024-01-14 16:15:13 - [TEST_STEP][PASSED] - selectOptionByLabel(findTestObject(orPath_Landing + "/dd_TaxType"), Paymenttype, false): All options with label 'New Tax Return Amount Due' are selected in object 'Object Repository/RAD_Pages/Landing_Page/dd_TaxType' 

2024-01-14 16:15:14 - [MESSAGE][PASSED] - All options with label 'New Tax Return Amount Due' are selected in object 'Object Repository/RAD_Pages/Landing_Page/dd_TaxType' 

2024-01-14 16:15:14 - [TEST_STEP][PASSED] - delay(1): Delayed 1 second(s)

2024-01-14 16:15:15 - [MESSAGE][PASSED] - Delayed 1 second(s)

2024-01-14 16:15:15 - [TEST_STEP][PASSED] - switch (Paymenttype): null

2024-01-14 16:15:15 - [TEST_STEP][PASSED] - case "New Tax Return Amount Due":: null

2024-01-14 16:15:15 - [TEST_STEP][PASSED] - selectOptionByLabel(findTestObject("Object Repository/RAD_Pages/Landing_Page/select_NewTaxReturnAmountDue_TaxType"), Taxtype, false): All options with label 'Motor Fuel Tax' are selected in object 'Object Repository/RAD_Pages/Landing_Page/select_NewTaxReturnAmountDue_TaxType' 

2024-01-14 16:15:16 - [MESSAGE][PASSED] - All options with label 'Motor Fuel Tax' are selected in object 'Object Repository/RAD_Pages/Landing_Page/select_NewTaxReturnAmountDue_TaxType' 

2024-01-14 16:15:16 - [TEST_STEP][PASSED] - break: null

2024-01-14 16:15:16 - [TEST_STEP][PASSED] - delay(1): Delayed 1 second(s)

2024-01-14 16:15:17 - [MESSAGE][PASSED] - Delayed 1 second(s)

2024-01-14 16:15:17 - [TEST_STEP][PASSED] - switch (Paymenttype): null

2024-01-14 16:15:17 - [TEST_STEP][PASSED] - case "New Tax Return Amount Due":: null

2024-01-14 16:15:17 - [TEST_STEP][PASSED] - if (feinSsn.equalsIgnoreCase("Y")): null

2024-01-14 16:15:17 - [TEST_STEP][PASSED] - else: Text ****** has been set on object 'Object Repository/RAD_Pages/TaxInfo_Page/input_FederalEIN_ReEnter-2'

2024-01-14 16:15:17 - [TEST_STEP][PASSED] - setEncryptedText(findTestObject(orPath_TaxInfo + "/input_FederalEIN-2"), "iGDxf8hSRT4="): Text ****** has been set on object 'Object Repository/RAD_Pages/TaxInfo_Page/input_FederalEIN-2'

2024-01-14 16:15:17 - [MESSAGE][PASSED] - Text ****** has been set on object 'Object Repository/RAD_Pages/TaxInfo_Page/input_FederalEIN-2'

2024-01-14 16:15:17 - [TEST_STEP][PASSED] - setEncryptedText(findTestObject(orPath_TaxInfo + "/input_FederalEIN_ReEnter-2"), ""): Text ****** has been set on object 'Object Repository/RAD_Pages/TaxInfo_Page/input_FederalEIN_ReEnter-2'

2024-01-14 16:15:18 - [MESSAGE][PASSED] - Text ****** has been set on object 'Object Repository/RAD_Pages/TaxInfo_Page/input_FederalEIN_ReEnter-2'

2024-01-14 16:15:18 - [TEST_STEP][PASSED] - break: null

2024-01-14 16:15:18 - [TEST_STEP][PASSED] - if (feinSsn.equalsIgnoreCase("Y")): null

2024-01-14 16:15:18 - [TEST_STEP][PASSED] - else: null

2024-01-14 16:15:18 - [TEST_STEP][PASSED] - if (verifyTextPresent("Please enter a valid FEIN with 9 digits.", true)): null

2024-01-14 16:15:18 - [MESSAGE][PASSED] - Text 'Please enter a valid FEIN with 9 digits.' is present on page  using regular expression

2024-01-14 16:15:18 - [TEST_STEP][PASSED] - println("Error Message is present on the page"): null

2024-01-14 16:15:18 - [TEST_STEP][PASSED] - out.println("Pass Record Number: " + row): null

2024-01-14 16:15:18 - [TEST_STEP][PASSED] - resText = "Pass": null

2024-01-14 16:15:18 - [TEST_STEP][PASSED] - pages.WriteExcel.demoKey(resText, datText, resColumn, datCloumn, fileLoc, nameSheet, row): pages.WriteExcel.demoKey is PASSED

2024-01-14 16:15:19 - [MESSAGE][PASSED] - pages.WriteExcel.demoKey is PASSED

2024-01-14 16:15:19 - [TEST_STEP][PASSED] - ExecuteTC = findTestData(dataFile).getValue("Execute", row): null

2024-01-14 16:15:19 - [TEST_STEP][PASSED] - Taxtype = findTestData(dataFile).getValue("TaxType", row): null

2024-01-14 16:15:19 - [TEST_STEP][PASSED] - Paymenttype = findTestData(dataFile).getValue("PaymentType", row): null

2024-01-14 16:15:19 - [TEST_STEP][PASSED] - feinSsn = findTestData(dataFile).getValue("FEINSSN", row): null

2024-01-14 16:15:19 - [TEST_STEP][PASSED] - out.println("Value of Execute is : " + ExecuteTC): null

2024-01-14 16:15:19 - [TEST_STEP][PASSED] - if (ExecuteTC.equalsIgnoreCase("Y")): null

2024-01-14 16:15:19 - [TEST_STEP][PASSED] - out.println("Begin Record Number: " + row): null

2024-01-14 16:15:19 - [TEST_STEP][PASSED] - today = new java.util.Date(): null

2024-01-14 16:15:19 - [TEST_STEP][PASSED] - println(today): null

2024-01-14 16:15:19 - [TEST_STEP][PASSED] - datText = today: null

2024-01-14 16:15:19 - [TEST_STEP][PASSED] - Taxtype = findTestData(dataFile).getValue("TaxType", row): null

2024-01-14 16:15:19 - [TEST_STEP][PASSED] - out.println("Taxtype value is : " + Taxtype): null

2024-01-14 16:15:19 - [TEST_STEP][PASSED] - openBrowser(""): Browser is opened with url: ''

2024-01-14 16:15:19 - [MESSAGE][WARNING] - A browser is already opened. Closing browser and opening a new one

2024-01-14 16:15:20 - [MESSAGE][INFO] - Starting 'Chrome' driver

2024-01-14 16:15:20 - [MESSAGE][INFO] - User set preference: ['acceptInsecureCerts', 'true']

2024-01-14 16:15:20 - [MESSAGE][INFO] - Action delay is set to 0 milliseconds

2024-01-14 16:15:21 - [MESSAGE][PASSED] - Browser is opened with url: ''

2024-01-14 16:15:21 - [TEST_STEP][PASSED] - maximizeWindow(): Current window maximized

2024-01-14 16:15:21 - [MESSAGE][PASSED] - Current window maximized

2024-01-14 16:15:21 - [TEST_STEP][PASSED] - navigateToUrl(RADurl): Navigate to 'https://qa2.velocitypayment.com/client/rad/index.html' successfully

2024-01-14 16:15:23 - [MESSAGE][PASSED] - Navigate to 'https://qa2.velocitypayment.com/client/rad/index.html' successfully

2024-01-14 16:15:23 - [TEST_STEP][PASSED] - orPath_Landing = "Object Repository/RAD_Pages/Landing_Page": null

2024-01-14 16:15:23 - [TEST_STEP][PASSED] - orPath_TaxTypeFilingYear = "Object Repository/RAD_Pages/TaxTypeFilingYear_Page": null

2024-01-14 16:15:23 - [TEST_STEP][PASSED] - orPath_TaxPayer = "Object Repository/RAD_Pages/Taxpayer_Page": null

2024-01-14 16:15:23 - [TEST_STEP][PASSED] - orPath_AddressContact = "Object Repository/RAD_Pages/AddressAndContactInfo_Page": null

2024-01-14 16:15:23 - [TEST_STEP][PASSED] - orPath_FilingStatus = "Object Repository/RAD_Pages/FilingStatus_Page": null

2024-01-14 16:15:23 - [TEST_STEP][PASSED] - orPath_Amount = "Object Repository/RAD_Pages/PaymentAmount_Page": null

2024-01-14 16:15:23 - [TEST_STEP][PASSED] - orPath_TaxInfo = "Object Repository/RAD_Pages/TaxInfo_Page": null

2024-01-14 16:15:23 - [TEST_STEP][PASSED] - orPath_Withholding = "Object Repository/RAD_Pages/Withholding_Page": null

2024-01-14 16:15:23 - [TEST_STEP][PASSED] - orPath_Summary = "Object Repository/RAD_Pages/Summary_Page": null

2024-01-14 16:15:23 - [TEST_STEP][PASSED] - orPath_PaymentReady = "Object Repository/RAD_Pages/PaymentReady_Page": null

2024-01-14 16:15:23 - [TEST_STEP][PASSED] - orPath_PaymentEntry = "Object Repository/RAD_Pages/PaymentEntry_Page": null

2024-01-14 16:15:23 - [TEST_STEP][PASSED] - orPath_PaymentConfirmation = "Object Repository/RAD_Pages/PaymentConfirmation_Page": null

2024-01-14 16:15:23 - [TEST_STEP][PASSED] - orPath_ServiceFeesAccept = "Object Repository/RAD_Pages/ServiceFeeAccept_Page": null

2024-01-14 16:15:23 - [TEST_STEP][PASSED] - selectOptionByLabel(findTestObject(orPath_Landing + "/dd_TaxType"), Paymenttype, false): All options with label 'New Tax Return Amount Due' are selected in object 'Object Repository/RAD_Pages/Landing_Page/dd_TaxType' 

2024-01-14 16:15:24 - [MESSAGE][PASSED] - All options with label 'New Tax Return Amount Due' are selected in object 'Object Repository/RAD_Pages/Landing_Page/dd_TaxType' 

2024-01-14 16:15:24 - [TEST_STEP][PASSED] - delay(1): Delayed 1 second(s)

2024-01-14 16:15:25 - [MESSAGE][PASSED] - Delayed 1 second(s)

2024-01-14 16:15:25 - [TEST_STEP][PASSED] - switch (Paymenttype): null

2024-01-14 16:15:25 - [TEST_STEP][PASSED] - case "New Tax Return Amount Due":: null

2024-01-14 16:15:25 - [TEST_STEP][PASSED] - selectOptionByLabel(findTestObject("Object Repository/RAD_Pages/Landing_Page/select_NewTaxReturnAmountDue_TaxType"), Taxtype, false): All options with label 'Sales and Use Tax' are selected in object 'Object Repository/RAD_Pages/Landing_Page/select_NewTaxReturnAmountDue_TaxType' 

2024-01-14 16:15:25 - [MESSAGE][PASSED] - All options with label 'Sales and Use Tax' are selected in object 'Object Repository/RAD_Pages/Landing_Page/select_NewTaxReturnAmountDue_TaxType' 

2024-01-14 16:15:25 - [TEST_STEP][PASSED] - break: null

2024-01-14 16:15:25 - [TEST_STEP][PASSED] - delay(1): Delayed 1 second(s)

2024-01-14 16:15:26 - [MESSAGE][PASSED] - Delayed 1 second(s)

2024-01-14 16:15:26 - [TEST_STEP][PASSED] - switch (Paymenttype): null

2024-01-14 16:15:26 - [TEST_STEP][PASSED] - case "New Tax Return Amount Due":: null

2024-01-14 16:15:26 - [TEST_STEP][PASSED] - if (feinSsn.equalsIgnoreCase("Y")): null

2024-01-14 16:15:26 - [TEST_STEP][PASSED] - else: Text ****** has been set on object 'Object Repository/RAD_Pages/TaxInfo_Page/input_FederalEIN_ReEnter-2'

2024-01-14 16:15:26 - [TEST_STEP][PASSED] - setEncryptedText(findTestObject(orPath_TaxInfo + "/input_FederalEIN-2"), "iGDxf8hSRT4="): Text ****** has been set on object 'Object Repository/RAD_Pages/TaxInfo_Page/input_FederalEIN-2'

2024-01-14 16:15:27 - [MESSAGE][PASSED] - Text ****** has been set on object 'Object Repository/RAD_Pages/TaxInfo_Page/input_FederalEIN-2'

2024-01-14 16:15:27 - [TEST_STEP][PASSED] - setEncryptedText(findTestObject(orPath_TaxInfo + "/input_FederalEIN_ReEnter-2"), ""): Text ****** has been set on object 'Object Repository/RAD_Pages/TaxInfo_Page/input_FederalEIN_ReEnter-2'

2024-01-14 16:15:27 - [MESSAGE][PASSED] - Text ****** has been set on object 'Object Repository/RAD_Pages/TaxInfo_Page/input_FederalEIN_ReEnter-2'

2024-01-14 16:15:27 - [TEST_STEP][PASSED] - break: null

2024-01-14 16:15:27 - [TEST_STEP][PASSED] - if (feinSsn.equalsIgnoreCase("Y")): null

2024-01-14 16:15:27 - [TEST_STEP][PASSED] - else: null

2024-01-14 16:15:27 - [TEST_STEP][PASSED] - if (verifyTextPresent("Please enter a valid FEIN with 9 digits.", true)): null

2024-01-14 16:15:28 - [MESSAGE][PASSED] - Text 'Please enter a valid FEIN with 9 digits.' is present on page  using regular expression

2024-01-14 16:15:28 - [TEST_STEP][PASSED] - println("Error Message is present on the page"): null

2024-01-14 16:15:28 - [TEST_STEP][PASSED] - out.println("Pass Record Number: " + row): null

2024-01-14 16:15:28 - [TEST_STEP][PASSED] - resText = "Pass": null

2024-01-14 16:15:28 - [TEST_STEP][PASSED] - pages.WriteExcel.demoKey(resText, datText, resColumn, datCloumn, fileLoc, nameSheet, row): pages.WriteExcel.demoKey is PASSED

2024-01-14 16:15:28 - [MESSAGE][PASSED] - pages.WriteExcel.demoKey is PASSED

2024-01-14 16:15:28 - [TEST_STEP][PASSED] - ExecuteTC = findTestData(dataFile).getValue("Execute", row): null

2024-01-14 16:15:28 - [TEST_STEP][PASSED] - Taxtype = findTestData(dataFile).getValue("TaxType", row): null

2024-01-14 16:15:28 - [TEST_STEP][PASSED] - Paymenttype = findTestData(dataFile).getValue("PaymentType", row): null

2024-01-14 16:15:28 - [TEST_STEP][PASSED] - feinSsn = findTestData(dataFile).getValue("FEINSSN", row): null

2024-01-14 16:15:28 - [TEST_STEP][PASSED] - out.println("Value of Execute is : " + ExecuteTC): null

2024-01-14 16:15:28 - [TEST_STEP][PASSED] - if (ExecuteTC.equalsIgnoreCase("Y")): null

2024-01-14 16:15:28 - [TEST_STEP][PASSED] - out.println("Begin Record Number: " + row): null

2024-01-14 16:15:28 - [TEST_STEP][PASSED] - today = new java.util.Date(): null

2024-01-14 16:15:28 - [TEST_STEP][PASSED] - println(today): null

2024-01-14 16:15:28 - [TEST_STEP][PASSED] - datText = today: null

2024-01-14 16:15:28 - [TEST_STEP][PASSED] - Taxtype = findTestData(dataFile).getValue("TaxType", row): null

2024-01-14 16:15:28 - [TEST_STEP][PASSED] - out.println("Taxtype value is : " + Taxtype): null

2024-01-14 16:15:28 - [TEST_STEP][PASSED] - openBrowser(""): Browser is opened with url: ''

2024-01-14 16:15:28 - [MESSAGE][WARNING] - A browser is already opened. Closing browser and opening a new one

2024-01-14 16:15:30 - [MESSAGE][INFO] - Starting 'Chrome' driver

2024-01-14 16:15:30 - [MESSAGE][INFO] - User set preference: ['acceptInsecureCerts', 'true']

2024-01-14 16:15:30 - [MESSAGE][INFO] - Action delay is set to 0 milliseconds

2024-01-14 16:15:31 - [MESSAGE][PASSED] - Browser is opened with url: ''

2024-01-14 16:15:31 - [TEST_STEP][PASSED] - maximizeWindow(): Current window maximized

2024-01-14 16:15:31 - [MESSAGE][PASSED] - Current window maximized

2024-01-14 16:15:31 - [TEST_STEP][PASSED] - navigateToUrl(RADurl): Navigate to 'https://qa2.velocitypayment.com/client/rad/index.html' successfully

2024-01-14 16:15:33 - [MESSAGE][PASSED] - Navigate to 'https://qa2.velocitypayment.com/client/rad/index.html' successfully

2024-01-14 16:15:33 - [TEST_STEP][PASSED] - orPath_Landing = "Object Repository/RAD_Pages/Landing_Page": null

2024-01-14 16:15:33 - [TEST_STEP][PASSED] - orPath_TaxTypeFilingYear = "Object Repository/RAD_Pages/TaxTypeFilingYear_Page": null

2024-01-14 16:15:33 - [TEST_STEP][PASSED] - orPath_TaxPayer = "Object Repository/RAD_Pages/Taxpayer_Page": null

2024-01-14 16:15:33 - [TEST_STEP][PASSED] - orPath_AddressContact = "Object Repository/RAD_Pages/AddressAndContactInfo_Page": null

2024-01-14 16:15:33 - [TEST_STEP][PASSED] - orPath_FilingStatus = "Object Repository/RAD_Pages/FilingStatus_Page": null

2024-01-14 16:15:33 - [TEST_STEP][PASSED] - orPath_Amount = "Object Repository/RAD_Pages/PaymentAmount_Page": null

2024-01-14 16:15:33 - [TEST_STEP][PASSED] - orPath_TaxInfo = "Object Repository/RAD_Pages/TaxInfo_Page": null

2024-01-14 16:15:33 - [TEST_STEP][PASSED] - orPath_Withholding = "Object Repository/RAD_Pages/Withholding_Page": null

2024-01-14 16:15:33 - [TEST_STEP][PASSED] - orPath_Summary = "Object Repository/RAD_Pages/Summary_Page": null

2024-01-14 16:15:33 - [TEST_STEP][PASSED] - orPath_PaymentReady = "Object Repository/RAD_Pages/PaymentReady_Page": null

2024-01-14 16:15:33 - [TEST_STEP][PASSED] - orPath_PaymentEntry = "Object Repository/RAD_Pages/PaymentEntry_Page": null

2024-01-14 16:15:33 - [TEST_STEP][PASSED] - orPath_PaymentConfirmation = "Object Repository/RAD_Pages/PaymentConfirmation_Page": null

2024-01-14 16:15:33 - [TEST_STEP][PASSED] - orPath_ServiceFeesAccept = "Object Repository/RAD_Pages/ServiceFeeAccept_Page": null

2024-01-14 16:15:33 - [TEST_STEP][PASSED] - selectOptionByLabel(findTestObject(orPath_Landing + "/dd_TaxType"), Paymenttype, false): All options with label 'New Tax Return Amount Due' are selected in object 'Object Repository/RAD_Pages/Landing_Page/dd_TaxType' 

2024-01-14 16:15:33 - [MESSAGE][PASSED] - All options with label 'New Tax Return Amount Due' are selected in object 'Object Repository/RAD_Pages/Landing_Page/dd_TaxType' 

2024-01-14 16:15:33 - [TEST_STEP][PASSED] - delay(1): Delayed 1 second(s)

2024-01-14 16:15:34 - [MESSAGE][PASSED] - Delayed 1 second(s)

2024-01-14 16:15:34 - [TEST_STEP][PASSED] - switch (Paymenttype): null

2024-01-14 16:15:34 - [TEST_STEP][PASSED] - case "New Tax Return Amount Due":: null

2024-01-14 16:15:34 - [TEST_STEP][PASSED] - selectOptionByLabel(findTestObject("Object Repository/RAD_Pages/Landing_Page/select_NewTaxReturnAmountDue_TaxType"), Taxtype, false): All options with label 'Slots License Fee' are selected in object 'Object Repository/RAD_Pages/Landing_Page/select_NewTaxReturnAmountDue_TaxType' 

2024-01-14 16:15:35 - [MESSAGE][PASSED] - All options with label 'Slots License Fee' are selected in object 'Object Repository/RAD_Pages/Landing_Page/select_NewTaxReturnAmountDue_TaxType' 

2024-01-14 16:15:35 - [TEST_STEP][PASSED] - break: null

2024-01-14 16:15:35 - [TEST_STEP][PASSED] - delay(1): Delayed 1 second(s)

2024-01-14 16:15:36 - [MESSAGE][PASSED] - Delayed 1 second(s)

2024-01-14 16:15:36 - [TEST_STEP][PASSED] - switch (Paymenttype): null

2024-01-14 16:15:36 - [TEST_STEP][PASSED] - case "New Tax Return Amount Due":: null

2024-01-14 16:15:36 - [TEST_STEP][PASSED] - if (feinSsn.equalsIgnoreCase("Y")): null

2024-01-14 16:15:36 - [TEST_STEP][PASSED] - else: Text ****** has been set on object 'Object Repository/RAD_Pages/TaxInfo_Page/input_FederalEIN_ReEnter-2'

2024-01-14 16:15:36 - [TEST_STEP][PASSED] - setEncryptedText(findTestObject(orPath_TaxInfo + "/input_FederalEIN-2"), "iGDxf8hSRT4="): Text ****** has been set on object 'Object Repository/RAD_Pages/TaxInfo_Page/input_FederalEIN-2'

2024-01-14 16:15:36 - [MESSAGE][PASSED] - Text ****** has been set on object 'Object Repository/RAD_Pages/TaxInfo_Page/input_FederalEIN-2'

2024-01-14 16:15:36 - [TEST_STEP][PASSED] - setEncryptedText(findTestObject(orPath_TaxInfo + "/input_FederalEIN_ReEnter-2"), ""): Text ****** has been set on object 'Object Repository/RAD_Pages/TaxInfo_Page/input_FederalEIN_ReEnter-2'

2024-01-14 16:15:37 - [MESSAGE][PASSED] - Text ****** has been set on object 'Object Repository/RAD_Pages/TaxInfo_Page/input_FederalEIN_ReEnter-2'

2024-01-14 16:15:37 - [TEST_STEP][PASSED] - break: null

2024-01-14 16:15:37 - [TEST_STEP][PASSED] - if (feinSsn.equalsIgnoreCase("Y")): null

2024-01-14 16:15:37 - [TEST_STEP][PASSED] - else: null

2024-01-14 16:15:37 - [TEST_STEP][PASSED] - if (verifyTextPresent("Please enter a valid FEIN with 9 digits.", true)): null

2024-01-14 16:15:38 - [MESSAGE][PASSED] - Text 'Please enter a valid FEIN with 9 digits.' is present on page  using regular expression

2024-01-14 16:15:38 - [TEST_STEP][PASSED] - println("Error Message is present on the page"): null

2024-01-14 16:15:38 - [TEST_STEP][PASSED] - out.println("Pass Record Number: " + row): null

2024-01-14 16:15:38 - [TEST_STEP][PASSED] - resText = "Pass": null

2024-01-14 16:15:38 - [TEST_STEP][PASSED] - pages.WriteExcel.demoKey(resText, datText, resColumn, datCloumn, fileLoc, nameSheet, row): pages.WriteExcel.demoKey is PASSED

2024-01-14 16:15:38 - [MESSAGE][PASSED] - pages.WriteExcel.demoKey is PASSED

2024-01-14 16:15:38 - [TEST_STEP][PASSED] - ExecuteTC = findTestData(dataFile).getValue("Execute", row): null

2024-01-14 16:15:38 - [TEST_STEP][PASSED] - Taxtype = findTestData(dataFile).getValue("TaxType", row): null

2024-01-14 16:15:38 - [TEST_STEP][PASSED] - Paymenttype = findTestData(dataFile).getValue("PaymentType", row): null

2024-01-14 16:15:38 - [TEST_STEP][PASSED] - feinSsn = findTestData(dataFile).getValue("FEINSSN", row): null

2024-01-14 16:15:38 - [TEST_STEP][PASSED] - out.println("Value of Execute is : " + ExecuteTC): null

2024-01-14 16:15:38 - [TEST_STEP][PASSED] - if (ExecuteTC.equalsIgnoreCase("Y")): null

2024-01-14 16:15:38 - [TEST_STEP][PASSED] - out.println("Begin Record Number: " + row): null

2024-01-14 16:15:38 - [TEST_STEP][PASSED] - today = new java.util.Date(): null

2024-01-14 16:15:38 - [TEST_STEP][PASSED] - println(today): null

2024-01-14 16:15:38 - [TEST_STEP][PASSED] - datText = today: null

2024-01-14 16:15:38 - [TEST_STEP][PASSED] - Taxtype = findTestData(dataFile).getValue("TaxType", row): null

2024-01-14 16:15:38 - [TEST_STEP][PASSED] - out.println("Taxtype value is : " + Taxtype): null

2024-01-14 16:15:38 - [TEST_STEP][PASSED] - openBrowser(""): Browser is opened with url: ''

2024-01-14 16:15:38 - [MESSAGE][WARNING] - A browser is already opened. Closing browser and opening a new one

2024-01-14 16:15:39 - [MESSAGE][INFO] - Starting 'Chrome' driver

2024-01-14 16:15:39 - [MESSAGE][INFO] - User set preference: ['acceptInsecureCerts', 'true']

2024-01-14 16:15:39 - [MESSAGE][INFO] - Action delay is set to 0 milliseconds

2024-01-14 16:15:40 - [MESSAGE][PASSED] - Browser is opened with url: ''

2024-01-14 16:15:40 - [TEST_STEP][PASSED] - maximizeWindow(): Current window maximized

2024-01-14 16:15:40 - [MESSAGE][PASSED] - Current window maximized

2024-01-14 16:15:40 - [TEST_STEP][PASSED] - navigateToUrl(RADurl): Navigate to 'https://qa2.velocitypayment.com/client/rad/index.html' successfully

2024-01-14 16:15:42 - [MESSAGE][PASSED] - Navigate to 'https://qa2.velocitypayment.com/client/rad/index.html' successfully

2024-01-14 16:15:42 - [TEST_STEP][PASSED] - orPath_Landing = "Object Repository/RAD_Pages/Landing_Page": null

2024-01-14 16:15:42 - [TEST_STEP][PASSED] - orPath_TaxTypeFilingYear = "Object Repository/RAD_Pages/TaxTypeFilingYear_Page": null

2024-01-14 16:15:42 - [TEST_STEP][PASSED] - orPath_TaxPayer = "Object Repository/RAD_Pages/Taxpayer_Page": null

2024-01-14 16:15:42 - [TEST_STEP][PASSED] - orPath_AddressContact = "Object Repository/RAD_Pages/AddressAndContactInfo_Page": null

2024-01-14 16:15:42 - [TEST_STEP][PASSED] - orPath_FilingStatus = "Object Repository/RAD_Pages/FilingStatus_Page": null

2024-01-14 16:15:42 - [TEST_STEP][PASSED] - orPath_Amount = "Object Repository/RAD_Pages/PaymentAmount_Page": null

2024-01-14 16:15:42 - [TEST_STEP][PASSED] - orPath_TaxInfo = "Object Repository/RAD_Pages/TaxInfo_Page": null

2024-01-14 16:15:42 - [TEST_STEP][PASSED] - orPath_Withholding = "Object Repository/RAD_Pages/Withholding_Page": null

2024-01-14 16:15:42 - [TEST_STEP][PASSED] - orPath_Summary = "Object Repository/RAD_Pages/Summary_Page": null

2024-01-14 16:15:42 - [TEST_STEP][PASSED] - orPath_PaymentReady = "Object Repository/RAD_Pages/PaymentReady_Page": null

2024-01-14 16:15:42 - [TEST_STEP][PASSED] - orPath_PaymentEntry = "Object Repository/RAD_Pages/PaymentEntry_Page": null

2024-01-14 16:15:42 - [TEST_STEP][PASSED] - orPath_PaymentConfirmation = "Object Repository/RAD_Pages/PaymentConfirmation_Page": null

2024-01-14 16:15:42 - [TEST_STEP][PASSED] - orPath_ServiceFeesAccept = "Object Repository/RAD_Pages/ServiceFeeAccept_Page": null

2024-01-14 16:15:42 - [TEST_STEP][PASSED] - selectOptionByLabel(findTestObject(orPath_Landing + "/dd_TaxType"), Paymenttype, false): All options with label 'New Tax Return Amount Due' are selected in object 'Object Repository/RAD_Pages/Landing_Page/dd_TaxType' 

2024-01-14 16:15:43 - [MESSAGE][PASSED] - All options with label 'New Tax Return Amount Due' are selected in object 'Object Repository/RAD_Pages/Landing_Page/dd_TaxType' 

2024-01-14 16:15:43 - [TEST_STEP][PASSED] - delay(1): Delayed 1 second(s)

2024-01-14 16:15:44 - [MESSAGE][PASSED] - Delayed 1 second(s)

2024-01-14 16:15:44 - [TEST_STEP][PASSED] - switch (Paymenttype): null

2024-01-14 16:15:44 - [TEST_STEP][PASSED] - case "New Tax Return Amount Due":: null

2024-01-14 16:15:44 - [TEST_STEP][PASSED] - selectOptionByLabel(findTestObject("Object Repository/RAD_Pages/Landing_Page/select_NewTaxReturnAmountDue_TaxType"), Taxtype, false): All options with label 'Tire Recycling Fee' are selected in object 'Object Repository/RAD_Pages/Landing_Page/select_NewTaxReturnAmountDue_TaxType' 

2024-01-14 16:15:44 - [MESSAGE][PASSED] - All options with label 'Tire Recycling Fee' are selected in object 'Object Repository/RAD_Pages/Landing_Page/select_NewTaxReturnAmountDue_TaxType' 

2024-01-14 16:15:44 - [TEST_STEP][PASSED] - break: null

2024-01-14 16:15:44 - [TEST_STEP][PASSED] - delay(1): Delayed 1 second(s)

2024-01-14 16:15:45 - [MESSAGE][PASSED] - Delayed 1 second(s)

2024-01-14 16:15:45 - [TEST_STEP][PASSED] - switch (Paymenttype): null

2024-01-14 16:15:45 - [TEST_STEP][PASSED] - case "New Tax Return Amount Due":: null

2024-01-14 16:15:45 - [TEST_STEP][PASSED] - if (feinSsn.equalsIgnoreCase("Y")): null

2024-01-14 16:15:45 - [TEST_STEP][PASSED] - else: Text ****** has been set on object 'Object Repository/RAD_Pages/TaxInfo_Page/input_FederalEIN_ReEnter-2'

2024-01-14 16:15:45 - [TEST_STEP][PASSED] - setEncryptedText(findTestObject(orPath_TaxInfo + "/input_FederalEIN-2"), "iGDxf8hSRT4="): Text ****** has been set on object 'Object Repository/RAD_Pages/TaxInfo_Page/input_FederalEIN-2'

2024-01-14 16:15:46 - [MESSAGE][PASSED] - Text ****** has been set on object 'Object Repository/RAD_Pages/TaxInfo_Page/input_FederalEIN-2'

2024-01-14 16:15:46 - [TEST_STEP][PASSED] - setEncryptedText(findTestObject(orPath_TaxInfo + "/input_FederalEIN_ReEnter-2"), ""): Text ****** has been set on object 'Object Repository/RAD_Pages/TaxInfo_Page/input_FederalEIN_ReEnter-2'

2024-01-14 16:15:46 - [MESSAGE][PASSED] - Text ****** has been set on object 'Object Repository/RAD_Pages/TaxInfo_Page/input_FederalEIN_ReEnter-2'

2024-01-14 16:15:46 - [TEST_STEP][PASSED] - break: null

2024-01-14 16:15:46 - [TEST_STEP][PASSED] - if (feinSsn.equalsIgnoreCase("Y")): null

2024-01-14 16:15:46 - [TEST_STEP][PASSED] - else: null

2024-01-14 16:15:46 - [TEST_STEP][PASSED] - if (verifyTextPresent("Please enter a valid FEIN with 9 digits.", true)): null

2024-01-14 16:15:47 - [MESSAGE][PASSED] - Text 'Please enter a valid FEIN with 9 digits.' is present on page  using regular expression

2024-01-14 16:15:47 - [TEST_STEP][PASSED] - println("Error Message is present on the page"): null

2024-01-14 16:15:47 - [TEST_STEP][PASSED] - out.println("Pass Record Number: " + row): null

2024-01-14 16:15:47 - [TEST_STEP][PASSED] - resText = "Pass": null

2024-01-14 16:15:47 - [TEST_STEP][PASSED] - pages.WriteExcel.demoKey(resText, datText, resColumn, datCloumn, fileLoc, nameSheet, row): pages.WriteExcel.demoKey is PASSED

2024-01-14 16:15:47 - [MESSAGE][PASSED] - pages.WriteExcel.demoKey is PASSED

2024-01-14 16:15:47 - [TEST_STEP][PASSED] - ExecuteTC = findTestData(dataFile).getValue("Execute", row): null

2024-01-14 16:15:47 - [TEST_STEP][PASSED] - Taxtype = findTestData(dataFile).getValue("TaxType", row): null

2024-01-14 16:15:47 - [TEST_STEP][PASSED] - Paymenttype = findTestData(dataFile).getValue("PaymentType", row): null

2024-01-14 16:15:47 - [TEST_STEP][PASSED] - feinSsn = findTestData(dataFile).getValue("FEINSSN", row): null

2024-01-14 16:15:47 - [TEST_STEP][PASSED] - out.println("Value of Execute is : " + ExecuteTC): null

2024-01-14 16:15:47 - [TEST_STEP][PASSED] - if (ExecuteTC.equalsIgnoreCase("Y")): null

2024-01-14 16:15:47 - [TEST_STEP][PASSED] - out.println("Begin Record Number: " + row): null

2024-01-14 16:15:47 - [TEST_STEP][PASSED] - today = new java.util.Date(): null

2024-01-14 16:15:47 - [TEST_STEP][PASSED] - println(today): null

2024-01-14 16:15:47 - [TEST_STEP][PASSED] - datText = today: null

2024-01-14 16:15:47 - [TEST_STEP][PASSED] - Taxtype = findTestData(dataFile).getValue("TaxType", row): null

2024-01-14 16:15:47 - [TEST_STEP][PASSED] - out.println("Taxtype value is : " + Taxtype): null

2024-01-14 16:15:47 - [TEST_STEP][PASSED] - openBrowser(""): Browser is opened with url: ''

2024-01-14 16:15:47 - [MESSAGE][WARNING] - A browser is already opened. Closing browser and opening a new one

2024-01-14 16:15:48 - [MESSAGE][INFO] - Starting 'Chrome' driver

2024-01-14 16:15:48 - [MESSAGE][INFO] - User set preference: ['acceptInsecureCerts', 'true']

2024-01-14 16:15:48 - [MESSAGE][INFO] - Action delay is set to 0 milliseconds

2024-01-14 16:15:50 - [MESSAGE][PASSED] - Browser is opened with url: ''

2024-01-14 16:15:50 - [TEST_STEP][PASSED] - maximizeWindow(): Current window maximized

2024-01-14 16:15:50 - [MESSAGE][PASSED] - Current window maximized

2024-01-14 16:15:50 - [TEST_STEP][PASSED] - navigateToUrl(RADurl): Navigate to 'https://qa2.velocitypayment.com/client/rad/index.html' successfully

2024-01-14 16:15:51 - [MESSAGE][PASSED] - Navigate to 'https://qa2.velocitypayment.com/client/rad/index.html' successfully

2024-01-14 16:15:51 - [TEST_STEP][PASSED] - orPath_Landing = "Object Repository/RAD_Pages/Landing_Page": null

2024-01-14 16:15:51 - [TEST_STEP][PASSED] - orPath_TaxTypeFilingYear = "Object Repository/RAD_Pages/TaxTypeFilingYear_Page": null

2024-01-14 16:15:51 - [TEST_STEP][PASSED] - orPath_TaxPayer = "Object Repository/RAD_Pages/Taxpayer_Page": null

2024-01-14 16:15:51 - [TEST_STEP][PASSED] - orPath_AddressContact = "Object Repository/RAD_Pages/AddressAndContactInfo_Page": null

2024-01-14 16:15:51 - [TEST_STEP][PASSED] - orPath_FilingStatus = "Object Repository/RAD_Pages/FilingStatus_Page": null

2024-01-14 16:15:51 - [TEST_STEP][PASSED] - orPath_Amount = "Object Repository/RAD_Pages/PaymentAmount_Page": null

2024-01-14 16:15:51 - [TEST_STEP][PASSED] - orPath_TaxInfo = "Object Repository/RAD_Pages/TaxInfo_Page": null

2024-01-14 16:15:51 - [TEST_STEP][PASSED] - orPath_Withholding = "Object Repository/RAD_Pages/Withholding_Page": null

2024-01-14 16:15:51 - [TEST_STEP][PASSED] - orPath_Summary = "Object Repository/RAD_Pages/Summary_Page": null

2024-01-14 16:15:51 - [TEST_STEP][PASSED] - orPath_PaymentReady = "Object Repository/RAD_Pages/PaymentReady_Page": null

2024-01-14 16:15:51 - [TEST_STEP][PASSED] - orPath_PaymentEntry = "Object Repository/RAD_Pages/PaymentEntry_Page": null

2024-01-14 16:15:51 - [TEST_STEP][PASSED] - orPath_PaymentConfirmation = "Object Repository/RAD_Pages/PaymentConfirmation_Page": null

2024-01-14 16:15:51 - [TEST_STEP][PASSED] - orPath_ServiceFeesAccept = "Object Repository/RAD_Pages/ServiceFeeAccept_Page": null

2024-01-14 16:15:51 - [TEST_STEP][PASSED] - selectOptionByLabel(findTestObject(orPath_Landing + "/dd_TaxType"), Paymenttype, false): All options with label 'New Tax Return Amount Due' are selected in object 'Object Repository/RAD_Pages/Landing_Page/dd_TaxType' 

2024-01-14 16:15:52 - [MESSAGE][PASSED] - All options with label 'New Tax Return Amount Due' are selected in object 'Object Repository/RAD_Pages/Landing_Page/dd_TaxType' 

2024-01-14 16:15:52 - [TEST_STEP][PASSED] - delay(1): Delayed 1 second(s)

2024-01-14 16:15:53 - [MESSAGE][PASSED] - Delayed 1 second(s)

2024-01-14 16:15:53 - [TEST_STEP][PASSED] - switch (Paymenttype): null

2024-01-14 16:15:53 - [TEST_STEP][PASSED] - case "New Tax Return Amount Due":: null

2024-01-14 16:15:53 - [TEST_STEP][PASSED] - selectOptionByLabel(findTestObject("Object Repository/RAD_Pages/Landing_Page/select_NewTaxReturnAmountDue_TaxType"), Taxtype, false): All options with label 'Tobacco Tax' are selected in object 'Object Repository/RAD_Pages/Landing_Page/select_NewTaxReturnAmountDue_TaxType' 

2024-01-14 16:15:54 - [MESSAGE][PASSED] - All options with label 'Tobacco Tax' are selected in object 'Object Repository/RAD_Pages/Landing_Page/select_NewTaxReturnAmountDue_TaxType' 

2024-01-14 16:15:54 - [TEST_STEP][PASSED] - break: null

2024-01-14 16:15:54 - [TEST_STEP][PASSED] - delay(1): Delayed 1 second(s)

2024-01-14 16:15:55 - [MESSAGE][PASSED] - Delayed 1 second(s)

2024-01-14 16:15:55 - [TEST_STEP][PASSED] - switch (Paymenttype): null

2024-01-14 16:15:55 - [TEST_STEP][PASSED] - case "New Tax Return Amount Due":: null

2024-01-14 16:15:55 - [TEST_STEP][PASSED] - if (feinSsn.equalsIgnoreCase("Y")): Text ****** has been set on object 'Object Repository/RAD_Pages/TaxInfo_Page/input_TaxInfo_RetypeFeinSsn_New_2'

2024-01-14 16:15:55 - [TEST_STEP][PASSED] - setEncryptedText(findTestObject(orPath_TaxInfo + "//input_TaxInfo_FeinSsn_New_2"), "iGDxf8hSRT4="): Text ****** has been set on object 'Object Repository/RAD_Pages/TaxInfo_Page//input_TaxInfo_FeinSsn_New_2'

2024-01-14 16:15:55 - [MESSAGE][PASSED] - Text ****** has been set on object 'Object Repository/RAD_Pages/TaxInfo_Page//input_TaxInfo_FeinSsn_New_2'

2024-01-14 16:15:55 - [TEST_STEP][PASSED] - setEncryptedText(findTestObject(orPath_TaxInfo + "/input_TaxInfo_RetypeFeinSsn_New_2"), ""): Text ****** has been set on object 'Object Repository/RAD_Pages/TaxInfo_Page/input_TaxInfo_RetypeFeinSsn_New_2'

2024-01-14 16:15:56 - [MESSAGE][PASSED] - Text ****** has been set on object 'Object Repository/RAD_Pages/TaxInfo_Page/input_TaxInfo_RetypeFeinSsn_New_2'

2024-01-14 16:15:56 - [TEST_STEP][PASSED] - break: null

2024-01-14 16:15:56 - [TEST_STEP][PASSED] - if (feinSsn.equalsIgnoreCase("Y")): null

2024-01-14 16:15:56 - [TEST_STEP][PASSED] - if (verifyTextPresent("Please enter a valid FEIN/SSN with 9 digits", true)): null

2024-01-14 16:15:56 - [MESSAGE][PASSED] - Text 'Please enter a valid FEIN/SSN with 9 digits' is present on page  using regular expression

2024-01-14 16:15:56 - [TEST_STEP][PASSED] - println("Error Message is present on the page"): null

2024-01-14 16:15:56 - [TEST_STEP][PASSED] - out.println("Pass Record Number: " + row): null

2024-01-14 16:15:56 - [TEST_STEP][PASSED] - resText = "Pass": null

2024-01-14 16:15:56 - [TEST_STEP][PASSED] - pages.WriteExcel.demoKey(resText, datText, resColumn, datCloumn, fileLoc, nameSheet, row): pages.WriteExcel.demoKey is PASSED

2024-01-14 16:15:56 - [MESSAGE][PASSED] - pages.WriteExcel.demoKey is PASSED

2024-01-14 16:15:56 - [TEST_STEP][PASSED] - ExecuteTC = findTestData(dataFile).getValue("Execute", row): null

2024-01-14 16:15:56 - [TEST_STEP][PASSED] - Taxtype = findTestData(dataFile).getValue("TaxType", row): null

2024-01-14 16:15:57 - [TEST_STEP][PASSED] - Paymenttype = findTestData(dataFile).getValue("PaymentType", row): null

2024-01-14 16:15:57 - [TEST_STEP][PASSED] - feinSsn = findTestData(dataFile).getValue("FEINSSN", row): null

2024-01-14 16:15:57 - [TEST_STEP][PASSED] - out.println("Value of Execute is : " + ExecuteTC): null

2024-01-14 16:15:57 - [TEST_STEP][PASSED] - if (ExecuteTC.equalsIgnoreCase("Y")): null

2024-01-14 16:15:57 - [TEST_STEP][PASSED] - out.println("Begin Record Number: " + row): null

2024-01-14 16:15:57 - [TEST_STEP][PASSED] - today = new java.util.Date(): null

2024-01-14 16:15:57 - [TEST_STEP][PASSED] - println(today): null

2024-01-14 16:15:57 - [TEST_STEP][PASSED] - datText = today: null

2024-01-14 16:15:57 - [TEST_STEP][PASSED] - Taxtype = findTestData(dataFile).getValue("TaxType", row): null

2024-01-14 16:15:57 - [TEST_STEP][PASSED] - out.println("Taxtype value is : " + Taxtype): null

2024-01-14 16:15:57 - [TEST_STEP][PASSED] - openBrowser(""): Browser is opened with url: ''

2024-01-14 16:15:57 - [MESSAGE][WARNING] - A browser is already opened. Closing browser and opening a new one

2024-01-14 16:15:58 - [MESSAGE][INFO] - Starting 'Chrome' driver

2024-01-14 16:15:58 - [MESSAGE][INFO] - User set preference: ['acceptInsecureCerts', 'true']

2024-01-14 16:15:58 - [MESSAGE][INFO] - Action delay is set to 0 milliseconds

2024-01-14 16:15:59 - [MESSAGE][PASSED] - Browser is opened with url: ''

2024-01-14 16:15:59 - [TEST_STEP][PASSED] - maximizeWindow(): Current window maximized

2024-01-14 16:15:59 - [MESSAGE][PASSED] - Current window maximized

2024-01-14 16:15:59 - [TEST_STEP][PASSED] - navigateToUrl(RADurl): Navigate to 'https://qa2.velocitypayment.com/client/rad/index.html' successfully

2024-01-14 16:16:00 - [MESSAGE][PASSED] - Navigate to 'https://qa2.velocitypayment.com/client/rad/index.html' successfully

2024-01-14 16:16:00 - [TEST_STEP][PASSED] - orPath_Landing = "Object Repository/RAD_Pages/Landing_Page": null

2024-01-14 16:16:00 - [TEST_STEP][PASSED] - orPath_TaxTypeFilingYear = "Object Repository/RAD_Pages/TaxTypeFilingYear_Page": null

2024-01-14 16:16:00 - [TEST_STEP][PASSED] - orPath_TaxPayer = "Object Repository/RAD_Pages/Taxpayer_Page": null

2024-01-14 16:16:00 - [TEST_STEP][PASSED] - orPath_AddressContact = "Object Repository/RAD_Pages/AddressAndContactInfo_Page": null

2024-01-14 16:16:00 - [TEST_STEP][PASSED] - orPath_FilingStatus = "Object Repository/RAD_Pages/FilingStatus_Page": null

2024-01-14 16:16:00 - [TEST_STEP][PASSED] - orPath_Amount = "Object Repository/RAD_Pages/PaymentAmount_Page": null

2024-01-14 16:16:00 - [TEST_STEP][PASSED] - orPath_TaxInfo = "Object Repository/RAD_Pages/TaxInfo_Page": null

2024-01-14 16:16:00 - [TEST_STEP][PASSED] - orPath_Withholding = "Object Repository/RAD_Pages/Withholding_Page": null

2024-01-14 16:16:00 - [TEST_STEP][PASSED] - orPath_Summary = "Object Repository/RAD_Pages/Summary_Page": null

2024-01-14 16:16:00 - [TEST_STEP][PASSED] - orPath_PaymentReady = "Object Repository/RAD_Pages/PaymentReady_Page": null

2024-01-14 16:16:00 - [TEST_STEP][PASSED] - orPath_PaymentEntry = "Object Repository/RAD_Pages/PaymentEntry_Page": null

2024-01-14 16:16:00 - [TEST_STEP][PASSED] - orPath_PaymentConfirmation = "Object Repository/RAD_Pages/PaymentConfirmation_Page": null

2024-01-14 16:16:00 - [TEST_STEP][PASSED] - orPath_ServiceFeesAccept = "Object Repository/RAD_Pages/ServiceFeeAccept_Page": null

2024-01-14 16:16:00 - [TEST_STEP][PASSED] - selectOptionByLabel(findTestObject(orPath_Landing + "/dd_TaxType"), Paymenttype, false): All options with label 'New Tax Return Amount Due' are selected in object 'Object Repository/RAD_Pages/Landing_Page/dd_TaxType' 

2024-01-14 16:16:02 - [MESSAGE][PASSED] - All options with label 'New Tax Return Amount Due' are selected in object 'Object Repository/RAD_Pages/Landing_Page/dd_TaxType' 

2024-01-14 16:16:02 - [TEST_STEP][PASSED] - delay(1): Delayed 1 second(s)

2024-01-14 16:16:03 - [MESSAGE][PASSED] - Delayed 1 second(s)

2024-01-14 16:16:03 - [TEST_STEP][PASSED] - switch (Paymenttype): null

2024-01-14 16:16:03 - [TEST_STEP][PASSED] - case "New Tax Return Amount Due":: null

2024-01-14 16:16:03 - [TEST_STEP][PASSED] - selectOptionByLabel(findTestObject("Object Repository/RAD_Pages/Landing_Page/select_NewTaxReturnAmountDue_TaxType"), Taxtype, false): All options with label 'Transportation Network Services' are selected in object 'Object Repository/RAD_Pages/Landing_Page/select_NewTaxReturnAmountDue_TaxType' 

2024-01-14 16:16:03 - [MESSAGE][PASSED] - All options with label 'Transportation Network Services' are selected in object 'Object Repository/RAD_Pages/Landing_Page/select_NewTaxReturnAmountDue_TaxType' 

2024-01-14 16:16:03 - [TEST_STEP][PASSED] - break: null

2024-01-14 16:16:03 - [TEST_STEP][PASSED] - delay(1): Delayed 1 second(s)

2024-01-14 16:16:04 - [MESSAGE][PASSED] - Delayed 1 second(s)

2024-01-14 16:16:04 - [TEST_STEP][PASSED] - switch (Paymenttype): null

2024-01-14 16:16:04 - [TEST_STEP][PASSED] - case "New Tax Return Amount Due":: null

2024-01-14 16:16:04 - [TEST_STEP][PASSED] - if (feinSsn.equalsIgnoreCase("Y")): null

2024-01-14 16:16:04 - [TEST_STEP][PASSED] - else: Text ****** has been set on object 'Object Repository/RAD_Pages/TaxInfo_Page/input_FederalEIN_ReEnter-2'

2024-01-14 16:16:04 - [TEST_STEP][PASSED] - setEncryptedText(findTestObject(orPath_TaxInfo + "/input_FederalEIN-2"), "iGDxf8hSRT4="): Text ****** has been set on object 'Object Repository/RAD_Pages/TaxInfo_Page/input_FederalEIN-2'

2024-01-14 16:16:05 - [MESSAGE][PASSED] - Text ****** has been set on object 'Object Repository/RAD_Pages/TaxInfo_Page/input_FederalEIN-2'

2024-01-14 16:16:05 - [TEST_STEP][PASSED] - setEncryptedText(findTestObject(orPath_TaxInfo + "/input_FederalEIN_ReEnter-2"), ""): Text ****** has been set on object 'Object Repository/RAD_Pages/TaxInfo_Page/input_FederalEIN_ReEnter-2'

2024-01-14 16:16:05 - [MESSAGE][PASSED] - Text ****** has been set on object 'Object Repository/RAD_Pages/TaxInfo_Page/input_FederalEIN_ReEnter-2'

2024-01-14 16:16:05 - [TEST_STEP][PASSED] - break: null

2024-01-14 16:16:05 - [TEST_STEP][PASSED] - if (feinSsn.equalsIgnoreCase("Y")): null

2024-01-14 16:16:05 - [TEST_STEP][PASSED] - else: null

2024-01-14 16:16:05 - [TEST_STEP][PASSED] - if (verifyTextPresent("Please enter a valid FEIN with 9 digits.", true)): null

2024-01-14 16:16:06 - [MESSAGE][PASSED] - Text 'Please enter a valid FEIN with 9 digits.' is present on page  using regular expression

2024-01-14 16:16:06 - [TEST_STEP][PASSED] - println("Error Message is present on the page"): null

2024-01-14 16:16:06 - [TEST_STEP][PASSED] - out.println("Pass Record Number: " + row): null

2024-01-14 16:16:06 - [TEST_STEP][PASSED] - resText = "Pass": null

2024-01-14 16:16:06 - [TEST_STEP][PASSED] - pages.WriteExcel.demoKey(resText, datText, resColumn, datCloumn, fileLoc, nameSheet, row): pages.WriteExcel.demoKey is PASSED

2024-01-14 16:16:06 - [MESSAGE][PASSED] - pages.WriteExcel.demoKey is PASSED

2024-01-14 16:16:06 - [TEST_STEP][PASSED] - ExecuteTC = findTestData(dataFile).getValue("Execute", row): null

2024-01-14 16:16:06 - [TEST_STEP][PASSED] - Taxtype = findTestData(dataFile).getValue("TaxType", row): null

2024-01-14 16:16:06 - [TEST_STEP][PASSED] - Paymenttype = findTestData(dataFile).getValue("PaymentType", row): null

2024-01-14 16:16:06 - [TEST_STEP][PASSED] - feinSsn = findTestData(dataFile).getValue("FEINSSN", row): null

2024-01-14 16:16:06 - [TEST_STEP][PASSED] - out.println("Value of Execute is : " + ExecuteTC): null

2024-01-14 16:16:06 - [TEST_STEP][PASSED] - if (ExecuteTC.equalsIgnoreCase("Y")): null

2024-01-14 16:16:06 - [TEST_STEP][PASSED] - out.println("Begin Record Number: " + row): null

2024-01-14 16:16:06 - [TEST_STEP][PASSED] - today = new java.util.Date(): null

2024-01-14 16:16:06 - [TEST_STEP][PASSED] - println(today): null

2024-01-14 16:16:06 - [TEST_STEP][PASSED] - datText = today: null

2024-01-14 16:16:06 - [TEST_STEP][PASSED] - Taxtype = findTestData(dataFile).getValue("TaxType", row): null

2024-01-14 16:16:06 - [TEST_STEP][PASSED] - out.println("Taxtype value is : " + Taxtype): null

2024-01-14 16:16:06 - [TEST_STEP][PASSED] - openBrowser(""): Browser is opened with url: ''

2024-01-14 16:16:06 - [MESSAGE][WARNING] - A browser is already opened. Closing browser and opening a new one

2024-01-14 16:16:07 - [MESSAGE][INFO] - Starting 'Chrome' driver

2024-01-14 16:16:07 - [MESSAGE][INFO] - User set preference: ['acceptInsecureCerts', 'true']

2024-01-14 16:16:07 - [MESSAGE][INFO] - Action delay is set to 0 milliseconds

2024-01-14 16:16:09 - [MESSAGE][PASSED] - Browser is opened with url: ''

2024-01-14 16:16:09 - [TEST_STEP][PASSED] - maximizeWindow(): Current window maximized

2024-01-14 16:16:09 - [MESSAGE][PASSED] - Current window maximized

2024-01-14 16:16:09 - [TEST_STEP][PASSED] - navigateToUrl(RADurl): Navigate to 'https://qa2.velocitypayment.com/client/rad/index.html' successfully

2024-01-14 16:16:14 - [MESSAGE][PASSED] - Navigate to 'https://qa2.velocitypayment.com/client/rad/index.html' successfully

2024-01-14 16:16:14 - [TEST_STEP][PASSED] - orPath_Landing = "Object Repository/RAD_Pages/Landing_Page": null

2024-01-14 16:16:14 - [TEST_STEP][PASSED] - orPath_TaxTypeFilingYear = "Object Repository/RAD_Pages/TaxTypeFilingYear_Page": null

2024-01-14 16:16:14 - [TEST_STEP][PASSED] - orPath_TaxPayer = "Object Repository/RAD_Pages/Taxpayer_Page": null

2024-01-14 16:16:14 - [TEST_STEP][PASSED] - orPath_AddressContact = "Object Repository/RAD_Pages/AddressAndContactInfo_Page": null

2024-01-14 16:16:14 - [TEST_STEP][PASSED] - orPath_FilingStatus = "Object Repository/RAD_Pages/FilingStatus_Page": null

2024-01-14 16:16:14 - [TEST_STEP][PASSED] - orPath_Amount = "Object Repository/RAD_Pages/PaymentAmount_Page": null

2024-01-14 16:16:14 - [TEST_STEP][PASSED] - orPath_TaxInfo = "Object Repository/RAD_Pages/TaxInfo_Page": null

2024-01-14 16:16:14 - [TEST_STEP][PASSED] - orPath_Withholding = "Object Repository/RAD_Pages/Withholding_Page": null

2024-01-14 16:16:14 - [TEST_STEP][PASSED] - orPath_Summary = "Object Repository/RAD_Pages/Summary_Page": null

2024-01-14 16:16:14 - [TEST_STEP][PASSED] - orPath_PaymentReady = "Object Repository/RAD_Pages/PaymentReady_Page": null

2024-01-14 16:16:14 - [TEST_STEP][PASSED] - orPath_PaymentEntry = "Object Repository/RAD_Pages/PaymentEntry_Page": null

2024-01-14 16:16:14 - [TEST_STEP][PASSED] - orPath_PaymentConfirmation = "Object Repository/RAD_Pages/PaymentConfirmation_Page": null

2024-01-14 16:16:14 - [TEST_STEP][PASSED] - orPath_ServiceFeesAccept = "Object Repository/RAD_Pages/ServiceFeeAccept_Page": null

2024-01-14 16:16:14 - [TEST_STEP][PASSED] - selectOptionByLabel(findTestObject(orPath_Landing + "/dd_TaxType"), Paymenttype, false): All options with label 'New Tax Return Amount Due' are selected in object 'Object Repository/RAD_Pages/Landing_Page/dd_TaxType' 

2024-01-14 16:16:14 - [MESSAGE][PASSED] - All options with label 'New Tax Return Amount Due' are selected in object 'Object Repository/RAD_Pages/Landing_Page/dd_TaxType' 

2024-01-14 16:16:14 - [TEST_STEP][PASSED] - delay(1): Delayed 1 second(s)

2024-01-14 16:16:15 - [MESSAGE][PASSED] - Delayed 1 second(s)

2024-01-14 16:16:15 - [TEST_STEP][PASSED] - switch (Paymenttype): null

2024-01-14 16:16:15 - [TEST_STEP][PASSED] - case "New Tax Return Amount Due":: null

2024-01-14 16:16:15 - [TEST_STEP][PASSED] - selectOptionByLabel(findTestObject("Object Repository/RAD_Pages/Landing_Page/select_NewTaxReturnAmountDue_TaxType"), Taxtype, false): All options with label 'Unclaimed Property' are selected in object 'Object Repository/RAD_Pages/Landing_Page/select_NewTaxReturnAmountDue_TaxType' 

2024-01-14 16:16:16 - [MESSAGE][PASSED] - All options with label 'Unclaimed Property' are selected in object 'Object Repository/RAD_Pages/Landing_Page/select_NewTaxReturnAmountDue_TaxType' 

2024-01-14 16:16:16 - [TEST_STEP][PASSED] - break: null

2024-01-14 16:16:16 - [TEST_STEP][PASSED] - delay(1): Delayed 1 second(s)

2024-01-14 16:16:17 - [MESSAGE][PASSED] - Delayed 1 second(s)

2024-01-14 16:16:17 - [TEST_STEP][PASSED] - switch (Paymenttype): null

2024-01-14 16:16:17 - [TEST_STEP][PASSED] - case "New Tax Return Amount Due":: null

2024-01-14 16:16:17 - [TEST_STEP][PASSED] - if (feinSsn.equalsIgnoreCase("Y")): null

2024-01-14 16:16:17 - [TEST_STEP][PASSED] - else: Text ****** has been set on object 'Object Repository/RAD_Pages/TaxInfo_Page/input_FederalEIN_ReEnter-2'

2024-01-14 16:16:17 - [TEST_STEP][PASSED] - setEncryptedText(findTestObject(orPath_TaxInfo + "/input_FederalEIN-2"), "iGDxf8hSRT4="): Text ****** has been set on object 'Object Repository/RAD_Pages/TaxInfo_Page/input_FederalEIN-2'

2024-01-14 16:16:18 - [MESSAGE][PASSED] - Text ****** has been set on object 'Object Repository/RAD_Pages/TaxInfo_Page/input_FederalEIN-2'

2024-01-14 16:16:18 - [TEST_STEP][PASSED] - setEncryptedText(findTestObject(orPath_TaxInfo + "/input_FederalEIN_ReEnter-2"), ""): Text ****** has been set on object 'Object Repository/RAD_Pages/TaxInfo_Page/input_FederalEIN_ReEnter-2'

2024-01-14 16:16:18 - [MESSAGE][PASSED] - Text ****** has been set on object 'Object Repository/RAD_Pages/TaxInfo_Page/input_FederalEIN_ReEnter-2'

2024-01-14 16:16:18 - [TEST_STEP][PASSED] - break: null

2024-01-14 16:16:18 - [TEST_STEP][PASSED] - if (feinSsn.equalsIgnoreCase("Y")): null

2024-01-14 16:16:18 - [TEST_STEP][PASSED] - else: null

2024-01-14 16:16:18 - [TEST_STEP][PASSED] - if (verifyTextPresent("Please enter a valid FEIN with 9 digits.", true)): null

2024-01-14 16:16:19 - [MESSAGE][PASSED] - Text 'Please enter a valid FEIN with 9 digits.' is present on page  using regular expression

2024-01-14 16:16:19 - [TEST_STEP][PASSED] - println("Error Message is present on the page"): null

2024-01-14 16:16:19 - [TEST_STEP][PASSED] - out.println("Pass Record Number: " + row): null

2024-01-14 16:16:19 - [TEST_STEP][PASSED] - resText = "Pass": null

2024-01-14 16:16:19 - [TEST_STEP][PASSED] - pages.WriteExcel.demoKey(resText, datText, resColumn, datCloumn, fileLoc, nameSheet, row): pages.WriteExcel.demoKey is PASSED

2024-01-14 16:16:19 - [MESSAGE][PASSED] - pages.WriteExcel.demoKey is PASSED

2024-01-14 16:16:19 - [TEST_STEP][PASSED] - ExecuteTC = findTestData(dataFile).getValue("Execute", row): null

2024-01-14 16:16:19 - [TEST_STEP][PASSED] - Taxtype = findTestData(dataFile).getValue("TaxType", row): null

2024-01-14 16:16:19 - [TEST_STEP][PASSED] - Paymenttype = findTestData(dataFile).getValue("PaymentType", row): null

2024-01-14 16:16:19 - [TEST_STEP][PASSED] - feinSsn = findTestData(dataFile).getValue("FEINSSN", row): null

2024-01-14 16:16:19 - [TEST_STEP][PASSED] - out.println("Value of Execute is : " + ExecuteTC): null

2024-01-14 16:16:19 - [TEST_STEP][PASSED] - if (ExecuteTC.equalsIgnoreCase("Y")): null

2024-01-14 16:16:19 - [TEST_STEP][PASSED] - out.println("Begin Record Number: " + row): null

2024-01-14 16:16:19 - [TEST_STEP][PASSED] - today = new java.util.Date(): null

2024-01-14 16:16:19 - [TEST_STEP][PASSED] - println(today): null

2024-01-14 16:16:19 - [TEST_STEP][PASSED] - datText = today: null

2024-01-14 16:16:19 - [TEST_STEP][PASSED] - Taxtype = findTestData(dataFile).getValue("TaxType", row): null

2024-01-14 16:16:19 - [TEST_STEP][PASSED] - out.println("Taxtype value is : " + Taxtype): null

2024-01-14 16:16:19 - [TEST_STEP][PASSED] - openBrowser(""): Browser is opened with url: ''

2024-01-14 16:16:19 - [MESSAGE][WARNING] - A browser is already opened. Closing browser and opening a new one

2024-01-14 16:16:20 - [MESSAGE][INFO] - Starting 'Chrome' driver

2024-01-14 16:16:20 - [MESSAGE][INFO] - User set preference: ['acceptInsecureCerts', 'true']

2024-01-14 16:16:20 - [MESSAGE][INFO] - Action delay is set to 0 milliseconds

2024-01-14 16:16:22 - [MESSAGE][PASSED] - Browser is opened with url: ''

2024-01-14 16:16:22 - [TEST_STEP][PASSED] - maximizeWindow(): Current window maximized

2024-01-14 16:16:22 - [MESSAGE][PASSED] - Current window maximized

2024-01-14 16:16:22 - [TEST_STEP][PASSED] - navigateToUrl(RADurl): Navigate to 'https://qa2.velocitypayment.com/client/rad/index.html' successfully

2024-01-14 16:16:23 - [MESSAGE][PASSED] - Navigate to 'https://qa2.velocitypayment.com/client/rad/index.html' successfully

2024-01-14 16:16:23 - [TEST_STEP][PASSED] - orPath_Landing = "Object Repository/RAD_Pages/Landing_Page": null

2024-01-14 16:16:23 - [TEST_STEP][PASSED] - orPath_TaxTypeFilingYear = "Object Repository/RAD_Pages/TaxTypeFilingYear_Page": null

2024-01-14 16:16:23 - [TEST_STEP][PASSED] - orPath_TaxPayer = "Object Repository/RAD_Pages/Taxpayer_Page": null

2024-01-14 16:16:23 - [TEST_STEP][PASSED] - orPath_AddressContact = "Object Repository/RAD_Pages/AddressAndContactInfo_Page": null

2024-01-14 16:16:23 - [TEST_STEP][PASSED] - orPath_FilingStatus = "Object Repository/RAD_Pages/FilingStatus_Page": null

2024-01-14 16:16:23 - [TEST_STEP][PASSED] - orPath_Amount = "Object Repository/RAD_Pages/PaymentAmount_Page": null

2024-01-14 16:16:23 - [TEST_STEP][PASSED] - orPath_TaxInfo = "Object Repository/RAD_Pages/TaxInfo_Page": null

2024-01-14 16:16:23 - [TEST_STEP][PASSED] - orPath_Withholding = "Object Repository/RAD_Pages/Withholding_Page": null

2024-01-14 16:16:23 - [TEST_STEP][PASSED] - orPath_Summary = "Object Repository/RAD_Pages/Summary_Page": null

2024-01-14 16:16:23 - [TEST_STEP][PASSED] - orPath_PaymentReady = "Object Repository/RAD_Pages/PaymentReady_Page": null

2024-01-14 16:16:23 - [TEST_STEP][PASSED] - orPath_PaymentEntry = "Object Repository/RAD_Pages/PaymentEntry_Page": null

2024-01-14 16:16:23 - [TEST_STEP][PASSED] - orPath_PaymentConfirmation = "Object Repository/RAD_Pages/PaymentConfirmation_Page": null

2024-01-14 16:16:23 - [TEST_STEP][PASSED] - orPath_ServiceFeesAccept = "Object Repository/RAD_Pages/ServiceFeeAccept_Page": null

2024-01-14 16:16:23 - [TEST_STEP][PASSED] - selectOptionByLabel(findTestObject(orPath_Landing + "/dd_TaxType"), Paymenttype, false): All options with label 'New Tax Return Amount Due' are selected in object 'Object Repository/RAD_Pages/Landing_Page/dd_TaxType' 

2024-01-14 16:16:24 - [MESSAGE][PASSED] - All options with label 'New Tax Return Amount Due' are selected in object 'Object Repository/RAD_Pages/Landing_Page/dd_TaxType' 

2024-01-14 16:16:24 - [TEST_STEP][PASSED] - delay(1): Delayed 1 second(s)

2024-01-14 16:16:25 - [MESSAGE][PASSED] - Delayed 1 second(s)

2024-01-14 16:16:25 - [TEST_STEP][PASSED] - switch (Paymenttype): null

2024-01-14 16:16:25 - [TEST_STEP][PASSED] - case "New Tax Return Amount Due":: null

2024-01-14 16:16:25 - [TEST_STEP][PASSED] - selectOptionByLabel(findTestObject("Object Repository/RAD_Pages/Landing_Page/select_NewTaxReturnAmountDue_TaxType"), Taxtype, false): All options with label 'Withholding Tax' are selected in object 'Object Repository/RAD_Pages/Landing_Page/select_NewTaxReturnAmountDue_TaxType' 

2024-01-14 16:16:26 - [MESSAGE][PASSED] - All options with label 'Withholding Tax' are selected in object 'Object Repository/RAD_Pages/Landing_Page/select_NewTaxReturnAmountDue_TaxType' 

2024-01-14 16:16:26 - [TEST_STEP][PASSED] - break: null

2024-01-14 16:16:26 - [TEST_STEP][PASSED] - delay(1): Delayed 1 second(s)

2024-01-14 16:16:27 - [MESSAGE][PASSED] - Delayed 1 second(s)

2024-01-14 16:16:27 - [TEST_STEP][PASSED] - switch (Paymenttype): null

2024-01-14 16:16:27 - [TEST_STEP][PASSED] - case "New Tax Return Amount Due":: null

2024-01-14 16:16:27 - [TEST_STEP][PASSED] - if (feinSsn.equalsIgnoreCase("Y")): null

2024-01-14 16:16:27 - [TEST_STEP][PASSED] - else: Text ****** has been set on object 'Object Repository/RAD_Pages/TaxInfo_Page/input_FederalEIN_ReEnter-2'

2024-01-14 16:16:27 - [TEST_STEP][PASSED] - setEncryptedText(findTestObject(orPath_TaxInfo + "/input_FederalEIN-2"), "iGDxf8hSRT4="): Text ****** has been set on object 'Object Repository/RAD_Pages/TaxInfo_Page/input_FederalEIN-2'

2024-01-14 16:16:27 - [MESSAGE][PASSED] - Text ****** has been set on object 'Object Repository/RAD_Pages/TaxInfo_Page/input_FederalEIN-2'

2024-01-14 16:16:27 - [TEST_STEP][PASSED] - setEncryptedText(findTestObject(orPath_TaxInfo + "/input_FederalEIN_ReEnter-2"), ""): Text ****** has been set on object 'Object Repository/RAD_Pages/TaxInfo_Page/input_FederalEIN_ReEnter-2'

2024-01-14 16:16:28 - [MESSAGE][PASSED] - Text ****** has been set on object 'Object Repository/RAD_Pages/TaxInfo_Page/input_FederalEIN_ReEnter-2'

2024-01-14 16:16:28 - [TEST_STEP][PASSED] - break: null

2024-01-14 16:16:28 - [TEST_STEP][PASSED] - if (feinSsn.equalsIgnoreCase("Y")): null

2024-01-14 16:16:28 - [TEST_STEP][PASSED] - else: null

2024-01-14 16:16:28 - [TEST_STEP][PASSED] - if (verifyTextPresent("Please enter a valid FEIN with 9 digits.", true)): null

2024-01-14 16:16:28 - [MESSAGE][PASSED] - Text 'Please enter a valid FEIN with 9 digits.' is present on page  using regular expression

2024-01-14 16:16:28 - [TEST_STEP][PASSED] - println("Error Message is present on the page"): null

2024-01-14 16:16:28 - [TEST_STEP][PASSED] - out.println("Pass Record Number: " + row): null

2024-01-14 16:16:28 - [TEST_STEP][PASSED] - resText = "Pass": null

2024-01-14 16:16:28 - [TEST_STEP][PASSED] - pages.WriteExcel.demoKey(resText, datText, resColumn, datCloumn, fileLoc, nameSheet, row): pages.WriteExcel.demoKey is PASSED

2024-01-14 16:16:28 - [MESSAGE][PASSED] - pages.WriteExcel.demoKey is PASSED]]></system-out>
         <system-err><![CDATA[]]></system-err>
      </testcase>
      <testcase name="Test Cases/RAD_TestCases/Negative_TestCases/EL-NumberValidation" time="424.227" classname="Test Cases/RAD_TestCases/Negative_TestCases/EL-NumberValidation" status="PASSED">
         <system-out><![CDATA[2024-01-14 16:16:28 - [TEST_CASE][PASSED] - Test Cases/RAD_TestCases/Negative_TestCases/EL-NumberValidation: Test Cases/RAD_TestCases/Negative_TestCases/EL-NumberValidation

2024-01-14 16:16:29 - [TEST_STEP][PASSED] - resText = "Fail": null

2024-01-14 16:16:29 - [TEST_STEP][PASSED] - resColumn = "Result": null

2024-01-14 16:16:29 - [TEST_STEP][PASSED] - datCloumn = "Date": null

2024-01-14 16:16:29 - [TEST_STEP][PASSED] - fileLoc = "KatalonData/RADTestData/EL-NumberValidation.xlsx": null

2024-01-14 16:16:29 - [TEST_STEP][PASSED] - nameSheet = "NumberError": null

2024-01-14 16:16:29 - [TEST_STEP][PASSED] - dataFile = "RADTestData/EL-NumberValidation": null

2024-01-14 16:16:29 - [TEST_STEP][PASSED] - ExecuteTC = <not implemented yet for class: org.codehaus.groovy.ast.expr.EmptyExpression>: null

2024-01-14 16:16:29 - [TEST_STEP][PASSED] - Taxtype = <not implemented yet for class: org.codehaus.groovy.ast.expr.EmptyExpression>: null

2024-01-14 16:16:29 - [TEST_STEP][PASSED] - TaxTypeEL = <not implemented yet for class: org.codehaus.groovy.ast.expr.EmptyExpression>: null

2024-01-14 16:16:29 - [TEST_STEP][PASSED] - notInvNumber = <not implemented yet for class: org.codehaus.groovy.ast.expr.EmptyExpression>: null

2024-01-14 16:16:29 - [TEST_STEP][PASSED] - errorMsg = <not implemented yet for class: org.codehaus.groovy.ast.expr.EmptyExpression>: null

2024-01-14 16:16:29 - [TEST_STEP][PASSED] - numOfRows = findTestData(dataFile).getRowNumbers(): null

2024-01-14 16:16:29 - [TEST_STEP][PASSED] - println("Number of Records: " + numOfRows): null

2024-01-14 16:16:29 - [TEST_STEP][PASSED] - for ([row = 1, row <= numOfRows, (row++)]): null

2024-01-14 16:16:29 - [TEST_STEP][PASSED] - ExecuteTC = findTestData(dataFile).getValue("Execute", row): null

2024-01-14 16:16:29 - [TEST_STEP][PASSED] - Taxtype = findTestData(dataFile).getValue("TaxType", row): null

2024-01-14 16:16:29 - [TEST_STEP][PASSED] - TaxTypeEL = findTestData(dataFile).getValue("TaxTypeEL", row): null

2024-01-14 16:16:29 - [TEST_STEP][PASSED] - notInvNumber = findTestData(dataFile).getValue("NotiInvoNumber", row): null

2024-01-14 16:16:29 - [TEST_STEP][PASSED] - errorMsg = findTestData(dataFile).getValue("ErrorMessage", row): null

2024-01-14 16:16:29 - [TEST_STEP][PASSED] - out.println("Value of Execute is : " + ExecuteTC): null

2024-01-14 16:16:29 - [TEST_STEP][PASSED] - if (ExecuteTC.equalsIgnoreCase("Y")): null

2024-01-14 16:16:29 - [TEST_STEP][PASSED] - out.println("Begin Record Number: " + row): null

2024-01-14 16:16:29 - [TEST_STEP][PASSED] - today = new java.util.Date(): null

2024-01-14 16:16:29 - [TEST_STEP][PASSED] - println(today): null

2024-01-14 16:16:29 - [TEST_STEP][PASSED] - datText = today: null

2024-01-14 16:16:29 - [TEST_STEP][PASSED] - Taxtype = findTestData(dataFile).getValue("TaxType", row): null

2024-01-14 16:16:29 - [TEST_STEP][PASSED] - out.println("Taxtype value is : " + Taxtype): null

2024-01-14 16:16:29 - [TEST_STEP][PASSED] - openBrowser(""): Browser is opened with url: ''

2024-01-14 16:16:29 - [MESSAGE][WARNING] - A browser is already opened. Closing browser and opening a new one

2024-01-14 16:16:30 - [MESSAGE][INFO] - Starting 'Chrome' driver

2024-01-14 16:16:30 - [MESSAGE][INFO] - User set preference: ['acceptInsecureCerts', 'true']

2024-01-14 16:16:30 - [MESSAGE][INFO] - Action delay is set to 0 milliseconds

2024-01-14 16:16:32 - [MESSAGE][PASSED] - Browser is opened with url: ''

2024-01-14 16:16:32 - [TEST_STEP][PASSED] - maximizeWindow(): Current window maximized

2024-01-14 16:16:32 - [MESSAGE][PASSED] - Current window maximized

2024-01-14 16:16:32 - [TEST_STEP][PASSED] - navigateToUrl(RADurl): Navigate to 'https://qa2.velocitypayment.com/client/rad/index.html' successfully

2024-01-14 16:16:33 - [MESSAGE][PASSED] - Navigate to 'https://qa2.velocitypayment.com/client/rad/index.html' successfully

2024-01-14 16:16:33 - [TEST_STEP][PASSED] - orPath_Landing = "Object Repository/RAD_Pages/Landing_Page": null

2024-01-14 16:16:33 - [TEST_STEP][PASSED] - orPath_TaxTypeFilingYear = "Object Repository/RAD_Pages/TaxTypeFilingYear_Page": null

2024-01-14 16:16:33 - [TEST_STEP][PASSED] - orPath_TaxPayer = "Object Repository/RAD_Pages/Taxpayer_Page": null

2024-01-14 16:16:33 - [TEST_STEP][PASSED] - orPath_AddressContact = "Object Repository/RAD_Pages/AddressAndContactInfo_Page": null

2024-01-14 16:16:33 - [TEST_STEP][PASSED] - orPath_FilingStatus = "Object Repository/RAD_Pages/FilingStatus_Page": null

2024-01-14 16:16:33 - [TEST_STEP][PASSED] - orPath_Amount = "Object Repository/RAD_Pages/PaymentAmount_Page": null

2024-01-14 16:16:33 - [TEST_STEP][PASSED] - orPath_TaxInfo = "Object Repository/RAD_Pages/TaxInfo_Page": null

2024-01-14 16:16:33 - [TEST_STEP][PASSED] - orPath_Withholding = "Object Repository/RAD_Pages/Withholding_Page": null

2024-01-14 16:16:33 - [TEST_STEP][PASSED] - orPath_Summary = "Object Repository/RAD_Pages/Summary_Page": null

2024-01-14 16:16:33 - [TEST_STEP][PASSED] - orPath_PaymentReady = "Object Repository/RAD_Pages/PaymentReady_Page": null

2024-01-14 16:16:33 - [TEST_STEP][PASSED] - orPath_PaymentEntry = "Object Repository/RAD_Pages/PaymentEntry_Page": null

2024-01-14 16:16:33 - [TEST_STEP][PASSED] - orPath_PaymentConfirmation = "Object Repository/RAD_Pages/PaymentConfirmation_Page": null

2024-01-14 16:16:33 - [TEST_STEP][PASSED] - orPath_ServiceFeesAccept = "Object Repository/RAD_Pages/ServiceFeeAccept_Page": null

2024-01-14 16:16:33 - [TEST_STEP][PASSED] - selectOptionByLabel(findTestObject(orPath_Landing + "/dd_TaxType"), Taxtype, false): All options with label 'Existing Liability w/Notice Number' are selected in object 'Object Repository/RAD_Pages/Landing_Page/dd_TaxType' 

2024-01-14 16:16:34 - [MESSAGE][PASSED] - All options with label 'Existing Liability w/Notice Number' are selected in object 'Object Repository/RAD_Pages/Landing_Page/dd_TaxType' 

2024-01-14 16:16:34 - [TEST_STEP][PASSED] - delay(1): Delayed 1 second(s)

2024-01-14 16:16:35 - [MESSAGE][PASSED] - Delayed 1 second(s)

2024-01-14 16:16:35 - [TEST_STEP][PASSED] - selectOptionByLabel(findTestObject(orPath_TaxTypeFilingYear + "/select_TaxType_ExistingLiability"), TaxTypeEL, false): All options with label 'Bay Restoration Fee' are selected in object 'Object Repository/RAD_Pages/TaxTypeFilingYear_Page/select_TaxType_ExistingLiability' 

2024-01-14 16:16:35 - [MESSAGE][PASSED] - All options with label 'Bay Restoration Fee' are selected in object 'Object Repository/RAD_Pages/TaxTypeFilingYear_Page/select_TaxType_ExistingLiability' 

2024-01-14 16:16:35 - [TEST_STEP][PASSED] - setText(findTestObject(orPath_TaxInfo + "/input_NoticeInvoiceNumber"), notInvNumber): Text '123456789' is set on object 'Object Repository/RAD_Pages/TaxInfo_Page/input_NoticeInvoiceNumber'

2024-01-14 16:16:36 - [MESSAGE][PASSED] - Text '123456789' is set on object 'Object Repository/RAD_Pages/TaxInfo_Page/input_NoticeInvoiceNumber'

2024-01-14 16:16:36 - [TEST_STEP][PASSED] - setText(findTestObject(orPath_TaxInfo + "/input_reTypeNoticeInvoiceNumber"), notInvNumber): Text '123456789' is set on object 'Object Repository/RAD_Pages/TaxInfo_Page/input_reTypeNoticeInvoiceNumber'

2024-01-14 16:16:37 - [MESSAGE][PASSED] - Text '123456789' is set on object 'Object Repository/RAD_Pages/TaxInfo_Page/input_reTypeNoticeInvoiceNumber'

2024-01-14 16:16:37 - [TEST_STEP][PASSED] - println(notInvNumber): null

2024-01-14 16:16:37 - [TEST_STEP][PASSED] - if (verifyTextPresent(errorMsg, true)): null

2024-01-14 16:16:38 - [MESSAGE][PASSED] - Text 'Notice Number must be 13 digits in length, with a value greater than zero' is present on page  using regular expression

2024-01-14 16:16:38 - [TEST_STEP][PASSED] - println("Error Message is present on the page"): null

2024-01-14 16:16:38 - [TEST_STEP][PASSED] - out.println("Pass Record Number: " + row): null

2024-01-14 16:16:38 - [TEST_STEP][PASSED] - resText = "Pass": null

2024-01-14 16:16:38 - [TEST_STEP][PASSED] - pages.WriteExcel.demoKey(resText, datText, resColumn, datCloumn, fileLoc, nameSheet, row): pages.WriteExcel.demoKey is PASSED

2024-01-14 16:16:38 - [MESSAGE][PASSED] - pages.WriteExcel.demoKey is PASSED

2024-01-14 16:16:38 - [TEST_STEP][PASSED] - ExecuteTC = findTestData(dataFile).getValue("Execute", row): null

2024-01-14 16:16:38 - [TEST_STEP][PASSED] - Taxtype = findTestData(dataFile).getValue("TaxType", row): null

2024-01-14 16:16:38 - [TEST_STEP][PASSED] - TaxTypeEL = findTestData(dataFile).getValue("TaxTypeEL", row): null

2024-01-14 16:16:38 - [TEST_STEP][PASSED] - notInvNumber = findTestData(dataFile).getValue("NotiInvoNumber", row): null

2024-01-14 16:16:38 - [TEST_STEP][PASSED] - errorMsg = findTestData(dataFile).getValue("ErrorMessage", row): null

2024-01-14 16:16:38 - [TEST_STEP][PASSED] - out.println("Value of Execute is : " + ExecuteTC): null

2024-01-14 16:16:38 - [TEST_STEP][PASSED] - if (ExecuteTC.equalsIgnoreCase("Y")): null

2024-01-14 16:16:38 - [TEST_STEP][PASSED] - out.println("Begin Record Number: " + row): null

2024-01-14 16:16:38 - [TEST_STEP][PASSED] - today = new java.util.Date(): null

2024-01-14 16:16:38 - [TEST_STEP][PASSED] - println(today): null

2024-01-14 16:16:38 - [TEST_STEP][PASSED] - datText = today: null

2024-01-14 16:16:38 - [TEST_STEP][PASSED] - Taxtype = findTestData(dataFile).getValue("TaxType", row): null

2024-01-14 16:16:38 - [TEST_STEP][PASSED] - out.println("Taxtype value is : " + Taxtype): null

2024-01-14 16:16:38 - [TEST_STEP][PASSED] - openBrowser(""): Browser is opened with url: ''

2024-01-14 16:16:38 - [MESSAGE][WARNING] - A browser is already opened. Closing browser and opening a new one

2024-01-14 16:16:39 - [MESSAGE][INFO] - Starting 'Chrome' driver

2024-01-14 16:16:39 - [MESSAGE][INFO] - User set preference: ['acceptInsecureCerts', 'true']

2024-01-14 16:16:39 - [MESSAGE][INFO] - Action delay is set to 0 milliseconds

2024-01-14 16:16:41 - [MESSAGE][PASSED] - Browser is opened with url: ''

2024-01-14 16:16:41 - [TEST_STEP][PASSED] - maximizeWindow(): Current window maximized

2024-01-14 16:16:41 - [MESSAGE][PASSED] - Current window maximized

2024-01-14 16:16:41 - [TEST_STEP][PASSED] - navigateToUrl(RADurl): Navigate to 'https://qa2.velocitypayment.com/client/rad/index.html' successfully

2024-01-14 16:16:41 - [MESSAGE][PASSED] - Navigate to 'https://qa2.velocitypayment.com/client/rad/index.html' successfully

2024-01-14 16:16:41 - [TEST_STEP][PASSED] - orPath_Landing = "Object Repository/RAD_Pages/Landing_Page": null

2024-01-14 16:16:41 - [TEST_STEP][PASSED] - orPath_TaxTypeFilingYear = "Object Repository/RAD_Pages/TaxTypeFilingYear_Page": null

2024-01-14 16:16:41 - [TEST_STEP][PASSED] - orPath_TaxPayer = "Object Repository/RAD_Pages/Taxpayer_Page": null

2024-01-14 16:16:41 - [TEST_STEP][PASSED] - orPath_AddressContact = "Object Repository/RAD_Pages/AddressAndContactInfo_Page": null

2024-01-14 16:16:41 - [TEST_STEP][PASSED] - orPath_FilingStatus = "Object Repository/RAD_Pages/FilingStatus_Page": null

2024-01-14 16:16:41 - [TEST_STEP][PASSED] - orPath_Amount = "Object Repository/RAD_Pages/PaymentAmount_Page": null

2024-01-14 16:16:41 - [TEST_STEP][PASSED] - orPath_TaxInfo = "Object Repository/RAD_Pages/TaxInfo_Page": null

2024-01-14 16:16:41 - [TEST_STEP][PASSED] - orPath_Withholding = "Object Repository/RAD_Pages/Withholding_Page": null

2024-01-14 16:16:41 - [TEST_STEP][PASSED] - orPath_Summary = "Object Repository/RAD_Pages/Summary_Page": null

2024-01-14 16:16:41 - [TEST_STEP][PASSED] - orPath_PaymentReady = "Object Repository/RAD_Pages/PaymentReady_Page": null

2024-01-14 16:16:41 - [TEST_STEP][PASSED] - orPath_PaymentEntry = "Object Repository/RAD_Pages/PaymentEntry_Page": null

2024-01-14 16:16:41 - [TEST_STEP][PASSED] - orPath_PaymentConfirmation = "Object Repository/RAD_Pages/PaymentConfirmation_Page": null

2024-01-14 16:16:41 - [TEST_STEP][PASSED] - orPath_ServiceFeesAccept = "Object Repository/RAD_Pages/ServiceFeeAccept_Page": null

2024-01-14 16:16:41 - [TEST_STEP][PASSED] - selectOptionByLabel(findTestObject(orPath_Landing + "/dd_TaxType"), Taxtype, false): All options with label 'Existing Liability w/Notice Number' are selected in object 'Object Repository/RAD_Pages/Landing_Page/dd_TaxType' 

2024-01-14 16:16:43 - [MESSAGE][PASSED] - All options with label 'Existing Liability w/Notice Number' are selected in object 'Object Repository/RAD_Pages/Landing_Page/dd_TaxType' 

2024-01-14 16:16:43 - [TEST_STEP][PASSED] - delay(1): Delayed 1 second(s)

2024-01-14 16:16:44 - [MESSAGE][PASSED] - Delayed 1 second(s)

2024-01-14 16:16:44 - [TEST_STEP][PASSED] - selectOptionByLabel(findTestObject(orPath_TaxTypeFilingYear + "/select_TaxType_ExistingLiability"), TaxTypeEL, false): All options with label 'Corporate Income Tax' are selected in object 'Object Repository/RAD_Pages/TaxTypeFilingYear_Page/select_TaxType_ExistingLiability' 

2024-01-14 16:16:45 - [MESSAGE][PASSED] - All options with label 'Corporate Income Tax' are selected in object 'Object Repository/RAD_Pages/TaxTypeFilingYear_Page/select_TaxType_ExistingLiability' 

2024-01-14 16:16:45 - [TEST_STEP][PASSED] - setText(findTestObject(orPath_TaxInfo + "/input_NoticeInvoiceNumber"), notInvNumber): Text '123456789' is set on object 'Object Repository/RAD_Pages/TaxInfo_Page/input_NoticeInvoiceNumber'

2024-01-14 16:16:46 - [MESSAGE][PASSED] - Text '123456789' is set on object 'Object Repository/RAD_Pages/TaxInfo_Page/input_NoticeInvoiceNumber'

2024-01-14 16:16:46 - [TEST_STEP][PASSED] - setText(findTestObject(orPath_TaxInfo + "/input_reTypeNoticeInvoiceNumber"), notInvNumber): Text '123456789' is set on object 'Object Repository/RAD_Pages/TaxInfo_Page/input_reTypeNoticeInvoiceNumber'

2024-01-14 16:16:46 - [MESSAGE][PASSED] - Text '123456789' is set on object 'Object Repository/RAD_Pages/TaxInfo_Page/input_reTypeNoticeInvoiceNumber'

2024-01-14 16:16:46 - [TEST_STEP][PASSED] - println(notInvNumber): null

2024-01-14 16:16:46 - [TEST_STEP][PASSED] - if (verifyTextPresent(errorMsg, true)): null

2024-01-14 16:16:47 - [MESSAGE][PASSED] - Text 'Invoice Number must be 10 or 13 digits in length, with a value greater than zero' is present on page  using regular expression

2024-01-14 16:16:47 - [TEST_STEP][PASSED] - println("Error Message is present on the page"): null

2024-01-14 16:16:47 - [TEST_STEP][PASSED] - out.println("Pass Record Number: " + row): null

2024-01-14 16:16:47 - [TEST_STEP][PASSED] - resText = "Pass": null

2024-01-14 16:16:47 - [TEST_STEP][PASSED] - pages.WriteExcel.demoKey(resText, datText, resColumn, datCloumn, fileLoc, nameSheet, row): pages.WriteExcel.demoKey is PASSED

2024-01-14 16:16:47 - [MESSAGE][PASSED] - pages.WriteExcel.demoKey is PASSED

2024-01-14 16:16:47 - [TEST_STEP][PASSED] - ExecuteTC = findTestData(dataFile).getValue("Execute", row): null

2024-01-14 16:16:47 - [TEST_STEP][PASSED] - Taxtype = findTestData(dataFile).getValue("TaxType", row): null

2024-01-14 16:16:47 - [TEST_STEP][PASSED] - TaxTypeEL = findTestData(dataFile).getValue("TaxTypeEL", row): null

2024-01-14 16:16:47 - [TEST_STEP][PASSED] - notInvNumber = findTestData(dataFile).getValue("NotiInvoNumber", row): null

2024-01-14 16:16:47 - [TEST_STEP][PASSED] - errorMsg = findTestData(dataFile).getValue("ErrorMessage", row): null

2024-01-14 16:16:47 - [TEST_STEP][PASSED] - out.println("Value of Execute is : " + ExecuteTC): null

2024-01-14 16:16:47 - [TEST_STEP][PASSED] - if (ExecuteTC.equalsIgnoreCase("Y")): null

2024-01-14 16:16:47 - [TEST_STEP][PASSED] - out.println("Begin Record Number: " + row): null

2024-01-14 16:16:47 - [TEST_STEP][PASSED] - today = new java.util.Date(): null

2024-01-14 16:16:47 - [TEST_STEP][PASSED] - println(today): null

2024-01-14 16:16:47 - [TEST_STEP][PASSED] - datText = today: null

2024-01-14 16:16:47 - [TEST_STEP][PASSED] - Taxtype = findTestData(dataFile).getValue("TaxType", row): null

2024-01-14 16:16:47 - [TEST_STEP][PASSED] - out.println("Taxtype value is : " + Taxtype): null

2024-01-14 16:16:47 - [TEST_STEP][PASSED] - openBrowser(""): Browser is opened with url: ''

2024-01-14 16:16:47 - [MESSAGE][WARNING] - A browser is already opened. Closing browser and opening a new one

2024-01-14 16:16:48 - [MESSAGE][INFO] - Starting 'Chrome' driver

2024-01-14 16:16:48 - [MESSAGE][INFO] - User set preference: ['acceptInsecureCerts', 'true']

2024-01-14 16:16:48 - [MESSAGE][INFO] - Action delay is set to 0 milliseconds

2024-01-14 16:16:50 - [MESSAGE][PASSED] - Browser is opened with url: ''

2024-01-14 16:16:50 - [TEST_STEP][PASSED] - maximizeWindow(): Current window maximized

2024-01-14 16:16:50 - [MESSAGE][PASSED] - Current window maximized

2024-01-14 16:16:50 - [TEST_STEP][PASSED] - navigateToUrl(RADurl): Navigate to 'https://qa2.velocitypayment.com/client/rad/index.html' successfully

2024-01-14 16:16:51 - [MESSAGE][PASSED] - Navigate to 'https://qa2.velocitypayment.com/client/rad/index.html' successfully

2024-01-14 16:16:51 - [TEST_STEP][PASSED] - orPath_Landing = "Object Repository/RAD_Pages/Landing_Page": null

2024-01-14 16:16:51 - [TEST_STEP][PASSED] - orPath_TaxTypeFilingYear = "Object Repository/RAD_Pages/TaxTypeFilingYear_Page": null

2024-01-14 16:16:51 - [TEST_STEP][PASSED] - orPath_TaxPayer = "Object Repository/RAD_Pages/Taxpayer_Page": null

2024-01-14 16:16:51 - [TEST_STEP][PASSED] - orPath_AddressContact = "Object Repository/RAD_Pages/AddressAndContactInfo_Page": null

2024-01-14 16:16:51 - [TEST_STEP][PASSED] - orPath_FilingStatus = "Object Repository/RAD_Pages/FilingStatus_Page": null

2024-01-14 16:16:51 - [TEST_STEP][PASSED] - orPath_Amount = "Object Repository/RAD_Pages/PaymentAmount_Page": null

2024-01-14 16:16:51 - [TEST_STEP][PASSED] - orPath_TaxInfo = "Object Repository/RAD_Pages/TaxInfo_Page": null

2024-01-14 16:16:51 - [TEST_STEP][PASSED] - orPath_Withholding = "Object Repository/RAD_Pages/Withholding_Page": null

2024-01-14 16:16:51 - [TEST_STEP][PASSED] - orPath_Summary = "Object Repository/RAD_Pages/Summary_Page": null

2024-01-14 16:16:51 - [TEST_STEP][PASSED] - orPath_PaymentReady = "Object Repository/RAD_Pages/PaymentReady_Page": null

2024-01-14 16:16:51 - [TEST_STEP][PASSED] - orPath_PaymentEntry = "Object Repository/RAD_Pages/PaymentEntry_Page": null

2024-01-14 16:16:51 - [TEST_STEP][PASSED] - orPath_PaymentConfirmation = "Object Repository/RAD_Pages/PaymentConfirmation_Page": null

2024-01-14 16:16:51 - [TEST_STEP][PASSED] - orPath_ServiceFeesAccept = "Object Repository/RAD_Pages/ServiceFeeAccept_Page": null

2024-01-14 16:16:51 - [TEST_STEP][PASSED] - selectOptionByLabel(findTestObject(orPath_Landing + "/dd_TaxType"), Taxtype, false): All options with label 'Existing Liability w/Notice Number' are selected in object 'Object Repository/RAD_Pages/Landing_Page/dd_TaxType' 

2024-01-14 16:16:52 - [MESSAGE][PASSED] - All options with label 'Existing Liability w/Notice Number' are selected in object 'Object Repository/RAD_Pages/Landing_Page/dd_TaxType' 

2024-01-14 16:16:52 - [TEST_STEP][PASSED] - delay(1): Delayed 1 second(s)

2024-01-14 16:16:53 - [MESSAGE][PASSED] - Delayed 1 second(s)

2024-01-14 16:16:53 - [TEST_STEP][PASSED] - selectOptionByLabel(findTestObject(orPath_TaxTypeFilingYear + "/select_TaxType_ExistingLiability"), TaxTypeEL, false): All options with label 'Corporate Income Tax' are selected in object 'Object Repository/RAD_Pages/TaxTypeFilingYear_Page/select_TaxType_ExistingLiability' 

2024-01-14 16:16:54 - [MESSAGE][PASSED] - All options with label 'Corporate Income Tax' are selected in object 'Object Repository/RAD_Pages/TaxTypeFilingYear_Page/select_TaxType_ExistingLiability' 

2024-01-14 16:16:54 - [TEST_STEP][PASSED] - setText(findTestObject(orPath_TaxInfo + "/input_NoticeInvoiceNumber"), notInvNumber): Text '12345678901' is set on object 'Object Repository/RAD_Pages/TaxInfo_Page/input_NoticeInvoiceNumber'

2024-01-14 16:16:55 - [MESSAGE][PASSED] - Text '12345678901' is set on object 'Object Repository/RAD_Pages/TaxInfo_Page/input_NoticeInvoiceNumber'

2024-01-14 16:16:55 - [TEST_STEP][PASSED] - setText(findTestObject(orPath_TaxInfo + "/input_reTypeNoticeInvoiceNumber"), notInvNumber): Text '12345678901' is set on object 'Object Repository/RAD_Pages/TaxInfo_Page/input_reTypeNoticeInvoiceNumber'

2024-01-14 16:16:56 - [MESSAGE][PASSED] - Text '12345678901' is set on object 'Object Repository/RAD_Pages/TaxInfo_Page/input_reTypeNoticeInvoiceNumber'

2024-01-14 16:16:56 - [TEST_STEP][PASSED] - println(notInvNumber): null

2024-01-14 16:16:56 - [TEST_STEP][PASSED] - if (verifyTextPresent(errorMsg, true)): null

2024-01-14 16:16:56 - [MESSAGE][PASSED] - Text 'Invoice Number must be 10 or 13 digits in length, with a value greater than zero' is present on page  using regular expression

2024-01-14 16:16:56 - [TEST_STEP][PASSED] - println("Error Message is present on the page"): null

2024-01-14 16:16:56 - [TEST_STEP][PASSED] - out.println("Pass Record Number: " + row): null

2024-01-14 16:16:56 - [TEST_STEP][PASSED] - resText = "Pass": null

2024-01-14 16:16:56 - [TEST_STEP][PASSED] - pages.WriteExcel.demoKey(resText, datText, resColumn, datCloumn, fileLoc, nameSheet, row): pages.WriteExcel.demoKey is PASSED

2024-01-14 16:16:56 - [MESSAGE][PASSED] - pages.WriteExcel.demoKey is PASSED

2024-01-14 16:16:56 - [TEST_STEP][PASSED] - ExecuteTC = findTestData(dataFile).getValue("Execute", row): null

2024-01-14 16:16:56 - [TEST_STEP][PASSED] - Taxtype = findTestData(dataFile).getValue("TaxType", row): null

2024-01-14 16:16:56 - [TEST_STEP][PASSED] - TaxTypeEL = findTestData(dataFile).getValue("TaxTypeEL", row): null

2024-01-14 16:16:56 - [TEST_STEP][PASSED] - notInvNumber = findTestData(dataFile).getValue("NotiInvoNumber", row): null

2024-01-14 16:16:56 - [TEST_STEP][PASSED] - errorMsg = findTestData(dataFile).getValue("ErrorMessage", row): null

2024-01-14 16:16:56 - [TEST_STEP][PASSED] - out.println("Value of Execute is : " + ExecuteTC): null

2024-01-14 16:16:56 - [TEST_STEP][PASSED] - if (ExecuteTC.equalsIgnoreCase("Y")): null

2024-01-14 16:16:56 - [TEST_STEP][PASSED] - out.println("Begin Record Number: " + row): null

2024-01-14 16:16:56 - [TEST_STEP][PASSED] - today = new java.util.Date(): null

2024-01-14 16:16:56 - [TEST_STEP][PASSED] - println(today): null

2024-01-14 16:16:56 - [TEST_STEP][PASSED] - datText = today: null

2024-01-14 16:16:56 - [TEST_STEP][PASSED] - Taxtype = findTestData(dataFile).getValue("TaxType", row): null

2024-01-14 16:16:56 - [TEST_STEP][PASSED] - out.println("Taxtype value is : " + Taxtype): null

2024-01-14 16:16:56 - [TEST_STEP][PASSED] - openBrowser(""): Browser is opened with url: ''

2024-01-14 16:16:56 - [MESSAGE][WARNING] - A browser is already opened. Closing browser and opening a new one

2024-01-14 16:16:57 - [MESSAGE][INFO] - Starting 'Chrome' driver

2024-01-14 16:16:57 - [MESSAGE][INFO] - User set preference: ['acceptInsecureCerts', 'true']

2024-01-14 16:16:57 - [MESSAGE][INFO] - Action delay is set to 0 milliseconds

2024-01-14 16:16:59 - [MESSAGE][PASSED] - Browser is opened with url: ''

2024-01-14 16:16:59 - [TEST_STEP][PASSED] - maximizeWindow(): Current window maximized

2024-01-14 16:16:59 - [MESSAGE][PASSED] - Current window maximized

2024-01-14 16:16:59 - [TEST_STEP][PASSED] - navigateToUrl(RADurl): Navigate to 'https://qa2.velocitypayment.com/client/rad/index.html' successfully

2024-01-14 16:16:59 - [MESSAGE][PASSED] - Navigate to 'https://qa2.velocitypayment.com/client/rad/index.html' successfully

2024-01-14 16:16:59 - [TEST_STEP][PASSED] - orPath_Landing = "Object Repository/RAD_Pages/Landing_Page": null

2024-01-14 16:16:59 - [TEST_STEP][PASSED] - orPath_TaxTypeFilingYear = "Object Repository/RAD_Pages/TaxTypeFilingYear_Page": null

2024-01-14 16:16:59 - [TEST_STEP][PASSED] - orPath_TaxPayer = "Object Repository/RAD_Pages/Taxpayer_Page": null

2024-01-14 16:16:59 - [TEST_STEP][PASSED] - orPath_AddressContact = "Object Repository/RAD_Pages/AddressAndContactInfo_Page": null

2024-01-14 16:16:59 - [TEST_STEP][PASSED] - orPath_FilingStatus = "Object Repository/RAD_Pages/FilingStatus_Page": null

2024-01-14 16:16:59 - [TEST_STEP][PASSED] - orPath_Amount = "Object Repository/RAD_Pages/PaymentAmount_Page": null

2024-01-14 16:16:59 - [TEST_STEP][PASSED] - orPath_TaxInfo = "Object Repository/RAD_Pages/TaxInfo_Page": null

2024-01-14 16:16:59 - [TEST_STEP][PASSED] - orPath_Withholding = "Object Repository/RAD_Pages/Withholding_Page": null

2024-01-14 16:16:59 - [TEST_STEP][PASSED] - orPath_Summary = "Object Repository/RAD_Pages/Summary_Page": null

2024-01-14 16:16:59 - [TEST_STEP][PASSED] - orPath_PaymentReady = "Object Repository/RAD_Pages/PaymentReady_Page": null

2024-01-14 16:16:59 - [TEST_STEP][PASSED] - orPath_PaymentEntry = "Object Repository/RAD_Pages/PaymentEntry_Page": null

2024-01-14 16:16:59 - [TEST_STEP][PASSED] - orPath_PaymentConfirmation = "Object Repository/RAD_Pages/PaymentConfirmation_Page": null

2024-01-14 16:16:59 - [TEST_STEP][PASSED] - orPath_ServiceFeesAccept = "Object Repository/RAD_Pages/ServiceFeeAccept_Page": null

2024-01-14 16:16:59 - [TEST_STEP][PASSED] - selectOptionByLabel(findTestObject(orPath_Landing + "/dd_TaxType"), Taxtype, false): All options with label 'Existing Liability w/Notice Number' are selected in object 'Object Repository/RAD_Pages/Landing_Page/dd_TaxType' 

2024-01-14 16:17:01 - [MESSAGE][PASSED] - All options with label 'Existing Liability w/Notice Number' are selected in object 'Object Repository/RAD_Pages/Landing_Page/dd_TaxType' 

2024-01-14 16:17:01 - [TEST_STEP][PASSED] - delay(1): Delayed 1 second(s)

2024-01-14 16:17:02 - [MESSAGE][PASSED] - Delayed 1 second(s)

2024-01-14 16:17:02 - [TEST_STEP][PASSED] - selectOptionByLabel(findTestObject(orPath_TaxTypeFilingYear + "/select_TaxType_ExistingLiability"), TaxTypeEL, false): All options with label 'Corporate Income Tax' are selected in object 'Object Repository/RAD_Pages/TaxTypeFilingYear_Page/select_TaxType_ExistingLiability' 

2024-01-14 16:17:03 - [MESSAGE][PASSED] - All options with label 'Corporate Income Tax' are selected in object 'Object Repository/RAD_Pages/TaxTypeFilingYear_Page/select_TaxType_ExistingLiability' 

2024-01-14 16:17:03 - [TEST_STEP][PASSED] - setText(findTestObject(orPath_TaxInfo + "/input_NoticeInvoiceNumber"), notInvNumber): Text '123456789012' is set on object 'Object Repository/RAD_Pages/TaxInfo_Page/input_NoticeInvoiceNumber'

2024-01-14 16:17:04 - [MESSAGE][PASSED] - Text '123456789012' is set on object 'Object Repository/RAD_Pages/TaxInfo_Page/input_NoticeInvoiceNumber'

2024-01-14 16:17:04 - [TEST_STEP][PASSED] - setText(findTestObject(orPath_TaxInfo + "/input_reTypeNoticeInvoiceNumber"), notInvNumber): Text '123456789012' is set on object 'Object Repository/RAD_Pages/TaxInfo_Page/input_reTypeNoticeInvoiceNumber'

2024-01-14 16:17:05 - [MESSAGE][PASSED] - Text '123456789012' is set on object 'Object Repository/RAD_Pages/TaxInfo_Page/input_reTypeNoticeInvoiceNumber'

2024-01-14 16:17:05 - [TEST_STEP][PASSED] - println(notInvNumber): null

2024-01-14 16:17:05 - [TEST_STEP][PASSED] - if (verifyTextPresent(errorMsg, true)): null

2024-01-14 16:17:06 - [MESSAGE][PASSED] - Text 'Invoice Number must be 10 or 13 digits in length, with a value greater than zero' is present on page  using regular expression

2024-01-14 16:17:06 - [TEST_STEP][PASSED] - println("Error Message is present on the page"): null

2024-01-14 16:17:06 - [TEST_STEP][PASSED] - out.println("Pass Record Number: " + row): null

2024-01-14 16:17:06 - [TEST_STEP][PASSED] - resText = "Pass": null

2024-01-14 16:17:06 - [TEST_STEP][PASSED] - pages.WriteExcel.demoKey(resText, datText, resColumn, datCloumn, fileLoc, nameSheet, row): pages.WriteExcel.demoKey is PASSED

2024-01-14 16:17:06 - [MESSAGE][PASSED] - pages.WriteExcel.demoKey is PASSED

2024-01-14 16:17:06 - [TEST_STEP][PASSED] - ExecuteTC = findTestData(dataFile).getValue("Execute", row): null

2024-01-14 16:17:06 - [TEST_STEP][PASSED] - Taxtype = findTestData(dataFile).getValue("TaxType", row): null

2024-01-14 16:17:06 - [TEST_STEP][PASSED] - TaxTypeEL = findTestData(dataFile).getValue("TaxTypeEL", row): null

2024-01-14 16:17:06 - [TEST_STEP][PASSED] - notInvNumber = findTestData(dataFile).getValue("NotiInvoNumber", row): null

2024-01-14 16:17:06 - [TEST_STEP][PASSED] - errorMsg = findTestData(dataFile).getValue("ErrorMessage", row): null

2024-01-14 16:17:06 - [TEST_STEP][PASSED] - out.println("Value of Execute is : " + ExecuteTC): null

2024-01-14 16:17:06 - [TEST_STEP][PASSED] - if (ExecuteTC.equalsIgnoreCase("Y")): null

2024-01-14 16:17:06 - [TEST_STEP][PASSED] - out.println("Begin Record Number: " + row): null

2024-01-14 16:17:06 - [TEST_STEP][PASSED] - today = new java.util.Date(): null

2024-01-14 16:17:06 - [TEST_STEP][PASSED] - println(today): null

2024-01-14 16:17:06 - [TEST_STEP][PASSED] - datText = today: null

2024-01-14 16:17:06 - [TEST_STEP][PASSED] - Taxtype = findTestData(dataFile).getValue("TaxType", row): null

2024-01-14 16:17:06 - [TEST_STEP][PASSED] - out.println("Taxtype value is : " + Taxtype): null

2024-01-14 16:17:06 - [TEST_STEP][PASSED] - openBrowser(""): Browser is opened with url: ''

2024-01-14 16:17:06 - [MESSAGE][WARNING] - A browser is already opened. Closing browser and opening a new one

2024-01-14 16:17:08 - [MESSAGE][INFO] - Starting 'Chrome' driver

2024-01-14 16:17:08 - [MESSAGE][INFO] - User set preference: ['acceptInsecureCerts', 'true']

2024-01-14 16:17:08 - [MESSAGE][INFO] - Action delay is set to 0 milliseconds

2024-01-14 16:17:09 - [MESSAGE][PASSED] - Browser is opened with url: ''

2024-01-14 16:17:09 - [TEST_STEP][PASSED] - maximizeWindow(): Current window maximized

2024-01-14 16:17:09 - [MESSAGE][PASSED] - Current window maximized

2024-01-14 16:17:09 - [TEST_STEP][PASSED] - navigateToUrl(RADurl): Navigate to 'https://qa2.velocitypayment.com/client/rad/index.html' successfully

2024-01-14 16:17:11 - [MESSAGE][PASSED] - Navigate to 'https://qa2.velocitypayment.com/client/rad/index.html' successfully

2024-01-14 16:17:11 - [TEST_STEP][PASSED] - orPath_Landing = "Object Repository/RAD_Pages/Landing_Page": null

2024-01-14 16:17:11 - [TEST_STEP][PASSED] - orPath_TaxTypeFilingYear = "Object Repository/RAD_Pages/TaxTypeFilingYear_Page": null

2024-01-14 16:17:11 - [TEST_STEP][PASSED] - orPath_TaxPayer = "Object Repository/RAD_Pages/Taxpayer_Page": null

2024-01-14 16:17:11 - [TEST_STEP][PASSED] - orPath_AddressContact = "Object Repository/RAD_Pages/AddressAndContactInfo_Page": null

2024-01-14 16:17:11 - [TEST_STEP][PASSED] - orPath_FilingStatus = "Object Repository/RAD_Pages/FilingStatus_Page": null

2024-01-14 16:17:11 - [TEST_STEP][PASSED] - orPath_Amount = "Object Repository/RAD_Pages/PaymentAmount_Page": null

2024-01-14 16:17:11 - [TEST_STEP][PASSED] - orPath_TaxInfo = "Object Repository/RAD_Pages/TaxInfo_Page": null

2024-01-14 16:17:11 - [TEST_STEP][PASSED] - orPath_Withholding = "Object Repository/RAD_Pages/Withholding_Page": null

2024-01-14 16:17:11 - [TEST_STEP][PASSED] - orPath_Summary = "Object Repository/RAD_Pages/Summary_Page": null

2024-01-14 16:17:11 - [TEST_STEP][PASSED] - orPath_PaymentReady = "Object Repository/RAD_Pages/PaymentReady_Page": null

2024-01-14 16:17:11 - [TEST_STEP][PASSED] - orPath_PaymentEntry = "Object Repository/RAD_Pages/PaymentEntry_Page": null

2024-01-14 16:17:11 - [TEST_STEP][PASSED] - orPath_PaymentConfirmation = "Object Repository/RAD_Pages/PaymentConfirmation_Page": null

2024-01-14 16:17:11 - [TEST_STEP][PASSED] - orPath_ServiceFeesAccept = "Object Repository/RAD_Pages/ServiceFeeAccept_Page": null

2024-01-14 16:17:11 - [TEST_STEP][PASSED] - selectOptionByLabel(findTestObject(orPath_Landing + "/dd_TaxType"), Taxtype, false): All options with label 'Existing Liability w/Notice Number' are selected in object 'Object Repository/RAD_Pages/Landing_Page/dd_TaxType' 

2024-01-14 16:17:11 - [MESSAGE][PASSED] - All options with label 'Existing Liability w/Notice Number' are selected in object 'Object Repository/RAD_Pages/Landing_Page/dd_TaxType' 

2024-01-14 16:17:11 - [TEST_STEP][PASSED] - delay(1): Delayed 1 second(s)

2024-01-14 16:17:12 - [MESSAGE][PASSED] - Delayed 1 second(s)

2024-01-14 16:17:12 - [TEST_STEP][PASSED] - selectOptionByLabel(findTestObject(orPath_TaxTypeFilingYear + "/select_TaxType_ExistingLiability"), TaxTypeEL, false): All options with label 'Fiduciary Tax' are selected in object 'Object Repository/RAD_Pages/TaxTypeFilingYear_Page/select_TaxType_ExistingLiability' 

2024-01-14 16:17:13 - [MESSAGE][PASSED] - All options with label 'Fiduciary Tax' are selected in object 'Object Repository/RAD_Pages/TaxTypeFilingYear_Page/select_TaxType_ExistingLiability' 

2024-01-14 16:17:13 - [TEST_STEP][PASSED] - setText(findTestObject(orPath_TaxInfo + "/input_NoticeInvoiceNumber"), notInvNumber): Text '123456789' is set on object 'Object Repository/RAD_Pages/TaxInfo_Page/input_NoticeInvoiceNumber'

2024-01-14 16:17:14 - [MESSAGE][PASSED] - Text '123456789' is set on object 'Object Repository/RAD_Pages/TaxInfo_Page/input_NoticeInvoiceNumber'

2024-01-14 16:17:14 - [TEST_STEP][PASSED] - setText(findTestObject(orPath_TaxInfo + "/input_reTypeNoticeInvoiceNumber"), notInvNumber): Text '123456789' is set on object 'Object Repository/RAD_Pages/TaxInfo_Page/input_reTypeNoticeInvoiceNumber'

2024-01-14 16:17:15 - [MESSAGE][PASSED] - Text '123456789' is set on object 'Object Repository/RAD_Pages/TaxInfo_Page/input_reTypeNoticeInvoiceNumber'

2024-01-14 16:17:15 - [TEST_STEP][PASSED] - println(notInvNumber): null

2024-01-14 16:17:15 - [TEST_STEP][PASSED] - if (verifyTextPresent(errorMsg, true)): null

2024-01-14 16:17:15 - [MESSAGE][PASSED] - Text 'Notice Number must be 13 digits in length, with a value greater than zero' is present on page  using regular expression

2024-01-14 16:17:15 - [TEST_STEP][PASSED] - println("Error Message is present on the page"): null

2024-01-14 16:17:15 - [TEST_STEP][PASSED] - out.println("Pass Record Number: " + row): null

2024-01-14 16:17:15 - [TEST_STEP][PASSED] - resText = "Pass": null

2024-01-14 16:17:15 - [TEST_STEP][PASSED] - pages.WriteExcel.demoKey(resText, datText, resColumn, datCloumn, fileLoc, nameSheet, row): pages.WriteExcel.demoKey is PASSED

2024-01-14 16:17:16 - [MESSAGE][PASSED] - pages.WriteExcel.demoKey is PASSED

2024-01-14 16:17:16 - [TEST_STEP][PASSED] - ExecuteTC = findTestData(dataFile).getValue("Execute", row): null

2024-01-14 16:17:16 - [TEST_STEP][PASSED] - Taxtype = findTestData(dataFile).getValue("TaxType", row): null

2024-01-14 16:17:16 - [TEST_STEP][PASSED] - TaxTypeEL = findTestData(dataFile).getValue("TaxTypeEL", row): null

2024-01-14 16:17:16 - [TEST_STEP][PASSED] - notInvNumber = findTestData(dataFile).getValue("NotiInvoNumber", row): null

2024-01-14 16:17:16 - [TEST_STEP][PASSED] - errorMsg = findTestData(dataFile).getValue("ErrorMessage", row): null

2024-01-14 16:17:16 - [TEST_STEP][PASSED] - out.println("Value of Execute is : " + ExecuteTC): null

2024-01-14 16:17:16 - [TEST_STEP][PASSED] - if (ExecuteTC.equalsIgnoreCase("Y")): null

2024-01-14 16:17:16 - [TEST_STEP][PASSED] - out.println("Begin Record Number: " + row): null

2024-01-14 16:17:16 - [TEST_STEP][PASSED] - today = new java.util.Date(): null

2024-01-14 16:17:16 - [TEST_STEP][PASSED] - println(today): null

2024-01-14 16:17:16 - [TEST_STEP][PASSED] - datText = today: null

2024-01-14 16:17:16 - [TEST_STEP][PASSED] - Taxtype = findTestData(dataFile).getValue("TaxType", row): null

2024-01-14 16:17:16 - [TEST_STEP][PASSED] - out.println("Taxtype value is : " + Taxtype): null

2024-01-14 16:17:16 - [TEST_STEP][PASSED] - openBrowser(""): Browser is opened with url: ''

2024-01-14 16:17:16 - [MESSAGE][WARNING] - A browser is already opened. Closing browser and opening a new one

2024-01-14 16:17:17 - [MESSAGE][INFO] - Starting 'Chrome' driver

2024-01-14 16:17:17 - [MESSAGE][INFO] - User set preference: ['acceptInsecureCerts', 'true']

2024-01-14 16:17:17 - [MESSAGE][INFO] - Action delay is set to 0 milliseconds

2024-01-14 16:17:18 - [MESSAGE][PASSED] - Browser is opened with url: ''

2024-01-14 16:17:18 - [TEST_STEP][PASSED] - maximizeWindow(): Current window maximized

2024-01-14 16:17:18 - [MESSAGE][PASSED] - Current window maximized

2024-01-14 16:17:18 - [TEST_STEP][PASSED] - navigateToUrl(RADurl): Navigate to 'https://qa2.velocitypayment.com/client/rad/index.html' successfully

2024-01-14 16:17:20 - [MESSAGE][PASSED] - Navigate to 'https://qa2.velocitypayment.com/client/rad/index.html' successfully

2024-01-14 16:17:20 - [TEST_STEP][PASSED] - orPath_Landing = "Object Repository/RAD_Pages/Landing_Page": null

2024-01-14 16:17:20 - [TEST_STEP][PASSED] - orPath_TaxTypeFilingYear = "Object Repository/RAD_Pages/TaxTypeFilingYear_Page": null

2024-01-14 16:17:20 - [TEST_STEP][PASSED] - orPath_TaxPayer = "Object Repository/RAD_Pages/Taxpayer_Page": null

2024-01-14 16:17:20 - [TEST_STEP][PASSED] - orPath_AddressContact = "Object Repository/RAD_Pages/AddressAndContactInfo_Page": null

2024-01-14 16:17:20 - [TEST_STEP][PASSED] - orPath_FilingStatus = "Object Repository/RAD_Pages/FilingStatus_Page": null

2024-01-14 16:17:20 - [TEST_STEP][PASSED] - orPath_Amount = "Object Repository/RAD_Pages/PaymentAmount_Page": null

2024-01-14 16:17:20 - [TEST_STEP][PASSED] - orPath_TaxInfo = "Object Repository/RAD_Pages/TaxInfo_Page": null

2024-01-14 16:17:20 - [TEST_STEP][PASSED] - orPath_Withholding = "Object Repository/RAD_Pages/Withholding_Page": null

2024-01-14 16:17:20 - [TEST_STEP][PASSED] - orPath_Summary = "Object Repository/RAD_Pages/Summary_Page": null

2024-01-14 16:17:20 - [TEST_STEP][PASSED] - orPath_PaymentReady = "Object Repository/RAD_Pages/PaymentReady_Page": null

2024-01-14 16:17:20 - [TEST_STEP][PASSED] - orPath_PaymentEntry = "Object Repository/RAD_Pages/PaymentEntry_Page": null

2024-01-14 16:17:20 - [TEST_STEP][PASSED] - orPath_PaymentConfirmation = "Object Repository/RAD_Pages/PaymentConfirmation_Page": null

2024-01-14 16:17:20 - [TEST_STEP][PASSED] - orPath_ServiceFeesAccept = "Object Repository/RAD_Pages/ServiceFeeAccept_Page": null

2024-01-14 16:17:20 - [TEST_STEP][PASSED] - selectOptionByLabel(findTestObject(orPath_Landing + "/dd_TaxType"), Taxtype, false): All options with label 'Existing Liability w/Notice Number' are selected in object 'Object Repository/RAD_Pages/Landing_Page/dd_TaxType' 

2024-01-14 16:17:21 - [MESSAGE][PASSED] - All options with label 'Existing Liability w/Notice Number' are selected in object 'Object Repository/RAD_Pages/Landing_Page/dd_TaxType' 

2024-01-14 16:17:21 - [TEST_STEP][PASSED] - delay(1): Delayed 1 second(s)

2024-01-14 16:17:22 - [MESSAGE][PASSED] - Delayed 1 second(s)

2024-01-14 16:17:22 - [TEST_STEP][PASSED] - selectOptionByLabel(findTestObject(orPath_TaxTypeFilingYear + "/select_TaxType_ExistingLiability"), TaxTypeEL, false): All options with label 'Personal Income Tax' are selected in object 'Object Repository/RAD_Pages/TaxTypeFilingYear_Page/select_TaxType_ExistingLiability' 

2024-01-14 16:17:22 - [MESSAGE][PASSED] - All options with label 'Personal Income Tax' are selected in object 'Object Repository/RAD_Pages/TaxTypeFilingYear_Page/select_TaxType_ExistingLiability' 

2024-01-14 16:17:22 - [TEST_STEP][PASSED] - setText(findTestObject(orPath_TaxInfo + "/input_NoticeInvoiceNumber"), notInvNumber): Text '123456789' is set on object 'Object Repository/RAD_Pages/TaxInfo_Page/input_NoticeInvoiceNumber'

2024-01-14 16:17:23 - [MESSAGE][PASSED] - Text '123456789' is set on object 'Object Repository/RAD_Pages/TaxInfo_Page/input_NoticeInvoiceNumber'

2024-01-14 16:17:23 - [TEST_STEP][PASSED] - setText(findTestObject(orPath_TaxInfo + "/input_reTypeNoticeInvoiceNumber"), notInvNumber): Text '123456789' is set on object 'Object Repository/RAD_Pages/TaxInfo_Page/input_reTypeNoticeInvoiceNumber'

2024-01-14 16:17:24 - [MESSAGE][PASSED] - Text '123456789' is set on object 'Object Repository/RAD_Pages/TaxInfo_Page/input_reTypeNoticeInvoiceNumber'

2024-01-14 16:17:24 - [TEST_STEP][PASSED] - println(notInvNumber): null

2024-01-14 16:17:24 - [TEST_STEP][PASSED] - if (verifyTextPresent(errorMsg, true)): null

2024-01-14 16:17:25 - [MESSAGE][PASSED] - Text 'Notice Number must be 13 digits in length, with a value greater than zero' is present on page  using regular expression

2024-01-14 16:17:25 - [TEST_STEP][PASSED] - println("Error Message is present on the page"): null

2024-01-14 16:17:25 - [TEST_STEP][PASSED] - out.println("Pass Record Number: " + row): null

2024-01-14 16:17:25 - [TEST_STEP][PASSED] - resText = "Pass": null

2024-01-14 16:17:25 - [TEST_STEP][PASSED] - pages.WriteExcel.demoKey(resText, datText, resColumn, datCloumn, fileLoc, nameSheet, row): pages.WriteExcel.demoKey is PASSED

2024-01-14 16:17:25 - [MESSAGE][PASSED] - pages.WriteExcel.demoKey is PASSED

2024-01-14 16:17:25 - [TEST_STEP][PASSED] - ExecuteTC = findTestData(dataFile).getValue("Execute", row): null

2024-01-14 16:17:25 - [TEST_STEP][PASSED] - Taxtype = findTestData(dataFile).getValue("TaxType", row): null

2024-01-14 16:17:25 - [TEST_STEP][PASSED] - TaxTypeEL = findTestData(dataFile).getValue("TaxTypeEL", row): null

2024-01-14 16:17:25 - [TEST_STEP][PASSED] - notInvNumber = findTestData(dataFile).getValue("NotiInvoNumber", row): null

2024-01-14 16:17:25 - [TEST_STEP][PASSED] - errorMsg = findTestData(dataFile).getValue("ErrorMessage", row): null

2024-01-14 16:17:25 - [TEST_STEP][PASSED] - out.println("Value of Execute is : " + ExecuteTC): null

2024-01-14 16:17:25 - [TEST_STEP][PASSED] - if (ExecuteTC.equalsIgnoreCase("Y")): null

2024-01-14 16:17:25 - [TEST_STEP][PASSED] - out.println("Begin Record Number: " + row): null

2024-01-14 16:17:25 - [TEST_STEP][PASSED] - today = new java.util.Date(): null

2024-01-14 16:17:25 - [TEST_STEP][PASSED] - println(today): null

2024-01-14 16:17:25 - [TEST_STEP][PASSED] - datText = today: null

2024-01-14 16:17:25 - [TEST_STEP][PASSED] - Taxtype = findTestData(dataFile).getValue("TaxType", row): null

2024-01-14 16:17:25 - [TEST_STEP][PASSED] - out.println("Taxtype value is : " + Taxtype): null

2024-01-14 16:17:25 - [TEST_STEP][PASSED] - openBrowser(""): Browser is opened with url: ''

2024-01-14 16:17:25 - [MESSAGE][WARNING] - A browser is already opened. Closing browser and opening a new one

2024-01-14 16:17:26 - [MESSAGE][INFO] - Starting 'Chrome' driver

2024-01-14 16:17:26 - [MESSAGE][INFO] - User set preference: ['acceptInsecureCerts', 'true']

2024-01-14 16:17:26 - [MESSAGE][INFO] - Action delay is set to 0 milliseconds

2024-01-14 16:17:28 - [MESSAGE][PASSED] - Browser is opened with url: ''

2024-01-14 16:17:28 - [TEST_STEP][PASSED] - maximizeWindow(): Current window maximized

2024-01-14 16:17:28 - [MESSAGE][PASSED] - Current window maximized

2024-01-14 16:17:28 - [TEST_STEP][PASSED] - navigateToUrl(RADurl): Navigate to 'https://qa2.velocitypayment.com/client/rad/index.html' successfully

2024-01-14 16:17:29 - [MESSAGE][PASSED] - Navigate to 'https://qa2.velocitypayment.com/client/rad/index.html' successfully

2024-01-14 16:17:29 - [TEST_STEP][PASSED] - orPath_Landing = "Object Repository/RAD_Pages/Landing_Page": null

2024-01-14 16:17:29 - [TEST_STEP][PASSED] - orPath_TaxTypeFilingYear = "Object Repository/RAD_Pages/TaxTypeFilingYear_Page": null

2024-01-14 16:17:29 - [TEST_STEP][PASSED] - orPath_TaxPayer = "Object Repository/RAD_Pages/Taxpayer_Page": null

2024-01-14 16:17:29 - [TEST_STEP][PASSED] - orPath_AddressContact = "Object Repository/RAD_Pages/AddressAndContactInfo_Page": null

2024-01-14 16:17:29 - [TEST_STEP][PASSED] - orPath_FilingStatus = "Object Repository/RAD_Pages/FilingStatus_Page": null

2024-01-14 16:17:29 - [TEST_STEP][PASSED] - orPath_Amount = "Object Repository/RAD_Pages/PaymentAmount_Page": null

2024-01-14 16:17:29 - [TEST_STEP][PASSED] - orPath_TaxInfo = "Object Repository/RAD_Pages/TaxInfo_Page": null

2024-01-14 16:17:29 - [TEST_STEP][PASSED] - orPath_Withholding = "Object Repository/RAD_Pages/Withholding_Page": null

2024-01-14 16:17:29 - [TEST_STEP][PASSED] - orPath_Summary = "Object Repository/RAD_Pages/Summary_Page": null

2024-01-14 16:17:29 - [TEST_STEP][PASSED] - orPath_PaymentReady = "Object Repository/RAD_Pages/PaymentReady_Page": null

2024-01-14 16:17:29 - [TEST_STEP][PASSED] - orPath_PaymentEntry = "Object Repository/RAD_Pages/PaymentEntry_Page": null

2024-01-14 16:17:29 - [TEST_STEP][PASSED] - orPath_PaymentConfirmation = "Object Repository/RAD_Pages/PaymentConfirmation_Page": null

2024-01-14 16:17:29 - [TEST_STEP][PASSED] - orPath_ServiceFeesAccept = "Object Repository/RAD_Pages/ServiceFeeAccept_Page": null

2024-01-14 16:17:29 - [TEST_STEP][PASSED] - selectOptionByLabel(findTestObject(orPath_Landing + "/dd_TaxType"), Taxtype, false): All options with label 'Existing Liability w/Notice Number' are selected in object 'Object Repository/RAD_Pages/Landing_Page/dd_TaxType' 

2024-01-14 16:17:30 - [MESSAGE][PASSED] - All options with label 'Existing Liability w/Notice Number' are selected in object 'Object Repository/RAD_Pages/Landing_Page/dd_TaxType' 

2024-01-14 16:17:30 - [TEST_STEP][PASSED] - delay(1): Delayed 1 second(s)

2024-01-14 16:17:31 - [MESSAGE][PASSED] - Delayed 1 second(s)

2024-01-14 16:17:31 - [TEST_STEP][PASSED] - selectOptionByLabel(findTestObject(orPath_TaxTypeFilingYear + "/select_TaxType_ExistingLiability"), TaxTypeEL, false): All options with label 'PTE Non-Electing Non-S Corp' are selected in object 'Object Repository/RAD_Pages/TaxTypeFilingYear_Page/select_TaxType_ExistingLiability' 

2024-01-14 16:17:31 - [MESSAGE][PASSED] - All options with label 'PTE Non-Electing Non-S Corp' are selected in object 'Object Repository/RAD_Pages/TaxTypeFilingYear_Page/select_TaxType_ExistingLiability' 

2024-01-14 16:17:31 - [TEST_STEP][PASSED] - setText(findTestObject(orPath_TaxInfo + "/input_NoticeInvoiceNumber"), notInvNumber): Text '123456789' is set on object 'Object Repository/RAD_Pages/TaxInfo_Page/input_NoticeInvoiceNumber'

2024-01-14 16:17:32 - [MESSAGE][PASSED] - Text '123456789' is set on object 'Object Repository/RAD_Pages/TaxInfo_Page/input_NoticeInvoiceNumber'

2024-01-14 16:17:32 - [TEST_STEP][PASSED] - setText(findTestObject(orPath_TaxInfo + "/input_reTypeNoticeInvoiceNumber"), notInvNumber): Text '123456789' is set on object 'Object Repository/RAD_Pages/TaxInfo_Page/input_reTypeNoticeInvoiceNumber'

2024-01-14 16:17:33 - [MESSAGE][PASSED] - Text '123456789' is set on object 'Object Repository/RAD_Pages/TaxInfo_Page/input_reTypeNoticeInvoiceNumber'

2024-01-14 16:17:33 - [TEST_STEP][PASSED] - println(notInvNumber): null

2024-01-14 16:17:33 - [TEST_STEP][PASSED] - if (verifyTextPresent(errorMsg, true)): null

2024-01-14 16:17:34 - [MESSAGE][PASSED] - Text 'Notice Number must be 13 digits in length, with a value greater than zero' is present on page  using regular expression

2024-01-14 16:17:34 - [TEST_STEP][PASSED] - println("Error Message is present on the page"): null

2024-01-14 16:17:34 - [TEST_STEP][PASSED] - out.println("Pass Record Number: " + row): null

2024-01-14 16:17:34 - [TEST_STEP][PASSED] - resText = "Pass": null

2024-01-14 16:17:34 - [TEST_STEP][PASSED] - pages.WriteExcel.demoKey(resText, datText, resColumn, datCloumn, fileLoc, nameSheet, row): pages.WriteExcel.demoKey is PASSED

2024-01-14 16:17:34 - [MESSAGE][PASSED] - pages.WriteExcel.demoKey is PASSED

2024-01-14 16:17:34 - [TEST_STEP][PASSED] - ExecuteTC = findTestData(dataFile).getValue("Execute", row): null

2024-01-14 16:17:34 - [TEST_STEP][PASSED] - Taxtype = findTestData(dataFile).getValue("TaxType", row): null

2024-01-14 16:17:34 - [TEST_STEP][PASSED] - TaxTypeEL = findTestData(dataFile).getValue("TaxTypeEL", row): null

2024-01-14 16:17:34 - [TEST_STEP][PASSED] - notInvNumber = findTestData(dataFile).getValue("NotiInvoNumber", row): null

2024-01-14 16:17:34 - [TEST_STEP][PASSED] - errorMsg = findTestData(dataFile).getValue("ErrorMessage", row): null

2024-01-14 16:17:34 - [TEST_STEP][PASSED] - out.println("Value of Execute is : " + ExecuteTC): null

2024-01-14 16:17:34 - [TEST_STEP][PASSED] - if (ExecuteTC.equalsIgnoreCase("Y")): null

2024-01-14 16:17:34 - [TEST_STEP][PASSED] - out.println("Begin Record Number: " + row): null

2024-01-14 16:17:34 - [TEST_STEP][PASSED] - today = new java.util.Date(): null

2024-01-14 16:17:34 - [TEST_STEP][PASSED] - println(today): null

2024-01-14 16:17:34 - [TEST_STEP][PASSED] - datText = today: null

2024-01-14 16:17:34 - [TEST_STEP][PASSED] - Taxtype = findTestData(dataFile).getValue("TaxType", row): null

2024-01-14 16:17:34 - [TEST_STEP][PASSED] - out.println("Taxtype value is : " + Taxtype): null

2024-01-14 16:17:34 - [TEST_STEP][PASSED] - openBrowser(""): Browser is opened with url: ''

2024-01-14 16:17:34 - [MESSAGE][WARNING] - A browser is already opened. Closing browser and opening a new one

2024-01-14 16:17:35 - [MESSAGE][INFO] - Starting 'Chrome' driver

2024-01-14 16:17:35 - [MESSAGE][INFO] - User set preference: ['acceptInsecureCerts', 'true']

2024-01-14 16:17:35 - [MESSAGE][INFO] - Action delay is set to 0 milliseconds

2024-01-14 16:17:37 - [MESSAGE][PASSED] - Browser is opened with url: ''

2024-01-14 16:17:37 - [TEST_STEP][PASSED] - maximizeWindow(): Current window maximized

2024-01-14 16:17:37 - [MESSAGE][PASSED] - Current window maximized

2024-01-14 16:17:37 - [TEST_STEP][PASSED] - navigateToUrl(RADurl): Navigate to 'https://qa2.velocitypayment.com/client/rad/index.html' successfully

2024-01-14 16:17:38 - [MESSAGE][PASSED] - Navigate to 'https://qa2.velocitypayment.com/client/rad/index.html' successfully

2024-01-14 16:17:38 - [TEST_STEP][PASSED] - orPath_Landing = "Object Repository/RAD_Pages/Landing_Page": null

2024-01-14 16:17:38 - [TEST_STEP][PASSED] - orPath_TaxTypeFilingYear = "Object Repository/RAD_Pages/TaxTypeFilingYear_Page": null

2024-01-14 16:17:38 - [TEST_STEP][PASSED] - orPath_TaxPayer = "Object Repository/RAD_Pages/Taxpayer_Page": null

2024-01-14 16:17:38 - [TEST_STEP][PASSED] - orPath_AddressContact = "Object Repository/RAD_Pages/AddressAndContactInfo_Page": null

2024-01-14 16:17:38 - [TEST_STEP][PASSED] - orPath_FilingStatus = "Object Repository/RAD_Pages/FilingStatus_Page": null

2024-01-14 16:17:38 - [TEST_STEP][PASSED] - orPath_Amount = "Object Repository/RAD_Pages/PaymentAmount_Page": null

2024-01-14 16:17:38 - [TEST_STEP][PASSED] - orPath_TaxInfo = "Object Repository/RAD_Pages/TaxInfo_Page": null

2024-01-14 16:17:38 - [TEST_STEP][PASSED] - orPath_Withholding = "Object Repository/RAD_Pages/Withholding_Page": null

2024-01-14 16:17:38 - [TEST_STEP][PASSED] - orPath_Summary = "Object Repository/RAD_Pages/Summary_Page": null

2024-01-14 16:17:38 - [TEST_STEP][PASSED] - orPath_PaymentReady = "Object Repository/RAD_Pages/PaymentReady_Page": null

2024-01-14 16:17:38 - [TEST_STEP][PASSED] - orPath_PaymentEntry = "Object Repository/RAD_Pages/PaymentEntry_Page": null

2024-01-14 16:17:38 - [TEST_STEP][PASSED] - orPath_PaymentConfirmation = "Object Repository/RAD_Pages/PaymentConfirmation_Page": null

2024-01-14 16:17:38 - [TEST_STEP][PASSED] - orPath_ServiceFeesAccept = "Object Repository/RAD_Pages/ServiceFeeAccept_Page": null

2024-01-14 16:17:38 - [TEST_STEP][PASSED] - selectOptionByLabel(findTestObject(orPath_Landing + "/dd_TaxType"), Taxtype, false): All options with label 'Existing Liability w/Notice Number' are selected in object 'Object Repository/RAD_Pages/Landing_Page/dd_TaxType' 

2024-01-14 16:17:39 - [MESSAGE][PASSED] - All options with label 'Existing Liability w/Notice Number' are selected in object 'Object Repository/RAD_Pages/Landing_Page/dd_TaxType' 

2024-01-14 16:17:39 - [TEST_STEP][PASSED] - delay(1): Delayed 1 second(s)

2024-01-14 16:17:40 - [MESSAGE][PASSED] - Delayed 1 second(s)

2024-01-14 16:17:40 - [TEST_STEP][PASSED] - selectOptionByLabel(findTestObject(orPath_TaxTypeFilingYear + "/select_TaxType_ExistingLiability"), TaxTypeEL, false): All options with label 'PTE Non-Electing S Corp' are selected in object 'Object Repository/RAD_Pages/TaxTypeFilingYear_Page/select_TaxType_ExistingLiability' 

2024-01-14 16:17:41 - [MESSAGE][PASSED] - All options with label 'PTE Non-Electing S Corp' are selected in object 'Object Repository/RAD_Pages/TaxTypeFilingYear_Page/select_TaxType_ExistingLiability' 

2024-01-14 16:17:41 - [TEST_STEP][PASSED] - setText(findTestObject(orPath_TaxInfo + "/input_NoticeInvoiceNumber"), notInvNumber): Text '123456789' is set on object 'Object Repository/RAD_Pages/TaxInfo_Page/input_NoticeInvoiceNumber'

2024-01-14 16:17:41 - [MESSAGE][PASSED] - Text '123456789' is set on object 'Object Repository/RAD_Pages/TaxInfo_Page/input_NoticeInvoiceNumber'

2024-01-14 16:17:41 - [TEST_STEP][PASSED] - setText(findTestObject(orPath_TaxInfo + "/input_reTypeNoticeInvoiceNumber"), notInvNumber): Text '123456789' is set on object 'Object Repository/RAD_Pages/TaxInfo_Page/input_reTypeNoticeInvoiceNumber'

2024-01-14 16:17:42 - [MESSAGE][PASSED] - Text '123456789' is set on object 'Object Repository/RAD_Pages/TaxInfo_Page/input_reTypeNoticeInvoiceNumber'

2024-01-14 16:17:42 - [TEST_STEP][PASSED] - println(notInvNumber): null

2024-01-14 16:17:42 - [TEST_STEP][PASSED] - if (verifyTextPresent(errorMsg, true)): null

2024-01-14 16:17:43 - [MESSAGE][PASSED] - Text 'Notice Number must be 13 digits in length, with a value greater than zero' is present on page  using regular expression

2024-01-14 16:17:43 - [TEST_STEP][PASSED] - println("Error Message is present on the page"): null

2024-01-14 16:17:43 - [TEST_STEP][PASSED] - out.println("Pass Record Number: " + row): null

2024-01-14 16:17:43 - [TEST_STEP][PASSED] - resText = "Pass": null

2024-01-14 16:17:43 - [TEST_STEP][PASSED] - pages.WriteExcel.demoKey(resText, datText, resColumn, datCloumn, fileLoc, nameSheet, row): pages.WriteExcel.demoKey is PASSED

2024-01-14 16:17:43 - [MESSAGE][PASSED] - pages.WriteExcel.demoKey is PASSED

2024-01-14 16:17:43 - [TEST_STEP][PASSED] - ExecuteTC = findTestData(dataFile).getValue("Execute", row): null

2024-01-14 16:17:43 - [TEST_STEP][PASSED] - Taxtype = findTestData(dataFile).getValue("TaxType", row): null

2024-01-14 16:17:43 - [TEST_STEP][PASSED] - TaxTypeEL = findTestData(dataFile).getValue("TaxTypeEL", row): null

2024-01-14 16:17:43 - [TEST_STEP][PASSED] - notInvNumber = findTestData(dataFile).getValue("NotiInvoNumber", row): null

2024-01-14 16:17:43 - [TEST_STEP][PASSED] - errorMsg = findTestData(dataFile).getValue("ErrorMessage", row): null

2024-01-14 16:17:43 - [TEST_STEP][PASSED] - out.println("Value of Execute is : " + ExecuteTC): null

2024-01-14 16:17:43 - [TEST_STEP][PASSED] - if (ExecuteTC.equalsIgnoreCase("Y")): null

2024-01-14 16:17:43 - [TEST_STEP][PASSED] - out.println("Begin Record Number: " + row): null

2024-01-14 16:17:43 - [TEST_STEP][PASSED] - today = new java.util.Date(): null

2024-01-14 16:17:43 - [TEST_STEP][PASSED] - println(today): null

2024-01-14 16:17:43 - [TEST_STEP][PASSED] - datText = today: null

2024-01-14 16:17:43 - [TEST_STEP][PASSED] - Taxtype = findTestData(dataFile).getValue("TaxType", row): null

2024-01-14 16:17:43 - [TEST_STEP][PASSED] - out.println("Taxtype value is : " + Taxtype): null

2024-01-14 16:17:43 - [TEST_STEP][PASSED] - openBrowser(""): Browser is opened with url: ''

2024-01-14 16:17:43 - [MESSAGE][WARNING] - A browser is already opened. Closing browser and opening a new one

2024-01-14 16:17:44 - [MESSAGE][INFO] - Starting 'Chrome' driver

2024-01-14 16:17:44 - [MESSAGE][INFO] - User set preference: ['acceptInsecureCerts', 'true']

2024-01-14 16:17:44 - [MESSAGE][INFO] - Action delay is set to 0 milliseconds

2024-01-14 16:17:46 - [MESSAGE][PASSED] - Browser is opened with url: ''

2024-01-14 16:17:46 - [TEST_STEP][PASSED] - maximizeWindow(): Current window maximized

2024-01-14 16:17:46 - [MESSAGE][PASSED] - Current window maximized

2024-01-14 16:17:46 - [TEST_STEP][PASSED] - navigateToUrl(RADurl): Navigate to 'https://qa2.velocitypayment.com/client/rad/index.html' successfully

2024-01-14 16:17:47 - [MESSAGE][PASSED] - Navigate to 'https://qa2.velocitypayment.com/client/rad/index.html' successfully

2024-01-14 16:17:47 - [TEST_STEP][PASSED] - orPath_Landing = "Object Repository/RAD_Pages/Landing_Page": null

2024-01-14 16:17:47 - [TEST_STEP][PASSED] - orPath_TaxTypeFilingYear = "Object Repository/RAD_Pages/TaxTypeFilingYear_Page": null

2024-01-14 16:17:47 - [TEST_STEP][PASSED] - orPath_TaxPayer = "Object Repository/RAD_Pages/Taxpayer_Page": null

2024-01-14 16:17:47 - [TEST_STEP][PASSED] - orPath_AddressContact = "Object Repository/RAD_Pages/AddressAndContactInfo_Page": null

2024-01-14 16:17:47 - [TEST_STEP][PASSED] - orPath_FilingStatus = "Object Repository/RAD_Pages/FilingStatus_Page": null

2024-01-14 16:17:47 - [TEST_STEP][PASSED] - orPath_Amount = "Object Repository/RAD_Pages/PaymentAmount_Page": null

2024-01-14 16:17:47 - [TEST_STEP][PASSED] - orPath_TaxInfo = "Object Repository/RAD_Pages/TaxInfo_Page": null

2024-01-14 16:17:47 - [TEST_STEP][PASSED] - orPath_Withholding = "Object Repository/RAD_Pages/Withholding_Page": null

2024-01-14 16:17:47 - [TEST_STEP][PASSED] - orPath_Summary = "Object Repository/RAD_Pages/Summary_Page": null

2024-01-14 16:17:47 - [TEST_STEP][PASSED] - orPath_PaymentReady = "Object Repository/RAD_Pages/PaymentReady_Page": null

2024-01-14 16:17:47 - [TEST_STEP][PASSED] - orPath_PaymentEntry = "Object Repository/RAD_Pages/PaymentEntry_Page": null

2024-01-14 16:17:47 - [TEST_STEP][PASSED] - orPath_PaymentConfirmation = "Object Repository/RAD_Pages/PaymentConfirmation_Page": null

2024-01-14 16:17:47 - [TEST_STEP][PASSED] - orPath_ServiceFeesAccept = "Object Repository/RAD_Pages/ServiceFeeAccept_Page": null

2024-01-14 16:17:47 - [TEST_STEP][PASSED] - selectOptionByLabel(findTestObject(orPath_Landing + "/dd_TaxType"), Taxtype, false): All options with label 'Existing Liability w/Notice Number' are selected in object 'Object Repository/RAD_Pages/Landing_Page/dd_TaxType' 

2024-01-14 16:17:48 - [MESSAGE][PASSED] - All options with label 'Existing Liability w/Notice Number' are selected in object 'Object Repository/RAD_Pages/Landing_Page/dd_TaxType' 

2024-01-14 16:17:48 - [TEST_STEP][PASSED] - delay(1): Delayed 1 second(s)

2024-01-14 16:17:49 - [MESSAGE][PASSED] - Delayed 1 second(s)

2024-01-14 16:17:49 - [TEST_STEP][PASSED] - selectOptionByLabel(findTestObject(orPath_TaxTypeFilingYear + "/select_TaxType_ExistingLiability"), TaxTypeEL, false): All options with label 'Sales & Use Tax' are selected in object 'Object Repository/RAD_Pages/TaxTypeFilingYear_Page/select_TaxType_ExistingLiability' 

2024-01-14 16:17:50 - [MESSAGE][PASSED] - All options with label 'Sales & Use Tax' are selected in object 'Object Repository/RAD_Pages/TaxTypeFilingYear_Page/select_TaxType_ExistingLiability' 

2024-01-14 16:17:50 - [TEST_STEP][PASSED] - setText(findTestObject(orPath_TaxInfo + "/input_NoticeInvoiceNumber"), notInvNumber): Text '123456789' is set on object 'Object Repository/RAD_Pages/TaxInfo_Page/input_NoticeInvoiceNumber'

2024-01-14 16:17:51 - [MESSAGE][PASSED] - Text '123456789' is set on object 'Object Repository/RAD_Pages/TaxInfo_Page/input_NoticeInvoiceNumber'

2024-01-14 16:17:51 - [TEST_STEP][PASSED] - setText(findTestObject(orPath_TaxInfo + "/input_reTypeNoticeInvoiceNumber"), notInvNumber): Text '123456789' is set on object 'Object Repository/RAD_Pages/TaxInfo_Page/input_reTypeNoticeInvoiceNumber'

2024-01-14 16:17:52 - [MESSAGE][PASSED] - Text '123456789' is set on object 'Object Repository/RAD_Pages/TaxInfo_Page/input_reTypeNoticeInvoiceNumber'

2024-01-14 16:17:52 - [TEST_STEP][PASSED] - println(notInvNumber): null

2024-01-14 16:17:52 - [TEST_STEP][PASSED] - if (verifyTextPresent(errorMsg, true)): null

2024-01-14 16:17:52 - [MESSAGE][PASSED] - Text 'Notice Number must be 13 digits in length, with a value greater than zero' is present on page  using regular expression

2024-01-14 16:17:52 - [TEST_STEP][PASSED] - println("Error Message is present on the page"): null

2024-01-14 16:17:52 - [TEST_STEP][PASSED] - out.println("Pass Record Number: " + row): null

2024-01-14 16:17:52 - [TEST_STEP][PASSED] - resText = "Pass": null

2024-01-14 16:17:52 - [TEST_STEP][PASSED] - pages.WriteExcel.demoKey(resText, datText, resColumn, datCloumn, fileLoc, nameSheet, row): pages.WriteExcel.demoKey is PASSED

2024-01-14 16:17:52 - [MESSAGE][PASSED] - pages.WriteExcel.demoKey is PASSED

2024-01-14 16:17:52 - [TEST_STEP][PASSED] - ExecuteTC = findTestData(dataFile).getValue("Execute", row): null

2024-01-14 16:17:52 - [TEST_STEP][PASSED] - Taxtype = findTestData(dataFile).getValue("TaxType", row): null

2024-01-14 16:17:52 - [TEST_STEP][PASSED] - TaxTypeEL = findTestData(dataFile).getValue("TaxTypeEL", row): null

2024-01-14 16:17:52 - [TEST_STEP][PASSED] - notInvNumber = findTestData(dataFile).getValue("NotiInvoNumber", row): null

2024-01-14 16:17:52 - [TEST_STEP][PASSED] - errorMsg = findTestData(dataFile).getValue("ErrorMessage", row): null

2024-01-14 16:17:52 - [TEST_STEP][PASSED] - out.println("Value of Execute is : " + ExecuteTC): null

2024-01-14 16:17:52 - [TEST_STEP][PASSED] - if (ExecuteTC.equalsIgnoreCase("Y")): null

2024-01-14 16:17:52 - [TEST_STEP][PASSED] - out.println("Begin Record Number: " + row): null

2024-01-14 16:17:52 - [TEST_STEP][PASSED] - today = new java.util.Date(): null

2024-01-14 16:17:52 - [TEST_STEP][PASSED] - println(today): null

2024-01-14 16:17:52 - [TEST_STEP][PASSED] - datText = today: null

2024-01-14 16:17:52 - [TEST_STEP][PASSED] - Taxtype = findTestData(dataFile).getValue("TaxType", row): null

2024-01-14 16:17:52 - [TEST_STEP][PASSED] - out.println("Taxtype value is : " + Taxtype): null

2024-01-14 16:17:52 - [TEST_STEP][PASSED] - openBrowser(""): Browser is opened with url: ''

2024-01-14 16:17:52 - [MESSAGE][WARNING] - A browser is already opened. Closing browser and opening a new one

2024-01-14 16:17:53 - [MESSAGE][INFO] - Starting 'Chrome' driver

2024-01-14 16:17:53 - [MESSAGE][INFO] - User set preference: ['acceptInsecureCerts', 'true']

2024-01-14 16:17:53 - [MESSAGE][INFO] - Action delay is set to 0 milliseconds

2024-01-14 16:17:55 - [MESSAGE][PASSED] - Browser is opened with url: ''

2024-01-14 16:17:55 - [TEST_STEP][PASSED] - maximizeWindow(): Current window maximized

2024-01-14 16:17:55 - [MESSAGE][PASSED] - Current window maximized

2024-01-14 16:17:55 - [TEST_STEP][PASSED] - navigateToUrl(RADurl): Navigate to 'https://qa2.velocitypayment.com/client/rad/index.html' successfully

2024-01-14 16:17:57 - [MESSAGE][PASSED] - Navigate to 'https://qa2.velocitypayment.com/client/rad/index.html' successfully

2024-01-14 16:17:57 - [TEST_STEP][PASSED] - orPath_Landing = "Object Repository/RAD_Pages/Landing_Page": null

2024-01-14 16:17:57 - [TEST_STEP][PASSED] - orPath_TaxTypeFilingYear = "Object Repository/RAD_Pages/TaxTypeFilingYear_Page": null

2024-01-14 16:17:57 - [TEST_STEP][PASSED] - orPath_TaxPayer = "Object Repository/RAD_Pages/Taxpayer_Page": null

2024-01-14 16:17:57 - [TEST_STEP][PASSED] - orPath_AddressContact = "Object Repository/RAD_Pages/AddressAndContactInfo_Page": null

2024-01-14 16:17:57 - [TEST_STEP][PASSED] - orPath_FilingStatus = "Object Repository/RAD_Pages/FilingStatus_Page": null

2024-01-14 16:17:57 - [TEST_STEP][PASSED] - orPath_Amount = "Object Repository/RAD_Pages/PaymentAmount_Page": null

2024-01-14 16:17:57 - [TEST_STEP][PASSED] - orPath_TaxInfo = "Object Repository/RAD_Pages/TaxInfo_Page": null

2024-01-14 16:17:57 - [TEST_STEP][PASSED] - orPath_Withholding = "Object Repository/RAD_Pages/Withholding_Page": null

2024-01-14 16:17:57 - [TEST_STEP][PASSED] - orPath_Summary = "Object Repository/RAD_Pages/Summary_Page": null

2024-01-14 16:17:57 - [TEST_STEP][PASSED] - orPath_PaymentReady = "Object Repository/RAD_Pages/PaymentReady_Page": null

2024-01-14 16:17:57 - [TEST_STEP][PASSED] - orPath_PaymentEntry = "Object Repository/RAD_Pages/PaymentEntry_Page": null

2024-01-14 16:17:57 - [TEST_STEP][PASSED] - orPath_PaymentConfirmation = "Object Repository/RAD_Pages/PaymentConfirmation_Page": null

2024-01-14 16:17:57 - [TEST_STEP][PASSED] - orPath_ServiceFeesAccept = "Object Repository/RAD_Pages/ServiceFeeAccept_Page": null

2024-01-14 16:17:57 - [TEST_STEP][PASSED] - selectOptionByLabel(findTestObject(orPath_Landing + "/dd_TaxType"), Taxtype, false): All options with label 'Existing Liability w/Notice Number' are selected in object 'Object Repository/RAD_Pages/Landing_Page/dd_TaxType' 

2024-01-14 16:17:57 - [MESSAGE][PASSED] - All options with label 'Existing Liability w/Notice Number' are selected in object 'Object Repository/RAD_Pages/Landing_Page/dd_TaxType' 

2024-01-14 16:17:57 - [TEST_STEP][PASSED] - delay(1): Delayed 1 second(s)

2024-01-14 16:17:58 - [MESSAGE][PASSED] - Delayed 1 second(s)

2024-01-14 16:17:58 - [TEST_STEP][PASSED] - selectOptionByLabel(findTestObject(orPath_TaxTypeFilingYear + "/select_TaxType_ExistingLiability"), TaxTypeEL, false): All options with label 'Tire Recycling Fee' are selected in object 'Object Repository/RAD_Pages/TaxTypeFilingYear_Page/select_TaxType_ExistingLiability' 

2024-01-14 16:17:59 - [MESSAGE][PASSED] - All options with label 'Tire Recycling Fee' are selected in object 'Object Repository/RAD_Pages/TaxTypeFilingYear_Page/select_TaxType_ExistingLiability' 

2024-01-14 16:17:59 - [TEST_STEP][PASSED] - setText(findTestObject(orPath_TaxInfo + "/input_NoticeInvoiceNumber"), notInvNumber): Text '123456789' is set on object 'Object Repository/RAD_Pages/TaxInfo_Page/input_NoticeInvoiceNumber'

2024-01-14 16:18:00 - [MESSAGE][PASSED] - Text '123456789' is set on object 'Object Repository/RAD_Pages/TaxInfo_Page/input_NoticeInvoiceNumber'

2024-01-14 16:18:00 - [TEST_STEP][PASSED] - setText(findTestObject(orPath_TaxInfo + "/input_reTypeNoticeInvoiceNumber"), notInvNumber): Text '123456789' is set on object 'Object Repository/RAD_Pages/TaxInfo_Page/input_reTypeNoticeInvoiceNumber'

2024-01-14 16:18:01 - [MESSAGE][PASSED] - Text '123456789' is set on object 'Object Repository/RAD_Pages/TaxInfo_Page/input_reTypeNoticeInvoiceNumber'

2024-01-14 16:18:01 - [TEST_STEP][PASSED] - println(notInvNumber): null

2024-01-14 16:18:01 - [TEST_STEP][PASSED] - if (verifyTextPresent(errorMsg, true)): null

2024-01-14 16:18:01 - [MESSAGE][PASSED] - Text 'Notice Number must be 13 digits in length, with a value greater than zero' is present on page  using regular expression

2024-01-14 16:18:01 - [TEST_STEP][PASSED] - println("Error Message is present on the page"): null

2024-01-14 16:18:01 - [TEST_STEP][PASSED] - out.println("Pass Record Number: " + row): null

2024-01-14 16:18:01 - [TEST_STEP][PASSED] - resText = "Pass": null

2024-01-14 16:18:01 - [TEST_STEP][PASSED] - pages.WriteExcel.demoKey(resText, datText, resColumn, datCloumn, fileLoc, nameSheet, row): pages.WriteExcel.demoKey is PASSED

2024-01-14 16:18:01 - [MESSAGE][PASSED] - pages.WriteExcel.demoKey is PASSED

2024-01-14 16:18:01 - [TEST_STEP][PASSED] - ExecuteTC = findTestData(dataFile).getValue("Execute", row): null

2024-01-14 16:18:01 - [TEST_STEP][PASSED] - Taxtype = findTestData(dataFile).getValue("TaxType", row): null

2024-01-14 16:18:01 - [TEST_STEP][PASSED] - TaxTypeEL = findTestData(dataFile).getValue("TaxTypeEL", row): null

2024-01-14 16:18:01 - [TEST_STEP][PASSED] - notInvNumber = findTestData(dataFile).getValue("NotiInvoNumber", row): null

2024-01-14 16:18:01 - [TEST_STEP][PASSED] - errorMsg = findTestData(dataFile).getValue("ErrorMessage", row): null

2024-01-14 16:18:01 - [TEST_STEP][PASSED] - out.println("Value of Execute is : " + ExecuteTC): null

2024-01-14 16:18:01 - [TEST_STEP][PASSED] - if (ExecuteTC.equalsIgnoreCase("Y")): null

2024-01-14 16:18:01 - [TEST_STEP][PASSED] - out.println("Begin Record Number: " + row): null

2024-01-14 16:18:01 - [TEST_STEP][PASSED] - today = new java.util.Date(): null

2024-01-14 16:18:01 - [TEST_STEP][PASSED] - println(today): null

2024-01-14 16:18:01 - [TEST_STEP][PASSED] - datText = today: null

2024-01-14 16:18:01 - [TEST_STEP][PASSED] - Taxtype = findTestData(dataFile).getValue("TaxType", row): null

2024-01-14 16:18:01 - [TEST_STEP][PASSED] - out.println("Taxtype value is : " + Taxtype): null

2024-01-14 16:18:01 - [TEST_STEP][PASSED] - openBrowser(""): Browser is opened with url: ''

2024-01-14 16:18:02 - [MESSAGE][WARNING] - A browser is already opened. Closing browser and opening a new one

2024-01-14 16:18:03 - [MESSAGE][INFO] - Starting 'Chrome' driver

2024-01-14 16:18:03 - [MESSAGE][INFO] - User set preference: ['acceptInsecureCerts', 'true']

2024-01-14 16:18:03 - [MESSAGE][INFO] - Action delay is set to 0 milliseconds

2024-01-14 16:18:04 - [MESSAGE][PASSED] - Browser is opened with url: ''

2024-01-14 16:18:04 - [TEST_STEP][PASSED] - maximizeWindow(): Current window maximized

2024-01-14 16:18:04 - [MESSAGE][PASSED] - Current window maximized

2024-01-14 16:18:04 - [TEST_STEP][PASSED] - navigateToUrl(RADurl): Navigate to 'https://qa2.velocitypayment.com/client/rad/index.html' successfully

2024-01-14 16:18:04 - [MESSAGE][PASSED] - Navigate to 'https://qa2.velocitypayment.com/client/rad/index.html' successfully

2024-01-14 16:18:04 - [TEST_STEP][PASSED] - orPath_Landing = "Object Repository/RAD_Pages/Landing_Page": null

2024-01-14 16:18:04 - [TEST_STEP][PASSED] - orPath_TaxTypeFilingYear = "Object Repository/RAD_Pages/TaxTypeFilingYear_Page": null

2024-01-14 16:18:04 - [TEST_STEP][PASSED] - orPath_TaxPayer = "Object Repository/RAD_Pages/Taxpayer_Page": null

2024-01-14 16:18:04 - [TEST_STEP][PASSED] - orPath_AddressContact = "Object Repository/RAD_Pages/AddressAndContactInfo_Page": null

2024-01-14 16:18:04 - [TEST_STEP][PASSED] - orPath_FilingStatus = "Object Repository/RAD_Pages/FilingStatus_Page": null

2024-01-14 16:18:04 - [TEST_STEP][PASSED] - orPath_Amount = "Object Repository/RAD_Pages/PaymentAmount_Page": null

2024-01-14 16:18:04 - [TEST_STEP][PASSED] - orPath_TaxInfo = "Object Repository/RAD_Pages/TaxInfo_Page": null

2024-01-14 16:18:04 - [TEST_STEP][PASSED] - orPath_Withholding = "Object Repository/RAD_Pages/Withholding_Page": null

2024-01-14 16:18:04 - [TEST_STEP][PASSED] - orPath_Summary = "Object Repository/RAD_Pages/Summary_Page": null

2024-01-14 16:18:04 - [TEST_STEP][PASSED] - orPath_PaymentReady = "Object Repository/RAD_Pages/PaymentReady_Page": null

2024-01-14 16:18:04 - [TEST_STEP][PASSED] - orPath_PaymentEntry = "Object Repository/RAD_Pages/PaymentEntry_Page": null

2024-01-14 16:18:04 - [TEST_STEP][PASSED] - orPath_PaymentConfirmation = "Object Repository/RAD_Pages/PaymentConfirmation_Page": null

2024-01-14 16:18:04 - [TEST_STEP][PASSED] - orPath_ServiceFeesAccept = "Object Repository/RAD_Pages/ServiceFeeAccept_Page": null

2024-01-14 16:18:04 - [TEST_STEP][PASSED] - selectOptionByLabel(findTestObject(orPath_Landing + "/dd_TaxType"), Taxtype, false): All options with label 'Existing Liability w/Notice Number' are selected in object 'Object Repository/RAD_Pages/Landing_Page/dd_TaxType' 

2024-01-14 16:18:06 - [MESSAGE][PASSED] - All options with label 'Existing Liability w/Notice Number' are selected in object 'Object Repository/RAD_Pages/Landing_Page/dd_TaxType' 

2024-01-14 16:18:06 - [TEST_STEP][PASSED] - delay(1): Delayed 1 second(s)

2024-01-14 16:18:07 - [MESSAGE][PASSED] - Delayed 1 second(s)

2024-01-14 16:18:07 - [TEST_STEP][PASSED] - selectOptionByLabel(findTestObject(orPath_TaxTypeFilingYear + "/select_TaxType_ExistingLiability"), TaxTypeEL, false): All options with label 'Withholding Tax' are selected in object 'Object Repository/RAD_Pages/TaxTypeFilingYear_Page/select_TaxType_ExistingLiability' 

2024-01-14 16:18:08 - [MESSAGE][PASSED] - All options with label 'Withholding Tax' are selected in object 'Object Repository/RAD_Pages/TaxTypeFilingYear_Page/select_TaxType_ExistingLiability' 

2024-01-14 16:18:08 - [TEST_STEP][PASSED] - setText(findTestObject(orPath_TaxInfo + "/input_NoticeInvoiceNumber"), notInvNumber): Text '123456789' is set on object 'Object Repository/RAD_Pages/TaxInfo_Page/input_NoticeInvoiceNumber'

2024-01-14 16:18:09 - [MESSAGE][PASSED] - Text '123456789' is set on object 'Object Repository/RAD_Pages/TaxInfo_Page/input_NoticeInvoiceNumber'

2024-01-14 16:18:09 - [TEST_STEP][PASSED] - setText(findTestObject(orPath_TaxInfo + "/input_reTypeNoticeInvoiceNumber"), notInvNumber): Text '123456789' is set on object 'Object Repository/RAD_Pages/TaxInfo_Page/input_reTypeNoticeInvoiceNumber'

2024-01-14 16:18:10 - [MESSAGE][PASSED] - Text '123456789' is set on object 'Object Repository/RAD_Pages/TaxInfo_Page/input_reTypeNoticeInvoiceNumber'

2024-01-14 16:18:10 - [TEST_STEP][PASSED] - println(notInvNumber): null

2024-01-14 16:18:10 - [TEST_STEP][PASSED] - if (verifyTextPresent(errorMsg, true)): null

2024-01-14 16:18:10 - [MESSAGE][PASSED] - Text 'Notice Number must be 13 digits in length, with a value greater than zero' is present on page  using regular expression

2024-01-14 16:18:10 - [TEST_STEP][PASSED] - println("Error Message is present on the page"): null

2024-01-14 16:18:10 - [TEST_STEP][PASSED] - out.println("Pass Record Number: " + row): null

2024-01-14 16:18:10 - [TEST_STEP][PASSED] - resText = "Pass": null

2024-01-14 16:18:10 - [TEST_STEP][PASSED] - pages.WriteExcel.demoKey(resText, datText, resColumn, datCloumn, fileLoc, nameSheet, row): pages.WriteExcel.demoKey is PASSED

2024-01-14 16:18:11 - [MESSAGE][PASSED] - pages.WriteExcel.demoKey is PASSED

2024-01-14 16:18:11 - [TEST_STEP][PASSED] - ExecuteTC = findTestData(dataFile).getValue("Execute", row): null

2024-01-14 16:18:11 - [TEST_STEP][PASSED] - Taxtype = findTestData(dataFile).getValue("TaxType", row): null

2024-01-14 16:18:11 - [TEST_STEP][PASSED] - TaxTypeEL = findTestData(dataFile).getValue("TaxTypeEL", row): null

2024-01-14 16:18:11 - [TEST_STEP][PASSED] - notInvNumber = findTestData(dataFile).getValue("NotiInvoNumber", row): null

2024-01-14 16:18:11 - [TEST_STEP][PASSED] - errorMsg = findTestData(dataFile).getValue("ErrorMessage", row): null

2024-01-14 16:18:11 - [TEST_STEP][PASSED] - out.println("Value of Execute is : " + ExecuteTC): null

2024-01-14 16:18:11 - [TEST_STEP][PASSED] - if (ExecuteTC.equalsIgnoreCase("Y")): null

2024-01-14 16:18:11 - [TEST_STEP][PASSED] - out.println("Begin Record Number: " + row): null

2024-01-14 16:18:11 - [TEST_STEP][PASSED] - today = new java.util.Date(): null

2024-01-14 16:18:11 - [TEST_STEP][PASSED] - println(today): null

2024-01-14 16:18:11 - [TEST_STEP][PASSED] - datText = today: null

2024-01-14 16:18:11 - [TEST_STEP][PASSED] - Taxtype = findTestData(dataFile).getValue("TaxType", row): null

2024-01-14 16:18:11 - [TEST_STEP][PASSED] - out.println("Taxtype value is : " + Taxtype): null

2024-01-14 16:18:11 - [TEST_STEP][PASSED] - openBrowser(""): Browser is opened with url: ''

2024-01-14 16:18:11 - [MESSAGE][WARNING] - A browser is already opened. Closing browser and opening a new one

2024-01-14 16:18:12 - [MESSAGE][INFO] - Starting 'Chrome' driver

2024-01-14 16:18:12 - [MESSAGE][INFO] - User set preference: ['acceptInsecureCerts', 'true']

2024-01-14 16:18:12 - [MESSAGE][INFO] - Action delay is set to 0 milliseconds

2024-01-14 16:18:13 - [MESSAGE][PASSED] - Browser is opened with url: ''

2024-01-14 16:18:13 - [TEST_STEP][PASSED] - maximizeWindow(): Current window maximized

2024-01-14 16:18:13 - [MESSAGE][PASSED] - Current window maximized

2024-01-14 16:18:13 - [TEST_STEP][PASSED] - navigateToUrl(RADurl): Navigate to 'https://qa2.velocitypayment.com/client/rad/index.html' successfully

2024-01-14 16:18:15 - [MESSAGE][PASSED] - Navigate to 'https://qa2.velocitypayment.com/client/rad/index.html' successfully

2024-01-14 16:18:15 - [TEST_STEP][PASSED] - orPath_Landing = "Object Repository/RAD_Pages/Landing_Page": null

2024-01-14 16:18:15 - [TEST_STEP][PASSED] - orPath_TaxTypeFilingYear = "Object Repository/RAD_Pages/TaxTypeFilingYear_Page": null

2024-01-14 16:18:15 - [TEST_STEP][PASSED] - orPath_TaxPayer = "Object Repository/RAD_Pages/Taxpayer_Page": null

2024-01-14 16:18:15 - [TEST_STEP][PASSED] - orPath_AddressContact = "Object Repository/RAD_Pages/AddressAndContactInfo_Page": null

2024-01-14 16:18:15 - [TEST_STEP][PASSED] - orPath_FilingStatus = "Object Repository/RAD_Pages/FilingStatus_Page": null

2024-01-14 16:18:15 - [TEST_STEP][PASSED] - orPath_Amount = "Object Repository/RAD_Pages/PaymentAmount_Page": null

2024-01-14 16:18:15 - [TEST_STEP][PASSED] - orPath_TaxInfo = "Object Repository/RAD_Pages/TaxInfo_Page": null

2024-01-14 16:18:15 - [TEST_STEP][PASSED] - orPath_Withholding = "Object Repository/RAD_Pages/Withholding_Page": null

2024-01-14 16:18:15 - [TEST_STEP][PASSED] - orPath_Summary = "Object Repository/RAD_Pages/Summary_Page": null

2024-01-14 16:18:15 - [TEST_STEP][PASSED] - orPath_PaymentReady = "Object Repository/RAD_Pages/PaymentReady_Page": null

2024-01-14 16:18:15 - [TEST_STEP][PASSED] - orPath_PaymentEntry = "Object Repository/RAD_Pages/PaymentEntry_Page": null

2024-01-14 16:18:15 - [TEST_STEP][PASSED] - orPath_PaymentConfirmation = "Object Repository/RAD_Pages/PaymentConfirmation_Page": null

2024-01-14 16:18:15 - [TEST_STEP][PASSED] - orPath_ServiceFeesAccept = "Object Repository/RAD_Pages/ServiceFeeAccept_Page": null

2024-01-14 16:18:15 - [TEST_STEP][PASSED] - selectOptionByLabel(findTestObject(orPath_Landing + "/dd_TaxType"), Taxtype, false): All options with label 'Existing Liability w/Notice Number' are selected in object 'Object Repository/RAD_Pages/Landing_Page/dd_TaxType' 

2024-01-14 16:18:16 - [MESSAGE][PASSED] - All options with label 'Existing Liability w/Notice Number' are selected in object 'Object Repository/RAD_Pages/Landing_Page/dd_TaxType' 

2024-01-14 16:18:16 - [TEST_STEP][PASSED] - delay(1): Delayed 1 second(s)

2024-01-14 16:18:17 - [MESSAGE][PASSED] - Delayed 1 second(s)

2024-01-14 16:18:17 - [TEST_STEP][PASSED] - selectOptionByLabel(findTestObject(orPath_TaxTypeFilingYear + "/select_TaxType_ExistingLiability"), TaxTypeEL, false): All options with label 'Alcohol Tax' are selected in object 'Object Repository/RAD_Pages/TaxTypeFilingYear_Page/select_TaxType_ExistingLiability' 

2024-01-14 16:18:17 - [MESSAGE][PASSED] - All options with label 'Alcohol Tax' are selected in object 'Object Repository/RAD_Pages/TaxTypeFilingYear_Page/select_TaxType_ExistingLiability' 

2024-01-14 16:18:17 - [TEST_STEP][PASSED] - setText(findTestObject(orPath_TaxInfo + "/input_NoticeInvoiceNumber"), notInvNumber): Text '123456789' is set on object 'Object Repository/RAD_Pages/TaxInfo_Page/input_NoticeInvoiceNumber'

2024-01-14 16:18:18 - [MESSAGE][PASSED] - Text '123456789' is set on object 'Object Repository/RAD_Pages/TaxInfo_Page/input_NoticeInvoiceNumber'

2024-01-14 16:18:18 - [TEST_STEP][PASSED] - setText(findTestObject(orPath_TaxInfo + "/input_reTypeNoticeInvoiceNumber"), notInvNumber): Text '123456789' is set on object 'Object Repository/RAD_Pages/TaxInfo_Page/input_reTypeNoticeInvoiceNumber'

2024-01-14 16:18:19 - [MESSAGE][PASSED] - Text '123456789' is set on object 'Object Repository/RAD_Pages/TaxInfo_Page/input_reTypeNoticeInvoiceNumber'

2024-01-14 16:18:19 - [TEST_STEP][PASSED] - println(notInvNumber): null

2024-01-14 16:18:19 - [TEST_STEP][PASSED] - if (verifyTextPresent(errorMsg, true)): null

2024-01-14 16:18:20 - [MESSAGE][PASSED] - Text 'Invoice Number must be 10 or 13 digits in length, with a value greater than zero' is present on page  using regular expression

2024-01-14 16:18:20 - [TEST_STEP][PASSED] - println("Error Message is present on the page"): null

2024-01-14 16:18:20 - [TEST_STEP][PASSED] - out.println("Pass Record Number: " + row): null

2024-01-14 16:18:20 - [TEST_STEP][PASSED] - resText = "Pass": null

2024-01-14 16:18:20 - [TEST_STEP][PASSED] - pages.WriteExcel.demoKey(resText, datText, resColumn, datCloumn, fileLoc, nameSheet, row): pages.WriteExcel.demoKey is PASSED

2024-01-14 16:18:20 - [MESSAGE][PASSED] - pages.WriteExcel.demoKey is PASSED

2024-01-14 16:18:20 - [TEST_STEP][PASSED] - ExecuteTC = findTestData(dataFile).getValue("Execute", row): null

2024-01-14 16:18:20 - [TEST_STEP][PASSED] - Taxtype = findTestData(dataFile).getValue("TaxType", row): null

2024-01-14 16:18:20 - [TEST_STEP][PASSED] - TaxTypeEL = findTestData(dataFile).getValue("TaxTypeEL", row): null

2024-01-14 16:18:20 - [TEST_STEP][PASSED] - notInvNumber = findTestData(dataFile).getValue("NotiInvoNumber", row): null

2024-01-14 16:18:20 - [TEST_STEP][PASSED] - errorMsg = findTestData(dataFile).getValue("ErrorMessage", row): null

2024-01-14 16:18:20 - [TEST_STEP][PASSED] - out.println("Value of Execute is : " + ExecuteTC): null

2024-01-14 16:18:20 - [TEST_STEP][PASSED] - if (ExecuteTC.equalsIgnoreCase("Y")): null

2024-01-14 16:18:20 - [TEST_STEP][PASSED] - out.println("Begin Record Number: " + row): null

2024-01-14 16:18:20 - [TEST_STEP][PASSED] - today = new java.util.Date(): null

2024-01-14 16:18:20 - [TEST_STEP][PASSED] - println(today): null

2024-01-14 16:18:20 - [TEST_STEP][PASSED] - datText = today: null

2024-01-14 16:18:20 - [TEST_STEP][PASSED] - Taxtype = findTestData(dataFile).getValue("TaxType", row): null

2024-01-14 16:18:20 - [TEST_STEP][PASSED] - out.println("Taxtype value is : " + Taxtype): null

2024-01-14 16:18:20 - [TEST_STEP][PASSED] - openBrowser(""): Browser is opened with url: ''

2024-01-14 16:18:20 - [MESSAGE][WARNING] - A browser is already opened. Closing browser and opening a new one

2024-01-14 16:18:21 - [MESSAGE][INFO] - Starting 'Chrome' driver

2024-01-14 16:18:21 - [MESSAGE][INFO] - User set preference: ['acceptInsecureCerts', 'true']

2024-01-14 16:18:21 - [MESSAGE][INFO] - Action delay is set to 0 milliseconds

2024-01-14 16:18:23 - [MESSAGE][PASSED] - Browser is opened with url: ''

2024-01-14 16:18:23 - [TEST_STEP][PASSED] - maximizeWindow(): Current window maximized

2024-01-14 16:18:23 - [MESSAGE][PASSED] - Current window maximized

2024-01-14 16:18:23 - [TEST_STEP][PASSED] - navigateToUrl(RADurl): Navigate to 'https://qa2.velocitypayment.com/client/rad/index.html' successfully

2024-01-14 16:18:24 - [MESSAGE][PASSED] - Navigate to 'https://qa2.velocitypayment.com/client/rad/index.html' successfully

2024-01-14 16:18:24 - [TEST_STEP][PASSED] - orPath_Landing = "Object Repository/RAD_Pages/Landing_Page": null

2024-01-14 16:18:24 - [TEST_STEP][PASSED] - orPath_TaxTypeFilingYear = "Object Repository/RAD_Pages/TaxTypeFilingYear_Page": null

2024-01-14 16:18:24 - [TEST_STEP][PASSED] - orPath_TaxPayer = "Object Repository/RAD_Pages/Taxpayer_Page": null

2024-01-14 16:18:24 - [TEST_STEP][PASSED] - orPath_AddressContact = "Object Repository/RAD_Pages/AddressAndContactInfo_Page": null

2024-01-14 16:18:24 - [TEST_STEP][PASSED] - orPath_FilingStatus = "Object Repository/RAD_Pages/FilingStatus_Page": null

2024-01-14 16:18:24 - [TEST_STEP][PASSED] - orPath_Amount = "Object Repository/RAD_Pages/PaymentAmount_Page": null

2024-01-14 16:18:24 - [TEST_STEP][PASSED] - orPath_TaxInfo = "Object Repository/RAD_Pages/TaxInfo_Page": null

2024-01-14 16:18:24 - [TEST_STEP][PASSED] - orPath_Withholding = "Object Repository/RAD_Pages/Withholding_Page": null

2024-01-14 16:18:24 - [TEST_STEP][PASSED] - orPath_Summary = "Object Repository/RAD_Pages/Summary_Page": null

2024-01-14 16:18:24 - [TEST_STEP][PASSED] - orPath_PaymentReady = "Object Repository/RAD_Pages/PaymentReady_Page": null

2024-01-14 16:18:24 - [TEST_STEP][PASSED] - orPath_PaymentEntry = "Object Repository/RAD_Pages/PaymentEntry_Page": null

2024-01-14 16:18:24 - [TEST_STEP][PASSED] - orPath_PaymentConfirmation = "Object Repository/RAD_Pages/PaymentConfirmation_Page": null

2024-01-14 16:18:24 - [TEST_STEP][PASSED] - orPath_ServiceFeesAccept = "Object Repository/RAD_Pages/ServiceFeeAccept_Page": null

2024-01-14 16:18:24 - [TEST_STEP][PASSED] - selectOptionByLabel(findTestObject(orPath_Landing + "/dd_TaxType"), Taxtype, false): All options with label 'Existing Liability w/Notice Number' are selected in object 'Object Repository/RAD_Pages/Landing_Page/dd_TaxType' 

2024-01-14 16:18:25 - [MESSAGE][PASSED] - All options with label 'Existing Liability w/Notice Number' are selected in object 'Object Repository/RAD_Pages/Landing_Page/dd_TaxType' 

2024-01-14 16:18:25 - [TEST_STEP][PASSED] - delay(1): Delayed 1 second(s)

2024-01-14 16:18:26 - [MESSAGE][PASSED] - Delayed 1 second(s)

2024-01-14 16:18:26 - [TEST_STEP][PASSED] - selectOptionByLabel(findTestObject(orPath_TaxTypeFilingYear + "/select_TaxType_ExistingLiability"), TaxTypeEL, false): All options with label 'Alcohol Tax' are selected in object 'Object Repository/RAD_Pages/TaxTypeFilingYear_Page/select_TaxType_ExistingLiability' 

2024-01-14 16:18:27 - [MESSAGE][PASSED] - All options with label 'Alcohol Tax' are selected in object 'Object Repository/RAD_Pages/TaxTypeFilingYear_Page/select_TaxType_ExistingLiability' 

2024-01-14 16:18:27 - [TEST_STEP][PASSED] - setText(findTestObject(orPath_TaxInfo + "/input_NoticeInvoiceNumber"), notInvNumber): Text '12345678901' is set on object 'Object Repository/RAD_Pages/TaxInfo_Page/input_NoticeInvoiceNumber'

2024-01-14 16:18:27 - [MESSAGE][PASSED] - Text '12345678901' is set on object 'Object Repository/RAD_Pages/TaxInfo_Page/input_NoticeInvoiceNumber'

2024-01-14 16:18:27 - [TEST_STEP][PASSED] - setText(findTestObject(orPath_TaxInfo + "/input_reTypeNoticeInvoiceNumber"), notInvNumber): Text '12345678901' is set on object 'Object Repository/RAD_Pages/TaxInfo_Page/input_reTypeNoticeInvoiceNumber'

2024-01-14 16:18:28 - [MESSAGE][PASSED] - Text '12345678901' is set on object 'Object Repository/RAD_Pages/TaxInfo_Page/input_reTypeNoticeInvoiceNumber'

2024-01-14 16:18:28 - [TEST_STEP][PASSED] - println(notInvNumber): null

2024-01-14 16:18:28 - [TEST_STEP][PASSED] - if (verifyTextPresent(errorMsg, true)): null

2024-01-14 16:18:29 - [MESSAGE][PASSED] - Text 'Invoice Number must be 10 or 13 digits in length, with a value greater than zero' is present on page  using regular expression

2024-01-14 16:18:29 - [TEST_STEP][PASSED] - println("Error Message is present on the page"): null

2024-01-14 16:18:29 - [TEST_STEP][PASSED] - out.println("Pass Record Number: " + row): null

2024-01-14 16:18:29 - [TEST_STEP][PASSED] - resText = "Pass": null

2024-01-14 16:18:29 - [TEST_STEP][PASSED] - pages.WriteExcel.demoKey(resText, datText, resColumn, datCloumn, fileLoc, nameSheet, row): pages.WriteExcel.demoKey is PASSED

2024-01-14 16:18:29 - [MESSAGE][PASSED] - pages.WriteExcel.demoKey is PASSED

2024-01-14 16:18:29 - [TEST_STEP][PASSED] - ExecuteTC = findTestData(dataFile).getValue("Execute", row): null

2024-01-14 16:18:29 - [TEST_STEP][PASSED] - Taxtype = findTestData(dataFile).getValue("TaxType", row): null

2024-01-14 16:18:29 - [TEST_STEP][PASSED] - TaxTypeEL = findTestData(dataFile).getValue("TaxTypeEL", row): null

2024-01-14 16:18:29 - [TEST_STEP][PASSED] - notInvNumber = findTestData(dataFile).getValue("NotiInvoNumber", row): null

2024-01-14 16:18:29 - [TEST_STEP][PASSED] - errorMsg = findTestData(dataFile).getValue("ErrorMessage", row): null

2024-01-14 16:18:29 - [TEST_STEP][PASSED] - out.println("Value of Execute is : " + ExecuteTC): null

2024-01-14 16:18:29 - [TEST_STEP][PASSED] - if (ExecuteTC.equalsIgnoreCase("Y")): null

2024-01-14 16:18:29 - [TEST_STEP][PASSED] - out.println("Begin Record Number: " + row): null

2024-01-14 16:18:29 - [TEST_STEP][PASSED] - today = new java.util.Date(): null

2024-01-14 16:18:29 - [TEST_STEP][PASSED] - println(today): null

2024-01-14 16:18:29 - [TEST_STEP][PASSED] - datText = today: null

2024-01-14 16:18:29 - [TEST_STEP][PASSED] - Taxtype = findTestData(dataFile).getValue("TaxType", row): null

2024-01-14 16:18:29 - [TEST_STEP][PASSED] - out.println("Taxtype value is : " + Taxtype): null

2024-01-14 16:18:29 - [TEST_STEP][PASSED] - openBrowser(""): Browser is opened with url: ''

2024-01-14 16:18:29 - [MESSAGE][WARNING] - A browser is already opened. Closing browser and opening a new one

2024-01-14 16:18:30 - [MESSAGE][INFO] - Starting 'Chrome' driver

2024-01-14 16:18:30 - [MESSAGE][INFO] - User set preference: ['acceptInsecureCerts', 'true']

2024-01-14 16:18:30 - [MESSAGE][INFO] - Action delay is set to 0 milliseconds

2024-01-14 16:18:32 - [MESSAGE][PASSED] - Browser is opened with url: ''

2024-01-14 16:18:32 - [TEST_STEP][PASSED] - maximizeWindow(): Current window maximized

2024-01-14 16:18:32 - [MESSAGE][PASSED] - Current window maximized

2024-01-14 16:18:32 - [TEST_STEP][PASSED] - navigateToUrl(RADurl): Navigate to 'https://qa2.velocitypayment.com/client/rad/index.html' successfully

2024-01-14 16:18:33 - [MESSAGE][PASSED] - Navigate to 'https://qa2.velocitypayment.com/client/rad/index.html' successfully

2024-01-14 16:18:33 - [TEST_STEP][PASSED] - orPath_Landing = "Object Repository/RAD_Pages/Landing_Page": null

2024-01-14 16:18:33 - [TEST_STEP][PASSED] - orPath_TaxTypeFilingYear = "Object Repository/RAD_Pages/TaxTypeFilingYear_Page": null

2024-01-14 16:18:33 - [TEST_STEP][PASSED] - orPath_TaxPayer = "Object Repository/RAD_Pages/Taxpayer_Page": null

2024-01-14 16:18:33 - [TEST_STEP][PASSED] - orPath_AddressContact = "Object Repository/RAD_Pages/AddressAndContactInfo_Page": null

2024-01-14 16:18:33 - [TEST_STEP][PASSED] - orPath_FilingStatus = "Object Repository/RAD_Pages/FilingStatus_Page": null

2024-01-14 16:18:33 - [TEST_STEP][PASSED] - orPath_Amount = "Object Repository/RAD_Pages/PaymentAmount_Page": null

2024-01-14 16:18:33 - [TEST_STEP][PASSED] - orPath_TaxInfo = "Object Repository/RAD_Pages/TaxInfo_Page": null

2024-01-14 16:18:33 - [TEST_STEP][PASSED] - orPath_Withholding = "Object Repository/RAD_Pages/Withholding_Page": null

2024-01-14 16:18:33 - [TEST_STEP][PASSED] - orPath_Summary = "Object Repository/RAD_Pages/Summary_Page": null

2024-01-14 16:18:33 - [TEST_STEP][PASSED] - orPath_PaymentReady = "Object Repository/RAD_Pages/PaymentReady_Page": null

2024-01-14 16:18:33 - [TEST_STEP][PASSED] - orPath_PaymentEntry = "Object Repository/RAD_Pages/PaymentEntry_Page": null

2024-01-14 16:18:33 - [TEST_STEP][PASSED] - orPath_PaymentConfirmation = "Object Repository/RAD_Pages/PaymentConfirmation_Page": null

2024-01-14 16:18:33 - [TEST_STEP][PASSED] - orPath_ServiceFeesAccept = "Object Repository/RAD_Pages/ServiceFeeAccept_Page": null

2024-01-14 16:18:33 - [TEST_STEP][PASSED] - selectOptionByLabel(findTestObject(orPath_Landing + "/dd_TaxType"), Taxtype, false): All options with label 'Existing Liability w/Notice Number' are selected in object 'Object Repository/RAD_Pages/Landing_Page/dd_TaxType' 

2024-01-14 16:18:34 - [MESSAGE][PASSED] - All options with label 'Existing Liability w/Notice Number' are selected in object 'Object Repository/RAD_Pages/Landing_Page/dd_TaxType' 

2024-01-14 16:18:34 - [TEST_STEP][PASSED] - delay(1): Delayed 1 second(s)

2024-01-14 16:18:35 - [MESSAGE][PASSED] - Delayed 1 second(s)

2024-01-14 16:18:35 - [TEST_STEP][PASSED] - selectOptionByLabel(findTestObject(orPath_TaxTypeFilingYear + "/select_TaxType_ExistingLiability"), TaxTypeEL, false): All options with label 'Alcohol Tax' are selected in object 'Object Repository/RAD_Pages/TaxTypeFilingYear_Page/select_TaxType_ExistingLiability' 

2024-01-14 16:18:36 - [MESSAGE][PASSED] - All options with label 'Alcohol Tax' are selected in object 'Object Repository/RAD_Pages/TaxTypeFilingYear_Page/select_TaxType_ExistingLiability' 

2024-01-14 16:18:36 - [TEST_STEP][PASSED] - setText(findTestObject(orPath_TaxInfo + "/input_NoticeInvoiceNumber"), notInvNumber): Text '123456789012' is set on object 'Object Repository/RAD_Pages/TaxInfo_Page/input_NoticeInvoiceNumber'

2024-01-14 16:18:37 - [MESSAGE][PASSED] - Text '123456789012' is set on object 'Object Repository/RAD_Pages/TaxInfo_Page/input_NoticeInvoiceNumber'

2024-01-14 16:18:37 - [TEST_STEP][PASSED] - setText(findTestObject(orPath_TaxInfo + "/input_reTypeNoticeInvoiceNumber"), notInvNumber): Text '123456789012' is set on object 'Object Repository/RAD_Pages/TaxInfo_Page/input_reTypeNoticeInvoiceNumber'

2024-01-14 16:18:38 - [MESSAGE][PASSED] - Text '123456789012' is set on object 'Object Repository/RAD_Pages/TaxInfo_Page/input_reTypeNoticeInvoiceNumber'

2024-01-14 16:18:38 - [TEST_STEP][PASSED] - println(notInvNumber): null

2024-01-14 16:18:38 - [TEST_STEP][PASSED] - if (verifyTextPresent(errorMsg, true)): null

2024-01-14 16:18:38 - [MESSAGE][PASSED] - Text 'Invoice Number must be 10 or 13 digits in length, with a value greater than zero' is present on page  using regular expression

2024-01-14 16:18:38 - [TEST_STEP][PASSED] - println("Error Message is present on the page"): null

2024-01-14 16:18:38 - [TEST_STEP][PASSED] - out.println("Pass Record Number: " + row): null

2024-01-14 16:18:38 - [TEST_STEP][PASSED] - resText = "Pass": null

2024-01-14 16:18:38 - [TEST_STEP][PASSED] - pages.WriteExcel.demoKey(resText, datText, resColumn, datCloumn, fileLoc, nameSheet, row): pages.WriteExcel.demoKey is PASSED

2024-01-14 16:18:38 - [MESSAGE][PASSED] - pages.WriteExcel.demoKey is PASSED

2024-01-14 16:18:38 - [TEST_STEP][PASSED] - ExecuteTC = findTestData(dataFile).getValue("Execute", row): null

2024-01-14 16:18:38 - [TEST_STEP][PASSED] - Taxtype = findTestData(dataFile).getValue("TaxType", row): null

2024-01-14 16:18:38 - [TEST_STEP][PASSED] - TaxTypeEL = findTestData(dataFile).getValue("TaxTypeEL", row): null

2024-01-14 16:18:38 - [TEST_STEP][PASSED] - notInvNumber = findTestData(dataFile).getValue("NotiInvoNumber", row): null

2024-01-14 16:18:38 - [TEST_STEP][PASSED] - errorMsg = findTestData(dataFile).getValue("ErrorMessage", row): null

2024-01-14 16:18:38 - [TEST_STEP][PASSED] - out.println("Value of Execute is : " + ExecuteTC): null

2024-01-14 16:18:38 - [TEST_STEP][PASSED] - if (ExecuteTC.equalsIgnoreCase("Y")): null

2024-01-14 16:18:38 - [TEST_STEP][PASSED] - out.println("Begin Record Number: " + row): null

2024-01-14 16:18:38 - [TEST_STEP][PASSED] - today = new java.util.Date(): null

2024-01-14 16:18:38 - [TEST_STEP][PASSED] - println(today): null

2024-01-14 16:18:38 - [TEST_STEP][PASSED] - datText = today: null

2024-01-14 16:18:38 - [TEST_STEP][PASSED] - Taxtype = findTestData(dataFile).getValue("TaxType", row): null

2024-01-14 16:18:39 - [TEST_STEP][PASSED] - out.println("Taxtype value is : " + Taxtype): null

2024-01-14 16:18:39 - [TEST_STEP][PASSED] - openBrowser(""): Browser is opened with url: ''

2024-01-14 16:18:39 - [MESSAGE][WARNING] - A browser is already opened. Closing browser and opening a new one

2024-01-14 16:18:40 - [MESSAGE][INFO] - Starting 'Chrome' driver

2024-01-14 16:18:40 - [MESSAGE][INFO] - User set preference: ['acceptInsecureCerts', 'true']

2024-01-14 16:18:40 - [MESSAGE][INFO] - Action delay is set to 0 milliseconds

2024-01-14 16:18:41 - [MESSAGE][PASSED] - Browser is opened with url: ''

2024-01-14 16:18:41 - [TEST_STEP][PASSED] - maximizeWindow(): Current window maximized

2024-01-14 16:18:41 - [MESSAGE][PASSED] - Current window maximized

2024-01-14 16:18:41 - [TEST_STEP][PASSED] - navigateToUrl(RADurl): Navigate to 'https://qa2.velocitypayment.com/client/rad/index.html' successfully

2024-01-14 16:18:43 - [MESSAGE][PASSED] - Navigate to 'https://qa2.velocitypayment.com/client/rad/index.html' successfully

2024-01-14 16:18:43 - [TEST_STEP][PASSED] - orPath_Landing = "Object Repository/RAD_Pages/Landing_Page": null

2024-01-14 16:18:43 - [TEST_STEP][PASSED] - orPath_TaxTypeFilingYear = "Object Repository/RAD_Pages/TaxTypeFilingYear_Page": null

2024-01-14 16:18:43 - [TEST_STEP][PASSED] - orPath_TaxPayer = "Object Repository/RAD_Pages/Taxpayer_Page": null

2024-01-14 16:18:43 - [TEST_STEP][PASSED] - orPath_AddressContact = "Object Repository/RAD_Pages/AddressAndContactInfo_Page": null

2024-01-14 16:18:43 - [TEST_STEP][PASSED] - orPath_FilingStatus = "Object Repository/RAD_Pages/FilingStatus_Page": null

2024-01-14 16:18:43 - [TEST_STEP][PASSED] - orPath_Amount = "Object Repository/RAD_Pages/PaymentAmount_Page": null

2024-01-14 16:18:43 - [TEST_STEP][PASSED] - orPath_TaxInfo = "Object Repository/RAD_Pages/TaxInfo_Page": null

2024-01-14 16:18:43 - [TEST_STEP][PASSED] - orPath_Withholding = "Object Repository/RAD_Pages/Withholding_Page": null

2024-01-14 16:18:43 - [TEST_STEP][PASSED] - orPath_Summary = "Object Repository/RAD_Pages/Summary_Page": null

2024-01-14 16:18:43 - [TEST_STEP][PASSED] - orPath_PaymentReady = "Object Repository/RAD_Pages/PaymentReady_Page": null

2024-01-14 16:18:43 - [TEST_STEP][PASSED] - orPath_PaymentEntry = "Object Repository/RAD_Pages/PaymentEntry_Page": null

2024-01-14 16:18:43 - [TEST_STEP][PASSED] - orPath_PaymentConfirmation = "Object Repository/RAD_Pages/PaymentConfirmation_Page": null

2024-01-14 16:18:43 - [TEST_STEP][PASSED] - orPath_ServiceFeesAccept = "Object Repository/RAD_Pages/ServiceFeeAccept_Page": null

2024-01-14 16:18:43 - [TEST_STEP][PASSED] - selectOptionByLabel(findTestObject(orPath_Landing + "/dd_TaxType"), Taxtype, false): All options with label 'Existing Liability w/Notice Number' are selected in object 'Object Repository/RAD_Pages/Landing_Page/dd_TaxType' 

2024-01-14 16:18:43 - [MESSAGE][PASSED] - All options with label 'Existing Liability w/Notice Number' are selected in object 'Object Repository/RAD_Pages/Landing_Page/dd_TaxType' 

2024-01-14 16:18:43 - [TEST_STEP][PASSED] - delay(1): Delayed 1 second(s)

2024-01-14 16:18:44 - [MESSAGE][PASSED] - Delayed 1 second(s)

2024-01-14 16:18:44 - [TEST_STEP][PASSED] - selectOptionByLabel(findTestObject(orPath_TaxTypeFilingYear + "/select_TaxType_ExistingLiability"), TaxTypeEL, false): All options with label 'PTE Tax Electing Non-S Corp' are selected in object 'Object Repository/RAD_Pages/TaxTypeFilingYear_Page/select_TaxType_ExistingLiability' 

2024-01-14 16:18:45 - [MESSAGE][PASSED] - All options with label 'PTE Tax Electing Non-S Corp' are selected in object 'Object Repository/RAD_Pages/TaxTypeFilingYear_Page/select_TaxType_ExistingLiability' 

2024-01-14 16:18:45 - [TEST_STEP][PASSED] - setText(findTestObject(orPath_TaxInfo + "/input_NoticeInvoiceNumber"), notInvNumber): Text '123456789' is set on object 'Object Repository/RAD_Pages/TaxInfo_Page/input_NoticeInvoiceNumber'

2024-01-14 16:18:46 - [MESSAGE][PASSED] - Text '123456789' is set on object 'Object Repository/RAD_Pages/TaxInfo_Page/input_NoticeInvoiceNumber'

2024-01-14 16:18:46 - [TEST_STEP][PASSED] - setText(findTestObject(orPath_TaxInfo + "/input_reTypeNoticeInvoiceNumber"), notInvNumber): Text '123456789' is set on object 'Object Repository/RAD_Pages/TaxInfo_Page/input_reTypeNoticeInvoiceNumber'

2024-01-14 16:18:47 - [MESSAGE][PASSED] - Text '123456789' is set on object 'Object Repository/RAD_Pages/TaxInfo_Page/input_reTypeNoticeInvoiceNumber'

2024-01-14 16:18:47 - [TEST_STEP][PASSED] - println(notInvNumber): null

2024-01-14 16:18:47 - [TEST_STEP][PASSED] - if (verifyTextPresent(errorMsg, true)): null

2024-01-14 16:18:47 - [MESSAGE][PASSED] - Text 'Notice Number must be 13 digits in length, with a value greater than zero' is present on page  using regular expression

2024-01-14 16:18:47 - [TEST_STEP][PASSED] - println("Error Message is present on the page"): null

2024-01-14 16:18:47 - [TEST_STEP][PASSED] - out.println("Pass Record Number: " + row): null

2024-01-14 16:18:47 - [TEST_STEP][PASSED] - resText = "Pass": null

2024-01-14 16:18:47 - [TEST_STEP][PASSED] - pages.WriteExcel.demoKey(resText, datText, resColumn, datCloumn, fileLoc, nameSheet, row): pages.WriteExcel.demoKey is PASSED

2024-01-14 16:18:48 - [MESSAGE][PASSED] - pages.WriteExcel.demoKey is PASSED

2024-01-14 16:18:48 - [TEST_STEP][PASSED] - ExecuteTC = findTestData(dataFile).getValue("Execute", row): null

2024-01-14 16:18:48 - [TEST_STEP][PASSED] - Taxtype = findTestData(dataFile).getValue("TaxType", row): null

2024-01-14 16:18:48 - [TEST_STEP][PASSED] - TaxTypeEL = findTestData(dataFile).getValue("TaxTypeEL", row): null

2024-01-14 16:18:48 - [TEST_STEP][PASSED] - notInvNumber = findTestData(dataFile).getValue("NotiInvoNumber", row): null

2024-01-14 16:18:48 - [TEST_STEP][PASSED] - errorMsg = findTestData(dataFile).getValue("ErrorMessage", row): null

2024-01-14 16:18:48 - [TEST_STEP][PASSED] - out.println("Value of Execute is : " + ExecuteTC): null

2024-01-14 16:18:48 - [TEST_STEP][PASSED] - if (ExecuteTC.equalsIgnoreCase("Y")): null

2024-01-14 16:18:48 - [TEST_STEP][PASSED] - out.println("Begin Record Number: " + row): null

2024-01-14 16:18:48 - [TEST_STEP][PASSED] - today = new java.util.Date(): null

2024-01-14 16:18:48 - [TEST_STEP][PASSED] - println(today): null

2024-01-14 16:18:48 - [TEST_STEP][PASSED] - datText = today: null

2024-01-14 16:18:48 - [TEST_STEP][PASSED] - Taxtype = findTestData(dataFile).getValue("TaxType", row): null

2024-01-14 16:18:48 - [TEST_STEP][PASSED] - out.println("Taxtype value is : " + Taxtype): null

2024-01-14 16:18:48 - [TEST_STEP][PASSED] - openBrowser(""): Browser is opened with url: ''

2024-01-14 16:18:48 - [MESSAGE][WARNING] - A browser is already opened. Closing browser and opening a new one

2024-01-14 16:18:49 - [MESSAGE][INFO] - Starting 'Chrome' driver

2024-01-14 16:18:49 - [MESSAGE][INFO] - User set preference: ['acceptInsecureCerts', 'true']

2024-01-14 16:18:49 - [MESSAGE][INFO] - Action delay is set to 0 milliseconds

2024-01-14 16:18:50 - [MESSAGE][PASSED] - Browser is opened with url: ''

2024-01-14 16:18:50 - [TEST_STEP][PASSED] - maximizeWindow(): Current window maximized

2024-01-14 16:18:50 - [MESSAGE][PASSED] - Current window maximized

2024-01-14 16:18:50 - [TEST_STEP][PASSED] - navigateToUrl(RADurl): Navigate to 'https://qa2.velocitypayment.com/client/rad/index.html' successfully

2024-01-14 16:18:52 - [MESSAGE][PASSED] - Navigate to 'https://qa2.velocitypayment.com/client/rad/index.html' successfully

2024-01-14 16:18:52 - [TEST_STEP][PASSED] - orPath_Landing = "Object Repository/RAD_Pages/Landing_Page": null

2024-01-14 16:18:52 - [TEST_STEP][PASSED] - orPath_TaxTypeFilingYear = "Object Repository/RAD_Pages/TaxTypeFilingYear_Page": null

2024-01-14 16:18:52 - [TEST_STEP][PASSED] - orPath_TaxPayer = "Object Repository/RAD_Pages/Taxpayer_Page": null

2024-01-14 16:18:52 - [TEST_STEP][PASSED] - orPath_AddressContact = "Object Repository/RAD_Pages/AddressAndContactInfo_Page": null

2024-01-14 16:18:52 - [TEST_STEP][PASSED] - orPath_FilingStatus = "Object Repository/RAD_Pages/FilingStatus_Page": null

2024-01-14 16:18:52 - [TEST_STEP][PASSED] - orPath_Amount = "Object Repository/RAD_Pages/PaymentAmount_Page": null

2024-01-14 16:18:52 - [TEST_STEP][PASSED] - orPath_TaxInfo = "Object Repository/RAD_Pages/TaxInfo_Page": null

2024-01-14 16:18:52 - [TEST_STEP][PASSED] - orPath_Withholding = "Object Repository/RAD_Pages/Withholding_Page": null

2024-01-14 16:18:52 - [TEST_STEP][PASSED] - orPath_Summary = "Object Repository/RAD_Pages/Summary_Page": null

2024-01-14 16:18:52 - [TEST_STEP][PASSED] - orPath_PaymentReady = "Object Repository/RAD_Pages/PaymentReady_Page": null

2024-01-14 16:18:52 - [TEST_STEP][PASSED] - orPath_PaymentEntry = "Object Repository/RAD_Pages/PaymentEntry_Page": null

2024-01-14 16:18:52 - [TEST_STEP][PASSED] - orPath_PaymentConfirmation = "Object Repository/RAD_Pages/PaymentConfirmation_Page": null

2024-01-14 16:18:52 - [TEST_STEP][PASSED] - orPath_ServiceFeesAccept = "Object Repository/RAD_Pages/ServiceFeeAccept_Page": null

2024-01-14 16:18:52 - [TEST_STEP][PASSED] - selectOptionByLabel(findTestObject(orPath_Landing + "/dd_TaxType"), Taxtype, false): All options with label 'Existing Liability w/Notice Number' are selected in object 'Object Repository/RAD_Pages/Landing_Page/dd_TaxType' 

2024-01-14 16:18:53 - [MESSAGE][PASSED] - All options with label 'Existing Liability w/Notice Number' are selected in object 'Object Repository/RAD_Pages/Landing_Page/dd_TaxType' 

2024-01-14 16:18:53 - [TEST_STEP][PASSED] - delay(1): Delayed 1 second(s)

2024-01-14 16:18:54 - [MESSAGE][PASSED] - Delayed 1 second(s)

2024-01-14 16:18:54 - [TEST_STEP][PASSED] - selectOptionByLabel(findTestObject(orPath_TaxTypeFilingYear + "/select_TaxType_ExistingLiability"), TaxTypeEL, false): All options with label 'PTE Tax Electing S Corp' are selected in object 'Object Repository/RAD_Pages/TaxTypeFilingYear_Page/select_TaxType_ExistingLiability' 

2024-01-14 16:18:54 - [MESSAGE][PASSED] - All options with label 'PTE Tax Electing S Corp' are selected in object 'Object Repository/RAD_Pages/TaxTypeFilingYear_Page/select_TaxType_ExistingLiability' 

2024-01-14 16:18:54 - [TEST_STEP][PASSED] - setText(findTestObject(orPath_TaxInfo + "/input_NoticeInvoiceNumber"), notInvNumber): Text '123456789' is set on object 'Object Repository/RAD_Pages/TaxInfo_Page/input_NoticeInvoiceNumber'

2024-01-14 16:18:55 - [MESSAGE][PASSED] - Text '123456789' is set on object 'Object Repository/RAD_Pages/TaxInfo_Page/input_NoticeInvoiceNumber'

2024-01-14 16:18:55 - [TEST_STEP][PASSED] - setText(findTestObject(orPath_TaxInfo + "/input_reTypeNoticeInvoiceNumber"), notInvNumber): Text '123456789' is set on object 'Object Repository/RAD_Pages/TaxInfo_Page/input_reTypeNoticeInvoiceNumber'

2024-01-14 16:18:56 - [MESSAGE][PASSED] - Text '123456789' is set on object 'Object Repository/RAD_Pages/TaxInfo_Page/input_reTypeNoticeInvoiceNumber'

2024-01-14 16:18:56 - [TEST_STEP][PASSED] - println(notInvNumber): null

2024-01-14 16:18:56 - [TEST_STEP][PASSED] - if (verifyTextPresent(errorMsg, true)): null

2024-01-14 16:18:57 - [MESSAGE][PASSED] - Text 'Notice Number must be 13 digits in length, with a value greater than zero' is present on page  using regular expression

2024-01-14 16:18:57 - [TEST_STEP][PASSED] - println("Error Message is present on the page"): null

2024-01-14 16:18:57 - [TEST_STEP][PASSED] - out.println("Pass Record Number: " + row): null

2024-01-14 16:18:57 - [TEST_STEP][PASSED] - resText = "Pass": null

2024-01-14 16:18:57 - [TEST_STEP][PASSED] - pages.WriteExcel.demoKey(resText, datText, resColumn, datCloumn, fileLoc, nameSheet, row): pages.WriteExcel.demoKey is PASSED

2024-01-14 16:18:57 - [MESSAGE][PASSED] - pages.WriteExcel.demoKey is PASSED

2024-01-14 16:18:57 - [TEST_STEP][PASSED] - ExecuteTC = findTestData(dataFile).getValue("Execute", row): null

2024-01-14 16:18:57 - [TEST_STEP][PASSED] - Taxtype = findTestData(dataFile).getValue("TaxType", row): null

2024-01-14 16:18:57 - [TEST_STEP][PASSED] - TaxTypeEL = findTestData(dataFile).getValue("TaxTypeEL", row): null

2024-01-14 16:18:57 - [TEST_STEP][PASSED] - notInvNumber = findTestData(dataFile).getValue("NotiInvoNumber", row): null

2024-01-14 16:18:57 - [TEST_STEP][PASSED] - errorMsg = findTestData(dataFile).getValue("ErrorMessage", row): null

2024-01-14 16:18:57 - [TEST_STEP][PASSED] - out.println("Value of Execute is : " + ExecuteTC): null

2024-01-14 16:18:57 - [TEST_STEP][PASSED] - if (ExecuteTC.equalsIgnoreCase("Y")): null

2024-01-14 16:18:57 - [TEST_STEP][PASSED] - out.println("Begin Record Number: " + row): null

2024-01-14 16:18:57 - [TEST_STEP][PASSED] - today = new java.util.Date(): null

2024-01-14 16:18:57 - [TEST_STEP][PASSED] - println(today): null

2024-01-14 16:18:57 - [TEST_STEP][PASSED] - datText = today: null

2024-01-14 16:18:57 - [TEST_STEP][PASSED] - Taxtype = findTestData(dataFile).getValue("TaxType", row): null

2024-01-14 16:18:57 - [TEST_STEP][PASSED] - out.println("Taxtype value is : " + Taxtype): null

2024-01-14 16:18:57 - [TEST_STEP][PASSED] - openBrowser(""): Browser is opened with url: ''

2024-01-14 16:18:57 - [MESSAGE][WARNING] - A browser is already opened. Closing browser and opening a new one

2024-01-14 16:18:58 - [MESSAGE][INFO] - Starting 'Chrome' driver

2024-01-14 16:18:58 - [MESSAGE][INFO] - User set preference: ['acceptInsecureCerts', 'true']

2024-01-14 16:18:58 - [MESSAGE][INFO] - Action delay is set to 0 milliseconds

2024-01-14 16:19:00 - [MESSAGE][PASSED] - Browser is opened with url: ''

2024-01-14 16:19:00 - [TEST_STEP][PASSED] - maximizeWindow(): Current window maximized

2024-01-14 16:19:00 - [MESSAGE][PASSED] - Current window maximized

2024-01-14 16:19:00 - [TEST_STEP][PASSED] - navigateToUrl(RADurl): Navigate to 'https://qa2.velocitypayment.com/client/rad/index.html' successfully

2024-01-14 16:19:01 - [MESSAGE][PASSED] - Navigate to 'https://qa2.velocitypayment.com/client/rad/index.html' successfully

2024-01-14 16:19:01 - [TEST_STEP][PASSED] - orPath_Landing = "Object Repository/RAD_Pages/Landing_Page": null

2024-01-14 16:19:01 - [TEST_STEP][PASSED] - orPath_TaxTypeFilingYear = "Object Repository/RAD_Pages/TaxTypeFilingYear_Page": null

2024-01-14 16:19:01 - [TEST_STEP][PASSED] - orPath_TaxPayer = "Object Repository/RAD_Pages/Taxpayer_Page": null

2024-01-14 16:19:01 - [TEST_STEP][PASSED] - orPath_AddressContact = "Object Repository/RAD_Pages/AddressAndContactInfo_Page": null

2024-01-14 16:19:01 - [TEST_STEP][PASSED] - orPath_FilingStatus = "Object Repository/RAD_Pages/FilingStatus_Page": null

2024-01-14 16:19:01 - [TEST_STEP][PASSED] - orPath_Amount = "Object Repository/RAD_Pages/PaymentAmount_Page": null

2024-01-14 16:19:01 - [TEST_STEP][PASSED] - orPath_TaxInfo = "Object Repository/RAD_Pages/TaxInfo_Page": null

2024-01-14 16:19:01 - [TEST_STEP][PASSED] - orPath_Withholding = "Object Repository/RAD_Pages/Withholding_Page": null

2024-01-14 16:19:01 - [TEST_STEP][PASSED] - orPath_Summary = "Object Repository/RAD_Pages/Summary_Page": null

2024-01-14 16:19:01 - [TEST_STEP][PASSED] - orPath_PaymentReady = "Object Repository/RAD_Pages/PaymentReady_Page": null

2024-01-14 16:19:01 - [TEST_STEP][PASSED] - orPath_PaymentEntry = "Object Repository/RAD_Pages/PaymentEntry_Page": null

2024-01-14 16:19:01 - [TEST_STEP][PASSED] - orPath_PaymentConfirmation = "Object Repository/RAD_Pages/PaymentConfirmation_Page": null

2024-01-14 16:19:01 - [TEST_STEP][PASSED] - orPath_ServiceFeesAccept = "Object Repository/RAD_Pages/ServiceFeeAccept_Page": null

2024-01-14 16:19:01 - [TEST_STEP][PASSED] - selectOptionByLabel(findTestObject(orPath_Landing + "/dd_TaxType"), Taxtype, false): All options with label 'Existing Liability w/Notice Number' are selected in object 'Object Repository/RAD_Pages/Landing_Page/dd_TaxType' 

2024-01-14 16:19:02 - [MESSAGE][PASSED] - All options with label 'Existing Liability w/Notice Number' are selected in object 'Object Repository/RAD_Pages/Landing_Page/dd_TaxType' 

2024-01-14 16:19:02 - [TEST_STEP][PASSED] - delay(1): Delayed 1 second(s)

2024-01-14 16:19:03 - [MESSAGE][PASSED] - Delayed 1 second(s)

2024-01-14 16:19:03 - [TEST_STEP][PASSED] - selectOptionByLabel(findTestObject(orPath_TaxTypeFilingYear + "/select_TaxType_ExistingLiability"), TaxTypeEL, false): All options with label 'Bay Restoration Fee' are selected in object 'Object Repository/RAD_Pages/TaxTypeFilingYear_Page/select_TaxType_ExistingLiability' 

2024-01-14 16:19:03 - [MESSAGE][PASSED] - All options with label 'Bay Restoration Fee' are selected in object 'Object Repository/RAD_Pages/TaxTypeFilingYear_Page/select_TaxType_ExistingLiability' 

2024-01-14 16:19:03 - [TEST_STEP][PASSED] - setText(findTestObject(orPath_TaxInfo + "/input_NoticeInvoiceNumber"), notInvNumber): Text '0000000000000' is set on object 'Object Repository/RAD_Pages/TaxInfo_Page/input_NoticeInvoiceNumber'

2024-01-14 16:19:04 - [MESSAGE][PASSED] - Text '0000000000000' is set on object 'Object Repository/RAD_Pages/TaxInfo_Page/input_NoticeInvoiceNumber'

2024-01-14 16:19:04 - [TEST_STEP][PASSED] - setText(findTestObject(orPath_TaxInfo + "/input_reTypeNoticeInvoiceNumber"), notInvNumber): Text '0000000000000' is set on object 'Object Repository/RAD_Pages/TaxInfo_Page/input_reTypeNoticeInvoiceNumber'

2024-01-14 16:19:05 - [MESSAGE][PASSED] - Text '0000000000000' is set on object 'Object Repository/RAD_Pages/TaxInfo_Page/input_reTypeNoticeInvoiceNumber'

2024-01-14 16:19:05 - [TEST_STEP][PASSED] - println(notInvNumber): null

2024-01-14 16:19:05 - [TEST_STEP][PASSED] - if (verifyTextPresent(errorMsg, true)): null

2024-01-14 16:19:06 - [MESSAGE][PASSED] - Text 'Notice Number must be 13 digits in length, with a value greater than zero' is present on page  using regular expression

2024-01-14 16:19:06 - [TEST_STEP][PASSED] - println("Error Message is present on the page"): null

2024-01-14 16:19:06 - [TEST_STEP][PASSED] - out.println("Pass Record Number: " + row): null

2024-01-14 16:19:06 - [TEST_STEP][PASSED] - resText = "Pass": null

2024-01-14 16:19:06 - [TEST_STEP][PASSED] - pages.WriteExcel.demoKey(resText, datText, resColumn, datCloumn, fileLoc, nameSheet, row): pages.WriteExcel.demoKey is PASSED

2024-01-14 16:19:06 - [MESSAGE][PASSED] - pages.WriteExcel.demoKey is PASSED

2024-01-14 16:19:06 - [TEST_STEP][PASSED] - ExecuteTC = findTestData(dataFile).getValue("Execute", row): null

2024-01-14 16:19:06 - [TEST_STEP][PASSED] - Taxtype = findTestData(dataFile).getValue("TaxType", row): null

2024-01-14 16:19:06 - [TEST_STEP][PASSED] - TaxTypeEL = findTestData(dataFile).getValue("TaxTypeEL", row): null

2024-01-14 16:19:06 - [TEST_STEP][PASSED] - notInvNumber = findTestData(dataFile).getValue("NotiInvoNumber", row): null

2024-01-14 16:19:06 - [TEST_STEP][PASSED] - errorMsg = findTestData(dataFile).getValue("ErrorMessage", row): null

2024-01-14 16:19:06 - [TEST_STEP][PASSED] - out.println("Value of Execute is : " + ExecuteTC): null

2024-01-14 16:19:06 - [TEST_STEP][PASSED] - if (ExecuteTC.equalsIgnoreCase("Y")): null

2024-01-14 16:19:06 - [TEST_STEP][PASSED] - out.println("Begin Record Number: " + row): null

2024-01-14 16:19:06 - [TEST_STEP][PASSED] - today = new java.util.Date(): null

2024-01-14 16:19:06 - [TEST_STEP][PASSED] - println(today): null

2024-01-14 16:19:06 - [TEST_STEP][PASSED] - datText = today: null

2024-01-14 16:19:06 - [TEST_STEP][PASSED] - Taxtype = findTestData(dataFile).getValue("TaxType", row): null

2024-01-14 16:19:06 - [TEST_STEP][PASSED] - out.println("Taxtype value is : " + Taxtype): null

2024-01-14 16:19:06 - [TEST_STEP][PASSED] - openBrowser(""): Browser is opened with url: ''

2024-01-14 16:19:06 - [MESSAGE][WARNING] - A browser is already opened. Closing browser and opening a new one

2024-01-14 16:19:08 - [MESSAGE][INFO] - Starting 'Chrome' driver

2024-01-14 16:19:08 - [MESSAGE][INFO] - User set preference: ['acceptInsecureCerts', 'true']

2024-01-14 16:19:08 - [MESSAGE][INFO] - Action delay is set to 0 milliseconds

2024-01-14 16:19:09 - [MESSAGE][PASSED] - Browser is opened with url: ''

2024-01-14 16:19:09 - [TEST_STEP][PASSED] - maximizeWindow(): Current window maximized

2024-01-14 16:19:09 - [MESSAGE][PASSED] - Current window maximized

2024-01-14 16:19:09 - [TEST_STEP][PASSED] - navigateToUrl(RADurl): Navigate to 'https://qa2.velocitypayment.com/client/rad/index.html' successfully

2024-01-14 16:19:11 - [MESSAGE][PASSED] - Navigate to 'https://qa2.velocitypayment.com/client/rad/index.html' successfully

2024-01-14 16:19:11 - [TEST_STEP][PASSED] - orPath_Landing = "Object Repository/RAD_Pages/Landing_Page": null

2024-01-14 16:19:11 - [TEST_STEP][PASSED] - orPath_TaxTypeFilingYear = "Object Repository/RAD_Pages/TaxTypeFilingYear_Page": null

2024-01-14 16:19:11 - [TEST_STEP][PASSED] - orPath_TaxPayer = "Object Repository/RAD_Pages/Taxpayer_Page": null

2024-01-14 16:19:11 - [TEST_STEP][PASSED] - orPath_AddressContact = "Object Repository/RAD_Pages/AddressAndContactInfo_Page": null

2024-01-14 16:19:11 - [TEST_STEP][PASSED] - orPath_FilingStatus = "Object Repository/RAD_Pages/FilingStatus_Page": null

2024-01-14 16:19:11 - [TEST_STEP][PASSED] - orPath_Amount = "Object Repository/RAD_Pages/PaymentAmount_Page": null

2024-01-14 16:19:11 - [TEST_STEP][PASSED] - orPath_TaxInfo = "Object Repository/RAD_Pages/TaxInfo_Page": null

2024-01-14 16:19:11 - [TEST_STEP][PASSED] - orPath_Withholding = "Object Repository/RAD_Pages/Withholding_Page": null

2024-01-14 16:19:11 - [TEST_STEP][PASSED] - orPath_Summary = "Object Repository/RAD_Pages/Summary_Page": null

2024-01-14 16:19:11 - [TEST_STEP][PASSED] - orPath_PaymentReady = "Object Repository/RAD_Pages/PaymentReady_Page": null

2024-01-14 16:19:11 - [TEST_STEP][PASSED] - orPath_PaymentEntry = "Object Repository/RAD_Pages/PaymentEntry_Page": null

2024-01-14 16:19:11 - [TEST_STEP][PASSED] - orPath_PaymentConfirmation = "Object Repository/RAD_Pages/PaymentConfirmation_Page": null

2024-01-14 16:19:11 - [TEST_STEP][PASSED] - orPath_ServiceFeesAccept = "Object Repository/RAD_Pages/ServiceFeeAccept_Page": null

2024-01-14 16:19:11 - [TEST_STEP][PASSED] - selectOptionByLabel(findTestObject(orPath_Landing + "/dd_TaxType"), Taxtype, false): All options with label 'Existing Liability w/Notice Number' are selected in object 'Object Repository/RAD_Pages/Landing_Page/dd_TaxType' 

2024-01-14 16:19:11 - [MESSAGE][PASSED] - All options with label 'Existing Liability w/Notice Number' are selected in object 'Object Repository/RAD_Pages/Landing_Page/dd_TaxType' 

2024-01-14 16:19:11 - [TEST_STEP][PASSED] - delay(1): Delayed 1 second(s)

2024-01-14 16:19:12 - [MESSAGE][PASSED] - Delayed 1 second(s)

2024-01-14 16:19:12 - [TEST_STEP][PASSED] - selectOptionByLabel(findTestObject(orPath_TaxTypeFilingYear + "/select_TaxType_ExistingLiability"), TaxTypeEL, false): All options with label 'Corporate Income Tax' are selected in object 'Object Repository/RAD_Pages/TaxTypeFilingYear_Page/select_TaxType_ExistingLiability' 

2024-01-14 16:19:13 - [MESSAGE][PASSED] - All options with label 'Corporate Income Tax' are selected in object 'Object Repository/RAD_Pages/TaxTypeFilingYear_Page/select_TaxType_ExistingLiability' 

2024-01-14 16:19:13 - [TEST_STEP][PASSED] - setText(findTestObject(orPath_TaxInfo + "/input_NoticeInvoiceNumber"), notInvNumber): Text '0000000000000' is set on object 'Object Repository/RAD_Pages/TaxInfo_Page/input_NoticeInvoiceNumber'

2024-01-14 16:19:14 - [MESSAGE][PASSED] - Text '0000000000000' is set on object 'Object Repository/RAD_Pages/TaxInfo_Page/input_NoticeInvoiceNumber'

2024-01-14 16:19:14 - [TEST_STEP][PASSED] - setText(findTestObject(orPath_TaxInfo + "/input_reTypeNoticeInvoiceNumber"), notInvNumber): Text '0000000000000' is set on object 'Object Repository/RAD_Pages/TaxInfo_Page/input_reTypeNoticeInvoiceNumber'

2024-01-14 16:19:15 - [MESSAGE][PASSED] - Text '0000000000000' is set on object 'Object Repository/RAD_Pages/TaxInfo_Page/input_reTypeNoticeInvoiceNumber'

2024-01-14 16:19:15 - [TEST_STEP][PASSED] - println(notInvNumber): null

2024-01-14 16:19:15 - [TEST_STEP][PASSED] - if (verifyTextPresent(errorMsg, true)): null

2024-01-14 16:19:15 - [MESSAGE][PASSED] - Text 'Invoice Number must be 10 or 13 digits in length, with a value greater than zero' is present on page  using regular expression

2024-01-14 16:19:15 - [TEST_STEP][PASSED] - println("Error Message is present on the page"): null

2024-01-14 16:19:15 - [TEST_STEP][PASSED] - out.println("Pass Record Number: " + row): null

2024-01-14 16:19:15 - [TEST_STEP][PASSED] - resText = "Pass": null

2024-01-14 16:19:15 - [TEST_STEP][PASSED] - pages.WriteExcel.demoKey(resText, datText, resColumn, datCloumn, fileLoc, nameSheet, row): pages.WriteExcel.demoKey is PASSED

2024-01-14 16:19:16 - [MESSAGE][PASSED] - pages.WriteExcel.demoKey is PASSED

2024-01-14 16:19:16 - [TEST_STEP][PASSED] - ExecuteTC = findTestData(dataFile).getValue("Execute", row): null

2024-01-14 16:19:16 - [TEST_STEP][PASSED] - Taxtype = findTestData(dataFile).getValue("TaxType", row): null

2024-01-14 16:19:16 - [TEST_STEP][PASSED] - TaxTypeEL = findTestData(dataFile).getValue("TaxTypeEL", row): null

2024-01-14 16:19:16 - [TEST_STEP][PASSED] - notInvNumber = findTestData(dataFile).getValue("NotiInvoNumber", row): null

2024-01-14 16:19:16 - [TEST_STEP][PASSED] - errorMsg = findTestData(dataFile).getValue("ErrorMessage", row): null

2024-01-14 16:19:16 - [TEST_STEP][PASSED] - out.println("Value of Execute is : " + ExecuteTC): null

2024-01-14 16:19:16 - [TEST_STEP][PASSED] - if (ExecuteTC.equalsIgnoreCase("Y")): null

2024-01-14 16:19:16 - [TEST_STEP][PASSED] - out.println("Begin Record Number: " + row): null

2024-01-14 16:19:16 - [TEST_STEP][PASSED] - today = new java.util.Date(): null

2024-01-14 16:19:16 - [TEST_STEP][PASSED] - println(today): null

2024-01-14 16:19:16 - [TEST_STEP][PASSED] - datText = today: null

2024-01-14 16:19:16 - [TEST_STEP][PASSED] - Taxtype = findTestData(dataFile).getValue("TaxType", row): null

2024-01-14 16:19:16 - [TEST_STEP][PASSED] - out.println("Taxtype value is : " + Taxtype): null

2024-01-14 16:19:16 - [TEST_STEP][PASSED] - openBrowser(""): Browser is opened with url: ''

2024-01-14 16:19:16 - [MESSAGE][WARNING] - A browser is already opened. Closing browser and opening a new one

2024-01-14 16:19:17 - [MESSAGE][INFO] - Starting 'Chrome' driver

2024-01-14 16:19:17 - [MESSAGE][INFO] - User set preference: ['acceptInsecureCerts', 'true']

2024-01-14 16:19:17 - [MESSAGE][INFO] - Action delay is set to 0 milliseconds

2024-01-14 16:19:18 - [MESSAGE][PASSED] - Browser is opened with url: ''

2024-01-14 16:19:18 - [TEST_STEP][PASSED] - maximizeWindow(): Current window maximized

2024-01-14 16:19:18 - [MESSAGE][PASSED] - Current window maximized

2024-01-14 16:19:18 - [TEST_STEP][PASSED] - navigateToUrl(RADurl): Navigate to 'https://qa2.velocitypayment.com/client/rad/index.html' successfully

2024-01-14 16:19:20 - [MESSAGE][PASSED] - Navigate to 'https://qa2.velocitypayment.com/client/rad/index.html' successfully

2024-01-14 16:19:20 - [TEST_STEP][PASSED] - orPath_Landing = "Object Repository/RAD_Pages/Landing_Page": null

2024-01-14 16:19:20 - [TEST_STEP][PASSED] - orPath_TaxTypeFilingYear = "Object Repository/RAD_Pages/TaxTypeFilingYear_Page": null

2024-01-14 16:19:20 - [TEST_STEP][PASSED] - orPath_TaxPayer = "Object Repository/RAD_Pages/Taxpayer_Page": null

2024-01-14 16:19:20 - [TEST_STEP][PASSED] - orPath_AddressContact = "Object Repository/RAD_Pages/AddressAndContactInfo_Page": null

2024-01-14 16:19:20 - [TEST_STEP][PASSED] - orPath_FilingStatus = "Object Repository/RAD_Pages/FilingStatus_Page": null

2024-01-14 16:19:20 - [TEST_STEP][PASSED] - orPath_Amount = "Object Repository/RAD_Pages/PaymentAmount_Page": null

2024-01-14 16:19:20 - [TEST_STEP][PASSED] - orPath_TaxInfo = "Object Repository/RAD_Pages/TaxInfo_Page": null

2024-01-14 16:19:20 - [TEST_STEP][PASSED] - orPath_Withholding = "Object Repository/RAD_Pages/Withholding_Page": null

2024-01-14 16:19:20 - [TEST_STEP][PASSED] - orPath_Summary = "Object Repository/RAD_Pages/Summary_Page": null

2024-01-14 16:19:20 - [TEST_STEP][PASSED] - orPath_PaymentReady = "Object Repository/RAD_Pages/PaymentReady_Page": null

2024-01-14 16:19:20 - [TEST_STEP][PASSED] - orPath_PaymentEntry = "Object Repository/RAD_Pages/PaymentEntry_Page": null

2024-01-14 16:19:20 - [TEST_STEP][PASSED] - orPath_PaymentConfirmation = "Object Repository/RAD_Pages/PaymentConfirmation_Page": null

2024-01-14 16:19:20 - [TEST_STEP][PASSED] - orPath_ServiceFeesAccept = "Object Repository/RAD_Pages/ServiceFeeAccept_Page": null

2024-01-14 16:19:20 - [TEST_STEP][PASSED] - selectOptionByLabel(findTestObject(orPath_Landing + "/dd_TaxType"), Taxtype, false): All options with label 'Existing Liability w/Notice Number' are selected in object 'Object Repository/RAD_Pages/Landing_Page/dd_TaxType' 

2024-01-14 16:19:21 - [MESSAGE][PASSED] - All options with label 'Existing Liability w/Notice Number' are selected in object 'Object Repository/RAD_Pages/Landing_Page/dd_TaxType' 

2024-01-14 16:19:21 - [TEST_STEP][PASSED] - delay(1): Delayed 1 second(s)

2024-01-14 16:19:22 - [MESSAGE][PASSED] - Delayed 1 second(s)

2024-01-14 16:19:22 - [TEST_STEP][PASSED] - selectOptionByLabel(findTestObject(orPath_TaxTypeFilingYear + "/select_TaxType_ExistingLiability"), TaxTypeEL, false): All options with label 'Corporate Income Tax' are selected in object 'Object Repository/RAD_Pages/TaxTypeFilingYear_Page/select_TaxType_ExistingLiability' 

2024-01-14 16:19:22 - [MESSAGE][PASSED] - All options with label 'Corporate Income Tax' are selected in object 'Object Repository/RAD_Pages/TaxTypeFilingYear_Page/select_TaxType_ExistingLiability' 

2024-01-14 16:19:22 - [TEST_STEP][PASSED] - setText(findTestObject(orPath_TaxInfo + "/input_NoticeInvoiceNumber"), notInvNumber): Text '0000000000' is set on object 'Object Repository/RAD_Pages/TaxInfo_Page/input_NoticeInvoiceNumber'

2024-01-14 16:19:23 - [MESSAGE][PASSED] - Text '0000000000' is set on object 'Object Repository/RAD_Pages/TaxInfo_Page/input_NoticeInvoiceNumber'

2024-01-14 16:19:23 - [TEST_STEP][PASSED] - setText(findTestObject(orPath_TaxInfo + "/input_reTypeNoticeInvoiceNumber"), notInvNumber): Text '0000000000' is set on object 'Object Repository/RAD_Pages/TaxInfo_Page/input_reTypeNoticeInvoiceNumber'

2024-01-14 16:19:24 - [MESSAGE][PASSED] - Text '0000000000' is set on object 'Object Repository/RAD_Pages/TaxInfo_Page/input_reTypeNoticeInvoiceNumber'

2024-01-14 16:19:24 - [TEST_STEP][PASSED] - println(notInvNumber): null

2024-01-14 16:19:24 - [TEST_STEP][PASSED] - if (verifyTextPresent(errorMsg, true)): null

2024-01-14 16:19:25 - [MESSAGE][PASSED] - Text 'Invoice Number must be 10 or 13 digits in length, with a value greater than zero' is present on page  using regular expression

2024-01-14 16:19:25 - [TEST_STEP][PASSED] - println("Error Message is present on the page"): null

2024-01-14 16:19:25 - [TEST_STEP][PASSED] - out.println("Pass Record Number: " + row): null

2024-01-14 16:19:25 - [TEST_STEP][PASSED] - resText = "Pass": null

2024-01-14 16:19:25 - [TEST_STEP][PASSED] - pages.WriteExcel.demoKey(resText, datText, resColumn, datCloumn, fileLoc, nameSheet, row): pages.WriteExcel.demoKey is PASSED

2024-01-14 16:19:25 - [MESSAGE][PASSED] - pages.WriteExcel.demoKey is PASSED

2024-01-14 16:19:25 - [TEST_STEP][PASSED] - ExecuteTC = findTestData(dataFile).getValue("Execute", row): null

2024-01-14 16:19:25 - [TEST_STEP][PASSED] - Taxtype = findTestData(dataFile).getValue("TaxType", row): null

2024-01-14 16:19:25 - [TEST_STEP][PASSED] - TaxTypeEL = findTestData(dataFile).getValue("TaxTypeEL", row): null

2024-01-14 16:19:25 - [TEST_STEP][PASSED] - notInvNumber = findTestData(dataFile).getValue("NotiInvoNumber", row): null

2024-01-14 16:19:25 - [TEST_STEP][PASSED] - errorMsg = findTestData(dataFile).getValue("ErrorMessage", row): null

2024-01-14 16:19:25 - [TEST_STEP][PASSED] - out.println("Value of Execute is : " + ExecuteTC): null

2024-01-14 16:19:25 - [TEST_STEP][PASSED] - if (ExecuteTC.equalsIgnoreCase("Y")): null

2024-01-14 16:19:25 - [TEST_STEP][PASSED] - out.println("Begin Record Number: " + row): null

2024-01-14 16:19:25 - [TEST_STEP][PASSED] - today = new java.util.Date(): null

2024-01-14 16:19:25 - [TEST_STEP][PASSED] - println(today): null

2024-01-14 16:19:25 - [TEST_STEP][PASSED] - datText = today: null

2024-01-14 16:19:25 - [TEST_STEP][PASSED] - Taxtype = findTestData(dataFile).getValue("TaxType", row): null

2024-01-14 16:19:25 - [TEST_STEP][PASSED] - out.println("Taxtype value is : " + Taxtype): null

2024-01-14 16:19:25 - [TEST_STEP][PASSED] - openBrowser(""): Browser is opened with url: ''

2024-01-14 16:19:25 - [MESSAGE][WARNING] - A browser is already opened. Closing browser and opening a new one

2024-01-14 16:19:26 - [MESSAGE][INFO] - Starting 'Chrome' driver

2024-01-14 16:19:26 - [MESSAGE][INFO] - User set preference: ['acceptInsecureCerts', 'true']

2024-01-14 16:19:26 - [MESSAGE][INFO] - Action delay is set to 0 milliseconds

2024-01-14 16:19:27 - [MESSAGE][PASSED] - Browser is opened with url: ''

2024-01-14 16:19:27 - [TEST_STEP][PASSED] - maximizeWindow(): Current window maximized

2024-01-14 16:19:27 - [MESSAGE][PASSED] - Current window maximized

2024-01-14 16:19:27 - [TEST_STEP][PASSED] - navigateToUrl(RADurl): Navigate to 'https://qa2.velocitypayment.com/client/rad/index.html' successfully

2024-01-14 16:19:29 - [MESSAGE][PASSED] - Navigate to 'https://qa2.velocitypayment.com/client/rad/index.html' successfully

2024-01-14 16:19:29 - [TEST_STEP][PASSED] - orPath_Landing = "Object Repository/RAD_Pages/Landing_Page": null

2024-01-14 16:19:29 - [TEST_STEP][PASSED] - orPath_TaxTypeFilingYear = "Object Repository/RAD_Pages/TaxTypeFilingYear_Page": null

2024-01-14 16:19:29 - [TEST_STEP][PASSED] - orPath_TaxPayer = "Object Repository/RAD_Pages/Taxpayer_Page": null

2024-01-14 16:19:29 - [TEST_STEP][PASSED] - orPath_AddressContact = "Object Repository/RAD_Pages/AddressAndContactInfo_Page": null

2024-01-14 16:19:29 - [TEST_STEP][PASSED] - orPath_FilingStatus = "Object Repository/RAD_Pages/FilingStatus_Page": null

2024-01-14 16:19:29 - [TEST_STEP][PASSED] - orPath_Amount = "Object Repository/RAD_Pages/PaymentAmount_Page": null

2024-01-14 16:19:29 - [TEST_STEP][PASSED] - orPath_TaxInfo = "Object Repository/RAD_Pages/TaxInfo_Page": null

2024-01-14 16:19:29 - [TEST_STEP][PASSED] - orPath_Withholding = "Object Repository/RAD_Pages/Withholding_Page": null

2024-01-14 16:19:29 - [TEST_STEP][PASSED] - orPath_Summary = "Object Repository/RAD_Pages/Summary_Page": null

2024-01-14 16:19:29 - [TEST_STEP][PASSED] - orPath_PaymentReady = "Object Repository/RAD_Pages/PaymentReady_Page": null

2024-01-14 16:19:29 - [TEST_STEP][PASSED] - orPath_PaymentEntry = "Object Repository/RAD_Pages/PaymentEntry_Page": null

2024-01-14 16:19:29 - [TEST_STEP][PASSED] - orPath_PaymentConfirmation = "Object Repository/RAD_Pages/PaymentConfirmation_Page": null

2024-01-14 16:19:29 - [TEST_STEP][PASSED] - orPath_ServiceFeesAccept = "Object Repository/RAD_Pages/ServiceFeeAccept_Page": null

2024-01-14 16:19:29 - [TEST_STEP][PASSED] - selectOptionByLabel(findTestObject(orPath_Landing + "/dd_TaxType"), Taxtype, false): All options with label 'Existing Liability w/Notice Number' are selected in object 'Object Repository/RAD_Pages/Landing_Page/dd_TaxType' 

2024-01-14 16:19:30 - [MESSAGE][PASSED] - All options with label 'Existing Liability w/Notice Number' are selected in object 'Object Repository/RAD_Pages/Landing_Page/dd_TaxType' 

2024-01-14 16:19:30 - [TEST_STEP][PASSED] - delay(1): Delayed 1 second(s)

2024-01-14 16:19:31 - [MESSAGE][PASSED] - Delayed 1 second(s)

2024-01-14 16:19:31 - [TEST_STEP][PASSED] - selectOptionByLabel(findTestObject(orPath_TaxTypeFilingYear + "/select_TaxType_ExistingLiability"), TaxTypeEL, false): All options with label 'Fiduciary Tax' are selected in object 'Object Repository/RAD_Pages/TaxTypeFilingYear_Page/select_TaxType_ExistingLiability' 

2024-01-14 16:19:31 - [MESSAGE][PASSED] - All options with label 'Fiduciary Tax' are selected in object 'Object Repository/RAD_Pages/TaxTypeFilingYear_Page/select_TaxType_ExistingLiability' 

2024-01-14 16:19:31 - [TEST_STEP][PASSED] - setText(findTestObject(orPath_TaxInfo + "/input_NoticeInvoiceNumber"), notInvNumber): Text '0000000000000' is set on object 'Object Repository/RAD_Pages/TaxInfo_Page/input_NoticeInvoiceNumber'

2024-01-14 16:19:32 - [MESSAGE][PASSED] - Text '0000000000000' is set on object 'Object Repository/RAD_Pages/TaxInfo_Page/input_NoticeInvoiceNumber'

2024-01-14 16:19:32 - [TEST_STEP][PASSED] - setText(findTestObject(orPath_TaxInfo + "/input_reTypeNoticeInvoiceNumber"), notInvNumber): Text '0000000000000' is set on object 'Object Repository/RAD_Pages/TaxInfo_Page/input_reTypeNoticeInvoiceNumber'

2024-01-14 16:19:33 - [MESSAGE][PASSED] - Text '0000000000000' is set on object 'Object Repository/RAD_Pages/TaxInfo_Page/input_reTypeNoticeInvoiceNumber'

2024-01-14 16:19:33 - [TEST_STEP][PASSED] - println(notInvNumber): null

2024-01-14 16:19:33 - [TEST_STEP][PASSED] - if (verifyTextPresent(errorMsg, true)): null

2024-01-14 16:19:34 - [MESSAGE][PASSED] - Text 'Notice Number must be 13 digits in length, with a value greater than zero' is present on page  using regular expression

2024-01-14 16:19:34 - [TEST_STEP][PASSED] - println("Error Message is present on the page"): null

2024-01-14 16:19:34 - [TEST_STEP][PASSED] - out.println("Pass Record Number: " + row): null

2024-01-14 16:19:34 - [TEST_STEP][PASSED] - resText = "Pass": null

2024-01-14 16:19:34 - [TEST_STEP][PASSED] - pages.WriteExcel.demoKey(resText, datText, resColumn, datCloumn, fileLoc, nameSheet, row): pages.WriteExcel.demoKey is PASSED

2024-01-14 16:19:34 - [MESSAGE][PASSED] - pages.WriteExcel.demoKey is PASSED

2024-01-14 16:19:34 - [TEST_STEP][PASSED] - ExecuteTC = findTestData(dataFile).getValue("Execute", row): null

2024-01-14 16:19:34 - [TEST_STEP][PASSED] - Taxtype = findTestData(dataFile).getValue("TaxType", row): null

2024-01-14 16:19:34 - [TEST_STEP][PASSED] - TaxTypeEL = findTestData(dataFile).getValue("TaxTypeEL", row): null

2024-01-14 16:19:34 - [TEST_STEP][PASSED] - notInvNumber = findTestData(dataFile).getValue("NotiInvoNumber", row): null

2024-01-14 16:19:34 - [TEST_STEP][PASSED] - errorMsg = findTestData(dataFile).getValue("ErrorMessage", row): null

2024-01-14 16:19:34 - [TEST_STEP][PASSED] - out.println("Value of Execute is : " + ExecuteTC): null

2024-01-14 16:19:34 - [TEST_STEP][PASSED] - if (ExecuteTC.equalsIgnoreCase("Y")): null

2024-01-14 16:19:34 - [TEST_STEP][PASSED] - out.println("Begin Record Number: " + row): null

2024-01-14 16:19:34 - [TEST_STEP][PASSED] - today = new java.util.Date(): null

2024-01-14 16:19:34 - [TEST_STEP][PASSED] - println(today): null

2024-01-14 16:19:34 - [TEST_STEP][PASSED] - datText = today: null

2024-01-14 16:19:34 - [TEST_STEP][PASSED] - Taxtype = findTestData(dataFile).getValue("TaxType", row): null

2024-01-14 16:19:34 - [TEST_STEP][PASSED] - out.println("Taxtype value is : " + Taxtype): null

2024-01-14 16:19:34 - [TEST_STEP][PASSED] - openBrowser(""): Browser is opened with url: ''

2024-01-14 16:19:34 - [MESSAGE][WARNING] - A browser is already opened. Closing browser and opening a new one

2024-01-14 16:19:35 - [MESSAGE][INFO] - Starting 'Chrome' driver

2024-01-14 16:19:35 - [MESSAGE][INFO] - User set preference: ['acceptInsecureCerts', 'true']

2024-01-14 16:19:35 - [MESSAGE][INFO] - Action delay is set to 0 milliseconds

2024-01-14 16:19:37 - [MESSAGE][PASSED] - Browser is opened with url: ''

2024-01-14 16:19:37 - [TEST_STEP][PASSED] - maximizeWindow(): Current window maximized

2024-01-14 16:19:37 - [MESSAGE][PASSED] - Current window maximized

2024-01-14 16:19:37 - [TEST_STEP][PASSED] - navigateToUrl(RADurl): Navigate to 'https://qa2.velocitypayment.com/client/rad/index.html' successfully

2024-01-14 16:19:37 - [MESSAGE][PASSED] - Navigate to 'https://qa2.velocitypayment.com/client/rad/index.html' successfully

2024-01-14 16:19:37 - [TEST_STEP][PASSED] - orPath_Landing = "Object Repository/RAD_Pages/Landing_Page": null

2024-01-14 16:19:37 - [TEST_STEP][PASSED] - orPath_TaxTypeFilingYear = "Object Repository/RAD_Pages/TaxTypeFilingYear_Page": null

2024-01-14 16:19:37 - [TEST_STEP][PASSED] - orPath_TaxPayer = "Object Repository/RAD_Pages/Taxpayer_Page": null

2024-01-14 16:19:37 - [TEST_STEP][PASSED] - orPath_AddressContact = "Object Repository/RAD_Pages/AddressAndContactInfo_Page": null

2024-01-14 16:19:37 - [TEST_STEP][PASSED] - orPath_FilingStatus = "Object Repository/RAD_Pages/FilingStatus_Page": null

2024-01-14 16:19:37 - [TEST_STEP][PASSED] - orPath_Amount = "Object Repository/RAD_Pages/PaymentAmount_Page": null

2024-01-14 16:19:37 - [TEST_STEP][PASSED] - orPath_TaxInfo = "Object Repository/RAD_Pages/TaxInfo_Page": null

2024-01-14 16:19:37 - [TEST_STEP][PASSED] - orPath_Withholding = "Object Repository/RAD_Pages/Withholding_Page": null

2024-01-14 16:19:37 - [TEST_STEP][PASSED] - orPath_Summary = "Object Repository/RAD_Pages/Summary_Page": null

2024-01-14 16:19:37 - [TEST_STEP][PASSED] - orPath_PaymentReady = "Object Repository/RAD_Pages/PaymentReady_Page": null

2024-01-14 16:19:37 - [TEST_STEP][PASSED] - orPath_PaymentEntry = "Object Repository/RAD_Pages/PaymentEntry_Page": null

2024-01-14 16:19:37 - [TEST_STEP][PASSED] - orPath_PaymentConfirmation = "Object Repository/RAD_Pages/PaymentConfirmation_Page": null

2024-01-14 16:19:37 - [TEST_STEP][PASSED] - orPath_ServiceFeesAccept = "Object Repository/RAD_Pages/ServiceFeeAccept_Page": null

2024-01-14 16:19:37 - [TEST_STEP][PASSED] - selectOptionByLabel(findTestObject(orPath_Landing + "/dd_TaxType"), Taxtype, false): All options with label 'Existing Liability w/Notice Number' are selected in object 'Object Repository/RAD_Pages/Landing_Page/dd_TaxType' 

2024-01-14 16:19:39 - [MESSAGE][PASSED] - All options with label 'Existing Liability w/Notice Number' are selected in object 'Object Repository/RAD_Pages/Landing_Page/dd_TaxType' 

2024-01-14 16:19:39 - [TEST_STEP][PASSED] - delay(1): Delayed 1 second(s)

2024-01-14 16:19:40 - [MESSAGE][PASSED] - Delayed 1 second(s)

2024-01-14 16:19:40 - [TEST_STEP][PASSED] - selectOptionByLabel(findTestObject(orPath_TaxTypeFilingYear + "/select_TaxType_ExistingLiability"), TaxTypeEL, false): All options with label 'Personal Income Tax' are selected in object 'Object Repository/RAD_Pages/TaxTypeFilingYear_Page/select_TaxType_ExistingLiability' 

2024-01-14 16:19:40 - [MESSAGE][PASSED] - All options with label 'Personal Income Tax' are selected in object 'Object Repository/RAD_Pages/TaxTypeFilingYear_Page/select_TaxType_ExistingLiability' 

2024-01-14 16:19:40 - [TEST_STEP][PASSED] - setText(findTestObject(orPath_TaxInfo + "/input_NoticeInvoiceNumber"), notInvNumber): Text '0000000000000' is set on object 'Object Repository/RAD_Pages/TaxInfo_Page/input_NoticeInvoiceNumber'

2024-01-14 16:19:41 - [MESSAGE][PASSED] - Text '0000000000000' is set on object 'Object Repository/RAD_Pages/TaxInfo_Page/input_NoticeInvoiceNumber'

2024-01-14 16:19:41 - [TEST_STEP][PASSED] - setText(findTestObject(orPath_TaxInfo + "/input_reTypeNoticeInvoiceNumber"), notInvNumber): Text '0000000000000' is set on object 'Object Repository/RAD_Pages/TaxInfo_Page/input_reTypeNoticeInvoiceNumber'

2024-01-14 16:19:42 - [MESSAGE][PASSED] - Text '0000000000000' is set on object 'Object Repository/RAD_Pages/TaxInfo_Page/input_reTypeNoticeInvoiceNumber'

2024-01-14 16:19:42 - [TEST_STEP][PASSED] - println(notInvNumber): null

2024-01-14 16:19:42 - [TEST_STEP][PASSED] - if (verifyTextPresent(errorMsg, true)): null

2024-01-14 16:19:43 - [MESSAGE][PASSED] - Text 'Notice Number must be 13 digits in length, with a value greater than zero' is present on page  using regular expression

2024-01-14 16:19:43 - [TEST_STEP][PASSED] - println("Error Message is present on the page"): null

2024-01-14 16:19:43 - [TEST_STEP][PASSED] - out.println("Pass Record Number: " + row): null

2024-01-14 16:19:43 - [TEST_STEP][PASSED] - resText = "Pass": null

2024-01-14 16:19:43 - [TEST_STEP][PASSED] - pages.WriteExcel.demoKey(resText, datText, resColumn, datCloumn, fileLoc, nameSheet, row): pages.WriteExcel.demoKey is PASSED

2024-01-14 16:19:43 - [MESSAGE][PASSED] - pages.WriteExcel.demoKey is PASSED

2024-01-14 16:19:43 - [TEST_STEP][PASSED] - ExecuteTC = findTestData(dataFile).getValue("Execute", row): null

2024-01-14 16:19:43 - [TEST_STEP][PASSED] - Taxtype = findTestData(dataFile).getValue("TaxType", row): null

2024-01-14 16:19:43 - [TEST_STEP][PASSED] - TaxTypeEL = findTestData(dataFile).getValue("TaxTypeEL", row): null

2024-01-14 16:19:43 - [TEST_STEP][PASSED] - notInvNumber = findTestData(dataFile).getValue("NotiInvoNumber", row): null

2024-01-14 16:19:43 - [TEST_STEP][PASSED] - errorMsg = findTestData(dataFile).getValue("ErrorMessage", row): null

2024-01-14 16:19:43 - [TEST_STEP][PASSED] - out.println("Value of Execute is : " + ExecuteTC): null

2024-01-14 16:19:43 - [TEST_STEP][PASSED] - if (ExecuteTC.equalsIgnoreCase("Y")): null

2024-01-14 16:19:43 - [TEST_STEP][PASSED] - out.println("Begin Record Number: " + row): null

2024-01-14 16:19:43 - [TEST_STEP][PASSED] - today = new java.util.Date(): null

2024-01-14 16:19:43 - [TEST_STEP][PASSED] - println(today): null

2024-01-14 16:19:43 - [TEST_STEP][PASSED] - datText = today: null

2024-01-14 16:19:43 - [TEST_STEP][PASSED] - Taxtype = findTestData(dataFile).getValue("TaxType", row): null

2024-01-14 16:19:43 - [TEST_STEP][PASSED] - out.println("Taxtype value is : " + Taxtype): null

2024-01-14 16:19:43 - [TEST_STEP][PASSED] - openBrowser(""): Browser is opened with url: ''

2024-01-14 16:19:43 - [MESSAGE][WARNING] - A browser is already opened. Closing browser and opening a new one

2024-01-14 16:19:44 - [MESSAGE][INFO] - Starting 'Chrome' driver

2024-01-14 16:19:44 - [MESSAGE][INFO] - User set preference: ['acceptInsecureCerts', 'true']

2024-01-14 16:19:44 - [MESSAGE][INFO] - Action delay is set to 0 milliseconds

2024-01-14 16:19:46 - [MESSAGE][PASSED] - Browser is opened with url: ''

2024-01-14 16:19:46 - [TEST_STEP][PASSED] - maximizeWindow(): Current window maximized

2024-01-14 16:19:46 - [MESSAGE][PASSED] - Current window maximized

2024-01-14 16:19:46 - [TEST_STEP][PASSED] - navigateToUrl(RADurl): Navigate to 'https://qa2.velocitypayment.com/client/rad/index.html' successfully

2024-01-14 16:19:46 - [MESSAGE][PASSED] - Navigate to 'https://qa2.velocitypayment.com/client/rad/index.html' successfully

2024-01-14 16:19:46 - [TEST_STEP][PASSED] - orPath_Landing = "Object Repository/RAD_Pages/Landing_Page": null

2024-01-14 16:19:46 - [TEST_STEP][PASSED] - orPath_TaxTypeFilingYear = "Object Repository/RAD_Pages/TaxTypeFilingYear_Page": null

2024-01-14 16:19:46 - [TEST_STEP][PASSED] - orPath_TaxPayer = "Object Repository/RAD_Pages/Taxpayer_Page": null

2024-01-14 16:19:46 - [TEST_STEP][PASSED] - orPath_AddressContact = "Object Repository/RAD_Pages/AddressAndContactInfo_Page": null

2024-01-14 16:19:46 - [TEST_STEP][PASSED] - orPath_FilingStatus = "Object Repository/RAD_Pages/FilingStatus_Page": null

2024-01-14 16:19:46 - [TEST_STEP][PASSED] - orPath_Amount = "Object Repository/RAD_Pages/PaymentAmount_Page": null

2024-01-14 16:19:46 - [TEST_STEP][PASSED] - orPath_TaxInfo = "Object Repository/RAD_Pages/TaxInfo_Page": null

2024-01-14 16:19:46 - [TEST_STEP][PASSED] - orPath_Withholding = "Object Repository/RAD_Pages/Withholding_Page": null

2024-01-14 16:19:46 - [TEST_STEP][PASSED] - orPath_Summary = "Object Repository/RAD_Pages/Summary_Page": null

2024-01-14 16:19:46 - [TEST_STEP][PASSED] - orPath_PaymentReady = "Object Repository/RAD_Pages/PaymentReady_Page": null

2024-01-14 16:19:46 - [TEST_STEP][PASSED] - orPath_PaymentEntry = "Object Repository/RAD_Pages/PaymentEntry_Page": null

2024-01-14 16:19:46 - [TEST_STEP][PASSED] - orPath_PaymentConfirmation = "Object Repository/RAD_Pages/PaymentConfirmation_Page": null

2024-01-14 16:19:46 - [TEST_STEP][PASSED] - orPath_ServiceFeesAccept = "Object Repository/RAD_Pages/ServiceFeeAccept_Page": null

2024-01-14 16:19:46 - [TEST_STEP][PASSED] - selectOptionByLabel(findTestObject(orPath_Landing + "/dd_TaxType"), Taxtype, false): All options with label 'Existing Liability w/Notice Number' are selected in object 'Object Repository/RAD_Pages/Landing_Page/dd_TaxType' 

2024-01-14 16:19:48 - [MESSAGE][PASSED] - All options with label 'Existing Liability w/Notice Number' are selected in object 'Object Repository/RAD_Pages/Landing_Page/dd_TaxType' 

2024-01-14 16:19:48 - [TEST_STEP][PASSED] - delay(1): Delayed 1 second(s)

2024-01-14 16:19:49 - [MESSAGE][PASSED] - Delayed 1 second(s)

2024-01-14 16:19:49 - [TEST_STEP][PASSED] - selectOptionByLabel(findTestObject(orPath_TaxTypeFilingYear + "/select_TaxType_ExistingLiability"), TaxTypeEL, false): All options with label 'PTE Non-Electing Non-S Corp' are selected in object 'Object Repository/RAD_Pages/TaxTypeFilingYear_Page/select_TaxType_ExistingLiability' 

2024-01-14 16:19:49 - [MESSAGE][PASSED] - All options with label 'PTE Non-Electing Non-S Corp' are selected in object 'Object Repository/RAD_Pages/TaxTypeFilingYear_Page/select_TaxType_ExistingLiability' 

2024-01-14 16:19:49 - [TEST_STEP][PASSED] - setText(findTestObject(orPath_TaxInfo + "/input_NoticeInvoiceNumber"), notInvNumber): Text '0000000000000' is set on object 'Object Repository/RAD_Pages/TaxInfo_Page/input_NoticeInvoiceNumber'

2024-01-14 16:19:50 - [MESSAGE][PASSED] - Text '0000000000000' is set on object 'Object Repository/RAD_Pages/TaxInfo_Page/input_NoticeInvoiceNumber'

2024-01-14 16:19:50 - [TEST_STEP][PASSED] - setText(findTestObject(orPath_TaxInfo + "/input_reTypeNoticeInvoiceNumber"), notInvNumber): Text '0000000000000' is set on object 'Object Repository/RAD_Pages/TaxInfo_Page/input_reTypeNoticeInvoiceNumber'

2024-01-14 16:19:51 - [MESSAGE][PASSED] - Text '0000000000000' is set on object 'Object Repository/RAD_Pages/TaxInfo_Page/input_reTypeNoticeInvoiceNumber'

2024-01-14 16:19:51 - [TEST_STEP][PASSED] - println(notInvNumber): null

2024-01-14 16:19:51 - [TEST_STEP][PASSED] - if (verifyTextPresent(errorMsg, true)): null

2024-01-14 16:19:52 - [MESSAGE][PASSED] - Text 'Notice Number must be 13 digits in length, with a value greater than zero' is present on page  using regular expression

2024-01-14 16:19:52 - [TEST_STEP][PASSED] - println("Error Message is present on the page"): null

2024-01-14 16:19:52 - [TEST_STEP][PASSED] - out.println("Pass Record Number: " + row): null

2024-01-14 16:19:52 - [TEST_STEP][PASSED] - resText = "Pass": null

2024-01-14 16:19:52 - [TEST_STEP][PASSED] - pages.WriteExcel.demoKey(resText, datText, resColumn, datCloumn, fileLoc, nameSheet, row): pages.WriteExcel.demoKey is PASSED

2024-01-14 16:19:52 - [MESSAGE][PASSED] - pages.WriteExcel.demoKey is PASSED

2024-01-14 16:19:52 - [TEST_STEP][PASSED] - ExecuteTC = findTestData(dataFile).getValue("Execute", row): null

2024-01-14 16:19:52 - [TEST_STEP][PASSED] - Taxtype = findTestData(dataFile).getValue("TaxType", row): null

2024-01-14 16:19:52 - [TEST_STEP][PASSED] - TaxTypeEL = findTestData(dataFile).getValue("TaxTypeEL", row): null

2024-01-14 16:19:52 - [TEST_STEP][PASSED] - notInvNumber = findTestData(dataFile).getValue("NotiInvoNumber", row): null

2024-01-14 16:19:52 - [TEST_STEP][PASSED] - errorMsg = findTestData(dataFile).getValue("ErrorMessage", row): null

2024-01-14 16:19:52 - [TEST_STEP][PASSED] - out.println("Value of Execute is : " + ExecuteTC): null

2024-01-14 16:19:52 - [TEST_STEP][PASSED] - if (ExecuteTC.equalsIgnoreCase("Y")): null

2024-01-14 16:19:52 - [TEST_STEP][PASSED] - out.println("Begin Record Number: " + row): null

2024-01-14 16:19:52 - [TEST_STEP][PASSED] - today = new java.util.Date(): null

2024-01-14 16:19:52 - [TEST_STEP][PASSED] - println(today): null

2024-01-14 16:19:52 - [TEST_STEP][PASSED] - datText = today: null

2024-01-14 16:19:52 - [TEST_STEP][PASSED] - Taxtype = findTestData(dataFile).getValue("TaxType", row): null

2024-01-14 16:19:52 - [TEST_STEP][PASSED] - out.println("Taxtype value is : " + Taxtype): null

2024-01-14 16:19:52 - [TEST_STEP][PASSED] - openBrowser(""): Browser is opened with url: ''

2024-01-14 16:19:52 - [MESSAGE][WARNING] - A browser is already opened. Closing browser and opening a new one

2024-01-14 16:19:53 - [MESSAGE][INFO] - Starting 'Chrome' driver

2024-01-14 16:19:53 - [MESSAGE][INFO] - User set preference: ['acceptInsecureCerts', 'true']

2024-01-14 16:19:53 - [MESSAGE][INFO] - Action delay is set to 0 milliseconds

2024-01-14 16:19:55 - [MESSAGE][PASSED] - Browser is opened with url: ''

2024-01-14 16:19:55 - [TEST_STEP][PASSED] - maximizeWindow(): Current window maximized

2024-01-14 16:19:55 - [MESSAGE][PASSED] - Current window maximized

2024-01-14 16:19:55 - [TEST_STEP][PASSED] - navigateToUrl(RADurl): Navigate to 'https://qa2.velocitypayment.com/client/rad/index.html' successfully

2024-01-14 16:19:56 - [MESSAGE][PASSED] - Navigate to 'https://qa2.velocitypayment.com/client/rad/index.html' successfully

2024-01-14 16:19:56 - [TEST_STEP][PASSED] - orPath_Landing = "Object Repository/RAD_Pages/Landing_Page": null

2024-01-14 16:19:56 - [TEST_STEP][PASSED] - orPath_TaxTypeFilingYear = "Object Repository/RAD_Pages/TaxTypeFilingYear_Page": null

2024-01-14 16:19:56 - [TEST_STEP][PASSED] - orPath_TaxPayer = "Object Repository/RAD_Pages/Taxpayer_Page": null

2024-01-14 16:19:56 - [TEST_STEP][PASSED] - orPath_AddressContact = "Object Repository/RAD_Pages/AddressAndContactInfo_Page": null

2024-01-14 16:19:56 - [TEST_STEP][PASSED] - orPath_FilingStatus = "Object Repository/RAD_Pages/FilingStatus_Page": null

2024-01-14 16:19:56 - [TEST_STEP][PASSED] - orPath_Amount = "Object Repository/RAD_Pages/PaymentAmount_Page": null

2024-01-14 16:19:56 - [TEST_STEP][PASSED] - orPath_TaxInfo = "Object Repository/RAD_Pages/TaxInfo_Page": null

2024-01-14 16:19:56 - [TEST_STEP][PASSED] - orPath_Withholding = "Object Repository/RAD_Pages/Withholding_Page": null

2024-01-14 16:19:56 - [TEST_STEP][PASSED] - orPath_Summary = "Object Repository/RAD_Pages/Summary_Page": null

2024-01-14 16:19:56 - [TEST_STEP][PASSED] - orPath_PaymentReady = "Object Repository/RAD_Pages/PaymentReady_Page": null

2024-01-14 16:19:56 - [TEST_STEP][PASSED] - orPath_PaymentEntry = "Object Repository/RAD_Pages/PaymentEntry_Page": null

2024-01-14 16:19:56 - [TEST_STEP][PASSED] - orPath_PaymentConfirmation = "Object Repository/RAD_Pages/PaymentConfirmation_Page": null

2024-01-14 16:19:56 - [TEST_STEP][PASSED] - orPath_ServiceFeesAccept = "Object Repository/RAD_Pages/ServiceFeeAccept_Page": null

2024-01-14 16:19:56 - [TEST_STEP][PASSED] - selectOptionByLabel(findTestObject(orPath_Landing + "/dd_TaxType"), Taxtype, false): All options with label 'Existing Liability w/Notice Number' are selected in object 'Object Repository/RAD_Pages/Landing_Page/dd_TaxType' 

2024-01-14 16:19:57 - [MESSAGE][PASSED] - All options with label 'Existing Liability w/Notice Number' are selected in object 'Object Repository/RAD_Pages/Landing_Page/dd_TaxType' 

2024-01-14 16:19:57 - [TEST_STEP][PASSED] - delay(1): Delayed 1 second(s)

2024-01-14 16:19:58 - [MESSAGE][PASSED] - Delayed 1 second(s)

2024-01-14 16:19:58 - [TEST_STEP][PASSED] - selectOptionByLabel(findTestObject(orPath_TaxTypeFilingYear + "/select_TaxType_ExistingLiability"), TaxTypeEL, false): All options with label 'PTE Non-Electing S Corp' are selected in object 'Object Repository/RAD_Pages/TaxTypeFilingYear_Page/select_TaxType_ExistingLiability' 

2024-01-14 16:19:59 - [MESSAGE][PASSED] - All options with label 'PTE Non-Electing S Corp' are selected in object 'Object Repository/RAD_Pages/TaxTypeFilingYear_Page/select_TaxType_ExistingLiability' 

2024-01-14 16:19:59 - [TEST_STEP][PASSED] - setText(findTestObject(orPath_TaxInfo + "/input_NoticeInvoiceNumber"), notInvNumber): Text '0000000000000' is set on object 'Object Repository/RAD_Pages/TaxInfo_Page/input_NoticeInvoiceNumber'

2024-01-14 16:19:59 - [MESSAGE][PASSED] - Text '0000000000000' is set on object 'Object Repository/RAD_Pages/TaxInfo_Page/input_NoticeInvoiceNumber'

2024-01-14 16:19:59 - [TEST_STEP][PASSED] - setText(findTestObject(orPath_TaxInfo + "/input_reTypeNoticeInvoiceNumber"), notInvNumber): Text '0000000000000' is set on object 'Object Repository/RAD_Pages/TaxInfo_Page/input_reTypeNoticeInvoiceNumber'

2024-01-14 16:20:00 - [MESSAGE][PASSED] - Text '0000000000000' is set on object 'Object Repository/RAD_Pages/TaxInfo_Page/input_reTypeNoticeInvoiceNumber'

2024-01-14 16:20:00 - [TEST_STEP][PASSED] - println(notInvNumber): null

2024-01-14 16:20:00 - [TEST_STEP][PASSED] - if (verifyTextPresent(errorMsg, true)): null

2024-01-14 16:20:01 - [MESSAGE][PASSED] - Text 'Notice Number must be 13 digits in length, with a value greater than zero' is present on page  using regular expression

2024-01-14 16:20:01 - [TEST_STEP][PASSED] - println("Error Message is present on the page"): null

2024-01-14 16:20:01 - [TEST_STEP][PASSED] - out.println("Pass Record Number: " + row): null

2024-01-14 16:20:01 - [TEST_STEP][PASSED] - resText = "Pass": null

2024-01-14 16:20:01 - [TEST_STEP][PASSED] - pages.WriteExcel.demoKey(resText, datText, resColumn, datCloumn, fileLoc, nameSheet, row): pages.WriteExcel.demoKey is PASSED

2024-01-14 16:20:01 - [MESSAGE][PASSED] - pages.WriteExcel.demoKey is PASSED

2024-01-14 16:20:01 - [TEST_STEP][PASSED] - ExecuteTC = findTestData(dataFile).getValue("Execute", row): null

2024-01-14 16:20:01 - [TEST_STEP][PASSED] - Taxtype = findTestData(dataFile).getValue("TaxType", row): null

2024-01-14 16:20:01 - [TEST_STEP][PASSED] - TaxTypeEL = findTestData(dataFile).getValue("TaxTypeEL", row): null

2024-01-14 16:20:01 - [TEST_STEP][PASSED] - notInvNumber = findTestData(dataFile).getValue("NotiInvoNumber", row): null

2024-01-14 16:20:01 - [TEST_STEP][PASSED] - errorMsg = findTestData(dataFile).getValue("ErrorMessage", row): null

2024-01-14 16:20:01 - [TEST_STEP][PASSED] - out.println("Value of Execute is : " + ExecuteTC): null

2024-01-14 16:20:01 - [TEST_STEP][PASSED] - if (ExecuteTC.equalsIgnoreCase("Y")): null

2024-01-14 16:20:01 - [TEST_STEP][PASSED] - out.println("Begin Record Number: " + row): null

2024-01-14 16:20:01 - [TEST_STEP][PASSED] - today = new java.util.Date(): null

2024-01-14 16:20:01 - [TEST_STEP][PASSED] - println(today): null

2024-01-14 16:20:01 - [TEST_STEP][PASSED] - datText = today: null

2024-01-14 16:20:01 - [TEST_STEP][PASSED] - Taxtype = findTestData(dataFile).getValue("TaxType", row): null

2024-01-14 16:20:01 - [TEST_STEP][PASSED] - out.println("Taxtype value is : " + Taxtype): null

2024-01-14 16:20:01 - [TEST_STEP][PASSED] - openBrowser(""): Browser is opened with url: ''

2024-01-14 16:20:01 - [MESSAGE][WARNING] - A browser is already opened. Closing browser and opening a new one

2024-01-14 16:20:02 - [MESSAGE][INFO] - Starting 'Chrome' driver

2024-01-14 16:20:02 - [MESSAGE][INFO] - User set preference: ['acceptInsecureCerts', 'true']

2024-01-14 16:20:02 - [MESSAGE][INFO] - Action delay is set to 0 milliseconds

2024-01-14 16:20:04 - [MESSAGE][PASSED] - Browser is opened with url: ''

2024-01-14 16:20:04 - [TEST_STEP][PASSED] - maximizeWindow(): Current window maximized

2024-01-14 16:20:04 - [MESSAGE][PASSED] - Current window maximized

2024-01-14 16:20:04 - [TEST_STEP][PASSED] - navigateToUrl(RADurl): Navigate to 'https://qa2.velocitypayment.com/client/rad/index.html' successfully

2024-01-14 16:20:05 - [MESSAGE][PASSED] - Navigate to 'https://qa2.velocitypayment.com/client/rad/index.html' successfully

2024-01-14 16:20:05 - [TEST_STEP][PASSED] - orPath_Landing = "Object Repository/RAD_Pages/Landing_Page": null

2024-01-14 16:20:05 - [TEST_STEP][PASSED] - orPath_TaxTypeFilingYear = "Object Repository/RAD_Pages/TaxTypeFilingYear_Page": null

2024-01-14 16:20:05 - [TEST_STEP][PASSED] - orPath_TaxPayer = "Object Repository/RAD_Pages/Taxpayer_Page": null

2024-01-14 16:20:05 - [TEST_STEP][PASSED] - orPath_AddressContact = "Object Repository/RAD_Pages/AddressAndContactInfo_Page": null

2024-01-14 16:20:05 - [TEST_STEP][PASSED] - orPath_FilingStatus = "Object Repository/RAD_Pages/FilingStatus_Page": null

2024-01-14 16:20:05 - [TEST_STEP][PASSED] - orPath_Amount = "Object Repository/RAD_Pages/PaymentAmount_Page": null

2024-01-14 16:20:05 - [TEST_STEP][PASSED] - orPath_TaxInfo = "Object Repository/RAD_Pages/TaxInfo_Page": null

2024-01-14 16:20:05 - [TEST_STEP][PASSED] - orPath_Withholding = "Object Repository/RAD_Pages/Withholding_Page": null

2024-01-14 16:20:05 - [TEST_STEP][PASSED] - orPath_Summary = "Object Repository/RAD_Pages/Summary_Page": null

2024-01-14 16:20:05 - [TEST_STEP][PASSED] - orPath_PaymentReady = "Object Repository/RAD_Pages/PaymentReady_Page": null

2024-01-14 16:20:05 - [TEST_STEP][PASSED] - orPath_PaymentEntry = "Object Repository/RAD_Pages/PaymentEntry_Page": null

2024-01-14 16:20:05 - [TEST_STEP][PASSED] - orPath_PaymentConfirmation = "Object Repository/RAD_Pages/PaymentConfirmation_Page": null

2024-01-14 16:20:05 - [TEST_STEP][PASSED] - orPath_ServiceFeesAccept = "Object Repository/RAD_Pages/ServiceFeeAccept_Page": null

2024-01-14 16:20:05 - [TEST_STEP][PASSED] - selectOptionByLabel(findTestObject(orPath_Landing + "/dd_TaxType"), Taxtype, false): All options with label 'Existing Liability w/Notice Number' are selected in object 'Object Repository/RAD_Pages/Landing_Page/dd_TaxType' 

2024-01-14 16:20:06 - [MESSAGE][PASSED] - All options with label 'Existing Liability w/Notice Number' are selected in object 'Object Repository/RAD_Pages/Landing_Page/dd_TaxType' 

2024-01-14 16:20:06 - [TEST_STEP][PASSED] - delay(1): Delayed 1 second(s)

2024-01-14 16:20:07 - [MESSAGE][PASSED] - Delayed 1 second(s)

2024-01-14 16:20:07 - [TEST_STEP][PASSED] - selectOptionByLabel(findTestObject(orPath_TaxTypeFilingYear + "/select_TaxType_ExistingLiability"), TaxTypeEL, false): All options with label 'Sales & Use Tax' are selected in object 'Object Repository/RAD_Pages/TaxTypeFilingYear_Page/select_TaxType_ExistingLiability' 

2024-01-14 16:20:08 - [MESSAGE][PASSED] - All options with label 'Sales & Use Tax' are selected in object 'Object Repository/RAD_Pages/TaxTypeFilingYear_Page/select_TaxType_ExistingLiability' 

2024-01-14 16:20:08 - [TEST_STEP][PASSED] - setText(findTestObject(orPath_TaxInfo + "/input_NoticeInvoiceNumber"), notInvNumber): Text '0000000000000' is set on object 'Object Repository/RAD_Pages/TaxInfo_Page/input_NoticeInvoiceNumber'

2024-01-14 16:20:09 - [MESSAGE][PASSED] - Text '0000000000000' is set on object 'Object Repository/RAD_Pages/TaxInfo_Page/input_NoticeInvoiceNumber'

2024-01-14 16:20:09 - [TEST_STEP][PASSED] - setText(findTestObject(orPath_TaxInfo + "/input_reTypeNoticeInvoiceNumber"), notInvNumber): Text '0000000000000' is set on object 'Object Repository/RAD_Pages/TaxInfo_Page/input_reTypeNoticeInvoiceNumber'

2024-01-14 16:20:10 - [MESSAGE][PASSED] - Text '0000000000000' is set on object 'Object Repository/RAD_Pages/TaxInfo_Page/input_reTypeNoticeInvoiceNumber'

2024-01-14 16:20:10 - [TEST_STEP][PASSED] - println(notInvNumber): null

2024-01-14 16:20:10 - [TEST_STEP][PASSED] - if (verifyTextPresent(errorMsg, true)): null

2024-01-14 16:20:10 - [MESSAGE][PASSED] - Text 'Notice Number must be 13 digits in length, with a value greater than zero' is present on page  using regular expression

2024-01-14 16:20:10 - [TEST_STEP][PASSED] - println("Error Message is present on the page"): null

2024-01-14 16:20:10 - [TEST_STEP][PASSED] - out.println("Pass Record Number: " + row): null

2024-01-14 16:20:10 - [TEST_STEP][PASSED] - resText = "Pass": null

2024-01-14 16:20:10 - [TEST_STEP][PASSED] - pages.WriteExcel.demoKey(resText, datText, resColumn, datCloumn, fileLoc, nameSheet, row): pages.WriteExcel.demoKey is PASSED

2024-01-14 16:20:10 - [MESSAGE][PASSED] - pages.WriteExcel.demoKey is PASSED

2024-01-14 16:20:10 - [TEST_STEP][PASSED] - ExecuteTC = findTestData(dataFile).getValue("Execute", row): null

2024-01-14 16:20:10 - [TEST_STEP][PASSED] - Taxtype = findTestData(dataFile).getValue("TaxType", row): null

2024-01-14 16:20:10 - [TEST_STEP][PASSED] - TaxTypeEL = findTestData(dataFile).getValue("TaxTypeEL", row): null

2024-01-14 16:20:10 - [TEST_STEP][PASSED] - notInvNumber = findTestData(dataFile).getValue("NotiInvoNumber", row): null

2024-01-14 16:20:10 - [TEST_STEP][PASSED] - errorMsg = findTestData(dataFile).getValue("ErrorMessage", row): null

2024-01-14 16:20:10 - [TEST_STEP][PASSED] - out.println("Value of Execute is : " + ExecuteTC): null

2024-01-14 16:20:10 - [TEST_STEP][PASSED] - if (ExecuteTC.equalsIgnoreCase("Y")): null

2024-01-14 16:20:10 - [TEST_STEP][PASSED] - out.println("Begin Record Number: " + row): null

2024-01-14 16:20:10 - [TEST_STEP][PASSED] - today = new java.util.Date(): null

2024-01-14 16:20:10 - [TEST_STEP][PASSED] - println(today): null

2024-01-14 16:20:10 - [TEST_STEP][PASSED] - datText = today: null

2024-01-14 16:20:10 - [TEST_STEP][PASSED] - Taxtype = findTestData(dataFile).getValue("TaxType", row): null

2024-01-14 16:20:10 - [TEST_STEP][PASSED] - out.println("Taxtype value is : " + Taxtype): null

2024-01-14 16:20:10 - [TEST_STEP][PASSED] - openBrowser(""): Browser is opened with url: ''

2024-01-14 16:20:10 - [MESSAGE][WARNING] - A browser is already opened. Closing browser and opening a new one

2024-01-14 16:20:11 - [MESSAGE][INFO] - Starting 'Chrome' driver

2024-01-14 16:20:11 - [MESSAGE][INFO] - User set preference: ['acceptInsecureCerts', 'true']

2024-01-14 16:20:11 - [MESSAGE][INFO] - Action delay is set to 0 milliseconds

2024-01-14 16:20:13 - [MESSAGE][PASSED] - Browser is opened with url: ''

2024-01-14 16:20:13 - [TEST_STEP][PASSED] - maximizeWindow(): Current window maximized

2024-01-14 16:20:13 - [MESSAGE][PASSED] - Current window maximized

2024-01-14 16:20:13 - [TEST_STEP][PASSED] - navigateToUrl(RADurl): Navigate to 'https://qa2.velocitypayment.com/client/rad/index.html' successfully

2024-01-14 16:20:13 - [MESSAGE][PASSED] - Navigate to 'https://qa2.velocitypayment.com/client/rad/index.html' successfully

2024-01-14 16:20:13 - [TEST_STEP][PASSED] - orPath_Landing = "Object Repository/RAD_Pages/Landing_Page": null

2024-01-14 16:20:13 - [TEST_STEP][PASSED] - orPath_TaxTypeFilingYear = "Object Repository/RAD_Pages/TaxTypeFilingYear_Page": null

2024-01-14 16:20:13 - [TEST_STEP][PASSED] - orPath_TaxPayer = "Object Repository/RAD_Pages/Taxpayer_Page": null

2024-01-14 16:20:13 - [TEST_STEP][PASSED] - orPath_AddressContact = "Object Repository/RAD_Pages/AddressAndContactInfo_Page": null

2024-01-14 16:20:13 - [TEST_STEP][PASSED] - orPath_FilingStatus = "Object Repository/RAD_Pages/FilingStatus_Page": null

2024-01-14 16:20:13 - [TEST_STEP][PASSED] - orPath_Amount = "Object Repository/RAD_Pages/PaymentAmount_Page": null

2024-01-14 16:20:13 - [TEST_STEP][PASSED] - orPath_TaxInfo = "Object Repository/RAD_Pages/TaxInfo_Page": null

2024-01-14 16:20:13 - [TEST_STEP][PASSED] - orPath_Withholding = "Object Repository/RAD_Pages/Withholding_Page": null

2024-01-14 16:20:13 - [TEST_STEP][PASSED] - orPath_Summary = "Object Repository/RAD_Pages/Summary_Page": null

2024-01-14 16:20:13 - [TEST_STEP][PASSED] - orPath_PaymentReady = "Object Repository/RAD_Pages/PaymentReady_Page": null

2024-01-14 16:20:13 - [TEST_STEP][PASSED] - orPath_PaymentEntry = "Object Repository/RAD_Pages/PaymentEntry_Page": null

2024-01-14 16:20:13 - [TEST_STEP][PASSED] - orPath_PaymentConfirmation = "Object Repository/RAD_Pages/PaymentConfirmation_Page": null

2024-01-14 16:20:13 - [TEST_STEP][PASSED] - orPath_ServiceFeesAccept = "Object Repository/RAD_Pages/ServiceFeeAccept_Page": null

2024-01-14 16:20:13 - [TEST_STEP][PASSED] - selectOptionByLabel(findTestObject(orPath_Landing + "/dd_TaxType"), Taxtype, false): All options with label 'Existing Liability w/Notice Number' are selected in object 'Object Repository/RAD_Pages/Landing_Page/dd_TaxType' 

2024-01-14 16:20:15 - [MESSAGE][PASSED] - All options with label 'Existing Liability w/Notice Number' are selected in object 'Object Repository/RAD_Pages/Landing_Page/dd_TaxType' 

2024-01-14 16:20:15 - [TEST_STEP][PASSED] - delay(1): Delayed 1 second(s)

2024-01-14 16:20:16 - [MESSAGE][PASSED] - Delayed 1 second(s)

2024-01-14 16:20:16 - [TEST_STEP][PASSED] - selectOptionByLabel(findTestObject(orPath_TaxTypeFilingYear + "/select_TaxType_ExistingLiability"), TaxTypeEL, false): All options with label 'Tire Recycling Fee' are selected in object 'Object Repository/RAD_Pages/TaxTypeFilingYear_Page/select_TaxType_ExistingLiability' 

2024-01-14 16:20:17 - [MESSAGE][PASSED] - All options with label 'Tire Recycling Fee' are selected in object 'Object Repository/RAD_Pages/TaxTypeFilingYear_Page/select_TaxType_ExistingLiability' 

2024-01-14 16:20:17 - [TEST_STEP][PASSED] - setText(findTestObject(orPath_TaxInfo + "/input_NoticeInvoiceNumber"), notInvNumber): Text '0000000000000' is set on object 'Object Repository/RAD_Pages/TaxInfo_Page/input_NoticeInvoiceNumber'

2024-01-14 16:20:18 - [MESSAGE][PASSED] - Text '0000000000000' is set on object 'Object Repository/RAD_Pages/TaxInfo_Page/input_NoticeInvoiceNumber'

2024-01-14 16:20:18 - [TEST_STEP][PASSED] - setText(findTestObject(orPath_TaxInfo + "/input_reTypeNoticeInvoiceNumber"), notInvNumber): Text '0000000000000' is set on object 'Object Repository/RAD_Pages/TaxInfo_Page/input_reTypeNoticeInvoiceNumber'

2024-01-14 16:20:19 - [MESSAGE][PASSED] - Text '0000000000000' is set on object 'Object Repository/RAD_Pages/TaxInfo_Page/input_reTypeNoticeInvoiceNumber'

2024-01-14 16:20:19 - [TEST_STEP][PASSED] - println(notInvNumber): null

2024-01-14 16:20:19 - [TEST_STEP][PASSED] - if (verifyTextPresent(errorMsg, true)): null

2024-01-14 16:20:19 - [MESSAGE][PASSED] - Text 'Notice Number must be 13 digits in length, with a value greater than zero' is present on page  using regular expression

2024-01-14 16:20:19 - [TEST_STEP][PASSED] - println("Error Message is present on the page"): null

2024-01-14 16:20:19 - [TEST_STEP][PASSED] - out.println("Pass Record Number: " + row): null

2024-01-14 16:20:19 - [TEST_STEP][PASSED] - resText = "Pass": null

2024-01-14 16:20:19 - [TEST_STEP][PASSED] - pages.WriteExcel.demoKey(resText, datText, resColumn, datCloumn, fileLoc, nameSheet, row): pages.WriteExcel.demoKey is PASSED

2024-01-14 16:20:19 - [MESSAGE][PASSED] - pages.WriteExcel.demoKey is PASSED

2024-01-14 16:20:19 - [TEST_STEP][PASSED] - ExecuteTC = findTestData(dataFile).getValue("Execute", row): null

2024-01-14 16:20:19 - [TEST_STEP][PASSED] - Taxtype = findTestData(dataFile).getValue("TaxType", row): null

2024-01-14 16:20:19 - [TEST_STEP][PASSED] - TaxTypeEL = findTestData(dataFile).getValue("TaxTypeEL", row): null

2024-01-14 16:20:19 - [TEST_STEP][PASSED] - notInvNumber = findTestData(dataFile).getValue("NotiInvoNumber", row): null

2024-01-14 16:20:20 - [TEST_STEP][PASSED] - errorMsg = findTestData(dataFile).getValue("ErrorMessage", row): null

2024-01-14 16:20:20 - [TEST_STEP][PASSED] - out.println("Value of Execute is : " + ExecuteTC): null

2024-01-14 16:20:20 - [TEST_STEP][PASSED] - if (ExecuteTC.equalsIgnoreCase("Y")): null

2024-01-14 16:20:20 - [TEST_STEP][PASSED] - out.println("Begin Record Number: " + row): null

2024-01-14 16:20:20 - [TEST_STEP][PASSED] - today = new java.util.Date(): null

2024-01-14 16:20:20 - [TEST_STEP][PASSED] - println(today): null

2024-01-14 16:20:20 - [TEST_STEP][PASSED] - datText = today: null

2024-01-14 16:20:20 - [TEST_STEP][PASSED] - Taxtype = findTestData(dataFile).getValue("TaxType", row): null

2024-01-14 16:20:20 - [TEST_STEP][PASSED] - out.println("Taxtype value is : " + Taxtype): null

2024-01-14 16:20:20 - [TEST_STEP][PASSED] - openBrowser(""): Browser is opened with url: ''

2024-01-14 16:20:20 - [MESSAGE][WARNING] - A browser is already opened. Closing browser and opening a new one

2024-01-14 16:20:21 - [MESSAGE][INFO] - Starting 'Chrome' driver

2024-01-14 16:20:21 - [MESSAGE][INFO] - User set preference: ['acceptInsecureCerts', 'true']

2024-01-14 16:20:21 - [MESSAGE][INFO] - Action delay is set to 0 milliseconds

2024-01-14 16:20:22 - [MESSAGE][PASSED] - Browser is opened with url: ''

2024-01-14 16:20:22 - [TEST_STEP][PASSED] - maximizeWindow(): Current window maximized

2024-01-14 16:20:22 - [MESSAGE][PASSED] - Current window maximized

2024-01-14 16:20:22 - [TEST_STEP][PASSED] - navigateToUrl(RADurl): Navigate to 'https://qa2.velocitypayment.com/client/rad/index.html' successfully

2024-01-14 16:20:24 - [MESSAGE][PASSED] - Navigate to 'https://qa2.velocitypayment.com/client/rad/index.html' successfully

2024-01-14 16:20:24 - [TEST_STEP][PASSED] - orPath_Landing = "Object Repository/RAD_Pages/Landing_Page": null

2024-01-14 16:20:24 - [TEST_STEP][PASSED] - orPath_TaxTypeFilingYear = "Object Repository/RAD_Pages/TaxTypeFilingYear_Page": null

2024-01-14 16:20:24 - [TEST_STEP][PASSED] - orPath_TaxPayer = "Object Repository/RAD_Pages/Taxpayer_Page": null

2024-01-14 16:20:24 - [TEST_STEP][PASSED] - orPath_AddressContact = "Object Repository/RAD_Pages/AddressAndContactInfo_Page": null

2024-01-14 16:20:24 - [TEST_STEP][PASSED] - orPath_FilingStatus = "Object Repository/RAD_Pages/FilingStatus_Page": null

2024-01-14 16:20:24 - [TEST_STEP][PASSED] - orPath_Amount = "Object Repository/RAD_Pages/PaymentAmount_Page": null

2024-01-14 16:20:24 - [TEST_STEP][PASSED] - orPath_TaxInfo = "Object Repository/RAD_Pages/TaxInfo_Page": null

2024-01-14 16:20:24 - [TEST_STEP][PASSED] - orPath_Withholding = "Object Repository/RAD_Pages/Withholding_Page": null

2024-01-14 16:20:24 - [TEST_STEP][PASSED] - orPath_Summary = "Object Repository/RAD_Pages/Summary_Page": null

2024-01-14 16:20:24 - [TEST_STEP][PASSED] - orPath_PaymentReady = "Object Repository/RAD_Pages/PaymentReady_Page": null

2024-01-14 16:20:24 - [TEST_STEP][PASSED] - orPath_PaymentEntry = "Object Repository/RAD_Pages/PaymentEntry_Page": null

2024-01-14 16:20:24 - [TEST_STEP][PASSED] - orPath_PaymentConfirmation = "Object Repository/RAD_Pages/PaymentConfirmation_Page": null

2024-01-14 16:20:24 - [TEST_STEP][PASSED] - orPath_ServiceFeesAccept = "Object Repository/RAD_Pages/ServiceFeeAccept_Page": null

2024-01-14 16:20:24 - [TEST_STEP][PASSED] - selectOptionByLabel(findTestObject(orPath_Landing + "/dd_TaxType"), Taxtype, false): All options with label 'Existing Liability w/Notice Number' are selected in object 'Object Repository/RAD_Pages/Landing_Page/dd_TaxType' 

2024-01-14 16:20:24 - [MESSAGE][PASSED] - All options with label 'Existing Liability w/Notice Number' are selected in object 'Object Repository/RAD_Pages/Landing_Page/dd_TaxType' 

2024-01-14 16:20:24 - [TEST_STEP][PASSED] - delay(1): Delayed 1 second(s)

2024-01-14 16:20:25 - [MESSAGE][PASSED] - Delayed 1 second(s)

2024-01-14 16:20:25 - [TEST_STEP][PASSED] - selectOptionByLabel(findTestObject(orPath_TaxTypeFilingYear + "/select_TaxType_ExistingLiability"), TaxTypeEL, false): All options with label 'Withholding Tax' are selected in object 'Object Repository/RAD_Pages/TaxTypeFilingYear_Page/select_TaxType_ExistingLiability' 

2024-01-14 16:20:26 - [MESSAGE][PASSED] - All options with label 'Withholding Tax' are selected in object 'Object Repository/RAD_Pages/TaxTypeFilingYear_Page/select_TaxType_ExistingLiability' 

2024-01-14 16:20:26 - [TEST_STEP][PASSED] - setText(findTestObject(orPath_TaxInfo + "/input_NoticeInvoiceNumber"), notInvNumber): Text '0000000000000' is set on object 'Object Repository/RAD_Pages/TaxInfo_Page/input_NoticeInvoiceNumber'

2024-01-14 16:20:27 - [MESSAGE][PASSED] - Text '0000000000000' is set on object 'Object Repository/RAD_Pages/TaxInfo_Page/input_NoticeInvoiceNumber'

2024-01-14 16:20:27 - [TEST_STEP][PASSED] - setText(findTestObject(orPath_TaxInfo + "/input_reTypeNoticeInvoiceNumber"), notInvNumber): Text '0000000000000' is set on object 'Object Repository/RAD_Pages/TaxInfo_Page/input_reTypeNoticeInvoiceNumber'

2024-01-14 16:20:28 - [MESSAGE][PASSED] - Text '0000000000000' is set on object 'Object Repository/RAD_Pages/TaxInfo_Page/input_reTypeNoticeInvoiceNumber'

2024-01-14 16:20:28 - [TEST_STEP][PASSED] - println(notInvNumber): null

2024-01-14 16:20:28 - [TEST_STEP][PASSED] - if (verifyTextPresent(errorMsg, true)): null

2024-01-14 16:20:28 - [MESSAGE][PASSED] - Text 'Notice Number must be 13 digits in length, with a value greater than zero' is present on page  using regular expression

2024-01-14 16:20:28 - [TEST_STEP][PASSED] - println("Error Message is present on the page"): null

2024-01-14 16:20:28 - [TEST_STEP][PASSED] - out.println("Pass Record Number: " + row): null

2024-01-14 16:20:28 - [TEST_STEP][PASSED] - resText = "Pass": null

2024-01-14 16:20:28 - [TEST_STEP][PASSED] - pages.WriteExcel.demoKey(resText, datText, resColumn, datCloumn, fileLoc, nameSheet, row): pages.WriteExcel.demoKey is PASSED

2024-01-14 16:20:28 - [MESSAGE][PASSED] - pages.WriteExcel.demoKey is PASSED

2024-01-14 16:20:28 - [TEST_STEP][PASSED] - ExecuteTC = findTestData(dataFile).getValue("Execute", row): null

2024-01-14 16:20:28 - [TEST_STEP][PASSED] - Taxtype = findTestData(dataFile).getValue("TaxType", row): null

2024-01-14 16:20:28 - [TEST_STEP][PASSED] - TaxTypeEL = findTestData(dataFile).getValue("TaxTypeEL", row): null

2024-01-14 16:20:28 - [TEST_STEP][PASSED] - notInvNumber = findTestData(dataFile).getValue("NotiInvoNumber", row): null

2024-01-14 16:20:29 - [TEST_STEP][PASSED] - errorMsg = findTestData(dataFile).getValue("ErrorMessage", row): null

2024-01-14 16:20:29 - [TEST_STEP][PASSED] - out.println("Value of Execute is : " + ExecuteTC): null

2024-01-14 16:20:29 - [TEST_STEP][PASSED] - if (ExecuteTC.equalsIgnoreCase("Y")): null

2024-01-14 16:20:29 - [TEST_STEP][PASSED] - out.println("Begin Record Number: " + row): null

2024-01-14 16:20:29 - [TEST_STEP][PASSED] - today = new java.util.Date(): null

2024-01-14 16:20:29 - [TEST_STEP][PASSED] - println(today): null

2024-01-14 16:20:29 - [TEST_STEP][PASSED] - datText = today: null

2024-01-14 16:20:29 - [TEST_STEP][PASSED] - Taxtype = findTestData(dataFile).getValue("TaxType", row): null

2024-01-14 16:20:29 - [TEST_STEP][PASSED] - out.println("Taxtype value is : " + Taxtype): null

2024-01-14 16:20:29 - [TEST_STEP][PASSED] - openBrowser(""): Browser is opened with url: ''

2024-01-14 16:20:29 - [MESSAGE][WARNING] - A browser is already opened. Closing browser and opening a new one

2024-01-14 16:20:30 - [MESSAGE][INFO] - Starting 'Chrome' driver

2024-01-14 16:20:30 - [MESSAGE][INFO] - User set preference: ['acceptInsecureCerts', 'true']

2024-01-14 16:20:30 - [MESSAGE][INFO] - Action delay is set to 0 milliseconds

2024-01-14 16:20:31 - [MESSAGE][PASSED] - Browser is opened with url: ''

2024-01-14 16:20:31 - [TEST_STEP][PASSED] - maximizeWindow(): Current window maximized

2024-01-14 16:20:31 - [MESSAGE][PASSED] - Current window maximized

2024-01-14 16:20:31 - [TEST_STEP][PASSED] - navigateToUrl(RADurl): Navigate to 'https://qa2.velocitypayment.com/client/rad/index.html' successfully

2024-01-14 16:20:33 - [MESSAGE][PASSED] - Navigate to 'https://qa2.velocitypayment.com/client/rad/index.html' successfully

2024-01-14 16:20:33 - [TEST_STEP][PASSED] - orPath_Landing = "Object Repository/RAD_Pages/Landing_Page": null

2024-01-14 16:20:33 - [TEST_STEP][PASSED] - orPath_TaxTypeFilingYear = "Object Repository/RAD_Pages/TaxTypeFilingYear_Page": null

2024-01-14 16:20:33 - [TEST_STEP][PASSED] - orPath_TaxPayer = "Object Repository/RAD_Pages/Taxpayer_Page": null

2024-01-14 16:20:33 - [TEST_STEP][PASSED] - orPath_AddressContact = "Object Repository/RAD_Pages/AddressAndContactInfo_Page": null

2024-01-14 16:20:33 - [TEST_STEP][PASSED] - orPath_FilingStatus = "Object Repository/RAD_Pages/FilingStatus_Page": null

2024-01-14 16:20:33 - [TEST_STEP][PASSED] - orPath_Amount = "Object Repository/RAD_Pages/PaymentAmount_Page": null

2024-01-14 16:20:33 - [TEST_STEP][PASSED] - orPath_TaxInfo = "Object Repository/RAD_Pages/TaxInfo_Page": null

2024-01-14 16:20:33 - [TEST_STEP][PASSED] - orPath_Withholding = "Object Repository/RAD_Pages/Withholding_Page": null

2024-01-14 16:20:33 - [TEST_STEP][PASSED] - orPath_Summary = "Object Repository/RAD_Pages/Summary_Page": null

2024-01-14 16:20:33 - [TEST_STEP][PASSED] - orPath_PaymentReady = "Object Repository/RAD_Pages/PaymentReady_Page": null

2024-01-14 16:20:33 - [TEST_STEP][PASSED] - orPath_PaymentEntry = "Object Repository/RAD_Pages/PaymentEntry_Page": null

2024-01-14 16:20:33 - [TEST_STEP][PASSED] - orPath_PaymentConfirmation = "Object Repository/RAD_Pages/PaymentConfirmation_Page": null

2024-01-14 16:20:33 - [TEST_STEP][PASSED] - orPath_ServiceFeesAccept = "Object Repository/RAD_Pages/ServiceFeeAccept_Page": null

2024-01-14 16:20:33 - [TEST_STEP][PASSED] - selectOptionByLabel(findTestObject(orPath_Landing + "/dd_TaxType"), Taxtype, false): All options with label 'Existing Liability w/Notice Number' are selected in object 'Object Repository/RAD_Pages/Landing_Page/dd_TaxType' 

2024-01-14 16:20:34 - [MESSAGE][PASSED] - All options with label 'Existing Liability w/Notice Number' are selected in object 'Object Repository/RAD_Pages/Landing_Page/dd_TaxType' 

2024-01-14 16:20:34 - [TEST_STEP][PASSED] - delay(1): Delayed 1 second(s)

2024-01-14 16:20:35 - [MESSAGE][PASSED] - Delayed 1 second(s)

2024-01-14 16:20:35 - [TEST_STEP][PASSED] - selectOptionByLabel(findTestObject(orPath_TaxTypeFilingYear + "/select_TaxType_ExistingLiability"), TaxTypeEL, false): All options with label 'Alcohol Tax' are selected in object 'Object Repository/RAD_Pages/TaxTypeFilingYear_Page/select_TaxType_ExistingLiability' 

2024-01-14 16:20:35 - [MESSAGE][PASSED] - All options with label 'Alcohol Tax' are selected in object 'Object Repository/RAD_Pages/TaxTypeFilingYear_Page/select_TaxType_ExistingLiability' 

2024-01-14 16:20:35 - [TEST_STEP][PASSED] - setText(findTestObject(orPath_TaxInfo + "/input_NoticeInvoiceNumber"), notInvNumber): Text '0000000000000' is set on object 'Object Repository/RAD_Pages/TaxInfo_Page/input_NoticeInvoiceNumber'

2024-01-14 16:20:36 - [MESSAGE][PASSED] - Text '0000000000000' is set on object 'Object Repository/RAD_Pages/TaxInfo_Page/input_NoticeInvoiceNumber'

2024-01-14 16:20:36 - [TEST_STEP][PASSED] - setText(findTestObject(orPath_TaxInfo + "/input_reTypeNoticeInvoiceNumber"), notInvNumber): Text '0000000000000' is set on object 'Object Repository/RAD_Pages/TaxInfo_Page/input_reTypeNoticeInvoiceNumber'

2024-01-14 16:20:37 - [MESSAGE][PASSED] - Text '0000000000000' is set on object 'Object Repository/RAD_Pages/TaxInfo_Page/input_reTypeNoticeInvoiceNumber'

2024-01-14 16:20:37 - [TEST_STEP][PASSED] - println(notInvNumber): null

2024-01-14 16:20:37 - [TEST_STEP][PASSED] - if (verifyTextPresent(errorMsg, true)): null

2024-01-14 16:20:38 - [MESSAGE][PASSED] - Text 'Invoice Number must be 10 or 13 digits in length, with a value greater than zero' is present on page  using regular expression

2024-01-14 16:20:38 - [TEST_STEP][PASSED] - println("Error Message is present on the page"): null

2024-01-14 16:20:38 - [TEST_STEP][PASSED] - out.println("Pass Record Number: " + row): null

2024-01-14 16:20:38 - [TEST_STEP][PASSED] - resText = "Pass": null

2024-01-14 16:20:38 - [TEST_STEP][PASSED] - pages.WriteExcel.demoKey(resText, datText, resColumn, datCloumn, fileLoc, nameSheet, row): pages.WriteExcel.demoKey is PASSED

2024-01-14 16:20:38 - [MESSAGE][PASSED] - pages.WriteExcel.demoKey is PASSED

2024-01-14 16:20:38 - [TEST_STEP][PASSED] - ExecuteTC = findTestData(dataFile).getValue("Execute", row): null

2024-01-14 16:20:38 - [TEST_STEP][PASSED] - Taxtype = findTestData(dataFile).getValue("TaxType", row): null

2024-01-14 16:20:38 - [TEST_STEP][PASSED] - TaxTypeEL = findTestData(dataFile).getValue("TaxTypeEL", row): null

2024-01-14 16:20:38 - [TEST_STEP][PASSED] - notInvNumber = findTestData(dataFile).getValue("NotiInvoNumber", row): null

2024-01-14 16:20:38 - [TEST_STEP][PASSED] - errorMsg = findTestData(dataFile).getValue("ErrorMessage", row): null

2024-01-14 16:20:38 - [TEST_STEP][PASSED] - out.println("Value of Execute is : " + ExecuteTC): null

2024-01-14 16:20:38 - [TEST_STEP][PASSED] - if (ExecuteTC.equalsIgnoreCase("Y")): null

2024-01-14 16:20:38 - [TEST_STEP][PASSED] - out.println("Begin Record Number: " + row): null

2024-01-14 16:20:38 - [TEST_STEP][PASSED] - today = new java.util.Date(): null

2024-01-14 16:20:38 - [TEST_STEP][PASSED] - println(today): null

2024-01-14 16:20:38 - [TEST_STEP][PASSED] - datText = today: null

2024-01-14 16:20:38 - [TEST_STEP][PASSED] - Taxtype = findTestData(dataFile).getValue("TaxType", row): null

2024-01-14 16:20:38 - [TEST_STEP][PASSED] - out.println("Taxtype value is : " + Taxtype): null

2024-01-14 16:20:38 - [TEST_STEP][PASSED] - openBrowser(""): Browser is opened with url: ''

2024-01-14 16:20:38 - [MESSAGE][WARNING] - A browser is already opened. Closing browser and opening a new one

2024-01-14 16:20:39 - [MESSAGE][INFO] - Starting 'Chrome' driver

2024-01-14 16:20:39 - [MESSAGE][INFO] - User set preference: ['acceptInsecureCerts', 'true']

2024-01-14 16:20:39 - [MESSAGE][INFO] - Action delay is set to 0 milliseconds

2024-01-14 16:20:40 - [MESSAGE][PASSED] - Browser is opened with url: ''

2024-01-14 16:20:40 - [TEST_STEP][PASSED] - maximizeWindow(): Current window maximized

2024-01-14 16:20:41 - [MESSAGE][PASSED] - Current window maximized

2024-01-14 16:20:41 - [TEST_STEP][PASSED] - navigateToUrl(RADurl): Navigate to 'https://qa2.velocitypayment.com/client/rad/index.html' successfully

2024-01-14 16:20:42 - [MESSAGE][PASSED] - Navigate to 'https://qa2.velocitypayment.com/client/rad/index.html' successfully

2024-01-14 16:20:42 - [TEST_STEP][PASSED] - orPath_Landing = "Object Repository/RAD_Pages/Landing_Page": null

2024-01-14 16:20:42 - [TEST_STEP][PASSED] - orPath_TaxTypeFilingYear = "Object Repository/RAD_Pages/TaxTypeFilingYear_Page": null

2024-01-14 16:20:42 - [TEST_STEP][PASSED] - orPath_TaxPayer = "Object Repository/RAD_Pages/Taxpayer_Page": null

2024-01-14 16:20:42 - [TEST_STEP][PASSED] - orPath_AddressContact = "Object Repository/RAD_Pages/AddressAndContactInfo_Page": null

2024-01-14 16:20:42 - [TEST_STEP][PASSED] - orPath_FilingStatus = "Object Repository/RAD_Pages/FilingStatus_Page": null

2024-01-14 16:20:42 - [TEST_STEP][PASSED] - orPath_Amount = "Object Repository/RAD_Pages/PaymentAmount_Page": null

2024-01-14 16:20:42 - [TEST_STEP][PASSED] - orPath_TaxInfo = "Object Repository/RAD_Pages/TaxInfo_Page": null

2024-01-14 16:20:42 - [TEST_STEP][PASSED] - orPath_Withholding = "Object Repository/RAD_Pages/Withholding_Page": null

2024-01-14 16:20:42 - [TEST_STEP][PASSED] - orPath_Summary = "Object Repository/RAD_Pages/Summary_Page": null

2024-01-14 16:20:42 - [TEST_STEP][PASSED] - orPath_PaymentReady = "Object Repository/RAD_Pages/PaymentReady_Page": null

2024-01-14 16:20:42 - [TEST_STEP][PASSED] - orPath_PaymentEntry = "Object Repository/RAD_Pages/PaymentEntry_Page": null

2024-01-14 16:20:42 - [TEST_STEP][PASSED] - orPath_PaymentConfirmation = "Object Repository/RAD_Pages/PaymentConfirmation_Page": null

2024-01-14 16:20:42 - [TEST_STEP][PASSED] - orPath_ServiceFeesAccept = "Object Repository/RAD_Pages/ServiceFeeAccept_Page": null

2024-01-14 16:20:42 - [TEST_STEP][PASSED] - selectOptionByLabel(findTestObject(orPath_Landing + "/dd_TaxType"), Taxtype, false): All options with label 'Existing Liability w/Notice Number' are selected in object 'Object Repository/RAD_Pages/Landing_Page/dd_TaxType' 

2024-01-14 16:20:43 - [MESSAGE][PASSED] - All options with label 'Existing Liability w/Notice Number' are selected in object 'Object Repository/RAD_Pages/Landing_Page/dd_TaxType' 

2024-01-14 16:20:43 - [TEST_STEP][PASSED] - delay(1): Delayed 1 second(s)

2024-01-14 16:20:44 - [MESSAGE][PASSED] - Delayed 1 second(s)

2024-01-14 16:20:44 - [TEST_STEP][PASSED] - selectOptionByLabel(findTestObject(orPath_TaxTypeFilingYear + "/select_TaxType_ExistingLiability"), TaxTypeEL, false): All options with label 'Alcohol Tax' are selected in object 'Object Repository/RAD_Pages/TaxTypeFilingYear_Page/select_TaxType_ExistingLiability' 

2024-01-14 16:20:44 - [MESSAGE][PASSED] - All options with label 'Alcohol Tax' are selected in object 'Object Repository/RAD_Pages/TaxTypeFilingYear_Page/select_TaxType_ExistingLiability' 

2024-01-14 16:20:44 - [TEST_STEP][PASSED] - setText(findTestObject(orPath_TaxInfo + "/input_NoticeInvoiceNumber"), notInvNumber): Text '0000000000' is set on object 'Object Repository/RAD_Pages/TaxInfo_Page/input_NoticeInvoiceNumber'

2024-01-14 16:20:45 - [MESSAGE][PASSED] - Text '0000000000' is set on object 'Object Repository/RAD_Pages/TaxInfo_Page/input_NoticeInvoiceNumber'

2024-01-14 16:20:45 - [TEST_STEP][PASSED] - setText(findTestObject(orPath_TaxInfo + "/input_reTypeNoticeInvoiceNumber"), notInvNumber): Text '0000000000' is set on object 'Object Repository/RAD_Pages/TaxInfo_Page/input_reTypeNoticeInvoiceNumber'

2024-01-14 16:20:46 - [MESSAGE][PASSED] - Text '0000000000' is set on object 'Object Repository/RAD_Pages/TaxInfo_Page/input_reTypeNoticeInvoiceNumber'

2024-01-14 16:20:46 - [TEST_STEP][PASSED] - println(notInvNumber): null

2024-01-14 16:20:46 - [TEST_STEP][PASSED] - if (verifyTextPresent(errorMsg, true)): null

2024-01-14 16:20:47 - [MESSAGE][PASSED] - Text 'Invoice Number must be 10 or 13 digits in length, with a value greater than zero' is present on page  using regular expression

2024-01-14 16:20:47 - [TEST_STEP][PASSED] - println("Error Message is present on the page"): null

2024-01-14 16:20:47 - [TEST_STEP][PASSED] - out.println("Pass Record Number: " + row): null

2024-01-14 16:20:47 - [TEST_STEP][PASSED] - resText = "Pass": null

2024-01-14 16:20:47 - [TEST_STEP][PASSED] - pages.WriteExcel.demoKey(resText, datText, resColumn, datCloumn, fileLoc, nameSheet, row): pages.WriteExcel.demoKey is PASSED

2024-01-14 16:20:47 - [MESSAGE][PASSED] - pages.WriteExcel.demoKey is PASSED

2024-01-14 16:20:47 - [TEST_STEP][PASSED] - ExecuteTC = findTestData(dataFile).getValue("Execute", row): null

2024-01-14 16:20:47 - [TEST_STEP][PASSED] - Taxtype = findTestData(dataFile).getValue("TaxType", row): null

2024-01-14 16:20:47 - [TEST_STEP][PASSED] - TaxTypeEL = findTestData(dataFile).getValue("TaxTypeEL", row): null

2024-01-14 16:20:47 - [TEST_STEP][PASSED] - notInvNumber = findTestData(dataFile).getValue("NotiInvoNumber", row): null

2024-01-14 16:20:47 - [TEST_STEP][PASSED] - errorMsg = findTestData(dataFile).getValue("ErrorMessage", row): null

2024-01-14 16:20:47 - [TEST_STEP][PASSED] - out.println("Value of Execute is : " + ExecuteTC): null

2024-01-14 16:20:47 - [TEST_STEP][PASSED] - if (ExecuteTC.equalsIgnoreCase("Y")): null

2024-01-14 16:20:47 - [TEST_STEP][PASSED] - out.println("Begin Record Number: " + row): null

2024-01-14 16:20:47 - [TEST_STEP][PASSED] - today = new java.util.Date(): null

2024-01-14 16:20:47 - [TEST_STEP][PASSED] - println(today): null

2024-01-14 16:20:47 - [TEST_STEP][PASSED] - datText = today: null

2024-01-14 16:20:47 - [TEST_STEP][PASSED] - Taxtype = findTestData(dataFile).getValue("TaxType", row): null

2024-01-14 16:20:47 - [TEST_STEP][PASSED] - out.println("Taxtype value is : " + Taxtype): null

2024-01-14 16:20:47 - [TEST_STEP][PASSED] - openBrowser(""): Browser is opened with url: ''

2024-01-14 16:20:47 - [MESSAGE][WARNING] - A browser is already opened. Closing browser and opening a new one

2024-01-14 16:20:48 - [MESSAGE][INFO] - Starting 'Chrome' driver

2024-01-14 16:20:48 - [MESSAGE][INFO] - User set preference: ['acceptInsecureCerts', 'true']

2024-01-14 16:20:48 - [MESSAGE][INFO] - Action delay is set to 0 milliseconds

2024-01-14 16:20:50 - [MESSAGE][PASSED] - Browser is opened with url: ''

2024-01-14 16:20:50 - [TEST_STEP][PASSED] - maximizeWindow(): Current window maximized

2024-01-14 16:20:50 - [MESSAGE][PASSED] - Current window maximized

2024-01-14 16:20:50 - [TEST_STEP][PASSED] - navigateToUrl(RADurl): Navigate to 'https://qa2.velocitypayment.com/client/rad/index.html' successfully

2024-01-14 16:20:50 - [MESSAGE][PASSED] - Navigate to 'https://qa2.velocitypayment.com/client/rad/index.html' successfully

2024-01-14 16:20:50 - [TEST_STEP][PASSED] - orPath_Landing = "Object Repository/RAD_Pages/Landing_Page": null

2024-01-14 16:20:50 - [TEST_STEP][PASSED] - orPath_TaxTypeFilingYear = "Object Repository/RAD_Pages/TaxTypeFilingYear_Page": null

2024-01-14 16:20:50 - [TEST_STEP][PASSED] - orPath_TaxPayer = "Object Repository/RAD_Pages/Taxpayer_Page": null

2024-01-14 16:20:50 - [TEST_STEP][PASSED] - orPath_AddressContact = "Object Repository/RAD_Pages/AddressAndContactInfo_Page": null

2024-01-14 16:20:50 - [TEST_STEP][PASSED] - orPath_FilingStatus = "Object Repository/RAD_Pages/FilingStatus_Page": null

2024-01-14 16:20:50 - [TEST_STEP][PASSED] - orPath_Amount = "Object Repository/RAD_Pages/PaymentAmount_Page": null

2024-01-14 16:20:50 - [TEST_STEP][PASSED] - orPath_TaxInfo = "Object Repository/RAD_Pages/TaxInfo_Page": null

2024-01-14 16:20:50 - [TEST_STEP][PASSED] - orPath_Withholding = "Object Repository/RAD_Pages/Withholding_Page": null

2024-01-14 16:20:50 - [TEST_STEP][PASSED] - orPath_Summary = "Object Repository/RAD_Pages/Summary_Page": null

2024-01-14 16:20:50 - [TEST_STEP][PASSED] - orPath_PaymentReady = "Object Repository/RAD_Pages/PaymentReady_Page": null

2024-01-14 16:20:50 - [TEST_STEP][PASSED] - orPath_PaymentEntry = "Object Repository/RAD_Pages/PaymentEntry_Page": null

2024-01-14 16:20:50 - [TEST_STEP][PASSED] - orPath_PaymentConfirmation = "Object Repository/RAD_Pages/PaymentConfirmation_Page": null

2024-01-14 16:20:50 - [TEST_STEP][PASSED] - orPath_ServiceFeesAccept = "Object Repository/RAD_Pages/ServiceFeeAccept_Page": null

2024-01-14 16:20:50 - [TEST_STEP][PASSED] - selectOptionByLabel(findTestObject(orPath_Landing + "/dd_TaxType"), Taxtype, false): All options with label 'Existing Liability w/Notice Number' are selected in object 'Object Repository/RAD_Pages/Landing_Page/dd_TaxType' 

2024-01-14 16:20:52 - [MESSAGE][PASSED] - All options with label 'Existing Liability w/Notice Number' are selected in object 'Object Repository/RAD_Pages/Landing_Page/dd_TaxType' 

2024-01-14 16:20:52 - [TEST_STEP][PASSED] - delay(1): Delayed 1 second(s)

2024-01-14 16:20:53 - [MESSAGE][PASSED] - Delayed 1 second(s)

2024-01-14 16:20:53 - [TEST_STEP][PASSED] - selectOptionByLabel(findTestObject(orPath_TaxTypeFilingYear + "/select_TaxType_ExistingLiability"), TaxTypeEL, false): All options with label 'PTE Tax Electing Non-S Corp' are selected in object 'Object Repository/RAD_Pages/TaxTypeFilingYear_Page/select_TaxType_ExistingLiability' 

2024-01-14 16:20:54 - [MESSAGE][PASSED] - All options with label 'PTE Tax Electing Non-S Corp' are selected in object 'Object Repository/RAD_Pages/TaxTypeFilingYear_Page/select_TaxType_ExistingLiability' 

2024-01-14 16:20:54 - [TEST_STEP][PASSED] - setText(findTestObject(orPath_TaxInfo + "/input_NoticeInvoiceNumber"), notInvNumber): Text '0000000000000' is set on object 'Object Repository/RAD_Pages/TaxInfo_Page/input_NoticeInvoiceNumber'

2024-01-14 16:20:54 - [MESSAGE][PASSED] - Text '0000000000000' is set on object 'Object Repository/RAD_Pages/TaxInfo_Page/input_NoticeInvoiceNumber'

2024-01-14 16:20:54 - [TEST_STEP][PASSED] - setText(findTestObject(orPath_TaxInfo + "/input_reTypeNoticeInvoiceNumber"), notInvNumber): Text '0000000000000' is set on object 'Object Repository/RAD_Pages/TaxInfo_Page/input_reTypeNoticeInvoiceNumber'

2024-01-14 16:20:55 - [MESSAGE][PASSED] - Text '0000000000000' is set on object 'Object Repository/RAD_Pages/TaxInfo_Page/input_reTypeNoticeInvoiceNumber'

2024-01-14 16:20:55 - [TEST_STEP][PASSED] - println(notInvNumber): null

2024-01-14 16:20:55 - [TEST_STEP][PASSED] - if (verifyTextPresent(errorMsg, true)): null

2024-01-14 16:20:56 - [MESSAGE][PASSED] - Text 'Notice Number must be 13 digits in length, with a value greater than zero' is present on page  using regular expression

2024-01-14 16:20:56 - [TEST_STEP][PASSED] - println("Error Message is present on the page"): null

2024-01-14 16:20:56 - [TEST_STEP][PASSED] - out.println("Pass Record Number: " + row): null

2024-01-14 16:20:56 - [TEST_STEP][PASSED] - resText = "Pass": null

2024-01-14 16:20:56 - [TEST_STEP][PASSED] - pages.WriteExcel.demoKey(resText, datText, resColumn, datCloumn, fileLoc, nameSheet, row): pages.WriteExcel.demoKey is PASSED

2024-01-14 16:20:56 - [MESSAGE][PASSED] - pages.WriteExcel.demoKey is PASSED

2024-01-14 16:20:56 - [TEST_STEP][PASSED] - ExecuteTC = findTestData(dataFile).getValue("Execute", row): null

2024-01-14 16:20:56 - [TEST_STEP][PASSED] - Taxtype = findTestData(dataFile).getValue("TaxType", row): null

2024-01-14 16:20:56 - [TEST_STEP][PASSED] - TaxTypeEL = findTestData(dataFile).getValue("TaxTypeEL", row): null

2024-01-14 16:20:56 - [TEST_STEP][PASSED] - notInvNumber = findTestData(dataFile).getValue("NotiInvoNumber", row): null

2024-01-14 16:20:56 - [TEST_STEP][PASSED] - errorMsg = findTestData(dataFile).getValue("ErrorMessage", row): null

2024-01-14 16:20:56 - [TEST_STEP][PASSED] - out.println("Value of Execute is : " + ExecuteTC): null

2024-01-14 16:20:56 - [TEST_STEP][PASSED] - if (ExecuteTC.equalsIgnoreCase("Y")): null

2024-01-14 16:20:56 - [TEST_STEP][PASSED] - out.println("Begin Record Number: " + row): null

2024-01-14 16:20:56 - [TEST_STEP][PASSED] - today = new java.util.Date(): null

2024-01-14 16:20:56 - [TEST_STEP][PASSED] - println(today): null

2024-01-14 16:20:56 - [TEST_STEP][PASSED] - datText = today: null

2024-01-14 16:20:56 - [TEST_STEP][PASSED] - Taxtype = findTestData(dataFile).getValue("TaxType", row): null

2024-01-14 16:20:56 - [TEST_STEP][PASSED] - out.println("Taxtype value is : " + Taxtype): null

2024-01-14 16:20:56 - [TEST_STEP][PASSED] - openBrowser(""): Browser is opened with url: ''

2024-01-14 16:20:56 - [MESSAGE][WARNING] - A browser is already opened. Closing browser and opening a new one

2024-01-14 16:20:57 - [MESSAGE][INFO] - Starting 'Chrome' driver

2024-01-14 16:20:57 - [MESSAGE][INFO] - User set preference: ['acceptInsecureCerts', 'true']

2024-01-14 16:20:57 - [MESSAGE][INFO] - Action delay is set to 0 milliseconds

2024-01-14 16:20:59 - [MESSAGE][PASSED] - Browser is opened with url: ''

2024-01-14 16:20:59 - [TEST_STEP][PASSED] - maximizeWindow(): Current window maximized

2024-01-14 16:20:59 - [MESSAGE][PASSED] - Current window maximized

2024-01-14 16:20:59 - [TEST_STEP][PASSED] - navigateToUrl(RADurl): Navigate to 'https://qa2.velocitypayment.com/client/rad/index.html' successfully

2024-01-14 16:21:00 - [MESSAGE][PASSED] - Navigate to 'https://qa2.velocitypayment.com/client/rad/index.html' successfully

2024-01-14 16:21:00 - [TEST_STEP][PASSED] - orPath_Landing = "Object Repository/RAD_Pages/Landing_Page": null

2024-01-14 16:21:00 - [TEST_STEP][PASSED] - orPath_TaxTypeFilingYear = "Object Repository/RAD_Pages/TaxTypeFilingYear_Page": null

2024-01-14 16:21:00 - [TEST_STEP][PASSED] - orPath_TaxPayer = "Object Repository/RAD_Pages/Taxpayer_Page": null

2024-01-14 16:21:00 - [TEST_STEP][PASSED] - orPath_AddressContact = "Object Repository/RAD_Pages/AddressAndContactInfo_Page": null

2024-01-14 16:21:00 - [TEST_STEP][PASSED] - orPath_FilingStatus = "Object Repository/RAD_Pages/FilingStatus_Page": null

2024-01-14 16:21:00 - [TEST_STEP][PASSED] - orPath_Amount = "Object Repository/RAD_Pages/PaymentAmount_Page": null

2024-01-14 16:21:00 - [TEST_STEP][PASSED] - orPath_TaxInfo = "Object Repository/RAD_Pages/TaxInfo_Page": null

2024-01-14 16:21:00 - [TEST_STEP][PASSED] - orPath_Withholding = "Object Repository/RAD_Pages/Withholding_Page": null

2024-01-14 16:21:00 - [TEST_STEP][PASSED] - orPath_Summary = "Object Repository/RAD_Pages/Summary_Page": null

2024-01-14 16:21:00 - [TEST_STEP][PASSED] - orPath_PaymentReady = "Object Repository/RAD_Pages/PaymentReady_Page": null

2024-01-14 16:21:00 - [TEST_STEP][PASSED] - orPath_PaymentEntry = "Object Repository/RAD_Pages/PaymentEntry_Page": null

2024-01-14 16:21:00 - [TEST_STEP][PASSED] - orPath_PaymentConfirmation = "Object Repository/RAD_Pages/PaymentConfirmation_Page": null

2024-01-14 16:21:00 - [TEST_STEP][PASSED] - orPath_ServiceFeesAccept = "Object Repository/RAD_Pages/ServiceFeeAccept_Page": null

2024-01-14 16:21:00 - [TEST_STEP][PASSED] - selectOptionByLabel(findTestObject(orPath_Landing + "/dd_TaxType"), Taxtype, false): All options with label 'Existing Liability w/Notice Number' are selected in object 'Object Repository/RAD_Pages/Landing_Page/dd_TaxType' 

2024-01-14 16:21:01 - [MESSAGE][PASSED] - All options with label 'Existing Liability w/Notice Number' are selected in object 'Object Repository/RAD_Pages/Landing_Page/dd_TaxType' 

2024-01-14 16:21:01 - [TEST_STEP][PASSED] - delay(1): Delayed 1 second(s)

2024-01-14 16:21:02 - [MESSAGE][PASSED] - Delayed 1 second(s)

2024-01-14 16:21:02 - [TEST_STEP][PASSED] - selectOptionByLabel(findTestObject(orPath_TaxTypeFilingYear + "/select_TaxType_ExistingLiability"), TaxTypeEL, false): All options with label 'PTE Tax Electing S Corp' are selected in object 'Object Repository/RAD_Pages/TaxTypeFilingYear_Page/select_TaxType_ExistingLiability' 

2024-01-14 16:21:03 - [MESSAGE][PASSED] - All options with label 'PTE Tax Electing S Corp' are selected in object 'Object Repository/RAD_Pages/TaxTypeFilingYear_Page/select_TaxType_ExistingLiability' 

2024-01-14 16:21:03 - [TEST_STEP][PASSED] - setText(findTestObject(orPath_TaxInfo + "/input_NoticeInvoiceNumber"), notInvNumber): Text '0000000000000' is set on object 'Object Repository/RAD_Pages/TaxInfo_Page/input_NoticeInvoiceNumber'

2024-01-14 16:21:04 - [MESSAGE][PASSED] - Text '0000000000000' is set on object 'Object Repository/RAD_Pages/TaxInfo_Page/input_NoticeInvoiceNumber'

2024-01-14 16:21:04 - [TEST_STEP][PASSED] - setText(findTestObject(orPath_TaxInfo + "/input_reTypeNoticeInvoiceNumber"), notInvNumber): Text '0000000000000' is set on object 'Object Repository/RAD_Pages/TaxInfo_Page/input_reTypeNoticeInvoiceNumber'

2024-01-14 16:21:05 - [MESSAGE][PASSED] - Text '0000000000000' is set on object 'Object Repository/RAD_Pages/TaxInfo_Page/input_reTypeNoticeInvoiceNumber'

2024-01-14 16:21:05 - [TEST_STEP][PASSED] - println(notInvNumber): null

2024-01-14 16:21:05 - [TEST_STEP][PASSED] - if (verifyTextPresent(errorMsg, true)): null

2024-01-14 16:21:06 - [MESSAGE][PASSED] - Text 'Notice Number must be 13 digits in length, with a value greater than zero' is present on page  using regular expression

2024-01-14 16:21:06 - [TEST_STEP][PASSED] - println("Error Message is present on the page"): null

2024-01-14 16:21:06 - [TEST_STEP][PASSED] - out.println("Pass Record Number: " + row): null

2024-01-14 16:21:06 - [TEST_STEP][PASSED] - resText = "Pass": null

2024-01-14 16:21:06 - [TEST_STEP][PASSED] - pages.WriteExcel.demoKey(resText, datText, resColumn, datCloumn, fileLoc, nameSheet, row): pages.WriteExcel.demoKey is PASSED

2024-01-14 16:21:06 - [MESSAGE][PASSED] - pages.WriteExcel.demoKey is PASSED

2024-01-14 16:21:06 - [TEST_STEP][PASSED] - ExecuteTC = findTestData(dataFile).getValue("Execute", row): null

2024-01-14 16:21:06 - [TEST_STEP][PASSED] - Taxtype = findTestData(dataFile).getValue("TaxType", row): null

2024-01-14 16:21:06 - [TEST_STEP][PASSED] - TaxTypeEL = findTestData(dataFile).getValue("TaxTypeEL", row): null

2024-01-14 16:21:06 - [TEST_STEP][PASSED] - notInvNumber = findTestData(dataFile).getValue("NotiInvoNumber", row): null

2024-01-14 16:21:06 - [TEST_STEP][PASSED] - errorMsg = findTestData(dataFile).getValue("ErrorMessage", row): null

2024-01-14 16:21:06 - [TEST_STEP][PASSED] - out.println("Value of Execute is : " + ExecuteTC): null

2024-01-14 16:21:06 - [TEST_STEP][PASSED] - if (ExecuteTC.equalsIgnoreCase("Y")): null

2024-01-14 16:21:06 - [TEST_STEP][PASSED] - out.println("Begin Record Number: " + row): null

2024-01-14 16:21:06 - [TEST_STEP][PASSED] - today = new java.util.Date(): null

2024-01-14 16:21:06 - [TEST_STEP][PASSED] - println(today): null

2024-01-14 16:21:06 - [TEST_STEP][PASSED] - datText = today: null

2024-01-14 16:21:06 - [TEST_STEP][PASSED] - Taxtype = findTestData(dataFile).getValue("TaxType", row): null

2024-01-14 16:21:06 - [TEST_STEP][PASSED] - out.println("Taxtype value is : " + Taxtype): null

2024-01-14 16:21:06 - [TEST_STEP][PASSED] - openBrowser(""): Browser is opened with url: ''

2024-01-14 16:21:06 - [MESSAGE][WARNING] - A browser is already opened. Closing browser and opening a new one

2024-01-14 16:21:07 - [MESSAGE][INFO] - Starting 'Chrome' driver

2024-01-14 16:21:07 - [MESSAGE][INFO] - User set preference: ['acceptInsecureCerts', 'true']

2024-01-14 16:21:07 - [MESSAGE][INFO] - Action delay is set to 0 milliseconds

2024-01-14 16:21:09 - [MESSAGE][PASSED] - Browser is opened with url: ''

2024-01-14 16:21:09 - [TEST_STEP][PASSED] - maximizeWindow(): Current window maximized

2024-01-14 16:21:09 - [MESSAGE][PASSED] - Current window maximized

2024-01-14 16:21:09 - [TEST_STEP][PASSED] - navigateToUrl(RADurl): Navigate to 'https://qa2.velocitypayment.com/client/rad/index.html' successfully

2024-01-14 16:21:10 - [MESSAGE][PASSED] - Navigate to 'https://qa2.velocitypayment.com/client/rad/index.html' successfully

2024-01-14 16:21:10 - [TEST_STEP][PASSED] - orPath_Landing = "Object Repository/RAD_Pages/Landing_Page": null

2024-01-14 16:21:10 - [TEST_STEP][PASSED] - orPath_TaxTypeFilingYear = "Object Repository/RAD_Pages/TaxTypeFilingYear_Page": null

2024-01-14 16:21:10 - [TEST_STEP][PASSED] - orPath_TaxPayer = "Object Repository/RAD_Pages/Taxpayer_Page": null

2024-01-14 16:21:10 - [TEST_STEP][PASSED] - orPath_AddressContact = "Object Repository/RAD_Pages/AddressAndContactInfo_Page": null

2024-01-14 16:21:10 - [TEST_STEP][PASSED] - orPath_FilingStatus = "Object Repository/RAD_Pages/FilingStatus_Page": null

2024-01-14 16:21:10 - [TEST_STEP][PASSED] - orPath_Amount = "Object Repository/RAD_Pages/PaymentAmount_Page": null

2024-01-14 16:21:10 - [TEST_STEP][PASSED] - orPath_TaxInfo = "Object Repository/RAD_Pages/TaxInfo_Page": null

2024-01-14 16:21:10 - [TEST_STEP][PASSED] - orPath_Withholding = "Object Repository/RAD_Pages/Withholding_Page": null

2024-01-14 16:21:10 - [TEST_STEP][PASSED] - orPath_Summary = "Object Repository/RAD_Pages/Summary_Page": null

2024-01-14 16:21:10 - [TEST_STEP][PASSED] - orPath_PaymentReady = "Object Repository/RAD_Pages/PaymentReady_Page": null

2024-01-14 16:21:10 - [TEST_STEP][PASSED] - orPath_PaymentEntry = "Object Repository/RAD_Pages/PaymentEntry_Page": null

2024-01-14 16:21:10 - [TEST_STEP][PASSED] - orPath_PaymentConfirmation = "Object Repository/RAD_Pages/PaymentConfirmation_Page": null

2024-01-14 16:21:10 - [TEST_STEP][PASSED] - orPath_ServiceFeesAccept = "Object Repository/RAD_Pages/ServiceFeeAccept_Page": null

2024-01-14 16:21:10 - [TEST_STEP][PASSED] - selectOptionByLabel(findTestObject(orPath_Landing + "/dd_TaxType"), Taxtype, false): All options with label 'Existing Liability w/Notice Number' are selected in object 'Object Repository/RAD_Pages/Landing_Page/dd_TaxType' 

2024-01-14 16:21:11 - [MESSAGE][PASSED] - All options with label 'Existing Liability w/Notice Number' are selected in object 'Object Repository/RAD_Pages/Landing_Page/dd_TaxType' 

2024-01-14 16:21:11 - [TEST_STEP][PASSED] - delay(1): Delayed 1 second(s)

2024-01-14 16:21:12 - [MESSAGE][PASSED] - Delayed 1 second(s)

2024-01-14 16:21:12 - [TEST_STEP][PASSED] - selectOptionByLabel(findTestObject(orPath_TaxTypeFilingYear + "/select_TaxType_ExistingLiability"), TaxTypeEL, false): All options with label 'Admissions and Amusement Tax' are selected in object 'Object Repository/RAD_Pages/TaxTypeFilingYear_Page/select_TaxType_ExistingLiability' 

2024-01-14 16:21:12 - [MESSAGE][PASSED] - All options with label 'Admissions and Amusement Tax' are selected in object 'Object Repository/RAD_Pages/TaxTypeFilingYear_Page/select_TaxType_ExistingLiability' 

2024-01-14 16:21:12 - [TEST_STEP][PASSED] - setText(findTestObject(orPath_TaxInfo + "/input_NoticeInvoiceNumber"), notInvNumber): Text '123456789' is set on object 'Object Repository/RAD_Pages/TaxInfo_Page/input_NoticeInvoiceNumber'

2024-01-14 16:21:13 - [MESSAGE][PASSED] - Text '123456789' is set on object 'Object Repository/RAD_Pages/TaxInfo_Page/input_NoticeInvoiceNumber'

2024-01-14 16:21:13 - [TEST_STEP][PASSED] - setText(findTestObject(orPath_TaxInfo + "/input_reTypeNoticeInvoiceNumber"), notInvNumber): Text '123456789' is set on object 'Object Repository/RAD_Pages/TaxInfo_Page/input_reTypeNoticeInvoiceNumber'

2024-01-14 16:21:14 - [MESSAGE][PASSED] - Text '123456789' is set on object 'Object Repository/RAD_Pages/TaxInfo_Page/input_reTypeNoticeInvoiceNumber'

2024-01-14 16:21:14 - [TEST_STEP][PASSED] - println(notInvNumber): null

2024-01-14 16:21:14 - [TEST_STEP][PASSED] - if (verifyTextPresent(errorMsg, true)): null

2024-01-14 16:21:15 - [MESSAGE][PASSED] - Text 'Notice Number must be 13 digits in length, with a value greater than zero' is present on page  using regular expression

2024-01-14 16:21:15 - [TEST_STEP][PASSED] - println("Error Message is present on the page"): null

2024-01-14 16:21:15 - [TEST_STEP][PASSED] - out.println("Pass Record Number: " + row): null

2024-01-14 16:21:15 - [TEST_STEP][PASSED] - resText = "Pass": null

2024-01-14 16:21:15 - [TEST_STEP][PASSED] - pages.WriteExcel.demoKey(resText, datText, resColumn, datCloumn, fileLoc, nameSheet, row): pages.WriteExcel.demoKey is PASSED

2024-01-14 16:21:15 - [MESSAGE][PASSED] - pages.WriteExcel.demoKey is PASSED

2024-01-14 16:21:15 - [TEST_STEP][PASSED] - ExecuteTC = findTestData(dataFile).getValue("Execute", row): null

2024-01-14 16:21:15 - [TEST_STEP][PASSED] - Taxtype = findTestData(dataFile).getValue("TaxType", row): null

2024-01-14 16:21:15 - [TEST_STEP][PASSED] - TaxTypeEL = findTestData(dataFile).getValue("TaxTypeEL", row): null

2024-01-14 16:21:15 - [TEST_STEP][PASSED] - notInvNumber = findTestData(dataFile).getValue("NotiInvoNumber", row): null

2024-01-14 16:21:15 - [TEST_STEP][PASSED] - errorMsg = findTestData(dataFile).getValue("ErrorMessage", row): null

2024-01-14 16:21:15 - [TEST_STEP][PASSED] - out.println("Value of Execute is : " + ExecuteTC): null

2024-01-14 16:21:15 - [TEST_STEP][PASSED] - if (ExecuteTC.equalsIgnoreCase("Y")): null

2024-01-14 16:21:15 - [TEST_STEP][PASSED] - out.println("Begin Record Number: " + row): null

2024-01-14 16:21:15 - [TEST_STEP][PASSED] - today = new java.util.Date(): null

2024-01-14 16:21:15 - [TEST_STEP][PASSED] - println(today): null

2024-01-14 16:21:15 - [TEST_STEP][PASSED] - datText = today: null

2024-01-14 16:21:15 - [TEST_STEP][PASSED] - Taxtype = findTestData(dataFile).getValue("TaxType", row): null

2024-01-14 16:21:15 - [TEST_STEP][PASSED] - out.println("Taxtype value is : " + Taxtype): null

2024-01-14 16:21:15 - [TEST_STEP][PASSED] - openBrowser(""): Browser is opened with url: ''

2024-01-14 16:21:15 - [MESSAGE][WARNING] - A browser is already opened. Closing browser and opening a new one

2024-01-14 16:21:16 - [MESSAGE][INFO] - Starting 'Chrome' driver

2024-01-14 16:21:16 - [MESSAGE][INFO] - User set preference: ['acceptInsecureCerts', 'true']

2024-01-14 16:21:16 - [MESSAGE][INFO] - Action delay is set to 0 milliseconds

2024-01-14 16:21:18 - [MESSAGE][PASSED] - Browser is opened with url: ''

2024-01-14 16:21:18 - [TEST_STEP][PASSED] - maximizeWindow(): Current window maximized

2024-01-14 16:21:18 - [MESSAGE][PASSED] - Current window maximized

2024-01-14 16:21:18 - [TEST_STEP][PASSED] - navigateToUrl(RADurl): Navigate to 'https://qa2.velocitypayment.com/client/rad/index.html' successfully

2024-01-14 16:21:19 - [MESSAGE][PASSED] - Navigate to 'https://qa2.velocitypayment.com/client/rad/index.html' successfully

2024-01-14 16:21:19 - [TEST_STEP][PASSED] - orPath_Landing = "Object Repository/RAD_Pages/Landing_Page": null

2024-01-14 16:21:19 - [TEST_STEP][PASSED] - orPath_TaxTypeFilingYear = "Object Repository/RAD_Pages/TaxTypeFilingYear_Page": null

2024-01-14 16:21:19 - [TEST_STEP][PASSED] - orPath_TaxPayer = "Object Repository/RAD_Pages/Taxpayer_Page": null

2024-01-14 16:21:19 - [TEST_STEP][PASSED] - orPath_AddressContact = "Object Repository/RAD_Pages/AddressAndContactInfo_Page": null

2024-01-14 16:21:19 - [TEST_STEP][PASSED] - orPath_FilingStatus = "Object Repository/RAD_Pages/FilingStatus_Page": null

2024-01-14 16:21:19 - [TEST_STEP][PASSED] - orPath_Amount = "Object Repository/RAD_Pages/PaymentAmount_Page": null

2024-01-14 16:21:19 - [TEST_STEP][PASSED] - orPath_TaxInfo = "Object Repository/RAD_Pages/TaxInfo_Page": null

2024-01-14 16:21:19 - [TEST_STEP][PASSED] - orPath_Withholding = "Object Repository/RAD_Pages/Withholding_Page": null

2024-01-14 16:21:19 - [TEST_STEP][PASSED] - orPath_Summary = "Object Repository/RAD_Pages/Summary_Page": null

2024-01-14 16:21:19 - [TEST_STEP][PASSED] - orPath_PaymentReady = "Object Repository/RAD_Pages/PaymentReady_Page": null

2024-01-14 16:21:19 - [TEST_STEP][PASSED] - orPath_PaymentEntry = "Object Repository/RAD_Pages/PaymentEntry_Page": null

2024-01-14 16:21:19 - [TEST_STEP][PASSED] - orPath_PaymentConfirmation = "Object Repository/RAD_Pages/PaymentConfirmation_Page": null

2024-01-14 16:21:19 - [TEST_STEP][PASSED] - orPath_ServiceFeesAccept = "Object Repository/RAD_Pages/ServiceFeeAccept_Page": null

2024-01-14 16:21:19 - [TEST_STEP][PASSED] - selectOptionByLabel(findTestObject(orPath_Landing + "/dd_TaxType"), Taxtype, false): All options with label 'Existing Liability w/Notice Number' are selected in object 'Object Repository/RAD_Pages/Landing_Page/dd_TaxType' 

2024-01-14 16:21:20 - [MESSAGE][PASSED] - All options with label 'Existing Liability w/Notice Number' are selected in object 'Object Repository/RAD_Pages/Landing_Page/dd_TaxType' 

2024-01-14 16:21:20 - [TEST_STEP][PASSED] - delay(1): Delayed 1 second(s)

2024-01-14 16:21:21 - [MESSAGE][PASSED] - Delayed 1 second(s)

2024-01-14 16:21:21 - [TEST_STEP][PASSED] - selectOptionByLabel(findTestObject(orPath_TaxTypeFilingYear + "/select_TaxType_ExistingLiability"), TaxTypeEL, false): All options with label 'Estate Tax' are selected in object 'Object Repository/RAD_Pages/TaxTypeFilingYear_Page/select_TaxType_ExistingLiability' 

2024-01-14 16:21:22 - [MESSAGE][PASSED] - All options with label 'Estate Tax' are selected in object 'Object Repository/RAD_Pages/TaxTypeFilingYear_Page/select_TaxType_ExistingLiability' 

2024-01-14 16:21:22 - [TEST_STEP][PASSED] - setText(findTestObject(orPath_TaxInfo + "/input_NoticeInvoiceNumber"), notInvNumber): Text '123456789' is set on object 'Object Repository/RAD_Pages/TaxInfo_Page/input_NoticeInvoiceNumber'

2024-01-14 16:21:23 - [MESSAGE][PASSED] - Text '123456789' is set on object 'Object Repository/RAD_Pages/TaxInfo_Page/input_NoticeInvoiceNumber'

2024-01-14 16:21:23 - [TEST_STEP][PASSED] - setText(findTestObject(orPath_TaxInfo + "/input_reTypeNoticeInvoiceNumber"), notInvNumber): Text '123456789' is set on object 'Object Repository/RAD_Pages/TaxInfo_Page/input_reTypeNoticeInvoiceNumber'

2024-01-14 16:21:23 - [MESSAGE][PASSED] - Text '123456789' is set on object 'Object Repository/RAD_Pages/TaxInfo_Page/input_reTypeNoticeInvoiceNumber'

2024-01-14 16:21:23 - [TEST_STEP][PASSED] - println(notInvNumber): null

2024-01-14 16:21:23 - [TEST_STEP][PASSED] - if (verifyTextPresent(errorMsg, true)): null

2024-01-14 16:21:24 - [MESSAGE][PASSED] - Text 'Notice Number must be 13 digits in length, with a value greater than zero' is present on page  using regular expression

2024-01-14 16:21:24 - [TEST_STEP][PASSED] - println("Error Message is present on the page"): null

2024-01-14 16:21:24 - [TEST_STEP][PASSED] - out.println("Pass Record Number: " + row): null

2024-01-14 16:21:24 - [TEST_STEP][PASSED] - resText = "Pass": null

2024-01-14 16:21:24 - [TEST_STEP][PASSED] - pages.WriteExcel.demoKey(resText, datText, resColumn, datCloumn, fileLoc, nameSheet, row): pages.WriteExcel.demoKey is PASSED

2024-01-14 16:21:24 - [MESSAGE][PASSED] - pages.WriteExcel.demoKey is PASSED

2024-01-14 16:21:24 - [TEST_STEP][PASSED] - ExecuteTC = findTestData(dataFile).getValue("Execute", row): null

2024-01-14 16:21:24 - [TEST_STEP][PASSED] - Taxtype = findTestData(dataFile).getValue("TaxType", row): null

2024-01-14 16:21:24 - [TEST_STEP][PASSED] - TaxTypeEL = findTestData(dataFile).getValue("TaxTypeEL", row): null

2024-01-14 16:21:24 - [TEST_STEP][PASSED] - notInvNumber = findTestData(dataFile).getValue("NotiInvoNumber", row): null

2024-01-14 16:21:24 - [TEST_STEP][PASSED] - errorMsg = findTestData(dataFile).getValue("ErrorMessage", row): null

2024-01-14 16:21:24 - [TEST_STEP][PASSED] - out.println("Value of Execute is : " + ExecuteTC): null

2024-01-14 16:21:24 - [TEST_STEP][PASSED] - if (ExecuteTC.equalsIgnoreCase("Y")): null

2024-01-14 16:21:24 - [TEST_STEP][PASSED] - out.println("Begin Record Number: " + row): null

2024-01-14 16:21:24 - [TEST_STEP][PASSED] - today = new java.util.Date(): null

2024-01-14 16:21:24 - [TEST_STEP][PASSED] - println(today): null

2024-01-14 16:21:24 - [TEST_STEP][PASSED] - datText = today: null

2024-01-14 16:21:24 - [TEST_STEP][PASSED] - Taxtype = findTestData(dataFile).getValue("TaxType", row): null

2024-01-14 16:21:24 - [TEST_STEP][PASSED] - out.println("Taxtype value is : " + Taxtype): null

2024-01-14 16:21:24 - [TEST_STEP][PASSED] - openBrowser(""): Browser is opened with url: ''

2024-01-14 16:21:24 - [MESSAGE][WARNING] - A browser is already opened. Closing browser and opening a new one

2024-01-14 16:21:25 - [MESSAGE][INFO] - Starting 'Chrome' driver

2024-01-14 16:21:25 - [MESSAGE][INFO] - User set preference: ['acceptInsecureCerts', 'true']

2024-01-14 16:21:25 - [MESSAGE][INFO] - Action delay is set to 0 milliseconds

2024-01-14 16:21:27 - [MESSAGE][PASSED] - Browser is opened with url: ''

2024-01-14 16:21:27 - [TEST_STEP][PASSED] - maximizeWindow(): Current window maximized

2024-01-14 16:21:27 - [MESSAGE][PASSED] - Current window maximized

2024-01-14 16:21:27 - [TEST_STEP][PASSED] - navigateToUrl(RADurl): Navigate to 'https://qa2.velocitypayment.com/client/rad/index.html' successfully

2024-01-14 16:21:28 - [MESSAGE][PASSED] - Navigate to 'https://qa2.velocitypayment.com/client/rad/index.html' successfully

2024-01-14 16:21:28 - [TEST_STEP][PASSED] - orPath_Landing = "Object Repository/RAD_Pages/Landing_Page": null

2024-01-14 16:21:28 - [TEST_STEP][PASSED] - orPath_TaxTypeFilingYear = "Object Repository/RAD_Pages/TaxTypeFilingYear_Page": null

2024-01-14 16:21:28 - [TEST_STEP][PASSED] - orPath_TaxPayer = "Object Repository/RAD_Pages/Taxpayer_Page": null

2024-01-14 16:21:28 - [TEST_STEP][PASSED] - orPath_AddressContact = "Object Repository/RAD_Pages/AddressAndContactInfo_Page": null

2024-01-14 16:21:28 - [TEST_STEP][PASSED] - orPath_FilingStatus = "Object Repository/RAD_Pages/FilingStatus_Page": null

2024-01-14 16:21:28 - [TEST_STEP][PASSED] - orPath_Amount = "Object Repository/RAD_Pages/PaymentAmount_Page": null

2024-01-14 16:21:28 - [TEST_STEP][PASSED] - orPath_TaxInfo = "Object Repository/RAD_Pages/TaxInfo_Page": null

2024-01-14 16:21:28 - [TEST_STEP][PASSED] - orPath_Withholding = "Object Repository/RAD_Pages/Withholding_Page": null

2024-01-14 16:21:28 - [TEST_STEP][PASSED] - orPath_Summary = "Object Repository/RAD_Pages/Summary_Page": null

2024-01-14 16:21:28 - [TEST_STEP][PASSED] - orPath_PaymentReady = "Object Repository/RAD_Pages/PaymentReady_Page": null

2024-01-14 16:21:28 - [TEST_STEP][PASSED] - orPath_PaymentEntry = "Object Repository/RAD_Pages/PaymentEntry_Page": null

2024-01-14 16:21:28 - [TEST_STEP][PASSED] - orPath_PaymentConfirmation = "Object Repository/RAD_Pages/PaymentConfirmation_Page": null

2024-01-14 16:21:28 - [TEST_STEP][PASSED] - orPath_ServiceFeesAccept = "Object Repository/RAD_Pages/ServiceFeeAccept_Page": null

2024-01-14 16:21:28 - [TEST_STEP][PASSED] - selectOptionByLabel(findTestObject(orPath_Landing + "/dd_TaxType"), Taxtype, false): All options with label 'Existing Liability w/Notice Number' are selected in object 'Object Repository/RAD_Pages/Landing_Page/dd_TaxType' 

2024-01-14 16:21:29 - [MESSAGE][PASSED] - All options with label 'Existing Liability w/Notice Number' are selected in object 'Object Repository/RAD_Pages/Landing_Page/dd_TaxType' 

2024-01-14 16:21:29 - [TEST_STEP][PASSED] - delay(1): Delayed 1 second(s)

2024-01-14 16:21:30 - [MESSAGE][PASSED] - Delayed 1 second(s)

2024-01-14 16:21:30 - [TEST_STEP][PASSED] - selectOptionByLabel(findTestObject(orPath_TaxTypeFilingYear + "/select_TaxType_ExistingLiability"), TaxTypeEL, false): All options with label 'Motor Fuel Tax' are selected in object 'Object Repository/RAD_Pages/TaxTypeFilingYear_Page/select_TaxType_ExistingLiability' 

2024-01-14 16:21:31 - [MESSAGE][PASSED] - All options with label 'Motor Fuel Tax' are selected in object 'Object Repository/RAD_Pages/TaxTypeFilingYear_Page/select_TaxType_ExistingLiability' 

2024-01-14 16:21:31 - [TEST_STEP][PASSED] - setText(findTestObject(orPath_TaxInfo + "/input_NoticeInvoiceNumber"), notInvNumber): Text '123456789' is set on object 'Object Repository/RAD_Pages/TaxInfo_Page/input_NoticeInvoiceNumber'

2024-01-14 16:21:32 - [MESSAGE][PASSED] - Text '123456789' is set on object 'Object Repository/RAD_Pages/TaxInfo_Page/input_NoticeInvoiceNumber'

2024-01-14 16:21:32 - [TEST_STEP][PASSED] - setText(findTestObject(orPath_TaxInfo + "/input_reTypeNoticeInvoiceNumber"), notInvNumber): Text '123456789' is set on object 'Object Repository/RAD_Pages/TaxInfo_Page/input_reTypeNoticeInvoiceNumber'

2024-01-14 16:21:32 - [MESSAGE][PASSED] - Text '123456789' is set on object 'Object Repository/RAD_Pages/TaxInfo_Page/input_reTypeNoticeInvoiceNumber'

2024-01-14 16:21:32 - [TEST_STEP][PASSED] - println(notInvNumber): null

2024-01-14 16:21:32 - [TEST_STEP][PASSED] - if (verifyTextPresent(errorMsg, true)): null

2024-01-14 16:21:33 - [MESSAGE][PASSED] - Text 'Notice Number must be 13 digits in length, with a value greater than zero' is present on page  using regular expression

2024-01-14 16:21:33 - [TEST_STEP][PASSED] - println("Error Message is present on the page"): null

2024-01-14 16:21:33 - [TEST_STEP][PASSED] - out.println("Pass Record Number: " + row): null

2024-01-14 16:21:33 - [TEST_STEP][PASSED] - resText = "Pass": null

2024-01-14 16:21:33 - [TEST_STEP][PASSED] - pages.WriteExcel.demoKey(resText, datText, resColumn, datCloumn, fileLoc, nameSheet, row): pages.WriteExcel.demoKey is PASSED

2024-01-14 16:21:33 - [MESSAGE][PASSED] - pages.WriteExcel.demoKey is PASSED

2024-01-14 16:21:33 - [TEST_STEP][PASSED] - ExecuteTC = findTestData(dataFile).getValue("Execute", row): null

2024-01-14 16:21:33 - [TEST_STEP][PASSED] - Taxtype = findTestData(dataFile).getValue("TaxType", row): null

2024-01-14 16:21:33 - [TEST_STEP][PASSED] - TaxTypeEL = findTestData(dataFile).getValue("TaxTypeEL", row): null

2024-01-14 16:21:33 - [TEST_STEP][PASSED] - notInvNumber = findTestData(dataFile).getValue("NotiInvoNumber", row): null

2024-01-14 16:21:33 - [TEST_STEP][PASSED] - errorMsg = findTestData(dataFile).getValue("ErrorMessage", row): null

2024-01-14 16:21:33 - [TEST_STEP][PASSED] - out.println("Value of Execute is : " + ExecuteTC): null

2024-01-14 16:21:33 - [TEST_STEP][PASSED] - if (ExecuteTC.equalsIgnoreCase("Y")): null

2024-01-14 16:21:33 - [TEST_STEP][PASSED] - out.println("Begin Record Number: " + row): null

2024-01-14 16:21:33 - [TEST_STEP][PASSED] - today = new java.util.Date(): null

2024-01-14 16:21:33 - [TEST_STEP][PASSED] - println(today): null

2024-01-14 16:21:33 - [TEST_STEP][PASSED] - datText = today: null

2024-01-14 16:21:33 - [TEST_STEP][PASSED] - Taxtype = findTestData(dataFile).getValue("TaxType", row): null

2024-01-14 16:21:33 - [TEST_STEP][PASSED] - out.println("Taxtype value is : " + Taxtype): null

2024-01-14 16:21:33 - [TEST_STEP][PASSED] - openBrowser(""): Browser is opened with url: ''

2024-01-14 16:21:33 - [MESSAGE][WARNING] - A browser is already opened. Closing browser and opening a new one

2024-01-14 16:21:34 - [MESSAGE][INFO] - Starting 'Chrome' driver

2024-01-14 16:21:34 - [MESSAGE][INFO] - User set preference: ['acceptInsecureCerts', 'true']

2024-01-14 16:21:34 - [MESSAGE][INFO] - Action delay is set to 0 milliseconds

2024-01-14 16:21:36 - [MESSAGE][PASSED] - Browser is opened with url: ''

2024-01-14 16:21:36 - [TEST_STEP][PASSED] - maximizeWindow(): Current window maximized

2024-01-14 16:21:36 - [MESSAGE][PASSED] - Current window maximized

2024-01-14 16:21:36 - [TEST_STEP][PASSED] - navigateToUrl(RADurl): Navigate to 'https://qa2.velocitypayment.com/client/rad/index.html' successfully

2024-01-14 16:21:36 - [MESSAGE][PASSED] - Navigate to 'https://qa2.velocitypayment.com/client/rad/index.html' successfully

2024-01-14 16:21:36 - [TEST_STEP][PASSED] - orPath_Landing = "Object Repository/RAD_Pages/Landing_Page": null

2024-01-14 16:21:36 - [TEST_STEP][PASSED] - orPath_TaxTypeFilingYear = "Object Repository/RAD_Pages/TaxTypeFilingYear_Page": null

2024-01-14 16:21:36 - [TEST_STEP][PASSED] - orPath_TaxPayer = "Object Repository/RAD_Pages/Taxpayer_Page": null

2024-01-14 16:21:36 - [TEST_STEP][PASSED] - orPath_AddressContact = "Object Repository/RAD_Pages/AddressAndContactInfo_Page": null

2024-01-14 16:21:36 - [TEST_STEP][PASSED] - orPath_FilingStatus = "Object Repository/RAD_Pages/FilingStatus_Page": null

2024-01-14 16:21:36 - [TEST_STEP][PASSED] - orPath_Amount = "Object Repository/RAD_Pages/PaymentAmount_Page": null

2024-01-14 16:21:36 - [TEST_STEP][PASSED] - orPath_TaxInfo = "Object Repository/RAD_Pages/TaxInfo_Page": null

2024-01-14 16:21:36 - [TEST_STEP][PASSED] - orPath_Withholding = "Object Repository/RAD_Pages/Withholding_Page": null

2024-01-14 16:21:36 - [TEST_STEP][PASSED] - orPath_Summary = "Object Repository/RAD_Pages/Summary_Page": null

2024-01-14 16:21:36 - [TEST_STEP][PASSED] - orPath_PaymentReady = "Object Repository/RAD_Pages/PaymentReady_Page": null

2024-01-14 16:21:36 - [TEST_STEP][PASSED] - orPath_PaymentEntry = "Object Repository/RAD_Pages/PaymentEntry_Page": null

2024-01-14 16:21:36 - [TEST_STEP][PASSED] - orPath_PaymentConfirmation = "Object Repository/RAD_Pages/PaymentConfirmation_Page": null

2024-01-14 16:21:36 - [TEST_STEP][PASSED] - orPath_ServiceFeesAccept = "Object Repository/RAD_Pages/ServiceFeeAccept_Page": null

2024-01-14 16:21:36 - [TEST_STEP][PASSED] - selectOptionByLabel(findTestObject(orPath_Landing + "/dd_TaxType"), Taxtype, false): All options with label 'Existing Liability w/Notice Number' are selected in object 'Object Repository/RAD_Pages/Landing_Page/dd_TaxType' 

2024-01-14 16:21:38 - [MESSAGE][PASSED] - All options with label 'Existing Liability w/Notice Number' are selected in object 'Object Repository/RAD_Pages/Landing_Page/dd_TaxType' 

2024-01-14 16:21:38 - [TEST_STEP][PASSED] - delay(1): Delayed 1 second(s)

2024-01-14 16:21:39 - [MESSAGE][PASSED] - Delayed 1 second(s)

2024-01-14 16:21:39 - [TEST_STEP][PASSED] - selectOptionByLabel(findTestObject(orPath_TaxTypeFilingYear + "/select_TaxType_ExistingLiability"), TaxTypeEL, false): All options with label 'Slots License Fee' are selected in object 'Object Repository/RAD_Pages/TaxTypeFilingYear_Page/select_TaxType_ExistingLiability' 

2024-01-14 16:21:40 - [MESSAGE][PASSED] - All options with label 'Slots License Fee' are selected in object 'Object Repository/RAD_Pages/TaxTypeFilingYear_Page/select_TaxType_ExistingLiability' 

2024-01-14 16:21:40 - [TEST_STEP][PASSED] - setText(findTestObject(orPath_TaxInfo + "/input_NoticeInvoiceNumber"), notInvNumber): Text '123456789' is set on object 'Object Repository/RAD_Pages/TaxInfo_Page/input_NoticeInvoiceNumber'

2024-01-14 16:21:41 - [MESSAGE][PASSED] - Text '123456789' is set on object 'Object Repository/RAD_Pages/TaxInfo_Page/input_NoticeInvoiceNumber'

2024-01-14 16:21:41 - [TEST_STEP][PASSED] - setText(findTestObject(orPath_TaxInfo + "/input_reTypeNoticeInvoiceNumber"), notInvNumber): Text '123456789' is set on object 'Object Repository/RAD_Pages/TaxInfo_Page/input_reTypeNoticeInvoiceNumber'

2024-01-14 16:21:41 - [MESSAGE][PASSED] - Text '123456789' is set on object 'Object Repository/RAD_Pages/TaxInfo_Page/input_reTypeNoticeInvoiceNumber'

2024-01-14 16:21:41 - [TEST_STEP][PASSED] - println(notInvNumber): null

2024-01-14 16:21:41 - [TEST_STEP][PASSED] - if (verifyTextPresent(errorMsg, true)): null

2024-01-14 16:21:42 - [MESSAGE][PASSED] - Text 'Notice Number must be 13 digits in length, with a value greater than zero' is present on page  using regular expression

2024-01-14 16:21:42 - [TEST_STEP][PASSED] - println("Error Message is present on the page"): null

2024-01-14 16:21:42 - [TEST_STEP][PASSED] - out.println("Pass Record Number: " + row): null

2024-01-14 16:21:42 - [TEST_STEP][PASSED] - resText = "Pass": null

2024-01-14 16:21:42 - [TEST_STEP][PASSED] - pages.WriteExcel.demoKey(resText, datText, resColumn, datCloumn, fileLoc, nameSheet, row): pages.WriteExcel.demoKey is PASSED

2024-01-14 16:21:42 - [MESSAGE][PASSED] - pages.WriteExcel.demoKey is PASSED

2024-01-14 16:21:42 - [TEST_STEP][PASSED] - ExecuteTC = findTestData(dataFile).getValue("Execute", row): null

2024-01-14 16:21:42 - [TEST_STEP][PASSED] - Taxtype = findTestData(dataFile).getValue("TaxType", row): null

2024-01-14 16:21:42 - [TEST_STEP][PASSED] - TaxTypeEL = findTestData(dataFile).getValue("TaxTypeEL", row): null

2024-01-14 16:21:42 - [TEST_STEP][PASSED] - notInvNumber = findTestData(dataFile).getValue("NotiInvoNumber", row): null

2024-01-14 16:21:42 - [TEST_STEP][PASSED] - errorMsg = findTestData(dataFile).getValue("ErrorMessage", row): null

2024-01-14 16:21:42 - [TEST_STEP][PASSED] - out.println("Value of Execute is : " + ExecuteTC): null

2024-01-14 16:21:42 - [TEST_STEP][PASSED] - if (ExecuteTC.equalsIgnoreCase("Y")): null

2024-01-14 16:21:42 - [TEST_STEP][PASSED] - out.println("Begin Record Number: " + row): null

2024-01-14 16:21:42 - [TEST_STEP][PASSED] - today = new java.util.Date(): null

2024-01-14 16:21:42 - [TEST_STEP][PASSED] - println(today): null

2024-01-14 16:21:42 - [TEST_STEP][PASSED] - datText = today: null

2024-01-14 16:21:42 - [TEST_STEP][PASSED] - Taxtype = findTestData(dataFile).getValue("TaxType", row): null

2024-01-14 16:21:42 - [TEST_STEP][PASSED] - out.println("Taxtype value is : " + Taxtype): null

2024-01-14 16:21:42 - [TEST_STEP][PASSED] - openBrowser(""): Browser is opened with url: ''

2024-01-14 16:21:42 - [MESSAGE][WARNING] - A browser is already opened. Closing browser and opening a new one

2024-01-14 16:21:43 - [MESSAGE][INFO] - Starting 'Chrome' driver

2024-01-14 16:21:43 - [MESSAGE][INFO] - User set preference: ['acceptInsecureCerts', 'true']

2024-01-14 16:21:43 - [MESSAGE][INFO] - Action delay is set to 0 milliseconds

2024-01-14 16:21:45 - [MESSAGE][PASSED] - Browser is opened with url: ''

2024-01-14 16:21:45 - [TEST_STEP][PASSED] - maximizeWindow(): Current window maximized

2024-01-14 16:21:45 - [MESSAGE][PASSED] - Current window maximized

2024-01-14 16:21:45 - [TEST_STEP][PASSED] - navigateToUrl(RADurl): Navigate to 'https://qa2.velocitypayment.com/client/rad/index.html' successfully

2024-01-14 16:21:46 - [MESSAGE][PASSED] - Navigate to 'https://qa2.velocitypayment.com/client/rad/index.html' successfully

2024-01-14 16:21:46 - [TEST_STEP][PASSED] - orPath_Landing = "Object Repository/RAD_Pages/Landing_Page": null

2024-01-14 16:21:46 - [TEST_STEP][PASSED] - orPath_TaxTypeFilingYear = "Object Repository/RAD_Pages/TaxTypeFilingYear_Page": null

2024-01-14 16:21:46 - [TEST_STEP][PASSED] - orPath_TaxPayer = "Object Repository/RAD_Pages/Taxpayer_Page": null

2024-01-14 16:21:46 - [TEST_STEP][PASSED] - orPath_AddressContact = "Object Repository/RAD_Pages/AddressAndContactInfo_Page": null

2024-01-14 16:21:46 - [TEST_STEP][PASSED] - orPath_FilingStatus = "Object Repository/RAD_Pages/FilingStatus_Page": null

2024-01-14 16:21:46 - [TEST_STEP][PASSED] - orPath_Amount = "Object Repository/RAD_Pages/PaymentAmount_Page": null

2024-01-14 16:21:46 - [TEST_STEP][PASSED] - orPath_TaxInfo = "Object Repository/RAD_Pages/TaxInfo_Page": null

2024-01-14 16:21:46 - [TEST_STEP][PASSED] - orPath_Withholding = "Object Repository/RAD_Pages/Withholding_Page": null

2024-01-14 16:21:46 - [TEST_STEP][PASSED] - orPath_Summary = "Object Repository/RAD_Pages/Summary_Page": null

2024-01-14 16:21:46 - [TEST_STEP][PASSED] - orPath_PaymentReady = "Object Repository/RAD_Pages/PaymentReady_Page": null

2024-01-14 16:21:46 - [TEST_STEP][PASSED] - orPath_PaymentEntry = "Object Repository/RAD_Pages/PaymentEntry_Page": null

2024-01-14 16:21:46 - [TEST_STEP][PASSED] - orPath_PaymentConfirmation = "Object Repository/RAD_Pages/PaymentConfirmation_Page": null

2024-01-14 16:21:46 - [TEST_STEP][PASSED] - orPath_ServiceFeesAccept = "Object Repository/RAD_Pages/ServiceFeeAccept_Page": null

2024-01-14 16:21:46 - [TEST_STEP][PASSED] - selectOptionByLabel(findTestObject(orPath_Landing + "/dd_TaxType"), Taxtype, false): All options with label 'Existing Liability w/Notice Number' are selected in object 'Object Repository/RAD_Pages/Landing_Page/dd_TaxType' 

2024-01-14 16:21:47 - [MESSAGE][PASSED] - All options with label 'Existing Liability w/Notice Number' are selected in object 'Object Repository/RAD_Pages/Landing_Page/dd_TaxType' 

2024-01-14 16:21:47 - [TEST_STEP][PASSED] - delay(1): Delayed 1 second(s)

2024-01-14 16:21:48 - [MESSAGE][PASSED] - Delayed 1 second(s)

2024-01-14 16:21:48 - [TEST_STEP][PASSED] - selectOptionByLabel(findTestObject(orPath_TaxTypeFilingYear + "/select_TaxType_ExistingLiability"), TaxTypeEL, false): All options with label 'Tobacco Tax' are selected in object 'Object Repository/RAD_Pages/TaxTypeFilingYear_Page/select_TaxType_ExistingLiability' 

2024-01-14 16:21:49 - [MESSAGE][PASSED] - All options with label 'Tobacco Tax' are selected in object 'Object Repository/RAD_Pages/TaxTypeFilingYear_Page/select_TaxType_ExistingLiability' 

2024-01-14 16:21:49 - [TEST_STEP][PASSED] - setText(findTestObject(orPath_TaxInfo + "/input_NoticeInvoiceNumber"), notInvNumber): Text '123456789' is set on object 'Object Repository/RAD_Pages/TaxInfo_Page/input_NoticeInvoiceNumber'

2024-01-14 16:21:50 - [MESSAGE][PASSED] - Text '123456789' is set on object 'Object Repository/RAD_Pages/TaxInfo_Page/input_NoticeInvoiceNumber'

2024-01-14 16:21:50 - [TEST_STEP][PASSED] - setText(findTestObject(orPath_TaxInfo + "/input_reTypeNoticeInvoiceNumber"), notInvNumber): Text '123456789' is set on object 'Object Repository/RAD_Pages/TaxInfo_Page/input_reTypeNoticeInvoiceNumber'

2024-01-14 16:21:50 - [MESSAGE][PASSED] - Text '123456789' is set on object 'Object Repository/RAD_Pages/TaxInfo_Page/input_reTypeNoticeInvoiceNumber'

2024-01-14 16:21:50 - [TEST_STEP][PASSED] - println(notInvNumber): null

2024-01-14 16:21:50 - [TEST_STEP][PASSED] - if (verifyTextPresent(errorMsg, true)): null

2024-01-14 16:21:51 - [MESSAGE][PASSED] - Text 'Notice Number must be 13 digits in length, with a value greater than zero' is present on page  using regular expression

2024-01-14 16:21:51 - [TEST_STEP][PASSED] - println("Error Message is present on the page"): null

2024-01-14 16:21:51 - [TEST_STEP][PASSED] - out.println("Pass Record Number: " + row): null

2024-01-14 16:21:51 - [TEST_STEP][PASSED] - resText = "Pass": null

2024-01-14 16:21:51 - [TEST_STEP][PASSED] - pages.WriteExcel.demoKey(resText, datText, resColumn, datCloumn, fileLoc, nameSheet, row): pages.WriteExcel.demoKey is PASSED

2024-01-14 16:21:51 - [MESSAGE][PASSED] - pages.WriteExcel.demoKey is PASSED

2024-01-14 16:21:51 - [TEST_STEP][PASSED] - ExecuteTC = findTestData(dataFile).getValue("Execute", row): null

2024-01-14 16:21:51 - [TEST_STEP][PASSED] - Taxtype = findTestData(dataFile).getValue("TaxType", row): null

2024-01-14 16:21:51 - [TEST_STEP][PASSED] - TaxTypeEL = findTestData(dataFile).getValue("TaxTypeEL", row): null

2024-01-14 16:21:51 - [TEST_STEP][PASSED] - notInvNumber = findTestData(dataFile).getValue("NotiInvoNumber", row): null

2024-01-14 16:21:51 - [TEST_STEP][PASSED] - errorMsg = findTestData(dataFile).getValue("ErrorMessage", row): null

2024-01-14 16:21:51 - [TEST_STEP][PASSED] - out.println("Value of Execute is : " + ExecuteTC): null

2024-01-14 16:21:51 - [TEST_STEP][PASSED] - if (ExecuteTC.equalsIgnoreCase("Y")): null

2024-01-14 16:21:51 - [TEST_STEP][PASSED] - out.println("Begin Record Number: " + row): null

2024-01-14 16:21:51 - [TEST_STEP][PASSED] - today = new java.util.Date(): null

2024-01-14 16:21:51 - [TEST_STEP][PASSED] - println(today): null

2024-01-14 16:21:51 - [TEST_STEP][PASSED] - datText = today: null

2024-01-14 16:21:51 - [TEST_STEP][PASSED] - Taxtype = findTestData(dataFile).getValue("TaxType", row): null

2024-01-14 16:21:51 - [TEST_STEP][PASSED] - out.println("Taxtype value is : " + Taxtype): null

2024-01-14 16:21:51 - [TEST_STEP][PASSED] - openBrowser(""): Browser is opened with url: ''

2024-01-14 16:21:51 - [MESSAGE][WARNING] - A browser is already opened. Closing browser and opening a new one

2024-01-14 16:21:52 - [MESSAGE][INFO] - Starting 'Chrome' driver

2024-01-14 16:21:52 - [MESSAGE][INFO] - User set preference: ['acceptInsecureCerts', 'true']

2024-01-14 16:21:52 - [MESSAGE][INFO] - Action delay is set to 0 milliseconds

2024-01-14 16:21:54 - [MESSAGE][PASSED] - Browser is opened with url: ''

2024-01-14 16:21:54 - [TEST_STEP][PASSED] - maximizeWindow(): Current window maximized

2024-01-14 16:21:54 - [MESSAGE][PASSED] - Current window maximized

2024-01-14 16:21:54 - [TEST_STEP][PASSED] - navigateToUrl(RADurl): Navigate to 'https://qa2.velocitypayment.com/client/rad/index.html' successfully

2024-01-14 16:21:55 - [MESSAGE][PASSED] - Navigate to 'https://qa2.velocitypayment.com/client/rad/index.html' successfully

2024-01-14 16:21:55 - [TEST_STEP][PASSED] - orPath_Landing = "Object Repository/RAD_Pages/Landing_Page": null

2024-01-14 16:21:55 - [TEST_STEP][PASSED] - orPath_TaxTypeFilingYear = "Object Repository/RAD_Pages/TaxTypeFilingYear_Page": null

2024-01-14 16:21:55 - [TEST_STEP][PASSED] - orPath_TaxPayer = "Object Repository/RAD_Pages/Taxpayer_Page": null

2024-01-14 16:21:55 - [TEST_STEP][PASSED] - orPath_AddressContact = "Object Repository/RAD_Pages/AddressAndContactInfo_Page": null

2024-01-14 16:21:55 - [TEST_STEP][PASSED] - orPath_FilingStatus = "Object Repository/RAD_Pages/FilingStatus_Page": null

2024-01-14 16:21:55 - [TEST_STEP][PASSED] - orPath_Amount = "Object Repository/RAD_Pages/PaymentAmount_Page": null

2024-01-14 16:21:55 - [TEST_STEP][PASSED] - orPath_TaxInfo = "Object Repository/RAD_Pages/TaxInfo_Page": null

2024-01-14 16:21:55 - [TEST_STEP][PASSED] - orPath_Withholding = "Object Repository/RAD_Pages/Withholding_Page": null

2024-01-14 16:21:55 - [TEST_STEP][PASSED] - orPath_Summary = "Object Repository/RAD_Pages/Summary_Page": null

2024-01-14 16:21:55 - [TEST_STEP][PASSED] - orPath_PaymentReady = "Object Repository/RAD_Pages/PaymentReady_Page": null

2024-01-14 16:21:55 - [TEST_STEP][PASSED] - orPath_PaymentEntry = "Object Repository/RAD_Pages/PaymentEntry_Page": null

2024-01-14 16:21:55 - [TEST_STEP][PASSED] - orPath_PaymentConfirmation = "Object Repository/RAD_Pages/PaymentConfirmation_Page": null

2024-01-14 16:21:55 - [TEST_STEP][PASSED] - orPath_ServiceFeesAccept = "Object Repository/RAD_Pages/ServiceFeeAccept_Page": null

2024-01-14 16:21:55 - [TEST_STEP][PASSED] - selectOptionByLabel(findTestObject(orPath_Landing + "/dd_TaxType"), Taxtype, false): All options with label 'Existing Liability w/Notice Number' are selected in object 'Object Repository/RAD_Pages/Landing_Page/dd_TaxType' 

2024-01-14 16:21:56 - [MESSAGE][PASSED] - All options with label 'Existing Liability w/Notice Number' are selected in object 'Object Repository/RAD_Pages/Landing_Page/dd_TaxType' 

2024-01-14 16:21:56 - [TEST_STEP][PASSED] - delay(1): Delayed 1 second(s)

2024-01-14 16:21:57 - [MESSAGE][PASSED] - Delayed 1 second(s)

2024-01-14 16:21:57 - [TEST_STEP][PASSED] - selectOptionByLabel(findTestObject(orPath_TaxTypeFilingYear + "/select_TaxType_ExistingLiability"), TaxTypeEL, false): All options with label 'Transportation Network Services' are selected in object 'Object Repository/RAD_Pages/TaxTypeFilingYear_Page/select_TaxType_ExistingLiability' 

2024-01-14 16:21:58 - [MESSAGE][PASSED] - All options with label 'Transportation Network Services' are selected in object 'Object Repository/RAD_Pages/TaxTypeFilingYear_Page/select_TaxType_ExistingLiability' 

2024-01-14 16:21:58 - [TEST_STEP][PASSED] - setText(findTestObject(orPath_TaxInfo + "/input_NoticeInvoiceNumber"), notInvNumber): Text '123456789' is set on object 'Object Repository/RAD_Pages/TaxInfo_Page/input_NoticeInvoiceNumber'

2024-01-14 16:21:59 - [MESSAGE][PASSED] - Text '123456789' is set on object 'Object Repository/RAD_Pages/TaxInfo_Page/input_NoticeInvoiceNumber'

2024-01-14 16:21:59 - [TEST_STEP][PASSED] - setText(findTestObject(orPath_TaxInfo + "/input_reTypeNoticeInvoiceNumber"), notInvNumber): Text '123456789' is set on object 'Object Repository/RAD_Pages/TaxInfo_Page/input_reTypeNoticeInvoiceNumber'

2024-01-14 16:22:00 - [MESSAGE][PASSED] - Text '123456789' is set on object 'Object Repository/RAD_Pages/TaxInfo_Page/input_reTypeNoticeInvoiceNumber'

2024-01-14 16:22:00 - [TEST_STEP][PASSED] - println(notInvNumber): null

2024-01-14 16:22:00 - [TEST_STEP][PASSED] - if (verifyTextPresent(errorMsg, true)): null

2024-01-14 16:22:00 - [MESSAGE][PASSED] - Text 'Notice Number must be 13 digits in length, with a value greater than zero' is present on page  using regular expression

2024-01-14 16:22:00 - [TEST_STEP][PASSED] - println("Error Message is present on the page"): null

2024-01-14 16:22:00 - [TEST_STEP][PASSED] - out.println("Pass Record Number: " + row): null

2024-01-14 16:22:00 - [TEST_STEP][PASSED] - resText = "Pass": null

2024-01-14 16:22:00 - [TEST_STEP][PASSED] - pages.WriteExcel.demoKey(resText, datText, resColumn, datCloumn, fileLoc, nameSheet, row): pages.WriteExcel.demoKey is PASSED

2024-01-14 16:22:00 - [MESSAGE][PASSED] - pages.WriteExcel.demoKey is PASSED

2024-01-14 16:22:00 - [TEST_STEP][PASSED] - ExecuteTC = findTestData(dataFile).getValue("Execute", row): null

2024-01-14 16:22:00 - [TEST_STEP][PASSED] - Taxtype = findTestData(dataFile).getValue("TaxType", row): null

2024-01-14 16:22:00 - [TEST_STEP][PASSED] - TaxTypeEL = findTestData(dataFile).getValue("TaxTypeEL", row): null

2024-01-14 16:22:00 - [TEST_STEP][PASSED] - notInvNumber = findTestData(dataFile).getValue("NotiInvoNumber", row): null

2024-01-14 16:22:00 - [TEST_STEP][PASSED] - errorMsg = findTestData(dataFile).getValue("ErrorMessage", row): null

2024-01-14 16:22:00 - [TEST_STEP][PASSED] - out.println("Value of Execute is : " + ExecuteTC): null

2024-01-14 16:22:00 - [TEST_STEP][PASSED] - if (ExecuteTC.equalsIgnoreCase("Y")): null

2024-01-14 16:22:00 - [TEST_STEP][PASSED] - out.println("Begin Record Number: " + row): null

2024-01-14 16:22:00 - [TEST_STEP][PASSED] - today = new java.util.Date(): null

2024-01-14 16:22:00 - [TEST_STEP][PASSED] - println(today): null

2024-01-14 16:22:00 - [TEST_STEP][PASSED] - datText = today: null

2024-01-14 16:22:00 - [TEST_STEP][PASSED] - Taxtype = findTestData(dataFile).getValue("TaxType", row): null

2024-01-14 16:22:00 - [TEST_STEP][PASSED] - out.println("Taxtype value is : " + Taxtype): null

2024-01-14 16:22:00 - [TEST_STEP][PASSED] - openBrowser(""): Browser is opened with url: ''

2024-01-14 16:22:00 - [MESSAGE][WARNING] - A browser is already opened. Closing browser and opening a new one

2024-01-14 16:22:03 - [MESSAGE][INFO] - Starting 'Chrome' driver

2024-01-14 16:22:03 - [MESSAGE][INFO] - User set preference: ['acceptInsecureCerts', 'true']

2024-01-14 16:22:03 - [MESSAGE][INFO] - Action delay is set to 0 milliseconds

2024-01-14 16:22:04 - [MESSAGE][PASSED] - Browser is opened with url: ''

2024-01-14 16:22:04 - [TEST_STEP][PASSED] - maximizeWindow(): Current window maximized

2024-01-14 16:22:04 - [MESSAGE][PASSED] - Current window maximized

2024-01-14 16:22:04 - [TEST_STEP][PASSED] - navigateToUrl(RADurl): Navigate to 'https://qa2.velocitypayment.com/client/rad/index.html' successfully

2024-01-14 16:22:06 - [MESSAGE][PASSED] - Navigate to 'https://qa2.velocitypayment.com/client/rad/index.html' successfully

2024-01-14 16:22:06 - [TEST_STEP][PASSED] - orPath_Landing = "Object Repository/RAD_Pages/Landing_Page": null

2024-01-14 16:22:06 - [TEST_STEP][PASSED] - orPath_TaxTypeFilingYear = "Object Repository/RAD_Pages/TaxTypeFilingYear_Page": null

2024-01-14 16:22:06 - [TEST_STEP][PASSED] - orPath_TaxPayer = "Object Repository/RAD_Pages/Taxpayer_Page": null

2024-01-14 16:22:06 - [TEST_STEP][PASSED] - orPath_AddressContact = "Object Repository/RAD_Pages/AddressAndContactInfo_Page": null

2024-01-14 16:22:06 - [TEST_STEP][PASSED] - orPath_FilingStatus = "Object Repository/RAD_Pages/FilingStatus_Page": null

2024-01-14 16:22:06 - [TEST_STEP][PASSED] - orPath_Amount = "Object Repository/RAD_Pages/PaymentAmount_Page": null

2024-01-14 16:22:06 - [TEST_STEP][PASSED] - orPath_TaxInfo = "Object Repository/RAD_Pages/TaxInfo_Page": null

2024-01-14 16:22:06 - [TEST_STEP][PASSED] - orPath_Withholding = "Object Repository/RAD_Pages/Withholding_Page": null

2024-01-14 16:22:06 - [TEST_STEP][PASSED] - orPath_Summary = "Object Repository/RAD_Pages/Summary_Page": null

2024-01-14 16:22:06 - [TEST_STEP][PASSED] - orPath_PaymentReady = "Object Repository/RAD_Pages/PaymentReady_Page": null

2024-01-14 16:22:06 - [TEST_STEP][PASSED] - orPath_PaymentEntry = "Object Repository/RAD_Pages/PaymentEntry_Page": null

2024-01-14 16:22:06 - [TEST_STEP][PASSED] - orPath_PaymentConfirmation = "Object Repository/RAD_Pages/PaymentConfirmation_Page": null

2024-01-14 16:22:06 - [TEST_STEP][PASSED] - orPath_ServiceFeesAccept = "Object Repository/RAD_Pages/ServiceFeeAccept_Page": null

2024-01-14 16:22:06 - [TEST_STEP][PASSED] - selectOptionByLabel(findTestObject(orPath_Landing + "/dd_TaxType"), Taxtype, false): All options with label 'Existing Liability w/Notice Number' are selected in object 'Object Repository/RAD_Pages/Landing_Page/dd_TaxType' 

2024-01-14 16:22:06 - [MESSAGE][PASSED] - All options with label 'Existing Liability w/Notice Number' are selected in object 'Object Repository/RAD_Pages/Landing_Page/dd_TaxType' 

2024-01-14 16:22:06 - [TEST_STEP][PASSED] - delay(1): Delayed 1 second(s)

2024-01-14 16:22:07 - [MESSAGE][PASSED] - Delayed 1 second(s)

2024-01-14 16:22:07 - [TEST_STEP][PASSED] - selectOptionByLabel(findTestObject(orPath_TaxTypeFilingYear + "/select_TaxType_ExistingLiability"), TaxTypeEL, false): All options with label 'Unclaimed Property' are selected in object 'Object Repository/RAD_Pages/TaxTypeFilingYear_Page/select_TaxType_ExistingLiability' 

2024-01-14 16:22:08 - [MESSAGE][PASSED] - All options with label 'Unclaimed Property' are selected in object 'Object Repository/RAD_Pages/TaxTypeFilingYear_Page/select_TaxType_ExistingLiability' 

2024-01-14 16:22:08 - [TEST_STEP][PASSED] - setText(findTestObject(orPath_TaxInfo + "/input_NoticeInvoiceNumber"), notInvNumber): Text '123456789' is set on object 'Object Repository/RAD_Pages/TaxInfo_Page/input_NoticeInvoiceNumber'

2024-01-14 16:22:09 - [MESSAGE][PASSED] - Text '123456789' is set on object 'Object Repository/RAD_Pages/TaxInfo_Page/input_NoticeInvoiceNumber'

2024-01-14 16:22:09 - [TEST_STEP][PASSED] - setText(findTestObject(orPath_TaxInfo + "/input_reTypeNoticeInvoiceNumber"), notInvNumber): Text '123456789' is set on object 'Object Repository/RAD_Pages/TaxInfo_Page/input_reTypeNoticeInvoiceNumber'

2024-01-14 16:22:10 - [MESSAGE][PASSED] - Text '123456789' is set on object 'Object Repository/RAD_Pages/TaxInfo_Page/input_reTypeNoticeInvoiceNumber'

2024-01-14 16:22:10 - [TEST_STEP][PASSED] - println(notInvNumber): null

2024-01-14 16:22:10 - [TEST_STEP][PASSED] - if (verifyTextPresent(errorMsg, true)): null

2024-01-14 16:22:10 - [MESSAGE][PASSED] - Text 'Notice Number must be 13 digits in length, with a value greater than zero' is present on page  using regular expression

2024-01-14 16:22:10 - [TEST_STEP][PASSED] - println("Error Message is present on the page"): null

2024-01-14 16:22:10 - [TEST_STEP][PASSED] - out.println("Pass Record Number: " + row): null

2024-01-14 16:22:10 - [TEST_STEP][PASSED] - resText = "Pass": null

2024-01-14 16:22:10 - [TEST_STEP][PASSED] - pages.WriteExcel.demoKey(resText, datText, resColumn, datCloumn, fileLoc, nameSheet, row): pages.WriteExcel.demoKey is PASSED

2024-01-14 16:22:10 - [MESSAGE][PASSED] - pages.WriteExcel.demoKey is PASSED

2024-01-14 16:22:10 - [TEST_STEP][PASSED] - ExecuteTC = findTestData(dataFile).getValue("Execute", row): null

2024-01-14 16:22:10 - [TEST_STEP][PASSED] - Taxtype = findTestData(dataFile).getValue("TaxType", row): null

2024-01-14 16:22:10 - [TEST_STEP][PASSED] - TaxTypeEL = findTestData(dataFile).getValue("TaxTypeEL", row): null

2024-01-14 16:22:10 - [TEST_STEP][PASSED] - notInvNumber = findTestData(dataFile).getValue("NotiInvoNumber", row): null

2024-01-14 16:22:10 - [TEST_STEP][PASSED] - errorMsg = findTestData(dataFile).getValue("ErrorMessage", row): null

2024-01-14 16:22:11 - [TEST_STEP][PASSED] - out.println("Value of Execute is : " + ExecuteTC): null

2024-01-14 16:22:11 - [TEST_STEP][PASSED] - if (ExecuteTC.equalsIgnoreCase("Y")): null

2024-01-14 16:22:11 - [TEST_STEP][PASSED] - out.println("Begin Record Number: " + row): null

2024-01-14 16:22:11 - [TEST_STEP][PASSED] - today = new java.util.Date(): null

2024-01-14 16:22:11 - [TEST_STEP][PASSED] - println(today): null

2024-01-14 16:22:11 - [TEST_STEP][PASSED] - datText = today: null

2024-01-14 16:22:11 - [TEST_STEP][PASSED] - Taxtype = findTestData(dataFile).getValue("TaxType", row): null

2024-01-14 16:22:11 - [TEST_STEP][PASSED] - out.println("Taxtype value is : " + Taxtype): null

2024-01-14 16:22:11 - [TEST_STEP][PASSED] - openBrowser(""): Browser is opened with url: ''

2024-01-14 16:22:11 - [MESSAGE][WARNING] - A browser is already opened. Closing browser and opening a new one

2024-01-14 16:22:12 - [MESSAGE][INFO] - Starting 'Chrome' driver

2024-01-14 16:22:12 - [MESSAGE][INFO] - User set preference: ['acceptInsecureCerts', 'true']

2024-01-14 16:22:12 - [MESSAGE][INFO] - Action delay is set to 0 milliseconds

2024-01-14 16:22:13 - [MESSAGE][PASSED] - Browser is opened with url: ''

2024-01-14 16:22:13 - [TEST_STEP][PASSED] - maximizeWindow(): Current window maximized

2024-01-14 16:22:13 - [MESSAGE][PASSED] - Current window maximized

2024-01-14 16:22:13 - [TEST_STEP][PASSED] - navigateToUrl(RADurl): Navigate to 'https://qa2.velocitypayment.com/client/rad/index.html' successfully

2024-01-14 16:22:14 - [MESSAGE][PASSED] - Navigate to 'https://qa2.velocitypayment.com/client/rad/index.html' successfully

2024-01-14 16:22:14 - [TEST_STEP][PASSED] - orPath_Landing = "Object Repository/RAD_Pages/Landing_Page": null

2024-01-14 16:22:14 - [TEST_STEP][PASSED] - orPath_TaxTypeFilingYear = "Object Repository/RAD_Pages/TaxTypeFilingYear_Page": null

2024-01-14 16:22:14 - [TEST_STEP][PASSED] - orPath_TaxPayer = "Object Repository/RAD_Pages/Taxpayer_Page": null

2024-01-14 16:22:14 - [TEST_STEP][PASSED] - orPath_AddressContact = "Object Repository/RAD_Pages/AddressAndContactInfo_Page": null

2024-01-14 16:22:14 - [TEST_STEP][PASSED] - orPath_FilingStatus = "Object Repository/RAD_Pages/FilingStatus_Page": null

2024-01-14 16:22:14 - [TEST_STEP][PASSED] - orPath_Amount = "Object Repository/RAD_Pages/PaymentAmount_Page": null

2024-01-14 16:22:14 - [TEST_STEP][PASSED] - orPath_TaxInfo = "Object Repository/RAD_Pages/TaxInfo_Page": null

2024-01-14 16:22:14 - [TEST_STEP][PASSED] - orPath_Withholding = "Object Repository/RAD_Pages/Withholding_Page": null

2024-01-14 16:22:14 - [TEST_STEP][PASSED] - orPath_Summary = "Object Repository/RAD_Pages/Summary_Page": null

2024-01-14 16:22:14 - [TEST_STEP][PASSED] - orPath_PaymentReady = "Object Repository/RAD_Pages/PaymentReady_Page": null

2024-01-14 16:22:14 - [TEST_STEP][PASSED] - orPath_PaymentEntry = "Object Repository/RAD_Pages/PaymentEntry_Page": null

2024-01-14 16:22:14 - [TEST_STEP][PASSED] - orPath_PaymentConfirmation = "Object Repository/RAD_Pages/PaymentConfirmation_Page": null

2024-01-14 16:22:14 - [TEST_STEP][PASSED] - orPath_ServiceFeesAccept = "Object Repository/RAD_Pages/ServiceFeeAccept_Page": null

2024-01-14 16:22:14 - [TEST_STEP][PASSED] - selectOptionByLabel(findTestObject(orPath_Landing + "/dd_TaxType"), Taxtype, false): All options with label 'Existing Liability w/Notice Number' are selected in object 'Object Repository/RAD_Pages/Landing_Page/dd_TaxType' 

2024-01-14 16:22:16 - [MESSAGE][PASSED] - All options with label 'Existing Liability w/Notice Number' are selected in object 'Object Repository/RAD_Pages/Landing_Page/dd_TaxType' 

2024-01-14 16:22:16 - [TEST_STEP][PASSED] - delay(1): Delayed 1 second(s)

2024-01-14 16:22:17 - [MESSAGE][PASSED] - Delayed 1 second(s)

2024-01-14 16:22:17 - [TEST_STEP][PASSED] - selectOptionByLabel(findTestObject(orPath_TaxTypeFilingYear + "/select_TaxType_ExistingLiability"), TaxTypeEL, false): All options with label 'IFTA Tax' are selected in object 'Object Repository/RAD_Pages/TaxTypeFilingYear_Page/select_TaxType_ExistingLiability' 

2024-01-14 16:22:17 - [MESSAGE][PASSED] - All options with label 'IFTA Tax' are selected in object 'Object Repository/RAD_Pages/TaxTypeFilingYear_Page/select_TaxType_ExistingLiability' 

2024-01-14 16:22:17 - [TEST_STEP][PASSED] - setText(findTestObject(orPath_TaxInfo + "/input_NoticeInvoiceNumber"), notInvNumber): Text '123456789' is set on object 'Object Repository/RAD_Pages/TaxInfo_Page/input_NoticeInvoiceNumber'

2024-01-14 16:22:18 - [MESSAGE][PASSED] - Text '123456789' is set on object 'Object Repository/RAD_Pages/TaxInfo_Page/input_NoticeInvoiceNumber'

2024-01-14 16:22:18 - [TEST_STEP][PASSED] - setText(findTestObject(orPath_TaxInfo + "/input_reTypeNoticeInvoiceNumber"), notInvNumber): Text '123456789' is set on object 'Object Repository/RAD_Pages/TaxInfo_Page/input_reTypeNoticeInvoiceNumber'

2024-01-14 16:22:19 - [MESSAGE][PASSED] - Text '123456789' is set on object 'Object Repository/RAD_Pages/TaxInfo_Page/input_reTypeNoticeInvoiceNumber'

2024-01-14 16:22:19 - [TEST_STEP][PASSED] - println(notInvNumber): null

2024-01-14 16:22:19 - [TEST_STEP][PASSED] - if (verifyTextPresent(errorMsg, true)): null

2024-01-14 16:22:20 - [MESSAGE][PASSED] - Text 'Notice Number must be 13 digits in length, with a value greater than zero' is present on page  using regular expression

2024-01-14 16:22:20 - [TEST_STEP][PASSED] - println("Error Message is present on the page"): null

2024-01-14 16:22:20 - [TEST_STEP][PASSED] - out.println("Pass Record Number: " + row): null

2024-01-14 16:22:20 - [TEST_STEP][PASSED] - resText = "Pass": null

2024-01-14 16:22:20 - [TEST_STEP][PASSED] - pages.WriteExcel.demoKey(resText, datText, resColumn, datCloumn, fileLoc, nameSheet, row): pages.WriteExcel.demoKey is PASSED

2024-01-14 16:22:20 - [MESSAGE][PASSED] - pages.WriteExcel.demoKey is PASSED

2024-01-14 16:22:20 - [TEST_STEP][PASSED] - ExecuteTC = findTestData(dataFile).getValue("Execute", row): null

2024-01-14 16:22:20 - [TEST_STEP][PASSED] - Taxtype = findTestData(dataFile).getValue("TaxType", row): null

2024-01-14 16:22:20 - [TEST_STEP][PASSED] - TaxTypeEL = findTestData(dataFile).getValue("TaxTypeEL", row): null

2024-01-14 16:22:20 - [TEST_STEP][PASSED] - notInvNumber = findTestData(dataFile).getValue("NotiInvoNumber", row): null

2024-01-14 16:22:20 - [TEST_STEP][PASSED] - errorMsg = findTestData(dataFile).getValue("ErrorMessage", row): null

2024-01-14 16:22:20 - [TEST_STEP][PASSED] - out.println("Value of Execute is : " + ExecuteTC): null

2024-01-14 16:22:20 - [TEST_STEP][PASSED] - if (ExecuteTC.equalsIgnoreCase("Y")): null

2024-01-14 16:22:20 - [TEST_STEP][PASSED] - out.println("Begin Record Number: " + row): null

2024-01-14 16:22:20 - [TEST_STEP][PASSED] - today = new java.util.Date(): null

2024-01-14 16:22:20 - [TEST_STEP][PASSED] - println(today): null

2024-01-14 16:22:20 - [TEST_STEP][PASSED] - datText = today: null

2024-01-14 16:22:20 - [TEST_STEP][PASSED] - Taxtype = findTestData(dataFile).getValue("TaxType", row): null

2024-01-14 16:22:20 - [TEST_STEP][PASSED] - out.println("Taxtype value is : " + Taxtype): null

2024-01-14 16:22:20 - [TEST_STEP][PASSED] - openBrowser(""): Browser is opened with url: ''

2024-01-14 16:22:20 - [MESSAGE][WARNING] - A browser is already opened. Closing browser and opening a new one

2024-01-14 16:22:21 - [MESSAGE][INFO] - Starting 'Chrome' driver

2024-01-14 16:22:21 - [MESSAGE][INFO] - User set preference: ['acceptInsecureCerts', 'true']

2024-01-14 16:22:21 - [MESSAGE][INFO] - Action delay is set to 0 milliseconds

2024-01-14 16:22:23 - [MESSAGE][PASSED] - Browser is opened with url: ''

2024-01-14 16:22:23 - [TEST_STEP][PASSED] - maximizeWindow(): Current window maximized

2024-01-14 16:22:23 - [MESSAGE][PASSED] - Current window maximized

2024-01-14 16:22:23 - [TEST_STEP][PASSED] - navigateToUrl(RADurl): Navigate to 'https://qa2.velocitypayment.com/client/rad/index.html' successfully

2024-01-14 16:22:24 - [MESSAGE][PASSED] - Navigate to 'https://qa2.velocitypayment.com/client/rad/index.html' successfully

2024-01-14 16:22:24 - [TEST_STEP][PASSED] - orPath_Landing = "Object Repository/RAD_Pages/Landing_Page": null

2024-01-14 16:22:24 - [TEST_STEP][PASSED] - orPath_TaxTypeFilingYear = "Object Repository/RAD_Pages/TaxTypeFilingYear_Page": null

2024-01-14 16:22:24 - [TEST_STEP][PASSED] - orPath_TaxPayer = "Object Repository/RAD_Pages/Taxpayer_Page": null

2024-01-14 16:22:24 - [TEST_STEP][PASSED] - orPath_AddressContact = "Object Repository/RAD_Pages/AddressAndContactInfo_Page": null

2024-01-14 16:22:24 - [TEST_STEP][PASSED] - orPath_FilingStatus = "Object Repository/RAD_Pages/FilingStatus_Page": null

2024-01-14 16:22:24 - [TEST_STEP][PASSED] - orPath_Amount = "Object Repository/RAD_Pages/PaymentAmount_Page": null

2024-01-14 16:22:24 - [TEST_STEP][PASSED] - orPath_TaxInfo = "Object Repository/RAD_Pages/TaxInfo_Page": null

2024-01-14 16:22:24 - [TEST_STEP][PASSED] - orPath_Withholding = "Object Repository/RAD_Pages/Withholding_Page": null

2024-01-14 16:22:24 - [TEST_STEP][PASSED] - orPath_Summary = "Object Repository/RAD_Pages/Summary_Page": null

2024-01-14 16:22:24 - [TEST_STEP][PASSED] - orPath_PaymentReady = "Object Repository/RAD_Pages/PaymentReady_Page": null

2024-01-14 16:22:24 - [TEST_STEP][PASSED] - orPath_PaymentEntry = "Object Repository/RAD_Pages/PaymentEntry_Page": null

2024-01-14 16:22:24 - [TEST_STEP][PASSED] - orPath_PaymentConfirmation = "Object Repository/RAD_Pages/PaymentConfirmation_Page": null

2024-01-14 16:22:24 - [TEST_STEP][PASSED] - orPath_ServiceFeesAccept = "Object Repository/RAD_Pages/ServiceFeeAccept_Page": null

2024-01-14 16:22:24 - [TEST_STEP][PASSED] - selectOptionByLabel(findTestObject(orPath_Landing + "/dd_TaxType"), Taxtype, false): All options with label 'Existing Liability w/Notice Number' are selected in object 'Object Repository/RAD_Pages/Landing_Page/dd_TaxType' 

2024-01-14 16:22:25 - [MESSAGE][PASSED] - All options with label 'Existing Liability w/Notice Number' are selected in object 'Object Repository/RAD_Pages/Landing_Page/dd_TaxType' 

2024-01-14 16:22:25 - [TEST_STEP][PASSED] - delay(1): Delayed 1 second(s)

2024-01-14 16:22:26 - [MESSAGE][PASSED] - Delayed 1 second(s)

2024-01-14 16:22:26 - [TEST_STEP][PASSED] - selectOptionByLabel(findTestObject(orPath_TaxTypeFilingYear + "/select_TaxType_ExistingLiability"), TaxTypeEL, false): All options with label 'Admissions and Amusement Tax' are selected in object 'Object Repository/RAD_Pages/TaxTypeFilingYear_Page/select_TaxType_ExistingLiability' 

2024-01-14 16:22:27 - [MESSAGE][PASSED] - All options with label 'Admissions and Amusement Tax' are selected in object 'Object Repository/RAD_Pages/TaxTypeFilingYear_Page/select_TaxType_ExistingLiability' 

2024-01-14 16:22:27 - [TEST_STEP][PASSED] - setText(findTestObject(orPath_TaxInfo + "/input_NoticeInvoiceNumber"), notInvNumber): Text '0000000000000' is set on object 'Object Repository/RAD_Pages/TaxInfo_Page/input_NoticeInvoiceNumber'

2024-01-14 16:22:27 - [MESSAGE][PASSED] - Text '0000000000000' is set on object 'Object Repository/RAD_Pages/TaxInfo_Page/input_NoticeInvoiceNumber'

2024-01-14 16:22:27 - [TEST_STEP][PASSED] - setText(findTestObject(orPath_TaxInfo + "/input_reTypeNoticeInvoiceNumber"), notInvNumber): Text '0000000000000' is set on object 'Object Repository/RAD_Pages/TaxInfo_Page/input_reTypeNoticeInvoiceNumber'

2024-01-14 16:22:28 - [MESSAGE][PASSED] - Text '0000000000000' is set on object 'Object Repository/RAD_Pages/TaxInfo_Page/input_reTypeNoticeInvoiceNumber'

2024-01-14 16:22:28 - [TEST_STEP][PASSED] - println(notInvNumber): null

2024-01-14 16:22:28 - [TEST_STEP][PASSED] - if (verifyTextPresent(errorMsg, true)): null

2024-01-14 16:22:29 - [MESSAGE][PASSED] - Text 'Notice Number must be 13 digits in length, with a value greater than zero' is present on page  using regular expression

2024-01-14 16:22:29 - [TEST_STEP][PASSED] - println("Error Message is present on the page"): null

2024-01-14 16:22:29 - [TEST_STEP][PASSED] - out.println("Pass Record Number: " + row): null

2024-01-14 16:22:29 - [TEST_STEP][PASSED] - resText = "Pass": null

2024-01-14 16:22:29 - [TEST_STEP][PASSED] - pages.WriteExcel.demoKey(resText, datText, resColumn, datCloumn, fileLoc, nameSheet, row): pages.WriteExcel.demoKey is PASSED

2024-01-14 16:22:29 - [MESSAGE][PASSED] - pages.WriteExcel.demoKey is PASSED

2024-01-14 16:22:29 - [TEST_STEP][PASSED] - ExecuteTC = findTestData(dataFile).getValue("Execute", row): null

2024-01-14 16:22:29 - [TEST_STEP][PASSED] - Taxtype = findTestData(dataFile).getValue("TaxType", row): null

2024-01-14 16:22:29 - [TEST_STEP][PASSED] - TaxTypeEL = findTestData(dataFile).getValue("TaxTypeEL", row): null

2024-01-14 16:22:29 - [TEST_STEP][PASSED] - notInvNumber = findTestData(dataFile).getValue("NotiInvoNumber", row): null

2024-01-14 16:22:29 - [TEST_STEP][PASSED] - errorMsg = findTestData(dataFile).getValue("ErrorMessage", row): null

2024-01-14 16:22:29 - [TEST_STEP][PASSED] - out.println("Value of Execute is : " + ExecuteTC): null

2024-01-14 16:22:29 - [TEST_STEP][PASSED] - if (ExecuteTC.equalsIgnoreCase("Y")): null

2024-01-14 16:22:29 - [TEST_STEP][PASSED] - out.println("Begin Record Number: " + row): null

2024-01-14 16:22:29 - [TEST_STEP][PASSED] - today = new java.util.Date(): null

2024-01-14 16:22:29 - [TEST_STEP][PASSED] - println(today): null

2024-01-14 16:22:29 - [TEST_STEP][PASSED] - datText = today: null

2024-01-14 16:22:29 - [TEST_STEP][PASSED] - Taxtype = findTestData(dataFile).getValue("TaxType", row): null

2024-01-14 16:22:29 - [TEST_STEP][PASSED] - out.println("Taxtype value is : " + Taxtype): null

2024-01-14 16:22:29 - [TEST_STEP][PASSED] - openBrowser(""): Browser is opened with url: ''

2024-01-14 16:22:29 - [MESSAGE][WARNING] - A browser is already opened. Closing browser and opening a new one

2024-01-14 16:22:30 - [MESSAGE][INFO] - Starting 'Chrome' driver

2024-01-14 16:22:30 - [MESSAGE][INFO] - User set preference: ['acceptInsecureCerts', 'true']

2024-01-14 16:22:30 - [MESSAGE][INFO] - Action delay is set to 0 milliseconds

2024-01-14 16:22:32 - [MESSAGE][PASSED] - Browser is opened with url: ''

2024-01-14 16:22:32 - [TEST_STEP][PASSED] - maximizeWindow(): Current window maximized

2024-01-14 16:22:32 - [MESSAGE][PASSED] - Current window maximized

2024-01-14 16:22:32 - [TEST_STEP][PASSED] - navigateToUrl(RADurl): Navigate to 'https://qa2.velocitypayment.com/client/rad/index.html' successfully

2024-01-14 16:22:32 - [MESSAGE][PASSED] - Navigate to 'https://qa2.velocitypayment.com/client/rad/index.html' successfully

2024-01-14 16:22:32 - [TEST_STEP][PASSED] - orPath_Landing = "Object Repository/RAD_Pages/Landing_Page": null

2024-01-14 16:22:32 - [TEST_STEP][PASSED] - orPath_TaxTypeFilingYear = "Object Repository/RAD_Pages/TaxTypeFilingYear_Page": null

2024-01-14 16:22:32 - [TEST_STEP][PASSED] - orPath_TaxPayer = "Object Repository/RAD_Pages/Taxpayer_Page": null

2024-01-14 16:22:32 - [TEST_STEP][PASSED] - orPath_AddressContact = "Object Repository/RAD_Pages/AddressAndContactInfo_Page": null

2024-01-14 16:22:32 - [TEST_STEP][PASSED] - orPath_FilingStatus = "Object Repository/RAD_Pages/FilingStatus_Page": null

2024-01-14 16:22:32 - [TEST_STEP][PASSED] - orPath_Amount = "Object Repository/RAD_Pages/PaymentAmount_Page": null

2024-01-14 16:22:32 - [TEST_STEP][PASSED] - orPath_TaxInfo = "Object Repository/RAD_Pages/TaxInfo_Page": null

2024-01-14 16:22:32 - [TEST_STEP][PASSED] - orPath_Withholding = "Object Repository/RAD_Pages/Withholding_Page": null

2024-01-14 16:22:32 - [TEST_STEP][PASSED] - orPath_Summary = "Object Repository/RAD_Pages/Summary_Page": null

2024-01-14 16:22:32 - [TEST_STEP][PASSED] - orPath_PaymentReady = "Object Repository/RAD_Pages/PaymentReady_Page": null

2024-01-14 16:22:32 - [TEST_STEP][PASSED] - orPath_PaymentEntry = "Object Repository/RAD_Pages/PaymentEntry_Page": null

2024-01-14 16:22:32 - [TEST_STEP][PASSED] - orPath_PaymentConfirmation = "Object Repository/RAD_Pages/PaymentConfirmation_Page": null

2024-01-14 16:22:32 - [TEST_STEP][PASSED] - orPath_ServiceFeesAccept = "Object Repository/RAD_Pages/ServiceFeeAccept_Page": null

2024-01-14 16:22:32 - [TEST_STEP][PASSED] - selectOptionByLabel(findTestObject(orPath_Landing + "/dd_TaxType"), Taxtype, false): All options with label 'Existing Liability w/Notice Number' are selected in object 'Object Repository/RAD_Pages/Landing_Page/dd_TaxType' 

2024-01-14 16:22:34 - [MESSAGE][PASSED] - All options with label 'Existing Liability w/Notice Number' are selected in object 'Object Repository/RAD_Pages/Landing_Page/dd_TaxType' 

2024-01-14 16:22:34 - [TEST_STEP][PASSED] - delay(1): Delayed 1 second(s)

2024-01-14 16:22:35 - [MESSAGE][PASSED] - Delayed 1 second(s)

2024-01-14 16:22:35 - [TEST_STEP][PASSED] - selectOptionByLabel(findTestObject(orPath_TaxTypeFilingYear + "/select_TaxType_ExistingLiability"), TaxTypeEL, false): All options with label 'Estate Tax' are selected in object 'Object Repository/RAD_Pages/TaxTypeFilingYear_Page/select_TaxType_ExistingLiability' 

2024-01-14 16:22:36 - [MESSAGE][PASSED] - All options with label 'Estate Tax' are selected in object 'Object Repository/RAD_Pages/TaxTypeFilingYear_Page/select_TaxType_ExistingLiability' 

2024-01-14 16:22:36 - [TEST_STEP][PASSED] - setText(findTestObject(orPath_TaxInfo + "/input_NoticeInvoiceNumber"), notInvNumber): Text '0000000000000' is set on object 'Object Repository/RAD_Pages/TaxInfo_Page/input_NoticeInvoiceNumber'

2024-01-14 16:22:36 - [MESSAGE][PASSED] - Text '0000000000000' is set on object 'Object Repository/RAD_Pages/TaxInfo_Page/input_NoticeInvoiceNumber'

2024-01-14 16:22:36 - [TEST_STEP][PASSED] - setText(findTestObject(orPath_TaxInfo + "/input_reTypeNoticeInvoiceNumber"), notInvNumber): Text '0000000000000' is set on object 'Object Repository/RAD_Pages/TaxInfo_Page/input_reTypeNoticeInvoiceNumber'

2024-01-14 16:22:37 - [MESSAGE][PASSED] - Text '0000000000000' is set on object 'Object Repository/RAD_Pages/TaxInfo_Page/input_reTypeNoticeInvoiceNumber'

2024-01-14 16:22:37 - [TEST_STEP][PASSED] - println(notInvNumber): null

2024-01-14 16:22:37 - [TEST_STEP][PASSED] - if (verifyTextPresent(errorMsg, true)): null

2024-01-14 16:22:38 - [MESSAGE][PASSED] - Text 'Notice Number must be 13 digits in length, with a value greater than zero' is present on page  using regular expression

2024-01-14 16:22:38 - [TEST_STEP][PASSED] - println("Error Message is present on the page"): null

2024-01-14 16:22:38 - [TEST_STEP][PASSED] - out.println("Pass Record Number: " + row): null

2024-01-14 16:22:38 - [TEST_STEP][PASSED] - resText = "Pass": null

2024-01-14 16:22:38 - [TEST_STEP][PASSED] - pages.WriteExcel.demoKey(resText, datText, resColumn, datCloumn, fileLoc, nameSheet, row): pages.WriteExcel.demoKey is PASSED

2024-01-14 16:22:38 - [MESSAGE][PASSED] - pages.WriteExcel.demoKey is PASSED

2024-01-14 16:22:38 - [TEST_STEP][PASSED] - ExecuteTC = findTestData(dataFile).getValue("Execute", row): null

2024-01-14 16:22:38 - [TEST_STEP][PASSED] - Taxtype = findTestData(dataFile).getValue("TaxType", row): null

2024-01-14 16:22:38 - [TEST_STEP][PASSED] - TaxTypeEL = findTestData(dataFile).getValue("TaxTypeEL", row): null

2024-01-14 16:22:38 - [TEST_STEP][PASSED] - notInvNumber = findTestData(dataFile).getValue("NotiInvoNumber", row): null

2024-01-14 16:22:38 - [TEST_STEP][PASSED] - errorMsg = findTestData(dataFile).getValue("ErrorMessage", row): null

2024-01-14 16:22:38 - [TEST_STEP][PASSED] - out.println("Value of Execute is : " + ExecuteTC): null

2024-01-14 16:22:38 - [TEST_STEP][PASSED] - if (ExecuteTC.equalsIgnoreCase("Y")): null

2024-01-14 16:22:38 - [TEST_STEP][PASSED] - out.println("Begin Record Number: " + row): null

2024-01-14 16:22:38 - [TEST_STEP][PASSED] - today = new java.util.Date(): null

2024-01-14 16:22:38 - [TEST_STEP][PASSED] - println(today): null

2024-01-14 16:22:38 - [TEST_STEP][PASSED] - datText = today: null

2024-01-14 16:22:38 - [TEST_STEP][PASSED] - Taxtype = findTestData(dataFile).getValue("TaxType", row): null

2024-01-14 16:22:38 - [TEST_STEP][PASSED] - out.println("Taxtype value is : " + Taxtype): null

2024-01-14 16:22:38 - [TEST_STEP][PASSED] - openBrowser(""): Browser is opened with url: ''

2024-01-14 16:22:38 - [MESSAGE][WARNING] - A browser is already opened. Closing browser and opening a new one

2024-01-14 16:22:39 - [MESSAGE][INFO] - Starting 'Chrome' driver

2024-01-14 16:22:39 - [MESSAGE][INFO] - User set preference: ['acceptInsecureCerts', 'true']

2024-01-14 16:22:39 - [MESSAGE][INFO] - Action delay is set to 0 milliseconds

2024-01-14 16:22:41 - [MESSAGE][PASSED] - Browser is opened with url: ''

2024-01-14 16:22:41 - [TEST_STEP][PASSED] - maximizeWindow(): Current window maximized

2024-01-14 16:22:41 - [MESSAGE][PASSED] - Current window maximized

2024-01-14 16:22:41 - [TEST_STEP][PASSED] - navigateToUrl(RADurl): Navigate to 'https://qa2.velocitypayment.com/client/rad/index.html' successfully

2024-01-14 16:22:42 - [MESSAGE][PASSED] - Navigate to 'https://qa2.velocitypayment.com/client/rad/index.html' successfully

2024-01-14 16:22:42 - [TEST_STEP][PASSED] - orPath_Landing = "Object Repository/RAD_Pages/Landing_Page": null

2024-01-14 16:22:42 - [TEST_STEP][PASSED] - orPath_TaxTypeFilingYear = "Object Repository/RAD_Pages/TaxTypeFilingYear_Page": null

2024-01-14 16:22:42 - [TEST_STEP][PASSED] - orPath_TaxPayer = "Object Repository/RAD_Pages/Taxpayer_Page": null

2024-01-14 16:22:42 - [TEST_STEP][PASSED] - orPath_AddressContact = "Object Repository/RAD_Pages/AddressAndContactInfo_Page": null

2024-01-14 16:22:42 - [TEST_STEP][PASSED] - orPath_FilingStatus = "Object Repository/RAD_Pages/FilingStatus_Page": null

2024-01-14 16:22:42 - [TEST_STEP][PASSED] - orPath_Amount = "Object Repository/RAD_Pages/PaymentAmount_Page": null

2024-01-14 16:22:42 - [TEST_STEP][PASSED] - orPath_TaxInfo = "Object Repository/RAD_Pages/TaxInfo_Page": null

2024-01-14 16:22:42 - [TEST_STEP][PASSED] - orPath_Withholding = "Object Repository/RAD_Pages/Withholding_Page": null

2024-01-14 16:22:42 - [TEST_STEP][PASSED] - orPath_Summary = "Object Repository/RAD_Pages/Summary_Page": null

2024-01-14 16:22:42 - [TEST_STEP][PASSED] - orPath_PaymentReady = "Object Repository/RAD_Pages/PaymentReady_Page": null

2024-01-14 16:22:42 - [TEST_STEP][PASSED] - orPath_PaymentEntry = "Object Repository/RAD_Pages/PaymentEntry_Page": null

2024-01-14 16:22:42 - [TEST_STEP][PASSED] - orPath_PaymentConfirmation = "Object Repository/RAD_Pages/PaymentConfirmation_Page": null

2024-01-14 16:22:42 - [TEST_STEP][PASSED] - orPath_ServiceFeesAccept = "Object Repository/RAD_Pages/ServiceFeeAccept_Page": null

2024-01-14 16:22:42 - [TEST_STEP][PASSED] - selectOptionByLabel(findTestObject(orPath_Landing + "/dd_TaxType"), Taxtype, false): All options with label 'Existing Liability w/Notice Number' are selected in object 'Object Repository/RAD_Pages/Landing_Page/dd_TaxType' 

2024-01-14 16:22:43 - [MESSAGE][PASSED] - All options with label 'Existing Liability w/Notice Number' are selected in object 'Object Repository/RAD_Pages/Landing_Page/dd_TaxType' 

2024-01-14 16:22:43 - [TEST_STEP][PASSED] - delay(1): Delayed 1 second(s)

2024-01-14 16:22:44 - [MESSAGE][PASSED] - Delayed 1 second(s)

2024-01-14 16:22:44 - [TEST_STEP][PASSED] - selectOptionByLabel(findTestObject(orPath_TaxTypeFilingYear + "/select_TaxType_ExistingLiability"), TaxTypeEL, false): All options with label 'Motor Fuel Tax' are selected in object 'Object Repository/RAD_Pages/TaxTypeFilingYear_Page/select_TaxType_ExistingLiability' 

2024-01-14 16:22:45 - [MESSAGE][PASSED] - All options with label 'Motor Fuel Tax' are selected in object 'Object Repository/RAD_Pages/TaxTypeFilingYear_Page/select_TaxType_ExistingLiability' 

2024-01-14 16:22:45 - [TEST_STEP][PASSED] - setText(findTestObject(orPath_TaxInfo + "/input_NoticeInvoiceNumber"), notInvNumber): Text '0000000000000' is set on object 'Object Repository/RAD_Pages/TaxInfo_Page/input_NoticeInvoiceNumber'

2024-01-14 16:22:45 - [MESSAGE][PASSED] - Text '0000000000000' is set on object 'Object Repository/RAD_Pages/TaxInfo_Page/input_NoticeInvoiceNumber'

2024-01-14 16:22:45 - [TEST_STEP][PASSED] - setText(findTestObject(orPath_TaxInfo + "/input_reTypeNoticeInvoiceNumber"), notInvNumber): Text '0000000000000' is set on object 'Object Repository/RAD_Pages/TaxInfo_Page/input_reTypeNoticeInvoiceNumber'

2024-01-14 16:22:46 - [MESSAGE][PASSED] - Text '0000000000000' is set on object 'Object Repository/RAD_Pages/TaxInfo_Page/input_reTypeNoticeInvoiceNumber'

2024-01-14 16:22:46 - [TEST_STEP][PASSED] - println(notInvNumber): null

2024-01-14 16:22:46 - [TEST_STEP][PASSED] - if (verifyTextPresent(errorMsg, true)): null

2024-01-14 16:22:47 - [MESSAGE][PASSED] - Text 'Notice Number must be 13 digits in length, with a value greater than zero' is present on page  using regular expression

2024-01-14 16:22:47 - [TEST_STEP][PASSED] - println("Error Message is present on the page"): null

2024-01-14 16:22:47 - [TEST_STEP][PASSED] - out.println("Pass Record Number: " + row): null

2024-01-14 16:22:47 - [TEST_STEP][PASSED] - resText = "Pass": null

2024-01-14 16:22:47 - [TEST_STEP][PASSED] - pages.WriteExcel.demoKey(resText, datText, resColumn, datCloumn, fileLoc, nameSheet, row): pages.WriteExcel.demoKey is PASSED

2024-01-14 16:22:47 - [MESSAGE][PASSED] - pages.WriteExcel.demoKey is PASSED

2024-01-14 16:22:47 - [TEST_STEP][PASSED] - ExecuteTC = findTestData(dataFile).getValue("Execute", row): null

2024-01-14 16:22:47 - [TEST_STEP][PASSED] - Taxtype = findTestData(dataFile).getValue("TaxType", row): null

2024-01-14 16:22:47 - [TEST_STEP][PASSED] - TaxTypeEL = findTestData(dataFile).getValue("TaxTypeEL", row): null

2024-01-14 16:22:47 - [TEST_STEP][PASSED] - notInvNumber = findTestData(dataFile).getValue("NotiInvoNumber", row): null

2024-01-14 16:22:47 - [TEST_STEP][PASSED] - errorMsg = findTestData(dataFile).getValue("ErrorMessage", row): null

2024-01-14 16:22:47 - [TEST_STEP][PASSED] - out.println("Value of Execute is : " + ExecuteTC): null

2024-01-14 16:22:47 - [TEST_STEP][PASSED] - if (ExecuteTC.equalsIgnoreCase("Y")): null

2024-01-14 16:22:47 - [TEST_STEP][PASSED] - out.println("Begin Record Number: " + row): null

2024-01-14 16:22:47 - [TEST_STEP][PASSED] - today = new java.util.Date(): null

2024-01-14 16:22:47 - [TEST_STEP][PASSED] - println(today): null

2024-01-14 16:22:47 - [TEST_STEP][PASSED] - datText = today: null

2024-01-14 16:22:47 - [TEST_STEP][PASSED] - Taxtype = findTestData(dataFile).getValue("TaxType", row): null

2024-01-14 16:22:47 - [TEST_STEP][PASSED] - out.println("Taxtype value is : " + Taxtype): null

2024-01-14 16:22:47 - [TEST_STEP][PASSED] - openBrowser(""): Browser is opened with url: ''

2024-01-14 16:22:47 - [MESSAGE][WARNING] - A browser is already opened. Closing browser and opening a new one

2024-01-14 16:22:48 - [MESSAGE][INFO] - Starting 'Chrome' driver

2024-01-14 16:22:48 - [MESSAGE][INFO] - User set preference: ['acceptInsecureCerts', 'true']

2024-01-14 16:22:48 - [MESSAGE][INFO] - Action delay is set to 0 milliseconds

2024-01-14 16:22:50 - [MESSAGE][PASSED] - Browser is opened with url: ''

2024-01-14 16:22:50 - [TEST_STEP][PASSED] - maximizeWindow(): Current window maximized

2024-01-14 16:22:50 - [MESSAGE][PASSED] - Current window maximized

2024-01-14 16:22:50 - [TEST_STEP][PASSED] - navigateToUrl(RADurl): Navigate to 'https://qa2.velocitypayment.com/client/rad/index.html' successfully

2024-01-14 16:22:51 - [MESSAGE][PASSED] - Navigate to 'https://qa2.velocitypayment.com/client/rad/index.html' successfully

2024-01-14 16:22:51 - [TEST_STEP][PASSED] - orPath_Landing = "Object Repository/RAD_Pages/Landing_Page": null

2024-01-14 16:22:51 - [TEST_STEP][PASSED] - orPath_TaxTypeFilingYear = "Object Repository/RAD_Pages/TaxTypeFilingYear_Page": null

2024-01-14 16:22:51 - [TEST_STEP][PASSED] - orPath_TaxPayer = "Object Repository/RAD_Pages/Taxpayer_Page": null

2024-01-14 16:22:51 - [TEST_STEP][PASSED] - orPath_AddressContact = "Object Repository/RAD_Pages/AddressAndContactInfo_Page": null

2024-01-14 16:22:51 - [TEST_STEP][PASSED] - orPath_FilingStatus = "Object Repository/RAD_Pages/FilingStatus_Page": null

2024-01-14 16:22:51 - [TEST_STEP][PASSED] - orPath_Amount = "Object Repository/RAD_Pages/PaymentAmount_Page": null

2024-01-14 16:22:51 - [TEST_STEP][PASSED] - orPath_TaxInfo = "Object Repository/RAD_Pages/TaxInfo_Page": null

2024-01-14 16:22:51 - [TEST_STEP][PASSED] - orPath_Withholding = "Object Repository/RAD_Pages/Withholding_Page": null

2024-01-14 16:22:51 - [TEST_STEP][PASSED] - orPath_Summary = "Object Repository/RAD_Pages/Summary_Page": null

2024-01-14 16:22:51 - [TEST_STEP][PASSED] - orPath_PaymentReady = "Object Repository/RAD_Pages/PaymentReady_Page": null

2024-01-14 16:22:51 - [TEST_STEP][PASSED] - orPath_PaymentEntry = "Object Repository/RAD_Pages/PaymentEntry_Page": null

2024-01-14 16:22:51 - [TEST_STEP][PASSED] - orPath_PaymentConfirmation = "Object Repository/RAD_Pages/PaymentConfirmation_Page": null

2024-01-14 16:22:51 - [TEST_STEP][PASSED] - orPath_ServiceFeesAccept = "Object Repository/RAD_Pages/ServiceFeeAccept_Page": null

2024-01-14 16:22:51 - [TEST_STEP][PASSED] - selectOptionByLabel(findTestObject(orPath_Landing + "/dd_TaxType"), Taxtype, false): All options with label 'Existing Liability w/Notice Number' are selected in object 'Object Repository/RAD_Pages/Landing_Page/dd_TaxType' 

2024-01-14 16:22:52 - [MESSAGE][PASSED] - All options with label 'Existing Liability w/Notice Number' are selected in object 'Object Repository/RAD_Pages/Landing_Page/dd_TaxType' 

2024-01-14 16:22:52 - [TEST_STEP][PASSED] - delay(1): Delayed 1 second(s)

2024-01-14 16:22:53 - [MESSAGE][PASSED] - Delayed 1 second(s)

2024-01-14 16:22:53 - [TEST_STEP][PASSED] - selectOptionByLabel(findTestObject(orPath_TaxTypeFilingYear + "/select_TaxType_ExistingLiability"), TaxTypeEL, false): All options with label 'Slots License Fee' are selected in object 'Object Repository/RAD_Pages/TaxTypeFilingYear_Page/select_TaxType_ExistingLiability' 

2024-01-14 16:22:54 - [MESSAGE][PASSED] - All options with label 'Slots License Fee' are selected in object 'Object Repository/RAD_Pages/TaxTypeFilingYear_Page/select_TaxType_ExistingLiability' 

2024-01-14 16:22:54 - [TEST_STEP][PASSED] - setText(findTestObject(orPath_TaxInfo + "/input_NoticeInvoiceNumber"), notInvNumber): Text '0000000000000' is set on object 'Object Repository/RAD_Pages/TaxInfo_Page/input_NoticeInvoiceNumber'

2024-01-14 16:22:54 - [MESSAGE][PASSED] - Text '0000000000000' is set on object 'Object Repository/RAD_Pages/TaxInfo_Page/input_NoticeInvoiceNumber'

2024-01-14 16:22:54 - [TEST_STEP][PASSED] - setText(findTestObject(orPath_TaxInfo + "/input_reTypeNoticeInvoiceNumber"), notInvNumber): Text '0000000000000' is set on object 'Object Repository/RAD_Pages/TaxInfo_Page/input_reTypeNoticeInvoiceNumber'

2024-01-14 16:22:55 - [MESSAGE][PASSED] - Text '0000000000000' is set on object 'Object Repository/RAD_Pages/TaxInfo_Page/input_reTypeNoticeInvoiceNumber'

2024-01-14 16:22:55 - [TEST_STEP][PASSED] - println(notInvNumber): null

2024-01-14 16:22:55 - [TEST_STEP][PASSED] - if (verifyTextPresent(errorMsg, true)): null

2024-01-14 16:22:56 - [MESSAGE][PASSED] - Text 'Notice Number must be 13 digits in length, with a value greater than zero' is present on page  using regular expression

2024-01-14 16:22:56 - [TEST_STEP][PASSED] - println("Error Message is present on the page"): null

2024-01-14 16:22:56 - [TEST_STEP][PASSED] - out.println("Pass Record Number: " + row): null

2024-01-14 16:22:56 - [TEST_STEP][PASSED] - resText = "Pass": null

2024-01-14 16:22:56 - [TEST_STEP][PASSED] - pages.WriteExcel.demoKey(resText, datText, resColumn, datCloumn, fileLoc, nameSheet, row): pages.WriteExcel.demoKey is PASSED

2024-01-14 16:22:56 - [MESSAGE][PASSED] - pages.WriteExcel.demoKey is PASSED

2024-01-14 16:22:56 - [TEST_STEP][PASSED] - ExecuteTC = findTestData(dataFile).getValue("Execute", row): null

2024-01-14 16:22:56 - [TEST_STEP][PASSED] - Taxtype = findTestData(dataFile).getValue("TaxType", row): null

2024-01-14 16:22:56 - [TEST_STEP][PASSED] - TaxTypeEL = findTestData(dataFile).getValue("TaxTypeEL", row): null

2024-01-14 16:22:56 - [TEST_STEP][PASSED] - notInvNumber = findTestData(dataFile).getValue("NotiInvoNumber", row): null

2024-01-14 16:22:56 - [TEST_STEP][PASSED] - errorMsg = findTestData(dataFile).getValue("ErrorMessage", row): null

2024-01-14 16:22:56 - [TEST_STEP][PASSED] - out.println("Value of Execute is : " + ExecuteTC): null

2024-01-14 16:22:56 - [TEST_STEP][PASSED] - if (ExecuteTC.equalsIgnoreCase("Y")): null

2024-01-14 16:22:56 - [TEST_STEP][PASSED] - out.println("Begin Record Number: " + row): null

2024-01-14 16:22:56 - [TEST_STEP][PASSED] - today = new java.util.Date(): null

2024-01-14 16:22:56 - [TEST_STEP][PASSED] - println(today): null

2024-01-14 16:22:56 - [TEST_STEP][PASSED] - datText = today: null

2024-01-14 16:22:56 - [TEST_STEP][PASSED] - Taxtype = findTestData(dataFile).getValue("TaxType", row): null

2024-01-14 16:22:56 - [TEST_STEP][PASSED] - out.println("Taxtype value is : " + Taxtype): null

2024-01-14 16:22:56 - [TEST_STEP][PASSED] - openBrowser(""): Browser is opened with url: ''

2024-01-14 16:22:56 - [MESSAGE][WARNING] - A browser is already opened. Closing browser and opening a new one

2024-01-14 16:22:57 - [MESSAGE][INFO] - Starting 'Chrome' driver

2024-01-14 16:22:57 - [MESSAGE][INFO] - User set preference: ['acceptInsecureCerts', 'true']

2024-01-14 16:22:57 - [MESSAGE][INFO] - Action delay is set to 0 milliseconds

2024-01-14 16:22:59 - [MESSAGE][PASSED] - Browser is opened with url: ''

2024-01-14 16:22:59 - [TEST_STEP][PASSED] - maximizeWindow(): Current window maximized

2024-01-14 16:22:59 - [MESSAGE][PASSED] - Current window maximized

2024-01-14 16:22:59 - [TEST_STEP][PASSED] - navigateToUrl(RADurl): Navigate to 'https://qa2.velocitypayment.com/client/rad/index.html' successfully

2024-01-14 16:23:00 - [MESSAGE][PASSED] - Navigate to 'https://qa2.velocitypayment.com/client/rad/index.html' successfully

2024-01-14 16:23:00 - [TEST_STEP][PASSED] - orPath_Landing = "Object Repository/RAD_Pages/Landing_Page": null

2024-01-14 16:23:00 - [TEST_STEP][PASSED] - orPath_TaxTypeFilingYear = "Object Repository/RAD_Pages/TaxTypeFilingYear_Page": null

2024-01-14 16:23:00 - [TEST_STEP][PASSED] - orPath_TaxPayer = "Object Repository/RAD_Pages/Taxpayer_Page": null

2024-01-14 16:23:00 - [TEST_STEP][PASSED] - orPath_AddressContact = "Object Repository/RAD_Pages/AddressAndContactInfo_Page": null

2024-01-14 16:23:00 - [TEST_STEP][PASSED] - orPath_FilingStatus = "Object Repository/RAD_Pages/FilingStatus_Page": null

2024-01-14 16:23:00 - [TEST_STEP][PASSED] - orPath_Amount = "Object Repository/RAD_Pages/PaymentAmount_Page": null

2024-01-14 16:23:00 - [TEST_STEP][PASSED] - orPath_TaxInfo = "Object Repository/RAD_Pages/TaxInfo_Page": null

2024-01-14 16:23:00 - [TEST_STEP][PASSED] - orPath_Withholding = "Object Repository/RAD_Pages/Withholding_Page": null

2024-01-14 16:23:00 - [TEST_STEP][PASSED] - orPath_Summary = "Object Repository/RAD_Pages/Summary_Page": null

2024-01-14 16:23:00 - [TEST_STEP][PASSED] - orPath_PaymentReady = "Object Repository/RAD_Pages/PaymentReady_Page": null

2024-01-14 16:23:00 - [TEST_STEP][PASSED] - orPath_PaymentEntry = "Object Repository/RAD_Pages/PaymentEntry_Page": null

2024-01-14 16:23:00 - [TEST_STEP][PASSED] - orPath_PaymentConfirmation = "Object Repository/RAD_Pages/PaymentConfirmation_Page": null

2024-01-14 16:23:00 - [TEST_STEP][PASSED] - orPath_ServiceFeesAccept = "Object Repository/RAD_Pages/ServiceFeeAccept_Page": null

2024-01-14 16:23:00 - [TEST_STEP][PASSED] - selectOptionByLabel(findTestObject(orPath_Landing + "/dd_TaxType"), Taxtype, false): All options with label 'Existing Liability w/Notice Number' are selected in object 'Object Repository/RAD_Pages/Landing_Page/dd_TaxType' 

2024-01-14 16:23:01 - [MESSAGE][PASSED] - All options with label 'Existing Liability w/Notice Number' are selected in object 'Object Repository/RAD_Pages/Landing_Page/dd_TaxType' 

2024-01-14 16:23:01 - [TEST_STEP][PASSED] - delay(1): Delayed 1 second(s)

2024-01-14 16:23:02 - [MESSAGE][PASSED] - Delayed 1 second(s)

2024-01-14 16:23:02 - [TEST_STEP][PASSED] - selectOptionByLabel(findTestObject(orPath_TaxTypeFilingYear + "/select_TaxType_ExistingLiability"), TaxTypeEL, false): All options with label 'Tobacco Tax' are selected in object 'Object Repository/RAD_Pages/TaxTypeFilingYear_Page/select_TaxType_ExistingLiability' 

2024-01-14 16:23:03 - [MESSAGE][PASSED] - All options with label 'Tobacco Tax' are selected in object 'Object Repository/RAD_Pages/TaxTypeFilingYear_Page/select_TaxType_ExistingLiability' 

2024-01-14 16:23:03 - [TEST_STEP][PASSED] - setText(findTestObject(orPath_TaxInfo + "/input_NoticeInvoiceNumber"), notInvNumber): Text '0000000000000' is set on object 'Object Repository/RAD_Pages/TaxInfo_Page/input_NoticeInvoiceNumber'

2024-01-14 16:23:04 - [MESSAGE][PASSED] - Text '0000000000000' is set on object 'Object Repository/RAD_Pages/TaxInfo_Page/input_NoticeInvoiceNumber'

2024-01-14 16:23:04 - [TEST_STEP][PASSED] - setText(findTestObject(orPath_TaxInfo + "/input_reTypeNoticeInvoiceNumber"), notInvNumber): Text '0000000000000' is set on object 'Object Repository/RAD_Pages/TaxInfo_Page/input_reTypeNoticeInvoiceNumber'

2024-01-14 16:23:05 - [MESSAGE][PASSED] - Text '0000000000000' is set on object 'Object Repository/RAD_Pages/TaxInfo_Page/input_reTypeNoticeInvoiceNumber'

2024-01-14 16:23:05 - [TEST_STEP][PASSED] - println(notInvNumber): null

2024-01-14 16:23:05 - [TEST_STEP][PASSED] - if (verifyTextPresent(errorMsg, true)): null

2024-01-14 16:23:05 - [MESSAGE][PASSED] - Text 'Notice Number must be 13 digits in length, with a value greater than zero' is present on page  using regular expression

2024-01-14 16:23:05 - [TEST_STEP][PASSED] - println("Error Message is present on the page"): null

2024-01-14 16:23:05 - [TEST_STEP][PASSED] - out.println("Pass Record Number: " + row): null

2024-01-14 16:23:05 - [TEST_STEP][PASSED] - resText = "Pass": null

2024-01-14 16:23:05 - [TEST_STEP][PASSED] - pages.WriteExcel.demoKey(resText, datText, resColumn, datCloumn, fileLoc, nameSheet, row): pages.WriteExcel.demoKey is PASSED

2024-01-14 16:23:05 - [MESSAGE][PASSED] - pages.WriteExcel.demoKey is PASSED

2024-01-14 16:23:05 - [TEST_STEP][PASSED] - ExecuteTC = findTestData(dataFile).getValue("Execute", row): null

2024-01-14 16:23:05 - [TEST_STEP][PASSED] - Taxtype = findTestData(dataFile).getValue("TaxType", row): null

2024-01-14 16:23:05 - [TEST_STEP][PASSED] - TaxTypeEL = findTestData(dataFile).getValue("TaxTypeEL", row): null

2024-01-14 16:23:05 - [TEST_STEP][PASSED] - notInvNumber = findTestData(dataFile).getValue("NotiInvoNumber", row): null

2024-01-14 16:23:05 - [TEST_STEP][PASSED] - errorMsg = findTestData(dataFile).getValue("ErrorMessage", row): null

2024-01-14 16:23:05 - [TEST_STEP][PASSED] - out.println("Value of Execute is : " + ExecuteTC): null

2024-01-14 16:23:05 - [TEST_STEP][PASSED] - if (ExecuteTC.equalsIgnoreCase("Y")): null

2024-01-14 16:23:05 - [TEST_STEP][PASSED] - out.println("Begin Record Number: " + row): null

2024-01-14 16:23:05 - [TEST_STEP][PASSED] - today = new java.util.Date(): null

2024-01-14 16:23:05 - [TEST_STEP][PASSED] - println(today): null

2024-01-14 16:23:05 - [TEST_STEP][PASSED] - datText = today: null

2024-01-14 16:23:05 - [TEST_STEP][PASSED] - Taxtype = findTestData(dataFile).getValue("TaxType", row): null

2024-01-14 16:23:05 - [TEST_STEP][PASSED] - out.println("Taxtype value is : " + Taxtype): null

2024-01-14 16:23:05 - [TEST_STEP][PASSED] - openBrowser(""): Browser is opened with url: ''

2024-01-14 16:23:05 - [MESSAGE][WARNING] - A browser is already opened. Closing browser and opening a new one

2024-01-14 16:23:06 - [MESSAGE][INFO] - Starting 'Chrome' driver

2024-01-14 16:23:06 - [MESSAGE][INFO] - User set preference: ['acceptInsecureCerts', 'true']

2024-01-14 16:23:06 - [MESSAGE][INFO] - Action delay is set to 0 milliseconds

2024-01-14 16:23:08 - [MESSAGE][PASSED] - Browser is opened with url: ''

2024-01-14 16:23:08 - [TEST_STEP][PASSED] - maximizeWindow(): Current window maximized

2024-01-14 16:23:08 - [MESSAGE][PASSED] - Current window maximized

2024-01-14 16:23:08 - [TEST_STEP][PASSED] - navigateToUrl(RADurl): Navigate to 'https://qa2.velocitypayment.com/client/rad/index.html' successfully

2024-01-14 16:23:10 - [MESSAGE][PASSED] - Navigate to 'https://qa2.velocitypayment.com/client/rad/index.html' successfully

2024-01-14 16:23:10 - [TEST_STEP][PASSED] - orPath_Landing = "Object Repository/RAD_Pages/Landing_Page": null

2024-01-14 16:23:10 - [TEST_STEP][PASSED] - orPath_TaxTypeFilingYear = "Object Repository/RAD_Pages/TaxTypeFilingYear_Page": null

2024-01-14 16:23:10 - [TEST_STEP][PASSED] - orPath_TaxPayer = "Object Repository/RAD_Pages/Taxpayer_Page": null

2024-01-14 16:23:10 - [TEST_STEP][PASSED] - orPath_AddressContact = "Object Repository/RAD_Pages/AddressAndContactInfo_Page": null

2024-01-14 16:23:10 - [TEST_STEP][PASSED] - orPath_FilingStatus = "Object Repository/RAD_Pages/FilingStatus_Page": null

2024-01-14 16:23:10 - [TEST_STEP][PASSED] - orPath_Amount = "Object Repository/RAD_Pages/PaymentAmount_Page": null

2024-01-14 16:23:10 - [TEST_STEP][PASSED] - orPath_TaxInfo = "Object Repository/RAD_Pages/TaxInfo_Page": null

2024-01-14 16:23:10 - [TEST_STEP][PASSED] - orPath_Withholding = "Object Repository/RAD_Pages/Withholding_Page": null

2024-01-14 16:23:10 - [TEST_STEP][PASSED] - orPath_Summary = "Object Repository/RAD_Pages/Summary_Page": null

2024-01-14 16:23:10 - [TEST_STEP][PASSED] - orPath_PaymentReady = "Object Repository/RAD_Pages/PaymentReady_Page": null

2024-01-14 16:23:10 - [TEST_STEP][PASSED] - orPath_PaymentEntry = "Object Repository/RAD_Pages/PaymentEntry_Page": null

2024-01-14 16:23:10 - [TEST_STEP][PASSED] - orPath_PaymentConfirmation = "Object Repository/RAD_Pages/PaymentConfirmation_Page": null

2024-01-14 16:23:10 - [TEST_STEP][PASSED] - orPath_ServiceFeesAccept = "Object Repository/RAD_Pages/ServiceFeeAccept_Page": null

2024-01-14 16:23:10 - [TEST_STEP][PASSED] - selectOptionByLabel(findTestObject(orPath_Landing + "/dd_TaxType"), Taxtype, false): All options with label 'Existing Liability w/Notice Number' are selected in object 'Object Repository/RAD_Pages/Landing_Page/dd_TaxType' 

2024-01-14 16:23:10 - [MESSAGE][PASSED] - All options with label 'Existing Liability w/Notice Number' are selected in object 'Object Repository/RAD_Pages/Landing_Page/dd_TaxType' 

2024-01-14 16:23:10 - [TEST_STEP][PASSED] - delay(1): Delayed 1 second(s)

2024-01-14 16:23:11 - [MESSAGE][PASSED] - Delayed 1 second(s)

2024-01-14 16:23:11 - [TEST_STEP][PASSED] - selectOptionByLabel(findTestObject(orPath_TaxTypeFilingYear + "/select_TaxType_ExistingLiability"), TaxTypeEL, false): All options with label 'Transportation Network Services' are selected in object 'Object Repository/RAD_Pages/TaxTypeFilingYear_Page/select_TaxType_ExistingLiability' 

2024-01-14 16:23:12 - [MESSAGE][PASSED] - All options with label 'Transportation Network Services' are selected in object 'Object Repository/RAD_Pages/TaxTypeFilingYear_Page/select_TaxType_ExistingLiability' 

2024-01-14 16:23:12 - [TEST_STEP][PASSED] - setText(findTestObject(orPath_TaxInfo + "/input_NoticeInvoiceNumber"), notInvNumber): Text '0000000000000' is set on object 'Object Repository/RAD_Pages/TaxInfo_Page/input_NoticeInvoiceNumber'

2024-01-14 16:23:13 - [MESSAGE][PASSED] - Text '0000000000000' is set on object 'Object Repository/RAD_Pages/TaxInfo_Page/input_NoticeInvoiceNumber'

2024-01-14 16:23:13 - [TEST_STEP][PASSED] - setText(findTestObject(orPath_TaxInfo + "/input_reTypeNoticeInvoiceNumber"), notInvNumber): Text '0000000000000' is set on object 'Object Repository/RAD_Pages/TaxInfo_Page/input_reTypeNoticeInvoiceNumber'

2024-01-14 16:23:14 - [MESSAGE][PASSED] - Text '0000000000000' is set on object 'Object Repository/RAD_Pages/TaxInfo_Page/input_reTypeNoticeInvoiceNumber'

2024-01-14 16:23:14 - [TEST_STEP][PASSED] - println(notInvNumber): null

2024-01-14 16:23:14 - [TEST_STEP][PASSED] - if (verifyTextPresent(errorMsg, true)): null

2024-01-14 16:23:14 - [MESSAGE][PASSED] - Text 'Notice Number must be 13 digits in length, with a value greater than zero' is present on page  using regular expression

2024-01-14 16:23:14 - [TEST_STEP][PASSED] - println("Error Message is present on the page"): null

2024-01-14 16:23:14 - [TEST_STEP][PASSED] - out.println("Pass Record Number: " + row): null

2024-01-14 16:23:14 - [TEST_STEP][PASSED] - resText = "Pass": null

2024-01-14 16:23:14 - [TEST_STEP][PASSED] - pages.WriteExcel.demoKey(resText, datText, resColumn, datCloumn, fileLoc, nameSheet, row): pages.WriteExcel.demoKey is PASSED

2024-01-14 16:23:14 - [MESSAGE][PASSED] - pages.WriteExcel.demoKey is PASSED

2024-01-14 16:23:14 - [TEST_STEP][PASSED] - ExecuteTC = findTestData(dataFile).getValue("Execute", row): null

2024-01-14 16:23:14 - [TEST_STEP][PASSED] - Taxtype = findTestData(dataFile).getValue("TaxType", row): null

2024-01-14 16:23:14 - [TEST_STEP][PASSED] - TaxTypeEL = findTestData(dataFile).getValue("TaxTypeEL", row): null

2024-01-14 16:23:14 - [TEST_STEP][PASSED] - notInvNumber = findTestData(dataFile).getValue("NotiInvoNumber", row): null

2024-01-14 16:23:15 - [TEST_STEP][PASSED] - errorMsg = findTestData(dataFile).getValue("ErrorMessage", row): null

2024-01-14 16:23:15 - [TEST_STEP][PASSED] - out.println("Value of Execute is : " + ExecuteTC): null

2024-01-14 16:23:15 - [TEST_STEP][PASSED] - if (ExecuteTC.equalsIgnoreCase("Y")): null

2024-01-14 16:23:15 - [TEST_STEP][PASSED] - out.println("Begin Record Number: " + row): null

2024-01-14 16:23:15 - [TEST_STEP][PASSED] - today = new java.util.Date(): null

2024-01-14 16:23:15 - [TEST_STEP][PASSED] - println(today): null

2024-01-14 16:23:15 - [TEST_STEP][PASSED] - datText = today: null

2024-01-14 16:23:15 - [TEST_STEP][PASSED] - Taxtype = findTestData(dataFile).getValue("TaxType", row): null

2024-01-14 16:23:15 - [TEST_STEP][PASSED] - out.println("Taxtype value is : " + Taxtype): null

2024-01-14 16:23:15 - [TEST_STEP][PASSED] - openBrowser(""): Browser is opened with url: ''

2024-01-14 16:23:15 - [MESSAGE][WARNING] - A browser is already opened. Closing browser and opening a new one

2024-01-14 16:23:16 - [MESSAGE][INFO] - Starting 'Chrome' driver

2024-01-14 16:23:16 - [MESSAGE][INFO] - User set preference: ['acceptInsecureCerts', 'true']

2024-01-14 16:23:16 - [MESSAGE][INFO] - Action delay is set to 0 milliseconds

2024-01-14 16:23:17 - [MESSAGE][PASSED] - Browser is opened with url: ''

2024-01-14 16:23:17 - [TEST_STEP][PASSED] - maximizeWindow(): Current window maximized

2024-01-14 16:23:17 - [MESSAGE][PASSED] - Current window maximized

2024-01-14 16:23:17 - [TEST_STEP][PASSED] - navigateToUrl(RADurl): Navigate to 'https://qa2.velocitypayment.com/client/rad/index.html' successfully

2024-01-14 16:23:18 - [MESSAGE][PASSED] - Navigate to 'https://qa2.velocitypayment.com/client/rad/index.html' successfully

2024-01-14 16:23:18 - [TEST_STEP][PASSED] - orPath_Landing = "Object Repository/RAD_Pages/Landing_Page": null

2024-01-14 16:23:18 - [TEST_STEP][PASSED] - orPath_TaxTypeFilingYear = "Object Repository/RAD_Pages/TaxTypeFilingYear_Page": null

2024-01-14 16:23:18 - [TEST_STEP][PASSED] - orPath_TaxPayer = "Object Repository/RAD_Pages/Taxpayer_Page": null

2024-01-14 16:23:18 - [TEST_STEP][PASSED] - orPath_AddressContact = "Object Repository/RAD_Pages/AddressAndContactInfo_Page": null

2024-01-14 16:23:18 - [TEST_STEP][PASSED] - orPath_FilingStatus = "Object Repository/RAD_Pages/FilingStatus_Page": null

2024-01-14 16:23:18 - [TEST_STEP][PASSED] - orPath_Amount = "Object Repository/RAD_Pages/PaymentAmount_Page": null

2024-01-14 16:23:18 - [TEST_STEP][PASSED] - orPath_TaxInfo = "Object Repository/RAD_Pages/TaxInfo_Page": null

2024-01-14 16:23:18 - [TEST_STEP][PASSED] - orPath_Withholding = "Object Repository/RAD_Pages/Withholding_Page": null

2024-01-14 16:23:18 - [TEST_STEP][PASSED] - orPath_Summary = "Object Repository/RAD_Pages/Summary_Page": null

2024-01-14 16:23:18 - [TEST_STEP][PASSED] - orPath_PaymentReady = "Object Repository/RAD_Pages/PaymentReady_Page": null

2024-01-14 16:23:18 - [TEST_STEP][PASSED] - orPath_PaymentEntry = "Object Repository/RAD_Pages/PaymentEntry_Page": null

2024-01-14 16:23:18 - [TEST_STEP][PASSED] - orPath_PaymentConfirmation = "Object Repository/RAD_Pages/PaymentConfirmation_Page": null

2024-01-14 16:23:18 - [TEST_STEP][PASSED] - orPath_ServiceFeesAccept = "Object Repository/RAD_Pages/ServiceFeeAccept_Page": null

2024-01-14 16:23:18 - [TEST_STEP][PASSED] - selectOptionByLabel(findTestObject(orPath_Landing + "/dd_TaxType"), Taxtype, false): All options with label 'Existing Liability w/Notice Number' are selected in object 'Object Repository/RAD_Pages/Landing_Page/dd_TaxType' 

2024-01-14 16:23:19 - [MESSAGE][PASSED] - All options with label 'Existing Liability w/Notice Number' are selected in object 'Object Repository/RAD_Pages/Landing_Page/dd_TaxType' 

2024-01-14 16:23:19 - [TEST_STEP][PASSED] - delay(1): Delayed 1 second(s)

2024-01-14 16:23:20 - [MESSAGE][PASSED] - Delayed 1 second(s)

2024-01-14 16:23:20 - [TEST_STEP][PASSED] - selectOptionByLabel(findTestObject(orPath_TaxTypeFilingYear + "/select_TaxType_ExistingLiability"), TaxTypeEL, false): All options with label 'Unclaimed Property' are selected in object 'Object Repository/RAD_Pages/TaxTypeFilingYear_Page/select_TaxType_ExistingLiability' 

2024-01-14 16:23:21 - [MESSAGE][PASSED] - All options with label 'Unclaimed Property' are selected in object 'Object Repository/RAD_Pages/TaxTypeFilingYear_Page/select_TaxType_ExistingLiability' 

2024-01-14 16:23:21 - [TEST_STEP][PASSED] - setText(findTestObject(orPath_TaxInfo + "/input_NoticeInvoiceNumber"), notInvNumber): Text '0000000000000' is set on object 'Object Repository/RAD_Pages/TaxInfo_Page/input_NoticeInvoiceNumber'

2024-01-14 16:23:22 - [MESSAGE][PASSED] - Text '0000000000000' is set on object 'Object Repository/RAD_Pages/TaxInfo_Page/input_NoticeInvoiceNumber'

2024-01-14 16:23:22 - [TEST_STEP][PASSED] - setText(findTestObject(orPath_TaxInfo + "/input_reTypeNoticeInvoiceNumber"), notInvNumber): Text '0000000000000' is set on object 'Object Repository/RAD_Pages/TaxInfo_Page/input_reTypeNoticeInvoiceNumber'

2024-01-14 16:23:23 - [MESSAGE][PASSED] - Text '0000000000000' is set on object 'Object Repository/RAD_Pages/TaxInfo_Page/input_reTypeNoticeInvoiceNumber'

2024-01-14 16:23:23 - [TEST_STEP][PASSED] - println(notInvNumber): null

2024-01-14 16:23:23 - [TEST_STEP][PASSED] - if (verifyTextPresent(errorMsg, true)): null

2024-01-14 16:23:23 - [MESSAGE][PASSED] - Text 'Notice Number must be 13 digits in length, with a value greater than zero' is present on page  using regular expression

2024-01-14 16:23:23 - [TEST_STEP][PASSED] - println("Error Message is present on the page"): null

2024-01-14 16:23:23 - [TEST_STEP][PASSED] - out.println("Pass Record Number: " + row): null

2024-01-14 16:23:23 - [TEST_STEP][PASSED] - resText = "Pass": null

2024-01-14 16:23:23 - [TEST_STEP][PASSED] - pages.WriteExcel.demoKey(resText, datText, resColumn, datCloumn, fileLoc, nameSheet, row): pages.WriteExcel.demoKey is PASSED

2024-01-14 16:23:23 - [MESSAGE][PASSED] - pages.WriteExcel.demoKey is PASSED

2024-01-14 16:23:23 - [TEST_STEP][PASSED] - ExecuteTC = findTestData(dataFile).getValue("Execute", row): null

2024-01-14 16:23:24 - [TEST_STEP][PASSED] - Taxtype = findTestData(dataFile).getValue("TaxType", row): null

2024-01-14 16:23:24 - [TEST_STEP][PASSED] - TaxTypeEL = findTestData(dataFile).getValue("TaxTypeEL", row): null

2024-01-14 16:23:24 - [TEST_STEP][PASSED] - notInvNumber = findTestData(dataFile).getValue("NotiInvoNumber", row): null

2024-01-14 16:23:24 - [TEST_STEP][PASSED] - errorMsg = findTestData(dataFile).getValue("ErrorMessage", row): null

2024-01-14 16:23:24 - [TEST_STEP][PASSED] - out.println("Value of Execute is : " + ExecuteTC): null

2024-01-14 16:23:24 - [TEST_STEP][PASSED] - if (ExecuteTC.equalsIgnoreCase("Y")): null

2024-01-14 16:23:24 - [TEST_STEP][PASSED] - out.println("Begin Record Number: " + row): null

2024-01-14 16:23:24 - [TEST_STEP][PASSED] - today = new java.util.Date(): null

2024-01-14 16:23:24 - [TEST_STEP][PASSED] - println(today): null

2024-01-14 16:23:24 - [TEST_STEP][PASSED] - datText = today: null

2024-01-14 16:23:24 - [TEST_STEP][PASSED] - Taxtype = findTestData(dataFile).getValue("TaxType", row): null

2024-01-14 16:23:24 - [TEST_STEP][PASSED] - out.println("Taxtype value is : " + Taxtype): null

2024-01-14 16:23:24 - [TEST_STEP][PASSED] - openBrowser(""): Browser is opened with url: ''

2024-01-14 16:23:24 - [MESSAGE][WARNING] - A browser is already opened. Closing browser and opening a new one

2024-01-14 16:23:25 - [MESSAGE][INFO] - Starting 'Chrome' driver

2024-01-14 16:23:25 - [MESSAGE][INFO] - User set preference: ['acceptInsecureCerts', 'true']

2024-01-14 16:23:25 - [MESSAGE][INFO] - Action delay is set to 0 milliseconds

2024-01-14 16:23:26 - [MESSAGE][PASSED] - Browser is opened with url: ''

2024-01-14 16:23:26 - [TEST_STEP][PASSED] - maximizeWindow(): Current window maximized

2024-01-14 16:23:26 - [MESSAGE][PASSED] - Current window maximized

2024-01-14 16:23:26 - [TEST_STEP][PASSED] - navigateToUrl(RADurl): Navigate to 'https://qa2.velocitypayment.com/client/rad/index.html' successfully

2024-01-14 16:23:28 - [MESSAGE][PASSED] - Navigate to 'https://qa2.velocitypayment.com/client/rad/index.html' successfully

2024-01-14 16:23:28 - [TEST_STEP][PASSED] - orPath_Landing = "Object Repository/RAD_Pages/Landing_Page": null

2024-01-14 16:23:28 - [TEST_STEP][PASSED] - orPath_TaxTypeFilingYear = "Object Repository/RAD_Pages/TaxTypeFilingYear_Page": null

2024-01-14 16:23:28 - [TEST_STEP][PASSED] - orPath_TaxPayer = "Object Repository/RAD_Pages/Taxpayer_Page": null

2024-01-14 16:23:28 - [TEST_STEP][PASSED] - orPath_AddressContact = "Object Repository/RAD_Pages/AddressAndContactInfo_Page": null

2024-01-14 16:23:28 - [TEST_STEP][PASSED] - orPath_FilingStatus = "Object Repository/RAD_Pages/FilingStatus_Page": null

2024-01-14 16:23:28 - [TEST_STEP][PASSED] - orPath_Amount = "Object Repository/RAD_Pages/PaymentAmount_Page": null

2024-01-14 16:23:28 - [TEST_STEP][PASSED] - orPath_TaxInfo = "Object Repository/RAD_Pages/TaxInfo_Page": null

2024-01-14 16:23:28 - [TEST_STEP][PASSED] - orPath_Withholding = "Object Repository/RAD_Pages/Withholding_Page": null

2024-01-14 16:23:28 - [TEST_STEP][PASSED] - orPath_Summary = "Object Repository/RAD_Pages/Summary_Page": null

2024-01-14 16:23:28 - [TEST_STEP][PASSED] - orPath_PaymentReady = "Object Repository/RAD_Pages/PaymentReady_Page": null

2024-01-14 16:23:28 - [TEST_STEP][PASSED] - orPath_PaymentEntry = "Object Repository/RAD_Pages/PaymentEntry_Page": null

2024-01-14 16:23:28 - [TEST_STEP][PASSED] - orPath_PaymentConfirmation = "Object Repository/RAD_Pages/PaymentConfirmation_Page": null

2024-01-14 16:23:28 - [TEST_STEP][PASSED] - orPath_ServiceFeesAccept = "Object Repository/RAD_Pages/ServiceFeeAccept_Page": null

2024-01-14 16:23:28 - [TEST_STEP][PASSED] - selectOptionByLabel(findTestObject(orPath_Landing + "/dd_TaxType"), Taxtype, false): All options with label 'Existing Liability w/Notice Number' are selected in object 'Object Repository/RAD_Pages/Landing_Page/dd_TaxType' 

2024-01-14 16:23:28 - [MESSAGE][PASSED] - All options with label 'Existing Liability w/Notice Number' are selected in object 'Object Repository/RAD_Pages/Landing_Page/dd_TaxType' 

2024-01-14 16:23:28 - [TEST_STEP][PASSED] - delay(1): Delayed 1 second(s)

2024-01-14 16:23:29 - [MESSAGE][PASSED] - Delayed 1 second(s)

2024-01-14 16:23:29 - [TEST_STEP][PASSED] - selectOptionByLabel(findTestObject(orPath_TaxTypeFilingYear + "/select_TaxType_ExistingLiability"), TaxTypeEL, false): All options with label 'IFTA Tax' are selected in object 'Object Repository/RAD_Pages/TaxTypeFilingYear_Page/select_TaxType_ExistingLiability' 

2024-01-14 16:23:30 - [MESSAGE][PASSED] - All options with label 'IFTA Tax' are selected in object 'Object Repository/RAD_Pages/TaxTypeFilingYear_Page/select_TaxType_ExistingLiability' 

2024-01-14 16:23:30 - [TEST_STEP][PASSED] - setText(findTestObject(orPath_TaxInfo + "/input_NoticeInvoiceNumber"), notInvNumber): Text '0000000000000' is set on object 'Object Repository/RAD_Pages/TaxInfo_Page/input_NoticeInvoiceNumber'

2024-01-14 16:23:31 - [MESSAGE][PASSED] - Text '0000000000000' is set on object 'Object Repository/RAD_Pages/TaxInfo_Page/input_NoticeInvoiceNumber'

2024-01-14 16:23:31 - [TEST_STEP][PASSED] - setText(findTestObject(orPath_TaxInfo + "/input_reTypeNoticeInvoiceNumber"), notInvNumber): Text '0000000000000' is set on object 'Object Repository/RAD_Pages/TaxInfo_Page/input_reTypeNoticeInvoiceNumber'

2024-01-14 16:23:32 - [MESSAGE][PASSED] - Text '0000000000000' is set on object 'Object Repository/RAD_Pages/TaxInfo_Page/input_reTypeNoticeInvoiceNumber'

2024-01-14 16:23:32 - [TEST_STEP][PASSED] - println(notInvNumber): null

2024-01-14 16:23:32 - [TEST_STEP][PASSED] - if (verifyTextPresent(errorMsg, true)): null

2024-01-14 16:23:33 - [MESSAGE][PASSED] - Text 'Notice Number must be 13 digits in length, with a value greater than zero' is present on page  using regular expression

2024-01-14 16:23:33 - [TEST_STEP][PASSED] - println("Error Message is present on the page"): null

2024-01-14 16:23:33 - [TEST_STEP][PASSED] - out.println("Pass Record Number: " + row): null

2024-01-14 16:23:33 - [TEST_STEP][PASSED] - resText = "Pass": null

2024-01-14 16:23:33 - [TEST_STEP][PASSED] - pages.WriteExcel.demoKey(resText, datText, resColumn, datCloumn, fileLoc, nameSheet, row): pages.WriteExcel.demoKey is PASSED

2024-01-14 16:23:33 - [MESSAGE][PASSED] - pages.WriteExcel.demoKey is PASSED]]></system-out>
         <system-err><![CDATA[]]></system-err>
      </testcase>
      <testcase name="Test Cases/RAD_TestCases/Negative_TestCases/EMailNoMatch" time="553.131" classname="Test Cases/RAD_TestCases/Negative_TestCases/EMailNoMatch" status="PASSED">
         <system-out><![CDATA[2024-01-14 16:23:33 - [TEST_CASE][PASSED] - Test Cases/RAD_TestCases/Negative_TestCases/EMailNoMatch: Test Cases/RAD_TestCases/Negative_TestCases/EMailNoMatch

2024-01-14 16:23:33 - [TEST_STEP][PASSED] - resText = "Fail": null

2024-01-14 16:23:33 - [TEST_STEP][PASSED] - resColumn = "Result": null

2024-01-14 16:23:33 - [TEST_STEP][PASSED] - datCloumn = "Date": null

2024-01-14 16:23:33 - [TEST_STEP][PASSED] - fileLoc = "KatalonData/RADTestData/EmailNoMatch.xlsx": null

2024-01-14 16:23:33 - [TEST_STEP][PASSED] - nameSheet = "Sheet1": null

2024-01-14 16:23:33 - [TEST_STEP][PASSED] - dataFile = "RADTestData/EmailNoMatch": null

2024-01-14 16:23:33 - [TEST_STEP][PASSED] - ExecuteTC = <not implemented yet for class: org.codehaus.groovy.ast.expr.EmptyExpression>: null

2024-01-14 16:23:33 - [TEST_STEP][PASSED] - Taxtype = <not implemented yet for class: org.codehaus.groovy.ast.expr.EmptyExpression>: null

2024-01-14 16:23:33 - [TEST_STEP][PASSED] - numOfRows = findTestData(dataFile).getRowNumbers(): null

2024-01-14 16:23:33 - [TEST_STEP][PASSED] - println("Number of Records: " + numOfRows): null

2024-01-14 16:23:33 - [TEST_STEP][PASSED] - for ([row = 1, row <= numOfRows, (row++)]): null

2024-01-14 16:23:33 - [TEST_STEP][PASSED] - ExecuteTC = findTestData(dataFile).getValue("Execute", row): null

2024-01-14 16:23:33 - [TEST_STEP][PASSED] - Taxtype = findTestData(dataFile).getValue("TaxType", row): null

2024-01-14 16:23:33 - [TEST_STEP][PASSED] - Paymenttype = findTestData(dataFile).getValue("PaymentType", row): null

2024-01-14 16:23:33 - [TEST_STEP][PASSED] - out.println("Value of Execute is : " + ExecuteTC): null

2024-01-14 16:23:33 - [TEST_STEP][PASSED] - if (ExecuteTC.equalsIgnoreCase("Y")): null

2024-01-14 16:23:33 - [TEST_STEP][PASSED] - out.println("Begin Record Number: " + row): null

2024-01-14 16:23:33 - [TEST_STEP][PASSED] - today = new java.util.Date(): null

2024-01-14 16:23:33 - [TEST_STEP][PASSED] - println(today): null

2024-01-14 16:23:33 - [TEST_STEP][PASSED] - datText = today: null

2024-01-14 16:23:33 - [TEST_STEP][PASSED] - Taxtype = findTestData(dataFile).getValue("TaxType", row): null

2024-01-14 16:23:33 - [TEST_STEP][PASSED] - out.println("Taxtype value is : " + Taxtype): null

2024-01-14 16:23:33 - [TEST_STEP][PASSED] - openBrowser(""): Browser is opened with url: ''

2024-01-14 16:23:33 - [MESSAGE][WARNING] - A browser is already opened. Closing browser and opening a new one

2024-01-14 16:23:34 - [MESSAGE][INFO] - Starting 'Chrome' driver

2024-01-14 16:23:34 - [MESSAGE][INFO] - User set preference: ['acceptInsecureCerts', 'true']

2024-01-14 16:23:34 - [MESSAGE][INFO] - Action delay is set to 0 milliseconds

2024-01-14 16:23:36 - [MESSAGE][PASSED] - Browser is opened with url: ''

2024-01-14 16:23:36 - [TEST_STEP][PASSED] - maximizeWindow(): Current window maximized

2024-01-14 16:23:36 - [MESSAGE][PASSED] - Current window maximized

2024-01-14 16:23:36 - [TEST_STEP][PASSED] - navigateToUrl(RADurl): Navigate to 'https://qa2.velocitypayment.com/client/rad/index.html' successfully

2024-01-14 16:23:38 - [MESSAGE][PASSED] - Navigate to 'https://qa2.velocitypayment.com/client/rad/index.html' successfully

2024-01-14 16:23:38 - [TEST_STEP][PASSED] - orPath_Landing = "Object Repository/RAD_Pages/Landing_Page": null

2024-01-14 16:23:38 - [TEST_STEP][PASSED] - orPath_TaxTypeFilingYear = "Object Repository/RAD_Pages/TaxTypeFilingYear_Page": null

2024-01-14 16:23:38 - [TEST_STEP][PASSED] - orPath_TaxPayer = "Object Repository/RAD_Pages/Taxpayer_Page": null

2024-01-14 16:23:38 - [TEST_STEP][PASSED] - orPath_AddressContact = "Object Repository/RAD_Pages/AddressAndContactInfo_Page": null

2024-01-14 16:23:38 - [TEST_STEP][PASSED] - orPath_FilingStatus = "Object Repository/RAD_Pages/FilingStatus_Page": null

2024-01-14 16:23:38 - [TEST_STEP][PASSED] - orPath_Amount = "Object Repository/RAD_Pages/PaymentAmount_Page": null

2024-01-14 16:23:38 - [TEST_STEP][PASSED] - selectOptionByLabel(findTestObject(orPath_Landing + "/dd_TaxType"), Paymenttype, false): All options with label 'Existing Liability w/Notice Number' are selected in object 'Object Repository/RAD_Pages/Landing_Page/dd_TaxType' 

2024-01-14 16:23:38 - [MESSAGE][PASSED] - All options with label 'Existing Liability w/Notice Number' are selected in object 'Object Repository/RAD_Pages/Landing_Page/dd_TaxType' 

2024-01-14 16:23:38 - [TEST_STEP][PASSED] - delay(1): Delayed 1 second(s)

2024-01-14 16:23:39 - [MESSAGE][PASSED] - Delayed 1 second(s)

2024-01-14 16:23:39 - [TEST_STEP][PASSED] - switch (Paymenttype): null

2024-01-14 16:23:39 - [TEST_STEP][PASSED] - case "Existing Liability w/Notice Number":: null

2024-01-14 16:23:39 - [TEST_STEP][PASSED] - selectOptionByLabel(findTestObject(orPath_TaxTypeFilingYear + "/select_TaxType_ExistingLiability"), Taxtype, false): All options with label 'Bay Restoration Fee' are selected in object 'Object Repository/RAD_Pages/TaxTypeFilingYear_Page/select_TaxType_ExistingLiability' 

2024-01-14 16:23:40 - [MESSAGE][PASSED] - All options with label 'Bay Restoration Fee' are selected in object 'Object Repository/RAD_Pages/TaxTypeFilingYear_Page/select_TaxType_ExistingLiability' 

2024-01-14 16:23:40 - [TEST_STEP][PASSED] - break: null

2024-01-14 16:23:40 - [TEST_STEP][PASSED] - delay(1): Delayed 1 second(s)

2024-01-14 16:23:41 - [MESSAGE][PASSED] - Delayed 1 second(s)

2024-01-14 16:23:41 - [TEST_STEP][PASSED] - scrollToElement(findTestObject(orPath_Amount + "/input__paymentAmount"), 3): Scroll to object 'Object Repository/RAD_Pages/PaymentAmount_Page/input__paymentAmount' successfully

2024-01-14 16:23:41 - [MESSAGE][PASSED] - Scroll to object 'Object Repository/RAD_Pages/PaymentAmount_Page/input__paymentAmount' successfully

2024-01-14 16:23:41 - [TEST_STEP][PASSED] - setText(findTestObject(orPath_AddressContact + "/input_eMailAddress"), "imtiazster@gmail.com"): Text 'imtiazster@gmail.com' is set on object 'Object Repository/RAD_Pages/AddressAndContactInfo_Page/input_eMailAddress'

2024-01-14 16:23:42 - [MESSAGE][PASSED] - Text 'imtiazster@gmail.com' is set on object 'Object Repository/RAD_Pages/AddressAndContactInfo_Page/input_eMailAddress'

2024-01-14 16:23:42 - [TEST_STEP][PASSED] - setText(findTestObject(orPath_AddressContact + "/input_reEnterEMailAddress"), "iahmed@govolution.com"): Text 'iahmed@govolution.com' is set on object 'Object Repository/RAD_Pages/AddressAndContactInfo_Page/input_reEnterEMailAddress'

2024-01-14 16:23:43 - [MESSAGE][PASSED] - Text 'iahmed@govolution.com' is set on object 'Object Repository/RAD_Pages/AddressAndContactInfo_Page/input_reEnterEMailAddress'

2024-01-14 16:23:43 - [TEST_STEP][PASSED] - delay(2): Delayed 2 second(s)

2024-01-14 16:23:45 - [MESSAGE][PASSED] - Delayed 2 second(s)

2024-01-14 16:23:45 - [TEST_STEP][PASSED] - if (verifyTextPresent("The Email and Re-enter email do not match", true)): null

2024-01-14 16:23:45 - [MESSAGE][PASSED] - Text 'The Email and Re-enter email do not match' is present on page  using regular expression

2024-01-14 16:23:45 - [TEST_STEP][PASSED] - println("Emails Dont match text is present"): null

2024-01-14 16:23:45 - [TEST_STEP][PASSED] - out.println("Pass Record Number: " + row): null

2024-01-14 16:23:45 - [TEST_STEP][PASSED] - resText = "Pass": null

2024-01-14 16:23:45 - [TEST_STEP][PASSED] - pages.WriteExcel.demoKey(resText, datText, resColumn, datCloumn, fileLoc, nameSheet, row): pages.WriteExcel.demoKey is PASSED

2024-01-14 16:23:45 - [MESSAGE][PASSED] - pages.WriteExcel.demoKey is PASSED

2024-01-14 16:23:45 - [TEST_STEP][PASSED] - ExecuteTC = findTestData(dataFile).getValue("Execute", row): null

2024-01-14 16:23:45 - [TEST_STEP][PASSED] - Taxtype = findTestData(dataFile).getValue("TaxType", row): null

2024-01-14 16:23:45 - [TEST_STEP][PASSED] - Paymenttype = findTestData(dataFile).getValue("PaymentType", row): null

2024-01-14 16:23:45 - [TEST_STEP][PASSED] - out.println("Value of Execute is : " + ExecuteTC): null

2024-01-14 16:23:45 - [TEST_STEP][PASSED] - if (ExecuteTC.equalsIgnoreCase("Y")): null

2024-01-14 16:23:45 - [TEST_STEP][PASSED] - out.println("Begin Record Number: " + row): null

2024-01-14 16:23:45 - [TEST_STEP][PASSED] - today = new java.util.Date(): null

2024-01-14 16:23:45 - [TEST_STEP][PASSED] - println(today): null

2024-01-14 16:23:45 - [TEST_STEP][PASSED] - datText = today: null

2024-01-14 16:23:45 - [TEST_STEP][PASSED] - Taxtype = findTestData(dataFile).getValue("TaxType", row): null

2024-01-14 16:23:45 - [TEST_STEP][PASSED] - out.println("Taxtype value is : " + Taxtype): null

2024-01-14 16:23:45 - [TEST_STEP][PASSED] - openBrowser(""): Browser is opened with url: ''

2024-01-14 16:23:46 - [MESSAGE][WARNING] - A browser is already opened. Closing browser and opening a new one

2024-01-14 16:23:46 - [MESSAGE][INFO] - Starting 'Chrome' driver

2024-01-14 16:23:46 - [MESSAGE][INFO] - User set preference: ['acceptInsecureCerts', 'true']

2024-01-14 16:23:46 - [MESSAGE][INFO] - Action delay is set to 0 milliseconds

2024-01-14 16:23:48 - [MESSAGE][PASSED] - Browser is opened with url: ''

2024-01-14 16:23:48 - [TEST_STEP][PASSED] - maximizeWindow(): Current window maximized

2024-01-14 16:23:48 - [MESSAGE][PASSED] - Current window maximized

2024-01-14 16:23:48 - [TEST_STEP][PASSED] - navigateToUrl(RADurl): Navigate to 'https://qa2.velocitypayment.com/client/rad/index.html' successfully

2024-01-14 16:23:50 - [MESSAGE][PASSED] - Navigate to 'https://qa2.velocitypayment.com/client/rad/index.html' successfully

2024-01-14 16:23:50 - [TEST_STEP][PASSED] - orPath_Landing = "Object Repository/RAD_Pages/Landing_Page": null

2024-01-14 16:23:50 - [TEST_STEP][PASSED] - orPath_TaxTypeFilingYear = "Object Repository/RAD_Pages/TaxTypeFilingYear_Page": null

2024-01-14 16:23:50 - [TEST_STEP][PASSED] - orPath_TaxPayer = "Object Repository/RAD_Pages/Taxpayer_Page": null

2024-01-14 16:23:50 - [TEST_STEP][PASSED] - orPath_AddressContact = "Object Repository/RAD_Pages/AddressAndContactInfo_Page": null

2024-01-14 16:23:50 - [TEST_STEP][PASSED] - orPath_FilingStatus = "Object Repository/RAD_Pages/FilingStatus_Page": null

2024-01-14 16:23:50 - [TEST_STEP][PASSED] - orPath_Amount = "Object Repository/RAD_Pages/PaymentAmount_Page": null

2024-01-14 16:23:50 - [TEST_STEP][PASSED] - selectOptionByLabel(findTestObject(orPath_Landing + "/dd_TaxType"), Paymenttype, false): All options with label 'Existing Liability w/Notice Number' are selected in object 'Object Repository/RAD_Pages/Landing_Page/dd_TaxType' 

2024-01-14 16:23:50 - [MESSAGE][PASSED] - All options with label 'Existing Liability w/Notice Number' are selected in object 'Object Repository/RAD_Pages/Landing_Page/dd_TaxType' 

2024-01-14 16:23:50 - [TEST_STEP][PASSED] - delay(1): Delayed 1 second(s)

2024-01-14 16:23:51 - [MESSAGE][PASSED] - Delayed 1 second(s)

2024-01-14 16:23:51 - [TEST_STEP][PASSED] - switch (Paymenttype): null

2024-01-14 16:23:51 - [TEST_STEP][PASSED] - case "Existing Liability w/Notice Number":: null

2024-01-14 16:23:51 - [TEST_STEP][PASSED] - selectOptionByLabel(findTestObject(orPath_TaxTypeFilingYear + "/select_TaxType_ExistingLiability"), Taxtype, false): All options with label 'Corporate Income Tax' are selected in object 'Object Repository/RAD_Pages/TaxTypeFilingYear_Page/select_TaxType_ExistingLiability' 

2024-01-14 16:23:52 - [MESSAGE][PASSED] - All options with label 'Corporate Income Tax' are selected in object 'Object Repository/RAD_Pages/TaxTypeFilingYear_Page/select_TaxType_ExistingLiability' 

2024-01-14 16:23:52 - [TEST_STEP][PASSED] - break: null

2024-01-14 16:23:52 - [TEST_STEP][PASSED] - delay(1): Delayed 1 second(s)

2024-01-14 16:23:53 - [MESSAGE][PASSED] - Delayed 1 second(s)

2024-01-14 16:23:53 - [TEST_STEP][PASSED] - scrollToElement(findTestObject(orPath_Amount + "/input__paymentAmount"), 3): Scroll to object 'Object Repository/RAD_Pages/PaymentAmount_Page/input__paymentAmount' successfully

2024-01-14 16:23:53 - [MESSAGE][PASSED] - Scroll to object 'Object Repository/RAD_Pages/PaymentAmount_Page/input__paymentAmount' successfully

2024-01-14 16:23:53 - [TEST_STEP][PASSED] - setText(findTestObject(orPath_AddressContact + "/input_eMailAddress"), "imtiazster@gmail.com"): Text 'imtiazster@gmail.com' is set on object 'Object Repository/RAD_Pages/AddressAndContactInfo_Page/input_eMailAddress'

2024-01-14 16:23:54 - [MESSAGE][PASSED] - Text 'imtiazster@gmail.com' is set on object 'Object Repository/RAD_Pages/AddressAndContactInfo_Page/input_eMailAddress'

2024-01-14 16:23:54 - [TEST_STEP][PASSED] - setText(findTestObject(orPath_AddressContact + "/input_reEnterEMailAddress"), "iahmed@govolution.com"): Text 'iahmed@govolution.com' is set on object 'Object Repository/RAD_Pages/AddressAndContactInfo_Page/input_reEnterEMailAddress'

2024-01-14 16:23:55 - [MESSAGE][PASSED] - Text 'iahmed@govolution.com' is set on object 'Object Repository/RAD_Pages/AddressAndContactInfo_Page/input_reEnterEMailAddress'

2024-01-14 16:23:55 - [TEST_STEP][PASSED] - delay(2): Delayed 2 second(s)

2024-01-14 16:23:57 - [MESSAGE][PASSED] - Delayed 2 second(s)

2024-01-14 16:23:57 - [TEST_STEP][PASSED] - if (verifyTextPresent("The Email and Re-enter email do not match", true)): null

2024-01-14 16:23:57 - [MESSAGE][PASSED] - Text 'The Email and Re-enter email do not match' is present on page  using regular expression

2024-01-14 16:23:57 - [TEST_STEP][PASSED] - println("Emails Dont match text is present"): null

2024-01-14 16:23:57 - [TEST_STEP][PASSED] - out.println("Pass Record Number: " + row): null

2024-01-14 16:23:57 - [TEST_STEP][PASSED] - resText = "Pass": null

2024-01-14 16:23:57 - [TEST_STEP][PASSED] - pages.WriteExcel.demoKey(resText, datText, resColumn, datCloumn, fileLoc, nameSheet, row): pages.WriteExcel.demoKey is PASSED

2024-01-14 16:23:57 - [MESSAGE][PASSED] - pages.WriteExcel.demoKey is PASSED

2024-01-14 16:23:57 - [TEST_STEP][PASSED] - ExecuteTC = findTestData(dataFile).getValue("Execute", row): null

2024-01-14 16:23:57 - [TEST_STEP][PASSED] - Taxtype = findTestData(dataFile).getValue("TaxType", row): null

2024-01-14 16:23:57 - [TEST_STEP][PASSED] - Paymenttype = findTestData(dataFile).getValue("PaymentType", row): null

2024-01-14 16:23:57 - [TEST_STEP][PASSED] - out.println("Value of Execute is : " + ExecuteTC): null

2024-01-14 16:23:57 - [TEST_STEP][PASSED] - if (ExecuteTC.equalsIgnoreCase("Y")): null

2024-01-14 16:23:57 - [TEST_STEP][PASSED] - out.println("Begin Record Number: " + row): null

2024-01-14 16:23:57 - [TEST_STEP][PASSED] - today = new java.util.Date(): null

2024-01-14 16:23:57 - [TEST_STEP][PASSED] - println(today): null

2024-01-14 16:23:57 - [TEST_STEP][PASSED] - datText = today: null

2024-01-14 16:23:57 - [TEST_STEP][PASSED] - Taxtype = findTestData(dataFile).getValue("TaxType", row): null

2024-01-14 16:23:57 - [TEST_STEP][PASSED] - out.println("Taxtype value is : " + Taxtype): null

2024-01-14 16:23:57 - [TEST_STEP][PASSED] - openBrowser(""): Browser is opened with url: ''

2024-01-14 16:23:57 - [MESSAGE][WARNING] - A browser is already opened. Closing browser and opening a new one

2024-01-14 16:23:58 - [MESSAGE][INFO] - Starting 'Chrome' driver

2024-01-14 16:23:58 - [MESSAGE][INFO] - User set preference: ['acceptInsecureCerts', 'true']

2024-01-14 16:23:58 - [MESSAGE][INFO] - Action delay is set to 0 milliseconds

2024-01-14 16:24:00 - [MESSAGE][PASSED] - Browser is opened with url: ''

2024-01-14 16:24:00 - [TEST_STEP][PASSED] - maximizeWindow(): Current window maximized

2024-01-14 16:24:00 - [MESSAGE][PASSED] - Current window maximized

2024-01-14 16:24:00 - [TEST_STEP][PASSED] - navigateToUrl(RADurl): Navigate to 'https://qa2.velocitypayment.com/client/rad/index.html' successfully

2024-01-14 16:24:02 - [MESSAGE][PASSED] - Navigate to 'https://qa2.velocitypayment.com/client/rad/index.html' successfully

2024-01-14 16:24:02 - [TEST_STEP][PASSED] - orPath_Landing = "Object Repository/RAD_Pages/Landing_Page": null

2024-01-14 16:24:02 - [TEST_STEP][PASSED] - orPath_TaxTypeFilingYear = "Object Repository/RAD_Pages/TaxTypeFilingYear_Page": null

2024-01-14 16:24:02 - [TEST_STEP][PASSED] - orPath_TaxPayer = "Object Repository/RAD_Pages/Taxpayer_Page": null

2024-01-14 16:24:02 - [TEST_STEP][PASSED] - orPath_AddressContact = "Object Repository/RAD_Pages/AddressAndContactInfo_Page": null

2024-01-14 16:24:02 - [TEST_STEP][PASSED] - orPath_FilingStatus = "Object Repository/RAD_Pages/FilingStatus_Page": null

2024-01-14 16:24:02 - [TEST_STEP][PASSED] - orPath_Amount = "Object Repository/RAD_Pages/PaymentAmount_Page": null

2024-01-14 16:24:02 - [TEST_STEP][PASSED] - selectOptionByLabel(findTestObject(orPath_Landing + "/dd_TaxType"), Paymenttype, false): All options with label 'Existing Liability w/Notice Number' are selected in object 'Object Repository/RAD_Pages/Landing_Page/dd_TaxType' 

2024-01-14 16:24:02 - [MESSAGE][PASSED] - All options with label 'Existing Liability w/Notice Number' are selected in object 'Object Repository/RAD_Pages/Landing_Page/dd_TaxType' 

2024-01-14 16:24:02 - [TEST_STEP][PASSED] - delay(1): Delayed 1 second(s)

2024-01-14 16:24:03 - [MESSAGE][PASSED] - Delayed 1 second(s)

2024-01-14 16:24:03 - [TEST_STEP][PASSED] - switch (Paymenttype): null

2024-01-14 16:24:03 - [TEST_STEP][PASSED] - case "Existing Liability w/Notice Number":: null

2024-01-14 16:24:03 - [TEST_STEP][PASSED] - selectOptionByLabel(findTestObject(orPath_TaxTypeFilingYear + "/select_TaxType_ExistingLiability"), Taxtype, false): All options with label 'Fiduciary Tax' are selected in object 'Object Repository/RAD_Pages/TaxTypeFilingYear_Page/select_TaxType_ExistingLiability' 

2024-01-14 16:24:04 - [MESSAGE][PASSED] - All options with label 'Fiduciary Tax' are selected in object 'Object Repository/RAD_Pages/TaxTypeFilingYear_Page/select_TaxType_ExistingLiability' 

2024-01-14 16:24:04 - [TEST_STEP][PASSED] - break: null

2024-01-14 16:24:04 - [TEST_STEP][PASSED] - delay(1): Delayed 1 second(s)

2024-01-14 16:24:05 - [MESSAGE][PASSED] - Delayed 1 second(s)

2024-01-14 16:24:05 - [TEST_STEP][PASSED] - scrollToElement(findTestObject(orPath_Amount + "/input__paymentAmount"), 3): Scroll to object 'Object Repository/RAD_Pages/PaymentAmount_Page/input__paymentAmount' successfully

2024-01-14 16:24:05 - [MESSAGE][PASSED] - Scroll to object 'Object Repository/RAD_Pages/PaymentAmount_Page/input__paymentAmount' successfully

2024-01-14 16:24:05 - [TEST_STEP][PASSED] - setText(findTestObject(orPath_AddressContact + "/input_eMailAddress"), "imtiazster@gmail.com"): Text 'imtiazster@gmail.com' is set on object 'Object Repository/RAD_Pages/AddressAndContactInfo_Page/input_eMailAddress'

2024-01-14 16:24:06 - [MESSAGE][PASSED] - Text 'imtiazster@gmail.com' is set on object 'Object Repository/RAD_Pages/AddressAndContactInfo_Page/input_eMailAddress'

2024-01-14 16:24:06 - [TEST_STEP][PASSED] - setText(findTestObject(orPath_AddressContact + "/input_reEnterEMailAddress"), "iahmed@govolution.com"): Text 'iahmed@govolution.com' is set on object 'Object Repository/RAD_Pages/AddressAndContactInfo_Page/input_reEnterEMailAddress'

2024-01-14 16:24:07 - [MESSAGE][PASSED] - Text 'iahmed@govolution.com' is set on object 'Object Repository/RAD_Pages/AddressAndContactInfo_Page/input_reEnterEMailAddress'

2024-01-14 16:24:07 - [TEST_STEP][PASSED] - delay(2): Delayed 2 second(s)

2024-01-14 16:24:09 - [MESSAGE][PASSED] - Delayed 2 second(s)

2024-01-14 16:24:09 - [TEST_STEP][PASSED] - if (verifyTextPresent("The Email and Re-enter email do not match", true)): null

2024-01-14 16:24:09 - [MESSAGE][PASSED] - Text 'The Email and Re-enter email do not match' is present on page  using regular expression

2024-01-14 16:24:09 - [TEST_STEP][PASSED] - println("Emails Dont match text is present"): null

2024-01-14 16:24:09 - [TEST_STEP][PASSED] - out.println("Pass Record Number: " + row): null

2024-01-14 16:24:09 - [TEST_STEP][PASSED] - resText = "Pass": null

2024-01-14 16:24:09 - [TEST_STEP][PASSED] - pages.WriteExcel.demoKey(resText, datText, resColumn, datCloumn, fileLoc, nameSheet, row): pages.WriteExcel.demoKey is PASSED

2024-01-14 16:24:09 - [MESSAGE][PASSED] - pages.WriteExcel.demoKey is PASSED

2024-01-14 16:24:09 - [TEST_STEP][PASSED] - ExecuteTC = findTestData(dataFile).getValue("Execute", row): null

2024-01-14 16:24:09 - [TEST_STEP][PASSED] - Taxtype = findTestData(dataFile).getValue("TaxType", row): null

2024-01-14 16:24:09 - [TEST_STEP][PASSED] - Paymenttype = findTestData(dataFile).getValue("PaymentType", row): null

2024-01-14 16:24:09 - [TEST_STEP][PASSED] - out.println("Value of Execute is : " + ExecuteTC): null

2024-01-14 16:24:09 - [TEST_STEP][PASSED] - if (ExecuteTC.equalsIgnoreCase("Y")): null

2024-01-14 16:24:09 - [TEST_STEP][PASSED] - out.println("Begin Record Number: " + row): null

2024-01-14 16:24:09 - [TEST_STEP][PASSED] - today = new java.util.Date(): null

2024-01-14 16:24:09 - [TEST_STEP][PASSED] - println(today): null

2024-01-14 16:24:09 - [TEST_STEP][PASSED] - datText = today: null

2024-01-14 16:24:09 - [TEST_STEP][PASSED] - Taxtype = findTestData(dataFile).getValue("TaxType", row): null

2024-01-14 16:24:09 - [TEST_STEP][PASSED] - out.println("Taxtype value is : " + Taxtype): null

2024-01-14 16:24:09 - [TEST_STEP][PASSED] - openBrowser(""): Browser is opened with url: ''

2024-01-14 16:24:09 - [MESSAGE][WARNING] - A browser is already opened. Closing browser and opening a new one

2024-01-14 16:24:10 - [MESSAGE][INFO] - Starting 'Chrome' driver

2024-01-14 16:24:10 - [MESSAGE][INFO] - User set preference: ['acceptInsecureCerts', 'true']

2024-01-14 16:24:10 - [MESSAGE][INFO] - Action delay is set to 0 milliseconds

2024-01-14 16:24:12 - [MESSAGE][PASSED] - Browser is opened with url: ''

2024-01-14 16:24:12 - [TEST_STEP][PASSED] - maximizeWindow(): Current window maximized

2024-01-14 16:24:12 - [MESSAGE][PASSED] - Current window maximized

2024-01-14 16:24:12 - [TEST_STEP][PASSED] - navigateToUrl(RADurl): Navigate to 'https://qa2.velocitypayment.com/client/rad/index.html' successfully

2024-01-14 16:24:13 - [MESSAGE][PASSED] - Navigate to 'https://qa2.velocitypayment.com/client/rad/index.html' successfully

2024-01-14 16:24:13 - [TEST_STEP][PASSED] - orPath_Landing = "Object Repository/RAD_Pages/Landing_Page": null

2024-01-14 16:24:13 - [TEST_STEP][PASSED] - orPath_TaxTypeFilingYear = "Object Repository/RAD_Pages/TaxTypeFilingYear_Page": null

2024-01-14 16:24:13 - [TEST_STEP][PASSED] - orPath_TaxPayer = "Object Repository/RAD_Pages/Taxpayer_Page": null

2024-01-14 16:24:13 - [TEST_STEP][PASSED] - orPath_AddressContact = "Object Repository/RAD_Pages/AddressAndContactInfo_Page": null

2024-01-14 16:24:13 - [TEST_STEP][PASSED] - orPath_FilingStatus = "Object Repository/RAD_Pages/FilingStatus_Page": null

2024-01-14 16:24:13 - [TEST_STEP][PASSED] - orPath_Amount = "Object Repository/RAD_Pages/PaymentAmount_Page": null

2024-01-14 16:24:13 - [TEST_STEP][PASSED] - selectOptionByLabel(findTestObject(orPath_Landing + "/dd_TaxType"), Paymenttype, false): All options with label 'Existing Liability w/Notice Number' are selected in object 'Object Repository/RAD_Pages/Landing_Page/dd_TaxType' 

2024-01-14 16:24:14 - [MESSAGE][PASSED] - All options with label 'Existing Liability w/Notice Number' are selected in object 'Object Repository/RAD_Pages/Landing_Page/dd_TaxType' 

2024-01-14 16:24:14 - [TEST_STEP][PASSED] - delay(1): Delayed 1 second(s)

2024-01-14 16:24:15 - [MESSAGE][PASSED] - Delayed 1 second(s)

2024-01-14 16:24:15 - [TEST_STEP][PASSED] - switch (Paymenttype): null

2024-01-14 16:24:15 - [TEST_STEP][PASSED] - case "Existing Liability w/Notice Number":: null

2024-01-14 16:24:15 - [TEST_STEP][PASSED] - selectOptionByLabel(findTestObject(orPath_TaxTypeFilingYear + "/select_TaxType_ExistingLiability"), Taxtype, false): All options with label 'PTE Non-Electing Non-S Corp' are selected in object 'Object Repository/RAD_Pages/TaxTypeFilingYear_Page/select_TaxType_ExistingLiability' 

2024-01-14 16:24:16 - [MESSAGE][PASSED] - All options with label 'PTE Non-Electing Non-S Corp' are selected in object 'Object Repository/RAD_Pages/TaxTypeFilingYear_Page/select_TaxType_ExistingLiability' 

2024-01-14 16:24:16 - [TEST_STEP][PASSED] - break: null

2024-01-14 16:24:16 - [TEST_STEP][PASSED] - delay(1): Delayed 1 second(s)

2024-01-14 16:24:17 - [MESSAGE][PASSED] - Delayed 1 second(s)

2024-01-14 16:24:17 - [TEST_STEP][PASSED] - scrollToElement(findTestObject(orPath_Amount + "/input__paymentAmount"), 3): Scroll to object 'Object Repository/RAD_Pages/PaymentAmount_Page/input__paymentAmount' successfully

2024-01-14 16:24:17 - [MESSAGE][PASSED] - Scroll to object 'Object Repository/RAD_Pages/PaymentAmount_Page/input__paymentAmount' successfully

2024-01-14 16:24:17 - [TEST_STEP][PASSED] - setText(findTestObject(orPath_AddressContact + "/input_eMailAddress"), "imtiazster@gmail.com"): Text 'imtiazster@gmail.com' is set on object 'Object Repository/RAD_Pages/AddressAndContactInfo_Page/input_eMailAddress'

2024-01-14 16:24:18 - [MESSAGE][PASSED] - Text 'imtiazster@gmail.com' is set on object 'Object Repository/RAD_Pages/AddressAndContactInfo_Page/input_eMailAddress'

2024-01-14 16:24:18 - [TEST_STEP][PASSED] - setText(findTestObject(orPath_AddressContact + "/input_reEnterEMailAddress"), "iahmed@govolution.com"): Text 'iahmed@govolution.com' is set on object 'Object Repository/RAD_Pages/AddressAndContactInfo_Page/input_reEnterEMailAddress'

2024-01-14 16:24:19 - [MESSAGE][PASSED] - Text 'iahmed@govolution.com' is set on object 'Object Repository/RAD_Pages/AddressAndContactInfo_Page/input_reEnterEMailAddress'

2024-01-14 16:24:19 - [TEST_STEP][PASSED] - delay(2): Delayed 2 second(s)

2024-01-14 16:24:21 - [MESSAGE][PASSED] - Delayed 2 second(s)

2024-01-14 16:24:21 - [TEST_STEP][PASSED] - if (verifyTextPresent("The Email and Re-enter email do not match", true)): null

2024-01-14 16:24:21 - [MESSAGE][PASSED] - Text 'The Email and Re-enter email do not match' is present on page  using regular expression

2024-01-14 16:24:21 - [TEST_STEP][PASSED] - println("Emails Dont match text is present"): null

2024-01-14 16:24:21 - [TEST_STEP][PASSED] - out.println("Pass Record Number: " + row): null

2024-01-14 16:24:21 - [TEST_STEP][PASSED] - resText = "Pass": null

2024-01-14 16:24:21 - [TEST_STEP][PASSED] - pages.WriteExcel.demoKey(resText, datText, resColumn, datCloumn, fileLoc, nameSheet, row): pages.WriteExcel.demoKey is PASSED

2024-01-14 16:24:21 - [MESSAGE][PASSED] - pages.WriteExcel.demoKey is PASSED

2024-01-14 16:24:21 - [TEST_STEP][PASSED] - ExecuteTC = findTestData(dataFile).getValue("Execute", row): null

2024-01-14 16:24:21 - [TEST_STEP][PASSED] - Taxtype = findTestData(dataFile).getValue("TaxType", row): null

2024-01-14 16:24:21 - [TEST_STEP][PASSED] - Paymenttype = findTestData(dataFile).getValue("PaymentType", row): null

2024-01-14 16:24:21 - [TEST_STEP][PASSED] - out.println("Value of Execute is : " + ExecuteTC): null

2024-01-14 16:24:21 - [TEST_STEP][PASSED] - if (ExecuteTC.equalsIgnoreCase("Y")): null

2024-01-14 16:24:21 - [TEST_STEP][PASSED] - out.println("Begin Record Number: " + row): null

2024-01-14 16:24:21 - [TEST_STEP][PASSED] - today = new java.util.Date(): null

2024-01-14 16:24:21 - [TEST_STEP][PASSED] - println(today): null

2024-01-14 16:24:21 - [TEST_STEP][PASSED] - datText = today: null

2024-01-14 16:24:21 - [TEST_STEP][PASSED] - Taxtype = findTestData(dataFile).getValue("TaxType", row): null

2024-01-14 16:24:21 - [TEST_STEP][PASSED] - out.println("Taxtype value is : " + Taxtype): null

2024-01-14 16:24:21 - [TEST_STEP][PASSED] - openBrowser(""): Browser is opened with url: ''

2024-01-14 16:24:21 - [MESSAGE][WARNING] - A browser is already opened. Closing browser and opening a new one

2024-01-14 16:24:22 - [MESSAGE][INFO] - Starting 'Chrome' driver

2024-01-14 16:24:22 - [MESSAGE][INFO] - User set preference: ['acceptInsecureCerts', 'true']

2024-01-14 16:24:22 - [MESSAGE][INFO] - Action delay is set to 0 milliseconds

2024-01-14 16:24:24 - [MESSAGE][PASSED] - Browser is opened with url: ''

2024-01-14 16:24:24 - [TEST_STEP][PASSED] - maximizeWindow(): Current window maximized

2024-01-14 16:24:24 - [MESSAGE][PASSED] - Current window maximized

2024-01-14 16:24:24 - [TEST_STEP][PASSED] - navigateToUrl(RADurl): Navigate to 'https://qa2.velocitypayment.com/client/rad/index.html' successfully

2024-01-14 16:24:25 - [MESSAGE][PASSED] - Navigate to 'https://qa2.velocitypayment.com/client/rad/index.html' successfully

2024-01-14 16:24:25 - [TEST_STEP][PASSED] - orPath_Landing = "Object Repository/RAD_Pages/Landing_Page": null

2024-01-14 16:24:25 - [TEST_STEP][PASSED] - orPath_TaxTypeFilingYear = "Object Repository/RAD_Pages/TaxTypeFilingYear_Page": null

2024-01-14 16:24:25 - [TEST_STEP][PASSED] - orPath_TaxPayer = "Object Repository/RAD_Pages/Taxpayer_Page": null

2024-01-14 16:24:25 - [TEST_STEP][PASSED] - orPath_AddressContact = "Object Repository/RAD_Pages/AddressAndContactInfo_Page": null

2024-01-14 16:24:25 - [TEST_STEP][PASSED] - orPath_FilingStatus = "Object Repository/RAD_Pages/FilingStatus_Page": null

2024-01-14 16:24:25 - [TEST_STEP][PASSED] - orPath_Amount = "Object Repository/RAD_Pages/PaymentAmount_Page": null

2024-01-14 16:24:25 - [TEST_STEP][PASSED] - selectOptionByLabel(findTestObject(orPath_Landing + "/dd_TaxType"), Paymenttype, false): All options with label 'Existing Liability w/Notice Number' are selected in object 'Object Repository/RAD_Pages/Landing_Page/dd_TaxType' 

2024-01-14 16:24:26 - [MESSAGE][PASSED] - All options with label 'Existing Liability w/Notice Number' are selected in object 'Object Repository/RAD_Pages/Landing_Page/dd_TaxType' 

2024-01-14 16:24:26 - [TEST_STEP][PASSED] - delay(1): Delayed 1 second(s)

2024-01-14 16:24:27 - [MESSAGE][PASSED] - Delayed 1 second(s)

2024-01-14 16:24:27 - [TEST_STEP][PASSED] - switch (Paymenttype): null

2024-01-14 16:24:27 - [TEST_STEP][PASSED] - case "Existing Liability w/Notice Number":: null

2024-01-14 16:24:27 - [TEST_STEP][PASSED] - selectOptionByLabel(findTestObject(orPath_TaxTypeFilingYear + "/select_TaxType_ExistingLiability"), Taxtype, false): All options with label 'PTE Non-Electing S Corp' are selected in object 'Object Repository/RAD_Pages/TaxTypeFilingYear_Page/select_TaxType_ExistingLiability' 

2024-01-14 16:24:28 - [MESSAGE][PASSED] - All options with label 'PTE Non-Electing S Corp' are selected in object 'Object Repository/RAD_Pages/TaxTypeFilingYear_Page/select_TaxType_ExistingLiability' 

2024-01-14 16:24:28 - [TEST_STEP][PASSED] - break: null

2024-01-14 16:24:28 - [TEST_STEP][PASSED] - delay(1): Delayed 1 second(s)

2024-01-14 16:24:29 - [MESSAGE][PASSED] - Delayed 1 second(s)

2024-01-14 16:24:29 - [TEST_STEP][PASSED] - scrollToElement(findTestObject(orPath_Amount + "/input__paymentAmount"), 3): Scroll to object 'Object Repository/RAD_Pages/PaymentAmount_Page/input__paymentAmount' successfully

2024-01-14 16:24:29 - [MESSAGE][PASSED] - Scroll to object 'Object Repository/RAD_Pages/PaymentAmount_Page/input__paymentAmount' successfully

2024-01-14 16:24:29 - [TEST_STEP][PASSED] - setText(findTestObject(orPath_AddressContact + "/input_eMailAddress"), "imtiazster@gmail.com"): Text 'imtiazster@gmail.com' is set on object 'Object Repository/RAD_Pages/AddressAndContactInfo_Page/input_eMailAddress'

2024-01-14 16:24:30 - [MESSAGE][PASSED] - Text 'imtiazster@gmail.com' is set on object 'Object Repository/RAD_Pages/AddressAndContactInfo_Page/input_eMailAddress'

2024-01-14 16:24:30 - [TEST_STEP][PASSED] - setText(findTestObject(orPath_AddressContact + "/input_reEnterEMailAddress"), "iahmed@govolution.com"): Text 'iahmed@govolution.com' is set on object 'Object Repository/RAD_Pages/AddressAndContactInfo_Page/input_reEnterEMailAddress'

2024-01-14 16:24:31 - [MESSAGE][PASSED] - Text 'iahmed@govolution.com' is set on object 'Object Repository/RAD_Pages/AddressAndContactInfo_Page/input_reEnterEMailAddress'

2024-01-14 16:24:31 - [TEST_STEP][PASSED] - delay(2): Delayed 2 second(s)

2024-01-14 16:24:33 - [MESSAGE][PASSED] - Delayed 2 second(s)

2024-01-14 16:24:33 - [TEST_STEP][PASSED] - if (verifyTextPresent("The Email and Re-enter email do not match", true)): null

2024-01-14 16:24:33 - [MESSAGE][PASSED] - Text 'The Email and Re-enter email do not match' is present on page  using regular expression

2024-01-14 16:24:33 - [TEST_STEP][PASSED] - println("Emails Dont match text is present"): null

2024-01-14 16:24:33 - [TEST_STEP][PASSED] - out.println("Pass Record Number: " + row): null

2024-01-14 16:24:33 - [TEST_STEP][PASSED] - resText = "Pass": null

2024-01-14 16:24:33 - [TEST_STEP][PASSED] - pages.WriteExcel.demoKey(resText, datText, resColumn, datCloumn, fileLoc, nameSheet, row): pages.WriteExcel.demoKey is PASSED

2024-01-14 16:24:33 - [MESSAGE][PASSED] - pages.WriteExcel.demoKey is PASSED

2024-01-14 16:24:33 - [TEST_STEP][PASSED] - ExecuteTC = findTestData(dataFile).getValue("Execute", row): null

2024-01-14 16:24:33 - [TEST_STEP][PASSED] - Taxtype = findTestData(dataFile).getValue("TaxType", row): null

2024-01-14 16:24:33 - [TEST_STEP][PASSED] - Paymenttype = findTestData(dataFile).getValue("PaymentType", row): null

2024-01-14 16:24:33 - [TEST_STEP][PASSED] - out.println("Value of Execute is : " + ExecuteTC): null

2024-01-14 16:24:33 - [TEST_STEP][PASSED] - if (ExecuteTC.equalsIgnoreCase("Y")): null

2024-01-14 16:24:33 - [TEST_STEP][PASSED] - out.println("Begin Record Number: " + row): null

2024-01-14 16:24:33 - [TEST_STEP][PASSED] - today = new java.util.Date(): null

2024-01-14 16:24:33 - [TEST_STEP][PASSED] - println(today): null

2024-01-14 16:24:33 - [TEST_STEP][PASSED] - datText = today: null

2024-01-14 16:24:33 - [TEST_STEP][PASSED] - Taxtype = findTestData(dataFile).getValue("TaxType", row): null

2024-01-14 16:24:33 - [TEST_STEP][PASSED] - out.println("Taxtype value is : " + Taxtype): null

2024-01-14 16:24:33 - [TEST_STEP][PASSED] - openBrowser(""): Browser is opened with url: ''

2024-01-14 16:24:33 - [MESSAGE][WARNING] - A browser is already opened. Closing browser and opening a new one

2024-01-14 16:24:34 - [MESSAGE][INFO] - Starting 'Chrome' driver

2024-01-14 16:24:34 - [MESSAGE][INFO] - User set preference: ['acceptInsecureCerts', 'true']

2024-01-14 16:24:34 - [MESSAGE][INFO] - Action delay is set to 0 milliseconds

2024-01-14 16:24:36 - [MESSAGE][PASSED] - Browser is opened with url: ''

2024-01-14 16:24:36 - [TEST_STEP][PASSED] - maximizeWindow(): Current window maximized

2024-01-14 16:24:36 - [MESSAGE][PASSED] - Current window maximized

2024-01-14 16:24:36 - [TEST_STEP][PASSED] - navigateToUrl(RADurl): Navigate to 'https://qa2.velocitypayment.com/client/rad/index.html' successfully

2024-01-14 16:24:37 - [MESSAGE][PASSED] - Navigate to 'https://qa2.velocitypayment.com/client/rad/index.html' successfully

2024-01-14 16:24:37 - [TEST_STEP][PASSED] - orPath_Landing = "Object Repository/RAD_Pages/Landing_Page": null

2024-01-14 16:24:37 - [TEST_STEP][PASSED] - orPath_TaxTypeFilingYear = "Object Repository/RAD_Pages/TaxTypeFilingYear_Page": null

2024-01-14 16:24:37 - [TEST_STEP][PASSED] - orPath_TaxPayer = "Object Repository/RAD_Pages/Taxpayer_Page": null

2024-01-14 16:24:37 - [TEST_STEP][PASSED] - orPath_AddressContact = "Object Repository/RAD_Pages/AddressAndContactInfo_Page": null

2024-01-14 16:24:37 - [TEST_STEP][PASSED] - orPath_FilingStatus = "Object Repository/RAD_Pages/FilingStatus_Page": null

2024-01-14 16:24:37 - [TEST_STEP][PASSED] - orPath_Amount = "Object Repository/RAD_Pages/PaymentAmount_Page": null

2024-01-14 16:24:37 - [TEST_STEP][PASSED] - selectOptionByLabel(findTestObject(orPath_Landing + "/dd_TaxType"), Paymenttype, false): All options with label 'Existing Liability w/Notice Number' are selected in object 'Object Repository/RAD_Pages/Landing_Page/dd_TaxType' 

2024-01-14 16:24:38 - [MESSAGE][PASSED] - All options with label 'Existing Liability w/Notice Number' are selected in object 'Object Repository/RAD_Pages/Landing_Page/dd_TaxType' 

2024-01-14 16:24:38 - [TEST_STEP][PASSED] - delay(1): Delayed 1 second(s)

2024-01-14 16:24:39 - [MESSAGE][PASSED] - Delayed 1 second(s)

2024-01-14 16:24:39 - [TEST_STEP][PASSED] - switch (Paymenttype): null

2024-01-14 16:24:39 - [TEST_STEP][PASSED] - case "Existing Liability w/Notice Number":: null

2024-01-14 16:24:39 - [TEST_STEP][PASSED] - selectOptionByLabel(findTestObject(orPath_TaxTypeFilingYear + "/select_TaxType_ExistingLiability"), Taxtype, false): All options with label 'Sales & Use Tax' are selected in object 'Object Repository/RAD_Pages/TaxTypeFilingYear_Page/select_TaxType_ExistingLiability' 

2024-01-14 16:24:40 - [MESSAGE][PASSED] - All options with label 'Sales & Use Tax' are selected in object 'Object Repository/RAD_Pages/TaxTypeFilingYear_Page/select_TaxType_ExistingLiability' 

2024-01-14 16:24:40 - [TEST_STEP][PASSED] - break: null

2024-01-14 16:24:40 - [TEST_STEP][PASSED] - delay(1): Delayed 1 second(s)

2024-01-14 16:24:41 - [MESSAGE][PASSED] - Delayed 1 second(s)

2024-01-14 16:24:41 - [TEST_STEP][PASSED] - scrollToElement(findTestObject(orPath_Amount + "/input__paymentAmount"), 3): Scroll to object 'Object Repository/RAD_Pages/PaymentAmount_Page/input__paymentAmount' successfully

2024-01-14 16:24:41 - [MESSAGE][PASSED] - Scroll to object 'Object Repository/RAD_Pages/PaymentAmount_Page/input__paymentAmount' successfully

2024-01-14 16:24:41 - [TEST_STEP][PASSED] - setText(findTestObject(orPath_AddressContact + "/input_eMailAddress"), "imtiazster@gmail.com"): Text 'imtiazster@gmail.com' is set on object 'Object Repository/RAD_Pages/AddressAndContactInfo_Page/input_eMailAddress'

2024-01-14 16:24:42 - [MESSAGE][PASSED] - Text 'imtiazster@gmail.com' is set on object 'Object Repository/RAD_Pages/AddressAndContactInfo_Page/input_eMailAddress'

2024-01-14 16:24:42 - [TEST_STEP][PASSED] - setText(findTestObject(orPath_AddressContact + "/input_reEnterEMailAddress"), "iahmed@govolution.com"): Text 'iahmed@govolution.com' is set on object 'Object Repository/RAD_Pages/AddressAndContactInfo_Page/input_reEnterEMailAddress'

2024-01-14 16:24:43 - [MESSAGE][PASSED] - Text 'iahmed@govolution.com' is set on object 'Object Repository/RAD_Pages/AddressAndContactInfo_Page/input_reEnterEMailAddress'

2024-01-14 16:24:43 - [TEST_STEP][PASSED] - delay(2): Delayed 2 second(s)

2024-01-14 16:24:45 - [MESSAGE][PASSED] - Delayed 2 second(s)

2024-01-14 16:24:45 - [TEST_STEP][PASSED] - if (verifyTextPresent("The Email and Re-enter email do not match", true)): null

2024-01-14 16:24:45 - [MESSAGE][PASSED] - Text 'The Email and Re-enter email do not match' is present on page  using regular expression

2024-01-14 16:24:45 - [TEST_STEP][PASSED] - println("Emails Dont match text is present"): null

2024-01-14 16:24:45 - [TEST_STEP][PASSED] - out.println("Pass Record Number: " + row): null

2024-01-14 16:24:45 - [TEST_STEP][PASSED] - resText = "Pass": null

2024-01-14 16:24:45 - [TEST_STEP][PASSED] - pages.WriteExcel.demoKey(resText, datText, resColumn, datCloumn, fileLoc, nameSheet, row): pages.WriteExcel.demoKey is PASSED

2024-01-14 16:24:45 - [MESSAGE][PASSED] - pages.WriteExcel.demoKey is PASSED

2024-01-14 16:24:45 - [TEST_STEP][PASSED] - ExecuteTC = findTestData(dataFile).getValue("Execute", row): null

2024-01-14 16:24:45 - [TEST_STEP][PASSED] - Taxtype = findTestData(dataFile).getValue("TaxType", row): null

2024-01-14 16:24:45 - [TEST_STEP][PASSED] - Paymenttype = findTestData(dataFile).getValue("PaymentType", row): null

2024-01-14 16:24:45 - [TEST_STEP][PASSED] - out.println("Value of Execute is : " + ExecuteTC): null

2024-01-14 16:24:45 - [TEST_STEP][PASSED] - if (ExecuteTC.equalsIgnoreCase("Y")): null

2024-01-14 16:24:45 - [TEST_STEP][PASSED] - out.println("Begin Record Number: " + row): null

2024-01-14 16:24:45 - [TEST_STEP][PASSED] - today = new java.util.Date(): null

2024-01-14 16:24:45 - [TEST_STEP][PASSED] - println(today): null

2024-01-14 16:24:45 - [TEST_STEP][PASSED] - datText = today: null

2024-01-14 16:24:45 - [TEST_STEP][PASSED] - Taxtype = findTestData(dataFile).getValue("TaxType", row): null

2024-01-14 16:24:45 - [TEST_STEP][PASSED] - out.println("Taxtype value is : " + Taxtype): null

2024-01-14 16:24:45 - [TEST_STEP][PASSED] - openBrowser(""): Browser is opened with url: ''

2024-01-14 16:24:45 - [MESSAGE][WARNING] - A browser is already opened. Closing browser and opening a new one

2024-01-14 16:24:46 - [MESSAGE][INFO] - Starting 'Chrome' driver

2024-01-14 16:24:46 - [MESSAGE][INFO] - User set preference: ['acceptInsecureCerts', 'true']

2024-01-14 16:24:46 - [MESSAGE][INFO] - Action delay is set to 0 milliseconds

2024-01-14 16:24:48 - [MESSAGE][PASSED] - Browser is opened with url: ''

2024-01-14 16:24:48 - [TEST_STEP][PASSED] - maximizeWindow(): Current window maximized

2024-01-14 16:24:48 - [MESSAGE][PASSED] - Current window maximized

2024-01-14 16:24:48 - [TEST_STEP][PASSED] - navigateToUrl(RADurl): Navigate to 'https://qa2.velocitypayment.com/client/rad/index.html' successfully

2024-01-14 16:24:50 - [MESSAGE][PASSED] - Navigate to 'https://qa2.velocitypayment.com/client/rad/index.html' successfully

2024-01-14 16:24:50 - [TEST_STEP][PASSED] - orPath_Landing = "Object Repository/RAD_Pages/Landing_Page": null

2024-01-14 16:24:50 - [TEST_STEP][PASSED] - orPath_TaxTypeFilingYear = "Object Repository/RAD_Pages/TaxTypeFilingYear_Page": null

2024-01-14 16:24:50 - [TEST_STEP][PASSED] - orPath_TaxPayer = "Object Repository/RAD_Pages/Taxpayer_Page": null

2024-01-14 16:24:50 - [TEST_STEP][PASSED] - orPath_AddressContact = "Object Repository/RAD_Pages/AddressAndContactInfo_Page": null

2024-01-14 16:24:50 - [TEST_STEP][PASSED] - orPath_FilingStatus = "Object Repository/RAD_Pages/FilingStatus_Page": null

2024-01-14 16:24:50 - [TEST_STEP][PASSED] - orPath_Amount = "Object Repository/RAD_Pages/PaymentAmount_Page": null

2024-01-14 16:24:50 - [TEST_STEP][PASSED] - selectOptionByLabel(findTestObject(orPath_Landing + "/dd_TaxType"), Paymenttype, false): All options with label 'Existing Liability w/Notice Number' are selected in object 'Object Repository/RAD_Pages/Landing_Page/dd_TaxType' 

2024-01-14 16:24:50 - [MESSAGE][PASSED] - All options with label 'Existing Liability w/Notice Number' are selected in object 'Object Repository/RAD_Pages/Landing_Page/dd_TaxType' 

2024-01-14 16:24:50 - [TEST_STEP][PASSED] - delay(1): Delayed 1 second(s)

2024-01-14 16:24:51 - [MESSAGE][PASSED] - Delayed 1 second(s)

2024-01-14 16:24:51 - [TEST_STEP][PASSED] - switch (Paymenttype): null

2024-01-14 16:24:51 - [TEST_STEP][PASSED] - case "Existing Liability w/Notice Number":: null

2024-01-14 16:24:51 - [TEST_STEP][PASSED] - selectOptionByLabel(findTestObject(orPath_TaxTypeFilingYear + "/select_TaxType_ExistingLiability"), Taxtype, false): All options with label 'Tire Recycling Fee' are selected in object 'Object Repository/RAD_Pages/TaxTypeFilingYear_Page/select_TaxType_ExistingLiability' 

2024-01-14 16:24:52 - [MESSAGE][PASSED] - All options with label 'Tire Recycling Fee' are selected in object 'Object Repository/RAD_Pages/TaxTypeFilingYear_Page/select_TaxType_ExistingLiability' 

2024-01-14 16:24:52 - [TEST_STEP][PASSED] - break: null

2024-01-14 16:24:52 - [TEST_STEP][PASSED] - delay(1): Delayed 1 second(s)

2024-01-14 16:24:53 - [MESSAGE][PASSED] - Delayed 1 second(s)

2024-01-14 16:24:53 - [TEST_STEP][PASSED] - scrollToElement(findTestObject(orPath_Amount + "/input__paymentAmount"), 3): Scroll to object 'Object Repository/RAD_Pages/PaymentAmount_Page/input__paymentAmount' successfully

2024-01-14 16:24:53 - [MESSAGE][PASSED] - Scroll to object 'Object Repository/RAD_Pages/PaymentAmount_Page/input__paymentAmount' successfully

2024-01-14 16:24:53 - [TEST_STEP][PASSED] - setText(findTestObject(orPath_AddressContact + "/input_eMailAddress"), "imtiazster@gmail.com"): Text 'imtiazster@gmail.com' is set on object 'Object Repository/RAD_Pages/AddressAndContactInfo_Page/input_eMailAddress'

2024-01-14 16:24:54 - [MESSAGE][PASSED] - Text 'imtiazster@gmail.com' is set on object 'Object Repository/RAD_Pages/AddressAndContactInfo_Page/input_eMailAddress'

2024-01-14 16:24:54 - [TEST_STEP][PASSED] - setText(findTestObject(orPath_AddressContact + "/input_reEnterEMailAddress"), "iahmed@govolution.com"): Text 'iahmed@govolution.com' is set on object 'Object Repository/RAD_Pages/AddressAndContactInfo_Page/input_reEnterEMailAddress'

2024-01-14 16:24:55 - [MESSAGE][PASSED] - Text 'iahmed@govolution.com' is set on object 'Object Repository/RAD_Pages/AddressAndContactInfo_Page/input_reEnterEMailAddress'

2024-01-14 16:24:55 - [TEST_STEP][PASSED] - delay(2): Delayed 2 second(s)

2024-01-14 16:24:57 - [MESSAGE][PASSED] - Delayed 2 second(s)

2024-01-14 16:24:57 - [TEST_STEP][PASSED] - if (verifyTextPresent("The Email and Re-enter email do not match", true)): null

2024-01-14 16:24:57 - [MESSAGE][PASSED] - Text 'The Email and Re-enter email do not match' is present on page  using regular expression

2024-01-14 16:24:57 - [TEST_STEP][PASSED] - println("Emails Dont match text is present"): null

2024-01-14 16:24:57 - [TEST_STEP][PASSED] - out.println("Pass Record Number: " + row): null

2024-01-14 16:24:57 - [TEST_STEP][PASSED] - resText = "Pass": null

2024-01-14 16:24:57 - [TEST_STEP][PASSED] - pages.WriteExcel.demoKey(resText, datText, resColumn, datCloumn, fileLoc, nameSheet, row): pages.WriteExcel.demoKey is PASSED

2024-01-14 16:24:57 - [MESSAGE][PASSED] - pages.WriteExcel.demoKey is PASSED

2024-01-14 16:24:57 - [TEST_STEP][PASSED] - ExecuteTC = findTestData(dataFile).getValue("Execute", row): null

2024-01-14 16:24:57 - [TEST_STEP][PASSED] - Taxtype = findTestData(dataFile).getValue("TaxType", row): null

2024-01-14 16:24:57 - [TEST_STEP][PASSED] - Paymenttype = findTestData(dataFile).getValue("PaymentType", row): null

2024-01-14 16:24:57 - [TEST_STEP][PASSED] - out.println("Value of Execute is : " + ExecuteTC): null

2024-01-14 16:24:57 - [TEST_STEP][PASSED] - if (ExecuteTC.equalsIgnoreCase("Y")): null

2024-01-14 16:24:57 - [TEST_STEP][PASSED] - out.println("Begin Record Number: " + row): null

2024-01-14 16:24:57 - [TEST_STEP][PASSED] - today = new java.util.Date(): null

2024-01-14 16:24:57 - [TEST_STEP][PASSED] - println(today): null

2024-01-14 16:24:57 - [TEST_STEP][PASSED] - datText = today: null

2024-01-14 16:24:57 - [TEST_STEP][PASSED] - Taxtype = findTestData(dataFile).getValue("TaxType", row): null

2024-01-14 16:24:57 - [TEST_STEP][PASSED] - out.println("Taxtype value is : " + Taxtype): null

2024-01-14 16:24:57 - [TEST_STEP][PASSED] - openBrowser(""): Browser is opened with url: ''

2024-01-14 16:24:57 - [MESSAGE][WARNING] - A browser is already opened. Closing browser and opening a new one

2024-01-14 16:24:58 - [MESSAGE][INFO] - Starting 'Chrome' driver

2024-01-14 16:24:58 - [MESSAGE][INFO] - User set preference: ['acceptInsecureCerts', 'true']

2024-01-14 16:24:58 - [MESSAGE][INFO] - Action delay is set to 0 milliseconds

2024-01-14 16:25:00 - [MESSAGE][PASSED] - Browser is opened with url: ''

2024-01-14 16:25:00 - [TEST_STEP][PASSED] - maximizeWindow(): Current window maximized

2024-01-14 16:25:00 - [MESSAGE][PASSED] - Current window maximized

2024-01-14 16:25:00 - [TEST_STEP][PASSED] - navigateToUrl(RADurl): Navigate to 'https://qa2.velocitypayment.com/client/rad/index.html' successfully

2024-01-14 16:25:02 - [MESSAGE][PASSED] - Navigate to 'https://qa2.velocitypayment.com/client/rad/index.html' successfully

2024-01-14 16:25:02 - [TEST_STEP][PASSED] - orPath_Landing = "Object Repository/RAD_Pages/Landing_Page": null

2024-01-14 16:25:02 - [TEST_STEP][PASSED] - orPath_TaxTypeFilingYear = "Object Repository/RAD_Pages/TaxTypeFilingYear_Page": null

2024-01-14 16:25:02 - [TEST_STEP][PASSED] - orPath_TaxPayer = "Object Repository/RAD_Pages/Taxpayer_Page": null

2024-01-14 16:25:02 - [TEST_STEP][PASSED] - orPath_AddressContact = "Object Repository/RAD_Pages/AddressAndContactInfo_Page": null

2024-01-14 16:25:02 - [TEST_STEP][PASSED] - orPath_FilingStatus = "Object Repository/RAD_Pages/FilingStatus_Page": null

2024-01-14 16:25:02 - [TEST_STEP][PASSED] - orPath_Amount = "Object Repository/RAD_Pages/PaymentAmount_Page": null

2024-01-14 16:25:02 - [TEST_STEP][PASSED] - selectOptionByLabel(findTestObject(orPath_Landing + "/dd_TaxType"), Paymenttype, false): All options with label 'Existing Liability w/Notice Number' are selected in object 'Object Repository/RAD_Pages/Landing_Page/dd_TaxType' 

2024-01-14 16:25:02 - [MESSAGE][PASSED] - All options with label 'Existing Liability w/Notice Number' are selected in object 'Object Repository/RAD_Pages/Landing_Page/dd_TaxType' 

2024-01-14 16:25:02 - [TEST_STEP][PASSED] - delay(1): Delayed 1 second(s)

2024-01-14 16:25:03 - [MESSAGE][PASSED] - Delayed 1 second(s)

2024-01-14 16:25:03 - [TEST_STEP][PASSED] - switch (Paymenttype): null

2024-01-14 16:25:03 - [TEST_STEP][PASSED] - case "Existing Liability w/Notice Number":: null

2024-01-14 16:25:03 - [TEST_STEP][PASSED] - selectOptionByLabel(findTestObject(orPath_TaxTypeFilingYear + "/select_TaxType_ExistingLiability"), Taxtype, false): All options with label 'Withholding Tax' are selected in object 'Object Repository/RAD_Pages/TaxTypeFilingYear_Page/select_TaxType_ExistingLiability' 

2024-01-14 16:25:04 - [MESSAGE][PASSED] - All options with label 'Withholding Tax' are selected in object 'Object Repository/RAD_Pages/TaxTypeFilingYear_Page/select_TaxType_ExistingLiability' 

2024-01-14 16:25:04 - [TEST_STEP][PASSED] - break: null

2024-01-14 16:25:04 - [TEST_STEP][PASSED] - delay(1): Delayed 1 second(s)

2024-01-14 16:25:05 - [MESSAGE][PASSED] - Delayed 1 second(s)

2024-01-14 16:25:05 - [TEST_STEP][PASSED] - scrollToElement(findTestObject(orPath_Amount + "/input__paymentAmount"), 3): Scroll to object 'Object Repository/RAD_Pages/PaymentAmount_Page/input__paymentAmount' successfully

2024-01-14 16:25:05 - [MESSAGE][PASSED] - Scroll to object 'Object Repository/RAD_Pages/PaymentAmount_Page/input__paymentAmount' successfully

2024-01-14 16:25:05 - [TEST_STEP][PASSED] - setText(findTestObject(orPath_AddressContact + "/input_eMailAddress"), "imtiazster@gmail.com"): Text 'imtiazster@gmail.com' is set on object 'Object Repository/RAD_Pages/AddressAndContactInfo_Page/input_eMailAddress'

2024-01-14 16:25:06 - [MESSAGE][PASSED] - Text 'imtiazster@gmail.com' is set on object 'Object Repository/RAD_Pages/AddressAndContactInfo_Page/input_eMailAddress'

2024-01-14 16:25:06 - [TEST_STEP][PASSED] - setText(findTestObject(orPath_AddressContact + "/input_reEnterEMailAddress"), "iahmed@govolution.com"): Text 'iahmed@govolution.com' is set on object 'Object Repository/RAD_Pages/AddressAndContactInfo_Page/input_reEnterEMailAddress'

2024-01-14 16:25:07 - [MESSAGE][PASSED] - Text 'iahmed@govolution.com' is set on object 'Object Repository/RAD_Pages/AddressAndContactInfo_Page/input_reEnterEMailAddress'

2024-01-14 16:25:07 - [TEST_STEP][PASSED] - delay(2): Delayed 2 second(s)

2024-01-14 16:25:09 - [MESSAGE][PASSED] - Delayed 2 second(s)

2024-01-14 16:25:09 - [TEST_STEP][PASSED] - if (verifyTextPresent("The Email and Re-enter email do not match", true)): null

2024-01-14 16:25:09 - [MESSAGE][PASSED] - Text 'The Email and Re-enter email do not match' is present on page  using regular expression

2024-01-14 16:25:09 - [TEST_STEP][PASSED] - println("Emails Dont match text is present"): null

2024-01-14 16:25:09 - [TEST_STEP][PASSED] - out.println("Pass Record Number: " + row): null

2024-01-14 16:25:09 - [TEST_STEP][PASSED] - resText = "Pass": null

2024-01-14 16:25:09 - [TEST_STEP][PASSED] - pages.WriteExcel.demoKey(resText, datText, resColumn, datCloumn, fileLoc, nameSheet, row): pages.WriteExcel.demoKey is PASSED

2024-01-14 16:25:09 - [MESSAGE][PASSED] - pages.WriteExcel.demoKey is PASSED

2024-01-14 16:25:09 - [TEST_STEP][PASSED] - ExecuteTC = findTestData(dataFile).getValue("Execute", row): null

2024-01-14 16:25:10 - [TEST_STEP][PASSED] - Taxtype = findTestData(dataFile).getValue("TaxType", row): null

2024-01-14 16:25:10 - [TEST_STEP][PASSED] - Paymenttype = findTestData(dataFile).getValue("PaymentType", row): null

2024-01-14 16:25:10 - [TEST_STEP][PASSED] - out.println("Value of Execute is : " + ExecuteTC): null

2024-01-14 16:25:10 - [TEST_STEP][PASSED] - if (ExecuteTC.equalsIgnoreCase("Y")): null

2024-01-14 16:25:10 - [TEST_STEP][PASSED] - out.println("Begin Record Number: " + row): null

2024-01-14 16:25:10 - [TEST_STEP][PASSED] - today = new java.util.Date(): null

2024-01-14 16:25:10 - [TEST_STEP][PASSED] - println(today): null

2024-01-14 16:25:10 - [TEST_STEP][PASSED] - datText = today: null

2024-01-14 16:25:10 - [TEST_STEP][PASSED] - Taxtype = findTestData(dataFile).getValue("TaxType", row): null

2024-01-14 16:25:10 - [TEST_STEP][PASSED] - out.println("Taxtype value is : " + Taxtype): null

2024-01-14 16:25:10 - [TEST_STEP][PASSED] - openBrowser(""): Browser is opened with url: ''

2024-01-14 16:25:10 - [MESSAGE][WARNING] - A browser is already opened. Closing browser and opening a new one

2024-01-14 16:25:11 - [MESSAGE][INFO] - Starting 'Chrome' driver

2024-01-14 16:25:11 - [MESSAGE][INFO] - User set preference: ['acceptInsecureCerts', 'true']

2024-01-14 16:25:11 - [MESSAGE][INFO] - Action delay is set to 0 milliseconds

2024-01-14 16:25:12 - [MESSAGE][PASSED] - Browser is opened with url: ''

2024-01-14 16:25:12 - [TEST_STEP][PASSED] - maximizeWindow(): Current window maximized

2024-01-14 16:25:12 - [MESSAGE][PASSED] - Current window maximized

2024-01-14 16:25:12 - [TEST_STEP][PASSED] - navigateToUrl(RADurl): Navigate to 'https://qa2.velocitypayment.com/client/rad/index.html' successfully

2024-01-14 16:25:14 - [MESSAGE][PASSED] - Navigate to 'https://qa2.velocitypayment.com/client/rad/index.html' successfully

2024-01-14 16:25:14 - [TEST_STEP][PASSED] - orPath_Landing = "Object Repository/RAD_Pages/Landing_Page": null

2024-01-14 16:25:14 - [TEST_STEP][PASSED] - orPath_TaxTypeFilingYear = "Object Repository/RAD_Pages/TaxTypeFilingYear_Page": null

2024-01-14 16:25:14 - [TEST_STEP][PASSED] - orPath_TaxPayer = "Object Repository/RAD_Pages/Taxpayer_Page": null

2024-01-14 16:25:14 - [TEST_STEP][PASSED] - orPath_AddressContact = "Object Repository/RAD_Pages/AddressAndContactInfo_Page": null

2024-01-14 16:25:14 - [TEST_STEP][PASSED] - orPath_FilingStatus = "Object Repository/RAD_Pages/FilingStatus_Page": null

2024-01-14 16:25:14 - [TEST_STEP][PASSED] - orPath_Amount = "Object Repository/RAD_Pages/PaymentAmount_Page": null

2024-01-14 16:25:14 - [TEST_STEP][PASSED] - selectOptionByLabel(findTestObject(orPath_Landing + "/dd_TaxType"), Paymenttype, false): All options with label 'Existing Liability w/Notice Number' are selected in object 'Object Repository/RAD_Pages/Landing_Page/dd_TaxType' 

2024-01-14 16:25:14 - [MESSAGE][PASSED] - All options with label 'Existing Liability w/Notice Number' are selected in object 'Object Repository/RAD_Pages/Landing_Page/dd_TaxType' 

2024-01-14 16:25:14 - [TEST_STEP][PASSED] - delay(1): Delayed 1 second(s)

2024-01-14 16:25:15 - [MESSAGE][PASSED] - Delayed 1 second(s)

2024-01-14 16:25:15 - [TEST_STEP][PASSED] - switch (Paymenttype): null

2024-01-14 16:25:15 - [TEST_STEP][PASSED] - case "Existing Liability w/Notice Number":: null

2024-01-14 16:25:15 - [TEST_STEP][PASSED] - selectOptionByLabel(findTestObject(orPath_TaxTypeFilingYear + "/select_TaxType_ExistingLiability"), Taxtype, false): All options with label 'Alcohol Tax' are selected in object 'Object Repository/RAD_Pages/TaxTypeFilingYear_Page/select_TaxType_ExistingLiability' 

2024-01-14 16:25:16 - [MESSAGE][PASSED] - All options with label 'Alcohol Tax' are selected in object 'Object Repository/RAD_Pages/TaxTypeFilingYear_Page/select_TaxType_ExistingLiability' 

2024-01-14 16:25:16 - [TEST_STEP][PASSED] - break: null

2024-01-14 16:25:16 - [TEST_STEP][PASSED] - delay(1): Delayed 1 second(s)

2024-01-14 16:25:17 - [MESSAGE][PASSED] - Delayed 1 second(s)

2024-01-14 16:25:17 - [TEST_STEP][PASSED] - scrollToElement(findTestObject(orPath_Amount + "/input__paymentAmount"), 3): Scroll to object 'Object Repository/RAD_Pages/PaymentAmount_Page/input__paymentAmount' successfully

2024-01-14 16:25:17 - [MESSAGE][PASSED] - Scroll to object 'Object Repository/RAD_Pages/PaymentAmount_Page/input__paymentAmount' successfully

2024-01-14 16:25:17 - [TEST_STEP][PASSED] - setText(findTestObject(orPath_AddressContact + "/input_eMailAddress"), "imtiazster@gmail.com"): Text 'imtiazster@gmail.com' is set on object 'Object Repository/RAD_Pages/AddressAndContactInfo_Page/input_eMailAddress'

2024-01-14 16:25:18 - [MESSAGE][PASSED] - Text 'imtiazster@gmail.com' is set on object 'Object Repository/RAD_Pages/AddressAndContactInfo_Page/input_eMailAddress'

2024-01-14 16:25:18 - [TEST_STEP][PASSED] - setText(findTestObject(orPath_AddressContact + "/input_reEnterEMailAddress"), "iahmed@govolution.com"): Text 'iahmed@govolution.com' is set on object 'Object Repository/RAD_Pages/AddressAndContactInfo_Page/input_reEnterEMailAddress'

2024-01-14 16:25:19 - [MESSAGE][PASSED] - Text 'iahmed@govolution.com' is set on object 'Object Repository/RAD_Pages/AddressAndContactInfo_Page/input_reEnterEMailAddress'

2024-01-14 16:25:19 - [TEST_STEP][PASSED] - delay(2): Delayed 2 second(s)

2024-01-14 16:25:21 - [MESSAGE][PASSED] - Delayed 2 second(s)

2024-01-14 16:25:21 - [TEST_STEP][PASSED] - if (verifyTextPresent("The Email and Re-enter email do not match", true)): null

2024-01-14 16:25:21 - [MESSAGE][PASSED] - Text 'The Email and Re-enter email do not match' is present on page  using regular expression

2024-01-14 16:25:21 - [TEST_STEP][PASSED] - println("Emails Dont match text is present"): null

2024-01-14 16:25:21 - [TEST_STEP][PASSED] - out.println("Pass Record Number: " + row): null

2024-01-14 16:25:21 - [TEST_STEP][PASSED] - resText = "Pass": null

2024-01-14 16:25:21 - [TEST_STEP][PASSED] - pages.WriteExcel.demoKey(resText, datText, resColumn, datCloumn, fileLoc, nameSheet, row): pages.WriteExcel.demoKey is PASSED

2024-01-14 16:25:21 - [MESSAGE][PASSED] - pages.WriteExcel.demoKey is PASSED

2024-01-14 16:25:21 - [TEST_STEP][PASSED] - ExecuteTC = findTestData(dataFile).getValue("Execute", row): null

2024-01-14 16:25:21 - [TEST_STEP][PASSED] - Taxtype = findTestData(dataFile).getValue("TaxType", row): null

2024-01-14 16:25:22 - [TEST_STEP][PASSED] - Paymenttype = findTestData(dataFile).getValue("PaymentType", row): null

2024-01-14 16:25:22 - [TEST_STEP][PASSED] - out.println("Value of Execute is : " + ExecuteTC): null

2024-01-14 16:25:22 - [TEST_STEP][PASSED] - if (ExecuteTC.equalsIgnoreCase("Y")): null

2024-01-14 16:25:22 - [TEST_STEP][PASSED] - out.println("Begin Record Number: " + row): null

2024-01-14 16:25:22 - [TEST_STEP][PASSED] - today = new java.util.Date(): null

2024-01-14 16:25:22 - [TEST_STEP][PASSED] - println(today): null

2024-01-14 16:25:22 - [TEST_STEP][PASSED] - datText = today: null

2024-01-14 16:25:22 - [TEST_STEP][PASSED] - Taxtype = findTestData(dataFile).getValue("TaxType", row): null

2024-01-14 16:25:22 - [TEST_STEP][PASSED] - out.println("Taxtype value is : " + Taxtype): null

2024-01-14 16:25:22 - [TEST_STEP][PASSED] - openBrowser(""): Browser is opened with url: ''

2024-01-14 16:25:22 - [MESSAGE][WARNING] - A browser is already opened. Closing browser and opening a new one

2024-01-14 16:25:23 - [MESSAGE][INFO] - Starting 'Chrome' driver

2024-01-14 16:25:23 - [MESSAGE][INFO] - User set preference: ['acceptInsecureCerts', 'true']

2024-01-14 16:25:23 - [MESSAGE][INFO] - Action delay is set to 0 milliseconds

2024-01-14 16:25:24 - [MESSAGE][PASSED] - Browser is opened with url: ''

2024-01-14 16:25:24 - [TEST_STEP][PASSED] - maximizeWindow(): Current window maximized

2024-01-14 16:25:24 - [MESSAGE][PASSED] - Current window maximized

2024-01-14 16:25:24 - [TEST_STEP][PASSED] - navigateToUrl(RADurl): Navigate to 'https://qa2.velocitypayment.com/client/rad/index.html' successfully

2024-01-14 16:25:26 - [MESSAGE][PASSED] - Navigate to 'https://qa2.velocitypayment.com/client/rad/index.html' successfully

2024-01-14 16:25:26 - [TEST_STEP][PASSED] - orPath_Landing = "Object Repository/RAD_Pages/Landing_Page": null

2024-01-14 16:25:26 - [TEST_STEP][PASSED] - orPath_TaxTypeFilingYear = "Object Repository/RAD_Pages/TaxTypeFilingYear_Page": null

2024-01-14 16:25:26 - [TEST_STEP][PASSED] - orPath_TaxPayer = "Object Repository/RAD_Pages/Taxpayer_Page": null

2024-01-14 16:25:26 - [TEST_STEP][PASSED] - orPath_AddressContact = "Object Repository/RAD_Pages/AddressAndContactInfo_Page": null

2024-01-14 16:25:26 - [TEST_STEP][PASSED] - orPath_FilingStatus = "Object Repository/RAD_Pages/FilingStatus_Page": null

2024-01-14 16:25:26 - [TEST_STEP][PASSED] - orPath_Amount = "Object Repository/RAD_Pages/PaymentAmount_Page": null

2024-01-14 16:25:26 - [TEST_STEP][PASSED] - selectOptionByLabel(findTestObject(orPath_Landing + "/dd_TaxType"), Paymenttype, false): All options with label 'Existing Liability w/Notice Number' are selected in object 'Object Repository/RAD_Pages/Landing_Page/dd_TaxType' 

2024-01-14 16:25:26 - [MESSAGE][PASSED] - All options with label 'Existing Liability w/Notice Number' are selected in object 'Object Repository/RAD_Pages/Landing_Page/dd_TaxType' 

2024-01-14 16:25:26 - [TEST_STEP][PASSED] - delay(1): Delayed 1 second(s)

2024-01-14 16:25:27 - [MESSAGE][PASSED] - Delayed 1 second(s)

2024-01-14 16:25:27 - [TEST_STEP][PASSED] - switch (Paymenttype): null

2024-01-14 16:25:27 - [TEST_STEP][PASSED] - case "Existing Liability w/Notice Number":: null

2024-01-14 16:25:27 - [TEST_STEP][PASSED] - selectOptionByLabel(findTestObject(orPath_TaxTypeFilingYear + "/select_TaxType_ExistingLiability"), Taxtype, false): All options with label 'PTE Tax Electing Non-S Corp' are selected in object 'Object Repository/RAD_Pages/TaxTypeFilingYear_Page/select_TaxType_ExistingLiability' 

2024-01-14 16:25:28 - [MESSAGE][PASSED] - All options with label 'PTE Tax Electing Non-S Corp' are selected in object 'Object Repository/RAD_Pages/TaxTypeFilingYear_Page/select_TaxType_ExistingLiability' 

2024-01-14 16:25:28 - [TEST_STEP][PASSED] - break: null

2024-01-14 16:25:28 - [TEST_STEP][PASSED] - delay(1): Delayed 1 second(s)

2024-01-14 16:25:29 - [MESSAGE][PASSED] - Delayed 1 second(s)

2024-01-14 16:25:29 - [TEST_STEP][PASSED] - scrollToElement(findTestObject(orPath_Amount + "/input__paymentAmount"), 3): Scroll to object 'Object Repository/RAD_Pages/PaymentAmount_Page/input__paymentAmount' successfully

2024-01-14 16:25:29 - [MESSAGE][PASSED] - Scroll to object 'Object Repository/RAD_Pages/PaymentAmount_Page/input__paymentAmount' successfully

2024-01-14 16:25:29 - [TEST_STEP][PASSED] - setText(findTestObject(orPath_AddressContact + "/input_eMailAddress"), "imtiazster@gmail.com"): Text 'imtiazster@gmail.com' is set on object 'Object Repository/RAD_Pages/AddressAndContactInfo_Page/input_eMailAddress'

2024-01-14 16:25:30 - [MESSAGE][PASSED] - Text 'imtiazster@gmail.com' is set on object 'Object Repository/RAD_Pages/AddressAndContactInfo_Page/input_eMailAddress'

2024-01-14 16:25:30 - [TEST_STEP][PASSED] - setText(findTestObject(orPath_AddressContact + "/input_reEnterEMailAddress"), "iahmed@govolution.com"): Text 'iahmed@govolution.com' is set on object 'Object Repository/RAD_Pages/AddressAndContactInfo_Page/input_reEnterEMailAddress'

2024-01-14 16:25:31 - [MESSAGE][PASSED] - Text 'iahmed@govolution.com' is set on object 'Object Repository/RAD_Pages/AddressAndContactInfo_Page/input_reEnterEMailAddress'

2024-01-14 16:25:31 - [TEST_STEP][PASSED] - delay(2): Delayed 2 second(s)

2024-01-14 16:25:33 - [MESSAGE][PASSED] - Delayed 2 second(s)

2024-01-14 16:25:33 - [TEST_STEP][PASSED] - if (verifyTextPresent("The Email and Re-enter email do not match", true)): null

2024-01-14 16:25:33 - [MESSAGE][PASSED] - Text 'The Email and Re-enter email do not match' is present on page  using regular expression

2024-01-14 16:25:33 - [TEST_STEP][PASSED] - println("Emails Dont match text is present"): null

2024-01-14 16:25:33 - [TEST_STEP][PASSED] - out.println("Pass Record Number: " + row): null

2024-01-14 16:25:33 - [TEST_STEP][PASSED] - resText = "Pass": null

2024-01-14 16:25:33 - [TEST_STEP][PASSED] - pages.WriteExcel.demoKey(resText, datText, resColumn, datCloumn, fileLoc, nameSheet, row): pages.WriteExcel.demoKey is PASSED

2024-01-14 16:25:33 - [MESSAGE][PASSED] - pages.WriteExcel.demoKey is PASSED

2024-01-14 16:25:33 - [TEST_STEP][PASSED] - ExecuteTC = findTestData(dataFile).getValue("Execute", row): null

2024-01-14 16:25:33 - [TEST_STEP][PASSED] - Taxtype = findTestData(dataFile).getValue("TaxType", row): null

2024-01-14 16:25:33 - [TEST_STEP][PASSED] - Paymenttype = findTestData(dataFile).getValue("PaymentType", row): null

2024-01-14 16:25:33 - [TEST_STEP][PASSED] - out.println("Value of Execute is : " + ExecuteTC): null

2024-01-14 16:25:33 - [TEST_STEP][PASSED] - if (ExecuteTC.equalsIgnoreCase("Y")): null

2024-01-14 16:25:33 - [TEST_STEP][PASSED] - out.println("Begin Record Number: " + row): null

2024-01-14 16:25:33 - [TEST_STEP][PASSED] - today = new java.util.Date(): null

2024-01-14 16:25:33 - [TEST_STEP][PASSED] - println(today): null

2024-01-14 16:25:33 - [TEST_STEP][PASSED] - datText = today: null

2024-01-14 16:25:33 - [TEST_STEP][PASSED] - Taxtype = findTestData(dataFile).getValue("TaxType", row): null

2024-01-14 16:25:34 - [TEST_STEP][PASSED] - out.println("Taxtype value is : " + Taxtype): null

2024-01-14 16:25:34 - [TEST_STEP][PASSED] - openBrowser(""): Browser is opened with url: ''

2024-01-14 16:25:34 - [MESSAGE][WARNING] - A browser is already opened. Closing browser and opening a new one

2024-01-14 16:25:35 - [MESSAGE][INFO] - Starting 'Chrome' driver

2024-01-14 16:25:35 - [MESSAGE][INFO] - User set preference: ['acceptInsecureCerts', 'true']

2024-01-14 16:25:35 - [MESSAGE][INFO] - Action delay is set to 0 milliseconds

2024-01-14 16:25:36 - [MESSAGE][PASSED] - Browser is opened with url: ''

2024-01-14 16:25:36 - [TEST_STEP][PASSED] - maximizeWindow(): Current window maximized

2024-01-14 16:25:36 - [MESSAGE][PASSED] - Current window maximized

2024-01-14 16:25:36 - [TEST_STEP][PASSED] - navigateToUrl(RADurl): Navigate to 'https://qa2.velocitypayment.com/client/rad/index.html' successfully

2024-01-14 16:25:38 - [MESSAGE][PASSED] - Navigate to 'https://qa2.velocitypayment.com/client/rad/index.html' successfully

2024-01-14 16:25:38 - [TEST_STEP][PASSED] - orPath_Landing = "Object Repository/RAD_Pages/Landing_Page": null

2024-01-14 16:25:38 - [TEST_STEP][PASSED] - orPath_TaxTypeFilingYear = "Object Repository/RAD_Pages/TaxTypeFilingYear_Page": null

2024-01-14 16:25:38 - [TEST_STEP][PASSED] - orPath_TaxPayer = "Object Repository/RAD_Pages/Taxpayer_Page": null

2024-01-14 16:25:38 - [TEST_STEP][PASSED] - orPath_AddressContact = "Object Repository/RAD_Pages/AddressAndContactInfo_Page": null

2024-01-14 16:25:38 - [TEST_STEP][PASSED] - orPath_FilingStatus = "Object Repository/RAD_Pages/FilingStatus_Page": null

2024-01-14 16:25:38 - [TEST_STEP][PASSED] - orPath_Amount = "Object Repository/RAD_Pages/PaymentAmount_Page": null

2024-01-14 16:25:38 - [TEST_STEP][PASSED] - selectOptionByLabel(findTestObject(orPath_Landing + "/dd_TaxType"), Paymenttype, false): All options with label 'Existing Liability w/Notice Number' are selected in object 'Object Repository/RAD_Pages/Landing_Page/dd_TaxType' 

2024-01-14 16:25:38 - [MESSAGE][PASSED] - All options with label 'Existing Liability w/Notice Number' are selected in object 'Object Repository/RAD_Pages/Landing_Page/dd_TaxType' 

2024-01-14 16:25:38 - [TEST_STEP][PASSED] - delay(1): Delayed 1 second(s)

2024-01-14 16:25:39 - [MESSAGE][PASSED] - Delayed 1 second(s)

2024-01-14 16:25:39 - [TEST_STEP][PASSED] - switch (Paymenttype): null

2024-01-14 16:25:39 - [TEST_STEP][PASSED] - case "Existing Liability w/Notice Number":: null

2024-01-14 16:25:39 - [TEST_STEP][PASSED] - selectOptionByLabel(findTestObject(orPath_TaxTypeFilingYear + "/select_TaxType_ExistingLiability"), Taxtype, false): All options with label 'PTE Tax Electing S Corp' are selected in object 'Object Repository/RAD_Pages/TaxTypeFilingYear_Page/select_TaxType_ExistingLiability' 

2024-01-14 16:25:40 - [MESSAGE][PASSED] - All options with label 'PTE Tax Electing S Corp' are selected in object 'Object Repository/RAD_Pages/TaxTypeFilingYear_Page/select_TaxType_ExistingLiability' 

2024-01-14 16:25:40 - [TEST_STEP][PASSED] - break: null

2024-01-14 16:25:40 - [TEST_STEP][PASSED] - delay(1): Delayed 1 second(s)

2024-01-14 16:25:41 - [MESSAGE][PASSED] - Delayed 1 second(s)

2024-01-14 16:25:41 - [TEST_STEP][PASSED] - scrollToElement(findTestObject(orPath_Amount + "/input__paymentAmount"), 3): Scroll to object 'Object Repository/RAD_Pages/PaymentAmount_Page/input__paymentAmount' successfully

2024-01-14 16:25:41 - [MESSAGE][PASSED] - Scroll to object 'Object Repository/RAD_Pages/PaymentAmount_Page/input__paymentAmount' successfully

2024-01-14 16:25:41 - [TEST_STEP][PASSED] - setText(findTestObject(orPath_AddressContact + "/input_eMailAddress"), "imtiazster@gmail.com"): Text 'imtiazster@gmail.com' is set on object 'Object Repository/RAD_Pages/AddressAndContactInfo_Page/input_eMailAddress'

2024-01-14 16:25:42 - [MESSAGE][PASSED] - Text 'imtiazster@gmail.com' is set on object 'Object Repository/RAD_Pages/AddressAndContactInfo_Page/input_eMailAddress'

2024-01-14 16:25:42 - [TEST_STEP][PASSED] - setText(findTestObject(orPath_AddressContact + "/input_reEnterEMailAddress"), "iahmed@govolution.com"): Text 'iahmed@govolution.com' is set on object 'Object Repository/RAD_Pages/AddressAndContactInfo_Page/input_reEnterEMailAddress'

2024-01-14 16:25:43 - [MESSAGE][PASSED] - Text 'iahmed@govolution.com' is set on object 'Object Repository/RAD_Pages/AddressAndContactInfo_Page/input_reEnterEMailAddress'

2024-01-14 16:25:43 - [TEST_STEP][PASSED] - delay(2): Delayed 2 second(s)

2024-01-14 16:25:45 - [MESSAGE][PASSED] - Delayed 2 second(s)

2024-01-14 16:25:45 - [TEST_STEP][PASSED] - if (verifyTextPresent("The Email and Re-enter email do not match", true)): null

2024-01-14 16:25:45 - [MESSAGE][PASSED] - Text 'The Email and Re-enter email do not match' is present on page  using regular expression

2024-01-14 16:25:45 - [TEST_STEP][PASSED] - println("Emails Dont match text is present"): null

2024-01-14 16:25:45 - [TEST_STEP][PASSED] - out.println("Pass Record Number: " + row): null

2024-01-14 16:25:45 - [TEST_STEP][PASSED] - resText = "Pass": null

2024-01-14 16:25:45 - [TEST_STEP][PASSED] - pages.WriteExcel.demoKey(resText, datText, resColumn, datCloumn, fileLoc, nameSheet, row): pages.WriteExcel.demoKey is PASSED

2024-01-14 16:25:45 - [MESSAGE][PASSED] - pages.WriteExcel.demoKey is PASSED

2024-01-14 16:25:45 - [TEST_STEP][PASSED] - ExecuteTC = findTestData(dataFile).getValue("Execute", row): null

2024-01-14 16:25:45 - [TEST_STEP][PASSED] - Taxtype = findTestData(dataFile).getValue("TaxType", row): null

2024-01-14 16:25:45 - [TEST_STEP][PASSED] - Paymenttype = findTestData(dataFile).getValue("PaymentType", row): null

2024-01-14 16:25:45 - [TEST_STEP][PASSED] - out.println("Value of Execute is : " + ExecuteTC): null

2024-01-14 16:25:45 - [TEST_STEP][PASSED] - if (ExecuteTC.equalsIgnoreCase("Y")): null

2024-01-14 16:25:45 - [TEST_STEP][PASSED] - out.println("Begin Record Number: " + row): null

2024-01-14 16:25:45 - [TEST_STEP][PASSED] - today = new java.util.Date(): null

2024-01-14 16:25:45 - [TEST_STEP][PASSED] - println(today): null

2024-01-14 16:25:45 - [TEST_STEP][PASSED] - datText = today: null

2024-01-14 16:25:45 - [TEST_STEP][PASSED] - Taxtype = findTestData(dataFile).getValue("TaxType", row): null

2024-01-14 16:25:45 - [TEST_STEP][PASSED] - out.println("Taxtype value is : " + Taxtype): null

2024-01-14 16:25:45 - [TEST_STEP][PASSED] - openBrowser(""): Browser is opened with url: ''

2024-01-14 16:25:45 - [MESSAGE][WARNING] - A browser is already opened. Closing browser and opening a new one

2024-01-14 16:25:46 - [MESSAGE][INFO] - Starting 'Chrome' driver

2024-01-14 16:25:46 - [MESSAGE][INFO] - User set preference: ['acceptInsecureCerts', 'true']

2024-01-14 16:25:46 - [MESSAGE][INFO] - Action delay is set to 0 milliseconds

2024-01-14 16:25:48 - [MESSAGE][PASSED] - Browser is opened with url: ''

2024-01-14 16:25:48 - [TEST_STEP][PASSED] - maximizeWindow(): Current window maximized

2024-01-14 16:25:48 - [MESSAGE][PASSED] - Current window maximized

2024-01-14 16:25:48 - [TEST_STEP][PASSED] - navigateToUrl(RADurl): Navigate to 'https://qa2.velocitypayment.com/client/rad/index.html' successfully

2024-01-14 16:25:50 - [MESSAGE][PASSED] - Navigate to 'https://qa2.velocitypayment.com/client/rad/index.html' successfully

2024-01-14 16:25:50 - [TEST_STEP][PASSED] - orPath_Landing = "Object Repository/RAD_Pages/Landing_Page": null

2024-01-14 16:25:50 - [TEST_STEP][PASSED] - orPath_TaxTypeFilingYear = "Object Repository/RAD_Pages/TaxTypeFilingYear_Page": null

2024-01-14 16:25:50 - [TEST_STEP][PASSED] - orPath_TaxPayer = "Object Repository/RAD_Pages/Taxpayer_Page": null

2024-01-14 16:25:50 - [TEST_STEP][PASSED] - orPath_AddressContact = "Object Repository/RAD_Pages/AddressAndContactInfo_Page": null

2024-01-14 16:25:50 - [TEST_STEP][PASSED] - orPath_FilingStatus = "Object Repository/RAD_Pages/FilingStatus_Page": null

2024-01-14 16:25:50 - [TEST_STEP][PASSED] - orPath_Amount = "Object Repository/RAD_Pages/PaymentAmount_Page": null

2024-01-14 16:25:50 - [TEST_STEP][PASSED] - selectOptionByLabel(findTestObject(orPath_Landing + "/dd_TaxType"), Paymenttype, false): All options with label 'Existing Liability w/Notice Number' are selected in object 'Object Repository/RAD_Pages/Landing_Page/dd_TaxType' 

2024-01-14 16:25:50 - [MESSAGE][PASSED] - All options with label 'Existing Liability w/Notice Number' are selected in object 'Object Repository/RAD_Pages/Landing_Page/dd_TaxType' 

2024-01-14 16:25:50 - [TEST_STEP][PASSED] - delay(1): Delayed 1 second(s)

2024-01-14 16:25:51 - [MESSAGE][PASSED] - Delayed 1 second(s)

2024-01-14 16:25:51 - [TEST_STEP][PASSED] - switch (Paymenttype): null

2024-01-14 16:25:51 - [TEST_STEP][PASSED] - case "Existing Liability w/Notice Number":: null

2024-01-14 16:25:51 - [TEST_STEP][PASSED] - selectOptionByLabel(findTestObject(orPath_TaxTypeFilingYear + "/select_TaxType_ExistingLiability"), Taxtype, false): All options with label 'Personal Income Tax' are selected in object 'Object Repository/RAD_Pages/TaxTypeFilingYear_Page/select_TaxType_ExistingLiability' 

2024-01-14 16:25:52 - [MESSAGE][PASSED] - All options with label 'Personal Income Tax' are selected in object 'Object Repository/RAD_Pages/TaxTypeFilingYear_Page/select_TaxType_ExistingLiability' 

2024-01-14 16:25:52 - [TEST_STEP][PASSED] - break: null

2024-01-14 16:25:52 - [TEST_STEP][PASSED] - delay(1): Delayed 1 second(s)

2024-01-14 16:25:53 - [MESSAGE][PASSED] - Delayed 1 second(s)

2024-01-14 16:25:53 - [TEST_STEP][PASSED] - scrollToElement(findTestObject(orPath_Amount + "/input__paymentAmount"), 3): Scroll to object 'Object Repository/RAD_Pages/PaymentAmount_Page/input__paymentAmount' successfully

2024-01-14 16:25:53 - [MESSAGE][PASSED] - Scroll to object 'Object Repository/RAD_Pages/PaymentAmount_Page/input__paymentAmount' successfully

2024-01-14 16:25:53 - [TEST_STEP][PASSED] - setText(findTestObject(orPath_AddressContact + "/input_eMailAddress"), "imtiazster@gmail.com"): Text 'imtiazster@gmail.com' is set on object 'Object Repository/RAD_Pages/AddressAndContactInfo_Page/input_eMailAddress'

2024-01-14 16:25:54 - [MESSAGE][PASSED] - Text 'imtiazster@gmail.com' is set on object 'Object Repository/RAD_Pages/AddressAndContactInfo_Page/input_eMailAddress'

2024-01-14 16:25:54 - [TEST_STEP][PASSED] - setText(findTestObject(orPath_AddressContact + "/input_reEnterEMailAddress"), "iahmed@govolution.com"): Text 'iahmed@govolution.com' is set on object 'Object Repository/RAD_Pages/AddressAndContactInfo_Page/input_reEnterEMailAddress'

2024-01-14 16:25:55 - [MESSAGE][PASSED] - Text 'iahmed@govolution.com' is set on object 'Object Repository/RAD_Pages/AddressAndContactInfo_Page/input_reEnterEMailAddress'

2024-01-14 16:25:55 - [TEST_STEP][PASSED] - delay(2): Delayed 2 second(s)

2024-01-14 16:25:57 - [MESSAGE][PASSED] - Delayed 2 second(s)

2024-01-14 16:25:57 - [TEST_STEP][PASSED] - if (verifyTextPresent("The Email and Re-enter email do not match", true)): null

2024-01-14 16:25:57 - [MESSAGE][PASSED] - Text 'The Email and Re-enter email do not match' is present on page  using regular expression

2024-01-14 16:25:57 - [TEST_STEP][PASSED] - println("Emails Dont match text is present"): null

2024-01-14 16:25:57 - [TEST_STEP][PASSED] - out.println("Pass Record Number: " + row): null

2024-01-14 16:25:57 - [TEST_STEP][PASSED] - resText = "Pass": null

2024-01-14 16:25:57 - [TEST_STEP][PASSED] - pages.WriteExcel.demoKey(resText, datText, resColumn, datCloumn, fileLoc, nameSheet, row): pages.WriteExcel.demoKey is PASSED

2024-01-14 16:25:57 - [MESSAGE][PASSED] - pages.WriteExcel.demoKey is PASSED

2024-01-14 16:25:57 - [TEST_STEP][PASSED] - ExecuteTC = findTestData(dataFile).getValue("Execute", row): null

2024-01-14 16:25:57 - [TEST_STEP][PASSED] - Taxtype = findTestData(dataFile).getValue("TaxType", row): null

2024-01-14 16:25:57 - [TEST_STEP][PASSED] - Paymenttype = findTestData(dataFile).getValue("PaymentType", row): null

2024-01-14 16:25:57 - [TEST_STEP][PASSED] - out.println("Value of Execute is : " + ExecuteTC): null

2024-01-14 16:25:57 - [TEST_STEP][PASSED] - if (ExecuteTC.equalsIgnoreCase("Y")): null

2024-01-14 16:25:57 - [TEST_STEP][PASSED] - out.println("Begin Record Number: " + row): null

2024-01-14 16:25:57 - [TEST_STEP][PASSED] - today = new java.util.Date(): null

2024-01-14 16:25:57 - [TEST_STEP][PASSED] - println(today): null

2024-01-14 16:25:57 - [TEST_STEP][PASSED] - datText = today: null

2024-01-14 16:25:57 - [TEST_STEP][PASSED] - Taxtype = findTestData(dataFile).getValue("TaxType", row): null

2024-01-14 16:25:57 - [TEST_STEP][PASSED] - out.println("Taxtype value is : " + Taxtype): null

2024-01-14 16:25:57 - [TEST_STEP][PASSED] - openBrowser(""): Browser is opened with url: ''

2024-01-14 16:25:57 - [MESSAGE][WARNING] - A browser is already opened. Closing browser and opening a new one

2024-01-14 16:25:58 - [MESSAGE][INFO] - Starting 'Chrome' driver

2024-01-14 16:25:58 - [MESSAGE][INFO] - User set preference: ['acceptInsecureCerts', 'true']

2024-01-14 16:25:58 - [MESSAGE][INFO] - Action delay is set to 0 milliseconds

2024-01-14 16:26:00 - [MESSAGE][PASSED] - Browser is opened with url: ''

2024-01-14 16:26:00 - [TEST_STEP][PASSED] - maximizeWindow(): Current window maximized

2024-01-14 16:26:00 - [MESSAGE][PASSED] - Current window maximized

2024-01-14 16:26:00 - [TEST_STEP][PASSED] - navigateToUrl(RADurl): Navigate to 'https://qa2.velocitypayment.com/client/rad/index.html' successfully

2024-01-14 16:26:01 - [MESSAGE][PASSED] - Navigate to 'https://qa2.velocitypayment.com/client/rad/index.html' successfully

2024-01-14 16:26:01 - [TEST_STEP][PASSED] - orPath_Landing = "Object Repository/RAD_Pages/Landing_Page": null

2024-01-14 16:26:01 - [TEST_STEP][PASSED] - orPath_TaxTypeFilingYear = "Object Repository/RAD_Pages/TaxTypeFilingYear_Page": null

2024-01-14 16:26:01 - [TEST_STEP][PASSED] - orPath_TaxPayer = "Object Repository/RAD_Pages/Taxpayer_Page": null

2024-01-14 16:26:01 - [TEST_STEP][PASSED] - orPath_AddressContact = "Object Repository/RAD_Pages/AddressAndContactInfo_Page": null

2024-01-14 16:26:01 - [TEST_STEP][PASSED] - orPath_FilingStatus = "Object Repository/RAD_Pages/FilingStatus_Page": null

2024-01-14 16:26:01 - [TEST_STEP][PASSED] - orPath_Amount = "Object Repository/RAD_Pages/PaymentAmount_Page": null

2024-01-14 16:26:01 - [TEST_STEP][PASSED] - selectOptionByLabel(findTestObject(orPath_Landing + "/dd_TaxType"), Paymenttype, false): All options with label 'Quarterly Estimated Tax' are selected in object 'Object Repository/RAD_Pages/Landing_Page/dd_TaxType' 

2024-01-14 16:26:02 - [MESSAGE][PASSED] - All options with label 'Quarterly Estimated Tax' are selected in object 'Object Repository/RAD_Pages/Landing_Page/dd_TaxType' 

2024-01-14 16:26:02 - [TEST_STEP][PASSED] - delay(1): Delayed 1 second(s)

2024-01-14 16:26:03 - [MESSAGE][PASSED] - Delayed 1 second(s)

2024-01-14 16:26:03 - [TEST_STEP][PASSED] - switch (Paymenttype): null

2024-01-14 16:26:03 - [TEST_STEP][PASSED] - case "Quarterly Estimated Tax":: null

2024-01-14 16:26:03 - [TEST_STEP][PASSED] - selectOptionByLabel(findTestObject(orPath_TaxTypeFilingYear + "/select_PaymentType"), Taxtype, false): All options with label 'Corporate Income Tax' are selected in object 'Object Repository/RAD_Pages/TaxTypeFilingYear_Page/select_PaymentType' 

2024-01-14 16:26:04 - [MESSAGE][PASSED] - All options with label 'Corporate Income Tax' are selected in object 'Object Repository/RAD_Pages/TaxTypeFilingYear_Page/select_PaymentType' 

2024-01-14 16:26:04 - [TEST_STEP][PASSED] - break: null

2024-01-14 16:26:04 - [TEST_STEP][PASSED] - delay(1): Delayed 1 second(s)

2024-01-14 16:26:05 - [MESSAGE][PASSED] - Delayed 1 second(s)

2024-01-14 16:26:05 - [TEST_STEP][PASSED] - scrollToElement(findTestObject(orPath_Amount + "/input__paymentAmount"), 3): Scroll to object 'Object Repository/RAD_Pages/PaymentAmount_Page/input__paymentAmount' successfully

2024-01-14 16:26:05 - [MESSAGE][PASSED] - Scroll to object 'Object Repository/RAD_Pages/PaymentAmount_Page/input__paymentAmount' successfully

2024-01-14 16:26:05 - [TEST_STEP][PASSED] - setText(findTestObject(orPath_AddressContact + "/input_eMailAddress"), "imtiazster@gmail.com"): Text 'imtiazster@gmail.com' is set on object 'Object Repository/RAD_Pages/AddressAndContactInfo_Page/input_eMailAddress'

2024-01-14 16:26:06 - [MESSAGE][PASSED] - Text 'imtiazster@gmail.com' is set on object 'Object Repository/RAD_Pages/AddressAndContactInfo_Page/input_eMailAddress'

2024-01-14 16:26:06 - [TEST_STEP][PASSED] - setText(findTestObject(orPath_AddressContact + "/input_reEnterEMailAddress"), "iahmed@govolution.com"): Text 'iahmed@govolution.com' is set on object 'Object Repository/RAD_Pages/AddressAndContactInfo_Page/input_reEnterEMailAddress'

2024-01-14 16:26:07 - [MESSAGE][PASSED] - Text 'iahmed@govolution.com' is set on object 'Object Repository/RAD_Pages/AddressAndContactInfo_Page/input_reEnterEMailAddress'

2024-01-14 16:26:07 - [TEST_STEP][PASSED] - delay(2): Delayed 2 second(s)

2024-01-14 16:26:09 - [MESSAGE][PASSED] - Delayed 2 second(s)

2024-01-14 16:26:09 - [TEST_STEP][PASSED] - if (verifyTextPresent("The Email and Re-enter email do not match", true)): null

2024-01-14 16:26:09 - [MESSAGE][PASSED] - Text 'The Email and Re-enter email do not match' is present on page  using regular expression

2024-01-14 16:26:09 - [TEST_STEP][PASSED] - println("Emails Dont match text is present"): null

2024-01-14 16:26:09 - [TEST_STEP][PASSED] - out.println("Pass Record Number: " + row): null

2024-01-14 16:26:09 - [TEST_STEP][PASSED] - resText = "Pass": null

2024-01-14 16:26:09 - [TEST_STEP][PASSED] - pages.WriteExcel.demoKey(resText, datText, resColumn, datCloumn, fileLoc, nameSheet, row): pages.WriteExcel.demoKey is PASSED

2024-01-14 16:26:09 - [MESSAGE][PASSED] - pages.WriteExcel.demoKey is PASSED

2024-01-14 16:26:09 - [TEST_STEP][PASSED] - ExecuteTC = findTestData(dataFile).getValue("Execute", row): null

2024-01-14 16:26:09 - [TEST_STEP][PASSED] - Taxtype = findTestData(dataFile).getValue("TaxType", row): null

2024-01-14 16:26:09 - [TEST_STEP][PASSED] - Paymenttype = findTestData(dataFile).getValue("PaymentType", row): null

2024-01-14 16:26:09 - [TEST_STEP][PASSED] - out.println("Value of Execute is : " + ExecuteTC): null

2024-01-14 16:26:09 - [TEST_STEP][PASSED] - if (ExecuteTC.equalsIgnoreCase("Y")): null

2024-01-14 16:26:09 - [TEST_STEP][PASSED] - out.println("Begin Record Number: " + row): null

2024-01-14 16:26:09 - [TEST_STEP][PASSED] - today = new java.util.Date(): null

2024-01-14 16:26:09 - [TEST_STEP][PASSED] - println(today): null

2024-01-14 16:26:09 - [TEST_STEP][PASSED] - datText = today: null

2024-01-14 16:26:09 - [TEST_STEP][PASSED] - Taxtype = findTestData(dataFile).getValue("TaxType", row): null

2024-01-14 16:26:09 - [TEST_STEP][PASSED] - out.println("Taxtype value is : " + Taxtype): null

2024-01-14 16:26:09 - [TEST_STEP][PASSED] - openBrowser(""): Browser is opened with url: ''

2024-01-14 16:26:09 - [MESSAGE][WARNING] - A browser is already opened. Closing browser and opening a new one

2024-01-14 16:26:10 - [MESSAGE][INFO] - Starting 'Chrome' driver

2024-01-14 16:26:10 - [MESSAGE][INFO] - User set preference: ['acceptInsecureCerts', 'true']

2024-01-14 16:26:10 - [MESSAGE][INFO] - Action delay is set to 0 milliseconds

2024-01-14 16:26:12 - [MESSAGE][PASSED] - Browser is opened with url: ''

2024-01-14 16:26:12 - [TEST_STEP][PASSED] - maximizeWindow(): Current window maximized

2024-01-14 16:26:12 - [MESSAGE][PASSED] - Current window maximized

2024-01-14 16:26:12 - [TEST_STEP][PASSED] - navigateToUrl(RADurl): Navigate to 'https://qa2.velocitypayment.com/client/rad/index.html' successfully

2024-01-14 16:26:13 - [MESSAGE][PASSED] - Navigate to 'https://qa2.velocitypayment.com/client/rad/index.html' successfully

2024-01-14 16:26:13 - [TEST_STEP][PASSED] - orPath_Landing = "Object Repository/RAD_Pages/Landing_Page": null

2024-01-14 16:26:13 - [TEST_STEP][PASSED] - orPath_TaxTypeFilingYear = "Object Repository/RAD_Pages/TaxTypeFilingYear_Page": null

2024-01-14 16:26:13 - [TEST_STEP][PASSED] - orPath_TaxPayer = "Object Repository/RAD_Pages/Taxpayer_Page": null

2024-01-14 16:26:13 - [TEST_STEP][PASSED] - orPath_AddressContact = "Object Repository/RAD_Pages/AddressAndContactInfo_Page": null

2024-01-14 16:26:13 - [TEST_STEP][PASSED] - orPath_FilingStatus = "Object Repository/RAD_Pages/FilingStatus_Page": null

2024-01-14 16:26:13 - [TEST_STEP][PASSED] - orPath_Amount = "Object Repository/RAD_Pages/PaymentAmount_Page": null

2024-01-14 16:26:13 - [TEST_STEP][PASSED] - selectOptionByLabel(findTestObject(orPath_Landing + "/dd_TaxType"), Paymenttype, false): All options with label 'Quarterly Estimated Tax' are selected in object 'Object Repository/RAD_Pages/Landing_Page/dd_TaxType' 

2024-01-14 16:26:14 - [MESSAGE][PASSED] - All options with label 'Quarterly Estimated Tax' are selected in object 'Object Repository/RAD_Pages/Landing_Page/dd_TaxType' 

2024-01-14 16:26:14 - [TEST_STEP][PASSED] - delay(1): Delayed 1 second(s)

2024-01-14 16:26:15 - [MESSAGE][PASSED] - Delayed 1 second(s)

2024-01-14 16:26:15 - [TEST_STEP][PASSED] - switch (Paymenttype): null

2024-01-14 16:26:15 - [TEST_STEP][PASSED] - case "Quarterly Estimated Tax":: null

2024-01-14 16:26:15 - [TEST_STEP][PASSED] - selectOptionByLabel(findTestObject(orPath_TaxTypeFilingYear + "/select_PaymentType"), Taxtype, false): All options with label 'Fiduciary Tax' are selected in object 'Object Repository/RAD_Pages/TaxTypeFilingYear_Page/select_PaymentType' 

2024-01-14 16:26:16 - [MESSAGE][PASSED] - All options with label 'Fiduciary Tax' are selected in object 'Object Repository/RAD_Pages/TaxTypeFilingYear_Page/select_PaymentType' 

2024-01-14 16:26:16 - [TEST_STEP][PASSED] - break: null

2024-01-14 16:26:16 - [TEST_STEP][PASSED] - delay(1): Delayed 1 second(s)

2024-01-14 16:26:17 - [MESSAGE][PASSED] - Delayed 1 second(s)

2024-01-14 16:26:17 - [TEST_STEP][PASSED] - scrollToElement(findTestObject(orPath_Amount + "/input__paymentAmount"), 3): Scroll to object 'Object Repository/RAD_Pages/PaymentAmount_Page/input__paymentAmount' successfully

2024-01-14 16:26:17 - [MESSAGE][PASSED] - Scroll to object 'Object Repository/RAD_Pages/PaymentAmount_Page/input__paymentAmount' successfully

2024-01-14 16:26:17 - [TEST_STEP][PASSED] - setText(findTestObject(orPath_AddressContact + "/input_eMailAddress"), "imtiazster@gmail.com"): Text 'imtiazster@gmail.com' is set on object 'Object Repository/RAD_Pages/AddressAndContactInfo_Page/input_eMailAddress'

2024-01-14 16:26:18 - [MESSAGE][PASSED] - Text 'imtiazster@gmail.com' is set on object 'Object Repository/RAD_Pages/AddressAndContactInfo_Page/input_eMailAddress'

2024-01-14 16:26:18 - [TEST_STEP][PASSED] - setText(findTestObject(orPath_AddressContact + "/input_reEnterEMailAddress"), "iahmed@govolution.com"): Text 'iahmed@govolution.com' is set on object 'Object Repository/RAD_Pages/AddressAndContactInfo_Page/input_reEnterEMailAddress'

2024-01-14 16:26:19 - [MESSAGE][PASSED] - Text 'iahmed@govolution.com' is set on object 'Object Repository/RAD_Pages/AddressAndContactInfo_Page/input_reEnterEMailAddress'

2024-01-14 16:26:19 - [TEST_STEP][PASSED] - delay(2): Delayed 2 second(s)

2024-01-14 16:26:21 - [MESSAGE][PASSED] - Delayed 2 second(s)

2024-01-14 16:26:21 - [TEST_STEP][PASSED] - if (verifyTextPresent("The Email and Re-enter email do not match", true)): null

2024-01-14 16:26:21 - [MESSAGE][PASSED] - Text 'The Email and Re-enter email do not match' is present on page  using regular expression

2024-01-14 16:26:21 - [TEST_STEP][PASSED] - println("Emails Dont match text is present"): null

2024-01-14 16:26:21 - [TEST_STEP][PASSED] - out.println("Pass Record Number: " + row): null

2024-01-14 16:26:21 - [TEST_STEP][PASSED] - resText = "Pass": null

2024-01-14 16:26:21 - [TEST_STEP][PASSED] - pages.WriteExcel.demoKey(resText, datText, resColumn, datCloumn, fileLoc, nameSheet, row): pages.WriteExcel.demoKey is PASSED

2024-01-14 16:26:21 - [MESSAGE][PASSED] - pages.WriteExcel.demoKey is PASSED

2024-01-14 16:26:21 - [TEST_STEP][PASSED] - ExecuteTC = findTestData(dataFile).getValue("Execute", row): null

2024-01-14 16:26:21 - [TEST_STEP][PASSED] - Taxtype = findTestData(dataFile).getValue("TaxType", row): null

2024-01-14 16:26:21 - [TEST_STEP][PASSED] - Paymenttype = findTestData(dataFile).getValue("PaymentType", row): null

2024-01-14 16:26:21 - [TEST_STEP][PASSED] - out.println("Value of Execute is : " + ExecuteTC): null

2024-01-14 16:26:21 - [TEST_STEP][PASSED] - if (ExecuteTC.equalsIgnoreCase("Y")): null

2024-01-14 16:26:21 - [TEST_STEP][PASSED] - out.println("Begin Record Number: " + row): null

2024-01-14 16:26:21 - [TEST_STEP][PASSED] - today = new java.util.Date(): null

2024-01-14 16:26:21 - [TEST_STEP][PASSED] - println(today): null

2024-01-14 16:26:21 - [TEST_STEP][PASSED] - datText = today: null

2024-01-14 16:26:21 - [TEST_STEP][PASSED] - Taxtype = findTestData(dataFile).getValue("TaxType", row): null

2024-01-14 16:26:21 - [TEST_STEP][PASSED] - out.println("Taxtype value is : " + Taxtype): null

2024-01-14 16:26:21 - [TEST_STEP][PASSED] - openBrowser(""): Browser is opened with url: ''

2024-01-14 16:26:21 - [MESSAGE][WARNING] - A browser is already opened. Closing browser and opening a new one

2024-01-14 16:26:22 - [MESSAGE][INFO] - Starting 'Chrome' driver

2024-01-14 16:26:22 - [MESSAGE][INFO] - User set preference: ['acceptInsecureCerts', 'true']

2024-01-14 16:26:22 - [MESSAGE][INFO] - Action delay is set to 0 milliseconds

2024-01-14 16:26:24 - [MESSAGE][PASSED] - Browser is opened with url: ''

2024-01-14 16:26:24 - [TEST_STEP][PASSED] - maximizeWindow(): Current window maximized

2024-01-14 16:26:24 - [MESSAGE][PASSED] - Current window maximized

2024-01-14 16:26:24 - [TEST_STEP][PASSED] - navigateToUrl(RADurl): Navigate to 'https://qa2.velocitypayment.com/client/rad/index.html' successfully

2024-01-14 16:26:25 - [MESSAGE][PASSED] - Navigate to 'https://qa2.velocitypayment.com/client/rad/index.html' successfully

2024-01-14 16:26:25 - [TEST_STEP][PASSED] - orPath_Landing = "Object Repository/RAD_Pages/Landing_Page": null

2024-01-14 16:26:25 - [TEST_STEP][PASSED] - orPath_TaxTypeFilingYear = "Object Repository/RAD_Pages/TaxTypeFilingYear_Page": null

2024-01-14 16:26:25 - [TEST_STEP][PASSED] - orPath_TaxPayer = "Object Repository/RAD_Pages/Taxpayer_Page": null

2024-01-14 16:26:25 - [TEST_STEP][PASSED] - orPath_AddressContact = "Object Repository/RAD_Pages/AddressAndContactInfo_Page": null

2024-01-14 16:26:25 - [TEST_STEP][PASSED] - orPath_FilingStatus = "Object Repository/RAD_Pages/FilingStatus_Page": null

2024-01-14 16:26:25 - [TEST_STEP][PASSED] - orPath_Amount = "Object Repository/RAD_Pages/PaymentAmount_Page": null

2024-01-14 16:26:25 - [TEST_STEP][PASSED] - selectOptionByLabel(findTestObject(orPath_Landing + "/dd_TaxType"), Paymenttype, false): All options with label 'Quarterly Estimated Tax' are selected in object 'Object Repository/RAD_Pages/Landing_Page/dd_TaxType' 

2024-01-14 16:26:26 - [MESSAGE][PASSED] - All options with label 'Quarterly Estimated Tax' are selected in object 'Object Repository/RAD_Pages/Landing_Page/dd_TaxType' 

2024-01-14 16:26:26 - [TEST_STEP][PASSED] - delay(1): Delayed 1 second(s)

2024-01-14 16:26:27 - [MESSAGE][PASSED] - Delayed 1 second(s)

2024-01-14 16:26:27 - [TEST_STEP][PASSED] - switch (Paymenttype): null

2024-01-14 16:26:27 - [TEST_STEP][PASSED] - case "Quarterly Estimated Tax":: null

2024-01-14 16:26:27 - [TEST_STEP][PASSED] - selectOptionByLabel(findTestObject(orPath_TaxTypeFilingYear + "/select_PaymentType"), Taxtype, false): All options with label 'PTE Non-Electing Non-S Corp' are selected in object 'Object Repository/RAD_Pages/TaxTypeFilingYear_Page/select_PaymentType' 

2024-01-14 16:26:28 - [MESSAGE][PASSED] - All options with label 'PTE Non-Electing Non-S Corp' are selected in object 'Object Repository/RAD_Pages/TaxTypeFilingYear_Page/select_PaymentType' 

2024-01-14 16:26:28 - [TEST_STEP][PASSED] - break: null

2024-01-14 16:26:28 - [TEST_STEP][PASSED] - delay(1): Delayed 1 second(s)

2024-01-14 16:26:29 - [MESSAGE][PASSED] - Delayed 1 second(s)

2024-01-14 16:26:29 - [TEST_STEP][PASSED] - scrollToElement(findTestObject(orPath_Amount + "/input__paymentAmount"), 3): Scroll to object 'Object Repository/RAD_Pages/PaymentAmount_Page/input__paymentAmount' successfully

2024-01-14 16:26:29 - [MESSAGE][PASSED] - Scroll to object 'Object Repository/RAD_Pages/PaymentAmount_Page/input__paymentAmount' successfully

2024-01-14 16:26:29 - [TEST_STEP][PASSED] - setText(findTestObject(orPath_AddressContact + "/input_eMailAddress"), "imtiazster@gmail.com"): Text 'imtiazster@gmail.com' is set on object 'Object Repository/RAD_Pages/AddressAndContactInfo_Page/input_eMailAddress'

2024-01-14 16:26:30 - [MESSAGE][PASSED] - Text 'imtiazster@gmail.com' is set on object 'Object Repository/RAD_Pages/AddressAndContactInfo_Page/input_eMailAddress'

2024-01-14 16:26:30 - [TEST_STEP][PASSED] - setText(findTestObject(orPath_AddressContact + "/input_reEnterEMailAddress"), "iahmed@govolution.com"): Text 'iahmed@govolution.com' is set on object 'Object Repository/RAD_Pages/AddressAndContactInfo_Page/input_reEnterEMailAddress'

2024-01-14 16:26:31 - [MESSAGE][PASSED] - Text 'iahmed@govolution.com' is set on object 'Object Repository/RAD_Pages/AddressAndContactInfo_Page/input_reEnterEMailAddress'

2024-01-14 16:26:31 - [TEST_STEP][PASSED] - delay(2): Delayed 2 second(s)

2024-01-14 16:26:33 - [MESSAGE][PASSED] - Delayed 2 second(s)

2024-01-14 16:26:33 - [TEST_STEP][PASSED] - if (verifyTextPresent("The Email and Re-enter email do not match", true)): null

2024-01-14 16:26:33 - [MESSAGE][PASSED] - Text 'The Email and Re-enter email do not match' is present on page  using regular expression

2024-01-14 16:26:33 - [TEST_STEP][PASSED] - println("Emails Dont match text is present"): null

2024-01-14 16:26:33 - [TEST_STEP][PASSED] - out.println("Pass Record Number: " + row): null

2024-01-14 16:26:33 - [TEST_STEP][PASSED] - resText = "Pass": null

2024-01-14 16:26:33 - [TEST_STEP][PASSED] - pages.WriteExcel.demoKey(resText, datText, resColumn, datCloumn, fileLoc, nameSheet, row): pages.WriteExcel.demoKey is PASSED

2024-01-14 16:26:33 - [MESSAGE][PASSED] - pages.WriteExcel.demoKey is PASSED

2024-01-14 16:26:33 - [TEST_STEP][PASSED] - ExecuteTC = findTestData(dataFile).getValue("Execute", row): null

2024-01-14 16:26:33 - [TEST_STEP][PASSED] - Taxtype = findTestData(dataFile).getValue("TaxType", row): null

2024-01-14 16:26:33 - [TEST_STEP][PASSED] - Paymenttype = findTestData(dataFile).getValue("PaymentType", row): null

2024-01-14 16:26:33 - [TEST_STEP][PASSED] - out.println("Value of Execute is : " + ExecuteTC): null

2024-01-14 16:26:33 - [TEST_STEP][PASSED] - if (ExecuteTC.equalsIgnoreCase("Y")): null

2024-01-14 16:26:33 - [TEST_STEP][PASSED] - out.println("Begin Record Number: " + row): null

2024-01-14 16:26:33 - [TEST_STEP][PASSED] - today = new java.util.Date(): null

2024-01-14 16:26:33 - [TEST_STEP][PASSED] - println(today): null

2024-01-14 16:26:33 - [TEST_STEP][PASSED] - datText = today: null

2024-01-14 16:26:33 - [TEST_STEP][PASSED] - Taxtype = findTestData(dataFile).getValue("TaxType", row): null

2024-01-14 16:26:33 - [TEST_STEP][PASSED] - out.println("Taxtype value is : " + Taxtype): null

2024-01-14 16:26:33 - [TEST_STEP][PASSED] - openBrowser(""): Browser is opened with url: ''

2024-01-14 16:26:33 - [MESSAGE][WARNING] - A browser is already opened. Closing browser and opening a new one

2024-01-14 16:26:34 - [MESSAGE][INFO] - Starting 'Chrome' driver

2024-01-14 16:26:34 - [MESSAGE][INFO] - User set preference: ['acceptInsecureCerts', 'true']

2024-01-14 16:26:34 - [MESSAGE][INFO] - Action delay is set to 0 milliseconds

2024-01-14 16:26:36 - [MESSAGE][PASSED] - Browser is opened with url: ''

2024-01-14 16:26:36 - [TEST_STEP][PASSED] - maximizeWindow(): Current window maximized

2024-01-14 16:26:36 - [MESSAGE][PASSED] - Current window maximized

2024-01-14 16:26:36 - [TEST_STEP][PASSED] - navigateToUrl(RADurl): Navigate to 'https://qa2.velocitypayment.com/client/rad/index.html' successfully

2024-01-14 16:26:37 - [MESSAGE][PASSED] - Navigate to 'https://qa2.velocitypayment.com/client/rad/index.html' successfully

2024-01-14 16:26:37 - [TEST_STEP][PASSED] - orPath_Landing = "Object Repository/RAD_Pages/Landing_Page": null

2024-01-14 16:26:37 - [TEST_STEP][PASSED] - orPath_TaxTypeFilingYear = "Object Repository/RAD_Pages/TaxTypeFilingYear_Page": null

2024-01-14 16:26:37 - [TEST_STEP][PASSED] - orPath_TaxPayer = "Object Repository/RAD_Pages/Taxpayer_Page": null

2024-01-14 16:26:37 - [TEST_STEP][PASSED] - orPath_AddressContact = "Object Repository/RAD_Pages/AddressAndContactInfo_Page": null

2024-01-14 16:26:37 - [TEST_STEP][PASSED] - orPath_FilingStatus = "Object Repository/RAD_Pages/FilingStatus_Page": null

2024-01-14 16:26:37 - [TEST_STEP][PASSED] - orPath_Amount = "Object Repository/RAD_Pages/PaymentAmount_Page": null

2024-01-14 16:26:37 - [TEST_STEP][PASSED] - selectOptionByLabel(findTestObject(orPath_Landing + "/dd_TaxType"), Paymenttype, false): All options with label 'Quarterly Estimated Tax' are selected in object 'Object Repository/RAD_Pages/Landing_Page/dd_TaxType' 

2024-01-14 16:26:38 - [MESSAGE][PASSED] - All options with label 'Quarterly Estimated Tax' are selected in object 'Object Repository/RAD_Pages/Landing_Page/dd_TaxType' 

2024-01-14 16:26:38 - [TEST_STEP][PASSED] - delay(1): Delayed 1 second(s)

2024-01-14 16:26:39 - [MESSAGE][PASSED] - Delayed 1 second(s)

2024-01-14 16:26:39 - [TEST_STEP][PASSED] - switch (Paymenttype): null

2024-01-14 16:26:39 - [TEST_STEP][PASSED] - case "Quarterly Estimated Tax":: null

2024-01-14 16:26:39 - [TEST_STEP][PASSED] - selectOptionByLabel(findTestObject(orPath_TaxTypeFilingYear + "/select_PaymentType"), Taxtype, false): All options with label 'PTE Non-Electing S Corp' are selected in object 'Object Repository/RAD_Pages/TaxTypeFilingYear_Page/select_PaymentType' 

2024-01-14 16:26:40 - [MESSAGE][PASSED] - All options with label 'PTE Non-Electing S Corp' are selected in object 'Object Repository/RAD_Pages/TaxTypeFilingYear_Page/select_PaymentType' 

2024-01-14 16:26:40 - [TEST_STEP][PASSED] - break: null

2024-01-14 16:26:40 - [TEST_STEP][PASSED] - delay(1): Delayed 1 second(s)

2024-01-14 16:26:41 - [MESSAGE][PASSED] - Delayed 1 second(s)

2024-01-14 16:26:41 - [TEST_STEP][PASSED] - scrollToElement(findTestObject(orPath_Amount + "/input__paymentAmount"), 3): Scroll to object 'Object Repository/RAD_Pages/PaymentAmount_Page/input__paymentAmount' successfully

2024-01-14 16:26:41 - [MESSAGE][PASSED] - Scroll to object 'Object Repository/RAD_Pages/PaymentAmount_Page/input__paymentAmount' successfully

2024-01-14 16:26:41 - [TEST_STEP][PASSED] - setText(findTestObject(orPath_AddressContact + "/input_eMailAddress"), "imtiazster@gmail.com"): Text 'imtiazster@gmail.com' is set on object 'Object Repository/RAD_Pages/AddressAndContactInfo_Page/input_eMailAddress'

2024-01-14 16:26:42 - [MESSAGE][PASSED] - Text 'imtiazster@gmail.com' is set on object 'Object Repository/RAD_Pages/AddressAndContactInfo_Page/input_eMailAddress'

2024-01-14 16:26:42 - [TEST_STEP][PASSED] - setText(findTestObject(orPath_AddressContact + "/input_reEnterEMailAddress"), "iahmed@govolution.com"): Text 'iahmed@govolution.com' is set on object 'Object Repository/RAD_Pages/AddressAndContactInfo_Page/input_reEnterEMailAddress'

2024-01-14 16:26:43 - [MESSAGE][PASSED] - Text 'iahmed@govolution.com' is set on object 'Object Repository/RAD_Pages/AddressAndContactInfo_Page/input_reEnterEMailAddress'

2024-01-14 16:26:43 - [TEST_STEP][PASSED] - delay(2): Delayed 2 second(s)

2024-01-14 16:26:45 - [MESSAGE][PASSED] - Delayed 2 second(s)

2024-01-14 16:26:45 - [TEST_STEP][PASSED] - if (verifyTextPresent("The Email and Re-enter email do not match", true)): null

2024-01-14 16:26:45 - [MESSAGE][PASSED] - Text 'The Email and Re-enter email do not match' is present on page  using regular expression

2024-01-14 16:26:45 - [TEST_STEP][PASSED] - println("Emails Dont match text is present"): null

2024-01-14 16:26:45 - [TEST_STEP][PASSED] - out.println("Pass Record Number: " + row): null

2024-01-14 16:26:45 - [TEST_STEP][PASSED] - resText = "Pass": null

2024-01-14 16:26:45 - [TEST_STEP][PASSED] - pages.WriteExcel.demoKey(resText, datText, resColumn, datCloumn, fileLoc, nameSheet, row): pages.WriteExcel.demoKey is PASSED

2024-01-14 16:26:45 - [MESSAGE][PASSED] - pages.WriteExcel.demoKey is PASSED

2024-01-14 16:26:45 - [TEST_STEP][PASSED] - ExecuteTC = findTestData(dataFile).getValue("Execute", row): null

2024-01-14 16:26:45 - [TEST_STEP][PASSED] - Taxtype = findTestData(dataFile).getValue("TaxType", row): null

2024-01-14 16:26:45 - [TEST_STEP][PASSED] - Paymenttype = findTestData(dataFile).getValue("PaymentType", row): null

2024-01-14 16:26:45 - [TEST_STEP][PASSED] - out.println("Value of Execute is : " + ExecuteTC): null

2024-01-14 16:26:45 - [TEST_STEP][PASSED] - if (ExecuteTC.equalsIgnoreCase("Y")): null

2024-01-14 16:26:45 - [TEST_STEP][PASSED] - out.println("Begin Record Number: " + row): null

2024-01-14 16:26:45 - [TEST_STEP][PASSED] - today = new java.util.Date(): null

2024-01-14 16:26:45 - [TEST_STEP][PASSED] - println(today): null

2024-01-14 16:26:45 - [TEST_STEP][PASSED] - datText = today: null

2024-01-14 16:26:45 - [TEST_STEP][PASSED] - Taxtype = findTestData(dataFile).getValue("TaxType", row): null

2024-01-14 16:26:45 - [TEST_STEP][PASSED] - out.println("Taxtype value is : " + Taxtype): null

2024-01-14 16:26:45 - [TEST_STEP][PASSED] - openBrowser(""): Browser is opened with url: ''

2024-01-14 16:26:45 - [MESSAGE][WARNING] - A browser is already opened. Closing browser and opening a new one

2024-01-14 16:26:46 - [MESSAGE][INFO] - Starting 'Chrome' driver

2024-01-14 16:26:46 - [MESSAGE][INFO] - User set preference: ['acceptInsecureCerts', 'true']

2024-01-14 16:26:46 - [MESSAGE][INFO] - Action delay is set to 0 milliseconds

2024-01-14 16:26:48 - [MESSAGE][PASSED] - Browser is opened with url: ''

2024-01-14 16:26:48 - [TEST_STEP][PASSED] - maximizeWindow(): Current window maximized

2024-01-14 16:26:48 - [MESSAGE][PASSED] - Current window maximized

2024-01-14 16:26:48 - [TEST_STEP][PASSED] - navigateToUrl(RADurl): Navigate to 'https://qa2.velocitypayment.com/client/rad/index.html' successfully

2024-01-14 16:26:49 - [MESSAGE][PASSED] - Navigate to 'https://qa2.velocitypayment.com/client/rad/index.html' successfully

2024-01-14 16:26:49 - [TEST_STEP][PASSED] - orPath_Landing = "Object Repository/RAD_Pages/Landing_Page": null

2024-01-14 16:26:49 - [TEST_STEP][PASSED] - orPath_TaxTypeFilingYear = "Object Repository/RAD_Pages/TaxTypeFilingYear_Page": null

2024-01-14 16:26:49 - [TEST_STEP][PASSED] - orPath_TaxPayer = "Object Repository/RAD_Pages/Taxpayer_Page": null

2024-01-14 16:26:49 - [TEST_STEP][PASSED] - orPath_AddressContact = "Object Repository/RAD_Pages/AddressAndContactInfo_Page": null

2024-01-14 16:26:49 - [TEST_STEP][PASSED] - orPath_FilingStatus = "Object Repository/RAD_Pages/FilingStatus_Page": null

2024-01-14 16:26:49 - [TEST_STEP][PASSED] - orPath_Amount = "Object Repository/RAD_Pages/PaymentAmount_Page": null

2024-01-14 16:26:49 - [TEST_STEP][PASSED] - selectOptionByLabel(findTestObject(orPath_Landing + "/dd_TaxType"), Paymenttype, false): All options with label 'Quarterly Estimated Tax' are selected in object 'Object Repository/RAD_Pages/Landing_Page/dd_TaxType' 

2024-01-14 16:26:50 - [MESSAGE][PASSED] - All options with label 'Quarterly Estimated Tax' are selected in object 'Object Repository/RAD_Pages/Landing_Page/dd_TaxType' 

2024-01-14 16:26:50 - [TEST_STEP][PASSED] - delay(1): Delayed 1 second(s)

2024-01-14 16:26:51 - [MESSAGE][PASSED] - Delayed 1 second(s)

2024-01-14 16:26:51 - [TEST_STEP][PASSED] - switch (Paymenttype): null

2024-01-14 16:26:51 - [TEST_STEP][PASSED] - case "Quarterly Estimated Tax":: null

2024-01-14 16:26:51 - [TEST_STEP][PASSED] - selectOptionByLabel(findTestObject(orPath_TaxTypeFilingYear + "/select_PaymentType"), Taxtype, false): All options with label 'PTE Tax Electing Non-S Corp' are selected in object 'Object Repository/RAD_Pages/TaxTypeFilingYear_Page/select_PaymentType' 

2024-01-14 16:26:52 - [MESSAGE][PASSED] - All options with label 'PTE Tax Electing Non-S Corp' are selected in object 'Object Repository/RAD_Pages/TaxTypeFilingYear_Page/select_PaymentType' 

2024-01-14 16:26:52 - [TEST_STEP][PASSED] - break: null

2024-01-14 16:26:52 - [TEST_STEP][PASSED] - delay(1): Delayed 1 second(s)

2024-01-14 16:26:53 - [MESSAGE][PASSED] - Delayed 1 second(s)

2024-01-14 16:26:53 - [TEST_STEP][PASSED] - scrollToElement(findTestObject(orPath_Amount + "/input__paymentAmount"), 3): Scroll to object 'Object Repository/RAD_Pages/PaymentAmount_Page/input__paymentAmount' successfully

2024-01-14 16:26:53 - [MESSAGE][PASSED] - Scroll to object 'Object Repository/RAD_Pages/PaymentAmount_Page/input__paymentAmount' successfully

2024-01-14 16:26:53 - [TEST_STEP][PASSED] - setText(findTestObject(orPath_AddressContact + "/input_eMailAddress"), "imtiazster@gmail.com"): Text 'imtiazster@gmail.com' is set on object 'Object Repository/RAD_Pages/AddressAndContactInfo_Page/input_eMailAddress'

2024-01-14 16:26:54 - [MESSAGE][PASSED] - Text 'imtiazster@gmail.com' is set on object 'Object Repository/RAD_Pages/AddressAndContactInfo_Page/input_eMailAddress'

2024-01-14 16:26:54 - [TEST_STEP][PASSED] - setText(findTestObject(orPath_AddressContact + "/input_reEnterEMailAddress"), "iahmed@govolution.com"): Text 'iahmed@govolution.com' is set on object 'Object Repository/RAD_Pages/AddressAndContactInfo_Page/input_reEnterEMailAddress'

2024-01-14 16:26:55 - [MESSAGE][PASSED] - Text 'iahmed@govolution.com' is set on object 'Object Repository/RAD_Pages/AddressAndContactInfo_Page/input_reEnterEMailAddress'

2024-01-14 16:26:55 - [TEST_STEP][PASSED] - delay(2): Delayed 2 second(s)

2024-01-14 16:26:57 - [MESSAGE][PASSED] - Delayed 2 second(s)

2024-01-14 16:26:57 - [TEST_STEP][PASSED] - if (verifyTextPresent("The Email and Re-enter email do not match", true)): null

2024-01-14 16:26:57 - [MESSAGE][PASSED] - Text 'The Email and Re-enter email do not match' is present on page  using regular expression

2024-01-14 16:26:57 - [TEST_STEP][PASSED] - println("Emails Dont match text is present"): null

2024-01-14 16:26:57 - [TEST_STEP][PASSED] - out.println("Pass Record Number: " + row): null

2024-01-14 16:26:57 - [TEST_STEP][PASSED] - resText = "Pass": null

2024-01-14 16:26:57 - [TEST_STEP][PASSED] - pages.WriteExcel.demoKey(resText, datText, resColumn, datCloumn, fileLoc, nameSheet, row): pages.WriteExcel.demoKey is PASSED

2024-01-14 16:26:57 - [MESSAGE][PASSED] - pages.WriteExcel.demoKey is PASSED

2024-01-14 16:26:57 - [TEST_STEP][PASSED] - ExecuteTC = findTestData(dataFile).getValue("Execute", row): null

2024-01-14 16:26:57 - [TEST_STEP][PASSED] - Taxtype = findTestData(dataFile).getValue("TaxType", row): null

2024-01-14 16:26:57 - [TEST_STEP][PASSED] - Paymenttype = findTestData(dataFile).getValue("PaymentType", row): null

2024-01-14 16:26:57 - [TEST_STEP][PASSED] - out.println("Value of Execute is : " + ExecuteTC): null

2024-01-14 16:26:57 - [TEST_STEP][PASSED] - if (ExecuteTC.equalsIgnoreCase("Y")): null

2024-01-14 16:26:57 - [TEST_STEP][PASSED] - out.println("Begin Record Number: " + row): null

2024-01-14 16:26:57 - [TEST_STEP][PASSED] - today = new java.util.Date(): null

2024-01-14 16:26:57 - [TEST_STEP][PASSED] - println(today): null

2024-01-14 16:26:57 - [TEST_STEP][PASSED] - datText = today: null

2024-01-14 16:26:57 - [TEST_STEP][PASSED] - Taxtype = findTestData(dataFile).getValue("TaxType", row): null

2024-01-14 16:26:57 - [TEST_STEP][PASSED] - out.println("Taxtype value is : " + Taxtype): null

2024-01-14 16:26:57 - [TEST_STEP][PASSED] - openBrowser(""): Browser is opened with url: ''

2024-01-14 16:26:57 - [MESSAGE][WARNING] - A browser is already opened. Closing browser and opening a new one

2024-01-14 16:26:58 - [MESSAGE][INFO] - Starting 'Chrome' driver

2024-01-14 16:26:58 - [MESSAGE][INFO] - User set preference: ['acceptInsecureCerts', 'true']

2024-01-14 16:26:58 - [MESSAGE][INFO] - Action delay is set to 0 milliseconds

2024-01-14 16:27:00 - [MESSAGE][PASSED] - Browser is opened with url: ''

2024-01-14 16:27:00 - [TEST_STEP][PASSED] - maximizeWindow(): Current window maximized

2024-01-14 16:27:00 - [MESSAGE][PASSED] - Current window maximized

2024-01-14 16:27:00 - [TEST_STEP][PASSED] - navigateToUrl(RADurl): Navigate to 'https://qa2.velocitypayment.com/client/rad/index.html' successfully

2024-01-14 16:27:01 - [MESSAGE][PASSED] - Navigate to 'https://qa2.velocitypayment.com/client/rad/index.html' successfully

2024-01-14 16:27:01 - [TEST_STEP][PASSED] - orPath_Landing = "Object Repository/RAD_Pages/Landing_Page": null

2024-01-14 16:27:01 - [TEST_STEP][PASSED] - orPath_TaxTypeFilingYear = "Object Repository/RAD_Pages/TaxTypeFilingYear_Page": null

2024-01-14 16:27:01 - [TEST_STEP][PASSED] - orPath_TaxPayer = "Object Repository/RAD_Pages/Taxpayer_Page": null

2024-01-14 16:27:01 - [TEST_STEP][PASSED] - orPath_AddressContact = "Object Repository/RAD_Pages/AddressAndContactInfo_Page": null

2024-01-14 16:27:01 - [TEST_STEP][PASSED] - orPath_FilingStatus = "Object Repository/RAD_Pages/FilingStatus_Page": null

2024-01-14 16:27:01 - [TEST_STEP][PASSED] - orPath_Amount = "Object Repository/RAD_Pages/PaymentAmount_Page": null

2024-01-14 16:27:01 - [TEST_STEP][PASSED] - selectOptionByLabel(findTestObject(orPath_Landing + "/dd_TaxType"), Paymenttype, false): All options with label 'Quarterly Estimated Tax' are selected in object 'Object Repository/RAD_Pages/Landing_Page/dd_TaxType' 

2024-01-14 16:27:02 - [MESSAGE][PASSED] - All options with label 'Quarterly Estimated Tax' are selected in object 'Object Repository/RAD_Pages/Landing_Page/dd_TaxType' 

2024-01-14 16:27:02 - [TEST_STEP][PASSED] - delay(1): Delayed 1 second(s)

2024-01-14 16:27:03 - [MESSAGE][PASSED] - Delayed 1 second(s)

2024-01-14 16:27:03 - [TEST_STEP][PASSED] - switch (Paymenttype): null

2024-01-14 16:27:03 - [TEST_STEP][PASSED] - case "Quarterly Estimated Tax":: null

2024-01-14 16:27:03 - [TEST_STEP][PASSED] - selectOptionByLabel(findTestObject(orPath_TaxTypeFilingYear + "/select_PaymentType"), Taxtype, false): All options with label 'PTE Tax Electing S Corp' are selected in object 'Object Repository/RAD_Pages/TaxTypeFilingYear_Page/select_PaymentType' 

2024-01-14 16:27:04 - [MESSAGE][PASSED] - All options with label 'PTE Tax Electing S Corp' are selected in object 'Object Repository/RAD_Pages/TaxTypeFilingYear_Page/select_PaymentType' 

2024-01-14 16:27:04 - [TEST_STEP][PASSED] - break: null

2024-01-14 16:27:04 - [TEST_STEP][PASSED] - delay(1): Delayed 1 second(s)

2024-01-14 16:27:05 - [MESSAGE][PASSED] - Delayed 1 second(s)

2024-01-14 16:27:05 - [TEST_STEP][PASSED] - scrollToElement(findTestObject(orPath_Amount + "/input__paymentAmount"), 3): Scroll to object 'Object Repository/RAD_Pages/PaymentAmount_Page/input__paymentAmount' successfully

2024-01-14 16:27:05 - [MESSAGE][PASSED] - Scroll to object 'Object Repository/RAD_Pages/PaymentAmount_Page/input__paymentAmount' successfully

2024-01-14 16:27:05 - [TEST_STEP][PASSED] - setText(findTestObject(orPath_AddressContact + "/input_eMailAddress"), "imtiazster@gmail.com"): Text 'imtiazster@gmail.com' is set on object 'Object Repository/RAD_Pages/AddressAndContactInfo_Page/input_eMailAddress'

2024-01-14 16:27:06 - [MESSAGE][PASSED] - Text 'imtiazster@gmail.com' is set on object 'Object Repository/RAD_Pages/AddressAndContactInfo_Page/input_eMailAddress'

2024-01-14 16:27:06 - [TEST_STEP][PASSED] - setText(findTestObject(orPath_AddressContact + "/input_reEnterEMailAddress"), "iahmed@govolution.com"): Text 'iahmed@govolution.com' is set on object 'Object Repository/RAD_Pages/AddressAndContactInfo_Page/input_reEnterEMailAddress'

2024-01-14 16:27:07 - [MESSAGE][PASSED] - Text 'iahmed@govolution.com' is set on object 'Object Repository/RAD_Pages/AddressAndContactInfo_Page/input_reEnterEMailAddress'

2024-01-14 16:27:07 - [TEST_STEP][PASSED] - delay(2): Delayed 2 second(s)

2024-01-14 16:27:09 - [MESSAGE][PASSED] - Delayed 2 second(s)

2024-01-14 16:27:09 - [TEST_STEP][PASSED] - if (verifyTextPresent("The Email and Re-enter email do not match", true)): null

2024-01-14 16:27:09 - [MESSAGE][PASSED] - Text 'The Email and Re-enter email do not match' is present on page  using regular expression

2024-01-14 16:27:09 - [TEST_STEP][PASSED] - println("Emails Dont match text is present"): null

2024-01-14 16:27:09 - [TEST_STEP][PASSED] - out.println("Pass Record Number: " + row): null

2024-01-14 16:27:09 - [TEST_STEP][PASSED] - resText = "Pass": null

2024-01-14 16:27:09 - [TEST_STEP][PASSED] - pages.WriteExcel.demoKey(resText, datText, resColumn, datCloumn, fileLoc, nameSheet, row): pages.WriteExcel.demoKey is PASSED

2024-01-14 16:27:09 - [MESSAGE][PASSED] - pages.WriteExcel.demoKey is PASSED

2024-01-14 16:27:09 - [TEST_STEP][PASSED] - ExecuteTC = findTestData(dataFile).getValue("Execute", row): null

2024-01-14 16:27:09 - [TEST_STEP][PASSED] - Taxtype = findTestData(dataFile).getValue("TaxType", row): null

2024-01-14 16:27:09 - [TEST_STEP][PASSED] - Paymenttype = findTestData(dataFile).getValue("PaymentType", row): null

2024-01-14 16:27:09 - [TEST_STEP][PASSED] - out.println("Value of Execute is : " + ExecuteTC): null

2024-01-14 16:27:09 - [TEST_STEP][PASSED] - if (ExecuteTC.equalsIgnoreCase("Y")): null

2024-01-14 16:27:09 - [TEST_STEP][PASSED] - out.println("Begin Record Number: " + row): null

2024-01-14 16:27:09 - [TEST_STEP][PASSED] - today = new java.util.Date(): null

2024-01-14 16:27:09 - [TEST_STEP][PASSED] - println(today): null

2024-01-14 16:27:09 - [TEST_STEP][PASSED] - datText = today: null

2024-01-14 16:27:09 - [TEST_STEP][PASSED] - Taxtype = findTestData(dataFile).getValue("TaxType", row): null

2024-01-14 16:27:09 - [TEST_STEP][PASSED] - out.println("Taxtype value is : " + Taxtype): null

2024-01-14 16:27:09 - [TEST_STEP][PASSED] - openBrowser(""): Browser is opened with url: ''

2024-01-14 16:27:09 - [MESSAGE][WARNING] - A browser is already opened. Closing browser and opening a new one

2024-01-14 16:27:10 - [MESSAGE][INFO] - Starting 'Chrome' driver

2024-01-14 16:27:10 - [MESSAGE][INFO] - User set preference: ['acceptInsecureCerts', 'true']

2024-01-14 16:27:10 - [MESSAGE][INFO] - Action delay is set to 0 milliseconds

2024-01-14 16:27:12 - [MESSAGE][PASSED] - Browser is opened with url: ''

2024-01-14 16:27:12 - [TEST_STEP][PASSED] - maximizeWindow(): Current window maximized

2024-01-14 16:27:12 - [MESSAGE][PASSED] - Current window maximized

2024-01-14 16:27:12 - [TEST_STEP][PASSED] - navigateToUrl(RADurl): Navigate to 'https://qa2.velocitypayment.com/client/rad/index.html' successfully

2024-01-14 16:27:13 - [MESSAGE][PASSED] - Navigate to 'https://qa2.velocitypayment.com/client/rad/index.html' successfully

2024-01-14 16:27:13 - [TEST_STEP][PASSED] - orPath_Landing = "Object Repository/RAD_Pages/Landing_Page": null

2024-01-14 16:27:13 - [TEST_STEP][PASSED] - orPath_TaxTypeFilingYear = "Object Repository/RAD_Pages/TaxTypeFilingYear_Page": null

2024-01-14 16:27:13 - [TEST_STEP][PASSED] - orPath_TaxPayer = "Object Repository/RAD_Pages/Taxpayer_Page": null

2024-01-14 16:27:13 - [TEST_STEP][PASSED] - orPath_AddressContact = "Object Repository/RAD_Pages/AddressAndContactInfo_Page": null

2024-01-14 16:27:13 - [TEST_STEP][PASSED] - orPath_FilingStatus = "Object Repository/RAD_Pages/FilingStatus_Page": null

2024-01-14 16:27:13 - [TEST_STEP][PASSED] - orPath_Amount = "Object Repository/RAD_Pages/PaymentAmount_Page": null

2024-01-14 16:27:13 - [TEST_STEP][PASSED] - selectOptionByLabel(findTestObject(orPath_Landing + "/dd_TaxType"), Paymenttype, false): All options with label 'Quarterly Estimated Tax' are selected in object 'Object Repository/RAD_Pages/Landing_Page/dd_TaxType' 

2024-01-14 16:27:14 - [MESSAGE][PASSED] - All options with label 'Quarterly Estimated Tax' are selected in object 'Object Repository/RAD_Pages/Landing_Page/dd_TaxType' 

2024-01-14 16:27:14 - [TEST_STEP][PASSED] - delay(1): Delayed 1 second(s)

2024-01-14 16:27:15 - [MESSAGE][PASSED] - Delayed 1 second(s)

2024-01-14 16:27:15 - [TEST_STEP][PASSED] - switch (Paymenttype): null

2024-01-14 16:27:15 - [TEST_STEP][PASSED] - case "Quarterly Estimated Tax":: null

2024-01-14 16:27:15 - [TEST_STEP][PASSED] - selectOptionByLabel(findTestObject(orPath_TaxTypeFilingYear + "/select_PaymentType"), Taxtype, false): All options with label 'Personal Income Tax' are selected in object 'Object Repository/RAD_Pages/TaxTypeFilingYear_Page/select_PaymentType' 

2024-01-14 16:27:15 - [MESSAGE][PASSED] - All options with label 'Personal Income Tax' are selected in object 'Object Repository/RAD_Pages/TaxTypeFilingYear_Page/select_PaymentType' 

2024-01-14 16:27:15 - [TEST_STEP][PASSED] - break: null

2024-01-14 16:27:15 - [TEST_STEP][PASSED] - delay(1): Delayed 1 second(s)

2024-01-14 16:27:16 - [MESSAGE][PASSED] - Delayed 1 second(s)

2024-01-14 16:27:16 - [TEST_STEP][PASSED] - scrollToElement(findTestObject(orPath_Amount + "/input__paymentAmount"), 3): Scroll to object 'Object Repository/RAD_Pages/PaymentAmount_Page/input__paymentAmount' successfully

2024-01-14 16:27:17 - [MESSAGE][PASSED] - Scroll to object 'Object Repository/RAD_Pages/PaymentAmount_Page/input__paymentAmount' successfully

2024-01-14 16:27:17 - [TEST_STEP][PASSED] - setText(findTestObject(orPath_AddressContact + "/input_eMailAddress"), "imtiazster@gmail.com"): Text 'imtiazster@gmail.com' is set on object 'Object Repository/RAD_Pages/AddressAndContactInfo_Page/input_eMailAddress'

2024-01-14 16:27:18 - [MESSAGE][PASSED] - Text 'imtiazster@gmail.com' is set on object 'Object Repository/RAD_Pages/AddressAndContactInfo_Page/input_eMailAddress'

2024-01-14 16:27:18 - [TEST_STEP][PASSED] - setText(findTestObject(orPath_AddressContact + "/input_reEnterEMailAddress"), "iahmed@govolution.com"): Text 'iahmed@govolution.com' is set on object 'Object Repository/RAD_Pages/AddressAndContactInfo_Page/input_reEnterEMailAddress'

2024-01-14 16:27:18 - [MESSAGE][PASSED] - Text 'iahmed@govolution.com' is set on object 'Object Repository/RAD_Pages/AddressAndContactInfo_Page/input_reEnterEMailAddress'

2024-01-14 16:27:18 - [TEST_STEP][PASSED] - delay(2): Delayed 2 second(s)

2024-01-14 16:27:20 - [MESSAGE][PASSED] - Delayed 2 second(s)

2024-01-14 16:27:20 - [TEST_STEP][PASSED] - if (verifyTextPresent("The Email and Re-enter email do not match", true)): null

2024-01-14 16:27:21 - [MESSAGE][PASSED] - Text 'The Email and Re-enter email do not match' is present on page  using regular expression

2024-01-14 16:27:21 - [TEST_STEP][PASSED] - println("Emails Dont match text is present"): null

2024-01-14 16:27:21 - [TEST_STEP][PASSED] - out.println("Pass Record Number: " + row): null

2024-01-14 16:27:21 - [TEST_STEP][PASSED] - resText = "Pass": null

2024-01-14 16:27:21 - [TEST_STEP][PASSED] - pages.WriteExcel.demoKey(resText, datText, resColumn, datCloumn, fileLoc, nameSheet, row): pages.WriteExcel.demoKey is PASSED

2024-01-14 16:27:21 - [MESSAGE][PASSED] - pages.WriteExcel.demoKey is PASSED

2024-01-14 16:27:21 - [TEST_STEP][PASSED] - ExecuteTC = findTestData(dataFile).getValue("Execute", row): null

2024-01-14 16:27:21 - [TEST_STEP][PASSED] - Taxtype = findTestData(dataFile).getValue("TaxType", row): null

2024-01-14 16:27:21 - [TEST_STEP][PASSED] - Paymenttype = findTestData(dataFile).getValue("PaymentType", row): null

2024-01-14 16:27:21 - [TEST_STEP][PASSED] - out.println("Value of Execute is : " + ExecuteTC): null

2024-01-14 16:27:21 - [TEST_STEP][PASSED] - if (ExecuteTC.equalsIgnoreCase("Y")): null

2024-01-14 16:27:21 - [TEST_STEP][PASSED] - ExecuteTC = findTestData(dataFile).getValue("Execute", row): null

2024-01-14 16:27:21 - [TEST_STEP][PASSED] - Taxtype = findTestData(dataFile).getValue("TaxType", row): null

2024-01-14 16:27:21 - [TEST_STEP][PASSED] - Paymenttype = findTestData(dataFile).getValue("PaymentType", row): null

2024-01-14 16:27:21 - [TEST_STEP][PASSED] - out.println("Value of Execute is : " + ExecuteTC): null

2024-01-14 16:27:21 - [TEST_STEP][PASSED] - if (ExecuteTC.equalsIgnoreCase("Y")): null

2024-01-14 16:27:21 - [TEST_STEP][PASSED] - ExecuteTC = findTestData(dataFile).getValue("Execute", row): null

2024-01-14 16:27:21 - [TEST_STEP][PASSED] - Taxtype = findTestData(dataFile).getValue("TaxType", row): null

2024-01-14 16:27:21 - [TEST_STEP][PASSED] - Paymenttype = findTestData(dataFile).getValue("PaymentType", row): null

2024-01-14 16:27:21 - [TEST_STEP][PASSED] - out.println("Value of Execute is : " + ExecuteTC): null

2024-01-14 16:27:21 - [TEST_STEP][PASSED] - if (ExecuteTC.equalsIgnoreCase("Y")): null

2024-01-14 16:27:21 - [TEST_STEP][PASSED] - ExecuteTC = findTestData(dataFile).getValue("Execute", row): null

2024-01-14 16:27:21 - [TEST_STEP][PASSED] - Taxtype = findTestData(dataFile).getValue("TaxType", row): null

2024-01-14 16:27:21 - [TEST_STEP][PASSED] - Paymenttype = findTestData(dataFile).getValue("PaymentType", row): null

2024-01-14 16:27:21 - [TEST_STEP][PASSED] - out.println("Value of Execute is : " + ExecuteTC): null

2024-01-14 16:27:21 - [TEST_STEP][PASSED] - if (ExecuteTC.equalsIgnoreCase("Y")): null

2024-01-14 16:27:21 - [TEST_STEP][PASSED] - ExecuteTC = findTestData(dataFile).getValue("Execute", row): null

2024-01-14 16:27:21 - [TEST_STEP][PASSED] - Taxtype = findTestData(dataFile).getValue("TaxType", row): null

2024-01-14 16:27:21 - [TEST_STEP][PASSED] - Paymenttype = findTestData(dataFile).getValue("PaymentType", row): null

2024-01-14 16:27:21 - [TEST_STEP][PASSED] - out.println("Value of Execute is : " + ExecuteTC): null

2024-01-14 16:27:21 - [TEST_STEP][PASSED] - if (ExecuteTC.equalsIgnoreCase("Y")): null

2024-01-14 16:27:21 - [TEST_STEP][PASSED] - ExecuteTC = findTestData(dataFile).getValue("Execute", row): null

2024-01-14 16:27:21 - [TEST_STEP][PASSED] - Taxtype = findTestData(dataFile).getValue("TaxType", row): null

2024-01-14 16:27:21 - [TEST_STEP][PASSED] - Paymenttype = findTestData(dataFile).getValue("PaymentType", row): null

2024-01-14 16:27:21 - [TEST_STEP][PASSED] - out.println("Value of Execute is : " + ExecuteTC): null

2024-01-14 16:27:21 - [TEST_STEP][PASSED] - if (ExecuteTC.equalsIgnoreCase("Y")): null

2024-01-14 16:27:21 - [TEST_STEP][PASSED] - ExecuteTC = findTestData(dataFile).getValue("Execute", row): null

2024-01-14 16:27:21 - [TEST_STEP][PASSED] - Taxtype = findTestData(dataFile).getValue("TaxType", row): null

2024-01-14 16:27:21 - [TEST_STEP][PASSED] - Paymenttype = findTestData(dataFile).getValue("PaymentType", row): null

2024-01-14 16:27:22 - [TEST_STEP][PASSED] - out.println("Value of Execute is : " + ExecuteTC): null

2024-01-14 16:27:22 - [TEST_STEP][PASSED] - if (ExecuteTC.equalsIgnoreCase("Y")): null

2024-01-14 16:27:22 - [TEST_STEP][PASSED] - ExecuteTC = findTestData(dataFile).getValue("Execute", row): null

2024-01-14 16:27:22 - [TEST_STEP][PASSED] - Taxtype = findTestData(dataFile).getValue("TaxType", row): null

2024-01-14 16:27:22 - [TEST_STEP][PASSED] - Paymenttype = findTestData(dataFile).getValue("PaymentType", row): null

2024-01-14 16:27:22 - [TEST_STEP][PASSED] - out.println("Value of Execute is : " + ExecuteTC): null

2024-01-14 16:27:22 - [TEST_STEP][PASSED] - if (ExecuteTC.equalsIgnoreCase("Y")): null

2024-01-14 16:27:22 - [TEST_STEP][PASSED] - out.println("Begin Record Number: " + row): null

2024-01-14 16:27:22 - [TEST_STEP][PASSED] - today = new java.util.Date(): null

2024-01-14 16:27:22 - [TEST_STEP][PASSED] - println(today): null

2024-01-14 16:27:22 - [TEST_STEP][PASSED] - datText = today: null

2024-01-14 16:27:22 - [TEST_STEP][PASSED] - Taxtype = findTestData(dataFile).getValue("TaxType", row): null

2024-01-14 16:27:22 - [TEST_STEP][PASSED] - out.println("Taxtype value is : " + Taxtype): null

2024-01-14 16:27:22 - [TEST_STEP][PASSED] - openBrowser(""): Browser is opened with url: ''

2024-01-14 16:27:22 - [MESSAGE][WARNING] - A browser is already opened. Closing browser and opening a new one

2024-01-14 16:27:23 - [MESSAGE][INFO] - Starting 'Chrome' driver

2024-01-14 16:27:23 - [MESSAGE][INFO] - User set preference: ['acceptInsecureCerts', 'true']

2024-01-14 16:27:23 - [MESSAGE][INFO] - Action delay is set to 0 milliseconds

2024-01-14 16:27:24 - [MESSAGE][PASSED] - Browser is opened with url: ''

2024-01-14 16:27:24 - [TEST_STEP][PASSED] - maximizeWindow(): Current window maximized

2024-01-14 16:27:24 - [MESSAGE][PASSED] - Current window maximized

2024-01-14 16:27:24 - [TEST_STEP][PASSED] - navigateToUrl(RADurl): Navigate to 'https://qa2.velocitypayment.com/client/rad/index.html' successfully

2024-01-14 16:27:26 - [MESSAGE][PASSED] - Navigate to 'https://qa2.velocitypayment.com/client/rad/index.html' successfully

2024-01-14 16:27:26 - [TEST_STEP][PASSED] - orPath_Landing = "Object Repository/RAD_Pages/Landing_Page": null

2024-01-14 16:27:26 - [TEST_STEP][PASSED] - orPath_TaxTypeFilingYear = "Object Repository/RAD_Pages/TaxTypeFilingYear_Page": null

2024-01-14 16:27:26 - [TEST_STEP][PASSED] - orPath_TaxPayer = "Object Repository/RAD_Pages/Taxpayer_Page": null

2024-01-14 16:27:26 - [TEST_STEP][PASSED] - orPath_AddressContact = "Object Repository/RAD_Pages/AddressAndContactInfo_Page": null

2024-01-14 16:27:26 - [TEST_STEP][PASSED] - orPath_FilingStatus = "Object Repository/RAD_Pages/FilingStatus_Page": null

2024-01-14 16:27:26 - [TEST_STEP][PASSED] - orPath_Amount = "Object Repository/RAD_Pages/PaymentAmount_Page": null

2024-01-14 16:27:26 - [TEST_STEP][PASSED] - selectOptionByLabel(findTestObject(orPath_Landing + "/dd_TaxType"), Paymenttype, false): All options with label 'New Tax Return Amount Due' are selected in object 'Object Repository/RAD_Pages/Landing_Page/dd_TaxType' 

2024-01-14 16:27:26 - [MESSAGE][PASSED] - All options with label 'New Tax Return Amount Due' are selected in object 'Object Repository/RAD_Pages/Landing_Page/dd_TaxType' 

2024-01-14 16:27:26 - [TEST_STEP][PASSED] - delay(1): Delayed 1 second(s)

2024-01-14 16:27:27 - [MESSAGE][PASSED] - Delayed 1 second(s)

2024-01-14 16:27:27 - [TEST_STEP][PASSED] - switch (Paymenttype): null

2024-01-14 16:27:27 - [TEST_STEP][PASSED] - case "New Tax Return Amount Due":: null

2024-01-14 16:27:27 - [TEST_STEP][PASSED] - selectOptionByLabel(findTestObject("Object Repository/RAD_Pages/Landing_Page/select_NewTaxReturnAmountDue_TaxType"), Taxtype, false): All options with label 'Fiduciary Tax' are selected in object 'Object Repository/RAD_Pages/Landing_Page/select_NewTaxReturnAmountDue_TaxType' 

2024-01-14 16:27:28 - [MESSAGE][PASSED] - All options with label 'Fiduciary Tax' are selected in object 'Object Repository/RAD_Pages/Landing_Page/select_NewTaxReturnAmountDue_TaxType' 

2024-01-14 16:27:28 - [TEST_STEP][PASSED] - break: null

2024-01-14 16:27:28 - [TEST_STEP][PASSED] - delay(1): Delayed 1 second(s)

2024-01-14 16:27:29 - [MESSAGE][PASSED] - Delayed 1 second(s)

2024-01-14 16:27:29 - [TEST_STEP][PASSED] - scrollToElement(findTestObject(orPath_Amount + "/input__paymentAmount"), 3): Scroll to object 'Object Repository/RAD_Pages/PaymentAmount_Page/input__paymentAmount' successfully

2024-01-14 16:27:29 - [MESSAGE][PASSED] - Scroll to object 'Object Repository/RAD_Pages/PaymentAmount_Page/input__paymentAmount' successfully

2024-01-14 16:27:29 - [TEST_STEP][PASSED] - setText(findTestObject(orPath_AddressContact + "/input_eMailAddress"), "imtiazster@gmail.com"): Text 'imtiazster@gmail.com' is set on object 'Object Repository/RAD_Pages/AddressAndContactInfo_Page/input_eMailAddress'

2024-01-14 16:27:30 - [MESSAGE][PASSED] - Text 'imtiazster@gmail.com' is set on object 'Object Repository/RAD_Pages/AddressAndContactInfo_Page/input_eMailAddress'

2024-01-14 16:27:30 - [TEST_STEP][PASSED] - setText(findTestObject(orPath_AddressContact + "/input_reEnterEMailAddress"), "iahmed@govolution.com"): Text 'iahmed@govolution.com' is set on object 'Object Repository/RAD_Pages/AddressAndContactInfo_Page/input_reEnterEMailAddress'

2024-01-14 16:27:31 - [MESSAGE][PASSED] - Text 'iahmed@govolution.com' is set on object 'Object Repository/RAD_Pages/AddressAndContactInfo_Page/input_reEnterEMailAddress'

2024-01-14 16:27:31 - [TEST_STEP][PASSED] - delay(2): Delayed 2 second(s)

2024-01-14 16:27:33 - [MESSAGE][PASSED] - Delayed 2 second(s)

2024-01-14 16:27:33 - [TEST_STEP][PASSED] - if (verifyTextPresent("The Email and Re-enter email do not match", true)): null

2024-01-14 16:27:33 - [MESSAGE][PASSED] - Text 'The Email and Re-enter email do not match' is present on page  using regular expression

2024-01-14 16:27:33 - [TEST_STEP][PASSED] - println("Emails Dont match text is present"): null

2024-01-14 16:27:33 - [TEST_STEP][PASSED] - out.println("Pass Record Number: " + row): null

2024-01-14 16:27:33 - [TEST_STEP][PASSED] - resText = "Pass": null

2024-01-14 16:27:33 - [TEST_STEP][PASSED] - pages.WriteExcel.demoKey(resText, datText, resColumn, datCloumn, fileLoc, nameSheet, row): pages.WriteExcel.demoKey is PASSED

2024-01-14 16:27:33 - [MESSAGE][PASSED] - pages.WriteExcel.demoKey is PASSED

2024-01-14 16:27:33 - [TEST_STEP][PASSED] - ExecuteTC = findTestData(dataFile).getValue("Execute", row): null

2024-01-14 16:27:34 - [TEST_STEP][PASSED] - Taxtype = findTestData(dataFile).getValue("TaxType", row): null

2024-01-14 16:27:34 - [TEST_STEP][PASSED] - Paymenttype = findTestData(dataFile).getValue("PaymentType", row): null

2024-01-14 16:27:34 - [TEST_STEP][PASSED] - out.println("Value of Execute is : " + ExecuteTC): null

2024-01-14 16:27:34 - [TEST_STEP][PASSED] - if (ExecuteTC.equalsIgnoreCase("Y")): null

2024-01-14 16:27:34 - [TEST_STEP][PASSED] - out.println("Begin Record Number: " + row): null

2024-01-14 16:27:34 - [TEST_STEP][PASSED] - today = new java.util.Date(): null

2024-01-14 16:27:34 - [TEST_STEP][PASSED] - println(today): null

2024-01-14 16:27:34 - [TEST_STEP][PASSED] - datText = today: null

2024-01-14 16:27:34 - [TEST_STEP][PASSED] - Taxtype = findTestData(dataFile).getValue("TaxType", row): null

2024-01-14 16:27:34 - [TEST_STEP][PASSED] - out.println("Taxtype value is : " + Taxtype): null

2024-01-14 16:27:34 - [TEST_STEP][PASSED] - openBrowser(""): Browser is opened with url: ''

2024-01-14 16:27:34 - [MESSAGE][WARNING] - A browser is already opened. Closing browser and opening a new one

2024-01-14 16:27:35 - [MESSAGE][INFO] - Starting 'Chrome' driver

2024-01-14 16:27:35 - [MESSAGE][INFO] - User set preference: ['acceptInsecureCerts', 'true']

2024-01-14 16:27:35 - [MESSAGE][INFO] - Action delay is set to 0 milliseconds

2024-01-14 16:27:36 - [MESSAGE][PASSED] - Browser is opened with url: ''

2024-01-14 16:27:36 - [TEST_STEP][PASSED] - maximizeWindow(): Current window maximized

2024-01-14 16:27:36 - [MESSAGE][PASSED] - Current window maximized

2024-01-14 16:27:36 - [TEST_STEP][PASSED] - navigateToUrl(RADurl): Navigate to 'https://qa2.velocitypayment.com/client/rad/index.html' successfully

2024-01-14 16:27:38 - [MESSAGE][PASSED] - Navigate to 'https://qa2.velocitypayment.com/client/rad/index.html' successfully

2024-01-14 16:27:38 - [TEST_STEP][PASSED] - orPath_Landing = "Object Repository/RAD_Pages/Landing_Page": null

2024-01-14 16:27:38 - [TEST_STEP][PASSED] - orPath_TaxTypeFilingYear = "Object Repository/RAD_Pages/TaxTypeFilingYear_Page": null

2024-01-14 16:27:38 - [TEST_STEP][PASSED] - orPath_TaxPayer = "Object Repository/RAD_Pages/Taxpayer_Page": null

2024-01-14 16:27:38 - [TEST_STEP][PASSED] - orPath_AddressContact = "Object Repository/RAD_Pages/AddressAndContactInfo_Page": null

2024-01-14 16:27:38 - [TEST_STEP][PASSED] - orPath_FilingStatus = "Object Repository/RAD_Pages/FilingStatus_Page": null

2024-01-14 16:27:38 - [TEST_STEP][PASSED] - orPath_Amount = "Object Repository/RAD_Pages/PaymentAmount_Page": null

2024-01-14 16:27:38 - [TEST_STEP][PASSED] - selectOptionByLabel(findTestObject(orPath_Landing + "/dd_TaxType"), Paymenttype, false): All options with label 'New Tax Return Amount Due' are selected in object 'Object Repository/RAD_Pages/Landing_Page/dd_TaxType' 

2024-01-14 16:27:38 - [MESSAGE][PASSED] - All options with label 'New Tax Return Amount Due' are selected in object 'Object Repository/RAD_Pages/Landing_Page/dd_TaxType' 

2024-01-14 16:27:38 - [TEST_STEP][PASSED] - delay(1): Delayed 1 second(s)

2024-01-14 16:27:39 - [MESSAGE][PASSED] - Delayed 1 second(s)

2024-01-14 16:27:39 - [TEST_STEP][PASSED] - switch (Paymenttype): null

2024-01-14 16:27:39 - [TEST_STEP][PASSED] - case "New Tax Return Amount Due":: null

2024-01-14 16:27:39 - [TEST_STEP][PASSED] - selectOptionByLabel(findTestObject("Object Repository/RAD_Pages/Landing_Page/select_NewTaxReturnAmountDue_TaxType"), Taxtype, false): All options with label 'PTE Non-Electing Non-S Corp' are selected in object 'Object Repository/RAD_Pages/Landing_Page/select_NewTaxReturnAmountDue_TaxType' 

2024-01-14 16:27:40 - [MESSAGE][PASSED] - All options with label 'PTE Non-Electing Non-S Corp' are selected in object 'Object Repository/RAD_Pages/Landing_Page/select_NewTaxReturnAmountDue_TaxType' 

2024-01-14 16:27:40 - [TEST_STEP][PASSED] - break: null

2024-01-14 16:27:40 - [TEST_STEP][PASSED] - delay(1): Delayed 1 second(s)

2024-01-14 16:27:41 - [MESSAGE][PASSED] - Delayed 1 second(s)

2024-01-14 16:27:41 - [TEST_STEP][PASSED] - scrollToElement(findTestObject(orPath_Amount + "/input__paymentAmount"), 3): Scroll to object 'Object Repository/RAD_Pages/PaymentAmount_Page/input__paymentAmount' successfully

2024-01-14 16:27:41 - [MESSAGE][PASSED] - Scroll to object 'Object Repository/RAD_Pages/PaymentAmount_Page/input__paymentAmount' successfully

2024-01-14 16:27:41 - [TEST_STEP][PASSED] - setText(findTestObject(orPath_AddressContact + "/input_eMailAddress"), "imtiazster@gmail.com"): Text 'imtiazster@gmail.com' is set on object 'Object Repository/RAD_Pages/AddressAndContactInfo_Page/input_eMailAddress'

2024-01-14 16:27:42 - [MESSAGE][PASSED] - Text 'imtiazster@gmail.com' is set on object 'Object Repository/RAD_Pages/AddressAndContactInfo_Page/input_eMailAddress'

2024-01-14 16:27:42 - [TEST_STEP][PASSED] - setText(findTestObject(orPath_AddressContact + "/input_reEnterEMailAddress"), "iahmed@govolution.com"): Text 'iahmed@govolution.com' is set on object 'Object Repository/RAD_Pages/AddressAndContactInfo_Page/input_reEnterEMailAddress'

2024-01-14 16:27:43 - [MESSAGE][PASSED] - Text 'iahmed@govolution.com' is set on object 'Object Repository/RAD_Pages/AddressAndContactInfo_Page/input_reEnterEMailAddress'

2024-01-14 16:27:43 - [TEST_STEP][PASSED] - delay(2): Delayed 2 second(s)

2024-01-14 16:27:45 - [MESSAGE][PASSED] - Delayed 2 second(s)

2024-01-14 16:27:45 - [TEST_STEP][PASSED] - if (verifyTextPresent("The Email and Re-enter email do not match", true)): null

2024-01-14 16:27:45 - [MESSAGE][PASSED] - Text 'The Email and Re-enter email do not match' is present on page  using regular expression

2024-01-14 16:27:45 - [TEST_STEP][PASSED] - println("Emails Dont match text is present"): null

2024-01-14 16:27:45 - [TEST_STEP][PASSED] - out.println("Pass Record Number: " + row): null

2024-01-14 16:27:45 - [TEST_STEP][PASSED] - resText = "Pass": null

2024-01-14 16:27:45 - [TEST_STEP][PASSED] - pages.WriteExcel.demoKey(resText, datText, resColumn, datCloumn, fileLoc, nameSheet, row): pages.WriteExcel.demoKey is PASSED

2024-01-14 16:27:45 - [MESSAGE][PASSED] - pages.WriteExcel.demoKey is PASSED

2024-01-14 16:27:45 - [TEST_STEP][PASSED] - ExecuteTC = findTestData(dataFile).getValue("Execute", row): null

2024-01-14 16:27:46 - [TEST_STEP][PASSED] - Taxtype = findTestData(dataFile).getValue("TaxType", row): null

2024-01-14 16:27:46 - [TEST_STEP][PASSED] - Paymenttype = findTestData(dataFile).getValue("PaymentType", row): null

2024-01-14 16:27:46 - [TEST_STEP][PASSED] - out.println("Value of Execute is : " + ExecuteTC): null

2024-01-14 16:27:46 - [TEST_STEP][PASSED] - if (ExecuteTC.equalsIgnoreCase("Y")): null

2024-01-14 16:27:46 - [TEST_STEP][PASSED] - out.println("Begin Record Number: " + row): null

2024-01-14 16:27:46 - [TEST_STEP][PASSED] - today = new java.util.Date(): null

2024-01-14 16:27:46 - [TEST_STEP][PASSED] - println(today): null

2024-01-14 16:27:46 - [TEST_STEP][PASSED] - datText = today: null

2024-01-14 16:27:46 - [TEST_STEP][PASSED] - Taxtype = findTestData(dataFile).getValue("TaxType", row): null

2024-01-14 16:27:46 - [TEST_STEP][PASSED] - out.println("Taxtype value is : " + Taxtype): null

2024-01-14 16:27:46 - [TEST_STEP][PASSED] - openBrowser(""): Browser is opened with url: ''

2024-01-14 16:27:46 - [MESSAGE][WARNING] - A browser is already opened. Closing browser and opening a new one

2024-01-14 16:27:47 - [MESSAGE][INFO] - Starting 'Chrome' driver

2024-01-14 16:27:47 - [MESSAGE][INFO] - User set preference: ['acceptInsecureCerts', 'true']

2024-01-14 16:27:47 - [MESSAGE][INFO] - Action delay is set to 0 milliseconds

2024-01-14 16:27:48 - [MESSAGE][PASSED] - Browser is opened with url: ''

2024-01-14 16:27:48 - [TEST_STEP][PASSED] - maximizeWindow(): Current window maximized

2024-01-14 16:27:48 - [MESSAGE][PASSED] - Current window maximized

2024-01-14 16:27:48 - [TEST_STEP][PASSED] - navigateToUrl(RADurl): Navigate to 'https://qa2.velocitypayment.com/client/rad/index.html' successfully

2024-01-14 16:27:50 - [MESSAGE][PASSED] - Navigate to 'https://qa2.velocitypayment.com/client/rad/index.html' successfully

2024-01-14 16:27:50 - [TEST_STEP][PASSED] - orPath_Landing = "Object Repository/RAD_Pages/Landing_Page": null

2024-01-14 16:27:50 - [TEST_STEP][PASSED] - orPath_TaxTypeFilingYear = "Object Repository/RAD_Pages/TaxTypeFilingYear_Page": null

2024-01-14 16:27:50 - [TEST_STEP][PASSED] - orPath_TaxPayer = "Object Repository/RAD_Pages/Taxpayer_Page": null

2024-01-14 16:27:50 - [TEST_STEP][PASSED] - orPath_AddressContact = "Object Repository/RAD_Pages/AddressAndContactInfo_Page": null

2024-01-14 16:27:50 - [TEST_STEP][PASSED] - orPath_FilingStatus = "Object Repository/RAD_Pages/FilingStatus_Page": null

2024-01-14 16:27:50 - [TEST_STEP][PASSED] - orPath_Amount = "Object Repository/RAD_Pages/PaymentAmount_Page": null

2024-01-14 16:27:50 - [TEST_STEP][PASSED] - selectOptionByLabel(findTestObject(orPath_Landing + "/dd_TaxType"), Paymenttype, false): All options with label 'New Tax Return Amount Due' are selected in object 'Object Repository/RAD_Pages/Landing_Page/dd_TaxType' 

2024-01-14 16:27:50 - [MESSAGE][PASSED] - All options with label 'New Tax Return Amount Due' are selected in object 'Object Repository/RAD_Pages/Landing_Page/dd_TaxType' 

2024-01-14 16:27:50 - [TEST_STEP][PASSED] - delay(1): Delayed 1 second(s)

2024-01-14 16:27:51 - [MESSAGE][PASSED] - Delayed 1 second(s)

2024-01-14 16:27:51 - [TEST_STEP][PASSED] - switch (Paymenttype): null

2024-01-14 16:27:51 - [TEST_STEP][PASSED] - case "New Tax Return Amount Due":: null

2024-01-14 16:27:51 - [TEST_STEP][PASSED] - selectOptionByLabel(findTestObject("Object Repository/RAD_Pages/Landing_Page/select_NewTaxReturnAmountDue_TaxType"), Taxtype, false): All options with label 'PTE Non-Electing S Corp' are selected in object 'Object Repository/RAD_Pages/Landing_Page/select_NewTaxReturnAmountDue_TaxType' 

2024-01-14 16:27:52 - [MESSAGE][PASSED] - All options with label 'PTE Non-Electing S Corp' are selected in object 'Object Repository/RAD_Pages/Landing_Page/select_NewTaxReturnAmountDue_TaxType' 

2024-01-14 16:27:52 - [TEST_STEP][PASSED] - break: null

2024-01-14 16:27:52 - [TEST_STEP][PASSED] - delay(1): Delayed 1 second(s)

2024-01-14 16:27:53 - [MESSAGE][PASSED] - Delayed 1 second(s)

2024-01-14 16:27:53 - [TEST_STEP][PASSED] - scrollToElement(findTestObject(orPath_Amount + "/input__paymentAmount"), 3): Scroll to object 'Object Repository/RAD_Pages/PaymentAmount_Page/input__paymentAmount' successfully

2024-01-14 16:27:53 - [MESSAGE][PASSED] - Scroll to object 'Object Repository/RAD_Pages/PaymentAmount_Page/input__paymentAmount' successfully

2024-01-14 16:27:53 - [TEST_STEP][PASSED] - setText(findTestObject(orPath_AddressContact + "/input_eMailAddress"), "imtiazster@gmail.com"): Text 'imtiazster@gmail.com' is set on object 'Object Repository/RAD_Pages/AddressAndContactInfo_Page/input_eMailAddress'

2024-01-14 16:27:54 - [MESSAGE][PASSED] - Text 'imtiazster@gmail.com' is set on object 'Object Repository/RAD_Pages/AddressAndContactInfo_Page/input_eMailAddress'

2024-01-14 16:27:54 - [TEST_STEP][PASSED] - setText(findTestObject(orPath_AddressContact + "/input_reEnterEMailAddress"), "iahmed@govolution.com"): Text 'iahmed@govolution.com' is set on object 'Object Repository/RAD_Pages/AddressAndContactInfo_Page/input_reEnterEMailAddress'

2024-01-14 16:27:55 - [MESSAGE][PASSED] - Text 'iahmed@govolution.com' is set on object 'Object Repository/RAD_Pages/AddressAndContactInfo_Page/input_reEnterEMailAddress'

2024-01-14 16:27:55 - [TEST_STEP][PASSED] - delay(2): Delayed 2 second(s)

2024-01-14 16:27:57 - [MESSAGE][PASSED] - Delayed 2 second(s)

2024-01-14 16:27:57 - [TEST_STEP][PASSED] - if (verifyTextPresent("The Email and Re-enter email do not match", true)): null

2024-01-14 16:27:57 - [MESSAGE][PASSED] - Text 'The Email and Re-enter email do not match' is present on page  using regular expression

2024-01-14 16:27:57 - [TEST_STEP][PASSED] - println("Emails Dont match text is present"): null

2024-01-14 16:27:57 - [TEST_STEP][PASSED] - out.println("Pass Record Number: " + row): null

2024-01-14 16:27:57 - [TEST_STEP][PASSED] - resText = "Pass": null

2024-01-14 16:27:57 - [TEST_STEP][PASSED] - pages.WriteExcel.demoKey(resText, datText, resColumn, datCloumn, fileLoc, nameSheet, row): pages.WriteExcel.demoKey is PASSED

2024-01-14 16:27:57 - [MESSAGE][PASSED] - pages.WriteExcel.demoKey is PASSED

2024-01-14 16:27:57 - [TEST_STEP][PASSED] - ExecuteTC = findTestData(dataFile).getValue("Execute", row): null

2024-01-14 16:27:58 - [TEST_STEP][PASSED] - Taxtype = findTestData(dataFile).getValue("TaxType", row): null

2024-01-14 16:27:58 - [TEST_STEP][PASSED] - Paymenttype = findTestData(dataFile).getValue("PaymentType", row): null

2024-01-14 16:27:58 - [TEST_STEP][PASSED] - out.println("Value of Execute is : " + ExecuteTC): null

2024-01-14 16:27:58 - [TEST_STEP][PASSED] - if (ExecuteTC.equalsIgnoreCase("Y")): null

2024-01-14 16:27:58 - [TEST_STEP][PASSED] - out.println("Begin Record Number: " + row): null

2024-01-14 16:27:58 - [TEST_STEP][PASSED] - today = new java.util.Date(): null

2024-01-14 16:27:58 - [TEST_STEP][PASSED] - println(today): null

2024-01-14 16:27:58 - [TEST_STEP][PASSED] - datText = today: null

2024-01-14 16:27:58 - [TEST_STEP][PASSED] - Taxtype = findTestData(dataFile).getValue("TaxType", row): null

2024-01-14 16:27:58 - [TEST_STEP][PASSED] - out.println("Taxtype value is : " + Taxtype): null

2024-01-14 16:27:58 - [TEST_STEP][PASSED] - openBrowser(""): Browser is opened with url: ''

2024-01-14 16:27:58 - [MESSAGE][WARNING] - A browser is already opened. Closing browser and opening a new one

2024-01-14 16:27:59 - [MESSAGE][INFO] - Starting 'Chrome' driver

2024-01-14 16:27:59 - [MESSAGE][INFO] - User set preference: ['acceptInsecureCerts', 'true']

2024-01-14 16:27:59 - [MESSAGE][INFO] - Action delay is set to 0 milliseconds

2024-01-14 16:28:00 - [MESSAGE][PASSED] - Browser is opened with url: ''

2024-01-14 16:28:00 - [TEST_STEP][PASSED] - maximizeWindow(): Current window maximized

2024-01-14 16:28:00 - [MESSAGE][PASSED] - Current window maximized

2024-01-14 16:28:00 - [TEST_STEP][PASSED] - navigateToUrl(RADurl): Navigate to 'https://qa2.velocitypayment.com/client/rad/index.html' successfully

2024-01-14 16:28:00 - [MESSAGE][PASSED] - Navigate to 'https://qa2.velocitypayment.com/client/rad/index.html' successfully

2024-01-14 16:28:00 - [TEST_STEP][PASSED] - orPath_Landing = "Object Repository/RAD_Pages/Landing_Page": null

2024-01-14 16:28:00 - [TEST_STEP][PASSED] - orPath_TaxTypeFilingYear = "Object Repository/RAD_Pages/TaxTypeFilingYear_Page": null

2024-01-14 16:28:00 - [TEST_STEP][PASSED] - orPath_TaxPayer = "Object Repository/RAD_Pages/Taxpayer_Page": null

2024-01-14 16:28:00 - [TEST_STEP][PASSED] - orPath_AddressContact = "Object Repository/RAD_Pages/AddressAndContactInfo_Page": null

2024-01-14 16:28:00 - [TEST_STEP][PASSED] - orPath_FilingStatus = "Object Repository/RAD_Pages/FilingStatus_Page": null

2024-01-14 16:28:00 - [TEST_STEP][PASSED] - orPath_Amount = "Object Repository/RAD_Pages/PaymentAmount_Page": null

2024-01-14 16:28:00 - [TEST_STEP][PASSED] - selectOptionByLabel(findTestObject(orPath_Landing + "/dd_TaxType"), Paymenttype, false): All options with label 'New Tax Return Amount Due' are selected in object 'Object Repository/RAD_Pages/Landing_Page/dd_TaxType' 

2024-01-14 16:28:02 - [MESSAGE][PASSED] - All options with label 'New Tax Return Amount Due' are selected in object 'Object Repository/RAD_Pages/Landing_Page/dd_TaxType' 

2024-01-14 16:28:02 - [TEST_STEP][PASSED] - delay(1): Delayed 1 second(s)

2024-01-14 16:28:03 - [MESSAGE][PASSED] - Delayed 1 second(s)

2024-01-14 16:28:03 - [TEST_STEP][PASSED] - switch (Paymenttype): null

2024-01-14 16:28:03 - [TEST_STEP][PASSED] - case "New Tax Return Amount Due":: null

2024-01-14 16:28:03 - [TEST_STEP][PASSED] - selectOptionByLabel(findTestObject("Object Repository/RAD_Pages/Landing_Page/select_NewTaxReturnAmountDue_TaxType"), Taxtype, false): All options with label 'PTE Tax Electing Non-S Corp' are selected in object 'Object Repository/RAD_Pages/Landing_Page/select_NewTaxReturnAmountDue_TaxType' 

2024-01-14 16:28:04 - [MESSAGE][PASSED] - All options with label 'PTE Tax Electing Non-S Corp' are selected in object 'Object Repository/RAD_Pages/Landing_Page/select_NewTaxReturnAmountDue_TaxType' 

2024-01-14 16:28:04 - [TEST_STEP][PASSED] - break: null

2024-01-14 16:28:04 - [TEST_STEP][PASSED] - delay(1): Delayed 1 second(s)

2024-01-14 16:28:05 - [MESSAGE][PASSED] - Delayed 1 second(s)

2024-01-14 16:28:05 - [TEST_STEP][PASSED] - scrollToElement(findTestObject(orPath_Amount + "/input__paymentAmount"), 3): Scroll to object 'Object Repository/RAD_Pages/PaymentAmount_Page/input__paymentAmount' successfully

2024-01-14 16:28:05 - [MESSAGE][PASSED] - Scroll to object 'Object Repository/RAD_Pages/PaymentAmount_Page/input__paymentAmount' successfully

2024-01-14 16:28:05 - [TEST_STEP][PASSED] - setText(findTestObject(orPath_AddressContact + "/input_eMailAddress"), "imtiazster@gmail.com"): Text 'imtiazster@gmail.com' is set on object 'Object Repository/RAD_Pages/AddressAndContactInfo_Page/input_eMailAddress'

2024-01-14 16:28:06 - [MESSAGE][PASSED] - Text 'imtiazster@gmail.com' is set on object 'Object Repository/RAD_Pages/AddressAndContactInfo_Page/input_eMailAddress'

2024-01-14 16:28:06 - [TEST_STEP][PASSED] - setText(findTestObject(orPath_AddressContact + "/input_reEnterEMailAddress"), "iahmed@govolution.com"): Text 'iahmed@govolution.com' is set on object 'Object Repository/RAD_Pages/AddressAndContactInfo_Page/input_reEnterEMailAddress'

2024-01-14 16:28:07 - [MESSAGE][PASSED] - Text 'iahmed@govolution.com' is set on object 'Object Repository/RAD_Pages/AddressAndContactInfo_Page/input_reEnterEMailAddress'

2024-01-14 16:28:07 - [TEST_STEP][PASSED] - delay(2): Delayed 2 second(s)

2024-01-14 16:28:09 - [MESSAGE][PASSED] - Delayed 2 second(s)

2024-01-14 16:28:09 - [TEST_STEP][PASSED] - if (verifyTextPresent("The Email and Re-enter email do not match", true)): null

2024-01-14 16:28:09 - [MESSAGE][PASSED] - Text 'The Email and Re-enter email do not match' is present on page  using regular expression

2024-01-14 16:28:09 - [TEST_STEP][PASSED] - println("Emails Dont match text is present"): null

2024-01-14 16:28:09 - [TEST_STEP][PASSED] - out.println("Pass Record Number: " + row): null

2024-01-14 16:28:09 - [TEST_STEP][PASSED] - resText = "Pass": null

2024-01-14 16:28:09 - [TEST_STEP][PASSED] - pages.WriteExcel.demoKey(resText, datText, resColumn, datCloumn, fileLoc, nameSheet, row): pages.WriteExcel.demoKey is PASSED

2024-01-14 16:28:09 - [MESSAGE][PASSED] - pages.WriteExcel.demoKey is PASSED

2024-01-14 16:28:09 - [TEST_STEP][PASSED] - ExecuteTC = findTestData(dataFile).getValue("Execute", row): null

2024-01-14 16:28:09 - [TEST_STEP][PASSED] - Taxtype = findTestData(dataFile).getValue("TaxType", row): null

2024-01-14 16:28:09 - [TEST_STEP][PASSED] - Paymenttype = findTestData(dataFile).getValue("PaymentType", row): null

2024-01-14 16:28:10 - [TEST_STEP][PASSED] - out.println("Value of Execute is : " + ExecuteTC): null

2024-01-14 16:28:10 - [TEST_STEP][PASSED] - if (ExecuteTC.equalsIgnoreCase("Y")): null

2024-01-14 16:28:10 - [TEST_STEP][PASSED] - out.println("Begin Record Number: " + row): null

2024-01-14 16:28:10 - [TEST_STEP][PASSED] - today = new java.util.Date(): null

2024-01-14 16:28:10 - [TEST_STEP][PASSED] - println(today): null

2024-01-14 16:28:10 - [TEST_STEP][PASSED] - datText = today: null

2024-01-14 16:28:10 - [TEST_STEP][PASSED] - Taxtype = findTestData(dataFile).getValue("TaxType", row): null

2024-01-14 16:28:10 - [TEST_STEP][PASSED] - out.println("Taxtype value is : " + Taxtype): null

2024-01-14 16:28:10 - [TEST_STEP][PASSED] - openBrowser(""): Browser is opened with url: ''

2024-01-14 16:28:10 - [MESSAGE][WARNING] - A browser is already opened. Closing browser and opening a new one

2024-01-14 16:28:10 - [MESSAGE][INFO] - Starting 'Chrome' driver

2024-01-14 16:28:10 - [MESSAGE][INFO] - User set preference: ['acceptInsecureCerts', 'true']

2024-01-14 16:28:10 - [MESSAGE][INFO] - Action delay is set to 0 milliseconds

2024-01-14 16:28:12 - [MESSAGE][PASSED] - Browser is opened with url: ''

2024-01-14 16:28:12 - [TEST_STEP][PASSED] - maximizeWindow(): Current window maximized

2024-01-14 16:28:12 - [MESSAGE][PASSED] - Current window maximized

2024-01-14 16:28:12 - [TEST_STEP][PASSED] - navigateToUrl(RADurl): Navigate to 'https://qa2.velocitypayment.com/client/rad/index.html' successfully

2024-01-14 16:28:14 - [MESSAGE][PASSED] - Navigate to 'https://qa2.velocitypayment.com/client/rad/index.html' successfully

2024-01-14 16:28:14 - [TEST_STEP][PASSED] - orPath_Landing = "Object Repository/RAD_Pages/Landing_Page": null

2024-01-14 16:28:14 - [TEST_STEP][PASSED] - orPath_TaxTypeFilingYear = "Object Repository/RAD_Pages/TaxTypeFilingYear_Page": null

2024-01-14 16:28:14 - [TEST_STEP][PASSED] - orPath_TaxPayer = "Object Repository/RAD_Pages/Taxpayer_Page": null

2024-01-14 16:28:14 - [TEST_STEP][PASSED] - orPath_AddressContact = "Object Repository/RAD_Pages/AddressAndContactInfo_Page": null

2024-01-14 16:28:14 - [TEST_STEP][PASSED] - orPath_FilingStatus = "Object Repository/RAD_Pages/FilingStatus_Page": null

2024-01-14 16:28:14 - [TEST_STEP][PASSED] - orPath_Amount = "Object Repository/RAD_Pages/PaymentAmount_Page": null

2024-01-14 16:28:14 - [TEST_STEP][PASSED] - selectOptionByLabel(findTestObject(orPath_Landing + "/dd_TaxType"), Paymenttype, false): All options with label 'New Tax Return Amount Due' are selected in object 'Object Repository/RAD_Pages/Landing_Page/dd_TaxType' 

2024-01-14 16:28:14 - [MESSAGE][PASSED] - All options with label 'New Tax Return Amount Due' are selected in object 'Object Repository/RAD_Pages/Landing_Page/dd_TaxType' 

2024-01-14 16:28:14 - [TEST_STEP][PASSED] - delay(1): Delayed 1 second(s)

2024-01-14 16:28:15 - [MESSAGE][PASSED] - Delayed 1 second(s)

2024-01-14 16:28:15 - [TEST_STEP][PASSED] - switch (Paymenttype): null

2024-01-14 16:28:15 - [TEST_STEP][PASSED] - case "New Tax Return Amount Due":: null

2024-01-14 16:28:15 - [TEST_STEP][PASSED] - selectOptionByLabel(findTestObject("Object Repository/RAD_Pages/Landing_Page/select_NewTaxReturnAmountDue_TaxType"), Taxtype, false): All options with label 'PTE Tax Electing S Corp' are selected in object 'Object Repository/RAD_Pages/Landing_Page/select_NewTaxReturnAmountDue_TaxType' 

2024-01-14 16:28:16 - [MESSAGE][PASSED] - All options with label 'PTE Tax Electing S Corp' are selected in object 'Object Repository/RAD_Pages/Landing_Page/select_NewTaxReturnAmountDue_TaxType' 

2024-01-14 16:28:16 - [TEST_STEP][PASSED] - break: null

2024-01-14 16:28:16 - [TEST_STEP][PASSED] - delay(1): Delayed 1 second(s)

2024-01-14 16:28:17 - [MESSAGE][PASSED] - Delayed 1 second(s)

2024-01-14 16:28:17 - [TEST_STEP][PASSED] - scrollToElement(findTestObject(orPath_Amount + "/input__paymentAmount"), 3): Scroll to object 'Object Repository/RAD_Pages/PaymentAmount_Page/input__paymentAmount' successfully

2024-01-14 16:28:17 - [MESSAGE][PASSED] - Scroll to object 'Object Repository/RAD_Pages/PaymentAmount_Page/input__paymentAmount' successfully

2024-01-14 16:28:17 - [TEST_STEP][PASSED] - setText(findTestObject(orPath_AddressContact + "/input_eMailAddress"), "imtiazster@gmail.com"): Text 'imtiazster@gmail.com' is set on object 'Object Repository/RAD_Pages/AddressAndContactInfo_Page/input_eMailAddress'

2024-01-14 16:28:18 - [MESSAGE][PASSED] - Text 'imtiazster@gmail.com' is set on object 'Object Repository/RAD_Pages/AddressAndContactInfo_Page/input_eMailAddress'

2024-01-14 16:28:18 - [TEST_STEP][PASSED] - setText(findTestObject(orPath_AddressContact + "/input_reEnterEMailAddress"), "iahmed@govolution.com"): Text 'iahmed@govolution.com' is set on object 'Object Repository/RAD_Pages/AddressAndContactInfo_Page/input_reEnterEMailAddress'

2024-01-14 16:28:19 - [MESSAGE][PASSED] - Text 'iahmed@govolution.com' is set on object 'Object Repository/RAD_Pages/AddressAndContactInfo_Page/input_reEnterEMailAddress'

2024-01-14 16:28:19 - [TEST_STEP][PASSED] - delay(2): Delayed 2 second(s)

2024-01-14 16:28:21 - [MESSAGE][PASSED] - Delayed 2 second(s)

2024-01-14 16:28:21 - [TEST_STEP][PASSED] - if (verifyTextPresent("The Email and Re-enter email do not match", true)): null

2024-01-14 16:28:21 - [MESSAGE][PASSED] - Text 'The Email and Re-enter email do not match' is present on page  using regular expression

2024-01-14 16:28:21 - [TEST_STEP][PASSED] - println("Emails Dont match text is present"): null

2024-01-14 16:28:21 - [TEST_STEP][PASSED] - out.println("Pass Record Number: " + row): null

2024-01-14 16:28:21 - [TEST_STEP][PASSED] - resText = "Pass": null

2024-01-14 16:28:21 - [TEST_STEP][PASSED] - pages.WriteExcel.demoKey(resText, datText, resColumn, datCloumn, fileLoc, nameSheet, row): pages.WriteExcel.demoKey is PASSED

2024-01-14 16:28:22 - [MESSAGE][PASSED] - pages.WriteExcel.demoKey is PASSED

2024-01-14 16:28:22 - [TEST_STEP][PASSED] - ExecuteTC = findTestData(dataFile).getValue("Execute", row): null

2024-01-14 16:28:22 - [TEST_STEP][PASSED] - Taxtype = findTestData(dataFile).getValue("TaxType", row): null

2024-01-14 16:28:22 - [TEST_STEP][PASSED] - Paymenttype = findTestData(dataFile).getValue("PaymentType", row): null

2024-01-14 16:28:22 - [TEST_STEP][PASSED] - out.println("Value of Execute is : " + ExecuteTC): null

2024-01-14 16:28:22 - [TEST_STEP][PASSED] - if (ExecuteTC.equalsIgnoreCase("Y")): null

2024-01-14 16:28:22 - [TEST_STEP][PASSED] - out.println("Begin Record Number: " + row): null

2024-01-14 16:28:22 - [TEST_STEP][PASSED] - today = new java.util.Date(): null

2024-01-14 16:28:22 - [TEST_STEP][PASSED] - println(today): null

2024-01-14 16:28:22 - [TEST_STEP][PASSED] - datText = today: null

2024-01-14 16:28:22 - [TEST_STEP][PASSED] - Taxtype = findTestData(dataFile).getValue("TaxType", row): null

2024-01-14 16:28:22 - [TEST_STEP][PASSED] - out.println("Taxtype value is : " + Taxtype): null

2024-01-14 16:28:22 - [TEST_STEP][PASSED] - openBrowser(""): Browser is opened with url: ''

2024-01-14 16:28:22 - [MESSAGE][WARNING] - A browser is already opened. Closing browser and opening a new one

2024-01-14 16:28:23 - [MESSAGE][INFO] - Starting 'Chrome' driver

2024-01-14 16:28:23 - [MESSAGE][INFO] - User set preference: ['acceptInsecureCerts', 'true']

2024-01-14 16:28:23 - [MESSAGE][INFO] - Action delay is set to 0 milliseconds

2024-01-14 16:28:24 - [MESSAGE][PASSED] - Browser is opened with url: ''

2024-01-14 16:28:24 - [TEST_STEP][PASSED] - maximizeWindow(): Current window maximized

2024-01-14 16:28:24 - [MESSAGE][PASSED] - Current window maximized

2024-01-14 16:28:24 - [TEST_STEP][PASSED] - navigateToUrl(RADurl): Navigate to 'https://qa2.velocitypayment.com/client/rad/index.html' successfully

2024-01-14 16:28:24 - [MESSAGE][PASSED] - Navigate to 'https://qa2.velocitypayment.com/client/rad/index.html' successfully

2024-01-14 16:28:24 - [TEST_STEP][PASSED] - orPath_Landing = "Object Repository/RAD_Pages/Landing_Page": null

2024-01-14 16:28:24 - [TEST_STEP][PASSED] - orPath_TaxTypeFilingYear = "Object Repository/RAD_Pages/TaxTypeFilingYear_Page": null

2024-01-14 16:28:24 - [TEST_STEP][PASSED] - orPath_TaxPayer = "Object Repository/RAD_Pages/Taxpayer_Page": null

2024-01-14 16:28:24 - [TEST_STEP][PASSED] - orPath_AddressContact = "Object Repository/RAD_Pages/AddressAndContactInfo_Page": null

2024-01-14 16:28:24 - [TEST_STEP][PASSED] - orPath_FilingStatus = "Object Repository/RAD_Pages/FilingStatus_Page": null

2024-01-14 16:28:24 - [TEST_STEP][PASSED] - orPath_Amount = "Object Repository/RAD_Pages/PaymentAmount_Page": null

2024-01-14 16:28:24 - [TEST_STEP][PASSED] - selectOptionByLabel(findTestObject(orPath_Landing + "/dd_TaxType"), Paymenttype, false): All options with label 'New Tax Return Amount Due' are selected in object 'Object Repository/RAD_Pages/Landing_Page/dd_TaxType' 

2024-01-14 16:28:26 - [MESSAGE][PASSED] - All options with label 'New Tax Return Amount Due' are selected in object 'Object Repository/RAD_Pages/Landing_Page/dd_TaxType' 

2024-01-14 16:28:26 - [TEST_STEP][PASSED] - delay(1): Delayed 1 second(s)

2024-01-14 16:28:27 - [MESSAGE][PASSED] - Delayed 1 second(s)

2024-01-14 16:28:27 - [TEST_STEP][PASSED] - switch (Paymenttype): null

2024-01-14 16:28:27 - [TEST_STEP][PASSED] - case "New Tax Return Amount Due":: null

2024-01-14 16:28:27 - [TEST_STEP][PASSED] - selectOptionByLabel(findTestObject("Object Repository/RAD_Pages/Landing_Page/select_NewTaxReturnAmountDue_TaxType"), Taxtype, false): All options with label 'Personal Income Tax' are selected in object 'Object Repository/RAD_Pages/Landing_Page/select_NewTaxReturnAmountDue_TaxType' 

2024-01-14 16:28:28 - [MESSAGE][PASSED] - All options with label 'Personal Income Tax' are selected in object 'Object Repository/RAD_Pages/Landing_Page/select_NewTaxReturnAmountDue_TaxType' 

2024-01-14 16:28:28 - [TEST_STEP][PASSED] - break: null

2024-01-14 16:28:28 - [TEST_STEP][PASSED] - delay(1): Delayed 1 second(s)

2024-01-14 16:28:29 - [MESSAGE][PASSED] - Delayed 1 second(s)

2024-01-14 16:28:29 - [TEST_STEP][PASSED] - scrollToElement(findTestObject(orPath_Amount + "/input__paymentAmount"), 3): Scroll to object 'Object Repository/RAD_Pages/PaymentAmount_Page/input__paymentAmount' successfully

2024-01-14 16:28:29 - [MESSAGE][PASSED] - Scroll to object 'Object Repository/RAD_Pages/PaymentAmount_Page/input__paymentAmount' successfully

2024-01-14 16:28:29 - [TEST_STEP][PASSED] - setText(findTestObject(orPath_AddressContact + "/input_eMailAddress"), "imtiazster@gmail.com"): Text 'imtiazster@gmail.com' is set on object 'Object Repository/RAD_Pages/AddressAndContactInfo_Page/input_eMailAddress'

2024-01-14 16:28:30 - [MESSAGE][PASSED] - Text 'imtiazster@gmail.com' is set on object 'Object Repository/RAD_Pages/AddressAndContactInfo_Page/input_eMailAddress'

2024-01-14 16:28:30 - [TEST_STEP][PASSED] - setText(findTestObject(orPath_AddressContact + "/input_reEnterEMailAddress"), "iahmed@govolution.com"): Text 'iahmed@govolution.com' is set on object 'Object Repository/RAD_Pages/AddressAndContactInfo_Page/input_reEnterEMailAddress'

2024-01-14 16:28:31 - [MESSAGE][PASSED] - Text 'iahmed@govolution.com' is set on object 'Object Repository/RAD_Pages/AddressAndContactInfo_Page/input_reEnterEMailAddress'

2024-01-14 16:28:31 - [TEST_STEP][PASSED] - delay(2): Delayed 2 second(s)

2024-01-14 16:28:33 - [MESSAGE][PASSED] - Delayed 2 second(s)

2024-01-14 16:28:33 - [TEST_STEP][PASSED] - if (verifyTextPresent("The Email and Re-enter email do not match", true)): null

2024-01-14 16:28:33 - [MESSAGE][PASSED] - Text 'The Email and Re-enter email do not match' is present on page  using regular expression

2024-01-14 16:28:33 - [TEST_STEP][PASSED] - println("Emails Dont match text is present"): null

2024-01-14 16:28:33 - [TEST_STEP][PASSED] - out.println("Pass Record Number: " + row): null

2024-01-14 16:28:33 - [TEST_STEP][PASSED] - resText = "Pass": null

2024-01-14 16:28:33 - [TEST_STEP][PASSED] - pages.WriteExcel.demoKey(resText, datText, resColumn, datCloumn, fileLoc, nameSheet, row): pages.WriteExcel.demoKey is PASSED

2024-01-14 16:28:33 - [MESSAGE][PASSED] - pages.WriteExcel.demoKey is PASSED

2024-01-14 16:28:33 - [TEST_STEP][PASSED] - ExecuteTC = findTestData(dataFile).getValue("Execute", row): null

2024-01-14 16:28:33 - [TEST_STEP][PASSED] - Taxtype = findTestData(dataFile).getValue("TaxType", row): null

2024-01-14 16:28:33 - [TEST_STEP][PASSED] - Paymenttype = findTestData(dataFile).getValue("PaymentType", row): null

2024-01-14 16:28:33 - [TEST_STEP][PASSED] - out.println("Value of Execute is : " + ExecuteTC): null

2024-01-14 16:28:33 - [TEST_STEP][PASSED] - if (ExecuteTC.equalsIgnoreCase("Y")): null

2024-01-14 16:28:33 - [TEST_STEP][PASSED] - out.println("Begin Record Number: " + row): null

2024-01-14 16:28:33 - [TEST_STEP][PASSED] - today = new java.util.Date(): null

2024-01-14 16:28:33 - [TEST_STEP][PASSED] - println(today): null

2024-01-14 16:28:33 - [TEST_STEP][PASSED] - datText = today: null

2024-01-14 16:28:33 - [TEST_STEP][PASSED] - Taxtype = findTestData(dataFile).getValue("TaxType", row): null

2024-01-14 16:28:33 - [TEST_STEP][PASSED] - out.println("Taxtype value is : " + Taxtype): null

2024-01-14 16:28:33 - [TEST_STEP][PASSED] - openBrowser(""): Browser is opened with url: ''

2024-01-14 16:28:33 - [MESSAGE][WARNING] - A browser is already opened. Closing browser and opening a new one

2024-01-14 16:28:35 - [MESSAGE][INFO] - Starting 'Chrome' driver

2024-01-14 16:28:35 - [MESSAGE][INFO] - User set preference: ['acceptInsecureCerts', 'true']

2024-01-14 16:28:35 - [MESSAGE][INFO] - Action delay is set to 0 milliseconds

2024-01-14 16:28:36 - [MESSAGE][PASSED] - Browser is opened with url: ''

2024-01-14 16:28:36 - [TEST_STEP][PASSED] - maximizeWindow(): Current window maximized

2024-01-14 16:28:36 - [MESSAGE][PASSED] - Current window maximized

2024-01-14 16:28:36 - [TEST_STEP][PASSED] - navigateToUrl(RADurl): Navigate to 'https://qa2.velocitypayment.com/client/rad/index.html' successfully

2024-01-14 16:28:36 - [MESSAGE][PASSED] - Navigate to 'https://qa2.velocitypayment.com/client/rad/index.html' successfully

2024-01-14 16:28:36 - [TEST_STEP][PASSED] - orPath_Landing = "Object Repository/RAD_Pages/Landing_Page": null

2024-01-14 16:28:36 - [TEST_STEP][PASSED] - orPath_TaxTypeFilingYear = "Object Repository/RAD_Pages/TaxTypeFilingYear_Page": null

2024-01-14 16:28:36 - [TEST_STEP][PASSED] - orPath_TaxPayer = "Object Repository/RAD_Pages/Taxpayer_Page": null

2024-01-14 16:28:36 - [TEST_STEP][PASSED] - orPath_AddressContact = "Object Repository/RAD_Pages/AddressAndContactInfo_Page": null

2024-01-14 16:28:36 - [TEST_STEP][PASSED] - orPath_FilingStatus = "Object Repository/RAD_Pages/FilingStatus_Page": null

2024-01-14 16:28:36 - [TEST_STEP][PASSED] - orPath_Amount = "Object Repository/RAD_Pages/PaymentAmount_Page": null

2024-01-14 16:28:36 - [TEST_STEP][PASSED] - selectOptionByLabel(findTestObject(orPath_Landing + "/dd_TaxType"), Paymenttype, false): All options with label 'Existing Liability w/Notice Number' are selected in object 'Object Repository/RAD_Pages/Landing_Page/dd_TaxType' 

2024-01-14 16:28:38 - [MESSAGE][PASSED] - All options with label 'Existing Liability w/Notice Number' are selected in object 'Object Repository/RAD_Pages/Landing_Page/dd_TaxType' 

2024-01-14 16:28:38 - [TEST_STEP][PASSED] - delay(1): Delayed 1 second(s)

2024-01-14 16:28:39 - [MESSAGE][PASSED] - Delayed 1 second(s)

2024-01-14 16:28:39 - [TEST_STEP][PASSED] - switch (Paymenttype): null

2024-01-14 16:28:39 - [TEST_STEP][PASSED] - case "Existing Liability w/Notice Number":: null

2024-01-14 16:28:39 - [TEST_STEP][PASSED] - selectOptionByLabel(findTestObject(orPath_TaxTypeFilingYear + "/select_TaxType_ExistingLiability"), Taxtype, false): All options with label 'Admissions and Amusement Tax' are selected in object 'Object Repository/RAD_Pages/TaxTypeFilingYear_Page/select_TaxType_ExistingLiability' 

2024-01-14 16:28:40 - [MESSAGE][PASSED] - All options with label 'Admissions and Amusement Tax' are selected in object 'Object Repository/RAD_Pages/TaxTypeFilingYear_Page/select_TaxType_ExistingLiability' 

2024-01-14 16:28:40 - [TEST_STEP][PASSED] - break: null

2024-01-14 16:28:40 - [TEST_STEP][PASSED] - delay(1): Delayed 1 second(s)

2024-01-14 16:28:41 - [MESSAGE][PASSED] - Delayed 1 second(s)

2024-01-14 16:28:41 - [TEST_STEP][PASSED] - scrollToElement(findTestObject(orPath_Amount + "/input__paymentAmount"), 3): Scroll to object 'Object Repository/RAD_Pages/PaymentAmount_Page/input__paymentAmount' successfully

2024-01-14 16:28:41 - [MESSAGE][PASSED] - Scroll to object 'Object Repository/RAD_Pages/PaymentAmount_Page/input__paymentAmount' successfully

2024-01-14 16:28:41 - [TEST_STEP][PASSED] - setText(findTestObject(orPath_AddressContact + "/input_eMailAddress"), "imtiazster@gmail.com"): Text 'imtiazster@gmail.com' is set on object 'Object Repository/RAD_Pages/AddressAndContactInfo_Page/input_eMailAddress'

2024-01-14 16:28:42 - [MESSAGE][PASSED] - Text 'imtiazster@gmail.com' is set on object 'Object Repository/RAD_Pages/AddressAndContactInfo_Page/input_eMailAddress'

2024-01-14 16:28:42 - [TEST_STEP][PASSED] - setText(findTestObject(orPath_AddressContact + "/input_reEnterEMailAddress"), "iahmed@govolution.com"): Text 'iahmed@govolution.com' is set on object 'Object Repository/RAD_Pages/AddressAndContactInfo_Page/input_reEnterEMailAddress'

2024-01-14 16:28:43 - [MESSAGE][PASSED] - Text 'iahmed@govolution.com' is set on object 'Object Repository/RAD_Pages/AddressAndContactInfo_Page/input_reEnterEMailAddress'

2024-01-14 16:28:43 - [TEST_STEP][PASSED] - delay(2): Delayed 2 second(s)

2024-01-14 16:28:45 - [MESSAGE][PASSED] - Delayed 2 second(s)

2024-01-14 16:28:45 - [TEST_STEP][PASSED] - if (verifyTextPresent("The Email and Re-enter email do not match", true)): null

2024-01-14 16:28:45 - [MESSAGE][PASSED] - Text 'The Email and Re-enter email do not match' is present on page  using regular expression

2024-01-14 16:28:45 - [TEST_STEP][PASSED] - println("Emails Dont match text is present"): null

2024-01-14 16:28:45 - [TEST_STEP][PASSED] - out.println("Pass Record Number: " + row): null

2024-01-14 16:28:45 - [TEST_STEP][PASSED] - resText = "Pass": null

2024-01-14 16:28:45 - [TEST_STEP][PASSED] - pages.WriteExcel.demoKey(resText, datText, resColumn, datCloumn, fileLoc, nameSheet, row): pages.WriteExcel.demoKey is PASSED

2024-01-14 16:28:45 - [MESSAGE][PASSED] - pages.WriteExcel.demoKey is PASSED

2024-01-14 16:28:45 - [TEST_STEP][PASSED] - ExecuteTC = findTestData(dataFile).getValue("Execute", row): null

2024-01-14 16:28:46 - [TEST_STEP][PASSED] - Taxtype = findTestData(dataFile).getValue("TaxType", row): null

2024-01-14 16:28:46 - [TEST_STEP][PASSED] - Paymenttype = findTestData(dataFile).getValue("PaymentType", row): null

2024-01-14 16:28:46 - [TEST_STEP][PASSED] - out.println("Value of Execute is : " + ExecuteTC): null

2024-01-14 16:28:46 - [TEST_STEP][PASSED] - if (ExecuteTC.equalsIgnoreCase("Y")): null

2024-01-14 16:28:46 - [TEST_STEP][PASSED] - out.println("Begin Record Number: " + row): null

2024-01-14 16:28:46 - [TEST_STEP][PASSED] - today = new java.util.Date(): null

2024-01-14 16:28:46 - [TEST_STEP][PASSED] - println(today): null

2024-01-14 16:28:46 - [TEST_STEP][PASSED] - datText = today: null

2024-01-14 16:28:46 - [TEST_STEP][PASSED] - Taxtype = findTestData(dataFile).getValue("TaxType", row): null

2024-01-14 16:28:46 - [TEST_STEP][PASSED] - out.println("Taxtype value is : " + Taxtype): null

2024-01-14 16:28:46 - [TEST_STEP][PASSED] - openBrowser(""): Browser is opened with url: ''

2024-01-14 16:28:46 - [MESSAGE][WARNING] - A browser is already opened. Closing browser and opening a new one

2024-01-14 16:28:47 - [MESSAGE][INFO] - Starting 'Chrome' driver

2024-01-14 16:28:47 - [MESSAGE][INFO] - User set preference: ['acceptInsecureCerts', 'true']

2024-01-14 16:28:47 - [MESSAGE][INFO] - Action delay is set to 0 milliseconds

2024-01-14 16:28:48 - [MESSAGE][PASSED] - Browser is opened with url: ''

2024-01-14 16:28:48 - [TEST_STEP][PASSED] - maximizeWindow(): Current window maximized

2024-01-14 16:28:48 - [MESSAGE][PASSED] - Current window maximized

2024-01-14 16:28:48 - [TEST_STEP][PASSED] - navigateToUrl(RADurl): Navigate to 'https://qa2.velocitypayment.com/client/rad/index.html' successfully

2024-01-14 16:28:48 - [MESSAGE][PASSED] - Navigate to 'https://qa2.velocitypayment.com/client/rad/index.html' successfully

2024-01-14 16:28:48 - [TEST_STEP][PASSED] - orPath_Landing = "Object Repository/RAD_Pages/Landing_Page": null

2024-01-14 16:28:48 - [TEST_STEP][PASSED] - orPath_TaxTypeFilingYear = "Object Repository/RAD_Pages/TaxTypeFilingYear_Page": null

2024-01-14 16:28:48 - [TEST_STEP][PASSED] - orPath_TaxPayer = "Object Repository/RAD_Pages/Taxpayer_Page": null

2024-01-14 16:28:48 - [TEST_STEP][PASSED] - orPath_AddressContact = "Object Repository/RAD_Pages/AddressAndContactInfo_Page": null

2024-01-14 16:28:48 - [TEST_STEP][PASSED] - orPath_FilingStatus = "Object Repository/RAD_Pages/FilingStatus_Page": null

2024-01-14 16:28:48 - [TEST_STEP][PASSED] - orPath_Amount = "Object Repository/RAD_Pages/PaymentAmount_Page": null

2024-01-14 16:28:48 - [TEST_STEP][PASSED] - selectOptionByLabel(findTestObject(orPath_Landing + "/dd_TaxType"), Paymenttype, false): All options with label 'Existing Liability w/Notice Number' are selected in object 'Object Repository/RAD_Pages/Landing_Page/dd_TaxType' 

2024-01-14 16:28:50 - [MESSAGE][PASSED] - All options with label 'Existing Liability w/Notice Number' are selected in object 'Object Repository/RAD_Pages/Landing_Page/dd_TaxType' 

2024-01-14 16:28:50 - [TEST_STEP][PASSED] - delay(1): Delayed 1 second(s)

2024-01-14 16:28:51 - [MESSAGE][PASSED] - Delayed 1 second(s)

2024-01-14 16:28:51 - [TEST_STEP][PASSED] - switch (Paymenttype): null

2024-01-14 16:28:51 - [TEST_STEP][PASSED] - case "Existing Liability w/Notice Number":: null

2024-01-14 16:28:51 - [TEST_STEP][PASSED] - selectOptionByLabel(findTestObject(orPath_TaxTypeFilingYear + "/select_TaxType_ExistingLiability"), Taxtype, false): All options with label 'Estate Tax' are selected in object 'Object Repository/RAD_Pages/TaxTypeFilingYear_Page/select_TaxType_ExistingLiability' 

2024-01-14 16:28:52 - [MESSAGE][PASSED] - All options with label 'Estate Tax' are selected in object 'Object Repository/RAD_Pages/TaxTypeFilingYear_Page/select_TaxType_ExistingLiability' 

2024-01-14 16:28:52 - [TEST_STEP][PASSED] - break: null

2024-01-14 16:28:52 - [TEST_STEP][PASSED] - delay(1): Delayed 1 second(s)

2024-01-14 16:28:53 - [MESSAGE][PASSED] - Delayed 1 second(s)

2024-01-14 16:28:53 - [TEST_STEP][PASSED] - scrollToElement(findTestObject(orPath_Amount + "/input__paymentAmount"), 3): Scroll to object 'Object Repository/RAD_Pages/PaymentAmount_Page/input__paymentAmount' successfully

2024-01-14 16:28:53 - [MESSAGE][PASSED] - Scroll to object 'Object Repository/RAD_Pages/PaymentAmount_Page/input__paymentAmount' successfully

2024-01-14 16:28:53 - [TEST_STEP][PASSED] - setText(findTestObject(orPath_AddressContact + "/input_eMailAddress"), "imtiazster@gmail.com"): Text 'imtiazster@gmail.com' is set on object 'Object Repository/RAD_Pages/AddressAndContactInfo_Page/input_eMailAddress'

2024-01-14 16:28:54 - [MESSAGE][PASSED] - Text 'imtiazster@gmail.com' is set on object 'Object Repository/RAD_Pages/AddressAndContactInfo_Page/input_eMailAddress'

2024-01-14 16:28:54 - [TEST_STEP][PASSED] - setText(findTestObject(orPath_AddressContact + "/input_reEnterEMailAddress"), "iahmed@govolution.com"): Text 'iahmed@govolution.com' is set on object 'Object Repository/RAD_Pages/AddressAndContactInfo_Page/input_reEnterEMailAddress'

2024-01-14 16:28:55 - [MESSAGE][PASSED] - Text 'iahmed@govolution.com' is set on object 'Object Repository/RAD_Pages/AddressAndContactInfo_Page/input_reEnterEMailAddress'

2024-01-14 16:28:55 - [TEST_STEP][PASSED] - delay(2): Delayed 2 second(s)

2024-01-14 16:28:57 - [MESSAGE][PASSED] - Delayed 2 second(s)

2024-01-14 16:28:57 - [TEST_STEP][PASSED] - if (verifyTextPresent("The Email and Re-enter email do not match", true)): null

2024-01-14 16:28:57 - [MESSAGE][PASSED] - Text 'The Email and Re-enter email do not match' is present on page  using regular expression

2024-01-14 16:28:57 - [TEST_STEP][PASSED] - println("Emails Dont match text is present"): null

2024-01-14 16:28:57 - [TEST_STEP][PASSED] - out.println("Pass Record Number: " + row): null

2024-01-14 16:28:57 - [TEST_STEP][PASSED] - resText = "Pass": null

2024-01-14 16:28:57 - [TEST_STEP][PASSED] - pages.WriteExcel.demoKey(resText, datText, resColumn, datCloumn, fileLoc, nameSheet, row): pages.WriteExcel.demoKey is PASSED

2024-01-14 16:28:57 - [MESSAGE][PASSED] - pages.WriteExcel.demoKey is PASSED

2024-01-14 16:28:57 - [TEST_STEP][PASSED] - ExecuteTC = findTestData(dataFile).getValue("Execute", row): null

2024-01-14 16:28:57 - [TEST_STEP][PASSED] - Taxtype = findTestData(dataFile).getValue("TaxType", row): null

2024-01-14 16:28:57 - [TEST_STEP][PASSED] - Paymenttype = findTestData(dataFile).getValue("PaymentType", row): null

2024-01-14 16:28:58 - [TEST_STEP][PASSED] - out.println("Value of Execute is : " + ExecuteTC): null

2024-01-14 16:28:58 - [TEST_STEP][PASSED] - if (ExecuteTC.equalsIgnoreCase("Y")): null

2024-01-14 16:28:58 - [TEST_STEP][PASSED] - out.println("Begin Record Number: " + row): null

2024-01-14 16:28:58 - [TEST_STEP][PASSED] - today = new java.util.Date(): null

2024-01-14 16:28:58 - [TEST_STEP][PASSED] - println(today): null

2024-01-14 16:28:58 - [TEST_STEP][PASSED] - datText = today: null

2024-01-14 16:28:58 - [TEST_STEP][PASSED] - Taxtype = findTestData(dataFile).getValue("TaxType", row): null

2024-01-14 16:28:58 - [TEST_STEP][PASSED] - out.println("Taxtype value is : " + Taxtype): null

2024-01-14 16:28:58 - [TEST_STEP][PASSED] - openBrowser(""): Browser is opened with url: ''

2024-01-14 16:28:58 - [MESSAGE][WARNING] - A browser is already opened. Closing browser and opening a new one

2024-01-14 16:28:59 - [MESSAGE][INFO] - Starting 'Chrome' driver

2024-01-14 16:28:59 - [MESSAGE][INFO] - User set preference: ['acceptInsecureCerts', 'true']

2024-01-14 16:28:59 - [MESSAGE][INFO] - Action delay is set to 0 milliseconds

2024-01-14 16:29:00 - [MESSAGE][PASSED] - Browser is opened with url: ''

2024-01-14 16:29:00 - [TEST_STEP][PASSED] - maximizeWindow(): Current window maximized

2024-01-14 16:29:00 - [MESSAGE][PASSED] - Current window maximized

2024-01-14 16:29:00 - [TEST_STEP][PASSED] - navigateToUrl(RADurl): Navigate to 'https://qa2.velocitypayment.com/client/rad/index.html' successfully

2024-01-14 16:29:01 - [MESSAGE][PASSED] - Navigate to 'https://qa2.velocitypayment.com/client/rad/index.html' successfully

2024-01-14 16:29:01 - [TEST_STEP][PASSED] - orPath_Landing = "Object Repository/RAD_Pages/Landing_Page": null

2024-01-14 16:29:01 - [TEST_STEP][PASSED] - orPath_TaxTypeFilingYear = "Object Repository/RAD_Pages/TaxTypeFilingYear_Page": null

2024-01-14 16:29:01 - [TEST_STEP][PASSED] - orPath_TaxPayer = "Object Repository/RAD_Pages/Taxpayer_Page": null

2024-01-14 16:29:01 - [TEST_STEP][PASSED] - orPath_AddressContact = "Object Repository/RAD_Pages/AddressAndContactInfo_Page": null

2024-01-14 16:29:01 - [TEST_STEP][PASSED] - orPath_FilingStatus = "Object Repository/RAD_Pages/FilingStatus_Page": null

2024-01-14 16:29:01 - [TEST_STEP][PASSED] - orPath_Amount = "Object Repository/RAD_Pages/PaymentAmount_Page": null

2024-01-14 16:29:01 - [TEST_STEP][PASSED] - selectOptionByLabel(findTestObject(orPath_Landing + "/dd_TaxType"), Paymenttype, false): All options with label 'Existing Liability w/Notice Number' are selected in object 'Object Repository/RAD_Pages/Landing_Page/dd_TaxType' 

2024-01-14 16:29:03 - [MESSAGE][PASSED] - All options with label 'Existing Liability w/Notice Number' are selected in object 'Object Repository/RAD_Pages/Landing_Page/dd_TaxType' 

2024-01-14 16:29:03 - [TEST_STEP][PASSED] - delay(1): Delayed 1 second(s)

2024-01-14 16:29:04 - [MESSAGE][PASSED] - Delayed 1 second(s)

2024-01-14 16:29:04 - [TEST_STEP][PASSED] - switch (Paymenttype): null

2024-01-14 16:29:04 - [TEST_STEP][PASSED] - case "Existing Liability w/Notice Number":: null

2024-01-14 16:29:04 - [TEST_STEP][PASSED] - selectOptionByLabel(findTestObject(orPath_TaxTypeFilingYear + "/select_TaxType_ExistingLiability"), Taxtype, false): All options with label 'Motor Fuel Tax' are selected in object 'Object Repository/RAD_Pages/TaxTypeFilingYear_Page/select_TaxType_ExistingLiability' 

2024-01-14 16:29:04 - [MESSAGE][PASSED] - All options with label 'Motor Fuel Tax' are selected in object 'Object Repository/RAD_Pages/TaxTypeFilingYear_Page/select_TaxType_ExistingLiability' 

2024-01-14 16:29:04 - [TEST_STEP][PASSED] - break: null

2024-01-14 16:29:04 - [TEST_STEP][PASSED] - delay(1): Delayed 1 second(s)

2024-01-14 16:29:05 - [MESSAGE][PASSED] - Delayed 1 second(s)

2024-01-14 16:29:05 - [TEST_STEP][PASSED] - scrollToElement(findTestObject(orPath_Amount + "/input__paymentAmount"), 3): Scroll to object 'Object Repository/RAD_Pages/PaymentAmount_Page/input__paymentAmount' successfully

2024-01-14 16:29:06 - [MESSAGE][PASSED] - Scroll to object 'Object Repository/RAD_Pages/PaymentAmount_Page/input__paymentAmount' successfully

2024-01-14 16:29:06 - [TEST_STEP][PASSED] - setText(findTestObject(orPath_AddressContact + "/input_eMailAddress"), "imtiazster@gmail.com"): Text 'imtiazster@gmail.com' is set on object 'Object Repository/RAD_Pages/AddressAndContactInfo_Page/input_eMailAddress'

2024-01-14 16:29:06 - [MESSAGE][PASSED] - Text 'imtiazster@gmail.com' is set on object 'Object Repository/RAD_Pages/AddressAndContactInfo_Page/input_eMailAddress'

2024-01-14 16:29:06 - [TEST_STEP][PASSED] - setText(findTestObject(orPath_AddressContact + "/input_reEnterEMailAddress"), "iahmed@govolution.com"): Text 'iahmed@govolution.com' is set on object 'Object Repository/RAD_Pages/AddressAndContactInfo_Page/input_reEnterEMailAddress'

2024-01-14 16:29:07 - [MESSAGE][PASSED] - Text 'iahmed@govolution.com' is set on object 'Object Repository/RAD_Pages/AddressAndContactInfo_Page/input_reEnterEMailAddress'

2024-01-14 16:29:07 - [TEST_STEP][PASSED] - delay(2): Delayed 2 second(s)

2024-01-14 16:29:09 - [MESSAGE][PASSED] - Delayed 2 second(s)

2024-01-14 16:29:09 - [TEST_STEP][PASSED] - if (verifyTextPresent("The Email and Re-enter email do not match", true)): null

2024-01-14 16:29:10 - [MESSAGE][PASSED] - Text 'The Email and Re-enter email do not match' is present on page  using regular expression

2024-01-14 16:29:10 - [TEST_STEP][PASSED] - println("Emails Dont match text is present"): null

2024-01-14 16:29:10 - [TEST_STEP][PASSED] - out.println("Pass Record Number: " + row): null

2024-01-14 16:29:10 - [TEST_STEP][PASSED] - resText = "Pass": null

2024-01-14 16:29:10 - [TEST_STEP][PASSED] - pages.WriteExcel.demoKey(resText, datText, resColumn, datCloumn, fileLoc, nameSheet, row): pages.WriteExcel.demoKey is PASSED

2024-01-14 16:29:10 - [MESSAGE][PASSED] - pages.WriteExcel.demoKey is PASSED

2024-01-14 16:29:10 - [TEST_STEP][PASSED] - ExecuteTC = findTestData(dataFile).getValue("Execute", row): null

2024-01-14 16:29:10 - [TEST_STEP][PASSED] - Taxtype = findTestData(dataFile).getValue("TaxType", row): null

2024-01-14 16:29:10 - [TEST_STEP][PASSED] - Paymenttype = findTestData(dataFile).getValue("PaymentType", row): null

2024-01-14 16:29:10 - [TEST_STEP][PASSED] - out.println("Value of Execute is : " + ExecuteTC): null

2024-01-14 16:29:10 - [TEST_STEP][PASSED] - if (ExecuteTC.equalsIgnoreCase("Y")): null

2024-01-14 16:29:10 - [TEST_STEP][PASSED] - out.println("Begin Record Number: " + row): null

2024-01-14 16:29:10 - [TEST_STEP][PASSED] - today = new java.util.Date(): null

2024-01-14 16:29:10 - [TEST_STEP][PASSED] - println(today): null

2024-01-14 16:29:10 - [TEST_STEP][PASSED] - datText = today: null

2024-01-14 16:29:10 - [TEST_STEP][PASSED] - Taxtype = findTestData(dataFile).getValue("TaxType", row): null

2024-01-14 16:29:10 - [TEST_STEP][PASSED] - out.println("Taxtype value is : " + Taxtype): null

2024-01-14 16:29:10 - [TEST_STEP][PASSED] - openBrowser(""): Browser is opened with url: ''

2024-01-14 16:29:10 - [MESSAGE][WARNING] - A browser is already opened. Closing browser and opening a new one

2024-01-14 16:29:11 - [MESSAGE][INFO] - Starting 'Chrome' driver

2024-01-14 16:29:11 - [MESSAGE][INFO] - User set preference: ['acceptInsecureCerts', 'true']

2024-01-14 16:29:11 - [MESSAGE][INFO] - Action delay is set to 0 milliseconds

2024-01-14 16:29:12 - [MESSAGE][PASSED] - Browser is opened with url: ''

2024-01-14 16:29:12 - [TEST_STEP][PASSED] - maximizeWindow(): Current window maximized

2024-01-14 16:29:12 - [MESSAGE][PASSED] - Current window maximized

2024-01-14 16:29:12 - [TEST_STEP][PASSED] - navigateToUrl(RADurl): Navigate to 'https://qa2.velocitypayment.com/client/rad/index.html' successfully

2024-01-14 16:29:14 - [MESSAGE][PASSED] - Navigate to 'https://qa2.velocitypayment.com/client/rad/index.html' successfully

2024-01-14 16:29:14 - [TEST_STEP][PASSED] - orPath_Landing = "Object Repository/RAD_Pages/Landing_Page": null

2024-01-14 16:29:14 - [TEST_STEP][PASSED] - orPath_TaxTypeFilingYear = "Object Repository/RAD_Pages/TaxTypeFilingYear_Page": null

2024-01-14 16:29:14 - [TEST_STEP][PASSED] - orPath_TaxPayer = "Object Repository/RAD_Pages/Taxpayer_Page": null

2024-01-14 16:29:14 - [TEST_STEP][PASSED] - orPath_AddressContact = "Object Repository/RAD_Pages/AddressAndContactInfo_Page": null

2024-01-14 16:29:14 - [TEST_STEP][PASSED] - orPath_FilingStatus = "Object Repository/RAD_Pages/FilingStatus_Page": null

2024-01-14 16:29:14 - [TEST_STEP][PASSED] - orPath_Amount = "Object Repository/RAD_Pages/PaymentAmount_Page": null

2024-01-14 16:29:14 - [TEST_STEP][PASSED] - selectOptionByLabel(findTestObject(orPath_Landing + "/dd_TaxType"), Paymenttype, false): All options with label 'Existing Liability w/Notice Number' are selected in object 'Object Repository/RAD_Pages/Landing_Page/dd_TaxType' 

2024-01-14 16:29:15 - [MESSAGE][PASSED] - All options with label 'Existing Liability w/Notice Number' are selected in object 'Object Repository/RAD_Pages/Landing_Page/dd_TaxType' 

2024-01-14 16:29:15 - [TEST_STEP][PASSED] - delay(1): Delayed 1 second(s)

2024-01-14 16:29:16 - [MESSAGE][PASSED] - Delayed 1 second(s)

2024-01-14 16:29:16 - [TEST_STEP][PASSED] - switch (Paymenttype): null

2024-01-14 16:29:16 - [TEST_STEP][PASSED] - case "Existing Liability w/Notice Number":: null

2024-01-14 16:29:16 - [TEST_STEP][PASSED] - selectOptionByLabel(findTestObject(orPath_TaxTypeFilingYear + "/select_TaxType_ExistingLiability"), Taxtype, false): All options with label 'Slots License Fee' are selected in object 'Object Repository/RAD_Pages/TaxTypeFilingYear_Page/select_TaxType_ExistingLiability' 

2024-01-14 16:29:16 - [MESSAGE][PASSED] - All options with label 'Slots License Fee' are selected in object 'Object Repository/RAD_Pages/TaxTypeFilingYear_Page/select_TaxType_ExistingLiability' 

2024-01-14 16:29:16 - [TEST_STEP][PASSED] - break: null

2024-01-14 16:29:16 - [TEST_STEP][PASSED] - delay(1): Delayed 1 second(s)

2024-01-14 16:29:17 - [MESSAGE][PASSED] - Delayed 1 second(s)

2024-01-14 16:29:17 - [TEST_STEP][PASSED] - scrollToElement(findTestObject(orPath_Amount + "/input__paymentAmount"), 3): Scroll to object 'Object Repository/RAD_Pages/PaymentAmount_Page/input__paymentAmount' successfully

2024-01-14 16:29:18 - [MESSAGE][PASSED] - Scroll to object 'Object Repository/RAD_Pages/PaymentAmount_Page/input__paymentAmount' successfully

2024-01-14 16:29:18 - [TEST_STEP][PASSED] - setText(findTestObject(orPath_AddressContact + "/input_eMailAddress"), "imtiazster@gmail.com"): Text 'imtiazster@gmail.com' is set on object 'Object Repository/RAD_Pages/AddressAndContactInfo_Page/input_eMailAddress'

2024-01-14 16:29:19 - [MESSAGE][PASSED] - Text 'imtiazster@gmail.com' is set on object 'Object Repository/RAD_Pages/AddressAndContactInfo_Page/input_eMailAddress'

2024-01-14 16:29:19 - [TEST_STEP][PASSED] - setText(findTestObject(orPath_AddressContact + "/input_reEnterEMailAddress"), "iahmed@govolution.com"): Text 'iahmed@govolution.com' is set on object 'Object Repository/RAD_Pages/AddressAndContactInfo_Page/input_reEnterEMailAddress'

2024-01-14 16:29:20 - [MESSAGE][PASSED] - Text 'iahmed@govolution.com' is set on object 'Object Repository/RAD_Pages/AddressAndContactInfo_Page/input_reEnterEMailAddress'

2024-01-14 16:29:20 - [TEST_STEP][PASSED] - delay(2): Delayed 2 second(s)

2024-01-14 16:29:22 - [MESSAGE][PASSED] - Delayed 2 second(s)

2024-01-14 16:29:22 - [TEST_STEP][PASSED] - if (verifyTextPresent("The Email and Re-enter email do not match", true)): null

2024-01-14 16:29:22 - [MESSAGE][PASSED] - Text 'The Email and Re-enter email do not match' is present on page  using regular expression

2024-01-14 16:29:22 - [TEST_STEP][PASSED] - println("Emails Dont match text is present"): null

2024-01-14 16:29:22 - [TEST_STEP][PASSED] - out.println("Pass Record Number: " + row): null

2024-01-14 16:29:22 - [TEST_STEP][PASSED] - resText = "Pass": null

2024-01-14 16:29:22 - [TEST_STEP][PASSED] - pages.WriteExcel.demoKey(resText, datText, resColumn, datCloumn, fileLoc, nameSheet, row): pages.WriteExcel.demoKey is PASSED

2024-01-14 16:29:22 - [MESSAGE][PASSED] - pages.WriteExcel.demoKey is PASSED

2024-01-14 16:29:22 - [TEST_STEP][PASSED] - ExecuteTC = findTestData(dataFile).getValue("Execute", row): null

2024-01-14 16:29:22 - [TEST_STEP][PASSED] - Taxtype = findTestData(dataFile).getValue("TaxType", row): null

2024-01-14 16:29:22 - [TEST_STEP][PASSED] - Paymenttype = findTestData(dataFile).getValue("PaymentType", row): null

2024-01-14 16:29:22 - [TEST_STEP][PASSED] - out.println("Value of Execute is : " + ExecuteTC): null

2024-01-14 16:29:22 - [TEST_STEP][PASSED] - if (ExecuteTC.equalsIgnoreCase("Y")): null

2024-01-14 16:29:22 - [TEST_STEP][PASSED] - out.println("Begin Record Number: " + row): null

2024-01-14 16:29:22 - [TEST_STEP][PASSED] - today = new java.util.Date(): null

2024-01-14 16:29:22 - [TEST_STEP][PASSED] - println(today): null

2024-01-14 16:29:22 - [TEST_STEP][PASSED] - datText = today: null

2024-01-14 16:29:22 - [TEST_STEP][PASSED] - Taxtype = findTestData(dataFile).getValue("TaxType", row): null

2024-01-14 16:29:22 - [TEST_STEP][PASSED] - out.println("Taxtype value is : " + Taxtype): null

2024-01-14 16:29:22 - [TEST_STEP][PASSED] - openBrowser(""): Browser is opened with url: ''

2024-01-14 16:29:22 - [MESSAGE][WARNING] - A browser is already opened. Closing browser and opening a new one

2024-01-14 16:29:23 - [MESSAGE][INFO] - Starting 'Chrome' driver

2024-01-14 16:29:23 - [MESSAGE][INFO] - User set preference: ['acceptInsecureCerts', 'true']

2024-01-14 16:29:23 - [MESSAGE][INFO] - Action delay is set to 0 milliseconds

2024-01-14 16:29:25 - [MESSAGE][PASSED] - Browser is opened with url: ''

2024-01-14 16:29:25 - [TEST_STEP][PASSED] - maximizeWindow(): Current window maximized

2024-01-14 16:29:25 - [MESSAGE][PASSED] - Current window maximized

2024-01-14 16:29:25 - [TEST_STEP][PASSED] - navigateToUrl(RADurl): Navigate to 'https://qa2.velocitypayment.com/client/rad/index.html' successfully

2024-01-14 16:29:25 - [MESSAGE][PASSED] - Navigate to 'https://qa2.velocitypayment.com/client/rad/index.html' successfully

2024-01-14 16:29:25 - [TEST_STEP][PASSED] - orPath_Landing = "Object Repository/RAD_Pages/Landing_Page": null

2024-01-14 16:29:25 - [TEST_STEP][PASSED] - orPath_TaxTypeFilingYear = "Object Repository/RAD_Pages/TaxTypeFilingYear_Page": null

2024-01-14 16:29:25 - [TEST_STEP][PASSED] - orPath_TaxPayer = "Object Repository/RAD_Pages/Taxpayer_Page": null

2024-01-14 16:29:25 - [TEST_STEP][PASSED] - orPath_AddressContact = "Object Repository/RAD_Pages/AddressAndContactInfo_Page": null

2024-01-14 16:29:25 - [TEST_STEP][PASSED] - orPath_FilingStatus = "Object Repository/RAD_Pages/FilingStatus_Page": null

2024-01-14 16:29:25 - [TEST_STEP][PASSED] - orPath_Amount = "Object Repository/RAD_Pages/PaymentAmount_Page": null

2024-01-14 16:29:25 - [TEST_STEP][PASSED] - selectOptionByLabel(findTestObject(orPath_Landing + "/dd_TaxType"), Paymenttype, false): All options with label 'Existing Liability w/Notice Number' are selected in object 'Object Repository/RAD_Pages/Landing_Page/dd_TaxType' 

2024-01-14 16:29:27 - [MESSAGE][PASSED] - All options with label 'Existing Liability w/Notice Number' are selected in object 'Object Repository/RAD_Pages/Landing_Page/dd_TaxType' 

2024-01-14 16:29:27 - [TEST_STEP][PASSED] - delay(1): Delayed 1 second(s)

2024-01-14 16:29:28 - [MESSAGE][PASSED] - Delayed 1 second(s)

2024-01-14 16:29:28 - [TEST_STEP][PASSED] - switch (Paymenttype): null

2024-01-14 16:29:28 - [TEST_STEP][PASSED] - case "Existing Liability w/Notice Number":: null

2024-01-14 16:29:28 - [TEST_STEP][PASSED] - selectOptionByLabel(findTestObject(orPath_TaxTypeFilingYear + "/select_TaxType_ExistingLiability"), Taxtype, false): All options with label 'Tobacco Tax' are selected in object 'Object Repository/RAD_Pages/TaxTypeFilingYear_Page/select_TaxType_ExistingLiability' 

2024-01-14 16:29:29 - [MESSAGE][PASSED] - All options with label 'Tobacco Tax' are selected in object 'Object Repository/RAD_Pages/TaxTypeFilingYear_Page/select_TaxType_ExistingLiability' 

2024-01-14 16:29:29 - [TEST_STEP][PASSED] - break: null

2024-01-14 16:29:29 - [TEST_STEP][PASSED] - delay(1): Delayed 1 second(s)

2024-01-14 16:29:30 - [MESSAGE][PASSED] - Delayed 1 second(s)

2024-01-14 16:29:30 - [TEST_STEP][PASSED] - scrollToElement(findTestObject(orPath_Amount + "/input__paymentAmount"), 3): Scroll to object 'Object Repository/RAD_Pages/PaymentAmount_Page/input__paymentAmount' successfully

2024-01-14 16:29:30 - [MESSAGE][PASSED] - Scroll to object 'Object Repository/RAD_Pages/PaymentAmount_Page/input__paymentAmount' successfully

2024-01-14 16:29:30 - [TEST_STEP][PASSED] - setText(findTestObject(orPath_AddressContact + "/input_eMailAddress"), "imtiazster@gmail.com"): Text 'imtiazster@gmail.com' is set on object 'Object Repository/RAD_Pages/AddressAndContactInfo_Page/input_eMailAddress'

2024-01-14 16:29:31 - [MESSAGE][PASSED] - Text 'imtiazster@gmail.com' is set on object 'Object Repository/RAD_Pages/AddressAndContactInfo_Page/input_eMailAddress'

2024-01-14 16:29:31 - [TEST_STEP][PASSED] - setText(findTestObject(orPath_AddressContact + "/input_reEnterEMailAddress"), "iahmed@govolution.com"): Text 'iahmed@govolution.com' is set on object 'Object Repository/RAD_Pages/AddressAndContactInfo_Page/input_reEnterEMailAddress'

2024-01-14 16:29:32 - [MESSAGE][PASSED] - Text 'iahmed@govolution.com' is set on object 'Object Repository/RAD_Pages/AddressAndContactInfo_Page/input_reEnterEMailAddress'

2024-01-14 16:29:32 - [TEST_STEP][PASSED] - delay(2): Delayed 2 second(s)

2024-01-14 16:29:34 - [MESSAGE][PASSED] - Delayed 2 second(s)

2024-01-14 16:29:34 - [TEST_STEP][PASSED] - if (verifyTextPresent("The Email and Re-enter email do not match", true)): null

2024-01-14 16:29:34 - [MESSAGE][PASSED] - Text 'The Email and Re-enter email do not match' is present on page  using regular expression

2024-01-14 16:29:34 - [TEST_STEP][PASSED] - println("Emails Dont match text is present"): null

2024-01-14 16:29:34 - [TEST_STEP][PASSED] - out.println("Pass Record Number: " + row): null

2024-01-14 16:29:34 - [TEST_STEP][PASSED] - resText = "Pass": null

2024-01-14 16:29:34 - [TEST_STEP][PASSED] - pages.WriteExcel.demoKey(resText, datText, resColumn, datCloumn, fileLoc, nameSheet, row): pages.WriteExcel.demoKey is PASSED

2024-01-14 16:29:34 - [MESSAGE][PASSED] - pages.WriteExcel.demoKey is PASSED

2024-01-14 16:29:34 - [TEST_STEP][PASSED] - ExecuteTC = findTestData(dataFile).getValue("Execute", row): null

2024-01-14 16:29:34 - [TEST_STEP][PASSED] - Taxtype = findTestData(dataFile).getValue("TaxType", row): null

2024-01-14 16:29:34 - [TEST_STEP][PASSED] - Paymenttype = findTestData(dataFile).getValue("PaymentType", row): null

2024-01-14 16:29:34 - [TEST_STEP][PASSED] - out.println("Value of Execute is : " + ExecuteTC): null

2024-01-14 16:29:34 - [TEST_STEP][PASSED] - if (ExecuteTC.equalsIgnoreCase("Y")): null

2024-01-14 16:29:34 - [TEST_STEP][PASSED] - out.println("Begin Record Number: " + row): null

2024-01-14 16:29:34 - [TEST_STEP][PASSED] - today = new java.util.Date(): null

2024-01-14 16:29:34 - [TEST_STEP][PASSED] - println(today): null

2024-01-14 16:29:34 - [TEST_STEP][PASSED] - datText = today: null

2024-01-14 16:29:34 - [TEST_STEP][PASSED] - Taxtype = findTestData(dataFile).getValue("TaxType", row): null

2024-01-14 16:29:34 - [TEST_STEP][PASSED] - out.println("Taxtype value is : " + Taxtype): null

2024-01-14 16:29:34 - [TEST_STEP][PASSED] - openBrowser(""): Browser is opened with url: ''

2024-01-14 16:29:34 - [MESSAGE][WARNING] - A browser is already opened. Closing browser and opening a new one

2024-01-14 16:29:35 - [MESSAGE][INFO] - Starting 'Chrome' driver

2024-01-14 16:29:35 - [MESSAGE][INFO] - User set preference: ['acceptInsecureCerts', 'true']

2024-01-14 16:29:35 - [MESSAGE][INFO] - Action delay is set to 0 milliseconds

2024-01-14 16:29:37 - [MESSAGE][PASSED] - Browser is opened with url: ''

2024-01-14 16:29:37 - [TEST_STEP][PASSED] - maximizeWindow(): Current window maximized

2024-01-14 16:29:37 - [MESSAGE][PASSED] - Current window maximized

2024-01-14 16:29:37 - [TEST_STEP][PASSED] - navigateToUrl(RADurl): Navigate to 'https://qa2.velocitypayment.com/client/rad/index.html' successfully

2024-01-14 16:29:38 - [MESSAGE][PASSED] - Navigate to 'https://qa2.velocitypayment.com/client/rad/index.html' successfully

2024-01-14 16:29:38 - [TEST_STEP][PASSED] - orPath_Landing = "Object Repository/RAD_Pages/Landing_Page": null

2024-01-14 16:29:38 - [TEST_STEP][PASSED] - orPath_TaxTypeFilingYear = "Object Repository/RAD_Pages/TaxTypeFilingYear_Page": null

2024-01-14 16:29:38 - [TEST_STEP][PASSED] - orPath_TaxPayer = "Object Repository/RAD_Pages/Taxpayer_Page": null

2024-01-14 16:29:38 - [TEST_STEP][PASSED] - orPath_AddressContact = "Object Repository/RAD_Pages/AddressAndContactInfo_Page": null

2024-01-14 16:29:38 - [TEST_STEP][PASSED] - orPath_FilingStatus = "Object Repository/RAD_Pages/FilingStatus_Page": null

2024-01-14 16:29:38 - [TEST_STEP][PASSED] - orPath_Amount = "Object Repository/RAD_Pages/PaymentAmount_Page": null

2024-01-14 16:29:38 - [TEST_STEP][PASSED] - selectOptionByLabel(findTestObject(orPath_Landing + "/dd_TaxType"), Paymenttype, false): All options with label 'Existing Liability w/Notice Number' are selected in object 'Object Repository/RAD_Pages/Landing_Page/dd_TaxType' 

2024-01-14 16:29:39 - [MESSAGE][PASSED] - All options with label 'Existing Liability w/Notice Number' are selected in object 'Object Repository/RAD_Pages/Landing_Page/dd_TaxType' 

2024-01-14 16:29:39 - [TEST_STEP][PASSED] - delay(1): Delayed 1 second(s)

2024-01-14 16:29:40 - [MESSAGE][PASSED] - Delayed 1 second(s)

2024-01-14 16:29:40 - [TEST_STEP][PASSED] - switch (Paymenttype): null

2024-01-14 16:29:40 - [TEST_STEP][PASSED] - case "Existing Liability w/Notice Number":: null

2024-01-14 16:29:40 - [TEST_STEP][PASSED] - selectOptionByLabel(findTestObject(orPath_TaxTypeFilingYear + "/select_TaxType_ExistingLiability"), Taxtype, false): All options with label 'Transportation Network Services' are selected in object 'Object Repository/RAD_Pages/TaxTypeFilingYear_Page/select_TaxType_ExistingLiability' 

2024-01-14 16:29:40 - [MESSAGE][PASSED] - All options with label 'Transportation Network Services' are selected in object 'Object Repository/RAD_Pages/TaxTypeFilingYear_Page/select_TaxType_ExistingLiability' 

2024-01-14 16:29:40 - [TEST_STEP][PASSED] - break: null

2024-01-14 16:29:40 - [TEST_STEP][PASSED] - delay(1): Delayed 1 second(s)

2024-01-14 16:29:41 - [MESSAGE][PASSED] - Delayed 1 second(s)

2024-01-14 16:29:41 - [TEST_STEP][PASSED] - scrollToElement(findTestObject(orPath_Amount + "/input__paymentAmount"), 3): Scroll to object 'Object Repository/RAD_Pages/PaymentAmount_Page/input__paymentAmount' successfully

2024-01-14 16:29:42 - [MESSAGE][PASSED] - Scroll to object 'Object Repository/RAD_Pages/PaymentAmount_Page/input__paymentAmount' successfully

2024-01-14 16:29:42 - [TEST_STEP][PASSED] - setText(findTestObject(orPath_AddressContact + "/input_eMailAddress"), "imtiazster@gmail.com"): Text 'imtiazster@gmail.com' is set on object 'Object Repository/RAD_Pages/AddressAndContactInfo_Page/input_eMailAddress'

2024-01-14 16:29:43 - [MESSAGE][PASSED] - Text 'imtiazster@gmail.com' is set on object 'Object Repository/RAD_Pages/AddressAndContactInfo_Page/input_eMailAddress'

2024-01-14 16:29:43 - [TEST_STEP][PASSED] - setText(findTestObject(orPath_AddressContact + "/input_reEnterEMailAddress"), "iahmed@govolution.com"): Text 'iahmed@govolution.com' is set on object 'Object Repository/RAD_Pages/AddressAndContactInfo_Page/input_reEnterEMailAddress'

2024-01-14 16:29:43 - [MESSAGE][PASSED] - Text 'iahmed@govolution.com' is set on object 'Object Repository/RAD_Pages/AddressAndContactInfo_Page/input_reEnterEMailAddress'

2024-01-14 16:29:43 - [TEST_STEP][PASSED] - delay(2): Delayed 2 second(s)

2024-01-14 16:29:45 - [MESSAGE][PASSED] - Delayed 2 second(s)

2024-01-14 16:29:45 - [TEST_STEP][PASSED] - if (verifyTextPresent("The Email and Re-enter email do not match", true)): null

2024-01-14 16:29:46 - [MESSAGE][PASSED] - Text 'The Email and Re-enter email do not match' is present on page  using regular expression

2024-01-14 16:29:46 - [TEST_STEP][PASSED] - println("Emails Dont match text is present"): null

2024-01-14 16:29:46 - [TEST_STEP][PASSED] - out.println("Pass Record Number: " + row): null

2024-01-14 16:29:46 - [TEST_STEP][PASSED] - resText = "Pass": null

2024-01-14 16:29:46 - [TEST_STEP][PASSED] - pages.WriteExcel.demoKey(resText, datText, resColumn, datCloumn, fileLoc, nameSheet, row): pages.WriteExcel.demoKey is PASSED

2024-01-14 16:29:46 - [MESSAGE][PASSED] - pages.WriteExcel.demoKey is PASSED

2024-01-14 16:29:46 - [TEST_STEP][PASSED] - ExecuteTC = findTestData(dataFile).getValue("Execute", row): null

2024-01-14 16:29:46 - [TEST_STEP][PASSED] - Taxtype = findTestData(dataFile).getValue("TaxType", row): null

2024-01-14 16:29:46 - [TEST_STEP][PASSED] - Paymenttype = findTestData(dataFile).getValue("PaymentType", row): null

2024-01-14 16:29:46 - [TEST_STEP][PASSED] - out.println("Value of Execute is : " + ExecuteTC): null

2024-01-14 16:29:46 - [TEST_STEP][PASSED] - if (ExecuteTC.equalsIgnoreCase("Y")): null

2024-01-14 16:29:46 - [TEST_STEP][PASSED] - out.println("Begin Record Number: " + row): null

2024-01-14 16:29:46 - [TEST_STEP][PASSED] - today = new java.util.Date(): null

2024-01-14 16:29:46 - [TEST_STEP][PASSED] - println(today): null

2024-01-14 16:29:46 - [TEST_STEP][PASSED] - datText = today: null

2024-01-14 16:29:46 - [TEST_STEP][PASSED] - Taxtype = findTestData(dataFile).getValue("TaxType", row): null

2024-01-14 16:29:46 - [TEST_STEP][PASSED] - out.println("Taxtype value is : " + Taxtype): null

2024-01-14 16:29:46 - [TEST_STEP][PASSED] - openBrowser(""): Browser is opened with url: ''

2024-01-14 16:29:46 - [MESSAGE][WARNING] - A browser is already opened. Closing browser and opening a new one

2024-01-14 16:29:47 - [MESSAGE][INFO] - Starting 'Chrome' driver

2024-01-14 16:29:47 - [MESSAGE][INFO] - User set preference: ['acceptInsecureCerts', 'true']

2024-01-14 16:29:47 - [MESSAGE][INFO] - Action delay is set to 0 milliseconds

2024-01-14 16:29:49 - [MESSAGE][PASSED] - Browser is opened with url: ''

2024-01-14 16:29:49 - [TEST_STEP][PASSED] - maximizeWindow(): Current window maximized

2024-01-14 16:29:49 - [MESSAGE][PASSED] - Current window maximized

2024-01-14 16:29:49 - [TEST_STEP][PASSED] - navigateToUrl(RADurl): Navigate to 'https://qa2.velocitypayment.com/client/rad/index.html' successfully

2024-01-14 16:29:50 - [MESSAGE][PASSED] - Navigate to 'https://qa2.velocitypayment.com/client/rad/index.html' successfully

2024-01-14 16:29:50 - [TEST_STEP][PASSED] - orPath_Landing = "Object Repository/RAD_Pages/Landing_Page": null

2024-01-14 16:29:50 - [TEST_STEP][PASSED] - orPath_TaxTypeFilingYear = "Object Repository/RAD_Pages/TaxTypeFilingYear_Page": null

2024-01-14 16:29:50 - [TEST_STEP][PASSED] - orPath_TaxPayer = "Object Repository/RAD_Pages/Taxpayer_Page": null

2024-01-14 16:29:50 - [TEST_STEP][PASSED] - orPath_AddressContact = "Object Repository/RAD_Pages/AddressAndContactInfo_Page": null

2024-01-14 16:29:50 - [TEST_STEP][PASSED] - orPath_FilingStatus = "Object Repository/RAD_Pages/FilingStatus_Page": null

2024-01-14 16:29:50 - [TEST_STEP][PASSED] - orPath_Amount = "Object Repository/RAD_Pages/PaymentAmount_Page": null

2024-01-14 16:29:50 - [TEST_STEP][PASSED] - selectOptionByLabel(findTestObject(orPath_Landing + "/dd_TaxType"), Paymenttype, false): All options with label 'Existing Liability w/Notice Number' are selected in object 'Object Repository/RAD_Pages/Landing_Page/dd_TaxType' 

2024-01-14 16:29:51 - [MESSAGE][PASSED] - All options with label 'Existing Liability w/Notice Number' are selected in object 'Object Repository/RAD_Pages/Landing_Page/dd_TaxType' 

2024-01-14 16:29:51 - [TEST_STEP][PASSED] - delay(1): Delayed 1 second(s)

2024-01-14 16:29:52 - [MESSAGE][PASSED] - Delayed 1 second(s)

2024-01-14 16:29:52 - [TEST_STEP][PASSED] - switch (Paymenttype): null

2024-01-14 16:29:52 - [TEST_STEP][PASSED] - case "Existing Liability w/Notice Number":: null

2024-01-14 16:29:52 - [TEST_STEP][PASSED] - selectOptionByLabel(findTestObject(orPath_TaxTypeFilingYear + "/select_TaxType_ExistingLiability"), Taxtype, false): All options with label 'Unclaimed Property' are selected in object 'Object Repository/RAD_Pages/TaxTypeFilingYear_Page/select_TaxType_ExistingLiability' 

2024-01-14 16:29:52 - [MESSAGE][PASSED] - All options with label 'Unclaimed Property' are selected in object 'Object Repository/RAD_Pages/TaxTypeFilingYear_Page/select_TaxType_ExistingLiability' 

2024-01-14 16:29:52 - [TEST_STEP][PASSED] - break: null

2024-01-14 16:29:52 - [TEST_STEP][PASSED] - delay(1): Delayed 1 second(s)

2024-01-14 16:29:53 - [MESSAGE][PASSED] - Delayed 1 second(s)

2024-01-14 16:29:53 - [TEST_STEP][PASSED] - scrollToElement(findTestObject(orPath_Amount + "/input__paymentAmount"), 3): Scroll to object 'Object Repository/RAD_Pages/PaymentAmount_Page/input__paymentAmount' successfully

2024-01-14 16:29:54 - [MESSAGE][PASSED] - Scroll to object 'Object Repository/RAD_Pages/PaymentAmount_Page/input__paymentAmount' successfully

2024-01-14 16:29:54 - [TEST_STEP][PASSED] - setText(findTestObject(orPath_AddressContact + "/input_eMailAddress"), "imtiazster@gmail.com"): Text 'imtiazster@gmail.com' is set on object 'Object Repository/RAD_Pages/AddressAndContactInfo_Page/input_eMailAddress'

2024-01-14 16:29:55 - [MESSAGE][PASSED] - Text 'imtiazster@gmail.com' is set on object 'Object Repository/RAD_Pages/AddressAndContactInfo_Page/input_eMailAddress'

2024-01-14 16:29:55 - [TEST_STEP][PASSED] - setText(findTestObject(orPath_AddressContact + "/input_reEnterEMailAddress"), "iahmed@govolution.com"): Text 'iahmed@govolution.com' is set on object 'Object Repository/RAD_Pages/AddressAndContactInfo_Page/input_reEnterEMailAddress'

2024-01-14 16:29:55 - [MESSAGE][PASSED] - Text 'iahmed@govolution.com' is set on object 'Object Repository/RAD_Pages/AddressAndContactInfo_Page/input_reEnterEMailAddress'

2024-01-14 16:29:55 - [TEST_STEP][PASSED] - delay(2): Delayed 2 second(s)

2024-01-14 16:29:57 - [MESSAGE][PASSED] - Delayed 2 second(s)

2024-01-14 16:29:57 - [TEST_STEP][PASSED] - if (verifyTextPresent("The Email and Re-enter email do not match", true)): null

2024-01-14 16:29:58 - [MESSAGE][PASSED] - Text 'The Email and Re-enter email do not match' is present on page  using regular expression

2024-01-14 16:29:58 - [TEST_STEP][PASSED] - println("Emails Dont match text is present"): null

2024-01-14 16:29:58 - [TEST_STEP][PASSED] - out.println("Pass Record Number: " + row): null

2024-01-14 16:29:58 - [TEST_STEP][PASSED] - resText = "Pass": null

2024-01-14 16:29:58 - [TEST_STEP][PASSED] - pages.WriteExcel.demoKey(resText, datText, resColumn, datCloumn, fileLoc, nameSheet, row): pages.WriteExcel.demoKey is PASSED

2024-01-14 16:29:58 - [MESSAGE][PASSED] - pages.WriteExcel.demoKey is PASSED

2024-01-14 16:29:58 - [TEST_STEP][PASSED] - ExecuteTC = findTestData(dataFile).getValue("Execute", row): null

2024-01-14 16:29:58 - [TEST_STEP][PASSED] - Taxtype = findTestData(dataFile).getValue("TaxType", row): null

2024-01-14 16:29:58 - [TEST_STEP][PASSED] - Paymenttype = findTestData(dataFile).getValue("PaymentType", row): null

2024-01-14 16:29:58 - [TEST_STEP][PASSED] - out.println("Value of Execute is : " + ExecuteTC): null

2024-01-14 16:29:58 - [TEST_STEP][PASSED] - if (ExecuteTC.equalsIgnoreCase("Y")): null

2024-01-14 16:29:58 - [TEST_STEP][PASSED] - out.println("Begin Record Number: " + row): null

2024-01-14 16:29:58 - [TEST_STEP][PASSED] - today = new java.util.Date(): null

2024-01-14 16:29:58 - [TEST_STEP][PASSED] - println(today): null

2024-01-14 16:29:58 - [TEST_STEP][PASSED] - datText = today: null

2024-01-14 16:29:58 - [TEST_STEP][PASSED] - Taxtype = findTestData(dataFile).getValue("TaxType", row): null

2024-01-14 16:29:58 - [TEST_STEP][PASSED] - out.println("Taxtype value is : " + Taxtype): null

2024-01-14 16:29:58 - [TEST_STEP][PASSED] - openBrowser(""): Browser is opened with url: ''

2024-01-14 16:29:58 - [MESSAGE][WARNING] - A browser is already opened. Closing browser and opening a new one

2024-01-14 16:29:59 - [MESSAGE][INFO] - Starting 'Chrome' driver

2024-01-14 16:29:59 - [MESSAGE][INFO] - User set preference: ['acceptInsecureCerts', 'true']

2024-01-14 16:29:59 - [MESSAGE][INFO] - Action delay is set to 0 milliseconds

2024-01-14 16:30:01 - [MESSAGE][PASSED] - Browser is opened with url: ''

2024-01-14 16:30:01 - [TEST_STEP][PASSED] - maximizeWindow(): Current window maximized

2024-01-14 16:30:01 - [MESSAGE][PASSED] - Current window maximized

2024-01-14 16:30:01 - [TEST_STEP][PASSED] - navigateToUrl(RADurl): Navigate to 'https://qa2.velocitypayment.com/client/rad/index.html' successfully

2024-01-14 16:30:02 - [MESSAGE][PASSED] - Navigate to 'https://qa2.velocitypayment.com/client/rad/index.html' successfully

2024-01-14 16:30:02 - [TEST_STEP][PASSED] - orPath_Landing = "Object Repository/RAD_Pages/Landing_Page": null

2024-01-14 16:30:02 - [TEST_STEP][PASSED] - orPath_TaxTypeFilingYear = "Object Repository/RAD_Pages/TaxTypeFilingYear_Page": null

2024-01-14 16:30:02 - [TEST_STEP][PASSED] - orPath_TaxPayer = "Object Repository/RAD_Pages/Taxpayer_Page": null

2024-01-14 16:30:02 - [TEST_STEP][PASSED] - orPath_AddressContact = "Object Repository/RAD_Pages/AddressAndContactInfo_Page": null

2024-01-14 16:30:02 - [TEST_STEP][PASSED] - orPath_FilingStatus = "Object Repository/RAD_Pages/FilingStatus_Page": null

2024-01-14 16:30:02 - [TEST_STEP][PASSED] - orPath_Amount = "Object Repository/RAD_Pages/PaymentAmount_Page": null

2024-01-14 16:30:02 - [TEST_STEP][PASSED] - selectOptionByLabel(findTestObject(orPath_Landing + "/dd_TaxType"), Paymenttype, false): All options with label 'Existing Liability w/Notice Number' are selected in object 'Object Repository/RAD_Pages/Landing_Page/dd_TaxType' 

2024-01-14 16:30:03 - [MESSAGE][PASSED] - All options with label 'Existing Liability w/Notice Number' are selected in object 'Object Repository/RAD_Pages/Landing_Page/dd_TaxType' 

2024-01-14 16:30:03 - [TEST_STEP][PASSED] - delay(1): Delayed 1 second(s)

2024-01-14 16:30:04 - [MESSAGE][PASSED] - Delayed 1 second(s)

2024-01-14 16:30:04 - [TEST_STEP][PASSED] - switch (Paymenttype): null

2024-01-14 16:30:04 - [TEST_STEP][PASSED] - case "Existing Liability w/Notice Number":: null

2024-01-14 16:30:04 - [TEST_STEP][PASSED] - selectOptionByLabel(findTestObject(orPath_TaxTypeFilingYear + "/select_TaxType_ExistingLiability"), Taxtype, false): All options with label 'IFTA Tax' are selected in object 'Object Repository/RAD_Pages/TaxTypeFilingYear_Page/select_TaxType_ExistingLiability' 

2024-01-14 16:30:04 - [MESSAGE][PASSED] - All options with label 'IFTA Tax' are selected in object 'Object Repository/RAD_Pages/TaxTypeFilingYear_Page/select_TaxType_ExistingLiability' 

2024-01-14 16:30:04 - [TEST_STEP][PASSED] - break: null

2024-01-14 16:30:04 - [TEST_STEP][PASSED] - delay(1): Delayed 1 second(s)

2024-01-14 16:30:05 - [MESSAGE][PASSED] - Delayed 1 second(s)

2024-01-14 16:30:05 - [TEST_STEP][PASSED] - scrollToElement(findTestObject(orPath_Amount + "/input__paymentAmount"), 3): Scroll to object 'Object Repository/RAD_Pages/PaymentAmount_Page/input__paymentAmount' successfully

2024-01-14 16:30:06 - [MESSAGE][PASSED] - Scroll to object 'Object Repository/RAD_Pages/PaymentAmount_Page/input__paymentAmount' successfully

2024-01-14 16:30:06 - [TEST_STEP][PASSED] - setText(findTestObject(orPath_AddressContact + "/input_eMailAddress"), "imtiazster@gmail.com"): Text 'imtiazster@gmail.com' is set on object 'Object Repository/RAD_Pages/AddressAndContactInfo_Page/input_eMailAddress'

2024-01-14 16:30:07 - [MESSAGE][PASSED] - Text 'imtiazster@gmail.com' is set on object 'Object Repository/RAD_Pages/AddressAndContactInfo_Page/input_eMailAddress'

2024-01-14 16:30:07 - [TEST_STEP][PASSED] - setText(findTestObject(orPath_AddressContact + "/input_reEnterEMailAddress"), "iahmed@govolution.com"): Text 'iahmed@govolution.com' is set on object 'Object Repository/RAD_Pages/AddressAndContactInfo_Page/input_reEnterEMailAddress'

2024-01-14 16:30:07 - [MESSAGE][PASSED] - Text 'iahmed@govolution.com' is set on object 'Object Repository/RAD_Pages/AddressAndContactInfo_Page/input_reEnterEMailAddress'

2024-01-14 16:30:07 - [TEST_STEP][PASSED] - delay(2): Delayed 2 second(s)

2024-01-14 16:30:09 - [MESSAGE][PASSED] - Delayed 2 second(s)

2024-01-14 16:30:09 - [TEST_STEP][PASSED] - if (verifyTextPresent("The Email and Re-enter email do not match", true)): null

2024-01-14 16:30:10 - [MESSAGE][PASSED] - Text 'The Email and Re-enter email do not match' is present on page  using regular expression

2024-01-14 16:30:10 - [TEST_STEP][PASSED] - println("Emails Dont match text is present"): null

2024-01-14 16:30:10 - [TEST_STEP][PASSED] - out.println("Pass Record Number: " + row): null

2024-01-14 16:30:10 - [TEST_STEP][PASSED] - resText = "Pass": null

2024-01-14 16:30:10 - [TEST_STEP][PASSED] - pages.WriteExcel.demoKey(resText, datText, resColumn, datCloumn, fileLoc, nameSheet, row): pages.WriteExcel.demoKey is PASSED

2024-01-14 16:30:10 - [MESSAGE][PASSED] - pages.WriteExcel.demoKey is PASSED

2024-01-14 16:30:10 - [TEST_STEP][PASSED] - ExecuteTC = findTestData(dataFile).getValue("Execute", row): null

2024-01-14 16:30:10 - [TEST_STEP][PASSED] - Taxtype = findTestData(dataFile).getValue("TaxType", row): null

2024-01-14 16:30:10 - [TEST_STEP][PASSED] - Paymenttype = findTestData(dataFile).getValue("PaymentType", row): null

2024-01-14 16:30:10 - [TEST_STEP][PASSED] - out.println("Value of Execute is : " + ExecuteTC): null

2024-01-14 16:30:10 - [TEST_STEP][PASSED] - if (ExecuteTC.equalsIgnoreCase("Y")): null

2024-01-14 16:30:10 - [TEST_STEP][PASSED] - out.println("Begin Record Number: " + row): null

2024-01-14 16:30:10 - [TEST_STEP][PASSED] - today = new java.util.Date(): null

2024-01-14 16:30:10 - [TEST_STEP][PASSED] - println(today): null

2024-01-14 16:30:10 - [TEST_STEP][PASSED] - datText = today: null

2024-01-14 16:30:10 - [TEST_STEP][PASSED] - Taxtype = findTestData(dataFile).getValue("TaxType", row): null

2024-01-14 16:30:10 - [TEST_STEP][PASSED] - out.println("Taxtype value is : " + Taxtype): null

2024-01-14 16:30:10 - [TEST_STEP][PASSED] - openBrowser(""): Browser is opened with url: ''

2024-01-14 16:30:10 - [MESSAGE][WARNING] - A browser is already opened. Closing browser and opening a new one

2024-01-14 16:30:11 - [MESSAGE][INFO] - Starting 'Chrome' driver

2024-01-14 16:30:11 - [MESSAGE][INFO] - User set preference: ['acceptInsecureCerts', 'true']

2024-01-14 16:30:11 - [MESSAGE][INFO] - Action delay is set to 0 milliseconds

2024-01-14 16:30:13 - [MESSAGE][PASSED] - Browser is opened with url: ''

2024-01-14 16:30:13 - [TEST_STEP][PASSED] - maximizeWindow(): Current window maximized

2024-01-14 16:30:13 - [MESSAGE][PASSED] - Current window maximized

2024-01-14 16:30:13 - [TEST_STEP][PASSED] - navigateToUrl(RADurl): Navigate to 'https://qa2.velocitypayment.com/client/rad/index.html' successfully

2024-01-14 16:30:13 - [MESSAGE][PASSED] - Navigate to 'https://qa2.velocitypayment.com/client/rad/index.html' successfully

2024-01-14 16:30:13 - [TEST_STEP][PASSED] - orPath_Landing = "Object Repository/RAD_Pages/Landing_Page": null

2024-01-14 16:30:13 - [TEST_STEP][PASSED] - orPath_TaxTypeFilingYear = "Object Repository/RAD_Pages/TaxTypeFilingYear_Page": null

2024-01-14 16:30:13 - [TEST_STEP][PASSED] - orPath_TaxPayer = "Object Repository/RAD_Pages/Taxpayer_Page": null

2024-01-14 16:30:13 - [TEST_STEP][PASSED] - orPath_AddressContact = "Object Repository/RAD_Pages/AddressAndContactInfo_Page": null

2024-01-14 16:30:13 - [TEST_STEP][PASSED] - orPath_FilingStatus = "Object Repository/RAD_Pages/FilingStatus_Page": null

2024-01-14 16:30:13 - [TEST_STEP][PASSED] - orPath_Amount = "Object Repository/RAD_Pages/PaymentAmount_Page": null

2024-01-14 16:30:13 - [TEST_STEP][PASSED] - selectOptionByLabel(findTestObject(orPath_Landing + "/dd_TaxType"), Paymenttype, false): All options with label 'New Tax Return Amount Due' are selected in object 'Object Repository/RAD_Pages/Landing_Page/dd_TaxType' 

2024-01-14 16:30:15 - [MESSAGE][PASSED] - All options with label 'New Tax Return Amount Due' are selected in object 'Object Repository/RAD_Pages/Landing_Page/dd_TaxType' 

2024-01-14 16:30:15 - [TEST_STEP][PASSED] - delay(1): Delayed 1 second(s)

2024-01-14 16:30:16 - [MESSAGE][PASSED] - Delayed 1 second(s)

2024-01-14 16:30:16 - [TEST_STEP][PASSED] - switch (Paymenttype): null

2024-01-14 16:30:16 - [TEST_STEP][PASSED] - case "New Tax Return Amount Due":: null

2024-01-14 16:30:16 - [TEST_STEP][PASSED] - selectOptionByLabel(findTestObject("Object Repository/RAD_Pages/Landing_Page/select_NewTaxReturnAmountDue_TaxType"), Taxtype, false): All options with label 'Admissions and Amusement Tax' are selected in object 'Object Repository/RAD_Pages/Landing_Page/select_NewTaxReturnAmountDue_TaxType' 

2024-01-14 16:30:17 - [MESSAGE][PASSED] - All options with label 'Admissions and Amusement Tax' are selected in object 'Object Repository/RAD_Pages/Landing_Page/select_NewTaxReturnAmountDue_TaxType' 

2024-01-14 16:30:17 - [TEST_STEP][PASSED] - break: null

2024-01-14 16:30:17 - [TEST_STEP][PASSED] - delay(1): Delayed 1 second(s)

2024-01-14 16:30:18 - [MESSAGE][PASSED] - Delayed 1 second(s)

2024-01-14 16:30:18 - [TEST_STEP][PASSED] - scrollToElement(findTestObject(orPath_Amount + "/input__paymentAmount"), 3): Scroll to object 'Object Repository/RAD_Pages/PaymentAmount_Page/input__paymentAmount' successfully

2024-01-14 16:30:18 - [MESSAGE][PASSED] - Scroll to object 'Object Repository/RAD_Pages/PaymentAmount_Page/input__paymentAmount' successfully

2024-01-14 16:30:18 - [TEST_STEP][PASSED] - setText(findTestObject(orPath_AddressContact + "/input_eMailAddress"), "imtiazster@gmail.com"): Text 'imtiazster@gmail.com' is set on object 'Object Repository/RAD_Pages/AddressAndContactInfo_Page/input_eMailAddress'

2024-01-14 16:30:19 - [MESSAGE][PASSED] - Text 'imtiazster@gmail.com' is set on object 'Object Repository/RAD_Pages/AddressAndContactInfo_Page/input_eMailAddress'

2024-01-14 16:30:19 - [TEST_STEP][PASSED] - setText(findTestObject(orPath_AddressContact + "/input_reEnterEMailAddress"), "iahmed@govolution.com"): Text 'iahmed@govolution.com' is set on object 'Object Repository/RAD_Pages/AddressAndContactInfo_Page/input_reEnterEMailAddress'

2024-01-14 16:30:20 - [MESSAGE][PASSED] - Text 'iahmed@govolution.com' is set on object 'Object Repository/RAD_Pages/AddressAndContactInfo_Page/input_reEnterEMailAddress'

2024-01-14 16:30:20 - [TEST_STEP][PASSED] - delay(2): Delayed 2 second(s)

2024-01-14 16:30:22 - [MESSAGE][PASSED] - Delayed 2 second(s)

2024-01-14 16:30:22 - [TEST_STEP][PASSED] - if (verifyTextPresent("The Email and Re-enter email do not match", true)): null

2024-01-14 16:30:22 - [MESSAGE][PASSED] - Text 'The Email and Re-enter email do not match' is present on page  using regular expression

2024-01-14 16:30:22 - [TEST_STEP][PASSED] - println("Emails Dont match text is present"): null

2024-01-14 16:30:22 - [TEST_STEP][PASSED] - out.println("Pass Record Number: " + row): null

2024-01-14 16:30:22 - [TEST_STEP][PASSED] - resText = "Pass": null

2024-01-14 16:30:22 - [TEST_STEP][PASSED] - pages.WriteExcel.demoKey(resText, datText, resColumn, datCloumn, fileLoc, nameSheet, row): pages.WriteExcel.demoKey is PASSED

2024-01-14 16:30:22 - [MESSAGE][PASSED] - pages.WriteExcel.demoKey is PASSED

2024-01-14 16:30:22 - [TEST_STEP][PASSED] - ExecuteTC = findTestData(dataFile).getValue("Execute", row): null

2024-01-14 16:30:22 - [TEST_STEP][PASSED] - Taxtype = findTestData(dataFile).getValue("TaxType", row): null

2024-01-14 16:30:22 - [TEST_STEP][PASSED] - Paymenttype = findTestData(dataFile).getValue("PaymentType", row): null

2024-01-14 16:30:22 - [TEST_STEP][PASSED] - out.println("Value of Execute is : " + ExecuteTC): null

2024-01-14 16:30:22 - [TEST_STEP][PASSED] - if (ExecuteTC.equalsIgnoreCase("Y")): null

2024-01-14 16:30:22 - [TEST_STEP][PASSED] - out.println("Begin Record Number: " + row): null

2024-01-14 16:30:22 - [TEST_STEP][PASSED] - today = new java.util.Date(): null

2024-01-14 16:30:22 - [TEST_STEP][PASSED] - println(today): null

2024-01-14 16:30:22 - [TEST_STEP][PASSED] - datText = today: null

2024-01-14 16:30:22 - [TEST_STEP][PASSED] - Taxtype = findTestData(dataFile).getValue("TaxType", row): null

2024-01-14 16:30:22 - [TEST_STEP][PASSED] - out.println("Taxtype value is : " + Taxtype): null

2024-01-14 16:30:22 - [TEST_STEP][PASSED] - openBrowser(""): Browser is opened with url: ''

2024-01-14 16:30:22 - [MESSAGE][WARNING] - A browser is already opened. Closing browser and opening a new one

2024-01-14 16:30:23 - [MESSAGE][INFO] - Starting 'Chrome' driver

2024-01-14 16:30:23 - [MESSAGE][INFO] - User set preference: ['acceptInsecureCerts', 'true']

2024-01-14 16:30:23 - [MESSAGE][INFO] - Action delay is set to 0 milliseconds

2024-01-14 16:30:25 - [MESSAGE][PASSED] - Browser is opened with url: ''

2024-01-14 16:30:25 - [TEST_STEP][PASSED] - maximizeWindow(): Current window maximized

2024-01-14 16:30:25 - [MESSAGE][PASSED] - Current window maximized

2024-01-14 16:30:25 - [TEST_STEP][PASSED] - navigateToUrl(RADurl): Navigate to 'https://qa2.velocitypayment.com/client/rad/index.html' successfully

2024-01-14 16:30:26 - [MESSAGE][PASSED] - Navigate to 'https://qa2.velocitypayment.com/client/rad/index.html' successfully

2024-01-14 16:30:26 - [TEST_STEP][PASSED] - orPath_Landing = "Object Repository/RAD_Pages/Landing_Page": null

2024-01-14 16:30:26 - [TEST_STEP][PASSED] - orPath_TaxTypeFilingYear = "Object Repository/RAD_Pages/TaxTypeFilingYear_Page": null

2024-01-14 16:30:26 - [TEST_STEP][PASSED] - orPath_TaxPayer = "Object Repository/RAD_Pages/Taxpayer_Page": null

2024-01-14 16:30:26 - [TEST_STEP][PASSED] - orPath_AddressContact = "Object Repository/RAD_Pages/AddressAndContactInfo_Page": null

2024-01-14 16:30:26 - [TEST_STEP][PASSED] - orPath_FilingStatus = "Object Repository/RAD_Pages/FilingStatus_Page": null

2024-01-14 16:30:26 - [TEST_STEP][PASSED] - orPath_Amount = "Object Repository/RAD_Pages/PaymentAmount_Page": null

2024-01-14 16:30:26 - [TEST_STEP][PASSED] - selectOptionByLabel(findTestObject(orPath_Landing + "/dd_TaxType"), Paymenttype, false): All options with label 'New Tax Return Amount Due' are selected in object 'Object Repository/RAD_Pages/Landing_Page/dd_TaxType' 

2024-01-14 16:30:27 - [MESSAGE][PASSED] - All options with label 'New Tax Return Amount Due' are selected in object 'Object Repository/RAD_Pages/Landing_Page/dd_TaxType' 

2024-01-14 16:30:27 - [TEST_STEP][PASSED] - delay(1): Delayed 1 second(s)

2024-01-14 16:30:28 - [MESSAGE][PASSED] - Delayed 1 second(s)

2024-01-14 16:30:28 - [TEST_STEP][PASSED] - switch (Paymenttype): null

2024-01-14 16:30:28 - [TEST_STEP][PASSED] - case "New Tax Return Amount Due":: null

2024-01-14 16:30:28 - [TEST_STEP][PASSED] - selectOptionByLabel(findTestObject("Object Repository/RAD_Pages/Landing_Page/select_NewTaxReturnAmountDue_TaxType"), Taxtype, false): All options with label 'Alcohol Tax' are selected in object 'Object Repository/RAD_Pages/Landing_Page/select_NewTaxReturnAmountDue_TaxType' 

2024-01-14 16:30:29 - [MESSAGE][PASSED] - All options with label 'Alcohol Tax' are selected in object 'Object Repository/RAD_Pages/Landing_Page/select_NewTaxReturnAmountDue_TaxType' 

2024-01-14 16:30:29 - [TEST_STEP][PASSED] - break: null

2024-01-14 16:30:29 - [TEST_STEP][PASSED] - delay(1): Delayed 1 second(s)

2024-01-14 16:30:30 - [MESSAGE][PASSED] - Delayed 1 second(s)

2024-01-14 16:30:30 - [TEST_STEP][PASSED] - scrollToElement(findTestObject(orPath_Amount + "/input__paymentAmount"), 3): Scroll to object 'Object Repository/RAD_Pages/PaymentAmount_Page/input__paymentAmount' successfully

2024-01-14 16:30:30 - [MESSAGE][PASSED] - Scroll to object 'Object Repository/RAD_Pages/PaymentAmount_Page/input__paymentAmount' successfully

2024-01-14 16:30:30 - [TEST_STEP][PASSED] - setText(findTestObject(orPath_AddressContact + "/input_eMailAddress"), "imtiazster@gmail.com"): Text 'imtiazster@gmail.com' is set on object 'Object Repository/RAD_Pages/AddressAndContactInfo_Page/input_eMailAddress'

2024-01-14 16:30:31 - [MESSAGE][PASSED] - Text 'imtiazster@gmail.com' is set on object 'Object Repository/RAD_Pages/AddressAndContactInfo_Page/input_eMailAddress'

2024-01-14 16:30:31 - [TEST_STEP][PASSED] - setText(findTestObject(orPath_AddressContact + "/input_reEnterEMailAddress"), "iahmed@govolution.com"): Text 'iahmed@govolution.com' is set on object 'Object Repository/RAD_Pages/AddressAndContactInfo_Page/input_reEnterEMailAddress'

2024-01-14 16:30:32 - [MESSAGE][PASSED] - Text 'iahmed@govolution.com' is set on object 'Object Repository/RAD_Pages/AddressAndContactInfo_Page/input_reEnterEMailAddress'

2024-01-14 16:30:32 - [TEST_STEP][PASSED] - delay(2): Delayed 2 second(s)

2024-01-14 16:30:34 - [MESSAGE][PASSED] - Delayed 2 second(s)

2024-01-14 16:30:34 - [TEST_STEP][PASSED] - if (verifyTextPresent("The Email and Re-enter email do not match", true)): null

2024-01-14 16:30:34 - [MESSAGE][PASSED] - Text 'The Email and Re-enter email do not match' is present on page  using regular expression

2024-01-14 16:30:34 - [TEST_STEP][PASSED] - println("Emails Dont match text is present"): null

2024-01-14 16:30:34 - [TEST_STEP][PASSED] - out.println("Pass Record Number: " + row): null

2024-01-14 16:30:34 - [TEST_STEP][PASSED] - resText = "Pass": null

2024-01-14 16:30:34 - [TEST_STEP][PASSED] - pages.WriteExcel.demoKey(resText, datText, resColumn, datCloumn, fileLoc, nameSheet, row): pages.WriteExcel.demoKey is PASSED

2024-01-14 16:30:34 - [MESSAGE][PASSED] - pages.WriteExcel.demoKey is PASSED

2024-01-14 16:30:34 - [TEST_STEP][PASSED] - ExecuteTC = findTestData(dataFile).getValue("Execute", row): null

2024-01-14 16:30:34 - [TEST_STEP][PASSED] - Taxtype = findTestData(dataFile).getValue("TaxType", row): null

2024-01-14 16:30:34 - [TEST_STEP][PASSED] - Paymenttype = findTestData(dataFile).getValue("PaymentType", row): null

2024-01-14 16:30:34 - [TEST_STEP][PASSED] - out.println("Value of Execute is : " + ExecuteTC): null

2024-01-14 16:30:34 - [TEST_STEP][PASSED] - if (ExecuteTC.equalsIgnoreCase("Y")): null

2024-01-14 16:30:34 - [TEST_STEP][PASSED] - out.println("Begin Record Number: " + row): null

2024-01-14 16:30:34 - [TEST_STEP][PASSED] - today = new java.util.Date(): null

2024-01-14 16:30:34 - [TEST_STEP][PASSED] - println(today): null

2024-01-14 16:30:34 - [TEST_STEP][PASSED] - datText = today: null

2024-01-14 16:30:34 - [TEST_STEP][PASSED] - Taxtype = findTestData(dataFile).getValue("TaxType", row): null

2024-01-14 16:30:34 - [TEST_STEP][PASSED] - out.println("Taxtype value is : " + Taxtype): null

2024-01-14 16:30:34 - [TEST_STEP][PASSED] - openBrowser(""): Browser is opened with url: ''

2024-01-14 16:30:34 - [MESSAGE][WARNING] - A browser is already opened. Closing browser and opening a new one

2024-01-14 16:30:35 - [MESSAGE][INFO] - Starting 'Chrome' driver

2024-01-14 16:30:35 - [MESSAGE][INFO] - User set preference: ['acceptInsecureCerts', 'true']

2024-01-14 16:30:35 - [MESSAGE][INFO] - Action delay is set to 0 milliseconds

2024-01-14 16:30:37 - [MESSAGE][PASSED] - Browser is opened with url: ''

2024-01-14 16:30:37 - [TEST_STEP][PASSED] - maximizeWindow(): Current window maximized

2024-01-14 16:30:37 - [MESSAGE][PASSED] - Current window maximized

2024-01-14 16:30:37 - [TEST_STEP][PASSED] - navigateToUrl(RADurl): Navigate to 'https://qa2.velocitypayment.com/client/rad/index.html' successfully

2024-01-14 16:30:38 - [MESSAGE][PASSED] - Navigate to 'https://qa2.velocitypayment.com/client/rad/index.html' successfully

2024-01-14 16:30:38 - [TEST_STEP][PASSED] - orPath_Landing = "Object Repository/RAD_Pages/Landing_Page": null

2024-01-14 16:30:38 - [TEST_STEP][PASSED] - orPath_TaxTypeFilingYear = "Object Repository/RAD_Pages/TaxTypeFilingYear_Page": null

2024-01-14 16:30:38 - [TEST_STEP][PASSED] - orPath_TaxPayer = "Object Repository/RAD_Pages/Taxpayer_Page": null

2024-01-14 16:30:38 - [TEST_STEP][PASSED] - orPath_AddressContact = "Object Repository/RAD_Pages/AddressAndContactInfo_Page": null

2024-01-14 16:30:38 - [TEST_STEP][PASSED] - orPath_FilingStatus = "Object Repository/RAD_Pages/FilingStatus_Page": null

2024-01-14 16:30:38 - [TEST_STEP][PASSED] - orPath_Amount = "Object Repository/RAD_Pages/PaymentAmount_Page": null

2024-01-14 16:30:38 - [TEST_STEP][PASSED] - selectOptionByLabel(findTestObject(orPath_Landing + "/dd_TaxType"), Paymenttype, false): All options with label 'New Tax Return Amount Due' are selected in object 'Object Repository/RAD_Pages/Landing_Page/dd_TaxType' 

2024-01-14 16:30:39 - [MESSAGE][PASSED] - All options with label 'New Tax Return Amount Due' are selected in object 'Object Repository/RAD_Pages/Landing_Page/dd_TaxType' 

2024-01-14 16:30:39 - [TEST_STEP][PASSED] - delay(1): Delayed 1 second(s)

2024-01-14 16:30:40 - [MESSAGE][PASSED] - Delayed 1 second(s)

2024-01-14 16:30:40 - [TEST_STEP][PASSED] - switch (Paymenttype): null

2024-01-14 16:30:40 - [TEST_STEP][PASSED] - case "New Tax Return Amount Due":: null

2024-01-14 16:30:40 - [TEST_STEP][PASSED] - selectOptionByLabel(findTestObject("Object Repository/RAD_Pages/Landing_Page/select_NewTaxReturnAmountDue_TaxType"), Taxtype, false): All options with label 'Bay Restoration Fee' are selected in object 'Object Repository/RAD_Pages/Landing_Page/select_NewTaxReturnAmountDue_TaxType' 

2024-01-14 16:30:41 - [MESSAGE][PASSED] - All options with label 'Bay Restoration Fee' are selected in object 'Object Repository/RAD_Pages/Landing_Page/select_NewTaxReturnAmountDue_TaxType' 

2024-01-14 16:30:41 - [TEST_STEP][PASSED] - break: null

2024-01-14 16:30:41 - [TEST_STEP][PASSED] - delay(1): Delayed 1 second(s)

2024-01-14 16:30:42 - [MESSAGE][PASSED] - Delayed 1 second(s)

2024-01-14 16:30:42 - [TEST_STEP][PASSED] - scrollToElement(findTestObject(orPath_Amount + "/input__paymentAmount"), 3): Scroll to object 'Object Repository/RAD_Pages/PaymentAmount_Page/input__paymentAmount' successfully

2024-01-14 16:30:42 - [MESSAGE][PASSED] - Scroll to object 'Object Repository/RAD_Pages/PaymentAmount_Page/input__paymentAmount' successfully

2024-01-14 16:30:42 - [TEST_STEP][PASSED] - setText(findTestObject(orPath_AddressContact + "/input_eMailAddress"), "imtiazster@gmail.com"): Text 'imtiazster@gmail.com' is set on object 'Object Repository/RAD_Pages/AddressAndContactInfo_Page/input_eMailAddress'

2024-01-14 16:30:43 - [MESSAGE][PASSED] - Text 'imtiazster@gmail.com' is set on object 'Object Repository/RAD_Pages/AddressAndContactInfo_Page/input_eMailAddress'

2024-01-14 16:30:43 - [TEST_STEP][PASSED] - setText(findTestObject(orPath_AddressContact + "/input_reEnterEMailAddress"), "iahmed@govolution.com"): Text 'iahmed@govolution.com' is set on object 'Object Repository/RAD_Pages/AddressAndContactInfo_Page/input_reEnterEMailAddress'

2024-01-14 16:30:44 - [MESSAGE][PASSED] - Text 'iahmed@govolution.com' is set on object 'Object Repository/RAD_Pages/AddressAndContactInfo_Page/input_reEnterEMailAddress'

2024-01-14 16:30:44 - [TEST_STEP][PASSED] - delay(2): Delayed 2 second(s)

2024-01-14 16:30:46 - [MESSAGE][PASSED] - Delayed 2 second(s)

2024-01-14 16:30:46 - [TEST_STEP][PASSED] - if (verifyTextPresent("The Email and Re-enter email do not match", true)): null

2024-01-14 16:30:46 - [MESSAGE][PASSED] - Text 'The Email and Re-enter email do not match' is present on page  using regular expression

2024-01-14 16:30:46 - [TEST_STEP][PASSED] - println("Emails Dont match text is present"): null

2024-01-14 16:30:46 - [TEST_STEP][PASSED] - out.println("Pass Record Number: " + row): null

2024-01-14 16:30:46 - [TEST_STEP][PASSED] - resText = "Pass": null

2024-01-14 16:30:46 - [TEST_STEP][PASSED] - pages.WriteExcel.demoKey(resText, datText, resColumn, datCloumn, fileLoc, nameSheet, row): pages.WriteExcel.demoKey is PASSED

2024-01-14 16:30:46 - [MESSAGE][PASSED] - pages.WriteExcel.demoKey is PASSED

2024-01-14 16:30:46 - [TEST_STEP][PASSED] - ExecuteTC = findTestData(dataFile).getValue("Execute", row): null

2024-01-14 16:30:46 - [TEST_STEP][PASSED] - Taxtype = findTestData(dataFile).getValue("TaxType", row): null

2024-01-14 16:30:46 - [TEST_STEP][PASSED] - Paymenttype = findTestData(dataFile).getValue("PaymentType", row): null

2024-01-14 16:30:46 - [TEST_STEP][PASSED] - out.println("Value of Execute is : " + ExecuteTC): null

2024-01-14 16:30:46 - [TEST_STEP][PASSED] - if (ExecuteTC.equalsIgnoreCase("Y")): null

2024-01-14 16:30:46 - [TEST_STEP][PASSED] - out.println("Begin Record Number: " + row): null

2024-01-14 16:30:46 - [TEST_STEP][PASSED] - today = new java.util.Date(): null

2024-01-14 16:30:46 - [TEST_STEP][PASSED] - println(today): null

2024-01-14 16:30:46 - [TEST_STEP][PASSED] - datText = today: null

2024-01-14 16:30:46 - [TEST_STEP][PASSED] - Taxtype = findTestData(dataFile).getValue("TaxType", row): null

2024-01-14 16:30:46 - [TEST_STEP][PASSED] - out.println("Taxtype value is : " + Taxtype): null

2024-01-14 16:30:46 - [TEST_STEP][PASSED] - openBrowser(""): Browser is opened with url: ''

2024-01-14 16:30:46 - [MESSAGE][WARNING] - A browser is already opened. Closing browser and opening a new one

2024-01-14 16:30:47 - [MESSAGE][INFO] - Starting 'Chrome' driver

2024-01-14 16:30:47 - [MESSAGE][INFO] - User set preference: ['acceptInsecureCerts', 'true']

2024-01-14 16:30:47 - [MESSAGE][INFO] - Action delay is set to 0 milliseconds

2024-01-14 16:30:49 - [MESSAGE][PASSED] - Browser is opened with url: ''

2024-01-14 16:30:49 - [TEST_STEP][PASSED] - maximizeWindow(): Current window maximized

2024-01-14 16:30:49 - [MESSAGE][PASSED] - Current window maximized

2024-01-14 16:30:49 - [TEST_STEP][PASSED] - navigateToUrl(RADurl): Navigate to 'https://qa2.velocitypayment.com/client/rad/index.html' successfully

2024-01-14 16:30:49 - [MESSAGE][PASSED] - Navigate to 'https://qa2.velocitypayment.com/client/rad/index.html' successfully

2024-01-14 16:30:49 - [TEST_STEP][PASSED] - orPath_Landing = "Object Repository/RAD_Pages/Landing_Page": null

2024-01-14 16:30:49 - [TEST_STEP][PASSED] - orPath_TaxTypeFilingYear = "Object Repository/RAD_Pages/TaxTypeFilingYear_Page": null

2024-01-14 16:30:49 - [TEST_STEP][PASSED] - orPath_TaxPayer = "Object Repository/RAD_Pages/Taxpayer_Page": null

2024-01-14 16:30:49 - [TEST_STEP][PASSED] - orPath_AddressContact = "Object Repository/RAD_Pages/AddressAndContactInfo_Page": null

2024-01-14 16:30:49 - [TEST_STEP][PASSED] - orPath_FilingStatus = "Object Repository/RAD_Pages/FilingStatus_Page": null

2024-01-14 16:30:49 - [TEST_STEP][PASSED] - orPath_Amount = "Object Repository/RAD_Pages/PaymentAmount_Page": null

2024-01-14 16:30:49 - [TEST_STEP][PASSED] - selectOptionByLabel(findTestObject(orPath_Landing + "/dd_TaxType"), Paymenttype, false): All options with label 'New Tax Return Amount Due' are selected in object 'Object Repository/RAD_Pages/Landing_Page/dd_TaxType' 

2024-01-14 16:30:51 - [MESSAGE][PASSED] - All options with label 'New Tax Return Amount Due' are selected in object 'Object Repository/RAD_Pages/Landing_Page/dd_TaxType' 

2024-01-14 16:30:51 - [TEST_STEP][PASSED] - delay(1): Delayed 1 second(s)

2024-01-14 16:30:52 - [MESSAGE][PASSED] - Delayed 1 second(s)

2024-01-14 16:30:52 - [TEST_STEP][PASSED] - switch (Paymenttype): null

2024-01-14 16:30:52 - [TEST_STEP][PASSED] - case "New Tax Return Amount Due":: null

2024-01-14 16:30:52 - [TEST_STEP][PASSED] - selectOptionByLabel(findTestObject("Object Repository/RAD_Pages/Landing_Page/select_NewTaxReturnAmountDue_TaxType"), Taxtype, false): All options with label 'Corporate Income Tax' are selected in object 'Object Repository/RAD_Pages/Landing_Page/select_NewTaxReturnAmountDue_TaxType' 

2024-01-14 16:30:53 - [MESSAGE][PASSED] - All options with label 'Corporate Income Tax' are selected in object 'Object Repository/RAD_Pages/Landing_Page/select_NewTaxReturnAmountDue_TaxType' 

2024-01-14 16:30:53 - [TEST_STEP][PASSED] - break: null

2024-01-14 16:30:53 - [TEST_STEP][PASSED] - delay(1): Delayed 1 second(s)

2024-01-14 16:30:54 - [MESSAGE][PASSED] - Delayed 1 second(s)

2024-01-14 16:30:54 - [TEST_STEP][PASSED] - scrollToElement(findTestObject(orPath_Amount + "/input__paymentAmount"), 3): Scroll to object 'Object Repository/RAD_Pages/PaymentAmount_Page/input__paymentAmount' successfully

2024-01-14 16:30:54 - [MESSAGE][PASSED] - Scroll to object 'Object Repository/RAD_Pages/PaymentAmount_Page/input__paymentAmount' successfully

2024-01-14 16:30:54 - [TEST_STEP][PASSED] - setText(findTestObject(orPath_AddressContact + "/input_eMailAddress"), "imtiazster@gmail.com"): Text 'imtiazster@gmail.com' is set on object 'Object Repository/RAD_Pages/AddressAndContactInfo_Page/input_eMailAddress'

2024-01-14 16:30:55 - [MESSAGE][PASSED] - Text 'imtiazster@gmail.com' is set on object 'Object Repository/RAD_Pages/AddressAndContactInfo_Page/input_eMailAddress'

2024-01-14 16:30:55 - [TEST_STEP][PASSED] - setText(findTestObject(orPath_AddressContact + "/input_reEnterEMailAddress"), "iahmed@govolution.com"): Text 'iahmed@govolution.com' is set on object 'Object Repository/RAD_Pages/AddressAndContactInfo_Page/input_reEnterEMailAddress'

2024-01-14 16:30:56 - [MESSAGE][PASSED] - Text 'iahmed@govolution.com' is set on object 'Object Repository/RAD_Pages/AddressAndContactInfo_Page/input_reEnterEMailAddress'

2024-01-14 16:30:56 - [TEST_STEP][PASSED] - delay(2): Delayed 2 second(s)

2024-01-14 16:30:58 - [MESSAGE][PASSED] - Delayed 2 second(s)

2024-01-14 16:30:58 - [TEST_STEP][PASSED] - if (verifyTextPresent("The Email and Re-enter email do not match", true)): null

2024-01-14 16:30:58 - [MESSAGE][PASSED] - Text 'The Email and Re-enter email do not match' is present on page  using regular expression

2024-01-14 16:30:58 - [TEST_STEP][PASSED] - println("Emails Dont match text is present"): null

2024-01-14 16:30:58 - [TEST_STEP][PASSED] - out.println("Pass Record Number: " + row): null

2024-01-14 16:30:58 - [TEST_STEP][PASSED] - resText = "Pass": null

2024-01-14 16:30:58 - [TEST_STEP][PASSED] - pages.WriteExcel.demoKey(resText, datText, resColumn, datCloumn, fileLoc, nameSheet, row): pages.WriteExcel.demoKey is PASSED

2024-01-14 16:30:58 - [MESSAGE][PASSED] - pages.WriteExcel.demoKey is PASSED

2024-01-14 16:30:58 - [TEST_STEP][PASSED] - ExecuteTC = findTestData(dataFile).getValue("Execute", row): null

2024-01-14 16:30:58 - [TEST_STEP][PASSED] - Taxtype = findTestData(dataFile).getValue("TaxType", row): null

2024-01-14 16:30:58 - [TEST_STEP][PASSED] - Paymenttype = findTestData(dataFile).getValue("PaymentType", row): null

2024-01-14 16:30:58 - [TEST_STEP][PASSED] - out.println("Value of Execute is : " + ExecuteTC): null

2024-01-14 16:30:58 - [TEST_STEP][PASSED] - if (ExecuteTC.equalsIgnoreCase("Y")): null

2024-01-14 16:30:58 - [TEST_STEP][PASSED] - out.println("Begin Record Number: " + row): null

2024-01-14 16:30:58 - [TEST_STEP][PASSED] - today = new java.util.Date(): null

2024-01-14 16:30:58 - [TEST_STEP][PASSED] - println(today): null

2024-01-14 16:30:58 - [TEST_STEP][PASSED] - datText = today: null

2024-01-14 16:30:58 - [TEST_STEP][PASSED] - Taxtype = findTestData(dataFile).getValue("TaxType", row): null

2024-01-14 16:30:58 - [TEST_STEP][PASSED] - out.println("Taxtype value is : " + Taxtype): null

2024-01-14 16:30:58 - [TEST_STEP][PASSED] - openBrowser(""): Browser is opened with url: ''

2024-01-14 16:30:58 - [MESSAGE][WARNING] - A browser is already opened. Closing browser and opening a new one

2024-01-14 16:30:59 - [MESSAGE][INFO] - Starting 'Chrome' driver

2024-01-14 16:30:59 - [MESSAGE][INFO] - User set preference: ['acceptInsecureCerts', 'true']

2024-01-14 16:30:59 - [MESSAGE][INFO] - Action delay is set to 0 milliseconds

2024-01-14 16:31:01 - [MESSAGE][PASSED] - Browser is opened with url: ''

2024-01-14 16:31:01 - [TEST_STEP][PASSED] - maximizeWindow(): Current window maximized

2024-01-14 16:31:01 - [MESSAGE][PASSED] - Current window maximized

2024-01-14 16:31:01 - [TEST_STEP][PASSED] - navigateToUrl(RADurl): Navigate to 'https://qa2.velocitypayment.com/client/rad/index.html' successfully

2024-01-14 16:31:02 - [MESSAGE][PASSED] - Navigate to 'https://qa2.velocitypayment.com/client/rad/index.html' successfully

2024-01-14 16:31:02 - [TEST_STEP][PASSED] - orPath_Landing = "Object Repository/RAD_Pages/Landing_Page": null

2024-01-14 16:31:02 - [TEST_STEP][PASSED] - orPath_TaxTypeFilingYear = "Object Repository/RAD_Pages/TaxTypeFilingYear_Page": null

2024-01-14 16:31:02 - [TEST_STEP][PASSED] - orPath_TaxPayer = "Object Repository/RAD_Pages/Taxpayer_Page": null

2024-01-14 16:31:02 - [TEST_STEP][PASSED] - orPath_AddressContact = "Object Repository/RAD_Pages/AddressAndContactInfo_Page": null

2024-01-14 16:31:02 - [TEST_STEP][PASSED] - orPath_FilingStatus = "Object Repository/RAD_Pages/FilingStatus_Page": null

2024-01-14 16:31:02 - [TEST_STEP][PASSED] - orPath_Amount = "Object Repository/RAD_Pages/PaymentAmount_Page": null

2024-01-14 16:31:02 - [TEST_STEP][PASSED] - selectOptionByLabel(findTestObject(orPath_Landing + "/dd_TaxType"), Paymenttype, false): All options with label 'New Tax Return Amount Due' are selected in object 'Object Repository/RAD_Pages/Landing_Page/dd_TaxType' 

2024-01-14 16:31:03 - [MESSAGE][PASSED] - All options with label 'New Tax Return Amount Due' are selected in object 'Object Repository/RAD_Pages/Landing_Page/dd_TaxType' 

2024-01-14 16:31:03 - [TEST_STEP][PASSED] - delay(1): Delayed 1 second(s)

2024-01-14 16:31:04 - [MESSAGE][PASSED] - Delayed 1 second(s)

2024-01-14 16:31:04 - [TEST_STEP][PASSED] - switch (Paymenttype): null

2024-01-14 16:31:04 - [TEST_STEP][PASSED] - case "New Tax Return Amount Due":: null

2024-01-14 16:31:04 - [TEST_STEP][PASSED] - selectOptionByLabel(findTestObject("Object Repository/RAD_Pages/Landing_Page/select_NewTaxReturnAmountDue_TaxType"), Taxtype, false): All options with label 'Estate Tax' are selected in object 'Object Repository/RAD_Pages/Landing_Page/select_NewTaxReturnAmountDue_TaxType' 

2024-01-14 16:31:05 - [MESSAGE][PASSED] - All options with label 'Estate Tax' are selected in object 'Object Repository/RAD_Pages/Landing_Page/select_NewTaxReturnAmountDue_TaxType' 

2024-01-14 16:31:05 - [TEST_STEP][PASSED] - break: null

2024-01-14 16:31:05 - [TEST_STEP][PASSED] - delay(1): Delayed 1 second(s)

2024-01-14 16:31:06 - [MESSAGE][PASSED] - Delayed 1 second(s)

2024-01-14 16:31:06 - [TEST_STEP][PASSED] - scrollToElement(findTestObject(orPath_Amount + "/input__paymentAmount"), 3): Scroll to object 'Object Repository/RAD_Pages/PaymentAmount_Page/input__paymentAmount' successfully

2024-01-14 16:31:06 - [MESSAGE][PASSED] - Scroll to object 'Object Repository/RAD_Pages/PaymentAmount_Page/input__paymentAmount' successfully

2024-01-14 16:31:06 - [TEST_STEP][PASSED] - setText(findTestObject(orPath_AddressContact + "/input_eMailAddress"), "imtiazster@gmail.com"): Text 'imtiazster@gmail.com' is set on object 'Object Repository/RAD_Pages/AddressAndContactInfo_Page/input_eMailAddress'

2024-01-14 16:31:07 - [MESSAGE][PASSED] - Text 'imtiazster@gmail.com' is set on object 'Object Repository/RAD_Pages/AddressAndContactInfo_Page/input_eMailAddress'

2024-01-14 16:31:07 - [TEST_STEP][PASSED] - setText(findTestObject(orPath_AddressContact + "/input_reEnterEMailAddress"), "iahmed@govolution.com"): Text 'iahmed@govolution.com' is set on object 'Object Repository/RAD_Pages/AddressAndContactInfo_Page/input_reEnterEMailAddress'

2024-01-14 16:31:08 - [MESSAGE][PASSED] - Text 'iahmed@govolution.com' is set on object 'Object Repository/RAD_Pages/AddressAndContactInfo_Page/input_reEnterEMailAddress'

2024-01-14 16:31:08 - [TEST_STEP][PASSED] - delay(2): Delayed 2 second(s)

2024-01-14 16:31:10 - [MESSAGE][PASSED] - Delayed 2 second(s)

2024-01-14 16:31:10 - [TEST_STEP][PASSED] - if (verifyTextPresent("The Email and Re-enter email do not match", true)): null

2024-01-14 16:31:10 - [MESSAGE][PASSED] - Text 'The Email and Re-enter email do not match' is present on page  using regular expression

2024-01-14 16:31:10 - [TEST_STEP][PASSED] - println("Emails Dont match text is present"): null

2024-01-14 16:31:10 - [TEST_STEP][PASSED] - out.println("Pass Record Number: " + row): null

2024-01-14 16:31:10 - [TEST_STEP][PASSED] - resText = "Pass": null

2024-01-14 16:31:10 - [TEST_STEP][PASSED] - pages.WriteExcel.demoKey(resText, datText, resColumn, datCloumn, fileLoc, nameSheet, row): pages.WriteExcel.demoKey is PASSED

2024-01-14 16:31:10 - [MESSAGE][PASSED] - pages.WriteExcel.demoKey is PASSED

2024-01-14 16:31:10 - [TEST_STEP][PASSED] - ExecuteTC = findTestData(dataFile).getValue("Execute", row): null

2024-01-14 16:31:10 - [TEST_STEP][PASSED] - Taxtype = findTestData(dataFile).getValue("TaxType", row): null

2024-01-14 16:31:10 - [TEST_STEP][PASSED] - Paymenttype = findTestData(dataFile).getValue("PaymentType", row): null

2024-01-14 16:31:10 - [TEST_STEP][PASSED] - out.println("Value of Execute is : " + ExecuteTC): null

2024-01-14 16:31:10 - [TEST_STEP][PASSED] - if (ExecuteTC.equalsIgnoreCase("Y")): null

2024-01-14 16:31:10 - [TEST_STEP][PASSED] - out.println("Begin Record Number: " + row): null

2024-01-14 16:31:10 - [TEST_STEP][PASSED] - today = new java.util.Date(): null

2024-01-14 16:31:10 - [TEST_STEP][PASSED] - println(today): null

2024-01-14 16:31:10 - [TEST_STEP][PASSED] - datText = today: null

2024-01-14 16:31:10 - [TEST_STEP][PASSED] - Taxtype = findTestData(dataFile).getValue("TaxType", row): null

2024-01-14 16:31:10 - [TEST_STEP][PASSED] - out.println("Taxtype value is : " + Taxtype): null

2024-01-14 16:31:10 - [TEST_STEP][PASSED] - openBrowser(""): Browser is opened with url: ''

2024-01-14 16:31:10 - [MESSAGE][WARNING] - A browser is already opened. Closing browser and opening a new one

2024-01-14 16:31:11 - [MESSAGE][INFO] - Starting 'Chrome' driver

2024-01-14 16:31:11 - [MESSAGE][INFO] - User set preference: ['acceptInsecureCerts', 'true']

2024-01-14 16:31:11 - [MESSAGE][INFO] - Action delay is set to 0 milliseconds

2024-01-14 16:31:13 - [MESSAGE][PASSED] - Browser is opened with url: ''

2024-01-14 16:31:13 - [TEST_STEP][PASSED] - maximizeWindow(): Current window maximized

2024-01-14 16:31:13 - [MESSAGE][PASSED] - Current window maximized

2024-01-14 16:31:13 - [TEST_STEP][PASSED] - navigateToUrl(RADurl): Navigate to 'https://qa2.velocitypayment.com/client/rad/index.html' successfully

2024-01-14 16:31:14 - [MESSAGE][PASSED] - Navigate to 'https://qa2.velocitypayment.com/client/rad/index.html' successfully

2024-01-14 16:31:14 - [TEST_STEP][PASSED] - orPath_Landing = "Object Repository/RAD_Pages/Landing_Page": null

2024-01-14 16:31:14 - [TEST_STEP][PASSED] - orPath_TaxTypeFilingYear = "Object Repository/RAD_Pages/TaxTypeFilingYear_Page": null

2024-01-14 16:31:14 - [TEST_STEP][PASSED] - orPath_TaxPayer = "Object Repository/RAD_Pages/Taxpayer_Page": null

2024-01-14 16:31:14 - [TEST_STEP][PASSED] - orPath_AddressContact = "Object Repository/RAD_Pages/AddressAndContactInfo_Page": null

2024-01-14 16:31:14 - [TEST_STEP][PASSED] - orPath_FilingStatus = "Object Repository/RAD_Pages/FilingStatus_Page": null

2024-01-14 16:31:14 - [TEST_STEP][PASSED] - orPath_Amount = "Object Repository/RAD_Pages/PaymentAmount_Page": null

2024-01-14 16:31:14 - [TEST_STEP][PASSED] - selectOptionByLabel(findTestObject(orPath_Landing + "/dd_TaxType"), Paymenttype, false): All options with label 'New Tax Return Amount Due' are selected in object 'Object Repository/RAD_Pages/Landing_Page/dd_TaxType' 

2024-01-14 16:31:15 - [MESSAGE][PASSED] - All options with label 'New Tax Return Amount Due' are selected in object 'Object Repository/RAD_Pages/Landing_Page/dd_TaxType' 

2024-01-14 16:31:15 - [TEST_STEP][PASSED] - delay(1): Delayed 1 second(s)

2024-01-14 16:31:16 - [MESSAGE][PASSED] - Delayed 1 second(s)

2024-01-14 16:31:16 - [TEST_STEP][PASSED] - switch (Paymenttype): null

2024-01-14 16:31:16 - [TEST_STEP][PASSED] - case "New Tax Return Amount Due":: null

2024-01-14 16:31:16 - [TEST_STEP][PASSED] - selectOptionByLabel(findTestObject("Object Repository/RAD_Pages/Landing_Page/select_NewTaxReturnAmountDue_TaxType"), Taxtype, false): All options with label 'Motor Fuel Tax' are selected in object 'Object Repository/RAD_Pages/Landing_Page/select_NewTaxReturnAmountDue_TaxType' 

2024-01-14 16:31:17 - [MESSAGE][PASSED] - All options with label 'Motor Fuel Tax' are selected in object 'Object Repository/RAD_Pages/Landing_Page/select_NewTaxReturnAmountDue_TaxType' 

2024-01-14 16:31:17 - [TEST_STEP][PASSED] - break: null

2024-01-14 16:31:17 - [TEST_STEP][PASSED] - delay(1): Delayed 1 second(s)

2024-01-14 16:31:18 - [MESSAGE][PASSED] - Delayed 1 second(s)

2024-01-14 16:31:18 - [TEST_STEP][PASSED] - scrollToElement(findTestObject(orPath_Amount + "/input__paymentAmount"), 3): Scroll to object 'Object Repository/RAD_Pages/PaymentAmount_Page/input__paymentAmount' successfully

2024-01-14 16:31:18 - [MESSAGE][PASSED] - Scroll to object 'Object Repository/RAD_Pages/PaymentAmount_Page/input__paymentAmount' successfully

2024-01-14 16:31:18 - [TEST_STEP][PASSED] - setText(findTestObject(orPath_AddressContact + "/input_eMailAddress"), "imtiazster@gmail.com"): Text 'imtiazster@gmail.com' is set on object 'Object Repository/RAD_Pages/AddressAndContactInfo_Page/input_eMailAddress'

2024-01-14 16:31:19 - [MESSAGE][PASSED] - Text 'imtiazster@gmail.com' is set on object 'Object Repository/RAD_Pages/AddressAndContactInfo_Page/input_eMailAddress'

2024-01-14 16:31:19 - [TEST_STEP][PASSED] - setText(findTestObject(orPath_AddressContact + "/input_reEnterEMailAddress"), "iahmed@govolution.com"): Text 'iahmed@govolution.com' is set on object 'Object Repository/RAD_Pages/AddressAndContactInfo_Page/input_reEnterEMailAddress'

2024-01-14 16:31:20 - [MESSAGE][PASSED] - Text 'iahmed@govolution.com' is set on object 'Object Repository/RAD_Pages/AddressAndContactInfo_Page/input_reEnterEMailAddress'

2024-01-14 16:31:20 - [TEST_STEP][PASSED] - delay(2): Delayed 2 second(s)

2024-01-14 16:31:22 - [MESSAGE][PASSED] - Delayed 2 second(s)

2024-01-14 16:31:22 - [TEST_STEP][PASSED] - if (verifyTextPresent("The Email and Re-enter email do not match", true)): null

2024-01-14 16:31:22 - [MESSAGE][PASSED] - Text 'The Email and Re-enter email do not match' is present on page  using regular expression

2024-01-14 16:31:22 - [TEST_STEP][PASSED] - println("Emails Dont match text is present"): null

2024-01-14 16:31:22 - [TEST_STEP][PASSED] - out.println("Pass Record Number: " + row): null

2024-01-14 16:31:22 - [TEST_STEP][PASSED] - resText = "Pass": null

2024-01-14 16:31:22 - [TEST_STEP][PASSED] - pages.WriteExcel.demoKey(resText, datText, resColumn, datCloumn, fileLoc, nameSheet, row): pages.WriteExcel.demoKey is PASSED

2024-01-14 16:31:22 - [MESSAGE][PASSED] - pages.WriteExcel.demoKey is PASSED

2024-01-14 16:31:22 - [TEST_STEP][PASSED] - ExecuteTC = findTestData(dataFile).getValue("Execute", row): null

2024-01-14 16:31:22 - [TEST_STEP][PASSED] - Taxtype = findTestData(dataFile).getValue("TaxType", row): null

2024-01-14 16:31:22 - [TEST_STEP][PASSED] - Paymenttype = findTestData(dataFile).getValue("PaymentType", row): null

2024-01-14 16:31:22 - [TEST_STEP][PASSED] - out.println("Value of Execute is : " + ExecuteTC): null

2024-01-14 16:31:22 - [TEST_STEP][PASSED] - if (ExecuteTC.equalsIgnoreCase("Y")): null

2024-01-14 16:31:22 - [TEST_STEP][PASSED] - out.println("Begin Record Number: " + row): null

2024-01-14 16:31:22 - [TEST_STEP][PASSED] - today = new java.util.Date(): null

2024-01-14 16:31:22 - [TEST_STEP][PASSED] - println(today): null

2024-01-14 16:31:22 - [TEST_STEP][PASSED] - datText = today: null

2024-01-14 16:31:22 - [TEST_STEP][PASSED] - Taxtype = findTestData(dataFile).getValue("TaxType", row): null

2024-01-14 16:31:22 - [TEST_STEP][PASSED] - out.println("Taxtype value is : " + Taxtype): null

2024-01-14 16:31:22 - [TEST_STEP][PASSED] - openBrowser(""): Browser is opened with url: ''

2024-01-14 16:31:22 - [MESSAGE][WARNING] - A browser is already opened. Closing browser and opening a new one

2024-01-14 16:31:23 - [MESSAGE][INFO] - Starting 'Chrome' driver

2024-01-14 16:31:23 - [MESSAGE][INFO] - User set preference: ['acceptInsecureCerts', 'true']

2024-01-14 16:31:23 - [MESSAGE][INFO] - Action delay is set to 0 milliseconds

2024-01-14 16:31:25 - [MESSAGE][PASSED] - Browser is opened with url: ''

2024-01-14 16:31:25 - [TEST_STEP][PASSED] - maximizeWindow(): Current window maximized

2024-01-14 16:31:25 - [MESSAGE][PASSED] - Current window maximized

2024-01-14 16:31:25 - [TEST_STEP][PASSED] - navigateToUrl(RADurl): Navigate to 'https://qa2.velocitypayment.com/client/rad/index.html' successfully

2024-01-14 16:31:26 - [MESSAGE][PASSED] - Navigate to 'https://qa2.velocitypayment.com/client/rad/index.html' successfully

2024-01-14 16:31:26 - [TEST_STEP][PASSED] - orPath_Landing = "Object Repository/RAD_Pages/Landing_Page": null

2024-01-14 16:31:26 - [TEST_STEP][PASSED] - orPath_TaxTypeFilingYear = "Object Repository/RAD_Pages/TaxTypeFilingYear_Page": null

2024-01-14 16:31:26 - [TEST_STEP][PASSED] - orPath_TaxPayer = "Object Repository/RAD_Pages/Taxpayer_Page": null

2024-01-14 16:31:26 - [TEST_STEP][PASSED] - orPath_AddressContact = "Object Repository/RAD_Pages/AddressAndContactInfo_Page": null

2024-01-14 16:31:26 - [TEST_STEP][PASSED] - orPath_FilingStatus = "Object Repository/RAD_Pages/FilingStatus_Page": null

2024-01-14 16:31:26 - [TEST_STEP][PASSED] - orPath_Amount = "Object Repository/RAD_Pages/PaymentAmount_Page": null

2024-01-14 16:31:26 - [TEST_STEP][PASSED] - selectOptionByLabel(findTestObject(orPath_Landing + "/dd_TaxType"), Paymenttype, false): All options with label 'New Tax Return Amount Due' are selected in object 'Object Repository/RAD_Pages/Landing_Page/dd_TaxType' 

2024-01-14 16:31:27 - [MESSAGE][PASSED] - All options with label 'New Tax Return Amount Due' are selected in object 'Object Repository/RAD_Pages/Landing_Page/dd_TaxType' 

2024-01-14 16:31:27 - [TEST_STEP][PASSED] - delay(1): Delayed 1 second(s)

2024-01-14 16:31:28 - [MESSAGE][PASSED] - Delayed 1 second(s)

2024-01-14 16:31:28 - [TEST_STEP][PASSED] - switch (Paymenttype): null

2024-01-14 16:31:28 - [TEST_STEP][PASSED] - case "New Tax Return Amount Due":: null

2024-01-14 16:31:28 - [TEST_STEP][PASSED] - selectOptionByLabel(findTestObject("Object Repository/RAD_Pages/Landing_Page/select_NewTaxReturnAmountDue_TaxType"), Taxtype, false): All options with label 'Sales and Use Tax' are selected in object 'Object Repository/RAD_Pages/Landing_Page/select_NewTaxReturnAmountDue_TaxType' 

2024-01-14 16:31:29 - [MESSAGE][PASSED] - All options with label 'Sales and Use Tax' are selected in object 'Object Repository/RAD_Pages/Landing_Page/select_NewTaxReturnAmountDue_TaxType' 

2024-01-14 16:31:29 - [TEST_STEP][PASSED] - break: null

2024-01-14 16:31:29 - [TEST_STEP][PASSED] - delay(1): Delayed 1 second(s)

2024-01-14 16:31:30 - [MESSAGE][PASSED] - Delayed 1 second(s)

2024-01-14 16:31:30 - [TEST_STEP][PASSED] - scrollToElement(findTestObject(orPath_Amount + "/input__paymentAmount"), 3): Scroll to object 'Object Repository/RAD_Pages/PaymentAmount_Page/input__paymentAmount' successfully

2024-01-14 16:31:30 - [MESSAGE][PASSED] - Scroll to object 'Object Repository/RAD_Pages/PaymentAmount_Page/input__paymentAmount' successfully

2024-01-14 16:31:30 - [TEST_STEP][PASSED] - setText(findTestObject(orPath_AddressContact + "/input_eMailAddress"), "imtiazster@gmail.com"): Text 'imtiazster@gmail.com' is set on object 'Object Repository/RAD_Pages/AddressAndContactInfo_Page/input_eMailAddress'

2024-01-14 16:31:31 - [MESSAGE][PASSED] - Text 'imtiazster@gmail.com' is set on object 'Object Repository/RAD_Pages/AddressAndContactInfo_Page/input_eMailAddress'

2024-01-14 16:31:31 - [TEST_STEP][PASSED] - setText(findTestObject(orPath_AddressContact + "/input_reEnterEMailAddress"), "iahmed@govolution.com"): Text 'iahmed@govolution.com' is set on object 'Object Repository/RAD_Pages/AddressAndContactInfo_Page/input_reEnterEMailAddress'

2024-01-14 16:31:32 - [MESSAGE][PASSED] - Text 'iahmed@govolution.com' is set on object 'Object Repository/RAD_Pages/AddressAndContactInfo_Page/input_reEnterEMailAddress'

2024-01-14 16:31:32 - [TEST_STEP][PASSED] - delay(2): Delayed 2 second(s)

2024-01-14 16:31:34 - [MESSAGE][PASSED] - Delayed 2 second(s)

2024-01-14 16:31:34 - [TEST_STEP][PASSED] - if (verifyTextPresent("The Email and Re-enter email do not match", true)): null

2024-01-14 16:31:34 - [MESSAGE][PASSED] - Text 'The Email and Re-enter email do not match' is present on page  using regular expression

2024-01-14 16:31:34 - [TEST_STEP][PASSED] - println("Emails Dont match text is present"): null

2024-01-14 16:31:34 - [TEST_STEP][PASSED] - out.println("Pass Record Number: " + row): null

2024-01-14 16:31:34 - [TEST_STEP][PASSED] - resText = "Pass": null

2024-01-14 16:31:34 - [TEST_STEP][PASSED] - pages.WriteExcel.demoKey(resText, datText, resColumn, datCloumn, fileLoc, nameSheet, row): pages.WriteExcel.demoKey is PASSED

2024-01-14 16:31:34 - [MESSAGE][PASSED] - pages.WriteExcel.demoKey is PASSED

2024-01-14 16:31:34 - [TEST_STEP][PASSED] - ExecuteTC = findTestData(dataFile).getValue("Execute", row): null

2024-01-14 16:31:34 - [TEST_STEP][PASSED] - Taxtype = findTestData(dataFile).getValue("TaxType", row): null

2024-01-14 16:31:34 - [TEST_STEP][PASSED] - Paymenttype = findTestData(dataFile).getValue("PaymentType", row): null

2024-01-14 16:31:34 - [TEST_STEP][PASSED] - out.println("Value of Execute is : " + ExecuteTC): null

2024-01-14 16:31:34 - [TEST_STEP][PASSED] - if (ExecuteTC.equalsIgnoreCase("Y")): null

2024-01-14 16:31:34 - [TEST_STEP][PASSED] - out.println("Begin Record Number: " + row): null

2024-01-14 16:31:34 - [TEST_STEP][PASSED] - today = new java.util.Date(): null

2024-01-14 16:31:34 - [TEST_STEP][PASSED] - println(today): null

2024-01-14 16:31:34 - [TEST_STEP][PASSED] - datText = today: null

2024-01-14 16:31:34 - [TEST_STEP][PASSED] - Taxtype = findTestData(dataFile).getValue("TaxType", row): null

2024-01-14 16:31:34 - [TEST_STEP][PASSED] - out.println("Taxtype value is : " + Taxtype): null

2024-01-14 16:31:34 - [TEST_STEP][PASSED] - openBrowser(""): Browser is opened with url: ''

2024-01-14 16:31:34 - [MESSAGE][WARNING] - A browser is already opened. Closing browser and opening a new one

2024-01-14 16:31:35 - [MESSAGE][INFO] - Starting 'Chrome' driver

2024-01-14 16:31:35 - [MESSAGE][INFO] - User set preference: ['acceptInsecureCerts', 'true']

2024-01-14 16:31:35 - [MESSAGE][INFO] - Action delay is set to 0 milliseconds

2024-01-14 16:31:37 - [MESSAGE][PASSED] - Browser is opened with url: ''

2024-01-14 16:31:37 - [TEST_STEP][PASSED] - maximizeWindow(): Current window maximized

2024-01-14 16:31:37 - [MESSAGE][PASSED] - Current window maximized

2024-01-14 16:31:37 - [TEST_STEP][PASSED] - navigateToUrl(RADurl): Navigate to 'https://qa2.velocitypayment.com/client/rad/index.html' successfully

2024-01-14 16:31:38 - [MESSAGE][PASSED] - Navigate to 'https://qa2.velocitypayment.com/client/rad/index.html' successfully

2024-01-14 16:31:38 - [TEST_STEP][PASSED] - orPath_Landing = "Object Repository/RAD_Pages/Landing_Page": null

2024-01-14 16:31:38 - [TEST_STEP][PASSED] - orPath_TaxTypeFilingYear = "Object Repository/RAD_Pages/TaxTypeFilingYear_Page": null

2024-01-14 16:31:38 - [TEST_STEP][PASSED] - orPath_TaxPayer = "Object Repository/RAD_Pages/Taxpayer_Page": null

2024-01-14 16:31:38 - [TEST_STEP][PASSED] - orPath_AddressContact = "Object Repository/RAD_Pages/AddressAndContactInfo_Page": null

2024-01-14 16:31:38 - [TEST_STEP][PASSED] - orPath_FilingStatus = "Object Repository/RAD_Pages/FilingStatus_Page": null

2024-01-14 16:31:38 - [TEST_STEP][PASSED] - orPath_Amount = "Object Repository/RAD_Pages/PaymentAmount_Page": null

2024-01-14 16:31:38 - [TEST_STEP][PASSED] - selectOptionByLabel(findTestObject(orPath_Landing + "/dd_TaxType"), Paymenttype, false): All options with label 'New Tax Return Amount Due' are selected in object 'Object Repository/RAD_Pages/Landing_Page/dd_TaxType' 

2024-01-14 16:31:39 - [MESSAGE][PASSED] - All options with label 'New Tax Return Amount Due' are selected in object 'Object Repository/RAD_Pages/Landing_Page/dd_TaxType' 

2024-01-14 16:31:39 - [TEST_STEP][PASSED] - delay(1): Delayed 1 second(s)

2024-01-14 16:31:40 - [MESSAGE][PASSED] - Delayed 1 second(s)

2024-01-14 16:31:40 - [TEST_STEP][PASSED] - switch (Paymenttype): null

2024-01-14 16:31:40 - [TEST_STEP][PASSED] - case "New Tax Return Amount Due":: null

2024-01-14 16:31:40 - [TEST_STEP][PASSED] - selectOptionByLabel(findTestObject("Object Repository/RAD_Pages/Landing_Page/select_NewTaxReturnAmountDue_TaxType"), Taxtype, false): All options with label 'Slots License Fee' are selected in object 'Object Repository/RAD_Pages/Landing_Page/select_NewTaxReturnAmountDue_TaxType' 

2024-01-14 16:31:41 - [MESSAGE][PASSED] - All options with label 'Slots License Fee' are selected in object 'Object Repository/RAD_Pages/Landing_Page/select_NewTaxReturnAmountDue_TaxType' 

2024-01-14 16:31:41 - [TEST_STEP][PASSED] - break: null

2024-01-14 16:31:41 - [TEST_STEP][PASSED] - delay(1): Delayed 1 second(s)

2024-01-14 16:31:42 - [MESSAGE][PASSED] - Delayed 1 second(s)

2024-01-14 16:31:42 - [TEST_STEP][PASSED] - scrollToElement(findTestObject(orPath_Amount + "/input__paymentAmount"), 3): Scroll to object 'Object Repository/RAD_Pages/PaymentAmount_Page/input__paymentAmount' successfully

2024-01-14 16:31:42 - [MESSAGE][PASSED] - Scroll to object 'Object Repository/RAD_Pages/PaymentAmount_Page/input__paymentAmount' successfully

2024-01-14 16:31:42 - [TEST_STEP][PASSED] - setText(findTestObject(orPath_AddressContact + "/input_eMailAddress"), "imtiazster@gmail.com"): Text 'imtiazster@gmail.com' is set on object 'Object Repository/RAD_Pages/AddressAndContactInfo_Page/input_eMailAddress'

2024-01-14 16:31:43 - [MESSAGE][PASSED] - Text 'imtiazster@gmail.com' is set on object 'Object Repository/RAD_Pages/AddressAndContactInfo_Page/input_eMailAddress'

2024-01-14 16:31:43 - [TEST_STEP][PASSED] - setText(findTestObject(orPath_AddressContact + "/input_reEnterEMailAddress"), "iahmed@govolution.com"): Text 'iahmed@govolution.com' is set on object 'Object Repository/RAD_Pages/AddressAndContactInfo_Page/input_reEnterEMailAddress'

2024-01-14 16:31:44 - [MESSAGE][PASSED] - Text 'iahmed@govolution.com' is set on object 'Object Repository/RAD_Pages/AddressAndContactInfo_Page/input_reEnterEMailAddress'

2024-01-14 16:31:44 - [TEST_STEP][PASSED] - delay(2): Delayed 2 second(s)

2024-01-14 16:31:46 - [MESSAGE][PASSED] - Delayed 2 second(s)

2024-01-14 16:31:46 - [TEST_STEP][PASSED] - if (verifyTextPresent("The Email and Re-enter email do not match", true)): null

2024-01-14 16:31:46 - [MESSAGE][PASSED] - Text 'The Email and Re-enter email do not match' is present on page  using regular expression

2024-01-14 16:31:46 - [TEST_STEP][PASSED] - println("Emails Dont match text is present"): null

2024-01-14 16:31:46 - [TEST_STEP][PASSED] - out.println("Pass Record Number: " + row): null

2024-01-14 16:31:46 - [TEST_STEP][PASSED] - resText = "Pass": null

2024-01-14 16:31:46 - [TEST_STEP][PASSED] - pages.WriteExcel.demoKey(resText, datText, resColumn, datCloumn, fileLoc, nameSheet, row): pages.WriteExcel.demoKey is PASSED

2024-01-14 16:31:46 - [MESSAGE][PASSED] - pages.WriteExcel.demoKey is PASSED

2024-01-14 16:31:46 - [TEST_STEP][PASSED] - ExecuteTC = findTestData(dataFile).getValue("Execute", row): null

2024-01-14 16:31:46 - [TEST_STEP][PASSED] - Taxtype = findTestData(dataFile).getValue("TaxType", row): null

2024-01-14 16:31:46 - [TEST_STEP][PASSED] - Paymenttype = findTestData(dataFile).getValue("PaymentType", row): null

2024-01-14 16:31:46 - [TEST_STEP][PASSED] - out.println("Value of Execute is : " + ExecuteTC): null

2024-01-14 16:31:46 - [TEST_STEP][PASSED] - if (ExecuteTC.equalsIgnoreCase("Y")): null

2024-01-14 16:31:46 - [TEST_STEP][PASSED] - out.println("Begin Record Number: " + row): null

2024-01-14 16:31:46 - [TEST_STEP][PASSED] - today = new java.util.Date(): null

2024-01-14 16:31:46 - [TEST_STEP][PASSED] - println(today): null

2024-01-14 16:31:46 - [TEST_STEP][PASSED] - datText = today: null

2024-01-14 16:31:46 - [TEST_STEP][PASSED] - Taxtype = findTestData(dataFile).getValue("TaxType", row): null

2024-01-14 16:31:46 - [TEST_STEP][PASSED] - out.println("Taxtype value is : " + Taxtype): null

2024-01-14 16:31:46 - [TEST_STEP][PASSED] - openBrowser(""): Browser is opened with url: ''

2024-01-14 16:31:46 - [MESSAGE][WARNING] - A browser is already opened. Closing browser and opening a new one

2024-01-14 16:31:47 - [MESSAGE][INFO] - Starting 'Chrome' driver

2024-01-14 16:31:47 - [MESSAGE][INFO] - User set preference: ['acceptInsecureCerts', 'true']

2024-01-14 16:31:47 - [MESSAGE][INFO] - Action delay is set to 0 milliseconds

2024-01-14 16:31:49 - [MESSAGE][PASSED] - Browser is opened with url: ''

2024-01-14 16:31:49 - [TEST_STEP][PASSED] - maximizeWindow(): Current window maximized

2024-01-14 16:31:49 - [MESSAGE][PASSED] - Current window maximized

2024-01-14 16:31:49 - [TEST_STEP][PASSED] - navigateToUrl(RADurl): Navigate to 'https://qa2.velocitypayment.com/client/rad/index.html' successfully

2024-01-14 16:31:49 - [MESSAGE][PASSED] - Navigate to 'https://qa2.velocitypayment.com/client/rad/index.html' successfully

2024-01-14 16:31:49 - [TEST_STEP][PASSED] - orPath_Landing = "Object Repository/RAD_Pages/Landing_Page": null

2024-01-14 16:31:49 - [TEST_STEP][PASSED] - orPath_TaxTypeFilingYear = "Object Repository/RAD_Pages/TaxTypeFilingYear_Page": null

2024-01-14 16:31:49 - [TEST_STEP][PASSED] - orPath_TaxPayer = "Object Repository/RAD_Pages/Taxpayer_Page": null

2024-01-14 16:31:49 - [TEST_STEP][PASSED] - orPath_AddressContact = "Object Repository/RAD_Pages/AddressAndContactInfo_Page": null

2024-01-14 16:31:49 - [TEST_STEP][PASSED] - orPath_FilingStatus = "Object Repository/RAD_Pages/FilingStatus_Page": null

2024-01-14 16:31:49 - [TEST_STEP][PASSED] - orPath_Amount = "Object Repository/RAD_Pages/PaymentAmount_Page": null

2024-01-14 16:31:49 - [TEST_STEP][PASSED] - selectOptionByLabel(findTestObject(orPath_Landing + "/dd_TaxType"), Paymenttype, false): All options with label 'New Tax Return Amount Due' are selected in object 'Object Repository/RAD_Pages/Landing_Page/dd_TaxType' 

2024-01-14 16:31:51 - [MESSAGE][PASSED] - All options with label 'New Tax Return Amount Due' are selected in object 'Object Repository/RAD_Pages/Landing_Page/dd_TaxType' 

2024-01-14 16:31:51 - [TEST_STEP][PASSED] - delay(1): Delayed 1 second(s)

2024-01-14 16:31:52 - [MESSAGE][PASSED] - Delayed 1 second(s)

2024-01-14 16:31:52 - [TEST_STEP][PASSED] - switch (Paymenttype): null

2024-01-14 16:31:52 - [TEST_STEP][PASSED] - case "New Tax Return Amount Due":: null

2024-01-14 16:31:52 - [TEST_STEP][PASSED] - selectOptionByLabel(findTestObject("Object Repository/RAD_Pages/Landing_Page/select_NewTaxReturnAmountDue_TaxType"), Taxtype, false): All options with label 'Tire Recycling Fee' are selected in object 'Object Repository/RAD_Pages/Landing_Page/select_NewTaxReturnAmountDue_TaxType' 

2024-01-14 16:31:53 - [MESSAGE][PASSED] - All options with label 'Tire Recycling Fee' are selected in object 'Object Repository/RAD_Pages/Landing_Page/select_NewTaxReturnAmountDue_TaxType' 

2024-01-14 16:31:53 - [TEST_STEP][PASSED] - break: null

2024-01-14 16:31:53 - [TEST_STEP][PASSED] - delay(1): Delayed 1 second(s)

2024-01-14 16:31:54 - [MESSAGE][PASSED] - Delayed 1 second(s)

2024-01-14 16:31:54 - [TEST_STEP][PASSED] - scrollToElement(findTestObject(orPath_Amount + "/input__paymentAmount"), 3): Scroll to object 'Object Repository/RAD_Pages/PaymentAmount_Page/input__paymentAmount' successfully

2024-01-14 16:31:54 - [MESSAGE][PASSED] - Scroll to object 'Object Repository/RAD_Pages/PaymentAmount_Page/input__paymentAmount' successfully

2024-01-14 16:31:54 - [TEST_STEP][PASSED] - setText(findTestObject(orPath_AddressContact + "/input_eMailAddress"), "imtiazster@gmail.com"): Text 'imtiazster@gmail.com' is set on object 'Object Repository/RAD_Pages/AddressAndContactInfo_Page/input_eMailAddress'

2024-01-14 16:31:55 - [MESSAGE][PASSED] - Text 'imtiazster@gmail.com' is set on object 'Object Repository/RAD_Pages/AddressAndContactInfo_Page/input_eMailAddress'

2024-01-14 16:31:55 - [TEST_STEP][PASSED] - setText(findTestObject(orPath_AddressContact + "/input_reEnterEMailAddress"), "iahmed@govolution.com"): Text 'iahmed@govolution.com' is set on object 'Object Repository/RAD_Pages/AddressAndContactInfo_Page/input_reEnterEMailAddress'

2024-01-14 16:31:56 - [MESSAGE][PASSED] - Text 'iahmed@govolution.com' is set on object 'Object Repository/RAD_Pages/AddressAndContactInfo_Page/input_reEnterEMailAddress'

2024-01-14 16:31:56 - [TEST_STEP][PASSED] - delay(2): Delayed 2 second(s)

2024-01-14 16:31:58 - [MESSAGE][PASSED] - Delayed 2 second(s)

2024-01-14 16:31:58 - [TEST_STEP][PASSED] - if (verifyTextPresent("The Email and Re-enter email do not match", true)): null

2024-01-14 16:31:58 - [MESSAGE][PASSED] - Text 'The Email and Re-enter email do not match' is present on page  using regular expression

2024-01-14 16:31:58 - [TEST_STEP][PASSED] - println("Emails Dont match text is present"): null

2024-01-14 16:31:58 - [TEST_STEP][PASSED] - out.println("Pass Record Number: " + row): null

2024-01-14 16:31:58 - [TEST_STEP][PASSED] - resText = "Pass": null

2024-01-14 16:31:58 - [TEST_STEP][PASSED] - pages.WriteExcel.demoKey(resText, datText, resColumn, datCloumn, fileLoc, nameSheet, row): pages.WriteExcel.demoKey is PASSED

2024-01-14 16:31:58 - [MESSAGE][PASSED] - pages.WriteExcel.demoKey is PASSED

2024-01-14 16:31:58 - [TEST_STEP][PASSED] - ExecuteTC = findTestData(dataFile).getValue("Execute", row): null

2024-01-14 16:31:58 - [TEST_STEP][PASSED] - Taxtype = findTestData(dataFile).getValue("TaxType", row): null

2024-01-14 16:31:58 - [TEST_STEP][PASSED] - Paymenttype = findTestData(dataFile).getValue("PaymentType", row): null

2024-01-14 16:31:58 - [TEST_STEP][PASSED] - out.println("Value of Execute is : " + ExecuteTC): null

2024-01-14 16:31:58 - [TEST_STEP][PASSED] - if (ExecuteTC.equalsIgnoreCase("Y")): null

2024-01-14 16:31:58 - [TEST_STEP][PASSED] - out.println("Begin Record Number: " + row): null

2024-01-14 16:31:58 - [TEST_STEP][PASSED] - today = new java.util.Date(): null

2024-01-14 16:31:58 - [TEST_STEP][PASSED] - println(today): null

2024-01-14 16:31:58 - [TEST_STEP][PASSED] - datText = today: null

2024-01-14 16:31:58 - [TEST_STEP][PASSED] - Taxtype = findTestData(dataFile).getValue("TaxType", row): null

2024-01-14 16:31:58 - [TEST_STEP][PASSED] - out.println("Taxtype value is : " + Taxtype): null

2024-01-14 16:31:58 - [TEST_STEP][PASSED] - openBrowser(""): Browser is opened with url: ''

2024-01-14 16:31:58 - [MESSAGE][WARNING] - A browser is already opened. Closing browser and opening a new one

2024-01-14 16:31:59 - [MESSAGE][INFO] - Starting 'Chrome' driver

2024-01-14 16:31:59 - [MESSAGE][INFO] - User set preference: ['acceptInsecureCerts', 'true']

2024-01-14 16:31:59 - [MESSAGE][INFO] - Action delay is set to 0 milliseconds

2024-01-14 16:32:01 - [MESSAGE][PASSED] - Browser is opened with url: ''

2024-01-14 16:32:01 - [TEST_STEP][PASSED] - maximizeWindow(): Current window maximized

2024-01-14 16:32:01 - [MESSAGE][PASSED] - Current window maximized

2024-01-14 16:32:01 - [TEST_STEP][PASSED] - navigateToUrl(RADurl): Navigate to 'https://qa2.velocitypayment.com/client/rad/index.html' successfully

2024-01-14 16:32:02 - [MESSAGE][PASSED] - Navigate to 'https://qa2.velocitypayment.com/client/rad/index.html' successfully

2024-01-14 16:32:02 - [TEST_STEP][PASSED] - orPath_Landing = "Object Repository/RAD_Pages/Landing_Page": null

2024-01-14 16:32:02 - [TEST_STEP][PASSED] - orPath_TaxTypeFilingYear = "Object Repository/RAD_Pages/TaxTypeFilingYear_Page": null

2024-01-14 16:32:02 - [TEST_STEP][PASSED] - orPath_TaxPayer = "Object Repository/RAD_Pages/Taxpayer_Page": null

2024-01-14 16:32:02 - [TEST_STEP][PASSED] - orPath_AddressContact = "Object Repository/RAD_Pages/AddressAndContactInfo_Page": null

2024-01-14 16:32:02 - [TEST_STEP][PASSED] - orPath_FilingStatus = "Object Repository/RAD_Pages/FilingStatus_Page": null

2024-01-14 16:32:02 - [TEST_STEP][PASSED] - orPath_Amount = "Object Repository/RAD_Pages/PaymentAmount_Page": null

2024-01-14 16:32:02 - [TEST_STEP][PASSED] - selectOptionByLabel(findTestObject(orPath_Landing + "/dd_TaxType"), Paymenttype, false): All options with label 'New Tax Return Amount Due' are selected in object 'Object Repository/RAD_Pages/Landing_Page/dd_TaxType' 

2024-01-14 16:32:03 - [MESSAGE][PASSED] - All options with label 'New Tax Return Amount Due' are selected in object 'Object Repository/RAD_Pages/Landing_Page/dd_TaxType' 

2024-01-14 16:32:03 - [TEST_STEP][PASSED] - delay(1): Delayed 1 second(s)

2024-01-14 16:32:04 - [MESSAGE][PASSED] - Delayed 1 second(s)

2024-01-14 16:32:04 - [TEST_STEP][PASSED] - switch (Paymenttype): null

2024-01-14 16:32:04 - [TEST_STEP][PASSED] - case "New Tax Return Amount Due":: null

2024-01-14 16:32:04 - [TEST_STEP][PASSED] - selectOptionByLabel(findTestObject("Object Repository/RAD_Pages/Landing_Page/select_NewTaxReturnAmountDue_TaxType"), Taxtype, false): All options with label 'Tobacco Tax' are selected in object 'Object Repository/RAD_Pages/Landing_Page/select_NewTaxReturnAmountDue_TaxType' 

2024-01-14 16:32:04 - [MESSAGE][PASSED] - All options with label 'Tobacco Tax' are selected in object 'Object Repository/RAD_Pages/Landing_Page/select_NewTaxReturnAmountDue_TaxType' 

2024-01-14 16:32:04 - [TEST_STEP][PASSED] - break: null

2024-01-14 16:32:04 - [TEST_STEP][PASSED] - delay(1): Delayed 1 second(s)

2024-01-14 16:32:05 - [MESSAGE][PASSED] - Delayed 1 second(s)

2024-01-14 16:32:05 - [TEST_STEP][PASSED] - scrollToElement(findTestObject(orPath_Amount + "/input__paymentAmount"), 3): Scroll to object 'Object Repository/RAD_Pages/PaymentAmount_Page/input__paymentAmount' successfully

2024-01-14 16:32:06 - [MESSAGE][PASSED] - Scroll to object 'Object Repository/RAD_Pages/PaymentAmount_Page/input__paymentAmount' successfully

2024-01-14 16:32:06 - [TEST_STEP][PASSED] - setText(findTestObject(orPath_AddressContact + "/input_eMailAddress"), "imtiazster@gmail.com"): Text 'imtiazster@gmail.com' is set on object 'Object Repository/RAD_Pages/AddressAndContactInfo_Page/input_eMailAddress'

2024-01-14 16:32:07 - [MESSAGE][PASSED] - Text 'imtiazster@gmail.com' is set on object 'Object Repository/RAD_Pages/AddressAndContactInfo_Page/input_eMailAddress'

2024-01-14 16:32:07 - [TEST_STEP][PASSED] - setText(findTestObject(orPath_AddressContact + "/input_reEnterEMailAddress"), "iahmed@govolution.com"): Text 'iahmed@govolution.com' is set on object 'Object Repository/RAD_Pages/AddressAndContactInfo_Page/input_reEnterEMailAddress'

2024-01-14 16:32:07 - [MESSAGE][PASSED] - Text 'iahmed@govolution.com' is set on object 'Object Repository/RAD_Pages/AddressAndContactInfo_Page/input_reEnterEMailAddress'

2024-01-14 16:32:07 - [TEST_STEP][PASSED] - delay(2): Delayed 2 second(s)

2024-01-14 16:32:09 - [MESSAGE][PASSED] - Delayed 2 second(s)

2024-01-14 16:32:09 - [TEST_STEP][PASSED] - if (verifyTextPresent("The Email and Re-enter email do not match", true)): null

2024-01-14 16:32:10 - [MESSAGE][PASSED] - Text 'The Email and Re-enter email do not match' is present on page  using regular expression

2024-01-14 16:32:10 - [TEST_STEP][PASSED] - println("Emails Dont match text is present"): null

2024-01-14 16:32:10 - [TEST_STEP][PASSED] - out.println("Pass Record Number: " + row): null

2024-01-14 16:32:10 - [TEST_STEP][PASSED] - resText = "Pass": null

2024-01-14 16:32:10 - [TEST_STEP][PASSED] - pages.WriteExcel.demoKey(resText, datText, resColumn, datCloumn, fileLoc, nameSheet, row): pages.WriteExcel.demoKey is PASSED

2024-01-14 16:32:10 - [MESSAGE][PASSED] - pages.WriteExcel.demoKey is PASSED

2024-01-14 16:32:10 - [TEST_STEP][PASSED] - ExecuteTC = findTestData(dataFile).getValue("Execute", row): null

2024-01-14 16:32:10 - [TEST_STEP][PASSED] - Taxtype = findTestData(dataFile).getValue("TaxType", row): null

2024-01-14 16:32:10 - [TEST_STEP][PASSED] - Paymenttype = findTestData(dataFile).getValue("PaymentType", row): null

2024-01-14 16:32:10 - [TEST_STEP][PASSED] - out.println("Value of Execute is : " + ExecuteTC): null

2024-01-14 16:32:10 - [TEST_STEP][PASSED] - if (ExecuteTC.equalsIgnoreCase("Y")): null

2024-01-14 16:32:10 - [TEST_STEP][PASSED] - out.println("Begin Record Number: " + row): null

2024-01-14 16:32:10 - [TEST_STEP][PASSED] - today = new java.util.Date(): null

2024-01-14 16:32:10 - [TEST_STEP][PASSED] - println(today): null

2024-01-14 16:32:10 - [TEST_STEP][PASSED] - datText = today: null

2024-01-14 16:32:10 - [TEST_STEP][PASSED] - Taxtype = findTestData(dataFile).getValue("TaxType", row): null

2024-01-14 16:32:10 - [TEST_STEP][PASSED] - out.println("Taxtype value is : " + Taxtype): null

2024-01-14 16:32:10 - [TEST_STEP][PASSED] - openBrowser(""): Browser is opened with url: ''

2024-01-14 16:32:10 - [MESSAGE][WARNING] - A browser is already opened. Closing browser and opening a new one

2024-01-14 16:32:11 - [MESSAGE][INFO] - Starting 'Chrome' driver

2024-01-14 16:32:11 - [MESSAGE][INFO] - User set preference: ['acceptInsecureCerts', 'true']

2024-01-14 16:32:11 - [MESSAGE][INFO] - Action delay is set to 0 milliseconds

2024-01-14 16:32:13 - [MESSAGE][PASSED] - Browser is opened with url: ''

2024-01-14 16:32:13 - [TEST_STEP][PASSED] - maximizeWindow(): Current window maximized

2024-01-14 16:32:13 - [MESSAGE][PASSED] - Current window maximized

2024-01-14 16:32:13 - [TEST_STEP][PASSED] - navigateToUrl(RADurl): Navigate to 'https://qa2.velocitypayment.com/client/rad/index.html' successfully

2024-01-14 16:32:14 - [MESSAGE][PASSED] - Navigate to 'https://qa2.velocitypayment.com/client/rad/index.html' successfully

2024-01-14 16:32:14 - [TEST_STEP][PASSED] - orPath_Landing = "Object Repository/RAD_Pages/Landing_Page": null

2024-01-14 16:32:14 - [TEST_STEP][PASSED] - orPath_TaxTypeFilingYear = "Object Repository/RAD_Pages/TaxTypeFilingYear_Page": null

2024-01-14 16:32:14 - [TEST_STEP][PASSED] - orPath_TaxPayer = "Object Repository/RAD_Pages/Taxpayer_Page": null

2024-01-14 16:32:14 - [TEST_STEP][PASSED] - orPath_AddressContact = "Object Repository/RAD_Pages/AddressAndContactInfo_Page": null

2024-01-14 16:32:14 - [TEST_STEP][PASSED] - orPath_FilingStatus = "Object Repository/RAD_Pages/FilingStatus_Page": null

2024-01-14 16:32:14 - [TEST_STEP][PASSED] - orPath_Amount = "Object Repository/RAD_Pages/PaymentAmount_Page": null

2024-01-14 16:32:14 - [TEST_STEP][PASSED] - selectOptionByLabel(findTestObject(orPath_Landing + "/dd_TaxType"), Paymenttype, false): All options with label 'New Tax Return Amount Due' are selected in object 'Object Repository/RAD_Pages/Landing_Page/dd_TaxType' 

2024-01-14 16:32:15 - [MESSAGE][PASSED] - All options with label 'New Tax Return Amount Due' are selected in object 'Object Repository/RAD_Pages/Landing_Page/dd_TaxType' 

2024-01-14 16:32:15 - [TEST_STEP][PASSED] - delay(1): Delayed 1 second(s)

2024-01-14 16:32:16 - [MESSAGE][PASSED] - Delayed 1 second(s)

2024-01-14 16:32:16 - [TEST_STEP][PASSED] - switch (Paymenttype): null

2024-01-14 16:32:16 - [TEST_STEP][PASSED] - case "New Tax Return Amount Due":: null

2024-01-14 16:32:16 - [TEST_STEP][PASSED] - selectOptionByLabel(findTestObject("Object Repository/RAD_Pages/Landing_Page/select_NewTaxReturnAmountDue_TaxType"), Taxtype, false): All options with label 'Transportation Network Services' are selected in object 'Object Repository/RAD_Pages/Landing_Page/select_NewTaxReturnAmountDue_TaxType' 

2024-01-14 16:32:16 - [MESSAGE][PASSED] - All options with label 'Transportation Network Services' are selected in object 'Object Repository/RAD_Pages/Landing_Page/select_NewTaxReturnAmountDue_TaxType' 

2024-01-14 16:32:16 - [TEST_STEP][PASSED] - break: null

2024-01-14 16:32:16 - [TEST_STEP][PASSED] - delay(1): Delayed 1 second(s)

2024-01-14 16:32:17 - [MESSAGE][PASSED] - Delayed 1 second(s)

2024-01-14 16:32:17 - [TEST_STEP][PASSED] - scrollToElement(findTestObject(orPath_Amount + "/input__paymentAmount"), 3): Scroll to object 'Object Repository/RAD_Pages/PaymentAmount_Page/input__paymentAmount' successfully

2024-01-14 16:32:18 - [MESSAGE][PASSED] - Scroll to object 'Object Repository/RAD_Pages/PaymentAmount_Page/input__paymentAmount' successfully

2024-01-14 16:32:18 - [TEST_STEP][PASSED] - setText(findTestObject(orPath_AddressContact + "/input_eMailAddress"), "imtiazster@gmail.com"): Text 'imtiazster@gmail.com' is set on object 'Object Repository/RAD_Pages/AddressAndContactInfo_Page/input_eMailAddress'

2024-01-14 16:32:19 - [MESSAGE][PASSED] - Text 'imtiazster@gmail.com' is set on object 'Object Repository/RAD_Pages/AddressAndContactInfo_Page/input_eMailAddress'

2024-01-14 16:32:19 - [TEST_STEP][PASSED] - setText(findTestObject(orPath_AddressContact + "/input_reEnterEMailAddress"), "iahmed@govolution.com"): Text 'iahmed@govolution.com' is set on object 'Object Repository/RAD_Pages/AddressAndContactInfo_Page/input_reEnterEMailAddress'

2024-01-14 16:32:19 - [MESSAGE][PASSED] - Text 'iahmed@govolution.com' is set on object 'Object Repository/RAD_Pages/AddressAndContactInfo_Page/input_reEnterEMailAddress'

2024-01-14 16:32:19 - [TEST_STEP][PASSED] - delay(2): Delayed 2 second(s)

2024-01-14 16:32:21 - [MESSAGE][PASSED] - Delayed 2 second(s)

2024-01-14 16:32:21 - [TEST_STEP][PASSED] - if (verifyTextPresent("The Email and Re-enter email do not match", true)): null

2024-01-14 16:32:22 - [MESSAGE][PASSED] - Text 'The Email and Re-enter email do not match' is present on page  using regular expression

2024-01-14 16:32:22 - [TEST_STEP][PASSED] - println("Emails Dont match text is present"): null

2024-01-14 16:32:22 - [TEST_STEP][PASSED] - out.println("Pass Record Number: " + row): null

2024-01-14 16:32:22 - [TEST_STEP][PASSED] - resText = "Pass": null

2024-01-14 16:32:22 - [TEST_STEP][PASSED] - pages.WriteExcel.demoKey(resText, datText, resColumn, datCloumn, fileLoc, nameSheet, row): pages.WriteExcel.demoKey is PASSED

2024-01-14 16:32:22 - [MESSAGE][PASSED] - pages.WriteExcel.demoKey is PASSED

2024-01-14 16:32:22 - [TEST_STEP][PASSED] - ExecuteTC = findTestData(dataFile).getValue("Execute", row): null

2024-01-14 16:32:22 - [TEST_STEP][PASSED] - Taxtype = findTestData(dataFile).getValue("TaxType", row): null

2024-01-14 16:32:22 - [TEST_STEP][PASSED] - Paymenttype = findTestData(dataFile).getValue("PaymentType", row): null

2024-01-14 16:32:22 - [TEST_STEP][PASSED] - out.println("Value of Execute is : " + ExecuteTC): null

2024-01-14 16:32:22 - [TEST_STEP][PASSED] - if (ExecuteTC.equalsIgnoreCase("Y")): null

2024-01-14 16:32:22 - [TEST_STEP][PASSED] - out.println("Begin Record Number: " + row): null

2024-01-14 16:32:22 - [TEST_STEP][PASSED] - today = new java.util.Date(): null

2024-01-14 16:32:22 - [TEST_STEP][PASSED] - println(today): null

2024-01-14 16:32:22 - [TEST_STEP][PASSED] - datText = today: null

2024-01-14 16:32:22 - [TEST_STEP][PASSED] - Taxtype = findTestData(dataFile).getValue("TaxType", row): null

2024-01-14 16:32:22 - [TEST_STEP][PASSED] - out.println("Taxtype value is : " + Taxtype): null

2024-01-14 16:32:22 - [TEST_STEP][PASSED] - openBrowser(""): Browser is opened with url: ''

2024-01-14 16:32:22 - [MESSAGE][WARNING] - A browser is already opened. Closing browser and opening a new one

2024-01-14 16:32:23 - [MESSAGE][INFO] - Starting 'Chrome' driver

2024-01-14 16:32:23 - [MESSAGE][INFO] - User set preference: ['acceptInsecureCerts', 'true']

2024-01-14 16:32:23 - [MESSAGE][INFO] - Action delay is set to 0 milliseconds

2024-01-14 16:32:25 - [MESSAGE][PASSED] - Browser is opened with url: ''

2024-01-14 16:32:25 - [TEST_STEP][PASSED] - maximizeWindow(): Current window maximized

2024-01-14 16:32:25 - [MESSAGE][PASSED] - Current window maximized

2024-01-14 16:32:25 - [TEST_STEP][PASSED] - navigateToUrl(RADurl): Navigate to 'https://qa2.velocitypayment.com/client/rad/index.html' successfully

2024-01-14 16:32:25 - [MESSAGE][PASSED] - Navigate to 'https://qa2.velocitypayment.com/client/rad/index.html' successfully

2024-01-14 16:32:25 - [TEST_STEP][PASSED] - orPath_Landing = "Object Repository/RAD_Pages/Landing_Page": null

2024-01-14 16:32:25 - [TEST_STEP][PASSED] - orPath_TaxTypeFilingYear = "Object Repository/RAD_Pages/TaxTypeFilingYear_Page": null

2024-01-14 16:32:25 - [TEST_STEP][PASSED] - orPath_TaxPayer = "Object Repository/RAD_Pages/Taxpayer_Page": null

2024-01-14 16:32:25 - [TEST_STEP][PASSED] - orPath_AddressContact = "Object Repository/RAD_Pages/AddressAndContactInfo_Page": null

2024-01-14 16:32:25 - [TEST_STEP][PASSED] - orPath_FilingStatus = "Object Repository/RAD_Pages/FilingStatus_Page": null

2024-01-14 16:32:25 - [TEST_STEP][PASSED] - orPath_Amount = "Object Repository/RAD_Pages/PaymentAmount_Page": null

2024-01-14 16:32:25 - [TEST_STEP][PASSED] - selectOptionByLabel(findTestObject(orPath_Landing + "/dd_TaxType"), Paymenttype, false): All options with label 'New Tax Return Amount Due' are selected in object 'Object Repository/RAD_Pages/Landing_Page/dd_TaxType' 

2024-01-14 16:32:27 - [MESSAGE][PASSED] - All options with label 'New Tax Return Amount Due' are selected in object 'Object Repository/RAD_Pages/Landing_Page/dd_TaxType' 

2024-01-14 16:32:27 - [TEST_STEP][PASSED] - delay(1): Delayed 1 second(s)

2024-01-14 16:32:28 - [MESSAGE][PASSED] - Delayed 1 second(s)

2024-01-14 16:32:28 - [TEST_STEP][PASSED] - switch (Paymenttype): null

2024-01-14 16:32:28 - [TEST_STEP][PASSED] - case "New Tax Return Amount Due":: null

2024-01-14 16:32:28 - [TEST_STEP][PASSED] - selectOptionByLabel(findTestObject("Object Repository/RAD_Pages/Landing_Page/select_NewTaxReturnAmountDue_TaxType"), Taxtype, false): All options with label 'Unclaimed Property' are selected in object 'Object Repository/RAD_Pages/Landing_Page/select_NewTaxReturnAmountDue_TaxType' 

2024-01-14 16:32:28 - [MESSAGE][PASSED] - All options with label 'Unclaimed Property' are selected in object 'Object Repository/RAD_Pages/Landing_Page/select_NewTaxReturnAmountDue_TaxType' 

2024-01-14 16:32:28 - [TEST_STEP][PASSED] - break: null

2024-01-14 16:32:28 - [TEST_STEP][PASSED] - delay(1): Delayed 1 second(s)

2024-01-14 16:32:29 - [MESSAGE][PASSED] - Delayed 1 second(s)

2024-01-14 16:32:29 - [TEST_STEP][PASSED] - scrollToElement(findTestObject(orPath_Amount + "/input__paymentAmount"), 3): Scroll to object 'Object Repository/RAD_Pages/PaymentAmount_Page/input__paymentAmount' successfully

2024-01-14 16:32:30 - [MESSAGE][PASSED] - Scroll to object 'Object Repository/RAD_Pages/PaymentAmount_Page/input__paymentAmount' successfully

2024-01-14 16:32:30 - [TEST_STEP][PASSED] - setText(findTestObject(orPath_AddressContact + "/input_eMailAddress"), "imtiazster@gmail.com"): Text 'imtiazster@gmail.com' is set on object 'Object Repository/RAD_Pages/AddressAndContactInfo_Page/input_eMailAddress'

2024-01-14 16:32:31 - [MESSAGE][PASSED] - Text 'imtiazster@gmail.com' is set on object 'Object Repository/RAD_Pages/AddressAndContactInfo_Page/input_eMailAddress'

2024-01-14 16:32:31 - [TEST_STEP][PASSED] - setText(findTestObject(orPath_AddressContact + "/input_reEnterEMailAddress"), "iahmed@govolution.com"): Text 'iahmed@govolution.com' is set on object 'Object Repository/RAD_Pages/AddressAndContactInfo_Page/input_reEnterEMailAddress'

2024-01-14 16:32:31 - [MESSAGE][PASSED] - Text 'iahmed@govolution.com' is set on object 'Object Repository/RAD_Pages/AddressAndContactInfo_Page/input_reEnterEMailAddress'

2024-01-14 16:32:31 - [TEST_STEP][PASSED] - delay(2): Delayed 2 second(s)

2024-01-14 16:32:33 - [MESSAGE][PASSED] - Delayed 2 second(s)

2024-01-14 16:32:33 - [TEST_STEP][PASSED] - if (verifyTextPresent("The Email and Re-enter email do not match", true)): null

2024-01-14 16:32:34 - [MESSAGE][PASSED] - Text 'The Email and Re-enter email do not match' is present on page  using regular expression

2024-01-14 16:32:34 - [TEST_STEP][PASSED] - println("Emails Dont match text is present"): null

2024-01-14 16:32:34 - [TEST_STEP][PASSED] - out.println("Pass Record Number: " + row): null

2024-01-14 16:32:34 - [TEST_STEP][PASSED] - resText = "Pass": null

2024-01-14 16:32:34 - [TEST_STEP][PASSED] - pages.WriteExcel.demoKey(resText, datText, resColumn, datCloumn, fileLoc, nameSheet, row): pages.WriteExcel.demoKey is PASSED

2024-01-14 16:32:34 - [MESSAGE][PASSED] - pages.WriteExcel.demoKey is PASSED

2024-01-14 16:32:34 - [TEST_STEP][PASSED] - ExecuteTC = findTestData(dataFile).getValue("Execute", row): null

2024-01-14 16:32:34 - [TEST_STEP][PASSED] - Taxtype = findTestData(dataFile).getValue("TaxType", row): null

2024-01-14 16:32:34 - [TEST_STEP][PASSED] - Paymenttype = findTestData(dataFile).getValue("PaymentType", row): null

2024-01-14 16:32:34 - [TEST_STEP][PASSED] - out.println("Value of Execute is : " + ExecuteTC): null

2024-01-14 16:32:34 - [TEST_STEP][PASSED] - if (ExecuteTC.equalsIgnoreCase("Y")): null

2024-01-14 16:32:34 - [TEST_STEP][PASSED] - out.println("Begin Record Number: " + row): null

2024-01-14 16:32:34 - [TEST_STEP][PASSED] - today = new java.util.Date(): null

2024-01-14 16:32:34 - [TEST_STEP][PASSED] - println(today): null

2024-01-14 16:32:34 - [TEST_STEP][PASSED] - datText = today: null

2024-01-14 16:32:34 - [TEST_STEP][PASSED] - Taxtype = findTestData(dataFile).getValue("TaxType", row): null

2024-01-14 16:32:34 - [TEST_STEP][PASSED] - out.println("Taxtype value is : " + Taxtype): null

2024-01-14 16:32:34 - [TEST_STEP][PASSED] - openBrowser(""): Browser is opened with url: ''

2024-01-14 16:32:34 - [MESSAGE][WARNING] - A browser is already opened. Closing browser and opening a new one

2024-01-14 16:32:35 - [MESSAGE][INFO] - Starting 'Chrome' driver

2024-01-14 16:32:35 - [MESSAGE][INFO] - User set preference: ['acceptInsecureCerts', 'true']

2024-01-14 16:32:35 - [MESSAGE][INFO] - Action delay is set to 0 milliseconds

2024-01-14 16:32:36 - [MESSAGE][PASSED] - Browser is opened with url: ''

2024-01-14 16:32:36 - [TEST_STEP][PASSED] - maximizeWindow(): Current window maximized

2024-01-14 16:32:37 - [MESSAGE][PASSED] - Current window maximized

2024-01-14 16:32:37 - [TEST_STEP][PASSED] - navigateToUrl(RADurl): Navigate to 'https://qa2.velocitypayment.com/client/rad/index.html' successfully

2024-01-14 16:32:38 - [MESSAGE][PASSED] - Navigate to 'https://qa2.velocitypayment.com/client/rad/index.html' successfully

2024-01-14 16:32:38 - [TEST_STEP][PASSED] - orPath_Landing = "Object Repository/RAD_Pages/Landing_Page": null

2024-01-14 16:32:38 - [TEST_STEP][PASSED] - orPath_TaxTypeFilingYear = "Object Repository/RAD_Pages/TaxTypeFilingYear_Page": null

2024-01-14 16:32:38 - [TEST_STEP][PASSED] - orPath_TaxPayer = "Object Repository/RAD_Pages/Taxpayer_Page": null

2024-01-14 16:32:38 - [TEST_STEP][PASSED] - orPath_AddressContact = "Object Repository/RAD_Pages/AddressAndContactInfo_Page": null

2024-01-14 16:32:38 - [TEST_STEP][PASSED] - orPath_FilingStatus = "Object Repository/RAD_Pages/FilingStatus_Page": null

2024-01-14 16:32:38 - [TEST_STEP][PASSED] - orPath_Amount = "Object Repository/RAD_Pages/PaymentAmount_Page": null

2024-01-14 16:32:38 - [TEST_STEP][PASSED] - selectOptionByLabel(findTestObject(orPath_Landing + "/dd_TaxType"), Paymenttype, false): All options with label 'New Tax Return Amount Due' are selected in object 'Object Repository/RAD_Pages/Landing_Page/dd_TaxType' 

2024-01-14 16:32:39 - [MESSAGE][PASSED] - All options with label 'New Tax Return Amount Due' are selected in object 'Object Repository/RAD_Pages/Landing_Page/dd_TaxType' 

2024-01-14 16:32:39 - [TEST_STEP][PASSED] - delay(1): Delayed 1 second(s)

2024-01-14 16:32:40 - [MESSAGE][PASSED] - Delayed 1 second(s)

2024-01-14 16:32:40 - [TEST_STEP][PASSED] - switch (Paymenttype): null

2024-01-14 16:32:40 - [TEST_STEP][PASSED] - case "New Tax Return Amount Due":: null

2024-01-14 16:32:40 - [TEST_STEP][PASSED] - selectOptionByLabel(findTestObject("Object Repository/RAD_Pages/Landing_Page/select_NewTaxReturnAmountDue_TaxType"), Taxtype, false): All options with label 'Withholding Tax' are selected in object 'Object Repository/RAD_Pages/Landing_Page/select_NewTaxReturnAmountDue_TaxType' 

2024-01-14 16:32:40 - [MESSAGE][PASSED] - All options with label 'Withholding Tax' are selected in object 'Object Repository/RAD_Pages/Landing_Page/select_NewTaxReturnAmountDue_TaxType' 

2024-01-14 16:32:40 - [TEST_STEP][PASSED] - break: null

2024-01-14 16:32:40 - [TEST_STEP][PASSED] - delay(1): Delayed 1 second(s)

2024-01-14 16:32:41 - [MESSAGE][PASSED] - Delayed 1 second(s)

2024-01-14 16:32:41 - [TEST_STEP][PASSED] - scrollToElement(findTestObject(orPath_Amount + "/input__paymentAmount"), 3): Scroll to object 'Object Repository/RAD_Pages/PaymentAmount_Page/input__paymentAmount' successfully

2024-01-14 16:32:42 - [MESSAGE][PASSED] - Scroll to object 'Object Repository/RAD_Pages/PaymentAmount_Page/input__paymentAmount' successfully

2024-01-14 16:32:42 - [TEST_STEP][PASSED] - setText(findTestObject(orPath_AddressContact + "/input_eMailAddress"), "imtiazster@gmail.com"): Text 'imtiazster@gmail.com' is set on object 'Object Repository/RAD_Pages/AddressAndContactInfo_Page/input_eMailAddress'

2024-01-14 16:32:42 - [MESSAGE][PASSED] - Text 'imtiazster@gmail.com' is set on object 'Object Repository/RAD_Pages/AddressAndContactInfo_Page/input_eMailAddress'

2024-01-14 16:32:42 - [TEST_STEP][PASSED] - setText(findTestObject(orPath_AddressContact + "/input_reEnterEMailAddress"), "iahmed@govolution.com"): Text 'iahmed@govolution.com' is set on object 'Object Repository/RAD_Pages/AddressAndContactInfo_Page/input_reEnterEMailAddress'

2024-01-14 16:32:43 - [MESSAGE][PASSED] - Text 'iahmed@govolution.com' is set on object 'Object Repository/RAD_Pages/AddressAndContactInfo_Page/input_reEnterEMailAddress'

2024-01-14 16:32:43 - [TEST_STEP][PASSED] - delay(2): Delayed 2 second(s)

2024-01-14 16:32:45 - [MESSAGE][PASSED] - Delayed 2 second(s)

2024-01-14 16:32:45 - [TEST_STEP][PASSED] - if (verifyTextPresent("The Email and Re-enter email do not match", true)): null

2024-01-14 16:32:46 - [MESSAGE][PASSED] - Text 'The Email and Re-enter email do not match' is present on page  using regular expression

2024-01-14 16:32:46 - [TEST_STEP][PASSED] - println("Emails Dont match text is present"): null

2024-01-14 16:32:46 - [TEST_STEP][PASSED] - out.println("Pass Record Number: " + row): null

2024-01-14 16:32:46 - [TEST_STEP][PASSED] - resText = "Pass": null

2024-01-14 16:32:46 - [TEST_STEP][PASSED] - pages.WriteExcel.demoKey(resText, datText, resColumn, datCloumn, fileLoc, nameSheet, row): pages.WriteExcel.demoKey is PASSED

2024-01-14 16:32:46 - [MESSAGE][PASSED] - pages.WriteExcel.demoKey is PASSED]]></system-out>
         <system-err><![CDATA[]]></system-err>
      </testcase>
      <testcase name="Test Cases/RAD_TestCases/Negative_TestCases/TaxPayerSSNNoMatch" time="37.969" classname="Test Cases/RAD_TestCases/Negative_TestCases/TaxPayerSSNNoMatch" status="PASSED">
         <system-out><![CDATA[2024-01-14 16:32:46 - [TEST_CASE][PASSED] - Test Cases/RAD_TestCases/Negative_TestCases/TaxPayerSSNNoMatch: Test Cases/RAD_TestCases/Negative_TestCases/TaxPayerSSNNoMatch

2024-01-14 16:32:46 - [TEST_STEP][PASSED] - resText = "Fail": null

2024-01-14 16:32:46 - [TEST_STEP][PASSED] - resColumn = "Result": null

2024-01-14 16:32:46 - [TEST_STEP][PASSED] - datCloumn = "Date": null

2024-01-14 16:32:46 - [TEST_STEP][PASSED] - fileLoc = "KatalonData/RADTestData/TaxPayerSSNNoMatch.xlsx": null

2024-01-14 16:32:46 - [TEST_STEP][PASSED] - nameSheet = "Sheet1": null

2024-01-14 16:32:46 - [TEST_STEP][PASSED] - dataFile = "RADTestData/TaxPayerSSNNoMatch": null

2024-01-14 16:32:46 - [TEST_STEP][PASSED] - ExecuteTC = <not implemented yet for class: org.codehaus.groovy.ast.expr.EmptyExpression>: null

2024-01-14 16:32:46 - [TEST_STEP][PASSED] - Taxtype = <not implemented yet for class: org.codehaus.groovy.ast.expr.EmptyExpression>: null

2024-01-14 16:32:46 - [TEST_STEP][PASSED] - numOfRows = findTestData(dataFile).getRowNumbers(): null

2024-01-14 16:32:46 - [TEST_STEP][PASSED] - println("Number of Records: " + numOfRows): null

2024-01-14 16:32:46 - [TEST_STEP][PASSED] - for ([row = 1, row <= numOfRows, (row++)]): null

2024-01-14 16:32:46 - [TEST_STEP][PASSED] - ExecuteTC = findTestData(dataFile).getValue("Execute", row): null

2024-01-14 16:32:46 - [TEST_STEP][PASSED] - Taxtype = findTestData(dataFile).getValue("TaxType", row): null

2024-01-14 16:32:46 - [TEST_STEP][PASSED] - Paymenttype = findTestData(dataFile).getValue("PaymentType", row): null

2024-01-14 16:32:46 - [TEST_STEP][PASSED] - out.println("Value of Execute is : " + ExecuteTC): null

2024-01-14 16:32:46 - [TEST_STEP][PASSED] - if (ExecuteTC.equalsIgnoreCase("Y")): null

2024-01-14 16:32:46 - [TEST_STEP][PASSED] - out.println("Begin Record Number: " + row): null

2024-01-14 16:32:46 - [TEST_STEP][PASSED] - today = new java.util.Date(): null

2024-01-14 16:32:46 - [TEST_STEP][PASSED] - println(today): null

2024-01-14 16:32:46 - [TEST_STEP][PASSED] - datText = today: null

2024-01-14 16:32:46 - [TEST_STEP][PASSED] - Taxtype = findTestData(dataFile).getValue("TaxType", row): null

2024-01-14 16:32:46 - [TEST_STEP][PASSED] - out.println("Taxtype value is : " + Taxtype): null

2024-01-14 16:32:46 - [TEST_STEP][PASSED] - openBrowser(""): Browser is opened with url: ''

2024-01-14 16:32:46 - [MESSAGE][WARNING] - A browser is already opened. Closing browser and opening a new one

2024-01-14 16:32:47 - [MESSAGE][INFO] - Starting 'Chrome' driver

2024-01-14 16:32:47 - [MESSAGE][INFO] - User set preference: ['acceptInsecureCerts', 'true']

2024-01-14 16:32:47 - [MESSAGE][INFO] - Action delay is set to 0 milliseconds

2024-01-14 16:32:49 - [MESSAGE][PASSED] - Browser is opened with url: ''

2024-01-14 16:32:49 - [TEST_STEP][PASSED] - maximizeWindow(): Current window maximized

2024-01-14 16:32:49 - [MESSAGE][PASSED] - Current window maximized

2024-01-14 16:32:49 - [TEST_STEP][PASSED] - navigateToUrl(RADurl): Navigate to 'https://qa2.velocitypayment.com/client/rad/index.html' successfully

2024-01-14 16:32:49 - [MESSAGE][PASSED] - Navigate to 'https://qa2.velocitypayment.com/client/rad/index.html' successfully

2024-01-14 16:32:49 - [TEST_STEP][PASSED] - orPath_Landing = "Object Repository/RAD_Pages/Landing_Page": null

2024-01-14 16:32:49 - [TEST_STEP][PASSED] - orPath_TaxTypeFilingYear = "Object Repository/RAD_Pages/TaxTypeFilingYear_Page": null

2024-01-14 16:32:49 - [TEST_STEP][PASSED] - orPath_TaxPayer = "Object Repository/RAD_Pages/Taxpayer_Page": null

2024-01-14 16:32:49 - [TEST_STEP][PASSED] - orPath_AddressContact = "Object Repository/RAD_Pages/AddressAndContactInfo_Page": null

2024-01-14 16:32:49 - [TEST_STEP][PASSED] - orPath_FilingStatus = "Object Repository/RAD_Pages/FilingStatus_Page": null

2024-01-14 16:32:49 - [TEST_STEP][PASSED] - orPath_Amount = "Object Repository/RAD_Pages/PaymentAmount_Page": null

2024-01-14 16:32:49 - [TEST_STEP][PASSED] - orPath_TaxInfo = "Object Repository/RAD_Pages/TaxInfo_Page": null

2024-01-14 16:32:49 - [TEST_STEP][PASSED] - selectOptionByLabel(findTestObject(orPath_Landing + "/dd_TaxType"), Paymenttype, false): All options with label 'Existing Liability w/Notice Number' are selected in object 'Object Repository/RAD_Pages/Landing_Page/dd_TaxType' 

2024-01-14 16:32:51 - [MESSAGE][PASSED] - All options with label 'Existing Liability w/Notice Number' are selected in object 'Object Repository/RAD_Pages/Landing_Page/dd_TaxType' 

2024-01-14 16:32:51 - [TEST_STEP][PASSED] - delay(1): Delayed 1 second(s)

2024-01-14 16:32:52 - [MESSAGE][PASSED] - Delayed 1 second(s)

2024-01-14 16:32:52 - [TEST_STEP][PASSED] - switch (Paymenttype): null

2024-01-14 16:32:52 - [TEST_STEP][PASSED] - case "Existing Liability w/Notice Number":: null

2024-01-14 16:32:52 - [TEST_STEP][PASSED] - selectOptionByLabel(findTestObject(orPath_TaxTypeFilingYear + "/select_TaxType_ExistingLiability"), Taxtype, false): All options with label 'Personal Income Tax' are selected in object 'Object Repository/RAD_Pages/TaxTypeFilingYear_Page/select_TaxType_ExistingLiability' 

2024-01-14 16:32:53 - [MESSAGE][PASSED] - All options with label 'Personal Income Tax' are selected in object 'Object Repository/RAD_Pages/TaxTypeFilingYear_Page/select_TaxType_ExistingLiability' 

2024-01-14 16:32:53 - [TEST_STEP][PASSED] - break: null

2024-01-14 16:32:53 - [TEST_STEP][PASSED] - delay(1): Delayed 1 second(s)

2024-01-14 16:32:54 - [MESSAGE][PASSED] - Delayed 1 second(s)

2024-01-14 16:32:54 - [TEST_STEP][PASSED] - scrollToElement(findTestObject(orPath_TaxPayer + "/input_firstName"), 3): Scroll to object 'Object Repository/RAD_Pages/Taxpayer_Page/input_firstName' successfully

2024-01-14 16:32:54 - [MESSAGE][PASSED] - Scroll to object 'Object Repository/RAD_Pages/Taxpayer_Page/input_firstName' successfully

2024-01-14 16:32:54 - [TEST_STEP][PASSED] - switch (Paymenttype): null

2024-01-14 16:32:54 - [TEST_STEP][PASSED] - case "Existing Liability w/Notice Number":: null

2024-01-14 16:32:54 - [TEST_STEP][PASSED] - setText(findTestObject(orPath_TaxInfo + "/input_Existing_SSN"), "111111111"): Text '111111111' is set on object 'Object Repository/RAD_Pages/TaxInfo_Page/input_Existing_SSN'

2024-01-14 16:32:55 - [MESSAGE][PASSED] - Text '111111111' is set on object 'Object Repository/RAD_Pages/TaxInfo_Page/input_Existing_SSN'

2024-01-14 16:32:55 - [TEST_STEP][PASSED] - setText(findTestObject(orPath_TaxInfo + "/input_Existing_RetypeSSN"), "222222222"): Text '222222222' is set on object 'Object Repository/RAD_Pages/TaxInfo_Page/input_Existing_RetypeSSN'

2024-01-14 16:32:55 - [MESSAGE][PASSED] - Text '222222222' is set on object 'Object Repository/RAD_Pages/TaxInfo_Page/input_Existing_RetypeSSN'

2024-01-14 16:32:55 - [TEST_STEP][PASSED] - setText(findTestObject(orPath_TaxPayer + "/input_lastName"), "Anderson"): Text 'Anderson' is set on object 'Object Repository/RAD_Pages/Taxpayer_Page/input_lastName'

2024-01-14 16:32:56 - [MESSAGE][PASSED] - Text 'Anderson' is set on object 'Object Repository/RAD_Pages/Taxpayer_Page/input_lastName'

2024-01-14 16:32:56 - [TEST_STEP][PASSED] - break: null

2024-01-14 16:32:56 - [TEST_STEP][PASSED] - delay(2): Delayed 2 second(s)

2024-01-14 16:32:58 - [MESSAGE][PASSED] - Delayed 2 second(s)

2024-01-14 16:32:58 - [TEST_STEP][PASSED] - if (verifyTextPresent("The SSN and Re-type SSN do not match", true)): null

2024-01-14 16:32:59 - [MESSAGE][PASSED] - Text 'The SSN and Re-type SSN do not match' is present on page  using regular expression

2024-01-14 16:32:59 - [TEST_STEP][PASSED] - println("Taxpayer SSN Dont match text is present"): null

2024-01-14 16:32:59 - [TEST_STEP][PASSED] - out.println("Pass Record Number: " + row): null

2024-01-14 16:32:59 - [TEST_STEP][PASSED] - resText = "Pass": null

2024-01-14 16:32:59 - [TEST_STEP][PASSED] - pages.WriteExcel.demoKey(resText, datText, resColumn, datCloumn, fileLoc, nameSheet, row): pages.WriteExcel.demoKey is PASSED

2024-01-14 16:32:59 - [MESSAGE][PASSED] - pages.WriteExcel.demoKey is PASSED

2024-01-14 16:32:59 - [TEST_STEP][PASSED] - ExecuteTC = findTestData(dataFile).getValue("Execute", row): null

2024-01-14 16:32:59 - [TEST_STEP][PASSED] - Taxtype = findTestData(dataFile).getValue("TaxType", row): null

2024-01-14 16:32:59 - [TEST_STEP][PASSED] - Paymenttype = findTestData(dataFile).getValue("PaymentType", row): null

2024-01-14 16:32:59 - [TEST_STEP][PASSED] - out.println("Value of Execute is : " + ExecuteTC): null

2024-01-14 16:32:59 - [TEST_STEP][PASSED] - if (ExecuteTC.equalsIgnoreCase("Y")): null

2024-01-14 16:32:59 - [TEST_STEP][PASSED] - out.println("Begin Record Number: " + row): null

2024-01-14 16:32:59 - [TEST_STEP][PASSED] - today = new java.util.Date(): null

2024-01-14 16:32:59 - [TEST_STEP][PASSED] - println(today): null

2024-01-14 16:32:59 - [TEST_STEP][PASSED] - datText = today: null

2024-01-14 16:32:59 - [TEST_STEP][PASSED] - Taxtype = findTestData(dataFile).getValue("TaxType", row): null

2024-01-14 16:32:59 - [TEST_STEP][PASSED] - out.println("Taxtype value is : " + Taxtype): null

2024-01-14 16:32:59 - [TEST_STEP][PASSED] - openBrowser(""): Browser is opened with url: ''

2024-01-14 16:32:59 - [MESSAGE][WARNING] - A browser is already opened. Closing browser and opening a new one

2024-01-14 16:33:00 - [MESSAGE][INFO] - Starting 'Chrome' driver

2024-01-14 16:33:00 - [MESSAGE][INFO] - User set preference: ['acceptInsecureCerts', 'true']

2024-01-14 16:33:00 - [MESSAGE][INFO] - Action delay is set to 0 milliseconds

2024-01-14 16:33:01 - [MESSAGE][PASSED] - Browser is opened with url: ''

2024-01-14 16:33:01 - [TEST_STEP][PASSED] - maximizeWindow(): Current window maximized

2024-01-14 16:33:01 - [MESSAGE][PASSED] - Current window maximized

2024-01-14 16:33:01 - [TEST_STEP][PASSED] - navigateToUrl(RADurl): Navigate to 'https://qa2.velocitypayment.com/client/rad/index.html' successfully

2024-01-14 16:33:03 - [MESSAGE][PASSED] - Navigate to 'https://qa2.velocitypayment.com/client/rad/index.html' successfully

2024-01-14 16:33:03 - [TEST_STEP][PASSED] - orPath_Landing = "Object Repository/RAD_Pages/Landing_Page": null

2024-01-14 16:33:03 - [TEST_STEP][PASSED] - orPath_TaxTypeFilingYear = "Object Repository/RAD_Pages/TaxTypeFilingYear_Page": null

2024-01-14 16:33:03 - [TEST_STEP][PASSED] - orPath_TaxPayer = "Object Repository/RAD_Pages/Taxpayer_Page": null

2024-01-14 16:33:03 - [TEST_STEP][PASSED] - orPath_AddressContact = "Object Repository/RAD_Pages/AddressAndContactInfo_Page": null

2024-01-14 16:33:03 - [TEST_STEP][PASSED] - orPath_FilingStatus = "Object Repository/RAD_Pages/FilingStatus_Page": null

2024-01-14 16:33:03 - [TEST_STEP][PASSED] - orPath_Amount = "Object Repository/RAD_Pages/PaymentAmount_Page": null

2024-01-14 16:33:03 - [TEST_STEP][PASSED] - orPath_TaxInfo = "Object Repository/RAD_Pages/TaxInfo_Page": null

2024-01-14 16:33:03 - [TEST_STEP][PASSED] - selectOptionByLabel(findTestObject(orPath_Landing + "/dd_TaxType"), Paymenttype, false): All options with label 'Quarterly Estimated Tax' are selected in object 'Object Repository/RAD_Pages/Landing_Page/dd_TaxType' 

2024-01-14 16:33:04 - [MESSAGE][PASSED] - All options with label 'Quarterly Estimated Tax' are selected in object 'Object Repository/RAD_Pages/Landing_Page/dd_TaxType' 

2024-01-14 16:33:04 - [TEST_STEP][PASSED] - delay(1): Delayed 1 second(s)

2024-01-14 16:33:05 - [MESSAGE][PASSED] - Delayed 1 second(s)

2024-01-14 16:33:05 - [TEST_STEP][PASSED] - switch (Paymenttype): null

2024-01-14 16:33:05 - [TEST_STEP][PASSED] - case "Quarterly Estimated Tax":: null

2024-01-14 16:33:05 - [TEST_STEP][PASSED] - selectOptionByLabel(findTestObject(orPath_TaxTypeFilingYear + "/select_PaymentType"), Taxtype, false): All options with label 'Personal Income Tax' are selected in object 'Object Repository/RAD_Pages/TaxTypeFilingYear_Page/select_PaymentType' 

2024-01-14 16:33:05 - [MESSAGE][PASSED] - All options with label 'Personal Income Tax' are selected in object 'Object Repository/RAD_Pages/TaxTypeFilingYear_Page/select_PaymentType' 

2024-01-14 16:33:05 - [TEST_STEP][PASSED] - break: null

2024-01-14 16:33:05 - [TEST_STEP][PASSED] - delay(1): Delayed 1 second(s)

2024-01-14 16:33:06 - [MESSAGE][PASSED] - Delayed 1 second(s)

2024-01-14 16:33:06 - [TEST_STEP][PASSED] - scrollToElement(findTestObject(orPath_TaxPayer + "/input_firstName"), 3): Scroll to object 'Object Repository/RAD_Pages/Taxpayer_Page/input_firstName' successfully

2024-01-14 16:33:06 - [MESSAGE][PASSED] - Scroll to object 'Object Repository/RAD_Pages/Taxpayer_Page/input_firstName' successfully

2024-01-14 16:33:06 - [TEST_STEP][PASSED] - switch (Paymenttype): null

2024-01-14 16:33:06 - [TEST_STEP][PASSED] - case "Quarterly Estimated Tax":: null

2024-01-14 16:33:06 - [TEST_STEP][PASSED] - setText(findTestObject("RAD_RecordAndPlay/input_concatSSN"), "111111111"): Text '111111111' is set on object 'Object Repository/RAD_RecordAndPlay/input_concatSSN'

2024-01-14 16:33:07 - [MESSAGE][PASSED] - Text '111111111' is set on object 'Object Repository/RAD_RecordAndPlay/input_concatSSN'

2024-01-14 16:33:07 - [TEST_STEP][PASSED] - setText(findTestObject("RAD_RecordAndPlay/input_concatReSSN"), "222222222"): Text '222222222' is set on object 'Object Repository/RAD_RecordAndPlay/input_concatReSSN'

2024-01-14 16:33:08 - [MESSAGE][PASSED] - Text '222222222' is set on object 'Object Repository/RAD_RecordAndPlay/input_concatReSSN'

2024-01-14 16:33:08 - [TEST_STEP][PASSED] - setText(findTestObject(orPath_TaxPayer + "/input_lastName"), "Anderson"): Text 'Anderson' is set on object 'Object Repository/RAD_Pages/Taxpayer_Page/input_lastName'

2024-01-14 16:33:09 - [MESSAGE][PASSED] - Text 'Anderson' is set on object 'Object Repository/RAD_Pages/Taxpayer_Page/input_lastName'

2024-01-14 16:33:09 - [TEST_STEP][PASSED] - break: null

2024-01-14 16:33:09 - [TEST_STEP][PASSED] - delay(2): Delayed 2 second(s)

2024-01-14 16:33:11 - [MESSAGE][PASSED] - Delayed 2 second(s)

2024-01-14 16:33:11 - [TEST_STEP][PASSED] - if (verifyTextPresent("The SSN and Re-type SSN do not match", true)): null

2024-01-14 16:33:11 - [MESSAGE][PASSED] - Text 'The SSN and Re-type SSN do not match' is present on page  using regular expression

2024-01-14 16:33:11 - [TEST_STEP][PASSED] - println("Taxpayer SSN Dont match text is present"): null

2024-01-14 16:33:11 - [TEST_STEP][PASSED] - out.println("Pass Record Number: " + row): null

2024-01-14 16:33:11 - [TEST_STEP][PASSED] - resText = "Pass": null

2024-01-14 16:33:11 - [TEST_STEP][PASSED] - pages.WriteExcel.demoKey(resText, datText, resColumn, datCloumn, fileLoc, nameSheet, row): pages.WriteExcel.demoKey is PASSED

2024-01-14 16:33:11 - [MESSAGE][PASSED] - pages.WriteExcel.demoKey is PASSED

2024-01-14 16:33:11 - [TEST_STEP][PASSED] - ExecuteTC = findTestData(dataFile).getValue("Execute", row): null

2024-01-14 16:33:11 - [TEST_STEP][PASSED] - Taxtype = findTestData(dataFile).getValue("TaxType", row): null

2024-01-14 16:33:11 - [TEST_STEP][PASSED] - Paymenttype = findTestData(dataFile).getValue("PaymentType", row): null

2024-01-14 16:33:11 - [TEST_STEP][PASSED] - out.println("Value of Execute is : " + ExecuteTC): null

2024-01-14 16:33:11 - [TEST_STEP][PASSED] - if (ExecuteTC.equalsIgnoreCase("Y")): null

2024-01-14 16:33:11 - [TEST_STEP][PASSED] - ExecuteTC = findTestData(dataFile).getValue("Execute", row): null

2024-01-14 16:33:11 - [TEST_STEP][PASSED] - Taxtype = findTestData(dataFile).getValue("TaxType", row): null

2024-01-14 16:33:11 - [TEST_STEP][PASSED] - Paymenttype = findTestData(dataFile).getValue("PaymentType", row): null

2024-01-14 16:33:11 - [TEST_STEP][PASSED] - out.println("Value of Execute is : " + ExecuteTC): null

2024-01-14 16:33:11 - [TEST_STEP][PASSED] - if (ExecuteTC.equalsIgnoreCase("Y")): null

2024-01-14 16:33:11 - [TEST_STEP][PASSED] - out.println("Begin Record Number: " + row): null

2024-01-14 16:33:11 - [TEST_STEP][PASSED] - today = new java.util.Date(): null

2024-01-14 16:33:11 - [TEST_STEP][PASSED] - println(today): null

2024-01-14 16:33:11 - [TEST_STEP][PASSED] - datText = today: null

2024-01-14 16:33:11 - [TEST_STEP][PASSED] - Taxtype = findTestData(dataFile).getValue("TaxType", row): null

2024-01-14 16:33:11 - [TEST_STEP][PASSED] - out.println("Taxtype value is : " + Taxtype): null

2024-01-14 16:33:11 - [TEST_STEP][PASSED] - openBrowser(""): Browser is opened with url: ''

2024-01-14 16:33:11 - [MESSAGE][WARNING] - A browser is already opened. Closing browser and opening a new one

2024-01-14 16:33:12 - [MESSAGE][INFO] - Starting 'Chrome' driver

2024-01-14 16:33:12 - [MESSAGE][INFO] - User set preference: ['acceptInsecureCerts', 'true']

2024-01-14 16:33:12 - [MESSAGE][INFO] - Action delay is set to 0 milliseconds

2024-01-14 16:33:14 - [MESSAGE][PASSED] - Browser is opened with url: ''

2024-01-14 16:33:14 - [TEST_STEP][PASSED] - maximizeWindow(): Current window maximized

2024-01-14 16:33:14 - [MESSAGE][PASSED] - Current window maximized

2024-01-14 16:33:14 - [TEST_STEP][PASSED] - navigateToUrl(RADurl): Navigate to 'https://qa2.velocitypayment.com/client/rad/index.html' successfully

2024-01-14 16:33:15 - [MESSAGE][PASSED] - Navigate to 'https://qa2.velocitypayment.com/client/rad/index.html' successfully

2024-01-14 16:33:15 - [TEST_STEP][PASSED] - orPath_Landing = "Object Repository/RAD_Pages/Landing_Page": null

2024-01-14 16:33:15 - [TEST_STEP][PASSED] - orPath_TaxTypeFilingYear = "Object Repository/RAD_Pages/TaxTypeFilingYear_Page": null

2024-01-14 16:33:15 - [TEST_STEP][PASSED] - orPath_TaxPayer = "Object Repository/RAD_Pages/Taxpayer_Page": null

2024-01-14 16:33:15 - [TEST_STEP][PASSED] - orPath_AddressContact = "Object Repository/RAD_Pages/AddressAndContactInfo_Page": null

2024-01-14 16:33:15 - [TEST_STEP][PASSED] - orPath_FilingStatus = "Object Repository/RAD_Pages/FilingStatus_Page": null

2024-01-14 16:33:15 - [TEST_STEP][PASSED] - orPath_Amount = "Object Repository/RAD_Pages/PaymentAmount_Page": null

2024-01-14 16:33:15 - [TEST_STEP][PASSED] - orPath_TaxInfo = "Object Repository/RAD_Pages/TaxInfo_Page": null

2024-01-14 16:33:15 - [TEST_STEP][PASSED] - selectOptionByLabel(findTestObject(orPath_Landing + "/dd_TaxType"), Paymenttype, false): All options with label 'New Tax Return Amount Due' are selected in object 'Object Repository/RAD_Pages/Landing_Page/dd_TaxType' 

2024-01-14 16:33:16 - [MESSAGE][PASSED] - All options with label 'New Tax Return Amount Due' are selected in object 'Object Repository/RAD_Pages/Landing_Page/dd_TaxType' 

2024-01-14 16:33:16 - [TEST_STEP][PASSED] - delay(1): Delayed 1 second(s)

2024-01-14 16:33:17 - [MESSAGE][PASSED] - Delayed 1 second(s)

2024-01-14 16:33:17 - [TEST_STEP][PASSED] - switch (Paymenttype): null

2024-01-14 16:33:17 - [TEST_STEP][PASSED] - case "New Tax Return Amount Due":: null

2024-01-14 16:33:17 - [TEST_STEP][PASSED] - selectOptionByLabel(findTestObject("Object Repository/RAD_Pages/Landing_Page/select_NewTaxReturnAmountDue_TaxType"), Taxtype, false): All options with label 'Personal Income Tax' are selected in object 'Object Repository/RAD_Pages/Landing_Page/select_NewTaxReturnAmountDue_TaxType' 

2024-01-14 16:33:18 - [MESSAGE][PASSED] - All options with label 'Personal Income Tax' are selected in object 'Object Repository/RAD_Pages/Landing_Page/select_NewTaxReturnAmountDue_TaxType' 

2024-01-14 16:33:18 - [TEST_STEP][PASSED] - break: null

2024-01-14 16:33:18 - [TEST_STEP][PASSED] - delay(1): Delayed 1 second(s)

2024-01-14 16:33:19 - [MESSAGE][PASSED] - Delayed 1 second(s)

2024-01-14 16:33:19 - [TEST_STEP][PASSED] - scrollToElement(findTestObject(orPath_TaxPayer + "/input_firstName"), 3): Scroll to object 'Object Repository/RAD_Pages/Taxpayer_Page/input_firstName' successfully

2024-01-14 16:33:19 - [MESSAGE][PASSED] - Scroll to object 'Object Repository/RAD_Pages/Taxpayer_Page/input_firstName' successfully

2024-01-14 16:33:19 - [TEST_STEP][PASSED] - switch (Paymenttype): null

2024-01-14 16:33:19 - [TEST_STEP][PASSED] - case "New Tax Return Amount Due":: null

2024-01-14 16:33:19 - [TEST_STEP][PASSED] - setText(findTestObject("RAD_RecordAndPlay/input_concatSSN"), "111111111"): Text '111111111' is set on object 'Object Repository/RAD_RecordAndPlay/input_concatSSN'

2024-01-14 16:33:20 - [MESSAGE][PASSED] - Text '111111111' is set on object 'Object Repository/RAD_RecordAndPlay/input_concatSSN'

2024-01-14 16:33:20 - [TEST_STEP][PASSED] - setText(findTestObject("RAD_RecordAndPlay/input_concatReSSN"), "222222222"): Text '222222222' is set on object 'Object Repository/RAD_RecordAndPlay/input_concatReSSN'

2024-01-14 16:33:20 - [MESSAGE][PASSED] - Text '222222222' is set on object 'Object Repository/RAD_RecordAndPlay/input_concatReSSN'

2024-01-14 16:33:20 - [TEST_STEP][PASSED] - setText(findTestObject(orPath_TaxPayer + "/input_lastName"), "Anderson"): Text 'Anderson' is set on object 'Object Repository/RAD_Pages/Taxpayer_Page/input_lastName'

2024-01-14 16:33:21 - [MESSAGE][PASSED] - Text 'Anderson' is set on object 'Object Repository/RAD_Pages/Taxpayer_Page/input_lastName'

2024-01-14 16:33:21 - [TEST_STEP][PASSED] - break: null

2024-01-14 16:33:21 - [TEST_STEP][PASSED] - delay(2): Delayed 2 second(s)

2024-01-14 16:33:23 - [MESSAGE][PASSED] - Delayed 2 second(s)

2024-01-14 16:33:23 - [TEST_STEP][PASSED] - if (verifyTextPresent("The SSN and Re-type SSN do not match", true)): null

2024-01-14 16:33:24 - [MESSAGE][PASSED] - Text 'The SSN and Re-type SSN do not match' is present on page  using regular expression

2024-01-14 16:33:24 - [TEST_STEP][PASSED] - println("Taxpayer SSN Dont match text is present"): null

2024-01-14 16:33:24 - [TEST_STEP][PASSED] - out.println("Pass Record Number: " + row): null

2024-01-14 16:33:24 - [TEST_STEP][PASSED] - resText = "Pass": null

2024-01-14 16:33:24 - [TEST_STEP][PASSED] - pages.WriteExcel.demoKey(resText, datText, resColumn, datCloumn, fileLoc, nameSheet, row): pages.WriteExcel.demoKey is PASSED

2024-01-14 16:33:24 - [MESSAGE][PASSED] - pages.WriteExcel.demoKey is PASSED]]></system-out>
         <system-err><![CDATA[]]></system-err>
      </testcase>
      <testcase name="Test Cases/RAD_TestCases/Negative_TestCases/SSNmoreThan9Error" time="34.839" classname="Test Cases/RAD_TestCases/Negative_TestCases/SSNmoreThan9Error" status="PASSED">
         <system-out><![CDATA[2024-01-14 16:33:24 - [TEST_CASE][PASSED] - Test Cases/RAD_TestCases/Negative_TestCases/SSNmoreThan9Error: Test Cases/RAD_TestCases/Negative_TestCases/SSNmoreThan9Error

2024-01-14 16:33:24 - [TEST_STEP][PASSED] - resText = "Fail": null

2024-01-14 16:33:24 - [TEST_STEP][PASSED] - resColumn = "Result": null

2024-01-14 16:33:24 - [TEST_STEP][PASSED] - datCloumn = "Date": null

2024-01-14 16:33:24 - [TEST_STEP][PASSED] - fileLoc = "KatalonData/RADTestData/SSNmoreThan9Error.xlsx": null

2024-01-14 16:33:24 - [TEST_STEP][PASSED] - nameSheet = "Sheet1": null

2024-01-14 16:33:24 - [TEST_STEP][PASSED] - dataFile = "RADTestData/SSNmoreThan9Error": null

2024-01-14 16:33:24 - [TEST_STEP][PASSED] - ExecuteTC = <not implemented yet for class: org.codehaus.groovy.ast.expr.EmptyExpression>: null

2024-01-14 16:33:24 - [TEST_STEP][PASSED] - Taxtype = <not implemented yet for class: org.codehaus.groovy.ast.expr.EmptyExpression>: null

2024-01-14 16:33:24 - [TEST_STEP][PASSED] - numOfRows = findTestData(dataFile).getRowNumbers(): null

2024-01-14 16:33:24 - [TEST_STEP][PASSED] - println("Number of Records: " + numOfRows): null

2024-01-14 16:33:24 - [TEST_STEP][PASSED] - for ([row = 1, row <= numOfRows, (row++)]): null

2024-01-14 16:33:24 - [TEST_STEP][PASSED] - ExecuteTC = findTestData(dataFile).getValue("Execute", row): null

2024-01-14 16:33:24 - [TEST_STEP][PASSED] - Taxtype = findTestData(dataFile).getValue("TaxType", row): null

2024-01-14 16:33:24 - [TEST_STEP][PASSED] - Paymenttype = findTestData(dataFile).getValue("PaymentType", row): null

2024-01-14 16:33:24 - [TEST_STEP][PASSED] - out.println("Value of Execute is : " + ExecuteTC): null

2024-01-14 16:33:24 - [TEST_STEP][PASSED] - if (ExecuteTC.equalsIgnoreCase("Y")): null

2024-01-14 16:33:24 - [TEST_STEP][PASSED] - out.println("Begin Record Number: " + row): null

2024-01-14 16:33:24 - [TEST_STEP][PASSED] - today = new java.util.Date(): null

2024-01-14 16:33:24 - [TEST_STEP][PASSED] - println(today): null

2024-01-14 16:33:24 - [TEST_STEP][PASSED] - datText = today: null

2024-01-14 16:33:24 - [TEST_STEP][PASSED] - Taxtype = findTestData(dataFile).getValue("TaxType", row): null

2024-01-14 16:33:24 - [TEST_STEP][PASSED] - out.println("Taxtype value is : " + Taxtype): null

2024-01-14 16:33:24 - [TEST_STEP][PASSED] - openBrowser(""): Browser is opened with url: ''

2024-01-14 16:33:24 - [MESSAGE][WARNING] - A browser is already opened. Closing browser and opening a new one

2024-01-14 16:33:25 - [MESSAGE][INFO] - Starting 'Chrome' driver

2024-01-14 16:33:25 - [MESSAGE][INFO] - User set preference: ['acceptInsecureCerts', 'true']

2024-01-14 16:33:25 - [MESSAGE][INFO] - Action delay is set to 0 milliseconds

2024-01-14 16:33:27 - [MESSAGE][PASSED] - Browser is opened with url: ''

2024-01-14 16:33:27 - [TEST_STEP][PASSED] - maximizeWindow(): Current window maximized

2024-01-14 16:33:27 - [MESSAGE][PASSED] - Current window maximized

2024-01-14 16:33:27 - [TEST_STEP][PASSED] - navigateToUrl(RADurl): Navigate to 'https://qa2.velocitypayment.com/client/rad/index.html' successfully

2024-01-14 16:33:28 - [MESSAGE][PASSED] - Navigate to 'https://qa2.velocitypayment.com/client/rad/index.html' successfully

2024-01-14 16:33:28 - [TEST_STEP][PASSED] - orPath_Landing = "Object Repository/RAD_Pages/Landing_Page": null

2024-01-14 16:33:28 - [TEST_STEP][PASSED] - orPath_TaxTypeFilingYear = "Object Repository/RAD_Pages/TaxTypeFilingYear_Page": null

2024-01-14 16:33:28 - [TEST_STEP][PASSED] - orPath_TaxPayer = "Object Repository/RAD_Pages/Taxpayer_Page": null

2024-01-14 16:33:28 - [TEST_STEP][PASSED] - orPath_AddressContact = "Object Repository/RAD_Pages/AddressAndContactInfo_Page": null

2024-01-14 16:33:28 - [TEST_STEP][PASSED] - orPath_FilingStatus = "Object Repository/RAD_Pages/FilingStatus_Page": null

2024-01-14 16:33:28 - [TEST_STEP][PASSED] - orPath_Amount = "Object Repository/RAD_Pages/PaymentAmount_Page": null

2024-01-14 16:33:28 - [TEST_STEP][PASSED] - orPath_TaxInfo = "Object Repository/RAD_Pages/TaxInfo_Page": null

2024-01-14 16:33:28 - [TEST_STEP][PASSED] - selectOptionByLabel(findTestObject(orPath_Landing + "/dd_TaxType"), Paymenttype, false): All options with label 'Existing Liability w/Notice Number' are selected in object 'Object Repository/RAD_Pages/Landing_Page/dd_TaxType' 

2024-01-14 16:33:29 - [MESSAGE][PASSED] - All options with label 'Existing Liability w/Notice Number' are selected in object 'Object Repository/RAD_Pages/Landing_Page/dd_TaxType' 

2024-01-14 16:33:29 - [TEST_STEP][PASSED] - delay(1): Delayed 1 second(s)

2024-01-14 16:33:30 - [MESSAGE][PASSED] - Delayed 1 second(s)

2024-01-14 16:33:30 - [TEST_STEP][PASSED] - switch (Paymenttype): null

2024-01-14 16:33:30 - [TEST_STEP][PASSED] - case "Existing Liability w/Notice Number":: null

2024-01-14 16:33:30 - [TEST_STEP][PASSED] - selectOptionByLabel(findTestObject(orPath_TaxTypeFilingYear + "/select_TaxType_ExistingLiability"), Taxtype, false): All options with label 'Personal Income Tax' are selected in object 'Object Repository/RAD_Pages/TaxTypeFilingYear_Page/select_TaxType_ExistingLiability' 

2024-01-14 16:33:31 - [MESSAGE][PASSED] - All options with label 'Personal Income Tax' are selected in object 'Object Repository/RAD_Pages/TaxTypeFilingYear_Page/select_TaxType_ExistingLiability' 

2024-01-14 16:33:31 - [TEST_STEP][PASSED] - break: null

2024-01-14 16:33:31 - [TEST_STEP][PASSED] - delay(1): Delayed 1 second(s)

2024-01-14 16:33:32 - [MESSAGE][PASSED] - Delayed 1 second(s)

2024-01-14 16:33:32 - [TEST_STEP][PASSED] - scrollToElement(findTestObject(orPath_TaxPayer + "/input_firstName"), 3): Scroll to object 'Object Repository/RAD_Pages/Taxpayer_Page/input_firstName' successfully

2024-01-14 16:33:32 - [MESSAGE][PASSED] - Scroll to object 'Object Repository/RAD_Pages/Taxpayer_Page/input_firstName' successfully

2024-01-14 16:33:32 - [TEST_STEP][PASSED] - switch (Paymenttype): null

2024-01-14 16:33:32 - [TEST_STEP][PASSED] - case "Existing Liability w/Notice Number":: null

2024-01-14 16:33:32 - [TEST_STEP][PASSED] - setText(findTestObject(orPath_TaxInfo + "/input_Existing_SSN"), "1111111111"): Text '1111111111' is set on object 'Object Repository/RAD_Pages/TaxInfo_Page/input_Existing_SSN'

2024-01-14 16:33:33 - [MESSAGE][PASSED] - Text '1111111111' is set on object 'Object Repository/RAD_Pages/TaxInfo_Page/input_Existing_SSN'

2024-01-14 16:33:33 - [TEST_STEP][PASSED] - setText(findTestObject(orPath_TaxInfo + "/input_Existing_RetypeSSN"), ""): Text '' is set on object 'Object Repository/RAD_Pages/TaxInfo_Page/input_Existing_RetypeSSN'

2024-01-14 16:33:33 - [MESSAGE][PASSED] - Text '' is set on object 'Object Repository/RAD_Pages/TaxInfo_Page/input_Existing_RetypeSSN'

2024-01-14 16:33:33 - [TEST_STEP][PASSED] - break: null

2024-01-14 16:33:33 - [TEST_STEP][PASSED] - delay(2): Delayed 2 second(s)

2024-01-14 16:33:35 - [MESSAGE][PASSED] - Delayed 2 second(s)

2024-01-14 16:33:35 - [TEST_STEP][PASSED] - if (verifyTextPresent("Please enter a valid SSN with 9 digits", true)): null

2024-01-14 16:33:36 - [MESSAGE][PASSED] - Text 'Please enter a valid SSN with 9 digits' is present on page  using regular expression

2024-01-14 16:33:36 - [TEST_STEP][PASSED] - println("Please enter a valid SSN with 9 digits"): null

2024-01-14 16:33:36 - [TEST_STEP][PASSED] - out.println("Pass Record Number: " + row): null

2024-01-14 16:33:36 - [TEST_STEP][PASSED] - resText = "Pass": null

2024-01-14 16:33:36 - [TEST_STEP][PASSED] - pages.WriteExcel.demoKey(resText, datText, resColumn, datCloumn, fileLoc, nameSheet, row): pages.WriteExcel.demoKey is PASSED

2024-01-14 16:33:36 - [MESSAGE][PASSED] - pages.WriteExcel.demoKey is PASSED

2024-01-14 16:33:36 - [TEST_STEP][PASSED] - ExecuteTC = findTestData(dataFile).getValue("Execute", row): null

2024-01-14 16:33:36 - [TEST_STEP][PASSED] - Taxtype = findTestData(dataFile).getValue("TaxType", row): null

2024-01-14 16:33:36 - [TEST_STEP][PASSED] - Paymenttype = findTestData(dataFile).getValue("PaymentType", row): null

2024-01-14 16:33:36 - [TEST_STEP][PASSED] - out.println("Value of Execute is : " + ExecuteTC): null

2024-01-14 16:33:36 - [TEST_STEP][PASSED] - if (ExecuteTC.equalsIgnoreCase("Y")): null

2024-01-14 16:33:36 - [TEST_STEP][PASSED] - out.println("Begin Record Number: " + row): null

2024-01-14 16:33:36 - [TEST_STEP][PASSED] - today = new java.util.Date(): null

2024-01-14 16:33:36 - [TEST_STEP][PASSED] - println(today): null

2024-01-14 16:33:36 - [TEST_STEP][PASSED] - datText = today: null

2024-01-14 16:33:36 - [TEST_STEP][PASSED] - Taxtype = findTestData(dataFile).getValue("TaxType", row): null

2024-01-14 16:33:36 - [TEST_STEP][PASSED] - out.println("Taxtype value is : " + Taxtype): null

2024-01-14 16:33:36 - [TEST_STEP][PASSED] - openBrowser(""): Browser is opened with url: ''

2024-01-14 16:33:36 - [MESSAGE][WARNING] - A browser is already opened. Closing browser and opening a new one

2024-01-14 16:33:37 - [MESSAGE][INFO] - Starting 'Chrome' driver

2024-01-14 16:33:37 - [MESSAGE][INFO] - User set preference: ['acceptInsecureCerts', 'true']

2024-01-14 16:33:37 - [MESSAGE][INFO] - Action delay is set to 0 milliseconds

2024-01-14 16:33:38 - [MESSAGE][PASSED] - Browser is opened with url: ''

2024-01-14 16:33:38 - [TEST_STEP][PASSED] - maximizeWindow(): Current window maximized

2024-01-14 16:33:38 - [MESSAGE][PASSED] - Current window maximized

2024-01-14 16:33:38 - [TEST_STEP][PASSED] - navigateToUrl(RADurl): Navigate to 'https://qa2.velocitypayment.com/client/rad/index.html' successfully

2024-01-14 16:33:40 - [MESSAGE][PASSED] - Navigate to 'https://qa2.velocitypayment.com/client/rad/index.html' successfully

2024-01-14 16:33:40 - [TEST_STEP][PASSED] - orPath_Landing = "Object Repository/RAD_Pages/Landing_Page": null

2024-01-14 16:33:40 - [TEST_STEP][PASSED] - orPath_TaxTypeFilingYear = "Object Repository/RAD_Pages/TaxTypeFilingYear_Page": null

2024-01-14 16:33:40 - [TEST_STEP][PASSED] - orPath_TaxPayer = "Object Repository/RAD_Pages/Taxpayer_Page": null

2024-01-14 16:33:40 - [TEST_STEP][PASSED] - orPath_AddressContact = "Object Repository/RAD_Pages/AddressAndContactInfo_Page": null

2024-01-14 16:33:40 - [TEST_STEP][PASSED] - orPath_FilingStatus = "Object Repository/RAD_Pages/FilingStatus_Page": null

2024-01-14 16:33:40 - [TEST_STEP][PASSED] - orPath_Amount = "Object Repository/RAD_Pages/PaymentAmount_Page": null

2024-01-14 16:33:40 - [TEST_STEP][PASSED] - orPath_TaxInfo = "Object Repository/RAD_Pages/TaxInfo_Page": null

2024-01-14 16:33:40 - [TEST_STEP][PASSED] - selectOptionByLabel(findTestObject(orPath_Landing + "/dd_TaxType"), Paymenttype, false): All options with label 'Quarterly Estimated Tax' are selected in object 'Object Repository/RAD_Pages/Landing_Page/dd_TaxType' 

2024-01-14 16:33:40 - [MESSAGE][PASSED] - All options with label 'Quarterly Estimated Tax' are selected in object 'Object Repository/RAD_Pages/Landing_Page/dd_TaxType' 

2024-01-14 16:33:40 - [TEST_STEP][PASSED] - delay(1): Delayed 1 second(s)

2024-01-14 16:33:41 - [MESSAGE][PASSED] - Delayed 1 second(s)

2024-01-14 16:33:41 - [TEST_STEP][PASSED] - switch (Paymenttype): null

2024-01-14 16:33:41 - [TEST_STEP][PASSED] - case "Quarterly Estimated Tax":: null

2024-01-14 16:33:41 - [TEST_STEP][PASSED] - selectOptionByLabel(findTestObject(orPath_TaxTypeFilingYear + "/select_PaymentType"), Taxtype, false): All options with label 'Personal Income Tax' are selected in object 'Object Repository/RAD_Pages/TaxTypeFilingYear_Page/select_PaymentType' 

2024-01-14 16:33:42 - [MESSAGE][PASSED] - All options with label 'Personal Income Tax' are selected in object 'Object Repository/RAD_Pages/TaxTypeFilingYear_Page/select_PaymentType' 

2024-01-14 16:33:42 - [TEST_STEP][PASSED] - break: null

2024-01-14 16:33:42 - [TEST_STEP][PASSED] - delay(1): Delayed 1 second(s)

2024-01-14 16:33:43 - [MESSAGE][PASSED] - Delayed 1 second(s)

2024-01-14 16:33:43 - [TEST_STEP][PASSED] - scrollToElement(findTestObject(orPath_TaxPayer + "/input_firstName"), 3): Scroll to object 'Object Repository/RAD_Pages/Taxpayer_Page/input_firstName' successfully

2024-01-14 16:33:43 - [MESSAGE][PASSED] - Scroll to object 'Object Repository/RAD_Pages/Taxpayer_Page/input_firstName' successfully

2024-01-14 16:33:43 - [TEST_STEP][PASSED] - switch (Paymenttype): null

2024-01-14 16:33:43 - [TEST_STEP][PASSED] - case "Quarterly Estimated Tax":: null

2024-01-14 16:33:43 - [TEST_STEP][PASSED] - setText(findTestObject("RAD_RecordAndPlay/input_concatSSN"), "1111111111"): Text '1111111111' is set on object 'Object Repository/RAD_RecordAndPlay/input_concatSSN'

2024-01-14 16:33:44 - [MESSAGE][PASSED] - Text '1111111111' is set on object 'Object Repository/RAD_RecordAndPlay/input_concatSSN'

2024-01-14 16:33:44 - [TEST_STEP][PASSED] - setText(findTestObject("RAD_RecordAndPlay/input_concatReSSN"), ""): Text '' is set on object 'Object Repository/RAD_RecordAndPlay/input_concatReSSN'

2024-01-14 16:33:45 - [MESSAGE][PASSED] - Text '' is set on object 'Object Repository/RAD_RecordAndPlay/input_concatReSSN'

2024-01-14 16:33:45 - [TEST_STEP][PASSED] - break: null

2024-01-14 16:33:45 - [TEST_STEP][PASSED] - delay(2): Delayed 2 second(s)

2024-01-14 16:33:47 - [MESSAGE][PASSED] - Delayed 2 second(s)

2024-01-14 16:33:47 - [TEST_STEP][PASSED] - if (verifyTextPresent("Please enter a valid SSN with 9 digits", true)): null

2024-01-14 16:33:47 - [MESSAGE][PASSED] - Text 'Please enter a valid SSN with 9 digits' is present on page  using regular expression

2024-01-14 16:33:47 - [TEST_STEP][PASSED] - println("Please enter a valid SSN with 9 digits"): null

2024-01-14 16:33:47 - [TEST_STEP][PASSED] - out.println("Pass Record Number: " + row): null

2024-01-14 16:33:47 - [TEST_STEP][PASSED] - resText = "Pass": null

2024-01-14 16:33:47 - [TEST_STEP][PASSED] - pages.WriteExcel.demoKey(resText, datText, resColumn, datCloumn, fileLoc, nameSheet, row): pages.WriteExcel.demoKey is PASSED

2024-01-14 16:33:47 - [MESSAGE][PASSED] - pages.WriteExcel.demoKey is PASSED

2024-01-14 16:33:47 - [TEST_STEP][PASSED] - ExecuteTC = findTestData(dataFile).getValue("Execute", row): null

2024-01-14 16:33:47 - [TEST_STEP][PASSED] - Taxtype = findTestData(dataFile).getValue("TaxType", row): null

2024-01-14 16:33:47 - [TEST_STEP][PASSED] - Paymenttype = findTestData(dataFile).getValue("PaymentType", row): null

2024-01-14 16:33:47 - [TEST_STEP][PASSED] - out.println("Value of Execute is : " + ExecuteTC): null

2024-01-14 16:33:47 - [TEST_STEP][PASSED] - if (ExecuteTC.equalsIgnoreCase("Y")): null

2024-01-14 16:33:47 - [TEST_STEP][PASSED] - ExecuteTC = findTestData(dataFile).getValue("Execute", row): null

2024-01-14 16:33:47 - [TEST_STEP][PASSED] - Taxtype = findTestData(dataFile).getValue("TaxType", row): null

2024-01-14 16:33:47 - [TEST_STEP][PASSED] - Paymenttype = findTestData(dataFile).getValue("PaymentType", row): null

2024-01-14 16:33:47 - [TEST_STEP][PASSED] - out.println("Value of Execute is : " + ExecuteTC): null

2024-01-14 16:33:47 - [TEST_STEP][PASSED] - if (ExecuteTC.equalsIgnoreCase("Y")): null

2024-01-14 16:33:47 - [TEST_STEP][PASSED] - out.println("Begin Record Number: " + row): null

2024-01-14 16:33:47 - [TEST_STEP][PASSED] - today = new java.util.Date(): null

2024-01-14 16:33:47 - [TEST_STEP][PASSED] - println(today): null

2024-01-14 16:33:47 - [TEST_STEP][PASSED] - datText = today: null

2024-01-14 16:33:47 - [TEST_STEP][PASSED] - Taxtype = findTestData(dataFile).getValue("TaxType", row): null

2024-01-14 16:33:47 - [TEST_STEP][PASSED] - out.println("Taxtype value is : " + Taxtype): null

2024-01-14 16:33:47 - [TEST_STEP][PASSED] - openBrowser(""): Browser is opened with url: ''

2024-01-14 16:33:47 - [MESSAGE][WARNING] - A browser is already opened. Closing browser and opening a new one

2024-01-14 16:33:48 - [MESSAGE][INFO] - Starting 'Chrome' driver

2024-01-14 16:33:48 - [MESSAGE][INFO] - User set preference: ['acceptInsecureCerts', 'true']

2024-01-14 16:33:48 - [MESSAGE][INFO] - Action delay is set to 0 milliseconds

2024-01-14 16:33:50 - [MESSAGE][PASSED] - Browser is opened with url: ''

2024-01-14 16:33:50 - [TEST_STEP][PASSED] - maximizeWindow(): Current window maximized

2024-01-14 16:33:50 - [MESSAGE][PASSED] - Current window maximized

2024-01-14 16:33:50 - [TEST_STEP][PASSED] - navigateToUrl(RADurl): Navigate to 'https://qa2.velocitypayment.com/client/rad/index.html' successfully

2024-01-14 16:33:51 - [MESSAGE][PASSED] - Navigate to 'https://qa2.velocitypayment.com/client/rad/index.html' successfully

2024-01-14 16:33:51 - [TEST_STEP][PASSED] - orPath_Landing = "Object Repository/RAD_Pages/Landing_Page": null

2024-01-14 16:33:51 - [TEST_STEP][PASSED] - orPath_TaxTypeFilingYear = "Object Repository/RAD_Pages/TaxTypeFilingYear_Page": null

2024-01-14 16:33:51 - [TEST_STEP][PASSED] - orPath_TaxPayer = "Object Repository/RAD_Pages/Taxpayer_Page": null

2024-01-14 16:33:51 - [TEST_STEP][PASSED] - orPath_AddressContact = "Object Repository/RAD_Pages/AddressAndContactInfo_Page": null

2024-01-14 16:33:51 - [TEST_STEP][PASSED] - orPath_FilingStatus = "Object Repository/RAD_Pages/FilingStatus_Page": null

2024-01-14 16:33:51 - [TEST_STEP][PASSED] - orPath_Amount = "Object Repository/RAD_Pages/PaymentAmount_Page": null

2024-01-14 16:33:51 - [TEST_STEP][PASSED] - orPath_TaxInfo = "Object Repository/RAD_Pages/TaxInfo_Page": null

2024-01-14 16:33:51 - [TEST_STEP][PASSED] - selectOptionByLabel(findTestObject(orPath_Landing + "/dd_TaxType"), Paymenttype, false): All options with label 'New Tax Return Amount Due' are selected in object 'Object Repository/RAD_Pages/Landing_Page/dd_TaxType' 

2024-01-14 16:33:52 - [MESSAGE][PASSED] - All options with label 'New Tax Return Amount Due' are selected in object 'Object Repository/RAD_Pages/Landing_Page/dd_TaxType' 

2024-01-14 16:33:52 - [TEST_STEP][PASSED] - delay(1): Delayed 1 second(s)

2024-01-14 16:33:53 - [MESSAGE][PASSED] - Delayed 1 second(s)

2024-01-14 16:33:53 - [TEST_STEP][PASSED] - switch (Paymenttype): null

2024-01-14 16:33:53 - [TEST_STEP][PASSED] - case "New Tax Return Amount Due":: null

2024-01-14 16:33:53 - [TEST_STEP][PASSED] - selectOptionByLabel(findTestObject("Object Repository/RAD_Pages/Landing_Page/select_NewTaxReturnAmountDue_TaxType"), Taxtype, false): All options with label 'Personal Income Tax' are selected in object 'Object Repository/RAD_Pages/Landing_Page/select_NewTaxReturnAmountDue_TaxType' 

2024-01-14 16:33:54 - [MESSAGE][PASSED] - All options with label 'Personal Income Tax' are selected in object 'Object Repository/RAD_Pages/Landing_Page/select_NewTaxReturnAmountDue_TaxType' 

2024-01-14 16:33:54 - [TEST_STEP][PASSED] - break: null

2024-01-14 16:33:54 - [TEST_STEP][PASSED] - delay(1): Delayed 1 second(s)

2024-01-14 16:33:55 - [MESSAGE][PASSED] - Delayed 1 second(s)

2024-01-14 16:33:55 - [TEST_STEP][PASSED] - scrollToElement(findTestObject(orPath_TaxPayer + "/input_firstName"), 3): Scroll to object 'Object Repository/RAD_Pages/Taxpayer_Page/input_firstName' successfully

2024-01-14 16:33:55 - [MESSAGE][PASSED] - Scroll to object 'Object Repository/RAD_Pages/Taxpayer_Page/input_firstName' successfully

2024-01-14 16:33:55 - [TEST_STEP][PASSED] - switch (Paymenttype): null

2024-01-14 16:33:55 - [TEST_STEP][PASSED] - case "New Tax Return Amount Due":: null

2024-01-14 16:33:55 - [TEST_STEP][PASSED] - setText(findTestObject("RAD_RecordAndPlay/input_concatSSN"), "1111111111"): Text '1111111111' is set on object 'Object Repository/RAD_RecordAndPlay/input_concatSSN'

2024-01-14 16:33:56 - [MESSAGE][PASSED] - Text '1111111111' is set on object 'Object Repository/RAD_RecordAndPlay/input_concatSSN'

2024-01-14 16:33:56 - [TEST_STEP][PASSED] - setText(findTestObject("RAD_RecordAndPlay/input_concatReSSN"), ""): Text '' is set on object 'Object Repository/RAD_RecordAndPlay/input_concatReSSN'

2024-01-14 16:33:56 - [MESSAGE][PASSED] - Text '' is set on object 'Object Repository/RAD_RecordAndPlay/input_concatReSSN'

2024-01-14 16:33:56 - [TEST_STEP][PASSED] - break: null

2024-01-14 16:33:56 - [TEST_STEP][PASSED] - delay(2): Delayed 2 second(s)

2024-01-14 16:33:58 - [MESSAGE][PASSED] - Delayed 2 second(s)

2024-01-14 16:33:58 - [TEST_STEP][PASSED] - if (verifyTextPresent("Please enter a valid SSN with 9 digits", true)): null

2024-01-14 16:33:58 - [MESSAGE][PASSED] - Text 'Please enter a valid SSN with 9 digits' is present on page  using regular expression

2024-01-14 16:33:58 - [TEST_STEP][PASSED] - println("Please enter a valid SSN with 9 digits"): null

2024-01-14 16:33:58 - [TEST_STEP][PASSED] - out.println("Pass Record Number: " + row): null

2024-01-14 16:33:58 - [TEST_STEP][PASSED] - resText = "Pass": null

2024-01-14 16:33:58 - [TEST_STEP][PASSED] - pages.WriteExcel.demoKey(resText, datText, resColumn, datCloumn, fileLoc, nameSheet, row): pages.WriteExcel.demoKey is PASSED

2024-01-14 16:33:59 - [MESSAGE][PASSED] - pages.WriteExcel.demoKey is PASSED]]></system-out>
         <system-err><![CDATA[]]></system-err>
      </testcase>
      <testcase name="Test Cases/RAD_TestCases/Negative_TestCases/JointFilerSSNnoMatch-NEW" time="27.755" classname="Test Cases/RAD_TestCases/Negative_TestCases/JointFilerSSNnoMatch-NEW" status="PASSED">
         <system-out><![CDATA[2024-01-14 16:33:59 - [TEST_CASE][PASSED] - Test Cases/RAD_TestCases/Negative_TestCases/JointFilerSSNnoMatch-NEW: Test Cases/RAD_TestCases/Negative_TestCases/JointFilerSSNnoMatch-NEW

2024-01-14 16:33:59 - [TEST_STEP][PASSED] - resText = "Fail": null

2024-01-14 16:33:59 - [TEST_STEP][PASSED] - resColumn = "Result": null

2024-01-14 16:33:59 - [TEST_STEP][PASSED] - datCloumn = "Date": null

2024-01-14 16:33:59 - [TEST_STEP][PASSED] - fileLoc = "KatalonData/RADTestData/JointFilerSSNnoMatch.xlsx": null

2024-01-14 16:33:59 - [TEST_STEP][PASSED] - nameSheet = "Sheet1": null

2024-01-14 16:33:59 - [TEST_STEP][PASSED] - dataFile = "RADTestData/JointFilerSSNnoMatch": null

2024-01-14 16:33:59 - [TEST_STEP][PASSED] - ExecuteTC = <not implemented yet for class: org.codehaus.groovy.ast.expr.EmptyExpression>: null

2024-01-14 16:33:59 - [TEST_STEP][PASSED] - Taxtype = <not implemented yet for class: org.codehaus.groovy.ast.expr.EmptyExpression>: null

2024-01-14 16:33:59 - [TEST_STEP][PASSED] - numOfRows = findTestData(dataFile).getRowNumbers(): null

2024-01-14 16:33:59 - [TEST_STEP][PASSED] - println("Number of Records: " + numOfRows): null

2024-01-14 16:33:59 - [TEST_STEP][PASSED] - for ([row = 1, row <= numOfRows, (row++)]): null

2024-01-14 16:33:59 - [TEST_STEP][PASSED] - ExecuteTC = findTestData(dataFile).getValue("Execute", row): null

2024-01-14 16:33:59 - [TEST_STEP][PASSED] - Taxtype = findTestData(dataFile).getValue("TaxType", row): null

2024-01-14 16:33:59 - [TEST_STEP][PASSED] - Paymenttype = findTestData(dataFile).getValue("PaymentType", row): null

2024-01-14 16:33:59 - [TEST_STEP][PASSED] - out.println("Value of Execute is : " + ExecuteTC): null

2024-01-14 16:33:59 - [TEST_STEP][PASSED] - if (ExecuteTC.equalsIgnoreCase("Y")): null

2024-01-14 16:33:59 - [TEST_STEP][PASSED] - out.println("Begin Record Number: " + row): null

2024-01-14 16:33:59 - [TEST_STEP][PASSED] - today = new java.util.Date(): null

2024-01-14 16:33:59 - [TEST_STEP][PASSED] - println(today): null

2024-01-14 16:33:59 - [TEST_STEP][PASSED] - datText = today: null

2024-01-14 16:33:59 - [TEST_STEP][PASSED] - Taxtype = findTestData(dataFile).getValue("TaxType", row): null

2024-01-14 16:33:59 - [TEST_STEP][PASSED] - out.println("Taxtype value is : " + Taxtype): null

2024-01-14 16:33:59 - [TEST_STEP][PASSED] - openBrowser(""): Browser is opened with url: ''

2024-01-14 16:33:59 - [MESSAGE][WARNING] - A browser is already opened. Closing browser and opening a new one

2024-01-14 16:34:00 - [MESSAGE][INFO] - Starting 'Chrome' driver

2024-01-14 16:34:00 - [MESSAGE][INFO] - User set preference: ['acceptInsecureCerts', 'true']

2024-01-14 16:34:00 - [MESSAGE][INFO] - Action delay is set to 0 milliseconds

2024-01-14 16:34:02 - [MESSAGE][PASSED] - Browser is opened with url: ''

2024-01-14 16:34:02 - [TEST_STEP][PASSED] - maximizeWindow(): Current window maximized

2024-01-14 16:34:02 - [MESSAGE][PASSED] - Current window maximized

2024-01-14 16:34:02 - [TEST_STEP][PASSED] - navigateToUrl(RADurl): Navigate to 'https://qa2.velocitypayment.com/client/rad/index.html' successfully

2024-01-14 16:34:04 - [MESSAGE][PASSED] - Navigate to 'https://qa2.velocitypayment.com/client/rad/index.html' successfully

2024-01-14 16:34:04 - [TEST_STEP][PASSED] - orPath_Landing = "Object Repository/RAD_Pages/Landing_Page": null

2024-01-14 16:34:04 - [TEST_STEP][PASSED] - orPath_TaxTypeFilingYear = "Object Repository/RAD_Pages/TaxTypeFilingYear_Page": null

2024-01-14 16:34:04 - [TEST_STEP][PASSED] - orPath_TaxPayer = "Object Repository/RAD_Pages/Taxpayer_Page": null

2024-01-14 16:34:04 - [TEST_STEP][PASSED] - orPath_AddressContact = "Object Repository/RAD_Pages/AddressAndContactInfo_Page": null

2024-01-14 16:34:04 - [TEST_STEP][PASSED] - orPath_FilingStatus = "Object Repository/RAD_Pages/FilingStatus_Page": null

2024-01-14 16:34:04 - [TEST_STEP][PASSED] - orPath_Amount = "Object Repository/RAD_Pages/PaymentAmount_Page": null

2024-01-14 16:34:04 - [TEST_STEP][PASSED] - orPath_TaxInfo = "Object Repository/RAD_Pages/TaxInfo_Page": null

2024-01-14 16:34:04 - [TEST_STEP][PASSED] - selectOptionByLabel(findTestObject(orPath_Landing + "/dd_TaxType"), Paymenttype, false): All options with label 'Quarterly Estimated Tax' are selected in object 'Object Repository/RAD_Pages/Landing_Page/dd_TaxType' 

2024-01-14 16:34:04 - [MESSAGE][PASSED] - All options with label 'Quarterly Estimated Tax' are selected in object 'Object Repository/RAD_Pages/Landing_Page/dd_TaxType' 

2024-01-14 16:34:04 - [TEST_STEP][PASSED] - delay(1): Delayed 1 second(s)

2024-01-14 16:34:05 - [MESSAGE][PASSED] - Delayed 1 second(s)

2024-01-14 16:34:05 - [TEST_STEP][PASSED] - switch (Paymenttype): null

2024-01-14 16:34:05 - [TEST_STEP][PASSED] - case "Quarterly Estimated Tax":: null

2024-01-14 16:34:05 - [TEST_STEP][PASSED] - selectOptionByLabel(findTestObject(orPath_TaxTypeFilingYear + "/select_PaymentType"), Taxtype, false): All options with label 'Personal Income Tax' are selected in object 'Object Repository/RAD_Pages/TaxTypeFilingYear_Page/select_PaymentType' 

2024-01-14 16:34:06 - [MESSAGE][PASSED] - All options with label 'Personal Income Tax' are selected in object 'Object Repository/RAD_Pages/TaxTypeFilingYear_Page/select_PaymentType' 

2024-01-14 16:34:06 - [TEST_STEP][PASSED] - break: null

2024-01-14 16:34:06 - [TEST_STEP][PASSED] - delay(1): Delayed 1 second(s)

2024-01-14 16:34:07 - [MESSAGE][PASSED] - Delayed 1 second(s)

2024-01-14 16:34:07 - [TEST_STEP][PASSED] - scrollToElement(findTestObject(orPath_Amount + "/input__paymentAmount"), 2, CONTINUE_ON_FAILURE): Scroll to object 'Object Repository/RAD_Pages/PaymentAmount_Page/input__paymentAmount' successfully

2024-01-14 16:34:07 - [MESSAGE][PASSED] - Scroll to object 'Object Repository/RAD_Pages/PaymentAmount_Page/input__paymentAmount' successfully

2024-01-14 16:34:07 - [TEST_STEP][PASSED] - waitForElementClickable(findTestObject(orPath_FilingStatus + "/input_userType_Joint"), 5): Object 'Object Repository/RAD_Pages/FilingStatus_Page/input_userType_Joint' is clickable

2024-01-14 16:34:08 - [MESSAGE][PASSED] - Object 'Object Repository/RAD_Pages/FilingStatus_Page/input_userType_Joint' is clickable

2024-01-14 16:34:08 - [TEST_STEP][PASSED] - click(findTestObject(orPath_FilingStatus + "/input_userType_Joint")): Object: 'Object Repository/RAD_Pages/FilingStatus_Page/input_userType_Joint' is clicked on

2024-01-14 16:34:08 - [MESSAGE][PASSED] - Object: 'Object Repository/RAD_Pages/FilingStatus_Page/input_userType_Joint' is clicked on

2024-01-14 16:34:08 - [TEST_STEP][PASSED] - setText(findTestObject("Object Repository/RAD_RecordAndPlay/input_JointFilerSSN"), "111116523"): Text '111116523' is set on object 'Object Repository/RAD_RecordAndPlay/input_JointFilerSSN'

2024-01-14 16:34:09 - [MESSAGE][PASSED] - Text '111116523' is set on object 'Object Repository/RAD_RecordAndPlay/input_JointFilerSSN'

2024-01-14 16:34:09 - [TEST_STEP][PASSED] - setText(findTestObject("Object Repository/RAD_RecordAndPlay/input_reTypeJointFilerSSN"), "222226523"): Text '222226523' is set on object 'Object Repository/RAD_RecordAndPlay/input_reTypeJointFilerSSN'

2024-01-14 16:34:09 - [MESSAGE][PASSED] - Text '222226523' is set on object 'Object Repository/RAD_RecordAndPlay/input_reTypeJointFilerSSN'

2024-01-14 16:34:09 - [TEST_STEP][PASSED] - setText(findTestObject(orPath_Amount + "/input__paymentAmount"), ""): Text '' is set on object 'Object Repository/RAD_Pages/PaymentAmount_Page/input__paymentAmount'

2024-01-14 16:34:10 - [MESSAGE][PASSED] - Text '' is set on object 'Object Repository/RAD_Pages/PaymentAmount_Page/input__paymentAmount'

2024-01-14 16:34:10 - [TEST_STEP][PASSED] - delay(2): Delayed 2 second(s)

2024-01-14 16:34:12 - [MESSAGE][PASSED] - Delayed 2 second(s)

2024-01-14 16:34:12 - [TEST_STEP][PASSED] - if (verifyTextPresent("The SSN and Re-type SSN do not match", true)): null

2024-01-14 16:34:13 - [MESSAGE][PASSED] - Text 'The SSN and Re-type SSN do not match' is present on page  using regular expression

2024-01-14 16:34:13 - [TEST_STEP][PASSED] - println("Joint Filer SSN Dont match text is present"): null

2024-01-14 16:34:13 - [TEST_STEP][PASSED] - out.println("Pass Record Number: " + row): null

2024-01-14 16:34:13 - [TEST_STEP][PASSED] - resText = "Pass": null

2024-01-14 16:34:13 - [TEST_STEP][PASSED] - pages.WriteExcel.demoKey(resText, datText, resColumn, datCloumn, fileLoc, nameSheet, row): pages.WriteExcel.demoKey is PASSED

2024-01-14 16:34:13 - [MESSAGE][PASSED] - pages.WriteExcel.demoKey is PASSED

2024-01-14 16:34:13 - [TEST_STEP][PASSED] - ExecuteTC = findTestData(dataFile).getValue("Execute", row): null

2024-01-14 16:34:13 - [TEST_STEP][PASSED] - Taxtype = findTestData(dataFile).getValue("TaxType", row): null

2024-01-14 16:34:13 - [TEST_STEP][PASSED] - Paymenttype = findTestData(dataFile).getValue("PaymentType", row): null

2024-01-14 16:34:13 - [TEST_STEP][PASSED] - out.println("Value of Execute is : " + ExecuteTC): null

2024-01-14 16:34:13 - [TEST_STEP][PASSED] - if (ExecuteTC.equalsIgnoreCase("Y")): null

2024-01-14 16:34:13 - [TEST_STEP][PASSED] - ExecuteTC = findTestData(dataFile).getValue("Execute", row): null

2024-01-14 16:34:13 - [TEST_STEP][PASSED] - Taxtype = findTestData(dataFile).getValue("TaxType", row): null

2024-01-14 16:34:13 - [TEST_STEP][PASSED] - Paymenttype = findTestData(dataFile).getValue("PaymentType", row): null

2024-01-14 16:34:13 - [TEST_STEP][PASSED] - out.println("Value of Execute is : " + ExecuteTC): null

2024-01-14 16:34:13 - [TEST_STEP][PASSED] - if (ExecuteTC.equalsIgnoreCase("Y")): null

2024-01-14 16:34:13 - [TEST_STEP][PASSED] - out.println("Begin Record Number: " + row): null

2024-01-14 16:34:13 - [TEST_STEP][PASSED] - today = new java.util.Date(): null

2024-01-14 16:34:13 - [TEST_STEP][PASSED] - println(today): null

2024-01-14 16:34:13 - [TEST_STEP][PASSED] - datText = today: null

2024-01-14 16:34:13 - [TEST_STEP][PASSED] - Taxtype = findTestData(dataFile).getValue("TaxType", row): null

2024-01-14 16:34:13 - [TEST_STEP][PASSED] - out.println("Taxtype value is : " + Taxtype): null

2024-01-14 16:34:13 - [TEST_STEP][PASSED] - openBrowser(""): Browser is opened with url: ''

2024-01-14 16:34:13 - [MESSAGE][WARNING] - A browser is already opened. Closing browser and opening a new one

2024-01-14 16:34:14 - [MESSAGE][INFO] - Starting 'Chrome' driver

2024-01-14 16:34:14 - [MESSAGE][INFO] - User set preference: ['acceptInsecureCerts', 'true']

2024-01-14 16:34:14 - [MESSAGE][INFO] - Action delay is set to 0 milliseconds

2024-01-14 16:34:16 - [MESSAGE][PASSED] - Browser is opened with url: ''

2024-01-14 16:34:16 - [TEST_STEP][PASSED] - maximizeWindow(): Current window maximized

2024-01-14 16:34:16 - [MESSAGE][PASSED] - Current window maximized

2024-01-14 16:34:16 - [TEST_STEP][PASSED] - navigateToUrl(RADurl): Navigate to 'https://qa2.velocitypayment.com/client/rad/index.html' successfully

2024-01-14 16:34:17 - [MESSAGE][PASSED] - Navigate to 'https://qa2.velocitypayment.com/client/rad/index.html' successfully

2024-01-14 16:34:17 - [TEST_STEP][PASSED] - orPath_Landing = "Object Repository/RAD_Pages/Landing_Page": null

2024-01-14 16:34:17 - [TEST_STEP][PASSED] - orPath_TaxTypeFilingYear = "Object Repository/RAD_Pages/TaxTypeFilingYear_Page": null

2024-01-14 16:34:17 - [TEST_STEP][PASSED] - orPath_TaxPayer = "Object Repository/RAD_Pages/Taxpayer_Page": null

2024-01-14 16:34:17 - [TEST_STEP][PASSED] - orPath_AddressContact = "Object Repository/RAD_Pages/AddressAndContactInfo_Page": null

2024-01-14 16:34:17 - [TEST_STEP][PASSED] - orPath_FilingStatus = "Object Repository/RAD_Pages/FilingStatus_Page": null

2024-01-14 16:34:17 - [TEST_STEP][PASSED] - orPath_Amount = "Object Repository/RAD_Pages/PaymentAmount_Page": null

2024-01-14 16:34:17 - [TEST_STEP][PASSED] - orPath_TaxInfo = "Object Repository/RAD_Pages/TaxInfo_Page": null

2024-01-14 16:34:17 - [TEST_STEP][PASSED] - selectOptionByLabel(findTestObject(orPath_Landing + "/dd_TaxType"), Paymenttype, false): All options with label 'New Tax Return Amount Due' are selected in object 'Object Repository/RAD_Pages/Landing_Page/dd_TaxType' 

2024-01-14 16:34:18 - [MESSAGE][PASSED] - All options with label 'New Tax Return Amount Due' are selected in object 'Object Repository/RAD_Pages/Landing_Page/dd_TaxType' 

2024-01-14 16:34:18 - [TEST_STEP][PASSED] - delay(1): Delayed 1 second(s)

2024-01-14 16:34:19 - [MESSAGE][PASSED] - Delayed 1 second(s)

2024-01-14 16:34:19 - [TEST_STEP][PASSED] - switch (Paymenttype): null

2024-01-14 16:34:19 - [TEST_STEP][PASSED] - case "New Tax Return Amount Due":: null

2024-01-14 16:34:19 - [TEST_STEP][PASSED] - selectOptionByLabel(findTestObject("Object Repository/RAD_Pages/Landing_Page/select_NewTaxReturnAmountDue_TaxType"), Taxtype, false): All options with label 'Personal Income Tax' are selected in object 'Object Repository/RAD_Pages/Landing_Page/select_NewTaxReturnAmountDue_TaxType' 

2024-01-14 16:34:19 - [MESSAGE][PASSED] - All options with label 'Personal Income Tax' are selected in object 'Object Repository/RAD_Pages/Landing_Page/select_NewTaxReturnAmountDue_TaxType' 

2024-01-14 16:34:19 - [TEST_STEP][PASSED] - break: null

2024-01-14 16:34:19 - [TEST_STEP][PASSED] - delay(1): Delayed 1 second(s)

2024-01-14 16:34:20 - [MESSAGE][PASSED] - Delayed 1 second(s)

2024-01-14 16:34:20 - [TEST_STEP][PASSED] - scrollToElement(findTestObject(orPath_Amount + "/input__paymentAmount"), 2, CONTINUE_ON_FAILURE): Scroll to object 'Object Repository/RAD_Pages/PaymentAmount_Page/input__paymentAmount' successfully

2024-01-14 16:34:21 - [MESSAGE][PASSED] - Scroll to object 'Object Repository/RAD_Pages/PaymentAmount_Page/input__paymentAmount' successfully

2024-01-14 16:34:21 - [TEST_STEP][PASSED] - waitForElementClickable(findTestObject(orPath_FilingStatus + "/input_userType_Joint"), 5): Object 'Object Repository/RAD_Pages/FilingStatus_Page/input_userType_Joint' is clickable

2024-01-14 16:34:21 - [MESSAGE][PASSED] - Object 'Object Repository/RAD_Pages/FilingStatus_Page/input_userType_Joint' is clickable

2024-01-14 16:34:21 - [TEST_STEP][PASSED] - click(findTestObject(orPath_FilingStatus + "/input_userType_Joint")): Object: 'Object Repository/RAD_Pages/FilingStatus_Page/input_userType_Joint' is clicked on

2024-01-14 16:34:21 - [MESSAGE][PASSED] - Object: 'Object Repository/RAD_Pages/FilingStatus_Page/input_userType_Joint' is clicked on

2024-01-14 16:34:21 - [TEST_STEP][PASSED] - setText(findTestObject("Object Repository/RAD_RecordAndPlay/input_JointFilerSSN"), "111116523"): Text '111116523' is set on object 'Object Repository/RAD_RecordAndPlay/input_JointFilerSSN'

2024-01-14 16:34:22 - [MESSAGE][PASSED] - Text '111116523' is set on object 'Object Repository/RAD_RecordAndPlay/input_JointFilerSSN'

2024-01-14 16:34:22 - [TEST_STEP][PASSED] - setText(findTestObject("Object Repository/RAD_RecordAndPlay/input_reTypeJointFilerSSN"), "222226523"): Text '222226523' is set on object 'Object Repository/RAD_RecordAndPlay/input_reTypeJointFilerSSN'

2024-01-14 16:34:23 - [MESSAGE][PASSED] - Text '222226523' is set on object 'Object Repository/RAD_RecordAndPlay/input_reTypeJointFilerSSN'

2024-01-14 16:34:23 - [TEST_STEP][PASSED] - setText(findTestObject(orPath_Amount + "/input__paymentAmount"), ""): Text '' is set on object 'Object Repository/RAD_Pages/PaymentAmount_Page/input__paymentAmount'

2024-01-14 16:34:24 - [MESSAGE][PASSED] - Text '' is set on object 'Object Repository/RAD_Pages/PaymentAmount_Page/input__paymentAmount'

2024-01-14 16:34:24 - [TEST_STEP][PASSED] - delay(2): Delayed 2 second(s)

2024-01-14 16:34:26 - [MESSAGE][PASSED] - Delayed 2 second(s)

2024-01-14 16:34:26 - [TEST_STEP][PASSED] - if (verifyTextPresent("The SSN and Re-type SSN do not match", true)): null

2024-01-14 16:34:26 - [MESSAGE][PASSED] - Text 'The SSN and Re-type SSN do not match' is present on page  using regular expression

2024-01-14 16:34:26 - [TEST_STEP][PASSED] - println("Joint Filer SSN Dont match text is present"): null

2024-01-14 16:34:26 - [TEST_STEP][PASSED] - out.println("Pass Record Number: " + row): null

2024-01-14 16:34:26 - [TEST_STEP][PASSED] - resText = "Pass": null

2024-01-14 16:34:26 - [TEST_STEP][PASSED] - pages.WriteExcel.demoKey(resText, datText, resColumn, datCloumn, fileLoc, nameSheet, row): pages.WriteExcel.demoKey is PASSED

2024-01-14 16:34:26 - [MESSAGE][PASSED] - pages.WriteExcel.demoKey is PASSED]]></system-out>
         <system-err><![CDATA[]]></system-err>
      </testcase>
      <testcase name="Test Cases/RAD_TestCases/Negative_TestCases/JointFilerSSNmoreThan9Error" time="25.119" classname="Test Cases/RAD_TestCases/Negative_TestCases/JointFilerSSNmoreThan9Error" status="PASSED">
         <system-out><![CDATA[2024-01-14 16:34:26 - [TEST_CASE][PASSED] - Test Cases/RAD_TestCases/Negative_TestCases/JointFilerSSNmoreThan9Error: Test Cases/RAD_TestCases/Negative_TestCases/JointFilerSSNmoreThan9Error

2024-01-14 16:34:27 - [TEST_STEP][PASSED] - resText = "Fail": null

2024-01-14 16:34:27 - [TEST_STEP][PASSED] - resColumn = "Result": null

2024-01-14 16:34:27 - [TEST_STEP][PASSED] - datCloumn = "Date": null

2024-01-14 16:34:27 - [TEST_STEP][PASSED] - fileLoc = "KatalonData/RADTestData/JointFilerSSNmoreThan9Error.xlsx": null

2024-01-14 16:34:27 - [TEST_STEP][PASSED] - nameSheet = "Sheet1": null

2024-01-14 16:34:27 - [TEST_STEP][PASSED] - dataFile = "RADTestData/JointFilerSSNmoreThan9Error": null

2024-01-14 16:34:27 - [TEST_STEP][PASSED] - ExecuteTC = <not implemented yet for class: org.codehaus.groovy.ast.expr.EmptyExpression>: null

2024-01-14 16:34:27 - [TEST_STEP][PASSED] - Taxtype = <not implemented yet for class: org.codehaus.groovy.ast.expr.EmptyExpression>: null

2024-01-14 16:34:27 - [TEST_STEP][PASSED] - numOfRows = findTestData(dataFile).getRowNumbers(): null

2024-01-14 16:34:27 - [TEST_STEP][PASSED] - println("Number of Records: " + numOfRows): null

2024-01-14 16:34:27 - [TEST_STEP][PASSED] - for ([row = 1, row <= numOfRows, (row++)]): null

2024-01-14 16:34:27 - [TEST_STEP][PASSED] - ExecuteTC = findTestData(dataFile).getValue("Execute", row): null

2024-01-14 16:34:27 - [TEST_STEP][PASSED] - Taxtype = findTestData(dataFile).getValue("TaxType", row): null

2024-01-14 16:34:27 - [TEST_STEP][PASSED] - Paymenttype = findTestData(dataFile).getValue("PaymentType", row): null

2024-01-14 16:34:27 - [TEST_STEP][PASSED] - out.println("Value of Execute is : " + ExecuteTC): null

2024-01-14 16:34:27 - [TEST_STEP][PASSED] - if (ExecuteTC.equalsIgnoreCase("Y")): null

2024-01-14 16:34:27 - [TEST_STEP][PASSED] - out.println("Begin Record Number: " + row): null

2024-01-14 16:34:27 - [TEST_STEP][PASSED] - today = new java.util.Date(): null

2024-01-14 16:34:27 - [TEST_STEP][PASSED] - println(today): null

2024-01-14 16:34:27 - [TEST_STEP][PASSED] - datText = today: null

2024-01-14 16:34:27 - [TEST_STEP][PASSED] - Taxtype = findTestData(dataFile).getValue("TaxType", row): null

2024-01-14 16:34:27 - [TEST_STEP][PASSED] - out.println("Taxtype value is : " + Taxtype): null

2024-01-14 16:34:27 - [TEST_STEP][PASSED] - openBrowser(""): Browser is opened with url: ''

2024-01-14 16:34:27 - [MESSAGE][WARNING] - A browser is already opened. Closing browser and opening a new one

2024-01-14 16:34:28 - [MESSAGE][INFO] - Starting 'Chrome' driver

2024-01-14 16:34:28 - [MESSAGE][INFO] - User set preference: ['acceptInsecureCerts', 'true']

2024-01-14 16:34:28 - [MESSAGE][INFO] - Action delay is set to 0 milliseconds

2024-01-14 16:34:29 - [MESSAGE][PASSED] - Browser is opened with url: ''

2024-01-14 16:34:29 - [TEST_STEP][PASSED] - maximizeWindow(): Current window maximized

2024-01-14 16:34:30 - [MESSAGE][PASSED] - Current window maximized

2024-01-14 16:34:30 - [TEST_STEP][PASSED] - navigateToUrl(RADurl): Navigate to 'https://qa2.velocitypayment.com/client/rad/index.html' successfully

2024-01-14 16:34:31 - [MESSAGE][PASSED] - Navigate to 'https://qa2.velocitypayment.com/client/rad/index.html' successfully

2024-01-14 16:34:31 - [TEST_STEP][PASSED] - orPath_Landing = "Object Repository/RAD_Pages/Landing_Page": null

2024-01-14 16:34:31 - [TEST_STEP][PASSED] - orPath_TaxTypeFilingYear = "Object Repository/RAD_Pages/TaxTypeFilingYear_Page": null

2024-01-14 16:34:31 - [TEST_STEP][PASSED] - orPath_TaxPayer = "Object Repository/RAD_Pages/Taxpayer_Page": null

2024-01-14 16:34:31 - [TEST_STEP][PASSED] - orPath_AddressContact = "Object Repository/RAD_Pages/AddressAndContactInfo_Page": null

2024-01-14 16:34:31 - [TEST_STEP][PASSED] - orPath_FilingStatus = "Object Repository/RAD_Pages/FilingStatus_Page": null

2024-01-14 16:34:31 - [TEST_STEP][PASSED] - orPath_Amount = "Object Repository/RAD_Pages/PaymentAmount_Page": null

2024-01-14 16:34:31 - [TEST_STEP][PASSED] - orPath_TaxInfo = "Object Repository/RAD_Pages/TaxInfo_Page": null

2024-01-14 16:34:31 - [TEST_STEP][PASSED] - selectOptionByLabel(findTestObject(orPath_Landing + "/dd_TaxType"), Paymenttype, false): All options with label 'Quarterly Estimated Tax' are selected in object 'Object Repository/RAD_Pages/Landing_Page/dd_TaxType' 

2024-01-14 16:34:32 - [MESSAGE][PASSED] - All options with label 'Quarterly Estimated Tax' are selected in object 'Object Repository/RAD_Pages/Landing_Page/dd_TaxType' 

2024-01-14 16:34:32 - [TEST_STEP][PASSED] - delay(1): Delayed 1 second(s)

2024-01-14 16:34:33 - [MESSAGE][PASSED] - Delayed 1 second(s)

2024-01-14 16:34:33 - [TEST_STEP][PASSED] - switch (Paymenttype): null

2024-01-14 16:34:33 - [TEST_STEP][PASSED] - case "Quarterly Estimated Tax":: null

2024-01-14 16:34:33 - [TEST_STEP][PASSED] - selectOptionByLabel(findTestObject(orPath_TaxTypeFilingYear + "/select_PaymentType"), Taxtype, false): All options with label 'Personal Income Tax' are selected in object 'Object Repository/RAD_Pages/TaxTypeFilingYear_Page/select_PaymentType' 

2024-01-14 16:34:33 - [MESSAGE][PASSED] - All options with label 'Personal Income Tax' are selected in object 'Object Repository/RAD_Pages/TaxTypeFilingYear_Page/select_PaymentType' 

2024-01-14 16:34:33 - [TEST_STEP][PASSED] - break: null

2024-01-14 16:34:33 - [TEST_STEP][PASSED] - delay(1): Delayed 1 second(s)

2024-01-14 16:34:34 - [MESSAGE][PASSED] - Delayed 1 second(s)

2024-01-14 16:34:34 - [TEST_STEP][PASSED] - scrollToElement(findTestObject(orPath_Amount + "/input__paymentAmount"), 2, CONTINUE_ON_FAILURE): Scroll to object 'Object Repository/RAD_Pages/PaymentAmount_Page/input__paymentAmount' successfully

2024-01-14 16:34:35 - [MESSAGE][PASSED] - Scroll to object 'Object Repository/RAD_Pages/PaymentAmount_Page/input__paymentAmount' successfully

2024-01-14 16:34:35 - [TEST_STEP][PASSED] - waitForElementClickable(findTestObject(orPath_FilingStatus + "/input_userType_Joint"), 5): Object 'Object Repository/RAD_Pages/FilingStatus_Page/input_userType_Joint' is clickable

2024-01-14 16:34:35 - [MESSAGE][PASSED] - Object 'Object Repository/RAD_Pages/FilingStatus_Page/input_userType_Joint' is clickable

2024-01-14 16:34:35 - [TEST_STEP][PASSED] - click(findTestObject(orPath_FilingStatus + "/input_userType_Joint")): Object: 'Object Repository/RAD_Pages/FilingStatus_Page/input_userType_Joint' is clicked on

2024-01-14 16:34:35 - [MESSAGE][PASSED] - Object: 'Object Repository/RAD_Pages/FilingStatus_Page/input_userType_Joint' is clicked on

2024-01-14 16:34:35 - [TEST_STEP][PASSED] - setText(findTestObject("Object Repository/RAD_RecordAndPlay/input_JointFilerSSN"), "1111165230"): Text '1111165230' is set on object 'Object Repository/RAD_RecordAndPlay/input_JointFilerSSN'

2024-01-14 16:34:36 - [MESSAGE][PASSED] - Text '1111165230' is set on object 'Object Repository/RAD_RecordAndPlay/input_JointFilerSSN'

2024-01-14 16:34:36 - [TEST_STEP][PASSED] - setText(findTestObject(orPath_Amount + "/input__paymentAmount"), ""): Text '' is set on object 'Object Repository/RAD_Pages/PaymentAmount_Page/input__paymentAmount'

2024-01-14 16:34:37 - [MESSAGE][PASSED] - Text '' is set on object 'Object Repository/RAD_Pages/PaymentAmount_Page/input__paymentAmount'

2024-01-14 16:34:37 - [TEST_STEP][PASSED] - delay(2): Delayed 2 second(s)

2024-01-14 16:34:39 - [MESSAGE][PASSED] - Delayed 2 second(s)

2024-01-14 16:34:39 - [TEST_STEP][PASSED] - if (verifyTextPresent("Please enter a valid SSN with 9 digits", true)): null

2024-01-14 16:34:39 - [MESSAGE][PASSED] - Text 'Please enter a valid SSN with 9 digits' is present on page  using regular expression

2024-01-14 16:34:39 - [TEST_STEP][PASSED] - println("Please enter a valid SSN with 9 digits"): null

2024-01-14 16:34:39 - [TEST_STEP][PASSED] - out.println("Pass Record Number: " + row): null

2024-01-14 16:34:39 - [TEST_STEP][PASSED] - resText = "Pass": null

2024-01-14 16:34:39 - [TEST_STEP][PASSED] - pages.WriteExcel.demoKey(resText, datText, resColumn, datCloumn, fileLoc, nameSheet, row): pages.WriteExcel.demoKey is PASSED

2024-01-14 16:34:39 - [MESSAGE][PASSED] - pages.WriteExcel.demoKey is PASSED

2024-01-14 16:34:39 - [TEST_STEP][PASSED] - ExecuteTC = findTestData(dataFile).getValue("Execute", row): null

2024-01-14 16:34:39 - [TEST_STEP][PASSED] - Taxtype = findTestData(dataFile).getValue("TaxType", row): null

2024-01-14 16:34:39 - [TEST_STEP][PASSED] - Paymenttype = findTestData(dataFile).getValue("PaymentType", row): null

2024-01-14 16:34:39 - [TEST_STEP][PASSED] - out.println("Value of Execute is : " + ExecuteTC): null

2024-01-14 16:34:39 - [TEST_STEP][PASSED] - if (ExecuteTC.equalsIgnoreCase("Y")): null

2024-01-14 16:34:39 - [TEST_STEP][PASSED] - ExecuteTC = findTestData(dataFile).getValue("Execute", row): null

2024-01-14 16:34:39 - [TEST_STEP][PASSED] - Taxtype = findTestData(dataFile).getValue("TaxType", row): null

2024-01-14 16:34:39 - [TEST_STEP][PASSED] - Paymenttype = findTestData(dataFile).getValue("PaymentType", row): null

2024-01-14 16:34:39 - [TEST_STEP][PASSED] - out.println("Value of Execute is : " + ExecuteTC): null

2024-01-14 16:34:39 - [TEST_STEP][PASSED] - if (ExecuteTC.equalsIgnoreCase("Y")): null

2024-01-14 16:34:39 - [TEST_STEP][PASSED] - out.println("Begin Record Number: " + row): null

2024-01-14 16:34:39 - [TEST_STEP][PASSED] - today = new java.util.Date(): null

2024-01-14 16:34:39 - [TEST_STEP][PASSED] - println(today): null

2024-01-14 16:34:39 - [TEST_STEP][PASSED] - datText = today: null

2024-01-14 16:34:39 - [TEST_STEP][PASSED] - Taxtype = findTestData(dataFile).getValue("TaxType", row): null

2024-01-14 16:34:39 - [TEST_STEP][PASSED] - out.println("Taxtype value is : " + Taxtype): null

2024-01-14 16:34:39 - [TEST_STEP][PASSED] - openBrowser(""): Browser is opened with url: ''

2024-01-14 16:34:39 - [MESSAGE][WARNING] - A browser is already opened. Closing browser and opening a new one

2024-01-14 16:34:40 - [MESSAGE][INFO] - Starting 'Chrome' driver

2024-01-14 16:34:40 - [MESSAGE][INFO] - User set preference: ['acceptInsecureCerts', 'true']

2024-01-14 16:34:40 - [MESSAGE][INFO] - Action delay is set to 0 milliseconds

2024-01-14 16:34:42 - [MESSAGE][PASSED] - Browser is opened with url: ''

2024-01-14 16:34:42 - [TEST_STEP][PASSED] - maximizeWindow(): Current window maximized

2024-01-14 16:34:42 - [MESSAGE][PASSED] - Current window maximized

2024-01-14 16:34:42 - [TEST_STEP][PASSED] - navigateToUrl(RADurl): Navigate to 'https://qa2.velocitypayment.com/client/rad/index.html' successfully

2024-01-14 16:34:43 - [MESSAGE][PASSED] - Navigate to 'https://qa2.velocitypayment.com/client/rad/index.html' successfully

2024-01-14 16:34:43 - [TEST_STEP][PASSED] - orPath_Landing = "Object Repository/RAD_Pages/Landing_Page": null

2024-01-14 16:34:43 - [TEST_STEP][PASSED] - orPath_TaxTypeFilingYear = "Object Repository/RAD_Pages/TaxTypeFilingYear_Page": null

2024-01-14 16:34:43 - [TEST_STEP][PASSED] - orPath_TaxPayer = "Object Repository/RAD_Pages/Taxpayer_Page": null

2024-01-14 16:34:43 - [TEST_STEP][PASSED] - orPath_AddressContact = "Object Repository/RAD_Pages/AddressAndContactInfo_Page": null

2024-01-14 16:34:43 - [TEST_STEP][PASSED] - orPath_FilingStatus = "Object Repository/RAD_Pages/FilingStatus_Page": null

2024-01-14 16:34:43 - [TEST_STEP][PASSED] - orPath_Amount = "Object Repository/RAD_Pages/PaymentAmount_Page": null

2024-01-14 16:34:43 - [TEST_STEP][PASSED] - orPath_TaxInfo = "Object Repository/RAD_Pages/TaxInfo_Page": null

2024-01-14 16:34:43 - [TEST_STEP][PASSED] - selectOptionByLabel(findTestObject(orPath_Landing + "/dd_TaxType"), Paymenttype, false): All options with label 'New Tax Return Amount Due' are selected in object 'Object Repository/RAD_Pages/Landing_Page/dd_TaxType' 

2024-01-14 16:34:44 - [MESSAGE][PASSED] - All options with label 'New Tax Return Amount Due' are selected in object 'Object Repository/RAD_Pages/Landing_Page/dd_TaxType' 

2024-01-14 16:34:44 - [TEST_STEP][PASSED] - delay(1): Delayed 1 second(s)

2024-01-14 16:34:45 - [MESSAGE][PASSED] - Delayed 1 second(s)

2024-01-14 16:34:45 - [TEST_STEP][PASSED] - switch (Paymenttype): null

2024-01-14 16:34:45 - [TEST_STEP][PASSED] - case "New Tax Return Amount Due":: null

2024-01-14 16:34:45 - [TEST_STEP][PASSED] - selectOptionByLabel(findTestObject("Object Repository/RAD_Pages/Landing_Page/select_NewTaxReturnAmountDue_TaxType"), Taxtype, false): All options with label 'Personal Income Tax' are selected in object 'Object Repository/RAD_Pages/Landing_Page/select_NewTaxReturnAmountDue_TaxType' 

2024-01-14 16:34:46 - [MESSAGE][PASSED] - All options with label 'Personal Income Tax' are selected in object 'Object Repository/RAD_Pages/Landing_Page/select_NewTaxReturnAmountDue_TaxType' 

2024-01-14 16:34:46 - [TEST_STEP][PASSED] - break: null

2024-01-14 16:34:46 - [TEST_STEP][PASSED] - delay(1): Delayed 1 second(s)

2024-01-14 16:34:47 - [MESSAGE][PASSED] - Delayed 1 second(s)

2024-01-14 16:34:47 - [TEST_STEP][PASSED] - scrollToElement(findTestObject(orPath_Amount + "/input__paymentAmount"), 2, CONTINUE_ON_FAILURE): Scroll to object 'Object Repository/RAD_Pages/PaymentAmount_Page/input__paymentAmount' successfully

2024-01-14 16:34:47 - [MESSAGE][PASSED] - Scroll to object 'Object Repository/RAD_Pages/PaymentAmount_Page/input__paymentAmount' successfully

2024-01-14 16:34:47 - [TEST_STEP][PASSED] - waitForElementClickable(findTestObject(orPath_FilingStatus + "/input_userType_Joint"), 5): Object 'Object Repository/RAD_Pages/FilingStatus_Page/input_userType_Joint' is clickable

2024-01-14 16:34:47 - [MESSAGE][PASSED] - Object 'Object Repository/RAD_Pages/FilingStatus_Page/input_userType_Joint' is clickable

2024-01-14 16:34:47 - [TEST_STEP][PASSED] - click(findTestObject(orPath_FilingStatus + "/input_userType_Joint")): Object: 'Object Repository/RAD_Pages/FilingStatus_Page/input_userType_Joint' is clicked on

2024-01-14 16:34:48 - [MESSAGE][PASSED] - Object: 'Object Repository/RAD_Pages/FilingStatus_Page/input_userType_Joint' is clicked on

2024-01-14 16:34:48 - [TEST_STEP][PASSED] - setText(findTestObject("Object Repository/RAD_RecordAndPlay/input_JointFilerSSN"), "1111165230"): Text '1111165230' is set on object 'Object Repository/RAD_RecordAndPlay/input_JointFilerSSN'

2024-01-14 16:34:48 - [MESSAGE][PASSED] - Text '1111165230' is set on object 'Object Repository/RAD_RecordAndPlay/input_JointFilerSSN'

2024-01-14 16:34:48 - [TEST_STEP][PASSED] - setText(findTestObject(orPath_Amount + "/input__paymentAmount"), ""): Text '' is set on object 'Object Repository/RAD_Pages/PaymentAmount_Page/input__paymentAmount'

2024-01-14 16:34:49 - [MESSAGE][PASSED] - Text '' is set on object 'Object Repository/RAD_Pages/PaymentAmount_Page/input__paymentAmount'

2024-01-14 16:34:49 - [TEST_STEP][PASSED] - delay(2): Delayed 2 second(s)

2024-01-14 16:34:51 - [MESSAGE][PASSED] - Delayed 2 second(s)

2024-01-14 16:34:51 - [TEST_STEP][PASSED] - if (verifyTextPresent("Please enter a valid SSN with 9 digits", true)): null

2024-01-14 16:34:51 - [MESSAGE][PASSED] - Text 'Please enter a valid SSN with 9 digits' is present on page  using regular expression

2024-01-14 16:34:51 - [TEST_STEP][PASSED] - println("Please enter a valid SSN with 9 digits"): null

2024-01-14 16:34:51 - [TEST_STEP][PASSED] - out.println("Pass Record Number: " + row): null

2024-01-14 16:34:51 - [TEST_STEP][PASSED] - resText = "Pass": null

2024-01-14 16:34:51 - [TEST_STEP][PASSED] - pages.WriteExcel.demoKey(resText, datText, resColumn, datCloumn, fileLoc, nameSheet, row): pages.WriteExcel.demoKey is PASSED

2024-01-14 16:34:51 - [MESSAGE][PASSED] - pages.WriteExcel.demoKey is PASSED]]></system-out>
         <system-err><![CDATA[]]></system-err>
      </testcase>
      <testcase name="Test Cases/RAD_TestCases/MRF_TestCases/Estimated_MRF_TC" time="102.696" classname="Test Cases/RAD_TestCases/MRF_TestCases/Estimated_MRF_TC" status="PASSED">
         <system-out><![CDATA[2024-01-14 16:34:51 - [TEST_CASE][PASSED] - Test Cases/RAD_TestCases/MRF_TestCases/Estimated_MRF_TC: Test Cases/RAD_TestCases/MRF_TestCases/Estimated_MRF_TC

2024-01-14 16:34:52 - [TEST_STEP][PASSED] - resText = "Fail": null

2024-01-14 16:34:52 - [TEST_STEP][PASSED] - resColumn = "Result": null

2024-01-14 16:34:52 - [TEST_STEP][PASSED] - datCloumn = "Date": null

2024-01-14 16:34:52 - [TEST_STEP][PASSED] - fileLoc = "KatalonData/RADTestData/MRF.xlsx": null

2024-01-14 16:34:52 - [TEST_STEP][PASSED] - nameSheet = "Estimated": null

2024-01-14 16:34:52 - [TEST_STEP][PASSED] - dataFile = "RADTestData/MRF_Estimated": null

2024-01-14 16:34:52 - [TEST_STEP][PASSED] - orPath_Landing = "Object Repository/RAD_Pages/Landing_Page": null

2024-01-14 16:34:52 - [TEST_STEP][PASSED] - orPath_TaxTypeFilingYear = "Object Repository/RAD_Pages/TaxTypeFilingYear_Page": null

2024-01-14 16:34:52 - [TEST_STEP][PASSED] - orPath_Amount = "Object Repository/RAD_Pages/PaymentAmount_Page": null

2024-01-14 16:34:52 - [TEST_STEP][PASSED] - orPath_AddressContact = "Object Repository/RAD_Pages/AddressAndContactInfo_Page": null

2024-01-14 16:34:52 - [TEST_STEP][PASSED] - orPath_Summary = "Object Repository/RAD_Pages/Summary_Page": null

2024-01-14 16:34:52 - [TEST_STEP][PASSED] - orPath_PaymentConfirmation = "Object Repository/RAD_Pages/PaymentConfirmation_Page": null

2024-01-14 16:34:52 - [TEST_STEP][PASSED] - orPath_ServiceFeesAccept = "Object Repository/RAD_Pages/ServiceFeeAccept_Page": null

2024-01-14 16:34:52 - [TEST_STEP][PASSED] - orPath_PaymentEntry = "Object Repository/RAD_Pages/PaymentEntry_Page": null

2024-01-14 16:34:52 - [TEST_STEP][PASSED] - orPath_TaxPayer = "Object Repository/RAD_Pages/Taxpayer_Page": null

2024-01-14 16:34:52 - [TEST_STEP][PASSED] - orPath_FilingStatus = "Object Repository/RAD_Pages/FilingStatus_Page": null

2024-01-14 16:34:52 - [TEST_STEP][PASSED] - orPath_TaxInfo = "Object Repository/RAD_Pages/TaxInfo_Page": null

2024-01-14 16:34:52 - [TEST_STEP][PASSED] - ExecuteTC = <not implemented yet for class: org.codehaus.groovy.ast.expr.EmptyExpression>: null

2024-01-14 16:34:52 - [TEST_STEP][PASSED] - TaxType = <not implemented yet for class: org.codehaus.groovy.ast.expr.EmptyExpression>: null

2024-01-14 16:34:52 - [TEST_STEP][PASSED] - PaymentType = <not implemented yet for class: org.codehaus.groovy.ast.expr.EmptyExpression>: null

2024-01-14 16:34:52 - [TEST_STEP][PASSED] - FilingYear = <not implemented yet for class: org.codehaus.groovy.ast.expr.EmptyExpression>: null

2024-01-14 16:34:52 - [TEST_STEP][PASSED] - PeriodEndingMonth = <not implemented yet for class: org.codehaus.groovy.ast.expr.EmptyExpression>: null

2024-01-14 16:34:52 - [TEST_STEP][PASSED] - feinSSN = <not implemented yet for class: org.codehaus.groovy.ast.expr.EmptyExpression>: null

2024-01-14 16:34:52 - [TEST_STEP][PASSED] - numOfRows = findTestData(dataFile).getRowNumbers(): null

2024-01-14 16:34:52 - [TEST_STEP][PASSED] - println("Number of Records: " + numOfRows): null

2024-01-14 16:34:52 - [TEST_STEP][PASSED] - for ([row = 1, row <= numOfRows, (row++)]): pages.WriteExcel.demoKey is PASSED

2024-01-14 16:34:52 - [TEST_STEP][PASSED] - ExecuteTC = findTestData(dataFile).getValue("Execute", row): null

2024-01-14 16:34:52 - [TEST_STEP][PASSED] - TaxType = findTestData(dataFile).getValue("TaxType", row): null

2024-01-14 16:34:52 - [TEST_STEP][PASSED] - PaymentType = findTestData(dataFile).getValue("PaymentType", row): null

2024-01-14 16:34:52 - [TEST_STEP][PASSED] - FilingYear = findTestData(dataFile).getValue("Year", row): null

2024-01-14 16:34:52 - [TEST_STEP][PASSED] - PeriodEndingMonth = findTestData(dataFile).getValue("Month", row): null

2024-01-14 16:34:52 - [TEST_STEP][PASSED] - feinSSN = findTestData(dataFile).getValue("FeinSsn", row): null

2024-01-14 16:34:52 - [TEST_STEP][PASSED] - if (ExecuteTC.equalsIgnoreCase("Y")): pages.WriteExcel.demoKey is PASSED

2024-01-14 16:34:52 - [TEST_STEP][PASSED] - out.println("Begin Record Number: " + row): null

2024-01-14 16:34:52 - [TEST_STEP][PASSED] - today = new java.util.Date(): null

2024-01-14 16:34:52 - [TEST_STEP][PASSED] - println(today): null

2024-01-14 16:34:52 - [TEST_STEP][PASSED] - datText = today: null

2024-01-14 16:34:52 - [TEST_STEP][PASSED] - logInfo("Payment Type: Quarterly Estimated Tax"): Payment Type: Quarterly Estimated Tax

2024-01-14 16:34:52 - [MESSAGE][INFO] - Payment Type: Quarterly Estimated Tax

2024-01-14 16:34:52 - [TEST_STEP][PASSED] - logInfo("Tax Type: " + TaxType): Tax Type: Corporate Income Tax

2024-01-14 16:34:52 - [MESSAGE][INFO] - Tax Type: Corporate Income Tax

2024-01-14 16:34:52 - [TEST_STEP][PASSED] - openBrowser(""): Browser is opened with url: ''

2024-01-14 16:34:52 - [MESSAGE][WARNING] - A browser is already opened. Closing browser and opening a new one

2024-01-14 16:34:53 - [MESSAGE][INFO] - Starting 'Chrome' driver

2024-01-14 16:34:53 - [MESSAGE][INFO] - User set preference: ['acceptInsecureCerts', 'true']

2024-01-14 16:34:53 - [MESSAGE][INFO] - Action delay is set to 0 milliseconds

2024-01-14 16:34:55 - [MESSAGE][PASSED] - Browser is opened with url: ''

2024-01-14 16:34:55 - [TEST_STEP][PASSED] - maximizeWindow(): Current window maximized

2024-01-14 16:34:55 - [MESSAGE][PASSED] - Current window maximized

2024-01-14 16:34:55 - [TEST_STEP][PASSED] - navigateToUrl(RADurl): Navigate to 'https://qa2.velocitypayment.com/client/rad/index.html' successfully

2024-01-14 16:34:56 - [MESSAGE][PASSED] - Navigate to 'https://qa2.velocitypayment.com/client/rad/index.html' successfully

2024-01-14 16:34:56 - [TEST_STEP][PASSED] - selectOptionByLabel(findTestObject(orPath_Landing + "/dd_TaxType"), "Quarterly Estimated Tax", false): All options with label 'Quarterly Estimated Tax' are selected in object 'Object Repository/RAD_Pages/Landing_Page/dd_TaxType' 

2024-01-14 16:34:57 - [MESSAGE][PASSED] - All options with label 'Quarterly Estimated Tax' are selected in object 'Object Repository/RAD_Pages/Landing_Page/dd_TaxType' 

2024-01-14 16:34:57 - [TEST_STEP][PASSED] - selectOptionByLabel(findTestObject(orPath_TaxTypeFilingYear + "/select_PaymentType"), TaxType, false): All options with label 'Corporate Income Tax' are selected in object 'Object Repository/RAD_Pages/TaxTypeFilingYear_Page/select_PaymentType' 

2024-01-14 16:34:58 - [MESSAGE][PASSED] - All options with label 'Corporate Income Tax' are selected in object 'Object Repository/RAD_Pages/TaxTypeFilingYear_Page/select_PaymentType' 

2024-01-14 16:34:58 - [TEST_STEP][PASSED] - selectOptionByLabel(findTestObject(orPath_TaxTypeFilingYear + "/select_FilingYear"), FilingYear, false): All options with label '2024' are selected in object 'Object Repository/RAD_Pages/TaxTypeFilingYear_Page/select_FilingYear' 

2024-01-14 16:34:58 - [MESSAGE][PASSED] - All options with label '2024' are selected in object 'Object Repository/RAD_Pages/TaxTypeFilingYear_Page/select_FilingYear' 

2024-01-14 16:34:58 - [TEST_STEP][PASSED] - selectOptionByLabel(findTestObject(orPath_TaxTypeFilingYear + "/select_PeriodEnding"), PeriodEndingMonth, false): All options with label 'March' are selected in object 'Object Repository/RAD_Pages/TaxTypeFilingYear_Page/select_PeriodEnding' 

2024-01-14 16:34:59 - [MESSAGE][PASSED] - All options with label 'March' are selected in object 'Object Repository/RAD_Pages/TaxTypeFilingYear_Page/select_PeriodEnding' 

2024-01-14 16:34:59 - [TEST_STEP][PASSED] - setText(findTestObject(orPath_TaxPayer + "/input_businessName"), " "): Text ' ' is set on object 'Object Repository/RAD_Pages/Taxpayer_Page/input_businessName'

2024-01-14 16:35:00 - [MESSAGE][PASSED] - Text ' ' is set on object 'Object Repository/RAD_Pages/Taxpayer_Page/input_businessName'

2024-01-14 16:35:00 - [TEST_STEP][PASSED] - setText(findTestObject(orPath_TaxPayer + "/input_BusinessRepfirstName"), " "): Text ' ' is set on object 'Object Repository/RAD_Pages/Taxpayer_Page/input_BusinessRepfirstName'

2024-01-14 16:35:00 - [MESSAGE][PASSED] - Text ' ' is set on object 'Object Repository/RAD_Pages/Taxpayer_Page/input_BusinessRepfirstName'

2024-01-14 16:35:00 - [TEST_STEP][PASSED] - setText(findTestObject(orPath_TaxPayer + "/input_BusinessReplastName"), " "): Text ' ' is set on object 'Object Repository/RAD_Pages/Taxpayer_Page/input_BusinessReplastName'

2024-01-14 16:35:01 - [MESSAGE][PASSED] - Text ' ' is set on object 'Object Repository/RAD_Pages/Taxpayer_Page/input_BusinessReplastName'

2024-01-14 16:35:01 - [TEST_STEP][PASSED] - setText(findTestObject(orPath_AddressContact + "/input_streetAddress1"), " "): Text ' ' is set on object 'Object Repository/RAD_Pages/AddressAndContactInfo_Page/input_streetAddress1'

2024-01-14 16:35:02 - [MESSAGE][PASSED] - Text ' ' is set on object 'Object Repository/RAD_Pages/AddressAndContactInfo_Page/input_streetAddress1'

2024-01-14 16:35:02 - [TEST_STEP][PASSED] - setText(findTestObject(orPath_AddressContact + "/input_city"), " "): Text ' ' is set on object 'Object Repository/RAD_Pages/AddressAndContactInfo_Page/input_city'

2024-01-14 16:35:03 - [MESSAGE][PASSED] - Text ' ' is set on object 'Object Repository/RAD_Pages/AddressAndContactInfo_Page/input_city'

2024-01-14 16:35:03 - [TEST_STEP][PASSED] - setText(findTestObject(orPath_AddressContact + "/input_zipCode"), " "): Text ' ' is set on object 'Object Repository/RAD_Pages/AddressAndContactInfo_Page/input_zipCode'

2024-01-14 16:35:03 - [MESSAGE][PASSED] - Text ' ' is set on object 'Object Repository/RAD_Pages/AddressAndContactInfo_Page/input_zipCode'

2024-01-14 16:35:03 - [TEST_STEP][PASSED] - setText(findTestObject(orPath_AddressContact + "/input_phoneNumber"), " "): Text ' ' is set on object 'Object Repository/RAD_Pages/AddressAndContactInfo_Page/input_phoneNumber'

2024-01-14 16:35:04 - [MESSAGE][PASSED] - Text ' ' is set on object 'Object Repository/RAD_Pages/AddressAndContactInfo_Page/input_phoneNumber'

2024-01-14 16:35:04 - [TEST_STEP][PASSED] - setText(findTestObject(orPath_AddressContact + "/input_eMailAddress"), " "): Text ' ' is set on object 'Object Repository/RAD_Pages/AddressAndContactInfo_Page/input_eMailAddress'

2024-01-14 16:35:05 - [MESSAGE][PASSED] - Text ' ' is set on object 'Object Repository/RAD_Pages/AddressAndContactInfo_Page/input_eMailAddress'

2024-01-14 16:35:05 - [TEST_STEP][PASSED] - setText(findTestObject(orPath_AddressContact + "/input_reEnterEMailAddress"), " "): Text ' ' is set on object 'Object Repository/RAD_Pages/AddressAndContactInfo_Page/input_reEnterEMailAddress'

2024-01-14 16:35:06 - [MESSAGE][PASSED] - Text ' ' is set on object 'Object Repository/RAD_Pages/AddressAndContactInfo_Page/input_reEnterEMailAddress'

2024-01-14 16:35:06 - [TEST_STEP][PASSED] - resText = "Fail": null

2024-01-14 16:35:06 - [TEST_STEP][PASSED] - pages.WriteExcel.demoKey(resText, datText, resColumn, datCloumn, fileLoc, nameSheet, row): pages.WriteExcel.demoKey is PASSED

2024-01-14 16:35:06 - [MESSAGE][PASSED] - pages.WriteExcel.demoKey is PASSED

2024-01-14 16:35:06 - [TEST_STEP][PASSED] - verifyTextPresent("Enter business name", true, CONTINUE_ON_FAILURE): Text 'Enter business name' is present on page  using regular expression

2024-01-14 16:35:06 - [MESSAGE][PASSED] - Text 'Enter business name' is present on page  using regular expression

2024-01-14 16:35:06 - [TEST_STEP][PASSED] - verifyTextPresent("Enter business rep first name", true, CONTINUE_ON_FAILURE): Text 'Enter business rep first name' is present on page  using regular expression

2024-01-14 16:35:06 - [MESSAGE][PASSED] - Text 'Enter business rep first name' is present on page  using regular expression

2024-01-14 16:35:06 - [TEST_STEP][PASSED] - verifyTextPresent("Enter business rep last name", true, CONTINUE_ON_FAILURE): Text 'Enter business rep last name' is present on page  using regular expression

2024-01-14 16:35:07 - [MESSAGE][PASSED] - Text 'Enter business rep last name' is present on page  using regular expression

2024-01-14 16:35:07 - [TEST_STEP][PASSED] - verifyTextPresent("Enter address", true, CONTINUE_ON_FAILURE): Text 'Enter address' is present on page  using regular expression

2024-01-14 16:35:07 - [MESSAGE][PASSED] - Text 'Enter address' is present on page  using regular expression

2024-01-14 16:35:07 - [TEST_STEP][PASSED] - verifyTextPresent("Enter city", true, CONTINUE_ON_FAILURE): Text 'Enter city' is present on page  using regular expression

2024-01-14 16:35:08 - [MESSAGE][PASSED] - Text 'Enter city' is present on page  using regular expression

2024-01-14 16:35:08 - [TEST_STEP][PASSED] - verifyTextPresent("Enter ZIP code", true, CONTINUE_ON_FAILURE): Text 'Enter ZIP code' is present on page  using regular expression

2024-01-14 16:35:08 - [MESSAGE][PASSED] - Text 'Enter ZIP code' is present on page  using regular expression

2024-01-14 16:35:08 - [TEST_STEP][PASSED] - verifyTextPresent("Enter a valid phone number", true, CONTINUE_ON_FAILURE): Text 'Enter a valid phone number' is present on page  using regular expression

2024-01-14 16:35:08 - [MESSAGE][PASSED] - Text 'Enter a valid phone number' is present on page  using regular expression

2024-01-14 16:35:08 - [TEST_STEP][PASSED] - verifyTextPresent("Enter Email", true, CONTINUE_ON_FAILURE): Text 'Enter Email' is present on page  using regular expression

2024-01-14 16:35:09 - [MESSAGE][PASSED] - Text 'Enter Email' is present on page  using regular expression

2024-01-14 16:35:09 - [TEST_STEP][PASSED] - resText = "Pass": null

2024-01-14 16:35:09 - [TEST_STEP][PASSED] - pages.WriteExcel.demoKey(resText, datText, resColumn, datCloumn, fileLoc, nameSheet, row): pages.WriteExcel.demoKey is PASSED

2024-01-14 16:35:09 - [MESSAGE][PASSED] - pages.WriteExcel.demoKey is PASSED

2024-01-14 16:35:09 - [TEST_STEP][PASSED] - ExecuteTC = findTestData(dataFile).getValue("Execute", row): null

2024-01-14 16:35:09 - [TEST_STEP][PASSED] - TaxType = findTestData(dataFile).getValue("TaxType", row): null

2024-01-14 16:35:09 - [TEST_STEP][PASSED] - PaymentType = findTestData(dataFile).getValue("PaymentType", row): null

2024-01-14 16:35:09 - [TEST_STEP][PASSED] - FilingYear = findTestData(dataFile).getValue("Year", row): null

2024-01-14 16:35:09 - [TEST_STEP][PASSED] - PeriodEndingMonth = findTestData(dataFile).getValue("Month", row): null

2024-01-14 16:35:09 - [TEST_STEP][PASSED] - feinSSN = findTestData(dataFile).getValue("FeinSsn", row): null

2024-01-14 16:35:09 - [TEST_STEP][PASSED] - if (ExecuteTC.equalsIgnoreCase("Y")): pages.WriteExcel.demoKey is PASSED

2024-01-14 16:35:09 - [TEST_STEP][PASSED] - out.println("Begin Record Number: " + row): null

2024-01-14 16:35:09 - [TEST_STEP][PASSED] - today = new java.util.Date(): null

2024-01-14 16:35:09 - [TEST_STEP][PASSED] - println(today): null

2024-01-14 16:35:09 - [TEST_STEP][PASSED] - datText = today: null

2024-01-14 16:35:09 - [TEST_STEP][PASSED] - logInfo("Payment Type: Quarterly Estimated Tax"): Payment Type: Quarterly Estimated Tax

2024-01-14 16:35:09 - [MESSAGE][INFO] - Payment Type: Quarterly Estimated Tax

2024-01-14 16:35:09 - [TEST_STEP][PASSED] - logInfo("Tax Type: " + TaxType): Tax Type: Fiduciary Tax

2024-01-14 16:35:09 - [MESSAGE][INFO] - Tax Type: Fiduciary Tax

2024-01-14 16:35:09 - [TEST_STEP][PASSED] - openBrowser(""): Browser is opened with url: ''

2024-01-14 16:35:09 - [MESSAGE][WARNING] - A browser is already opened. Closing browser and opening a new one

2024-01-14 16:35:10 - [MESSAGE][INFO] - Starting 'Chrome' driver

2024-01-14 16:35:10 - [MESSAGE][INFO] - User set preference: ['acceptInsecureCerts', 'true']

2024-01-14 16:35:10 - [MESSAGE][INFO] - Action delay is set to 0 milliseconds

2024-01-14 16:35:12 - [MESSAGE][PASSED] - Browser is opened with url: ''

2024-01-14 16:35:12 - [TEST_STEP][PASSED] - maximizeWindow(): Current window maximized

2024-01-14 16:35:12 - [MESSAGE][PASSED] - Current window maximized

2024-01-14 16:35:12 - [TEST_STEP][PASSED] - navigateToUrl(RADurl): Navigate to 'https://qa2.velocitypayment.com/client/rad/index.html' successfully

2024-01-14 16:35:13 - [MESSAGE][PASSED] - Navigate to 'https://qa2.velocitypayment.com/client/rad/index.html' successfully

2024-01-14 16:35:13 - [TEST_STEP][PASSED] - selectOptionByLabel(findTestObject(orPath_Landing + "/dd_TaxType"), "Quarterly Estimated Tax", false): All options with label 'Quarterly Estimated Tax' are selected in object 'Object Repository/RAD_Pages/Landing_Page/dd_TaxType' 

2024-01-14 16:35:14 - [MESSAGE][PASSED] - All options with label 'Quarterly Estimated Tax' are selected in object 'Object Repository/RAD_Pages/Landing_Page/dd_TaxType' 

2024-01-14 16:35:14 - [TEST_STEP][PASSED] - selectOptionByLabel(findTestObject(orPath_TaxTypeFilingYear + "/select_PaymentType"), TaxType, false): All options with label 'Fiduciary Tax' are selected in object 'Object Repository/RAD_Pages/TaxTypeFilingYear_Page/select_PaymentType' 

2024-01-14 16:35:15 - [MESSAGE][PASSED] - All options with label 'Fiduciary Tax' are selected in object 'Object Repository/RAD_Pages/TaxTypeFilingYear_Page/select_PaymentType' 

2024-01-14 16:35:15 - [TEST_STEP][PASSED] - selectOptionByLabel(findTestObject(orPath_TaxTypeFilingYear + "/select_FilingYear"), FilingYear, false): All options with label '2024' are selected in object 'Object Repository/RAD_Pages/TaxTypeFilingYear_Page/select_FilingYear' 

2024-01-14 16:35:15 - [MESSAGE][PASSED] - All options with label '2024' are selected in object 'Object Repository/RAD_Pages/TaxTypeFilingYear_Page/select_FilingYear' 

2024-01-14 16:35:15 - [TEST_STEP][PASSED] - selectOptionByLabel(findTestObject(orPath_TaxTypeFilingYear + "/select_PeriodEnding"), PeriodEndingMonth, false): All options with label 'May' are selected in object 'Object Repository/RAD_Pages/TaxTypeFilingYear_Page/select_PeriodEnding' 

2024-01-14 16:35:16 - [MESSAGE][PASSED] - All options with label 'May' are selected in object 'Object Repository/RAD_Pages/TaxTypeFilingYear_Page/select_PeriodEnding' 

2024-01-14 16:35:16 - [TEST_STEP][PASSED] - setText(findTestObject(orPath_TaxPayer + "/input_businessName"), " "): Text ' ' is set on object 'Object Repository/RAD_Pages/Taxpayer_Page/input_businessName'

2024-01-14 16:35:17 - [MESSAGE][PASSED] - Text ' ' is set on object 'Object Repository/RAD_Pages/Taxpayer_Page/input_businessName'

2024-01-14 16:35:17 - [TEST_STEP][PASSED] - setText(findTestObject(orPath_TaxPayer + "/input_BusinessRepfirstName"), " "): Text ' ' is set on object 'Object Repository/RAD_Pages/Taxpayer_Page/input_BusinessRepfirstName'

2024-01-14 16:35:17 - [MESSAGE][PASSED] - Text ' ' is set on object 'Object Repository/RAD_Pages/Taxpayer_Page/input_BusinessRepfirstName'

2024-01-14 16:35:17 - [TEST_STEP][PASSED] - setText(findTestObject(orPath_TaxPayer + "/input_BusinessReplastName"), " "): Text ' ' is set on object 'Object Repository/RAD_Pages/Taxpayer_Page/input_BusinessReplastName'

2024-01-14 16:35:18 - [MESSAGE][PASSED] - Text ' ' is set on object 'Object Repository/RAD_Pages/Taxpayer_Page/input_BusinessReplastName'

2024-01-14 16:35:18 - [TEST_STEP][PASSED] - setText(findTestObject(orPath_AddressContact + "/input_streetAddress1"), " "): Text ' ' is set on object 'Object Repository/RAD_Pages/AddressAndContactInfo_Page/input_streetAddress1'

2024-01-14 16:35:19 - [MESSAGE][PASSED] - Text ' ' is set on object 'Object Repository/RAD_Pages/AddressAndContactInfo_Page/input_streetAddress1'

2024-01-14 16:35:19 - [TEST_STEP][PASSED] - setText(findTestObject(orPath_AddressContact + "/input_city"), " "): Text ' ' is set on object 'Object Repository/RAD_Pages/AddressAndContactInfo_Page/input_city'

2024-01-14 16:35:20 - [MESSAGE][PASSED] - Text ' ' is set on object 'Object Repository/RAD_Pages/AddressAndContactInfo_Page/input_city'

2024-01-14 16:35:20 - [TEST_STEP][PASSED] - setText(findTestObject(orPath_AddressContact + "/input_zipCode"), " "): Text ' ' is set on object 'Object Repository/RAD_Pages/AddressAndContactInfo_Page/input_zipCode'

2024-01-14 16:35:20 - [MESSAGE][PASSED] - Text ' ' is set on object 'Object Repository/RAD_Pages/AddressAndContactInfo_Page/input_zipCode'

2024-01-14 16:35:20 - [TEST_STEP][PASSED] - setText(findTestObject(orPath_AddressContact + "/input_phoneNumber"), " "): Text ' ' is set on object 'Object Repository/RAD_Pages/AddressAndContactInfo_Page/input_phoneNumber'

2024-01-14 16:35:21 - [MESSAGE][PASSED] - Text ' ' is set on object 'Object Repository/RAD_Pages/AddressAndContactInfo_Page/input_phoneNumber'

2024-01-14 16:35:21 - [TEST_STEP][PASSED] - setText(findTestObject(orPath_AddressContact + "/input_eMailAddress"), " "): Text ' ' is set on object 'Object Repository/RAD_Pages/AddressAndContactInfo_Page/input_eMailAddress'

2024-01-14 16:35:22 - [MESSAGE][PASSED] - Text ' ' is set on object 'Object Repository/RAD_Pages/AddressAndContactInfo_Page/input_eMailAddress'

2024-01-14 16:35:22 - [TEST_STEP][PASSED] - setText(findTestObject(orPath_AddressContact + "/input_reEnterEMailAddress"), " "): Text ' ' is set on object 'Object Repository/RAD_Pages/AddressAndContactInfo_Page/input_reEnterEMailAddress'

2024-01-14 16:35:23 - [MESSAGE][PASSED] - Text ' ' is set on object 'Object Repository/RAD_Pages/AddressAndContactInfo_Page/input_reEnterEMailAddress'

2024-01-14 16:35:23 - [TEST_STEP][PASSED] - resText = "Fail": null

2024-01-14 16:35:23 - [TEST_STEP][PASSED] - pages.WriteExcel.demoKey(resText, datText, resColumn, datCloumn, fileLoc, nameSheet, row): pages.WriteExcel.demoKey is PASSED

2024-01-14 16:35:23 - [MESSAGE][PASSED] - pages.WriteExcel.demoKey is PASSED

2024-01-14 16:35:23 - [TEST_STEP][PASSED] - verifyTextPresent("Enter business name", true, CONTINUE_ON_FAILURE): Text 'Enter business name' is present on page  using regular expression

2024-01-14 16:35:23 - [MESSAGE][PASSED] - Text 'Enter business name' is present on page  using regular expression

2024-01-14 16:35:23 - [TEST_STEP][PASSED] - verifyTextPresent("Enter business rep first name", true, CONTINUE_ON_FAILURE): Text 'Enter business rep first name' is present on page  using regular expression

2024-01-14 16:35:24 - [MESSAGE][PASSED] - Text 'Enter business rep first name' is present on page  using regular expression

2024-01-14 16:35:24 - [TEST_STEP][PASSED] - verifyTextPresent("Enter business rep last name", true, CONTINUE_ON_FAILURE): Text 'Enter business rep last name' is present on page  using regular expression

2024-01-14 16:35:24 - [MESSAGE][PASSED] - Text 'Enter business rep last name' is present on page  using regular expression

2024-01-14 16:35:24 - [TEST_STEP][PASSED] - verifyTextPresent("Enter address", true, CONTINUE_ON_FAILURE): Text 'Enter address' is present on page  using regular expression

2024-01-14 16:35:24 - [MESSAGE][PASSED] - Text 'Enter address' is present on page  using regular expression

2024-01-14 16:35:24 - [TEST_STEP][PASSED] - verifyTextPresent("Enter city", true, CONTINUE_ON_FAILURE): Text 'Enter city' is present on page  using regular expression

2024-01-14 16:35:25 - [MESSAGE][PASSED] - Text 'Enter city' is present on page  using regular expression

2024-01-14 16:35:25 - [TEST_STEP][PASSED] - verifyTextPresent("Enter ZIP code", true, CONTINUE_ON_FAILURE): Text 'Enter ZIP code' is present on page  using regular expression

2024-01-14 16:35:25 - [MESSAGE][PASSED] - Text 'Enter ZIP code' is present on page  using regular expression

2024-01-14 16:35:25 - [TEST_STEP][PASSED] - verifyTextPresent("Enter a valid phone number", true, CONTINUE_ON_FAILURE): Text 'Enter a valid phone number' is present on page  using regular expression

2024-01-14 16:35:26 - [MESSAGE][PASSED] - Text 'Enter a valid phone number' is present on page  using regular expression

2024-01-14 16:35:26 - [TEST_STEP][PASSED] - verifyTextPresent("Enter Email", true, CONTINUE_ON_FAILURE): Text 'Enter Email' is present on page  using regular expression

2024-01-14 16:35:26 - [MESSAGE][PASSED] - Text 'Enter Email' is present on page  using regular expression

2024-01-14 16:35:26 - [TEST_STEP][PASSED] - resText = "Pass": null

2024-01-14 16:35:26 - [TEST_STEP][PASSED] - pages.WriteExcel.demoKey(resText, datText, resColumn, datCloumn, fileLoc, nameSheet, row): pages.WriteExcel.demoKey is PASSED

2024-01-14 16:35:26 - [MESSAGE][PASSED] - pages.WriteExcel.demoKey is PASSED

2024-01-14 16:35:26 - [TEST_STEP][PASSED] - ExecuteTC = findTestData(dataFile).getValue("Execute", row): null

2024-01-14 16:35:26 - [TEST_STEP][PASSED] - TaxType = findTestData(dataFile).getValue("TaxType", row): null

2024-01-14 16:35:26 - [TEST_STEP][PASSED] - PaymentType = findTestData(dataFile).getValue("PaymentType", row): null

2024-01-14 16:35:26 - [TEST_STEP][PASSED] - FilingYear = findTestData(dataFile).getValue("Year", row): null

2024-01-14 16:35:26 - [TEST_STEP][PASSED] - PeriodEndingMonth = findTestData(dataFile).getValue("Month", row): null

2024-01-14 16:35:26 - [TEST_STEP][PASSED] - feinSSN = findTestData(dataFile).getValue("FeinSsn", row): null

2024-01-14 16:35:26 - [TEST_STEP][PASSED] - if (ExecuteTC.equalsIgnoreCase("Y")): pages.WriteExcel.demoKey is PASSED

2024-01-14 16:35:26 - [TEST_STEP][PASSED] - out.println("Begin Record Number: " + row): null

2024-01-14 16:35:26 - [TEST_STEP][PASSED] - today = new java.util.Date(): null

2024-01-14 16:35:26 - [TEST_STEP][PASSED] - println(today): null

2024-01-14 16:35:26 - [TEST_STEP][PASSED] - datText = today: null

2024-01-14 16:35:26 - [TEST_STEP][PASSED] - logInfo("Payment Type: Quarterly Estimated Tax"): Payment Type: Quarterly Estimated Tax

2024-01-14 16:35:26 - [MESSAGE][INFO] - Payment Type: Quarterly Estimated Tax

2024-01-14 16:35:26 - [TEST_STEP][PASSED] - logInfo("Tax Type: " + TaxType): Tax Type: PTE Non-Electing Non-S Corp

2024-01-14 16:35:26 - [MESSAGE][INFO] - Tax Type: PTE Non-Electing Non-S Corp

2024-01-14 16:35:26 - [TEST_STEP][PASSED] - openBrowser(""): Browser is opened with url: ''

2024-01-14 16:35:26 - [MESSAGE][WARNING] - A browser is already opened. Closing browser and opening a new one

2024-01-14 16:35:27 - [MESSAGE][INFO] - Starting 'Chrome' driver

2024-01-14 16:35:27 - [MESSAGE][INFO] - User set preference: ['acceptInsecureCerts', 'true']

2024-01-14 16:35:27 - [MESSAGE][INFO] - Action delay is set to 0 milliseconds

2024-01-14 16:35:29 - [MESSAGE][PASSED] - Browser is opened with url: ''

2024-01-14 16:35:29 - [TEST_STEP][PASSED] - maximizeWindow(): Current window maximized

2024-01-14 16:35:29 - [MESSAGE][PASSED] - Current window maximized

2024-01-14 16:35:29 - [TEST_STEP][PASSED] - navigateToUrl(RADurl): Navigate to 'https://qa2.velocitypayment.com/client/rad/index.html' successfully

2024-01-14 16:35:31 - [MESSAGE][PASSED] - Navigate to 'https://qa2.velocitypayment.com/client/rad/index.html' successfully

2024-01-14 16:35:31 - [TEST_STEP][PASSED] - selectOptionByLabel(findTestObject(orPath_Landing + "/dd_TaxType"), "Quarterly Estimated Tax", false): All options with label 'Quarterly Estimated Tax' are selected in object 'Object Repository/RAD_Pages/Landing_Page/dd_TaxType' 

2024-01-14 16:35:31 - [MESSAGE][PASSED] - All options with label 'Quarterly Estimated Tax' are selected in object 'Object Repository/RAD_Pages/Landing_Page/dd_TaxType' 

2024-01-14 16:35:31 - [TEST_STEP][PASSED] - selectOptionByLabel(findTestObject(orPath_TaxTypeFilingYear + "/select_PaymentType"), TaxType, false): All options with label 'PTE Non-Electing Non-S Corp' are selected in object 'Object Repository/RAD_Pages/TaxTypeFilingYear_Page/select_PaymentType' 

2024-01-14 16:35:32 - [MESSAGE][PASSED] - All options with label 'PTE Non-Electing Non-S Corp' are selected in object 'Object Repository/RAD_Pages/TaxTypeFilingYear_Page/select_PaymentType' 

2024-01-14 16:35:32 - [TEST_STEP][PASSED] - selectOptionByLabel(findTestObject(orPath_TaxTypeFilingYear + "/select_FilingYear"), FilingYear, false): All options with label '2024' are selected in object 'Object Repository/RAD_Pages/TaxTypeFilingYear_Page/select_FilingYear' 

2024-01-14 16:35:33 - [MESSAGE][PASSED] - All options with label '2024' are selected in object 'Object Repository/RAD_Pages/TaxTypeFilingYear_Page/select_FilingYear' 

2024-01-14 16:35:33 - [TEST_STEP][PASSED] - selectOptionByLabel(findTestObject(orPath_TaxTypeFilingYear + "/select_PeriodEnding"), PeriodEndingMonth, false): All options with label 'August' are selected in object 'Object Repository/RAD_Pages/TaxTypeFilingYear_Page/select_PeriodEnding' 

2024-01-14 16:35:33 - [MESSAGE][PASSED] - All options with label 'August' are selected in object 'Object Repository/RAD_Pages/TaxTypeFilingYear_Page/select_PeriodEnding' 

2024-01-14 16:35:33 - [TEST_STEP][PASSED] - setText(findTestObject(orPath_TaxPayer + "/input_businessName"), " "): Text ' ' is set on object 'Object Repository/RAD_Pages/Taxpayer_Page/input_businessName'

2024-01-14 16:35:34 - [MESSAGE][PASSED] - Text ' ' is set on object 'Object Repository/RAD_Pages/Taxpayer_Page/input_businessName'

2024-01-14 16:35:34 - [TEST_STEP][PASSED] - setText(findTestObject(orPath_TaxPayer + "/input_BusinessRepfirstName"), " "): Text ' ' is set on object 'Object Repository/RAD_Pages/Taxpayer_Page/input_BusinessRepfirstName'

2024-01-14 16:35:35 - [MESSAGE][PASSED] - Text ' ' is set on object 'Object Repository/RAD_Pages/Taxpayer_Page/input_BusinessRepfirstName'

2024-01-14 16:35:35 - [TEST_STEP][PASSED] - setText(findTestObject(orPath_TaxPayer + "/input_BusinessReplastName"), " "): Text ' ' is set on object 'Object Repository/RAD_Pages/Taxpayer_Page/input_BusinessReplastName'

2024-01-14 16:35:35 - [MESSAGE][PASSED] - Text ' ' is set on object 'Object Repository/RAD_Pages/Taxpayer_Page/input_BusinessReplastName'

2024-01-14 16:35:35 - [TEST_STEP][PASSED] - setText(findTestObject(orPath_AddressContact + "/input_streetAddress1"), " "): Text ' ' is set on object 'Object Repository/RAD_Pages/AddressAndContactInfo_Page/input_streetAddress1'

2024-01-14 16:35:36 - [MESSAGE][PASSED] - Text ' ' is set on object 'Object Repository/RAD_Pages/AddressAndContactInfo_Page/input_streetAddress1'

2024-01-14 16:35:36 - [TEST_STEP][PASSED] - setText(findTestObject(orPath_AddressContact + "/input_city"), " "): Text ' ' is set on object 'Object Repository/RAD_Pages/AddressAndContactInfo_Page/input_city'

2024-01-14 16:35:37 - [MESSAGE][PASSED] - Text ' ' is set on object 'Object Repository/RAD_Pages/AddressAndContactInfo_Page/input_city'

2024-01-14 16:35:37 - [TEST_STEP][PASSED] - setText(findTestObject(orPath_AddressContact + "/input_zipCode"), " "): Text ' ' is set on object 'Object Repository/RAD_Pages/AddressAndContactInfo_Page/input_zipCode'

2024-01-14 16:35:38 - [MESSAGE][PASSED] - Text ' ' is set on object 'Object Repository/RAD_Pages/AddressAndContactInfo_Page/input_zipCode'

2024-01-14 16:35:38 - [TEST_STEP][PASSED] - setText(findTestObject(orPath_AddressContact + "/input_phoneNumber"), " "): Text ' ' is set on object 'Object Repository/RAD_Pages/AddressAndContactInfo_Page/input_phoneNumber'

2024-01-14 16:35:38 - [MESSAGE][PASSED] - Text ' ' is set on object 'Object Repository/RAD_Pages/AddressAndContactInfo_Page/input_phoneNumber'

2024-01-14 16:35:38 - [TEST_STEP][PASSED] - setText(findTestObject(orPath_AddressContact + "/input_eMailAddress"), " "): Text ' ' is set on object 'Object Repository/RAD_Pages/AddressAndContactInfo_Page/input_eMailAddress'

2024-01-14 16:35:39 - [MESSAGE][PASSED] - Text ' ' is set on object 'Object Repository/RAD_Pages/AddressAndContactInfo_Page/input_eMailAddress'

2024-01-14 16:35:39 - [TEST_STEP][PASSED] - setText(findTestObject(orPath_AddressContact + "/input_reEnterEMailAddress"), " "): Text ' ' is set on object 'Object Repository/RAD_Pages/AddressAndContactInfo_Page/input_reEnterEMailAddress'

2024-01-14 16:35:40 - [MESSAGE][PASSED] - Text ' ' is set on object 'Object Repository/RAD_Pages/AddressAndContactInfo_Page/input_reEnterEMailAddress'

2024-01-14 16:35:40 - [TEST_STEP][PASSED] - resText = "Fail": null

2024-01-14 16:35:40 - [TEST_STEP][PASSED] - pages.WriteExcel.demoKey(resText, datText, resColumn, datCloumn, fileLoc, nameSheet, row): pages.WriteExcel.demoKey is PASSED

2024-01-14 16:35:40 - [MESSAGE][PASSED] - pages.WriteExcel.demoKey is PASSED

2024-01-14 16:35:40 - [TEST_STEP][PASSED] - verifyTextPresent("Enter business name", true, CONTINUE_ON_FAILURE): Text 'Enter business name' is present on page  using regular expression

2024-01-14 16:35:40 - [MESSAGE][PASSED] - Text 'Enter business name' is present on page  using regular expression

2024-01-14 16:35:40 - [TEST_STEP][PASSED] - verifyTextPresent("Enter business rep first name", true, CONTINUE_ON_FAILURE): Text 'Enter business rep first name' is present on page  using regular expression

2024-01-14 16:35:41 - [MESSAGE][PASSED] - Text 'Enter business rep first name' is present on page  using regular expression

2024-01-14 16:35:41 - [TEST_STEP][PASSED] - verifyTextPresent("Enter business rep last name", true, CONTINUE_ON_FAILURE): Text 'Enter business rep last name' is present on page  using regular expression

2024-01-14 16:35:41 - [MESSAGE][PASSED] - Text 'Enter business rep last name' is present on page  using regular expression

2024-01-14 16:35:41 - [TEST_STEP][PASSED] - verifyTextPresent("Enter address", true, CONTINUE_ON_FAILURE): Text 'Enter address' is present on page  using regular expression

2024-01-14 16:35:42 - [MESSAGE][PASSED] - Text 'Enter address' is present on page  using regular expression

2024-01-14 16:35:42 - [TEST_STEP][PASSED] - verifyTextPresent("Enter city", true, CONTINUE_ON_FAILURE): Text 'Enter city' is present on page  using regular expression

2024-01-14 16:35:42 - [MESSAGE][PASSED] - Text 'Enter city' is present on page  using regular expression

2024-01-14 16:35:42 - [TEST_STEP][PASSED] - verifyTextPresent("Enter ZIP code", true, CONTINUE_ON_FAILURE): Text 'Enter ZIP code' is present on page  using regular expression

2024-01-14 16:35:42 - [MESSAGE][PASSED] - Text 'Enter ZIP code' is present on page  using regular expression

2024-01-14 16:35:42 - [TEST_STEP][PASSED] - verifyTextPresent("Enter a valid phone number", true, CONTINUE_ON_FAILURE): Text 'Enter a valid phone number' is present on page  using regular expression

2024-01-14 16:35:43 - [MESSAGE][PASSED] - Text 'Enter a valid phone number' is present on page  using regular expression

2024-01-14 16:35:43 - [TEST_STEP][PASSED] - verifyTextPresent("Enter Email", true, CONTINUE_ON_FAILURE): Text 'Enter Email' is present on page  using regular expression

2024-01-14 16:35:43 - [MESSAGE][PASSED] - Text 'Enter Email' is present on page  using regular expression

2024-01-14 16:35:43 - [TEST_STEP][PASSED] - resText = "Pass": null

2024-01-14 16:35:43 - [TEST_STEP][PASSED] - pages.WriteExcel.demoKey(resText, datText, resColumn, datCloumn, fileLoc, nameSheet, row): pages.WriteExcel.demoKey is PASSED

2024-01-14 16:35:43 - [MESSAGE][PASSED] - pages.WriteExcel.demoKey is PASSED

2024-01-14 16:35:43 - [TEST_STEP][PASSED] - ExecuteTC = findTestData(dataFile).getValue("Execute", row): null

2024-01-14 16:35:43 - [TEST_STEP][PASSED] - TaxType = findTestData(dataFile).getValue("TaxType", row): null

2024-01-14 16:35:43 - [TEST_STEP][PASSED] - PaymentType = findTestData(dataFile).getValue("PaymentType", row): null

2024-01-14 16:35:43 - [TEST_STEP][PASSED] - FilingYear = findTestData(dataFile).getValue("Year", row): null

2024-01-14 16:35:43 - [TEST_STEP][PASSED] - PeriodEndingMonth = findTestData(dataFile).getValue("Month", row): null

2024-01-14 16:35:43 - [TEST_STEP][PASSED] - feinSSN = findTestData(dataFile).getValue("FeinSsn", row): null

2024-01-14 16:35:43 - [TEST_STEP][PASSED] - if (ExecuteTC.equalsIgnoreCase("Y")): pages.WriteExcel.demoKey is PASSED

2024-01-14 16:35:43 - [TEST_STEP][PASSED] - out.println("Begin Record Number: " + row): null

2024-01-14 16:35:43 - [TEST_STEP][PASSED] - today = new java.util.Date(): null

2024-01-14 16:35:43 - [TEST_STEP][PASSED] - println(today): null

2024-01-14 16:35:43 - [TEST_STEP][PASSED] - datText = today: null

2024-01-14 16:35:43 - [TEST_STEP][PASSED] - logInfo("Payment Type: Quarterly Estimated Tax"): Payment Type: Quarterly Estimated Tax

2024-01-14 16:35:43 - [MESSAGE][INFO] - Payment Type: Quarterly Estimated Tax

2024-01-14 16:35:43 - [TEST_STEP][PASSED] - logInfo("Tax Type: " + TaxType): Tax Type: PTE Non-Electing S Corp

2024-01-14 16:35:43 - [MESSAGE][INFO] - Tax Type: PTE Non-Electing S Corp

2024-01-14 16:35:43 - [TEST_STEP][PASSED] - openBrowser(""): Browser is opened with url: ''

2024-01-14 16:35:43 - [MESSAGE][WARNING] - A browser is already opened. Closing browser and opening a new one

2024-01-14 16:35:44 - [MESSAGE][INFO] - Starting 'Chrome' driver

2024-01-14 16:35:44 - [MESSAGE][INFO] - User set preference: ['acceptInsecureCerts', 'true']

2024-01-14 16:35:44 - [MESSAGE][INFO] - Action delay is set to 0 milliseconds

2024-01-14 16:35:46 - [MESSAGE][PASSED] - Browser is opened with url: ''

2024-01-14 16:35:46 - [TEST_STEP][PASSED] - maximizeWindow(): Current window maximized

2024-01-14 16:35:46 - [MESSAGE][PASSED] - Current window maximized

2024-01-14 16:35:46 - [TEST_STEP][PASSED] - navigateToUrl(RADurl): Navigate to 'https://qa2.velocitypayment.com/client/rad/index.html' successfully

2024-01-14 16:35:46 - [MESSAGE][PASSED] - Navigate to 'https://qa2.velocitypayment.com/client/rad/index.html' successfully

2024-01-14 16:35:46 - [TEST_STEP][PASSED] - selectOptionByLabel(findTestObject(orPath_Landing + "/dd_TaxType"), "Quarterly Estimated Tax", false): All options with label 'Quarterly Estimated Tax' are selected in object 'Object Repository/RAD_Pages/Landing_Page/dd_TaxType' 

2024-01-14 16:35:48 - [MESSAGE][PASSED] - All options with label 'Quarterly Estimated Tax' are selected in object 'Object Repository/RAD_Pages/Landing_Page/dd_TaxType' 

2024-01-14 16:35:48 - [TEST_STEP][PASSED] - selectOptionByLabel(findTestObject(orPath_TaxTypeFilingYear + "/select_PaymentType"), TaxType, false): All options with label 'PTE Non-Electing S Corp' are selected in object 'Object Repository/RAD_Pages/TaxTypeFilingYear_Page/select_PaymentType' 

2024-01-14 16:35:49 - [MESSAGE][PASSED] - All options with label 'PTE Non-Electing S Corp' are selected in object 'Object Repository/RAD_Pages/TaxTypeFilingYear_Page/select_PaymentType' 

2024-01-14 16:35:49 - [TEST_STEP][PASSED] - selectOptionByLabel(findTestObject(orPath_TaxTypeFilingYear + "/select_FilingYear"), FilingYear, false): All options with label '2024' are selected in object 'Object Repository/RAD_Pages/TaxTypeFilingYear_Page/select_FilingYear' 

2024-01-14 16:35:50 - [MESSAGE][PASSED] - All options with label '2024' are selected in object 'Object Repository/RAD_Pages/TaxTypeFilingYear_Page/select_FilingYear' 

2024-01-14 16:35:50 - [TEST_STEP][PASSED] - selectOptionByLabel(findTestObject(orPath_TaxTypeFilingYear + "/select_PeriodEnding"), PeriodEndingMonth, false): All options with label 'September' are selected in object 'Object Repository/RAD_Pages/TaxTypeFilingYear_Page/select_PeriodEnding' 

2024-01-14 16:35:50 - [MESSAGE][PASSED] - All options with label 'September' are selected in object 'Object Repository/RAD_Pages/TaxTypeFilingYear_Page/select_PeriodEnding' 

2024-01-14 16:35:50 - [TEST_STEP][PASSED] - setText(findTestObject(orPath_TaxPayer + "/input_businessName"), " "): Text ' ' is set on object 'Object Repository/RAD_Pages/Taxpayer_Page/input_businessName'

2024-01-14 16:35:51 - [MESSAGE][PASSED] - Text ' ' is set on object 'Object Repository/RAD_Pages/Taxpayer_Page/input_businessName'

2024-01-14 16:35:51 - [TEST_STEP][PASSED] - setText(findTestObject(orPath_TaxPayer + "/input_BusinessRepfirstName"), " "): Text ' ' is set on object 'Object Repository/RAD_Pages/Taxpayer_Page/input_BusinessRepfirstName'

2024-01-14 16:35:52 - [MESSAGE][PASSED] - Text ' ' is set on object 'Object Repository/RAD_Pages/Taxpayer_Page/input_BusinessRepfirstName'

2024-01-14 16:35:52 - [TEST_STEP][PASSED] - setText(findTestObject(orPath_TaxPayer + "/input_BusinessReplastName"), " "): Text ' ' is set on object 'Object Repository/RAD_Pages/Taxpayer_Page/input_BusinessReplastName'

2024-01-14 16:35:52 - [MESSAGE][PASSED] - Text ' ' is set on object 'Object Repository/RAD_Pages/Taxpayer_Page/input_BusinessReplastName'

2024-01-14 16:35:52 - [TEST_STEP][PASSED] - setText(findTestObject(orPath_AddressContact + "/input_streetAddress1"), " "): Text ' ' is set on object 'Object Repository/RAD_Pages/AddressAndContactInfo_Page/input_streetAddress1'

2024-01-14 16:35:53 - [MESSAGE][PASSED] - Text ' ' is set on object 'Object Repository/RAD_Pages/AddressAndContactInfo_Page/input_streetAddress1'

2024-01-14 16:35:53 - [TEST_STEP][PASSED] - setText(findTestObject(orPath_AddressContact + "/input_city"), " "): Text ' ' is set on object 'Object Repository/RAD_Pages/AddressAndContactInfo_Page/input_city'

2024-01-14 16:35:54 - [MESSAGE][PASSED] - Text ' ' is set on object 'Object Repository/RAD_Pages/AddressAndContactInfo_Page/input_city'

2024-01-14 16:35:54 - [TEST_STEP][PASSED] - setText(findTestObject(orPath_AddressContact + "/input_zipCode"), " "): Text ' ' is set on object 'Object Repository/RAD_Pages/AddressAndContactInfo_Page/input_zipCode'

2024-01-14 16:35:54 - [MESSAGE][PASSED] - Text ' ' is set on object 'Object Repository/RAD_Pages/AddressAndContactInfo_Page/input_zipCode'

2024-01-14 16:35:54 - [TEST_STEP][PASSED] - setText(findTestObject(orPath_AddressContact + "/input_phoneNumber"), " "): Text ' ' is set on object 'Object Repository/RAD_Pages/AddressAndContactInfo_Page/input_phoneNumber'

2024-01-14 16:35:55 - [MESSAGE][PASSED] - Text ' ' is set on object 'Object Repository/RAD_Pages/AddressAndContactInfo_Page/input_phoneNumber'

2024-01-14 16:35:55 - [TEST_STEP][PASSED] - setText(findTestObject(orPath_AddressContact + "/input_eMailAddress"), " "): Text ' ' is set on object 'Object Repository/RAD_Pages/AddressAndContactInfo_Page/input_eMailAddress'

2024-01-14 16:35:56 - [MESSAGE][PASSED] - Text ' ' is set on object 'Object Repository/RAD_Pages/AddressAndContactInfo_Page/input_eMailAddress'

2024-01-14 16:35:56 - [TEST_STEP][PASSED] - setText(findTestObject(orPath_AddressContact + "/input_reEnterEMailAddress"), " "): Text ' ' is set on object 'Object Repository/RAD_Pages/AddressAndContactInfo_Page/input_reEnterEMailAddress'

2024-01-14 16:35:57 - [MESSAGE][PASSED] - Text ' ' is set on object 'Object Repository/RAD_Pages/AddressAndContactInfo_Page/input_reEnterEMailAddress'

2024-01-14 16:35:57 - [TEST_STEP][PASSED] - resText = "Fail": null

2024-01-14 16:35:57 - [TEST_STEP][PASSED] - pages.WriteExcel.demoKey(resText, datText, resColumn, datCloumn, fileLoc, nameSheet, row): pages.WriteExcel.demoKey is PASSED

2024-01-14 16:35:57 - [MESSAGE][PASSED] - pages.WriteExcel.demoKey is PASSED

2024-01-14 16:35:57 - [TEST_STEP][PASSED] - verifyTextPresent("Enter business name", true, CONTINUE_ON_FAILURE): Text 'Enter business name' is present on page  using regular expression

2024-01-14 16:35:57 - [MESSAGE][PASSED] - Text 'Enter business name' is present on page  using regular expression

2024-01-14 16:35:57 - [TEST_STEP][PASSED] - verifyTextPresent("Enter business rep first name", true, CONTINUE_ON_FAILURE): Text 'Enter business rep first name' is present on page  using regular expression

2024-01-14 16:35:58 - [MESSAGE][PASSED] - Text 'Enter business rep first name' is present on page  using regular expression

2024-01-14 16:35:58 - [TEST_STEP][PASSED] - verifyTextPresent("Enter business rep last name", true, CONTINUE_ON_FAILURE): Text 'Enter business rep last name' is present on page  using regular expression

2024-01-14 16:35:58 - [MESSAGE][PASSED] - Text 'Enter business rep last name' is present on page  using regular expression

2024-01-14 16:35:58 - [TEST_STEP][PASSED] - verifyTextPresent("Enter address", true, CONTINUE_ON_FAILURE): Text 'Enter address' is present on page  using regular expression

2024-01-14 16:35:58 - [MESSAGE][PASSED] - Text 'Enter address' is present on page  using regular expression

2024-01-14 16:35:58 - [TEST_STEP][PASSED] - verifyTextPresent("Enter city", true, CONTINUE_ON_FAILURE): Text 'Enter city' is present on page  using regular expression

2024-01-14 16:35:59 - [MESSAGE][PASSED] - Text 'Enter city' is present on page  using regular expression

2024-01-14 16:35:59 - [TEST_STEP][PASSED] - verifyTextPresent("Enter ZIP code", true, CONTINUE_ON_FAILURE): Text 'Enter ZIP code' is present on page  using regular expression

2024-01-14 16:35:59 - [MESSAGE][PASSED] - Text 'Enter ZIP code' is present on page  using regular expression

2024-01-14 16:35:59 - [TEST_STEP][PASSED] - verifyTextPresent("Enter a valid phone number", true, CONTINUE_ON_FAILURE): Text 'Enter a valid phone number' is present on page  using regular expression

2024-01-14 16:35:59 - [MESSAGE][PASSED] - Text 'Enter a valid phone number' is present on page  using regular expression

2024-01-14 16:35:59 - [TEST_STEP][PASSED] - verifyTextPresent("Enter Email", true, CONTINUE_ON_FAILURE): Text 'Enter Email' is present on page  using regular expression

2024-01-14 16:36:00 - [MESSAGE][PASSED] - Text 'Enter Email' is present on page  using regular expression

2024-01-14 16:36:00 - [TEST_STEP][PASSED] - resText = "Pass": null

2024-01-14 16:36:00 - [TEST_STEP][PASSED] - pages.WriteExcel.demoKey(resText, datText, resColumn, datCloumn, fileLoc, nameSheet, row): pages.WriteExcel.demoKey is PASSED

2024-01-14 16:36:00 - [MESSAGE][PASSED] - pages.WriteExcel.demoKey is PASSED

2024-01-14 16:36:00 - [TEST_STEP][PASSED] - ExecuteTC = findTestData(dataFile).getValue("Execute", row): null

2024-01-14 16:36:00 - [TEST_STEP][PASSED] - TaxType = findTestData(dataFile).getValue("TaxType", row): null

2024-01-14 16:36:00 - [TEST_STEP][PASSED] - PaymentType = findTestData(dataFile).getValue("PaymentType", row): null

2024-01-14 16:36:00 - [TEST_STEP][PASSED] - FilingYear = findTestData(dataFile).getValue("Year", row): null

2024-01-14 16:36:00 - [TEST_STEP][PASSED] - PeriodEndingMonth = findTestData(dataFile).getValue("Month", row): null

2024-01-14 16:36:00 - [TEST_STEP][PASSED] - feinSSN = findTestData(dataFile).getValue("FeinSsn", row): null

2024-01-14 16:36:00 - [TEST_STEP][PASSED] - if (ExecuteTC.equalsIgnoreCase("Y")): pages.WriteExcel.demoKey is PASSED

2024-01-14 16:36:00 - [TEST_STEP][PASSED] - out.println("Begin Record Number: " + row): null

2024-01-14 16:36:00 - [TEST_STEP][PASSED] - today = new java.util.Date(): null

2024-01-14 16:36:00 - [TEST_STEP][PASSED] - println(today): null

2024-01-14 16:36:00 - [TEST_STEP][PASSED] - datText = today: null

2024-01-14 16:36:00 - [TEST_STEP][PASSED] - logInfo("Payment Type: Quarterly Estimated Tax"): Payment Type: Quarterly Estimated Tax

2024-01-14 16:36:00 - [MESSAGE][INFO] - Payment Type: Quarterly Estimated Tax

2024-01-14 16:36:00 - [TEST_STEP][PASSED] - logInfo("Tax Type: " + TaxType): Tax Type: PTE Tax Electing Non-S Corp

2024-01-14 16:36:00 - [MESSAGE][INFO] - Tax Type: PTE Tax Electing Non-S Corp

2024-01-14 16:36:00 - [TEST_STEP][PASSED] - openBrowser(""): Browser is opened with url: ''

2024-01-14 16:36:00 - [MESSAGE][WARNING] - A browser is already opened. Closing browser and opening a new one

2024-01-14 16:36:01 - [MESSAGE][INFO] - Starting 'Chrome' driver

2024-01-14 16:36:01 - [MESSAGE][INFO] - User set preference: ['acceptInsecureCerts', 'true']

2024-01-14 16:36:01 - [MESSAGE][INFO] - Action delay is set to 0 milliseconds

2024-01-14 16:36:03 - [MESSAGE][PASSED] - Browser is opened with url: ''

2024-01-14 16:36:03 - [TEST_STEP][PASSED] - maximizeWindow(): Current window maximized

2024-01-14 16:36:03 - [MESSAGE][PASSED] - Current window maximized

2024-01-14 16:36:03 - [TEST_STEP][PASSED] - navigateToUrl(RADurl): Navigate to 'https://qa2.velocitypayment.com/client/rad/index.html' successfully

2024-01-14 16:36:03 - [MESSAGE][PASSED] - Navigate to 'https://qa2.velocitypayment.com/client/rad/index.html' successfully

2024-01-14 16:36:03 - [TEST_STEP][PASSED] - selectOptionByLabel(findTestObject(orPath_Landing + "/dd_TaxType"), "Quarterly Estimated Tax", false): All options with label 'Quarterly Estimated Tax' are selected in object 'Object Repository/RAD_Pages/Landing_Page/dd_TaxType' 

2024-01-14 16:36:05 - [MESSAGE][PASSED] - All options with label 'Quarterly Estimated Tax' are selected in object 'Object Repository/RAD_Pages/Landing_Page/dd_TaxType' 

2024-01-14 16:36:05 - [TEST_STEP][PASSED] - selectOptionByLabel(findTestObject(orPath_TaxTypeFilingYear + "/select_PaymentType"), TaxType, false): All options with label 'PTE Tax Electing Non-S Corp' are selected in object 'Object Repository/RAD_Pages/TaxTypeFilingYear_Page/select_PaymentType' 

2024-01-14 16:36:06 - [MESSAGE][PASSED] - All options with label 'PTE Tax Electing Non-S Corp' are selected in object 'Object Repository/RAD_Pages/TaxTypeFilingYear_Page/select_PaymentType' 

2024-01-14 16:36:06 - [TEST_STEP][PASSED] - selectOptionByLabel(findTestObject(orPath_TaxTypeFilingYear + "/select_FilingYear"), FilingYear, false): All options with label '2024' are selected in object 'Object Repository/RAD_Pages/TaxTypeFilingYear_Page/select_FilingYear' 

2024-01-14 16:36:06 - [MESSAGE][PASSED] - All options with label '2024' are selected in object 'Object Repository/RAD_Pages/TaxTypeFilingYear_Page/select_FilingYear' 

2024-01-14 16:36:06 - [TEST_STEP][PASSED] - selectOptionByLabel(findTestObject(orPath_TaxTypeFilingYear + "/select_PeriodEnding"), PeriodEndingMonth, false): All options with label 'January' are selected in object 'Object Repository/RAD_Pages/TaxTypeFilingYear_Page/select_PeriodEnding' 

2024-01-14 16:36:07 - [MESSAGE][PASSED] - All options with label 'January' are selected in object 'Object Repository/RAD_Pages/TaxTypeFilingYear_Page/select_PeriodEnding' 

2024-01-14 16:36:07 - [TEST_STEP][PASSED] - setText(findTestObject(orPath_TaxPayer + "/input_businessName"), " "): Text ' ' is set on object 'Object Repository/RAD_Pages/Taxpayer_Page/input_businessName'

2024-01-14 16:36:08 - [MESSAGE][PASSED] - Text ' ' is set on object 'Object Repository/RAD_Pages/Taxpayer_Page/input_businessName'

2024-01-14 16:36:08 - [TEST_STEP][PASSED] - setText(findTestObject(orPath_TaxPayer + "/input_BusinessRepfirstName"), " "): Text ' ' is set on object 'Object Repository/RAD_Pages/Taxpayer_Page/input_BusinessRepfirstName'

2024-01-14 16:36:08 - [MESSAGE][PASSED] - Text ' ' is set on object 'Object Repository/RAD_Pages/Taxpayer_Page/input_BusinessRepfirstName'

2024-01-14 16:36:08 - [TEST_STEP][PASSED] - setText(findTestObject(orPath_TaxPayer + "/input_BusinessReplastName"), " "): Text ' ' is set on object 'Object Repository/RAD_Pages/Taxpayer_Page/input_BusinessReplastName'

2024-01-14 16:36:09 - [MESSAGE][PASSED] - Text ' ' is set on object 'Object Repository/RAD_Pages/Taxpayer_Page/input_BusinessReplastName'

2024-01-14 16:36:09 - [TEST_STEP][PASSED] - setText(findTestObject(orPath_AddressContact + "/input_streetAddress1"), " "): Text ' ' is set on object 'Object Repository/RAD_Pages/AddressAndContactInfo_Page/input_streetAddress1'

2024-01-14 16:36:10 - [MESSAGE][PASSED] - Text ' ' is set on object 'Object Repository/RAD_Pages/AddressAndContactInfo_Page/input_streetAddress1'

2024-01-14 16:36:10 - [TEST_STEP][PASSED] - setText(findTestObject(orPath_AddressContact + "/input_city"), " "): Text ' ' is set on object 'Object Repository/RAD_Pages/AddressAndContactInfo_Page/input_city'

2024-01-14 16:36:10 - [MESSAGE][PASSED] - Text ' ' is set on object 'Object Repository/RAD_Pages/AddressAndContactInfo_Page/input_city'

2024-01-14 16:36:10 - [TEST_STEP][PASSED] - setText(findTestObject(orPath_AddressContact + "/input_zipCode"), " "): Text ' ' is set on object 'Object Repository/RAD_Pages/AddressAndContactInfo_Page/input_zipCode'

2024-01-14 16:36:11 - [MESSAGE][PASSED] - Text ' ' is set on object 'Object Repository/RAD_Pages/AddressAndContactInfo_Page/input_zipCode'

2024-01-14 16:36:11 - [TEST_STEP][PASSED] - setText(findTestObject(orPath_AddressContact + "/input_phoneNumber"), " "): Text ' ' is set on object 'Object Repository/RAD_Pages/AddressAndContactInfo_Page/input_phoneNumber'

2024-01-14 16:36:12 - [MESSAGE][PASSED] - Text ' ' is set on object 'Object Repository/RAD_Pages/AddressAndContactInfo_Page/input_phoneNumber'

2024-01-14 16:36:12 - [TEST_STEP][PASSED] - setText(findTestObject(orPath_AddressContact + "/input_eMailAddress"), " "): Text ' ' is set on object 'Object Repository/RAD_Pages/AddressAndContactInfo_Page/input_eMailAddress'

2024-01-14 16:36:13 - [MESSAGE][PASSED] - Text ' ' is set on object 'Object Repository/RAD_Pages/AddressAndContactInfo_Page/input_eMailAddress'

2024-01-14 16:36:13 - [TEST_STEP][PASSED] - setText(findTestObject(orPath_AddressContact + "/input_reEnterEMailAddress"), " "): Text ' ' is set on object 'Object Repository/RAD_Pages/AddressAndContactInfo_Page/input_reEnterEMailAddress'

2024-01-14 16:36:14 - [MESSAGE][PASSED] - Text ' ' is set on object 'Object Repository/RAD_Pages/AddressAndContactInfo_Page/input_reEnterEMailAddress'

2024-01-14 16:36:14 - [TEST_STEP][PASSED] - resText = "Fail": null

2024-01-14 16:36:14 - [TEST_STEP][PASSED] - pages.WriteExcel.demoKey(resText, datText, resColumn, datCloumn, fileLoc, nameSheet, row): pages.WriteExcel.demoKey is PASSED

2024-01-14 16:36:14 - [MESSAGE][PASSED] - pages.WriteExcel.demoKey is PASSED

2024-01-14 16:36:14 - [TEST_STEP][PASSED] - verifyTextPresent("Enter business name", true, CONTINUE_ON_FAILURE): Text 'Enter business name' is present on page  using regular expression

2024-01-14 16:36:14 - [MESSAGE][PASSED] - Text 'Enter business name' is present on page  using regular expression

2024-01-14 16:36:14 - [TEST_STEP][PASSED] - verifyTextPresent("Enter business rep first name", true, CONTINUE_ON_FAILURE): Text 'Enter business rep first name' is present on page  using regular expression

2024-01-14 16:36:15 - [MESSAGE][PASSED] - Text 'Enter business rep first name' is present on page  using regular expression

2024-01-14 16:36:15 - [TEST_STEP][PASSED] - verifyTextPresent("Enter business rep last name", true, CONTINUE_ON_FAILURE): Text 'Enter business rep last name' is present on page  using regular expression

2024-01-14 16:36:15 - [MESSAGE][PASSED] - Text 'Enter business rep last name' is present on page  using regular expression

2024-01-14 16:36:15 - [TEST_STEP][PASSED] - verifyTextPresent("Enter address", true, CONTINUE_ON_FAILURE): Text 'Enter address' is present on page  using regular expression

2024-01-14 16:36:15 - [MESSAGE][PASSED] - Text 'Enter address' is present on page  using regular expression

2024-01-14 16:36:15 - [TEST_STEP][PASSED] - verifyTextPresent("Enter city", true, CONTINUE_ON_FAILURE): Text 'Enter city' is present on page  using regular expression

2024-01-14 16:36:16 - [MESSAGE][PASSED] - Text 'Enter city' is present on page  using regular expression

2024-01-14 16:36:16 - [TEST_STEP][PASSED] - verifyTextPresent("Enter ZIP code", true, CONTINUE_ON_FAILURE): Text 'Enter ZIP code' is present on page  using regular expression

2024-01-14 16:36:16 - [MESSAGE][PASSED] - Text 'Enter ZIP code' is present on page  using regular expression

2024-01-14 16:36:16 - [TEST_STEP][PASSED] - verifyTextPresent("Enter a valid phone number", true, CONTINUE_ON_FAILURE): Text 'Enter a valid phone number' is present on page  using regular expression

2024-01-14 16:36:16 - [MESSAGE][PASSED] - Text 'Enter a valid phone number' is present on page  using regular expression

2024-01-14 16:36:16 - [TEST_STEP][PASSED] - verifyTextPresent("Enter Email", true, CONTINUE_ON_FAILURE): Text 'Enter Email' is present on page  using regular expression

2024-01-14 16:36:17 - [MESSAGE][PASSED] - Text 'Enter Email' is present on page  using regular expression

2024-01-14 16:36:17 - [TEST_STEP][PASSED] - resText = "Pass": null

2024-01-14 16:36:17 - [TEST_STEP][PASSED] - pages.WriteExcel.demoKey(resText, datText, resColumn, datCloumn, fileLoc, nameSheet, row): pages.WriteExcel.demoKey is PASSED

2024-01-14 16:36:17 - [MESSAGE][PASSED] - pages.WriteExcel.demoKey is PASSED

2024-01-14 16:36:17 - [TEST_STEP][PASSED] - ExecuteTC = findTestData(dataFile).getValue("Execute", row): null

2024-01-14 16:36:17 - [TEST_STEP][PASSED] - TaxType = findTestData(dataFile).getValue("TaxType", row): null

2024-01-14 16:36:17 - [TEST_STEP][PASSED] - PaymentType = findTestData(dataFile).getValue("PaymentType", row): null

2024-01-14 16:36:17 - [TEST_STEP][PASSED] - FilingYear = findTestData(dataFile).getValue("Year", row): null

2024-01-14 16:36:17 - [TEST_STEP][PASSED] - PeriodEndingMonth = findTestData(dataFile).getValue("Month", row): null

2024-01-14 16:36:17 - [TEST_STEP][PASSED] - feinSSN = findTestData(dataFile).getValue("FeinSsn", row): null

2024-01-14 16:36:17 - [TEST_STEP][PASSED] - if (ExecuteTC.equalsIgnoreCase("Y")): pages.WriteExcel.demoKey is PASSED

2024-01-14 16:36:17 - [TEST_STEP][PASSED] - out.println("Begin Record Number: " + row): null

2024-01-14 16:36:17 - [TEST_STEP][PASSED] - today = new java.util.Date(): null

2024-01-14 16:36:17 - [TEST_STEP][PASSED] - println(today): null

2024-01-14 16:36:17 - [TEST_STEP][PASSED] - datText = today: null

2024-01-14 16:36:17 - [TEST_STEP][PASSED] - logInfo("Payment Type: Quarterly Estimated Tax"): Payment Type: Quarterly Estimated Tax

2024-01-14 16:36:17 - [MESSAGE][INFO] - Payment Type: Quarterly Estimated Tax

2024-01-14 16:36:17 - [TEST_STEP][PASSED] - logInfo("Tax Type: " + TaxType): Tax Type: PTE Tax Electing S Corp

2024-01-14 16:36:17 - [MESSAGE][INFO] - Tax Type: PTE Tax Electing S Corp

2024-01-14 16:36:17 - [TEST_STEP][PASSED] - openBrowser(""): Browser is opened with url: ''

2024-01-14 16:36:17 - [MESSAGE][WARNING] - A browser is already opened. Closing browser and opening a new one

2024-01-14 16:36:18 - [MESSAGE][INFO] - Starting 'Chrome' driver

2024-01-14 16:36:18 - [MESSAGE][INFO] - User set preference: ['acceptInsecureCerts', 'true']

2024-01-14 16:36:18 - [MESSAGE][INFO] - Action delay is set to 0 milliseconds

2024-01-14 16:36:20 - [MESSAGE][PASSED] - Browser is opened with url: ''

2024-01-14 16:36:20 - [TEST_STEP][PASSED] - maximizeWindow(): Current window maximized

2024-01-14 16:36:20 - [MESSAGE][PASSED] - Current window maximized

2024-01-14 16:36:20 - [TEST_STEP][PASSED] - navigateToUrl(RADurl): Navigate to 'https://qa2.velocitypayment.com/client/rad/index.html' successfully

2024-01-14 16:36:22 - [MESSAGE][PASSED] - Navigate to 'https://qa2.velocitypayment.com/client/rad/index.html' successfully

2024-01-14 16:36:22 - [TEST_STEP][PASSED] - selectOptionByLabel(findTestObject(orPath_Landing + "/dd_TaxType"), "Quarterly Estimated Tax", false): All options with label 'Quarterly Estimated Tax' are selected in object 'Object Repository/RAD_Pages/Landing_Page/dd_TaxType' 

2024-01-14 16:36:22 - [MESSAGE][PASSED] - All options with label 'Quarterly Estimated Tax' are selected in object 'Object Repository/RAD_Pages/Landing_Page/dd_TaxType' 

2024-01-14 16:36:22 - [TEST_STEP][PASSED] - selectOptionByLabel(findTestObject(orPath_TaxTypeFilingYear + "/select_PaymentType"), TaxType, false): All options with label 'PTE Tax Electing S Corp' are selected in object 'Object Repository/RAD_Pages/TaxTypeFilingYear_Page/select_PaymentType' 

2024-01-14 16:36:23 - [MESSAGE][PASSED] - All options with label 'PTE Tax Electing S Corp' are selected in object 'Object Repository/RAD_Pages/TaxTypeFilingYear_Page/select_PaymentType' 

2024-01-14 16:36:23 - [TEST_STEP][PASSED] - selectOptionByLabel(findTestObject(orPath_TaxTypeFilingYear + "/select_FilingYear"), FilingYear, false): All options with label '2024' are selected in object 'Object Repository/RAD_Pages/TaxTypeFilingYear_Page/select_FilingYear' 

2024-01-14 16:36:24 - [MESSAGE][PASSED] - All options with label '2024' are selected in object 'Object Repository/RAD_Pages/TaxTypeFilingYear_Page/select_FilingYear' 

2024-01-14 16:36:24 - [TEST_STEP][PASSED] - selectOptionByLabel(findTestObject(orPath_TaxTypeFilingYear + "/select_PeriodEnding"), PeriodEndingMonth, false): All options with label 'December' are selected in object 'Object Repository/RAD_Pages/TaxTypeFilingYear_Page/select_PeriodEnding' 

2024-01-14 16:36:24 - [MESSAGE][PASSED] - All options with label 'December' are selected in object 'Object Repository/RAD_Pages/TaxTypeFilingYear_Page/select_PeriodEnding' 

2024-01-14 16:36:24 - [TEST_STEP][PASSED] - setText(findTestObject(orPath_TaxPayer + "/input_businessName"), " "): Text ' ' is set on object 'Object Repository/RAD_Pages/Taxpayer_Page/input_businessName'

2024-01-14 16:36:25 - [MESSAGE][PASSED] - Text ' ' is set on object 'Object Repository/RAD_Pages/Taxpayer_Page/input_businessName'

2024-01-14 16:36:25 - [TEST_STEP][PASSED] - setText(findTestObject(orPath_TaxPayer + "/input_BusinessRepfirstName"), " "): Text ' ' is set on object 'Object Repository/RAD_Pages/Taxpayer_Page/input_BusinessRepfirstName'

2024-01-14 16:36:26 - [MESSAGE][PASSED] - Text ' ' is set on object 'Object Repository/RAD_Pages/Taxpayer_Page/input_BusinessRepfirstName'

2024-01-14 16:36:26 - [TEST_STEP][PASSED] - setText(findTestObject(orPath_TaxPayer + "/input_BusinessReplastName"), " "): Text ' ' is set on object 'Object Repository/RAD_Pages/Taxpayer_Page/input_BusinessReplastName'

2024-01-14 16:36:26 - [MESSAGE][PASSED] - Text ' ' is set on object 'Object Repository/RAD_Pages/Taxpayer_Page/input_BusinessReplastName'

2024-01-14 16:36:26 - [TEST_STEP][PASSED] - setText(findTestObject(orPath_AddressContact + "/input_streetAddress1"), " "): Text ' ' is set on object 'Object Repository/RAD_Pages/AddressAndContactInfo_Page/input_streetAddress1'

2024-01-14 16:36:27 - [MESSAGE][PASSED] - Text ' ' is set on object 'Object Repository/RAD_Pages/AddressAndContactInfo_Page/input_streetAddress1'

2024-01-14 16:36:27 - [TEST_STEP][PASSED] - setText(findTestObject(orPath_AddressContact + "/input_city"), " "): Text ' ' is set on object 'Object Repository/RAD_Pages/AddressAndContactInfo_Page/input_city'

2024-01-14 16:36:28 - [MESSAGE][PASSED] - Text ' ' is set on object 'Object Repository/RAD_Pages/AddressAndContactInfo_Page/input_city'

2024-01-14 16:36:28 - [TEST_STEP][PASSED] - setText(findTestObject(orPath_AddressContact + "/input_zipCode"), " "): Text ' ' is set on object 'Object Repository/RAD_Pages/AddressAndContactInfo_Page/input_zipCode'

2024-01-14 16:36:29 - [MESSAGE][PASSED] - Text ' ' is set on object 'Object Repository/RAD_Pages/AddressAndContactInfo_Page/input_zipCode'

2024-01-14 16:36:29 - [TEST_STEP][PASSED] - setText(findTestObject(orPath_AddressContact + "/input_phoneNumber"), " "): Text ' ' is set on object 'Object Repository/RAD_Pages/AddressAndContactInfo_Page/input_phoneNumber'

2024-01-14 16:36:29 - [MESSAGE][PASSED] - Text ' ' is set on object 'Object Repository/RAD_Pages/AddressAndContactInfo_Page/input_phoneNumber'

2024-01-14 16:36:29 - [TEST_STEP][PASSED] - setText(findTestObject(orPath_AddressContact + "/input_eMailAddress"), " "): Text ' ' is set on object 'Object Repository/RAD_Pages/AddressAndContactInfo_Page/input_eMailAddress'

2024-01-14 16:36:30 - [MESSAGE][PASSED] - Text ' ' is set on object 'Object Repository/RAD_Pages/AddressAndContactInfo_Page/input_eMailAddress'

2024-01-14 16:36:30 - [TEST_STEP][PASSED] - setText(findTestObject(orPath_AddressContact + "/input_reEnterEMailAddress"), " "): Text ' ' is set on object 'Object Repository/RAD_Pages/AddressAndContactInfo_Page/input_reEnterEMailAddress'

2024-01-14 16:36:31 - [MESSAGE][PASSED] - Text ' ' is set on object 'Object Repository/RAD_Pages/AddressAndContactInfo_Page/input_reEnterEMailAddress'

2024-01-14 16:36:31 - [TEST_STEP][PASSED] - resText = "Fail": null

2024-01-14 16:36:31 - [TEST_STEP][PASSED] - pages.WriteExcel.demoKey(resText, datText, resColumn, datCloumn, fileLoc, nameSheet, row): pages.WriteExcel.demoKey is PASSED

2024-01-14 16:36:31 - [MESSAGE][PASSED] - pages.WriteExcel.demoKey is PASSED

2024-01-14 16:36:31 - [TEST_STEP][PASSED] - verifyTextPresent("Enter business name", true, CONTINUE_ON_FAILURE): Text 'Enter business name' is present on page  using regular expression

2024-01-14 16:36:32 - [MESSAGE][PASSED] - Text 'Enter business name' is present on page  using regular expression

2024-01-14 16:36:32 - [TEST_STEP][PASSED] - verifyTextPresent("Enter business rep first name", true, CONTINUE_ON_FAILURE): Text 'Enter business rep first name' is present on page  using regular expression

2024-01-14 16:36:32 - [MESSAGE][PASSED] - Text 'Enter business rep first name' is present on page  using regular expression

2024-01-14 16:36:32 - [TEST_STEP][PASSED] - verifyTextPresent("Enter business rep last name", true, CONTINUE_ON_FAILURE): Text 'Enter business rep last name' is present on page  using regular expression

2024-01-14 16:36:32 - [MESSAGE][PASSED] - Text 'Enter business rep last name' is present on page  using regular expression

2024-01-14 16:36:32 - [TEST_STEP][PASSED] - verifyTextPresent("Enter address", true, CONTINUE_ON_FAILURE): Text 'Enter address' is present on page  using regular expression

2024-01-14 16:36:33 - [MESSAGE][PASSED] - Text 'Enter address' is present on page  using regular expression

2024-01-14 16:36:33 - [TEST_STEP][PASSED] - verifyTextPresent("Enter city", true, CONTINUE_ON_FAILURE): Text 'Enter city' is present on page  using regular expression

2024-01-14 16:36:33 - [MESSAGE][PASSED] - Text 'Enter city' is present on page  using regular expression

2024-01-14 16:36:33 - [TEST_STEP][PASSED] - verifyTextPresent("Enter ZIP code", true, CONTINUE_ON_FAILURE): Text 'Enter ZIP code' is present on page  using regular expression

2024-01-14 16:36:33 - [MESSAGE][PASSED] - Text 'Enter ZIP code' is present on page  using regular expression

2024-01-14 16:36:33 - [TEST_STEP][PASSED] - verifyTextPresent("Enter a valid phone number", true, CONTINUE_ON_FAILURE): Text 'Enter a valid phone number' is present on page  using regular expression

2024-01-14 16:36:34 - [MESSAGE][PASSED] - Text 'Enter a valid phone number' is present on page  using regular expression

2024-01-14 16:36:34 - [TEST_STEP][PASSED] - verifyTextPresent("Enter Email", true, CONTINUE_ON_FAILURE): Text 'Enter Email' is present on page  using regular expression

2024-01-14 16:36:34 - [MESSAGE][PASSED] - Text 'Enter Email' is present on page  using regular expression

2024-01-14 16:36:34 - [TEST_STEP][PASSED] - resText = "Pass": null

2024-01-14 16:36:34 - [TEST_STEP][PASSED] - pages.WriteExcel.demoKey(resText, datText, resColumn, datCloumn, fileLoc, nameSheet, row): pages.WriteExcel.demoKey is PASSED

2024-01-14 16:36:34 - [MESSAGE][PASSED] - pages.WriteExcel.demoKey is PASSED]]></system-out>
         <system-err><![CDATA[]]></system-err>
      </testcase>
      <testcase name="Test Cases/RAD_TestCases/MRF_TestCases/Existing_MRF_TC" time="306.371" classname="Test Cases/RAD_TestCases/MRF_TestCases/Existing_MRF_TC" status="FAILED">
         <failure type="FAILED" message="Test Cases/RAD_TestCases/MRF_TestCases/Existing_MRF_TC FAILED.
Reason:
com.kms.katalon.core.exception.StepFailedException: Text 'Re-type Decedent SSN Validation Error' is not present on page  using regular expression (Root cause: com.kms.katalon.core.exception.StepFailedException: Text 'Re-type Decedent SSN Validation Error' is not present on page  using regular expression
	at com.kms.katalon.core.webui.keyword.internal.WebUIKeywordMain.stepFailed(WebUIKeywordMain.groovy:64)
	at com.kms.katalon.core.webui.keyword.builtin.VerifyTextPresentKeyword$_verifyTextPresent_closure1.doCall(VerifyTextPresentKeyword.groovy:79)
	at com.kms.katalon.core.webui.keyword.builtin.VerifyTextPresentKeyword$_verifyTextPresent_closure1.call(VerifyTextPresentKeyword.groovy)
	at com.kms.katalon.core.webui.keyword.internal.WebUIKeywordMain.runKeyword(WebUIKeywordMain.groovy:20)
	at com.kms.katalon.core.webui.keyword.builtin.VerifyTextPresentKeyword.verifyTextPresent(VerifyTextPresentKeyword.groovy:83)
	at com.kms.katalon.core.webui.keyword.builtin.VerifyTextPresentKeyword.execute(VerifyTextPresentKeyword.groovy:68)
	at com.kms.katalon.core.keyword.internal.KeywordExecutor.executeKeywordForPlatform(KeywordExecutor.groovy:74)
	at com.kms.katalon.core.webui.keyword.WebUiBuiltInKeywords.verifyTextPresent(WebUiBuiltInKeywords.groovy:1707)
	at com.kms.katalon.core.webui.keyword.WebUiBuiltInKeywords$verifyTextPresent$10.call(Unknown Source)
	at Existing_MRF_TC.run(Existing_MRF_TC:145)
	at com.kms.katalon.core.main.ScriptEngine.run(ScriptEngine.java:194)
	at com.kms.katalon.core.main.ScriptEngine.runScriptAsRawText(ScriptEngine.java:119)
	at com.kms.katalon.core.main.TestCaseExecutor.runScript(TestCaseExecutor.java:448)
	at com.kms.katalon.core.main.TestCaseExecutor.doExecute(TestCaseExecutor.java:439)
	at com.kms.katalon.core.main.TestCaseExecutor.processExecutionPhase(TestCaseExecutor.java:418)
	at com.kms.katalon.core.main.TestCaseExecutor.accessMainPhase(TestCaseExecutor.java:410)
	at com.kms.katalon.core.main.TestCaseExecutor.execute(TestCaseExecutor.java:285)
	at com.kms.katalon.core.common.CommonExecutor.accessTestCaseMainPhase(CommonExecutor.java:65)
	at com.kms.katalon.core.main.TestSuiteExecutor.accessTestSuiteMainPhase(TestSuiteExecutor.java:148)
	at com.kms.katalon.core.main.TestSuiteExecutor.execute(TestSuiteExecutor.java:106)
	at com.kms.katalon.core.main.TestCaseMain.startTestSuite(TestCaseMain.java:187)
	at com.kms.katalon.core.main.TestCaseMain$startTestSuite$0.call(Unknown Source)
	at TempTestSuite1705265880633.run(TempTestSuite1705265880633.groovy:36)
)
	at com.kms.katalon.core.keyword.internal.KeywordMain.stepFailed(KeywordMain.groovy:39)
	at com.kms.katalon.core.webui.keyword.internal.WebUIKeywordMain.stepFailed(WebUIKeywordMain.groovy:64)
	at com.kms.katalon.core.webui.keyword.builtin.VerifyTextPresentKeyword$_verifyTextPresent_closure1.doCall(VerifyTextPresentKeyword.groovy:79)
	at com.kms.katalon.core.webui.keyword.builtin.VerifyTextPresentKeyword$_verifyTextPresent_closure1.call(VerifyTextPresentKeyword.groovy)
	at com.kms.katalon.core.webui.keyword.internal.WebUIKeywordMain.runKeyword(WebUIKeywordMain.groovy:20)
	at com.kms.katalon.core.webui.keyword.builtin.VerifyTextPresentKeyword.verifyTextPresent(VerifyTextPresentKeyword.groovy:83)
	at com.kms.katalon.core.webui.keyword.builtin.VerifyTextPresentKeyword.execute(VerifyTextPresentKeyword.groovy:68)
	at com.kms.katalon.core.keyword.internal.KeywordExecutor.executeKeywordForPlatform(KeywordExecutor.groovy:74)
	at com.kms.katalon.core.webui.keyword.WebUiBuiltInKeywords.verifyTextPresent(WebUiBuiltInKeywords.groovy:1707)
	at com.kms.katalon.core.webui.keyword.WebUiBuiltInKeywords$verifyTextPresent$10.call(Unknown Source)
	at Existing_MRF_TC.run(Existing_MRF_TC:145)
	at com.kms.katalon.core.main.ScriptEngine.run(ScriptEngine.java:194)
	at com.kms.katalon.core.main.ScriptEngine.runScriptAsRawText(ScriptEngine.java:119)
	at com.kms.katalon.core.main.TestCaseExecutor.runScript(TestCaseExecutor.java:448)
	at com.kms.katalon.core.main.TestCaseExecutor.doExecute(TestCaseExecutor.java:439)
	at com.kms.katalon.core.main.TestCaseExecutor.processExecutionPhase(TestCaseExecutor.java:418)
	at com.kms.katalon.core.main.TestCaseExecutor.accessMainPhase(TestCaseExecutor.java:410)
	at com.kms.katalon.core.main.TestCaseExecutor.execute(TestCaseExecutor.java:285)
	at com.kms.katalon.core.common.CommonExecutor.accessTestCaseMainPhase(CommonExecutor.java:65)
	at com.kms.katalon.core.main.TestSuiteExecutor.accessTestSuiteMainPhase(TestSuiteExecutor.java:148)
	at com.kms.katalon.core.main.TestSuiteExecutor.execute(TestSuiteExecutor.java:106)
	at com.kms.katalon.core.main.TestCaseMain.startTestSuite(TestCaseMain.java:187)
	at com.kms.katalon.core.main.TestCaseMain$startTestSuite$0.call(Unknown Source)
	at TempTestSuite1705265880633.run(TempTestSuite1705265880633.groovy:36)
Caused by: com.kms.katalon.core.exception.StepFailedException: Text 'Re-type Decedent SSN Validation Error' is not present on page  using regular expression
	... 23 more
"/>
         <system-out><![CDATA[2024-01-14 16:36:34 - [TEST_CASE][FAILED] - Test Cases/RAD_TestCases/MRF_TestCases/Existing_MRF_TC: Test Cases/RAD_TestCases/MRF_TestCases/Existing_MRF_TC FAILED.
Reason:
com.kms.katalon.core.exception.StepFailedException: Text 'Re-type Decedent SSN Validation Error' is not present on page  using regular expression (Root cause: com.kms.katalon.core.exception.StepFailedException: Text 'Re-type Decedent SSN Validation Error' is not present on page  using regular expression
	at com.kms.katalon.core.webui.keyword.internal.WebUIKeywordMain.stepFailed(WebUIKeywordMain.groovy:64)
	at com.kms.katalon.core.webui.keyword.builtin.VerifyTextPresentKeyword$_verifyTextPresent_closure1.doCall(VerifyTextPresentKeyword.groovy:79)
	at com.kms.katalon.core.webui.keyword.builtin.VerifyTextPresentKeyword$_verifyTextPresent_closure1.call(VerifyTextPresentKeyword.groovy)
	at com.kms.katalon.core.webui.keyword.internal.WebUIKeywordMain.runKeyword(WebUIKeywordMain.groovy:20)
	at com.kms.katalon.core.webui.keyword.builtin.VerifyTextPresentKeyword.verifyTextPresent(VerifyTextPresentKeyword.groovy:83)
	at com.kms.katalon.core.webui.keyword.builtin.VerifyTextPresentKeyword.execute(VerifyTextPresentKeyword.groovy:68)
	at com.kms.katalon.core.keyword.internal.KeywordExecutor.executeKeywordForPlatform(KeywordExecutor.groovy:74)
	at com.kms.katalon.core.webui.keyword.WebUiBuiltInKeywords.verifyTextPresent(WebUiBuiltInKeywords.groovy:1707)
	at com.kms.katalon.core.webui.keyword.WebUiBuiltInKeywords$verifyTextPresent$10.call(Unknown Source)
	at Existing_MRF_TC.run(Existing_MRF_TC:145)
	at com.kms.katalon.core.main.ScriptEngine.run(ScriptEngine.java:194)
	at com.kms.katalon.core.main.ScriptEngine.runScriptAsRawText(ScriptEngine.java:119)
	at com.kms.katalon.core.main.TestCaseExecutor.runScript(TestCaseExecutor.java:448)
	at com.kms.katalon.core.main.TestCaseExecutor.doExecute(TestCaseExecutor.java:439)
	at com.kms.katalon.core.main.TestCaseExecutor.processExecutionPhase(TestCaseExecutor.java:418)
	at com.kms.katalon.core.main.TestCaseExecutor.accessMainPhase(TestCaseExecutor.java:410)
	at com.kms.katalon.core.main.TestCaseExecutor.execute(TestCaseExecutor.java:285)
	at com.kms.katalon.core.common.CommonExecutor.accessTestCaseMainPhase(CommonExecutor.java:65)
	at com.kms.katalon.core.main.TestSuiteExecutor.accessTestSuiteMainPhase(TestSuiteExecutor.java:148)
	at com.kms.katalon.core.main.TestSuiteExecutor.execute(TestSuiteExecutor.java:106)
	at com.kms.katalon.core.main.TestCaseMain.startTestSuite(TestCaseMain.java:187)
	at com.kms.katalon.core.main.TestCaseMain$startTestSuite$0.call(Unknown Source)
	at TempTestSuite1705265880633.run(TempTestSuite1705265880633.groovy:36)
)
	at com.kms.katalon.core.keyword.internal.KeywordMain.stepFailed(KeywordMain.groovy:39)
	at com.kms.katalon.core.webui.keyword.internal.WebUIKeywordMain.stepFailed(WebUIKeywordMain.groovy:64)
	at com.kms.katalon.core.webui.keyword.builtin.VerifyTextPresentKeyword$_verifyTextPresent_closure1.doCall(VerifyTextPresentKeyword.groovy:79)
	at com.kms.katalon.core.webui.keyword.builtin.VerifyTextPresentKeyword$_verifyTextPresent_closure1.call(VerifyTextPresentKeyword.groovy)
	at com.kms.katalon.core.webui.keyword.internal.WebUIKeywordMain.runKeyword(WebUIKeywordMain.groovy:20)
	at com.kms.katalon.core.webui.keyword.builtin.VerifyTextPresentKeyword.verifyTextPresent(VerifyTextPresentKeyword.groovy:83)
	at com.kms.katalon.core.webui.keyword.builtin.VerifyTextPresentKeyword.execute(VerifyTextPresentKeyword.groovy:68)
	at com.kms.katalon.core.keyword.internal.KeywordExecutor.executeKeywordForPlatform(KeywordExecutor.groovy:74)
	at com.kms.katalon.core.webui.keyword.WebUiBuiltInKeywords.verifyTextPresent(WebUiBuiltInKeywords.groovy:1707)
	at com.kms.katalon.core.webui.keyword.WebUiBuiltInKeywords$verifyTextPresent$10.call(Unknown Source)
	at Existing_MRF_TC.run(Existing_MRF_TC:145)
	at com.kms.katalon.core.main.ScriptEngine.run(ScriptEngine.java:194)
	at com.kms.katalon.core.main.ScriptEngine.runScriptAsRawText(ScriptEngine.java:119)
	at com.kms.katalon.core.main.TestCaseExecutor.runScript(TestCaseExecutor.java:448)
	at com.kms.katalon.core.main.TestCaseExecutor.doExecute(TestCaseExecutor.java:439)
	at com.kms.katalon.core.main.TestCaseExecutor.processExecutionPhase(TestCaseExecutor.java:418)
	at com.kms.katalon.core.main.TestCaseExecutor.accessMainPhase(TestCaseExecutor.java:410)
	at com.kms.katalon.core.main.TestCaseExecutor.execute(TestCaseExecutor.java:285)
	at com.kms.katalon.core.common.CommonExecutor.accessTestCaseMainPhase(CommonExecutor.java:65)
	at com.kms.katalon.core.main.TestSuiteExecutor.accessTestSuiteMainPhase(TestSuiteExecutor.java:148)
	at com.kms.katalon.core.main.TestSuiteExecutor.execute(TestSuiteExecutor.java:106)
	at com.kms.katalon.core.main.TestCaseMain.startTestSuite(TestCaseMain.java:187)
	at com.kms.katalon.core.main.TestCaseMain$startTestSuite$0.call(Unknown Source)
	at TempTestSuite1705265880633.run(TempTestSuite1705265880633.groovy:36)
Caused by: com.kms.katalon.core.exception.StepFailedException: Text 'Re-type Decedent SSN Validation Error' is not present on page  using regular expression
	... 23 more


2024-01-14 16:36:35 - [TEST_STEP][PASSED] - resText = "Fail": null

2024-01-14 16:36:35 - [TEST_STEP][PASSED] - resColumn = "Result": null

2024-01-14 16:36:35 - [TEST_STEP][PASSED] - datCloumn = "Date": null

2024-01-14 16:36:35 - [TEST_STEP][PASSED] - fileLoc = "KatalonData/RADTestData/MRF.xlsx": null

2024-01-14 16:36:35 - [TEST_STEP][PASSED] - nameSheet = "Existing": null

2024-01-14 16:36:35 - [TEST_STEP][PASSED] - dataFile = "RADTestData/MRF_Existing": null

2024-01-14 16:36:35 - [TEST_STEP][PASSED] - orPath_Landing = "Object Repository/RAD_Pages/Landing_Page": null

2024-01-14 16:36:35 - [TEST_STEP][PASSED] - orPath_TaxTypeFilingYear = "Object Repository/RAD_Pages/TaxTypeFilingYear_Page": null

2024-01-14 16:36:35 - [TEST_STEP][PASSED] - orPath_Amount = "Object Repository/RAD_Pages/PaymentAmount_Page": null

2024-01-14 16:36:35 - [TEST_STEP][PASSED] - orPath_AddressContact = "Object Repository/RAD_Pages/AddressAndContactInfo_Page": null

2024-01-14 16:36:35 - [TEST_STEP][PASSED] - orPath_Summary = "Object Repository/RAD_Pages/Summary_Page": null

2024-01-14 16:36:35 - [TEST_STEP][PASSED] - orPath_PaymentConfirmation = "Object Repository/RAD_Pages/PaymentConfirmation_Page": null

2024-01-14 16:36:35 - [TEST_STEP][PASSED] - orPath_ServiceFeesAccept = "Object Repository/RAD_Pages/ServiceFeeAccept_Page": null

2024-01-14 16:36:35 - [TEST_STEP][PASSED] - orPath_PaymentEntry = "Object Repository/RAD_Pages/PaymentEntry_Page": null

2024-01-14 16:36:35 - [TEST_STEP][PASSED] - orPath_TaxInfo = "Object Repository/RAD_Pages/TaxInfo_Page": null

2024-01-14 16:36:35 - [TEST_STEP][PASSED] - orPath_TaxPayer = "Object Repository/RAD_Pages/Taxpayer_Page": null

2024-01-14 16:36:35 - [TEST_STEP][PASSED] - orPath_FilingStatus = "Object Repository/RAD_Pages/FilingStatus_Page": null

2024-01-14 16:36:35 - [TEST_STEP][PASSED] - ExecuteTC = <not implemented yet for class: org.codehaus.groovy.ast.expr.EmptyExpression>: null

2024-01-14 16:36:35 - [TEST_STEP][PASSED] - TaxType = <not implemented yet for class: org.codehaus.groovy.ast.expr.EmptyExpression>: null

2024-01-14 16:36:35 - [TEST_STEP][PASSED] - PaymentType = <not implemented yet for class: org.codehaus.groovy.ast.expr.EmptyExpression>: null

2024-01-14 16:36:35 - [TEST_STEP][PASSED] - FilingYear = <not implemented yet for class: org.codehaus.groovy.ast.expr.EmptyExpression>: null

2024-01-14 16:36:35 - [TEST_STEP][PASSED] - PeriodEndingMonth = <not implemented yet for class: org.codehaus.groovy.ast.expr.EmptyExpression>: null

2024-01-14 16:36:35 - [TEST_STEP][PASSED] - feinSsn = <not implemented yet for class: org.codehaus.groovy.ast.expr.EmptyExpression>: null

2024-01-14 16:36:35 - [TEST_STEP][PASSED] - numOfRows = findTestData(dataFile).getRowNumbers(): null

2024-01-14 16:36:35 - [TEST_STEP][PASSED] - println("Number of Records: " + numOfRows): null

2024-01-14 16:36:35 - [TEST_STEP][FAILED] - for ([row = 1, row <= numOfRows, (row++)]): null

2024-01-14 16:36:35 - [TEST_STEP][PASSED] - ExecuteTC = findTestData(dataFile).getValue("Execute", row): null

2024-01-14 16:36:35 - [TEST_STEP][PASSED] - TaxType = findTestData(dataFile).getValue("TaxType", row): null

2024-01-14 16:36:35 - [TEST_STEP][PASSED] - PaymentType = findTestData(dataFile).getValue("PaymentType", row): null

2024-01-14 16:36:35 - [TEST_STEP][PASSED] - feinSsn = findTestData(dataFile).getValue("FEINSSN", row): null

2024-01-14 16:36:35 - [TEST_STEP][PASSED] - if (ExecuteTC.equalsIgnoreCase("Y")): pages.WriteExcel.demoKey is PASSED

2024-01-14 16:36:35 - [TEST_STEP][PASSED] - out.println("Begin Record Number: " + row): null

2024-01-14 16:36:35 - [TEST_STEP][PASSED] - today = new java.util.Date(): null

2024-01-14 16:36:35 - [TEST_STEP][PASSED] - println(today): null

2024-01-14 16:36:35 - [TEST_STEP][PASSED] - datText = today: null

2024-01-14 16:36:35 - [TEST_STEP][PASSED] - logInfo("Payment Type: Existing Liability w/Notice Number"): Payment Type: Existing Liability w/Notice Number

2024-01-14 16:36:35 - [MESSAGE][INFO] - Payment Type: Existing Liability w/Notice Number

2024-01-14 16:36:35 - [TEST_STEP][PASSED] - logInfo("Tax Type: " + TaxType): Tax Type: Bay Restoration Fee

2024-01-14 16:36:35 - [MESSAGE][INFO] - Tax Type: Bay Restoration Fee

2024-01-14 16:36:35 - [TEST_STEP][PASSED] - openBrowser(""): Browser is opened with url: ''

2024-01-14 16:36:35 - [MESSAGE][WARNING] - A browser is already opened. Closing browser and opening a new one

2024-01-14 16:36:36 - [MESSAGE][INFO] - Starting 'Chrome' driver

2024-01-14 16:36:36 - [MESSAGE][INFO] - User set preference: ['acceptInsecureCerts', 'true']

2024-01-14 16:36:36 - [MESSAGE][INFO] - Action delay is set to 0 milliseconds

2024-01-14 16:36:38 - [MESSAGE][PASSED] - Browser is opened with url: ''

2024-01-14 16:36:38 - [TEST_STEP][PASSED] - maximizeWindow(): Current window maximized

2024-01-14 16:36:38 - [MESSAGE][PASSED] - Current window maximized

2024-01-14 16:36:38 - [TEST_STEP][PASSED] - navigateToUrl(RADurl): Navigate to 'https://qa2.velocitypayment.com/client/rad/index.html' successfully

2024-01-14 16:36:38 - [MESSAGE][PASSED] - Navigate to 'https://qa2.velocitypayment.com/client/rad/index.html' successfully

2024-01-14 16:36:38 - [TEST_STEP][PASSED] - selectOptionByLabel(findTestObject(orPath_Landing + "/dd_TaxType"), "Existing Liability w/Notice Number", false): All options with label 'Existing Liability w/Notice Number' are selected in object 'Object Repository/RAD_Pages/Landing_Page/dd_TaxType' 

2024-01-14 16:36:40 - [MESSAGE][PASSED] - All options with label 'Existing Liability w/Notice Number' are selected in object 'Object Repository/RAD_Pages/Landing_Page/dd_TaxType' 

2024-01-14 16:36:40 - [TEST_STEP][PASSED] - selectOptionByLabel(findTestObject(orPath_TaxTypeFilingYear + "/select_TaxType_ExistingLiability"), TaxType, false): All options with label 'Bay Restoration Fee' are selected in object 'Object Repository/RAD_Pages/TaxTypeFilingYear_Page/select_TaxType_ExistingLiability' 

2024-01-14 16:36:41 - [MESSAGE][PASSED] - All options with label 'Bay Restoration Fee' are selected in object 'Object Repository/RAD_Pages/TaxTypeFilingYear_Page/select_TaxType_ExistingLiability' 

2024-01-14 16:36:41 - [TEST_STEP][PASSED] - setText(findTestObject(orPath_TaxPayer + "/input_businessName"), " "): Text ' ' is set on object 'Object Repository/RAD_Pages/Taxpayer_Page/input_businessName'

2024-01-14 16:36:42 - [MESSAGE][PASSED] - Text ' ' is set on object 'Object Repository/RAD_Pages/Taxpayer_Page/input_businessName'

2024-01-14 16:36:42 - [TEST_STEP][PASSED] - setText(findTestObject(orPath_TaxPayer + "/input_BusinessRepfirstName"), " "): Text ' ' is set on object 'Object Repository/RAD_Pages/Taxpayer_Page/input_BusinessRepfirstName'

2024-01-14 16:36:43 - [MESSAGE][PASSED] - Text ' ' is set on object 'Object Repository/RAD_Pages/Taxpayer_Page/input_BusinessRepfirstName'

2024-01-14 16:36:43 - [TEST_STEP][PASSED] - setText(findTestObject(orPath_TaxPayer + "/input_BusinessReplastName"), " "): Text ' ' is set on object 'Object Repository/RAD_Pages/Taxpayer_Page/input_BusinessReplastName'

2024-01-14 16:36:43 - [MESSAGE][PASSED] - Text ' ' is set on object 'Object Repository/RAD_Pages/Taxpayer_Page/input_BusinessReplastName'

2024-01-14 16:36:43 - [TEST_STEP][PASSED] - setText(findTestObject(orPath_AddressContact + "/input_streetAddress1"), " "): Text ' ' is set on object 'Object Repository/RAD_Pages/AddressAndContactInfo_Page/input_streetAddress1'

2024-01-14 16:36:44 - [MESSAGE][PASSED] - Text ' ' is set on object 'Object Repository/RAD_Pages/AddressAndContactInfo_Page/input_streetAddress1'

2024-01-14 16:36:44 - [TEST_STEP][PASSED] - setText(findTestObject(orPath_AddressContact + "/input_city"), " "): Text ' ' is set on object 'Object Repository/RAD_Pages/AddressAndContactInfo_Page/input_city'

2024-01-14 16:36:45 - [MESSAGE][PASSED] - Text ' ' is set on object 'Object Repository/RAD_Pages/AddressAndContactInfo_Page/input_city'

2024-01-14 16:36:45 - [TEST_STEP][PASSED] - setText(findTestObject(orPath_AddressContact + "/input_zipCode"), " "): Text ' ' is set on object 'Object Repository/RAD_Pages/AddressAndContactInfo_Page/input_zipCode'

2024-01-14 16:36:45 - [MESSAGE][PASSED] - Text ' ' is set on object 'Object Repository/RAD_Pages/AddressAndContactInfo_Page/input_zipCode'

2024-01-14 16:36:45 - [TEST_STEP][PASSED] - setText(findTestObject(orPath_AddressContact + "/input_phoneNumber"), " "): Text ' ' is set on object 'Object Repository/RAD_Pages/AddressAndContactInfo_Page/input_phoneNumber'

2024-01-14 16:36:46 - [MESSAGE][PASSED] - Text ' ' is set on object 'Object Repository/RAD_Pages/AddressAndContactInfo_Page/input_phoneNumber'

2024-01-14 16:36:46 - [TEST_STEP][PASSED] - setText(findTestObject(orPath_AddressContact + "/input_eMailAddress"), " "): Text ' ' is set on object 'Object Repository/RAD_Pages/AddressAndContactInfo_Page/input_eMailAddress'

2024-01-14 16:36:47 - [MESSAGE][PASSED] - Text ' ' is set on object 'Object Repository/RAD_Pages/AddressAndContactInfo_Page/input_eMailAddress'

2024-01-14 16:36:47 - [TEST_STEP][PASSED] - setText(findTestObject(orPath_AddressContact + "/input_reEnterEMailAddress"), " "): Text ' ' is set on object 'Object Repository/RAD_Pages/AddressAndContactInfo_Page/input_reEnterEMailAddress'

2024-01-14 16:36:48 - [MESSAGE][PASSED] - Text ' ' is set on object 'Object Repository/RAD_Pages/AddressAndContactInfo_Page/input_reEnterEMailAddress'

2024-01-14 16:36:48 - [TEST_STEP][PASSED] - if (TaxType.equalsIgnoreCase("Estate Tax")): null

2024-01-14 16:36:48 - [TEST_STEP][PASSED] - resText = "Fail": null

2024-01-14 16:36:48 - [TEST_STEP][PASSED] - pages.WriteExcel.demoKey(resText, datText, resColumn, datCloumn, fileLoc, nameSheet, row): pages.WriteExcel.demoKey is PASSED

2024-01-14 16:36:48 - [MESSAGE][PASSED] - pages.WriteExcel.demoKey is PASSED

2024-01-14 16:36:48 - [TEST_STEP][PASSED] - verifyTextPresent("Enter business name", true, CONTINUE_ON_FAILURE): Text 'Enter business name' is present on page  using regular expression

2024-01-14 16:36:48 - [MESSAGE][PASSED] - Text 'Enter business name' is present on page  using regular expression

2024-01-14 16:36:48 - [TEST_STEP][PASSED] - verifyTextPresent("Enter business rep first name", true, CONTINUE_ON_FAILURE): Text 'Enter business rep first name' is present on page  using regular expression

2024-01-14 16:36:49 - [MESSAGE][PASSED] - Text 'Enter business rep first name' is present on page  using regular expression

2024-01-14 16:36:49 - [TEST_STEP][PASSED] - verifyTextPresent("Enter business rep last name", true, CONTINUE_ON_FAILURE): Text 'Enter business rep last name' is present on page  using regular expression

2024-01-14 16:36:49 - [MESSAGE][PASSED] - Text 'Enter business rep last name' is present on page  using regular expression

2024-01-14 16:36:49 - [TEST_STEP][PASSED] - verifyTextPresent("Enter address", true, CONTINUE_ON_FAILURE): Text 'Enter address' is present on page  using regular expression

2024-01-14 16:36:49 - [MESSAGE][PASSED] - Text 'Enter address' is present on page  using regular expression

2024-01-14 16:36:49 - [TEST_STEP][PASSED] - verifyTextPresent("Enter city", true, CONTINUE_ON_FAILURE): Text 'Enter city' is present on page  using regular expression

2024-01-14 16:36:50 - [MESSAGE][PASSED] - Text 'Enter city' is present on page  using regular expression

2024-01-14 16:36:50 - [TEST_STEP][PASSED] - verifyTextPresent("Enter ZIP code", true, CONTINUE_ON_FAILURE): Text 'Enter ZIP code' is present on page  using regular expression

2024-01-14 16:36:50 - [MESSAGE][PASSED] - Text 'Enter ZIP code' is present on page  using regular expression

2024-01-14 16:36:50 - [TEST_STEP][PASSED] - verifyTextPresent("Enter a valid phone number", true, CONTINUE_ON_FAILURE): Text 'Enter a valid phone number' is present on page  using regular expression

2024-01-14 16:36:51 - [MESSAGE][PASSED] - Text 'Enter a valid phone number' is present on page  using regular expression

2024-01-14 16:36:51 - [TEST_STEP][PASSED] - verifyTextPresent("Enter Email", true, CONTINUE_ON_FAILURE): Text 'Enter Email' is present on page  using regular expression

2024-01-14 16:36:51 - [MESSAGE][PASSED] - Text 'Enter Email' is present on page  using regular expression

2024-01-14 16:36:51 - [TEST_STEP][PASSED] - if (TaxType.equalsIgnoreCase("Estate Tax")): null

2024-01-14 16:36:51 - [TEST_STEP][PASSED] - resText = "Pass": null

2024-01-14 16:36:51 - [TEST_STEP][PASSED] - pages.WriteExcel.demoKey(resText, datText, resColumn, datCloumn, fileLoc, nameSheet, row): pages.WriteExcel.demoKey is PASSED

2024-01-14 16:36:51 - [MESSAGE][PASSED] - pages.WriteExcel.demoKey is PASSED

2024-01-14 16:36:51 - [TEST_STEP][PASSED] - ExecuteTC = findTestData(dataFile).getValue("Execute", row): null

2024-01-14 16:36:51 - [TEST_STEP][PASSED] - TaxType = findTestData(dataFile).getValue("TaxType", row): null

2024-01-14 16:36:51 - [TEST_STEP][PASSED] - PaymentType = findTestData(dataFile).getValue("PaymentType", row): null

2024-01-14 16:36:51 - [TEST_STEP][PASSED] - feinSsn = findTestData(dataFile).getValue("FEINSSN", row): null

2024-01-14 16:36:51 - [TEST_STEP][PASSED] - if (ExecuteTC.equalsIgnoreCase("Y")): pages.WriteExcel.demoKey is PASSED

2024-01-14 16:36:51 - [TEST_STEP][PASSED] - out.println("Begin Record Number: " + row): null

2024-01-14 16:36:51 - [TEST_STEP][PASSED] - today = new java.util.Date(): null

2024-01-14 16:36:51 - [TEST_STEP][PASSED] - println(today): null

2024-01-14 16:36:51 - [TEST_STEP][PASSED] - datText = today: null

2024-01-14 16:36:51 - [TEST_STEP][PASSED] - logInfo("Payment Type: Existing Liability w/Notice Number"): Payment Type: Existing Liability w/Notice Number

2024-01-14 16:36:51 - [MESSAGE][INFO] - Payment Type: Existing Liability w/Notice Number

2024-01-14 16:36:51 - [TEST_STEP][PASSED] - logInfo("Tax Type: " + TaxType): Tax Type: Corporate Income Tax

2024-01-14 16:36:51 - [MESSAGE][INFO] - Tax Type: Corporate Income Tax

2024-01-14 16:36:51 - [TEST_STEP][PASSED] - openBrowser(""): Browser is opened with url: ''

2024-01-14 16:36:51 - [MESSAGE][WARNING] - A browser is already opened. Closing browser and opening a new one

2024-01-14 16:36:52 - [MESSAGE][INFO] - Starting 'Chrome' driver

2024-01-14 16:36:52 - [MESSAGE][INFO] - User set preference: ['acceptInsecureCerts', 'true']

2024-01-14 16:36:52 - [MESSAGE][INFO] - Action delay is set to 0 milliseconds

2024-01-14 16:36:54 - [MESSAGE][PASSED] - Browser is opened with url: ''

2024-01-14 16:36:54 - [TEST_STEP][PASSED] - maximizeWindow(): Current window maximized

2024-01-14 16:36:54 - [MESSAGE][PASSED] - Current window maximized

2024-01-14 16:36:54 - [TEST_STEP][PASSED] - navigateToUrl(RADurl): Navigate to 'https://qa2.velocitypayment.com/client/rad/index.html' successfully

2024-01-14 16:36:55 - [MESSAGE][PASSED] - Navigate to 'https://qa2.velocitypayment.com/client/rad/index.html' successfully

2024-01-14 16:36:55 - [TEST_STEP][PASSED] - selectOptionByLabel(findTestObject(orPath_Landing + "/dd_TaxType"), "Existing Liability w/Notice Number", false): All options with label 'Existing Liability w/Notice Number' are selected in object 'Object Repository/RAD_Pages/Landing_Page/dd_TaxType' 

2024-01-14 16:36:56 - [MESSAGE][PASSED] - All options with label 'Existing Liability w/Notice Number' are selected in object 'Object Repository/RAD_Pages/Landing_Page/dd_TaxType' 

2024-01-14 16:36:56 - [TEST_STEP][PASSED] - selectOptionByLabel(findTestObject(orPath_TaxTypeFilingYear + "/select_TaxType_ExistingLiability"), TaxType, false): All options with label 'Corporate Income Tax' are selected in object 'Object Repository/RAD_Pages/TaxTypeFilingYear_Page/select_TaxType_ExistingLiability' 

2024-01-14 16:36:57 - [MESSAGE][PASSED] - All options with label 'Corporate Income Tax' are selected in object 'Object Repository/RAD_Pages/TaxTypeFilingYear_Page/select_TaxType_ExistingLiability' 

2024-01-14 16:36:57 - [TEST_STEP][PASSED] - setText(findTestObject(orPath_TaxPayer + "/input_businessName"), " "): Text ' ' is set on object 'Object Repository/RAD_Pages/Taxpayer_Page/input_businessName'

2024-01-14 16:36:58 - [MESSAGE][PASSED] - Text ' ' is set on object 'Object Repository/RAD_Pages/Taxpayer_Page/input_businessName'

2024-01-14 16:36:58 - [TEST_STEP][PASSED] - setText(findTestObject(orPath_TaxPayer + "/input_BusinessRepfirstName"), " "): Text ' ' is set on object 'Object Repository/RAD_Pages/Taxpayer_Page/input_BusinessRepfirstName'

2024-01-14 16:36:58 - [MESSAGE][PASSED] - Text ' ' is set on object 'Object Repository/RAD_Pages/Taxpayer_Page/input_BusinessRepfirstName'

2024-01-14 16:36:58 - [TEST_STEP][PASSED] - setText(findTestObject(orPath_TaxPayer + "/input_BusinessReplastName"), " "): Text ' ' is set on object 'Object Repository/RAD_Pages/Taxpayer_Page/input_BusinessReplastName'

2024-01-14 16:36:59 - [MESSAGE][PASSED] - Text ' ' is set on object 'Object Repository/RAD_Pages/Taxpayer_Page/input_BusinessReplastName'

2024-01-14 16:36:59 - [TEST_STEP][PASSED] - setText(findTestObject(orPath_AddressContact + "/input_streetAddress1"), " "): Text ' ' is set on object 'Object Repository/RAD_Pages/AddressAndContactInfo_Page/input_streetAddress1'

2024-01-14 16:37:00 - [MESSAGE][PASSED] - Text ' ' is set on object 'Object Repository/RAD_Pages/AddressAndContactInfo_Page/input_streetAddress1'

2024-01-14 16:37:00 - [TEST_STEP][PASSED] - setText(findTestObject(orPath_AddressContact + "/input_city"), " "): Text ' ' is set on object 'Object Repository/RAD_Pages/AddressAndContactInfo_Page/input_city'

2024-01-14 16:37:00 - [MESSAGE][PASSED] - Text ' ' is set on object 'Object Repository/RAD_Pages/AddressAndContactInfo_Page/input_city'

2024-01-14 16:37:00 - [TEST_STEP][PASSED] - setText(findTestObject(orPath_AddressContact + "/input_zipCode"), " "): Text ' ' is set on object 'Object Repository/RAD_Pages/AddressAndContactInfo_Page/input_zipCode'

2024-01-14 16:37:01 - [MESSAGE][PASSED] - Text ' ' is set on object 'Object Repository/RAD_Pages/AddressAndContactInfo_Page/input_zipCode'

2024-01-14 16:37:01 - [TEST_STEP][PASSED] - setText(findTestObject(orPath_AddressContact + "/input_phoneNumber"), " "): Text ' ' is set on object 'Object Repository/RAD_Pages/AddressAndContactInfo_Page/input_phoneNumber'

2024-01-14 16:37:02 - [MESSAGE][PASSED] - Text ' ' is set on object 'Object Repository/RAD_Pages/AddressAndContactInfo_Page/input_phoneNumber'

2024-01-14 16:37:02 - [TEST_STEP][PASSED] - setText(findTestObject(orPath_AddressContact + "/input_eMailAddress"), " "): Text ' ' is set on object 'Object Repository/RAD_Pages/AddressAndContactInfo_Page/input_eMailAddress'

2024-01-14 16:37:03 - [MESSAGE][PASSED] - Text ' ' is set on object 'Object Repository/RAD_Pages/AddressAndContactInfo_Page/input_eMailAddress'

2024-01-14 16:37:03 - [TEST_STEP][PASSED] - setText(findTestObject(orPath_AddressContact + "/input_reEnterEMailAddress"), " "): Text ' ' is set on object 'Object Repository/RAD_Pages/AddressAndContactInfo_Page/input_reEnterEMailAddress'

2024-01-14 16:37:03 - [MESSAGE][PASSED] - Text ' ' is set on object 'Object Repository/RAD_Pages/AddressAndContactInfo_Page/input_reEnterEMailAddress'

2024-01-14 16:37:03 - [TEST_STEP][PASSED] - if (TaxType.equalsIgnoreCase("Estate Tax")): null

2024-01-14 16:37:03 - [TEST_STEP][PASSED] - resText = "Fail": null

2024-01-14 16:37:03 - [TEST_STEP][PASSED] - pages.WriteExcel.demoKey(resText, datText, resColumn, datCloumn, fileLoc, nameSheet, row): pages.WriteExcel.demoKey is PASSED

2024-01-14 16:37:04 - [MESSAGE][PASSED] - pages.WriteExcel.demoKey is PASSED

2024-01-14 16:37:04 - [TEST_STEP][PASSED] - verifyTextPresent("Enter business name", true, CONTINUE_ON_FAILURE): Text 'Enter business name' is present on page  using regular expression

2024-01-14 16:37:04 - [MESSAGE][PASSED] - Text 'Enter business name' is present on page  using regular expression

2024-01-14 16:37:04 - [TEST_STEP][PASSED] - verifyTextPresent("Enter business rep first name", true, CONTINUE_ON_FAILURE): Text 'Enter business rep first name' is present on page  using regular expression

2024-01-14 16:37:04 - [MESSAGE][PASSED] - Text 'Enter business rep first name' is present on page  using regular expression

2024-01-14 16:37:04 - [TEST_STEP][PASSED] - verifyTextPresent("Enter business rep last name", true, CONTINUE_ON_FAILURE): Text 'Enter business rep last name' is present on page  using regular expression

2024-01-14 16:37:05 - [MESSAGE][PASSED] - Text 'Enter business rep last name' is present on page  using regular expression

2024-01-14 16:37:05 - [TEST_STEP][PASSED] - verifyTextPresent("Enter address", true, CONTINUE_ON_FAILURE): Text 'Enter address' is present on page  using regular expression

2024-01-14 16:37:05 - [MESSAGE][PASSED] - Text 'Enter address' is present on page  using regular expression

2024-01-14 16:37:05 - [TEST_STEP][PASSED] - verifyTextPresent("Enter city", true, CONTINUE_ON_FAILURE): Text 'Enter city' is present on page  using regular expression

2024-01-14 16:37:05 - [MESSAGE][PASSED] - Text 'Enter city' is present on page  using regular expression

2024-01-14 16:37:05 - [TEST_STEP][PASSED] - verifyTextPresent("Enter ZIP code", true, CONTINUE_ON_FAILURE): Text 'Enter ZIP code' is present on page  using regular expression

2024-01-14 16:37:06 - [MESSAGE][PASSED] - Text 'Enter ZIP code' is present on page  using regular expression

2024-01-14 16:37:06 - [TEST_STEP][PASSED] - verifyTextPresent("Enter a valid phone number", true, CONTINUE_ON_FAILURE): Text 'Enter a valid phone number' is present on page  using regular expression

2024-01-14 16:37:06 - [MESSAGE][PASSED] - Text 'Enter a valid phone number' is present on page  using regular expression

2024-01-14 16:37:06 - [TEST_STEP][PASSED] - verifyTextPresent("Enter Email", true, CONTINUE_ON_FAILURE): Text 'Enter Email' is present on page  using regular expression

2024-01-14 16:37:06 - [MESSAGE][PASSED] - Text 'Enter Email' is present on page  using regular expression

2024-01-14 16:37:06 - [TEST_STEP][PASSED] - if (TaxType.equalsIgnoreCase("Estate Tax")): null

2024-01-14 16:37:06 - [TEST_STEP][PASSED] - resText = "Pass": null

2024-01-14 16:37:06 - [TEST_STEP][PASSED] - pages.WriteExcel.demoKey(resText, datText, resColumn, datCloumn, fileLoc, nameSheet, row): pages.WriteExcel.demoKey is PASSED

2024-01-14 16:37:07 - [MESSAGE][PASSED] - pages.WriteExcel.demoKey is PASSED

2024-01-14 16:37:07 - [TEST_STEP][PASSED] - ExecuteTC = findTestData(dataFile).getValue("Execute", row): null

2024-01-14 16:37:07 - [TEST_STEP][PASSED] - TaxType = findTestData(dataFile).getValue("TaxType", row): null

2024-01-14 16:37:07 - [TEST_STEP][PASSED] - PaymentType = findTestData(dataFile).getValue("PaymentType", row): null

2024-01-14 16:37:07 - [TEST_STEP][PASSED] - feinSsn = findTestData(dataFile).getValue("FEINSSN", row): null

2024-01-14 16:37:07 - [TEST_STEP][PASSED] - if (ExecuteTC.equalsIgnoreCase("Y")): pages.WriteExcel.demoKey is PASSED

2024-01-14 16:37:07 - [TEST_STEP][PASSED] - out.println("Begin Record Number: " + row): null

2024-01-14 16:37:07 - [TEST_STEP][PASSED] - today = new java.util.Date(): null

2024-01-14 16:37:07 - [TEST_STEP][PASSED] - println(today): null

2024-01-14 16:37:07 - [TEST_STEP][PASSED] - datText = today: null

2024-01-14 16:37:07 - [TEST_STEP][PASSED] - logInfo("Payment Type: Existing Liability w/Notice Number"): Payment Type: Existing Liability w/Notice Number

2024-01-14 16:37:07 - [MESSAGE][INFO] - Payment Type: Existing Liability w/Notice Number

2024-01-14 16:37:07 - [TEST_STEP][PASSED] - logInfo("Tax Type: " + TaxType): Tax Type: Fiduciary Tax

2024-01-14 16:37:07 - [MESSAGE][INFO] - Tax Type: Fiduciary Tax

2024-01-14 16:37:07 - [TEST_STEP][PASSED] - openBrowser(""): Browser is opened with url: ''

2024-01-14 16:37:07 - [MESSAGE][WARNING] - A browser is already opened. Closing browser and opening a new one

2024-01-14 16:37:08 - [MESSAGE][INFO] - Starting 'Chrome' driver

2024-01-14 16:37:08 - [MESSAGE][INFO] - User set preference: ['acceptInsecureCerts', 'true']

2024-01-14 16:37:08 - [MESSAGE][INFO] - Action delay is set to 0 milliseconds

2024-01-14 16:37:09 - [MESSAGE][PASSED] - Browser is opened with url: ''

2024-01-14 16:37:09 - [TEST_STEP][PASSED] - maximizeWindow(): Current window maximized

2024-01-14 16:37:10 - [MESSAGE][PASSED] - Current window maximized

2024-01-14 16:37:10 - [TEST_STEP][PASSED] - navigateToUrl(RADurl): Navigate to 'https://qa2.velocitypayment.com/client/rad/index.html' successfully

2024-01-14 16:37:11 - [MESSAGE][PASSED] - Navigate to 'https://qa2.velocitypayment.com/client/rad/index.html' successfully

2024-01-14 16:37:11 - [TEST_STEP][PASSED] - selectOptionByLabel(findTestObject(orPath_Landing + "/dd_TaxType"), "Existing Liability w/Notice Number", false): All options with label 'Existing Liability w/Notice Number' are selected in object 'Object Repository/RAD_Pages/Landing_Page/dd_TaxType' 

2024-01-14 16:37:12 - [MESSAGE][PASSED] - All options with label 'Existing Liability w/Notice Number' are selected in object 'Object Repository/RAD_Pages/Landing_Page/dd_TaxType' 

2024-01-14 16:37:12 - [TEST_STEP][PASSED] - selectOptionByLabel(findTestObject(orPath_TaxTypeFilingYear + "/select_TaxType_ExistingLiability"), TaxType, false): All options with label 'Fiduciary Tax' are selected in object 'Object Repository/RAD_Pages/TaxTypeFilingYear_Page/select_TaxType_ExistingLiability' 

2024-01-14 16:37:12 - [MESSAGE][PASSED] - All options with label 'Fiduciary Tax' are selected in object 'Object Repository/RAD_Pages/TaxTypeFilingYear_Page/select_TaxType_ExistingLiability' 

2024-01-14 16:37:12 - [TEST_STEP][PASSED] - setText(findTestObject(orPath_TaxPayer + "/input_businessName"), " "): Text ' ' is set on object 'Object Repository/RAD_Pages/Taxpayer_Page/input_businessName'

2024-01-14 16:37:13 - [MESSAGE][PASSED] - Text ' ' is set on object 'Object Repository/RAD_Pages/Taxpayer_Page/input_businessName'

2024-01-14 16:37:13 - [TEST_STEP][PASSED] - setText(findTestObject(orPath_TaxPayer + "/input_BusinessRepfirstName"), " "): Text ' ' is set on object 'Object Repository/RAD_Pages/Taxpayer_Page/input_BusinessRepfirstName'

2024-01-14 16:37:14 - [MESSAGE][PASSED] - Text ' ' is set on object 'Object Repository/RAD_Pages/Taxpayer_Page/input_BusinessRepfirstName'

2024-01-14 16:37:14 - [TEST_STEP][PASSED] - setText(findTestObject(orPath_TaxPayer + "/input_BusinessReplastName"), " "): Text ' ' is set on object 'Object Repository/RAD_Pages/Taxpayer_Page/input_BusinessReplastName'

2024-01-14 16:37:15 - [MESSAGE][PASSED] - Text ' ' is set on object 'Object Repository/RAD_Pages/Taxpayer_Page/input_BusinessReplastName'

2024-01-14 16:37:15 - [TEST_STEP][PASSED] - setText(findTestObject(orPath_AddressContact + "/input_streetAddress1"), " "): Text ' ' is set on object 'Object Repository/RAD_Pages/AddressAndContactInfo_Page/input_streetAddress1'

2024-01-14 16:37:15 - [MESSAGE][PASSED] - Text ' ' is set on object 'Object Repository/RAD_Pages/AddressAndContactInfo_Page/input_streetAddress1'

2024-01-14 16:37:15 - [TEST_STEP][PASSED] - setText(findTestObject(orPath_AddressContact + "/input_city"), " "): Text ' ' is set on object 'Object Repository/RAD_Pages/AddressAndContactInfo_Page/input_city'

2024-01-14 16:37:16 - [MESSAGE][PASSED] - Text ' ' is set on object 'Object Repository/RAD_Pages/AddressAndContactInfo_Page/input_city'

2024-01-14 16:37:16 - [TEST_STEP][PASSED] - setText(findTestObject(orPath_AddressContact + "/input_zipCode"), " "): Text ' ' is set on object 'Object Repository/RAD_Pages/AddressAndContactInfo_Page/input_zipCode'

2024-01-14 16:37:17 - [MESSAGE][PASSED] - Text ' ' is set on object 'Object Repository/RAD_Pages/AddressAndContactInfo_Page/input_zipCode'

2024-01-14 16:37:17 - [TEST_STEP][PASSED] - setText(findTestObject(orPath_AddressContact + "/input_phoneNumber"), " "): Text ' ' is set on object 'Object Repository/RAD_Pages/AddressAndContactInfo_Page/input_phoneNumber'

2024-01-14 16:37:17 - [MESSAGE][PASSED] - Text ' ' is set on object 'Object Repository/RAD_Pages/AddressAndContactInfo_Page/input_phoneNumber'

2024-01-14 16:37:17 - [TEST_STEP][PASSED] - setText(findTestObject(orPath_AddressContact + "/input_eMailAddress"), " "): Text ' ' is set on object 'Object Repository/RAD_Pages/AddressAndContactInfo_Page/input_eMailAddress'

2024-01-14 16:37:18 - [MESSAGE][PASSED] - Text ' ' is set on object 'Object Repository/RAD_Pages/AddressAndContactInfo_Page/input_eMailAddress'

2024-01-14 16:37:18 - [TEST_STEP][PASSED] - setText(findTestObject(orPath_AddressContact + "/input_reEnterEMailAddress"), " "): Text ' ' is set on object 'Object Repository/RAD_Pages/AddressAndContactInfo_Page/input_reEnterEMailAddress'

2024-01-14 16:37:19 - [MESSAGE][PASSED] - Text ' ' is set on object 'Object Repository/RAD_Pages/AddressAndContactInfo_Page/input_reEnterEMailAddress'

2024-01-14 16:37:19 - [TEST_STEP][PASSED] - if (TaxType.equalsIgnoreCase("Estate Tax")): null

2024-01-14 16:37:19 - [TEST_STEP][PASSED] - resText = "Fail": null

2024-01-14 16:37:19 - [TEST_STEP][PASSED] - pages.WriteExcel.demoKey(resText, datText, resColumn, datCloumn, fileLoc, nameSheet, row): pages.WriteExcel.demoKey is PASSED

2024-01-14 16:37:19 - [MESSAGE][PASSED] - pages.WriteExcel.demoKey is PASSED

2024-01-14 16:37:19 - [TEST_STEP][PASSED] - verifyTextPresent("Enter business name", true, CONTINUE_ON_FAILURE): Text 'Enter business name' is present on page  using regular expression

2024-01-14 16:37:20 - [MESSAGE][PASSED] - Text 'Enter business name' is present on page  using regular expression

2024-01-14 16:37:20 - [TEST_STEP][PASSED] - verifyTextPresent("Enter business rep first name", true, CONTINUE_ON_FAILURE): Text 'Enter business rep first name' is present on page  using regular expression

2024-01-14 16:37:20 - [MESSAGE][PASSED] - Text 'Enter business rep first name' is present on page  using regular expression

2024-01-14 16:37:20 - [TEST_STEP][PASSED] - verifyTextPresent("Enter business rep last name", true, CONTINUE_ON_FAILURE): Text 'Enter business rep last name' is present on page  using regular expression

2024-01-14 16:37:20 - [MESSAGE][PASSED] - Text 'Enter business rep last name' is present on page  using regular expression

2024-01-14 16:37:20 - [TEST_STEP][PASSED] - verifyTextPresent("Enter address", true, CONTINUE_ON_FAILURE): Text 'Enter address' is present on page  using regular expression

2024-01-14 16:37:21 - [MESSAGE][PASSED] - Text 'Enter address' is present on page  using regular expression

2024-01-14 16:37:21 - [TEST_STEP][PASSED] - verifyTextPresent("Enter city", true, CONTINUE_ON_FAILURE): Text 'Enter city' is present on page  using regular expression

2024-01-14 16:37:21 - [MESSAGE][PASSED] - Text 'Enter city' is present on page  using regular expression

2024-01-14 16:37:21 - [TEST_STEP][PASSED] - verifyTextPresent("Enter ZIP code", true, CONTINUE_ON_FAILURE): Text 'Enter ZIP code' is present on page  using regular expression

2024-01-14 16:37:21 - [MESSAGE][PASSED] - Text 'Enter ZIP code' is present on page  using regular expression

2024-01-14 16:37:21 - [TEST_STEP][PASSED] - verifyTextPresent("Enter a valid phone number", true, CONTINUE_ON_FAILURE): Text 'Enter a valid phone number' is present on page  using regular expression

2024-01-14 16:37:22 - [MESSAGE][PASSED] - Text 'Enter a valid phone number' is present on page  using regular expression

2024-01-14 16:37:22 - [TEST_STEP][PASSED] - verifyTextPresent("Enter Email", true, CONTINUE_ON_FAILURE): Text 'Enter Email' is present on page  using regular expression

2024-01-14 16:37:22 - [MESSAGE][PASSED] - Text 'Enter Email' is present on page  using regular expression

2024-01-14 16:37:22 - [TEST_STEP][PASSED] - if (TaxType.equalsIgnoreCase("Estate Tax")): null

2024-01-14 16:37:22 - [TEST_STEP][PASSED] - resText = "Pass": null

2024-01-14 16:37:22 - [TEST_STEP][PASSED] - pages.WriteExcel.demoKey(resText, datText, resColumn, datCloumn, fileLoc, nameSheet, row): pages.WriteExcel.demoKey is PASSED

2024-01-14 16:37:22 - [MESSAGE][PASSED] - pages.WriteExcel.demoKey is PASSED

2024-01-14 16:37:22 - [TEST_STEP][PASSED] - ExecuteTC = findTestData(dataFile).getValue("Execute", row): null

2024-01-14 16:37:22 - [TEST_STEP][PASSED] - TaxType = findTestData(dataFile).getValue("TaxType", row): null

2024-01-14 16:37:22 - [TEST_STEP][PASSED] - PaymentType = findTestData(dataFile).getValue("PaymentType", row): null

2024-01-14 16:37:22 - [TEST_STEP][PASSED] - feinSsn = findTestData(dataFile).getValue("FEINSSN", row): null

2024-01-14 16:37:22 - [TEST_STEP][PASSED] - if (ExecuteTC.equalsIgnoreCase("Y")): pages.WriteExcel.demoKey is PASSED

2024-01-14 16:37:22 - [TEST_STEP][PASSED] - out.println("Begin Record Number: " + row): null

2024-01-14 16:37:22 - [TEST_STEP][PASSED] - today = new java.util.Date(): null

2024-01-14 16:37:22 - [TEST_STEP][PASSED] - println(today): null

2024-01-14 16:37:22 - [TEST_STEP][PASSED] - datText = today: null

2024-01-14 16:37:22 - [TEST_STEP][PASSED] - logInfo("Payment Type: Existing Liability w/Notice Number"): Payment Type: Existing Liability w/Notice Number

2024-01-14 16:37:22 - [MESSAGE][INFO] - Payment Type: Existing Liability w/Notice Number

2024-01-14 16:37:22 - [TEST_STEP][PASSED] - logInfo("Tax Type: " + TaxType): Tax Type: PTE Non-Electing Non-S Corp

2024-01-14 16:37:22 - [MESSAGE][INFO] - Tax Type: PTE Non-Electing Non-S Corp

2024-01-14 16:37:22 - [TEST_STEP][PASSED] - openBrowser(""): Browser is opened with url: ''

2024-01-14 16:37:22 - [MESSAGE][WARNING] - A browser is already opened. Closing browser and opening a new one

2024-01-14 16:37:23 - [MESSAGE][INFO] - Starting 'Chrome' driver

2024-01-14 16:37:23 - [MESSAGE][INFO] - User set preference: ['acceptInsecureCerts', 'true']

2024-01-14 16:37:23 - [MESSAGE][INFO] - Action delay is set to 0 milliseconds

2024-01-14 16:37:25 - [MESSAGE][PASSED] - Browser is opened with url: ''

2024-01-14 16:37:25 - [TEST_STEP][PASSED] - maximizeWindow(): Current window maximized

2024-01-14 16:37:25 - [MESSAGE][PASSED] - Current window maximized

2024-01-14 16:37:25 - [TEST_STEP][PASSED] - navigateToUrl(RADurl): Navigate to 'https://qa2.velocitypayment.com/client/rad/index.html' successfully

2024-01-14 16:37:27 - [MESSAGE][PASSED] - Navigate to 'https://qa2.velocitypayment.com/client/rad/index.html' successfully

2024-01-14 16:37:27 - [TEST_STEP][PASSED] - selectOptionByLabel(findTestObject(orPath_Landing + "/dd_TaxType"), "Existing Liability w/Notice Number", false): All options with label 'Existing Liability w/Notice Number' are selected in object 'Object Repository/RAD_Pages/Landing_Page/dd_TaxType' 

2024-01-14 16:37:27 - [MESSAGE][PASSED] - All options with label 'Existing Liability w/Notice Number' are selected in object 'Object Repository/RAD_Pages/Landing_Page/dd_TaxType' 

2024-01-14 16:37:27 - [TEST_STEP][PASSED] - selectOptionByLabel(findTestObject(orPath_TaxTypeFilingYear + "/select_TaxType_ExistingLiability"), TaxType, false): All options with label 'PTE Non-Electing Non-S Corp' are selected in object 'Object Repository/RAD_Pages/TaxTypeFilingYear_Page/select_TaxType_ExistingLiability' 

2024-01-14 16:37:28 - [MESSAGE][PASSED] - All options with label 'PTE Non-Electing Non-S Corp' are selected in object 'Object Repository/RAD_Pages/TaxTypeFilingYear_Page/select_TaxType_ExistingLiability' 

2024-01-14 16:37:28 - [TEST_STEP][PASSED] - setText(findTestObject(orPath_TaxPayer + "/input_businessName"), " "): Text ' ' is set on object 'Object Repository/RAD_Pages/Taxpayer_Page/input_businessName'

2024-01-14 16:37:29 - [MESSAGE][PASSED] - Text ' ' is set on object 'Object Repository/RAD_Pages/Taxpayer_Page/input_businessName'

2024-01-14 16:37:29 - [TEST_STEP][PASSED] - setText(findTestObject(orPath_TaxPayer + "/input_BusinessRepfirstName"), " "): Text ' ' is set on object 'Object Repository/RAD_Pages/Taxpayer_Page/input_BusinessRepfirstName'

2024-01-14 16:37:30 - [MESSAGE][PASSED] - Text ' ' is set on object 'Object Repository/RAD_Pages/Taxpayer_Page/input_BusinessRepfirstName'

2024-01-14 16:37:30 - [TEST_STEP][PASSED] - setText(findTestObject(orPath_TaxPayer + "/input_BusinessReplastName"), " "): Text ' ' is set on object 'Object Repository/RAD_Pages/Taxpayer_Page/input_BusinessReplastName'

2024-01-14 16:37:30 - [MESSAGE][PASSED] - Text ' ' is set on object 'Object Repository/RAD_Pages/Taxpayer_Page/input_BusinessReplastName'

2024-01-14 16:37:30 - [TEST_STEP][PASSED] - setText(findTestObject(orPath_AddressContact + "/input_streetAddress1"), " "): Text ' ' is set on object 'Object Repository/RAD_Pages/AddressAndContactInfo_Page/input_streetAddress1'

2024-01-14 16:37:31 - [MESSAGE][PASSED] - Text ' ' is set on object 'Object Repository/RAD_Pages/AddressAndContactInfo_Page/input_streetAddress1'

2024-01-14 16:37:31 - [TEST_STEP][PASSED] - setText(findTestObject(orPath_AddressContact + "/input_city"), " "): Text ' ' is set on object 'Object Repository/RAD_Pages/AddressAndContactInfo_Page/input_city'

2024-01-14 16:37:32 - [MESSAGE][PASSED] - Text ' ' is set on object 'Object Repository/RAD_Pages/AddressAndContactInfo_Page/input_city'

2024-01-14 16:37:32 - [TEST_STEP][PASSED] - setText(findTestObject(orPath_AddressContact + "/input_zipCode"), " "): Text ' ' is set on object 'Object Repository/RAD_Pages/AddressAndContactInfo_Page/input_zipCode'

2024-01-14 16:37:32 - [MESSAGE][PASSED] - Text ' ' is set on object 'Object Repository/RAD_Pages/AddressAndContactInfo_Page/input_zipCode'

2024-01-14 16:37:32 - [TEST_STEP][PASSED] - setText(findTestObject(orPath_AddressContact + "/input_phoneNumber"), " "): Text ' ' is set on object 'Object Repository/RAD_Pages/AddressAndContactInfo_Page/input_phoneNumber'

2024-01-14 16:37:33 - [MESSAGE][PASSED] - Text ' ' is set on object 'Object Repository/RAD_Pages/AddressAndContactInfo_Page/input_phoneNumber'

2024-01-14 16:37:33 - [TEST_STEP][PASSED] - setText(findTestObject(orPath_AddressContact + "/input_eMailAddress"), " "): Text ' ' is set on object 'Object Repository/RAD_Pages/AddressAndContactInfo_Page/input_eMailAddress'

2024-01-14 16:37:34 - [MESSAGE][PASSED] - Text ' ' is set on object 'Object Repository/RAD_Pages/AddressAndContactInfo_Page/input_eMailAddress'

2024-01-14 16:37:34 - [TEST_STEP][PASSED] - setText(findTestObject(orPath_AddressContact + "/input_reEnterEMailAddress"), " "): Text ' ' is set on object 'Object Repository/RAD_Pages/AddressAndContactInfo_Page/input_reEnterEMailAddress'

2024-01-14 16:37:35 - [MESSAGE][PASSED] - Text ' ' is set on object 'Object Repository/RAD_Pages/AddressAndContactInfo_Page/input_reEnterEMailAddress'

2024-01-14 16:37:35 - [TEST_STEP][PASSED] - if (TaxType.equalsIgnoreCase("Estate Tax")): null

2024-01-14 16:37:35 - [TEST_STEP][PASSED] - resText = "Fail": null

2024-01-14 16:37:35 - [TEST_STEP][PASSED] - pages.WriteExcel.demoKey(resText, datText, resColumn, datCloumn, fileLoc, nameSheet, row): pages.WriteExcel.demoKey is PASSED

2024-01-14 16:37:35 - [MESSAGE][PASSED] - pages.WriteExcel.demoKey is PASSED

2024-01-14 16:37:35 - [TEST_STEP][PASSED] - verifyTextPresent("Enter business name", true, CONTINUE_ON_FAILURE): Text 'Enter business name' is present on page  using regular expression

2024-01-14 16:37:35 - [MESSAGE][PASSED] - Text 'Enter business name' is present on page  using regular expression

2024-01-14 16:37:35 - [TEST_STEP][PASSED] - verifyTextPresent("Enter business rep first name", true, CONTINUE_ON_FAILURE): Text 'Enter business rep first name' is present on page  using regular expression

2024-01-14 16:37:36 - [MESSAGE][PASSED] - Text 'Enter business rep first name' is present on page  using regular expression

2024-01-14 16:37:36 - [TEST_STEP][PASSED] - verifyTextPresent("Enter business rep last name", true, CONTINUE_ON_FAILURE): Text 'Enter business rep last name' is present on page  using regular expression

2024-01-14 16:37:36 - [MESSAGE][PASSED] - Text 'Enter business rep last name' is present on page  using regular expression

2024-01-14 16:37:36 - [TEST_STEP][PASSED] - verifyTextPresent("Enter address", true, CONTINUE_ON_FAILURE): Text 'Enter address' is present on page  using regular expression

2024-01-14 16:37:37 - [MESSAGE][PASSED] - Text 'Enter address' is present on page  using regular expression

2024-01-14 16:37:37 - [TEST_STEP][PASSED] - verifyTextPresent("Enter city", true, CONTINUE_ON_FAILURE): Text 'Enter city' is present on page  using regular expression

2024-01-14 16:37:37 - [MESSAGE][PASSED] - Text 'Enter city' is present on page  using regular expression

2024-01-14 16:37:37 - [TEST_STEP][PASSED] - verifyTextPresent("Enter ZIP code", true, CONTINUE_ON_FAILURE): Text 'Enter ZIP code' is present on page  using regular expression

2024-01-14 16:37:37 - [MESSAGE][PASSED] - Text 'Enter ZIP code' is present on page  using regular expression

2024-01-14 16:37:37 - [TEST_STEP][PASSED] - verifyTextPresent("Enter a valid phone number", true, CONTINUE_ON_FAILURE): Text 'Enter a valid phone number' is present on page  using regular expression

2024-01-14 16:37:38 - [MESSAGE][PASSED] - Text 'Enter a valid phone number' is present on page  using regular expression

2024-01-14 16:37:38 - [TEST_STEP][PASSED] - verifyTextPresent("Enter Email", true, CONTINUE_ON_FAILURE): Text 'Enter Email' is present on page  using regular expression

2024-01-14 16:37:38 - [MESSAGE][PASSED] - Text 'Enter Email' is present on page  using regular expression

2024-01-14 16:37:38 - [TEST_STEP][PASSED] - if (TaxType.equalsIgnoreCase("Estate Tax")): null

2024-01-14 16:37:38 - [TEST_STEP][PASSED] - resText = "Pass": null

2024-01-14 16:37:38 - [TEST_STEP][PASSED] - pages.WriteExcel.demoKey(resText, datText, resColumn, datCloumn, fileLoc, nameSheet, row): pages.WriteExcel.demoKey is PASSED

2024-01-14 16:37:38 - [MESSAGE][PASSED] - pages.WriteExcel.demoKey is PASSED

2024-01-14 16:37:38 - [TEST_STEP][PASSED] - ExecuteTC = findTestData(dataFile).getValue("Execute", row): null

2024-01-14 16:37:38 - [TEST_STEP][PASSED] - TaxType = findTestData(dataFile).getValue("TaxType", row): null

2024-01-14 16:37:38 - [TEST_STEP][PASSED] - PaymentType = findTestData(dataFile).getValue("PaymentType", row): null

2024-01-14 16:37:38 - [TEST_STEP][PASSED] - feinSsn = findTestData(dataFile).getValue("FEINSSN", row): null

2024-01-14 16:37:38 - [TEST_STEP][PASSED] - if (ExecuteTC.equalsIgnoreCase("Y")): pages.WriteExcel.demoKey is PASSED

2024-01-14 16:37:38 - [TEST_STEP][PASSED] - out.println("Begin Record Number: " + row): null

2024-01-14 16:37:38 - [TEST_STEP][PASSED] - today = new java.util.Date(): null

2024-01-14 16:37:38 - [TEST_STEP][PASSED] - println(today): null

2024-01-14 16:37:38 - [TEST_STEP][PASSED] - datText = today: null

2024-01-14 16:37:38 - [TEST_STEP][PASSED] - logInfo("Payment Type: Existing Liability w/Notice Number"): Payment Type: Existing Liability w/Notice Number

2024-01-14 16:37:38 - [MESSAGE][INFO] - Payment Type: Existing Liability w/Notice Number

2024-01-14 16:37:38 - [TEST_STEP][PASSED] - logInfo("Tax Type: " + TaxType): Tax Type: PTE Non-Electing S Corp

2024-01-14 16:37:38 - [MESSAGE][INFO] - Tax Type: PTE Non-Electing S Corp

2024-01-14 16:37:38 - [TEST_STEP][PASSED] - openBrowser(""): Browser is opened with url: ''

2024-01-14 16:37:38 - [MESSAGE][WARNING] - A browser is already opened. Closing browser and opening a new one

2024-01-14 16:37:39 - [MESSAGE][INFO] - Starting 'Chrome' driver

2024-01-14 16:37:39 - [MESSAGE][INFO] - User set preference: ['acceptInsecureCerts', 'true']

2024-01-14 16:37:39 - [MESSAGE][INFO] - Action delay is set to 0 milliseconds

2024-01-14 16:37:41 - [MESSAGE][PASSED] - Browser is opened with url: ''

2024-01-14 16:37:41 - [TEST_STEP][PASSED] - maximizeWindow(): Current window maximized

2024-01-14 16:37:41 - [MESSAGE][PASSED] - Current window maximized

2024-01-14 16:37:41 - [TEST_STEP][PASSED] - navigateToUrl(RADurl): Navigate to 'https://qa2.velocitypayment.com/client/rad/index.html' successfully

2024-01-14 16:37:41 - [MESSAGE][PASSED] - Navigate to 'https://qa2.velocitypayment.com/client/rad/index.html' successfully

2024-01-14 16:37:41 - [TEST_STEP][PASSED] - selectOptionByLabel(findTestObject(orPath_Landing + "/dd_TaxType"), "Existing Liability w/Notice Number", false): All options with label 'Existing Liability w/Notice Number' are selected in object 'Object Repository/RAD_Pages/Landing_Page/dd_TaxType' 

2024-01-14 16:37:43 - [MESSAGE][PASSED] - All options with label 'Existing Liability w/Notice Number' are selected in object 'Object Repository/RAD_Pages/Landing_Page/dd_TaxType' 

2024-01-14 16:37:43 - [TEST_STEP][PASSED] - selectOptionByLabel(findTestObject(orPath_TaxTypeFilingYear + "/select_TaxType_ExistingLiability"), TaxType, false): All options with label 'PTE Non-Electing S Corp' are selected in object 'Object Repository/RAD_Pages/TaxTypeFilingYear_Page/select_TaxType_ExistingLiability' 

2024-01-14 16:37:44 - [MESSAGE][PASSED] - All options with label 'PTE Non-Electing S Corp' are selected in object 'Object Repository/RAD_Pages/TaxTypeFilingYear_Page/select_TaxType_ExistingLiability' 

2024-01-14 16:37:44 - [TEST_STEP][PASSED] - setText(findTestObject(orPath_TaxPayer + "/input_businessName"), " "): Text ' ' is set on object 'Object Repository/RAD_Pages/Taxpayer_Page/input_businessName'

2024-01-14 16:37:45 - [MESSAGE][PASSED] - Text ' ' is set on object 'Object Repository/RAD_Pages/Taxpayer_Page/input_businessName'

2024-01-14 16:37:45 - [TEST_STEP][PASSED] - setText(findTestObject(orPath_TaxPayer + "/input_BusinessRepfirstName"), " "): Text ' ' is set on object 'Object Repository/RAD_Pages/Taxpayer_Page/input_BusinessRepfirstName'

2024-01-14 16:37:46 - [MESSAGE][PASSED] - Text ' ' is set on object 'Object Repository/RAD_Pages/Taxpayer_Page/input_BusinessRepfirstName'

2024-01-14 16:37:46 - [TEST_STEP][PASSED] - setText(findTestObject(orPath_TaxPayer + "/input_BusinessReplastName"), " "): Text ' ' is set on object 'Object Repository/RAD_Pages/Taxpayer_Page/input_BusinessReplastName'

2024-01-14 16:37:46 - [MESSAGE][PASSED] - Text ' ' is set on object 'Object Repository/RAD_Pages/Taxpayer_Page/input_BusinessReplastName'

2024-01-14 16:37:46 - [TEST_STEP][PASSED] - setText(findTestObject(orPath_AddressContact + "/input_streetAddress1"), " "): Text ' ' is set on object 'Object Repository/RAD_Pages/AddressAndContactInfo_Page/input_streetAddress1'

2024-01-14 16:37:47 - [MESSAGE][PASSED] - Text ' ' is set on object 'Object Repository/RAD_Pages/AddressAndContactInfo_Page/input_streetAddress1'

2024-01-14 16:37:47 - [TEST_STEP][PASSED] - setText(findTestObject(orPath_AddressContact + "/input_city"), " "): Text ' ' is set on object 'Object Repository/RAD_Pages/AddressAndContactInfo_Page/input_city'

2024-01-14 16:37:48 - [MESSAGE][PASSED] - Text ' ' is set on object 'Object Repository/RAD_Pages/AddressAndContactInfo_Page/input_city'

2024-01-14 16:37:48 - [TEST_STEP][PASSED] - setText(findTestObject(orPath_AddressContact + "/input_zipCode"), " "): Text ' ' is set on object 'Object Repository/RAD_Pages/AddressAndContactInfo_Page/input_zipCode'

2024-01-14 16:37:48 - [MESSAGE][PASSED] - Text ' ' is set on object 'Object Repository/RAD_Pages/AddressAndContactInfo_Page/input_zipCode'

2024-01-14 16:37:48 - [TEST_STEP][PASSED] - setText(findTestObject(orPath_AddressContact + "/input_phoneNumber"), " "): Text ' ' is set on object 'Object Repository/RAD_Pages/AddressAndContactInfo_Page/input_phoneNumber'

2024-01-14 16:37:49 - [MESSAGE][PASSED] - Text ' ' is set on object 'Object Repository/RAD_Pages/AddressAndContactInfo_Page/input_phoneNumber'

2024-01-14 16:37:49 - [TEST_STEP][PASSED] - setText(findTestObject(orPath_AddressContact + "/input_eMailAddress"), " "): Text ' ' is set on object 'Object Repository/RAD_Pages/AddressAndContactInfo_Page/input_eMailAddress'

2024-01-14 16:37:50 - [MESSAGE][PASSED] - Text ' ' is set on object 'Object Repository/RAD_Pages/AddressAndContactInfo_Page/input_eMailAddress'

2024-01-14 16:37:50 - [TEST_STEP][PASSED] - setText(findTestObject(orPath_AddressContact + "/input_reEnterEMailAddress"), " "): Text ' ' is set on object 'Object Repository/RAD_Pages/AddressAndContactInfo_Page/input_reEnterEMailAddress'

2024-01-14 16:37:51 - [MESSAGE][PASSED] - Text ' ' is set on object 'Object Repository/RAD_Pages/AddressAndContactInfo_Page/input_reEnterEMailAddress'

2024-01-14 16:37:51 - [TEST_STEP][PASSED] - if (TaxType.equalsIgnoreCase("Estate Tax")): null

2024-01-14 16:37:51 - [TEST_STEP][PASSED] - resText = "Fail": null

2024-01-14 16:37:51 - [TEST_STEP][PASSED] - pages.WriteExcel.demoKey(resText, datText, resColumn, datCloumn, fileLoc, nameSheet, row): pages.WriteExcel.demoKey is PASSED

2024-01-14 16:37:51 - [MESSAGE][PASSED] - pages.WriteExcel.demoKey is PASSED

2024-01-14 16:37:51 - [TEST_STEP][PASSED] - verifyTextPresent("Enter business name", true, CONTINUE_ON_FAILURE): Text 'Enter business name' is present on page  using regular expression

2024-01-14 16:37:51 - [MESSAGE][PASSED] - Text 'Enter business name' is present on page  using regular expression

2024-01-14 16:37:51 - [TEST_STEP][PASSED] - verifyTextPresent("Enter business rep first name", true, CONTINUE_ON_FAILURE): Text 'Enter business rep first name' is present on page  using regular expression

2024-01-14 16:37:52 - [MESSAGE][PASSED] - Text 'Enter business rep first name' is present on page  using regular expression

2024-01-14 16:37:52 - [TEST_STEP][PASSED] - verifyTextPresent("Enter business rep last name", true, CONTINUE_ON_FAILURE): Text 'Enter business rep last name' is present on page  using regular expression

2024-01-14 16:37:52 - [MESSAGE][PASSED] - Text 'Enter business rep last name' is present on page  using regular expression

2024-01-14 16:37:52 - [TEST_STEP][PASSED] - verifyTextPresent("Enter address", true, CONTINUE_ON_FAILURE): Text 'Enter address' is present on page  using regular expression

2024-01-14 16:37:52 - [MESSAGE][PASSED] - Text 'Enter address' is present on page  using regular expression

2024-01-14 16:37:52 - [TEST_STEP][PASSED] - verifyTextPresent("Enter city", true, CONTINUE_ON_FAILURE): Text 'Enter city' is present on page  using regular expression

2024-01-14 16:37:53 - [MESSAGE][PASSED] - Text 'Enter city' is present on page  using regular expression

2024-01-14 16:37:53 - [TEST_STEP][PASSED] - verifyTextPresent("Enter ZIP code", true, CONTINUE_ON_FAILURE): Text 'Enter ZIP code' is present on page  using regular expression

2024-01-14 16:37:53 - [MESSAGE][PASSED] - Text 'Enter ZIP code' is present on page  using regular expression

2024-01-14 16:37:53 - [TEST_STEP][PASSED] - verifyTextPresent("Enter a valid phone number", true, CONTINUE_ON_FAILURE): Text 'Enter a valid phone number' is present on page  using regular expression

2024-01-14 16:37:53 - [MESSAGE][PASSED] - Text 'Enter a valid phone number' is present on page  using regular expression

2024-01-14 16:37:53 - [TEST_STEP][PASSED] - verifyTextPresent("Enter Email", true, CONTINUE_ON_FAILURE): Text 'Enter Email' is present on page  using regular expression

2024-01-14 16:37:54 - [MESSAGE][PASSED] - Text 'Enter Email' is present on page  using regular expression

2024-01-14 16:37:54 - [TEST_STEP][PASSED] - if (TaxType.equalsIgnoreCase("Estate Tax")): null

2024-01-14 16:37:54 - [TEST_STEP][PASSED] - resText = "Pass": null

2024-01-14 16:37:54 - [TEST_STEP][PASSED] - pages.WriteExcel.demoKey(resText, datText, resColumn, datCloumn, fileLoc, nameSheet, row): pages.WriteExcel.demoKey is PASSED

2024-01-14 16:37:54 - [MESSAGE][PASSED] - pages.WriteExcel.demoKey is PASSED

2024-01-14 16:37:54 - [TEST_STEP][PASSED] - ExecuteTC = findTestData(dataFile).getValue("Execute", row): null

2024-01-14 16:37:54 - [TEST_STEP][PASSED] - TaxType = findTestData(dataFile).getValue("TaxType", row): null

2024-01-14 16:37:54 - [TEST_STEP][PASSED] - PaymentType = findTestData(dataFile).getValue("PaymentType", row): null

2024-01-14 16:37:54 - [TEST_STEP][PASSED] - feinSsn = findTestData(dataFile).getValue("FEINSSN", row): null

2024-01-14 16:37:54 - [TEST_STEP][PASSED] - if (ExecuteTC.equalsIgnoreCase("Y")): pages.WriteExcel.demoKey is PASSED

2024-01-14 16:37:54 - [TEST_STEP][PASSED] - out.println("Begin Record Number: " + row): null

2024-01-14 16:37:54 - [TEST_STEP][PASSED] - today = new java.util.Date(): null

2024-01-14 16:37:54 - [TEST_STEP][PASSED] - println(today): null

2024-01-14 16:37:54 - [TEST_STEP][PASSED] - datText = today: null

2024-01-14 16:37:54 - [TEST_STEP][PASSED] - logInfo("Payment Type: Existing Liability w/Notice Number"): Payment Type: Existing Liability w/Notice Number

2024-01-14 16:37:54 - [MESSAGE][INFO] - Payment Type: Existing Liability w/Notice Number

2024-01-14 16:37:54 - [TEST_STEP][PASSED] - logInfo("Tax Type: " + TaxType): Tax Type: Sales & Use Tax

2024-01-14 16:37:54 - [MESSAGE][INFO] - Tax Type: Sales & Use Tax

2024-01-14 16:37:54 - [TEST_STEP][PASSED] - openBrowser(""): Browser is opened with url: ''

2024-01-14 16:37:54 - [MESSAGE][WARNING] - A browser is already opened. Closing browser and opening a new one

2024-01-14 16:37:55 - [MESSAGE][INFO] - Starting 'Chrome' driver

2024-01-14 16:37:55 - [MESSAGE][INFO] - User set preference: ['acceptInsecureCerts', 'true']

2024-01-14 16:37:55 - [MESSAGE][INFO] - Action delay is set to 0 milliseconds

2024-01-14 16:37:57 - [MESSAGE][PASSED] - Browser is opened with url: ''

2024-01-14 16:37:57 - [TEST_STEP][PASSED] - maximizeWindow(): Current window maximized

2024-01-14 16:37:57 - [MESSAGE][PASSED] - Current window maximized

2024-01-14 16:37:57 - [TEST_STEP][PASSED] - navigateToUrl(RADurl): Navigate to 'https://qa2.velocitypayment.com/client/rad/index.html' successfully

2024-01-14 16:37:57 - [MESSAGE][PASSED] - Navigate to 'https://qa2.velocitypayment.com/client/rad/index.html' successfully

2024-01-14 16:37:57 - [TEST_STEP][PASSED] - selectOptionByLabel(findTestObject(orPath_Landing + "/dd_TaxType"), "Existing Liability w/Notice Number", false): All options with label 'Existing Liability w/Notice Number' are selected in object 'Object Repository/RAD_Pages/Landing_Page/dd_TaxType' 

2024-01-14 16:37:59 - [MESSAGE][PASSED] - All options with label 'Existing Liability w/Notice Number' are selected in object 'Object Repository/RAD_Pages/Landing_Page/dd_TaxType' 

2024-01-14 16:37:59 - [TEST_STEP][PASSED] - selectOptionByLabel(findTestObject(orPath_TaxTypeFilingYear + "/select_TaxType_ExistingLiability"), TaxType, false): All options with label 'Sales & Use Tax' are selected in object 'Object Repository/RAD_Pages/TaxTypeFilingYear_Page/select_TaxType_ExistingLiability' 

2024-01-14 16:38:00 - [MESSAGE][PASSED] - All options with label 'Sales & Use Tax' are selected in object 'Object Repository/RAD_Pages/TaxTypeFilingYear_Page/select_TaxType_ExistingLiability' 

2024-01-14 16:38:00 - [TEST_STEP][PASSED] - setText(findTestObject(orPath_TaxPayer + "/input_businessName"), " "): Text ' ' is set on object 'Object Repository/RAD_Pages/Taxpayer_Page/input_businessName'

2024-01-14 16:38:01 - [MESSAGE][PASSED] - Text ' ' is set on object 'Object Repository/RAD_Pages/Taxpayer_Page/input_businessName'

2024-01-14 16:38:01 - [TEST_STEP][PASSED] - setText(findTestObject(orPath_TaxPayer + "/input_BusinessRepfirstName"), " "): Text ' ' is set on object 'Object Repository/RAD_Pages/Taxpayer_Page/input_BusinessRepfirstName'

2024-01-14 16:38:01 - [MESSAGE][PASSED] - Text ' ' is set on object 'Object Repository/RAD_Pages/Taxpayer_Page/input_BusinessRepfirstName'

2024-01-14 16:38:01 - [TEST_STEP][PASSED] - setText(findTestObject(orPath_TaxPayer + "/input_BusinessReplastName"), " "): Text ' ' is set on object 'Object Repository/RAD_Pages/Taxpayer_Page/input_BusinessReplastName'

2024-01-14 16:38:02 - [MESSAGE][PASSED] - Text ' ' is set on object 'Object Repository/RAD_Pages/Taxpayer_Page/input_BusinessReplastName'

2024-01-14 16:38:02 - [TEST_STEP][PASSED] - setText(findTestObject(orPath_AddressContact + "/input_streetAddress1"), " "): Text ' ' is set on object 'Object Repository/RAD_Pages/AddressAndContactInfo_Page/input_streetAddress1'

2024-01-14 16:38:03 - [MESSAGE][PASSED] - Text ' ' is set on object 'Object Repository/RAD_Pages/AddressAndContactInfo_Page/input_streetAddress1'

2024-01-14 16:38:03 - [TEST_STEP][PASSED] - setText(findTestObject(orPath_AddressContact + "/input_city"), " "): Text ' ' is set on object 'Object Repository/RAD_Pages/AddressAndContactInfo_Page/input_city'

2024-01-14 16:38:03 - [MESSAGE][PASSED] - Text ' ' is set on object 'Object Repository/RAD_Pages/AddressAndContactInfo_Page/input_city'

2024-01-14 16:38:03 - [TEST_STEP][PASSED] - setText(findTestObject(orPath_AddressContact + "/input_zipCode"), " "): Text ' ' is set on object 'Object Repository/RAD_Pages/AddressAndContactInfo_Page/input_zipCode'

2024-01-14 16:38:04 - [MESSAGE][PASSED] - Text ' ' is set on object 'Object Repository/RAD_Pages/AddressAndContactInfo_Page/input_zipCode'

2024-01-14 16:38:04 - [TEST_STEP][PASSED] - setText(findTestObject(orPath_AddressContact + "/input_phoneNumber"), " "): Text ' ' is set on object 'Object Repository/RAD_Pages/AddressAndContactInfo_Page/input_phoneNumber'

2024-01-14 16:38:05 - [MESSAGE][PASSED] - Text ' ' is set on object 'Object Repository/RAD_Pages/AddressAndContactInfo_Page/input_phoneNumber'

2024-01-14 16:38:05 - [TEST_STEP][PASSED] - setText(findTestObject(orPath_AddressContact + "/input_eMailAddress"), " "): Text ' ' is set on object 'Object Repository/RAD_Pages/AddressAndContactInfo_Page/input_eMailAddress'

2024-01-14 16:38:06 - [MESSAGE][PASSED] - Text ' ' is set on object 'Object Repository/RAD_Pages/AddressAndContactInfo_Page/input_eMailAddress'

2024-01-14 16:38:06 - [TEST_STEP][PASSED] - setText(findTestObject(orPath_AddressContact + "/input_reEnterEMailAddress"), " "): Text ' ' is set on object 'Object Repository/RAD_Pages/AddressAndContactInfo_Page/input_reEnterEMailAddress'

2024-01-14 16:38:06 - [MESSAGE][PASSED] - Text ' ' is set on object 'Object Repository/RAD_Pages/AddressAndContactInfo_Page/input_reEnterEMailAddress'

2024-01-14 16:38:06 - [TEST_STEP][PASSED] - if (TaxType.equalsIgnoreCase("Estate Tax")): null

2024-01-14 16:38:06 - [TEST_STEP][PASSED] - resText = "Fail": null

2024-01-14 16:38:06 - [TEST_STEP][PASSED] - pages.WriteExcel.demoKey(resText, datText, resColumn, datCloumn, fileLoc, nameSheet, row): pages.WriteExcel.demoKey is PASSED

2024-01-14 16:38:07 - [MESSAGE][PASSED] - pages.WriteExcel.demoKey is PASSED

2024-01-14 16:38:07 - [TEST_STEP][PASSED] - verifyTextPresent("Enter business name", true, CONTINUE_ON_FAILURE): Text 'Enter business name' is present on page  using regular expression

2024-01-14 16:38:07 - [MESSAGE][PASSED] - Text 'Enter business name' is present on page  using regular expression

2024-01-14 16:38:07 - [TEST_STEP][PASSED] - verifyTextPresent("Enter business rep first name", true, CONTINUE_ON_FAILURE): Text 'Enter business rep first name' is present on page  using regular expression

2024-01-14 16:38:07 - [MESSAGE][PASSED] - Text 'Enter business rep first name' is present on page  using regular expression

2024-01-14 16:38:07 - [TEST_STEP][PASSED] - verifyTextPresent("Enter business rep last name", true, CONTINUE_ON_FAILURE): Text 'Enter business rep last name' is present on page  using regular expression

2024-01-14 16:38:08 - [MESSAGE][PASSED] - Text 'Enter business rep last name' is present on page  using regular expression

2024-01-14 16:38:08 - [TEST_STEP][PASSED] - verifyTextPresent("Enter address", true, CONTINUE_ON_FAILURE): Text 'Enter address' is present on page  using regular expression

2024-01-14 16:38:08 - [MESSAGE][PASSED] - Text 'Enter address' is present on page  using regular expression

2024-01-14 16:38:08 - [TEST_STEP][PASSED] - verifyTextPresent("Enter city", true, CONTINUE_ON_FAILURE): Text 'Enter city' is present on page  using regular expression

2024-01-14 16:38:08 - [MESSAGE][PASSED] - Text 'Enter city' is present on page  using regular expression

2024-01-14 16:38:08 - [TEST_STEP][PASSED] - verifyTextPresent("Enter ZIP code", true, CONTINUE_ON_FAILURE): Text 'Enter ZIP code' is present on page  using regular expression

2024-01-14 16:38:09 - [MESSAGE][PASSED] - Text 'Enter ZIP code' is present on page  using regular expression

2024-01-14 16:38:09 - [TEST_STEP][PASSED] - verifyTextPresent("Enter a valid phone number", true, CONTINUE_ON_FAILURE): Text 'Enter a valid phone number' is present on page  using regular expression

2024-01-14 16:38:09 - [MESSAGE][PASSED] - Text 'Enter a valid phone number' is present on page  using regular expression

2024-01-14 16:38:09 - [TEST_STEP][PASSED] - verifyTextPresent("Enter Email", true, CONTINUE_ON_FAILURE): Text 'Enter Email' is present on page  using regular expression

2024-01-14 16:38:09 - [MESSAGE][PASSED] - Text 'Enter Email' is present on page  using regular expression

2024-01-14 16:38:09 - [TEST_STEP][PASSED] - if (TaxType.equalsIgnoreCase("Estate Tax")): null

2024-01-14 16:38:09 - [TEST_STEP][PASSED] - resText = "Pass": null

2024-01-14 16:38:09 - [TEST_STEP][PASSED] - pages.WriteExcel.demoKey(resText, datText, resColumn, datCloumn, fileLoc, nameSheet, row): pages.WriteExcel.demoKey is PASSED

2024-01-14 16:38:10 - [MESSAGE][PASSED] - pages.WriteExcel.demoKey is PASSED

2024-01-14 16:38:10 - [TEST_STEP][PASSED] - ExecuteTC = findTestData(dataFile).getValue("Execute", row): null

2024-01-14 16:38:10 - [TEST_STEP][PASSED] - TaxType = findTestData(dataFile).getValue("TaxType", row): null

2024-01-14 16:38:10 - [TEST_STEP][PASSED] - PaymentType = findTestData(dataFile).getValue("PaymentType", row): null

2024-01-14 16:38:10 - [TEST_STEP][PASSED] - feinSsn = findTestData(dataFile).getValue("FEINSSN", row): null

2024-01-14 16:38:10 - [TEST_STEP][PASSED] - if (ExecuteTC.equalsIgnoreCase("Y")): pages.WriteExcel.demoKey is PASSED

2024-01-14 16:38:10 - [TEST_STEP][PASSED] - out.println("Begin Record Number: " + row): null

2024-01-14 16:38:10 - [TEST_STEP][PASSED] - today = new java.util.Date(): null

2024-01-14 16:38:10 - [TEST_STEP][PASSED] - println(today): null

2024-01-14 16:38:10 - [TEST_STEP][PASSED] - datText = today: null

2024-01-14 16:38:10 - [TEST_STEP][PASSED] - logInfo("Payment Type: Existing Liability w/Notice Number"): Payment Type: Existing Liability w/Notice Number

2024-01-14 16:38:10 - [MESSAGE][INFO] - Payment Type: Existing Liability w/Notice Number

2024-01-14 16:38:10 - [TEST_STEP][PASSED] - logInfo("Tax Type: " + TaxType): Tax Type: Tire Recycling Fee

2024-01-14 16:38:10 - [MESSAGE][INFO] - Tax Type: Tire Recycling Fee

2024-01-14 16:38:10 - [TEST_STEP][PASSED] - openBrowser(""): Browser is opened with url: ''

2024-01-14 16:38:10 - [MESSAGE][WARNING] - A browser is already opened. Closing browser and opening a new one

2024-01-14 16:38:11 - [MESSAGE][INFO] - Starting 'Chrome' driver

2024-01-14 16:38:11 - [MESSAGE][INFO] - User set preference: ['acceptInsecureCerts', 'true']

2024-01-14 16:38:11 - [MESSAGE][INFO] - Action delay is set to 0 milliseconds

2024-01-14 16:38:12 - [MESSAGE][PASSED] - Browser is opened with url: ''

2024-01-14 16:38:12 - [TEST_STEP][PASSED] - maximizeWindow(): Current window maximized

2024-01-14 16:38:13 - [MESSAGE][PASSED] - Current window maximized

2024-01-14 16:38:13 - [TEST_STEP][PASSED] - navigateToUrl(RADurl): Navigate to 'https://qa2.velocitypayment.com/client/rad/index.html' successfully

2024-01-14 16:38:13 - [MESSAGE][PASSED] - Navigate to 'https://qa2.velocitypayment.com/client/rad/index.html' successfully

2024-01-14 16:38:13 - [TEST_STEP][PASSED] - selectOptionByLabel(findTestObject(orPath_Landing + "/dd_TaxType"), "Existing Liability w/Notice Number", false): All options with label 'Existing Liability w/Notice Number' are selected in object 'Object Repository/RAD_Pages/Landing_Page/dd_TaxType' 

2024-01-14 16:38:15 - [MESSAGE][PASSED] - All options with label 'Existing Liability w/Notice Number' are selected in object 'Object Repository/RAD_Pages/Landing_Page/dd_TaxType' 

2024-01-14 16:38:15 - [TEST_STEP][PASSED] - selectOptionByLabel(findTestObject(orPath_TaxTypeFilingYear + "/select_TaxType_ExistingLiability"), TaxType, false): All options with label 'Tire Recycling Fee' are selected in object 'Object Repository/RAD_Pages/TaxTypeFilingYear_Page/select_TaxType_ExistingLiability' 

2024-01-14 16:38:16 - [MESSAGE][PASSED] - All options with label 'Tire Recycling Fee' are selected in object 'Object Repository/RAD_Pages/TaxTypeFilingYear_Page/select_TaxType_ExistingLiability' 

2024-01-14 16:38:16 - [TEST_STEP][PASSED] - setText(findTestObject(orPath_TaxPayer + "/input_businessName"), " "): Text ' ' is set on object 'Object Repository/RAD_Pages/Taxpayer_Page/input_businessName'

2024-01-14 16:38:16 - [MESSAGE][PASSED] - Text ' ' is set on object 'Object Repository/RAD_Pages/Taxpayer_Page/input_businessName'

2024-01-14 16:38:16 - [TEST_STEP][PASSED] - setText(findTestObject(orPath_TaxPayer + "/input_BusinessRepfirstName"), " "): Text ' ' is set on object 'Object Repository/RAD_Pages/Taxpayer_Page/input_BusinessRepfirstName'

2024-01-14 16:38:17 - [MESSAGE][PASSED] - Text ' ' is set on object 'Object Repository/RAD_Pages/Taxpayer_Page/input_BusinessRepfirstName'

2024-01-14 16:38:17 - [TEST_STEP][PASSED] - setText(findTestObject(orPath_TaxPayer + "/input_BusinessReplastName"), " "): Text ' ' is set on object 'Object Repository/RAD_Pages/Taxpayer_Page/input_BusinessReplastName'

2024-01-14 16:38:18 - [MESSAGE][PASSED] - Text ' ' is set on object 'Object Repository/RAD_Pages/Taxpayer_Page/input_BusinessReplastName'

2024-01-14 16:38:18 - [TEST_STEP][PASSED] - setText(findTestObject(orPath_AddressContact + "/input_streetAddress1"), " "): Text ' ' is set on object 'Object Repository/RAD_Pages/AddressAndContactInfo_Page/input_streetAddress1'

2024-01-14 16:38:18 - [MESSAGE][PASSED] - Text ' ' is set on object 'Object Repository/RAD_Pages/AddressAndContactInfo_Page/input_streetAddress1'

2024-01-14 16:38:18 - [TEST_STEP][PASSED] - setText(findTestObject(orPath_AddressContact + "/input_city"), " "): Text ' ' is set on object 'Object Repository/RAD_Pages/AddressAndContactInfo_Page/input_city'

2024-01-14 16:38:19 - [MESSAGE][PASSED] - Text ' ' is set on object 'Object Repository/RAD_Pages/AddressAndContactInfo_Page/input_city'

2024-01-14 16:38:19 - [TEST_STEP][PASSED] - setText(findTestObject(orPath_AddressContact + "/input_zipCode"), " "): Text ' ' is set on object 'Object Repository/RAD_Pages/AddressAndContactInfo_Page/input_zipCode'

2024-01-14 16:38:20 - [MESSAGE][PASSED] - Text ' ' is set on object 'Object Repository/RAD_Pages/AddressAndContactInfo_Page/input_zipCode'

2024-01-14 16:38:20 - [TEST_STEP][PASSED] - setText(findTestObject(orPath_AddressContact + "/input_phoneNumber"), " "): Text ' ' is set on object 'Object Repository/RAD_Pages/AddressAndContactInfo_Page/input_phoneNumber'

2024-01-14 16:38:21 - [MESSAGE][PASSED] - Text ' ' is set on object 'Object Repository/RAD_Pages/AddressAndContactInfo_Page/input_phoneNumber'

2024-01-14 16:38:21 - [TEST_STEP][PASSED] - setText(findTestObject(orPath_AddressContact + "/input_eMailAddress"), " "): Text ' ' is set on object 'Object Repository/RAD_Pages/AddressAndContactInfo_Page/input_eMailAddress'

2024-01-14 16:38:22 - [MESSAGE][PASSED] - Text ' ' is set on object 'Object Repository/RAD_Pages/AddressAndContactInfo_Page/input_eMailAddress'

2024-01-14 16:38:22 - [TEST_STEP][PASSED] - setText(findTestObject(orPath_AddressContact + "/input_reEnterEMailAddress"), " "): Text ' ' is set on object 'Object Repository/RAD_Pages/AddressAndContactInfo_Page/input_reEnterEMailAddress'

2024-01-14 16:38:22 - [MESSAGE][PASSED] - Text ' ' is set on object 'Object Repository/RAD_Pages/AddressAndContactInfo_Page/input_reEnterEMailAddress'

2024-01-14 16:38:22 - [TEST_STEP][PASSED] - if (TaxType.equalsIgnoreCase("Estate Tax")): null

2024-01-14 16:38:22 - [TEST_STEP][PASSED] - resText = "Fail": null

2024-01-14 16:38:22 - [TEST_STEP][PASSED] - pages.WriteExcel.demoKey(resText, datText, resColumn, datCloumn, fileLoc, nameSheet, row): pages.WriteExcel.demoKey is PASSED

2024-01-14 16:38:22 - [MESSAGE][PASSED] - pages.WriteExcel.demoKey is PASSED

2024-01-14 16:38:22 - [TEST_STEP][PASSED] - verifyTextPresent("Enter business name", true, CONTINUE_ON_FAILURE): Text 'Enter business name' is present on page  using regular expression

2024-01-14 16:38:23 - [MESSAGE][PASSED] - Text 'Enter business name' is present on page  using regular expression

2024-01-14 16:38:23 - [TEST_STEP][PASSED] - verifyTextPresent("Enter business rep first name", true, CONTINUE_ON_FAILURE): Text 'Enter business rep first name' is present on page  using regular expression

2024-01-14 16:38:23 - [MESSAGE][PASSED] - Text 'Enter business rep first name' is present on page  using regular expression

2024-01-14 16:38:23 - [TEST_STEP][PASSED] - verifyTextPresent("Enter business rep last name", true, CONTINUE_ON_FAILURE): Text 'Enter business rep last name' is present on page  using regular expression

2024-01-14 16:38:24 - [MESSAGE][PASSED] - Text 'Enter business rep last name' is present on page  using regular expression

2024-01-14 16:38:24 - [TEST_STEP][PASSED] - verifyTextPresent("Enter address", true, CONTINUE_ON_FAILURE): Text 'Enter address' is present on page  using regular expression

2024-01-14 16:38:24 - [MESSAGE][PASSED] - Text 'Enter address' is present on page  using regular expression

2024-01-14 16:38:24 - [TEST_STEP][PASSED] - verifyTextPresent("Enter city", true, CONTINUE_ON_FAILURE): Text 'Enter city' is present on page  using regular expression

2024-01-14 16:38:24 - [MESSAGE][PASSED] - Text 'Enter city' is present on page  using regular expression

2024-01-14 16:38:24 - [TEST_STEP][PASSED] - verifyTextPresent("Enter ZIP code", true, CONTINUE_ON_FAILURE): Text 'Enter ZIP code' is present on page  using regular expression

2024-01-14 16:38:25 - [MESSAGE][PASSED] - Text 'Enter ZIP code' is present on page  using regular expression

2024-01-14 16:38:25 - [TEST_STEP][PASSED] - verifyTextPresent("Enter a valid phone number", true, CONTINUE_ON_FAILURE): Text 'Enter a valid phone number' is present on page  using regular expression

2024-01-14 16:38:25 - [MESSAGE][PASSED] - Text 'Enter a valid phone number' is present on page  using regular expression

2024-01-14 16:38:25 - [TEST_STEP][PASSED] - verifyTextPresent("Enter Email", true, CONTINUE_ON_FAILURE): Text 'Enter Email' is present on page  using regular expression

2024-01-14 16:38:25 - [MESSAGE][PASSED] - Text 'Enter Email' is present on page  using regular expression

2024-01-14 16:38:25 - [TEST_STEP][PASSED] - if (TaxType.equalsIgnoreCase("Estate Tax")): null

2024-01-14 16:38:25 - [TEST_STEP][PASSED] - resText = "Pass": null

2024-01-14 16:38:25 - [TEST_STEP][PASSED] - pages.WriteExcel.demoKey(resText, datText, resColumn, datCloumn, fileLoc, nameSheet, row): pages.WriteExcel.demoKey is PASSED

2024-01-14 16:38:25 - [MESSAGE][PASSED] - pages.WriteExcel.demoKey is PASSED

2024-01-14 16:38:25 - [TEST_STEP][PASSED] - ExecuteTC = findTestData(dataFile).getValue("Execute", row): null

2024-01-14 16:38:26 - [TEST_STEP][PASSED] - TaxType = findTestData(dataFile).getValue("TaxType", row): null

2024-01-14 16:38:26 - [TEST_STEP][PASSED] - PaymentType = findTestData(dataFile).getValue("PaymentType", row): null

2024-01-14 16:38:26 - [TEST_STEP][PASSED] - feinSsn = findTestData(dataFile).getValue("FEINSSN", row): null

2024-01-14 16:38:26 - [TEST_STEP][PASSED] - if (ExecuteTC.equalsIgnoreCase("Y")): pages.WriteExcel.demoKey is PASSED

2024-01-14 16:38:26 - [TEST_STEP][PASSED] - out.println("Begin Record Number: " + row): null

2024-01-14 16:38:26 - [TEST_STEP][PASSED] - today = new java.util.Date(): null

2024-01-14 16:38:26 - [TEST_STEP][PASSED] - println(today): null

2024-01-14 16:38:26 - [TEST_STEP][PASSED] - datText = today: null

2024-01-14 16:38:26 - [TEST_STEP][PASSED] - logInfo("Payment Type: Existing Liability w/Notice Number"): Payment Type: Existing Liability w/Notice Number

2024-01-14 16:38:26 - [MESSAGE][INFO] - Payment Type: Existing Liability w/Notice Number

2024-01-14 16:38:26 - [TEST_STEP][PASSED] - logInfo("Tax Type: " + TaxType): Tax Type: Withholding Tax

2024-01-14 16:38:26 - [MESSAGE][INFO] - Tax Type: Withholding Tax

2024-01-14 16:38:26 - [TEST_STEP][PASSED] - openBrowser(""): Browser is opened with url: ''

2024-01-14 16:38:26 - [MESSAGE][WARNING] - A browser is already opened. Closing browser and opening a new one

2024-01-14 16:38:27 - [MESSAGE][INFO] - Starting 'Chrome' driver

2024-01-14 16:38:27 - [MESSAGE][INFO] - User set preference: ['acceptInsecureCerts', 'true']

2024-01-14 16:38:27 - [MESSAGE][INFO] - Action delay is set to 0 milliseconds

2024-01-14 16:38:28 - [MESSAGE][PASSED] - Browser is opened with url: ''

2024-01-14 16:38:28 - [TEST_STEP][PASSED] - maximizeWindow(): Current window maximized

2024-01-14 16:38:28 - [MESSAGE][PASSED] - Current window maximized

2024-01-14 16:38:28 - [TEST_STEP][PASSED] - navigateToUrl(RADurl): Navigate to 'https://qa2.velocitypayment.com/client/rad/index.html' successfully

2024-01-14 16:38:29 - [MESSAGE][PASSED] - Navigate to 'https://qa2.velocitypayment.com/client/rad/index.html' successfully

2024-01-14 16:38:29 - [TEST_STEP][PASSED] - selectOptionByLabel(findTestObject(orPath_Landing + "/dd_TaxType"), "Existing Liability w/Notice Number", false): All options with label 'Existing Liability w/Notice Number' are selected in object 'Object Repository/RAD_Pages/Landing_Page/dd_TaxType' 

2024-01-14 16:38:31 - [MESSAGE][PASSED] - All options with label 'Existing Liability w/Notice Number' are selected in object 'Object Repository/RAD_Pages/Landing_Page/dd_TaxType' 

2024-01-14 16:38:31 - [TEST_STEP][PASSED] - selectOptionByLabel(findTestObject(orPath_TaxTypeFilingYear + "/select_TaxType_ExistingLiability"), TaxType, false): All options with label 'Withholding Tax' are selected in object 'Object Repository/RAD_Pages/TaxTypeFilingYear_Page/select_TaxType_ExistingLiability' 

2024-01-14 16:38:31 - [MESSAGE][PASSED] - All options with label 'Withholding Tax' are selected in object 'Object Repository/RAD_Pages/TaxTypeFilingYear_Page/select_TaxType_ExistingLiability' 

2024-01-14 16:38:31 - [TEST_STEP][PASSED] - setText(findTestObject(orPath_TaxPayer + "/input_businessName"), " "): Text ' ' is set on object 'Object Repository/RAD_Pages/Taxpayer_Page/input_businessName'

2024-01-14 16:38:32 - [MESSAGE][PASSED] - Text ' ' is set on object 'Object Repository/RAD_Pages/Taxpayer_Page/input_businessName'

2024-01-14 16:38:32 - [TEST_STEP][PASSED] - setText(findTestObject(orPath_TaxPayer + "/input_BusinessRepfirstName"), " "): Text ' ' is set on object 'Object Repository/RAD_Pages/Taxpayer_Page/input_BusinessRepfirstName'

2024-01-14 16:38:33 - [MESSAGE][PASSED] - Text ' ' is set on object 'Object Repository/RAD_Pages/Taxpayer_Page/input_BusinessRepfirstName'

2024-01-14 16:38:33 - [TEST_STEP][PASSED] - setText(findTestObject(orPath_TaxPayer + "/input_BusinessReplastName"), " "): Text ' ' is set on object 'Object Repository/RAD_Pages/Taxpayer_Page/input_BusinessReplastName'

2024-01-14 16:38:34 - [MESSAGE][PASSED] - Text ' ' is set on object 'Object Repository/RAD_Pages/Taxpayer_Page/input_BusinessReplastName'

2024-01-14 16:38:34 - [TEST_STEP][PASSED] - setText(findTestObject(orPath_AddressContact + "/input_streetAddress1"), " "): Text ' ' is set on object 'Object Repository/RAD_Pages/AddressAndContactInfo_Page/input_streetAddress1'

2024-01-14 16:38:34 - [MESSAGE][PASSED] - Text ' ' is set on object 'Object Repository/RAD_Pages/AddressAndContactInfo_Page/input_streetAddress1'

2024-01-14 16:38:34 - [TEST_STEP][PASSED] - setText(findTestObject(orPath_AddressContact + "/input_city"), " "): Text ' ' is set on object 'Object Repository/RAD_Pages/AddressAndContactInfo_Page/input_city'

2024-01-14 16:38:35 - [MESSAGE][PASSED] - Text ' ' is set on object 'Object Repository/RAD_Pages/AddressAndContactInfo_Page/input_city'

2024-01-14 16:38:35 - [TEST_STEP][PASSED] - setText(findTestObject(orPath_AddressContact + "/input_zipCode"), " "): Text ' ' is set on object 'Object Repository/RAD_Pages/AddressAndContactInfo_Page/input_zipCode'

2024-01-14 16:38:36 - [MESSAGE][PASSED] - Text ' ' is set on object 'Object Repository/RAD_Pages/AddressAndContactInfo_Page/input_zipCode'

2024-01-14 16:38:36 - [TEST_STEP][PASSED] - setText(findTestObject(orPath_AddressContact + "/input_phoneNumber"), " "): Text ' ' is set on object 'Object Repository/RAD_Pages/AddressAndContactInfo_Page/input_phoneNumber'

2024-01-14 16:38:36 - [MESSAGE][PASSED] - Text ' ' is set on object 'Object Repository/RAD_Pages/AddressAndContactInfo_Page/input_phoneNumber'

2024-01-14 16:38:36 - [TEST_STEP][PASSED] - setText(findTestObject(orPath_AddressContact + "/input_eMailAddress"), " "): Text ' ' is set on object 'Object Repository/RAD_Pages/AddressAndContactInfo_Page/input_eMailAddress'

2024-01-14 16:38:37 - [MESSAGE][PASSED] - Text ' ' is set on object 'Object Repository/RAD_Pages/AddressAndContactInfo_Page/input_eMailAddress'

2024-01-14 16:38:37 - [TEST_STEP][PASSED] - setText(findTestObject(orPath_AddressContact + "/input_reEnterEMailAddress"), " "): Text ' ' is set on object 'Object Repository/RAD_Pages/AddressAndContactInfo_Page/input_reEnterEMailAddress'

2024-01-14 16:38:38 - [MESSAGE][PASSED] - Text ' ' is set on object 'Object Repository/RAD_Pages/AddressAndContactInfo_Page/input_reEnterEMailAddress'

2024-01-14 16:38:38 - [TEST_STEP][PASSED] - if (TaxType.equalsIgnoreCase("Estate Tax")): null

2024-01-14 16:38:38 - [TEST_STEP][PASSED] - resText = "Fail": null

2024-01-14 16:38:38 - [TEST_STEP][PASSED] - pages.WriteExcel.demoKey(resText, datText, resColumn, datCloumn, fileLoc, nameSheet, row): pages.WriteExcel.demoKey is PASSED

2024-01-14 16:38:38 - [MESSAGE][PASSED] - pages.WriteExcel.demoKey is PASSED

2024-01-14 16:38:38 - [TEST_STEP][PASSED] - verifyTextPresent("Enter business name", true, CONTINUE_ON_FAILURE): Text 'Enter business name' is present on page  using regular expression

2024-01-14 16:38:39 - [MESSAGE][PASSED] - Text 'Enter business name' is present on page  using regular expression

2024-01-14 16:38:39 - [TEST_STEP][PASSED] - verifyTextPresent("Enter business rep first name", true, CONTINUE_ON_FAILURE): Text 'Enter business rep first name' is present on page  using regular expression

2024-01-14 16:38:39 - [MESSAGE][PASSED] - Text 'Enter business rep first name' is present on page  using regular expression

2024-01-14 16:38:39 - [TEST_STEP][PASSED] - verifyTextPresent("Enter business rep last name", true, CONTINUE_ON_FAILURE): Text 'Enter business rep last name' is present on page  using regular expression

2024-01-14 16:38:39 - [MESSAGE][PASSED] - Text 'Enter business rep last name' is present on page  using regular expression

2024-01-14 16:38:39 - [TEST_STEP][PASSED] - verifyTextPresent("Enter address", true, CONTINUE_ON_FAILURE): Text 'Enter address' is present on page  using regular expression

2024-01-14 16:38:40 - [MESSAGE][PASSED] - Text 'Enter address' is present on page  using regular expression

2024-01-14 16:38:40 - [TEST_STEP][PASSED] - verifyTextPresent("Enter city", true, CONTINUE_ON_FAILURE): Text 'Enter city' is present on page  using regular expression

2024-01-14 16:38:40 - [MESSAGE][PASSED] - Text 'Enter city' is present on page  using regular expression

2024-01-14 16:38:40 - [TEST_STEP][PASSED] - verifyTextPresent("Enter ZIP code", true, CONTINUE_ON_FAILURE): Text 'Enter ZIP code' is present on page  using regular expression

2024-01-14 16:38:40 - [MESSAGE][PASSED] - Text 'Enter ZIP code' is present on page  using regular expression

2024-01-14 16:38:40 - [TEST_STEP][PASSED] - verifyTextPresent("Enter a valid phone number", true, CONTINUE_ON_FAILURE): Text 'Enter a valid phone number' is present on page  using regular expression

2024-01-14 16:38:41 - [MESSAGE][PASSED] - Text 'Enter a valid phone number' is present on page  using regular expression

2024-01-14 16:38:41 - [TEST_STEP][PASSED] - verifyTextPresent("Enter Email", true, CONTINUE_ON_FAILURE): Text 'Enter Email' is present on page  using regular expression

2024-01-14 16:38:41 - [MESSAGE][PASSED] - Text 'Enter Email' is present on page  using regular expression

2024-01-14 16:38:41 - [TEST_STEP][PASSED] - if (TaxType.equalsIgnoreCase("Estate Tax")): null

2024-01-14 16:38:41 - [TEST_STEP][PASSED] - resText = "Pass": null

2024-01-14 16:38:41 - [TEST_STEP][PASSED] - pages.WriteExcel.demoKey(resText, datText, resColumn, datCloumn, fileLoc, nameSheet, row): pages.WriteExcel.demoKey is PASSED

2024-01-14 16:38:41 - [MESSAGE][PASSED] - pages.WriteExcel.demoKey is PASSED

2024-01-14 16:38:41 - [TEST_STEP][PASSED] - ExecuteTC = findTestData(dataFile).getValue("Execute", row): null

2024-01-14 16:38:41 - [TEST_STEP][PASSED] - TaxType = findTestData(dataFile).getValue("TaxType", row): null

2024-01-14 16:38:41 - [TEST_STEP][PASSED] - PaymentType = findTestData(dataFile).getValue("PaymentType", row): null

2024-01-14 16:38:41 - [TEST_STEP][PASSED] - feinSsn = findTestData(dataFile).getValue("FEINSSN", row): null

2024-01-14 16:38:41 - [TEST_STEP][PASSED] - if (ExecuteTC.equalsIgnoreCase("Y")): pages.WriteExcel.demoKey is PASSED

2024-01-14 16:38:41 - [TEST_STEP][PASSED] - out.println("Begin Record Number: " + row): null

2024-01-14 16:38:41 - [TEST_STEP][PASSED] - today = new java.util.Date(): null

2024-01-14 16:38:41 - [TEST_STEP][PASSED] - println(today): null

2024-01-14 16:38:41 - [TEST_STEP][PASSED] - datText = today: null

2024-01-14 16:38:41 - [TEST_STEP][PASSED] - logInfo("Payment Type: Existing Liability w/Notice Number"): Payment Type: Existing Liability w/Notice Number

2024-01-14 16:38:41 - [MESSAGE][INFO] - Payment Type: Existing Liability w/Notice Number

2024-01-14 16:38:41 - [TEST_STEP][PASSED] - logInfo("Tax Type: " + TaxType): Tax Type: Alcohol Tax

2024-01-14 16:38:41 - [MESSAGE][INFO] - Tax Type: Alcohol Tax

2024-01-14 16:38:41 - [TEST_STEP][PASSED] - openBrowser(""): Browser is opened with url: ''

2024-01-14 16:38:41 - [MESSAGE][WARNING] - A browser is already opened. Closing browser and opening a new one

2024-01-14 16:38:42 - [MESSAGE][INFO] - Starting 'Chrome' driver

2024-01-14 16:38:42 - [MESSAGE][INFO] - User set preference: ['acceptInsecureCerts', 'true']

2024-01-14 16:38:42 - [MESSAGE][INFO] - Action delay is set to 0 milliseconds

2024-01-14 16:38:44 - [MESSAGE][PASSED] - Browser is opened with url: ''

2024-01-14 16:38:44 - [TEST_STEP][PASSED] - maximizeWindow(): Current window maximized

2024-01-14 16:38:44 - [MESSAGE][PASSED] - Current window maximized

2024-01-14 16:38:44 - [TEST_STEP][PASSED] - navigateToUrl(RADurl): Navigate to 'https://qa2.velocitypayment.com/client/rad/index.html' successfully

2024-01-14 16:38:44 - [MESSAGE][PASSED] - Navigate to 'https://qa2.velocitypayment.com/client/rad/index.html' successfully

2024-01-14 16:38:44 - [TEST_STEP][PASSED] - selectOptionByLabel(findTestObject(orPath_Landing + "/dd_TaxType"), "Existing Liability w/Notice Number", false): All options with label 'Existing Liability w/Notice Number' are selected in object 'Object Repository/RAD_Pages/Landing_Page/dd_TaxType' 

2024-01-14 16:38:46 - [MESSAGE][PASSED] - All options with label 'Existing Liability w/Notice Number' are selected in object 'Object Repository/RAD_Pages/Landing_Page/dd_TaxType' 

2024-01-14 16:38:46 - [TEST_STEP][PASSED] - selectOptionByLabel(findTestObject(orPath_TaxTypeFilingYear + "/select_TaxType_ExistingLiability"), TaxType, false): All options with label 'Alcohol Tax' are selected in object 'Object Repository/RAD_Pages/TaxTypeFilingYear_Page/select_TaxType_ExistingLiability' 

2024-01-14 16:38:47 - [MESSAGE][PASSED] - All options with label 'Alcohol Tax' are selected in object 'Object Repository/RAD_Pages/TaxTypeFilingYear_Page/select_TaxType_ExistingLiability' 

2024-01-14 16:38:47 - [TEST_STEP][PASSED] - setText(findTestObject(orPath_TaxPayer + "/input_businessName"), " "): Text ' ' is set on object 'Object Repository/RAD_Pages/Taxpayer_Page/input_businessName'

2024-01-14 16:38:48 - [MESSAGE][PASSED] - Text ' ' is set on object 'Object Repository/RAD_Pages/Taxpayer_Page/input_businessName'

2024-01-14 16:38:48 - [TEST_STEP][PASSED] - setText(findTestObject(orPath_TaxPayer + "/input_BusinessRepfirstName"), " "): Text ' ' is set on object 'Object Repository/RAD_Pages/Taxpayer_Page/input_BusinessRepfirstName'

2024-01-14 16:38:49 - [MESSAGE][PASSED] - Text ' ' is set on object 'Object Repository/RAD_Pages/Taxpayer_Page/input_BusinessRepfirstName'

2024-01-14 16:38:49 - [TEST_STEP][PASSED] - setText(findTestObject(orPath_TaxPayer + "/input_BusinessReplastName"), " "): Text ' ' is set on object 'Object Repository/RAD_Pages/Taxpayer_Page/input_BusinessReplastName'

2024-01-14 16:38:49 - [MESSAGE][PASSED] - Text ' ' is set on object 'Object Repository/RAD_Pages/Taxpayer_Page/input_BusinessReplastName'

2024-01-14 16:38:49 - [TEST_STEP][PASSED] - setText(findTestObject(orPath_AddressContact + "/input_streetAddress1"), " "): Text ' ' is set on object 'Object Repository/RAD_Pages/AddressAndContactInfo_Page/input_streetAddress1'

2024-01-14 16:38:50 - [MESSAGE][PASSED] - Text ' ' is set on object 'Object Repository/RAD_Pages/AddressAndContactInfo_Page/input_streetAddress1'

2024-01-14 16:38:50 - [TEST_STEP][PASSED] - setText(findTestObject(orPath_AddressContact + "/input_city"), " "): Text ' ' is set on object 'Object Repository/RAD_Pages/AddressAndContactInfo_Page/input_city'

2024-01-14 16:38:51 - [MESSAGE][PASSED] - Text ' ' is set on object 'Object Repository/RAD_Pages/AddressAndContactInfo_Page/input_city'

2024-01-14 16:38:51 - [TEST_STEP][PASSED] - setText(findTestObject(orPath_AddressContact + "/input_zipCode"), " "): Text ' ' is set on object 'Object Repository/RAD_Pages/AddressAndContactInfo_Page/input_zipCode'

2024-01-14 16:38:51 - [MESSAGE][PASSED] - Text ' ' is set on object 'Object Repository/RAD_Pages/AddressAndContactInfo_Page/input_zipCode'

2024-01-14 16:38:51 - [TEST_STEP][PASSED] - setText(findTestObject(orPath_AddressContact + "/input_phoneNumber"), " "): Text ' ' is set on object 'Object Repository/RAD_Pages/AddressAndContactInfo_Page/input_phoneNumber'

2024-01-14 16:38:52 - [MESSAGE][PASSED] - Text ' ' is set on object 'Object Repository/RAD_Pages/AddressAndContactInfo_Page/input_phoneNumber'

2024-01-14 16:38:52 - [TEST_STEP][PASSED] - setText(findTestObject(orPath_AddressContact + "/input_eMailAddress"), " "): Text ' ' is set on object 'Object Repository/RAD_Pages/AddressAndContactInfo_Page/input_eMailAddress'

2024-01-14 16:38:53 - [MESSAGE][PASSED] - Text ' ' is set on object 'Object Repository/RAD_Pages/AddressAndContactInfo_Page/input_eMailAddress'

2024-01-14 16:38:53 - [TEST_STEP][PASSED] - setText(findTestObject(orPath_AddressContact + "/input_reEnterEMailAddress"), " "): Text ' ' is set on object 'Object Repository/RAD_Pages/AddressAndContactInfo_Page/input_reEnterEMailAddress'

2024-01-14 16:38:54 - [MESSAGE][PASSED] - Text ' ' is set on object 'Object Repository/RAD_Pages/AddressAndContactInfo_Page/input_reEnterEMailAddress'

2024-01-14 16:38:54 - [TEST_STEP][PASSED] - if (TaxType.equalsIgnoreCase("Estate Tax")): null

2024-01-14 16:38:54 - [TEST_STEP][PASSED] - resText = "Fail": null

2024-01-14 16:38:54 - [TEST_STEP][PASSED] - pages.WriteExcel.demoKey(resText, datText, resColumn, datCloumn, fileLoc, nameSheet, row): pages.WriteExcel.demoKey is PASSED

2024-01-14 16:38:54 - [MESSAGE][PASSED] - pages.WriteExcel.demoKey is PASSED

2024-01-14 16:38:54 - [TEST_STEP][PASSED] - verifyTextPresent("Enter business name", true, CONTINUE_ON_FAILURE): Text 'Enter business name' is present on page  using regular expression

2024-01-14 16:38:54 - [MESSAGE][PASSED] - Text 'Enter business name' is present on page  using regular expression

2024-01-14 16:38:54 - [TEST_STEP][PASSED] - verifyTextPresent("Enter business rep first name", true, CONTINUE_ON_FAILURE): Text 'Enter business rep first name' is present on page  using regular expression

2024-01-14 16:38:55 - [MESSAGE][PASSED] - Text 'Enter business rep first name' is present on page  using regular expression

2024-01-14 16:38:55 - [TEST_STEP][PASSED] - verifyTextPresent("Enter business rep last name", true, CONTINUE_ON_FAILURE): Text 'Enter business rep last name' is present on page  using regular expression

2024-01-14 16:38:55 - [MESSAGE][PASSED] - Text 'Enter business rep last name' is present on page  using regular expression

2024-01-14 16:38:55 - [TEST_STEP][PASSED] - verifyTextPresent("Enter address", true, CONTINUE_ON_FAILURE): Text 'Enter address' is present on page  using regular expression

2024-01-14 16:38:55 - [MESSAGE][PASSED] - Text 'Enter address' is present on page  using regular expression

2024-01-14 16:38:55 - [TEST_STEP][PASSED] - verifyTextPresent("Enter city", true, CONTINUE_ON_FAILURE): Text 'Enter city' is present on page  using regular expression

2024-01-14 16:38:56 - [MESSAGE][PASSED] - Text 'Enter city' is present on page  using regular expression

2024-01-14 16:38:56 - [TEST_STEP][PASSED] - verifyTextPresent("Enter ZIP code", true, CONTINUE_ON_FAILURE): Text 'Enter ZIP code' is present on page  using regular expression

2024-01-14 16:38:56 - [MESSAGE][PASSED] - Text 'Enter ZIP code' is present on page  using regular expression

2024-01-14 16:38:56 - [TEST_STEP][PASSED] - verifyTextPresent("Enter a valid phone number", true, CONTINUE_ON_FAILURE): Text 'Enter a valid phone number' is present on page  using regular expression

2024-01-14 16:38:56 - [MESSAGE][PASSED] - Text 'Enter a valid phone number' is present on page  using regular expression

2024-01-14 16:38:56 - [TEST_STEP][PASSED] - verifyTextPresent("Enter Email", true, CONTINUE_ON_FAILURE): Text 'Enter Email' is present on page  using regular expression

2024-01-14 16:38:57 - [MESSAGE][PASSED] - Text 'Enter Email' is present on page  using regular expression

2024-01-14 16:38:57 - [TEST_STEP][PASSED] - if (TaxType.equalsIgnoreCase("Estate Tax")): null

2024-01-14 16:38:57 - [TEST_STEP][PASSED] - resText = "Pass": null

2024-01-14 16:38:57 - [TEST_STEP][PASSED] - pages.WriteExcel.demoKey(resText, datText, resColumn, datCloumn, fileLoc, nameSheet, row): pages.WriteExcel.demoKey is PASSED

2024-01-14 16:38:57 - [MESSAGE][PASSED] - pages.WriteExcel.demoKey is PASSED

2024-01-14 16:38:57 - [TEST_STEP][PASSED] - ExecuteTC = findTestData(dataFile).getValue("Execute", row): null

2024-01-14 16:38:57 - [TEST_STEP][PASSED] - TaxType = findTestData(dataFile).getValue("TaxType", row): null

2024-01-14 16:38:57 - [TEST_STEP][PASSED] - PaymentType = findTestData(dataFile).getValue("PaymentType", row): null

2024-01-14 16:38:57 - [TEST_STEP][PASSED] - feinSsn = findTestData(dataFile).getValue("FEINSSN", row): null

2024-01-14 16:38:57 - [TEST_STEP][PASSED] - if (ExecuteTC.equalsIgnoreCase("Y")): pages.WriteExcel.demoKey is PASSED

2024-01-14 16:38:57 - [TEST_STEP][PASSED] - out.println("Begin Record Number: " + row): null

2024-01-14 16:38:57 - [TEST_STEP][PASSED] - today = new java.util.Date(): null

2024-01-14 16:38:57 - [TEST_STEP][PASSED] - println(today): null

2024-01-14 16:38:57 - [TEST_STEP][PASSED] - datText = today: null

2024-01-14 16:38:57 - [TEST_STEP][PASSED] - logInfo("Payment Type: Existing Liability w/Notice Number"): Payment Type: Existing Liability w/Notice Number

2024-01-14 16:38:57 - [MESSAGE][INFO] - Payment Type: Existing Liability w/Notice Number

2024-01-14 16:38:57 - [TEST_STEP][PASSED] - logInfo("Tax Type: " + TaxType): Tax Type: PTE Tax Electing Non-S Corp

2024-01-14 16:38:57 - [MESSAGE][INFO] - Tax Type: PTE Tax Electing Non-S Corp

2024-01-14 16:38:57 - [TEST_STEP][PASSED] - openBrowser(""): Browser is opened with url: ''

2024-01-14 16:38:57 - [MESSAGE][WARNING] - A browser is already opened. Closing browser and opening a new one

2024-01-14 16:38:58 - [MESSAGE][INFO] - Starting 'Chrome' driver

2024-01-14 16:38:58 - [MESSAGE][INFO] - User set preference: ['acceptInsecureCerts', 'true']

2024-01-14 16:38:58 - [MESSAGE][INFO] - Action delay is set to 0 milliseconds

2024-01-14 16:39:00 - [MESSAGE][PASSED] - Browser is opened with url: ''

2024-01-14 16:39:00 - [TEST_STEP][PASSED] - maximizeWindow(): Current window maximized

2024-01-14 16:39:00 - [MESSAGE][PASSED] - Current window maximized

2024-01-14 16:39:00 - [TEST_STEP][PASSED] - navigateToUrl(RADurl): Navigate to 'https://qa2.velocitypayment.com/client/rad/index.html' successfully

2024-01-14 16:39:00 - [MESSAGE][PASSED] - Navigate to 'https://qa2.velocitypayment.com/client/rad/index.html' successfully

2024-01-14 16:39:00 - [TEST_STEP][PASSED] - selectOptionByLabel(findTestObject(orPath_Landing + "/dd_TaxType"), "Existing Liability w/Notice Number", false): All options with label 'Existing Liability w/Notice Number' are selected in object 'Object Repository/RAD_Pages/Landing_Page/dd_TaxType' 

2024-01-14 16:39:02 - [MESSAGE][PASSED] - All options with label 'Existing Liability w/Notice Number' are selected in object 'Object Repository/RAD_Pages/Landing_Page/dd_TaxType' 

2024-01-14 16:39:02 - [TEST_STEP][PASSED] - selectOptionByLabel(findTestObject(orPath_TaxTypeFilingYear + "/select_TaxType_ExistingLiability"), TaxType, false): All options with label 'PTE Tax Electing Non-S Corp' are selected in object 'Object Repository/RAD_Pages/TaxTypeFilingYear_Page/select_TaxType_ExistingLiability' 

2024-01-14 16:39:03 - [MESSAGE][PASSED] - All options with label 'PTE Tax Electing Non-S Corp' are selected in object 'Object Repository/RAD_Pages/TaxTypeFilingYear_Page/select_TaxType_ExistingLiability' 

2024-01-14 16:39:03 - [TEST_STEP][PASSED] - setText(findTestObject(orPath_TaxPayer + "/input_businessName"), " "): Text ' ' is set on object 'Object Repository/RAD_Pages/Taxpayer_Page/input_businessName'

2024-01-14 16:39:04 - [MESSAGE][PASSED] - Text ' ' is set on object 'Object Repository/RAD_Pages/Taxpayer_Page/input_businessName'

2024-01-14 16:39:04 - [TEST_STEP][PASSED] - setText(findTestObject(orPath_TaxPayer + "/input_BusinessRepfirstName"), " "): Text ' ' is set on object 'Object Repository/RAD_Pages/Taxpayer_Page/input_BusinessRepfirstName'

2024-01-14 16:39:04 - [MESSAGE][PASSED] - Text ' ' is set on object 'Object Repository/RAD_Pages/Taxpayer_Page/input_BusinessRepfirstName'

2024-01-14 16:39:04 - [TEST_STEP][PASSED] - setText(findTestObject(orPath_TaxPayer + "/input_BusinessReplastName"), " "): Text ' ' is set on object 'Object Repository/RAD_Pages/Taxpayer_Page/input_BusinessReplastName'

2024-01-14 16:39:05 - [MESSAGE][PASSED] - Text ' ' is set on object 'Object Repository/RAD_Pages/Taxpayer_Page/input_BusinessReplastName'

2024-01-14 16:39:05 - [TEST_STEP][PASSED] - setText(findTestObject(orPath_AddressContact + "/input_streetAddress1"), " "): Text ' ' is set on object 'Object Repository/RAD_Pages/AddressAndContactInfo_Page/input_streetAddress1'

2024-01-14 16:39:06 - [MESSAGE][PASSED] - Text ' ' is set on object 'Object Repository/RAD_Pages/AddressAndContactInfo_Page/input_streetAddress1'

2024-01-14 16:39:06 - [TEST_STEP][PASSED] - setText(findTestObject(orPath_AddressContact + "/input_city"), " "): Text ' ' is set on object 'Object Repository/RAD_Pages/AddressAndContactInfo_Page/input_city'

2024-01-14 16:39:06 - [MESSAGE][PASSED] - Text ' ' is set on object 'Object Repository/RAD_Pages/AddressAndContactInfo_Page/input_city'

2024-01-14 16:39:06 - [TEST_STEP][PASSED] - setText(findTestObject(orPath_AddressContact + "/input_zipCode"), " "): Text ' ' is set on object 'Object Repository/RAD_Pages/AddressAndContactInfo_Page/input_zipCode'

2024-01-14 16:39:07 - [MESSAGE][PASSED] - Text ' ' is set on object 'Object Repository/RAD_Pages/AddressAndContactInfo_Page/input_zipCode'

2024-01-14 16:39:07 - [TEST_STEP][PASSED] - setText(findTestObject(orPath_AddressContact + "/input_phoneNumber"), " "): Text ' ' is set on object 'Object Repository/RAD_Pages/AddressAndContactInfo_Page/input_phoneNumber'

2024-01-14 16:39:08 - [MESSAGE][PASSED] - Text ' ' is set on object 'Object Repository/RAD_Pages/AddressAndContactInfo_Page/input_phoneNumber'

2024-01-14 16:39:08 - [TEST_STEP][PASSED] - setText(findTestObject(orPath_AddressContact + "/input_eMailAddress"), " "): Text ' ' is set on object 'Object Repository/RAD_Pages/AddressAndContactInfo_Page/input_eMailAddress'

2024-01-14 16:39:09 - [MESSAGE][PASSED] - Text ' ' is set on object 'Object Repository/RAD_Pages/AddressAndContactInfo_Page/input_eMailAddress'

2024-01-14 16:39:09 - [TEST_STEP][PASSED] - setText(findTestObject(orPath_AddressContact + "/input_reEnterEMailAddress"), " "): Text ' ' is set on object 'Object Repository/RAD_Pages/AddressAndContactInfo_Page/input_reEnterEMailAddress'

2024-01-14 16:39:09 - [MESSAGE][PASSED] - Text ' ' is set on object 'Object Repository/RAD_Pages/AddressAndContactInfo_Page/input_reEnterEMailAddress'

2024-01-14 16:39:09 - [TEST_STEP][PASSED] - if (TaxType.equalsIgnoreCase("Estate Tax")): null

2024-01-14 16:39:09 - [TEST_STEP][PASSED] - resText = "Fail": null

2024-01-14 16:39:09 - [TEST_STEP][PASSED] - pages.WriteExcel.demoKey(resText, datText, resColumn, datCloumn, fileLoc, nameSheet, row): pages.WriteExcel.demoKey is PASSED

2024-01-14 16:39:10 - [MESSAGE][PASSED] - pages.WriteExcel.demoKey is PASSED

2024-01-14 16:39:10 - [TEST_STEP][PASSED] - verifyTextPresent("Enter business name", true, CONTINUE_ON_FAILURE): Text 'Enter business name' is present on page  using regular expression

2024-01-14 16:39:10 - [MESSAGE][PASSED] - Text 'Enter business name' is present on page  using regular expression

2024-01-14 16:39:10 - [TEST_STEP][PASSED] - verifyTextPresent("Enter business rep first name", true, CONTINUE_ON_FAILURE): Text 'Enter business rep first name' is present on page  using regular expression

2024-01-14 16:39:10 - [MESSAGE][PASSED] - Text 'Enter business rep first name' is present on page  using regular expression

2024-01-14 16:39:10 - [TEST_STEP][PASSED] - verifyTextPresent("Enter business rep last name", true, CONTINUE_ON_FAILURE): Text 'Enter business rep last name' is present on page  using regular expression

2024-01-14 16:39:11 - [MESSAGE][PASSED] - Text 'Enter business rep last name' is present on page  using regular expression

2024-01-14 16:39:11 - [TEST_STEP][PASSED] - verifyTextPresent("Enter address", true, CONTINUE_ON_FAILURE): Text 'Enter address' is present on page  using regular expression

2024-01-14 16:39:11 - [MESSAGE][PASSED] - Text 'Enter address' is present on page  using regular expression

2024-01-14 16:39:11 - [TEST_STEP][PASSED] - verifyTextPresent("Enter city", true, CONTINUE_ON_FAILURE): Text 'Enter city' is present on page  using regular expression

2024-01-14 16:39:11 - [MESSAGE][PASSED] - Text 'Enter city' is present on page  using regular expression

2024-01-14 16:39:11 - [TEST_STEP][PASSED] - verifyTextPresent("Enter ZIP code", true, CONTINUE_ON_FAILURE): Text 'Enter ZIP code' is present on page  using regular expression

2024-01-14 16:39:12 - [MESSAGE][PASSED] - Text 'Enter ZIP code' is present on page  using regular expression

2024-01-14 16:39:12 - [TEST_STEP][PASSED] - verifyTextPresent("Enter a valid phone number", true, CONTINUE_ON_FAILURE): Text 'Enter a valid phone number' is present on page  using regular expression

2024-01-14 16:39:12 - [MESSAGE][PASSED] - Text 'Enter a valid phone number' is present on page  using regular expression

2024-01-14 16:39:12 - [TEST_STEP][PASSED] - verifyTextPresent("Enter Email", true, CONTINUE_ON_FAILURE): Text 'Enter Email' is present on page  using regular expression

2024-01-14 16:39:12 - [MESSAGE][PASSED] - Text 'Enter Email' is present on page  using regular expression

2024-01-14 16:39:12 - [TEST_STEP][PASSED] - if (TaxType.equalsIgnoreCase("Estate Tax")): null

2024-01-14 16:39:12 - [TEST_STEP][PASSED] - resText = "Pass": null

2024-01-14 16:39:12 - [TEST_STEP][PASSED] - pages.WriteExcel.demoKey(resText, datText, resColumn, datCloumn, fileLoc, nameSheet, row): pages.WriteExcel.demoKey is PASSED

2024-01-14 16:39:13 - [MESSAGE][PASSED] - pages.WriteExcel.demoKey is PASSED

2024-01-14 16:39:13 - [TEST_STEP][PASSED] - ExecuteTC = findTestData(dataFile).getValue("Execute", row): null

2024-01-14 16:39:13 - [TEST_STEP][PASSED] - TaxType = findTestData(dataFile).getValue("TaxType", row): null

2024-01-14 16:39:13 - [TEST_STEP][PASSED] - PaymentType = findTestData(dataFile).getValue("PaymentType", row): null

2024-01-14 16:39:13 - [TEST_STEP][PASSED] - feinSsn = findTestData(dataFile).getValue("FEINSSN", row): null

2024-01-14 16:39:13 - [TEST_STEP][PASSED] - if (ExecuteTC.equalsIgnoreCase("Y")): pages.WriteExcel.demoKey is PASSED

2024-01-14 16:39:13 - [TEST_STEP][PASSED] - out.println("Begin Record Number: " + row): null

2024-01-14 16:39:13 - [TEST_STEP][PASSED] - today = new java.util.Date(): null

2024-01-14 16:39:13 - [TEST_STEP][PASSED] - println(today): null

2024-01-14 16:39:13 - [TEST_STEP][PASSED] - datText = today: null

2024-01-14 16:39:13 - [TEST_STEP][PASSED] - logInfo("Payment Type: Existing Liability w/Notice Number"): Payment Type: Existing Liability w/Notice Number

2024-01-14 16:39:13 - [MESSAGE][INFO] - Payment Type: Existing Liability w/Notice Number

2024-01-14 16:39:13 - [TEST_STEP][PASSED] - logInfo("Tax Type: " + TaxType): Tax Type: PTE Tax Electing S Corp

2024-01-14 16:39:13 - [MESSAGE][INFO] - Tax Type: PTE Tax Electing S Corp

2024-01-14 16:39:13 - [TEST_STEP][PASSED] - openBrowser(""): Browser is opened with url: ''

2024-01-14 16:39:13 - [MESSAGE][WARNING] - A browser is already opened. Closing browser and opening a new one

2024-01-14 16:39:14 - [MESSAGE][INFO] - Starting 'Chrome' driver

2024-01-14 16:39:14 - [MESSAGE][INFO] - User set preference: ['acceptInsecureCerts', 'true']

2024-01-14 16:39:14 - [MESSAGE][INFO] - Action delay is set to 0 milliseconds

2024-01-14 16:39:15 - [MESSAGE][PASSED] - Browser is opened with url: ''

2024-01-14 16:39:15 - [TEST_STEP][PASSED] - maximizeWindow(): Current window maximized

2024-01-14 16:39:16 - [MESSAGE][PASSED] - Current window maximized

2024-01-14 16:39:16 - [TEST_STEP][PASSED] - navigateToUrl(RADurl): Navigate to 'https://qa2.velocitypayment.com/client/rad/index.html' successfully

2024-01-14 16:39:16 - [MESSAGE][PASSED] - Navigate to 'https://qa2.velocitypayment.com/client/rad/index.html' successfully

2024-01-14 16:39:16 - [TEST_STEP][PASSED] - selectOptionByLabel(findTestObject(orPath_Landing + "/dd_TaxType"), "Existing Liability w/Notice Number", false): All options with label 'Existing Liability w/Notice Number' are selected in object 'Object Repository/RAD_Pages/Landing_Page/dd_TaxType' 

2024-01-14 16:39:18 - [MESSAGE][PASSED] - All options with label 'Existing Liability w/Notice Number' are selected in object 'Object Repository/RAD_Pages/Landing_Page/dd_TaxType' 

2024-01-14 16:39:18 - [TEST_STEP][PASSED] - selectOptionByLabel(findTestObject(orPath_TaxTypeFilingYear + "/select_TaxType_ExistingLiability"), TaxType, false): All options with label 'PTE Tax Electing S Corp' are selected in object 'Object Repository/RAD_Pages/TaxTypeFilingYear_Page/select_TaxType_ExistingLiability' 

2024-01-14 16:39:18 - [MESSAGE][PASSED] - All options with label 'PTE Tax Electing S Corp' are selected in object 'Object Repository/RAD_Pages/TaxTypeFilingYear_Page/select_TaxType_ExistingLiability' 

2024-01-14 16:39:18 - [TEST_STEP][PASSED] - setText(findTestObject(orPath_TaxPayer + "/input_businessName"), " "): Text ' ' is set on object 'Object Repository/RAD_Pages/Taxpayer_Page/input_businessName'

2024-01-14 16:39:19 - [MESSAGE][PASSED] - Text ' ' is set on object 'Object Repository/RAD_Pages/Taxpayer_Page/input_businessName'

2024-01-14 16:39:19 - [TEST_STEP][PASSED] - setText(findTestObject(orPath_TaxPayer + "/input_BusinessRepfirstName"), " "): Text ' ' is set on object 'Object Repository/RAD_Pages/Taxpayer_Page/input_BusinessRepfirstName'

2024-01-14 16:39:20 - [MESSAGE][PASSED] - Text ' ' is set on object 'Object Repository/RAD_Pages/Taxpayer_Page/input_BusinessRepfirstName'

2024-01-14 16:39:20 - [TEST_STEP][PASSED] - setText(findTestObject(orPath_TaxPayer + "/input_BusinessReplastName"), " "): Text ' ' is set on object 'Object Repository/RAD_Pages/Taxpayer_Page/input_BusinessReplastName'

2024-01-14 16:39:21 - [MESSAGE][PASSED] - Text ' ' is set on object 'Object Repository/RAD_Pages/Taxpayer_Page/input_BusinessReplastName'

2024-01-14 16:39:21 - [TEST_STEP][PASSED] - setText(findTestObject(orPath_AddressContact + "/input_streetAddress1"), " "): Text ' ' is set on object 'Object Repository/RAD_Pages/AddressAndContactInfo_Page/input_streetAddress1'

2024-01-14 16:39:21 - [MESSAGE][PASSED] - Text ' ' is set on object 'Object Repository/RAD_Pages/AddressAndContactInfo_Page/input_streetAddress1'

2024-01-14 16:39:21 - [TEST_STEP][PASSED] - setText(findTestObject(orPath_AddressContact + "/input_city"), " "): Text ' ' is set on object 'Object Repository/RAD_Pages/AddressAndContactInfo_Page/input_city'

2024-01-14 16:39:22 - [MESSAGE][PASSED] - Text ' ' is set on object 'Object Repository/RAD_Pages/AddressAndContactInfo_Page/input_city'

2024-01-14 16:39:22 - [TEST_STEP][PASSED] - setText(findTestObject(orPath_AddressContact + "/input_zipCode"), " "): Text ' ' is set on object 'Object Repository/RAD_Pages/AddressAndContactInfo_Page/input_zipCode'

2024-01-14 16:39:23 - [MESSAGE][PASSED] - Text ' ' is set on object 'Object Repository/RAD_Pages/AddressAndContactInfo_Page/input_zipCode'

2024-01-14 16:39:23 - [TEST_STEP][PASSED] - setText(findTestObject(orPath_AddressContact + "/input_phoneNumber"), " "): Text ' ' is set on object 'Object Repository/RAD_Pages/AddressAndContactInfo_Page/input_phoneNumber'

2024-01-14 16:39:24 - [MESSAGE][PASSED] - Text ' ' is set on object 'Object Repository/RAD_Pages/AddressAndContactInfo_Page/input_phoneNumber'

2024-01-14 16:39:24 - [TEST_STEP][PASSED] - setText(findTestObject(orPath_AddressContact + "/input_eMailAddress"), " "): Text ' ' is set on object 'Object Repository/RAD_Pages/AddressAndContactInfo_Page/input_eMailAddress'

2024-01-14 16:39:24 - [MESSAGE][PASSED] - Text ' ' is set on object 'Object Repository/RAD_Pages/AddressAndContactInfo_Page/input_eMailAddress'

2024-01-14 16:39:24 - [TEST_STEP][PASSED] - setText(findTestObject(orPath_AddressContact + "/input_reEnterEMailAddress"), " "): Text ' ' is set on object 'Object Repository/RAD_Pages/AddressAndContactInfo_Page/input_reEnterEMailAddress'

2024-01-14 16:39:25 - [MESSAGE][PASSED] - Text ' ' is set on object 'Object Repository/RAD_Pages/AddressAndContactInfo_Page/input_reEnterEMailAddress'

2024-01-14 16:39:25 - [TEST_STEP][PASSED] - if (TaxType.equalsIgnoreCase("Estate Tax")): null

2024-01-14 16:39:25 - [TEST_STEP][PASSED] - resText = "Fail": null

2024-01-14 16:39:25 - [TEST_STEP][PASSED] - pages.WriteExcel.demoKey(resText, datText, resColumn, datCloumn, fileLoc, nameSheet, row): pages.WriteExcel.demoKey is PASSED

2024-01-14 16:39:25 - [MESSAGE][PASSED] - pages.WriteExcel.demoKey is PASSED

2024-01-14 16:39:25 - [TEST_STEP][PASSED] - verifyTextPresent("Enter business name", true, CONTINUE_ON_FAILURE): Text 'Enter business name' is present on page  using regular expression

2024-01-14 16:39:26 - [MESSAGE][PASSED] - Text 'Enter business name' is present on page  using regular expression

2024-01-14 16:39:26 - [TEST_STEP][PASSED] - verifyTextPresent("Enter business rep first name", true, CONTINUE_ON_FAILURE): Text 'Enter business rep first name' is present on page  using regular expression

2024-01-14 16:39:26 - [MESSAGE][PASSED] - Text 'Enter business rep first name' is present on page  using regular expression

2024-01-14 16:39:26 - [TEST_STEP][PASSED] - verifyTextPresent("Enter business rep last name", true, CONTINUE_ON_FAILURE): Text 'Enter business rep last name' is present on page  using regular expression

2024-01-14 16:39:26 - [MESSAGE][PASSED] - Text 'Enter business rep last name' is present on page  using regular expression

2024-01-14 16:39:26 - [TEST_STEP][PASSED] - verifyTextPresent("Enter address", true, CONTINUE_ON_FAILURE): Text 'Enter address' is present on page  using regular expression

2024-01-14 16:39:27 - [MESSAGE][PASSED] - Text 'Enter address' is present on page  using regular expression

2024-01-14 16:39:27 - [TEST_STEP][PASSED] - verifyTextPresent("Enter city", true, CONTINUE_ON_FAILURE): Text 'Enter city' is present on page  using regular expression

2024-01-14 16:39:27 - [MESSAGE][PASSED] - Text 'Enter city' is present on page  using regular expression

2024-01-14 16:39:27 - [TEST_STEP][PASSED] - verifyTextPresent("Enter ZIP code", true, CONTINUE_ON_FAILURE): Text 'Enter ZIP code' is present on page  using regular expression

2024-01-14 16:39:28 - [MESSAGE][PASSED] - Text 'Enter ZIP code' is present on page  using regular expression

2024-01-14 16:39:28 - [TEST_STEP][PASSED] - verifyTextPresent("Enter a valid phone number", true, CONTINUE_ON_FAILURE): Text 'Enter a valid phone number' is present on page  using regular expression

2024-01-14 16:39:28 - [MESSAGE][PASSED] - Text 'Enter a valid phone number' is present on page  using regular expression

2024-01-14 16:39:28 - [TEST_STEP][PASSED] - verifyTextPresent("Enter Email", true, CONTINUE_ON_FAILURE): Text 'Enter Email' is present on page  using regular expression

2024-01-14 16:39:28 - [MESSAGE][PASSED] - Text 'Enter Email' is present on page  using regular expression

2024-01-14 16:39:28 - [TEST_STEP][PASSED] - if (TaxType.equalsIgnoreCase("Estate Tax")): null

2024-01-14 16:39:28 - [TEST_STEP][PASSED] - resText = "Pass": null

2024-01-14 16:39:28 - [TEST_STEP][PASSED] - pages.WriteExcel.demoKey(resText, datText, resColumn, datCloumn, fileLoc, nameSheet, row): pages.WriteExcel.demoKey is PASSED

2024-01-14 16:39:28 - [MESSAGE][PASSED] - pages.WriteExcel.demoKey is PASSED

2024-01-14 16:39:28 - [TEST_STEP][PASSED] - ExecuteTC = findTestData(dataFile).getValue("Execute", row): null

2024-01-14 16:39:28 - [TEST_STEP][PASSED] - TaxType = findTestData(dataFile).getValue("TaxType", row): null

2024-01-14 16:39:28 - [TEST_STEP][PASSED] - PaymentType = findTestData(dataFile).getValue("PaymentType", row): null

2024-01-14 16:39:28 - [TEST_STEP][PASSED] - feinSsn = findTestData(dataFile).getValue("FEINSSN", row): null

2024-01-14 16:39:28 - [TEST_STEP][PASSED] - if (ExecuteTC.equalsIgnoreCase("Y")): pages.WriteExcel.demoKey is PASSED

2024-01-14 16:39:28 - [TEST_STEP][PASSED] - out.println("Begin Record Number: " + row): null

2024-01-14 16:39:28 - [TEST_STEP][PASSED] - today = new java.util.Date(): null

2024-01-14 16:39:28 - [TEST_STEP][PASSED] - println(today): null

2024-01-14 16:39:28 - [TEST_STEP][PASSED] - datText = today: null

2024-01-14 16:39:28 - [TEST_STEP][PASSED] - logInfo("Payment Type: Existing Liability w/Notice Number"): Payment Type: Existing Liability w/Notice Number

2024-01-14 16:39:28 - [MESSAGE][INFO] - Payment Type: Existing Liability w/Notice Number

2024-01-14 16:39:28 - [TEST_STEP][PASSED] - logInfo("Tax Type: " + TaxType): Tax Type: Admissions and Amusement Tax

2024-01-14 16:39:28 - [MESSAGE][INFO] - Tax Type: Admissions and Amusement Tax

2024-01-14 16:39:28 - [TEST_STEP][PASSED] - openBrowser(""): Browser is opened with url: ''

2024-01-14 16:39:28 - [MESSAGE][WARNING] - A browser is already opened. Closing browser and opening a new one

2024-01-14 16:39:30 - [MESSAGE][INFO] - Starting 'Chrome' driver

2024-01-14 16:39:30 - [MESSAGE][INFO] - User set preference: ['acceptInsecureCerts', 'true']

2024-01-14 16:39:30 - [MESSAGE][INFO] - Action delay is set to 0 milliseconds

2024-01-14 16:39:31 - [MESSAGE][PASSED] - Browser is opened with url: ''

2024-01-14 16:39:31 - [TEST_STEP][PASSED] - maximizeWindow(): Current window maximized

2024-01-14 16:39:32 - [MESSAGE][PASSED] - Current window maximized

2024-01-14 16:39:32 - [TEST_STEP][PASSED] - navigateToUrl(RADurl): Navigate to 'https://qa2.velocitypayment.com/client/rad/index.html' successfully

2024-01-14 16:39:34 - [MESSAGE][PASSED] - Navigate to 'https://qa2.velocitypayment.com/client/rad/index.html' successfully

2024-01-14 16:39:34 - [TEST_STEP][PASSED] - selectOptionByLabel(findTestObject(orPath_Landing + "/dd_TaxType"), "Existing Liability w/Notice Number", false): All options with label 'Existing Liability w/Notice Number' are selected in object 'Object Repository/RAD_Pages/Landing_Page/dd_TaxType' 

2024-01-14 16:39:35 - [MESSAGE][PASSED] - All options with label 'Existing Liability w/Notice Number' are selected in object 'Object Repository/RAD_Pages/Landing_Page/dd_TaxType' 

2024-01-14 16:39:35 - [TEST_STEP][PASSED] - selectOptionByLabel(findTestObject(orPath_TaxTypeFilingYear + "/select_TaxType_ExistingLiability"), TaxType, false): All options with label 'Admissions and Amusement Tax' are selected in object 'Object Repository/RAD_Pages/TaxTypeFilingYear_Page/select_TaxType_ExistingLiability' 

2024-01-14 16:39:36 - [MESSAGE][PASSED] - All options with label 'Admissions and Amusement Tax' are selected in object 'Object Repository/RAD_Pages/TaxTypeFilingYear_Page/select_TaxType_ExistingLiability' 

2024-01-14 16:39:36 - [TEST_STEP][PASSED] - setText(findTestObject(orPath_TaxPayer + "/input_businessName"), " "): Text ' ' is set on object 'Object Repository/RAD_Pages/Taxpayer_Page/input_businessName'

2024-01-14 16:39:37 - [MESSAGE][PASSED] - Text ' ' is set on object 'Object Repository/RAD_Pages/Taxpayer_Page/input_businessName'

2024-01-14 16:39:37 - [TEST_STEP][PASSED] - setText(findTestObject(orPath_TaxPayer + "/input_BusinessRepfirstName"), " "): Text ' ' is set on object 'Object Repository/RAD_Pages/Taxpayer_Page/input_BusinessRepfirstName'

2024-01-14 16:39:37 - [MESSAGE][PASSED] - Text ' ' is set on object 'Object Repository/RAD_Pages/Taxpayer_Page/input_BusinessRepfirstName'

2024-01-14 16:39:37 - [TEST_STEP][PASSED] - setText(findTestObject(orPath_TaxPayer + "/input_BusinessReplastName"), " "): Text ' ' is set on object 'Object Repository/RAD_Pages/Taxpayer_Page/input_BusinessReplastName'

2024-01-14 16:39:38 - [MESSAGE][PASSED] - Text ' ' is set on object 'Object Repository/RAD_Pages/Taxpayer_Page/input_BusinessReplastName'

2024-01-14 16:39:38 - [TEST_STEP][PASSED] - setText(findTestObject(orPath_AddressContact + "/input_streetAddress1"), " "): Text ' ' is set on object 'Object Repository/RAD_Pages/AddressAndContactInfo_Page/input_streetAddress1'

2024-01-14 16:39:39 - [MESSAGE][PASSED] - Text ' ' is set on object 'Object Repository/RAD_Pages/AddressAndContactInfo_Page/input_streetAddress1'

2024-01-14 16:39:39 - [TEST_STEP][PASSED] - setText(findTestObject(orPath_AddressContact + "/input_city"), " "): Text ' ' is set on object 'Object Repository/RAD_Pages/AddressAndContactInfo_Page/input_city'

2024-01-14 16:39:39 - [MESSAGE][PASSED] - Text ' ' is set on object 'Object Repository/RAD_Pages/AddressAndContactInfo_Page/input_city'

2024-01-14 16:39:39 - [TEST_STEP][PASSED] - setText(findTestObject(orPath_AddressContact + "/input_zipCode"), " "): Text ' ' is set on object 'Object Repository/RAD_Pages/AddressAndContactInfo_Page/input_zipCode'

2024-01-14 16:39:40 - [MESSAGE][PASSED] - Text ' ' is set on object 'Object Repository/RAD_Pages/AddressAndContactInfo_Page/input_zipCode'

2024-01-14 16:39:40 - [TEST_STEP][PASSED] - setText(findTestObject(orPath_AddressContact + "/input_phoneNumber"), " "): Text ' ' is set on object 'Object Repository/RAD_Pages/AddressAndContactInfo_Page/input_phoneNumber'

2024-01-14 16:39:41 - [MESSAGE][PASSED] - Text ' ' is set on object 'Object Repository/RAD_Pages/AddressAndContactInfo_Page/input_phoneNumber'

2024-01-14 16:39:41 - [TEST_STEP][PASSED] - setText(findTestObject(orPath_AddressContact + "/input_eMailAddress"), " "): Text ' ' is set on object 'Object Repository/RAD_Pages/AddressAndContactInfo_Page/input_eMailAddress'

2024-01-14 16:39:42 - [MESSAGE][PASSED] - Text ' ' is set on object 'Object Repository/RAD_Pages/AddressAndContactInfo_Page/input_eMailAddress'

2024-01-14 16:39:42 - [TEST_STEP][PASSED] - setText(findTestObject(orPath_AddressContact + "/input_reEnterEMailAddress"), " "): Text ' ' is set on object 'Object Repository/RAD_Pages/AddressAndContactInfo_Page/input_reEnterEMailAddress'

2024-01-14 16:39:43 - [MESSAGE][PASSED] - Text ' ' is set on object 'Object Repository/RAD_Pages/AddressAndContactInfo_Page/input_reEnterEMailAddress'

2024-01-14 16:39:43 - [TEST_STEP][PASSED] - if (TaxType.equalsIgnoreCase("Estate Tax")): null

2024-01-14 16:39:43 - [TEST_STEP][PASSED] - resText = "Fail": null

2024-01-14 16:39:43 - [TEST_STEP][PASSED] - pages.WriteExcel.demoKey(resText, datText, resColumn, datCloumn, fileLoc, nameSheet, row): pages.WriteExcel.demoKey is PASSED

2024-01-14 16:39:43 - [MESSAGE][PASSED] - pages.WriteExcel.demoKey is PASSED

2024-01-14 16:39:43 - [TEST_STEP][PASSED] - verifyTextPresent("Enter business name", true, CONTINUE_ON_FAILURE): Text 'Enter business name' is present on page  using regular expression

2024-01-14 16:39:43 - [MESSAGE][PASSED] - Text 'Enter business name' is present on page  using regular expression

2024-01-14 16:39:43 - [TEST_STEP][PASSED] - verifyTextPresent("Enter business rep first name", true, CONTINUE_ON_FAILURE): Text 'Enter business rep first name' is present on page  using regular expression

2024-01-14 16:39:44 - [MESSAGE][PASSED] - Text 'Enter business rep first name' is present on page  using regular expression

2024-01-14 16:39:44 - [TEST_STEP][PASSED] - verifyTextPresent("Enter business rep last name", true, CONTINUE_ON_FAILURE): Text 'Enter business rep last name' is present on page  using regular expression

2024-01-14 16:39:44 - [MESSAGE][PASSED] - Text 'Enter business rep last name' is present on page  using regular expression

2024-01-14 16:39:44 - [TEST_STEP][PASSED] - verifyTextPresent("Enter address", true, CONTINUE_ON_FAILURE): Text 'Enter address' is present on page  using regular expression

2024-01-14 16:39:44 - [MESSAGE][PASSED] - Text 'Enter address' is present on page  using regular expression

2024-01-14 16:39:44 - [TEST_STEP][PASSED] - verifyTextPresent("Enter city", true, CONTINUE_ON_FAILURE): Text 'Enter city' is present on page  using regular expression

2024-01-14 16:39:45 - [MESSAGE][PASSED] - Text 'Enter city' is present on page  using regular expression

2024-01-14 16:39:45 - [TEST_STEP][PASSED] - verifyTextPresent("Enter ZIP code", true, CONTINUE_ON_FAILURE): Text 'Enter ZIP code' is present on page  using regular expression

2024-01-14 16:39:45 - [MESSAGE][PASSED] - Text 'Enter ZIP code' is present on page  using regular expression

2024-01-14 16:39:45 - [TEST_STEP][PASSED] - verifyTextPresent("Enter a valid phone number", true, CONTINUE_ON_FAILURE): Text 'Enter a valid phone number' is present on page  using regular expression

2024-01-14 16:39:45 - [MESSAGE][PASSED] - Text 'Enter a valid phone number' is present on page  using regular expression

2024-01-14 16:39:45 - [TEST_STEP][PASSED] - verifyTextPresent("Enter Email", true, CONTINUE_ON_FAILURE): Text 'Enter Email' is present on page  using regular expression

2024-01-14 16:39:46 - [MESSAGE][PASSED] - Text 'Enter Email' is present on page  using regular expression

2024-01-14 16:39:46 - [TEST_STEP][PASSED] - if (TaxType.equalsIgnoreCase("Estate Tax")): null

2024-01-14 16:39:46 - [TEST_STEP][PASSED] - resText = "Pass": null

2024-01-14 16:39:46 - [TEST_STEP][PASSED] - pages.WriteExcel.demoKey(resText, datText, resColumn, datCloumn, fileLoc, nameSheet, row): pages.WriteExcel.demoKey is PASSED

2024-01-14 16:39:46 - [MESSAGE][PASSED] - pages.WriteExcel.demoKey is PASSED

2024-01-14 16:39:46 - [TEST_STEP][PASSED] - ExecuteTC = findTestData(dataFile).getValue("Execute", row): null

2024-01-14 16:39:46 - [TEST_STEP][PASSED] - TaxType = findTestData(dataFile).getValue("TaxType", row): null

2024-01-14 16:39:46 - [TEST_STEP][PASSED] - PaymentType = findTestData(dataFile).getValue("PaymentType", row): null

2024-01-14 16:39:46 - [TEST_STEP][PASSED] - feinSsn = findTestData(dataFile).getValue("FEINSSN", row): null

2024-01-14 16:39:46 - [TEST_STEP][FAILED] - if (ExecuteTC.equalsIgnoreCase("Y")): null

2024-01-14 16:39:46 - [TEST_STEP][PASSED] - out.println("Begin Record Number: " + row): null

2024-01-14 16:39:46 - [TEST_STEP][PASSED] - today = new java.util.Date(): null

2024-01-14 16:39:46 - [TEST_STEP][PASSED] - println(today): null

2024-01-14 16:39:46 - [TEST_STEP][PASSED] - datText = today: null

2024-01-14 16:39:46 - [TEST_STEP][PASSED] - logInfo("Payment Type: Existing Liability w/Notice Number"): Payment Type: Existing Liability w/Notice Number

2024-01-14 16:39:46 - [MESSAGE][INFO] - Payment Type: Existing Liability w/Notice Number

2024-01-14 16:39:46 - [TEST_STEP][PASSED] - logInfo("Tax Type: " + TaxType): Tax Type: Estate Tax

2024-01-14 16:39:46 - [MESSAGE][INFO] - Tax Type: Estate Tax

2024-01-14 16:39:46 - [TEST_STEP][PASSED] - openBrowser(""): Browser is opened with url: ''

2024-01-14 16:39:46 - [MESSAGE][WARNING] - A browser is already opened. Closing browser and opening a new one

2024-01-14 16:39:47 - [MESSAGE][INFO] - Starting 'Chrome' driver

2024-01-14 16:39:47 - [MESSAGE][INFO] - User set preference: ['acceptInsecureCerts', 'true']

2024-01-14 16:39:47 - [MESSAGE][INFO] - Action delay is set to 0 milliseconds

2024-01-14 16:39:49 - [MESSAGE][PASSED] - Browser is opened with url: ''

2024-01-14 16:39:49 - [TEST_STEP][PASSED] - maximizeWindow(): Current window maximized

2024-01-14 16:39:49 - [MESSAGE][PASSED] - Current window maximized

2024-01-14 16:39:49 - [TEST_STEP][PASSED] - navigateToUrl(RADurl): Navigate to 'https://qa2.velocitypayment.com/client/rad/index.html' successfully

2024-01-14 16:39:50 - [MESSAGE][PASSED] - Navigate to 'https://qa2.velocitypayment.com/client/rad/index.html' successfully

2024-01-14 16:39:50 - [TEST_STEP][PASSED] - selectOptionByLabel(findTestObject(orPath_Landing + "/dd_TaxType"), "Existing Liability w/Notice Number", false): All options with label 'Existing Liability w/Notice Number' are selected in object 'Object Repository/RAD_Pages/Landing_Page/dd_TaxType' 

2024-01-14 16:39:51 - [MESSAGE][PASSED] - All options with label 'Existing Liability w/Notice Number' are selected in object 'Object Repository/RAD_Pages/Landing_Page/dd_TaxType' 

2024-01-14 16:39:51 - [TEST_STEP][PASSED] - selectOptionByLabel(findTestObject(orPath_TaxTypeFilingYear + "/select_TaxType_ExistingLiability"), TaxType, false): All options with label 'Estate Tax' are selected in object 'Object Repository/RAD_Pages/TaxTypeFilingYear_Page/select_TaxType_ExistingLiability' 

2024-01-14 16:39:52 - [MESSAGE][PASSED] - All options with label 'Estate Tax' are selected in object 'Object Repository/RAD_Pages/TaxTypeFilingYear_Page/select_TaxType_ExistingLiability' 

2024-01-14 16:39:52 - [TEST_STEP][PASSED] - setText(findTestObject(orPath_TaxPayer + "/input_businessName"), " "): Text ' ' is set on object 'Object Repository/RAD_Pages/Taxpayer_Page/input_businessName'

2024-01-14 16:39:53 - [MESSAGE][PASSED] - Text ' ' is set on object 'Object Repository/RAD_Pages/Taxpayer_Page/input_businessName'

2024-01-14 16:39:53 - [TEST_STEP][PASSED] - setText(findTestObject(orPath_TaxPayer + "/input_BusinessRepfirstName"), " "): Text ' ' is set on object 'Object Repository/RAD_Pages/Taxpayer_Page/input_BusinessRepfirstName'

2024-01-14 16:39:53 - [MESSAGE][PASSED] - Text ' ' is set on object 'Object Repository/RAD_Pages/Taxpayer_Page/input_BusinessRepfirstName'

2024-01-14 16:39:53 - [TEST_STEP][PASSED] - setText(findTestObject(orPath_TaxPayer + "/input_BusinessReplastName"), " "): Text ' ' is set on object 'Object Repository/RAD_Pages/Taxpayer_Page/input_BusinessReplastName'

2024-01-14 16:39:54 - [MESSAGE][PASSED] - Text ' ' is set on object 'Object Repository/RAD_Pages/Taxpayer_Page/input_BusinessReplastName'

2024-01-14 16:39:54 - [TEST_STEP][PASSED] - setText(findTestObject(orPath_AddressContact + "/input_streetAddress1"), " "): Text ' ' is set on object 'Object Repository/RAD_Pages/AddressAndContactInfo_Page/input_streetAddress1'

2024-01-14 16:39:55 - [MESSAGE][PASSED] - Text ' ' is set on object 'Object Repository/RAD_Pages/AddressAndContactInfo_Page/input_streetAddress1'

2024-01-14 16:39:55 - [TEST_STEP][PASSED] - setText(findTestObject(orPath_AddressContact + "/input_city"), " "): Text ' ' is set on object 'Object Repository/RAD_Pages/AddressAndContactInfo_Page/input_city'

2024-01-14 16:39:55 - [MESSAGE][PASSED] - Text ' ' is set on object 'Object Repository/RAD_Pages/AddressAndContactInfo_Page/input_city'

2024-01-14 16:39:55 - [TEST_STEP][PASSED] - setText(findTestObject(orPath_AddressContact + "/input_zipCode"), " "): Text ' ' is set on object 'Object Repository/RAD_Pages/AddressAndContactInfo_Page/input_zipCode'

2024-01-14 16:39:56 - [MESSAGE][PASSED] - Text ' ' is set on object 'Object Repository/RAD_Pages/AddressAndContactInfo_Page/input_zipCode'

2024-01-14 16:39:56 - [TEST_STEP][PASSED] - setText(findTestObject(orPath_AddressContact + "/input_phoneNumber"), " "): Text ' ' is set on object 'Object Repository/RAD_Pages/AddressAndContactInfo_Page/input_phoneNumber'

2024-01-14 16:39:57 - [MESSAGE][PASSED] - Text ' ' is set on object 'Object Repository/RAD_Pages/AddressAndContactInfo_Page/input_phoneNumber'

2024-01-14 16:39:57 - [TEST_STEP][PASSED] - setText(findTestObject(orPath_AddressContact + "/input_eMailAddress"), " "): Text ' ' is set on object 'Object Repository/RAD_Pages/AddressAndContactInfo_Page/input_eMailAddress'

2024-01-14 16:39:58 - [MESSAGE][PASSED] - Text ' ' is set on object 'Object Repository/RAD_Pages/AddressAndContactInfo_Page/input_eMailAddress'

2024-01-14 16:39:58 - [TEST_STEP][PASSED] - setText(findTestObject(orPath_AddressContact + "/input_reEnterEMailAddress"), " "): Text ' ' is set on object 'Object Repository/RAD_Pages/AddressAndContactInfo_Page/input_reEnterEMailAddress'

2024-01-14 16:39:58 - [MESSAGE][PASSED] - Text ' ' is set on object 'Object Repository/RAD_Pages/AddressAndContactInfo_Page/input_reEnterEMailAddress'

2024-01-14 16:39:58 - [TEST_STEP][PASSED] - if (TaxType.equalsIgnoreCase("Estate Tax")): Text ' ' is set on object 'Object Repository/RAD_Pages/TaxInfo_Page/input_ReTypeDecedentSSN'

2024-01-14 16:39:58 - [TEST_STEP][PASSED] - setText(findTestObject(orPath_TaxInfo + "/input_DecedentSSN"), " "): Text ' ' is set on object 'Object Repository/RAD_Pages/TaxInfo_Page/input_DecedentSSN'

2024-01-14 16:39:59 - [MESSAGE][PASSED] - Text ' ' is set on object 'Object Repository/RAD_Pages/TaxInfo_Page/input_DecedentSSN'

2024-01-14 16:39:59 - [TEST_STEP][PASSED] - setText(findTestObject(orPath_TaxInfo + "/input_ReTypeDecedentSSN"), " "): Text ' ' is set on object 'Object Repository/RAD_Pages/TaxInfo_Page/input_ReTypeDecedentSSN'

2024-01-14 16:40:00 - [MESSAGE][PASSED] - Text ' ' is set on object 'Object Repository/RAD_Pages/TaxInfo_Page/input_ReTypeDecedentSSN'

2024-01-14 16:40:00 - [TEST_STEP][PASSED] - resText = "Fail": null

2024-01-14 16:40:00 - [TEST_STEP][PASSED] - pages.WriteExcel.demoKey(resText, datText, resColumn, datCloumn, fileLoc, nameSheet, row): pages.WriteExcel.demoKey is PASSED

2024-01-14 16:40:00 - [MESSAGE][PASSED] - pages.WriteExcel.demoKey is PASSED

2024-01-14 16:40:00 - [TEST_STEP][PASSED] - verifyTextPresent("Enter business name", true, CONTINUE_ON_FAILURE): Text 'Enter business name' is present on page  using regular expression

2024-01-14 16:40:00 - [MESSAGE][PASSED] - Text 'Enter business name' is present on page  using regular expression

2024-01-14 16:40:00 - [TEST_STEP][PASSED] - verifyTextPresent("Enter business rep first name", true, CONTINUE_ON_FAILURE): Text 'Enter business rep first name' is present on page  using regular expression

2024-01-14 16:40:01 - [MESSAGE][PASSED] - Text 'Enter business rep first name' is present on page  using regular expression

2024-01-14 16:40:01 - [TEST_STEP][PASSED] - verifyTextPresent("Enter business rep last name", true, CONTINUE_ON_FAILURE): Text 'Enter business rep last name' is present on page  using regular expression

2024-01-14 16:40:01 - [MESSAGE][PASSED] - Text 'Enter business rep last name' is present on page  using regular expression

2024-01-14 16:40:01 - [TEST_STEP][PASSED] - verifyTextPresent("Enter address", true, CONTINUE_ON_FAILURE): Text 'Enter address' is present on page  using regular expression

2024-01-14 16:40:01 - [MESSAGE][PASSED] - Text 'Enter address' is present on page  using regular expression

2024-01-14 16:40:01 - [TEST_STEP][PASSED] - verifyTextPresent("Enter city", true, CONTINUE_ON_FAILURE): Text 'Enter city' is present on page  using regular expression

2024-01-14 16:40:02 - [MESSAGE][PASSED] - Text 'Enter city' is present on page  using regular expression

2024-01-14 16:40:02 - [TEST_STEP][PASSED] - verifyTextPresent("Enter ZIP code", true, CONTINUE_ON_FAILURE): Text 'Enter ZIP code' is present on page  using regular expression

2024-01-14 16:40:02 - [MESSAGE][PASSED] - Text 'Enter ZIP code' is present on page  using regular expression

2024-01-14 16:40:02 - [TEST_STEP][PASSED] - verifyTextPresent("Enter a valid phone number", true, CONTINUE_ON_FAILURE): Text 'Enter a valid phone number' is present on page  using regular expression

2024-01-14 16:40:02 - [MESSAGE][PASSED] - Text 'Enter a valid phone number' is present on page  using regular expression

2024-01-14 16:40:02 - [TEST_STEP][PASSED] - verifyTextPresent("Enter Email", true, CONTINUE_ON_FAILURE): Text 'Enter Email' is present on page  using regular expression

2024-01-14 16:40:03 - [MESSAGE][PASSED] - Text 'Enter Email' is present on page  using regular expression

2024-01-14 16:40:03 - [TEST_STEP][FAILED] - if (TaxType.equalsIgnoreCase("Estate Tax")): Text 'Re-type Decedent SSN Validation Error' is not present on page  using regular expression (Root cause: com.kms.katalon.core.exception.StepFailedException: Text 'Re-type Decedent SSN Validation Error' is not present on page  using regular expression
	at com.kms.katalon.core.webui.keyword.internal.WebUIKeywordMain.stepFailed(WebUIKeywordMain.groovy:64)
	at com.kms.katalon.core.webui.keyword.builtin.VerifyTextPresentKeyword$_verifyTextPresent_closure1.doCall(VerifyTextPresentKeyword.groovy:79)
	at com.kms.katalon.core.webui.keyword.builtin.VerifyTextPresentKeyword$_verifyTextPresent_closure1.call(VerifyTextPresentKeyword.groovy)
	at com.kms.katalon.core.webui.keyword.internal.WebUIKeywordMain.runKeyword(WebUIKeywordMain.groovy:20)
	at com.kms.katalon.core.webui.keyword.builtin.VerifyTextPresentKeyword.verifyTextPresent(VerifyTextPresentKeyword.groovy:83)
	at com.kms.katalon.core.webui.keyword.builtin.VerifyTextPresentKeyword.execute(VerifyTextPresentKeyword.groovy:68)
	at com.kms.katalon.core.keyword.internal.KeywordExecutor.executeKeywordForPlatform(KeywordExecutor.groovy:74)
	at com.kms.katalon.core.webui.keyword.WebUiBuiltInKeywords.verifyTextPresent(WebUiBuiltInKeywords.groovy:1707)
	at com.kms.katalon.core.webui.keyword.WebUiBuiltInKeywords$verifyTextPresent$10.call(Unknown Source)
	at Existing_MRF_TC.run(Existing_MRF_TC:145)
	at com.kms.katalon.core.main.ScriptEngine.run(ScriptEngine.java:194)
	at com.kms.katalon.core.main.ScriptEngine.runScriptAsRawText(ScriptEngine.java:119)
	at com.kms.katalon.core.main.TestCaseExecutor.runScript(TestCaseExecutor.java:448)
	at com.kms.katalon.core.main.TestCaseExecutor.doExecute(TestCaseExecutor.java:439)
	at com.kms.katalon.core.main.TestCaseExecutor.processExecutionPhase(TestCaseExecutor.java:418)
	at com.kms.katalon.core.main.TestCaseExecutor.accessMainPhase(TestCaseExecutor.java:410)
	at com.kms.katalon.core.main.TestCaseExecutor.execute(TestCaseExecutor.java:285)
	at com.kms.katalon.core.common.CommonExecutor.accessTestCaseMainPhase(CommonExecutor.java:65)
	at com.kms.katalon.core.main.TestSuiteExecutor.accessTestSuiteMainPhase(TestSuiteExecutor.java:148)
	at com.kms.katalon.core.main.TestSuiteExecutor.execute(TestSuiteExecutor.java:106)
	at com.kms.katalon.core.main.TestCaseMain.startTestSuite(TestCaseMain.java:187)
	at com.kms.katalon.core.main.TestCaseMain$startTestSuite$0.call(Unknown Source)
	at TempTestSuite1705265880633.run(TempTestSuite1705265880633.groovy:36)
)

2024-01-14 16:40:03 - [TEST_STEP][PASSED] - verifyTextPresent("Please enter a valid Decedent SSN with 9 digits", true, CONTINUE_ON_FAILURE): Text 'Please enter a valid Decedent SSN with 9 digits' is present on page  using regular expression

2024-01-14 16:40:03 - [MESSAGE][PASSED] - Text 'Please enter a valid Decedent SSN with 9 digits' is present on page  using regular expression

2024-01-14 16:40:03 - [TEST_STEP][FAILED] - verifyTextPresent("Re-type Decedent SSN Validation Error", true, CONTINUE_ON_FAILURE): Text 'Re-type Decedent SSN Validation Error' is not present on page  using regular expression (Root cause: com.kms.katalon.core.exception.StepFailedException: Text 'Re-type Decedent SSN Validation Error' is not present on page  using regular expression
	at com.kms.katalon.core.webui.keyword.internal.WebUIKeywordMain.stepFailed(WebUIKeywordMain.groovy:64)
	at com.kms.katalon.core.webui.keyword.builtin.VerifyTextPresentKeyword$_verifyTextPresent_closure1.doCall(VerifyTextPresentKeyword.groovy:79)
	at com.kms.katalon.core.webui.keyword.builtin.VerifyTextPresentKeyword$_verifyTextPresent_closure1.call(VerifyTextPresentKeyword.groovy)
	at com.kms.katalon.core.webui.keyword.internal.WebUIKeywordMain.runKeyword(WebUIKeywordMain.groovy:20)
	at com.kms.katalon.core.webui.keyword.builtin.VerifyTextPresentKeyword.verifyTextPresent(VerifyTextPresentKeyword.groovy:83)
	at com.kms.katalon.core.webui.keyword.builtin.VerifyTextPresentKeyword.execute(VerifyTextPresentKeyword.groovy:68)
	at com.kms.katalon.core.keyword.internal.KeywordExecutor.executeKeywordForPlatform(KeywordExecutor.groovy:74)
	at com.kms.katalon.core.webui.keyword.WebUiBuiltInKeywords.verifyTextPresent(WebUiBuiltInKeywords.groovy:1707)
	at com.kms.katalon.core.webui.keyword.WebUiBuiltInKeywords$verifyTextPresent$10.call(Unknown Source)
	at Existing_MRF_TC.run(Existing_MRF_TC:145)
	at com.kms.katalon.core.main.ScriptEngine.run(ScriptEngine.java:194)
	at com.kms.katalon.core.main.ScriptEngine.runScriptAsRawText(ScriptEngine.java:119)
	at com.kms.katalon.core.main.TestCaseExecutor.runScript(TestCaseExecutor.java:448)
	at com.kms.katalon.core.main.TestCaseExecutor.doExecute(TestCaseExecutor.java:439)
	at com.kms.katalon.core.main.TestCaseExecutor.processExecutionPhase(TestCaseExecutor.java:418)
	at com.kms.katalon.core.main.TestCaseExecutor.accessMainPhase(TestCaseExecutor.java:410)
	at com.kms.katalon.core.main.TestCaseExecutor.execute(TestCaseExecutor.java:285)
	at com.kms.katalon.core.common.CommonExecutor.accessTestCaseMainPhase(CommonExecutor.java:65)
	at com.kms.katalon.core.main.TestSuiteExecutor.accessTestSuiteMainPhase(TestSuiteExecutor.java:148)
	at com.kms.katalon.core.main.TestSuiteExecutor.execute(TestSuiteExecutor.java:106)
	at com.kms.katalon.core.main.TestCaseMain.startTestSuite(TestCaseMain.java:187)
	at com.kms.katalon.core.main.TestCaseMain$startTestSuite$0.call(Unknown Source)
	at TempTestSuite1705265880633.run(TempTestSuite1705265880633.groovy:36)
)

2024-01-14 16:40:03 - [MESSAGE][FAILED] - Text 'Re-type Decedent SSN Validation Error' is not present on page  using regular expression (Root cause: com.kms.katalon.core.exception.StepFailedException: Text 'Re-type Decedent SSN Validation Error' is not present on page  using regular expression
	at com.kms.katalon.core.webui.keyword.internal.WebUIKeywordMain.stepFailed(WebUIKeywordMain.groovy:64)
	at com.kms.katalon.core.webui.keyword.builtin.VerifyTextPresentKeyword$_verifyTextPresent_closure1.doCall(VerifyTextPresentKeyword.groovy:79)
	at com.kms.katalon.core.webui.keyword.builtin.VerifyTextPresentKeyword$_verifyTextPresent_closure1.call(VerifyTextPresentKeyword.groovy)
	at com.kms.katalon.core.webui.keyword.internal.WebUIKeywordMain.runKeyword(WebUIKeywordMain.groovy:20)
	at com.kms.katalon.core.webui.keyword.builtin.VerifyTextPresentKeyword.verifyTextPresent(VerifyTextPresentKeyword.groovy:83)
	at com.kms.katalon.core.webui.keyword.builtin.VerifyTextPresentKeyword.execute(VerifyTextPresentKeyword.groovy:68)
	at com.kms.katalon.core.keyword.internal.KeywordExecutor.executeKeywordForPlatform(KeywordExecutor.groovy:74)
	at com.kms.katalon.core.webui.keyword.WebUiBuiltInKeywords.verifyTextPresent(WebUiBuiltInKeywords.groovy:1707)
	at com.kms.katalon.core.webui.keyword.WebUiBuiltInKeywords$verifyTextPresent$10.call(Unknown Source)
	at Existing_MRF_TC.run(Existing_MRF_TC:145)
	at com.kms.katalon.core.main.ScriptEngine.run(ScriptEngine.java:194)
	at com.kms.katalon.core.main.ScriptEngine.runScriptAsRawText(ScriptEngine.java:119)
	at com.kms.katalon.core.main.TestCaseExecutor.runScript(TestCaseExecutor.java:448)
	at com.kms.katalon.core.main.TestCaseExecutor.doExecute(TestCaseExecutor.java:439)
	at com.kms.katalon.core.main.TestCaseExecutor.processExecutionPhase(TestCaseExecutor.java:418)
	at com.kms.katalon.core.main.TestCaseExecutor.accessMainPhase(TestCaseExecutor.java:410)
	at com.kms.katalon.core.main.TestCaseExecutor.execute(TestCaseExecutor.java:285)
	at com.kms.katalon.core.common.CommonExecutor.accessTestCaseMainPhase(CommonExecutor.java:65)
	at com.kms.katalon.core.main.TestSuiteExecutor.accessTestSuiteMainPhase(TestSuiteExecutor.java:148)
	at com.kms.katalon.core.main.TestSuiteExecutor.execute(TestSuiteExecutor.java:106)
	at com.kms.katalon.core.main.TestCaseMain.startTestSuite(TestCaseMain.java:187)
	at com.kms.katalon.core.main.TestCaseMain$startTestSuite$0.call(Unknown Source)
	at TempTestSuite1705265880633.run(TempTestSuite1705265880633.groovy:36)
)

2024-01-14 16:40:04 - [TEST_STEP][PASSED] - resText = "Pass": null

2024-01-14 16:40:04 - [TEST_STEP][PASSED] - pages.WriteExcel.demoKey(resText, datText, resColumn, datCloumn, fileLoc, nameSheet, row): pages.WriteExcel.demoKey is PASSED

2024-01-14 16:40:04 - [MESSAGE][PASSED] - pages.WriteExcel.demoKey is PASSED

2024-01-14 16:40:04 - [TEST_STEP][PASSED] - ExecuteTC = findTestData(dataFile).getValue("Execute", row): null

2024-01-14 16:40:04 - [TEST_STEP][PASSED] - TaxType = findTestData(dataFile).getValue("TaxType", row): null

2024-01-14 16:40:04 - [TEST_STEP][PASSED] - PaymentType = findTestData(dataFile).getValue("PaymentType", row): null

2024-01-14 16:40:04 - [TEST_STEP][PASSED] - feinSsn = findTestData(dataFile).getValue("FEINSSN", row): null

2024-01-14 16:40:04 - [TEST_STEP][PASSED] - if (ExecuteTC.equalsIgnoreCase("Y")): pages.WriteExcel.demoKey is PASSED

2024-01-14 16:40:04 - [TEST_STEP][PASSED] - out.println("Begin Record Number: " + row): null

2024-01-14 16:40:04 - [TEST_STEP][PASSED] - today = new java.util.Date(): null

2024-01-14 16:40:04 - [TEST_STEP][PASSED] - println(today): null

2024-01-14 16:40:04 - [TEST_STEP][PASSED] - datText = today: null

2024-01-14 16:40:04 - [TEST_STEP][PASSED] - logInfo("Payment Type: Existing Liability w/Notice Number"): Payment Type: Existing Liability w/Notice Number

2024-01-14 16:40:04 - [MESSAGE][INFO] - Payment Type: Existing Liability w/Notice Number

2024-01-14 16:40:04 - [TEST_STEP][PASSED] - logInfo("Tax Type: " + TaxType): Tax Type: Motor Fuel Tax

2024-01-14 16:40:04 - [MESSAGE][INFO] - Tax Type: Motor Fuel Tax

2024-01-14 16:40:04 - [TEST_STEP][PASSED] - openBrowser(""): Browser is opened with url: ''

2024-01-14 16:40:04 - [MESSAGE][WARNING] - A browser is already opened. Closing browser and opening a new one

2024-01-14 16:40:05 - [MESSAGE][INFO] - Starting 'Chrome' driver

2024-01-14 16:40:05 - [MESSAGE][INFO] - User set preference: ['acceptInsecureCerts', 'true']

2024-01-14 16:40:05 - [MESSAGE][INFO] - Action delay is set to 0 milliseconds

2024-01-14 16:40:07 - [MESSAGE][PASSED] - Browser is opened with url: ''

2024-01-14 16:40:07 - [TEST_STEP][PASSED] - maximizeWindow(): Current window maximized

2024-01-14 16:40:07 - [MESSAGE][PASSED] - Current window maximized

2024-01-14 16:40:07 - [TEST_STEP][PASSED] - navigateToUrl(RADurl): Navigate to 'https://qa2.velocitypayment.com/client/rad/index.html' successfully

2024-01-14 16:40:07 - [MESSAGE][PASSED] - Navigate to 'https://qa2.velocitypayment.com/client/rad/index.html' successfully

2024-01-14 16:40:07 - [TEST_STEP][PASSED] - selectOptionByLabel(findTestObject(orPath_Landing + "/dd_TaxType"), "Existing Liability w/Notice Number", false): All options with label 'Existing Liability w/Notice Number' are selected in object 'Object Repository/RAD_Pages/Landing_Page/dd_TaxType' 

2024-01-14 16:40:09 - [MESSAGE][PASSED] - All options with label 'Existing Liability w/Notice Number' are selected in object 'Object Repository/RAD_Pages/Landing_Page/dd_TaxType' 

2024-01-14 16:40:09 - [TEST_STEP][PASSED] - selectOptionByLabel(findTestObject(orPath_TaxTypeFilingYear + "/select_TaxType_ExistingLiability"), TaxType, false): All options with label 'Motor Fuel Tax' are selected in object 'Object Repository/RAD_Pages/TaxTypeFilingYear_Page/select_TaxType_ExistingLiability' 

2024-01-14 16:40:09 - [MESSAGE][PASSED] - All options with label 'Motor Fuel Tax' are selected in object 'Object Repository/RAD_Pages/TaxTypeFilingYear_Page/select_TaxType_ExistingLiability' 

2024-01-14 16:40:09 - [TEST_STEP][PASSED] - setText(findTestObject(orPath_TaxPayer + "/input_businessName"), " "): Text ' ' is set on object 'Object Repository/RAD_Pages/Taxpayer_Page/input_businessName'

2024-01-14 16:40:10 - [MESSAGE][PASSED] - Text ' ' is set on object 'Object Repository/RAD_Pages/Taxpayer_Page/input_businessName'

2024-01-14 16:40:10 - [TEST_STEP][PASSED] - setText(findTestObject(orPath_TaxPayer + "/input_BusinessRepfirstName"), " "): Text ' ' is set on object 'Object Repository/RAD_Pages/Taxpayer_Page/input_BusinessRepfirstName'

2024-01-14 16:40:11 - [MESSAGE][PASSED] - Text ' ' is set on object 'Object Repository/RAD_Pages/Taxpayer_Page/input_BusinessRepfirstName'

2024-01-14 16:40:11 - [TEST_STEP][PASSED] - setText(findTestObject(orPath_TaxPayer + "/input_BusinessReplastName"), " "): Text ' ' is set on object 'Object Repository/RAD_Pages/Taxpayer_Page/input_BusinessReplastName'

2024-01-14 16:40:12 - [MESSAGE][PASSED] - Text ' ' is set on object 'Object Repository/RAD_Pages/Taxpayer_Page/input_BusinessReplastName'

2024-01-14 16:40:12 - [TEST_STEP][PASSED] - setText(findTestObject(orPath_AddressContact + "/input_streetAddress1"), " "): Text ' ' is set on object 'Object Repository/RAD_Pages/AddressAndContactInfo_Page/input_streetAddress1'

2024-01-14 16:40:12 - [MESSAGE][PASSED] - Text ' ' is set on object 'Object Repository/RAD_Pages/AddressAndContactInfo_Page/input_streetAddress1'

2024-01-14 16:40:12 - [TEST_STEP][PASSED] - setText(findTestObject(orPath_AddressContact + "/input_city"), " "): Text ' ' is set on object 'Object Repository/RAD_Pages/AddressAndContactInfo_Page/input_city'

2024-01-14 16:40:13 - [MESSAGE][PASSED] - Text ' ' is set on object 'Object Repository/RAD_Pages/AddressAndContactInfo_Page/input_city'

2024-01-14 16:40:13 - [TEST_STEP][PASSED] - setText(findTestObject(orPath_AddressContact + "/input_zipCode"), " "): Text ' ' is set on object 'Object Repository/RAD_Pages/AddressAndContactInfo_Page/input_zipCode'

2024-01-14 16:40:14 - [MESSAGE][PASSED] - Text ' ' is set on object 'Object Repository/RAD_Pages/AddressAndContactInfo_Page/input_zipCode'

2024-01-14 16:40:14 - [TEST_STEP][PASSED] - setText(findTestObject(orPath_AddressContact + "/input_phoneNumber"), " "): Text ' ' is set on object 'Object Repository/RAD_Pages/AddressAndContactInfo_Page/input_phoneNumber'

2024-01-14 16:40:14 - [MESSAGE][PASSED] - Text ' ' is set on object 'Object Repository/RAD_Pages/AddressAndContactInfo_Page/input_phoneNumber'

2024-01-14 16:40:14 - [TEST_STEP][PASSED] - setText(findTestObject(orPath_AddressContact + "/input_eMailAddress"), " "): Text ' ' is set on object 'Object Repository/RAD_Pages/AddressAndContactInfo_Page/input_eMailAddress'

2024-01-14 16:40:15 - [MESSAGE][PASSED] - Text ' ' is set on object 'Object Repository/RAD_Pages/AddressAndContactInfo_Page/input_eMailAddress'

2024-01-14 16:40:15 - [TEST_STEP][PASSED] - setText(findTestObject(orPath_AddressContact + "/input_reEnterEMailAddress"), " "): Text ' ' is set on object 'Object Repository/RAD_Pages/AddressAndContactInfo_Page/input_reEnterEMailAddress'

2024-01-14 16:40:16 - [MESSAGE][PASSED] - Text ' ' is set on object 'Object Repository/RAD_Pages/AddressAndContactInfo_Page/input_reEnterEMailAddress'

2024-01-14 16:40:16 - [TEST_STEP][PASSED] - if (TaxType.equalsIgnoreCase("Estate Tax")): null

2024-01-14 16:40:16 - [TEST_STEP][PASSED] - resText = "Fail": null

2024-01-14 16:40:16 - [TEST_STEP][PASSED] - pages.WriteExcel.demoKey(resText, datText, resColumn, datCloumn, fileLoc, nameSheet, row): pages.WriteExcel.demoKey is PASSED

2024-01-14 16:40:16 - [MESSAGE][PASSED] - pages.WriteExcel.demoKey is PASSED

2024-01-14 16:40:16 - [TEST_STEP][PASSED] - verifyTextPresent("Enter business name", true, CONTINUE_ON_FAILURE): Text 'Enter business name' is present on page  using regular expression

2024-01-14 16:40:17 - [MESSAGE][PASSED] - Text 'Enter business name' is present on page  using regular expression

2024-01-14 16:40:17 - [TEST_STEP][PASSED] - verifyTextPresent("Enter business rep first name", true, CONTINUE_ON_FAILURE): Text 'Enter business rep first name' is present on page  using regular expression

2024-01-14 16:40:17 - [MESSAGE][PASSED] - Text 'Enter business rep first name' is present on page  using regular expression

2024-01-14 16:40:17 - [TEST_STEP][PASSED] - verifyTextPresent("Enter business rep last name", true, CONTINUE_ON_FAILURE): Text 'Enter business rep last name' is present on page  using regular expression

2024-01-14 16:40:17 - [MESSAGE][PASSED] - Text 'Enter business rep last name' is present on page  using regular expression

2024-01-14 16:40:17 - [TEST_STEP][PASSED] - verifyTextPresent("Enter address", true, CONTINUE_ON_FAILURE): Text 'Enter address' is present on page  using regular expression

2024-01-14 16:40:18 - [MESSAGE][PASSED] - Text 'Enter address' is present on page  using regular expression

2024-01-14 16:40:18 - [TEST_STEP][PASSED] - verifyTextPresent("Enter city", true, CONTINUE_ON_FAILURE): Text 'Enter city' is present on page  using regular expression

2024-01-14 16:40:18 - [MESSAGE][PASSED] - Text 'Enter city' is present on page  using regular expression

2024-01-14 16:40:18 - [TEST_STEP][PASSED] - verifyTextPresent("Enter ZIP code", true, CONTINUE_ON_FAILURE): Text 'Enter ZIP code' is present on page  using regular expression

2024-01-14 16:40:18 - [MESSAGE][PASSED] - Text 'Enter ZIP code' is present on page  using regular expression

2024-01-14 16:40:18 - [TEST_STEP][PASSED] - verifyTextPresent("Enter a valid phone number", true, CONTINUE_ON_FAILURE): Text 'Enter a valid phone number' is present on page  using regular expression

2024-01-14 16:40:19 - [MESSAGE][PASSED] - Text 'Enter a valid phone number' is present on page  using regular expression

2024-01-14 16:40:19 - [TEST_STEP][PASSED] - verifyTextPresent("Enter Email", true, CONTINUE_ON_FAILURE): Text 'Enter Email' is present on page  using regular expression

2024-01-14 16:40:19 - [MESSAGE][PASSED] - Text 'Enter Email' is present on page  using regular expression

2024-01-14 16:40:19 - [TEST_STEP][PASSED] - if (TaxType.equalsIgnoreCase("Estate Tax")): null

2024-01-14 16:40:19 - [TEST_STEP][PASSED] - resText = "Pass": null

2024-01-14 16:40:19 - [TEST_STEP][PASSED] - pages.WriteExcel.demoKey(resText, datText, resColumn, datCloumn, fileLoc, nameSheet, row): pages.WriteExcel.demoKey is PASSED

2024-01-14 16:40:19 - [MESSAGE][PASSED] - pages.WriteExcel.demoKey is PASSED

2024-01-14 16:40:19 - [TEST_STEP][PASSED] - ExecuteTC = findTestData(dataFile).getValue("Execute", row): null

2024-01-14 16:40:19 - [TEST_STEP][PASSED] - TaxType = findTestData(dataFile).getValue("TaxType", row): null

2024-01-14 16:40:19 - [TEST_STEP][PASSED] - PaymentType = findTestData(dataFile).getValue("PaymentType", row): null

2024-01-14 16:40:19 - [TEST_STEP][PASSED] - feinSsn = findTestData(dataFile).getValue("FEINSSN", row): null

2024-01-14 16:40:19 - [TEST_STEP][PASSED] - if (ExecuteTC.equalsIgnoreCase("Y")): pages.WriteExcel.demoKey is PASSED

2024-01-14 16:40:19 - [TEST_STEP][PASSED] - out.println("Begin Record Number: " + row): null

2024-01-14 16:40:19 - [TEST_STEP][PASSED] - today = new java.util.Date(): null

2024-01-14 16:40:19 - [TEST_STEP][PASSED] - println(today): null

2024-01-14 16:40:19 - [TEST_STEP][PASSED] - datText = today: null

2024-01-14 16:40:19 - [TEST_STEP][PASSED] - logInfo("Payment Type: Existing Liability w/Notice Number"): Payment Type: Existing Liability w/Notice Number

2024-01-14 16:40:19 - [MESSAGE][INFO] - Payment Type: Existing Liability w/Notice Number

2024-01-14 16:40:19 - [TEST_STEP][PASSED] - logInfo("Tax Type: " + TaxType): Tax Type: Slots License Fee

2024-01-14 16:40:19 - [MESSAGE][INFO] - Tax Type: Slots License Fee

2024-01-14 16:40:19 - [TEST_STEP][PASSED] - openBrowser(""): Browser is opened with url: ''

2024-01-14 16:40:19 - [MESSAGE][WARNING] - A browser is already opened. Closing browser and opening a new one

2024-01-14 16:40:20 - [MESSAGE][INFO] - Starting 'Chrome' driver

2024-01-14 16:40:20 - [MESSAGE][INFO] - User set preference: ['acceptInsecureCerts', 'true']

2024-01-14 16:40:20 - [MESSAGE][INFO] - Action delay is set to 0 milliseconds

2024-01-14 16:40:22 - [MESSAGE][PASSED] - Browser is opened with url: ''

2024-01-14 16:40:22 - [TEST_STEP][PASSED] - maximizeWindow(): Current window maximized

2024-01-14 16:40:22 - [MESSAGE][PASSED] - Current window maximized

2024-01-14 16:40:22 - [TEST_STEP][PASSED] - navigateToUrl(RADurl): Navigate to 'https://qa2.velocitypayment.com/client/rad/index.html' successfully

2024-01-14 16:40:22 - [MESSAGE][PASSED] - Navigate to 'https://qa2.velocitypayment.com/client/rad/index.html' successfully

2024-01-14 16:40:22 - [TEST_STEP][PASSED] - selectOptionByLabel(findTestObject(orPath_Landing + "/dd_TaxType"), "Existing Liability w/Notice Number", false): All options with label 'Existing Liability w/Notice Number' are selected in object 'Object Repository/RAD_Pages/Landing_Page/dd_TaxType' 

2024-01-14 16:40:25 - [MESSAGE][PASSED] - All options with label 'Existing Liability w/Notice Number' are selected in object 'Object Repository/RAD_Pages/Landing_Page/dd_TaxType' 

2024-01-14 16:40:25 - [TEST_STEP][PASSED] - selectOptionByLabel(findTestObject(orPath_TaxTypeFilingYear + "/select_TaxType_ExistingLiability"), TaxType, false): All options with label 'Slots License Fee' are selected in object 'Object Repository/RAD_Pages/TaxTypeFilingYear_Page/select_TaxType_ExistingLiability' 

2024-01-14 16:40:25 - [MESSAGE][PASSED] - All options with label 'Slots License Fee' are selected in object 'Object Repository/RAD_Pages/TaxTypeFilingYear_Page/select_TaxType_ExistingLiability' 

2024-01-14 16:40:25 - [TEST_STEP][PASSED] - setText(findTestObject(orPath_TaxPayer + "/input_businessName"), " "): Text ' ' is set on object 'Object Repository/RAD_Pages/Taxpayer_Page/input_businessName'

2024-01-14 16:40:26 - [MESSAGE][PASSED] - Text ' ' is set on object 'Object Repository/RAD_Pages/Taxpayer_Page/input_businessName'

2024-01-14 16:40:26 - [TEST_STEP][PASSED] - setText(findTestObject(orPath_TaxPayer + "/input_BusinessRepfirstName"), " "): Text ' ' is set on object 'Object Repository/RAD_Pages/Taxpayer_Page/input_BusinessRepfirstName'

2024-01-14 16:40:27 - [MESSAGE][PASSED] - Text ' ' is set on object 'Object Repository/RAD_Pages/Taxpayer_Page/input_BusinessRepfirstName'

2024-01-14 16:40:27 - [TEST_STEP][PASSED] - setText(findTestObject(orPath_TaxPayer + "/input_BusinessReplastName"), " "): Text ' ' is set on object 'Object Repository/RAD_Pages/Taxpayer_Page/input_BusinessReplastName'

2024-01-14 16:40:27 - [MESSAGE][PASSED] - Text ' ' is set on object 'Object Repository/RAD_Pages/Taxpayer_Page/input_BusinessReplastName'

2024-01-14 16:40:27 - [TEST_STEP][PASSED] - setText(findTestObject(orPath_AddressContact + "/input_streetAddress1"), " "): Text ' ' is set on object 'Object Repository/RAD_Pages/AddressAndContactInfo_Page/input_streetAddress1'

2024-01-14 16:40:28 - [MESSAGE][PASSED] - Text ' ' is set on object 'Object Repository/RAD_Pages/AddressAndContactInfo_Page/input_streetAddress1'

2024-01-14 16:40:28 - [TEST_STEP][PASSED] - setText(findTestObject(orPath_AddressContact + "/input_city"), " "): Text ' ' is set on object 'Object Repository/RAD_Pages/AddressAndContactInfo_Page/input_city'

2024-01-14 16:40:29 - [MESSAGE][PASSED] - Text ' ' is set on object 'Object Repository/RAD_Pages/AddressAndContactInfo_Page/input_city'

2024-01-14 16:40:29 - [TEST_STEP][PASSED] - setText(findTestObject(orPath_AddressContact + "/input_zipCode"), " "): Text ' ' is set on object 'Object Repository/RAD_Pages/AddressAndContactInfo_Page/input_zipCode'

2024-01-14 16:40:29 - [MESSAGE][PASSED] - Text ' ' is set on object 'Object Repository/RAD_Pages/AddressAndContactInfo_Page/input_zipCode'

2024-01-14 16:40:29 - [TEST_STEP][PASSED] - setText(findTestObject(orPath_AddressContact + "/input_phoneNumber"), " "): Text ' ' is set on object 'Object Repository/RAD_Pages/AddressAndContactInfo_Page/input_phoneNumber'

2024-01-14 16:40:30 - [MESSAGE][PASSED] - Text ' ' is set on object 'Object Repository/RAD_Pages/AddressAndContactInfo_Page/input_phoneNumber'

2024-01-14 16:40:30 - [TEST_STEP][PASSED] - setText(findTestObject(orPath_AddressContact + "/input_eMailAddress"), " "): Text ' ' is set on object 'Object Repository/RAD_Pages/AddressAndContactInfo_Page/input_eMailAddress'

2024-01-14 16:40:31 - [MESSAGE][PASSED] - Text ' ' is set on object 'Object Repository/RAD_Pages/AddressAndContactInfo_Page/input_eMailAddress'

2024-01-14 16:40:31 - [TEST_STEP][PASSED] - setText(findTestObject(orPath_AddressContact + "/input_reEnterEMailAddress"), " "): Text ' ' is set on object 'Object Repository/RAD_Pages/AddressAndContactInfo_Page/input_reEnterEMailAddress'

2024-01-14 16:40:32 - [MESSAGE][PASSED] - Text ' ' is set on object 'Object Repository/RAD_Pages/AddressAndContactInfo_Page/input_reEnterEMailAddress'

2024-01-14 16:40:32 - [TEST_STEP][PASSED] - if (TaxType.equalsIgnoreCase("Estate Tax")): null

2024-01-14 16:40:32 - [TEST_STEP][PASSED] - resText = "Fail": null

2024-01-14 16:40:32 - [TEST_STEP][PASSED] - pages.WriteExcel.demoKey(resText, datText, resColumn, datCloumn, fileLoc, nameSheet, row): pages.WriteExcel.demoKey is PASSED

2024-01-14 16:40:32 - [MESSAGE][PASSED] - pages.WriteExcel.demoKey is PASSED

2024-01-14 16:40:32 - [TEST_STEP][PASSED] - verifyTextPresent("Enter business name", true, CONTINUE_ON_FAILURE): Text 'Enter business name' is present on page  using regular expression

2024-01-14 16:40:32 - [MESSAGE][PASSED] - Text 'Enter business name' is present on page  using regular expression

2024-01-14 16:40:32 - [TEST_STEP][PASSED] - verifyTextPresent("Enter business rep first name", true, CONTINUE_ON_FAILURE): Text 'Enter business rep first name' is present on page  using regular expression

2024-01-14 16:40:33 - [MESSAGE][PASSED] - Text 'Enter business rep first name' is present on page  using regular expression

2024-01-14 16:40:33 - [TEST_STEP][PASSED] - verifyTextPresent("Enter business rep last name", true, CONTINUE_ON_FAILURE): Text 'Enter business rep last name' is present on page  using regular expression

2024-01-14 16:40:33 - [MESSAGE][PASSED] - Text 'Enter business rep last name' is present on page  using regular expression

2024-01-14 16:40:33 - [TEST_STEP][PASSED] - verifyTextPresent("Enter address", true, CONTINUE_ON_FAILURE): Text 'Enter address' is present on page  using regular expression

2024-01-14 16:40:34 - [MESSAGE][PASSED] - Text 'Enter address' is present on page  using regular expression

2024-01-14 16:40:34 - [TEST_STEP][PASSED] - verifyTextPresent("Enter city", true, CONTINUE_ON_FAILURE): Text 'Enter city' is present on page  using regular expression

2024-01-14 16:40:34 - [MESSAGE][PASSED] - Text 'Enter city' is present on page  using regular expression

2024-01-14 16:40:34 - [TEST_STEP][PASSED] - verifyTextPresent("Enter ZIP code", true, CONTINUE_ON_FAILURE): Text 'Enter ZIP code' is present on page  using regular expression

2024-01-14 16:40:34 - [MESSAGE][PASSED] - Text 'Enter ZIP code' is present on page  using regular expression

2024-01-14 16:40:34 - [TEST_STEP][PASSED] - verifyTextPresent("Enter a valid phone number", true, CONTINUE_ON_FAILURE): Text 'Enter a valid phone number' is present on page  using regular expression

2024-01-14 16:40:35 - [MESSAGE][PASSED] - Text 'Enter a valid phone number' is present on page  using regular expression

2024-01-14 16:40:35 - [TEST_STEP][PASSED] - verifyTextPresent("Enter Email", true, CONTINUE_ON_FAILURE): Text 'Enter Email' is present on page  using regular expression

2024-01-14 16:40:35 - [MESSAGE][PASSED] - Text 'Enter Email' is present on page  using regular expression

2024-01-14 16:40:35 - [TEST_STEP][PASSED] - if (TaxType.equalsIgnoreCase("Estate Tax")): null

2024-01-14 16:40:35 - [TEST_STEP][PASSED] - resText = "Pass": null

2024-01-14 16:40:35 - [TEST_STEP][PASSED] - pages.WriteExcel.demoKey(resText, datText, resColumn, datCloumn, fileLoc, nameSheet, row): pages.WriteExcel.demoKey is PASSED

2024-01-14 16:40:35 - [MESSAGE][PASSED] - pages.WriteExcel.demoKey is PASSED

2024-01-14 16:40:35 - [TEST_STEP][PASSED] - ExecuteTC = findTestData(dataFile).getValue("Execute", row): null

2024-01-14 16:40:35 - [TEST_STEP][PASSED] - TaxType = findTestData(dataFile).getValue("TaxType", row): null

2024-01-14 16:40:35 - [TEST_STEP][PASSED] - PaymentType = findTestData(dataFile).getValue("PaymentType", row): null

2024-01-14 16:40:35 - [TEST_STEP][PASSED] - feinSsn = findTestData(dataFile).getValue("FEINSSN", row): null

2024-01-14 16:40:35 - [TEST_STEP][PASSED] - if (ExecuteTC.equalsIgnoreCase("Y")): pages.WriteExcel.demoKey is PASSED

2024-01-14 16:40:35 - [TEST_STEP][PASSED] - out.println("Begin Record Number: " + row): null

2024-01-14 16:40:35 - [TEST_STEP][PASSED] - today = new java.util.Date(): null

2024-01-14 16:40:35 - [TEST_STEP][PASSED] - println(today): null

2024-01-14 16:40:35 - [TEST_STEP][PASSED] - datText = today: null

2024-01-14 16:40:35 - [TEST_STEP][PASSED] - logInfo("Payment Type: Existing Liability w/Notice Number"): Payment Type: Existing Liability w/Notice Number

2024-01-14 16:40:35 - [MESSAGE][INFO] - Payment Type: Existing Liability w/Notice Number

2024-01-14 16:40:35 - [TEST_STEP][PASSED] - logInfo("Tax Type: " + TaxType): Tax Type: Tobacco Tax

2024-01-14 16:40:35 - [MESSAGE][INFO] - Tax Type: Tobacco Tax

2024-01-14 16:40:35 - [TEST_STEP][PASSED] - openBrowser(""): Browser is opened with url: ''

2024-01-14 16:40:35 - [MESSAGE][WARNING] - A browser is already opened. Closing browser and opening a new one

2024-01-14 16:40:36 - [MESSAGE][INFO] - Starting 'Chrome' driver

2024-01-14 16:40:36 - [MESSAGE][INFO] - User set preference: ['acceptInsecureCerts', 'true']

2024-01-14 16:40:36 - [MESSAGE][INFO] - Action delay is set to 0 milliseconds

2024-01-14 16:40:38 - [MESSAGE][PASSED] - Browser is opened with url: ''

2024-01-14 16:40:38 - [TEST_STEP][PASSED] - maximizeWindow(): Current window maximized

2024-01-14 16:40:38 - [MESSAGE][PASSED] - Current window maximized

2024-01-14 16:40:38 - [TEST_STEP][PASSED] - navigateToUrl(RADurl): Navigate to 'https://qa2.velocitypayment.com/client/rad/index.html' successfully

2024-01-14 16:40:40 - [MESSAGE][PASSED] - Navigate to 'https://qa2.velocitypayment.com/client/rad/index.html' successfully

2024-01-14 16:40:40 - [TEST_STEP][PASSED] - selectOptionByLabel(findTestObject(orPath_Landing + "/dd_TaxType"), "Existing Liability w/Notice Number", false): All options with label 'Existing Liability w/Notice Number' are selected in object 'Object Repository/RAD_Pages/Landing_Page/dd_TaxType' 

2024-01-14 16:40:40 - [MESSAGE][PASSED] - All options with label 'Existing Liability w/Notice Number' are selected in object 'Object Repository/RAD_Pages/Landing_Page/dd_TaxType' 

2024-01-14 16:40:40 - [TEST_STEP][PASSED] - selectOptionByLabel(findTestObject(orPath_TaxTypeFilingYear + "/select_TaxType_ExistingLiability"), TaxType, false): All options with label 'Tobacco Tax' are selected in object 'Object Repository/RAD_Pages/TaxTypeFilingYear_Page/select_TaxType_ExistingLiability' 

2024-01-14 16:40:41 - [MESSAGE][PASSED] - All options with label 'Tobacco Tax' are selected in object 'Object Repository/RAD_Pages/TaxTypeFilingYear_Page/select_TaxType_ExistingLiability' 

2024-01-14 16:40:41 - [TEST_STEP][PASSED] - setText(findTestObject(orPath_TaxPayer + "/input_businessName"), " "): Text ' ' is set on object 'Object Repository/RAD_Pages/Taxpayer_Page/input_businessName'

2024-01-14 16:40:42 - [MESSAGE][PASSED] - Text ' ' is set on object 'Object Repository/RAD_Pages/Taxpayer_Page/input_businessName'

2024-01-14 16:40:42 - [TEST_STEP][PASSED] - setText(findTestObject(orPath_TaxPayer + "/input_BusinessRepfirstName"), " "): Text ' ' is set on object 'Object Repository/RAD_Pages/Taxpayer_Page/input_BusinessRepfirstName'

2024-01-14 16:40:43 - [MESSAGE][PASSED] - Text ' ' is set on object 'Object Repository/RAD_Pages/Taxpayer_Page/input_BusinessRepfirstName'

2024-01-14 16:40:43 - [TEST_STEP][PASSED] - setText(findTestObject(orPath_TaxPayer + "/input_BusinessReplastName"), " "): Text ' ' is set on object 'Object Repository/RAD_Pages/Taxpayer_Page/input_BusinessReplastName'

2024-01-14 16:40:43 - [MESSAGE][PASSED] - Text ' ' is set on object 'Object Repository/RAD_Pages/Taxpayer_Page/input_BusinessReplastName'

2024-01-14 16:40:43 - [TEST_STEP][PASSED] - setText(findTestObject(orPath_AddressContact + "/input_streetAddress1"), " "): Text ' ' is set on object 'Object Repository/RAD_Pages/AddressAndContactInfo_Page/input_streetAddress1'

2024-01-14 16:40:44 - [MESSAGE][PASSED] - Text ' ' is set on object 'Object Repository/RAD_Pages/AddressAndContactInfo_Page/input_streetAddress1'

2024-01-14 16:40:44 - [TEST_STEP][PASSED] - setText(findTestObject(orPath_AddressContact + "/input_city"), " "): Text ' ' is set on object 'Object Repository/RAD_Pages/AddressAndContactInfo_Page/input_city'

2024-01-14 16:40:45 - [MESSAGE][PASSED] - Text ' ' is set on object 'Object Repository/RAD_Pages/AddressAndContactInfo_Page/input_city'

2024-01-14 16:40:45 - [TEST_STEP][PASSED] - setText(findTestObject(orPath_AddressContact + "/input_zipCode"), " "): Text ' ' is set on object 'Object Repository/RAD_Pages/AddressAndContactInfo_Page/input_zipCode'

2024-01-14 16:40:45 - [MESSAGE][PASSED] - Text ' ' is set on object 'Object Repository/RAD_Pages/AddressAndContactInfo_Page/input_zipCode'

2024-01-14 16:40:45 - [TEST_STEP][PASSED] - setText(findTestObject(orPath_AddressContact + "/input_phoneNumber"), " "): Text ' ' is set on object 'Object Repository/RAD_Pages/AddressAndContactInfo_Page/input_phoneNumber'

2024-01-14 16:40:46 - [MESSAGE][PASSED] - Text ' ' is set on object 'Object Repository/RAD_Pages/AddressAndContactInfo_Page/input_phoneNumber'

2024-01-14 16:40:46 - [TEST_STEP][PASSED] - setText(findTestObject(orPath_AddressContact + "/input_eMailAddress"), " "): Text ' ' is set on object 'Object Repository/RAD_Pages/AddressAndContactInfo_Page/input_eMailAddress'

2024-01-14 16:40:47 - [MESSAGE][PASSED] - Text ' ' is set on object 'Object Repository/RAD_Pages/AddressAndContactInfo_Page/input_eMailAddress'

2024-01-14 16:40:47 - [TEST_STEP][PASSED] - setText(findTestObject(orPath_AddressContact + "/input_reEnterEMailAddress"), " "): Text ' ' is set on object 'Object Repository/RAD_Pages/AddressAndContactInfo_Page/input_reEnterEMailAddress'

2024-01-14 16:40:48 - [MESSAGE][PASSED] - Text ' ' is set on object 'Object Repository/RAD_Pages/AddressAndContactInfo_Page/input_reEnterEMailAddress'

2024-01-14 16:40:48 - [TEST_STEP][PASSED] - if (TaxType.equalsIgnoreCase("Estate Tax")): null

2024-01-14 16:40:48 - [TEST_STEP][PASSED] - resText = "Fail": null

2024-01-14 16:40:48 - [TEST_STEP][PASSED] - pages.WriteExcel.demoKey(resText, datText, resColumn, datCloumn, fileLoc, nameSheet, row): pages.WriteExcel.demoKey is PASSED

2024-01-14 16:40:48 - [MESSAGE][PASSED] - pages.WriteExcel.demoKey is PASSED

2024-01-14 16:40:48 - [TEST_STEP][PASSED] - verifyTextPresent("Enter business name", true, CONTINUE_ON_FAILURE): Text 'Enter business name' is present on page  using regular expression

2024-01-14 16:40:48 - [MESSAGE][PASSED] - Text 'Enter business name' is present on page  using regular expression

2024-01-14 16:40:48 - [TEST_STEP][PASSED] - verifyTextPresent("Enter business rep first name", true, CONTINUE_ON_FAILURE): Text 'Enter business rep first name' is present on page  using regular expression

2024-01-14 16:40:49 - [MESSAGE][PASSED] - Text 'Enter business rep first name' is present on page  using regular expression

2024-01-14 16:40:49 - [TEST_STEP][PASSED] - verifyTextPresent("Enter business rep last name", true, CONTINUE_ON_FAILURE): Text 'Enter business rep last name' is present on page  using regular expression

2024-01-14 16:40:49 - [MESSAGE][PASSED] - Text 'Enter business rep last name' is present on page  using regular expression

2024-01-14 16:40:49 - [TEST_STEP][PASSED] - verifyTextPresent("Enter address", true, CONTINUE_ON_FAILURE): Text 'Enter address' is present on page  using regular expression

2024-01-14 16:40:49 - [MESSAGE][PASSED] - Text 'Enter address' is present on page  using regular expression

2024-01-14 16:40:49 - [TEST_STEP][PASSED] - verifyTextPresent("Enter city", true, CONTINUE_ON_FAILURE): Text 'Enter city' is present on page  using regular expression

2024-01-14 16:40:50 - [MESSAGE][PASSED] - Text 'Enter city' is present on page  using regular expression

2024-01-14 16:40:50 - [TEST_STEP][PASSED] - verifyTextPresent("Enter ZIP code", true, CONTINUE_ON_FAILURE): Text 'Enter ZIP code' is present on page  using regular expression

2024-01-14 16:40:50 - [MESSAGE][PASSED] - Text 'Enter ZIP code' is present on page  using regular expression

2024-01-14 16:40:50 - [TEST_STEP][PASSED] - verifyTextPresent("Enter a valid phone number", true, CONTINUE_ON_FAILURE): Text 'Enter a valid phone number' is present on page  using regular expression

2024-01-14 16:40:50 - [MESSAGE][PASSED] - Text 'Enter a valid phone number' is present on page  using regular expression

2024-01-14 16:40:50 - [TEST_STEP][PASSED] - verifyTextPresent("Enter Email", true, CONTINUE_ON_FAILURE): Text 'Enter Email' is present on page  using regular expression

2024-01-14 16:40:51 - [MESSAGE][PASSED] - Text 'Enter Email' is present on page  using regular expression

2024-01-14 16:40:51 - [TEST_STEP][PASSED] - if (TaxType.equalsIgnoreCase("Estate Tax")): null

2024-01-14 16:40:51 - [TEST_STEP][PASSED] - resText = "Pass": null

2024-01-14 16:40:51 - [TEST_STEP][PASSED] - pages.WriteExcel.demoKey(resText, datText, resColumn, datCloumn, fileLoc, nameSheet, row): pages.WriteExcel.demoKey is PASSED

2024-01-14 16:40:51 - [MESSAGE][PASSED] - pages.WriteExcel.demoKey is PASSED

2024-01-14 16:40:51 - [TEST_STEP][PASSED] - ExecuteTC = findTestData(dataFile).getValue("Execute", row): null

2024-01-14 16:40:51 - [TEST_STEP][PASSED] - TaxType = findTestData(dataFile).getValue("TaxType", row): null

2024-01-14 16:40:51 - [TEST_STEP][PASSED] - PaymentType = findTestData(dataFile).getValue("PaymentType", row): null

2024-01-14 16:40:51 - [TEST_STEP][PASSED] - feinSsn = findTestData(dataFile).getValue("FEINSSN", row): null

2024-01-14 16:40:51 - [TEST_STEP][PASSED] - if (ExecuteTC.equalsIgnoreCase("Y")): pages.WriteExcel.demoKey is PASSED

2024-01-14 16:40:51 - [TEST_STEP][PASSED] - out.println("Begin Record Number: " + row): null

2024-01-14 16:40:51 - [TEST_STEP][PASSED] - today = new java.util.Date(): null

2024-01-14 16:40:51 - [TEST_STEP][PASSED] - println(today): null

2024-01-14 16:40:51 - [TEST_STEP][PASSED] - datText = today: null

2024-01-14 16:40:51 - [TEST_STEP][PASSED] - logInfo("Payment Type: Existing Liability w/Notice Number"): Payment Type: Existing Liability w/Notice Number

2024-01-14 16:40:51 - [MESSAGE][INFO] - Payment Type: Existing Liability w/Notice Number

2024-01-14 16:40:51 - [TEST_STEP][PASSED] - logInfo("Tax Type: " + TaxType): Tax Type: Transportation Network Services

2024-01-14 16:40:51 - [MESSAGE][INFO] - Tax Type: Transportation Network Services

2024-01-14 16:40:51 - [TEST_STEP][PASSED] - openBrowser(""): Browser is opened with url: ''

2024-01-14 16:40:51 - [MESSAGE][WARNING] - A browser is already opened. Closing browser and opening a new one

2024-01-14 16:40:52 - [MESSAGE][INFO] - Starting 'Chrome' driver

2024-01-14 16:40:52 - [MESSAGE][INFO] - User set preference: ['acceptInsecureCerts', 'true']

2024-01-14 16:40:52 - [MESSAGE][INFO] - Action delay is set to 0 milliseconds

2024-01-14 16:40:54 - [MESSAGE][PASSED] - Browser is opened with url: ''

2024-01-14 16:40:54 - [TEST_STEP][PASSED] - maximizeWindow(): Current window maximized

2024-01-14 16:40:54 - [MESSAGE][PASSED] - Current window maximized

2024-01-14 16:40:54 - [TEST_STEP][PASSED] - navigateToUrl(RADurl): Navigate to 'https://qa2.velocitypayment.com/client/rad/index.html' successfully

2024-01-14 16:40:55 - [MESSAGE][PASSED] - Navigate to 'https://qa2.velocitypayment.com/client/rad/index.html' successfully

2024-01-14 16:40:55 - [TEST_STEP][PASSED] - selectOptionByLabel(findTestObject(orPath_Landing + "/dd_TaxType"), "Existing Liability w/Notice Number", false): All options with label 'Existing Liability w/Notice Number' are selected in object 'Object Repository/RAD_Pages/Landing_Page/dd_TaxType' 

2024-01-14 16:40:56 - [MESSAGE][PASSED] - All options with label 'Existing Liability w/Notice Number' are selected in object 'Object Repository/RAD_Pages/Landing_Page/dd_TaxType' 

2024-01-14 16:40:56 - [TEST_STEP][PASSED] - selectOptionByLabel(findTestObject(orPath_TaxTypeFilingYear + "/select_TaxType_ExistingLiability"), TaxType, false): All options with label 'Transportation Network Services' are selected in object 'Object Repository/RAD_Pages/TaxTypeFilingYear_Page/select_TaxType_ExistingLiability' 

2024-01-14 16:40:57 - [MESSAGE][PASSED] - All options with label 'Transportation Network Services' are selected in object 'Object Repository/RAD_Pages/TaxTypeFilingYear_Page/select_TaxType_ExistingLiability' 

2024-01-14 16:40:57 - [TEST_STEP][PASSED] - setText(findTestObject(orPath_TaxPayer + "/input_businessName"), " "): Text ' ' is set on object 'Object Repository/RAD_Pages/Taxpayer_Page/input_businessName'

2024-01-14 16:40:58 - [MESSAGE][PASSED] - Text ' ' is set on object 'Object Repository/RAD_Pages/Taxpayer_Page/input_businessName'

2024-01-14 16:40:58 - [TEST_STEP][PASSED] - setText(findTestObject(orPath_TaxPayer + "/input_BusinessRepfirstName"), " "): Text ' ' is set on object 'Object Repository/RAD_Pages/Taxpayer_Page/input_BusinessRepfirstName'

2024-01-14 16:40:58 - [MESSAGE][PASSED] - Text ' ' is set on object 'Object Repository/RAD_Pages/Taxpayer_Page/input_BusinessRepfirstName'

2024-01-14 16:40:58 - [TEST_STEP][PASSED] - setText(findTestObject(orPath_TaxPayer + "/input_BusinessReplastName"), " "): Text ' ' is set on object 'Object Repository/RAD_Pages/Taxpayer_Page/input_BusinessReplastName'

2024-01-14 16:40:59 - [MESSAGE][PASSED] - Text ' ' is set on object 'Object Repository/RAD_Pages/Taxpayer_Page/input_BusinessReplastName'

2024-01-14 16:40:59 - [TEST_STEP][PASSED] - setText(findTestObject(orPath_AddressContact + "/input_streetAddress1"), " "): Text ' ' is set on object 'Object Repository/RAD_Pages/AddressAndContactInfo_Page/input_streetAddress1'

2024-01-14 16:41:00 - [MESSAGE][PASSED] - Text ' ' is set on object 'Object Repository/RAD_Pages/AddressAndContactInfo_Page/input_streetAddress1'

2024-01-14 16:41:00 - [TEST_STEP][PASSED] - setText(findTestObject(orPath_AddressContact + "/input_city"), " "): Text ' ' is set on object 'Object Repository/RAD_Pages/AddressAndContactInfo_Page/input_city'

2024-01-14 16:41:00 - [MESSAGE][PASSED] - Text ' ' is set on object 'Object Repository/RAD_Pages/AddressAndContactInfo_Page/input_city'

2024-01-14 16:41:00 - [TEST_STEP][PASSED] - setText(findTestObject(orPath_AddressContact + "/input_zipCode"), " "): Text ' ' is set on object 'Object Repository/RAD_Pages/AddressAndContactInfo_Page/input_zipCode'

2024-01-14 16:41:01 - [MESSAGE][PASSED] - Text ' ' is set on object 'Object Repository/RAD_Pages/AddressAndContactInfo_Page/input_zipCode'

2024-01-14 16:41:01 - [TEST_STEP][PASSED] - setText(findTestObject(orPath_AddressContact + "/input_phoneNumber"), " "): Text ' ' is set on object 'Object Repository/RAD_Pages/AddressAndContactInfo_Page/input_phoneNumber'

2024-01-14 16:41:02 - [MESSAGE][PASSED] - Text ' ' is set on object 'Object Repository/RAD_Pages/AddressAndContactInfo_Page/input_phoneNumber'

2024-01-14 16:41:02 - [TEST_STEP][PASSED] - setText(findTestObject(orPath_AddressContact + "/input_eMailAddress"), " "): Text ' ' is set on object 'Object Repository/RAD_Pages/AddressAndContactInfo_Page/input_eMailAddress'

2024-01-14 16:41:03 - [MESSAGE][PASSED] - Text ' ' is set on object 'Object Repository/RAD_Pages/AddressAndContactInfo_Page/input_eMailAddress'

2024-01-14 16:41:03 - [TEST_STEP][PASSED] - setText(findTestObject(orPath_AddressContact + "/input_reEnterEMailAddress"), " "): Text ' ' is set on object 'Object Repository/RAD_Pages/AddressAndContactInfo_Page/input_reEnterEMailAddress'

2024-01-14 16:41:03 - [MESSAGE][PASSED] - Text ' ' is set on object 'Object Repository/RAD_Pages/AddressAndContactInfo_Page/input_reEnterEMailAddress'

2024-01-14 16:41:03 - [TEST_STEP][PASSED] - if (TaxType.equalsIgnoreCase("Estate Tax")): null

2024-01-14 16:41:03 - [TEST_STEP][PASSED] - resText = "Fail": null

2024-01-14 16:41:03 - [TEST_STEP][PASSED] - pages.WriteExcel.demoKey(resText, datText, resColumn, datCloumn, fileLoc, nameSheet, row): pages.WriteExcel.demoKey is PASSED

2024-01-14 16:41:03 - [MESSAGE][PASSED] - pages.WriteExcel.demoKey is PASSED

2024-01-14 16:41:03 - [TEST_STEP][PASSED] - verifyTextPresent("Enter business name", true, CONTINUE_ON_FAILURE): Text 'Enter business name' is present on page  using regular expression

2024-01-14 16:41:04 - [MESSAGE][PASSED] - Text 'Enter business name' is present on page  using regular expression

2024-01-14 16:41:04 - [TEST_STEP][PASSED] - verifyTextPresent("Enter business rep first name", true, CONTINUE_ON_FAILURE): Text 'Enter business rep first name' is present on page  using regular expression

2024-01-14 16:41:04 - [MESSAGE][PASSED] - Text 'Enter business rep first name' is present on page  using regular expression

2024-01-14 16:41:04 - [TEST_STEP][PASSED] - verifyTextPresent("Enter business rep last name", true, CONTINUE_ON_FAILURE): Text 'Enter business rep last name' is present on page  using regular expression

2024-01-14 16:41:05 - [MESSAGE][PASSED] - Text 'Enter business rep last name' is present on page  using regular expression

2024-01-14 16:41:05 - [TEST_STEP][PASSED] - verifyTextPresent("Enter address", true, CONTINUE_ON_FAILURE): Text 'Enter address' is present on page  using regular expression

2024-01-14 16:41:05 - [MESSAGE][PASSED] - Text 'Enter address' is present on page  using regular expression

2024-01-14 16:41:05 - [TEST_STEP][PASSED] - verifyTextPresent("Enter city", true, CONTINUE_ON_FAILURE): Text 'Enter city' is present on page  using regular expression

2024-01-14 16:41:05 - [MESSAGE][PASSED] - Text 'Enter city' is present on page  using regular expression

2024-01-14 16:41:05 - [TEST_STEP][PASSED] - verifyTextPresent("Enter ZIP code", true, CONTINUE_ON_FAILURE): Text 'Enter ZIP code' is present on page  using regular expression

2024-01-14 16:41:06 - [MESSAGE][PASSED] - Text 'Enter ZIP code' is present on page  using regular expression

2024-01-14 16:41:06 - [TEST_STEP][PASSED] - verifyTextPresent("Enter a valid phone number", true, CONTINUE_ON_FAILURE): Text 'Enter a valid phone number' is present on page  using regular expression

2024-01-14 16:41:06 - [MESSAGE][PASSED] - Text 'Enter a valid phone number' is present on page  using regular expression

2024-01-14 16:41:06 - [TEST_STEP][PASSED] - verifyTextPresent("Enter Email", true, CONTINUE_ON_FAILURE): Text 'Enter Email' is present on page  using regular expression

2024-01-14 16:41:06 - [MESSAGE][PASSED] - Text 'Enter Email' is present on page  using regular expression

2024-01-14 16:41:06 - [TEST_STEP][PASSED] - if (TaxType.equalsIgnoreCase("Estate Tax")): null

2024-01-14 16:41:06 - [TEST_STEP][PASSED] - resText = "Pass": null

2024-01-14 16:41:06 - [TEST_STEP][PASSED] - pages.WriteExcel.demoKey(resText, datText, resColumn, datCloumn, fileLoc, nameSheet, row): pages.WriteExcel.demoKey is PASSED

2024-01-14 16:41:06 - [MESSAGE][PASSED] - pages.WriteExcel.demoKey is PASSED

2024-01-14 16:41:06 - [TEST_STEP][PASSED] - ExecuteTC = findTestData(dataFile).getValue("Execute", row): null

2024-01-14 16:41:06 - [TEST_STEP][PASSED] - TaxType = findTestData(dataFile).getValue("TaxType", row): null

2024-01-14 16:41:06 - [TEST_STEP][PASSED] - PaymentType = findTestData(dataFile).getValue("PaymentType", row): null

2024-01-14 16:41:07 - [TEST_STEP][PASSED] - feinSsn = findTestData(dataFile).getValue("FEINSSN", row): null

2024-01-14 16:41:07 - [TEST_STEP][PASSED] - if (ExecuteTC.equalsIgnoreCase("Y")): pages.WriteExcel.demoKey is PASSED

2024-01-14 16:41:07 - [TEST_STEP][PASSED] - out.println("Begin Record Number: " + row): null

2024-01-14 16:41:07 - [TEST_STEP][PASSED] - today = new java.util.Date(): null

2024-01-14 16:41:07 - [TEST_STEP][PASSED] - println(today): null

2024-01-14 16:41:07 - [TEST_STEP][PASSED] - datText = today: null

2024-01-14 16:41:07 - [TEST_STEP][PASSED] - logInfo("Payment Type: Existing Liability w/Notice Number"): Payment Type: Existing Liability w/Notice Number

2024-01-14 16:41:07 - [MESSAGE][INFO] - Payment Type: Existing Liability w/Notice Number

2024-01-14 16:41:07 - [TEST_STEP][PASSED] - logInfo("Tax Type: " + TaxType): Tax Type: Unclaimed Property

2024-01-14 16:41:07 - [MESSAGE][INFO] - Tax Type: Unclaimed Property

2024-01-14 16:41:07 - [TEST_STEP][PASSED] - openBrowser(""): Browser is opened with url: ''

2024-01-14 16:41:07 - [MESSAGE][WARNING] - A browser is already opened. Closing browser and opening a new one

2024-01-14 16:41:08 - [MESSAGE][INFO] - Starting 'Chrome' driver

2024-01-14 16:41:08 - [MESSAGE][INFO] - User set preference: ['acceptInsecureCerts', 'true']

2024-01-14 16:41:08 - [MESSAGE][INFO] - Action delay is set to 0 milliseconds

2024-01-14 16:41:09 - [MESSAGE][PASSED] - Browser is opened with url: ''

2024-01-14 16:41:09 - [TEST_STEP][PASSED] - maximizeWindow(): Current window maximized

2024-01-14 16:41:10 - [MESSAGE][PASSED] - Current window maximized

2024-01-14 16:41:10 - [TEST_STEP][PASSED] - navigateToUrl(RADurl): Navigate to 'https://qa2.velocitypayment.com/client/rad/index.html' successfully

2024-01-14 16:41:11 - [MESSAGE][PASSED] - Navigate to 'https://qa2.velocitypayment.com/client/rad/index.html' successfully

2024-01-14 16:41:11 - [TEST_STEP][PASSED] - selectOptionByLabel(findTestObject(orPath_Landing + "/dd_TaxType"), "Existing Liability w/Notice Number", false): All options with label 'Existing Liability w/Notice Number' are selected in object 'Object Repository/RAD_Pages/Landing_Page/dd_TaxType' 

2024-01-14 16:41:12 - [MESSAGE][PASSED] - All options with label 'Existing Liability w/Notice Number' are selected in object 'Object Repository/RAD_Pages/Landing_Page/dd_TaxType' 

2024-01-14 16:41:12 - [TEST_STEP][PASSED] - selectOptionByLabel(findTestObject(orPath_TaxTypeFilingYear + "/select_TaxType_ExistingLiability"), TaxType, false): All options with label 'Unclaimed Property' are selected in object 'Object Repository/RAD_Pages/TaxTypeFilingYear_Page/select_TaxType_ExistingLiability' 

2024-01-14 16:41:13 - [MESSAGE][PASSED] - All options with label 'Unclaimed Property' are selected in object 'Object Repository/RAD_Pages/TaxTypeFilingYear_Page/select_TaxType_ExistingLiability' 

2024-01-14 16:41:13 - [TEST_STEP][PASSED] - setText(findTestObject(orPath_TaxPayer + "/input_businessName"), " "): Text ' ' is set on object 'Object Repository/RAD_Pages/Taxpayer_Page/input_businessName'

2024-01-14 16:41:13 - [MESSAGE][PASSED] - Text ' ' is set on object 'Object Repository/RAD_Pages/Taxpayer_Page/input_businessName'

2024-01-14 16:41:13 - [TEST_STEP][PASSED] - setText(findTestObject(orPath_TaxPayer + "/input_BusinessRepfirstName"), " "): Text ' ' is set on object 'Object Repository/RAD_Pages/Taxpayer_Page/input_BusinessRepfirstName'

2024-01-14 16:41:14 - [MESSAGE][PASSED] - Text ' ' is set on object 'Object Repository/RAD_Pages/Taxpayer_Page/input_BusinessRepfirstName'

2024-01-14 16:41:14 - [TEST_STEP][PASSED] - setText(findTestObject(orPath_TaxPayer + "/input_BusinessReplastName"), " "): Text ' ' is set on object 'Object Repository/RAD_Pages/Taxpayer_Page/input_BusinessReplastName'

2024-01-14 16:41:15 - [MESSAGE][PASSED] - Text ' ' is set on object 'Object Repository/RAD_Pages/Taxpayer_Page/input_BusinessReplastName'

2024-01-14 16:41:15 - [TEST_STEP][PASSED] - setText(findTestObject(orPath_AddressContact + "/input_streetAddress1"), " "): Text ' ' is set on object 'Object Repository/RAD_Pages/AddressAndContactInfo_Page/input_streetAddress1'

2024-01-14 16:41:15 - [MESSAGE][PASSED] - Text ' ' is set on object 'Object Repository/RAD_Pages/AddressAndContactInfo_Page/input_streetAddress1'

2024-01-14 16:41:15 - [TEST_STEP][PASSED] - setText(findTestObject(orPath_AddressContact + "/input_city"), " "): Text ' ' is set on object 'Object Repository/RAD_Pages/AddressAndContactInfo_Page/input_city'

2024-01-14 16:41:16 - [MESSAGE][PASSED] - Text ' ' is set on object 'Object Repository/RAD_Pages/AddressAndContactInfo_Page/input_city'

2024-01-14 16:41:16 - [TEST_STEP][PASSED] - setText(findTestObject(orPath_AddressContact + "/input_zipCode"), " "): Text ' ' is set on object 'Object Repository/RAD_Pages/AddressAndContactInfo_Page/input_zipCode'

2024-01-14 16:41:17 - [MESSAGE][PASSED] - Text ' ' is set on object 'Object Repository/RAD_Pages/AddressAndContactInfo_Page/input_zipCode'

2024-01-14 16:41:17 - [TEST_STEP][PASSED] - setText(findTestObject(orPath_AddressContact + "/input_phoneNumber"), " "): Text ' ' is set on object 'Object Repository/RAD_Pages/AddressAndContactInfo_Page/input_phoneNumber'

2024-01-14 16:41:18 - [MESSAGE][PASSED] - Text ' ' is set on object 'Object Repository/RAD_Pages/AddressAndContactInfo_Page/input_phoneNumber'

2024-01-14 16:41:18 - [TEST_STEP][PASSED] - setText(findTestObject(orPath_AddressContact + "/input_eMailAddress"), " "): Text ' ' is set on object 'Object Repository/RAD_Pages/AddressAndContactInfo_Page/input_eMailAddress'

2024-01-14 16:41:19 - [MESSAGE][PASSED] - Text ' ' is set on object 'Object Repository/RAD_Pages/AddressAndContactInfo_Page/input_eMailAddress'

2024-01-14 16:41:19 - [TEST_STEP][PASSED] - setText(findTestObject(orPath_AddressContact + "/input_reEnterEMailAddress"), " "): Text ' ' is set on object 'Object Repository/RAD_Pages/AddressAndContactInfo_Page/input_reEnterEMailAddress'

2024-01-14 16:41:19 - [MESSAGE][PASSED] - Text ' ' is set on object 'Object Repository/RAD_Pages/AddressAndContactInfo_Page/input_reEnterEMailAddress'

2024-01-14 16:41:19 - [TEST_STEP][PASSED] - if (TaxType.equalsIgnoreCase("Estate Tax")): null

2024-01-14 16:41:19 - [TEST_STEP][PASSED] - resText = "Fail": null

2024-01-14 16:41:19 - [TEST_STEP][PASSED] - pages.WriteExcel.demoKey(resText, datText, resColumn, datCloumn, fileLoc, nameSheet, row): pages.WriteExcel.demoKey is PASSED

2024-01-14 16:41:19 - [MESSAGE][PASSED] - pages.WriteExcel.demoKey is PASSED

2024-01-14 16:41:19 - [TEST_STEP][PASSED] - verifyTextPresent("Enter business name", true, CONTINUE_ON_FAILURE): Text 'Enter business name' is present on page  using regular expression

2024-01-14 16:41:20 - [MESSAGE][PASSED] - Text 'Enter business name' is present on page  using regular expression

2024-01-14 16:41:20 - [TEST_STEP][PASSED] - verifyTextPresent("Enter business rep first name", true, CONTINUE_ON_FAILURE): Text 'Enter business rep first name' is present on page  using regular expression

2024-01-14 16:41:20 - [MESSAGE][PASSED] - Text 'Enter business rep first name' is present on page  using regular expression

2024-01-14 16:41:20 - [TEST_STEP][PASSED] - verifyTextPresent("Enter business rep last name", true, CONTINUE_ON_FAILURE): Text 'Enter business rep last name' is present on page  using regular expression

2024-01-14 16:41:21 - [MESSAGE][PASSED] - Text 'Enter business rep last name' is present on page  using regular expression

2024-01-14 16:41:21 - [TEST_STEP][PASSED] - verifyTextPresent("Enter address", true, CONTINUE_ON_FAILURE): Text 'Enter address' is present on page  using regular expression

2024-01-14 16:41:21 - [MESSAGE][PASSED] - Text 'Enter address' is present on page  using regular expression

2024-01-14 16:41:21 - [TEST_STEP][PASSED] - verifyTextPresent("Enter city", true, CONTINUE_ON_FAILURE): Text 'Enter city' is present on page  using regular expression

2024-01-14 16:41:21 - [MESSAGE][PASSED] - Text 'Enter city' is present on page  using regular expression

2024-01-14 16:41:21 - [TEST_STEP][PASSED] - verifyTextPresent("Enter ZIP code", true, CONTINUE_ON_FAILURE): Text 'Enter ZIP code' is present on page  using regular expression

2024-01-14 16:41:22 - [MESSAGE][PASSED] - Text 'Enter ZIP code' is present on page  using regular expression

2024-01-14 16:41:22 - [TEST_STEP][PASSED] - verifyTextPresent("Enter a valid phone number", true, CONTINUE_ON_FAILURE): Text 'Enter a valid phone number' is present on page  using regular expression

2024-01-14 16:41:22 - [MESSAGE][PASSED] - Text 'Enter a valid phone number' is present on page  using regular expression

2024-01-14 16:41:22 - [TEST_STEP][PASSED] - verifyTextPresent("Enter Email", true, CONTINUE_ON_FAILURE): Text 'Enter Email' is present on page  using regular expression

2024-01-14 16:41:22 - [MESSAGE][PASSED] - Text 'Enter Email' is present on page  using regular expression

2024-01-14 16:41:22 - [TEST_STEP][PASSED] - if (TaxType.equalsIgnoreCase("Estate Tax")): null

2024-01-14 16:41:22 - [TEST_STEP][PASSED] - resText = "Pass": null

2024-01-14 16:41:22 - [TEST_STEP][PASSED] - pages.WriteExcel.demoKey(resText, datText, resColumn, datCloumn, fileLoc, nameSheet, row): pages.WriteExcel.demoKey is PASSED

2024-01-14 16:41:22 - [MESSAGE][PASSED] - pages.WriteExcel.demoKey is PASSED

2024-01-14 16:41:22 - [TEST_STEP][PASSED] - ExecuteTC = findTestData(dataFile).getValue("Execute", row): null

2024-01-14 16:41:23 - [TEST_STEP][PASSED] - TaxType = findTestData(dataFile).getValue("TaxType", row): null

2024-01-14 16:41:23 - [TEST_STEP][PASSED] - PaymentType = findTestData(dataFile).getValue("PaymentType", row): null

2024-01-14 16:41:23 - [TEST_STEP][PASSED] - feinSsn = findTestData(dataFile).getValue("FEINSSN", row): null

2024-01-14 16:41:23 - [TEST_STEP][PASSED] - if (ExecuteTC.equalsIgnoreCase("Y")): pages.WriteExcel.demoKey is PASSED

2024-01-14 16:41:23 - [TEST_STEP][PASSED] - out.println("Begin Record Number: " + row): null

2024-01-14 16:41:23 - [TEST_STEP][PASSED] - today = new java.util.Date(): null

2024-01-14 16:41:23 - [TEST_STEP][PASSED] - println(today): null

2024-01-14 16:41:23 - [TEST_STEP][PASSED] - datText = today: null

2024-01-14 16:41:23 - [TEST_STEP][PASSED] - logInfo("Payment Type: Existing Liability w/Notice Number"): Payment Type: Existing Liability w/Notice Number

2024-01-14 16:41:23 - [MESSAGE][INFO] - Payment Type: Existing Liability w/Notice Number

2024-01-14 16:41:23 - [TEST_STEP][PASSED] - logInfo("Tax Type: " + TaxType): Tax Type: IFTA Tax

2024-01-14 16:41:23 - [MESSAGE][INFO] - Tax Type: IFTA Tax

2024-01-14 16:41:23 - [TEST_STEP][PASSED] - openBrowser(""): Browser is opened with url: ''

2024-01-14 16:41:23 - [MESSAGE][WARNING] - A browser is already opened. Closing browser and opening a new one

2024-01-14 16:41:24 - [MESSAGE][INFO] - Starting 'Chrome' driver

2024-01-14 16:41:24 - [MESSAGE][INFO] - User set preference: ['acceptInsecureCerts', 'true']

2024-01-14 16:41:24 - [MESSAGE][INFO] - Action delay is set to 0 milliseconds

2024-01-14 16:41:25 - [MESSAGE][PASSED] - Browser is opened with url: ''

2024-01-14 16:41:25 - [TEST_STEP][PASSED] - maximizeWindow(): Current window maximized

2024-01-14 16:41:25 - [MESSAGE][PASSED] - Current window maximized

2024-01-14 16:41:25 - [TEST_STEP][PASSED] - navigateToUrl(RADurl): Navigate to 'https://qa2.velocitypayment.com/client/rad/index.html' successfully

2024-01-14 16:41:29 - [MESSAGE][PASSED] - Navigate to 'https://qa2.velocitypayment.com/client/rad/index.html' successfully

2024-01-14 16:41:29 - [TEST_STEP][PASSED] - selectOptionByLabel(findTestObject(orPath_Landing + "/dd_TaxType"), "Existing Liability w/Notice Number", false): All options with label 'Existing Liability w/Notice Number' are selected in object 'Object Repository/RAD_Pages/Landing_Page/dd_TaxType' 

2024-01-14 16:41:30 - [MESSAGE][PASSED] - All options with label 'Existing Liability w/Notice Number' are selected in object 'Object Repository/RAD_Pages/Landing_Page/dd_TaxType' 

2024-01-14 16:41:30 - [TEST_STEP][PASSED] - selectOptionByLabel(findTestObject(orPath_TaxTypeFilingYear + "/select_TaxType_ExistingLiability"), TaxType, false): All options with label 'IFTA Tax' are selected in object 'Object Repository/RAD_Pages/TaxTypeFilingYear_Page/select_TaxType_ExistingLiability' 

2024-01-14 16:41:30 - [MESSAGE][PASSED] - All options with label 'IFTA Tax' are selected in object 'Object Repository/RAD_Pages/TaxTypeFilingYear_Page/select_TaxType_ExistingLiability' 

2024-01-14 16:41:30 - [TEST_STEP][PASSED] - setText(findTestObject(orPath_TaxPayer + "/input_businessName"), " "): Text ' ' is set on object 'Object Repository/RAD_Pages/Taxpayer_Page/input_businessName'

2024-01-14 16:41:31 - [MESSAGE][PASSED] - Text ' ' is set on object 'Object Repository/RAD_Pages/Taxpayer_Page/input_businessName'

2024-01-14 16:41:31 - [TEST_STEP][PASSED] - setText(findTestObject(orPath_TaxPayer + "/input_BusinessRepfirstName"), " "): Text ' ' is set on object 'Object Repository/RAD_Pages/Taxpayer_Page/input_BusinessRepfirstName'

2024-01-14 16:41:32 - [MESSAGE][PASSED] - Text ' ' is set on object 'Object Repository/RAD_Pages/Taxpayer_Page/input_BusinessRepfirstName'

2024-01-14 16:41:32 - [TEST_STEP][PASSED] - setText(findTestObject(orPath_TaxPayer + "/input_BusinessReplastName"), " "): Text ' ' is set on object 'Object Repository/RAD_Pages/Taxpayer_Page/input_BusinessReplastName'

2024-01-14 16:41:33 - [MESSAGE][PASSED] - Text ' ' is set on object 'Object Repository/RAD_Pages/Taxpayer_Page/input_BusinessReplastName'

2024-01-14 16:41:33 - [TEST_STEP][PASSED] - setText(findTestObject(orPath_AddressContact + "/input_streetAddress1"), " "): Text ' ' is set on object 'Object Repository/RAD_Pages/AddressAndContactInfo_Page/input_streetAddress1'

2024-01-14 16:41:33 - [MESSAGE][PASSED] - Text ' ' is set on object 'Object Repository/RAD_Pages/AddressAndContactInfo_Page/input_streetAddress1'

2024-01-14 16:41:33 - [TEST_STEP][PASSED] - setText(findTestObject(orPath_AddressContact + "/input_city"), " "): Text ' ' is set on object 'Object Repository/RAD_Pages/AddressAndContactInfo_Page/input_city'

2024-01-14 16:41:34 - [MESSAGE][PASSED] - Text ' ' is set on object 'Object Repository/RAD_Pages/AddressAndContactInfo_Page/input_city'

2024-01-14 16:41:34 - [TEST_STEP][PASSED] - setText(findTestObject(orPath_AddressContact + "/input_zipCode"), " "): Text ' ' is set on object 'Object Repository/RAD_Pages/AddressAndContactInfo_Page/input_zipCode'

2024-01-14 16:41:35 - [MESSAGE][PASSED] - Text ' ' is set on object 'Object Repository/RAD_Pages/AddressAndContactInfo_Page/input_zipCode'

2024-01-14 16:41:35 - [TEST_STEP][PASSED] - setText(findTestObject(orPath_AddressContact + "/input_phoneNumber"), " "): Text ' ' is set on object 'Object Repository/RAD_Pages/AddressAndContactInfo_Page/input_phoneNumber'

2024-01-14 16:41:36 - [MESSAGE][PASSED] - Text ' ' is set on object 'Object Repository/RAD_Pages/AddressAndContactInfo_Page/input_phoneNumber'

2024-01-14 16:41:36 - [TEST_STEP][PASSED] - setText(findTestObject(orPath_AddressContact + "/input_eMailAddress"), " "): Text ' ' is set on object 'Object Repository/RAD_Pages/AddressAndContactInfo_Page/input_eMailAddress'

2024-01-14 16:41:37 - [MESSAGE][PASSED] - Text ' ' is set on object 'Object Repository/RAD_Pages/AddressAndContactInfo_Page/input_eMailAddress'

2024-01-14 16:41:37 - [TEST_STEP][PASSED] - setText(findTestObject(orPath_AddressContact + "/input_reEnterEMailAddress"), " "): Text ' ' is set on object 'Object Repository/RAD_Pages/AddressAndContactInfo_Page/input_reEnterEMailAddress'

2024-01-14 16:41:37 - [MESSAGE][PASSED] - Text ' ' is set on object 'Object Repository/RAD_Pages/AddressAndContactInfo_Page/input_reEnterEMailAddress'

2024-01-14 16:41:37 - [TEST_STEP][PASSED] - if (TaxType.equalsIgnoreCase("Estate Tax")): null

2024-01-14 16:41:37 - [TEST_STEP][PASSED] - resText = "Fail": null

2024-01-14 16:41:37 - [TEST_STEP][PASSED] - pages.WriteExcel.demoKey(resText, datText, resColumn, datCloumn, fileLoc, nameSheet, row): pages.WriteExcel.demoKey is PASSED

2024-01-14 16:41:37 - [MESSAGE][PASSED] - pages.WriteExcel.demoKey is PASSED

2024-01-14 16:41:37 - [TEST_STEP][PASSED] - verifyTextPresent("Enter business name", true, CONTINUE_ON_FAILURE): Text 'Enter business name' is present on page  using regular expression

2024-01-14 16:41:38 - [MESSAGE][PASSED] - Text 'Enter business name' is present on page  using regular expression

2024-01-14 16:41:38 - [TEST_STEP][PASSED] - verifyTextPresent("Enter business rep first name", true, CONTINUE_ON_FAILURE): Text 'Enter business rep first name' is present on page  using regular expression

2024-01-14 16:41:38 - [MESSAGE][PASSED] - Text 'Enter business rep first name' is present on page  using regular expression

2024-01-14 16:41:38 - [TEST_STEP][PASSED] - verifyTextPresent("Enter business rep last name", true, CONTINUE_ON_FAILURE): Text 'Enter business rep last name' is present on page  using regular expression

2024-01-14 16:41:39 - [MESSAGE][PASSED] - Text 'Enter business rep last name' is present on page  using regular expression

2024-01-14 16:41:39 - [TEST_STEP][PASSED] - verifyTextPresent("Enter address", true, CONTINUE_ON_FAILURE): Text 'Enter address' is present on page  using regular expression

2024-01-14 16:41:39 - [MESSAGE][PASSED] - Text 'Enter address' is present on page  using regular expression

2024-01-14 16:41:39 - [TEST_STEP][PASSED] - verifyTextPresent("Enter city", true, CONTINUE_ON_FAILURE): Text 'Enter city' is present on page  using regular expression

2024-01-14 16:41:39 - [MESSAGE][PASSED] - Text 'Enter city' is present on page  using regular expression

2024-01-14 16:41:39 - [TEST_STEP][PASSED] - verifyTextPresent("Enter ZIP code", true, CONTINUE_ON_FAILURE): Text 'Enter ZIP code' is present on page  using regular expression

2024-01-14 16:41:40 - [MESSAGE][PASSED] - Text 'Enter ZIP code' is present on page  using regular expression

2024-01-14 16:41:40 - [TEST_STEP][PASSED] - verifyTextPresent("Enter a valid phone number", true, CONTINUE_ON_FAILURE): Text 'Enter a valid phone number' is present on page  using regular expression

2024-01-14 16:41:40 - [MESSAGE][PASSED] - Text 'Enter a valid phone number' is present on page  using regular expression

2024-01-14 16:41:40 - [TEST_STEP][PASSED] - verifyTextPresent("Enter Email", true, CONTINUE_ON_FAILURE): Text 'Enter Email' is present on page  using regular expression

2024-01-14 16:41:40 - [MESSAGE][PASSED] - Text 'Enter Email' is present on page  using regular expression

2024-01-14 16:41:40 - [TEST_STEP][PASSED] - if (TaxType.equalsIgnoreCase("Estate Tax")): null

2024-01-14 16:41:40 - [TEST_STEP][PASSED] - resText = "Pass": null

2024-01-14 16:41:40 - [TEST_STEP][PASSED] - pages.WriteExcel.demoKey(resText, datText, resColumn, datCloumn, fileLoc, nameSheet, row): pages.WriteExcel.demoKey is PASSED

2024-01-14 16:41:41 - [MESSAGE][PASSED] - pages.WriteExcel.demoKey is PASSED]]></system-out>
         <system-err><![CDATA[2024-01-14 16:36:34 - [TEST_CASE][FAILED] - Test Cases/RAD_TestCases/MRF_TestCases/Existing_MRF_TC: Test Cases/RAD_TestCases/MRF_TestCases/Existing_MRF_TC FAILED.
Reason:
com.kms.katalon.core.exception.StepFailedException: Text 'Re-type Decedent SSN Validation Error' is not present on page  using regular expression (Root cause: com.kms.katalon.core.exception.StepFailedException: Text 'Re-type Decedent SSN Validation Error' is not present on page  using regular expression
	at com.kms.katalon.core.webui.keyword.internal.WebUIKeywordMain.stepFailed(WebUIKeywordMain.groovy:64)
	at com.kms.katalon.core.webui.keyword.builtin.VerifyTextPresentKeyword$_verifyTextPresent_closure1.doCall(VerifyTextPresentKeyword.groovy:79)
	at com.kms.katalon.core.webui.keyword.builtin.VerifyTextPresentKeyword$_verifyTextPresent_closure1.call(VerifyTextPresentKeyword.groovy)
	at com.kms.katalon.core.webui.keyword.internal.WebUIKeywordMain.runKeyword(WebUIKeywordMain.groovy:20)
	at com.kms.katalon.core.webui.keyword.builtin.VerifyTextPresentKeyword.verifyTextPresent(VerifyTextPresentKeyword.groovy:83)
	at com.kms.katalon.core.webui.keyword.builtin.VerifyTextPresentKeyword.execute(VerifyTextPresentKeyword.groovy:68)
	at com.kms.katalon.core.keyword.internal.KeywordExecutor.executeKeywordForPlatform(KeywordExecutor.groovy:74)
	at com.kms.katalon.core.webui.keyword.WebUiBuiltInKeywords.verifyTextPresent(WebUiBuiltInKeywords.groovy:1707)
	at com.kms.katalon.core.webui.keyword.WebUiBuiltInKeywords$verifyTextPresent$10.call(Unknown Source)
	at Existing_MRF_TC.run(Existing_MRF_TC:145)
	at com.kms.katalon.core.main.ScriptEngine.run(ScriptEngine.java:194)
	at com.kms.katalon.core.main.ScriptEngine.runScriptAsRawText(ScriptEngine.java:119)
	at com.kms.katalon.core.main.TestCaseExecutor.runScript(TestCaseExecutor.java:448)
	at com.kms.katalon.core.main.TestCaseExecutor.doExecute(TestCaseExecutor.java:439)
	at com.kms.katalon.core.main.TestCaseExecutor.processExecutionPhase(TestCaseExecutor.java:418)
	at com.kms.katalon.core.main.TestCaseExecutor.accessMainPhase(TestCaseExecutor.java:410)
	at com.kms.katalon.core.main.TestCaseExecutor.execute(TestCaseExecutor.java:285)
	at com.kms.katalon.core.common.CommonExecutor.accessTestCaseMainPhase(CommonExecutor.java:65)
	at com.kms.katalon.core.main.TestSuiteExecutor.accessTestSuiteMainPhase(TestSuiteExecutor.java:148)
	at com.kms.katalon.core.main.TestSuiteExecutor.execute(TestSuiteExecutor.java:106)
	at com.kms.katalon.core.main.TestCaseMain.startTestSuite(TestCaseMain.java:187)
	at com.kms.katalon.core.main.TestCaseMain$startTestSuite$0.call(Unknown Source)
	at TempTestSuite1705265880633.run(TempTestSuite1705265880633.groovy:36)
)
	at com.kms.katalon.core.keyword.internal.KeywordMain.stepFailed(KeywordMain.groovy:39)
	at com.kms.katalon.core.webui.keyword.internal.WebUIKeywordMain.stepFailed(WebUIKeywordMain.groovy:64)
	at com.kms.katalon.core.webui.keyword.builtin.VerifyTextPresentKeyword$_verifyTextPresent_closure1.doCall(VerifyTextPresentKeyword.groovy:79)
	at com.kms.katalon.core.webui.keyword.builtin.VerifyTextPresentKeyword$_verifyTextPresent_closure1.call(VerifyTextPresentKeyword.groovy)
	at com.kms.katalon.core.webui.keyword.internal.WebUIKeywordMain.runKeyword(WebUIKeywordMain.groovy:20)
	at com.kms.katalon.core.webui.keyword.builtin.VerifyTextPresentKeyword.verifyTextPresent(VerifyTextPresentKeyword.groovy:83)
	at com.kms.katalon.core.webui.keyword.builtin.VerifyTextPresentKeyword.execute(VerifyTextPresentKeyword.groovy:68)
	at com.kms.katalon.core.keyword.internal.KeywordExecutor.executeKeywordForPlatform(KeywordExecutor.groovy:74)
	at com.kms.katalon.core.webui.keyword.WebUiBuiltInKeywords.verifyTextPresent(WebUiBuiltInKeywords.groovy:1707)
	at com.kms.katalon.core.webui.keyword.WebUiBuiltInKeywords$verifyTextPresent$10.call(Unknown Source)
	at Existing_MRF_TC.run(Existing_MRF_TC:145)
	at com.kms.katalon.core.main.ScriptEngine.run(ScriptEngine.java:194)
	at com.kms.katalon.core.main.ScriptEngine.runScriptAsRawText(ScriptEngine.java:119)
	at com.kms.katalon.core.main.TestCaseExecutor.runScript(TestCaseExecutor.java:448)
	at com.kms.katalon.core.main.TestCaseExecutor.doExecute(TestCaseExecutor.java:439)
	at com.kms.katalon.core.main.TestCaseExecutor.processExecutionPhase(TestCaseExecutor.java:418)
	at com.kms.katalon.core.main.TestCaseExecutor.accessMainPhase(TestCaseExecutor.java:410)
	at com.kms.katalon.core.main.TestCaseExecutor.execute(TestCaseExecutor.java:285)
	at com.kms.katalon.core.common.CommonExecutor.accessTestCaseMainPhase(CommonExecutor.java:65)
	at com.kms.katalon.core.main.TestSuiteExecutor.accessTestSuiteMainPhase(TestSuiteExecutor.java:148)
	at com.kms.katalon.core.main.TestSuiteExecutor.execute(TestSuiteExecutor.java:106)
	at com.kms.katalon.core.main.TestCaseMain.startTestSuite(TestCaseMain.java:187)
	at com.kms.katalon.core.main.TestCaseMain$startTestSuite$0.call(Unknown Source)
	at TempTestSuite1705265880633.run(TempTestSuite1705265880633.groovy:36)
Caused by: com.kms.katalon.core.exception.StepFailedException: Text 'Re-type Decedent SSN Validation Error' is not present on page  using regular expression
	... 23 more]]></system-err>
      </testcase>
      <testcase name="Test Cases/RAD_TestCases/MRF_TestCases/NewTaxReturn_MRF_TC" time="904.374" classname="Test Cases/RAD_TestCases/MRF_TestCases/NewTaxReturn_MRF_TC" status="FAILED">
         <failure type="FAILED" message="Test Cases/RAD_TestCases/MRF_TestCases/NewTaxReturn_MRF_TC FAILED.
Reason:
com.kms.katalon.core.exception.StepFailedException: Text 'Re-type Decedent SSN Validation Error' is not present on page  using regular expression (Root cause: com.kms.katalon.core.exception.StepFailedException: Text 'Re-type Decedent SSN Validation Error' is not present on page  using regular expression
	at com.kms.katalon.core.webui.keyword.internal.WebUIKeywordMain.stepFailed(WebUIKeywordMain.groovy:64)
	at com.kms.katalon.core.webui.keyword.builtin.VerifyTextPresentKeyword$_verifyTextPresent_closure1.doCall(VerifyTextPresentKeyword.groovy:79)
	at com.kms.katalon.core.webui.keyword.builtin.VerifyTextPresentKeyword$_verifyTextPresent_closure1.call(VerifyTextPresentKeyword.groovy)
	at com.kms.katalon.core.webui.keyword.internal.WebUIKeywordMain.runKeyword(WebUIKeywordMain.groovy:20)
	at com.kms.katalon.core.webui.keyword.builtin.VerifyTextPresentKeyword.verifyTextPresent(VerifyTextPresentKeyword.groovy:83)
	at com.kms.katalon.core.webui.keyword.builtin.VerifyTextPresentKeyword.execute(VerifyTextPresentKeyword.groovy:68)
	at com.kms.katalon.core.keyword.internal.KeywordExecutor.executeKeywordForPlatform(KeywordExecutor.groovy:74)
	at com.kms.katalon.core.webui.keyword.WebUiBuiltInKeywords.verifyTextPresent(WebUiBuiltInKeywords.groovy:1707)
	at com.kms.katalon.core.webui.keyword.WebUiBuiltInKeywords$verifyTextPresent$10.call(Unknown Source)
	at NewTaxReturn_MRF_TC.run(NewTaxReturn_MRF_TC:143)
	at com.kms.katalon.core.main.ScriptEngine.run(ScriptEngine.java:194)
	at com.kms.katalon.core.main.ScriptEngine.runScriptAsRawText(ScriptEngine.java:119)
	at com.kms.katalon.core.main.TestCaseExecutor.runScript(TestCaseExecutor.java:448)
	at com.kms.katalon.core.main.TestCaseExecutor.doExecute(TestCaseExecutor.java:439)
	at com.kms.katalon.core.main.TestCaseExecutor.processExecutionPhase(TestCaseExecutor.java:418)
	at com.kms.katalon.core.main.TestCaseExecutor.accessMainPhase(TestCaseExecutor.java:410)
	at com.kms.katalon.core.main.TestCaseExecutor.execute(TestCaseExecutor.java:285)
	at com.kms.katalon.core.common.CommonExecutor.accessTestCaseMainPhase(CommonExecutor.java:65)
	at com.kms.katalon.core.main.TestSuiteExecutor.accessTestSuiteMainPhase(TestSuiteExecutor.java:148)
	at com.kms.katalon.core.main.TestSuiteExecutor.execute(TestSuiteExecutor.java:106)
	at com.kms.katalon.core.main.TestCaseMain.startTestSuite(TestCaseMain.java:187)
	at com.kms.katalon.core.main.TestCaseMain$startTestSuite$0.call(Unknown Source)
	at TempTestSuite1705265880633.run(TempTestSuite1705265880633.groovy:36)
)
	at com.kms.katalon.core.keyword.internal.KeywordMain.stepFailed(KeywordMain.groovy:39)
	at com.kms.katalon.core.webui.keyword.internal.WebUIKeywordMain.stepFailed(WebUIKeywordMain.groovy:64)
	at com.kms.katalon.core.webui.keyword.builtin.VerifyTextPresentKeyword$_verifyTextPresent_closure1.doCall(VerifyTextPresentKeyword.groovy:79)
	at com.kms.katalon.core.webui.keyword.builtin.VerifyTextPresentKeyword$_verifyTextPresent_closure1.call(VerifyTextPresentKeyword.groovy)
	at com.kms.katalon.core.webui.keyword.internal.WebUIKeywordMain.runKeyword(WebUIKeywordMain.groovy:20)
	at com.kms.katalon.core.webui.keyword.builtin.VerifyTextPresentKeyword.verifyTextPresent(VerifyTextPresentKeyword.groovy:83)
	at com.kms.katalon.core.webui.keyword.builtin.VerifyTextPresentKeyword.execute(VerifyTextPresentKeyword.groovy:68)
	at com.kms.katalon.core.keyword.internal.KeywordExecutor.executeKeywordForPlatform(KeywordExecutor.groovy:74)
	at com.kms.katalon.core.webui.keyword.WebUiBuiltInKeywords.verifyTextPresent(WebUiBuiltInKeywords.groovy:1707)
	at com.kms.katalon.core.webui.keyword.WebUiBuiltInKeywords$verifyTextPresent$10.call(Unknown Source)
	at NewTaxReturn_MRF_TC.run(NewTaxReturn_MRF_TC:143)
	at com.kms.katalon.core.main.ScriptEngine.run(ScriptEngine.java:194)
	at com.kms.katalon.core.main.ScriptEngine.runScriptAsRawText(ScriptEngine.java:119)
	at com.kms.katalon.core.main.TestCaseExecutor.runScript(TestCaseExecutor.java:448)
	at com.kms.katalon.core.main.TestCaseExecutor.doExecute(TestCaseExecutor.java:439)
	at com.kms.katalon.core.main.TestCaseExecutor.processExecutionPhase(TestCaseExecutor.java:418)
	at com.kms.katalon.core.main.TestCaseExecutor.accessMainPhase(TestCaseExecutor.java:410)
	at com.kms.katalon.core.main.TestCaseExecutor.execute(TestCaseExecutor.java:285)
	at com.kms.katalon.core.common.CommonExecutor.accessTestCaseMainPhase(CommonExecutor.java:65)
	at com.kms.katalon.core.main.TestSuiteExecutor.accessTestSuiteMainPhase(TestSuiteExecutor.java:148)
	at com.kms.katalon.core.main.TestSuiteExecutor.execute(TestSuiteExecutor.java:106)
	at com.kms.katalon.core.main.TestCaseMain.startTestSuite(TestCaseMain.java:187)
	at com.kms.katalon.core.main.TestCaseMain$startTestSuite$0.call(Unknown Source)
	at TempTestSuite1705265880633.run(TempTestSuite1705265880633.groovy:36)
Caused by: com.kms.katalon.core.exception.StepFailedException: Text 'Re-type Decedent SSN Validation Error' is not present on page  using regular expression
	... 23 more
"/>
         <system-out><![CDATA[2024-01-14 16:41:41 - [TEST_CASE][FAILED] - Test Cases/RAD_TestCases/MRF_TestCases/NewTaxReturn_MRF_TC: Test Cases/RAD_TestCases/MRF_TestCases/NewTaxReturn_MRF_TC FAILED.
Reason:
com.kms.katalon.core.exception.StepFailedException: Text 'Re-type Decedent SSN Validation Error' is not present on page  using regular expression (Root cause: com.kms.katalon.core.exception.StepFailedException: Text 'Re-type Decedent SSN Validation Error' is not present on page  using regular expression
	at com.kms.katalon.core.webui.keyword.internal.WebUIKeywordMain.stepFailed(WebUIKeywordMain.groovy:64)
	at com.kms.katalon.core.webui.keyword.builtin.VerifyTextPresentKeyword$_verifyTextPresent_closure1.doCall(VerifyTextPresentKeyword.groovy:79)
	at com.kms.katalon.core.webui.keyword.builtin.VerifyTextPresentKeyword$_verifyTextPresent_closure1.call(VerifyTextPresentKeyword.groovy)
	at com.kms.katalon.core.webui.keyword.internal.WebUIKeywordMain.runKeyword(WebUIKeywordMain.groovy:20)
	at com.kms.katalon.core.webui.keyword.builtin.VerifyTextPresentKeyword.verifyTextPresent(VerifyTextPresentKeyword.groovy:83)
	at com.kms.katalon.core.webui.keyword.builtin.VerifyTextPresentKeyword.execute(VerifyTextPresentKeyword.groovy:68)
	at com.kms.katalon.core.keyword.internal.KeywordExecutor.executeKeywordForPlatform(KeywordExecutor.groovy:74)
	at com.kms.katalon.core.webui.keyword.WebUiBuiltInKeywords.verifyTextPresent(WebUiBuiltInKeywords.groovy:1707)
	at com.kms.katalon.core.webui.keyword.WebUiBuiltInKeywords$verifyTextPresent$10.call(Unknown Source)
	at NewTaxReturn_MRF_TC.run(NewTaxReturn_MRF_TC:143)
	at com.kms.katalon.core.main.ScriptEngine.run(ScriptEngine.java:194)
	at com.kms.katalon.core.main.ScriptEngine.runScriptAsRawText(ScriptEngine.java:119)
	at com.kms.katalon.core.main.TestCaseExecutor.runScript(TestCaseExecutor.java:448)
	at com.kms.katalon.core.main.TestCaseExecutor.doExecute(TestCaseExecutor.java:439)
	at com.kms.katalon.core.main.TestCaseExecutor.processExecutionPhase(TestCaseExecutor.java:418)
	at com.kms.katalon.core.main.TestCaseExecutor.accessMainPhase(TestCaseExecutor.java:410)
	at com.kms.katalon.core.main.TestCaseExecutor.execute(TestCaseExecutor.java:285)
	at com.kms.katalon.core.common.CommonExecutor.accessTestCaseMainPhase(CommonExecutor.java:65)
	at com.kms.katalon.core.main.TestSuiteExecutor.accessTestSuiteMainPhase(TestSuiteExecutor.java:148)
	at com.kms.katalon.core.main.TestSuiteExecutor.execute(TestSuiteExecutor.java:106)
	at com.kms.katalon.core.main.TestCaseMain.startTestSuite(TestCaseMain.java:187)
	at com.kms.katalon.core.main.TestCaseMain$startTestSuite$0.call(Unknown Source)
	at TempTestSuite1705265880633.run(TempTestSuite1705265880633.groovy:36)
)
	at com.kms.katalon.core.keyword.internal.KeywordMain.stepFailed(KeywordMain.groovy:39)
	at com.kms.katalon.core.webui.keyword.internal.WebUIKeywordMain.stepFailed(WebUIKeywordMain.groovy:64)
	at com.kms.katalon.core.webui.keyword.builtin.VerifyTextPresentKeyword$_verifyTextPresent_closure1.doCall(VerifyTextPresentKeyword.groovy:79)
	at com.kms.katalon.core.webui.keyword.builtin.VerifyTextPresentKeyword$_verifyTextPresent_closure1.call(VerifyTextPresentKeyword.groovy)
	at com.kms.katalon.core.webui.keyword.internal.WebUIKeywordMain.runKeyword(WebUIKeywordMain.groovy:20)
	at com.kms.katalon.core.webui.keyword.builtin.VerifyTextPresentKeyword.verifyTextPresent(VerifyTextPresentKeyword.groovy:83)
	at com.kms.katalon.core.webui.keyword.builtin.VerifyTextPresentKeyword.execute(VerifyTextPresentKeyword.groovy:68)
	at com.kms.katalon.core.keyword.internal.KeywordExecutor.executeKeywordForPlatform(KeywordExecutor.groovy:74)
	at com.kms.katalon.core.webui.keyword.WebUiBuiltInKeywords.verifyTextPresent(WebUiBuiltInKeywords.groovy:1707)
	at com.kms.katalon.core.webui.keyword.WebUiBuiltInKeywords$verifyTextPresent$10.call(Unknown Source)
	at NewTaxReturn_MRF_TC.run(NewTaxReturn_MRF_TC:143)
	at com.kms.katalon.core.main.ScriptEngine.run(ScriptEngine.java:194)
	at com.kms.katalon.core.main.ScriptEngine.runScriptAsRawText(ScriptEngine.java:119)
	at com.kms.katalon.core.main.TestCaseExecutor.runScript(TestCaseExecutor.java:448)
	at com.kms.katalon.core.main.TestCaseExecutor.doExecute(TestCaseExecutor.java:439)
	at com.kms.katalon.core.main.TestCaseExecutor.processExecutionPhase(TestCaseExecutor.java:418)
	at com.kms.katalon.core.main.TestCaseExecutor.accessMainPhase(TestCaseExecutor.java:410)
	at com.kms.katalon.core.main.TestCaseExecutor.execute(TestCaseExecutor.java:285)
	at com.kms.katalon.core.common.CommonExecutor.accessTestCaseMainPhase(CommonExecutor.java:65)
	at com.kms.katalon.core.main.TestSuiteExecutor.accessTestSuiteMainPhase(TestSuiteExecutor.java:148)
	at com.kms.katalon.core.main.TestSuiteExecutor.execute(TestSuiteExecutor.java:106)
	at com.kms.katalon.core.main.TestCaseMain.startTestSuite(TestCaseMain.java:187)
	at com.kms.katalon.core.main.TestCaseMain$startTestSuite$0.call(Unknown Source)
	at TempTestSuite1705265880633.run(TempTestSuite1705265880633.groovy:36)
Caused by: com.kms.katalon.core.exception.StepFailedException: Text 'Re-type Decedent SSN Validation Error' is not present on page  using regular expression
	... 23 more


2024-01-14 16:41:41 - [TEST_STEP][PASSED] - resText = "Fail": null

2024-01-14 16:41:41 - [TEST_STEP][PASSED] - resColumn = "Result": null

2024-01-14 16:41:41 - [TEST_STEP][PASSED] - datCloumn = "Date": null

2024-01-14 16:41:41 - [TEST_STEP][PASSED] - fileLoc = "KatalonData/RADTestData/MRF.xlsx": null

2024-01-14 16:41:41 - [TEST_STEP][PASSED] - nameSheet = "NewTaxReturn": null

2024-01-14 16:41:41 - [TEST_STEP][PASSED] - dataFile = "RADTestData/MRF_NewTaxReturn": null

2024-01-14 16:41:41 - [TEST_STEP][PASSED] - orPath_Landing = "Object Repository/RAD_Pages/Landing_Page": null

2024-01-14 16:41:41 - [TEST_STEP][PASSED] - orPath_TaxTypeFilingYear = "Object Repository/RAD_Pages/TaxTypeFilingYear_Page": null

2024-01-14 16:41:41 - [TEST_STEP][PASSED] - orPath_Amount = "Object Repository/RAD_Pages/PaymentAmount_Page": null

2024-01-14 16:41:41 - [TEST_STEP][PASSED] - orPath_AddressContact = "Object Repository/RAD_Pages/AddressAndContactInfo_Page": null

2024-01-14 16:41:41 - [TEST_STEP][PASSED] - orPath_Summary = "Object Repository/RAD_Pages/Summary_Page": null

2024-01-14 16:41:41 - [TEST_STEP][PASSED] - orPath_PaymentConfirmation = "Object Repository/RAD_Pages/PaymentConfirmation_Page": null

2024-01-14 16:41:41 - [TEST_STEP][PASSED] - orPath_ServiceFeesAccept = "Object Repository/RAD_Pages/ServiceFeeAccept_Page": null

2024-01-14 16:41:41 - [TEST_STEP][PASSED] - orPath_PaymentEntry = "Object Repository/RAD_Pages/PaymentEntry_Page": null

2024-01-14 16:41:41 - [TEST_STEP][PASSED] - orPath_TaxInfo = "Object Repository/RAD_Pages/TaxInfo_Page": null

2024-01-14 16:41:41 - [TEST_STEP][PASSED] - orPath_TaxPayer = "Object Repository/RAD_Pages/Taxpayer_Page": null

2024-01-14 16:41:41 - [TEST_STEP][PASSED] - ExecuteTC = <not implemented yet for class: org.codehaus.groovy.ast.expr.EmptyExpression>: null

2024-01-14 16:41:41 - [TEST_STEP][PASSED] - TaxType = <not implemented yet for class: org.codehaus.groovy.ast.expr.EmptyExpression>: null

2024-01-14 16:41:41 - [TEST_STEP][PASSED] - PaymentType = <not implemented yet for class: org.codehaus.groovy.ast.expr.EmptyExpression>: null

2024-01-14 16:41:41 - [TEST_STEP][PASSED] - FilingYear = <not implemented yet for class: org.codehaus.groovy.ast.expr.EmptyExpression>: null

2024-01-14 16:41:41 - [TEST_STEP][PASSED] - PeriodEndingMonth = <not implemented yet for class: org.codehaus.groovy.ast.expr.EmptyExpression>: null

2024-01-14 16:41:41 - [TEST_STEP][PASSED] - feinSSN = <not implemented yet for class: org.codehaus.groovy.ast.expr.EmptyExpression>: null

2024-01-14 16:41:41 - [TEST_STEP][PASSED] - numOfRows = findTestData(dataFile).getRowNumbers(): null

2024-01-14 16:41:41 - [TEST_STEP][PASSED] - println("Number of Records: " + numOfRows): null

2024-01-14 16:41:41 - [TEST_STEP][FAILED] - for ([row = 1, row <= numOfRows, (row++)]): null

2024-01-14 16:41:41 - [TEST_STEP][PASSED] - ExecuteTC = findTestData(dataFile).getValue("Execute", row): null

2024-01-14 16:41:41 - [TEST_STEP][PASSED] - TaxType = findTestData(dataFile).getValue("TaxType", row): null

2024-01-14 16:41:41 - [TEST_STEP][PASSED] - PaymentType = findTestData(dataFile).getValue("PaymentType", row): null

2024-01-14 16:41:41 - [TEST_STEP][PASSED] - FilingYear = findTestData(dataFile).getValue("Year", row): null

2024-01-14 16:41:41 - [TEST_STEP][PASSED] - feinSSN = findTestData(dataFile).getValue("FeinSsn", row): null

2024-01-14 16:41:41 - [TEST_STEP][PASSED] - if (ExecuteTC.equalsIgnoreCase("Y")): pages.WriteExcel.demoKey is PASSED

2024-01-14 16:41:41 - [TEST_STEP][PASSED] - out.println("Begin Record Number: " + row): null

2024-01-14 16:41:41 - [TEST_STEP][PASSED] - today = new java.util.Date(): null

2024-01-14 16:41:41 - [TEST_STEP][PASSED] - println(today): null

2024-01-14 16:41:41 - [TEST_STEP][PASSED] - datText = today: null

2024-01-14 16:41:41 - [TEST_STEP][PASSED] - logInfo("Payment Type: New Tax Return Amount Due"): Payment Type: New Tax Return Amount Due

2024-01-14 16:41:41 - [MESSAGE][INFO] - Payment Type: New Tax Return Amount Due

2024-01-14 16:41:41 - [TEST_STEP][PASSED] - logInfo("Tax Type: " + TaxType): Tax Type: Fiduciary Tax

2024-01-14 16:41:41 - [MESSAGE][INFO] - Tax Type: Fiduciary Tax

2024-01-14 16:41:41 - [TEST_STEP][PASSED] - openBrowser(""): Browser is opened with url: ''

2024-01-14 16:41:41 - [MESSAGE][WARNING] - A browser is already opened. Closing browser and opening a new one

2024-01-14 16:41:43 - [MESSAGE][INFO] - Starting 'Chrome' driver

2024-01-14 16:41:43 - [MESSAGE][INFO] - User set preference: ['acceptInsecureCerts', 'true']

2024-01-14 16:41:43 - [MESSAGE][INFO] - Action delay is set to 0 milliseconds

2024-01-14 16:41:44 - [MESSAGE][PASSED] - Browser is opened with url: ''

2024-01-14 16:41:44 - [TEST_STEP][PASSED] - maximizeWindow(): Current window maximized

2024-01-14 16:41:44 - [MESSAGE][PASSED] - Current window maximized

2024-01-14 16:41:44 - [TEST_STEP][PASSED] - navigateToUrl(RADurl): Navigate to 'https://qa2.velocitypayment.com/client/rad/index.html' successfully

2024-01-14 16:41:45 - [MESSAGE][PASSED] - Navigate to 'https://qa2.velocitypayment.com/client/rad/index.html' successfully

2024-01-14 16:41:45 - [TEST_STEP][PASSED] - selectOptionByLabel(findTestObject(orPath_Landing + "/dd_TaxType"), "New Tax Return Amount Due", false): All options with label 'New Tax Return Amount Due' are selected in object 'Object Repository/RAD_Pages/Landing_Page/dd_TaxType' 

2024-01-14 16:41:46 - [MESSAGE][PASSED] - All options with label 'New Tax Return Amount Due' are selected in object 'Object Repository/RAD_Pages/Landing_Page/dd_TaxType' 

2024-01-14 16:41:46 - [TEST_STEP][PASSED] - selectOptionByLabel(findTestObject("Object Repository/RAD_Pages/Landing_Page/select_NewTaxReturnAmountDue_TaxType"), TaxType, false): All options with label 'Fiduciary Tax' are selected in object 'Object Repository/RAD_Pages/Landing_Page/select_NewTaxReturnAmountDue_TaxType' 

2024-01-14 16:41:47 - [MESSAGE][PASSED] - All options with label 'Fiduciary Tax' are selected in object 'Object Repository/RAD_Pages/Landing_Page/select_NewTaxReturnAmountDue_TaxType' 

2024-01-14 16:41:47 - [TEST_STEP][PASSED] - selectOptionByLabel(findTestObject(orPath_TaxTypeFilingYear + "/select_FilingYear"), FilingYear, false): All options with label '2023' are selected in object 'Object Repository/RAD_Pages/TaxTypeFilingYear_Page/select_FilingYear' 

2024-01-14 16:41:48 - [MESSAGE][PASSED] - All options with label '2023' are selected in object 'Object Repository/RAD_Pages/TaxTypeFilingYear_Page/select_FilingYear' 

2024-01-14 16:41:48 - [TEST_STEP][PASSED] - setText(findTestObject(orPath_TaxPayer + "/input_businessName"), " "): Text ' ' is set on object 'Object Repository/RAD_Pages/Taxpayer_Page/input_businessName'

2024-01-14 16:41:49 - [MESSAGE][PASSED] - Text ' ' is set on object 'Object Repository/RAD_Pages/Taxpayer_Page/input_businessName'

2024-01-14 16:41:49 - [TEST_STEP][PASSED] - setText(findTestObject(orPath_TaxPayer + "/input_BusinessRepfirstName"), " "): Text ' ' is set on object 'Object Repository/RAD_Pages/Taxpayer_Page/input_BusinessRepfirstName'

2024-01-14 16:41:49 - [MESSAGE][PASSED] - Text ' ' is set on object 'Object Repository/RAD_Pages/Taxpayer_Page/input_BusinessRepfirstName'

2024-01-14 16:41:49 - [TEST_STEP][PASSED] - setText(findTestObject(orPath_TaxPayer + "/input_BusinessReplastName"), " "): Text ' ' is set on object 'Object Repository/RAD_Pages/Taxpayer_Page/input_BusinessReplastName'

2024-01-14 16:41:50 - [MESSAGE][PASSED] - Text ' ' is set on object 'Object Repository/RAD_Pages/Taxpayer_Page/input_BusinessReplastName'

2024-01-14 16:41:50 - [TEST_STEP][PASSED] - setText(findTestObject(orPath_AddressContact + "/input_streetAddress1"), " "): Text ' ' is set on object 'Object Repository/RAD_Pages/AddressAndContactInfo_Page/input_streetAddress1'

2024-01-14 16:41:51 - [MESSAGE][PASSED] - Text ' ' is set on object 'Object Repository/RAD_Pages/AddressAndContactInfo_Page/input_streetAddress1'

2024-01-14 16:41:51 - [TEST_STEP][PASSED] - setText(findTestObject(orPath_AddressContact + "/input_city"), " "): Text ' ' is set on object 'Object Repository/RAD_Pages/AddressAndContactInfo_Page/input_city'

2024-01-14 16:41:51 - [MESSAGE][PASSED] - Text ' ' is set on object 'Object Repository/RAD_Pages/AddressAndContactInfo_Page/input_city'

2024-01-14 16:41:51 - [TEST_STEP][PASSED] - setText(findTestObject(orPath_AddressContact + "/input_zipCode"), " "): Text ' ' is set on object 'Object Repository/RAD_Pages/AddressAndContactInfo_Page/input_zipCode'

2024-01-14 16:41:52 - [MESSAGE][PASSED] - Text ' ' is set on object 'Object Repository/RAD_Pages/AddressAndContactInfo_Page/input_zipCode'

2024-01-14 16:41:52 - [TEST_STEP][PASSED] - setText(findTestObject(orPath_AddressContact + "/input_phoneNumber"), " "): Text ' ' is set on object 'Object Repository/RAD_Pages/AddressAndContactInfo_Page/input_phoneNumber'

2024-01-14 16:41:53 - [MESSAGE][PASSED] - Text ' ' is set on object 'Object Repository/RAD_Pages/AddressAndContactInfo_Page/input_phoneNumber'

2024-01-14 16:41:53 - [TEST_STEP][PASSED] - setText(findTestObject(orPath_AddressContact + "/input_eMailAddress"), " "): Text ' ' is set on object 'Object Repository/RAD_Pages/AddressAndContactInfo_Page/input_eMailAddress'

2024-01-14 16:41:54 - [MESSAGE][PASSED] - Text ' ' is set on object 'Object Repository/RAD_Pages/AddressAndContactInfo_Page/input_eMailAddress'

2024-01-14 16:41:54 - [TEST_STEP][PASSED] - setText(findTestObject(orPath_AddressContact + "/input_reEnterEMailAddress"), " "): Text ' ' is set on object 'Object Repository/RAD_Pages/AddressAndContactInfo_Page/input_reEnterEMailAddress'

2024-01-14 16:41:55 - [MESSAGE][PASSED] - Text ' ' is set on object 'Object Repository/RAD_Pages/AddressAndContactInfo_Page/input_reEnterEMailAddress'

2024-01-14 16:41:55 - [TEST_STEP][PASSED] - if (TaxType.equalsIgnoreCase("Estate Tax")): null

2024-01-14 16:41:55 - [TEST_STEP][PASSED] - resText = "Fail": null

2024-01-14 16:41:55 - [TEST_STEP][PASSED] - pages.WriteExcel.demoKey(resText, datText, resColumn, datCloumn, fileLoc, nameSheet, row): pages.WriteExcel.demoKey is PASSED

2024-01-14 16:41:55 - [MESSAGE][PASSED] - pages.WriteExcel.demoKey is PASSED

2024-01-14 16:41:55 - [TEST_STEP][PASSED] - verifyTextPresent("Enter business name", true, CONTINUE_ON_FAILURE): Text 'Enter business name' is present on page  using regular expression

2024-01-14 16:41:55 - [MESSAGE][PASSED] - Text 'Enter business name' is present on page  using regular expression

2024-01-14 16:41:55 - [TEST_STEP][PASSED] - verifyTextPresent("Enter business rep first name", true, CONTINUE_ON_FAILURE): Text 'Enter business rep first name' is present on page  using regular expression

2024-01-14 16:41:56 - [MESSAGE][PASSED] - Text 'Enter business rep first name' is present on page  using regular expression

2024-01-14 16:41:56 - [TEST_STEP][PASSED] - verifyTextPresent("Enter business rep last name", true, CONTINUE_ON_FAILURE): Text 'Enter business rep last name' is present on page  using regular expression

2024-01-14 16:41:56 - [MESSAGE][PASSED] - Text 'Enter business rep last name' is present on page  using regular expression

2024-01-14 16:41:56 - [TEST_STEP][PASSED] - verifyTextPresent("Enter address", true, CONTINUE_ON_FAILURE): Text 'Enter address' is present on page  using regular expression

2024-01-14 16:41:56 - [MESSAGE][PASSED] - Text 'Enter address' is present on page  using regular expression

2024-01-14 16:41:56 - [TEST_STEP][PASSED] - verifyTextPresent("Enter city", true, CONTINUE_ON_FAILURE): Text 'Enter city' is present on page  using regular expression

2024-01-14 16:41:57 - [MESSAGE][PASSED] - Text 'Enter city' is present on page  using regular expression

2024-01-14 16:41:57 - [TEST_STEP][PASSED] - verifyTextPresent("Enter ZIP code", true, CONTINUE_ON_FAILURE): Text 'Enter ZIP code' is present on page  using regular expression

2024-01-14 16:41:57 - [MESSAGE][PASSED] - Text 'Enter ZIP code' is present on page  using regular expression

2024-01-14 16:41:57 - [TEST_STEP][PASSED] - verifyTextPresent("Enter a valid phone number", true, CONTINUE_ON_FAILURE): Text 'Enter a valid phone number' is present on page  using regular expression

2024-01-14 16:41:57 - [MESSAGE][PASSED] - Text 'Enter a valid phone number' is present on page  using regular expression

2024-01-14 16:41:57 - [TEST_STEP][PASSED] - verifyTextPresent("Enter Email", true, CONTINUE_ON_FAILURE): Text 'Enter Email' is present on page  using regular expression

2024-01-14 16:41:58 - [MESSAGE][PASSED] - Text 'Enter Email' is present on page  using regular expression

2024-01-14 16:41:58 - [TEST_STEP][PASSED] - if (TaxType.equalsIgnoreCase("Estate Tax")): null

2024-01-14 16:41:58 - [TEST_STEP][PASSED] - resText = "Pass": null

2024-01-14 16:41:58 - [TEST_STEP][PASSED] - pages.WriteExcel.demoKey(resText, datText, resColumn, datCloumn, fileLoc, nameSheet, row): pages.WriteExcel.demoKey is PASSED

2024-01-14 16:41:58 - [MESSAGE][PASSED] - pages.WriteExcel.demoKey is PASSED

2024-01-14 16:41:58 - [TEST_STEP][PASSED] - ExecuteTC = findTestData(dataFile).getValue("Execute", row): null

2024-01-14 16:41:58 - [TEST_STEP][PASSED] - TaxType = findTestData(dataFile).getValue("TaxType", row): null

2024-01-14 16:41:58 - [TEST_STEP][PASSED] - PaymentType = findTestData(dataFile).getValue("PaymentType", row): null

2024-01-14 16:41:58 - [TEST_STEP][PASSED] - FilingYear = findTestData(dataFile).getValue("Year", row): null

2024-01-14 16:41:58 - [TEST_STEP][PASSED] - feinSSN = findTestData(dataFile).getValue("FeinSsn", row): null

2024-01-14 16:41:58 - [TEST_STEP][PASSED] - if (ExecuteTC.equalsIgnoreCase("Y")): pages.WriteExcel.demoKey is PASSED

2024-01-14 16:41:58 - [TEST_STEP][PASSED] - out.println("Begin Record Number: " + row): null

2024-01-14 16:41:58 - [TEST_STEP][PASSED] - today = new java.util.Date(): null

2024-01-14 16:41:58 - [TEST_STEP][PASSED] - println(today): null

2024-01-14 16:41:58 - [TEST_STEP][PASSED] - datText = today: null

2024-01-14 16:41:58 - [TEST_STEP][PASSED] - logInfo("Payment Type: New Tax Return Amount Due"): Payment Type: New Tax Return Amount Due

2024-01-14 16:41:58 - [MESSAGE][INFO] - Payment Type: New Tax Return Amount Due

2024-01-14 16:41:58 - [TEST_STEP][PASSED] - logInfo("Tax Type: " + TaxType): Tax Type: PTE Non-Electing Non-S Corp

2024-01-14 16:41:58 - [MESSAGE][INFO] - Tax Type: PTE Non-Electing Non-S Corp

2024-01-14 16:41:58 - [TEST_STEP][PASSED] - openBrowser(""): Browser is opened with url: ''

2024-01-14 16:41:58 - [MESSAGE][WARNING] - A browser is already opened. Closing browser and opening a new one

2024-01-14 16:41:59 - [MESSAGE][INFO] - Starting 'Chrome' driver

2024-01-14 16:41:59 - [MESSAGE][INFO] - User set preference: ['acceptInsecureCerts', 'true']

2024-01-14 16:41:59 - [MESSAGE][INFO] - Action delay is set to 0 milliseconds

2024-01-14 16:42:01 - [MESSAGE][PASSED] - Browser is opened with url: ''

2024-01-14 16:42:01 - [TEST_STEP][PASSED] - maximizeWindow(): Current window maximized

2024-01-14 16:42:01 - [MESSAGE][PASSED] - Current window maximized

2024-01-14 16:42:01 - [TEST_STEP][PASSED] - navigateToUrl(RADurl): Navigate to 'https://qa2.velocitypayment.com/client/rad/index.html' successfully

2024-01-14 16:42:01 - [MESSAGE][PASSED] - Navigate to 'https://qa2.velocitypayment.com/client/rad/index.html' successfully

2024-01-14 16:42:01 - [TEST_STEP][PASSED] - selectOptionByLabel(findTestObject(orPath_Landing + "/dd_TaxType"), "New Tax Return Amount Due", false): All options with label 'New Tax Return Amount Due' are selected in object 'Object Repository/RAD_Pages/Landing_Page/dd_TaxType' 

2024-01-14 16:42:03 - [MESSAGE][PASSED] - All options with label 'New Tax Return Amount Due' are selected in object 'Object Repository/RAD_Pages/Landing_Page/dd_TaxType' 

2024-01-14 16:42:03 - [TEST_STEP][PASSED] - selectOptionByLabel(findTestObject("Object Repository/RAD_Pages/Landing_Page/select_NewTaxReturnAmountDue_TaxType"), TaxType, false): All options with label 'PTE Non-Electing Non-S Corp' are selected in object 'Object Repository/RAD_Pages/Landing_Page/select_NewTaxReturnAmountDue_TaxType' 

2024-01-14 16:42:04 - [MESSAGE][PASSED] - All options with label 'PTE Non-Electing Non-S Corp' are selected in object 'Object Repository/RAD_Pages/Landing_Page/select_NewTaxReturnAmountDue_TaxType' 

2024-01-14 16:42:04 - [TEST_STEP][PASSED] - selectOptionByLabel(findTestObject(orPath_TaxTypeFilingYear + "/select_FilingYear"), FilingYear, false): All options with label '2023' are selected in object 'Object Repository/RAD_Pages/TaxTypeFilingYear_Page/select_FilingYear' 

2024-01-14 16:42:05 - [MESSAGE][PASSED] - All options with label '2023' are selected in object 'Object Repository/RAD_Pages/TaxTypeFilingYear_Page/select_FilingYear' 

2024-01-14 16:42:05 - [TEST_STEP][PASSED] - setText(findTestObject(orPath_TaxPayer + "/input_businessName"), " "): Text ' ' is set on object 'Object Repository/RAD_Pages/Taxpayer_Page/input_businessName'

2024-01-14 16:42:05 - [MESSAGE][PASSED] - Text ' ' is set on object 'Object Repository/RAD_Pages/Taxpayer_Page/input_businessName'

2024-01-14 16:42:05 - [TEST_STEP][PASSED] - setText(findTestObject(orPath_TaxPayer + "/input_BusinessRepfirstName"), " "): Text ' ' is set on object 'Object Repository/RAD_Pages/Taxpayer_Page/input_BusinessRepfirstName'

2024-01-14 16:42:06 - [MESSAGE][PASSED] - Text ' ' is set on object 'Object Repository/RAD_Pages/Taxpayer_Page/input_BusinessRepfirstName'

2024-01-14 16:42:06 - [TEST_STEP][PASSED] - setText(findTestObject(orPath_TaxPayer + "/input_BusinessReplastName"), " "): Text ' ' is set on object 'Object Repository/RAD_Pages/Taxpayer_Page/input_BusinessReplastName'

2024-01-14 16:42:07 - [MESSAGE][PASSED] - Text ' ' is set on object 'Object Repository/RAD_Pages/Taxpayer_Page/input_BusinessReplastName'

2024-01-14 16:42:07 - [TEST_STEP][PASSED] - setText(findTestObject(orPath_AddressContact + "/input_streetAddress1"), " "): Text ' ' is set on object 'Object Repository/RAD_Pages/AddressAndContactInfo_Page/input_streetAddress1'

2024-01-14 16:42:07 - [MESSAGE][PASSED] - Text ' ' is set on object 'Object Repository/RAD_Pages/AddressAndContactInfo_Page/input_streetAddress1'

2024-01-14 16:42:07 - [TEST_STEP][PASSED] - setText(findTestObject(orPath_AddressContact + "/input_city"), " "): Text ' ' is set on object 'Object Repository/RAD_Pages/AddressAndContactInfo_Page/input_city'

2024-01-14 16:42:08 - [MESSAGE][PASSED] - Text ' ' is set on object 'Object Repository/RAD_Pages/AddressAndContactInfo_Page/input_city'

2024-01-14 16:42:08 - [TEST_STEP][PASSED] - setText(findTestObject(orPath_AddressContact + "/input_zipCode"), " "): Text ' ' is set on object 'Object Repository/RAD_Pages/AddressAndContactInfo_Page/input_zipCode'

2024-01-14 16:42:09 - [MESSAGE][PASSED] - Text ' ' is set on object 'Object Repository/RAD_Pages/AddressAndContactInfo_Page/input_zipCode'

2024-01-14 16:42:09 - [TEST_STEP][PASSED] - setText(findTestObject(orPath_AddressContact + "/input_phoneNumber"), " "): Text ' ' is set on object 'Object Repository/RAD_Pages/AddressAndContactInfo_Page/input_phoneNumber'

2024-01-14 16:42:10 - [MESSAGE][PASSED] - Text ' ' is set on object 'Object Repository/RAD_Pages/AddressAndContactInfo_Page/input_phoneNumber'

2024-01-14 16:42:10 - [TEST_STEP][PASSED] - setText(findTestObject(orPath_AddressContact + "/input_eMailAddress"), " "): Text ' ' is set on object 'Object Repository/RAD_Pages/AddressAndContactInfo_Page/input_eMailAddress'

2024-01-14 16:42:11 - [MESSAGE][PASSED] - Text ' ' is set on object 'Object Repository/RAD_Pages/AddressAndContactInfo_Page/input_eMailAddress'

2024-01-14 16:42:11 - [TEST_STEP][PASSED] - setText(findTestObject(orPath_AddressContact + "/input_reEnterEMailAddress"), " "): Text ' ' is set on object 'Object Repository/RAD_Pages/AddressAndContactInfo_Page/input_reEnterEMailAddress'

2024-01-14 16:42:11 - [MESSAGE][PASSED] - Text ' ' is set on object 'Object Repository/RAD_Pages/AddressAndContactInfo_Page/input_reEnterEMailAddress'

2024-01-14 16:42:11 - [TEST_STEP][PASSED] - if (TaxType.equalsIgnoreCase("Estate Tax")): null

2024-01-14 16:42:11 - [TEST_STEP][PASSED] - resText = "Fail": null

2024-01-14 16:42:11 - [TEST_STEP][PASSED] - pages.WriteExcel.demoKey(resText, datText, resColumn, datCloumn, fileLoc, nameSheet, row): pages.WriteExcel.demoKey is PASSED

2024-01-14 16:42:12 - [MESSAGE][PASSED] - pages.WriteExcel.demoKey is PASSED

2024-01-14 16:42:12 - [TEST_STEP][PASSED] - verifyTextPresent("Enter business name", true, CONTINUE_ON_FAILURE): Text 'Enter business name' is present on page  using regular expression

2024-01-14 16:42:12 - [MESSAGE][PASSED] - Text 'Enter business name' is present on page  using regular expression

2024-01-14 16:42:12 - [TEST_STEP][PASSED] - verifyTextPresent("Enter business rep first name", true, CONTINUE_ON_FAILURE): Text 'Enter business rep first name' is present on page  using regular expression

2024-01-14 16:42:12 - [MESSAGE][PASSED] - Text 'Enter business rep first name' is present on page  using regular expression

2024-01-14 16:42:12 - [TEST_STEP][PASSED] - verifyTextPresent("Enter business rep last name", true, CONTINUE_ON_FAILURE): Text 'Enter business rep last name' is present on page  using regular expression

2024-01-14 16:42:13 - [MESSAGE][PASSED] - Text 'Enter business rep last name' is present on page  using regular expression

2024-01-14 16:42:13 - [TEST_STEP][PASSED] - verifyTextPresent("Enter address", true, CONTINUE_ON_FAILURE): Text 'Enter address' is present on page  using regular expression

2024-01-14 16:42:13 - [MESSAGE][PASSED] - Text 'Enter address' is present on page  using regular expression

2024-01-14 16:42:13 - [TEST_STEP][PASSED] - verifyTextPresent("Enter city", true, CONTINUE_ON_FAILURE): Text 'Enter city' is present on page  using regular expression

2024-01-14 16:42:14 - [MESSAGE][PASSED] - Text 'Enter city' is present on page  using regular expression

2024-01-14 16:42:14 - [TEST_STEP][PASSED] - verifyTextPresent("Enter ZIP code", true, CONTINUE_ON_FAILURE): Text 'Enter ZIP code' is present on page  using regular expression

2024-01-14 16:42:14 - [MESSAGE][PASSED] - Text 'Enter ZIP code' is present on page  using regular expression

2024-01-14 16:42:14 - [TEST_STEP][PASSED] - verifyTextPresent("Enter a valid phone number", true, CONTINUE_ON_FAILURE): Text 'Enter a valid phone number' is present on page  using regular expression

2024-01-14 16:42:14 - [MESSAGE][PASSED] - Text 'Enter a valid phone number' is present on page  using regular expression

2024-01-14 16:42:14 - [TEST_STEP][PASSED] - verifyTextPresent("Enter Email", true, CONTINUE_ON_FAILURE): Text 'Enter Email' is present on page  using regular expression

2024-01-14 16:42:15 - [MESSAGE][PASSED] - Text 'Enter Email' is present on page  using regular expression

2024-01-14 16:42:15 - [TEST_STEP][PASSED] - if (TaxType.equalsIgnoreCase("Estate Tax")): null

2024-01-14 16:42:15 - [TEST_STEP][PASSED] - resText = "Pass": null

2024-01-14 16:42:15 - [TEST_STEP][PASSED] - pages.WriteExcel.demoKey(resText, datText, resColumn, datCloumn, fileLoc, nameSheet, row): pages.WriteExcel.demoKey is PASSED

2024-01-14 16:42:15 - [MESSAGE][PASSED] - pages.WriteExcel.demoKey is PASSED

2024-01-14 16:42:15 - [TEST_STEP][PASSED] - ExecuteTC = findTestData(dataFile).getValue("Execute", row): null

2024-01-14 16:42:15 - [TEST_STEP][PASSED] - TaxType = findTestData(dataFile).getValue("TaxType", row): null

2024-01-14 16:42:15 - [TEST_STEP][PASSED] - PaymentType = findTestData(dataFile).getValue("PaymentType", row): null

2024-01-14 16:42:15 - [TEST_STEP][PASSED] - FilingYear = findTestData(dataFile).getValue("Year", row): null

2024-01-14 16:42:15 - [TEST_STEP][PASSED] - feinSSN = findTestData(dataFile).getValue("FeinSsn", row): null

2024-01-14 16:42:15 - [TEST_STEP][PASSED] - if (ExecuteTC.equalsIgnoreCase("Y")): pages.WriteExcel.demoKey is PASSED

2024-01-14 16:42:15 - [TEST_STEP][PASSED] - out.println("Begin Record Number: " + row): null

2024-01-14 16:42:15 - [TEST_STEP][PASSED] - today = new java.util.Date(): null

2024-01-14 16:42:15 - [TEST_STEP][PASSED] - println(today): null

2024-01-14 16:42:15 - [TEST_STEP][PASSED] - datText = today: null

2024-01-14 16:42:15 - [TEST_STEP][PASSED] - logInfo("Payment Type: New Tax Return Amount Due"): Payment Type: New Tax Return Amount Due

2024-01-14 16:42:15 - [MESSAGE][INFO] - Payment Type: New Tax Return Amount Due

2024-01-14 16:42:15 - [TEST_STEP][PASSED] - logInfo("Tax Type: " + TaxType): Tax Type: PTE Non-Electing S Corp

2024-01-14 16:42:15 - [MESSAGE][INFO] - Tax Type: PTE Non-Electing S Corp

2024-01-14 16:42:15 - [TEST_STEP][PASSED] - openBrowser(""): Browser is opened with url: ''

2024-01-14 16:42:15 - [MESSAGE][WARNING] - A browser is already opened. Closing browser and opening a new one

2024-01-14 16:42:16 - [MESSAGE][INFO] - Starting 'Chrome' driver

2024-01-14 16:42:16 - [MESSAGE][INFO] - User set preference: ['acceptInsecureCerts', 'true']

2024-01-14 16:42:16 - [MESSAGE][INFO] - Action delay is set to 0 milliseconds

2024-01-14 16:42:18 - [MESSAGE][PASSED] - Browser is opened with url: ''

2024-01-14 16:42:18 - [TEST_STEP][PASSED] - maximizeWindow(): Current window maximized

2024-01-14 16:42:18 - [MESSAGE][PASSED] - Current window maximized

2024-01-14 16:42:18 - [TEST_STEP][PASSED] - navigateToUrl(RADurl): Navigate to 'https://qa2.velocitypayment.com/client/rad/index.html' successfully

2024-01-14 16:42:19 - [MESSAGE][PASSED] - Navigate to 'https://qa2.velocitypayment.com/client/rad/index.html' successfully

2024-01-14 16:42:19 - [TEST_STEP][PASSED] - selectOptionByLabel(findTestObject(orPath_Landing + "/dd_TaxType"), "New Tax Return Amount Due", false): All options with label 'New Tax Return Amount Due' are selected in object 'Object Repository/RAD_Pages/Landing_Page/dd_TaxType' 

2024-01-14 16:42:20 - [MESSAGE][PASSED] - All options with label 'New Tax Return Amount Due' are selected in object 'Object Repository/RAD_Pages/Landing_Page/dd_TaxType' 

2024-01-14 16:42:20 - [TEST_STEP][PASSED] - selectOptionByLabel(findTestObject("Object Repository/RAD_Pages/Landing_Page/select_NewTaxReturnAmountDue_TaxType"), TaxType, false): All options with label 'PTE Non-Electing S Corp' are selected in object 'Object Repository/RAD_Pages/Landing_Page/select_NewTaxReturnAmountDue_TaxType' 

2024-01-14 16:42:21 - [MESSAGE][PASSED] - All options with label 'PTE Non-Electing S Corp' are selected in object 'Object Repository/RAD_Pages/Landing_Page/select_NewTaxReturnAmountDue_TaxType' 

2024-01-14 16:42:21 - [TEST_STEP][PASSED] - selectOptionByLabel(findTestObject(orPath_TaxTypeFilingYear + "/select_FilingYear"), FilingYear, false): All options with label '2023' are selected in object 'Object Repository/RAD_Pages/TaxTypeFilingYear_Page/select_FilingYear' 

2024-01-14 16:42:22 - [MESSAGE][PASSED] - All options with label '2023' are selected in object 'Object Repository/RAD_Pages/TaxTypeFilingYear_Page/select_FilingYear' 

2024-01-14 16:42:22 - [TEST_STEP][PASSED] - setText(findTestObject(orPath_TaxPayer + "/input_businessName"), " "): Text ' ' is set on object 'Object Repository/RAD_Pages/Taxpayer_Page/input_businessName'

2024-01-14 16:42:22 - [MESSAGE][PASSED] - Text ' ' is set on object 'Object Repository/RAD_Pages/Taxpayer_Page/input_businessName'

2024-01-14 16:42:22 - [TEST_STEP][PASSED] - setText(findTestObject(orPath_TaxPayer + "/input_BusinessRepfirstName"), " "): Text ' ' is set on object 'Object Repository/RAD_Pages/Taxpayer_Page/input_BusinessRepfirstName'

2024-01-14 16:42:23 - [MESSAGE][PASSED] - Text ' ' is set on object 'Object Repository/RAD_Pages/Taxpayer_Page/input_BusinessRepfirstName'

2024-01-14 16:42:23 - [TEST_STEP][PASSED] - setText(findTestObject(orPath_TaxPayer + "/input_BusinessReplastName"), " "): Text ' ' is set on object 'Object Repository/RAD_Pages/Taxpayer_Page/input_BusinessReplastName'

2024-01-14 16:42:24 - [MESSAGE][PASSED] - Text ' ' is set on object 'Object Repository/RAD_Pages/Taxpayer_Page/input_BusinessReplastName'

2024-01-14 16:42:24 - [TEST_STEP][PASSED] - setText(findTestObject(orPath_AddressContact + "/input_streetAddress1"), " "): Text ' ' is set on object 'Object Repository/RAD_Pages/AddressAndContactInfo_Page/input_streetAddress1'

2024-01-14 16:42:24 - [MESSAGE][PASSED] - Text ' ' is set on object 'Object Repository/RAD_Pages/AddressAndContactInfo_Page/input_streetAddress1'

2024-01-14 16:42:24 - [TEST_STEP][PASSED] - setText(findTestObject(orPath_AddressContact + "/input_city"), " "): Text ' ' is set on object 'Object Repository/RAD_Pages/AddressAndContactInfo_Page/input_city'

2024-01-14 16:42:25 - [MESSAGE][PASSED] - Text ' ' is set on object 'Object Repository/RAD_Pages/AddressAndContactInfo_Page/input_city'

2024-01-14 16:42:25 - [TEST_STEP][PASSED] - setText(findTestObject(orPath_AddressContact + "/input_zipCode"), " "): Text ' ' is set on object 'Object Repository/RAD_Pages/AddressAndContactInfo_Page/input_zipCode'

2024-01-14 16:42:26 - [MESSAGE][PASSED] - Text ' ' is set on object 'Object Repository/RAD_Pages/AddressAndContactInfo_Page/input_zipCode'

2024-01-14 16:42:26 - [TEST_STEP][PASSED] - setText(findTestObject(orPath_AddressContact + "/input_phoneNumber"), " "): Text ' ' is set on object 'Object Repository/RAD_Pages/AddressAndContactInfo_Page/input_phoneNumber'

2024-01-14 16:42:27 - [MESSAGE][PASSED] - Text ' ' is set on object 'Object Repository/RAD_Pages/AddressAndContactInfo_Page/input_phoneNumber'

2024-01-14 16:42:27 - [TEST_STEP][PASSED] - setText(findTestObject(orPath_AddressContact + "/input_eMailAddress"), " "): Text ' ' is set on object 'Object Repository/RAD_Pages/AddressAndContactInfo_Page/input_eMailAddress'

2024-01-14 16:42:27 - [MESSAGE][PASSED] - Text ' ' is set on object 'Object Repository/RAD_Pages/AddressAndContactInfo_Page/input_eMailAddress'

2024-01-14 16:42:27 - [TEST_STEP][PASSED] - setText(findTestObject(orPath_AddressContact + "/input_reEnterEMailAddress"), " "): Text ' ' is set on object 'Object Repository/RAD_Pages/AddressAndContactInfo_Page/input_reEnterEMailAddress'

2024-01-14 16:42:28 - [MESSAGE][PASSED] - Text ' ' is set on object 'Object Repository/RAD_Pages/AddressAndContactInfo_Page/input_reEnterEMailAddress'

2024-01-14 16:42:28 - [TEST_STEP][PASSED] - if (TaxType.equalsIgnoreCase("Estate Tax")): null

2024-01-14 16:42:28 - [TEST_STEP][PASSED] - resText = "Fail": null

2024-01-14 16:42:28 - [TEST_STEP][PASSED] - pages.WriteExcel.demoKey(resText, datText, resColumn, datCloumn, fileLoc, nameSheet, row): pages.WriteExcel.demoKey is PASSED

2024-01-14 16:42:28 - [MESSAGE][PASSED] - pages.WriteExcel.demoKey is PASSED

2024-01-14 16:42:28 - [TEST_STEP][PASSED] - verifyTextPresent("Enter business name", true, CONTINUE_ON_FAILURE): Text 'Enter business name' is present on page  using regular expression

2024-01-14 16:42:29 - [MESSAGE][PASSED] - Text 'Enter business name' is present on page  using regular expression

2024-01-14 16:42:29 - [TEST_STEP][PASSED] - verifyTextPresent("Enter business rep first name", true, CONTINUE_ON_FAILURE): Text 'Enter business rep first name' is present on page  using regular expression

2024-01-14 16:42:29 - [MESSAGE][PASSED] - Text 'Enter business rep first name' is present on page  using regular expression

2024-01-14 16:42:29 - [TEST_STEP][PASSED] - verifyTextPresent("Enter business rep last name", true, CONTINUE_ON_FAILURE): Text 'Enter business rep last name' is present on page  using regular expression

2024-01-14 16:42:29 - [MESSAGE][PASSED] - Text 'Enter business rep last name' is present on page  using regular expression

2024-01-14 16:42:29 - [TEST_STEP][PASSED] - verifyTextPresent("Enter address", true, CONTINUE_ON_FAILURE): Text 'Enter address' is present on page  using regular expression

2024-01-14 16:42:30 - [MESSAGE][PASSED] - Text 'Enter address' is present on page  using regular expression

2024-01-14 16:42:30 - [TEST_STEP][PASSED] - verifyTextPresent("Enter city", true, CONTINUE_ON_FAILURE): Text 'Enter city' is present on page  using regular expression

2024-01-14 16:42:30 - [MESSAGE][PASSED] - Text 'Enter city' is present on page  using regular expression

2024-01-14 16:42:30 - [TEST_STEP][PASSED] - verifyTextPresent("Enter ZIP code", true, CONTINUE_ON_FAILURE): Text 'Enter ZIP code' is present on page  using regular expression

2024-01-14 16:42:31 - [MESSAGE][PASSED] - Text 'Enter ZIP code' is present on page  using regular expression

2024-01-14 16:42:31 - [TEST_STEP][PASSED] - verifyTextPresent("Enter a valid phone number", true, CONTINUE_ON_FAILURE): Text 'Enter a valid phone number' is present on page  using regular expression

2024-01-14 16:42:31 - [MESSAGE][PASSED] - Text 'Enter a valid phone number' is present on page  using regular expression

2024-01-14 16:42:31 - [TEST_STEP][PASSED] - verifyTextPresent("Enter Email", true, CONTINUE_ON_FAILURE): Text 'Enter Email' is present on page  using regular expression

2024-01-14 16:42:31 - [MESSAGE][PASSED] - Text 'Enter Email' is present on page  using regular expression

2024-01-14 16:42:31 - [TEST_STEP][PASSED] - if (TaxType.equalsIgnoreCase("Estate Tax")): null

2024-01-14 16:42:31 - [TEST_STEP][PASSED] - resText = "Pass": null

2024-01-14 16:42:31 - [TEST_STEP][PASSED] - pages.WriteExcel.demoKey(resText, datText, resColumn, datCloumn, fileLoc, nameSheet, row): pages.WriteExcel.demoKey is PASSED

2024-01-14 16:42:31 - [MESSAGE][PASSED] - pages.WriteExcel.demoKey is PASSED

2024-01-14 16:42:31 - [TEST_STEP][PASSED] - ExecuteTC = findTestData(dataFile).getValue("Execute", row): null

2024-01-14 16:42:31 - [TEST_STEP][PASSED] - TaxType = findTestData(dataFile).getValue("TaxType", row): null

2024-01-14 16:42:32 - [TEST_STEP][PASSED] - PaymentType = findTestData(dataFile).getValue("PaymentType", row): null

2024-01-14 16:42:32 - [TEST_STEP][PASSED] - FilingYear = findTestData(dataFile).getValue("Year", row): null

2024-01-14 16:42:32 - [TEST_STEP][PASSED] - feinSSN = findTestData(dataFile).getValue("FeinSsn", row): null

2024-01-14 16:42:32 - [TEST_STEP][PASSED] - if (ExecuteTC.equalsIgnoreCase("Y")): pages.WriteExcel.demoKey is PASSED

2024-01-14 16:42:32 - [TEST_STEP][PASSED] - out.println("Begin Record Number: " + row): null

2024-01-14 16:42:32 - [TEST_STEP][PASSED] - today = new java.util.Date(): null

2024-01-14 16:42:32 - [TEST_STEP][PASSED] - println(today): null

2024-01-14 16:42:32 - [TEST_STEP][PASSED] - datText = today: null

2024-01-14 16:42:32 - [TEST_STEP][PASSED] - logInfo("Payment Type: New Tax Return Amount Due"): Payment Type: New Tax Return Amount Due

2024-01-14 16:42:32 - [MESSAGE][INFO] - Payment Type: New Tax Return Amount Due

2024-01-14 16:42:32 - [TEST_STEP][PASSED] - logInfo("Tax Type: " + TaxType): Tax Type: PTE Tax Electing Non-S Corp

2024-01-14 16:42:32 - [MESSAGE][INFO] - Tax Type: PTE Tax Electing Non-S Corp

2024-01-14 16:42:32 - [TEST_STEP][PASSED] - openBrowser(""): Browser is opened with url: ''

2024-01-14 16:42:32 - [MESSAGE][WARNING] - A browser is already opened. Closing browser and opening a new one

2024-01-14 16:42:33 - [MESSAGE][INFO] - Starting 'Chrome' driver

2024-01-14 16:42:33 - [MESSAGE][INFO] - User set preference: ['acceptInsecureCerts', 'true']

2024-01-14 16:42:33 - [MESSAGE][INFO] - Action delay is set to 0 milliseconds

2024-01-14 16:42:34 - [MESSAGE][PASSED] - Browser is opened with url: ''

2024-01-14 16:42:34 - [TEST_STEP][PASSED] - maximizeWindow(): Current window maximized

2024-01-14 16:42:34 - [MESSAGE][PASSED] - Current window maximized

2024-01-14 16:42:34 - [TEST_STEP][PASSED] - navigateToUrl(RADurl): Navigate to 'https://qa2.velocitypayment.com/client/rad/index.html' successfully

2024-01-14 16:42:36 - [MESSAGE][PASSED] - Navigate to 'https://qa2.velocitypayment.com/client/rad/index.html' successfully

2024-01-14 16:42:36 - [TEST_STEP][PASSED] - selectOptionByLabel(findTestObject(orPath_Landing + "/dd_TaxType"), "New Tax Return Amount Due", false): All options with label 'New Tax Return Amount Due' are selected in object 'Object Repository/RAD_Pages/Landing_Page/dd_TaxType' 

2024-01-14 16:42:37 - [MESSAGE][PASSED] - All options with label 'New Tax Return Amount Due' are selected in object 'Object Repository/RAD_Pages/Landing_Page/dd_TaxType' 

2024-01-14 16:42:37 - [TEST_STEP][PASSED] - selectOptionByLabel(findTestObject("Object Repository/RAD_Pages/Landing_Page/select_NewTaxReturnAmountDue_TaxType"), TaxType, false): All options with label 'PTE Tax Electing Non-S Corp' are selected in object 'Object Repository/RAD_Pages/Landing_Page/select_NewTaxReturnAmountDue_TaxType' 

2024-01-14 16:42:37 - [MESSAGE][PASSED] - All options with label 'PTE Tax Electing Non-S Corp' are selected in object 'Object Repository/RAD_Pages/Landing_Page/select_NewTaxReturnAmountDue_TaxType' 

2024-01-14 16:42:37 - [TEST_STEP][PASSED] - selectOptionByLabel(findTestObject(orPath_TaxTypeFilingYear + "/select_FilingYear"), FilingYear, false): All options with label '2023' are selected in object 'Object Repository/RAD_Pages/TaxTypeFilingYear_Page/select_FilingYear' 

2024-01-14 16:42:38 - [MESSAGE][PASSED] - All options with label '2023' are selected in object 'Object Repository/RAD_Pages/TaxTypeFilingYear_Page/select_FilingYear' 

2024-01-14 16:42:38 - [TEST_STEP][PASSED] - setText(findTestObject(orPath_TaxPayer + "/input_businessName"), " "): Text ' ' is set on object 'Object Repository/RAD_Pages/Taxpayer_Page/input_businessName'

2024-01-14 16:42:39 - [MESSAGE][PASSED] - Text ' ' is set on object 'Object Repository/RAD_Pages/Taxpayer_Page/input_businessName'

2024-01-14 16:42:39 - [TEST_STEP][PASSED] - setText(findTestObject(orPath_TaxPayer + "/input_BusinessRepfirstName"), " "): Text ' ' is set on object 'Object Repository/RAD_Pages/Taxpayer_Page/input_BusinessRepfirstName'

2024-01-14 16:42:39 - [MESSAGE][PASSED] - Text ' ' is set on object 'Object Repository/RAD_Pages/Taxpayer_Page/input_BusinessRepfirstName'

2024-01-14 16:42:39 - [TEST_STEP][PASSED] - setText(findTestObject(orPath_TaxPayer + "/input_BusinessReplastName"), " "): Text ' ' is set on object 'Object Repository/RAD_Pages/Taxpayer_Page/input_BusinessReplastName'

2024-01-14 16:42:40 - [MESSAGE][PASSED] - Text ' ' is set on object 'Object Repository/RAD_Pages/Taxpayer_Page/input_BusinessReplastName'

2024-01-14 16:42:40 - [TEST_STEP][PASSED] - setText(findTestObject(orPath_AddressContact + "/input_streetAddress1"), " "): Text ' ' is set on object 'Object Repository/RAD_Pages/AddressAndContactInfo_Page/input_streetAddress1'

2024-01-14 16:42:41 - [MESSAGE][PASSED] - Text ' ' is set on object 'Object Repository/RAD_Pages/AddressAndContactInfo_Page/input_streetAddress1'

2024-01-14 16:42:41 - [TEST_STEP][PASSED] - setText(findTestObject(orPath_AddressContact + "/input_city"), " "): Text ' ' is set on object 'Object Repository/RAD_Pages/AddressAndContactInfo_Page/input_city'

2024-01-14 16:42:41 - [MESSAGE][PASSED] - Text ' ' is set on object 'Object Repository/RAD_Pages/AddressAndContactInfo_Page/input_city'

2024-01-14 16:42:41 - [TEST_STEP][PASSED] - setText(findTestObject(orPath_AddressContact + "/input_zipCode"), " "): Text ' ' is set on object 'Object Repository/RAD_Pages/AddressAndContactInfo_Page/input_zipCode'

2024-01-14 16:42:42 - [MESSAGE][PASSED] - Text ' ' is set on object 'Object Repository/RAD_Pages/AddressAndContactInfo_Page/input_zipCode'

2024-01-14 16:42:42 - [TEST_STEP][PASSED] - setText(findTestObject(orPath_AddressContact + "/input_phoneNumber"), " "): Text ' ' is set on object 'Object Repository/RAD_Pages/AddressAndContactInfo_Page/input_phoneNumber'

2024-01-14 16:42:43 - [MESSAGE][PASSED] - Text ' ' is set on object 'Object Repository/RAD_Pages/AddressAndContactInfo_Page/input_phoneNumber'

2024-01-14 16:42:43 - [TEST_STEP][PASSED] - setText(findTestObject(orPath_AddressContact + "/input_eMailAddress"), " "): Text ' ' is set on object 'Object Repository/RAD_Pages/AddressAndContactInfo_Page/input_eMailAddress'

2024-01-14 16:42:44 - [MESSAGE][PASSED] - Text ' ' is set on object 'Object Repository/RAD_Pages/AddressAndContactInfo_Page/input_eMailAddress'

2024-01-14 16:42:44 - [TEST_STEP][PASSED] - setText(findTestObject(orPath_AddressContact + "/input_reEnterEMailAddress"), " "): Text ' ' is set on object 'Object Repository/RAD_Pages/AddressAndContactInfo_Page/input_reEnterEMailAddress'

2024-01-14 16:42:44 - [MESSAGE][PASSED] - Text ' ' is set on object 'Object Repository/RAD_Pages/AddressAndContactInfo_Page/input_reEnterEMailAddress'

2024-01-14 16:42:44 - [TEST_STEP][PASSED] - if (TaxType.equalsIgnoreCase("Estate Tax")): null

2024-01-14 16:42:44 - [TEST_STEP][PASSED] - resText = "Fail": null

2024-01-14 16:42:44 - [TEST_STEP][PASSED] - pages.WriteExcel.demoKey(resText, datText, resColumn, datCloumn, fileLoc, nameSheet, row): pages.WriteExcel.demoKey is PASSED

2024-01-14 16:42:45 - [MESSAGE][PASSED] - pages.WriteExcel.demoKey is PASSED

2024-01-14 16:42:45 - [TEST_STEP][PASSED] - verifyTextPresent("Enter business name", true, CONTINUE_ON_FAILURE): Text 'Enter business name' is present on page  using regular expression

2024-01-14 16:42:45 - [MESSAGE][PASSED] - Text 'Enter business name' is present on page  using regular expression

2024-01-14 16:42:45 - [TEST_STEP][PASSED] - verifyTextPresent("Enter business rep first name", true, CONTINUE_ON_FAILURE): Text 'Enter business rep first name' is present on page  using regular expression

2024-01-14 16:42:45 - [MESSAGE][PASSED] - Text 'Enter business rep first name' is present on page  using regular expression

2024-01-14 16:42:45 - [TEST_STEP][PASSED] - verifyTextPresent("Enter business rep last name", true, CONTINUE_ON_FAILURE): Text 'Enter business rep last name' is present on page  using regular expression

2024-01-14 16:42:46 - [MESSAGE][PASSED] - Text 'Enter business rep last name' is present on page  using regular expression

2024-01-14 16:42:46 - [TEST_STEP][PASSED] - verifyTextPresent("Enter address", true, CONTINUE_ON_FAILURE): Text 'Enter address' is present on page  using regular expression

2024-01-14 16:42:46 - [MESSAGE][PASSED] - Text 'Enter address' is present on page  using regular expression

2024-01-14 16:42:46 - [TEST_STEP][PASSED] - verifyTextPresent("Enter city", true, CONTINUE_ON_FAILURE): Text 'Enter city' is present on page  using regular expression

2024-01-14 16:42:46 - [MESSAGE][PASSED] - Text 'Enter city' is present on page  using regular expression

2024-01-14 16:42:46 - [TEST_STEP][PASSED] - verifyTextPresent("Enter ZIP code", true, CONTINUE_ON_FAILURE): Text 'Enter ZIP code' is present on page  using regular expression

2024-01-14 16:42:47 - [MESSAGE][PASSED] - Text 'Enter ZIP code' is present on page  using regular expression

2024-01-14 16:42:47 - [TEST_STEP][PASSED] - verifyTextPresent("Enter a valid phone number", true, CONTINUE_ON_FAILURE): Text 'Enter a valid phone number' is present on page  using regular expression

2024-01-14 16:42:47 - [MESSAGE][PASSED] - Text 'Enter a valid phone number' is present on page  using regular expression

2024-01-14 16:42:47 - [TEST_STEP][PASSED] - verifyTextPresent("Enter Email", true, CONTINUE_ON_FAILURE): Text 'Enter Email' is present on page  using regular expression

2024-01-14 16:42:47 - [MESSAGE][PASSED] - Text 'Enter Email' is present on page  using regular expression

2024-01-14 16:42:47 - [TEST_STEP][PASSED] - if (TaxType.equalsIgnoreCase("Estate Tax")): null

2024-01-14 16:42:47 - [TEST_STEP][PASSED] - resText = "Pass": null

2024-01-14 16:42:47 - [TEST_STEP][PASSED] - pages.WriteExcel.demoKey(resText, datText, resColumn, datCloumn, fileLoc, nameSheet, row): pages.WriteExcel.demoKey is PASSED

2024-01-14 16:42:48 - [MESSAGE][PASSED] - pages.WriteExcel.demoKey is PASSED

2024-01-14 16:42:48 - [TEST_STEP][PASSED] - ExecuteTC = findTestData(dataFile).getValue("Execute", row): null

2024-01-14 16:42:48 - [TEST_STEP][PASSED] - TaxType = findTestData(dataFile).getValue("TaxType", row): null

2024-01-14 16:42:48 - [TEST_STEP][PASSED] - PaymentType = findTestData(dataFile).getValue("PaymentType", row): null

2024-01-14 16:42:48 - [TEST_STEP][PASSED] - FilingYear = findTestData(dataFile).getValue("Year", row): null

2024-01-14 16:42:48 - [TEST_STEP][PASSED] - feinSSN = findTestData(dataFile).getValue("FeinSsn", row): null

2024-01-14 16:42:48 - [TEST_STEP][PASSED] - if (ExecuteTC.equalsIgnoreCase("Y")): pages.WriteExcel.demoKey is PASSED

2024-01-14 16:42:48 - [TEST_STEP][PASSED] - out.println("Begin Record Number: " + row): null

2024-01-14 16:42:48 - [TEST_STEP][PASSED] - today = new java.util.Date(): null

2024-01-14 16:42:48 - [TEST_STEP][PASSED] - println(today): null

2024-01-14 16:42:48 - [TEST_STEP][PASSED] - datText = today: null

2024-01-14 16:42:48 - [TEST_STEP][PASSED] - logInfo("Payment Type: New Tax Return Amount Due"): Payment Type: New Tax Return Amount Due

2024-01-14 16:42:48 - [MESSAGE][INFO] - Payment Type: New Tax Return Amount Due

2024-01-14 16:42:48 - [TEST_STEP][PASSED] - logInfo("Tax Type: " + TaxType): Tax Type: PTE Tax Electing S Corp

2024-01-14 16:42:48 - [MESSAGE][INFO] - Tax Type: PTE Tax Electing S Corp

2024-01-14 16:42:48 - [TEST_STEP][PASSED] - openBrowser(""): Browser is opened with url: ''

2024-01-14 16:42:48 - [MESSAGE][WARNING] - A browser is already opened. Closing browser and opening a new one

2024-01-14 16:42:49 - [MESSAGE][INFO] - Starting 'Chrome' driver

2024-01-14 16:42:49 - [MESSAGE][INFO] - User set preference: ['acceptInsecureCerts', 'true']

2024-01-14 16:42:49 - [MESSAGE][INFO] - Action delay is set to 0 milliseconds

2024-01-14 16:42:51 - [MESSAGE][PASSED] - Browser is opened with url: ''

2024-01-14 16:42:51 - [TEST_STEP][PASSED] - maximizeWindow(): Current window maximized

2024-01-14 16:42:51 - [MESSAGE][PASSED] - Current window maximized

2024-01-14 16:42:51 - [TEST_STEP][PASSED] - navigateToUrl(RADurl): Navigate to 'https://qa2.velocitypayment.com/client/rad/index.html' successfully

2024-01-14 16:42:51 - [MESSAGE][PASSED] - Navigate to 'https://qa2.velocitypayment.com/client/rad/index.html' successfully

2024-01-14 16:42:51 - [TEST_STEP][PASSED] - selectOptionByLabel(findTestObject(orPath_Landing + "/dd_TaxType"), "New Tax Return Amount Due", false): All options with label 'New Tax Return Amount Due' are selected in object 'Object Repository/RAD_Pages/Landing_Page/dd_TaxType' 

2024-01-14 16:42:53 - [MESSAGE][PASSED] - All options with label 'New Tax Return Amount Due' are selected in object 'Object Repository/RAD_Pages/Landing_Page/dd_TaxType' 

2024-01-14 16:42:53 - [TEST_STEP][PASSED] - selectOptionByLabel(findTestObject("Object Repository/RAD_Pages/Landing_Page/select_NewTaxReturnAmountDue_TaxType"), TaxType, false): All options with label 'PTE Tax Electing S Corp' are selected in object 'Object Repository/RAD_Pages/Landing_Page/select_NewTaxReturnAmountDue_TaxType' 

2024-01-14 16:42:54 - [MESSAGE][PASSED] - All options with label 'PTE Tax Electing S Corp' are selected in object 'Object Repository/RAD_Pages/Landing_Page/select_NewTaxReturnAmountDue_TaxType' 

2024-01-14 16:42:54 - [TEST_STEP][PASSED] - selectOptionByLabel(findTestObject(orPath_TaxTypeFilingYear + "/select_FilingYear"), FilingYear, false): All options with label '2023' are selected in object 'Object Repository/RAD_Pages/TaxTypeFilingYear_Page/select_FilingYear' 

2024-01-14 16:42:54 - [MESSAGE][PASSED] - All options with label '2023' are selected in object 'Object Repository/RAD_Pages/TaxTypeFilingYear_Page/select_FilingYear' 

2024-01-14 16:42:54 - [TEST_STEP][PASSED] - setText(findTestObject(orPath_TaxPayer + "/input_businessName"), " "): Text ' ' is set on object 'Object Repository/RAD_Pages/Taxpayer_Page/input_businessName'

2024-01-14 16:42:55 - [MESSAGE][PASSED] - Text ' ' is set on object 'Object Repository/RAD_Pages/Taxpayer_Page/input_businessName'

2024-01-14 16:42:55 - [TEST_STEP][PASSED] - setText(findTestObject(orPath_TaxPayer + "/input_BusinessRepfirstName"), " "): Text ' ' is set on object 'Object Repository/RAD_Pages/Taxpayer_Page/input_BusinessRepfirstName'

2024-01-14 16:42:56 - [MESSAGE][PASSED] - Text ' ' is set on object 'Object Repository/RAD_Pages/Taxpayer_Page/input_BusinessRepfirstName'

2024-01-14 16:42:56 - [TEST_STEP][PASSED] - setText(findTestObject(orPath_TaxPayer + "/input_BusinessReplastName"), " "): Text ' ' is set on object 'Object Repository/RAD_Pages/Taxpayer_Page/input_BusinessReplastName'

2024-01-14 16:42:56 - [MESSAGE][PASSED] - Text ' ' is set on object 'Object Repository/RAD_Pages/Taxpayer_Page/input_BusinessReplastName'

2024-01-14 16:42:56 - [TEST_STEP][PASSED] - setText(findTestObject(orPath_AddressContact + "/input_streetAddress1"), " "): Text ' ' is set on object 'Object Repository/RAD_Pages/AddressAndContactInfo_Page/input_streetAddress1'

2024-01-14 16:42:57 - [MESSAGE][PASSED] - Text ' ' is set on object 'Object Repository/RAD_Pages/AddressAndContactInfo_Page/input_streetAddress1'

2024-01-14 16:42:57 - [TEST_STEP][PASSED] - setText(findTestObject(orPath_AddressContact + "/input_city"), " "): Text ' ' is set on object 'Object Repository/RAD_Pages/AddressAndContactInfo_Page/input_city'

2024-01-14 16:42:58 - [MESSAGE][PASSED] - Text ' ' is set on object 'Object Repository/RAD_Pages/AddressAndContactInfo_Page/input_city'

2024-01-14 16:42:58 - [TEST_STEP][PASSED] - setText(findTestObject(orPath_AddressContact + "/input_zipCode"), " "): Text ' ' is set on object 'Object Repository/RAD_Pages/AddressAndContactInfo_Page/input_zipCode'

2024-01-14 16:42:59 - [MESSAGE][PASSED] - Text ' ' is set on object 'Object Repository/RAD_Pages/AddressAndContactInfo_Page/input_zipCode'

2024-01-14 16:42:59 - [TEST_STEP][PASSED] - setText(findTestObject(orPath_AddressContact + "/input_phoneNumber"), " "): Text ' ' is set on object 'Object Repository/RAD_Pages/AddressAndContactInfo_Page/input_phoneNumber'

2024-01-14 16:42:59 - [MESSAGE][PASSED] - Text ' ' is set on object 'Object Repository/RAD_Pages/AddressAndContactInfo_Page/input_phoneNumber'

2024-01-14 16:42:59 - [TEST_STEP][PASSED] - setText(findTestObject(orPath_AddressContact + "/input_eMailAddress"), " "): Text ' ' is set on object 'Object Repository/RAD_Pages/AddressAndContactInfo_Page/input_eMailAddress'

2024-01-14 16:43:00 - [MESSAGE][PASSED] - Text ' ' is set on object 'Object Repository/RAD_Pages/AddressAndContactInfo_Page/input_eMailAddress'

2024-01-14 16:43:00 - [TEST_STEP][PASSED] - setText(findTestObject(orPath_AddressContact + "/input_reEnterEMailAddress"), " "): Text ' ' is set on object 'Object Repository/RAD_Pages/AddressAndContactInfo_Page/input_reEnterEMailAddress'

2024-01-14 16:43:01 - [MESSAGE][PASSED] - Text ' ' is set on object 'Object Repository/RAD_Pages/AddressAndContactInfo_Page/input_reEnterEMailAddress'

2024-01-14 16:43:01 - [TEST_STEP][PASSED] - if (TaxType.equalsIgnoreCase("Estate Tax")): null

2024-01-14 16:43:01 - [TEST_STEP][PASSED] - resText = "Fail": null

2024-01-14 16:43:01 - [TEST_STEP][PASSED] - pages.WriteExcel.demoKey(resText, datText, resColumn, datCloumn, fileLoc, nameSheet, row): pages.WriteExcel.demoKey is PASSED

2024-01-14 16:43:01 - [MESSAGE][PASSED] - pages.WriteExcel.demoKey is PASSED

2024-01-14 16:43:01 - [TEST_STEP][PASSED] - verifyTextPresent("Enter business name", true, CONTINUE_ON_FAILURE): Text 'Enter business name' is present on page  using regular expression

2024-01-14 16:43:01 - [MESSAGE][PASSED] - Text 'Enter business name' is present on page  using regular expression

2024-01-14 16:43:01 - [TEST_STEP][PASSED] - verifyTextPresent("Enter business rep first name", true, CONTINUE_ON_FAILURE): Text 'Enter business rep first name' is present on page  using regular expression

2024-01-14 16:43:02 - [MESSAGE][PASSED] - Text 'Enter business rep first name' is present on page  using regular expression

2024-01-14 16:43:02 - [TEST_STEP][PASSED] - verifyTextPresent("Enter business rep last name", true, CONTINUE_ON_FAILURE): Text 'Enter business rep last name' is present on page  using regular expression

2024-01-14 16:43:02 - [MESSAGE][PASSED] - Text 'Enter business rep last name' is present on page  using regular expression

2024-01-14 16:43:02 - [TEST_STEP][PASSED] - verifyTextPresent("Enter address", true, CONTINUE_ON_FAILURE): Text 'Enter address' is present on page  using regular expression

2024-01-14 16:43:03 - [MESSAGE][PASSED] - Text 'Enter address' is present on page  using regular expression

2024-01-14 16:43:03 - [TEST_STEP][PASSED] - verifyTextPresent("Enter city", true, CONTINUE_ON_FAILURE): Text 'Enter city' is present on page  using regular expression

2024-01-14 16:43:03 - [MESSAGE][PASSED] - Text 'Enter city' is present on page  using regular expression

2024-01-14 16:43:03 - [TEST_STEP][PASSED] - verifyTextPresent("Enter ZIP code", true, CONTINUE_ON_FAILURE): Text 'Enter ZIP code' is present on page  using regular expression

2024-01-14 16:43:03 - [MESSAGE][PASSED] - Text 'Enter ZIP code' is present on page  using regular expression

2024-01-14 16:43:03 - [TEST_STEP][PASSED] - verifyTextPresent("Enter a valid phone number", true, CONTINUE_ON_FAILURE): Text 'Enter a valid phone number' is present on page  using regular expression

2024-01-14 16:43:04 - [MESSAGE][PASSED] - Text 'Enter a valid phone number' is present on page  using regular expression

2024-01-14 16:43:04 - [TEST_STEP][PASSED] - verifyTextPresent("Enter Email", true, CONTINUE_ON_FAILURE): Text 'Enter Email' is present on page  using regular expression

2024-01-14 16:43:04 - [MESSAGE][PASSED] - Text 'Enter Email' is present on page  using regular expression

2024-01-14 16:43:04 - [TEST_STEP][PASSED] - if (TaxType.equalsIgnoreCase("Estate Tax")): null

2024-01-14 16:43:04 - [TEST_STEP][PASSED] - resText = "Pass": null

2024-01-14 16:43:04 - [TEST_STEP][PASSED] - pages.WriteExcel.demoKey(resText, datText, resColumn, datCloumn, fileLoc, nameSheet, row): pages.WriteExcel.demoKey is PASSED

2024-01-14 16:43:04 - [MESSAGE][PASSED] - pages.WriteExcel.demoKey is PASSED

2024-01-14 16:43:04 - [TEST_STEP][PASSED] - ExecuteTC = findTestData(dataFile).getValue("Execute", row): null

2024-01-14 16:43:04 - [TEST_STEP][PASSED] - TaxType = findTestData(dataFile).getValue("TaxType", row): null

2024-01-14 16:43:04 - [TEST_STEP][PASSED] - PaymentType = findTestData(dataFile).getValue("PaymentType", row): null

2024-01-14 16:43:04 - [TEST_STEP][PASSED] - FilingYear = findTestData(dataFile).getValue("Year", row): null

2024-01-14 16:43:04 - [TEST_STEP][PASSED] - feinSSN = findTestData(dataFile).getValue("FeinSsn", row): null

2024-01-14 16:43:04 - [TEST_STEP][PASSED] - if (ExecuteTC.equalsIgnoreCase("Y")): pages.WriteExcel.demoKey is PASSED

2024-01-14 16:43:04 - [TEST_STEP][PASSED] - out.println("Begin Record Number: " + row): null

2024-01-14 16:43:04 - [TEST_STEP][PASSED] - today = new java.util.Date(): null

2024-01-14 16:43:04 - [TEST_STEP][PASSED] - println(today): null

2024-01-14 16:43:04 - [TEST_STEP][PASSED] - datText = today: null

2024-01-14 16:43:04 - [TEST_STEP][PASSED] - logInfo("Payment Type: New Tax Return Amount Due"): Payment Type: New Tax Return Amount Due

2024-01-14 16:43:04 - [MESSAGE][INFO] - Payment Type: New Tax Return Amount Due

2024-01-14 16:43:04 - [TEST_STEP][PASSED] - logInfo("Tax Type: " + TaxType): Tax Type: Fiduciary Tax

2024-01-14 16:43:04 - [MESSAGE][INFO] - Tax Type: Fiduciary Tax

2024-01-14 16:43:04 - [TEST_STEP][PASSED] - openBrowser(""): Browser is opened with url: ''

2024-01-14 16:43:04 - [MESSAGE][WARNING] - A browser is already opened. Closing browser and opening a new one

2024-01-14 16:43:05 - [MESSAGE][INFO] - Starting 'Chrome' driver

2024-01-14 16:43:05 - [MESSAGE][INFO] - User set preference: ['acceptInsecureCerts', 'true']

2024-01-14 16:43:05 - [MESSAGE][INFO] - Action delay is set to 0 milliseconds

2024-01-14 16:43:07 - [MESSAGE][PASSED] - Browser is opened with url: ''

2024-01-14 16:43:07 - [TEST_STEP][PASSED] - maximizeWindow(): Current window maximized

2024-01-14 16:43:07 - [MESSAGE][PASSED] - Current window maximized

2024-01-14 16:43:07 - [TEST_STEP][PASSED] - navigateToUrl(RADurl): Navigate to 'https://qa2.velocitypayment.com/client/rad/index.html' successfully

2024-01-14 16:43:09 - [MESSAGE][PASSED] - Navigate to 'https://qa2.velocitypayment.com/client/rad/index.html' successfully

2024-01-14 16:43:09 - [TEST_STEP][PASSED] - selectOptionByLabel(findTestObject(orPath_Landing + "/dd_TaxType"), "New Tax Return Amount Due", false): All options with label 'New Tax Return Amount Due' are selected in object 'Object Repository/RAD_Pages/Landing_Page/dd_TaxType' 

2024-01-14 16:43:09 - [MESSAGE][PASSED] - All options with label 'New Tax Return Amount Due' are selected in object 'Object Repository/RAD_Pages/Landing_Page/dd_TaxType' 

2024-01-14 16:43:09 - [TEST_STEP][PASSED] - selectOptionByLabel(findTestObject("Object Repository/RAD_Pages/Landing_Page/select_NewTaxReturnAmountDue_TaxType"), TaxType, false): All options with label 'Fiduciary Tax' are selected in object 'Object Repository/RAD_Pages/Landing_Page/select_NewTaxReturnAmountDue_TaxType' 

2024-01-14 16:43:10 - [MESSAGE][PASSED] - All options with label 'Fiduciary Tax' are selected in object 'Object Repository/RAD_Pages/Landing_Page/select_NewTaxReturnAmountDue_TaxType' 

2024-01-14 16:43:10 - [TEST_STEP][PASSED] - selectOptionByLabel(findTestObject(orPath_TaxTypeFilingYear + "/select_FilingYear"), FilingYear, false): All options with label '2022' are selected in object 'Object Repository/RAD_Pages/TaxTypeFilingYear_Page/select_FilingYear' 

2024-01-14 16:43:11 - [MESSAGE][PASSED] - All options with label '2022' are selected in object 'Object Repository/RAD_Pages/TaxTypeFilingYear_Page/select_FilingYear' 

2024-01-14 16:43:11 - [TEST_STEP][PASSED] - setText(findTestObject(orPath_TaxPayer + "/input_businessName"), " "): Text ' ' is set on object 'Object Repository/RAD_Pages/Taxpayer_Page/input_businessName'

2024-01-14 16:43:12 - [MESSAGE][PASSED] - Text ' ' is set on object 'Object Repository/RAD_Pages/Taxpayer_Page/input_businessName'

2024-01-14 16:43:12 - [TEST_STEP][PASSED] - setText(findTestObject(orPath_TaxPayer + "/input_BusinessRepfirstName"), " "): Text ' ' is set on object 'Object Repository/RAD_Pages/Taxpayer_Page/input_BusinessRepfirstName'

2024-01-14 16:43:12 - [MESSAGE][PASSED] - Text ' ' is set on object 'Object Repository/RAD_Pages/Taxpayer_Page/input_BusinessRepfirstName'

2024-01-14 16:43:12 - [TEST_STEP][PASSED] - setText(findTestObject(orPath_TaxPayer + "/input_BusinessReplastName"), " "): Text ' ' is set on object 'Object Repository/RAD_Pages/Taxpayer_Page/input_BusinessReplastName'

2024-01-14 16:43:13 - [MESSAGE][PASSED] - Text ' ' is set on object 'Object Repository/RAD_Pages/Taxpayer_Page/input_BusinessReplastName'

2024-01-14 16:43:13 - [TEST_STEP][PASSED] - setText(findTestObject(orPath_AddressContact + "/input_streetAddress1"), " "): Text ' ' is set on object 'Object Repository/RAD_Pages/AddressAndContactInfo_Page/input_streetAddress1'

2024-01-14 16:43:14 - [MESSAGE][PASSED] - Text ' ' is set on object 'Object Repository/RAD_Pages/AddressAndContactInfo_Page/input_streetAddress1'

2024-01-14 16:43:14 - [TEST_STEP][PASSED] - setText(findTestObject(orPath_AddressContact + "/input_city"), " "): Text ' ' is set on object 'Object Repository/RAD_Pages/AddressAndContactInfo_Page/input_city'

2024-01-14 16:43:14 - [MESSAGE][PASSED] - Text ' ' is set on object 'Object Repository/RAD_Pages/AddressAndContactInfo_Page/input_city'

2024-01-14 16:43:14 - [TEST_STEP][PASSED] - setText(findTestObject(orPath_AddressContact + "/input_zipCode"), " "): Text ' ' is set on object 'Object Repository/RAD_Pages/AddressAndContactInfo_Page/input_zipCode'

2024-01-14 16:43:15 - [MESSAGE][PASSED] - Text ' ' is set on object 'Object Repository/RAD_Pages/AddressAndContactInfo_Page/input_zipCode'

2024-01-14 16:43:15 - [TEST_STEP][PASSED] - setText(findTestObject(orPath_AddressContact + "/input_phoneNumber"), " "): Text ' ' is set on object 'Object Repository/RAD_Pages/AddressAndContactInfo_Page/input_phoneNumber'

2024-01-14 16:43:16 - [MESSAGE][PASSED] - Text ' ' is set on object 'Object Repository/RAD_Pages/AddressAndContactInfo_Page/input_phoneNumber'

2024-01-14 16:43:16 - [TEST_STEP][PASSED] - setText(findTestObject(orPath_AddressContact + "/input_eMailAddress"), " "): Text ' ' is set on object 'Object Repository/RAD_Pages/AddressAndContactInfo_Page/input_eMailAddress'

2024-01-14 16:43:17 - [MESSAGE][PASSED] - Text ' ' is set on object 'Object Repository/RAD_Pages/AddressAndContactInfo_Page/input_eMailAddress'

2024-01-14 16:43:17 - [TEST_STEP][PASSED] - setText(findTestObject(orPath_AddressContact + "/input_reEnterEMailAddress"), " "): Text ' ' is set on object 'Object Repository/RAD_Pages/AddressAndContactInfo_Page/input_reEnterEMailAddress'

2024-01-14 16:43:17 - [MESSAGE][PASSED] - Text ' ' is set on object 'Object Repository/RAD_Pages/AddressAndContactInfo_Page/input_reEnterEMailAddress'

2024-01-14 16:43:17 - [TEST_STEP][PASSED] - if (TaxType.equalsIgnoreCase("Estate Tax")): null

2024-01-14 16:43:17 - [TEST_STEP][PASSED] - resText = "Fail": null

2024-01-14 16:43:17 - [TEST_STEP][PASSED] - pages.WriteExcel.demoKey(resText, datText, resColumn, datCloumn, fileLoc, nameSheet, row): pages.WriteExcel.demoKey is PASSED

2024-01-14 16:43:18 - [MESSAGE][PASSED] - pages.WriteExcel.demoKey is PASSED

2024-01-14 16:43:18 - [TEST_STEP][PASSED] - verifyTextPresent("Enter business name", true, CONTINUE_ON_FAILURE): Text 'Enter business name' is present on page  using regular expression

2024-01-14 16:43:18 - [MESSAGE][PASSED] - Text 'Enter business name' is present on page  using regular expression

2024-01-14 16:43:18 - [TEST_STEP][PASSED] - verifyTextPresent("Enter business rep first name", true, CONTINUE_ON_FAILURE): Text 'Enter business rep first name' is present on page  using regular expression

2024-01-14 16:43:18 - [MESSAGE][PASSED] - Text 'Enter business rep first name' is present on page  using regular expression

2024-01-14 16:43:18 - [TEST_STEP][PASSED] - verifyTextPresent("Enter business rep last name", true, CONTINUE_ON_FAILURE): Text 'Enter business rep last name' is present on page  using regular expression

2024-01-14 16:43:19 - [MESSAGE][PASSED] - Text 'Enter business rep last name' is present on page  using regular expression

2024-01-14 16:43:19 - [TEST_STEP][PASSED] - verifyTextPresent("Enter address", true, CONTINUE_ON_FAILURE): Text 'Enter address' is present on page  using regular expression

2024-01-14 16:43:19 - [MESSAGE][PASSED] - Text 'Enter address' is present on page  using regular expression

2024-01-14 16:43:19 - [TEST_STEP][PASSED] - verifyTextPresent("Enter city", true, CONTINUE_ON_FAILURE): Text 'Enter city' is present on page  using regular expression

2024-01-14 16:43:19 - [MESSAGE][PASSED] - Text 'Enter city' is present on page  using regular expression

2024-01-14 16:43:19 - [TEST_STEP][PASSED] - verifyTextPresent("Enter ZIP code", true, CONTINUE_ON_FAILURE): Text 'Enter ZIP code' is present on page  using regular expression

2024-01-14 16:43:20 - [MESSAGE][PASSED] - Text 'Enter ZIP code' is present on page  using regular expression

2024-01-14 16:43:20 - [TEST_STEP][PASSED] - verifyTextPresent("Enter a valid phone number", true, CONTINUE_ON_FAILURE): Text 'Enter a valid phone number' is present on page  using regular expression

2024-01-14 16:43:20 - [MESSAGE][PASSED] - Text 'Enter a valid phone number' is present on page  using regular expression

2024-01-14 16:43:20 - [TEST_STEP][PASSED] - verifyTextPresent("Enter Email", true, CONTINUE_ON_FAILURE): Text 'Enter Email' is present on page  using regular expression

2024-01-14 16:43:21 - [MESSAGE][PASSED] - Text 'Enter Email' is present on page  using regular expression

2024-01-14 16:43:21 - [TEST_STEP][PASSED] - if (TaxType.equalsIgnoreCase("Estate Tax")): null

2024-01-14 16:43:21 - [TEST_STEP][PASSED] - resText = "Pass": null

2024-01-14 16:43:21 - [TEST_STEP][PASSED] - pages.WriteExcel.demoKey(resText, datText, resColumn, datCloumn, fileLoc, nameSheet, row): pages.WriteExcel.demoKey is PASSED

2024-01-14 16:43:21 - [MESSAGE][PASSED] - pages.WriteExcel.demoKey is PASSED

2024-01-14 16:43:21 - [TEST_STEP][PASSED] - ExecuteTC = findTestData(dataFile).getValue("Execute", row): null

2024-01-14 16:43:21 - [TEST_STEP][PASSED] - TaxType = findTestData(dataFile).getValue("TaxType", row): null

2024-01-14 16:43:21 - [TEST_STEP][PASSED] - PaymentType = findTestData(dataFile).getValue("PaymentType", row): null

2024-01-14 16:43:21 - [TEST_STEP][PASSED] - FilingYear = findTestData(dataFile).getValue("Year", row): null

2024-01-14 16:43:21 - [TEST_STEP][PASSED] - feinSSN = findTestData(dataFile).getValue("FeinSsn", row): null

2024-01-14 16:43:21 - [TEST_STEP][PASSED] - if (ExecuteTC.equalsIgnoreCase("Y")): pages.WriteExcel.demoKey is PASSED

2024-01-14 16:43:21 - [TEST_STEP][PASSED] - out.println("Begin Record Number: " + row): null

2024-01-14 16:43:21 - [TEST_STEP][PASSED] - today = new java.util.Date(): null

2024-01-14 16:43:21 - [TEST_STEP][PASSED] - println(today): null

2024-01-14 16:43:21 - [TEST_STEP][PASSED] - datText = today: null

2024-01-14 16:43:21 - [TEST_STEP][PASSED] - logInfo("Payment Type: New Tax Return Amount Due"): Payment Type: New Tax Return Amount Due

2024-01-14 16:43:21 - [MESSAGE][INFO] - Payment Type: New Tax Return Amount Due

2024-01-14 16:43:21 - [TEST_STEP][PASSED] - logInfo("Tax Type: " + TaxType): Tax Type: PTE Non-Electing Non-S Corp

2024-01-14 16:43:21 - [MESSAGE][INFO] - Tax Type: PTE Non-Electing Non-S Corp

2024-01-14 16:43:21 - [TEST_STEP][PASSED] - openBrowser(""): Browser is opened with url: ''

2024-01-14 16:43:21 - [MESSAGE][WARNING] - A browser is already opened. Closing browser and opening a new one

2024-01-14 16:43:22 - [MESSAGE][INFO] - Starting 'Chrome' driver

2024-01-14 16:43:22 - [MESSAGE][INFO] - User set preference: ['acceptInsecureCerts', 'true']

2024-01-14 16:43:22 - [MESSAGE][INFO] - Action delay is set to 0 milliseconds

2024-01-14 16:43:24 - [MESSAGE][PASSED] - Browser is opened with url: ''

2024-01-14 16:43:24 - [TEST_STEP][PASSED] - maximizeWindow(): Current window maximized

2024-01-14 16:43:24 - [MESSAGE][PASSED] - Current window maximized

2024-01-14 16:43:24 - [TEST_STEP][PASSED] - navigateToUrl(RADurl): Navigate to 'https://qa2.velocitypayment.com/client/rad/index.html' successfully

2024-01-14 16:43:24 - [MESSAGE][PASSED] - Navigate to 'https://qa2.velocitypayment.com/client/rad/index.html' successfully

2024-01-14 16:43:24 - [TEST_STEP][PASSED] - selectOptionByLabel(findTestObject(orPath_Landing + "/dd_TaxType"), "New Tax Return Amount Due", false): All options with label 'New Tax Return Amount Due' are selected in object 'Object Repository/RAD_Pages/Landing_Page/dd_TaxType' 

2024-01-14 16:43:26 - [MESSAGE][PASSED] - All options with label 'New Tax Return Amount Due' are selected in object 'Object Repository/RAD_Pages/Landing_Page/dd_TaxType' 

2024-01-14 16:43:26 - [TEST_STEP][PASSED] - selectOptionByLabel(findTestObject("Object Repository/RAD_Pages/Landing_Page/select_NewTaxReturnAmountDue_TaxType"), TaxType, false): All options with label 'PTE Non-Electing Non-S Corp' are selected in object 'Object Repository/RAD_Pages/Landing_Page/select_NewTaxReturnAmountDue_TaxType' 

2024-01-14 16:43:27 - [MESSAGE][PASSED] - All options with label 'PTE Non-Electing Non-S Corp' are selected in object 'Object Repository/RAD_Pages/Landing_Page/select_NewTaxReturnAmountDue_TaxType' 

2024-01-14 16:43:27 - [TEST_STEP][PASSED] - selectOptionByLabel(findTestObject(orPath_TaxTypeFilingYear + "/select_FilingYear"), FilingYear, false): All options with label '2022' are selected in object 'Object Repository/RAD_Pages/TaxTypeFilingYear_Page/select_FilingYear' 

2024-01-14 16:43:28 - [MESSAGE][PASSED] - All options with label '2022' are selected in object 'Object Repository/RAD_Pages/TaxTypeFilingYear_Page/select_FilingYear' 

2024-01-14 16:43:28 - [TEST_STEP][PASSED] - setText(findTestObject(orPath_TaxPayer + "/input_businessName"), " "): Text ' ' is set on object 'Object Repository/RAD_Pages/Taxpayer_Page/input_businessName'

2024-01-14 16:43:28 - [MESSAGE][PASSED] - Text ' ' is set on object 'Object Repository/RAD_Pages/Taxpayer_Page/input_businessName'

2024-01-14 16:43:28 - [TEST_STEP][PASSED] - setText(findTestObject(orPath_TaxPayer + "/input_BusinessRepfirstName"), " "): Text ' ' is set on object 'Object Repository/RAD_Pages/Taxpayer_Page/input_BusinessRepfirstName'

2024-01-14 16:43:29 - [MESSAGE][PASSED] - Text ' ' is set on object 'Object Repository/RAD_Pages/Taxpayer_Page/input_BusinessRepfirstName'

2024-01-14 16:43:29 - [TEST_STEP][PASSED] - setText(findTestObject(orPath_TaxPayer + "/input_BusinessReplastName"), " "): Text ' ' is set on object 'Object Repository/RAD_Pages/Taxpayer_Page/input_BusinessReplastName'

2024-01-14 16:43:30 - [MESSAGE][PASSED] - Text ' ' is set on object 'Object Repository/RAD_Pages/Taxpayer_Page/input_BusinessReplastName'

2024-01-14 16:43:30 - [TEST_STEP][PASSED] - setText(findTestObject(orPath_AddressContact + "/input_streetAddress1"), " "): Text ' ' is set on object 'Object Repository/RAD_Pages/AddressAndContactInfo_Page/input_streetAddress1'

2024-01-14 16:43:30 - [MESSAGE][PASSED] - Text ' ' is set on object 'Object Repository/RAD_Pages/AddressAndContactInfo_Page/input_streetAddress1'

2024-01-14 16:43:30 - [TEST_STEP][PASSED] - setText(findTestObject(orPath_AddressContact + "/input_city"), " "): Text ' ' is set on object 'Object Repository/RAD_Pages/AddressAndContactInfo_Page/input_city'

2024-01-14 16:43:31 - [MESSAGE][PASSED] - Text ' ' is set on object 'Object Repository/RAD_Pages/AddressAndContactInfo_Page/input_city'

2024-01-14 16:43:31 - [TEST_STEP][PASSED] - setText(findTestObject(orPath_AddressContact + "/input_zipCode"), " "): Text ' ' is set on object 'Object Repository/RAD_Pages/AddressAndContactInfo_Page/input_zipCode'

2024-01-14 16:43:32 - [MESSAGE][PASSED] - Text ' ' is set on object 'Object Repository/RAD_Pages/AddressAndContactInfo_Page/input_zipCode'

2024-01-14 16:43:32 - [TEST_STEP][PASSED] - setText(findTestObject(orPath_AddressContact + "/input_phoneNumber"), " "): Text ' ' is set on object 'Object Repository/RAD_Pages/AddressAndContactInfo_Page/input_phoneNumber'

2024-01-14 16:43:33 - [MESSAGE][PASSED] - Text ' ' is set on object 'Object Repository/RAD_Pages/AddressAndContactInfo_Page/input_phoneNumber'

2024-01-14 16:43:33 - [TEST_STEP][PASSED] - setText(findTestObject(orPath_AddressContact + "/input_eMailAddress"), " "): Text ' ' is set on object 'Object Repository/RAD_Pages/AddressAndContactInfo_Page/input_eMailAddress'

2024-01-14 16:43:33 - [MESSAGE][PASSED] - Text ' ' is set on object 'Object Repository/RAD_Pages/AddressAndContactInfo_Page/input_eMailAddress'

2024-01-14 16:43:33 - [TEST_STEP][PASSED] - setText(findTestObject(orPath_AddressContact + "/input_reEnterEMailAddress"), " "): Text ' ' is set on object 'Object Repository/RAD_Pages/AddressAndContactInfo_Page/input_reEnterEMailAddress'

2024-01-14 16:43:34 - [MESSAGE][PASSED] - Text ' ' is set on object 'Object Repository/RAD_Pages/AddressAndContactInfo_Page/input_reEnterEMailAddress'

2024-01-14 16:43:34 - [TEST_STEP][PASSED] - if (TaxType.equalsIgnoreCase("Estate Tax")): null

2024-01-14 16:43:34 - [TEST_STEP][PASSED] - resText = "Fail": null

2024-01-14 16:43:34 - [TEST_STEP][PASSED] - pages.WriteExcel.demoKey(resText, datText, resColumn, datCloumn, fileLoc, nameSheet, row): pages.WriteExcel.demoKey is PASSED

2024-01-14 16:43:34 - [MESSAGE][PASSED] - pages.WriteExcel.demoKey is PASSED

2024-01-14 16:43:34 - [TEST_STEP][PASSED] - verifyTextPresent("Enter business name", true, CONTINUE_ON_FAILURE): Text 'Enter business name' is present on page  using regular expression

2024-01-14 16:43:35 - [MESSAGE][PASSED] - Text 'Enter business name' is present on page  using regular expression

2024-01-14 16:43:35 - [TEST_STEP][PASSED] - verifyTextPresent("Enter business rep first name", true, CONTINUE_ON_FAILURE): Text 'Enter business rep first name' is present on page  using regular expression

2024-01-14 16:43:35 - [MESSAGE][PASSED] - Text 'Enter business rep first name' is present on page  using regular expression

2024-01-14 16:43:35 - [TEST_STEP][PASSED] - verifyTextPresent("Enter business rep last name", true, CONTINUE_ON_FAILURE): Text 'Enter business rep last name' is present on page  using regular expression

2024-01-14 16:43:36 - [MESSAGE][PASSED] - Text 'Enter business rep last name' is present on page  using regular expression

2024-01-14 16:43:36 - [TEST_STEP][PASSED] - verifyTextPresent("Enter address", true, CONTINUE_ON_FAILURE): Text 'Enter address' is present on page  using regular expression

2024-01-14 16:43:36 - [MESSAGE][PASSED] - Text 'Enter address' is present on page  using regular expression

2024-01-14 16:43:36 - [TEST_STEP][PASSED] - verifyTextPresent("Enter city", true, CONTINUE_ON_FAILURE): Text 'Enter city' is present on page  using regular expression

2024-01-14 16:43:36 - [MESSAGE][PASSED] - Text 'Enter city' is present on page  using regular expression

2024-01-14 16:43:36 - [TEST_STEP][PASSED] - verifyTextPresent("Enter ZIP code", true, CONTINUE_ON_FAILURE): Text 'Enter ZIP code' is present on page  using regular expression

2024-01-14 16:43:37 - [MESSAGE][PASSED] - Text 'Enter ZIP code' is present on page  using regular expression

2024-01-14 16:43:37 - [TEST_STEP][PASSED] - verifyTextPresent("Enter a valid phone number", true, CONTINUE_ON_FAILURE): Text 'Enter a valid phone number' is present on page  using regular expression

2024-01-14 16:43:37 - [MESSAGE][PASSED] - Text 'Enter a valid phone number' is present on page  using regular expression

2024-01-14 16:43:37 - [TEST_STEP][PASSED] - verifyTextPresent("Enter Email", true, CONTINUE_ON_FAILURE): Text 'Enter Email' is present on page  using regular expression

2024-01-14 16:43:37 - [MESSAGE][PASSED] - Text 'Enter Email' is present on page  using regular expression

2024-01-14 16:43:37 - [TEST_STEP][PASSED] - if (TaxType.equalsIgnoreCase("Estate Tax")): null

2024-01-14 16:43:37 - [TEST_STEP][PASSED] - resText = "Pass": null

2024-01-14 16:43:37 - [TEST_STEP][PASSED] - pages.WriteExcel.demoKey(resText, datText, resColumn, datCloumn, fileLoc, nameSheet, row): pages.WriteExcel.demoKey is PASSED

2024-01-14 16:43:37 - [MESSAGE][PASSED] - pages.WriteExcel.demoKey is PASSED

2024-01-14 16:43:37 - [TEST_STEP][PASSED] - ExecuteTC = findTestData(dataFile).getValue("Execute", row): null

2024-01-14 16:43:37 - [TEST_STEP][PASSED] - TaxType = findTestData(dataFile).getValue("TaxType", row): null

2024-01-14 16:43:37 - [TEST_STEP][PASSED] - PaymentType = findTestData(dataFile).getValue("PaymentType", row): null

2024-01-14 16:43:38 - [TEST_STEP][PASSED] - FilingYear = findTestData(dataFile).getValue("Year", row): null

2024-01-14 16:43:38 - [TEST_STEP][PASSED] - feinSSN = findTestData(dataFile).getValue("FeinSsn", row): null

2024-01-14 16:43:38 - [TEST_STEP][PASSED] - if (ExecuteTC.equalsIgnoreCase("Y")): pages.WriteExcel.demoKey is PASSED

2024-01-14 16:43:38 - [TEST_STEP][PASSED] - out.println("Begin Record Number: " + row): null

2024-01-14 16:43:38 - [TEST_STEP][PASSED] - today = new java.util.Date(): null

2024-01-14 16:43:38 - [TEST_STEP][PASSED] - println(today): null

2024-01-14 16:43:38 - [TEST_STEP][PASSED] - datText = today: null

2024-01-14 16:43:38 - [TEST_STEP][PASSED] - logInfo("Payment Type: New Tax Return Amount Due"): Payment Type: New Tax Return Amount Due

2024-01-14 16:43:38 - [MESSAGE][INFO] - Payment Type: New Tax Return Amount Due

2024-01-14 16:43:38 - [TEST_STEP][PASSED] - logInfo("Tax Type: " + TaxType): Tax Type: PTE Non-Electing S Corp

2024-01-14 16:43:38 - [MESSAGE][INFO] - Tax Type: PTE Non-Electing S Corp

2024-01-14 16:43:38 - [TEST_STEP][PASSED] - openBrowser(""): Browser is opened with url: ''

2024-01-14 16:43:38 - [MESSAGE][WARNING] - A browser is already opened. Closing browser and opening a new one

2024-01-14 16:43:39 - [MESSAGE][INFO] - Starting 'Chrome' driver

2024-01-14 16:43:39 - [MESSAGE][INFO] - User set preference: ['acceptInsecureCerts', 'true']

2024-01-14 16:43:39 - [MESSAGE][INFO] - Action delay is set to 0 milliseconds

2024-01-14 16:43:40 - [MESSAGE][PASSED] - Browser is opened with url: ''

2024-01-14 16:43:40 - [TEST_STEP][PASSED] - maximizeWindow(): Current window maximized

2024-01-14 16:43:40 - [MESSAGE][PASSED] - Current window maximized

2024-01-14 16:43:40 - [TEST_STEP][PASSED] - navigateToUrl(RADurl): Navigate to 'https://qa2.velocitypayment.com/client/rad/index.html' successfully

2024-01-14 16:43:42 - [MESSAGE][PASSED] - Navigate to 'https://qa2.velocitypayment.com/client/rad/index.html' successfully

2024-01-14 16:43:42 - [TEST_STEP][PASSED] - selectOptionByLabel(findTestObject(orPath_Landing + "/dd_TaxType"), "New Tax Return Amount Due", false): All options with label 'New Tax Return Amount Due' are selected in object 'Object Repository/RAD_Pages/Landing_Page/dd_TaxType' 

2024-01-14 16:43:43 - [MESSAGE][PASSED] - All options with label 'New Tax Return Amount Due' are selected in object 'Object Repository/RAD_Pages/Landing_Page/dd_TaxType' 

2024-01-14 16:43:43 - [TEST_STEP][PASSED] - selectOptionByLabel(findTestObject("Object Repository/RAD_Pages/Landing_Page/select_NewTaxReturnAmountDue_TaxType"), TaxType, false): All options with label 'PTE Non-Electing S Corp' are selected in object 'Object Repository/RAD_Pages/Landing_Page/select_NewTaxReturnAmountDue_TaxType' 

2024-01-14 16:43:43 - [MESSAGE][PASSED] - All options with label 'PTE Non-Electing S Corp' are selected in object 'Object Repository/RAD_Pages/Landing_Page/select_NewTaxReturnAmountDue_TaxType' 

2024-01-14 16:43:43 - [TEST_STEP][PASSED] - selectOptionByLabel(findTestObject(orPath_TaxTypeFilingYear + "/select_FilingYear"), FilingYear, false): All options with label '2022' are selected in object 'Object Repository/RAD_Pages/TaxTypeFilingYear_Page/select_FilingYear' 

2024-01-14 16:43:44 - [MESSAGE][PASSED] - All options with label '2022' are selected in object 'Object Repository/RAD_Pages/TaxTypeFilingYear_Page/select_FilingYear' 

2024-01-14 16:43:44 - [TEST_STEP][PASSED] - setText(findTestObject(orPath_TaxPayer + "/input_businessName"), " "): Text ' ' is set on object 'Object Repository/RAD_Pages/Taxpayer_Page/input_businessName'

2024-01-14 16:43:45 - [MESSAGE][PASSED] - Text ' ' is set on object 'Object Repository/RAD_Pages/Taxpayer_Page/input_businessName'

2024-01-14 16:43:45 - [TEST_STEP][PASSED] - setText(findTestObject(orPath_TaxPayer + "/input_BusinessRepfirstName"), " "): Text ' ' is set on object 'Object Repository/RAD_Pages/Taxpayer_Page/input_BusinessRepfirstName'

2024-01-14 16:43:45 - [MESSAGE][PASSED] - Text ' ' is set on object 'Object Repository/RAD_Pages/Taxpayer_Page/input_BusinessRepfirstName'

2024-01-14 16:43:45 - [TEST_STEP][PASSED] - setText(findTestObject(orPath_TaxPayer + "/input_BusinessReplastName"), " "): Text ' ' is set on object 'Object Repository/RAD_Pages/Taxpayer_Page/input_BusinessReplastName'

2024-01-14 16:43:46 - [MESSAGE][PASSED] - Text ' ' is set on object 'Object Repository/RAD_Pages/Taxpayer_Page/input_BusinessReplastName'

2024-01-14 16:43:46 - [TEST_STEP][PASSED] - setText(findTestObject(orPath_AddressContact + "/input_streetAddress1"), " "): Text ' ' is set on object 'Object Repository/RAD_Pages/AddressAndContactInfo_Page/input_streetAddress1'

2024-01-14 16:43:47 - [MESSAGE][PASSED] - Text ' ' is set on object 'Object Repository/RAD_Pages/AddressAndContactInfo_Page/input_streetAddress1'

2024-01-14 16:43:47 - [TEST_STEP][PASSED] - setText(findTestObject(orPath_AddressContact + "/input_city"), " "): Text ' ' is set on object 'Object Repository/RAD_Pages/AddressAndContactInfo_Page/input_city'

2024-01-14 16:43:48 - [MESSAGE][PASSED] - Text ' ' is set on object 'Object Repository/RAD_Pages/AddressAndContactInfo_Page/input_city'

2024-01-14 16:43:48 - [TEST_STEP][PASSED] - setText(findTestObject(orPath_AddressContact + "/input_zipCode"), " "): Text ' ' is set on object 'Object Repository/RAD_Pages/AddressAndContactInfo_Page/input_zipCode'

2024-01-14 16:43:48 - [MESSAGE][PASSED] - Text ' ' is set on object 'Object Repository/RAD_Pages/AddressAndContactInfo_Page/input_zipCode'

2024-01-14 16:43:48 - [TEST_STEP][PASSED] - setText(findTestObject(orPath_AddressContact + "/input_phoneNumber"), " "): Text ' ' is set on object 'Object Repository/RAD_Pages/AddressAndContactInfo_Page/input_phoneNumber'

2024-01-14 16:43:49 - [MESSAGE][PASSED] - Text ' ' is set on object 'Object Repository/RAD_Pages/AddressAndContactInfo_Page/input_phoneNumber'

2024-01-14 16:43:49 - [TEST_STEP][PASSED] - setText(findTestObject(orPath_AddressContact + "/input_eMailAddress"), " "): Text ' ' is set on object 'Object Repository/RAD_Pages/AddressAndContactInfo_Page/input_eMailAddress'

2024-01-14 16:43:50 - [MESSAGE][PASSED] - Text ' ' is set on object 'Object Repository/RAD_Pages/AddressAndContactInfo_Page/input_eMailAddress'

2024-01-14 16:43:50 - [TEST_STEP][PASSED] - setText(findTestObject(orPath_AddressContact + "/input_reEnterEMailAddress"), " "): Text ' ' is set on object 'Object Repository/RAD_Pages/AddressAndContactInfo_Page/input_reEnterEMailAddress'

2024-01-14 16:43:51 - [MESSAGE][PASSED] - Text ' ' is set on object 'Object Repository/RAD_Pages/AddressAndContactInfo_Page/input_reEnterEMailAddress'

2024-01-14 16:43:51 - [TEST_STEP][PASSED] - if (TaxType.equalsIgnoreCase("Estate Tax")): null

2024-01-14 16:43:51 - [TEST_STEP][PASSED] - resText = "Fail": null

2024-01-14 16:43:51 - [TEST_STEP][PASSED] - pages.WriteExcel.demoKey(resText, datText, resColumn, datCloumn, fileLoc, nameSheet, row): pages.WriteExcel.demoKey is PASSED

2024-01-14 16:43:51 - [MESSAGE][PASSED] - pages.WriteExcel.demoKey is PASSED

2024-01-14 16:43:51 - [TEST_STEP][PASSED] - verifyTextPresent("Enter business name", true, CONTINUE_ON_FAILURE): Text 'Enter business name' is present on page  using regular expression

2024-01-14 16:43:51 - [MESSAGE][PASSED] - Text 'Enter business name' is present on page  using regular expression

2024-01-14 16:43:51 - [TEST_STEP][PASSED] - verifyTextPresent("Enter business rep first name", true, CONTINUE_ON_FAILURE): Text 'Enter business rep first name' is present on page  using regular expression

2024-01-14 16:43:52 - [MESSAGE][PASSED] - Text 'Enter business rep first name' is present on page  using regular expression

2024-01-14 16:43:52 - [TEST_STEP][PASSED] - verifyTextPresent("Enter business rep last name", true, CONTINUE_ON_FAILURE): Text 'Enter business rep last name' is present on page  using regular expression

2024-01-14 16:43:52 - [MESSAGE][PASSED] - Text 'Enter business rep last name' is present on page  using regular expression

2024-01-14 16:43:52 - [TEST_STEP][PASSED] - verifyTextPresent("Enter address", true, CONTINUE_ON_FAILURE): Text 'Enter address' is present on page  using regular expression

2024-01-14 16:43:52 - [MESSAGE][PASSED] - Text 'Enter address' is present on page  using regular expression

2024-01-14 16:43:52 - [TEST_STEP][PASSED] - verifyTextPresent("Enter city", true, CONTINUE_ON_FAILURE): Text 'Enter city' is present on page  using regular expression

2024-01-14 16:43:53 - [MESSAGE][PASSED] - Text 'Enter city' is present on page  using regular expression

2024-01-14 16:43:53 - [TEST_STEP][PASSED] - verifyTextPresent("Enter ZIP code", true, CONTINUE_ON_FAILURE): Text 'Enter ZIP code' is present on page  using regular expression

2024-01-14 16:43:53 - [MESSAGE][PASSED] - Text 'Enter ZIP code' is present on page  using regular expression

2024-01-14 16:43:53 - [TEST_STEP][PASSED] - verifyTextPresent("Enter a valid phone number", true, CONTINUE_ON_FAILURE): Text 'Enter a valid phone number' is present on page  using regular expression

2024-01-14 16:43:54 - [MESSAGE][PASSED] - Text 'Enter a valid phone number' is present on page  using regular expression

2024-01-14 16:43:54 - [TEST_STEP][PASSED] - verifyTextPresent("Enter Email", true, CONTINUE_ON_FAILURE): Text 'Enter Email' is present on page  using regular expression

2024-01-14 16:43:54 - [MESSAGE][PASSED] - Text 'Enter Email' is present on page  using regular expression

2024-01-14 16:43:54 - [TEST_STEP][PASSED] - if (TaxType.equalsIgnoreCase("Estate Tax")): null

2024-01-14 16:43:54 - [TEST_STEP][PASSED] - resText = "Pass": null

2024-01-14 16:43:54 - [TEST_STEP][PASSED] - pages.WriteExcel.demoKey(resText, datText, resColumn, datCloumn, fileLoc, nameSheet, row): pages.WriteExcel.demoKey is PASSED

2024-01-14 16:43:54 - [MESSAGE][PASSED] - pages.WriteExcel.demoKey is PASSED

2024-01-14 16:43:54 - [TEST_STEP][PASSED] - ExecuteTC = findTestData(dataFile).getValue("Execute", row): null

2024-01-14 16:43:54 - [TEST_STEP][PASSED] - TaxType = findTestData(dataFile).getValue("TaxType", row): null

2024-01-14 16:43:54 - [TEST_STEP][PASSED] - PaymentType = findTestData(dataFile).getValue("PaymentType", row): null

2024-01-14 16:43:54 - [TEST_STEP][PASSED] - FilingYear = findTestData(dataFile).getValue("Year", row): null

2024-01-14 16:43:54 - [TEST_STEP][PASSED] - feinSSN = findTestData(dataFile).getValue("FeinSsn", row): null

2024-01-14 16:43:54 - [TEST_STEP][PASSED] - if (ExecuteTC.equalsIgnoreCase("Y")): pages.WriteExcel.demoKey is PASSED

2024-01-14 16:43:54 - [TEST_STEP][PASSED] - out.println("Begin Record Number: " + row): null

2024-01-14 16:43:54 - [TEST_STEP][PASSED] - today = new java.util.Date(): null

2024-01-14 16:43:54 - [TEST_STEP][PASSED] - println(today): null

2024-01-14 16:43:54 - [TEST_STEP][PASSED] - datText = today: null

2024-01-14 16:43:54 - [TEST_STEP][PASSED] - logInfo("Payment Type: New Tax Return Amount Due"): Payment Type: New Tax Return Amount Due

2024-01-14 16:43:54 - [MESSAGE][INFO] - Payment Type: New Tax Return Amount Due

2024-01-14 16:43:54 - [TEST_STEP][PASSED] - logInfo("Tax Type: " + TaxType): Tax Type: PTE Tax Electing Non-S Corp

2024-01-14 16:43:54 - [MESSAGE][INFO] - Tax Type: PTE Tax Electing Non-S Corp

2024-01-14 16:43:54 - [TEST_STEP][PASSED] - openBrowser(""): Browser is opened with url: ''

2024-01-14 16:43:54 - [MESSAGE][WARNING] - A browser is already opened. Closing browser and opening a new one

2024-01-14 16:43:55 - [MESSAGE][INFO] - Starting 'Chrome' driver

2024-01-14 16:43:55 - [MESSAGE][INFO] - User set preference: ['acceptInsecureCerts', 'true']

2024-01-14 16:43:55 - [MESSAGE][INFO] - Action delay is set to 0 milliseconds

2024-01-14 16:43:57 - [MESSAGE][PASSED] - Browser is opened with url: ''

2024-01-14 16:43:57 - [TEST_STEP][PASSED] - maximizeWindow(): Current window maximized

2024-01-14 16:43:57 - [MESSAGE][PASSED] - Current window maximized

2024-01-14 16:43:57 - [TEST_STEP][PASSED] - navigateToUrl(RADurl): Navigate to 'https://qa2.velocitypayment.com/client/rad/index.html' successfully

2024-01-14 16:43:59 - [MESSAGE][PASSED] - Navigate to 'https://qa2.velocitypayment.com/client/rad/index.html' successfully

2024-01-14 16:43:59 - [TEST_STEP][PASSED] - selectOptionByLabel(findTestObject(orPath_Landing + "/dd_TaxType"), "New Tax Return Amount Due", false): All options with label 'New Tax Return Amount Due' are selected in object 'Object Repository/RAD_Pages/Landing_Page/dd_TaxType' 

2024-01-14 16:43:59 - [MESSAGE][PASSED] - All options with label 'New Tax Return Amount Due' are selected in object 'Object Repository/RAD_Pages/Landing_Page/dd_TaxType' 

2024-01-14 16:43:59 - [TEST_STEP][PASSED] - selectOptionByLabel(findTestObject("Object Repository/RAD_Pages/Landing_Page/select_NewTaxReturnAmountDue_TaxType"), TaxType, false): All options with label 'PTE Tax Electing Non-S Corp' are selected in object 'Object Repository/RAD_Pages/Landing_Page/select_NewTaxReturnAmountDue_TaxType' 

2024-01-14 16:44:00 - [MESSAGE][PASSED] - All options with label 'PTE Tax Electing Non-S Corp' are selected in object 'Object Repository/RAD_Pages/Landing_Page/select_NewTaxReturnAmountDue_TaxType' 

2024-01-14 16:44:00 - [TEST_STEP][PASSED] - selectOptionByLabel(findTestObject(orPath_TaxTypeFilingYear + "/select_FilingYear"), FilingYear, false): All options with label '2022' are selected in object 'Object Repository/RAD_Pages/TaxTypeFilingYear_Page/select_FilingYear' 

2024-01-14 16:44:01 - [MESSAGE][PASSED] - All options with label '2022' are selected in object 'Object Repository/RAD_Pages/TaxTypeFilingYear_Page/select_FilingYear' 

2024-01-14 16:44:01 - [TEST_STEP][PASSED] - setText(findTestObject(orPath_TaxPayer + "/input_businessName"), " "): Text ' ' is set on object 'Object Repository/RAD_Pages/Taxpayer_Page/input_businessName'

2024-01-14 16:44:01 - [MESSAGE][PASSED] - Text ' ' is set on object 'Object Repository/RAD_Pages/Taxpayer_Page/input_businessName'

2024-01-14 16:44:01 - [TEST_STEP][PASSED] - setText(findTestObject(orPath_TaxPayer + "/input_BusinessRepfirstName"), " "): Text ' ' is set on object 'Object Repository/RAD_Pages/Taxpayer_Page/input_BusinessRepfirstName'

2024-01-14 16:44:02 - [MESSAGE][PASSED] - Text ' ' is set on object 'Object Repository/RAD_Pages/Taxpayer_Page/input_BusinessRepfirstName'

2024-01-14 16:44:02 - [TEST_STEP][PASSED] - setText(findTestObject(orPath_TaxPayer + "/input_BusinessReplastName"), " "): Text ' ' is set on object 'Object Repository/RAD_Pages/Taxpayer_Page/input_BusinessReplastName'

2024-01-14 16:44:03 - [MESSAGE][PASSED] - Text ' ' is set on object 'Object Repository/RAD_Pages/Taxpayer_Page/input_BusinessReplastName'

2024-01-14 16:44:03 - [TEST_STEP][PASSED] - setText(findTestObject(orPath_AddressContact + "/input_streetAddress1"), " "): Text ' ' is set on object 'Object Repository/RAD_Pages/AddressAndContactInfo_Page/input_streetAddress1'

2024-01-14 16:44:03 - [MESSAGE][PASSED] - Text ' ' is set on object 'Object Repository/RAD_Pages/AddressAndContactInfo_Page/input_streetAddress1'

2024-01-14 16:44:03 - [TEST_STEP][PASSED] - setText(findTestObject(orPath_AddressContact + "/input_city"), " "): Text ' ' is set on object 'Object Repository/RAD_Pages/AddressAndContactInfo_Page/input_city'

2024-01-14 16:44:04 - [MESSAGE][PASSED] - Text ' ' is set on object 'Object Repository/RAD_Pages/AddressAndContactInfo_Page/input_city'

2024-01-14 16:44:04 - [TEST_STEP][PASSED] - setText(findTestObject(orPath_AddressContact + "/input_zipCode"), " "): Text ' ' is set on object 'Object Repository/RAD_Pages/AddressAndContactInfo_Page/input_zipCode'

2024-01-14 16:44:05 - [MESSAGE][PASSED] - Text ' ' is set on object 'Object Repository/RAD_Pages/AddressAndContactInfo_Page/input_zipCode'

2024-01-14 16:44:05 - [TEST_STEP][PASSED] - setText(findTestObject(orPath_AddressContact + "/input_phoneNumber"), " "): Text ' ' is set on object 'Object Repository/RAD_Pages/AddressAndContactInfo_Page/input_phoneNumber'

2024-01-14 16:44:06 - [MESSAGE][PASSED] - Text ' ' is set on object 'Object Repository/RAD_Pages/AddressAndContactInfo_Page/input_phoneNumber'

2024-01-14 16:44:06 - [TEST_STEP][PASSED] - setText(findTestObject(orPath_AddressContact + "/input_eMailAddress"), " "): Text ' ' is set on object 'Object Repository/RAD_Pages/AddressAndContactInfo_Page/input_eMailAddress'

2024-01-14 16:44:07 - [MESSAGE][PASSED] - Text ' ' is set on object 'Object Repository/RAD_Pages/AddressAndContactInfo_Page/input_eMailAddress'

2024-01-14 16:44:07 - [TEST_STEP][PASSED] - setText(findTestObject(orPath_AddressContact + "/input_reEnterEMailAddress"), " "): Text ' ' is set on object 'Object Repository/RAD_Pages/AddressAndContactInfo_Page/input_reEnterEMailAddress'

2024-01-14 16:44:07 - [MESSAGE][PASSED] - Text ' ' is set on object 'Object Repository/RAD_Pages/AddressAndContactInfo_Page/input_reEnterEMailAddress'

2024-01-14 16:44:07 - [TEST_STEP][PASSED] - if (TaxType.equalsIgnoreCase("Estate Tax")): null

2024-01-14 16:44:07 - [TEST_STEP][PASSED] - resText = "Fail": null

2024-01-14 16:44:07 - [TEST_STEP][PASSED] - pages.WriteExcel.demoKey(resText, datText, resColumn, datCloumn, fileLoc, nameSheet, row): pages.WriteExcel.demoKey is PASSED

2024-01-14 16:44:08 - [MESSAGE][PASSED] - pages.WriteExcel.demoKey is PASSED

2024-01-14 16:44:08 - [TEST_STEP][PASSED] - verifyTextPresent("Enter business name", true, CONTINUE_ON_FAILURE): Text 'Enter business name' is present on page  using regular expression

2024-01-14 16:44:08 - [MESSAGE][PASSED] - Text 'Enter business name' is present on page  using regular expression

2024-01-14 16:44:08 - [TEST_STEP][PASSED] - verifyTextPresent("Enter business rep first name", true, CONTINUE_ON_FAILURE): Text 'Enter business rep first name' is present on page  using regular expression

2024-01-14 16:44:08 - [MESSAGE][PASSED] - Text 'Enter business rep first name' is present on page  using regular expression

2024-01-14 16:44:08 - [TEST_STEP][PASSED] - verifyTextPresent("Enter business rep last name", true, CONTINUE_ON_FAILURE): Text 'Enter business rep last name' is present on page  using regular expression

2024-01-14 16:44:09 - [MESSAGE][PASSED] - Text 'Enter business rep last name' is present on page  using regular expression

2024-01-14 16:44:09 - [TEST_STEP][PASSED] - verifyTextPresent("Enter address", true, CONTINUE_ON_FAILURE): Text 'Enter address' is present on page  using regular expression

2024-01-14 16:44:09 - [MESSAGE][PASSED] - Text 'Enter address' is present on page  using regular expression

2024-01-14 16:44:09 - [TEST_STEP][PASSED] - verifyTextPresent("Enter city", true, CONTINUE_ON_FAILURE): Text 'Enter city' is present on page  using regular expression

2024-01-14 16:44:09 - [MESSAGE][PASSED] - Text 'Enter city' is present on page  using regular expression

2024-01-14 16:44:09 - [TEST_STEP][PASSED] - verifyTextPresent("Enter ZIP code", true, CONTINUE_ON_FAILURE): Text 'Enter ZIP code' is present on page  using regular expression

2024-01-14 16:44:10 - [MESSAGE][PASSED] - Text 'Enter ZIP code' is present on page  using regular expression

2024-01-14 16:44:10 - [TEST_STEP][PASSED] - verifyTextPresent("Enter a valid phone number", true, CONTINUE_ON_FAILURE): Text 'Enter a valid phone number' is present on page  using regular expression

2024-01-14 16:44:10 - [MESSAGE][PASSED] - Text 'Enter a valid phone number' is present on page  using regular expression

2024-01-14 16:44:10 - [TEST_STEP][PASSED] - verifyTextPresent("Enter Email", true, CONTINUE_ON_FAILURE): Text 'Enter Email' is present on page  using regular expression

2024-01-14 16:44:10 - [MESSAGE][PASSED] - Text 'Enter Email' is present on page  using regular expression

2024-01-14 16:44:10 - [TEST_STEP][PASSED] - if (TaxType.equalsIgnoreCase("Estate Tax")): null

2024-01-14 16:44:10 - [TEST_STEP][PASSED] - resText = "Pass": null

2024-01-14 16:44:10 - [TEST_STEP][PASSED] - pages.WriteExcel.demoKey(resText, datText, resColumn, datCloumn, fileLoc, nameSheet, row): pages.WriteExcel.demoKey is PASSED

2024-01-14 16:44:11 - [MESSAGE][PASSED] - pages.WriteExcel.demoKey is PASSED

2024-01-14 16:44:11 - [TEST_STEP][PASSED] - ExecuteTC = findTestData(dataFile).getValue("Execute", row): null

2024-01-14 16:44:11 - [TEST_STEP][PASSED] - TaxType = findTestData(dataFile).getValue("TaxType", row): null

2024-01-14 16:44:11 - [TEST_STEP][PASSED] - PaymentType = findTestData(dataFile).getValue("PaymentType", row): null

2024-01-14 16:44:11 - [TEST_STEP][PASSED] - FilingYear = findTestData(dataFile).getValue("Year", row): null

2024-01-14 16:44:11 - [TEST_STEP][PASSED] - feinSSN = findTestData(dataFile).getValue("FeinSsn", row): null

2024-01-14 16:44:11 - [TEST_STEP][PASSED] - if (ExecuteTC.equalsIgnoreCase("Y")): pages.WriteExcel.demoKey is PASSED

2024-01-14 16:44:11 - [TEST_STEP][PASSED] - out.println("Begin Record Number: " + row): null

2024-01-14 16:44:11 - [TEST_STEP][PASSED] - today = new java.util.Date(): null

2024-01-14 16:44:11 - [TEST_STEP][PASSED] - println(today): null

2024-01-14 16:44:11 - [TEST_STEP][PASSED] - datText = today: null

2024-01-14 16:44:11 - [TEST_STEP][PASSED] - logInfo("Payment Type: New Tax Return Amount Due"): Payment Type: New Tax Return Amount Due

2024-01-14 16:44:11 - [MESSAGE][INFO] - Payment Type: New Tax Return Amount Due

2024-01-14 16:44:11 - [TEST_STEP][PASSED] - logInfo("Tax Type: " + TaxType): Tax Type: PTE Tax Electing S Corp

2024-01-14 16:44:11 - [MESSAGE][INFO] - Tax Type: PTE Tax Electing S Corp

2024-01-14 16:44:11 - [TEST_STEP][PASSED] - openBrowser(""): Browser is opened with url: ''

2024-01-14 16:44:11 - [MESSAGE][WARNING] - A browser is already opened. Closing browser and opening a new one

2024-01-14 16:44:12 - [MESSAGE][INFO] - Starting 'Chrome' driver

2024-01-14 16:44:12 - [MESSAGE][INFO] - User set preference: ['acceptInsecureCerts', 'true']

2024-01-14 16:44:12 - [MESSAGE][INFO] - Action delay is set to 0 milliseconds

2024-01-14 16:44:13 - [MESSAGE][PASSED] - Browser is opened with url: ''

2024-01-14 16:44:13 - [TEST_STEP][PASSED] - maximizeWindow(): Current window maximized

2024-01-14 16:44:14 - [MESSAGE][PASSED] - Current window maximized

2024-01-14 16:44:14 - [TEST_STEP][PASSED] - navigateToUrl(RADurl): Navigate to 'https://qa2.velocitypayment.com/client/rad/index.html' successfully

2024-01-14 16:44:14 - [MESSAGE][PASSED] - Navigate to 'https://qa2.velocitypayment.com/client/rad/index.html' successfully

2024-01-14 16:44:14 - [TEST_STEP][PASSED] - selectOptionByLabel(findTestObject(orPath_Landing + "/dd_TaxType"), "New Tax Return Amount Due", false): All options with label 'New Tax Return Amount Due' are selected in object 'Object Repository/RAD_Pages/Landing_Page/dd_TaxType' 

2024-01-14 16:44:16 - [MESSAGE][PASSED] - All options with label 'New Tax Return Amount Due' are selected in object 'Object Repository/RAD_Pages/Landing_Page/dd_TaxType' 

2024-01-14 16:44:16 - [TEST_STEP][PASSED] - selectOptionByLabel(findTestObject("Object Repository/RAD_Pages/Landing_Page/select_NewTaxReturnAmountDue_TaxType"), TaxType, false): All options with label 'PTE Tax Electing S Corp' are selected in object 'Object Repository/RAD_Pages/Landing_Page/select_NewTaxReturnAmountDue_TaxType' 

2024-01-14 16:44:16 - [MESSAGE][PASSED] - All options with label 'PTE Tax Electing S Corp' are selected in object 'Object Repository/RAD_Pages/Landing_Page/select_NewTaxReturnAmountDue_TaxType' 

2024-01-14 16:44:16 - [TEST_STEP][PASSED] - selectOptionByLabel(findTestObject(orPath_TaxTypeFilingYear + "/select_FilingYear"), FilingYear, false): All options with label '2022' are selected in object 'Object Repository/RAD_Pages/TaxTypeFilingYear_Page/select_FilingYear' 

2024-01-14 16:44:17 - [MESSAGE][PASSED] - All options with label '2022' are selected in object 'Object Repository/RAD_Pages/TaxTypeFilingYear_Page/select_FilingYear' 

2024-01-14 16:44:17 - [TEST_STEP][PASSED] - setText(findTestObject(orPath_TaxPayer + "/input_businessName"), " "): Text ' ' is set on object 'Object Repository/RAD_Pages/Taxpayer_Page/input_businessName'

2024-01-14 16:44:18 - [MESSAGE][PASSED] - Text ' ' is set on object 'Object Repository/RAD_Pages/Taxpayer_Page/input_businessName'

2024-01-14 16:44:18 - [TEST_STEP][PASSED] - setText(findTestObject(orPath_TaxPayer + "/input_BusinessRepfirstName"), " "): Text ' ' is set on object 'Object Repository/RAD_Pages/Taxpayer_Page/input_BusinessRepfirstName'

2024-01-14 16:44:19 - [MESSAGE][PASSED] - Text ' ' is set on object 'Object Repository/RAD_Pages/Taxpayer_Page/input_BusinessRepfirstName'

2024-01-14 16:44:19 - [TEST_STEP][PASSED] - setText(findTestObject(orPath_TaxPayer + "/input_BusinessReplastName"), " "): Text ' ' is set on object 'Object Repository/RAD_Pages/Taxpayer_Page/input_BusinessReplastName'

2024-01-14 16:44:19 - [MESSAGE][PASSED] - Text ' ' is set on object 'Object Repository/RAD_Pages/Taxpayer_Page/input_BusinessReplastName'

2024-01-14 16:44:19 - [TEST_STEP][PASSED] - setText(findTestObject(orPath_AddressContact + "/input_streetAddress1"), " "): Text ' ' is set on object 'Object Repository/RAD_Pages/AddressAndContactInfo_Page/input_streetAddress1'

2024-01-14 16:44:21 - [MESSAGE][PASSED] - Text ' ' is set on object 'Object Repository/RAD_Pages/AddressAndContactInfo_Page/input_streetAddress1'

2024-01-14 16:44:21 - [TEST_STEP][PASSED] - setText(findTestObject(orPath_AddressContact + "/input_city"), " "): Text ' ' is set on object 'Object Repository/RAD_Pages/AddressAndContactInfo_Page/input_city'

2024-01-14 16:44:21 - [MESSAGE][PASSED] - Text ' ' is set on object 'Object Repository/RAD_Pages/AddressAndContactInfo_Page/input_city'

2024-01-14 16:44:21 - [TEST_STEP][PASSED] - setText(findTestObject(orPath_AddressContact + "/input_zipCode"), " "): Text ' ' is set on object 'Object Repository/RAD_Pages/AddressAndContactInfo_Page/input_zipCode'

2024-01-14 16:44:22 - [MESSAGE][PASSED] - Text ' ' is set on object 'Object Repository/RAD_Pages/AddressAndContactInfo_Page/input_zipCode'

2024-01-14 16:44:22 - [TEST_STEP][PASSED] - setText(findTestObject(orPath_AddressContact + "/input_phoneNumber"), " "): Text ' ' is set on object 'Object Repository/RAD_Pages/AddressAndContactInfo_Page/input_phoneNumber'

2024-01-14 16:44:23 - [MESSAGE][PASSED] - Text ' ' is set on object 'Object Repository/RAD_Pages/AddressAndContactInfo_Page/input_phoneNumber'

2024-01-14 16:44:23 - [TEST_STEP][PASSED] - setText(findTestObject(orPath_AddressContact + "/input_eMailAddress"), " "): Text ' ' is set on object 'Object Repository/RAD_Pages/AddressAndContactInfo_Page/input_eMailAddress'

2024-01-14 16:44:24 - [MESSAGE][PASSED] - Text ' ' is set on object 'Object Repository/RAD_Pages/AddressAndContactInfo_Page/input_eMailAddress'

2024-01-14 16:44:24 - [TEST_STEP][PASSED] - setText(findTestObject(orPath_AddressContact + "/input_reEnterEMailAddress"), " "): Text ' ' is set on object 'Object Repository/RAD_Pages/AddressAndContactInfo_Page/input_reEnterEMailAddress'

2024-01-14 16:44:25 - [MESSAGE][PASSED] - Text ' ' is set on object 'Object Repository/RAD_Pages/AddressAndContactInfo_Page/input_reEnterEMailAddress'

2024-01-14 16:44:25 - [TEST_STEP][PASSED] - if (TaxType.equalsIgnoreCase("Estate Tax")): null

2024-01-14 16:44:25 - [TEST_STEP][PASSED] - resText = "Fail": null

2024-01-14 16:44:25 - [TEST_STEP][PASSED] - pages.WriteExcel.demoKey(resText, datText, resColumn, datCloumn, fileLoc, nameSheet, row): pages.WriteExcel.demoKey is PASSED

2024-01-14 16:44:25 - [MESSAGE][PASSED] - pages.WriteExcel.demoKey is PASSED

2024-01-14 16:44:25 - [TEST_STEP][PASSED] - verifyTextPresent("Enter business name", true, CONTINUE_ON_FAILURE): Text 'Enter business name' is present on page  using regular expression

2024-01-14 16:44:25 - [MESSAGE][PASSED] - Text 'Enter business name' is present on page  using regular expression

2024-01-14 16:44:25 - [TEST_STEP][PASSED] - verifyTextPresent("Enter business rep first name", true, CONTINUE_ON_FAILURE): Text 'Enter business rep first name' is present on page  using regular expression

2024-01-14 16:44:26 - [MESSAGE][PASSED] - Text 'Enter business rep first name' is present on page  using regular expression

2024-01-14 16:44:26 - [TEST_STEP][PASSED] - verifyTextPresent("Enter business rep last name", true, CONTINUE_ON_FAILURE): Text 'Enter business rep last name' is present on page  using regular expression

2024-01-14 16:44:26 - [MESSAGE][PASSED] - Text 'Enter business rep last name' is present on page  using regular expression

2024-01-14 16:44:26 - [TEST_STEP][PASSED] - verifyTextPresent("Enter address", true, CONTINUE_ON_FAILURE): Text 'Enter address' is present on page  using regular expression

2024-01-14 16:44:26 - [MESSAGE][PASSED] - Text 'Enter address' is present on page  using regular expression

2024-01-14 16:44:26 - [TEST_STEP][PASSED] - verifyTextPresent("Enter city", true, CONTINUE_ON_FAILURE): Text 'Enter city' is present on page  using regular expression

2024-01-14 16:44:27 - [MESSAGE][PASSED] - Text 'Enter city' is present on page  using regular expression

2024-01-14 16:44:27 - [TEST_STEP][PASSED] - verifyTextPresent("Enter ZIP code", true, CONTINUE_ON_FAILURE): Text 'Enter ZIP code' is present on page  using regular expression

2024-01-14 16:44:27 - [MESSAGE][PASSED] - Text 'Enter ZIP code' is present on page  using regular expression

2024-01-14 16:44:27 - [TEST_STEP][PASSED] - verifyTextPresent("Enter a valid phone number", true, CONTINUE_ON_FAILURE): Text 'Enter a valid phone number' is present on page  using regular expression

2024-01-14 16:44:27 - [MESSAGE][PASSED] - Text 'Enter a valid phone number' is present on page  using regular expression

2024-01-14 16:44:27 - [TEST_STEP][PASSED] - verifyTextPresent("Enter Email", true, CONTINUE_ON_FAILURE): Text 'Enter Email' is present on page  using regular expression

2024-01-14 16:44:28 - [MESSAGE][PASSED] - Text 'Enter Email' is present on page  using regular expression

2024-01-14 16:44:28 - [TEST_STEP][PASSED] - if (TaxType.equalsIgnoreCase("Estate Tax")): null

2024-01-14 16:44:28 - [TEST_STEP][PASSED] - resText = "Pass": null

2024-01-14 16:44:28 - [TEST_STEP][PASSED] - pages.WriteExcel.demoKey(resText, datText, resColumn, datCloumn, fileLoc, nameSheet, row): pages.WriteExcel.demoKey is PASSED

2024-01-14 16:44:28 - [MESSAGE][PASSED] - pages.WriteExcel.demoKey is PASSED

2024-01-14 16:44:28 - [TEST_STEP][PASSED] - ExecuteTC = findTestData(dataFile).getValue("Execute", row): null

2024-01-14 16:44:28 - [TEST_STEP][PASSED] - TaxType = findTestData(dataFile).getValue("TaxType", row): null

2024-01-14 16:44:28 - [TEST_STEP][PASSED] - PaymentType = findTestData(dataFile).getValue("PaymentType", row): null

2024-01-14 16:44:28 - [TEST_STEP][PASSED] - FilingYear = findTestData(dataFile).getValue("Year", row): null

2024-01-14 16:44:28 - [TEST_STEP][PASSED] - feinSSN = findTestData(dataFile).getValue("FeinSsn", row): null

2024-01-14 16:44:28 - [TEST_STEP][PASSED] - if (ExecuteTC.equalsIgnoreCase("Y")): pages.WriteExcel.demoKey is PASSED

2024-01-14 16:44:28 - [TEST_STEP][PASSED] - out.println("Begin Record Number: " + row): null

2024-01-14 16:44:28 - [TEST_STEP][PASSED] - today = new java.util.Date(): null

2024-01-14 16:44:28 - [TEST_STEP][PASSED] - println(today): null

2024-01-14 16:44:28 - [TEST_STEP][PASSED] - datText = today: null

2024-01-14 16:44:28 - [TEST_STEP][PASSED] - logInfo("Payment Type: New Tax Return Amount Due"): Payment Type: New Tax Return Amount Due

2024-01-14 16:44:28 - [MESSAGE][INFO] - Payment Type: New Tax Return Amount Due

2024-01-14 16:44:28 - [TEST_STEP][PASSED] - logInfo("Tax Type: " + TaxType): Tax Type: Fiduciary Tax

2024-01-14 16:44:28 - [MESSAGE][INFO] - Tax Type: Fiduciary Tax

2024-01-14 16:44:28 - [TEST_STEP][PASSED] - openBrowser(""): Browser is opened with url: ''

2024-01-14 16:44:28 - [MESSAGE][WARNING] - A browser is already opened. Closing browser and opening a new one

2024-01-14 16:44:29 - [MESSAGE][INFO] - Starting 'Chrome' driver

2024-01-14 16:44:29 - [MESSAGE][INFO] - User set preference: ['acceptInsecureCerts', 'true']

2024-01-14 16:44:29 - [MESSAGE][INFO] - Action delay is set to 0 milliseconds

2024-01-14 16:44:31 - [MESSAGE][PASSED] - Browser is opened with url: ''

2024-01-14 16:44:31 - [TEST_STEP][PASSED] - maximizeWindow(): Current window maximized

2024-01-14 16:44:31 - [MESSAGE][PASSED] - Current window maximized

2024-01-14 16:44:31 - [TEST_STEP][PASSED] - navigateToUrl(RADurl): Navigate to 'https://qa2.velocitypayment.com/client/rad/index.html' successfully

2024-01-14 16:44:31 - [MESSAGE][PASSED] - Navigate to 'https://qa2.velocitypayment.com/client/rad/index.html' successfully

2024-01-14 16:44:31 - [TEST_STEP][PASSED] - selectOptionByLabel(findTestObject(orPath_Landing + "/dd_TaxType"), "New Tax Return Amount Due", false): All options with label 'New Tax Return Amount Due' are selected in object 'Object Repository/RAD_Pages/Landing_Page/dd_TaxType' 

2024-01-14 16:44:33 - [MESSAGE][PASSED] - All options with label 'New Tax Return Amount Due' are selected in object 'Object Repository/RAD_Pages/Landing_Page/dd_TaxType' 

2024-01-14 16:44:33 - [TEST_STEP][PASSED] - selectOptionByLabel(findTestObject("Object Repository/RAD_Pages/Landing_Page/select_NewTaxReturnAmountDue_TaxType"), TaxType, false): All options with label 'Fiduciary Tax' are selected in object 'Object Repository/RAD_Pages/Landing_Page/select_NewTaxReturnAmountDue_TaxType' 

2024-01-14 16:44:34 - [MESSAGE][PASSED] - All options with label 'Fiduciary Tax' are selected in object 'Object Repository/RAD_Pages/Landing_Page/select_NewTaxReturnAmountDue_TaxType' 

2024-01-14 16:44:34 - [TEST_STEP][PASSED] - selectOptionByLabel(findTestObject(orPath_TaxTypeFilingYear + "/select_FilingYear"), FilingYear, false): All options with label '2021' are selected in object 'Object Repository/RAD_Pages/TaxTypeFilingYear_Page/select_FilingYear' 

2024-01-14 16:44:35 - [MESSAGE][PASSED] - All options with label '2021' are selected in object 'Object Repository/RAD_Pages/TaxTypeFilingYear_Page/select_FilingYear' 

2024-01-14 16:44:35 - [TEST_STEP][PASSED] - setText(findTestObject(orPath_TaxPayer + "/input_businessName"), " "): Text ' ' is set on object 'Object Repository/RAD_Pages/Taxpayer_Page/input_businessName'

2024-01-14 16:44:35 - [MESSAGE][PASSED] - Text ' ' is set on object 'Object Repository/RAD_Pages/Taxpayer_Page/input_businessName'

2024-01-14 16:44:35 - [TEST_STEP][PASSED] - setText(findTestObject(orPath_TaxPayer + "/input_BusinessRepfirstName"), " "): Text ' ' is set on object 'Object Repository/RAD_Pages/Taxpayer_Page/input_BusinessRepfirstName'

2024-01-14 16:44:36 - [MESSAGE][PASSED] - Text ' ' is set on object 'Object Repository/RAD_Pages/Taxpayer_Page/input_BusinessRepfirstName'

2024-01-14 16:44:36 - [TEST_STEP][PASSED] - setText(findTestObject(orPath_TaxPayer + "/input_BusinessReplastName"), " "): Text ' ' is set on object 'Object Repository/RAD_Pages/Taxpayer_Page/input_BusinessReplastName'

2024-01-14 16:44:37 - [MESSAGE][PASSED] - Text ' ' is set on object 'Object Repository/RAD_Pages/Taxpayer_Page/input_BusinessReplastName'

2024-01-14 16:44:37 - [TEST_STEP][PASSED] - setText(findTestObject(orPath_AddressContact + "/input_streetAddress1"), " "): Text ' ' is set on object 'Object Repository/RAD_Pages/AddressAndContactInfo_Page/input_streetAddress1'

2024-01-14 16:44:37 - [MESSAGE][PASSED] - Text ' ' is set on object 'Object Repository/RAD_Pages/AddressAndContactInfo_Page/input_streetAddress1'

2024-01-14 16:44:37 - [TEST_STEP][PASSED] - setText(findTestObject(orPath_AddressContact + "/input_city"), " "): Text ' ' is set on object 'Object Repository/RAD_Pages/AddressAndContactInfo_Page/input_city'

2024-01-14 16:44:38 - [MESSAGE][PASSED] - Text ' ' is set on object 'Object Repository/RAD_Pages/AddressAndContactInfo_Page/input_city'

2024-01-14 16:44:38 - [TEST_STEP][PASSED] - setText(findTestObject(orPath_AddressContact + "/input_zipCode"), " "): Text ' ' is set on object 'Object Repository/RAD_Pages/AddressAndContactInfo_Page/input_zipCode'

2024-01-14 16:44:39 - [MESSAGE][PASSED] - Text ' ' is set on object 'Object Repository/RAD_Pages/AddressAndContactInfo_Page/input_zipCode'

2024-01-14 16:44:39 - [TEST_STEP][PASSED] - setText(findTestObject(orPath_AddressContact + "/input_phoneNumber"), " "): Text ' ' is set on object 'Object Repository/RAD_Pages/AddressAndContactInfo_Page/input_phoneNumber'

2024-01-14 16:44:40 - [MESSAGE][PASSED] - Text ' ' is set on object 'Object Repository/RAD_Pages/AddressAndContactInfo_Page/input_phoneNumber'

2024-01-14 16:44:40 - [TEST_STEP][PASSED] - setText(findTestObject(orPath_AddressContact + "/input_eMailAddress"), " "): Text ' ' is set on object 'Object Repository/RAD_Pages/AddressAndContactInfo_Page/input_eMailAddress'

2024-01-14 16:44:41 - [MESSAGE][PASSED] - Text ' ' is set on object 'Object Repository/RAD_Pages/AddressAndContactInfo_Page/input_eMailAddress'

2024-01-14 16:44:41 - [TEST_STEP][PASSED] - setText(findTestObject(orPath_AddressContact + "/input_reEnterEMailAddress"), " "): Text ' ' is set on object 'Object Repository/RAD_Pages/AddressAndContactInfo_Page/input_reEnterEMailAddress'

2024-01-14 16:44:41 - [MESSAGE][PASSED] - Text ' ' is set on object 'Object Repository/RAD_Pages/AddressAndContactInfo_Page/input_reEnterEMailAddress'

2024-01-14 16:44:41 - [TEST_STEP][PASSED] - if (TaxType.equalsIgnoreCase("Estate Tax")): null

2024-01-14 16:44:41 - [TEST_STEP][PASSED] - resText = "Fail": null

2024-01-14 16:44:41 - [TEST_STEP][PASSED] - pages.WriteExcel.demoKey(resText, datText, resColumn, datCloumn, fileLoc, nameSheet, row): pages.WriteExcel.demoKey is PASSED

2024-01-14 16:44:42 - [MESSAGE][PASSED] - pages.WriteExcel.demoKey is PASSED

2024-01-14 16:44:42 - [TEST_STEP][PASSED] - verifyTextPresent("Enter business name", true, CONTINUE_ON_FAILURE): Text 'Enter business name' is present on page  using regular expression

2024-01-14 16:44:42 - [MESSAGE][PASSED] - Text 'Enter business name' is present on page  using regular expression

2024-01-14 16:44:42 - [TEST_STEP][PASSED] - verifyTextPresent("Enter business rep first name", true, CONTINUE_ON_FAILURE): Text 'Enter business rep first name' is present on page  using regular expression

2024-01-14 16:44:42 - [MESSAGE][PASSED] - Text 'Enter business rep first name' is present on page  using regular expression

2024-01-14 16:44:42 - [TEST_STEP][PASSED] - verifyTextPresent("Enter business rep last name", true, CONTINUE_ON_FAILURE): Text 'Enter business rep last name' is present on page  using regular expression

2024-01-14 16:44:43 - [MESSAGE][PASSED] - Text 'Enter business rep last name' is present on page  using regular expression

2024-01-14 16:44:43 - [TEST_STEP][PASSED] - verifyTextPresent("Enter address", true, CONTINUE_ON_FAILURE): Text 'Enter address' is present on page  using regular expression

2024-01-14 16:44:43 - [MESSAGE][PASSED] - Text 'Enter address' is present on page  using regular expression

2024-01-14 16:44:43 - [TEST_STEP][PASSED] - verifyTextPresent("Enter city", true, CONTINUE_ON_FAILURE): Text 'Enter city' is present on page  using regular expression

2024-01-14 16:44:43 - [MESSAGE][PASSED] - Text 'Enter city' is present on page  using regular expression

2024-01-14 16:44:43 - [TEST_STEP][PASSED] - verifyTextPresent("Enter ZIP code", true, CONTINUE_ON_FAILURE): Text 'Enter ZIP code' is present on page  using regular expression

2024-01-14 16:44:44 - [MESSAGE][PASSED] - Text 'Enter ZIP code' is present on page  using regular expression

2024-01-14 16:44:44 - [TEST_STEP][PASSED] - verifyTextPresent("Enter a valid phone number", true, CONTINUE_ON_FAILURE): Text 'Enter a valid phone number' is present on page  using regular expression

2024-01-14 16:44:44 - [MESSAGE][PASSED] - Text 'Enter a valid phone number' is present on page  using regular expression

2024-01-14 16:44:44 - [TEST_STEP][PASSED] - verifyTextPresent("Enter Email", true, CONTINUE_ON_FAILURE): Text 'Enter Email' is present on page  using regular expression

2024-01-14 16:44:45 - [MESSAGE][PASSED] - Text 'Enter Email' is present on page  using regular expression

2024-01-14 16:44:45 - [TEST_STEP][PASSED] - if (TaxType.equalsIgnoreCase("Estate Tax")): null

2024-01-14 16:44:45 - [TEST_STEP][PASSED] - resText = "Pass": null

2024-01-14 16:44:45 - [TEST_STEP][PASSED] - pages.WriteExcel.demoKey(resText, datText, resColumn, datCloumn, fileLoc, nameSheet, row): pages.WriteExcel.demoKey is PASSED

2024-01-14 16:44:45 - [MESSAGE][PASSED] - pages.WriteExcel.demoKey is PASSED

2024-01-14 16:44:45 - [TEST_STEP][PASSED] - ExecuteTC = findTestData(dataFile).getValue("Execute", row): null

2024-01-14 16:44:45 - [TEST_STEP][PASSED] - TaxType = findTestData(dataFile).getValue("TaxType", row): null

2024-01-14 16:44:45 - [TEST_STEP][PASSED] - PaymentType = findTestData(dataFile).getValue("PaymentType", row): null

2024-01-14 16:44:45 - [TEST_STEP][PASSED] - FilingYear = findTestData(dataFile).getValue("Year", row): null

2024-01-14 16:44:45 - [TEST_STEP][PASSED] - feinSSN = findTestData(dataFile).getValue("FeinSsn", row): null

2024-01-14 16:44:45 - [TEST_STEP][PASSED] - if (ExecuteTC.equalsIgnoreCase("Y")): pages.WriteExcel.demoKey is PASSED

2024-01-14 16:44:45 - [TEST_STEP][PASSED] - out.println("Begin Record Number: " + row): null

2024-01-14 16:44:45 - [TEST_STEP][PASSED] - today = new java.util.Date(): null

2024-01-14 16:44:45 - [TEST_STEP][PASSED] - println(today): null

2024-01-14 16:44:45 - [TEST_STEP][PASSED] - datText = today: null

2024-01-14 16:44:45 - [TEST_STEP][PASSED] - logInfo("Payment Type: New Tax Return Amount Due"): Payment Type: New Tax Return Amount Due

2024-01-14 16:44:45 - [MESSAGE][INFO] - Payment Type: New Tax Return Amount Due

2024-01-14 16:44:45 - [TEST_STEP][PASSED] - logInfo("Tax Type: " + TaxType): Tax Type: PTE Non-Electing Non-S Corp

2024-01-14 16:44:45 - [MESSAGE][INFO] - Tax Type: PTE Non-Electing Non-S Corp

2024-01-14 16:44:45 - [TEST_STEP][PASSED] - openBrowser(""): Browser is opened with url: ''

2024-01-14 16:44:45 - [MESSAGE][WARNING] - A browser is already opened. Closing browser and opening a new one

2024-01-14 16:44:46 - [MESSAGE][INFO] - Starting 'Chrome' driver

2024-01-14 16:44:46 - [MESSAGE][INFO] - User set preference: ['acceptInsecureCerts', 'true']

2024-01-14 16:44:46 - [MESSAGE][INFO] - Action delay is set to 0 milliseconds

2024-01-14 16:44:48 - [MESSAGE][PASSED] - Browser is opened with url: ''

2024-01-14 16:44:48 - [TEST_STEP][PASSED] - maximizeWindow(): Current window maximized

2024-01-14 16:44:48 - [MESSAGE][PASSED] - Current window maximized

2024-01-14 16:44:48 - [TEST_STEP][PASSED] - navigateToUrl(RADurl): Navigate to 'https://qa2.velocitypayment.com/client/rad/index.html' successfully

2024-01-14 16:44:50 - [MESSAGE][PASSED] - Navigate to 'https://qa2.velocitypayment.com/client/rad/index.html' successfully

2024-01-14 16:44:50 - [TEST_STEP][PASSED] - selectOptionByLabel(findTestObject(orPath_Landing + "/dd_TaxType"), "New Tax Return Amount Due", false): All options with label 'New Tax Return Amount Due' are selected in object 'Object Repository/RAD_Pages/Landing_Page/dd_TaxType' 

2024-01-14 16:44:50 - [MESSAGE][PASSED] - All options with label 'New Tax Return Amount Due' are selected in object 'Object Repository/RAD_Pages/Landing_Page/dd_TaxType' 

2024-01-14 16:44:50 - [TEST_STEP][PASSED] - selectOptionByLabel(findTestObject("Object Repository/RAD_Pages/Landing_Page/select_NewTaxReturnAmountDue_TaxType"), TaxType, false): All options with label 'PTE Non-Electing Non-S Corp' are selected in object 'Object Repository/RAD_Pages/Landing_Page/select_NewTaxReturnAmountDue_TaxType' 

2024-01-14 16:44:51 - [MESSAGE][PASSED] - All options with label 'PTE Non-Electing Non-S Corp' are selected in object 'Object Repository/RAD_Pages/Landing_Page/select_NewTaxReturnAmountDue_TaxType' 

2024-01-14 16:44:51 - [TEST_STEP][PASSED] - selectOptionByLabel(findTestObject(orPath_TaxTypeFilingYear + "/select_FilingYear"), FilingYear, false): All options with label '2021' are selected in object 'Object Repository/RAD_Pages/TaxTypeFilingYear_Page/select_FilingYear' 

2024-01-14 16:44:52 - [MESSAGE][PASSED] - All options with label '2021' are selected in object 'Object Repository/RAD_Pages/TaxTypeFilingYear_Page/select_FilingYear' 

2024-01-14 16:44:52 - [TEST_STEP][PASSED] - setText(findTestObject(orPath_TaxPayer + "/input_businessName"), " "): Text ' ' is set on object 'Object Repository/RAD_Pages/Taxpayer_Page/input_businessName'

2024-01-14 16:44:53 - [MESSAGE][PASSED] - Text ' ' is set on object 'Object Repository/RAD_Pages/Taxpayer_Page/input_businessName'

2024-01-14 16:44:53 - [TEST_STEP][PASSED] - setText(findTestObject(orPath_TaxPayer + "/input_BusinessRepfirstName"), " "): Text ' ' is set on object 'Object Repository/RAD_Pages/Taxpayer_Page/input_BusinessRepfirstName'

2024-01-14 16:44:53 - [MESSAGE][PASSED] - Text ' ' is set on object 'Object Repository/RAD_Pages/Taxpayer_Page/input_BusinessRepfirstName'

2024-01-14 16:44:53 - [TEST_STEP][PASSED] - setText(findTestObject(orPath_TaxPayer + "/input_BusinessReplastName"), " "): Text ' ' is set on object 'Object Repository/RAD_Pages/Taxpayer_Page/input_BusinessReplastName'

2024-01-14 16:44:54 - [MESSAGE][PASSED] - Text ' ' is set on object 'Object Repository/RAD_Pages/Taxpayer_Page/input_BusinessReplastName'

2024-01-14 16:44:54 - [TEST_STEP][PASSED] - setText(findTestObject(orPath_AddressContact + "/input_streetAddress1"), " "): Text ' ' is set on object 'Object Repository/RAD_Pages/AddressAndContactInfo_Page/input_streetAddress1'

2024-01-14 16:44:55 - [MESSAGE][PASSED] - Text ' ' is set on object 'Object Repository/RAD_Pages/AddressAndContactInfo_Page/input_streetAddress1'

2024-01-14 16:44:55 - [TEST_STEP][PASSED] - setText(findTestObject(orPath_AddressContact + "/input_city"), " "): Text ' ' is set on object 'Object Repository/RAD_Pages/AddressAndContactInfo_Page/input_city'

2024-01-14 16:44:55 - [MESSAGE][PASSED] - Text ' ' is set on object 'Object Repository/RAD_Pages/AddressAndContactInfo_Page/input_city'

2024-01-14 16:44:55 - [TEST_STEP][PASSED] - setText(findTestObject(orPath_AddressContact + "/input_zipCode"), " "): Text ' ' is set on object 'Object Repository/RAD_Pages/AddressAndContactInfo_Page/input_zipCode'

2024-01-14 16:44:56 - [MESSAGE][PASSED] - Text ' ' is set on object 'Object Repository/RAD_Pages/AddressAndContactInfo_Page/input_zipCode'

2024-01-14 16:44:56 - [TEST_STEP][PASSED] - setText(findTestObject(orPath_AddressContact + "/input_phoneNumber"), " "): Text ' ' is set on object 'Object Repository/RAD_Pages/AddressAndContactInfo_Page/input_phoneNumber'

2024-01-14 16:44:57 - [MESSAGE][PASSED] - Text ' ' is set on object 'Object Repository/RAD_Pages/AddressAndContactInfo_Page/input_phoneNumber'

2024-01-14 16:44:57 - [TEST_STEP][PASSED] - setText(findTestObject(orPath_AddressContact + "/input_eMailAddress"), " "): Text ' ' is set on object 'Object Repository/RAD_Pages/AddressAndContactInfo_Page/input_eMailAddress'

2024-01-14 16:44:58 - [MESSAGE][PASSED] - Text ' ' is set on object 'Object Repository/RAD_Pages/AddressAndContactInfo_Page/input_eMailAddress'

2024-01-14 16:44:58 - [TEST_STEP][PASSED] - setText(findTestObject(orPath_AddressContact + "/input_reEnterEMailAddress"), " "): Text ' ' is set on object 'Object Repository/RAD_Pages/AddressAndContactInfo_Page/input_reEnterEMailAddress'

2024-01-14 16:44:58 - [MESSAGE][PASSED] - Text ' ' is set on object 'Object Repository/RAD_Pages/AddressAndContactInfo_Page/input_reEnterEMailAddress'

2024-01-14 16:44:58 - [TEST_STEP][PASSED] - if (TaxType.equalsIgnoreCase("Estate Tax")): null

2024-01-14 16:44:58 - [TEST_STEP][PASSED] - resText = "Fail": null

2024-01-14 16:44:58 - [TEST_STEP][PASSED] - pages.WriteExcel.demoKey(resText, datText, resColumn, datCloumn, fileLoc, nameSheet, row): pages.WriteExcel.demoKey is PASSED

2024-01-14 16:44:59 - [MESSAGE][PASSED] - pages.WriteExcel.demoKey is PASSED

2024-01-14 16:44:59 - [TEST_STEP][PASSED] - verifyTextPresent("Enter business name", true, CONTINUE_ON_FAILURE): Text 'Enter business name' is present on page  using regular expression

2024-01-14 16:44:59 - [MESSAGE][PASSED] - Text 'Enter business name' is present on page  using regular expression

2024-01-14 16:44:59 - [TEST_STEP][PASSED] - verifyTextPresent("Enter business rep first name", true, CONTINUE_ON_FAILURE): Text 'Enter business rep first name' is present on page  using regular expression

2024-01-14 16:44:59 - [MESSAGE][PASSED] - Text 'Enter business rep first name' is present on page  using regular expression

2024-01-14 16:44:59 - [TEST_STEP][PASSED] - verifyTextPresent("Enter business rep last name", true, CONTINUE_ON_FAILURE): Text 'Enter business rep last name' is present on page  using regular expression

2024-01-14 16:45:00 - [MESSAGE][PASSED] - Text 'Enter business rep last name' is present on page  using regular expression

2024-01-14 16:45:00 - [TEST_STEP][PASSED] - verifyTextPresent("Enter address", true, CONTINUE_ON_FAILURE): Text 'Enter address' is present on page  using regular expression

2024-01-14 16:45:00 - [MESSAGE][PASSED] - Text 'Enter address' is present on page  using regular expression

2024-01-14 16:45:00 - [TEST_STEP][PASSED] - verifyTextPresent("Enter city", true, CONTINUE_ON_FAILURE): Text 'Enter city' is present on page  using regular expression

2024-01-14 16:45:01 - [MESSAGE][PASSED] - Text 'Enter city' is present on page  using regular expression

2024-01-14 16:45:01 - [TEST_STEP][PASSED] - verifyTextPresent("Enter ZIP code", true, CONTINUE_ON_FAILURE): Text 'Enter ZIP code' is present on page  using regular expression

2024-01-14 16:45:01 - [MESSAGE][PASSED] - Text 'Enter ZIP code' is present on page  using regular expression

2024-01-14 16:45:01 - [TEST_STEP][PASSED] - verifyTextPresent("Enter a valid phone number", true, CONTINUE_ON_FAILURE): Text 'Enter a valid phone number' is present on page  using regular expression

2024-01-14 16:45:01 - [MESSAGE][PASSED] - Text 'Enter a valid phone number' is present on page  using regular expression

2024-01-14 16:45:01 - [TEST_STEP][PASSED] - verifyTextPresent("Enter Email", true, CONTINUE_ON_FAILURE): Text 'Enter Email' is present on page  using regular expression

2024-01-14 16:45:02 - [MESSAGE][PASSED] - Text 'Enter Email' is present on page  using regular expression

2024-01-14 16:45:02 - [TEST_STEP][PASSED] - if (TaxType.equalsIgnoreCase("Estate Tax")): null

2024-01-14 16:45:02 - [TEST_STEP][PASSED] - resText = "Pass": null

2024-01-14 16:45:02 - [TEST_STEP][PASSED] - pages.WriteExcel.demoKey(resText, datText, resColumn, datCloumn, fileLoc, nameSheet, row): pages.WriteExcel.demoKey is PASSED

2024-01-14 16:45:02 - [MESSAGE][PASSED] - pages.WriteExcel.demoKey is PASSED

2024-01-14 16:45:02 - [TEST_STEP][PASSED] - ExecuteTC = findTestData(dataFile).getValue("Execute", row): null

2024-01-14 16:45:02 - [TEST_STEP][PASSED] - TaxType = findTestData(dataFile).getValue("TaxType", row): null

2024-01-14 16:45:02 - [TEST_STEP][PASSED] - PaymentType = findTestData(dataFile).getValue("PaymentType", row): null

2024-01-14 16:45:02 - [TEST_STEP][PASSED] - FilingYear = findTestData(dataFile).getValue("Year", row): null

2024-01-14 16:45:02 - [TEST_STEP][PASSED] - feinSSN = findTestData(dataFile).getValue("FeinSsn", row): null

2024-01-14 16:45:02 - [TEST_STEP][PASSED] - if (ExecuteTC.equalsIgnoreCase("Y")): pages.WriteExcel.demoKey is PASSED

2024-01-14 16:45:02 - [TEST_STEP][PASSED] - out.println("Begin Record Number: " + row): null

2024-01-14 16:45:02 - [TEST_STEP][PASSED] - today = new java.util.Date(): null

2024-01-14 16:45:02 - [TEST_STEP][PASSED] - println(today): null

2024-01-14 16:45:02 - [TEST_STEP][PASSED] - datText = today: null

2024-01-14 16:45:02 - [TEST_STEP][PASSED] - logInfo("Payment Type: New Tax Return Amount Due"): Payment Type: New Tax Return Amount Due

2024-01-14 16:45:02 - [MESSAGE][INFO] - Payment Type: New Tax Return Amount Due

2024-01-14 16:45:02 - [TEST_STEP][PASSED] - logInfo("Tax Type: " + TaxType): Tax Type: PTE Non-Electing S Corp

2024-01-14 16:45:02 - [MESSAGE][INFO] - Tax Type: PTE Non-Electing S Corp

2024-01-14 16:45:02 - [TEST_STEP][PASSED] - openBrowser(""): Browser is opened with url: ''

2024-01-14 16:45:02 - [MESSAGE][WARNING] - A browser is already opened. Closing browser and opening a new one

2024-01-14 16:45:03 - [MESSAGE][INFO] - Starting 'Chrome' driver

2024-01-14 16:45:03 - [MESSAGE][INFO] - User set preference: ['acceptInsecureCerts', 'true']

2024-01-14 16:45:03 - [MESSAGE][INFO] - Action delay is set to 0 milliseconds

2024-01-14 16:45:05 - [MESSAGE][PASSED] - Browser is opened with url: ''

2024-01-14 16:45:05 - [TEST_STEP][PASSED] - maximizeWindow(): Current window maximized

2024-01-14 16:45:05 - [MESSAGE][PASSED] - Current window maximized

2024-01-14 16:45:05 - [TEST_STEP][PASSED] - navigateToUrl(RADurl): Navigate to 'https://qa2.velocitypayment.com/client/rad/index.html' successfully

2024-01-14 16:45:06 - [MESSAGE][PASSED] - Navigate to 'https://qa2.velocitypayment.com/client/rad/index.html' successfully

2024-01-14 16:45:06 - [TEST_STEP][PASSED] - selectOptionByLabel(findTestObject(orPath_Landing + "/dd_TaxType"), "New Tax Return Amount Due", false): All options with label 'New Tax Return Amount Due' are selected in object 'Object Repository/RAD_Pages/Landing_Page/dd_TaxType' 

2024-01-14 16:45:07 - [MESSAGE][PASSED] - All options with label 'New Tax Return Amount Due' are selected in object 'Object Repository/RAD_Pages/Landing_Page/dd_TaxType' 

2024-01-14 16:45:07 - [TEST_STEP][PASSED] - selectOptionByLabel(findTestObject("Object Repository/RAD_Pages/Landing_Page/select_NewTaxReturnAmountDue_TaxType"), TaxType, false): All options with label 'PTE Non-Electing S Corp' are selected in object 'Object Repository/RAD_Pages/Landing_Page/select_NewTaxReturnAmountDue_TaxType' 

2024-01-14 16:45:08 - [MESSAGE][PASSED] - All options with label 'PTE Non-Electing S Corp' are selected in object 'Object Repository/RAD_Pages/Landing_Page/select_NewTaxReturnAmountDue_TaxType' 

2024-01-14 16:45:08 - [TEST_STEP][PASSED] - selectOptionByLabel(findTestObject(orPath_TaxTypeFilingYear + "/select_FilingYear"), FilingYear, false): All options with label '2021' are selected in object 'Object Repository/RAD_Pages/TaxTypeFilingYear_Page/select_FilingYear' 

2024-01-14 16:45:09 - [MESSAGE][PASSED] - All options with label '2021' are selected in object 'Object Repository/RAD_Pages/TaxTypeFilingYear_Page/select_FilingYear' 

2024-01-14 16:45:09 - [TEST_STEP][PASSED] - setText(findTestObject(orPath_TaxPayer + "/input_businessName"), " "): Text ' ' is set on object 'Object Repository/RAD_Pages/Taxpayer_Page/input_businessName'

2024-01-14 16:45:09 - [MESSAGE][PASSED] - Text ' ' is set on object 'Object Repository/RAD_Pages/Taxpayer_Page/input_businessName'

2024-01-14 16:45:09 - [TEST_STEP][PASSED] - setText(findTestObject(orPath_TaxPayer + "/input_BusinessRepfirstName"), " "): Text ' ' is set on object 'Object Repository/RAD_Pages/Taxpayer_Page/input_BusinessRepfirstName'

2024-01-14 16:45:10 - [MESSAGE][PASSED] - Text ' ' is set on object 'Object Repository/RAD_Pages/Taxpayer_Page/input_BusinessRepfirstName'

2024-01-14 16:45:10 - [TEST_STEP][PASSED] - setText(findTestObject(orPath_TaxPayer + "/input_BusinessReplastName"), " "): Text ' ' is set on object 'Object Repository/RAD_Pages/Taxpayer_Page/input_BusinessReplastName'

2024-01-14 16:45:11 - [MESSAGE][PASSED] - Text ' ' is set on object 'Object Repository/RAD_Pages/Taxpayer_Page/input_BusinessReplastName'

2024-01-14 16:45:11 - [TEST_STEP][PASSED] - setText(findTestObject(orPath_AddressContact + "/input_streetAddress1"), " "): Text ' ' is set on object 'Object Repository/RAD_Pages/AddressAndContactInfo_Page/input_streetAddress1'

2024-01-14 16:45:11 - [MESSAGE][PASSED] - Text ' ' is set on object 'Object Repository/RAD_Pages/AddressAndContactInfo_Page/input_streetAddress1'

2024-01-14 16:45:11 - [TEST_STEP][PASSED] - setText(findTestObject(orPath_AddressContact + "/input_city"), " "): Text ' ' is set on object 'Object Repository/RAD_Pages/AddressAndContactInfo_Page/input_city'

2024-01-14 16:45:12 - [MESSAGE][PASSED] - Text ' ' is set on object 'Object Repository/RAD_Pages/AddressAndContactInfo_Page/input_city'

2024-01-14 16:45:12 - [TEST_STEP][PASSED] - setText(findTestObject(orPath_AddressContact + "/input_zipCode"), " "): Text ' ' is set on object 'Object Repository/RAD_Pages/AddressAndContactInfo_Page/input_zipCode'

2024-01-14 16:45:13 - [MESSAGE][PASSED] - Text ' ' is set on object 'Object Repository/RAD_Pages/AddressAndContactInfo_Page/input_zipCode'

2024-01-14 16:45:13 - [TEST_STEP][PASSED] - setText(findTestObject(orPath_AddressContact + "/input_phoneNumber"), " "): Text ' ' is set on object 'Object Repository/RAD_Pages/AddressAndContactInfo_Page/input_phoneNumber'

2024-01-14 16:45:14 - [MESSAGE][PASSED] - Text ' ' is set on object 'Object Repository/RAD_Pages/AddressAndContactInfo_Page/input_phoneNumber'

2024-01-14 16:45:14 - [TEST_STEP][PASSED] - setText(findTestObject(orPath_AddressContact + "/input_eMailAddress"), " "): Text ' ' is set on object 'Object Repository/RAD_Pages/AddressAndContactInfo_Page/input_eMailAddress'

2024-01-14 16:45:15 - [MESSAGE][PASSED] - Text ' ' is set on object 'Object Repository/RAD_Pages/AddressAndContactInfo_Page/input_eMailAddress'

2024-01-14 16:45:15 - [TEST_STEP][PASSED] - setText(findTestObject(orPath_AddressContact + "/input_reEnterEMailAddress"), " "): Text ' ' is set on object 'Object Repository/RAD_Pages/AddressAndContactInfo_Page/input_reEnterEMailAddress'

2024-01-14 16:45:15 - [MESSAGE][PASSED] - Text ' ' is set on object 'Object Repository/RAD_Pages/AddressAndContactInfo_Page/input_reEnterEMailAddress'

2024-01-14 16:45:15 - [TEST_STEP][PASSED] - if (TaxType.equalsIgnoreCase("Estate Tax")): null

2024-01-14 16:45:15 - [TEST_STEP][PASSED] - resText = "Fail": null

2024-01-14 16:45:15 - [TEST_STEP][PASSED] - pages.WriteExcel.demoKey(resText, datText, resColumn, datCloumn, fileLoc, nameSheet, row): pages.WriteExcel.demoKey is PASSED

2024-01-14 16:45:15 - [MESSAGE][PASSED] - pages.WriteExcel.demoKey is PASSED

2024-01-14 16:45:15 - [TEST_STEP][PASSED] - verifyTextPresent("Enter business name", true, CONTINUE_ON_FAILURE): Text 'Enter business name' is present on page  using regular expression

2024-01-14 16:45:16 - [MESSAGE][PASSED] - Text 'Enter business name' is present on page  using regular expression

2024-01-14 16:45:16 - [TEST_STEP][PASSED] - verifyTextPresent("Enter business rep first name", true, CONTINUE_ON_FAILURE): Text 'Enter business rep first name' is present on page  using regular expression

2024-01-14 16:45:16 - [MESSAGE][PASSED] - Text 'Enter business rep first name' is present on page  using regular expression

2024-01-14 16:45:16 - [TEST_STEP][PASSED] - verifyTextPresent("Enter business rep last name", true, CONTINUE_ON_FAILURE): Text 'Enter business rep last name' is present on page  using regular expression

2024-01-14 16:45:17 - [MESSAGE][PASSED] - Text 'Enter business rep last name' is present on page  using regular expression

2024-01-14 16:45:17 - [TEST_STEP][PASSED] - verifyTextPresent("Enter address", true, CONTINUE_ON_FAILURE): Text 'Enter address' is present on page  using regular expression

2024-01-14 16:45:17 - [MESSAGE][PASSED] - Text 'Enter address' is present on page  using regular expression

2024-01-14 16:45:17 - [TEST_STEP][PASSED] - verifyTextPresent("Enter city", true, CONTINUE_ON_FAILURE): Text 'Enter city' is present on page  using regular expression

2024-01-14 16:45:17 - [MESSAGE][PASSED] - Text 'Enter city' is present on page  using regular expression

2024-01-14 16:45:17 - [TEST_STEP][PASSED] - verifyTextPresent("Enter ZIP code", true, CONTINUE_ON_FAILURE): Text 'Enter ZIP code' is present on page  using regular expression

2024-01-14 16:45:18 - [MESSAGE][PASSED] - Text 'Enter ZIP code' is present on page  using regular expression

2024-01-14 16:45:18 - [TEST_STEP][PASSED] - verifyTextPresent("Enter a valid phone number", true, CONTINUE_ON_FAILURE): Text 'Enter a valid phone number' is present on page  using regular expression

2024-01-14 16:45:18 - [MESSAGE][PASSED] - Text 'Enter a valid phone number' is present on page  using regular expression

2024-01-14 16:45:18 - [TEST_STEP][PASSED] - verifyTextPresent("Enter Email", true, CONTINUE_ON_FAILURE): Text 'Enter Email' is present on page  using regular expression

2024-01-14 16:45:18 - [MESSAGE][PASSED] - Text 'Enter Email' is present on page  using regular expression

2024-01-14 16:45:18 - [TEST_STEP][PASSED] - if (TaxType.equalsIgnoreCase("Estate Tax")): null

2024-01-14 16:45:18 - [TEST_STEP][PASSED] - resText = "Pass": null

2024-01-14 16:45:18 - [TEST_STEP][PASSED] - pages.WriteExcel.demoKey(resText, datText, resColumn, datCloumn, fileLoc, nameSheet, row): pages.WriteExcel.demoKey is PASSED

2024-01-14 16:45:19 - [MESSAGE][PASSED] - pages.WriteExcel.demoKey is PASSED

2024-01-14 16:45:19 - [TEST_STEP][PASSED] - ExecuteTC = findTestData(dataFile).getValue("Execute", row): null

2024-01-14 16:45:19 - [TEST_STEP][PASSED] - TaxType = findTestData(dataFile).getValue("TaxType", row): null

2024-01-14 16:45:19 - [TEST_STEP][PASSED] - PaymentType = findTestData(dataFile).getValue("PaymentType", row): null

2024-01-14 16:45:19 - [TEST_STEP][PASSED] - FilingYear = findTestData(dataFile).getValue("Year", row): null

2024-01-14 16:45:19 - [TEST_STEP][PASSED] - feinSSN = findTestData(dataFile).getValue("FeinSsn", row): null

2024-01-14 16:45:19 - [TEST_STEP][PASSED] - if (ExecuteTC.equalsIgnoreCase("Y")): pages.WriteExcel.demoKey is PASSED

2024-01-14 16:45:19 - [TEST_STEP][PASSED] - out.println("Begin Record Number: " + row): null

2024-01-14 16:45:19 - [TEST_STEP][PASSED] - today = new java.util.Date(): null

2024-01-14 16:45:19 - [TEST_STEP][PASSED] - println(today): null

2024-01-14 16:45:19 - [TEST_STEP][PASSED] - datText = today: null

2024-01-14 16:45:19 - [TEST_STEP][PASSED] - logInfo("Payment Type: New Tax Return Amount Due"): Payment Type: New Tax Return Amount Due

2024-01-14 16:45:19 - [MESSAGE][INFO] - Payment Type: New Tax Return Amount Due

2024-01-14 16:45:19 - [TEST_STEP][PASSED] - logInfo("Tax Type: " + TaxType): Tax Type: PTE Tax Electing Non-S Corp

2024-01-14 16:45:19 - [MESSAGE][INFO] - Tax Type: PTE Tax Electing Non-S Corp

2024-01-14 16:45:19 - [TEST_STEP][PASSED] - openBrowser(""): Browser is opened with url: ''

2024-01-14 16:45:19 - [MESSAGE][WARNING] - A browser is already opened. Closing browser and opening a new one

2024-01-14 16:45:20 - [MESSAGE][INFO] - Starting 'Chrome' driver

2024-01-14 16:45:20 - [MESSAGE][INFO] - User set preference: ['acceptInsecureCerts', 'true']

2024-01-14 16:45:20 - [MESSAGE][INFO] - Action delay is set to 0 milliseconds

2024-01-14 16:45:21 - [MESSAGE][PASSED] - Browser is opened with url: ''

2024-01-14 16:45:21 - [TEST_STEP][PASSED] - maximizeWindow(): Current window maximized

2024-01-14 16:45:22 - [MESSAGE][PASSED] - Current window maximized

2024-01-14 16:45:22 - [TEST_STEP][PASSED] - navigateToUrl(RADurl): Navigate to 'https://qa2.velocitypayment.com/client/rad/index.html' successfully

2024-01-14 16:45:23 - [MESSAGE][PASSED] - Navigate to 'https://qa2.velocitypayment.com/client/rad/index.html' successfully

2024-01-14 16:45:23 - [TEST_STEP][PASSED] - selectOptionByLabel(findTestObject(orPath_Landing + "/dd_TaxType"), "New Tax Return Amount Due", false): All options with label 'New Tax Return Amount Due' are selected in object 'Object Repository/RAD_Pages/Landing_Page/dd_TaxType' 

2024-01-14 16:45:24 - [MESSAGE][PASSED] - All options with label 'New Tax Return Amount Due' are selected in object 'Object Repository/RAD_Pages/Landing_Page/dd_TaxType' 

2024-01-14 16:45:24 - [TEST_STEP][PASSED] - selectOptionByLabel(findTestObject("Object Repository/RAD_Pages/Landing_Page/select_NewTaxReturnAmountDue_TaxType"), TaxType, false): All options with label 'PTE Tax Electing Non-S Corp' are selected in object 'Object Repository/RAD_Pages/Landing_Page/select_NewTaxReturnAmountDue_TaxType' 

2024-01-14 16:45:25 - [MESSAGE][PASSED] - All options with label 'PTE Tax Electing Non-S Corp' are selected in object 'Object Repository/RAD_Pages/Landing_Page/select_NewTaxReturnAmountDue_TaxType' 

2024-01-14 16:45:25 - [TEST_STEP][PASSED] - selectOptionByLabel(findTestObject(orPath_TaxTypeFilingYear + "/select_FilingYear"), FilingYear, false): All options with label '2021' are selected in object 'Object Repository/RAD_Pages/TaxTypeFilingYear_Page/select_FilingYear' 

2024-01-14 16:45:25 - [MESSAGE][PASSED] - All options with label '2021' are selected in object 'Object Repository/RAD_Pages/TaxTypeFilingYear_Page/select_FilingYear' 

2024-01-14 16:45:25 - [TEST_STEP][PASSED] - setText(findTestObject(orPath_TaxPayer + "/input_businessName"), " "): Text ' ' is set on object 'Object Repository/RAD_Pages/Taxpayer_Page/input_businessName'

2024-01-14 16:45:26 - [MESSAGE][PASSED] - Text ' ' is set on object 'Object Repository/RAD_Pages/Taxpayer_Page/input_businessName'

2024-01-14 16:45:26 - [TEST_STEP][PASSED] - setText(findTestObject(orPath_TaxPayer + "/input_BusinessRepfirstName"), " "): Text ' ' is set on object 'Object Repository/RAD_Pages/Taxpayer_Page/input_BusinessRepfirstName'

2024-01-14 16:45:27 - [MESSAGE][PASSED] - Text ' ' is set on object 'Object Repository/RAD_Pages/Taxpayer_Page/input_BusinessRepfirstName'

2024-01-14 16:45:27 - [TEST_STEP][PASSED] - setText(findTestObject(orPath_TaxPayer + "/input_BusinessReplastName"), " "): Text ' ' is set on object 'Object Repository/RAD_Pages/Taxpayer_Page/input_BusinessReplastName'

2024-01-14 16:45:27 - [MESSAGE][PASSED] - Text ' ' is set on object 'Object Repository/RAD_Pages/Taxpayer_Page/input_BusinessReplastName'

2024-01-14 16:45:27 - [TEST_STEP][PASSED] - setText(findTestObject(orPath_AddressContact + "/input_streetAddress1"), " "): Text ' ' is set on object 'Object Repository/RAD_Pages/AddressAndContactInfo_Page/input_streetAddress1'

2024-01-14 16:45:28 - [MESSAGE][PASSED] - Text ' ' is set on object 'Object Repository/RAD_Pages/AddressAndContactInfo_Page/input_streetAddress1'

2024-01-14 16:45:28 - [TEST_STEP][PASSED] - setText(findTestObject(orPath_AddressContact + "/input_city"), " "): Text ' ' is set on object 'Object Repository/RAD_Pages/AddressAndContactInfo_Page/input_city'

2024-01-14 16:45:29 - [MESSAGE][PASSED] - Text ' ' is set on object 'Object Repository/RAD_Pages/AddressAndContactInfo_Page/input_city'

2024-01-14 16:45:29 - [TEST_STEP][PASSED] - setText(findTestObject(orPath_AddressContact + "/input_zipCode"), " "): Text ' ' is set on object 'Object Repository/RAD_Pages/AddressAndContactInfo_Page/input_zipCode'

2024-01-14 16:45:29 - [MESSAGE][PASSED] - Text ' ' is set on object 'Object Repository/RAD_Pages/AddressAndContactInfo_Page/input_zipCode'

2024-01-14 16:45:29 - [TEST_STEP][PASSED] - setText(findTestObject(orPath_AddressContact + "/input_phoneNumber"), " "): Text ' ' is set on object 'Object Repository/RAD_Pages/AddressAndContactInfo_Page/input_phoneNumber'

2024-01-14 16:45:30 - [MESSAGE][PASSED] - Text ' ' is set on object 'Object Repository/RAD_Pages/AddressAndContactInfo_Page/input_phoneNumber'

2024-01-14 16:45:30 - [TEST_STEP][PASSED] - setText(findTestObject(orPath_AddressContact + "/input_eMailAddress"), " "): Text ' ' is set on object 'Object Repository/RAD_Pages/AddressAndContactInfo_Page/input_eMailAddress'

2024-01-14 16:45:31 - [MESSAGE][PASSED] - Text ' ' is set on object 'Object Repository/RAD_Pages/AddressAndContactInfo_Page/input_eMailAddress'

2024-01-14 16:45:31 - [TEST_STEP][PASSED] - setText(findTestObject(orPath_AddressContact + "/input_reEnterEMailAddress"), " "): Text ' ' is set on object 'Object Repository/RAD_Pages/AddressAndContactInfo_Page/input_reEnterEMailAddress'

2024-01-14 16:45:32 - [MESSAGE][PASSED] - Text ' ' is set on object 'Object Repository/RAD_Pages/AddressAndContactInfo_Page/input_reEnterEMailAddress'

2024-01-14 16:45:32 - [TEST_STEP][PASSED] - if (TaxType.equalsIgnoreCase("Estate Tax")): null

2024-01-14 16:45:32 - [TEST_STEP][PASSED] - resText = "Fail": null

2024-01-14 16:45:32 - [TEST_STEP][PASSED] - pages.WriteExcel.demoKey(resText, datText, resColumn, datCloumn, fileLoc, nameSheet, row): pages.WriteExcel.demoKey is PASSED

2024-01-14 16:45:32 - [MESSAGE][PASSED] - pages.WriteExcel.demoKey is PASSED

2024-01-14 16:45:32 - [TEST_STEP][PASSED] - verifyTextPresent("Enter business name", true, CONTINUE_ON_FAILURE): Text 'Enter business name' is present on page  using regular expression

2024-01-14 16:45:32 - [MESSAGE][PASSED] - Text 'Enter business name' is present on page  using regular expression

2024-01-14 16:45:32 - [TEST_STEP][PASSED] - verifyTextPresent("Enter business rep first name", true, CONTINUE_ON_FAILURE): Text 'Enter business rep first name' is present on page  using regular expression

2024-01-14 16:45:33 - [MESSAGE][PASSED] - Text 'Enter business rep first name' is present on page  using regular expression

2024-01-14 16:45:33 - [TEST_STEP][PASSED] - verifyTextPresent("Enter business rep last name", true, CONTINUE_ON_FAILURE): Text 'Enter business rep last name' is present on page  using regular expression

2024-01-14 16:45:33 - [MESSAGE][PASSED] - Text 'Enter business rep last name' is present on page  using regular expression

2024-01-14 16:45:33 - [TEST_STEP][PASSED] - verifyTextPresent("Enter address", true, CONTINUE_ON_FAILURE): Text 'Enter address' is present on page  using regular expression

2024-01-14 16:45:33 - [MESSAGE][PASSED] - Text 'Enter address' is present on page  using regular expression

2024-01-14 16:45:33 - [TEST_STEP][PASSED] - verifyTextPresent("Enter city", true, CONTINUE_ON_FAILURE): Text 'Enter city' is present on page  using regular expression

2024-01-14 16:45:34 - [MESSAGE][PASSED] - Text 'Enter city' is present on page  using regular expression

2024-01-14 16:45:34 - [TEST_STEP][PASSED] - verifyTextPresent("Enter ZIP code", true, CONTINUE_ON_FAILURE): Text 'Enter ZIP code' is present on page  using regular expression

2024-01-14 16:45:34 - [MESSAGE][PASSED] - Text 'Enter ZIP code' is present on page  using regular expression

2024-01-14 16:45:34 - [TEST_STEP][PASSED] - verifyTextPresent("Enter a valid phone number", true, CONTINUE_ON_FAILURE): Text 'Enter a valid phone number' is present on page  using regular expression

2024-01-14 16:45:35 - [MESSAGE][PASSED] - Text 'Enter a valid phone number' is present on page  using regular expression

2024-01-14 16:45:35 - [TEST_STEP][PASSED] - verifyTextPresent("Enter Email", true, CONTINUE_ON_FAILURE): Text 'Enter Email' is present on page  using regular expression

2024-01-14 16:45:35 - [MESSAGE][PASSED] - Text 'Enter Email' is present on page  using regular expression

2024-01-14 16:45:35 - [TEST_STEP][PASSED] - if (TaxType.equalsIgnoreCase("Estate Tax")): null

2024-01-14 16:45:35 - [TEST_STEP][PASSED] - resText = "Pass": null

2024-01-14 16:45:35 - [TEST_STEP][PASSED] - pages.WriteExcel.demoKey(resText, datText, resColumn, datCloumn, fileLoc, nameSheet, row): pages.WriteExcel.demoKey is PASSED

2024-01-14 16:45:35 - [MESSAGE][PASSED] - pages.WriteExcel.demoKey is PASSED

2024-01-14 16:45:35 - [TEST_STEP][PASSED] - ExecuteTC = findTestData(dataFile).getValue("Execute", row): null

2024-01-14 16:45:35 - [TEST_STEP][PASSED] - TaxType = findTestData(dataFile).getValue("TaxType", row): null

2024-01-14 16:45:35 - [TEST_STEP][PASSED] - PaymentType = findTestData(dataFile).getValue("PaymentType", row): null

2024-01-14 16:45:35 - [TEST_STEP][PASSED] - FilingYear = findTestData(dataFile).getValue("Year", row): null

2024-01-14 16:45:35 - [TEST_STEP][PASSED] - feinSSN = findTestData(dataFile).getValue("FeinSsn", row): null

2024-01-14 16:45:35 - [TEST_STEP][PASSED] - if (ExecuteTC.equalsIgnoreCase("Y")): pages.WriteExcel.demoKey is PASSED

2024-01-14 16:45:35 - [TEST_STEP][PASSED] - out.println("Begin Record Number: " + row): null

2024-01-14 16:45:35 - [TEST_STEP][PASSED] - today = new java.util.Date(): null

2024-01-14 16:45:35 - [TEST_STEP][PASSED] - println(today): null

2024-01-14 16:45:35 - [TEST_STEP][PASSED] - datText = today: null

2024-01-14 16:45:35 - [TEST_STEP][PASSED] - logInfo("Payment Type: New Tax Return Amount Due"): Payment Type: New Tax Return Amount Due

2024-01-14 16:45:35 - [MESSAGE][INFO] - Payment Type: New Tax Return Amount Due

2024-01-14 16:45:35 - [TEST_STEP][PASSED] - logInfo("Tax Type: " + TaxType): Tax Type: PTE Tax Electing S Corp

2024-01-14 16:45:35 - [MESSAGE][INFO] - Tax Type: PTE Tax Electing S Corp

2024-01-14 16:45:35 - [TEST_STEP][PASSED] - openBrowser(""): Browser is opened with url: ''

2024-01-14 16:45:35 - [MESSAGE][WARNING] - A browser is already opened. Closing browser and opening a new one

2024-01-14 16:45:36 - [MESSAGE][INFO] - Starting 'Chrome' driver

2024-01-14 16:45:36 - [MESSAGE][INFO] - User set preference: ['acceptInsecureCerts', 'true']

2024-01-14 16:45:36 - [MESSAGE][INFO] - Action delay is set to 0 milliseconds

2024-01-14 16:45:38 - [MESSAGE][PASSED] - Browser is opened with url: ''

2024-01-14 16:45:38 - [TEST_STEP][PASSED] - maximizeWindow(): Current window maximized

2024-01-14 16:45:38 - [MESSAGE][PASSED] - Current window maximized

2024-01-14 16:45:38 - [TEST_STEP][PASSED] - navigateToUrl(RADurl): Navigate to 'https://qa2.velocitypayment.com/client/rad/index.html' successfully

2024-01-14 16:45:40 - [MESSAGE][PASSED] - Navigate to 'https://qa2.velocitypayment.com/client/rad/index.html' successfully

2024-01-14 16:45:40 - [TEST_STEP][PASSED] - selectOptionByLabel(findTestObject(orPath_Landing + "/dd_TaxType"), "New Tax Return Amount Due", false): All options with label 'New Tax Return Amount Due' are selected in object 'Object Repository/RAD_Pages/Landing_Page/dd_TaxType' 

2024-01-14 16:45:40 - [MESSAGE][PASSED] - All options with label 'New Tax Return Amount Due' are selected in object 'Object Repository/RAD_Pages/Landing_Page/dd_TaxType' 

2024-01-14 16:45:40 - [TEST_STEP][PASSED] - selectOptionByLabel(findTestObject("Object Repository/RAD_Pages/Landing_Page/select_NewTaxReturnAmountDue_TaxType"), TaxType, false): All options with label 'PTE Tax Electing S Corp' are selected in object 'Object Repository/RAD_Pages/Landing_Page/select_NewTaxReturnAmountDue_TaxType' 

2024-01-14 16:45:41 - [MESSAGE][PASSED] - All options with label 'PTE Tax Electing S Corp' are selected in object 'Object Repository/RAD_Pages/Landing_Page/select_NewTaxReturnAmountDue_TaxType' 

2024-01-14 16:45:41 - [TEST_STEP][PASSED] - selectOptionByLabel(findTestObject(orPath_TaxTypeFilingYear + "/select_FilingYear"), FilingYear, false): All options with label '2021' are selected in object 'Object Repository/RAD_Pages/TaxTypeFilingYear_Page/select_FilingYear' 

2024-01-14 16:45:42 - [MESSAGE][PASSED] - All options with label '2021' are selected in object 'Object Repository/RAD_Pages/TaxTypeFilingYear_Page/select_FilingYear' 

2024-01-14 16:45:42 - [TEST_STEP][PASSED] - setText(findTestObject(orPath_TaxPayer + "/input_businessName"), " "): Text ' ' is set on object 'Object Repository/RAD_Pages/Taxpayer_Page/input_businessName'

2024-01-14 16:45:42 - [MESSAGE][PASSED] - Text ' ' is set on object 'Object Repository/RAD_Pages/Taxpayer_Page/input_businessName'

2024-01-14 16:45:42 - [TEST_STEP][PASSED] - setText(findTestObject(orPath_TaxPayer + "/input_BusinessRepfirstName"), " "): Text ' ' is set on object 'Object Repository/RAD_Pages/Taxpayer_Page/input_BusinessRepfirstName'

2024-01-14 16:45:43 - [MESSAGE][PASSED] - Text ' ' is set on object 'Object Repository/RAD_Pages/Taxpayer_Page/input_BusinessRepfirstName'

2024-01-14 16:45:43 - [TEST_STEP][PASSED] - setText(findTestObject(orPath_TaxPayer + "/input_BusinessReplastName"), " "): Text ' ' is set on object 'Object Repository/RAD_Pages/Taxpayer_Page/input_BusinessReplastName'

2024-01-14 16:45:44 - [MESSAGE][PASSED] - Text ' ' is set on object 'Object Repository/RAD_Pages/Taxpayer_Page/input_BusinessReplastName'

2024-01-14 16:45:44 - [TEST_STEP][PASSED] - setText(findTestObject(orPath_AddressContact + "/input_streetAddress1"), " "): Text ' ' is set on object 'Object Repository/RAD_Pages/AddressAndContactInfo_Page/input_streetAddress1'

2024-01-14 16:45:45 - [MESSAGE][PASSED] - Text ' ' is set on object 'Object Repository/RAD_Pages/AddressAndContactInfo_Page/input_streetAddress1'

2024-01-14 16:45:45 - [TEST_STEP][PASSED] - setText(findTestObject(orPath_AddressContact + "/input_city"), " "): Text ' ' is set on object 'Object Repository/RAD_Pages/AddressAndContactInfo_Page/input_city'

2024-01-14 16:45:45 - [MESSAGE][PASSED] - Text ' ' is set on object 'Object Repository/RAD_Pages/AddressAndContactInfo_Page/input_city'

2024-01-14 16:45:45 - [TEST_STEP][PASSED] - setText(findTestObject(orPath_AddressContact + "/input_zipCode"), " "): Text ' ' is set on object 'Object Repository/RAD_Pages/AddressAndContactInfo_Page/input_zipCode'

2024-01-14 16:45:46 - [MESSAGE][PASSED] - Text ' ' is set on object 'Object Repository/RAD_Pages/AddressAndContactInfo_Page/input_zipCode'

2024-01-14 16:45:46 - [TEST_STEP][PASSED] - setText(findTestObject(orPath_AddressContact + "/input_phoneNumber"), " "): Text ' ' is set on object 'Object Repository/RAD_Pages/AddressAndContactInfo_Page/input_phoneNumber'

2024-01-14 16:45:47 - [MESSAGE][PASSED] - Text ' ' is set on object 'Object Repository/RAD_Pages/AddressAndContactInfo_Page/input_phoneNumber'

2024-01-14 16:45:47 - [TEST_STEP][PASSED] - setText(findTestObject(orPath_AddressContact + "/input_eMailAddress"), " "): Text ' ' is set on object 'Object Repository/RAD_Pages/AddressAndContactInfo_Page/input_eMailAddress'

2024-01-14 16:45:48 - [MESSAGE][PASSED] - Text ' ' is set on object 'Object Repository/RAD_Pages/AddressAndContactInfo_Page/input_eMailAddress'

2024-01-14 16:45:48 - [TEST_STEP][PASSED] - setText(findTestObject(orPath_AddressContact + "/input_reEnterEMailAddress"), " "): Text ' ' is set on object 'Object Repository/RAD_Pages/AddressAndContactInfo_Page/input_reEnterEMailAddress'

2024-01-14 16:45:48 - [MESSAGE][PASSED] - Text ' ' is set on object 'Object Repository/RAD_Pages/AddressAndContactInfo_Page/input_reEnterEMailAddress'

2024-01-14 16:45:48 - [TEST_STEP][PASSED] - if (TaxType.equalsIgnoreCase("Estate Tax")): null

2024-01-14 16:45:48 - [TEST_STEP][PASSED] - resText = "Fail": null

2024-01-14 16:45:48 - [TEST_STEP][PASSED] - pages.WriteExcel.demoKey(resText, datText, resColumn, datCloumn, fileLoc, nameSheet, row): pages.WriteExcel.demoKey is PASSED

2024-01-14 16:45:49 - [MESSAGE][PASSED] - pages.WriteExcel.demoKey is PASSED

2024-01-14 16:45:49 - [TEST_STEP][PASSED] - verifyTextPresent("Enter business name", true, CONTINUE_ON_FAILURE): Text 'Enter business name' is present on page  using regular expression

2024-01-14 16:45:49 - [MESSAGE][PASSED] - Text 'Enter business name' is present on page  using regular expression

2024-01-14 16:45:49 - [TEST_STEP][PASSED] - verifyTextPresent("Enter business rep first name", true, CONTINUE_ON_FAILURE): Text 'Enter business rep first name' is present on page  using regular expression

2024-01-14 16:45:49 - [MESSAGE][PASSED] - Text 'Enter business rep first name' is present on page  using regular expression

2024-01-14 16:45:49 - [TEST_STEP][PASSED] - verifyTextPresent("Enter business rep last name", true, CONTINUE_ON_FAILURE): Text 'Enter business rep last name' is present on page  using regular expression

2024-01-14 16:45:50 - [MESSAGE][PASSED] - Text 'Enter business rep last name' is present on page  using regular expression

2024-01-14 16:45:50 - [TEST_STEP][PASSED] - verifyTextPresent("Enter address", true, CONTINUE_ON_FAILURE): Text 'Enter address' is present on page  using regular expression

2024-01-14 16:45:50 - [MESSAGE][PASSED] - Text 'Enter address' is present on page  using regular expression

2024-01-14 16:45:50 - [TEST_STEP][PASSED] - verifyTextPresent("Enter city", true, CONTINUE_ON_FAILURE): Text 'Enter city' is present on page  using regular expression

2024-01-14 16:45:50 - [MESSAGE][PASSED] - Text 'Enter city' is present on page  using regular expression

2024-01-14 16:45:50 - [TEST_STEP][PASSED] - verifyTextPresent("Enter ZIP code", true, CONTINUE_ON_FAILURE): Text 'Enter ZIP code' is present on page  using regular expression

2024-01-14 16:45:51 - [MESSAGE][PASSED] - Text 'Enter ZIP code' is present on page  using regular expression

2024-01-14 16:45:51 - [TEST_STEP][PASSED] - verifyTextPresent("Enter a valid phone number", true, CONTINUE_ON_FAILURE): Text 'Enter a valid phone number' is present on page  using regular expression

2024-01-14 16:45:51 - [MESSAGE][PASSED] - Text 'Enter a valid phone number' is present on page  using regular expression

2024-01-14 16:45:51 - [TEST_STEP][PASSED] - verifyTextPresent("Enter Email", true, CONTINUE_ON_FAILURE): Text 'Enter Email' is present on page  using regular expression

2024-01-14 16:45:51 - [MESSAGE][PASSED] - Text 'Enter Email' is present on page  using regular expression

2024-01-14 16:45:51 - [TEST_STEP][PASSED] - if (TaxType.equalsIgnoreCase("Estate Tax")): null

2024-01-14 16:45:51 - [TEST_STEP][PASSED] - resText = "Pass": null

2024-01-14 16:45:51 - [TEST_STEP][PASSED] - pages.WriteExcel.demoKey(resText, datText, resColumn, datCloumn, fileLoc, nameSheet, row): pages.WriteExcel.demoKey is PASSED

2024-01-14 16:45:52 - [MESSAGE][PASSED] - pages.WriteExcel.demoKey is PASSED

2024-01-14 16:45:52 - [TEST_STEP][PASSED] - ExecuteTC = findTestData(dataFile).getValue("Execute", row): null

2024-01-14 16:45:52 - [TEST_STEP][PASSED] - TaxType = findTestData(dataFile).getValue("TaxType", row): null

2024-01-14 16:45:52 - [TEST_STEP][PASSED] - PaymentType = findTestData(dataFile).getValue("PaymentType", row): null

2024-01-14 16:45:52 - [TEST_STEP][PASSED] - FilingYear = findTestData(dataFile).getValue("Year", row): null

2024-01-14 16:45:52 - [TEST_STEP][PASSED] - feinSSN = findTestData(dataFile).getValue("FeinSsn", row): null

2024-01-14 16:45:52 - [TEST_STEP][PASSED] - if (ExecuteTC.equalsIgnoreCase("Y")): pages.WriteExcel.demoKey is PASSED

2024-01-14 16:45:52 - [TEST_STEP][PASSED] - out.println("Begin Record Number: " + row): null

2024-01-14 16:45:52 - [TEST_STEP][PASSED] - today = new java.util.Date(): null

2024-01-14 16:45:52 - [TEST_STEP][PASSED] - println(today): null

2024-01-14 16:45:52 - [TEST_STEP][PASSED] - datText = today: null

2024-01-14 16:45:52 - [TEST_STEP][PASSED] - logInfo("Payment Type: New Tax Return Amount Due"): Payment Type: New Tax Return Amount Due

2024-01-14 16:45:52 - [MESSAGE][INFO] - Payment Type: New Tax Return Amount Due

2024-01-14 16:45:52 - [TEST_STEP][PASSED] - logInfo("Tax Type: " + TaxType): Tax Type: Admissions and Amusement Tax

2024-01-14 16:45:52 - [MESSAGE][INFO] - Tax Type: Admissions and Amusement Tax

2024-01-14 16:45:52 - [TEST_STEP][PASSED] - openBrowser(""): Browser is opened with url: ''

2024-01-14 16:45:52 - [MESSAGE][WARNING] - A browser is already opened. Closing browser and opening a new one

2024-01-14 16:45:53 - [MESSAGE][INFO] - Starting 'Chrome' driver

2024-01-14 16:45:53 - [MESSAGE][INFO] - User set preference: ['acceptInsecureCerts', 'true']

2024-01-14 16:45:53 - [MESSAGE][INFO] - Action delay is set to 0 milliseconds

2024-01-14 16:45:54 - [MESSAGE][PASSED] - Browser is opened with url: ''

2024-01-14 16:45:54 - [TEST_STEP][PASSED] - maximizeWindow(): Current window maximized

2024-01-14 16:45:55 - [MESSAGE][PASSED] - Current window maximized

2024-01-14 16:45:55 - [TEST_STEP][PASSED] - navigateToUrl(RADurl): Navigate to 'https://qa2.velocitypayment.com/client/rad/index.html' successfully

2024-01-14 16:45:55 - [MESSAGE][PASSED] - Navigate to 'https://qa2.velocitypayment.com/client/rad/index.html' successfully

2024-01-14 16:45:55 - [TEST_STEP][PASSED] - selectOptionByLabel(findTestObject(orPath_Landing + "/dd_TaxType"), "New Tax Return Amount Due", false): All options with label 'New Tax Return Amount Due' are selected in object 'Object Repository/RAD_Pages/Landing_Page/dd_TaxType' 

2024-01-14 16:45:57 - [MESSAGE][PASSED] - All options with label 'New Tax Return Amount Due' are selected in object 'Object Repository/RAD_Pages/Landing_Page/dd_TaxType' 

2024-01-14 16:45:57 - [TEST_STEP][PASSED] - selectOptionByLabel(findTestObject("Object Repository/RAD_Pages/Landing_Page/select_NewTaxReturnAmountDue_TaxType"), TaxType, false): All options with label 'Admissions and Amusement Tax' are selected in object 'Object Repository/RAD_Pages/Landing_Page/select_NewTaxReturnAmountDue_TaxType' 

2024-01-14 16:45:57 - [MESSAGE][PASSED] - All options with label 'Admissions and Amusement Tax' are selected in object 'Object Repository/RAD_Pages/Landing_Page/select_NewTaxReturnAmountDue_TaxType' 

2024-01-14 16:45:57 - [TEST_STEP][PASSED] - selectOptionByLabel(findTestObject(orPath_TaxTypeFilingYear + "/select_FilingYear"), FilingYear, false): All options with label '2023' are selected in object 'Object Repository/RAD_Pages/TaxTypeFilingYear_Page/select_FilingYear' 

2024-01-14 16:45:58 - [MESSAGE][PASSED] - All options with label '2023' are selected in object 'Object Repository/RAD_Pages/TaxTypeFilingYear_Page/select_FilingYear' 

2024-01-14 16:45:58 - [TEST_STEP][PASSED] - setText(findTestObject(orPath_TaxPayer + "/input_businessName"), " "): Text ' ' is set on object 'Object Repository/RAD_Pages/Taxpayer_Page/input_businessName'

2024-01-14 16:45:59 - [MESSAGE][PASSED] - Text ' ' is set on object 'Object Repository/RAD_Pages/Taxpayer_Page/input_businessName'

2024-01-14 16:45:59 - [TEST_STEP][PASSED] - setText(findTestObject(orPath_TaxPayer + "/input_BusinessRepfirstName"), " "): Text ' ' is set on object 'Object Repository/RAD_Pages/Taxpayer_Page/input_BusinessRepfirstName'

2024-01-14 16:46:00 - [MESSAGE][PASSED] - Text ' ' is set on object 'Object Repository/RAD_Pages/Taxpayer_Page/input_BusinessRepfirstName'

2024-01-14 16:46:00 - [TEST_STEP][PASSED] - setText(findTestObject(orPath_TaxPayer + "/input_BusinessReplastName"), " "): Text ' ' is set on object 'Object Repository/RAD_Pages/Taxpayer_Page/input_BusinessReplastName'

2024-01-14 16:46:00 - [MESSAGE][PASSED] - Text ' ' is set on object 'Object Repository/RAD_Pages/Taxpayer_Page/input_BusinessReplastName'

2024-01-14 16:46:00 - [TEST_STEP][PASSED] - setText(findTestObject(orPath_AddressContact + "/input_streetAddress1"), " "): Text ' ' is set on object 'Object Repository/RAD_Pages/AddressAndContactInfo_Page/input_streetAddress1'

2024-01-14 16:46:01 - [MESSAGE][PASSED] - Text ' ' is set on object 'Object Repository/RAD_Pages/AddressAndContactInfo_Page/input_streetAddress1'

2024-01-14 16:46:01 - [TEST_STEP][PASSED] - setText(findTestObject(orPath_AddressContact + "/input_city"), " "): Text ' ' is set on object 'Object Repository/RAD_Pages/AddressAndContactInfo_Page/input_city'

2024-01-14 16:46:02 - [MESSAGE][PASSED] - Text ' ' is set on object 'Object Repository/RAD_Pages/AddressAndContactInfo_Page/input_city'

2024-01-14 16:46:02 - [TEST_STEP][PASSED] - setText(findTestObject(orPath_AddressContact + "/input_zipCode"), " "): Text ' ' is set on object 'Object Repository/RAD_Pages/AddressAndContactInfo_Page/input_zipCode'

2024-01-14 16:46:02 - [MESSAGE][PASSED] - Text ' ' is set on object 'Object Repository/RAD_Pages/AddressAndContactInfo_Page/input_zipCode'

2024-01-14 16:46:02 - [TEST_STEP][PASSED] - setText(findTestObject(orPath_AddressContact + "/input_phoneNumber"), " "): Text ' ' is set on object 'Object Repository/RAD_Pages/AddressAndContactInfo_Page/input_phoneNumber'

2024-01-14 16:46:03 - [MESSAGE][PASSED] - Text ' ' is set on object 'Object Repository/RAD_Pages/AddressAndContactInfo_Page/input_phoneNumber'

2024-01-14 16:46:03 - [TEST_STEP][PASSED] - setText(findTestObject(orPath_AddressContact + "/input_eMailAddress"), " "): Text ' ' is set on object 'Object Repository/RAD_Pages/AddressAndContactInfo_Page/input_eMailAddress'

2024-01-14 16:46:04 - [MESSAGE][PASSED] - Text ' ' is set on object 'Object Repository/RAD_Pages/AddressAndContactInfo_Page/input_eMailAddress'

2024-01-14 16:46:04 - [TEST_STEP][PASSED] - setText(findTestObject(orPath_AddressContact + "/input_reEnterEMailAddress"), " "): Text ' ' is set on object 'Object Repository/RAD_Pages/AddressAndContactInfo_Page/input_reEnterEMailAddress'

2024-01-14 16:46:05 - [MESSAGE][PASSED] - Text ' ' is set on object 'Object Repository/RAD_Pages/AddressAndContactInfo_Page/input_reEnterEMailAddress'

2024-01-14 16:46:05 - [TEST_STEP][PASSED] - if (TaxType.equalsIgnoreCase("Estate Tax")): null

2024-01-14 16:46:05 - [TEST_STEP][PASSED] - resText = "Fail": null

2024-01-14 16:46:05 - [TEST_STEP][PASSED] - pages.WriteExcel.demoKey(resText, datText, resColumn, datCloumn, fileLoc, nameSheet, row): pages.WriteExcel.demoKey is PASSED

2024-01-14 16:46:05 - [MESSAGE][PASSED] - pages.WriteExcel.demoKey is PASSED

2024-01-14 16:46:05 - [TEST_STEP][PASSED] - verifyTextPresent("Enter business name", true, CONTINUE_ON_FAILURE): Text 'Enter business name' is present on page  using regular expression

2024-01-14 16:46:05 - [MESSAGE][PASSED] - Text 'Enter business name' is present on page  using regular expression

2024-01-14 16:46:05 - [TEST_STEP][PASSED] - verifyTextPresent("Enter business rep first name", true, CONTINUE_ON_FAILURE): Text 'Enter business rep first name' is present on page  using regular expression

2024-01-14 16:46:06 - [MESSAGE][PASSED] - Text 'Enter business rep first name' is present on page  using regular expression

2024-01-14 16:46:06 - [TEST_STEP][PASSED] - verifyTextPresent("Enter business rep last name", true, CONTINUE_ON_FAILURE): Text 'Enter business rep last name' is present on page  using regular expression

2024-01-14 16:46:06 - [MESSAGE][PASSED] - Text 'Enter business rep last name' is present on page  using regular expression

2024-01-14 16:46:06 - [TEST_STEP][PASSED] - verifyTextPresent("Enter address", true, CONTINUE_ON_FAILURE): Text 'Enter address' is present on page  using regular expression

2024-01-14 16:46:07 - [MESSAGE][PASSED] - Text 'Enter address' is present on page  using regular expression

2024-01-14 16:46:07 - [TEST_STEP][PASSED] - verifyTextPresent("Enter city", true, CONTINUE_ON_FAILURE): Text 'Enter city' is present on page  using regular expression

2024-01-14 16:46:07 - [MESSAGE][PASSED] - Text 'Enter city' is present on page  using regular expression

2024-01-14 16:46:07 - [TEST_STEP][PASSED] - verifyTextPresent("Enter ZIP code", true, CONTINUE_ON_FAILURE): Text 'Enter ZIP code' is present on page  using regular expression

2024-01-14 16:46:07 - [MESSAGE][PASSED] - Text 'Enter ZIP code' is present on page  using regular expression

2024-01-14 16:46:07 - [TEST_STEP][PASSED] - verifyTextPresent("Enter a valid phone number", true, CONTINUE_ON_FAILURE): Text 'Enter a valid phone number' is present on page  using regular expression

2024-01-14 16:46:08 - [MESSAGE][PASSED] - Text 'Enter a valid phone number' is present on page  using regular expression

2024-01-14 16:46:08 - [TEST_STEP][PASSED] - verifyTextPresent("Enter Email", true, CONTINUE_ON_FAILURE): Text 'Enter Email' is present on page  using regular expression

2024-01-14 16:46:08 - [MESSAGE][PASSED] - Text 'Enter Email' is present on page  using regular expression

2024-01-14 16:46:08 - [TEST_STEP][PASSED] - if (TaxType.equalsIgnoreCase("Estate Tax")): null

2024-01-14 16:46:08 - [TEST_STEP][PASSED] - resText = "Pass": null

2024-01-14 16:46:08 - [TEST_STEP][PASSED] - pages.WriteExcel.demoKey(resText, datText, resColumn, datCloumn, fileLoc, nameSheet, row): pages.WriteExcel.demoKey is PASSED

2024-01-14 16:46:08 - [MESSAGE][PASSED] - pages.WriteExcel.demoKey is PASSED

2024-01-14 16:46:08 - [TEST_STEP][PASSED] - ExecuteTC = findTestData(dataFile).getValue("Execute", row): null

2024-01-14 16:46:08 - [TEST_STEP][PASSED] - TaxType = findTestData(dataFile).getValue("TaxType", row): null

2024-01-14 16:46:08 - [TEST_STEP][PASSED] - PaymentType = findTestData(dataFile).getValue("PaymentType", row): null

2024-01-14 16:46:08 - [TEST_STEP][PASSED] - FilingYear = findTestData(dataFile).getValue("Year", row): null

2024-01-14 16:46:08 - [TEST_STEP][PASSED] - feinSSN = findTestData(dataFile).getValue("FeinSsn", row): null

2024-01-14 16:46:08 - [TEST_STEP][PASSED] - if (ExecuteTC.equalsIgnoreCase("Y")): pages.WriteExcel.demoKey is PASSED

2024-01-14 16:46:08 - [TEST_STEP][PASSED] - out.println("Begin Record Number: " + row): null

2024-01-14 16:46:08 - [TEST_STEP][PASSED] - today = new java.util.Date(): null

2024-01-14 16:46:08 - [TEST_STEP][PASSED] - println(today): null

2024-01-14 16:46:08 - [TEST_STEP][PASSED] - datText = today: null

2024-01-14 16:46:08 - [TEST_STEP][PASSED] - logInfo("Payment Type: New Tax Return Amount Due"): Payment Type: New Tax Return Amount Due

2024-01-14 16:46:08 - [MESSAGE][INFO] - Payment Type: New Tax Return Amount Due

2024-01-14 16:46:08 - [TEST_STEP][PASSED] - logInfo("Tax Type: " + TaxType): Tax Type: Alcohol Tax

2024-01-14 16:46:08 - [MESSAGE][INFO] - Tax Type: Alcohol Tax

2024-01-14 16:46:08 - [TEST_STEP][PASSED] - openBrowser(""): Browser is opened with url: ''

2024-01-14 16:46:08 - [MESSAGE][WARNING] - A browser is already opened. Closing browser and opening a new one

2024-01-14 16:46:09 - [MESSAGE][INFO] - Starting 'Chrome' driver

2024-01-14 16:46:09 - [MESSAGE][INFO] - User set preference: ['acceptInsecureCerts', 'true']

2024-01-14 16:46:09 - [MESSAGE][INFO] - Action delay is set to 0 milliseconds

2024-01-14 16:46:11 - [MESSAGE][PASSED] - Browser is opened with url: ''

2024-01-14 16:46:11 - [TEST_STEP][PASSED] - maximizeWindow(): Current window maximized

2024-01-14 16:46:11 - [MESSAGE][PASSED] - Current window maximized

2024-01-14 16:46:11 - [TEST_STEP][PASSED] - navigateToUrl(RADurl): Navigate to 'https://qa2.velocitypayment.com/client/rad/index.html' successfully

2024-01-14 16:46:13 - [MESSAGE][PASSED] - Navigate to 'https://qa2.velocitypayment.com/client/rad/index.html' successfully

2024-01-14 16:46:13 - [TEST_STEP][PASSED] - selectOptionByLabel(findTestObject(orPath_Landing + "/dd_TaxType"), "New Tax Return Amount Due", false): All options with label 'New Tax Return Amount Due' are selected in object 'Object Repository/RAD_Pages/Landing_Page/dd_TaxType' 

2024-01-14 16:46:14 - [MESSAGE][PASSED] - All options with label 'New Tax Return Amount Due' are selected in object 'Object Repository/RAD_Pages/Landing_Page/dd_TaxType' 

2024-01-14 16:46:14 - [TEST_STEP][PASSED] - selectOptionByLabel(findTestObject("Object Repository/RAD_Pages/Landing_Page/select_NewTaxReturnAmountDue_TaxType"), TaxType, false): All options with label 'Alcohol Tax' are selected in object 'Object Repository/RAD_Pages/Landing_Page/select_NewTaxReturnAmountDue_TaxType' 

2024-01-14 16:46:14 - [MESSAGE][PASSED] - All options with label 'Alcohol Tax' are selected in object 'Object Repository/RAD_Pages/Landing_Page/select_NewTaxReturnAmountDue_TaxType' 

2024-01-14 16:46:14 - [TEST_STEP][PASSED] - selectOptionByLabel(findTestObject(orPath_TaxTypeFilingYear + "/select_FilingYear"), FilingYear, false): All options with label '2023' are selected in object 'Object Repository/RAD_Pages/TaxTypeFilingYear_Page/select_FilingYear' 

2024-01-14 16:46:15 - [MESSAGE][PASSED] - All options with label '2023' are selected in object 'Object Repository/RAD_Pages/TaxTypeFilingYear_Page/select_FilingYear' 

2024-01-14 16:46:15 - [TEST_STEP][PASSED] - setText(findTestObject(orPath_TaxPayer + "/input_businessName"), " "): Text ' ' is set on object 'Object Repository/RAD_Pages/Taxpayer_Page/input_businessName'

2024-01-14 16:46:16 - [MESSAGE][PASSED] - Text ' ' is set on object 'Object Repository/RAD_Pages/Taxpayer_Page/input_businessName'

2024-01-14 16:46:16 - [TEST_STEP][PASSED] - setText(findTestObject(orPath_TaxPayer + "/input_BusinessRepfirstName"), " "): Text ' ' is set on object 'Object Repository/RAD_Pages/Taxpayer_Page/input_BusinessRepfirstName'

2024-01-14 16:46:16 - [MESSAGE][PASSED] - Text ' ' is set on object 'Object Repository/RAD_Pages/Taxpayer_Page/input_BusinessRepfirstName'

2024-01-14 16:46:16 - [TEST_STEP][PASSED] - setText(findTestObject(orPath_TaxPayer + "/input_BusinessReplastName"), " "): Text ' ' is set on object 'Object Repository/RAD_Pages/Taxpayer_Page/input_BusinessReplastName'

2024-01-14 16:46:17 - [MESSAGE][PASSED] - Text ' ' is set on object 'Object Repository/RAD_Pages/Taxpayer_Page/input_BusinessReplastName'

2024-01-14 16:46:17 - [TEST_STEP][PASSED] - setText(findTestObject(orPath_AddressContact + "/input_streetAddress1"), " "): Text ' ' is set on object 'Object Repository/RAD_Pages/AddressAndContactInfo_Page/input_streetAddress1'

2024-01-14 16:46:18 - [MESSAGE][PASSED] - Text ' ' is set on object 'Object Repository/RAD_Pages/AddressAndContactInfo_Page/input_streetAddress1'

2024-01-14 16:46:18 - [TEST_STEP][PASSED] - setText(findTestObject(orPath_AddressContact + "/input_city"), " "): Text ' ' is set on object 'Object Repository/RAD_Pages/AddressAndContactInfo_Page/input_city'

2024-01-14 16:46:18 - [MESSAGE][PASSED] - Text ' ' is set on object 'Object Repository/RAD_Pages/AddressAndContactInfo_Page/input_city'

2024-01-14 16:46:18 - [TEST_STEP][PASSED] - setText(findTestObject(orPath_AddressContact + "/input_zipCode"), " "): Text ' ' is set on object 'Object Repository/RAD_Pages/AddressAndContactInfo_Page/input_zipCode'

2024-01-14 16:46:19 - [MESSAGE][PASSED] - Text ' ' is set on object 'Object Repository/RAD_Pages/AddressAndContactInfo_Page/input_zipCode'

2024-01-14 16:46:19 - [TEST_STEP][PASSED] - setText(findTestObject(orPath_AddressContact + "/input_phoneNumber"), " "): Text ' ' is set on object 'Object Repository/RAD_Pages/AddressAndContactInfo_Page/input_phoneNumber'

2024-01-14 16:46:20 - [MESSAGE][PASSED] - Text ' ' is set on object 'Object Repository/RAD_Pages/AddressAndContactInfo_Page/input_phoneNumber'

2024-01-14 16:46:20 - [TEST_STEP][PASSED] - setText(findTestObject(orPath_AddressContact + "/input_eMailAddress"), " "): Text ' ' is set on object 'Object Repository/RAD_Pages/AddressAndContactInfo_Page/input_eMailAddress'

2024-01-14 16:46:21 - [MESSAGE][PASSED] - Text ' ' is set on object 'Object Repository/RAD_Pages/AddressAndContactInfo_Page/input_eMailAddress'

2024-01-14 16:46:21 - [TEST_STEP][PASSED] - setText(findTestObject(orPath_AddressContact + "/input_reEnterEMailAddress"), " "): Text ' ' is set on object 'Object Repository/RAD_Pages/AddressAndContactInfo_Page/input_reEnterEMailAddress'

2024-01-14 16:46:21 - [MESSAGE][PASSED] - Text ' ' is set on object 'Object Repository/RAD_Pages/AddressAndContactInfo_Page/input_reEnterEMailAddress'

2024-01-14 16:46:21 - [TEST_STEP][PASSED] - if (TaxType.equalsIgnoreCase("Estate Tax")): null

2024-01-14 16:46:21 - [TEST_STEP][PASSED] - resText = "Fail": null

2024-01-14 16:46:21 - [TEST_STEP][PASSED] - pages.WriteExcel.demoKey(resText, datText, resColumn, datCloumn, fileLoc, nameSheet, row): pages.WriteExcel.demoKey is PASSED

2024-01-14 16:46:22 - [MESSAGE][PASSED] - pages.WriteExcel.demoKey is PASSED

2024-01-14 16:46:22 - [TEST_STEP][PASSED] - verifyTextPresent("Enter business name", true, CONTINUE_ON_FAILURE): Text 'Enter business name' is present on page  using regular expression

2024-01-14 16:46:22 - [MESSAGE][PASSED] - Text 'Enter business name' is present on page  using regular expression

2024-01-14 16:46:22 - [TEST_STEP][PASSED] - verifyTextPresent("Enter business rep first name", true, CONTINUE_ON_FAILURE): Text 'Enter business rep first name' is present on page  using regular expression

2024-01-14 16:46:22 - [MESSAGE][PASSED] - Text 'Enter business rep first name' is present on page  using regular expression

2024-01-14 16:46:22 - [TEST_STEP][PASSED] - verifyTextPresent("Enter business rep last name", true, CONTINUE_ON_FAILURE): Text 'Enter business rep last name' is present on page  using regular expression

2024-01-14 16:46:23 - [MESSAGE][PASSED] - Text 'Enter business rep last name' is present on page  using regular expression

2024-01-14 16:46:23 - [TEST_STEP][PASSED] - verifyTextPresent("Enter address", true, CONTINUE_ON_FAILURE): Text 'Enter address' is present on page  using regular expression

2024-01-14 16:46:23 - [MESSAGE][PASSED] - Text 'Enter address' is present on page  using regular expression

2024-01-14 16:46:23 - [TEST_STEP][PASSED] - verifyTextPresent("Enter city", true, CONTINUE_ON_FAILURE): Text 'Enter city' is present on page  using regular expression

2024-01-14 16:46:23 - [MESSAGE][PASSED] - Text 'Enter city' is present on page  using regular expression

2024-01-14 16:46:23 - [TEST_STEP][PASSED] - verifyTextPresent("Enter ZIP code", true, CONTINUE_ON_FAILURE): Text 'Enter ZIP code' is present on page  using regular expression

2024-01-14 16:46:24 - [MESSAGE][PASSED] - Text 'Enter ZIP code' is present on page  using regular expression

2024-01-14 16:46:24 - [TEST_STEP][PASSED] - verifyTextPresent("Enter a valid phone number", true, CONTINUE_ON_FAILURE): Text 'Enter a valid phone number' is present on page  using regular expression

2024-01-14 16:46:24 - [MESSAGE][PASSED] - Text 'Enter a valid phone number' is present on page  using regular expression

2024-01-14 16:46:24 - [TEST_STEP][PASSED] - verifyTextPresent("Enter Email", true, CONTINUE_ON_FAILURE): Text 'Enter Email' is present on page  using regular expression

2024-01-14 16:46:25 - [MESSAGE][PASSED] - Text 'Enter Email' is present on page  using regular expression

2024-01-14 16:46:25 - [TEST_STEP][PASSED] - if (TaxType.equalsIgnoreCase("Estate Tax")): null

2024-01-14 16:46:25 - [TEST_STEP][PASSED] - resText = "Pass": null

2024-01-14 16:46:25 - [TEST_STEP][PASSED] - pages.WriteExcel.demoKey(resText, datText, resColumn, datCloumn, fileLoc, nameSheet, row): pages.WriteExcel.demoKey is PASSED

2024-01-14 16:46:25 - [MESSAGE][PASSED] - pages.WriteExcel.demoKey is PASSED

2024-01-14 16:46:25 - [TEST_STEP][PASSED] - ExecuteTC = findTestData(dataFile).getValue("Execute", row): null

2024-01-14 16:46:25 - [TEST_STEP][PASSED] - TaxType = findTestData(dataFile).getValue("TaxType", row): null

2024-01-14 16:46:25 - [TEST_STEP][PASSED] - PaymentType = findTestData(dataFile).getValue("PaymentType", row): null

2024-01-14 16:46:25 - [TEST_STEP][PASSED] - FilingYear = findTestData(dataFile).getValue("Year", row): null

2024-01-14 16:46:25 - [TEST_STEP][PASSED] - feinSSN = findTestData(dataFile).getValue("FeinSsn", row): null

2024-01-14 16:46:25 - [TEST_STEP][PASSED] - if (ExecuteTC.equalsIgnoreCase("Y")): pages.WriteExcel.demoKey is PASSED

2024-01-14 16:46:25 - [TEST_STEP][PASSED] - out.println("Begin Record Number: " + row): null

2024-01-14 16:46:25 - [TEST_STEP][PASSED] - today = new java.util.Date(): null

2024-01-14 16:46:25 - [TEST_STEP][PASSED] - println(today): null

2024-01-14 16:46:25 - [TEST_STEP][PASSED] - datText = today: null

2024-01-14 16:46:25 - [TEST_STEP][PASSED] - logInfo("Payment Type: New Tax Return Amount Due"): Payment Type: New Tax Return Amount Due

2024-01-14 16:46:25 - [MESSAGE][INFO] - Payment Type: New Tax Return Amount Due

2024-01-14 16:46:25 - [TEST_STEP][PASSED] - logInfo("Tax Type: " + TaxType): Tax Type: Bay Restoration Fee

2024-01-14 16:46:25 - [MESSAGE][INFO] - Tax Type: Bay Restoration Fee

2024-01-14 16:46:25 - [TEST_STEP][PASSED] - openBrowser(""): Browser is opened with url: ''

2024-01-14 16:46:25 - [MESSAGE][WARNING] - A browser is already opened. Closing browser and opening a new one

2024-01-14 16:46:26 - [MESSAGE][INFO] - Starting 'Chrome' driver

2024-01-14 16:46:26 - [MESSAGE][INFO] - User set preference: ['acceptInsecureCerts', 'true']

2024-01-14 16:46:26 - [MESSAGE][INFO] - Action delay is set to 0 milliseconds

2024-01-14 16:46:27 - [MESSAGE][PASSED] - Browser is opened with url: ''

2024-01-14 16:46:27 - [TEST_STEP][PASSED] - maximizeWindow(): Current window maximized

2024-01-14 16:46:28 - [MESSAGE][PASSED] - Current window maximized

2024-01-14 16:46:28 - [TEST_STEP][PASSED] - navigateToUrl(RADurl): Navigate to 'https://qa2.velocitypayment.com/client/rad/index.html' successfully

2024-01-14 16:46:28 - [MESSAGE][PASSED] - Navigate to 'https://qa2.velocitypayment.com/client/rad/index.html' successfully

2024-01-14 16:46:28 - [TEST_STEP][PASSED] - selectOptionByLabel(findTestObject(orPath_Landing + "/dd_TaxType"), "New Tax Return Amount Due", false): All options with label 'New Tax Return Amount Due' are selected in object 'Object Repository/RAD_Pages/Landing_Page/dd_TaxType' 

2024-01-14 16:46:30 - [MESSAGE][PASSED] - All options with label 'New Tax Return Amount Due' are selected in object 'Object Repository/RAD_Pages/Landing_Page/dd_TaxType' 

2024-01-14 16:46:30 - [TEST_STEP][PASSED] - selectOptionByLabel(findTestObject("Object Repository/RAD_Pages/Landing_Page/select_NewTaxReturnAmountDue_TaxType"), TaxType, false): All options with label 'Bay Restoration Fee' are selected in object 'Object Repository/RAD_Pages/Landing_Page/select_NewTaxReturnAmountDue_TaxType' 

2024-01-14 16:46:31 - [MESSAGE][PASSED] - All options with label 'Bay Restoration Fee' are selected in object 'Object Repository/RAD_Pages/Landing_Page/select_NewTaxReturnAmountDue_TaxType' 

2024-01-14 16:46:31 - [TEST_STEP][PASSED] - selectOptionByLabel(findTestObject(orPath_TaxTypeFilingYear + "/select_FilingYear"), FilingYear, false): All options with label '2023' are selected in object 'Object Repository/RAD_Pages/TaxTypeFilingYear_Page/select_FilingYear' 

2024-01-14 16:46:31 - [MESSAGE][PASSED] - All options with label '2023' are selected in object 'Object Repository/RAD_Pages/TaxTypeFilingYear_Page/select_FilingYear' 

2024-01-14 16:46:31 - [TEST_STEP][PASSED] - setText(findTestObject(orPath_TaxPayer + "/input_businessName"), " "): Text ' ' is set on object 'Object Repository/RAD_Pages/Taxpayer_Page/input_businessName'

2024-01-14 16:46:32 - [MESSAGE][PASSED] - Text ' ' is set on object 'Object Repository/RAD_Pages/Taxpayer_Page/input_businessName'

2024-01-14 16:46:32 - [TEST_STEP][PASSED] - setText(findTestObject(orPath_TaxPayer + "/input_BusinessRepfirstName"), " "): Text ' ' is set on object 'Object Repository/RAD_Pages/Taxpayer_Page/input_BusinessRepfirstName'

2024-01-14 16:46:33 - [MESSAGE][PASSED] - Text ' ' is set on object 'Object Repository/RAD_Pages/Taxpayer_Page/input_BusinessRepfirstName'

2024-01-14 16:46:33 - [TEST_STEP][PASSED] - setText(findTestObject(orPath_TaxPayer + "/input_BusinessReplastName"), " "): Text ' ' is set on object 'Object Repository/RAD_Pages/Taxpayer_Page/input_BusinessReplastName'

2024-01-14 16:46:33 - [MESSAGE][PASSED] - Text ' ' is set on object 'Object Repository/RAD_Pages/Taxpayer_Page/input_BusinessReplastName'

2024-01-14 16:46:33 - [TEST_STEP][PASSED] - setText(findTestObject(orPath_AddressContact + "/input_streetAddress1"), " "): Text ' ' is set on object 'Object Repository/RAD_Pages/AddressAndContactInfo_Page/input_streetAddress1'

2024-01-14 16:46:34 - [MESSAGE][PASSED] - Text ' ' is set on object 'Object Repository/RAD_Pages/AddressAndContactInfo_Page/input_streetAddress1'

2024-01-14 16:46:34 - [TEST_STEP][PASSED] - setText(findTestObject(orPath_AddressContact + "/input_city"), " "): Text ' ' is set on object 'Object Repository/RAD_Pages/AddressAndContactInfo_Page/input_city'

2024-01-14 16:46:35 - [MESSAGE][PASSED] - Text ' ' is set on object 'Object Repository/RAD_Pages/AddressAndContactInfo_Page/input_city'

2024-01-14 16:46:35 - [TEST_STEP][PASSED] - setText(findTestObject(orPath_AddressContact + "/input_zipCode"), " "): Text ' ' is set on object 'Object Repository/RAD_Pages/AddressAndContactInfo_Page/input_zipCode'

2024-01-14 16:46:35 - [MESSAGE][PASSED] - Text ' ' is set on object 'Object Repository/RAD_Pages/AddressAndContactInfo_Page/input_zipCode'

2024-01-14 16:46:35 - [TEST_STEP][PASSED] - setText(findTestObject(orPath_AddressContact + "/input_phoneNumber"), " "): Text ' ' is set on object 'Object Repository/RAD_Pages/AddressAndContactInfo_Page/input_phoneNumber'

2024-01-14 16:46:36 - [MESSAGE][PASSED] - Text ' ' is set on object 'Object Repository/RAD_Pages/AddressAndContactInfo_Page/input_phoneNumber'

2024-01-14 16:46:36 - [TEST_STEP][PASSED] - setText(findTestObject(orPath_AddressContact + "/input_eMailAddress"), " "): Text ' ' is set on object 'Object Repository/RAD_Pages/AddressAndContactInfo_Page/input_eMailAddress'

2024-01-14 16:46:37 - [MESSAGE][PASSED] - Text ' ' is set on object 'Object Repository/RAD_Pages/AddressAndContactInfo_Page/input_eMailAddress'

2024-01-14 16:46:37 - [TEST_STEP][PASSED] - setText(findTestObject(orPath_AddressContact + "/input_reEnterEMailAddress"), " "): Text ' ' is set on object 'Object Repository/RAD_Pages/AddressAndContactInfo_Page/input_reEnterEMailAddress'

2024-01-14 16:46:38 - [MESSAGE][PASSED] - Text ' ' is set on object 'Object Repository/RAD_Pages/AddressAndContactInfo_Page/input_reEnterEMailAddress'

2024-01-14 16:46:38 - [TEST_STEP][PASSED] - if (TaxType.equalsIgnoreCase("Estate Tax")): null

2024-01-14 16:46:38 - [TEST_STEP][PASSED] - resText = "Fail": null

2024-01-14 16:46:38 - [TEST_STEP][PASSED] - pages.WriteExcel.demoKey(resText, datText, resColumn, datCloumn, fileLoc, nameSheet, row): pages.WriteExcel.demoKey is PASSED

2024-01-14 16:46:38 - [MESSAGE][PASSED] - pages.WriteExcel.demoKey is PASSED

2024-01-14 16:46:38 - [TEST_STEP][PASSED] - verifyTextPresent("Enter business name", true, CONTINUE_ON_FAILURE): Text 'Enter business name' is present on page  using regular expression

2024-01-14 16:46:38 - [MESSAGE][PASSED] - Text 'Enter business name' is present on page  using regular expression

2024-01-14 16:46:38 - [TEST_STEP][PASSED] - verifyTextPresent("Enter business rep first name", true, CONTINUE_ON_FAILURE): Text 'Enter business rep first name' is present on page  using regular expression

2024-01-14 16:46:39 - [MESSAGE][PASSED] - Text 'Enter business rep first name' is present on page  using regular expression

2024-01-14 16:46:39 - [TEST_STEP][PASSED] - verifyTextPresent("Enter business rep last name", true, CONTINUE_ON_FAILURE): Text 'Enter business rep last name' is present on page  using regular expression

2024-01-14 16:46:39 - [MESSAGE][PASSED] - Text 'Enter business rep last name' is present on page  using regular expression

2024-01-14 16:46:39 - [TEST_STEP][PASSED] - verifyTextPresent("Enter address", true, CONTINUE_ON_FAILURE): Text 'Enter address' is present on page  using regular expression

2024-01-14 16:46:39 - [MESSAGE][PASSED] - Text 'Enter address' is present on page  using regular expression

2024-01-14 16:46:39 - [TEST_STEP][PASSED] - verifyTextPresent("Enter city", true, CONTINUE_ON_FAILURE): Text 'Enter city' is present on page  using regular expression

2024-01-14 16:46:40 - [MESSAGE][PASSED] - Text 'Enter city' is present on page  using regular expression

2024-01-14 16:46:40 - [TEST_STEP][PASSED] - verifyTextPresent("Enter ZIP code", true, CONTINUE_ON_FAILURE): Text 'Enter ZIP code' is present on page  using regular expression

2024-01-14 16:46:40 - [MESSAGE][PASSED] - Text 'Enter ZIP code' is present on page  using regular expression

2024-01-14 16:46:40 - [TEST_STEP][PASSED] - verifyTextPresent("Enter a valid phone number", true, CONTINUE_ON_FAILURE): Text 'Enter a valid phone number' is present on page  using regular expression

2024-01-14 16:46:40 - [MESSAGE][PASSED] - Text 'Enter a valid phone number' is present on page  using regular expression

2024-01-14 16:46:40 - [TEST_STEP][PASSED] - verifyTextPresent("Enter Email", true, CONTINUE_ON_FAILURE): Text 'Enter Email' is present on page  using regular expression

2024-01-14 16:46:41 - [MESSAGE][PASSED] - Text 'Enter Email' is present on page  using regular expression

2024-01-14 16:46:41 - [TEST_STEP][PASSED] - if (TaxType.equalsIgnoreCase("Estate Tax")): null

2024-01-14 16:46:41 - [TEST_STEP][PASSED] - resText = "Pass": null

2024-01-14 16:46:41 - [TEST_STEP][PASSED] - pages.WriteExcel.demoKey(resText, datText, resColumn, datCloumn, fileLoc, nameSheet, row): pages.WriteExcel.demoKey is PASSED

2024-01-14 16:46:41 - [MESSAGE][PASSED] - pages.WriteExcel.demoKey is PASSED

2024-01-14 16:46:41 - [TEST_STEP][PASSED] - ExecuteTC = findTestData(dataFile).getValue("Execute", row): null

2024-01-14 16:46:41 - [TEST_STEP][PASSED] - TaxType = findTestData(dataFile).getValue("TaxType", row): null

2024-01-14 16:46:41 - [TEST_STEP][PASSED] - PaymentType = findTestData(dataFile).getValue("PaymentType", row): null

2024-01-14 16:46:41 - [TEST_STEP][PASSED] - FilingYear = findTestData(dataFile).getValue("Year", row): null

2024-01-14 16:46:41 - [TEST_STEP][PASSED] - feinSSN = findTestData(dataFile).getValue("FeinSsn", row): null

2024-01-14 16:46:41 - [TEST_STEP][PASSED] - if (ExecuteTC.equalsIgnoreCase("Y")): pages.WriteExcel.demoKey is PASSED

2024-01-14 16:46:41 - [TEST_STEP][PASSED] - out.println("Begin Record Number: " + row): null

2024-01-14 16:46:41 - [TEST_STEP][PASSED] - today = new java.util.Date(): null

2024-01-14 16:46:41 - [TEST_STEP][PASSED] - println(today): null

2024-01-14 16:46:41 - [TEST_STEP][PASSED] - datText = today: null

2024-01-14 16:46:41 - [TEST_STEP][PASSED] - logInfo("Payment Type: New Tax Return Amount Due"): Payment Type: New Tax Return Amount Due

2024-01-14 16:46:41 - [MESSAGE][INFO] - Payment Type: New Tax Return Amount Due

2024-01-14 16:46:41 - [TEST_STEP][PASSED] - logInfo("Tax Type: " + TaxType): Tax Type: Corporate Income Tax

2024-01-14 16:46:41 - [MESSAGE][INFO] - Tax Type: Corporate Income Tax

2024-01-14 16:46:41 - [TEST_STEP][PASSED] - openBrowser(""): Browser is opened with url: ''

2024-01-14 16:46:41 - [MESSAGE][WARNING] - A browser is already opened. Closing browser and opening a new one

2024-01-14 16:46:42 - [MESSAGE][INFO] - Starting 'Chrome' driver

2024-01-14 16:46:42 - [MESSAGE][INFO] - User set preference: ['acceptInsecureCerts', 'true']

2024-01-14 16:46:42 - [MESSAGE][INFO] - Action delay is set to 0 milliseconds

2024-01-14 16:46:44 - [MESSAGE][PASSED] - Browser is opened with url: ''

2024-01-14 16:46:44 - [TEST_STEP][PASSED] - maximizeWindow(): Current window maximized

2024-01-14 16:46:44 - [MESSAGE][PASSED] - Current window maximized

2024-01-14 16:46:44 - [TEST_STEP][PASSED] - navigateToUrl(RADurl): Navigate to 'https://qa2.velocitypayment.com/client/rad/index.html' successfully

2024-01-14 16:46:45 - [MESSAGE][PASSED] - Navigate to 'https://qa2.velocitypayment.com/client/rad/index.html' successfully

2024-01-14 16:46:45 - [TEST_STEP][PASSED] - selectOptionByLabel(findTestObject(orPath_Landing + "/dd_TaxType"), "New Tax Return Amount Due", false): All options with label 'New Tax Return Amount Due' are selected in object 'Object Repository/RAD_Pages/Landing_Page/dd_TaxType' 

2024-01-14 16:46:46 - [MESSAGE][PASSED] - All options with label 'New Tax Return Amount Due' are selected in object 'Object Repository/RAD_Pages/Landing_Page/dd_TaxType' 

2024-01-14 16:46:46 - [TEST_STEP][PASSED] - selectOptionByLabel(findTestObject("Object Repository/RAD_Pages/Landing_Page/select_NewTaxReturnAmountDue_TaxType"), TaxType, false): All options with label 'Corporate Income Tax' are selected in object 'Object Repository/RAD_Pages/Landing_Page/select_NewTaxReturnAmountDue_TaxType' 

2024-01-14 16:46:47 - [MESSAGE][PASSED] - All options with label 'Corporate Income Tax' are selected in object 'Object Repository/RAD_Pages/Landing_Page/select_NewTaxReturnAmountDue_TaxType' 

2024-01-14 16:46:47 - [TEST_STEP][PASSED] - selectOptionByLabel(findTestObject(orPath_TaxTypeFilingYear + "/select_FilingYear"), FilingYear, false): All options with label '2023' are selected in object 'Object Repository/RAD_Pages/TaxTypeFilingYear_Page/select_FilingYear' 

2024-01-14 16:46:48 - [MESSAGE][PASSED] - All options with label '2023' are selected in object 'Object Repository/RAD_Pages/TaxTypeFilingYear_Page/select_FilingYear' 

2024-01-14 16:46:48 - [TEST_STEP][PASSED] - setText(findTestObject(orPath_TaxPayer + "/input_businessName"), " "): Text ' ' is set on object 'Object Repository/RAD_Pages/Taxpayer_Page/input_businessName'

2024-01-14 16:46:48 - [MESSAGE][PASSED] - Text ' ' is set on object 'Object Repository/RAD_Pages/Taxpayer_Page/input_businessName'

2024-01-14 16:46:48 - [TEST_STEP][PASSED] - setText(findTestObject(orPath_TaxPayer + "/input_BusinessRepfirstName"), " "): Text ' ' is set on object 'Object Repository/RAD_Pages/Taxpayer_Page/input_BusinessRepfirstName'

2024-01-14 16:46:49 - [MESSAGE][PASSED] - Text ' ' is set on object 'Object Repository/RAD_Pages/Taxpayer_Page/input_BusinessRepfirstName'

2024-01-14 16:46:49 - [TEST_STEP][PASSED] - setText(findTestObject(orPath_TaxPayer + "/input_BusinessReplastName"), " "): Text ' ' is set on object 'Object Repository/RAD_Pages/Taxpayer_Page/input_BusinessReplastName'

2024-01-14 16:46:50 - [MESSAGE][PASSED] - Text ' ' is set on object 'Object Repository/RAD_Pages/Taxpayer_Page/input_BusinessReplastName'

2024-01-14 16:46:50 - [TEST_STEP][PASSED] - setText(findTestObject(orPath_AddressContact + "/input_streetAddress1"), " "): Text ' ' is set on object 'Object Repository/RAD_Pages/AddressAndContactInfo_Page/input_streetAddress1'

2024-01-14 16:46:50 - [MESSAGE][PASSED] - Text ' ' is set on object 'Object Repository/RAD_Pages/AddressAndContactInfo_Page/input_streetAddress1'

2024-01-14 16:46:50 - [TEST_STEP][PASSED] - setText(findTestObject(orPath_AddressContact + "/input_city"), " "): Text ' ' is set on object 'Object Repository/RAD_Pages/AddressAndContactInfo_Page/input_city'

2024-01-14 16:46:51 - [MESSAGE][PASSED] - Text ' ' is set on object 'Object Repository/RAD_Pages/AddressAndContactInfo_Page/input_city'

2024-01-14 16:46:51 - [TEST_STEP][PASSED] - setText(findTestObject(orPath_AddressContact + "/input_zipCode"), " "): Text ' ' is set on object 'Object Repository/RAD_Pages/AddressAndContactInfo_Page/input_zipCode'

2024-01-14 16:46:52 - [MESSAGE][PASSED] - Text ' ' is set on object 'Object Repository/RAD_Pages/AddressAndContactInfo_Page/input_zipCode'

2024-01-14 16:46:52 - [TEST_STEP][PASSED] - setText(findTestObject(orPath_AddressContact + "/input_phoneNumber"), " "): Text ' ' is set on object 'Object Repository/RAD_Pages/AddressAndContactInfo_Page/input_phoneNumber'

2024-01-14 16:46:53 - [MESSAGE][PASSED] - Text ' ' is set on object 'Object Repository/RAD_Pages/AddressAndContactInfo_Page/input_phoneNumber'

2024-01-14 16:46:53 - [TEST_STEP][PASSED] - setText(findTestObject(orPath_AddressContact + "/input_eMailAddress"), " "): Text ' ' is set on object 'Object Repository/RAD_Pages/AddressAndContactInfo_Page/input_eMailAddress'

2024-01-14 16:46:53 - [MESSAGE][PASSED] - Text ' ' is set on object 'Object Repository/RAD_Pages/AddressAndContactInfo_Page/input_eMailAddress'

2024-01-14 16:46:53 - [TEST_STEP][PASSED] - setText(findTestObject(orPath_AddressContact + "/input_reEnterEMailAddress"), " "): Text ' ' is set on object 'Object Repository/RAD_Pages/AddressAndContactInfo_Page/input_reEnterEMailAddress'

2024-01-14 16:46:54 - [MESSAGE][PASSED] - Text ' ' is set on object 'Object Repository/RAD_Pages/AddressAndContactInfo_Page/input_reEnterEMailAddress'

2024-01-14 16:46:54 - [TEST_STEP][PASSED] - if (TaxType.equalsIgnoreCase("Estate Tax")): null

2024-01-14 16:46:54 - [TEST_STEP][PASSED] - resText = "Fail": null

2024-01-14 16:46:54 - [TEST_STEP][PASSED] - pages.WriteExcel.demoKey(resText, datText, resColumn, datCloumn, fileLoc, nameSheet, row): pages.WriteExcel.demoKey is PASSED

2024-01-14 16:46:54 - [MESSAGE][PASSED] - pages.WriteExcel.demoKey is PASSED

2024-01-14 16:46:54 - [TEST_STEP][PASSED] - verifyTextPresent("Enter business name", true, CONTINUE_ON_FAILURE): Text 'Enter business name' is present on page  using regular expression

2024-01-14 16:46:55 - [MESSAGE][PASSED] - Text 'Enter business name' is present on page  using regular expression

2024-01-14 16:46:55 - [TEST_STEP][PASSED] - verifyTextPresent("Enter business rep first name", true, CONTINUE_ON_FAILURE): Text 'Enter business rep first name' is present on page  using regular expression

2024-01-14 16:46:55 - [MESSAGE][PASSED] - Text 'Enter business rep first name' is present on page  using regular expression

2024-01-14 16:46:55 - [TEST_STEP][PASSED] - verifyTextPresent("Enter business rep last name", true, CONTINUE_ON_FAILURE): Text 'Enter business rep last name' is present on page  using regular expression

2024-01-14 16:46:55 - [MESSAGE][PASSED] - Text 'Enter business rep last name' is present on page  using regular expression

2024-01-14 16:46:55 - [TEST_STEP][PASSED] - verifyTextPresent("Enter address", true, CONTINUE_ON_FAILURE): Text 'Enter address' is present on page  using regular expression

2024-01-14 16:46:56 - [MESSAGE][PASSED] - Text 'Enter address' is present on page  using regular expression

2024-01-14 16:46:56 - [TEST_STEP][PASSED] - verifyTextPresent("Enter city", true, CONTINUE_ON_FAILURE): Text 'Enter city' is present on page  using regular expression

2024-01-14 16:46:56 - [MESSAGE][PASSED] - Text 'Enter city' is present on page  using regular expression

2024-01-14 16:46:56 - [TEST_STEP][PASSED] - verifyTextPresent("Enter ZIP code", true, CONTINUE_ON_FAILURE): Text 'Enter ZIP code' is present on page  using regular expression

2024-01-14 16:46:57 - [MESSAGE][PASSED] - Text 'Enter ZIP code' is present on page  using regular expression

2024-01-14 16:46:57 - [TEST_STEP][PASSED] - verifyTextPresent("Enter a valid phone number", true, CONTINUE_ON_FAILURE): Text 'Enter a valid phone number' is present on page  using regular expression

2024-01-14 16:46:57 - [MESSAGE][PASSED] - Text 'Enter a valid phone number' is present on page  using regular expression

2024-01-14 16:46:57 - [TEST_STEP][PASSED] - verifyTextPresent("Enter Email", true, CONTINUE_ON_FAILURE): Text 'Enter Email' is present on page  using regular expression

2024-01-14 16:46:57 - [MESSAGE][PASSED] - Text 'Enter Email' is present on page  using regular expression

2024-01-14 16:46:57 - [TEST_STEP][PASSED] - if (TaxType.equalsIgnoreCase("Estate Tax")): null

2024-01-14 16:46:57 - [TEST_STEP][PASSED] - resText = "Pass": null

2024-01-14 16:46:57 - [TEST_STEP][PASSED] - pages.WriteExcel.demoKey(resText, datText, resColumn, datCloumn, fileLoc, nameSheet, row): pages.WriteExcel.demoKey is PASSED

2024-01-14 16:46:57 - [MESSAGE][PASSED] - pages.WriteExcel.demoKey is PASSED

2024-01-14 16:46:57 - [TEST_STEP][PASSED] - ExecuteTC = findTestData(dataFile).getValue("Execute", row): null

2024-01-14 16:46:57 - [TEST_STEP][PASSED] - TaxType = findTestData(dataFile).getValue("TaxType", row): null

2024-01-14 16:46:57 - [TEST_STEP][PASSED] - PaymentType = findTestData(dataFile).getValue("PaymentType", row): null

2024-01-14 16:46:57 - [TEST_STEP][PASSED] - FilingYear = findTestData(dataFile).getValue("Year", row): null

2024-01-14 16:46:58 - [TEST_STEP][PASSED] - feinSSN = findTestData(dataFile).getValue("FeinSsn", row): null

2024-01-14 16:46:58 - [TEST_STEP][FAILED] - if (ExecuteTC.equalsIgnoreCase("Y")): null

2024-01-14 16:46:58 - [TEST_STEP][PASSED] - out.println("Begin Record Number: " + row): null

2024-01-14 16:46:58 - [TEST_STEP][PASSED] - today = new java.util.Date(): null

2024-01-14 16:46:58 - [TEST_STEP][PASSED] - println(today): null

2024-01-14 16:46:58 - [TEST_STEP][PASSED] - datText = today: null

2024-01-14 16:46:58 - [TEST_STEP][PASSED] - logInfo("Payment Type: New Tax Return Amount Due"): Payment Type: New Tax Return Amount Due

2024-01-14 16:46:58 - [MESSAGE][INFO] - Payment Type: New Tax Return Amount Due

2024-01-14 16:46:58 - [TEST_STEP][PASSED] - logInfo("Tax Type: " + TaxType): Tax Type: Estate Tax

2024-01-14 16:46:58 - [MESSAGE][INFO] - Tax Type: Estate Tax

2024-01-14 16:46:58 - [TEST_STEP][PASSED] - openBrowser(""): Browser is opened with url: ''

2024-01-14 16:46:58 - [MESSAGE][WARNING] - A browser is already opened. Closing browser and opening a new one

2024-01-14 16:46:59 - [MESSAGE][INFO] - Starting 'Chrome' driver

2024-01-14 16:46:59 - [MESSAGE][INFO] - User set preference: ['acceptInsecureCerts', 'true']

2024-01-14 16:46:59 - [MESSAGE][INFO] - Action delay is set to 0 milliseconds

2024-01-14 16:47:00 - [MESSAGE][PASSED] - Browser is opened with url: ''

2024-01-14 16:47:00 - [TEST_STEP][PASSED] - maximizeWindow(): Current window maximized

2024-01-14 16:47:00 - [MESSAGE][PASSED] - Current window maximized

2024-01-14 16:47:00 - [TEST_STEP][PASSED] - navigateToUrl(RADurl): Navigate to 'https://qa2.velocitypayment.com/client/rad/index.html' successfully

2024-01-14 16:47:02 - [MESSAGE][PASSED] - Navigate to 'https://qa2.velocitypayment.com/client/rad/index.html' successfully

2024-01-14 16:47:02 - [TEST_STEP][PASSED] - selectOptionByLabel(findTestObject(orPath_Landing + "/dd_TaxType"), "New Tax Return Amount Due", false): All options with label 'New Tax Return Amount Due' are selected in object 'Object Repository/RAD_Pages/Landing_Page/dd_TaxType' 

2024-01-14 16:47:03 - [MESSAGE][PASSED] - All options with label 'New Tax Return Amount Due' are selected in object 'Object Repository/RAD_Pages/Landing_Page/dd_TaxType' 

2024-01-14 16:47:03 - [TEST_STEP][PASSED] - selectOptionByLabel(findTestObject("Object Repository/RAD_Pages/Landing_Page/select_NewTaxReturnAmountDue_TaxType"), TaxType, false): All options with label 'Estate Tax' are selected in object 'Object Repository/RAD_Pages/Landing_Page/select_NewTaxReturnAmountDue_TaxType' 

2024-01-14 16:47:03 - [MESSAGE][PASSED] - All options with label 'Estate Tax' are selected in object 'Object Repository/RAD_Pages/Landing_Page/select_NewTaxReturnAmountDue_TaxType' 

2024-01-14 16:47:03 - [TEST_STEP][PASSED] - selectOptionByLabel(findTestObject(orPath_TaxTypeFilingYear + "/select_FilingYear"), FilingYear, false): All options with label '2023' are selected in object 'Object Repository/RAD_Pages/TaxTypeFilingYear_Page/select_FilingYear' 

2024-01-14 16:47:04 - [MESSAGE][PASSED] - All options with label '2023' are selected in object 'Object Repository/RAD_Pages/TaxTypeFilingYear_Page/select_FilingYear' 

2024-01-14 16:47:04 - [TEST_STEP][PASSED] - setText(findTestObject(orPath_TaxPayer + "/input_businessName"), " "): Text ' ' is set on object 'Object Repository/RAD_Pages/Taxpayer_Page/input_businessName'

2024-01-14 16:47:05 - [MESSAGE][PASSED] - Text ' ' is set on object 'Object Repository/RAD_Pages/Taxpayer_Page/input_businessName'

2024-01-14 16:47:05 - [TEST_STEP][PASSED] - setText(findTestObject(orPath_TaxPayer + "/input_BusinessRepfirstName"), " "): Text ' ' is set on object 'Object Repository/RAD_Pages/Taxpayer_Page/input_BusinessRepfirstName'

2024-01-14 16:47:05 - [MESSAGE][PASSED] - Text ' ' is set on object 'Object Repository/RAD_Pages/Taxpayer_Page/input_BusinessRepfirstName'

2024-01-14 16:47:05 - [TEST_STEP][PASSED] - setText(findTestObject(orPath_TaxPayer + "/input_BusinessReplastName"), " "): Text ' ' is set on object 'Object Repository/RAD_Pages/Taxpayer_Page/input_BusinessReplastName'

2024-01-14 16:47:06 - [MESSAGE][PASSED] - Text ' ' is set on object 'Object Repository/RAD_Pages/Taxpayer_Page/input_BusinessReplastName'

2024-01-14 16:47:06 - [TEST_STEP][PASSED] - setText(findTestObject(orPath_AddressContact + "/input_streetAddress1"), " "): Text ' ' is set on object 'Object Repository/RAD_Pages/AddressAndContactInfo_Page/input_streetAddress1'

2024-01-14 16:47:07 - [MESSAGE][PASSED] - Text ' ' is set on object 'Object Repository/RAD_Pages/AddressAndContactInfo_Page/input_streetAddress1'

2024-01-14 16:47:07 - [TEST_STEP][PASSED] - setText(findTestObject(orPath_AddressContact + "/input_city"), " "): Text ' ' is set on object 'Object Repository/RAD_Pages/AddressAndContactInfo_Page/input_city'

2024-01-14 16:47:07 - [MESSAGE][PASSED] - Text ' ' is set on object 'Object Repository/RAD_Pages/AddressAndContactInfo_Page/input_city'

2024-01-14 16:47:07 - [TEST_STEP][PASSED] - setText(findTestObject(orPath_AddressContact + "/input_zipCode"), " "): Text ' ' is set on object 'Object Repository/RAD_Pages/AddressAndContactInfo_Page/input_zipCode'

2024-01-14 16:47:08 - [MESSAGE][PASSED] - Text ' ' is set on object 'Object Repository/RAD_Pages/AddressAndContactInfo_Page/input_zipCode'

2024-01-14 16:47:08 - [TEST_STEP][PASSED] - setText(findTestObject(orPath_AddressContact + "/input_phoneNumber"), " "): Text ' ' is set on object 'Object Repository/RAD_Pages/AddressAndContactInfo_Page/input_phoneNumber'

2024-01-14 16:47:09 - [MESSAGE][PASSED] - Text ' ' is set on object 'Object Repository/RAD_Pages/AddressAndContactInfo_Page/input_phoneNumber'

2024-01-14 16:47:09 - [TEST_STEP][PASSED] - setText(findTestObject(orPath_AddressContact + "/input_eMailAddress"), " "): Text ' ' is set on object 'Object Repository/RAD_Pages/AddressAndContactInfo_Page/input_eMailAddress'

2024-01-14 16:47:10 - [MESSAGE][PASSED] - Text ' ' is set on object 'Object Repository/RAD_Pages/AddressAndContactInfo_Page/input_eMailAddress'

2024-01-14 16:47:10 - [TEST_STEP][PASSED] - setText(findTestObject(orPath_AddressContact + "/input_reEnterEMailAddress"), " "): Text ' ' is set on object 'Object Repository/RAD_Pages/AddressAndContactInfo_Page/input_reEnterEMailAddress'

2024-01-14 16:47:11 - [MESSAGE][PASSED] - Text ' ' is set on object 'Object Repository/RAD_Pages/AddressAndContactInfo_Page/input_reEnterEMailAddress'

2024-01-14 16:47:11 - [TEST_STEP][PASSED] - if (TaxType.equalsIgnoreCase("Estate Tax")): Text ' ' is set on object 'Object Repository/RAD_Pages/TaxInfo_Page/input_ReTypeDecedentSSN'

2024-01-14 16:47:11 - [TEST_STEP][PASSED] - setText(findTestObject(orPath_TaxInfo + "/input_DecedentSSN"), " "): Text ' ' is set on object 'Object Repository/RAD_Pages/TaxInfo_Page/input_DecedentSSN'

2024-01-14 16:47:11 - [MESSAGE][PASSED] - Text ' ' is set on object 'Object Repository/RAD_Pages/TaxInfo_Page/input_DecedentSSN'

2024-01-14 16:47:11 - [TEST_STEP][PASSED] - setText(findTestObject(orPath_TaxInfo + "/input_ReTypeDecedentSSN"), " "): Text ' ' is set on object 'Object Repository/RAD_Pages/TaxInfo_Page/input_ReTypeDecedentSSN'

2024-01-14 16:47:12 - [MESSAGE][PASSED] - Text ' ' is set on object 'Object Repository/RAD_Pages/TaxInfo_Page/input_ReTypeDecedentSSN'

2024-01-14 16:47:12 - [TEST_STEP][PASSED] - resText = "Fail": null

2024-01-14 16:47:12 - [TEST_STEP][PASSED] - pages.WriteExcel.demoKey(resText, datText, resColumn, datCloumn, fileLoc, nameSheet, row): pages.WriteExcel.demoKey is PASSED

2024-01-14 16:47:12 - [MESSAGE][PASSED] - pages.WriteExcel.demoKey is PASSED

2024-01-14 16:47:12 - [TEST_STEP][PASSED] - verifyTextPresent("Enter business name", true, CONTINUE_ON_FAILURE): Text 'Enter business name' is present on page  using regular expression

2024-01-14 16:47:12 - [MESSAGE][PASSED] - Text 'Enter business name' is present on page  using regular expression

2024-01-14 16:47:12 - [TEST_STEP][PASSED] - verifyTextPresent("Enter business rep first name", true, CONTINUE_ON_FAILURE): Text 'Enter business rep first name' is present on page  using regular expression

2024-01-14 16:47:13 - [MESSAGE][PASSED] - Text 'Enter business rep first name' is present on page  using regular expression

2024-01-14 16:47:13 - [TEST_STEP][PASSED] - verifyTextPresent("Enter business rep last name", true, CONTINUE_ON_FAILURE): Text 'Enter business rep last name' is present on page  using regular expression

2024-01-14 16:47:13 - [MESSAGE][PASSED] - Text 'Enter business rep last name' is present on page  using regular expression

2024-01-14 16:47:13 - [TEST_STEP][PASSED] - verifyTextPresent("Enter address", true, CONTINUE_ON_FAILURE): Text 'Enter address' is present on page  using regular expression

2024-01-14 16:47:14 - [MESSAGE][PASSED] - Text 'Enter address' is present on page  using regular expression

2024-01-14 16:47:14 - [TEST_STEP][PASSED] - verifyTextPresent("Enter city", true, CONTINUE_ON_FAILURE): Text 'Enter city' is present on page  using regular expression

2024-01-14 16:47:14 - [MESSAGE][PASSED] - Text 'Enter city' is present on page  using regular expression

2024-01-14 16:47:14 - [TEST_STEP][PASSED] - verifyTextPresent("Enter ZIP code", true, CONTINUE_ON_FAILURE): Text 'Enter ZIP code' is present on page  using regular expression

2024-01-14 16:47:14 - [MESSAGE][PASSED] - Text 'Enter ZIP code' is present on page  using regular expression

2024-01-14 16:47:14 - [TEST_STEP][PASSED] - verifyTextPresent("Enter a valid phone number", true, CONTINUE_ON_FAILURE): Text 'Enter a valid phone number' is present on page  using regular expression

2024-01-14 16:47:15 - [MESSAGE][PASSED] - Text 'Enter a valid phone number' is present on page  using regular expression

2024-01-14 16:47:15 - [TEST_STEP][PASSED] - verifyTextPresent("Enter Email", true, CONTINUE_ON_FAILURE): Text 'Enter Email' is present on page  using regular expression

2024-01-14 16:47:15 - [MESSAGE][PASSED] - Text 'Enter Email' is present on page  using regular expression

2024-01-14 16:47:15 - [TEST_STEP][FAILED] - if (TaxType.equalsIgnoreCase("Estate Tax")): Text 'Re-type Decedent SSN Validation Error' is not present on page  using regular expression (Root cause: com.kms.katalon.core.exception.StepFailedException: Text 'Re-type Decedent SSN Validation Error' is not present on page  using regular expression
	at com.kms.katalon.core.webui.keyword.internal.WebUIKeywordMain.stepFailed(WebUIKeywordMain.groovy:64)
	at com.kms.katalon.core.webui.keyword.builtin.VerifyTextPresentKeyword$_verifyTextPresent_closure1.doCall(VerifyTextPresentKeyword.groovy:79)
	at com.kms.katalon.core.webui.keyword.builtin.VerifyTextPresentKeyword$_verifyTextPresent_closure1.call(VerifyTextPresentKeyword.groovy)
	at com.kms.katalon.core.webui.keyword.internal.WebUIKeywordMain.runKeyword(WebUIKeywordMain.groovy:20)
	at com.kms.katalon.core.webui.keyword.builtin.VerifyTextPresentKeyword.verifyTextPresent(VerifyTextPresentKeyword.groovy:83)
	at com.kms.katalon.core.webui.keyword.builtin.VerifyTextPresentKeyword.execute(VerifyTextPresentKeyword.groovy:68)
	at com.kms.katalon.core.keyword.internal.KeywordExecutor.executeKeywordForPlatform(KeywordExecutor.groovy:74)
	at com.kms.katalon.core.webui.keyword.WebUiBuiltInKeywords.verifyTextPresent(WebUiBuiltInKeywords.groovy:1707)
	at com.kms.katalon.core.webui.keyword.WebUiBuiltInKeywords$verifyTextPresent$10.call(Unknown Source)
	at NewTaxReturn_MRF_TC.run(NewTaxReturn_MRF_TC:143)
	at com.kms.katalon.core.main.ScriptEngine.run(ScriptEngine.java:194)
	at com.kms.katalon.core.main.ScriptEngine.runScriptAsRawText(ScriptEngine.java:119)
	at com.kms.katalon.core.main.TestCaseExecutor.runScript(TestCaseExecutor.java:448)
	at com.kms.katalon.core.main.TestCaseExecutor.doExecute(TestCaseExecutor.java:439)
	at com.kms.katalon.core.main.TestCaseExecutor.processExecutionPhase(TestCaseExecutor.java:418)
	at com.kms.katalon.core.main.TestCaseExecutor.accessMainPhase(TestCaseExecutor.java:410)
	at com.kms.katalon.core.main.TestCaseExecutor.execute(TestCaseExecutor.java:285)
	at com.kms.katalon.core.common.CommonExecutor.accessTestCaseMainPhase(CommonExecutor.java:65)
	at com.kms.katalon.core.main.TestSuiteExecutor.accessTestSuiteMainPhase(TestSuiteExecutor.java:148)
	at com.kms.katalon.core.main.TestSuiteExecutor.execute(TestSuiteExecutor.java:106)
	at com.kms.katalon.core.main.TestCaseMain.startTestSuite(TestCaseMain.java:187)
	at com.kms.katalon.core.main.TestCaseMain$startTestSuite$0.call(Unknown Source)
	at TempTestSuite1705265880633.run(TempTestSuite1705265880633.groovy:36)
)

2024-01-14 16:47:15 - [TEST_STEP][PASSED] - verifyTextPresent("Please enter a valid Decedent SSN with 9 digits", true, CONTINUE_ON_FAILURE): Text 'Please enter a valid Decedent SSN with 9 digits' is present on page  using regular expression

2024-01-14 16:47:16 - [MESSAGE][PASSED] - Text 'Please enter a valid Decedent SSN with 9 digits' is present on page  using regular expression

2024-01-14 16:47:16 - [TEST_STEP][FAILED] - verifyTextPresent("Re-type Decedent SSN Validation Error", true, CONTINUE_ON_FAILURE): Text 'Re-type Decedent SSN Validation Error' is not present on page  using regular expression (Root cause: com.kms.katalon.core.exception.StepFailedException: Text 'Re-type Decedent SSN Validation Error' is not present on page  using regular expression
	at com.kms.katalon.core.webui.keyword.internal.WebUIKeywordMain.stepFailed(WebUIKeywordMain.groovy:64)
	at com.kms.katalon.core.webui.keyword.builtin.VerifyTextPresentKeyword$_verifyTextPresent_closure1.doCall(VerifyTextPresentKeyword.groovy:79)
	at com.kms.katalon.core.webui.keyword.builtin.VerifyTextPresentKeyword$_verifyTextPresent_closure1.call(VerifyTextPresentKeyword.groovy)
	at com.kms.katalon.core.webui.keyword.internal.WebUIKeywordMain.runKeyword(WebUIKeywordMain.groovy:20)
	at com.kms.katalon.core.webui.keyword.builtin.VerifyTextPresentKeyword.verifyTextPresent(VerifyTextPresentKeyword.groovy:83)
	at com.kms.katalon.core.webui.keyword.builtin.VerifyTextPresentKeyword.execute(VerifyTextPresentKeyword.groovy:68)
	at com.kms.katalon.core.keyword.internal.KeywordExecutor.executeKeywordForPlatform(KeywordExecutor.groovy:74)
	at com.kms.katalon.core.webui.keyword.WebUiBuiltInKeywords.verifyTextPresent(WebUiBuiltInKeywords.groovy:1707)
	at com.kms.katalon.core.webui.keyword.WebUiBuiltInKeywords$verifyTextPresent$10.call(Unknown Source)
	at NewTaxReturn_MRF_TC.run(NewTaxReturn_MRF_TC:143)
	at com.kms.katalon.core.main.ScriptEngine.run(ScriptEngine.java:194)
	at com.kms.katalon.core.main.ScriptEngine.runScriptAsRawText(ScriptEngine.java:119)
	at com.kms.katalon.core.main.TestCaseExecutor.runScript(TestCaseExecutor.java:448)
	at com.kms.katalon.core.main.TestCaseExecutor.doExecute(TestCaseExecutor.java:439)
	at com.kms.katalon.core.main.TestCaseExecutor.processExecutionPhase(TestCaseExecutor.java:418)
	at com.kms.katalon.core.main.TestCaseExecutor.accessMainPhase(TestCaseExecutor.java:410)
	at com.kms.katalon.core.main.TestCaseExecutor.execute(TestCaseExecutor.java:285)
	at com.kms.katalon.core.common.CommonExecutor.accessTestCaseMainPhase(CommonExecutor.java:65)
	at com.kms.katalon.core.main.TestSuiteExecutor.accessTestSuiteMainPhase(TestSuiteExecutor.java:148)
	at com.kms.katalon.core.main.TestSuiteExecutor.execute(TestSuiteExecutor.java:106)
	at com.kms.katalon.core.main.TestCaseMain.startTestSuite(TestCaseMain.java:187)
	at com.kms.katalon.core.main.TestCaseMain$startTestSuite$0.call(Unknown Source)
	at TempTestSuite1705265880633.run(TempTestSuite1705265880633.groovy:36)
)

2024-01-14 16:47:16 - [MESSAGE][FAILED] - Text 'Re-type Decedent SSN Validation Error' is not present on page  using regular expression (Root cause: com.kms.katalon.core.exception.StepFailedException: Text 'Re-type Decedent SSN Validation Error' is not present on page  using regular expression
	at com.kms.katalon.core.webui.keyword.internal.WebUIKeywordMain.stepFailed(WebUIKeywordMain.groovy:64)
	at com.kms.katalon.core.webui.keyword.builtin.VerifyTextPresentKeyword$_verifyTextPresent_closure1.doCall(VerifyTextPresentKeyword.groovy:79)
	at com.kms.katalon.core.webui.keyword.builtin.VerifyTextPresentKeyword$_verifyTextPresent_closure1.call(VerifyTextPresentKeyword.groovy)
	at com.kms.katalon.core.webui.keyword.internal.WebUIKeywordMain.runKeyword(WebUIKeywordMain.groovy:20)
	at com.kms.katalon.core.webui.keyword.builtin.VerifyTextPresentKeyword.verifyTextPresent(VerifyTextPresentKeyword.groovy:83)
	at com.kms.katalon.core.webui.keyword.builtin.VerifyTextPresentKeyword.execute(VerifyTextPresentKeyword.groovy:68)
	at com.kms.katalon.core.keyword.internal.KeywordExecutor.executeKeywordForPlatform(KeywordExecutor.groovy:74)
	at com.kms.katalon.core.webui.keyword.WebUiBuiltInKeywords.verifyTextPresent(WebUiBuiltInKeywords.groovy:1707)
	at com.kms.katalon.core.webui.keyword.WebUiBuiltInKeywords$verifyTextPresent$10.call(Unknown Source)
	at NewTaxReturn_MRF_TC.run(NewTaxReturn_MRF_TC:143)
	at com.kms.katalon.core.main.ScriptEngine.run(ScriptEngine.java:194)
	at com.kms.katalon.core.main.ScriptEngine.runScriptAsRawText(ScriptEngine.java:119)
	at com.kms.katalon.core.main.TestCaseExecutor.runScript(TestCaseExecutor.java:448)
	at com.kms.katalon.core.main.TestCaseExecutor.doExecute(TestCaseExecutor.java:439)
	at com.kms.katalon.core.main.TestCaseExecutor.processExecutionPhase(TestCaseExecutor.java:418)
	at com.kms.katalon.core.main.TestCaseExecutor.accessMainPhase(TestCaseExecutor.java:410)
	at com.kms.katalon.core.main.TestCaseExecutor.execute(TestCaseExecutor.java:285)
	at com.kms.katalon.core.common.CommonExecutor.accessTestCaseMainPhase(CommonExecutor.java:65)
	at com.kms.katalon.core.main.TestSuiteExecutor.accessTestSuiteMainPhase(TestSuiteExecutor.java:148)
	at com.kms.katalon.core.main.TestSuiteExecutor.execute(TestSuiteExecutor.java:106)
	at com.kms.katalon.core.main.TestCaseMain.startTestSuite(TestCaseMain.java:187)
	at com.kms.katalon.core.main.TestCaseMain$startTestSuite$0.call(Unknown Source)
	at TempTestSuite1705265880633.run(TempTestSuite1705265880633.groovy:36)
)

2024-01-14 16:47:16 - [TEST_STEP][PASSED] - resText = "Pass": null

2024-01-14 16:47:16 - [TEST_STEP][PASSED] - pages.WriteExcel.demoKey(resText, datText, resColumn, datCloumn, fileLoc, nameSheet, row): pages.WriteExcel.demoKey is PASSED

2024-01-14 16:47:16 - [MESSAGE][PASSED] - pages.WriteExcel.demoKey is PASSED

2024-01-14 16:47:16 - [TEST_STEP][PASSED] - ExecuteTC = findTestData(dataFile).getValue("Execute", row): null

2024-01-14 16:47:16 - [TEST_STEP][PASSED] - TaxType = findTestData(dataFile).getValue("TaxType", row): null

2024-01-14 16:47:16 - [TEST_STEP][PASSED] - PaymentType = findTestData(dataFile).getValue("PaymentType", row): null

2024-01-14 16:47:16 - [TEST_STEP][PASSED] - FilingYear = findTestData(dataFile).getValue("Year", row): null

2024-01-14 16:47:16 - [TEST_STEP][PASSED] - feinSSN = findTestData(dataFile).getValue("FeinSsn", row): null

2024-01-14 16:47:16 - [TEST_STEP][PASSED] - if (ExecuteTC.equalsIgnoreCase("Y")): pages.WriteExcel.demoKey is PASSED

2024-01-14 16:47:16 - [TEST_STEP][PASSED] - out.println("Begin Record Number: " + row): null

2024-01-14 16:47:16 - [TEST_STEP][PASSED] - today = new java.util.Date(): null

2024-01-14 16:47:16 - [TEST_STEP][PASSED] - println(today): null

2024-01-14 16:47:16 - [TEST_STEP][PASSED] - datText = today: null

2024-01-14 16:47:16 - [TEST_STEP][PASSED] - logInfo("Payment Type: New Tax Return Amount Due"): Payment Type: New Tax Return Amount Due

2024-01-14 16:47:16 - [MESSAGE][INFO] - Payment Type: New Tax Return Amount Due

2024-01-14 16:47:16 - [TEST_STEP][PASSED] - logInfo("Tax Type: " + TaxType): Tax Type: Motor Fuel Tax

2024-01-14 16:47:16 - [MESSAGE][INFO] - Tax Type: Motor Fuel Tax

2024-01-14 16:47:16 - [TEST_STEP][PASSED] - openBrowser(""): Browser is opened with url: ''

2024-01-14 16:47:16 - [MESSAGE][WARNING] - A browser is already opened. Closing browser and opening a new one

2024-01-14 16:47:18 - [MESSAGE][INFO] - Starting 'Chrome' driver

2024-01-14 16:47:18 - [MESSAGE][INFO] - User set preference: ['acceptInsecureCerts', 'true']

2024-01-14 16:47:18 - [MESSAGE][INFO] - Action delay is set to 0 milliseconds

2024-01-14 16:47:20 - [MESSAGE][PASSED] - Browser is opened with url: ''

2024-01-14 16:47:20 - [TEST_STEP][PASSED] - maximizeWindow(): Current window maximized

2024-01-14 16:47:20 - [MESSAGE][PASSED] - Current window maximized

2024-01-14 16:47:20 - [TEST_STEP][PASSED] - navigateToUrl(RADurl): Navigate to 'https://qa2.velocitypayment.com/client/rad/index.html' successfully

2024-01-14 16:47:21 - [MESSAGE][PASSED] - Navigate to 'https://qa2.velocitypayment.com/client/rad/index.html' successfully

2024-01-14 16:47:21 - [TEST_STEP][PASSED] - selectOptionByLabel(findTestObject(orPath_Landing + "/dd_TaxType"), "New Tax Return Amount Due", false): All options with label 'New Tax Return Amount Due' are selected in object 'Object Repository/RAD_Pages/Landing_Page/dd_TaxType' 

2024-01-14 16:47:22 - [MESSAGE][PASSED] - All options with label 'New Tax Return Amount Due' are selected in object 'Object Repository/RAD_Pages/Landing_Page/dd_TaxType' 

2024-01-14 16:47:22 - [TEST_STEP][PASSED] - selectOptionByLabel(findTestObject("Object Repository/RAD_Pages/Landing_Page/select_NewTaxReturnAmountDue_TaxType"), TaxType, false): All options with label 'Motor Fuel Tax' are selected in object 'Object Repository/RAD_Pages/Landing_Page/select_NewTaxReturnAmountDue_TaxType' 

2024-01-14 16:47:23 - [MESSAGE][PASSED] - All options with label 'Motor Fuel Tax' are selected in object 'Object Repository/RAD_Pages/Landing_Page/select_NewTaxReturnAmountDue_TaxType' 

2024-01-14 16:47:23 - [TEST_STEP][PASSED] - selectOptionByLabel(findTestObject(orPath_TaxTypeFilingYear + "/select_FilingYear"), FilingYear, false): All options with label '2023' are selected in object 'Object Repository/RAD_Pages/TaxTypeFilingYear_Page/select_FilingYear' 

2024-01-14 16:47:24 - [MESSAGE][PASSED] - All options with label '2023' are selected in object 'Object Repository/RAD_Pages/TaxTypeFilingYear_Page/select_FilingYear' 

2024-01-14 16:47:24 - [TEST_STEP][PASSED] - setText(findTestObject(orPath_TaxPayer + "/input_businessName"), " "): Text ' ' is set on object 'Object Repository/RAD_Pages/Taxpayer_Page/input_businessName'

2024-01-14 16:47:24 - [MESSAGE][PASSED] - Text ' ' is set on object 'Object Repository/RAD_Pages/Taxpayer_Page/input_businessName'

2024-01-14 16:47:24 - [TEST_STEP][PASSED] - setText(findTestObject(orPath_TaxPayer + "/input_BusinessRepfirstName"), " "): Text ' ' is set on object 'Object Repository/RAD_Pages/Taxpayer_Page/input_BusinessRepfirstName'

2024-01-14 16:47:25 - [MESSAGE][PASSED] - Text ' ' is set on object 'Object Repository/RAD_Pages/Taxpayer_Page/input_BusinessRepfirstName'

2024-01-14 16:47:25 - [TEST_STEP][PASSED] - setText(findTestObject(orPath_TaxPayer + "/input_BusinessReplastName"), " "): Text ' ' is set on object 'Object Repository/RAD_Pages/Taxpayer_Page/input_BusinessReplastName'

2024-01-14 16:47:26 - [MESSAGE][PASSED] - Text ' ' is set on object 'Object Repository/RAD_Pages/Taxpayer_Page/input_BusinessReplastName'

2024-01-14 16:47:26 - [TEST_STEP][PASSED] - setText(findTestObject(orPath_AddressContact + "/input_streetAddress1"), " "): Text ' ' is set on object 'Object Repository/RAD_Pages/AddressAndContactInfo_Page/input_streetAddress1'

2024-01-14 16:47:26 - [MESSAGE][PASSED] - Text ' ' is set on object 'Object Repository/RAD_Pages/AddressAndContactInfo_Page/input_streetAddress1'

2024-01-14 16:47:26 - [TEST_STEP][PASSED] - setText(findTestObject(orPath_AddressContact + "/input_city"), " "): Text ' ' is set on object 'Object Repository/RAD_Pages/AddressAndContactInfo_Page/input_city'

2024-01-14 16:47:27 - [MESSAGE][PASSED] - Text ' ' is set on object 'Object Repository/RAD_Pages/AddressAndContactInfo_Page/input_city'

2024-01-14 16:47:27 - [TEST_STEP][PASSED] - setText(findTestObject(orPath_AddressContact + "/input_zipCode"), " "): Text ' ' is set on object 'Object Repository/RAD_Pages/AddressAndContactInfo_Page/input_zipCode'

2024-01-14 16:47:28 - [MESSAGE][PASSED] - Text ' ' is set on object 'Object Repository/RAD_Pages/AddressAndContactInfo_Page/input_zipCode'

2024-01-14 16:47:28 - [TEST_STEP][PASSED] - setText(findTestObject(orPath_AddressContact + "/input_phoneNumber"), " "): Text ' ' is set on object 'Object Repository/RAD_Pages/AddressAndContactInfo_Page/input_phoneNumber'

2024-01-14 16:47:29 - [MESSAGE][PASSED] - Text ' ' is set on object 'Object Repository/RAD_Pages/AddressAndContactInfo_Page/input_phoneNumber'

2024-01-14 16:47:29 - [TEST_STEP][PASSED] - setText(findTestObject(orPath_AddressContact + "/input_eMailAddress"), " "): Text ' ' is set on object 'Object Repository/RAD_Pages/AddressAndContactInfo_Page/input_eMailAddress'

2024-01-14 16:47:30 - [MESSAGE][PASSED] - Text ' ' is set on object 'Object Repository/RAD_Pages/AddressAndContactInfo_Page/input_eMailAddress'

2024-01-14 16:47:30 - [TEST_STEP][PASSED] - setText(findTestObject(orPath_AddressContact + "/input_reEnterEMailAddress"), " "): Text ' ' is set on object 'Object Repository/RAD_Pages/AddressAndContactInfo_Page/input_reEnterEMailAddress'

2024-01-14 16:47:30 - [MESSAGE][PASSED] - Text ' ' is set on object 'Object Repository/RAD_Pages/AddressAndContactInfo_Page/input_reEnterEMailAddress'

2024-01-14 16:47:30 - [TEST_STEP][PASSED] - if (TaxType.equalsIgnoreCase("Estate Tax")): null

2024-01-14 16:47:30 - [TEST_STEP][PASSED] - resText = "Fail": null

2024-01-14 16:47:30 - [TEST_STEP][PASSED] - pages.WriteExcel.demoKey(resText, datText, resColumn, datCloumn, fileLoc, nameSheet, row): pages.WriteExcel.demoKey is PASSED

2024-01-14 16:47:31 - [MESSAGE][PASSED] - pages.WriteExcel.demoKey is PASSED

2024-01-14 16:47:31 - [TEST_STEP][PASSED] - verifyTextPresent("Enter business name", true, CONTINUE_ON_FAILURE): Text 'Enter business name' is present on page  using regular expression

2024-01-14 16:47:31 - [MESSAGE][PASSED] - Text 'Enter business name' is present on page  using regular expression

2024-01-14 16:47:31 - [TEST_STEP][PASSED] - verifyTextPresent("Enter business rep first name", true, CONTINUE_ON_FAILURE): Text 'Enter business rep first name' is present on page  using regular expression

2024-01-14 16:47:31 - [MESSAGE][PASSED] - Text 'Enter business rep first name' is present on page  using regular expression

2024-01-14 16:47:31 - [TEST_STEP][PASSED] - verifyTextPresent("Enter business rep last name", true, CONTINUE_ON_FAILURE): Text 'Enter business rep last name' is present on page  using regular expression

2024-01-14 16:47:32 - [MESSAGE][PASSED] - Text 'Enter business rep last name' is present on page  using regular expression

2024-01-14 16:47:32 - [TEST_STEP][PASSED] - verifyTextPresent("Enter address", true, CONTINUE_ON_FAILURE): Text 'Enter address' is present on page  using regular expression

2024-01-14 16:47:32 - [MESSAGE][PASSED] - Text 'Enter address' is present on page  using regular expression

2024-01-14 16:47:32 - [TEST_STEP][PASSED] - verifyTextPresent("Enter city", true, CONTINUE_ON_FAILURE): Text 'Enter city' is present on page  using regular expression

2024-01-14 16:47:32 - [MESSAGE][PASSED] - Text 'Enter city' is present on page  using regular expression

2024-01-14 16:47:32 - [TEST_STEP][PASSED] - verifyTextPresent("Enter ZIP code", true, CONTINUE_ON_FAILURE): Text 'Enter ZIP code' is present on page  using regular expression

2024-01-14 16:47:33 - [MESSAGE][PASSED] - Text 'Enter ZIP code' is present on page  using regular expression

2024-01-14 16:47:33 - [TEST_STEP][PASSED] - verifyTextPresent("Enter a valid phone number", true, CONTINUE_ON_FAILURE): Text 'Enter a valid phone number' is present on page  using regular expression

2024-01-14 16:47:33 - [MESSAGE][PASSED] - Text 'Enter a valid phone number' is present on page  using regular expression

2024-01-14 16:47:33 - [TEST_STEP][PASSED] - verifyTextPresent("Enter Email", true, CONTINUE_ON_FAILURE): Text 'Enter Email' is present on page  using regular expression

2024-01-14 16:47:34 - [MESSAGE][PASSED] - Text 'Enter Email' is present on page  using regular expression

2024-01-14 16:47:34 - [TEST_STEP][PASSED] - if (TaxType.equalsIgnoreCase("Estate Tax")): null

2024-01-14 16:47:34 - [TEST_STEP][PASSED] - resText = "Pass": null

2024-01-14 16:47:34 - [TEST_STEP][PASSED] - pages.WriteExcel.demoKey(resText, datText, resColumn, datCloumn, fileLoc, nameSheet, row): pages.WriteExcel.demoKey is PASSED

2024-01-14 16:47:34 - [MESSAGE][PASSED] - pages.WriteExcel.demoKey is PASSED

2024-01-14 16:47:34 - [TEST_STEP][PASSED] - ExecuteTC = findTestData(dataFile).getValue("Execute", row): null

2024-01-14 16:47:34 - [TEST_STEP][PASSED] - TaxType = findTestData(dataFile).getValue("TaxType", row): null

2024-01-14 16:47:34 - [TEST_STEP][PASSED] - PaymentType = findTestData(dataFile).getValue("PaymentType", row): null

2024-01-14 16:47:34 - [TEST_STEP][PASSED] - FilingYear = findTestData(dataFile).getValue("Year", row): null

2024-01-14 16:47:34 - [TEST_STEP][PASSED] - feinSSN = findTestData(dataFile).getValue("FeinSsn", row): null

2024-01-14 16:47:34 - [TEST_STEP][PASSED] - if (ExecuteTC.equalsIgnoreCase("Y")): pages.WriteExcel.demoKey is PASSED

2024-01-14 16:47:34 - [TEST_STEP][PASSED] - out.println("Begin Record Number: " + row): null

2024-01-14 16:47:34 - [TEST_STEP][PASSED] - today = new java.util.Date(): null

2024-01-14 16:47:34 - [TEST_STEP][PASSED] - println(today): null

2024-01-14 16:47:34 - [TEST_STEP][PASSED] - datText = today: null

2024-01-14 16:47:34 - [TEST_STEP][PASSED] - logInfo("Payment Type: New Tax Return Amount Due"): Payment Type: New Tax Return Amount Due

2024-01-14 16:47:34 - [MESSAGE][INFO] - Payment Type: New Tax Return Amount Due

2024-01-14 16:47:34 - [TEST_STEP][PASSED] - logInfo("Tax Type: " + TaxType): Tax Type: Sales and Use Tax

2024-01-14 16:47:34 - [MESSAGE][INFO] - Tax Type: Sales and Use Tax

2024-01-14 16:47:34 - [TEST_STEP][PASSED] - openBrowser(""): Browser is opened with url: ''

2024-01-14 16:47:34 - [MESSAGE][WARNING] - A browser is already opened. Closing browser and opening a new one

2024-01-14 16:47:35 - [MESSAGE][INFO] - Starting 'Chrome' driver

2024-01-14 16:47:35 - [MESSAGE][INFO] - User set preference: ['acceptInsecureCerts', 'true']

2024-01-14 16:47:35 - [MESSAGE][INFO] - Action delay is set to 0 milliseconds

2024-01-14 16:47:36 - [MESSAGE][PASSED] - Browser is opened with url: ''

2024-01-14 16:47:36 - [TEST_STEP][PASSED] - maximizeWindow(): Current window maximized

2024-01-14 16:47:37 - [MESSAGE][PASSED] - Current window maximized

2024-01-14 16:47:37 - [TEST_STEP][PASSED] - navigateToUrl(RADurl): Navigate to 'https://qa2.velocitypayment.com/client/rad/index.html' successfully

2024-01-14 16:47:37 - [MESSAGE][PASSED] - Navigate to 'https://qa2.velocitypayment.com/client/rad/index.html' successfully

2024-01-14 16:47:37 - [TEST_STEP][PASSED] - selectOptionByLabel(findTestObject(orPath_Landing + "/dd_TaxType"), "New Tax Return Amount Due", false): All options with label 'New Tax Return Amount Due' are selected in object 'Object Repository/RAD_Pages/Landing_Page/dd_TaxType' 

2024-01-14 16:47:39 - [MESSAGE][PASSED] - All options with label 'New Tax Return Amount Due' are selected in object 'Object Repository/RAD_Pages/Landing_Page/dd_TaxType' 

2024-01-14 16:47:39 - [TEST_STEP][PASSED] - selectOptionByLabel(findTestObject("Object Repository/RAD_Pages/Landing_Page/select_NewTaxReturnAmountDue_TaxType"), TaxType, false): All options with label 'Sales and Use Tax' are selected in object 'Object Repository/RAD_Pages/Landing_Page/select_NewTaxReturnAmountDue_TaxType' 

2024-01-14 16:47:40 - [MESSAGE][PASSED] - All options with label 'Sales and Use Tax' are selected in object 'Object Repository/RAD_Pages/Landing_Page/select_NewTaxReturnAmountDue_TaxType' 

2024-01-14 16:47:40 - [TEST_STEP][PASSED] - selectOptionByLabel(findTestObject(orPath_TaxTypeFilingYear + "/select_FilingYear"), FilingYear, false): All options with label '2023' are selected in object 'Object Repository/RAD_Pages/TaxTypeFilingYear_Page/select_FilingYear' 

2024-01-14 16:47:40 - [MESSAGE][PASSED] - All options with label '2023' are selected in object 'Object Repository/RAD_Pages/TaxTypeFilingYear_Page/select_FilingYear' 

2024-01-14 16:47:40 - [TEST_STEP][PASSED] - setText(findTestObject(orPath_TaxPayer + "/input_businessName"), " "): Text ' ' is set on object 'Object Repository/RAD_Pages/Taxpayer_Page/input_businessName'

2024-01-14 16:47:41 - [MESSAGE][PASSED] - Text ' ' is set on object 'Object Repository/RAD_Pages/Taxpayer_Page/input_businessName'

2024-01-14 16:47:41 - [TEST_STEP][PASSED] - setText(findTestObject(orPath_TaxPayer + "/input_BusinessRepfirstName"), " "): Text ' ' is set on object 'Object Repository/RAD_Pages/Taxpayer_Page/input_BusinessRepfirstName'

2024-01-14 16:47:42 - [MESSAGE][PASSED] - Text ' ' is set on object 'Object Repository/RAD_Pages/Taxpayer_Page/input_BusinessRepfirstName'

2024-01-14 16:47:42 - [TEST_STEP][PASSED] - setText(findTestObject(orPath_TaxPayer + "/input_BusinessReplastName"), " "): Text ' ' is set on object 'Object Repository/RAD_Pages/Taxpayer_Page/input_BusinessReplastName'

2024-01-14 16:47:42 - [MESSAGE][PASSED] - Text ' ' is set on object 'Object Repository/RAD_Pages/Taxpayer_Page/input_BusinessReplastName'

2024-01-14 16:47:42 - [TEST_STEP][PASSED] - setText(findTestObject(orPath_AddressContact + "/input_streetAddress1"), " "): Text ' ' is set on object 'Object Repository/RAD_Pages/AddressAndContactInfo_Page/input_streetAddress1'

2024-01-14 16:47:43 - [MESSAGE][PASSED] - Text ' ' is set on object 'Object Repository/RAD_Pages/AddressAndContactInfo_Page/input_streetAddress1'

2024-01-14 16:47:43 - [TEST_STEP][PASSED] - setText(findTestObject(orPath_AddressContact + "/input_city"), " "): Text ' ' is set on object 'Object Repository/RAD_Pages/AddressAndContactInfo_Page/input_city'

2024-01-14 16:47:44 - [MESSAGE][PASSED] - Text ' ' is set on object 'Object Repository/RAD_Pages/AddressAndContactInfo_Page/input_city'

2024-01-14 16:47:44 - [TEST_STEP][PASSED] - setText(findTestObject(orPath_AddressContact + "/input_zipCode"), " "): Text ' ' is set on object 'Object Repository/RAD_Pages/AddressAndContactInfo_Page/input_zipCode'

2024-01-14 16:47:44 - [MESSAGE][PASSED] - Text ' ' is set on object 'Object Repository/RAD_Pages/AddressAndContactInfo_Page/input_zipCode'

2024-01-14 16:47:44 - [TEST_STEP][PASSED] - setText(findTestObject(orPath_AddressContact + "/input_phoneNumber"), " "): Text ' ' is set on object 'Object Repository/RAD_Pages/AddressAndContactInfo_Page/input_phoneNumber'

2024-01-14 16:47:45 - [MESSAGE][PASSED] - Text ' ' is set on object 'Object Repository/RAD_Pages/AddressAndContactInfo_Page/input_phoneNumber'

2024-01-14 16:47:45 - [TEST_STEP][PASSED] - setText(findTestObject(orPath_AddressContact + "/input_eMailAddress"), " "): Text ' ' is set on object 'Object Repository/RAD_Pages/AddressAndContactInfo_Page/input_eMailAddress'

2024-01-14 16:47:46 - [MESSAGE][PASSED] - Text ' ' is set on object 'Object Repository/RAD_Pages/AddressAndContactInfo_Page/input_eMailAddress'

2024-01-14 16:47:46 - [TEST_STEP][PASSED] - setText(findTestObject(orPath_AddressContact + "/input_reEnterEMailAddress"), " "): Text ' ' is set on object 'Object Repository/RAD_Pages/AddressAndContactInfo_Page/input_reEnterEMailAddress'

2024-01-14 16:47:47 - [MESSAGE][PASSED] - Text ' ' is set on object 'Object Repository/RAD_Pages/AddressAndContactInfo_Page/input_reEnterEMailAddress'

2024-01-14 16:47:47 - [TEST_STEP][PASSED] - if (TaxType.equalsIgnoreCase("Estate Tax")): null

2024-01-14 16:47:47 - [TEST_STEP][PASSED] - resText = "Fail": null

2024-01-14 16:47:47 - [TEST_STEP][PASSED] - pages.WriteExcel.demoKey(resText, datText, resColumn, datCloumn, fileLoc, nameSheet, row): pages.WriteExcel.demoKey is PASSED

2024-01-14 16:47:47 - [MESSAGE][PASSED] - pages.WriteExcel.demoKey is PASSED

2024-01-14 16:47:47 - [TEST_STEP][PASSED] - verifyTextPresent("Enter business name", true, CONTINUE_ON_FAILURE): Text 'Enter business name' is present on page  using regular expression

2024-01-14 16:47:47 - [MESSAGE][PASSED] - Text 'Enter business name' is present on page  using regular expression

2024-01-14 16:47:47 - [TEST_STEP][PASSED] - verifyTextPresent("Enter business rep first name", true, CONTINUE_ON_FAILURE): Text 'Enter business rep first name' is present on page  using regular expression

2024-01-14 16:47:48 - [MESSAGE][PASSED] - Text 'Enter business rep first name' is present on page  using regular expression

2024-01-14 16:47:48 - [TEST_STEP][PASSED] - verifyTextPresent("Enter business rep last name", true, CONTINUE_ON_FAILURE): Text 'Enter business rep last name' is present on page  using regular expression

2024-01-14 16:47:48 - [MESSAGE][PASSED] - Text 'Enter business rep last name' is present on page  using regular expression

2024-01-14 16:47:48 - [TEST_STEP][PASSED] - verifyTextPresent("Enter address", true, CONTINUE_ON_FAILURE): Text 'Enter address' is present on page  using regular expression

2024-01-14 16:47:48 - [MESSAGE][PASSED] - Text 'Enter address' is present on page  using regular expression

2024-01-14 16:47:48 - [TEST_STEP][PASSED] - verifyTextPresent("Enter city", true, CONTINUE_ON_FAILURE): Text 'Enter city' is present on page  using regular expression

2024-01-14 16:47:49 - [MESSAGE][PASSED] - Text 'Enter city' is present on page  using regular expression

2024-01-14 16:47:49 - [TEST_STEP][PASSED] - verifyTextPresent("Enter ZIP code", true, CONTINUE_ON_FAILURE): Text 'Enter ZIP code' is present on page  using regular expression

2024-01-14 16:47:49 - [MESSAGE][PASSED] - Text 'Enter ZIP code' is present on page  using regular expression

2024-01-14 16:47:49 - [TEST_STEP][PASSED] - verifyTextPresent("Enter a valid phone number", true, CONTINUE_ON_FAILURE): Text 'Enter a valid phone number' is present on page  using regular expression

2024-01-14 16:47:49 - [MESSAGE][PASSED] - Text 'Enter a valid phone number' is present on page  using regular expression

2024-01-14 16:47:49 - [TEST_STEP][PASSED] - verifyTextPresent("Enter Email", true, CONTINUE_ON_FAILURE): Text 'Enter Email' is present on page  using regular expression

2024-01-14 16:47:50 - [MESSAGE][PASSED] - Text 'Enter Email' is present on page  using regular expression

2024-01-14 16:47:50 - [TEST_STEP][PASSED] - if (TaxType.equalsIgnoreCase("Estate Tax")): null

2024-01-14 16:47:50 - [TEST_STEP][PASSED] - resText = "Pass": null

2024-01-14 16:47:50 - [TEST_STEP][PASSED] - pages.WriteExcel.demoKey(resText, datText, resColumn, datCloumn, fileLoc, nameSheet, row): pages.WriteExcel.demoKey is PASSED

2024-01-14 16:47:50 - [MESSAGE][PASSED] - pages.WriteExcel.demoKey is PASSED

2024-01-14 16:47:50 - [TEST_STEP][PASSED] - ExecuteTC = findTestData(dataFile).getValue("Execute", row): null

2024-01-14 16:47:50 - [TEST_STEP][PASSED] - TaxType = findTestData(dataFile).getValue("TaxType", row): null

2024-01-14 16:47:50 - [TEST_STEP][PASSED] - PaymentType = findTestData(dataFile).getValue("PaymentType", row): null

2024-01-14 16:47:50 - [TEST_STEP][PASSED] - FilingYear = findTestData(dataFile).getValue("Year", row): null

2024-01-14 16:47:50 - [TEST_STEP][PASSED] - feinSSN = findTestData(dataFile).getValue("FeinSsn", row): null

2024-01-14 16:47:50 - [TEST_STEP][PASSED] - if (ExecuteTC.equalsIgnoreCase("Y")): pages.WriteExcel.demoKey is PASSED

2024-01-14 16:47:50 - [TEST_STEP][PASSED] - out.println("Begin Record Number: " + row): null

2024-01-14 16:47:50 - [TEST_STEP][PASSED] - today = new java.util.Date(): null

2024-01-14 16:47:50 - [TEST_STEP][PASSED] - println(today): null

2024-01-14 16:47:50 - [TEST_STEP][PASSED] - datText = today: null

2024-01-14 16:47:50 - [TEST_STEP][PASSED] - logInfo("Payment Type: New Tax Return Amount Due"): Payment Type: New Tax Return Amount Due

2024-01-14 16:47:50 - [MESSAGE][INFO] - Payment Type: New Tax Return Amount Due

2024-01-14 16:47:50 - [TEST_STEP][PASSED] - logInfo("Tax Type: " + TaxType): Tax Type: Slots License Fee

2024-01-14 16:47:50 - [MESSAGE][INFO] - Tax Type: Slots License Fee

2024-01-14 16:47:50 - [TEST_STEP][PASSED] - openBrowser(""): Browser is opened with url: ''

2024-01-14 16:47:50 - [MESSAGE][WARNING] - A browser is already opened. Closing browser and opening a new one

2024-01-14 16:47:51 - [MESSAGE][INFO] - Starting 'Chrome' driver

2024-01-14 16:47:51 - [MESSAGE][INFO] - User set preference: ['acceptInsecureCerts', 'true']

2024-01-14 16:47:51 - [MESSAGE][INFO] - Action delay is set to 0 milliseconds

2024-01-14 16:47:53 - [MESSAGE][PASSED] - Browser is opened with url: ''

2024-01-14 16:47:53 - [TEST_STEP][PASSED] - maximizeWindow(): Current window maximized

2024-01-14 16:47:53 - [MESSAGE][PASSED] - Current window maximized

2024-01-14 16:47:53 - [TEST_STEP][PASSED] - navigateToUrl(RADurl): Navigate to 'https://qa2.velocitypayment.com/client/rad/index.html' successfully

2024-01-14 16:47:54 - [MESSAGE][PASSED] - Navigate to 'https://qa2.velocitypayment.com/client/rad/index.html' successfully

2024-01-14 16:47:54 - [TEST_STEP][PASSED] - selectOptionByLabel(findTestObject(orPath_Landing + "/dd_TaxType"), "New Tax Return Amount Due", false): All options with label 'New Tax Return Amount Due' are selected in object 'Object Repository/RAD_Pages/Landing_Page/dd_TaxType' 

2024-01-14 16:47:55 - [MESSAGE][PASSED] - All options with label 'New Tax Return Amount Due' are selected in object 'Object Repository/RAD_Pages/Landing_Page/dd_TaxType' 

2024-01-14 16:47:55 - [TEST_STEP][PASSED] - selectOptionByLabel(findTestObject("Object Repository/RAD_Pages/Landing_Page/select_NewTaxReturnAmountDue_TaxType"), TaxType, false): All options with label 'Slots License Fee' are selected in object 'Object Repository/RAD_Pages/Landing_Page/select_NewTaxReturnAmountDue_TaxType' 

2024-01-14 16:47:56 - [MESSAGE][PASSED] - All options with label 'Slots License Fee' are selected in object 'Object Repository/RAD_Pages/Landing_Page/select_NewTaxReturnAmountDue_TaxType' 

2024-01-14 16:47:56 - [TEST_STEP][PASSED] - selectOptionByLabel(findTestObject(orPath_TaxTypeFilingYear + "/select_FilingYear"), FilingYear, false): All options with label '2023' are selected in object 'Object Repository/RAD_Pages/TaxTypeFilingYear_Page/select_FilingYear' 

2024-01-14 16:47:57 - [MESSAGE][PASSED] - All options with label '2023' are selected in object 'Object Repository/RAD_Pages/TaxTypeFilingYear_Page/select_FilingYear' 

2024-01-14 16:47:57 - [TEST_STEP][PASSED] - setText(findTestObject(orPath_TaxPayer + "/input_businessName"), " "): Text ' ' is set on object 'Object Repository/RAD_Pages/Taxpayer_Page/input_businessName'

2024-01-14 16:47:57 - [MESSAGE][PASSED] - Text ' ' is set on object 'Object Repository/RAD_Pages/Taxpayer_Page/input_businessName'

2024-01-14 16:47:57 - [TEST_STEP][PASSED] - setText(findTestObject(orPath_TaxPayer + "/input_BusinessRepfirstName"), " "): Text ' ' is set on object 'Object Repository/RAD_Pages/Taxpayer_Page/input_BusinessRepfirstName'

2024-01-14 16:47:58 - [MESSAGE][PASSED] - Text ' ' is set on object 'Object Repository/RAD_Pages/Taxpayer_Page/input_BusinessRepfirstName'

2024-01-14 16:47:58 - [TEST_STEP][PASSED] - setText(findTestObject(orPath_TaxPayer + "/input_BusinessReplastName"), " "): Text ' ' is set on object 'Object Repository/RAD_Pages/Taxpayer_Page/input_BusinessReplastName'

2024-01-14 16:47:59 - [MESSAGE][PASSED] - Text ' ' is set on object 'Object Repository/RAD_Pages/Taxpayer_Page/input_BusinessReplastName'

2024-01-14 16:47:59 - [TEST_STEP][PASSED] - setText(findTestObject(orPath_AddressContact + "/input_streetAddress1"), " "): Text ' ' is set on object 'Object Repository/RAD_Pages/AddressAndContactInfo_Page/input_streetAddress1'

2024-01-14 16:47:59 - [MESSAGE][PASSED] - Text ' ' is set on object 'Object Repository/RAD_Pages/AddressAndContactInfo_Page/input_streetAddress1'

2024-01-14 16:47:59 - [TEST_STEP][PASSED] - setText(findTestObject(orPath_AddressContact + "/input_city"), " "): Text ' ' is set on object 'Object Repository/RAD_Pages/AddressAndContactInfo_Page/input_city'

2024-01-14 16:48:00 - [MESSAGE][PASSED] - Text ' ' is set on object 'Object Repository/RAD_Pages/AddressAndContactInfo_Page/input_city'

2024-01-14 16:48:00 - [TEST_STEP][PASSED] - setText(findTestObject(orPath_AddressContact + "/input_zipCode"), " "): Text ' ' is set on object 'Object Repository/RAD_Pages/AddressAndContactInfo_Page/input_zipCode'

2024-01-14 16:48:01 - [MESSAGE][PASSED] - Text ' ' is set on object 'Object Repository/RAD_Pages/AddressAndContactInfo_Page/input_zipCode'

2024-01-14 16:48:01 - [TEST_STEP][PASSED] - setText(findTestObject(orPath_AddressContact + "/input_phoneNumber"), " "): Text ' ' is set on object 'Object Repository/RAD_Pages/AddressAndContactInfo_Page/input_phoneNumber'

2024-01-14 16:48:02 - [MESSAGE][PASSED] - Text ' ' is set on object 'Object Repository/RAD_Pages/AddressAndContactInfo_Page/input_phoneNumber'

2024-01-14 16:48:02 - [TEST_STEP][PASSED] - setText(findTestObject(orPath_AddressContact + "/input_eMailAddress"), " "): Text ' ' is set on object 'Object Repository/RAD_Pages/AddressAndContactInfo_Page/input_eMailAddress'

2024-01-14 16:48:03 - [MESSAGE][PASSED] - Text ' ' is set on object 'Object Repository/RAD_Pages/AddressAndContactInfo_Page/input_eMailAddress'

2024-01-14 16:48:03 - [TEST_STEP][PASSED] - setText(findTestObject(orPath_AddressContact + "/input_reEnterEMailAddress"), " "): Text ' ' is set on object 'Object Repository/RAD_Pages/AddressAndContactInfo_Page/input_reEnterEMailAddress'

2024-01-14 16:48:03 - [MESSAGE][PASSED] - Text ' ' is set on object 'Object Repository/RAD_Pages/AddressAndContactInfo_Page/input_reEnterEMailAddress'

2024-01-14 16:48:03 - [TEST_STEP][PASSED] - if (TaxType.equalsIgnoreCase("Estate Tax")): null

2024-01-14 16:48:03 - [TEST_STEP][PASSED] - resText = "Fail": null

2024-01-14 16:48:03 - [TEST_STEP][PASSED] - pages.WriteExcel.demoKey(resText, datText, resColumn, datCloumn, fileLoc, nameSheet, row): pages.WriteExcel.demoKey is PASSED

2024-01-14 16:48:04 - [MESSAGE][PASSED] - pages.WriteExcel.demoKey is PASSED

2024-01-14 16:48:04 - [TEST_STEP][PASSED] - verifyTextPresent("Enter business name", true, CONTINUE_ON_FAILURE): Text 'Enter business name' is present on page  using regular expression

2024-01-14 16:48:04 - [MESSAGE][PASSED] - Text 'Enter business name' is present on page  using regular expression

2024-01-14 16:48:04 - [TEST_STEP][PASSED] - verifyTextPresent("Enter business rep first name", true, CONTINUE_ON_FAILURE): Text 'Enter business rep first name' is present on page  using regular expression

2024-01-14 16:48:04 - [MESSAGE][PASSED] - Text 'Enter business rep first name' is present on page  using regular expression

2024-01-14 16:48:04 - [TEST_STEP][PASSED] - verifyTextPresent("Enter business rep last name", true, CONTINUE_ON_FAILURE): Text 'Enter business rep last name' is present on page  using regular expression

2024-01-14 16:48:05 - [MESSAGE][PASSED] - Text 'Enter business rep last name' is present on page  using regular expression

2024-01-14 16:48:05 - [TEST_STEP][PASSED] - verifyTextPresent("Enter address", true, CONTINUE_ON_FAILURE): Text 'Enter address' is present on page  using regular expression

2024-01-14 16:48:05 - [MESSAGE][PASSED] - Text 'Enter address' is present on page  using regular expression

2024-01-14 16:48:05 - [TEST_STEP][PASSED] - verifyTextPresent("Enter city", true, CONTINUE_ON_FAILURE): Text 'Enter city' is present on page  using regular expression

2024-01-14 16:48:05 - [MESSAGE][PASSED] - Text 'Enter city' is present on page  using regular expression

2024-01-14 16:48:05 - [TEST_STEP][PASSED] - verifyTextPresent("Enter ZIP code", true, CONTINUE_ON_FAILURE): Text 'Enter ZIP code' is present on page  using regular expression

2024-01-14 16:48:06 - [MESSAGE][PASSED] - Text 'Enter ZIP code' is present on page  using regular expression

2024-01-14 16:48:06 - [TEST_STEP][PASSED] - verifyTextPresent("Enter a valid phone number", true, CONTINUE_ON_FAILURE): Text 'Enter a valid phone number' is present on page  using regular expression

2024-01-14 16:48:06 - [MESSAGE][PASSED] - Text 'Enter a valid phone number' is present on page  using regular expression

2024-01-14 16:48:06 - [TEST_STEP][PASSED] - verifyTextPresent("Enter Email", true, CONTINUE_ON_FAILURE): Text 'Enter Email' is present on page  using regular expression

2024-01-14 16:48:07 - [MESSAGE][PASSED] - Text 'Enter Email' is present on page  using regular expression

2024-01-14 16:48:07 - [TEST_STEP][PASSED] - if (TaxType.equalsIgnoreCase("Estate Tax")): null

2024-01-14 16:48:07 - [TEST_STEP][PASSED] - resText = "Pass": null

2024-01-14 16:48:07 - [TEST_STEP][PASSED] - pages.WriteExcel.demoKey(resText, datText, resColumn, datCloumn, fileLoc, nameSheet, row): pages.WriteExcel.demoKey is PASSED

2024-01-14 16:48:07 - [MESSAGE][PASSED] - pages.WriteExcel.demoKey is PASSED

2024-01-14 16:48:07 - [TEST_STEP][PASSED] - ExecuteTC = findTestData(dataFile).getValue("Execute", row): null

2024-01-14 16:48:07 - [TEST_STEP][PASSED] - TaxType = findTestData(dataFile).getValue("TaxType", row): null

2024-01-14 16:48:07 - [TEST_STEP][PASSED] - PaymentType = findTestData(dataFile).getValue("PaymentType", row): null

2024-01-14 16:48:07 - [TEST_STEP][PASSED] - FilingYear = findTestData(dataFile).getValue("Year", row): null

2024-01-14 16:48:07 - [TEST_STEP][PASSED] - feinSSN = findTestData(dataFile).getValue("FeinSsn", row): null

2024-01-14 16:48:07 - [TEST_STEP][PASSED] - if (ExecuteTC.equalsIgnoreCase("Y")): pages.WriteExcel.demoKey is PASSED

2024-01-14 16:48:07 - [TEST_STEP][PASSED] - out.println("Begin Record Number: " + row): null

2024-01-14 16:48:07 - [TEST_STEP][PASSED] - today = new java.util.Date(): null

2024-01-14 16:48:07 - [TEST_STEP][PASSED] - println(today): null

2024-01-14 16:48:07 - [TEST_STEP][PASSED] - datText = today: null

2024-01-14 16:48:07 - [TEST_STEP][PASSED] - logInfo("Payment Type: New Tax Return Amount Due"): Payment Type: New Tax Return Amount Due

2024-01-14 16:48:07 - [MESSAGE][INFO] - Payment Type: New Tax Return Amount Due

2024-01-14 16:48:07 - [TEST_STEP][PASSED] - logInfo("Tax Type: " + TaxType): Tax Type: Tire Recycling Fee

2024-01-14 16:48:07 - [MESSAGE][INFO] - Tax Type: Tire Recycling Fee

2024-01-14 16:48:07 - [TEST_STEP][PASSED] - openBrowser(""): Browser is opened with url: ''

2024-01-14 16:48:07 - [MESSAGE][WARNING] - A browser is already opened. Closing browser and opening a new one

2024-01-14 16:48:08 - [MESSAGE][INFO] - Starting 'Chrome' driver

2024-01-14 16:48:08 - [MESSAGE][INFO] - User set preference: ['acceptInsecureCerts', 'true']

2024-01-14 16:48:08 - [MESSAGE][INFO] - Action delay is set to 0 milliseconds

2024-01-14 16:48:09 - [MESSAGE][PASSED] - Browser is opened with url: ''

2024-01-14 16:48:09 - [TEST_STEP][PASSED] - maximizeWindow(): Current window maximized

2024-01-14 16:48:10 - [MESSAGE][PASSED] - Current window maximized

2024-01-14 16:48:10 - [TEST_STEP][PASSED] - navigateToUrl(RADurl): Navigate to 'https://qa2.velocitypayment.com/client/rad/index.html' successfully

2024-01-14 16:48:10 - [MESSAGE][PASSED] - Navigate to 'https://qa2.velocitypayment.com/client/rad/index.html' successfully

2024-01-14 16:48:10 - [TEST_STEP][PASSED] - selectOptionByLabel(findTestObject(orPath_Landing + "/dd_TaxType"), "New Tax Return Amount Due", false): All options with label 'New Tax Return Amount Due' are selected in object 'Object Repository/RAD_Pages/Landing_Page/dd_TaxType' 

2024-01-14 16:48:12 - [MESSAGE][PASSED] - All options with label 'New Tax Return Amount Due' are selected in object 'Object Repository/RAD_Pages/Landing_Page/dd_TaxType' 

2024-01-14 16:48:12 - [TEST_STEP][PASSED] - selectOptionByLabel(findTestObject("Object Repository/RAD_Pages/Landing_Page/select_NewTaxReturnAmountDue_TaxType"), TaxType, false): All options with label 'Tire Recycling Fee' are selected in object 'Object Repository/RAD_Pages/Landing_Page/select_NewTaxReturnAmountDue_TaxType' 

2024-01-14 16:48:13 - [MESSAGE][PASSED] - All options with label 'Tire Recycling Fee' are selected in object 'Object Repository/RAD_Pages/Landing_Page/select_NewTaxReturnAmountDue_TaxType' 

2024-01-14 16:48:13 - [TEST_STEP][PASSED] - selectOptionByLabel(findTestObject(orPath_TaxTypeFilingYear + "/select_FilingYear"), FilingYear, false): All options with label '2023' are selected in object 'Object Repository/RAD_Pages/TaxTypeFilingYear_Page/select_FilingYear' 

2024-01-14 16:48:13 - [MESSAGE][PASSED] - All options with label '2023' are selected in object 'Object Repository/RAD_Pages/TaxTypeFilingYear_Page/select_FilingYear' 

2024-01-14 16:48:13 - [TEST_STEP][PASSED] - setText(findTestObject(orPath_TaxPayer + "/input_businessName"), " "): Text ' ' is set on object 'Object Repository/RAD_Pages/Taxpayer_Page/input_businessName'

2024-01-14 16:48:14 - [MESSAGE][PASSED] - Text ' ' is set on object 'Object Repository/RAD_Pages/Taxpayer_Page/input_businessName'

2024-01-14 16:48:14 - [TEST_STEP][PASSED] - setText(findTestObject(orPath_TaxPayer + "/input_BusinessRepfirstName"), " "): Text ' ' is set on object 'Object Repository/RAD_Pages/Taxpayer_Page/input_BusinessRepfirstName'

2024-01-14 16:48:15 - [MESSAGE][PASSED] - Text ' ' is set on object 'Object Repository/RAD_Pages/Taxpayer_Page/input_BusinessRepfirstName'

2024-01-14 16:48:15 - [TEST_STEP][PASSED] - setText(findTestObject(orPath_TaxPayer + "/input_BusinessReplastName"), " "): Text ' ' is set on object 'Object Repository/RAD_Pages/Taxpayer_Page/input_BusinessReplastName'

2024-01-14 16:48:15 - [MESSAGE][PASSED] - Text ' ' is set on object 'Object Repository/RAD_Pages/Taxpayer_Page/input_BusinessReplastName'

2024-01-14 16:48:15 - [TEST_STEP][PASSED] - setText(findTestObject(orPath_AddressContact + "/input_streetAddress1"), " "): Text ' ' is set on object 'Object Repository/RAD_Pages/AddressAndContactInfo_Page/input_streetAddress1'

2024-01-14 16:48:16 - [MESSAGE][PASSED] - Text ' ' is set on object 'Object Repository/RAD_Pages/AddressAndContactInfo_Page/input_streetAddress1'

2024-01-14 16:48:16 - [TEST_STEP][PASSED] - setText(findTestObject(orPath_AddressContact + "/input_city"), " "): Text ' ' is set on object 'Object Repository/RAD_Pages/AddressAndContactInfo_Page/input_city'

2024-01-14 16:48:17 - [MESSAGE][PASSED] - Text ' ' is set on object 'Object Repository/RAD_Pages/AddressAndContactInfo_Page/input_city'

2024-01-14 16:48:17 - [TEST_STEP][PASSED] - setText(findTestObject(orPath_AddressContact + "/input_zipCode"), " "): Text ' ' is set on object 'Object Repository/RAD_Pages/AddressAndContactInfo_Page/input_zipCode'

2024-01-14 16:48:17 - [MESSAGE][PASSED] - Text ' ' is set on object 'Object Repository/RAD_Pages/AddressAndContactInfo_Page/input_zipCode'

2024-01-14 16:48:17 - [TEST_STEP][PASSED] - setText(findTestObject(orPath_AddressContact + "/input_phoneNumber"), " "): Text ' ' is set on object 'Object Repository/RAD_Pages/AddressAndContactInfo_Page/input_phoneNumber'

2024-01-14 16:48:18 - [MESSAGE][PASSED] - Text ' ' is set on object 'Object Repository/RAD_Pages/AddressAndContactInfo_Page/input_phoneNumber'

2024-01-14 16:48:18 - [TEST_STEP][PASSED] - setText(findTestObject(orPath_AddressContact + "/input_eMailAddress"), " "): Text ' ' is set on object 'Object Repository/RAD_Pages/AddressAndContactInfo_Page/input_eMailAddress'

2024-01-14 16:48:19 - [MESSAGE][PASSED] - Text ' ' is set on object 'Object Repository/RAD_Pages/AddressAndContactInfo_Page/input_eMailAddress'

2024-01-14 16:48:19 - [TEST_STEP][PASSED] - setText(findTestObject(orPath_AddressContact + "/input_reEnterEMailAddress"), " "): Text ' ' is set on object 'Object Repository/RAD_Pages/AddressAndContactInfo_Page/input_reEnterEMailAddress'

2024-01-14 16:48:20 - [MESSAGE][PASSED] - Text ' ' is set on object 'Object Repository/RAD_Pages/AddressAndContactInfo_Page/input_reEnterEMailAddress'

2024-01-14 16:48:20 - [TEST_STEP][PASSED] - if (TaxType.equalsIgnoreCase("Estate Tax")): null

2024-01-14 16:48:20 - [TEST_STEP][PASSED] - resText = "Fail": null

2024-01-14 16:48:20 - [TEST_STEP][PASSED] - pages.WriteExcel.demoKey(resText, datText, resColumn, datCloumn, fileLoc, nameSheet, row): pages.WriteExcel.demoKey is PASSED

2024-01-14 16:48:20 - [MESSAGE][PASSED] - pages.WriteExcel.demoKey is PASSED

2024-01-14 16:48:20 - [TEST_STEP][PASSED] - verifyTextPresent("Enter business name", true, CONTINUE_ON_FAILURE): Text 'Enter business name' is present on page  using regular expression

2024-01-14 16:48:20 - [MESSAGE][PASSED] - Text 'Enter business name' is present on page  using regular expression

2024-01-14 16:48:20 - [TEST_STEP][PASSED] - verifyTextPresent("Enter business rep first name", true, CONTINUE_ON_FAILURE): Text 'Enter business rep first name' is present on page  using regular expression

2024-01-14 16:48:21 - [MESSAGE][PASSED] - Text 'Enter business rep first name' is present on page  using regular expression

2024-01-14 16:48:21 - [TEST_STEP][PASSED] - verifyTextPresent("Enter business rep last name", true, CONTINUE_ON_FAILURE): Text 'Enter business rep last name' is present on page  using regular expression

2024-01-14 16:48:21 - [MESSAGE][PASSED] - Text 'Enter business rep last name' is present on page  using regular expression

2024-01-14 16:48:21 - [TEST_STEP][PASSED] - verifyTextPresent("Enter address", true, CONTINUE_ON_FAILURE): Text 'Enter address' is present on page  using regular expression

2024-01-14 16:48:21 - [MESSAGE][PASSED] - Text 'Enter address' is present on page  using regular expression

2024-01-14 16:48:21 - [TEST_STEP][PASSED] - verifyTextPresent("Enter city", true, CONTINUE_ON_FAILURE): Text 'Enter city' is present on page  using regular expression

2024-01-14 16:48:22 - [MESSAGE][PASSED] - Text 'Enter city' is present on page  using regular expression

2024-01-14 16:48:22 - [TEST_STEP][PASSED] - verifyTextPresent("Enter ZIP code", true, CONTINUE_ON_FAILURE): Text 'Enter ZIP code' is present on page  using regular expression

2024-01-14 16:48:22 - [MESSAGE][PASSED] - Text 'Enter ZIP code' is present on page  using regular expression

2024-01-14 16:48:22 - [TEST_STEP][PASSED] - verifyTextPresent("Enter a valid phone number", true, CONTINUE_ON_FAILURE): Text 'Enter a valid phone number' is present on page  using regular expression

2024-01-14 16:48:23 - [MESSAGE][PASSED] - Text 'Enter a valid phone number' is present on page  using regular expression

2024-01-14 16:48:23 - [TEST_STEP][PASSED] - verifyTextPresent("Enter Email", true, CONTINUE_ON_FAILURE): Text 'Enter Email' is present on page  using regular expression

2024-01-14 16:48:23 - [MESSAGE][PASSED] - Text 'Enter Email' is present on page  using regular expression

2024-01-14 16:48:23 - [TEST_STEP][PASSED] - if (TaxType.equalsIgnoreCase("Estate Tax")): null

2024-01-14 16:48:23 - [TEST_STEP][PASSED] - resText = "Pass": null

2024-01-14 16:48:23 - [TEST_STEP][PASSED] - pages.WriteExcel.demoKey(resText, datText, resColumn, datCloumn, fileLoc, nameSheet, row): pages.WriteExcel.demoKey is PASSED

2024-01-14 16:48:23 - [MESSAGE][PASSED] - pages.WriteExcel.demoKey is PASSED

2024-01-14 16:48:23 - [TEST_STEP][PASSED] - ExecuteTC = findTestData(dataFile).getValue("Execute", row): null

2024-01-14 16:48:23 - [TEST_STEP][PASSED] - TaxType = findTestData(dataFile).getValue("TaxType", row): null

2024-01-14 16:48:23 - [TEST_STEP][PASSED] - PaymentType = findTestData(dataFile).getValue("PaymentType", row): null

2024-01-14 16:48:23 - [TEST_STEP][PASSED] - FilingYear = findTestData(dataFile).getValue("Year", row): null

2024-01-14 16:48:23 - [TEST_STEP][PASSED] - feinSSN = findTestData(dataFile).getValue("FeinSsn", row): null

2024-01-14 16:48:23 - [TEST_STEP][PASSED] - if (ExecuteTC.equalsIgnoreCase("Y")): pages.WriteExcel.demoKey is PASSED

2024-01-14 16:48:23 - [TEST_STEP][PASSED] - out.println("Begin Record Number: " + row): null

2024-01-14 16:48:23 - [TEST_STEP][PASSED] - today = new java.util.Date(): null

2024-01-14 16:48:23 - [TEST_STEP][PASSED] - println(today): null

2024-01-14 16:48:23 - [TEST_STEP][PASSED] - datText = today: null

2024-01-14 16:48:23 - [TEST_STEP][PASSED] - logInfo("Payment Type: New Tax Return Amount Due"): Payment Type: New Tax Return Amount Due

2024-01-14 16:48:23 - [MESSAGE][INFO] - Payment Type: New Tax Return Amount Due

2024-01-14 16:48:23 - [TEST_STEP][PASSED] - logInfo("Tax Type: " + TaxType): Tax Type: Tobacco Tax

2024-01-14 16:48:23 - [MESSAGE][INFO] - Tax Type: Tobacco Tax

2024-01-14 16:48:23 - [TEST_STEP][PASSED] - openBrowser(""): Browser is opened with url: ''

2024-01-14 16:48:23 - [MESSAGE][WARNING] - A browser is already opened. Closing browser and opening a new one

2024-01-14 16:48:24 - [MESSAGE][INFO] - Starting 'Chrome' driver

2024-01-14 16:48:24 - [MESSAGE][INFO] - User set preference: ['acceptInsecureCerts', 'true']

2024-01-14 16:48:24 - [MESSAGE][INFO] - Action delay is set to 0 milliseconds

2024-01-14 16:48:26 - [MESSAGE][PASSED] - Browser is opened with url: ''

2024-01-14 16:48:26 - [TEST_STEP][PASSED] - maximizeWindow(): Current window maximized

2024-01-14 16:48:26 - [MESSAGE][PASSED] - Current window maximized

2024-01-14 16:48:26 - [TEST_STEP][PASSED] - navigateToUrl(RADurl): Navigate to 'https://qa2.velocitypayment.com/client/rad/index.html' successfully

2024-01-14 16:48:28 - [MESSAGE][PASSED] - Navigate to 'https://qa2.velocitypayment.com/client/rad/index.html' successfully

2024-01-14 16:48:28 - [TEST_STEP][PASSED] - selectOptionByLabel(findTestObject(orPath_Landing + "/dd_TaxType"), "New Tax Return Amount Due", false): All options with label 'New Tax Return Amount Due' are selected in object 'Object Repository/RAD_Pages/Landing_Page/dd_TaxType' 

2024-01-14 16:48:28 - [MESSAGE][PASSED] - All options with label 'New Tax Return Amount Due' are selected in object 'Object Repository/RAD_Pages/Landing_Page/dd_TaxType' 

2024-01-14 16:48:28 - [TEST_STEP][PASSED] - selectOptionByLabel(findTestObject("Object Repository/RAD_Pages/Landing_Page/select_NewTaxReturnAmountDue_TaxType"), TaxType, false): All options with label 'Tobacco Tax' are selected in object 'Object Repository/RAD_Pages/Landing_Page/select_NewTaxReturnAmountDue_TaxType' 

2024-01-14 16:48:29 - [MESSAGE][PASSED] - All options with label 'Tobacco Tax' are selected in object 'Object Repository/RAD_Pages/Landing_Page/select_NewTaxReturnAmountDue_TaxType' 

2024-01-14 16:48:29 - [TEST_STEP][PASSED] - selectOptionByLabel(findTestObject(orPath_TaxTypeFilingYear + "/select_FilingYear"), FilingYear, false): All options with label '2023' are selected in object 'Object Repository/RAD_Pages/TaxTypeFilingYear_Page/select_FilingYear' 

2024-01-14 16:48:30 - [MESSAGE][PASSED] - All options with label '2023' are selected in object 'Object Repository/RAD_Pages/TaxTypeFilingYear_Page/select_FilingYear' 

2024-01-14 16:48:30 - [TEST_STEP][PASSED] - setText(findTestObject(orPath_TaxPayer + "/input_businessName"), " "): Text ' ' is set on object 'Object Repository/RAD_Pages/Taxpayer_Page/input_businessName'

2024-01-14 16:48:30 - [MESSAGE][PASSED] - Text ' ' is set on object 'Object Repository/RAD_Pages/Taxpayer_Page/input_businessName'

2024-01-14 16:48:30 - [TEST_STEP][PASSED] - setText(findTestObject(orPath_TaxPayer + "/input_BusinessRepfirstName"), " "): Text ' ' is set on object 'Object Repository/RAD_Pages/Taxpayer_Page/input_BusinessRepfirstName'

2024-01-14 16:48:31 - [MESSAGE][PASSED] - Text ' ' is set on object 'Object Repository/RAD_Pages/Taxpayer_Page/input_BusinessRepfirstName'

2024-01-14 16:48:31 - [TEST_STEP][PASSED] - setText(findTestObject(orPath_TaxPayer + "/input_BusinessReplastName"), " "): Text ' ' is set on object 'Object Repository/RAD_Pages/Taxpayer_Page/input_BusinessReplastName'

2024-01-14 16:48:32 - [MESSAGE][PASSED] - Text ' ' is set on object 'Object Repository/RAD_Pages/Taxpayer_Page/input_BusinessReplastName'

2024-01-14 16:48:32 - [TEST_STEP][PASSED] - setText(findTestObject(orPath_AddressContact + "/input_streetAddress1"), " "): Text ' ' is set on object 'Object Repository/RAD_Pages/AddressAndContactInfo_Page/input_streetAddress1'

2024-01-14 16:48:32 - [MESSAGE][PASSED] - Text ' ' is set on object 'Object Repository/RAD_Pages/AddressAndContactInfo_Page/input_streetAddress1'

2024-01-14 16:48:32 - [TEST_STEP][PASSED] - setText(findTestObject(orPath_AddressContact + "/input_city"), " "): Text ' ' is set on object 'Object Repository/RAD_Pages/AddressAndContactInfo_Page/input_city'

2024-01-14 16:48:33 - [MESSAGE][PASSED] - Text ' ' is set on object 'Object Repository/RAD_Pages/AddressAndContactInfo_Page/input_city'

2024-01-14 16:48:33 - [TEST_STEP][PASSED] - setText(findTestObject(orPath_AddressContact + "/input_zipCode"), " "): Text ' ' is set on object 'Object Repository/RAD_Pages/AddressAndContactInfo_Page/input_zipCode'

2024-01-14 16:48:34 - [MESSAGE][PASSED] - Text ' ' is set on object 'Object Repository/RAD_Pages/AddressAndContactInfo_Page/input_zipCode'

2024-01-14 16:48:34 - [TEST_STEP][PASSED] - setText(findTestObject(orPath_AddressContact + "/input_phoneNumber"), " "): Text ' ' is set on object 'Object Repository/RAD_Pages/AddressAndContactInfo_Page/input_phoneNumber'

2024-01-14 16:48:35 - [MESSAGE][PASSED] - Text ' ' is set on object 'Object Repository/RAD_Pages/AddressAndContactInfo_Page/input_phoneNumber'

2024-01-14 16:48:35 - [TEST_STEP][PASSED] - setText(findTestObject(orPath_AddressContact + "/input_eMailAddress"), " "): Text ' ' is set on object 'Object Repository/RAD_Pages/AddressAndContactInfo_Page/input_eMailAddress'

2024-01-14 16:48:35 - [MESSAGE][PASSED] - Text ' ' is set on object 'Object Repository/RAD_Pages/AddressAndContactInfo_Page/input_eMailAddress'

2024-01-14 16:48:35 - [TEST_STEP][PASSED] - setText(findTestObject(orPath_AddressContact + "/input_reEnterEMailAddress"), " "): Text ' ' is set on object 'Object Repository/RAD_Pages/AddressAndContactInfo_Page/input_reEnterEMailAddress'

2024-01-14 16:48:36 - [MESSAGE][PASSED] - Text ' ' is set on object 'Object Repository/RAD_Pages/AddressAndContactInfo_Page/input_reEnterEMailAddress'

2024-01-14 16:48:36 - [TEST_STEP][PASSED] - if (TaxType.equalsIgnoreCase("Estate Tax")): null

2024-01-14 16:48:36 - [TEST_STEP][PASSED] - resText = "Fail": null

2024-01-14 16:48:36 - [TEST_STEP][PASSED] - pages.WriteExcel.demoKey(resText, datText, resColumn, datCloumn, fileLoc, nameSheet, row): pages.WriteExcel.demoKey is PASSED

2024-01-14 16:48:36 - [MESSAGE][PASSED] - pages.WriteExcel.demoKey is PASSED

2024-01-14 16:48:36 - [TEST_STEP][PASSED] - verifyTextPresent("Enter business name", true, CONTINUE_ON_FAILURE): Text 'Enter business name' is present on page  using regular expression

2024-01-14 16:48:37 - [MESSAGE][PASSED] - Text 'Enter business name' is present on page  using regular expression

2024-01-14 16:48:37 - [TEST_STEP][PASSED] - verifyTextPresent("Enter business rep first name", true, CONTINUE_ON_FAILURE): Text 'Enter business rep first name' is present on page  using regular expression

2024-01-14 16:48:37 - [MESSAGE][PASSED] - Text 'Enter business rep first name' is present on page  using regular expression

2024-01-14 16:48:37 - [TEST_STEP][PASSED] - verifyTextPresent("Enter business rep last name", true, CONTINUE_ON_FAILURE): Text 'Enter business rep last name' is present on page  using regular expression

2024-01-14 16:48:37 - [MESSAGE][PASSED] - Text 'Enter business rep last name' is present on page  using regular expression

2024-01-14 16:48:37 - [TEST_STEP][PASSED] - verifyTextPresent("Enter address", true, CONTINUE_ON_FAILURE): Text 'Enter address' is present on page  using regular expression

2024-01-14 16:48:38 - [MESSAGE][PASSED] - Text 'Enter address' is present on page  using regular expression

2024-01-14 16:48:38 - [TEST_STEP][PASSED] - verifyTextPresent("Enter city", true, CONTINUE_ON_FAILURE): Text 'Enter city' is present on page  using regular expression

2024-01-14 16:48:38 - [MESSAGE][PASSED] - Text 'Enter city' is present on page  using regular expression

2024-01-14 16:48:38 - [TEST_STEP][PASSED] - verifyTextPresent("Enter ZIP code", true, CONTINUE_ON_FAILURE): Text 'Enter ZIP code' is present on page  using regular expression

2024-01-14 16:48:38 - [MESSAGE][PASSED] - Text 'Enter ZIP code' is present on page  using regular expression

2024-01-14 16:48:38 - [TEST_STEP][PASSED] - verifyTextPresent("Enter a valid phone number", true, CONTINUE_ON_FAILURE): Text 'Enter a valid phone number' is present on page  using regular expression

2024-01-14 16:48:39 - [MESSAGE][PASSED] - Text 'Enter a valid phone number' is present on page  using regular expression

2024-01-14 16:48:39 - [TEST_STEP][PASSED] - verifyTextPresent("Enter Email", true, CONTINUE_ON_FAILURE): Text 'Enter Email' is present on page  using regular expression

2024-01-14 16:48:39 - [MESSAGE][PASSED] - Text 'Enter Email' is present on page  using regular expression

2024-01-14 16:48:39 - [TEST_STEP][PASSED] - if (TaxType.equalsIgnoreCase("Estate Tax")): null

2024-01-14 16:48:39 - [TEST_STEP][PASSED] - resText = "Pass": null

2024-01-14 16:48:39 - [TEST_STEP][PASSED] - pages.WriteExcel.demoKey(resText, datText, resColumn, datCloumn, fileLoc, nameSheet, row): pages.WriteExcel.demoKey is PASSED

2024-01-14 16:48:39 - [MESSAGE][PASSED] - pages.WriteExcel.demoKey is PASSED

2024-01-14 16:48:39 - [TEST_STEP][PASSED] - ExecuteTC = findTestData(dataFile).getValue("Execute", row): null

2024-01-14 16:48:39 - [TEST_STEP][PASSED] - TaxType = findTestData(dataFile).getValue("TaxType", row): null

2024-01-14 16:48:39 - [TEST_STEP][PASSED] - PaymentType = findTestData(dataFile).getValue("PaymentType", row): null

2024-01-14 16:48:39 - [TEST_STEP][PASSED] - FilingYear = findTestData(dataFile).getValue("Year", row): null

2024-01-14 16:48:39 - [TEST_STEP][PASSED] - feinSSN = findTestData(dataFile).getValue("FeinSsn", row): null

2024-01-14 16:48:39 - [TEST_STEP][PASSED] - if (ExecuteTC.equalsIgnoreCase("Y")): pages.WriteExcel.demoKey is PASSED

2024-01-14 16:48:39 - [TEST_STEP][PASSED] - out.println("Begin Record Number: " + row): null

2024-01-14 16:48:39 - [TEST_STEP][PASSED] - today = new java.util.Date(): null

2024-01-14 16:48:39 - [TEST_STEP][PASSED] - println(today): null

2024-01-14 16:48:39 - [TEST_STEP][PASSED] - datText = today: null

2024-01-14 16:48:39 - [TEST_STEP][PASSED] - logInfo("Payment Type: New Tax Return Amount Due"): Payment Type: New Tax Return Amount Due

2024-01-14 16:48:39 - [MESSAGE][INFO] - Payment Type: New Tax Return Amount Due

2024-01-14 16:48:39 - [TEST_STEP][PASSED] - logInfo("Tax Type: " + TaxType): Tax Type: Transportation Network Services

2024-01-14 16:48:39 - [MESSAGE][INFO] - Tax Type: Transportation Network Services

2024-01-14 16:48:39 - [TEST_STEP][PASSED] - openBrowser(""): Browser is opened with url: ''

2024-01-14 16:48:40 - [MESSAGE][WARNING] - A browser is already opened. Closing browser and opening a new one

2024-01-14 16:48:41 - [MESSAGE][INFO] - Starting 'Chrome' driver

2024-01-14 16:48:41 - [MESSAGE][INFO] - User set preference: ['acceptInsecureCerts', 'true']

2024-01-14 16:48:41 - [MESSAGE][INFO] - Action delay is set to 0 milliseconds

2024-01-14 16:48:42 - [MESSAGE][PASSED] - Browser is opened with url: ''

2024-01-14 16:48:42 - [TEST_STEP][PASSED] - maximizeWindow(): Current window maximized

2024-01-14 16:48:42 - [MESSAGE][PASSED] - Current window maximized

2024-01-14 16:48:42 - [TEST_STEP][PASSED] - navigateToUrl(RADurl): Navigate to 'https://qa2.velocitypayment.com/client/rad/index.html' successfully

2024-01-14 16:48:42 - [MESSAGE][PASSED] - Navigate to 'https://qa2.velocitypayment.com/client/rad/index.html' successfully

2024-01-14 16:48:42 - [TEST_STEP][PASSED] - selectOptionByLabel(findTestObject(orPath_Landing + "/dd_TaxType"), "New Tax Return Amount Due", false): All options with label 'New Tax Return Amount Due' are selected in object 'Object Repository/RAD_Pages/Landing_Page/dd_TaxType' 

2024-01-14 16:48:45 - [MESSAGE][PASSED] - All options with label 'New Tax Return Amount Due' are selected in object 'Object Repository/RAD_Pages/Landing_Page/dd_TaxType' 

2024-01-14 16:48:45 - [TEST_STEP][PASSED] - selectOptionByLabel(findTestObject("Object Repository/RAD_Pages/Landing_Page/select_NewTaxReturnAmountDue_TaxType"), TaxType, false): All options with label 'Transportation Network Services' are selected in object 'Object Repository/RAD_Pages/Landing_Page/select_NewTaxReturnAmountDue_TaxType' 

2024-01-14 16:48:45 - [MESSAGE][PASSED] - All options with label 'Transportation Network Services' are selected in object 'Object Repository/RAD_Pages/Landing_Page/select_NewTaxReturnAmountDue_TaxType' 

2024-01-14 16:48:45 - [TEST_STEP][PASSED] - selectOptionByLabel(findTestObject(orPath_TaxTypeFilingYear + "/select_FilingYear"), FilingYear, false): All options with label '2023' are selected in object 'Object Repository/RAD_Pages/TaxTypeFilingYear_Page/select_FilingYear' 

2024-01-14 16:48:46 - [MESSAGE][PASSED] - All options with label '2023' are selected in object 'Object Repository/RAD_Pages/TaxTypeFilingYear_Page/select_FilingYear' 

2024-01-14 16:48:46 - [TEST_STEP][PASSED] - setText(findTestObject(orPath_TaxPayer + "/input_businessName"), " "): Text ' ' is set on object 'Object Repository/RAD_Pages/Taxpayer_Page/input_businessName'

2024-01-14 16:48:47 - [MESSAGE][PASSED] - Text ' ' is set on object 'Object Repository/RAD_Pages/Taxpayer_Page/input_businessName'

2024-01-14 16:48:47 - [TEST_STEP][PASSED] - setText(findTestObject(orPath_TaxPayer + "/input_BusinessRepfirstName"), " "): Text ' ' is set on object 'Object Repository/RAD_Pages/Taxpayer_Page/input_BusinessRepfirstName'

2024-01-14 16:48:47 - [MESSAGE][PASSED] - Text ' ' is set on object 'Object Repository/RAD_Pages/Taxpayer_Page/input_BusinessRepfirstName'

2024-01-14 16:48:47 - [TEST_STEP][PASSED] - setText(findTestObject(orPath_TaxPayer + "/input_BusinessReplastName"), " "): Text ' ' is set on object 'Object Repository/RAD_Pages/Taxpayer_Page/input_BusinessReplastName'

2024-01-14 16:48:48 - [MESSAGE][PASSED] - Text ' ' is set on object 'Object Repository/RAD_Pages/Taxpayer_Page/input_BusinessReplastName'

2024-01-14 16:48:48 - [TEST_STEP][PASSED] - setText(findTestObject(orPath_AddressContact + "/input_streetAddress1"), " "): Text ' ' is set on object 'Object Repository/RAD_Pages/AddressAndContactInfo_Page/input_streetAddress1'

2024-01-14 16:48:49 - [MESSAGE][PASSED] - Text ' ' is set on object 'Object Repository/RAD_Pages/AddressAndContactInfo_Page/input_streetAddress1'

2024-01-14 16:48:49 - [TEST_STEP][PASSED] - setText(findTestObject(orPath_AddressContact + "/input_city"), " "): Text ' ' is set on object 'Object Repository/RAD_Pages/AddressAndContactInfo_Page/input_city'

2024-01-14 16:48:49 - [MESSAGE][PASSED] - Text ' ' is set on object 'Object Repository/RAD_Pages/AddressAndContactInfo_Page/input_city'

2024-01-14 16:48:49 - [TEST_STEP][PASSED] - setText(findTestObject(orPath_AddressContact + "/input_zipCode"), " "): Text ' ' is set on object 'Object Repository/RAD_Pages/AddressAndContactInfo_Page/input_zipCode'

2024-01-14 16:48:50 - [MESSAGE][PASSED] - Text ' ' is set on object 'Object Repository/RAD_Pages/AddressAndContactInfo_Page/input_zipCode'

2024-01-14 16:48:50 - [TEST_STEP][PASSED] - setText(findTestObject(orPath_AddressContact + "/input_phoneNumber"), " "): Text ' ' is set on object 'Object Repository/RAD_Pages/AddressAndContactInfo_Page/input_phoneNumber'

2024-01-14 16:48:51 - [MESSAGE][PASSED] - Text ' ' is set on object 'Object Repository/RAD_Pages/AddressAndContactInfo_Page/input_phoneNumber'

2024-01-14 16:48:51 - [TEST_STEP][PASSED] - setText(findTestObject(orPath_AddressContact + "/input_eMailAddress"), " "): Text ' ' is set on object 'Object Repository/RAD_Pages/AddressAndContactInfo_Page/input_eMailAddress'

2024-01-14 16:48:52 - [MESSAGE][PASSED] - Text ' ' is set on object 'Object Repository/RAD_Pages/AddressAndContactInfo_Page/input_eMailAddress'

2024-01-14 16:48:52 - [TEST_STEP][PASSED] - setText(findTestObject(orPath_AddressContact + "/input_reEnterEMailAddress"), " "): Text ' ' is set on object 'Object Repository/RAD_Pages/AddressAndContactInfo_Page/input_reEnterEMailAddress'

2024-01-14 16:48:53 - [MESSAGE][PASSED] - Text ' ' is set on object 'Object Repository/RAD_Pages/AddressAndContactInfo_Page/input_reEnterEMailAddress'

2024-01-14 16:48:53 - [TEST_STEP][PASSED] - if (TaxType.equalsIgnoreCase("Estate Tax")): null

2024-01-14 16:48:53 - [TEST_STEP][PASSED] - resText = "Fail": null

2024-01-14 16:48:53 - [TEST_STEP][PASSED] - pages.WriteExcel.demoKey(resText, datText, resColumn, datCloumn, fileLoc, nameSheet, row): pages.WriteExcel.demoKey is PASSED

2024-01-14 16:48:53 - [MESSAGE][PASSED] - pages.WriteExcel.demoKey is PASSED

2024-01-14 16:48:53 - [TEST_STEP][PASSED] - verifyTextPresent("Enter business name", true, CONTINUE_ON_FAILURE): Text 'Enter business name' is present on page  using regular expression

2024-01-14 16:48:53 - [MESSAGE][PASSED] - Text 'Enter business name' is present on page  using regular expression

2024-01-14 16:48:53 - [TEST_STEP][PASSED] - verifyTextPresent("Enter business rep first name", true, CONTINUE_ON_FAILURE): Text 'Enter business rep first name' is present on page  using regular expression

2024-01-14 16:48:54 - [MESSAGE][PASSED] - Text 'Enter business rep first name' is present on page  using regular expression

2024-01-14 16:48:54 - [TEST_STEP][PASSED] - verifyTextPresent("Enter business rep last name", true, CONTINUE_ON_FAILURE): Text 'Enter business rep last name' is present on page  using regular expression

2024-01-14 16:48:54 - [MESSAGE][PASSED] - Text 'Enter business rep last name' is present on page  using regular expression

2024-01-14 16:48:54 - [TEST_STEP][PASSED] - verifyTextPresent("Enter address", true, CONTINUE_ON_FAILURE): Text 'Enter address' is present on page  using regular expression

2024-01-14 16:48:54 - [MESSAGE][PASSED] - Text 'Enter address' is present on page  using regular expression

2024-01-14 16:48:54 - [TEST_STEP][PASSED] - verifyTextPresent("Enter city", true, CONTINUE_ON_FAILURE): Text 'Enter city' is present on page  using regular expression

2024-01-14 16:48:55 - [MESSAGE][PASSED] - Text 'Enter city' is present on page  using regular expression

2024-01-14 16:48:55 - [TEST_STEP][PASSED] - verifyTextPresent("Enter ZIP code", true, CONTINUE_ON_FAILURE): Text 'Enter ZIP code' is present on page  using regular expression

2024-01-14 16:48:55 - [MESSAGE][PASSED] - Text 'Enter ZIP code' is present on page  using regular expression

2024-01-14 16:48:55 - [TEST_STEP][PASSED] - verifyTextPresent("Enter a valid phone number", true, CONTINUE_ON_FAILURE): Text 'Enter a valid phone number' is present on page  using regular expression

2024-01-14 16:48:55 - [MESSAGE][PASSED] - Text 'Enter a valid phone number' is present on page  using regular expression

2024-01-14 16:48:55 - [TEST_STEP][PASSED] - verifyTextPresent("Enter Email", true, CONTINUE_ON_FAILURE): Text 'Enter Email' is present on page  using regular expression

2024-01-14 16:48:56 - [MESSAGE][PASSED] - Text 'Enter Email' is present on page  using regular expression

2024-01-14 16:48:56 - [TEST_STEP][PASSED] - if (TaxType.equalsIgnoreCase("Estate Tax")): null

2024-01-14 16:48:56 - [TEST_STEP][PASSED] - resText = "Pass": null

2024-01-14 16:48:56 - [TEST_STEP][PASSED] - pages.WriteExcel.demoKey(resText, datText, resColumn, datCloumn, fileLoc, nameSheet, row): pages.WriteExcel.demoKey is PASSED

2024-01-14 16:48:56 - [MESSAGE][PASSED] - pages.WriteExcel.demoKey is PASSED

2024-01-14 16:48:56 - [TEST_STEP][PASSED] - ExecuteTC = findTestData(dataFile).getValue("Execute", row): null

2024-01-14 16:48:56 - [TEST_STEP][PASSED] - TaxType = findTestData(dataFile).getValue("TaxType", row): null

2024-01-14 16:48:56 - [TEST_STEP][PASSED] - PaymentType = findTestData(dataFile).getValue("PaymentType", row): null

2024-01-14 16:48:56 - [TEST_STEP][PASSED] - FilingYear = findTestData(dataFile).getValue("Year", row): null

2024-01-14 16:48:56 - [TEST_STEP][PASSED] - feinSSN = findTestData(dataFile).getValue("FeinSsn", row): null

2024-01-14 16:48:56 - [TEST_STEP][PASSED] - if (ExecuteTC.equalsIgnoreCase("Y")): pages.WriteExcel.demoKey is PASSED

2024-01-14 16:48:56 - [TEST_STEP][PASSED] - out.println("Begin Record Number: " + row): null

2024-01-14 16:48:56 - [TEST_STEP][PASSED] - today = new java.util.Date(): null

2024-01-14 16:48:56 - [TEST_STEP][PASSED] - println(today): null

2024-01-14 16:48:56 - [TEST_STEP][PASSED] - datText = today: null

2024-01-14 16:48:56 - [TEST_STEP][PASSED] - logInfo("Payment Type: New Tax Return Amount Due"): Payment Type: New Tax Return Amount Due

2024-01-14 16:48:56 - [MESSAGE][INFO] - Payment Type: New Tax Return Amount Due

2024-01-14 16:48:56 - [TEST_STEP][PASSED] - logInfo("Tax Type: " + TaxType): Tax Type: Unclaimed Property

2024-01-14 16:48:56 - [MESSAGE][INFO] - Tax Type: Unclaimed Property

2024-01-14 16:48:56 - [TEST_STEP][PASSED] - openBrowser(""): Browser is opened with url: ''

2024-01-14 16:48:56 - [MESSAGE][WARNING] - A browser is already opened. Closing browser and opening a new one

2024-01-14 16:48:57 - [MESSAGE][INFO] - Starting 'Chrome' driver

2024-01-14 16:48:57 - [MESSAGE][INFO] - User set preference: ['acceptInsecureCerts', 'true']

2024-01-14 16:48:57 - [MESSAGE][INFO] - Action delay is set to 0 milliseconds

2024-01-14 16:48:59 - [MESSAGE][PASSED] - Browser is opened with url: ''

2024-01-14 16:48:59 - [TEST_STEP][PASSED] - maximizeWindow(): Current window maximized

2024-01-14 16:48:59 - [MESSAGE][PASSED] - Current window maximized

2024-01-14 16:48:59 - [TEST_STEP][PASSED] - navigateToUrl(RADurl): Navigate to 'https://qa2.velocitypayment.com/client/rad/index.html' successfully

2024-01-14 16:48:59 - [MESSAGE][PASSED] - Navigate to 'https://qa2.velocitypayment.com/client/rad/index.html' successfully

2024-01-14 16:48:59 - [TEST_STEP][PASSED] - selectOptionByLabel(findTestObject(orPath_Landing + "/dd_TaxType"), "New Tax Return Amount Due", false): All options with label 'New Tax Return Amount Due' are selected in object 'Object Repository/RAD_Pages/Landing_Page/dd_TaxType' 

2024-01-14 16:49:01 - [MESSAGE][PASSED] - All options with label 'New Tax Return Amount Due' are selected in object 'Object Repository/RAD_Pages/Landing_Page/dd_TaxType' 

2024-01-14 16:49:01 - [TEST_STEP][PASSED] - selectOptionByLabel(findTestObject("Object Repository/RAD_Pages/Landing_Page/select_NewTaxReturnAmountDue_TaxType"), TaxType, false): All options with label 'Unclaimed Property' are selected in object 'Object Repository/RAD_Pages/Landing_Page/select_NewTaxReturnAmountDue_TaxType' 

2024-01-14 16:49:02 - [MESSAGE][PASSED] - All options with label 'Unclaimed Property' are selected in object 'Object Repository/RAD_Pages/Landing_Page/select_NewTaxReturnAmountDue_TaxType' 

2024-01-14 16:49:02 - [TEST_STEP][PASSED] - selectOptionByLabel(findTestObject(orPath_TaxTypeFilingYear + "/select_FilingYear"), FilingYear, false): All options with label '2023' are selected in object 'Object Repository/RAD_Pages/TaxTypeFilingYear_Page/select_FilingYear' 

2024-01-14 16:49:03 - [MESSAGE][PASSED] - All options with label '2023' are selected in object 'Object Repository/RAD_Pages/TaxTypeFilingYear_Page/select_FilingYear' 

2024-01-14 16:49:03 - [TEST_STEP][PASSED] - setText(findTestObject(orPath_TaxPayer + "/input_businessName"), " "): Text ' ' is set on object 'Object Repository/RAD_Pages/Taxpayer_Page/input_businessName'

2024-01-14 16:49:03 - [MESSAGE][PASSED] - Text ' ' is set on object 'Object Repository/RAD_Pages/Taxpayer_Page/input_businessName'

2024-01-14 16:49:03 - [TEST_STEP][PASSED] - setText(findTestObject(orPath_TaxPayer + "/input_BusinessRepfirstName"), " "): Text ' ' is set on object 'Object Repository/RAD_Pages/Taxpayer_Page/input_BusinessRepfirstName'

2024-01-14 16:49:04 - [MESSAGE][PASSED] - Text ' ' is set on object 'Object Repository/RAD_Pages/Taxpayer_Page/input_BusinessRepfirstName'

2024-01-14 16:49:04 - [TEST_STEP][PASSED] - setText(findTestObject(orPath_TaxPayer + "/input_BusinessReplastName"), " "): Text ' ' is set on object 'Object Repository/RAD_Pages/Taxpayer_Page/input_BusinessReplastName'

2024-01-14 16:49:05 - [MESSAGE][PASSED] - Text ' ' is set on object 'Object Repository/RAD_Pages/Taxpayer_Page/input_BusinessReplastName'

2024-01-14 16:49:05 - [TEST_STEP][PASSED] - setText(findTestObject(orPath_AddressContact + "/input_streetAddress1"), " "): Text ' ' is set on object 'Object Repository/RAD_Pages/AddressAndContactInfo_Page/input_streetAddress1'

2024-01-14 16:49:05 - [MESSAGE][PASSED] - Text ' ' is set on object 'Object Repository/RAD_Pages/AddressAndContactInfo_Page/input_streetAddress1'

2024-01-14 16:49:05 - [TEST_STEP][PASSED] - setText(findTestObject(orPath_AddressContact + "/input_city"), " "): Text ' ' is set on object 'Object Repository/RAD_Pages/AddressAndContactInfo_Page/input_city'

2024-01-14 16:49:06 - [MESSAGE][PASSED] - Text ' ' is set on object 'Object Repository/RAD_Pages/AddressAndContactInfo_Page/input_city'

2024-01-14 16:49:06 - [TEST_STEP][PASSED] - setText(findTestObject(orPath_AddressContact + "/input_zipCode"), " "): Text ' ' is set on object 'Object Repository/RAD_Pages/AddressAndContactInfo_Page/input_zipCode'

2024-01-14 16:49:07 - [MESSAGE][PASSED] - Text ' ' is set on object 'Object Repository/RAD_Pages/AddressAndContactInfo_Page/input_zipCode'

2024-01-14 16:49:07 - [TEST_STEP][PASSED] - setText(findTestObject(orPath_AddressContact + "/input_phoneNumber"), " "): Text ' ' is set on object 'Object Repository/RAD_Pages/AddressAndContactInfo_Page/input_phoneNumber'

2024-01-14 16:49:08 - [MESSAGE][PASSED] - Text ' ' is set on object 'Object Repository/RAD_Pages/AddressAndContactInfo_Page/input_phoneNumber'

2024-01-14 16:49:08 - [TEST_STEP][PASSED] - setText(findTestObject(orPath_AddressContact + "/input_eMailAddress"), " "): Text ' ' is set on object 'Object Repository/RAD_Pages/AddressAndContactInfo_Page/input_eMailAddress'

2024-01-14 16:49:08 - [MESSAGE][PASSED] - Text ' ' is set on object 'Object Repository/RAD_Pages/AddressAndContactInfo_Page/input_eMailAddress'

2024-01-14 16:49:08 - [TEST_STEP][PASSED] - setText(findTestObject(orPath_AddressContact + "/input_reEnterEMailAddress"), " "): Text ' ' is set on object 'Object Repository/RAD_Pages/AddressAndContactInfo_Page/input_reEnterEMailAddress'

2024-01-14 16:49:09 - [MESSAGE][PASSED] - Text ' ' is set on object 'Object Repository/RAD_Pages/AddressAndContactInfo_Page/input_reEnterEMailAddress'

2024-01-14 16:49:09 - [TEST_STEP][PASSED] - if (TaxType.equalsIgnoreCase("Estate Tax")): null

2024-01-14 16:49:09 - [TEST_STEP][PASSED] - resText = "Fail": null

2024-01-14 16:49:09 - [TEST_STEP][PASSED] - pages.WriteExcel.demoKey(resText, datText, resColumn, datCloumn, fileLoc, nameSheet, row): pages.WriteExcel.demoKey is PASSED

2024-01-14 16:49:09 - [MESSAGE][PASSED] - pages.WriteExcel.demoKey is PASSED

2024-01-14 16:49:09 - [TEST_STEP][PASSED] - verifyTextPresent("Enter business name", true, CONTINUE_ON_FAILURE): Text 'Enter business name' is present on page  using regular expression

2024-01-14 16:49:10 - [MESSAGE][PASSED] - Text 'Enter business name' is present on page  using regular expression

2024-01-14 16:49:10 - [TEST_STEP][PASSED] - verifyTextPresent("Enter business rep first name", true, CONTINUE_ON_FAILURE): Text 'Enter business rep first name' is present on page  using regular expression

2024-01-14 16:49:10 - [MESSAGE][PASSED] - Text 'Enter business rep first name' is present on page  using regular expression

2024-01-14 16:49:10 - [TEST_STEP][PASSED] - verifyTextPresent("Enter business rep last name", true, CONTINUE_ON_FAILURE): Text 'Enter business rep last name' is present on page  using regular expression

2024-01-14 16:49:10 - [MESSAGE][PASSED] - Text 'Enter business rep last name' is present on page  using regular expression

2024-01-14 16:49:10 - [TEST_STEP][PASSED] - verifyTextPresent("Enter address", true, CONTINUE_ON_FAILURE): Text 'Enter address' is present on page  using regular expression

2024-01-14 16:49:11 - [MESSAGE][PASSED] - Text 'Enter address' is present on page  using regular expression

2024-01-14 16:49:11 - [TEST_STEP][PASSED] - verifyTextPresent("Enter city", true, CONTINUE_ON_FAILURE): Text 'Enter city' is present on page  using regular expression

2024-01-14 16:49:11 - [MESSAGE][PASSED] - Text 'Enter city' is present on page  using regular expression

2024-01-14 16:49:11 - [TEST_STEP][PASSED] - verifyTextPresent("Enter ZIP code", true, CONTINUE_ON_FAILURE): Text 'Enter ZIP code' is present on page  using regular expression

2024-01-14 16:49:11 - [MESSAGE][PASSED] - Text 'Enter ZIP code' is present on page  using regular expression

2024-01-14 16:49:11 - [TEST_STEP][PASSED] - verifyTextPresent("Enter a valid phone number", true, CONTINUE_ON_FAILURE): Text 'Enter a valid phone number' is present on page  using regular expression

2024-01-14 16:49:12 - [MESSAGE][PASSED] - Text 'Enter a valid phone number' is present on page  using regular expression

2024-01-14 16:49:12 - [TEST_STEP][PASSED] - verifyTextPresent("Enter Email", true, CONTINUE_ON_FAILURE): Text 'Enter Email' is present on page  using regular expression

2024-01-14 16:49:12 - [MESSAGE][PASSED] - Text 'Enter Email' is present on page  using regular expression

2024-01-14 16:49:12 - [TEST_STEP][PASSED] - if (TaxType.equalsIgnoreCase("Estate Tax")): null

2024-01-14 16:49:12 - [TEST_STEP][PASSED] - resText = "Pass": null

2024-01-14 16:49:12 - [TEST_STEP][PASSED] - pages.WriteExcel.demoKey(resText, datText, resColumn, datCloumn, fileLoc, nameSheet, row): pages.WriteExcel.demoKey is PASSED

2024-01-14 16:49:12 - [MESSAGE][PASSED] - pages.WriteExcel.demoKey is PASSED

2024-01-14 16:49:12 - [TEST_STEP][PASSED] - ExecuteTC = findTestData(dataFile).getValue("Execute", row): null

2024-01-14 16:49:12 - [TEST_STEP][PASSED] - TaxType = findTestData(dataFile).getValue("TaxType", row): null

2024-01-14 16:49:12 - [TEST_STEP][PASSED] - PaymentType = findTestData(dataFile).getValue("PaymentType", row): null

2024-01-14 16:49:12 - [TEST_STEP][PASSED] - FilingYear = findTestData(dataFile).getValue("Year", row): null

2024-01-14 16:49:12 - [TEST_STEP][PASSED] - feinSSN = findTestData(dataFile).getValue("FeinSsn", row): null

2024-01-14 16:49:12 - [TEST_STEP][PASSED] - if (ExecuteTC.equalsIgnoreCase("Y")): pages.WriteExcel.demoKey is PASSED

2024-01-14 16:49:12 - [TEST_STEP][PASSED] - out.println("Begin Record Number: " + row): null

2024-01-14 16:49:12 - [TEST_STEP][PASSED] - today = new java.util.Date(): null

2024-01-14 16:49:12 - [TEST_STEP][PASSED] - println(today): null

2024-01-14 16:49:12 - [TEST_STEP][PASSED] - datText = today: null

2024-01-14 16:49:12 - [TEST_STEP][PASSED] - logInfo("Payment Type: New Tax Return Amount Due"): Payment Type: New Tax Return Amount Due

2024-01-14 16:49:12 - [MESSAGE][INFO] - Payment Type: New Tax Return Amount Due

2024-01-14 16:49:12 - [TEST_STEP][PASSED] - logInfo("Tax Type: " + TaxType): Tax Type: Withholding Tax

2024-01-14 16:49:12 - [MESSAGE][INFO] - Tax Type: Withholding Tax

2024-01-14 16:49:12 - [TEST_STEP][PASSED] - openBrowser(""): Browser is opened with url: ''

2024-01-14 16:49:12 - [MESSAGE][WARNING] - A browser is already opened. Closing browser and opening a new one

2024-01-14 16:49:13 - [MESSAGE][INFO] - Starting 'Chrome' driver

2024-01-14 16:49:13 - [MESSAGE][INFO] - User set preference: ['acceptInsecureCerts', 'true']

2024-01-14 16:49:13 - [MESSAGE][INFO] - Action delay is set to 0 milliseconds

2024-01-14 16:49:15 - [MESSAGE][PASSED] - Browser is opened with url: ''

2024-01-14 16:49:15 - [TEST_STEP][PASSED] - maximizeWindow(): Current window maximized

2024-01-14 16:49:15 - [MESSAGE][PASSED] - Current window maximized

2024-01-14 16:49:15 - [TEST_STEP][PASSED] - navigateToUrl(RADurl): Navigate to 'https://qa2.velocitypayment.com/client/rad/index.html' successfully

2024-01-14 16:49:15 - [MESSAGE][PASSED] - Navigate to 'https://qa2.velocitypayment.com/client/rad/index.html' successfully

2024-01-14 16:49:15 - [TEST_STEP][PASSED] - selectOptionByLabel(findTestObject(orPath_Landing + "/dd_TaxType"), "New Tax Return Amount Due", false): All options with label 'New Tax Return Amount Due' are selected in object 'Object Repository/RAD_Pages/Landing_Page/dd_TaxType' 

2024-01-14 16:49:18 - [MESSAGE][PASSED] - All options with label 'New Tax Return Amount Due' are selected in object 'Object Repository/RAD_Pages/Landing_Page/dd_TaxType' 

2024-01-14 16:49:18 - [TEST_STEP][PASSED] - selectOptionByLabel(findTestObject("Object Repository/RAD_Pages/Landing_Page/select_NewTaxReturnAmountDue_TaxType"), TaxType, false): All options with label 'Withholding Tax' are selected in object 'Object Repository/RAD_Pages/Landing_Page/select_NewTaxReturnAmountDue_TaxType' 

2024-01-14 16:49:18 - [MESSAGE][PASSED] - All options with label 'Withholding Tax' are selected in object 'Object Repository/RAD_Pages/Landing_Page/select_NewTaxReturnAmountDue_TaxType' 

2024-01-14 16:49:18 - [TEST_STEP][PASSED] - selectOptionByLabel(findTestObject(orPath_TaxTypeFilingYear + "/select_FilingYear"), FilingYear, false): All options with label '2023' are selected in object 'Object Repository/RAD_Pages/TaxTypeFilingYear_Page/select_FilingYear' 

2024-01-14 16:49:19 - [MESSAGE][PASSED] - All options with label '2023' are selected in object 'Object Repository/RAD_Pages/TaxTypeFilingYear_Page/select_FilingYear' 

2024-01-14 16:49:19 - [TEST_STEP][PASSED] - setText(findTestObject(orPath_TaxPayer + "/input_businessName"), " "): Text ' ' is set on object 'Object Repository/RAD_Pages/Taxpayer_Page/input_businessName'

2024-01-14 16:49:20 - [MESSAGE][PASSED] - Text ' ' is set on object 'Object Repository/RAD_Pages/Taxpayer_Page/input_businessName'

2024-01-14 16:49:20 - [TEST_STEP][PASSED] - setText(findTestObject(orPath_TaxPayer + "/input_BusinessRepfirstName"), " "): Text ' ' is set on object 'Object Repository/RAD_Pages/Taxpayer_Page/input_BusinessRepfirstName'

2024-01-14 16:49:20 - [MESSAGE][PASSED] - Text ' ' is set on object 'Object Repository/RAD_Pages/Taxpayer_Page/input_BusinessRepfirstName'

2024-01-14 16:49:20 - [TEST_STEP][PASSED] - setText(findTestObject(orPath_TaxPayer + "/input_BusinessReplastName"), " "): Text ' ' is set on object 'Object Repository/RAD_Pages/Taxpayer_Page/input_BusinessReplastName'

2024-01-14 16:49:21 - [MESSAGE][PASSED] - Text ' ' is set on object 'Object Repository/RAD_Pages/Taxpayer_Page/input_BusinessReplastName'

2024-01-14 16:49:21 - [TEST_STEP][PASSED] - setText(findTestObject(orPath_AddressContact + "/input_streetAddress1"), " "): Text ' ' is set on object 'Object Repository/RAD_Pages/AddressAndContactInfo_Page/input_streetAddress1'

2024-01-14 16:49:22 - [MESSAGE][PASSED] - Text ' ' is set on object 'Object Repository/RAD_Pages/AddressAndContactInfo_Page/input_streetAddress1'

2024-01-14 16:49:22 - [TEST_STEP][PASSED] - setText(findTestObject(orPath_AddressContact + "/input_city"), " "): Text ' ' is set on object 'Object Repository/RAD_Pages/AddressAndContactInfo_Page/input_city'

2024-01-14 16:49:22 - [MESSAGE][PASSED] - Text ' ' is set on object 'Object Repository/RAD_Pages/AddressAndContactInfo_Page/input_city'

2024-01-14 16:49:22 - [TEST_STEP][PASSED] - setText(findTestObject(orPath_AddressContact + "/input_zipCode"), " "): Text ' ' is set on object 'Object Repository/RAD_Pages/AddressAndContactInfo_Page/input_zipCode'

2024-01-14 16:49:23 - [MESSAGE][PASSED] - Text ' ' is set on object 'Object Repository/RAD_Pages/AddressAndContactInfo_Page/input_zipCode'

2024-01-14 16:49:23 - [TEST_STEP][PASSED] - setText(findTestObject(orPath_AddressContact + "/input_phoneNumber"), " "): Text ' ' is set on object 'Object Repository/RAD_Pages/AddressAndContactInfo_Page/input_phoneNumber'

2024-01-14 16:49:24 - [MESSAGE][PASSED] - Text ' ' is set on object 'Object Repository/RAD_Pages/AddressAndContactInfo_Page/input_phoneNumber'

2024-01-14 16:49:24 - [TEST_STEP][PASSED] - setText(findTestObject(orPath_AddressContact + "/input_eMailAddress"), " "): Text ' ' is set on object 'Object Repository/RAD_Pages/AddressAndContactInfo_Page/input_eMailAddress'

2024-01-14 16:49:25 - [MESSAGE][PASSED] - Text ' ' is set on object 'Object Repository/RAD_Pages/AddressAndContactInfo_Page/input_eMailAddress'

2024-01-14 16:49:25 - [TEST_STEP][PASSED] - setText(findTestObject(orPath_AddressContact + "/input_reEnterEMailAddress"), " "): Text ' ' is set on object 'Object Repository/RAD_Pages/AddressAndContactInfo_Page/input_reEnterEMailAddress'

2024-01-14 16:49:26 - [MESSAGE][PASSED] - Text ' ' is set on object 'Object Repository/RAD_Pages/AddressAndContactInfo_Page/input_reEnterEMailAddress'

2024-01-14 16:49:26 - [TEST_STEP][PASSED] - if (TaxType.equalsIgnoreCase("Estate Tax")): null

2024-01-14 16:49:26 - [TEST_STEP][PASSED] - resText = "Fail": null

2024-01-14 16:49:26 - [TEST_STEP][PASSED] - pages.WriteExcel.demoKey(resText, datText, resColumn, datCloumn, fileLoc, nameSheet, row): pages.WriteExcel.demoKey is PASSED

2024-01-14 16:49:26 - [MESSAGE][PASSED] - pages.WriteExcel.demoKey is PASSED

2024-01-14 16:49:26 - [TEST_STEP][PASSED] - verifyTextPresent("Enter business name", true, CONTINUE_ON_FAILURE): Text 'Enter business name' is present on page  using regular expression

2024-01-14 16:49:26 - [MESSAGE][PASSED] - Text 'Enter business name' is present on page  using regular expression

2024-01-14 16:49:26 - [TEST_STEP][PASSED] - verifyTextPresent("Enter business rep first name", true, CONTINUE_ON_FAILURE): Text 'Enter business rep first name' is present on page  using regular expression

2024-01-14 16:49:27 - [MESSAGE][PASSED] - Text 'Enter business rep first name' is present on page  using regular expression

2024-01-14 16:49:27 - [TEST_STEP][PASSED] - verifyTextPresent("Enter business rep last name", true, CONTINUE_ON_FAILURE): Text 'Enter business rep last name' is present on page  using regular expression

2024-01-14 16:49:27 - [MESSAGE][PASSED] - Text 'Enter business rep last name' is present on page  using regular expression

2024-01-14 16:49:27 - [TEST_STEP][PASSED] - verifyTextPresent("Enter address", true, CONTINUE_ON_FAILURE): Text 'Enter address' is present on page  using regular expression

2024-01-14 16:49:27 - [MESSAGE][PASSED] - Text 'Enter address' is present on page  using regular expression

2024-01-14 16:49:27 - [TEST_STEP][PASSED] - verifyTextPresent("Enter city", true, CONTINUE_ON_FAILURE): Text 'Enter city' is present on page  using regular expression

2024-01-14 16:49:28 - [MESSAGE][PASSED] - Text 'Enter city' is present on page  using regular expression

2024-01-14 16:49:28 - [TEST_STEP][PASSED] - verifyTextPresent("Enter ZIP code", true, CONTINUE_ON_FAILURE): Text 'Enter ZIP code' is present on page  using regular expression

2024-01-14 16:49:28 - [MESSAGE][PASSED] - Text 'Enter ZIP code' is present on page  using regular expression

2024-01-14 16:49:28 - [TEST_STEP][PASSED] - verifyTextPresent("Enter a valid phone number", true, CONTINUE_ON_FAILURE): Text 'Enter a valid phone number' is present on page  using regular expression

2024-01-14 16:49:28 - [MESSAGE][PASSED] - Text 'Enter a valid phone number' is present on page  using regular expression

2024-01-14 16:49:28 - [TEST_STEP][PASSED] - verifyTextPresent("Enter Email", true, CONTINUE_ON_FAILURE): Text 'Enter Email' is present on page  using regular expression

2024-01-14 16:49:29 - [MESSAGE][PASSED] - Text 'Enter Email' is present on page  using regular expression

2024-01-14 16:49:29 - [TEST_STEP][PASSED] - if (TaxType.equalsIgnoreCase("Estate Tax")): null

2024-01-14 16:49:29 - [TEST_STEP][PASSED] - resText = "Pass": null

2024-01-14 16:49:29 - [TEST_STEP][PASSED] - pages.WriteExcel.demoKey(resText, datText, resColumn, datCloumn, fileLoc, nameSheet, row): pages.WriteExcel.demoKey is PASSED

2024-01-14 16:49:29 - [MESSAGE][PASSED] - pages.WriteExcel.demoKey is PASSED

2024-01-14 16:49:29 - [TEST_STEP][PASSED] - ExecuteTC = findTestData(dataFile).getValue("Execute", row): null

2024-01-14 16:49:29 - [TEST_STEP][PASSED] - TaxType = findTestData(dataFile).getValue("TaxType", row): null

2024-01-14 16:49:29 - [TEST_STEP][PASSED] - PaymentType = findTestData(dataFile).getValue("PaymentType", row): null

2024-01-14 16:49:29 - [TEST_STEP][PASSED] - FilingYear = findTestData(dataFile).getValue("Year", row): null

2024-01-14 16:49:29 - [TEST_STEP][PASSED] - feinSSN = findTestData(dataFile).getValue("FeinSsn", row): null

2024-01-14 16:49:29 - [TEST_STEP][PASSED] - if (ExecuteTC.equalsIgnoreCase("Y")): pages.WriteExcel.demoKey is PASSED

2024-01-14 16:49:29 - [TEST_STEP][PASSED] - out.println("Begin Record Number: " + row): null

2024-01-14 16:49:29 - [TEST_STEP][PASSED] - today = new java.util.Date(): null

2024-01-14 16:49:29 - [TEST_STEP][PASSED] - println(today): null

2024-01-14 16:49:29 - [TEST_STEP][PASSED] - datText = today: null

2024-01-14 16:49:29 - [TEST_STEP][PASSED] - logInfo("Payment Type: New Tax Return Amount Due"): Payment Type: New Tax Return Amount Due

2024-01-14 16:49:29 - [MESSAGE][INFO] - Payment Type: New Tax Return Amount Due

2024-01-14 16:49:29 - [TEST_STEP][PASSED] - logInfo("Tax Type: " + TaxType): Tax Type: Admissions and Amusement Tax

2024-01-14 16:49:29 - [MESSAGE][INFO] - Tax Type: Admissions and Amusement Tax

2024-01-14 16:49:29 - [TEST_STEP][PASSED] - openBrowser(""): Browser is opened with url: ''

2024-01-14 16:49:29 - [MESSAGE][WARNING] - A browser is already opened. Closing browser and opening a new one

2024-01-14 16:49:30 - [MESSAGE][INFO] - Starting 'Chrome' driver

2024-01-14 16:49:30 - [MESSAGE][INFO] - User set preference: ['acceptInsecureCerts', 'true']

2024-01-14 16:49:30 - [MESSAGE][INFO] - Action delay is set to 0 milliseconds

2024-01-14 16:49:32 - [MESSAGE][PASSED] - Browser is opened with url: ''

2024-01-14 16:49:32 - [TEST_STEP][PASSED] - maximizeWindow(): Current window maximized

2024-01-14 16:49:32 - [MESSAGE][PASSED] - Current window maximized

2024-01-14 16:49:32 - [TEST_STEP][PASSED] - navigateToUrl(RADurl): Navigate to 'https://qa2.velocitypayment.com/client/rad/index.html' successfully

2024-01-14 16:49:32 - [MESSAGE][PASSED] - Navigate to 'https://qa2.velocitypayment.com/client/rad/index.html' successfully

2024-01-14 16:49:32 - [TEST_STEP][PASSED] - selectOptionByLabel(findTestObject(orPath_Landing + "/dd_TaxType"), "New Tax Return Amount Due", false): All options with label 'New Tax Return Amount Due' are selected in object 'Object Repository/RAD_Pages/Landing_Page/dd_TaxType' 

2024-01-14 16:49:34 - [MESSAGE][PASSED] - All options with label 'New Tax Return Amount Due' are selected in object 'Object Repository/RAD_Pages/Landing_Page/dd_TaxType' 

2024-01-14 16:49:34 - [TEST_STEP][PASSED] - selectOptionByLabel(findTestObject("Object Repository/RAD_Pages/Landing_Page/select_NewTaxReturnAmountDue_TaxType"), TaxType, false): All options with label 'Admissions and Amusement Tax' are selected in object 'Object Repository/RAD_Pages/Landing_Page/select_NewTaxReturnAmountDue_TaxType' 

2024-01-14 16:49:35 - [MESSAGE][PASSED] - All options with label 'Admissions and Amusement Tax' are selected in object 'Object Repository/RAD_Pages/Landing_Page/select_NewTaxReturnAmountDue_TaxType' 

2024-01-14 16:49:35 - [TEST_STEP][PASSED] - selectOptionByLabel(findTestObject(orPath_TaxTypeFilingYear + "/select_FilingYear"), FilingYear, false): All options with label '2022' are selected in object 'Object Repository/RAD_Pages/TaxTypeFilingYear_Page/select_FilingYear' 

2024-01-14 16:49:35 - [MESSAGE][PASSED] - All options with label '2022' are selected in object 'Object Repository/RAD_Pages/TaxTypeFilingYear_Page/select_FilingYear' 

2024-01-14 16:49:35 - [TEST_STEP][PASSED] - setText(findTestObject(orPath_TaxPayer + "/input_businessName"), " "): Text ' ' is set on object 'Object Repository/RAD_Pages/Taxpayer_Page/input_businessName'

2024-01-14 16:49:36 - [MESSAGE][PASSED] - Text ' ' is set on object 'Object Repository/RAD_Pages/Taxpayer_Page/input_businessName'

2024-01-14 16:49:36 - [TEST_STEP][PASSED] - setText(findTestObject(orPath_TaxPayer + "/input_BusinessRepfirstName"), " "): Text ' ' is set on object 'Object Repository/RAD_Pages/Taxpayer_Page/input_BusinessRepfirstName'

2024-01-14 16:49:37 - [MESSAGE][PASSED] - Text ' ' is set on object 'Object Repository/RAD_Pages/Taxpayer_Page/input_BusinessRepfirstName'

2024-01-14 16:49:37 - [TEST_STEP][PASSED] - setText(findTestObject(orPath_TaxPayer + "/input_BusinessReplastName"), " "): Text ' ' is set on object 'Object Repository/RAD_Pages/Taxpayer_Page/input_BusinessReplastName'

2024-01-14 16:49:37 - [MESSAGE][PASSED] - Text ' ' is set on object 'Object Repository/RAD_Pages/Taxpayer_Page/input_BusinessReplastName'

2024-01-14 16:49:37 - [TEST_STEP][PASSED] - setText(findTestObject(orPath_AddressContact + "/input_streetAddress1"), " "): Text ' ' is set on object 'Object Repository/RAD_Pages/AddressAndContactInfo_Page/input_streetAddress1'

2024-01-14 16:49:38 - [MESSAGE][PASSED] - Text ' ' is set on object 'Object Repository/RAD_Pages/AddressAndContactInfo_Page/input_streetAddress1'

2024-01-14 16:49:38 - [TEST_STEP][PASSED] - setText(findTestObject(orPath_AddressContact + "/input_city"), " "): Text ' ' is set on object 'Object Repository/RAD_Pages/AddressAndContactInfo_Page/input_city'

2024-01-14 16:49:39 - [MESSAGE][PASSED] - Text ' ' is set on object 'Object Repository/RAD_Pages/AddressAndContactInfo_Page/input_city'

2024-01-14 16:49:39 - [TEST_STEP][PASSED] - setText(findTestObject(orPath_AddressContact + "/input_zipCode"), " "): Text ' ' is set on object 'Object Repository/RAD_Pages/AddressAndContactInfo_Page/input_zipCode'

2024-01-14 16:49:40 - [MESSAGE][PASSED] - Text ' ' is set on object 'Object Repository/RAD_Pages/AddressAndContactInfo_Page/input_zipCode'

2024-01-14 16:49:40 - [TEST_STEP][PASSED] - setText(findTestObject(orPath_AddressContact + "/input_phoneNumber"), " "): Text ' ' is set on object 'Object Repository/RAD_Pages/AddressAndContactInfo_Page/input_phoneNumber'

2024-01-14 16:49:40 - [MESSAGE][PASSED] - Text ' ' is set on object 'Object Repository/RAD_Pages/AddressAndContactInfo_Page/input_phoneNumber'

2024-01-14 16:49:40 - [TEST_STEP][PASSED] - setText(findTestObject(orPath_AddressContact + "/input_eMailAddress"), " "): Text ' ' is set on object 'Object Repository/RAD_Pages/AddressAndContactInfo_Page/input_eMailAddress'

2024-01-14 16:49:41 - [MESSAGE][PASSED] - Text ' ' is set on object 'Object Repository/RAD_Pages/AddressAndContactInfo_Page/input_eMailAddress'

2024-01-14 16:49:41 - [TEST_STEP][PASSED] - setText(findTestObject(orPath_AddressContact + "/input_reEnterEMailAddress"), " "): Text ' ' is set on object 'Object Repository/RAD_Pages/AddressAndContactInfo_Page/input_reEnterEMailAddress'

2024-01-14 16:49:42 - [MESSAGE][PASSED] - Text ' ' is set on object 'Object Repository/RAD_Pages/AddressAndContactInfo_Page/input_reEnterEMailAddress'

2024-01-14 16:49:42 - [TEST_STEP][PASSED] - if (TaxType.equalsIgnoreCase("Estate Tax")): null

2024-01-14 16:49:42 - [TEST_STEP][PASSED] - resText = "Fail": null

2024-01-14 16:49:42 - [TEST_STEP][PASSED] - pages.WriteExcel.demoKey(resText, datText, resColumn, datCloumn, fileLoc, nameSheet, row): pages.WriteExcel.demoKey is PASSED

2024-01-14 16:49:42 - [MESSAGE][PASSED] - pages.WriteExcel.demoKey is PASSED

2024-01-14 16:49:42 - [TEST_STEP][PASSED] - verifyTextPresent("Enter business name", true, CONTINUE_ON_FAILURE): Text 'Enter business name' is present on page  using regular expression

2024-01-14 16:49:42 - [MESSAGE][PASSED] - Text 'Enter business name' is present on page  using regular expression

2024-01-14 16:49:42 - [TEST_STEP][PASSED] - verifyTextPresent("Enter business rep first name", true, CONTINUE_ON_FAILURE): Text 'Enter business rep first name' is present on page  using regular expression

2024-01-14 16:49:43 - [MESSAGE][PASSED] - Text 'Enter business rep first name' is present on page  using regular expression

2024-01-14 16:49:43 - [TEST_STEP][PASSED] - verifyTextPresent("Enter business rep last name", true, CONTINUE_ON_FAILURE): Text 'Enter business rep last name' is present on page  using regular expression

2024-01-14 16:49:43 - [MESSAGE][PASSED] - Text 'Enter business rep last name' is present on page  using regular expression

2024-01-14 16:49:43 - [TEST_STEP][PASSED] - verifyTextPresent("Enter address", true, CONTINUE_ON_FAILURE): Text 'Enter address' is present on page  using regular expression

2024-01-14 16:49:44 - [MESSAGE][PASSED] - Text 'Enter address' is present on page  using regular expression

2024-01-14 16:49:44 - [TEST_STEP][PASSED] - verifyTextPresent("Enter city", true, CONTINUE_ON_FAILURE): Text 'Enter city' is present on page  using regular expression

2024-01-14 16:49:44 - [MESSAGE][PASSED] - Text 'Enter city' is present on page  using regular expression

2024-01-14 16:49:44 - [TEST_STEP][PASSED] - verifyTextPresent("Enter ZIP code", true, CONTINUE_ON_FAILURE): Text 'Enter ZIP code' is present on page  using regular expression

2024-01-14 16:49:44 - [MESSAGE][PASSED] - Text 'Enter ZIP code' is present on page  using regular expression

2024-01-14 16:49:44 - [TEST_STEP][PASSED] - verifyTextPresent("Enter a valid phone number", true, CONTINUE_ON_FAILURE): Text 'Enter a valid phone number' is present on page  using regular expression

2024-01-14 16:49:45 - [MESSAGE][PASSED] - Text 'Enter a valid phone number' is present on page  using regular expression

2024-01-14 16:49:45 - [TEST_STEP][PASSED] - verifyTextPresent("Enter Email", true, CONTINUE_ON_FAILURE): Text 'Enter Email' is present on page  using regular expression

2024-01-14 16:49:45 - [MESSAGE][PASSED] - Text 'Enter Email' is present on page  using regular expression

2024-01-14 16:49:45 - [TEST_STEP][PASSED] - if (TaxType.equalsIgnoreCase("Estate Tax")): null

2024-01-14 16:49:45 - [TEST_STEP][PASSED] - resText = "Pass": null

2024-01-14 16:49:45 - [TEST_STEP][PASSED] - pages.WriteExcel.demoKey(resText, datText, resColumn, datCloumn, fileLoc, nameSheet, row): pages.WriteExcel.demoKey is PASSED

2024-01-14 16:49:45 - [MESSAGE][PASSED] - pages.WriteExcel.demoKey is PASSED

2024-01-14 16:49:45 - [TEST_STEP][PASSED] - ExecuteTC = findTestData(dataFile).getValue("Execute", row): null

2024-01-14 16:49:45 - [TEST_STEP][PASSED] - TaxType = findTestData(dataFile).getValue("TaxType", row): null

2024-01-14 16:49:45 - [TEST_STEP][PASSED] - PaymentType = findTestData(dataFile).getValue("PaymentType", row): null

2024-01-14 16:49:45 - [TEST_STEP][PASSED] - FilingYear = findTestData(dataFile).getValue("Year", row): null

2024-01-14 16:49:45 - [TEST_STEP][PASSED] - feinSSN = findTestData(dataFile).getValue("FeinSsn", row): null

2024-01-14 16:49:45 - [TEST_STEP][PASSED] - if (ExecuteTC.equalsIgnoreCase("Y")): pages.WriteExcel.demoKey is PASSED

2024-01-14 16:49:45 - [TEST_STEP][PASSED] - out.println("Begin Record Number: " + row): null

2024-01-14 16:49:45 - [TEST_STEP][PASSED] - today = new java.util.Date(): null

2024-01-14 16:49:45 - [TEST_STEP][PASSED] - println(today): null

2024-01-14 16:49:45 - [TEST_STEP][PASSED] - datText = today: null

2024-01-14 16:49:45 - [TEST_STEP][PASSED] - logInfo("Payment Type: New Tax Return Amount Due"): Payment Type: New Tax Return Amount Due

2024-01-14 16:49:45 - [MESSAGE][INFO] - Payment Type: New Tax Return Amount Due

2024-01-14 16:49:45 - [TEST_STEP][PASSED] - logInfo("Tax Type: " + TaxType): Tax Type: Alcohol Tax

2024-01-14 16:49:45 - [MESSAGE][INFO] - Tax Type: Alcohol Tax

2024-01-14 16:49:45 - [TEST_STEP][PASSED] - openBrowser(""): Browser is opened with url: ''

2024-01-14 16:49:45 - [MESSAGE][WARNING] - A browser is already opened. Closing browser and opening a new one

2024-01-14 16:49:46 - [MESSAGE][INFO] - Starting 'Chrome' driver

2024-01-14 16:49:46 - [MESSAGE][INFO] - User set preference: ['acceptInsecureCerts', 'true']

2024-01-14 16:49:46 - [MESSAGE][INFO] - Action delay is set to 0 milliseconds

2024-01-14 16:49:48 - [MESSAGE][PASSED] - Browser is opened with url: ''

2024-01-14 16:49:48 - [TEST_STEP][PASSED] - maximizeWindow(): Current window maximized

2024-01-14 16:49:48 - [MESSAGE][PASSED] - Current window maximized

2024-01-14 16:49:48 - [TEST_STEP][PASSED] - navigateToUrl(RADurl): Navigate to 'https://qa2.velocitypayment.com/client/rad/index.html' successfully

2024-01-14 16:49:48 - [MESSAGE][PASSED] - Navigate to 'https://qa2.velocitypayment.com/client/rad/index.html' successfully

2024-01-14 16:49:48 - [TEST_STEP][PASSED] - selectOptionByLabel(findTestObject(orPath_Landing + "/dd_TaxType"), "New Tax Return Amount Due", false): All options with label 'New Tax Return Amount Due' are selected in object 'Object Repository/RAD_Pages/Landing_Page/dd_TaxType' 

2024-01-14 16:49:50 - [MESSAGE][PASSED] - All options with label 'New Tax Return Amount Due' are selected in object 'Object Repository/RAD_Pages/Landing_Page/dd_TaxType' 

2024-01-14 16:49:50 - [TEST_STEP][PASSED] - selectOptionByLabel(findTestObject("Object Repository/RAD_Pages/Landing_Page/select_NewTaxReturnAmountDue_TaxType"), TaxType, false): All options with label 'Alcohol Tax' are selected in object 'Object Repository/RAD_Pages/Landing_Page/select_NewTaxReturnAmountDue_TaxType' 

2024-01-14 16:49:51 - [MESSAGE][PASSED] - All options with label 'Alcohol Tax' are selected in object 'Object Repository/RAD_Pages/Landing_Page/select_NewTaxReturnAmountDue_TaxType' 

2024-01-14 16:49:51 - [TEST_STEP][PASSED] - selectOptionByLabel(findTestObject(orPath_TaxTypeFilingYear + "/select_FilingYear"), FilingYear, false): All options with label '2022' are selected in object 'Object Repository/RAD_Pages/TaxTypeFilingYear_Page/select_FilingYear' 

2024-01-14 16:49:52 - [MESSAGE][PASSED] - All options with label '2022' are selected in object 'Object Repository/RAD_Pages/TaxTypeFilingYear_Page/select_FilingYear' 

2024-01-14 16:49:52 - [TEST_STEP][PASSED] - setText(findTestObject(orPath_TaxPayer + "/input_businessName"), " "): Text ' ' is set on object 'Object Repository/RAD_Pages/Taxpayer_Page/input_businessName'

2024-01-14 16:49:52 - [MESSAGE][PASSED] - Text ' ' is set on object 'Object Repository/RAD_Pages/Taxpayer_Page/input_businessName'

2024-01-14 16:49:52 - [TEST_STEP][PASSED] - setText(findTestObject(orPath_TaxPayer + "/input_BusinessRepfirstName"), " "): Text ' ' is set on object 'Object Repository/RAD_Pages/Taxpayer_Page/input_BusinessRepfirstName'

2024-01-14 16:49:53 - [MESSAGE][PASSED] - Text ' ' is set on object 'Object Repository/RAD_Pages/Taxpayer_Page/input_BusinessRepfirstName'

2024-01-14 16:49:53 - [TEST_STEP][PASSED] - setText(findTestObject(orPath_TaxPayer + "/input_BusinessReplastName"), " "): Text ' ' is set on object 'Object Repository/RAD_Pages/Taxpayer_Page/input_BusinessReplastName'

2024-01-14 16:49:54 - [MESSAGE][PASSED] - Text ' ' is set on object 'Object Repository/RAD_Pages/Taxpayer_Page/input_BusinessReplastName'

2024-01-14 16:49:54 - [TEST_STEP][PASSED] - setText(findTestObject(orPath_AddressContact + "/input_streetAddress1"), " "): Text ' ' is set on object 'Object Repository/RAD_Pages/AddressAndContactInfo_Page/input_streetAddress1'

2024-01-14 16:49:55 - [MESSAGE][PASSED] - Text ' ' is set on object 'Object Repository/RAD_Pages/AddressAndContactInfo_Page/input_streetAddress1'

2024-01-14 16:49:55 - [TEST_STEP][PASSED] - setText(findTestObject(orPath_AddressContact + "/input_city"), " "): Text ' ' is set on object 'Object Repository/RAD_Pages/AddressAndContactInfo_Page/input_city'

2024-01-14 16:49:55 - [MESSAGE][PASSED] - Text ' ' is set on object 'Object Repository/RAD_Pages/AddressAndContactInfo_Page/input_city'

2024-01-14 16:49:55 - [TEST_STEP][PASSED] - setText(findTestObject(orPath_AddressContact + "/input_zipCode"), " "): Text ' ' is set on object 'Object Repository/RAD_Pages/AddressAndContactInfo_Page/input_zipCode'

2024-01-14 16:49:56 - [MESSAGE][PASSED] - Text ' ' is set on object 'Object Repository/RAD_Pages/AddressAndContactInfo_Page/input_zipCode'

2024-01-14 16:49:56 - [TEST_STEP][PASSED] - setText(findTestObject(orPath_AddressContact + "/input_phoneNumber"), " "): Text ' ' is set on object 'Object Repository/RAD_Pages/AddressAndContactInfo_Page/input_phoneNumber'

2024-01-14 16:49:57 - [MESSAGE][PASSED] - Text ' ' is set on object 'Object Repository/RAD_Pages/AddressAndContactInfo_Page/input_phoneNumber'

2024-01-14 16:49:57 - [TEST_STEP][PASSED] - setText(findTestObject(orPath_AddressContact + "/input_eMailAddress"), " "): Text ' ' is set on object 'Object Repository/RAD_Pages/AddressAndContactInfo_Page/input_eMailAddress'

2024-01-14 16:49:58 - [MESSAGE][PASSED] - Text ' ' is set on object 'Object Repository/RAD_Pages/AddressAndContactInfo_Page/input_eMailAddress'

2024-01-14 16:49:58 - [TEST_STEP][PASSED] - setText(findTestObject(orPath_AddressContact + "/input_reEnterEMailAddress"), " "): Text ' ' is set on object 'Object Repository/RAD_Pages/AddressAndContactInfo_Page/input_reEnterEMailAddress'

2024-01-14 16:49:58 - [MESSAGE][PASSED] - Text ' ' is set on object 'Object Repository/RAD_Pages/AddressAndContactInfo_Page/input_reEnterEMailAddress'

2024-01-14 16:49:58 - [TEST_STEP][PASSED] - if (TaxType.equalsIgnoreCase("Estate Tax")): null

2024-01-14 16:49:58 - [TEST_STEP][PASSED] - resText = "Fail": null

2024-01-14 16:49:58 - [TEST_STEP][PASSED] - pages.WriteExcel.demoKey(resText, datText, resColumn, datCloumn, fileLoc, nameSheet, row): pages.WriteExcel.demoKey is PASSED

2024-01-14 16:49:59 - [MESSAGE][PASSED] - pages.WriteExcel.demoKey is PASSED

2024-01-14 16:49:59 - [TEST_STEP][PASSED] - verifyTextPresent("Enter business name", true, CONTINUE_ON_FAILURE): Text 'Enter business name' is present on page  using regular expression

2024-01-14 16:49:59 - [MESSAGE][PASSED] - Text 'Enter business name' is present on page  using regular expression

2024-01-14 16:49:59 - [TEST_STEP][PASSED] - verifyTextPresent("Enter business rep first name", true, CONTINUE_ON_FAILURE): Text 'Enter business rep first name' is present on page  using regular expression

2024-01-14 16:49:59 - [MESSAGE][PASSED] - Text 'Enter business rep first name' is present on page  using regular expression

2024-01-14 16:49:59 - [TEST_STEP][PASSED] - verifyTextPresent("Enter business rep last name", true, CONTINUE_ON_FAILURE): Text 'Enter business rep last name' is present on page  using regular expression

2024-01-14 16:50:00 - [MESSAGE][PASSED] - Text 'Enter business rep last name' is present on page  using regular expression

2024-01-14 16:50:00 - [TEST_STEP][PASSED] - verifyTextPresent("Enter address", true, CONTINUE_ON_FAILURE): Text 'Enter address' is present on page  using regular expression

2024-01-14 16:50:00 - [MESSAGE][PASSED] - Text 'Enter address' is present on page  using regular expression

2024-01-14 16:50:00 - [TEST_STEP][PASSED] - verifyTextPresent("Enter city", true, CONTINUE_ON_FAILURE): Text 'Enter city' is present on page  using regular expression

2024-01-14 16:50:00 - [MESSAGE][PASSED] - Text 'Enter city' is present on page  using regular expression

2024-01-14 16:50:00 - [TEST_STEP][PASSED] - verifyTextPresent("Enter ZIP code", true, CONTINUE_ON_FAILURE): Text 'Enter ZIP code' is present on page  using regular expression

2024-01-14 16:50:01 - [MESSAGE][PASSED] - Text 'Enter ZIP code' is present on page  using regular expression

2024-01-14 16:50:01 - [TEST_STEP][PASSED] - verifyTextPresent("Enter a valid phone number", true, CONTINUE_ON_FAILURE): Text 'Enter a valid phone number' is present on page  using regular expression

2024-01-14 16:50:01 - [MESSAGE][PASSED] - Text 'Enter a valid phone number' is present on page  using regular expression

2024-01-14 16:50:01 - [TEST_STEP][PASSED] - verifyTextPresent("Enter Email", true, CONTINUE_ON_FAILURE): Text 'Enter Email' is present on page  using regular expression

2024-01-14 16:50:02 - [MESSAGE][PASSED] - Text 'Enter Email' is present on page  using regular expression

2024-01-14 16:50:02 - [TEST_STEP][PASSED] - if (TaxType.equalsIgnoreCase("Estate Tax")): null

2024-01-14 16:50:02 - [TEST_STEP][PASSED] - resText = "Pass": null

2024-01-14 16:50:02 - [TEST_STEP][PASSED] - pages.WriteExcel.demoKey(resText, datText, resColumn, datCloumn, fileLoc, nameSheet, row): pages.WriteExcel.demoKey is PASSED

2024-01-14 16:50:02 - [MESSAGE][PASSED] - pages.WriteExcel.demoKey is PASSED

2024-01-14 16:50:02 - [TEST_STEP][PASSED] - ExecuteTC = findTestData(dataFile).getValue("Execute", row): null

2024-01-14 16:50:02 - [TEST_STEP][PASSED] - TaxType = findTestData(dataFile).getValue("TaxType", row): null

2024-01-14 16:50:02 - [TEST_STEP][PASSED] - PaymentType = findTestData(dataFile).getValue("PaymentType", row): null

2024-01-14 16:50:02 - [TEST_STEP][PASSED] - FilingYear = findTestData(dataFile).getValue("Year", row): null

2024-01-14 16:50:02 - [TEST_STEP][PASSED] - feinSSN = findTestData(dataFile).getValue("FeinSsn", row): null

2024-01-14 16:50:02 - [TEST_STEP][PASSED] - if (ExecuteTC.equalsIgnoreCase("Y")): pages.WriteExcel.demoKey is PASSED

2024-01-14 16:50:02 - [TEST_STEP][PASSED] - out.println("Begin Record Number: " + row): null

2024-01-14 16:50:02 - [TEST_STEP][PASSED] - today = new java.util.Date(): null

2024-01-14 16:50:02 - [TEST_STEP][PASSED] - println(today): null

2024-01-14 16:50:02 - [TEST_STEP][PASSED] - datText = today: null

2024-01-14 16:50:02 - [TEST_STEP][PASSED] - logInfo("Payment Type: New Tax Return Amount Due"): Payment Type: New Tax Return Amount Due

2024-01-14 16:50:02 - [MESSAGE][INFO] - Payment Type: New Tax Return Amount Due

2024-01-14 16:50:02 - [TEST_STEP][PASSED] - logInfo("Tax Type: " + TaxType): Tax Type: Bay Restoration Fee

2024-01-14 16:50:02 - [MESSAGE][INFO] - Tax Type: Bay Restoration Fee

2024-01-14 16:50:02 - [TEST_STEP][PASSED] - openBrowser(""): Browser is opened with url: ''

2024-01-14 16:50:02 - [MESSAGE][WARNING] - A browser is already opened. Closing browser and opening a new one

2024-01-14 16:50:03 - [MESSAGE][INFO] - Starting 'Chrome' driver

2024-01-14 16:50:03 - [MESSAGE][INFO] - User set preference: ['acceptInsecureCerts', 'true']

2024-01-14 16:50:03 - [MESSAGE][INFO] - Action delay is set to 0 milliseconds

2024-01-14 16:50:04 - [MESSAGE][PASSED] - Browser is opened with url: ''

2024-01-14 16:50:04 - [TEST_STEP][PASSED] - maximizeWindow(): Current window maximized

2024-01-14 16:50:05 - [MESSAGE][PASSED] - Current window maximized

2024-01-14 16:50:05 - [TEST_STEP][PASSED] - navigateToUrl(RADurl): Navigate to 'https://qa2.velocitypayment.com/client/rad/index.html' successfully

2024-01-14 16:50:06 - [MESSAGE][PASSED] - Navigate to 'https://qa2.velocitypayment.com/client/rad/index.html' successfully

2024-01-14 16:50:06 - [TEST_STEP][PASSED] - selectOptionByLabel(findTestObject(orPath_Landing + "/dd_TaxType"), "New Tax Return Amount Due", false): All options with label 'New Tax Return Amount Due' are selected in object 'Object Repository/RAD_Pages/Landing_Page/dd_TaxType' 

2024-01-14 16:50:07 - [MESSAGE][PASSED] - All options with label 'New Tax Return Amount Due' are selected in object 'Object Repository/RAD_Pages/Landing_Page/dd_TaxType' 

2024-01-14 16:50:07 - [TEST_STEP][PASSED] - selectOptionByLabel(findTestObject("Object Repository/RAD_Pages/Landing_Page/select_NewTaxReturnAmountDue_TaxType"), TaxType, false): All options with label 'Bay Restoration Fee' are selected in object 'Object Repository/RAD_Pages/Landing_Page/select_NewTaxReturnAmountDue_TaxType' 

2024-01-14 16:50:08 - [MESSAGE][PASSED] - All options with label 'Bay Restoration Fee' are selected in object 'Object Repository/RAD_Pages/Landing_Page/select_NewTaxReturnAmountDue_TaxType' 

2024-01-14 16:50:08 - [TEST_STEP][PASSED] - selectOptionByLabel(findTestObject(orPath_TaxTypeFilingYear + "/select_FilingYear"), FilingYear, false): All options with label '2022' are selected in object 'Object Repository/RAD_Pages/TaxTypeFilingYear_Page/select_FilingYear' 

2024-01-14 16:50:08 - [MESSAGE][PASSED] - All options with label '2022' are selected in object 'Object Repository/RAD_Pages/TaxTypeFilingYear_Page/select_FilingYear' 

2024-01-14 16:50:08 - [TEST_STEP][PASSED] - setText(findTestObject(orPath_TaxPayer + "/input_businessName"), " "): Text ' ' is set on object 'Object Repository/RAD_Pages/Taxpayer_Page/input_businessName'

2024-01-14 16:50:09 - [MESSAGE][PASSED] - Text ' ' is set on object 'Object Repository/RAD_Pages/Taxpayer_Page/input_businessName'

2024-01-14 16:50:09 - [TEST_STEP][PASSED] - setText(findTestObject(orPath_TaxPayer + "/input_BusinessRepfirstName"), " "): Text ' ' is set on object 'Object Repository/RAD_Pages/Taxpayer_Page/input_BusinessRepfirstName'

2024-01-14 16:50:10 - [MESSAGE][PASSED] - Text ' ' is set on object 'Object Repository/RAD_Pages/Taxpayer_Page/input_BusinessRepfirstName'

2024-01-14 16:50:10 - [TEST_STEP][PASSED] - setText(findTestObject(orPath_TaxPayer + "/input_BusinessReplastName"), " "): Text ' ' is set on object 'Object Repository/RAD_Pages/Taxpayer_Page/input_BusinessReplastName'

2024-01-14 16:50:11 - [MESSAGE][PASSED] - Text ' ' is set on object 'Object Repository/RAD_Pages/Taxpayer_Page/input_BusinessReplastName'

2024-01-14 16:50:11 - [TEST_STEP][PASSED] - setText(findTestObject(orPath_AddressContact + "/input_streetAddress1"), " "): Text ' ' is set on object 'Object Repository/RAD_Pages/AddressAndContactInfo_Page/input_streetAddress1'

2024-01-14 16:50:11 - [MESSAGE][PASSED] - Text ' ' is set on object 'Object Repository/RAD_Pages/AddressAndContactInfo_Page/input_streetAddress1'

2024-01-14 16:50:11 - [TEST_STEP][PASSED] - setText(findTestObject(orPath_AddressContact + "/input_city"), " "): Text ' ' is set on object 'Object Repository/RAD_Pages/AddressAndContactInfo_Page/input_city'

2024-01-14 16:50:12 - [MESSAGE][PASSED] - Text ' ' is set on object 'Object Repository/RAD_Pages/AddressAndContactInfo_Page/input_city'

2024-01-14 16:50:12 - [TEST_STEP][PASSED] - setText(findTestObject(orPath_AddressContact + "/input_zipCode"), " "): Text ' ' is set on object 'Object Repository/RAD_Pages/AddressAndContactInfo_Page/input_zipCode'

2024-01-14 16:50:13 - [MESSAGE][PASSED] - Text ' ' is set on object 'Object Repository/RAD_Pages/AddressAndContactInfo_Page/input_zipCode'

2024-01-14 16:50:13 - [TEST_STEP][PASSED] - setText(findTestObject(orPath_AddressContact + "/input_phoneNumber"), " "): Text ' ' is set on object 'Object Repository/RAD_Pages/AddressAndContactInfo_Page/input_phoneNumber'

2024-01-14 16:50:13 - [MESSAGE][PASSED] - Text ' ' is set on object 'Object Repository/RAD_Pages/AddressAndContactInfo_Page/input_phoneNumber'

2024-01-14 16:50:13 - [TEST_STEP][PASSED] - setText(findTestObject(orPath_AddressContact + "/input_eMailAddress"), " "): Text ' ' is set on object 'Object Repository/RAD_Pages/AddressAndContactInfo_Page/input_eMailAddress'

2024-01-14 16:50:14 - [MESSAGE][PASSED] - Text ' ' is set on object 'Object Repository/RAD_Pages/AddressAndContactInfo_Page/input_eMailAddress'

2024-01-14 16:50:14 - [TEST_STEP][PASSED] - setText(findTestObject(orPath_AddressContact + "/input_reEnterEMailAddress"), " "): Text ' ' is set on object 'Object Repository/RAD_Pages/AddressAndContactInfo_Page/input_reEnterEMailAddress'

2024-01-14 16:50:15 - [MESSAGE][PASSED] - Text ' ' is set on object 'Object Repository/RAD_Pages/AddressAndContactInfo_Page/input_reEnterEMailAddress'

2024-01-14 16:50:15 - [TEST_STEP][PASSED] - if (TaxType.equalsIgnoreCase("Estate Tax")): null

2024-01-14 16:50:15 - [TEST_STEP][PASSED] - resText = "Fail": null

2024-01-14 16:50:15 - [TEST_STEP][PASSED] - pages.WriteExcel.demoKey(resText, datText, resColumn, datCloumn, fileLoc, nameSheet, row): pages.WriteExcel.demoKey is PASSED

2024-01-14 16:50:15 - [MESSAGE][PASSED] - pages.WriteExcel.demoKey is PASSED

2024-01-14 16:50:15 - [TEST_STEP][PASSED] - verifyTextPresent("Enter business name", true, CONTINUE_ON_FAILURE): Text 'Enter business name' is present on page  using regular expression

2024-01-14 16:50:15 - [MESSAGE][PASSED] - Text 'Enter business name' is present on page  using regular expression

2024-01-14 16:50:16 - [TEST_STEP][PASSED] - verifyTextPresent("Enter business rep first name", true, CONTINUE_ON_FAILURE): Text 'Enter business rep first name' is present on page  using regular expression

2024-01-14 16:50:16 - [MESSAGE][PASSED] - Text 'Enter business rep first name' is present on page  using regular expression

2024-01-14 16:50:16 - [TEST_STEP][PASSED] - verifyTextPresent("Enter business rep last name", true, CONTINUE_ON_FAILURE): Text 'Enter business rep last name' is present on page  using regular expression

2024-01-14 16:50:16 - [MESSAGE][PASSED] - Text 'Enter business rep last name' is present on page  using regular expression

2024-01-14 16:50:16 - [TEST_STEP][PASSED] - verifyTextPresent("Enter address", true, CONTINUE_ON_FAILURE): Text 'Enter address' is present on page  using regular expression

2024-01-14 16:50:17 - [MESSAGE][PASSED] - Text 'Enter address' is present on page  using regular expression

2024-01-14 16:50:17 - [TEST_STEP][PASSED] - verifyTextPresent("Enter city", true, CONTINUE_ON_FAILURE): Text 'Enter city' is present on page  using regular expression

2024-01-14 16:50:17 - [MESSAGE][PASSED] - Text 'Enter city' is present on page  using regular expression

2024-01-14 16:50:17 - [TEST_STEP][PASSED] - verifyTextPresent("Enter ZIP code", true, CONTINUE_ON_FAILURE): Text 'Enter ZIP code' is present on page  using regular expression

2024-01-14 16:50:17 - [MESSAGE][PASSED] - Text 'Enter ZIP code' is present on page  using regular expression

2024-01-14 16:50:17 - [TEST_STEP][PASSED] - verifyTextPresent("Enter a valid phone number", true, CONTINUE_ON_FAILURE): Text 'Enter a valid phone number' is present on page  using regular expression

2024-01-14 16:50:18 - [MESSAGE][PASSED] - Text 'Enter a valid phone number' is present on page  using regular expression

2024-01-14 16:50:18 - [TEST_STEP][PASSED] - verifyTextPresent("Enter Email", true, CONTINUE_ON_FAILURE): Text 'Enter Email' is present on page  using regular expression

2024-01-14 16:50:18 - [MESSAGE][PASSED] - Text 'Enter Email' is present on page  using regular expression

2024-01-14 16:50:18 - [TEST_STEP][PASSED] - if (TaxType.equalsIgnoreCase("Estate Tax")): null

2024-01-14 16:50:18 - [TEST_STEP][PASSED] - resText = "Pass": null

2024-01-14 16:50:18 - [TEST_STEP][PASSED] - pages.WriteExcel.demoKey(resText, datText, resColumn, datCloumn, fileLoc, nameSheet, row): pages.WriteExcel.demoKey is PASSED

2024-01-14 16:50:18 - [MESSAGE][PASSED] - pages.WriteExcel.demoKey is PASSED

2024-01-14 16:50:18 - [TEST_STEP][PASSED] - ExecuteTC = findTestData(dataFile).getValue("Execute", row): null

2024-01-14 16:50:18 - [TEST_STEP][PASSED] - TaxType = findTestData(dataFile).getValue("TaxType", row): null

2024-01-14 16:50:18 - [TEST_STEP][PASSED] - PaymentType = findTestData(dataFile).getValue("PaymentType", row): null

2024-01-14 16:50:18 - [TEST_STEP][PASSED] - FilingYear = findTestData(dataFile).getValue("Year", row): null

2024-01-14 16:50:18 - [TEST_STEP][PASSED] - feinSSN = findTestData(dataFile).getValue("FeinSsn", row): null

2024-01-14 16:50:18 - [TEST_STEP][PASSED] - if (ExecuteTC.equalsIgnoreCase("Y")): pages.WriteExcel.demoKey is PASSED

2024-01-14 16:50:18 - [TEST_STEP][PASSED] - out.println("Begin Record Number: " + row): null

2024-01-14 16:50:18 - [TEST_STEP][PASSED] - today = new java.util.Date(): null

2024-01-14 16:50:18 - [TEST_STEP][PASSED] - println(today): null

2024-01-14 16:50:18 - [TEST_STEP][PASSED] - datText = today: null

2024-01-14 16:50:18 - [TEST_STEP][PASSED] - logInfo("Payment Type: New Tax Return Amount Due"): Payment Type: New Tax Return Amount Due

2024-01-14 16:50:18 - [MESSAGE][INFO] - Payment Type: New Tax Return Amount Due

2024-01-14 16:50:18 - [TEST_STEP][PASSED] - logInfo("Tax Type: " + TaxType): Tax Type: Corporate Income Tax

2024-01-14 16:50:18 - [MESSAGE][INFO] - Tax Type: Corporate Income Tax

2024-01-14 16:50:18 - [TEST_STEP][PASSED] - openBrowser(""): Browser is opened with url: ''

2024-01-14 16:50:18 - [MESSAGE][WARNING] - A browser is already opened. Closing browser and opening a new one

2024-01-14 16:50:20 - [MESSAGE][INFO] - Starting 'Chrome' driver

2024-01-14 16:50:20 - [MESSAGE][INFO] - User set preference: ['acceptInsecureCerts', 'true']

2024-01-14 16:50:20 - [MESSAGE][INFO] - Action delay is set to 0 milliseconds

2024-01-14 16:50:22 - [MESSAGE][PASSED] - Browser is opened with url: ''

2024-01-14 16:50:22 - [TEST_STEP][PASSED] - maximizeWindow(): Current window maximized

2024-01-14 16:50:22 - [MESSAGE][PASSED] - Current window maximized

2024-01-14 16:50:22 - [TEST_STEP][PASSED] - navigateToUrl(RADurl): Navigate to 'https://qa2.velocitypayment.com/client/rad/index.html' successfully

2024-01-14 16:50:22 - [MESSAGE][PASSED] - Navigate to 'https://qa2.velocitypayment.com/client/rad/index.html' successfully

2024-01-14 16:50:22 - [TEST_STEP][PASSED] - selectOptionByLabel(findTestObject(orPath_Landing + "/dd_TaxType"), "New Tax Return Amount Due", false): All options with label 'New Tax Return Amount Due' are selected in object 'Object Repository/RAD_Pages/Landing_Page/dd_TaxType' 

2024-01-14 16:50:24 - [MESSAGE][PASSED] - All options with label 'New Tax Return Amount Due' are selected in object 'Object Repository/RAD_Pages/Landing_Page/dd_TaxType' 

2024-01-14 16:50:24 - [TEST_STEP][PASSED] - selectOptionByLabel(findTestObject("Object Repository/RAD_Pages/Landing_Page/select_NewTaxReturnAmountDue_TaxType"), TaxType, false): All options with label 'Corporate Income Tax' are selected in object 'Object Repository/RAD_Pages/Landing_Page/select_NewTaxReturnAmountDue_TaxType' 

2024-01-14 16:50:25 - [MESSAGE][PASSED] - All options with label 'Corporate Income Tax' are selected in object 'Object Repository/RAD_Pages/Landing_Page/select_NewTaxReturnAmountDue_TaxType' 

2024-01-14 16:50:25 - [TEST_STEP][PASSED] - selectOptionByLabel(findTestObject(orPath_TaxTypeFilingYear + "/select_FilingYear"), FilingYear, false): All options with label '2022' are selected in object 'Object Repository/RAD_Pages/TaxTypeFilingYear_Page/select_FilingYear' 

2024-01-14 16:50:26 - [MESSAGE][PASSED] - All options with label '2022' are selected in object 'Object Repository/RAD_Pages/TaxTypeFilingYear_Page/select_FilingYear' 

2024-01-14 16:50:26 - [TEST_STEP][PASSED] - setText(findTestObject(orPath_TaxPayer + "/input_businessName"), " "): Text ' ' is set on object 'Object Repository/RAD_Pages/Taxpayer_Page/input_businessName'

2024-01-14 16:50:26 - [MESSAGE][PASSED] - Text ' ' is set on object 'Object Repository/RAD_Pages/Taxpayer_Page/input_businessName'

2024-01-14 16:50:26 - [TEST_STEP][PASSED] - setText(findTestObject(orPath_TaxPayer + "/input_BusinessRepfirstName"), " "): Text ' ' is set on object 'Object Repository/RAD_Pages/Taxpayer_Page/input_BusinessRepfirstName'

2024-01-14 16:50:27 - [MESSAGE][PASSED] - Text ' ' is set on object 'Object Repository/RAD_Pages/Taxpayer_Page/input_BusinessRepfirstName'

2024-01-14 16:50:27 - [TEST_STEP][PASSED] - setText(findTestObject(orPath_TaxPayer + "/input_BusinessReplastName"), " "): Text ' ' is set on object 'Object Repository/RAD_Pages/Taxpayer_Page/input_BusinessReplastName'

2024-01-14 16:50:28 - [MESSAGE][PASSED] - Text ' ' is set on object 'Object Repository/RAD_Pages/Taxpayer_Page/input_BusinessReplastName'

2024-01-14 16:50:28 - [TEST_STEP][PASSED] - setText(findTestObject(orPath_AddressContact + "/input_streetAddress1"), " "): Text ' ' is set on object 'Object Repository/RAD_Pages/AddressAndContactInfo_Page/input_streetAddress1'

2024-01-14 16:50:28 - [MESSAGE][PASSED] - Text ' ' is set on object 'Object Repository/RAD_Pages/AddressAndContactInfo_Page/input_streetAddress1'

2024-01-14 16:50:28 - [TEST_STEP][PASSED] - setText(findTestObject(orPath_AddressContact + "/input_city"), " "): Text ' ' is set on object 'Object Repository/RAD_Pages/AddressAndContactInfo_Page/input_city'

2024-01-14 16:50:29 - [MESSAGE][PASSED] - Text ' ' is set on object 'Object Repository/RAD_Pages/AddressAndContactInfo_Page/input_city'

2024-01-14 16:50:29 - [TEST_STEP][PASSED] - setText(findTestObject(orPath_AddressContact + "/input_zipCode"), " "): Text ' ' is set on object 'Object Repository/RAD_Pages/AddressAndContactInfo_Page/input_zipCode'

2024-01-14 16:50:30 - [MESSAGE][PASSED] - Text ' ' is set on object 'Object Repository/RAD_Pages/AddressAndContactInfo_Page/input_zipCode'

2024-01-14 16:50:30 - [TEST_STEP][PASSED] - setText(findTestObject(orPath_AddressContact + "/input_phoneNumber"), " "): Text ' ' is set on object 'Object Repository/RAD_Pages/AddressAndContactInfo_Page/input_phoneNumber'

2024-01-14 16:50:31 - [MESSAGE][PASSED] - Text ' ' is set on object 'Object Repository/RAD_Pages/AddressAndContactInfo_Page/input_phoneNumber'

2024-01-14 16:50:31 - [TEST_STEP][PASSED] - setText(findTestObject(orPath_AddressContact + "/input_eMailAddress"), " "): Text ' ' is set on object 'Object Repository/RAD_Pages/AddressAndContactInfo_Page/input_eMailAddress'

2024-01-14 16:50:31 - [MESSAGE][PASSED] - Text ' ' is set on object 'Object Repository/RAD_Pages/AddressAndContactInfo_Page/input_eMailAddress'

2024-01-14 16:50:31 - [TEST_STEP][PASSED] - setText(findTestObject(orPath_AddressContact + "/input_reEnterEMailAddress"), " "): Text ' ' is set on object 'Object Repository/RAD_Pages/AddressAndContactInfo_Page/input_reEnterEMailAddress'

2024-01-14 16:50:32 - [MESSAGE][PASSED] - Text ' ' is set on object 'Object Repository/RAD_Pages/AddressAndContactInfo_Page/input_reEnterEMailAddress'

2024-01-14 16:50:32 - [TEST_STEP][PASSED] - if (TaxType.equalsIgnoreCase("Estate Tax")): null

2024-01-14 16:50:32 - [TEST_STEP][PASSED] - resText = "Fail": null

2024-01-14 16:50:32 - [TEST_STEP][PASSED] - pages.WriteExcel.demoKey(resText, datText, resColumn, datCloumn, fileLoc, nameSheet, row): pages.WriteExcel.demoKey is PASSED

2024-01-14 16:50:32 - [MESSAGE][PASSED] - pages.WriteExcel.demoKey is PASSED

2024-01-14 16:50:32 - [TEST_STEP][PASSED] - verifyTextPresent("Enter business name", true, CONTINUE_ON_FAILURE): Text 'Enter business name' is present on page  using regular expression

2024-01-14 16:50:33 - [MESSAGE][PASSED] - Text 'Enter business name' is present on page  using regular expression

2024-01-14 16:50:33 - [TEST_STEP][PASSED] - verifyTextPresent("Enter business rep first name", true, CONTINUE_ON_FAILURE): Text 'Enter business rep first name' is present on page  using regular expression

2024-01-14 16:50:33 - [MESSAGE][PASSED] - Text 'Enter business rep first name' is present on page  using regular expression

2024-01-14 16:50:33 - [TEST_STEP][PASSED] - verifyTextPresent("Enter business rep last name", true, CONTINUE_ON_FAILURE): Text 'Enter business rep last name' is present on page  using regular expression

2024-01-14 16:50:33 - [MESSAGE][PASSED] - Text 'Enter business rep last name' is present on page  using regular expression

2024-01-14 16:50:33 - [TEST_STEP][PASSED] - verifyTextPresent("Enter address", true, CONTINUE_ON_FAILURE): Text 'Enter address' is present on page  using regular expression

2024-01-14 16:50:34 - [MESSAGE][PASSED] - Text 'Enter address' is present on page  using regular expression

2024-01-14 16:50:34 - [TEST_STEP][PASSED] - verifyTextPresent("Enter city", true, CONTINUE_ON_FAILURE): Text 'Enter city' is present on page  using regular expression

2024-01-14 16:50:34 - [MESSAGE][PASSED] - Text 'Enter city' is present on page  using regular expression

2024-01-14 16:50:34 - [TEST_STEP][PASSED] - verifyTextPresent("Enter ZIP code", true, CONTINUE_ON_FAILURE): Text 'Enter ZIP code' is present on page  using regular expression

2024-01-14 16:50:34 - [MESSAGE][PASSED] - Text 'Enter ZIP code' is present on page  using regular expression

2024-01-14 16:50:34 - [TEST_STEP][PASSED] - verifyTextPresent("Enter a valid phone number", true, CONTINUE_ON_FAILURE): Text 'Enter a valid phone number' is present on page  using regular expression

2024-01-14 16:50:35 - [MESSAGE][PASSED] - Text 'Enter a valid phone number' is present on page  using regular expression

2024-01-14 16:50:35 - [TEST_STEP][PASSED] - verifyTextPresent("Enter Email", true, CONTINUE_ON_FAILURE): Text 'Enter Email' is present on page  using regular expression

2024-01-14 16:50:35 - [MESSAGE][PASSED] - Text 'Enter Email' is present on page  using regular expression

2024-01-14 16:50:35 - [TEST_STEP][PASSED] - if (TaxType.equalsIgnoreCase("Estate Tax")): null

2024-01-14 16:50:35 - [TEST_STEP][PASSED] - resText = "Pass": null

2024-01-14 16:50:35 - [TEST_STEP][PASSED] - pages.WriteExcel.demoKey(resText, datText, resColumn, datCloumn, fileLoc, nameSheet, row): pages.WriteExcel.demoKey is PASSED

2024-01-14 16:50:35 - [MESSAGE][PASSED] - pages.WriteExcel.demoKey is PASSED

2024-01-14 16:50:35 - [TEST_STEP][PASSED] - ExecuteTC = findTestData(dataFile).getValue("Execute", row): null

2024-01-14 16:50:35 - [TEST_STEP][PASSED] - TaxType = findTestData(dataFile).getValue("TaxType", row): null

2024-01-14 16:50:35 - [TEST_STEP][PASSED] - PaymentType = findTestData(dataFile).getValue("PaymentType", row): null

2024-01-14 16:50:35 - [TEST_STEP][PASSED] - FilingYear = findTestData(dataFile).getValue("Year", row): null

2024-01-14 16:50:35 - [TEST_STEP][PASSED] - feinSSN = findTestData(dataFile).getValue("FeinSsn", row): null

2024-01-14 16:50:36 - [TEST_STEP][FAILED] - if (ExecuteTC.equalsIgnoreCase("Y")): null

2024-01-14 16:50:36 - [TEST_STEP][PASSED] - out.println("Begin Record Number: " + row): null

2024-01-14 16:50:36 - [TEST_STEP][PASSED] - today = new java.util.Date(): null

2024-01-14 16:50:36 - [TEST_STEP][PASSED] - println(today): null

2024-01-14 16:50:36 - [TEST_STEP][PASSED] - datText = today: null

2024-01-14 16:50:36 - [TEST_STEP][PASSED] - logInfo("Payment Type: New Tax Return Amount Due"): Payment Type: New Tax Return Amount Due

2024-01-14 16:50:36 - [MESSAGE][INFO] - Payment Type: New Tax Return Amount Due

2024-01-14 16:50:36 - [TEST_STEP][PASSED] - logInfo("Tax Type: " + TaxType): Tax Type: Estate Tax

2024-01-14 16:50:36 - [MESSAGE][INFO] - Tax Type: Estate Tax

2024-01-14 16:50:36 - [TEST_STEP][PASSED] - openBrowser(""): Browser is opened with url: ''

2024-01-14 16:50:36 - [MESSAGE][WARNING] - A browser is already opened. Closing browser and opening a new one

2024-01-14 16:50:37 - [MESSAGE][INFO] - Starting 'Chrome' driver

2024-01-14 16:50:37 - [MESSAGE][INFO] - User set preference: ['acceptInsecureCerts', 'true']

2024-01-14 16:50:37 - [MESSAGE][INFO] - Action delay is set to 0 milliseconds

2024-01-14 16:50:38 - [MESSAGE][PASSED] - Browser is opened with url: ''

2024-01-14 16:50:38 - [TEST_STEP][PASSED] - maximizeWindow(): Current window maximized

2024-01-14 16:50:38 - [MESSAGE][PASSED] - Current window maximized

2024-01-14 16:50:38 - [TEST_STEP][PASSED] - navigateToUrl(RADurl): Navigate to 'https://qa2.velocitypayment.com/client/rad/index.html' successfully

2024-01-14 16:50:40 - [MESSAGE][PASSED] - Navigate to 'https://qa2.velocitypayment.com/client/rad/index.html' successfully

2024-01-14 16:50:40 - [TEST_STEP][PASSED] - selectOptionByLabel(findTestObject(orPath_Landing + "/dd_TaxType"), "New Tax Return Amount Due", false): All options with label 'New Tax Return Amount Due' are selected in object 'Object Repository/RAD_Pages/Landing_Page/dd_TaxType' 

2024-01-14 16:50:41 - [MESSAGE][PASSED] - All options with label 'New Tax Return Amount Due' are selected in object 'Object Repository/RAD_Pages/Landing_Page/dd_TaxType' 

2024-01-14 16:50:41 - [TEST_STEP][PASSED] - selectOptionByLabel(findTestObject("Object Repository/RAD_Pages/Landing_Page/select_NewTaxReturnAmountDue_TaxType"), TaxType, false): All options with label 'Estate Tax' are selected in object 'Object Repository/RAD_Pages/Landing_Page/select_NewTaxReturnAmountDue_TaxType' 

2024-01-14 16:50:41 - [MESSAGE][PASSED] - All options with label 'Estate Tax' are selected in object 'Object Repository/RAD_Pages/Landing_Page/select_NewTaxReturnAmountDue_TaxType' 

2024-01-14 16:50:41 - [TEST_STEP][PASSED] - selectOptionByLabel(findTestObject(orPath_TaxTypeFilingYear + "/select_FilingYear"), FilingYear, false): All options with label '2022' are selected in object 'Object Repository/RAD_Pages/TaxTypeFilingYear_Page/select_FilingYear' 

2024-01-14 16:50:42 - [MESSAGE][PASSED] - All options with label '2022' are selected in object 'Object Repository/RAD_Pages/TaxTypeFilingYear_Page/select_FilingYear' 

2024-01-14 16:50:42 - [TEST_STEP][PASSED] - setText(findTestObject(orPath_TaxPayer + "/input_businessName"), " "): Text ' ' is set on object 'Object Repository/RAD_Pages/Taxpayer_Page/input_businessName'

2024-01-14 16:50:43 - [MESSAGE][PASSED] - Text ' ' is set on object 'Object Repository/RAD_Pages/Taxpayer_Page/input_businessName'

2024-01-14 16:50:43 - [TEST_STEP][PASSED] - setText(findTestObject(orPath_TaxPayer + "/input_BusinessRepfirstName"), " "): Text ' ' is set on object 'Object Repository/RAD_Pages/Taxpayer_Page/input_BusinessRepfirstName'

2024-01-14 16:50:43 - [MESSAGE][PASSED] - Text ' ' is set on object 'Object Repository/RAD_Pages/Taxpayer_Page/input_BusinessRepfirstName'

2024-01-14 16:50:43 - [TEST_STEP][PASSED] - setText(findTestObject(orPath_TaxPayer + "/input_BusinessReplastName"), " "): Text ' ' is set on object 'Object Repository/RAD_Pages/Taxpayer_Page/input_BusinessReplastName'

2024-01-14 16:50:44 - [MESSAGE][PASSED] - Text ' ' is set on object 'Object Repository/RAD_Pages/Taxpayer_Page/input_BusinessReplastName'

2024-01-14 16:50:44 - [TEST_STEP][PASSED] - setText(findTestObject(orPath_AddressContact + "/input_streetAddress1"), " "): Text ' ' is set on object 'Object Repository/RAD_Pages/AddressAndContactInfo_Page/input_streetAddress1'

2024-01-14 16:50:45 - [MESSAGE][PASSED] - Text ' ' is set on object 'Object Repository/RAD_Pages/AddressAndContactInfo_Page/input_streetAddress1'

2024-01-14 16:50:45 - [TEST_STEP][PASSED] - setText(findTestObject(orPath_AddressContact + "/input_city"), " "): Text ' ' is set on object 'Object Repository/RAD_Pages/AddressAndContactInfo_Page/input_city'

2024-01-14 16:50:45 - [MESSAGE][PASSED] - Text ' ' is set on object 'Object Repository/RAD_Pages/AddressAndContactInfo_Page/input_city'

2024-01-14 16:50:45 - [TEST_STEP][PASSED] - setText(findTestObject(orPath_AddressContact + "/input_zipCode"), " "): Text ' ' is set on object 'Object Repository/RAD_Pages/AddressAndContactInfo_Page/input_zipCode'

2024-01-14 16:50:46 - [MESSAGE][PASSED] - Text ' ' is set on object 'Object Repository/RAD_Pages/AddressAndContactInfo_Page/input_zipCode'

2024-01-14 16:50:46 - [TEST_STEP][PASSED] - setText(findTestObject(orPath_AddressContact + "/input_phoneNumber"), " "): Text ' ' is set on object 'Object Repository/RAD_Pages/AddressAndContactInfo_Page/input_phoneNumber'

2024-01-14 16:50:47 - [MESSAGE][PASSED] - Text ' ' is set on object 'Object Repository/RAD_Pages/AddressAndContactInfo_Page/input_phoneNumber'

2024-01-14 16:50:47 - [TEST_STEP][PASSED] - setText(findTestObject(orPath_AddressContact + "/input_eMailAddress"), " "): Text ' ' is set on object 'Object Repository/RAD_Pages/AddressAndContactInfo_Page/input_eMailAddress'

2024-01-14 16:50:48 - [MESSAGE][PASSED] - Text ' ' is set on object 'Object Repository/RAD_Pages/AddressAndContactInfo_Page/input_eMailAddress'

2024-01-14 16:50:48 - [TEST_STEP][PASSED] - setText(findTestObject(orPath_AddressContact + "/input_reEnterEMailAddress"), " "): Text ' ' is set on object 'Object Repository/RAD_Pages/AddressAndContactInfo_Page/input_reEnterEMailAddress'

2024-01-14 16:50:49 - [MESSAGE][PASSED] - Text ' ' is set on object 'Object Repository/RAD_Pages/AddressAndContactInfo_Page/input_reEnterEMailAddress'

2024-01-14 16:50:49 - [TEST_STEP][PASSED] - if (TaxType.equalsIgnoreCase("Estate Tax")): Text ' ' is set on object 'Object Repository/RAD_Pages/TaxInfo_Page/input_ReTypeDecedentSSN'

2024-01-14 16:50:49 - [TEST_STEP][PASSED] - setText(findTestObject(orPath_TaxInfo + "/input_DecedentSSN"), " "): Text ' ' is set on object 'Object Repository/RAD_Pages/TaxInfo_Page/input_DecedentSSN'

2024-01-14 16:50:49 - [MESSAGE][PASSED] - Text ' ' is set on object 'Object Repository/RAD_Pages/TaxInfo_Page/input_DecedentSSN'

2024-01-14 16:50:49 - [TEST_STEP][PASSED] - setText(findTestObject(orPath_TaxInfo + "/input_ReTypeDecedentSSN"), " "): Text ' ' is set on object 'Object Repository/RAD_Pages/TaxInfo_Page/input_ReTypeDecedentSSN'

2024-01-14 16:50:50 - [MESSAGE][PASSED] - Text ' ' is set on object 'Object Repository/RAD_Pages/TaxInfo_Page/input_ReTypeDecedentSSN'

2024-01-14 16:50:50 - [TEST_STEP][PASSED] - resText = "Fail": null

2024-01-14 16:50:50 - [TEST_STEP][PASSED] - pages.WriteExcel.demoKey(resText, datText, resColumn, datCloumn, fileLoc, nameSheet, row): pages.WriteExcel.demoKey is PASSED

2024-01-14 16:50:50 - [MESSAGE][PASSED] - pages.WriteExcel.demoKey is PASSED

2024-01-14 16:50:50 - [TEST_STEP][PASSED] - verifyTextPresent("Enter business name", true, CONTINUE_ON_FAILURE): Text 'Enter business name' is present on page  using regular expression

2024-01-14 16:50:51 - [MESSAGE][PASSED] - Text 'Enter business name' is present on page  using regular expression

2024-01-14 16:50:51 - [TEST_STEP][PASSED] - verifyTextPresent("Enter business rep first name", true, CONTINUE_ON_FAILURE): Text 'Enter business rep first name' is present on page  using regular expression

2024-01-14 16:50:51 - [MESSAGE][PASSED] - Text 'Enter business rep first name' is present on page  using regular expression

2024-01-14 16:50:51 - [TEST_STEP][PASSED] - verifyTextPresent("Enter business rep last name", true, CONTINUE_ON_FAILURE): Text 'Enter business rep last name' is present on page  using regular expression

2024-01-14 16:50:51 - [MESSAGE][PASSED] - Text 'Enter business rep last name' is present on page  using regular expression

2024-01-14 16:50:51 - [TEST_STEP][PASSED] - verifyTextPresent("Enter address", true, CONTINUE_ON_FAILURE): Text 'Enter address' is present on page  using regular expression

2024-01-14 16:50:52 - [MESSAGE][PASSED] - Text 'Enter address' is present on page  using regular expression

2024-01-14 16:50:52 - [TEST_STEP][PASSED] - verifyTextPresent("Enter city", true, CONTINUE_ON_FAILURE): Text 'Enter city' is present on page  using regular expression

2024-01-14 16:50:52 - [MESSAGE][PASSED] - Text 'Enter city' is present on page  using regular expression

2024-01-14 16:50:52 - [TEST_STEP][PASSED] - verifyTextPresent("Enter ZIP code", true, CONTINUE_ON_FAILURE): Text 'Enter ZIP code' is present on page  using regular expression

2024-01-14 16:50:52 - [MESSAGE][PASSED] - Text 'Enter ZIP code' is present on page  using regular expression

2024-01-14 16:50:52 - [TEST_STEP][PASSED] - verifyTextPresent("Enter a valid phone number", true, CONTINUE_ON_FAILURE): Text 'Enter a valid phone number' is present on page  using regular expression

2024-01-14 16:50:53 - [MESSAGE][PASSED] - Text 'Enter a valid phone number' is present on page  using regular expression

2024-01-14 16:50:53 - [TEST_STEP][PASSED] - verifyTextPresent("Enter Email", true, CONTINUE_ON_FAILURE): Text 'Enter Email' is present on page  using regular expression

2024-01-14 16:50:53 - [MESSAGE][PASSED] - Text 'Enter Email' is present on page  using regular expression

2024-01-14 16:50:53 - [TEST_STEP][FAILED] - if (TaxType.equalsIgnoreCase("Estate Tax")): Text 'Re-type Decedent SSN Validation Error' is not present on page  using regular expression (Root cause: com.kms.katalon.core.exception.StepFailedException: Text 'Re-type Decedent SSN Validation Error' is not present on page  using regular expression
	at com.kms.katalon.core.webui.keyword.internal.WebUIKeywordMain.stepFailed(WebUIKeywordMain.groovy:64)
	at com.kms.katalon.core.webui.keyword.builtin.VerifyTextPresentKeyword$_verifyTextPresent_closure1.doCall(VerifyTextPresentKeyword.groovy:79)
	at com.kms.katalon.core.webui.keyword.builtin.VerifyTextPresentKeyword$_verifyTextPresent_closure1.call(VerifyTextPresentKeyword.groovy)
	at com.kms.katalon.core.webui.keyword.internal.WebUIKeywordMain.runKeyword(WebUIKeywordMain.groovy:20)
	at com.kms.katalon.core.webui.keyword.builtin.VerifyTextPresentKeyword.verifyTextPresent(VerifyTextPresentKeyword.groovy:83)
	at com.kms.katalon.core.webui.keyword.builtin.VerifyTextPresentKeyword.execute(VerifyTextPresentKeyword.groovy:68)
	at com.kms.katalon.core.keyword.internal.KeywordExecutor.executeKeywordForPlatform(KeywordExecutor.groovy:74)
	at com.kms.katalon.core.webui.keyword.WebUiBuiltInKeywords.verifyTextPresent(WebUiBuiltInKeywords.groovy:1707)
	at com.kms.katalon.core.webui.keyword.WebUiBuiltInKeywords$verifyTextPresent$10.call(Unknown Source)
	at NewTaxReturn_MRF_TC.run(NewTaxReturn_MRF_TC:143)
	at com.kms.katalon.core.main.ScriptEngine.run(ScriptEngine.java:194)
	at com.kms.katalon.core.main.ScriptEngine.runScriptAsRawText(ScriptEngine.java:119)
	at com.kms.katalon.core.main.TestCaseExecutor.runScript(TestCaseExecutor.java:448)
	at com.kms.katalon.core.main.TestCaseExecutor.doExecute(TestCaseExecutor.java:439)
	at com.kms.katalon.core.main.TestCaseExecutor.processExecutionPhase(TestCaseExecutor.java:418)
	at com.kms.katalon.core.main.TestCaseExecutor.accessMainPhase(TestCaseExecutor.java:410)
	at com.kms.katalon.core.main.TestCaseExecutor.execute(TestCaseExecutor.java:285)
	at com.kms.katalon.core.common.CommonExecutor.accessTestCaseMainPhase(CommonExecutor.java:65)
	at com.kms.katalon.core.main.TestSuiteExecutor.accessTestSuiteMainPhase(TestSuiteExecutor.java:148)
	at com.kms.katalon.core.main.TestSuiteExecutor.execute(TestSuiteExecutor.java:106)
	at com.kms.katalon.core.main.TestCaseMain.startTestSuite(TestCaseMain.java:187)
	at com.kms.katalon.core.main.TestCaseMain$startTestSuite$0.call(Unknown Source)
	at TempTestSuite1705265880633.run(TempTestSuite1705265880633.groovy:36)
)

2024-01-14 16:50:53 - [TEST_STEP][PASSED] - verifyTextPresent("Please enter a valid Decedent SSN with 9 digits", true, CONTINUE_ON_FAILURE): Text 'Please enter a valid Decedent SSN with 9 digits' is present on page  using regular expression

2024-01-14 16:50:54 - [MESSAGE][PASSED] - Text 'Please enter a valid Decedent SSN with 9 digits' is present on page  using regular expression

2024-01-14 16:50:54 - [TEST_STEP][FAILED] - verifyTextPresent("Re-type Decedent SSN Validation Error", true, CONTINUE_ON_FAILURE): Text 'Re-type Decedent SSN Validation Error' is not present on page  using regular expression (Root cause: com.kms.katalon.core.exception.StepFailedException: Text 'Re-type Decedent SSN Validation Error' is not present on page  using regular expression
	at com.kms.katalon.core.webui.keyword.internal.WebUIKeywordMain.stepFailed(WebUIKeywordMain.groovy:64)
	at com.kms.katalon.core.webui.keyword.builtin.VerifyTextPresentKeyword$_verifyTextPresent_closure1.doCall(VerifyTextPresentKeyword.groovy:79)
	at com.kms.katalon.core.webui.keyword.builtin.VerifyTextPresentKeyword$_verifyTextPresent_closure1.call(VerifyTextPresentKeyword.groovy)
	at com.kms.katalon.core.webui.keyword.internal.WebUIKeywordMain.runKeyword(WebUIKeywordMain.groovy:20)
	at com.kms.katalon.core.webui.keyword.builtin.VerifyTextPresentKeyword.verifyTextPresent(VerifyTextPresentKeyword.groovy:83)
	at com.kms.katalon.core.webui.keyword.builtin.VerifyTextPresentKeyword.execute(VerifyTextPresentKeyword.groovy:68)
	at com.kms.katalon.core.keyword.internal.KeywordExecutor.executeKeywordForPlatform(KeywordExecutor.groovy:74)
	at com.kms.katalon.core.webui.keyword.WebUiBuiltInKeywords.verifyTextPresent(WebUiBuiltInKeywords.groovy:1707)
	at com.kms.katalon.core.webui.keyword.WebUiBuiltInKeywords$verifyTextPresent$10.call(Unknown Source)
	at NewTaxReturn_MRF_TC.run(NewTaxReturn_MRF_TC:143)
	at com.kms.katalon.core.main.ScriptEngine.run(ScriptEngine.java:194)
	at com.kms.katalon.core.main.ScriptEngine.runScriptAsRawText(ScriptEngine.java:119)
	at com.kms.katalon.core.main.TestCaseExecutor.runScript(TestCaseExecutor.java:448)
	at com.kms.katalon.core.main.TestCaseExecutor.doExecute(TestCaseExecutor.java:439)
	at com.kms.katalon.core.main.TestCaseExecutor.processExecutionPhase(TestCaseExecutor.java:418)
	at com.kms.katalon.core.main.TestCaseExecutor.accessMainPhase(TestCaseExecutor.java:410)
	at com.kms.katalon.core.main.TestCaseExecutor.execute(TestCaseExecutor.java:285)
	at com.kms.katalon.core.common.CommonExecutor.accessTestCaseMainPhase(CommonExecutor.java:65)
	at com.kms.katalon.core.main.TestSuiteExecutor.accessTestSuiteMainPhase(TestSuiteExecutor.java:148)
	at com.kms.katalon.core.main.TestSuiteExecutor.execute(TestSuiteExecutor.java:106)
	at com.kms.katalon.core.main.TestCaseMain.startTestSuite(TestCaseMain.java:187)
	at com.kms.katalon.core.main.TestCaseMain$startTestSuite$0.call(Unknown Source)
	at TempTestSuite1705265880633.run(TempTestSuite1705265880633.groovy:36)
)

2024-01-14 16:50:54 - [MESSAGE][FAILED] - Text 'Re-type Decedent SSN Validation Error' is not present on page  using regular expression (Root cause: com.kms.katalon.core.exception.StepFailedException: Text 'Re-type Decedent SSN Validation Error' is not present on page  using regular expression
	at com.kms.katalon.core.webui.keyword.internal.WebUIKeywordMain.stepFailed(WebUIKeywordMain.groovy:64)
	at com.kms.katalon.core.webui.keyword.builtin.VerifyTextPresentKeyword$_verifyTextPresent_closure1.doCall(VerifyTextPresentKeyword.groovy:79)
	at com.kms.katalon.core.webui.keyword.builtin.VerifyTextPresentKeyword$_verifyTextPresent_closure1.call(VerifyTextPresentKeyword.groovy)
	at com.kms.katalon.core.webui.keyword.internal.WebUIKeywordMain.runKeyword(WebUIKeywordMain.groovy:20)
	at com.kms.katalon.core.webui.keyword.builtin.VerifyTextPresentKeyword.verifyTextPresent(VerifyTextPresentKeyword.groovy:83)
	at com.kms.katalon.core.webui.keyword.builtin.VerifyTextPresentKeyword.execute(VerifyTextPresentKeyword.groovy:68)
	at com.kms.katalon.core.keyword.internal.KeywordExecutor.executeKeywordForPlatform(KeywordExecutor.groovy:74)
	at com.kms.katalon.core.webui.keyword.WebUiBuiltInKeywords.verifyTextPresent(WebUiBuiltInKeywords.groovy:1707)
	at com.kms.katalon.core.webui.keyword.WebUiBuiltInKeywords$verifyTextPresent$10.call(Unknown Source)
	at NewTaxReturn_MRF_TC.run(NewTaxReturn_MRF_TC:143)
	at com.kms.katalon.core.main.ScriptEngine.run(ScriptEngine.java:194)
	at com.kms.katalon.core.main.ScriptEngine.runScriptAsRawText(ScriptEngine.java:119)
	at com.kms.katalon.core.main.TestCaseExecutor.runScript(TestCaseExecutor.java:448)
	at com.kms.katalon.core.main.TestCaseExecutor.doExecute(TestCaseExecutor.java:439)
	at com.kms.katalon.core.main.TestCaseExecutor.processExecutionPhase(TestCaseExecutor.java:418)
	at com.kms.katalon.core.main.TestCaseExecutor.accessMainPhase(TestCaseExecutor.java:410)
	at com.kms.katalon.core.main.TestCaseExecutor.execute(TestCaseExecutor.java:285)
	at com.kms.katalon.core.common.CommonExecutor.accessTestCaseMainPhase(CommonExecutor.java:65)
	at com.kms.katalon.core.main.TestSuiteExecutor.accessTestSuiteMainPhase(TestSuiteExecutor.java:148)
	at com.kms.katalon.core.main.TestSuiteExecutor.execute(TestSuiteExecutor.java:106)
	at com.kms.katalon.core.main.TestCaseMain.startTestSuite(TestCaseMain.java:187)
	at com.kms.katalon.core.main.TestCaseMain$startTestSuite$0.call(Unknown Source)
	at TempTestSuite1705265880633.run(TempTestSuite1705265880633.groovy:36)
)

2024-01-14 16:50:54 - [TEST_STEP][PASSED] - resText = "Pass": null

2024-01-14 16:50:54 - [TEST_STEP][PASSED] - pages.WriteExcel.demoKey(resText, datText, resColumn, datCloumn, fileLoc, nameSheet, row): pages.WriteExcel.demoKey is PASSED

2024-01-14 16:50:54 - [MESSAGE][PASSED] - pages.WriteExcel.demoKey is PASSED

2024-01-14 16:50:54 - [TEST_STEP][PASSED] - ExecuteTC = findTestData(dataFile).getValue("Execute", row): null

2024-01-14 16:50:54 - [TEST_STEP][PASSED] - TaxType = findTestData(dataFile).getValue("TaxType", row): null

2024-01-14 16:50:54 - [TEST_STEP][PASSED] - PaymentType = findTestData(dataFile).getValue("PaymentType", row): null

2024-01-14 16:50:54 - [TEST_STEP][PASSED] - FilingYear = findTestData(dataFile).getValue("Year", row): null

2024-01-14 16:50:54 - [TEST_STEP][PASSED] - feinSSN = findTestData(dataFile).getValue("FeinSsn", row): null

2024-01-14 16:50:54 - [TEST_STEP][PASSED] - if (ExecuteTC.equalsIgnoreCase("Y")): pages.WriteExcel.demoKey is PASSED

2024-01-14 16:50:54 - [TEST_STEP][PASSED] - out.println("Begin Record Number: " + row): null

2024-01-14 16:50:54 - [TEST_STEP][PASSED] - today = new java.util.Date(): null

2024-01-14 16:50:54 - [TEST_STEP][PASSED] - println(today): null

2024-01-14 16:50:54 - [TEST_STEP][PASSED] - datText = today: null

2024-01-14 16:50:54 - [TEST_STEP][PASSED] - logInfo("Payment Type: New Tax Return Amount Due"): Payment Type: New Tax Return Amount Due

2024-01-14 16:50:54 - [MESSAGE][INFO] - Payment Type: New Tax Return Amount Due

2024-01-14 16:50:54 - [TEST_STEP][PASSED] - logInfo("Tax Type: " + TaxType): Tax Type: Motor Fuel Tax

2024-01-14 16:50:54 - [MESSAGE][INFO] - Tax Type: Motor Fuel Tax

2024-01-14 16:50:54 - [TEST_STEP][PASSED] - openBrowser(""): Browser is opened with url: ''

2024-01-14 16:50:54 - [MESSAGE][WARNING] - A browser is already opened. Closing browser and opening a new one

2024-01-14 16:50:55 - [MESSAGE][INFO] - Starting 'Chrome' driver

2024-01-14 16:50:55 - [MESSAGE][INFO] - User set preference: ['acceptInsecureCerts', 'true']

2024-01-14 16:50:55 - [MESSAGE][INFO] - Action delay is set to 0 milliseconds

2024-01-14 16:50:57 - [MESSAGE][PASSED] - Browser is opened with url: ''

2024-01-14 16:50:57 - [TEST_STEP][PASSED] - maximizeWindow(): Current window maximized

2024-01-14 16:50:57 - [MESSAGE][PASSED] - Current window maximized

2024-01-14 16:50:57 - [TEST_STEP][PASSED] - navigateToUrl(RADurl): Navigate to 'https://qa2.velocitypayment.com/client/rad/index.html' successfully

2024-01-14 16:50:57 - [MESSAGE][PASSED] - Navigate to 'https://qa2.velocitypayment.com/client/rad/index.html' successfully

2024-01-14 16:50:57 - [TEST_STEP][PASSED] - selectOptionByLabel(findTestObject(orPath_Landing + "/dd_TaxType"), "New Tax Return Amount Due", false): All options with label 'New Tax Return Amount Due' are selected in object 'Object Repository/RAD_Pages/Landing_Page/dd_TaxType' 

2024-01-14 16:51:00 - [MESSAGE][PASSED] - All options with label 'New Tax Return Amount Due' are selected in object 'Object Repository/RAD_Pages/Landing_Page/dd_TaxType' 

2024-01-14 16:51:00 - [TEST_STEP][PASSED] - selectOptionByLabel(findTestObject("Object Repository/RAD_Pages/Landing_Page/select_NewTaxReturnAmountDue_TaxType"), TaxType, false): All options with label 'Motor Fuel Tax' are selected in object 'Object Repository/RAD_Pages/Landing_Page/select_NewTaxReturnAmountDue_TaxType' 

2024-01-14 16:51:00 - [MESSAGE][PASSED] - All options with label 'Motor Fuel Tax' are selected in object 'Object Repository/RAD_Pages/Landing_Page/select_NewTaxReturnAmountDue_TaxType' 

2024-01-14 16:51:00 - [TEST_STEP][PASSED] - selectOptionByLabel(findTestObject(orPath_TaxTypeFilingYear + "/select_FilingYear"), FilingYear, false): All options with label '2022' are selected in object 'Object Repository/RAD_Pages/TaxTypeFilingYear_Page/select_FilingYear' 

2024-01-14 16:51:01 - [MESSAGE][PASSED] - All options with label '2022' are selected in object 'Object Repository/RAD_Pages/TaxTypeFilingYear_Page/select_FilingYear' 

2024-01-14 16:51:01 - [TEST_STEP][PASSED] - setText(findTestObject(orPath_TaxPayer + "/input_businessName"), " "): Text ' ' is set on object 'Object Repository/RAD_Pages/Taxpayer_Page/input_businessName'

2024-01-14 16:51:02 - [MESSAGE][PASSED] - Text ' ' is set on object 'Object Repository/RAD_Pages/Taxpayer_Page/input_businessName'

2024-01-14 16:51:02 - [TEST_STEP][PASSED] - setText(findTestObject(orPath_TaxPayer + "/input_BusinessRepfirstName"), " "): Text ' ' is set on object 'Object Repository/RAD_Pages/Taxpayer_Page/input_BusinessRepfirstName'

2024-01-14 16:51:03 - [MESSAGE][PASSED] - Text ' ' is set on object 'Object Repository/RAD_Pages/Taxpayer_Page/input_BusinessRepfirstName'

2024-01-14 16:51:03 - [TEST_STEP][PASSED] - setText(findTestObject(orPath_TaxPayer + "/input_BusinessReplastName"), " "): Text ' ' is set on object 'Object Repository/RAD_Pages/Taxpayer_Page/input_BusinessReplastName'

2024-01-14 16:51:03 - [MESSAGE][PASSED] - Text ' ' is set on object 'Object Repository/RAD_Pages/Taxpayer_Page/input_BusinessReplastName'

2024-01-14 16:51:03 - [TEST_STEP][PASSED] - setText(findTestObject(orPath_AddressContact + "/input_streetAddress1"), " "): Text ' ' is set on object 'Object Repository/RAD_Pages/AddressAndContactInfo_Page/input_streetAddress1'

2024-01-14 16:51:04 - [MESSAGE][PASSED] - Text ' ' is set on object 'Object Repository/RAD_Pages/AddressAndContactInfo_Page/input_streetAddress1'

2024-01-14 16:51:04 - [TEST_STEP][PASSED] - setText(findTestObject(orPath_AddressContact + "/input_city"), " "): Text ' ' is set on object 'Object Repository/RAD_Pages/AddressAndContactInfo_Page/input_city'

2024-01-14 16:51:05 - [MESSAGE][PASSED] - Text ' ' is set on object 'Object Repository/RAD_Pages/AddressAndContactInfo_Page/input_city'

2024-01-14 16:51:05 - [TEST_STEP][PASSED] - setText(findTestObject(orPath_AddressContact + "/input_zipCode"), " "): Text ' ' is set on object 'Object Repository/RAD_Pages/AddressAndContactInfo_Page/input_zipCode'

2024-01-14 16:51:06 - [MESSAGE][PASSED] - Text ' ' is set on object 'Object Repository/RAD_Pages/AddressAndContactInfo_Page/input_zipCode'

2024-01-14 16:51:06 - [TEST_STEP][PASSED] - setText(findTestObject(orPath_AddressContact + "/input_phoneNumber"), " "): Text ' ' is set on object 'Object Repository/RAD_Pages/AddressAndContactInfo_Page/input_phoneNumber'

2024-01-14 16:51:06 - [MESSAGE][PASSED] - Text ' ' is set on object 'Object Repository/RAD_Pages/AddressAndContactInfo_Page/input_phoneNumber'

2024-01-14 16:51:06 - [TEST_STEP][PASSED] - setText(findTestObject(orPath_AddressContact + "/input_eMailAddress"), " "): Text ' ' is set on object 'Object Repository/RAD_Pages/AddressAndContactInfo_Page/input_eMailAddress'

2024-01-14 16:51:07 - [MESSAGE][PASSED] - Text ' ' is set on object 'Object Repository/RAD_Pages/AddressAndContactInfo_Page/input_eMailAddress'

2024-01-14 16:51:07 - [TEST_STEP][PASSED] - setText(findTestObject(orPath_AddressContact + "/input_reEnterEMailAddress"), " "): Text ' ' is set on object 'Object Repository/RAD_Pages/AddressAndContactInfo_Page/input_reEnterEMailAddress'

2024-01-14 16:51:08 - [MESSAGE][PASSED] - Text ' ' is set on object 'Object Repository/RAD_Pages/AddressAndContactInfo_Page/input_reEnterEMailAddress'

2024-01-14 16:51:08 - [TEST_STEP][PASSED] - if (TaxType.equalsIgnoreCase("Estate Tax")): null

2024-01-14 16:51:08 - [TEST_STEP][PASSED] - resText = "Fail": null

2024-01-14 16:51:08 - [TEST_STEP][PASSED] - pages.WriteExcel.demoKey(resText, datText, resColumn, datCloumn, fileLoc, nameSheet, row): pages.WriteExcel.demoKey is PASSED

2024-01-14 16:51:08 - [MESSAGE][PASSED] - pages.WriteExcel.demoKey is PASSED

2024-01-14 16:51:08 - [TEST_STEP][PASSED] - verifyTextPresent("Enter business name", true, CONTINUE_ON_FAILURE): Text 'Enter business name' is present on page  using regular expression

2024-01-14 16:51:09 - [MESSAGE][PASSED] - Text 'Enter business name' is present on page  using regular expression

2024-01-14 16:51:09 - [TEST_STEP][PASSED] - verifyTextPresent("Enter business rep first name", true, CONTINUE_ON_FAILURE): Text 'Enter business rep first name' is present on page  using regular expression

2024-01-14 16:51:09 - [MESSAGE][PASSED] - Text 'Enter business rep first name' is present on page  using regular expression

2024-01-14 16:51:09 - [TEST_STEP][PASSED] - verifyTextPresent("Enter business rep last name", true, CONTINUE_ON_FAILURE): Text 'Enter business rep last name' is present on page  using regular expression

2024-01-14 16:51:09 - [MESSAGE][PASSED] - Text 'Enter business rep last name' is present on page  using regular expression

2024-01-14 16:51:09 - [TEST_STEP][PASSED] - verifyTextPresent("Enter address", true, CONTINUE_ON_FAILURE): Text 'Enter address' is present on page  using regular expression

2024-01-14 16:51:10 - [MESSAGE][PASSED] - Text 'Enter address' is present on page  using regular expression

2024-01-14 16:51:10 - [TEST_STEP][PASSED] - verifyTextPresent("Enter city", true, CONTINUE_ON_FAILURE): Text 'Enter city' is present on page  using regular expression

2024-01-14 16:51:10 - [MESSAGE][PASSED] - Text 'Enter city' is present on page  using regular expression

2024-01-14 16:51:10 - [TEST_STEP][PASSED] - verifyTextPresent("Enter ZIP code", true, CONTINUE_ON_FAILURE): Text 'Enter ZIP code' is present on page  using regular expression

2024-01-14 16:51:10 - [MESSAGE][PASSED] - Text 'Enter ZIP code' is present on page  using regular expression

2024-01-14 16:51:10 - [TEST_STEP][PASSED] - verifyTextPresent("Enter a valid phone number", true, CONTINUE_ON_FAILURE): Text 'Enter a valid phone number' is present on page  using regular expression

2024-01-14 16:51:11 - [MESSAGE][PASSED] - Text 'Enter a valid phone number' is present on page  using regular expression

2024-01-14 16:51:11 - [TEST_STEP][PASSED] - verifyTextPresent("Enter Email", true, CONTINUE_ON_FAILURE): Text 'Enter Email' is present on page  using regular expression

2024-01-14 16:51:11 - [MESSAGE][PASSED] - Text 'Enter Email' is present on page  using regular expression

2024-01-14 16:51:11 - [TEST_STEP][PASSED] - if (TaxType.equalsIgnoreCase("Estate Tax")): null

2024-01-14 16:51:11 - [TEST_STEP][PASSED] - resText = "Pass": null

2024-01-14 16:51:11 - [TEST_STEP][PASSED] - pages.WriteExcel.demoKey(resText, datText, resColumn, datCloumn, fileLoc, nameSheet, row): pages.WriteExcel.demoKey is PASSED

2024-01-14 16:51:11 - [MESSAGE][PASSED] - pages.WriteExcel.demoKey is PASSED

2024-01-14 16:51:11 - [TEST_STEP][PASSED] - ExecuteTC = findTestData(dataFile).getValue("Execute", row): null

2024-01-14 16:51:11 - [TEST_STEP][PASSED] - TaxType = findTestData(dataFile).getValue("TaxType", row): null

2024-01-14 16:51:11 - [TEST_STEP][PASSED] - PaymentType = findTestData(dataFile).getValue("PaymentType", row): null

2024-01-14 16:51:11 - [TEST_STEP][PASSED] - FilingYear = findTestData(dataFile).getValue("Year", row): null

2024-01-14 16:51:11 - [TEST_STEP][PASSED] - feinSSN = findTestData(dataFile).getValue("FeinSsn", row): null

2024-01-14 16:51:11 - [TEST_STEP][PASSED] - if (ExecuteTC.equalsIgnoreCase("Y")): pages.WriteExcel.demoKey is PASSED

2024-01-14 16:51:11 - [TEST_STEP][PASSED] - out.println("Begin Record Number: " + row): null

2024-01-14 16:51:11 - [TEST_STEP][PASSED] - today = new java.util.Date(): null

2024-01-14 16:51:11 - [TEST_STEP][PASSED] - println(today): null

2024-01-14 16:51:11 - [TEST_STEP][PASSED] - datText = today: null

2024-01-14 16:51:11 - [TEST_STEP][PASSED] - logInfo("Payment Type: New Tax Return Amount Due"): Payment Type: New Tax Return Amount Due

2024-01-14 16:51:11 - [MESSAGE][INFO] - Payment Type: New Tax Return Amount Due

2024-01-14 16:51:11 - [TEST_STEP][PASSED] - logInfo("Tax Type: " + TaxType): Tax Type: Sales and Use Tax

2024-01-14 16:51:11 - [MESSAGE][INFO] - Tax Type: Sales and Use Tax

2024-01-14 16:51:11 - [TEST_STEP][PASSED] - openBrowser(""): Browser is opened with url: ''

2024-01-14 16:51:11 - [MESSAGE][WARNING] - A browser is already opened. Closing browser and opening a new one

2024-01-14 16:51:12 - [MESSAGE][INFO] - Starting 'Chrome' driver

2024-01-14 16:51:12 - [MESSAGE][INFO] - User set preference: ['acceptInsecureCerts', 'true']

2024-01-14 16:51:12 - [MESSAGE][INFO] - Action delay is set to 0 milliseconds

2024-01-14 16:51:14 - [MESSAGE][PASSED] - Browser is opened with url: ''

2024-01-14 16:51:14 - [TEST_STEP][PASSED] - maximizeWindow(): Current window maximized

2024-01-14 16:51:14 - [MESSAGE][PASSED] - Current window maximized

2024-01-14 16:51:14 - [TEST_STEP][PASSED] - navigateToUrl(RADurl): Navigate to 'https://qa2.velocitypayment.com/client/rad/index.html' successfully

2024-01-14 16:51:16 - [MESSAGE][PASSED] - Navigate to 'https://qa2.velocitypayment.com/client/rad/index.html' successfully

2024-01-14 16:51:16 - [TEST_STEP][PASSED] - selectOptionByLabel(findTestObject(orPath_Landing + "/dd_TaxType"), "New Tax Return Amount Due", false): All options with label 'New Tax Return Amount Due' are selected in object 'Object Repository/RAD_Pages/Landing_Page/dd_TaxType' 

2024-01-14 16:51:16 - [MESSAGE][PASSED] - All options with label 'New Tax Return Amount Due' are selected in object 'Object Repository/RAD_Pages/Landing_Page/dd_TaxType' 

2024-01-14 16:51:16 - [TEST_STEP][PASSED] - selectOptionByLabel(findTestObject("Object Repository/RAD_Pages/Landing_Page/select_NewTaxReturnAmountDue_TaxType"), TaxType, false): All options with label 'Sales and Use Tax' are selected in object 'Object Repository/RAD_Pages/Landing_Page/select_NewTaxReturnAmountDue_TaxType' 

2024-01-14 16:51:17 - [MESSAGE][PASSED] - All options with label 'Sales and Use Tax' are selected in object 'Object Repository/RAD_Pages/Landing_Page/select_NewTaxReturnAmountDue_TaxType' 

2024-01-14 16:51:17 - [TEST_STEP][PASSED] - selectOptionByLabel(findTestObject(orPath_TaxTypeFilingYear + "/select_FilingYear"), FilingYear, false): All options with label '2022' are selected in object 'Object Repository/RAD_Pages/TaxTypeFilingYear_Page/select_FilingYear' 

2024-01-14 16:51:18 - [MESSAGE][PASSED] - All options with label '2022' are selected in object 'Object Repository/RAD_Pages/TaxTypeFilingYear_Page/select_FilingYear' 

2024-01-14 16:51:18 - [TEST_STEP][PASSED] - setText(findTestObject(orPath_TaxPayer + "/input_businessName"), " "): Text ' ' is set on object 'Object Repository/RAD_Pages/Taxpayer_Page/input_businessName'

2024-01-14 16:51:19 - [MESSAGE][PASSED] - Text ' ' is set on object 'Object Repository/RAD_Pages/Taxpayer_Page/input_businessName'

2024-01-14 16:51:19 - [TEST_STEP][PASSED] - setText(findTestObject(orPath_TaxPayer + "/input_BusinessRepfirstName"), " "): Text ' ' is set on object 'Object Repository/RAD_Pages/Taxpayer_Page/input_BusinessRepfirstName'

2024-01-14 16:51:19 - [MESSAGE][PASSED] - Text ' ' is set on object 'Object Repository/RAD_Pages/Taxpayer_Page/input_BusinessRepfirstName'

2024-01-14 16:51:19 - [TEST_STEP][PASSED] - setText(findTestObject(orPath_TaxPayer + "/input_BusinessReplastName"), " "): Text ' ' is set on object 'Object Repository/RAD_Pages/Taxpayer_Page/input_BusinessReplastName'

2024-01-14 16:51:20 - [MESSAGE][PASSED] - Text ' ' is set on object 'Object Repository/RAD_Pages/Taxpayer_Page/input_BusinessReplastName'

2024-01-14 16:51:20 - [TEST_STEP][PASSED] - setText(findTestObject(orPath_AddressContact + "/input_streetAddress1"), " "): Text ' ' is set on object 'Object Repository/RAD_Pages/AddressAndContactInfo_Page/input_streetAddress1'

2024-01-14 16:51:21 - [MESSAGE][PASSED] - Text ' ' is set on object 'Object Repository/RAD_Pages/AddressAndContactInfo_Page/input_streetAddress1'

2024-01-14 16:51:21 - [TEST_STEP][PASSED] - setText(findTestObject(orPath_AddressContact + "/input_city"), " "): Text ' ' is set on object 'Object Repository/RAD_Pages/AddressAndContactInfo_Page/input_city'

2024-01-14 16:51:21 - [MESSAGE][PASSED] - Text ' ' is set on object 'Object Repository/RAD_Pages/AddressAndContactInfo_Page/input_city'

2024-01-14 16:51:21 - [TEST_STEP][PASSED] - setText(findTestObject(orPath_AddressContact + "/input_zipCode"), " "): Text ' ' is set on object 'Object Repository/RAD_Pages/AddressAndContactInfo_Page/input_zipCode'

2024-01-14 16:51:22 - [MESSAGE][PASSED] - Text ' ' is set on object 'Object Repository/RAD_Pages/AddressAndContactInfo_Page/input_zipCode'

2024-01-14 16:51:22 - [TEST_STEP][PASSED] - setText(findTestObject(orPath_AddressContact + "/input_phoneNumber"), " "): Text ' ' is set on object 'Object Repository/RAD_Pages/AddressAndContactInfo_Page/input_phoneNumber'

2024-01-14 16:51:23 - [MESSAGE][PASSED] - Text ' ' is set on object 'Object Repository/RAD_Pages/AddressAndContactInfo_Page/input_phoneNumber'

2024-01-14 16:51:23 - [TEST_STEP][PASSED] - setText(findTestObject(orPath_AddressContact + "/input_eMailAddress"), " "): Text ' ' is set on object 'Object Repository/RAD_Pages/AddressAndContactInfo_Page/input_eMailAddress'

2024-01-14 16:51:24 - [MESSAGE][PASSED] - Text ' ' is set on object 'Object Repository/RAD_Pages/AddressAndContactInfo_Page/input_eMailAddress'

2024-01-14 16:51:24 - [TEST_STEP][PASSED] - setText(findTestObject(orPath_AddressContact + "/input_reEnterEMailAddress"), " "): Text ' ' is set on object 'Object Repository/RAD_Pages/AddressAndContactInfo_Page/input_reEnterEMailAddress'

2024-01-14 16:51:24 - [MESSAGE][PASSED] - Text ' ' is set on object 'Object Repository/RAD_Pages/AddressAndContactInfo_Page/input_reEnterEMailAddress'

2024-01-14 16:51:24 - [TEST_STEP][PASSED] - if (TaxType.equalsIgnoreCase("Estate Tax")): null

2024-01-14 16:51:24 - [TEST_STEP][PASSED] - resText = "Fail": null

2024-01-14 16:51:24 - [TEST_STEP][PASSED] - pages.WriteExcel.demoKey(resText, datText, resColumn, datCloumn, fileLoc, nameSheet, row): pages.WriteExcel.demoKey is PASSED

2024-01-14 16:51:25 - [MESSAGE][PASSED] - pages.WriteExcel.demoKey is PASSED

2024-01-14 16:51:25 - [TEST_STEP][PASSED] - verifyTextPresent("Enter business name", true, CONTINUE_ON_FAILURE): Text 'Enter business name' is present on page  using regular expression

2024-01-14 16:51:25 - [MESSAGE][PASSED] - Text 'Enter business name' is present on page  using regular expression

2024-01-14 16:51:25 - [TEST_STEP][PASSED] - verifyTextPresent("Enter business rep first name", true, CONTINUE_ON_FAILURE): Text 'Enter business rep first name' is present on page  using regular expression

2024-01-14 16:51:25 - [MESSAGE][PASSED] - Text 'Enter business rep first name' is present on page  using regular expression

2024-01-14 16:51:25 - [TEST_STEP][PASSED] - verifyTextPresent("Enter business rep last name", true, CONTINUE_ON_FAILURE): Text 'Enter business rep last name' is present on page  using regular expression

2024-01-14 16:51:26 - [MESSAGE][PASSED] - Text 'Enter business rep last name' is present on page  using regular expression

2024-01-14 16:51:26 - [TEST_STEP][PASSED] - verifyTextPresent("Enter address", true, CONTINUE_ON_FAILURE): Text 'Enter address' is present on page  using regular expression

2024-01-14 16:51:26 - [MESSAGE][PASSED] - Text 'Enter address' is present on page  using regular expression

2024-01-14 16:51:26 - [TEST_STEP][PASSED] - verifyTextPresent("Enter city", true, CONTINUE_ON_FAILURE): Text 'Enter city' is present on page  using regular expression

2024-01-14 16:51:26 - [MESSAGE][PASSED] - Text 'Enter city' is present on page  using regular expression

2024-01-14 16:51:26 - [TEST_STEP][PASSED] - verifyTextPresent("Enter ZIP code", true, CONTINUE_ON_FAILURE): Text 'Enter ZIP code' is present on page  using regular expression

2024-01-14 16:51:27 - [MESSAGE][PASSED] - Text 'Enter ZIP code' is present on page  using regular expression

2024-01-14 16:51:27 - [TEST_STEP][PASSED] - verifyTextPresent("Enter a valid phone number", true, CONTINUE_ON_FAILURE): Text 'Enter a valid phone number' is present on page  using regular expression

2024-01-14 16:51:27 - [MESSAGE][PASSED] - Text 'Enter a valid phone number' is present on page  using regular expression

2024-01-14 16:51:27 - [TEST_STEP][PASSED] - verifyTextPresent("Enter Email", true, CONTINUE_ON_FAILURE): Text 'Enter Email' is present on page  using regular expression

2024-01-14 16:51:28 - [MESSAGE][PASSED] - Text 'Enter Email' is present on page  using regular expression

2024-01-14 16:51:28 - [TEST_STEP][PASSED] - if (TaxType.equalsIgnoreCase("Estate Tax")): null

2024-01-14 16:51:28 - [TEST_STEP][PASSED] - resText = "Pass": null

2024-01-14 16:51:28 - [TEST_STEP][PASSED] - pages.WriteExcel.demoKey(resText, datText, resColumn, datCloumn, fileLoc, nameSheet, row): pages.WriteExcel.demoKey is PASSED

2024-01-14 16:51:28 - [MESSAGE][PASSED] - pages.WriteExcel.demoKey is PASSED

2024-01-14 16:51:28 - [TEST_STEP][PASSED] - ExecuteTC = findTestData(dataFile).getValue("Execute", row): null

2024-01-14 16:51:28 - [TEST_STEP][PASSED] - TaxType = findTestData(dataFile).getValue("TaxType", row): null

2024-01-14 16:51:28 - [TEST_STEP][PASSED] - PaymentType = findTestData(dataFile).getValue("PaymentType", row): null

2024-01-14 16:51:28 - [TEST_STEP][PASSED] - FilingYear = findTestData(dataFile).getValue("Year", row): null

2024-01-14 16:51:28 - [TEST_STEP][PASSED] - feinSSN = findTestData(dataFile).getValue("FeinSsn", row): null

2024-01-14 16:51:28 - [TEST_STEP][PASSED] - if (ExecuteTC.equalsIgnoreCase("Y")): pages.WriteExcel.demoKey is PASSED

2024-01-14 16:51:28 - [TEST_STEP][PASSED] - out.println("Begin Record Number: " + row): null

2024-01-14 16:51:28 - [TEST_STEP][PASSED] - today = new java.util.Date(): null

2024-01-14 16:51:28 - [TEST_STEP][PASSED] - println(today): null

2024-01-14 16:51:28 - [TEST_STEP][PASSED] - datText = today: null

2024-01-14 16:51:28 - [TEST_STEP][PASSED] - logInfo("Payment Type: New Tax Return Amount Due"): Payment Type: New Tax Return Amount Due

2024-01-14 16:51:28 - [MESSAGE][INFO] - Payment Type: New Tax Return Amount Due

2024-01-14 16:51:28 - [TEST_STEP][PASSED] - logInfo("Tax Type: " + TaxType): Tax Type: Slots License Fee

2024-01-14 16:51:28 - [MESSAGE][INFO] - Tax Type: Slots License Fee

2024-01-14 16:51:28 - [TEST_STEP][PASSED] - openBrowser(""): Browser is opened with url: ''

2024-01-14 16:51:28 - [MESSAGE][WARNING] - A browser is already opened. Closing browser and opening a new one

2024-01-14 16:51:29 - [MESSAGE][INFO] - Starting 'Chrome' driver

2024-01-14 16:51:29 - [MESSAGE][INFO] - User set preference: ['acceptInsecureCerts', 'true']

2024-01-14 16:51:29 - [MESSAGE][INFO] - Action delay is set to 0 milliseconds

2024-01-14 16:51:30 - [MESSAGE][PASSED] - Browser is opened with url: ''

2024-01-14 16:51:30 - [TEST_STEP][PASSED] - maximizeWindow(): Current window maximized

2024-01-14 16:51:31 - [MESSAGE][PASSED] - Current window maximized

2024-01-14 16:51:31 - [TEST_STEP][PASSED] - navigateToUrl(RADurl): Navigate to 'https://qa2.velocitypayment.com/client/rad/index.html' successfully

2024-01-14 16:51:31 - [MESSAGE][PASSED] - Navigate to 'https://qa2.velocitypayment.com/client/rad/index.html' successfully

2024-01-14 16:51:31 - [TEST_STEP][PASSED] - selectOptionByLabel(findTestObject(orPath_Landing + "/dd_TaxType"), "New Tax Return Amount Due", false): All options with label 'New Tax Return Amount Due' are selected in object 'Object Repository/RAD_Pages/Landing_Page/dd_TaxType' 

2024-01-14 16:51:33 - [MESSAGE][PASSED] - All options with label 'New Tax Return Amount Due' are selected in object 'Object Repository/RAD_Pages/Landing_Page/dd_TaxType' 

2024-01-14 16:51:33 - [TEST_STEP][PASSED] - selectOptionByLabel(findTestObject("Object Repository/RAD_Pages/Landing_Page/select_NewTaxReturnAmountDue_TaxType"), TaxType, false): All options with label 'Slots License Fee' are selected in object 'Object Repository/RAD_Pages/Landing_Page/select_NewTaxReturnAmountDue_TaxType' 

2024-01-14 16:51:34 - [MESSAGE][PASSED] - All options with label 'Slots License Fee' are selected in object 'Object Repository/RAD_Pages/Landing_Page/select_NewTaxReturnAmountDue_TaxType' 

2024-01-14 16:51:34 - [TEST_STEP][PASSED] - selectOptionByLabel(findTestObject(orPath_TaxTypeFilingYear + "/select_FilingYear"), FilingYear, false): All options with label '2022' are selected in object 'Object Repository/RAD_Pages/TaxTypeFilingYear_Page/select_FilingYear' 

2024-01-14 16:51:34 - [MESSAGE][PASSED] - All options with label '2022' are selected in object 'Object Repository/RAD_Pages/TaxTypeFilingYear_Page/select_FilingYear' 

2024-01-14 16:51:34 - [TEST_STEP][PASSED] - setText(findTestObject(orPath_TaxPayer + "/input_businessName"), " "): Text ' ' is set on object 'Object Repository/RAD_Pages/Taxpayer_Page/input_businessName'

2024-01-14 16:51:35 - [MESSAGE][PASSED] - Text ' ' is set on object 'Object Repository/RAD_Pages/Taxpayer_Page/input_businessName'

2024-01-14 16:51:35 - [TEST_STEP][PASSED] - setText(findTestObject(orPath_TaxPayer + "/input_BusinessRepfirstName"), " "): Text ' ' is set on object 'Object Repository/RAD_Pages/Taxpayer_Page/input_BusinessRepfirstName'

2024-01-14 16:51:36 - [MESSAGE][PASSED] - Text ' ' is set on object 'Object Repository/RAD_Pages/Taxpayer_Page/input_BusinessRepfirstName'

2024-01-14 16:51:36 - [TEST_STEP][PASSED] - setText(findTestObject(orPath_TaxPayer + "/input_BusinessReplastName"), " "): Text ' ' is set on object 'Object Repository/RAD_Pages/Taxpayer_Page/input_BusinessReplastName'

2024-01-14 16:51:36 - [MESSAGE][PASSED] - Text ' ' is set on object 'Object Repository/RAD_Pages/Taxpayer_Page/input_BusinessReplastName'

2024-01-14 16:51:36 - [TEST_STEP][PASSED] - setText(findTestObject(orPath_AddressContact + "/input_streetAddress1"), " "): Text ' ' is set on object 'Object Repository/RAD_Pages/AddressAndContactInfo_Page/input_streetAddress1'

2024-01-14 16:51:37 - [MESSAGE][PASSED] - Text ' ' is set on object 'Object Repository/RAD_Pages/AddressAndContactInfo_Page/input_streetAddress1'

2024-01-14 16:51:37 - [TEST_STEP][PASSED] - setText(findTestObject(orPath_AddressContact + "/input_city"), " "): Text ' ' is set on object 'Object Repository/RAD_Pages/AddressAndContactInfo_Page/input_city'

2024-01-14 16:51:38 - [MESSAGE][PASSED] - Text ' ' is set on object 'Object Repository/RAD_Pages/AddressAndContactInfo_Page/input_city'

2024-01-14 16:51:38 - [TEST_STEP][PASSED] - setText(findTestObject(orPath_AddressContact + "/input_zipCode"), " "): Text ' ' is set on object 'Object Repository/RAD_Pages/AddressAndContactInfo_Page/input_zipCode'

2024-01-14 16:51:38 - [MESSAGE][PASSED] - Text ' ' is set on object 'Object Repository/RAD_Pages/AddressAndContactInfo_Page/input_zipCode'

2024-01-14 16:51:38 - [TEST_STEP][PASSED] - setText(findTestObject(orPath_AddressContact + "/input_phoneNumber"), " "): Text ' ' is set on object 'Object Repository/RAD_Pages/AddressAndContactInfo_Page/input_phoneNumber'

2024-01-14 16:51:39 - [MESSAGE][PASSED] - Text ' ' is set on object 'Object Repository/RAD_Pages/AddressAndContactInfo_Page/input_phoneNumber'

2024-01-14 16:51:39 - [TEST_STEP][PASSED] - setText(findTestObject(orPath_AddressContact + "/input_eMailAddress"), " "): Text ' ' is set on object 'Object Repository/RAD_Pages/AddressAndContactInfo_Page/input_eMailAddress'

2024-01-14 16:51:40 - [MESSAGE][PASSED] - Text ' ' is set on object 'Object Repository/RAD_Pages/AddressAndContactInfo_Page/input_eMailAddress'

2024-01-14 16:51:40 - [TEST_STEP][PASSED] - setText(findTestObject(orPath_AddressContact + "/input_reEnterEMailAddress"), " "): Text ' ' is set on object 'Object Repository/RAD_Pages/AddressAndContactInfo_Page/input_reEnterEMailAddress'

2024-01-14 16:51:41 - [MESSAGE][PASSED] - Text ' ' is set on object 'Object Repository/RAD_Pages/AddressAndContactInfo_Page/input_reEnterEMailAddress'

2024-01-14 16:51:41 - [TEST_STEP][PASSED] - if (TaxType.equalsIgnoreCase("Estate Tax")): null

2024-01-14 16:51:41 - [TEST_STEP][PASSED] - resText = "Fail": null

2024-01-14 16:51:41 - [TEST_STEP][PASSED] - pages.WriteExcel.demoKey(resText, datText, resColumn, datCloumn, fileLoc, nameSheet, row): pages.WriteExcel.demoKey is PASSED

2024-01-14 16:51:41 - [MESSAGE][PASSED] - pages.WriteExcel.demoKey is PASSED

2024-01-14 16:51:41 - [TEST_STEP][PASSED] - verifyTextPresent("Enter business name", true, CONTINUE_ON_FAILURE): Text 'Enter business name' is present on page  using regular expression

2024-01-14 16:51:42 - [MESSAGE][PASSED] - Text 'Enter business name' is present on page  using regular expression

2024-01-14 16:51:42 - [TEST_STEP][PASSED] - verifyTextPresent("Enter business rep first name", true, CONTINUE_ON_FAILURE): Text 'Enter business rep first name' is present on page  using regular expression

2024-01-14 16:51:42 - [MESSAGE][PASSED] - Text 'Enter business rep first name' is present on page  using regular expression

2024-01-14 16:51:42 - [TEST_STEP][PASSED] - verifyTextPresent("Enter business rep last name", true, CONTINUE_ON_FAILURE): Text 'Enter business rep last name' is present on page  using regular expression

2024-01-14 16:51:42 - [MESSAGE][PASSED] - Text 'Enter business rep last name' is present on page  using regular expression

2024-01-14 16:51:42 - [TEST_STEP][PASSED] - verifyTextPresent("Enter address", true, CONTINUE_ON_FAILURE): Text 'Enter address' is present on page  using regular expression

2024-01-14 16:51:43 - [MESSAGE][PASSED] - Text 'Enter address' is present on page  using regular expression

2024-01-14 16:51:43 - [TEST_STEP][PASSED] - verifyTextPresent("Enter city", true, CONTINUE_ON_FAILURE): Text 'Enter city' is present on page  using regular expression

2024-01-14 16:51:43 - [MESSAGE][PASSED] - Text 'Enter city' is present on page  using regular expression

2024-01-14 16:51:43 - [TEST_STEP][PASSED] - verifyTextPresent("Enter ZIP code", true, CONTINUE_ON_FAILURE): Text 'Enter ZIP code' is present on page  using regular expression

2024-01-14 16:51:43 - [MESSAGE][PASSED] - Text 'Enter ZIP code' is present on page  using regular expression

2024-01-14 16:51:43 - [TEST_STEP][PASSED] - verifyTextPresent("Enter a valid phone number", true, CONTINUE_ON_FAILURE): Text 'Enter a valid phone number' is present on page  using regular expression

2024-01-14 16:51:44 - [MESSAGE][PASSED] - Text 'Enter a valid phone number' is present on page  using regular expression

2024-01-14 16:51:44 - [TEST_STEP][PASSED] - verifyTextPresent("Enter Email", true, CONTINUE_ON_FAILURE): Text 'Enter Email' is present on page  using regular expression

2024-01-14 16:51:44 - [MESSAGE][PASSED] - Text 'Enter Email' is present on page  using regular expression

2024-01-14 16:51:44 - [TEST_STEP][PASSED] - if (TaxType.equalsIgnoreCase("Estate Tax")): null

2024-01-14 16:51:44 - [TEST_STEP][PASSED] - resText = "Pass": null

2024-01-14 16:51:44 - [TEST_STEP][PASSED] - pages.WriteExcel.demoKey(resText, datText, resColumn, datCloumn, fileLoc, nameSheet, row): pages.WriteExcel.demoKey is PASSED

2024-01-14 16:51:44 - [MESSAGE][PASSED] - pages.WriteExcel.demoKey is PASSED

2024-01-14 16:51:44 - [TEST_STEP][PASSED] - ExecuteTC = findTestData(dataFile).getValue("Execute", row): null

2024-01-14 16:51:44 - [TEST_STEP][PASSED] - TaxType = findTestData(dataFile).getValue("TaxType", row): null

2024-01-14 16:51:44 - [TEST_STEP][PASSED] - PaymentType = findTestData(dataFile).getValue("PaymentType", row): null

2024-01-14 16:51:44 - [TEST_STEP][PASSED] - FilingYear = findTestData(dataFile).getValue("Year", row): null

2024-01-14 16:51:44 - [TEST_STEP][PASSED] - feinSSN = findTestData(dataFile).getValue("FeinSsn", row): null

2024-01-14 16:51:44 - [TEST_STEP][PASSED] - if (ExecuteTC.equalsIgnoreCase("Y")): pages.WriteExcel.demoKey is PASSED

2024-01-14 16:51:44 - [TEST_STEP][PASSED] - out.println("Begin Record Number: " + row): null

2024-01-14 16:51:44 - [TEST_STEP][PASSED] - today = new java.util.Date(): null

2024-01-14 16:51:44 - [TEST_STEP][PASSED] - println(today): null

2024-01-14 16:51:44 - [TEST_STEP][PASSED] - datText = today: null

2024-01-14 16:51:44 - [TEST_STEP][PASSED] - logInfo("Payment Type: New Tax Return Amount Due"): Payment Type: New Tax Return Amount Due

2024-01-14 16:51:44 - [MESSAGE][INFO] - Payment Type: New Tax Return Amount Due

2024-01-14 16:51:44 - [TEST_STEP][PASSED] - logInfo("Tax Type: " + TaxType): Tax Type: Tire Recycling Fee

2024-01-14 16:51:44 - [MESSAGE][INFO] - Tax Type: Tire Recycling Fee

2024-01-14 16:51:44 - [TEST_STEP][PASSED] - openBrowser(""): Browser is opened with url: ''

2024-01-14 16:51:44 - [MESSAGE][WARNING] - A browser is already opened. Closing browser and opening a new one

2024-01-14 16:51:45 - [MESSAGE][INFO] - Starting 'Chrome' driver

2024-01-14 16:51:45 - [MESSAGE][INFO] - User set preference: ['acceptInsecureCerts', 'true']

2024-01-14 16:51:45 - [MESSAGE][INFO] - Action delay is set to 0 milliseconds

2024-01-14 16:51:47 - [MESSAGE][PASSED] - Browser is opened with url: ''

2024-01-14 16:51:47 - [TEST_STEP][PASSED] - maximizeWindow(): Current window maximized

2024-01-14 16:51:47 - [MESSAGE][PASSED] - Current window maximized

2024-01-14 16:51:47 - [TEST_STEP][PASSED] - navigateToUrl(RADurl): Navigate to 'https://qa2.velocitypayment.com/client/rad/index.html' successfully

2024-01-14 16:51:49 - [MESSAGE][PASSED] - Navigate to 'https://qa2.velocitypayment.com/client/rad/index.html' successfully

2024-01-14 16:51:49 - [TEST_STEP][PASSED] - selectOptionByLabel(findTestObject(orPath_Landing + "/dd_TaxType"), "New Tax Return Amount Due", false): All options with label 'New Tax Return Amount Due' are selected in object 'Object Repository/RAD_Pages/Landing_Page/dd_TaxType' 

2024-01-14 16:51:50 - [MESSAGE][PASSED] - All options with label 'New Tax Return Amount Due' are selected in object 'Object Repository/RAD_Pages/Landing_Page/dd_TaxType' 

2024-01-14 16:51:50 - [TEST_STEP][PASSED] - selectOptionByLabel(findTestObject("Object Repository/RAD_Pages/Landing_Page/select_NewTaxReturnAmountDue_TaxType"), TaxType, false): All options with label 'Tire Recycling Fee' are selected in object 'Object Repository/RAD_Pages/Landing_Page/select_NewTaxReturnAmountDue_TaxType' 

2024-01-14 16:51:50 - [MESSAGE][PASSED] - All options with label 'Tire Recycling Fee' are selected in object 'Object Repository/RAD_Pages/Landing_Page/select_NewTaxReturnAmountDue_TaxType' 

2024-01-14 16:51:50 - [TEST_STEP][PASSED] - selectOptionByLabel(findTestObject(orPath_TaxTypeFilingYear + "/select_FilingYear"), FilingYear, false): All options with label '2022' are selected in object 'Object Repository/RAD_Pages/TaxTypeFilingYear_Page/select_FilingYear' 

2024-01-14 16:51:51 - [MESSAGE][PASSED] - All options with label '2022' are selected in object 'Object Repository/RAD_Pages/TaxTypeFilingYear_Page/select_FilingYear' 

2024-01-14 16:51:51 - [TEST_STEP][PASSED] - setText(findTestObject(orPath_TaxPayer + "/input_businessName"), " "): Text ' ' is set on object 'Object Repository/RAD_Pages/Taxpayer_Page/input_businessName'

2024-01-14 16:51:52 - [MESSAGE][PASSED] - Text ' ' is set on object 'Object Repository/RAD_Pages/Taxpayer_Page/input_businessName'

2024-01-14 16:51:52 - [TEST_STEP][PASSED] - setText(findTestObject(orPath_TaxPayer + "/input_BusinessRepfirstName"), " "): Text ' ' is set on object 'Object Repository/RAD_Pages/Taxpayer_Page/input_BusinessRepfirstName'

2024-01-14 16:51:52 - [MESSAGE][PASSED] - Text ' ' is set on object 'Object Repository/RAD_Pages/Taxpayer_Page/input_BusinessRepfirstName'

2024-01-14 16:51:52 - [TEST_STEP][PASSED] - setText(findTestObject(orPath_TaxPayer + "/input_BusinessReplastName"), " "): Text ' ' is set on object 'Object Repository/RAD_Pages/Taxpayer_Page/input_BusinessReplastName'

2024-01-14 16:51:53 - [MESSAGE][PASSED] - Text ' ' is set on object 'Object Repository/RAD_Pages/Taxpayer_Page/input_BusinessReplastName'

2024-01-14 16:51:53 - [TEST_STEP][PASSED] - setText(findTestObject(orPath_AddressContact + "/input_streetAddress1"), " "): Text ' ' is set on object 'Object Repository/RAD_Pages/AddressAndContactInfo_Page/input_streetAddress1'

2024-01-14 16:51:54 - [MESSAGE][PASSED] - Text ' ' is set on object 'Object Repository/RAD_Pages/AddressAndContactInfo_Page/input_streetAddress1'

2024-01-14 16:51:54 - [TEST_STEP][PASSED] - setText(findTestObject(orPath_AddressContact + "/input_city"), " "): Text ' ' is set on object 'Object Repository/RAD_Pages/AddressAndContactInfo_Page/input_city'

2024-01-14 16:51:54 - [MESSAGE][PASSED] - Text ' ' is set on object 'Object Repository/RAD_Pages/AddressAndContactInfo_Page/input_city'

2024-01-14 16:51:54 - [TEST_STEP][PASSED] - setText(findTestObject(orPath_AddressContact + "/input_zipCode"), " "): Text ' ' is set on object 'Object Repository/RAD_Pages/AddressAndContactInfo_Page/input_zipCode'

2024-01-14 16:51:55 - [MESSAGE][PASSED] - Text ' ' is set on object 'Object Repository/RAD_Pages/AddressAndContactInfo_Page/input_zipCode'

2024-01-14 16:51:55 - [TEST_STEP][PASSED] - setText(findTestObject(orPath_AddressContact + "/input_phoneNumber"), " "): Text ' ' is set on object 'Object Repository/RAD_Pages/AddressAndContactInfo_Page/input_phoneNumber'

2024-01-14 16:51:56 - [MESSAGE][PASSED] - Text ' ' is set on object 'Object Repository/RAD_Pages/AddressAndContactInfo_Page/input_phoneNumber'

2024-01-14 16:51:56 - [TEST_STEP][PASSED] - setText(findTestObject(orPath_AddressContact + "/input_eMailAddress"), " "): Text ' ' is set on object 'Object Repository/RAD_Pages/AddressAndContactInfo_Page/input_eMailAddress'

2024-01-14 16:51:57 - [MESSAGE][PASSED] - Text ' ' is set on object 'Object Repository/RAD_Pages/AddressAndContactInfo_Page/input_eMailAddress'

2024-01-14 16:51:57 - [TEST_STEP][PASSED] - setText(findTestObject(orPath_AddressContact + "/input_reEnterEMailAddress"), " "): Text ' ' is set on object 'Object Repository/RAD_Pages/AddressAndContactInfo_Page/input_reEnterEMailAddress'

2024-01-14 16:51:58 - [MESSAGE][PASSED] - Text ' ' is set on object 'Object Repository/RAD_Pages/AddressAndContactInfo_Page/input_reEnterEMailAddress'

2024-01-14 16:51:58 - [TEST_STEP][PASSED] - if (TaxType.equalsIgnoreCase("Estate Tax")): null

2024-01-14 16:51:58 - [TEST_STEP][PASSED] - resText = "Fail": null

2024-01-14 16:51:58 - [TEST_STEP][PASSED] - pages.WriteExcel.demoKey(resText, datText, resColumn, datCloumn, fileLoc, nameSheet, row): pages.WriteExcel.demoKey is PASSED

2024-01-14 16:51:58 - [MESSAGE][PASSED] - pages.WriteExcel.demoKey is PASSED

2024-01-14 16:51:58 - [TEST_STEP][PASSED] - verifyTextPresent("Enter business name", true, CONTINUE_ON_FAILURE): Text 'Enter business name' is present on page  using regular expression

2024-01-14 16:51:58 - [MESSAGE][PASSED] - Text 'Enter business name' is present on page  using regular expression

2024-01-14 16:51:58 - [TEST_STEP][PASSED] - verifyTextPresent("Enter business rep first name", true, CONTINUE_ON_FAILURE): Text 'Enter business rep first name' is present on page  using regular expression

2024-01-14 16:51:58 - [MESSAGE][PASSED] - Text 'Enter business rep first name' is present on page  using regular expression

2024-01-14 16:51:58 - [TEST_STEP][PASSED] - verifyTextPresent("Enter business rep last name", true, CONTINUE_ON_FAILURE): Text 'Enter business rep last name' is present on page  using regular expression

2024-01-14 16:51:59 - [MESSAGE][PASSED] - Text 'Enter business rep last name' is present on page  using regular expression

2024-01-14 16:51:59 - [TEST_STEP][PASSED] - verifyTextPresent("Enter address", true, CONTINUE_ON_FAILURE): Text 'Enter address' is present on page  using regular expression

2024-01-14 16:51:59 - [MESSAGE][PASSED] - Text 'Enter address' is present on page  using regular expression

2024-01-14 16:51:59 - [TEST_STEP][PASSED] - verifyTextPresent("Enter city", true, CONTINUE_ON_FAILURE): Text 'Enter city' is present on page  using regular expression

2024-01-14 16:52:00 - [MESSAGE][PASSED] - Text 'Enter city' is present on page  using regular expression

2024-01-14 16:52:00 - [TEST_STEP][PASSED] - verifyTextPresent("Enter ZIP code", true, CONTINUE_ON_FAILURE): Text 'Enter ZIP code' is present on page  using regular expression

2024-01-14 16:52:00 - [MESSAGE][PASSED] - Text 'Enter ZIP code' is present on page  using regular expression

2024-01-14 16:52:00 - [TEST_STEP][PASSED] - verifyTextPresent("Enter a valid phone number", true, CONTINUE_ON_FAILURE): Text 'Enter a valid phone number' is present on page  using regular expression

2024-01-14 16:52:00 - [MESSAGE][PASSED] - Text 'Enter a valid phone number' is present on page  using regular expression

2024-01-14 16:52:00 - [TEST_STEP][PASSED] - verifyTextPresent("Enter Email", true, CONTINUE_ON_FAILURE): Text 'Enter Email' is present on page  using regular expression

2024-01-14 16:52:01 - [MESSAGE][PASSED] - Text 'Enter Email' is present on page  using regular expression

2024-01-14 16:52:01 - [TEST_STEP][PASSED] - if (TaxType.equalsIgnoreCase("Estate Tax")): null

2024-01-14 16:52:01 - [TEST_STEP][PASSED] - resText = "Pass": null

2024-01-14 16:52:01 - [TEST_STEP][PASSED] - pages.WriteExcel.demoKey(resText, datText, resColumn, datCloumn, fileLoc, nameSheet, row): pages.WriteExcel.demoKey is PASSED

2024-01-14 16:52:01 - [MESSAGE][PASSED] - pages.WriteExcel.demoKey is PASSED

2024-01-14 16:52:01 - [TEST_STEP][PASSED] - ExecuteTC = findTestData(dataFile).getValue("Execute", row): null

2024-01-14 16:52:01 - [TEST_STEP][PASSED] - TaxType = findTestData(dataFile).getValue("TaxType", row): null

2024-01-14 16:52:01 - [TEST_STEP][PASSED] - PaymentType = findTestData(dataFile).getValue("PaymentType", row): null

2024-01-14 16:52:01 - [TEST_STEP][PASSED] - FilingYear = findTestData(dataFile).getValue("Year", row): null

2024-01-14 16:52:01 - [TEST_STEP][PASSED] - feinSSN = findTestData(dataFile).getValue("FeinSsn", row): null

2024-01-14 16:52:01 - [TEST_STEP][PASSED] - if (ExecuteTC.equalsIgnoreCase("Y")): pages.WriteExcel.demoKey is PASSED

2024-01-14 16:52:01 - [TEST_STEP][PASSED] - out.println("Begin Record Number: " + row): null

2024-01-14 16:52:01 - [TEST_STEP][PASSED] - today = new java.util.Date(): null

2024-01-14 16:52:01 - [TEST_STEP][PASSED] - println(today): null

2024-01-14 16:52:01 - [TEST_STEP][PASSED] - datText = today: null

2024-01-14 16:52:01 - [TEST_STEP][PASSED] - logInfo("Payment Type: New Tax Return Amount Due"): Payment Type: New Tax Return Amount Due

2024-01-14 16:52:01 - [MESSAGE][INFO] - Payment Type: New Tax Return Amount Due

2024-01-14 16:52:01 - [TEST_STEP][PASSED] - logInfo("Tax Type: " + TaxType): Tax Type: Tobacco Tax

2024-01-14 16:52:01 - [MESSAGE][INFO] - Tax Type: Tobacco Tax

2024-01-14 16:52:01 - [TEST_STEP][PASSED] - openBrowser(""): Browser is opened with url: ''

2024-01-14 16:52:01 - [MESSAGE][WARNING] - A browser is already opened. Closing browser and opening a new one

2024-01-14 16:52:02 - [MESSAGE][INFO] - Starting 'Chrome' driver

2024-01-14 16:52:02 - [MESSAGE][INFO] - User set preference: ['acceptInsecureCerts', 'true']

2024-01-14 16:52:02 - [MESSAGE][INFO] - Action delay is set to 0 milliseconds

2024-01-14 16:52:04 - [MESSAGE][PASSED] - Browser is opened with url: ''

2024-01-14 16:52:04 - [TEST_STEP][PASSED] - maximizeWindow(): Current window maximized

2024-01-14 16:52:04 - [MESSAGE][PASSED] - Current window maximized

2024-01-14 16:52:04 - [TEST_STEP][PASSED] - navigateToUrl(RADurl): Navigate to 'https://qa2.velocitypayment.com/client/rad/index.html' successfully

2024-01-14 16:52:07 - [MESSAGE][PASSED] - Navigate to 'https://qa2.velocitypayment.com/client/rad/index.html' successfully

2024-01-14 16:52:07 - [TEST_STEP][PASSED] - selectOptionByLabel(findTestObject(orPath_Landing + "/dd_TaxType"), "New Tax Return Amount Due", false): All options with label 'New Tax Return Amount Due' are selected in object 'Object Repository/RAD_Pages/Landing_Page/dd_TaxType' 

2024-01-14 16:52:08 - [MESSAGE][PASSED] - All options with label 'New Tax Return Amount Due' are selected in object 'Object Repository/RAD_Pages/Landing_Page/dd_TaxType' 

2024-01-14 16:52:08 - [TEST_STEP][PASSED] - selectOptionByLabel(findTestObject("Object Repository/RAD_Pages/Landing_Page/select_NewTaxReturnAmountDue_TaxType"), TaxType, false): All options with label 'Tobacco Tax' are selected in object 'Object Repository/RAD_Pages/Landing_Page/select_NewTaxReturnAmountDue_TaxType' 

2024-01-14 16:52:08 - [MESSAGE][PASSED] - All options with label 'Tobacco Tax' are selected in object 'Object Repository/RAD_Pages/Landing_Page/select_NewTaxReturnAmountDue_TaxType' 

2024-01-14 16:52:08 - [TEST_STEP][PASSED] - selectOptionByLabel(findTestObject(orPath_TaxTypeFilingYear + "/select_FilingYear"), FilingYear, false): All options with label '2022' are selected in object 'Object Repository/RAD_Pages/TaxTypeFilingYear_Page/select_FilingYear' 

2024-01-14 16:52:09 - [MESSAGE][PASSED] - All options with label '2022' are selected in object 'Object Repository/RAD_Pages/TaxTypeFilingYear_Page/select_FilingYear' 

2024-01-14 16:52:09 - [TEST_STEP][PASSED] - setText(findTestObject(orPath_TaxPayer + "/input_businessName"), " "): Text ' ' is set on object 'Object Repository/RAD_Pages/Taxpayer_Page/input_businessName'

2024-01-14 16:52:10 - [MESSAGE][PASSED] - Text ' ' is set on object 'Object Repository/RAD_Pages/Taxpayer_Page/input_businessName'

2024-01-14 16:52:10 - [TEST_STEP][PASSED] - setText(findTestObject(orPath_TaxPayer + "/input_BusinessRepfirstName"), " "): Text ' ' is set on object 'Object Repository/RAD_Pages/Taxpayer_Page/input_BusinessRepfirstName'

2024-01-14 16:52:11 - [MESSAGE][PASSED] - Text ' ' is set on object 'Object Repository/RAD_Pages/Taxpayer_Page/input_BusinessRepfirstName'

2024-01-14 16:52:11 - [TEST_STEP][PASSED] - setText(findTestObject(orPath_TaxPayer + "/input_BusinessReplastName"), " "): Text ' ' is set on object 'Object Repository/RAD_Pages/Taxpayer_Page/input_BusinessReplastName'

2024-01-14 16:52:11 - [MESSAGE][PASSED] - Text ' ' is set on object 'Object Repository/RAD_Pages/Taxpayer_Page/input_BusinessReplastName'

2024-01-14 16:52:11 - [TEST_STEP][PASSED] - setText(findTestObject(orPath_AddressContact + "/input_streetAddress1"), " "): Text ' ' is set on object 'Object Repository/RAD_Pages/AddressAndContactInfo_Page/input_streetAddress1'

2024-01-14 16:52:12 - [MESSAGE][PASSED] - Text ' ' is set on object 'Object Repository/RAD_Pages/AddressAndContactInfo_Page/input_streetAddress1'

2024-01-14 16:52:12 - [TEST_STEP][PASSED] - setText(findTestObject(orPath_AddressContact + "/input_city"), " "): Text ' ' is set on object 'Object Repository/RAD_Pages/AddressAndContactInfo_Page/input_city'

2024-01-14 16:52:13 - [MESSAGE][PASSED] - Text ' ' is set on object 'Object Repository/RAD_Pages/AddressAndContactInfo_Page/input_city'

2024-01-14 16:52:13 - [TEST_STEP][PASSED] - setText(findTestObject(orPath_AddressContact + "/input_zipCode"), " "): Text ' ' is set on object 'Object Repository/RAD_Pages/AddressAndContactInfo_Page/input_zipCode'

2024-01-14 16:52:14 - [MESSAGE][PASSED] - Text ' ' is set on object 'Object Repository/RAD_Pages/AddressAndContactInfo_Page/input_zipCode'

2024-01-14 16:52:14 - [TEST_STEP][PASSED] - setText(findTestObject(orPath_AddressContact + "/input_phoneNumber"), " "): Text ' ' is set on object 'Object Repository/RAD_Pages/AddressAndContactInfo_Page/input_phoneNumber'

2024-01-14 16:52:14 - [MESSAGE][PASSED] - Text ' ' is set on object 'Object Repository/RAD_Pages/AddressAndContactInfo_Page/input_phoneNumber'

2024-01-14 16:52:14 - [TEST_STEP][PASSED] - setText(findTestObject(orPath_AddressContact + "/input_eMailAddress"), " "): Text ' ' is set on object 'Object Repository/RAD_Pages/AddressAndContactInfo_Page/input_eMailAddress'

2024-01-14 16:52:15 - [MESSAGE][PASSED] - Text ' ' is set on object 'Object Repository/RAD_Pages/AddressAndContactInfo_Page/input_eMailAddress'

2024-01-14 16:52:15 - [TEST_STEP][PASSED] - setText(findTestObject(orPath_AddressContact + "/input_reEnterEMailAddress"), " "): Text ' ' is set on object 'Object Repository/RAD_Pages/AddressAndContactInfo_Page/input_reEnterEMailAddress'

2024-01-14 16:52:16 - [MESSAGE][PASSED] - Text ' ' is set on object 'Object Repository/RAD_Pages/AddressAndContactInfo_Page/input_reEnterEMailAddress'

2024-01-14 16:52:16 - [TEST_STEP][PASSED] - if (TaxType.equalsIgnoreCase("Estate Tax")): null

2024-01-14 16:52:16 - [TEST_STEP][PASSED] - resText = "Fail": null

2024-01-14 16:52:16 - [TEST_STEP][PASSED] - pages.WriteExcel.demoKey(resText, datText, resColumn, datCloumn, fileLoc, nameSheet, row): pages.WriteExcel.demoKey is PASSED

2024-01-14 16:52:16 - [MESSAGE][PASSED] - pages.WriteExcel.demoKey is PASSED

2024-01-14 16:52:16 - [TEST_STEP][PASSED] - verifyTextPresent("Enter business name", true, CONTINUE_ON_FAILURE): Text 'Enter business name' is present on page  using regular expression

2024-01-14 16:52:16 - [MESSAGE][PASSED] - Text 'Enter business name' is present on page  using regular expression

2024-01-14 16:52:16 - [TEST_STEP][PASSED] - verifyTextPresent("Enter business rep first name", true, CONTINUE_ON_FAILURE): Text 'Enter business rep first name' is present on page  using regular expression

2024-01-14 16:52:17 - [MESSAGE][PASSED] - Text 'Enter business rep first name' is present on page  using regular expression

2024-01-14 16:52:17 - [TEST_STEP][PASSED] - verifyTextPresent("Enter business rep last name", true, CONTINUE_ON_FAILURE): Text 'Enter business rep last name' is present on page  using regular expression

2024-01-14 16:52:17 - [MESSAGE][PASSED] - Text 'Enter business rep last name' is present on page  using regular expression

2024-01-14 16:52:17 - [TEST_STEP][PASSED] - verifyTextPresent("Enter address", true, CONTINUE_ON_FAILURE): Text 'Enter address' is present on page  using regular expression

2024-01-14 16:52:18 - [MESSAGE][PASSED] - Text 'Enter address' is present on page  using regular expression

2024-01-14 16:52:18 - [TEST_STEP][PASSED] - verifyTextPresent("Enter city", true, CONTINUE_ON_FAILURE): Text 'Enter city' is present on page  using regular expression

2024-01-14 16:52:18 - [MESSAGE][PASSED] - Text 'Enter city' is present on page  using regular expression

2024-01-14 16:52:18 - [TEST_STEP][PASSED] - verifyTextPresent("Enter ZIP code", true, CONTINUE_ON_FAILURE): Text 'Enter ZIP code' is present on page  using regular expression

2024-01-14 16:52:18 - [MESSAGE][PASSED] - Text 'Enter ZIP code' is present on page  using regular expression

2024-01-14 16:52:18 - [TEST_STEP][PASSED] - verifyTextPresent("Enter a valid phone number", true, CONTINUE_ON_FAILURE): Text 'Enter a valid phone number' is present on page  using regular expression

2024-01-14 16:52:19 - [MESSAGE][PASSED] - Text 'Enter a valid phone number' is present on page  using regular expression

2024-01-14 16:52:19 - [TEST_STEP][PASSED] - verifyTextPresent("Enter Email", true, CONTINUE_ON_FAILURE): Text 'Enter Email' is present on page  using regular expression

2024-01-14 16:52:19 - [MESSAGE][PASSED] - Text 'Enter Email' is present on page  using regular expression

2024-01-14 16:52:19 - [TEST_STEP][PASSED] - if (TaxType.equalsIgnoreCase("Estate Tax")): null

2024-01-14 16:52:19 - [TEST_STEP][PASSED] - resText = "Pass": null

2024-01-14 16:52:19 - [TEST_STEP][PASSED] - pages.WriteExcel.demoKey(resText, datText, resColumn, datCloumn, fileLoc, nameSheet, row): pages.WriteExcel.demoKey is PASSED

2024-01-14 16:52:19 - [MESSAGE][PASSED] - pages.WriteExcel.demoKey is PASSED

2024-01-14 16:52:19 - [TEST_STEP][PASSED] - ExecuteTC = findTestData(dataFile).getValue("Execute", row): null

2024-01-14 16:52:19 - [TEST_STEP][PASSED] - TaxType = findTestData(dataFile).getValue("TaxType", row): null

2024-01-14 16:52:19 - [TEST_STEP][PASSED] - PaymentType = findTestData(dataFile).getValue("PaymentType", row): null

2024-01-14 16:52:19 - [TEST_STEP][PASSED] - FilingYear = findTestData(dataFile).getValue("Year", row): null

2024-01-14 16:52:19 - [TEST_STEP][PASSED] - feinSSN = findTestData(dataFile).getValue("FeinSsn", row): null

2024-01-14 16:52:19 - [TEST_STEP][PASSED] - if (ExecuteTC.equalsIgnoreCase("Y")): pages.WriteExcel.demoKey is PASSED

2024-01-14 16:52:19 - [TEST_STEP][PASSED] - out.println("Begin Record Number: " + row): null

2024-01-14 16:52:19 - [TEST_STEP][PASSED] - today = new java.util.Date(): null

2024-01-14 16:52:19 - [TEST_STEP][PASSED] - println(today): null

2024-01-14 16:52:19 - [TEST_STEP][PASSED] - datText = today: null

2024-01-14 16:52:19 - [TEST_STEP][PASSED] - logInfo("Payment Type: New Tax Return Amount Due"): Payment Type: New Tax Return Amount Due

2024-01-14 16:52:19 - [MESSAGE][INFO] - Payment Type: New Tax Return Amount Due

2024-01-14 16:52:19 - [TEST_STEP][PASSED] - logInfo("Tax Type: " + TaxType): Tax Type: Transportation Network Services

2024-01-14 16:52:19 - [MESSAGE][INFO] - Tax Type: Transportation Network Services

2024-01-14 16:52:19 - [TEST_STEP][PASSED] - openBrowser(""): Browser is opened with url: ''

2024-01-14 16:52:19 - [MESSAGE][WARNING] - A browser is already opened. Closing browser and opening a new one

2024-01-14 16:52:20 - [MESSAGE][INFO] - Starting 'Chrome' driver

2024-01-14 16:52:20 - [MESSAGE][INFO] - User set preference: ['acceptInsecureCerts', 'true']

2024-01-14 16:52:20 - [MESSAGE][INFO] - Action delay is set to 0 milliseconds

2024-01-14 16:52:22 - [MESSAGE][PASSED] - Browser is opened with url: ''

2024-01-14 16:52:22 - [TEST_STEP][PASSED] - maximizeWindow(): Current window maximized

2024-01-14 16:52:22 - [MESSAGE][PASSED] - Current window maximized

2024-01-14 16:52:22 - [TEST_STEP][PASSED] - navigateToUrl(RADurl): Navigate to 'https://qa2.velocitypayment.com/client/rad/index.html' successfully

2024-01-14 16:52:22 - [MESSAGE][PASSED] - Navigate to 'https://qa2.velocitypayment.com/client/rad/index.html' successfully

2024-01-14 16:52:22 - [TEST_STEP][PASSED] - selectOptionByLabel(findTestObject(orPath_Landing + "/dd_TaxType"), "New Tax Return Amount Due", false): All options with label 'New Tax Return Amount Due' are selected in object 'Object Repository/RAD_Pages/Landing_Page/dd_TaxType' 

2024-01-14 16:52:24 - [MESSAGE][PASSED] - All options with label 'New Tax Return Amount Due' are selected in object 'Object Repository/RAD_Pages/Landing_Page/dd_TaxType' 

2024-01-14 16:52:24 - [TEST_STEP][PASSED] - selectOptionByLabel(findTestObject("Object Repository/RAD_Pages/Landing_Page/select_NewTaxReturnAmountDue_TaxType"), TaxType, false): All options with label 'Transportation Network Services' are selected in object 'Object Repository/RAD_Pages/Landing_Page/select_NewTaxReturnAmountDue_TaxType' 

2024-01-14 16:52:25 - [MESSAGE][PASSED] - All options with label 'Transportation Network Services' are selected in object 'Object Repository/RAD_Pages/Landing_Page/select_NewTaxReturnAmountDue_TaxType' 

2024-01-14 16:52:25 - [TEST_STEP][PASSED] - selectOptionByLabel(findTestObject(orPath_TaxTypeFilingYear + "/select_FilingYear"), FilingYear, false): All options with label '2022' are selected in object 'Object Repository/RAD_Pages/TaxTypeFilingYear_Page/select_FilingYear' 

2024-01-14 16:52:26 - [MESSAGE][PASSED] - All options with label '2022' are selected in object 'Object Repository/RAD_Pages/TaxTypeFilingYear_Page/select_FilingYear' 

2024-01-14 16:52:26 - [TEST_STEP][PASSED] - setText(findTestObject(orPath_TaxPayer + "/input_businessName"), " "): Text ' ' is set on object 'Object Repository/RAD_Pages/Taxpayer_Page/input_businessName'

2024-01-14 16:52:26 - [MESSAGE][PASSED] - Text ' ' is set on object 'Object Repository/RAD_Pages/Taxpayer_Page/input_businessName'

2024-01-14 16:52:26 - [TEST_STEP][PASSED] - setText(findTestObject(orPath_TaxPayer + "/input_BusinessRepfirstName"), " "): Text ' ' is set on object 'Object Repository/RAD_Pages/Taxpayer_Page/input_BusinessRepfirstName'

2024-01-14 16:52:27 - [MESSAGE][PASSED] - Text ' ' is set on object 'Object Repository/RAD_Pages/Taxpayer_Page/input_BusinessRepfirstName'

2024-01-14 16:52:27 - [TEST_STEP][PASSED] - setText(findTestObject(orPath_TaxPayer + "/input_BusinessReplastName"), " "): Text ' ' is set on object 'Object Repository/RAD_Pages/Taxpayer_Page/input_BusinessReplastName'

2024-01-14 16:52:28 - [MESSAGE][PASSED] - Text ' ' is set on object 'Object Repository/RAD_Pages/Taxpayer_Page/input_BusinessReplastName'

2024-01-14 16:52:28 - [TEST_STEP][PASSED] - setText(findTestObject(orPath_AddressContact + "/input_streetAddress1"), " "): Text ' ' is set on object 'Object Repository/RAD_Pages/AddressAndContactInfo_Page/input_streetAddress1'

2024-01-14 16:52:28 - [MESSAGE][PASSED] - Text ' ' is set on object 'Object Repository/RAD_Pages/AddressAndContactInfo_Page/input_streetAddress1'

2024-01-14 16:52:28 - [TEST_STEP][PASSED] - setText(findTestObject(orPath_AddressContact + "/input_city"), " "): Text ' ' is set on object 'Object Repository/RAD_Pages/AddressAndContactInfo_Page/input_city'

2024-01-14 16:52:29 - [MESSAGE][PASSED] - Text ' ' is set on object 'Object Repository/RAD_Pages/AddressAndContactInfo_Page/input_city'

2024-01-14 16:52:29 - [TEST_STEP][PASSED] - setText(findTestObject(orPath_AddressContact + "/input_zipCode"), " "): Text ' ' is set on object 'Object Repository/RAD_Pages/AddressAndContactInfo_Page/input_zipCode'

2024-01-14 16:52:30 - [MESSAGE][PASSED] - Text ' ' is set on object 'Object Repository/RAD_Pages/AddressAndContactInfo_Page/input_zipCode'

2024-01-14 16:52:30 - [TEST_STEP][PASSED] - setText(findTestObject(orPath_AddressContact + "/input_phoneNumber"), " "): Text ' ' is set on object 'Object Repository/RAD_Pages/AddressAndContactInfo_Page/input_phoneNumber'

2024-01-14 16:52:31 - [MESSAGE][PASSED] - Text ' ' is set on object 'Object Repository/RAD_Pages/AddressAndContactInfo_Page/input_phoneNumber'

2024-01-14 16:52:31 - [TEST_STEP][PASSED] - setText(findTestObject(orPath_AddressContact + "/input_eMailAddress"), " "): Text ' ' is set on object 'Object Repository/RAD_Pages/AddressAndContactInfo_Page/input_eMailAddress'

2024-01-14 16:52:31 - [MESSAGE][PASSED] - Text ' ' is set on object 'Object Repository/RAD_Pages/AddressAndContactInfo_Page/input_eMailAddress'

2024-01-14 16:52:31 - [TEST_STEP][PASSED] - setText(findTestObject(orPath_AddressContact + "/input_reEnterEMailAddress"), " "): Text ' ' is set on object 'Object Repository/RAD_Pages/AddressAndContactInfo_Page/input_reEnterEMailAddress'

2024-01-14 16:52:32 - [MESSAGE][PASSED] - Text ' ' is set on object 'Object Repository/RAD_Pages/AddressAndContactInfo_Page/input_reEnterEMailAddress'

2024-01-14 16:52:32 - [TEST_STEP][PASSED] - if (TaxType.equalsIgnoreCase("Estate Tax")): null

2024-01-14 16:52:32 - [TEST_STEP][PASSED] - resText = "Fail": null

2024-01-14 16:52:32 - [TEST_STEP][PASSED] - pages.WriteExcel.demoKey(resText, datText, resColumn, datCloumn, fileLoc, nameSheet, row): pages.WriteExcel.demoKey is PASSED

2024-01-14 16:52:32 - [MESSAGE][PASSED] - pages.WriteExcel.demoKey is PASSED

2024-01-14 16:52:32 - [TEST_STEP][PASSED] - verifyTextPresent("Enter business name", true, CONTINUE_ON_FAILURE): Text 'Enter business name' is present on page  using regular expression

2024-01-14 16:52:33 - [MESSAGE][PASSED] - Text 'Enter business name' is present on page  using regular expression

2024-01-14 16:52:33 - [TEST_STEP][PASSED] - verifyTextPresent("Enter business rep first name", true, CONTINUE_ON_FAILURE): Text 'Enter business rep first name' is present on page  using regular expression

2024-01-14 16:52:33 - [MESSAGE][PASSED] - Text 'Enter business rep first name' is present on page  using regular expression

2024-01-14 16:52:33 - [TEST_STEP][PASSED] - verifyTextPresent("Enter business rep last name", true, CONTINUE_ON_FAILURE): Text 'Enter business rep last name' is present on page  using regular expression

2024-01-14 16:52:34 - [MESSAGE][PASSED] - Text 'Enter business rep last name' is present on page  using regular expression

2024-01-14 16:52:34 - [TEST_STEP][PASSED] - verifyTextPresent("Enter address", true, CONTINUE_ON_FAILURE): Text 'Enter address' is present on page  using regular expression

2024-01-14 16:52:34 - [MESSAGE][PASSED] - Text 'Enter address' is present on page  using regular expression

2024-01-14 16:52:34 - [TEST_STEP][PASSED] - verifyTextPresent("Enter city", true, CONTINUE_ON_FAILURE): Text 'Enter city' is present on page  using regular expression

2024-01-14 16:52:34 - [MESSAGE][PASSED] - Text 'Enter city' is present on page  using regular expression

2024-01-14 16:52:34 - [TEST_STEP][PASSED] - verifyTextPresent("Enter ZIP code", true, CONTINUE_ON_FAILURE): Text 'Enter ZIP code' is present on page  using regular expression

2024-01-14 16:52:35 - [MESSAGE][PASSED] - Text 'Enter ZIP code' is present on page  using regular expression

2024-01-14 16:52:35 - [TEST_STEP][PASSED] - verifyTextPresent("Enter a valid phone number", true, CONTINUE_ON_FAILURE): Text 'Enter a valid phone number' is present on page  using regular expression

2024-01-14 16:52:35 - [MESSAGE][PASSED] - Text 'Enter a valid phone number' is present on page  using regular expression

2024-01-14 16:52:35 - [TEST_STEP][PASSED] - verifyTextPresent("Enter Email", true, CONTINUE_ON_FAILURE): Text 'Enter Email' is present on page  using regular expression

2024-01-14 16:52:35 - [MESSAGE][PASSED] - Text 'Enter Email' is present on page  using regular expression

2024-01-14 16:52:35 - [TEST_STEP][PASSED] - if (TaxType.equalsIgnoreCase("Estate Tax")): null

2024-01-14 16:52:35 - [TEST_STEP][PASSED] - resText = "Pass": null

2024-01-14 16:52:35 - [TEST_STEP][PASSED] - pages.WriteExcel.demoKey(resText, datText, resColumn, datCloumn, fileLoc, nameSheet, row): pages.WriteExcel.demoKey is PASSED

2024-01-14 16:52:35 - [MESSAGE][PASSED] - pages.WriteExcel.demoKey is PASSED

2024-01-14 16:52:35 - [TEST_STEP][PASSED] - ExecuteTC = findTestData(dataFile).getValue("Execute", row): null

2024-01-14 16:52:35 - [TEST_STEP][PASSED] - TaxType = findTestData(dataFile).getValue("TaxType", row): null

2024-01-14 16:52:36 - [TEST_STEP][PASSED] - PaymentType = findTestData(dataFile).getValue("PaymentType", row): null

2024-01-14 16:52:36 - [TEST_STEP][PASSED] - FilingYear = findTestData(dataFile).getValue("Year", row): null

2024-01-14 16:52:36 - [TEST_STEP][PASSED] - feinSSN = findTestData(dataFile).getValue("FeinSsn", row): null

2024-01-14 16:52:36 - [TEST_STEP][PASSED] - if (ExecuteTC.equalsIgnoreCase("Y")): pages.WriteExcel.demoKey is PASSED

2024-01-14 16:52:36 - [TEST_STEP][PASSED] - out.println("Begin Record Number: " + row): null

2024-01-14 16:52:36 - [TEST_STEP][PASSED] - today = new java.util.Date(): null

2024-01-14 16:52:36 - [TEST_STEP][PASSED] - println(today): null

2024-01-14 16:52:36 - [TEST_STEP][PASSED] - datText = today: null

2024-01-14 16:52:36 - [TEST_STEP][PASSED] - logInfo("Payment Type: New Tax Return Amount Due"): Payment Type: New Tax Return Amount Due

2024-01-14 16:52:36 - [MESSAGE][INFO] - Payment Type: New Tax Return Amount Due

2024-01-14 16:52:36 - [TEST_STEP][PASSED] - logInfo("Tax Type: " + TaxType): Tax Type: Unclaimed Property

2024-01-14 16:52:36 - [MESSAGE][INFO] - Tax Type: Unclaimed Property

2024-01-14 16:52:36 - [TEST_STEP][PASSED] - openBrowser(""): Browser is opened with url: ''

2024-01-14 16:52:36 - [MESSAGE][WARNING] - A browser is already opened. Closing browser and opening a new one

2024-01-14 16:52:37 - [MESSAGE][INFO] - Starting 'Chrome' driver

2024-01-14 16:52:37 - [MESSAGE][INFO] - User set preference: ['acceptInsecureCerts', 'true']

2024-01-14 16:52:37 - [MESSAGE][INFO] - Action delay is set to 0 milliseconds

2024-01-14 16:52:38 - [MESSAGE][PASSED] - Browser is opened with url: ''

2024-01-14 16:52:38 - [TEST_STEP][PASSED] - maximizeWindow(): Current window maximized

2024-01-14 16:52:38 - [MESSAGE][PASSED] - Current window maximized

2024-01-14 16:52:38 - [TEST_STEP][PASSED] - navigateToUrl(RADurl): Navigate to 'https://qa2.velocitypayment.com/client/rad/index.html' successfully

2024-01-14 16:52:39 - [MESSAGE][PASSED] - Navigate to 'https://qa2.velocitypayment.com/client/rad/index.html' successfully

2024-01-14 16:52:39 - [TEST_STEP][PASSED] - selectOptionByLabel(findTestObject(orPath_Landing + "/dd_TaxType"), "New Tax Return Amount Due", false): All options with label 'New Tax Return Amount Due' are selected in object 'Object Repository/RAD_Pages/Landing_Page/dd_TaxType' 

2024-01-14 16:52:41 - [MESSAGE][PASSED] - All options with label 'New Tax Return Amount Due' are selected in object 'Object Repository/RAD_Pages/Landing_Page/dd_TaxType' 

2024-01-14 16:52:41 - [TEST_STEP][PASSED] - selectOptionByLabel(findTestObject("Object Repository/RAD_Pages/Landing_Page/select_NewTaxReturnAmountDue_TaxType"), TaxType, false): All options with label 'Unclaimed Property' are selected in object 'Object Repository/RAD_Pages/Landing_Page/select_NewTaxReturnAmountDue_TaxType' 

2024-01-14 16:52:41 - [MESSAGE][PASSED] - All options with label 'Unclaimed Property' are selected in object 'Object Repository/RAD_Pages/Landing_Page/select_NewTaxReturnAmountDue_TaxType' 

2024-01-14 16:52:41 - [TEST_STEP][PASSED] - selectOptionByLabel(findTestObject(orPath_TaxTypeFilingYear + "/select_FilingYear"), FilingYear, false): All options with label '2022' are selected in object 'Object Repository/RAD_Pages/TaxTypeFilingYear_Page/select_FilingYear' 

2024-01-14 16:52:42 - [MESSAGE][PASSED] - All options with label '2022' are selected in object 'Object Repository/RAD_Pages/TaxTypeFilingYear_Page/select_FilingYear' 

2024-01-14 16:52:42 - [TEST_STEP][PASSED] - setText(findTestObject(orPath_TaxPayer + "/input_businessName"), " "): Text ' ' is set on object 'Object Repository/RAD_Pages/Taxpayer_Page/input_businessName'

2024-01-14 16:52:43 - [MESSAGE][PASSED] - Text ' ' is set on object 'Object Repository/RAD_Pages/Taxpayer_Page/input_businessName'

2024-01-14 16:52:43 - [TEST_STEP][PASSED] - setText(findTestObject(orPath_TaxPayer + "/input_BusinessRepfirstName"), " "): Text ' ' is set on object 'Object Repository/RAD_Pages/Taxpayer_Page/input_BusinessRepfirstName'

2024-01-14 16:52:43 - [MESSAGE][PASSED] - Text ' ' is set on object 'Object Repository/RAD_Pages/Taxpayer_Page/input_BusinessRepfirstName'

2024-01-14 16:52:43 - [TEST_STEP][PASSED] - setText(findTestObject(orPath_TaxPayer + "/input_BusinessReplastName"), " "): Text ' ' is set on object 'Object Repository/RAD_Pages/Taxpayer_Page/input_BusinessReplastName'

2024-01-14 16:52:44 - [MESSAGE][PASSED] - Text ' ' is set on object 'Object Repository/RAD_Pages/Taxpayer_Page/input_BusinessReplastName'

2024-01-14 16:52:44 - [TEST_STEP][PASSED] - setText(findTestObject(orPath_AddressContact + "/input_streetAddress1"), " "): Text ' ' is set on object 'Object Repository/RAD_Pages/AddressAndContactInfo_Page/input_streetAddress1'

2024-01-14 16:52:45 - [MESSAGE][PASSED] - Text ' ' is set on object 'Object Repository/RAD_Pages/AddressAndContactInfo_Page/input_streetAddress1'

2024-01-14 16:52:45 - [TEST_STEP][PASSED] - setText(findTestObject(orPath_AddressContact + "/input_city"), " "): Text ' ' is set on object 'Object Repository/RAD_Pages/AddressAndContactInfo_Page/input_city'

2024-01-14 16:52:46 - [MESSAGE][PASSED] - Text ' ' is set on object 'Object Repository/RAD_Pages/AddressAndContactInfo_Page/input_city'

2024-01-14 16:52:46 - [TEST_STEP][PASSED] - setText(findTestObject(orPath_AddressContact + "/input_zipCode"), " "): Text ' ' is set on object 'Object Repository/RAD_Pages/AddressAndContactInfo_Page/input_zipCode'

2024-01-14 16:52:46 - [MESSAGE][PASSED] - Text ' ' is set on object 'Object Repository/RAD_Pages/AddressAndContactInfo_Page/input_zipCode'

2024-01-14 16:52:46 - [TEST_STEP][PASSED] - setText(findTestObject(orPath_AddressContact + "/input_phoneNumber"), " "): Text ' ' is set on object 'Object Repository/RAD_Pages/AddressAndContactInfo_Page/input_phoneNumber'

2024-01-14 16:52:47 - [MESSAGE][PASSED] - Text ' ' is set on object 'Object Repository/RAD_Pages/AddressAndContactInfo_Page/input_phoneNumber'

2024-01-14 16:52:47 - [TEST_STEP][PASSED] - setText(findTestObject(orPath_AddressContact + "/input_eMailAddress"), " "): Text ' ' is set on object 'Object Repository/RAD_Pages/AddressAndContactInfo_Page/input_eMailAddress'

2024-01-14 16:52:48 - [MESSAGE][PASSED] - Text ' ' is set on object 'Object Repository/RAD_Pages/AddressAndContactInfo_Page/input_eMailAddress'

2024-01-14 16:52:48 - [TEST_STEP][PASSED] - setText(findTestObject(orPath_AddressContact + "/input_reEnterEMailAddress"), " "): Text ' ' is set on object 'Object Repository/RAD_Pages/AddressAndContactInfo_Page/input_reEnterEMailAddress'

2024-01-14 16:52:49 - [MESSAGE][PASSED] - Text ' ' is set on object 'Object Repository/RAD_Pages/AddressAndContactInfo_Page/input_reEnterEMailAddress'

2024-01-14 16:52:49 - [TEST_STEP][PASSED] - if (TaxType.equalsIgnoreCase("Estate Tax")): null

2024-01-14 16:52:49 - [TEST_STEP][PASSED] - resText = "Fail": null

2024-01-14 16:52:49 - [TEST_STEP][PASSED] - pages.WriteExcel.demoKey(resText, datText, resColumn, datCloumn, fileLoc, nameSheet, row): pages.WriteExcel.demoKey is PASSED

2024-01-14 16:52:49 - [MESSAGE][PASSED] - pages.WriteExcel.demoKey is PASSED

2024-01-14 16:52:49 - [TEST_STEP][PASSED] - verifyTextPresent("Enter business name", true, CONTINUE_ON_FAILURE): Text 'Enter business name' is present on page  using regular expression

2024-01-14 16:52:49 - [MESSAGE][PASSED] - Text 'Enter business name' is present on page  using regular expression

2024-01-14 16:52:49 - [TEST_STEP][PASSED] - verifyTextPresent("Enter business rep first name", true, CONTINUE_ON_FAILURE): Text 'Enter business rep first name' is present on page  using regular expression

2024-01-14 16:52:50 - [MESSAGE][PASSED] - Text 'Enter business rep first name' is present on page  using regular expression

2024-01-14 16:52:50 - [TEST_STEP][PASSED] - verifyTextPresent("Enter business rep last name", true, CONTINUE_ON_FAILURE): Text 'Enter business rep last name' is present on page  using regular expression

2024-01-14 16:52:50 - [MESSAGE][PASSED] - Text 'Enter business rep last name' is present on page  using regular expression

2024-01-14 16:52:50 - [TEST_STEP][PASSED] - verifyTextPresent("Enter address", true, CONTINUE_ON_FAILURE): Text 'Enter address' is present on page  using regular expression

2024-01-14 16:52:50 - [MESSAGE][PASSED] - Text 'Enter address' is present on page  using regular expression

2024-01-14 16:52:50 - [TEST_STEP][PASSED] - verifyTextPresent("Enter city", true, CONTINUE_ON_FAILURE): Text 'Enter city' is present on page  using regular expression

2024-01-14 16:52:51 - [MESSAGE][PASSED] - Text 'Enter city' is present on page  using regular expression

2024-01-14 16:52:51 - [TEST_STEP][PASSED] - verifyTextPresent("Enter ZIP code", true, CONTINUE_ON_FAILURE): Text 'Enter ZIP code' is present on page  using regular expression

2024-01-14 16:52:51 - [MESSAGE][PASSED] - Text 'Enter ZIP code' is present on page  using regular expression

2024-01-14 16:52:51 - [TEST_STEP][PASSED] - verifyTextPresent("Enter a valid phone number", true, CONTINUE_ON_FAILURE): Text 'Enter a valid phone number' is present on page  using regular expression

2024-01-14 16:52:51 - [MESSAGE][PASSED] - Text 'Enter a valid phone number' is present on page  using regular expression

2024-01-14 16:52:51 - [TEST_STEP][PASSED] - verifyTextPresent("Enter Email", true, CONTINUE_ON_FAILURE): Text 'Enter Email' is present on page  using regular expression

2024-01-14 16:52:52 - [MESSAGE][PASSED] - Text 'Enter Email' is present on page  using regular expression

2024-01-14 16:52:52 - [TEST_STEP][PASSED] - if (TaxType.equalsIgnoreCase("Estate Tax")): null

2024-01-14 16:52:52 - [TEST_STEP][PASSED] - resText = "Pass": null

2024-01-14 16:52:52 - [TEST_STEP][PASSED] - pages.WriteExcel.demoKey(resText, datText, resColumn, datCloumn, fileLoc, nameSheet, row): pages.WriteExcel.demoKey is PASSED

2024-01-14 16:52:52 - [MESSAGE][PASSED] - pages.WriteExcel.demoKey is PASSED

2024-01-14 16:52:52 - [TEST_STEP][PASSED] - ExecuteTC = findTestData(dataFile).getValue("Execute", row): null

2024-01-14 16:52:52 - [TEST_STEP][PASSED] - TaxType = findTestData(dataFile).getValue("TaxType", row): null

2024-01-14 16:52:52 - [TEST_STEP][PASSED] - PaymentType = findTestData(dataFile).getValue("PaymentType", row): null

2024-01-14 16:52:52 - [TEST_STEP][PASSED] - FilingYear = findTestData(dataFile).getValue("Year", row): null

2024-01-14 16:52:52 - [TEST_STEP][PASSED] - feinSSN = findTestData(dataFile).getValue("FeinSsn", row): null

2024-01-14 16:52:52 - [TEST_STEP][PASSED] - if (ExecuteTC.equalsIgnoreCase("Y")): pages.WriteExcel.demoKey is PASSED

2024-01-14 16:52:52 - [TEST_STEP][PASSED] - out.println("Begin Record Number: " + row): null

2024-01-14 16:52:52 - [TEST_STEP][PASSED] - today = new java.util.Date(): null

2024-01-14 16:52:52 - [TEST_STEP][PASSED] - println(today): null

2024-01-14 16:52:52 - [TEST_STEP][PASSED] - datText = today: null

2024-01-14 16:52:52 - [TEST_STEP][PASSED] - logInfo("Payment Type: New Tax Return Amount Due"): Payment Type: New Tax Return Amount Due

2024-01-14 16:52:52 - [MESSAGE][INFO] - Payment Type: New Tax Return Amount Due

2024-01-14 16:52:52 - [TEST_STEP][PASSED] - logInfo("Tax Type: " + TaxType): Tax Type: Withholding Tax

2024-01-14 16:52:52 - [MESSAGE][INFO] - Tax Type: Withholding Tax

2024-01-14 16:52:52 - [TEST_STEP][PASSED] - openBrowser(""): Browser is opened with url: ''

2024-01-14 16:52:52 - [MESSAGE][WARNING] - A browser is already opened. Closing browser and opening a new one

2024-01-14 16:52:53 - [MESSAGE][INFO] - Starting 'Chrome' driver

2024-01-14 16:52:53 - [MESSAGE][INFO] - User set preference: ['acceptInsecureCerts', 'true']

2024-01-14 16:52:53 - [MESSAGE][INFO] - Action delay is set to 0 milliseconds

2024-01-14 16:52:55 - [MESSAGE][PASSED] - Browser is opened with url: ''

2024-01-14 16:52:55 - [TEST_STEP][PASSED] - maximizeWindow(): Current window maximized

2024-01-14 16:52:55 - [MESSAGE][PASSED] - Current window maximized

2024-01-14 16:52:55 - [TEST_STEP][PASSED] - navigateToUrl(RADurl): Navigate to 'https://qa2.velocitypayment.com/client/rad/index.html' successfully

2024-01-14 16:52:56 - [MESSAGE][PASSED] - Navigate to 'https://qa2.velocitypayment.com/client/rad/index.html' successfully

2024-01-14 16:52:56 - [TEST_STEP][PASSED] - selectOptionByLabel(findTestObject(orPath_Landing + "/dd_TaxType"), "New Tax Return Amount Due", false): All options with label 'New Tax Return Amount Due' are selected in object 'Object Repository/RAD_Pages/Landing_Page/dd_TaxType' 

2024-01-14 16:52:57 - [MESSAGE][PASSED] - All options with label 'New Tax Return Amount Due' are selected in object 'Object Repository/RAD_Pages/Landing_Page/dd_TaxType' 

2024-01-14 16:52:57 - [TEST_STEP][PASSED] - selectOptionByLabel(findTestObject("Object Repository/RAD_Pages/Landing_Page/select_NewTaxReturnAmountDue_TaxType"), TaxType, false): All options with label 'Withholding Tax' are selected in object 'Object Repository/RAD_Pages/Landing_Page/select_NewTaxReturnAmountDue_TaxType' 

2024-01-14 16:52:58 - [MESSAGE][PASSED] - All options with label 'Withholding Tax' are selected in object 'Object Repository/RAD_Pages/Landing_Page/select_NewTaxReturnAmountDue_TaxType' 

2024-01-14 16:52:58 - [TEST_STEP][PASSED] - selectOptionByLabel(findTestObject(orPath_TaxTypeFilingYear + "/select_FilingYear"), FilingYear, false): All options with label '2022' are selected in object 'Object Repository/RAD_Pages/TaxTypeFilingYear_Page/select_FilingYear' 

2024-01-14 16:52:59 - [MESSAGE][PASSED] - All options with label '2022' are selected in object 'Object Repository/RAD_Pages/TaxTypeFilingYear_Page/select_FilingYear' 

2024-01-14 16:52:59 - [TEST_STEP][PASSED] - setText(findTestObject(orPath_TaxPayer + "/input_businessName"), " "): Text ' ' is set on object 'Object Repository/RAD_Pages/Taxpayer_Page/input_businessName'

2024-01-14 16:52:59 - [MESSAGE][PASSED] - Text ' ' is set on object 'Object Repository/RAD_Pages/Taxpayer_Page/input_businessName'

2024-01-14 16:52:59 - [TEST_STEP][PASSED] - setText(findTestObject(orPath_TaxPayer + "/input_BusinessRepfirstName"), " "): Text ' ' is set on object 'Object Repository/RAD_Pages/Taxpayer_Page/input_BusinessRepfirstName'

2024-01-14 16:53:00 - [MESSAGE][PASSED] - Text ' ' is set on object 'Object Repository/RAD_Pages/Taxpayer_Page/input_BusinessRepfirstName'

2024-01-14 16:53:00 - [TEST_STEP][PASSED] - setText(findTestObject(orPath_TaxPayer + "/input_BusinessReplastName"), " "): Text ' ' is set on object 'Object Repository/RAD_Pages/Taxpayer_Page/input_BusinessReplastName'

2024-01-14 16:53:01 - [MESSAGE][PASSED] - Text ' ' is set on object 'Object Repository/RAD_Pages/Taxpayer_Page/input_BusinessReplastName'

2024-01-14 16:53:01 - [TEST_STEP][PASSED] - setText(findTestObject(orPath_AddressContact + "/input_streetAddress1"), " "): Text ' ' is set on object 'Object Repository/RAD_Pages/AddressAndContactInfo_Page/input_streetAddress1'

2024-01-14 16:53:01 - [MESSAGE][PASSED] - Text ' ' is set on object 'Object Repository/RAD_Pages/AddressAndContactInfo_Page/input_streetAddress1'

2024-01-14 16:53:01 - [TEST_STEP][PASSED] - setText(findTestObject(orPath_AddressContact + "/input_city"), " "): Text ' ' is set on object 'Object Repository/RAD_Pages/AddressAndContactInfo_Page/input_city'

2024-01-14 16:53:02 - [MESSAGE][PASSED] - Text ' ' is set on object 'Object Repository/RAD_Pages/AddressAndContactInfo_Page/input_city'

2024-01-14 16:53:02 - [TEST_STEP][PASSED] - setText(findTestObject(orPath_AddressContact + "/input_zipCode"), " "): Text ' ' is set on object 'Object Repository/RAD_Pages/AddressAndContactInfo_Page/input_zipCode'

2024-01-14 16:53:03 - [MESSAGE][PASSED] - Text ' ' is set on object 'Object Repository/RAD_Pages/AddressAndContactInfo_Page/input_zipCode'

2024-01-14 16:53:03 - [TEST_STEP][PASSED] - setText(findTestObject(orPath_AddressContact + "/input_phoneNumber"), " "): Text ' ' is set on object 'Object Repository/RAD_Pages/AddressAndContactInfo_Page/input_phoneNumber'

2024-01-14 16:53:03 - [MESSAGE][PASSED] - Text ' ' is set on object 'Object Repository/RAD_Pages/AddressAndContactInfo_Page/input_phoneNumber'

2024-01-14 16:53:03 - [TEST_STEP][PASSED] - setText(findTestObject(orPath_AddressContact + "/input_eMailAddress"), " "): Text ' ' is set on object 'Object Repository/RAD_Pages/AddressAndContactInfo_Page/input_eMailAddress'

2024-01-14 16:53:04 - [MESSAGE][PASSED] - Text ' ' is set on object 'Object Repository/RAD_Pages/AddressAndContactInfo_Page/input_eMailAddress'

2024-01-14 16:53:04 - [TEST_STEP][PASSED] - setText(findTestObject(orPath_AddressContact + "/input_reEnterEMailAddress"), " "): Text ' ' is set on object 'Object Repository/RAD_Pages/AddressAndContactInfo_Page/input_reEnterEMailAddress'

2024-01-14 16:53:05 - [MESSAGE][PASSED] - Text ' ' is set on object 'Object Repository/RAD_Pages/AddressAndContactInfo_Page/input_reEnterEMailAddress'

2024-01-14 16:53:05 - [TEST_STEP][PASSED] - if (TaxType.equalsIgnoreCase("Estate Tax")): null

2024-01-14 16:53:05 - [TEST_STEP][PASSED] - resText = "Fail": null

2024-01-14 16:53:05 - [TEST_STEP][PASSED] - pages.WriteExcel.demoKey(resText, datText, resColumn, datCloumn, fileLoc, nameSheet, row): pages.WriteExcel.demoKey is PASSED

2024-01-14 16:53:05 - [MESSAGE][PASSED] - pages.WriteExcel.demoKey is PASSED

2024-01-14 16:53:05 - [TEST_STEP][PASSED] - verifyTextPresent("Enter business name", true, CONTINUE_ON_FAILURE): Text 'Enter business name' is present on page  using regular expression

2024-01-14 16:53:06 - [MESSAGE][PASSED] - Text 'Enter business name' is present on page  using regular expression

2024-01-14 16:53:06 - [TEST_STEP][PASSED] - verifyTextPresent("Enter business rep first name", true, CONTINUE_ON_FAILURE): Text 'Enter business rep first name' is present on page  using regular expression

2024-01-14 16:53:06 - [MESSAGE][PASSED] - Text 'Enter business rep first name' is present on page  using regular expression

2024-01-14 16:53:06 - [TEST_STEP][PASSED] - verifyTextPresent("Enter business rep last name", true, CONTINUE_ON_FAILURE): Text 'Enter business rep last name' is present on page  using regular expression

2024-01-14 16:53:06 - [MESSAGE][PASSED] - Text 'Enter business rep last name' is present on page  using regular expression

2024-01-14 16:53:06 - [TEST_STEP][PASSED] - verifyTextPresent("Enter address", true, CONTINUE_ON_FAILURE): Text 'Enter address' is present on page  using regular expression

2024-01-14 16:53:07 - [MESSAGE][PASSED] - Text 'Enter address' is present on page  using regular expression

2024-01-14 16:53:07 - [TEST_STEP][PASSED] - verifyTextPresent("Enter city", true, CONTINUE_ON_FAILURE): Text 'Enter city' is present on page  using regular expression

2024-01-14 16:53:07 - [MESSAGE][PASSED] - Text 'Enter city' is present on page  using regular expression

2024-01-14 16:53:07 - [TEST_STEP][PASSED] - verifyTextPresent("Enter ZIP code", true, CONTINUE_ON_FAILURE): Text 'Enter ZIP code' is present on page  using regular expression

2024-01-14 16:53:07 - [MESSAGE][PASSED] - Text 'Enter ZIP code' is present on page  using regular expression

2024-01-14 16:53:07 - [TEST_STEP][PASSED] - verifyTextPresent("Enter a valid phone number", true, CONTINUE_ON_FAILURE): Text 'Enter a valid phone number' is present on page  using regular expression

2024-01-14 16:53:08 - [MESSAGE][PASSED] - Text 'Enter a valid phone number' is present on page  using regular expression

2024-01-14 16:53:08 - [TEST_STEP][PASSED] - verifyTextPresent("Enter Email", true, CONTINUE_ON_FAILURE): Text 'Enter Email' is present on page  using regular expression

2024-01-14 16:53:08 - [MESSAGE][PASSED] - Text 'Enter Email' is present on page  using regular expression

2024-01-14 16:53:08 - [TEST_STEP][PASSED] - if (TaxType.equalsIgnoreCase("Estate Tax")): null

2024-01-14 16:53:08 - [TEST_STEP][PASSED] - resText = "Pass": null

2024-01-14 16:53:08 - [TEST_STEP][PASSED] - pages.WriteExcel.demoKey(resText, datText, resColumn, datCloumn, fileLoc, nameSheet, row): pages.WriteExcel.demoKey is PASSED

2024-01-14 16:53:08 - [MESSAGE][PASSED] - pages.WriteExcel.demoKey is PASSED

2024-01-14 16:53:08 - [TEST_STEP][PASSED] - ExecuteTC = findTestData(dataFile).getValue("Execute", row): null

2024-01-14 16:53:08 - [TEST_STEP][PASSED] - TaxType = findTestData(dataFile).getValue("TaxType", row): null

2024-01-14 16:53:08 - [TEST_STEP][PASSED] - PaymentType = findTestData(dataFile).getValue("PaymentType", row): null

2024-01-14 16:53:08 - [TEST_STEP][PASSED] - FilingYear = findTestData(dataFile).getValue("Year", row): null

2024-01-14 16:53:08 - [TEST_STEP][PASSED] - feinSSN = findTestData(dataFile).getValue("FeinSsn", row): null

2024-01-14 16:53:08 - [TEST_STEP][PASSED] - if (ExecuteTC.equalsIgnoreCase("Y")): pages.WriteExcel.demoKey is PASSED

2024-01-14 16:53:08 - [TEST_STEP][PASSED] - out.println("Begin Record Number: " + row): null

2024-01-14 16:53:08 - [TEST_STEP][PASSED] - today = new java.util.Date(): null

2024-01-14 16:53:08 - [TEST_STEP][PASSED] - println(today): null

2024-01-14 16:53:08 - [TEST_STEP][PASSED] - datText = today: null

2024-01-14 16:53:08 - [TEST_STEP][PASSED] - logInfo("Payment Type: New Tax Return Amount Due"): Payment Type: New Tax Return Amount Due

2024-01-14 16:53:08 - [MESSAGE][INFO] - Payment Type: New Tax Return Amount Due

2024-01-14 16:53:08 - [TEST_STEP][PASSED] - logInfo("Tax Type: " + TaxType): Tax Type: Admissions and Amusement Tax

2024-01-14 16:53:08 - [MESSAGE][INFO] - Tax Type: Admissions and Amusement Tax

2024-01-14 16:53:08 - [TEST_STEP][PASSED] - openBrowser(""): Browser is opened with url: ''

2024-01-14 16:53:08 - [MESSAGE][WARNING] - A browser is already opened. Closing browser and opening a new one

2024-01-14 16:53:10 - [MESSAGE][INFO] - Starting 'Chrome' driver

2024-01-14 16:53:10 - [MESSAGE][INFO] - User set preference: ['acceptInsecureCerts', 'true']

2024-01-14 16:53:10 - [MESSAGE][INFO] - Action delay is set to 0 milliseconds

2024-01-14 16:53:11 - [MESSAGE][PASSED] - Browser is opened with url: ''

2024-01-14 16:53:11 - [TEST_STEP][PASSED] - maximizeWindow(): Current window maximized

2024-01-14 16:53:11 - [MESSAGE][PASSED] - Current window maximized

2024-01-14 16:53:11 - [TEST_STEP][PASSED] - navigateToUrl(RADurl): Navigate to 'https://qa2.velocitypayment.com/client/rad/index.html' successfully

2024-01-14 16:53:13 - [MESSAGE][PASSED] - Navigate to 'https://qa2.velocitypayment.com/client/rad/index.html' successfully

2024-01-14 16:53:13 - [TEST_STEP][PASSED] - selectOptionByLabel(findTestObject(orPath_Landing + "/dd_TaxType"), "New Tax Return Amount Due", false): All options with label 'New Tax Return Amount Due' are selected in object 'Object Repository/RAD_Pages/Landing_Page/dd_TaxType' 

2024-01-14 16:53:14 - [MESSAGE][PASSED] - All options with label 'New Tax Return Amount Due' are selected in object 'Object Repository/RAD_Pages/Landing_Page/dd_TaxType' 

2024-01-14 16:53:14 - [TEST_STEP][PASSED] - selectOptionByLabel(findTestObject("Object Repository/RAD_Pages/Landing_Page/select_NewTaxReturnAmountDue_TaxType"), TaxType, false): All options with label 'Admissions and Amusement Tax' are selected in object 'Object Repository/RAD_Pages/Landing_Page/select_NewTaxReturnAmountDue_TaxType' 

2024-01-14 16:53:14 - [MESSAGE][PASSED] - All options with label 'Admissions and Amusement Tax' are selected in object 'Object Repository/RAD_Pages/Landing_Page/select_NewTaxReturnAmountDue_TaxType' 

2024-01-14 16:53:14 - [TEST_STEP][PASSED] - selectOptionByLabel(findTestObject(orPath_TaxTypeFilingYear + "/select_FilingYear"), FilingYear, false): All options with label '2021' are selected in object 'Object Repository/RAD_Pages/TaxTypeFilingYear_Page/select_FilingYear' 

2024-01-14 16:53:15 - [MESSAGE][PASSED] - All options with label '2021' are selected in object 'Object Repository/RAD_Pages/TaxTypeFilingYear_Page/select_FilingYear' 

2024-01-14 16:53:15 - [TEST_STEP][PASSED] - setText(findTestObject(orPath_TaxPayer + "/input_businessName"), " "): Text ' ' is set on object 'Object Repository/RAD_Pages/Taxpayer_Page/input_businessName'

2024-01-14 16:53:16 - [MESSAGE][PASSED] - Text ' ' is set on object 'Object Repository/RAD_Pages/Taxpayer_Page/input_businessName'

2024-01-14 16:53:16 - [TEST_STEP][PASSED] - setText(findTestObject(orPath_TaxPayer + "/input_BusinessRepfirstName"), " "): Text ' ' is set on object 'Object Repository/RAD_Pages/Taxpayer_Page/input_BusinessRepfirstName'

2024-01-14 16:53:16 - [MESSAGE][PASSED] - Text ' ' is set on object 'Object Repository/RAD_Pages/Taxpayer_Page/input_BusinessRepfirstName'

2024-01-14 16:53:16 - [TEST_STEP][PASSED] - setText(findTestObject(orPath_TaxPayer + "/input_BusinessReplastName"), " "): Text ' ' is set on object 'Object Repository/RAD_Pages/Taxpayer_Page/input_BusinessReplastName'

2024-01-14 16:53:17 - [MESSAGE][PASSED] - Text ' ' is set on object 'Object Repository/RAD_Pages/Taxpayer_Page/input_BusinessReplastName'

2024-01-14 16:53:17 - [TEST_STEP][PASSED] - setText(findTestObject(orPath_AddressContact + "/input_streetAddress1"), " "): Text ' ' is set on object 'Object Repository/RAD_Pages/AddressAndContactInfo_Page/input_streetAddress1'

2024-01-14 16:53:18 - [MESSAGE][PASSED] - Text ' ' is set on object 'Object Repository/RAD_Pages/AddressAndContactInfo_Page/input_streetAddress1'

2024-01-14 16:53:18 - [TEST_STEP][PASSED] - setText(findTestObject(orPath_AddressContact + "/input_city"), " "): Text ' ' is set on object 'Object Repository/RAD_Pages/AddressAndContactInfo_Page/input_city'

2024-01-14 16:53:18 - [MESSAGE][PASSED] - Text ' ' is set on object 'Object Repository/RAD_Pages/AddressAndContactInfo_Page/input_city'

2024-01-14 16:53:18 - [TEST_STEP][PASSED] - setText(findTestObject(orPath_AddressContact + "/input_zipCode"), " "): Text ' ' is set on object 'Object Repository/RAD_Pages/AddressAndContactInfo_Page/input_zipCode'

2024-01-14 16:53:19 - [MESSAGE][PASSED] - Text ' ' is set on object 'Object Repository/RAD_Pages/AddressAndContactInfo_Page/input_zipCode'

2024-01-14 16:53:19 - [TEST_STEP][PASSED] - setText(findTestObject(orPath_AddressContact + "/input_phoneNumber"), " "): Text ' ' is set on object 'Object Repository/RAD_Pages/AddressAndContactInfo_Page/input_phoneNumber'

2024-01-14 16:53:20 - [MESSAGE][PASSED] - Text ' ' is set on object 'Object Repository/RAD_Pages/AddressAndContactInfo_Page/input_phoneNumber'

2024-01-14 16:53:20 - [TEST_STEP][PASSED] - setText(findTestObject(orPath_AddressContact + "/input_eMailAddress"), " "): Text ' ' is set on object 'Object Repository/RAD_Pages/AddressAndContactInfo_Page/input_eMailAddress'

2024-01-14 16:53:21 - [MESSAGE][PASSED] - Text ' ' is set on object 'Object Repository/RAD_Pages/AddressAndContactInfo_Page/input_eMailAddress'

2024-01-14 16:53:21 - [TEST_STEP][PASSED] - setText(findTestObject(orPath_AddressContact + "/input_reEnterEMailAddress"), " "): Text ' ' is set on object 'Object Repository/RAD_Pages/AddressAndContactInfo_Page/input_reEnterEMailAddress'

2024-01-14 16:53:22 - [MESSAGE][PASSED] - Text ' ' is set on object 'Object Repository/RAD_Pages/AddressAndContactInfo_Page/input_reEnterEMailAddress'

2024-01-14 16:53:22 - [TEST_STEP][PASSED] - if (TaxType.equalsIgnoreCase("Estate Tax")): null

2024-01-14 16:53:22 - [TEST_STEP][PASSED] - resText = "Fail": null

2024-01-14 16:53:22 - [TEST_STEP][PASSED] - pages.WriteExcel.demoKey(resText, datText, resColumn, datCloumn, fileLoc, nameSheet, row): pages.WriteExcel.demoKey is PASSED

2024-01-14 16:53:22 - [MESSAGE][PASSED] - pages.WriteExcel.demoKey is PASSED

2024-01-14 16:53:22 - [TEST_STEP][PASSED] - verifyTextPresent("Enter business name", true, CONTINUE_ON_FAILURE): Text 'Enter business name' is present on page  using regular expression

2024-01-14 16:53:22 - [MESSAGE][PASSED] - Text 'Enter business name' is present on page  using regular expression

2024-01-14 16:53:22 - [TEST_STEP][PASSED] - verifyTextPresent("Enter business rep first name", true, CONTINUE_ON_FAILURE): Text 'Enter business rep first name' is present on page  using regular expression

2024-01-14 16:53:23 - [MESSAGE][PASSED] - Text 'Enter business rep first name' is present on page  using regular expression

2024-01-14 16:53:23 - [TEST_STEP][PASSED] - verifyTextPresent("Enter business rep last name", true, CONTINUE_ON_FAILURE): Text 'Enter business rep last name' is present on page  using regular expression

2024-01-14 16:53:23 - [MESSAGE][PASSED] - Text 'Enter business rep last name' is present on page  using regular expression

2024-01-14 16:53:23 - [TEST_STEP][PASSED] - verifyTextPresent("Enter address", true, CONTINUE_ON_FAILURE): Text 'Enter address' is present on page  using regular expression

2024-01-14 16:53:23 - [MESSAGE][PASSED] - Text 'Enter address' is present on page  using regular expression

2024-01-14 16:53:23 - [TEST_STEP][PASSED] - verifyTextPresent("Enter city", true, CONTINUE_ON_FAILURE): Text 'Enter city' is present on page  using regular expression

2024-01-14 16:53:24 - [MESSAGE][PASSED] - Text 'Enter city' is present on page  using regular expression

2024-01-14 16:53:24 - [TEST_STEP][PASSED] - verifyTextPresent("Enter ZIP code", true, CONTINUE_ON_FAILURE): Text 'Enter ZIP code' is present on page  using regular expression

2024-01-14 16:53:24 - [MESSAGE][PASSED] - Text 'Enter ZIP code' is present on page  using regular expression

2024-01-14 16:53:24 - [TEST_STEP][PASSED] - verifyTextPresent("Enter a valid phone number", true, CONTINUE_ON_FAILURE): Text 'Enter a valid phone number' is present on page  using regular expression

2024-01-14 16:53:24 - [MESSAGE][PASSED] - Text 'Enter a valid phone number' is present on page  using regular expression

2024-01-14 16:53:24 - [TEST_STEP][PASSED] - verifyTextPresent("Enter Email", true, CONTINUE_ON_FAILURE): Text 'Enter Email' is present on page  using regular expression

2024-01-14 16:53:25 - [MESSAGE][PASSED] - Text 'Enter Email' is present on page  using regular expression

2024-01-14 16:53:25 - [TEST_STEP][PASSED] - if (TaxType.equalsIgnoreCase("Estate Tax")): null

2024-01-14 16:53:25 - [TEST_STEP][PASSED] - resText = "Pass": null

2024-01-14 16:53:25 - [TEST_STEP][PASSED] - pages.WriteExcel.demoKey(resText, datText, resColumn, datCloumn, fileLoc, nameSheet, row): pages.WriteExcel.demoKey is PASSED

2024-01-14 16:53:25 - [MESSAGE][PASSED] - pages.WriteExcel.demoKey is PASSED

2024-01-14 16:53:25 - [TEST_STEP][PASSED] - ExecuteTC = findTestData(dataFile).getValue("Execute", row): null

2024-01-14 16:53:25 - [TEST_STEP][PASSED] - TaxType = findTestData(dataFile).getValue("TaxType", row): null

2024-01-14 16:53:25 - [TEST_STEP][PASSED] - PaymentType = findTestData(dataFile).getValue("PaymentType", row): null

2024-01-14 16:53:25 - [TEST_STEP][PASSED] - FilingYear = findTestData(dataFile).getValue("Year", row): null

2024-01-14 16:53:25 - [TEST_STEP][PASSED] - feinSSN = findTestData(dataFile).getValue("FeinSsn", row): null

2024-01-14 16:53:25 - [TEST_STEP][PASSED] - if (ExecuteTC.equalsIgnoreCase("Y")): pages.WriteExcel.demoKey is PASSED

2024-01-14 16:53:25 - [TEST_STEP][PASSED] - out.println("Begin Record Number: " + row): null

2024-01-14 16:53:25 - [TEST_STEP][PASSED] - today = new java.util.Date(): null

2024-01-14 16:53:25 - [TEST_STEP][PASSED] - println(today): null

2024-01-14 16:53:25 - [TEST_STEP][PASSED] - datText = today: null

2024-01-14 16:53:25 - [TEST_STEP][PASSED] - logInfo("Payment Type: New Tax Return Amount Due"): Payment Type: New Tax Return Amount Due

2024-01-14 16:53:25 - [MESSAGE][INFO] - Payment Type: New Tax Return Amount Due

2024-01-14 16:53:25 - [TEST_STEP][PASSED] - logInfo("Tax Type: " + TaxType): Tax Type: Alcohol Tax

2024-01-14 16:53:25 - [MESSAGE][INFO] - Tax Type: Alcohol Tax

2024-01-14 16:53:25 - [TEST_STEP][PASSED] - openBrowser(""): Browser is opened with url: ''

2024-01-14 16:53:25 - [MESSAGE][WARNING] - A browser is already opened. Closing browser and opening a new one

2024-01-14 16:53:26 - [MESSAGE][INFO] - Starting 'Chrome' driver

2024-01-14 16:53:26 - [MESSAGE][INFO] - User set preference: ['acceptInsecureCerts', 'true']

2024-01-14 16:53:26 - [MESSAGE][INFO] - Action delay is set to 0 milliseconds

2024-01-14 16:53:28 - [MESSAGE][PASSED] - Browser is opened with url: ''

2024-01-14 16:53:28 - [TEST_STEP][PASSED] - maximizeWindow(): Current window maximized

2024-01-14 16:53:28 - [MESSAGE][PASSED] - Current window maximized

2024-01-14 16:53:28 - [TEST_STEP][PASSED] - navigateToUrl(RADurl): Navigate to 'https://qa2.velocitypayment.com/client/rad/index.html' successfully

2024-01-14 16:53:28 - [MESSAGE][PASSED] - Navigate to 'https://qa2.velocitypayment.com/client/rad/index.html' successfully

2024-01-14 16:53:28 - [TEST_STEP][PASSED] - selectOptionByLabel(findTestObject(orPath_Landing + "/dd_TaxType"), "New Tax Return Amount Due", false): All options with label 'New Tax Return Amount Due' are selected in object 'Object Repository/RAD_Pages/Landing_Page/dd_TaxType' 

2024-01-14 16:53:30 - [MESSAGE][PASSED] - All options with label 'New Tax Return Amount Due' are selected in object 'Object Repository/RAD_Pages/Landing_Page/dd_TaxType' 

2024-01-14 16:53:30 - [TEST_STEP][PASSED] - selectOptionByLabel(findTestObject("Object Repository/RAD_Pages/Landing_Page/select_NewTaxReturnAmountDue_TaxType"), TaxType, false): All options with label 'Alcohol Tax' are selected in object 'Object Repository/RAD_Pages/Landing_Page/select_NewTaxReturnAmountDue_TaxType' 

2024-01-14 16:53:31 - [MESSAGE][PASSED] - All options with label 'Alcohol Tax' are selected in object 'Object Repository/RAD_Pages/Landing_Page/select_NewTaxReturnAmountDue_TaxType' 

2024-01-14 16:53:31 - [TEST_STEP][PASSED] - selectOptionByLabel(findTestObject(orPath_TaxTypeFilingYear + "/select_FilingYear"), FilingYear, false): All options with label '2021' are selected in object 'Object Repository/RAD_Pages/TaxTypeFilingYear_Page/select_FilingYear' 

2024-01-14 16:53:31 - [MESSAGE][PASSED] - All options with label '2021' are selected in object 'Object Repository/RAD_Pages/TaxTypeFilingYear_Page/select_FilingYear' 

2024-01-14 16:53:31 - [TEST_STEP][PASSED] - setText(findTestObject(orPath_TaxPayer + "/input_businessName"), " "): Text ' ' is set on object 'Object Repository/RAD_Pages/Taxpayer_Page/input_businessName'

2024-01-14 16:53:32 - [MESSAGE][PASSED] - Text ' ' is set on object 'Object Repository/RAD_Pages/Taxpayer_Page/input_businessName'

2024-01-14 16:53:32 - [TEST_STEP][PASSED] - setText(findTestObject(orPath_TaxPayer + "/input_BusinessRepfirstName"), " "): Text ' ' is set on object 'Object Repository/RAD_Pages/Taxpayer_Page/input_BusinessRepfirstName'

2024-01-14 16:53:33 - [MESSAGE][PASSED] - Text ' ' is set on object 'Object Repository/RAD_Pages/Taxpayer_Page/input_BusinessRepfirstName'

2024-01-14 16:53:33 - [TEST_STEP][PASSED] - setText(findTestObject(orPath_TaxPayer + "/input_BusinessReplastName"), " "): Text ' ' is set on object 'Object Repository/RAD_Pages/Taxpayer_Page/input_BusinessReplastName'

2024-01-14 16:53:34 - [MESSAGE][PASSED] - Text ' ' is set on object 'Object Repository/RAD_Pages/Taxpayer_Page/input_BusinessReplastName'

2024-01-14 16:53:34 - [TEST_STEP][PASSED] - setText(findTestObject(orPath_AddressContact + "/input_streetAddress1"), " "): Text ' ' is set on object 'Object Repository/RAD_Pages/AddressAndContactInfo_Page/input_streetAddress1'

2024-01-14 16:53:34 - [MESSAGE][PASSED] - Text ' ' is set on object 'Object Repository/RAD_Pages/AddressAndContactInfo_Page/input_streetAddress1'

2024-01-14 16:53:34 - [TEST_STEP][PASSED] - setText(findTestObject(orPath_AddressContact + "/input_city"), " "): Text ' ' is set on object 'Object Repository/RAD_Pages/AddressAndContactInfo_Page/input_city'

2024-01-14 16:53:35 - [MESSAGE][PASSED] - Text ' ' is set on object 'Object Repository/RAD_Pages/AddressAndContactInfo_Page/input_city'

2024-01-14 16:53:35 - [TEST_STEP][PASSED] - setText(findTestObject(orPath_AddressContact + "/input_zipCode"), " "): Text ' ' is set on object 'Object Repository/RAD_Pages/AddressAndContactInfo_Page/input_zipCode'

2024-01-14 16:53:36 - [MESSAGE][PASSED] - Text ' ' is set on object 'Object Repository/RAD_Pages/AddressAndContactInfo_Page/input_zipCode'

2024-01-14 16:53:36 - [TEST_STEP][PASSED] - setText(findTestObject(orPath_AddressContact + "/input_phoneNumber"), " "): Text ' ' is set on object 'Object Repository/RAD_Pages/AddressAndContactInfo_Page/input_phoneNumber'

2024-01-14 16:53:36 - [MESSAGE][PASSED] - Text ' ' is set on object 'Object Repository/RAD_Pages/AddressAndContactInfo_Page/input_phoneNumber'

2024-01-14 16:53:36 - [TEST_STEP][PASSED] - setText(findTestObject(orPath_AddressContact + "/input_eMailAddress"), " "): Text ' ' is set on object 'Object Repository/RAD_Pages/AddressAndContactInfo_Page/input_eMailAddress'

2024-01-14 16:53:37 - [MESSAGE][PASSED] - Text ' ' is set on object 'Object Repository/RAD_Pages/AddressAndContactInfo_Page/input_eMailAddress'

2024-01-14 16:53:37 - [TEST_STEP][PASSED] - setText(findTestObject(orPath_AddressContact + "/input_reEnterEMailAddress"), " "): Text ' ' is set on object 'Object Repository/RAD_Pages/AddressAndContactInfo_Page/input_reEnterEMailAddress'

2024-01-14 16:53:38 - [MESSAGE][PASSED] - Text ' ' is set on object 'Object Repository/RAD_Pages/AddressAndContactInfo_Page/input_reEnterEMailAddress'

2024-01-14 16:53:38 - [TEST_STEP][PASSED] - if (TaxType.equalsIgnoreCase("Estate Tax")): null

2024-01-14 16:53:38 - [TEST_STEP][PASSED] - resText = "Fail": null

2024-01-14 16:53:38 - [TEST_STEP][PASSED] - pages.WriteExcel.demoKey(resText, datText, resColumn, datCloumn, fileLoc, nameSheet, row): pages.WriteExcel.demoKey is PASSED

2024-01-14 16:53:38 - [MESSAGE][PASSED] - pages.WriteExcel.demoKey is PASSED

2024-01-14 16:53:38 - [TEST_STEP][PASSED] - verifyTextPresent("Enter business name", true, CONTINUE_ON_FAILURE): Text 'Enter business name' is present on page  using regular expression

2024-01-14 16:53:39 - [MESSAGE][PASSED] - Text 'Enter business name' is present on page  using regular expression

2024-01-14 16:53:39 - [TEST_STEP][PASSED] - verifyTextPresent("Enter business rep first name", true, CONTINUE_ON_FAILURE): Text 'Enter business rep first name' is present on page  using regular expression

2024-01-14 16:53:39 - [MESSAGE][PASSED] - Text 'Enter business rep first name' is present on page  using regular expression

2024-01-14 16:53:39 - [TEST_STEP][PASSED] - verifyTextPresent("Enter business rep last name", true, CONTINUE_ON_FAILURE): Text 'Enter business rep last name' is present on page  using regular expression

2024-01-14 16:53:39 - [MESSAGE][PASSED] - Text 'Enter business rep last name' is present on page  using regular expression

2024-01-14 16:53:39 - [TEST_STEP][PASSED] - verifyTextPresent("Enter address", true, CONTINUE_ON_FAILURE): Text 'Enter address' is present on page  using regular expression

2024-01-14 16:53:40 - [MESSAGE][PASSED] - Text 'Enter address' is present on page  using regular expression

2024-01-14 16:53:40 - [TEST_STEP][PASSED] - verifyTextPresent("Enter city", true, CONTINUE_ON_FAILURE): Text 'Enter city' is present on page  using regular expression

2024-01-14 16:53:40 - [MESSAGE][PASSED] - Text 'Enter city' is present on page  using regular expression

2024-01-14 16:53:40 - [TEST_STEP][PASSED] - verifyTextPresent("Enter ZIP code", true, CONTINUE_ON_FAILURE): Text 'Enter ZIP code' is present on page  using regular expression

2024-01-14 16:53:41 - [MESSAGE][PASSED] - Text 'Enter ZIP code' is present on page  using regular expression

2024-01-14 16:53:41 - [TEST_STEP][PASSED] - verifyTextPresent("Enter a valid phone number", true, CONTINUE_ON_FAILURE): Text 'Enter a valid phone number' is present on page  using regular expression

2024-01-14 16:53:41 - [MESSAGE][PASSED] - Text 'Enter a valid phone number' is present on page  using regular expression

2024-01-14 16:53:41 - [TEST_STEP][PASSED] - verifyTextPresent("Enter Email", true, CONTINUE_ON_FAILURE): Text 'Enter Email' is present on page  using regular expression

2024-01-14 16:53:41 - [MESSAGE][PASSED] - Text 'Enter Email' is present on page  using regular expression

2024-01-14 16:53:41 - [TEST_STEP][PASSED] - if (TaxType.equalsIgnoreCase("Estate Tax")): null

2024-01-14 16:53:41 - [TEST_STEP][PASSED] - resText = "Pass": null

2024-01-14 16:53:41 - [TEST_STEP][PASSED] - pages.WriteExcel.demoKey(resText, datText, resColumn, datCloumn, fileLoc, nameSheet, row): pages.WriteExcel.demoKey is PASSED

2024-01-14 16:53:41 - [MESSAGE][PASSED] - pages.WriteExcel.demoKey is PASSED

2024-01-14 16:53:41 - [TEST_STEP][PASSED] - ExecuteTC = findTestData(dataFile).getValue("Execute", row): null

2024-01-14 16:53:41 - [TEST_STEP][PASSED] - TaxType = findTestData(dataFile).getValue("TaxType", row): null

2024-01-14 16:53:41 - [TEST_STEP][PASSED] - PaymentType = findTestData(dataFile).getValue("PaymentType", row): null

2024-01-14 16:53:41 - [TEST_STEP][PASSED] - FilingYear = findTestData(dataFile).getValue("Year", row): null

2024-01-14 16:53:41 - [TEST_STEP][PASSED] - feinSSN = findTestData(dataFile).getValue("FeinSsn", row): null

2024-01-14 16:53:42 - [TEST_STEP][PASSED] - if (ExecuteTC.equalsIgnoreCase("Y")): pages.WriteExcel.demoKey is PASSED

2024-01-14 16:53:42 - [TEST_STEP][PASSED] - out.println("Begin Record Number: " + row): null

2024-01-14 16:53:42 - [TEST_STEP][PASSED] - today = new java.util.Date(): null

2024-01-14 16:53:42 - [TEST_STEP][PASSED] - println(today): null

2024-01-14 16:53:42 - [TEST_STEP][PASSED] - datText = today: null

2024-01-14 16:53:42 - [TEST_STEP][PASSED] - logInfo("Payment Type: New Tax Return Amount Due"): Payment Type: New Tax Return Amount Due

2024-01-14 16:53:42 - [MESSAGE][INFO] - Payment Type: New Tax Return Amount Due

2024-01-14 16:53:42 - [TEST_STEP][PASSED] - logInfo("Tax Type: " + TaxType): Tax Type: Bay Restoration Fee

2024-01-14 16:53:42 - [MESSAGE][INFO] - Tax Type: Bay Restoration Fee

2024-01-14 16:53:42 - [TEST_STEP][PASSED] - openBrowser(""): Browser is opened with url: ''

2024-01-14 16:53:42 - [MESSAGE][WARNING] - A browser is already opened. Closing browser and opening a new one

2024-01-14 16:53:43 - [MESSAGE][INFO] - Starting 'Chrome' driver

2024-01-14 16:53:43 - [MESSAGE][INFO] - User set preference: ['acceptInsecureCerts', 'true']

2024-01-14 16:53:43 - [MESSAGE][INFO] - Action delay is set to 0 milliseconds

2024-01-14 16:53:44 - [MESSAGE][PASSED] - Browser is opened with url: ''

2024-01-14 16:53:44 - [TEST_STEP][PASSED] - maximizeWindow(): Current window maximized

2024-01-14 16:53:44 - [MESSAGE][PASSED] - Current window maximized

2024-01-14 16:53:44 - [TEST_STEP][PASSED] - navigateToUrl(RADurl): Navigate to 'https://qa2.velocitypayment.com/client/rad/index.html' successfully

2024-01-14 16:53:46 - [MESSAGE][PASSED] - Navigate to 'https://qa2.velocitypayment.com/client/rad/index.html' successfully

2024-01-14 16:53:46 - [TEST_STEP][PASSED] - selectOptionByLabel(findTestObject(orPath_Landing + "/dd_TaxType"), "New Tax Return Amount Due", false): All options with label 'New Tax Return Amount Due' are selected in object 'Object Repository/RAD_Pages/Landing_Page/dd_TaxType' 

2024-01-14 16:53:47 - [MESSAGE][PASSED] - All options with label 'New Tax Return Amount Due' are selected in object 'Object Repository/RAD_Pages/Landing_Page/dd_TaxType' 

2024-01-14 16:53:47 - [TEST_STEP][PASSED] - selectOptionByLabel(findTestObject("Object Repository/RAD_Pages/Landing_Page/select_NewTaxReturnAmountDue_TaxType"), TaxType, false): All options with label 'Bay Restoration Fee' are selected in object 'Object Repository/RAD_Pages/Landing_Page/select_NewTaxReturnAmountDue_TaxType' 

2024-01-14 16:53:47 - [MESSAGE][PASSED] - All options with label 'Bay Restoration Fee' are selected in object 'Object Repository/RAD_Pages/Landing_Page/select_NewTaxReturnAmountDue_TaxType' 

2024-01-14 16:53:47 - [TEST_STEP][PASSED] - selectOptionByLabel(findTestObject(orPath_TaxTypeFilingYear + "/select_FilingYear"), FilingYear, false): All options with label '2021' are selected in object 'Object Repository/RAD_Pages/TaxTypeFilingYear_Page/select_FilingYear' 

2024-01-14 16:53:48 - [MESSAGE][PASSED] - All options with label '2021' are selected in object 'Object Repository/RAD_Pages/TaxTypeFilingYear_Page/select_FilingYear' 

2024-01-14 16:53:48 - [TEST_STEP][PASSED] - setText(findTestObject(orPath_TaxPayer + "/input_businessName"), " "): Text ' ' is set on object 'Object Repository/RAD_Pages/Taxpayer_Page/input_businessName'

2024-01-14 16:53:49 - [MESSAGE][PASSED] - Text ' ' is set on object 'Object Repository/RAD_Pages/Taxpayer_Page/input_businessName'

2024-01-14 16:53:49 - [TEST_STEP][PASSED] - setText(findTestObject(orPath_TaxPayer + "/input_BusinessRepfirstName"), " "): Text ' ' is set on object 'Object Repository/RAD_Pages/Taxpayer_Page/input_BusinessRepfirstName'

2024-01-14 16:53:50 - [MESSAGE][PASSED] - Text ' ' is set on object 'Object Repository/RAD_Pages/Taxpayer_Page/input_BusinessRepfirstName'

2024-01-14 16:53:50 - [TEST_STEP][PASSED] - setText(findTestObject(orPath_TaxPayer + "/input_BusinessReplastName"), " "): Text ' ' is set on object 'Object Repository/RAD_Pages/Taxpayer_Page/input_BusinessReplastName'

2024-01-14 16:53:50 - [MESSAGE][PASSED] - Text ' ' is set on object 'Object Repository/RAD_Pages/Taxpayer_Page/input_BusinessReplastName'

2024-01-14 16:53:50 - [TEST_STEP][PASSED] - setText(findTestObject(orPath_AddressContact + "/input_streetAddress1"), " "): Text ' ' is set on object 'Object Repository/RAD_Pages/AddressAndContactInfo_Page/input_streetAddress1'

2024-01-14 16:53:51 - [MESSAGE][PASSED] - Text ' ' is set on object 'Object Repository/RAD_Pages/AddressAndContactInfo_Page/input_streetAddress1'

2024-01-14 16:53:51 - [TEST_STEP][PASSED] - setText(findTestObject(orPath_AddressContact + "/input_city"), " "): Text ' ' is set on object 'Object Repository/RAD_Pages/AddressAndContactInfo_Page/input_city'

2024-01-14 16:53:52 - [MESSAGE][PASSED] - Text ' ' is set on object 'Object Repository/RAD_Pages/AddressAndContactInfo_Page/input_city'

2024-01-14 16:53:52 - [TEST_STEP][PASSED] - setText(findTestObject(orPath_AddressContact + "/input_zipCode"), " "): Text ' ' is set on object 'Object Repository/RAD_Pages/AddressAndContactInfo_Page/input_zipCode'

2024-01-14 16:53:52 - [MESSAGE][PASSED] - Text ' ' is set on object 'Object Repository/RAD_Pages/AddressAndContactInfo_Page/input_zipCode'

2024-01-14 16:53:52 - [TEST_STEP][PASSED] - setText(findTestObject(orPath_AddressContact + "/input_phoneNumber"), " "): Text ' ' is set on object 'Object Repository/RAD_Pages/AddressAndContactInfo_Page/input_phoneNumber'

2024-01-14 16:53:53 - [MESSAGE][PASSED] - Text ' ' is set on object 'Object Repository/RAD_Pages/AddressAndContactInfo_Page/input_phoneNumber'

2024-01-14 16:53:53 - [TEST_STEP][PASSED] - setText(findTestObject(orPath_AddressContact + "/input_eMailAddress"), " "): Text ' ' is set on object 'Object Repository/RAD_Pages/AddressAndContactInfo_Page/input_eMailAddress'

2024-01-14 16:53:54 - [MESSAGE][PASSED] - Text ' ' is set on object 'Object Repository/RAD_Pages/AddressAndContactInfo_Page/input_eMailAddress'

2024-01-14 16:53:54 - [TEST_STEP][PASSED] - setText(findTestObject(orPath_AddressContact + "/input_reEnterEMailAddress"), " "): Text ' ' is set on object 'Object Repository/RAD_Pages/AddressAndContactInfo_Page/input_reEnterEMailAddress'

2024-01-14 16:53:55 - [MESSAGE][PASSED] - Text ' ' is set on object 'Object Repository/RAD_Pages/AddressAndContactInfo_Page/input_reEnterEMailAddress'

2024-01-14 16:53:55 - [TEST_STEP][PASSED] - if (TaxType.equalsIgnoreCase("Estate Tax")): null

2024-01-14 16:53:55 - [TEST_STEP][PASSED] - resText = "Fail": null

2024-01-14 16:53:55 - [TEST_STEP][PASSED] - pages.WriteExcel.demoKey(resText, datText, resColumn, datCloumn, fileLoc, nameSheet, row): pages.WriteExcel.demoKey is PASSED

2024-01-14 16:53:55 - [MESSAGE][PASSED] - pages.WriteExcel.demoKey is PASSED

2024-01-14 16:53:55 - [TEST_STEP][PASSED] - verifyTextPresent("Enter business name", true, CONTINUE_ON_FAILURE): Text 'Enter business name' is present on page  using regular expression

2024-01-14 16:53:55 - [MESSAGE][PASSED] - Text 'Enter business name' is present on page  using regular expression

2024-01-14 16:53:55 - [TEST_STEP][PASSED] - verifyTextPresent("Enter business rep first name", true, CONTINUE_ON_FAILURE): Text 'Enter business rep first name' is present on page  using regular expression

2024-01-14 16:53:56 - [MESSAGE][PASSED] - Text 'Enter business rep first name' is present on page  using regular expression

2024-01-14 16:53:56 - [TEST_STEP][PASSED] - verifyTextPresent("Enter business rep last name", true, CONTINUE_ON_FAILURE): Text 'Enter business rep last name' is present on page  using regular expression

2024-01-14 16:53:56 - [MESSAGE][PASSED] - Text 'Enter business rep last name' is present on page  using regular expression

2024-01-14 16:53:56 - [TEST_STEP][PASSED] - verifyTextPresent("Enter address", true, CONTINUE_ON_FAILURE): Text 'Enter address' is present on page  using regular expression

2024-01-14 16:53:56 - [MESSAGE][PASSED] - Text 'Enter address' is present on page  using regular expression

2024-01-14 16:53:56 - [TEST_STEP][PASSED] - verifyTextPresent("Enter city", true, CONTINUE_ON_FAILURE): Text 'Enter city' is present on page  using regular expression

2024-01-14 16:53:57 - [MESSAGE][PASSED] - Text 'Enter city' is present on page  using regular expression

2024-01-14 16:53:57 - [TEST_STEP][PASSED] - verifyTextPresent("Enter ZIP code", true, CONTINUE_ON_FAILURE): Text 'Enter ZIP code' is present on page  using regular expression

2024-01-14 16:53:57 - [MESSAGE][PASSED] - Text 'Enter ZIP code' is present on page  using regular expression

2024-01-14 16:53:57 - [TEST_STEP][PASSED] - verifyTextPresent("Enter a valid phone number", true, CONTINUE_ON_FAILURE): Text 'Enter a valid phone number' is present on page  using regular expression

2024-01-14 16:53:57 - [MESSAGE][PASSED] - Text 'Enter a valid phone number' is present on page  using regular expression

2024-01-14 16:53:57 - [TEST_STEP][PASSED] - verifyTextPresent("Enter Email", true, CONTINUE_ON_FAILURE): Text 'Enter Email' is present on page  using regular expression

2024-01-14 16:53:58 - [MESSAGE][PASSED] - Text 'Enter Email' is present on page  using regular expression

2024-01-14 16:53:58 - [TEST_STEP][PASSED] - if (TaxType.equalsIgnoreCase("Estate Tax")): null

2024-01-14 16:53:58 - [TEST_STEP][PASSED] - resText = "Pass": null

2024-01-14 16:53:58 - [TEST_STEP][PASSED] - pages.WriteExcel.demoKey(resText, datText, resColumn, datCloumn, fileLoc, nameSheet, row): pages.WriteExcel.demoKey is PASSED

2024-01-14 16:53:58 - [MESSAGE][PASSED] - pages.WriteExcel.demoKey is PASSED

2024-01-14 16:53:58 - [TEST_STEP][PASSED] - ExecuteTC = findTestData(dataFile).getValue("Execute", row): null

2024-01-14 16:53:58 - [TEST_STEP][PASSED] - TaxType = findTestData(dataFile).getValue("TaxType", row): null

2024-01-14 16:53:58 - [TEST_STEP][PASSED] - PaymentType = findTestData(dataFile).getValue("PaymentType", row): null

2024-01-14 16:53:58 - [TEST_STEP][PASSED] - FilingYear = findTestData(dataFile).getValue("Year", row): null

2024-01-14 16:53:58 - [TEST_STEP][PASSED] - feinSSN = findTestData(dataFile).getValue("FeinSsn", row): null

2024-01-14 16:53:58 - [TEST_STEP][PASSED] - if (ExecuteTC.equalsIgnoreCase("Y")): pages.WriteExcel.demoKey is PASSED

2024-01-14 16:53:58 - [TEST_STEP][PASSED] - out.println("Begin Record Number: " + row): null

2024-01-14 16:53:58 - [TEST_STEP][PASSED] - today = new java.util.Date(): null

2024-01-14 16:53:58 - [TEST_STEP][PASSED] - println(today): null

2024-01-14 16:53:58 - [TEST_STEP][PASSED] - datText = today: null

2024-01-14 16:53:58 - [TEST_STEP][PASSED] - logInfo("Payment Type: New Tax Return Amount Due"): Payment Type: New Tax Return Amount Due

2024-01-14 16:53:58 - [MESSAGE][INFO] - Payment Type: New Tax Return Amount Due

2024-01-14 16:53:58 - [TEST_STEP][PASSED] - logInfo("Tax Type: " + TaxType): Tax Type: Corporate Income Tax

2024-01-14 16:53:58 - [MESSAGE][INFO] - Tax Type: Corporate Income Tax

2024-01-14 16:53:58 - [TEST_STEP][PASSED] - openBrowser(""): Browser is opened with url: ''

2024-01-14 16:53:58 - [MESSAGE][WARNING] - A browser is already opened. Closing browser and opening a new one

2024-01-14 16:53:59 - [MESSAGE][INFO] - Starting 'Chrome' driver

2024-01-14 16:53:59 - [MESSAGE][INFO] - User set preference: ['acceptInsecureCerts', 'true']

2024-01-14 16:53:59 - [MESSAGE][INFO] - Action delay is set to 0 milliseconds

2024-01-14 16:54:01 - [MESSAGE][PASSED] - Browser is opened with url: ''

2024-01-14 16:54:01 - [TEST_STEP][PASSED] - maximizeWindow(): Current window maximized

2024-01-14 16:54:01 - [MESSAGE][PASSED] - Current window maximized

2024-01-14 16:54:01 - [TEST_STEP][PASSED] - navigateToUrl(RADurl): Navigate to 'https://qa2.velocitypayment.com/client/rad/index.html' successfully

2024-01-14 16:54:01 - [MESSAGE][PASSED] - Navigate to 'https://qa2.velocitypayment.com/client/rad/index.html' successfully

2024-01-14 16:54:01 - [TEST_STEP][PASSED] - selectOptionByLabel(findTestObject(orPath_Landing + "/dd_TaxType"), "New Tax Return Amount Due", false): All options with label 'New Tax Return Amount Due' are selected in object 'Object Repository/RAD_Pages/Landing_Page/dd_TaxType' 

2024-01-14 16:54:03 - [MESSAGE][PASSED] - All options with label 'New Tax Return Amount Due' are selected in object 'Object Repository/RAD_Pages/Landing_Page/dd_TaxType' 

2024-01-14 16:54:03 - [TEST_STEP][PASSED] - selectOptionByLabel(findTestObject("Object Repository/RAD_Pages/Landing_Page/select_NewTaxReturnAmountDue_TaxType"), TaxType, false): All options with label 'Corporate Income Tax' are selected in object 'Object Repository/RAD_Pages/Landing_Page/select_NewTaxReturnAmountDue_TaxType' 

2024-01-14 16:54:04 - [MESSAGE][PASSED] - All options with label 'Corporate Income Tax' are selected in object 'Object Repository/RAD_Pages/Landing_Page/select_NewTaxReturnAmountDue_TaxType' 

2024-01-14 16:54:04 - [TEST_STEP][PASSED] - selectOptionByLabel(findTestObject(orPath_TaxTypeFilingYear + "/select_FilingYear"), FilingYear, false): All options with label '2021' are selected in object 'Object Repository/RAD_Pages/TaxTypeFilingYear_Page/select_FilingYear' 

2024-01-14 16:54:04 - [MESSAGE][PASSED] - All options with label '2021' are selected in object 'Object Repository/RAD_Pages/TaxTypeFilingYear_Page/select_FilingYear' 

2024-01-14 16:54:04 - [TEST_STEP][PASSED] - setText(findTestObject(orPath_TaxPayer + "/input_businessName"), " "): Text ' ' is set on object 'Object Repository/RAD_Pages/Taxpayer_Page/input_businessName'

2024-01-14 16:54:05 - [MESSAGE][PASSED] - Text ' ' is set on object 'Object Repository/RAD_Pages/Taxpayer_Page/input_businessName'

2024-01-14 16:54:05 - [TEST_STEP][PASSED] - setText(findTestObject(orPath_TaxPayer + "/input_BusinessRepfirstName"), " "): Text ' ' is set on object 'Object Repository/RAD_Pages/Taxpayer_Page/input_BusinessRepfirstName'

2024-01-14 16:54:06 - [MESSAGE][PASSED] - Text ' ' is set on object 'Object Repository/RAD_Pages/Taxpayer_Page/input_BusinessRepfirstName'

2024-01-14 16:54:06 - [TEST_STEP][PASSED] - setText(findTestObject(orPath_TaxPayer + "/input_BusinessReplastName"), " "): Text ' ' is set on object 'Object Repository/RAD_Pages/Taxpayer_Page/input_BusinessReplastName'

2024-01-14 16:54:06 - [MESSAGE][PASSED] - Text ' ' is set on object 'Object Repository/RAD_Pages/Taxpayer_Page/input_BusinessReplastName'

2024-01-14 16:54:06 - [TEST_STEP][PASSED] - setText(findTestObject(orPath_AddressContact + "/input_streetAddress1"), " "): Text ' ' is set on object 'Object Repository/RAD_Pages/AddressAndContactInfo_Page/input_streetAddress1'

2024-01-14 16:54:07 - [MESSAGE][PASSED] - Text ' ' is set on object 'Object Repository/RAD_Pages/AddressAndContactInfo_Page/input_streetAddress1'

2024-01-14 16:54:07 - [TEST_STEP][PASSED] - setText(findTestObject(orPath_AddressContact + "/input_city"), " "): Text ' ' is set on object 'Object Repository/RAD_Pages/AddressAndContactInfo_Page/input_city'

2024-01-14 16:54:08 - [MESSAGE][PASSED] - Text ' ' is set on object 'Object Repository/RAD_Pages/AddressAndContactInfo_Page/input_city'

2024-01-14 16:54:08 - [TEST_STEP][PASSED] - setText(findTestObject(orPath_AddressContact + "/input_zipCode"), " "): Text ' ' is set on object 'Object Repository/RAD_Pages/AddressAndContactInfo_Page/input_zipCode'

2024-01-14 16:54:09 - [MESSAGE][PASSED] - Text ' ' is set on object 'Object Repository/RAD_Pages/AddressAndContactInfo_Page/input_zipCode'

2024-01-14 16:54:09 - [TEST_STEP][PASSED] - setText(findTestObject(orPath_AddressContact + "/input_phoneNumber"), " "): Text ' ' is set on object 'Object Repository/RAD_Pages/AddressAndContactInfo_Page/input_phoneNumber'

2024-01-14 16:54:09 - [MESSAGE][PASSED] - Text ' ' is set on object 'Object Repository/RAD_Pages/AddressAndContactInfo_Page/input_phoneNumber'

2024-01-14 16:54:09 - [TEST_STEP][PASSED] - setText(findTestObject(orPath_AddressContact + "/input_eMailAddress"), " "): Text ' ' is set on object 'Object Repository/RAD_Pages/AddressAndContactInfo_Page/input_eMailAddress'

2024-01-14 16:54:10 - [MESSAGE][PASSED] - Text ' ' is set on object 'Object Repository/RAD_Pages/AddressAndContactInfo_Page/input_eMailAddress'

2024-01-14 16:54:10 - [TEST_STEP][PASSED] - setText(findTestObject(orPath_AddressContact + "/input_reEnterEMailAddress"), " "): Text ' ' is set on object 'Object Repository/RAD_Pages/AddressAndContactInfo_Page/input_reEnterEMailAddress'

2024-01-14 16:54:11 - [MESSAGE][PASSED] - Text ' ' is set on object 'Object Repository/RAD_Pages/AddressAndContactInfo_Page/input_reEnterEMailAddress'

2024-01-14 16:54:11 - [TEST_STEP][PASSED] - if (TaxType.equalsIgnoreCase("Estate Tax")): null

2024-01-14 16:54:11 - [TEST_STEP][PASSED] - resText = "Fail": null

2024-01-14 16:54:11 - [TEST_STEP][PASSED] - pages.WriteExcel.demoKey(resText, datText, resColumn, datCloumn, fileLoc, nameSheet, row): pages.WriteExcel.demoKey is PASSED

2024-01-14 16:54:11 - [MESSAGE][PASSED] - pages.WriteExcel.demoKey is PASSED

2024-01-14 16:54:11 - [TEST_STEP][PASSED] - verifyTextPresent("Enter business name", true, CONTINUE_ON_FAILURE): Text 'Enter business name' is present on page  using regular expression

2024-01-14 16:54:12 - [MESSAGE][PASSED] - Text 'Enter business name' is present on page  using regular expression

2024-01-14 16:54:12 - [TEST_STEP][PASSED] - verifyTextPresent("Enter business rep first name", true, CONTINUE_ON_FAILURE): Text 'Enter business rep first name' is present on page  using regular expression

2024-01-14 16:54:12 - [MESSAGE][PASSED] - Text 'Enter business rep first name' is present on page  using regular expression

2024-01-14 16:54:12 - [TEST_STEP][PASSED] - verifyTextPresent("Enter business rep last name", true, CONTINUE_ON_FAILURE): Text 'Enter business rep last name' is present on page  using regular expression

2024-01-14 16:54:12 - [MESSAGE][PASSED] - Text 'Enter business rep last name' is present on page  using regular expression

2024-01-14 16:54:12 - [TEST_STEP][PASSED] - verifyTextPresent("Enter address", true, CONTINUE_ON_FAILURE): Text 'Enter address' is present on page  using regular expression

2024-01-14 16:54:13 - [MESSAGE][PASSED] - Text 'Enter address' is present on page  using regular expression

2024-01-14 16:54:13 - [TEST_STEP][PASSED] - verifyTextPresent("Enter city", true, CONTINUE_ON_FAILURE): Text 'Enter city' is present on page  using regular expression

2024-01-14 16:54:13 - [MESSAGE][PASSED] - Text 'Enter city' is present on page  using regular expression

2024-01-14 16:54:13 - [TEST_STEP][PASSED] - verifyTextPresent("Enter ZIP code", true, CONTINUE_ON_FAILURE): Text 'Enter ZIP code' is present on page  using regular expression

2024-01-14 16:54:13 - [MESSAGE][PASSED] - Text 'Enter ZIP code' is present on page  using regular expression

2024-01-14 16:54:13 - [TEST_STEP][PASSED] - verifyTextPresent("Enter a valid phone number", true, CONTINUE_ON_FAILURE): Text 'Enter a valid phone number' is present on page  using regular expression

2024-01-14 16:54:14 - [MESSAGE][PASSED] - Text 'Enter a valid phone number' is present on page  using regular expression

2024-01-14 16:54:14 - [TEST_STEP][PASSED] - verifyTextPresent("Enter Email", true, CONTINUE_ON_FAILURE): Text 'Enter Email' is present on page  using regular expression

2024-01-14 16:54:14 - [MESSAGE][PASSED] - Text 'Enter Email' is present on page  using regular expression

2024-01-14 16:54:14 - [TEST_STEP][PASSED] - if (TaxType.equalsIgnoreCase("Estate Tax")): null

2024-01-14 16:54:14 - [TEST_STEP][PASSED] - resText = "Pass": null

2024-01-14 16:54:14 - [TEST_STEP][PASSED] - pages.WriteExcel.demoKey(resText, datText, resColumn, datCloumn, fileLoc, nameSheet, row): pages.WriteExcel.demoKey is PASSED

2024-01-14 16:54:14 - [MESSAGE][PASSED] - pages.WriteExcel.demoKey is PASSED

2024-01-14 16:54:14 - [TEST_STEP][PASSED] - ExecuteTC = findTestData(dataFile).getValue("Execute", row): null

2024-01-14 16:54:14 - [TEST_STEP][PASSED] - TaxType = findTestData(dataFile).getValue("TaxType", row): null

2024-01-14 16:54:14 - [TEST_STEP][PASSED] - PaymentType = findTestData(dataFile).getValue("PaymentType", row): null

2024-01-14 16:54:14 - [TEST_STEP][PASSED] - FilingYear = findTestData(dataFile).getValue("Year", row): null

2024-01-14 16:54:14 - [TEST_STEP][PASSED] - feinSSN = findTestData(dataFile).getValue("FeinSsn", row): null

2024-01-14 16:54:14 - [TEST_STEP][FAILED] - if (ExecuteTC.equalsIgnoreCase("Y")): null

2024-01-14 16:54:14 - [TEST_STEP][PASSED] - out.println("Begin Record Number: " + row): null

2024-01-14 16:54:14 - [TEST_STEP][PASSED] - today = new java.util.Date(): null

2024-01-14 16:54:14 - [TEST_STEP][PASSED] - println(today): null

2024-01-14 16:54:14 - [TEST_STEP][PASSED] - datText = today: null

2024-01-14 16:54:14 - [TEST_STEP][PASSED] - logInfo("Payment Type: New Tax Return Amount Due"): Payment Type: New Tax Return Amount Due

2024-01-14 16:54:14 - [MESSAGE][INFO] - Payment Type: New Tax Return Amount Due

2024-01-14 16:54:14 - [TEST_STEP][PASSED] - logInfo("Tax Type: " + TaxType): Tax Type: Estate Tax

2024-01-14 16:54:14 - [MESSAGE][INFO] - Tax Type: Estate Tax

2024-01-14 16:54:14 - [TEST_STEP][PASSED] - openBrowser(""): Browser is opened with url: ''

2024-01-14 16:54:14 - [MESSAGE][WARNING] - A browser is already opened. Closing browser and opening a new one

2024-01-14 16:54:15 - [MESSAGE][INFO] - Starting 'Chrome' driver

2024-01-14 16:54:15 - [MESSAGE][INFO] - User set preference: ['acceptInsecureCerts', 'true']

2024-01-14 16:54:15 - [MESSAGE][INFO] - Action delay is set to 0 milliseconds

2024-01-14 16:54:17 - [MESSAGE][PASSED] - Browser is opened with url: ''

2024-01-14 16:54:17 - [TEST_STEP][PASSED] - maximizeWindow(): Current window maximized

2024-01-14 16:54:17 - [MESSAGE][PASSED] - Current window maximized

2024-01-14 16:54:17 - [TEST_STEP][PASSED] - navigateToUrl(RADurl): Navigate to 'https://qa2.velocitypayment.com/client/rad/index.html' successfully

2024-01-14 16:54:19 - [MESSAGE][PASSED] - Navigate to 'https://qa2.velocitypayment.com/client/rad/index.html' successfully

2024-01-14 16:54:19 - [TEST_STEP][PASSED] - selectOptionByLabel(findTestObject(orPath_Landing + "/dd_TaxType"), "New Tax Return Amount Due", false): All options with label 'New Tax Return Amount Due' are selected in object 'Object Repository/RAD_Pages/Landing_Page/dd_TaxType' 

2024-01-14 16:54:19 - [MESSAGE][PASSED] - All options with label 'New Tax Return Amount Due' are selected in object 'Object Repository/RAD_Pages/Landing_Page/dd_TaxType' 

2024-01-14 16:54:19 - [TEST_STEP][PASSED] - selectOptionByLabel(findTestObject("Object Repository/RAD_Pages/Landing_Page/select_NewTaxReturnAmountDue_TaxType"), TaxType, false): All options with label 'Estate Tax' are selected in object 'Object Repository/RAD_Pages/Landing_Page/select_NewTaxReturnAmountDue_TaxType' 

2024-01-14 16:54:20 - [MESSAGE][PASSED] - All options with label 'Estate Tax' are selected in object 'Object Repository/RAD_Pages/Landing_Page/select_NewTaxReturnAmountDue_TaxType' 

2024-01-14 16:54:20 - [TEST_STEP][PASSED] - selectOptionByLabel(findTestObject(orPath_TaxTypeFilingYear + "/select_FilingYear"), FilingYear, false): All options with label '2021' are selected in object 'Object Repository/RAD_Pages/TaxTypeFilingYear_Page/select_FilingYear' 

2024-01-14 16:54:21 - [MESSAGE][PASSED] - All options with label '2021' are selected in object 'Object Repository/RAD_Pages/TaxTypeFilingYear_Page/select_FilingYear' 

2024-01-14 16:54:21 - [TEST_STEP][PASSED] - setText(findTestObject(orPath_TaxPayer + "/input_businessName"), " "): Text ' ' is set on object 'Object Repository/RAD_Pages/Taxpayer_Page/input_businessName'

2024-01-14 16:54:22 - [MESSAGE][PASSED] - Text ' ' is set on object 'Object Repository/RAD_Pages/Taxpayer_Page/input_businessName'

2024-01-14 16:54:22 - [TEST_STEP][PASSED] - setText(findTestObject(orPath_TaxPayer + "/input_BusinessRepfirstName"), " "): Text ' ' is set on object 'Object Repository/RAD_Pages/Taxpayer_Page/input_BusinessRepfirstName'

2024-01-14 16:54:22 - [MESSAGE][PASSED] - Text ' ' is set on object 'Object Repository/RAD_Pages/Taxpayer_Page/input_BusinessRepfirstName'

2024-01-14 16:54:22 - [TEST_STEP][PASSED] - setText(findTestObject(orPath_TaxPayer + "/input_BusinessReplastName"), " "): Text ' ' is set on object 'Object Repository/RAD_Pages/Taxpayer_Page/input_BusinessReplastName'

2024-01-14 16:54:23 - [MESSAGE][PASSED] - Text ' ' is set on object 'Object Repository/RAD_Pages/Taxpayer_Page/input_BusinessReplastName'

2024-01-14 16:54:23 - [TEST_STEP][PASSED] - setText(findTestObject(orPath_AddressContact + "/input_streetAddress1"), " "): Text ' ' is set on object 'Object Repository/RAD_Pages/AddressAndContactInfo_Page/input_streetAddress1'

2024-01-14 16:54:24 - [MESSAGE][PASSED] - Text ' ' is set on object 'Object Repository/RAD_Pages/AddressAndContactInfo_Page/input_streetAddress1'

2024-01-14 16:54:24 - [TEST_STEP][PASSED] - setText(findTestObject(orPath_AddressContact + "/input_city"), " "): Text ' ' is set on object 'Object Repository/RAD_Pages/AddressAndContactInfo_Page/input_city'

2024-01-14 16:54:24 - [MESSAGE][PASSED] - Text ' ' is set on object 'Object Repository/RAD_Pages/AddressAndContactInfo_Page/input_city'

2024-01-14 16:54:24 - [TEST_STEP][PASSED] - setText(findTestObject(orPath_AddressContact + "/input_zipCode"), " "): Text ' ' is set on object 'Object Repository/RAD_Pages/AddressAndContactInfo_Page/input_zipCode'

2024-01-14 16:54:25 - [MESSAGE][PASSED] - Text ' ' is set on object 'Object Repository/RAD_Pages/AddressAndContactInfo_Page/input_zipCode'

2024-01-14 16:54:25 - [TEST_STEP][PASSED] - setText(findTestObject(orPath_AddressContact + "/input_phoneNumber"), " "): Text ' ' is set on object 'Object Repository/RAD_Pages/AddressAndContactInfo_Page/input_phoneNumber'

2024-01-14 16:54:26 - [MESSAGE][PASSED] - Text ' ' is set on object 'Object Repository/RAD_Pages/AddressAndContactInfo_Page/input_phoneNumber'

2024-01-14 16:54:26 - [TEST_STEP][PASSED] - setText(findTestObject(orPath_AddressContact + "/input_eMailAddress"), " "): Text ' ' is set on object 'Object Repository/RAD_Pages/AddressAndContactInfo_Page/input_eMailAddress'

2024-01-14 16:54:27 - [MESSAGE][PASSED] - Text ' ' is set on object 'Object Repository/RAD_Pages/AddressAndContactInfo_Page/input_eMailAddress'

2024-01-14 16:54:27 - [TEST_STEP][PASSED] - setText(findTestObject(orPath_AddressContact + "/input_reEnterEMailAddress"), " "): Text ' ' is set on object 'Object Repository/RAD_Pages/AddressAndContactInfo_Page/input_reEnterEMailAddress'

2024-01-14 16:54:28 - [MESSAGE][PASSED] - Text ' ' is set on object 'Object Repository/RAD_Pages/AddressAndContactInfo_Page/input_reEnterEMailAddress'

2024-01-14 16:54:28 - [TEST_STEP][PASSED] - if (TaxType.equalsIgnoreCase("Estate Tax")): Text ' ' is set on object 'Object Repository/RAD_Pages/TaxInfo_Page/input_ReTypeDecedentSSN'

2024-01-14 16:54:28 - [TEST_STEP][PASSED] - setText(findTestObject(orPath_TaxInfo + "/input_DecedentSSN"), " "): Text ' ' is set on object 'Object Repository/RAD_Pages/TaxInfo_Page/input_DecedentSSN'

2024-01-14 16:54:28 - [MESSAGE][PASSED] - Text ' ' is set on object 'Object Repository/RAD_Pages/TaxInfo_Page/input_DecedentSSN'

2024-01-14 16:54:28 - [TEST_STEP][PASSED] - setText(findTestObject(orPath_TaxInfo + "/input_ReTypeDecedentSSN"), " "): Text ' ' is set on object 'Object Repository/RAD_Pages/TaxInfo_Page/input_ReTypeDecedentSSN'

2024-01-14 16:54:29 - [MESSAGE][PASSED] - Text ' ' is set on object 'Object Repository/RAD_Pages/TaxInfo_Page/input_ReTypeDecedentSSN'

2024-01-14 16:54:29 - [TEST_STEP][PASSED] - resText = "Fail": null

2024-01-14 16:54:29 - [TEST_STEP][PASSED] - pages.WriteExcel.demoKey(resText, datText, resColumn, datCloumn, fileLoc, nameSheet, row): pages.WriteExcel.demoKey is PASSED

2024-01-14 16:54:29 - [MESSAGE][PASSED] - pages.WriteExcel.demoKey is PASSED

2024-01-14 16:54:29 - [TEST_STEP][PASSED] - verifyTextPresent("Enter business name", true, CONTINUE_ON_FAILURE): Text 'Enter business name' is present on page  using regular expression

2024-01-14 16:54:30 - [MESSAGE][PASSED] - Text 'Enter business name' is present on page  using regular expression

2024-01-14 16:54:30 - [TEST_STEP][PASSED] - verifyTextPresent("Enter business rep first name", true, CONTINUE_ON_FAILURE): Text 'Enter business rep first name' is present on page  using regular expression

2024-01-14 16:54:30 - [MESSAGE][PASSED] - Text 'Enter business rep first name' is present on page  using regular expression

2024-01-14 16:54:30 - [TEST_STEP][PASSED] - verifyTextPresent("Enter business rep last name", true, CONTINUE_ON_FAILURE): Text 'Enter business rep last name' is present on page  using regular expression

2024-01-14 16:54:30 - [MESSAGE][PASSED] - Text 'Enter business rep last name' is present on page  using regular expression

2024-01-14 16:54:30 - [TEST_STEP][PASSED] - verifyTextPresent("Enter address", true, CONTINUE_ON_FAILURE): Text 'Enter address' is present on page  using regular expression

2024-01-14 16:54:31 - [MESSAGE][PASSED] - Text 'Enter address' is present on page  using regular expression

2024-01-14 16:54:31 - [TEST_STEP][PASSED] - verifyTextPresent("Enter city", true, CONTINUE_ON_FAILURE): Text 'Enter city' is present on page  using regular expression

2024-01-14 16:54:31 - [MESSAGE][PASSED] - Text 'Enter city' is present on page  using regular expression

2024-01-14 16:54:31 - [TEST_STEP][PASSED] - verifyTextPresent("Enter ZIP code", true, CONTINUE_ON_FAILURE): Text 'Enter ZIP code' is present on page  using regular expression

2024-01-14 16:54:31 - [MESSAGE][PASSED] - Text 'Enter ZIP code' is present on page  using regular expression

2024-01-14 16:54:31 - [TEST_STEP][PASSED] - verifyTextPresent("Enter a valid phone number", true, CONTINUE_ON_FAILURE): Text 'Enter a valid phone number' is present on page  using regular expression

2024-01-14 16:54:32 - [MESSAGE][PASSED] - Text 'Enter a valid phone number' is present on page  using regular expression

2024-01-14 16:54:32 - [TEST_STEP][PASSED] - verifyTextPresent("Enter Email", true, CONTINUE_ON_FAILURE): Text 'Enter Email' is present on page  using regular expression

2024-01-14 16:54:32 - [MESSAGE][PASSED] - Text 'Enter Email' is present on page  using regular expression

2024-01-14 16:54:32 - [TEST_STEP][FAILED] - if (TaxType.equalsIgnoreCase("Estate Tax")): Text 'Re-type Decedent SSN Validation Error' is not present on page  using regular expression (Root cause: com.kms.katalon.core.exception.StepFailedException: Text 'Re-type Decedent SSN Validation Error' is not present on page  using regular expression
	at com.kms.katalon.core.webui.keyword.internal.WebUIKeywordMain.stepFailed(WebUIKeywordMain.groovy:64)
	at com.kms.katalon.core.webui.keyword.builtin.VerifyTextPresentKeyword$_verifyTextPresent_closure1.doCall(VerifyTextPresentKeyword.groovy:79)
	at com.kms.katalon.core.webui.keyword.builtin.VerifyTextPresentKeyword$_verifyTextPresent_closure1.call(VerifyTextPresentKeyword.groovy)
	at com.kms.katalon.core.webui.keyword.internal.WebUIKeywordMain.runKeyword(WebUIKeywordMain.groovy:20)
	at com.kms.katalon.core.webui.keyword.builtin.VerifyTextPresentKeyword.verifyTextPresent(VerifyTextPresentKeyword.groovy:83)
	at com.kms.katalon.core.webui.keyword.builtin.VerifyTextPresentKeyword.execute(VerifyTextPresentKeyword.groovy:68)
	at com.kms.katalon.core.keyword.internal.KeywordExecutor.executeKeywordForPlatform(KeywordExecutor.groovy:74)
	at com.kms.katalon.core.webui.keyword.WebUiBuiltInKeywords.verifyTextPresent(WebUiBuiltInKeywords.groovy:1707)
	at com.kms.katalon.core.webui.keyword.WebUiBuiltInKeywords$verifyTextPresent$10.call(Unknown Source)
	at NewTaxReturn_MRF_TC.run(NewTaxReturn_MRF_TC:143)
	at com.kms.katalon.core.main.ScriptEngine.run(ScriptEngine.java:194)
	at com.kms.katalon.core.main.ScriptEngine.runScriptAsRawText(ScriptEngine.java:119)
	at com.kms.katalon.core.main.TestCaseExecutor.runScript(TestCaseExecutor.java:448)
	at com.kms.katalon.core.main.TestCaseExecutor.doExecute(TestCaseExecutor.java:439)
	at com.kms.katalon.core.main.TestCaseExecutor.processExecutionPhase(TestCaseExecutor.java:418)
	at com.kms.katalon.core.main.TestCaseExecutor.accessMainPhase(TestCaseExecutor.java:410)
	at com.kms.katalon.core.main.TestCaseExecutor.execute(TestCaseExecutor.java:285)
	at com.kms.katalon.core.common.CommonExecutor.accessTestCaseMainPhase(CommonExecutor.java:65)
	at com.kms.katalon.core.main.TestSuiteExecutor.accessTestSuiteMainPhase(TestSuiteExecutor.java:148)
	at com.kms.katalon.core.main.TestSuiteExecutor.execute(TestSuiteExecutor.java:106)
	at com.kms.katalon.core.main.TestCaseMain.startTestSuite(TestCaseMain.java:187)
	at com.kms.katalon.core.main.TestCaseMain$startTestSuite$0.call(Unknown Source)
	at TempTestSuite1705265880633.run(TempTestSuite1705265880633.groovy:36)
)

2024-01-14 16:54:32 - [TEST_STEP][PASSED] - verifyTextPresent("Please enter a valid Decedent SSN with 9 digits", true, CONTINUE_ON_FAILURE): Text 'Please enter a valid Decedent SSN with 9 digits' is present on page  using regular expression

2024-01-14 16:54:33 - [MESSAGE][PASSED] - Text 'Please enter a valid Decedent SSN with 9 digits' is present on page  using regular expression

2024-01-14 16:54:33 - [TEST_STEP][FAILED] - verifyTextPresent("Re-type Decedent SSN Validation Error", true, CONTINUE_ON_FAILURE): Text 'Re-type Decedent SSN Validation Error' is not present on page  using regular expression (Root cause: com.kms.katalon.core.exception.StepFailedException: Text 'Re-type Decedent SSN Validation Error' is not present on page  using regular expression
	at com.kms.katalon.core.webui.keyword.internal.WebUIKeywordMain.stepFailed(WebUIKeywordMain.groovy:64)
	at com.kms.katalon.core.webui.keyword.builtin.VerifyTextPresentKeyword$_verifyTextPresent_closure1.doCall(VerifyTextPresentKeyword.groovy:79)
	at com.kms.katalon.core.webui.keyword.builtin.VerifyTextPresentKeyword$_verifyTextPresent_closure1.call(VerifyTextPresentKeyword.groovy)
	at com.kms.katalon.core.webui.keyword.internal.WebUIKeywordMain.runKeyword(WebUIKeywordMain.groovy:20)
	at com.kms.katalon.core.webui.keyword.builtin.VerifyTextPresentKeyword.verifyTextPresent(VerifyTextPresentKeyword.groovy:83)
	at com.kms.katalon.core.webui.keyword.builtin.VerifyTextPresentKeyword.execute(VerifyTextPresentKeyword.groovy:68)
	at com.kms.katalon.core.keyword.internal.KeywordExecutor.executeKeywordForPlatform(KeywordExecutor.groovy:74)
	at com.kms.katalon.core.webui.keyword.WebUiBuiltInKeywords.verifyTextPresent(WebUiBuiltInKeywords.groovy:1707)
	at com.kms.katalon.core.webui.keyword.WebUiBuiltInKeywords$verifyTextPresent$10.call(Unknown Source)
	at NewTaxReturn_MRF_TC.run(NewTaxReturn_MRF_TC:143)
	at com.kms.katalon.core.main.ScriptEngine.run(ScriptEngine.java:194)
	at com.kms.katalon.core.main.ScriptEngine.runScriptAsRawText(ScriptEngine.java:119)
	at com.kms.katalon.core.main.TestCaseExecutor.runScript(TestCaseExecutor.java:448)
	at com.kms.katalon.core.main.TestCaseExecutor.doExecute(TestCaseExecutor.java:439)
	at com.kms.katalon.core.main.TestCaseExecutor.processExecutionPhase(TestCaseExecutor.java:418)
	at com.kms.katalon.core.main.TestCaseExecutor.accessMainPhase(TestCaseExecutor.java:410)
	at com.kms.katalon.core.main.TestCaseExecutor.execute(TestCaseExecutor.java:285)
	at com.kms.katalon.core.common.CommonExecutor.accessTestCaseMainPhase(CommonExecutor.java:65)
	at com.kms.katalon.core.main.TestSuiteExecutor.accessTestSuiteMainPhase(TestSuiteExecutor.java:148)
	at com.kms.katalon.core.main.TestSuiteExecutor.execute(TestSuiteExecutor.java:106)
	at com.kms.katalon.core.main.TestCaseMain.startTestSuite(TestCaseMain.java:187)
	at com.kms.katalon.core.main.TestCaseMain$startTestSuite$0.call(Unknown Source)
	at TempTestSuite1705265880633.run(TempTestSuite1705265880633.groovy:36)
)

2024-01-14 16:54:33 - [MESSAGE][FAILED] - Text 'Re-type Decedent SSN Validation Error' is not present on page  using regular expression (Root cause: com.kms.katalon.core.exception.StepFailedException: Text 'Re-type Decedent SSN Validation Error' is not present on page  using regular expression
	at com.kms.katalon.core.webui.keyword.internal.WebUIKeywordMain.stepFailed(WebUIKeywordMain.groovy:64)
	at com.kms.katalon.core.webui.keyword.builtin.VerifyTextPresentKeyword$_verifyTextPresent_closure1.doCall(VerifyTextPresentKeyword.groovy:79)
	at com.kms.katalon.core.webui.keyword.builtin.VerifyTextPresentKeyword$_verifyTextPresent_closure1.call(VerifyTextPresentKeyword.groovy)
	at com.kms.katalon.core.webui.keyword.internal.WebUIKeywordMain.runKeyword(WebUIKeywordMain.groovy:20)
	at com.kms.katalon.core.webui.keyword.builtin.VerifyTextPresentKeyword.verifyTextPresent(VerifyTextPresentKeyword.groovy:83)
	at com.kms.katalon.core.webui.keyword.builtin.VerifyTextPresentKeyword.execute(VerifyTextPresentKeyword.groovy:68)
	at com.kms.katalon.core.keyword.internal.KeywordExecutor.executeKeywordForPlatform(KeywordExecutor.groovy:74)
	at com.kms.katalon.core.webui.keyword.WebUiBuiltInKeywords.verifyTextPresent(WebUiBuiltInKeywords.groovy:1707)
	at com.kms.katalon.core.webui.keyword.WebUiBuiltInKeywords$verifyTextPresent$10.call(Unknown Source)
	at NewTaxReturn_MRF_TC.run(NewTaxReturn_MRF_TC:143)
	at com.kms.katalon.core.main.ScriptEngine.run(ScriptEngine.java:194)
	at com.kms.katalon.core.main.ScriptEngine.runScriptAsRawText(ScriptEngine.java:119)
	at com.kms.katalon.core.main.TestCaseExecutor.runScript(TestCaseExecutor.java:448)
	at com.kms.katalon.core.main.TestCaseExecutor.doExecute(TestCaseExecutor.java:439)
	at com.kms.katalon.core.main.TestCaseExecutor.processExecutionPhase(TestCaseExecutor.java:418)
	at com.kms.katalon.core.main.TestCaseExecutor.accessMainPhase(TestCaseExecutor.java:410)
	at com.kms.katalon.core.main.TestCaseExecutor.execute(TestCaseExecutor.java:285)
	at com.kms.katalon.core.common.CommonExecutor.accessTestCaseMainPhase(CommonExecutor.java:65)
	at com.kms.katalon.core.main.TestSuiteExecutor.accessTestSuiteMainPhase(TestSuiteExecutor.java:148)
	at com.kms.katalon.core.main.TestSuiteExecutor.execute(TestSuiteExecutor.java:106)
	at com.kms.katalon.core.main.TestCaseMain.startTestSuite(TestCaseMain.java:187)
	at com.kms.katalon.core.main.TestCaseMain$startTestSuite$0.call(Unknown Source)
	at TempTestSuite1705265880633.run(TempTestSuite1705265880633.groovy:36)
)

2024-01-14 16:54:33 - [TEST_STEP][PASSED] - resText = "Pass": null

2024-01-14 16:54:33 - [TEST_STEP][PASSED] - pages.WriteExcel.demoKey(resText, datText, resColumn, datCloumn, fileLoc, nameSheet, row): pages.WriteExcel.demoKey is PASSED

2024-01-14 16:54:33 - [MESSAGE][PASSED] - pages.WriteExcel.demoKey is PASSED

2024-01-14 16:54:33 - [TEST_STEP][PASSED] - ExecuteTC = findTestData(dataFile).getValue("Execute", row): null

2024-01-14 16:54:33 - [TEST_STEP][PASSED] - TaxType = findTestData(dataFile).getValue("TaxType", row): null

2024-01-14 16:54:33 - [TEST_STEP][PASSED] - PaymentType = findTestData(dataFile).getValue("PaymentType", row): null

2024-01-14 16:54:33 - [TEST_STEP][PASSED] - FilingYear = findTestData(dataFile).getValue("Year", row): null

2024-01-14 16:54:33 - [TEST_STEP][PASSED] - feinSSN = findTestData(dataFile).getValue("FeinSsn", row): null

2024-01-14 16:54:33 - [TEST_STEP][PASSED] - if (ExecuteTC.equalsIgnoreCase("Y")): pages.WriteExcel.demoKey is PASSED

2024-01-14 16:54:33 - [TEST_STEP][PASSED] - out.println("Begin Record Number: " + row): null

2024-01-14 16:54:33 - [TEST_STEP][PASSED] - today = new java.util.Date(): null

2024-01-14 16:54:33 - [TEST_STEP][PASSED] - println(today): null

2024-01-14 16:54:33 - [TEST_STEP][PASSED] - datText = today: null

2024-01-14 16:54:33 - [TEST_STEP][PASSED] - logInfo("Payment Type: New Tax Return Amount Due"): Payment Type: New Tax Return Amount Due

2024-01-14 16:54:33 - [MESSAGE][INFO] - Payment Type: New Tax Return Amount Due

2024-01-14 16:54:33 - [TEST_STEP][PASSED] - logInfo("Tax Type: " + TaxType): Tax Type: Motor Fuel Tax

2024-01-14 16:54:33 - [MESSAGE][INFO] - Tax Type: Motor Fuel Tax

2024-01-14 16:54:33 - [TEST_STEP][PASSED] - openBrowser(""): Browser is opened with url: ''

2024-01-14 16:54:33 - [MESSAGE][WARNING] - A browser is already opened. Closing browser and opening a new one

2024-01-14 16:54:34 - [MESSAGE][INFO] - Starting 'Chrome' driver

2024-01-14 16:54:34 - [MESSAGE][INFO] - User set preference: ['acceptInsecureCerts', 'true']

2024-01-14 16:54:34 - [MESSAGE][INFO] - Action delay is set to 0 milliseconds

2024-01-14 16:54:36 - [MESSAGE][PASSED] - Browser is opened with url: ''

2024-01-14 16:54:36 - [TEST_STEP][PASSED] - maximizeWindow(): Current window maximized

2024-01-14 16:54:36 - [MESSAGE][PASSED] - Current window maximized

2024-01-14 16:54:36 - [TEST_STEP][PASSED] - navigateToUrl(RADurl): Navigate to 'https://qa2.velocitypayment.com/client/rad/index.html' successfully

2024-01-14 16:54:36 - [MESSAGE][PASSED] - Navigate to 'https://qa2.velocitypayment.com/client/rad/index.html' successfully

2024-01-14 16:54:36 - [TEST_STEP][PASSED] - selectOptionByLabel(findTestObject(orPath_Landing + "/dd_TaxType"), "New Tax Return Amount Due", false): All options with label 'New Tax Return Amount Due' are selected in object 'Object Repository/RAD_Pages/Landing_Page/dd_TaxType' 

2024-01-14 16:54:38 - [MESSAGE][PASSED] - All options with label 'New Tax Return Amount Due' are selected in object 'Object Repository/RAD_Pages/Landing_Page/dd_TaxType' 

2024-01-14 16:54:38 - [TEST_STEP][PASSED] - selectOptionByLabel(findTestObject("Object Repository/RAD_Pages/Landing_Page/select_NewTaxReturnAmountDue_TaxType"), TaxType, false): All options with label 'Motor Fuel Tax' are selected in object 'Object Repository/RAD_Pages/Landing_Page/select_NewTaxReturnAmountDue_TaxType' 

2024-01-14 16:54:39 - [MESSAGE][PASSED] - All options with label 'Motor Fuel Tax' are selected in object 'Object Repository/RAD_Pages/Landing_Page/select_NewTaxReturnAmountDue_TaxType' 

2024-01-14 16:54:39 - [TEST_STEP][PASSED] - selectOptionByLabel(findTestObject(orPath_TaxTypeFilingYear + "/select_FilingYear"), FilingYear, false): All options with label '2021' are selected in object 'Object Repository/RAD_Pages/TaxTypeFilingYear_Page/select_FilingYear' 

2024-01-14 16:54:40 - [MESSAGE][PASSED] - All options with label '2021' are selected in object 'Object Repository/RAD_Pages/TaxTypeFilingYear_Page/select_FilingYear' 

2024-01-14 16:54:40 - [TEST_STEP][PASSED] - setText(findTestObject(orPath_TaxPayer + "/input_businessName"), " "): Text ' ' is set on object 'Object Repository/RAD_Pages/Taxpayer_Page/input_businessName'

2024-01-14 16:54:40 - [MESSAGE][PASSED] - Text ' ' is set on object 'Object Repository/RAD_Pages/Taxpayer_Page/input_businessName'

2024-01-14 16:54:40 - [TEST_STEP][PASSED] - setText(findTestObject(orPath_TaxPayer + "/input_BusinessRepfirstName"), " "): Text ' ' is set on object 'Object Repository/RAD_Pages/Taxpayer_Page/input_BusinessRepfirstName'

2024-01-14 16:54:41 - [MESSAGE][PASSED] - Text ' ' is set on object 'Object Repository/RAD_Pages/Taxpayer_Page/input_BusinessRepfirstName'

2024-01-14 16:54:41 - [TEST_STEP][PASSED] - setText(findTestObject(orPath_TaxPayer + "/input_BusinessReplastName"), " "): Text ' ' is set on object 'Object Repository/RAD_Pages/Taxpayer_Page/input_BusinessReplastName'

2024-01-14 16:54:42 - [MESSAGE][PASSED] - Text ' ' is set on object 'Object Repository/RAD_Pages/Taxpayer_Page/input_BusinessReplastName'

2024-01-14 16:54:42 - [TEST_STEP][PASSED] - setText(findTestObject(orPath_AddressContact + "/input_streetAddress1"), " "): Text ' ' is set on object 'Object Repository/RAD_Pages/AddressAndContactInfo_Page/input_streetAddress1'

2024-01-14 16:54:42 - [MESSAGE][PASSED] - Text ' ' is set on object 'Object Repository/RAD_Pages/AddressAndContactInfo_Page/input_streetAddress1'

2024-01-14 16:54:42 - [TEST_STEP][PASSED] - setText(findTestObject(orPath_AddressContact + "/input_city"), " "): Text ' ' is set on object 'Object Repository/RAD_Pages/AddressAndContactInfo_Page/input_city'

2024-01-14 16:54:43 - [MESSAGE][PASSED] - Text ' ' is set on object 'Object Repository/RAD_Pages/AddressAndContactInfo_Page/input_city'

2024-01-14 16:54:43 - [TEST_STEP][PASSED] - setText(findTestObject(orPath_AddressContact + "/input_zipCode"), " "): Text ' ' is set on object 'Object Repository/RAD_Pages/AddressAndContactInfo_Page/input_zipCode'

2024-01-14 16:54:44 - [MESSAGE][PASSED] - Text ' ' is set on object 'Object Repository/RAD_Pages/AddressAndContactInfo_Page/input_zipCode'

2024-01-14 16:54:44 - [TEST_STEP][PASSED] - setText(findTestObject(orPath_AddressContact + "/input_phoneNumber"), " "): Text ' ' is set on object 'Object Repository/RAD_Pages/AddressAndContactInfo_Page/input_phoneNumber'

2024-01-14 16:54:45 - [MESSAGE][PASSED] - Text ' ' is set on object 'Object Repository/RAD_Pages/AddressAndContactInfo_Page/input_phoneNumber'

2024-01-14 16:54:45 - [TEST_STEP][PASSED] - setText(findTestObject(orPath_AddressContact + "/input_eMailAddress"), " "): Text ' ' is set on object 'Object Repository/RAD_Pages/AddressAndContactInfo_Page/input_eMailAddress'

2024-01-14 16:54:46 - [MESSAGE][PASSED] - Text ' ' is set on object 'Object Repository/RAD_Pages/AddressAndContactInfo_Page/input_eMailAddress'

2024-01-14 16:54:46 - [TEST_STEP][PASSED] - setText(findTestObject(orPath_AddressContact + "/input_reEnterEMailAddress"), " "): Text ' ' is set on object 'Object Repository/RAD_Pages/AddressAndContactInfo_Page/input_reEnterEMailAddress'

2024-01-14 16:54:46 - [MESSAGE][PASSED] - Text ' ' is set on object 'Object Repository/RAD_Pages/AddressAndContactInfo_Page/input_reEnterEMailAddress'

2024-01-14 16:54:46 - [TEST_STEP][PASSED] - if (TaxType.equalsIgnoreCase("Estate Tax")): null

2024-01-14 16:54:46 - [TEST_STEP][PASSED] - resText = "Fail": null

2024-01-14 16:54:46 - [TEST_STEP][PASSED] - pages.WriteExcel.demoKey(resText, datText, resColumn, datCloumn, fileLoc, nameSheet, row): pages.WriteExcel.demoKey is PASSED

2024-01-14 16:54:46 - [MESSAGE][PASSED] - pages.WriteExcel.demoKey is PASSED

2024-01-14 16:54:46 - [TEST_STEP][PASSED] - verifyTextPresent("Enter business name", true, CONTINUE_ON_FAILURE): Text 'Enter business name' is present on page  using regular expression

2024-01-14 16:54:47 - [MESSAGE][PASSED] - Text 'Enter business name' is present on page  using regular expression

2024-01-14 16:54:47 - [TEST_STEP][PASSED] - verifyTextPresent("Enter business rep first name", true, CONTINUE_ON_FAILURE): Text 'Enter business rep first name' is present on page  using regular expression

2024-01-14 16:54:47 - [MESSAGE][PASSED] - Text 'Enter business rep first name' is present on page  using regular expression

2024-01-14 16:54:47 - [TEST_STEP][PASSED] - verifyTextPresent("Enter business rep last name", true, CONTINUE_ON_FAILURE): Text 'Enter business rep last name' is present on page  using regular expression

2024-01-14 16:54:48 - [MESSAGE][PASSED] - Text 'Enter business rep last name' is present on page  using regular expression

2024-01-14 16:54:48 - [TEST_STEP][PASSED] - verifyTextPresent("Enter address", true, CONTINUE_ON_FAILURE): Text 'Enter address' is present on page  using regular expression

2024-01-14 16:54:48 - [MESSAGE][PASSED] - Text 'Enter address' is present on page  using regular expression

2024-01-14 16:54:48 - [TEST_STEP][PASSED] - verifyTextPresent("Enter city", true, CONTINUE_ON_FAILURE): Text 'Enter city' is present on page  using regular expression

2024-01-14 16:54:48 - [MESSAGE][PASSED] - Text 'Enter city' is present on page  using regular expression

2024-01-14 16:54:48 - [TEST_STEP][PASSED] - verifyTextPresent("Enter ZIP code", true, CONTINUE_ON_FAILURE): Text 'Enter ZIP code' is present on page  using regular expression

2024-01-14 16:54:49 - [MESSAGE][PASSED] - Text 'Enter ZIP code' is present on page  using regular expression

2024-01-14 16:54:49 - [TEST_STEP][PASSED] - verifyTextPresent("Enter a valid phone number", true, CONTINUE_ON_FAILURE): Text 'Enter a valid phone number' is present on page  using regular expression

2024-01-14 16:54:49 - [MESSAGE][PASSED] - Text 'Enter a valid phone number' is present on page  using regular expression

2024-01-14 16:54:49 - [TEST_STEP][PASSED] - verifyTextPresent("Enter Email", true, CONTINUE_ON_FAILURE): Text 'Enter Email' is present on page  using regular expression

2024-01-14 16:54:49 - [MESSAGE][PASSED] - Text 'Enter Email' is present on page  using regular expression

2024-01-14 16:54:49 - [TEST_STEP][PASSED] - if (TaxType.equalsIgnoreCase("Estate Tax")): null

2024-01-14 16:54:49 - [TEST_STEP][PASSED] - resText = "Pass": null

2024-01-14 16:54:49 - [TEST_STEP][PASSED] - pages.WriteExcel.demoKey(resText, datText, resColumn, datCloumn, fileLoc, nameSheet, row): pages.WriteExcel.demoKey is PASSED

2024-01-14 16:54:50 - [MESSAGE][PASSED] - pages.WriteExcel.demoKey is PASSED

2024-01-14 16:54:50 - [TEST_STEP][PASSED] - ExecuteTC = findTestData(dataFile).getValue("Execute", row): null

2024-01-14 16:54:50 - [TEST_STEP][PASSED] - TaxType = findTestData(dataFile).getValue("TaxType", row): null

2024-01-14 16:54:50 - [TEST_STEP][PASSED] - PaymentType = findTestData(dataFile).getValue("PaymentType", row): null

2024-01-14 16:54:50 - [TEST_STEP][PASSED] - FilingYear = findTestData(dataFile).getValue("Year", row): null

2024-01-14 16:54:50 - [TEST_STEP][PASSED] - feinSSN = findTestData(dataFile).getValue("FeinSsn", row): null

2024-01-14 16:54:50 - [TEST_STEP][PASSED] - if (ExecuteTC.equalsIgnoreCase("Y")): pages.WriteExcel.demoKey is PASSED

2024-01-14 16:54:50 - [TEST_STEP][PASSED] - out.println("Begin Record Number: " + row): null

2024-01-14 16:54:50 - [TEST_STEP][PASSED] - today = new java.util.Date(): null

2024-01-14 16:54:50 - [TEST_STEP][PASSED] - println(today): null

2024-01-14 16:54:50 - [TEST_STEP][PASSED] - datText = today: null

2024-01-14 16:54:50 - [TEST_STEP][PASSED] - logInfo("Payment Type: New Tax Return Amount Due"): Payment Type: New Tax Return Amount Due

2024-01-14 16:54:50 - [MESSAGE][INFO] - Payment Type: New Tax Return Amount Due

2024-01-14 16:54:50 - [TEST_STEP][PASSED] - logInfo("Tax Type: " + TaxType): Tax Type: Sales and Use Tax

2024-01-14 16:54:50 - [MESSAGE][INFO] - Tax Type: Sales and Use Tax

2024-01-14 16:54:50 - [TEST_STEP][PASSED] - openBrowser(""): Browser is opened with url: ''

2024-01-14 16:54:50 - [MESSAGE][WARNING] - A browser is already opened. Closing browser and opening a new one

2024-01-14 16:54:51 - [MESSAGE][INFO] - Starting 'Chrome' driver

2024-01-14 16:54:51 - [MESSAGE][INFO] - User set preference: ['acceptInsecureCerts', 'true']

2024-01-14 16:54:51 - [MESSAGE][INFO] - Action delay is set to 0 milliseconds

2024-01-14 16:54:52 - [MESSAGE][PASSED] - Browser is opened with url: ''

2024-01-14 16:54:52 - [TEST_STEP][PASSED] - maximizeWindow(): Current window maximized

2024-01-14 16:54:52 - [MESSAGE][PASSED] - Current window maximized

2024-01-14 16:54:52 - [TEST_STEP][PASSED] - navigateToUrl(RADurl): Navigate to 'https://qa2.velocitypayment.com/client/rad/index.html' successfully

2024-01-14 16:54:53 - [MESSAGE][PASSED] - Navigate to 'https://qa2.velocitypayment.com/client/rad/index.html' successfully

2024-01-14 16:54:53 - [TEST_STEP][PASSED] - selectOptionByLabel(findTestObject(orPath_Landing + "/dd_TaxType"), "New Tax Return Amount Due", false): All options with label 'New Tax Return Amount Due' are selected in object 'Object Repository/RAD_Pages/Landing_Page/dd_TaxType' 

2024-01-14 16:54:55 - [MESSAGE][PASSED] - All options with label 'New Tax Return Amount Due' are selected in object 'Object Repository/RAD_Pages/Landing_Page/dd_TaxType' 

2024-01-14 16:54:55 - [TEST_STEP][PASSED] - selectOptionByLabel(findTestObject("Object Repository/RAD_Pages/Landing_Page/select_NewTaxReturnAmountDue_TaxType"), TaxType, false): All options with label 'Sales and Use Tax' are selected in object 'Object Repository/RAD_Pages/Landing_Page/select_NewTaxReturnAmountDue_TaxType' 

2024-01-14 16:54:56 - [MESSAGE][PASSED] - All options with label 'Sales and Use Tax' are selected in object 'Object Repository/RAD_Pages/Landing_Page/select_NewTaxReturnAmountDue_TaxType' 

2024-01-14 16:54:56 - [TEST_STEP][PASSED] - selectOptionByLabel(findTestObject(orPath_TaxTypeFilingYear + "/select_FilingYear"), FilingYear, false): All options with label '2021' are selected in object 'Object Repository/RAD_Pages/TaxTypeFilingYear_Page/select_FilingYear' 

2024-01-14 16:54:56 - [MESSAGE][PASSED] - All options with label '2021' are selected in object 'Object Repository/RAD_Pages/TaxTypeFilingYear_Page/select_FilingYear' 

2024-01-14 16:54:56 - [TEST_STEP][PASSED] - setText(findTestObject(orPath_TaxPayer + "/input_businessName"), " "): Text ' ' is set on object 'Object Repository/RAD_Pages/Taxpayer_Page/input_businessName'

2024-01-14 16:54:57 - [MESSAGE][PASSED] - Text ' ' is set on object 'Object Repository/RAD_Pages/Taxpayer_Page/input_businessName'

2024-01-14 16:54:57 - [TEST_STEP][PASSED] - setText(findTestObject(orPath_TaxPayer + "/input_BusinessRepfirstName"), " "): Text ' ' is set on object 'Object Repository/RAD_Pages/Taxpayer_Page/input_BusinessRepfirstName'

2024-01-14 16:54:58 - [MESSAGE][PASSED] - Text ' ' is set on object 'Object Repository/RAD_Pages/Taxpayer_Page/input_BusinessRepfirstName'

2024-01-14 16:54:58 - [TEST_STEP][PASSED] - setText(findTestObject(orPath_TaxPayer + "/input_BusinessReplastName"), " "): Text ' ' is set on object 'Object Repository/RAD_Pages/Taxpayer_Page/input_BusinessReplastName'

2024-01-14 16:54:58 - [MESSAGE][PASSED] - Text ' ' is set on object 'Object Repository/RAD_Pages/Taxpayer_Page/input_BusinessReplastName'

2024-01-14 16:54:58 - [TEST_STEP][PASSED] - setText(findTestObject(orPath_AddressContact + "/input_streetAddress1"), " "): Text ' ' is set on object 'Object Repository/RAD_Pages/AddressAndContactInfo_Page/input_streetAddress1'

2024-01-14 16:54:59 - [MESSAGE][PASSED] - Text ' ' is set on object 'Object Repository/RAD_Pages/AddressAndContactInfo_Page/input_streetAddress1'

2024-01-14 16:54:59 - [TEST_STEP][PASSED] - setText(findTestObject(orPath_AddressContact + "/input_city"), " "): Text ' ' is set on object 'Object Repository/RAD_Pages/AddressAndContactInfo_Page/input_city'

2024-01-14 16:55:00 - [MESSAGE][PASSED] - Text ' ' is set on object 'Object Repository/RAD_Pages/AddressAndContactInfo_Page/input_city'

2024-01-14 16:55:00 - [TEST_STEP][PASSED] - setText(findTestObject(orPath_AddressContact + "/input_zipCode"), " "): Text ' ' is set on object 'Object Repository/RAD_Pages/AddressAndContactInfo_Page/input_zipCode'

2024-01-14 16:55:00 - [MESSAGE][PASSED] - Text ' ' is set on object 'Object Repository/RAD_Pages/AddressAndContactInfo_Page/input_zipCode'

2024-01-14 16:55:00 - [TEST_STEP][PASSED] - setText(findTestObject(orPath_AddressContact + "/input_phoneNumber"), " "): Text ' ' is set on object 'Object Repository/RAD_Pages/AddressAndContactInfo_Page/input_phoneNumber'

2024-01-14 16:55:01 - [MESSAGE][PASSED] - Text ' ' is set on object 'Object Repository/RAD_Pages/AddressAndContactInfo_Page/input_phoneNumber'

2024-01-14 16:55:01 - [TEST_STEP][PASSED] - setText(findTestObject(orPath_AddressContact + "/input_eMailAddress"), " "): Text ' ' is set on object 'Object Repository/RAD_Pages/AddressAndContactInfo_Page/input_eMailAddress'

2024-01-14 16:55:02 - [MESSAGE][PASSED] - Text ' ' is set on object 'Object Repository/RAD_Pages/AddressAndContactInfo_Page/input_eMailAddress'

2024-01-14 16:55:02 - [TEST_STEP][PASSED] - setText(findTestObject(orPath_AddressContact + "/input_reEnterEMailAddress"), " "): Text ' ' is set on object 'Object Repository/RAD_Pages/AddressAndContactInfo_Page/input_reEnterEMailAddress'

2024-01-14 16:55:03 - [MESSAGE][PASSED] - Text ' ' is set on object 'Object Repository/RAD_Pages/AddressAndContactInfo_Page/input_reEnterEMailAddress'

2024-01-14 16:55:03 - [TEST_STEP][PASSED] - if (TaxType.equalsIgnoreCase("Estate Tax")): null

2024-01-14 16:55:03 - [TEST_STEP][PASSED] - resText = "Fail": null

2024-01-14 16:55:03 - [TEST_STEP][PASSED] - pages.WriteExcel.demoKey(resText, datText, resColumn, datCloumn, fileLoc, nameSheet, row): pages.WriteExcel.demoKey is PASSED

2024-01-14 16:55:03 - [MESSAGE][PASSED] - pages.WriteExcel.demoKey is PASSED

2024-01-14 16:55:03 - [TEST_STEP][PASSED] - verifyTextPresent("Enter business name", true, CONTINUE_ON_FAILURE): Text 'Enter business name' is present on page  using regular expression

2024-01-14 16:55:03 - [MESSAGE][PASSED] - Text 'Enter business name' is present on page  using regular expression

2024-01-14 16:55:03 - [TEST_STEP][PASSED] - verifyTextPresent("Enter business rep first name", true, CONTINUE_ON_FAILURE): Text 'Enter business rep first name' is present on page  using regular expression

2024-01-14 16:55:04 - [MESSAGE][PASSED] - Text 'Enter business rep first name' is present on page  using regular expression

2024-01-14 16:55:04 - [TEST_STEP][PASSED] - verifyTextPresent("Enter business rep last name", true, CONTINUE_ON_FAILURE): Text 'Enter business rep last name' is present on page  using regular expression

2024-01-14 16:55:04 - [MESSAGE][PASSED] - Text 'Enter business rep last name' is present on page  using regular expression

2024-01-14 16:55:04 - [TEST_STEP][PASSED] - verifyTextPresent("Enter address", true, CONTINUE_ON_FAILURE): Text 'Enter address' is present on page  using regular expression

2024-01-14 16:55:04 - [MESSAGE][PASSED] - Text 'Enter address' is present on page  using regular expression

2024-01-14 16:55:04 - [TEST_STEP][PASSED] - verifyTextPresent("Enter city", true, CONTINUE_ON_FAILURE): Text 'Enter city' is present on page  using regular expression

2024-01-14 16:55:05 - [MESSAGE][PASSED] - Text 'Enter city' is present on page  using regular expression

2024-01-14 16:55:05 - [TEST_STEP][PASSED] - verifyTextPresent("Enter ZIP code", true, CONTINUE_ON_FAILURE): Text 'Enter ZIP code' is present on page  using regular expression

2024-01-14 16:55:05 - [MESSAGE][PASSED] - Text 'Enter ZIP code' is present on page  using regular expression

2024-01-14 16:55:05 - [TEST_STEP][PASSED] - verifyTextPresent("Enter a valid phone number", true, CONTINUE_ON_FAILURE): Text 'Enter a valid phone number' is present on page  using regular expression

2024-01-14 16:55:05 - [MESSAGE][PASSED] - Text 'Enter a valid phone number' is present on page  using regular expression

2024-01-14 16:55:05 - [TEST_STEP][PASSED] - verifyTextPresent("Enter Email", true, CONTINUE_ON_FAILURE): Text 'Enter Email' is present on page  using regular expression

2024-01-14 16:55:06 - [MESSAGE][PASSED] - Text 'Enter Email' is present on page  using regular expression

2024-01-14 16:55:06 - [TEST_STEP][PASSED] - if (TaxType.equalsIgnoreCase("Estate Tax")): null

2024-01-14 16:55:06 - [TEST_STEP][PASSED] - resText = "Pass": null

2024-01-14 16:55:06 - [TEST_STEP][PASSED] - pages.WriteExcel.demoKey(resText, datText, resColumn, datCloumn, fileLoc, nameSheet, row): pages.WriteExcel.demoKey is PASSED

2024-01-14 16:55:06 - [MESSAGE][PASSED] - pages.WriteExcel.demoKey is PASSED

2024-01-14 16:55:06 - [TEST_STEP][PASSED] - ExecuteTC = findTestData(dataFile).getValue("Execute", row): null

2024-01-14 16:55:06 - [TEST_STEP][PASSED] - TaxType = findTestData(dataFile).getValue("TaxType", row): null

2024-01-14 16:55:06 - [TEST_STEP][PASSED] - PaymentType = findTestData(dataFile).getValue("PaymentType", row): null

2024-01-14 16:55:06 - [TEST_STEP][PASSED] - FilingYear = findTestData(dataFile).getValue("Year", row): null

2024-01-14 16:55:06 - [TEST_STEP][PASSED] - feinSSN = findTestData(dataFile).getValue("FeinSsn", row): null

2024-01-14 16:55:06 - [TEST_STEP][PASSED] - if (ExecuteTC.equalsIgnoreCase("Y")): pages.WriteExcel.demoKey is PASSED

2024-01-14 16:55:06 - [TEST_STEP][PASSED] - out.println("Begin Record Number: " + row): null

2024-01-14 16:55:06 - [TEST_STEP][PASSED] - today = new java.util.Date(): null

2024-01-14 16:55:06 - [TEST_STEP][PASSED] - println(today): null

2024-01-14 16:55:06 - [TEST_STEP][PASSED] - datText = today: null

2024-01-14 16:55:06 - [TEST_STEP][PASSED] - logInfo("Payment Type: New Tax Return Amount Due"): Payment Type: New Tax Return Amount Due

2024-01-14 16:55:06 - [MESSAGE][INFO] - Payment Type: New Tax Return Amount Due

2024-01-14 16:55:06 - [TEST_STEP][PASSED] - logInfo("Tax Type: " + TaxType): Tax Type: Slots License Fee

2024-01-14 16:55:06 - [MESSAGE][INFO] - Tax Type: Slots License Fee

2024-01-14 16:55:06 - [TEST_STEP][PASSED] - openBrowser(""): Browser is opened with url: ''

2024-01-14 16:55:06 - [MESSAGE][WARNING] - A browser is already opened. Closing browser and opening a new one

2024-01-14 16:55:07 - [MESSAGE][INFO] - Starting 'Chrome' driver

2024-01-14 16:55:07 - [MESSAGE][INFO] - User set preference: ['acceptInsecureCerts', 'true']

2024-01-14 16:55:07 - [MESSAGE][INFO] - Action delay is set to 0 milliseconds

2024-01-14 16:55:09 - [MESSAGE][PASSED] - Browser is opened with url: ''

2024-01-14 16:55:09 - [TEST_STEP][PASSED] - maximizeWindow(): Current window maximized

2024-01-14 16:55:09 - [MESSAGE][PASSED] - Current window maximized

2024-01-14 16:55:09 - [TEST_STEP][PASSED] - navigateToUrl(RADurl): Navigate to 'https://qa2.velocitypayment.com/client/rad/index.html' successfully

2024-01-14 16:55:09 - [MESSAGE][PASSED] - Navigate to 'https://qa2.velocitypayment.com/client/rad/index.html' successfully

2024-01-14 16:55:09 - [TEST_STEP][PASSED] - selectOptionByLabel(findTestObject(orPath_Landing + "/dd_TaxType"), "New Tax Return Amount Due", false): All options with label 'New Tax Return Amount Due' are selected in object 'Object Repository/RAD_Pages/Landing_Page/dd_TaxType' 

2024-01-14 16:55:11 - [MESSAGE][PASSED] - All options with label 'New Tax Return Amount Due' are selected in object 'Object Repository/RAD_Pages/Landing_Page/dd_TaxType' 

2024-01-14 16:55:11 - [TEST_STEP][PASSED] - selectOptionByLabel(findTestObject("Object Repository/RAD_Pages/Landing_Page/select_NewTaxReturnAmountDue_TaxType"), TaxType, false): All options with label 'Slots License Fee' are selected in object 'Object Repository/RAD_Pages/Landing_Page/select_NewTaxReturnAmountDue_TaxType' 

2024-01-14 16:55:12 - [MESSAGE][PASSED] - All options with label 'Slots License Fee' are selected in object 'Object Repository/RAD_Pages/Landing_Page/select_NewTaxReturnAmountDue_TaxType' 

2024-01-14 16:55:12 - [TEST_STEP][PASSED] - selectOptionByLabel(findTestObject(orPath_TaxTypeFilingYear + "/select_FilingYear"), FilingYear, false): All options with label '2021' are selected in object 'Object Repository/RAD_Pages/TaxTypeFilingYear_Page/select_FilingYear' 

2024-01-14 16:55:13 - [MESSAGE][PASSED] - All options with label '2021' are selected in object 'Object Repository/RAD_Pages/TaxTypeFilingYear_Page/select_FilingYear' 

2024-01-14 16:55:13 - [TEST_STEP][PASSED] - setText(findTestObject(orPath_TaxPayer + "/input_businessName"), " "): Text ' ' is set on object 'Object Repository/RAD_Pages/Taxpayer_Page/input_businessName'

2024-01-14 16:55:13 - [MESSAGE][PASSED] - Text ' ' is set on object 'Object Repository/RAD_Pages/Taxpayer_Page/input_businessName'

2024-01-14 16:55:13 - [TEST_STEP][PASSED] - setText(findTestObject(orPath_TaxPayer + "/input_BusinessRepfirstName"), " "): Text ' ' is set on object 'Object Repository/RAD_Pages/Taxpayer_Page/input_BusinessRepfirstName'

2024-01-14 16:55:14 - [MESSAGE][PASSED] - Text ' ' is set on object 'Object Repository/RAD_Pages/Taxpayer_Page/input_BusinessRepfirstName'

2024-01-14 16:55:14 - [TEST_STEP][PASSED] - setText(findTestObject(orPath_TaxPayer + "/input_BusinessReplastName"), " "): Text ' ' is set on object 'Object Repository/RAD_Pages/Taxpayer_Page/input_BusinessReplastName'

2024-01-14 16:55:15 - [MESSAGE][PASSED] - Text ' ' is set on object 'Object Repository/RAD_Pages/Taxpayer_Page/input_BusinessReplastName'

2024-01-14 16:55:15 - [TEST_STEP][PASSED] - setText(findTestObject(orPath_AddressContact + "/input_streetAddress1"), " "): Text ' ' is set on object 'Object Repository/RAD_Pages/AddressAndContactInfo_Page/input_streetAddress1'

2024-01-14 16:55:15 - [MESSAGE][PASSED] - Text ' ' is set on object 'Object Repository/RAD_Pages/AddressAndContactInfo_Page/input_streetAddress1'

2024-01-14 16:55:15 - [TEST_STEP][PASSED] - setText(findTestObject(orPath_AddressContact + "/input_city"), " "): Text ' ' is set on object 'Object Repository/RAD_Pages/AddressAndContactInfo_Page/input_city'

2024-01-14 16:55:16 - [MESSAGE][PASSED] - Text ' ' is set on object 'Object Repository/RAD_Pages/AddressAndContactInfo_Page/input_city'

2024-01-14 16:55:16 - [TEST_STEP][PASSED] - setText(findTestObject(orPath_AddressContact + "/input_zipCode"), " "): Text ' ' is set on object 'Object Repository/RAD_Pages/AddressAndContactInfo_Page/input_zipCode'

2024-01-14 16:55:17 - [MESSAGE][PASSED] - Text ' ' is set on object 'Object Repository/RAD_Pages/AddressAndContactInfo_Page/input_zipCode'

2024-01-14 16:55:17 - [TEST_STEP][PASSED] - setText(findTestObject(orPath_AddressContact + "/input_phoneNumber"), " "): Text ' ' is set on object 'Object Repository/RAD_Pages/AddressAndContactInfo_Page/input_phoneNumber'

2024-01-14 16:55:18 - [MESSAGE][PASSED] - Text ' ' is set on object 'Object Repository/RAD_Pages/AddressAndContactInfo_Page/input_phoneNumber'

2024-01-14 16:55:18 - [TEST_STEP][PASSED] - setText(findTestObject(orPath_AddressContact + "/input_eMailAddress"), " "): Text ' ' is set on object 'Object Repository/RAD_Pages/AddressAndContactInfo_Page/input_eMailAddress'

2024-01-14 16:55:18 - [MESSAGE][PASSED] - Text ' ' is set on object 'Object Repository/RAD_Pages/AddressAndContactInfo_Page/input_eMailAddress'

2024-01-14 16:55:18 - [TEST_STEP][PASSED] - setText(findTestObject(orPath_AddressContact + "/input_reEnterEMailAddress"), " "): Text ' ' is set on object 'Object Repository/RAD_Pages/AddressAndContactInfo_Page/input_reEnterEMailAddress'

2024-01-14 16:55:19 - [MESSAGE][PASSED] - Text ' ' is set on object 'Object Repository/RAD_Pages/AddressAndContactInfo_Page/input_reEnterEMailAddress'

2024-01-14 16:55:19 - [TEST_STEP][PASSED] - if (TaxType.equalsIgnoreCase("Estate Tax")): null

2024-01-14 16:55:19 - [TEST_STEP][PASSED] - resText = "Fail": null

2024-01-14 16:55:19 - [TEST_STEP][PASSED] - pages.WriteExcel.demoKey(resText, datText, resColumn, datCloumn, fileLoc, nameSheet, row): pages.WriteExcel.demoKey is PASSED

2024-01-14 16:55:19 - [MESSAGE][PASSED] - pages.WriteExcel.demoKey is PASSED

2024-01-14 16:55:19 - [TEST_STEP][PASSED] - verifyTextPresent("Enter business name", true, CONTINUE_ON_FAILURE): Text 'Enter business name' is present on page  using regular expression

2024-01-14 16:55:20 - [MESSAGE][PASSED] - Text 'Enter business name' is present on page  using regular expression

2024-01-14 16:55:20 - [TEST_STEP][PASSED] - verifyTextPresent("Enter business rep first name", true, CONTINUE_ON_FAILURE): Text 'Enter business rep first name' is present on page  using regular expression

2024-01-14 16:55:20 - [MESSAGE][PASSED] - Text 'Enter business rep first name' is present on page  using regular expression

2024-01-14 16:55:20 - [TEST_STEP][PASSED] - verifyTextPresent("Enter business rep last name", true, CONTINUE_ON_FAILURE): Text 'Enter business rep last name' is present on page  using regular expression

2024-01-14 16:55:20 - [MESSAGE][PASSED] - Text 'Enter business rep last name' is present on page  using regular expression

2024-01-14 16:55:20 - [TEST_STEP][PASSED] - verifyTextPresent("Enter address", true, CONTINUE_ON_FAILURE): Text 'Enter address' is present on page  using regular expression

2024-01-14 16:55:21 - [MESSAGE][PASSED] - Text 'Enter address' is present on page  using regular expression

2024-01-14 16:55:21 - [TEST_STEP][PASSED] - verifyTextPresent("Enter city", true, CONTINUE_ON_FAILURE): Text 'Enter city' is present on page  using regular expression

2024-01-14 16:55:21 - [MESSAGE][PASSED] - Text 'Enter city' is present on page  using regular expression

2024-01-14 16:55:21 - [TEST_STEP][PASSED] - verifyTextPresent("Enter ZIP code", true, CONTINUE_ON_FAILURE): Text 'Enter ZIP code' is present on page  using regular expression

2024-01-14 16:55:22 - [MESSAGE][PASSED] - Text 'Enter ZIP code' is present on page  using regular expression

2024-01-14 16:55:22 - [TEST_STEP][PASSED] - verifyTextPresent("Enter a valid phone number", true, CONTINUE_ON_FAILURE): Text 'Enter a valid phone number' is present on page  using regular expression

2024-01-14 16:55:22 - [MESSAGE][PASSED] - Text 'Enter a valid phone number' is present on page  using regular expression

2024-01-14 16:55:22 - [TEST_STEP][PASSED] - verifyTextPresent("Enter Email", true, CONTINUE_ON_FAILURE): Text 'Enter Email' is present on page  using regular expression

2024-01-14 16:55:22 - [MESSAGE][PASSED] - Text 'Enter Email' is present on page  using regular expression

2024-01-14 16:55:22 - [TEST_STEP][PASSED] - if (TaxType.equalsIgnoreCase("Estate Tax")): null

2024-01-14 16:55:22 - [TEST_STEP][PASSED] - resText = "Pass": null

2024-01-14 16:55:22 - [TEST_STEP][PASSED] - pages.WriteExcel.demoKey(resText, datText, resColumn, datCloumn, fileLoc, nameSheet, row): pages.WriteExcel.demoKey is PASSED

2024-01-14 16:55:22 - [MESSAGE][PASSED] - pages.WriteExcel.demoKey is PASSED

2024-01-14 16:55:22 - [TEST_STEP][PASSED] - ExecuteTC = findTestData(dataFile).getValue("Execute", row): null

2024-01-14 16:55:22 - [TEST_STEP][PASSED] - TaxType = findTestData(dataFile).getValue("TaxType", row): null

2024-01-14 16:55:22 - [TEST_STEP][PASSED] - PaymentType = findTestData(dataFile).getValue("PaymentType", row): null

2024-01-14 16:55:22 - [TEST_STEP][PASSED] - FilingYear = findTestData(dataFile).getValue("Year", row): null

2024-01-14 16:55:23 - [TEST_STEP][PASSED] - feinSSN = findTestData(dataFile).getValue("FeinSsn", row): null

2024-01-14 16:55:23 - [TEST_STEP][PASSED] - if (ExecuteTC.equalsIgnoreCase("Y")): pages.WriteExcel.demoKey is PASSED

2024-01-14 16:55:23 - [TEST_STEP][PASSED] - out.println("Begin Record Number: " + row): null

2024-01-14 16:55:23 - [TEST_STEP][PASSED] - today = new java.util.Date(): null

2024-01-14 16:55:23 - [TEST_STEP][PASSED] - println(today): null

2024-01-14 16:55:23 - [TEST_STEP][PASSED] - datText = today: null

2024-01-14 16:55:23 - [TEST_STEP][PASSED] - logInfo("Payment Type: New Tax Return Amount Due"): Payment Type: New Tax Return Amount Due

2024-01-14 16:55:23 - [MESSAGE][INFO] - Payment Type: New Tax Return Amount Due

2024-01-14 16:55:23 - [TEST_STEP][PASSED] - logInfo("Tax Type: " + TaxType): Tax Type: Tire Recycling Fee

2024-01-14 16:55:23 - [MESSAGE][INFO] - Tax Type: Tire Recycling Fee

2024-01-14 16:55:23 - [TEST_STEP][PASSED] - openBrowser(""): Browser is opened with url: ''

2024-01-14 16:55:23 - [MESSAGE][WARNING] - A browser is already opened. Closing browser and opening a new one

2024-01-14 16:55:24 - [MESSAGE][INFO] - Starting 'Chrome' driver

2024-01-14 16:55:24 - [MESSAGE][INFO] - User set preference: ['acceptInsecureCerts', 'true']

2024-01-14 16:55:24 - [MESSAGE][INFO] - Action delay is set to 0 milliseconds

2024-01-14 16:55:25 - [MESSAGE][PASSED] - Browser is opened with url: ''

2024-01-14 16:55:25 - [TEST_STEP][PASSED] - maximizeWindow(): Current window maximized

2024-01-14 16:55:25 - [MESSAGE][PASSED] - Current window maximized

2024-01-14 16:55:25 - [TEST_STEP][PASSED] - navigateToUrl(RADurl): Navigate to 'https://qa2.velocitypayment.com/client/rad/index.html' successfully

2024-01-14 16:55:27 - [MESSAGE][PASSED] - Navigate to 'https://qa2.velocitypayment.com/client/rad/index.html' successfully

2024-01-14 16:55:27 - [TEST_STEP][PASSED] - selectOptionByLabel(findTestObject(orPath_Landing + "/dd_TaxType"), "New Tax Return Amount Due", false): All options with label 'New Tax Return Amount Due' are selected in object 'Object Repository/RAD_Pages/Landing_Page/dd_TaxType' 

2024-01-14 16:55:28 - [MESSAGE][PASSED] - All options with label 'New Tax Return Amount Due' are selected in object 'Object Repository/RAD_Pages/Landing_Page/dd_TaxType' 

2024-01-14 16:55:28 - [TEST_STEP][PASSED] - selectOptionByLabel(findTestObject("Object Repository/RAD_Pages/Landing_Page/select_NewTaxReturnAmountDue_TaxType"), TaxType, false): All options with label 'Tire Recycling Fee' are selected in object 'Object Repository/RAD_Pages/Landing_Page/select_NewTaxReturnAmountDue_TaxType' 

2024-01-14 16:55:28 - [MESSAGE][PASSED] - All options with label 'Tire Recycling Fee' are selected in object 'Object Repository/RAD_Pages/Landing_Page/select_NewTaxReturnAmountDue_TaxType' 

2024-01-14 16:55:28 - [TEST_STEP][PASSED] - selectOptionByLabel(findTestObject(orPath_TaxTypeFilingYear + "/select_FilingYear"), FilingYear, false): All options with label '2021' are selected in object 'Object Repository/RAD_Pages/TaxTypeFilingYear_Page/select_FilingYear' 

2024-01-14 16:55:29 - [MESSAGE][PASSED] - All options with label '2021' are selected in object 'Object Repository/RAD_Pages/TaxTypeFilingYear_Page/select_FilingYear' 

2024-01-14 16:55:29 - [TEST_STEP][PASSED] - setText(findTestObject(orPath_TaxPayer + "/input_businessName"), " "): Text ' ' is set on object 'Object Repository/RAD_Pages/Taxpayer_Page/input_businessName'

2024-01-14 16:55:30 - [MESSAGE][PASSED] - Text ' ' is set on object 'Object Repository/RAD_Pages/Taxpayer_Page/input_businessName'

2024-01-14 16:55:30 - [TEST_STEP][PASSED] - setText(findTestObject(orPath_TaxPayer + "/input_BusinessRepfirstName"), " "): Text ' ' is set on object 'Object Repository/RAD_Pages/Taxpayer_Page/input_BusinessRepfirstName'

2024-01-14 16:55:30 - [MESSAGE][PASSED] - Text ' ' is set on object 'Object Repository/RAD_Pages/Taxpayer_Page/input_BusinessRepfirstName'

2024-01-14 16:55:30 - [TEST_STEP][PASSED] - setText(findTestObject(orPath_TaxPayer + "/input_BusinessReplastName"), " "): Text ' ' is set on object 'Object Repository/RAD_Pages/Taxpayer_Page/input_BusinessReplastName'

2024-01-14 16:55:31 - [MESSAGE][PASSED] - Text ' ' is set on object 'Object Repository/RAD_Pages/Taxpayer_Page/input_BusinessReplastName'

2024-01-14 16:55:31 - [TEST_STEP][PASSED] - setText(findTestObject(orPath_AddressContact + "/input_streetAddress1"), " "): Text ' ' is set on object 'Object Repository/RAD_Pages/AddressAndContactInfo_Page/input_streetAddress1'

2024-01-14 16:55:32 - [MESSAGE][PASSED] - Text ' ' is set on object 'Object Repository/RAD_Pages/AddressAndContactInfo_Page/input_streetAddress1'

2024-01-14 16:55:32 - [TEST_STEP][PASSED] - setText(findTestObject(orPath_AddressContact + "/input_city"), " "): Text ' ' is set on object 'Object Repository/RAD_Pages/AddressAndContactInfo_Page/input_city'

2024-01-14 16:55:32 - [MESSAGE][PASSED] - Text ' ' is set on object 'Object Repository/RAD_Pages/AddressAndContactInfo_Page/input_city'

2024-01-14 16:55:32 - [TEST_STEP][PASSED] - setText(findTestObject(orPath_AddressContact + "/input_zipCode"), " "): Text ' ' is set on object 'Object Repository/RAD_Pages/AddressAndContactInfo_Page/input_zipCode'

2024-01-14 16:55:33 - [MESSAGE][PASSED] - Text ' ' is set on object 'Object Repository/RAD_Pages/AddressAndContactInfo_Page/input_zipCode'

2024-01-14 16:55:33 - [TEST_STEP][PASSED] - setText(findTestObject(orPath_AddressContact + "/input_phoneNumber"), " "): Text ' ' is set on object 'Object Repository/RAD_Pages/AddressAndContactInfo_Page/input_phoneNumber'

2024-01-14 16:55:34 - [MESSAGE][PASSED] - Text ' ' is set on object 'Object Repository/RAD_Pages/AddressAndContactInfo_Page/input_phoneNumber'

2024-01-14 16:55:34 - [TEST_STEP][PASSED] - setText(findTestObject(orPath_AddressContact + "/input_eMailAddress"), " "): Text ' ' is set on object 'Object Repository/RAD_Pages/AddressAndContactInfo_Page/input_eMailAddress'

2024-01-14 16:55:35 - [MESSAGE][PASSED] - Text ' ' is set on object 'Object Repository/RAD_Pages/AddressAndContactInfo_Page/input_eMailAddress'

2024-01-14 16:55:35 - [TEST_STEP][PASSED] - setText(findTestObject(orPath_AddressContact + "/input_reEnterEMailAddress"), " "): Text ' ' is set on object 'Object Repository/RAD_Pages/AddressAndContactInfo_Page/input_reEnterEMailAddress'

2024-01-14 16:55:36 - [MESSAGE][PASSED] - Text ' ' is set on object 'Object Repository/RAD_Pages/AddressAndContactInfo_Page/input_reEnterEMailAddress'

2024-01-14 16:55:36 - [TEST_STEP][PASSED] - if (TaxType.equalsIgnoreCase("Estate Tax")): null

2024-01-14 16:55:36 - [TEST_STEP][PASSED] - resText = "Fail": null

2024-01-14 16:55:36 - [TEST_STEP][PASSED] - pages.WriteExcel.demoKey(resText, datText, resColumn, datCloumn, fileLoc, nameSheet, row): pages.WriteExcel.demoKey is PASSED

2024-01-14 16:55:36 - [MESSAGE][PASSED] - pages.WriteExcel.demoKey is PASSED

2024-01-14 16:55:36 - [TEST_STEP][PASSED] - verifyTextPresent("Enter business name", true, CONTINUE_ON_FAILURE): Text 'Enter business name' is present on page  using regular expression

2024-01-14 16:55:36 - [MESSAGE][PASSED] - Text 'Enter business name' is present on page  using regular expression

2024-01-14 16:55:36 - [TEST_STEP][PASSED] - verifyTextPresent("Enter business rep first name", true, CONTINUE_ON_FAILURE): Text 'Enter business rep first name' is present on page  using regular expression

2024-01-14 16:55:37 - [MESSAGE][PASSED] - Text 'Enter business rep first name' is present on page  using regular expression

2024-01-14 16:55:37 - [TEST_STEP][PASSED] - verifyTextPresent("Enter business rep last name", true, CONTINUE_ON_FAILURE): Text 'Enter business rep last name' is present on page  using regular expression

2024-01-14 16:55:37 - [MESSAGE][PASSED] - Text 'Enter business rep last name' is present on page  using regular expression

2024-01-14 16:55:37 - [TEST_STEP][PASSED] - verifyTextPresent("Enter address", true, CONTINUE_ON_FAILURE): Text 'Enter address' is present on page  using regular expression

2024-01-14 16:55:37 - [MESSAGE][PASSED] - Text 'Enter address' is present on page  using regular expression

2024-01-14 16:55:37 - [TEST_STEP][PASSED] - verifyTextPresent("Enter city", true, CONTINUE_ON_FAILURE): Text 'Enter city' is present on page  using regular expression

2024-01-14 16:55:38 - [MESSAGE][PASSED] - Text 'Enter city' is present on page  using regular expression

2024-01-14 16:55:38 - [TEST_STEP][PASSED] - verifyTextPresent("Enter ZIP code", true, CONTINUE_ON_FAILURE): Text 'Enter ZIP code' is present on page  using regular expression

2024-01-14 16:55:38 - [MESSAGE][PASSED] - Text 'Enter ZIP code' is present on page  using regular expression

2024-01-14 16:55:38 - [TEST_STEP][PASSED] - verifyTextPresent("Enter a valid phone number", true, CONTINUE_ON_FAILURE): Text 'Enter a valid phone number' is present on page  using regular expression

2024-01-14 16:55:38 - [MESSAGE][PASSED] - Text 'Enter a valid phone number' is present on page  using regular expression

2024-01-14 16:55:38 - [TEST_STEP][PASSED] - verifyTextPresent("Enter Email", true, CONTINUE_ON_FAILURE): Text 'Enter Email' is present on page  using regular expression

2024-01-14 16:55:39 - [MESSAGE][PASSED] - Text 'Enter Email' is present on page  using regular expression

2024-01-14 16:55:39 - [TEST_STEP][PASSED] - if (TaxType.equalsIgnoreCase("Estate Tax")): null

2024-01-14 16:55:39 - [TEST_STEP][PASSED] - resText = "Pass": null

2024-01-14 16:55:39 - [TEST_STEP][PASSED] - pages.WriteExcel.demoKey(resText, datText, resColumn, datCloumn, fileLoc, nameSheet, row): pages.WriteExcel.demoKey is PASSED

2024-01-14 16:55:39 - [MESSAGE][PASSED] - pages.WriteExcel.demoKey is PASSED

2024-01-14 16:55:39 - [TEST_STEP][PASSED] - ExecuteTC = findTestData(dataFile).getValue("Execute", row): null

2024-01-14 16:55:39 - [TEST_STEP][PASSED] - TaxType = findTestData(dataFile).getValue("TaxType", row): null

2024-01-14 16:55:39 - [TEST_STEP][PASSED] - PaymentType = findTestData(dataFile).getValue("PaymentType", row): null

2024-01-14 16:55:39 - [TEST_STEP][PASSED] - FilingYear = findTestData(dataFile).getValue("Year", row): null

2024-01-14 16:55:39 - [TEST_STEP][PASSED] - feinSSN = findTestData(dataFile).getValue("FeinSsn", row): null

2024-01-14 16:55:39 - [TEST_STEP][PASSED] - if (ExecuteTC.equalsIgnoreCase("Y")): pages.WriteExcel.demoKey is PASSED

2024-01-14 16:55:39 - [TEST_STEP][PASSED] - out.println("Begin Record Number: " + row): null

2024-01-14 16:55:39 - [TEST_STEP][PASSED] - today = new java.util.Date(): null

2024-01-14 16:55:39 - [TEST_STEP][PASSED] - println(today): null

2024-01-14 16:55:39 - [TEST_STEP][PASSED] - datText = today: null

2024-01-14 16:55:39 - [TEST_STEP][PASSED] - logInfo("Payment Type: New Tax Return Amount Due"): Payment Type: New Tax Return Amount Due

2024-01-14 16:55:39 - [MESSAGE][INFO] - Payment Type: New Tax Return Amount Due

2024-01-14 16:55:39 - [TEST_STEP][PASSED] - logInfo("Tax Type: " + TaxType): Tax Type: Tobacco Tax

2024-01-14 16:55:39 - [MESSAGE][INFO] - Tax Type: Tobacco Tax

2024-01-14 16:55:39 - [TEST_STEP][PASSED] - openBrowser(""): Browser is opened with url: ''

2024-01-14 16:55:39 - [MESSAGE][WARNING] - A browser is already opened. Closing browser and opening a new one

2024-01-14 16:55:40 - [MESSAGE][INFO] - Starting 'Chrome' driver

2024-01-14 16:55:40 - [MESSAGE][INFO] - User set preference: ['acceptInsecureCerts', 'true']

2024-01-14 16:55:40 - [MESSAGE][INFO] - Action delay is set to 0 milliseconds

2024-01-14 16:55:42 - [MESSAGE][PASSED] - Browser is opened with url: ''

2024-01-14 16:55:42 - [TEST_STEP][PASSED] - maximizeWindow(): Current window maximized

2024-01-14 16:55:42 - [MESSAGE][PASSED] - Current window maximized

2024-01-14 16:55:42 - [TEST_STEP][PASSED] - navigateToUrl(RADurl): Navigate to 'https://qa2.velocitypayment.com/client/rad/index.html' successfully

2024-01-14 16:55:42 - [MESSAGE][PASSED] - Navigate to 'https://qa2.velocitypayment.com/client/rad/index.html' successfully

2024-01-14 16:55:42 - [TEST_STEP][PASSED] - selectOptionByLabel(findTestObject(orPath_Landing + "/dd_TaxType"), "New Tax Return Amount Due", false): All options with label 'New Tax Return Amount Due' are selected in object 'Object Repository/RAD_Pages/Landing_Page/dd_TaxType' 

2024-01-14 16:55:44 - [MESSAGE][PASSED] - All options with label 'New Tax Return Amount Due' are selected in object 'Object Repository/RAD_Pages/Landing_Page/dd_TaxType' 

2024-01-14 16:55:44 - [TEST_STEP][PASSED] - selectOptionByLabel(findTestObject("Object Repository/RAD_Pages/Landing_Page/select_NewTaxReturnAmountDue_TaxType"), TaxType, false): All options with label 'Tobacco Tax' are selected in object 'Object Repository/RAD_Pages/Landing_Page/select_NewTaxReturnAmountDue_TaxType' 

2024-01-14 16:55:45 - [MESSAGE][PASSED] - All options with label 'Tobacco Tax' are selected in object 'Object Repository/RAD_Pages/Landing_Page/select_NewTaxReturnAmountDue_TaxType' 

2024-01-14 16:55:45 - [TEST_STEP][PASSED] - selectOptionByLabel(findTestObject(orPath_TaxTypeFilingYear + "/select_FilingYear"), FilingYear, false): All options with label '2021' are selected in object 'Object Repository/RAD_Pages/TaxTypeFilingYear_Page/select_FilingYear' 

2024-01-14 16:55:45 - [MESSAGE][PASSED] - All options with label '2021' are selected in object 'Object Repository/RAD_Pages/TaxTypeFilingYear_Page/select_FilingYear' 

2024-01-14 16:55:45 - [TEST_STEP][PASSED] - setText(findTestObject(orPath_TaxPayer + "/input_businessName"), " "): Text ' ' is set on object 'Object Repository/RAD_Pages/Taxpayer_Page/input_businessName'

2024-01-14 16:55:46 - [MESSAGE][PASSED] - Text ' ' is set on object 'Object Repository/RAD_Pages/Taxpayer_Page/input_businessName'

2024-01-14 16:55:46 - [TEST_STEP][PASSED] - setText(findTestObject(orPath_TaxPayer + "/input_BusinessRepfirstName"), " "): Text ' ' is set on object 'Object Repository/RAD_Pages/Taxpayer_Page/input_BusinessRepfirstName'

2024-01-14 16:55:47 - [MESSAGE][PASSED] - Text ' ' is set on object 'Object Repository/RAD_Pages/Taxpayer_Page/input_BusinessRepfirstName'

2024-01-14 16:55:47 - [TEST_STEP][PASSED] - setText(findTestObject(orPath_TaxPayer + "/input_BusinessReplastName"), " "): Text ' ' is set on object 'Object Repository/RAD_Pages/Taxpayer_Page/input_BusinessReplastName'

2024-01-14 16:55:47 - [MESSAGE][PASSED] - Text ' ' is set on object 'Object Repository/RAD_Pages/Taxpayer_Page/input_BusinessReplastName'

2024-01-14 16:55:47 - [TEST_STEP][PASSED] - setText(findTestObject(orPath_AddressContact + "/input_streetAddress1"), " "): Text ' ' is set on object 'Object Repository/RAD_Pages/AddressAndContactInfo_Page/input_streetAddress1'

2024-01-14 16:55:48 - [MESSAGE][PASSED] - Text ' ' is set on object 'Object Repository/RAD_Pages/AddressAndContactInfo_Page/input_streetAddress1'

2024-01-14 16:55:48 - [TEST_STEP][PASSED] - setText(findTestObject(orPath_AddressContact + "/input_city"), " "): Text ' ' is set on object 'Object Repository/RAD_Pages/AddressAndContactInfo_Page/input_city'

2024-01-14 16:55:49 - [MESSAGE][PASSED] - Text ' ' is set on object 'Object Repository/RAD_Pages/AddressAndContactInfo_Page/input_city'

2024-01-14 16:55:49 - [TEST_STEP][PASSED] - setText(findTestObject(orPath_AddressContact + "/input_zipCode"), " "): Text ' ' is set on object 'Object Repository/RAD_Pages/AddressAndContactInfo_Page/input_zipCode'

2024-01-14 16:55:50 - [MESSAGE][PASSED] - Text ' ' is set on object 'Object Repository/RAD_Pages/AddressAndContactInfo_Page/input_zipCode'

2024-01-14 16:55:50 - [TEST_STEP][PASSED] - setText(findTestObject(orPath_AddressContact + "/input_phoneNumber"), " "): Text ' ' is set on object 'Object Repository/RAD_Pages/AddressAndContactInfo_Page/input_phoneNumber'

2024-01-14 16:55:50 - [MESSAGE][PASSED] - Text ' ' is set on object 'Object Repository/RAD_Pages/AddressAndContactInfo_Page/input_phoneNumber'

2024-01-14 16:55:50 - [TEST_STEP][PASSED] - setText(findTestObject(orPath_AddressContact + "/input_eMailAddress"), " "): Text ' ' is set on object 'Object Repository/RAD_Pages/AddressAndContactInfo_Page/input_eMailAddress'

2024-01-14 16:55:51 - [MESSAGE][PASSED] - Text ' ' is set on object 'Object Repository/RAD_Pages/AddressAndContactInfo_Page/input_eMailAddress'

2024-01-14 16:55:51 - [TEST_STEP][PASSED] - setText(findTestObject(orPath_AddressContact + "/input_reEnterEMailAddress"), " "): Text ' ' is set on object 'Object Repository/RAD_Pages/AddressAndContactInfo_Page/input_reEnterEMailAddress'

2024-01-14 16:55:52 - [MESSAGE][PASSED] - Text ' ' is set on object 'Object Repository/RAD_Pages/AddressAndContactInfo_Page/input_reEnterEMailAddress'

2024-01-14 16:55:52 - [TEST_STEP][PASSED] - if (TaxType.equalsIgnoreCase("Estate Tax")): null

2024-01-14 16:55:52 - [TEST_STEP][PASSED] - resText = "Fail": null

2024-01-14 16:55:52 - [TEST_STEP][PASSED] - pages.WriteExcel.demoKey(resText, datText, resColumn, datCloumn, fileLoc, nameSheet, row): pages.WriteExcel.demoKey is PASSED

2024-01-14 16:55:52 - [MESSAGE][PASSED] - pages.WriteExcel.demoKey is PASSED

2024-01-14 16:55:52 - [TEST_STEP][PASSED] - verifyTextPresent("Enter business name", true, CONTINUE_ON_FAILURE): Text 'Enter business name' is present on page  using regular expression

2024-01-14 16:55:52 - [MESSAGE][PASSED] - Text 'Enter business name' is present on page  using regular expression

2024-01-14 16:55:52 - [TEST_STEP][PASSED] - verifyTextPresent("Enter business rep first name", true, CONTINUE_ON_FAILURE): Text 'Enter business rep first name' is present on page  using regular expression

2024-01-14 16:55:53 - [MESSAGE][PASSED] - Text 'Enter business rep first name' is present on page  using regular expression

2024-01-14 16:55:53 - [TEST_STEP][PASSED] - verifyTextPresent("Enter business rep last name", true, CONTINUE_ON_FAILURE): Text 'Enter business rep last name' is present on page  using regular expression

2024-01-14 16:55:53 - [MESSAGE][PASSED] - Text 'Enter business rep last name' is present on page  using regular expression

2024-01-14 16:55:53 - [TEST_STEP][PASSED] - verifyTextPresent("Enter address", true, CONTINUE_ON_FAILURE): Text 'Enter address' is present on page  using regular expression

2024-01-14 16:55:54 - [MESSAGE][PASSED] - Text 'Enter address' is present on page  using regular expression

2024-01-14 16:55:54 - [TEST_STEP][PASSED] - verifyTextPresent("Enter city", true, CONTINUE_ON_FAILURE): Text 'Enter city' is present on page  using regular expression

2024-01-14 16:55:54 - [MESSAGE][PASSED] - Text 'Enter city' is present on page  using regular expression

2024-01-14 16:55:54 - [TEST_STEP][PASSED] - verifyTextPresent("Enter ZIP code", true, CONTINUE_ON_FAILURE): Text 'Enter ZIP code' is present on page  using regular expression

2024-01-14 16:55:54 - [MESSAGE][PASSED] - Text 'Enter ZIP code' is present on page  using regular expression

2024-01-14 16:55:54 - [TEST_STEP][PASSED] - verifyTextPresent("Enter a valid phone number", true, CONTINUE_ON_FAILURE): Text 'Enter a valid phone number' is present on page  using regular expression

2024-01-14 16:55:55 - [MESSAGE][PASSED] - Text 'Enter a valid phone number' is present on page  using regular expression

2024-01-14 16:55:55 - [TEST_STEP][PASSED] - verifyTextPresent("Enter Email", true, CONTINUE_ON_FAILURE): Text 'Enter Email' is present on page  using regular expression

2024-01-14 16:55:55 - [MESSAGE][PASSED] - Text 'Enter Email' is present on page  using regular expression

2024-01-14 16:55:55 - [TEST_STEP][PASSED] - if (TaxType.equalsIgnoreCase("Estate Tax")): null

2024-01-14 16:55:55 - [TEST_STEP][PASSED] - resText = "Pass": null

2024-01-14 16:55:55 - [TEST_STEP][PASSED] - pages.WriteExcel.demoKey(resText, datText, resColumn, datCloumn, fileLoc, nameSheet, row): pages.WriteExcel.demoKey is PASSED

2024-01-14 16:55:55 - [MESSAGE][PASSED] - pages.WriteExcel.demoKey is PASSED

2024-01-14 16:55:55 - [TEST_STEP][PASSED] - ExecuteTC = findTestData(dataFile).getValue("Execute", row): null

2024-01-14 16:55:55 - [TEST_STEP][PASSED] - TaxType = findTestData(dataFile).getValue("TaxType", row): null

2024-01-14 16:55:55 - [TEST_STEP][PASSED] - PaymentType = findTestData(dataFile).getValue("PaymentType", row): null

2024-01-14 16:55:55 - [TEST_STEP][PASSED] - FilingYear = findTestData(dataFile).getValue("Year", row): null

2024-01-14 16:55:55 - [TEST_STEP][PASSED] - feinSSN = findTestData(dataFile).getValue("FeinSsn", row): null

2024-01-14 16:55:55 - [TEST_STEP][PASSED] - if (ExecuteTC.equalsIgnoreCase("Y")): pages.WriteExcel.demoKey is PASSED

2024-01-14 16:55:55 - [TEST_STEP][PASSED] - out.println("Begin Record Number: " + row): null

2024-01-14 16:55:55 - [TEST_STEP][PASSED] - today = new java.util.Date(): null

2024-01-14 16:55:55 - [TEST_STEP][PASSED] - println(today): null

2024-01-14 16:55:55 - [TEST_STEP][PASSED] - datText = today: null

2024-01-14 16:55:55 - [TEST_STEP][PASSED] - logInfo("Payment Type: New Tax Return Amount Due"): Payment Type: New Tax Return Amount Due

2024-01-14 16:55:55 - [MESSAGE][INFO] - Payment Type: New Tax Return Amount Due

2024-01-14 16:55:55 - [TEST_STEP][PASSED] - logInfo("Tax Type: " + TaxType): Tax Type: Transportation Network Services

2024-01-14 16:55:55 - [MESSAGE][INFO] - Tax Type: Transportation Network Services

2024-01-14 16:55:55 - [TEST_STEP][PASSED] - openBrowser(""): Browser is opened with url: ''

2024-01-14 16:55:55 - [MESSAGE][WARNING] - A browser is already opened. Closing browser and opening a new one

2024-01-14 16:55:56 - [MESSAGE][INFO] - Starting 'Chrome' driver

2024-01-14 16:55:56 - [MESSAGE][INFO] - User set preference: ['acceptInsecureCerts', 'true']

2024-01-14 16:55:56 - [MESSAGE][INFO] - Action delay is set to 0 milliseconds

2024-01-14 16:55:58 - [MESSAGE][PASSED] - Browser is opened with url: ''

2024-01-14 16:55:58 - [TEST_STEP][PASSED] - maximizeWindow(): Current window maximized

2024-01-14 16:55:58 - [MESSAGE][PASSED] - Current window maximized

2024-01-14 16:55:58 - [TEST_STEP][PASSED] - navigateToUrl(RADurl): Navigate to 'https://qa2.velocitypayment.com/client/rad/index.html' successfully

2024-01-14 16:56:00 - [MESSAGE][PASSED] - Navigate to 'https://qa2.velocitypayment.com/client/rad/index.html' successfully

2024-01-14 16:56:00 - [TEST_STEP][PASSED] - selectOptionByLabel(findTestObject(orPath_Landing + "/dd_TaxType"), "New Tax Return Amount Due", false): All options with label 'New Tax Return Amount Due' are selected in object 'Object Repository/RAD_Pages/Landing_Page/dd_TaxType' 

2024-01-14 16:56:01 - [MESSAGE][PASSED] - All options with label 'New Tax Return Amount Due' are selected in object 'Object Repository/RAD_Pages/Landing_Page/dd_TaxType' 

2024-01-14 16:56:01 - [TEST_STEP][PASSED] - selectOptionByLabel(findTestObject("Object Repository/RAD_Pages/Landing_Page/select_NewTaxReturnAmountDue_TaxType"), TaxType, false): All options with label 'Transportation Network Services' are selected in object 'Object Repository/RAD_Pages/Landing_Page/select_NewTaxReturnAmountDue_TaxType' 

2024-01-14 16:56:01 - [MESSAGE][PASSED] - All options with label 'Transportation Network Services' are selected in object 'Object Repository/RAD_Pages/Landing_Page/select_NewTaxReturnAmountDue_TaxType' 

2024-01-14 16:56:01 - [TEST_STEP][PASSED] - selectOptionByLabel(findTestObject(orPath_TaxTypeFilingYear + "/select_FilingYear"), FilingYear, false): All options with label '2021' are selected in object 'Object Repository/RAD_Pages/TaxTypeFilingYear_Page/select_FilingYear' 

2024-01-14 16:56:02 - [MESSAGE][PASSED] - All options with label '2021' are selected in object 'Object Repository/RAD_Pages/TaxTypeFilingYear_Page/select_FilingYear' 

2024-01-14 16:56:02 - [TEST_STEP][PASSED] - setText(findTestObject(orPath_TaxPayer + "/input_businessName"), " "): Text ' ' is set on object 'Object Repository/RAD_Pages/Taxpayer_Page/input_businessName'

2024-01-14 16:56:03 - [MESSAGE][PASSED] - Text ' ' is set on object 'Object Repository/RAD_Pages/Taxpayer_Page/input_businessName'

2024-01-14 16:56:03 - [TEST_STEP][PASSED] - setText(findTestObject(orPath_TaxPayer + "/input_BusinessRepfirstName"), " "): Text ' ' is set on object 'Object Repository/RAD_Pages/Taxpayer_Page/input_BusinessRepfirstName'

2024-01-14 16:56:03 - [MESSAGE][PASSED] - Text ' ' is set on object 'Object Repository/RAD_Pages/Taxpayer_Page/input_BusinessRepfirstName'

2024-01-14 16:56:03 - [TEST_STEP][PASSED] - setText(findTestObject(orPath_TaxPayer + "/input_BusinessReplastName"), " "): Text ' ' is set on object 'Object Repository/RAD_Pages/Taxpayer_Page/input_BusinessReplastName'

2024-01-14 16:56:04 - [MESSAGE][PASSED] - Text ' ' is set on object 'Object Repository/RAD_Pages/Taxpayer_Page/input_BusinessReplastName'

2024-01-14 16:56:04 - [TEST_STEP][PASSED] - setText(findTestObject(orPath_AddressContact + "/input_streetAddress1"), " "): Text ' ' is set on object 'Object Repository/RAD_Pages/AddressAndContactInfo_Page/input_streetAddress1'

2024-01-14 16:56:05 - [MESSAGE][PASSED] - Text ' ' is set on object 'Object Repository/RAD_Pages/AddressAndContactInfo_Page/input_streetAddress1'

2024-01-14 16:56:05 - [TEST_STEP][PASSED] - setText(findTestObject(orPath_AddressContact + "/input_city"), " "): Text ' ' is set on object 'Object Repository/RAD_Pages/AddressAndContactInfo_Page/input_city'

2024-01-14 16:56:06 - [MESSAGE][PASSED] - Text ' ' is set on object 'Object Repository/RAD_Pages/AddressAndContactInfo_Page/input_city'

2024-01-14 16:56:06 - [TEST_STEP][PASSED] - setText(findTestObject(orPath_AddressContact + "/input_zipCode"), " "): Text ' ' is set on object 'Object Repository/RAD_Pages/AddressAndContactInfo_Page/input_zipCode'

2024-01-14 16:56:06 - [MESSAGE][PASSED] - Text ' ' is set on object 'Object Repository/RAD_Pages/AddressAndContactInfo_Page/input_zipCode'

2024-01-14 16:56:06 - [TEST_STEP][PASSED] - setText(findTestObject(orPath_AddressContact + "/input_phoneNumber"), " "): Text ' ' is set on object 'Object Repository/RAD_Pages/AddressAndContactInfo_Page/input_phoneNumber'

2024-01-14 16:56:07 - [MESSAGE][PASSED] - Text ' ' is set on object 'Object Repository/RAD_Pages/AddressAndContactInfo_Page/input_phoneNumber'

2024-01-14 16:56:07 - [TEST_STEP][PASSED] - setText(findTestObject(orPath_AddressContact + "/input_eMailAddress"), " "): Text ' ' is set on object 'Object Repository/RAD_Pages/AddressAndContactInfo_Page/input_eMailAddress'

2024-01-14 16:56:08 - [MESSAGE][PASSED] - Text ' ' is set on object 'Object Repository/RAD_Pages/AddressAndContactInfo_Page/input_eMailAddress'

2024-01-14 16:56:08 - [TEST_STEP][PASSED] - setText(findTestObject(orPath_AddressContact + "/input_reEnterEMailAddress"), " "): Text ' ' is set on object 'Object Repository/RAD_Pages/AddressAndContactInfo_Page/input_reEnterEMailAddress'

2024-01-14 16:56:09 - [MESSAGE][PASSED] - Text ' ' is set on object 'Object Repository/RAD_Pages/AddressAndContactInfo_Page/input_reEnterEMailAddress'

2024-01-14 16:56:09 - [TEST_STEP][PASSED] - if (TaxType.equalsIgnoreCase("Estate Tax")): null

2024-01-14 16:56:09 - [TEST_STEP][PASSED] - resText = "Fail": null

2024-01-14 16:56:09 - [TEST_STEP][PASSED] - pages.WriteExcel.demoKey(resText, datText, resColumn, datCloumn, fileLoc, nameSheet, row): pages.WriteExcel.demoKey is PASSED

2024-01-14 16:56:09 - [MESSAGE][PASSED] - pages.WriteExcel.demoKey is PASSED

2024-01-14 16:56:09 - [TEST_STEP][PASSED] - verifyTextPresent("Enter business name", true, CONTINUE_ON_FAILURE): Text 'Enter business name' is present on page  using regular expression

2024-01-14 16:56:09 - [MESSAGE][PASSED] - Text 'Enter business name' is present on page  using regular expression

2024-01-14 16:56:09 - [TEST_STEP][PASSED] - verifyTextPresent("Enter business rep first name", true, CONTINUE_ON_FAILURE): Text 'Enter business rep first name' is present on page  using regular expression

2024-01-14 16:56:10 - [MESSAGE][PASSED] - Text 'Enter business rep first name' is present on page  using regular expression

2024-01-14 16:56:10 - [TEST_STEP][PASSED] - verifyTextPresent("Enter business rep last name", true, CONTINUE_ON_FAILURE): Text 'Enter business rep last name' is present on page  using regular expression

2024-01-14 16:56:10 - [MESSAGE][PASSED] - Text 'Enter business rep last name' is present on page  using regular expression

2024-01-14 16:56:10 - [TEST_STEP][PASSED] - verifyTextPresent("Enter address", true, CONTINUE_ON_FAILURE): Text 'Enter address' is present on page  using regular expression

2024-01-14 16:56:10 - [MESSAGE][PASSED] - Text 'Enter address' is present on page  using regular expression

2024-01-14 16:56:10 - [TEST_STEP][PASSED] - verifyTextPresent("Enter city", true, CONTINUE_ON_FAILURE): Text 'Enter city' is present on page  using regular expression

2024-01-14 16:56:11 - [MESSAGE][PASSED] - Text 'Enter city' is present on page  using regular expression

2024-01-14 16:56:11 - [TEST_STEP][PASSED] - verifyTextPresent("Enter ZIP code", true, CONTINUE_ON_FAILURE): Text 'Enter ZIP code' is present on page  using regular expression

2024-01-14 16:56:11 - [MESSAGE][PASSED] - Text 'Enter ZIP code' is present on page  using regular expression

2024-01-14 16:56:11 - [TEST_STEP][PASSED] - verifyTextPresent("Enter a valid phone number", true, CONTINUE_ON_FAILURE): Text 'Enter a valid phone number' is present on page  using regular expression

2024-01-14 16:56:12 - [MESSAGE][PASSED] - Text 'Enter a valid phone number' is present on page  using regular expression

2024-01-14 16:56:12 - [TEST_STEP][PASSED] - verifyTextPresent("Enter Email", true, CONTINUE_ON_FAILURE): Text 'Enter Email' is present on page  using regular expression

2024-01-14 16:56:12 - [MESSAGE][PASSED] - Text 'Enter Email' is present on page  using regular expression

2024-01-14 16:56:12 - [TEST_STEP][PASSED] - if (TaxType.equalsIgnoreCase("Estate Tax")): null

2024-01-14 16:56:12 - [TEST_STEP][PASSED] - resText = "Pass": null

2024-01-14 16:56:12 - [TEST_STEP][PASSED] - pages.WriteExcel.demoKey(resText, datText, resColumn, datCloumn, fileLoc, nameSheet, row): pages.WriteExcel.demoKey is PASSED

2024-01-14 16:56:12 - [MESSAGE][PASSED] - pages.WriteExcel.demoKey is PASSED

2024-01-14 16:56:12 - [TEST_STEP][PASSED] - ExecuteTC = findTestData(dataFile).getValue("Execute", row): null

2024-01-14 16:56:12 - [TEST_STEP][PASSED] - TaxType = findTestData(dataFile).getValue("TaxType", row): null

2024-01-14 16:56:12 - [TEST_STEP][PASSED] - PaymentType = findTestData(dataFile).getValue("PaymentType", row): null

2024-01-14 16:56:12 - [TEST_STEP][PASSED] - FilingYear = findTestData(dataFile).getValue("Year", row): null

2024-01-14 16:56:12 - [TEST_STEP][PASSED] - feinSSN = findTestData(dataFile).getValue("FeinSsn", row): null

2024-01-14 16:56:12 - [TEST_STEP][PASSED] - if (ExecuteTC.equalsIgnoreCase("Y")): pages.WriteExcel.demoKey is PASSED

2024-01-14 16:56:12 - [TEST_STEP][PASSED] - out.println("Begin Record Number: " + row): null

2024-01-14 16:56:12 - [TEST_STEP][PASSED] - today = new java.util.Date(): null

2024-01-14 16:56:12 - [TEST_STEP][PASSED] - println(today): null

2024-01-14 16:56:12 - [TEST_STEP][PASSED] - datText = today: null

2024-01-14 16:56:12 - [TEST_STEP][PASSED] - logInfo("Payment Type: New Tax Return Amount Due"): Payment Type: New Tax Return Amount Due

2024-01-14 16:56:12 - [MESSAGE][INFO] - Payment Type: New Tax Return Amount Due

2024-01-14 16:56:12 - [TEST_STEP][PASSED] - logInfo("Tax Type: " + TaxType): Tax Type: Unclaimed Property

2024-01-14 16:56:12 - [MESSAGE][INFO] - Tax Type: Unclaimed Property

2024-01-14 16:56:12 - [TEST_STEP][PASSED] - openBrowser(""): Browser is opened with url: ''

2024-01-14 16:56:12 - [MESSAGE][WARNING] - A browser is already opened. Closing browser and opening a new one

2024-01-14 16:56:13 - [MESSAGE][INFO] - Starting 'Chrome' driver

2024-01-14 16:56:13 - [MESSAGE][INFO] - User set preference: ['acceptInsecureCerts', 'true']

2024-01-14 16:56:13 - [MESSAGE][INFO] - Action delay is set to 0 milliseconds

2024-01-14 16:56:15 - [MESSAGE][PASSED] - Browser is opened with url: ''

2024-01-14 16:56:15 - [TEST_STEP][PASSED] - maximizeWindow(): Current window maximized

2024-01-14 16:56:15 - [MESSAGE][PASSED] - Current window maximized

2024-01-14 16:56:15 - [TEST_STEP][PASSED] - navigateToUrl(RADurl): Navigate to 'https://qa2.velocitypayment.com/client/rad/index.html' successfully

2024-01-14 16:56:15 - [MESSAGE][PASSED] - Navigate to 'https://qa2.velocitypayment.com/client/rad/index.html' successfully

2024-01-14 16:56:15 - [TEST_STEP][PASSED] - selectOptionByLabel(findTestObject(orPath_Landing + "/dd_TaxType"), "New Tax Return Amount Due", false): All options with label 'New Tax Return Amount Due' are selected in object 'Object Repository/RAD_Pages/Landing_Page/dd_TaxType' 

2024-01-14 16:56:17 - [MESSAGE][PASSED] - All options with label 'New Tax Return Amount Due' are selected in object 'Object Repository/RAD_Pages/Landing_Page/dd_TaxType' 

2024-01-14 16:56:17 - [TEST_STEP][PASSED] - selectOptionByLabel(findTestObject("Object Repository/RAD_Pages/Landing_Page/select_NewTaxReturnAmountDue_TaxType"), TaxType, false): All options with label 'Unclaimed Property' are selected in object 'Object Repository/RAD_Pages/Landing_Page/select_NewTaxReturnAmountDue_TaxType' 

2024-01-14 16:56:18 - [MESSAGE][PASSED] - All options with label 'Unclaimed Property' are selected in object 'Object Repository/RAD_Pages/Landing_Page/select_NewTaxReturnAmountDue_TaxType' 

2024-01-14 16:56:18 - [TEST_STEP][PASSED] - selectOptionByLabel(findTestObject(orPath_TaxTypeFilingYear + "/select_FilingYear"), FilingYear, false): All options with label '2021' are selected in object 'Object Repository/RAD_Pages/TaxTypeFilingYear_Page/select_FilingYear' 

2024-01-14 16:56:19 - [MESSAGE][PASSED] - All options with label '2021' are selected in object 'Object Repository/RAD_Pages/TaxTypeFilingYear_Page/select_FilingYear' 

2024-01-14 16:56:19 - [TEST_STEP][PASSED] - setText(findTestObject(orPath_TaxPayer + "/input_businessName"), " "): Text ' ' is set on object 'Object Repository/RAD_Pages/Taxpayer_Page/input_businessName'

2024-01-14 16:56:19 - [MESSAGE][PASSED] - Text ' ' is set on object 'Object Repository/RAD_Pages/Taxpayer_Page/input_businessName'

2024-01-14 16:56:19 - [TEST_STEP][PASSED] - setText(findTestObject(orPath_TaxPayer + "/input_BusinessRepfirstName"), " "): Text ' ' is set on object 'Object Repository/RAD_Pages/Taxpayer_Page/input_BusinessRepfirstName'

2024-01-14 16:56:20 - [MESSAGE][PASSED] - Text ' ' is set on object 'Object Repository/RAD_Pages/Taxpayer_Page/input_BusinessRepfirstName'

2024-01-14 16:56:20 - [TEST_STEP][PASSED] - setText(findTestObject(orPath_TaxPayer + "/input_BusinessReplastName"), " "): Text ' ' is set on object 'Object Repository/RAD_Pages/Taxpayer_Page/input_BusinessReplastName'

2024-01-14 16:56:21 - [MESSAGE][PASSED] - Text ' ' is set on object 'Object Repository/RAD_Pages/Taxpayer_Page/input_BusinessReplastName'

2024-01-14 16:56:21 - [TEST_STEP][PASSED] - setText(findTestObject(orPath_AddressContact + "/input_streetAddress1"), " "): Text ' ' is set on object 'Object Repository/RAD_Pages/AddressAndContactInfo_Page/input_streetAddress1'

2024-01-14 16:56:21 - [MESSAGE][PASSED] - Text ' ' is set on object 'Object Repository/RAD_Pages/AddressAndContactInfo_Page/input_streetAddress1'

2024-01-14 16:56:21 - [TEST_STEP][PASSED] - setText(findTestObject(orPath_AddressContact + "/input_city"), " "): Text ' ' is set on object 'Object Repository/RAD_Pages/AddressAndContactInfo_Page/input_city'

2024-01-14 16:56:22 - [MESSAGE][PASSED] - Text ' ' is set on object 'Object Repository/RAD_Pages/AddressAndContactInfo_Page/input_city'

2024-01-14 16:56:22 - [TEST_STEP][PASSED] - setText(findTestObject(orPath_AddressContact + "/input_zipCode"), " "): Text ' ' is set on object 'Object Repository/RAD_Pages/AddressAndContactInfo_Page/input_zipCode'

2024-01-14 16:56:23 - [MESSAGE][PASSED] - Text ' ' is set on object 'Object Repository/RAD_Pages/AddressAndContactInfo_Page/input_zipCode'

2024-01-14 16:56:23 - [TEST_STEP][PASSED] - setText(findTestObject(orPath_AddressContact + "/input_phoneNumber"), " "): Text ' ' is set on object 'Object Repository/RAD_Pages/AddressAndContactInfo_Page/input_phoneNumber'

2024-01-14 16:56:23 - [MESSAGE][PASSED] - Text ' ' is set on object 'Object Repository/RAD_Pages/AddressAndContactInfo_Page/input_phoneNumber'

2024-01-14 16:56:23 - [TEST_STEP][PASSED] - setText(findTestObject(orPath_AddressContact + "/input_eMailAddress"), " "): Text ' ' is set on object 'Object Repository/RAD_Pages/AddressAndContactInfo_Page/input_eMailAddress'

2024-01-14 16:56:24 - [MESSAGE][PASSED] - Text ' ' is set on object 'Object Repository/RAD_Pages/AddressAndContactInfo_Page/input_eMailAddress'

2024-01-14 16:56:24 - [TEST_STEP][PASSED] - setText(findTestObject(orPath_AddressContact + "/input_reEnterEMailAddress"), " "): Text ' ' is set on object 'Object Repository/RAD_Pages/AddressAndContactInfo_Page/input_reEnterEMailAddress'

2024-01-14 16:56:25 - [MESSAGE][PASSED] - Text ' ' is set on object 'Object Repository/RAD_Pages/AddressAndContactInfo_Page/input_reEnterEMailAddress'

2024-01-14 16:56:25 - [TEST_STEP][PASSED] - if (TaxType.equalsIgnoreCase("Estate Tax")): null

2024-01-14 16:56:25 - [TEST_STEP][PASSED] - resText = "Fail": null

2024-01-14 16:56:25 - [TEST_STEP][PASSED] - pages.WriteExcel.demoKey(resText, datText, resColumn, datCloumn, fileLoc, nameSheet, row): pages.WriteExcel.demoKey is PASSED

2024-01-14 16:56:25 - [MESSAGE][PASSED] - pages.WriteExcel.demoKey is PASSED

2024-01-14 16:56:25 - [TEST_STEP][PASSED] - verifyTextPresent("Enter business name", true, CONTINUE_ON_FAILURE): Text 'Enter business name' is present on page  using regular expression

2024-01-14 16:56:26 - [MESSAGE][PASSED] - Text 'Enter business name' is present on page  using regular expression

2024-01-14 16:56:26 - [TEST_STEP][PASSED] - verifyTextPresent("Enter business rep first name", true, CONTINUE_ON_FAILURE): Text 'Enter business rep first name' is present on page  using regular expression

2024-01-14 16:56:26 - [MESSAGE][PASSED] - Text 'Enter business rep first name' is present on page  using regular expression

2024-01-14 16:56:26 - [TEST_STEP][PASSED] - verifyTextPresent("Enter business rep last name", true, CONTINUE_ON_FAILURE): Text 'Enter business rep last name' is present on page  using regular expression

2024-01-14 16:56:26 - [MESSAGE][PASSED] - Text 'Enter business rep last name' is present on page  using regular expression

2024-01-14 16:56:26 - [TEST_STEP][PASSED] - verifyTextPresent("Enter address", true, CONTINUE_ON_FAILURE): Text 'Enter address' is present on page  using regular expression

2024-01-14 16:56:27 - [MESSAGE][PASSED] - Text 'Enter address' is present on page  using regular expression

2024-01-14 16:56:27 - [TEST_STEP][PASSED] - verifyTextPresent("Enter city", true, CONTINUE_ON_FAILURE): Text 'Enter city' is present on page  using regular expression

2024-01-14 16:56:27 - [MESSAGE][PASSED] - Text 'Enter city' is present on page  using regular expression

2024-01-14 16:56:27 - [TEST_STEP][PASSED] - verifyTextPresent("Enter ZIP code", true, CONTINUE_ON_FAILURE): Text 'Enter ZIP code' is present on page  using regular expression

2024-01-14 16:56:27 - [MESSAGE][PASSED] - Text 'Enter ZIP code' is present on page  using regular expression

2024-01-14 16:56:27 - [TEST_STEP][PASSED] - verifyTextPresent("Enter a valid phone number", true, CONTINUE_ON_FAILURE): Text 'Enter a valid phone number' is present on page  using regular expression

2024-01-14 16:56:28 - [MESSAGE][PASSED] - Text 'Enter a valid phone number' is present on page  using regular expression

2024-01-14 16:56:28 - [TEST_STEP][PASSED] - verifyTextPresent("Enter Email", true, CONTINUE_ON_FAILURE): Text 'Enter Email' is present on page  using regular expression

2024-01-14 16:56:28 - [MESSAGE][PASSED] - Text 'Enter Email' is present on page  using regular expression

2024-01-14 16:56:28 - [TEST_STEP][PASSED] - if (TaxType.equalsIgnoreCase("Estate Tax")): null

2024-01-14 16:56:28 - [TEST_STEP][PASSED] - resText = "Pass": null

2024-01-14 16:56:28 - [TEST_STEP][PASSED] - pages.WriteExcel.demoKey(resText, datText, resColumn, datCloumn, fileLoc, nameSheet, row): pages.WriteExcel.demoKey is PASSED

2024-01-14 16:56:28 - [MESSAGE][PASSED] - pages.WriteExcel.demoKey is PASSED

2024-01-14 16:56:28 - [TEST_STEP][PASSED] - ExecuteTC = findTestData(dataFile).getValue("Execute", row): null

2024-01-14 16:56:28 - [TEST_STEP][PASSED] - TaxType = findTestData(dataFile).getValue("TaxType", row): null

2024-01-14 16:56:28 - [TEST_STEP][PASSED] - PaymentType = findTestData(dataFile).getValue("PaymentType", row): null

2024-01-14 16:56:28 - [TEST_STEP][PASSED] - FilingYear = findTestData(dataFile).getValue("Year", row): null

2024-01-14 16:56:28 - [TEST_STEP][PASSED] - feinSSN = findTestData(dataFile).getValue("FeinSsn", row): null

2024-01-14 16:56:28 - [TEST_STEP][PASSED] - if (ExecuteTC.equalsIgnoreCase("Y")): pages.WriteExcel.demoKey is PASSED

2024-01-14 16:56:28 - [TEST_STEP][PASSED] - out.println("Begin Record Number: " + row): null

2024-01-14 16:56:28 - [TEST_STEP][PASSED] - today = new java.util.Date(): null

2024-01-14 16:56:28 - [TEST_STEP][PASSED] - println(today): null

2024-01-14 16:56:28 - [TEST_STEP][PASSED] - datText = today: null

2024-01-14 16:56:28 - [TEST_STEP][PASSED] - logInfo("Payment Type: New Tax Return Amount Due"): Payment Type: New Tax Return Amount Due

2024-01-14 16:56:28 - [MESSAGE][INFO] - Payment Type: New Tax Return Amount Due

2024-01-14 16:56:28 - [TEST_STEP][PASSED] - logInfo("Tax Type: " + TaxType): Tax Type: Withholding Tax

2024-01-14 16:56:28 - [MESSAGE][INFO] - Tax Type: Withholding Tax

2024-01-14 16:56:28 - [TEST_STEP][PASSED] - openBrowser(""): Browser is opened with url: ''

2024-01-14 16:56:28 - [MESSAGE][WARNING] - A browser is already opened. Closing browser and opening a new one

2024-01-14 16:56:30 - [MESSAGE][INFO] - Starting 'Chrome' driver

2024-01-14 16:56:30 - [MESSAGE][INFO] - User set preference: ['acceptInsecureCerts', 'true']

2024-01-14 16:56:30 - [MESSAGE][INFO] - Action delay is set to 0 milliseconds

2024-01-14 16:56:31 - [MESSAGE][PASSED] - Browser is opened with url: ''

2024-01-14 16:56:31 - [TEST_STEP][PASSED] - maximizeWindow(): Current window maximized

2024-01-14 16:56:31 - [MESSAGE][PASSED] - Current window maximized

2024-01-14 16:56:31 - [TEST_STEP][PASSED] - navigateToUrl(RADurl): Navigate to 'https://qa2.velocitypayment.com/client/rad/index.html' successfully

2024-01-14 16:56:33 - [MESSAGE][PASSED] - Navigate to 'https://qa2.velocitypayment.com/client/rad/index.html' successfully

2024-01-14 16:56:33 - [TEST_STEP][PASSED] - selectOptionByLabel(findTestObject(orPath_Landing + "/dd_TaxType"), "New Tax Return Amount Due", false): All options with label 'New Tax Return Amount Due' are selected in object 'Object Repository/RAD_Pages/Landing_Page/dd_TaxType' 

2024-01-14 16:56:34 - [MESSAGE][PASSED] - All options with label 'New Tax Return Amount Due' are selected in object 'Object Repository/RAD_Pages/Landing_Page/dd_TaxType' 

2024-01-14 16:56:34 - [TEST_STEP][PASSED] - selectOptionByLabel(findTestObject("Object Repository/RAD_Pages/Landing_Page/select_NewTaxReturnAmountDue_TaxType"), TaxType, false): All options with label 'Withholding Tax' are selected in object 'Object Repository/RAD_Pages/Landing_Page/select_NewTaxReturnAmountDue_TaxType' 

2024-01-14 16:56:34 - [MESSAGE][PASSED] - All options with label 'Withholding Tax' are selected in object 'Object Repository/RAD_Pages/Landing_Page/select_NewTaxReturnAmountDue_TaxType' 

2024-01-14 16:56:34 - [TEST_STEP][PASSED] - selectOptionByLabel(findTestObject(orPath_TaxTypeFilingYear + "/select_FilingYear"), FilingYear, false): All options with label '2021' are selected in object 'Object Repository/RAD_Pages/TaxTypeFilingYear_Page/select_FilingYear' 

2024-01-14 16:56:35 - [MESSAGE][PASSED] - All options with label '2021' are selected in object 'Object Repository/RAD_Pages/TaxTypeFilingYear_Page/select_FilingYear' 

2024-01-14 16:56:35 - [TEST_STEP][PASSED] - setText(findTestObject(orPath_TaxPayer + "/input_businessName"), " "): Text ' ' is set on object 'Object Repository/RAD_Pages/Taxpayer_Page/input_businessName'

2024-01-14 16:56:36 - [MESSAGE][PASSED] - Text ' ' is set on object 'Object Repository/RAD_Pages/Taxpayer_Page/input_businessName'

2024-01-14 16:56:36 - [TEST_STEP][PASSED] - setText(findTestObject(orPath_TaxPayer + "/input_BusinessRepfirstName"), " "): Text ' ' is set on object 'Object Repository/RAD_Pages/Taxpayer_Page/input_BusinessRepfirstName'

2024-01-14 16:56:36 - [MESSAGE][PASSED] - Text ' ' is set on object 'Object Repository/RAD_Pages/Taxpayer_Page/input_BusinessRepfirstName'

2024-01-14 16:56:36 - [TEST_STEP][PASSED] - setText(findTestObject(orPath_TaxPayer + "/input_BusinessReplastName"), " "): Text ' ' is set on object 'Object Repository/RAD_Pages/Taxpayer_Page/input_BusinessReplastName'

2024-01-14 16:56:37 - [MESSAGE][PASSED] - Text ' ' is set on object 'Object Repository/RAD_Pages/Taxpayer_Page/input_BusinessReplastName'

2024-01-14 16:56:37 - [TEST_STEP][PASSED] - setText(findTestObject(orPath_AddressContact + "/input_streetAddress1"), " "): Text ' ' is set on object 'Object Repository/RAD_Pages/AddressAndContactInfo_Page/input_streetAddress1'

2024-01-14 16:56:38 - [MESSAGE][PASSED] - Text ' ' is set on object 'Object Repository/RAD_Pages/AddressAndContactInfo_Page/input_streetAddress1'

2024-01-14 16:56:38 - [TEST_STEP][PASSED] - setText(findTestObject(orPath_AddressContact + "/input_city"), " "): Text ' ' is set on object 'Object Repository/RAD_Pages/AddressAndContactInfo_Page/input_city'

2024-01-14 16:56:38 - [MESSAGE][PASSED] - Text ' ' is set on object 'Object Repository/RAD_Pages/AddressAndContactInfo_Page/input_city'

2024-01-14 16:56:38 - [TEST_STEP][PASSED] - setText(findTestObject(orPath_AddressContact + "/input_zipCode"), " "): Text ' ' is set on object 'Object Repository/RAD_Pages/AddressAndContactInfo_Page/input_zipCode'

2024-01-14 16:56:39 - [MESSAGE][PASSED] - Text ' ' is set on object 'Object Repository/RAD_Pages/AddressAndContactInfo_Page/input_zipCode'

2024-01-14 16:56:39 - [TEST_STEP][PASSED] - setText(findTestObject(orPath_AddressContact + "/input_phoneNumber"), " "): Text ' ' is set on object 'Object Repository/RAD_Pages/AddressAndContactInfo_Page/input_phoneNumber'

2024-01-14 16:56:40 - [MESSAGE][PASSED] - Text ' ' is set on object 'Object Repository/RAD_Pages/AddressAndContactInfo_Page/input_phoneNumber'

2024-01-14 16:56:40 - [TEST_STEP][PASSED] - setText(findTestObject(orPath_AddressContact + "/input_eMailAddress"), " "): Text ' ' is set on object 'Object Repository/RAD_Pages/AddressAndContactInfo_Page/input_eMailAddress'

2024-01-14 16:56:41 - [MESSAGE][PASSED] - Text ' ' is set on object 'Object Repository/RAD_Pages/AddressAndContactInfo_Page/input_eMailAddress'

2024-01-14 16:56:41 - [TEST_STEP][PASSED] - setText(findTestObject(orPath_AddressContact + "/input_reEnterEMailAddress"), " "): Text ' ' is set on object 'Object Repository/RAD_Pages/AddressAndContactInfo_Page/input_reEnterEMailAddress'

2024-01-14 16:56:42 - [MESSAGE][PASSED] - Text ' ' is set on object 'Object Repository/RAD_Pages/AddressAndContactInfo_Page/input_reEnterEMailAddress'

2024-01-14 16:56:42 - [TEST_STEP][PASSED] - if (TaxType.equalsIgnoreCase("Estate Tax")): null

2024-01-14 16:56:42 - [TEST_STEP][PASSED] - resText = "Fail": null

2024-01-14 16:56:42 - [TEST_STEP][PASSED] - pages.WriteExcel.demoKey(resText, datText, resColumn, datCloumn, fileLoc, nameSheet, row): pages.WriteExcel.demoKey is PASSED

2024-01-14 16:56:42 - [MESSAGE][PASSED] - pages.WriteExcel.demoKey is PASSED

2024-01-14 16:56:42 - [TEST_STEP][PASSED] - verifyTextPresent("Enter business name", true, CONTINUE_ON_FAILURE): Text 'Enter business name' is present on page  using regular expression

2024-01-14 16:56:42 - [MESSAGE][PASSED] - Text 'Enter business name' is present on page  using regular expression

2024-01-14 16:56:42 - [TEST_STEP][PASSED] - verifyTextPresent("Enter business rep first name", true, CONTINUE_ON_FAILURE): Text 'Enter business rep first name' is present on page  using regular expression

2024-01-14 16:56:43 - [MESSAGE][PASSED] - Text 'Enter business rep first name' is present on page  using regular expression

2024-01-14 16:56:43 - [TEST_STEP][PASSED] - verifyTextPresent("Enter business rep last name", true, CONTINUE_ON_FAILURE): Text 'Enter business rep last name' is present on page  using regular expression

2024-01-14 16:56:43 - [MESSAGE][PASSED] - Text 'Enter business rep last name' is present on page  using regular expression

2024-01-14 16:56:43 - [TEST_STEP][PASSED] - verifyTextPresent("Enter address", true, CONTINUE_ON_FAILURE): Text 'Enter address' is present on page  using regular expression

2024-01-14 16:56:43 - [MESSAGE][PASSED] - Text 'Enter address' is present on page  using regular expression

2024-01-14 16:56:43 - [TEST_STEP][PASSED] - verifyTextPresent("Enter city", true, CONTINUE_ON_FAILURE): Text 'Enter city' is present on page  using regular expression

2024-01-14 16:56:44 - [MESSAGE][PASSED] - Text 'Enter city' is present on page  using regular expression

2024-01-14 16:56:44 - [TEST_STEP][PASSED] - verifyTextPresent("Enter ZIP code", true, CONTINUE_ON_FAILURE): Text 'Enter ZIP code' is present on page  using regular expression

2024-01-14 16:56:44 - [MESSAGE][PASSED] - Text 'Enter ZIP code' is present on page  using regular expression

2024-01-14 16:56:44 - [TEST_STEP][PASSED] - verifyTextPresent("Enter a valid phone number", true, CONTINUE_ON_FAILURE): Text 'Enter a valid phone number' is present on page  using regular expression

2024-01-14 16:56:44 - [MESSAGE][PASSED] - Text 'Enter a valid phone number' is present on page  using regular expression

2024-01-14 16:56:44 - [TEST_STEP][PASSED] - verifyTextPresent("Enter Email", true, CONTINUE_ON_FAILURE): Text 'Enter Email' is present on page  using regular expression

2024-01-14 16:56:45 - [MESSAGE][PASSED] - Text 'Enter Email' is present on page  using regular expression

2024-01-14 16:56:45 - [TEST_STEP][PASSED] - if (TaxType.equalsIgnoreCase("Estate Tax")): null

2024-01-14 16:56:45 - [TEST_STEP][PASSED] - resText = "Pass": null

2024-01-14 16:56:45 - [TEST_STEP][PASSED] - pages.WriteExcel.demoKey(resText, datText, resColumn, datCloumn, fileLoc, nameSheet, row): pages.WriteExcel.demoKey is PASSED

2024-01-14 16:56:45 - [MESSAGE][PASSED] - pages.WriteExcel.demoKey is PASSED]]></system-out>
         <system-err><![CDATA[2024-01-14 16:41:41 - [TEST_CASE][FAILED] - Test Cases/RAD_TestCases/MRF_TestCases/NewTaxReturn_MRF_TC: Test Cases/RAD_TestCases/MRF_TestCases/NewTaxReturn_MRF_TC FAILED.
Reason:
com.kms.katalon.core.exception.StepFailedException: Text 'Re-type Decedent SSN Validation Error' is not present on page  using regular expression (Root cause: com.kms.katalon.core.exception.StepFailedException: Text 'Re-type Decedent SSN Validation Error' is not present on page  using regular expression
	at com.kms.katalon.core.webui.keyword.internal.WebUIKeywordMain.stepFailed(WebUIKeywordMain.groovy:64)
	at com.kms.katalon.core.webui.keyword.builtin.VerifyTextPresentKeyword$_verifyTextPresent_closure1.doCall(VerifyTextPresentKeyword.groovy:79)
	at com.kms.katalon.core.webui.keyword.builtin.VerifyTextPresentKeyword$_verifyTextPresent_closure1.call(VerifyTextPresentKeyword.groovy)
	at com.kms.katalon.core.webui.keyword.internal.WebUIKeywordMain.runKeyword(WebUIKeywordMain.groovy:20)
	at com.kms.katalon.core.webui.keyword.builtin.VerifyTextPresentKeyword.verifyTextPresent(VerifyTextPresentKeyword.groovy:83)
	at com.kms.katalon.core.webui.keyword.builtin.VerifyTextPresentKeyword.execute(VerifyTextPresentKeyword.groovy:68)
	at com.kms.katalon.core.keyword.internal.KeywordExecutor.executeKeywordForPlatform(KeywordExecutor.groovy:74)
	at com.kms.katalon.core.webui.keyword.WebUiBuiltInKeywords.verifyTextPresent(WebUiBuiltInKeywords.groovy:1707)
	at com.kms.katalon.core.webui.keyword.WebUiBuiltInKeywords$verifyTextPresent$10.call(Unknown Source)
	at NewTaxReturn_MRF_TC.run(NewTaxReturn_MRF_TC:143)
	at com.kms.katalon.core.main.ScriptEngine.run(ScriptEngine.java:194)
	at com.kms.katalon.core.main.ScriptEngine.runScriptAsRawText(ScriptEngine.java:119)
	at com.kms.katalon.core.main.TestCaseExecutor.runScript(TestCaseExecutor.java:448)
	at com.kms.katalon.core.main.TestCaseExecutor.doExecute(TestCaseExecutor.java:439)
	at com.kms.katalon.core.main.TestCaseExecutor.processExecutionPhase(TestCaseExecutor.java:418)
	at com.kms.katalon.core.main.TestCaseExecutor.accessMainPhase(TestCaseExecutor.java:410)
	at com.kms.katalon.core.main.TestCaseExecutor.execute(TestCaseExecutor.java:285)
	at com.kms.katalon.core.common.CommonExecutor.accessTestCaseMainPhase(CommonExecutor.java:65)
	at com.kms.katalon.core.main.TestSuiteExecutor.accessTestSuiteMainPhase(TestSuiteExecutor.java:148)
	at com.kms.katalon.core.main.TestSuiteExecutor.execute(TestSuiteExecutor.java:106)
	at com.kms.katalon.core.main.TestCaseMain.startTestSuite(TestCaseMain.java:187)
	at com.kms.katalon.core.main.TestCaseMain$startTestSuite$0.call(Unknown Source)
	at TempTestSuite1705265880633.run(TempTestSuite1705265880633.groovy:36)
)
	at com.kms.katalon.core.keyword.internal.KeywordMain.stepFailed(KeywordMain.groovy:39)
	at com.kms.katalon.core.webui.keyword.internal.WebUIKeywordMain.stepFailed(WebUIKeywordMain.groovy:64)
	at com.kms.katalon.core.webui.keyword.builtin.VerifyTextPresentKeyword$_verifyTextPresent_closure1.doCall(VerifyTextPresentKeyword.groovy:79)
	at com.kms.katalon.core.webui.keyword.builtin.VerifyTextPresentKeyword$_verifyTextPresent_closure1.call(VerifyTextPresentKeyword.groovy)
	at com.kms.katalon.core.webui.keyword.internal.WebUIKeywordMain.runKeyword(WebUIKeywordMain.groovy:20)
	at com.kms.katalon.core.webui.keyword.builtin.VerifyTextPresentKeyword.verifyTextPresent(VerifyTextPresentKeyword.groovy:83)
	at com.kms.katalon.core.webui.keyword.builtin.VerifyTextPresentKeyword.execute(VerifyTextPresentKeyword.groovy:68)
	at com.kms.katalon.core.keyword.internal.KeywordExecutor.executeKeywordForPlatform(KeywordExecutor.groovy:74)
	at com.kms.katalon.core.webui.keyword.WebUiBuiltInKeywords.verifyTextPresent(WebUiBuiltInKeywords.groovy:1707)
	at com.kms.katalon.core.webui.keyword.WebUiBuiltInKeywords$verifyTextPresent$10.call(Unknown Source)
	at NewTaxReturn_MRF_TC.run(NewTaxReturn_MRF_TC:143)
	at com.kms.katalon.core.main.ScriptEngine.run(ScriptEngine.java:194)
	at com.kms.katalon.core.main.ScriptEngine.runScriptAsRawText(ScriptEngine.java:119)
	at com.kms.katalon.core.main.TestCaseExecutor.runScript(TestCaseExecutor.java:448)
	at com.kms.katalon.core.main.TestCaseExecutor.doExecute(TestCaseExecutor.java:439)
	at com.kms.katalon.core.main.TestCaseExecutor.processExecutionPhase(TestCaseExecutor.java:418)
	at com.kms.katalon.core.main.TestCaseExecutor.accessMainPhase(TestCaseExecutor.java:410)
	at com.kms.katalon.core.main.TestCaseExecutor.execute(TestCaseExecutor.java:285)
	at com.kms.katalon.core.common.CommonExecutor.accessTestCaseMainPhase(CommonExecutor.java:65)
	at com.kms.katalon.core.main.TestSuiteExecutor.accessTestSuiteMainPhase(TestSuiteExecutor.java:148)
	at com.kms.katalon.core.main.TestSuiteExecutor.execute(TestSuiteExecutor.java:106)
	at com.kms.katalon.core.main.TestCaseMain.startTestSuite(TestCaseMain.java:187)
	at com.kms.katalon.core.main.TestCaseMain$startTestSuite$0.call(Unknown Source)
	at TempTestSuite1705265880633.run(TempTestSuite1705265880633.groovy:36)
Caused by: com.kms.katalon.core.exception.StepFailedException: Text 'Re-type Decedent SSN Validation Error' is not present on page  using regular expression
	... 23 more]]></system-err>
      </testcase>
      <testcase name="Test Cases/RAD_TestCases/MRF_TestCases/Personal_EL_MRF_TC" time="19.433" classname="Test Cases/RAD_TestCases/MRF_TestCases/Personal_EL_MRF_TC" status="PASSED">
         <system-out><![CDATA[2024-01-14 16:56:45 - [TEST_CASE][PASSED] - Test Cases/RAD_TestCases/MRF_TestCases/Personal_EL_MRF_TC: Test Cases/RAD_TestCases/MRF_TestCases/Personal_EL_MRF_TC

2024-01-14 16:56:45 - [TEST_STEP][PASSED] - resText = "Fail": null

2024-01-14 16:56:45 - [TEST_STEP][PASSED] - resColumn = "Result": null

2024-01-14 16:56:45 - [TEST_STEP][PASSED] - datCloumn = "Date": null

2024-01-14 16:56:45 - [TEST_STEP][PASSED] - fileLoc = "KatalonData/RADTestData/MRF.xlsx": null

2024-01-14 16:56:45 - [TEST_STEP][PASSED] - nameSheet = "Personal_EL": null

2024-01-14 16:56:45 - [TEST_STEP][PASSED] - dataFile = "RADTestData/MRF_Personal_EL": null

2024-01-14 16:56:45 - [TEST_STEP][PASSED] - orPath_Landing = "Object Repository/RAD_Pages/Landing_Page": null

2024-01-14 16:56:45 - [TEST_STEP][PASSED] - orPath_TaxTypeFilingYear = "Object Repository/RAD_Pages/TaxTypeFilingYear_Page": null

2024-01-14 16:56:45 - [TEST_STEP][PASSED] - orPath_Amount = "Object Repository/RAD_Pages/PaymentAmount_Page": null

2024-01-14 16:56:45 - [TEST_STEP][PASSED] - orPath_AddressContact = "Object Repository/RAD_Pages/AddressAndContactInfo_Page": null

2024-01-14 16:56:45 - [TEST_STEP][PASSED] - orPath_Summary = "Object Repository/RAD_Pages/Summary_Page": null

2024-01-14 16:56:45 - [TEST_STEP][PASSED] - orPath_PaymentConfirmation = "Object Repository/RAD_Pages/PaymentConfirmation_Page": null

2024-01-14 16:56:45 - [TEST_STEP][PASSED] - orPath_ServiceFeesAccept = "Object Repository/RAD_Pages/ServiceFeeAccept_Page": null

2024-01-14 16:56:45 - [TEST_STEP][PASSED] - orPath_PaymentEntry = "Object Repository/RAD_Pages/PaymentEntry_Page": null

2024-01-14 16:56:45 - [TEST_STEP][PASSED] - orPath_TaxPayer = "Object Repository/RAD_Pages/Taxpayer_Page": null

2024-01-14 16:56:45 - [TEST_STEP][PASSED] - orPath_TaxInfo = "Object Repository/RAD_Pages/TaxInfo_Page": null

2024-01-14 16:56:45 - [TEST_STEP][PASSED] - ExecuteTC = <not implemented yet for class: org.codehaus.groovy.ast.expr.EmptyExpression>: null

2024-01-14 16:56:45 - [TEST_STEP][PASSED] - TaxType = <not implemented yet for class: org.codehaus.groovy.ast.expr.EmptyExpression>: null

2024-01-14 16:56:45 - [TEST_STEP][PASSED] - PaymentType = <not implemented yet for class: org.codehaus.groovy.ast.expr.EmptyExpression>: null

2024-01-14 16:56:45 - [TEST_STEP][PASSED] - FilingYear = <not implemented yet for class: org.codehaus.groovy.ast.expr.EmptyExpression>: null

2024-01-14 16:56:45 - [TEST_STEP][PASSED] - PeriodEndingMonth = <not implemented yet for class: org.codehaus.groovy.ast.expr.EmptyExpression>: null

2024-01-14 16:56:45 - [TEST_STEP][PASSED] - executionProfile = getExecutionProfile(): null

2024-01-14 16:56:45 - [TEST_STEP][PASSED] - numOfRows = findTestData(dataFile).getRowNumbers(): null

2024-01-14 16:56:46 - [TEST_STEP][PASSED] - println("Number of Records: " + numOfRows): null

2024-01-14 16:56:46 - [TEST_STEP][PASSED] - for ([row = 1, row <= numOfRows, (row++)]): pages.WriteExcel.demoKey is PASSED

2024-01-14 16:56:46 - [TEST_STEP][PASSED] - ExecuteTC = findTestData(dataFile).getValue("Execute", row): null

2024-01-14 16:56:46 - [TEST_STEP][PASSED] - TaxType = findTestData(dataFile).getValue("TaxType", row): null

2024-01-14 16:56:46 - [TEST_STEP][PASSED] - PaymentType = findTestData(dataFile).getValue("PaymentType", row): null

2024-01-14 16:56:46 - [TEST_STEP][PASSED] - if (ExecuteTC.equalsIgnoreCase("Y")): pages.WriteExcel.demoKey is PASSED

2024-01-14 16:56:46 - [TEST_STEP][PASSED] - out.println("Begin Record Number: " + row): null

2024-01-14 16:56:46 - [TEST_STEP][PASSED] - today = new java.util.Date(): null

2024-01-14 16:56:46 - [TEST_STEP][PASSED] - println(today): null

2024-01-14 16:56:46 - [TEST_STEP][PASSED] - datText = today: null

2024-01-14 16:56:46 - [TEST_STEP][PASSED] - logInfo("Payment Type: " + PaymentType): Payment Type: Existing Liability w/Notice Number

2024-01-14 16:56:46 - [MESSAGE][INFO] - Payment Type: Existing Liability w/Notice Number

2024-01-14 16:56:46 - [TEST_STEP][PASSED] - logInfo("Tax Type: " + TaxType): Tax Type: Personal Income Tax

2024-01-14 16:56:46 - [MESSAGE][INFO] - Tax Type: Personal Income Tax

2024-01-14 16:56:46 - [TEST_STEP][PASSED] - openBrowser(""): Browser is opened with url: ''

2024-01-14 16:56:46 - [MESSAGE][WARNING] - A browser is already opened. Closing browser and opening a new one

2024-01-14 16:56:47 - [MESSAGE][INFO] - Starting 'Chrome' driver

2024-01-14 16:56:47 - [MESSAGE][INFO] - User set preference: ['acceptInsecureCerts', 'true']

2024-01-14 16:56:47 - [MESSAGE][INFO] - Action delay is set to 0 milliseconds

2024-01-14 16:56:48 - [MESSAGE][PASSED] - Browser is opened with url: ''

2024-01-14 16:56:48 - [TEST_STEP][PASSED] - maximizeWindow(): Current window maximized

2024-01-14 16:56:48 - [MESSAGE][PASSED] - Current window maximized

2024-01-14 16:56:48 - [TEST_STEP][PASSED] - navigateToUrl(RADurl): Navigate to 'https://qa2.velocitypayment.com/client/rad/index.html' successfully

2024-01-14 16:56:49 - [MESSAGE][PASSED] - Navigate to 'https://qa2.velocitypayment.com/client/rad/index.html' successfully

2024-01-14 16:56:49 - [TEST_STEP][PASSED] - selectOptionByLabel(findTestObject(orPath_Landing + "/dd_TaxType"), PaymentType, false): All options with label 'Existing Liability w/Notice Number' are selected in object 'Object Repository/RAD_Pages/Landing_Page/dd_TaxType' 

2024-01-14 16:56:51 - [MESSAGE][PASSED] - All options with label 'Existing Liability w/Notice Number' are selected in object 'Object Repository/RAD_Pages/Landing_Page/dd_TaxType' 

2024-01-14 16:56:51 - [TEST_STEP][PASSED] - selectOptionByLabel(findTestObject(orPath_TaxTypeFilingYear + "/select_TaxType_ExistingLiability"), TaxType, false): All options with label 'Personal Income Tax' are selected in object 'Object Repository/RAD_Pages/TaxTypeFilingYear_Page/select_TaxType_ExistingLiability' 

2024-01-14 16:56:51 - [MESSAGE][PASSED] - All options with label 'Personal Income Tax' are selected in object 'Object Repository/RAD_Pages/TaxTypeFilingYear_Page/select_TaxType_ExistingLiability' 

2024-01-14 16:56:51 - [TEST_STEP][PASSED] - setText(findTestObject(orPath_TaxPayer + "/input_firstName"), " "): Text ' ' is set on object 'Object Repository/RAD_Pages/Taxpayer_Page/input_firstName'

2024-01-14 16:56:52 - [MESSAGE][PASSED] - Text ' ' is set on object 'Object Repository/RAD_Pages/Taxpayer_Page/input_firstName'

2024-01-14 16:56:52 - [TEST_STEP][PASSED] - setText(findTestObject(orPath_TaxPayer + "/input_lastName"), " "): Text ' ' is set on object 'Object Repository/RAD_Pages/Taxpayer_Page/input_lastName'

2024-01-14 16:56:53 - [MESSAGE][PASSED] - Text ' ' is set on object 'Object Repository/RAD_Pages/Taxpayer_Page/input_lastName'

2024-01-14 16:56:53 - [TEST_STEP][PASSED] - setText(findTestObject(orPath_AddressContact + "/input_streetAddress1"), " "): Text ' ' is set on object 'Object Repository/RAD_Pages/AddressAndContactInfo_Page/input_streetAddress1'

2024-01-14 16:56:54 - [MESSAGE][PASSED] - Text ' ' is set on object 'Object Repository/RAD_Pages/AddressAndContactInfo_Page/input_streetAddress1'

2024-01-14 16:56:54 - [TEST_STEP][PASSED] - setText(findTestObject(orPath_AddressContact + "/input_city"), " "): Text ' ' is set on object 'Object Repository/RAD_Pages/AddressAndContactInfo_Page/input_city'

2024-01-14 16:56:54 - [MESSAGE][PASSED] - Text ' ' is set on object 'Object Repository/RAD_Pages/AddressAndContactInfo_Page/input_city'

2024-01-14 16:56:54 - [TEST_STEP][PASSED] - setText(findTestObject(orPath_AddressContact + "/input_zipCode"), " "): Text ' ' is set on object 'Object Repository/RAD_Pages/AddressAndContactInfo_Page/input_zipCode'

2024-01-14 16:56:55 - [MESSAGE][PASSED] - Text ' ' is set on object 'Object Repository/RAD_Pages/AddressAndContactInfo_Page/input_zipCode'

2024-01-14 16:56:55 - [TEST_STEP][PASSED] - setText(findTestObject(orPath_AddressContact + "/input_phoneNumber"), " "): Text ' ' is set on object 'Object Repository/RAD_Pages/AddressAndContactInfo_Page/input_phoneNumber'

2024-01-14 16:56:56 - [MESSAGE][PASSED] - Text ' ' is set on object 'Object Repository/RAD_Pages/AddressAndContactInfo_Page/input_phoneNumber'

2024-01-14 16:56:56 - [TEST_STEP][PASSED] - setText(findTestObject(orPath_AddressContact + "/input_eMailAddress"), " "): Text ' ' is set on object 'Object Repository/RAD_Pages/AddressAndContactInfo_Page/input_eMailAddress'

2024-01-14 16:56:56 - [MESSAGE][PASSED] - Text ' ' is set on object 'Object Repository/RAD_Pages/AddressAndContactInfo_Page/input_eMailAddress'

2024-01-14 16:56:56 - [TEST_STEP][PASSED] - setText(findTestObject(orPath_AddressContact + "/input_reEnterEMailAddress"), " "): Text ' ' is set on object 'Object Repository/RAD_Pages/AddressAndContactInfo_Page/input_reEnterEMailAddress'

2024-01-14 16:56:57 - [MESSAGE][PASSED] - Text ' ' is set on object 'Object Repository/RAD_Pages/AddressAndContactInfo_Page/input_reEnterEMailAddress'

2024-01-14 16:56:57 - [TEST_STEP][PASSED] - setText(findTestObject(orPath_TaxInfo + "/input_TaxInfo_ExisitingSSN"), " "): Text ' ' is set on object 'Object Repository/RAD_Pages/TaxInfo_Page/input_TaxInfo_ExisitingSSN'

2024-01-14 16:56:58 - [MESSAGE][PASSED] - Text ' ' is set on object 'Object Repository/RAD_Pages/TaxInfo_Page/input_TaxInfo_ExisitingSSN'

2024-01-14 16:56:58 - [TEST_STEP][PASSED] - setText(findTestObject(orPath_TaxInfo + "/input_TaxInfo_reTaxTypeExisitingSSN"), " "): Text ' ' is set on object 'Object Repository/RAD_Pages/TaxInfo_Page/input_TaxInfo_reTaxTypeExisitingSSN'

2024-01-14 16:56:58 - [MESSAGE][PASSED] - Text ' ' is set on object 'Object Repository/RAD_Pages/TaxInfo_Page/input_TaxInfo_reTaxTypeExisitingSSN'

2024-01-14 16:56:58 - [TEST_STEP][PASSED] - setText(findTestObject(orPath_TaxInfo + "/input_NoticeInvoiceNumber"), " "): Text ' ' is set on object 'Object Repository/RAD_Pages/TaxInfo_Page/input_NoticeInvoiceNumber'

2024-01-14 16:56:59 - [MESSAGE][PASSED] - Text ' ' is set on object 'Object Repository/RAD_Pages/TaxInfo_Page/input_NoticeInvoiceNumber'

2024-01-14 16:56:59 - [TEST_STEP][PASSED] - setText(findTestObject(orPath_TaxInfo + "/input_reTypeNoticeInvoiceNumber"), " "): Text ' ' is set on object 'Object Repository/RAD_Pages/TaxInfo_Page/input_reTypeNoticeInvoiceNumber'

2024-01-14 16:57:00 - [MESSAGE][PASSED] - Text ' ' is set on object 'Object Repository/RAD_Pages/TaxInfo_Page/input_reTypeNoticeInvoiceNumber'

2024-01-14 16:57:00 - [TEST_STEP][PASSED] - resText = "Fail": null

2024-01-14 16:57:00 - [TEST_STEP][PASSED] - pages.WriteExcel.demoKey(resText, datText, resColumn, datCloumn, fileLoc, nameSheet, row): pages.WriteExcel.demoKey is PASSED

2024-01-14 16:57:00 - [MESSAGE][PASSED] - pages.WriteExcel.demoKey is PASSED

2024-01-14 16:57:00 - [TEST_STEP][PASSED] - verifyTextPresent("Enter first name", true, CONTINUE_ON_FAILURE): Text 'Enter first name' is present on page  using regular expression

2024-01-14 16:57:01 - [MESSAGE][PASSED] - Text 'Enter first name' is present on page  using regular expression

2024-01-14 16:57:01 - [TEST_STEP][PASSED] - verifyTextPresent("Enter last name", true, CONTINUE_ON_FAILURE): Text 'Enter last name' is present on page  using regular expression

2024-01-14 16:57:01 - [MESSAGE][PASSED] - Text 'Enter last name' is present on page  using regular expression

2024-01-14 16:57:01 - [TEST_STEP][PASSED] - verifyTextPresent("Enter address", true, CONTINUE_ON_FAILURE): Text 'Enter address' is present on page  using regular expression

2024-01-14 16:57:02 - [MESSAGE][PASSED] - Text 'Enter address' is present on page  using regular expression

2024-01-14 16:57:02 - [TEST_STEP][PASSED] - verifyTextPresent("Enter city", true, CONTINUE_ON_FAILURE): Text 'Enter city' is present on page  using regular expression

2024-01-14 16:57:02 - [MESSAGE][PASSED] - Text 'Enter city' is present on page  using regular expression

2024-01-14 16:57:02 - [TEST_STEP][PASSED] - verifyTextPresent("Enter ZIP code", true, CONTINUE_ON_FAILURE): Text 'Enter ZIP code' is present on page  using regular expression

2024-01-14 16:57:02 - [MESSAGE][PASSED] - Text 'Enter ZIP code' is present on page  using regular expression

2024-01-14 16:57:02 - [TEST_STEP][PASSED] - verifyTextPresent("Enter a valid phone number", true, CONTINUE_ON_FAILURE): Text 'Enter a valid phone number' is present on page  using regular expression

2024-01-14 16:57:03 - [MESSAGE][PASSED] - Text 'Enter a valid phone number' is present on page  using regular expression

2024-01-14 16:57:03 - [TEST_STEP][PASSED] - verifyTextPresent("Enter Email", true, CONTINUE_ON_FAILURE): Text 'Enter Email' is present on page  using regular expression

2024-01-14 16:57:03 - [MESSAGE][PASSED] - Text 'Enter Email' is present on page  using regular expression

2024-01-14 16:57:03 - [TEST_STEP][PASSED] - verifyTextPresent("Please enter a valid SSN with 9 digits", true, CONTINUE_ON_FAILURE): Text 'Please enter a valid SSN with 9 digits' is present on page  using regular expression

2024-01-14 16:57:03 - [MESSAGE][PASSED] - Text 'Please enter a valid SSN with 9 digits' is present on page  using regular expression

2024-01-14 16:57:03 - [TEST_STEP][PASSED] - verifyTextPresent("Re-type SSN Validation Error", true, CONTINUE_ON_FAILURE): Text 'Re-type SSN Validation Error' is present on page  using regular expression

2024-01-14 16:57:04 - [MESSAGE][PASSED] - Text 'Re-type SSN Validation Error' is present on page  using regular expression

2024-01-14 16:57:04 - [TEST_STEP][PASSED] - verifyTextPresent("Notice Number must be 13 digits in length, with a value greater than zero", true, CONTINUE_ON_FAILURE): Text 'Notice Number must be 13 digits in length, with a value greater than zero' is present on page  using regular expression

2024-01-14 16:57:04 - [MESSAGE][PASSED] - Text 'Notice Number must be 13 digits in length, with a value greater than zero' is present on page  using regular expression

2024-01-14 16:57:04 - [TEST_STEP][PASSED] - resText = "Pass": null

2024-01-14 16:57:04 - [TEST_STEP][PASSED] - pages.WriteExcel.demoKey(resText, datText, resColumn, datCloumn, fileLoc, nameSheet, row): pages.WriteExcel.demoKey is PASSED

2024-01-14 16:57:04 - [MESSAGE][PASSED] - pages.WriteExcel.demoKey is PASSED]]></system-out>
         <system-err><![CDATA[]]></system-err>
      </testcase>
      <testcase name="Test Cases/RAD_TestCases/MRF_TestCases/Personal_Individual_MRF_TC" time="72.033" classname="Test Cases/RAD_TestCases/MRF_TestCases/Personal_Individual_MRF_TC" status="PASSED">
         <system-out><![CDATA[2024-01-14 16:57:04 - [TEST_CASE][PASSED] - Test Cases/RAD_TestCases/MRF_TestCases/Personal_Individual_MRF_TC: Test Cases/RAD_TestCases/MRF_TestCases/Personal_Individual_MRF_TC

2024-01-14 16:57:05 - [TEST_STEP][PASSED] - resText = "Fail": null

2024-01-14 16:57:05 - [TEST_STEP][PASSED] - resColumn = "Result": null

2024-01-14 16:57:05 - [TEST_STEP][PASSED] - datCloumn = "Date": null

2024-01-14 16:57:05 - [TEST_STEP][PASSED] - fileLoc = "KatalonData/RADTestData/MRF.xlsx": null

2024-01-14 16:57:05 - [TEST_STEP][PASSED] - nameSheet = "Personal_IND": null

2024-01-14 16:57:05 - [TEST_STEP][PASSED] - dataFile = "RADTestData/MRF_Personal_IND": null

2024-01-14 16:57:05 - [TEST_STEP][PASSED] - orPath_Landing = "Object Repository/RAD_Pages/Landing_Page": null

2024-01-14 16:57:05 - [TEST_STEP][PASSED] - orPath_TaxTypeFilingYear = "Object Repository/RAD_Pages/TaxTypeFilingYear_Page": null

2024-01-14 16:57:05 - [TEST_STEP][PASSED] - orPath_Amount = "Object Repository/RAD_Pages/PaymentAmount_Page": null

2024-01-14 16:57:05 - [TEST_STEP][PASSED] - orPath_AddressContact = "Object Repository/RAD_Pages/AddressAndContactInfo_Page": null

2024-01-14 16:57:05 - [TEST_STEP][PASSED] - orPath_Summary = "Object Repository/RAD_Pages/Summary_Page": null

2024-01-14 16:57:05 - [TEST_STEP][PASSED] - orPath_PaymentConfirmation = "Object Repository/RAD_Pages/PaymentConfirmation_Page": null

2024-01-14 16:57:05 - [TEST_STEP][PASSED] - orPath_ServiceFeesAccept = "Object Repository/RAD_Pages/ServiceFeeAccept_Page": null

2024-01-14 16:57:05 - [TEST_STEP][PASSED] - orPath_PaymentEntry = "Object Repository/RAD_Pages/PaymentEntry_Page": null

2024-01-14 16:57:05 - [TEST_STEP][PASSED] - orPath_TaxPayer = "Object Repository/RAD_Pages/Taxpayer_Page": null

2024-01-14 16:57:05 - [TEST_STEP][PASSED] - ExecuteTC = <not implemented yet for class: org.codehaus.groovy.ast.expr.EmptyExpression>: null

2024-01-14 16:57:05 - [TEST_STEP][PASSED] - TaxType = <not implemented yet for class: org.codehaus.groovy.ast.expr.EmptyExpression>: null

2024-01-14 16:57:05 - [TEST_STEP][PASSED] - PaymentType = <not implemented yet for class: org.codehaus.groovy.ast.expr.EmptyExpression>: null

2024-01-14 16:57:05 - [TEST_STEP][PASSED] - FilingYear = <not implemented yet for class: org.codehaus.groovy.ast.expr.EmptyExpression>: null

2024-01-14 16:57:05 - [TEST_STEP][PASSED] - PeriodEndingMonth = <not implemented yet for class: org.codehaus.groovy.ast.expr.EmptyExpression>: null

2024-01-14 16:57:05 - [TEST_STEP][PASSED] - executionProfile = getExecutionProfile(): null

2024-01-14 16:57:05 - [TEST_STEP][PASSED] - numOfRows = findTestData(dataFile).getRowNumbers(): null

2024-01-14 16:57:05 - [TEST_STEP][PASSED] - println("Number of Records: " + numOfRows): null

2024-01-14 16:57:05 - [TEST_STEP][PASSED] - for ([row = 1, row <= numOfRows, (row++)]): pages.WriteExcel.demoKey is PASSED

2024-01-14 16:57:05 - [TEST_STEP][PASSED] - ExecuteTC = findTestData(dataFile).getValue("Execute", row): null

2024-01-14 16:57:05 - [TEST_STEP][PASSED] - TaxType = findTestData(dataFile).getValue("TaxType", row): null

2024-01-14 16:57:05 - [TEST_STEP][PASSED] - PaymentType = findTestData(dataFile).getValue("PaymentType", row): null

2024-01-14 16:57:05 - [TEST_STEP][PASSED] - FilingYear = findTestData(dataFile).getValue("Year", row): null

2024-01-14 16:57:05 - [TEST_STEP][PASSED] - if (ExecuteTC.equalsIgnoreCase("Y")): pages.WriteExcel.demoKey is PASSED

2024-01-14 16:57:05 - [TEST_STEP][PASSED] - out.println("Begin Record Number: " + row): null

2024-01-14 16:57:05 - [TEST_STEP][PASSED] - today = new java.util.Date(): null

2024-01-14 16:57:05 - [TEST_STEP][PASSED] - println(today): null

2024-01-14 16:57:05 - [TEST_STEP][PASSED] - datText = today: null

2024-01-14 16:57:05 - [TEST_STEP][PASSED] - logInfo("Payment Type: " + PaymentType): Payment Type: Quarterly Estimated Tax

2024-01-14 16:57:05 - [MESSAGE][INFO] - Payment Type: Quarterly Estimated Tax

2024-01-14 16:57:05 - [TEST_STEP][PASSED] - logInfo("Tax Type: " + TaxType): Tax Type: Personal Income Tax

2024-01-14 16:57:05 - [MESSAGE][INFO] - Tax Type: Personal Income Tax

2024-01-14 16:57:05 - [TEST_STEP][PASSED] - openBrowser(""): Browser is opened with url: ''

2024-01-14 16:57:05 - [MESSAGE][WARNING] - A browser is already opened. Closing browser and opening a new one

2024-01-14 16:57:06 - [MESSAGE][INFO] - Starting 'Chrome' driver

2024-01-14 16:57:06 - [MESSAGE][INFO] - User set preference: ['acceptInsecureCerts', 'true']

2024-01-14 16:57:06 - [MESSAGE][INFO] - Action delay is set to 0 milliseconds

2024-01-14 16:57:08 - [MESSAGE][PASSED] - Browser is opened with url: ''

2024-01-14 16:57:08 - [TEST_STEP][PASSED] - maximizeWindow(): Current window maximized

2024-01-14 16:57:08 - [MESSAGE][PASSED] - Current window maximized

2024-01-14 16:57:08 - [TEST_STEP][PASSED] - navigateToUrl(RADurl): Navigate to 'https://qa2.velocitypayment.com/client/rad/index.html' successfully

2024-01-14 16:57:08 - [MESSAGE][PASSED] - Navigate to 'https://qa2.velocitypayment.com/client/rad/index.html' successfully

2024-01-14 16:57:08 - [TEST_STEP][PASSED] - selectOptionByLabel(findTestObject(orPath_Landing + "/dd_TaxType"), PaymentType, false): All options with label 'Quarterly Estimated Tax' are selected in object 'Object Repository/RAD_Pages/Landing_Page/dd_TaxType' 

2024-01-14 16:57:10 - [MESSAGE][PASSED] - All options with label 'Quarterly Estimated Tax' are selected in object 'Object Repository/RAD_Pages/Landing_Page/dd_TaxType' 

2024-01-14 16:57:10 - [TEST_STEP][PASSED] - switch (PaymentType): null

2024-01-14 16:57:10 - [TEST_STEP][PASSED] - case "Quarterly Estimated Tax":: null

2024-01-14 16:57:10 - [TEST_STEP][PASSED] - selectOptionByLabel(findTestObject(orPath_TaxTypeFilingYear + "/select_PaymentType"), TaxType, false): All options with label 'Personal Income Tax' are selected in object 'Object Repository/RAD_Pages/TaxTypeFilingYear_Page/select_PaymentType' 

2024-01-14 16:57:11 - [MESSAGE][PASSED] - All options with label 'Personal Income Tax' are selected in object 'Object Repository/RAD_Pages/TaxTypeFilingYear_Page/select_PaymentType' 

2024-01-14 16:57:11 - [TEST_STEP][PASSED] - break: null

2024-01-14 16:57:11 - [TEST_STEP][PASSED] - if (!(FilingYear.isEmpty())): All options with label '2024' are selected in object 'Object Repository/RAD_Pages/TaxTypeFilingYear_Page/select_FilingYear' 

2024-01-14 16:57:11 - [TEST_STEP][PASSED] - selectOptionByLabel(findTestObject(orPath_TaxTypeFilingYear + "/select_FilingYear"), FilingYear, false): All options with label '2024' are selected in object 'Object Repository/RAD_Pages/TaxTypeFilingYear_Page/select_FilingYear' 

2024-01-14 16:57:12 - [MESSAGE][PASSED] - All options with label '2024' are selected in object 'Object Repository/RAD_Pages/TaxTypeFilingYear_Page/select_FilingYear' 

2024-01-14 16:57:12 - [TEST_STEP][PASSED] - setText(findTestObject(orPath_TaxPayer + "/input_firstName"), " "): Text ' ' is set on object 'Object Repository/RAD_Pages/Taxpayer_Page/input_firstName'

2024-01-14 16:57:12 - [MESSAGE][PASSED] - Text ' ' is set on object 'Object Repository/RAD_Pages/Taxpayer_Page/input_firstName'

2024-01-14 16:57:12 - [TEST_STEP][PASSED] - setText(findTestObject(orPath_TaxPayer + "/input_lastName"), " "): Text ' ' is set on object 'Object Repository/RAD_Pages/Taxpayer_Page/input_lastName'

2024-01-14 16:57:13 - [MESSAGE][PASSED] - Text ' ' is set on object 'Object Repository/RAD_Pages/Taxpayer_Page/input_lastName'

2024-01-14 16:57:13 - [TEST_STEP][PASSED] - setText(findTestObject("RAD_RecordAndPlay/input_concatSSN"), " "): Text ' ' is set on object 'Object Repository/RAD_RecordAndPlay/input_concatSSN'

2024-01-14 16:57:14 - [MESSAGE][PASSED] - Text ' ' is set on object 'Object Repository/RAD_RecordAndPlay/input_concatSSN'

2024-01-14 16:57:14 - [TEST_STEP][PASSED] - setText(findTestObject("RAD_RecordAndPlay/input_concatReSSN"), " "): Text ' ' is set on object 'Object Repository/RAD_RecordAndPlay/input_concatReSSN'

2024-01-14 16:57:14 - [MESSAGE][PASSED] - Text ' ' is set on object 'Object Repository/RAD_RecordAndPlay/input_concatReSSN'

2024-01-14 16:57:14 - [TEST_STEP][PASSED] - setText(findTestObject(orPath_AddressContact + "/input_streetAddress1"), " "): Text ' ' is set on object 'Object Repository/RAD_Pages/AddressAndContactInfo_Page/input_streetAddress1'

2024-01-14 16:57:15 - [MESSAGE][PASSED] - Text ' ' is set on object 'Object Repository/RAD_Pages/AddressAndContactInfo_Page/input_streetAddress1'

2024-01-14 16:57:15 - [TEST_STEP][PASSED] - setText(findTestObject(orPath_AddressContact + "/input_city"), " "): Text ' ' is set on object 'Object Repository/RAD_Pages/AddressAndContactInfo_Page/input_city'

2024-01-14 16:57:16 - [MESSAGE][PASSED] - Text ' ' is set on object 'Object Repository/RAD_Pages/AddressAndContactInfo_Page/input_city'

2024-01-14 16:57:16 - [TEST_STEP][PASSED] - setText(findTestObject(orPath_AddressContact + "/input_zipCode"), " "): Text ' ' is set on object 'Object Repository/RAD_Pages/AddressAndContactInfo_Page/input_zipCode'

2024-01-14 16:57:17 - [MESSAGE][PASSED] - Text ' ' is set on object 'Object Repository/RAD_Pages/AddressAndContactInfo_Page/input_zipCode'

2024-01-14 16:57:17 - [TEST_STEP][PASSED] - setText(findTestObject(orPath_AddressContact + "/input_phoneNumber"), " "): Text ' ' is set on object 'Object Repository/RAD_Pages/AddressAndContactInfo_Page/input_phoneNumber'

2024-01-14 16:57:17 - [MESSAGE][PASSED] - Text ' ' is set on object 'Object Repository/RAD_Pages/AddressAndContactInfo_Page/input_phoneNumber'

2024-01-14 16:57:17 - [TEST_STEP][PASSED] - setText(findTestObject(orPath_AddressContact + "/input_eMailAddress"), " "): Text ' ' is set on object 'Object Repository/RAD_Pages/AddressAndContactInfo_Page/input_eMailAddress'

2024-01-14 16:57:18 - [MESSAGE][PASSED] - Text ' ' is set on object 'Object Repository/RAD_Pages/AddressAndContactInfo_Page/input_eMailAddress'

2024-01-14 16:57:18 - [TEST_STEP][PASSED] - setText(findTestObject(orPath_AddressContact + "/input_reEnterEMailAddress"), " "): Text ' ' is set on object 'Object Repository/RAD_Pages/AddressAndContactInfo_Page/input_reEnterEMailAddress'

2024-01-14 16:57:19 - [MESSAGE][PASSED] - Text ' ' is set on object 'Object Repository/RAD_Pages/AddressAndContactInfo_Page/input_reEnterEMailAddress'

2024-01-14 16:57:19 - [TEST_STEP][PASSED] - resText = "Fail": null

2024-01-14 16:57:19 - [TEST_STEP][PASSED] - pages.WriteExcel.demoKey(resText, datText, resColumn, datCloumn, fileLoc, nameSheet, row): pages.WriteExcel.demoKey is PASSED

2024-01-14 16:57:19 - [MESSAGE][PASSED] - pages.WriteExcel.demoKey is PASSED

2024-01-14 16:57:19 - [TEST_STEP][PASSED] - verifyTextPresent("Enter first name", true, CONTINUE_ON_FAILURE): Text 'Enter first name' is present on page  using regular expression

2024-01-14 16:57:20 - [MESSAGE][PASSED] - Text 'Enter first name' is present on page  using regular expression

2024-01-14 16:57:20 - [TEST_STEP][PASSED] - verifyTextPresent("Enter last name", true, CONTINUE_ON_FAILURE): Text 'Enter last name' is present on page  using regular expression

2024-01-14 16:57:20 - [MESSAGE][PASSED] - Text 'Enter last name' is present on page  using regular expression

2024-01-14 16:57:20 - [TEST_STEP][PASSED] - verifyTextPresent("Please enter a valid SSN with 9 digits", true, CONTINUE_ON_FAILURE): Text 'Please enter a valid SSN with 9 digits' is present on page  using regular expression

2024-01-14 16:57:20 - [MESSAGE][PASSED] - Text 'Please enter a valid SSN with 9 digits' is present on page  using regular expression

2024-01-14 16:57:20 - [TEST_STEP][PASSED] - verifyTextPresent("Re-type SSN Validation Error", true, CONTINUE_ON_FAILURE): Text 'Re-type SSN Validation Error' is present on page  using regular expression

2024-01-14 16:57:21 - [MESSAGE][PASSED] - Text 'Re-type SSN Validation Error' is present on page  using regular expression

2024-01-14 16:57:21 - [TEST_STEP][PASSED] - verifyTextPresent("Enter address", true, CONTINUE_ON_FAILURE): Text 'Enter address' is present on page  using regular expression

2024-01-14 16:57:21 - [MESSAGE][PASSED] - Text 'Enter address' is present on page  using regular expression

2024-01-14 16:57:21 - [TEST_STEP][PASSED] - verifyTextPresent("Enter city", true, CONTINUE_ON_FAILURE): Text 'Enter city' is present on page  using regular expression

2024-01-14 16:57:21 - [MESSAGE][PASSED] - Text 'Enter city' is present on page  using regular expression

2024-01-14 16:57:21 - [TEST_STEP][PASSED] - verifyTextPresent("Enter ZIP code", true, CONTINUE_ON_FAILURE): Text 'Enter ZIP code' is present on page  using regular expression

2024-01-14 16:57:22 - [MESSAGE][PASSED] - Text 'Enter ZIP code' is present on page  using regular expression

2024-01-14 16:57:22 - [TEST_STEP][PASSED] - verifyTextPresent("Enter a valid phone number", true, CONTINUE_ON_FAILURE): Text 'Enter a valid phone number' is present on page  using regular expression

2024-01-14 16:57:22 - [MESSAGE][PASSED] - Text 'Enter a valid phone number' is present on page  using regular expression

2024-01-14 16:57:22 - [TEST_STEP][PASSED] - verifyTextPresent("Enter Email", true, CONTINUE_ON_FAILURE): Text 'Enter Email' is present on page  using regular expression

2024-01-14 16:57:22 - [MESSAGE][PASSED] - Text 'Enter Email' is present on page  using regular expression

2024-01-14 16:57:22 - [TEST_STEP][PASSED] - resText = "Pass": null

2024-01-14 16:57:22 - [TEST_STEP][PASSED] - pages.WriteExcel.demoKey(resText, datText, resColumn, datCloumn, fileLoc, nameSheet, row): pages.WriteExcel.demoKey is PASSED

2024-01-14 16:57:22 - [MESSAGE][PASSED] - pages.WriteExcel.demoKey is PASSED

2024-01-14 16:57:22 - [TEST_STEP][PASSED] - ExecuteTC = findTestData(dataFile).getValue("Execute", row): null

2024-01-14 16:57:23 - [TEST_STEP][PASSED] - TaxType = findTestData(dataFile).getValue("TaxType", row): null

2024-01-14 16:57:23 - [TEST_STEP][PASSED] - PaymentType = findTestData(dataFile).getValue("PaymentType", row): null

2024-01-14 16:57:23 - [TEST_STEP][PASSED] - FilingYear = findTestData(dataFile).getValue("Year", row): null

2024-01-14 16:57:23 - [TEST_STEP][PASSED] - if (ExecuteTC.equalsIgnoreCase("Y")): null

2024-01-14 16:57:23 - [TEST_STEP][PASSED] - ExecuteTC = findTestData(dataFile).getValue("Execute", row): null

2024-01-14 16:57:23 - [TEST_STEP][PASSED] - TaxType = findTestData(dataFile).getValue("TaxType", row): null

2024-01-14 16:57:23 - [TEST_STEP][PASSED] - PaymentType = findTestData(dataFile).getValue("PaymentType", row): null

2024-01-14 16:57:23 - [TEST_STEP][PASSED] - FilingYear = findTestData(dataFile).getValue("Year", row): null

2024-01-14 16:57:23 - [TEST_STEP][PASSED] - if (ExecuteTC.equalsIgnoreCase("Y")): pages.WriteExcel.demoKey is PASSED

2024-01-14 16:57:23 - [TEST_STEP][PASSED] - out.println("Begin Record Number: " + row): null

2024-01-14 16:57:23 - [TEST_STEP][PASSED] - today = new java.util.Date(): null

2024-01-14 16:57:23 - [TEST_STEP][PASSED] - println(today): null

2024-01-14 16:57:23 - [TEST_STEP][PASSED] - datText = today: null

2024-01-14 16:57:23 - [TEST_STEP][PASSED] - logInfo("Payment Type: " + PaymentType): Payment Type: New Tax Return Amount Due

2024-01-14 16:57:23 - [MESSAGE][INFO] - Payment Type: New Tax Return Amount Due

2024-01-14 16:57:23 - [TEST_STEP][PASSED] - logInfo("Tax Type: " + TaxType): Tax Type: Personal Income Tax

2024-01-14 16:57:23 - [MESSAGE][INFO] - Tax Type: Personal Income Tax

2024-01-14 16:57:23 - [TEST_STEP][PASSED] - openBrowser(""): Browser is opened with url: ''

2024-01-14 16:57:23 - [MESSAGE][WARNING] - A browser is already opened. Closing browser and opening a new one

2024-01-14 16:57:25 - [MESSAGE][INFO] - Starting 'Chrome' driver

2024-01-14 16:57:25 - [MESSAGE][INFO] - User set preference: ['acceptInsecureCerts', 'true']

2024-01-14 16:57:25 - [MESSAGE][INFO] - Action delay is set to 0 milliseconds

2024-01-14 16:57:26 - [MESSAGE][PASSED] - Browser is opened with url: ''

2024-01-14 16:57:26 - [TEST_STEP][PASSED] - maximizeWindow(): Current window maximized

2024-01-14 16:57:26 - [MESSAGE][PASSED] - Current window maximized

2024-01-14 16:57:26 - [TEST_STEP][PASSED] - navigateToUrl(RADurl): Navigate to 'https://qa2.velocitypayment.com/client/rad/index.html' successfully

2024-01-14 16:57:27 - [MESSAGE][PASSED] - Navigate to 'https://qa2.velocitypayment.com/client/rad/index.html' successfully

2024-01-14 16:57:27 - [TEST_STEP][PASSED] - selectOptionByLabel(findTestObject(orPath_Landing + "/dd_TaxType"), PaymentType, false): All options with label 'New Tax Return Amount Due' are selected in object 'Object Repository/RAD_Pages/Landing_Page/dd_TaxType' 

2024-01-14 16:57:29 - [MESSAGE][PASSED] - All options with label 'New Tax Return Amount Due' are selected in object 'Object Repository/RAD_Pages/Landing_Page/dd_TaxType' 

2024-01-14 16:57:29 - [TEST_STEP][PASSED] - switch (PaymentType): null

2024-01-14 16:57:29 - [TEST_STEP][PASSED] - case "New Tax Return Amount Due":: null

2024-01-14 16:57:29 - [TEST_STEP][PASSED] - selectOptionByLabel(findTestObject("Object Repository/RAD_Pages/Landing_Page/select_NewTaxReturnAmountDue_TaxType"), TaxType, false): All options with label 'Personal Income Tax' are selected in object 'Object Repository/RAD_Pages/Landing_Page/select_NewTaxReturnAmountDue_TaxType' 

2024-01-14 16:57:29 - [MESSAGE][PASSED] - All options with label 'Personal Income Tax' are selected in object 'Object Repository/RAD_Pages/Landing_Page/select_NewTaxReturnAmountDue_TaxType' 

2024-01-14 16:57:29 - [TEST_STEP][PASSED] - break: null

2024-01-14 16:57:29 - [TEST_STEP][PASSED] - if (!(FilingYear.isEmpty())): All options with label '2023' are selected in object 'Object Repository/RAD_Pages/TaxTypeFilingYear_Page/select_FilingYear' 

2024-01-14 16:57:29 - [TEST_STEP][PASSED] - selectOptionByLabel(findTestObject(orPath_TaxTypeFilingYear + "/select_FilingYear"), FilingYear, false): All options with label '2023' are selected in object 'Object Repository/RAD_Pages/TaxTypeFilingYear_Page/select_FilingYear' 

2024-01-14 16:57:30 - [MESSAGE][PASSED] - All options with label '2023' are selected in object 'Object Repository/RAD_Pages/TaxTypeFilingYear_Page/select_FilingYear' 

2024-01-14 16:57:30 - [TEST_STEP][PASSED] - setText(findTestObject(orPath_TaxPayer + "/input_firstName"), " "): Text ' ' is set on object 'Object Repository/RAD_Pages/Taxpayer_Page/input_firstName'

2024-01-14 16:57:31 - [MESSAGE][PASSED] - Text ' ' is set on object 'Object Repository/RAD_Pages/Taxpayer_Page/input_firstName'

2024-01-14 16:57:31 - [TEST_STEP][PASSED] - setText(findTestObject(orPath_TaxPayer + "/input_lastName"), " "): Text ' ' is set on object 'Object Repository/RAD_Pages/Taxpayer_Page/input_lastName'

2024-01-14 16:57:31 - [MESSAGE][PASSED] - Text ' ' is set on object 'Object Repository/RAD_Pages/Taxpayer_Page/input_lastName'

2024-01-14 16:57:31 - [TEST_STEP][PASSED] - setText(findTestObject("RAD_RecordAndPlay/input_concatSSN"), " "): Text ' ' is set on object 'Object Repository/RAD_RecordAndPlay/input_concatSSN'

2024-01-14 16:57:32 - [MESSAGE][PASSED] - Text ' ' is set on object 'Object Repository/RAD_RecordAndPlay/input_concatSSN'

2024-01-14 16:57:32 - [TEST_STEP][PASSED] - setText(findTestObject("RAD_RecordAndPlay/input_concatReSSN"), " "): Text ' ' is set on object 'Object Repository/RAD_RecordAndPlay/input_concatReSSN'

2024-01-14 16:57:33 - [MESSAGE][PASSED] - Text ' ' is set on object 'Object Repository/RAD_RecordAndPlay/input_concatReSSN'

2024-01-14 16:57:33 - [TEST_STEP][PASSED] - setText(findTestObject(orPath_AddressContact + "/input_streetAddress1"), " "): Text ' ' is set on object 'Object Repository/RAD_Pages/AddressAndContactInfo_Page/input_streetAddress1'

2024-01-14 16:57:33 - [MESSAGE][PASSED] - Text ' ' is set on object 'Object Repository/RAD_Pages/AddressAndContactInfo_Page/input_streetAddress1'

2024-01-14 16:57:33 - [TEST_STEP][PASSED] - setText(findTestObject(orPath_AddressContact + "/input_city"), " "): Text ' ' is set on object 'Object Repository/RAD_Pages/AddressAndContactInfo_Page/input_city'

2024-01-14 16:57:34 - [MESSAGE][PASSED] - Text ' ' is set on object 'Object Repository/RAD_Pages/AddressAndContactInfo_Page/input_city'

2024-01-14 16:57:34 - [TEST_STEP][PASSED] - setText(findTestObject(orPath_AddressContact + "/input_zipCode"), " "): Text ' ' is set on object 'Object Repository/RAD_Pages/AddressAndContactInfo_Page/input_zipCode'

2024-01-14 16:57:35 - [MESSAGE][PASSED] - Text ' ' is set on object 'Object Repository/RAD_Pages/AddressAndContactInfo_Page/input_zipCode'

2024-01-14 16:57:35 - [TEST_STEP][PASSED] - setText(findTestObject(orPath_AddressContact + "/input_phoneNumber"), " "): Text ' ' is set on object 'Object Repository/RAD_Pages/AddressAndContactInfo_Page/input_phoneNumber'

2024-01-14 16:57:36 - [MESSAGE][PASSED] - Text ' ' is set on object 'Object Repository/RAD_Pages/AddressAndContactInfo_Page/input_phoneNumber'

2024-01-14 16:57:36 - [TEST_STEP][PASSED] - setText(findTestObject(orPath_AddressContact + "/input_eMailAddress"), " "): Text ' ' is set on object 'Object Repository/RAD_Pages/AddressAndContactInfo_Page/input_eMailAddress'

2024-01-14 16:57:37 - [MESSAGE][PASSED] - Text ' ' is set on object 'Object Repository/RAD_Pages/AddressAndContactInfo_Page/input_eMailAddress'

2024-01-14 16:57:37 - [TEST_STEP][PASSED] - setText(findTestObject(orPath_AddressContact + "/input_reEnterEMailAddress"), " "): Text ' ' is set on object 'Object Repository/RAD_Pages/AddressAndContactInfo_Page/input_reEnterEMailAddress'

2024-01-14 16:57:37 - [MESSAGE][PASSED] - Text ' ' is set on object 'Object Repository/RAD_Pages/AddressAndContactInfo_Page/input_reEnterEMailAddress'

2024-01-14 16:57:37 - [TEST_STEP][PASSED] - resText = "Fail": null

2024-01-14 16:57:37 - [TEST_STEP][PASSED] - pages.WriteExcel.demoKey(resText, datText, resColumn, datCloumn, fileLoc, nameSheet, row): pages.WriteExcel.demoKey is PASSED

2024-01-14 16:57:37 - [MESSAGE][PASSED] - pages.WriteExcel.demoKey is PASSED

2024-01-14 16:57:37 - [TEST_STEP][PASSED] - verifyTextPresent("Enter first name", true, CONTINUE_ON_FAILURE): Text 'Enter first name' is present on page  using regular expression

2024-01-14 16:57:38 - [MESSAGE][PASSED] - Text 'Enter first name' is present on page  using regular expression

2024-01-14 16:57:38 - [TEST_STEP][PASSED] - verifyTextPresent("Enter last name", true, CONTINUE_ON_FAILURE): Text 'Enter last name' is present on page  using regular expression

2024-01-14 16:57:38 - [MESSAGE][PASSED] - Text 'Enter last name' is present on page  using regular expression

2024-01-14 16:57:38 - [TEST_STEP][PASSED] - verifyTextPresent("Please enter a valid SSN with 9 digits", true, CONTINUE_ON_FAILURE): Text 'Please enter a valid SSN with 9 digits' is present on page  using regular expression

2024-01-14 16:57:39 - [MESSAGE][PASSED] - Text 'Please enter a valid SSN with 9 digits' is present on page  using regular expression

2024-01-14 16:57:39 - [TEST_STEP][PASSED] - verifyTextPresent("Re-type SSN Validation Error", true, CONTINUE_ON_FAILURE): Text 'Re-type SSN Validation Error' is present on page  using regular expression

2024-01-14 16:57:39 - [MESSAGE][PASSED] - Text 'Re-type SSN Validation Error' is present on page  using regular expression

2024-01-14 16:57:39 - [TEST_STEP][PASSED] - verifyTextPresent("Enter address", true, CONTINUE_ON_FAILURE): Text 'Enter address' is present on page  using regular expression

2024-01-14 16:57:39 - [MESSAGE][PASSED] - Text 'Enter address' is present on page  using regular expression

2024-01-14 16:57:39 - [TEST_STEP][PASSED] - verifyTextPresent("Enter city", true, CONTINUE_ON_FAILURE): Text 'Enter city' is present on page  using regular expression

2024-01-14 16:57:40 - [MESSAGE][PASSED] - Text 'Enter city' is present on page  using regular expression

2024-01-14 16:57:40 - [TEST_STEP][PASSED] - verifyTextPresent("Enter ZIP code", true, CONTINUE_ON_FAILURE): Text 'Enter ZIP code' is present on page  using regular expression

2024-01-14 16:57:40 - [MESSAGE][PASSED] - Text 'Enter ZIP code' is present on page  using regular expression

2024-01-14 16:57:40 - [TEST_STEP][PASSED] - verifyTextPresent("Enter a valid phone number", true, CONTINUE_ON_FAILURE): Text 'Enter a valid phone number' is present on page  using regular expression

2024-01-14 16:57:40 - [MESSAGE][PASSED] - Text 'Enter a valid phone number' is present on page  using regular expression

2024-01-14 16:57:40 - [TEST_STEP][PASSED] - verifyTextPresent("Enter Email", true, CONTINUE_ON_FAILURE): Text 'Enter Email' is present on page  using regular expression

2024-01-14 16:57:41 - [MESSAGE][PASSED] - Text 'Enter Email' is present on page  using regular expression

2024-01-14 16:57:41 - [TEST_STEP][PASSED] - resText = "Pass": null

2024-01-14 16:57:41 - [TEST_STEP][PASSED] - pages.WriteExcel.demoKey(resText, datText, resColumn, datCloumn, fileLoc, nameSheet, row): pages.WriteExcel.demoKey is PASSED

2024-01-14 16:57:41 - [MESSAGE][PASSED] - pages.WriteExcel.demoKey is PASSED

2024-01-14 16:57:41 - [TEST_STEP][PASSED] - ExecuteTC = findTestData(dataFile).getValue("Execute", row): null

2024-01-14 16:57:41 - [TEST_STEP][PASSED] - TaxType = findTestData(dataFile).getValue("TaxType", row): null

2024-01-14 16:57:41 - [TEST_STEP][PASSED] - PaymentType = findTestData(dataFile).getValue("PaymentType", row): null

2024-01-14 16:57:41 - [TEST_STEP][PASSED] - FilingYear = findTestData(dataFile).getValue("Year", row): null

2024-01-14 16:57:41 - [TEST_STEP][PASSED] - if (ExecuteTC.equalsIgnoreCase("Y")): pages.WriteExcel.demoKey is PASSED

2024-01-14 16:57:41 - [TEST_STEP][PASSED] - out.println("Begin Record Number: " + row): null

2024-01-14 16:57:41 - [TEST_STEP][PASSED] - today = new java.util.Date(): null

2024-01-14 16:57:41 - [TEST_STEP][PASSED] - println(today): null

2024-01-14 16:57:41 - [TEST_STEP][PASSED] - datText = today: null

2024-01-14 16:57:41 - [TEST_STEP][PASSED] - logInfo("Payment Type: " + PaymentType): Payment Type: New Tax Return Amount Due

2024-01-14 16:57:41 - [MESSAGE][INFO] - Payment Type: New Tax Return Amount Due

2024-01-14 16:57:41 - [TEST_STEP][PASSED] - logInfo("Tax Type: " + TaxType): Tax Type: Personal Income Tax

2024-01-14 16:57:41 - [MESSAGE][INFO] - Tax Type: Personal Income Tax

2024-01-14 16:57:41 - [TEST_STEP][PASSED] - openBrowser(""): Browser is opened with url: ''

2024-01-14 16:57:41 - [MESSAGE][WARNING] - A browser is already opened. Closing browser and opening a new one

2024-01-14 16:57:42 - [MESSAGE][INFO] - Starting 'Chrome' driver

2024-01-14 16:57:42 - [MESSAGE][INFO] - User set preference: ['acceptInsecureCerts', 'true']

2024-01-14 16:57:42 - [MESSAGE][INFO] - Action delay is set to 0 milliseconds

2024-01-14 16:57:44 - [MESSAGE][PASSED] - Browser is opened with url: ''

2024-01-14 16:57:44 - [TEST_STEP][PASSED] - maximizeWindow(): Current window maximized

2024-01-14 16:57:44 - [MESSAGE][PASSED] - Current window maximized

2024-01-14 16:57:44 - [TEST_STEP][PASSED] - navigateToUrl(RADurl): Navigate to 'https://qa2.velocitypayment.com/client/rad/index.html' successfully

2024-01-14 16:57:44 - [MESSAGE][PASSED] - Navigate to 'https://qa2.velocitypayment.com/client/rad/index.html' successfully

2024-01-14 16:57:44 - [TEST_STEP][PASSED] - selectOptionByLabel(findTestObject(orPath_Landing + "/dd_TaxType"), PaymentType, false): All options with label 'New Tax Return Amount Due' are selected in object 'Object Repository/RAD_Pages/Landing_Page/dd_TaxType' 

2024-01-14 16:57:46 - [MESSAGE][PASSED] - All options with label 'New Tax Return Amount Due' are selected in object 'Object Repository/RAD_Pages/Landing_Page/dd_TaxType' 

2024-01-14 16:57:46 - [TEST_STEP][PASSED] - switch (PaymentType): null

2024-01-14 16:57:46 - [TEST_STEP][PASSED] - case "New Tax Return Amount Due":: null

2024-01-14 16:57:46 - [TEST_STEP][PASSED] - selectOptionByLabel(findTestObject("Object Repository/RAD_Pages/Landing_Page/select_NewTaxReturnAmountDue_TaxType"), TaxType, false): All options with label 'Personal Income Tax' are selected in object 'Object Repository/RAD_Pages/Landing_Page/select_NewTaxReturnAmountDue_TaxType' 

2024-01-14 16:57:47 - [MESSAGE][PASSED] - All options with label 'Personal Income Tax' are selected in object 'Object Repository/RAD_Pages/Landing_Page/select_NewTaxReturnAmountDue_TaxType' 

2024-01-14 16:57:47 - [TEST_STEP][PASSED] - break: null

2024-01-14 16:57:47 - [TEST_STEP][PASSED] - if (!(FilingYear.isEmpty())): All options with label '2022' are selected in object 'Object Repository/RAD_Pages/TaxTypeFilingYear_Page/select_FilingYear' 

2024-01-14 16:57:47 - [TEST_STEP][PASSED] - selectOptionByLabel(findTestObject(orPath_TaxTypeFilingYear + "/select_FilingYear"), FilingYear, false): All options with label '2022' are selected in object 'Object Repository/RAD_Pages/TaxTypeFilingYear_Page/select_FilingYear' 

2024-01-14 16:57:48 - [MESSAGE][PASSED] - All options with label '2022' are selected in object 'Object Repository/RAD_Pages/TaxTypeFilingYear_Page/select_FilingYear' 

2024-01-14 16:57:48 - [TEST_STEP][PASSED] - setText(findTestObject(orPath_TaxPayer + "/input_firstName"), " "): Text ' ' is set on object 'Object Repository/RAD_Pages/Taxpayer_Page/input_firstName'

2024-01-14 16:57:48 - [MESSAGE][PASSED] - Text ' ' is set on object 'Object Repository/RAD_Pages/Taxpayer_Page/input_firstName'

2024-01-14 16:57:48 - [TEST_STEP][PASSED] - setText(findTestObject(orPath_TaxPayer + "/input_lastName"), " "): Text ' ' is set on object 'Object Repository/RAD_Pages/Taxpayer_Page/input_lastName'

2024-01-14 16:57:49 - [MESSAGE][PASSED] - Text ' ' is set on object 'Object Repository/RAD_Pages/Taxpayer_Page/input_lastName'

2024-01-14 16:57:49 - [TEST_STEP][PASSED] - setText(findTestObject("RAD_RecordAndPlay/input_concatSSN"), " "): Text ' ' is set on object 'Object Repository/RAD_RecordAndPlay/input_concatSSN'

2024-01-14 16:57:50 - [MESSAGE][PASSED] - Text ' ' is set on object 'Object Repository/RAD_RecordAndPlay/input_concatSSN'

2024-01-14 16:57:50 - [TEST_STEP][PASSED] - setText(findTestObject("RAD_RecordAndPlay/input_concatReSSN"), " "): Text ' ' is set on object 'Object Repository/RAD_RecordAndPlay/input_concatReSSN'

2024-01-14 16:57:50 - [MESSAGE][PASSED] - Text ' ' is set on object 'Object Repository/RAD_RecordAndPlay/input_concatReSSN'

2024-01-14 16:57:50 - [TEST_STEP][PASSED] - setText(findTestObject(orPath_AddressContact + "/input_streetAddress1"), " "): Text ' ' is set on object 'Object Repository/RAD_Pages/AddressAndContactInfo_Page/input_streetAddress1'

2024-01-14 16:57:51 - [MESSAGE][PASSED] - Text ' ' is set on object 'Object Repository/RAD_Pages/AddressAndContactInfo_Page/input_streetAddress1'

2024-01-14 16:57:51 - [TEST_STEP][PASSED] - setText(findTestObject(orPath_AddressContact + "/input_city"), " "): Text ' ' is set on object 'Object Repository/RAD_Pages/AddressAndContactInfo_Page/input_city'

2024-01-14 16:57:52 - [MESSAGE][PASSED] - Text ' ' is set on object 'Object Repository/RAD_Pages/AddressAndContactInfo_Page/input_city'

2024-01-14 16:57:52 - [TEST_STEP][PASSED] - setText(findTestObject(orPath_AddressContact + "/input_zipCode"), " "): Text ' ' is set on object 'Object Repository/RAD_Pages/AddressAndContactInfo_Page/input_zipCode'

2024-01-14 16:57:53 - [MESSAGE][PASSED] - Text ' ' is set on object 'Object Repository/RAD_Pages/AddressAndContactInfo_Page/input_zipCode'

2024-01-14 16:57:53 - [TEST_STEP][PASSED] - setText(findTestObject(orPath_AddressContact + "/input_phoneNumber"), " "): Text ' ' is set on object 'Object Repository/RAD_Pages/AddressAndContactInfo_Page/input_phoneNumber'

2024-01-14 16:57:53 - [MESSAGE][PASSED] - Text ' ' is set on object 'Object Repository/RAD_Pages/AddressAndContactInfo_Page/input_phoneNumber'

2024-01-14 16:57:53 - [TEST_STEP][PASSED] - setText(findTestObject(orPath_AddressContact + "/input_eMailAddress"), " "): Text ' ' is set on object 'Object Repository/RAD_Pages/AddressAndContactInfo_Page/input_eMailAddress'

2024-01-14 16:57:54 - [MESSAGE][PASSED] - Text ' ' is set on object 'Object Repository/RAD_Pages/AddressAndContactInfo_Page/input_eMailAddress'

2024-01-14 16:57:54 - [TEST_STEP][PASSED] - setText(findTestObject(orPath_AddressContact + "/input_reEnterEMailAddress"), " "): Text ' ' is set on object 'Object Repository/RAD_Pages/AddressAndContactInfo_Page/input_reEnterEMailAddress'

2024-01-14 16:57:55 - [MESSAGE][PASSED] - Text ' ' is set on object 'Object Repository/RAD_Pages/AddressAndContactInfo_Page/input_reEnterEMailAddress'

2024-01-14 16:57:55 - [TEST_STEP][PASSED] - resText = "Fail": null

2024-01-14 16:57:55 - [TEST_STEP][PASSED] - pages.WriteExcel.demoKey(resText, datText, resColumn, datCloumn, fileLoc, nameSheet, row): pages.WriteExcel.demoKey is PASSED

2024-01-14 16:57:55 - [MESSAGE][PASSED] - pages.WriteExcel.demoKey is PASSED

2024-01-14 16:57:55 - [TEST_STEP][PASSED] - verifyTextPresent("Enter first name", true, CONTINUE_ON_FAILURE): Text 'Enter first name' is present on page  using regular expression

2024-01-14 16:57:56 - [MESSAGE][PASSED] - Text 'Enter first name' is present on page  using regular expression

2024-01-14 16:57:56 - [TEST_STEP][PASSED] - verifyTextPresent("Enter last name", true, CONTINUE_ON_FAILURE): Text 'Enter last name' is present on page  using regular expression

2024-01-14 16:57:56 - [MESSAGE][PASSED] - Text 'Enter last name' is present on page  using regular expression

2024-01-14 16:57:56 - [TEST_STEP][PASSED] - verifyTextPresent("Please enter a valid SSN with 9 digits", true, CONTINUE_ON_FAILURE): Text 'Please enter a valid SSN with 9 digits' is present on page  using regular expression

2024-01-14 16:57:56 - [MESSAGE][PASSED] - Text 'Please enter a valid SSN with 9 digits' is present on page  using regular expression

2024-01-14 16:57:56 - [TEST_STEP][PASSED] - verifyTextPresent("Re-type SSN Validation Error", true, CONTINUE_ON_FAILURE): Text 'Re-type SSN Validation Error' is present on page  using regular expression

2024-01-14 16:57:57 - [MESSAGE][PASSED] - Text 'Re-type SSN Validation Error' is present on page  using regular expression

2024-01-14 16:57:57 - [TEST_STEP][PASSED] - verifyTextPresent("Enter address", true, CONTINUE_ON_FAILURE): Text 'Enter address' is present on page  using regular expression

2024-01-14 16:57:57 - [MESSAGE][PASSED] - Text 'Enter address' is present on page  using regular expression

2024-01-14 16:57:57 - [TEST_STEP][PASSED] - verifyTextPresent("Enter city", true, CONTINUE_ON_FAILURE): Text 'Enter city' is present on page  using regular expression

2024-01-14 16:57:57 - [MESSAGE][PASSED] - Text 'Enter city' is present on page  using regular expression

2024-01-14 16:57:57 - [TEST_STEP][PASSED] - verifyTextPresent("Enter ZIP code", true, CONTINUE_ON_FAILURE): Text 'Enter ZIP code' is present on page  using regular expression

2024-01-14 16:57:58 - [MESSAGE][PASSED] - Text 'Enter ZIP code' is present on page  using regular expression

2024-01-14 16:57:58 - [TEST_STEP][PASSED] - verifyTextPresent("Enter a valid phone number", true, CONTINUE_ON_FAILURE): Text 'Enter a valid phone number' is present on page  using regular expression

2024-01-14 16:57:58 - [MESSAGE][PASSED] - Text 'Enter a valid phone number' is present on page  using regular expression

2024-01-14 16:57:58 - [TEST_STEP][PASSED] - verifyTextPresent("Enter Email", true, CONTINUE_ON_FAILURE): Text 'Enter Email' is present on page  using regular expression

2024-01-14 16:57:58 - [MESSAGE][PASSED] - Text 'Enter Email' is present on page  using regular expression

2024-01-14 16:57:58 - [TEST_STEP][PASSED] - resText = "Pass": null

2024-01-14 16:57:58 - [TEST_STEP][PASSED] - pages.WriteExcel.demoKey(resText, datText, resColumn, datCloumn, fileLoc, nameSheet, row): pages.WriteExcel.demoKey is PASSED

2024-01-14 16:57:59 - [MESSAGE][PASSED] - pages.WriteExcel.demoKey is PASSED

2024-01-14 16:57:59 - [TEST_STEP][PASSED] - ExecuteTC = findTestData(dataFile).getValue("Execute", row): null

2024-01-14 16:57:59 - [TEST_STEP][PASSED] - TaxType = findTestData(dataFile).getValue("TaxType", row): null

2024-01-14 16:57:59 - [TEST_STEP][PASSED] - PaymentType = findTestData(dataFile).getValue("PaymentType", row): null

2024-01-14 16:57:59 - [TEST_STEP][PASSED] - FilingYear = findTestData(dataFile).getValue("Year", row): null

2024-01-14 16:57:59 - [TEST_STEP][PASSED] - if (ExecuteTC.equalsIgnoreCase("Y")): pages.WriteExcel.demoKey is PASSED

2024-01-14 16:57:59 - [TEST_STEP][PASSED] - out.println("Begin Record Number: " + row): null

2024-01-14 16:57:59 - [TEST_STEP][PASSED] - today = new java.util.Date(): null

2024-01-14 16:57:59 - [TEST_STEP][PASSED] - println(today): null

2024-01-14 16:57:59 - [TEST_STEP][PASSED] - datText = today: null

2024-01-14 16:57:59 - [TEST_STEP][PASSED] - logInfo("Payment Type: " + PaymentType): Payment Type: New Tax Return Amount Due

2024-01-14 16:57:59 - [MESSAGE][INFO] - Payment Type: New Tax Return Amount Due

2024-01-14 16:57:59 - [TEST_STEP][PASSED] - logInfo("Tax Type: " + TaxType): Tax Type: Personal Income Tax

2024-01-14 16:57:59 - [MESSAGE][INFO] - Tax Type: Personal Income Tax

2024-01-14 16:57:59 - [TEST_STEP][PASSED] - openBrowser(""): Browser is opened with url: ''

2024-01-14 16:57:59 - [MESSAGE][WARNING] - A browser is already opened. Closing browser and opening a new one

2024-01-14 16:58:00 - [MESSAGE][INFO] - Starting 'Chrome' driver

2024-01-14 16:58:00 - [MESSAGE][INFO] - User set preference: ['acceptInsecureCerts', 'true']

2024-01-14 16:58:00 - [MESSAGE][INFO] - Action delay is set to 0 milliseconds

2024-01-14 16:58:02 - [MESSAGE][PASSED] - Browser is opened with url: ''

2024-01-14 16:58:02 - [TEST_STEP][PASSED] - maximizeWindow(): Current window maximized

2024-01-14 16:58:02 - [MESSAGE][PASSED] - Current window maximized

2024-01-14 16:58:02 - [TEST_STEP][PASSED] - navigateToUrl(RADurl): Navigate to 'https://qa2.velocitypayment.com/client/rad/index.html' successfully

2024-01-14 16:58:03 - [MESSAGE][PASSED] - Navigate to 'https://qa2.velocitypayment.com/client/rad/index.html' successfully

2024-01-14 16:58:03 - [TEST_STEP][PASSED] - selectOptionByLabel(findTestObject(orPath_Landing + "/dd_TaxType"), PaymentType, false): All options with label 'New Tax Return Amount Due' are selected in object 'Object Repository/RAD_Pages/Landing_Page/dd_TaxType' 

2024-01-14 16:58:04 - [MESSAGE][PASSED] - All options with label 'New Tax Return Amount Due' are selected in object 'Object Repository/RAD_Pages/Landing_Page/dd_TaxType' 

2024-01-14 16:58:04 - [TEST_STEP][PASSED] - switch (PaymentType): null

2024-01-14 16:58:04 - [TEST_STEP][PASSED] - case "New Tax Return Amount Due":: null

2024-01-14 16:58:04 - [TEST_STEP][PASSED] - selectOptionByLabel(findTestObject("Object Repository/RAD_Pages/Landing_Page/select_NewTaxReturnAmountDue_TaxType"), TaxType, false): All options with label 'Personal Income Tax' are selected in object 'Object Repository/RAD_Pages/Landing_Page/select_NewTaxReturnAmountDue_TaxType' 

2024-01-14 16:58:05 - [MESSAGE][PASSED] - All options with label 'Personal Income Tax' are selected in object 'Object Repository/RAD_Pages/Landing_Page/select_NewTaxReturnAmountDue_TaxType' 

2024-01-14 16:58:05 - [TEST_STEP][PASSED] - break: null

2024-01-14 16:58:05 - [TEST_STEP][PASSED] - if (!(FilingYear.isEmpty())): All options with label '2021' are selected in object 'Object Repository/RAD_Pages/TaxTypeFilingYear_Page/select_FilingYear' 

2024-01-14 16:58:05 - [TEST_STEP][PASSED] - selectOptionByLabel(findTestObject(orPath_TaxTypeFilingYear + "/select_FilingYear"), FilingYear, false): All options with label '2021' are selected in object 'Object Repository/RAD_Pages/TaxTypeFilingYear_Page/select_FilingYear' 

2024-01-14 16:58:06 - [MESSAGE][PASSED] - All options with label '2021' are selected in object 'Object Repository/RAD_Pages/TaxTypeFilingYear_Page/select_FilingYear' 

2024-01-14 16:58:06 - [TEST_STEP][PASSED] - setText(findTestObject(orPath_TaxPayer + "/input_firstName"), " "): Text ' ' is set on object 'Object Repository/RAD_Pages/Taxpayer_Page/input_firstName'

2024-01-14 16:58:06 - [MESSAGE][PASSED] - Text ' ' is set on object 'Object Repository/RAD_Pages/Taxpayer_Page/input_firstName'

2024-01-14 16:58:06 - [TEST_STEP][PASSED] - setText(findTestObject(orPath_TaxPayer + "/input_lastName"), " "): Text ' ' is set on object 'Object Repository/RAD_Pages/Taxpayer_Page/input_lastName'

2024-01-14 16:58:07 - [MESSAGE][PASSED] - Text ' ' is set on object 'Object Repository/RAD_Pages/Taxpayer_Page/input_lastName'

2024-01-14 16:58:07 - [TEST_STEP][PASSED] - setText(findTestObject("RAD_RecordAndPlay/input_concatSSN"), " "): Text ' ' is set on object 'Object Repository/RAD_RecordAndPlay/input_concatSSN'

2024-01-14 16:58:08 - [MESSAGE][PASSED] - Text ' ' is set on object 'Object Repository/RAD_RecordAndPlay/input_concatSSN'

2024-01-14 16:58:08 - [TEST_STEP][PASSED] - setText(findTestObject("RAD_RecordAndPlay/input_concatReSSN"), " "): Text ' ' is set on object 'Object Repository/RAD_RecordAndPlay/input_concatReSSN'

2024-01-14 16:58:08 - [MESSAGE][PASSED] - Text ' ' is set on object 'Object Repository/RAD_RecordAndPlay/input_concatReSSN'

2024-01-14 16:58:08 - [TEST_STEP][PASSED] - setText(findTestObject(orPath_AddressContact + "/input_streetAddress1"), " "): Text ' ' is set on object 'Object Repository/RAD_Pages/AddressAndContactInfo_Page/input_streetAddress1'

2024-01-14 16:58:09 - [MESSAGE][PASSED] - Text ' ' is set on object 'Object Repository/RAD_Pages/AddressAndContactInfo_Page/input_streetAddress1'

2024-01-14 16:58:09 - [TEST_STEP][PASSED] - setText(findTestObject(orPath_AddressContact + "/input_city"), " "): Text ' ' is set on object 'Object Repository/RAD_Pages/AddressAndContactInfo_Page/input_city'

2024-01-14 16:58:10 - [MESSAGE][PASSED] - Text ' ' is set on object 'Object Repository/RAD_Pages/AddressAndContactInfo_Page/input_city'

2024-01-14 16:58:10 - [TEST_STEP][PASSED] - setText(findTestObject(orPath_AddressContact + "/input_zipCode"), " "): Text ' ' is set on object 'Object Repository/RAD_Pages/AddressAndContactInfo_Page/input_zipCode'

2024-01-14 16:58:11 - [MESSAGE][PASSED] - Text ' ' is set on object 'Object Repository/RAD_Pages/AddressAndContactInfo_Page/input_zipCode'

2024-01-14 16:58:11 - [TEST_STEP][PASSED] - setText(findTestObject(orPath_AddressContact + "/input_phoneNumber"), " "): Text ' ' is set on object 'Object Repository/RAD_Pages/AddressAndContactInfo_Page/input_phoneNumber'

2024-01-14 16:58:11 - [MESSAGE][PASSED] - Text ' ' is set on object 'Object Repository/RAD_Pages/AddressAndContactInfo_Page/input_phoneNumber'

2024-01-14 16:58:11 - [TEST_STEP][PASSED] - setText(findTestObject(orPath_AddressContact + "/input_eMailAddress"), " "): Text ' ' is set on object 'Object Repository/RAD_Pages/AddressAndContactInfo_Page/input_eMailAddress'

2024-01-14 16:58:12 - [MESSAGE][PASSED] - Text ' ' is set on object 'Object Repository/RAD_Pages/AddressAndContactInfo_Page/input_eMailAddress'

2024-01-14 16:58:12 - [TEST_STEP][PASSED] - setText(findTestObject(orPath_AddressContact + "/input_reEnterEMailAddress"), " "): Text ' ' is set on object 'Object Repository/RAD_Pages/AddressAndContactInfo_Page/input_reEnterEMailAddress'

2024-01-14 16:58:13 - [MESSAGE][PASSED] - Text ' ' is set on object 'Object Repository/RAD_Pages/AddressAndContactInfo_Page/input_reEnterEMailAddress'

2024-01-14 16:58:13 - [TEST_STEP][PASSED] - resText = "Fail": null

2024-01-14 16:58:13 - [TEST_STEP][PASSED] - pages.WriteExcel.demoKey(resText, datText, resColumn, datCloumn, fileLoc, nameSheet, row): pages.WriteExcel.demoKey is PASSED

2024-01-14 16:58:13 - [MESSAGE][PASSED] - pages.WriteExcel.demoKey is PASSED

2024-01-14 16:58:13 - [TEST_STEP][PASSED] - verifyTextPresent("Enter first name", true, CONTINUE_ON_FAILURE): Text 'Enter first name' is present on page  using regular expression

2024-01-14 16:58:13 - [MESSAGE][PASSED] - Text 'Enter first name' is present on page  using regular expression

2024-01-14 16:58:13 - [TEST_STEP][PASSED] - verifyTextPresent("Enter last name", true, CONTINUE_ON_FAILURE): Text 'Enter last name' is present on page  using regular expression

2024-01-14 16:58:14 - [MESSAGE][PASSED] - Text 'Enter last name' is present on page  using regular expression

2024-01-14 16:58:14 - [TEST_STEP][PASSED] - verifyTextPresent("Please enter a valid SSN with 9 digits", true, CONTINUE_ON_FAILURE): Text 'Please enter a valid SSN with 9 digits' is present on page  using regular expression

2024-01-14 16:58:14 - [MESSAGE][PASSED] - Text 'Please enter a valid SSN with 9 digits' is present on page  using regular expression

2024-01-14 16:58:14 - [TEST_STEP][PASSED] - verifyTextPresent("Re-type SSN Validation Error", true, CONTINUE_ON_FAILURE): Text 'Re-type SSN Validation Error' is present on page  using regular expression

2024-01-14 16:58:15 - [MESSAGE][PASSED] - Text 'Re-type SSN Validation Error' is present on page  using regular expression

2024-01-14 16:58:15 - [TEST_STEP][PASSED] - verifyTextPresent("Enter address", true, CONTINUE_ON_FAILURE): Text 'Enter address' is present on page  using regular expression

2024-01-14 16:58:15 - [MESSAGE][PASSED] - Text 'Enter address' is present on page  using regular expression

2024-01-14 16:58:15 - [TEST_STEP][PASSED] - verifyTextPresent("Enter city", true, CONTINUE_ON_FAILURE): Text 'Enter city' is present on page  using regular expression

2024-01-14 16:58:15 - [MESSAGE][PASSED] - Text 'Enter city' is present on page  using regular expression

2024-01-14 16:58:15 - [TEST_STEP][PASSED] - verifyTextPresent("Enter ZIP code", true, CONTINUE_ON_FAILURE): Text 'Enter ZIP code' is present on page  using regular expression

2024-01-14 16:58:16 - [MESSAGE][PASSED] - Text 'Enter ZIP code' is present on page  using regular expression

2024-01-14 16:58:16 - [TEST_STEP][PASSED] - verifyTextPresent("Enter a valid phone number", true, CONTINUE_ON_FAILURE): Text 'Enter a valid phone number' is present on page  using regular expression

2024-01-14 16:58:16 - [MESSAGE][PASSED] - Text 'Enter a valid phone number' is present on page  using regular expression

2024-01-14 16:58:16 - [TEST_STEP][PASSED] - verifyTextPresent("Enter Email", true, CONTINUE_ON_FAILURE): Text 'Enter Email' is present on page  using regular expression

2024-01-14 16:58:16 - [MESSAGE][PASSED] - Text 'Enter Email' is present on page  using regular expression

2024-01-14 16:58:16 - [TEST_STEP][PASSED] - resText = "Pass": null

2024-01-14 16:58:16 - [TEST_STEP][PASSED] - pages.WriteExcel.demoKey(resText, datText, resColumn, datCloumn, fileLoc, nameSheet, row): pages.WriteExcel.demoKey is PASSED

2024-01-14 16:58:16 - [MESSAGE][PASSED] - pages.WriteExcel.demoKey is PASSED]]></system-out>
         <system-err><![CDATA[]]></system-err>
      </testcase>
      <testcase name="Test Cases/RAD_TestCases/MRF_TestCases/Personal_Joint_MRF_TC" time="100.532" classname="Test Cases/RAD_TestCases/MRF_TestCases/Personal_Joint_MRF_TC" status="PASSED">
         <system-out><![CDATA[2024-01-14 16:58:16 - [TEST_CASE][PASSED] - Test Cases/RAD_TestCases/MRF_TestCases/Personal_Joint_MRF_TC: Test Cases/RAD_TestCases/MRF_TestCases/Personal_Joint_MRF_TC

2024-01-14 16:58:17 - [TEST_STEP][PASSED] - resText = "Fail": null

2024-01-14 16:58:17 - [TEST_STEP][PASSED] - resColumn = "Result": null

2024-01-14 16:58:17 - [TEST_STEP][PASSED] - datCloumn = "Date": null

2024-01-14 16:58:17 - [TEST_STEP][PASSED] - fileLoc = "KatalonData/RADTestData/MRF.xlsx": null

2024-01-14 16:58:17 - [TEST_STEP][PASSED] - nameSheet = "Personal_JNT": null

2024-01-14 16:58:17 - [TEST_STEP][PASSED] - dataFile = "RADTestData/MRF_Personal_JNT": null

2024-01-14 16:58:17 - [TEST_STEP][PASSED] - orPath_Landing = "Object Repository/RAD_Pages/Landing_Page": null

2024-01-14 16:58:17 - [TEST_STEP][PASSED] - orPath_TaxTypeFilingYear = "Object Repository/RAD_Pages/TaxTypeFilingYear_Page": null

2024-01-14 16:58:17 - [TEST_STEP][PASSED] - orPath_Amount = "Object Repository/RAD_Pages/PaymentAmount_Page": null

2024-01-14 16:58:17 - [TEST_STEP][PASSED] - orPath_AddressContact = "Object Repository/RAD_Pages/AddressAndContactInfo_Page": null

2024-01-14 16:58:17 - [TEST_STEP][PASSED] - orPath_Summary = "Object Repository/RAD_Pages/Summary_Page": null

2024-01-14 16:58:17 - [TEST_STEP][PASSED] - orPath_PaymentConfirmation = "Object Repository/RAD_Pages/PaymentConfirmation_Page": null

2024-01-14 16:58:17 - [TEST_STEP][PASSED] - orPath_ServiceFeesAccept = "Object Repository/RAD_Pages/ServiceFeeAccept_Page": null

2024-01-14 16:58:17 - [TEST_STEP][PASSED] - orPath_PaymentEntry = "Object Repository/RAD_Pages/PaymentEntry_Page": null

2024-01-14 16:58:17 - [TEST_STEP][PASSED] - orPath_FilingStatus = "Object Repository/RAD_Pages/FilingStatus_Page": null

2024-01-14 16:58:17 - [TEST_STEP][PASSED] - orPath_TaxPayer = "Object Repository/RAD_Pages/Taxpayer_Page": null

2024-01-14 16:58:17 - [TEST_STEP][PASSED] - ExecuteTC = <not implemented yet for class: org.codehaus.groovy.ast.expr.EmptyExpression>: null

2024-01-14 16:58:17 - [TEST_STEP][PASSED] - TaxType = <not implemented yet for class: org.codehaus.groovy.ast.expr.EmptyExpression>: null

2024-01-14 16:58:17 - [TEST_STEP][PASSED] - PaymentType = <not implemented yet for class: org.codehaus.groovy.ast.expr.EmptyExpression>: null

2024-01-14 16:58:17 - [TEST_STEP][PASSED] - FilingYear = <not implemented yet for class: org.codehaus.groovy.ast.expr.EmptyExpression>: null

2024-01-14 16:58:17 - [TEST_STEP][PASSED] - PeriodEndingMonth = <not implemented yet for class: org.codehaus.groovy.ast.expr.EmptyExpression>: null

2024-01-14 16:58:17 - [TEST_STEP][PASSED] - executionProfile = getExecutionProfile(): null

2024-01-14 16:58:17 - [TEST_STEP][PASSED] - numOfRows = findTestData(dataFile).getRowNumbers(): null

2024-01-14 16:58:17 - [TEST_STEP][PASSED] - println("Number of Records: " + numOfRows): null

2024-01-14 16:58:17 - [TEST_STEP][PASSED] - for ([row = 1, row <= numOfRows, (row++)]): pages.WriteExcel.demoKey is PASSED

2024-01-14 16:58:17 - [TEST_STEP][PASSED] - ExecuteTC = findTestData(dataFile).getValue("Execute", row): null

2024-01-14 16:58:17 - [TEST_STEP][PASSED] - TaxType = findTestData(dataFile).getValue("TaxType", row): null

2024-01-14 16:58:17 - [TEST_STEP][PASSED] - PaymentType = findTestData(dataFile).getValue("PaymentType", row): null

2024-01-14 16:58:17 - [TEST_STEP][PASSED] - FilingYear = findTestData(dataFile).getValue("Year", row): null

2024-01-14 16:58:17 - [TEST_STEP][PASSED] - if (ExecuteTC.equalsIgnoreCase("Y")): pages.WriteExcel.demoKey is PASSED

2024-01-14 16:58:17 - [TEST_STEP][PASSED] - out.println("Begin Record Number: " + row): null

2024-01-14 16:58:17 - [TEST_STEP][PASSED] - today = new java.util.Date(): null

2024-01-14 16:58:17 - [TEST_STEP][PASSED] - println(today): null

2024-01-14 16:58:17 - [TEST_STEP][PASSED] - datText = today: null

2024-01-14 16:58:17 - [TEST_STEP][PASSED] - logInfo("Payment Type: " + PaymentType): Payment Type: Quarterly Estimated Tax

2024-01-14 16:58:17 - [MESSAGE][INFO] - Payment Type: Quarterly Estimated Tax

2024-01-14 16:58:17 - [TEST_STEP][PASSED] - logInfo("Tax Type: " + TaxType): Tax Type: Personal Income Tax

2024-01-14 16:58:17 - [MESSAGE][INFO] - Tax Type: Personal Income Tax

2024-01-14 16:58:17 - [TEST_STEP][PASSED] - openBrowser(""): Browser is opened with url: ''

2024-01-14 16:58:17 - [MESSAGE][WARNING] - A browser is already opened. Closing browser and opening a new one

2024-01-14 16:58:18 - [MESSAGE][INFO] - Starting 'Chrome' driver

2024-01-14 16:58:18 - [MESSAGE][INFO] - User set preference: ['acceptInsecureCerts', 'true']

2024-01-14 16:58:18 - [MESSAGE][INFO] - Action delay is set to 0 milliseconds

2024-01-14 16:58:20 - [MESSAGE][PASSED] - Browser is opened with url: ''

2024-01-14 16:58:20 - [TEST_STEP][PASSED] - maximizeWindow(): Current window maximized

2024-01-14 16:58:20 - [MESSAGE][PASSED] - Current window maximized

2024-01-14 16:58:20 - [TEST_STEP][PASSED] - navigateToUrl(RADurl): Navigate to 'https://qa2.velocitypayment.com/client/rad/index.html' successfully

2024-01-14 16:58:20 - [MESSAGE][PASSED] - Navigate to 'https://qa2.velocitypayment.com/client/rad/index.html' successfully

2024-01-14 16:58:20 - [TEST_STEP][PASSED] - selectOptionByLabel(findTestObject(orPath_Landing + "/dd_TaxType"), PaymentType, false): All options with label 'Quarterly Estimated Tax' are selected in object 'Object Repository/RAD_Pages/Landing_Page/dd_TaxType' 

2024-01-14 16:58:22 - [MESSAGE][PASSED] - All options with label 'Quarterly Estimated Tax' are selected in object 'Object Repository/RAD_Pages/Landing_Page/dd_TaxType' 

2024-01-14 16:58:22 - [TEST_STEP][PASSED] - switch (PaymentType): null

2024-01-14 16:58:22 - [TEST_STEP][PASSED] - case "Quarterly Estimated Tax":: null

2024-01-14 16:58:22 - [TEST_STEP][PASSED] - selectOptionByLabel(findTestObject(orPath_TaxTypeFilingYear + "/select_PaymentType"), TaxType, false): All options with label 'Personal Income Tax' are selected in object 'Object Repository/RAD_Pages/TaxTypeFilingYear_Page/select_PaymentType' 

2024-01-14 16:58:23 - [MESSAGE][PASSED] - All options with label 'Personal Income Tax' are selected in object 'Object Repository/RAD_Pages/TaxTypeFilingYear_Page/select_PaymentType' 

2024-01-14 16:58:23 - [TEST_STEP][PASSED] - break: null

2024-01-14 16:58:23 - [TEST_STEP][PASSED] - if (!(FilingYear.isEmpty())): All options with label '2024' are selected in object 'Object Repository/RAD_Pages/TaxTypeFilingYear_Page/select_FilingYear' 

2024-01-14 16:58:23 - [TEST_STEP][PASSED] - selectOptionByLabel(findTestObject(orPath_TaxTypeFilingYear + "/select_FilingYear"), FilingYear, false): All options with label '2024' are selected in object 'Object Repository/RAD_Pages/TaxTypeFilingYear_Page/select_FilingYear' 

2024-01-14 16:58:24 - [MESSAGE][PASSED] - All options with label '2024' are selected in object 'Object Repository/RAD_Pages/TaxTypeFilingYear_Page/select_FilingYear' 

2024-01-14 16:58:24 - [TEST_STEP][PASSED] - setText(findTestObject(orPath_TaxPayer + "/input_firstName"), " "): Text ' ' is set on object 'Object Repository/RAD_Pages/Taxpayer_Page/input_firstName'

2024-01-14 16:58:24 - [MESSAGE][PASSED] - Text ' ' is set on object 'Object Repository/RAD_Pages/Taxpayer_Page/input_firstName'

2024-01-14 16:58:24 - [TEST_STEP][PASSED] - setText(findTestObject(orPath_TaxPayer + "/input_lastName"), " "): Text ' ' is set on object 'Object Repository/RAD_Pages/Taxpayer_Page/input_lastName'

2024-01-14 16:58:25 - [MESSAGE][PASSED] - Text ' ' is set on object 'Object Repository/RAD_Pages/Taxpayer_Page/input_lastName'

2024-01-14 16:58:25 - [TEST_STEP][PASSED] - setText(findTestObject("RAD_RecordAndPlay/input_concatSSN"), " "): Text ' ' is set on object 'Object Repository/RAD_RecordAndPlay/input_concatSSN'

2024-01-14 16:58:26 - [MESSAGE][PASSED] - Text ' ' is set on object 'Object Repository/RAD_RecordAndPlay/input_concatSSN'

2024-01-14 16:58:26 - [TEST_STEP][PASSED] - setText(findTestObject("RAD_RecordAndPlay/input_concatReSSN"), " "): Text ' ' is set on object 'Object Repository/RAD_RecordAndPlay/input_concatReSSN'

2024-01-14 16:58:26 - [MESSAGE][PASSED] - Text ' ' is set on object 'Object Repository/RAD_RecordAndPlay/input_concatReSSN'

2024-01-14 16:58:26 - [TEST_STEP][PASSED] - setText(findTestObject(orPath_AddressContact + "/input_streetAddress1"), " "): Text ' ' is set on object 'Object Repository/RAD_Pages/AddressAndContactInfo_Page/input_streetAddress1'

2024-01-14 16:58:27 - [MESSAGE][PASSED] - Text ' ' is set on object 'Object Repository/RAD_Pages/AddressAndContactInfo_Page/input_streetAddress1'

2024-01-14 16:58:27 - [TEST_STEP][PASSED] - setText(findTestObject(orPath_AddressContact + "/input_city"), " "): Text ' ' is set on object 'Object Repository/RAD_Pages/AddressAndContactInfo_Page/input_city'

2024-01-14 16:58:28 - [MESSAGE][PASSED] - Text ' ' is set on object 'Object Repository/RAD_Pages/AddressAndContactInfo_Page/input_city'

2024-01-14 16:58:28 - [TEST_STEP][PASSED] - setText(findTestObject(orPath_AddressContact + "/input_zipCode"), " "): Text ' ' is set on object 'Object Repository/RAD_Pages/AddressAndContactInfo_Page/input_zipCode'

2024-01-14 16:58:29 - [MESSAGE][PASSED] - Text ' ' is set on object 'Object Repository/RAD_Pages/AddressAndContactInfo_Page/input_zipCode'

2024-01-14 16:58:29 - [TEST_STEP][PASSED] - setText(findTestObject(orPath_AddressContact + "/input_phoneNumber"), " "): Text ' ' is set on object 'Object Repository/RAD_Pages/AddressAndContactInfo_Page/input_phoneNumber'

2024-01-14 16:58:29 - [MESSAGE][PASSED] - Text ' ' is set on object 'Object Repository/RAD_Pages/AddressAndContactInfo_Page/input_phoneNumber'

2024-01-14 16:58:29 - [TEST_STEP][PASSED] - setText(findTestObject(orPath_AddressContact + "/input_eMailAddress"), " "): Text ' ' is set on object 'Object Repository/RAD_Pages/AddressAndContactInfo_Page/input_eMailAddress'

2024-01-14 16:58:30 - [MESSAGE][PASSED] - Text ' ' is set on object 'Object Repository/RAD_Pages/AddressAndContactInfo_Page/input_eMailAddress'

2024-01-14 16:58:30 - [TEST_STEP][PASSED] - setText(findTestObject(orPath_AddressContact + "/input_reEnterEMailAddress"), " "): Text ' ' is set on object 'Object Repository/RAD_Pages/AddressAndContactInfo_Page/input_reEnterEMailAddress'

2024-01-14 16:58:31 - [MESSAGE][PASSED] - Text ' ' is set on object 'Object Repository/RAD_Pages/AddressAndContactInfo_Page/input_reEnterEMailAddress'

2024-01-14 16:58:31 - [TEST_STEP][PASSED] - scrollToElement(findTestObject(orPath_Landing + "/button_Continue"), 3): Scroll to object 'Object Repository/RAD_Pages/Landing_Page/button_Continue' successfully

2024-01-14 16:58:31 - [MESSAGE][PASSED] - Scroll to object 'Object Repository/RAD_Pages/Landing_Page/button_Continue' successfully

2024-01-14 16:58:31 - [TEST_STEP][PASSED] - waitForElementClickable(findTestObject(orPath_FilingStatus + "/input_JointFiling_userType_New"), 5): Object 'Object Repository/RAD_Pages/FilingStatus_Page/input_JointFiling_userType_New' is clickable

2024-01-14 16:58:32 - [MESSAGE][PASSED] - Object 'Object Repository/RAD_Pages/FilingStatus_Page/input_JointFiling_userType_New' is clickable

2024-01-14 16:58:32 - [TEST_STEP][PASSED] - check(findTestObject(orPath_FilingStatus + "/input_JointFiling_userType_New")): Object 'Object Repository/RAD_Pages/FilingStatus_Page/input_JointFiling_userType_New' is checked

2024-01-14 16:58:32 - [MESSAGE][PASSED] - Object 'Object Repository/RAD_Pages/FilingStatus_Page/input_JointFiling_userType_New' is checked

2024-01-14 16:58:32 - [TEST_STEP][PASSED] - delay(2): Delayed 2 second(s)

2024-01-14 16:58:34 - [MESSAGE][PASSED] - Delayed 2 second(s)

2024-01-14 16:58:34 - [TEST_STEP][PASSED] - setText(findTestObject(orPath_FilingStatus + "/input_jointFirstName"), " "): Text ' ' is set on object 'Object Repository/RAD_Pages/FilingStatus_Page/input_jointFirstName'

2024-01-14 16:58:35 - [MESSAGE][PASSED] - Text ' ' is set on object 'Object Repository/RAD_Pages/FilingStatus_Page/input_jointFirstName'

2024-01-14 16:58:35 - [TEST_STEP][PASSED] - setText(findTestObject(orPath_FilingStatus + "/input_jointLastName"), " "): Text ' ' is set on object 'Object Repository/RAD_Pages/FilingStatus_Page/input_jointLastName'

2024-01-14 16:58:36 - [MESSAGE][PASSED] - Text ' ' is set on object 'Object Repository/RAD_Pages/FilingStatus_Page/input_jointLastName'

2024-01-14 16:58:36 - [TEST_STEP][PASSED] - setText(findTestObject("Object Repository/RAD_RecordAndPlay/input_JointFilerSSN"), " "): Text ' ' is set on object 'Object Repository/RAD_RecordAndPlay/input_JointFilerSSN'

2024-01-14 16:58:36 - [MESSAGE][PASSED] - Text ' ' is set on object 'Object Repository/RAD_RecordAndPlay/input_JointFilerSSN'

2024-01-14 16:58:36 - [TEST_STEP][PASSED] - setText(findTestObject("Object Repository/RAD_RecordAndPlay/input_reTypeJointFilerSSN"), " "): Text ' ' is set on object 'Object Repository/RAD_RecordAndPlay/input_reTypeJointFilerSSN'

2024-01-14 16:58:37 - [MESSAGE][PASSED] - Text ' ' is set on object 'Object Repository/RAD_RecordAndPlay/input_reTypeJointFilerSSN'

2024-01-14 16:58:37 - [TEST_STEP][PASSED] - resText = "Fail": null

2024-01-14 16:58:37 - [TEST_STEP][PASSED] - pages.WriteExcel.demoKey(resText, datText, resColumn, datCloumn, fileLoc, nameSheet, row): pages.WriteExcel.demoKey is PASSED

2024-01-14 16:58:37 - [MESSAGE][PASSED] - pages.WriteExcel.demoKey is PASSED

2024-01-14 16:58:37 - [TEST_STEP][PASSED] - verifyTextPresent("Enter first name", true, CONTINUE_ON_FAILURE): Text 'Enter first name' is present on page  using regular expression

2024-01-14 16:58:37 - [MESSAGE][PASSED] - Text 'Enter first name' is present on page  using regular expression

2024-01-14 16:58:37 - [TEST_STEP][PASSED] - verifyTextPresent("Enter last name", true, CONTINUE_ON_FAILURE): Text 'Enter last name' is present on page  using regular expression

2024-01-14 16:58:38 - [MESSAGE][PASSED] - Text 'Enter last name' is present on page  using regular expression

2024-01-14 16:58:38 - [TEST_STEP][PASSED] - verifyTextPresent("Please enter a valid SSN with 9 digits", true, CONTINUE_ON_FAILURE): Text 'Please enter a valid SSN with 9 digits' is present on page  using regular expression

2024-01-14 16:58:38 - [MESSAGE][PASSED] - Text 'Please enter a valid SSN with 9 digits' is present on page  using regular expression

2024-01-14 16:58:38 - [TEST_STEP][PASSED] - verifyTextPresent("Re-type SSN Validation Error", true, CONTINUE_ON_FAILURE): Text 'Re-type SSN Validation Error' is present on page  using regular expression

2024-01-14 16:58:39 - [MESSAGE][PASSED] - Text 'Re-type SSN Validation Error' is present on page  using regular expression

2024-01-14 16:58:39 - [TEST_STEP][PASSED] - verifyTextPresent("Enter address", true, CONTINUE_ON_FAILURE): Text 'Enter address' is present on page  using regular expression

2024-01-14 16:58:39 - [MESSAGE][PASSED] - Text 'Enter address' is present on page  using regular expression

2024-01-14 16:58:39 - [TEST_STEP][PASSED] - verifyTextPresent("Enter city", true, CONTINUE_ON_FAILURE): Text 'Enter city' is present on page  using regular expression

2024-01-14 16:58:39 - [MESSAGE][PASSED] - Text 'Enter city' is present on page  using regular expression

2024-01-14 16:58:39 - [TEST_STEP][PASSED] - verifyTextPresent("Enter ZIP code", true, CONTINUE_ON_FAILURE): Text 'Enter ZIP code' is present on page  using regular expression

2024-01-14 16:58:40 - [MESSAGE][PASSED] - Text 'Enter ZIP code' is present on page  using regular expression

2024-01-14 16:58:40 - [TEST_STEP][PASSED] - verifyTextPresent("Enter a valid phone number", true, CONTINUE_ON_FAILURE): Text 'Enter a valid phone number' is present on page  using regular expression

2024-01-14 16:58:40 - [MESSAGE][PASSED] - Text 'Enter a valid phone number' is present on page  using regular expression

2024-01-14 16:58:40 - [TEST_STEP][PASSED] - verifyTextPresent("Enter Email", true, CONTINUE_ON_FAILURE): Text 'Enter Email' is present on page  using regular expression

2024-01-14 16:58:40 - [MESSAGE][PASSED] - Text 'Enter Email' is present on page  using regular expression

2024-01-14 16:58:40 - [TEST_STEP][PASSED] - verifyTextPresent("Enter joint payer first name", true, CONTINUE_ON_FAILURE): Text 'Enter joint payer first name' is present on page  using regular expression

2024-01-14 16:58:41 - [MESSAGE][PASSED] - Text 'Enter joint payer first name' is present on page  using regular expression

2024-01-14 16:58:41 - [TEST_STEP][PASSED] - verifyTextPresent("Enter joint payer last name", true, CONTINUE_ON_FAILURE): Text 'Enter joint payer last name' is present on page  using regular expression

2024-01-14 16:58:41 - [MESSAGE][PASSED] - Text 'Enter joint payer last name' is present on page  using regular expression

2024-01-14 16:58:41 - [TEST_STEP][PASSED] - verifyTextPresent("Please enter a valid SSN with 9 digits", true, CONTINUE_ON_FAILURE): Text 'Please enter a valid SSN with 9 digits' is present on page  using regular expression

2024-01-14 16:58:41 - [MESSAGE][PASSED] - Text 'Please enter a valid SSN with 9 digits' is present on page  using regular expression

2024-01-14 16:58:41 - [TEST_STEP][PASSED] - verifyTextPresent("Re-type SSN Validation Error", true, CONTINUE_ON_FAILURE): Text 'Re-type SSN Validation Error' is present on page  using regular expression

2024-01-14 16:58:42 - [MESSAGE][PASSED] - Text 'Re-type SSN Validation Error' is present on page  using regular expression

2024-01-14 16:58:42 - [TEST_STEP][PASSED] - resText = "Pass": null

2024-01-14 16:58:42 - [TEST_STEP][PASSED] - pages.WriteExcel.demoKey(resText, datText, resColumn, datCloumn, fileLoc, nameSheet, row): pages.WriteExcel.demoKey is PASSED

2024-01-14 16:58:42 - [MESSAGE][PASSED] - pages.WriteExcel.demoKey is PASSED

2024-01-14 16:58:42 - [TEST_STEP][PASSED] - ExecuteTC = findTestData(dataFile).getValue("Execute", row): null

2024-01-14 16:58:42 - [TEST_STEP][PASSED] - TaxType = findTestData(dataFile).getValue("TaxType", row): null

2024-01-14 16:58:42 - [TEST_STEP][PASSED] - PaymentType = findTestData(dataFile).getValue("PaymentType", row): null

2024-01-14 16:58:42 - [TEST_STEP][PASSED] - FilingYear = findTestData(dataFile).getValue("Year", row): null

2024-01-14 16:58:42 - [TEST_STEP][PASSED] - if (ExecuteTC.equalsIgnoreCase("Y")): null

2024-01-14 16:58:42 - [TEST_STEP][PASSED] - ExecuteTC = findTestData(dataFile).getValue("Execute", row): null

2024-01-14 16:58:42 - [TEST_STEP][PASSED] - TaxType = findTestData(dataFile).getValue("TaxType", row): null

2024-01-14 16:58:42 - [TEST_STEP][PASSED] - PaymentType = findTestData(dataFile).getValue("PaymentType", row): null

2024-01-14 16:58:42 - [TEST_STEP][PASSED] - FilingYear = findTestData(dataFile).getValue("Year", row): null

2024-01-14 16:58:42 - [TEST_STEP][PASSED] - if (ExecuteTC.equalsIgnoreCase("Y")): pages.WriteExcel.demoKey is PASSED

2024-01-14 16:58:42 - [TEST_STEP][PASSED] - out.println("Begin Record Number: " + row): null

2024-01-14 16:58:42 - [TEST_STEP][PASSED] - today = new java.util.Date(): null

2024-01-14 16:58:42 - [TEST_STEP][PASSED] - println(today): null

2024-01-14 16:58:42 - [TEST_STEP][PASSED] - datText = today: null

2024-01-14 16:58:42 - [TEST_STEP][PASSED] - logInfo("Payment Type: " + PaymentType): Payment Type: New Tax Return Amount Due

2024-01-14 16:58:42 - [MESSAGE][INFO] - Payment Type: New Tax Return Amount Due

2024-01-14 16:58:42 - [TEST_STEP][PASSED] - logInfo("Tax Type: " + TaxType): Tax Type: Personal Income Tax

2024-01-14 16:58:42 - [MESSAGE][INFO] - Tax Type: Personal Income Tax

2024-01-14 16:58:42 - [TEST_STEP][PASSED] - openBrowser(""): Browser is opened with url: ''

2024-01-14 16:58:42 - [MESSAGE][WARNING] - A browser is already opened. Closing browser and opening a new one

2024-01-14 16:58:44 - [MESSAGE][INFO] - Starting 'Chrome' driver

2024-01-14 16:58:44 - [MESSAGE][INFO] - User set preference: ['acceptInsecureCerts', 'true']

2024-01-14 16:58:44 - [MESSAGE][INFO] - Action delay is set to 0 milliseconds

2024-01-14 16:58:45 - [MESSAGE][PASSED] - Browser is opened with url: ''

2024-01-14 16:58:45 - [TEST_STEP][PASSED] - maximizeWindow(): Current window maximized

2024-01-14 16:58:45 - [MESSAGE][PASSED] - Current window maximized

2024-01-14 16:58:45 - [TEST_STEP][PASSED] - navigateToUrl(RADurl): Navigate to 'https://qa2.velocitypayment.com/client/rad/index.html' successfully

2024-01-14 16:58:45 - [MESSAGE][PASSED] - Navigate to 'https://qa2.velocitypayment.com/client/rad/index.html' successfully

2024-01-14 16:58:45 - [TEST_STEP][PASSED] - selectOptionByLabel(findTestObject(orPath_Landing + "/dd_TaxType"), PaymentType, false): All options with label 'New Tax Return Amount Due' are selected in object 'Object Repository/RAD_Pages/Landing_Page/dd_TaxType' 

2024-01-14 16:58:47 - [MESSAGE][PASSED] - All options with label 'New Tax Return Amount Due' are selected in object 'Object Repository/RAD_Pages/Landing_Page/dd_TaxType' 

2024-01-14 16:58:47 - [TEST_STEP][PASSED] - switch (PaymentType): null

2024-01-14 16:58:47 - [TEST_STEP][PASSED] - case "New Tax Return Amount Due":: null

2024-01-14 16:58:47 - [TEST_STEP][PASSED] - selectOptionByLabel(findTestObject("Object Repository/RAD_Pages/Landing_Page/select_NewTaxReturnAmountDue_TaxType"), TaxType, false): All options with label 'Personal Income Tax' are selected in object 'Object Repository/RAD_Pages/Landing_Page/select_NewTaxReturnAmountDue_TaxType' 

2024-01-14 16:58:48 - [MESSAGE][PASSED] - All options with label 'Personal Income Tax' are selected in object 'Object Repository/RAD_Pages/Landing_Page/select_NewTaxReturnAmountDue_TaxType' 

2024-01-14 16:58:48 - [TEST_STEP][PASSED] - break: null

2024-01-14 16:58:48 - [TEST_STEP][PASSED] - if (!(FilingYear.isEmpty())): All options with label '2023' are selected in object 'Object Repository/RAD_Pages/TaxTypeFilingYear_Page/select_FilingYear' 

2024-01-14 16:58:48 - [TEST_STEP][PASSED] - selectOptionByLabel(findTestObject(orPath_TaxTypeFilingYear + "/select_FilingYear"), FilingYear, false): All options with label '2023' are selected in object 'Object Repository/RAD_Pages/TaxTypeFilingYear_Page/select_FilingYear' 

2024-01-14 16:58:49 - [MESSAGE][PASSED] - All options with label '2023' are selected in object 'Object Repository/RAD_Pages/TaxTypeFilingYear_Page/select_FilingYear' 

2024-01-14 16:58:49 - [TEST_STEP][PASSED] - setText(findTestObject(orPath_TaxPayer + "/input_firstName"), " "): Text ' ' is set on object 'Object Repository/RAD_Pages/Taxpayer_Page/input_firstName'

2024-01-14 16:58:50 - [MESSAGE][PASSED] - Text ' ' is set on object 'Object Repository/RAD_Pages/Taxpayer_Page/input_firstName'

2024-01-14 16:58:50 - [TEST_STEP][PASSED] - setText(findTestObject(orPath_TaxPayer + "/input_lastName"), " "): Text ' ' is set on object 'Object Repository/RAD_Pages/Taxpayer_Page/input_lastName'

2024-01-14 16:58:50 - [MESSAGE][PASSED] - Text ' ' is set on object 'Object Repository/RAD_Pages/Taxpayer_Page/input_lastName'

2024-01-14 16:58:50 - [TEST_STEP][PASSED] - setText(findTestObject("RAD_RecordAndPlay/input_concatSSN"), " "): Text ' ' is set on object 'Object Repository/RAD_RecordAndPlay/input_concatSSN'

2024-01-14 16:58:51 - [MESSAGE][PASSED] - Text ' ' is set on object 'Object Repository/RAD_RecordAndPlay/input_concatSSN'

2024-01-14 16:58:51 - [TEST_STEP][PASSED] - setText(findTestObject("RAD_RecordAndPlay/input_concatReSSN"), " "): Text ' ' is set on object 'Object Repository/RAD_RecordAndPlay/input_concatReSSN'

2024-01-14 16:58:51 - [MESSAGE][PASSED] - Text ' ' is set on object 'Object Repository/RAD_RecordAndPlay/input_concatReSSN'

2024-01-14 16:58:51 - [TEST_STEP][PASSED] - setText(findTestObject(orPath_AddressContact + "/input_streetAddress1"), " "): Text ' ' is set on object 'Object Repository/RAD_Pages/AddressAndContactInfo_Page/input_streetAddress1'

2024-01-14 16:58:52 - [MESSAGE][PASSED] - Text ' ' is set on object 'Object Repository/RAD_Pages/AddressAndContactInfo_Page/input_streetAddress1'

2024-01-14 16:58:52 - [TEST_STEP][PASSED] - setText(findTestObject(orPath_AddressContact + "/input_city"), " "): Text ' ' is set on object 'Object Repository/RAD_Pages/AddressAndContactInfo_Page/input_city'

2024-01-14 16:58:53 - [MESSAGE][PASSED] - Text ' ' is set on object 'Object Repository/RAD_Pages/AddressAndContactInfo_Page/input_city'

2024-01-14 16:58:53 - [TEST_STEP][PASSED] - setText(findTestObject(orPath_AddressContact + "/input_zipCode"), " "): Text ' ' is set on object 'Object Repository/RAD_Pages/AddressAndContactInfo_Page/input_zipCode'

2024-01-14 16:58:54 - [MESSAGE][PASSED] - Text ' ' is set on object 'Object Repository/RAD_Pages/AddressAndContactInfo_Page/input_zipCode'

2024-01-14 16:58:54 - [TEST_STEP][PASSED] - setText(findTestObject(orPath_AddressContact + "/input_phoneNumber"), " "): Text ' ' is set on object 'Object Repository/RAD_Pages/AddressAndContactInfo_Page/input_phoneNumber'

2024-01-14 16:58:55 - [MESSAGE][PASSED] - Text ' ' is set on object 'Object Repository/RAD_Pages/AddressAndContactInfo_Page/input_phoneNumber'

2024-01-14 16:58:55 - [TEST_STEP][PASSED] - setText(findTestObject(orPath_AddressContact + "/input_eMailAddress"), " "): Text ' ' is set on object 'Object Repository/RAD_Pages/AddressAndContactInfo_Page/input_eMailAddress'

2024-01-14 16:58:55 - [MESSAGE][PASSED] - Text ' ' is set on object 'Object Repository/RAD_Pages/AddressAndContactInfo_Page/input_eMailAddress'

2024-01-14 16:58:55 - [TEST_STEP][PASSED] - setText(findTestObject(orPath_AddressContact + "/input_reEnterEMailAddress"), " "): Text ' ' is set on object 'Object Repository/RAD_Pages/AddressAndContactInfo_Page/input_reEnterEMailAddress'

2024-01-14 16:58:56 - [MESSAGE][PASSED] - Text ' ' is set on object 'Object Repository/RAD_Pages/AddressAndContactInfo_Page/input_reEnterEMailAddress'

2024-01-14 16:58:56 - [TEST_STEP][PASSED] - scrollToElement(findTestObject(orPath_Landing + "/button_Continue"), 3): Scroll to object 'Object Repository/RAD_Pages/Landing_Page/button_Continue' successfully

2024-01-14 16:58:57 - [MESSAGE][PASSED] - Scroll to object 'Object Repository/RAD_Pages/Landing_Page/button_Continue' successfully

2024-01-14 16:58:57 - [TEST_STEP][PASSED] - waitForElementClickable(findTestObject(orPath_FilingStatus + "/input_JointFiling_userType_New"), 5): Object 'Object Repository/RAD_Pages/FilingStatus_Page/input_JointFiling_userType_New' is clickable

2024-01-14 16:58:57 - [MESSAGE][PASSED] - Object 'Object Repository/RAD_Pages/FilingStatus_Page/input_JointFiling_userType_New' is clickable

2024-01-14 16:58:57 - [TEST_STEP][PASSED] - check(findTestObject(orPath_FilingStatus + "/input_JointFiling_userType_New")): Object 'Object Repository/RAD_Pages/FilingStatus_Page/input_JointFiling_userType_New' is checked

2024-01-14 16:58:58 - [MESSAGE][PASSED] - Object 'Object Repository/RAD_Pages/FilingStatus_Page/input_JointFiling_userType_New' is checked

2024-01-14 16:58:58 - [TEST_STEP][PASSED] - delay(2): Delayed 2 second(s)

2024-01-14 16:59:00 - [MESSAGE][PASSED] - Delayed 2 second(s)

2024-01-14 16:59:00 - [TEST_STEP][PASSED] - setText(findTestObject(orPath_FilingStatus + "/input_jointFirstName"), " "): Text ' ' is set on object 'Object Repository/RAD_Pages/FilingStatus_Page/input_jointFirstName'

2024-01-14 16:59:00 - [MESSAGE][PASSED] - Text ' ' is set on object 'Object Repository/RAD_Pages/FilingStatus_Page/input_jointFirstName'

2024-01-14 16:59:00 - [TEST_STEP][PASSED] - setText(findTestObject(orPath_FilingStatus + "/input_jointLastName"), " "): Text ' ' is set on object 'Object Repository/RAD_Pages/FilingStatus_Page/input_jointLastName'

2024-01-14 16:59:01 - [MESSAGE][PASSED] - Text ' ' is set on object 'Object Repository/RAD_Pages/FilingStatus_Page/input_jointLastName'

2024-01-14 16:59:01 - [TEST_STEP][PASSED] - setText(findTestObject("Object Repository/RAD_RecordAndPlay/input_JointFilerSSN"), " "): Text ' ' is set on object 'Object Repository/RAD_RecordAndPlay/input_JointFilerSSN'

2024-01-14 16:59:02 - [MESSAGE][PASSED] - Text ' ' is set on object 'Object Repository/RAD_RecordAndPlay/input_JointFilerSSN'

2024-01-14 16:59:02 - [TEST_STEP][PASSED] - setText(findTestObject("Object Repository/RAD_RecordAndPlay/input_reTypeJointFilerSSN"), " "): Text ' ' is set on object 'Object Repository/RAD_RecordAndPlay/input_reTypeJointFilerSSN'

2024-01-14 16:59:02 - [MESSAGE][PASSED] - Text ' ' is set on object 'Object Repository/RAD_RecordAndPlay/input_reTypeJointFilerSSN'

2024-01-14 16:59:02 - [TEST_STEP][PASSED] - resText = "Fail": null

2024-01-14 16:59:02 - [TEST_STEP][PASSED] - pages.WriteExcel.demoKey(resText, datText, resColumn, datCloumn, fileLoc, nameSheet, row): pages.WriteExcel.demoKey is PASSED

2024-01-14 16:59:02 - [MESSAGE][PASSED] - pages.WriteExcel.demoKey is PASSED

2024-01-14 16:59:02 - [TEST_STEP][PASSED] - verifyTextPresent("Enter first name", true, CONTINUE_ON_FAILURE): Text 'Enter first name' is present on page  using regular expression

2024-01-14 16:59:03 - [MESSAGE][PASSED] - Text 'Enter first name' is present on page  using regular expression

2024-01-14 16:59:03 - [TEST_STEP][PASSED] - verifyTextPresent("Enter last name", true, CONTINUE_ON_FAILURE): Text 'Enter last name' is present on page  using regular expression

2024-01-14 16:59:03 - [MESSAGE][PASSED] - Text 'Enter last name' is present on page  using regular expression

2024-01-14 16:59:03 - [TEST_STEP][PASSED] - verifyTextPresent("Please enter a valid SSN with 9 digits", true, CONTINUE_ON_FAILURE): Text 'Please enter a valid SSN with 9 digits' is present on page  using regular expression

2024-01-14 16:59:04 - [MESSAGE][PASSED] - Text 'Please enter a valid SSN with 9 digits' is present on page  using regular expression

2024-01-14 16:59:04 - [TEST_STEP][PASSED] - verifyTextPresent("Re-type SSN Validation Error", true, CONTINUE_ON_FAILURE): Text 'Re-type SSN Validation Error' is present on page  using regular expression

2024-01-14 16:59:04 - [MESSAGE][PASSED] - Text 'Re-type SSN Validation Error' is present on page  using regular expression

2024-01-14 16:59:04 - [TEST_STEP][PASSED] - verifyTextPresent("Enter address", true, CONTINUE_ON_FAILURE): Text 'Enter address' is present on page  using regular expression

2024-01-14 16:59:04 - [MESSAGE][PASSED] - Text 'Enter address' is present on page  using regular expression

2024-01-14 16:59:04 - [TEST_STEP][PASSED] - verifyTextPresent("Enter city", true, CONTINUE_ON_FAILURE): Text 'Enter city' is present on page  using regular expression

2024-01-14 16:59:05 - [MESSAGE][PASSED] - Text 'Enter city' is present on page  using regular expression

2024-01-14 16:59:05 - [TEST_STEP][PASSED] - verifyTextPresent("Enter ZIP code", true, CONTINUE_ON_FAILURE): Text 'Enter ZIP code' is present on page  using regular expression

2024-01-14 16:59:05 - [MESSAGE][PASSED] - Text 'Enter ZIP code' is present on page  using regular expression

2024-01-14 16:59:05 - [TEST_STEP][PASSED] - verifyTextPresent("Enter a valid phone number", true, CONTINUE_ON_FAILURE): Text 'Enter a valid phone number' is present on page  using regular expression

2024-01-14 16:59:05 - [MESSAGE][PASSED] - Text 'Enter a valid phone number' is present on page  using regular expression

2024-01-14 16:59:05 - [TEST_STEP][PASSED] - verifyTextPresent("Enter Email", true, CONTINUE_ON_FAILURE): Text 'Enter Email' is present on page  using regular expression

2024-01-14 16:59:06 - [MESSAGE][PASSED] - Text 'Enter Email' is present on page  using regular expression

2024-01-14 16:59:06 - [TEST_STEP][PASSED] - verifyTextPresent("Enter joint payer first name", true, CONTINUE_ON_FAILURE): Text 'Enter joint payer first name' is present on page  using regular expression

2024-01-14 16:59:06 - [MESSAGE][PASSED] - Text 'Enter joint payer first name' is present on page  using regular expression

2024-01-14 16:59:06 - [TEST_STEP][PASSED] - verifyTextPresent("Enter joint payer last name", true, CONTINUE_ON_FAILURE): Text 'Enter joint payer last name' is present on page  using regular expression

2024-01-14 16:59:06 - [MESSAGE][PASSED] - Text 'Enter joint payer last name' is present on page  using regular expression

2024-01-14 16:59:06 - [TEST_STEP][PASSED] - verifyTextPresent("Please enter a valid SSN with 9 digits", true, CONTINUE_ON_FAILURE): Text 'Please enter a valid SSN with 9 digits' is present on page  using regular expression

2024-01-14 16:59:07 - [MESSAGE][PASSED] - Text 'Please enter a valid SSN with 9 digits' is present on page  using regular expression

2024-01-14 16:59:07 - [TEST_STEP][PASSED] - verifyTextPresent("Re-type SSN Validation Error", true, CONTINUE_ON_FAILURE): Text 'Re-type SSN Validation Error' is present on page  using regular expression

2024-01-14 16:59:07 - [MESSAGE][PASSED] - Text 'Re-type SSN Validation Error' is present on page  using regular expression

2024-01-14 16:59:07 - [TEST_STEP][PASSED] - resText = "Pass": null

2024-01-14 16:59:07 - [TEST_STEP][PASSED] - pages.WriteExcel.demoKey(resText, datText, resColumn, datCloumn, fileLoc, nameSheet, row): pages.WriteExcel.demoKey is PASSED

2024-01-14 16:59:07 - [MESSAGE][PASSED] - pages.WriteExcel.demoKey is PASSED

2024-01-14 16:59:07 - [TEST_STEP][PASSED] - ExecuteTC = findTestData(dataFile).getValue("Execute", row): null

2024-01-14 16:59:07 - [TEST_STEP][PASSED] - TaxType = findTestData(dataFile).getValue("TaxType", row): null

2024-01-14 16:59:07 - [TEST_STEP][PASSED] - PaymentType = findTestData(dataFile).getValue("PaymentType", row): null

2024-01-14 16:59:07 - [TEST_STEP][PASSED] - FilingYear = findTestData(dataFile).getValue("Year", row): null

2024-01-14 16:59:07 - [TEST_STEP][PASSED] - if (ExecuteTC.equalsIgnoreCase("Y")): pages.WriteExcel.demoKey is PASSED

2024-01-14 16:59:07 - [TEST_STEP][PASSED] - out.println("Begin Record Number: " + row): null

2024-01-14 16:59:07 - [TEST_STEP][PASSED] - today = new java.util.Date(): null

2024-01-14 16:59:07 - [TEST_STEP][PASSED] - println(today): null

2024-01-14 16:59:07 - [TEST_STEP][PASSED] - datText = today: null

2024-01-14 16:59:07 - [TEST_STEP][PASSED] - logInfo("Payment Type: " + PaymentType): Payment Type: New Tax Return Amount Due

2024-01-14 16:59:07 - [MESSAGE][INFO] - Payment Type: New Tax Return Amount Due

2024-01-14 16:59:07 - [TEST_STEP][PASSED] - logInfo("Tax Type: " + TaxType): Tax Type: Personal Income Tax

2024-01-14 16:59:07 - [MESSAGE][INFO] - Tax Type: Personal Income Tax

2024-01-14 16:59:07 - [TEST_STEP][PASSED] - openBrowser(""): Browser is opened with url: ''

2024-01-14 16:59:07 - [MESSAGE][WARNING] - A browser is already opened. Closing browser and opening a new one

2024-01-14 16:59:09 - [MESSAGE][INFO] - Starting 'Chrome' driver

2024-01-14 16:59:09 - [MESSAGE][INFO] - User set preference: ['acceptInsecureCerts', 'true']

2024-01-14 16:59:09 - [MESSAGE][INFO] - Action delay is set to 0 milliseconds

2024-01-14 16:59:10 - [MESSAGE][PASSED] - Browser is opened with url: ''

2024-01-14 16:59:10 - [TEST_STEP][PASSED] - maximizeWindow(): Current window maximized

2024-01-14 16:59:10 - [MESSAGE][PASSED] - Current window maximized

2024-01-14 16:59:10 - [TEST_STEP][PASSED] - navigateToUrl(RADurl): Navigate to 'https://qa2.velocitypayment.com/client/rad/index.html' successfully

2024-01-14 16:59:10 - [MESSAGE][PASSED] - Navigate to 'https://qa2.velocitypayment.com/client/rad/index.html' successfully

2024-01-14 16:59:10 - [TEST_STEP][PASSED] - selectOptionByLabel(findTestObject(orPath_Landing + "/dd_TaxType"), PaymentType, false): All options with label 'New Tax Return Amount Due' are selected in object 'Object Repository/RAD_Pages/Landing_Page/dd_TaxType' 

2024-01-14 16:59:12 - [MESSAGE][PASSED] - All options with label 'New Tax Return Amount Due' are selected in object 'Object Repository/RAD_Pages/Landing_Page/dd_TaxType' 

2024-01-14 16:59:12 - [TEST_STEP][PASSED] - switch (PaymentType): null

2024-01-14 16:59:12 - [TEST_STEP][PASSED] - case "New Tax Return Amount Due":: null

2024-01-14 16:59:12 - [TEST_STEP][PASSED] - selectOptionByLabel(findTestObject("Object Repository/RAD_Pages/Landing_Page/select_NewTaxReturnAmountDue_TaxType"), TaxType, false): All options with label 'Personal Income Tax' are selected in object 'Object Repository/RAD_Pages/Landing_Page/select_NewTaxReturnAmountDue_TaxType' 

2024-01-14 16:59:13 - [MESSAGE][PASSED] - All options with label 'Personal Income Tax' are selected in object 'Object Repository/RAD_Pages/Landing_Page/select_NewTaxReturnAmountDue_TaxType' 

2024-01-14 16:59:13 - [TEST_STEP][PASSED] - break: null

2024-01-14 16:59:13 - [TEST_STEP][PASSED] - if (!(FilingYear.isEmpty())): All options with label '2022' are selected in object 'Object Repository/RAD_Pages/TaxTypeFilingYear_Page/select_FilingYear' 

2024-01-14 16:59:13 - [TEST_STEP][PASSED] - selectOptionByLabel(findTestObject(orPath_TaxTypeFilingYear + "/select_FilingYear"), FilingYear, false): All options with label '2022' are selected in object 'Object Repository/RAD_Pages/TaxTypeFilingYear_Page/select_FilingYear' 

2024-01-14 16:59:14 - [MESSAGE][PASSED] - All options with label '2022' are selected in object 'Object Repository/RAD_Pages/TaxTypeFilingYear_Page/select_FilingYear' 

2024-01-14 16:59:14 - [TEST_STEP][PASSED] - setText(findTestObject(orPath_TaxPayer + "/input_firstName"), " "): Text ' ' is set on object 'Object Repository/RAD_Pages/Taxpayer_Page/input_firstName'

2024-01-14 16:59:15 - [MESSAGE][PASSED] - Text ' ' is set on object 'Object Repository/RAD_Pages/Taxpayer_Page/input_firstName'

2024-01-14 16:59:15 - [TEST_STEP][PASSED] - setText(findTestObject(orPath_TaxPayer + "/input_lastName"), " "): Text ' ' is set on object 'Object Repository/RAD_Pages/Taxpayer_Page/input_lastName'

2024-01-14 16:59:15 - [MESSAGE][PASSED] - Text ' ' is set on object 'Object Repository/RAD_Pages/Taxpayer_Page/input_lastName'

2024-01-14 16:59:15 - [TEST_STEP][PASSED] - setText(findTestObject("RAD_RecordAndPlay/input_concatSSN"), " "): Text ' ' is set on object 'Object Repository/RAD_RecordAndPlay/input_concatSSN'

2024-01-14 16:59:16 - [MESSAGE][PASSED] - Text ' ' is set on object 'Object Repository/RAD_RecordAndPlay/input_concatSSN'

2024-01-14 16:59:16 - [TEST_STEP][PASSED] - setText(findTestObject("RAD_RecordAndPlay/input_concatReSSN"), " "): Text ' ' is set on object 'Object Repository/RAD_RecordAndPlay/input_concatReSSN'

2024-01-14 16:59:16 - [MESSAGE][PASSED] - Text ' ' is set on object 'Object Repository/RAD_RecordAndPlay/input_concatReSSN'

2024-01-14 16:59:16 - [TEST_STEP][PASSED] - setText(findTestObject(orPath_AddressContact + "/input_streetAddress1"), " "): Text ' ' is set on object 'Object Repository/RAD_Pages/AddressAndContactInfo_Page/input_streetAddress1'

2024-01-14 16:59:17 - [MESSAGE][PASSED] - Text ' ' is set on object 'Object Repository/RAD_Pages/AddressAndContactInfo_Page/input_streetAddress1'

2024-01-14 16:59:17 - [TEST_STEP][PASSED] - setText(findTestObject(orPath_AddressContact + "/input_city"), " "): Text ' ' is set on object 'Object Repository/RAD_Pages/AddressAndContactInfo_Page/input_city'

2024-01-14 16:59:18 - [MESSAGE][PASSED] - Text ' ' is set on object 'Object Repository/RAD_Pages/AddressAndContactInfo_Page/input_city'

2024-01-14 16:59:18 - [TEST_STEP][PASSED] - setText(findTestObject(orPath_AddressContact + "/input_zipCode"), " "): Text ' ' is set on object 'Object Repository/RAD_Pages/AddressAndContactInfo_Page/input_zipCode'

2024-01-14 16:59:19 - [MESSAGE][PASSED] - Text ' ' is set on object 'Object Repository/RAD_Pages/AddressAndContactInfo_Page/input_zipCode'

2024-01-14 16:59:19 - [TEST_STEP][PASSED] - setText(findTestObject(orPath_AddressContact + "/input_phoneNumber"), " "): Text ' ' is set on object 'Object Repository/RAD_Pages/AddressAndContactInfo_Page/input_phoneNumber'

2024-01-14 16:59:20 - [MESSAGE][PASSED] - Text ' ' is set on object 'Object Repository/RAD_Pages/AddressAndContactInfo_Page/input_phoneNumber'

2024-01-14 16:59:20 - [TEST_STEP][PASSED] - setText(findTestObject(orPath_AddressContact + "/input_eMailAddress"), " "): Text ' ' is set on object 'Object Repository/RAD_Pages/AddressAndContactInfo_Page/input_eMailAddress'

2024-01-14 16:59:20 - [MESSAGE][PASSED] - Text ' ' is set on object 'Object Repository/RAD_Pages/AddressAndContactInfo_Page/input_eMailAddress'

2024-01-14 16:59:20 - [TEST_STEP][PASSED] - setText(findTestObject(orPath_AddressContact + "/input_reEnterEMailAddress"), " "): Text ' ' is set on object 'Object Repository/RAD_Pages/AddressAndContactInfo_Page/input_reEnterEMailAddress'

2024-01-14 16:59:21 - [MESSAGE][PASSED] - Text ' ' is set on object 'Object Repository/RAD_Pages/AddressAndContactInfo_Page/input_reEnterEMailAddress'

2024-01-14 16:59:21 - [TEST_STEP][PASSED] - scrollToElement(findTestObject(orPath_Landing + "/button_Continue"), 3): Scroll to object 'Object Repository/RAD_Pages/Landing_Page/button_Continue' successfully

2024-01-14 16:59:22 - [MESSAGE][PASSED] - Scroll to object 'Object Repository/RAD_Pages/Landing_Page/button_Continue' successfully

2024-01-14 16:59:22 - [TEST_STEP][PASSED] - waitForElementClickable(findTestObject(orPath_FilingStatus + "/input_JointFiling_userType_New"), 5): Object 'Object Repository/RAD_Pages/FilingStatus_Page/input_JointFiling_userType_New' is clickable

2024-01-14 16:59:22 - [MESSAGE][PASSED] - Object 'Object Repository/RAD_Pages/FilingStatus_Page/input_JointFiling_userType_New' is clickable

2024-01-14 16:59:22 - [TEST_STEP][PASSED] - check(findTestObject(orPath_FilingStatus + "/input_JointFiling_userType_New")): Object 'Object Repository/RAD_Pages/FilingStatus_Page/input_JointFiling_userType_New' is checked

2024-01-14 16:59:22 - [MESSAGE][PASSED] - Object 'Object Repository/RAD_Pages/FilingStatus_Page/input_JointFiling_userType_New' is checked

2024-01-14 16:59:22 - [TEST_STEP][PASSED] - delay(2): Delayed 2 second(s)

2024-01-14 16:59:24 - [MESSAGE][PASSED] - Delayed 2 second(s)

2024-01-14 16:59:24 - [TEST_STEP][PASSED] - setText(findTestObject(orPath_FilingStatus + "/input_jointFirstName"), " "): Text ' ' is set on object 'Object Repository/RAD_Pages/FilingStatus_Page/input_jointFirstName'

2024-01-14 16:59:25 - [MESSAGE][PASSED] - Text ' ' is set on object 'Object Repository/RAD_Pages/FilingStatus_Page/input_jointFirstName'

2024-01-14 16:59:25 - [TEST_STEP][PASSED] - setText(findTestObject(orPath_FilingStatus + "/input_jointLastName"), " "): Text ' ' is set on object 'Object Repository/RAD_Pages/FilingStatus_Page/input_jointLastName'

2024-01-14 16:59:26 - [MESSAGE][PASSED] - Text ' ' is set on object 'Object Repository/RAD_Pages/FilingStatus_Page/input_jointLastName'

2024-01-14 16:59:26 - [TEST_STEP][PASSED] - setText(findTestObject("Object Repository/RAD_RecordAndPlay/input_JointFilerSSN"), " "): Text ' ' is set on object 'Object Repository/RAD_RecordAndPlay/input_JointFilerSSN'

2024-01-14 16:59:26 - [MESSAGE][PASSED] - Text ' ' is set on object 'Object Repository/RAD_RecordAndPlay/input_JointFilerSSN'

2024-01-14 16:59:26 - [TEST_STEP][PASSED] - setText(findTestObject("Object Repository/RAD_RecordAndPlay/input_reTypeJointFilerSSN"), " "): Text ' ' is set on object 'Object Repository/RAD_RecordAndPlay/input_reTypeJointFilerSSN'

2024-01-14 16:59:27 - [MESSAGE][PASSED] - Text ' ' is set on object 'Object Repository/RAD_RecordAndPlay/input_reTypeJointFilerSSN'

2024-01-14 16:59:27 - [TEST_STEP][PASSED] - resText = "Fail": null

2024-01-14 16:59:27 - [TEST_STEP][PASSED] - pages.WriteExcel.demoKey(resText, datText, resColumn, datCloumn, fileLoc, nameSheet, row): pages.WriteExcel.demoKey is PASSED

2024-01-14 16:59:27 - [MESSAGE][PASSED] - pages.WriteExcel.demoKey is PASSED

2024-01-14 16:59:27 - [TEST_STEP][PASSED] - verifyTextPresent("Enter first name", true, CONTINUE_ON_FAILURE): Text 'Enter first name' is present on page  using regular expression

2024-01-14 16:59:28 - [MESSAGE][PASSED] - Text 'Enter first name' is present on page  using regular expression

2024-01-14 16:59:28 - [TEST_STEP][PASSED] - verifyTextPresent("Enter last name", true, CONTINUE_ON_FAILURE): Text 'Enter last name' is present on page  using regular expression

2024-01-14 16:59:28 - [MESSAGE][PASSED] - Text 'Enter last name' is present on page  using regular expression

2024-01-14 16:59:28 - [TEST_STEP][PASSED] - verifyTextPresent("Please enter a valid SSN with 9 digits", true, CONTINUE_ON_FAILURE): Text 'Please enter a valid SSN with 9 digits' is present on page  using regular expression

2024-01-14 16:59:28 - [MESSAGE][PASSED] - Text 'Please enter a valid SSN with 9 digits' is present on page  using regular expression

2024-01-14 16:59:28 - [TEST_STEP][PASSED] - verifyTextPresent("Re-type SSN Validation Error", true, CONTINUE_ON_FAILURE): Text 'Re-type SSN Validation Error' is present on page  using regular expression

2024-01-14 16:59:29 - [MESSAGE][PASSED] - Text 'Re-type SSN Validation Error' is present on page  using regular expression

2024-01-14 16:59:29 - [TEST_STEP][PASSED] - verifyTextPresent("Enter address", true, CONTINUE_ON_FAILURE): Text 'Enter address' is present on page  using regular expression

2024-01-14 16:59:29 - [MESSAGE][PASSED] - Text 'Enter address' is present on page  using regular expression

2024-01-14 16:59:29 - [TEST_STEP][PASSED] - verifyTextPresent("Enter city", true, CONTINUE_ON_FAILURE): Text 'Enter city' is present on page  using regular expression

2024-01-14 16:59:29 - [MESSAGE][PASSED] - Text 'Enter city' is present on page  using regular expression

2024-01-14 16:59:29 - [TEST_STEP][PASSED] - verifyTextPresent("Enter ZIP code", true, CONTINUE_ON_FAILURE): Text 'Enter ZIP code' is present on page  using regular expression

2024-01-14 16:59:30 - [MESSAGE][PASSED] - Text 'Enter ZIP code' is present on page  using regular expression

2024-01-14 16:59:30 - [TEST_STEP][PASSED] - verifyTextPresent("Enter a valid phone number", true, CONTINUE_ON_FAILURE): Text 'Enter a valid phone number' is present on page  using regular expression

2024-01-14 16:59:30 - [MESSAGE][PASSED] - Text 'Enter a valid phone number' is present on page  using regular expression

2024-01-14 16:59:30 - [TEST_STEP][PASSED] - verifyTextPresent("Enter Email", true, CONTINUE_ON_FAILURE): Text 'Enter Email' is present on page  using regular expression

2024-01-14 16:59:31 - [MESSAGE][PASSED] - Text 'Enter Email' is present on page  using regular expression

2024-01-14 16:59:31 - [TEST_STEP][PASSED] - verifyTextPresent("Enter joint payer first name", true, CONTINUE_ON_FAILURE): Text 'Enter joint payer first name' is present on page  using regular expression

2024-01-14 16:59:31 - [MESSAGE][PASSED] - Text 'Enter joint payer first name' is present on page  using regular expression

2024-01-14 16:59:31 - [TEST_STEP][PASSED] - verifyTextPresent("Enter joint payer last name", true, CONTINUE_ON_FAILURE): Text 'Enter joint payer last name' is present on page  using regular expression

2024-01-14 16:59:31 - [MESSAGE][PASSED] - Text 'Enter joint payer last name' is present on page  using regular expression

2024-01-14 16:59:31 - [TEST_STEP][PASSED] - verifyTextPresent("Please enter a valid SSN with 9 digits", true, CONTINUE_ON_FAILURE): Text 'Please enter a valid SSN with 9 digits' is present on page  using regular expression

2024-01-14 16:59:32 - [MESSAGE][PASSED] - Text 'Please enter a valid SSN with 9 digits' is present on page  using regular expression

2024-01-14 16:59:32 - [TEST_STEP][PASSED] - verifyTextPresent("Re-type SSN Validation Error", true, CONTINUE_ON_FAILURE): Text 'Re-type SSN Validation Error' is present on page  using regular expression

2024-01-14 16:59:32 - [MESSAGE][PASSED] - Text 'Re-type SSN Validation Error' is present on page  using regular expression

2024-01-14 16:59:32 - [TEST_STEP][PASSED] - resText = "Pass": null

2024-01-14 16:59:32 - [TEST_STEP][PASSED] - pages.WriteExcel.demoKey(resText, datText, resColumn, datCloumn, fileLoc, nameSheet, row): pages.WriteExcel.demoKey is PASSED

2024-01-14 16:59:32 - [MESSAGE][PASSED] - pages.WriteExcel.demoKey is PASSED

2024-01-14 16:59:32 - [TEST_STEP][PASSED] - ExecuteTC = findTestData(dataFile).getValue("Execute", row): null

2024-01-14 16:59:32 - [TEST_STEP][PASSED] - TaxType = findTestData(dataFile).getValue("TaxType", row): null

2024-01-14 16:59:32 - [TEST_STEP][PASSED] - PaymentType = findTestData(dataFile).getValue("PaymentType", row): null

2024-01-14 16:59:32 - [TEST_STEP][PASSED] - FilingYear = findTestData(dataFile).getValue("Year", row): null

2024-01-14 16:59:32 - [TEST_STEP][PASSED] - if (ExecuteTC.equalsIgnoreCase("Y")): pages.WriteExcel.demoKey is PASSED

2024-01-14 16:59:32 - [TEST_STEP][PASSED] - out.println("Begin Record Number: " + row): null

2024-01-14 16:59:32 - [TEST_STEP][PASSED] - today = new java.util.Date(): null

2024-01-14 16:59:32 - [TEST_STEP][PASSED] - println(today): null

2024-01-14 16:59:32 - [TEST_STEP][PASSED] - datText = today: null

2024-01-14 16:59:32 - [TEST_STEP][PASSED] - logInfo("Payment Type: " + PaymentType): Payment Type: New Tax Return Amount Due

2024-01-14 16:59:32 - [MESSAGE][INFO] - Payment Type: New Tax Return Amount Due

2024-01-14 16:59:32 - [TEST_STEP][PASSED] - logInfo("Tax Type: " + TaxType): Tax Type: Personal Income Tax

2024-01-14 16:59:32 - [MESSAGE][INFO] - Tax Type: Personal Income Tax

2024-01-14 16:59:32 - [TEST_STEP][PASSED] - openBrowser(""): Browser is opened with url: ''

2024-01-14 16:59:32 - [MESSAGE][WARNING] - A browser is already opened. Closing browser and opening a new one

2024-01-14 16:59:33 - [MESSAGE][INFO] - Starting 'Chrome' driver

2024-01-14 16:59:33 - [MESSAGE][INFO] - User set preference: ['acceptInsecureCerts', 'true']

2024-01-14 16:59:33 - [MESSAGE][INFO] - Action delay is set to 0 milliseconds

2024-01-14 16:59:35 - [MESSAGE][PASSED] - Browser is opened with url: ''

2024-01-14 16:59:35 - [TEST_STEP][PASSED] - maximizeWindow(): Current window maximized

2024-01-14 16:59:35 - [MESSAGE][PASSED] - Current window maximized

2024-01-14 16:59:35 - [TEST_STEP][PASSED] - navigateToUrl(RADurl): Navigate to 'https://qa2.velocitypayment.com/client/rad/index.html' successfully

2024-01-14 16:59:35 - [MESSAGE][PASSED] - Navigate to 'https://qa2.velocitypayment.com/client/rad/index.html' successfully

2024-01-14 16:59:35 - [TEST_STEP][PASSED] - selectOptionByLabel(findTestObject(orPath_Landing + "/dd_TaxType"), PaymentType, false): All options with label 'New Tax Return Amount Due' are selected in object 'Object Repository/RAD_Pages/Landing_Page/dd_TaxType' 

2024-01-14 16:59:37 - [MESSAGE][PASSED] - All options with label 'New Tax Return Amount Due' are selected in object 'Object Repository/RAD_Pages/Landing_Page/dd_TaxType' 

2024-01-14 16:59:37 - [TEST_STEP][PASSED] - switch (PaymentType): null

2024-01-14 16:59:37 - [TEST_STEP][PASSED] - case "New Tax Return Amount Due":: null

2024-01-14 16:59:37 - [TEST_STEP][PASSED] - selectOptionByLabel(findTestObject("Object Repository/RAD_Pages/Landing_Page/select_NewTaxReturnAmountDue_TaxType"), TaxType, false): All options with label 'Personal Income Tax' are selected in object 'Object Repository/RAD_Pages/Landing_Page/select_NewTaxReturnAmountDue_TaxType' 

2024-01-14 16:59:38 - [MESSAGE][PASSED] - All options with label 'Personal Income Tax' are selected in object 'Object Repository/RAD_Pages/Landing_Page/select_NewTaxReturnAmountDue_TaxType' 

2024-01-14 16:59:38 - [TEST_STEP][PASSED] - break: null

2024-01-14 16:59:38 - [TEST_STEP][PASSED] - if (!(FilingYear.isEmpty())): All options with label '2021' are selected in object 'Object Repository/RAD_Pages/TaxTypeFilingYear_Page/select_FilingYear' 

2024-01-14 16:59:38 - [TEST_STEP][PASSED] - selectOptionByLabel(findTestObject(orPath_TaxTypeFilingYear + "/select_FilingYear"), FilingYear, false): All options with label '2021' are selected in object 'Object Repository/RAD_Pages/TaxTypeFilingYear_Page/select_FilingYear' 

2024-01-14 16:59:39 - [MESSAGE][PASSED] - All options with label '2021' are selected in object 'Object Repository/RAD_Pages/TaxTypeFilingYear_Page/select_FilingYear' 

2024-01-14 16:59:39 - [TEST_STEP][PASSED] - setText(findTestObject(orPath_TaxPayer + "/input_firstName"), " "): Text ' ' is set on object 'Object Repository/RAD_Pages/Taxpayer_Page/input_firstName'

2024-01-14 16:59:40 - [MESSAGE][PASSED] - Text ' ' is set on object 'Object Repository/RAD_Pages/Taxpayer_Page/input_firstName'

2024-01-14 16:59:40 - [TEST_STEP][PASSED] - setText(findTestObject(orPath_TaxPayer + "/input_lastName"), " "): Text ' ' is set on object 'Object Repository/RAD_Pages/Taxpayer_Page/input_lastName'

2024-01-14 16:59:40 - [MESSAGE][PASSED] - Text ' ' is set on object 'Object Repository/RAD_Pages/Taxpayer_Page/input_lastName'

2024-01-14 16:59:40 - [TEST_STEP][PASSED] - setText(findTestObject("RAD_RecordAndPlay/input_concatSSN"), " "): Text ' ' is set on object 'Object Repository/RAD_RecordAndPlay/input_concatSSN'

2024-01-14 16:59:41 - [MESSAGE][PASSED] - Text ' ' is set on object 'Object Repository/RAD_RecordAndPlay/input_concatSSN'

2024-01-14 16:59:41 - [TEST_STEP][PASSED] - setText(findTestObject("RAD_RecordAndPlay/input_concatReSSN"), " "): Text ' ' is set on object 'Object Repository/RAD_RecordAndPlay/input_concatReSSN'

2024-01-14 16:59:41 - [MESSAGE][PASSED] - Text ' ' is set on object 'Object Repository/RAD_RecordAndPlay/input_concatReSSN'

2024-01-14 16:59:41 - [TEST_STEP][PASSED] - setText(findTestObject(orPath_AddressContact + "/input_streetAddress1"), " "): Text ' ' is set on object 'Object Repository/RAD_Pages/AddressAndContactInfo_Page/input_streetAddress1'

2024-01-14 16:59:42 - [MESSAGE][PASSED] - Text ' ' is set on object 'Object Repository/RAD_Pages/AddressAndContactInfo_Page/input_streetAddress1'

2024-01-14 16:59:42 - [TEST_STEP][PASSED] - setText(findTestObject(orPath_AddressContact + "/input_city"), " "): Text ' ' is set on object 'Object Repository/RAD_Pages/AddressAndContactInfo_Page/input_city'

2024-01-14 16:59:43 - [MESSAGE][PASSED] - Text ' ' is set on object 'Object Repository/RAD_Pages/AddressAndContactInfo_Page/input_city'

2024-01-14 16:59:43 - [TEST_STEP][PASSED] - setText(findTestObject(orPath_AddressContact + "/input_zipCode"), " "): Text ' ' is set on object 'Object Repository/RAD_Pages/AddressAndContactInfo_Page/input_zipCode'

2024-01-14 16:59:44 - [MESSAGE][PASSED] - Text ' ' is set on object 'Object Repository/RAD_Pages/AddressAndContactInfo_Page/input_zipCode'

2024-01-14 16:59:44 - [TEST_STEP][PASSED] - setText(findTestObject(orPath_AddressContact + "/input_phoneNumber"), " "): Text ' ' is set on object 'Object Repository/RAD_Pages/AddressAndContactInfo_Page/input_phoneNumber'

2024-01-14 16:59:45 - [MESSAGE][PASSED] - Text ' ' is set on object 'Object Repository/RAD_Pages/AddressAndContactInfo_Page/input_phoneNumber'

2024-01-14 16:59:45 - [TEST_STEP][PASSED] - setText(findTestObject(orPath_AddressContact + "/input_eMailAddress"), " "): Text ' ' is set on object 'Object Repository/RAD_Pages/AddressAndContactInfo_Page/input_eMailAddress'

2024-01-14 16:59:45 - [MESSAGE][PASSED] - Text ' ' is set on object 'Object Repository/RAD_Pages/AddressAndContactInfo_Page/input_eMailAddress'

2024-01-14 16:59:45 - [TEST_STEP][PASSED] - setText(findTestObject(orPath_AddressContact + "/input_reEnterEMailAddress"), " "): Text ' ' is set on object 'Object Repository/RAD_Pages/AddressAndContactInfo_Page/input_reEnterEMailAddress'

2024-01-14 16:59:46 - [MESSAGE][PASSED] - Text ' ' is set on object 'Object Repository/RAD_Pages/AddressAndContactInfo_Page/input_reEnterEMailAddress'

2024-01-14 16:59:46 - [TEST_STEP][PASSED] - scrollToElement(findTestObject(orPath_Landing + "/button_Continue"), 3): Scroll to object 'Object Repository/RAD_Pages/Landing_Page/button_Continue' successfully

2024-01-14 16:59:46 - [MESSAGE][PASSED] - Scroll to object 'Object Repository/RAD_Pages/Landing_Page/button_Continue' successfully

2024-01-14 16:59:46 - [TEST_STEP][PASSED] - waitForElementClickable(findTestObject(orPath_FilingStatus + "/input_JointFiling_userType_New"), 5): Object 'Object Repository/RAD_Pages/FilingStatus_Page/input_JointFiling_userType_New' is clickable

2024-01-14 16:59:47 - [MESSAGE][PASSED] - Object 'Object Repository/RAD_Pages/FilingStatus_Page/input_JointFiling_userType_New' is clickable

2024-01-14 16:59:47 - [TEST_STEP][PASSED] - check(findTestObject(orPath_FilingStatus + "/input_JointFiling_userType_New")): Object 'Object Repository/RAD_Pages/FilingStatus_Page/input_JointFiling_userType_New' is checked

2024-01-14 16:59:47 - [MESSAGE][PASSED] - Object 'Object Repository/RAD_Pages/FilingStatus_Page/input_JointFiling_userType_New' is checked

2024-01-14 16:59:47 - [TEST_STEP][PASSED] - delay(2): Delayed 2 second(s)

2024-01-14 16:59:49 - [MESSAGE][PASSED] - Delayed 2 second(s)

2024-01-14 16:59:49 - [TEST_STEP][PASSED] - setText(findTestObject(orPath_FilingStatus + "/input_jointFirstName"), " "): Text ' ' is set on object 'Object Repository/RAD_Pages/FilingStatus_Page/input_jointFirstName'

2024-01-14 16:59:50 - [MESSAGE][PASSED] - Text ' ' is set on object 'Object Repository/RAD_Pages/FilingStatus_Page/input_jointFirstName'

2024-01-14 16:59:50 - [TEST_STEP][PASSED] - setText(findTestObject(orPath_FilingStatus + "/input_jointLastName"), " "): Text ' ' is set on object 'Object Repository/RAD_Pages/FilingStatus_Page/input_jointLastName'

2024-01-14 16:59:51 - [MESSAGE][PASSED] - Text ' ' is set on object 'Object Repository/RAD_Pages/FilingStatus_Page/input_jointLastName'

2024-01-14 16:59:51 - [TEST_STEP][PASSED] - setText(findTestObject("Object Repository/RAD_RecordAndPlay/input_JointFilerSSN"), " "): Text ' ' is set on object 'Object Repository/RAD_RecordAndPlay/input_JointFilerSSN'

2024-01-14 16:59:51 - [MESSAGE][PASSED] - Text ' ' is set on object 'Object Repository/RAD_RecordAndPlay/input_JointFilerSSN'

2024-01-14 16:59:51 - [TEST_STEP][PASSED] - setText(findTestObject("Object Repository/RAD_RecordAndPlay/input_reTypeJointFilerSSN"), " "): Text ' ' is set on object 'Object Repository/RAD_RecordAndPlay/input_reTypeJointFilerSSN'

2024-01-14 16:59:52 - [MESSAGE][PASSED] - Text ' ' is set on object 'Object Repository/RAD_RecordAndPlay/input_reTypeJointFilerSSN'

2024-01-14 16:59:52 - [TEST_STEP][PASSED] - resText = "Fail": null

2024-01-14 16:59:52 - [TEST_STEP][PASSED] - pages.WriteExcel.demoKey(resText, datText, resColumn, datCloumn, fileLoc, nameSheet, row): pages.WriteExcel.demoKey is PASSED

2024-01-14 16:59:52 - [MESSAGE][PASSED] - pages.WriteExcel.demoKey is PASSED

2024-01-14 16:59:52 - [TEST_STEP][PASSED] - verifyTextPresent("Enter first name", true, CONTINUE_ON_FAILURE): Text 'Enter first name' is present on page  using regular expression

2024-01-14 16:59:53 - [MESSAGE][PASSED] - Text 'Enter first name' is present on page  using regular expression

2024-01-14 16:59:53 - [TEST_STEP][PASSED] - verifyTextPresent("Enter last name", true, CONTINUE_ON_FAILURE): Text 'Enter last name' is present on page  using regular expression

2024-01-14 16:59:53 - [MESSAGE][PASSED] - Text 'Enter last name' is present on page  using regular expression

2024-01-14 16:59:53 - [TEST_STEP][PASSED] - verifyTextPresent("Please enter a valid SSN with 9 digits", true, CONTINUE_ON_FAILURE): Text 'Please enter a valid SSN with 9 digits' is present on page  using regular expression

2024-01-14 16:59:53 - [MESSAGE][PASSED] - Text 'Please enter a valid SSN with 9 digits' is present on page  using regular expression

2024-01-14 16:59:53 - [TEST_STEP][PASSED] - verifyTextPresent("Re-type SSN Validation Error", true, CONTINUE_ON_FAILURE): Text 'Re-type SSN Validation Error' is present on page  using regular expression

2024-01-14 16:59:54 - [MESSAGE][PASSED] - Text 'Re-type SSN Validation Error' is present on page  using regular expression

2024-01-14 16:59:54 - [TEST_STEP][PASSED] - verifyTextPresent("Enter address", true, CONTINUE_ON_FAILURE): Text 'Enter address' is present on page  using regular expression

2024-01-14 16:59:54 - [MESSAGE][PASSED] - Text 'Enter address' is present on page  using regular expression

2024-01-14 16:59:54 - [TEST_STEP][PASSED] - verifyTextPresent("Enter city", true, CONTINUE_ON_FAILURE): Text 'Enter city' is present on page  using regular expression

2024-01-14 16:59:54 - [MESSAGE][PASSED] - Text 'Enter city' is present on page  using regular expression

2024-01-14 16:59:54 - [TEST_STEP][PASSED] - verifyTextPresent("Enter ZIP code", true, CONTINUE_ON_FAILURE): Text 'Enter ZIP code' is present on page  using regular expression

2024-01-14 16:59:55 - [MESSAGE][PASSED] - Text 'Enter ZIP code' is present on page  using regular expression

2024-01-14 16:59:55 - [TEST_STEP][PASSED] - verifyTextPresent("Enter a valid phone number", true, CONTINUE_ON_FAILURE): Text 'Enter a valid phone number' is present on page  using regular expression

2024-01-14 16:59:55 - [MESSAGE][PASSED] - Text 'Enter a valid phone number' is present on page  using regular expression

2024-01-14 16:59:55 - [TEST_STEP][PASSED] - verifyTextPresent("Enter Email", true, CONTINUE_ON_FAILURE): Text 'Enter Email' is present on page  using regular expression

2024-01-14 16:59:55 - [MESSAGE][PASSED] - Text 'Enter Email' is present on page  using regular expression

2024-01-14 16:59:55 - [TEST_STEP][PASSED] - verifyTextPresent("Enter joint payer first name", true, CONTINUE_ON_FAILURE): Text 'Enter joint payer first name' is present on page  using regular expression

2024-01-14 16:59:56 - [MESSAGE][PASSED] - Text 'Enter joint payer first name' is present on page  using regular expression

2024-01-14 16:59:56 - [TEST_STEP][PASSED] - verifyTextPresent("Enter joint payer last name", true, CONTINUE_ON_FAILURE): Text 'Enter joint payer last name' is present on page  using regular expression

2024-01-14 16:59:56 - [MESSAGE][PASSED] - Text 'Enter joint payer last name' is present on page  using regular expression

2024-01-14 16:59:56 - [TEST_STEP][PASSED] - verifyTextPresent("Please enter a valid SSN with 9 digits", true, CONTINUE_ON_FAILURE): Text 'Please enter a valid SSN with 9 digits' is present on page  using regular expression

2024-01-14 16:59:57 - [MESSAGE][PASSED] - Text 'Please enter a valid SSN with 9 digits' is present on page  using regular expression

2024-01-14 16:59:57 - [TEST_STEP][PASSED] - verifyTextPresent("Re-type SSN Validation Error", true, CONTINUE_ON_FAILURE): Text 'Re-type SSN Validation Error' is present on page  using regular expression

2024-01-14 16:59:57 - [MESSAGE][PASSED] - Text 'Re-type SSN Validation Error' is present on page  using regular expression

2024-01-14 16:59:57 - [TEST_STEP][PASSED] - resText = "Pass": null

2024-01-14 16:59:57 - [TEST_STEP][PASSED] - pages.WriteExcel.demoKey(resText, datText, resColumn, datCloumn, fileLoc, nameSheet, row): pages.WriteExcel.demoKey is PASSED

2024-01-14 16:59:57 - [MESSAGE][PASSED] - pages.WriteExcel.demoKey is PASSED]]></system-out>
         <system-err><![CDATA[]]></system-err>
      </testcase>
      <system-out><![CDATA[2024-01-14 15:58:06 - [TEST_SUITE][FAILED] - RAD_UI_TestSuite: Test Cases/RAD_TestCases/MRF_TestCases/Existing_MRF_TC FAILED.
Reason:
com.kms.katalon.core.exception.StepFailedException: Text 'Re-type Decedent SSN Validation Error' is not present on page  using regular expression (Root cause: com.kms.katalon.core.exception.StepFailedException: Text 'Re-type Decedent SSN Validation Error' is not present on page  using regular expression
	at com.kms.katalon.core.webui.keyword.internal.WebUIKeywordMain.stepFailed(WebUIKeywordMain.groovy:64)
	at com.kms.katalon.core.webui.keyword.builtin.VerifyTextPresentKeyword$_verifyTextPresent_closure1.doCall(VerifyTextPresentKeyword.groovy:79)
	at com.kms.katalon.core.webui.keyword.builtin.VerifyTextPresentKeyword$_verifyTextPresent_closure1.call(VerifyTextPresentKeyword.groovy)
	at com.kms.katalon.core.webui.keyword.internal.WebUIKeywordMain.runKeyword(WebUIKeywordMain.groovy:20)
	at com.kms.katalon.core.webui.keyword.builtin.VerifyTextPresentKeyword.verifyTextPresent(VerifyTextPresentKeyword.groovy:83)
	at com.kms.katalon.core.webui.keyword.builtin.VerifyTextPresentKeyword.execute(VerifyTextPresentKeyword.groovy:68)
	at com.kms.katalon.core.keyword.internal.KeywordExecutor.executeKeywordForPlatform(KeywordExecutor.groovy:74)
	at com.kms.katalon.core.webui.keyword.WebUiBuiltInKeywords.verifyTextPresent(WebUiBuiltInKeywords.groovy:1707)
	at com.kms.katalon.core.webui.keyword.WebUiBuiltInKeywords$verifyTextPresent$10.call(Unknown Source)
	at Existing_MRF_TC.run(Existing_MRF_TC:145)
	at com.kms.katalon.core.main.ScriptEngine.run(ScriptEngine.java:194)
	at com.kms.katalon.core.main.ScriptEngine.runScriptAsRawText(ScriptEngine.java:119)
	at com.kms.katalon.core.main.TestCaseExecutor.runScript(TestCaseExecutor.java:448)
	at com.kms.katalon.core.main.TestCaseExecutor.doExecute(TestCaseExecutor.java:439)
	at com.kms.katalon.core.main.TestCaseExecutor.processExecutionPhase(TestCaseExecutor.java:418)
	at com.kms.katalon.core.main.TestCaseExecutor.accessMainPhase(TestCaseExecutor.java:410)
	at com.kms.katalon.core.main.TestCaseExecutor.execute(TestCaseExecutor.java:285)
	at com.kms.katalon.core.common.CommonExecutor.accessTestCaseMainPhase(CommonExecutor.java:65)
	at com.kms.katalon.core.main.TestSuiteExecutor.accessTestSuiteMainPhase(TestSuiteExecutor.java:148)
	at com.kms.katalon.core.main.TestSuiteExecutor.execute(TestSuiteExecutor.java:106)
	at com.kms.katalon.core.main.TestCaseMain.startTestSuite(TestCaseMain.java:187)
	at com.kms.katalon.core.main.TestCaseMain$startTestSuite$0.call(Unknown Source)
	at TempTestSuite1705265880633.run(TempTestSuite1705265880633.groovy:36)
)
	at com.kms.katalon.core.keyword.internal.KeywordMain.stepFailed(KeywordMain.groovy:39)
	at com.kms.katalon.core.webui.keyword.internal.WebUIKeywordMain.stepFailed(WebUIKeywordMain.groovy:64)
	at com.kms.katalon.core.webui.keyword.builtin.VerifyTextPresentKeyword$_verifyTextPresent_closure1.doCall(VerifyTextPresentKeyword.groovy:79)
	at com.kms.katalon.core.webui.keyword.builtin.VerifyTextPresentKeyword$_verifyTextPresent_closure1.call(VerifyTextPresentKeyword.groovy)
	at com.kms.katalon.core.webui.keyword.internal.WebUIKeywordMain.runKeyword(WebUIKeywordMain.groovy:20)
	at com.kms.katalon.core.webui.keyword.builtin.VerifyTextPresentKeyword.verifyTextPresent(VerifyTextPresentKeyword.groovy:83)
	at com.kms.katalon.core.webui.keyword.builtin.VerifyTextPresentKeyword.execute(VerifyTextPresentKeyword.groovy:68)
	at com.kms.katalon.core.keyword.internal.KeywordExecutor.executeKeywordForPlatform(KeywordExecutor.groovy:74)
	at com.kms.katalon.core.webui.keyword.WebUiBuiltInKeywords.verifyTextPresent(WebUiBuiltInKeywords.groovy:1707)
	at com.kms.katalon.core.webui.keyword.WebUiBuiltInKeywords$verifyTextPresent$10.call(Unknown Source)
	at Existing_MRF_TC.run(Existing_MRF_TC:145)
	at com.kms.katalon.core.main.ScriptEngine.run(ScriptEngine.java:194)
	at com.kms.katalon.core.main.ScriptEngine.runScriptAsRawText(ScriptEngine.java:119)
	at com.kms.katalon.core.main.TestCaseExecutor.runScript(TestCaseExecutor.java:448)
	at com.kms.katalon.core.main.TestCaseExecutor.doExecute(TestCaseExecutor.java:439)
	at com.kms.katalon.core.main.TestCaseExecutor.processExecutionPhase(TestCaseExecutor.java:418)
	at com.kms.katalon.core.main.TestCaseExecutor.accessMainPhase(TestCaseExecutor.java:410)
	at com.kms.katalon.core.main.TestCaseExecutor.execute(TestCaseExecutor.java:285)
	at com.kms.katalon.core.common.CommonExecutor.accessTestCaseMainPhase(CommonExecutor.java:65)
	at com.kms.katalon.core.main.TestSuiteExecutor.accessTestSuiteMainPhase(TestSuiteExecutor.java:148)
	at com.kms.katalon.core.main.TestSuiteExecutor.execute(TestSuiteExecutor.java:106)
	at com.kms.katalon.core.main.TestCaseMain.startTestSuite(TestCaseMain.java:187)
	at com.kms.katalon.core.main.TestCaseMain$startTestSuite$0.call(Unknown Source)
	at TempTestSuite1705265880633.run(TempTestSuite1705265880633.groovy:36)
Caused by: com.kms.katalon.core.exception.StepFailedException: Text 'Re-type Decedent SSN Validation Error' is not present on page  using regular expression
	... 23 more]]></system-out>
      <system-err><![CDATA[2024-01-14 15:58:06 - [TEST_SUITE][FAILED] - RAD_UI_TestSuite: Test Cases/RAD_TestCases/MRF_TestCases/Existing_MRF_TC FAILED.
Reason:
com.kms.katalon.core.exception.StepFailedException: Text 'Re-type Decedent SSN Validation Error' is not present on page  using regular expression (Root cause: com.kms.katalon.core.exception.StepFailedException: Text 'Re-type Decedent SSN Validation Error' is not present on page  using regular expression
	at com.kms.katalon.core.webui.keyword.internal.WebUIKeywordMain.stepFailed(WebUIKeywordMain.groovy:64)
	at com.kms.katalon.core.webui.keyword.builtin.VerifyTextPresentKeyword$_verifyTextPresent_closure1.doCall(VerifyTextPresentKeyword.groovy:79)
	at com.kms.katalon.core.webui.keyword.builtin.VerifyTextPresentKeyword$_verifyTextPresent_closure1.call(VerifyTextPresentKeyword.groovy)
	at com.kms.katalon.core.webui.keyword.internal.WebUIKeywordMain.runKeyword(WebUIKeywordMain.groovy:20)
	at com.kms.katalon.core.webui.keyword.builtin.VerifyTextPresentKeyword.verifyTextPresent(VerifyTextPresentKeyword.groovy:83)
	at com.kms.katalon.core.webui.keyword.builtin.VerifyTextPresentKeyword.execute(VerifyTextPresentKeyword.groovy:68)
	at com.kms.katalon.core.keyword.internal.KeywordExecutor.executeKeywordForPlatform(KeywordExecutor.groovy:74)
	at com.kms.katalon.core.webui.keyword.WebUiBuiltInKeywords.verifyTextPresent(WebUiBuiltInKeywords.groovy:1707)
	at com.kms.katalon.core.webui.keyword.WebUiBuiltInKeywords$verifyTextPresent$10.call(Unknown Source)
	at Existing_MRF_TC.run(Existing_MRF_TC:145)
	at com.kms.katalon.core.main.ScriptEngine.run(ScriptEngine.java:194)
	at com.kms.katalon.core.main.ScriptEngine.runScriptAsRawText(ScriptEngine.java:119)
	at com.kms.katalon.core.main.TestCaseExecutor.runScript(TestCaseExecutor.java:448)
	at com.kms.katalon.core.main.TestCaseExecutor.doExecute(TestCaseExecutor.java:439)
	at com.kms.katalon.core.main.TestCaseExecutor.processExecutionPhase(TestCaseExecutor.java:418)
	at com.kms.katalon.core.main.TestCaseExecutor.accessMainPhase(TestCaseExecutor.java:410)
	at com.kms.katalon.core.main.TestCaseExecutor.execute(TestCaseExecutor.java:285)
	at com.kms.katalon.core.common.CommonExecutor.accessTestCaseMainPhase(CommonExecutor.java:65)
	at com.kms.katalon.core.main.TestSuiteExecutor.accessTestSuiteMainPhase(TestSuiteExecutor.java:148)
	at com.kms.katalon.core.main.TestSuiteExecutor.execute(TestSuiteExecutor.java:106)
	at com.kms.katalon.core.main.TestCaseMain.startTestSuite(TestCaseMain.java:187)
	at com.kms.katalon.core.main.TestCaseMain$startTestSuite$0.call(Unknown Source)
	at TempTestSuite1705265880633.run(TempTestSuite1705265880633.groovy:36)
)
	at com.kms.katalon.core.keyword.internal.KeywordMain.stepFailed(KeywordMain.groovy:39)
	at com.kms.katalon.core.webui.keyword.internal.WebUIKeywordMain.stepFailed(WebUIKeywordMain.groovy:64)
	at com.kms.katalon.core.webui.keyword.builtin.VerifyTextPresentKeyword$_verifyTextPresent_closure1.doCall(VerifyTextPresentKeyword.groovy:79)
	at com.kms.katalon.core.webui.keyword.builtin.VerifyTextPresentKeyword$_verifyTextPresent_closure1.call(VerifyTextPresentKeyword.groovy)
	at com.kms.katalon.core.webui.keyword.internal.WebUIKeywordMain.runKeyword(WebUIKeywordMain.groovy:20)
	at com.kms.katalon.core.webui.keyword.builtin.VerifyTextPresentKeyword.verifyTextPresent(VerifyTextPresentKeyword.groovy:83)
	at com.kms.katalon.core.webui.keyword.builtin.VerifyTextPresentKeyword.execute(VerifyTextPresentKeyword.groovy:68)
	at com.kms.katalon.core.keyword.internal.KeywordExecutor.executeKeywordForPlatform(KeywordExecutor.groovy:74)
	at com.kms.katalon.core.webui.keyword.WebUiBuiltInKeywords.verifyTextPresent(WebUiBuiltInKeywords.groovy:1707)
	at com.kms.katalon.core.webui.keyword.WebUiBuiltInKeywords$verifyTextPresent$10.call(Unknown Source)
	at Existing_MRF_TC.run(Existing_MRF_TC:145)
	at com.kms.katalon.core.main.ScriptEngine.run(ScriptEngine.java:194)
	at com.kms.katalon.core.main.ScriptEngine.runScriptAsRawText(ScriptEngine.java:119)
	at com.kms.katalon.core.main.TestCaseExecutor.runScript(TestCaseExecutor.java:448)
	at com.kms.katalon.core.main.TestCaseExecutor.doExecute(TestCaseExecutor.java:439)
	at com.kms.katalon.core.main.TestCaseExecutor.processExecutionPhase(TestCaseExecutor.java:418)
	at com.kms.katalon.core.main.TestCaseExecutor.accessMainPhase(TestCaseExecutor.java:410)
	at com.kms.katalon.core.main.TestCaseExecutor.execute(TestCaseExecutor.java:285)
	at com.kms.katalon.core.common.CommonExecutor.accessTestCaseMainPhase(CommonExecutor.java:65)
	at com.kms.katalon.core.main.TestSuiteExecutor.accessTestSuiteMainPhase(TestSuiteExecutor.java:148)
	at com.kms.katalon.core.main.TestSuiteExecutor.execute(TestSuiteExecutor.java:106)
	at com.kms.katalon.core.main.TestCaseMain.startTestSuite(TestCaseMain.java:187)
	at com.kms.katalon.core.main.TestCaseMain$startTestSuite$0.call(Unknown Source)
	at TempTestSuite1705265880633.run(TempTestSuite1705265880633.groovy:36)
Caused by: com.kms.katalon.core.exception.StepFailedException: Text 'Re-type Decedent SSN Validation Error' is not present on page  using regular expression
	... 23 more]]></system-err>
   </testsuite>
</testsuites>
