<?xml version="1.0" encoding="UTF-8"?>
<testsuites name="Temp" time="327.17" tests="1" failures="1" errors="0">
   <testsuite name="Temp" tests="1" failures="1" errors="0" time="327.17" skipped="0" timestamp="2023-09-12 16:27:07" hostname="imtiaz - DESKTOP-B2QI6NS.govolution.com" id="Test Suites/Temp">
      <properties>
         <property name="deviceName" value=""/>
         <property name="devicePlatform" value=""/>
         <property name="logFolder" value="E:\\Cloned-Project-Katalon\\VPS-Katalon\\Reports\\20230912_162701\\Temp\\20230912_162701"/>
         <property name="logFiles" value="E:\\Cloned-Project-Katalon\\VPS-Katalon\\Reports\\20230912_162701\\Temp\\20230912_162701\\execution0.log"/>
         <property name="attachments" value="E:\\Cloned-Project-Katalon\\VPS-Katalon\\Reports\\20230912_162701\\Temp\\20230912_162701\\1694550606534.png"/>
         <property name="hostName" value="imtiaz - DESKTOP-B2QI6NS.govolution.com"/>
         <property name="os" value="Windows 10 64bit"/>
         <property name="katalonVersion" value="8.6.6.208"/>
         <property name="browser" value="Chrome 116.0.0.0"/>
         <property name="hostAddress" value="172.31.253.139"/>
         <property name="sessionId" value="551f1f1badae070acf291ebd5549dce2"/>
         <property name="seleniumVersion" value="3.141.59"/>
         <property name="proxyInformation" value="ProxyInformation { proxyOption=NO_PROXY, proxyServerType=HTTP, username=, password=********, proxyServerAddress=, proxyServerPort=0, executionList=&quot;&quot;, isApplyToDesiredCapabilities=true }"/>
         <property name="platform" value="Windows 10"/>
      </properties>
      <testcase name="Test Cases/RAD_TestCases/BeforePayments_TestCases/Extension_BeforePayments_TC" time="326.755" classname="Test Cases/RAD_TestCases/BeforePayments_TestCases/Extension_BeforePayments_TC" status="FAILED">
         <failure type="FAILED" message="Test Cases/RAD_TestCases/BeforePayments_TestCases/Extension_BeforePayments_TC FAILED.
Reason:
com.kms.katalon.core.exception.StepFailedException: Unable to set text '123' of object 'Object Repository/RAD_Pages/PaymentEntry_Page/input__spc' (Root cause: com.kms.katalon.core.exception.StepFailedException: Unable to set text '123' of object 'Object Repository/RAD_Pages/PaymentEntry_Page/input__spc'
	at com.kms.katalon.core.webui.keyword.internal.WebUIKeywordMain.stepFailed(WebUIKeywordMain.groovy:64)
	at com.kms.katalon.core.webui.keyword.internal.WebUIKeywordMain.runKeyword(WebUIKeywordMain.groovy:26)
	at com.kms.katalon.core.webui.keyword.builtin.SetTextKeyword.setText(SetTextKeyword.groovy:66)
	at com.kms.katalon.core.webui.keyword.builtin.SetTextKeyword.execute(SetTextKeyword.groovy:37)
	at com.kms.katalon.core.keyword.internal.KeywordExecutor.executeKeywordForPlatform(KeywordExecutor.groovy:74)
	at com.kms.katalon.core.webui.keyword.WebUiBuiltInKeywords.setText(WebUiBuiltInKeywords.groovy:980)
	at com.kms.katalon.core.webui.keyword.WebUiBuiltInKeywords$setText$3.call(Unknown Source)
	at Extension_BeforePayments_TC.run(Extension_BeforePayments_TC:226)
	at com.kms.katalon.core.main.ScriptEngine.run(ScriptEngine.java:194)
	at com.kms.katalon.core.main.ScriptEngine.runScriptAsRawText(ScriptEngine.java:119)
	at com.kms.katalon.core.main.TestCaseExecutor.runScript(TestCaseExecutor.java:448)
	at com.kms.katalon.core.main.TestCaseExecutor.doExecute(TestCaseExecutor.java:439)
	at com.kms.katalon.core.main.TestCaseExecutor.processExecutionPhase(TestCaseExecutor.java:418)
	at com.kms.katalon.core.main.TestCaseExecutor.accessMainPhase(TestCaseExecutor.java:410)
	at com.kms.katalon.core.main.TestCaseExecutor.execute(TestCaseExecutor.java:285)
	at com.kms.katalon.core.common.CommonExecutor.accessTestCaseMainPhase(CommonExecutor.java:65)
	at com.kms.katalon.core.main.TestSuiteExecutor.accessTestSuiteMainPhase(TestSuiteExecutor.java:148)
	at com.kms.katalon.core.main.TestSuiteExecutor.execute(TestSuiteExecutor.java:106)
	at com.kms.katalon.core.main.TestCaseMain.startTestSuite(TestCaseMain.java:187)
	at com.kms.katalon.core.main.TestCaseMain$startTestSuite$0.call(Unknown Source)
	at TempTestSuite1694550421845.run(TempTestSuite1694550421845.groovy:36)
Caused by: com.kms.katalon.core.webui.exception.WebElementNotFoundException: Web element with id: 'Object Repository/RAD_Pages/PaymentEntry_Page/input__spc' located by '//*[@type = 'text' and @class = 'form-control' and @name = 'spc' and @id = 'spc']' not found
	at com.kms.katalon.core.webui.common.WebUiCommonHelper.findWebElement(WebUiCommonHelper.java:1381)
	at com.kms.katalon.core.webui.keyword.internal.WebUIAbstractKeyword.findWebElement(WebUIAbstractKeyword.groovy:27)
	at com.kms.katalon.core.webui.keyword.internal.WebUIAbstractKeyword.findWebElement(WebUIAbstractKeyword.groovy:26)
	at com.kms.katalon.core.webui.keyword.builtin.SetTextKeyword$_setText_closure1.doCall(SetTextKeyword.groovy:51)
	at com.kms.katalon.core.webui.keyword.builtin.SetTextKeyword$_setText_closure1.call(SetTextKeyword.groovy)
	at com.kms.katalon.core.webui.keyword.internal.WebUIKeywordMain.runKeyword(WebUIKeywordMain.groovy:20)
	at com.kms.katalon.core.webui.keyword.builtin.SetTextKeyword.setText(SetTextKeyword.groovy:66)
	at com.kms.katalon.core.webui.keyword.builtin.SetTextKeyword.execute(SetTextKeyword.groovy:37)
	at com.kms.katalon.core.keyword.internal.KeywordExecutor.executeKeywordForPlatform(KeywordExecutor.groovy:74)
	at com.kms.katalon.core.webui.keyword.WebUiBuiltInKeywords.setText(WebUiBuiltInKeywords.groovy:980)
	at com.kms.katalon.core.webui.keyword.WebUiBuiltInKeywords$setText$3.call(Unknown Source)
	at Script1694549780398.run(Script1694549780398.groovy:226)
	... 13 more
)
	at com.kms.katalon.core.keyword.internal.KeywordMain.stepFailed(KeywordMain.groovy:39)
	at com.kms.katalon.core.webui.keyword.internal.WebUIKeywordMain.stepFailed(WebUIKeywordMain.groovy:64)
	at com.kms.katalon.core.webui.keyword.internal.WebUIKeywordMain.runKeyword(WebUIKeywordMain.groovy:26)
	at com.kms.katalon.core.webui.keyword.builtin.SetTextKeyword.setText(SetTextKeyword.groovy:66)
	at com.kms.katalon.core.webui.keyword.builtin.SetTextKeyword.execute(SetTextKeyword.groovy:37)
	at com.kms.katalon.core.keyword.internal.KeywordExecutor.executeKeywordForPlatform(KeywordExecutor.groovy:74)
	at com.kms.katalon.core.webui.keyword.WebUiBuiltInKeywords.setText(WebUiBuiltInKeywords.groovy:980)
	at com.kms.katalon.core.webui.keyword.WebUiBuiltInKeywords$setText$3.call(Unknown Source)
	at Extension_BeforePayments_TC.run(Extension_BeforePayments_TC:226)
	at com.kms.katalon.core.main.ScriptEngine.run(ScriptEngine.java:194)
	at com.kms.katalon.core.main.ScriptEngine.runScriptAsRawText(ScriptEngine.java:119)
	at com.kms.katalon.core.main.TestCaseExecutor.runScript(TestCaseExecutor.java:448)
	at com.kms.katalon.core.main.TestCaseExecutor.doExecute(TestCaseExecutor.java:439)
	at com.kms.katalon.core.main.TestCaseExecutor.processExecutionPhase(TestCaseExecutor.java:418)
	at com.kms.katalon.core.main.TestCaseExecutor.accessMainPhase(TestCaseExecutor.java:410)
	at com.kms.katalon.core.main.TestCaseExecutor.execute(TestCaseExecutor.java:285)
	at com.kms.katalon.core.common.CommonExecutor.accessTestCaseMainPhase(CommonExecutor.java:65)
	at com.kms.katalon.core.main.TestSuiteExecutor.accessTestSuiteMainPhase(TestSuiteExecutor.java:148)
	at com.kms.katalon.core.main.TestSuiteExecutor.execute(TestSuiteExecutor.java:106)
	at com.kms.katalon.core.main.TestCaseMain.startTestSuite(TestCaseMain.java:187)
	at com.kms.katalon.core.main.TestCaseMain$startTestSuite$0.call(Unknown Source)
	at TempTestSuite1694550421845.run(TempTestSuite1694550421845.groovy:36)
Caused by: com.kms.katalon.core.exception.StepFailedException: Unable to set text '123' of object 'Object Repository/RAD_Pages/PaymentEntry_Page/input__spc'
	... 21 more
Caused by: com.kms.katalon.core.webui.exception.WebElementNotFoundException: Web element with id: 'Object Repository/RAD_Pages/PaymentEntry_Page/input__spc' located by '//*[@type = 'text' and @class = 'form-control' and @name = 'spc' and @id = 'spc']' not found
	at com.kms.katalon.core.webui.common.WebUiCommonHelper.findWebElement(WebUiCommonHelper.java:1381)
	at com.kms.katalon.core.webui.keyword.internal.WebUIAbstractKeyword.findWebElement(WebUIAbstractKeyword.groovy:27)
	at com.kms.katalon.core.webui.keyword.internal.WebUIAbstractKeyword.findWebElement(WebUIAbstractKeyword.groovy:26)
	at com.kms.katalon.core.webui.keyword.builtin.SetTextKeyword$_setText_closure1.doCall(SetTextKeyword.groovy:51)
	at com.kms.katalon.core.webui.keyword.builtin.SetTextKeyword$_setText_closure1.call(SetTextKeyword.groovy)
	at com.kms.katalon.core.webui.keyword.internal.WebUIKeywordMain.runKeyword(WebUIKeywordMain.groovy:20)
	... 19 more
"/>
         <system-out><![CDATA[2023-09-12 16:27:08 - [TEST_CASE][FAILED] - Test Cases/RAD_TestCases/BeforePayments_TestCases/Extension_BeforePayments_TC: Test Cases/RAD_TestCases/BeforePayments_TestCases/Extension_BeforePayments_TC FAILED.
Reason:
com.kms.katalon.core.exception.StepFailedException: Unable to set text '123' of object 'Object Repository/RAD_Pages/PaymentEntry_Page/input__spc' (Root cause: com.kms.katalon.core.exception.StepFailedException: Unable to set text '123' of object 'Object Repository/RAD_Pages/PaymentEntry_Page/input__spc'
	at com.kms.katalon.core.webui.keyword.internal.WebUIKeywordMain.stepFailed(WebUIKeywordMain.groovy:64)
	at com.kms.katalon.core.webui.keyword.internal.WebUIKeywordMain.runKeyword(WebUIKeywordMain.groovy:26)
	at com.kms.katalon.core.webui.keyword.builtin.SetTextKeyword.setText(SetTextKeyword.groovy:66)
	at com.kms.katalon.core.webui.keyword.builtin.SetTextKeyword.execute(SetTextKeyword.groovy:37)
	at com.kms.katalon.core.keyword.internal.KeywordExecutor.executeKeywordForPlatform(KeywordExecutor.groovy:74)
	at com.kms.katalon.core.webui.keyword.WebUiBuiltInKeywords.setText(WebUiBuiltInKeywords.groovy:980)
	at com.kms.katalon.core.webui.keyword.WebUiBuiltInKeywords$setText$3.call(Unknown Source)
	at Extension_BeforePayments_TC.run(Extension_BeforePayments_TC:226)
	at com.kms.katalon.core.main.ScriptEngine.run(ScriptEngine.java:194)
	at com.kms.katalon.core.main.ScriptEngine.runScriptAsRawText(ScriptEngine.java:119)
	at com.kms.katalon.core.main.TestCaseExecutor.runScript(TestCaseExecutor.java:448)
	at com.kms.katalon.core.main.TestCaseExecutor.doExecute(TestCaseExecutor.java:439)
	at com.kms.katalon.core.main.TestCaseExecutor.processExecutionPhase(TestCaseExecutor.java:418)
	at com.kms.katalon.core.main.TestCaseExecutor.accessMainPhase(TestCaseExecutor.java:410)
	at com.kms.katalon.core.main.TestCaseExecutor.execute(TestCaseExecutor.java:285)
	at com.kms.katalon.core.common.CommonExecutor.accessTestCaseMainPhase(CommonExecutor.java:65)
	at com.kms.katalon.core.main.TestSuiteExecutor.accessTestSuiteMainPhase(TestSuiteExecutor.java:148)
	at com.kms.katalon.core.main.TestSuiteExecutor.execute(TestSuiteExecutor.java:106)
	at com.kms.katalon.core.main.TestCaseMain.startTestSuite(TestCaseMain.java:187)
	at com.kms.katalon.core.main.TestCaseMain$startTestSuite$0.call(Unknown Source)
	at TempTestSuite1694550421845.run(TempTestSuite1694550421845.groovy:36)
Caused by: com.kms.katalon.core.webui.exception.WebElementNotFoundException: Web element with id: 'Object Repository/RAD_Pages/PaymentEntry_Page/input__spc' located by '//*[@type = 'text' and @class = 'form-control' and @name = 'spc' and @id = 'spc']' not found
	at com.kms.katalon.core.webui.common.WebUiCommonHelper.findWebElement(WebUiCommonHelper.java:1381)
	at com.kms.katalon.core.webui.keyword.internal.WebUIAbstractKeyword.findWebElement(WebUIAbstractKeyword.groovy:27)
	at com.kms.katalon.core.webui.keyword.internal.WebUIAbstractKeyword.findWebElement(WebUIAbstractKeyword.groovy:26)
	at com.kms.katalon.core.webui.keyword.builtin.SetTextKeyword$_setText_closure1.doCall(SetTextKeyword.groovy:51)
	at com.kms.katalon.core.webui.keyword.builtin.SetTextKeyword$_setText_closure1.call(SetTextKeyword.groovy)
	at com.kms.katalon.core.webui.keyword.internal.WebUIKeywordMain.runKeyword(WebUIKeywordMain.groovy:20)
	at com.kms.katalon.core.webui.keyword.builtin.SetTextKeyword.setText(SetTextKeyword.groovy:66)
	at com.kms.katalon.core.webui.keyword.builtin.SetTextKeyword.execute(SetTextKeyword.groovy:37)
	at com.kms.katalon.core.keyword.internal.KeywordExecutor.executeKeywordForPlatform(KeywordExecutor.groovy:74)
	at com.kms.katalon.core.webui.keyword.WebUiBuiltInKeywords.setText(WebUiBuiltInKeywords.groovy:980)
	at com.kms.katalon.core.webui.keyword.WebUiBuiltInKeywords$setText$3.call(Unknown Source)
	at Script1694549780398.run(Script1694549780398.groovy:226)
	... 13 more
)
	at com.kms.katalon.core.keyword.internal.KeywordMain.stepFailed(KeywordMain.groovy:39)
	at com.kms.katalon.core.webui.keyword.internal.WebUIKeywordMain.stepFailed(WebUIKeywordMain.groovy:64)
	at com.kms.katalon.core.webui.keyword.internal.WebUIKeywordMain.runKeyword(WebUIKeywordMain.groovy:26)
	at com.kms.katalon.core.webui.keyword.builtin.SetTextKeyword.setText(SetTextKeyword.groovy:66)
	at com.kms.katalon.core.webui.keyword.builtin.SetTextKeyword.execute(SetTextKeyword.groovy:37)
	at com.kms.katalon.core.keyword.internal.KeywordExecutor.executeKeywordForPlatform(KeywordExecutor.groovy:74)
	at com.kms.katalon.core.webui.keyword.WebUiBuiltInKeywords.setText(WebUiBuiltInKeywords.groovy:980)
	at com.kms.katalon.core.webui.keyword.WebUiBuiltInKeywords$setText$3.call(Unknown Source)
	at Extension_BeforePayments_TC.run(Extension_BeforePayments_TC:226)
	at com.kms.katalon.core.main.ScriptEngine.run(ScriptEngine.java:194)
	at com.kms.katalon.core.main.ScriptEngine.runScriptAsRawText(ScriptEngine.java:119)
	at com.kms.katalon.core.main.TestCaseExecutor.runScript(TestCaseExecutor.java:448)
	at com.kms.katalon.core.main.TestCaseExecutor.doExecute(TestCaseExecutor.java:439)
	at com.kms.katalon.core.main.TestCaseExecutor.processExecutionPhase(TestCaseExecutor.java:418)
	at com.kms.katalon.core.main.TestCaseExecutor.accessMainPhase(TestCaseExecutor.java:410)
	at com.kms.katalon.core.main.TestCaseExecutor.execute(TestCaseExecutor.java:285)
	at com.kms.katalon.core.common.CommonExecutor.accessTestCaseMainPhase(CommonExecutor.java:65)
	at com.kms.katalon.core.main.TestSuiteExecutor.accessTestSuiteMainPhase(TestSuiteExecutor.java:148)
	at com.kms.katalon.core.main.TestSuiteExecutor.execute(TestSuiteExecutor.java:106)
	at com.kms.katalon.core.main.TestCaseMain.startTestSuite(TestCaseMain.java:187)
	at com.kms.katalon.core.main.TestCaseMain$startTestSuite$0.call(Unknown Source)
	at TempTestSuite1694550421845.run(TempTestSuite1694550421845.groovy:36)
Caused by: com.kms.katalon.core.exception.StepFailedException: Unable to set text '123' of object 'Object Repository/RAD_Pages/PaymentEntry_Page/input__spc'
	... 21 more
Caused by: com.kms.katalon.core.webui.exception.WebElementNotFoundException: Web element with id: 'Object Repository/RAD_Pages/PaymentEntry_Page/input__spc' located by '//*[@type = 'text' and @class = 'form-control' and @name = 'spc' and @id = 'spc']' not found
	at com.kms.katalon.core.webui.common.WebUiCommonHelper.findWebElement(WebUiCommonHelper.java:1381)
	at com.kms.katalon.core.webui.keyword.internal.WebUIAbstractKeyword.findWebElement(WebUIAbstractKeyword.groovy:27)
	at com.kms.katalon.core.webui.keyword.internal.WebUIAbstractKeyword.findWebElement(WebUIAbstractKeyword.groovy:26)
	at com.kms.katalon.core.webui.keyword.builtin.SetTextKeyword$_setText_closure1.doCall(SetTextKeyword.groovy:51)
	at com.kms.katalon.core.webui.keyword.builtin.SetTextKeyword$_setText_closure1.call(SetTextKeyword.groovy)
	at com.kms.katalon.core.webui.keyword.internal.WebUIKeywordMain.runKeyword(WebUIKeywordMain.groovy:20)
	... 19 more


2023-09-12 16:27:08 - [TEST_STEP][PASSED] - resText = "Fail": null

2023-09-12 16:27:08 - [TEST_STEP][PASSED] - resColumn = "Result": null

2023-09-12 16:27:08 - [TEST_STEP][PASSED] - datCloumn = "Date": null

2023-09-12 16:27:08 - [TEST_STEP][PASSED] - fileLoc = "KatalonData/RADTestData/BeforePayments.xlsx": null

2023-09-12 16:27:08 - [TEST_STEP][PASSED] - nameSheet = "Extension": null

2023-09-12 16:27:08 - [TEST_STEP][PASSED] - dataFile = "RADTestData/BeforePayments_Extension": null

2023-09-12 16:27:08 - [TEST_STEP][PASSED] - orPath_Landing = "Object Repository/RAD_Pages/Landing_Page": null

2023-09-12 16:27:08 - [TEST_STEP][PASSED] - orPath_TaxTypeFilingYear = "Object Repository/RAD_Pages/TaxTypeFilingYear_Page": null

2023-09-12 16:27:08 - [TEST_STEP][PASSED] - orPath_Amount = "Object Repository/RAD_Pages/PaymentAmount_Page": null

2023-09-12 16:27:08 - [TEST_STEP][PASSED] - orPath_AddressContact = "Object Repository/RAD_Pages/AddressAndContactInfo_Page": null

2023-09-12 16:27:08 - [TEST_STEP][PASSED] - orPath_Summary = "Object Repository/RAD_Pages/Summary_Page": null

2023-09-12 16:27:08 - [TEST_STEP][PASSED] - orPath_PaymentConfirmation = "Object Repository/RAD_Pages/PaymentConfirmation_Page": null

2023-09-12 16:27:08 - [TEST_STEP][PASSED] - orPath_ServiceFeesAccept = "Object Repository/RAD_Pages/ServiceFeeAccept_Page": null

2023-09-12 16:27:08 - [TEST_STEP][PASSED] - orPath_PaymentEntry = "Object Repository/RAD_Pages/PaymentEntry_Page": null

2023-09-12 16:27:08 - [TEST_STEP][PASSED] - ExecuteTC = <not implemented yet for class: org.codehaus.groovy.ast.expr.EmptyExpression>: null

2023-09-12 16:27:08 - [TEST_STEP][PASSED] - TaxType = <not implemented yet for class: org.codehaus.groovy.ast.expr.EmptyExpression>: null

2023-09-12 16:27:08 - [TEST_STEP][PASSED] - PaymentType = <not implemented yet for class: org.codehaus.groovy.ast.expr.EmptyExpression>: null

2023-09-12 16:27:08 - [TEST_STEP][PASSED] - FilingYear = <not implemented yet for class: org.codehaus.groovy.ast.expr.EmptyExpression>: null

2023-09-12 16:27:08 - [TEST_STEP][PASSED] - PeriodEndingMonth = <not implemented yet for class: org.codehaus.groovy.ast.expr.EmptyExpression>: null

2023-09-12 16:27:08 - [TEST_STEP][PASSED] - numOfRows = findTestData(dataFile).getRowNumbers(): null

2023-09-12 16:27:09 - [TEST_STEP][PASSED] - println("Number of Records: " + numOfRows): null

2023-09-12 16:27:09 - [TEST_STEP][FAILED] - for ([row = 1, row <= numOfRows, (row++)]): null

2023-09-12 16:27:09 - [TEST_STEP][PASSED] - ExecuteTC = findTestData(dataFile).getValue("Execute", row): null

2023-09-12 16:27:09 - [TEST_STEP][PASSED] - TaxType = findTestData(dataFile).getValue("TaxType", row): null

2023-09-12 16:27:09 - [TEST_STEP][PASSED] - PaymentType = findTestData(dataFile).getValue("PaymentType", row): null

2023-09-12 16:27:09 - [TEST_STEP][PASSED] - FilingYear = findTestData(dataFile).getValue("Year", row): null

2023-09-12 16:27:09 - [TEST_STEP][PASSED] - PeriodEndingMonth = findTestData(dataFile).getValue("Month", row): null

2023-09-12 16:27:10 - [TEST_STEP][PASSED] - if (ExecuteTC.equalsIgnoreCase("Y")): Object 'Object Repository/RAD_Pages/ServiceFeeAccept_Page/input_convFeeNotifyAction' is present

2023-09-12 16:27:10 - [TEST_STEP][PASSED] - out.println("Begin Record Number: " + row): null

2023-09-12 16:27:10 - [TEST_STEP][PASSED] - today = new java.util.Date(): null

2023-09-12 16:27:10 - [TEST_STEP][PASSED] - println(today): null

2023-09-12 16:27:10 - [TEST_STEP][PASSED] - datText = today: null

2023-09-12 16:27:10 - [TEST_STEP][PASSED] - logInfo("Payment Type: Quarterly Estimated Tax"): Payment Type: Quarterly Estimated Tax

2023-09-12 16:27:10 - [MESSAGE][INFO] - Payment Type: Quarterly Estimated Tax

2023-09-12 16:27:10 - [TEST_STEP][PASSED] - logInfo("Tax Type: " + TaxType): Tax Type: Corporate Income Tax

2023-09-12 16:27:10 - [MESSAGE][INFO] - Tax Type: Corporate Income Tax

2023-09-12 16:27:10 - [TEST_STEP][PASSED] - openBrowser(""): Browser is opened with url: ''

2023-09-12 16:27:10 - [MESSAGE][INFO] - Starting 'Chrome' driver

2023-09-12 16:27:10 - [MESSAGE][INFO] - User set preference: ['acceptInsecureCerts', 'true']

2023-09-12 16:27:10 - [MESSAGE][INFO] - Action delay is set to 0 milliseconds

2023-09-12 16:27:13 - [MESSAGE][PASSED] - Browser is opened with url: ''

2023-09-12 16:27:13 - [TEST_STEP][PASSED] - maximizeWindow(): Current window maximized

2023-09-12 16:27:13 - [MESSAGE][PASSED] - Current window maximized

2023-09-12 16:27:13 - [TEST_STEP][PASSED] - navigateToUrl(RADurl): Navigate to 'https://demo.velocitypayment.com/client/rad/index.html' successfully

2023-09-12 16:27:15 - [MESSAGE][PASSED] - Navigate to 'https://demo.velocitypayment.com/client/rad/index.html' successfully

2023-09-12 16:27:15 - [TEST_STEP][PASSED] - selectOptionByLabel(findTestObject(orPath_Landing + "/dd_TaxType"), "Extension Payments", false): All options with label 'Extension Payments' are selected in object 'Object Repository/RAD_Pages/Landing_Page/dd_TaxType' 

2023-09-12 16:27:16 - [MESSAGE][PASSED] - All options with label 'Extension Payments' are selected in object 'Object Repository/RAD_Pages/Landing_Page/dd_TaxType' 

2023-09-12 16:27:16 - [TEST_STEP][PASSED] - selectOptionByLabel(findTestObject(orPath_TaxTypeFilingYear + "/select_PaymentType"), TaxType, false): All options with label 'Corporate Income Tax' are selected in object 'Object Repository/RAD_Pages/TaxTypeFilingYear_Page/select_PaymentType' 

2023-09-12 16:27:17 - [MESSAGE][PASSED] - All options with label 'Corporate Income Tax' are selected in object 'Object Repository/RAD_Pages/TaxTypeFilingYear_Page/select_PaymentType' 

2023-09-12 16:27:17 - [TEST_STEP][PASSED] - selectOptionByLabel(findTestObject(orPath_TaxTypeFilingYear + "/select_FilingYear"), FilingYear, false): All options with label '2022' are selected in object 'Object Repository/RAD_Pages/TaxTypeFilingYear_Page/select_FilingYear' 

2023-09-12 16:27:17 - [MESSAGE][PASSED] - All options with label '2022' are selected in object 'Object Repository/RAD_Pages/TaxTypeFilingYear_Page/select_FilingYear' 

2023-09-12 16:27:17 - [TEST_STEP][PASSED] - switch (TaxType): null

2023-09-12 16:27:17 - [TEST_STEP][PASSED] - case "Corporate Income Tax":: null

2023-09-12 16:27:17 - [TEST_STEP][PASSED] - selectOptionByLabel(findTestObject(orPath_TaxTypeFilingYear + "/select_PeriodEnding"), PeriodEndingMonth, false): All options with label 'September' are selected in object 'Object Repository/RAD_Pages/TaxTypeFilingYear_Page/select_PeriodEnding' 

2023-09-12 16:27:18 - [MESSAGE][PASSED] - All options with label 'September' are selected in object 'Object Repository/RAD_Pages/TaxTypeFilingYear_Page/select_PeriodEnding' 

2023-09-12 16:27:18 - [TEST_STEP][PASSED] - break: null

2023-09-12 16:27:18 - [TEST_STEP][PASSED] - rad.getSetDataRAD.setDataRADBusinessName(): rad.getSetDataRAD.setDataRADBusinessName is PASSED

2023-09-12 16:27:19 - [MESSAGE][PASSED] - Text 'My Company' is set on object 'Object Repository/RAD_Pages/Taxpayer_Page/input_businessName'

2023-09-12 16:27:19 - [MESSAGE][PASSED] - rad.getSetDataRAD.setDataRADBusinessName is PASSED

2023-09-12 16:27:19 - [TEST_STEP][PASSED] - rad.getSetDataRAD.setDataRADAddress(): rad.getSetDataRAD.setDataRADAddress is PASSED

2023-09-12 16:27:21 - [MESSAGE][PASSED] - All options with label 'United States' are selected in object 'Object Repository/RAD_Pages/AddressAndContactInfo_Page/select_Country' 

2023-09-12 16:27:21 - [MESSAGE][PASSED] - Text '2508 Mandan Terrace' is set on object 'Object Repository/RAD_Pages/AddressAndContactInfo_Page/input_streetAddress1'

2023-09-12 16:27:22 - [MESSAGE][PASSED] - Text '' is set on object 'Object Repository/RAD_Pages/AddressAndContactInfo_Page/input_streetAddress2'

2023-09-12 16:27:23 - [MESSAGE][PASSED] - Text 'Gambrills' is set on object 'Object Repository/RAD_Pages/AddressAndContactInfo_Page/input_city'

2023-09-12 16:27:24 - [MESSAGE][PASSED] - All options with label 'Maryland' are selected in object 'Object Repository/RAD_Pages/AddressAndContactInfo_Page/select_State' 

2023-09-12 16:27:25 - [MESSAGE][PASSED] - Text '21054' is set on object 'Object Repository/RAD_Pages/AddressAndContactInfo_Page/input_zipCode'

2023-09-12 16:27:26 - [MESSAGE][PASSED] - Text '(703) 894-5000' is set on object 'Object Repository/RAD_Pages/AddressAndContactInfo_Page/input_phoneNumber'

2023-09-12 16:27:27 - [MESSAGE][PASSED] - Text 'iahmed@govolution.com' is set on object 'Object Repository/RAD_Pages/AddressAndContactInfo_Page/input_eMailAddress'

2023-09-12 16:27:28 - [MESSAGE][PASSED] - Text 'iahmed@govolution.com' is set on object 'Object Repository/RAD_Pages/AddressAndContactInfo_Page/input_reEnterEMailAddress'

2023-09-12 16:27:28 - [MESSAGE][PASSED] - rad.getSetDataRAD.setDataRADAddress is PASSED

2023-09-12 16:27:28 - [TEST_STEP][PASSED] - rad.getSetDataRAD.setDataRADFEIN(): rad.getSetDataRAD.setDataRADFEIN is PASSED

2023-09-12 16:27:29 - [MESSAGE][PASSED] - Text ****** has been set on object 'Object Repository/RAD_Pages/TaxInfo_Page/input_FederalEIN'

2023-09-12 16:27:30 - [MESSAGE][PASSED] - Text ****** has been set on object 'Object Repository/RAD_Pages/TaxInfo_Page/input_FederalEIN_ReEnter'

2023-09-12 16:27:30 - [MESSAGE][PASSED] - rad.getSetDataRAD.setDataRADFEIN is PASSED

2023-09-12 16:27:30 - [TEST_STEP][PASSED] - setText(findTestObject(orPath_Amount + "/input__paymentAmount"), "100.00"): Text '100.00' is set on object 'Object Repository/RAD_Pages/PaymentAmount_Page/input__paymentAmount'

2023-09-12 16:27:31 - [MESSAGE][PASSED] - Text '100.00' is set on object 'Object Repository/RAD_Pages/PaymentAmount_Page/input__paymentAmount'

2023-09-12 16:27:31 - [TEST_STEP][PASSED] - setText(findTestObject(orPath_AddressContact + "/input_streetAddress2"), ""): Text '' is set on object 'Object Repository/RAD_Pages/AddressAndContactInfo_Page/input_streetAddress2'

2023-09-12 16:27:32 - [MESSAGE][PASSED] - Text '' is set on object 'Object Repository/RAD_Pages/AddressAndContactInfo_Page/input_streetAddress2'

2023-09-12 16:27:32 - [TEST_STEP][PASSED] - scrollToElement(findTestObject(orPath_Landing + "/button_Continue"), 3): Scroll to object 'Object Repository/RAD_Pages/Landing_Page/button_Continue' successfully

2023-09-12 16:27:32 - [MESSAGE][PASSED] - Scroll to object 'Object Repository/RAD_Pages/Landing_Page/button_Continue' successfully

2023-09-12 16:27:32 - [TEST_STEP][PASSED] - waitForElementClickable(findTestObject(orPath_Landing + "/button_Continue"), 5): Object 'Object Repository/RAD_Pages/Landing_Page/button_Continue' is clickable

2023-09-12 16:27:32 - [MESSAGE][PASSED] - Object 'Object Repository/RAD_Pages/Landing_Page/button_Continue' is clickable

2023-09-12 16:27:32 - [TEST_STEP][PASSED] - click(findTestObject(orPath_Landing + "/button_Continue")): Object: 'Object Repository/RAD_Pages/Landing_Page/button_Continue' is clicked on

2023-09-12 16:27:33 - [MESSAGE][PASSED] - Object: 'Object Repository/RAD_Pages/Landing_Page/button_Continue' is clicked on

2023-09-12 16:27:33 - [TEST_STEP][PASSED] - delay(2): Delayed 2 second(s)

2023-09-12 16:27:35 - [MESSAGE][PASSED] - Delayed 2 second(s)

2023-09-12 16:27:35 - [TEST_STEP][PASSED] - verifyTextPresent("Summary", true): Text 'Summary' is present on page  using regular expression

2023-09-12 16:27:36 - [MESSAGE][PASSED] - Text 'Summary' is present on page  using regular expression

2023-09-12 16:27:36 - [TEST_STEP][PASSED] - verifyTextPresent("Review the information below and make any necessary corrections by clicking the", true): Text 'Review the information below and make any necessary corrections by clicking the' is present on page  using regular expression

2023-09-12 16:27:36 - [MESSAGE][PASSED] - Text 'Review the information below and make any necessary corrections by clicking the' is present on page  using regular expression

2023-09-12 16:27:36 - [TEST_STEP][PASSED] - verifyTextPresent("When you are confident that all the information is correct, click the", true): Text 'When you are confident that all the information is correct, click the' is present on page  using regular expression

2023-09-12 16:27:36 - [MESSAGE][PASSED] - Text 'When you are confident that all the information is correct, click the' is present on page  using regular expression

2023-09-12 16:27:36 - [TEST_STEP][PASSED] - verifyTextPresent("Payment Type/Filing Year", true): Text 'Payment Type/Filing Year' is present on page  using regular expression

2023-09-12 16:27:37 - [MESSAGE][PASSED] - Text 'Payment Type/Filing Year' is present on page  using regular expression

2023-09-12 16:27:37 - [TEST_STEP][PASSED] - verifyTextPresent("Payment Type:", true): Text 'Payment Type:' is present on page  using regular expression

2023-09-12 16:27:37 - [MESSAGE][PASSED] - Text 'Payment Type:' is present on page  using regular expression

2023-09-12 16:27:37 - [TEST_STEP][PASSED] - verifyTextPresent("Extension Payments", true): Text 'Extension Payments' is present on page  using regular expression

2023-09-12 16:27:37 - [MESSAGE][PASSED] - Text 'Extension Payments' is present on page  using regular expression

2023-09-12 16:27:37 - [TEST_STEP][PASSED] - verifyTextPresent("Filing Year:", true): Text 'Filing Year:' is present on page  using regular expression

2023-09-12 16:27:38 - [MESSAGE][PASSED] - Text 'Filing Year:' is present on page  using regular expression

2023-09-12 16:27:38 - [TEST_STEP][PASSED] - verifyTextPresent(FilingYear, true): Text '2022' is present on page  using regular expression

2023-09-12 16:27:38 - [MESSAGE][PASSED] - Text '2022' is present on page  using regular expression

2023-09-12 16:27:38 - [TEST_STEP][PASSED] - switch (TaxType): null

2023-09-12 16:27:38 - [TEST_STEP][PASSED] - case "Corporate Income Tax":: null

2023-09-12 16:27:38 - [TEST_STEP][PASSED] - verifyTextPresent("Period Ending:", true): Text 'Period Ending:' is present on page  using regular expression

2023-09-12 16:27:38 - [MESSAGE][PASSED] - Text 'Period Ending:' is present on page  using regular expression

2023-09-12 16:27:38 - [TEST_STEP][PASSED] - verifyTextPresent(PeriodEndingMonth, true): Text 'September' is present on page  using regular expression

2023-09-12 16:27:39 - [MESSAGE][PASSED] - Text 'September' is present on page  using regular expression

2023-09-12 16:27:39 - [TEST_STEP][PASSED] - break: null

2023-09-12 16:27:39 - [TEST_STEP][PASSED] - verifyTextPresent("Payer Information", true): Text 'Payer Information' is present on page  using regular expression

2023-09-12 16:27:39 - [MESSAGE][PASSED] - Text 'Payer Information' is present on page  using regular expression

2023-09-12 16:27:39 - [TEST_STEP][PASSED] - verifyTextPresent("Taxpayer Name:", true): Text 'Taxpayer Name:' is present on page  using regular expression

2023-09-12 16:27:40 - [MESSAGE][PASSED] - Text 'Taxpayer Name:' is present on page  using regular expression

2023-09-12 16:27:40 - [TEST_STEP][PASSED] - verifyTextPresent("My Company", true): Text 'My Company' is present on page  using regular expression

2023-09-12 16:27:40 - [MESSAGE][PASSED] - Text 'My Company' is present on page  using regular expression

2023-09-12 16:27:40 - [TEST_STEP][PASSED] - verifyTextPresent("Taxpayer Address:", true): Text 'Taxpayer Address:' is present on page  using regular expression

2023-09-12 16:27:40 - [MESSAGE][PASSED] - Text 'Taxpayer Address:' is present on page  using regular expression

2023-09-12 16:27:40 - [TEST_STEP][PASSED] - verifyTextPresent("2508 Mandan Terrace Gambrills Maryland 21054", true): Text '2508 Mandan Terrace Gambrills Maryland 21054' is present on page  using regular expression

2023-09-12 16:27:41 - [MESSAGE][PASSED] - Text '2508 Mandan Terrace Gambrills Maryland 21054' is present on page  using regular expression

2023-09-12 16:27:41 - [TEST_STEP][PASSED] - verifyTextPresent("Email:", true): Text 'Email:' is present on page  using regular expression

2023-09-12 16:27:41 - [MESSAGE][PASSED] - Text 'Email:' is present on page  using regular expression

2023-09-12 16:27:41 - [TEST_STEP][PASSED] - verifyTextPresent("iahmed@govolution.com", true): Text 'iahmed@govolution.com' is present on page  using regular expression

2023-09-12 16:27:41 - [MESSAGE][PASSED] - Text 'iahmed@govolution.com' is present on page  using regular expression

2023-09-12 16:27:41 - [TEST_STEP][PASSED] - verifyTextPresent("Phone:", true): Text 'Phone:' is present on page  using regular expression

2023-09-12 16:27:42 - [MESSAGE][PASSED] - Text 'Phone:' is present on page  using regular expression

2023-09-12 16:27:42 - [TEST_STEP][PASSED] - verifyTextPresent("(703) 894-5000", false): Text '(703) 894-5000' is present on page 

2023-09-12 16:27:42 - [MESSAGE][PASSED] - Text '(703) 894-5000' is present on page 

2023-09-12 16:27:42 - [TEST_STEP][PASSED] - verifyTextPresent("Tax Information", true): Text 'Tax Information' is present on page  using regular expression

2023-09-12 16:27:43 - [MESSAGE][PASSED] - Text 'Tax Information' is present on page  using regular expression

2023-09-12 16:27:43 - [TEST_STEP][PASSED] - verifyTextPresent("Federal EIN:", true): Text 'Federal EIN:' is present on page  using regular expression

2023-09-12 16:27:43 - [MESSAGE][PASSED] - Text 'Federal EIN:' is present on page  using regular expression

2023-09-12 16:27:43 - [TEST_STEP][PASSED] - verifyTextPresent("Payment Amount:", true): Text 'Payment Amount:' is present on page  using regular expression

2023-09-12 16:27:43 - [MESSAGE][PASSED] - Text 'Payment Amount:' is present on page  using regular expression

2023-09-12 16:27:43 - [TEST_STEP][PASSED] - verifyTextPresent("100.00", true): Text '100.00' is present on page  using regular expression

2023-09-12 16:27:44 - [MESSAGE][PASSED] - Text '100.00' is present on page  using regular expression

2023-09-12 16:27:44 - [TEST_STEP][PASSED] - click(findTestObject(orPath_Summary + "/button_Proceed to Payment")): Object: 'Object Repository/RAD_Pages/Summary_Page/button_Proceed to Payment' is clicked on

2023-09-12 16:27:45 - [MESSAGE][PASSED] - Object: 'Object Repository/RAD_Pages/Summary_Page/button_Proceed to Payment' is clicked on

2023-09-12 16:27:45 - [TEST_STEP][PASSED] - verifyTextPresent("Comptroller of Maryland", true): Text 'Comptroller of Maryland' is present on page  using regular expression

2023-09-12 16:27:45 - [MESSAGE][PASSED] - Text 'Comptroller of Maryland' is present on page  using regular expression

2023-09-12 16:27:45 - [TEST_STEP][PASSED] - verifyTextPresent("Revenue Administration Division", true): Text 'Revenue Administration Division' is present on page  using regular expression

2023-09-12 16:27:46 - [MESSAGE][PASSED] - Text 'Revenue Administration Division' is present on page  using regular expression

2023-09-12 16:27:46 - [TEST_STEP][PASSED] - verifyTextPresent("Payment Information", true): Text 'Payment Information' is present on page  using regular expression

2023-09-12 16:27:46 - [MESSAGE][PASSED] - Text 'Payment Information' is present on page  using regular expression

2023-09-12 16:27:46 - [TEST_STEP][PASSED] - card_Name = getAttribute(findTestObject("Object Repository/RAD_Pages/PaymentEntry_Page/input__billingName"), "value"): Attribute 'value' of object 'Object Repository/RAD_Pages/PaymentEntry_Page/input__billingName' is: ''

2023-09-12 16:27:46 - [MESSAGE][PASSED] - Attribute 'value' of object 'Object Repository/RAD_Pages/PaymentEntry_Page/input__billingName' is: ''

2023-09-12 16:27:46 - [TEST_STEP][PASSED] - verifyMatch("", card_Name, false): Actual text '' and expected text '' are matched 

2023-09-12 16:27:46 - [MESSAGE][PASSED] - Actual text '' and expected text '' are matched 

2023-09-12 16:27:46 - [TEST_STEP][PASSED] - AL1 = getAttribute(findTestObject("Object Repository/RAD_Pages/PaymentEntry_Page/input_billingAddress"), "value"): Attribute 'value' of object 'Object Repository/RAD_Pages/PaymentEntry_Page/input_billingAddress' is: '2508 Mandan Terrace'

2023-09-12 16:27:47 - [MESSAGE][PASSED] - Attribute 'value' of object 'Object Repository/RAD_Pages/PaymentEntry_Page/input_billingAddress' is: '2508 Mandan Terrace'

2023-09-12 16:27:47 - [TEST_STEP][PASSED] - verifyMatch("2508 Mandan Terrace", AL1, false): Actual text '2508 Mandan Terrace' and expected text '2508 Mandan Terrace' are matched 

2023-09-12 16:27:47 - [MESSAGE][PASSED] - Actual text '2508 Mandan Terrace' and expected text '2508 Mandan Terrace' are matched 

2023-09-12 16:27:47 - [TEST_STEP][PASSED] - AL2 = getAttribute(findTestObject("Object Repository/RAD_Pages/PaymentEntry_Page/input_billingAddress2"), "value"): Attribute 'value' of object 'Object Repository/RAD_Pages/PaymentEntry_Page/input_billingAddress2' is: ''

2023-09-12 16:27:47 - [MESSAGE][PASSED] - Attribute 'value' of object 'Object Repository/RAD_Pages/PaymentEntry_Page/input_billingAddress2' is: ''

2023-09-12 16:27:47 - [TEST_STEP][PASSED] - verifyMatch("", AL2, false): Actual text '' and expected text '' are matched 

2023-09-12 16:27:47 - [MESSAGE][PASSED] - Actual text '' and expected text '' are matched 

2023-09-12 16:27:47 - [TEST_STEP][PASSED] - zipCode = getAttribute(findTestObject("Object Repository/RAD_Pages/PaymentEntry_Page/input_billingZip"), "value"): Attribute 'value' of object 'Object Repository/RAD_Pages/PaymentEntry_Page/input_billingZip' is: '21054'

2023-09-12 16:27:47 - [MESSAGE][PASSED] - Attribute 'value' of object 'Object Repository/RAD_Pages/PaymentEntry_Page/input_billingZip' is: '21054'

2023-09-12 16:27:47 - [TEST_STEP][PASSED] - verifyMatch("21054", zipCode, false): Actual text '21054' and expected text '21054' are matched 

2023-09-12 16:27:47 - [MESSAGE][PASSED] - Actual text '21054' and expected text '21054' are matched 

2023-09-12 16:27:47 - [TEST_STEP][PASSED] - city = getAttribute(findTestObject("Object Repository/RAD_Pages/PaymentEntry_Page/input_billingCity"), "value"): Attribute 'value' of object 'Object Repository/RAD_Pages/PaymentEntry_Page/input_billingCity' is: 'GAMBRILLS'

2023-09-12 16:27:48 - [MESSAGE][PASSED] - Attribute 'value' of object 'Object Repository/RAD_Pages/PaymentEntry_Page/input_billingCity' is: 'GAMBRILLS'

2023-09-12 16:27:48 - [TEST_STEP][PASSED] - verifyMatch("GAMBRILLS", city, false): Actual text 'GAMBRILLS' and expected text 'GAMBRILLS' are matched 

2023-09-12 16:27:48 - [MESSAGE][PASSED] - Actual text 'GAMBRILLS' and expected text 'GAMBRILLS' are matched 

2023-09-12 16:27:48 - [TEST_STEP][PASSED] - email = getAttribute(findTestObject("Object Repository/RAD_Pages/PaymentEntry_Page/input_emailAddress"), "value"): Attribute 'value' of object 'Object Repository/RAD_Pages/PaymentEntry_Page/input_emailAddress' is: 'iahmed@govolution.com'

2023-09-12 16:27:48 - [MESSAGE][PASSED] - Attribute 'value' of object 'Object Repository/RAD_Pages/PaymentEntry_Page/input_emailAddress' is: 'iahmed@govolution.com'

2023-09-12 16:27:48 - [TEST_STEP][PASSED] - verifyMatch("iahmed@govolution.com", email, false): Actual text 'iahmed@govolution.com' and expected text 'iahmed@govolution.com' are matched 

2023-09-12 16:27:48 - [MESSAGE][PASSED] - Actual text 'iahmed@govolution.com' and expected text 'iahmed@govolution.com' are matched 

2023-09-12 16:27:48 - [TEST_STEP][PASSED] - amount = getAttribute(findTestObject("Object Repository/RAD_Pages/PaymentEntry_Page/input_amount"), "value"): Attribute 'value' of object 'Object Repository/RAD_Pages/PaymentEntry_Page/input_amount' is: '100.00'

2023-09-12 16:27:48 - [MESSAGE][PASSED] - Attribute 'value' of object 'Object Repository/RAD_Pages/PaymentEntry_Page/input_amount' is: '100.00'

2023-09-12 16:27:48 - [TEST_STEP][PASSED] - verifyMatch("100.00", amount, false): Actual text '100.00' and expected text '100.00' are matched 

2023-09-12 16:27:48 - [MESSAGE][PASSED] - Actual text '100.00' and expected text '100.00' are matched 

2023-09-12 16:27:48 - [TEST_STEP][PASSED] - amountReadOnly = getAttribute(findTestObject("Object Repository/RAD_Pages/PaymentEntry_Page/input_amount"), "readonly"): Attribute 'readonly' of object 'Object Repository/RAD_Pages/PaymentEntry_Page/input_amount' is: 'true'

2023-09-12 16:27:49 - [MESSAGE][PASSED] - Attribute 'readonly' of object 'Object Repository/RAD_Pages/PaymentEntry_Page/input_amount' is: 'true'

2023-09-12 16:27:49 - [TEST_STEP][PASSED] - verifyMatch("true", amountReadOnly, false): Actual text 'true' and expected text 'true' are matched 

2023-09-12 16:27:49 - [MESSAGE][PASSED] - Actual text 'true' and expected text 'true' are matched 

2023-09-12 16:27:49 - [TEST_STEP][PASSED] - verifyOptionSelectedByLabel(findTestObject("Object Repository/RAD_Pages/PaymentEntry_Page/select_Country"), "United States", false, 20): All options with label 'United States' are selected in object 'Object Repository/RAD_Pages/PaymentEntry_Page/select_Country' 

2023-09-12 16:27:50 - [MESSAGE][PASSED] - All options with label 'United States' are selected in object 'Object Repository/RAD_Pages/PaymentEntry_Page/select_Country' 

2023-09-12 16:27:50 - [TEST_STEP][PASSED] - verifyOptionSelectedByLabel(findTestObject("Object Repository/RAD_Pages/PaymentEntry_Page/select_State"), "Maryland", false, 20): All options with label 'Maryland' are selected in object 'Object Repository/RAD_Pages/PaymentEntry_Page/select_State' 

2023-09-12 16:27:53 - [MESSAGE][PASSED] - All options with label 'Maryland' are selected in object 'Object Repository/RAD_Pages/PaymentEntry_Page/select_State' 

2023-09-12 16:27:53 - [TEST_STEP][PASSED] - setText(findTestObject("Object Repository/RAD_Pages/PaymentEntry_Page/input__billingName"), "Anthony Gonzalez"): Text 'Anthony Gonzalez' is set on object 'Object Repository/RAD_Pages/PaymentEntry_Page/input__billingName'

2023-09-12 16:27:53 - [MESSAGE][PASSED] - Text 'Anthony Gonzalez' is set on object 'Object Repository/RAD_Pages/PaymentEntry_Page/input__billingName'

2023-09-12 16:27:53 - [TEST_STEP][PASSED] - setText(findTestObject(orPath_PaymentEntry + "/input__cardNumber"), "4111111111111111"): Text '4111111111111111' is set on object 'Object Repository/RAD_Pages/PaymentEntry_Page/input__cardNumber'

2023-09-12 16:27:54 - [MESSAGE][PASSED] - Text '4111111111111111' is set on object 'Object Repository/RAD_Pages/PaymentEntry_Page/input__cardNumber'

2023-09-12 16:27:54 - [TEST_STEP][PASSED] - setText(findTestObject(orPath_PaymentEntry + "/input__spc"), "123"): Text '123' is set on object 'Object Repository/RAD_Pages/PaymentEntry_Page/input__spc'

2023-09-12 16:27:55 - [MESSAGE][PASSED] - Text '123' is set on object 'Object Repository/RAD_Pages/PaymentEntry_Page/input__spc'

2023-09-12 16:27:55 - [TEST_STEP][PASSED] - selectOptionByLabel(findTestObject(orPath_PaymentEntry + "/select_MM"), "12", false): All options with label '12' are selected in object 'Object Repository/RAD_Pages/PaymentEntry_Page/select_MM' 

2023-09-12 16:27:56 - [MESSAGE][PASSED] - All options with label '12' are selected in object 'Object Repository/RAD_Pages/PaymentEntry_Page/select_MM' 

2023-09-12 16:27:56 - [TEST_STEP][PASSED] - selectOptionByLabel(findTestObject(orPath_PaymentEntry + "/select_YYYY"), "2028", false): All options with label '2028' are selected in object 'Object Repository/RAD_Pages/PaymentEntry_Page/select_YYYY' 

2023-09-12 16:27:56 - [MESSAGE][PASSED] - All options with label '2028' are selected in object 'Object Repository/RAD_Pages/PaymentEntry_Page/select_YYYY' 

2023-09-12 16:27:56 - [TEST_STEP][PASSED] - click(findTestObject(orPath_PaymentEntry + "/input_Field_ccSubmit")): Object: 'Object Repository/RAD_Pages/PaymentEntry_Page/input_Field_ccSubmit' is clicked on

2023-09-12 16:27:57 - [MESSAGE][PASSED] - Object: 'Object Repository/RAD_Pages/PaymentEntry_Page/input_Field_ccSubmit' is clicked on

2023-09-12 16:27:57 - [TEST_STEP][PASSED] - click(findTestObject(orPath_PaymentConfirmation + "/input_N_confirmNotifyAction")): Object: 'Object Repository/RAD_Pages/PaymentConfirmation_Page/input_N_confirmNotifyAction' is clicked on

2023-09-12 16:27:58 - [MESSAGE][PASSED] - Object: 'Object Repository/RAD_Pages/PaymentConfirmation_Page/input_N_confirmNotifyAction' is clicked on

2023-09-12 16:27:58 - [TEST_STEP][PASSED] - verifyTextPresent("Service Fee Acceptance", true): Text 'Service Fee Acceptance' is present on page  using regular expression

2023-09-12 16:27:58 - [MESSAGE][PASSED] - Text 'Service Fee Acceptance' is present on page  using regular expression

2023-09-12 16:27:58 - [TEST_STEP][PASSED] - verifyTextPresent("This transaction is subject to a Service Fee of ", true): Text 'This transaction is subject to a Service Fee of ' is present on page  using regular expression

2023-09-12 16:27:59 - [MESSAGE][PASSED] - Text 'This transaction is subject to a Service Fee of ' is present on page  using regular expression

2023-09-12 16:27:59 - [TEST_STEP][PASSED] - verifyTextPresent("Payment Amount:", true): Text 'Payment Amount:' is present on page  using regular expression

2023-09-12 16:27:59 - [MESSAGE][PASSED] - Text 'Payment Amount:' is present on page  using regular expression

2023-09-12 16:27:59 - [TEST_STEP][PASSED] - verifyTextPresent("100.00", true): Text '100.00' is present on page  using regular expression

2023-09-12 16:27:59 - [MESSAGE][PASSED] - Text '100.00' is present on page  using regular expression

2023-09-12 16:27:59 - [TEST_STEP][PASSED] - verifyTextPresent("Service Fee:", true): Text 'Service Fee:' is present on page  using regular expression

2023-09-12 16:28:00 - [MESSAGE][PASSED] - Text 'Service Fee:' is present on page  using regular expression

2023-09-12 16:28:00 - [TEST_STEP][PASSED] - verifyTextPresent("2.45", true): Text '2.45' is present on page  using regular expression

2023-09-12 16:28:00 - [MESSAGE][PASSED] - Text '2.45' is present on page  using regular expression

2023-09-12 16:28:00 - [TEST_STEP][PASSED] - verifyTextPresent("Total Amount:", true): Text 'Total Amount:' is present on page  using regular expression

2023-09-12 16:28:00 - [MESSAGE][PASSED] - Text 'Total Amount:' is present on page  using regular expression

2023-09-12 16:28:00 - [TEST_STEP][PASSED] - verifyTextPresent("102.45", true): Text '102.45' is present on page  using regular expression

2023-09-12 16:28:01 - [MESSAGE][PASSED] - Text '102.45' is present on page  using regular expression

2023-09-12 16:28:01 - [TEST_STEP][PASSED] - verifyTextPresent("Two transactions will appear on your bank statement, one in the amount of", true): Text 'Two transactions will appear on your bank statement, one in the amount of' is present on page  using regular expression

2023-09-12 16:28:01 - [MESSAGE][PASSED] - Text 'Two transactions will appear on your bank statement, one in the amount of' is present on page  using regular expression

2023-09-12 16:28:01 - [TEST_STEP][PASSED] - verifyElementPresent(findTestObject(orPath_ServiceFeesAccept + "/input_convFeeNotifyAction"), 30): Object 'Object Repository/RAD_Pages/ServiceFeeAccept_Page/input_convFeeNotifyAction' is present

2023-09-12 16:28:01 - [MESSAGE][PASSED] - Object 'Object Repository/RAD_Pages/ServiceFeeAccept_Page/input_convFeeNotifyAction' is present

2023-09-12 16:28:01 - [TEST_STEP][PASSED] - ExecuteTC = findTestData(dataFile).getValue("Execute", row): null

2023-09-12 16:28:01 - [TEST_STEP][PASSED] - TaxType = findTestData(dataFile).getValue("TaxType", row): null

2023-09-12 16:28:01 - [TEST_STEP][PASSED] - PaymentType = findTestData(dataFile).getValue("PaymentType", row): null

2023-09-12 16:28:02 - [TEST_STEP][PASSED] - FilingYear = findTestData(dataFile).getValue("Year", row): null

2023-09-12 16:28:02 - [TEST_STEP][PASSED] - PeriodEndingMonth = findTestData(dataFile).getValue("Month", row): null

2023-09-12 16:28:02 - [TEST_STEP][PASSED] - if (ExecuteTC.equalsIgnoreCase("Y")): Object 'Object Repository/RAD_Pages/ServiceFeeAccept_Page/input_convFeeNotifyAction' is present

2023-09-12 16:28:02 - [TEST_STEP][PASSED] - out.println("Begin Record Number: " + row): null

2023-09-12 16:28:02 - [TEST_STEP][PASSED] - today = new java.util.Date(): null

2023-09-12 16:28:02 - [TEST_STEP][PASSED] - println(today): null

2023-09-12 16:28:02 - [TEST_STEP][PASSED] - datText = today: null

2023-09-12 16:28:02 - [TEST_STEP][PASSED] - logInfo("Payment Type: Quarterly Estimated Tax"): Payment Type: Quarterly Estimated Tax

2023-09-12 16:28:02 - [MESSAGE][INFO] - Payment Type: Quarterly Estimated Tax

2023-09-12 16:28:02 - [TEST_STEP][PASSED] - logInfo("Tax Type: " + TaxType): Tax Type: Fiduciary Tax

2023-09-12 16:28:02 - [MESSAGE][INFO] - Tax Type: Fiduciary Tax

2023-09-12 16:28:02 - [TEST_STEP][PASSED] - openBrowser(""): Browser is opened with url: ''

2023-09-12 16:28:02 - [MESSAGE][WARNING] - A browser is already opened. Closing browser and opening a new one

2023-09-12 16:28:03 - [MESSAGE][INFO] - Starting 'Chrome' driver

2023-09-12 16:28:03 - [MESSAGE][INFO] - User set preference: ['acceptInsecureCerts', 'true']

2023-09-12 16:28:03 - [MESSAGE][INFO] - Action delay is set to 0 milliseconds

2023-09-12 16:28:04 - [MESSAGE][PASSED] - Browser is opened with url: ''

2023-09-12 16:28:04 - [TEST_STEP][PASSED] - maximizeWindow(): Current window maximized

2023-09-12 16:28:04 - [MESSAGE][PASSED] - Current window maximized

2023-09-12 16:28:04 - [TEST_STEP][PASSED] - navigateToUrl(RADurl): Navigate to 'https://demo.velocitypayment.com/client/rad/index.html' successfully

2023-09-12 16:28:06 - [MESSAGE][PASSED] - Navigate to 'https://demo.velocitypayment.com/client/rad/index.html' successfully

2023-09-12 16:28:06 - [TEST_STEP][PASSED] - selectOptionByLabel(findTestObject(orPath_Landing + "/dd_TaxType"), "Extension Payments", false): All options with label 'Extension Payments' are selected in object 'Object Repository/RAD_Pages/Landing_Page/dd_TaxType' 

2023-09-12 16:28:06 - [MESSAGE][PASSED] - All options with label 'Extension Payments' are selected in object 'Object Repository/RAD_Pages/Landing_Page/dd_TaxType' 

2023-09-12 16:28:06 - [TEST_STEP][PASSED] - selectOptionByLabel(findTestObject(orPath_TaxTypeFilingYear + "/select_PaymentType"), TaxType, false): All options with label 'Fiduciary Tax' are selected in object 'Object Repository/RAD_Pages/TaxTypeFilingYear_Page/select_PaymentType' 

2023-09-12 16:28:07 - [MESSAGE][PASSED] - All options with label 'Fiduciary Tax' are selected in object 'Object Repository/RAD_Pages/TaxTypeFilingYear_Page/select_PaymentType' 

2023-09-12 16:28:07 - [TEST_STEP][PASSED] - selectOptionByLabel(findTestObject(orPath_TaxTypeFilingYear + "/select_FilingYear"), FilingYear, false): All options with label '2022' are selected in object 'Object Repository/RAD_Pages/TaxTypeFilingYear_Page/select_FilingYear' 

2023-09-12 16:28:08 - [MESSAGE][PASSED] - All options with label '2022' are selected in object 'Object Repository/RAD_Pages/TaxTypeFilingYear_Page/select_FilingYear' 

2023-09-12 16:28:08 - [TEST_STEP][PASSED] - switch (TaxType): null

2023-09-12 16:28:08 - [TEST_STEP][PASSED] - rad.getSetDataRAD.setDataRADBusinessName(): rad.getSetDataRAD.setDataRADBusinessName is PASSED

2023-09-12 16:28:09 - [MESSAGE][PASSED] - Text 'My Company' is set on object 'Object Repository/RAD_Pages/Taxpayer_Page/input_businessName'

2023-09-12 16:28:09 - [MESSAGE][PASSED] - rad.getSetDataRAD.setDataRADBusinessName is PASSED

2023-09-12 16:28:09 - [TEST_STEP][PASSED] - rad.getSetDataRAD.setDataRADAddress(): rad.getSetDataRAD.setDataRADAddress is PASSED

2023-09-12 16:28:10 - [MESSAGE][PASSED] - All options with label 'United States' are selected in object 'Object Repository/RAD_Pages/AddressAndContactInfo_Page/select_Country' 

2023-09-12 16:28:11 - [MESSAGE][PASSED] - Text '2508 Mandan Terrace' is set on object 'Object Repository/RAD_Pages/AddressAndContactInfo_Page/input_streetAddress1'

2023-09-12 16:28:12 - [MESSAGE][PASSED] - Text '' is set on object 'Object Repository/RAD_Pages/AddressAndContactInfo_Page/input_streetAddress2'

2023-09-12 16:28:13 - [MESSAGE][PASSED] - Text 'Gambrills' is set on object 'Object Repository/RAD_Pages/AddressAndContactInfo_Page/input_city'

2023-09-12 16:28:14 - [MESSAGE][PASSED] - All options with label 'Maryland' are selected in object 'Object Repository/RAD_Pages/AddressAndContactInfo_Page/select_State' 

2023-09-12 16:28:15 - [MESSAGE][PASSED] - Text '21054' is set on object 'Object Repository/RAD_Pages/AddressAndContactInfo_Page/input_zipCode'

2023-09-12 16:28:15 - [MESSAGE][PASSED] - Text '(703) 894-5000' is set on object 'Object Repository/RAD_Pages/AddressAndContactInfo_Page/input_phoneNumber'

2023-09-12 16:28:17 - [MESSAGE][PASSED] - Text 'iahmed@govolution.com' is set on object 'Object Repository/RAD_Pages/AddressAndContactInfo_Page/input_eMailAddress'

2023-09-12 16:28:18 - [MESSAGE][PASSED] - Text 'iahmed@govolution.com' is set on object 'Object Repository/RAD_Pages/AddressAndContactInfo_Page/input_reEnterEMailAddress'

2023-09-12 16:28:18 - [MESSAGE][PASSED] - rad.getSetDataRAD.setDataRADAddress is PASSED

2023-09-12 16:28:18 - [TEST_STEP][PASSED] - rad.getSetDataRAD.setDataRADFEIN(): rad.getSetDataRAD.setDataRADFEIN is PASSED

2023-09-12 16:28:18 - [MESSAGE][PASSED] - Text ****** has been set on object 'Object Repository/RAD_Pages/TaxInfo_Page/input_FederalEIN'

2023-09-12 16:28:19 - [MESSAGE][PASSED] - Text ****** has been set on object 'Object Repository/RAD_Pages/TaxInfo_Page/input_FederalEIN_ReEnter'

2023-09-12 16:28:19 - [MESSAGE][PASSED] - rad.getSetDataRAD.setDataRADFEIN is PASSED

2023-09-12 16:28:19 - [TEST_STEP][PASSED] - setText(findTestObject(orPath_Amount + "/input__paymentAmount"), "100.00"): Text '100.00' is set on object 'Object Repository/RAD_Pages/PaymentAmount_Page/input__paymentAmount'

2023-09-12 16:28:20 - [MESSAGE][PASSED] - Text '100.00' is set on object 'Object Repository/RAD_Pages/PaymentAmount_Page/input__paymentAmount'

2023-09-12 16:28:20 - [TEST_STEP][PASSED] - setText(findTestObject(orPath_AddressContact + "/input_streetAddress2"), ""): Text '' is set on object 'Object Repository/RAD_Pages/AddressAndContactInfo_Page/input_streetAddress2'

2023-09-12 16:28:20 - [MESSAGE][PASSED] - Text '' is set on object 'Object Repository/RAD_Pages/AddressAndContactInfo_Page/input_streetAddress2'

2023-09-12 16:28:20 - [TEST_STEP][PASSED] - scrollToElement(findTestObject(orPath_Landing + "/button_Continue"), 3): Scroll to object 'Object Repository/RAD_Pages/Landing_Page/button_Continue' successfully

2023-09-12 16:28:21 - [MESSAGE][PASSED] - Scroll to object 'Object Repository/RAD_Pages/Landing_Page/button_Continue' successfully

2023-09-12 16:28:21 - [TEST_STEP][PASSED] - waitForElementClickable(findTestObject(orPath_Landing + "/button_Continue"), 5): Object 'Object Repository/RAD_Pages/Landing_Page/button_Continue' is clickable

2023-09-12 16:28:21 - [MESSAGE][PASSED] - Object 'Object Repository/RAD_Pages/Landing_Page/button_Continue' is clickable

2023-09-12 16:28:21 - [TEST_STEP][PASSED] - click(findTestObject(orPath_Landing + "/button_Continue")): Object: 'Object Repository/RAD_Pages/Landing_Page/button_Continue' is clicked on

2023-09-12 16:28:22 - [MESSAGE][PASSED] - Object: 'Object Repository/RAD_Pages/Landing_Page/button_Continue' is clicked on

2023-09-12 16:28:22 - [TEST_STEP][PASSED] - delay(2): Delayed 2 second(s)

2023-09-12 16:28:24 - [MESSAGE][PASSED] - Delayed 2 second(s)

2023-09-12 16:28:24 - [TEST_STEP][PASSED] - verifyTextPresent("Summary", true): Text 'Summary' is present on page  using regular expression

2023-09-12 16:28:24 - [MESSAGE][PASSED] - Text 'Summary' is present on page  using regular expression

2023-09-12 16:28:24 - [TEST_STEP][PASSED] - verifyTextPresent("Review the information below and make any necessary corrections by clicking the", true): Text 'Review the information below and make any necessary corrections by clicking the' is present on page  using regular expression

2023-09-12 16:28:24 - [MESSAGE][PASSED] - Text 'Review the information below and make any necessary corrections by clicking the' is present on page  using regular expression

2023-09-12 16:28:24 - [TEST_STEP][PASSED] - verifyTextPresent("When you are confident that all the information is correct, click the", true): Text 'When you are confident that all the information is correct, click the' is present on page  using regular expression

2023-09-12 16:28:25 - [MESSAGE][PASSED] - Text 'When you are confident that all the information is correct, click the' is present on page  using regular expression

2023-09-12 16:28:25 - [TEST_STEP][PASSED] - verifyTextPresent("Payment Type/Filing Year", true): Text 'Payment Type/Filing Year' is present on page  using regular expression

2023-09-12 16:28:25 - [MESSAGE][PASSED] - Text 'Payment Type/Filing Year' is present on page  using regular expression

2023-09-12 16:28:25 - [TEST_STEP][PASSED] - verifyTextPresent("Payment Type:", true): Text 'Payment Type:' is present on page  using regular expression

2023-09-12 16:28:26 - [MESSAGE][PASSED] - Text 'Payment Type:' is present on page  using regular expression

2023-09-12 16:28:26 - [TEST_STEP][PASSED] - verifyTextPresent("Extension Payments", true): Text 'Extension Payments' is present on page  using regular expression

2023-09-12 16:28:26 - [MESSAGE][PASSED] - Text 'Extension Payments' is present on page  using regular expression

2023-09-12 16:28:26 - [TEST_STEP][PASSED] - verifyTextPresent("Filing Year:", true): Text 'Filing Year:' is present on page  using regular expression

2023-09-12 16:28:26 - [MESSAGE][PASSED] - Text 'Filing Year:' is present on page  using regular expression

2023-09-12 16:28:26 - [TEST_STEP][PASSED] - verifyTextPresent(FilingYear, true): Text '2022' is present on page  using regular expression

2023-09-12 16:28:27 - [MESSAGE][PASSED] - Text '2022' is present on page  using regular expression

2023-09-12 16:28:27 - [TEST_STEP][PASSED] - switch (TaxType): null

2023-09-12 16:28:27 - [TEST_STEP][PASSED] - verifyTextPresent("Payer Information", true): Text 'Payer Information' is present on page  using regular expression

2023-09-12 16:28:27 - [MESSAGE][PASSED] - Text 'Payer Information' is present on page  using regular expression

2023-09-12 16:28:27 - [TEST_STEP][PASSED] - verifyTextPresent("Taxpayer Name:", true): Text 'Taxpayer Name:' is present on page  using regular expression

2023-09-12 16:28:27 - [MESSAGE][PASSED] - Text 'Taxpayer Name:' is present on page  using regular expression

2023-09-12 16:28:27 - [TEST_STEP][PASSED] - verifyTextPresent("My Company", true): Text 'My Company' is present on page  using regular expression

2023-09-12 16:28:28 - [MESSAGE][PASSED] - Text 'My Company' is present on page  using regular expression

2023-09-12 16:28:28 - [TEST_STEP][PASSED] - verifyTextPresent("Taxpayer Address:", true): Text 'Taxpayer Address:' is present on page  using regular expression

2023-09-12 16:28:28 - [MESSAGE][PASSED] - Text 'Taxpayer Address:' is present on page  using regular expression

2023-09-12 16:28:28 - [TEST_STEP][PASSED] - verifyTextPresent("2508 Mandan Terrace Gambrills Maryland 21054", true): Text '2508 Mandan Terrace Gambrills Maryland 21054' is present on page  using regular expression

2023-09-12 16:28:28 - [MESSAGE][PASSED] - Text '2508 Mandan Terrace Gambrills Maryland 21054' is present on page  using regular expression

2023-09-12 16:28:28 - [TEST_STEP][PASSED] - verifyTextPresent("Email:", true): Text 'Email:' is present on page  using regular expression

2023-09-12 16:28:29 - [MESSAGE][PASSED] - Text 'Email:' is present on page  using regular expression

2023-09-12 16:28:29 - [TEST_STEP][PASSED] - verifyTextPresent("iahmed@govolution.com", true): Text 'iahmed@govolution.com' is present on page  using regular expression

2023-09-12 16:28:29 - [MESSAGE][PASSED] - Text 'iahmed@govolution.com' is present on page  using regular expression

2023-09-12 16:28:29 - [TEST_STEP][PASSED] - verifyTextPresent("Phone:", true): Text 'Phone:' is present on page  using regular expression

2023-09-12 16:28:30 - [MESSAGE][PASSED] - Text 'Phone:' is present on page  using regular expression

2023-09-12 16:28:30 - [TEST_STEP][PASSED] - verifyTextPresent("(703) 894-5000", false): Text '(703) 894-5000' is present on page 

2023-09-12 16:28:30 - [MESSAGE][PASSED] - Text '(703) 894-5000' is present on page 

2023-09-12 16:28:30 - [TEST_STEP][PASSED] - verifyTextPresent("Tax Information", true): Text 'Tax Information' is present on page  using regular expression

2023-09-12 16:28:30 - [MESSAGE][PASSED] - Text 'Tax Information' is present on page  using regular expression

2023-09-12 16:28:30 - [TEST_STEP][PASSED] - verifyTextPresent("Federal EIN:", true): Text 'Federal EIN:' is present on page  using regular expression

2023-09-12 16:28:31 - [MESSAGE][PASSED] - Text 'Federal EIN:' is present on page  using regular expression

2023-09-12 16:28:31 - [TEST_STEP][PASSED] - verifyTextPresent("Payment Amount:", true): Text 'Payment Amount:' is present on page  using regular expression

2023-09-12 16:28:31 - [MESSAGE][PASSED] - Text 'Payment Amount:' is present on page  using regular expression

2023-09-12 16:28:31 - [TEST_STEP][PASSED] - verifyTextPresent("100.00", true): Text '100.00' is present on page  using regular expression

2023-09-12 16:28:31 - [MESSAGE][PASSED] - Text '100.00' is present on page  using regular expression

2023-09-12 16:28:31 - [TEST_STEP][PASSED] - click(findTestObject(orPath_Summary + "/button_Proceed to Payment")): Object: 'Object Repository/RAD_Pages/Summary_Page/button_Proceed to Payment' is clicked on

2023-09-12 16:28:32 - [MESSAGE][PASSED] - Object: 'Object Repository/RAD_Pages/Summary_Page/button_Proceed to Payment' is clicked on

2023-09-12 16:28:32 - [TEST_STEP][PASSED] - verifyTextPresent("Comptroller of Maryland", true): Text 'Comptroller of Maryland' is present on page  using regular expression

2023-09-12 16:28:33 - [MESSAGE][PASSED] - Text 'Comptroller of Maryland' is present on page  using regular expression

2023-09-12 16:28:33 - [TEST_STEP][PASSED] - verifyTextPresent("Revenue Administration Division", true): Text 'Revenue Administration Division' is present on page  using regular expression

2023-09-12 16:28:33 - [MESSAGE][PASSED] - Text 'Revenue Administration Division' is present on page  using regular expression

2023-09-12 16:28:33 - [TEST_STEP][PASSED] - verifyTextPresent("Payment Information", true): Text 'Payment Information' is present on page  using regular expression

2023-09-12 16:28:34 - [MESSAGE][PASSED] - Text 'Payment Information' is present on page  using regular expression

2023-09-12 16:28:34 - [TEST_STEP][PASSED] - card_Name = getAttribute(findTestObject("Object Repository/RAD_Pages/PaymentEntry_Page/input__billingName"), "value"): Attribute 'value' of object 'Object Repository/RAD_Pages/PaymentEntry_Page/input__billingName' is: ''

2023-09-12 16:28:34 - [MESSAGE][PASSED] - Attribute 'value' of object 'Object Repository/RAD_Pages/PaymentEntry_Page/input__billingName' is: ''

2023-09-12 16:28:34 - [TEST_STEP][PASSED] - verifyMatch("", card_Name, false): Actual text '' and expected text '' are matched 

2023-09-12 16:28:34 - [MESSAGE][PASSED] - Actual text '' and expected text '' are matched 

2023-09-12 16:28:34 - [TEST_STEP][PASSED] - AL1 = getAttribute(findTestObject("Object Repository/RAD_Pages/PaymentEntry_Page/input_billingAddress"), "value"): Attribute 'value' of object 'Object Repository/RAD_Pages/PaymentEntry_Page/input_billingAddress' is: '2508 Mandan Terrace'

2023-09-12 16:28:34 - [MESSAGE][PASSED] - Attribute 'value' of object 'Object Repository/RAD_Pages/PaymentEntry_Page/input_billingAddress' is: '2508 Mandan Terrace'

2023-09-12 16:28:34 - [TEST_STEP][PASSED] - verifyMatch("2508 Mandan Terrace", AL1, false): Actual text '2508 Mandan Terrace' and expected text '2508 Mandan Terrace' are matched 

2023-09-12 16:28:34 - [MESSAGE][PASSED] - Actual text '2508 Mandan Terrace' and expected text '2508 Mandan Terrace' are matched 

2023-09-12 16:28:34 - [TEST_STEP][PASSED] - AL2 = getAttribute(findTestObject("Object Repository/RAD_Pages/PaymentEntry_Page/input_billingAddress2"), "value"): Attribute 'value' of object 'Object Repository/RAD_Pages/PaymentEntry_Page/input_billingAddress2' is: ''

2023-09-12 16:28:35 - [MESSAGE][PASSED] - Attribute 'value' of object 'Object Repository/RAD_Pages/PaymentEntry_Page/input_billingAddress2' is: ''

2023-09-12 16:28:35 - [TEST_STEP][PASSED] - verifyMatch("", AL2, false): Actual text '' and expected text '' are matched 

2023-09-12 16:28:35 - [MESSAGE][PASSED] - Actual text '' and expected text '' are matched 

2023-09-12 16:28:35 - [TEST_STEP][PASSED] - zipCode = getAttribute(findTestObject("Object Repository/RAD_Pages/PaymentEntry_Page/input_billingZip"), "value"): Attribute 'value' of object 'Object Repository/RAD_Pages/PaymentEntry_Page/input_billingZip' is: '21054'

2023-09-12 16:28:35 - [MESSAGE][PASSED] - Attribute 'value' of object 'Object Repository/RAD_Pages/PaymentEntry_Page/input_billingZip' is: '21054'

2023-09-12 16:28:35 - [TEST_STEP][PASSED] - verifyMatch("21054", zipCode, false): Actual text '21054' and expected text '21054' are matched 

2023-09-12 16:28:35 - [MESSAGE][PASSED] - Actual text '21054' and expected text '21054' are matched 

2023-09-12 16:28:35 - [TEST_STEP][PASSED] - city = getAttribute(findTestObject("Object Repository/RAD_Pages/PaymentEntry_Page/input_billingCity"), "value"): Attribute 'value' of object 'Object Repository/RAD_Pages/PaymentEntry_Page/input_billingCity' is: 'GAMBRILLS'

2023-09-12 16:28:35 - [MESSAGE][PASSED] - Attribute 'value' of object 'Object Repository/RAD_Pages/PaymentEntry_Page/input_billingCity' is: 'GAMBRILLS'

2023-09-12 16:28:35 - [TEST_STEP][PASSED] - verifyMatch("GAMBRILLS", city, false): Actual text 'GAMBRILLS' and expected text 'GAMBRILLS' are matched 

2023-09-12 16:28:35 - [MESSAGE][PASSED] - Actual text 'GAMBRILLS' and expected text 'GAMBRILLS' are matched 

2023-09-12 16:28:35 - [TEST_STEP][PASSED] - email = getAttribute(findTestObject("Object Repository/RAD_Pages/PaymentEntry_Page/input_emailAddress"), "value"): Attribute 'value' of object 'Object Repository/RAD_Pages/PaymentEntry_Page/input_emailAddress' is: 'iahmed@govolution.com'

2023-09-12 16:28:36 - [MESSAGE][PASSED] - Attribute 'value' of object 'Object Repository/RAD_Pages/PaymentEntry_Page/input_emailAddress' is: 'iahmed@govolution.com'

2023-09-12 16:28:36 - [TEST_STEP][PASSED] - verifyMatch("iahmed@govolution.com", email, false): Actual text 'iahmed@govolution.com' and expected text 'iahmed@govolution.com' are matched 

2023-09-12 16:28:36 - [MESSAGE][PASSED] - Actual text 'iahmed@govolution.com' and expected text 'iahmed@govolution.com' are matched 

2023-09-12 16:28:36 - [TEST_STEP][PASSED] - amount = getAttribute(findTestObject("Object Repository/RAD_Pages/PaymentEntry_Page/input_amount"), "value"): Attribute 'value' of object 'Object Repository/RAD_Pages/PaymentEntry_Page/input_amount' is: '100.00'

2023-09-12 16:28:36 - [MESSAGE][PASSED] - Attribute 'value' of object 'Object Repository/RAD_Pages/PaymentEntry_Page/input_amount' is: '100.00'

2023-09-12 16:28:36 - [TEST_STEP][PASSED] - verifyMatch("100.00", amount, false): Actual text '100.00' and expected text '100.00' are matched 

2023-09-12 16:28:36 - [MESSAGE][PASSED] - Actual text '100.00' and expected text '100.00' are matched 

2023-09-12 16:28:36 - [TEST_STEP][PASSED] - amountReadOnly = getAttribute(findTestObject("Object Repository/RAD_Pages/PaymentEntry_Page/input_amount"), "readonly"): Attribute 'readonly' of object 'Object Repository/RAD_Pages/PaymentEntry_Page/input_amount' is: 'true'

2023-09-12 16:28:36 - [MESSAGE][PASSED] - Attribute 'readonly' of object 'Object Repository/RAD_Pages/PaymentEntry_Page/input_amount' is: 'true'

2023-09-12 16:28:36 - [TEST_STEP][PASSED] - verifyMatch("true", amountReadOnly, false): Actual text 'true' and expected text 'true' are matched 

2023-09-12 16:28:36 - [MESSAGE][PASSED] - Actual text 'true' and expected text 'true' are matched 

2023-09-12 16:28:36 - [TEST_STEP][PASSED] - verifyOptionSelectedByLabel(findTestObject("Object Repository/RAD_Pages/PaymentEntry_Page/select_Country"), "United States", false, 20): All options with label 'United States' are selected in object 'Object Repository/RAD_Pages/PaymentEntry_Page/select_Country' 

2023-09-12 16:28:38 - [MESSAGE][PASSED] - All options with label 'United States' are selected in object 'Object Repository/RAD_Pages/PaymentEntry_Page/select_Country' 

2023-09-12 16:28:38 - [TEST_STEP][PASSED] - verifyOptionSelectedByLabel(findTestObject("Object Repository/RAD_Pages/PaymentEntry_Page/select_State"), "Maryland", false, 20): All options with label 'Maryland' are selected in object 'Object Repository/RAD_Pages/PaymentEntry_Page/select_State' 

2023-09-12 16:28:40 - [MESSAGE][PASSED] - All options with label 'Maryland' are selected in object 'Object Repository/RAD_Pages/PaymentEntry_Page/select_State' 

2023-09-12 16:28:40 - [TEST_STEP][PASSED] - setText(findTestObject("Object Repository/RAD_Pages/PaymentEntry_Page/input__billingName"), "Anthony Gonzalez"): Text 'Anthony Gonzalez' is set on object 'Object Repository/RAD_Pages/PaymentEntry_Page/input__billingName'

2023-09-12 16:28:41 - [MESSAGE][PASSED] - Text 'Anthony Gonzalez' is set on object 'Object Repository/RAD_Pages/PaymentEntry_Page/input__billingName'

2023-09-12 16:28:41 - [TEST_STEP][PASSED] - setText(findTestObject(orPath_PaymentEntry + "/input__cardNumber"), "4111111111111111"): Text '4111111111111111' is set on object 'Object Repository/RAD_Pages/PaymentEntry_Page/input__cardNumber'

2023-09-12 16:28:42 - [MESSAGE][PASSED] - Text '4111111111111111' is set on object 'Object Repository/RAD_Pages/PaymentEntry_Page/input__cardNumber'

2023-09-12 16:28:42 - [TEST_STEP][PASSED] - setText(findTestObject(orPath_PaymentEntry + "/input__spc"), "123"): Text '123' is set on object 'Object Repository/RAD_Pages/PaymentEntry_Page/input__spc'

2023-09-12 16:28:42 - [MESSAGE][PASSED] - Text '123' is set on object 'Object Repository/RAD_Pages/PaymentEntry_Page/input__spc'

2023-09-12 16:28:42 - [TEST_STEP][PASSED] - selectOptionByLabel(findTestObject(orPath_PaymentEntry + "/select_MM"), "12", false): All options with label '12' are selected in object 'Object Repository/RAD_Pages/PaymentEntry_Page/select_MM' 

2023-09-12 16:28:43 - [MESSAGE][PASSED] - All options with label '12' are selected in object 'Object Repository/RAD_Pages/PaymentEntry_Page/select_MM' 

2023-09-12 16:28:43 - [TEST_STEP][PASSED] - selectOptionByLabel(findTestObject(orPath_PaymentEntry + "/select_YYYY"), "2028", false): All options with label '2028' are selected in object 'Object Repository/RAD_Pages/PaymentEntry_Page/select_YYYY' 

2023-09-12 16:28:44 - [MESSAGE][PASSED] - All options with label '2028' are selected in object 'Object Repository/RAD_Pages/PaymentEntry_Page/select_YYYY' 

2023-09-12 16:28:44 - [TEST_STEP][PASSED] - click(findTestObject(orPath_PaymentEntry + "/input_Field_ccSubmit")): Object: 'Object Repository/RAD_Pages/PaymentEntry_Page/input_Field_ccSubmit' is clicked on

2023-09-12 16:28:45 - [MESSAGE][PASSED] - Object: 'Object Repository/RAD_Pages/PaymentEntry_Page/input_Field_ccSubmit' is clicked on

2023-09-12 16:28:45 - [TEST_STEP][PASSED] - click(findTestObject(orPath_PaymentConfirmation + "/input_N_confirmNotifyAction")): Object: 'Object Repository/RAD_Pages/PaymentConfirmation_Page/input_N_confirmNotifyAction' is clicked on

2023-09-12 16:28:46 - [MESSAGE][PASSED] - Object: 'Object Repository/RAD_Pages/PaymentConfirmation_Page/input_N_confirmNotifyAction' is clicked on

2023-09-12 16:28:46 - [TEST_STEP][PASSED] - verifyTextPresent("Service Fee Acceptance", true): Text 'Service Fee Acceptance' is present on page  using regular expression

2023-09-12 16:28:47 - [MESSAGE][PASSED] - Text 'Service Fee Acceptance' is present on page  using regular expression

2023-09-12 16:28:47 - [TEST_STEP][PASSED] - verifyTextPresent("This transaction is subject to a Service Fee of ", true): Text 'This transaction is subject to a Service Fee of ' is present on page  using regular expression

2023-09-12 16:28:47 - [MESSAGE][PASSED] - Text 'This transaction is subject to a Service Fee of ' is present on page  using regular expression

2023-09-12 16:28:47 - [TEST_STEP][PASSED] - verifyTextPresent("Payment Amount:", true): Text 'Payment Amount:' is present on page  using regular expression

2023-09-12 16:28:48 - [MESSAGE][PASSED] - Text 'Payment Amount:' is present on page  using regular expression

2023-09-12 16:28:48 - [TEST_STEP][PASSED] - verifyTextPresent("100.00", true): Text '100.00' is present on page  using regular expression

2023-09-12 16:28:48 - [MESSAGE][PASSED] - Text '100.00' is present on page  using regular expression

2023-09-12 16:28:48 - [TEST_STEP][PASSED] - verifyTextPresent("Service Fee:", true): Text 'Service Fee:' is present on page  using regular expression

2023-09-12 16:28:48 - [MESSAGE][PASSED] - Text 'Service Fee:' is present on page  using regular expression

2023-09-12 16:28:48 - [TEST_STEP][PASSED] - verifyTextPresent("2.45", true): Text '2.45' is present on page  using regular expression

2023-09-12 16:28:48 - [MESSAGE][PASSED] - Text '2.45' is present on page  using regular expression

2023-09-12 16:28:48 - [TEST_STEP][PASSED] - verifyTextPresent("Total Amount:", true): Text 'Total Amount:' is present on page  using regular expression

2023-09-12 16:28:49 - [MESSAGE][PASSED] - Text 'Total Amount:' is present on page  using regular expression

2023-09-12 16:28:49 - [TEST_STEP][PASSED] - verifyTextPresent("102.45", true): Text '102.45' is present on page  using regular expression

2023-09-12 16:28:49 - [MESSAGE][PASSED] - Text '102.45' is present on page  using regular expression

2023-09-12 16:28:49 - [TEST_STEP][PASSED] - verifyTextPresent("Two transactions will appear on your bank statement, one in the amount of", true): Text 'Two transactions will appear on your bank statement, one in the amount of' is present on page  using regular expression

2023-09-12 16:28:49 - [MESSAGE][PASSED] - Text 'Two transactions will appear on your bank statement, one in the amount of' is present on page  using regular expression

2023-09-12 16:28:49 - [TEST_STEP][PASSED] - verifyElementPresent(findTestObject(orPath_ServiceFeesAccept + "/input_convFeeNotifyAction"), 30): Object 'Object Repository/RAD_Pages/ServiceFeeAccept_Page/input_convFeeNotifyAction' is present

2023-09-12 16:28:50 - [MESSAGE][PASSED] - Object 'Object Repository/RAD_Pages/ServiceFeeAccept_Page/input_convFeeNotifyAction' is present

2023-09-12 16:28:50 - [TEST_STEP][PASSED] - ExecuteTC = findTestData(dataFile).getValue("Execute", row): null

2023-09-12 16:28:50 - [TEST_STEP][PASSED] - TaxType = findTestData(dataFile).getValue("TaxType", row): null

2023-09-12 16:28:50 - [TEST_STEP][PASSED] - PaymentType = findTestData(dataFile).getValue("PaymentType", row): null

2023-09-12 16:28:50 - [TEST_STEP][PASSED] - FilingYear = findTestData(dataFile).getValue("Year", row): null

2023-09-12 16:28:50 - [TEST_STEP][PASSED] - PeriodEndingMonth = findTestData(dataFile).getValue("Month", row): null

2023-09-12 16:28:50 - [TEST_STEP][FAILED] - if (ExecuteTC.equalsIgnoreCase("Y")): null

2023-09-12 16:28:50 - [TEST_STEP][PASSED] - out.println("Begin Record Number: " + row): null

2023-09-12 16:28:50 - [TEST_STEP][PASSED] - today = new java.util.Date(): null

2023-09-12 16:28:50 - [TEST_STEP][PASSED] - println(today): null

2023-09-12 16:28:50 - [TEST_STEP][PASSED] - datText = today: null

2023-09-12 16:28:50 - [TEST_STEP][PASSED] - logInfo("Payment Type: Quarterly Estimated Tax"): Payment Type: Quarterly Estimated Tax

2023-09-12 16:28:50 - [MESSAGE][INFO] - Payment Type: Quarterly Estimated Tax

2023-09-12 16:28:50 - [TEST_STEP][PASSED] - logInfo("Tax Type: " + TaxType): Tax Type: PTE Non-Electing Non-S Corp

2023-09-12 16:28:50 - [MESSAGE][INFO] - Tax Type: PTE Non-Electing Non-S Corp

2023-09-12 16:28:50 - [TEST_STEP][PASSED] - openBrowser(""): Browser is opened with url: ''

2023-09-12 16:28:50 - [MESSAGE][WARNING] - A browser is already opened. Closing browser and opening a new one

2023-09-12 16:28:51 - [MESSAGE][INFO] - Starting 'Chrome' driver

2023-09-12 16:28:51 - [MESSAGE][INFO] - User set preference: ['acceptInsecureCerts', 'true']

2023-09-12 16:28:51 - [MESSAGE][INFO] - Action delay is set to 0 milliseconds

2023-09-12 16:28:52 - [MESSAGE][PASSED] - Browser is opened with url: ''

2023-09-12 16:28:52 - [TEST_STEP][PASSED] - maximizeWindow(): Current window maximized

2023-09-12 16:28:52 - [MESSAGE][PASSED] - Current window maximized

2023-09-12 16:28:52 - [TEST_STEP][PASSED] - navigateToUrl(RADurl): Navigate to 'https://demo.velocitypayment.com/client/rad/index.html' successfully

2023-09-12 16:28:54 - [MESSAGE][PASSED] - Navigate to 'https://demo.velocitypayment.com/client/rad/index.html' successfully

2023-09-12 16:28:54 - [TEST_STEP][PASSED] - selectOptionByLabel(findTestObject(orPath_Landing + "/dd_TaxType"), "Extension Payments", false): All options with label 'Extension Payments' are selected in object 'Object Repository/RAD_Pages/Landing_Page/dd_TaxType' 

2023-09-12 16:28:55 - [MESSAGE][PASSED] - All options with label 'Extension Payments' are selected in object 'Object Repository/RAD_Pages/Landing_Page/dd_TaxType' 

2023-09-12 16:28:55 - [TEST_STEP][PASSED] - selectOptionByLabel(findTestObject(orPath_TaxTypeFilingYear + "/select_PaymentType"), TaxType, false): All options with label 'PTE Non-Electing Non-S Corp' are selected in object 'Object Repository/RAD_Pages/TaxTypeFilingYear_Page/select_PaymentType' 

2023-09-12 16:28:55 - [MESSAGE][PASSED] - All options with label 'PTE Non-Electing Non-S Corp' are selected in object 'Object Repository/RAD_Pages/TaxTypeFilingYear_Page/select_PaymentType' 

2023-09-12 16:28:55 - [TEST_STEP][PASSED] - selectOptionByLabel(findTestObject(orPath_TaxTypeFilingYear + "/select_FilingYear"), FilingYear, false): All options with label '2022' are selected in object 'Object Repository/RAD_Pages/TaxTypeFilingYear_Page/select_FilingYear' 

2023-09-12 16:28:56 - [MESSAGE][PASSED] - All options with label '2022' are selected in object 'Object Repository/RAD_Pages/TaxTypeFilingYear_Page/select_FilingYear' 

2023-09-12 16:28:56 - [TEST_STEP][PASSED] - switch (TaxType): null

2023-09-12 16:28:56 - [TEST_STEP][PASSED] - rad.getSetDataRAD.setDataRADBusinessName(): rad.getSetDataRAD.setDataRADBusinessName is PASSED

2023-09-12 16:28:57 - [MESSAGE][PASSED] - Text 'My Company' is set on object 'Object Repository/RAD_Pages/Taxpayer_Page/input_businessName'

2023-09-12 16:28:57 - [MESSAGE][PASSED] - rad.getSetDataRAD.setDataRADBusinessName is PASSED

2023-09-12 16:28:57 - [TEST_STEP][PASSED] - rad.getSetDataRAD.setDataRADAddress(): rad.getSetDataRAD.setDataRADAddress is PASSED

2023-09-12 16:28:59 - [MESSAGE][PASSED] - All options with label 'United States' are selected in object 'Object Repository/RAD_Pages/AddressAndContactInfo_Page/select_Country' 

2023-09-12 16:28:59 - [MESSAGE][PASSED] - Text '2508 Mandan Terrace' is set on object 'Object Repository/RAD_Pages/AddressAndContactInfo_Page/input_streetAddress1'

2023-09-12 16:29:00 - [MESSAGE][PASSED] - Text '' is set on object 'Object Repository/RAD_Pages/AddressAndContactInfo_Page/input_streetAddress2'

2023-09-12 16:29:01 - [MESSAGE][PASSED] - Text 'Gambrills' is set on object 'Object Repository/RAD_Pages/AddressAndContactInfo_Page/input_city'

2023-09-12 16:29:02 - [MESSAGE][PASSED] - All options with label 'Maryland' are selected in object 'Object Repository/RAD_Pages/AddressAndContactInfo_Page/select_State' 

2023-09-12 16:29:03 - [MESSAGE][PASSED] - Text '21054' is set on object 'Object Repository/RAD_Pages/AddressAndContactInfo_Page/input_zipCode'

2023-09-12 16:29:04 - [MESSAGE][PASSED] - Text '(703) 894-5000' is set on object 'Object Repository/RAD_Pages/AddressAndContactInfo_Page/input_phoneNumber'

2023-09-12 16:29:05 - [MESSAGE][PASSED] - Text 'iahmed@govolution.com' is set on object 'Object Repository/RAD_Pages/AddressAndContactInfo_Page/input_eMailAddress'

2023-09-12 16:29:06 - [MESSAGE][PASSED] - Text 'iahmed@govolution.com' is set on object 'Object Repository/RAD_Pages/AddressAndContactInfo_Page/input_reEnterEMailAddress'

2023-09-12 16:29:06 - [MESSAGE][PASSED] - rad.getSetDataRAD.setDataRADAddress is PASSED

2023-09-12 16:29:06 - [TEST_STEP][PASSED] - rad.getSetDataRAD.setDataRADFEIN(): rad.getSetDataRAD.setDataRADFEIN is PASSED

2023-09-12 16:29:06 - [MESSAGE][PASSED] - Text ****** has been set on object 'Object Repository/RAD_Pages/TaxInfo_Page/input_FederalEIN'

2023-09-12 16:29:07 - [MESSAGE][PASSED] - Text ****** has been set on object 'Object Repository/RAD_Pages/TaxInfo_Page/input_FederalEIN_ReEnter'

2023-09-12 16:29:07 - [MESSAGE][PASSED] - rad.getSetDataRAD.setDataRADFEIN is PASSED

2023-09-12 16:29:07 - [TEST_STEP][PASSED] - setText(findTestObject(orPath_Amount + "/input__paymentAmount"), "100.00"): Text '100.00' is set on object 'Object Repository/RAD_Pages/PaymentAmount_Page/input__paymentAmount'

2023-09-12 16:29:08 - [MESSAGE][PASSED] - Text '100.00' is set on object 'Object Repository/RAD_Pages/PaymentAmount_Page/input__paymentAmount'

2023-09-12 16:29:08 - [TEST_STEP][PASSED] - setText(findTestObject(orPath_AddressContact + "/input_streetAddress2"), ""): Text '' is set on object 'Object Repository/RAD_Pages/AddressAndContactInfo_Page/input_streetAddress2'

2023-09-12 16:29:09 - [MESSAGE][PASSED] - Text '' is set on object 'Object Repository/RAD_Pages/AddressAndContactInfo_Page/input_streetAddress2'

2023-09-12 16:29:09 - [TEST_STEP][PASSED] - scrollToElement(findTestObject(orPath_Landing + "/button_Continue"), 3): Scroll to object 'Object Repository/RAD_Pages/Landing_Page/button_Continue' successfully

2023-09-12 16:29:09 - [MESSAGE][PASSED] - Scroll to object 'Object Repository/RAD_Pages/Landing_Page/button_Continue' successfully

2023-09-12 16:29:09 - [TEST_STEP][PASSED] - waitForElementClickable(findTestObject(orPath_Landing + "/button_Continue"), 5): Object 'Object Repository/RAD_Pages/Landing_Page/button_Continue' is clickable

2023-09-12 16:29:09 - [MESSAGE][PASSED] - Object 'Object Repository/RAD_Pages/Landing_Page/button_Continue' is clickable

2023-09-12 16:29:09 - [TEST_STEP][PASSED] - click(findTestObject(orPath_Landing + "/button_Continue")): Object: 'Object Repository/RAD_Pages/Landing_Page/button_Continue' is clicked on

2023-09-12 16:29:10 - [MESSAGE][PASSED] - Object: 'Object Repository/RAD_Pages/Landing_Page/button_Continue' is clicked on

2023-09-12 16:29:10 - [TEST_STEP][PASSED] - delay(2): Delayed 2 second(s)

2023-09-12 16:29:12 - [MESSAGE][PASSED] - Delayed 2 second(s)

2023-09-12 16:29:12 - [TEST_STEP][PASSED] - verifyTextPresent("Summary", true): Text 'Summary' is present on page  using regular expression

2023-09-12 16:29:12 - [MESSAGE][PASSED] - Text 'Summary' is present on page  using regular expression

2023-09-12 16:29:12 - [TEST_STEP][PASSED] - verifyTextPresent("Review the information below and make any necessary corrections by clicking the", true): Text 'Review the information below and make any necessary corrections by clicking the' is present on page  using regular expression

2023-09-12 16:29:13 - [MESSAGE][PASSED] - Text 'Review the information below and make any necessary corrections by clicking the' is present on page  using regular expression

2023-09-12 16:29:13 - [TEST_STEP][PASSED] - verifyTextPresent("When you are confident that all the information is correct, click the", true): Text 'When you are confident that all the information is correct, click the' is present on page  using regular expression

2023-09-12 16:29:13 - [MESSAGE][PASSED] - Text 'When you are confident that all the information is correct, click the' is present on page  using regular expression

2023-09-12 16:29:13 - [TEST_STEP][PASSED] - verifyTextPresent("Payment Type/Filing Year", true): Text 'Payment Type/Filing Year' is present on page  using regular expression

2023-09-12 16:29:13 - [MESSAGE][PASSED] - Text 'Payment Type/Filing Year' is present on page  using regular expression

2023-09-12 16:29:13 - [TEST_STEP][PASSED] - verifyTextPresent("Payment Type:", true): Text 'Payment Type:' is present on page  using regular expression

2023-09-12 16:29:14 - [MESSAGE][PASSED] - Text 'Payment Type:' is present on page  using regular expression

2023-09-12 16:29:14 - [TEST_STEP][PASSED] - verifyTextPresent("Extension Payments", true): Text 'Extension Payments' is present on page  using regular expression

2023-09-12 16:29:14 - [MESSAGE][PASSED] - Text 'Extension Payments' is present on page  using regular expression

2023-09-12 16:29:14 - [TEST_STEP][PASSED] - verifyTextPresent("Filing Year:", true): Text 'Filing Year:' is present on page  using regular expression

2023-09-12 16:29:14 - [MESSAGE][PASSED] - Text 'Filing Year:' is present on page  using regular expression

2023-09-12 16:29:14 - [TEST_STEP][PASSED] - verifyTextPresent(FilingYear, true): Text '2022' is present on page  using regular expression

2023-09-12 16:29:15 - [MESSAGE][PASSED] - Text '2022' is present on page  using regular expression

2023-09-12 16:29:15 - [TEST_STEP][PASSED] - switch (TaxType): null

2023-09-12 16:29:15 - [TEST_STEP][PASSED] - verifyTextPresent("Payer Information", true): Text 'Payer Information' is present on page  using regular expression

2023-09-12 16:29:15 - [MESSAGE][PASSED] - Text 'Payer Information' is present on page  using regular expression

2023-09-12 16:29:15 - [TEST_STEP][PASSED] - verifyTextPresent("Taxpayer Name:", true): Text 'Taxpayer Name:' is present on page  using regular expression

2023-09-12 16:29:15 - [MESSAGE][PASSED] - Text 'Taxpayer Name:' is present on page  using regular expression

2023-09-12 16:29:15 - [TEST_STEP][PASSED] - verifyTextPresent("My Company", true): Text 'My Company' is present on page  using regular expression

2023-09-12 16:29:16 - [MESSAGE][PASSED] - Text 'My Company' is present on page  using regular expression

2023-09-12 16:29:16 - [TEST_STEP][PASSED] - verifyTextPresent("Taxpayer Address:", true): Text 'Taxpayer Address:' is present on page  using regular expression

2023-09-12 16:29:16 - [MESSAGE][PASSED] - Text 'Taxpayer Address:' is present on page  using regular expression

2023-09-12 16:29:16 - [TEST_STEP][PASSED] - verifyTextPresent("2508 Mandan Terrace Gambrills Maryland 21054", true): Text '2508 Mandan Terrace Gambrills Maryland 21054' is present on page  using regular expression

2023-09-12 16:29:17 - [MESSAGE][PASSED] - Text '2508 Mandan Terrace Gambrills Maryland 21054' is present on page  using regular expression

2023-09-12 16:29:17 - [TEST_STEP][PASSED] - verifyTextPresent("Email:", true): Text 'Email:' is present on page  using regular expression

2023-09-12 16:29:17 - [MESSAGE][PASSED] - Text 'Email:' is present on page  using regular expression

2023-09-12 16:29:17 - [TEST_STEP][PASSED] - verifyTextPresent("iahmed@govolution.com", true): Text 'iahmed@govolution.com' is present on page  using regular expression

2023-09-12 16:29:17 - [MESSAGE][PASSED] - Text 'iahmed@govolution.com' is present on page  using regular expression

2023-09-12 16:29:17 - [TEST_STEP][PASSED] - verifyTextPresent("Phone:", true): Text 'Phone:' is present on page  using regular expression

2023-09-12 16:29:18 - [MESSAGE][PASSED] - Text 'Phone:' is present on page  using regular expression

2023-09-12 16:29:18 - [TEST_STEP][PASSED] - verifyTextPresent("(703) 894-5000", false): Text '(703) 894-5000' is present on page 

2023-09-12 16:29:18 - [MESSAGE][PASSED] - Text '(703) 894-5000' is present on page 

2023-09-12 16:29:18 - [TEST_STEP][PASSED] - verifyTextPresent("Tax Information", true): Text 'Tax Information' is present on page  using regular expression

2023-09-12 16:29:18 - [MESSAGE][PASSED] - Text 'Tax Information' is present on page  using regular expression

2023-09-12 16:29:18 - [TEST_STEP][PASSED] - verifyTextPresent("Federal EIN:", true): Text 'Federal EIN:' is present on page  using regular expression

2023-09-12 16:29:19 - [MESSAGE][PASSED] - Text 'Federal EIN:' is present on page  using regular expression

2023-09-12 16:29:19 - [TEST_STEP][PASSED] - verifyTextPresent("Payment Amount:", true): Text 'Payment Amount:' is present on page  using regular expression

2023-09-12 16:29:19 - [MESSAGE][PASSED] - Text 'Payment Amount:' is present on page  using regular expression

2023-09-12 16:29:19 - [TEST_STEP][PASSED] - verifyTextPresent("100.00", true): Text '100.00' is present on page  using regular expression

2023-09-12 16:29:20 - [MESSAGE][PASSED] - Text '100.00' is present on page  using regular expression

2023-09-12 16:29:20 - [TEST_STEP][PASSED] - click(findTestObject(orPath_Summary + "/button_Proceed to Payment")): Object: 'Object Repository/RAD_Pages/Summary_Page/button_Proceed to Payment' is clicked on

2023-09-12 16:29:21 - [MESSAGE][PASSED] - Object: 'Object Repository/RAD_Pages/Summary_Page/button_Proceed to Payment' is clicked on

2023-09-12 16:29:21 - [TEST_STEP][PASSED] - verifyTextPresent("Comptroller of Maryland", true): Text 'Comptroller of Maryland' is present on page  using regular expression

2023-09-12 16:29:21 - [MESSAGE][PASSED] - Text 'Comptroller of Maryland' is present on page  using regular expression

2023-09-12 16:29:21 - [TEST_STEP][PASSED] - verifyTextPresent("Revenue Administration Division", true): Text 'Revenue Administration Division' is present on page  using regular expression

2023-09-12 16:29:22 - [MESSAGE][PASSED] - Text 'Revenue Administration Division' is present on page  using regular expression

2023-09-12 16:29:22 - [TEST_STEP][PASSED] - verifyTextPresent("Payment Information", true): Text 'Payment Information' is present on page  using regular expression

2023-09-12 16:29:22 - [MESSAGE][PASSED] - Text 'Payment Information' is present on page  using regular expression

2023-09-12 16:29:22 - [TEST_STEP][PASSED] - card_Name = getAttribute(findTestObject("Object Repository/RAD_Pages/PaymentEntry_Page/input__billingName"), "value"): Attribute 'value' of object 'Object Repository/RAD_Pages/PaymentEntry_Page/input__billingName' is: ''

2023-09-12 16:29:22 - [MESSAGE][PASSED] - Attribute 'value' of object 'Object Repository/RAD_Pages/PaymentEntry_Page/input__billingName' is: ''

2023-09-12 16:29:22 - [TEST_STEP][PASSED] - verifyMatch("", card_Name, false): Actual text '' and expected text '' are matched 

2023-09-12 16:29:22 - [MESSAGE][PASSED] - Actual text '' and expected text '' are matched 

2023-09-12 16:29:22 - [TEST_STEP][PASSED] - AL1 = getAttribute(findTestObject("Object Repository/RAD_Pages/PaymentEntry_Page/input_billingAddress"), "value"): Attribute 'value' of object 'Object Repository/RAD_Pages/PaymentEntry_Page/input_billingAddress' is: '2508 Mandan Terrace'

2023-09-12 16:29:23 - [MESSAGE][PASSED] - Attribute 'value' of object 'Object Repository/RAD_Pages/PaymentEntry_Page/input_billingAddress' is: '2508 Mandan Terrace'

2023-09-12 16:29:23 - [TEST_STEP][PASSED] - verifyMatch("2508 Mandan Terrace", AL1, false): Actual text '2508 Mandan Terrace' and expected text '2508 Mandan Terrace' are matched 

2023-09-12 16:29:23 - [MESSAGE][PASSED] - Actual text '2508 Mandan Terrace' and expected text '2508 Mandan Terrace' are matched 

2023-09-12 16:29:23 - [TEST_STEP][PASSED] - AL2 = getAttribute(findTestObject("Object Repository/RAD_Pages/PaymentEntry_Page/input_billingAddress2"), "value"): Attribute 'value' of object 'Object Repository/RAD_Pages/PaymentEntry_Page/input_billingAddress2' is: ''

2023-09-12 16:29:23 - [MESSAGE][PASSED] - Attribute 'value' of object 'Object Repository/RAD_Pages/PaymentEntry_Page/input_billingAddress2' is: ''

2023-09-12 16:29:23 - [TEST_STEP][PASSED] - verifyMatch("", AL2, false): Actual text '' and expected text '' are matched 

2023-09-12 16:29:23 - [MESSAGE][PASSED] - Actual text '' and expected text '' are matched 

2023-09-12 16:29:23 - [TEST_STEP][PASSED] - zipCode = getAttribute(findTestObject("Object Repository/RAD_Pages/PaymentEntry_Page/input_billingZip"), "value"): Attribute 'value' of object 'Object Repository/RAD_Pages/PaymentEntry_Page/input_billingZip' is: '21054'

2023-09-12 16:29:23 - [MESSAGE][PASSED] - Attribute 'value' of object 'Object Repository/RAD_Pages/PaymentEntry_Page/input_billingZip' is: '21054'

2023-09-12 16:29:23 - [TEST_STEP][PASSED] - verifyMatch("21054", zipCode, false): Actual text '21054' and expected text '21054' are matched 

2023-09-12 16:29:23 - [MESSAGE][PASSED] - Actual text '21054' and expected text '21054' are matched 

2023-09-12 16:29:23 - [TEST_STEP][PASSED] - city = getAttribute(findTestObject("Object Repository/RAD_Pages/PaymentEntry_Page/input_billingCity"), "value"): Attribute 'value' of object 'Object Repository/RAD_Pages/PaymentEntry_Page/input_billingCity' is: 'GAMBRILLS'

2023-09-12 16:29:24 - [MESSAGE][PASSED] - Attribute 'value' of object 'Object Repository/RAD_Pages/PaymentEntry_Page/input_billingCity' is: 'GAMBRILLS'

2023-09-12 16:29:24 - [TEST_STEP][PASSED] - verifyMatch("GAMBRILLS", city, false): Actual text 'GAMBRILLS' and expected text 'GAMBRILLS' are matched 

2023-09-12 16:29:24 - [MESSAGE][PASSED] - Actual text 'GAMBRILLS' and expected text 'GAMBRILLS' are matched 

2023-09-12 16:29:24 - [TEST_STEP][PASSED] - email = getAttribute(findTestObject("Object Repository/RAD_Pages/PaymentEntry_Page/input_emailAddress"), "value"): Attribute 'value' of object 'Object Repository/RAD_Pages/PaymentEntry_Page/input_emailAddress' is: 'iahmed@govolution.com'

2023-09-12 16:29:24 - [MESSAGE][PASSED] - Attribute 'value' of object 'Object Repository/RAD_Pages/PaymentEntry_Page/input_emailAddress' is: 'iahmed@govolution.com'

2023-09-12 16:29:24 - [TEST_STEP][PASSED] - verifyMatch("iahmed@govolution.com", email, false): Actual text 'iahmed@govolution.com' and expected text 'iahmed@govolution.com' are matched 

2023-09-12 16:29:24 - [MESSAGE][PASSED] - Actual text 'iahmed@govolution.com' and expected text 'iahmed@govolution.com' are matched 

2023-09-12 16:29:24 - [TEST_STEP][PASSED] - amount = getAttribute(findTestObject("Object Repository/RAD_Pages/PaymentEntry_Page/input_amount"), "value"): Attribute 'value' of object 'Object Repository/RAD_Pages/PaymentEntry_Page/input_amount' is: '100.00'

2023-09-12 16:29:24 - [MESSAGE][PASSED] - Attribute 'value' of object 'Object Repository/RAD_Pages/PaymentEntry_Page/input_amount' is: '100.00'

2023-09-12 16:29:24 - [TEST_STEP][PASSED] - verifyMatch("100.00", amount, false): Actual text '100.00' and expected text '100.00' are matched 

2023-09-12 16:29:24 - [MESSAGE][PASSED] - Actual text '100.00' and expected text '100.00' are matched 

2023-09-12 16:29:24 - [TEST_STEP][PASSED] - amountReadOnly = getAttribute(findTestObject("Object Repository/RAD_Pages/PaymentEntry_Page/input_amount"), "readonly"): Attribute 'readonly' of object 'Object Repository/RAD_Pages/PaymentEntry_Page/input_amount' is: 'true'

2023-09-12 16:29:25 - [MESSAGE][PASSED] - Attribute 'readonly' of object 'Object Repository/RAD_Pages/PaymentEntry_Page/input_amount' is: 'true'

2023-09-12 16:29:25 - [TEST_STEP][PASSED] - verifyMatch("true", amountReadOnly, false): Actual text 'true' and expected text 'true' are matched 

2023-09-12 16:29:25 - [MESSAGE][PASSED] - Actual text 'true' and expected text 'true' are matched 

2023-09-12 16:29:25 - [TEST_STEP][PASSED] - verifyOptionSelectedByLabel(findTestObject("Object Repository/RAD_Pages/PaymentEntry_Page/select_Country"), "United States", false, 20): All options with label 'United States' are selected in object 'Object Repository/RAD_Pages/PaymentEntry_Page/select_Country' 

2023-09-12 16:29:26 - [MESSAGE][PASSED] - All options with label 'United States' are selected in object 'Object Repository/RAD_Pages/PaymentEntry_Page/select_Country' 

2023-09-12 16:29:26 - [TEST_STEP][PASSED] - verifyOptionSelectedByLabel(findTestObject("Object Repository/RAD_Pages/PaymentEntry_Page/select_State"), "Maryland", false, 20): All options with label 'Maryland' are selected in object 'Object Repository/RAD_Pages/PaymentEntry_Page/select_State' 

2023-09-12 16:29:28 - [MESSAGE][PASSED] - All options with label 'Maryland' are selected in object 'Object Repository/RAD_Pages/PaymentEntry_Page/select_State' 

2023-09-12 16:29:28 - [TEST_STEP][PASSED] - setText(findTestObject("Object Repository/RAD_Pages/PaymentEntry_Page/input__billingName"), "Anthony Gonzalez"): Text 'Anthony Gonzalez' is set on object 'Object Repository/RAD_Pages/PaymentEntry_Page/input__billingName'

2023-09-12 16:29:29 - [MESSAGE][PASSED] - Text 'Anthony Gonzalez' is set on object 'Object Repository/RAD_Pages/PaymentEntry_Page/input__billingName'

2023-09-12 16:29:29 - [TEST_STEP][PASSED] - setText(findTestObject(orPath_PaymentEntry + "/input__cardNumber"), "4111111111111111"): Text '4111111111111111' is set on object 'Object Repository/RAD_Pages/PaymentEntry_Page/input__cardNumber'

2023-09-12 16:29:30 - [MESSAGE][PASSED] - Text '4111111111111111' is set on object 'Object Repository/RAD_Pages/PaymentEntry_Page/input__cardNumber'

2023-09-12 16:29:30 - [TEST_STEP][FAILED] - setText(findTestObject(orPath_PaymentEntry + "/input__spc"), "123"): Unable to set text '123' of object 'Object Repository/RAD_Pages/PaymentEntry_Page/input__spc' (Root cause: com.kms.katalon.core.exception.StepFailedException: Unable to set text '123' of object 'Object Repository/RAD_Pages/PaymentEntry_Page/input__spc'
	at com.kms.katalon.core.webui.keyword.internal.WebUIKeywordMain.stepFailed(WebUIKeywordMain.groovy:64)
	at com.kms.katalon.core.webui.keyword.internal.WebUIKeywordMain.runKeyword(WebUIKeywordMain.groovy:26)
	at com.kms.katalon.core.webui.keyword.builtin.SetTextKeyword.setText(SetTextKeyword.groovy:66)
	at com.kms.katalon.core.webui.keyword.builtin.SetTextKeyword.execute(SetTextKeyword.groovy:37)
	at com.kms.katalon.core.keyword.internal.KeywordExecutor.executeKeywordForPlatform(KeywordExecutor.groovy:74)
	at com.kms.katalon.core.webui.keyword.WebUiBuiltInKeywords.setText(WebUiBuiltInKeywords.groovy:980)
	at com.kms.katalon.core.webui.keyword.WebUiBuiltInKeywords$setText$3.call(Unknown Source)
	at Extension_BeforePayments_TC.run(Extension_BeforePayments_TC:226)
	at com.kms.katalon.core.main.ScriptEngine.run(ScriptEngine.java:194)
	at com.kms.katalon.core.main.ScriptEngine.runScriptAsRawText(ScriptEngine.java:119)
	at com.kms.katalon.core.main.TestCaseExecutor.runScript(TestCaseExecutor.java:448)
	at com.kms.katalon.core.main.TestCaseExecutor.doExecute(TestCaseExecutor.java:439)
	at com.kms.katalon.core.main.TestCaseExecutor.processExecutionPhase(TestCaseExecutor.java:418)
	at com.kms.katalon.core.main.TestCaseExecutor.accessMainPhase(TestCaseExecutor.java:410)
	at com.kms.katalon.core.main.TestCaseExecutor.execute(TestCaseExecutor.java:285)
	at com.kms.katalon.core.common.CommonExecutor.accessTestCaseMainPhase(CommonExecutor.java:65)
	at com.kms.katalon.core.main.TestSuiteExecutor.accessTestSuiteMainPhase(TestSuiteExecutor.java:148)
	at com.kms.katalon.core.main.TestSuiteExecutor.execute(TestSuiteExecutor.java:106)
	at com.kms.katalon.core.main.TestCaseMain.startTestSuite(TestCaseMain.java:187)
	at com.kms.katalon.core.main.TestCaseMain$startTestSuite$0.call(Unknown Source)
	at TempTestSuite1694550421845.run(TempTestSuite1694550421845.groovy:36)
Caused by: com.kms.katalon.core.webui.exception.WebElementNotFoundException: Web element with id: 'Object Repository/RAD_Pages/PaymentEntry_Page/input__spc' located by '//*[@type = 'text' and @class = 'form-control' and @name = 'spc' and @id = 'spc']' not found
	at com.kms.katalon.core.webui.common.WebUiCommonHelper.findWebElement(WebUiCommonHelper.java:1381)
	at com.kms.katalon.core.webui.keyword.internal.WebUIAbstractKeyword.findWebElement(WebUIAbstractKeyword.groovy:27)
	at com.kms.katalon.core.webui.keyword.internal.WebUIAbstractKeyword.findWebElement(WebUIAbstractKeyword.groovy:26)
	at com.kms.katalon.core.webui.keyword.builtin.SetTextKeyword$_setText_closure1.doCall(SetTextKeyword.groovy:51)
	at com.kms.katalon.core.webui.keyword.builtin.SetTextKeyword$_setText_closure1.call(SetTextKeyword.groovy)
	at com.kms.katalon.core.webui.keyword.internal.WebUIKeywordMain.runKeyword(WebUIKeywordMain.groovy:20)
	at com.kms.katalon.core.webui.keyword.builtin.SetTextKeyword.setText(SetTextKeyword.groovy:66)
	at com.kms.katalon.core.webui.keyword.builtin.SetTextKeyword.execute(SetTextKeyword.groovy:37)
	at com.kms.katalon.core.keyword.internal.KeywordExecutor.executeKeywordForPlatform(KeywordExecutor.groovy:74)
	at com.kms.katalon.core.webui.keyword.WebUiBuiltInKeywords.setText(WebUiBuiltInKeywords.groovy:980)
	at com.kms.katalon.core.webui.keyword.WebUiBuiltInKeywords$setText$3.call(Unknown Source)
	at Script1694549780398.run(Script1694549780398.groovy:226)
	... 13 more
)

2023-09-12 16:30:01 - [MESSAGE][INFO] - Unable to find the element located by 'By.xpath: //*[@type = 'text' and @class = 'form-control' and @name = 'spc' and @id = 'spc']'. Please recheck the objects properties to make sure the desired element is located. 

2023-09-12 16:30:01 - [MESSAGE][WARNING] - [SELF-HEALING] Failed to find element with id 'Object Repository/RAD_Pages/PaymentEntry_Page/input__spc'. Try using Self-healing.

2023-09-12 16:30:02 - [MESSAGE][INFO] - Unable to find the element located by 'By.xpath: //div[4]/div/div/input'. Please recheck the objects properties to make sure the desired element is located. 

2023-09-12 16:30:03 - [MESSAGE][INFO] - Unable to find the element located by 'By.xpath: //input[@id='spc']'. Please recheck the objects properties to make sure the desired element is located. 

2023-09-12 16:30:04 - [MESSAGE][INFO] - [SELF-HEALING] Failed Locator: '//input[@id='spc']'.

2023-09-12 16:30:04 - [MESSAGE][INFO] - [SELF-HEALING] Failed Locator: '//form[@id='process']/div/div/div[4]/div/div/input'.

2023-09-12 16:30:04 - [MESSAGE][INFO] - [SELF-HEALING] Failed Locator: '//div[4]/div/div/input'.

2023-09-12 16:30:04 - [MESSAGE][INFO] - [SELF-HEALING] Failed Locator: '//input[@id='spc']'.

2023-09-12 16:30:05 - [MESSAGE][INFO] - [SELF-HEALING] Failed Locator: '//form[@id='process']/div/div/div[4]/div/div/input'.

2023-09-12 16:30:05 - [MESSAGE][INFO] - [SELF-HEALING] Failed Locator: '//div[4]/div/div/input'.

2023-09-12 16:30:06 - [MESSAGE][INFO] - Unable to find the element located by 'By.cssSelector: #spc'. Please recheck the objects properties to make sure the desired element is located. 

2023-09-12 16:30:06 - [MESSAGE][FAILED] - Unable to set text '123' of object 'Object Repository/RAD_Pages/PaymentEntry_Page/input__spc' (Root cause: com.kms.katalon.core.exception.StepFailedException: Unable to set text '123' of object 'Object Repository/RAD_Pages/PaymentEntry_Page/input__spc'
	at com.kms.katalon.core.webui.keyword.internal.WebUIKeywordMain.stepFailed(WebUIKeywordMain.groovy:64)
	at com.kms.katalon.core.webui.keyword.internal.WebUIKeywordMain.runKeyword(WebUIKeywordMain.groovy:26)
	at com.kms.katalon.core.webui.keyword.builtin.SetTextKeyword.setText(SetTextKeyword.groovy:66)
	at com.kms.katalon.core.webui.keyword.builtin.SetTextKeyword.execute(SetTextKeyword.groovy:37)
	at com.kms.katalon.core.keyword.internal.KeywordExecutor.executeKeywordForPlatform(KeywordExecutor.groovy:74)
	at com.kms.katalon.core.webui.keyword.WebUiBuiltInKeywords.setText(WebUiBuiltInKeywords.groovy:980)
	at com.kms.katalon.core.webui.keyword.WebUiBuiltInKeywords$setText$3.call(Unknown Source)
	at Extension_BeforePayments_TC.run(Extension_BeforePayments_TC:226)
	at com.kms.katalon.core.main.ScriptEngine.run(ScriptEngine.java:194)
	at com.kms.katalon.core.main.ScriptEngine.runScriptAsRawText(ScriptEngine.java:119)
	at com.kms.katalon.core.main.TestCaseExecutor.runScript(TestCaseExecutor.java:448)
	at com.kms.katalon.core.main.TestCaseExecutor.doExecute(TestCaseExecutor.java:439)
	at com.kms.katalon.core.main.TestCaseExecutor.processExecutionPhase(TestCaseExecutor.java:418)
	at com.kms.katalon.core.main.TestCaseExecutor.accessMainPhase(TestCaseExecutor.java:410)
	at com.kms.katalon.core.main.TestCaseExecutor.execute(TestCaseExecutor.java:285)
	at com.kms.katalon.core.common.CommonExecutor.accessTestCaseMainPhase(CommonExecutor.java:65)
	at com.kms.katalon.core.main.TestSuiteExecutor.accessTestSuiteMainPhase(TestSuiteExecutor.java:148)
	at com.kms.katalon.core.main.TestSuiteExecutor.execute(TestSuiteExecutor.java:106)
	at com.kms.katalon.core.main.TestCaseMain.startTestSuite(TestCaseMain.java:187)
	at com.kms.katalon.core.main.TestCaseMain$startTestSuite$0.call(Unknown Source)
	at TempTestSuite1694550421845.run(TempTestSuite1694550421845.groovy:36)
Caused by: com.kms.katalon.core.webui.exception.WebElementNotFoundException: Web element with id: 'Object Repository/RAD_Pages/PaymentEntry_Page/input__spc' located by '//*[@type = 'text' and @class = 'form-control' and @name = 'spc' and @id = 'spc']' not found
	at com.kms.katalon.core.webui.common.WebUiCommonHelper.findWebElement(WebUiCommonHelper.java:1381)
	at com.kms.katalon.core.webui.keyword.internal.WebUIAbstractKeyword.findWebElement(WebUIAbstractKeyword.groovy:27)
	at com.kms.katalon.core.webui.keyword.internal.WebUIAbstractKeyword.findWebElement(WebUIAbstractKeyword.groovy:26)
	at com.kms.katalon.core.webui.keyword.builtin.SetTextKeyword$_setText_closure1.doCall(SetTextKeyword.groovy:51)
	at com.kms.katalon.core.webui.keyword.builtin.SetTextKeyword$_setText_closure1.call(SetTextKeyword.groovy)
	at com.kms.katalon.core.webui.keyword.internal.WebUIKeywordMain.runKeyword(WebUIKeywordMain.groovy:20)
	at com.kms.katalon.core.webui.keyword.builtin.SetTextKeyword.setText(SetTextKeyword.groovy:66)
	at com.kms.katalon.core.webui.keyword.builtin.SetTextKeyword.execute(SetTextKeyword.groovy:37)
	at com.kms.katalon.core.keyword.internal.KeywordExecutor.executeKeywordForPlatform(KeywordExecutor.groovy:74)
	at com.kms.katalon.core.webui.keyword.WebUiBuiltInKeywords.setText(WebUiBuiltInKeywords.groovy:980)
	at com.kms.katalon.core.webui.keyword.WebUiBuiltInKeywords$setText$3.call(Unknown Source)
	at Script1694549780398.run(Script1694549780398.groovy:226)
	... 13 more
)
[[ATTACHMENT|E:\\Cloned-Project-Katalon\\VPS-Katalon\\Reports\\20230912_162701\\Temp\\20230912_162701\\1694550606534.png]]

2023-09-12 16:30:06 - [TEST_STEP][PASSED] - selectOptionByLabel(findTestObject(orPath_PaymentEntry + "/select_MM"), "12", false): All options with label '12' are selected in object 'Object Repository/RAD_Pages/PaymentEntry_Page/select_MM' 

2023-09-12 16:30:07 - [MESSAGE][PASSED] - All options with label '12' are selected in object 'Object Repository/RAD_Pages/PaymentEntry_Page/select_MM' 

2023-09-12 16:30:07 - [TEST_STEP][PASSED] - selectOptionByLabel(findTestObject(orPath_PaymentEntry + "/select_YYYY"), "2028", false): All options with label '2028' are selected in object 'Object Repository/RAD_Pages/PaymentEntry_Page/select_YYYY' 

2023-09-12 16:30:08 - [MESSAGE][PASSED] - All options with label '2028' are selected in object 'Object Repository/RAD_Pages/PaymentEntry_Page/select_YYYY' 

2023-09-12 16:30:08 - [TEST_STEP][PASSED] - click(findTestObject(orPath_PaymentEntry + "/input_Field_ccSubmit")): Object: 'Object Repository/RAD_Pages/PaymentEntry_Page/input_Field_ccSubmit' is clicked on

2023-09-12 16:30:09 - [MESSAGE][PASSED] - Object: 'Object Repository/RAD_Pages/PaymentEntry_Page/input_Field_ccSubmit' is clicked on

2023-09-12 16:30:09 - [TEST_STEP][PASSED] - click(findTestObject(orPath_PaymentConfirmation + "/input_N_confirmNotifyAction")): Object: 'Object Repository/RAD_Pages/PaymentConfirmation_Page/input_N_confirmNotifyAction' is clicked on

2023-09-12 16:30:09 - [MESSAGE][PASSED] - Object: 'Object Repository/RAD_Pages/PaymentConfirmation_Page/input_N_confirmNotifyAction' is clicked on

2023-09-12 16:30:09 - [TEST_STEP][PASSED] - verifyTextPresent("Service Fee Acceptance", true): Text 'Service Fee Acceptance' is present on page  using regular expression

2023-09-12 16:30:10 - [MESSAGE][PASSED] - Text 'Service Fee Acceptance' is present on page  using regular expression

2023-09-12 16:30:10 - [TEST_STEP][PASSED] - verifyTextPresent("This transaction is subject to a Service Fee of ", true): Text 'This transaction is subject to a Service Fee of ' is present on page  using regular expression

2023-09-12 16:30:10 - [MESSAGE][PASSED] - Text 'This transaction is subject to a Service Fee of ' is present on page  using regular expression

2023-09-12 16:30:10 - [TEST_STEP][PASSED] - verifyTextPresent("Payment Amount:", true): Text 'Payment Amount:' is present on page  using regular expression

2023-09-12 16:30:11 - [MESSAGE][PASSED] - Text 'Payment Amount:' is present on page  using regular expression

2023-09-12 16:30:11 - [TEST_STEP][PASSED] - verifyTextPresent("100.00", true): Text '100.00' is present on page  using regular expression

2023-09-12 16:30:11 - [MESSAGE][PASSED] - Text '100.00' is present on page  using regular expression

2023-09-12 16:30:11 - [TEST_STEP][PASSED] - verifyTextPresent("Service Fee:", true): Text 'Service Fee:' is present on page  using regular expression

2023-09-12 16:30:11 - [MESSAGE][PASSED] - Text 'Service Fee:' is present on page  using regular expression

2023-09-12 16:30:11 - [TEST_STEP][PASSED] - verifyTextPresent("2.45", true): Text '2.45' is present on page  using regular expression

2023-09-12 16:30:11 - [MESSAGE][PASSED] - Text '2.45' is present on page  using regular expression

2023-09-12 16:30:11 - [TEST_STEP][PASSED] - verifyTextPresent("Total Amount:", true): Text 'Total Amount:' is present on page  using regular expression

2023-09-12 16:30:12 - [MESSAGE][PASSED] - Text 'Total Amount:' is present on page  using regular expression

2023-09-12 16:30:12 - [TEST_STEP][PASSED] - verifyTextPresent("102.45", true): Text '102.45' is present on page  using regular expression

2023-09-12 16:30:12 - [MESSAGE][PASSED] - Text '102.45' is present on page  using regular expression

2023-09-12 16:30:12 - [TEST_STEP][PASSED] - verifyTextPresent("Two transactions will appear on your bank statement, one in the amount of", true): Text 'Two transactions will appear on your bank statement, one in the amount of' is present on page  using regular expression

2023-09-12 16:30:12 - [MESSAGE][PASSED] - Text 'Two transactions will appear on your bank statement, one in the amount of' is present on page  using regular expression

2023-09-12 16:30:12 - [TEST_STEP][PASSED] - verifyElementPresent(findTestObject(orPath_ServiceFeesAccept + "/input_convFeeNotifyAction"), 30): Object 'Object Repository/RAD_Pages/ServiceFeeAccept_Page/input_convFeeNotifyAction' is present

2023-09-12 16:30:13 - [MESSAGE][PASSED] - Object 'Object Repository/RAD_Pages/ServiceFeeAccept_Page/input_convFeeNotifyAction' is present

2023-09-12 16:30:13 - [TEST_STEP][PASSED] - ExecuteTC = findTestData(dataFile).getValue("Execute", row): null

2023-09-12 16:30:13 - [TEST_STEP][PASSED] - TaxType = findTestData(dataFile).getValue("TaxType", row): null

2023-09-12 16:30:13 - [TEST_STEP][PASSED] - PaymentType = findTestData(dataFile).getValue("PaymentType", row): null

2023-09-12 16:30:13 - [TEST_STEP][PASSED] - FilingYear = findTestData(dataFile).getValue("Year", row): null

2023-09-12 16:30:13 - [TEST_STEP][PASSED] - PeriodEndingMonth = findTestData(dataFile).getValue("Month", row): null

2023-09-12 16:30:13 - [TEST_STEP][PASSED] - if (ExecuteTC.equalsIgnoreCase("Y")): Object 'Object Repository/RAD_Pages/ServiceFeeAccept_Page/input_convFeeNotifyAction' is present

2023-09-12 16:30:13 - [TEST_STEP][PASSED] - out.println("Begin Record Number: " + row): null

2023-09-12 16:30:13 - [TEST_STEP][PASSED] - today = new java.util.Date(): null

2023-09-12 16:30:13 - [TEST_STEP][PASSED] - println(today): null

2023-09-12 16:30:13 - [TEST_STEP][PASSED] - datText = today: null

2023-09-12 16:30:13 - [TEST_STEP][PASSED] - logInfo("Payment Type: Quarterly Estimated Tax"): Payment Type: Quarterly Estimated Tax

2023-09-12 16:30:13 - [MESSAGE][INFO] - Payment Type: Quarterly Estimated Tax

2023-09-12 16:30:13 - [TEST_STEP][PASSED] - logInfo("Tax Type: " + TaxType): Tax Type: PTE Non-Electing S Corp

2023-09-12 16:30:13 - [MESSAGE][INFO] - Tax Type: PTE Non-Electing S Corp

2023-09-12 16:30:13 - [TEST_STEP][PASSED] - openBrowser(""): Browser is opened with url: ''

2023-09-12 16:30:13 - [MESSAGE][WARNING] - A browser is already opened. Closing browser and opening a new one

2023-09-12 16:30:14 - [MESSAGE][INFO] - Starting 'Chrome' driver

2023-09-12 16:30:14 - [MESSAGE][INFO] - User set preference: ['acceptInsecureCerts', 'true']

2023-09-12 16:30:14 - [MESSAGE][INFO] - Action delay is set to 0 milliseconds

2023-09-12 16:30:15 - [MESSAGE][PASSED] - Browser is opened with url: ''

2023-09-12 16:30:15 - [TEST_STEP][PASSED] - maximizeWindow(): Current window maximized

2023-09-12 16:30:15 - [MESSAGE][PASSED] - Current window maximized

2023-09-12 16:30:15 - [TEST_STEP][PASSED] - navigateToUrl(RADurl): Navigate to 'https://demo.velocitypayment.com/client/rad/index.html' successfully

2023-09-12 16:30:17 - [MESSAGE][PASSED] - Navigate to 'https://demo.velocitypayment.com/client/rad/index.html' successfully

2023-09-12 16:30:17 - [TEST_STEP][PASSED] - selectOptionByLabel(findTestObject(orPath_Landing + "/dd_TaxType"), "Extension Payments", false): All options with label 'Extension Payments' are selected in object 'Object Repository/RAD_Pages/Landing_Page/dd_TaxType' 

2023-09-12 16:30:18 - [MESSAGE][PASSED] - All options with label 'Extension Payments' are selected in object 'Object Repository/RAD_Pages/Landing_Page/dd_TaxType' 

2023-09-12 16:30:18 - [TEST_STEP][PASSED] - selectOptionByLabel(findTestObject(orPath_TaxTypeFilingYear + "/select_PaymentType"), TaxType, false): All options with label 'PTE Non-Electing S Corp' are selected in object 'Object Repository/RAD_Pages/TaxTypeFilingYear_Page/select_PaymentType' 

2023-09-12 16:30:19 - [MESSAGE][PASSED] - All options with label 'PTE Non-Electing S Corp' are selected in object 'Object Repository/RAD_Pages/TaxTypeFilingYear_Page/select_PaymentType' 

2023-09-12 16:30:19 - [TEST_STEP][PASSED] - selectOptionByLabel(findTestObject(orPath_TaxTypeFilingYear + "/select_FilingYear"), FilingYear, false): All options with label '2022' are selected in object 'Object Repository/RAD_Pages/TaxTypeFilingYear_Page/select_FilingYear' 

2023-09-12 16:30:19 - [MESSAGE][PASSED] - All options with label '2022' are selected in object 'Object Repository/RAD_Pages/TaxTypeFilingYear_Page/select_FilingYear' 

2023-09-12 16:30:19 - [TEST_STEP][PASSED] - switch (TaxType): null

2023-09-12 16:30:19 - [TEST_STEP][PASSED] - rad.getSetDataRAD.setDataRADBusinessName(): rad.getSetDataRAD.setDataRADBusinessName is PASSED

2023-09-12 16:30:20 - [MESSAGE][PASSED] - Text 'My Company' is set on object 'Object Repository/RAD_Pages/Taxpayer_Page/input_businessName'

2023-09-12 16:30:20 - [MESSAGE][PASSED] - rad.getSetDataRAD.setDataRADBusinessName is PASSED

2023-09-12 16:30:20 - [TEST_STEP][PASSED] - rad.getSetDataRAD.setDataRADAddress(): rad.getSetDataRAD.setDataRADAddress is PASSED

2023-09-12 16:30:22 - [MESSAGE][PASSED] - All options with label 'United States' are selected in object 'Object Repository/RAD_Pages/AddressAndContactInfo_Page/select_Country' 

2023-09-12 16:30:22 - [MESSAGE][PASSED] - Text '2508 Mandan Terrace' is set on object 'Object Repository/RAD_Pages/AddressAndContactInfo_Page/input_streetAddress1'

2023-09-12 16:30:23 - [MESSAGE][PASSED] - Text '' is set on object 'Object Repository/RAD_Pages/AddressAndContactInfo_Page/input_streetAddress2'

2023-09-12 16:30:24 - [MESSAGE][PASSED] - Text 'Gambrills' is set on object 'Object Repository/RAD_Pages/AddressAndContactInfo_Page/input_city'

2023-09-12 16:30:25 - [MESSAGE][PASSED] - All options with label 'Maryland' are selected in object 'Object Repository/RAD_Pages/AddressAndContactInfo_Page/select_State' 

2023-09-12 16:30:26 - [MESSAGE][PASSED] - Text '21054' is set on object 'Object Repository/RAD_Pages/AddressAndContactInfo_Page/input_zipCode'

2023-09-12 16:30:27 - [MESSAGE][PASSED] - Text '(703) 894-5000' is set on object 'Object Repository/RAD_Pages/AddressAndContactInfo_Page/input_phoneNumber'

2023-09-12 16:30:28 - [MESSAGE][PASSED] - Text 'iahmed@govolution.com' is set on object 'Object Repository/RAD_Pages/AddressAndContactInfo_Page/input_eMailAddress'

2023-09-12 16:30:29 - [MESSAGE][PASSED] - Text 'iahmed@govolution.com' is set on object 'Object Repository/RAD_Pages/AddressAndContactInfo_Page/input_reEnterEMailAddress'

2023-09-12 16:30:29 - [MESSAGE][PASSED] - rad.getSetDataRAD.setDataRADAddress is PASSED

2023-09-12 16:30:29 - [TEST_STEP][PASSED] - rad.getSetDataRAD.setDataRADFEIN(): rad.getSetDataRAD.setDataRADFEIN is PASSED

2023-09-12 16:30:29 - [MESSAGE][PASSED] - Text ****** has been set on object 'Object Repository/RAD_Pages/TaxInfo_Page/input_FederalEIN'

2023-09-12 16:30:30 - [MESSAGE][PASSED] - Text ****** has been set on object 'Object Repository/RAD_Pages/TaxInfo_Page/input_FederalEIN_ReEnter'

2023-09-12 16:30:30 - [MESSAGE][PASSED] - rad.getSetDataRAD.setDataRADFEIN is PASSED

2023-09-12 16:30:30 - [TEST_STEP][PASSED] - setText(findTestObject(orPath_Amount + "/input__paymentAmount"), "100.00"): Text '100.00' is set on object 'Object Repository/RAD_Pages/PaymentAmount_Page/input__paymentAmount'

2023-09-12 16:30:31 - [MESSAGE][PASSED] - Text '100.00' is set on object 'Object Repository/RAD_Pages/PaymentAmount_Page/input__paymentAmount'

2023-09-12 16:30:31 - [TEST_STEP][PASSED] - setText(findTestObject(orPath_AddressContact + "/input_streetAddress2"), ""): Text '' is set on object 'Object Repository/RAD_Pages/AddressAndContactInfo_Page/input_streetAddress2'

2023-09-12 16:30:31 - [MESSAGE][PASSED] - Text '' is set on object 'Object Repository/RAD_Pages/AddressAndContactInfo_Page/input_streetAddress2'

2023-09-12 16:30:31 - [TEST_STEP][PASSED] - scrollToElement(findTestObject(orPath_Landing + "/button_Continue"), 3): Scroll to object 'Object Repository/RAD_Pages/Landing_Page/button_Continue' successfully

2023-09-12 16:30:32 - [MESSAGE][PASSED] - Scroll to object 'Object Repository/RAD_Pages/Landing_Page/button_Continue' successfully

2023-09-12 16:30:32 - [TEST_STEP][PASSED] - waitForElementClickable(findTestObject(orPath_Landing + "/button_Continue"), 5): Object 'Object Repository/RAD_Pages/Landing_Page/button_Continue' is clickable

2023-09-12 16:30:32 - [MESSAGE][PASSED] - Object 'Object Repository/RAD_Pages/Landing_Page/button_Continue' is clickable

2023-09-12 16:30:32 - [TEST_STEP][PASSED] - click(findTestObject(orPath_Landing + "/button_Continue")): Object: 'Object Repository/RAD_Pages/Landing_Page/button_Continue' is clicked on

2023-09-12 16:30:33 - [MESSAGE][PASSED] - Object: 'Object Repository/RAD_Pages/Landing_Page/button_Continue' is clicked on

2023-09-12 16:30:33 - [TEST_STEP][PASSED] - delay(2): Delayed 2 second(s)

2023-09-12 16:30:35 - [MESSAGE][PASSED] - Delayed 2 second(s)

2023-09-12 16:30:35 - [TEST_STEP][PASSED] - verifyTextPresent("Summary", true): Text 'Summary' is present on page  using regular expression

2023-09-12 16:30:35 - [MESSAGE][PASSED] - Text 'Summary' is present on page  using regular expression

2023-09-12 16:30:35 - [TEST_STEP][PASSED] - verifyTextPresent("Review the information below and make any necessary corrections by clicking the", true): Text 'Review the information below and make any necessary corrections by clicking the' is present on page  using regular expression

2023-09-12 16:30:35 - [MESSAGE][PASSED] - Text 'Review the information below and make any necessary corrections by clicking the' is present on page  using regular expression

2023-09-12 16:30:35 - [TEST_STEP][PASSED] - verifyTextPresent("When you are confident that all the information is correct, click the", true): Text 'When you are confident that all the information is correct, click the' is present on page  using regular expression

2023-09-12 16:30:36 - [MESSAGE][PASSED] - Text 'When you are confident that all the information is correct, click the' is present on page  using regular expression

2023-09-12 16:30:36 - [TEST_STEP][PASSED] - verifyTextPresent("Payment Type/Filing Year", true): Text 'Payment Type/Filing Year' is present on page  using regular expression

2023-09-12 16:30:36 - [MESSAGE][PASSED] - Text 'Payment Type/Filing Year' is present on page  using regular expression

2023-09-12 16:30:36 - [TEST_STEP][PASSED] - verifyTextPresent("Payment Type:", true): Text 'Payment Type:' is present on page  using regular expression

2023-09-12 16:30:37 - [MESSAGE][PASSED] - Text 'Payment Type:' is present on page  using regular expression

2023-09-12 16:30:37 - [TEST_STEP][PASSED] - verifyTextPresent("Extension Payments", true): Text 'Extension Payments' is present on page  using regular expression

2023-09-12 16:30:37 - [MESSAGE][PASSED] - Text 'Extension Payments' is present on page  using regular expression

2023-09-12 16:30:37 - [TEST_STEP][PASSED] - verifyTextPresent("Filing Year:", true): Text 'Filing Year:' is present on page  using regular expression

2023-09-12 16:30:37 - [MESSAGE][PASSED] - Text 'Filing Year:' is present on page  using regular expression

2023-09-12 16:30:37 - [TEST_STEP][PASSED] - verifyTextPresent(FilingYear, true): Text '2022' is present on page  using regular expression

2023-09-12 16:30:38 - [MESSAGE][PASSED] - Text '2022' is present on page  using regular expression

2023-09-12 16:30:38 - [TEST_STEP][PASSED] - switch (TaxType): null

2023-09-12 16:30:38 - [TEST_STEP][PASSED] - verifyTextPresent("Payer Information", true): Text 'Payer Information' is present on page  using regular expression

2023-09-12 16:30:38 - [MESSAGE][PASSED] - Text 'Payer Information' is present on page  using regular expression

2023-09-12 16:30:38 - [TEST_STEP][PASSED] - verifyTextPresent("Taxpayer Name:", true): Text 'Taxpayer Name:' is present on page  using regular expression

2023-09-12 16:30:38 - [MESSAGE][PASSED] - Text 'Taxpayer Name:' is present on page  using regular expression

2023-09-12 16:30:38 - [TEST_STEP][PASSED] - verifyTextPresent("My Company", true): Text 'My Company' is present on page  using regular expression

2023-09-12 16:30:39 - [MESSAGE][PASSED] - Text 'My Company' is present on page  using regular expression

2023-09-12 16:30:39 - [TEST_STEP][PASSED] - verifyTextPresent("Taxpayer Address:", true): Text 'Taxpayer Address:' is present on page  using regular expression

2023-09-12 16:30:39 - [MESSAGE][PASSED] - Text 'Taxpayer Address:' is present on page  using regular expression

2023-09-12 16:30:39 - [TEST_STEP][PASSED] - verifyTextPresent("2508 Mandan Terrace Gambrills Maryland 21054", true): Text '2508 Mandan Terrace Gambrills Maryland 21054' is present on page  using regular expression

2023-09-12 16:30:39 - [MESSAGE][PASSED] - Text '2508 Mandan Terrace Gambrills Maryland 21054' is present on page  using regular expression

2023-09-12 16:30:39 - [TEST_STEP][PASSED] - verifyTextPresent("Email:", true): Text 'Email:' is present on page  using regular expression

2023-09-12 16:30:40 - [MESSAGE][PASSED] - Text 'Email:' is present on page  using regular expression

2023-09-12 16:30:40 - [TEST_STEP][PASSED] - verifyTextPresent("iahmed@govolution.com", true): Text 'iahmed@govolution.com' is present on page  using regular expression

2023-09-12 16:30:40 - [MESSAGE][PASSED] - Text 'iahmed@govolution.com' is present on page  using regular expression

2023-09-12 16:30:40 - [TEST_STEP][PASSED] - verifyTextPresent("Phone:", true): Text 'Phone:' is present on page  using regular expression

2023-09-12 16:30:41 - [MESSAGE][PASSED] - Text 'Phone:' is present on page  using regular expression

2023-09-12 16:30:41 - [TEST_STEP][PASSED] - verifyTextPresent("(703) 894-5000", false): Text '(703) 894-5000' is present on page 

2023-09-12 16:30:41 - [MESSAGE][PASSED] - Text '(703) 894-5000' is present on page 

2023-09-12 16:30:41 - [TEST_STEP][PASSED] - verifyTextPresent("Tax Information", true): Text 'Tax Information' is present on page  using regular expression

2023-09-12 16:30:41 - [MESSAGE][PASSED] - Text 'Tax Information' is present on page  using regular expression

2023-09-12 16:30:41 - [TEST_STEP][PASSED] - verifyTextPresent("Federal EIN:", true): Text 'Federal EIN:' is present on page  using regular expression

2023-09-12 16:30:42 - [MESSAGE][PASSED] - Text 'Federal EIN:' is present on page  using regular expression

2023-09-12 16:30:42 - [TEST_STEP][PASSED] - verifyTextPresent("Payment Amount:", true): Text 'Payment Amount:' is present on page  using regular expression

2023-09-12 16:30:42 - [MESSAGE][PASSED] - Text 'Payment Amount:' is present on page  using regular expression

2023-09-12 16:30:42 - [TEST_STEP][PASSED] - verifyTextPresent("100.00", true): Text '100.00' is present on page  using regular expression

2023-09-12 16:30:42 - [MESSAGE][PASSED] - Text '100.00' is present on page  using regular expression

2023-09-12 16:30:42 - [TEST_STEP][PASSED] - click(findTestObject(orPath_Summary + "/button_Proceed to Payment")): Object: 'Object Repository/RAD_Pages/Summary_Page/button_Proceed to Payment' is clicked on

2023-09-12 16:30:43 - [MESSAGE][PASSED] - Object: 'Object Repository/RAD_Pages/Summary_Page/button_Proceed to Payment' is clicked on

2023-09-12 16:30:43 - [TEST_STEP][PASSED] - verifyTextPresent("Comptroller of Maryland", true): Text 'Comptroller of Maryland' is present on page  using regular expression

2023-09-12 16:30:44 - [MESSAGE][PASSED] - Text 'Comptroller of Maryland' is present on page  using regular expression

2023-09-12 16:30:44 - [TEST_STEP][PASSED] - verifyTextPresent("Revenue Administration Division", true): Text 'Revenue Administration Division' is present on page  using regular expression

2023-09-12 16:30:44 - [MESSAGE][PASSED] - Text 'Revenue Administration Division' is present on page  using regular expression

2023-09-12 16:30:44 - [TEST_STEP][PASSED] - verifyTextPresent("Payment Information", true): Text 'Payment Information' is present on page  using regular expression

2023-09-12 16:30:45 - [MESSAGE][PASSED] - Text 'Payment Information' is present on page  using regular expression

2023-09-12 16:30:45 - [TEST_STEP][PASSED] - card_Name = getAttribute(findTestObject("Object Repository/RAD_Pages/PaymentEntry_Page/input__billingName"), "value"): Attribute 'value' of object 'Object Repository/RAD_Pages/PaymentEntry_Page/input__billingName' is: ''

2023-09-12 16:30:45 - [MESSAGE][PASSED] - Attribute 'value' of object 'Object Repository/RAD_Pages/PaymentEntry_Page/input__billingName' is: ''

2023-09-12 16:30:45 - [TEST_STEP][PASSED] - verifyMatch("", card_Name, false): Actual text '' and expected text '' are matched 

2023-09-12 16:30:45 - [MESSAGE][PASSED] - Actual text '' and expected text '' are matched 

2023-09-12 16:30:45 - [TEST_STEP][PASSED] - AL1 = getAttribute(findTestObject("Object Repository/RAD_Pages/PaymentEntry_Page/input_billingAddress"), "value"): Attribute 'value' of object 'Object Repository/RAD_Pages/PaymentEntry_Page/input_billingAddress' is: '2508 Mandan Terrace'

2023-09-12 16:30:45 - [MESSAGE][PASSED] - Attribute 'value' of object 'Object Repository/RAD_Pages/PaymentEntry_Page/input_billingAddress' is: '2508 Mandan Terrace'

2023-09-12 16:30:45 - [TEST_STEP][PASSED] - verifyMatch("2508 Mandan Terrace", AL1, false): Actual text '2508 Mandan Terrace' and expected text '2508 Mandan Terrace' are matched 

2023-09-12 16:30:45 - [MESSAGE][PASSED] - Actual text '2508 Mandan Terrace' and expected text '2508 Mandan Terrace' are matched 

2023-09-12 16:30:45 - [TEST_STEP][PASSED] - AL2 = getAttribute(findTestObject("Object Repository/RAD_Pages/PaymentEntry_Page/input_billingAddress2"), "value"): Attribute 'value' of object 'Object Repository/RAD_Pages/PaymentEntry_Page/input_billingAddress2' is: ''

2023-09-12 16:30:46 - [MESSAGE][PASSED] - Attribute 'value' of object 'Object Repository/RAD_Pages/PaymentEntry_Page/input_billingAddress2' is: ''

2023-09-12 16:30:46 - [TEST_STEP][PASSED] - verifyMatch("", AL2, false): Actual text '' and expected text '' are matched 

2023-09-12 16:30:46 - [MESSAGE][PASSED] - Actual text '' and expected text '' are matched 

2023-09-12 16:30:46 - [TEST_STEP][PASSED] - zipCode = getAttribute(findTestObject("Object Repository/RAD_Pages/PaymentEntry_Page/input_billingZip"), "value"): Attribute 'value' of object 'Object Repository/RAD_Pages/PaymentEntry_Page/input_billingZip' is: '21054'

2023-09-12 16:30:46 - [MESSAGE][PASSED] - Attribute 'value' of object 'Object Repository/RAD_Pages/PaymentEntry_Page/input_billingZip' is: '21054'

2023-09-12 16:30:46 - [TEST_STEP][PASSED] - verifyMatch("21054", zipCode, false): Actual text '21054' and expected text '21054' are matched 

2023-09-12 16:30:46 - [MESSAGE][PASSED] - Actual text '21054' and expected text '21054' are matched 

2023-09-12 16:30:46 - [TEST_STEP][PASSED] - city = getAttribute(findTestObject("Object Repository/RAD_Pages/PaymentEntry_Page/input_billingCity"), "value"): Attribute 'value' of object 'Object Repository/RAD_Pages/PaymentEntry_Page/input_billingCity' is: 'GAMBRILLS'

2023-09-12 16:30:46 - [MESSAGE][PASSED] - Attribute 'value' of object 'Object Repository/RAD_Pages/PaymentEntry_Page/input_billingCity' is: 'GAMBRILLS'

2023-09-12 16:30:46 - [TEST_STEP][PASSED] - verifyMatch("GAMBRILLS", city, false): Actual text 'GAMBRILLS' and expected text 'GAMBRILLS' are matched 

2023-09-12 16:30:46 - [MESSAGE][PASSED] - Actual text 'GAMBRILLS' and expected text 'GAMBRILLS' are matched 

2023-09-12 16:30:46 - [TEST_STEP][PASSED] - email = getAttribute(findTestObject("Object Repository/RAD_Pages/PaymentEntry_Page/input_emailAddress"), "value"): Attribute 'value' of object 'Object Repository/RAD_Pages/PaymentEntry_Page/input_emailAddress' is: 'iahmed@govolution.com'

2023-09-12 16:30:47 - [MESSAGE][PASSED] - Attribute 'value' of object 'Object Repository/RAD_Pages/PaymentEntry_Page/input_emailAddress' is: 'iahmed@govolution.com'

2023-09-12 16:30:47 - [TEST_STEP][PASSED] - verifyMatch("iahmed@govolution.com", email, false): Actual text 'iahmed@govolution.com' and expected text 'iahmed@govolution.com' are matched 

2023-09-12 16:30:47 - [MESSAGE][PASSED] - Actual text 'iahmed@govolution.com' and expected text 'iahmed@govolution.com' are matched 

2023-09-12 16:30:47 - [TEST_STEP][PASSED] - amount = getAttribute(findTestObject("Object Repository/RAD_Pages/PaymentEntry_Page/input_amount"), "value"): Attribute 'value' of object 'Object Repository/RAD_Pages/PaymentEntry_Page/input_amount' is: '100.00'

2023-09-12 16:30:47 - [MESSAGE][PASSED] - Attribute 'value' of object 'Object Repository/RAD_Pages/PaymentEntry_Page/input_amount' is: '100.00'

2023-09-12 16:30:47 - [TEST_STEP][PASSED] - verifyMatch("100.00", amount, false): Actual text '100.00' and expected text '100.00' are matched 

2023-09-12 16:30:47 - [MESSAGE][PASSED] - Actual text '100.00' and expected text '100.00' are matched 

2023-09-12 16:30:47 - [TEST_STEP][PASSED] - amountReadOnly = getAttribute(findTestObject("Object Repository/RAD_Pages/PaymentEntry_Page/input_amount"), "readonly"): Attribute 'readonly' of object 'Object Repository/RAD_Pages/PaymentEntry_Page/input_amount' is: 'true'

2023-09-12 16:30:47 - [MESSAGE][PASSED] - Attribute 'readonly' of object 'Object Repository/RAD_Pages/PaymentEntry_Page/input_amount' is: 'true'

2023-09-12 16:30:47 - [TEST_STEP][PASSED] - verifyMatch("true", amountReadOnly, false): Actual text 'true' and expected text 'true' are matched 

2023-09-12 16:30:47 - [MESSAGE][PASSED] - Actual text 'true' and expected text 'true' are matched 

2023-09-12 16:30:47 - [TEST_STEP][PASSED] - verifyOptionSelectedByLabel(findTestObject("Object Repository/RAD_Pages/PaymentEntry_Page/select_Country"), "United States", false, 20): All options with label 'United States' are selected in object 'Object Repository/RAD_Pages/PaymentEntry_Page/select_Country' 

2023-09-12 16:30:48 - [MESSAGE][PASSED] - All options with label 'United States' are selected in object 'Object Repository/RAD_Pages/PaymentEntry_Page/select_Country' 

2023-09-12 16:30:48 - [TEST_STEP][PASSED] - verifyOptionSelectedByLabel(findTestObject("Object Repository/RAD_Pages/PaymentEntry_Page/select_State"), "Maryland", false, 20): All options with label 'Maryland' are selected in object 'Object Repository/RAD_Pages/PaymentEntry_Page/select_State' 

2023-09-12 16:30:51 - [MESSAGE][PASSED] - All options with label 'Maryland' are selected in object 'Object Repository/RAD_Pages/PaymentEntry_Page/select_State' 

2023-09-12 16:30:51 - [TEST_STEP][PASSED] - setText(findTestObject("Object Repository/RAD_Pages/PaymentEntry_Page/input__billingName"), "Anthony Gonzalez"): Text 'Anthony Gonzalez' is set on object 'Object Repository/RAD_Pages/PaymentEntry_Page/input__billingName'

2023-09-12 16:30:52 - [MESSAGE][PASSED] - Text 'Anthony Gonzalez' is set on object 'Object Repository/RAD_Pages/PaymentEntry_Page/input__billingName'

2023-09-12 16:30:52 - [TEST_STEP][PASSED] - setText(findTestObject(orPath_PaymentEntry + "/input__cardNumber"), "4111111111111111"): Text '4111111111111111' is set on object 'Object Repository/RAD_Pages/PaymentEntry_Page/input__cardNumber'

2023-09-12 16:30:53 - [MESSAGE][PASSED] - Text '4111111111111111' is set on object 'Object Repository/RAD_Pages/PaymentEntry_Page/input__cardNumber'

2023-09-12 16:30:53 - [TEST_STEP][PASSED] - setText(findTestObject(orPath_PaymentEntry + "/input__spc"), "123"): Text '123' is set on object 'Object Repository/RAD_Pages/PaymentEntry_Page/input__spc'

2023-09-12 16:30:53 - [MESSAGE][PASSED] - Text '123' is set on object 'Object Repository/RAD_Pages/PaymentEntry_Page/input__spc'

2023-09-12 16:30:53 - [TEST_STEP][PASSED] - selectOptionByLabel(findTestObject(orPath_PaymentEntry + "/select_MM"), "12", false): All options with label '12' are selected in object 'Object Repository/RAD_Pages/PaymentEntry_Page/select_MM' 

2023-09-12 16:30:54 - [MESSAGE][PASSED] - All options with label '12' are selected in object 'Object Repository/RAD_Pages/PaymentEntry_Page/select_MM' 

2023-09-12 16:30:54 - [TEST_STEP][PASSED] - selectOptionByLabel(findTestObject(orPath_PaymentEntry + "/select_YYYY"), "2028", false): All options with label '2028' are selected in object 'Object Repository/RAD_Pages/PaymentEntry_Page/select_YYYY' 

2023-09-12 16:30:55 - [MESSAGE][PASSED] - All options with label '2028' are selected in object 'Object Repository/RAD_Pages/PaymentEntry_Page/select_YYYY' 

2023-09-12 16:30:55 - [TEST_STEP][PASSED] - click(findTestObject(orPath_PaymentEntry + "/input_Field_ccSubmit")): Object: 'Object Repository/RAD_Pages/PaymentEntry_Page/input_Field_ccSubmit' is clicked on

2023-09-12 16:30:56 - [MESSAGE][PASSED] - Object: 'Object Repository/RAD_Pages/PaymentEntry_Page/input_Field_ccSubmit' is clicked on

2023-09-12 16:30:56 - [TEST_STEP][PASSED] - click(findTestObject(orPath_PaymentConfirmation + "/input_N_confirmNotifyAction")): Object: 'Object Repository/RAD_Pages/PaymentConfirmation_Page/input_N_confirmNotifyAction' is clicked on

2023-09-12 16:30:57 - [MESSAGE][PASSED] - Object: 'Object Repository/RAD_Pages/PaymentConfirmation_Page/input_N_confirmNotifyAction' is clicked on

2023-09-12 16:30:57 - [TEST_STEP][PASSED] - verifyTextPresent("Service Fee Acceptance", true): Text 'Service Fee Acceptance' is present on page  using regular expression

2023-09-12 16:30:57 - [MESSAGE][PASSED] - Text 'Service Fee Acceptance' is present on page  using regular expression

2023-09-12 16:30:57 - [TEST_STEP][PASSED] - verifyTextPresent("This transaction is subject to a Service Fee of ", true): Text 'This transaction is subject to a Service Fee of ' is present on page  using regular expression

2023-09-12 16:30:57 - [MESSAGE][PASSED] - Text 'This transaction is subject to a Service Fee of ' is present on page  using regular expression

2023-09-12 16:30:57 - [TEST_STEP][PASSED] - verifyTextPresent("Payment Amount:", true): Text 'Payment Amount:' is present on page  using regular expression

2023-09-12 16:30:58 - [MESSAGE][PASSED] - Text 'Payment Amount:' is present on page  using regular expression

2023-09-12 16:30:58 - [TEST_STEP][PASSED] - verifyTextPresent("100.00", true): Text '100.00' is present on page  using regular expression

2023-09-12 16:30:58 - [MESSAGE][PASSED] - Text '100.00' is present on page  using regular expression

2023-09-12 16:30:58 - [TEST_STEP][PASSED] - verifyTextPresent("Service Fee:", true): Text 'Service Fee:' is present on page  using regular expression

2023-09-12 16:30:58 - [MESSAGE][PASSED] - Text 'Service Fee:' is present on page  using regular expression

2023-09-12 16:30:58 - [TEST_STEP][PASSED] - verifyTextPresent("2.45", true): Text '2.45' is present on page  using regular expression

2023-09-12 16:30:59 - [MESSAGE][PASSED] - Text '2.45' is present on page  using regular expression

2023-09-12 16:30:59 - [TEST_STEP][PASSED] - verifyTextPresent("Total Amount:", true): Text 'Total Amount:' is present on page  using regular expression

2023-09-12 16:30:59 - [MESSAGE][PASSED] - Text 'Total Amount:' is present on page  using regular expression

2023-09-12 16:30:59 - [TEST_STEP][PASSED] - verifyTextPresent("102.45", true): Text '102.45' is present on page  using regular expression

2023-09-12 16:30:59 - [MESSAGE][PASSED] - Text '102.45' is present on page  using regular expression

2023-09-12 16:30:59 - [TEST_STEP][PASSED] - verifyTextPresent("Two transactions will appear on your bank statement, one in the amount of", true): Text 'Two transactions will appear on your bank statement, one in the amount of' is present on page  using regular expression

2023-09-12 16:30:59 - [MESSAGE][PASSED] - Text 'Two transactions will appear on your bank statement, one in the amount of' is present on page  using regular expression

2023-09-12 16:30:59 - [TEST_STEP][PASSED] - verifyElementPresent(findTestObject(orPath_ServiceFeesAccept + "/input_convFeeNotifyAction"), 30): Object 'Object Repository/RAD_Pages/ServiceFeeAccept_Page/input_convFeeNotifyAction' is present

2023-09-12 16:31:00 - [MESSAGE][PASSED] - Object 'Object Repository/RAD_Pages/ServiceFeeAccept_Page/input_convFeeNotifyAction' is present

2023-09-12 16:31:00 - [TEST_STEP][PASSED] - ExecuteTC = findTestData(dataFile).getValue("Execute", row): null

2023-09-12 16:31:00 - [TEST_STEP][PASSED] - TaxType = findTestData(dataFile).getValue("TaxType", row): null

2023-09-12 16:31:00 - [TEST_STEP][PASSED] - PaymentType = findTestData(dataFile).getValue("PaymentType", row): null

2023-09-12 16:31:00 - [TEST_STEP][PASSED] - FilingYear = findTestData(dataFile).getValue("Year", row): null

2023-09-12 16:31:00 - [TEST_STEP][PASSED] - PeriodEndingMonth = findTestData(dataFile).getValue("Month", row): null

2023-09-12 16:31:00 - [TEST_STEP][PASSED] - if (ExecuteTC.equalsIgnoreCase("Y")): Object 'Object Repository/RAD_Pages/ServiceFeeAccept_Page/input_convFeeNotifyAction' is present

2023-09-12 16:31:00 - [TEST_STEP][PASSED] - out.println("Begin Record Number: " + row): null

2023-09-12 16:31:00 - [TEST_STEP][PASSED] - today = new java.util.Date(): null

2023-09-12 16:31:00 - [TEST_STEP][PASSED] - println(today): null

2023-09-12 16:31:00 - [TEST_STEP][PASSED] - datText = today: null

2023-09-12 16:31:00 - [TEST_STEP][PASSED] - logInfo("Payment Type: Quarterly Estimated Tax"): Payment Type: Quarterly Estimated Tax

2023-09-12 16:31:00 - [MESSAGE][INFO] - Payment Type: Quarterly Estimated Tax

2023-09-12 16:31:00 - [TEST_STEP][PASSED] - logInfo("Tax Type: " + TaxType): Tax Type: PTE Tax Electing Non-S Corp

2023-09-12 16:31:00 - [MESSAGE][INFO] - Tax Type: PTE Tax Electing Non-S Corp

2023-09-12 16:31:00 - [TEST_STEP][PASSED] - openBrowser(""): Browser is opened with url: ''

2023-09-12 16:31:00 - [MESSAGE][WARNING] - A browser is already opened. Closing browser and opening a new one

2023-09-12 16:31:01 - [MESSAGE][INFO] - Starting 'Chrome' driver

2023-09-12 16:31:01 - [MESSAGE][INFO] - User set preference: ['acceptInsecureCerts', 'true']

2023-09-12 16:31:01 - [MESSAGE][INFO] - Action delay is set to 0 milliseconds

2023-09-12 16:31:02 - [MESSAGE][PASSED] - Browser is opened with url: ''

2023-09-12 16:31:02 - [TEST_STEP][PASSED] - maximizeWindow(): Current window maximized

2023-09-12 16:31:03 - [MESSAGE][PASSED] - Current window maximized

2023-09-12 16:31:03 - [TEST_STEP][PASSED] - navigateToUrl(RADurl): Navigate to 'https://demo.velocitypayment.com/client/rad/index.html' successfully

2023-09-12 16:31:04 - [MESSAGE][PASSED] - Navigate to 'https://demo.velocitypayment.com/client/rad/index.html' successfully

2023-09-12 16:31:04 - [TEST_STEP][PASSED] - selectOptionByLabel(findTestObject(orPath_Landing + "/dd_TaxType"), "Extension Payments", false): All options with label 'Extension Payments' are selected in object 'Object Repository/RAD_Pages/Landing_Page/dd_TaxType' 

2023-09-12 16:31:05 - [MESSAGE][PASSED] - All options with label 'Extension Payments' are selected in object 'Object Repository/RAD_Pages/Landing_Page/dd_TaxType' 

2023-09-12 16:31:05 - [TEST_STEP][PASSED] - selectOptionByLabel(findTestObject(orPath_TaxTypeFilingYear + "/select_PaymentType"), TaxType, false): All options with label 'PTE Tax Electing Non-S Corp' are selected in object 'Object Repository/RAD_Pages/TaxTypeFilingYear_Page/select_PaymentType' 

2023-09-12 16:31:06 - [MESSAGE][PASSED] - All options with label 'PTE Tax Electing Non-S Corp' are selected in object 'Object Repository/RAD_Pages/TaxTypeFilingYear_Page/select_PaymentType' 

2023-09-12 16:31:06 - [TEST_STEP][PASSED] - selectOptionByLabel(findTestObject(orPath_TaxTypeFilingYear + "/select_FilingYear"), FilingYear, false): All options with label '2022' are selected in object 'Object Repository/RAD_Pages/TaxTypeFilingYear_Page/select_FilingYear' 

2023-09-12 16:31:07 - [MESSAGE][PASSED] - All options with label '2022' are selected in object 'Object Repository/RAD_Pages/TaxTypeFilingYear_Page/select_FilingYear' 

2023-09-12 16:31:07 - [TEST_STEP][PASSED] - switch (TaxType): null

2023-09-12 16:31:07 - [TEST_STEP][PASSED] - rad.getSetDataRAD.setDataRADBusinessName(): rad.getSetDataRAD.setDataRADBusinessName is PASSED

2023-09-12 16:31:07 - [MESSAGE][PASSED] - Text 'My Company' is set on object 'Object Repository/RAD_Pages/Taxpayer_Page/input_businessName'

2023-09-12 16:31:07 - [MESSAGE][PASSED] - rad.getSetDataRAD.setDataRADBusinessName is PASSED

2023-09-12 16:31:07 - [TEST_STEP][PASSED] - rad.getSetDataRAD.setDataRADAddress(): rad.getSetDataRAD.setDataRADAddress is PASSED

2023-09-12 16:31:09 - [MESSAGE][PASSED] - All options with label 'United States' are selected in object 'Object Repository/RAD_Pages/AddressAndContactInfo_Page/select_Country' 

2023-09-12 16:31:10 - [MESSAGE][PASSED] - Text '2508 Mandan Terrace' is set on object 'Object Repository/RAD_Pages/AddressAndContactInfo_Page/input_streetAddress1'

2023-09-12 16:31:11 - [MESSAGE][PASSED] - Text '' is set on object 'Object Repository/RAD_Pages/AddressAndContactInfo_Page/input_streetAddress2'

2023-09-12 16:31:11 - [MESSAGE][PASSED] - Text 'Gambrills' is set on object 'Object Repository/RAD_Pages/AddressAndContactInfo_Page/input_city'

2023-09-12 16:31:12 - [MESSAGE][PASSED] - All options with label 'Maryland' are selected in object 'Object Repository/RAD_Pages/AddressAndContactInfo_Page/select_State' 

2023-09-12 16:31:13 - [MESSAGE][PASSED] - Text '21054' is set on object 'Object Repository/RAD_Pages/AddressAndContactInfo_Page/input_zipCode'

2023-09-12 16:31:14 - [MESSAGE][PASSED] - Text '(703) 894-5000' is set on object 'Object Repository/RAD_Pages/AddressAndContactInfo_Page/input_phoneNumber'

2023-09-12 16:31:15 - [MESSAGE][PASSED] - Text 'iahmed@govolution.com' is set on object 'Object Repository/RAD_Pages/AddressAndContactInfo_Page/input_eMailAddress'

2023-09-12 16:31:16 - [MESSAGE][PASSED] - Text 'iahmed@govolution.com' is set on object 'Object Repository/RAD_Pages/AddressAndContactInfo_Page/input_reEnterEMailAddress'

2023-09-12 16:31:16 - [MESSAGE][PASSED] - rad.getSetDataRAD.setDataRADAddress is PASSED

2023-09-12 16:31:16 - [TEST_STEP][PASSED] - rad.getSetDataRAD.setDataRADFEIN(): rad.getSetDataRAD.setDataRADFEIN is PASSED

2023-09-12 16:31:17 - [MESSAGE][PASSED] - Text ****** has been set on object 'Object Repository/RAD_Pages/TaxInfo_Page/input_FederalEIN'

2023-09-12 16:31:17 - [MESSAGE][PASSED] - Text ****** has been set on object 'Object Repository/RAD_Pages/TaxInfo_Page/input_FederalEIN_ReEnter'

2023-09-12 16:31:17 - [MESSAGE][PASSED] - rad.getSetDataRAD.setDataRADFEIN is PASSED

2023-09-12 16:31:17 - [TEST_STEP][PASSED] - setText(findTestObject(orPath_Amount + "/input__paymentAmount"), "100.00"): Text '100.00' is set on object 'Object Repository/RAD_Pages/PaymentAmount_Page/input__paymentAmount'

2023-09-12 16:31:18 - [MESSAGE][PASSED] - Text '100.00' is set on object 'Object Repository/RAD_Pages/PaymentAmount_Page/input__paymentAmount'

2023-09-12 16:31:18 - [TEST_STEP][PASSED] - setText(findTestObject(orPath_AddressContact + "/input_streetAddress2"), ""): Text '' is set on object 'Object Repository/RAD_Pages/AddressAndContactInfo_Page/input_streetAddress2'

2023-09-12 16:31:19 - [MESSAGE][PASSED] - Text '' is set on object 'Object Repository/RAD_Pages/AddressAndContactInfo_Page/input_streetAddress2'

2023-09-12 16:31:19 - [TEST_STEP][PASSED] - scrollToElement(findTestObject(orPath_Landing + "/button_Continue"), 3): Scroll to object 'Object Repository/RAD_Pages/Landing_Page/button_Continue' successfully

2023-09-12 16:31:19 - [MESSAGE][PASSED] - Scroll to object 'Object Repository/RAD_Pages/Landing_Page/button_Continue' successfully

2023-09-12 16:31:19 - [TEST_STEP][PASSED] - waitForElementClickable(findTestObject(orPath_Landing + "/button_Continue"), 5): Object 'Object Repository/RAD_Pages/Landing_Page/button_Continue' is clickable

2023-09-12 16:31:20 - [MESSAGE][PASSED] - Object 'Object Repository/RAD_Pages/Landing_Page/button_Continue' is clickable

2023-09-12 16:31:20 - [TEST_STEP][PASSED] - click(findTestObject(orPath_Landing + "/button_Continue")): Object: 'Object Repository/RAD_Pages/Landing_Page/button_Continue' is clicked on

2023-09-12 16:31:20 - [MESSAGE][PASSED] - Object: 'Object Repository/RAD_Pages/Landing_Page/button_Continue' is clicked on

2023-09-12 16:31:20 - [TEST_STEP][PASSED] - delay(2): Delayed 2 second(s)

2023-09-12 16:31:22 - [MESSAGE][PASSED] - Delayed 2 second(s)

2023-09-12 16:31:22 - [TEST_STEP][PASSED] - verifyTextPresent("Summary", true): Text 'Summary' is present on page  using regular expression

2023-09-12 16:31:23 - [MESSAGE][PASSED] - Text 'Summary' is present on page  using regular expression

2023-09-12 16:31:23 - [TEST_STEP][PASSED] - verifyTextPresent("Review the information below and make any necessary corrections by clicking the", true): Text 'Review the information below and make any necessary corrections by clicking the' is present on page  using regular expression

2023-09-12 16:31:23 - [MESSAGE][PASSED] - Text 'Review the information below and make any necessary corrections by clicking the' is present on page  using regular expression

2023-09-12 16:31:23 - [TEST_STEP][PASSED] - verifyTextPresent("When you are confident that all the information is correct, click the", true): Text 'When you are confident that all the information is correct, click the' is present on page  using regular expression

2023-09-12 16:31:23 - [MESSAGE][PASSED] - Text 'When you are confident that all the information is correct, click the' is present on page  using regular expression

2023-09-12 16:31:23 - [TEST_STEP][PASSED] - verifyTextPresent("Payment Type/Filing Year", true): Text 'Payment Type/Filing Year' is present on page  using regular expression

2023-09-12 16:31:24 - [MESSAGE][PASSED] - Text 'Payment Type/Filing Year' is present on page  using regular expression

2023-09-12 16:31:24 - [TEST_STEP][PASSED] - verifyTextPresent("Payment Type:", true): Text 'Payment Type:' is present on page  using regular expression

2023-09-12 16:31:24 - [MESSAGE][PASSED] - Text 'Payment Type:' is present on page  using regular expression

2023-09-12 16:31:24 - [TEST_STEP][PASSED] - verifyTextPresent("Extension Payments", true): Text 'Extension Payments' is present on page  using regular expression

2023-09-12 16:31:24 - [MESSAGE][PASSED] - Text 'Extension Payments' is present on page  using regular expression

2023-09-12 16:31:24 - [TEST_STEP][PASSED] - verifyTextPresent("Filing Year:", true): Text 'Filing Year:' is present on page  using regular expression

2023-09-12 16:31:25 - [MESSAGE][PASSED] - Text 'Filing Year:' is present on page  using regular expression

2023-09-12 16:31:25 - [TEST_STEP][PASSED] - verifyTextPresent(FilingYear, true): Text '2022' is present on page  using regular expression

2023-09-12 16:31:25 - [MESSAGE][PASSED] - Text '2022' is present on page  using regular expression

2023-09-12 16:31:25 - [TEST_STEP][PASSED] - switch (TaxType): null

2023-09-12 16:31:25 - [TEST_STEP][PASSED] - verifyTextPresent("Payer Information", true): Text 'Payer Information' is present on page  using regular expression

2023-09-12 16:31:26 - [MESSAGE][PASSED] - Text 'Payer Information' is present on page  using regular expression

2023-09-12 16:31:26 - [TEST_STEP][PASSED] - verifyTextPresent("Taxpayer Name:", true): Text 'Taxpayer Name:' is present on page  using regular expression

2023-09-12 16:31:26 - [MESSAGE][PASSED] - Text 'Taxpayer Name:' is present on page  using regular expression

2023-09-12 16:31:26 - [TEST_STEP][PASSED] - verifyTextPresent("My Company", true): Text 'My Company' is present on page  using regular expression

2023-09-12 16:31:26 - [MESSAGE][PASSED] - Text 'My Company' is present on page  using regular expression

2023-09-12 16:31:26 - [TEST_STEP][PASSED] - verifyTextPresent("Taxpayer Address:", true): Text 'Taxpayer Address:' is present on page  using regular expression

2023-09-12 16:31:27 - [MESSAGE][PASSED] - Text 'Taxpayer Address:' is present on page  using regular expression

2023-09-12 16:31:27 - [TEST_STEP][PASSED] - verifyTextPresent("2508 Mandan Terrace Gambrills Maryland 21054", true): Text '2508 Mandan Terrace Gambrills Maryland 21054' is present on page  using regular expression

2023-09-12 16:31:27 - [MESSAGE][PASSED] - Text '2508 Mandan Terrace Gambrills Maryland 21054' is present on page  using regular expression

2023-09-12 16:31:27 - [TEST_STEP][PASSED] - verifyTextPresent("Email:", true): Text 'Email:' is present on page  using regular expression

2023-09-12 16:31:27 - [MESSAGE][PASSED] - Text 'Email:' is present on page  using regular expression

2023-09-12 16:31:27 - [TEST_STEP][PASSED] - verifyTextPresent("iahmed@govolution.com", true): Text 'iahmed@govolution.com' is present on page  using regular expression

2023-09-12 16:31:28 - [MESSAGE][PASSED] - Text 'iahmed@govolution.com' is present on page  using regular expression

2023-09-12 16:31:28 - [TEST_STEP][PASSED] - verifyTextPresent("Phone:", true): Text 'Phone:' is present on page  using regular expression

2023-09-12 16:31:28 - [MESSAGE][PASSED] - Text 'Phone:' is present on page  using regular expression

2023-09-12 16:31:28 - [TEST_STEP][PASSED] - verifyTextPresent("(703) 894-5000", false): Text '(703) 894-5000' is present on page 

2023-09-12 16:31:28 - [MESSAGE][PASSED] - Text '(703) 894-5000' is present on page 

2023-09-12 16:31:28 - [TEST_STEP][PASSED] - verifyTextPresent("Tax Information", true): Text 'Tax Information' is present on page  using regular expression

2023-09-12 16:31:29 - [MESSAGE][PASSED] - Text 'Tax Information' is present on page  using regular expression

2023-09-12 16:31:29 - [TEST_STEP][PASSED] - verifyTextPresent("Federal EIN:", true): Text 'Federal EIN:' is present on page  using regular expression

2023-09-12 16:31:29 - [MESSAGE][PASSED] - Text 'Federal EIN:' is present on page  using regular expression

2023-09-12 16:31:29 - [TEST_STEP][PASSED] - verifyTextPresent("Payment Amount:", true): Text 'Payment Amount:' is present on page  using regular expression

2023-09-12 16:31:30 - [MESSAGE][PASSED] - Text 'Payment Amount:' is present on page  using regular expression

2023-09-12 16:31:30 - [TEST_STEP][PASSED] - verifyTextPresent("100.00", true): Text '100.00' is present on page  using regular expression

2023-09-12 16:31:30 - [MESSAGE][PASSED] - Text '100.00' is present on page  using regular expression

2023-09-12 16:31:30 - [TEST_STEP][PASSED] - click(findTestObject(orPath_Summary + "/button_Proceed to Payment")): Object: 'Object Repository/RAD_Pages/Summary_Page/button_Proceed to Payment' is clicked on

2023-09-12 16:31:31 - [MESSAGE][PASSED] - Object: 'Object Repository/RAD_Pages/Summary_Page/button_Proceed to Payment' is clicked on

2023-09-12 16:31:31 - [TEST_STEP][PASSED] - verifyTextPresent("Comptroller of Maryland", true): Text 'Comptroller of Maryland' is present on page  using regular expression

2023-09-12 16:31:32 - [MESSAGE][PASSED] - Text 'Comptroller of Maryland' is present on page  using regular expression

2023-09-12 16:31:32 - [TEST_STEP][PASSED] - verifyTextPresent("Revenue Administration Division", true): Text 'Revenue Administration Division' is present on page  using regular expression

2023-09-12 16:31:32 - [MESSAGE][PASSED] - Text 'Revenue Administration Division' is present on page  using regular expression

2023-09-12 16:31:32 - [TEST_STEP][PASSED] - verifyTextPresent("Payment Information", true): Text 'Payment Information' is present on page  using regular expression

2023-09-12 16:31:32 - [MESSAGE][PASSED] - Text 'Payment Information' is present on page  using regular expression

2023-09-12 16:31:32 - [TEST_STEP][PASSED] - card_Name = getAttribute(findTestObject("Object Repository/RAD_Pages/PaymentEntry_Page/input__billingName"), "value"): Attribute 'value' of object 'Object Repository/RAD_Pages/PaymentEntry_Page/input__billingName' is: ''

2023-09-12 16:31:33 - [MESSAGE][PASSED] - Attribute 'value' of object 'Object Repository/RAD_Pages/PaymentEntry_Page/input__billingName' is: ''

2023-09-12 16:31:33 - [TEST_STEP][PASSED] - verifyMatch("", card_Name, false): Actual text '' and expected text '' are matched 

2023-09-12 16:31:33 - [MESSAGE][PASSED] - Actual text '' and expected text '' are matched 

2023-09-12 16:31:33 - [TEST_STEP][PASSED] - AL1 = getAttribute(findTestObject("Object Repository/RAD_Pages/PaymentEntry_Page/input_billingAddress"), "value"): Attribute 'value' of object 'Object Repository/RAD_Pages/PaymentEntry_Page/input_billingAddress' is: '2508 Mandan Terrace'

2023-09-12 16:31:33 - [MESSAGE][PASSED] - Attribute 'value' of object 'Object Repository/RAD_Pages/PaymentEntry_Page/input_billingAddress' is: '2508 Mandan Terrace'

2023-09-12 16:31:33 - [TEST_STEP][PASSED] - verifyMatch("2508 Mandan Terrace", AL1, false): Actual text '2508 Mandan Terrace' and expected text '2508 Mandan Terrace' are matched 

2023-09-12 16:31:33 - [MESSAGE][PASSED] - Actual text '2508 Mandan Terrace' and expected text '2508 Mandan Terrace' are matched 

2023-09-12 16:31:33 - [TEST_STEP][PASSED] - AL2 = getAttribute(findTestObject("Object Repository/RAD_Pages/PaymentEntry_Page/input_billingAddress2"), "value"): Attribute 'value' of object 'Object Repository/RAD_Pages/PaymentEntry_Page/input_billingAddress2' is: ''

2023-09-12 16:31:33 - [MESSAGE][PASSED] - Attribute 'value' of object 'Object Repository/RAD_Pages/PaymentEntry_Page/input_billingAddress2' is: ''

2023-09-12 16:31:33 - [TEST_STEP][PASSED] - verifyMatch("", AL2, false): Actual text '' and expected text '' are matched 

2023-09-12 16:31:33 - [MESSAGE][PASSED] - Actual text '' and expected text '' are matched 

2023-09-12 16:31:33 - [TEST_STEP][PASSED] - zipCode = getAttribute(findTestObject("Object Repository/RAD_Pages/PaymentEntry_Page/input_billingZip"), "value"): Attribute 'value' of object 'Object Repository/RAD_Pages/PaymentEntry_Page/input_billingZip' is: '21054'

2023-09-12 16:31:34 - [MESSAGE][PASSED] - Attribute 'value' of object 'Object Repository/RAD_Pages/PaymentEntry_Page/input_billingZip' is: '21054'

2023-09-12 16:31:34 - [TEST_STEP][PASSED] - verifyMatch("21054", zipCode, false): Actual text '21054' and expected text '21054' are matched 

2023-09-12 16:31:34 - [MESSAGE][PASSED] - Actual text '21054' and expected text '21054' are matched 

2023-09-12 16:31:34 - [TEST_STEP][PASSED] - city = getAttribute(findTestObject("Object Repository/RAD_Pages/PaymentEntry_Page/input_billingCity"), "value"): Attribute 'value' of object 'Object Repository/RAD_Pages/PaymentEntry_Page/input_billingCity' is: 'GAMBRILLS'

2023-09-12 16:31:34 - [MESSAGE][PASSED] - Attribute 'value' of object 'Object Repository/RAD_Pages/PaymentEntry_Page/input_billingCity' is: 'GAMBRILLS'

2023-09-12 16:31:34 - [TEST_STEP][PASSED] - verifyMatch("GAMBRILLS", city, false): Actual text 'GAMBRILLS' and expected text 'GAMBRILLS' are matched 

2023-09-12 16:31:34 - [MESSAGE][PASSED] - Actual text 'GAMBRILLS' and expected text 'GAMBRILLS' are matched 

2023-09-12 16:31:34 - [TEST_STEP][PASSED] - email = getAttribute(findTestObject("Object Repository/RAD_Pages/PaymentEntry_Page/input_emailAddress"), "value"): Attribute 'value' of object 'Object Repository/RAD_Pages/PaymentEntry_Page/input_emailAddress' is: 'iahmed@govolution.com'

2023-09-12 16:31:34 - [MESSAGE][PASSED] - Attribute 'value' of object 'Object Repository/RAD_Pages/PaymentEntry_Page/input_emailAddress' is: 'iahmed@govolution.com'

2023-09-12 16:31:34 - [TEST_STEP][PASSED] - verifyMatch("iahmed@govolution.com", email, false): Actual text 'iahmed@govolution.com' and expected text 'iahmed@govolution.com' are matched 

2023-09-12 16:31:34 - [MESSAGE][PASSED] - Actual text 'iahmed@govolution.com' and expected text 'iahmed@govolution.com' are matched 

2023-09-12 16:31:34 - [TEST_STEP][PASSED] - amount = getAttribute(findTestObject("Object Repository/RAD_Pages/PaymentEntry_Page/input_amount"), "value"): Attribute 'value' of object 'Object Repository/RAD_Pages/PaymentEntry_Page/input_amount' is: '100.00'

2023-09-12 16:31:35 - [MESSAGE][PASSED] - Attribute 'value' of object 'Object Repository/RAD_Pages/PaymentEntry_Page/input_amount' is: '100.00'

2023-09-12 16:31:35 - [TEST_STEP][PASSED] - verifyMatch("100.00", amount, false): Actual text '100.00' and expected text '100.00' are matched 

2023-09-12 16:31:35 - [MESSAGE][PASSED] - Actual text '100.00' and expected text '100.00' are matched 

2023-09-12 16:31:35 - [TEST_STEP][PASSED] - amountReadOnly = getAttribute(findTestObject("Object Repository/RAD_Pages/PaymentEntry_Page/input_amount"), "readonly"): Attribute 'readonly' of object 'Object Repository/RAD_Pages/PaymentEntry_Page/input_amount' is: 'true'

2023-09-12 16:31:35 - [MESSAGE][PASSED] - Attribute 'readonly' of object 'Object Repository/RAD_Pages/PaymentEntry_Page/input_amount' is: 'true'

2023-09-12 16:31:35 - [TEST_STEP][PASSED] - verifyMatch("true", amountReadOnly, false): Actual text 'true' and expected text 'true' are matched 

2023-09-12 16:31:35 - [MESSAGE][PASSED] - Actual text 'true' and expected text 'true' are matched 

2023-09-12 16:31:35 - [TEST_STEP][PASSED] - verifyOptionSelectedByLabel(findTestObject("Object Repository/RAD_Pages/PaymentEntry_Page/select_Country"), "United States", false, 20): All options with label 'United States' are selected in object 'Object Repository/RAD_Pages/PaymentEntry_Page/select_Country' 

2023-09-12 16:31:36 - [MESSAGE][PASSED] - All options with label 'United States' are selected in object 'Object Repository/RAD_Pages/PaymentEntry_Page/select_Country' 

2023-09-12 16:31:36 - [TEST_STEP][PASSED] - verifyOptionSelectedByLabel(findTestObject("Object Repository/RAD_Pages/PaymentEntry_Page/select_State"), "Maryland", false, 20): All options with label 'Maryland' are selected in object 'Object Repository/RAD_Pages/PaymentEntry_Page/select_State' 

2023-09-12 16:31:39 - [MESSAGE][PASSED] - All options with label 'Maryland' are selected in object 'Object Repository/RAD_Pages/PaymentEntry_Page/select_State' 

2023-09-12 16:31:39 - [TEST_STEP][PASSED] - setText(findTestObject("Object Repository/RAD_Pages/PaymentEntry_Page/input__billingName"), "Anthony Gonzalez"): Text 'Anthony Gonzalez' is set on object 'Object Repository/RAD_Pages/PaymentEntry_Page/input__billingName'

2023-09-12 16:31:39 - [MESSAGE][PASSED] - Text 'Anthony Gonzalez' is set on object 'Object Repository/RAD_Pages/PaymentEntry_Page/input__billingName'

2023-09-12 16:31:39 - [TEST_STEP][PASSED] - setText(findTestObject(orPath_PaymentEntry + "/input__cardNumber"), "4111111111111111"): Text '4111111111111111' is set on object 'Object Repository/RAD_Pages/PaymentEntry_Page/input__cardNumber'

2023-09-12 16:31:40 - [MESSAGE][PASSED] - Text '4111111111111111' is set on object 'Object Repository/RAD_Pages/PaymentEntry_Page/input__cardNumber'

2023-09-12 16:31:40 - [TEST_STEP][PASSED] - setText(findTestObject(orPath_PaymentEntry + "/input__spc"), "123"): Text '123' is set on object 'Object Repository/RAD_Pages/PaymentEntry_Page/input__spc'

2023-09-12 16:31:41 - [MESSAGE][PASSED] - Text '123' is set on object 'Object Repository/RAD_Pages/PaymentEntry_Page/input__spc'

2023-09-12 16:31:41 - [TEST_STEP][PASSED] - selectOptionByLabel(findTestObject(orPath_PaymentEntry + "/select_MM"), "12", false): All options with label '12' are selected in object 'Object Repository/RAD_Pages/PaymentEntry_Page/select_MM' 

2023-09-12 16:31:41 - [MESSAGE][PASSED] - All options with label '12' are selected in object 'Object Repository/RAD_Pages/PaymentEntry_Page/select_MM' 

2023-09-12 16:31:41 - [TEST_STEP][PASSED] - selectOptionByLabel(findTestObject(orPath_PaymentEntry + "/select_YYYY"), "2028", false): All options with label '2028' are selected in object 'Object Repository/RAD_Pages/PaymentEntry_Page/select_YYYY' 

2023-09-12 16:31:42 - [MESSAGE][PASSED] - All options with label '2028' are selected in object 'Object Repository/RAD_Pages/PaymentEntry_Page/select_YYYY' 

2023-09-12 16:31:42 - [TEST_STEP][PASSED] - click(findTestObject(orPath_PaymentEntry + "/input_Field_ccSubmit")): Object: 'Object Repository/RAD_Pages/PaymentEntry_Page/input_Field_ccSubmit' is clicked on

2023-09-12 16:31:43 - [MESSAGE][PASSED] - Object: 'Object Repository/RAD_Pages/PaymentEntry_Page/input_Field_ccSubmit' is clicked on

2023-09-12 16:31:43 - [TEST_STEP][PASSED] - click(findTestObject(orPath_PaymentConfirmation + "/input_N_confirmNotifyAction")): Object: 'Object Repository/RAD_Pages/PaymentConfirmation_Page/input_N_confirmNotifyAction' is clicked on

2023-09-12 16:31:44 - [MESSAGE][PASSED] - Object: 'Object Repository/RAD_Pages/PaymentConfirmation_Page/input_N_confirmNotifyAction' is clicked on

2023-09-12 16:31:44 - [TEST_STEP][PASSED] - verifyTextPresent("Service Fee Acceptance", true): Text 'Service Fee Acceptance' is present on page  using regular expression

2023-09-12 16:31:44 - [MESSAGE][PASSED] - Text 'Service Fee Acceptance' is present on page  using regular expression

2023-09-12 16:31:44 - [TEST_STEP][PASSED] - verifyTextPresent("This transaction is subject to a Service Fee of ", true): Text 'This transaction is subject to a Service Fee of ' is present on page  using regular expression

2023-09-12 16:31:45 - [MESSAGE][PASSED] - Text 'This transaction is subject to a Service Fee of ' is present on page  using regular expression

2023-09-12 16:31:45 - [TEST_STEP][PASSED] - verifyTextPresent("Payment Amount:", true): Text 'Payment Amount:' is present on page  using regular expression

2023-09-12 16:31:45 - [MESSAGE][PASSED] - Text 'Payment Amount:' is present on page  using regular expression

2023-09-12 16:31:45 - [TEST_STEP][PASSED] - verifyTextPresent("100.00", true): Text '100.00' is present on page  using regular expression

2023-09-12 16:31:45 - [MESSAGE][PASSED] - Text '100.00' is present on page  using regular expression

2023-09-12 16:31:45 - [TEST_STEP][PASSED] - verifyTextPresent("Service Fee:", true): Text 'Service Fee:' is present on page  using regular expression

2023-09-12 16:31:45 - [MESSAGE][PASSED] - Text 'Service Fee:' is present on page  using regular expression

2023-09-12 16:31:45 - [TEST_STEP][PASSED] - verifyTextPresent("2.45", true): Text '2.45' is present on page  using regular expression

2023-09-12 16:31:46 - [MESSAGE][PASSED] - Text '2.45' is present on page  using regular expression

2023-09-12 16:31:46 - [TEST_STEP][PASSED] - verifyTextPresent("Total Amount:", true): Text 'Total Amount:' is present on page  using regular expression

2023-09-12 16:31:46 - [MESSAGE][PASSED] - Text 'Total Amount:' is present on page  using regular expression

2023-09-12 16:31:46 - [TEST_STEP][PASSED] - verifyTextPresent("102.45", true): Text '102.45' is present on page  using regular expression

2023-09-12 16:31:46 - [MESSAGE][PASSED] - Text '102.45' is present on page  using regular expression

2023-09-12 16:31:46 - [TEST_STEP][PASSED] - verifyTextPresent("Two transactions will appear on your bank statement, one in the amount of", true): Text 'Two transactions will appear on your bank statement, one in the amount of' is present on page  using regular expression

2023-09-12 16:31:47 - [MESSAGE][PASSED] - Text 'Two transactions will appear on your bank statement, one in the amount of' is present on page  using regular expression

2023-09-12 16:31:47 - [TEST_STEP][PASSED] - verifyElementPresent(findTestObject(orPath_ServiceFeesAccept + "/input_convFeeNotifyAction"), 30): Object 'Object Repository/RAD_Pages/ServiceFeeAccept_Page/input_convFeeNotifyAction' is present

2023-09-12 16:31:47 - [MESSAGE][PASSED] - Object 'Object Repository/RAD_Pages/ServiceFeeAccept_Page/input_convFeeNotifyAction' is present

2023-09-12 16:31:47 - [TEST_STEP][PASSED] - ExecuteTC = findTestData(dataFile).getValue("Execute", row): null

2023-09-12 16:31:47 - [TEST_STEP][PASSED] - TaxType = findTestData(dataFile).getValue("TaxType", row): null

2023-09-12 16:31:47 - [TEST_STEP][PASSED] - PaymentType = findTestData(dataFile).getValue("PaymentType", row): null

2023-09-12 16:31:47 - [TEST_STEP][PASSED] - FilingYear = findTestData(dataFile).getValue("Year", row): null

2023-09-12 16:31:47 - [TEST_STEP][PASSED] - PeriodEndingMonth = findTestData(dataFile).getValue("Month", row): null

2023-09-12 16:31:47 - [TEST_STEP][PASSED] - if (ExecuteTC.equalsIgnoreCase("Y")): Object 'Object Repository/RAD_Pages/ServiceFeeAccept_Page/input_convFeeNotifyAction' is present

2023-09-12 16:31:47 - [TEST_STEP][PASSED] - out.println("Begin Record Number: " + row): null

2023-09-12 16:31:47 - [TEST_STEP][PASSED] - today = new java.util.Date(): null

2023-09-12 16:31:47 - [TEST_STEP][PASSED] - println(today): null

2023-09-12 16:31:47 - [TEST_STEP][PASSED] - datText = today: null

2023-09-12 16:31:47 - [TEST_STEP][PASSED] - logInfo("Payment Type: Quarterly Estimated Tax"): Payment Type: Quarterly Estimated Tax

2023-09-12 16:31:47 - [MESSAGE][INFO] - Payment Type: Quarterly Estimated Tax

2023-09-12 16:31:47 - [TEST_STEP][PASSED] - logInfo("Tax Type: " + TaxType): Tax Type: PTE Tax Electing S Corp

2023-09-12 16:31:47 - [MESSAGE][INFO] - Tax Type: PTE Tax Electing S Corp

2023-09-12 16:31:47 - [TEST_STEP][PASSED] - openBrowser(""): Browser is opened with url: ''

2023-09-12 16:31:47 - [MESSAGE][WARNING] - A browser is already opened. Closing browser and opening a new one

2023-09-12 16:31:48 - [MESSAGE][INFO] - Starting 'Chrome' driver

2023-09-12 16:31:48 - [MESSAGE][INFO] - User set preference: ['acceptInsecureCerts', 'true']

2023-09-12 16:31:48 - [MESSAGE][INFO] - Action delay is set to 0 milliseconds

2023-09-12 16:31:50 - [MESSAGE][PASSED] - Browser is opened with url: ''

2023-09-12 16:31:50 - [TEST_STEP][PASSED] - maximizeWindow(): Current window maximized

2023-09-12 16:31:50 - [MESSAGE][PASSED] - Current window maximized

2023-09-12 16:31:50 - [TEST_STEP][PASSED] - navigateToUrl(RADurl): Navigate to 'https://demo.velocitypayment.com/client/rad/index.html' successfully

2023-09-12 16:31:51 - [MESSAGE][PASSED] - Navigate to 'https://demo.velocitypayment.com/client/rad/index.html' successfully

2023-09-12 16:31:51 - [TEST_STEP][PASSED] - selectOptionByLabel(findTestObject(orPath_Landing + "/dd_TaxType"), "Extension Payments", false): All options with label 'Extension Payments' are selected in object 'Object Repository/RAD_Pages/Landing_Page/dd_TaxType' 

2023-09-12 16:31:52 - [MESSAGE][PASSED] - All options with label 'Extension Payments' are selected in object 'Object Repository/RAD_Pages/Landing_Page/dd_TaxType' 

2023-09-12 16:31:52 - [TEST_STEP][PASSED] - selectOptionByLabel(findTestObject(orPath_TaxTypeFilingYear + "/select_PaymentType"), TaxType, false): All options with label 'PTE Tax Electing S Corp' are selected in object 'Object Repository/RAD_Pages/TaxTypeFilingYear_Page/select_PaymentType' 

2023-09-12 16:31:53 - [MESSAGE][PASSED] - All options with label 'PTE Tax Electing S Corp' are selected in object 'Object Repository/RAD_Pages/TaxTypeFilingYear_Page/select_PaymentType' 

2023-09-12 16:31:53 - [TEST_STEP][PASSED] - selectOptionByLabel(findTestObject(orPath_TaxTypeFilingYear + "/select_FilingYear"), FilingYear, false): All options with label '2022' are selected in object 'Object Repository/RAD_Pages/TaxTypeFilingYear_Page/select_FilingYear' 

2023-09-12 16:31:53 - [MESSAGE][PASSED] - All options with label '2022' are selected in object 'Object Repository/RAD_Pages/TaxTypeFilingYear_Page/select_FilingYear' 

2023-09-12 16:31:53 - [TEST_STEP][PASSED] - switch (TaxType): null

2023-09-12 16:31:53 - [TEST_STEP][PASSED] - rad.getSetDataRAD.setDataRADBusinessName(): rad.getSetDataRAD.setDataRADBusinessName is PASSED

2023-09-12 16:31:54 - [MESSAGE][PASSED] - Text 'My Company' is set on object 'Object Repository/RAD_Pages/Taxpayer_Page/input_businessName'

2023-09-12 16:31:54 - [MESSAGE][PASSED] - rad.getSetDataRAD.setDataRADBusinessName is PASSED

2023-09-12 16:31:54 - [TEST_STEP][PASSED] - rad.getSetDataRAD.setDataRADAddress(): rad.getSetDataRAD.setDataRADAddress is PASSED

2023-09-12 16:31:56 - [MESSAGE][PASSED] - All options with label 'United States' are selected in object 'Object Repository/RAD_Pages/AddressAndContactInfo_Page/select_Country' 

2023-09-12 16:31:56 - [MESSAGE][PASSED] - Text '2508 Mandan Terrace' is set on object 'Object Repository/RAD_Pages/AddressAndContactInfo_Page/input_streetAddress1'

2023-09-12 16:31:57 - [MESSAGE][PASSED] - Text '' is set on object 'Object Repository/RAD_Pages/AddressAndContactInfo_Page/input_streetAddress2'

2023-09-12 16:31:58 - [MESSAGE][PASSED] - Text 'Gambrills' is set on object 'Object Repository/RAD_Pages/AddressAndContactInfo_Page/input_city'

2023-09-12 16:31:59 - [MESSAGE][PASSED] - All options with label 'Maryland' are selected in object 'Object Repository/RAD_Pages/AddressAndContactInfo_Page/select_State' 

2023-09-12 16:32:00 - [MESSAGE][PASSED] - Text '21054' is set on object 'Object Repository/RAD_Pages/AddressAndContactInfo_Page/input_zipCode'

2023-09-12 16:32:01 - [MESSAGE][PASSED] - Text '(703) 894-5000' is set on object 'Object Repository/RAD_Pages/AddressAndContactInfo_Page/input_phoneNumber'

2023-09-12 16:32:02 - [MESSAGE][PASSED] - Text 'iahmed@govolution.com' is set on object 'Object Repository/RAD_Pages/AddressAndContactInfo_Page/input_eMailAddress'

2023-09-12 16:32:03 - [MESSAGE][PASSED] - Text 'iahmed@govolution.com' is set on object 'Object Repository/RAD_Pages/AddressAndContactInfo_Page/input_reEnterEMailAddress'

2023-09-12 16:32:03 - [MESSAGE][PASSED] - rad.getSetDataRAD.setDataRADAddress is PASSED

2023-09-12 16:32:03 - [TEST_STEP][PASSED] - rad.getSetDataRAD.setDataRADFEIN(): rad.getSetDataRAD.setDataRADFEIN is PASSED

2023-09-12 16:32:04 - [MESSAGE][PASSED] - Text ****** has been set on object 'Object Repository/RAD_Pages/TaxInfo_Page/input_FederalEIN'

2023-09-12 16:32:04 - [MESSAGE][PASSED] - Text ****** has been set on object 'Object Repository/RAD_Pages/TaxInfo_Page/input_FederalEIN_ReEnter'

2023-09-12 16:32:04 - [MESSAGE][PASSED] - rad.getSetDataRAD.setDataRADFEIN is PASSED

2023-09-12 16:32:04 - [TEST_STEP][PASSED] - setText(findTestObject(orPath_Amount + "/input__paymentAmount"), "100.00"): Text '100.00' is set on object 'Object Repository/RAD_Pages/PaymentAmount_Page/input__paymentAmount'

2023-09-12 16:32:05 - [MESSAGE][PASSED] - Text '100.00' is set on object 'Object Repository/RAD_Pages/PaymentAmount_Page/input__paymentAmount'

2023-09-12 16:32:05 - [TEST_STEP][PASSED] - setText(findTestObject(orPath_AddressContact + "/input_streetAddress2"), ""): Text '' is set on object 'Object Repository/RAD_Pages/AddressAndContactInfo_Page/input_streetAddress2'

2023-09-12 16:32:06 - [MESSAGE][PASSED] - Text '' is set on object 'Object Repository/RAD_Pages/AddressAndContactInfo_Page/input_streetAddress2'

2023-09-12 16:32:06 - [TEST_STEP][PASSED] - scrollToElement(findTestObject(orPath_Landing + "/button_Continue"), 3): Scroll to object 'Object Repository/RAD_Pages/Landing_Page/button_Continue' successfully

2023-09-12 16:32:06 - [MESSAGE][PASSED] - Scroll to object 'Object Repository/RAD_Pages/Landing_Page/button_Continue' successfully

2023-09-12 16:32:06 - [TEST_STEP][PASSED] - waitForElementClickable(findTestObject(orPath_Landing + "/button_Continue"), 5): Object 'Object Repository/RAD_Pages/Landing_Page/button_Continue' is clickable

2023-09-12 16:32:07 - [MESSAGE][PASSED] - Object 'Object Repository/RAD_Pages/Landing_Page/button_Continue' is clickable

2023-09-12 16:32:07 - [TEST_STEP][PASSED] - click(findTestObject(orPath_Landing + "/button_Continue")): Object: 'Object Repository/RAD_Pages/Landing_Page/button_Continue' is clicked on

2023-09-12 16:32:07 - [MESSAGE][PASSED] - Object: 'Object Repository/RAD_Pages/Landing_Page/button_Continue' is clicked on

2023-09-12 16:32:07 - [TEST_STEP][PASSED] - delay(2): Delayed 2 second(s)

2023-09-12 16:32:09 - [MESSAGE][PASSED] - Delayed 2 second(s)

2023-09-12 16:32:09 - [TEST_STEP][PASSED] - verifyTextPresent("Summary", true): Text 'Summary' is present on page  using regular expression

2023-09-12 16:32:10 - [MESSAGE][PASSED] - Text 'Summary' is present on page  using regular expression

2023-09-12 16:32:10 - [TEST_STEP][PASSED] - verifyTextPresent("Review the information below and make any necessary corrections by clicking the", true): Text 'Review the information below and make any necessary corrections by clicking the' is present on page  using regular expression

2023-09-12 16:32:10 - [MESSAGE][PASSED] - Text 'Review the information below and make any necessary corrections by clicking the' is present on page  using regular expression

2023-09-12 16:32:10 - [TEST_STEP][PASSED] - verifyTextPresent("When you are confident that all the information is correct, click the", true): Text 'When you are confident that all the information is correct, click the' is present on page  using regular expression

2023-09-12 16:32:10 - [MESSAGE][PASSED] - Text 'When you are confident that all the information is correct, click the' is present on page  using regular expression

2023-09-12 16:32:10 - [TEST_STEP][PASSED] - verifyTextPresent("Payment Type/Filing Year", true): Text 'Payment Type/Filing Year' is present on page  using regular expression

2023-09-12 16:32:11 - [MESSAGE][PASSED] - Text 'Payment Type/Filing Year' is present on page  using regular expression

2023-09-12 16:32:11 - [TEST_STEP][PASSED] - verifyTextPresent("Payment Type:", true): Text 'Payment Type:' is present on page  using regular expression

2023-09-12 16:32:11 - [MESSAGE][PASSED] - Text 'Payment Type:' is present on page  using regular expression

2023-09-12 16:32:11 - [TEST_STEP][PASSED] - verifyTextPresent("Extension Payments", true): Text 'Extension Payments' is present on page  using regular expression

2023-09-12 16:32:12 - [MESSAGE][PASSED] - Text 'Extension Payments' is present on page  using regular expression

2023-09-12 16:32:12 - [TEST_STEP][PASSED] - verifyTextPresent("Filing Year:", true): Text 'Filing Year:' is present on page  using regular expression

2023-09-12 16:32:12 - [MESSAGE][PASSED] - Text 'Filing Year:' is present on page  using regular expression

2023-09-12 16:32:12 - [TEST_STEP][PASSED] - verifyTextPresent(FilingYear, true): Text '2022' is present on page  using regular expression

2023-09-12 16:32:12 - [MESSAGE][PASSED] - Text '2022' is present on page  using regular expression

2023-09-12 16:32:12 - [TEST_STEP][PASSED] - switch (TaxType): null

2023-09-12 16:32:12 - [TEST_STEP][PASSED] - verifyTextPresent("Payer Information", true): Text 'Payer Information' is present on page  using regular expression

2023-09-12 16:32:13 - [MESSAGE][PASSED] - Text 'Payer Information' is present on page  using regular expression

2023-09-12 16:32:13 - [TEST_STEP][PASSED] - verifyTextPresent("Taxpayer Name:", true): Text 'Taxpayer Name:' is present on page  using regular expression

2023-09-12 16:32:13 - [MESSAGE][PASSED] - Text 'Taxpayer Name:' is present on page  using regular expression

2023-09-12 16:32:13 - [TEST_STEP][PASSED] - verifyTextPresent("My Company", true): Text 'My Company' is present on page  using regular expression

2023-09-12 16:32:13 - [MESSAGE][PASSED] - Text 'My Company' is present on page  using regular expression

2023-09-12 16:32:13 - [TEST_STEP][PASSED] - verifyTextPresent("Taxpayer Address:", true): Text 'Taxpayer Address:' is present on page  using regular expression

2023-09-12 16:32:14 - [MESSAGE][PASSED] - Text 'Taxpayer Address:' is present on page  using regular expression

2023-09-12 16:32:14 - [TEST_STEP][PASSED] - verifyTextPresent("2508 Mandan Terrace Gambrills Maryland 21054", true): Text '2508 Mandan Terrace Gambrills Maryland 21054' is present on page  using regular expression

2023-09-12 16:32:14 - [MESSAGE][PASSED] - Text '2508 Mandan Terrace Gambrills Maryland 21054' is present on page  using regular expression

2023-09-12 16:32:14 - [TEST_STEP][PASSED] - verifyTextPresent("Email:", true): Text 'Email:' is present on page  using regular expression

2023-09-12 16:32:14 - [MESSAGE][PASSED] - Text 'Email:' is present on page  using regular expression

2023-09-12 16:32:14 - [TEST_STEP][PASSED] - verifyTextPresent("iahmed@govolution.com", true): Text 'iahmed@govolution.com' is present on page  using regular expression

2023-09-12 16:32:15 - [MESSAGE][PASSED] - Text 'iahmed@govolution.com' is present on page  using regular expression

2023-09-12 16:32:15 - [TEST_STEP][PASSED] - verifyTextPresent("Phone:", true): Text 'Phone:' is present on page  using regular expression

2023-09-12 16:32:15 - [MESSAGE][PASSED] - Text 'Phone:' is present on page  using regular expression

2023-09-12 16:32:15 - [TEST_STEP][PASSED] - verifyTextPresent("(703) 894-5000", false): Text '(703) 894-5000' is present on page 

2023-09-12 16:32:16 - [MESSAGE][PASSED] - Text '(703) 894-5000' is present on page 

2023-09-12 16:32:16 - [TEST_STEP][PASSED] - verifyTextPresent("Tax Information", true): Text 'Tax Information' is present on page  using regular expression

2023-09-12 16:32:16 - [MESSAGE][PASSED] - Text 'Tax Information' is present on page  using regular expression

2023-09-12 16:32:16 - [TEST_STEP][PASSED] - verifyTextPresent("Federal EIN:", true): Text 'Federal EIN:' is present on page  using regular expression

2023-09-12 16:32:16 - [MESSAGE][PASSED] - Text 'Federal EIN:' is present on page  using regular expression

2023-09-12 16:32:16 - [TEST_STEP][PASSED] - verifyTextPresent("Payment Amount:", true): Text 'Payment Amount:' is present on page  using regular expression

2023-09-12 16:32:17 - [MESSAGE][PASSED] - Text 'Payment Amount:' is present on page  using regular expression

2023-09-12 16:32:17 - [TEST_STEP][PASSED] - verifyTextPresent("100.00", true): Text '100.00' is present on page  using regular expression

2023-09-12 16:32:17 - [MESSAGE][PASSED] - Text '100.00' is present on page  using regular expression

2023-09-12 16:32:17 - [TEST_STEP][PASSED] - click(findTestObject(orPath_Summary + "/button_Proceed to Payment")): Object: 'Object Repository/RAD_Pages/Summary_Page/button_Proceed to Payment' is clicked on

2023-09-12 16:32:18 - [MESSAGE][PASSED] - Object: 'Object Repository/RAD_Pages/Summary_Page/button_Proceed to Payment' is clicked on

2023-09-12 16:32:18 - [TEST_STEP][PASSED] - verifyTextPresent("Comptroller of Maryland", true): Text 'Comptroller of Maryland' is present on page  using regular expression

2023-09-12 16:32:19 - [MESSAGE][PASSED] - Text 'Comptroller of Maryland' is present on page  using regular expression

2023-09-12 16:32:19 - [TEST_STEP][PASSED] - verifyTextPresent("Revenue Administration Division", true): Text 'Revenue Administration Division' is present on page  using regular expression

2023-09-12 16:32:19 - [MESSAGE][PASSED] - Text 'Revenue Administration Division' is present on page  using regular expression

2023-09-12 16:32:19 - [TEST_STEP][PASSED] - verifyTextPresent("Payment Information", true): Text 'Payment Information' is present on page  using regular expression

2023-09-12 16:32:19 - [MESSAGE][PASSED] - Text 'Payment Information' is present on page  using regular expression

2023-09-12 16:32:19 - [TEST_STEP][PASSED] - card_Name = getAttribute(findTestObject("Object Repository/RAD_Pages/PaymentEntry_Page/input__billingName"), "value"): Attribute 'value' of object 'Object Repository/RAD_Pages/PaymentEntry_Page/input__billingName' is: ''

2023-09-12 16:32:20 - [MESSAGE][PASSED] - Attribute 'value' of object 'Object Repository/RAD_Pages/PaymentEntry_Page/input__billingName' is: ''

2023-09-12 16:32:20 - [TEST_STEP][PASSED] - verifyMatch("", card_Name, false): Actual text '' and expected text '' are matched 

2023-09-12 16:32:20 - [MESSAGE][PASSED] - Actual text '' and expected text '' are matched 

2023-09-12 16:32:20 - [TEST_STEP][PASSED] - AL1 = getAttribute(findTestObject("Object Repository/RAD_Pages/PaymentEntry_Page/input_billingAddress"), "value"): Attribute 'value' of object 'Object Repository/RAD_Pages/PaymentEntry_Page/input_billingAddress' is: '2508 Mandan Terrace'

2023-09-12 16:32:20 - [MESSAGE][PASSED] - Attribute 'value' of object 'Object Repository/RAD_Pages/PaymentEntry_Page/input_billingAddress' is: '2508 Mandan Terrace'

2023-09-12 16:32:20 - [TEST_STEP][PASSED] - verifyMatch("2508 Mandan Terrace", AL1, false): Actual text '2508 Mandan Terrace' and expected text '2508 Mandan Terrace' are matched 

2023-09-12 16:32:20 - [MESSAGE][PASSED] - Actual text '2508 Mandan Terrace' and expected text '2508 Mandan Terrace' are matched 

2023-09-12 16:32:20 - [TEST_STEP][PASSED] - AL2 = getAttribute(findTestObject("Object Repository/RAD_Pages/PaymentEntry_Page/input_billingAddress2"), "value"): Attribute 'value' of object 'Object Repository/RAD_Pages/PaymentEntry_Page/input_billingAddress2' is: ''

2023-09-12 16:32:20 - [MESSAGE][PASSED] - Attribute 'value' of object 'Object Repository/RAD_Pages/PaymentEntry_Page/input_billingAddress2' is: ''

2023-09-12 16:32:20 - [TEST_STEP][PASSED] - verifyMatch("", AL2, false): Actual text '' and expected text '' are matched 

2023-09-12 16:32:20 - [MESSAGE][PASSED] - Actual text '' and expected text '' are matched 

2023-09-12 16:32:20 - [TEST_STEP][PASSED] - zipCode = getAttribute(findTestObject("Object Repository/RAD_Pages/PaymentEntry_Page/input_billingZip"), "value"): Attribute 'value' of object 'Object Repository/RAD_Pages/PaymentEntry_Page/input_billingZip' is: '21054'

2023-09-12 16:32:21 - [MESSAGE][PASSED] - Attribute 'value' of object 'Object Repository/RAD_Pages/PaymentEntry_Page/input_billingZip' is: '21054'

2023-09-12 16:32:21 - [TEST_STEP][PASSED] - verifyMatch("21054", zipCode, false): Actual text '21054' and expected text '21054' are matched 

2023-09-12 16:32:21 - [MESSAGE][PASSED] - Actual text '21054' and expected text '21054' are matched 

2023-09-12 16:32:21 - [TEST_STEP][PASSED] - city = getAttribute(findTestObject("Object Repository/RAD_Pages/PaymentEntry_Page/input_billingCity"), "value"): Attribute 'value' of object 'Object Repository/RAD_Pages/PaymentEntry_Page/input_billingCity' is: 'GAMBRILLS'

2023-09-12 16:32:21 - [MESSAGE][PASSED] - Attribute 'value' of object 'Object Repository/RAD_Pages/PaymentEntry_Page/input_billingCity' is: 'GAMBRILLS'

2023-09-12 16:32:21 - [TEST_STEP][PASSED] - verifyMatch("GAMBRILLS", city, false): Actual text 'GAMBRILLS' and expected text 'GAMBRILLS' are matched 

2023-09-12 16:32:21 - [MESSAGE][PASSED] - Actual text 'GAMBRILLS' and expected text 'GAMBRILLS' are matched 

2023-09-12 16:32:21 - [TEST_STEP][PASSED] - email = getAttribute(findTestObject("Object Repository/RAD_Pages/PaymentEntry_Page/input_emailAddress"), "value"): Attribute 'value' of object 'Object Repository/RAD_Pages/PaymentEntry_Page/input_emailAddress' is: 'iahmed@govolution.com'

2023-09-12 16:32:21 - [MESSAGE][PASSED] - Attribute 'value' of object 'Object Repository/RAD_Pages/PaymentEntry_Page/input_emailAddress' is: 'iahmed@govolution.com'

2023-09-12 16:32:21 - [TEST_STEP][PASSED] - verifyMatch("iahmed@govolution.com", email, false): Actual text 'iahmed@govolution.com' and expected text 'iahmed@govolution.com' are matched 

2023-09-12 16:32:21 - [MESSAGE][PASSED] - Actual text 'iahmed@govolution.com' and expected text 'iahmed@govolution.com' are matched 

2023-09-12 16:32:21 - [TEST_STEP][PASSED] - amount = getAttribute(findTestObject("Object Repository/RAD_Pages/PaymentEntry_Page/input_amount"), "value"): Attribute 'value' of object 'Object Repository/RAD_Pages/PaymentEntry_Page/input_amount' is: '100.00'

2023-09-12 16:32:22 - [MESSAGE][PASSED] - Attribute 'value' of object 'Object Repository/RAD_Pages/PaymentEntry_Page/input_amount' is: '100.00'

2023-09-12 16:32:22 - [TEST_STEP][PASSED] - verifyMatch("100.00", amount, false): Actual text '100.00' and expected text '100.00' are matched 

2023-09-12 16:32:22 - [MESSAGE][PASSED] - Actual text '100.00' and expected text '100.00' are matched 

2023-09-12 16:32:22 - [TEST_STEP][PASSED] - amountReadOnly = getAttribute(findTestObject("Object Repository/RAD_Pages/PaymentEntry_Page/input_amount"), "readonly"): Attribute 'readonly' of object 'Object Repository/RAD_Pages/PaymentEntry_Page/input_amount' is: 'true'

2023-09-12 16:32:22 - [MESSAGE][PASSED] - Attribute 'readonly' of object 'Object Repository/RAD_Pages/PaymentEntry_Page/input_amount' is: 'true'

2023-09-12 16:32:22 - [TEST_STEP][PASSED] - verifyMatch("true", amountReadOnly, false): Actual text 'true' and expected text 'true' are matched 

2023-09-12 16:32:22 - [MESSAGE][PASSED] - Actual text 'true' and expected text 'true' are matched 

2023-09-12 16:32:22 - [TEST_STEP][PASSED] - verifyOptionSelectedByLabel(findTestObject("Object Repository/RAD_Pages/PaymentEntry_Page/select_Country"), "United States", false, 20): All options with label 'United States' are selected in object 'Object Repository/RAD_Pages/PaymentEntry_Page/select_Country' 

2023-09-12 16:32:23 - [MESSAGE][PASSED] - All options with label 'United States' are selected in object 'Object Repository/RAD_Pages/PaymentEntry_Page/select_Country' 

2023-09-12 16:32:23 - [TEST_STEP][PASSED] - verifyOptionSelectedByLabel(findTestObject("Object Repository/RAD_Pages/PaymentEntry_Page/select_State"), "Maryland", false, 20): All options with label 'Maryland' are selected in object 'Object Repository/RAD_Pages/PaymentEntry_Page/select_State' 

2023-09-12 16:32:26 - [MESSAGE][PASSED] - All options with label 'Maryland' are selected in object 'Object Repository/RAD_Pages/PaymentEntry_Page/select_State' 

2023-09-12 16:32:26 - [TEST_STEP][PASSED] - setText(findTestObject("Object Repository/RAD_Pages/PaymentEntry_Page/input__billingName"), "Anthony Gonzalez"): Text 'Anthony Gonzalez' is set on object 'Object Repository/RAD_Pages/PaymentEntry_Page/input__billingName'

2023-09-12 16:32:27 - [MESSAGE][PASSED] - Text 'Anthony Gonzalez' is set on object 'Object Repository/RAD_Pages/PaymentEntry_Page/input__billingName'

2023-09-12 16:32:27 - [TEST_STEP][PASSED] - setText(findTestObject(orPath_PaymentEntry + "/input__cardNumber"), "4111111111111111"): Text '4111111111111111' is set on object 'Object Repository/RAD_Pages/PaymentEntry_Page/input__cardNumber'

2023-09-12 16:32:27 - [MESSAGE][PASSED] - Text '4111111111111111' is set on object 'Object Repository/RAD_Pages/PaymentEntry_Page/input__cardNumber'

2023-09-12 16:32:27 - [TEST_STEP][PASSED] - setText(findTestObject(orPath_PaymentEntry + "/input__spc"), "123"): Text '123' is set on object 'Object Repository/RAD_Pages/PaymentEntry_Page/input__spc'

2023-09-12 16:32:28 - [MESSAGE][PASSED] - Text '123' is set on object 'Object Repository/RAD_Pages/PaymentEntry_Page/input__spc'

2023-09-12 16:32:28 - [TEST_STEP][PASSED] - selectOptionByLabel(findTestObject(orPath_PaymentEntry + "/select_MM"), "12", false): All options with label '12' are selected in object 'Object Repository/RAD_Pages/PaymentEntry_Page/select_MM' 

2023-09-12 16:32:29 - [MESSAGE][PASSED] - All options with label '12' are selected in object 'Object Repository/RAD_Pages/PaymentEntry_Page/select_MM' 

2023-09-12 16:32:29 - [TEST_STEP][PASSED] - selectOptionByLabel(findTestObject(orPath_PaymentEntry + "/select_YYYY"), "2028", false): All options with label '2028' are selected in object 'Object Repository/RAD_Pages/PaymentEntry_Page/select_YYYY' 

2023-09-12 16:32:30 - [MESSAGE][PASSED] - All options with label '2028' are selected in object 'Object Repository/RAD_Pages/PaymentEntry_Page/select_YYYY' 

2023-09-12 16:32:30 - [TEST_STEP][PASSED] - click(findTestObject(orPath_PaymentEntry + "/input_Field_ccSubmit")): Object: 'Object Repository/RAD_Pages/PaymentEntry_Page/input_Field_ccSubmit' is clicked on

2023-09-12 16:32:30 - [MESSAGE][PASSED] - Object: 'Object Repository/RAD_Pages/PaymentEntry_Page/input_Field_ccSubmit' is clicked on

2023-09-12 16:32:30 - [TEST_STEP][PASSED] - click(findTestObject(orPath_PaymentConfirmation + "/input_N_confirmNotifyAction")): Object: 'Object Repository/RAD_Pages/PaymentConfirmation_Page/input_N_confirmNotifyAction' is clicked on

2023-09-12 16:32:31 - [MESSAGE][PASSED] - Object: 'Object Repository/RAD_Pages/PaymentConfirmation_Page/input_N_confirmNotifyAction' is clicked on

2023-09-12 16:32:31 - [TEST_STEP][PASSED] - verifyTextPresent("Service Fee Acceptance", true): Text 'Service Fee Acceptance' is present on page  using regular expression

2023-09-12 16:32:32 - [MESSAGE][PASSED] - Text 'Service Fee Acceptance' is present on page  using regular expression

2023-09-12 16:32:32 - [TEST_STEP][PASSED] - verifyTextPresent("This transaction is subject to a Service Fee of ", true): Text 'This transaction is subject to a Service Fee of ' is present on page  using regular expression

2023-09-12 16:32:32 - [MESSAGE][PASSED] - Text 'This transaction is subject to a Service Fee of ' is present on page  using regular expression

2023-09-12 16:32:32 - [TEST_STEP][PASSED] - verifyTextPresent("Payment Amount:", true): Text 'Payment Amount:' is present on page  using regular expression

2023-09-12 16:32:32 - [MESSAGE][PASSED] - Text 'Payment Amount:' is present on page  using regular expression

2023-09-12 16:32:32 - [TEST_STEP][PASSED] - verifyTextPresent("100.00", true): Text '100.00' is present on page  using regular expression

2023-09-12 16:32:33 - [MESSAGE][PASSED] - Text '100.00' is present on page  using regular expression

2023-09-12 16:32:33 - [TEST_STEP][PASSED] - verifyTextPresent("Service Fee:", true): Text 'Service Fee:' is present on page  using regular expression

2023-09-12 16:32:33 - [MESSAGE][PASSED] - Text 'Service Fee:' is present on page  using regular expression

2023-09-12 16:32:33 - [TEST_STEP][PASSED] - verifyTextPresent("2.45", true): Text '2.45' is present on page  using regular expression

2023-09-12 16:32:33 - [MESSAGE][PASSED] - Text '2.45' is present on page  using regular expression

2023-09-12 16:32:33 - [TEST_STEP][PASSED] - verifyTextPresent("Total Amount:", true): Text 'Total Amount:' is present on page  using regular expression

2023-09-12 16:32:34 - [MESSAGE][PASSED] - Text 'Total Amount:' is present on page  using regular expression

2023-09-12 16:32:34 - [TEST_STEP][PASSED] - verifyTextPresent("102.45", true): Text '102.45' is present on page  using regular expression

2023-09-12 16:32:34 - [MESSAGE][PASSED] - Text '102.45' is present on page  using regular expression

2023-09-12 16:32:34 - [TEST_STEP][PASSED] - verifyTextPresent("Two transactions will appear on your bank statement, one in the amount of", true): Text 'Two transactions will appear on your bank statement, one in the amount of' is present on page  using regular expression

2023-09-12 16:32:34 - [MESSAGE][PASSED] - Text 'Two transactions will appear on your bank statement, one in the amount of' is present on page  using regular expression

2023-09-12 16:32:34 - [TEST_STEP][PASSED] - verifyElementPresent(findTestObject(orPath_ServiceFeesAccept + "/input_convFeeNotifyAction"), 30): Object 'Object Repository/RAD_Pages/ServiceFeeAccept_Page/input_convFeeNotifyAction' is present

2023-09-12 16:32:34 - [MESSAGE][PASSED] - Object 'Object Repository/RAD_Pages/ServiceFeeAccept_Page/input_convFeeNotifyAction' is present]]></system-out>
         <system-err><![CDATA[2023-09-12 16:27:08 - [TEST_CASE][FAILED] - Test Cases/RAD_TestCases/BeforePayments_TestCases/Extension_BeforePayments_TC: Test Cases/RAD_TestCases/BeforePayments_TestCases/Extension_BeforePayments_TC FAILED.
Reason:
com.kms.katalon.core.exception.StepFailedException: Unable to set text '123' of object 'Object Repository/RAD_Pages/PaymentEntry_Page/input__spc' (Root cause: com.kms.katalon.core.exception.StepFailedException: Unable to set text '123' of object 'Object Repository/RAD_Pages/PaymentEntry_Page/input__spc'
	at com.kms.katalon.core.webui.keyword.internal.WebUIKeywordMain.stepFailed(WebUIKeywordMain.groovy:64)
	at com.kms.katalon.core.webui.keyword.internal.WebUIKeywordMain.runKeyword(WebUIKeywordMain.groovy:26)
	at com.kms.katalon.core.webui.keyword.builtin.SetTextKeyword.setText(SetTextKeyword.groovy:66)
	at com.kms.katalon.core.webui.keyword.builtin.SetTextKeyword.execute(SetTextKeyword.groovy:37)
	at com.kms.katalon.core.keyword.internal.KeywordExecutor.executeKeywordForPlatform(KeywordExecutor.groovy:74)
	at com.kms.katalon.core.webui.keyword.WebUiBuiltInKeywords.setText(WebUiBuiltInKeywords.groovy:980)
	at com.kms.katalon.core.webui.keyword.WebUiBuiltInKeywords$setText$3.call(Unknown Source)
	at Extension_BeforePayments_TC.run(Extension_BeforePayments_TC:226)
	at com.kms.katalon.core.main.ScriptEngine.run(ScriptEngine.java:194)
	at com.kms.katalon.core.main.ScriptEngine.runScriptAsRawText(ScriptEngine.java:119)
	at com.kms.katalon.core.main.TestCaseExecutor.runScript(TestCaseExecutor.java:448)
	at com.kms.katalon.core.main.TestCaseExecutor.doExecute(TestCaseExecutor.java:439)
	at com.kms.katalon.core.main.TestCaseExecutor.processExecutionPhase(TestCaseExecutor.java:418)
	at com.kms.katalon.core.main.TestCaseExecutor.accessMainPhase(TestCaseExecutor.java:410)
	at com.kms.katalon.core.main.TestCaseExecutor.execute(TestCaseExecutor.java:285)
	at com.kms.katalon.core.common.CommonExecutor.accessTestCaseMainPhase(CommonExecutor.java:65)
	at com.kms.katalon.core.main.TestSuiteExecutor.accessTestSuiteMainPhase(TestSuiteExecutor.java:148)
	at com.kms.katalon.core.main.TestSuiteExecutor.execute(TestSuiteExecutor.java:106)
	at com.kms.katalon.core.main.TestCaseMain.startTestSuite(TestCaseMain.java:187)
	at com.kms.katalon.core.main.TestCaseMain$startTestSuite$0.call(Unknown Source)
	at TempTestSuite1694550421845.run(TempTestSuite1694550421845.groovy:36)
Caused by: com.kms.katalon.core.webui.exception.WebElementNotFoundException: Web element with id: 'Object Repository/RAD_Pages/PaymentEntry_Page/input__spc' located by '//*[@type = 'text' and @class = 'form-control' and @name = 'spc' and @id = 'spc']' not found
	at com.kms.katalon.core.webui.common.WebUiCommonHelper.findWebElement(WebUiCommonHelper.java:1381)
	at com.kms.katalon.core.webui.keyword.internal.WebUIAbstractKeyword.findWebElement(WebUIAbstractKeyword.groovy:27)
	at com.kms.katalon.core.webui.keyword.internal.WebUIAbstractKeyword.findWebElement(WebUIAbstractKeyword.groovy:26)
	at com.kms.katalon.core.webui.keyword.builtin.SetTextKeyword$_setText_closure1.doCall(SetTextKeyword.groovy:51)
	at com.kms.katalon.core.webui.keyword.builtin.SetTextKeyword$_setText_closure1.call(SetTextKeyword.groovy)
	at com.kms.katalon.core.webui.keyword.internal.WebUIKeywordMain.runKeyword(WebUIKeywordMain.groovy:20)
	at com.kms.katalon.core.webui.keyword.builtin.SetTextKeyword.setText(SetTextKeyword.groovy:66)
	at com.kms.katalon.core.webui.keyword.builtin.SetTextKeyword.execute(SetTextKeyword.groovy:37)
	at com.kms.katalon.core.keyword.internal.KeywordExecutor.executeKeywordForPlatform(KeywordExecutor.groovy:74)
	at com.kms.katalon.core.webui.keyword.WebUiBuiltInKeywords.setText(WebUiBuiltInKeywords.groovy:980)
	at com.kms.katalon.core.webui.keyword.WebUiBuiltInKeywords$setText$3.call(Unknown Source)
	at Script1694549780398.run(Script1694549780398.groovy:226)
	... 13 more
)
	at com.kms.katalon.core.keyword.internal.KeywordMain.stepFailed(KeywordMain.groovy:39)
	at com.kms.katalon.core.webui.keyword.internal.WebUIKeywordMain.stepFailed(WebUIKeywordMain.groovy:64)
	at com.kms.katalon.core.webui.keyword.internal.WebUIKeywordMain.runKeyword(WebUIKeywordMain.groovy:26)
	at com.kms.katalon.core.webui.keyword.builtin.SetTextKeyword.setText(SetTextKeyword.groovy:66)
	at com.kms.katalon.core.webui.keyword.builtin.SetTextKeyword.execute(SetTextKeyword.groovy:37)
	at com.kms.katalon.core.keyword.internal.KeywordExecutor.executeKeywordForPlatform(KeywordExecutor.groovy:74)
	at com.kms.katalon.core.webui.keyword.WebUiBuiltInKeywords.setText(WebUiBuiltInKeywords.groovy:980)
	at com.kms.katalon.core.webui.keyword.WebUiBuiltInKeywords$setText$3.call(Unknown Source)
	at Extension_BeforePayments_TC.run(Extension_BeforePayments_TC:226)
	at com.kms.katalon.core.main.ScriptEngine.run(ScriptEngine.java:194)
	at com.kms.katalon.core.main.ScriptEngine.runScriptAsRawText(ScriptEngine.java:119)
	at com.kms.katalon.core.main.TestCaseExecutor.runScript(TestCaseExecutor.java:448)
	at com.kms.katalon.core.main.TestCaseExecutor.doExecute(TestCaseExecutor.java:439)
	at com.kms.katalon.core.main.TestCaseExecutor.processExecutionPhase(TestCaseExecutor.java:418)
	at com.kms.katalon.core.main.TestCaseExecutor.accessMainPhase(TestCaseExecutor.java:410)
	at com.kms.katalon.core.main.TestCaseExecutor.execute(TestCaseExecutor.java:285)
	at com.kms.katalon.core.common.CommonExecutor.accessTestCaseMainPhase(CommonExecutor.java:65)
	at com.kms.katalon.core.main.TestSuiteExecutor.accessTestSuiteMainPhase(TestSuiteExecutor.java:148)
	at com.kms.katalon.core.main.TestSuiteExecutor.execute(TestSuiteExecutor.java:106)
	at com.kms.katalon.core.main.TestCaseMain.startTestSuite(TestCaseMain.java:187)
	at com.kms.katalon.core.main.TestCaseMain$startTestSuite$0.call(Unknown Source)
	at TempTestSuite1694550421845.run(TempTestSuite1694550421845.groovy:36)
Caused by: com.kms.katalon.core.exception.StepFailedException: Unable to set text '123' of object 'Object Repository/RAD_Pages/PaymentEntry_Page/input__spc'
	... 21 more
Caused by: com.kms.katalon.core.webui.exception.WebElementNotFoundException: Web element with id: 'Object Repository/RAD_Pages/PaymentEntry_Page/input__spc' located by '//*[@type = 'text' and @class = 'form-control' and @name = 'spc' and @id = 'spc']' not found
	at com.kms.katalon.core.webui.common.WebUiCommonHelper.findWebElement(WebUiCommonHelper.java:1381)
	at com.kms.katalon.core.webui.keyword.internal.WebUIAbstractKeyword.findWebElement(WebUIAbstractKeyword.groovy:27)
	at com.kms.katalon.core.webui.keyword.internal.WebUIAbstractKeyword.findWebElement(WebUIAbstractKeyword.groovy:26)
	at com.kms.katalon.core.webui.keyword.builtin.SetTextKeyword$_setText_closure1.doCall(SetTextKeyword.groovy:51)
	at com.kms.katalon.core.webui.keyword.builtin.SetTextKeyword$_setText_closure1.call(SetTextKeyword.groovy)
	at com.kms.katalon.core.webui.keyword.internal.WebUIKeywordMain.runKeyword(WebUIKeywordMain.groovy:20)
	... 19 more]]></system-err>
      </testcase>
      <system-out><![CDATA[2023-09-12 16:27:07 - [TEST_SUITE][FAILED] - Temp: Test Cases/RAD_TestCases/BeforePayments_TestCases/Extension_BeforePayments_TC FAILED.
Reason:
com.kms.katalon.core.exception.StepFailedException: Unable to set text '123' of object 'Object Repository/RAD_Pages/PaymentEntry_Page/input__spc' (Root cause: com.kms.katalon.core.exception.StepFailedException: Unable to set text '123' of object 'Object Repository/RAD_Pages/PaymentEntry_Page/input__spc'
	at com.kms.katalon.core.webui.keyword.internal.WebUIKeywordMain.stepFailed(WebUIKeywordMain.groovy:64)
	at com.kms.katalon.core.webui.keyword.internal.WebUIKeywordMain.runKeyword(WebUIKeywordMain.groovy:26)
	at com.kms.katalon.core.webui.keyword.builtin.SetTextKeyword.setText(SetTextKeyword.groovy:66)
	at com.kms.katalon.core.webui.keyword.builtin.SetTextKeyword.execute(SetTextKeyword.groovy:37)
	at com.kms.katalon.core.keyword.internal.KeywordExecutor.executeKeywordForPlatform(KeywordExecutor.groovy:74)
	at com.kms.katalon.core.webui.keyword.WebUiBuiltInKeywords.setText(WebUiBuiltInKeywords.groovy:980)
	at com.kms.katalon.core.webui.keyword.WebUiBuiltInKeywords$setText$3.call(Unknown Source)
	at Extension_BeforePayments_TC.run(Extension_BeforePayments_TC:226)
	at com.kms.katalon.core.main.ScriptEngine.run(ScriptEngine.java:194)
	at com.kms.katalon.core.main.ScriptEngine.runScriptAsRawText(ScriptEngine.java:119)
	at com.kms.katalon.core.main.TestCaseExecutor.runScript(TestCaseExecutor.java:448)
	at com.kms.katalon.core.main.TestCaseExecutor.doExecute(TestCaseExecutor.java:439)
	at com.kms.katalon.core.main.TestCaseExecutor.processExecutionPhase(TestCaseExecutor.java:418)
	at com.kms.katalon.core.main.TestCaseExecutor.accessMainPhase(TestCaseExecutor.java:410)
	at com.kms.katalon.core.main.TestCaseExecutor.execute(TestCaseExecutor.java:285)
	at com.kms.katalon.core.common.CommonExecutor.accessTestCaseMainPhase(CommonExecutor.java:65)
	at com.kms.katalon.core.main.TestSuiteExecutor.accessTestSuiteMainPhase(TestSuiteExecutor.java:148)
	at com.kms.katalon.core.main.TestSuiteExecutor.execute(TestSuiteExecutor.java:106)
	at com.kms.katalon.core.main.TestCaseMain.startTestSuite(TestCaseMain.java:187)
	at com.kms.katalon.core.main.TestCaseMain$startTestSuite$0.call(Unknown Source)
	at TempTestSuite1694550421845.run(TempTestSuite1694550421845.groovy:36)
Caused by: com.kms.katalon.core.webui.exception.WebElementNotFoundException: Web element with id: 'Object Repository/RAD_Pages/PaymentEntry_Page/input__spc' located by '//*[@type = 'text' and @class = 'form-control' and @name = 'spc' and @id = 'spc']' not found
	at com.kms.katalon.core.webui.common.WebUiCommonHelper.findWebElement(WebUiCommonHelper.java:1381)
	at com.kms.katalon.core.webui.keyword.internal.WebUIAbstractKeyword.findWebElement(WebUIAbstractKeyword.groovy:27)
	at com.kms.katalon.core.webui.keyword.internal.WebUIAbstractKeyword.findWebElement(WebUIAbstractKeyword.groovy:26)
	at com.kms.katalon.core.webui.keyword.builtin.SetTextKeyword$_setText_closure1.doCall(SetTextKeyword.groovy:51)
	at com.kms.katalon.core.webui.keyword.builtin.SetTextKeyword$_setText_closure1.call(SetTextKeyword.groovy)
	at com.kms.katalon.core.webui.keyword.internal.WebUIKeywordMain.runKeyword(WebUIKeywordMain.groovy:20)
	at com.kms.katalon.core.webui.keyword.builtin.SetTextKeyword.setText(SetTextKeyword.groovy:66)
	at com.kms.katalon.core.webui.keyword.builtin.SetTextKeyword.execute(SetTextKeyword.groovy:37)
	at com.kms.katalon.core.keyword.internal.KeywordExecutor.executeKeywordForPlatform(KeywordExecutor.groovy:74)
	at com.kms.katalon.core.webui.keyword.WebUiBuiltInKeywords.setText(WebUiBuiltInKeywords.groovy:980)
	at com.kms.katalon.core.webui.keyword.WebUiBuiltInKeywords$setText$3.call(Unknown Source)
	at Script1694549780398.run(Script1694549780398.groovy:226)
	... 13 more
)
	at com.kms.katalon.core.keyword.internal.KeywordMain.stepFailed(KeywordMain.groovy:39)
	at com.kms.katalon.core.webui.keyword.internal.WebUIKeywordMain.stepFailed(WebUIKeywordMain.groovy:64)
	at com.kms.katalon.core.webui.keyword.internal.WebUIKeywordMain.runKeyword(WebUIKeywordMain.groovy:26)
	at com.kms.katalon.core.webui.keyword.builtin.SetTextKeyword.setText(SetTextKeyword.groovy:66)
	at com.kms.katalon.core.webui.keyword.builtin.SetTextKeyword.execute(SetTextKeyword.groovy:37)
	at com.kms.katalon.core.keyword.internal.KeywordExecutor.executeKeywordForPlatform(KeywordExecutor.groovy:74)
	at com.kms.katalon.core.webui.keyword.WebUiBuiltInKeywords.setText(WebUiBuiltInKeywords.groovy:980)
	at com.kms.katalon.core.webui.keyword.WebUiBuiltInKeywords$setText$3.call(Unknown Source)
	at Extension_BeforePayments_TC.run(Extension_BeforePayments_TC:226)
	at com.kms.katalon.core.main.ScriptEngine.run(ScriptEngine.java:194)
	at com.kms.katalon.core.main.ScriptEngine.runScriptAsRawText(ScriptEngine.java:119)
	at com.kms.katalon.core.main.TestCaseExecutor.runScript(TestCaseExecutor.java:448)
	at com.kms.katalon.core.main.TestCaseExecutor.doExecute(TestCaseExecutor.java:439)
	at com.kms.katalon.core.main.TestCaseExecutor.processExecutionPhase(TestCaseExecutor.java:418)
	at com.kms.katalon.core.main.TestCaseExecutor.accessMainPhase(TestCaseExecutor.java:410)
	at com.kms.katalon.core.main.TestCaseExecutor.execute(TestCaseExecutor.java:285)
	at com.kms.katalon.core.common.CommonExecutor.accessTestCaseMainPhase(CommonExecutor.java:65)
	at com.kms.katalon.core.main.TestSuiteExecutor.accessTestSuiteMainPhase(TestSuiteExecutor.java:148)
	at com.kms.katalon.core.main.TestSuiteExecutor.execute(TestSuiteExecutor.java:106)
	at com.kms.katalon.core.main.TestCaseMain.startTestSuite(TestCaseMain.java:187)
	at com.kms.katalon.core.main.TestCaseMain$startTestSuite$0.call(Unknown Source)
	at TempTestSuite1694550421845.run(TempTestSuite1694550421845.groovy:36)
Caused by: com.kms.katalon.core.exception.StepFailedException: Unable to set text '123' of object 'Object Repository/RAD_Pages/PaymentEntry_Page/input__spc'
	... 21 more
Caused by: com.kms.katalon.core.webui.exception.WebElementNotFoundException: Web element with id: 'Object Repository/RAD_Pages/PaymentEntry_Page/input__spc' located by '//*[@type = 'text' and @class = 'form-control' and @name = 'spc' and @id = 'spc']' not found
	at com.kms.katalon.core.webui.common.WebUiCommonHelper.findWebElement(WebUiCommonHelper.java:1381)
	at com.kms.katalon.core.webui.keyword.internal.WebUIAbstractKeyword.findWebElement(WebUIAbstractKeyword.groovy:27)
	at com.kms.katalon.core.webui.keyword.internal.WebUIAbstractKeyword.findWebElement(WebUIAbstractKeyword.groovy:26)
	at com.kms.katalon.core.webui.keyword.builtin.SetTextKeyword$_setText_closure1.doCall(SetTextKeyword.groovy:51)
	at com.kms.katalon.core.webui.keyword.builtin.SetTextKeyword$_setText_closure1.call(SetTextKeyword.groovy)
	at com.kms.katalon.core.webui.keyword.internal.WebUIKeywordMain.runKeyword(WebUIKeywordMain.groovy:20)
	... 19 more]]></system-out>
      <system-err><![CDATA[2023-09-12 16:27:07 - [TEST_SUITE][FAILED] - Temp: Test Cases/RAD_TestCases/BeforePayments_TestCases/Extension_BeforePayments_TC FAILED.
Reason:
com.kms.katalon.core.exception.StepFailedException: Unable to set text '123' of object 'Object Repository/RAD_Pages/PaymentEntry_Page/input__spc' (Root cause: com.kms.katalon.core.exception.StepFailedException: Unable to set text '123' of object 'Object Repository/RAD_Pages/PaymentEntry_Page/input__spc'
	at com.kms.katalon.core.webui.keyword.internal.WebUIKeywordMain.stepFailed(WebUIKeywordMain.groovy:64)
	at com.kms.katalon.core.webui.keyword.internal.WebUIKeywordMain.runKeyword(WebUIKeywordMain.groovy:26)
	at com.kms.katalon.core.webui.keyword.builtin.SetTextKeyword.setText(SetTextKeyword.groovy:66)
	at com.kms.katalon.core.webui.keyword.builtin.SetTextKeyword.execute(SetTextKeyword.groovy:37)
	at com.kms.katalon.core.keyword.internal.KeywordExecutor.executeKeywordForPlatform(KeywordExecutor.groovy:74)
	at com.kms.katalon.core.webui.keyword.WebUiBuiltInKeywords.setText(WebUiBuiltInKeywords.groovy:980)
	at com.kms.katalon.core.webui.keyword.WebUiBuiltInKeywords$setText$3.call(Unknown Source)
	at Extension_BeforePayments_TC.run(Extension_BeforePayments_TC:226)
	at com.kms.katalon.core.main.ScriptEngine.run(ScriptEngine.java:194)
	at com.kms.katalon.core.main.ScriptEngine.runScriptAsRawText(ScriptEngine.java:119)
	at com.kms.katalon.core.main.TestCaseExecutor.runScript(TestCaseExecutor.java:448)
	at com.kms.katalon.core.main.TestCaseExecutor.doExecute(TestCaseExecutor.java:439)
	at com.kms.katalon.core.main.TestCaseExecutor.processExecutionPhase(TestCaseExecutor.java:418)
	at com.kms.katalon.core.main.TestCaseExecutor.accessMainPhase(TestCaseExecutor.java:410)
	at com.kms.katalon.core.main.TestCaseExecutor.execute(TestCaseExecutor.java:285)
	at com.kms.katalon.core.common.CommonExecutor.accessTestCaseMainPhase(CommonExecutor.java:65)
	at com.kms.katalon.core.main.TestSuiteExecutor.accessTestSuiteMainPhase(TestSuiteExecutor.java:148)
	at com.kms.katalon.core.main.TestSuiteExecutor.execute(TestSuiteExecutor.java:106)
	at com.kms.katalon.core.main.TestCaseMain.startTestSuite(TestCaseMain.java:187)
	at com.kms.katalon.core.main.TestCaseMain$startTestSuite$0.call(Unknown Source)
	at TempTestSuite1694550421845.run(TempTestSuite1694550421845.groovy:36)
Caused by: com.kms.katalon.core.webui.exception.WebElementNotFoundException: Web element with id: 'Object Repository/RAD_Pages/PaymentEntry_Page/input__spc' located by '//*[@type = 'text' and @class = 'form-control' and @name = 'spc' and @id = 'spc']' not found
	at com.kms.katalon.core.webui.common.WebUiCommonHelper.findWebElement(WebUiCommonHelper.java:1381)
	at com.kms.katalon.core.webui.keyword.internal.WebUIAbstractKeyword.findWebElement(WebUIAbstractKeyword.groovy:27)
	at com.kms.katalon.core.webui.keyword.internal.WebUIAbstractKeyword.findWebElement(WebUIAbstractKeyword.groovy:26)
	at com.kms.katalon.core.webui.keyword.builtin.SetTextKeyword$_setText_closure1.doCall(SetTextKeyword.groovy:51)
	at com.kms.katalon.core.webui.keyword.builtin.SetTextKeyword$_setText_closure1.call(SetTextKeyword.groovy)
	at com.kms.katalon.core.webui.keyword.internal.WebUIKeywordMain.runKeyword(WebUIKeywordMain.groovy:20)
	at com.kms.katalon.core.webui.keyword.builtin.SetTextKeyword.setText(SetTextKeyword.groovy:66)
	at com.kms.katalon.core.webui.keyword.builtin.SetTextKeyword.execute(SetTextKeyword.groovy:37)
	at com.kms.katalon.core.keyword.internal.KeywordExecutor.executeKeywordForPlatform(KeywordExecutor.groovy:74)
	at com.kms.katalon.core.webui.keyword.WebUiBuiltInKeywords.setText(WebUiBuiltInKeywords.groovy:980)
	at com.kms.katalon.core.webui.keyword.WebUiBuiltInKeywords$setText$3.call(Unknown Source)
	at Script1694549780398.run(Script1694549780398.groovy:226)
	... 13 more
)
	at com.kms.katalon.core.keyword.internal.KeywordMain.stepFailed(KeywordMain.groovy:39)
	at com.kms.katalon.core.webui.keyword.internal.WebUIKeywordMain.stepFailed(WebUIKeywordMain.groovy:64)
	at com.kms.katalon.core.webui.keyword.internal.WebUIKeywordMain.runKeyword(WebUIKeywordMain.groovy:26)
	at com.kms.katalon.core.webui.keyword.builtin.SetTextKeyword.setText(SetTextKeyword.groovy:66)
	at com.kms.katalon.core.webui.keyword.builtin.SetTextKeyword.execute(SetTextKeyword.groovy:37)
	at com.kms.katalon.core.keyword.internal.KeywordExecutor.executeKeywordForPlatform(KeywordExecutor.groovy:74)
	at com.kms.katalon.core.webui.keyword.WebUiBuiltInKeywords.setText(WebUiBuiltInKeywords.groovy:980)
	at com.kms.katalon.core.webui.keyword.WebUiBuiltInKeywords$setText$3.call(Unknown Source)
	at Extension_BeforePayments_TC.run(Extension_BeforePayments_TC:226)
	at com.kms.katalon.core.main.ScriptEngine.run(ScriptEngine.java:194)
	at com.kms.katalon.core.main.ScriptEngine.runScriptAsRawText(ScriptEngine.java:119)
	at com.kms.katalon.core.main.TestCaseExecutor.runScript(TestCaseExecutor.java:448)
	at com.kms.katalon.core.main.TestCaseExecutor.doExecute(TestCaseExecutor.java:439)
	at com.kms.katalon.core.main.TestCaseExecutor.processExecutionPhase(TestCaseExecutor.java:418)
	at com.kms.katalon.core.main.TestCaseExecutor.accessMainPhase(TestCaseExecutor.java:410)
	at com.kms.katalon.core.main.TestCaseExecutor.execute(TestCaseExecutor.java:285)
	at com.kms.katalon.core.common.CommonExecutor.accessTestCaseMainPhase(CommonExecutor.java:65)
	at com.kms.katalon.core.main.TestSuiteExecutor.accessTestSuiteMainPhase(TestSuiteExecutor.java:148)
	at com.kms.katalon.core.main.TestSuiteExecutor.execute(TestSuiteExecutor.java:106)
	at com.kms.katalon.core.main.TestCaseMain.startTestSuite(TestCaseMain.java:187)
	at com.kms.katalon.core.main.TestCaseMain$startTestSuite$0.call(Unknown Source)
	at TempTestSuite1694550421845.run(TempTestSuite1694550421845.groovy:36)
Caused by: com.kms.katalon.core.exception.StepFailedException: Unable to set text '123' of object 'Object Repository/RAD_Pages/PaymentEntry_Page/input__spc'
	... 21 more
Caused by: com.kms.katalon.core.webui.exception.WebElementNotFoundException: Web element with id: 'Object Repository/RAD_Pages/PaymentEntry_Page/input__spc' located by '//*[@type = 'text' and @class = 'form-control' and @name = 'spc' and @id = 'spc']' not found
	at com.kms.katalon.core.webui.common.WebUiCommonHelper.findWebElement(WebUiCommonHelper.java:1381)
	at com.kms.katalon.core.webui.keyword.internal.WebUIAbstractKeyword.findWebElement(WebUIAbstractKeyword.groovy:27)
	at com.kms.katalon.core.webui.keyword.internal.WebUIAbstractKeyword.findWebElement(WebUIAbstractKeyword.groovy:26)
	at com.kms.katalon.core.webui.keyword.builtin.SetTextKeyword$_setText_closure1.doCall(SetTextKeyword.groovy:51)
	at com.kms.katalon.core.webui.keyword.builtin.SetTextKeyword$_setText_closure1.call(SetTextKeyword.groovy)
	at com.kms.katalon.core.webui.keyword.internal.WebUIKeywordMain.runKeyword(WebUIKeywordMain.groovy:20)
	... 19 more]]></system-err>
   </testsuite>
</testsuites>
