<?xml version="1.0" encoding="UTF-8"?>
<testsuites name="RAD_UI_TestSuite" time="2308.243" tests="42" failures="1" errors="0">
   <testsuite name="RAD_UI_TestSuite" tests="42" failures="1" errors="0" time="2308.243" skipped="0" timestamp="2023-09-09 20:18:22" hostname="imtiaz - DESKTOP-B2QI6NS.govolution.com" id="Test Suites/RAD_TestSuite/RAD_UI_TestSuite">
      <properties>
         <property name="deviceName" value=""/>
         <property name="devicePlatform" value=""/>
         <property name="logFolder" value="E:\\Cloned-Project-Katalon\\VPS-Katalon\\Reports\\20230909_201815\\RAD_TestSuite\\RAD_UI_TestSuite\\20230909_201815"/>
         <property name="logFiles" value="E:\\Cloned-Project-Katalon\\VPS-Katalon\\Reports\\20230909_201815\\RAD_TestSuite\\RAD_UI_TestSuite\\20230909_201815\\execution0.log"/>
         <property name="attachments" value=""/>
         <property name="hostName" value="imtiaz - DESKTOP-B2QI6NS.govolution.com"/>
         <property name="os" value="Windows 10 64bit"/>
         <property name="katalonVersion" value="8.6.6.208"/>
         <property name="browser" value="Chrome 116.0.0.0"/>
         <property name="hostAddress" value="172.31.253.139"/>
         <property name="sessionId" value="737f1336a8ca51784b327a50fe870178"/>
         <property name="seleniumVersion" value="3.141.59"/>
         <property name="proxyInformation" value="ProxyInformation { proxyOption=NO_PROXY, proxyServerType=HTTP, username=, password=********, proxyServerAddress=, proxyServerPort=0, executionList=&quot;&quot;, isApplyToDesiredCapabilities=true }"/>
         <property name="platform" value="Windows 10"/>
      </properties>
      <testcase name="Test Cases/RAD_TestCases/UI_TestCases/LandingPage_UI_TC" time="13.534" classname="Test Cases/RAD_TestCases/UI_TestCases/LandingPage_UI_TC" status="PASSED">
         <system-out><![CDATA[2023-09-09 20:18:22 - [TEST_CASE][PASSED] - Test Cases/RAD_TestCases/UI_TestCases/LandingPage_UI_TC: Test Cases/RAD_TestCases/UI_TestCases/LandingPage_UI_TC

2023-09-09 20:18:23 - [TEST_STEP][PASSED] - openBrowser(""): Browser is opened with url: ''

2023-09-09 20:18:23 - [MESSAGE][INFO] - Starting 'Chrome' driver

2023-09-09 20:18:23 - [MESSAGE][INFO] - User set preference: ['acceptInsecureCerts', 'true']

2023-09-09 20:18:23 - [MESSAGE][INFO] - Action delay is set to 0 milliseconds

2023-09-09 20:18:26 - [MESSAGE][PASSED] - Browser is opened with url: ''

2023-09-09 20:18:26 - [TEST_STEP][PASSED] - maximizeWindow(): Current window maximized

2023-09-09 20:18:26 - [MESSAGE][PASSED] - Current window maximized

2023-09-09 20:18:26 - [TEST_STEP][PASSED] - navigateToUrl(RADurl): Navigate to 'https://qa2.velocitypayment.com/client/rad/index.html' successfully

2023-09-09 20:18:29 - [MESSAGE][PASSED] - Navigate to 'https://qa2.velocitypayment.com/client/rad/index.html' successfully

2023-09-09 20:18:29 - [TEST_STEP][PASSED] - orPath = "Object Repository/RAD_Pages/Landing_Page": null

2023-09-09 20:18:29 - [TEST_STEP][PASSED] - if (verifyElementPresent(findTestObject(orPath + "/dd_TaxType"), 30)): null

2023-09-09 20:18:30 - [MESSAGE][PASSED] - Object 'Object Repository/RAD_Pages/Landing_Page/dd_TaxType' is present

2023-09-09 20:18:30 - [TEST_STEP][PASSED] - out.println("Tax Type/Filing Year drop down was found on the Landing Page"): null

2023-09-09 20:18:30 - [TEST_STEP][PASSED] - if (verifyTextPresent("Your Progress", true)): null

2023-09-09 20:18:30 - [MESSAGE][PASSED] - Text 'Your Progress' is present on page  using regular expression

2023-09-09 20:18:30 - [TEST_STEP][PASSED] - out.println("Your Progress Static text was found on the Landing Page"): null

2023-09-09 20:18:30 - [TEST_STEP][PASSED] - if (verifyTextPresent("Tax Type/Taxpayer Information", true)): null

2023-09-09 20:18:30 - [MESSAGE][PASSED] - Text 'Tax Type/Taxpayer Information' is present on page  using regular expression

2023-09-09 20:18:30 - [TEST_STEP][PASSED] - out.println("Tax Type/Taxpayer Information text was found on the Landing Page"): null

2023-09-09 20:18:31 - [TEST_STEP][PASSED] - if (verifyTextPresent("Summary", true)): null

2023-09-09 20:18:31 - [MESSAGE][PASSED] - Text 'Summary' is present on page  using regular expression

2023-09-09 20:18:31 - [TEST_STEP][PASSED] - out.println("Summary Static text was found on the Landing Page"): null

2023-09-09 20:18:31 - [TEST_STEP][PASSED] - if (verifyTextPresent("Need Help?", true)): null

2023-09-09 20:18:31 - [MESSAGE][PASSED] - Text 'Need Help?' is present on page  using regular expression

2023-09-09 20:18:31 - [TEST_STEP][PASSED] - out.println("Need Help? Static text was found on the Landing Page"): null

2023-09-09 20:18:31 - [TEST_STEP][PASSED] - if (verifyElementPresent(findTestObject(orPath + "/button_Continue"), 30)): null

2023-09-09 20:18:32 - [MESSAGE][PASSED] - Object 'Object Repository/RAD_Pages/Landing_Page/button_Continue' is present

2023-09-09 20:18:32 - [TEST_STEP][PASSED] - out.println("Continue Button was found on the Landing Page"): null

2023-09-09 20:18:32 - [TEST_STEP][PASSED] - if (verifyElementPresent(findTestObject(orPath + "/a_taxhelpmarylandtaxes.gov"), 30)): null

2023-09-09 20:18:32 - [MESSAGE][PASSED] - Object 'Object Repository/RAD_Pages/Landing_Page/a_taxhelpmarylandtaxes.gov' is present

2023-09-09 20:18:32 - [TEST_STEP][PASSED] - out.println("Tax Help Maryland.gov link was found on the Landing Page"): null

2023-09-09 20:18:32 - [TEST_STEP][PASSED] - if (verifyElementPresent(findTestObject(orPath + "/a_Comptroller of Maryland"), 30)): null

2023-09-09 20:18:32 - [MESSAGE][PASSED] - Object 'Object Repository/RAD_Pages/Landing_Page/a_Comptroller of Maryland' is present

2023-09-09 20:18:32 - [TEST_STEP][PASSED] - out.println("Comptroller of Maryland link was found on the Landing Page"): null

2023-09-09 20:18:32 - [TEST_STEP][PASSED] - totalOptions = getNumberOfTotalOption(findTestObject(orPath + "/dd_TaxType")): 5 options of object 'Object Repository/RAD_Pages/Landing_Page/dd_TaxType' counted

2023-09-09 20:18:33 - [MESSAGE][PASSED] - 5 options of object 'Object Repository/RAD_Pages/Landing_Page/dd_TaxType' counted

2023-09-09 20:18:33 - [TEST_STEP][PASSED] - if (totalOptions == 5): Total Options are correct

2023-09-09 20:18:33 - [TEST_STEP][PASSED] - out.println("Total Options are correct: " + totalOptions): null

2023-09-09 20:18:33 - [TEST_STEP][PASSED] - markPassed("Total Options are correct"): Total Options are correct

2023-09-09 20:18:33 - [MESSAGE][PASSED] - Total Options are correct

2023-09-09 20:18:33 - [TEST_STEP][PASSED] - if (verifyOptionPresentByLabel(findTestObject(orPath + "/dd_TaxType"), "Quarterly Estimated Tax", false, 60)): null

2023-09-09 20:18:34 - [MESSAGE][PASSED] - 1 option(s) with label 'Quarterly Estimated Tax' is/are present in object 'Object Repository/RAD_Pages/Landing_Page/dd_TaxType' 

2023-09-09 20:18:34 - [TEST_STEP][PASSED] - out.println("Estimated Tax Option is present in the Tax Type Drop Down"): null

2023-09-09 20:18:34 - [TEST_STEP][PASSED] - if (verifyOptionPresentByLabel(findTestObject(orPath + "/dd_TaxType"), "Extension Payments", false, 60)): null

2023-09-09 20:18:34 - [MESSAGE][PASSED] - 1 option(s) with label 'Extension Payments' is/are present in object 'Object Repository/RAD_Pages/Landing_Page/dd_TaxType' 

2023-09-09 20:18:34 - [TEST_STEP][PASSED] - out.println("Extension Payments Option is present in the Tax Type Drop Down"): null

2023-09-09 20:18:34 - [TEST_STEP][PASSED] - if (verifyOptionPresentByLabel(findTestObject(orPath + "/dd_TaxType"), "Existing Liability w/Notice Number", false, 60)): null

2023-09-09 20:18:35 - [MESSAGE][PASSED] - 1 option(s) with label 'Existing Liability w/Notice Number' is/are present in object 'Object Repository/RAD_Pages/Landing_Page/dd_TaxType' 

2023-09-09 20:18:35 - [TEST_STEP][PASSED] - out.println("Existing Liability Option is present in the Tax Type Drop Down"): null

2023-09-09 20:18:35 - [TEST_STEP][PASSED] - if (verifyOptionPresentByLabel(findTestObject(orPath + "/dd_TaxType"), "New Tax Return Amount Due", false, 60)): null

2023-09-09 20:18:36 - [MESSAGE][PASSED] - 1 option(s) with label 'New Tax Return Amount Due' is/are present in object 'Object Repository/RAD_Pages/Landing_Page/dd_TaxType' 

2023-09-09 20:18:36 - [TEST_STEP][PASSED] - out.println("New Liability Option is present in the Tax Type Drop Down"): null]]></system-out>
         <system-err><![CDATA[]]></system-err>
      </testcase>
      <testcase name="Test Cases/RAD_TestCases/UI_TestCases/VerifyServiceFeeVerbiage_UI_TC" time="36.533" classname="Test Cases/RAD_TestCases/UI_TestCases/VerifyServiceFeeVerbiage_UI_TC" status="PASSED">
         <system-out><![CDATA[2023-09-09 20:18:36 - [TEST_CASE][PASSED] - Test Cases/RAD_TestCases/UI_TestCases/VerifyServiceFeeVerbiage_UI_TC: Test Cases/RAD_TestCases/UI_TestCases/VerifyServiceFeeVerbiage_UI_TC

2023-09-09 20:18:36 - [TEST_STEP][PASSED] - taxTypeDropList = ["Quarterly Estimated Tax", "Extension Payments", "Existing Liability w/Notice Number", "New Tax Return Amount Due"]: null

2023-09-09 20:18:36 - [TEST_STEP][PASSED] - listSize = taxTypeDropList.size(): null

2023-09-09 20:18:36 - [TEST_STEP][PASSED] - println(listSize): null

2023-09-09 20:18:36 - [TEST_STEP][PASSED] - executionProfile = getExecutionProfile(): null

2023-09-09 20:18:36 - [TEST_STEP][PASSED] - for ([i = 0, i < listSize, (i++)]): Object: 'Object Repository/RAD_Pages/Landing_Page/button_Close' is clicked on

2023-09-09 20:18:36 - [TEST_STEP][PASSED] - openBrowser(""): Browser is opened with url: ''

2023-09-09 20:18:36 - [MESSAGE][WARNING] - A browser is already opened. Closing browser and opening a new one

2023-09-09 20:18:37 - [MESSAGE][INFO] - Starting 'Chrome' driver

2023-09-09 20:18:37 - [MESSAGE][INFO] - User set preference: ['acceptInsecureCerts', 'true']

2023-09-09 20:18:37 - [MESSAGE][INFO] - Action delay is set to 0 milliseconds

2023-09-09 20:18:39 - [MESSAGE][PASSED] - Browser is opened with url: ''

2023-09-09 20:18:39 - [TEST_STEP][PASSED] - maximizeWindow(): Current window maximized

2023-09-09 20:18:39 - [MESSAGE][PASSED] - Current window maximized

2023-09-09 20:18:39 - [TEST_STEP][PASSED] - navigateToUrl(RADurl): Navigate to 'https://qa2.velocitypayment.com/client/rad/index.html' successfully

2023-09-09 20:18:40 - [MESSAGE][PASSED] - Navigate to 'https://qa2.velocitypayment.com/client/rad/index.html' successfully

2023-09-09 20:18:40 - [TEST_STEP][PASSED] - orPath_Landing = "Object Repository/RAD_Pages/Landing_Page": null

2023-09-09 20:18:40 - [TEST_STEP][PASSED] - orPath = "Object Repository/RAD_Pages/Landing_Page": null

2023-09-09 20:18:40 - [TEST_STEP][PASSED] - orPath_Amount = "Object Repository/RAD_Pages/PaymentAmount_Page": null

2023-09-09 20:18:40 - [TEST_STEP][PASSED] - selectOptionByLabel(findTestObject(orPath_Landing + "/dd_TaxType"), taxTypeDropList[i], false): All options with label 'Quarterly Estimated Tax' are selected in object 'Object Repository/RAD_Pages/Landing_Page/dd_TaxType' 

2023-09-09 20:18:41 - [MESSAGE][PASSED] - All options with label 'Quarterly Estimated Tax' are selected in object 'Object Repository/RAD_Pages/Landing_Page/dd_TaxType' 

2023-09-09 20:18:41 - [TEST_STEP][PASSED] - delay(1): Delayed 1 second(s)

2023-09-09 20:18:42 - [MESSAGE][PASSED] - Delayed 1 second(s)

2023-09-09 20:18:42 - [TEST_STEP][PASSED] - setText(findTestObject(orPath_Amount + "/input__paymentAmount"), ""): Text '' is set on object 'Object Repository/RAD_Pages/PaymentAmount_Page/input__paymentAmount'

2023-09-09 20:18:43 - [MESSAGE][PASSED] - Text '' is set on object 'Object Repository/RAD_Pages/PaymentAmount_Page/input__paymentAmount'

2023-09-09 20:18:43 - [TEST_STEP][PASSED] - click(findTestObject(orPath_Landing + "/a_Click here for details")): Object: 'Object Repository/RAD_Pages/Landing_Page/a_Click here for details' is clicked on

2023-09-09 20:18:44 - [MESSAGE][PASSED] - Object: 'Object Repository/RAD_Pages/Landing_Page/a_Click here for details' is clicked on

2023-09-09 20:18:44 - [TEST_STEP][PASSED] - cfVerbiageQA = "This electronic government service includes a 2.45% service/convenience fee, with a $1.00 minimum, for payments processed through this application. This fee is assessed by Govolution, LLC and will post as a separate transaction. Accepted credit cards include Visa, Mastercard, and Discover.": null

2023-09-09 20:18:44 - [TEST_STEP][PASSED] - cfVerbiageDemo = "This electronic government service includes a 2.45% service/convenience fee, with a $1.00 minimum, for payments processed through this application. This fee is assessed by Govolution, LLC and will post as a separate transaction. Accepted credit cards include Visa, MasterCard, and Discover.": null

2023-09-09 20:18:44 - [TEST_STEP][PASSED] - switch (executionProfile): null

2023-09-09 20:18:44 - [TEST_STEP][PASSED] - verifyElementPresent(findTestObject(orPath_Landing + "/button_Close"), 30): Object 'Object Repository/RAD_Pages/Landing_Page/button_Close' is present

2023-09-09 20:18:45 - [MESSAGE][PASSED] - Object 'Object Repository/RAD_Pages/Landing_Page/button_Close' is present

2023-09-09 20:18:45 - [TEST_STEP][PASSED] - click(findTestObject(orPath_Landing + "/button_Close")): Object: 'Object Repository/RAD_Pages/Landing_Page/button_Close' is clicked on

2023-09-09 20:18:46 - [MESSAGE][PASSED] - Object: 'Object Repository/RAD_Pages/Landing_Page/button_Close' is clicked on

2023-09-09 20:18:46 - [TEST_STEP][PASSED] - openBrowser(""): Browser is opened with url: ''

2023-09-09 20:18:46 - [MESSAGE][WARNING] - A browser is already opened. Closing browser and opening a new one

2023-09-09 20:18:46 - [MESSAGE][INFO] - Starting 'Chrome' driver

2023-09-09 20:18:46 - [MESSAGE][INFO] - User set preference: ['acceptInsecureCerts', 'true']

2023-09-09 20:18:46 - [MESSAGE][INFO] - Action delay is set to 0 milliseconds

2023-09-09 20:18:48 - [MESSAGE][PASSED] - Browser is opened with url: ''

2023-09-09 20:18:48 - [TEST_STEP][PASSED] - maximizeWindow(): Current window maximized

2023-09-09 20:18:48 - [MESSAGE][PASSED] - Current window maximized

2023-09-09 20:18:48 - [TEST_STEP][PASSED] - navigateToUrl(RADurl): Navigate to 'https://qa2.velocitypayment.com/client/rad/index.html' successfully

2023-09-09 20:18:50 - [MESSAGE][PASSED] - Navigate to 'https://qa2.velocitypayment.com/client/rad/index.html' successfully

2023-09-09 20:18:50 - [TEST_STEP][PASSED] - orPath_Landing = "Object Repository/RAD_Pages/Landing_Page": null

2023-09-09 20:18:50 - [TEST_STEP][PASSED] - orPath = "Object Repository/RAD_Pages/Landing_Page": null

2023-09-09 20:18:50 - [TEST_STEP][PASSED] - orPath_Amount = "Object Repository/RAD_Pages/PaymentAmount_Page": null

2023-09-09 20:18:50 - [TEST_STEP][PASSED] - selectOptionByLabel(findTestObject(orPath_Landing + "/dd_TaxType"), taxTypeDropList[i], false): All options with label 'Extension Payments' are selected in object 'Object Repository/RAD_Pages/Landing_Page/dd_TaxType' 

2023-09-09 20:18:50 - [MESSAGE][PASSED] - All options with label 'Extension Payments' are selected in object 'Object Repository/RAD_Pages/Landing_Page/dd_TaxType' 

2023-09-09 20:18:50 - [TEST_STEP][PASSED] - delay(1): Delayed 1 second(s)

2023-09-09 20:18:51 - [MESSAGE][PASSED] - Delayed 1 second(s)

2023-09-09 20:18:51 - [TEST_STEP][PASSED] - setText(findTestObject(orPath_Amount + "/input__paymentAmount"), ""): Text '' is set on object 'Object Repository/RAD_Pages/PaymentAmount_Page/input__paymentAmount'

2023-09-09 20:18:52 - [MESSAGE][PASSED] - Text '' is set on object 'Object Repository/RAD_Pages/PaymentAmount_Page/input__paymentAmount'

2023-09-09 20:18:52 - [TEST_STEP][PASSED] - click(findTestObject(orPath_Landing + "/a_Click here for details")): Object: 'Object Repository/RAD_Pages/Landing_Page/a_Click here for details' is clicked on

2023-09-09 20:18:53 - [MESSAGE][PASSED] - Object: 'Object Repository/RAD_Pages/Landing_Page/a_Click here for details' is clicked on

2023-09-09 20:18:53 - [TEST_STEP][PASSED] - cfVerbiageQA = "This electronic government service includes a 2.45% service/convenience fee, with a $1.00 minimum, for payments processed through this application. This fee is assessed by Govolution, LLC and will post as a separate transaction. Accepted credit cards include Visa, Mastercard, and Discover.": null

2023-09-09 20:18:53 - [TEST_STEP][PASSED] - cfVerbiageDemo = "This electronic government service includes a 2.45% service/convenience fee, with a $1.00 minimum, for payments processed through this application. This fee is assessed by Govolution, LLC and will post as a separate transaction. Accepted credit cards include Visa, MasterCard, and Discover.": null

2023-09-09 20:18:53 - [TEST_STEP][PASSED] - switch (executionProfile): null

2023-09-09 20:18:53 - [TEST_STEP][PASSED] - verifyElementPresent(findTestObject(orPath_Landing + "/button_Close"), 30): Object 'Object Repository/RAD_Pages/Landing_Page/button_Close' is present

2023-09-09 20:18:54 - [MESSAGE][PASSED] - Object 'Object Repository/RAD_Pages/Landing_Page/button_Close' is present

2023-09-09 20:18:54 - [TEST_STEP][PASSED] - click(findTestObject(orPath_Landing + "/button_Close")): Object: 'Object Repository/RAD_Pages/Landing_Page/button_Close' is clicked on

2023-09-09 20:18:54 - [MESSAGE][PASSED] - Object: 'Object Repository/RAD_Pages/Landing_Page/button_Close' is clicked on

2023-09-09 20:18:54 - [TEST_STEP][PASSED] - openBrowser(""): Browser is opened with url: ''

2023-09-09 20:18:54 - [MESSAGE][WARNING] - A browser is already opened. Closing browser and opening a new one

2023-09-09 20:18:55 - [MESSAGE][INFO] - Starting 'Chrome' driver

2023-09-09 20:18:55 - [MESSAGE][INFO] - User set preference: ['acceptInsecureCerts', 'true']

2023-09-09 20:18:55 - [MESSAGE][INFO] - Action delay is set to 0 milliseconds

2023-09-09 20:18:57 - [MESSAGE][PASSED] - Browser is opened with url: ''

2023-09-09 20:18:57 - [TEST_STEP][PASSED] - maximizeWindow(): Current window maximized

2023-09-09 20:18:57 - [MESSAGE][PASSED] - Current window maximized

2023-09-09 20:18:57 - [TEST_STEP][PASSED] - navigateToUrl(RADurl): Navigate to 'https://qa2.velocitypayment.com/client/rad/index.html' successfully

2023-09-09 20:18:58 - [MESSAGE][PASSED] - Navigate to 'https://qa2.velocitypayment.com/client/rad/index.html' successfully

2023-09-09 20:18:58 - [TEST_STEP][PASSED] - orPath_Landing = "Object Repository/RAD_Pages/Landing_Page": null

2023-09-09 20:18:58 - [TEST_STEP][PASSED] - orPath = "Object Repository/RAD_Pages/Landing_Page": null

2023-09-09 20:18:58 - [TEST_STEP][PASSED] - orPath_Amount = "Object Repository/RAD_Pages/PaymentAmount_Page": null

2023-09-09 20:18:58 - [TEST_STEP][PASSED] - selectOptionByLabel(findTestObject(orPath_Landing + "/dd_TaxType"), taxTypeDropList[i], false): All options with label 'Existing Liability w/Notice Number' are selected in object 'Object Repository/RAD_Pages/Landing_Page/dd_TaxType' 

2023-09-09 20:18:59 - [MESSAGE][PASSED] - All options with label 'Existing Liability w/Notice Number' are selected in object 'Object Repository/RAD_Pages/Landing_Page/dd_TaxType' 

2023-09-09 20:18:59 - [TEST_STEP][PASSED] - delay(1): Delayed 1 second(s)

2023-09-09 20:19:00 - [MESSAGE][PASSED] - Delayed 1 second(s)

2023-09-09 20:19:00 - [TEST_STEP][PASSED] - setText(findTestObject(orPath_Amount + "/input__paymentAmount"), ""): Text '' is set on object 'Object Repository/RAD_Pages/PaymentAmount_Page/input__paymentAmount'

2023-09-09 20:19:01 - [MESSAGE][PASSED] - Text '' is set on object 'Object Repository/RAD_Pages/PaymentAmount_Page/input__paymentAmount'

2023-09-09 20:19:01 - [TEST_STEP][PASSED] - click(findTestObject(orPath_Landing + "/a_Click here for details")): Object: 'Object Repository/RAD_Pages/Landing_Page/a_Click here for details' is clicked on

2023-09-09 20:19:02 - [MESSAGE][PASSED] - Object: 'Object Repository/RAD_Pages/Landing_Page/a_Click here for details' is clicked on

2023-09-09 20:19:02 - [TEST_STEP][PASSED] - cfVerbiageQA = "This electronic government service includes a 2.45% service/convenience fee, with a $1.00 minimum, for payments processed through this application. This fee is assessed by Govolution, LLC and will post as a separate transaction. Accepted credit cards include Visa, Mastercard, and Discover.": null

2023-09-09 20:19:02 - [TEST_STEP][PASSED] - cfVerbiageDemo = "This electronic government service includes a 2.45% service/convenience fee, with a $1.00 minimum, for payments processed through this application. This fee is assessed by Govolution, LLC and will post as a separate transaction. Accepted credit cards include Visa, MasterCard, and Discover.": null

2023-09-09 20:19:02 - [TEST_STEP][PASSED] - switch (executionProfile): null

2023-09-09 20:19:02 - [TEST_STEP][PASSED] - verifyElementPresent(findTestObject(orPath_Landing + "/button_Close"), 30): Object 'Object Repository/RAD_Pages/Landing_Page/button_Close' is present

2023-09-09 20:19:03 - [MESSAGE][PASSED] - Object 'Object Repository/RAD_Pages/Landing_Page/button_Close' is present

2023-09-09 20:19:03 - [TEST_STEP][PASSED] - click(findTestObject(orPath_Landing + "/button_Close")): Object: 'Object Repository/RAD_Pages/Landing_Page/button_Close' is clicked on

2023-09-09 20:19:03 - [MESSAGE][PASSED] - Object: 'Object Repository/RAD_Pages/Landing_Page/button_Close' is clicked on

2023-09-09 20:19:03 - [TEST_STEP][PASSED] - openBrowser(""): Browser is opened with url: ''

2023-09-09 20:19:03 - [MESSAGE][WARNING] - A browser is already opened. Closing browser and opening a new one

2023-09-09 20:19:04 - [MESSAGE][INFO] - Starting 'Chrome' driver

2023-09-09 20:19:04 - [MESSAGE][INFO] - User set preference: ['acceptInsecureCerts', 'true']

2023-09-09 20:19:04 - [MESSAGE][INFO] - Action delay is set to 0 milliseconds

2023-09-09 20:19:06 - [MESSAGE][PASSED] - Browser is opened with url: ''

2023-09-09 20:19:06 - [TEST_STEP][PASSED] - maximizeWindow(): Current window maximized

2023-09-09 20:19:06 - [MESSAGE][PASSED] - Current window maximized

2023-09-09 20:19:06 - [TEST_STEP][PASSED] - navigateToUrl(RADurl): Navigate to 'https://qa2.velocitypayment.com/client/rad/index.html' successfully

2023-09-09 20:19:07 - [MESSAGE][PASSED] - Navigate to 'https://qa2.velocitypayment.com/client/rad/index.html' successfully

2023-09-09 20:19:07 - [TEST_STEP][PASSED] - orPath_Landing = "Object Repository/RAD_Pages/Landing_Page": null

2023-09-09 20:19:07 - [TEST_STEP][PASSED] - orPath = "Object Repository/RAD_Pages/Landing_Page": null

2023-09-09 20:19:07 - [TEST_STEP][PASSED] - orPath_Amount = "Object Repository/RAD_Pages/PaymentAmount_Page": null

2023-09-09 20:19:07 - [TEST_STEP][PASSED] - selectOptionByLabel(findTestObject(orPath_Landing + "/dd_TaxType"), taxTypeDropList[i], false): All options with label 'New Tax Return Amount Due' are selected in object 'Object Repository/RAD_Pages/Landing_Page/dd_TaxType' 

2023-09-09 20:19:08 - [MESSAGE][PASSED] - All options with label 'New Tax Return Amount Due' are selected in object 'Object Repository/RAD_Pages/Landing_Page/dd_TaxType' 

2023-09-09 20:19:08 - [TEST_STEP][PASSED] - delay(1): Delayed 1 second(s)

2023-09-09 20:19:09 - [MESSAGE][PASSED] - Delayed 1 second(s)

2023-09-09 20:19:09 - [TEST_STEP][PASSED] - setText(findTestObject(orPath_Amount + "/input__paymentAmount"), ""): Text '' is set on object 'Object Repository/RAD_Pages/PaymentAmount_Page/input__paymentAmount'

2023-09-09 20:19:10 - [MESSAGE][PASSED] - Text '' is set on object 'Object Repository/RAD_Pages/PaymentAmount_Page/input__paymentAmount'

2023-09-09 20:19:10 - [TEST_STEP][PASSED] - click(findTestObject(orPath_Landing + "/a_Click here for details")): Object: 'Object Repository/RAD_Pages/Landing_Page/a_Click here for details' is clicked on

2023-09-09 20:19:11 - [MESSAGE][PASSED] - Object: 'Object Repository/RAD_Pages/Landing_Page/a_Click here for details' is clicked on

2023-09-09 20:19:11 - [TEST_STEP][PASSED] - cfVerbiageQA = "This electronic government service includes a 2.45% service/convenience fee, with a $1.00 minimum, for payments processed through this application. This fee is assessed by Govolution, LLC and will post as a separate transaction. Accepted credit cards include Visa, Mastercard, and Discover.": null

2023-09-09 20:19:11 - [TEST_STEP][PASSED] - cfVerbiageDemo = "This electronic government service includes a 2.45% service/convenience fee, with a $1.00 minimum, for payments processed through this application. This fee is assessed by Govolution, LLC and will post as a separate transaction. Accepted credit cards include Visa, MasterCard, and Discover.": null

2023-09-09 20:19:11 - [TEST_STEP][PASSED] - switch (executionProfile): null

2023-09-09 20:19:11 - [TEST_STEP][PASSED] - verifyElementPresent(findTestObject(orPath_Landing + "/button_Close"), 30): Object 'Object Repository/RAD_Pages/Landing_Page/button_Close' is present

2023-09-09 20:19:12 - [MESSAGE][PASSED] - Object 'Object Repository/RAD_Pages/Landing_Page/button_Close' is present

2023-09-09 20:19:12 - [TEST_STEP][PASSED] - click(findTestObject(orPath_Landing + "/button_Close")): Object: 'Object Repository/RAD_Pages/Landing_Page/button_Close' is clicked on

2023-09-09 20:19:12 - [MESSAGE][PASSED] - Object: 'Object Repository/RAD_Pages/Landing_Page/button_Close' is clicked on]]></system-out>
         <system-err><![CDATA[]]></system-err>
      </testcase>
      <testcase name="Test Cases/RAD_TestCases/UI_TestCases/Estimated/EstimatedTax_UI_TC" time="37.168" classname="Test Cases/RAD_TestCases/UI_TestCases/Estimated/EstimatedTax_UI_TC" status="PASSED">
         <system-out><![CDATA[2023-09-09 20:19:12 - [TEST_CASE][PASSED] - Test Cases/RAD_TestCases/UI_TestCases/Estimated/EstimatedTax_UI_TC: Test Cases/RAD_TestCases/UI_TestCases/Estimated/EstimatedTax_UI_TC

2023-09-09 20:19:13 - [TEST_STEP][PASSED] - openBrowser(""): Browser is opened with url: ''

2023-09-09 20:19:13 - [MESSAGE][WARNING] - A browser is already opened. Closing browser and opening a new one

2023-09-09 20:19:14 - [MESSAGE][INFO] - Starting 'Chrome' driver

2023-09-09 20:19:14 - [MESSAGE][INFO] - User set preference: ['acceptInsecureCerts', 'true']

2023-09-09 20:19:14 - [MESSAGE][INFO] - Action delay is set to 0 milliseconds

2023-09-09 20:19:15 - [MESSAGE][PASSED] - Browser is opened with url: ''

2023-09-09 20:19:15 - [TEST_STEP][PASSED] - maximizeWindow(): Current window maximized

2023-09-09 20:19:16 - [MESSAGE][PASSED] - Current window maximized

2023-09-09 20:19:16 - [TEST_STEP][PASSED] - navigateToUrl(RADurl): Navigate to 'https://qa2.velocitypayment.com/client/rad/index.html' successfully

2023-09-09 20:19:17 - [MESSAGE][PASSED] - Navigate to 'https://qa2.velocitypayment.com/client/rad/index.html' successfully

2023-09-09 20:19:17 - [TEST_STEP][PASSED] - orPath_Landing = "Object Repository/RAD_Pages/Landing_Page": null

2023-09-09 20:19:17 - [TEST_STEP][PASSED] - orPath_TaxTypeFilingYear = "Object Repository/RAD_Pages/TaxTypeFilingYear_Page": null

2023-09-09 20:19:17 - [TEST_STEP][PASSED] - orPath_TaxPayer = "Object Repository/RAD_Pages/Taxpayer_Page": null

2023-09-09 20:19:17 - [TEST_STEP][PASSED] - orPath_AddressContact = "Object Repository/RAD_Pages/AddressAndContactInfo_Page": null

2023-09-09 20:19:17 - [TEST_STEP][PASSED] - orPath_FilingStatus = "Object Repository/RAD_Pages/FilingStatus_Page": null

2023-09-09 20:19:17 - [TEST_STEP][PASSED] - orPath_Amount = "Object Repository/RAD_Pages/PaymentAmount_Page": null

2023-09-09 20:19:17 - [TEST_STEP][PASSED] - orPath_TaxInfo = "Object Repository/RAD_Pages/TaxInfo_Page": null

2023-09-09 20:19:17 - [TEST_STEP][PASSED] - selectOptionByLabel(findTestObject(orPath_Landing + "/dd_TaxType"), "Quarterly Estimated Tax", false): All options with label 'Quarterly Estimated Tax' are selected in object 'Object Repository/RAD_Pages/Landing_Page/dd_TaxType' 

2023-09-09 20:19:18 - [MESSAGE][PASSED] - All options with label 'Quarterly Estimated Tax' are selected in object 'Object Repository/RAD_Pages/Landing_Page/dd_TaxType' 

2023-09-09 20:19:18 - [TEST_STEP][PASSED] - if (verifyElementPresent(findTestObject(orPath_TaxTypeFilingYear + "/select_PaymentType"), 30)): null

2023-09-09 20:19:18 - [MESSAGE][PASSED] - Object 'Object Repository/RAD_Pages/TaxTypeFilingYear_Page/select_PaymentType' is present

2023-09-09 20:19:18 - [TEST_STEP][PASSED] - out.println("Payment Type drop down was found on the Estimated Tax Page"): null

2023-09-09 20:19:18 - [TEST_STEP][PASSED] - if (verifyElementPresent(findTestObject(orPath_TaxTypeFilingYear + "/select_FilingYear"), 30)): null

2023-09-09 20:19:19 - [MESSAGE][PASSED] - Object 'Object Repository/RAD_Pages/TaxTypeFilingYear_Page/select_FilingYear' is present

2023-09-09 20:19:19 - [TEST_STEP][PASSED] - out.println("Filing Year drop down was found on the Estimated Tax Page"): null

2023-09-09 20:19:19 - [TEST_STEP][PASSED] - totalOptionsPaymentType = getNumberOfTotalOption(findTestObject(orPath_TaxTypeFilingYear + "/select_PaymentType")): 8 options of object 'Object Repository/RAD_Pages/TaxTypeFilingYear_Page/select_PaymentType' counted

2023-09-09 20:19:19 - [MESSAGE][PASSED] - 8 options of object 'Object Repository/RAD_Pages/TaxTypeFilingYear_Page/select_PaymentType' counted

2023-09-09 20:19:19 - [TEST_STEP][PASSED] - if (verifyEqual(totalOptionsPaymentType, 8)): null

2023-09-09 20:19:19 - [MESSAGE][PASSED] - Actual object '8' and expected object '8' are equal

2023-09-09 20:19:19 - [TEST_STEP][PASSED] - out.println("Total Options for Payment Type are correct: " + totalOptionsPaymentType): null

2023-09-09 20:19:19 - [TEST_STEP][PASSED] - markPassed("Total Options are correct for Payment Type"): Total Options are correct for Payment Type

2023-09-09 20:19:19 - [MESSAGE][PASSED] - Total Options are correct for Payment Type

2023-09-09 20:19:19 - [TEST_STEP][PASSED] - totalOptionsFilingYear = getNumberOfTotalOption(findTestObject(orPath_TaxTypeFilingYear + "/select_FilingYear")): 1 options of object 'Object Repository/RAD_Pages/TaxTypeFilingYear_Page/select_FilingYear' counted

2023-09-09 20:19:20 - [MESSAGE][PASSED] - 1 options of object 'Object Repository/RAD_Pages/TaxTypeFilingYear_Page/select_FilingYear' counted

2023-09-09 20:19:20 - [TEST_STEP][PASSED] - if (verifyEqual(totalOptionsFilingYear, 1)): null

2023-09-09 20:19:20 - [MESSAGE][PASSED] - Actual object '1' and expected object '1' are equal

2023-09-09 20:19:20 - [TEST_STEP][PASSED] - out.println("Total Options for Filing Year are correct: " + totalOptionsFilingYear): null

2023-09-09 20:19:20 - [TEST_STEP][PASSED] - markPassed("Total Options are correct for Filing Year"): Total Options are correct for Filing Year

2023-09-09 20:19:20 - [MESSAGE][PASSED] - Total Options are correct for Filing Year

2023-09-09 20:19:20 - [TEST_STEP][PASSED] - verifyOptionsPresent(findTestObject(orPath_TaxTypeFilingYear + "/select_PaymentType"), ["Select", "Corporate Income Tax", "Fiduciary Tax", "Personal Income Tax", "PTE Non-Electing Non-S Corp", "PTE Non-Electing S Corp", "PTE Tax Electing Non-S Corp", "PTE Tax Electing S Corp"]): Options [Select, Corporate Income Tax, Fiduciary Tax, Personal Income Tax, PTE Non-Electing Non-S Corp, PTE Non-Electing S Corp, PTE Tax Electing Non-S Corp, PTE Tax Electing S Corp] present.

2023-09-09 20:19:21 - [MESSAGE][PASSED] - Options [Select, Corporate Income Tax, Fiduciary Tax, Personal Income Tax, PTE Non-Electing Non-S Corp, PTE Non-Electing S Corp, PTE Tax Electing Non-S Corp, PTE Tax Electing S Corp] present.

2023-09-09 20:19:21 - [TEST_STEP][PASSED] - verifyOptionsPresent(findTestObject(orPath_TaxTypeFilingYear + "/select_FilingYear"), ["2023"]): Options [2023] present.

2023-09-09 20:19:21 - [MESSAGE][PASSED] - Options [2023] present.

2023-09-09 20:19:21 - [TEST_STEP][PASSED] - verifyTextPresent("Payment Type/Filing Year", true): Text 'Payment Type/Filing Year' is present on page  using regular expression

2023-09-09 20:19:22 - [MESSAGE][PASSED] - Text 'Payment Type/Filing Year' is present on page  using regular expression

2023-09-09 20:19:22 - [TEST_STEP][PASSED] - verifyTextPresent("Taxpayer", true): Text 'Taxpayer' is present on page  using regular expression

2023-09-09 20:19:22 - [MESSAGE][PASSED] - Text 'Taxpayer' is present on page  using regular expression

2023-09-09 20:19:22 - [TEST_STEP][PASSED] - verifyTextPresent("Provide the following taxpayer information", true): Text 'Provide the following taxpayer information' is present on page  using regular expression

2023-09-09 20:19:22 - [MESSAGE][PASSED] - Text 'Provide the following taxpayer information' is present on page  using regular expression

2023-09-09 20:19:22 - [TEST_STEP][PASSED] - verifyTextPresent("Note: If you are paying on behalf of the Taxpayer, enter Taxpayer", true): Text 'Note: If you are paying on behalf of the Taxpayer, enter Taxpayer' is present on page  using regular expression

2023-09-09 20:19:23 - [MESSAGE][PASSED] - Text 'Note: If you are paying on behalf of the Taxpayer, enter Taxpayer' is present on page  using regular expression

2023-09-09 20:19:23 - [TEST_STEP][PASSED] - verifyTextPresent("information here. If you are making a payment for the Taxpayer, you will be required later to enter your own credit card, billing address and other pertinent information", true): Text 'information here. If you are making a payment for the Taxpayer, you will be required later to enter your own credit card, billing address and other pertinent information' is present on page  using regular expression

2023-09-09 20:19:23 - [MESSAGE][PASSED] - Text 'information here. If you are making a payment for the Taxpayer, you will be required later to enter your own credit card, billing address and other pertinent information' is present on page  using regular expression

2023-09-09 20:19:23 - [TEST_STEP][PASSED] - verifyTextPresent("Address and Contact Information", true): Text 'Address and Contact Information' is present on page  using regular expression

2023-09-09 20:19:24 - [MESSAGE][PASSED] - Text 'Address and Contact Information' is present on page  using regular expression

2023-09-09 20:19:24 - [TEST_STEP][PASSED] - verifyTextPresent("Enter the taxpayer", true): Text 'Enter the taxpayer' is present on page  using regular expression

2023-09-09 20:19:24 - [MESSAGE][PASSED] - Text 'Enter the taxpayer' is present on page  using regular expression

2023-09-09 20:19:24 - [TEST_STEP][PASSED] - verifyTextPresent("address and contact information", true): Text 'address and contact information' is present on page  using regular expression

2023-09-09 20:19:24 - [MESSAGE][PASSED] - Text 'address and contact information' is present on page  using regular expression

2023-09-09 20:19:24 - [TEST_STEP][PASSED] - verifyTextPresent("Payment Amount", true): Text 'Payment Amount' is present on page  using regular expression

2023-09-09 20:19:25 - [MESSAGE][PASSED] - Text 'Payment Amount' is present on page  using regular expression

2023-09-09 20:19:25 - [TEST_STEP][PASSED] - verifyTextPresent("Service Fee: This electronic government service includes a service/convenience fee. Click here for details", true): Text 'Service Fee: This electronic government service includes a service/convenience fee. Click here for details' is present on page  using regular expression

2023-09-09 20:19:25 - [MESSAGE][PASSED] - Text 'Service Fee: This electronic government service includes a service/convenience fee. Click here for details' is present on page  using regular expression

2023-09-09 20:19:25 - [TEST_STEP][PASSED] - verifyElementPresent(findTestObject(orPath_Amount + "/a_Click here for details"), 30): Object 'Object Repository/RAD_Pages/PaymentAmount_Page/a_Click here for details' is present

2023-09-09 20:19:25 - [MESSAGE][PASSED] - Object 'Object Repository/RAD_Pages/PaymentAmount_Page/a_Click here for details' is present

2023-09-09 20:19:25 - [TEST_STEP][PASSED] - verifyElementPresent(findTestObject(orPath_Landing + "/button_Continue"), 30): Object 'Object Repository/RAD_Pages/Landing_Page/button_Continue' is present

2023-09-09 20:19:26 - [MESSAGE][PASSED] - Object 'Object Repository/RAD_Pages/Landing_Page/button_Continue' is present

2023-09-09 20:19:26 - [TEST_STEP][PASSED] - verifyElementPresent(findTestObject(orPath_TaxPayer + "/input_firstName"), 30): Object 'Object Repository/RAD_Pages/Taxpayer_Page/input_firstName' is present

2023-09-09 20:19:26 - [MESSAGE][PASSED] - Object 'Object Repository/RAD_Pages/Taxpayer_Page/input_firstName' is present

2023-09-09 20:19:26 - [TEST_STEP][PASSED] - verifyElementPresent(findTestObject(orPath_TaxPayer + "/input_middleName"), 30): Object 'Object Repository/RAD_Pages/Taxpayer_Page/input_middleName' is present

2023-09-09 20:19:26 - [MESSAGE][PASSED] - Object 'Object Repository/RAD_Pages/Taxpayer_Page/input_middleName' is present

2023-09-09 20:19:26 - [TEST_STEP][PASSED] - verifyElementPresent(findTestObject(orPath_TaxPayer + "/input_lastName"), 30): Object 'Object Repository/RAD_Pages/Taxpayer_Page/input_lastName' is present

2023-09-09 20:19:27 - [MESSAGE][PASSED] - Object 'Object Repository/RAD_Pages/Taxpayer_Page/input_lastName' is present

2023-09-09 20:19:27 - [TEST_STEP][PASSED] - verifyElementPresent(findTestObject(orPath_TaxPayer + "/input_suffix"), 30): Object 'Object Repository/RAD_Pages/Taxpayer_Page/input_suffix' is present

2023-09-09 20:19:27 - [MESSAGE][PASSED] - Object 'Object Repository/RAD_Pages/Taxpayer_Page/input_suffix' is present

2023-09-09 20:19:27 - [TEST_STEP][PASSED] - verifyElementPresent(findTestObject("RAD_RecordAndPlay/input_concatSSN"), 30): Object 'Object Repository/RAD_RecordAndPlay/input_concatSSN' is present

2023-09-09 20:19:28 - [MESSAGE][PASSED] - Object 'Object Repository/RAD_RecordAndPlay/input_concatSSN' is present

2023-09-09 20:19:28 - [TEST_STEP][PASSED] - verifyElementPresent(findTestObject("RAD_RecordAndPlay/input_concatReSSN"), 30): Object 'Object Repository/RAD_RecordAndPlay/input_concatReSSN' is present

2023-09-09 20:19:28 - [MESSAGE][PASSED] - Object 'Object Repository/RAD_RecordAndPlay/input_concatReSSN' is present

2023-09-09 20:19:28 - [TEST_STEP][PASSED] - verifyElementPresent(findTestObject(orPath_AddressContact + "/select_Country"), 30): Object 'Object Repository/RAD_Pages/AddressAndContactInfo_Page/select_Country' is present

2023-09-09 20:19:29 - [MESSAGE][PASSED] - Object 'Object Repository/RAD_Pages/AddressAndContactInfo_Page/select_Country' is present

2023-09-09 20:19:29 - [TEST_STEP][PASSED] - verifyElementPresent(findTestObject(orPath_AddressContact + "/input_streetAddress1"), 30): Object 'Object Repository/RAD_Pages/AddressAndContactInfo_Page/input_streetAddress1' is present

2023-09-09 20:19:29 - [MESSAGE][PASSED] - Object 'Object Repository/RAD_Pages/AddressAndContactInfo_Page/input_streetAddress1' is present

2023-09-09 20:19:29 - [TEST_STEP][PASSED] - verifyElementPresent(findTestObject(orPath_AddressContact + "/input_streetAddress2"), 30): Object 'Object Repository/RAD_Pages/AddressAndContactInfo_Page/input_streetAddress2' is present

2023-09-09 20:19:29 - [MESSAGE][PASSED] - Object 'Object Repository/RAD_Pages/AddressAndContactInfo_Page/input_streetAddress2' is present

2023-09-09 20:19:29 - [TEST_STEP][PASSED] - verifyElementPresent(findTestObject(orPath_AddressContact + "/input_city"), 30): Object 'Object Repository/RAD_Pages/AddressAndContactInfo_Page/input_city' is present

2023-09-09 20:19:30 - [MESSAGE][PASSED] - Object 'Object Repository/RAD_Pages/AddressAndContactInfo_Page/input_city' is present

2023-09-09 20:19:30 - [TEST_STEP][PASSED] - verifyElementPresent(findTestObject(orPath_AddressContact + "/select_State"), 30): Object 'Object Repository/RAD_Pages/AddressAndContactInfo_Page/select_State' is present

2023-09-09 20:19:30 - [MESSAGE][PASSED] - Object 'Object Repository/RAD_Pages/AddressAndContactInfo_Page/select_State' is present

2023-09-09 20:19:30 - [TEST_STEP][PASSED] - verifyElementPresent(findTestObject(orPath_AddressContact + "/input_zipCode"), 30): Object 'Object Repository/RAD_Pages/AddressAndContactInfo_Page/input_zipCode' is present

2023-09-09 20:19:30 - [MESSAGE][PASSED] - Object 'Object Repository/RAD_Pages/AddressAndContactInfo_Page/input_zipCode' is present

2023-09-09 20:19:30 - [TEST_STEP][PASSED] - verifyElementPresent(findTestObject(orPath_AddressContact + "/input_phoneNumber"), 30): Object 'Object Repository/RAD_Pages/AddressAndContactInfo_Page/input_phoneNumber' is present

2023-09-09 20:19:31 - [MESSAGE][PASSED] - Object 'Object Repository/RAD_Pages/AddressAndContactInfo_Page/input_phoneNumber' is present

2023-09-09 20:19:31 - [TEST_STEP][PASSED] - verifyElementPresent(findTestObject(orPath_AddressContact + "/input_eMailAddress"), 30): Object 'Object Repository/RAD_Pages/AddressAndContactInfo_Page/input_eMailAddress' is present

2023-09-09 20:19:31 - [MESSAGE][PASSED] - Object 'Object Repository/RAD_Pages/AddressAndContactInfo_Page/input_eMailAddress' is present

2023-09-09 20:19:31 - [TEST_STEP][PASSED] - verifyElementPresent(findTestObject(orPath_AddressContact + "/input_reEnterEMailAddress"), 30): Object 'Object Repository/RAD_Pages/AddressAndContactInfo_Page/input_reEnterEMailAddress' is present

2023-09-09 20:19:31 - [MESSAGE][PASSED] - Object 'Object Repository/RAD_Pages/AddressAndContactInfo_Page/input_reEnterEMailAddress' is present

2023-09-09 20:19:31 - [TEST_STEP][PASSED] - verifyOptionsPresent(findTestObject(orPath_AddressContact + "/select_Country"), ["United States"]): Options [United States] present.

2023-09-09 20:19:32 - [MESSAGE][PASSED] - Options [United States] present.

2023-09-09 20:19:32 - [TEST_STEP][PASSED] - verifyOptionsPresent(findTestObject(orPath_AddressContact + "/select_State"), ["Alabama", "District of Columbia", "Maryland", "Virginia", "Wyoming"]): Options [Alabama, District of Columbia, Maryland, Virginia, Wyoming] present.

2023-09-09 20:19:33 - [MESSAGE][PASSED] - Options [Alabama, District of Columbia, Maryland, Virginia, Wyoming] present.

2023-09-09 20:19:33 - [TEST_STEP][PASSED] - totalOptionsState = getNumberOfTotalOption(findTestObject(orPath_AddressContact + "/select_State")): 52 options of object 'Object Repository/RAD_Pages/AddressAndContactInfo_Page/select_State' counted

2023-09-09 20:19:34 - [MESSAGE][PASSED] - 52 options of object 'Object Repository/RAD_Pages/AddressAndContactInfo_Page/select_State' counted

2023-09-09 20:19:34 - [TEST_STEP][PASSED] - verifyEqual(totalOptionsState, 52): Actual object '52' and expected object '52' are equal

2023-09-09 20:19:34 - [MESSAGE][PASSED] - Actual object '52' and expected object '52' are equal

2023-09-09 20:19:34 - [TEST_STEP][PASSED] - verifyElementPresent(findTestObject(orPath_Amount + "/input__paymentAmount"), 30): Object 'Object Repository/RAD_Pages/PaymentAmount_Page/input__paymentAmount' is present

2023-09-09 20:19:34 - [MESSAGE][PASSED] - Object 'Object Repository/RAD_Pages/PaymentAmount_Page/input__paymentAmount' is present

2023-09-09 20:19:34 - [TEST_STEP][PASSED] - scrollToElement(findTestObject(orPath_Amount + "/input__paymentAmount"), 3): Scroll to object 'Object Repository/RAD_Pages/PaymentAmount_Page/input__paymentAmount' successfully

2023-09-09 20:19:34 - [MESSAGE][PASSED] - Scroll to object 'Object Repository/RAD_Pages/PaymentAmount_Page/input__paymentAmount' successfully

2023-09-09 20:19:34 - [TEST_STEP][PASSED] - selectOptionByLabel(findTestObject(orPath_TaxTypeFilingYear + "/select_PaymentType"), "Personal Income Tax", false): All options with label 'Personal Income Tax' are selected in object 'Object Repository/RAD_Pages/TaxTypeFilingYear_Page/select_PaymentType' 

2023-09-09 20:19:35 - [MESSAGE][PASSED] - All options with label 'Personal Income Tax' are selected in object 'Object Repository/RAD_Pages/TaxTypeFilingYear_Page/select_PaymentType' 

2023-09-09 20:19:35 - [TEST_STEP][PASSED] - verifyElementVisible(findTestObject(orPath_TaxPayer + "/input_firstName")): Object 'Object Repository/RAD_Pages/Taxpayer_Page/input_firstName' is visible

2023-09-09 20:19:36 - [MESSAGE][PASSED] - Object 'Object Repository/RAD_Pages/Taxpayer_Page/input_firstName' is visible

2023-09-09 20:19:36 - [TEST_STEP][PASSED] - verifyElementVisible(findTestObject(orPath_TaxPayer + "/input_middleName")): Object 'Object Repository/RAD_Pages/Taxpayer_Page/input_middleName' is visible

2023-09-09 20:19:36 - [MESSAGE][PASSED] - Object 'Object Repository/RAD_Pages/Taxpayer_Page/input_middleName' is visible

2023-09-09 20:19:36 - [TEST_STEP][PASSED] - verifyElementVisible(findTestObject(orPath_TaxPayer + "/input_lastName")): Object 'Object Repository/RAD_Pages/Taxpayer_Page/input_lastName' is visible

2023-09-09 20:19:36 - [MESSAGE][PASSED] - Object 'Object Repository/RAD_Pages/Taxpayer_Page/input_lastName' is visible

2023-09-09 20:19:36 - [TEST_STEP][PASSED] - verifyElementVisible(findTestObject(orPath_TaxPayer + "/input_suffix")): Object 'Object Repository/RAD_Pages/Taxpayer_Page/input_suffix' is visible

2023-09-09 20:19:37 - [MESSAGE][PASSED] - Object 'Object Repository/RAD_Pages/Taxpayer_Page/input_suffix' is visible

2023-09-09 20:19:37 - [TEST_STEP][PASSED] - verifyElementVisible(findTestObject("RAD_RecordAndPlay/input_concatSSN")): Object 'Object Repository/RAD_RecordAndPlay/input_concatSSN' is visible

2023-09-09 20:19:37 - [MESSAGE][PASSED] - Object 'Object Repository/RAD_RecordAndPlay/input_concatSSN' is visible

2023-09-09 20:19:37 - [TEST_STEP][PASSED] - verifyElementVisible(findTestObject("RAD_RecordAndPlay/input_concatReSSN")): Object 'Object Repository/RAD_RecordAndPlay/input_concatReSSN' is visible

2023-09-09 20:19:38 - [MESSAGE][PASSED] - Object 'Object Repository/RAD_RecordAndPlay/input_concatReSSN' is visible

2023-09-09 20:19:38 - [TEST_STEP][PASSED] - verifyElementVisible(findTestObject(orPath_FilingStatus + "/input_userType_Individual")): Object 'Object Repository/RAD_Pages/FilingStatus_Page/input_userType_Individual' is visible

2023-09-09 20:19:38 - [MESSAGE][PASSED] - Object 'Object Repository/RAD_Pages/FilingStatus_Page/input_userType_Individual' is visible

2023-09-09 20:19:38 - [TEST_STEP][PASSED] - verifyElementVisible(findTestObject(orPath_FilingStatus + "/input_userType_Joint")): Object 'Object Repository/RAD_Pages/FilingStatus_Page/input_userType_Joint' is visible

2023-09-09 20:19:38 - [MESSAGE][PASSED] - Object 'Object Repository/RAD_Pages/FilingStatus_Page/input_userType_Joint' is visible

2023-09-09 20:19:38 - [TEST_STEP][PASSED] - verifyElementNotVisible(findTestObject(orPath_TaxPayer + "/input_Note_businessName")): Object 'Object Repository/RAD_Pages/Taxpayer_Page/input_Note_businessName' is NOT visible

2023-09-09 20:19:39 - [MESSAGE][PASSED] - Object 'Object Repository/RAD_Pages/Taxpayer_Page/input_Note_businessName' is NOT visible

2023-09-09 20:19:39 - [TEST_STEP][PASSED] - verifyElementNotVisible(findTestObject(orPath_TaxInfo + "/input_FederalEIN-2")): Object 'Object Repository/RAD_Pages/TaxInfo_Page/input_FederalEIN-2' is NOT visible

2023-09-09 20:19:39 - [MESSAGE][PASSED] - Object 'Object Repository/RAD_Pages/TaxInfo_Page/input_FederalEIN-2' is NOT visible

2023-09-09 20:19:39 - [TEST_STEP][PASSED] - verifyElementNotVisible(findTestObject(orPath_TaxInfo + "/input_FederalEIN_ReEnter-2")): Object 'Object Repository/RAD_Pages/TaxInfo_Page/input_FederalEIN_ReEnter-2' is NOT visible

2023-09-09 20:19:40 - [MESSAGE][PASSED] - Object 'Object Repository/RAD_Pages/TaxInfo_Page/input_FederalEIN_ReEnter-2' is NOT visible

2023-09-09 20:19:40 - [TEST_STEP][PASSED] - verifyElementNotVisible(findTestObject(orPath_TaxInfo + "/input_NoticeInvoiceNumber")): Object 'Object Repository/RAD_Pages/TaxInfo_Page/input_NoticeInvoiceNumber' is NOT visible

2023-09-09 20:19:40 - [MESSAGE][PASSED] - Object 'Object Repository/RAD_Pages/TaxInfo_Page/input_NoticeInvoiceNumber' is NOT visible

2023-09-09 20:19:40 - [TEST_STEP][PASSED] - verifyElementNotVisible(findTestObject(orPath_TaxInfo + "/input_reTypeNoticeInvoiceNumber")): Object 'Object Repository/RAD_Pages/TaxInfo_Page/input_reTypeNoticeInvoiceNumber' is NOT visible

2023-09-09 20:19:41 - [MESSAGE][PASSED] - Object 'Object Repository/RAD_Pages/TaxInfo_Page/input_reTypeNoticeInvoiceNumber' is NOT visible

2023-09-09 20:19:41 - [TEST_STEP][PASSED] - verifyElementNotVisible(findTestObject(orPath_TaxInfo + "/input_MDCRegistrationEL")): Object 'Object Repository/RAD_Pages/TaxInfo_Page/input_MDCRegistrationEL' is NOT visible

2023-09-09 20:19:41 - [MESSAGE][PASSED] - Object 'Object Repository/RAD_Pages/TaxInfo_Page/input_MDCRegistrationEL' is NOT visible

2023-09-09 20:19:41 - [TEST_STEP][PASSED] - verifyElementNotVisible(findTestObject(orPath_TaxTypeFilingYear + "/select_PeriodEnding")): Object 'Object Repository/RAD_Pages/TaxTypeFilingYear_Page/select_PeriodEnding' is NOT visible

2023-09-09 20:19:41 - [MESSAGE][PASSED] - Object 'Object Repository/RAD_Pages/TaxTypeFilingYear_Page/select_PeriodEnding' is NOT visible

2023-09-09 20:19:41 - [TEST_STEP][PASSED] - selectOptionByLabel(findTestObject(orPath_TaxTypeFilingYear + "/select_PaymentType"), "Corporate Income Tax", false): All options with label 'Corporate Income Tax' are selected in object 'Object Repository/RAD_Pages/TaxTypeFilingYear_Page/select_PaymentType' 

2023-09-09 20:19:42 - [MESSAGE][PASSED] - All options with label 'Corporate Income Tax' are selected in object 'Object Repository/RAD_Pages/TaxTypeFilingYear_Page/select_PaymentType' 

2023-09-09 20:19:42 - [TEST_STEP][PASSED] - verifyElementPresent(findTestObject(orPath_TaxTypeFilingYear + "/select_PeriodEnding"), 30): Object 'Object Repository/RAD_Pages/TaxTypeFilingYear_Page/select_PeriodEnding' is present

2023-09-09 20:19:42 - [MESSAGE][PASSED] - Object 'Object Repository/RAD_Pages/TaxTypeFilingYear_Page/select_PeriodEnding' is present

2023-09-09 20:19:42 - [TEST_STEP][PASSED] - totalOptionsPeriodEnding = getNumberOfTotalOption(findTestObject(orPath_TaxTypeFilingYear + "/select_PeriodEnding")): 13 options of object 'Object Repository/RAD_Pages/TaxTypeFilingYear_Page/select_PeriodEnding' counted

2023-09-09 20:19:43 - [MESSAGE][PASSED] - 13 options of object 'Object Repository/RAD_Pages/TaxTypeFilingYear_Page/select_PeriodEnding' counted

2023-09-09 20:19:43 - [TEST_STEP][PASSED] - verifyEqual(totalOptionsPeriodEnding, 13): Actual object '13' and expected object '13' are equal

2023-09-09 20:19:43 - [MESSAGE][PASSED] - Actual object '13' and expected object '13' are equal

2023-09-09 20:19:43 - [TEST_STEP][PASSED] - verifyOptionsPresent(findTestObject(orPath_TaxTypeFilingYear + "/select_PeriodEnding"), ["Month", "January", "February", "March", "April", "May", "June"]): Options [Month, January, February, March, April, May, June] present.

2023-09-09 20:19:44 - [MESSAGE][PASSED] - Options [Month, January, February, March, April, May, June] present.

2023-09-09 20:19:44 - [TEST_STEP][PASSED] - verifyOptionsPresent(findTestObject(orPath_TaxTypeFilingYear + "/select_PeriodEnding"), ["July", "August", "September", "October", "November", "December"]): Options [July, August, September, October, November, December] present.

2023-09-09 20:19:44 - [MESSAGE][PASSED] - Options [July, August, September, October, November, December] present.

2023-09-09 20:19:44 - [TEST_STEP][PASSED] - verifyElementVisible(findTestObject(orPath_TaxPayer + "/input_Note_businessName")): Object 'Object Repository/RAD_Pages/Taxpayer_Page/input_Note_businessName' is visible

2023-09-09 20:19:45 - [MESSAGE][PASSED] - Object 'Object Repository/RAD_Pages/Taxpayer_Page/input_Note_businessName' is visible

2023-09-09 20:19:45 - [TEST_STEP][PASSED] - verifyElementVisible(findTestObject(orPath_TaxInfo + "/input_FederalEIN-2")): Object 'Object Repository/RAD_Pages/TaxInfo_Page/input_FederalEIN-2' is visible

2023-09-09 20:19:45 - [MESSAGE][PASSED] - Object 'Object Repository/RAD_Pages/TaxInfo_Page/input_FederalEIN-2' is visible

2023-09-09 20:19:45 - [TEST_STEP][PASSED] - verifyElementVisible(findTestObject(orPath_TaxInfo + "/input_FederalEIN_ReEnter-2")): Object 'Object Repository/RAD_Pages/TaxInfo_Page/input_FederalEIN_ReEnter-2' is visible

2023-09-09 20:19:46 - [MESSAGE][PASSED] - Object 'Object Repository/RAD_Pages/TaxInfo_Page/input_FederalEIN_ReEnter-2' is visible

2023-09-09 20:19:46 - [TEST_STEP][PASSED] - verifyElementNotVisible(findTestObject(orPath_TaxPayer + "/input_firstName")): Object 'Object Repository/RAD_Pages/Taxpayer_Page/input_firstName' is NOT visible

2023-09-09 20:19:46 - [MESSAGE][PASSED] - Object 'Object Repository/RAD_Pages/Taxpayer_Page/input_firstName' is NOT visible

2023-09-09 20:19:46 - [TEST_STEP][PASSED] - verifyElementNotVisible(findTestObject(orPath_TaxPayer + "/input_middleName")): Object 'Object Repository/RAD_Pages/Taxpayer_Page/input_middleName' is NOT visible

2023-09-09 20:19:46 - [MESSAGE][PASSED] - Object 'Object Repository/RAD_Pages/Taxpayer_Page/input_middleName' is NOT visible

2023-09-09 20:19:46 - [TEST_STEP][PASSED] - verifyElementNotVisible(findTestObject(orPath_TaxPayer + "/input_lastName")): Object 'Object Repository/RAD_Pages/Taxpayer_Page/input_lastName' is NOT visible

2023-09-09 20:19:47 - [MESSAGE][PASSED] - Object 'Object Repository/RAD_Pages/Taxpayer_Page/input_lastName' is NOT visible

2023-09-09 20:19:47 - [TEST_STEP][PASSED] - verifyElementNotVisible(findTestObject(orPath_TaxPayer + "/input_suffix")): Object 'Object Repository/RAD_Pages/Taxpayer_Page/input_suffix' is NOT visible

2023-09-09 20:19:47 - [MESSAGE][PASSED] - Object 'Object Repository/RAD_Pages/Taxpayer_Page/input_suffix' is NOT visible

2023-09-09 20:19:47 - [TEST_STEP][PASSED] - verifyElementNotVisible(findTestObject("RAD_RecordAndPlay/input_concatSSN")): Object 'Object Repository/RAD_RecordAndPlay/input_concatSSN' is NOT visible

2023-09-09 20:19:47 - [MESSAGE][PASSED] - Object 'Object Repository/RAD_RecordAndPlay/input_concatSSN' is NOT visible

2023-09-09 20:19:47 - [TEST_STEP][PASSED] - verifyElementNotVisible(findTestObject("RAD_RecordAndPlay/input_concatReSSN")): Object 'Object Repository/RAD_RecordAndPlay/input_concatReSSN' is NOT visible

2023-09-09 20:19:48 - [MESSAGE][PASSED] - Object 'Object Repository/RAD_RecordAndPlay/input_concatReSSN' is NOT visible

2023-09-09 20:19:48 - [TEST_STEP][PASSED] - verifyElementNotVisible(findTestObject(orPath_FilingStatus + "/input_userType_Individual")): Object 'Object Repository/RAD_Pages/FilingStatus_Page/input_userType_Individual' is NOT visible

2023-09-09 20:19:48 - [MESSAGE][PASSED] - Object 'Object Repository/RAD_Pages/FilingStatus_Page/input_userType_Individual' is NOT visible

2023-09-09 20:19:48 - [TEST_STEP][PASSED] - verifyElementNotVisible(findTestObject(orPath_FilingStatus + "/input_userType_Joint")): Object 'Object Repository/RAD_Pages/FilingStatus_Page/input_userType_Joint' is NOT visible

2023-09-09 20:19:48 - [MESSAGE][PASSED] - Object 'Object Repository/RAD_Pages/FilingStatus_Page/input_userType_Joint' is NOT visible

2023-09-09 20:19:48 - [TEST_STEP][PASSED] - verifyElementNotVisible(findTestObject(orPath_TaxInfo + "/input_NoticeInvoiceNumber")): Object 'Object Repository/RAD_Pages/TaxInfo_Page/input_NoticeInvoiceNumber' is NOT visible

2023-09-09 20:19:49 - [MESSAGE][PASSED] - Object 'Object Repository/RAD_Pages/TaxInfo_Page/input_NoticeInvoiceNumber' is NOT visible

2023-09-09 20:19:49 - [TEST_STEP][PASSED] - verifyElementNotVisible(findTestObject(orPath_TaxInfo + "/input_reTypeNoticeInvoiceNumber")): Object 'Object Repository/RAD_Pages/TaxInfo_Page/input_reTypeNoticeInvoiceNumber' is NOT visible

2023-09-09 20:19:49 - [MESSAGE][PASSED] - Object 'Object Repository/RAD_Pages/TaxInfo_Page/input_reTypeNoticeInvoiceNumber' is NOT visible

2023-09-09 20:19:49 - [TEST_STEP][PASSED] - verifyElementNotVisible(findTestObject(orPath_TaxInfo + "/input_MDCRegistrationEL")): Object 'Object Repository/RAD_Pages/TaxInfo_Page/input_MDCRegistrationEL' is NOT visible

2023-09-09 20:19:50 - [MESSAGE][PASSED] - Object 'Object Repository/RAD_Pages/TaxInfo_Page/input_MDCRegistrationEL' is NOT visible]]></system-out>
         <system-err><![CDATA[]]></system-err>
      </testcase>
      <testcase name="Test Cases/RAD_TestCases/UI_TestCases/Estimated/Estimated_Fiduciary_UI_TC" time="27.238" classname="Test Cases/RAD_TestCases/UI_TestCases/Estimated/Estimated_Fiduciary_UI_TC" status="PASSED">
         <system-out><![CDATA[2023-09-09 20:19:50 - [TEST_CASE][PASSED] - Test Cases/RAD_TestCases/UI_TestCases/Estimated/Estimated_Fiduciary_UI_TC: Test Cases/RAD_TestCases/UI_TestCases/Estimated/Estimated_Fiduciary_UI_TC

2023-09-09 20:19:50 - [TEST_STEP][PASSED] - openBrowser(""): Browser is opened with url: ''

2023-09-09 20:19:50 - [MESSAGE][WARNING] - A browser is already opened. Closing browser and opening a new one

2023-09-09 20:19:51 - [MESSAGE][INFO] - Starting 'Chrome' driver

2023-09-09 20:19:51 - [MESSAGE][INFO] - User set preference: ['acceptInsecureCerts', 'true']

2023-09-09 20:19:51 - [MESSAGE][INFO] - Action delay is set to 0 milliseconds

2023-09-09 20:19:53 - [MESSAGE][PASSED] - Browser is opened with url: ''

2023-09-09 20:19:53 - [TEST_STEP][PASSED] - maximizeWindow(): Current window maximized

2023-09-09 20:19:53 - [MESSAGE][PASSED] - Current window maximized

2023-09-09 20:19:53 - [TEST_STEP][PASSED] - navigateToUrl(RADurl): Navigate to 'https://qa2.velocitypayment.com/client/rad/index.html' successfully

2023-09-09 20:19:54 - [MESSAGE][PASSED] - Navigate to 'https://qa2.velocitypayment.com/client/rad/index.html' successfully

2023-09-09 20:19:54 - [TEST_STEP][PASSED] - orPath_Landing = "Object Repository/RAD_Pages/Landing_Page": null

2023-09-09 20:19:54 - [TEST_STEP][PASSED] - orPath_TaxTypeFilingYear = "Object Repository/RAD_Pages/TaxTypeFilingYear_Page": null

2023-09-09 20:19:54 - [TEST_STEP][PASSED] - orPath_TaxPayer = "Object Repository/RAD_Pages/Taxpayer_Page": null

2023-09-09 20:19:54 - [TEST_STEP][PASSED] - orPath_AddressContact = "Object Repository/RAD_Pages/AddressAndContactInfo_Page": null

2023-09-09 20:19:54 - [TEST_STEP][PASSED] - orPath_FilingStatus = "Object Repository/RAD_Pages/FilingStatus_Page": null

2023-09-09 20:19:54 - [TEST_STEP][PASSED] - orPath_Amount = "Object Repository/RAD_Pages/PaymentAmount_Page": null

2023-09-09 20:19:54 - [TEST_STEP][PASSED] - orPath_TaxInfo = "Object Repository/RAD_Pages/TaxInfo_Page": null

2023-09-09 20:19:54 - [TEST_STEP][PASSED] - verifyTextPresent("Payment Type/Filing Year", true): Text 'Payment Type/Filing Year' is present on page  using regular expression

2023-09-09 20:19:54 - [MESSAGE][PASSED] - Text 'Payment Type/Filing Year' is present on page  using regular expression

2023-09-09 20:19:54 - [TEST_STEP][PASSED] - selectOptionByLabel(findTestObject(orPath_Landing + "/dd_TaxType"), "Quarterly Estimated Tax", false): All options with label 'Quarterly Estimated Tax' are selected in object 'Object Repository/RAD_Pages/Landing_Page/dd_TaxType' 

2023-09-09 20:19:55 - [MESSAGE][PASSED] - All options with label 'Quarterly Estimated Tax' are selected in object 'Object Repository/RAD_Pages/Landing_Page/dd_TaxType' 

2023-09-09 20:19:55 - [TEST_STEP][PASSED] - selectOptionByLabel(findTestObject(orPath_TaxTypeFilingYear + "/select_PaymentType"), "Fiduciary Tax", false): All options with label 'Fiduciary Tax' are selected in object 'Object Repository/RAD_Pages/TaxTypeFilingYear_Page/select_PaymentType' 

2023-09-09 20:19:56 - [MESSAGE][PASSED] - All options with label 'Fiduciary Tax' are selected in object 'Object Repository/RAD_Pages/TaxTypeFilingYear_Page/select_PaymentType' 

2023-09-09 20:19:56 - [TEST_STEP][PASSED] - verifyElementPresent(findTestObject(orPath_TaxTypeFilingYear + "/select_FilingYear"), 30): Object 'Object Repository/RAD_Pages/TaxTypeFilingYear_Page/select_FilingYear' is present

2023-09-09 20:19:56 - [MESSAGE][PASSED] - Object 'Object Repository/RAD_Pages/TaxTypeFilingYear_Page/select_FilingYear' is present

2023-09-09 20:19:56 - [TEST_STEP][PASSED] - verifyElementVisible(findTestObject(orPath_TaxTypeFilingYear + "/select_FilingYear")): Object 'Object Repository/RAD_Pages/TaxTypeFilingYear_Page/select_FilingYear' is visible

2023-09-09 20:19:57 - [MESSAGE][PASSED] - Object 'Object Repository/RAD_Pages/TaxTypeFilingYear_Page/select_FilingYear' is visible

2023-09-09 20:19:57 - [TEST_STEP][PASSED] - totalOptionsFilingYear = getNumberOfTotalOption(findTestObject(orPath_TaxTypeFilingYear + "/select_FilingYear")): 1 options of object 'Object Repository/RAD_Pages/TaxTypeFilingYear_Page/select_FilingYear' counted

2023-09-09 20:19:57 - [MESSAGE][PASSED] - 1 options of object 'Object Repository/RAD_Pages/TaxTypeFilingYear_Page/select_FilingYear' counted

2023-09-09 20:19:57 - [TEST_STEP][PASSED] - verifyEqual(totalOptionsFilingYear, 1): Actual object '1' and expected object '1' are equal

2023-09-09 20:19:57 - [MESSAGE][PASSED] - Actual object '1' and expected object '1' are equal

2023-09-09 20:19:57 - [TEST_STEP][PASSED] - verifyOptionsPresent(findTestObject(orPath_TaxTypeFilingYear + "/select_FilingYear"), ["2023"]): Options [2023] present.

2023-09-09 20:19:58 - [MESSAGE][PASSED] - Options [2023] present.

2023-09-09 20:19:58 - [TEST_STEP][PASSED] - verifyElementPresent(findTestObject(orPath_TaxTypeFilingYear + "/select_PeriodEnding"), 30): Object 'Object Repository/RAD_Pages/TaxTypeFilingYear_Page/select_PeriodEnding' is present

2023-09-09 20:19:58 - [MESSAGE][PASSED] - Object 'Object Repository/RAD_Pages/TaxTypeFilingYear_Page/select_PeriodEnding' is present

2023-09-09 20:19:58 - [TEST_STEP][PASSED] - verifyElementVisible(findTestObject(orPath_TaxTypeFilingYear + "/select_PeriodEnding")): Object 'Object Repository/RAD_Pages/TaxTypeFilingYear_Page/select_PeriodEnding' is visible

2023-09-09 20:19:59 - [MESSAGE][PASSED] - Object 'Object Repository/RAD_Pages/TaxTypeFilingYear_Page/select_PeriodEnding' is visible

2023-09-09 20:19:59 - [TEST_STEP][PASSED] - totalOptionsPeriodEnding = getNumberOfTotalOption(findTestObject(orPath_TaxTypeFilingYear + "/select_PeriodEnding")): 13 options of object 'Object Repository/RAD_Pages/TaxTypeFilingYear_Page/select_PeriodEnding' counted

2023-09-09 20:19:59 - [MESSAGE][PASSED] - 13 options of object 'Object Repository/RAD_Pages/TaxTypeFilingYear_Page/select_PeriodEnding' counted

2023-09-09 20:19:59 - [TEST_STEP][PASSED] - verifyEqual(totalOptionsPeriodEnding, 13): Actual object '13' and expected object '13' are equal

2023-09-09 20:19:59 - [MESSAGE][PASSED] - Actual object '13' and expected object '13' are equal

2023-09-09 20:19:59 - [TEST_STEP][PASSED] - verifyOptionsPresent(findTestObject(orPath_TaxTypeFilingYear + "/select_PeriodEnding"), ["Month", "January", "February", "March", "April", "May", "June"]): Options [Month, January, February, March, April, May, June] present.

2023-09-09 20:20:00 - [MESSAGE][PASSED] - Options [Month, January, February, March, April, May, June] present.

2023-09-09 20:20:00 - [TEST_STEP][PASSED] - verifyOptionsPresent(findTestObject(orPath_TaxTypeFilingYear + "/select_PeriodEnding"), ["July", "August", "September", "October", "November", "December"]): Options [July, August, September, October, November, December] present.

2023-09-09 20:20:01 - [MESSAGE][PASSED] - Options [July, August, September, October, November, December] present.

2023-09-09 20:20:01 - [TEST_STEP][PASSED] - verifyTextPresent("Taxpayer", true): Text 'Taxpayer' is present on page  using regular expression

2023-09-09 20:20:01 - [MESSAGE][PASSED] - Text 'Taxpayer' is present on page  using regular expression

2023-09-09 20:20:01 - [TEST_STEP][PASSED] - verifyTextPresent("Provide the following taxpayer information", true): Text 'Provide the following taxpayer information' is present on page  using regular expression

2023-09-09 20:20:01 - [MESSAGE][PASSED] - Text 'Provide the following taxpayer information' is present on page  using regular expression

2023-09-09 20:20:01 - [TEST_STEP][PASSED] - verifyTextPresent("Note: If you are paying on behalf of the Taxpayer, enter Taxpayer", true): Text 'Note: If you are paying on behalf of the Taxpayer, enter Taxpayer' is present on page  using regular expression

2023-09-09 20:20:02 - [MESSAGE][PASSED] - Text 'Note: If you are paying on behalf of the Taxpayer, enter Taxpayer' is present on page  using regular expression

2023-09-09 20:20:02 - [TEST_STEP][PASSED] - verifyTextPresent("information here. If you are making a payment for the Taxpayer, you will be required later to enter your own credit card, billing address and other pertinent information", true): Text 'information here. If you are making a payment for the Taxpayer, you will be required later to enter your own credit card, billing address and other pertinent information' is present on page  using regular expression

2023-09-09 20:20:02 - [MESSAGE][PASSED] - Text 'information here. If you are making a payment for the Taxpayer, you will be required later to enter your own credit card, billing address and other pertinent information' is present on page  using regular expression

2023-09-09 20:20:02 - [TEST_STEP][PASSED] - verifyElementVisible(findTestObject(orPath_TaxPayer + "/input_Note_businessName")): Object 'Object Repository/RAD_Pages/Taxpayer_Page/input_Note_businessName' is visible

2023-09-09 20:20:03 - [MESSAGE][PASSED] - Object 'Object Repository/RAD_Pages/Taxpayer_Page/input_Note_businessName' is visible

2023-09-09 20:20:03 - [TEST_STEP][PASSED] - verifyElementNotVisible(findTestObject(orPath_TaxPayer + "/input_firstName")): Object 'Object Repository/RAD_Pages/Taxpayer_Page/input_firstName' is NOT visible

2023-09-09 20:20:03 - [MESSAGE][PASSED] - Object 'Object Repository/RAD_Pages/Taxpayer_Page/input_firstName' is NOT visible

2023-09-09 20:20:03 - [TEST_STEP][PASSED] - verifyElementNotVisible(findTestObject(orPath_TaxPayer + "/input_middleName")): Object 'Object Repository/RAD_Pages/Taxpayer_Page/input_middleName' is NOT visible

2023-09-09 20:20:03 - [MESSAGE][PASSED] - Object 'Object Repository/RAD_Pages/Taxpayer_Page/input_middleName' is NOT visible

2023-09-09 20:20:03 - [TEST_STEP][PASSED] - verifyElementNotVisible(findTestObject(orPath_TaxPayer + "/input_lastName")): Object 'Object Repository/RAD_Pages/Taxpayer_Page/input_lastName' is NOT visible

2023-09-09 20:20:04 - [MESSAGE][PASSED] - Object 'Object Repository/RAD_Pages/Taxpayer_Page/input_lastName' is NOT visible

2023-09-09 20:20:04 - [TEST_STEP][PASSED] - verifyElementNotVisible(findTestObject(orPath_TaxPayer + "/input_suffix")): Object 'Object Repository/RAD_Pages/Taxpayer_Page/input_suffix' is NOT visible

2023-09-09 20:20:04 - [MESSAGE][PASSED] - Object 'Object Repository/RAD_Pages/Taxpayer_Page/input_suffix' is NOT visible

2023-09-09 20:20:04 - [TEST_STEP][PASSED] - verifyElementNotVisible(findTestObject("RAD_RecordAndPlay/input_concatSSN")): Object 'Object Repository/RAD_RecordAndPlay/input_concatSSN' is NOT visible

2023-09-09 20:20:04 - [MESSAGE][PASSED] - Object 'Object Repository/RAD_RecordAndPlay/input_concatSSN' is NOT visible

2023-09-09 20:20:04 - [TEST_STEP][PASSED] - verifyElementNotVisible(findTestObject("RAD_RecordAndPlay/input_concatReSSN")): Object 'Object Repository/RAD_RecordAndPlay/input_concatReSSN' is NOT visible

2023-09-09 20:20:05 - [MESSAGE][PASSED] - Object 'Object Repository/RAD_RecordAndPlay/input_concatReSSN' is NOT visible

2023-09-09 20:20:05 - [TEST_STEP][PASSED] - verifyTextPresent("Address and Contact Information", true): Text 'Address and Contact Information' is present on page  using regular expression

2023-09-09 20:20:06 - [MESSAGE][PASSED] - Text 'Address and Contact Information' is present on page  using regular expression

2023-09-09 20:20:06 - [TEST_STEP][PASSED] - verifyTextPresent("Enter the taxpayer", true): Text 'Enter the taxpayer' is present on page  using regular expression

2023-09-09 20:20:06 - [MESSAGE][PASSED] - Text 'Enter the taxpayer' is present on page  using regular expression

2023-09-09 20:20:06 - [TEST_STEP][PASSED] - verifyTextPresent("address and contact information", true): Text 'address and contact information' is present on page  using regular expression

2023-09-09 20:20:06 - [MESSAGE][PASSED] - Text 'address and contact information' is present on page  using regular expression

2023-09-09 20:20:06 - [TEST_STEP][PASSED] - verifyElementPresent(findTestObject(orPath_AddressContact + "/select_Country"), 30): Object 'Object Repository/RAD_Pages/AddressAndContactInfo_Page/select_Country' is present

2023-09-09 20:20:07 - [MESSAGE][PASSED] - Object 'Object Repository/RAD_Pages/AddressAndContactInfo_Page/select_Country' is present

2023-09-09 20:20:07 - [TEST_STEP][PASSED] - verifyElementPresent(findTestObject(orPath_AddressContact + "/input_streetAddress1"), 30): Object 'Object Repository/RAD_Pages/AddressAndContactInfo_Page/input_streetAddress1' is present

2023-09-09 20:20:07 - [MESSAGE][PASSED] - Object 'Object Repository/RAD_Pages/AddressAndContactInfo_Page/input_streetAddress1' is present

2023-09-09 20:20:07 - [TEST_STEP][PASSED] - verifyElementPresent(findTestObject(orPath_AddressContact + "/input_streetAddress2"), 30): Object 'Object Repository/RAD_Pages/AddressAndContactInfo_Page/input_streetAddress2' is present

2023-09-09 20:20:07 - [MESSAGE][PASSED] - Object 'Object Repository/RAD_Pages/AddressAndContactInfo_Page/input_streetAddress2' is present

2023-09-09 20:20:07 - [TEST_STEP][PASSED] - verifyElementPresent(findTestObject(orPath_AddressContact + "/input_city"), 30): Object 'Object Repository/RAD_Pages/AddressAndContactInfo_Page/input_city' is present

2023-09-09 20:20:08 - [MESSAGE][PASSED] - Object 'Object Repository/RAD_Pages/AddressAndContactInfo_Page/input_city' is present

2023-09-09 20:20:08 - [TEST_STEP][PASSED] - verifyElementPresent(findTestObject(orPath_AddressContact + "/select_State"), 30): Object 'Object Repository/RAD_Pages/AddressAndContactInfo_Page/select_State' is present

2023-09-09 20:20:08 - [MESSAGE][PASSED] - Object 'Object Repository/RAD_Pages/AddressAndContactInfo_Page/select_State' is present

2023-09-09 20:20:08 - [TEST_STEP][PASSED] - verifyElementPresent(findTestObject(orPath_AddressContact + "/input_zipCode"), 30): Object 'Object Repository/RAD_Pages/AddressAndContactInfo_Page/input_zipCode' is present

2023-09-09 20:20:08 - [MESSAGE][PASSED] - Object 'Object Repository/RAD_Pages/AddressAndContactInfo_Page/input_zipCode' is present

2023-09-09 20:20:08 - [TEST_STEP][PASSED] - verifyElementPresent(findTestObject(orPath_AddressContact + "/input_phoneNumber"), 30): Object 'Object Repository/RAD_Pages/AddressAndContactInfo_Page/input_phoneNumber' is present

2023-09-09 20:20:09 - [MESSAGE][PASSED] - Object 'Object Repository/RAD_Pages/AddressAndContactInfo_Page/input_phoneNumber' is present

2023-09-09 20:20:09 - [TEST_STEP][PASSED] - verifyElementPresent(findTestObject(orPath_AddressContact + "/input_eMailAddress"), 30): Object 'Object Repository/RAD_Pages/AddressAndContactInfo_Page/input_eMailAddress' is present

2023-09-09 20:20:09 - [MESSAGE][PASSED] - Object 'Object Repository/RAD_Pages/AddressAndContactInfo_Page/input_eMailAddress' is present

2023-09-09 20:20:09 - [TEST_STEP][PASSED] - verifyElementPresent(findTestObject(orPath_AddressContact + "/input_reEnterEMailAddress"), 30): Object 'Object Repository/RAD_Pages/AddressAndContactInfo_Page/input_reEnterEMailAddress' is present

2023-09-09 20:20:09 - [MESSAGE][PASSED] - Object 'Object Repository/RAD_Pages/AddressAndContactInfo_Page/input_reEnterEMailAddress' is present

2023-09-09 20:20:09 - [TEST_STEP][PASSED] - verifyOptionsPresent(findTestObject(orPath_AddressContact + "/select_Country"), ["United States"]): Options [United States] present.

2023-09-09 20:20:10 - [MESSAGE][PASSED] - Options [United States] present.

2023-09-09 20:20:10 - [TEST_STEP][PASSED] - verifyOptionsPresent(findTestObject(orPath_AddressContact + "/select_State"), ["Alabama", "District of Columbia", "Maryland", "Virginia", "Wyoming"]): Options [Alabama, District of Columbia, Maryland, Virginia, Wyoming] present.

2023-09-09 20:20:11 - [MESSAGE][PASSED] - Options [Alabama, District of Columbia, Maryland, Virginia, Wyoming] present.

2023-09-09 20:20:11 - [TEST_STEP][PASSED] - totalOptionsState = getNumberOfTotalOption(findTestObject(orPath_AddressContact + "/select_State")): 52 options of object 'Object Repository/RAD_Pages/AddressAndContactInfo_Page/select_State' counted

2023-09-09 20:20:12 - [MESSAGE][PASSED] - 52 options of object 'Object Repository/RAD_Pages/AddressAndContactInfo_Page/select_State' counted

2023-09-09 20:20:12 - [TEST_STEP][PASSED] - verifyEqual(totalOptionsState, 52): Actual object '52' and expected object '52' are equal

2023-09-09 20:20:12 - [MESSAGE][PASSED] - Actual object '52' and expected object '52' are equal

2023-09-09 20:20:12 - [TEST_STEP][PASSED] - verifyTextPresent("Tax Information", true): Text 'Tax Information' is present on page  using regular expression

2023-09-09 20:20:12 - [MESSAGE][PASSED] - Text 'Tax Information' is present on page  using regular expression

2023-09-09 20:20:12 - [TEST_STEP][PASSED] - verifyElementVisible(findTestObject(orPath_TaxInfo + "/input_FederalEIN-2")): Object 'Object Repository/RAD_Pages/TaxInfo_Page/input_FederalEIN-2' is visible

2023-09-09 20:20:12 - [MESSAGE][PASSED] - Object 'Object Repository/RAD_Pages/TaxInfo_Page/input_FederalEIN-2' is visible

2023-09-09 20:20:12 - [TEST_STEP][PASSED] - verifyElementVisible(findTestObject(orPath_TaxInfo + "/input_FederalEIN_ReEnter-2")): Object 'Object Repository/RAD_Pages/TaxInfo_Page/input_FederalEIN_ReEnter-2' is visible

2023-09-09 20:20:13 - [MESSAGE][PASSED] - Object 'Object Repository/RAD_Pages/TaxInfo_Page/input_FederalEIN_ReEnter-2' is visible

2023-09-09 20:20:13 - [TEST_STEP][PASSED] - verifyElementNotVisible(findTestObject(orPath_TaxInfo + "/input_NoticeInvoiceNumber")): Object 'Object Repository/RAD_Pages/TaxInfo_Page/input_NoticeInvoiceNumber' is NOT visible

2023-09-09 20:20:13 - [MESSAGE][PASSED] - Object 'Object Repository/RAD_Pages/TaxInfo_Page/input_NoticeInvoiceNumber' is NOT visible

2023-09-09 20:20:13 - [TEST_STEP][PASSED] - verifyElementNotVisible(findTestObject(orPath_TaxInfo + "/input_reTypeNoticeInvoiceNumber")): Object 'Object Repository/RAD_Pages/TaxInfo_Page/input_reTypeNoticeInvoiceNumber' is NOT visible

2023-09-09 20:20:14 - [MESSAGE][PASSED] - Object 'Object Repository/RAD_Pages/TaxInfo_Page/input_reTypeNoticeInvoiceNumber' is NOT visible

2023-09-09 20:20:14 - [TEST_STEP][PASSED] - verifyElementNotVisible(findTestObject(orPath_TaxInfo + "/input_MDCRegistrationEL")): Object 'Object Repository/RAD_Pages/TaxInfo_Page/input_MDCRegistrationEL' is NOT visible

2023-09-09 20:20:14 - [MESSAGE][PASSED] - Object 'Object Repository/RAD_Pages/TaxInfo_Page/input_MDCRegistrationEL' is NOT visible

2023-09-09 20:20:14 - [TEST_STEP][PASSED] - verifyElementNotVisible(findTestObject(orPath_FilingStatus + "/input_userType_Individual")): Object 'Object Repository/RAD_Pages/FilingStatus_Page/input_userType_Individual' is NOT visible

2023-09-09 20:20:14 - [MESSAGE][PASSED] - Object 'Object Repository/RAD_Pages/FilingStatus_Page/input_userType_Individual' is NOT visible

2023-09-09 20:20:14 - [TEST_STEP][PASSED] - verifyElementNotVisible(findTestObject(orPath_FilingStatus + "/input_userType_Joint")): Object 'Object Repository/RAD_Pages/FilingStatus_Page/input_userType_Joint' is NOT visible

2023-09-09 20:20:15 - [MESSAGE][PASSED] - Object 'Object Repository/RAD_Pages/FilingStatus_Page/input_userType_Joint' is NOT visible

2023-09-09 20:20:15 - [TEST_STEP][PASSED] - verifyTextPresent("Payment Amount", true): Text 'Payment Amount' is present on page  using regular expression

2023-09-09 20:20:15 - [MESSAGE][PASSED] - Text 'Payment Amount' is present on page  using regular expression

2023-09-09 20:20:15 - [TEST_STEP][PASSED] - verifyElementPresent(findTestObject(orPath_Amount + "/input__paymentAmount"), 30): Object 'Object Repository/RAD_Pages/PaymentAmount_Page/input__paymentAmount' is present

2023-09-09 20:20:15 - [MESSAGE][PASSED] - Object 'Object Repository/RAD_Pages/PaymentAmount_Page/input__paymentAmount' is present

2023-09-09 20:20:15 - [TEST_STEP][PASSED] - verifyElementVisible(findTestObject(orPath_Amount + "/input__paymentAmount")): Object 'Object Repository/RAD_Pages/PaymentAmount_Page/input__paymentAmount' is visible

2023-09-09 20:20:16 - [MESSAGE][PASSED] - Object 'Object Repository/RAD_Pages/PaymentAmount_Page/input__paymentAmount' is visible

2023-09-09 20:20:16 - [TEST_STEP][PASSED] - verifyTextPresent("Service Fee: This electronic government service includes a service/convenience fee. Click here for details", true): Text 'Service Fee: This electronic government service includes a service/convenience fee. Click here for details' is present on page  using regular expression

2023-09-09 20:20:16 - [MESSAGE][PASSED] - Text 'Service Fee: This electronic government service includes a service/convenience fee. Click here for details' is present on page  using regular expression

2023-09-09 20:20:16 - [TEST_STEP][PASSED] - verifyElementPresent(findTestObject(orPath_Amount + "/a_Click here for details"), 30): Object 'Object Repository/RAD_Pages/PaymentAmount_Page/a_Click here for details' is present

2023-09-09 20:20:16 - [MESSAGE][PASSED] - Object 'Object Repository/RAD_Pages/PaymentAmount_Page/a_Click here for details' is present

2023-09-09 20:20:16 - [TEST_STEP][PASSED] - verifyElementPresent(findTestObject(orPath_Landing + "/button_Continue"), 30): Object 'Object Repository/RAD_Pages/Landing_Page/button_Continue' is present

2023-09-09 20:20:17 - [MESSAGE][PASSED] - Object 'Object Repository/RAD_Pages/Landing_Page/button_Continue' is present]]></system-out>
         <system-err><![CDATA[]]></system-err>
      </testcase>
      <testcase name="Test Cases/RAD_TestCases/UI_TestCases/Estimated/Estimated_PTENonElectingNonSCorp_UI_TC" time="27.381" classname="Test Cases/RAD_TestCases/UI_TestCases/Estimated/Estimated_PTENonElectingNonSCorp_UI_TC" status="PASSED">
         <system-out><![CDATA[2023-09-09 20:20:17 - [TEST_CASE][PASSED] - Test Cases/RAD_TestCases/UI_TestCases/Estimated/Estimated_PTENonElectingNonSCorp_UI_TC: Test Cases/RAD_TestCases/UI_TestCases/Estimated/Estimated_PTENonElectingNonSCorp_UI_TC

2023-09-09 20:20:17 - [TEST_STEP][PASSED] - openBrowser(""): Browser is opened with url: ''

2023-09-09 20:20:17 - [MESSAGE][WARNING] - A browser is already opened. Closing browser and opening a new one

2023-09-09 20:20:18 - [MESSAGE][INFO] - Starting 'Chrome' driver

2023-09-09 20:20:18 - [MESSAGE][INFO] - User set preference: ['acceptInsecureCerts', 'true']

2023-09-09 20:20:18 - [MESSAGE][INFO] - Action delay is set to 0 milliseconds

2023-09-09 20:20:20 - [MESSAGE][PASSED] - Browser is opened with url: ''

2023-09-09 20:20:20 - [TEST_STEP][PASSED] - maximizeWindow(): Current window maximized

2023-09-09 20:20:20 - [MESSAGE][PASSED] - Current window maximized

2023-09-09 20:20:20 - [TEST_STEP][PASSED] - navigateToUrl(RADurl): Navigate to 'https://qa2.velocitypayment.com/client/rad/index.html' successfully

2023-09-09 20:20:21 - [MESSAGE][PASSED] - Navigate to 'https://qa2.velocitypayment.com/client/rad/index.html' successfully

2023-09-09 20:20:21 - [TEST_STEP][PASSED] - orPath_Landing = "Object Repository/RAD_Pages/Landing_Page": null

2023-09-09 20:20:21 - [TEST_STEP][PASSED] - orPath_TaxTypeFilingYear = "Object Repository/RAD_Pages/TaxTypeFilingYear_Page": null

2023-09-09 20:20:21 - [TEST_STEP][PASSED] - orPath_TaxPayer = "Object Repository/RAD_Pages/Taxpayer_Page": null

2023-09-09 20:20:21 - [TEST_STEP][PASSED] - orPath_AddressContact = "Object Repository/RAD_Pages/AddressAndContactInfo_Page": null

2023-09-09 20:20:21 - [TEST_STEP][PASSED] - orPath_FilingStatus = "Object Repository/RAD_Pages/FilingStatus_Page": null

2023-09-09 20:20:21 - [TEST_STEP][PASSED] - orPath_Amount = "Object Repository/RAD_Pages/PaymentAmount_Page": null

2023-09-09 20:20:21 - [TEST_STEP][PASSED] - orPath_TaxInfo = "Object Repository/RAD_Pages/TaxInfo_Page": null

2023-09-09 20:20:21 - [TEST_STEP][PASSED] - verifyTextPresent("Payment Type/Filing Year", true): Text 'Payment Type/Filing Year' is present on page  using regular expression

2023-09-09 20:20:22 - [MESSAGE][PASSED] - Text 'Payment Type/Filing Year' is present on page  using regular expression

2023-09-09 20:20:22 - [TEST_STEP][PASSED] - selectOptionByLabel(findTestObject(orPath_Landing + "/dd_TaxType"), "Quarterly Estimated Tax", false): All options with label 'Quarterly Estimated Tax' are selected in object 'Object Repository/RAD_Pages/Landing_Page/dd_TaxType' 

2023-09-09 20:20:22 - [MESSAGE][PASSED] - All options with label 'Quarterly Estimated Tax' are selected in object 'Object Repository/RAD_Pages/Landing_Page/dd_TaxType' 

2023-09-09 20:20:22 - [TEST_STEP][PASSED] - selectOptionByLabel(findTestObject(orPath_TaxTypeFilingYear + "/select_PaymentType"), "PTE Non-Electing Non-S Corp", false): All options with label 'PTE Non-Electing Non-S Corp' are selected in object 'Object Repository/RAD_Pages/TaxTypeFilingYear_Page/select_PaymentType' 

2023-09-09 20:20:23 - [MESSAGE][PASSED] - All options with label 'PTE Non-Electing Non-S Corp' are selected in object 'Object Repository/RAD_Pages/TaxTypeFilingYear_Page/select_PaymentType' 

2023-09-09 20:20:23 - [TEST_STEP][PASSED] - verifyElementPresent(findTestObject(orPath_TaxTypeFilingYear + "/select_FilingYear"), 30): Object 'Object Repository/RAD_Pages/TaxTypeFilingYear_Page/select_FilingYear' is present

2023-09-09 20:20:24 - [MESSAGE][PASSED] - Object 'Object Repository/RAD_Pages/TaxTypeFilingYear_Page/select_FilingYear' is present

2023-09-09 20:20:24 - [TEST_STEP][PASSED] - verifyElementVisible(findTestObject(orPath_TaxTypeFilingYear + "/select_FilingYear")): Object 'Object Repository/RAD_Pages/TaxTypeFilingYear_Page/select_FilingYear' is visible

2023-09-09 20:20:24 - [MESSAGE][PASSED] - Object 'Object Repository/RAD_Pages/TaxTypeFilingYear_Page/select_FilingYear' is visible

2023-09-09 20:20:24 - [TEST_STEP][PASSED] - totalOptionsFilingYear = getNumberOfTotalOption(findTestObject(orPath_TaxTypeFilingYear + "/select_FilingYear")): 1 options of object 'Object Repository/RAD_Pages/TaxTypeFilingYear_Page/select_FilingYear' counted

2023-09-09 20:20:25 - [MESSAGE][PASSED] - 1 options of object 'Object Repository/RAD_Pages/TaxTypeFilingYear_Page/select_FilingYear' counted

2023-09-09 20:20:25 - [TEST_STEP][PASSED] - verifyEqual(totalOptionsFilingYear, 1): Actual object '1' and expected object '1' are equal

2023-09-09 20:20:25 - [MESSAGE][PASSED] - Actual object '1' and expected object '1' are equal

2023-09-09 20:20:25 - [TEST_STEP][PASSED] - verifyOptionsPresent(findTestObject(orPath_TaxTypeFilingYear + "/select_FilingYear"), ["2023"]): Options [2023] present.

2023-09-09 20:20:25 - [MESSAGE][PASSED] - Options [2023] present.

2023-09-09 20:20:25 - [TEST_STEP][PASSED] - verifyElementPresent(findTestObject(orPath_TaxTypeFilingYear + "/select_PeriodEnding"), 30): Object 'Object Repository/RAD_Pages/TaxTypeFilingYear_Page/select_PeriodEnding' is present

2023-09-09 20:20:25 - [MESSAGE][PASSED] - Object 'Object Repository/RAD_Pages/TaxTypeFilingYear_Page/select_PeriodEnding' is present

2023-09-09 20:20:25 - [TEST_STEP][PASSED] - verifyElementVisible(findTestObject(orPath_TaxTypeFilingYear + "/select_PeriodEnding")): Object 'Object Repository/RAD_Pages/TaxTypeFilingYear_Page/select_PeriodEnding' is visible

2023-09-09 20:20:26 - [MESSAGE][PASSED] - Object 'Object Repository/RAD_Pages/TaxTypeFilingYear_Page/select_PeriodEnding' is visible

2023-09-09 20:20:26 - [TEST_STEP][PASSED] - totalOptionsPeriodEnding = getNumberOfTotalOption(findTestObject(orPath_TaxTypeFilingYear + "/select_PeriodEnding")): 13 options of object 'Object Repository/RAD_Pages/TaxTypeFilingYear_Page/select_PeriodEnding' counted

2023-09-09 20:20:26 - [MESSAGE][PASSED] - 13 options of object 'Object Repository/RAD_Pages/TaxTypeFilingYear_Page/select_PeriodEnding' counted

2023-09-09 20:20:26 - [TEST_STEP][PASSED] - verifyEqual(totalOptionsPeriodEnding, 13): Actual object '13' and expected object '13' are equal

2023-09-09 20:20:26 - [MESSAGE][PASSED] - Actual object '13' and expected object '13' are equal

2023-09-09 20:20:26 - [TEST_STEP][PASSED] - verifyOptionsPresent(findTestObject(orPath_TaxTypeFilingYear + "/select_PeriodEnding"), ["Month", "January", "February", "March", "April", "May", "June"]): Options [Month, January, February, March, April, May, June] present.

2023-09-09 20:20:27 - [MESSAGE][PASSED] - Options [Month, January, February, March, April, May, June] present.

2023-09-09 20:20:27 - [TEST_STEP][PASSED] - verifyOptionsPresent(findTestObject(orPath_TaxTypeFilingYear + "/select_PeriodEnding"), ["July", "August", "September", "October", "November", "December"]): Options [July, August, September, October, November, December] present.

2023-09-09 20:20:28 - [MESSAGE][PASSED] - Options [July, August, September, October, November, December] present.

2023-09-09 20:20:28 - [TEST_STEP][PASSED] - verifyTextPresent("Taxpayer", true): Text 'Taxpayer' is present on page  using regular expression

2023-09-09 20:20:28 - [MESSAGE][PASSED] - Text 'Taxpayer' is present on page  using regular expression

2023-09-09 20:20:28 - [TEST_STEP][PASSED] - verifyTextPresent("Provide the following taxpayer information", true): Text 'Provide the following taxpayer information' is present on page  using regular expression

2023-09-09 20:20:29 - [MESSAGE][PASSED] - Text 'Provide the following taxpayer information' is present on page  using regular expression

2023-09-09 20:20:29 - [TEST_STEP][PASSED] - verifyTextPresent("Note: If you are paying on behalf of the Taxpayer, enter Taxpayer", true): Text 'Note: If you are paying on behalf of the Taxpayer, enter Taxpayer' is present on page  using regular expression

2023-09-09 20:20:29 - [MESSAGE][PASSED] - Text 'Note: If you are paying on behalf of the Taxpayer, enter Taxpayer' is present on page  using regular expression

2023-09-09 20:20:29 - [TEST_STEP][PASSED] - verifyTextPresent("information here. If you are making a payment for the Taxpayer, you will be required later to enter your own credit card, billing address and other pertinent information", true): Text 'information here. If you are making a payment for the Taxpayer, you will be required later to enter your own credit card, billing address and other pertinent information' is present on page  using regular expression

2023-09-09 20:20:29 - [MESSAGE][PASSED] - Text 'information here. If you are making a payment for the Taxpayer, you will be required later to enter your own credit card, billing address and other pertinent information' is present on page  using regular expression

2023-09-09 20:20:29 - [TEST_STEP][PASSED] - verifyElementVisible(findTestObject(orPath_TaxPayer + "/input_Note_businessName")): Object 'Object Repository/RAD_Pages/Taxpayer_Page/input_Note_businessName' is visible

2023-09-09 20:20:30 - [MESSAGE][PASSED] - Object 'Object Repository/RAD_Pages/Taxpayer_Page/input_Note_businessName' is visible

2023-09-09 20:20:30 - [TEST_STEP][PASSED] - verifyElementNotVisible(findTestObject(orPath_TaxPayer + "/input_firstName")): Object 'Object Repository/RAD_Pages/Taxpayer_Page/input_firstName' is NOT visible

2023-09-09 20:20:30 - [MESSAGE][PASSED] - Object 'Object Repository/RAD_Pages/Taxpayer_Page/input_firstName' is NOT visible

2023-09-09 20:20:30 - [TEST_STEP][PASSED] - verifyElementNotVisible(findTestObject(orPath_TaxPayer + "/input_middleName")): Object 'Object Repository/RAD_Pages/Taxpayer_Page/input_middleName' is NOT visible

2023-09-09 20:20:30 - [MESSAGE][PASSED] - Object 'Object Repository/RAD_Pages/Taxpayer_Page/input_middleName' is NOT visible

2023-09-09 20:20:30 - [TEST_STEP][PASSED] - verifyElementNotVisible(findTestObject(orPath_TaxPayer + "/input_lastName")): Object 'Object Repository/RAD_Pages/Taxpayer_Page/input_lastName' is NOT visible

2023-09-09 20:20:31 - [MESSAGE][PASSED] - Object 'Object Repository/RAD_Pages/Taxpayer_Page/input_lastName' is NOT visible

2023-09-09 20:20:31 - [TEST_STEP][PASSED] - verifyElementNotVisible(findTestObject(orPath_TaxPayer + "/input_suffix")): Object 'Object Repository/RAD_Pages/Taxpayer_Page/input_suffix' is NOT visible

2023-09-09 20:20:31 - [MESSAGE][PASSED] - Object 'Object Repository/RAD_Pages/Taxpayer_Page/input_suffix' is NOT visible

2023-09-09 20:20:31 - [TEST_STEP][PASSED] - verifyElementNotVisible(findTestObject("RAD_RecordAndPlay/input_concatSSN")): Object 'Object Repository/RAD_RecordAndPlay/input_concatSSN' is NOT visible

2023-09-09 20:20:32 - [MESSAGE][PASSED] - Object 'Object Repository/RAD_RecordAndPlay/input_concatSSN' is NOT visible

2023-09-09 20:20:32 - [TEST_STEP][PASSED] - verifyElementNotVisible(findTestObject("RAD_RecordAndPlay/input_concatReSSN")): Object 'Object Repository/RAD_RecordAndPlay/input_concatReSSN' is NOT visible

2023-09-09 20:20:32 - [MESSAGE][PASSED] - Object 'Object Repository/RAD_RecordAndPlay/input_concatReSSN' is NOT visible

2023-09-09 20:20:32 - [TEST_STEP][PASSED] - verifyTextPresent("Address and Contact Information", true): Text 'Address and Contact Information' is present on page  using regular expression

2023-09-09 20:20:33 - [MESSAGE][PASSED] - Text 'Address and Contact Information' is present on page  using regular expression

2023-09-09 20:20:33 - [TEST_STEP][PASSED] - verifyTextPresent("Enter the taxpayer", true): Text 'Enter the taxpayer' is present on page  using regular expression

2023-09-09 20:20:33 - [MESSAGE][PASSED] - Text 'Enter the taxpayer' is present on page  using regular expression

2023-09-09 20:20:33 - [TEST_STEP][PASSED] - verifyTextPresent("address and contact information", true): Text 'address and contact information' is present on page  using regular expression

2023-09-09 20:20:34 - [MESSAGE][PASSED] - Text 'address and contact information' is present on page  using regular expression

2023-09-09 20:20:34 - [TEST_STEP][PASSED] - verifyElementPresent(findTestObject(orPath_AddressContact + "/select_Country"), 30): Object 'Object Repository/RAD_Pages/AddressAndContactInfo_Page/select_Country' is present

2023-09-09 20:20:34 - [MESSAGE][PASSED] - Object 'Object Repository/RAD_Pages/AddressAndContactInfo_Page/select_Country' is present

2023-09-09 20:20:34 - [TEST_STEP][PASSED] - verifyElementPresent(findTestObject(orPath_AddressContact + "/input_streetAddress1"), 30): Object 'Object Repository/RAD_Pages/AddressAndContactInfo_Page/input_streetAddress1' is present

2023-09-09 20:20:34 - [MESSAGE][PASSED] - Object 'Object Repository/RAD_Pages/AddressAndContactInfo_Page/input_streetAddress1' is present

2023-09-09 20:20:34 - [TEST_STEP][PASSED] - verifyElementPresent(findTestObject(orPath_AddressContact + "/input_streetAddress2"), 30): Object 'Object Repository/RAD_Pages/AddressAndContactInfo_Page/input_streetAddress2' is present

2023-09-09 20:20:35 - [MESSAGE][PASSED] - Object 'Object Repository/RAD_Pages/AddressAndContactInfo_Page/input_streetAddress2' is present

2023-09-09 20:20:35 - [TEST_STEP][PASSED] - verifyElementPresent(findTestObject(orPath_AddressContact + "/input_city"), 30): Object 'Object Repository/RAD_Pages/AddressAndContactInfo_Page/input_city' is present

2023-09-09 20:20:35 - [MESSAGE][PASSED] - Object 'Object Repository/RAD_Pages/AddressAndContactInfo_Page/input_city' is present

2023-09-09 20:20:35 - [TEST_STEP][PASSED] - verifyElementPresent(findTestObject(orPath_AddressContact + "/select_State"), 30): Object 'Object Repository/RAD_Pages/AddressAndContactInfo_Page/select_State' is present

2023-09-09 20:20:35 - [MESSAGE][PASSED] - Object 'Object Repository/RAD_Pages/AddressAndContactInfo_Page/select_State' is present

2023-09-09 20:20:35 - [TEST_STEP][PASSED] - verifyElementPresent(findTestObject(orPath_AddressContact + "/input_zipCode"), 30): Object 'Object Repository/RAD_Pages/AddressAndContactInfo_Page/input_zipCode' is present

2023-09-09 20:20:35 - [MESSAGE][PASSED] - Object 'Object Repository/RAD_Pages/AddressAndContactInfo_Page/input_zipCode' is present

2023-09-09 20:20:35 - [TEST_STEP][PASSED] - verifyElementPresent(findTestObject(orPath_AddressContact + "/input_phoneNumber"), 30): Object 'Object Repository/RAD_Pages/AddressAndContactInfo_Page/input_phoneNumber' is present

2023-09-09 20:20:36 - [MESSAGE][PASSED] - Object 'Object Repository/RAD_Pages/AddressAndContactInfo_Page/input_phoneNumber' is present

2023-09-09 20:20:36 - [TEST_STEP][PASSED] - verifyElementPresent(findTestObject(orPath_AddressContact + "/input_eMailAddress"), 30): Object 'Object Repository/RAD_Pages/AddressAndContactInfo_Page/input_eMailAddress' is present

2023-09-09 20:20:36 - [MESSAGE][PASSED] - Object 'Object Repository/RAD_Pages/AddressAndContactInfo_Page/input_eMailAddress' is present

2023-09-09 20:20:36 - [TEST_STEP][PASSED] - verifyElementPresent(findTestObject(orPath_AddressContact + "/input_reEnterEMailAddress"), 30): Object 'Object Repository/RAD_Pages/AddressAndContactInfo_Page/input_reEnterEMailAddress' is present

2023-09-09 20:20:37 - [MESSAGE][PASSED] - Object 'Object Repository/RAD_Pages/AddressAndContactInfo_Page/input_reEnterEMailAddress' is present

2023-09-09 20:20:37 - [TEST_STEP][PASSED] - verifyOptionsPresent(findTestObject(orPath_AddressContact + "/select_Country"), ["United States"]): Options [United States] present.

2023-09-09 20:20:37 - [MESSAGE][PASSED] - Options [United States] present.

2023-09-09 20:20:37 - [TEST_STEP][PASSED] - verifyOptionsPresent(findTestObject(orPath_AddressContact + "/select_State"), ["Alabama", "District of Columbia", "Maryland", "Virginia", "Wyoming"]): Options [Alabama, District of Columbia, Maryland, Virginia, Wyoming] present.

2023-09-09 20:20:38 - [MESSAGE][PASSED] - Options [Alabama, District of Columbia, Maryland, Virginia, Wyoming] present.

2023-09-09 20:20:38 - [TEST_STEP][PASSED] - totalOptionsState = getNumberOfTotalOption(findTestObject(orPath_AddressContact + "/select_State")): 52 options of object 'Object Repository/RAD_Pages/AddressAndContactInfo_Page/select_State' counted

2023-09-09 20:20:39 - [MESSAGE][PASSED] - 52 options of object 'Object Repository/RAD_Pages/AddressAndContactInfo_Page/select_State' counted

2023-09-09 20:20:39 - [TEST_STEP][PASSED] - verifyEqual(totalOptionsState, 52): Actual object '52' and expected object '52' are equal

2023-09-09 20:20:39 - [MESSAGE][PASSED] - Actual object '52' and expected object '52' are equal

2023-09-09 20:20:39 - [TEST_STEP][PASSED] - verifyTextPresent("Tax Information", true): Text 'Tax Information' is present on page  using regular expression

2023-09-09 20:20:39 - [MESSAGE][PASSED] - Text 'Tax Information' is present on page  using regular expression

2023-09-09 20:20:39 - [TEST_STEP][PASSED] - verifyElementVisible(findTestObject(orPath_TaxInfo + "/input_FederalEIN-2")): Object 'Object Repository/RAD_Pages/TaxInfo_Page/input_FederalEIN-2' is visible

2023-09-09 20:20:40 - [MESSAGE][PASSED] - Object 'Object Repository/RAD_Pages/TaxInfo_Page/input_FederalEIN-2' is visible

2023-09-09 20:20:40 - [TEST_STEP][PASSED] - verifyElementVisible(findTestObject(orPath_TaxInfo + "/input_FederalEIN_ReEnter-2")): Object 'Object Repository/RAD_Pages/TaxInfo_Page/input_FederalEIN_ReEnter-2' is visible

2023-09-09 20:20:40 - [MESSAGE][PASSED] - Object 'Object Repository/RAD_Pages/TaxInfo_Page/input_FederalEIN_ReEnter-2' is visible

2023-09-09 20:20:40 - [TEST_STEP][PASSED] - verifyElementNotVisible(findTestObject(orPath_FilingStatus + "/input_userType_Individual")): Object 'Object Repository/RAD_Pages/FilingStatus_Page/input_userType_Individual' is NOT visible

2023-09-09 20:20:41 - [MESSAGE][PASSED] - Object 'Object Repository/RAD_Pages/FilingStatus_Page/input_userType_Individual' is NOT visible

2023-09-09 20:20:41 - [TEST_STEP][PASSED] - verifyElementNotVisible(findTestObject(orPath_FilingStatus + "/input_userType_Joint")): Object 'Object Repository/RAD_Pages/FilingStatus_Page/input_userType_Joint' is NOT visible

2023-09-09 20:20:41 - [MESSAGE][PASSED] - Object 'Object Repository/RAD_Pages/FilingStatus_Page/input_userType_Joint' is NOT visible

2023-09-09 20:20:41 - [TEST_STEP][PASSED] - verifyElementNotVisible(findTestObject(orPath_TaxInfo + "/input_NoticeInvoiceNumber")): Object 'Object Repository/RAD_Pages/TaxInfo_Page/input_NoticeInvoiceNumber' is NOT visible

2023-09-09 20:20:41 - [MESSAGE][PASSED] - Object 'Object Repository/RAD_Pages/TaxInfo_Page/input_NoticeInvoiceNumber' is NOT visible

2023-09-09 20:20:41 - [TEST_STEP][PASSED] - verifyElementNotVisible(findTestObject(orPath_TaxInfo + "/input_reTypeNoticeInvoiceNumber")): Object 'Object Repository/RAD_Pages/TaxInfo_Page/input_reTypeNoticeInvoiceNumber' is NOT visible

2023-09-09 20:20:42 - [MESSAGE][PASSED] - Object 'Object Repository/RAD_Pages/TaxInfo_Page/input_reTypeNoticeInvoiceNumber' is NOT visible

2023-09-09 20:20:42 - [TEST_STEP][PASSED] - verifyElementNotVisible(findTestObject(orPath_TaxInfo + "/input_MDCRegistrationEL")): Object 'Object Repository/RAD_Pages/TaxInfo_Page/input_MDCRegistrationEL' is NOT visible

2023-09-09 20:20:42 - [MESSAGE][PASSED] - Object 'Object Repository/RAD_Pages/TaxInfo_Page/input_MDCRegistrationEL' is NOT visible

2023-09-09 20:20:42 - [TEST_STEP][PASSED] - verifyTextPresent("Payment Amount", true): Text 'Payment Amount' is present on page  using regular expression

2023-09-09 20:20:42 - [MESSAGE][PASSED] - Text 'Payment Amount' is present on page  using regular expression

2023-09-09 20:20:42 - [TEST_STEP][PASSED] - verifyElementPresent(findTestObject(orPath_Amount + "/input__paymentAmount"), 30): Object 'Object Repository/RAD_Pages/PaymentAmount_Page/input__paymentAmount' is present

2023-09-09 20:20:43 - [MESSAGE][PASSED] - Object 'Object Repository/RAD_Pages/PaymentAmount_Page/input__paymentAmount' is present

2023-09-09 20:20:43 - [TEST_STEP][PASSED] - verifyElementVisible(findTestObject(orPath_Amount + "/input__paymentAmount")): Object 'Object Repository/RAD_Pages/PaymentAmount_Page/input__paymentAmount' is visible

2023-09-09 20:20:43 - [MESSAGE][PASSED] - Object 'Object Repository/RAD_Pages/PaymentAmount_Page/input__paymentAmount' is visible

2023-09-09 20:20:43 - [TEST_STEP][PASSED] - verifyTextPresent("Service Fee: This electronic government service includes a service/convenience fee. Click here for details", true): Text 'Service Fee: This electronic government service includes a service/convenience fee. Click here for details' is present on page  using regular expression

2023-09-09 20:20:44 - [MESSAGE][PASSED] - Text 'Service Fee: This electronic government service includes a service/convenience fee. Click here for details' is present on page  using regular expression

2023-09-09 20:20:44 - [TEST_STEP][PASSED] - verifyElementPresent(findTestObject(orPath_Amount + "/a_Click here for details"), 30): Object 'Object Repository/RAD_Pages/PaymentAmount_Page/a_Click here for details' is present

2023-09-09 20:20:44 - [MESSAGE][PASSED] - Object 'Object Repository/RAD_Pages/PaymentAmount_Page/a_Click here for details' is present

2023-09-09 20:20:44 - [TEST_STEP][PASSED] - verifyElementPresent(findTestObject(orPath_Landing + "/button_Continue"), 30): Object 'Object Repository/RAD_Pages/Landing_Page/button_Continue' is present

2023-09-09 20:20:44 - [MESSAGE][PASSED] - Object 'Object Repository/RAD_Pages/Landing_Page/button_Continue' is present]]></system-out>
         <system-err><![CDATA[]]></system-err>
      </testcase>
      <testcase name="Test Cases/RAD_TestCases/UI_TestCases/Estimated/Estimated_PTENonElectingSCorp_UI_TC" time="27.483" classname="Test Cases/RAD_TestCases/UI_TestCases/Estimated/Estimated_PTENonElectingSCorp_UI_TC" status="PASSED">
         <system-out><![CDATA[2023-09-09 20:20:44 - [TEST_CASE][PASSED] - Test Cases/RAD_TestCases/UI_TestCases/Estimated/Estimated_PTENonElectingSCorp_UI_TC: Test Cases/RAD_TestCases/UI_TestCases/Estimated/Estimated_PTENonElectingSCorp_UI_TC

2023-09-09 20:20:45 - [TEST_STEP][PASSED] - openBrowser(""): Browser is opened with url: ''

2023-09-09 20:20:45 - [MESSAGE][WARNING] - A browser is already opened. Closing browser and opening a new one

2023-09-09 20:20:46 - [MESSAGE][INFO] - Starting 'Chrome' driver

2023-09-09 20:20:46 - [MESSAGE][INFO] - User set preference: ['acceptInsecureCerts', 'true']

2023-09-09 20:20:46 - [MESSAGE][INFO] - Action delay is set to 0 milliseconds

2023-09-09 20:20:47 - [MESSAGE][PASSED] - Browser is opened with url: ''

2023-09-09 20:20:47 - [TEST_STEP][PASSED] - maximizeWindow(): Current window maximized

2023-09-09 20:20:47 - [MESSAGE][PASSED] - Current window maximized

2023-09-09 20:20:47 - [TEST_STEP][PASSED] - navigateToUrl(RADurl): Navigate to 'https://qa2.velocitypayment.com/client/rad/index.html' successfully

2023-09-09 20:20:49 - [MESSAGE][PASSED] - Navigate to 'https://qa2.velocitypayment.com/client/rad/index.html' successfully

2023-09-09 20:20:49 - [TEST_STEP][PASSED] - orPath_Landing = "Object Repository/RAD_Pages/Landing_Page": null

2023-09-09 20:20:49 - [TEST_STEP][PASSED] - orPath_TaxTypeFilingYear = "Object Repository/RAD_Pages/TaxTypeFilingYear_Page": null

2023-09-09 20:20:49 - [TEST_STEP][PASSED] - orPath_TaxPayer = "Object Repository/RAD_Pages/Taxpayer_Page": null

2023-09-09 20:20:49 - [TEST_STEP][PASSED] - orPath_AddressContact = "Object Repository/RAD_Pages/AddressAndContactInfo_Page": null

2023-09-09 20:20:49 - [TEST_STEP][PASSED] - orPath_FilingStatus = "Object Repository/RAD_Pages/FilingStatus_Page": null

2023-09-09 20:20:49 - [TEST_STEP][PASSED] - orPath_Amount = "Object Repository/RAD_Pages/PaymentAmount_Page": null

2023-09-09 20:20:49 - [TEST_STEP][PASSED] - orPath_TaxInfo = "Object Repository/RAD_Pages/TaxInfo_Page": null

2023-09-09 20:20:49 - [TEST_STEP][PASSED] - verifyTextPresent("Payment Type/Filing Year", true): Text 'Payment Type/Filing Year' is present on page  using regular expression

2023-09-09 20:20:49 - [MESSAGE][PASSED] - Text 'Payment Type/Filing Year' is present on page  using regular expression

2023-09-09 20:20:49 - [TEST_STEP][PASSED] - selectOptionByLabel(findTestObject(orPath_Landing + "/dd_TaxType"), "Quarterly Estimated Tax", false): All options with label 'Quarterly Estimated Tax' are selected in object 'Object Repository/RAD_Pages/Landing_Page/dd_TaxType' 

2023-09-09 20:20:50 - [MESSAGE][PASSED] - All options with label 'Quarterly Estimated Tax' are selected in object 'Object Repository/RAD_Pages/Landing_Page/dd_TaxType' 

2023-09-09 20:20:50 - [TEST_STEP][PASSED] - selectOptionByLabel(findTestObject(orPath_TaxTypeFilingYear + "/select_PaymentType"), "PTE Non-Electing S Corp", false): All options with label 'PTE Non-Electing S Corp' are selected in object 'Object Repository/RAD_Pages/TaxTypeFilingYear_Page/select_PaymentType' 

2023-09-09 20:20:51 - [MESSAGE][PASSED] - All options with label 'PTE Non-Electing S Corp' are selected in object 'Object Repository/RAD_Pages/TaxTypeFilingYear_Page/select_PaymentType' 

2023-09-09 20:20:51 - [TEST_STEP][PASSED] - verifyElementPresent(findTestObject(orPath_TaxTypeFilingYear + "/select_FilingYear"), 30): Object 'Object Repository/RAD_Pages/TaxTypeFilingYear_Page/select_FilingYear' is present

2023-09-09 20:20:51 - [MESSAGE][PASSED] - Object 'Object Repository/RAD_Pages/TaxTypeFilingYear_Page/select_FilingYear' is present

2023-09-09 20:20:51 - [TEST_STEP][PASSED] - verifyElementVisible(findTestObject(orPath_TaxTypeFilingYear + "/select_FilingYear")): Object 'Object Repository/RAD_Pages/TaxTypeFilingYear_Page/select_FilingYear' is visible

2023-09-09 20:20:51 - [MESSAGE][PASSED] - Object 'Object Repository/RAD_Pages/TaxTypeFilingYear_Page/select_FilingYear' is visible

2023-09-09 20:20:51 - [TEST_STEP][PASSED] - totalOptionsFilingYear = getNumberOfTotalOption(findTestObject(orPath_TaxTypeFilingYear + "/select_FilingYear")): 1 options of object 'Object Repository/RAD_Pages/TaxTypeFilingYear_Page/select_FilingYear' counted

2023-09-09 20:20:52 - [MESSAGE][PASSED] - 1 options of object 'Object Repository/RAD_Pages/TaxTypeFilingYear_Page/select_FilingYear' counted

2023-09-09 20:20:52 - [TEST_STEP][PASSED] - verifyEqual(totalOptionsFilingYear, 1): Actual object '1' and expected object '1' are equal

2023-09-09 20:20:52 - [MESSAGE][PASSED] - Actual object '1' and expected object '1' are equal

2023-09-09 20:20:52 - [TEST_STEP][PASSED] - verifyOptionsPresent(findTestObject(orPath_TaxTypeFilingYear + "/select_FilingYear"), ["2023"]): Options [2023] present.

2023-09-09 20:20:53 - [MESSAGE][PASSED] - Options [2023] present.

2023-09-09 20:20:53 - [TEST_STEP][PASSED] - verifyElementPresent(findTestObject(orPath_TaxTypeFilingYear + "/select_PeriodEnding"), 30): Object 'Object Repository/RAD_Pages/TaxTypeFilingYear_Page/select_PeriodEnding' is present

2023-09-09 20:20:53 - [MESSAGE][PASSED] - Object 'Object Repository/RAD_Pages/TaxTypeFilingYear_Page/select_PeriodEnding' is present

2023-09-09 20:20:53 - [TEST_STEP][PASSED] - verifyElementVisible(findTestObject(orPath_TaxTypeFilingYear + "/select_PeriodEnding")): Object 'Object Repository/RAD_Pages/TaxTypeFilingYear_Page/select_PeriodEnding' is visible

2023-09-09 20:20:53 - [MESSAGE][PASSED] - Object 'Object Repository/RAD_Pages/TaxTypeFilingYear_Page/select_PeriodEnding' is visible

2023-09-09 20:20:53 - [TEST_STEP][PASSED] - totalOptionsPeriodEnding = getNumberOfTotalOption(findTestObject(orPath_TaxTypeFilingYear + "/select_PeriodEnding")): 13 options of object 'Object Repository/RAD_Pages/TaxTypeFilingYear_Page/select_PeriodEnding' counted

2023-09-09 20:20:54 - [MESSAGE][PASSED] - 13 options of object 'Object Repository/RAD_Pages/TaxTypeFilingYear_Page/select_PeriodEnding' counted

2023-09-09 20:20:54 - [TEST_STEP][PASSED] - verifyEqual(totalOptionsPeriodEnding, 13): Actual object '13' and expected object '13' are equal

2023-09-09 20:20:54 - [MESSAGE][PASSED] - Actual object '13' and expected object '13' are equal

2023-09-09 20:20:54 - [TEST_STEP][PASSED] - verifyOptionsPresent(findTestObject(orPath_TaxTypeFilingYear + "/select_PeriodEnding"), ["Month", "January", "February", "March", "April", "May", "June"]): Options [Month, January, February, March, April, May, June] present.

2023-09-09 20:20:55 - [MESSAGE][PASSED] - Options [Month, January, February, March, April, May, June] present.

2023-09-09 20:20:55 - [TEST_STEP][PASSED] - verifyOptionsPresent(findTestObject(orPath_TaxTypeFilingYear + "/select_PeriodEnding"), ["July", "August", "September", "October", "November", "December"]): Options [July, August, September, October, November, December] present.

2023-09-09 20:20:55 - [MESSAGE][PASSED] - Options [July, August, September, October, November, December] present.

2023-09-09 20:20:55 - [TEST_STEP][PASSED] - verifyTextPresent("Taxpayer", true): Text 'Taxpayer' is present on page  using regular expression

2023-09-09 20:20:56 - [MESSAGE][PASSED] - Text 'Taxpayer' is present on page  using regular expression

2023-09-09 20:20:56 - [TEST_STEP][PASSED] - verifyTextPresent("Provide the following taxpayer information", true): Text 'Provide the following taxpayer information' is present on page  using regular expression

2023-09-09 20:20:56 - [MESSAGE][PASSED] - Text 'Provide the following taxpayer information' is present on page  using regular expression

2023-09-09 20:20:56 - [TEST_STEP][PASSED] - verifyTextPresent("Note: If you are paying on behalf of the Taxpayer, enter Taxpayer", true): Text 'Note: If you are paying on behalf of the Taxpayer, enter Taxpayer' is present on page  using regular expression

2023-09-09 20:20:56 - [MESSAGE][PASSED] - Text 'Note: If you are paying on behalf of the Taxpayer, enter Taxpayer' is present on page  using regular expression

2023-09-09 20:20:56 - [TEST_STEP][PASSED] - verifyTextPresent("information here. If you are making a payment for the Taxpayer, you will be required later to enter your own credit card, billing address and other pertinent information", true): Text 'information here. If you are making a payment for the Taxpayer, you will be required later to enter your own credit card, billing address and other pertinent information' is present on page  using regular expression

2023-09-09 20:20:57 - [MESSAGE][PASSED] - Text 'information here. If you are making a payment for the Taxpayer, you will be required later to enter your own credit card, billing address and other pertinent information' is present on page  using regular expression

2023-09-09 20:20:57 - [TEST_STEP][PASSED] - verifyElementVisible(findTestObject(orPath_TaxPayer + "/input_Note_businessName")): Object 'Object Repository/RAD_Pages/Taxpayer_Page/input_Note_businessName' is visible

2023-09-09 20:20:57 - [MESSAGE][PASSED] - Object 'Object Repository/RAD_Pages/Taxpayer_Page/input_Note_businessName' is visible

2023-09-09 20:20:57 - [TEST_STEP][PASSED] - verifyElementNotVisible(findTestObject(orPath_TaxPayer + "/input_firstName")): Object 'Object Repository/RAD_Pages/Taxpayer_Page/input_firstName' is NOT visible

2023-09-09 20:20:58 - [MESSAGE][PASSED] - Object 'Object Repository/RAD_Pages/Taxpayer_Page/input_firstName' is NOT visible

2023-09-09 20:20:58 - [TEST_STEP][PASSED] - verifyElementNotVisible(findTestObject(orPath_TaxPayer + "/input_middleName")): Object 'Object Repository/RAD_Pages/Taxpayer_Page/input_middleName' is NOT visible

2023-09-09 20:20:58 - [MESSAGE][PASSED] - Object 'Object Repository/RAD_Pages/Taxpayer_Page/input_middleName' is NOT visible

2023-09-09 20:20:58 - [TEST_STEP][PASSED] - verifyElementNotVisible(findTestObject(orPath_TaxPayer + "/input_lastName")): Object 'Object Repository/RAD_Pages/Taxpayer_Page/input_lastName' is NOT visible

2023-09-09 20:20:58 - [MESSAGE][PASSED] - Object 'Object Repository/RAD_Pages/Taxpayer_Page/input_lastName' is NOT visible

2023-09-09 20:20:58 - [TEST_STEP][PASSED] - verifyElementNotVisible(findTestObject(orPath_TaxPayer + "/input_suffix")): Object 'Object Repository/RAD_Pages/Taxpayer_Page/input_suffix' is NOT visible

2023-09-09 20:20:59 - [MESSAGE][PASSED] - Object 'Object Repository/RAD_Pages/Taxpayer_Page/input_suffix' is NOT visible

2023-09-09 20:20:59 - [TEST_STEP][PASSED] - verifyElementNotVisible(findTestObject("RAD_RecordAndPlay/input_concatSSN")): Object 'Object Repository/RAD_RecordAndPlay/input_concatSSN' is NOT visible

2023-09-09 20:20:59 - [MESSAGE][PASSED] - Object 'Object Repository/RAD_RecordAndPlay/input_concatSSN' is NOT visible

2023-09-09 20:20:59 - [TEST_STEP][PASSED] - verifyElementNotVisible(findTestObject("RAD_RecordAndPlay/input_concatReSSN")): Object 'Object Repository/RAD_RecordAndPlay/input_concatReSSN' is NOT visible

2023-09-09 20:21:00 - [MESSAGE][PASSED] - Object 'Object Repository/RAD_RecordAndPlay/input_concatReSSN' is NOT visible

2023-09-09 20:21:00 - [TEST_STEP][PASSED] - verifyTextPresent("Address and Contact Information", true): Text 'Address and Contact Information' is present on page  using regular expression

2023-09-09 20:21:00 - [MESSAGE][PASSED] - Text 'Address and Contact Information' is present on page  using regular expression

2023-09-09 20:21:00 - [TEST_STEP][PASSED] - verifyTextPresent("Enter the taxpayer", true): Text 'Enter the taxpayer' is present on page  using regular expression

2023-09-09 20:21:01 - [MESSAGE][PASSED] - Text 'Enter the taxpayer' is present on page  using regular expression

2023-09-09 20:21:01 - [TEST_STEP][PASSED] - verifyTextPresent("address and contact information", true): Text 'address and contact information' is present on page  using regular expression

2023-09-09 20:21:01 - [MESSAGE][PASSED] - Text 'address and contact information' is present on page  using regular expression

2023-09-09 20:21:01 - [TEST_STEP][PASSED] - verifyElementPresent(findTestObject(orPath_AddressContact + "/select_Country"), 30): Object 'Object Repository/RAD_Pages/AddressAndContactInfo_Page/select_Country' is present

2023-09-09 20:21:01 - [MESSAGE][PASSED] - Object 'Object Repository/RAD_Pages/AddressAndContactInfo_Page/select_Country' is present

2023-09-09 20:21:01 - [TEST_STEP][PASSED] - verifyElementPresent(findTestObject(orPath_AddressContact + "/input_streetAddress1"), 30): Object 'Object Repository/RAD_Pages/AddressAndContactInfo_Page/input_streetAddress1' is present

2023-09-09 20:21:02 - [MESSAGE][PASSED] - Object 'Object Repository/RAD_Pages/AddressAndContactInfo_Page/input_streetAddress1' is present

2023-09-09 20:21:02 - [TEST_STEP][PASSED] - verifyElementPresent(findTestObject(orPath_AddressContact + "/input_streetAddress2"), 30): Object 'Object Repository/RAD_Pages/AddressAndContactInfo_Page/input_streetAddress2' is present

2023-09-09 20:21:02 - [MESSAGE][PASSED] - Object 'Object Repository/RAD_Pages/AddressAndContactInfo_Page/input_streetAddress2' is present

2023-09-09 20:21:02 - [TEST_STEP][PASSED] - verifyElementPresent(findTestObject(orPath_AddressContact + "/input_city"), 30): Object 'Object Repository/RAD_Pages/AddressAndContactInfo_Page/input_city' is present

2023-09-09 20:21:02 - [MESSAGE][PASSED] - Object 'Object Repository/RAD_Pages/AddressAndContactInfo_Page/input_city' is present

2023-09-09 20:21:02 - [TEST_STEP][PASSED] - verifyElementPresent(findTestObject(orPath_AddressContact + "/select_State"), 30): Object 'Object Repository/RAD_Pages/AddressAndContactInfo_Page/select_State' is present

2023-09-09 20:21:03 - [MESSAGE][PASSED] - Object 'Object Repository/RAD_Pages/AddressAndContactInfo_Page/select_State' is present

2023-09-09 20:21:03 - [TEST_STEP][PASSED] - verifyElementPresent(findTestObject(orPath_AddressContact + "/input_zipCode"), 30): Object 'Object Repository/RAD_Pages/AddressAndContactInfo_Page/input_zipCode' is present

2023-09-09 20:21:03 - [MESSAGE][PASSED] - Object 'Object Repository/RAD_Pages/AddressAndContactInfo_Page/input_zipCode' is present

2023-09-09 20:21:03 - [TEST_STEP][PASSED] - verifyElementPresent(findTestObject(orPath_AddressContact + "/input_phoneNumber"), 30): Object 'Object Repository/RAD_Pages/AddressAndContactInfo_Page/input_phoneNumber' is present

2023-09-09 20:21:03 - [MESSAGE][PASSED] - Object 'Object Repository/RAD_Pages/AddressAndContactInfo_Page/input_phoneNumber' is present

2023-09-09 20:21:03 - [TEST_STEP][PASSED] - verifyElementPresent(findTestObject(orPath_AddressContact + "/input_eMailAddress"), 30): Object 'Object Repository/RAD_Pages/AddressAndContactInfo_Page/input_eMailAddress' is present

2023-09-09 20:21:04 - [MESSAGE][PASSED] - Object 'Object Repository/RAD_Pages/AddressAndContactInfo_Page/input_eMailAddress' is present

2023-09-09 20:21:04 - [TEST_STEP][PASSED] - verifyElementPresent(findTestObject(orPath_AddressContact + "/input_reEnterEMailAddress"), 30): Object 'Object Repository/RAD_Pages/AddressAndContactInfo_Page/input_reEnterEMailAddress' is present

2023-09-09 20:21:04 - [MESSAGE][PASSED] - Object 'Object Repository/RAD_Pages/AddressAndContactInfo_Page/input_reEnterEMailAddress' is present

2023-09-09 20:21:04 - [TEST_STEP][PASSED] - verifyOptionsPresent(findTestObject(orPath_AddressContact + "/select_Country"), ["United States"]): Options [United States] present.

2023-09-09 20:21:05 - [MESSAGE][PASSED] - Options [United States] present.

2023-09-09 20:21:05 - [TEST_STEP][PASSED] - verifyOptionsPresent(findTestObject(orPath_AddressContact + "/select_State"), ["Alabama", "District of Columbia", "Maryland", "Virginia", "Wyoming"]): Options [Alabama, District of Columbia, Maryland, Virginia, Wyoming] present.

2023-09-09 20:21:06 - [MESSAGE][PASSED] - Options [Alabama, District of Columbia, Maryland, Virginia, Wyoming] present.

2023-09-09 20:21:06 - [TEST_STEP][PASSED] - totalOptionsState = getNumberOfTotalOption(findTestObject(orPath_AddressContact + "/select_State")): 52 options of object 'Object Repository/RAD_Pages/AddressAndContactInfo_Page/select_State' counted

2023-09-09 20:21:06 - [MESSAGE][PASSED] - 52 options of object 'Object Repository/RAD_Pages/AddressAndContactInfo_Page/select_State' counted

2023-09-09 20:21:06 - [TEST_STEP][PASSED] - verifyEqual(totalOptionsState, 52): Actual object '52' and expected object '52' are equal

2023-09-09 20:21:06 - [MESSAGE][PASSED] - Actual object '52' and expected object '52' are equal

2023-09-09 20:21:06 - [TEST_STEP][PASSED] - verifyTextPresent("Tax Information", true): Text 'Tax Information' is present on page  using regular expression

2023-09-09 20:21:07 - [MESSAGE][PASSED] - Text 'Tax Information' is present on page  using regular expression

2023-09-09 20:21:07 - [TEST_STEP][PASSED] - verifyElementVisible(findTestObject(orPath_TaxInfo + "/input_FederalEIN-2")): Object 'Object Repository/RAD_Pages/TaxInfo_Page/input_FederalEIN-2' is visible

2023-09-09 20:21:07 - [MESSAGE][PASSED] - Object 'Object Repository/RAD_Pages/TaxInfo_Page/input_FederalEIN-2' is visible

2023-09-09 20:21:07 - [TEST_STEP][PASSED] - verifyElementVisible(findTestObject(orPath_TaxInfo + "/input_FederalEIN_ReEnter-2")): Object 'Object Repository/RAD_Pages/TaxInfo_Page/input_FederalEIN_ReEnter-2' is visible

2023-09-09 20:21:08 - [MESSAGE][PASSED] - Object 'Object Repository/RAD_Pages/TaxInfo_Page/input_FederalEIN_ReEnter-2' is visible

2023-09-09 20:21:08 - [TEST_STEP][PASSED] - verifyElementNotVisible(findTestObject(orPath_FilingStatus + "/input_userType_Individual")): Object 'Object Repository/RAD_Pages/FilingStatus_Page/input_userType_Individual' is NOT visible

2023-09-09 20:21:08 - [MESSAGE][PASSED] - Object 'Object Repository/RAD_Pages/FilingStatus_Page/input_userType_Individual' is NOT visible

2023-09-09 20:21:08 - [TEST_STEP][PASSED] - verifyElementNotVisible(findTestObject(orPath_FilingStatus + "/input_userType_Joint")): Object 'Object Repository/RAD_Pages/FilingStatus_Page/input_userType_Joint' is NOT visible

2023-09-09 20:21:08 - [MESSAGE][PASSED] - Object 'Object Repository/RAD_Pages/FilingStatus_Page/input_userType_Joint' is NOT visible

2023-09-09 20:21:08 - [TEST_STEP][PASSED] - verifyElementNotVisible(findTestObject(orPath_TaxInfo + "/input_NoticeInvoiceNumber")): Object 'Object Repository/RAD_Pages/TaxInfo_Page/input_NoticeInvoiceNumber' is NOT visible

2023-09-09 20:21:09 - [MESSAGE][PASSED] - Object 'Object Repository/RAD_Pages/TaxInfo_Page/input_NoticeInvoiceNumber' is NOT visible

2023-09-09 20:21:09 - [TEST_STEP][PASSED] - verifyElementNotVisible(findTestObject(orPath_TaxInfo + "/input_reTypeNoticeInvoiceNumber")): Object 'Object Repository/RAD_Pages/TaxInfo_Page/input_reTypeNoticeInvoiceNumber' is NOT visible

2023-09-09 20:21:09 - [MESSAGE][PASSED] - Object 'Object Repository/RAD_Pages/TaxInfo_Page/input_reTypeNoticeInvoiceNumber' is NOT visible

2023-09-09 20:21:09 - [TEST_STEP][PASSED] - verifyElementNotVisible(findTestObject(orPath_TaxInfo + "/input_MDCRegistrationEL")): Object 'Object Repository/RAD_Pages/TaxInfo_Page/input_MDCRegistrationEL' is NOT visible

2023-09-09 20:21:10 - [MESSAGE][PASSED] - Object 'Object Repository/RAD_Pages/TaxInfo_Page/input_MDCRegistrationEL' is NOT visible

2023-09-09 20:21:10 - [TEST_STEP][PASSED] - verifyTextPresent("Payment Amount", true): Text 'Payment Amount' is present on page  using regular expression

2023-09-09 20:21:10 - [MESSAGE][PASSED] - Text 'Payment Amount' is present on page  using regular expression

2023-09-09 20:21:10 - [TEST_STEP][PASSED] - verifyElementPresent(findTestObject(orPath_Amount + "/input__paymentAmount"), 30): Object 'Object Repository/RAD_Pages/PaymentAmount_Page/input__paymentAmount' is present

2023-09-09 20:21:10 - [MESSAGE][PASSED] - Object 'Object Repository/RAD_Pages/PaymentAmount_Page/input__paymentAmount' is present

2023-09-09 20:21:10 - [TEST_STEP][PASSED] - verifyElementVisible(findTestObject(orPath_Amount + "/input__paymentAmount")): Object 'Object Repository/RAD_Pages/PaymentAmount_Page/input__paymentAmount' is visible

2023-09-09 20:21:11 - [MESSAGE][PASSED] - Object 'Object Repository/RAD_Pages/PaymentAmount_Page/input__paymentAmount' is visible

2023-09-09 20:21:11 - [TEST_STEP][PASSED] - verifyTextPresent("Service Fee: This electronic government service includes a service/convenience fee. Click here for details", true): Text 'Service Fee: This electronic government service includes a service/convenience fee. Click here for details' is present on page  using regular expression

2023-09-09 20:21:11 - [MESSAGE][PASSED] - Text 'Service Fee: This electronic government service includes a service/convenience fee. Click here for details' is present on page  using regular expression

2023-09-09 20:21:11 - [TEST_STEP][PASSED] - verifyElementPresent(findTestObject(orPath_Amount + "/a_Click here for details"), 30): Object 'Object Repository/RAD_Pages/PaymentAmount_Page/a_Click here for details' is present

2023-09-09 20:21:11 - [MESSAGE][PASSED] - Object 'Object Repository/RAD_Pages/PaymentAmount_Page/a_Click here for details' is present

2023-09-09 20:21:11 - [TEST_STEP][PASSED] - verifyElementPresent(findTestObject(orPath_Landing + "/button_Continue"), 30): Object 'Object Repository/RAD_Pages/Landing_Page/button_Continue' is present

2023-09-09 20:21:12 - [MESSAGE][PASSED] - Object 'Object Repository/RAD_Pages/Landing_Page/button_Continue' is present]]></system-out>
         <system-err><![CDATA[]]></system-err>
      </testcase>
      <testcase name="Test Cases/RAD_TestCases/UI_TestCases/Estimated/Estimated_PTETaxElectingNonSCorp_UI_TC" time="27.416" classname="Test Cases/RAD_TestCases/UI_TestCases/Estimated/Estimated_PTETaxElectingNonSCorp_UI_TC" status="PASSED">
         <system-out><![CDATA[2023-09-09 20:21:12 - [TEST_CASE][PASSED] - Test Cases/RAD_TestCases/UI_TestCases/Estimated/Estimated_PTETaxElectingNonSCorp_UI_TC: Test Cases/RAD_TestCases/UI_TestCases/Estimated/Estimated_PTETaxElectingNonSCorp_UI_TC

2023-09-09 20:21:12 - [TEST_STEP][PASSED] - openBrowser(""): Browser is opened with url: ''

2023-09-09 20:21:12 - [MESSAGE][WARNING] - A browser is already opened. Closing browser and opening a new one

2023-09-09 20:21:13 - [MESSAGE][INFO] - Starting 'Chrome' driver

2023-09-09 20:21:13 - [MESSAGE][INFO] - User set preference: ['acceptInsecureCerts', 'true']

2023-09-09 20:21:13 - [MESSAGE][INFO] - Action delay is set to 0 milliseconds

2023-09-09 20:21:15 - [MESSAGE][PASSED] - Browser is opened with url: ''

2023-09-09 20:21:15 - [TEST_STEP][PASSED] - maximizeWindow(): Current window maximized

2023-09-09 20:21:15 - [MESSAGE][PASSED] - Current window maximized

2023-09-09 20:21:15 - [TEST_STEP][PASSED] - navigateToUrl(RADurl): Navigate to 'https://qa2.velocitypayment.com/client/rad/index.html' successfully

2023-09-09 20:21:16 - [MESSAGE][PASSED] - Navigate to 'https://qa2.velocitypayment.com/client/rad/index.html' successfully

2023-09-09 20:21:16 - [TEST_STEP][PASSED] - orPath_Landing = "Object Repository/RAD_Pages/Landing_Page": null

2023-09-09 20:21:16 - [TEST_STEP][PASSED] - orPath_TaxTypeFilingYear = "Object Repository/RAD_Pages/TaxTypeFilingYear_Page": null

2023-09-09 20:21:16 - [TEST_STEP][PASSED] - orPath_TaxPayer = "Object Repository/RAD_Pages/Taxpayer_Page": null

2023-09-09 20:21:16 - [TEST_STEP][PASSED] - orPath_AddressContact = "Object Repository/RAD_Pages/AddressAndContactInfo_Page": null

2023-09-09 20:21:16 - [TEST_STEP][PASSED] - orPath_FilingStatus = "Object Repository/RAD_Pages/FilingStatus_Page": null

2023-09-09 20:21:16 - [TEST_STEP][PASSED] - orPath_Amount = "Object Repository/RAD_Pages/PaymentAmount_Page": null

2023-09-09 20:21:16 - [TEST_STEP][PASSED] - orPath_TaxInfo = "Object Repository/RAD_Pages/TaxInfo_Page": null

2023-09-09 20:21:16 - [TEST_STEP][PASSED] - verifyTextPresent("Payment Type/Filing Year", true): Text 'Payment Type/Filing Year' is present on page  using regular expression

2023-09-09 20:21:17 - [MESSAGE][PASSED] - Text 'Payment Type/Filing Year' is present on page  using regular expression

2023-09-09 20:21:17 - [TEST_STEP][PASSED] - selectOptionByLabel(findTestObject(orPath_Landing + "/dd_TaxType"), "Quarterly Estimated Tax", false): All options with label 'Quarterly Estimated Tax' are selected in object 'Object Repository/RAD_Pages/Landing_Page/dd_TaxType' 

2023-09-09 20:21:17 - [MESSAGE][PASSED] - All options with label 'Quarterly Estimated Tax' are selected in object 'Object Repository/RAD_Pages/Landing_Page/dd_TaxType' 

2023-09-09 20:21:17 - [TEST_STEP][PASSED] - selectOptionByLabel(findTestObject(orPath_TaxTypeFilingYear + "/select_PaymentType"), "PTE Tax Electing Non-S Corp", false): All options with label 'PTE Tax Electing Non-S Corp' are selected in object 'Object Repository/RAD_Pages/TaxTypeFilingYear_Page/select_PaymentType' 

2023-09-09 20:21:18 - [MESSAGE][PASSED] - All options with label 'PTE Tax Electing Non-S Corp' are selected in object 'Object Repository/RAD_Pages/TaxTypeFilingYear_Page/select_PaymentType' 

2023-09-09 20:21:18 - [TEST_STEP][PASSED] - verifyElementPresent(findTestObject(orPath_TaxTypeFilingYear + "/select_FilingYear"), 30): Object 'Object Repository/RAD_Pages/TaxTypeFilingYear_Page/select_FilingYear' is present

2023-09-09 20:21:19 - [MESSAGE][PASSED] - Object 'Object Repository/RAD_Pages/TaxTypeFilingYear_Page/select_FilingYear' is present

2023-09-09 20:21:19 - [TEST_STEP][PASSED] - verifyElementVisible(findTestObject(orPath_TaxTypeFilingYear + "/select_FilingYear")): Object 'Object Repository/RAD_Pages/TaxTypeFilingYear_Page/select_FilingYear' is visible

2023-09-09 20:21:19 - [MESSAGE][PASSED] - Object 'Object Repository/RAD_Pages/TaxTypeFilingYear_Page/select_FilingYear' is visible

2023-09-09 20:21:19 - [TEST_STEP][PASSED] - totalOptionsFilingYear = getNumberOfTotalOption(findTestObject(orPath_TaxTypeFilingYear + "/select_FilingYear")): 1 options of object 'Object Repository/RAD_Pages/TaxTypeFilingYear_Page/select_FilingYear' counted

2023-09-09 20:21:20 - [MESSAGE][PASSED] - 1 options of object 'Object Repository/RAD_Pages/TaxTypeFilingYear_Page/select_FilingYear' counted

2023-09-09 20:21:20 - [TEST_STEP][PASSED] - verifyEqual(totalOptionsFilingYear, 1): Actual object '1' and expected object '1' are equal

2023-09-09 20:21:20 - [MESSAGE][PASSED] - Actual object '1' and expected object '1' are equal

2023-09-09 20:21:20 - [TEST_STEP][PASSED] - verifyOptionsPresent(findTestObject(orPath_TaxTypeFilingYear + "/select_FilingYear"), ["2023"]): Options [2023] present.

2023-09-09 20:21:20 - [MESSAGE][PASSED] - Options [2023] present.

2023-09-09 20:21:20 - [TEST_STEP][PASSED] - verifyElementPresent(findTestObject(orPath_TaxTypeFilingYear + "/select_PeriodEnding"), 30): Object 'Object Repository/RAD_Pages/TaxTypeFilingYear_Page/select_PeriodEnding' is present

2023-09-09 20:21:21 - [MESSAGE][PASSED] - Object 'Object Repository/RAD_Pages/TaxTypeFilingYear_Page/select_PeriodEnding' is present

2023-09-09 20:21:21 - [TEST_STEP][PASSED] - verifyElementVisible(findTestObject(orPath_TaxTypeFilingYear + "/select_PeriodEnding")): Object 'Object Repository/RAD_Pages/TaxTypeFilingYear_Page/select_PeriodEnding' is visible

2023-09-09 20:21:21 - [MESSAGE][PASSED] - Object 'Object Repository/RAD_Pages/TaxTypeFilingYear_Page/select_PeriodEnding' is visible

2023-09-09 20:21:21 - [TEST_STEP][PASSED] - totalOptionsPeriodEnding = getNumberOfTotalOption(findTestObject(orPath_TaxTypeFilingYear + "/select_PeriodEnding")): 13 options of object 'Object Repository/RAD_Pages/TaxTypeFilingYear_Page/select_PeriodEnding' counted

2023-09-09 20:21:22 - [MESSAGE][PASSED] - 13 options of object 'Object Repository/RAD_Pages/TaxTypeFilingYear_Page/select_PeriodEnding' counted

2023-09-09 20:21:22 - [TEST_STEP][PASSED] - verifyEqual(totalOptionsPeriodEnding, 13): Actual object '13' and expected object '13' are equal

2023-09-09 20:21:22 - [MESSAGE][PASSED] - Actual object '13' and expected object '13' are equal

2023-09-09 20:21:22 - [TEST_STEP][PASSED] - verifyOptionsPresent(findTestObject(orPath_TaxTypeFilingYear + "/select_PeriodEnding"), ["Month", "January", "February", "March", "April", "May", "June"]): Options [Month, January, February, March, April, May, June] present.

2023-09-09 20:21:22 - [MESSAGE][PASSED] - Options [Month, January, February, March, April, May, June] present.

2023-09-09 20:21:22 - [TEST_STEP][PASSED] - verifyOptionsPresent(findTestObject(orPath_TaxTypeFilingYear + "/select_PeriodEnding"), ["July", "August", "September", "October", "November", "December"]): Options [July, August, September, October, November, December] present.

2023-09-09 20:21:23 - [MESSAGE][PASSED] - Options [July, August, September, October, November, December] present.

2023-09-09 20:21:23 - [TEST_STEP][PASSED] - verifyTextPresent("Taxpayer", true): Text 'Taxpayer' is present on page  using regular expression

2023-09-09 20:21:23 - [MESSAGE][PASSED] - Text 'Taxpayer' is present on page  using regular expression

2023-09-09 20:21:23 - [TEST_STEP][PASSED] - verifyTextPresent("Provide the following taxpayer information", true): Text 'Provide the following taxpayer information' is present on page  using regular expression

2023-09-09 20:21:24 - [MESSAGE][PASSED] - Text 'Provide the following taxpayer information' is present on page  using regular expression

2023-09-09 20:21:24 - [TEST_STEP][PASSED] - verifyTextPresent("Note: If you are paying on behalf of the Taxpayer, enter Taxpayer", true): Text 'Note: If you are paying on behalf of the Taxpayer, enter Taxpayer' is present on page  using regular expression

2023-09-09 20:21:24 - [MESSAGE][PASSED] - Text 'Note: If you are paying on behalf of the Taxpayer, enter Taxpayer' is present on page  using regular expression

2023-09-09 20:21:24 - [TEST_STEP][PASSED] - verifyTextPresent("information here. If you are making a payment for the Taxpayer, you will be required later to enter your own credit card, billing address and other pertinent information", true): Text 'information here. If you are making a payment for the Taxpayer, you will be required later to enter your own credit card, billing address and other pertinent information' is present on page  using regular expression

2023-09-09 20:21:25 - [MESSAGE][PASSED] - Text 'information here. If you are making a payment for the Taxpayer, you will be required later to enter your own credit card, billing address and other pertinent information' is present on page  using regular expression

2023-09-09 20:21:25 - [TEST_STEP][PASSED] - verifyElementVisible(findTestObject(orPath_TaxPayer + "/input_Note_businessName")): Object 'Object Repository/RAD_Pages/Taxpayer_Page/input_Note_businessName' is visible

2023-09-09 20:21:25 - [MESSAGE][PASSED] - Object 'Object Repository/RAD_Pages/Taxpayer_Page/input_Note_businessName' is visible

2023-09-09 20:21:25 - [TEST_STEP][PASSED] - verifyElementNotVisible(findTestObject(orPath_TaxPayer + "/input_firstName")): Object 'Object Repository/RAD_Pages/Taxpayer_Page/input_firstName' is NOT visible

2023-09-09 20:21:25 - [MESSAGE][PASSED] - Object 'Object Repository/RAD_Pages/Taxpayer_Page/input_firstName' is NOT visible

2023-09-09 20:21:25 - [TEST_STEP][PASSED] - verifyElementNotVisible(findTestObject(orPath_TaxPayer + "/input_middleName")): Object 'Object Repository/RAD_Pages/Taxpayer_Page/input_middleName' is NOT visible

2023-09-09 20:21:26 - [MESSAGE][PASSED] - Object 'Object Repository/RAD_Pages/Taxpayer_Page/input_middleName' is NOT visible

2023-09-09 20:21:26 - [TEST_STEP][PASSED] - verifyElementNotVisible(findTestObject(orPath_TaxPayer + "/input_lastName")): Object 'Object Repository/RAD_Pages/Taxpayer_Page/input_lastName' is NOT visible

2023-09-09 20:21:26 - [MESSAGE][PASSED] - Object 'Object Repository/RAD_Pages/Taxpayer_Page/input_lastName' is NOT visible

2023-09-09 20:21:26 - [TEST_STEP][PASSED] - verifyElementNotVisible(findTestObject(orPath_TaxPayer + "/input_suffix")): Object 'Object Repository/RAD_Pages/Taxpayer_Page/input_suffix' is NOT visible

2023-09-09 20:21:26 - [MESSAGE][PASSED] - Object 'Object Repository/RAD_Pages/Taxpayer_Page/input_suffix' is NOT visible

2023-09-09 20:21:26 - [TEST_STEP][PASSED] - verifyElementNotVisible(findTestObject("RAD_RecordAndPlay/input_concatSSN")): Object 'Object Repository/RAD_RecordAndPlay/input_concatSSN' is NOT visible

2023-09-09 20:21:27 - [MESSAGE][PASSED] - Object 'Object Repository/RAD_RecordAndPlay/input_concatSSN' is NOT visible

2023-09-09 20:21:27 - [TEST_STEP][PASSED] - verifyElementNotVisible(findTestObject("RAD_RecordAndPlay/input_concatReSSN")): Object 'Object Repository/RAD_RecordAndPlay/input_concatReSSN' is NOT visible

2023-09-09 20:21:27 - [MESSAGE][PASSED] - Object 'Object Repository/RAD_RecordAndPlay/input_concatReSSN' is NOT visible

2023-09-09 20:21:27 - [TEST_STEP][PASSED] - verifyTextPresent("Address and Contact Information", true): Text 'Address and Contact Information' is present on page  using regular expression

2023-09-09 20:21:28 - [MESSAGE][PASSED] - Text 'Address and Contact Information' is present on page  using regular expression

2023-09-09 20:21:28 - [TEST_STEP][PASSED] - verifyTextPresent("Enter the taxpayer", true): Text 'Enter the taxpayer' is present on page  using regular expression

2023-09-09 20:21:28 - [MESSAGE][PASSED] - Text 'Enter the taxpayer' is present on page  using regular expression

2023-09-09 20:21:28 - [TEST_STEP][PASSED] - verifyTextPresent("address and contact information", true): Text 'address and contact information' is present on page  using regular expression

2023-09-09 20:21:29 - [MESSAGE][PASSED] - Text 'address and contact information' is present on page  using regular expression

2023-09-09 20:21:29 - [TEST_STEP][PASSED] - verifyElementPresent(findTestObject(orPath_AddressContact + "/select_Country"), 30): Object 'Object Repository/RAD_Pages/AddressAndContactInfo_Page/select_Country' is present

2023-09-09 20:21:29 - [MESSAGE][PASSED] - Object 'Object Repository/RAD_Pages/AddressAndContactInfo_Page/select_Country' is present

2023-09-09 20:21:29 - [TEST_STEP][PASSED] - verifyElementPresent(findTestObject(orPath_AddressContact + "/input_streetAddress1"), 30): Object 'Object Repository/RAD_Pages/AddressAndContactInfo_Page/input_streetAddress1' is present

2023-09-09 20:21:29 - [MESSAGE][PASSED] - Object 'Object Repository/RAD_Pages/AddressAndContactInfo_Page/input_streetAddress1' is present

2023-09-09 20:21:29 - [TEST_STEP][PASSED] - verifyElementPresent(findTestObject(orPath_AddressContact + "/input_streetAddress2"), 30): Object 'Object Repository/RAD_Pages/AddressAndContactInfo_Page/input_streetAddress2' is present

2023-09-09 20:21:29 - [MESSAGE][PASSED] - Object 'Object Repository/RAD_Pages/AddressAndContactInfo_Page/input_streetAddress2' is present

2023-09-09 20:21:29 - [TEST_STEP][PASSED] - verifyElementPresent(findTestObject(orPath_AddressContact + "/input_city"), 30): Object 'Object Repository/RAD_Pages/AddressAndContactInfo_Page/input_city' is present

2023-09-09 20:21:30 - [MESSAGE][PASSED] - Object 'Object Repository/RAD_Pages/AddressAndContactInfo_Page/input_city' is present

2023-09-09 20:21:30 - [TEST_STEP][PASSED] - verifyElementPresent(findTestObject(orPath_AddressContact + "/select_State"), 30): Object 'Object Repository/RAD_Pages/AddressAndContactInfo_Page/select_State' is present

2023-09-09 20:21:30 - [MESSAGE][PASSED] - Object 'Object Repository/RAD_Pages/AddressAndContactInfo_Page/select_State' is present

2023-09-09 20:21:30 - [TEST_STEP][PASSED] - verifyElementPresent(findTestObject(orPath_AddressContact + "/input_zipCode"), 30): Object 'Object Repository/RAD_Pages/AddressAndContactInfo_Page/input_zipCode' is present

2023-09-09 20:21:31 - [MESSAGE][PASSED] - Object 'Object Repository/RAD_Pages/AddressAndContactInfo_Page/input_zipCode' is present

2023-09-09 20:21:31 - [TEST_STEP][PASSED] - verifyElementPresent(findTestObject(orPath_AddressContact + "/input_phoneNumber"), 30): Object 'Object Repository/RAD_Pages/AddressAndContactInfo_Page/input_phoneNumber' is present

2023-09-09 20:21:31 - [MESSAGE][PASSED] - Object 'Object Repository/RAD_Pages/AddressAndContactInfo_Page/input_phoneNumber' is present

2023-09-09 20:21:31 - [TEST_STEP][PASSED] - verifyElementPresent(findTestObject(orPath_AddressContact + "/input_eMailAddress"), 30): Object 'Object Repository/RAD_Pages/AddressAndContactInfo_Page/input_eMailAddress' is present

2023-09-09 20:21:31 - [MESSAGE][PASSED] - Object 'Object Repository/RAD_Pages/AddressAndContactInfo_Page/input_eMailAddress' is present

2023-09-09 20:21:31 - [TEST_STEP][PASSED] - verifyElementPresent(findTestObject(orPath_AddressContact + "/input_reEnterEMailAddress"), 30): Object 'Object Repository/RAD_Pages/AddressAndContactInfo_Page/input_reEnterEMailAddress' is present

2023-09-09 20:21:32 - [MESSAGE][PASSED] - Object 'Object Repository/RAD_Pages/AddressAndContactInfo_Page/input_reEnterEMailAddress' is present

2023-09-09 20:21:32 - [TEST_STEP][PASSED] - verifyOptionsPresent(findTestObject(orPath_AddressContact + "/select_Country"), ["United States"]): Options [United States] present.

2023-09-09 20:21:32 - [MESSAGE][PASSED] - Options [United States] present.

2023-09-09 20:21:32 - [TEST_STEP][PASSED] - verifyOptionsPresent(findTestObject(orPath_AddressContact + "/select_State"), ["Alabama", "District of Columbia", "Maryland", "Virginia", "Wyoming"]): Options [Alabama, District of Columbia, Maryland, Virginia, Wyoming] present.

2023-09-09 20:21:33 - [MESSAGE][PASSED] - Options [Alabama, District of Columbia, Maryland, Virginia, Wyoming] present.

2023-09-09 20:21:33 - [TEST_STEP][PASSED] - totalOptionsState = getNumberOfTotalOption(findTestObject(orPath_AddressContact + "/select_State")): 52 options of object 'Object Repository/RAD_Pages/AddressAndContactInfo_Page/select_State' counted

2023-09-09 20:21:34 - [MESSAGE][PASSED] - 52 options of object 'Object Repository/RAD_Pages/AddressAndContactInfo_Page/select_State' counted

2023-09-09 20:21:34 - [TEST_STEP][PASSED] - verifyEqual(totalOptionsState, 52): Actual object '52' and expected object '52' are equal

2023-09-09 20:21:34 - [MESSAGE][PASSED] - Actual object '52' and expected object '52' are equal

2023-09-09 20:21:34 - [TEST_STEP][PASSED] - verifyTextPresent("Tax Information", true): Text 'Tax Information' is present on page  using regular expression

2023-09-09 20:21:34 - [MESSAGE][PASSED] - Text 'Tax Information' is present on page  using regular expression

2023-09-09 20:21:34 - [TEST_STEP][PASSED] - verifyElementVisible(findTestObject(orPath_TaxInfo + "/input_FederalEIN-2")): Object 'Object Repository/RAD_Pages/TaxInfo_Page/input_FederalEIN-2' is visible

2023-09-09 20:21:35 - [MESSAGE][PASSED] - Object 'Object Repository/RAD_Pages/TaxInfo_Page/input_FederalEIN-2' is visible

2023-09-09 20:21:35 - [TEST_STEP][PASSED] - verifyElementVisible(findTestObject(orPath_TaxInfo + "/input_FederalEIN_ReEnter-2")): Object 'Object Repository/RAD_Pages/TaxInfo_Page/input_FederalEIN_ReEnter-2' is visible

2023-09-09 20:21:35 - [MESSAGE][PASSED] - Object 'Object Repository/RAD_Pages/TaxInfo_Page/input_FederalEIN_ReEnter-2' is visible

2023-09-09 20:21:35 - [TEST_STEP][PASSED] - verifyElementNotVisible(findTestObject(orPath_FilingStatus + "/input_userType_Individual")): Object 'Object Repository/RAD_Pages/FilingStatus_Page/input_userType_Individual' is NOT visible

2023-09-09 20:21:36 - [MESSAGE][PASSED] - Object 'Object Repository/RAD_Pages/FilingStatus_Page/input_userType_Individual' is NOT visible

2023-09-09 20:21:36 - [TEST_STEP][PASSED] - verifyElementNotVisible(findTestObject(orPath_FilingStatus + "/input_userType_Joint")): Object 'Object Repository/RAD_Pages/FilingStatus_Page/input_userType_Joint' is NOT visible

2023-09-09 20:21:36 - [MESSAGE][PASSED] - Object 'Object Repository/RAD_Pages/FilingStatus_Page/input_userType_Joint' is NOT visible

2023-09-09 20:21:36 - [TEST_STEP][PASSED] - verifyElementNotVisible(findTestObject(orPath_TaxInfo + "/input_NoticeInvoiceNumber")): Object 'Object Repository/RAD_Pages/TaxInfo_Page/input_NoticeInvoiceNumber' is NOT visible

2023-09-09 20:21:36 - [MESSAGE][PASSED] - Object 'Object Repository/RAD_Pages/TaxInfo_Page/input_NoticeInvoiceNumber' is NOT visible

2023-09-09 20:21:36 - [TEST_STEP][PASSED] - verifyElementNotVisible(findTestObject(orPath_TaxInfo + "/input_reTypeNoticeInvoiceNumber")): Object 'Object Repository/RAD_Pages/TaxInfo_Page/input_reTypeNoticeInvoiceNumber' is NOT visible

2023-09-09 20:21:37 - [MESSAGE][PASSED] - Object 'Object Repository/RAD_Pages/TaxInfo_Page/input_reTypeNoticeInvoiceNumber' is NOT visible

2023-09-09 20:21:37 - [TEST_STEP][PASSED] - verifyElementNotVisible(findTestObject(orPath_TaxInfo + "/input_MDCRegistrationEL")): Object 'Object Repository/RAD_Pages/TaxInfo_Page/input_MDCRegistrationEL' is NOT visible

2023-09-09 20:21:37 - [MESSAGE][PASSED] - Object 'Object Repository/RAD_Pages/TaxInfo_Page/input_MDCRegistrationEL' is NOT visible

2023-09-09 20:21:37 - [TEST_STEP][PASSED] - verifyTextPresent("Payment Amount", true): Text 'Payment Amount' is present on page  using regular expression

2023-09-09 20:21:37 - [MESSAGE][PASSED] - Text 'Payment Amount' is present on page  using regular expression

2023-09-09 20:21:37 - [TEST_STEP][PASSED] - verifyElementPresent(findTestObject(orPath_Amount + "/input__paymentAmount"), 30): Object 'Object Repository/RAD_Pages/PaymentAmount_Page/input__paymentAmount' is present

2023-09-09 20:21:38 - [MESSAGE][PASSED] - Object 'Object Repository/RAD_Pages/PaymentAmount_Page/input__paymentAmount' is present

2023-09-09 20:21:38 - [TEST_STEP][PASSED] - verifyElementVisible(findTestObject(orPath_Amount + "/input__paymentAmount")): Object 'Object Repository/RAD_Pages/PaymentAmount_Page/input__paymentAmount' is visible

2023-09-09 20:21:38 - [MESSAGE][PASSED] - Object 'Object Repository/RAD_Pages/PaymentAmount_Page/input__paymentAmount' is visible

2023-09-09 20:21:38 - [TEST_STEP][PASSED] - verifyTextPresent("Service Fee: This electronic government service includes a service/convenience fee. Click here for details", true): Text 'Service Fee: This electronic government service includes a service/convenience fee. Click here for details' is present on page  using regular expression

2023-09-09 20:21:38 - [MESSAGE][PASSED] - Text 'Service Fee: This electronic government service includes a service/convenience fee. Click here for details' is present on page  using regular expression

2023-09-09 20:21:38 - [TEST_STEP][PASSED] - verifyElementPresent(findTestObject(orPath_Amount + "/a_Click here for details"), 30): Object 'Object Repository/RAD_Pages/PaymentAmount_Page/a_Click here for details' is present

2023-09-09 20:21:39 - [MESSAGE][PASSED] - Object 'Object Repository/RAD_Pages/PaymentAmount_Page/a_Click here for details' is present

2023-09-09 20:21:39 - [TEST_STEP][PASSED] - verifyElementPresent(findTestObject(orPath_Landing + "/button_Continue"), 30): Object 'Object Repository/RAD_Pages/Landing_Page/button_Continue' is present

2023-09-09 20:21:39 - [MESSAGE][PASSED] - Object 'Object Repository/RAD_Pages/Landing_Page/button_Continue' is present]]></system-out>
         <system-err><![CDATA[]]></system-err>
      </testcase>
      <testcase name="Test Cases/RAD_TestCases/UI_TestCases/Estimated/Estimated_PTETaxElectingSCorp_UI_TC" time="27.508" classname="Test Cases/RAD_TestCases/UI_TestCases/Estimated/Estimated_PTETaxElectingSCorp_UI_TC" status="PASSED">
         <system-out><![CDATA[2023-09-09 20:21:39 - [TEST_CASE][PASSED] - Test Cases/RAD_TestCases/UI_TestCases/Estimated/Estimated_PTETaxElectingSCorp_UI_TC: Test Cases/RAD_TestCases/UI_TestCases/Estimated/Estimated_PTETaxElectingSCorp_UI_TC

2023-09-09 20:21:40 - [TEST_STEP][PASSED] - openBrowser(""): Browser is opened with url: ''

2023-09-09 20:21:40 - [MESSAGE][WARNING] - A browser is already opened. Closing browser and opening a new one

2023-09-09 20:21:40 - [MESSAGE][INFO] - Starting 'Chrome' driver

2023-09-09 20:21:40 - [MESSAGE][INFO] - User set preference: ['acceptInsecureCerts', 'true']

2023-09-09 20:21:40 - [MESSAGE][INFO] - Action delay is set to 0 milliseconds

2023-09-09 20:21:42 - [MESSAGE][PASSED] - Browser is opened with url: ''

2023-09-09 20:21:42 - [TEST_STEP][PASSED] - maximizeWindow(): Current window maximized

2023-09-09 20:21:42 - [MESSAGE][PASSED] - Current window maximized

2023-09-09 20:21:42 - [TEST_STEP][PASSED] - navigateToUrl(RADurl): Navigate to 'https://qa2.velocitypayment.com/client/rad/index.html' successfully

2023-09-09 20:21:44 - [MESSAGE][PASSED] - Navigate to 'https://qa2.velocitypayment.com/client/rad/index.html' successfully

2023-09-09 20:21:44 - [TEST_STEP][PASSED] - orPath_Landing = "Object Repository/RAD_Pages/Landing_Page": null

2023-09-09 20:21:44 - [TEST_STEP][PASSED] - orPath_TaxTypeFilingYear = "Object Repository/RAD_Pages/TaxTypeFilingYear_Page": null

2023-09-09 20:21:44 - [TEST_STEP][PASSED] - orPath_TaxPayer = "Object Repository/RAD_Pages/Taxpayer_Page": null

2023-09-09 20:21:44 - [TEST_STEP][PASSED] - orPath_AddressContact = "Object Repository/RAD_Pages/AddressAndContactInfo_Page": null

2023-09-09 20:21:44 - [TEST_STEP][PASSED] - orPath_FilingStatus = "Object Repository/RAD_Pages/FilingStatus_Page": null

2023-09-09 20:21:44 - [TEST_STEP][PASSED] - orPath_Amount = "Object Repository/RAD_Pages/PaymentAmount_Page": null

2023-09-09 20:21:44 - [TEST_STEP][PASSED] - orPath_TaxInfo = "Object Repository/RAD_Pages/TaxInfo_Page": null

2023-09-09 20:21:44 - [TEST_STEP][PASSED] - verifyTextPresent("Payment Type/Filing Year", true): Text 'Payment Type/Filing Year' is present on page  using regular expression

2023-09-09 20:21:44 - [MESSAGE][PASSED] - Text 'Payment Type/Filing Year' is present on page  using regular expression

2023-09-09 20:21:44 - [TEST_STEP][PASSED] - selectOptionByLabel(findTestObject(orPath_Landing + "/dd_TaxType"), "Quarterly Estimated Tax", false): All options with label 'Quarterly Estimated Tax' are selected in object 'Object Repository/RAD_Pages/Landing_Page/dd_TaxType' 

2023-09-09 20:21:45 - [MESSAGE][PASSED] - All options with label 'Quarterly Estimated Tax' are selected in object 'Object Repository/RAD_Pages/Landing_Page/dd_TaxType' 

2023-09-09 20:21:45 - [TEST_STEP][PASSED] - selectOptionByLabel(findTestObject(orPath_TaxTypeFilingYear + "/select_PaymentType"), "PTE Tax Electing S Corp", false): All options with label 'PTE Tax Electing S Corp' are selected in object 'Object Repository/RAD_Pages/TaxTypeFilingYear_Page/select_PaymentType' 

2023-09-09 20:21:46 - [MESSAGE][PASSED] - All options with label 'PTE Tax Electing S Corp' are selected in object 'Object Repository/RAD_Pages/TaxTypeFilingYear_Page/select_PaymentType' 

2023-09-09 20:21:46 - [TEST_STEP][PASSED] - verifyElementPresent(findTestObject(orPath_TaxTypeFilingYear + "/select_FilingYear"), 30): Object 'Object Repository/RAD_Pages/TaxTypeFilingYear_Page/select_FilingYear' is present

2023-09-09 20:21:46 - [MESSAGE][PASSED] - Object 'Object Repository/RAD_Pages/TaxTypeFilingYear_Page/select_FilingYear' is present

2023-09-09 20:21:46 - [TEST_STEP][PASSED] - verifyElementVisible(findTestObject(orPath_TaxTypeFilingYear + "/select_FilingYear")): Object 'Object Repository/RAD_Pages/TaxTypeFilingYear_Page/select_FilingYear' is visible

2023-09-09 20:21:46 - [MESSAGE][PASSED] - Object 'Object Repository/RAD_Pages/TaxTypeFilingYear_Page/select_FilingYear' is visible

2023-09-09 20:21:46 - [TEST_STEP][PASSED] - totalOptionsFilingYear = getNumberOfTotalOption(findTestObject(orPath_TaxTypeFilingYear + "/select_FilingYear")): 1 options of object 'Object Repository/RAD_Pages/TaxTypeFilingYear_Page/select_FilingYear' counted

2023-09-09 20:21:47 - [MESSAGE][PASSED] - 1 options of object 'Object Repository/RAD_Pages/TaxTypeFilingYear_Page/select_FilingYear' counted

2023-09-09 20:21:47 - [TEST_STEP][PASSED] - verifyEqual(totalOptionsFilingYear, 1): Actual object '1' and expected object '1' are equal

2023-09-09 20:21:47 - [MESSAGE][PASSED] - Actual object '1' and expected object '1' are equal

2023-09-09 20:21:47 - [TEST_STEP][PASSED] - verifyOptionsPresent(findTestObject(orPath_TaxTypeFilingYear + "/select_FilingYear"), ["2023"]): Options [2023] present.

2023-09-09 20:21:48 - [MESSAGE][PASSED] - Options [2023] present.

2023-09-09 20:21:48 - [TEST_STEP][PASSED] - verifyElementPresent(findTestObject(orPath_TaxTypeFilingYear + "/select_PeriodEnding"), 30): Object 'Object Repository/RAD_Pages/TaxTypeFilingYear_Page/select_PeriodEnding' is present

2023-09-09 20:21:48 - [MESSAGE][PASSED] - Object 'Object Repository/RAD_Pages/TaxTypeFilingYear_Page/select_PeriodEnding' is present

2023-09-09 20:21:48 - [TEST_STEP][PASSED] - verifyElementVisible(findTestObject(orPath_TaxTypeFilingYear + "/select_PeriodEnding")): Object 'Object Repository/RAD_Pages/TaxTypeFilingYear_Page/select_PeriodEnding' is visible

2023-09-09 20:21:48 - [MESSAGE][PASSED] - Object 'Object Repository/RAD_Pages/TaxTypeFilingYear_Page/select_PeriodEnding' is visible

2023-09-09 20:21:48 - [TEST_STEP][PASSED] - totalOptionsPeriodEnding = getNumberOfTotalOption(findTestObject(orPath_TaxTypeFilingYear + "/select_PeriodEnding")): 13 options of object 'Object Repository/RAD_Pages/TaxTypeFilingYear_Page/select_PeriodEnding' counted

2023-09-09 20:21:49 - [MESSAGE][PASSED] - 13 options of object 'Object Repository/RAD_Pages/TaxTypeFilingYear_Page/select_PeriodEnding' counted

2023-09-09 20:21:49 - [TEST_STEP][PASSED] - verifyEqual(totalOptionsPeriodEnding, 13): Actual object '13' and expected object '13' are equal

2023-09-09 20:21:49 - [MESSAGE][PASSED] - Actual object '13' and expected object '13' are equal

2023-09-09 20:21:49 - [TEST_STEP][PASSED] - verifyOptionsPresent(findTestObject(orPath_TaxTypeFilingYear + "/select_PeriodEnding"), ["Month", "January", "February", "March", "April", "May", "June"]): Options [Month, January, February, March, April, May, June] present.

2023-09-09 20:21:50 - [MESSAGE][PASSED] - Options [Month, January, February, March, April, May, June] present.

2023-09-09 20:21:50 - [TEST_STEP][PASSED] - verifyOptionsPresent(findTestObject(orPath_TaxTypeFilingYear + "/select_PeriodEnding"), ["July", "August", "September", "October", "November", "December"]): Options [July, August, September, October, November, December] present.

2023-09-09 20:21:50 - [MESSAGE][PASSED] - Options [July, August, September, October, November, December] present.

2023-09-09 20:21:50 - [TEST_STEP][PASSED] - verifyTextPresent("Taxpayer", true): Text 'Taxpayer' is present on page  using regular expression

2023-09-09 20:21:51 - [MESSAGE][PASSED] - Text 'Taxpayer' is present on page  using regular expression

2023-09-09 20:21:51 - [TEST_STEP][PASSED] - verifyTextPresent("Provide the following taxpayer information", true): Text 'Provide the following taxpayer information' is present on page  using regular expression

2023-09-09 20:21:51 - [MESSAGE][PASSED] - Text 'Provide the following taxpayer information' is present on page  using regular expression

2023-09-09 20:21:51 - [TEST_STEP][PASSED] - verifyTextPresent("Note: If you are paying on behalf of the Taxpayer, enter Taxpayer", true): Text 'Note: If you are paying on behalf of the Taxpayer, enter Taxpayer' is present on page  using regular expression

2023-09-09 20:21:51 - [MESSAGE][PASSED] - Text 'Note: If you are paying on behalf of the Taxpayer, enter Taxpayer' is present on page  using regular expression

2023-09-09 20:21:51 - [TEST_STEP][PASSED] - verifyTextPresent("information here. If you are making a payment for the Taxpayer, you will be required later to enter your own credit card, billing address and other pertinent information", true): Text 'information here. If you are making a payment for the Taxpayer, you will be required later to enter your own credit card, billing address and other pertinent information' is present on page  using regular expression

2023-09-09 20:21:52 - [MESSAGE][PASSED] - Text 'information here. If you are making a payment for the Taxpayer, you will be required later to enter your own credit card, billing address and other pertinent information' is present on page  using regular expression

2023-09-09 20:21:52 - [TEST_STEP][PASSED] - verifyElementVisible(findTestObject(orPath_TaxPayer + "/input_Note_businessName")): Object 'Object Repository/RAD_Pages/Taxpayer_Page/input_Note_businessName' is visible

2023-09-09 20:21:52 - [MESSAGE][PASSED] - Object 'Object Repository/RAD_Pages/Taxpayer_Page/input_Note_businessName' is visible

2023-09-09 20:21:52 - [TEST_STEP][PASSED] - verifyElementNotVisible(findTestObject(orPath_TaxPayer + "/input_firstName")): Object 'Object Repository/RAD_Pages/Taxpayer_Page/input_firstName' is NOT visible

2023-09-09 20:21:53 - [MESSAGE][PASSED] - Object 'Object Repository/RAD_Pages/Taxpayer_Page/input_firstName' is NOT visible

2023-09-09 20:21:53 - [TEST_STEP][PASSED] - verifyElementNotVisible(findTestObject(orPath_TaxPayer + "/input_middleName")): Object 'Object Repository/RAD_Pages/Taxpayer_Page/input_middleName' is NOT visible

2023-09-09 20:21:53 - [MESSAGE][PASSED] - Object 'Object Repository/RAD_Pages/Taxpayer_Page/input_middleName' is NOT visible

2023-09-09 20:21:53 - [TEST_STEP][PASSED] - verifyElementNotVisible(findTestObject(orPath_TaxPayer + "/input_lastName")): Object 'Object Repository/RAD_Pages/Taxpayer_Page/input_lastName' is NOT visible

2023-09-09 20:21:53 - [MESSAGE][PASSED] - Object 'Object Repository/RAD_Pages/Taxpayer_Page/input_lastName' is NOT visible

2023-09-09 20:21:53 - [TEST_STEP][PASSED] - verifyElementNotVisible(findTestObject(orPath_TaxPayer + "/input_suffix")): Object 'Object Repository/RAD_Pages/Taxpayer_Page/input_suffix' is NOT visible

2023-09-09 20:21:54 - [MESSAGE][PASSED] - Object 'Object Repository/RAD_Pages/Taxpayer_Page/input_suffix' is NOT visible

2023-09-09 20:21:54 - [TEST_STEP][PASSED] - verifyElementNotVisible(findTestObject("RAD_RecordAndPlay/input_concatSSN")): Object 'Object Repository/RAD_RecordAndPlay/input_concatSSN' is NOT visible

2023-09-09 20:21:54 - [MESSAGE][PASSED] - Object 'Object Repository/RAD_RecordAndPlay/input_concatSSN' is NOT visible

2023-09-09 20:21:54 - [TEST_STEP][PASSED] - verifyElementNotVisible(findTestObject("RAD_RecordAndPlay/input_concatReSSN")): Object 'Object Repository/RAD_RecordAndPlay/input_concatReSSN' is NOT visible

2023-09-09 20:21:55 - [MESSAGE][PASSED] - Object 'Object Repository/RAD_RecordAndPlay/input_concatReSSN' is NOT visible

2023-09-09 20:21:55 - [TEST_STEP][PASSED] - verifyTextPresent("Address and Contact Information", true): Text 'Address and Contact Information' is present on page  using regular expression

2023-09-09 20:21:55 - [MESSAGE][PASSED] - Text 'Address and Contact Information' is present on page  using regular expression

2023-09-09 20:21:55 - [TEST_STEP][PASSED] - verifyTextPresent("Enter the taxpayer", true): Text 'Enter the taxpayer' is present on page  using regular expression

2023-09-09 20:21:56 - [MESSAGE][PASSED] - Text 'Enter the taxpayer' is present on page  using regular expression

2023-09-09 20:21:56 - [TEST_STEP][PASSED] - verifyTextPresent("address and contact information", true): Text 'address and contact information' is present on page  using regular expression

2023-09-09 20:21:56 - [MESSAGE][PASSED] - Text 'address and contact information' is present on page  using regular expression

2023-09-09 20:21:56 - [TEST_STEP][PASSED] - verifyElementPresent(findTestObject(orPath_AddressContact + "/select_Country"), 30): Object 'Object Repository/RAD_Pages/AddressAndContactInfo_Page/select_Country' is present

2023-09-09 20:21:56 - [MESSAGE][PASSED] - Object 'Object Repository/RAD_Pages/AddressAndContactInfo_Page/select_Country' is present

2023-09-09 20:21:56 - [TEST_STEP][PASSED] - verifyElementPresent(findTestObject(orPath_AddressContact + "/input_streetAddress1"), 30): Object 'Object Repository/RAD_Pages/AddressAndContactInfo_Page/input_streetAddress1' is present

2023-09-09 20:21:57 - [MESSAGE][PASSED] - Object 'Object Repository/RAD_Pages/AddressAndContactInfo_Page/input_streetAddress1' is present

2023-09-09 20:21:57 - [TEST_STEP][PASSED] - verifyElementPresent(findTestObject(orPath_AddressContact + "/input_streetAddress2"), 30): Object 'Object Repository/RAD_Pages/AddressAndContactInfo_Page/input_streetAddress2' is present

2023-09-09 20:21:57 - [MESSAGE][PASSED] - Object 'Object Repository/RAD_Pages/AddressAndContactInfo_Page/input_streetAddress2' is present

2023-09-09 20:21:57 - [TEST_STEP][PASSED] - verifyElementPresent(findTestObject(orPath_AddressContact + "/input_city"), 30): Object 'Object Repository/RAD_Pages/AddressAndContactInfo_Page/input_city' is present

2023-09-09 20:21:57 - [MESSAGE][PASSED] - Object 'Object Repository/RAD_Pages/AddressAndContactInfo_Page/input_city' is present

2023-09-09 20:21:57 - [TEST_STEP][PASSED] - verifyElementPresent(findTestObject(orPath_AddressContact + "/select_State"), 30): Object 'Object Repository/RAD_Pages/AddressAndContactInfo_Page/select_State' is present

2023-09-09 20:21:58 - [MESSAGE][PASSED] - Object 'Object Repository/RAD_Pages/AddressAndContactInfo_Page/select_State' is present

2023-09-09 20:21:58 - [TEST_STEP][PASSED] - verifyElementPresent(findTestObject(orPath_AddressContact + "/input_zipCode"), 30): Object 'Object Repository/RAD_Pages/AddressAndContactInfo_Page/input_zipCode' is present

2023-09-09 20:21:58 - [MESSAGE][PASSED] - Object 'Object Repository/RAD_Pages/AddressAndContactInfo_Page/input_zipCode' is present

2023-09-09 20:21:58 - [TEST_STEP][PASSED] - verifyElementPresent(findTestObject(orPath_AddressContact + "/input_phoneNumber"), 30): Object 'Object Repository/RAD_Pages/AddressAndContactInfo_Page/input_phoneNumber' is present

2023-09-09 20:21:58 - [MESSAGE][PASSED] - Object 'Object Repository/RAD_Pages/AddressAndContactInfo_Page/input_phoneNumber' is present

2023-09-09 20:21:58 - [TEST_STEP][PASSED] - verifyElementPresent(findTestObject(orPath_AddressContact + "/input_eMailAddress"), 30): Object 'Object Repository/RAD_Pages/AddressAndContactInfo_Page/input_eMailAddress' is present

2023-09-09 20:21:59 - [MESSAGE][PASSED] - Object 'Object Repository/RAD_Pages/AddressAndContactInfo_Page/input_eMailAddress' is present

2023-09-09 20:21:59 - [TEST_STEP][PASSED] - verifyElementPresent(findTestObject(orPath_AddressContact + "/input_reEnterEMailAddress"), 30): Object 'Object Repository/RAD_Pages/AddressAndContactInfo_Page/input_reEnterEMailAddress' is present

2023-09-09 20:21:59 - [MESSAGE][PASSED] - Object 'Object Repository/RAD_Pages/AddressAndContactInfo_Page/input_reEnterEMailAddress' is present

2023-09-09 20:21:59 - [TEST_STEP][PASSED] - verifyOptionsPresent(findTestObject(orPath_AddressContact + "/select_Country"), ["United States"]): Options [United States] present.

2023-09-09 20:22:00 - [MESSAGE][PASSED] - Options [United States] present.

2023-09-09 20:22:00 - [TEST_STEP][PASSED] - verifyOptionsPresent(findTestObject(orPath_AddressContact + "/select_State"), ["Alabama", "District of Columbia", "Maryland", "Virginia", "Wyoming"]): Options [Alabama, District of Columbia, Maryland, Virginia, Wyoming] present.

2023-09-09 20:22:01 - [MESSAGE][PASSED] - Options [Alabama, District of Columbia, Maryland, Virginia, Wyoming] present.

2023-09-09 20:22:01 - [TEST_STEP][PASSED] - totalOptionsState = getNumberOfTotalOption(findTestObject(orPath_AddressContact + "/select_State")): 52 options of object 'Object Repository/RAD_Pages/AddressAndContactInfo_Page/select_State' counted

2023-09-09 20:22:01 - [MESSAGE][PASSED] - 52 options of object 'Object Repository/RAD_Pages/AddressAndContactInfo_Page/select_State' counted

2023-09-09 20:22:01 - [TEST_STEP][PASSED] - verifyEqual(totalOptionsState, 52): Actual object '52' and expected object '52' are equal

2023-09-09 20:22:01 - [MESSAGE][PASSED] - Actual object '52' and expected object '52' are equal

2023-09-09 20:22:01 - [TEST_STEP][PASSED] - verifyTextPresent("Tax Information", true): Text 'Tax Information' is present on page  using regular expression

2023-09-09 20:22:02 - [MESSAGE][PASSED] - Text 'Tax Information' is present on page  using regular expression

2023-09-09 20:22:02 - [TEST_STEP][PASSED] - verifyElementVisible(findTestObject(orPath_TaxInfo + "/input_FederalEIN-2")): Object 'Object Repository/RAD_Pages/TaxInfo_Page/input_FederalEIN-2' is visible

2023-09-09 20:22:02 - [MESSAGE][PASSED] - Object 'Object Repository/RAD_Pages/TaxInfo_Page/input_FederalEIN-2' is visible

2023-09-09 20:22:02 - [TEST_STEP][PASSED] - verifyElementVisible(findTestObject(orPath_TaxInfo + "/input_FederalEIN_ReEnter-2")): Object 'Object Repository/RAD_Pages/TaxInfo_Page/input_FederalEIN_ReEnter-2' is visible

2023-09-09 20:22:03 - [MESSAGE][PASSED] - Object 'Object Repository/RAD_Pages/TaxInfo_Page/input_FederalEIN_ReEnter-2' is visible

2023-09-09 20:22:03 - [TEST_STEP][PASSED] - verifyElementNotVisible(findTestObject(orPath_FilingStatus + "/input_userType_Individual")): Object 'Object Repository/RAD_Pages/FilingStatus_Page/input_userType_Individual' is NOT visible

2023-09-09 20:22:03 - [MESSAGE][PASSED] - Object 'Object Repository/RAD_Pages/FilingStatus_Page/input_userType_Individual' is NOT visible

2023-09-09 20:22:03 - [TEST_STEP][PASSED] - verifyElementNotVisible(findTestObject(orPath_FilingStatus + "/input_userType_Joint")): Object 'Object Repository/RAD_Pages/FilingStatus_Page/input_userType_Joint' is NOT visible

2023-09-09 20:22:03 - [MESSAGE][PASSED] - Object 'Object Repository/RAD_Pages/FilingStatus_Page/input_userType_Joint' is NOT visible

2023-09-09 20:22:03 - [TEST_STEP][PASSED] - verifyElementNotVisible(findTestObject(orPath_TaxInfo + "/input_NoticeInvoiceNumber")): Object 'Object Repository/RAD_Pages/TaxInfo_Page/input_NoticeInvoiceNumber' is NOT visible

2023-09-09 20:22:04 - [MESSAGE][PASSED] - Object 'Object Repository/RAD_Pages/TaxInfo_Page/input_NoticeInvoiceNumber' is NOT visible

2023-09-09 20:22:04 - [TEST_STEP][PASSED] - verifyElementNotVisible(findTestObject(orPath_TaxInfo + "/input_reTypeNoticeInvoiceNumber")): Object 'Object Repository/RAD_Pages/TaxInfo_Page/input_reTypeNoticeInvoiceNumber' is NOT visible

2023-09-09 20:22:04 - [MESSAGE][PASSED] - Object 'Object Repository/RAD_Pages/TaxInfo_Page/input_reTypeNoticeInvoiceNumber' is NOT visible

2023-09-09 20:22:04 - [TEST_STEP][PASSED] - verifyElementNotVisible(findTestObject(orPath_TaxInfo + "/input_MDCRegistrationEL")): Object 'Object Repository/RAD_Pages/TaxInfo_Page/input_MDCRegistrationEL' is NOT visible

2023-09-09 20:22:04 - [MESSAGE][PASSED] - Object 'Object Repository/RAD_Pages/TaxInfo_Page/input_MDCRegistrationEL' is NOT visible

2023-09-09 20:22:04 - [TEST_STEP][PASSED] - verifyTextPresent("Payment Amount", true): Text 'Payment Amount' is present on page  using regular expression

2023-09-09 20:22:05 - [MESSAGE][PASSED] - Text 'Payment Amount' is present on page  using regular expression

2023-09-09 20:22:05 - [TEST_STEP][PASSED] - verifyElementPresent(findTestObject(orPath_Amount + "/input__paymentAmount"), 30): Object 'Object Repository/RAD_Pages/PaymentAmount_Page/input__paymentAmount' is present

2023-09-09 20:22:05 - [MESSAGE][PASSED] - Object 'Object Repository/RAD_Pages/PaymentAmount_Page/input__paymentAmount' is present

2023-09-09 20:22:05 - [TEST_STEP][PASSED] - verifyElementVisible(findTestObject(orPath_Amount + "/input__paymentAmount")): Object 'Object Repository/RAD_Pages/PaymentAmount_Page/input__paymentAmount' is visible

2023-09-09 20:22:06 - [MESSAGE][PASSED] - Object 'Object Repository/RAD_Pages/PaymentAmount_Page/input__paymentAmount' is visible

2023-09-09 20:22:06 - [TEST_STEP][PASSED] - verifyTextPresent("Service Fee: This electronic government service includes a service/convenience fee. Click here for details", true): Text 'Service Fee: This electronic government service includes a service/convenience fee. Click here for details' is present on page  using regular expression

2023-09-09 20:22:06 - [MESSAGE][PASSED] - Text 'Service Fee: This electronic government service includes a service/convenience fee. Click here for details' is present on page  using regular expression

2023-09-09 20:22:06 - [TEST_STEP][PASSED] - verifyElementPresent(findTestObject(orPath_Amount + "/a_Click here for details"), 30): Object 'Object Repository/RAD_Pages/PaymentAmount_Page/a_Click here for details' is present

2023-09-09 20:22:06 - [MESSAGE][PASSED] - Object 'Object Repository/RAD_Pages/PaymentAmount_Page/a_Click here for details' is present

2023-09-09 20:22:06 - [TEST_STEP][PASSED] - verifyElementPresent(findTestObject(orPath_Landing + "/button_Continue"), 30): Object 'Object Repository/RAD_Pages/Landing_Page/button_Continue' is present

2023-09-09 20:22:07 - [MESSAGE][PASSED] - Object 'Object Repository/RAD_Pages/Landing_Page/button_Continue' is present]]></system-out>
         <system-err><![CDATA[]]></system-err>
      </testcase>
      <testcase name="Test Cases/RAD_TestCases/UI_TestCases/Existing/ExistingLiability_UI_TC" time="21.947" classname="Test Cases/RAD_TestCases/UI_TestCases/Existing/ExistingLiability_UI_TC" status="PASSED">
         <system-out><![CDATA[2023-09-09 20:22:07 - [TEST_CASE][PASSED] - Test Cases/RAD_TestCases/UI_TestCases/Existing/ExistingLiability_UI_TC: Test Cases/RAD_TestCases/UI_TestCases/Existing/ExistingLiability_UI_TC

2023-09-09 20:22:07 - [TEST_STEP][PASSED] - openBrowser(""): Browser is opened with url: ''

2023-09-09 20:22:07 - [MESSAGE][WARNING] - A browser is already opened. Closing browser and opening a new one

2023-09-09 20:22:08 - [MESSAGE][INFO] - Starting 'Chrome' driver

2023-09-09 20:22:08 - [MESSAGE][INFO] - User set preference: ['acceptInsecureCerts', 'true']

2023-09-09 20:22:08 - [MESSAGE][INFO] - Action delay is set to 0 milliseconds

2023-09-09 20:22:09 - [MESSAGE][PASSED] - Browser is opened with url: ''

2023-09-09 20:22:09 - [TEST_STEP][PASSED] - maximizeWindow(): Current window maximized

2023-09-09 20:22:10 - [MESSAGE][PASSED] - Current window maximized

2023-09-09 20:22:10 - [TEST_STEP][PASSED] - navigateToUrl(RADurl): Navigate to 'https://qa2.velocitypayment.com/client/rad/index.html' successfully

2023-09-09 20:22:11 - [MESSAGE][PASSED] - Navigate to 'https://qa2.velocitypayment.com/client/rad/index.html' successfully

2023-09-09 20:22:11 - [TEST_STEP][PASSED] - orPath_Landing = "Object Repository/RAD_Pages/Landing_Page": null

2023-09-09 20:22:11 - [TEST_STEP][PASSED] - orPath_TaxTypeFilingYear = "Object Repository/RAD_Pages/TaxTypeFilingYear_Page": null

2023-09-09 20:22:11 - [TEST_STEP][PASSED] - orPath_TaxPayer = "Object Repository/RAD_Pages/Taxpayer_Page": null

2023-09-09 20:22:11 - [TEST_STEP][PASSED] - orPath_AddressContact = "Object Repository/RAD_Pages/AddressAndContactInfo_Page": null

2023-09-09 20:22:11 - [TEST_STEP][PASSED] - orPath_TaxInfo = "Object Repository/RAD_Pages/TaxInfo_Page": null

2023-09-09 20:22:11 - [TEST_STEP][PASSED] - orPath_Withholding = "Object Repository/RAD_Pages/Withholding_Page": null

2023-09-09 20:22:11 - [TEST_STEP][PASSED] - orPath_FilingStatus = "Object Repository/RAD_Pages/FilingStatus_Page": null

2023-09-09 20:22:11 - [TEST_STEP][PASSED] - orPath_Amount = "Object Repository/RAD_Pages/PaymentAmount_Page": null

2023-09-09 20:22:11 - [TEST_STEP][PASSED] - orPath_SalesTaxReturnInfo = "Object Repository/RAD_Pages/SalesTaxReturnInfo_Page": null

2023-09-09 20:22:11 - [TEST_STEP][PASSED] - selectOptionByLabel(findTestObject(orPath_Landing + "/dd_TaxType"), "Existing Liability w/Notice Number", false): All options with label 'Existing Liability w/Notice Number' are selected in object 'Object Repository/RAD_Pages/Landing_Page/dd_TaxType' 

2023-09-09 20:22:12 - [MESSAGE][PASSED] - All options with label 'Existing Liability w/Notice Number' are selected in object 'Object Repository/RAD_Pages/Landing_Page/dd_TaxType' 

2023-09-09 20:22:12 - [TEST_STEP][PASSED] - verifyElementPresent(findTestObject(orPath_TaxTypeFilingYear + "/select_TaxType_ExistingLiability"), 30): Object 'Object Repository/RAD_Pages/TaxTypeFilingYear_Page/select_TaxType_ExistingLiability' is present

2023-09-09 20:22:12 - [MESSAGE][PASSED] - Object 'Object Repository/RAD_Pages/TaxTypeFilingYear_Page/select_TaxType_ExistingLiability' is present

2023-09-09 20:22:12 - [TEST_STEP][PASSED] - totalOptionsExistingLiability = getNumberOfTotalOption(findTestObject(orPath_TaxTypeFilingYear + "/select_TaxType_ExistingLiability")): 13 options of object 'Object Repository/RAD_Pages/TaxTypeFilingYear_Page/select_TaxType_ExistingLiability' counted

2023-09-09 20:22:13 - [MESSAGE][PASSED] - 13 options of object 'Object Repository/RAD_Pages/TaxTypeFilingYear_Page/select_TaxType_ExistingLiability' counted

2023-09-09 20:22:13 - [TEST_STEP][PASSED] - verifyEqual(totalOptionsExistingLiability, 13): Actual object '13' and expected object '13' are equal

2023-09-09 20:22:13 - [MESSAGE][PASSED] - Actual object '13' and expected object '13' are equal

2023-09-09 20:22:13 - [TEST_STEP][PASSED] - verifyOptionsPresent(findTestObject(orPath_TaxTypeFilingYear + "/select_TaxType_ExistingLiability"), ["Bay Restoration Fee", "Corporate Income Tax", "Fiduciary Tax"]): Options [Bay Restoration Fee, Corporate Income Tax, Fiduciary Tax] present.

2023-09-09 20:22:14 - [MESSAGE][PASSED] - Options [Bay Restoration Fee, Corporate Income Tax, Fiduciary Tax] present.

2023-09-09 20:22:14 - [TEST_STEP][PASSED] - verifyOptionsPresent(findTestObject(orPath_TaxTypeFilingYear + "/select_TaxType_ExistingLiability"), ["Personal Income Tax", "PTE Non-Electing Non-S Corp", "PTE Non-Electing S Corp"]): Options [Personal Income Tax, PTE Non-Electing Non-S Corp, PTE Non-Electing S Corp] present.

2023-09-09 20:22:14 - [MESSAGE][PASSED] - Options [Personal Income Tax, PTE Non-Electing Non-S Corp, PTE Non-Electing S Corp] present.

2023-09-09 20:22:14 - [TEST_STEP][PASSED] - verifyOptionsPresent(findTestObject(orPath_TaxTypeFilingYear + "/select_TaxType_ExistingLiability"), ["PTE Tax Electing Non-S Corp", "PTE Tax Electing S Corp", "Sales & Use Tax"]): Options [PTE Tax Electing Non-S Corp, PTE Tax Electing S Corp, Sales & Use Tax] present.

2023-09-09 20:22:15 - [MESSAGE][PASSED] - Options [PTE Tax Electing Non-S Corp, PTE Tax Electing S Corp, Sales & Use Tax] present.

2023-09-09 20:22:15 - [TEST_STEP][PASSED] - verifyOptionsPresent(findTestObject(orPath_TaxTypeFilingYear + "/select_TaxType_ExistingLiability"), ["Withholding Tax", "Alcohol Tax", "Tire Recycling Fee"]): Options [Withholding Tax, Alcohol Tax, Tire Recycling Fee] present.

2023-09-09 20:22:16 - [MESSAGE][PASSED] - Options [Withholding Tax, Alcohol Tax, Tire Recycling Fee] present.

2023-09-09 20:22:16 - [TEST_STEP][PASSED] - verifyTextPresent("Payment Type/Filing Year", true): Text 'Payment Type/Filing Year' is present on page  using regular expression

2023-09-09 20:22:16 - [MESSAGE][PASSED] - Text 'Payment Type/Filing Year' is present on page  using regular expression

2023-09-09 20:22:16 - [TEST_STEP][PASSED] - verifyTextPresent("Taxpayer", true): Text 'Taxpayer' is present on page  using regular expression

2023-09-09 20:22:17 - [MESSAGE][PASSED] - Text 'Taxpayer' is present on page  using regular expression

2023-09-09 20:22:17 - [TEST_STEP][PASSED] - verifyTextPresent("Provide the following taxpayer information", true): Text 'Provide the following taxpayer information' is present on page  using regular expression

2023-09-09 20:22:17 - [MESSAGE][PASSED] - Text 'Provide the following taxpayer information' is present on page  using regular expression

2023-09-09 20:22:17 - [TEST_STEP][PASSED] - verifyTextPresent("Note: If you are paying on behalf of the Taxpayer, enter Taxpayer", true): Text 'Note: If you are paying on behalf of the Taxpayer, enter Taxpayer' is present on page  using regular expression

2023-09-09 20:22:18 - [MESSAGE][PASSED] - Text 'Note: If you are paying on behalf of the Taxpayer, enter Taxpayer' is present on page  using regular expression

2023-09-09 20:22:18 - [TEST_STEP][PASSED] - verifyTextPresent("information here. If you are making a payment for the Taxpayer, you will be required later to enter your own credit card, billing address and other pertinent information", true): Text 'information here. If you are making a payment for the Taxpayer, you will be required later to enter your own credit card, billing address and other pertinent information' is present on page  using regular expression

2023-09-09 20:22:18 - [MESSAGE][PASSED] - Text 'information here. If you are making a payment for the Taxpayer, you will be required later to enter your own credit card, billing address and other pertinent information' is present on page  using regular expression

2023-09-09 20:22:18 - [TEST_STEP][PASSED] - verifyTextPresent("Address and Contact Information", true): Text 'Address and Contact Information' is present on page  using regular expression

2023-09-09 20:22:18 - [MESSAGE][PASSED] - Text 'Address and Contact Information' is present on page  using regular expression

2023-09-09 20:22:18 - [TEST_STEP][PASSED] - verifyTextPresent("Enter the taxpayer", true): Text 'Enter the taxpayer' is present on page  using regular expression

2023-09-09 20:22:19 - [MESSAGE][PASSED] - Text 'Enter the taxpayer' is present on page  using regular expression

2023-09-09 20:22:19 - [TEST_STEP][PASSED] - verifyTextPresent("address and contact information", true): Text 'address and contact information' is present on page  using regular expression

2023-09-09 20:22:19 - [MESSAGE][PASSED] - Text 'address and contact information' is present on page  using regular expression

2023-09-09 20:22:19 - [TEST_STEP][PASSED] - verifyTextPresent("Tax Information", true): Text 'Tax Information' is present on page  using regular expression

2023-09-09 20:22:20 - [MESSAGE][PASSED] - Text 'Tax Information' is present on page  using regular expression

2023-09-09 20:22:20 - [TEST_STEP][PASSED] - verifyTextPresent("Payment Amount", true): Text 'Payment Amount' is present on page  using regular expression

2023-09-09 20:22:20 - [MESSAGE][PASSED] - Text 'Payment Amount' is present on page  using regular expression

2023-09-09 20:22:20 - [TEST_STEP][PASSED] - verifyTextPresent("Service Fee: This electronic government service includes a service/convenience fee. Click here for details", true): Text 'Service Fee: This electronic government service includes a service/convenience fee. Click here for details' is present on page  using regular expression

2023-09-09 20:22:20 - [MESSAGE][PASSED] - Text 'Service Fee: This electronic government service includes a service/convenience fee. Click here for details' is present on page  using regular expression

2023-09-09 20:22:20 - [TEST_STEP][PASSED] - verifyElementPresent(findTestObject(orPath_Amount + "/a_Click here for details"), 30): Object 'Object Repository/RAD_Pages/PaymentAmount_Page/a_Click here for details' is present

2023-09-09 20:22:21 - [MESSAGE][PASSED] - Object 'Object Repository/RAD_Pages/PaymentAmount_Page/a_Click here for details' is present

2023-09-09 20:22:21 - [TEST_STEP][PASSED] - verifyElementPresent(findTestObject(orPath_Landing + "/button_Continue"), 30): Object 'Object Repository/RAD_Pages/Landing_Page/button_Continue' is present

2023-09-09 20:22:21 - [MESSAGE][PASSED] - Object 'Object Repository/RAD_Pages/Landing_Page/button_Continue' is present

2023-09-09 20:22:21 - [TEST_STEP][PASSED] - verifyElementPresent(findTestObject(orPath_TaxPayer + "/input_firstName"), 30): Object 'Object Repository/RAD_Pages/Taxpayer_Page/input_firstName' is present

2023-09-09 20:22:21 - [MESSAGE][PASSED] - Object 'Object Repository/RAD_Pages/Taxpayer_Page/input_firstName' is present

2023-09-09 20:22:21 - [TEST_STEP][PASSED] - verifyElementPresent(findTestObject(orPath_TaxPayer + "/input_middleName"), 30): Object 'Object Repository/RAD_Pages/Taxpayer_Page/input_middleName' is present

2023-09-09 20:22:22 - [MESSAGE][PASSED] - Object 'Object Repository/RAD_Pages/Taxpayer_Page/input_middleName' is present

2023-09-09 20:22:22 - [TEST_STEP][PASSED] - verifyElementPresent(findTestObject(orPath_TaxPayer + "/input_lastName"), 30): Object 'Object Repository/RAD_Pages/Taxpayer_Page/input_lastName' is present

2023-09-09 20:22:22 - [MESSAGE][PASSED] - Object 'Object Repository/RAD_Pages/Taxpayer_Page/input_lastName' is present

2023-09-09 20:22:22 - [TEST_STEP][PASSED] - verifyElementPresent(findTestObject(orPath_TaxPayer + "/input_suffix"), 30): Object 'Object Repository/RAD_Pages/Taxpayer_Page/input_suffix' is present

2023-09-09 20:22:22 - [MESSAGE][PASSED] - Object 'Object Repository/RAD_Pages/Taxpayer_Page/input_suffix' is present

2023-09-09 20:22:22 - [TEST_STEP][PASSED] - verifyElementPresent(findTestObject(orPath_AddressContact + "/select_Country"), 30): Object 'Object Repository/RAD_Pages/AddressAndContactInfo_Page/select_Country' is present

2023-09-09 20:22:23 - [MESSAGE][PASSED] - Object 'Object Repository/RAD_Pages/AddressAndContactInfo_Page/select_Country' is present

2023-09-09 20:22:23 - [TEST_STEP][PASSED] - verifyElementPresent(findTestObject(orPath_AddressContact + "/input_streetAddress1"), 30): Object 'Object Repository/RAD_Pages/AddressAndContactInfo_Page/input_streetAddress1' is present

2023-09-09 20:22:23 - [MESSAGE][PASSED] - Object 'Object Repository/RAD_Pages/AddressAndContactInfo_Page/input_streetAddress1' is present

2023-09-09 20:22:23 - [TEST_STEP][PASSED] - verifyElementPresent(findTestObject(orPath_AddressContact + "/input_streetAddress2"), 30): Object 'Object Repository/RAD_Pages/AddressAndContactInfo_Page/input_streetAddress2' is present

2023-09-09 20:22:23 - [MESSAGE][PASSED] - Object 'Object Repository/RAD_Pages/AddressAndContactInfo_Page/input_streetAddress2' is present

2023-09-09 20:22:23 - [TEST_STEP][PASSED] - verifyElementPresent(findTestObject(orPath_AddressContact + "/input_city"), 30): Object 'Object Repository/RAD_Pages/AddressAndContactInfo_Page/input_city' is present

2023-09-09 20:22:24 - [MESSAGE][PASSED] - Object 'Object Repository/RAD_Pages/AddressAndContactInfo_Page/input_city' is present

2023-09-09 20:22:24 - [TEST_STEP][PASSED] - verifyElementPresent(findTestObject(orPath_AddressContact + "/select_State"), 30): Object 'Object Repository/RAD_Pages/AddressAndContactInfo_Page/select_State' is present

2023-09-09 20:22:24 - [MESSAGE][PASSED] - Object 'Object Repository/RAD_Pages/AddressAndContactInfo_Page/select_State' is present

2023-09-09 20:22:24 - [TEST_STEP][PASSED] - verifyElementPresent(findTestObject(orPath_AddressContact + "/input_zipCode"), 30): Object 'Object Repository/RAD_Pages/AddressAndContactInfo_Page/input_zipCode' is present

2023-09-09 20:22:24 - [MESSAGE][PASSED] - Object 'Object Repository/RAD_Pages/AddressAndContactInfo_Page/input_zipCode' is present

2023-09-09 20:22:24 - [TEST_STEP][PASSED] - verifyElementPresent(findTestObject(orPath_AddressContact + "/input_phoneNumber"), 30): Object 'Object Repository/RAD_Pages/AddressAndContactInfo_Page/input_phoneNumber' is present

2023-09-09 20:22:25 - [MESSAGE][PASSED] - Object 'Object Repository/RAD_Pages/AddressAndContactInfo_Page/input_phoneNumber' is present

2023-09-09 20:22:25 - [TEST_STEP][PASSED] - verifyElementPresent(findTestObject(orPath_AddressContact + "/input_eMailAddress"), 30): Object 'Object Repository/RAD_Pages/AddressAndContactInfo_Page/input_eMailAddress' is present

2023-09-09 20:22:25 - [MESSAGE][PASSED] - Object 'Object Repository/RAD_Pages/AddressAndContactInfo_Page/input_eMailAddress' is present

2023-09-09 20:22:25 - [TEST_STEP][PASSED] - verifyElementPresent(findTestObject(orPath_AddressContact + "/input_reEnterEMailAddress"), 30): Object 'Object Repository/RAD_Pages/AddressAndContactInfo_Page/input_reEnterEMailAddress' is present

2023-09-09 20:22:25 - [MESSAGE][PASSED] - Object 'Object Repository/RAD_Pages/AddressAndContactInfo_Page/input_reEnterEMailAddress' is present

2023-09-09 20:22:25 - [TEST_STEP][PASSED] - verifyOptionsPresent(findTestObject(orPath_AddressContact + "/select_Country"), ["United States"]): Options [United States] present.

2023-09-09 20:22:26 - [MESSAGE][PASSED] - Options [United States] present.

2023-09-09 20:22:26 - [TEST_STEP][PASSED] - verifyOptionsPresent(findTestObject(orPath_AddressContact + "/select_State"), ["Alabama", "District of Columbia", "Maryland", "Virginia", "Wyoming"]): Options [Alabama, District of Columbia, Maryland, Virginia, Wyoming] present.

2023-09-09 20:22:27 - [MESSAGE][PASSED] - Options [Alabama, District of Columbia, Maryland, Virginia, Wyoming] present.

2023-09-09 20:22:27 - [TEST_STEP][PASSED] - totalOptionsState = getNumberOfTotalOption(findTestObject(orPath_AddressContact + "/select_State")): 52 options of object 'Object Repository/RAD_Pages/AddressAndContactInfo_Page/select_State' counted

2023-09-09 20:22:28 - [MESSAGE][PASSED] - 52 options of object 'Object Repository/RAD_Pages/AddressAndContactInfo_Page/select_State' counted

2023-09-09 20:22:28 - [TEST_STEP][PASSED] - verifyEqual(totalOptionsState, 52): Actual object '52' and expected object '52' are equal

2023-09-09 20:22:28 - [MESSAGE][PASSED] - Actual object '52' and expected object '52' are equal

2023-09-09 20:22:28 - [TEST_STEP][PASSED] - verifyElementPresent(findTestObject(orPath_TaxInfo + "/input_NoticeInvoiceNumber"), 30): Object 'Object Repository/RAD_Pages/TaxInfo_Page/input_NoticeInvoiceNumber' is present

2023-09-09 20:22:28 - [MESSAGE][PASSED] - Object 'Object Repository/RAD_Pages/TaxInfo_Page/input_NoticeInvoiceNumber' is present

2023-09-09 20:22:28 - [TEST_STEP][PASSED] - verifyElementPresent(findTestObject(orPath_TaxInfo + "/input_reTypeNoticeInvoiceNumber"), 30): Object 'Object Repository/RAD_Pages/TaxInfo_Page/input_reTypeNoticeInvoiceNumber' is present

2023-09-09 20:22:28 - [MESSAGE][PASSED] - Object 'Object Repository/RAD_Pages/TaxInfo_Page/input_reTypeNoticeInvoiceNumber' is present

2023-09-09 20:22:28 - [TEST_STEP][PASSED] - verifyElementPresent(findTestObject(orPath_Amount + "/input__paymentAmount"), 30): Object 'Object Repository/RAD_Pages/PaymentAmount_Page/input__paymentAmount' is present

2023-09-09 20:22:29 - [MESSAGE][PASSED] - Object 'Object Repository/RAD_Pages/PaymentAmount_Page/input__paymentAmount' is present]]></system-out>
         <system-err><![CDATA[]]></system-err>
      </testcase>
      <testcase name="Test Cases/RAD_TestCases/UI_TestCases/Existing/Existing_AlcoholTax_UI_TC" time="23.179" classname="Test Cases/RAD_TestCases/UI_TestCases/Existing/Existing_AlcoholTax_UI_TC" status="PASSED">
         <system-out><![CDATA[2023-09-09 20:22:29 - [TEST_CASE][PASSED] - Test Cases/RAD_TestCases/UI_TestCases/Existing/Existing_AlcoholTax_UI_TC: Test Cases/RAD_TestCases/UI_TestCases/Existing/Existing_AlcoholTax_UI_TC

2023-09-09 20:22:29 - [TEST_STEP][PASSED] - openBrowser(""): Browser is opened with url: ''

2023-09-09 20:22:29 - [MESSAGE][WARNING] - A browser is already opened. Closing browser and opening a new one

2023-09-09 20:22:30 - [MESSAGE][INFO] - Starting 'Chrome' driver

2023-09-09 20:22:30 - [MESSAGE][INFO] - User set preference: ['acceptInsecureCerts', 'true']

2023-09-09 20:22:30 - [MESSAGE][INFO] - Action delay is set to 0 milliseconds

2023-09-09 20:22:31 - [MESSAGE][PASSED] - Browser is opened with url: ''

2023-09-09 20:22:31 - [TEST_STEP][PASSED] - maximizeWindow(): Current window maximized

2023-09-09 20:22:32 - [MESSAGE][PASSED] - Current window maximized

2023-09-09 20:22:32 - [TEST_STEP][PASSED] - navigateToUrl(RADurl): Navigate to 'https://qa2.velocitypayment.com/client/rad/index.html' successfully

2023-09-09 20:22:33 - [MESSAGE][PASSED] - Navigate to 'https://qa2.velocitypayment.com/client/rad/index.html' successfully

2023-09-09 20:22:33 - [TEST_STEP][PASSED] - orPath_Landing = "Object Repository/RAD_Pages/Landing_Page": null

2023-09-09 20:22:33 - [TEST_STEP][PASSED] - orPath_TaxTypeFilingYear = "Object Repository/RAD_Pages/TaxTypeFilingYear_Page": null

2023-09-09 20:22:33 - [TEST_STEP][PASSED] - orPath_TaxPayer = "Object Repository/RAD_Pages/Taxpayer_Page": null

2023-09-09 20:22:33 - [TEST_STEP][PASSED] - orPath_AddressContact = "Object Repository/RAD_Pages/AddressAndContactInfo_Page": null

2023-09-09 20:22:33 - [TEST_STEP][PASSED] - orPath_FilingStatus = "Object Repository/RAD_Pages/FilingStatus_Page": null

2023-09-09 20:22:33 - [TEST_STEP][PASSED] - orPath_Amount = "Object Repository/RAD_Pages/PaymentAmount_Page": null

2023-09-09 20:22:33 - [TEST_STEP][PASSED] - orPath_TaxInfo = "Object Repository/RAD_Pages/TaxInfo_Page": null

2023-09-09 20:22:33 - [TEST_STEP][PASSED] - selectOptionByLabel(findTestObject(orPath_Landing + "/dd_TaxType"), "Existing Liability w/Notice Number", false): All options with label 'Existing Liability w/Notice Number' are selected in object 'Object Repository/RAD_Pages/Landing_Page/dd_TaxType' 

2023-09-09 20:22:34 - [MESSAGE][PASSED] - All options with label 'Existing Liability w/Notice Number' are selected in object 'Object Repository/RAD_Pages/Landing_Page/dd_TaxType' 

2023-09-09 20:22:34 - [TEST_STEP][PASSED] - selectOptionByLabel(findTestObject(orPath_TaxTypeFilingYear + "/select_TaxType_ExistingLiability"), "Alcohol Tax", false): All options with label 'Alcohol Tax' are selected in object 'Object Repository/RAD_Pages/TaxTypeFilingYear_Page/select_TaxType_ExistingLiability' 

2023-09-09 20:22:35 - [MESSAGE][PASSED] - All options with label 'Alcohol Tax' are selected in object 'Object Repository/RAD_Pages/TaxTypeFilingYear_Page/select_TaxType_ExistingLiability' 

2023-09-09 20:22:35 - [TEST_STEP][PASSED] - verifyElementNotVisible(findTestObject(orPath_TaxTypeFilingYear + "/select_FilingYear")): Object 'Object Repository/RAD_Pages/TaxTypeFilingYear_Page/select_FilingYear' is NOT visible

2023-09-09 20:22:35 - [MESSAGE][PASSED] - Object 'Object Repository/RAD_Pages/TaxTypeFilingYear_Page/select_FilingYear' is NOT visible

2023-09-09 20:22:35 - [TEST_STEP][PASSED] - verifyElementNotVisible(findTestObject(orPath_TaxTypeFilingYear + "/select_PeriodEnding")): Object 'Object Repository/RAD_Pages/TaxTypeFilingYear_Page/select_PeriodEnding' is NOT visible

2023-09-09 20:22:35 - [MESSAGE][PASSED] - Object 'Object Repository/RAD_Pages/TaxTypeFilingYear_Page/select_PeriodEnding' is NOT visible

2023-09-09 20:22:35 - [TEST_STEP][PASSED] - verifyTextPresent("Taxpayer", true): Text 'Taxpayer' is present on page  using regular expression

2023-09-09 20:22:36 - [MESSAGE][PASSED] - Text 'Taxpayer' is present on page  using regular expression

2023-09-09 20:22:36 - [TEST_STEP][PASSED] - verifyTextPresent("Provide the following taxpayer information", true): Text 'Provide the following taxpayer information' is present on page  using regular expression

2023-09-09 20:22:36 - [MESSAGE][PASSED] - Text 'Provide the following taxpayer information' is present on page  using regular expression

2023-09-09 20:22:36 - [TEST_STEP][PASSED] - verifyTextPresent("Note: If you are paying on behalf of the Taxpayer, enter Taxpayer", true): Text 'Note: If you are paying on behalf of the Taxpayer, enter Taxpayer' is present on page  using regular expression

2023-09-09 20:22:37 - [MESSAGE][PASSED] - Text 'Note: If you are paying on behalf of the Taxpayer, enter Taxpayer' is present on page  using regular expression

2023-09-09 20:22:37 - [TEST_STEP][PASSED] - verifyTextPresent("information here. If you are making a payment for the Taxpayer, you will be required later to enter your own credit card, billing address and other pertinent information", true): Text 'information here. If you are making a payment for the Taxpayer, you will be required later to enter your own credit card, billing address and other pertinent information' is present on page  using regular expression

2023-09-09 20:22:37 - [MESSAGE][PASSED] - Text 'information here. If you are making a payment for the Taxpayer, you will be required later to enter your own credit card, billing address and other pertinent information' is present on page  using regular expression

2023-09-09 20:22:37 - [TEST_STEP][PASSED] - verifyElementVisible(findTestObject(orPath_TaxPayer + "/input_Note_businessName")): Object 'Object Repository/RAD_Pages/Taxpayer_Page/input_Note_businessName' is visible

2023-09-09 20:22:37 - [MESSAGE][PASSED] - Object 'Object Repository/RAD_Pages/Taxpayer_Page/input_Note_businessName' is visible

2023-09-09 20:22:37 - [TEST_STEP][PASSED] - verifyElementNotVisible(findTestObject(orPath_TaxPayer + "/input_firstName")): Object 'Object Repository/RAD_Pages/Taxpayer_Page/input_firstName' is NOT visible

2023-09-09 20:22:38 - [MESSAGE][PASSED] - Object 'Object Repository/RAD_Pages/Taxpayer_Page/input_firstName' is NOT visible

2023-09-09 20:22:38 - [TEST_STEP][PASSED] - verifyElementNotVisible(findTestObject(orPath_TaxPayer + "/input_middleName")): Object 'Object Repository/RAD_Pages/Taxpayer_Page/input_middleName' is NOT visible

2023-09-09 20:22:38 - [MESSAGE][PASSED] - Object 'Object Repository/RAD_Pages/Taxpayer_Page/input_middleName' is NOT visible

2023-09-09 20:22:38 - [TEST_STEP][PASSED] - verifyElementNotVisible(findTestObject(orPath_TaxPayer + "/input_lastName")): Object 'Object Repository/RAD_Pages/Taxpayer_Page/input_lastName' is NOT visible

2023-09-09 20:22:38 - [MESSAGE][PASSED] - Object 'Object Repository/RAD_Pages/Taxpayer_Page/input_lastName' is NOT visible

2023-09-09 20:22:38 - [TEST_STEP][PASSED] - verifyElementNotVisible(findTestObject(orPath_TaxPayer + "/input_suffix")): Object 'Object Repository/RAD_Pages/Taxpayer_Page/input_suffix' is NOT visible

2023-09-09 20:22:39 - [MESSAGE][PASSED] - Object 'Object Repository/RAD_Pages/Taxpayer_Page/input_suffix' is NOT visible

2023-09-09 20:22:39 - [TEST_STEP][PASSED] - verifyElementNotVisible(findTestObject("RAD_RecordAndPlay/input_concatSSN")): Object 'Object Repository/RAD_RecordAndPlay/input_concatSSN' is NOT visible

2023-09-09 20:22:39 - [MESSAGE][PASSED] - Object 'Object Repository/RAD_RecordAndPlay/input_concatSSN' is NOT visible

2023-09-09 20:22:39 - [TEST_STEP][PASSED] - verifyElementNotVisible(findTestObject("RAD_RecordAndPlay/input_concatReSSN")): Object 'Object Repository/RAD_RecordAndPlay/input_concatReSSN' is NOT visible

2023-09-09 20:22:40 - [MESSAGE][PASSED] - Object 'Object Repository/RAD_RecordAndPlay/input_concatReSSN' is NOT visible

2023-09-09 20:22:40 - [TEST_STEP][PASSED] - verifyTextPresent("Address and Contact Information", true): Text 'Address and Contact Information' is present on page  using regular expression

2023-09-09 20:22:40 - [MESSAGE][PASSED] - Text 'Address and Contact Information' is present on page  using regular expression

2023-09-09 20:22:40 - [TEST_STEP][PASSED] - verifyTextPresent("Enter the taxpayer", true): Text 'Enter the taxpayer' is present on page  using regular expression

2023-09-09 20:22:41 - [MESSAGE][PASSED] - Text 'Enter the taxpayer' is present on page  using regular expression

2023-09-09 20:22:41 - [TEST_STEP][PASSED] - verifyTextPresent("address and contact information", true): Text 'address and contact information' is present on page  using regular expression

2023-09-09 20:22:41 - [MESSAGE][PASSED] - Text 'address and contact information' is present on page  using regular expression

2023-09-09 20:22:41 - [TEST_STEP][PASSED] - verifyElementPresent(findTestObject(orPath_AddressContact + "/select_Country"), 30): Object 'Object Repository/RAD_Pages/AddressAndContactInfo_Page/select_Country' is present

2023-09-09 20:22:41 - [MESSAGE][PASSED] - Object 'Object Repository/RAD_Pages/AddressAndContactInfo_Page/select_Country' is present

2023-09-09 20:22:41 - [TEST_STEP][PASSED] - verifyElementPresent(findTestObject(orPath_AddressContact + "/input_streetAddress1"), 30): Object 'Object Repository/RAD_Pages/AddressAndContactInfo_Page/input_streetAddress1' is present

2023-09-09 20:22:42 - [MESSAGE][PASSED] - Object 'Object Repository/RAD_Pages/AddressAndContactInfo_Page/input_streetAddress1' is present

2023-09-09 20:22:42 - [TEST_STEP][PASSED] - verifyElementPresent(findTestObject(orPath_AddressContact + "/input_streetAddress2"), 30): Object 'Object Repository/RAD_Pages/AddressAndContactInfo_Page/input_streetAddress2' is present

2023-09-09 20:22:42 - [MESSAGE][PASSED] - Object 'Object Repository/RAD_Pages/AddressAndContactInfo_Page/input_streetAddress2' is present

2023-09-09 20:22:42 - [TEST_STEP][PASSED] - verifyElementPresent(findTestObject(orPath_AddressContact + "/input_city"), 30): Object 'Object Repository/RAD_Pages/AddressAndContactInfo_Page/input_city' is present

2023-09-09 20:22:42 - [MESSAGE][PASSED] - Object 'Object Repository/RAD_Pages/AddressAndContactInfo_Page/input_city' is present

2023-09-09 20:22:42 - [TEST_STEP][PASSED] - verifyElementPresent(findTestObject(orPath_AddressContact + "/select_State"), 30): Object 'Object Repository/RAD_Pages/AddressAndContactInfo_Page/select_State' is present

2023-09-09 20:22:43 - [MESSAGE][PASSED] - Object 'Object Repository/RAD_Pages/AddressAndContactInfo_Page/select_State' is present

2023-09-09 20:22:43 - [TEST_STEP][PASSED] - verifyElementPresent(findTestObject(orPath_AddressContact + "/input_zipCode"), 30): Object 'Object Repository/RAD_Pages/AddressAndContactInfo_Page/input_zipCode' is present

2023-09-09 20:22:43 - [MESSAGE][PASSED] - Object 'Object Repository/RAD_Pages/AddressAndContactInfo_Page/input_zipCode' is present

2023-09-09 20:22:43 - [TEST_STEP][PASSED] - verifyElementPresent(findTestObject(orPath_AddressContact + "/input_phoneNumber"), 30): Object 'Object Repository/RAD_Pages/AddressAndContactInfo_Page/input_phoneNumber' is present

2023-09-09 20:22:43 - [MESSAGE][PASSED] - Object 'Object Repository/RAD_Pages/AddressAndContactInfo_Page/input_phoneNumber' is present

2023-09-09 20:22:43 - [TEST_STEP][PASSED] - verifyElementPresent(findTestObject(orPath_AddressContact + "/input_eMailAddress"), 30): Object 'Object Repository/RAD_Pages/AddressAndContactInfo_Page/input_eMailAddress' is present

2023-09-09 20:22:44 - [MESSAGE][PASSED] - Object 'Object Repository/RAD_Pages/AddressAndContactInfo_Page/input_eMailAddress' is present

2023-09-09 20:22:44 - [TEST_STEP][PASSED] - verifyElementPresent(findTestObject(orPath_AddressContact + "/input_reEnterEMailAddress"), 30): Object 'Object Repository/RAD_Pages/AddressAndContactInfo_Page/input_reEnterEMailAddress' is present

2023-09-09 20:22:44 - [MESSAGE][PASSED] - Object 'Object Repository/RAD_Pages/AddressAndContactInfo_Page/input_reEnterEMailAddress' is present

2023-09-09 20:22:44 - [TEST_STEP][PASSED] - verifyOptionsPresent(findTestObject(orPath_AddressContact + "/select_Country"), ["United States"]): Options [United States] present.

2023-09-09 20:22:45 - [MESSAGE][PASSED] - Options [United States] present.

2023-09-09 20:22:45 - [TEST_STEP][PASSED] - verifyOptionsPresent(findTestObject(orPath_AddressContact + "/select_State"), ["Alabama", "District of Columbia", "Maryland", "Virginia", "Wyoming"]): Options [Alabama, District of Columbia, Maryland, Virginia, Wyoming] present.

2023-09-09 20:22:46 - [MESSAGE][PASSED] - Options [Alabama, District of Columbia, Maryland, Virginia, Wyoming] present.

2023-09-09 20:22:46 - [TEST_STEP][PASSED] - totalOptionsState = getNumberOfTotalOption(findTestObject(orPath_AddressContact + "/select_State")): 52 options of object 'Object Repository/RAD_Pages/AddressAndContactInfo_Page/select_State' counted

2023-09-09 20:22:46 - [MESSAGE][PASSED] - 52 options of object 'Object Repository/RAD_Pages/AddressAndContactInfo_Page/select_State' counted

2023-09-09 20:22:46 - [TEST_STEP][PASSED] - verifyEqual(totalOptionsState, 52): Actual object '52' and expected object '52' are equal

2023-09-09 20:22:46 - [MESSAGE][PASSED] - Actual object '52' and expected object '52' are equal

2023-09-09 20:22:46 - [TEST_STEP][PASSED] - existing_FEIN = new com.kms.katalon.core.testobject.TestObject(): null

2023-09-09 20:22:46 - [TEST_STEP][PASSED] - existing_FEIN.setSelectorMethod(BASIC): null

2023-09-09 20:22:46 - [TEST_STEP][PASSED] - existing_FEIN.addProperty("name", EQUALS, "taxTypeExisitingFEIN"): null

2023-09-09 20:22:46 - [TEST_STEP][PASSED] - existing_FEIN.addProperty("id", EQUALS, "taxTypeExisitingFEIN"): null

2023-09-09 20:22:46 - [TEST_STEP][PASSED] - existing_FEIN_Retype = new com.kms.katalon.core.testobject.TestObject(): null

2023-09-09 20:22:46 - [TEST_STEP][PASSED] - existing_FEIN_Retype.setSelectorMethod(BASIC): null

2023-09-09 20:22:46 - [TEST_STEP][PASSED] - existing_FEIN_Retype.addProperty("name", EQUALS, "reTaxTypeExisitingFEIN"): null

2023-09-09 20:22:46 - [TEST_STEP][PASSED] - existing_FEIN_Retype.addProperty("id", EQUALS, "reTaxTypeExisitingFEIN"): null

2023-09-09 20:22:46 - [TEST_STEP][PASSED] - verifyTextPresent("Tax Information", true): Text 'Tax Information' is present on page  using regular expression

2023-09-09 20:22:47 - [MESSAGE][PASSED] - Text 'Tax Information' is present on page  using regular expression

2023-09-09 20:22:47 - [TEST_STEP][PASSED] - verifyElementPresent(existing_FEIN, 30): Object '' is present

2023-09-09 20:22:47 - [MESSAGE][PASSED] - Object '' is present

2023-09-09 20:22:47 - [TEST_STEP][PASSED] - verifyElementPresent(existing_FEIN_Retype, 30): Object '' is present

2023-09-09 20:22:47 - [MESSAGE][PASSED] - Object '' is present

2023-09-09 20:22:47 - [TEST_STEP][PASSED] - verifyElementPresent(findTestObject(orPath_TaxInfo + "/input_NoticeInvoiceNumber"), 30): Object 'Object Repository/RAD_Pages/TaxInfo_Page/input_NoticeInvoiceNumber' is present

2023-09-09 20:22:48 - [MESSAGE][PASSED] - Object 'Object Repository/RAD_Pages/TaxInfo_Page/input_NoticeInvoiceNumber' is present

2023-09-09 20:22:48 - [TEST_STEP][PASSED] - verifyElementVisible(findTestObject(orPath_TaxInfo + "/input_NoticeInvoiceNumber")): Object 'Object Repository/RAD_Pages/TaxInfo_Page/input_NoticeInvoiceNumber' is visible

2023-09-09 20:22:48 - [MESSAGE][PASSED] - Object 'Object Repository/RAD_Pages/TaxInfo_Page/input_NoticeInvoiceNumber' is visible

2023-09-09 20:22:48 - [TEST_STEP][PASSED] - verifyElementPresent(findTestObject(orPath_TaxInfo + "/input_reTypeNoticeInvoiceNumber"), 30): Object 'Object Repository/RAD_Pages/TaxInfo_Page/input_reTypeNoticeInvoiceNumber' is present

2023-09-09 20:22:48 - [MESSAGE][PASSED] - Object 'Object Repository/RAD_Pages/TaxInfo_Page/input_reTypeNoticeInvoiceNumber' is present

2023-09-09 20:22:48 - [TEST_STEP][PASSED] - verifyElementVisible(findTestObject(orPath_TaxInfo + "/input_reTypeNoticeInvoiceNumber")): Object 'Object Repository/RAD_Pages/TaxInfo_Page/input_reTypeNoticeInvoiceNumber' is visible

2023-09-09 20:22:49 - [MESSAGE][PASSED] - Object 'Object Repository/RAD_Pages/TaxInfo_Page/input_reTypeNoticeInvoiceNumber' is visible

2023-09-09 20:22:49 - [TEST_STEP][PASSED] - verifyElementNotVisible(findTestObject(orPath_FilingStatus + "/input_userType_Individual")): Object 'Object Repository/RAD_Pages/FilingStatus_Page/input_userType_Individual' is NOT visible

2023-09-09 20:22:49 - [MESSAGE][PASSED] - Object 'Object Repository/RAD_Pages/FilingStatus_Page/input_userType_Individual' is NOT visible

2023-09-09 20:22:49 - [TEST_STEP][PASSED] - verifyElementNotVisible(findTestObject(orPath_FilingStatus + "/input_userType_Joint")): Object 'Object Repository/RAD_Pages/FilingStatus_Page/input_userType_Joint' is NOT visible

2023-09-09 20:22:49 - [MESSAGE][PASSED] - Object 'Object Repository/RAD_Pages/FilingStatus_Page/input_userType_Joint' is NOT visible

2023-09-09 20:22:49 - [TEST_STEP][PASSED] - verifyElementNotVisible(findTestObject(orPath_TaxInfo + "/input_MDCRegistrationEL")): Object 'Object Repository/RAD_Pages/TaxInfo_Page/input_MDCRegistrationEL' is NOT visible

2023-09-09 20:22:50 - [MESSAGE][PASSED] - Object 'Object Repository/RAD_Pages/TaxInfo_Page/input_MDCRegistrationEL' is NOT visible

2023-09-09 20:22:50 - [TEST_STEP][PASSED] - verifyTextPresent("Payment Amount", true): Text 'Payment Amount' is present on page  using regular expression

2023-09-09 20:22:50 - [MESSAGE][PASSED] - Text 'Payment Amount' is present on page  using regular expression

2023-09-09 20:22:50 - [TEST_STEP][PASSED] - verifyElementPresent(findTestObject(orPath_Amount + "/input__paymentAmount"), 30): Object 'Object Repository/RAD_Pages/PaymentAmount_Page/input__paymentAmount' is present

2023-09-09 20:22:50 - [MESSAGE][PASSED] - Object 'Object Repository/RAD_Pages/PaymentAmount_Page/input__paymentAmount' is present

2023-09-09 20:22:50 - [TEST_STEP][PASSED] - verifyElementVisible(findTestObject(orPath_Amount + "/input__paymentAmount")): Object 'Object Repository/RAD_Pages/PaymentAmount_Page/input__paymentAmount' is visible

2023-09-09 20:22:51 - [MESSAGE][PASSED] - Object 'Object Repository/RAD_Pages/PaymentAmount_Page/input__paymentAmount' is visible

2023-09-09 20:22:51 - [TEST_STEP][PASSED] - verifyTextPresent("Service Fee: This electronic government service includes a service/convenience fee. Click here for details", true): Text 'Service Fee: This electronic government service includes a service/convenience fee. Click here for details' is present on page  using regular expression

2023-09-09 20:22:51 - [MESSAGE][PASSED] - Text 'Service Fee: This electronic government service includes a service/convenience fee. Click here for details' is present on page  using regular expression

2023-09-09 20:22:51 - [TEST_STEP][PASSED] - verifyElementPresent(findTestObject(orPath_Amount + "/a_Click here for details"), 30): Object 'Object Repository/RAD_Pages/PaymentAmount_Page/a_Click here for details' is present

2023-09-09 20:22:51 - [MESSAGE][PASSED] - Object 'Object Repository/RAD_Pages/PaymentAmount_Page/a_Click here for details' is present

2023-09-09 20:22:51 - [TEST_STEP][PASSED] - verifyElementPresent(findTestObject(orPath_Landing + "/button_Continue"), 30): Object 'Object Repository/RAD_Pages/Landing_Page/button_Continue' is present

2023-09-09 20:22:52 - [MESSAGE][PASSED] - Object 'Object Repository/RAD_Pages/Landing_Page/button_Continue' is present]]></system-out>
         <system-err><![CDATA[]]></system-err>
      </testcase>
      <testcase name="Test Cases/RAD_TestCases/UI_TestCases/Existing/Existing_BayRestorationFee_UI_TC" time="23.427" classname="Test Cases/RAD_TestCases/UI_TestCases/Existing/Existing_BayRestorationFee_UI_TC" status="PASSED">
         <system-out><![CDATA[2023-09-09 20:22:52 - [TEST_CASE][PASSED] - Test Cases/RAD_TestCases/UI_TestCases/Existing/Existing_BayRestorationFee_UI_TC: Test Cases/RAD_TestCases/UI_TestCases/Existing/Existing_BayRestorationFee_UI_TC

2023-09-09 20:22:52 - [TEST_STEP][PASSED] - openBrowser(""): Browser is opened with url: ''

2023-09-09 20:22:52 - [MESSAGE][WARNING] - A browser is already opened. Closing browser and opening a new one

2023-09-09 20:22:53 - [MESSAGE][INFO] - Starting 'Chrome' driver

2023-09-09 20:22:53 - [MESSAGE][INFO] - User set preference: ['acceptInsecureCerts', 'true']

2023-09-09 20:22:53 - [MESSAGE][INFO] - Action delay is set to 0 milliseconds

2023-09-09 20:22:55 - [MESSAGE][PASSED] - Browser is opened with url: ''

2023-09-09 20:22:55 - [TEST_STEP][PASSED] - maximizeWindow(): Current window maximized

2023-09-09 20:22:55 - [MESSAGE][PASSED] - Current window maximized

2023-09-09 20:22:55 - [TEST_STEP][PASSED] - navigateToUrl(RADurl): Navigate to 'https://qa2.velocitypayment.com/client/rad/index.html' successfully

2023-09-09 20:22:56 - [MESSAGE][PASSED] - Navigate to 'https://qa2.velocitypayment.com/client/rad/index.html' successfully

2023-09-09 20:22:56 - [TEST_STEP][PASSED] - orPath_Landing = "Object Repository/RAD_Pages/Landing_Page": null

2023-09-09 20:22:56 - [TEST_STEP][PASSED] - orPath_TaxTypeFilingYear = "Object Repository/RAD_Pages/TaxTypeFilingYear_Page": null

2023-09-09 20:22:56 - [TEST_STEP][PASSED] - orPath_TaxPayer = "Object Repository/RAD_Pages/Taxpayer_Page": null

2023-09-09 20:22:56 - [TEST_STEP][PASSED] - orPath_AddressContact = "Object Repository/RAD_Pages/AddressAndContactInfo_Page": null

2023-09-09 20:22:56 - [TEST_STEP][PASSED] - orPath_FilingStatus = "Object Repository/RAD_Pages/FilingStatus_Page": null

2023-09-09 20:22:56 - [TEST_STEP][PASSED] - orPath_Amount = "Object Repository/RAD_Pages/PaymentAmount_Page": null

2023-09-09 20:22:56 - [TEST_STEP][PASSED] - orPath_TaxInfo = "Object Repository/RAD_Pages/TaxInfo_Page": null

2023-09-09 20:22:56 - [TEST_STEP][PASSED] - selectOptionByLabel(findTestObject(orPath_Landing + "/dd_TaxType"), "Existing Liability w/Notice Number", false): All options with label 'Existing Liability w/Notice Number' are selected in object 'Object Repository/RAD_Pages/Landing_Page/dd_TaxType' 

2023-09-09 20:22:57 - [MESSAGE][PASSED] - All options with label 'Existing Liability w/Notice Number' are selected in object 'Object Repository/RAD_Pages/Landing_Page/dd_TaxType' 

2023-09-09 20:22:57 - [TEST_STEP][PASSED] - selectOptionByLabel(findTestObject(orPath_TaxTypeFilingYear + "/select_TaxType_ExistingLiability"), "Bay Restoration Fee", false): All options with label 'Bay Restoration Fee' are selected in object 'Object Repository/RAD_Pages/TaxTypeFilingYear_Page/select_TaxType_ExistingLiability' 

2023-09-09 20:22:58 - [MESSAGE][PASSED] - All options with label 'Bay Restoration Fee' are selected in object 'Object Repository/RAD_Pages/TaxTypeFilingYear_Page/select_TaxType_ExistingLiability' 

2023-09-09 20:22:58 - [TEST_STEP][PASSED] - verifyElementNotVisible(findTestObject(orPath_TaxTypeFilingYear + "/select_FilingYear")): Object 'Object Repository/RAD_Pages/TaxTypeFilingYear_Page/select_FilingYear' is NOT visible

2023-09-09 20:22:58 - [MESSAGE][PASSED] - Object 'Object Repository/RAD_Pages/TaxTypeFilingYear_Page/select_FilingYear' is NOT visible

2023-09-09 20:22:58 - [TEST_STEP][PASSED] - verifyElementNotVisible(findTestObject(orPath_TaxTypeFilingYear + "/select_PeriodEnding")): Object 'Object Repository/RAD_Pages/TaxTypeFilingYear_Page/select_PeriodEnding' is NOT visible

2023-09-09 20:22:59 - [MESSAGE][PASSED] - Object 'Object Repository/RAD_Pages/TaxTypeFilingYear_Page/select_PeriodEnding' is NOT visible

2023-09-09 20:22:59 - [TEST_STEP][PASSED] - verifyTextPresent("Taxpayer", true): Text 'Taxpayer' is present on page  using regular expression

2023-09-09 20:22:59 - [MESSAGE][PASSED] - Text 'Taxpayer' is present on page  using regular expression

2023-09-09 20:22:59 - [TEST_STEP][PASSED] - verifyTextPresent("Provide the following taxpayer information", true): Text 'Provide the following taxpayer information' is present on page  using regular expression

2023-09-09 20:23:00 - [MESSAGE][PASSED] - Text 'Provide the following taxpayer information' is present on page  using regular expression

2023-09-09 20:23:00 - [TEST_STEP][PASSED] - verifyTextPresent("Note: If you are paying on behalf of the Taxpayer, enter Taxpayer", true): Text 'Note: If you are paying on behalf of the Taxpayer, enter Taxpayer' is present on page  using regular expression

2023-09-09 20:23:00 - [MESSAGE][PASSED] - Text 'Note: If you are paying on behalf of the Taxpayer, enter Taxpayer' is present on page  using regular expression

2023-09-09 20:23:00 - [TEST_STEP][PASSED] - verifyTextPresent("information here. If you are making a payment for the Taxpayer, you will be required later to enter your own credit card, billing address and other pertinent information", true): Text 'information here. If you are making a payment for the Taxpayer, you will be required later to enter your own credit card, billing address and other pertinent information' is present on page  using regular expression

2023-09-09 20:23:00 - [MESSAGE][PASSED] - Text 'information here. If you are making a payment for the Taxpayer, you will be required later to enter your own credit card, billing address and other pertinent information' is present on page  using regular expression

2023-09-09 20:23:00 - [TEST_STEP][PASSED] - verifyElementVisible(findTestObject(orPath_TaxPayer + "/input_Note_businessName")): Object 'Object Repository/RAD_Pages/Taxpayer_Page/input_Note_businessName' is visible

2023-09-09 20:23:01 - [MESSAGE][PASSED] - Object 'Object Repository/RAD_Pages/Taxpayer_Page/input_Note_businessName' is visible

2023-09-09 20:23:01 - [TEST_STEP][PASSED] - verifyElementNotVisible(findTestObject(orPath_TaxPayer + "/input_firstName")): Object 'Object Repository/RAD_Pages/Taxpayer_Page/input_firstName' is NOT visible

2023-09-09 20:23:01 - [MESSAGE][PASSED] - Object 'Object Repository/RAD_Pages/Taxpayer_Page/input_firstName' is NOT visible

2023-09-09 20:23:01 - [TEST_STEP][PASSED] - verifyElementNotVisible(findTestObject(orPath_TaxPayer + "/input_middleName")): Object 'Object Repository/RAD_Pages/Taxpayer_Page/input_middleName' is NOT visible

2023-09-09 20:23:01 - [MESSAGE][PASSED] - Object 'Object Repository/RAD_Pages/Taxpayer_Page/input_middleName' is NOT visible

2023-09-09 20:23:01 - [TEST_STEP][PASSED] - verifyElementNotVisible(findTestObject(orPath_TaxPayer + "/input_lastName")): Object 'Object Repository/RAD_Pages/Taxpayer_Page/input_lastName' is NOT visible

2023-09-09 20:23:02 - [MESSAGE][PASSED] - Object 'Object Repository/RAD_Pages/Taxpayer_Page/input_lastName' is NOT visible

2023-09-09 20:23:02 - [TEST_STEP][PASSED] - verifyElementNotVisible(findTestObject(orPath_TaxPayer + "/input_suffix")): Object 'Object Repository/RAD_Pages/Taxpayer_Page/input_suffix' is NOT visible

2023-09-09 20:23:02 - [MESSAGE][PASSED] - Object 'Object Repository/RAD_Pages/Taxpayer_Page/input_suffix' is NOT visible

2023-09-09 20:23:02 - [TEST_STEP][PASSED] - verifyElementNotVisible(findTestObject("RAD_RecordAndPlay/input_concatSSN")): Object 'Object Repository/RAD_RecordAndPlay/input_concatSSN' is NOT visible

2023-09-09 20:23:02 - [MESSAGE][PASSED] - Object 'Object Repository/RAD_RecordAndPlay/input_concatSSN' is NOT visible

2023-09-09 20:23:02 - [TEST_STEP][PASSED] - verifyElementNotVisible(findTestObject("RAD_RecordAndPlay/input_concatReSSN")): Object 'Object Repository/RAD_RecordAndPlay/input_concatReSSN' is NOT visible

2023-09-09 20:23:03 - [MESSAGE][PASSED] - Object 'Object Repository/RAD_RecordAndPlay/input_concatReSSN' is NOT visible

2023-09-09 20:23:03 - [TEST_STEP][PASSED] - verifyTextPresent("Address and Contact Information", true): Text 'Address and Contact Information' is present on page  using regular expression

2023-09-09 20:23:04 - [MESSAGE][PASSED] - Text 'Address and Contact Information' is present on page  using regular expression

2023-09-09 20:23:04 - [TEST_STEP][PASSED] - verifyTextPresent("Enter the taxpayer", true): Text 'Enter the taxpayer' is present on page  using regular expression

2023-09-09 20:23:04 - [MESSAGE][PASSED] - Text 'Enter the taxpayer' is present on page  using regular expression

2023-09-09 20:23:04 - [TEST_STEP][PASSED] - verifyTextPresent("address and contact information", true): Text 'address and contact information' is present on page  using regular expression

2023-09-09 20:23:04 - [MESSAGE][PASSED] - Text 'address and contact information' is present on page  using regular expression

2023-09-09 20:23:04 - [TEST_STEP][PASSED] - verifyElementPresent(findTestObject(orPath_AddressContact + "/select_Country"), 30): Object 'Object Repository/RAD_Pages/AddressAndContactInfo_Page/select_Country' is present

2023-09-09 20:23:05 - [MESSAGE][PASSED] - Object 'Object Repository/RAD_Pages/AddressAndContactInfo_Page/select_Country' is present

2023-09-09 20:23:05 - [TEST_STEP][PASSED] - verifyElementPresent(findTestObject(orPath_AddressContact + "/input_streetAddress1"), 30): Object 'Object Repository/RAD_Pages/AddressAndContactInfo_Page/input_streetAddress1' is present

2023-09-09 20:23:05 - [MESSAGE][PASSED] - Object 'Object Repository/RAD_Pages/AddressAndContactInfo_Page/input_streetAddress1' is present

2023-09-09 20:23:05 - [TEST_STEP][PASSED] - verifyElementPresent(findTestObject(orPath_AddressContact + "/input_streetAddress2"), 30): Object 'Object Repository/RAD_Pages/AddressAndContactInfo_Page/input_streetAddress2' is present

2023-09-09 20:23:05 - [MESSAGE][PASSED] - Object 'Object Repository/RAD_Pages/AddressAndContactInfo_Page/input_streetAddress2' is present

2023-09-09 20:23:05 - [TEST_STEP][PASSED] - verifyElementPresent(findTestObject(orPath_AddressContact + "/input_city"), 30): Object 'Object Repository/RAD_Pages/AddressAndContactInfo_Page/input_city' is present

2023-09-09 20:23:06 - [MESSAGE][PASSED] - Object 'Object Repository/RAD_Pages/AddressAndContactInfo_Page/input_city' is present

2023-09-09 20:23:06 - [TEST_STEP][PASSED] - verifyElementPresent(findTestObject(orPath_AddressContact + "/select_State"), 30): Object 'Object Repository/RAD_Pages/AddressAndContactInfo_Page/select_State' is present

2023-09-09 20:23:06 - [MESSAGE][PASSED] - Object 'Object Repository/RAD_Pages/AddressAndContactInfo_Page/select_State' is present

2023-09-09 20:23:06 - [TEST_STEP][PASSED] - verifyElementPresent(findTestObject(orPath_AddressContact + "/input_zipCode"), 30): Object 'Object Repository/RAD_Pages/AddressAndContactInfo_Page/input_zipCode' is present

2023-09-09 20:23:06 - [MESSAGE][PASSED] - Object 'Object Repository/RAD_Pages/AddressAndContactInfo_Page/input_zipCode' is present

2023-09-09 20:23:06 - [TEST_STEP][PASSED] - verifyElementPresent(findTestObject(orPath_AddressContact + "/input_phoneNumber"), 30): Object 'Object Repository/RAD_Pages/AddressAndContactInfo_Page/input_phoneNumber' is present

2023-09-09 20:23:07 - [MESSAGE][PASSED] - Object 'Object Repository/RAD_Pages/AddressAndContactInfo_Page/input_phoneNumber' is present

2023-09-09 20:23:07 - [TEST_STEP][PASSED] - verifyElementPresent(findTestObject(orPath_AddressContact + "/input_eMailAddress"), 30): Object 'Object Repository/RAD_Pages/AddressAndContactInfo_Page/input_eMailAddress' is present

2023-09-09 20:23:07 - [MESSAGE][PASSED] - Object 'Object Repository/RAD_Pages/AddressAndContactInfo_Page/input_eMailAddress' is present

2023-09-09 20:23:07 - [TEST_STEP][PASSED] - verifyElementPresent(findTestObject(orPath_AddressContact + "/input_reEnterEMailAddress"), 30): Object 'Object Repository/RAD_Pages/AddressAndContactInfo_Page/input_reEnterEMailAddress' is present

2023-09-09 20:23:07 - [MESSAGE][PASSED] - Object 'Object Repository/RAD_Pages/AddressAndContactInfo_Page/input_reEnterEMailAddress' is present

2023-09-09 20:23:07 - [TEST_STEP][PASSED] - verifyOptionsPresent(findTestObject(orPath_AddressContact + "/select_Country"), ["United States"]): Options [United States] present.

2023-09-09 20:23:08 - [MESSAGE][PASSED] - Options [United States] present.

2023-09-09 20:23:08 - [TEST_STEP][PASSED] - verifyOptionsPresent(findTestObject(orPath_AddressContact + "/select_State"), ["Alabama", "District of Columbia", "Maryland", "Virginia", "Wyoming"]): Options [Alabama, District of Columbia, Maryland, Virginia, Wyoming] present.

2023-09-09 20:23:09 - [MESSAGE][PASSED] - Options [Alabama, District of Columbia, Maryland, Virginia, Wyoming] present.

2023-09-09 20:23:09 - [TEST_STEP][PASSED] - totalOptionsState = getNumberOfTotalOption(findTestObject(orPath_AddressContact + "/select_State")): 52 options of object 'Object Repository/RAD_Pages/AddressAndContactInfo_Page/select_State' counted

2023-09-09 20:23:10 - [MESSAGE][PASSED] - 52 options of object 'Object Repository/RAD_Pages/AddressAndContactInfo_Page/select_State' counted

2023-09-09 20:23:10 - [TEST_STEP][PASSED] - verifyEqual(totalOptionsState, 52): Actual object '52' and expected object '52' are equal

2023-09-09 20:23:10 - [MESSAGE][PASSED] - Actual object '52' and expected object '52' are equal

2023-09-09 20:23:10 - [TEST_STEP][PASSED] - existing_FEIN = new com.kms.katalon.core.testobject.TestObject(): null

2023-09-09 20:23:10 - [TEST_STEP][PASSED] - existing_FEIN.setSelectorMethod(BASIC): null

2023-09-09 20:23:10 - [TEST_STEP][PASSED] - existing_FEIN.addProperty("name", EQUALS, "taxTypeExisitingFEIN"): null

2023-09-09 20:23:10 - [TEST_STEP][PASSED] - existing_FEIN.addProperty("id", EQUALS, "taxTypeExisitingFEIN"): null

2023-09-09 20:23:10 - [TEST_STEP][PASSED] - existing_FEIN_Retype = new com.kms.katalon.core.testobject.TestObject(): null

2023-09-09 20:23:10 - [TEST_STEP][PASSED] - existing_FEIN_Retype.setSelectorMethod(BASIC): null

2023-09-09 20:23:10 - [TEST_STEP][PASSED] - existing_FEIN_Retype.addProperty("name", EQUALS, "reTaxTypeExisitingFEIN"): null

2023-09-09 20:23:10 - [TEST_STEP][PASSED] - existing_FEIN_Retype.addProperty("id", EQUALS, "reTaxTypeExisitingFEIN"): null

2023-09-09 20:23:10 - [TEST_STEP][PASSED] - verifyTextPresent("Tax Information", true): Text 'Tax Information' is present on page  using regular expression

2023-09-09 20:23:10 - [MESSAGE][PASSED] - Text 'Tax Information' is present on page  using regular expression

2023-09-09 20:23:10 - [TEST_STEP][PASSED] - verifyElementPresent(existing_FEIN, 30): Object '' is present

2023-09-09 20:23:10 - [MESSAGE][PASSED] - Object '' is present

2023-09-09 20:23:10 - [TEST_STEP][PASSED] - verifyElementPresent(existing_FEIN_Retype, 30): Object '' is present

2023-09-09 20:23:11 - [MESSAGE][PASSED] - Object '' is present

2023-09-09 20:23:11 - [TEST_STEP][PASSED] - verifyElementPresent(findTestObject(orPath_TaxInfo + "/input_NoticeInvoiceNumber"), 30): Object 'Object Repository/RAD_Pages/TaxInfo_Page/input_NoticeInvoiceNumber' is present

2023-09-09 20:23:11 - [MESSAGE][PASSED] - Object 'Object Repository/RAD_Pages/TaxInfo_Page/input_NoticeInvoiceNumber' is present

2023-09-09 20:23:11 - [TEST_STEP][PASSED] - verifyElementVisible(findTestObject(orPath_TaxInfo + "/input_NoticeInvoiceNumber")): Object 'Object Repository/RAD_Pages/TaxInfo_Page/input_NoticeInvoiceNumber' is visible

2023-09-09 20:23:11 - [MESSAGE][PASSED] - Object 'Object Repository/RAD_Pages/TaxInfo_Page/input_NoticeInvoiceNumber' is visible

2023-09-09 20:23:11 - [TEST_STEP][PASSED] - verifyElementPresent(findTestObject(orPath_TaxInfo + "/input_reTypeNoticeInvoiceNumber"), 30): Object 'Object Repository/RAD_Pages/TaxInfo_Page/input_reTypeNoticeInvoiceNumber' is present

2023-09-09 20:23:12 - [MESSAGE][PASSED] - Object 'Object Repository/RAD_Pages/TaxInfo_Page/input_reTypeNoticeInvoiceNumber' is present

2023-09-09 20:23:12 - [TEST_STEP][PASSED] - verifyElementVisible(findTestObject(orPath_TaxInfo + "/input_reTypeNoticeInvoiceNumber")): Object 'Object Repository/RAD_Pages/TaxInfo_Page/input_reTypeNoticeInvoiceNumber' is visible

2023-09-09 20:23:12 - [MESSAGE][PASSED] - Object 'Object Repository/RAD_Pages/TaxInfo_Page/input_reTypeNoticeInvoiceNumber' is visible

2023-09-09 20:23:12 - [TEST_STEP][PASSED] - verifyElementNotVisible(findTestObject(orPath_FilingStatus + "/input_userType_Individual")): Object 'Object Repository/RAD_Pages/FilingStatus_Page/input_userType_Individual' is NOT visible

2023-09-09 20:23:12 - [MESSAGE][PASSED] - Object 'Object Repository/RAD_Pages/FilingStatus_Page/input_userType_Individual' is NOT visible

2023-09-09 20:23:12 - [TEST_STEP][PASSED] - verifyElementNotVisible(findTestObject(orPath_FilingStatus + "/input_userType_Joint")): Object 'Object Repository/RAD_Pages/FilingStatus_Page/input_userType_Joint' is NOT visible

2023-09-09 20:23:13 - [MESSAGE][PASSED] - Object 'Object Repository/RAD_Pages/FilingStatus_Page/input_userType_Joint' is NOT visible

2023-09-09 20:23:13 - [TEST_STEP][PASSED] - verifyElementNotVisible(findTestObject(orPath_TaxInfo + "/input_MDCRegistrationEL")): Object 'Object Repository/RAD_Pages/TaxInfo_Page/input_MDCRegistrationEL' is NOT visible

2023-09-09 20:23:13 - [MESSAGE][PASSED] - Object 'Object Repository/RAD_Pages/TaxInfo_Page/input_MDCRegistrationEL' is NOT visible

2023-09-09 20:23:13 - [TEST_STEP][PASSED] - verifyTextPresent("Payment Amount", true): Text 'Payment Amount' is present on page  using regular expression

2023-09-09 20:23:13 - [MESSAGE][PASSED] - Text 'Payment Amount' is present on page  using regular expression

2023-09-09 20:23:13 - [TEST_STEP][PASSED] - verifyElementPresent(findTestObject(orPath_Amount + "/input__paymentAmount"), 30): Object 'Object Repository/RAD_Pages/PaymentAmount_Page/input__paymentAmount' is present

2023-09-09 20:23:14 - [MESSAGE][PASSED] - Object 'Object Repository/RAD_Pages/PaymentAmount_Page/input__paymentAmount' is present

2023-09-09 20:23:14 - [TEST_STEP][PASSED] - verifyElementVisible(findTestObject(orPath_Amount + "/input__paymentAmount")): Object 'Object Repository/RAD_Pages/PaymentAmount_Page/input__paymentAmount' is visible

2023-09-09 20:23:14 - [MESSAGE][PASSED] - Object 'Object Repository/RAD_Pages/PaymentAmount_Page/input__paymentAmount' is visible

2023-09-09 20:23:14 - [TEST_STEP][PASSED] - verifyTextPresent("Service Fee: This electronic government service includes a service/convenience fee. Click here for details", true): Text 'Service Fee: This electronic government service includes a service/convenience fee. Click here for details' is present on page  using regular expression

2023-09-09 20:23:14 - [MESSAGE][PASSED] - Text 'Service Fee: This electronic government service includes a service/convenience fee. Click here for details' is present on page  using regular expression

2023-09-09 20:23:14 - [TEST_STEP][PASSED] - verifyElementPresent(findTestObject(orPath_Amount + "/a_Click here for details"), 30): Object 'Object Repository/RAD_Pages/PaymentAmount_Page/a_Click here for details' is present

2023-09-09 20:23:15 - [MESSAGE][PASSED] - Object 'Object Repository/RAD_Pages/PaymentAmount_Page/a_Click here for details' is present

2023-09-09 20:23:15 - [TEST_STEP][PASSED] - verifyElementPresent(findTestObject(orPath_Landing + "/button_Continue"), 30): Object 'Object Repository/RAD_Pages/Landing_Page/button_Continue' is present

2023-09-09 20:23:15 - [MESSAGE][PASSED] - Object 'Object Repository/RAD_Pages/Landing_Page/button_Continue' is present]]></system-out>
         <system-err><![CDATA[]]></system-err>
      </testcase>
      <testcase name="Test Cases/RAD_TestCases/UI_TestCases/Existing/Existing_CorporateIncomeTax_UI_TC" time="23.099" classname="Test Cases/RAD_TestCases/UI_TestCases/Existing/Existing_CorporateIncomeTax_UI_TC" status="PASSED">
         <system-out><![CDATA[2023-09-09 20:23:15 - [TEST_CASE][PASSED] - Test Cases/RAD_TestCases/UI_TestCases/Existing/Existing_CorporateIncomeTax_UI_TC: Test Cases/RAD_TestCases/UI_TestCases/Existing/Existing_CorporateIncomeTax_UI_TC

2023-09-09 20:23:16 - [TEST_STEP][PASSED] - openBrowser(""): Browser is opened with url: ''

2023-09-09 20:23:16 - [MESSAGE][WARNING] - A browser is already opened. Closing browser and opening a new one

2023-09-09 20:23:17 - [MESSAGE][INFO] - Starting 'Chrome' driver

2023-09-09 20:23:17 - [MESSAGE][INFO] - User set preference: ['acceptInsecureCerts', 'true']

2023-09-09 20:23:17 - [MESSAGE][INFO] - Action delay is set to 0 milliseconds

2023-09-09 20:23:18 - [MESSAGE][PASSED] - Browser is opened with url: ''

2023-09-09 20:23:18 - [TEST_STEP][PASSED] - maximizeWindow(): Current window maximized

2023-09-09 20:23:18 - [MESSAGE][PASSED] - Current window maximized

2023-09-09 20:23:18 - [TEST_STEP][PASSED] - navigateToUrl(RADurl): Navigate to 'https://qa2.velocitypayment.com/client/rad/index.html' successfully

2023-09-09 20:23:20 - [MESSAGE][PASSED] - Navigate to 'https://qa2.velocitypayment.com/client/rad/index.html' successfully

2023-09-09 20:23:20 - [TEST_STEP][PASSED] - orPath_Landing = "Object Repository/RAD_Pages/Landing_Page": null

2023-09-09 20:23:20 - [TEST_STEP][PASSED] - orPath_TaxTypeFilingYear = "Object Repository/RAD_Pages/TaxTypeFilingYear_Page": null

2023-09-09 20:23:20 - [TEST_STEP][PASSED] - orPath_TaxPayer = "Object Repository/RAD_Pages/Taxpayer_Page": null

2023-09-09 20:23:20 - [TEST_STEP][PASSED] - orPath_AddressContact = "Object Repository/RAD_Pages/AddressAndContactInfo_Page": null

2023-09-09 20:23:20 - [TEST_STEP][PASSED] - orPath_FilingStatus = "Object Repository/RAD_Pages/FilingStatus_Page": null

2023-09-09 20:23:20 - [TEST_STEP][PASSED] - orPath_Amount = "Object Repository/RAD_Pages/PaymentAmount_Page": null

2023-09-09 20:23:20 - [TEST_STEP][PASSED] - orPath_TaxInfo = "Object Repository/RAD_Pages/TaxInfo_Page": null

2023-09-09 20:23:20 - [TEST_STEP][PASSED] - selectOptionByLabel(findTestObject(orPath_Landing + "/dd_TaxType"), "Existing Liability w/Notice Number", false): All options with label 'Existing Liability w/Notice Number' are selected in object 'Object Repository/RAD_Pages/Landing_Page/dd_TaxType' 

2023-09-09 20:23:20 - [MESSAGE][PASSED] - All options with label 'Existing Liability w/Notice Number' are selected in object 'Object Repository/RAD_Pages/Landing_Page/dd_TaxType' 

2023-09-09 20:23:20 - [TEST_STEP][PASSED] - selectOptionByLabel(findTestObject(orPath_TaxTypeFilingYear + "/select_TaxType_ExistingLiability"), "Corporate Income Tax", false): All options with label 'Corporate Income Tax' are selected in object 'Object Repository/RAD_Pages/TaxTypeFilingYear_Page/select_TaxType_ExistingLiability' 

2023-09-09 20:23:21 - [MESSAGE][PASSED] - All options with label 'Corporate Income Tax' are selected in object 'Object Repository/RAD_Pages/TaxTypeFilingYear_Page/select_TaxType_ExistingLiability' 

2023-09-09 20:23:21 - [TEST_STEP][PASSED] - verifyElementNotVisible(findTestObject(orPath_TaxTypeFilingYear + "/select_FilingYear")): Object 'Object Repository/RAD_Pages/TaxTypeFilingYear_Page/select_FilingYear' is NOT visible

2023-09-09 20:23:22 - [MESSAGE][PASSED] - Object 'Object Repository/RAD_Pages/TaxTypeFilingYear_Page/select_FilingYear' is NOT visible

2023-09-09 20:23:22 - [TEST_STEP][PASSED] - verifyElementNotVisible(findTestObject(orPath_TaxTypeFilingYear + "/select_PeriodEnding")): Object 'Object Repository/RAD_Pages/TaxTypeFilingYear_Page/select_PeriodEnding' is NOT visible

2023-09-09 20:23:22 - [MESSAGE][PASSED] - Object 'Object Repository/RAD_Pages/TaxTypeFilingYear_Page/select_PeriodEnding' is NOT visible

2023-09-09 20:23:22 - [TEST_STEP][PASSED] - verifyTextPresent("Taxpayer", true): Text 'Taxpayer' is present on page  using regular expression

2023-09-09 20:23:22 - [MESSAGE][PASSED] - Text 'Taxpayer' is present on page  using regular expression

2023-09-09 20:23:22 - [TEST_STEP][PASSED] - verifyTextPresent("Provide the following taxpayer information", true): Text 'Provide the following taxpayer information' is present on page  using regular expression

2023-09-09 20:23:23 - [MESSAGE][PASSED] - Text 'Provide the following taxpayer information' is present on page  using regular expression

2023-09-09 20:23:23 - [TEST_STEP][PASSED] - verifyTextPresent("Note: If you are paying on behalf of the Taxpayer, enter Taxpayer", true): Text 'Note: If you are paying on behalf of the Taxpayer, enter Taxpayer' is present on page  using regular expression

2023-09-09 20:23:23 - [MESSAGE][PASSED] - Text 'Note: If you are paying on behalf of the Taxpayer, enter Taxpayer' is present on page  using regular expression

2023-09-09 20:23:23 - [TEST_STEP][PASSED] - verifyTextPresent("information here. If you are making a payment for the Taxpayer, you will be required later to enter your own credit card, billing address and other pertinent information", true): Text 'information here. If you are making a payment for the Taxpayer, you will be required later to enter your own credit card, billing address and other pertinent information' is present on page  using regular expression

2023-09-09 20:23:24 - [MESSAGE][PASSED] - Text 'information here. If you are making a payment for the Taxpayer, you will be required later to enter your own credit card, billing address and other pertinent information' is present on page  using regular expression

2023-09-09 20:23:24 - [TEST_STEP][PASSED] - verifyElementVisible(findTestObject(orPath_TaxPayer + "/input_Note_businessName")): Object 'Object Repository/RAD_Pages/Taxpayer_Page/input_Note_businessName' is visible

2023-09-09 20:23:24 - [MESSAGE][PASSED] - Object 'Object Repository/RAD_Pages/Taxpayer_Page/input_Note_businessName' is visible

2023-09-09 20:23:24 - [TEST_STEP][PASSED] - verifyElementNotVisible(findTestObject(orPath_TaxPayer + "/input_firstName")): Object 'Object Repository/RAD_Pages/Taxpayer_Page/input_firstName' is NOT visible

2023-09-09 20:23:24 - [MESSAGE][PASSED] - Object 'Object Repository/RAD_Pages/Taxpayer_Page/input_firstName' is NOT visible

2023-09-09 20:23:24 - [TEST_STEP][PASSED] - verifyElementNotVisible(findTestObject(orPath_TaxPayer + "/input_middleName")): Object 'Object Repository/RAD_Pages/Taxpayer_Page/input_middleName' is NOT visible

2023-09-09 20:23:25 - [MESSAGE][PASSED] - Object 'Object Repository/RAD_Pages/Taxpayer_Page/input_middleName' is NOT visible

2023-09-09 20:23:25 - [TEST_STEP][PASSED] - verifyElementNotVisible(findTestObject(orPath_TaxPayer + "/input_lastName")): Object 'Object Repository/RAD_Pages/Taxpayer_Page/input_lastName' is NOT visible

2023-09-09 20:23:25 - [MESSAGE][PASSED] - Object 'Object Repository/RAD_Pages/Taxpayer_Page/input_lastName' is NOT visible

2023-09-09 20:23:25 - [TEST_STEP][PASSED] - verifyElementNotVisible(findTestObject(orPath_TaxPayer + "/input_suffix")): Object 'Object Repository/RAD_Pages/Taxpayer_Page/input_suffix' is NOT visible

2023-09-09 20:23:25 - [MESSAGE][PASSED] - Object 'Object Repository/RAD_Pages/Taxpayer_Page/input_suffix' is NOT visible

2023-09-09 20:23:25 - [TEST_STEP][PASSED] - verifyElementNotVisible(findTestObject("RAD_RecordAndPlay/input_concatSSN")): Object 'Object Repository/RAD_RecordAndPlay/input_concatSSN' is NOT visible

2023-09-09 20:23:26 - [MESSAGE][PASSED] - Object 'Object Repository/RAD_RecordAndPlay/input_concatSSN' is NOT visible

2023-09-09 20:23:26 - [TEST_STEP][PASSED] - verifyElementNotVisible(findTestObject("RAD_RecordAndPlay/input_concatReSSN")): Object 'Object Repository/RAD_RecordAndPlay/input_concatReSSN' is NOT visible

2023-09-09 20:23:26 - [MESSAGE][PASSED] - Object 'Object Repository/RAD_RecordAndPlay/input_concatReSSN' is NOT visible

2023-09-09 20:23:26 - [TEST_STEP][PASSED] - verifyTextPresent("Address and Contact Information", true): Text 'Address and Contact Information' is present on page  using regular expression

2023-09-09 20:23:27 - [MESSAGE][PASSED] - Text 'Address and Contact Information' is present on page  using regular expression

2023-09-09 20:23:27 - [TEST_STEP][PASSED] - verifyTextPresent("Enter the taxpayer", true): Text 'Enter the taxpayer' is present on page  using regular expression

2023-09-09 20:23:27 - [MESSAGE][PASSED] - Text 'Enter the taxpayer' is present on page  using regular expression

2023-09-09 20:23:27 - [TEST_STEP][PASSED] - verifyTextPresent("address and contact information", true): Text 'address and contact information' is present on page  using regular expression

2023-09-09 20:23:28 - [MESSAGE][PASSED] - Text 'address and contact information' is present on page  using regular expression

2023-09-09 20:23:28 - [TEST_STEP][PASSED] - verifyElementPresent(findTestObject(orPath_AddressContact + "/select_Country"), 30): Object 'Object Repository/RAD_Pages/AddressAndContactInfo_Page/select_Country' is present

2023-09-09 20:23:28 - [MESSAGE][PASSED] - Object 'Object Repository/RAD_Pages/AddressAndContactInfo_Page/select_Country' is present

2023-09-09 20:23:28 - [TEST_STEP][PASSED] - verifyElementPresent(findTestObject(orPath_AddressContact + "/input_streetAddress1"), 30): Object 'Object Repository/RAD_Pages/AddressAndContactInfo_Page/input_streetAddress1' is present

2023-09-09 20:23:28 - [MESSAGE][PASSED] - Object 'Object Repository/RAD_Pages/AddressAndContactInfo_Page/input_streetAddress1' is present

2023-09-09 20:23:28 - [TEST_STEP][PASSED] - verifyElementPresent(findTestObject(orPath_AddressContact + "/input_streetAddress2"), 30): Object 'Object Repository/RAD_Pages/AddressAndContactInfo_Page/input_streetAddress2' is present

2023-09-09 20:23:29 - [MESSAGE][PASSED] - Object 'Object Repository/RAD_Pages/AddressAndContactInfo_Page/input_streetAddress2' is present

2023-09-09 20:23:29 - [TEST_STEP][PASSED] - verifyElementPresent(findTestObject(orPath_AddressContact + "/input_city"), 30): Object 'Object Repository/RAD_Pages/AddressAndContactInfo_Page/input_city' is present

2023-09-09 20:23:29 - [MESSAGE][PASSED] - Object 'Object Repository/RAD_Pages/AddressAndContactInfo_Page/input_city' is present

2023-09-09 20:23:29 - [TEST_STEP][PASSED] - verifyElementPresent(findTestObject(orPath_AddressContact + "/select_State"), 30): Object 'Object Repository/RAD_Pages/AddressAndContactInfo_Page/select_State' is present

2023-09-09 20:23:29 - [MESSAGE][PASSED] - Object 'Object Repository/RAD_Pages/AddressAndContactInfo_Page/select_State' is present

2023-09-09 20:23:29 - [TEST_STEP][PASSED] - verifyElementPresent(findTestObject(orPath_AddressContact + "/input_zipCode"), 30): Object 'Object Repository/RAD_Pages/AddressAndContactInfo_Page/input_zipCode' is present

2023-09-09 20:23:30 - [MESSAGE][PASSED] - Object 'Object Repository/RAD_Pages/AddressAndContactInfo_Page/input_zipCode' is present

2023-09-09 20:23:30 - [TEST_STEP][PASSED] - verifyElementPresent(findTestObject(orPath_AddressContact + "/input_phoneNumber"), 30): Object 'Object Repository/RAD_Pages/AddressAndContactInfo_Page/input_phoneNumber' is present

2023-09-09 20:23:30 - [MESSAGE][PASSED] - Object 'Object Repository/RAD_Pages/AddressAndContactInfo_Page/input_phoneNumber' is present

2023-09-09 20:23:30 - [TEST_STEP][PASSED] - verifyElementPresent(findTestObject(orPath_AddressContact + "/input_eMailAddress"), 30): Object 'Object Repository/RAD_Pages/AddressAndContactInfo_Page/input_eMailAddress' is present

2023-09-09 20:23:30 - [MESSAGE][PASSED] - Object 'Object Repository/RAD_Pages/AddressAndContactInfo_Page/input_eMailAddress' is present

2023-09-09 20:23:30 - [TEST_STEP][PASSED] - verifyElementPresent(findTestObject(orPath_AddressContact + "/input_reEnterEMailAddress"), 30): Object 'Object Repository/RAD_Pages/AddressAndContactInfo_Page/input_reEnterEMailAddress' is present

2023-09-09 20:23:31 - [MESSAGE][PASSED] - Object 'Object Repository/RAD_Pages/AddressAndContactInfo_Page/input_reEnterEMailAddress' is present

2023-09-09 20:23:31 - [TEST_STEP][PASSED] - verifyOptionsPresent(findTestObject(orPath_AddressContact + "/select_Country"), ["United States"]): Options [United States] present.

2023-09-09 20:23:31 - [MESSAGE][PASSED] - Options [United States] present.

2023-09-09 20:23:31 - [TEST_STEP][PASSED] - verifyOptionsPresent(findTestObject(orPath_AddressContact + "/select_State"), ["Alabama", "District of Columbia", "Maryland", "Virginia", "Wyoming"]): Options [Alabama, District of Columbia, Maryland, Virginia, Wyoming] present.

2023-09-09 20:23:32 - [MESSAGE][PASSED] - Options [Alabama, District of Columbia, Maryland, Virginia, Wyoming] present.

2023-09-09 20:23:32 - [TEST_STEP][PASSED] - totalOptionsState = getNumberOfTotalOption(findTestObject(orPath_AddressContact + "/select_State")): 52 options of object 'Object Repository/RAD_Pages/AddressAndContactInfo_Page/select_State' counted

2023-09-09 20:23:33 - [MESSAGE][PASSED] - 52 options of object 'Object Repository/RAD_Pages/AddressAndContactInfo_Page/select_State' counted

2023-09-09 20:23:33 - [TEST_STEP][PASSED] - verifyEqual(totalOptionsState, 52): Actual object '52' and expected object '52' are equal

2023-09-09 20:23:33 - [MESSAGE][PASSED] - Actual object '52' and expected object '52' are equal

2023-09-09 20:23:33 - [TEST_STEP][PASSED] - existing_FEIN = new com.kms.katalon.core.testobject.TestObject(): null

2023-09-09 20:23:33 - [TEST_STEP][PASSED] - existing_FEIN.setSelectorMethod(BASIC): null

2023-09-09 20:23:33 - [TEST_STEP][PASSED] - existing_FEIN.addProperty("name", EQUALS, "taxTypeExisitingFEIN"): null

2023-09-09 20:23:33 - [TEST_STEP][PASSED] - existing_FEIN.addProperty("id", EQUALS, "taxTypeExisitingFEIN"): null

2023-09-09 20:23:33 - [TEST_STEP][PASSED] - existing_FEIN_Retype = new com.kms.katalon.core.testobject.TestObject(): null

2023-09-09 20:23:33 - [TEST_STEP][PASSED] - existing_FEIN_Retype.setSelectorMethod(BASIC): null

2023-09-09 20:23:33 - [TEST_STEP][PASSED] - existing_FEIN_Retype.addProperty("name", EQUALS, "reTaxTypeExisitingFEIN"): null

2023-09-09 20:23:33 - [TEST_STEP][PASSED] - existing_FEIN_Retype.addProperty("id", EQUALS, "reTaxTypeExisitingFEIN"): null

2023-09-09 20:23:33 - [TEST_STEP][PASSED] - verifyTextPresent("Tax Information", true): Text 'Tax Information' is present on page  using regular expression

2023-09-09 20:23:33 - [MESSAGE][PASSED] - Text 'Tax Information' is present on page  using regular expression

2023-09-09 20:23:33 - [TEST_STEP][PASSED] - verifyElementPresent(existing_FEIN, 30): Object '' is present

2023-09-09 20:23:34 - [MESSAGE][PASSED] - Object '' is present

2023-09-09 20:23:34 - [TEST_STEP][PASSED] - verifyElementPresent(existing_FEIN_Retype, 30): Object '' is present

2023-09-09 20:23:34 - [MESSAGE][PASSED] - Object '' is present

2023-09-09 20:23:34 - [TEST_STEP][PASSED] - verifyElementPresent(findTestObject(orPath_TaxInfo + "/input_NoticeInvoiceNumber"), 30): Object 'Object Repository/RAD_Pages/TaxInfo_Page/input_NoticeInvoiceNumber' is present

2023-09-09 20:23:34 - [MESSAGE][PASSED] - Object 'Object Repository/RAD_Pages/TaxInfo_Page/input_NoticeInvoiceNumber' is present

2023-09-09 20:23:34 - [TEST_STEP][PASSED] - verifyElementVisible(findTestObject(orPath_TaxInfo + "/input_NoticeInvoiceNumber")): Object 'Object Repository/RAD_Pages/TaxInfo_Page/input_NoticeInvoiceNumber' is visible

2023-09-09 20:23:34 - [MESSAGE][PASSED] - Object 'Object Repository/RAD_Pages/TaxInfo_Page/input_NoticeInvoiceNumber' is visible

2023-09-09 20:23:34 - [TEST_STEP][PASSED] - verifyElementPresent(findTestObject(orPath_TaxInfo + "/input_reTypeNoticeInvoiceNumber"), 30): Object 'Object Repository/RAD_Pages/TaxInfo_Page/input_reTypeNoticeInvoiceNumber' is present

2023-09-09 20:23:35 - [MESSAGE][PASSED] - Object 'Object Repository/RAD_Pages/TaxInfo_Page/input_reTypeNoticeInvoiceNumber' is present

2023-09-09 20:23:35 - [TEST_STEP][PASSED] - verifyElementVisible(findTestObject(orPath_TaxInfo + "/input_reTypeNoticeInvoiceNumber")): Object 'Object Repository/RAD_Pages/TaxInfo_Page/input_reTypeNoticeInvoiceNumber' is visible

2023-09-09 20:23:35 - [MESSAGE][PASSED] - Object 'Object Repository/RAD_Pages/TaxInfo_Page/input_reTypeNoticeInvoiceNumber' is visible

2023-09-09 20:23:35 - [TEST_STEP][PASSED] - verifyElementNotVisible(findTestObject(orPath_FilingStatus + "/input_userType_Individual")): Object 'Object Repository/RAD_Pages/FilingStatus_Page/input_userType_Individual' is NOT visible

2023-09-09 20:23:35 - [MESSAGE][PASSED] - Object 'Object Repository/RAD_Pages/FilingStatus_Page/input_userType_Individual' is NOT visible

2023-09-09 20:23:35 - [TEST_STEP][PASSED] - verifyElementNotVisible(findTestObject(orPath_FilingStatus + "/input_userType_Joint")): Object 'Object Repository/RAD_Pages/FilingStatus_Page/input_userType_Joint' is NOT visible

2023-09-09 20:23:36 - [MESSAGE][PASSED] - Object 'Object Repository/RAD_Pages/FilingStatus_Page/input_userType_Joint' is NOT visible

2023-09-09 20:23:36 - [TEST_STEP][PASSED] - verifyElementNotVisible(findTestObject(orPath_TaxInfo + "/input_MDCRegistrationEL")): Object 'Object Repository/RAD_Pages/TaxInfo_Page/input_MDCRegistrationEL' is NOT visible

2023-09-09 20:23:36 - [MESSAGE][PASSED] - Object 'Object Repository/RAD_Pages/TaxInfo_Page/input_MDCRegistrationEL' is NOT visible

2023-09-09 20:23:36 - [TEST_STEP][PASSED] - verifyTextPresent("Payment Amount", true): Text 'Payment Amount' is present on page  using regular expression

2023-09-09 20:23:37 - [MESSAGE][PASSED] - Text 'Payment Amount' is present on page  using regular expression

2023-09-09 20:23:37 - [TEST_STEP][PASSED] - verifyElementPresent(findTestObject(orPath_Amount + "/input__paymentAmount"), 30): Object 'Object Repository/RAD_Pages/PaymentAmount_Page/input__paymentAmount' is present

2023-09-09 20:23:37 - [MESSAGE][PASSED] - Object 'Object Repository/RAD_Pages/PaymentAmount_Page/input__paymentAmount' is present

2023-09-09 20:23:37 - [TEST_STEP][PASSED] - verifyElementVisible(findTestObject(orPath_Amount + "/input__paymentAmount")): Object 'Object Repository/RAD_Pages/PaymentAmount_Page/input__paymentAmount' is visible

2023-09-09 20:23:37 - [MESSAGE][PASSED] - Object 'Object Repository/RAD_Pages/PaymentAmount_Page/input__paymentAmount' is visible

2023-09-09 20:23:37 - [TEST_STEP][PASSED] - verifyTextPresent("Service Fee: This electronic government service includes a service/convenience fee. Click here for details", true): Text 'Service Fee: This electronic government service includes a service/convenience fee. Click here for details' is present on page  using regular expression

2023-09-09 20:23:38 - [MESSAGE][PASSED] - Text 'Service Fee: This electronic government service includes a service/convenience fee. Click here for details' is present on page  using regular expression

2023-09-09 20:23:38 - [TEST_STEP][PASSED] - verifyElementPresent(findTestObject(orPath_Amount + "/a_Click here for details"), 30): Object 'Object Repository/RAD_Pages/PaymentAmount_Page/a_Click here for details' is present

2023-09-09 20:23:38 - [MESSAGE][PASSED] - Object 'Object Repository/RAD_Pages/PaymentAmount_Page/a_Click here for details' is present

2023-09-09 20:23:38 - [TEST_STEP][PASSED] - verifyElementPresent(findTestObject(orPath_Landing + "/button_Continue"), 30): Object 'Object Repository/RAD_Pages/Landing_Page/button_Continue' is present

2023-09-09 20:23:38 - [MESSAGE][PASSED] - Object 'Object Repository/RAD_Pages/Landing_Page/button_Continue' is present]]></system-out>
         <system-err><![CDATA[]]></system-err>
      </testcase>
      <testcase name="Test Cases/RAD_TestCases/UI_TestCases/Existing/Existing_FiduciaryTax_UI_TC" time="23.361" classname="Test Cases/RAD_TestCases/UI_TestCases/Existing/Existing_FiduciaryTax_UI_TC" status="PASSED">
         <system-out><![CDATA[2023-09-09 20:23:38 - [TEST_CASE][PASSED] - Test Cases/RAD_TestCases/UI_TestCases/Existing/Existing_FiduciaryTax_UI_TC: Test Cases/RAD_TestCases/UI_TestCases/Existing/Existing_FiduciaryTax_UI_TC

2023-09-09 20:23:39 - [TEST_STEP][PASSED] - openBrowser(""): Browser is opened with url: ''

2023-09-09 20:23:39 - [MESSAGE][WARNING] - A browser is already opened. Closing browser and opening a new one

2023-09-09 20:23:40 - [MESSAGE][INFO] - Starting 'Chrome' driver

2023-09-09 20:23:40 - [MESSAGE][INFO] - User set preference: ['acceptInsecureCerts', 'true']

2023-09-09 20:23:40 - [MESSAGE][INFO] - Action delay is set to 0 milliseconds

2023-09-09 20:23:41 - [MESSAGE][PASSED] - Browser is opened with url: ''

2023-09-09 20:23:41 - [TEST_STEP][PASSED] - maximizeWindow(): Current window maximized

2023-09-09 20:23:41 - [MESSAGE][PASSED] - Current window maximized

2023-09-09 20:23:41 - [TEST_STEP][PASSED] - navigateToUrl(RADurl): Navigate to 'https://qa2.velocitypayment.com/client/rad/index.html' successfully

2023-09-09 20:23:43 - [MESSAGE][PASSED] - Navigate to 'https://qa2.velocitypayment.com/client/rad/index.html' successfully

2023-09-09 20:23:43 - [TEST_STEP][PASSED] - orPath_Landing = "Object Repository/RAD_Pages/Landing_Page": null

2023-09-09 20:23:43 - [TEST_STEP][PASSED] - orPath_TaxTypeFilingYear = "Object Repository/RAD_Pages/TaxTypeFilingYear_Page": null

2023-09-09 20:23:43 - [TEST_STEP][PASSED] - orPath_TaxPayer = "Object Repository/RAD_Pages/Taxpayer_Page": null

2023-09-09 20:23:43 - [TEST_STEP][PASSED] - orPath_AddressContact = "Object Repository/RAD_Pages/AddressAndContactInfo_Page": null

2023-09-09 20:23:43 - [TEST_STEP][PASSED] - orPath_FilingStatus = "Object Repository/RAD_Pages/FilingStatus_Page": null

2023-09-09 20:23:43 - [TEST_STEP][PASSED] - orPath_Amount = "Object Repository/RAD_Pages/PaymentAmount_Page": null

2023-09-09 20:23:43 - [TEST_STEP][PASSED] - orPath_TaxInfo = "Object Repository/RAD_Pages/TaxInfo_Page": null

2023-09-09 20:23:43 - [TEST_STEP][PASSED] - selectOptionByLabel(findTestObject(orPath_Landing + "/dd_TaxType"), "Existing Liability w/Notice Number", false): All options with label 'Existing Liability w/Notice Number' are selected in object 'Object Repository/RAD_Pages/Landing_Page/dd_TaxType' 

2023-09-09 20:23:44 - [MESSAGE][PASSED] - All options with label 'Existing Liability w/Notice Number' are selected in object 'Object Repository/RAD_Pages/Landing_Page/dd_TaxType' 

2023-09-09 20:23:44 - [TEST_STEP][PASSED] - selectOptionByLabel(findTestObject(orPath_TaxTypeFilingYear + "/select_TaxType_ExistingLiability"), "Fiduciary Tax", false): All options with label 'Fiduciary Tax' are selected in object 'Object Repository/RAD_Pages/TaxTypeFilingYear_Page/select_TaxType_ExistingLiability' 

2023-09-09 20:23:44 - [MESSAGE][PASSED] - All options with label 'Fiduciary Tax' are selected in object 'Object Repository/RAD_Pages/TaxTypeFilingYear_Page/select_TaxType_ExistingLiability' 

2023-09-09 20:23:44 - [TEST_STEP][PASSED] - verifyElementNotVisible(findTestObject(orPath_TaxTypeFilingYear + "/select_FilingYear")): Object 'Object Repository/RAD_Pages/TaxTypeFilingYear_Page/select_FilingYear' is NOT visible

2023-09-09 20:23:45 - [MESSAGE][PASSED] - Object 'Object Repository/RAD_Pages/TaxTypeFilingYear_Page/select_FilingYear' is NOT visible

2023-09-09 20:23:45 - [TEST_STEP][PASSED] - verifyElementNotVisible(findTestObject(orPath_TaxTypeFilingYear + "/select_PeriodEnding")): Object 'Object Repository/RAD_Pages/TaxTypeFilingYear_Page/select_PeriodEnding' is NOT visible

2023-09-09 20:23:45 - [MESSAGE][PASSED] - Object 'Object Repository/RAD_Pages/TaxTypeFilingYear_Page/select_PeriodEnding' is NOT visible

2023-09-09 20:23:45 - [TEST_STEP][PASSED] - verifyElementVisible(findTestObject(orPath_TaxPayer + "/input_Note_businessName")): Object 'Object Repository/RAD_Pages/Taxpayer_Page/input_Note_businessName' is visible

2023-09-09 20:23:46 - [MESSAGE][PASSED] - Object 'Object Repository/RAD_Pages/Taxpayer_Page/input_Note_businessName' is visible

2023-09-09 20:23:46 - [TEST_STEP][PASSED] - verifyTextPresent("Taxpayer", true): Text 'Taxpayer' is present on page  using regular expression

2023-09-09 20:23:46 - [MESSAGE][PASSED] - Text 'Taxpayer' is present on page  using regular expression

2023-09-09 20:23:46 - [TEST_STEP][PASSED] - verifyTextPresent("Provide the following taxpayer information", true): Text 'Provide the following taxpayer information' is present on page  using regular expression

2023-09-09 20:23:46 - [MESSAGE][PASSED] - Text 'Provide the following taxpayer information' is present on page  using regular expression

2023-09-09 20:23:46 - [TEST_STEP][PASSED] - verifyTextPresent("Note: If you are paying on behalf of the Taxpayer, enter Taxpayer", true): Text 'Note: If you are paying on behalf of the Taxpayer, enter Taxpayer' is present on page  using regular expression

2023-09-09 20:23:47 - [MESSAGE][PASSED] - Text 'Note: If you are paying on behalf of the Taxpayer, enter Taxpayer' is present on page  using regular expression

2023-09-09 20:23:47 - [TEST_STEP][PASSED] - verifyTextPresent("information here. If you are making a payment for the Taxpayer, you will be required later to enter your own credit card, billing address and other pertinent information", true): Text 'information here. If you are making a payment for the Taxpayer, you will be required later to enter your own credit card, billing address and other pertinent information' is present on page  using regular expression

2023-09-09 20:23:47 - [MESSAGE][PASSED] - Text 'information here. If you are making a payment for the Taxpayer, you will be required later to enter your own credit card, billing address and other pertinent information' is present on page  using regular expression

2023-09-09 20:23:47 - [TEST_STEP][PASSED] - verifyElementNotVisible(findTestObject(orPath_TaxPayer + "/input_firstName")): Object 'Object Repository/RAD_Pages/Taxpayer_Page/input_firstName' is NOT visible

2023-09-09 20:23:48 - [MESSAGE][PASSED] - Object 'Object Repository/RAD_Pages/Taxpayer_Page/input_firstName' is NOT visible

2023-09-09 20:23:48 - [TEST_STEP][PASSED] - verifyElementNotVisible(findTestObject(orPath_TaxPayer + "/input_middleName")): Object 'Object Repository/RAD_Pages/Taxpayer_Page/input_middleName' is NOT visible

2023-09-09 20:23:48 - [MESSAGE][PASSED] - Object 'Object Repository/RAD_Pages/Taxpayer_Page/input_middleName' is NOT visible

2023-09-09 20:23:48 - [TEST_STEP][PASSED] - verifyElementNotVisible(findTestObject(orPath_TaxPayer + "/input_lastName")): Object 'Object Repository/RAD_Pages/Taxpayer_Page/input_lastName' is NOT visible

2023-09-09 20:23:48 - [MESSAGE][PASSED] - Object 'Object Repository/RAD_Pages/Taxpayer_Page/input_lastName' is NOT visible

2023-09-09 20:23:48 - [TEST_STEP][PASSED] - verifyElementNotVisible(findTestObject(orPath_TaxPayer + "/input_suffix")): Object 'Object Repository/RAD_Pages/Taxpayer_Page/input_suffix' is NOT visible

2023-09-09 20:23:49 - [MESSAGE][PASSED] - Object 'Object Repository/RAD_Pages/Taxpayer_Page/input_suffix' is NOT visible

2023-09-09 20:23:49 - [TEST_STEP][PASSED] - verifyElementNotVisible(findTestObject("RAD_RecordAndPlay/input_concatSSN")): Object 'Object Repository/RAD_RecordAndPlay/input_concatSSN' is NOT visible

2023-09-09 20:23:49 - [MESSAGE][PASSED] - Object 'Object Repository/RAD_RecordAndPlay/input_concatSSN' is NOT visible

2023-09-09 20:23:49 - [TEST_STEP][PASSED] - verifyElementNotVisible(findTestObject("RAD_RecordAndPlay/input_concatReSSN")): Object 'Object Repository/RAD_RecordAndPlay/input_concatReSSN' is NOT visible

2023-09-09 20:23:50 - [MESSAGE][PASSED] - Object 'Object Repository/RAD_RecordAndPlay/input_concatReSSN' is NOT visible

2023-09-09 20:23:50 - [TEST_STEP][PASSED] - verifyTextPresent("Address and Contact Information", true): Text 'Address and Contact Information' is present on page  using regular expression

2023-09-09 20:23:50 - [MESSAGE][PASSED] - Text 'Address and Contact Information' is present on page  using regular expression

2023-09-09 20:23:50 - [TEST_STEP][PASSED] - verifyTextPresent("Enter the taxpayer", true): Text 'Enter the taxpayer' is present on page  using regular expression

2023-09-09 20:23:51 - [MESSAGE][PASSED] - Text 'Enter the taxpayer' is present on page  using regular expression

2023-09-09 20:23:51 - [TEST_STEP][PASSED] - verifyTextPresent("address and contact information", true): Text 'address and contact information' is present on page  using regular expression

2023-09-09 20:23:51 - [MESSAGE][PASSED] - Text 'address and contact information' is present on page  using regular expression

2023-09-09 20:23:51 - [TEST_STEP][PASSED] - verifyElementPresent(findTestObject(orPath_AddressContact + "/select_Country"), 30): Object 'Object Repository/RAD_Pages/AddressAndContactInfo_Page/select_Country' is present

2023-09-09 20:23:51 - [MESSAGE][PASSED] - Object 'Object Repository/RAD_Pages/AddressAndContactInfo_Page/select_Country' is present

2023-09-09 20:23:51 - [TEST_STEP][PASSED] - verifyElementPresent(findTestObject(orPath_AddressContact + "/input_streetAddress1"), 30): Object 'Object Repository/RAD_Pages/AddressAndContactInfo_Page/input_streetAddress1' is present

2023-09-09 20:23:52 - [MESSAGE][PASSED] - Object 'Object Repository/RAD_Pages/AddressAndContactInfo_Page/input_streetAddress1' is present

2023-09-09 20:23:52 - [TEST_STEP][PASSED] - verifyElementPresent(findTestObject(orPath_AddressContact + "/input_streetAddress2"), 30): Object 'Object Repository/RAD_Pages/AddressAndContactInfo_Page/input_streetAddress2' is present

2023-09-09 20:23:52 - [MESSAGE][PASSED] - Object 'Object Repository/RAD_Pages/AddressAndContactInfo_Page/input_streetAddress2' is present

2023-09-09 20:23:52 - [TEST_STEP][PASSED] - verifyElementPresent(findTestObject(orPath_AddressContact + "/input_city"), 30): Object 'Object Repository/RAD_Pages/AddressAndContactInfo_Page/input_city' is present

2023-09-09 20:23:52 - [MESSAGE][PASSED] - Object 'Object Repository/RAD_Pages/AddressAndContactInfo_Page/input_city' is present

2023-09-09 20:23:52 - [TEST_STEP][PASSED] - verifyElementPresent(findTestObject(orPath_AddressContact + "/select_State"), 30): Object 'Object Repository/RAD_Pages/AddressAndContactInfo_Page/select_State' is present

2023-09-09 20:23:53 - [MESSAGE][PASSED] - Object 'Object Repository/RAD_Pages/AddressAndContactInfo_Page/select_State' is present

2023-09-09 20:23:53 - [TEST_STEP][PASSED] - verifyElementPresent(findTestObject(orPath_AddressContact + "/input_zipCode"), 30): Object 'Object Repository/RAD_Pages/AddressAndContactInfo_Page/input_zipCode' is present

2023-09-09 20:23:53 - [MESSAGE][PASSED] - Object 'Object Repository/RAD_Pages/AddressAndContactInfo_Page/input_zipCode' is present

2023-09-09 20:23:53 - [TEST_STEP][PASSED] - verifyElementPresent(findTestObject(orPath_AddressContact + "/input_phoneNumber"), 30): Object 'Object Repository/RAD_Pages/AddressAndContactInfo_Page/input_phoneNumber' is present

2023-09-09 20:23:53 - [MESSAGE][PASSED] - Object 'Object Repository/RAD_Pages/AddressAndContactInfo_Page/input_phoneNumber' is present

2023-09-09 20:23:53 - [TEST_STEP][PASSED] - verifyElementPresent(findTestObject(orPath_AddressContact + "/input_eMailAddress"), 30): Object 'Object Repository/RAD_Pages/AddressAndContactInfo_Page/input_eMailAddress' is present

2023-09-09 20:23:54 - [MESSAGE][PASSED] - Object 'Object Repository/RAD_Pages/AddressAndContactInfo_Page/input_eMailAddress' is present

2023-09-09 20:23:54 - [TEST_STEP][PASSED] - verifyElementPresent(findTestObject(orPath_AddressContact + "/input_reEnterEMailAddress"), 30): Object 'Object Repository/RAD_Pages/AddressAndContactInfo_Page/input_reEnterEMailAddress' is present

2023-09-09 20:23:54 - [MESSAGE][PASSED] - Object 'Object Repository/RAD_Pages/AddressAndContactInfo_Page/input_reEnterEMailAddress' is present

2023-09-09 20:23:54 - [TEST_STEP][PASSED] - verifyOptionsPresent(findTestObject(orPath_AddressContact + "/select_Country"), ["United States"]): Options [United States] present.

2023-09-09 20:23:55 - [MESSAGE][PASSED] - Options [United States] present.

2023-09-09 20:23:55 - [TEST_STEP][PASSED] - verifyOptionsPresent(findTestObject(orPath_AddressContact + "/select_State"), ["Alabama", "District of Columbia", "Maryland", "Virginia", "Wyoming"]): Options [Alabama, District of Columbia, Maryland, Virginia, Wyoming] present.

2023-09-09 20:23:56 - [MESSAGE][PASSED] - Options [Alabama, District of Columbia, Maryland, Virginia, Wyoming] present.

2023-09-09 20:23:56 - [TEST_STEP][PASSED] - totalOptionsState = getNumberOfTotalOption(findTestObject(orPath_AddressContact + "/select_State")): 52 options of object 'Object Repository/RAD_Pages/AddressAndContactInfo_Page/select_State' counted

2023-09-09 20:23:56 - [MESSAGE][PASSED] - 52 options of object 'Object Repository/RAD_Pages/AddressAndContactInfo_Page/select_State' counted

2023-09-09 20:23:56 - [TEST_STEP][PASSED] - verifyEqual(totalOptionsState, 52): Actual object '52' and expected object '52' are equal

2023-09-09 20:23:56 - [MESSAGE][PASSED] - Actual object '52' and expected object '52' are equal

2023-09-09 20:23:56 - [TEST_STEP][PASSED] - existing_FEIN = new com.kms.katalon.core.testobject.TestObject(): null

2023-09-09 20:23:56 - [TEST_STEP][PASSED] - existing_FEIN.setSelectorMethod(BASIC): null

2023-09-09 20:23:56 - [TEST_STEP][PASSED] - existing_FEIN.addProperty("name", EQUALS, "taxTypeExisitingFEIN"): null

2023-09-09 20:23:56 - [TEST_STEP][PASSED] - existing_FEIN.addProperty("id", EQUALS, "taxTypeExisitingFEIN"): null

2023-09-09 20:23:56 - [TEST_STEP][PASSED] - existing_FEIN_Retype = new com.kms.katalon.core.testobject.TestObject(): null

2023-09-09 20:23:56 - [TEST_STEP][PASSED] - existing_FEIN_Retype.setSelectorMethod(BASIC): null

2023-09-09 20:23:56 - [TEST_STEP][PASSED] - existing_FEIN_Retype.addProperty("name", EQUALS, "reTaxTypeExisitingFEIN"): null

2023-09-09 20:23:56 - [TEST_STEP][PASSED] - existing_FEIN_Retype.addProperty("id", EQUALS, "reTaxTypeExisitingFEIN"): null

2023-09-09 20:23:56 - [TEST_STEP][PASSED] - verifyTextPresent("Tax Information", true): Text 'Tax Information' is present on page  using regular expression

2023-09-09 20:23:57 - [MESSAGE][PASSED] - Text 'Tax Information' is present on page  using regular expression

2023-09-09 20:23:57 - [TEST_STEP][PASSED] - verifyElementPresent(existing_FEIN, 30): Object '' is present

2023-09-09 20:23:57 - [MESSAGE][PASSED] - Object '' is present

2023-09-09 20:23:57 - [TEST_STEP][PASSED] - verifyElementPresent(existing_FEIN_Retype, 30): Object '' is present

2023-09-09 20:23:57 - [MESSAGE][PASSED] - Object '' is present

2023-09-09 20:23:57 - [TEST_STEP][PASSED] - verifyElementPresent(findTestObject(orPath_TaxInfo + "/input_NoticeInvoiceNumber"), 30): Object 'Object Repository/RAD_Pages/TaxInfo_Page/input_NoticeInvoiceNumber' is present

2023-09-09 20:23:57 - [MESSAGE][PASSED] - Object 'Object Repository/RAD_Pages/TaxInfo_Page/input_NoticeInvoiceNumber' is present

2023-09-09 20:23:57 - [TEST_STEP][PASSED] - verifyElementVisible(findTestObject(orPath_TaxInfo + "/input_NoticeInvoiceNumber")): Object 'Object Repository/RAD_Pages/TaxInfo_Page/input_NoticeInvoiceNumber' is visible

2023-09-09 20:23:58 - [MESSAGE][PASSED] - Object 'Object Repository/RAD_Pages/TaxInfo_Page/input_NoticeInvoiceNumber' is visible

2023-09-09 20:23:58 - [TEST_STEP][PASSED] - verifyElementPresent(findTestObject(orPath_TaxInfo + "/input_reTypeNoticeInvoiceNumber"), 30): Object 'Object Repository/RAD_Pages/TaxInfo_Page/input_reTypeNoticeInvoiceNumber' is present

2023-09-09 20:23:58 - [MESSAGE][PASSED] - Object 'Object Repository/RAD_Pages/TaxInfo_Page/input_reTypeNoticeInvoiceNumber' is present

2023-09-09 20:23:58 - [TEST_STEP][PASSED] - verifyElementVisible(findTestObject(orPath_TaxInfo + "/input_reTypeNoticeInvoiceNumber")): Object 'Object Repository/RAD_Pages/TaxInfo_Page/input_reTypeNoticeInvoiceNumber' is visible

2023-09-09 20:23:58 - [MESSAGE][PASSED] - Object 'Object Repository/RAD_Pages/TaxInfo_Page/input_reTypeNoticeInvoiceNumber' is visible

2023-09-09 20:23:58 - [TEST_STEP][PASSED] - verifyElementNotVisible(findTestObject(orPath_FilingStatus + "/input_userType_Individual")): Object 'Object Repository/RAD_Pages/FilingStatus_Page/input_userType_Individual' is NOT visible

2023-09-09 20:23:59 - [MESSAGE][PASSED] - Object 'Object Repository/RAD_Pages/FilingStatus_Page/input_userType_Individual' is NOT visible

2023-09-09 20:23:59 - [TEST_STEP][PASSED] - verifyElementNotVisible(findTestObject(orPath_FilingStatus + "/input_userType_Joint")): Object 'Object Repository/RAD_Pages/FilingStatus_Page/input_userType_Joint' is NOT visible

2023-09-09 20:23:59 - [MESSAGE][PASSED] - Object 'Object Repository/RAD_Pages/FilingStatus_Page/input_userType_Joint' is NOT visible

2023-09-09 20:23:59 - [TEST_STEP][PASSED] - verifyElementNotVisible(findTestObject(orPath_TaxInfo + "/input_MDCRegistrationEL")): Object 'Object Repository/RAD_Pages/TaxInfo_Page/input_MDCRegistrationEL' is NOT visible

2023-09-09 20:24:00 - [MESSAGE][PASSED] - Object 'Object Repository/RAD_Pages/TaxInfo_Page/input_MDCRegistrationEL' is NOT visible

2023-09-09 20:24:00 - [TEST_STEP][PASSED] - verifyTextPresent("Payment Amount", true): Text 'Payment Amount' is present on page  using regular expression

2023-09-09 20:24:00 - [MESSAGE][PASSED] - Text 'Payment Amount' is present on page  using regular expression

2023-09-09 20:24:00 - [TEST_STEP][PASSED] - verifyElementPresent(findTestObject(orPath_Amount + "/input__paymentAmount"), 30): Object 'Object Repository/RAD_Pages/PaymentAmount_Page/input__paymentAmount' is present

2023-09-09 20:24:00 - [MESSAGE][PASSED] - Object 'Object Repository/RAD_Pages/PaymentAmount_Page/input__paymentAmount' is present

2023-09-09 20:24:00 - [TEST_STEP][PASSED] - verifyElementVisible(findTestObject(orPath_Amount + "/input__paymentAmount")): Object 'Object Repository/RAD_Pages/PaymentAmount_Page/input__paymentAmount' is visible

2023-09-09 20:24:01 - [MESSAGE][PASSED] - Object 'Object Repository/RAD_Pages/PaymentAmount_Page/input__paymentAmount' is visible

2023-09-09 20:24:01 - [TEST_STEP][PASSED] - verifyTextPresent("Service Fee: This electronic government service includes a service/convenience fee. Click here for details", true): Text 'Service Fee: This electronic government service includes a service/convenience fee. Click here for details' is present on page  using regular expression

2023-09-09 20:24:01 - [MESSAGE][PASSED] - Text 'Service Fee: This electronic government service includes a service/convenience fee. Click here for details' is present on page  using regular expression

2023-09-09 20:24:01 - [TEST_STEP][PASSED] - verifyElementPresent(findTestObject(orPath_Amount + "/a_Click here for details"), 30): Object 'Object Repository/RAD_Pages/PaymentAmount_Page/a_Click here for details' is present

2023-09-09 20:24:01 - [MESSAGE][PASSED] - Object 'Object Repository/RAD_Pages/PaymentAmount_Page/a_Click here for details' is present

2023-09-09 20:24:01 - [TEST_STEP][PASSED] - verifyElementPresent(findTestObject(orPath_Landing + "/button_Continue"), 30): Object 'Object Repository/RAD_Pages/Landing_Page/button_Continue' is present

2023-09-09 20:24:02 - [MESSAGE][PASSED] - Object 'Object Repository/RAD_Pages/Landing_Page/button_Continue' is present]]></system-out>
         <system-err><![CDATA[]]></system-err>
      </testcase>
      <testcase name="Test Cases/RAD_TestCases/UI_TestCases/Existing/Existing_PersonalIncomeTax_UI_TC" time="25.105" classname="Test Cases/RAD_TestCases/UI_TestCases/Existing/Existing_PersonalIncomeTax_UI_TC" status="PASSED">
         <system-out><![CDATA[2023-09-09 20:24:02 - [TEST_CASE][PASSED] - Test Cases/RAD_TestCases/UI_TestCases/Existing/Existing_PersonalIncomeTax_UI_TC: Test Cases/RAD_TestCases/UI_TestCases/Existing/Existing_PersonalIncomeTax_UI_TC

2023-09-09 20:24:02 - [TEST_STEP][PASSED] - openBrowser(""): Browser is opened with url: ''

2023-09-09 20:24:02 - [MESSAGE][WARNING] - A browser is already opened. Closing browser and opening a new one

2023-09-09 20:24:03 - [MESSAGE][INFO] - Starting 'Chrome' driver

2023-09-09 20:24:03 - [MESSAGE][INFO] - User set preference: ['acceptInsecureCerts', 'true']

2023-09-09 20:24:03 - [MESSAGE][INFO] - Action delay is set to 0 milliseconds

2023-09-09 20:24:04 - [MESSAGE][PASSED] - Browser is opened with url: ''

2023-09-09 20:24:04 - [TEST_STEP][PASSED] - maximizeWindow(): Current window maximized

2023-09-09 20:24:05 - [MESSAGE][PASSED] - Current window maximized

2023-09-09 20:24:05 - [TEST_STEP][PASSED] - navigateToUrl(RADurl): Navigate to 'https://qa2.velocitypayment.com/client/rad/index.html' successfully

2023-09-09 20:24:06 - [MESSAGE][PASSED] - Navigate to 'https://qa2.velocitypayment.com/client/rad/index.html' successfully

2023-09-09 20:24:06 - [TEST_STEP][PASSED] - orPath_Landing = "Object Repository/RAD_Pages/Landing_Page": null

2023-09-09 20:24:06 - [TEST_STEP][PASSED] - orPath_TaxTypeFilingYear = "Object Repository/RAD_Pages/TaxTypeFilingYear_Page": null

2023-09-09 20:24:06 - [TEST_STEP][PASSED] - orPath_TaxPayer = "Object Repository/RAD_Pages/Taxpayer_Page": null

2023-09-09 20:24:06 - [TEST_STEP][PASSED] - orPath_AddressContact = "Object Repository/RAD_Pages/AddressAndContactInfo_Page": null

2023-09-09 20:24:06 - [TEST_STEP][PASSED] - orPath_FilingStatus = "Object Repository/RAD_Pages/FilingStatus_Page": null

2023-09-09 20:24:06 - [TEST_STEP][PASSED] - orPath_Amount = "Object Repository/RAD_Pages/PaymentAmount_Page": null

2023-09-09 20:24:06 - [TEST_STEP][PASSED] - orPath_TaxInfo = "Object Repository/RAD_Pages/TaxInfo_Page": null

2023-09-09 20:24:06 - [TEST_STEP][PASSED] - selectOptionByLabel(findTestObject(orPath_Landing + "/dd_TaxType"), "Existing Liability w/Notice Number", false): All options with label 'Existing Liability w/Notice Number' are selected in object 'Object Repository/RAD_Pages/Landing_Page/dd_TaxType' 

2023-09-09 20:24:07 - [MESSAGE][PASSED] - All options with label 'Existing Liability w/Notice Number' are selected in object 'Object Repository/RAD_Pages/Landing_Page/dd_TaxType' 

2023-09-09 20:24:07 - [TEST_STEP][PASSED] - selectOptionByLabel(findTestObject(orPath_TaxTypeFilingYear + "/select_TaxType_ExistingLiability"), "Personal Income Tax", false): All options with label 'Personal Income Tax' are selected in object 'Object Repository/RAD_Pages/TaxTypeFilingYear_Page/select_TaxType_ExistingLiability' 

2023-09-09 20:24:08 - [MESSAGE][PASSED] - All options with label 'Personal Income Tax' are selected in object 'Object Repository/RAD_Pages/TaxTypeFilingYear_Page/select_TaxType_ExistingLiability' 

2023-09-09 20:24:08 - [TEST_STEP][PASSED] - verifyElementNotVisible(findTestObject(orPath_TaxTypeFilingYear + "/select_FilingYear")): Object 'Object Repository/RAD_Pages/TaxTypeFilingYear_Page/select_FilingYear' is NOT visible

2023-09-09 20:24:08 - [MESSAGE][PASSED] - Object 'Object Repository/RAD_Pages/TaxTypeFilingYear_Page/select_FilingYear' is NOT visible

2023-09-09 20:24:08 - [TEST_STEP][PASSED] - verifyElementNotVisible(findTestObject(orPath_TaxTypeFilingYear + "/select_PeriodEnding")): Object 'Object Repository/RAD_Pages/TaxTypeFilingYear_Page/select_PeriodEnding' is NOT visible

2023-09-09 20:24:08 - [MESSAGE][PASSED] - Object 'Object Repository/RAD_Pages/TaxTypeFilingYear_Page/select_PeriodEnding' is NOT visible

2023-09-09 20:24:08 - [TEST_STEP][PASSED] - verifyTextPresent("Taxpayer", true): Text 'Taxpayer' is present on page  using regular expression

2023-09-09 20:24:09 - [MESSAGE][PASSED] - Text 'Taxpayer' is present on page  using regular expression

2023-09-09 20:24:09 - [TEST_STEP][PASSED] - verifyTextPresent("Provide the following taxpayer information", true): Text 'Provide the following taxpayer information' is present on page  using regular expression

2023-09-09 20:24:09 - [MESSAGE][PASSED] - Text 'Provide the following taxpayer information' is present on page  using regular expression

2023-09-09 20:24:09 - [TEST_STEP][PASSED] - verifyTextPresent("Note: If you are paying on behalf of the Taxpayer, enter Taxpayer", true): Text 'Note: If you are paying on behalf of the Taxpayer, enter Taxpayer' is present on page  using regular expression

2023-09-09 20:24:10 - [MESSAGE][PASSED] - Text 'Note: If you are paying on behalf of the Taxpayer, enter Taxpayer' is present on page  using regular expression

2023-09-09 20:24:10 - [TEST_STEP][PASSED] - verifyTextPresent("information here. If you are making a payment for the Taxpayer, you will be required later to enter your own credit card, billing address and other pertinent information", true): Text 'information here. If you are making a payment for the Taxpayer, you will be required later to enter your own credit card, billing address and other pertinent information' is present on page  using regular expression

2023-09-09 20:24:10 - [MESSAGE][PASSED] - Text 'information here. If you are making a payment for the Taxpayer, you will be required later to enter your own credit card, billing address and other pertinent information' is present on page  using regular expression

2023-09-09 20:24:10 - [TEST_STEP][PASSED] - verifyElementNotVisible(findTestObject(orPath_TaxPayer + "/input_Note_businessName")): Object 'Object Repository/RAD_Pages/Taxpayer_Page/input_Note_businessName' is NOT visible

2023-09-09 20:24:10 - [MESSAGE][PASSED] - Object 'Object Repository/RAD_Pages/Taxpayer_Page/input_Note_businessName' is NOT visible

2023-09-09 20:24:10 - [TEST_STEP][PASSED] - verifyElementPresent(findTestObject(orPath_TaxPayer + "/input_firstName"), 30): Object 'Object Repository/RAD_Pages/Taxpayer_Page/input_firstName' is present

2023-09-09 20:24:11 - [MESSAGE][PASSED] - Object 'Object Repository/RAD_Pages/Taxpayer_Page/input_firstName' is present

2023-09-09 20:24:11 - [TEST_STEP][PASSED] - verifyElementVisible(findTestObject(orPath_TaxPayer + "/input_firstName")): Object 'Object Repository/RAD_Pages/Taxpayer_Page/input_firstName' is visible

2023-09-09 20:24:11 - [MESSAGE][PASSED] - Object 'Object Repository/RAD_Pages/Taxpayer_Page/input_firstName' is visible

2023-09-09 20:24:11 - [TEST_STEP][PASSED] - verifyElementPresent(findTestObject(orPath_TaxPayer + "/input_middleName"), 30): Object 'Object Repository/RAD_Pages/Taxpayer_Page/input_middleName' is present

2023-09-09 20:24:11 - [MESSAGE][PASSED] - Object 'Object Repository/RAD_Pages/Taxpayer_Page/input_middleName' is present

2023-09-09 20:24:11 - [TEST_STEP][PASSED] - verifyElementVisible(findTestObject(orPath_TaxPayer + "/input_middleName")): Object 'Object Repository/RAD_Pages/Taxpayer_Page/input_middleName' is visible

2023-09-09 20:24:12 - [MESSAGE][PASSED] - Object 'Object Repository/RAD_Pages/Taxpayer_Page/input_middleName' is visible

2023-09-09 20:24:12 - [TEST_STEP][PASSED] - verifyElementPresent(findTestObject(orPath_TaxPayer + "/input_lastName"), 30): Object 'Object Repository/RAD_Pages/Taxpayer_Page/input_lastName' is present

2023-09-09 20:24:12 - [MESSAGE][PASSED] - Object 'Object Repository/RAD_Pages/Taxpayer_Page/input_lastName' is present

2023-09-09 20:24:12 - [TEST_STEP][PASSED] - verifyElementVisible(findTestObject(orPath_TaxPayer + "/input_lastName")): Object 'Object Repository/RAD_Pages/Taxpayer_Page/input_lastName' is visible

2023-09-09 20:24:12 - [MESSAGE][PASSED] - Object 'Object Repository/RAD_Pages/Taxpayer_Page/input_lastName' is visible

2023-09-09 20:24:12 - [TEST_STEP][PASSED] - verifyElementPresent(findTestObject(orPath_TaxPayer + "/input_suffix"), 30): Object 'Object Repository/RAD_Pages/Taxpayer_Page/input_suffix' is present

2023-09-09 20:24:13 - [MESSAGE][PASSED] - Object 'Object Repository/RAD_Pages/Taxpayer_Page/input_suffix' is present

2023-09-09 20:24:13 - [TEST_STEP][PASSED] - verifyElementVisible(findTestObject(orPath_TaxPayer + "/input_suffix")): Object 'Object Repository/RAD_Pages/Taxpayer_Page/input_suffix' is visible

2023-09-09 20:24:13 - [MESSAGE][PASSED] - Object 'Object Repository/RAD_Pages/Taxpayer_Page/input_suffix' is visible

2023-09-09 20:24:13 - [TEST_STEP][PASSED] - verifyTextPresent("Address and Contact Information", true): Text 'Address and Contact Information' is present on page  using regular expression

2023-09-09 20:24:13 - [MESSAGE][PASSED] - Text 'Address and Contact Information' is present on page  using regular expression

2023-09-09 20:24:13 - [TEST_STEP][PASSED] - verifyTextPresent("Enter the taxpayer", true): Text 'Enter the taxpayer' is present on page  using regular expression

2023-09-09 20:24:14 - [MESSAGE][PASSED] - Text 'Enter the taxpayer' is present on page  using regular expression

2023-09-09 20:24:14 - [TEST_STEP][PASSED] - verifyTextPresent("address and contact information", true): Text 'address and contact information' is present on page  using regular expression

2023-09-09 20:24:14 - [MESSAGE][PASSED] - Text 'address and contact information' is present on page  using regular expression

2023-09-09 20:24:14 - [TEST_STEP][PASSED] - verifyElementPresent(findTestObject(orPath_AddressContact + "/select_Country"), 30): Object 'Object Repository/RAD_Pages/AddressAndContactInfo_Page/select_Country' is present

2023-09-09 20:24:15 - [MESSAGE][PASSED] - Object 'Object Repository/RAD_Pages/AddressAndContactInfo_Page/select_Country' is present

2023-09-09 20:24:15 - [TEST_STEP][PASSED] - verifyElementPresent(findTestObject(orPath_AddressContact + "/input_streetAddress1"), 30): Object 'Object Repository/RAD_Pages/AddressAndContactInfo_Page/input_streetAddress1' is present

2023-09-09 20:24:15 - [MESSAGE][PASSED] - Object 'Object Repository/RAD_Pages/AddressAndContactInfo_Page/input_streetAddress1' is present

2023-09-09 20:24:15 - [TEST_STEP][PASSED] - verifyElementPresent(findTestObject(orPath_AddressContact + "/input_streetAddress2"), 30): Object 'Object Repository/RAD_Pages/AddressAndContactInfo_Page/input_streetAddress2' is present

2023-09-09 20:24:15 - [MESSAGE][PASSED] - Object 'Object Repository/RAD_Pages/AddressAndContactInfo_Page/input_streetAddress2' is present

2023-09-09 20:24:15 - [TEST_STEP][PASSED] - verifyElementPresent(findTestObject(orPath_AddressContact + "/input_city"), 30): Object 'Object Repository/RAD_Pages/AddressAndContactInfo_Page/input_city' is present

2023-09-09 20:24:16 - [MESSAGE][PASSED] - Object 'Object Repository/RAD_Pages/AddressAndContactInfo_Page/input_city' is present

2023-09-09 20:24:16 - [TEST_STEP][PASSED] - verifyElementPresent(findTestObject(orPath_AddressContact + "/select_State"), 30): Object 'Object Repository/RAD_Pages/AddressAndContactInfo_Page/select_State' is present

2023-09-09 20:24:16 - [MESSAGE][PASSED] - Object 'Object Repository/RAD_Pages/AddressAndContactInfo_Page/select_State' is present

2023-09-09 20:24:16 - [TEST_STEP][PASSED] - verifyElementPresent(findTestObject(orPath_AddressContact + "/input_zipCode"), 30): Object 'Object Repository/RAD_Pages/AddressAndContactInfo_Page/input_zipCode' is present

2023-09-09 20:24:16 - [MESSAGE][PASSED] - Object 'Object Repository/RAD_Pages/AddressAndContactInfo_Page/input_zipCode' is present

2023-09-09 20:24:16 - [TEST_STEP][PASSED] - verifyElementPresent(findTestObject(orPath_AddressContact + "/input_phoneNumber"), 30): Object 'Object Repository/RAD_Pages/AddressAndContactInfo_Page/input_phoneNumber' is present

2023-09-09 20:24:17 - [MESSAGE][PASSED] - Object 'Object Repository/RAD_Pages/AddressAndContactInfo_Page/input_phoneNumber' is present

2023-09-09 20:24:17 - [TEST_STEP][PASSED] - verifyElementPresent(findTestObject(orPath_AddressContact + "/input_eMailAddress"), 30): Object 'Object Repository/RAD_Pages/AddressAndContactInfo_Page/input_eMailAddress' is present

2023-09-09 20:24:17 - [MESSAGE][PASSED] - Object 'Object Repository/RAD_Pages/AddressAndContactInfo_Page/input_eMailAddress' is present

2023-09-09 20:24:17 - [TEST_STEP][PASSED] - verifyElementPresent(findTestObject(orPath_AddressContact + "/input_reEnterEMailAddress"), 30): Object 'Object Repository/RAD_Pages/AddressAndContactInfo_Page/input_reEnterEMailAddress' is present

2023-09-09 20:24:17 - [MESSAGE][PASSED] - Object 'Object Repository/RAD_Pages/AddressAndContactInfo_Page/input_reEnterEMailAddress' is present

2023-09-09 20:24:17 - [TEST_STEP][PASSED] - verifyOptionsPresent(findTestObject(orPath_AddressContact + "/select_Country"), ["United States"]): Options [United States] present.

2023-09-09 20:24:18 - [MESSAGE][PASSED] - Options [United States] present.

2023-09-09 20:24:18 - [TEST_STEP][PASSED] - verifyOptionsPresent(findTestObject(orPath_AddressContact + "/select_State"), ["Alabama", "District of Columbia", "Maryland", "Virginia", "Wyoming"]): Options [Alabama, District of Columbia, Maryland, Virginia, Wyoming] present.

2023-09-09 20:24:19 - [MESSAGE][PASSED] - Options [Alabama, District of Columbia, Maryland, Virginia, Wyoming] present.

2023-09-09 20:24:19 - [TEST_STEP][PASSED] - totalOptionsState = getNumberOfTotalOption(findTestObject(orPath_AddressContact + "/select_State")): 52 options of object 'Object Repository/RAD_Pages/AddressAndContactInfo_Page/select_State' counted

2023-09-09 20:24:19 - [MESSAGE][PASSED] - 52 options of object 'Object Repository/RAD_Pages/AddressAndContactInfo_Page/select_State' counted

2023-09-09 20:24:19 - [TEST_STEP][PASSED] - verifyEqual(totalOptionsState, 52): Actual object '52' and expected object '52' are equal

2023-09-09 20:24:20 - [MESSAGE][PASSED] - Actual object '52' and expected object '52' are equal

2023-09-09 20:24:20 - [TEST_STEP][PASSED] - verifyElementPresent(findTestObject(orPath_TaxInfo + "/input_NoticeInvoiceNumber"), 30): Object 'Object Repository/RAD_Pages/TaxInfo_Page/input_NoticeInvoiceNumber' is present

2023-09-09 20:24:20 - [MESSAGE][PASSED] - Object 'Object Repository/RAD_Pages/TaxInfo_Page/input_NoticeInvoiceNumber' is present

2023-09-09 20:24:20 - [TEST_STEP][PASSED] - verifyElementVisible(findTestObject(orPath_TaxInfo + "/input_NoticeInvoiceNumber")): Object 'Object Repository/RAD_Pages/TaxInfo_Page/input_NoticeInvoiceNumber' is visible

2023-09-09 20:24:20 - [MESSAGE][PASSED] - Object 'Object Repository/RAD_Pages/TaxInfo_Page/input_NoticeInvoiceNumber' is visible

2023-09-09 20:24:20 - [TEST_STEP][PASSED] - verifyElementPresent(findTestObject(orPath_TaxInfo + "/input_reTypeNoticeInvoiceNumber"), 30): Object 'Object Repository/RAD_Pages/TaxInfo_Page/input_reTypeNoticeInvoiceNumber' is present

2023-09-09 20:24:21 - [MESSAGE][PASSED] - Object 'Object Repository/RAD_Pages/TaxInfo_Page/input_reTypeNoticeInvoiceNumber' is present

2023-09-09 20:24:21 - [TEST_STEP][PASSED] - verifyElementVisible(findTestObject(orPath_TaxInfo + "/input_reTypeNoticeInvoiceNumber")): Object 'Object Repository/RAD_Pages/TaxInfo_Page/input_reTypeNoticeInvoiceNumber' is visible

2023-09-09 20:24:21 - [MESSAGE][PASSED] - Object 'Object Repository/RAD_Pages/TaxInfo_Page/input_reTypeNoticeInvoiceNumber' is visible

2023-09-09 20:24:21 - [TEST_STEP][PASSED] - verifyElementPresent(findTestObject("RAD_RecordAndPlay/input_concatSSN"), 30): Object 'Object Repository/RAD_RecordAndPlay/input_concatSSN' is present

2023-09-09 20:24:21 - [MESSAGE][PASSED] - Object 'Object Repository/RAD_RecordAndPlay/input_concatSSN' is present

2023-09-09 20:24:21 - [TEST_STEP][PASSED] - verifyElementPresent(findTestObject("RAD_RecordAndPlay/input_concatReSSN"), 30): Object 'Object Repository/RAD_RecordAndPlay/input_concatReSSN' is present

2023-09-09 20:24:22 - [MESSAGE][PASSED] - Object 'Object Repository/RAD_RecordAndPlay/input_concatReSSN' is present

2023-09-09 20:24:22 - [TEST_STEP][PASSED] - verifyTextPresent("Tax Information", true): Text 'Tax Information' is present on page  using regular expression

2023-09-09 20:24:22 - [MESSAGE][PASSED] - Text 'Tax Information' is present on page  using regular expression

2023-09-09 20:24:22 - [TEST_STEP][PASSED] - verifyElementNotVisible(findTestObject(orPath_TaxInfo + "/input_FederalEIN-2")): Object 'Object Repository/RAD_Pages/TaxInfo_Page/input_FederalEIN-2' is NOT visible

2023-09-09 20:24:23 - [MESSAGE][PASSED] - Object 'Object Repository/RAD_Pages/TaxInfo_Page/input_FederalEIN-2' is NOT visible

2023-09-09 20:24:23 - [TEST_STEP][PASSED] - verifyElementNotVisible(findTestObject(orPath_TaxInfo + "/input_FederalEIN_ReEnter-2")): Object 'Object Repository/RAD_Pages/TaxInfo_Page/input_FederalEIN_ReEnter-2' is NOT visible

2023-09-09 20:24:23 - [MESSAGE][PASSED] - Object 'Object Repository/RAD_Pages/TaxInfo_Page/input_FederalEIN_ReEnter-2' is NOT visible

2023-09-09 20:24:23 - [TEST_STEP][PASSED] - verifyElementNotVisible(findTestObject(orPath_FilingStatus + "/input_userType_Individual")): Object 'Object Repository/RAD_Pages/FilingStatus_Page/input_userType_Individual' is NOT visible

2023-09-09 20:24:24 - [MESSAGE][PASSED] - Object 'Object Repository/RAD_Pages/FilingStatus_Page/input_userType_Individual' is NOT visible

2023-09-09 20:24:24 - [TEST_STEP][PASSED] - verifyElementNotVisible(findTestObject(orPath_FilingStatus + "/input_userType_Joint")): Object 'Object Repository/RAD_Pages/FilingStatus_Page/input_userType_Joint' is NOT visible

2023-09-09 20:24:24 - [MESSAGE][PASSED] - Object 'Object Repository/RAD_Pages/FilingStatus_Page/input_userType_Joint' is NOT visible

2023-09-09 20:24:24 - [TEST_STEP][PASSED] - verifyElementNotVisible(findTestObject(orPath_TaxInfo + "/input_MDCRegistrationEL")): Object 'Object Repository/RAD_Pages/TaxInfo_Page/input_MDCRegistrationEL' is NOT visible

2023-09-09 20:24:25 - [MESSAGE][PASSED] - Object 'Object Repository/RAD_Pages/TaxInfo_Page/input_MDCRegistrationEL' is NOT visible

2023-09-09 20:24:25 - [TEST_STEP][PASSED] - verifyTextPresent("Payment Amount", true): Text 'Payment Amount' is present on page  using regular expression

2023-09-09 20:24:25 - [MESSAGE][PASSED] - Text 'Payment Amount' is present on page  using regular expression

2023-09-09 20:24:25 - [TEST_STEP][PASSED] - verifyElementPresent(findTestObject(orPath_Amount + "/input__paymentAmount"), 30): Object 'Object Repository/RAD_Pages/PaymentAmount_Page/input__paymentAmount' is present

2023-09-09 20:24:25 - [MESSAGE][PASSED] - Object 'Object Repository/RAD_Pages/PaymentAmount_Page/input__paymentAmount' is present

2023-09-09 20:24:25 - [TEST_STEP][PASSED] - verifyElementVisible(findTestObject(orPath_Amount + "/input__paymentAmount")): Object 'Object Repository/RAD_Pages/PaymentAmount_Page/input__paymentAmount' is visible

2023-09-09 20:24:26 - [MESSAGE][PASSED] - Object 'Object Repository/RAD_Pages/PaymentAmount_Page/input__paymentAmount' is visible

2023-09-09 20:24:26 - [TEST_STEP][PASSED] - verifyTextPresent("Service Fee: This electronic government service includes a service/convenience fee. Click here for details", true): Text 'Service Fee: This electronic government service includes a service/convenience fee. Click here for details' is present on page  using regular expression

2023-09-09 20:24:26 - [MESSAGE][PASSED] - Text 'Service Fee: This electronic government service includes a service/convenience fee. Click here for details' is present on page  using regular expression

2023-09-09 20:24:26 - [TEST_STEP][PASSED] - verifyElementPresent(findTestObject(orPath_Amount + "/a_Click here for details"), 30): Object 'Object Repository/RAD_Pages/PaymentAmount_Page/a_Click here for details' is present

2023-09-09 20:24:26 - [MESSAGE][PASSED] - Object 'Object Repository/RAD_Pages/PaymentAmount_Page/a_Click here for details' is present

2023-09-09 20:24:26 - [TEST_STEP][PASSED] - verifyElementPresent(findTestObject(orPath_Landing + "/button_Continue"), 30): Object 'Object Repository/RAD_Pages/Landing_Page/button_Continue' is present

2023-09-09 20:24:27 - [MESSAGE][PASSED] - Object 'Object Repository/RAD_Pages/Landing_Page/button_Continue' is present]]></system-out>
         <system-err><![CDATA[]]></system-err>
      </testcase>
      <testcase name="Test Cases/RAD_TestCases/UI_TestCases/Existing/Existing_PTENonElectingNonSCorp_UI_TC" time="24.002" classname="Test Cases/RAD_TestCases/UI_TestCases/Existing/Existing_PTENonElectingNonSCorp_UI_TC" status="PASSED">
         <system-out><![CDATA[2023-09-09 20:24:27 - [TEST_CASE][PASSED] - Test Cases/RAD_TestCases/UI_TestCases/Existing/Existing_PTENonElectingNonSCorp_UI_TC: Test Cases/RAD_TestCases/UI_TestCases/Existing/Existing_PTENonElectingNonSCorp_UI_TC

2023-09-09 20:24:27 - [TEST_STEP][PASSED] - openBrowser(""): Browser is opened with url: ''

2023-09-09 20:24:27 - [MESSAGE][WARNING] - A browser is already opened. Closing browser and opening a new one

2023-09-09 20:24:28 - [MESSAGE][INFO] - Starting 'Chrome' driver

2023-09-09 20:24:28 - [MESSAGE][INFO] - User set preference: ['acceptInsecureCerts', 'true']

2023-09-09 20:24:28 - [MESSAGE][INFO] - Action delay is set to 0 milliseconds

2023-09-09 20:24:30 - [MESSAGE][PASSED] - Browser is opened with url: ''

2023-09-09 20:24:30 - [TEST_STEP][PASSED] - maximizeWindow(): Current window maximized

2023-09-09 20:24:30 - [MESSAGE][PASSED] - Current window maximized

2023-09-09 20:24:30 - [TEST_STEP][PASSED] - navigateToUrl(RADurl): Navigate to 'https://qa2.velocitypayment.com/client/rad/index.html' successfully

2023-09-09 20:24:31 - [MESSAGE][PASSED] - Navigate to 'https://qa2.velocitypayment.com/client/rad/index.html' successfully

2023-09-09 20:24:31 - [TEST_STEP][PASSED] - orPath_Landing = "Object Repository/RAD_Pages/Landing_Page": null

2023-09-09 20:24:31 - [TEST_STEP][PASSED] - orPath_TaxTypeFilingYear = "Object Repository/RAD_Pages/TaxTypeFilingYear_Page": null

2023-09-09 20:24:31 - [TEST_STEP][PASSED] - orPath_TaxPayer = "Object Repository/RAD_Pages/Taxpayer_Page": null

2023-09-09 20:24:31 - [TEST_STEP][PASSED] - orPath_AddressContact = "Object Repository/RAD_Pages/AddressAndContactInfo_Page": null

2023-09-09 20:24:31 - [TEST_STEP][PASSED] - orPath_FilingStatus = "Object Repository/RAD_Pages/FilingStatus_Page": null

2023-09-09 20:24:31 - [TEST_STEP][PASSED] - orPath_Amount = "Object Repository/RAD_Pages/PaymentAmount_Page": null

2023-09-09 20:24:31 - [TEST_STEP][PASSED] - orPath_TaxInfo = "Object Repository/RAD_Pages/TaxInfo_Page": null

2023-09-09 20:24:31 - [TEST_STEP][PASSED] - selectOptionByLabel(findTestObject(orPath_Landing + "/dd_TaxType"), "Existing Liability w/Notice Number", false): All options with label 'Existing Liability w/Notice Number' are selected in object 'Object Repository/RAD_Pages/Landing_Page/dd_TaxType' 

2023-09-09 20:24:32 - [MESSAGE][PASSED] - All options with label 'Existing Liability w/Notice Number' are selected in object 'Object Repository/RAD_Pages/Landing_Page/dd_TaxType' 

2023-09-09 20:24:32 - [TEST_STEP][PASSED] - selectOptionByLabel(findTestObject(orPath_TaxTypeFilingYear + "/select_TaxType_ExistingLiability"), "PTE Non-Electing Non-S Corp", false): All options with label 'PTE Non-Electing Non-S Corp' are selected in object 'Object Repository/RAD_Pages/TaxTypeFilingYear_Page/select_TaxType_ExistingLiability' 

2023-09-09 20:24:33 - [MESSAGE][PASSED] - All options with label 'PTE Non-Electing Non-S Corp' are selected in object 'Object Repository/RAD_Pages/TaxTypeFilingYear_Page/select_TaxType_ExistingLiability' 

2023-09-09 20:24:33 - [TEST_STEP][PASSED] - verifyElementNotVisible(findTestObject(orPath_TaxTypeFilingYear + "/select_FilingYear")): Object 'Object Repository/RAD_Pages/TaxTypeFilingYear_Page/select_FilingYear' is NOT visible

2023-09-09 20:24:33 - [MESSAGE][PASSED] - Object 'Object Repository/RAD_Pages/TaxTypeFilingYear_Page/select_FilingYear' is NOT visible

2023-09-09 20:24:33 - [TEST_STEP][PASSED] - verifyElementNotVisible(findTestObject(orPath_TaxTypeFilingYear + "/select_PeriodEnding")): Object 'Object Repository/RAD_Pages/TaxTypeFilingYear_Page/select_PeriodEnding' is NOT visible

2023-09-09 20:24:34 - [MESSAGE][PASSED] - Object 'Object Repository/RAD_Pages/TaxTypeFilingYear_Page/select_PeriodEnding' is NOT visible

2023-09-09 20:24:34 - [TEST_STEP][PASSED] - verifyTextPresent("Taxpayer", true): Text 'Taxpayer' is present on page  using regular expression

2023-09-09 20:24:34 - [MESSAGE][PASSED] - Text 'Taxpayer' is present on page  using regular expression

2023-09-09 20:24:34 - [TEST_STEP][PASSED] - verifyTextPresent("Provide the following taxpayer information", true): Text 'Provide the following taxpayer information' is present on page  using regular expression

2023-09-09 20:24:34 - [MESSAGE][PASSED] - Text 'Provide the following taxpayer information' is present on page  using regular expression

2023-09-09 20:24:34 - [TEST_STEP][PASSED] - verifyTextPresent("Note: If you are paying on behalf of the Taxpayer, enter Taxpayer", true): Text 'Note: If you are paying on behalf of the Taxpayer, enter Taxpayer' is present on page  using regular expression

2023-09-09 20:24:35 - [MESSAGE][PASSED] - Text 'Note: If you are paying on behalf of the Taxpayer, enter Taxpayer' is present on page  using regular expression

2023-09-09 20:24:35 - [TEST_STEP][PASSED] - verifyTextPresent("information here. If you are making a payment for the Taxpayer, you will be required later to enter your own credit card, billing address and other pertinent information", true): Text 'information here. If you are making a payment for the Taxpayer, you will be required later to enter your own credit card, billing address and other pertinent information' is present on page  using regular expression

2023-09-09 20:24:35 - [MESSAGE][PASSED] - Text 'information here. If you are making a payment for the Taxpayer, you will be required later to enter your own credit card, billing address and other pertinent information' is present on page  using regular expression

2023-09-09 20:24:35 - [TEST_STEP][PASSED] - verifyElementVisible(findTestObject(orPath_TaxPayer + "/input_Note_businessName")): Object 'Object Repository/RAD_Pages/Taxpayer_Page/input_Note_businessName' is visible

2023-09-09 20:24:36 - [MESSAGE][PASSED] - Object 'Object Repository/RAD_Pages/Taxpayer_Page/input_Note_businessName' is visible

2023-09-09 20:24:36 - [TEST_STEP][PASSED] - verifyElementNotVisible(findTestObject(orPath_TaxPayer + "/input_firstName")): Object 'Object Repository/RAD_Pages/Taxpayer_Page/input_firstName' is NOT visible

2023-09-09 20:24:36 - [MESSAGE][PASSED] - Object 'Object Repository/RAD_Pages/Taxpayer_Page/input_firstName' is NOT visible

2023-09-09 20:24:36 - [TEST_STEP][PASSED] - verifyElementNotVisible(findTestObject(orPath_TaxPayer + "/input_middleName")): Object 'Object Repository/RAD_Pages/Taxpayer_Page/input_middleName' is NOT visible

2023-09-09 20:24:36 - [MESSAGE][PASSED] - Object 'Object Repository/RAD_Pages/Taxpayer_Page/input_middleName' is NOT visible

2023-09-09 20:24:36 - [TEST_STEP][PASSED] - verifyElementNotVisible(findTestObject(orPath_TaxPayer + "/input_lastName")): Object 'Object Repository/RAD_Pages/Taxpayer_Page/input_lastName' is NOT visible

2023-09-09 20:24:37 - [MESSAGE][PASSED] - Object 'Object Repository/RAD_Pages/Taxpayer_Page/input_lastName' is NOT visible

2023-09-09 20:24:37 - [TEST_STEP][PASSED] - verifyElementNotVisible(findTestObject(orPath_TaxPayer + "/input_suffix")): Object 'Object Repository/RAD_Pages/Taxpayer_Page/input_suffix' is NOT visible

2023-09-09 20:24:37 - [MESSAGE][PASSED] - Object 'Object Repository/RAD_Pages/Taxpayer_Page/input_suffix' is NOT visible

2023-09-09 20:24:37 - [TEST_STEP][PASSED] - verifyElementNotVisible(findTestObject("RAD_RecordAndPlay/input_concatSSN")): Object 'Object Repository/RAD_RecordAndPlay/input_concatSSN' is NOT visible

2023-09-09 20:24:37 - [MESSAGE][PASSED] - Object 'Object Repository/RAD_RecordAndPlay/input_concatSSN' is NOT visible

2023-09-09 20:24:37 - [TEST_STEP][PASSED] - verifyElementNotVisible(findTestObject("RAD_RecordAndPlay/input_concatReSSN")): Object 'Object Repository/RAD_RecordAndPlay/input_concatReSSN' is NOT visible

2023-09-09 20:24:38 - [MESSAGE][PASSED] - Object 'Object Repository/RAD_RecordAndPlay/input_concatReSSN' is NOT visible

2023-09-09 20:24:38 - [TEST_STEP][PASSED] - verifyTextPresent("Address and Contact Information", true): Text 'Address and Contact Information' is present on page  using regular expression

2023-09-09 20:24:39 - [MESSAGE][PASSED] - Text 'Address and Contact Information' is present on page  using regular expression

2023-09-09 20:24:39 - [TEST_STEP][PASSED] - verifyTextPresent("Enter the taxpayer", true): Text 'Enter the taxpayer' is present on page  using regular expression

2023-09-09 20:24:39 - [MESSAGE][PASSED] - Text 'Enter the taxpayer' is present on page  using regular expression

2023-09-09 20:24:39 - [TEST_STEP][PASSED] - verifyTextPresent("address and contact information", true): Text 'address and contact information' is present on page  using regular expression

2023-09-09 20:24:39 - [MESSAGE][PASSED] - Text 'address and contact information' is present on page  using regular expression

2023-09-09 20:24:39 - [TEST_STEP][PASSED] - verifyElementPresent(findTestObject(orPath_AddressContact + "/select_Country"), 30): Object 'Object Repository/RAD_Pages/AddressAndContactInfo_Page/select_Country' is present

2023-09-09 20:24:40 - [MESSAGE][PASSED] - Object 'Object Repository/RAD_Pages/AddressAndContactInfo_Page/select_Country' is present

2023-09-09 20:24:40 - [TEST_STEP][PASSED] - verifyElementPresent(findTestObject(orPath_AddressContact + "/input_streetAddress1"), 30): Object 'Object Repository/RAD_Pages/AddressAndContactInfo_Page/input_streetAddress1' is present

2023-09-09 20:24:40 - [MESSAGE][PASSED] - Object 'Object Repository/RAD_Pages/AddressAndContactInfo_Page/input_streetAddress1' is present

2023-09-09 20:24:40 - [TEST_STEP][PASSED] - verifyElementPresent(findTestObject(orPath_AddressContact + "/input_streetAddress2"), 30): Object 'Object Repository/RAD_Pages/AddressAndContactInfo_Page/input_streetAddress2' is present

2023-09-09 20:24:40 - [MESSAGE][PASSED] - Object 'Object Repository/RAD_Pages/AddressAndContactInfo_Page/input_streetAddress2' is present

2023-09-09 20:24:40 - [TEST_STEP][PASSED] - verifyElementPresent(findTestObject(orPath_AddressContact + "/input_city"), 30): Object 'Object Repository/RAD_Pages/AddressAndContactInfo_Page/input_city' is present

2023-09-09 20:24:41 - [MESSAGE][PASSED] - Object 'Object Repository/RAD_Pages/AddressAndContactInfo_Page/input_city' is present

2023-09-09 20:24:41 - [TEST_STEP][PASSED] - verifyElementPresent(findTestObject(orPath_AddressContact + "/select_State"), 30): Object 'Object Repository/RAD_Pages/AddressAndContactInfo_Page/select_State' is present

2023-09-09 20:24:41 - [MESSAGE][PASSED] - Object 'Object Repository/RAD_Pages/AddressAndContactInfo_Page/select_State' is present

2023-09-09 20:24:41 - [TEST_STEP][PASSED] - verifyElementPresent(findTestObject(orPath_AddressContact + "/input_zipCode"), 30): Object 'Object Repository/RAD_Pages/AddressAndContactInfo_Page/input_zipCode' is present

2023-09-09 20:24:41 - [MESSAGE][PASSED] - Object 'Object Repository/RAD_Pages/AddressAndContactInfo_Page/input_zipCode' is present

2023-09-09 20:24:41 - [TEST_STEP][PASSED] - verifyElementPresent(findTestObject(orPath_AddressContact + "/input_phoneNumber"), 30): Object 'Object Repository/RAD_Pages/AddressAndContactInfo_Page/input_phoneNumber' is present

2023-09-09 20:24:42 - [MESSAGE][PASSED] - Object 'Object Repository/RAD_Pages/AddressAndContactInfo_Page/input_phoneNumber' is present

2023-09-09 20:24:42 - [TEST_STEP][PASSED] - verifyElementPresent(findTestObject(orPath_AddressContact + "/input_eMailAddress"), 30): Object 'Object Repository/RAD_Pages/AddressAndContactInfo_Page/input_eMailAddress' is present

2023-09-09 20:24:42 - [MESSAGE][PASSED] - Object 'Object Repository/RAD_Pages/AddressAndContactInfo_Page/input_eMailAddress' is present

2023-09-09 20:24:42 - [TEST_STEP][PASSED] - verifyElementPresent(findTestObject(orPath_AddressContact + "/input_reEnterEMailAddress"), 30): Object 'Object Repository/RAD_Pages/AddressAndContactInfo_Page/input_reEnterEMailAddress' is present

2023-09-09 20:24:42 - [MESSAGE][PASSED] - Object 'Object Repository/RAD_Pages/AddressAndContactInfo_Page/input_reEnterEMailAddress' is present

2023-09-09 20:24:42 - [TEST_STEP][PASSED] - verifyOptionsPresent(findTestObject(orPath_AddressContact + "/select_Country"), ["United States"]): Options [United States] present.

2023-09-09 20:24:43 - [MESSAGE][PASSED] - Options [United States] present.

2023-09-09 20:24:43 - [TEST_STEP][PASSED] - verifyOptionsPresent(findTestObject(orPath_AddressContact + "/select_State"), ["Alabama", "District of Columbia", "Maryland", "Virginia", "Wyoming"]): Options [Alabama, District of Columbia, Maryland, Virginia, Wyoming] present.

2023-09-09 20:24:44 - [MESSAGE][PASSED] - Options [Alabama, District of Columbia, Maryland, Virginia, Wyoming] present.

2023-09-09 20:24:44 - [TEST_STEP][PASSED] - totalOptionsState = getNumberOfTotalOption(findTestObject(orPath_AddressContact + "/select_State")): 52 options of object 'Object Repository/RAD_Pages/AddressAndContactInfo_Page/select_State' counted

2023-09-09 20:24:45 - [MESSAGE][PASSED] - 52 options of object 'Object Repository/RAD_Pages/AddressAndContactInfo_Page/select_State' counted

2023-09-09 20:24:45 - [TEST_STEP][PASSED] - verifyEqual(totalOptionsState, 52): Actual object '52' and expected object '52' are equal

2023-09-09 20:24:45 - [MESSAGE][PASSED] - Actual object '52' and expected object '52' are equal

2023-09-09 20:24:45 - [TEST_STEP][PASSED] - verifyTextPresent("Tax Information", true): Text 'Tax Information' is present on page  using regular expression

2023-09-09 20:24:45 - [MESSAGE][PASSED] - Text 'Tax Information' is present on page  using regular expression

2023-09-09 20:24:45 - [TEST_STEP][PASSED] - verifyElementPresent(findTestObject(orPath_TaxInfo + "/input_FederalEIN-2"), 30): Object 'Object Repository/RAD_Pages/TaxInfo_Page/input_FederalEIN-2' is present

2023-09-09 20:24:46 - [MESSAGE][PASSED] - Object 'Object Repository/RAD_Pages/TaxInfo_Page/input_FederalEIN-2' is present

2023-09-09 20:24:46 - [TEST_STEP][PASSED] - verifyElementPresent(findTestObject(orPath_TaxInfo + "/input_FederalEIN_ReEnter-2"), 30): Object 'Object Repository/RAD_Pages/TaxInfo_Page/input_FederalEIN_ReEnter-2' is present

2023-09-09 20:24:46 - [MESSAGE][PASSED] - Object 'Object Repository/RAD_Pages/TaxInfo_Page/input_FederalEIN_ReEnter-2' is present

2023-09-09 20:24:46 - [TEST_STEP][PASSED] - verifyElementPresent(findTestObject(orPath_TaxInfo + "/input_NoticeInvoiceNumber"), 30): Object 'Object Repository/RAD_Pages/TaxInfo_Page/input_NoticeInvoiceNumber' is present

2023-09-09 20:24:47 - [MESSAGE][PASSED] - Object 'Object Repository/RAD_Pages/TaxInfo_Page/input_NoticeInvoiceNumber' is present

2023-09-09 20:24:47 - [TEST_STEP][PASSED] - verifyElementVisible(findTestObject(orPath_TaxInfo + "/input_NoticeInvoiceNumber")): Object 'Object Repository/RAD_Pages/TaxInfo_Page/input_NoticeInvoiceNumber' is visible

2023-09-09 20:24:47 - [MESSAGE][PASSED] - Object 'Object Repository/RAD_Pages/TaxInfo_Page/input_NoticeInvoiceNumber' is visible

2023-09-09 20:24:47 - [TEST_STEP][PASSED] - verifyElementPresent(findTestObject(orPath_TaxInfo + "/input_reTypeNoticeInvoiceNumber"), 30): Object 'Object Repository/RAD_Pages/TaxInfo_Page/input_reTypeNoticeInvoiceNumber' is present

2023-09-09 20:24:47 - [MESSAGE][PASSED] - Object 'Object Repository/RAD_Pages/TaxInfo_Page/input_reTypeNoticeInvoiceNumber' is present

2023-09-09 20:24:47 - [TEST_STEP][PASSED] - verifyElementVisible(findTestObject(orPath_TaxInfo + "/input_reTypeNoticeInvoiceNumber")): Object 'Object Repository/RAD_Pages/TaxInfo_Page/input_reTypeNoticeInvoiceNumber' is visible

2023-09-09 20:24:48 - [MESSAGE][PASSED] - Object 'Object Repository/RAD_Pages/TaxInfo_Page/input_reTypeNoticeInvoiceNumber' is visible

2023-09-09 20:24:48 - [TEST_STEP][PASSED] - verifyElementNotVisible(findTestObject(orPath_TaxInfo + "/input_MDCRegistrationEL")): Object 'Object Repository/RAD_Pages/TaxInfo_Page/input_MDCRegistrationEL' is NOT visible

2023-09-09 20:24:48 - [MESSAGE][PASSED] - Object 'Object Repository/RAD_Pages/TaxInfo_Page/input_MDCRegistrationEL' is NOT visible

2023-09-09 20:24:48 - [TEST_STEP][PASSED] - verifyElementNotVisible(findTestObject(orPath_FilingStatus + "/input_userType_Individual")): Object 'Object Repository/RAD_Pages/FilingStatus_Page/input_userType_Individual' is NOT visible

2023-09-09 20:24:48 - [MESSAGE][PASSED] - Object 'Object Repository/RAD_Pages/FilingStatus_Page/input_userType_Individual' is NOT visible

2023-09-09 20:24:48 - [TEST_STEP][PASSED] - verifyElementNotVisible(findTestObject(orPath_FilingStatus + "/input_userType_Joint")): Object 'Object Repository/RAD_Pages/FilingStatus_Page/input_userType_Joint' is NOT visible

2023-09-09 20:24:49 - [MESSAGE][PASSED] - Object 'Object Repository/RAD_Pages/FilingStatus_Page/input_userType_Joint' is NOT visible

2023-09-09 20:24:49 - [TEST_STEP][PASSED] - verifyTextPresent("Payment Amount", true): Text 'Payment Amount' is present on page  using regular expression

2023-09-09 20:24:49 - [MESSAGE][PASSED] - Text 'Payment Amount' is present on page  using regular expression

2023-09-09 20:24:49 - [TEST_STEP][PASSED] - verifyElementPresent(findTestObject(orPath_Amount + "/input__paymentAmount"), 30): Object 'Object Repository/RAD_Pages/PaymentAmount_Page/input__paymentAmount' is present

2023-09-09 20:24:49 - [MESSAGE][PASSED] - Object 'Object Repository/RAD_Pages/PaymentAmount_Page/input__paymentAmount' is present

2023-09-09 20:24:49 - [TEST_STEP][PASSED] - verifyElementVisible(findTestObject(orPath_Amount + "/input__paymentAmount")): Object 'Object Repository/RAD_Pages/PaymentAmount_Page/input__paymentAmount' is visible

2023-09-09 20:24:50 - [MESSAGE][PASSED] - Object 'Object Repository/RAD_Pages/PaymentAmount_Page/input__paymentAmount' is visible

2023-09-09 20:24:50 - [TEST_STEP][PASSED] - verifyTextPresent("Service Fee: This electronic government service includes a service/convenience fee. Click here for details", true): Text 'Service Fee: This electronic government service includes a service/convenience fee. Click here for details' is present on page  using regular expression

2023-09-09 20:24:50 - [MESSAGE][PASSED] - Text 'Service Fee: This electronic government service includes a service/convenience fee. Click here for details' is present on page  using regular expression

2023-09-09 20:24:50 - [TEST_STEP][PASSED] - verifyElementPresent(findTestObject(orPath_Amount + "/a_Click here for details"), 30): Object 'Object Repository/RAD_Pages/PaymentAmount_Page/a_Click here for details' is present

2023-09-09 20:24:50 - [MESSAGE][PASSED] - Object 'Object Repository/RAD_Pages/PaymentAmount_Page/a_Click here for details' is present

2023-09-09 20:24:50 - [TEST_STEP][PASSED] - verifyElementPresent(findTestObject(orPath_Landing + "/button_Continue"), 30): Object 'Object Repository/RAD_Pages/Landing_Page/button_Continue' is present

2023-09-09 20:24:51 - [MESSAGE][PASSED] - Object 'Object Repository/RAD_Pages/Landing_Page/button_Continue' is present]]></system-out>
         <system-err><![CDATA[]]></system-err>
      </testcase>
      <testcase name="Test Cases/RAD_TestCases/UI_TestCases/Existing/Existing_PTENonElectingSCorp_UI_TC" time="23.591" classname="Test Cases/RAD_TestCases/UI_TestCases/Existing/Existing_PTENonElectingSCorp_UI_TC" status="PASSED">
         <system-out><![CDATA[2023-09-09 20:24:51 - [TEST_CASE][PASSED] - Test Cases/RAD_TestCases/UI_TestCases/Existing/Existing_PTENonElectingSCorp_UI_TC: Test Cases/RAD_TestCases/UI_TestCases/Existing/Existing_PTENonElectingSCorp_UI_TC

2023-09-09 20:24:51 - [TEST_STEP][PASSED] - openBrowser(""): Browser is opened with url: ''

2023-09-09 20:24:51 - [MESSAGE][WARNING] - A browser is already opened. Closing browser and opening a new one

2023-09-09 20:24:52 - [MESSAGE][INFO] - Starting 'Chrome' driver

2023-09-09 20:24:52 - [MESSAGE][INFO] - User set preference: ['acceptInsecureCerts', 'true']

2023-09-09 20:24:52 - [MESSAGE][INFO] - Action delay is set to 0 milliseconds

2023-09-09 20:24:54 - [MESSAGE][PASSED] - Browser is opened with url: ''

2023-09-09 20:24:54 - [TEST_STEP][PASSED] - maximizeWindow(): Current window maximized

2023-09-09 20:24:54 - [MESSAGE][PASSED] - Current window maximized

2023-09-09 20:24:54 - [TEST_STEP][PASSED] - navigateToUrl(RADurl): Navigate to 'https://qa2.velocitypayment.com/client/rad/index.html' successfully

2023-09-09 20:24:55 - [MESSAGE][PASSED] - Navigate to 'https://qa2.velocitypayment.com/client/rad/index.html' successfully

2023-09-09 20:24:55 - [TEST_STEP][PASSED] - orPath_Landing = "Object Repository/RAD_Pages/Landing_Page": null

2023-09-09 20:24:55 - [TEST_STEP][PASSED] - orPath_TaxTypeFilingYear = "Object Repository/RAD_Pages/TaxTypeFilingYear_Page": null

2023-09-09 20:24:55 - [TEST_STEP][PASSED] - orPath_TaxPayer = "Object Repository/RAD_Pages/Taxpayer_Page": null

2023-09-09 20:24:55 - [TEST_STEP][PASSED] - orPath_AddressContact = "Object Repository/RAD_Pages/AddressAndContactInfo_Page": null

2023-09-09 20:24:55 - [TEST_STEP][PASSED] - orPath_FilingStatus = "Object Repository/RAD_Pages/FilingStatus_Page": null

2023-09-09 20:24:55 - [TEST_STEP][PASSED] - orPath_Amount = "Object Repository/RAD_Pages/PaymentAmount_Page": null

2023-09-09 20:24:55 - [TEST_STEP][PASSED] - orPath_TaxInfo = "Object Repository/RAD_Pages/TaxInfo_Page": null

2023-09-09 20:24:55 - [TEST_STEP][PASSED] - selectOptionByLabel(findTestObject(orPath_Landing + "/dd_TaxType"), "Existing Liability w/Notice Number", false): All options with label 'Existing Liability w/Notice Number' are selected in object 'Object Repository/RAD_Pages/Landing_Page/dd_TaxType' 

2023-09-09 20:24:56 - [MESSAGE][PASSED] - All options with label 'Existing Liability w/Notice Number' are selected in object 'Object Repository/RAD_Pages/Landing_Page/dd_TaxType' 

2023-09-09 20:24:56 - [TEST_STEP][PASSED] - selectOptionByLabel(findTestObject(orPath_TaxTypeFilingYear + "/select_TaxType_ExistingLiability"), "PTE Non-Electing S Corp", false): All options with label 'PTE Non-Electing S Corp' are selected in object 'Object Repository/RAD_Pages/TaxTypeFilingYear_Page/select_TaxType_ExistingLiability' 

2023-09-09 20:24:57 - [MESSAGE][PASSED] - All options with label 'PTE Non-Electing S Corp' are selected in object 'Object Repository/RAD_Pages/TaxTypeFilingYear_Page/select_TaxType_ExistingLiability' 

2023-09-09 20:24:57 - [TEST_STEP][PASSED] - verifyElementNotVisible(findTestObject(orPath_TaxTypeFilingYear + "/select_FilingYear")): Object 'Object Repository/RAD_Pages/TaxTypeFilingYear_Page/select_FilingYear' is NOT visible

2023-09-09 20:24:57 - [MESSAGE][PASSED] - Object 'Object Repository/RAD_Pages/TaxTypeFilingYear_Page/select_FilingYear' is NOT visible

2023-09-09 20:24:57 - [TEST_STEP][PASSED] - verifyElementNotVisible(findTestObject(orPath_TaxTypeFilingYear + "/select_PeriodEnding")): Object 'Object Repository/RAD_Pages/TaxTypeFilingYear_Page/select_PeriodEnding' is NOT visible

2023-09-09 20:24:57 - [MESSAGE][PASSED] - Object 'Object Repository/RAD_Pages/TaxTypeFilingYear_Page/select_PeriodEnding' is NOT visible

2023-09-09 20:24:57 - [TEST_STEP][PASSED] - verifyTextPresent("Taxpayer", true): Text 'Taxpayer' is present on page  using regular expression

2023-09-09 20:24:58 - [MESSAGE][PASSED] - Text 'Taxpayer' is present on page  using regular expression

2023-09-09 20:24:58 - [TEST_STEP][PASSED] - verifyTextPresent("Provide the following taxpayer information", true): Text 'Provide the following taxpayer information' is present on page  using regular expression

2023-09-09 20:24:58 - [MESSAGE][PASSED] - Text 'Provide the following taxpayer information' is present on page  using regular expression

2023-09-09 20:24:58 - [TEST_STEP][PASSED] - verifyTextPresent("Note: If you are paying on behalf of the Taxpayer, enter Taxpayer", true): Text 'Note: If you are paying on behalf of the Taxpayer, enter Taxpayer' is present on page  using regular expression

2023-09-09 20:24:59 - [MESSAGE][PASSED] - Text 'Note: If you are paying on behalf of the Taxpayer, enter Taxpayer' is present on page  using regular expression

2023-09-09 20:24:59 - [TEST_STEP][PASSED] - verifyTextPresent("information here. If you are making a payment for the Taxpayer, you will be required later to enter your own credit card, billing address and other pertinent information", true): Text 'information here. If you are making a payment for the Taxpayer, you will be required later to enter your own credit card, billing address and other pertinent information' is present on page  using regular expression

2023-09-09 20:24:59 - [MESSAGE][PASSED] - Text 'information here. If you are making a payment for the Taxpayer, you will be required later to enter your own credit card, billing address and other pertinent information' is present on page  using regular expression

2023-09-09 20:24:59 - [TEST_STEP][PASSED] - verifyElementVisible(findTestObject(orPath_TaxPayer + "/input_Note_businessName")): Object 'Object Repository/RAD_Pages/Taxpayer_Page/input_Note_businessName' is visible

2023-09-09 20:24:59 - [MESSAGE][PASSED] - Object 'Object Repository/RAD_Pages/Taxpayer_Page/input_Note_businessName' is visible

2023-09-09 20:24:59 - [TEST_STEP][PASSED] - verifyElementNotVisible(findTestObject(orPath_TaxPayer + "/input_firstName")): Object 'Object Repository/RAD_Pages/Taxpayer_Page/input_firstName' is NOT visible

2023-09-09 20:25:00 - [MESSAGE][PASSED] - Object 'Object Repository/RAD_Pages/Taxpayer_Page/input_firstName' is NOT visible

2023-09-09 20:25:00 - [TEST_STEP][PASSED] - verifyElementNotVisible(findTestObject(orPath_TaxPayer + "/input_middleName")): Object 'Object Repository/RAD_Pages/Taxpayer_Page/input_middleName' is NOT visible

2023-09-09 20:25:00 - [MESSAGE][PASSED] - Object 'Object Repository/RAD_Pages/Taxpayer_Page/input_middleName' is NOT visible

2023-09-09 20:25:00 - [TEST_STEP][PASSED] - verifyElementNotVisible(findTestObject(orPath_TaxPayer + "/input_lastName")): Object 'Object Repository/RAD_Pages/Taxpayer_Page/input_lastName' is NOT visible

2023-09-09 20:25:00 - [MESSAGE][PASSED] - Object 'Object Repository/RAD_Pages/Taxpayer_Page/input_lastName' is NOT visible

2023-09-09 20:25:00 - [TEST_STEP][PASSED] - verifyElementNotVisible(findTestObject(orPath_TaxPayer + "/input_suffix")): Object 'Object Repository/RAD_Pages/Taxpayer_Page/input_suffix' is NOT visible

2023-09-09 20:25:01 - [MESSAGE][PASSED] - Object 'Object Repository/RAD_Pages/Taxpayer_Page/input_suffix' is NOT visible

2023-09-09 20:25:01 - [TEST_STEP][PASSED] - verifyElementNotVisible(findTestObject("RAD_RecordAndPlay/input_concatSSN")): Object 'Object Repository/RAD_RecordAndPlay/input_concatSSN' is NOT visible

2023-09-09 20:25:01 - [MESSAGE][PASSED] - Object 'Object Repository/RAD_RecordAndPlay/input_concatSSN' is NOT visible

2023-09-09 20:25:01 - [TEST_STEP][PASSED] - verifyElementNotVisible(findTestObject("RAD_RecordAndPlay/input_concatReSSN")): Object 'Object Repository/RAD_RecordAndPlay/input_concatReSSN' is NOT visible

2023-09-09 20:25:02 - [MESSAGE][PASSED] - Object 'Object Repository/RAD_RecordAndPlay/input_concatReSSN' is NOT visible

2023-09-09 20:25:02 - [TEST_STEP][PASSED] - verifyTextPresent("Address and Contact Information", true): Text 'Address and Contact Information' is present on page  using regular expression

2023-09-09 20:25:02 - [MESSAGE][PASSED] - Text 'Address and Contact Information' is present on page  using regular expression

2023-09-09 20:25:02 - [TEST_STEP][PASSED] - verifyTextPresent("Enter the taxpayer", true): Text 'Enter the taxpayer' is present on page  using regular expression

2023-09-09 20:25:03 - [MESSAGE][PASSED] - Text 'Enter the taxpayer' is present on page  using regular expression

2023-09-09 20:25:03 - [TEST_STEP][PASSED] - verifyTextPresent("address and contact information", true): Text 'address and contact information' is present on page  using regular expression

2023-09-09 20:25:03 - [MESSAGE][PASSED] - Text 'address and contact information' is present on page  using regular expression

2023-09-09 20:25:03 - [TEST_STEP][PASSED] - verifyElementPresent(findTestObject(orPath_AddressContact + "/select_Country"), 30): Object 'Object Repository/RAD_Pages/AddressAndContactInfo_Page/select_Country' is present

2023-09-09 20:25:03 - [MESSAGE][PASSED] - Object 'Object Repository/RAD_Pages/AddressAndContactInfo_Page/select_Country' is present

2023-09-09 20:25:03 - [TEST_STEP][PASSED] - verifyElementPresent(findTestObject(orPath_AddressContact + "/input_streetAddress1"), 30): Object 'Object Repository/RAD_Pages/AddressAndContactInfo_Page/input_streetAddress1' is present

2023-09-09 20:25:04 - [MESSAGE][PASSED] - Object 'Object Repository/RAD_Pages/AddressAndContactInfo_Page/input_streetAddress1' is present

2023-09-09 20:25:04 - [TEST_STEP][PASSED] - verifyElementPresent(findTestObject(orPath_AddressContact + "/input_streetAddress2"), 30): Object 'Object Repository/RAD_Pages/AddressAndContactInfo_Page/input_streetAddress2' is present

2023-09-09 20:25:04 - [MESSAGE][PASSED] - Object 'Object Repository/RAD_Pages/AddressAndContactInfo_Page/input_streetAddress2' is present

2023-09-09 20:25:04 - [TEST_STEP][PASSED] - verifyElementPresent(findTestObject(orPath_AddressContact + "/input_city"), 30): Object 'Object Repository/RAD_Pages/AddressAndContactInfo_Page/input_city' is present

2023-09-09 20:25:04 - [MESSAGE][PASSED] - Object 'Object Repository/RAD_Pages/AddressAndContactInfo_Page/input_city' is present

2023-09-09 20:25:04 - [TEST_STEP][PASSED] - verifyElementPresent(findTestObject(orPath_AddressContact + "/select_State"), 30): Object 'Object Repository/RAD_Pages/AddressAndContactInfo_Page/select_State' is present

2023-09-09 20:25:05 - [MESSAGE][PASSED] - Object 'Object Repository/RAD_Pages/AddressAndContactInfo_Page/select_State' is present

2023-09-09 20:25:05 - [TEST_STEP][PASSED] - verifyElementPresent(findTestObject(orPath_AddressContact + "/input_zipCode"), 30): Object 'Object Repository/RAD_Pages/AddressAndContactInfo_Page/input_zipCode' is present

2023-09-09 20:25:05 - [MESSAGE][PASSED] - Object 'Object Repository/RAD_Pages/AddressAndContactInfo_Page/input_zipCode' is present

2023-09-09 20:25:05 - [TEST_STEP][PASSED] - verifyElementPresent(findTestObject(orPath_AddressContact + "/input_phoneNumber"), 30): Object 'Object Repository/RAD_Pages/AddressAndContactInfo_Page/input_phoneNumber' is present

2023-09-09 20:25:05 - [MESSAGE][PASSED] - Object 'Object Repository/RAD_Pages/AddressAndContactInfo_Page/input_phoneNumber' is present

2023-09-09 20:25:05 - [TEST_STEP][PASSED] - verifyElementPresent(findTestObject(orPath_AddressContact + "/input_eMailAddress"), 30): Object 'Object Repository/RAD_Pages/AddressAndContactInfo_Page/input_eMailAddress' is present

2023-09-09 20:25:06 - [MESSAGE][PASSED] - Object 'Object Repository/RAD_Pages/AddressAndContactInfo_Page/input_eMailAddress' is present

2023-09-09 20:25:06 - [TEST_STEP][PASSED] - verifyElementPresent(findTestObject(orPath_AddressContact + "/input_reEnterEMailAddress"), 30): Object 'Object Repository/RAD_Pages/AddressAndContactInfo_Page/input_reEnterEMailAddress' is present

2023-09-09 20:25:06 - [MESSAGE][PASSED] - Object 'Object Repository/RAD_Pages/AddressAndContactInfo_Page/input_reEnterEMailAddress' is present

2023-09-09 20:25:06 - [TEST_STEP][PASSED] - verifyOptionsPresent(findTestObject(orPath_AddressContact + "/select_Country"), ["United States"]): Options [United States] present.

2023-09-09 20:25:07 - [MESSAGE][PASSED] - Options [United States] present.

2023-09-09 20:25:07 - [TEST_STEP][PASSED] - verifyOptionsPresent(findTestObject(orPath_AddressContact + "/select_State"), ["Alabama", "District of Columbia", "Maryland", "Virginia", "Wyoming"]): Options [Alabama, District of Columbia, Maryland, Virginia, Wyoming] present.

2023-09-09 20:25:08 - [MESSAGE][PASSED] - Options [Alabama, District of Columbia, Maryland, Virginia, Wyoming] present.

2023-09-09 20:25:08 - [TEST_STEP][PASSED] - totalOptionsState = getNumberOfTotalOption(findTestObject(orPath_AddressContact + "/select_State")): 52 options of object 'Object Repository/RAD_Pages/AddressAndContactInfo_Page/select_State' counted

2023-09-09 20:25:08 - [MESSAGE][PASSED] - 52 options of object 'Object Repository/RAD_Pages/AddressAndContactInfo_Page/select_State' counted

2023-09-09 20:25:08 - [TEST_STEP][PASSED] - verifyEqual(totalOptionsState, 52): Actual object '52' and expected object '52' are equal

2023-09-09 20:25:08 - [MESSAGE][PASSED] - Actual object '52' and expected object '52' are equal

2023-09-09 20:25:08 - [TEST_STEP][PASSED] - verifyTextPresent("Tax Information", true): Text 'Tax Information' is present on page  using regular expression

2023-09-09 20:25:09 - [MESSAGE][PASSED] - Text 'Tax Information' is present on page  using regular expression

2023-09-09 20:25:09 - [TEST_STEP][PASSED] - verifyElementPresent(findTestObject(orPath_TaxInfo + "/input_FederalEIN-2"), 30): Object 'Object Repository/RAD_Pages/TaxInfo_Page/input_FederalEIN-2' is present

2023-09-09 20:25:09 - [MESSAGE][PASSED] - Object 'Object Repository/RAD_Pages/TaxInfo_Page/input_FederalEIN-2' is present

2023-09-09 20:25:09 - [TEST_STEP][PASSED] - verifyElementPresent(findTestObject(orPath_TaxInfo + "/input_FederalEIN_ReEnter-2"), 30): Object 'Object Repository/RAD_Pages/TaxInfo_Page/input_FederalEIN_ReEnter-2' is present

2023-09-09 20:25:10 - [MESSAGE][PASSED] - Object 'Object Repository/RAD_Pages/TaxInfo_Page/input_FederalEIN_ReEnter-2' is present

2023-09-09 20:25:10 - [TEST_STEP][PASSED] - verifyElementPresent(findTestObject(orPath_TaxInfo + "/input_NoticeInvoiceNumber"), 30): Object 'Object Repository/RAD_Pages/TaxInfo_Page/input_NoticeInvoiceNumber' is present

2023-09-09 20:25:10 - [MESSAGE][PASSED] - Object 'Object Repository/RAD_Pages/TaxInfo_Page/input_NoticeInvoiceNumber' is present

2023-09-09 20:25:10 - [TEST_STEP][PASSED] - verifyElementVisible(findTestObject(orPath_TaxInfo + "/input_NoticeInvoiceNumber")): Object 'Object Repository/RAD_Pages/TaxInfo_Page/input_NoticeInvoiceNumber' is visible

2023-09-09 20:25:10 - [MESSAGE][PASSED] - Object 'Object Repository/RAD_Pages/TaxInfo_Page/input_NoticeInvoiceNumber' is visible

2023-09-09 20:25:10 - [TEST_STEP][PASSED] - verifyElementPresent(findTestObject(orPath_TaxInfo + "/input_reTypeNoticeInvoiceNumber"), 30): Object 'Object Repository/RAD_Pages/TaxInfo_Page/input_reTypeNoticeInvoiceNumber' is present

2023-09-09 20:25:11 - [MESSAGE][PASSED] - Object 'Object Repository/RAD_Pages/TaxInfo_Page/input_reTypeNoticeInvoiceNumber' is present

2023-09-09 20:25:11 - [TEST_STEP][PASSED] - verifyElementVisible(findTestObject(orPath_TaxInfo + "/input_reTypeNoticeInvoiceNumber")): Object 'Object Repository/RAD_Pages/TaxInfo_Page/input_reTypeNoticeInvoiceNumber' is visible

2023-09-09 20:25:11 - [MESSAGE][PASSED] - Object 'Object Repository/RAD_Pages/TaxInfo_Page/input_reTypeNoticeInvoiceNumber' is visible

2023-09-09 20:25:11 - [TEST_STEP][PASSED] - verifyElementNotVisible(findTestObject(orPath_FilingStatus + "/input_userType_Individual")): Object 'Object Repository/RAD_Pages/FilingStatus_Page/input_userType_Individual' is NOT visible

2023-09-09 20:25:11 - [MESSAGE][PASSED] - Object 'Object Repository/RAD_Pages/FilingStatus_Page/input_userType_Individual' is NOT visible

2023-09-09 20:25:11 - [TEST_STEP][PASSED] - verifyElementNotVisible(findTestObject(orPath_FilingStatus + "/input_userType_Joint")): Object 'Object Repository/RAD_Pages/FilingStatus_Page/input_userType_Joint' is NOT visible

2023-09-09 20:25:12 - [MESSAGE][PASSED] - Object 'Object Repository/RAD_Pages/FilingStatus_Page/input_userType_Joint' is NOT visible

2023-09-09 20:25:12 - [TEST_STEP][PASSED] - verifyElementNotVisible(findTestObject(orPath_TaxInfo + "/input_MDCRegistrationEL")): Object 'Object Repository/RAD_Pages/TaxInfo_Page/input_MDCRegistrationEL' is NOT visible

2023-09-09 20:25:12 - [MESSAGE][PASSED] - Object 'Object Repository/RAD_Pages/TaxInfo_Page/input_MDCRegistrationEL' is NOT visible

2023-09-09 20:25:12 - [TEST_STEP][PASSED] - verifyTextPresent("Payment Amount", true): Text 'Payment Amount' is present on page  using regular expression

2023-09-09 20:25:13 - [MESSAGE][PASSED] - Text 'Payment Amount' is present on page  using regular expression

2023-09-09 20:25:13 - [TEST_STEP][PASSED] - verifyElementPresent(findTestObject(orPath_Amount + "/input__paymentAmount"), 30): Object 'Object Repository/RAD_Pages/PaymentAmount_Page/input__paymentAmount' is present

2023-09-09 20:25:13 - [MESSAGE][PASSED] - Object 'Object Repository/RAD_Pages/PaymentAmount_Page/input__paymentAmount' is present

2023-09-09 20:25:13 - [TEST_STEP][PASSED] - verifyElementVisible(findTestObject(orPath_Amount + "/input__paymentAmount")): Object 'Object Repository/RAD_Pages/PaymentAmount_Page/input__paymentAmount' is visible

2023-09-09 20:25:13 - [MESSAGE][PASSED] - Object 'Object Repository/RAD_Pages/PaymentAmount_Page/input__paymentAmount' is visible

2023-09-09 20:25:13 - [TEST_STEP][PASSED] - verifyTextPresent("Service Fee: This electronic government service includes a service/convenience fee. Click here for details", true): Text 'Service Fee: This electronic government service includes a service/convenience fee. Click here for details' is present on page  using regular expression

2023-09-09 20:25:14 - [MESSAGE][PASSED] - Text 'Service Fee: This electronic government service includes a service/convenience fee. Click here for details' is present on page  using regular expression

2023-09-09 20:25:14 - [TEST_STEP][PASSED] - verifyElementPresent(findTestObject(orPath_Amount + "/a_Click here for details"), 30): Object 'Object Repository/RAD_Pages/PaymentAmount_Page/a_Click here for details' is present

2023-09-09 20:25:14 - [MESSAGE][PASSED] - Object 'Object Repository/RAD_Pages/PaymentAmount_Page/a_Click here for details' is present

2023-09-09 20:25:14 - [TEST_STEP][PASSED] - verifyElementPresent(findTestObject(orPath_Landing + "/button_Continue"), 30): Object 'Object Repository/RAD_Pages/Landing_Page/button_Continue' is present

2023-09-09 20:25:14 - [MESSAGE][PASSED] - Object 'Object Repository/RAD_Pages/Landing_Page/button_Continue' is present]]></system-out>
         <system-err><![CDATA[]]></system-err>
      </testcase>
      <testcase name="Test Cases/RAD_TestCases/UI_TestCases/Existing/Existing_PTETaxElectingNonSCorp_UI_TC" time="23.838" classname="Test Cases/RAD_TestCases/UI_TestCases/Existing/Existing_PTETaxElectingNonSCorp_UI_TC" status="PASSED">
         <system-out><![CDATA[2023-09-09 20:25:14 - [TEST_CASE][PASSED] - Test Cases/RAD_TestCases/UI_TestCases/Existing/Existing_PTETaxElectingNonSCorp_UI_TC: Test Cases/RAD_TestCases/UI_TestCases/Existing/Existing_PTETaxElectingNonSCorp_UI_TC

2023-09-09 20:25:15 - [TEST_STEP][PASSED] - openBrowser(""): Browser is opened with url: ''

2023-09-09 20:25:15 - [MESSAGE][WARNING] - A browser is already opened. Closing browser and opening a new one

2023-09-09 20:25:16 - [MESSAGE][INFO] - Starting 'Chrome' driver

2023-09-09 20:25:16 - [MESSAGE][INFO] - User set preference: ['acceptInsecureCerts', 'true']

2023-09-09 20:25:16 - [MESSAGE][INFO] - Action delay is set to 0 milliseconds

2023-09-09 20:25:17 - [MESSAGE][PASSED] - Browser is opened with url: ''

2023-09-09 20:25:17 - [TEST_STEP][PASSED] - maximizeWindow(): Current window maximized

2023-09-09 20:25:17 - [MESSAGE][PASSED] - Current window maximized

2023-09-09 20:25:17 - [TEST_STEP][PASSED] - navigateToUrl(RADurl): Navigate to 'https://qa2.velocitypayment.com/client/rad/index.html' successfully

2023-09-09 20:25:19 - [MESSAGE][PASSED] - Navigate to 'https://qa2.velocitypayment.com/client/rad/index.html' successfully

2023-09-09 20:25:19 - [TEST_STEP][PASSED] - orPath_Landing = "Object Repository/RAD_Pages/Landing_Page": null

2023-09-09 20:25:19 - [TEST_STEP][PASSED] - orPath_TaxTypeFilingYear = "Object Repository/RAD_Pages/TaxTypeFilingYear_Page": null

2023-09-09 20:25:19 - [TEST_STEP][PASSED] - orPath_TaxPayer = "Object Repository/RAD_Pages/Taxpayer_Page": null

2023-09-09 20:25:19 - [TEST_STEP][PASSED] - orPath_AddressContact = "Object Repository/RAD_Pages/AddressAndContactInfo_Page": null

2023-09-09 20:25:19 - [TEST_STEP][PASSED] - orPath_FilingStatus = "Object Repository/RAD_Pages/FilingStatus_Page": null

2023-09-09 20:25:19 - [TEST_STEP][PASSED] - orPath_Amount = "Object Repository/RAD_Pages/PaymentAmount_Page": null

2023-09-09 20:25:19 - [TEST_STEP][PASSED] - orPath_TaxInfo = "Object Repository/RAD_Pages/TaxInfo_Page": null

2023-09-09 20:25:19 - [TEST_STEP][PASSED] - selectOptionByLabel(findTestObject(orPath_Landing + "/dd_TaxType"), "Existing Liability w/Notice Number", false): All options with label 'Existing Liability w/Notice Number' are selected in object 'Object Repository/RAD_Pages/Landing_Page/dd_TaxType' 

2023-09-09 20:25:20 - [MESSAGE][PASSED] - All options with label 'Existing Liability w/Notice Number' are selected in object 'Object Repository/RAD_Pages/Landing_Page/dd_TaxType' 

2023-09-09 20:25:20 - [TEST_STEP][PASSED] - selectOptionByLabel(findTestObject(orPath_TaxTypeFilingYear + "/select_TaxType_ExistingLiability"), "PTE Tax Electing Non-S Corp", false): All options with label 'PTE Tax Electing Non-S Corp' are selected in object 'Object Repository/RAD_Pages/TaxTypeFilingYear_Page/select_TaxType_ExistingLiability' 

2023-09-09 20:25:20 - [MESSAGE][PASSED] - All options with label 'PTE Tax Electing Non-S Corp' are selected in object 'Object Repository/RAD_Pages/TaxTypeFilingYear_Page/select_TaxType_ExistingLiability' 

2023-09-09 20:25:20 - [TEST_STEP][PASSED] - verifyElementNotVisible(findTestObject(orPath_TaxTypeFilingYear + "/select_FilingYear")): Object 'Object Repository/RAD_Pages/TaxTypeFilingYear_Page/select_FilingYear' is NOT visible

2023-09-09 20:25:21 - [MESSAGE][PASSED] - Object 'Object Repository/RAD_Pages/TaxTypeFilingYear_Page/select_FilingYear' is NOT visible

2023-09-09 20:25:21 - [TEST_STEP][PASSED] - verifyElementNotVisible(findTestObject(orPath_TaxTypeFilingYear + "/select_PeriodEnding")): Object 'Object Repository/RAD_Pages/TaxTypeFilingYear_Page/select_PeriodEnding' is NOT visible

2023-09-09 20:25:21 - [MESSAGE][PASSED] - Object 'Object Repository/RAD_Pages/TaxTypeFilingYear_Page/select_PeriodEnding' is NOT visible

2023-09-09 20:25:21 - [TEST_STEP][PASSED] - verifyTextPresent("Taxpayer", true): Text 'Taxpayer' is present on page  using regular expression

2023-09-09 20:25:22 - [MESSAGE][PASSED] - Text 'Taxpayer' is present on page  using regular expression

2023-09-09 20:25:22 - [TEST_STEP][PASSED] - verifyTextPresent("Provide the following taxpayer information", true): Text 'Provide the following taxpayer information' is present on page  using regular expression

2023-09-09 20:25:22 - [MESSAGE][PASSED] - Text 'Provide the following taxpayer information' is present on page  using regular expression

2023-09-09 20:25:22 - [TEST_STEP][PASSED] - verifyTextPresent("Note: If you are paying on behalf of the Taxpayer, enter Taxpayer", true): Text 'Note: If you are paying on behalf of the Taxpayer, enter Taxpayer' is present on page  using regular expression

2023-09-09 20:25:22 - [MESSAGE][PASSED] - Text 'Note: If you are paying on behalf of the Taxpayer, enter Taxpayer' is present on page  using regular expression

2023-09-09 20:25:22 - [TEST_STEP][PASSED] - verifyTextPresent("information here. If you are making a payment for the Taxpayer, you will be required later to enter your own credit card, billing address and other pertinent information", true): Text 'information here. If you are making a payment for the Taxpayer, you will be required later to enter your own credit card, billing address and other pertinent information' is present on page  using regular expression

2023-09-09 20:25:23 - [MESSAGE][PASSED] - Text 'information here. If you are making a payment for the Taxpayer, you will be required later to enter your own credit card, billing address and other pertinent information' is present on page  using regular expression

2023-09-09 20:25:23 - [TEST_STEP][PASSED] - verifyElementVisible(findTestObject(orPath_TaxPayer + "/input_Note_businessName")): Object 'Object Repository/RAD_Pages/Taxpayer_Page/input_Note_businessName' is visible

2023-09-09 20:25:23 - [MESSAGE][PASSED] - Object 'Object Repository/RAD_Pages/Taxpayer_Page/input_Note_businessName' is visible

2023-09-09 20:25:23 - [TEST_STEP][PASSED] - verifyElementNotVisible(findTestObject(orPath_TaxPayer + "/input_firstName")): Object 'Object Repository/RAD_Pages/Taxpayer_Page/input_firstName' is NOT visible

2023-09-09 20:25:24 - [MESSAGE][PASSED] - Object 'Object Repository/RAD_Pages/Taxpayer_Page/input_firstName' is NOT visible

2023-09-09 20:25:24 - [TEST_STEP][PASSED] - verifyElementNotVisible(findTestObject(orPath_TaxPayer + "/input_middleName")): Object 'Object Repository/RAD_Pages/Taxpayer_Page/input_middleName' is NOT visible

2023-09-09 20:25:24 - [MESSAGE][PASSED] - Object 'Object Repository/RAD_Pages/Taxpayer_Page/input_middleName' is NOT visible

2023-09-09 20:25:24 - [TEST_STEP][PASSED] - verifyElementNotVisible(findTestObject(orPath_TaxPayer + "/input_lastName")): Object 'Object Repository/RAD_Pages/Taxpayer_Page/input_lastName' is NOT visible

2023-09-09 20:25:24 - [MESSAGE][PASSED] - Object 'Object Repository/RAD_Pages/Taxpayer_Page/input_lastName' is NOT visible

2023-09-09 20:25:24 - [TEST_STEP][PASSED] - verifyElementNotVisible(findTestObject(orPath_TaxPayer + "/input_suffix")): Object 'Object Repository/RAD_Pages/Taxpayer_Page/input_suffix' is NOT visible

2023-09-09 20:25:25 - [MESSAGE][PASSED] - Object 'Object Repository/RAD_Pages/Taxpayer_Page/input_suffix' is NOT visible

2023-09-09 20:25:25 - [TEST_STEP][PASSED] - verifyElementNotVisible(findTestObject("RAD_RecordAndPlay/input_concatSSN")): Object 'Object Repository/RAD_RecordAndPlay/input_concatSSN' is NOT visible

2023-09-09 20:25:25 - [MESSAGE][PASSED] - Object 'Object Repository/RAD_RecordAndPlay/input_concatSSN' is NOT visible

2023-09-09 20:25:25 - [TEST_STEP][PASSED] - verifyElementNotVisible(findTestObject("RAD_RecordAndPlay/input_concatReSSN")): Object 'Object Repository/RAD_RecordAndPlay/input_concatReSSN' is NOT visible

2023-09-09 20:25:25 - [MESSAGE][PASSED] - Object 'Object Repository/RAD_RecordAndPlay/input_concatReSSN' is NOT visible

2023-09-09 20:25:25 - [TEST_STEP][PASSED] - verifyTextPresent("Address and Contact Information", true): Text 'Address and Contact Information' is present on page  using regular expression

2023-09-09 20:25:26 - [MESSAGE][PASSED] - Text 'Address and Contact Information' is present on page  using regular expression

2023-09-09 20:25:26 - [TEST_STEP][PASSED] - verifyTextPresent("Enter the taxpayer", true): Text 'Enter the taxpayer' is present on page  using regular expression

2023-09-09 20:25:26 - [MESSAGE][PASSED] - Text 'Enter the taxpayer' is present on page  using regular expression

2023-09-09 20:25:26 - [TEST_STEP][PASSED] - verifyTextPresent("address and contact information", true): Text 'address and contact information' is present on page  using regular expression

2023-09-09 20:25:27 - [MESSAGE][PASSED] - Text 'address and contact information' is present on page  using regular expression

2023-09-09 20:25:27 - [TEST_STEP][PASSED] - verifyElementPresent(findTestObject(orPath_AddressContact + "/select_Country"), 30): Object 'Object Repository/RAD_Pages/AddressAndContactInfo_Page/select_Country' is present

2023-09-09 20:25:27 - [MESSAGE][PASSED] - Object 'Object Repository/RAD_Pages/AddressAndContactInfo_Page/select_Country' is present

2023-09-09 20:25:27 - [TEST_STEP][PASSED] - verifyElementPresent(findTestObject(orPath_AddressContact + "/input_streetAddress1"), 30): Object 'Object Repository/RAD_Pages/AddressAndContactInfo_Page/input_streetAddress1' is present

2023-09-09 20:25:27 - [MESSAGE][PASSED] - Object 'Object Repository/RAD_Pages/AddressAndContactInfo_Page/input_streetAddress1' is present

2023-09-09 20:25:27 - [TEST_STEP][PASSED] - verifyElementPresent(findTestObject(orPath_AddressContact + "/input_streetAddress2"), 30): Object 'Object Repository/RAD_Pages/AddressAndContactInfo_Page/input_streetAddress2' is present

2023-09-09 20:25:28 - [MESSAGE][PASSED] - Object 'Object Repository/RAD_Pages/AddressAndContactInfo_Page/input_streetAddress2' is present

2023-09-09 20:25:28 - [TEST_STEP][PASSED] - verifyElementPresent(findTestObject(orPath_AddressContact + "/input_city"), 30): Object 'Object Repository/RAD_Pages/AddressAndContactInfo_Page/input_city' is present

2023-09-09 20:25:28 - [MESSAGE][PASSED] - Object 'Object Repository/RAD_Pages/AddressAndContactInfo_Page/input_city' is present

2023-09-09 20:25:28 - [TEST_STEP][PASSED] - verifyElementPresent(findTestObject(orPath_AddressContact + "/select_State"), 30): Object 'Object Repository/RAD_Pages/AddressAndContactInfo_Page/select_State' is present

2023-09-09 20:25:28 - [MESSAGE][PASSED] - Object 'Object Repository/RAD_Pages/AddressAndContactInfo_Page/select_State' is present

2023-09-09 20:25:28 - [TEST_STEP][PASSED] - verifyElementPresent(findTestObject(orPath_AddressContact + "/input_zipCode"), 30): Object 'Object Repository/RAD_Pages/AddressAndContactInfo_Page/input_zipCode' is present

2023-09-09 20:25:29 - [MESSAGE][PASSED] - Object 'Object Repository/RAD_Pages/AddressAndContactInfo_Page/input_zipCode' is present

2023-09-09 20:25:29 - [TEST_STEP][PASSED] - verifyElementPresent(findTestObject(orPath_AddressContact + "/input_phoneNumber"), 30): Object 'Object Repository/RAD_Pages/AddressAndContactInfo_Page/input_phoneNumber' is present

2023-09-09 20:25:29 - [MESSAGE][PASSED] - Object 'Object Repository/RAD_Pages/AddressAndContactInfo_Page/input_phoneNumber' is present

2023-09-09 20:25:29 - [TEST_STEP][PASSED] - verifyElementPresent(findTestObject(orPath_AddressContact + "/input_eMailAddress"), 30): Object 'Object Repository/RAD_Pages/AddressAndContactInfo_Page/input_eMailAddress' is present

2023-09-09 20:25:29 - [MESSAGE][PASSED] - Object 'Object Repository/RAD_Pages/AddressAndContactInfo_Page/input_eMailAddress' is present

2023-09-09 20:25:29 - [TEST_STEP][PASSED] - verifyElementPresent(findTestObject(orPath_AddressContact + "/input_reEnterEMailAddress"), 30): Object 'Object Repository/RAD_Pages/AddressAndContactInfo_Page/input_reEnterEMailAddress' is present

2023-09-09 20:25:30 - [MESSAGE][PASSED] - Object 'Object Repository/RAD_Pages/AddressAndContactInfo_Page/input_reEnterEMailAddress' is present

2023-09-09 20:25:30 - [TEST_STEP][PASSED] - verifyOptionsPresent(findTestObject(orPath_AddressContact + "/select_Country"), ["United States"]): Options [United States] present.

2023-09-09 20:25:30 - [MESSAGE][PASSED] - Options [United States] present.

2023-09-09 20:25:30 - [TEST_STEP][PASSED] - verifyOptionsPresent(findTestObject(orPath_AddressContact + "/select_State"), ["Alabama", "District of Columbia", "Maryland", "Virginia", "Wyoming"]): Options [Alabama, District of Columbia, Maryland, Virginia, Wyoming] present.

2023-09-09 20:25:31 - [MESSAGE][PASSED] - Options [Alabama, District of Columbia, Maryland, Virginia, Wyoming] present.

2023-09-09 20:25:31 - [TEST_STEP][PASSED] - totalOptionsState = getNumberOfTotalOption(findTestObject(orPath_AddressContact + "/select_State")): 52 options of object 'Object Repository/RAD_Pages/AddressAndContactInfo_Page/select_State' counted

2023-09-09 20:25:32 - [MESSAGE][PASSED] - 52 options of object 'Object Repository/RAD_Pages/AddressAndContactInfo_Page/select_State' counted

2023-09-09 20:25:32 - [TEST_STEP][PASSED] - verifyEqual(totalOptionsState, 52): Actual object '52' and expected object '52' are equal

2023-09-09 20:25:32 - [MESSAGE][PASSED] - Actual object '52' and expected object '52' are equal

2023-09-09 20:25:32 - [TEST_STEP][PASSED] - verifyTextPresent("Tax Information", true): Text 'Tax Information' is present on page  using regular expression

2023-09-09 20:25:32 - [MESSAGE][PASSED] - Text 'Tax Information' is present on page  using regular expression

2023-09-09 20:25:32 - [TEST_STEP][PASSED] - verifyElementPresent(findTestObject(orPath_TaxInfo + "/input_FederalEIN-2"), 30): Object 'Object Repository/RAD_Pages/TaxInfo_Page/input_FederalEIN-2' is present

2023-09-09 20:25:33 - [MESSAGE][PASSED] - Object 'Object Repository/RAD_Pages/TaxInfo_Page/input_FederalEIN-2' is present

2023-09-09 20:25:33 - [TEST_STEP][PASSED] - verifyElementPresent(findTestObject(orPath_TaxInfo + "/input_FederalEIN_ReEnter-2"), 30): Object 'Object Repository/RAD_Pages/TaxInfo_Page/input_FederalEIN_ReEnter-2' is present

2023-09-09 20:25:34 - [MESSAGE][PASSED] - Object 'Object Repository/RAD_Pages/TaxInfo_Page/input_FederalEIN_ReEnter-2' is present

2023-09-09 20:25:34 - [TEST_STEP][PASSED] - verifyElementPresent(findTestObject(orPath_TaxInfo + "/input_NoticeInvoiceNumber"), 30): Object 'Object Repository/RAD_Pages/TaxInfo_Page/input_NoticeInvoiceNumber' is present

2023-09-09 20:25:34 - [MESSAGE][PASSED] - Object 'Object Repository/RAD_Pages/TaxInfo_Page/input_NoticeInvoiceNumber' is present

2023-09-09 20:25:34 - [TEST_STEP][PASSED] - verifyElementVisible(findTestObject(orPath_TaxInfo + "/input_NoticeInvoiceNumber")): Object 'Object Repository/RAD_Pages/TaxInfo_Page/input_NoticeInvoiceNumber' is visible

2023-09-09 20:25:34 - [MESSAGE][PASSED] - Object 'Object Repository/RAD_Pages/TaxInfo_Page/input_NoticeInvoiceNumber' is visible

2023-09-09 20:25:34 - [TEST_STEP][PASSED] - verifyElementPresent(findTestObject(orPath_TaxInfo + "/input_reTypeNoticeInvoiceNumber"), 30): Object 'Object Repository/RAD_Pages/TaxInfo_Page/input_reTypeNoticeInvoiceNumber' is present

2023-09-09 20:25:35 - [MESSAGE][PASSED] - Object 'Object Repository/RAD_Pages/TaxInfo_Page/input_reTypeNoticeInvoiceNumber' is present

2023-09-09 20:25:35 - [TEST_STEP][PASSED] - verifyElementVisible(findTestObject(orPath_TaxInfo + "/input_reTypeNoticeInvoiceNumber")): Object 'Object Repository/RAD_Pages/TaxInfo_Page/input_reTypeNoticeInvoiceNumber' is visible

2023-09-09 20:25:35 - [MESSAGE][PASSED] - Object 'Object Repository/RAD_Pages/TaxInfo_Page/input_reTypeNoticeInvoiceNumber' is visible

2023-09-09 20:25:35 - [TEST_STEP][PASSED] - verifyElementNotVisible(findTestObject(orPath_FilingStatus + "/input_userType_Individual")): Object 'Object Repository/RAD_Pages/FilingStatus_Page/input_userType_Individual' is NOT visible

2023-09-09 20:25:35 - [MESSAGE][PASSED] - Object 'Object Repository/RAD_Pages/FilingStatus_Page/input_userType_Individual' is NOT visible

2023-09-09 20:25:35 - [TEST_STEP][PASSED] - verifyElementNotVisible(findTestObject(orPath_FilingStatus + "/input_userType_Joint")): Object 'Object Repository/RAD_Pages/FilingStatus_Page/input_userType_Joint' is NOT visible

2023-09-09 20:25:36 - [MESSAGE][PASSED] - Object 'Object Repository/RAD_Pages/FilingStatus_Page/input_userType_Joint' is NOT visible

2023-09-09 20:25:36 - [TEST_STEP][PASSED] - verifyElementNotVisible(findTestObject(orPath_TaxInfo + "/input_MDCRegistrationEL")): Object 'Object Repository/RAD_Pages/TaxInfo_Page/input_MDCRegistrationEL' is NOT visible

2023-09-09 20:25:36 - [MESSAGE][PASSED] - Object 'Object Repository/RAD_Pages/TaxInfo_Page/input_MDCRegistrationEL' is NOT visible

2023-09-09 20:25:36 - [TEST_STEP][PASSED] - verifyTextPresent("Payment Amount", true): Text 'Payment Amount' is present on page  using regular expression

2023-09-09 20:25:36 - [MESSAGE][PASSED] - Text 'Payment Amount' is present on page  using regular expression

2023-09-09 20:25:36 - [TEST_STEP][PASSED] - verifyElementPresent(findTestObject(orPath_Amount + "/input__paymentAmount"), 30): Object 'Object Repository/RAD_Pages/PaymentAmount_Page/input__paymentAmount' is present

2023-09-09 20:25:37 - [MESSAGE][PASSED] - Object 'Object Repository/RAD_Pages/PaymentAmount_Page/input__paymentAmount' is present

2023-09-09 20:25:37 - [TEST_STEP][PASSED] - verifyElementVisible(findTestObject(orPath_Amount + "/input__paymentAmount")): Object 'Object Repository/RAD_Pages/PaymentAmount_Page/input__paymentAmount' is visible

2023-09-09 20:25:37 - [MESSAGE][PASSED] - Object 'Object Repository/RAD_Pages/PaymentAmount_Page/input__paymentAmount' is visible

2023-09-09 20:25:37 - [TEST_STEP][PASSED] - verifyTextPresent("Service Fee: This electronic government service includes a service/convenience fee. Click here for details", true): Text 'Service Fee: This electronic government service includes a service/convenience fee. Click here for details' is present on page  using regular expression

2023-09-09 20:25:38 - [MESSAGE][PASSED] - Text 'Service Fee: This electronic government service includes a service/convenience fee. Click here for details' is present on page  using regular expression

2023-09-09 20:25:38 - [TEST_STEP][PASSED] - verifyElementPresent(findTestObject(orPath_Amount + "/a_Click here for details"), 30): Object 'Object Repository/RAD_Pages/PaymentAmount_Page/a_Click here for details' is present

2023-09-09 20:25:38 - [MESSAGE][PASSED] - Object 'Object Repository/RAD_Pages/PaymentAmount_Page/a_Click here for details' is present

2023-09-09 20:25:38 - [TEST_STEP][PASSED] - verifyElementPresent(findTestObject(orPath_Landing + "/button_Continue"), 30): Object 'Object Repository/RAD_Pages/Landing_Page/button_Continue' is present

2023-09-09 20:25:38 - [MESSAGE][PASSED] - Object 'Object Repository/RAD_Pages/Landing_Page/button_Continue' is present]]></system-out>
         <system-err><![CDATA[]]></system-err>
      </testcase>
      <testcase name="Test Cases/RAD_TestCases/UI_TestCases/Existing/Existing_PTETaxElectingSCorp_UI_TC" time="23.827" classname="Test Cases/RAD_TestCases/UI_TestCases/Existing/Existing_PTETaxElectingSCorp_UI_TC" status="PASSED">
         <system-out><![CDATA[2023-09-09 20:25:38 - [TEST_CASE][PASSED] - Test Cases/RAD_TestCases/UI_TestCases/Existing/Existing_PTETaxElectingSCorp_UI_TC: Test Cases/RAD_TestCases/UI_TestCases/Existing/Existing_PTETaxElectingSCorp_UI_TC

2023-09-09 20:25:39 - [TEST_STEP][PASSED] - openBrowser(""): Browser is opened with url: ''

2023-09-09 20:25:39 - [MESSAGE][WARNING] - A browser is already opened. Closing browser and opening a new one

2023-09-09 20:25:40 - [MESSAGE][INFO] - Starting 'Chrome' driver

2023-09-09 20:25:40 - [MESSAGE][INFO] - User set preference: ['acceptInsecureCerts', 'true']

2023-09-09 20:25:40 - [MESSAGE][INFO] - Action delay is set to 0 milliseconds

2023-09-09 20:25:41 - [MESSAGE][PASSED] - Browser is opened with url: ''

2023-09-09 20:25:41 - [TEST_STEP][PASSED] - maximizeWindow(): Current window maximized

2023-09-09 20:25:41 - [MESSAGE][PASSED] - Current window maximized

2023-09-09 20:25:41 - [TEST_STEP][PASSED] - navigateToUrl(RADurl): Navigate to 'https://qa2.velocitypayment.com/client/rad/index.html' successfully

2023-09-09 20:25:43 - [MESSAGE][PASSED] - Navigate to 'https://qa2.velocitypayment.com/client/rad/index.html' successfully

2023-09-09 20:25:43 - [TEST_STEP][PASSED] - orPath_Landing = "Object Repository/RAD_Pages/Landing_Page": null

2023-09-09 20:25:43 - [TEST_STEP][PASSED] - orPath_TaxTypeFilingYear = "Object Repository/RAD_Pages/TaxTypeFilingYear_Page": null

2023-09-09 20:25:43 - [TEST_STEP][PASSED] - orPath_TaxPayer = "Object Repository/RAD_Pages/Taxpayer_Page": null

2023-09-09 20:25:43 - [TEST_STEP][PASSED] - orPath_AddressContact = "Object Repository/RAD_Pages/AddressAndContactInfo_Page": null

2023-09-09 20:25:43 - [TEST_STEP][PASSED] - orPath_FilingStatus = "Object Repository/RAD_Pages/FilingStatus_Page": null

2023-09-09 20:25:43 - [TEST_STEP][PASSED] - orPath_Amount = "Object Repository/RAD_Pages/PaymentAmount_Page": null

2023-09-09 20:25:43 - [TEST_STEP][PASSED] - orPath_TaxInfo = "Object Repository/RAD_Pages/TaxInfo_Page": null

2023-09-09 20:25:43 - [TEST_STEP][PASSED] - selectOptionByLabel(findTestObject(orPath_Landing + "/dd_TaxType"), "Existing Liability w/Notice Number", false): All options with label 'Existing Liability w/Notice Number' are selected in object 'Object Repository/RAD_Pages/Landing_Page/dd_TaxType' 

2023-09-09 20:25:43 - [MESSAGE][PASSED] - All options with label 'Existing Liability w/Notice Number' are selected in object 'Object Repository/RAD_Pages/Landing_Page/dd_TaxType' 

2023-09-09 20:25:43 - [TEST_STEP][PASSED] - selectOptionByLabel(findTestObject(orPath_TaxTypeFilingYear + "/select_TaxType_ExistingLiability"), "PTE Tax Electing S Corp", false): All options with label 'PTE Tax Electing S Corp' are selected in object 'Object Repository/RAD_Pages/TaxTypeFilingYear_Page/select_TaxType_ExistingLiability' 

2023-09-09 20:25:44 - [MESSAGE][PASSED] - All options with label 'PTE Tax Electing S Corp' are selected in object 'Object Repository/RAD_Pages/TaxTypeFilingYear_Page/select_TaxType_ExistingLiability' 

2023-09-09 20:25:44 - [TEST_STEP][PASSED] - verifyElementNotVisible(findTestObject(orPath_TaxTypeFilingYear + "/select_FilingYear")): Object 'Object Repository/RAD_Pages/TaxTypeFilingYear_Page/select_FilingYear' is NOT visible

2023-09-09 20:25:45 - [MESSAGE][PASSED] - Object 'Object Repository/RAD_Pages/TaxTypeFilingYear_Page/select_FilingYear' is NOT visible

2023-09-09 20:25:45 - [TEST_STEP][PASSED] - verifyElementNotVisible(findTestObject(orPath_TaxTypeFilingYear + "/select_PeriodEnding")): Object 'Object Repository/RAD_Pages/TaxTypeFilingYear_Page/select_PeriodEnding' is NOT visible

2023-09-09 20:25:45 - [MESSAGE][PASSED] - Object 'Object Repository/RAD_Pages/TaxTypeFilingYear_Page/select_PeriodEnding' is NOT visible

2023-09-09 20:25:45 - [TEST_STEP][PASSED] - verifyTextPresent("Taxpayer", true): Text 'Taxpayer' is present on page  using regular expression

2023-09-09 20:25:45 - [MESSAGE][PASSED] - Text 'Taxpayer' is present on page  using regular expression

2023-09-09 20:25:45 - [TEST_STEP][PASSED] - verifyTextPresent("Provide the following taxpayer information", true): Text 'Provide the following taxpayer information' is present on page  using regular expression

2023-09-09 20:25:46 - [MESSAGE][PASSED] - Text 'Provide the following taxpayer information' is present on page  using regular expression

2023-09-09 20:25:46 - [TEST_STEP][PASSED] - verifyTextPresent("Note: If you are paying on behalf of the Taxpayer, enter Taxpayer", true): Text 'Note: If you are paying on behalf of the Taxpayer, enter Taxpayer' is present on page  using regular expression

2023-09-09 20:25:46 - [MESSAGE][PASSED] - Text 'Note: If you are paying on behalf of the Taxpayer, enter Taxpayer' is present on page  using regular expression

2023-09-09 20:25:46 - [TEST_STEP][PASSED] - verifyTextPresent("information here. If you are making a payment for the Taxpayer, you will be required later to enter your own credit card, billing address and other pertinent information", true): Text 'information here. If you are making a payment for the Taxpayer, you will be required later to enter your own credit card, billing address and other pertinent information' is present on page  using regular expression

2023-09-09 20:25:47 - [MESSAGE][PASSED] - Text 'information here. If you are making a payment for the Taxpayer, you will be required later to enter your own credit card, billing address and other pertinent information' is present on page  using regular expression

2023-09-09 20:25:47 - [TEST_STEP][PASSED] - verifyElementVisible(findTestObject(orPath_TaxPayer + "/input_Note_businessName")): Object 'Object Repository/RAD_Pages/Taxpayer_Page/input_Note_businessName' is visible

2023-09-09 20:25:47 - [MESSAGE][PASSED] - Object 'Object Repository/RAD_Pages/Taxpayer_Page/input_Note_businessName' is visible

2023-09-09 20:25:47 - [TEST_STEP][PASSED] - verifyElementNotVisible(findTestObject(orPath_TaxPayer + "/input_firstName")): Object 'Object Repository/RAD_Pages/Taxpayer_Page/input_firstName' is NOT visible

2023-09-09 20:25:47 - [MESSAGE][PASSED] - Object 'Object Repository/RAD_Pages/Taxpayer_Page/input_firstName' is NOT visible

2023-09-09 20:25:47 - [TEST_STEP][PASSED] - verifyElementNotVisible(findTestObject(orPath_TaxPayer + "/input_middleName")): Object 'Object Repository/RAD_Pages/Taxpayer_Page/input_middleName' is NOT visible

2023-09-09 20:25:48 - [MESSAGE][PASSED] - Object 'Object Repository/RAD_Pages/Taxpayer_Page/input_middleName' is NOT visible

2023-09-09 20:25:48 - [TEST_STEP][PASSED] - verifyElementNotVisible(findTestObject(orPath_TaxPayer + "/input_lastName")): Object 'Object Repository/RAD_Pages/Taxpayer_Page/input_lastName' is NOT visible

2023-09-09 20:25:48 - [MESSAGE][PASSED] - Object 'Object Repository/RAD_Pages/Taxpayer_Page/input_lastName' is NOT visible

2023-09-09 20:25:48 - [TEST_STEP][PASSED] - verifyElementNotVisible(findTestObject(orPath_TaxPayer + "/input_suffix")): Object 'Object Repository/RAD_Pages/Taxpayer_Page/input_suffix' is NOT visible

2023-09-09 20:25:48 - [MESSAGE][PASSED] - Object 'Object Repository/RAD_Pages/Taxpayer_Page/input_suffix' is NOT visible

2023-09-09 20:25:48 - [TEST_STEP][PASSED] - verifyElementNotVisible(findTestObject("RAD_RecordAndPlay/input_concatSSN")): Object 'Object Repository/RAD_RecordAndPlay/input_concatSSN' is NOT visible

2023-09-09 20:25:49 - [MESSAGE][PASSED] - Object 'Object Repository/RAD_RecordAndPlay/input_concatSSN' is NOT visible

2023-09-09 20:25:49 - [TEST_STEP][PASSED] - verifyElementNotVisible(findTestObject("RAD_RecordAndPlay/input_concatReSSN")): Object 'Object Repository/RAD_RecordAndPlay/input_concatReSSN' is NOT visible

2023-09-09 20:25:49 - [MESSAGE][PASSED] - Object 'Object Repository/RAD_RecordAndPlay/input_concatReSSN' is NOT visible

2023-09-09 20:25:49 - [TEST_STEP][PASSED] - verifyTextPresent("Address and Contact Information", true): Text 'Address and Contact Information' is present on page  using regular expression

2023-09-09 20:25:50 - [MESSAGE][PASSED] - Text 'Address and Contact Information' is present on page  using regular expression

2023-09-09 20:25:50 - [TEST_STEP][PASSED] - verifyTextPresent("Enter the taxpayer", true): Text 'Enter the taxpayer' is present on page  using regular expression

2023-09-09 20:25:50 - [MESSAGE][PASSED] - Text 'Enter the taxpayer' is present on page  using regular expression

2023-09-09 20:25:50 - [TEST_STEP][PASSED] - verifyTextPresent("address and contact information", true): Text 'address and contact information' is present on page  using regular expression

2023-09-09 20:25:51 - [MESSAGE][PASSED] - Text 'address and contact information' is present on page  using regular expression

2023-09-09 20:25:51 - [TEST_STEP][PASSED] - verifyElementPresent(findTestObject(orPath_AddressContact + "/select_Country"), 30): Object 'Object Repository/RAD_Pages/AddressAndContactInfo_Page/select_Country' is present

2023-09-09 20:25:51 - [MESSAGE][PASSED] - Object 'Object Repository/RAD_Pages/AddressAndContactInfo_Page/select_Country' is present

2023-09-09 20:25:51 - [TEST_STEP][PASSED] - verifyElementPresent(findTestObject(orPath_AddressContact + "/input_streetAddress1"), 30): Object 'Object Repository/RAD_Pages/AddressAndContactInfo_Page/input_streetAddress1' is present

2023-09-09 20:25:51 - [MESSAGE][PASSED] - Object 'Object Repository/RAD_Pages/AddressAndContactInfo_Page/input_streetAddress1' is present

2023-09-09 20:25:51 - [TEST_STEP][PASSED] - verifyElementPresent(findTestObject(orPath_AddressContact + "/input_streetAddress2"), 30): Object 'Object Repository/RAD_Pages/AddressAndContactInfo_Page/input_streetAddress2' is present

2023-09-09 20:25:52 - [MESSAGE][PASSED] - Object 'Object Repository/RAD_Pages/AddressAndContactInfo_Page/input_streetAddress2' is present

2023-09-09 20:25:52 - [TEST_STEP][PASSED] - verifyElementPresent(findTestObject(orPath_AddressContact + "/input_city"), 30): Object 'Object Repository/RAD_Pages/AddressAndContactInfo_Page/input_city' is present

2023-09-09 20:25:52 - [MESSAGE][PASSED] - Object 'Object Repository/RAD_Pages/AddressAndContactInfo_Page/input_city' is present

2023-09-09 20:25:52 - [TEST_STEP][PASSED] - verifyElementPresent(findTestObject(orPath_AddressContact + "/select_State"), 30): Object 'Object Repository/RAD_Pages/AddressAndContactInfo_Page/select_State' is present

2023-09-09 20:25:52 - [MESSAGE][PASSED] - Object 'Object Repository/RAD_Pages/AddressAndContactInfo_Page/select_State' is present

2023-09-09 20:25:52 - [TEST_STEP][PASSED] - verifyElementPresent(findTestObject(orPath_AddressContact + "/input_zipCode"), 30): Object 'Object Repository/RAD_Pages/AddressAndContactInfo_Page/input_zipCode' is present

2023-09-09 20:25:53 - [MESSAGE][PASSED] - Object 'Object Repository/RAD_Pages/AddressAndContactInfo_Page/input_zipCode' is present

2023-09-09 20:25:53 - [TEST_STEP][PASSED] - verifyElementPresent(findTestObject(orPath_AddressContact + "/input_phoneNumber"), 30): Object 'Object Repository/RAD_Pages/AddressAndContactInfo_Page/input_phoneNumber' is present

2023-09-09 20:25:53 - [MESSAGE][PASSED] - Object 'Object Repository/RAD_Pages/AddressAndContactInfo_Page/input_phoneNumber' is present

2023-09-09 20:25:53 - [TEST_STEP][PASSED] - verifyElementPresent(findTestObject(orPath_AddressContact + "/input_eMailAddress"), 30): Object 'Object Repository/RAD_Pages/AddressAndContactInfo_Page/input_eMailAddress' is present

2023-09-09 20:25:53 - [MESSAGE][PASSED] - Object 'Object Repository/RAD_Pages/AddressAndContactInfo_Page/input_eMailAddress' is present

2023-09-09 20:25:53 - [TEST_STEP][PASSED] - verifyElementPresent(findTestObject(orPath_AddressContact + "/input_reEnterEMailAddress"), 30): Object 'Object Repository/RAD_Pages/AddressAndContactInfo_Page/input_reEnterEMailAddress' is present

2023-09-09 20:25:54 - [MESSAGE][PASSED] - Object 'Object Repository/RAD_Pages/AddressAndContactInfo_Page/input_reEnterEMailAddress' is present

2023-09-09 20:25:54 - [TEST_STEP][PASSED] - verifyOptionsPresent(findTestObject(orPath_AddressContact + "/select_Country"), ["United States"]): Options [United States] present.

2023-09-09 20:25:54 - [MESSAGE][PASSED] - Options [United States] present.

2023-09-09 20:25:54 - [TEST_STEP][PASSED] - verifyOptionsPresent(findTestObject(orPath_AddressContact + "/select_State"), ["Alabama", "District of Columbia", "Maryland", "Virginia", "Wyoming"]): Options [Alabama, District of Columbia, Maryland, Virginia, Wyoming] present.

2023-09-09 20:25:56 - [MESSAGE][PASSED] - Options [Alabama, District of Columbia, Maryland, Virginia, Wyoming] present.

2023-09-09 20:25:56 - [TEST_STEP][PASSED] - totalOptionsState = getNumberOfTotalOption(findTestObject(orPath_AddressContact + "/select_State")): 52 options of object 'Object Repository/RAD_Pages/AddressAndContactInfo_Page/select_State' counted

2023-09-09 20:25:56 - [MESSAGE][PASSED] - 52 options of object 'Object Repository/RAD_Pages/AddressAndContactInfo_Page/select_State' counted

2023-09-09 20:25:56 - [TEST_STEP][PASSED] - verifyEqual(totalOptionsState, 52): Actual object '52' and expected object '52' are equal

2023-09-09 20:25:56 - [MESSAGE][PASSED] - Actual object '52' and expected object '52' are equal

2023-09-09 20:25:56 - [TEST_STEP][PASSED] - verifyTextPresent("Tax Information", true): Text 'Tax Information' is present on page  using regular expression

2023-09-09 20:25:56 - [MESSAGE][PASSED] - Text 'Tax Information' is present on page  using regular expression

2023-09-09 20:25:56 - [TEST_STEP][PASSED] - verifyElementPresent(findTestObject(orPath_TaxInfo + "/input_FederalEIN-2"), 30): Object 'Object Repository/RAD_Pages/TaxInfo_Page/input_FederalEIN-2' is present

2023-09-09 20:25:57 - [MESSAGE][PASSED] - Object 'Object Repository/RAD_Pages/TaxInfo_Page/input_FederalEIN-2' is present

2023-09-09 20:25:57 - [TEST_STEP][PASSED] - verifyElementPresent(findTestObject(orPath_TaxInfo + "/input_FederalEIN_ReEnter-2"), 30): Object 'Object Repository/RAD_Pages/TaxInfo_Page/input_FederalEIN_ReEnter-2' is present

2023-09-09 20:25:57 - [MESSAGE][PASSED] - Object 'Object Repository/RAD_Pages/TaxInfo_Page/input_FederalEIN_ReEnter-2' is present

2023-09-09 20:25:57 - [TEST_STEP][PASSED] - verifyElementPresent(findTestObject(orPath_TaxInfo + "/input_NoticeInvoiceNumber"), 30): Object 'Object Repository/RAD_Pages/TaxInfo_Page/input_NoticeInvoiceNumber' is present

2023-09-09 20:25:58 - [MESSAGE][PASSED] - Object 'Object Repository/RAD_Pages/TaxInfo_Page/input_NoticeInvoiceNumber' is present

2023-09-09 20:25:58 - [TEST_STEP][PASSED] - verifyElementVisible(findTestObject(orPath_TaxInfo + "/input_NoticeInvoiceNumber")): Object 'Object Repository/RAD_Pages/TaxInfo_Page/input_NoticeInvoiceNumber' is visible

2023-09-09 20:25:58 - [MESSAGE][PASSED] - Object 'Object Repository/RAD_Pages/TaxInfo_Page/input_NoticeInvoiceNumber' is visible

2023-09-09 20:25:58 - [TEST_STEP][PASSED] - verifyElementPresent(findTestObject(orPath_TaxInfo + "/input_reTypeNoticeInvoiceNumber"), 30): Object 'Object Repository/RAD_Pages/TaxInfo_Page/input_reTypeNoticeInvoiceNumber' is present

2023-09-09 20:25:59 - [MESSAGE][PASSED] - Object 'Object Repository/RAD_Pages/TaxInfo_Page/input_reTypeNoticeInvoiceNumber' is present

2023-09-09 20:25:59 - [TEST_STEP][PASSED] - verifyElementVisible(findTestObject(orPath_TaxInfo + "/input_reTypeNoticeInvoiceNumber")): Object 'Object Repository/RAD_Pages/TaxInfo_Page/input_reTypeNoticeInvoiceNumber' is visible

2023-09-09 20:25:59 - [MESSAGE][PASSED] - Object 'Object Repository/RAD_Pages/TaxInfo_Page/input_reTypeNoticeInvoiceNumber' is visible

2023-09-09 20:25:59 - [TEST_STEP][PASSED] - verifyElementNotVisible(findTestObject(orPath_FilingStatus + "/input_userType_Individual")): Object 'Object Repository/RAD_Pages/FilingStatus_Page/input_userType_Individual' is NOT visible

2023-09-09 20:25:59 - [MESSAGE][PASSED] - Object 'Object Repository/RAD_Pages/FilingStatus_Page/input_userType_Individual' is NOT visible

2023-09-09 20:25:59 - [TEST_STEP][PASSED] - verifyElementNotVisible(findTestObject(orPath_FilingStatus + "/input_userType_Joint")): Object 'Object Repository/RAD_Pages/FilingStatus_Page/input_userType_Joint' is NOT visible

2023-09-09 20:26:00 - [MESSAGE][PASSED] - Object 'Object Repository/RAD_Pages/FilingStatus_Page/input_userType_Joint' is NOT visible

2023-09-09 20:26:00 - [TEST_STEP][PASSED] - verifyElementNotVisible(findTestObject(orPath_TaxInfo + "/input_MDCRegistrationEL")): Object 'Object Repository/RAD_Pages/TaxInfo_Page/input_MDCRegistrationEL' is NOT visible

2023-09-09 20:26:00 - [MESSAGE][PASSED] - Object 'Object Repository/RAD_Pages/TaxInfo_Page/input_MDCRegistrationEL' is NOT visible

2023-09-09 20:26:00 - [TEST_STEP][PASSED] - verifyTextPresent("Payment Amount", true): Text 'Payment Amount' is present on page  using regular expression

2023-09-09 20:26:00 - [MESSAGE][PASSED] - Text 'Payment Amount' is present on page  using regular expression

2023-09-09 20:26:00 - [TEST_STEP][PASSED] - verifyElementPresent(findTestObject(orPath_Amount + "/input__paymentAmount"), 30): Object 'Object Repository/RAD_Pages/PaymentAmount_Page/input__paymentAmount' is present

2023-09-09 20:26:01 - [MESSAGE][PASSED] - Object 'Object Repository/RAD_Pages/PaymentAmount_Page/input__paymentAmount' is present

2023-09-09 20:26:01 - [TEST_STEP][PASSED] - verifyElementVisible(findTestObject(orPath_Amount + "/input__paymentAmount")): Object 'Object Repository/RAD_Pages/PaymentAmount_Page/input__paymentAmount' is visible

2023-09-09 20:26:01 - [MESSAGE][PASSED] - Object 'Object Repository/RAD_Pages/PaymentAmount_Page/input__paymentAmount' is visible

2023-09-09 20:26:01 - [TEST_STEP][PASSED] - verifyTextPresent("Service Fee: This electronic government service includes a service/convenience fee. Click here for details", true): Text 'Service Fee: This electronic government service includes a service/convenience fee. Click here for details' is present on page  using regular expression

2023-09-09 20:26:01 - [MESSAGE][PASSED] - Text 'Service Fee: This electronic government service includes a service/convenience fee. Click here for details' is present on page  using regular expression

2023-09-09 20:26:01 - [TEST_STEP][PASSED] - verifyElementPresent(findTestObject(orPath_Amount + "/a_Click here for details"), 30): Object 'Object Repository/RAD_Pages/PaymentAmount_Page/a_Click here for details' is present

2023-09-09 20:26:02 - [MESSAGE][PASSED] - Object 'Object Repository/RAD_Pages/PaymentAmount_Page/a_Click here for details' is present

2023-09-09 20:26:02 - [TEST_STEP][PASSED] - verifyElementPresent(findTestObject(orPath_Landing + "/button_Continue"), 30): Object 'Object Repository/RAD_Pages/Landing_Page/button_Continue' is present

2023-09-09 20:26:02 - [MESSAGE][PASSED] - Object 'Object Repository/RAD_Pages/Landing_Page/button_Continue' is present]]></system-out>
         <system-err><![CDATA[]]></system-err>
      </testcase>
      <testcase name="Test Cases/RAD_TestCases/UI_TestCases/Existing/Existing_SalesAndUseTax_UI_TC" time="24.221" classname="Test Cases/RAD_TestCases/UI_TestCases/Existing/Existing_SalesAndUseTax_UI_TC" status="PASSED">
         <system-out><![CDATA[2023-09-09 20:26:02 - [TEST_CASE][PASSED] - Test Cases/RAD_TestCases/UI_TestCases/Existing/Existing_SalesAndUseTax_UI_TC: Test Cases/RAD_TestCases/UI_TestCases/Existing/Existing_SalesAndUseTax_UI_TC

2023-09-09 20:26:02 - [TEST_STEP][PASSED] - openBrowser(""): Browser is opened with url: ''

2023-09-09 20:26:02 - [MESSAGE][WARNING] - A browser is already opened. Closing browser and opening a new one

2023-09-09 20:26:03 - [MESSAGE][INFO] - Starting 'Chrome' driver

2023-09-09 20:26:03 - [MESSAGE][INFO] - User set preference: ['acceptInsecureCerts', 'true']

2023-09-09 20:26:03 - [MESSAGE][INFO] - Action delay is set to 0 milliseconds

2023-09-09 20:26:05 - [MESSAGE][PASSED] - Browser is opened with url: ''

2023-09-09 20:26:05 - [TEST_STEP][PASSED] - maximizeWindow(): Current window maximized

2023-09-09 20:26:05 - [MESSAGE][PASSED] - Current window maximized

2023-09-09 20:26:05 - [TEST_STEP][PASSED] - navigateToUrl(RADurl): Navigate to 'https://qa2.velocitypayment.com/client/rad/index.html' successfully

2023-09-09 20:26:07 - [MESSAGE][PASSED] - Navigate to 'https://qa2.velocitypayment.com/client/rad/index.html' successfully

2023-09-09 20:26:07 - [TEST_STEP][PASSED] - orPath_Landing = "Object Repository/RAD_Pages/Landing_Page": null

2023-09-09 20:26:07 - [TEST_STEP][PASSED] - orPath_TaxTypeFilingYear = "Object Repository/RAD_Pages/TaxTypeFilingYear_Page": null

2023-09-09 20:26:07 - [TEST_STEP][PASSED] - orPath_TaxPayer = "Object Repository/RAD_Pages/Taxpayer_Page": null

2023-09-09 20:26:07 - [TEST_STEP][PASSED] - orPath_AddressContact = "Object Repository/RAD_Pages/AddressAndContactInfo_Page": null

2023-09-09 20:26:07 - [TEST_STEP][PASSED] - orPath_FilingStatus = "Object Repository/RAD_Pages/FilingStatus_Page": null

2023-09-09 20:26:07 - [TEST_STEP][PASSED] - orPath_Amount = "Object Repository/RAD_Pages/PaymentAmount_Page": null

2023-09-09 20:26:07 - [TEST_STEP][PASSED] - orPath_TaxInfo = "Object Repository/RAD_Pages/TaxInfo_Page": null

2023-09-09 20:26:07 - [TEST_STEP][PASSED] - selectOptionByLabel(findTestObject(orPath_Landing + "/dd_TaxType"), "Existing Liability w/Notice Number", false): All options with label 'Existing Liability w/Notice Number' are selected in object 'Object Repository/RAD_Pages/Landing_Page/dd_TaxType' 

2023-09-09 20:26:07 - [MESSAGE][PASSED] - All options with label 'Existing Liability w/Notice Number' are selected in object 'Object Repository/RAD_Pages/Landing_Page/dd_TaxType' 

2023-09-09 20:26:07 - [TEST_STEP][PASSED] - selectOptionByLabel(findTestObject(orPath_TaxTypeFilingYear + "/select_TaxType_ExistingLiability"), "Sales & Use Tax", false): All options with label 'Sales & Use Tax' are selected in object 'Object Repository/RAD_Pages/TaxTypeFilingYear_Page/select_TaxType_ExistingLiability' 

2023-09-09 20:26:08 - [MESSAGE][PASSED] - All options with label 'Sales & Use Tax' are selected in object 'Object Repository/RAD_Pages/TaxTypeFilingYear_Page/select_TaxType_ExistingLiability' 

2023-09-09 20:26:08 - [TEST_STEP][PASSED] - verifyElementNotVisible(findTestObject(orPath_TaxTypeFilingYear + "/select_FilingYear")): Object 'Object Repository/RAD_Pages/TaxTypeFilingYear_Page/select_FilingYear' is NOT visible

2023-09-09 20:26:09 - [MESSAGE][PASSED] - Object 'Object Repository/RAD_Pages/TaxTypeFilingYear_Page/select_FilingYear' is NOT visible

2023-09-09 20:26:09 - [TEST_STEP][PASSED] - verifyElementNotVisible(findTestObject(orPath_TaxTypeFilingYear + "/select_PeriodEnding")): Object 'Object Repository/RAD_Pages/TaxTypeFilingYear_Page/select_PeriodEnding' is NOT visible

2023-09-09 20:26:09 - [MESSAGE][PASSED] - Object 'Object Repository/RAD_Pages/TaxTypeFilingYear_Page/select_PeriodEnding' is NOT visible

2023-09-09 20:26:09 - [TEST_STEP][PASSED] - verifyTextPresent("Taxpayer", true): Text 'Taxpayer' is present on page  using regular expression

2023-09-09 20:26:09 - [MESSAGE][PASSED] - Text 'Taxpayer' is present on page  using regular expression

2023-09-09 20:26:09 - [TEST_STEP][PASSED] - verifyTextPresent("Provide the following taxpayer information", true): Text 'Provide the following taxpayer information' is present on page  using regular expression

2023-09-09 20:26:10 - [MESSAGE][PASSED] - Text 'Provide the following taxpayer information' is present on page  using regular expression

2023-09-09 20:26:10 - [TEST_STEP][PASSED] - verifyTextPresent("Note: If you are paying on behalf of the Taxpayer, enter Taxpayer", true): Text 'Note: If you are paying on behalf of the Taxpayer, enter Taxpayer' is present on page  using regular expression

2023-09-09 20:26:10 - [MESSAGE][PASSED] - Text 'Note: If you are paying on behalf of the Taxpayer, enter Taxpayer' is present on page  using regular expression

2023-09-09 20:26:10 - [TEST_STEP][PASSED] - verifyTextPresent("information here. If you are making a payment for the Taxpayer, you will be required later to enter your own credit card, billing address and other pertinent information", true): Text 'information here. If you are making a payment for the Taxpayer, you will be required later to enter your own credit card, billing address and other pertinent information' is present on page  using regular expression

2023-09-09 20:26:11 - [MESSAGE][PASSED] - Text 'information here. If you are making a payment for the Taxpayer, you will be required later to enter your own credit card, billing address and other pertinent information' is present on page  using regular expression

2023-09-09 20:26:11 - [TEST_STEP][PASSED] - verifyElementVisible(findTestObject(orPath_TaxPayer + "/input_Note_businessName")): Object 'Object Repository/RAD_Pages/Taxpayer_Page/input_Note_businessName' is visible

2023-09-09 20:26:11 - [MESSAGE][PASSED] - Object 'Object Repository/RAD_Pages/Taxpayer_Page/input_Note_businessName' is visible

2023-09-09 20:26:11 - [TEST_STEP][PASSED] - verifyElementNotVisible(findTestObject(orPath_TaxPayer + "/input_firstName")): Object 'Object Repository/RAD_Pages/Taxpayer_Page/input_firstName' is NOT visible

2023-09-09 20:26:11 - [MESSAGE][PASSED] - Object 'Object Repository/RAD_Pages/Taxpayer_Page/input_firstName' is NOT visible

2023-09-09 20:26:11 - [TEST_STEP][PASSED] - verifyElementNotVisible(findTestObject(orPath_TaxPayer + "/input_middleName")): Object 'Object Repository/RAD_Pages/Taxpayer_Page/input_middleName' is NOT visible

2023-09-09 20:26:12 - [MESSAGE][PASSED] - Object 'Object Repository/RAD_Pages/Taxpayer_Page/input_middleName' is NOT visible

2023-09-09 20:26:12 - [TEST_STEP][PASSED] - verifyElementNotVisible(findTestObject(orPath_TaxPayer + "/input_lastName")): Object 'Object Repository/RAD_Pages/Taxpayer_Page/input_lastName' is NOT visible

2023-09-09 20:26:12 - [MESSAGE][PASSED] - Object 'Object Repository/RAD_Pages/Taxpayer_Page/input_lastName' is NOT visible

2023-09-09 20:26:12 - [TEST_STEP][PASSED] - verifyElementNotVisible(findTestObject(orPath_TaxPayer + "/input_suffix")): Object 'Object Repository/RAD_Pages/Taxpayer_Page/input_suffix' is NOT visible

2023-09-09 20:26:12 - [MESSAGE][PASSED] - Object 'Object Repository/RAD_Pages/Taxpayer_Page/input_suffix' is NOT visible

2023-09-09 20:26:12 - [TEST_STEP][PASSED] - verifyElementNotVisible(findTestObject("RAD_RecordAndPlay/input_concatSSN")): Object 'Object Repository/RAD_RecordAndPlay/input_concatSSN' is NOT visible

2023-09-09 20:26:13 - [MESSAGE][PASSED] - Object 'Object Repository/RAD_RecordAndPlay/input_concatSSN' is NOT visible

2023-09-09 20:26:13 - [TEST_STEP][PASSED] - verifyElementNotVisible(findTestObject("RAD_RecordAndPlay/input_concatReSSN")): Object 'Object Repository/RAD_RecordAndPlay/input_concatReSSN' is NOT visible

2023-09-09 20:26:13 - [MESSAGE][PASSED] - Object 'Object Repository/RAD_RecordAndPlay/input_concatReSSN' is NOT visible

2023-09-09 20:26:13 - [TEST_STEP][PASSED] - verifyTextPresent("Address and Contact Information", true): Text 'Address and Contact Information' is present on page  using regular expression

2023-09-09 20:26:14 - [MESSAGE][PASSED] - Text 'Address and Contact Information' is present on page  using regular expression

2023-09-09 20:26:14 - [TEST_STEP][PASSED] - verifyTextPresent("Enter the taxpayer", true): Text 'Enter the taxpayer' is present on page  using regular expression

2023-09-09 20:26:14 - [MESSAGE][PASSED] - Text 'Enter the taxpayer' is present on page  using regular expression

2023-09-09 20:26:14 - [TEST_STEP][PASSED] - verifyTextPresent("address and contact information", true): Text 'address and contact information' is present on page  using regular expression

2023-09-09 20:26:15 - [MESSAGE][PASSED] - Text 'address and contact information' is present on page  using regular expression

2023-09-09 20:26:15 - [TEST_STEP][PASSED] - verifyElementPresent(findTestObject(orPath_AddressContact + "/select_Country"), 30): Object 'Object Repository/RAD_Pages/AddressAndContactInfo_Page/select_Country' is present

2023-09-09 20:26:15 - [MESSAGE][PASSED] - Object 'Object Repository/RAD_Pages/AddressAndContactInfo_Page/select_Country' is present

2023-09-09 20:26:15 - [TEST_STEP][PASSED] - verifyElementPresent(findTestObject(orPath_AddressContact + "/input_streetAddress1"), 30): Object 'Object Repository/RAD_Pages/AddressAndContactInfo_Page/input_streetAddress1' is present

2023-09-09 20:26:15 - [MESSAGE][PASSED] - Object 'Object Repository/RAD_Pages/AddressAndContactInfo_Page/input_streetAddress1' is present

2023-09-09 20:26:15 - [TEST_STEP][PASSED] - verifyElementPresent(findTestObject(orPath_AddressContact + "/input_streetAddress2"), 30): Object 'Object Repository/RAD_Pages/AddressAndContactInfo_Page/input_streetAddress2' is present

2023-09-09 20:26:16 - [MESSAGE][PASSED] - Object 'Object Repository/RAD_Pages/AddressAndContactInfo_Page/input_streetAddress2' is present

2023-09-09 20:26:16 - [TEST_STEP][PASSED] - verifyElementPresent(findTestObject(orPath_AddressContact + "/input_city"), 30): Object 'Object Repository/RAD_Pages/AddressAndContactInfo_Page/input_city' is present

2023-09-09 20:26:16 - [MESSAGE][PASSED] - Object 'Object Repository/RAD_Pages/AddressAndContactInfo_Page/input_city' is present

2023-09-09 20:26:16 - [TEST_STEP][PASSED] - verifyElementPresent(findTestObject(orPath_AddressContact + "/select_State"), 30): Object 'Object Repository/RAD_Pages/AddressAndContactInfo_Page/select_State' is present

2023-09-09 20:26:16 - [MESSAGE][PASSED] - Object 'Object Repository/RAD_Pages/AddressAndContactInfo_Page/select_State' is present

2023-09-09 20:26:16 - [TEST_STEP][PASSED] - verifyElementPresent(findTestObject(orPath_AddressContact + "/input_zipCode"), 30): Object 'Object Repository/RAD_Pages/AddressAndContactInfo_Page/input_zipCode' is present

2023-09-09 20:26:17 - [MESSAGE][PASSED] - Object 'Object Repository/RAD_Pages/AddressAndContactInfo_Page/input_zipCode' is present

2023-09-09 20:26:17 - [TEST_STEP][PASSED] - verifyElementPresent(findTestObject(orPath_AddressContact + "/input_phoneNumber"), 30): Object 'Object Repository/RAD_Pages/AddressAndContactInfo_Page/input_phoneNumber' is present

2023-09-09 20:26:17 - [MESSAGE][PASSED] - Object 'Object Repository/RAD_Pages/AddressAndContactInfo_Page/input_phoneNumber' is present

2023-09-09 20:26:17 - [TEST_STEP][PASSED] - verifyElementPresent(findTestObject(orPath_AddressContact + "/input_eMailAddress"), 30): Object 'Object Repository/RAD_Pages/AddressAndContactInfo_Page/input_eMailAddress' is present

2023-09-09 20:26:17 - [MESSAGE][PASSED] - Object 'Object Repository/RAD_Pages/AddressAndContactInfo_Page/input_eMailAddress' is present

2023-09-09 20:26:17 - [TEST_STEP][PASSED] - verifyElementPresent(findTestObject(orPath_AddressContact + "/input_reEnterEMailAddress"), 30): Object 'Object Repository/RAD_Pages/AddressAndContactInfo_Page/input_reEnterEMailAddress' is present

2023-09-09 20:26:18 - [MESSAGE][PASSED] - Object 'Object Repository/RAD_Pages/AddressAndContactInfo_Page/input_reEnterEMailAddress' is present

2023-09-09 20:26:18 - [TEST_STEP][PASSED] - verifyOptionsPresent(findTestObject(orPath_AddressContact + "/select_Country"), ["United States"]): Options [United States] present.

2023-09-09 20:26:18 - [MESSAGE][PASSED] - Options [United States] present.

2023-09-09 20:26:18 - [TEST_STEP][PASSED] - verifyOptionsPresent(findTestObject(orPath_AddressContact + "/select_State"), ["Alabama", "District of Columbia", "Maryland", "Virginia", "Wyoming"]): Options [Alabama, District of Columbia, Maryland, Virginia, Wyoming] present.

2023-09-09 20:26:19 - [MESSAGE][PASSED] - Options [Alabama, District of Columbia, Maryland, Virginia, Wyoming] present.

2023-09-09 20:26:19 - [TEST_STEP][PASSED] - totalOptionsState = getNumberOfTotalOption(findTestObject(orPath_AddressContact + "/select_State")): 52 options of object 'Object Repository/RAD_Pages/AddressAndContactInfo_Page/select_State' counted

2023-09-09 20:26:20 - [MESSAGE][PASSED] - 52 options of object 'Object Repository/RAD_Pages/AddressAndContactInfo_Page/select_State' counted

2023-09-09 20:26:20 - [TEST_STEP][PASSED] - verifyEqual(totalOptionsState, 52): Actual object '52' and expected object '52' are equal

2023-09-09 20:26:20 - [MESSAGE][PASSED] - Actual object '52' and expected object '52' are equal

2023-09-09 20:26:20 - [TEST_STEP][PASSED] - verifyTextPresent("Tax Information", true): Text 'Tax Information' is present on page  using regular expression

2023-09-09 20:26:20 - [MESSAGE][PASSED] - Text 'Tax Information' is present on page  using regular expression

2023-09-09 20:26:20 - [TEST_STEP][PASSED] - verifyElementPresent(findTestObject(orPath_TaxInfo + "/input_FederalEIN-2"), 30): Object 'Object Repository/RAD_Pages/TaxInfo_Page/input_FederalEIN-2' is present

2023-09-09 20:26:21 - [MESSAGE][PASSED] - Object 'Object Repository/RAD_Pages/TaxInfo_Page/input_FederalEIN-2' is present

2023-09-09 20:26:21 - [TEST_STEP][PASSED] - verifyElementPresent(findTestObject(orPath_TaxInfo + "/input_FederalEIN_ReEnter-2"), 30): Object 'Object Repository/RAD_Pages/TaxInfo_Page/input_FederalEIN_ReEnter-2' is present

2023-09-09 20:26:22 - [MESSAGE][PASSED] - Object 'Object Repository/RAD_Pages/TaxInfo_Page/input_FederalEIN_ReEnter-2' is present

2023-09-09 20:26:22 - [TEST_STEP][PASSED] - verifyElementPresent(findTestObject(orPath_TaxInfo + "/input_NoticeInvoiceNumber"), 30): Object 'Object Repository/RAD_Pages/TaxInfo_Page/input_NoticeInvoiceNumber' is present

2023-09-09 20:26:22 - [MESSAGE][PASSED] - Object 'Object Repository/RAD_Pages/TaxInfo_Page/input_NoticeInvoiceNumber' is present

2023-09-09 20:26:22 - [TEST_STEP][PASSED] - verifyElementVisible(findTestObject(orPath_TaxInfo + "/input_NoticeInvoiceNumber")): Object 'Object Repository/RAD_Pages/TaxInfo_Page/input_NoticeInvoiceNumber' is visible

2023-09-09 20:26:22 - [MESSAGE][PASSED] - Object 'Object Repository/RAD_Pages/TaxInfo_Page/input_NoticeInvoiceNumber' is visible

2023-09-09 20:26:22 - [TEST_STEP][PASSED] - verifyElementPresent(findTestObject(orPath_TaxInfo + "/input_reTypeNoticeInvoiceNumber"), 30): Object 'Object Repository/RAD_Pages/TaxInfo_Page/input_reTypeNoticeInvoiceNumber' is present

2023-09-09 20:26:23 - [MESSAGE][PASSED] - Object 'Object Repository/RAD_Pages/TaxInfo_Page/input_reTypeNoticeInvoiceNumber' is present

2023-09-09 20:26:23 - [TEST_STEP][PASSED] - verifyElementVisible(findTestObject(orPath_TaxInfo + "/input_reTypeNoticeInvoiceNumber")): Object 'Object Repository/RAD_Pages/TaxInfo_Page/input_reTypeNoticeInvoiceNumber' is visible

2023-09-09 20:26:23 - [MESSAGE][PASSED] - Object 'Object Repository/RAD_Pages/TaxInfo_Page/input_reTypeNoticeInvoiceNumber' is visible

2023-09-09 20:26:23 - [TEST_STEP][PASSED] - verifyElementVisible(findTestObject(orPath_TaxInfo + "/input_MDCRegistrationEL")): Object 'Object Repository/RAD_Pages/TaxInfo_Page/input_MDCRegistrationEL' is visible

2023-09-09 20:26:23 - [MESSAGE][PASSED] - Object 'Object Repository/RAD_Pages/TaxInfo_Page/input_MDCRegistrationEL' is visible

2023-09-09 20:26:23 - [TEST_STEP][PASSED] - verifyElementNotVisible(findTestObject(orPath_FilingStatus + "/input_userType_Individual")): Object 'Object Repository/RAD_Pages/FilingStatus_Page/input_userType_Individual' is NOT visible

2023-09-09 20:26:24 - [MESSAGE][PASSED] - Object 'Object Repository/RAD_Pages/FilingStatus_Page/input_userType_Individual' is NOT visible

2023-09-09 20:26:24 - [TEST_STEP][PASSED] - verifyElementNotVisible(findTestObject(orPath_FilingStatus + "/input_userType_Joint")): Object 'Object Repository/RAD_Pages/FilingStatus_Page/input_userType_Joint' is NOT visible

2023-09-09 20:26:24 - [MESSAGE][PASSED] - Object 'Object Repository/RAD_Pages/FilingStatus_Page/input_userType_Joint' is NOT visible

2023-09-09 20:26:24 - [TEST_STEP][PASSED] - verifyTextPresent("Payment Amount", true): Text 'Payment Amount' is present on page  using regular expression

2023-09-09 20:26:25 - [MESSAGE][PASSED] - Text 'Payment Amount' is present on page  using regular expression

2023-09-09 20:26:25 - [TEST_STEP][PASSED] - verifyElementPresent(findTestObject(orPath_Amount + "/input__paymentAmount"), 30): Object 'Object Repository/RAD_Pages/PaymentAmount_Page/input__paymentAmount' is present

2023-09-09 20:26:25 - [MESSAGE][PASSED] - Object 'Object Repository/RAD_Pages/PaymentAmount_Page/input__paymentAmount' is present

2023-09-09 20:26:25 - [TEST_STEP][PASSED] - verifyElementVisible(findTestObject(orPath_Amount + "/input__paymentAmount")): Object 'Object Repository/RAD_Pages/PaymentAmount_Page/input__paymentAmount' is visible

2023-09-09 20:26:25 - [MESSAGE][PASSED] - Object 'Object Repository/RAD_Pages/PaymentAmount_Page/input__paymentAmount' is visible

2023-09-09 20:26:25 - [TEST_STEP][PASSED] - verifyTextPresent("Service Fee: This electronic government service includes a service/convenience fee. Click here for details", true): Text 'Service Fee: This electronic government service includes a service/convenience fee. Click here for details' is present on page  using regular expression

2023-09-09 20:26:26 - [MESSAGE][PASSED] - Text 'Service Fee: This electronic government service includes a service/convenience fee. Click here for details' is present on page  using regular expression

2023-09-09 20:26:26 - [TEST_STEP][PASSED] - verifyElementPresent(findTestObject(orPath_Amount + "/a_Click here for details"), 30): Object 'Object Repository/RAD_Pages/PaymentAmount_Page/a_Click here for details' is present

2023-09-09 20:26:26 - [MESSAGE][PASSED] - Object 'Object Repository/RAD_Pages/PaymentAmount_Page/a_Click here for details' is present

2023-09-09 20:26:26 - [TEST_STEP][PASSED] - verifyElementPresent(findTestObject(orPath_Landing + "/button_Continue"), 30): Object 'Object Repository/RAD_Pages/Landing_Page/button_Continue' is present

2023-09-09 20:26:26 - [MESSAGE][PASSED] - Object 'Object Repository/RAD_Pages/Landing_Page/button_Continue' is present]]></system-out>
         <system-err><![CDATA[]]></system-err>
      </testcase>
      <testcase name="Test Cases/RAD_TestCases/UI_TestCases/Existing/Existing_TireRecyclingFee_UI_TC" time="23.503" classname="Test Cases/RAD_TestCases/UI_TestCases/Existing/Existing_TireRecyclingFee_UI_TC" status="PASSED">
         <system-out><![CDATA[2023-09-09 20:26:26 - [TEST_CASE][PASSED] - Test Cases/RAD_TestCases/UI_TestCases/Existing/Existing_TireRecyclingFee_UI_TC: Test Cases/RAD_TestCases/UI_TestCases/Existing/Existing_TireRecyclingFee_UI_TC

2023-09-09 20:26:27 - [TEST_STEP][PASSED] - openBrowser(""): Browser is opened with url: ''

2023-09-09 20:26:27 - [MESSAGE][WARNING] - A browser is already opened. Closing browser and opening a new one

2023-09-09 20:26:28 - [MESSAGE][INFO] - Starting 'Chrome' driver

2023-09-09 20:26:28 - [MESSAGE][INFO] - User set preference: ['acceptInsecureCerts', 'true']

2023-09-09 20:26:28 - [MESSAGE][INFO] - Action delay is set to 0 milliseconds

2023-09-09 20:26:29 - [MESSAGE][PASSED] - Browser is opened with url: ''

2023-09-09 20:26:29 - [TEST_STEP][PASSED] - maximizeWindow(): Current window maximized

2023-09-09 20:26:29 - [MESSAGE][PASSED] - Current window maximized

2023-09-09 20:26:29 - [TEST_STEP][PASSED] - navigateToUrl(RADurl): Navigate to 'https://qa2.velocitypayment.com/client/rad/index.html' successfully

2023-09-09 20:26:31 - [MESSAGE][PASSED] - Navigate to 'https://qa2.velocitypayment.com/client/rad/index.html' successfully

2023-09-09 20:26:31 - [TEST_STEP][PASSED] - orPath_Landing = "Object Repository/RAD_Pages/Landing_Page": null

2023-09-09 20:26:31 - [TEST_STEP][PASSED] - orPath_TaxTypeFilingYear = "Object Repository/RAD_Pages/TaxTypeFilingYear_Page": null

2023-09-09 20:26:31 - [TEST_STEP][PASSED] - orPath_TaxPayer = "Object Repository/RAD_Pages/Taxpayer_Page": null

2023-09-09 20:26:31 - [TEST_STEP][PASSED] - orPath_AddressContact = "Object Repository/RAD_Pages/AddressAndContactInfo_Page": null

2023-09-09 20:26:31 - [TEST_STEP][PASSED] - orPath_FilingStatus = "Object Repository/RAD_Pages/FilingStatus_Page": null

2023-09-09 20:26:31 - [TEST_STEP][PASSED] - orPath_Amount = "Object Repository/RAD_Pages/PaymentAmount_Page": null

2023-09-09 20:26:31 - [TEST_STEP][PASSED] - orPath_TaxInfo = "Object Repository/RAD_Pages/TaxInfo_Page": null

2023-09-09 20:26:31 - [TEST_STEP][PASSED] - selectOptionByLabel(findTestObject(orPath_Landing + "/dd_TaxType"), "Existing Liability w/Notice Number", false): All options with label 'Existing Liability w/Notice Number' are selected in object 'Object Repository/RAD_Pages/Landing_Page/dd_TaxType' 

2023-09-09 20:26:31 - [MESSAGE][PASSED] - All options with label 'Existing Liability w/Notice Number' are selected in object 'Object Repository/RAD_Pages/Landing_Page/dd_TaxType' 

2023-09-09 20:26:31 - [TEST_STEP][PASSED] - selectOptionByLabel(findTestObject(orPath_TaxTypeFilingYear + "/select_TaxType_ExistingLiability"), "Tire Recycling Fee", false): All options with label 'Tire Recycling Fee' are selected in object 'Object Repository/RAD_Pages/TaxTypeFilingYear_Page/select_TaxType_ExistingLiability' 

2023-09-09 20:26:32 - [MESSAGE][PASSED] - All options with label 'Tire Recycling Fee' are selected in object 'Object Repository/RAD_Pages/TaxTypeFilingYear_Page/select_TaxType_ExistingLiability' 

2023-09-09 20:26:32 - [TEST_STEP][PASSED] - verifyElementNotVisible(findTestObject(orPath_TaxTypeFilingYear + "/select_FilingYear")): Object 'Object Repository/RAD_Pages/TaxTypeFilingYear_Page/select_FilingYear' is NOT visible

2023-09-09 20:26:33 - [MESSAGE][PASSED] - Object 'Object Repository/RAD_Pages/TaxTypeFilingYear_Page/select_FilingYear' is NOT visible

2023-09-09 20:26:33 - [TEST_STEP][PASSED] - verifyElementNotVisible(findTestObject(orPath_TaxTypeFilingYear + "/select_PeriodEnding")): Object 'Object Repository/RAD_Pages/TaxTypeFilingYear_Page/select_PeriodEnding' is NOT visible

2023-09-09 20:26:33 - [MESSAGE][PASSED] - Object 'Object Repository/RAD_Pages/TaxTypeFilingYear_Page/select_PeriodEnding' is NOT visible

2023-09-09 20:26:33 - [TEST_STEP][PASSED] - verifyTextPresent("Taxpayer", true): Text 'Taxpayer' is present on page  using regular expression

2023-09-09 20:26:34 - [MESSAGE][PASSED] - Text 'Taxpayer' is present on page  using regular expression

2023-09-09 20:26:34 - [TEST_STEP][PASSED] - verifyTextPresent("Provide the following taxpayer information", true): Text 'Provide the following taxpayer information' is present on page  using regular expression

2023-09-09 20:26:34 - [MESSAGE][PASSED] - Text 'Provide the following taxpayer information' is present on page  using regular expression

2023-09-09 20:26:34 - [TEST_STEP][PASSED] - verifyTextPresent("Note: If you are paying on behalf of the Taxpayer, enter Taxpayer", true): Text 'Note: If you are paying on behalf of the Taxpayer, enter Taxpayer' is present on page  using regular expression

2023-09-09 20:26:34 - [MESSAGE][PASSED] - Text 'Note: If you are paying on behalf of the Taxpayer, enter Taxpayer' is present on page  using regular expression

2023-09-09 20:26:34 - [TEST_STEP][PASSED] - verifyTextPresent("information here. If you are making a payment for the Taxpayer, you will be required later to enter your own credit card, billing address and other pertinent information", true): Text 'information here. If you are making a payment for the Taxpayer, you will be required later to enter your own credit card, billing address and other pertinent information' is present on page  using regular expression

2023-09-09 20:26:35 - [MESSAGE][PASSED] - Text 'information here. If you are making a payment for the Taxpayer, you will be required later to enter your own credit card, billing address and other pertinent information' is present on page  using regular expression

2023-09-09 20:26:35 - [TEST_STEP][PASSED] - verifyElementVisible(findTestObject(orPath_TaxPayer + "/input_Note_businessName")): Object 'Object Repository/RAD_Pages/Taxpayer_Page/input_Note_businessName' is visible

2023-09-09 20:26:35 - [MESSAGE][PASSED] - Object 'Object Repository/RAD_Pages/Taxpayer_Page/input_Note_businessName' is visible

2023-09-09 20:26:35 - [TEST_STEP][PASSED] - verifyElementNotVisible(findTestObject(orPath_TaxPayer + "/input_firstName")): Object 'Object Repository/RAD_Pages/Taxpayer_Page/input_firstName' is NOT visible

2023-09-09 20:26:35 - [MESSAGE][PASSED] - Object 'Object Repository/RAD_Pages/Taxpayer_Page/input_firstName' is NOT visible

2023-09-09 20:26:35 - [TEST_STEP][PASSED] - verifyElementNotVisible(findTestObject(orPath_TaxPayer + "/input_middleName")): Object 'Object Repository/RAD_Pages/Taxpayer_Page/input_middleName' is NOT visible

2023-09-09 20:26:36 - [MESSAGE][PASSED] - Object 'Object Repository/RAD_Pages/Taxpayer_Page/input_middleName' is NOT visible

2023-09-09 20:26:36 - [TEST_STEP][PASSED] - verifyElementNotVisible(findTestObject(orPath_TaxPayer + "/input_lastName")): Object 'Object Repository/RAD_Pages/Taxpayer_Page/input_lastName' is NOT visible

2023-09-09 20:26:36 - [MESSAGE][PASSED] - Object 'Object Repository/RAD_Pages/Taxpayer_Page/input_lastName' is NOT visible

2023-09-09 20:26:36 - [TEST_STEP][PASSED] - verifyElementNotVisible(findTestObject(orPath_TaxPayer + "/input_suffix")): Object 'Object Repository/RAD_Pages/Taxpayer_Page/input_suffix' is NOT visible

2023-09-09 20:26:36 - [MESSAGE][PASSED] - Object 'Object Repository/RAD_Pages/Taxpayer_Page/input_suffix' is NOT visible

2023-09-09 20:26:36 - [TEST_STEP][PASSED] - verifyElementNotVisible(findTestObject("RAD_RecordAndPlay/input_concatSSN")): Object 'Object Repository/RAD_RecordAndPlay/input_concatSSN' is NOT visible

2023-09-09 20:26:37 - [MESSAGE][PASSED] - Object 'Object Repository/RAD_RecordAndPlay/input_concatSSN' is NOT visible

2023-09-09 20:26:37 - [TEST_STEP][PASSED] - verifyElementNotVisible(findTestObject("RAD_RecordAndPlay/input_concatReSSN")): Object 'Object Repository/RAD_RecordAndPlay/input_concatReSSN' is NOT visible

2023-09-09 20:26:37 - [MESSAGE][PASSED] - Object 'Object Repository/RAD_RecordAndPlay/input_concatReSSN' is NOT visible

2023-09-09 20:26:37 - [TEST_STEP][PASSED] - verifyTextPresent("Address and Contact Information", true): Text 'Address and Contact Information' is present on page  using regular expression

2023-09-09 20:26:38 - [MESSAGE][PASSED] - Text 'Address and Contact Information' is present on page  using regular expression

2023-09-09 20:26:38 - [TEST_STEP][PASSED] - verifyTextPresent("Enter the taxpayer", true): Text 'Enter the taxpayer' is present on page  using regular expression

2023-09-09 20:26:38 - [MESSAGE][PASSED] - Text 'Enter the taxpayer' is present on page  using regular expression

2023-09-09 20:26:38 - [TEST_STEP][PASSED] - verifyTextPresent("address and contact information", true): Text 'address and contact information' is present on page  using regular expression

2023-09-09 20:26:39 - [MESSAGE][PASSED] - Text 'address and contact information' is present on page  using regular expression

2023-09-09 20:26:39 - [TEST_STEP][PASSED] - verifyElementPresent(findTestObject(orPath_AddressContact + "/select_Country"), 30): Object 'Object Repository/RAD_Pages/AddressAndContactInfo_Page/select_Country' is present

2023-09-09 20:26:39 - [MESSAGE][PASSED] - Object 'Object Repository/RAD_Pages/AddressAndContactInfo_Page/select_Country' is present

2023-09-09 20:26:39 - [TEST_STEP][PASSED] - verifyElementPresent(findTestObject(orPath_AddressContact + "/input_streetAddress1"), 30): Object 'Object Repository/RAD_Pages/AddressAndContactInfo_Page/input_streetAddress1' is present

2023-09-09 20:26:39 - [MESSAGE][PASSED] - Object 'Object Repository/RAD_Pages/AddressAndContactInfo_Page/input_streetAddress1' is present

2023-09-09 20:26:39 - [TEST_STEP][PASSED] - verifyElementPresent(findTestObject(orPath_AddressContact + "/input_streetAddress2"), 30): Object 'Object Repository/RAD_Pages/AddressAndContactInfo_Page/input_streetAddress2' is present

2023-09-09 20:26:40 - [MESSAGE][PASSED] - Object 'Object Repository/RAD_Pages/AddressAndContactInfo_Page/input_streetAddress2' is present

2023-09-09 20:26:40 - [TEST_STEP][PASSED] - verifyElementPresent(findTestObject(orPath_AddressContact + "/input_city"), 30): Object 'Object Repository/RAD_Pages/AddressAndContactInfo_Page/input_city' is present

2023-09-09 20:26:40 - [MESSAGE][PASSED] - Object 'Object Repository/RAD_Pages/AddressAndContactInfo_Page/input_city' is present

2023-09-09 20:26:40 - [TEST_STEP][PASSED] - verifyElementPresent(findTestObject(orPath_AddressContact + "/select_State"), 30): Object 'Object Repository/RAD_Pages/AddressAndContactInfo_Page/select_State' is present

2023-09-09 20:26:40 - [MESSAGE][PASSED] - Object 'Object Repository/RAD_Pages/AddressAndContactInfo_Page/select_State' is present

2023-09-09 20:26:40 - [TEST_STEP][PASSED] - verifyElementPresent(findTestObject(orPath_AddressContact + "/input_zipCode"), 30): Object 'Object Repository/RAD_Pages/AddressAndContactInfo_Page/input_zipCode' is present

2023-09-09 20:26:41 - [MESSAGE][PASSED] - Object 'Object Repository/RAD_Pages/AddressAndContactInfo_Page/input_zipCode' is present

2023-09-09 20:26:41 - [TEST_STEP][PASSED] - verifyElementPresent(findTestObject(orPath_AddressContact + "/input_phoneNumber"), 30): Object 'Object Repository/RAD_Pages/AddressAndContactInfo_Page/input_phoneNumber' is present

2023-09-09 20:26:41 - [MESSAGE][PASSED] - Object 'Object Repository/RAD_Pages/AddressAndContactInfo_Page/input_phoneNumber' is present

2023-09-09 20:26:41 - [TEST_STEP][PASSED] - verifyElementPresent(findTestObject(orPath_AddressContact + "/input_eMailAddress"), 30): Object 'Object Repository/RAD_Pages/AddressAndContactInfo_Page/input_eMailAddress' is present

2023-09-09 20:26:41 - [MESSAGE][PASSED] - Object 'Object Repository/RAD_Pages/AddressAndContactInfo_Page/input_eMailAddress' is present

2023-09-09 20:26:41 - [TEST_STEP][PASSED] - verifyElementPresent(findTestObject(orPath_AddressContact + "/input_reEnterEMailAddress"), 30): Object 'Object Repository/RAD_Pages/AddressAndContactInfo_Page/input_reEnterEMailAddress' is present

2023-09-09 20:26:42 - [MESSAGE][PASSED] - Object 'Object Repository/RAD_Pages/AddressAndContactInfo_Page/input_reEnterEMailAddress' is present

2023-09-09 20:26:42 - [TEST_STEP][PASSED] - verifyOptionsPresent(findTestObject(orPath_AddressContact + "/select_Country"), ["United States"]): Options [United States] present.

2023-09-09 20:26:42 - [MESSAGE][PASSED] - Options [United States] present.

2023-09-09 20:26:42 - [TEST_STEP][PASSED] - verifyOptionsPresent(findTestObject(orPath_AddressContact + "/select_State"), ["Alabama", "District of Columbia", "Maryland", "Virginia", "Wyoming"]): Options [Alabama, District of Columbia, Maryland, Virginia, Wyoming] present.

2023-09-09 20:26:43 - [MESSAGE][PASSED] - Options [Alabama, District of Columbia, Maryland, Virginia, Wyoming] present.

2023-09-09 20:26:43 - [TEST_STEP][PASSED] - totalOptionsState = getNumberOfTotalOption(findTestObject(orPath_AddressContact + "/select_State")): 52 options of object 'Object Repository/RAD_Pages/AddressAndContactInfo_Page/select_State' counted

2023-09-09 20:26:44 - [MESSAGE][PASSED] - 52 options of object 'Object Repository/RAD_Pages/AddressAndContactInfo_Page/select_State' counted

2023-09-09 20:26:44 - [TEST_STEP][PASSED] - verifyEqual(totalOptionsState, 52): Actual object '52' and expected object '52' are equal

2023-09-09 20:26:44 - [MESSAGE][PASSED] - Actual object '52' and expected object '52' are equal

2023-09-09 20:26:44 - [TEST_STEP][PASSED] - verifyTextPresent("Tax Information", true): Text 'Tax Information' is present on page  using regular expression

2023-09-09 20:26:44 - [MESSAGE][PASSED] - Text 'Tax Information' is present on page  using regular expression

2023-09-09 20:26:44 - [TEST_STEP][PASSED] - verifyElementPresent(findTestObject(orPath_TaxInfo + "/input_FederalEIN-2"), 30): Object 'Object Repository/RAD_Pages/TaxInfo_Page/input_FederalEIN-2' is present

2023-09-09 20:26:45 - [MESSAGE][PASSED] - Object 'Object Repository/RAD_Pages/TaxInfo_Page/input_FederalEIN-2' is present

2023-09-09 20:26:45 - [TEST_STEP][PASSED] - verifyElementPresent(findTestObject(orPath_TaxInfo + "/input_FederalEIN_ReEnter-2"), 30): Object 'Object Repository/RAD_Pages/TaxInfo_Page/input_FederalEIN_ReEnter-2' is present

2023-09-09 20:26:45 - [MESSAGE][PASSED] - Object 'Object Repository/RAD_Pages/TaxInfo_Page/input_FederalEIN_ReEnter-2' is present

2023-09-09 20:26:45 - [TEST_STEP][PASSED] - verifyElementPresent(findTestObject(orPath_TaxInfo + "/input_NoticeInvoiceNumber"), 30): Object 'Object Repository/RAD_Pages/TaxInfo_Page/input_NoticeInvoiceNumber' is present

2023-09-09 20:26:46 - [MESSAGE][PASSED] - Object 'Object Repository/RAD_Pages/TaxInfo_Page/input_NoticeInvoiceNumber' is present

2023-09-09 20:26:46 - [TEST_STEP][PASSED] - verifyElementVisible(findTestObject(orPath_TaxInfo + "/input_NoticeInvoiceNumber")): Object 'Object Repository/RAD_Pages/TaxInfo_Page/input_NoticeInvoiceNumber' is visible

2023-09-09 20:26:46 - [MESSAGE][PASSED] - Object 'Object Repository/RAD_Pages/TaxInfo_Page/input_NoticeInvoiceNumber' is visible

2023-09-09 20:26:46 - [TEST_STEP][PASSED] - verifyElementPresent(findTestObject(orPath_TaxInfo + "/input_reTypeNoticeInvoiceNumber"), 30): Object 'Object Repository/RAD_Pages/TaxInfo_Page/input_reTypeNoticeInvoiceNumber' is present

2023-09-09 20:26:46 - [MESSAGE][PASSED] - Object 'Object Repository/RAD_Pages/TaxInfo_Page/input_reTypeNoticeInvoiceNumber' is present

2023-09-09 20:26:46 - [TEST_STEP][PASSED] - verifyElementVisible(findTestObject(orPath_TaxInfo + "/input_reTypeNoticeInvoiceNumber")): Object 'Object Repository/RAD_Pages/TaxInfo_Page/input_reTypeNoticeInvoiceNumber' is visible

2023-09-09 20:26:47 - [MESSAGE][PASSED] - Object 'Object Repository/RAD_Pages/TaxInfo_Page/input_reTypeNoticeInvoiceNumber' is visible

2023-09-09 20:26:47 - [TEST_STEP][PASSED] - verifyElementNotVisible(findTestObject(orPath_FilingStatus + "/input_userType_Individual")): Object 'Object Repository/RAD_Pages/FilingStatus_Page/input_userType_Individual' is NOT visible

2023-09-09 20:26:47 - [MESSAGE][PASSED] - Object 'Object Repository/RAD_Pages/FilingStatus_Page/input_userType_Individual' is NOT visible

2023-09-09 20:26:47 - [TEST_STEP][PASSED] - verifyElementNotVisible(findTestObject(orPath_FilingStatus + "/input_userType_Joint")): Object 'Object Repository/RAD_Pages/FilingStatus_Page/input_userType_Joint' is NOT visible

2023-09-09 20:26:47 - [MESSAGE][PASSED] - Object 'Object Repository/RAD_Pages/FilingStatus_Page/input_userType_Joint' is NOT visible

2023-09-09 20:26:47 - [TEST_STEP][PASSED] - verifyElementNotVisible(findTestObject(orPath_TaxInfo + "/input_MDCRegistrationEL")): Object 'Object Repository/RAD_Pages/TaxInfo_Page/input_MDCRegistrationEL' is NOT visible

2023-09-09 20:26:48 - [MESSAGE][PASSED] - Object 'Object Repository/RAD_Pages/TaxInfo_Page/input_MDCRegistrationEL' is NOT visible

2023-09-09 20:26:48 - [TEST_STEP][PASSED] - verifyTextPresent("Payment Amount", true): Text 'Payment Amount' is present on page  using regular expression

2023-09-09 20:26:48 - [MESSAGE][PASSED] - Text 'Payment Amount' is present on page  using regular expression

2023-09-09 20:26:48 - [TEST_STEP][PASSED] - verifyElementPresent(findTestObject(orPath_Amount + "/input__paymentAmount"), 30): Object 'Object Repository/RAD_Pages/PaymentAmount_Page/input__paymentAmount' is present

2023-09-09 20:26:48 - [MESSAGE][PASSED] - Object 'Object Repository/RAD_Pages/PaymentAmount_Page/input__paymentAmount' is present

2023-09-09 20:26:48 - [TEST_STEP][PASSED] - verifyElementVisible(findTestObject(orPath_Amount + "/input__paymentAmount")): Object 'Object Repository/RAD_Pages/PaymentAmount_Page/input__paymentAmount' is visible

2023-09-09 20:26:49 - [MESSAGE][PASSED] - Object 'Object Repository/RAD_Pages/PaymentAmount_Page/input__paymentAmount' is visible

2023-09-09 20:26:49 - [TEST_STEP][PASSED] - verifyTextPresent("Service Fee: This electronic government service includes a service/convenience fee. Click here for details", true): Text 'Service Fee: This electronic government service includes a service/convenience fee. Click here for details' is present on page  using regular expression

2023-09-09 20:26:49 - [MESSAGE][PASSED] - Text 'Service Fee: This electronic government service includes a service/convenience fee. Click here for details' is present on page  using regular expression

2023-09-09 20:26:49 - [TEST_STEP][PASSED] - verifyElementPresent(findTestObject(orPath_Amount + "/a_Click here for details"), 30): Object 'Object Repository/RAD_Pages/PaymentAmount_Page/a_Click here for details' is present

2023-09-09 20:26:49 - [MESSAGE][PASSED] - Object 'Object Repository/RAD_Pages/PaymentAmount_Page/a_Click here for details' is present

2023-09-09 20:26:49 - [TEST_STEP][PASSED] - verifyElementPresent(findTestObject(orPath_Landing + "/button_Continue"), 30): Object 'Object Repository/RAD_Pages/Landing_Page/button_Continue' is present

2023-09-09 20:26:50 - [MESSAGE][PASSED] - Object 'Object Repository/RAD_Pages/Landing_Page/button_Continue' is present]]></system-out>
         <system-err><![CDATA[]]></system-err>
      </testcase>
      <testcase name="Test Cases/RAD_TestCases/UI_TestCases/Existing/Existing_WithholdingTax_UI_TC" time="23.705" classname="Test Cases/RAD_TestCases/UI_TestCases/Existing/Existing_WithholdingTax_UI_TC" status="PASSED">
         <system-out><![CDATA[2023-09-09 20:26:50 - [TEST_CASE][PASSED] - Test Cases/RAD_TestCases/UI_TestCases/Existing/Existing_WithholdingTax_UI_TC: Test Cases/RAD_TestCases/UI_TestCases/Existing/Existing_WithholdingTax_UI_TC

2023-09-09 20:26:50 - [TEST_STEP][PASSED] - openBrowser(""): Browser is opened with url: ''

2023-09-09 20:26:50 - [MESSAGE][WARNING] - A browser is already opened. Closing browser and opening a new one

2023-09-09 20:26:51 - [MESSAGE][INFO] - Starting 'Chrome' driver

2023-09-09 20:26:51 - [MESSAGE][INFO] - User set preference: ['acceptInsecureCerts', 'true']

2023-09-09 20:26:51 - [MESSAGE][INFO] - Action delay is set to 0 milliseconds

2023-09-09 20:26:53 - [MESSAGE][PASSED] - Browser is opened with url: ''

2023-09-09 20:26:53 - [TEST_STEP][PASSED] - maximizeWindow(): Current window maximized

2023-09-09 20:26:53 - [MESSAGE][PASSED] - Current window maximized

2023-09-09 20:26:53 - [TEST_STEP][PASSED] - navigateToUrl(RADurl): Navigate to 'https://qa2.velocitypayment.com/client/rad/index.html' successfully

2023-09-09 20:26:54 - [MESSAGE][PASSED] - Navigate to 'https://qa2.velocitypayment.com/client/rad/index.html' successfully

2023-09-09 20:26:54 - [TEST_STEP][PASSED] - orPath_Landing = "Object Repository/RAD_Pages/Landing_Page": null

2023-09-09 20:26:54 - [TEST_STEP][PASSED] - orPath_TaxTypeFilingYear = "Object Repository/RAD_Pages/TaxTypeFilingYear_Page": null

2023-09-09 20:26:54 - [TEST_STEP][PASSED] - orPath_TaxPayer = "Object Repository/RAD_Pages/Taxpayer_Page": null

2023-09-09 20:26:54 - [TEST_STEP][PASSED] - orPath_AddressContact = "Object Repository/RAD_Pages/AddressAndContactInfo_Page": null

2023-09-09 20:26:54 - [TEST_STEP][PASSED] - orPath_FilingStatus = "Object Repository/RAD_Pages/FilingStatus_Page": null

2023-09-09 20:26:54 - [TEST_STEP][PASSED] - orPath_Amount = "Object Repository/RAD_Pages/PaymentAmount_Page": null

2023-09-09 20:26:54 - [TEST_STEP][PASSED] - orPath_TaxInfo = "Object Repository/RAD_Pages/TaxInfo_Page": null

2023-09-09 20:26:54 - [TEST_STEP][PASSED] - selectOptionByLabel(findTestObject(orPath_Landing + "/dd_TaxType"), "Existing Liability w/Notice Number", false): All options with label 'Existing Liability w/Notice Number' are selected in object 'Object Repository/RAD_Pages/Landing_Page/dd_TaxType' 

2023-09-09 20:26:55 - [MESSAGE][PASSED] - All options with label 'Existing Liability w/Notice Number' are selected in object 'Object Repository/RAD_Pages/Landing_Page/dd_TaxType' 

2023-09-09 20:26:55 - [TEST_STEP][PASSED] - selectOptionByLabel(findTestObject(orPath_TaxTypeFilingYear + "/select_TaxType_ExistingLiability"), "Withholding Tax", false): All options with label 'Withholding Tax' are selected in object 'Object Repository/RAD_Pages/TaxTypeFilingYear_Page/select_TaxType_ExistingLiability' 

2023-09-09 20:26:56 - [MESSAGE][PASSED] - All options with label 'Withholding Tax' are selected in object 'Object Repository/RAD_Pages/TaxTypeFilingYear_Page/select_TaxType_ExistingLiability' 

2023-09-09 20:26:56 - [TEST_STEP][PASSED] - verifyElementNotVisible(findTestObject(orPath_TaxTypeFilingYear + "/select_FilingYear")): Object 'Object Repository/RAD_Pages/TaxTypeFilingYear_Page/select_FilingYear' is NOT visible

2023-09-09 20:26:56 - [MESSAGE][PASSED] - Object 'Object Repository/RAD_Pages/TaxTypeFilingYear_Page/select_FilingYear' is NOT visible

2023-09-09 20:26:56 - [TEST_STEP][PASSED] - verifyElementNotVisible(findTestObject(orPath_TaxTypeFilingYear + "/select_PeriodEnding")): Object 'Object Repository/RAD_Pages/TaxTypeFilingYear_Page/select_PeriodEnding' is NOT visible

2023-09-09 20:26:57 - [MESSAGE][PASSED] - Object 'Object Repository/RAD_Pages/TaxTypeFilingYear_Page/select_PeriodEnding' is NOT visible

2023-09-09 20:26:57 - [TEST_STEP][PASSED] - verifyTextPresent("Taxpayer", true): Text 'Taxpayer' is present on page  using regular expression

2023-09-09 20:26:57 - [MESSAGE][PASSED] - Text 'Taxpayer' is present on page  using regular expression

2023-09-09 20:26:57 - [TEST_STEP][PASSED] - verifyTextPresent("Provide the following taxpayer information", true): Text 'Provide the following taxpayer information' is present on page  using regular expression

2023-09-09 20:26:57 - [MESSAGE][PASSED] - Text 'Provide the following taxpayer information' is present on page  using regular expression

2023-09-09 20:26:57 - [TEST_STEP][PASSED] - verifyTextPresent("Note: If you are paying on behalf of the Taxpayer, enter Taxpayer", true): Text 'Note: If you are paying on behalf of the Taxpayer, enter Taxpayer' is present on page  using regular expression

2023-09-09 20:26:58 - [MESSAGE][PASSED] - Text 'Note: If you are paying on behalf of the Taxpayer, enter Taxpayer' is present on page  using regular expression

2023-09-09 20:26:58 - [TEST_STEP][PASSED] - verifyTextPresent("information here. If you are making a payment for the Taxpayer, you will be required later to enter your own credit card, billing address and other pertinent information", true): Text 'information here. If you are making a payment for the Taxpayer, you will be required later to enter your own credit card, billing address and other pertinent information' is present on page  using regular expression

2023-09-09 20:26:58 - [MESSAGE][PASSED] - Text 'information here. If you are making a payment for the Taxpayer, you will be required later to enter your own credit card, billing address and other pertinent information' is present on page  using regular expression

2023-09-09 20:26:58 - [TEST_STEP][PASSED] - verifyElementVisible(findTestObject(orPath_TaxPayer + "/input_Note_businessName")): Object 'Object Repository/RAD_Pages/Taxpayer_Page/input_Note_businessName' is visible

2023-09-09 20:26:59 - [MESSAGE][PASSED] - Object 'Object Repository/RAD_Pages/Taxpayer_Page/input_Note_businessName' is visible

2023-09-09 20:26:59 - [TEST_STEP][PASSED] - verifyElementNotVisible(findTestObject(orPath_TaxPayer + "/input_firstName")): Object 'Object Repository/RAD_Pages/Taxpayer_Page/input_firstName' is NOT visible

2023-09-09 20:26:59 - [MESSAGE][PASSED] - Object 'Object Repository/RAD_Pages/Taxpayer_Page/input_firstName' is NOT visible

2023-09-09 20:26:59 - [TEST_STEP][PASSED] - verifyElementNotVisible(findTestObject(orPath_TaxPayer + "/input_middleName")): Object 'Object Repository/RAD_Pages/Taxpayer_Page/input_middleName' is NOT visible

2023-09-09 20:26:59 - [MESSAGE][PASSED] - Object 'Object Repository/RAD_Pages/Taxpayer_Page/input_middleName' is NOT visible

2023-09-09 20:26:59 - [TEST_STEP][PASSED] - verifyElementNotVisible(findTestObject(orPath_TaxPayer + "/input_lastName")): Object 'Object Repository/RAD_Pages/Taxpayer_Page/input_lastName' is NOT visible

2023-09-09 20:27:00 - [MESSAGE][PASSED] - Object 'Object Repository/RAD_Pages/Taxpayer_Page/input_lastName' is NOT visible

2023-09-09 20:27:00 - [TEST_STEP][PASSED] - verifyElementNotVisible(findTestObject(orPath_TaxPayer + "/input_suffix")): Object 'Object Repository/RAD_Pages/Taxpayer_Page/input_suffix' is NOT visible

2023-09-09 20:27:00 - [MESSAGE][PASSED] - Object 'Object Repository/RAD_Pages/Taxpayer_Page/input_suffix' is NOT visible

2023-09-09 20:27:00 - [TEST_STEP][PASSED] - verifyElementNotVisible(findTestObject("RAD_RecordAndPlay/input_concatSSN")): Object 'Object Repository/RAD_RecordAndPlay/input_concatSSN' is NOT visible

2023-09-09 20:27:00 - [MESSAGE][PASSED] - Object 'Object Repository/RAD_RecordAndPlay/input_concatSSN' is NOT visible

2023-09-09 20:27:00 - [TEST_STEP][PASSED] - verifyElementNotVisible(findTestObject("RAD_RecordAndPlay/input_concatReSSN")): Object 'Object Repository/RAD_RecordAndPlay/input_concatReSSN' is NOT visible

2023-09-09 20:27:01 - [MESSAGE][PASSED] - Object 'Object Repository/RAD_RecordAndPlay/input_concatReSSN' is NOT visible

2023-09-09 20:27:01 - [TEST_STEP][PASSED] - verifyTextPresent("Address and Contact Information", true): Text 'Address and Contact Information' is present on page  using regular expression

2023-09-09 20:27:01 - [MESSAGE][PASSED] - Text 'Address and Contact Information' is present on page  using regular expression

2023-09-09 20:27:01 - [TEST_STEP][PASSED] - verifyTextPresent("Enter the taxpayer", true): Text 'Enter the taxpayer' is present on page  using regular expression

2023-09-09 20:27:02 - [MESSAGE][PASSED] - Text 'Enter the taxpayer' is present on page  using regular expression

2023-09-09 20:27:02 - [TEST_STEP][PASSED] - verifyTextPresent("address and contact information", true): Text 'address and contact information' is present on page  using regular expression

2023-09-09 20:27:02 - [MESSAGE][PASSED] - Text 'address and contact information' is present on page  using regular expression

2023-09-09 20:27:02 - [TEST_STEP][PASSED] - verifyElementPresent(findTestObject(orPath_AddressContact + "/select_Country"), 30): Object 'Object Repository/RAD_Pages/AddressAndContactInfo_Page/select_Country' is present

2023-09-09 20:27:03 - [MESSAGE][PASSED] - Object 'Object Repository/RAD_Pages/AddressAndContactInfo_Page/select_Country' is present

2023-09-09 20:27:03 - [TEST_STEP][PASSED] - verifyElementPresent(findTestObject(orPath_AddressContact + "/input_streetAddress1"), 30): Object 'Object Repository/RAD_Pages/AddressAndContactInfo_Page/input_streetAddress1' is present

2023-09-09 20:27:03 - [MESSAGE][PASSED] - Object 'Object Repository/RAD_Pages/AddressAndContactInfo_Page/input_streetAddress1' is present

2023-09-09 20:27:03 - [TEST_STEP][PASSED] - verifyElementPresent(findTestObject(orPath_AddressContact + "/input_streetAddress2"), 30): Object 'Object Repository/RAD_Pages/AddressAndContactInfo_Page/input_streetAddress2' is present

2023-09-09 20:27:03 - [MESSAGE][PASSED] - Object 'Object Repository/RAD_Pages/AddressAndContactInfo_Page/input_streetAddress2' is present

2023-09-09 20:27:03 - [TEST_STEP][PASSED] - verifyElementPresent(findTestObject(orPath_AddressContact + "/input_city"), 30): Object 'Object Repository/RAD_Pages/AddressAndContactInfo_Page/input_city' is present

2023-09-09 20:27:04 - [MESSAGE][PASSED] - Object 'Object Repository/RAD_Pages/AddressAndContactInfo_Page/input_city' is present

2023-09-09 20:27:04 - [TEST_STEP][PASSED] - verifyElementPresent(findTestObject(orPath_AddressContact + "/select_State"), 30): Object 'Object Repository/RAD_Pages/AddressAndContactInfo_Page/select_State' is present

2023-09-09 20:27:04 - [MESSAGE][PASSED] - Object 'Object Repository/RAD_Pages/AddressAndContactInfo_Page/select_State' is present

2023-09-09 20:27:04 - [TEST_STEP][PASSED] - verifyElementPresent(findTestObject(orPath_AddressContact + "/input_zipCode"), 30): Object 'Object Repository/RAD_Pages/AddressAndContactInfo_Page/input_zipCode' is present

2023-09-09 20:27:04 - [MESSAGE][PASSED] - Object 'Object Repository/RAD_Pages/AddressAndContactInfo_Page/input_zipCode' is present

2023-09-09 20:27:04 - [TEST_STEP][PASSED] - verifyElementPresent(findTestObject(orPath_AddressContact + "/input_phoneNumber"), 30): Object 'Object Repository/RAD_Pages/AddressAndContactInfo_Page/input_phoneNumber' is present

2023-09-09 20:27:05 - [MESSAGE][PASSED] - Object 'Object Repository/RAD_Pages/AddressAndContactInfo_Page/input_phoneNumber' is present

2023-09-09 20:27:05 - [TEST_STEP][PASSED] - verifyElementPresent(findTestObject(orPath_AddressContact + "/input_eMailAddress"), 30): Object 'Object Repository/RAD_Pages/AddressAndContactInfo_Page/input_eMailAddress' is present

2023-09-09 20:27:05 - [MESSAGE][PASSED] - Object 'Object Repository/RAD_Pages/AddressAndContactInfo_Page/input_eMailAddress' is present

2023-09-09 20:27:05 - [TEST_STEP][PASSED] - verifyElementPresent(findTestObject(orPath_AddressContact + "/input_reEnterEMailAddress"), 30): Object 'Object Repository/RAD_Pages/AddressAndContactInfo_Page/input_reEnterEMailAddress' is present

2023-09-09 20:27:05 - [MESSAGE][PASSED] - Object 'Object Repository/RAD_Pages/AddressAndContactInfo_Page/input_reEnterEMailAddress' is present

2023-09-09 20:27:05 - [TEST_STEP][PASSED] - verifyOptionsPresent(findTestObject(orPath_AddressContact + "/select_Country"), ["United States"]): Options [United States] present.

2023-09-09 20:27:06 - [MESSAGE][PASSED] - Options [United States] present.

2023-09-09 20:27:06 - [TEST_STEP][PASSED] - verifyOptionsPresent(findTestObject(orPath_AddressContact + "/select_State"), ["Alabama", "District of Columbia", "Maryland", "Virginia", "Wyoming"]): Options [Alabama, District of Columbia, Maryland, Virginia, Wyoming] present.

2023-09-09 20:27:07 - [MESSAGE][PASSED] - Options [Alabama, District of Columbia, Maryland, Virginia, Wyoming] present.

2023-09-09 20:27:07 - [TEST_STEP][PASSED] - totalOptionsState = getNumberOfTotalOption(findTestObject(orPath_AddressContact + "/select_State")): 52 options of object 'Object Repository/RAD_Pages/AddressAndContactInfo_Page/select_State' counted

2023-09-09 20:27:07 - [MESSAGE][PASSED] - 52 options of object 'Object Repository/RAD_Pages/AddressAndContactInfo_Page/select_State' counted

2023-09-09 20:27:07 - [TEST_STEP][PASSED] - verifyEqual(totalOptionsState, 52): Actual object '52' and expected object '52' are equal

2023-09-09 20:27:07 - [MESSAGE][PASSED] - Actual object '52' and expected object '52' are equal

2023-09-09 20:27:07 - [TEST_STEP][PASSED] - verifyTextPresent("Tax Information", true): Text 'Tax Information' is present on page  using regular expression

2023-09-09 20:27:08 - [MESSAGE][PASSED] - Text 'Tax Information' is present on page  using regular expression

2023-09-09 20:27:08 - [TEST_STEP][PASSED] - verifyElementPresent(findTestObject(orPath_TaxInfo + "/input_FederalEIN-2"), 30): Object 'Object Repository/RAD_Pages/TaxInfo_Page/input_FederalEIN-2' is present

2023-09-09 20:27:08 - [MESSAGE][PASSED] - Object 'Object Repository/RAD_Pages/TaxInfo_Page/input_FederalEIN-2' is present

2023-09-09 20:27:08 - [TEST_STEP][PASSED] - verifyElementPresent(findTestObject(orPath_TaxInfo + "/input_FederalEIN_ReEnter-2"), 30): Object 'Object Repository/RAD_Pages/TaxInfo_Page/input_FederalEIN_ReEnter-2' is present

2023-09-09 20:27:09 - [MESSAGE][PASSED] - Object 'Object Repository/RAD_Pages/TaxInfo_Page/input_FederalEIN_ReEnter-2' is present

2023-09-09 20:27:09 - [TEST_STEP][PASSED] - verifyElementPresent(findTestObject(orPath_TaxInfo + "/input_NoticeInvoiceNumber"), 30): Object 'Object Repository/RAD_Pages/TaxInfo_Page/input_NoticeInvoiceNumber' is present

2023-09-09 20:27:09 - [MESSAGE][PASSED] - Object 'Object Repository/RAD_Pages/TaxInfo_Page/input_NoticeInvoiceNumber' is present

2023-09-09 20:27:09 - [TEST_STEP][PASSED] - verifyElementVisible(findTestObject(orPath_TaxInfo + "/input_NoticeInvoiceNumber")): Object 'Object Repository/RAD_Pages/TaxInfo_Page/input_NoticeInvoiceNumber' is visible

2023-09-09 20:27:10 - [MESSAGE][PASSED] - Object 'Object Repository/RAD_Pages/TaxInfo_Page/input_NoticeInvoiceNumber' is visible

2023-09-09 20:27:10 - [TEST_STEP][PASSED] - verifyElementPresent(findTestObject(orPath_TaxInfo + "/input_reTypeNoticeInvoiceNumber"), 30): Object 'Object Repository/RAD_Pages/TaxInfo_Page/input_reTypeNoticeInvoiceNumber' is present

2023-09-09 20:27:10 - [MESSAGE][PASSED] - Object 'Object Repository/RAD_Pages/TaxInfo_Page/input_reTypeNoticeInvoiceNumber' is present

2023-09-09 20:27:10 - [TEST_STEP][PASSED] - verifyElementVisible(findTestObject(orPath_TaxInfo + "/input_reTypeNoticeInvoiceNumber")): Object 'Object Repository/RAD_Pages/TaxInfo_Page/input_reTypeNoticeInvoiceNumber' is visible

2023-09-09 20:27:10 - [MESSAGE][PASSED] - Object 'Object Repository/RAD_Pages/TaxInfo_Page/input_reTypeNoticeInvoiceNumber' is visible

2023-09-09 20:27:10 - [TEST_STEP][PASSED] - verifyElementVisible(findTestObject(orPath_TaxInfo + "/input_MDCRegistrationEL")): Object 'Object Repository/RAD_Pages/TaxInfo_Page/input_MDCRegistrationEL' is visible

2023-09-09 20:27:11 - [MESSAGE][PASSED] - Object 'Object Repository/RAD_Pages/TaxInfo_Page/input_MDCRegistrationEL' is visible

2023-09-09 20:27:11 - [TEST_STEP][PASSED] - verifyElementNotVisible(findTestObject(orPath_FilingStatus + "/input_userType_Individual")): Object 'Object Repository/RAD_Pages/FilingStatus_Page/input_userType_Individual' is NOT visible

2023-09-09 20:27:11 - [MESSAGE][PASSED] - Object 'Object Repository/RAD_Pages/FilingStatus_Page/input_userType_Individual' is NOT visible

2023-09-09 20:27:11 - [TEST_STEP][PASSED] - verifyElementNotVisible(findTestObject(orPath_FilingStatus + "/input_userType_Joint")): Object 'Object Repository/RAD_Pages/FilingStatus_Page/input_userType_Joint' is NOT visible

2023-09-09 20:27:11 - [MESSAGE][PASSED] - Object 'Object Repository/RAD_Pages/FilingStatus_Page/input_userType_Joint' is NOT visible

2023-09-09 20:27:11 - [TEST_STEP][PASSED] - verifyTextPresent("Payment Amount", true): Text 'Payment Amount' is present on page  using regular expression

2023-09-09 20:27:12 - [MESSAGE][PASSED] - Text 'Payment Amount' is present on page  using regular expression

2023-09-09 20:27:12 - [TEST_STEP][PASSED] - verifyElementPresent(findTestObject(orPath_Amount + "/input__paymentAmount"), 30): Object 'Object Repository/RAD_Pages/PaymentAmount_Page/input__paymentAmount' is present

2023-09-09 20:27:12 - [MESSAGE][PASSED] - Object 'Object Repository/RAD_Pages/PaymentAmount_Page/input__paymentAmount' is present

2023-09-09 20:27:12 - [TEST_STEP][PASSED] - verifyElementVisible(findTestObject(orPath_Amount + "/input__paymentAmount")): Object 'Object Repository/RAD_Pages/PaymentAmount_Page/input__paymentAmount' is visible

2023-09-09 20:27:12 - [MESSAGE][PASSED] - Object 'Object Repository/RAD_Pages/PaymentAmount_Page/input__paymentAmount' is visible

2023-09-09 20:27:12 - [TEST_STEP][PASSED] - verifyTextPresent("Service Fee: This electronic government service includes a service/convenience fee. Click here for details", true): Text 'Service Fee: This electronic government service includes a service/convenience fee. Click here for details' is present on page  using regular expression

2023-09-09 20:27:13 - [MESSAGE][PASSED] - Text 'Service Fee: This electronic government service includes a service/convenience fee. Click here for details' is present on page  using regular expression

2023-09-09 20:27:13 - [TEST_STEP][PASSED] - verifyElementPresent(findTestObject(orPath_Amount + "/a_Click here for details"), 30): Object 'Object Repository/RAD_Pages/PaymentAmount_Page/a_Click here for details' is present

2023-09-09 20:27:13 - [MESSAGE][PASSED] - Object 'Object Repository/RAD_Pages/PaymentAmount_Page/a_Click here for details' is present

2023-09-09 20:27:13 - [TEST_STEP][PASSED] - verifyElementPresent(findTestObject(orPath_Landing + "/button_Continue"), 30): Object 'Object Repository/RAD_Pages/Landing_Page/button_Continue' is present

2023-09-09 20:27:13 - [MESSAGE][PASSED] - Object 'Object Repository/RAD_Pages/Landing_Page/button_Continue' is present]]></system-out>
         <system-err><![CDATA[]]></system-err>
      </testcase>
      <testcase name="Test Cases/RAD_TestCases/UI_TestCases/Extension/ExtensionPayments_UI_TC" time="38.28" classname="Test Cases/RAD_TestCases/UI_TestCases/Extension/ExtensionPayments_UI_TC" status="PASSED">
         <system-out><![CDATA[2023-09-09 20:27:13 - [TEST_CASE][PASSED] - Test Cases/RAD_TestCases/UI_TestCases/Extension/ExtensionPayments_UI_TC: Test Cases/RAD_TestCases/UI_TestCases/Extension/ExtensionPayments_UI_TC

2023-09-09 20:27:14 - [TEST_STEP][PASSED] - openBrowser(""): Browser is opened with url: ''

2023-09-09 20:27:14 - [MESSAGE][WARNING] - A browser is already opened. Closing browser and opening a new one

2023-09-09 20:27:15 - [MESSAGE][INFO] - Starting 'Chrome' driver

2023-09-09 20:27:15 - [MESSAGE][INFO] - User set preference: ['acceptInsecureCerts', 'true']

2023-09-09 20:27:15 - [MESSAGE][INFO] - Action delay is set to 0 milliseconds

2023-09-09 20:27:16 - [MESSAGE][PASSED] - Browser is opened with url: ''

2023-09-09 20:27:16 - [TEST_STEP][PASSED] - maximizeWindow(): Current window maximized

2023-09-09 20:27:16 - [MESSAGE][PASSED] - Current window maximized

2023-09-09 20:27:16 - [TEST_STEP][PASSED] - navigateToUrl(RADurl): Navigate to 'https://qa2.velocitypayment.com/client/rad/index.html' successfully

2023-09-09 20:27:18 - [MESSAGE][PASSED] - Navigate to 'https://qa2.velocitypayment.com/client/rad/index.html' successfully

2023-09-09 20:27:18 - [TEST_STEP][PASSED] - orPath_Landing = "Object Repository/RAD_Pages/Landing_Page": null

2023-09-09 20:27:18 - [TEST_STEP][PASSED] - orPath_TaxTypeFilingYear = "Object Repository/RAD_Pages/TaxTypeFilingYear_Page": null

2023-09-09 20:27:18 - [TEST_STEP][PASSED] - orPath_TaxPayer = "Object Repository/RAD_Pages/Taxpayer_Page": null

2023-09-09 20:27:18 - [TEST_STEP][PASSED] - orPath_AddressContact = "Object Repository/RAD_Pages/AddressAndContactInfo_Page": null

2023-09-09 20:27:18 - [TEST_STEP][PASSED] - orPath_FilingStatus = "Object Repository/RAD_Pages/FilingStatus_Page": null

2023-09-09 20:27:18 - [TEST_STEP][PASSED] - orPath_Amount = "Object Repository/RAD_Pages/PaymentAmount_Page": null

2023-09-09 20:27:18 - [TEST_STEP][PASSED] - orPath_TaxInfo = "Object Repository/RAD_Pages/TaxInfo_Page": null

2023-09-09 20:27:18 - [TEST_STEP][PASSED] - selectOptionByLabel(findTestObject(orPath_Landing + "/dd_TaxType"), "Extension Payments", false): All options with label 'Extension Payments' are selected in object 'Object Repository/RAD_Pages/Landing_Page/dd_TaxType' 

2023-09-09 20:27:19 - [MESSAGE][PASSED] - All options with label 'Extension Payments' are selected in object 'Object Repository/RAD_Pages/Landing_Page/dd_TaxType' 

2023-09-09 20:27:19 - [TEST_STEP][PASSED] - verifyElementPresent(findTestObject(orPath_TaxTypeFilingYear + "/select_PaymentType"), 30): Object 'Object Repository/RAD_Pages/TaxTypeFilingYear_Page/select_PaymentType' is present

2023-09-09 20:27:19 - [MESSAGE][PASSED] - Object 'Object Repository/RAD_Pages/TaxTypeFilingYear_Page/select_PaymentType' is present

2023-09-09 20:27:19 - [TEST_STEP][PASSED] - totalOptionsPaymentType = getNumberOfTotalOption(findTestObject(orPath_TaxTypeFilingYear + "/select_PaymentType")): 8 options of object 'Object Repository/RAD_Pages/TaxTypeFilingYear_Page/select_PaymentType' counted

2023-09-09 20:27:20 - [MESSAGE][PASSED] - 8 options of object 'Object Repository/RAD_Pages/TaxTypeFilingYear_Page/select_PaymentType' counted

2023-09-09 20:27:20 - [TEST_STEP][PASSED] - verifyEqual(totalOptionsPaymentType, 8): Actual object '8' and expected object '8' are equal

2023-09-09 20:27:20 - [MESSAGE][PASSED] - Actual object '8' and expected object '8' are equal

2023-09-09 20:27:20 - [TEST_STEP][PASSED] - verifyOptionsPresent(findTestObject(orPath_TaxTypeFilingYear + "/select_PaymentType"), ["Select", "Personal Income Tax", "Corporate Income Tax", "Fiduciary Tax"]): Options [Select, Personal Income Tax, Corporate Income Tax, Fiduciary Tax] present.

2023-09-09 20:27:20 - [MESSAGE][PASSED] - Options [Select, Personal Income Tax, Corporate Income Tax, Fiduciary Tax] present.

2023-09-09 20:27:20 - [TEST_STEP][PASSED] - verifyOptionsPresent(findTestObject(orPath_TaxTypeFilingYear + "/select_PaymentType"), ["PTE Non-Electing Non-S Corp", "PTE Non-Electing S Corp"]): Options [PTE Non-Electing Non-S Corp, PTE Non-Electing S Corp] present.

2023-09-09 20:27:21 - [MESSAGE][PASSED] - Options [PTE Non-Electing Non-S Corp, PTE Non-Electing S Corp] present.

2023-09-09 20:27:21 - [TEST_STEP][PASSED] - verifyOptionsPresent(findTestObject(orPath_TaxTypeFilingYear + "/select_PaymentType"), ["PTE Tax Electing Non-S Corp", "PTE Tax Electing S Corp"]): Options [PTE Tax Electing Non-S Corp, PTE Tax Electing S Corp] present.

2023-09-09 20:27:22 - [MESSAGE][PASSED] - Options [PTE Tax Electing Non-S Corp, PTE Tax Electing S Corp] present.

2023-09-09 20:27:22 - [TEST_STEP][PASSED] - verifyElementPresent(findTestObject(orPath_TaxTypeFilingYear + "/select_FilingYear"), 30): Object 'Object Repository/RAD_Pages/TaxTypeFilingYear_Page/select_FilingYear' is present

2023-09-09 20:27:22 - [MESSAGE][PASSED] - Object 'Object Repository/RAD_Pages/TaxTypeFilingYear_Page/select_FilingYear' is present

2023-09-09 20:27:22 - [TEST_STEP][PASSED] - totalOptionsFilingYear = getNumberOfTotalOption(findTestObject(orPath_TaxTypeFilingYear + "/select_FilingYear")): 1 options of object 'Object Repository/RAD_Pages/TaxTypeFilingYear_Page/select_FilingYear' counted

2023-09-09 20:27:23 - [MESSAGE][PASSED] - 1 options of object 'Object Repository/RAD_Pages/TaxTypeFilingYear_Page/select_FilingYear' counted

2023-09-09 20:27:23 - [TEST_STEP][PASSED] - verifyEqual(totalOptionsFilingYear, 1): Actual object '1' and expected object '1' are equal

2023-09-09 20:27:23 - [MESSAGE][PASSED] - Actual object '1' and expected object '1' are equal

2023-09-09 20:27:23 - [TEST_STEP][PASSED] - verifyOptionsPresent(findTestObject(orPath_TaxTypeFilingYear + "/select_FilingYear"), ["2022"]): Options [2022] present.

2023-09-09 20:27:23 - [MESSAGE][PASSED] - Options [2022] present.

2023-09-09 20:27:23 - [TEST_STEP][PASSED] - verifyTextPresent("Payment Type/Filing Year", true): Text 'Payment Type/Filing Year' is present on page  using regular expression

2023-09-09 20:27:24 - [MESSAGE][PASSED] - Text 'Payment Type/Filing Year' is present on page  using regular expression

2023-09-09 20:27:24 - [TEST_STEP][PASSED] - verifyTextPresent("Taxpayer", true): Text 'Taxpayer' is present on page  using regular expression

2023-09-09 20:27:24 - [MESSAGE][PASSED] - Text 'Taxpayer' is present on page  using regular expression

2023-09-09 20:27:24 - [TEST_STEP][PASSED] - verifyTextPresent("Provide the following taxpayer information", true): Text 'Provide the following taxpayer information' is present on page  using regular expression

2023-09-09 20:27:24 - [MESSAGE][PASSED] - Text 'Provide the following taxpayer information' is present on page  using regular expression

2023-09-09 20:27:24 - [TEST_STEP][PASSED] - verifyTextPresent("Note: If you are paying on behalf of the Taxpayer, enter Taxpayer", true): Text 'Note: If you are paying on behalf of the Taxpayer, enter Taxpayer' is present on page  using regular expression

2023-09-09 20:27:25 - [MESSAGE][PASSED] - Text 'Note: If you are paying on behalf of the Taxpayer, enter Taxpayer' is present on page  using regular expression

2023-09-09 20:27:25 - [TEST_STEP][PASSED] - verifyTextPresent("information here. If you are making a payment for the Taxpayer, you will be required later to enter your own credit card, billing address and other pertinent information", true): Text 'information here. If you are making a payment for the Taxpayer, you will be required later to enter your own credit card, billing address and other pertinent information' is present on page  using regular expression

2023-09-09 20:27:25 - [MESSAGE][PASSED] - Text 'information here. If you are making a payment for the Taxpayer, you will be required later to enter your own credit card, billing address and other pertinent information' is present on page  using regular expression

2023-09-09 20:27:25 - [TEST_STEP][PASSED] - verifyTextPresent("Address and Contact Information", true): Text 'Address and Contact Information' is present on page  using regular expression

2023-09-09 20:27:26 - [MESSAGE][PASSED] - Text 'Address and Contact Information' is present on page  using regular expression

2023-09-09 20:27:26 - [TEST_STEP][PASSED] - verifyTextPresent("Enter the taxpayer", true): Text 'Enter the taxpayer' is present on page  using regular expression

2023-09-09 20:27:26 - [MESSAGE][PASSED] - Text 'Enter the taxpayer' is present on page  using regular expression

2023-09-09 20:27:26 - [TEST_STEP][PASSED] - verifyTextPresent("address and contact information", true): Text 'address and contact information' is present on page  using regular expression

2023-09-09 20:27:26 - [MESSAGE][PASSED] - Text 'address and contact information' is present on page  using regular expression

2023-09-09 20:27:26 - [TEST_STEP][PASSED] - verifyTextPresent("Payment Amount", true): Text 'Payment Amount' is present on page  using regular expression

2023-09-09 20:27:27 - [MESSAGE][PASSED] - Text 'Payment Amount' is present on page  using regular expression

2023-09-09 20:27:27 - [TEST_STEP][PASSED] - verifyTextPresent("Service Fee: This electronic government service includes a service/convenience fee. Click here for details", true): Text 'Service Fee: This electronic government service includes a service/convenience fee. Click here for details' is present on page  using regular expression

2023-09-09 20:27:27 - [MESSAGE][PASSED] - Text 'Service Fee: This electronic government service includes a service/convenience fee. Click here for details' is present on page  using regular expression

2023-09-09 20:27:27 - [TEST_STEP][PASSED] - verifyElementPresent(findTestObject(orPath_Amount + "/a_Click here for details"), 30): Object 'Object Repository/RAD_Pages/PaymentAmount_Page/a_Click here for details' is present

2023-09-09 20:27:28 - [MESSAGE][PASSED] - Object 'Object Repository/RAD_Pages/PaymentAmount_Page/a_Click here for details' is present

2023-09-09 20:27:28 - [TEST_STEP][PASSED] - verifyElementPresent(findTestObject(orPath_Landing + "/button_Continue"), 30): Object 'Object Repository/RAD_Pages/Landing_Page/button_Continue' is present

2023-09-09 20:27:28 - [MESSAGE][PASSED] - Object 'Object Repository/RAD_Pages/Landing_Page/button_Continue' is present

2023-09-09 20:27:28 - [TEST_STEP][PASSED] - verifyElementPresent(findTestObject(orPath_TaxPayer + "/input_firstName"), 30): Object 'Object Repository/RAD_Pages/Taxpayer_Page/input_firstName' is present

2023-09-09 20:27:28 - [MESSAGE][PASSED] - Object 'Object Repository/RAD_Pages/Taxpayer_Page/input_firstName' is present

2023-09-09 20:27:28 - [TEST_STEP][PASSED] - verifyElementPresent(findTestObject(orPath_TaxPayer + "/input_middleName"), 30): Object 'Object Repository/RAD_Pages/Taxpayer_Page/input_middleName' is present

2023-09-09 20:27:29 - [MESSAGE][PASSED] - Object 'Object Repository/RAD_Pages/Taxpayer_Page/input_middleName' is present

2023-09-09 20:27:29 - [TEST_STEP][PASSED] - verifyElementPresent(findTestObject(orPath_TaxPayer + "/input_lastName"), 30): Object 'Object Repository/RAD_Pages/Taxpayer_Page/input_lastName' is present

2023-09-09 20:27:29 - [MESSAGE][PASSED] - Object 'Object Repository/RAD_Pages/Taxpayer_Page/input_lastName' is present

2023-09-09 20:27:29 - [TEST_STEP][PASSED] - verifyElementPresent(findTestObject(orPath_TaxPayer + "/input_suffix"), 30): Object 'Object Repository/RAD_Pages/Taxpayer_Page/input_suffix' is present

2023-09-09 20:27:29 - [MESSAGE][PASSED] - Object 'Object Repository/RAD_Pages/Taxpayer_Page/input_suffix' is present

2023-09-09 20:27:29 - [TEST_STEP][PASSED] - verifyElementPresent(findTestObject("RAD_RecordAndPlay/input_concatSSN"), 30): Object 'Object Repository/RAD_RecordAndPlay/input_concatSSN' is present

2023-09-09 20:27:30 - [MESSAGE][PASSED] - Object 'Object Repository/RAD_RecordAndPlay/input_concatSSN' is present

2023-09-09 20:27:30 - [TEST_STEP][PASSED] - verifyElementPresent(findTestObject("RAD_RecordAndPlay/input_concatReSSN"), 30): Object 'Object Repository/RAD_RecordAndPlay/input_concatReSSN' is present

2023-09-09 20:27:30 - [MESSAGE][PASSED] - Object 'Object Repository/RAD_RecordAndPlay/input_concatReSSN' is present

2023-09-09 20:27:30 - [TEST_STEP][PASSED] - verifyElementPresent(findTestObject(orPath_AddressContact + "/select_Country"), 30): Object 'Object Repository/RAD_Pages/AddressAndContactInfo_Page/select_Country' is present

2023-09-09 20:27:31 - [MESSAGE][PASSED] - Object 'Object Repository/RAD_Pages/AddressAndContactInfo_Page/select_Country' is present

2023-09-09 20:27:31 - [TEST_STEP][PASSED] - verifyElementPresent(findTestObject(orPath_AddressContact + "/input_streetAddress1"), 30): Object 'Object Repository/RAD_Pages/AddressAndContactInfo_Page/input_streetAddress1' is present

2023-09-09 20:27:31 - [MESSAGE][PASSED] - Object 'Object Repository/RAD_Pages/AddressAndContactInfo_Page/input_streetAddress1' is present

2023-09-09 20:27:31 - [TEST_STEP][PASSED] - verifyElementPresent(findTestObject(orPath_AddressContact + "/input_streetAddress2"), 30): Object 'Object Repository/RAD_Pages/AddressAndContactInfo_Page/input_streetAddress2' is present

2023-09-09 20:27:31 - [MESSAGE][PASSED] - Object 'Object Repository/RAD_Pages/AddressAndContactInfo_Page/input_streetAddress2' is present

2023-09-09 20:27:31 - [TEST_STEP][PASSED] - verifyElementPresent(findTestObject(orPath_AddressContact + "/input_city"), 30): Object 'Object Repository/RAD_Pages/AddressAndContactInfo_Page/input_city' is present

2023-09-09 20:27:32 - [MESSAGE][PASSED] - Object 'Object Repository/RAD_Pages/AddressAndContactInfo_Page/input_city' is present

2023-09-09 20:27:32 - [TEST_STEP][PASSED] - verifyElementPresent(findTestObject(orPath_AddressContact + "/select_State"), 30): Object 'Object Repository/RAD_Pages/AddressAndContactInfo_Page/select_State' is present

2023-09-09 20:27:32 - [MESSAGE][PASSED] - Object 'Object Repository/RAD_Pages/AddressAndContactInfo_Page/select_State' is present

2023-09-09 20:27:32 - [TEST_STEP][PASSED] - verifyElementPresent(findTestObject(orPath_AddressContact + "/input_zipCode"), 30): Object 'Object Repository/RAD_Pages/AddressAndContactInfo_Page/input_zipCode' is present

2023-09-09 20:27:32 - [MESSAGE][PASSED] - Object 'Object Repository/RAD_Pages/AddressAndContactInfo_Page/input_zipCode' is present

2023-09-09 20:27:32 - [TEST_STEP][PASSED] - verifyElementPresent(findTestObject(orPath_AddressContact + "/input_phoneNumber"), 30): Object 'Object Repository/RAD_Pages/AddressAndContactInfo_Page/input_phoneNumber' is present

2023-09-09 20:27:33 - [MESSAGE][PASSED] - Object 'Object Repository/RAD_Pages/AddressAndContactInfo_Page/input_phoneNumber' is present

2023-09-09 20:27:33 - [TEST_STEP][PASSED] - verifyElementPresent(findTestObject(orPath_AddressContact + "/input_eMailAddress"), 30): Object 'Object Repository/RAD_Pages/AddressAndContactInfo_Page/input_eMailAddress' is present

2023-09-09 20:27:33 - [MESSAGE][PASSED] - Object 'Object Repository/RAD_Pages/AddressAndContactInfo_Page/input_eMailAddress' is present

2023-09-09 20:27:33 - [TEST_STEP][PASSED] - verifyElementPresent(findTestObject(orPath_AddressContact + "/input_reEnterEMailAddress"), 30): Object 'Object Repository/RAD_Pages/AddressAndContactInfo_Page/input_reEnterEMailAddress' is present

2023-09-09 20:27:33 - [MESSAGE][PASSED] - Object 'Object Repository/RAD_Pages/AddressAndContactInfo_Page/input_reEnterEMailAddress' is present

2023-09-09 20:27:33 - [TEST_STEP][PASSED] - verifyOptionsPresent(findTestObject(orPath_AddressContact + "/select_Country"), ["United States"]): Options [United States] present.

2023-09-09 20:27:34 - [MESSAGE][PASSED] - Options [United States] present.

2023-09-09 20:27:34 - [TEST_STEP][PASSED] - verifyOptionsPresent(findTestObject(orPath_AddressContact + "/select_State"), ["Alabama", "District of Columbia", "Maryland", "Virginia", "Wyoming"]): Options [Alabama, District of Columbia, Maryland, Virginia, Wyoming] present.

2023-09-09 20:27:35 - [MESSAGE][PASSED] - Options [Alabama, District of Columbia, Maryland, Virginia, Wyoming] present.

2023-09-09 20:27:35 - [TEST_STEP][PASSED] - totalOptionsState = getNumberOfTotalOption(findTestObject(orPath_AddressContact + "/select_State")): 52 options of object 'Object Repository/RAD_Pages/AddressAndContactInfo_Page/select_State' counted

2023-09-09 20:27:36 - [MESSAGE][PASSED] - 52 options of object 'Object Repository/RAD_Pages/AddressAndContactInfo_Page/select_State' counted

2023-09-09 20:27:36 - [TEST_STEP][PASSED] - verifyEqual(totalOptionsState, 52): Actual object '52' and expected object '52' are equal

2023-09-09 20:27:36 - [MESSAGE][PASSED] - Actual object '52' and expected object '52' are equal

2023-09-09 20:27:36 - [TEST_STEP][PASSED] - verifyElementPresent(findTestObject(orPath_Amount + "/input__paymentAmount"), 30): Object 'Object Repository/RAD_Pages/PaymentAmount_Page/input__paymentAmount' is present

2023-09-09 20:27:36 - [MESSAGE][PASSED] - Object 'Object Repository/RAD_Pages/PaymentAmount_Page/input__paymentAmount' is present

2023-09-09 20:27:36 - [TEST_STEP][PASSED] - scrollToElement(findTestObject(orPath_Amount + "/input__paymentAmount"), 3): Scroll to object 'Object Repository/RAD_Pages/PaymentAmount_Page/input__paymentAmount' successfully

2023-09-09 20:27:36 - [MESSAGE][PASSED] - Scroll to object 'Object Repository/RAD_Pages/PaymentAmount_Page/input__paymentAmount' successfully

2023-09-09 20:27:36 - [TEST_STEP][PASSED] - selectOptionByLabel(findTestObject(orPath_TaxTypeFilingYear + "/select_PaymentType"), "Personal Income Tax", false): All options with label 'Personal Income Tax' are selected in object 'Object Repository/RAD_Pages/TaxTypeFilingYear_Page/select_PaymentType' 

2023-09-09 20:27:37 - [MESSAGE][PASSED] - All options with label 'Personal Income Tax' are selected in object 'Object Repository/RAD_Pages/TaxTypeFilingYear_Page/select_PaymentType' 

2023-09-09 20:27:37 - [TEST_STEP][PASSED] - verifyElementVisible(findTestObject(orPath_TaxPayer + "/input_firstName")): Object 'Object Repository/RAD_Pages/Taxpayer_Page/input_firstName' is visible

2023-09-09 20:27:38 - [MESSAGE][PASSED] - Object 'Object Repository/RAD_Pages/Taxpayer_Page/input_firstName' is visible

2023-09-09 20:27:38 - [TEST_STEP][PASSED] - verifyElementVisible(findTestObject(orPath_TaxPayer + "/input_middleName")): Object 'Object Repository/RAD_Pages/Taxpayer_Page/input_middleName' is visible

2023-09-09 20:27:38 - [MESSAGE][PASSED] - Object 'Object Repository/RAD_Pages/Taxpayer_Page/input_middleName' is visible

2023-09-09 20:27:38 - [TEST_STEP][PASSED] - verifyElementVisible(findTestObject(orPath_TaxPayer + "/input_lastName")): Object 'Object Repository/RAD_Pages/Taxpayer_Page/input_lastName' is visible

2023-09-09 20:27:38 - [MESSAGE][PASSED] - Object 'Object Repository/RAD_Pages/Taxpayer_Page/input_lastName' is visible

2023-09-09 20:27:38 - [TEST_STEP][PASSED] - verifyElementVisible(findTestObject(orPath_TaxPayer + "/input_suffix")): Object 'Object Repository/RAD_Pages/Taxpayer_Page/input_suffix' is visible

2023-09-09 20:27:39 - [MESSAGE][PASSED] - Object 'Object Repository/RAD_Pages/Taxpayer_Page/input_suffix' is visible

2023-09-09 20:27:39 - [TEST_STEP][PASSED] - verifyElementVisible(findTestObject("RAD_RecordAndPlay/input_concatSSN")): Object 'Object Repository/RAD_RecordAndPlay/input_concatSSN' is visible

2023-09-09 20:27:39 - [MESSAGE][PASSED] - Object 'Object Repository/RAD_RecordAndPlay/input_concatSSN' is visible

2023-09-09 20:27:39 - [TEST_STEP][PASSED] - verifyElementVisible(findTestObject("RAD_RecordAndPlay/input_concatReSSN")): Object 'Object Repository/RAD_RecordAndPlay/input_concatReSSN' is visible

2023-09-09 20:27:40 - [MESSAGE][PASSED] - Object 'Object Repository/RAD_RecordAndPlay/input_concatReSSN' is visible

2023-09-09 20:27:40 - [TEST_STEP][PASSED] - verifyElementVisible(findTestObject(orPath_FilingStatus + "/input_userType_Individual")): Object 'Object Repository/RAD_Pages/FilingStatus_Page/input_userType_Individual' is visible

2023-09-09 20:27:40 - [MESSAGE][PASSED] - Object 'Object Repository/RAD_Pages/FilingStatus_Page/input_userType_Individual' is visible

2023-09-09 20:27:40 - [TEST_STEP][PASSED] - verifyElementVisible(findTestObject(orPath_FilingStatus + "/input_userType_Joint")): Object 'Object Repository/RAD_Pages/FilingStatus_Page/input_userType_Joint' is visible

2023-09-09 20:27:40 - [MESSAGE][PASSED] - Object 'Object Repository/RAD_Pages/FilingStatus_Page/input_userType_Joint' is visible

2023-09-09 20:27:40 - [TEST_STEP][PASSED] - verifyElementNotVisible(findTestObject(orPath_TaxPayer + "/input_Note_businessName")): Object 'Object Repository/RAD_Pages/Taxpayer_Page/input_Note_businessName' is NOT visible

2023-09-09 20:27:41 - [MESSAGE][PASSED] - Object 'Object Repository/RAD_Pages/Taxpayer_Page/input_Note_businessName' is NOT visible

2023-09-09 20:27:41 - [TEST_STEP][PASSED] - verifyElementNotVisible(findTestObject(orPath_TaxInfo + "/input_FederalEIN")): Object 'Object Repository/RAD_Pages/TaxInfo_Page/input_FederalEIN' is NOT visible

2023-09-09 20:27:41 - [MESSAGE][PASSED] - Object 'Object Repository/RAD_Pages/TaxInfo_Page/input_FederalEIN' is NOT visible

2023-09-09 20:27:41 - [TEST_STEP][PASSED] - verifyElementNotVisible(findTestObject(orPath_TaxInfo + "/input_FederalEIN_ReEnter")): Object 'Object Repository/RAD_Pages/TaxInfo_Page/input_FederalEIN_ReEnter' is NOT visible

2023-09-09 20:27:42 - [MESSAGE][PASSED] - Object 'Object Repository/RAD_Pages/TaxInfo_Page/input_FederalEIN_ReEnter' is NOT visible

2023-09-09 20:27:42 - [TEST_STEP][PASSED] - verifyElementNotVisible(findTestObject(orPath_TaxTypeFilingYear + "/select_PeriodEnding")): Object 'Object Repository/RAD_Pages/TaxTypeFilingYear_Page/select_PeriodEnding' is NOT visible

2023-09-09 20:27:42 - [MESSAGE][PASSED] - Object 'Object Repository/RAD_Pages/TaxTypeFilingYear_Page/select_PeriodEnding' is NOT visible

2023-09-09 20:27:42 - [TEST_STEP][PASSED] - verifyElementNotVisible(findTestObject(orPath_TaxInfo + "/input_NoticeInvoiceNumber")): Object 'Object Repository/RAD_Pages/TaxInfo_Page/input_NoticeInvoiceNumber' is NOT visible

2023-09-09 20:27:43 - [MESSAGE][PASSED] - Object 'Object Repository/RAD_Pages/TaxInfo_Page/input_NoticeInvoiceNumber' is NOT visible

2023-09-09 20:27:43 - [TEST_STEP][PASSED] - verifyElementNotVisible(findTestObject(orPath_TaxInfo + "/input_reTypeNoticeInvoiceNumber")): Object 'Object Repository/RAD_Pages/TaxInfo_Page/input_reTypeNoticeInvoiceNumber' is NOT visible

2023-09-09 20:27:43 - [MESSAGE][PASSED] - Object 'Object Repository/RAD_Pages/TaxInfo_Page/input_reTypeNoticeInvoiceNumber' is NOT visible

2023-09-09 20:27:43 - [TEST_STEP][PASSED] - verifyElementNotVisible(findTestObject(orPath_TaxInfo + "/input_MDCRegistrationEL")): Object 'Object Repository/RAD_Pages/TaxInfo_Page/input_MDCRegistrationEL' is NOT visible

2023-09-09 20:27:43 - [MESSAGE][PASSED] - Object 'Object Repository/RAD_Pages/TaxInfo_Page/input_MDCRegistrationEL' is NOT visible

2023-09-09 20:27:43 - [TEST_STEP][PASSED] - selectOptionByLabel(findTestObject(orPath_TaxTypeFilingYear + "/select_PaymentType"), "Corporate Income Tax", false): All options with label 'Corporate Income Tax' are selected in object 'Object Repository/RAD_Pages/TaxTypeFilingYear_Page/select_PaymentType' 

2023-09-09 20:27:44 - [MESSAGE][PASSED] - All options with label 'Corporate Income Tax' are selected in object 'Object Repository/RAD_Pages/TaxTypeFilingYear_Page/select_PaymentType' 

2023-09-09 20:27:44 - [TEST_STEP][PASSED] - verifyElementPresent(findTestObject(orPath_TaxTypeFilingYear + "/select_PeriodEnding"), 30): Object 'Object Repository/RAD_Pages/TaxTypeFilingYear_Page/select_PeriodEnding' is present

2023-09-09 20:27:44 - [MESSAGE][PASSED] - Object 'Object Repository/RAD_Pages/TaxTypeFilingYear_Page/select_PeriodEnding' is present

2023-09-09 20:27:44 - [TEST_STEP][PASSED] - totalOptionsPeriodEnding = getNumberOfTotalOption(findTestObject(orPath_TaxTypeFilingYear + "/select_PeriodEnding")): 13 options of object 'Object Repository/RAD_Pages/TaxTypeFilingYear_Page/select_PeriodEnding' counted

2023-09-09 20:27:45 - [MESSAGE][PASSED] - 13 options of object 'Object Repository/RAD_Pages/TaxTypeFilingYear_Page/select_PeriodEnding' counted

2023-09-09 20:27:45 - [TEST_STEP][PASSED] - verifyEqual(totalOptionsPeriodEnding, 13): Actual object '13' and expected object '13' are equal

2023-09-09 20:27:45 - [MESSAGE][PASSED] - Actual object '13' and expected object '13' are equal

2023-09-09 20:27:45 - [TEST_STEP][PASSED] - verifyOptionsPresent(findTestObject(orPath_TaxTypeFilingYear + "/select_PeriodEnding"), ["Month", "January", "February", "March", "April", "May", "June"]): Options [Month, January, February, March, April, May, June] present.

2023-09-09 20:27:46 - [MESSAGE][PASSED] - Options [Month, January, February, March, April, May, June] present.

2023-09-09 20:27:46 - [TEST_STEP][PASSED] - verifyOptionsPresent(findTestObject(orPath_TaxTypeFilingYear + "/select_PeriodEnding"), ["July", "August", "September", "October", "November", "December"]): Options [July, August, September, October, November, December] present.

2023-09-09 20:27:46 - [MESSAGE][PASSED] - Options [July, August, September, October, November, December] present.

2023-09-09 20:27:46 - [TEST_STEP][PASSED] - verifyElementVisible(findTestObject(orPath_TaxPayer + "/input_Note_businessName")): Object 'Object Repository/RAD_Pages/Taxpayer_Page/input_Note_businessName' is visible

2023-09-09 20:27:47 - [MESSAGE][PASSED] - Object 'Object Repository/RAD_Pages/Taxpayer_Page/input_Note_businessName' is visible

2023-09-09 20:27:47 - [TEST_STEP][PASSED] - verifyElementVisible(findTestObject(orPath_TaxInfo + "/input_FederalEIN")): Object 'Object Repository/RAD_Pages/TaxInfo_Page/input_FederalEIN' is visible

2023-09-09 20:27:47 - [MESSAGE][PASSED] - Object 'Object Repository/RAD_Pages/TaxInfo_Page/input_FederalEIN' is visible

2023-09-09 20:27:47 - [TEST_STEP][PASSED] - verifyElementVisible(findTestObject(orPath_TaxInfo + "/input_FederalEIN_ReEnter")): Object 'Object Repository/RAD_Pages/TaxInfo_Page/input_FederalEIN_ReEnter' is visible

2023-09-09 20:27:48 - [MESSAGE][PASSED] - Object 'Object Repository/RAD_Pages/TaxInfo_Page/input_FederalEIN_ReEnter' is visible

2023-09-09 20:27:48 - [TEST_STEP][PASSED] - verifyElementNotVisible(findTestObject(orPath_TaxPayer + "/input_firstName")): Object 'Object Repository/RAD_Pages/Taxpayer_Page/input_firstName' is NOT visible

2023-09-09 20:27:48 - [MESSAGE][PASSED] - Object 'Object Repository/RAD_Pages/Taxpayer_Page/input_firstName' is NOT visible

2023-09-09 20:27:48 - [TEST_STEP][PASSED] - verifyElementNotVisible(findTestObject(orPath_TaxPayer + "/input_middleName")): Object 'Object Repository/RAD_Pages/Taxpayer_Page/input_middleName' is NOT visible

2023-09-09 20:27:48 - [MESSAGE][PASSED] - Object 'Object Repository/RAD_Pages/Taxpayer_Page/input_middleName' is NOT visible

2023-09-09 20:27:48 - [TEST_STEP][PASSED] - verifyElementNotVisible(findTestObject(orPath_TaxPayer + "/input_lastName")): Object 'Object Repository/RAD_Pages/Taxpayer_Page/input_lastName' is NOT visible

2023-09-09 20:27:49 - [MESSAGE][PASSED] - Object 'Object Repository/RAD_Pages/Taxpayer_Page/input_lastName' is NOT visible

2023-09-09 20:27:49 - [TEST_STEP][PASSED] - verifyElementNotVisible(findTestObject(orPath_TaxPayer + "/input_suffix")): Object 'Object Repository/RAD_Pages/Taxpayer_Page/input_suffix' is NOT visible

2023-09-09 20:27:49 - [MESSAGE][PASSED] - Object 'Object Repository/RAD_Pages/Taxpayer_Page/input_suffix' is NOT visible

2023-09-09 20:27:49 - [TEST_STEP][PASSED] - verifyElementNotVisible(findTestObject("RAD_RecordAndPlay/input_concatSSN")): Object 'Object Repository/RAD_RecordAndPlay/input_concatSSN' is NOT visible

2023-09-09 20:27:50 - [MESSAGE][PASSED] - Object 'Object Repository/RAD_RecordAndPlay/input_concatSSN' is NOT visible

2023-09-09 20:27:50 - [TEST_STEP][PASSED] - verifyElementNotVisible(findTestObject("RAD_RecordAndPlay/input_concatReSSN")): Object 'Object Repository/RAD_RecordAndPlay/input_concatReSSN' is NOT visible

2023-09-09 20:27:50 - [MESSAGE][PASSED] - Object 'Object Repository/RAD_RecordAndPlay/input_concatReSSN' is NOT visible

2023-09-09 20:27:50 - [TEST_STEP][PASSED] - verifyElementNotVisible(findTestObject(orPath_FilingStatus + "/input_userType_Individual")): Object 'Object Repository/RAD_Pages/FilingStatus_Page/input_userType_Individual' is NOT visible

2023-09-09 20:27:50 - [MESSAGE][PASSED] - Object 'Object Repository/RAD_Pages/FilingStatus_Page/input_userType_Individual' is NOT visible

2023-09-09 20:27:50 - [TEST_STEP][PASSED] - verifyElementNotVisible(findTestObject(orPath_FilingStatus + "/input_userType_Joint")): Object 'Object Repository/RAD_Pages/FilingStatus_Page/input_userType_Joint' is NOT visible

2023-09-09 20:27:51 - [MESSAGE][PASSED] - Object 'Object Repository/RAD_Pages/FilingStatus_Page/input_userType_Joint' is NOT visible

2023-09-09 20:27:51 - [TEST_STEP][PASSED] - verifyElementNotVisible(findTestObject(orPath_TaxInfo + "/input_NoticeInvoiceNumber")): Object 'Object Repository/RAD_Pages/TaxInfo_Page/input_NoticeInvoiceNumber' is NOT visible

2023-09-09 20:27:51 - [MESSAGE][PASSED] - Object 'Object Repository/RAD_Pages/TaxInfo_Page/input_NoticeInvoiceNumber' is NOT visible

2023-09-09 20:27:51 - [TEST_STEP][PASSED] - verifyElementNotVisible(findTestObject(orPath_TaxInfo + "/input_reTypeNoticeInvoiceNumber")): Object 'Object Repository/RAD_Pages/TaxInfo_Page/input_reTypeNoticeInvoiceNumber' is NOT visible

2023-09-09 20:27:51 - [MESSAGE][PASSED] - Object 'Object Repository/RAD_Pages/TaxInfo_Page/input_reTypeNoticeInvoiceNumber' is NOT visible

2023-09-09 20:27:51 - [TEST_STEP][PASSED] - verifyElementNotVisible(findTestObject(orPath_TaxInfo + "/input_MDCRegistrationEL")): Object 'Object Repository/RAD_Pages/TaxInfo_Page/input_MDCRegistrationEL' is NOT visible

2023-09-09 20:27:52 - [MESSAGE][PASSED] - Object 'Object Repository/RAD_Pages/TaxInfo_Page/input_MDCRegistrationEL' is NOT visible]]></system-out>
         <system-err><![CDATA[]]></system-err>
      </testcase>
      <testcase name="Test Cases/RAD_TestCases/UI_TestCases/Extension/Extension_Fiduciary_UI_TC" time="25.859" classname="Test Cases/RAD_TestCases/UI_TestCases/Extension/Extension_Fiduciary_UI_TC" status="PASSED">
         <system-out><![CDATA[2023-09-09 20:27:52 - [TEST_CASE][PASSED] - Test Cases/RAD_TestCases/UI_TestCases/Extension/Extension_Fiduciary_UI_TC: Test Cases/RAD_TestCases/UI_TestCases/Extension/Extension_Fiduciary_UI_TC

2023-09-09 20:27:52 - [TEST_STEP][PASSED] - openBrowser(""): Browser is opened with url: ''

2023-09-09 20:27:52 - [MESSAGE][WARNING] - A browser is already opened. Closing browser and opening a new one

2023-09-09 20:27:53 - [MESSAGE][INFO] - Starting 'Chrome' driver

2023-09-09 20:27:53 - [MESSAGE][INFO] - User set preference: ['acceptInsecureCerts', 'true']

2023-09-09 20:27:53 - [MESSAGE][INFO] - Action delay is set to 0 milliseconds

2023-09-09 20:27:55 - [MESSAGE][PASSED] - Browser is opened with url: ''

2023-09-09 20:27:55 - [TEST_STEP][PASSED] - maximizeWindow(): Current window maximized

2023-09-09 20:27:55 - [MESSAGE][PASSED] - Current window maximized

2023-09-09 20:27:55 - [TEST_STEP][PASSED] - navigateToUrl(RADurl): Navigate to 'https://qa2.velocitypayment.com/client/rad/index.html' successfully

2023-09-09 20:27:56 - [MESSAGE][PASSED] - Navigate to 'https://qa2.velocitypayment.com/client/rad/index.html' successfully

2023-09-09 20:27:56 - [TEST_STEP][PASSED] - orPath_Landing = "Object Repository/RAD_Pages/Landing_Page": null

2023-09-09 20:27:56 - [TEST_STEP][PASSED] - orPath_TaxTypeFilingYear = "Object Repository/RAD_Pages/TaxTypeFilingYear_Page": null

2023-09-09 20:27:56 - [TEST_STEP][PASSED] - orPath_TaxPayer = "Object Repository/RAD_Pages/Taxpayer_Page": null

2023-09-09 20:27:56 - [TEST_STEP][PASSED] - orPath_AddressContact = "Object Repository/RAD_Pages/AddressAndContactInfo_Page": null

2023-09-09 20:27:56 - [TEST_STEP][PASSED] - orPath_FilingStatus = "Object Repository/RAD_Pages/FilingStatus_Page": null

2023-09-09 20:27:56 - [TEST_STEP][PASSED] - orPath_Amount = "Object Repository/RAD_Pages/PaymentAmount_Page": null

2023-09-09 20:27:56 - [TEST_STEP][PASSED] - orPath_TaxInfo = "Object Repository/RAD_Pages/TaxInfo_Page": null

2023-09-09 20:27:56 - [TEST_STEP][PASSED] - verifyTextPresent("Payment Type/Filing Year", true): Text 'Payment Type/Filing Year' is present on page  using regular expression

2023-09-09 20:27:57 - [MESSAGE][PASSED] - Text 'Payment Type/Filing Year' is present on page  using regular expression

2023-09-09 20:27:57 - [TEST_STEP][PASSED] - selectOptionByLabel(findTestObject(orPath_Landing + "/dd_TaxType"), "Extension Payments", false): All options with label 'Extension Payments' are selected in object 'Object Repository/RAD_Pages/Landing_Page/dd_TaxType' 

2023-09-09 20:27:57 - [MESSAGE][PASSED] - All options with label 'Extension Payments' are selected in object 'Object Repository/RAD_Pages/Landing_Page/dd_TaxType' 

2023-09-09 20:27:57 - [TEST_STEP][PASSED] - selectOptionByLabel(findTestObject(orPath_TaxTypeFilingYear + "/select_PaymentType"), "Fiduciary Tax", false): All options with label 'Fiduciary Tax' are selected in object 'Object Repository/RAD_Pages/TaxTypeFilingYear_Page/select_PaymentType' 

2023-09-09 20:27:58 - [MESSAGE][PASSED] - All options with label 'Fiduciary Tax' are selected in object 'Object Repository/RAD_Pages/TaxTypeFilingYear_Page/select_PaymentType' 

2023-09-09 20:27:58 - [TEST_STEP][PASSED] - verifyElementPresent(findTestObject(orPath_TaxTypeFilingYear + "/select_FilingYear"), 30): Object 'Object Repository/RAD_Pages/TaxTypeFilingYear_Page/select_FilingYear' is present

2023-09-09 20:27:59 - [MESSAGE][PASSED] - Object 'Object Repository/RAD_Pages/TaxTypeFilingYear_Page/select_FilingYear' is present

2023-09-09 20:27:59 - [TEST_STEP][PASSED] - verifyElementVisible(findTestObject(orPath_TaxTypeFilingYear + "/select_FilingYear")): Object 'Object Repository/RAD_Pages/TaxTypeFilingYear_Page/select_FilingYear' is visible

2023-09-09 20:27:59 - [MESSAGE][PASSED] - Object 'Object Repository/RAD_Pages/TaxTypeFilingYear_Page/select_FilingYear' is visible

2023-09-09 20:27:59 - [TEST_STEP][PASSED] - totalOptionsFilingYear = getNumberOfTotalOption(findTestObject(orPath_TaxTypeFilingYear + "/select_FilingYear")): 1 options of object 'Object Repository/RAD_Pages/TaxTypeFilingYear_Page/select_FilingYear' counted

2023-09-09 20:28:00 - [MESSAGE][PASSED] - 1 options of object 'Object Repository/RAD_Pages/TaxTypeFilingYear_Page/select_FilingYear' counted

2023-09-09 20:28:00 - [TEST_STEP][PASSED] - verifyEqual(totalOptionsFilingYear, 1): Actual object '1' and expected object '1' are equal

2023-09-09 20:28:00 - [MESSAGE][PASSED] - Actual object '1' and expected object '1' are equal

2023-09-09 20:28:00 - [TEST_STEP][PASSED] - verifyOptionsPresent(findTestObject(orPath_TaxTypeFilingYear + "/select_FilingYear"), ["2022"]): Options [2022] present.

2023-09-09 20:28:00 - [MESSAGE][PASSED] - Options [2022] present.

2023-09-09 20:28:00 - [TEST_STEP][PASSED] - verifyElementNotVisible(findTestObject(orPath_TaxTypeFilingYear + "/select_PeriodEnding")): Object 'Object Repository/RAD_Pages/TaxTypeFilingYear_Page/select_PeriodEnding' is NOT visible

2023-09-09 20:28:01 - [MESSAGE][PASSED] - Object 'Object Repository/RAD_Pages/TaxTypeFilingYear_Page/select_PeriodEnding' is NOT visible

2023-09-09 20:28:01 - [TEST_STEP][PASSED] - verifyTextPresent("Taxpayer", true): Text 'Taxpayer' is present on page  using regular expression

2023-09-09 20:28:01 - [MESSAGE][PASSED] - Text 'Taxpayer' is present on page  using regular expression

2023-09-09 20:28:01 - [TEST_STEP][PASSED] - verifyTextPresent("Provide the following taxpayer information", true): Text 'Provide the following taxpayer information' is present on page  using regular expression

2023-09-09 20:28:01 - [MESSAGE][PASSED] - Text 'Provide the following taxpayer information' is present on page  using regular expression

2023-09-09 20:28:01 - [TEST_STEP][PASSED] - verifyTextPresent("Note: If you are paying on behalf of the Taxpayer, enter Taxpayer", true): Text 'Note: If you are paying on behalf of the Taxpayer, enter Taxpayer' is present on page  using regular expression

2023-09-09 20:28:02 - [MESSAGE][PASSED] - Text 'Note: If you are paying on behalf of the Taxpayer, enter Taxpayer' is present on page  using regular expression

2023-09-09 20:28:02 - [TEST_STEP][PASSED] - verifyTextPresent("information here. If you are making a payment for the Taxpayer, you will be required later to enter your own credit card, billing address and other pertinent information", true): Text 'information here. If you are making a payment for the Taxpayer, you will be required later to enter your own credit card, billing address and other pertinent information' is present on page  using regular expression

2023-09-09 20:28:02 - [MESSAGE][PASSED] - Text 'information here. If you are making a payment for the Taxpayer, you will be required later to enter your own credit card, billing address and other pertinent information' is present on page  using regular expression

2023-09-09 20:28:02 - [TEST_STEP][PASSED] - verifyElementVisible(findTestObject(orPath_TaxPayer + "/input_Note_businessName")): Object 'Object Repository/RAD_Pages/Taxpayer_Page/input_Note_businessName' is visible

2023-09-09 20:28:03 - [MESSAGE][PASSED] - Object 'Object Repository/RAD_Pages/Taxpayer_Page/input_Note_businessName' is visible

2023-09-09 20:28:03 - [TEST_STEP][PASSED] - verifyElementNotVisible(findTestObject(orPath_TaxPayer + "/input_firstName")): Object 'Object Repository/RAD_Pages/Taxpayer_Page/input_firstName' is NOT visible

2023-09-09 20:28:03 - [MESSAGE][PASSED] - Object 'Object Repository/RAD_Pages/Taxpayer_Page/input_firstName' is NOT visible

2023-09-09 20:28:03 - [TEST_STEP][PASSED] - verifyElementNotVisible(findTestObject(orPath_TaxPayer + "/input_middleName")): Object 'Object Repository/RAD_Pages/Taxpayer_Page/input_middleName' is NOT visible

2023-09-09 20:28:03 - [MESSAGE][PASSED] - Object 'Object Repository/RAD_Pages/Taxpayer_Page/input_middleName' is NOT visible

2023-09-09 20:28:03 - [TEST_STEP][PASSED] - verifyElementNotVisible(findTestObject(orPath_TaxPayer + "/input_lastName")): Object 'Object Repository/RAD_Pages/Taxpayer_Page/input_lastName' is NOT visible

2023-09-09 20:28:04 - [MESSAGE][PASSED] - Object 'Object Repository/RAD_Pages/Taxpayer_Page/input_lastName' is NOT visible

2023-09-09 20:28:04 - [TEST_STEP][PASSED] - verifyElementNotVisible(findTestObject(orPath_TaxPayer + "/input_suffix")): Object 'Object Repository/RAD_Pages/Taxpayer_Page/input_suffix' is NOT visible

2023-09-09 20:28:04 - [MESSAGE][PASSED] - Object 'Object Repository/RAD_Pages/Taxpayer_Page/input_suffix' is NOT visible

2023-09-09 20:28:04 - [TEST_STEP][PASSED] - verifyElementNotVisible(findTestObject("RAD_RecordAndPlay/input_concatSSN")): Object 'Object Repository/RAD_RecordAndPlay/input_concatSSN' is NOT visible

2023-09-09 20:28:04 - [MESSAGE][PASSED] - Object 'Object Repository/RAD_RecordAndPlay/input_concatSSN' is NOT visible

2023-09-09 20:28:04 - [TEST_STEP][PASSED] - verifyElementNotVisible(findTestObject("RAD_RecordAndPlay/input_concatReSSN")): Object 'Object Repository/RAD_RecordAndPlay/input_concatReSSN' is NOT visible

2023-09-09 20:28:05 - [MESSAGE][PASSED] - Object 'Object Repository/RAD_RecordAndPlay/input_concatReSSN' is NOT visible

2023-09-09 20:28:05 - [TEST_STEP][PASSED] - verifyTextPresent("Address and Contact Information", true): Text 'Address and Contact Information' is present on page  using regular expression

2023-09-09 20:28:06 - [MESSAGE][PASSED] - Text 'Address and Contact Information' is present on page  using regular expression

2023-09-09 20:28:06 - [TEST_STEP][PASSED] - verifyTextPresent("Enter the taxpayer", true): Text 'Enter the taxpayer' is present on page  using regular expression

2023-09-09 20:28:06 - [MESSAGE][PASSED] - Text 'Enter the taxpayer' is present on page  using regular expression

2023-09-09 20:28:06 - [TEST_STEP][PASSED] - verifyTextPresent("address and contact information", true): Text 'address and contact information' is present on page  using regular expression

2023-09-09 20:28:06 - [MESSAGE][PASSED] - Text 'address and contact information' is present on page  using regular expression

2023-09-09 20:28:06 - [TEST_STEP][PASSED] - verifyElementPresent(findTestObject(orPath_AddressContact + "/select_Country"), 30): Object 'Object Repository/RAD_Pages/AddressAndContactInfo_Page/select_Country' is present

2023-09-09 20:28:07 - [MESSAGE][PASSED] - Object 'Object Repository/RAD_Pages/AddressAndContactInfo_Page/select_Country' is present

2023-09-09 20:28:07 - [TEST_STEP][PASSED] - verifyElementPresent(findTestObject(orPath_AddressContact + "/input_streetAddress1"), 30): Object 'Object Repository/RAD_Pages/AddressAndContactInfo_Page/input_streetAddress1' is present

2023-09-09 20:28:07 - [MESSAGE][PASSED] - Object 'Object Repository/RAD_Pages/AddressAndContactInfo_Page/input_streetAddress1' is present

2023-09-09 20:28:07 - [TEST_STEP][PASSED] - verifyElementPresent(findTestObject(orPath_AddressContact + "/input_streetAddress2"), 30): Object 'Object Repository/RAD_Pages/AddressAndContactInfo_Page/input_streetAddress2' is present

2023-09-09 20:28:07 - [MESSAGE][PASSED] - Object 'Object Repository/RAD_Pages/AddressAndContactInfo_Page/input_streetAddress2' is present

2023-09-09 20:28:07 - [TEST_STEP][PASSED] - verifyElementPresent(findTestObject(orPath_AddressContact + "/input_city"), 30): Object 'Object Repository/RAD_Pages/AddressAndContactInfo_Page/input_city' is present

2023-09-09 20:28:08 - [MESSAGE][PASSED] - Object 'Object Repository/RAD_Pages/AddressAndContactInfo_Page/input_city' is present

2023-09-09 20:28:08 - [TEST_STEP][PASSED] - verifyElementPresent(findTestObject(orPath_AddressContact + "/select_State"), 30): Object 'Object Repository/RAD_Pages/AddressAndContactInfo_Page/select_State' is present

2023-09-09 20:28:08 - [MESSAGE][PASSED] - Object 'Object Repository/RAD_Pages/AddressAndContactInfo_Page/select_State' is present

2023-09-09 20:28:08 - [TEST_STEP][PASSED] - verifyElementPresent(findTestObject(orPath_AddressContact + "/input_zipCode"), 30): Object 'Object Repository/RAD_Pages/AddressAndContactInfo_Page/input_zipCode' is present

2023-09-09 20:28:08 - [MESSAGE][PASSED] - Object 'Object Repository/RAD_Pages/AddressAndContactInfo_Page/input_zipCode' is present

2023-09-09 20:28:08 - [TEST_STEP][PASSED] - verifyElementPresent(findTestObject(orPath_AddressContact + "/input_phoneNumber"), 30): Object 'Object Repository/RAD_Pages/AddressAndContactInfo_Page/input_phoneNumber' is present

2023-09-09 20:28:09 - [MESSAGE][PASSED] - Object 'Object Repository/RAD_Pages/AddressAndContactInfo_Page/input_phoneNumber' is present

2023-09-09 20:28:09 - [TEST_STEP][PASSED] - verifyElementPresent(findTestObject(orPath_AddressContact + "/input_eMailAddress"), 30): Object 'Object Repository/RAD_Pages/AddressAndContactInfo_Page/input_eMailAddress' is present

2023-09-09 20:28:09 - [MESSAGE][PASSED] - Object 'Object Repository/RAD_Pages/AddressAndContactInfo_Page/input_eMailAddress' is present

2023-09-09 20:28:09 - [TEST_STEP][PASSED] - verifyElementPresent(findTestObject(orPath_AddressContact + "/input_reEnterEMailAddress"), 30): Object 'Object Repository/RAD_Pages/AddressAndContactInfo_Page/input_reEnterEMailAddress' is present

2023-09-09 20:28:09 - [MESSAGE][PASSED] - Object 'Object Repository/RAD_Pages/AddressAndContactInfo_Page/input_reEnterEMailAddress' is present

2023-09-09 20:28:09 - [TEST_STEP][PASSED] - verifyOptionsPresent(findTestObject(orPath_AddressContact + "/select_Country"), ["United States"]): Options [United States] present.

2023-09-09 20:28:10 - [MESSAGE][PASSED] - Options [United States] present.

2023-09-09 20:28:10 - [TEST_STEP][PASSED] - verifyOptionsPresent(findTestObject(orPath_AddressContact + "/select_State"), ["Alabama", "District of Columbia", "Maryland", "Virginia", "Wyoming"]): Options [Alabama, District of Columbia, Maryland, Virginia, Wyoming] present.

2023-09-09 20:28:11 - [MESSAGE][PASSED] - Options [Alabama, District of Columbia, Maryland, Virginia, Wyoming] present.

2023-09-09 20:28:11 - [TEST_STEP][PASSED] - totalOptionsState = getNumberOfTotalOption(findTestObject(orPath_AddressContact + "/select_State")): 52 options of object 'Object Repository/RAD_Pages/AddressAndContactInfo_Page/select_State' counted

2023-09-09 20:28:11 - [MESSAGE][PASSED] - 52 options of object 'Object Repository/RAD_Pages/AddressAndContactInfo_Page/select_State' counted

2023-09-09 20:28:11 - [TEST_STEP][PASSED] - verifyEqual(totalOptionsState, 52): Actual object '52' and expected object '52' are equal

2023-09-09 20:28:11 - [MESSAGE][PASSED] - Actual object '52' and expected object '52' are equal

2023-09-09 20:28:11 - [TEST_STEP][PASSED] - verifyTextPresent("Tax Information", true): Text 'Tax Information' is present on page  using regular expression

2023-09-09 20:28:12 - [MESSAGE][PASSED] - Text 'Tax Information' is present on page  using regular expression

2023-09-09 20:28:12 - [TEST_STEP][PASSED] - verifyElementVisible(findTestObject(orPath_TaxInfo + "/input_FederalEIN-2")): Object 'Object Repository/RAD_Pages/TaxInfo_Page/input_FederalEIN-2' is visible

2023-09-09 20:28:12 - [MESSAGE][PASSED] - Object 'Object Repository/RAD_Pages/TaxInfo_Page/input_FederalEIN-2' is visible

2023-09-09 20:28:12 - [TEST_STEP][PASSED] - verifyElementVisible(findTestObject(orPath_TaxInfo + "/input_FederalEIN_ReEnter-2")): Object 'Object Repository/RAD_Pages/TaxInfo_Page/input_FederalEIN_ReEnter-2' is visible

2023-09-09 20:28:13 - [MESSAGE][PASSED] - Object 'Object Repository/RAD_Pages/TaxInfo_Page/input_FederalEIN_ReEnter-2' is visible

2023-09-09 20:28:13 - [TEST_STEP][PASSED] - verifyElementNotVisible(findTestObject(orPath_FilingStatus + "/input_userType_Individual")): Object 'Object Repository/RAD_Pages/FilingStatus_Page/input_userType_Individual' is NOT visible

2023-09-09 20:28:13 - [MESSAGE][PASSED] - Object 'Object Repository/RAD_Pages/FilingStatus_Page/input_userType_Individual' is NOT visible

2023-09-09 20:28:13 - [TEST_STEP][PASSED] - verifyElementNotVisible(findTestObject(orPath_FilingStatus + "/input_userType_Joint")): Object 'Object Repository/RAD_Pages/FilingStatus_Page/input_userType_Joint' is NOT visible

2023-09-09 20:28:14 - [MESSAGE][PASSED] - Object 'Object Repository/RAD_Pages/FilingStatus_Page/input_userType_Joint' is NOT visible

2023-09-09 20:28:14 - [TEST_STEP][PASSED] - verifyElementNotVisible(findTestObject(orPath_TaxInfo + "/input_NoticeInvoiceNumber")): Object 'Object Repository/RAD_Pages/TaxInfo_Page/input_NoticeInvoiceNumber' is NOT visible

2023-09-09 20:28:14 - [MESSAGE][PASSED] - Object 'Object Repository/RAD_Pages/TaxInfo_Page/input_NoticeInvoiceNumber' is NOT visible

2023-09-09 20:28:14 - [TEST_STEP][PASSED] - verifyElementNotVisible(findTestObject(orPath_TaxInfo + "/input_reTypeNoticeInvoiceNumber")): Object 'Object Repository/RAD_Pages/TaxInfo_Page/input_reTypeNoticeInvoiceNumber' is NOT visible

2023-09-09 20:28:14 - [MESSAGE][PASSED] - Object 'Object Repository/RAD_Pages/TaxInfo_Page/input_reTypeNoticeInvoiceNumber' is NOT visible

2023-09-09 20:28:14 - [TEST_STEP][PASSED] - verifyElementNotVisible(findTestObject(orPath_TaxInfo + "/input_MDCRegistrationEL")): Object 'Object Repository/RAD_Pages/TaxInfo_Page/input_MDCRegistrationEL' is NOT visible

2023-09-09 20:28:15 - [MESSAGE][PASSED] - Object 'Object Repository/RAD_Pages/TaxInfo_Page/input_MDCRegistrationEL' is NOT visible

2023-09-09 20:28:15 - [TEST_STEP][PASSED] - verifyElementNotVisible(findTestObject(orPath_FilingStatus + "/input_userType_Individual")): Object 'Object Repository/RAD_Pages/FilingStatus_Page/input_userType_Individual' is NOT visible

2023-09-09 20:28:15 - [MESSAGE][PASSED] - Object 'Object Repository/RAD_Pages/FilingStatus_Page/input_userType_Individual' is NOT visible

2023-09-09 20:28:15 - [TEST_STEP][PASSED] - verifyElementNotVisible(findTestObject(orPath_FilingStatus + "/input_userType_Joint")): Object 'Object Repository/RAD_Pages/FilingStatus_Page/input_userType_Joint' is NOT visible

2023-09-09 20:28:15 - [MESSAGE][PASSED] - Object 'Object Repository/RAD_Pages/FilingStatus_Page/input_userType_Joint' is NOT visible

2023-09-09 20:28:15 - [TEST_STEP][PASSED] - verifyTextPresent("Payment Amount", true): Text 'Payment Amount' is present on page  using regular expression

2023-09-09 20:28:16 - [MESSAGE][PASSED] - Text 'Payment Amount' is present on page  using regular expression

2023-09-09 20:28:16 - [TEST_STEP][PASSED] - verifyElementPresent(findTestObject(orPath_Amount + "/input__paymentAmount"), 30): Object 'Object Repository/RAD_Pages/PaymentAmount_Page/input__paymentAmount' is present

2023-09-09 20:28:16 - [MESSAGE][PASSED] - Object 'Object Repository/RAD_Pages/PaymentAmount_Page/input__paymentAmount' is present

2023-09-09 20:28:16 - [TEST_STEP][PASSED] - verifyElementVisible(findTestObject(orPath_Amount + "/input__paymentAmount")): Object 'Object Repository/RAD_Pages/PaymentAmount_Page/input__paymentAmount' is visible

2023-09-09 20:28:17 - [MESSAGE][PASSED] - Object 'Object Repository/RAD_Pages/PaymentAmount_Page/input__paymentAmount' is visible

2023-09-09 20:28:17 - [TEST_STEP][PASSED] - verifyTextPresent("Service Fee: This electronic government service includes a service/convenience fee. Click here for details", true): Text 'Service Fee: This electronic government service includes a service/convenience fee. Click here for details' is present on page  using regular expression

2023-09-09 20:28:17 - [MESSAGE][PASSED] - Text 'Service Fee: This electronic government service includes a service/convenience fee. Click here for details' is present on page  using regular expression

2023-09-09 20:28:17 - [TEST_STEP][PASSED] - verifyElementPresent(findTestObject(orPath_Amount + "/a_Click here for details"), 30): Object 'Object Repository/RAD_Pages/PaymentAmount_Page/a_Click here for details' is present

2023-09-09 20:28:17 - [MESSAGE][PASSED] - Object 'Object Repository/RAD_Pages/PaymentAmount_Page/a_Click here for details' is present

2023-09-09 20:28:17 - [TEST_STEP][PASSED] - verifyElementPresent(findTestObject(orPath_Landing + "/button_Continue"), 30): Object 'Object Repository/RAD_Pages/Landing_Page/button_Continue' is present

2023-09-09 20:28:18 - [MESSAGE][PASSED] - Object 'Object Repository/RAD_Pages/Landing_Page/button_Continue' is present]]></system-out>
         <system-err><![CDATA[]]></system-err>
      </testcase>
      <testcase name="Test Cases/RAD_TestCases/UI_TestCases/Extension/Extension_PTENonElectingNonSCorp_UI_TC" time="25.951" classname="Test Cases/RAD_TestCases/UI_TestCases/Extension/Extension_PTENonElectingNonSCorp_UI_TC" status="PASSED">
         <system-out><![CDATA[2023-09-09 20:28:18 - [TEST_CASE][PASSED] - Test Cases/RAD_TestCases/UI_TestCases/Extension/Extension_PTENonElectingNonSCorp_UI_TC: Test Cases/RAD_TestCases/UI_TestCases/Extension/Extension_PTENonElectingNonSCorp_UI_TC

2023-09-09 20:28:18 - [TEST_STEP][PASSED] - openBrowser(""): Browser is opened with url: ''

2023-09-09 20:28:18 - [MESSAGE][WARNING] - A browser is already opened. Closing browser and opening a new one

2023-09-09 20:28:19 - [MESSAGE][INFO] - Starting 'Chrome' driver

2023-09-09 20:28:19 - [MESSAGE][INFO] - User set preference: ['acceptInsecureCerts', 'true']

2023-09-09 20:28:19 - [MESSAGE][INFO] - Action delay is set to 0 milliseconds

2023-09-09 20:28:20 - [MESSAGE][PASSED] - Browser is opened with url: ''

2023-09-09 20:28:20 - [TEST_STEP][PASSED] - maximizeWindow(): Current window maximized

2023-09-09 20:28:21 - [MESSAGE][PASSED] - Current window maximized

2023-09-09 20:28:21 - [TEST_STEP][PASSED] - navigateToUrl(RADurl): Navigate to 'https://qa2.velocitypayment.com/client/rad/index.html' successfully

2023-09-09 20:28:22 - [MESSAGE][PASSED] - Navigate to 'https://qa2.velocitypayment.com/client/rad/index.html' successfully

2023-09-09 20:28:22 - [TEST_STEP][PASSED] - orPath_Landing = "Object Repository/RAD_Pages/Landing_Page": null

2023-09-09 20:28:22 - [TEST_STEP][PASSED] - orPath_TaxTypeFilingYear = "Object Repository/RAD_Pages/TaxTypeFilingYear_Page": null

2023-09-09 20:28:22 - [TEST_STEP][PASSED] - orPath_TaxPayer = "Object Repository/RAD_Pages/Taxpayer_Page": null

2023-09-09 20:28:22 - [TEST_STEP][PASSED] - orPath_AddressContact = "Object Repository/RAD_Pages/AddressAndContactInfo_Page": null

2023-09-09 20:28:22 - [TEST_STEP][PASSED] - orPath_FilingStatus = "Object Repository/RAD_Pages/FilingStatus_Page": null

2023-09-09 20:28:22 - [TEST_STEP][PASSED] - orPath_Amount = "Object Repository/RAD_Pages/PaymentAmount_Page": null

2023-09-09 20:28:22 - [TEST_STEP][PASSED] - orPath_TaxInfo = "Object Repository/RAD_Pages/TaxInfo_Page": null

2023-09-09 20:28:22 - [TEST_STEP][PASSED] - verifyTextPresent("Payment Type/Filing Year", true): Text 'Payment Type/Filing Year' is present on page  using regular expression

2023-09-09 20:28:22 - [MESSAGE][PASSED] - Text 'Payment Type/Filing Year' is present on page  using regular expression

2023-09-09 20:28:22 - [TEST_STEP][PASSED] - selectOptionByLabel(findTestObject(orPath_Landing + "/dd_TaxType"), "Extension Payments", false): All options with label 'Extension Payments' are selected in object 'Object Repository/RAD_Pages/Landing_Page/dd_TaxType' 

2023-09-09 20:28:23 - [MESSAGE][PASSED] - All options with label 'Extension Payments' are selected in object 'Object Repository/RAD_Pages/Landing_Page/dd_TaxType' 

2023-09-09 20:28:23 - [TEST_STEP][PASSED] - selectOptionByLabel(findTestObject(orPath_TaxTypeFilingYear + "/select_PaymentType"), "PTE Non-Electing Non-S Corp", false): All options with label 'PTE Non-Electing Non-S Corp' are selected in object 'Object Repository/RAD_Pages/TaxTypeFilingYear_Page/select_PaymentType' 

2023-09-09 20:28:24 - [MESSAGE][PASSED] - All options with label 'PTE Non-Electing Non-S Corp' are selected in object 'Object Repository/RAD_Pages/TaxTypeFilingYear_Page/select_PaymentType' 

2023-09-09 20:28:24 - [TEST_STEP][PASSED] - verifyElementPresent(findTestObject(orPath_TaxTypeFilingYear + "/select_FilingYear"), 30): Object 'Object Repository/RAD_Pages/TaxTypeFilingYear_Page/select_FilingYear' is present

2023-09-09 20:28:24 - [MESSAGE][PASSED] - Object 'Object Repository/RAD_Pages/TaxTypeFilingYear_Page/select_FilingYear' is present

2023-09-09 20:28:24 - [TEST_STEP][PASSED] - verifyElementVisible(findTestObject(orPath_TaxTypeFilingYear + "/select_FilingYear")): Object 'Object Repository/RAD_Pages/TaxTypeFilingYear_Page/select_FilingYear' is visible

2023-09-09 20:28:25 - [MESSAGE][PASSED] - Object 'Object Repository/RAD_Pages/TaxTypeFilingYear_Page/select_FilingYear' is visible

2023-09-09 20:28:25 - [TEST_STEP][PASSED] - totalOptionsFilingYear = getNumberOfTotalOption(findTestObject(orPath_TaxTypeFilingYear + "/select_FilingYear")): 1 options of object 'Object Repository/RAD_Pages/TaxTypeFilingYear_Page/select_FilingYear' counted

2023-09-09 20:28:25 - [MESSAGE][PASSED] - 1 options of object 'Object Repository/RAD_Pages/TaxTypeFilingYear_Page/select_FilingYear' counted

2023-09-09 20:28:25 - [TEST_STEP][PASSED] - verifyEqual(totalOptionsFilingYear, 1): Actual object '1' and expected object '1' are equal

2023-09-09 20:28:25 - [MESSAGE][PASSED] - Actual object '1' and expected object '1' are equal

2023-09-09 20:28:25 - [TEST_STEP][PASSED] - verifyOptionsPresent(findTestObject(orPath_TaxTypeFilingYear + "/select_FilingYear"), ["2022"]): Options [2022] present.

2023-09-09 20:28:26 - [MESSAGE][PASSED] - Options [2022] present.

2023-09-09 20:28:26 - [TEST_STEP][PASSED] - verifyElementNotVisible(findTestObject(orPath_TaxTypeFilingYear + "/select_PeriodEnding")): Object 'Object Repository/RAD_Pages/TaxTypeFilingYear_Page/select_PeriodEnding' is NOT visible

2023-09-09 20:28:26 - [MESSAGE][PASSED] - Object 'Object Repository/RAD_Pages/TaxTypeFilingYear_Page/select_PeriodEnding' is NOT visible

2023-09-09 20:28:26 - [TEST_STEP][PASSED] - verifyTextPresent("Taxpayer", true): Text 'Taxpayer' is present on page  using regular expression

2023-09-09 20:28:27 - [MESSAGE][PASSED] - Text 'Taxpayer' is present on page  using regular expression

2023-09-09 20:28:27 - [TEST_STEP][PASSED] - verifyTextPresent("Provide the following taxpayer information", true): Text 'Provide the following taxpayer information' is present on page  using regular expression

2023-09-09 20:28:27 - [MESSAGE][PASSED] - Text 'Provide the following taxpayer information' is present on page  using regular expression

2023-09-09 20:28:27 - [TEST_STEP][PASSED] - verifyTextPresent("Note: If you are paying on behalf of the Taxpayer, enter Taxpayer", true): Text 'Note: If you are paying on behalf of the Taxpayer, enter Taxpayer' is present on page  using regular expression

2023-09-09 20:28:28 - [MESSAGE][PASSED] - Text 'Note: If you are paying on behalf of the Taxpayer, enter Taxpayer' is present on page  using regular expression

2023-09-09 20:28:28 - [TEST_STEP][PASSED] - verifyTextPresent("information here. If you are making a payment for the Taxpayer, you will be required later to enter your own credit card, billing address and other pertinent information", true): Text 'information here. If you are making a payment for the Taxpayer, you will be required later to enter your own credit card, billing address and other pertinent information' is present on page  using regular expression

2023-09-09 20:28:28 - [MESSAGE][PASSED] - Text 'information here. If you are making a payment for the Taxpayer, you will be required later to enter your own credit card, billing address and other pertinent information' is present on page  using regular expression

2023-09-09 20:28:28 - [TEST_STEP][PASSED] - verifyElementVisible(findTestObject(orPath_TaxPayer + "/input_Note_businessName")): Object 'Object Repository/RAD_Pages/Taxpayer_Page/input_Note_businessName' is visible

2023-09-09 20:28:28 - [MESSAGE][PASSED] - Object 'Object Repository/RAD_Pages/Taxpayer_Page/input_Note_businessName' is visible

2023-09-09 20:28:28 - [TEST_STEP][PASSED] - verifyElementNotVisible(findTestObject(orPath_TaxPayer + "/input_firstName")): Object 'Object Repository/RAD_Pages/Taxpayer_Page/input_firstName' is NOT visible

2023-09-09 20:28:29 - [MESSAGE][PASSED] - Object 'Object Repository/RAD_Pages/Taxpayer_Page/input_firstName' is NOT visible

2023-09-09 20:28:29 - [TEST_STEP][PASSED] - verifyElementNotVisible(findTestObject(orPath_TaxPayer + "/input_middleName")): Object 'Object Repository/RAD_Pages/Taxpayer_Page/input_middleName' is NOT visible

2023-09-09 20:28:29 - [MESSAGE][PASSED] - Object 'Object Repository/RAD_Pages/Taxpayer_Page/input_middleName' is NOT visible

2023-09-09 20:28:29 - [TEST_STEP][PASSED] - verifyElementNotVisible(findTestObject(orPath_TaxPayer + "/input_lastName")): Object 'Object Repository/RAD_Pages/Taxpayer_Page/input_lastName' is NOT visible

2023-09-09 20:28:29 - [MESSAGE][PASSED] - Object 'Object Repository/RAD_Pages/Taxpayer_Page/input_lastName' is NOT visible

2023-09-09 20:28:29 - [TEST_STEP][PASSED] - verifyElementNotVisible(findTestObject(orPath_TaxPayer + "/input_suffix")): Object 'Object Repository/RAD_Pages/Taxpayer_Page/input_suffix' is NOT visible

2023-09-09 20:28:30 - [MESSAGE][PASSED] - Object 'Object Repository/RAD_Pages/Taxpayer_Page/input_suffix' is NOT visible

2023-09-09 20:28:30 - [TEST_STEP][PASSED] - verifyElementNotVisible(findTestObject("RAD_RecordAndPlay/input_concatSSN")): Object 'Object Repository/RAD_RecordAndPlay/input_concatSSN' is NOT visible

2023-09-09 20:28:30 - [MESSAGE][PASSED] - Object 'Object Repository/RAD_RecordAndPlay/input_concatSSN' is NOT visible

2023-09-09 20:28:30 - [TEST_STEP][PASSED] - verifyElementNotVisible(findTestObject("RAD_RecordAndPlay/input_concatReSSN")): Object 'Object Repository/RAD_RecordAndPlay/input_concatReSSN' is NOT visible

2023-09-09 20:28:31 - [MESSAGE][PASSED] - Object 'Object Repository/RAD_RecordAndPlay/input_concatReSSN' is NOT visible

2023-09-09 20:28:31 - [TEST_STEP][PASSED] - verifyTextPresent("Address and Contact Information", true): Text 'Address and Contact Information' is present on page  using regular expression

2023-09-09 20:28:31 - [MESSAGE][PASSED] - Text 'Address and Contact Information' is present on page  using regular expression

2023-09-09 20:28:31 - [TEST_STEP][PASSED] - verifyTextPresent("Enter the taxpayer", true): Text 'Enter the taxpayer' is present on page  using regular expression

2023-09-09 20:28:32 - [MESSAGE][PASSED] - Text 'Enter the taxpayer' is present on page  using regular expression

2023-09-09 20:28:32 - [TEST_STEP][PASSED] - verifyTextPresent("address and contact information", true): Text 'address and contact information' is present on page  using regular expression

2023-09-09 20:28:32 - [MESSAGE][PASSED] - Text 'address and contact information' is present on page  using regular expression

2023-09-09 20:28:32 - [TEST_STEP][PASSED] - verifyElementPresent(findTestObject(orPath_AddressContact + "/select_Country"), 30): Object 'Object Repository/RAD_Pages/AddressAndContactInfo_Page/select_Country' is present

2023-09-09 20:28:33 - [MESSAGE][PASSED] - Object 'Object Repository/RAD_Pages/AddressAndContactInfo_Page/select_Country' is present

2023-09-09 20:28:33 - [TEST_STEP][PASSED] - verifyElementPresent(findTestObject(orPath_AddressContact + "/input_streetAddress1"), 30): Object 'Object Repository/RAD_Pages/AddressAndContactInfo_Page/input_streetAddress1' is present

2023-09-09 20:28:33 - [MESSAGE][PASSED] - Object 'Object Repository/RAD_Pages/AddressAndContactInfo_Page/input_streetAddress1' is present

2023-09-09 20:28:33 - [TEST_STEP][PASSED] - verifyElementPresent(findTestObject(orPath_AddressContact + "/input_streetAddress2"), 30): Object 'Object Repository/RAD_Pages/AddressAndContactInfo_Page/input_streetAddress2' is present

2023-09-09 20:28:33 - [MESSAGE][PASSED] - Object 'Object Repository/RAD_Pages/AddressAndContactInfo_Page/input_streetAddress2' is present

2023-09-09 20:28:33 - [TEST_STEP][PASSED] - verifyElementPresent(findTestObject(orPath_AddressContact + "/input_city"), 30): Object 'Object Repository/RAD_Pages/AddressAndContactInfo_Page/input_city' is present

2023-09-09 20:28:34 - [MESSAGE][PASSED] - Object 'Object Repository/RAD_Pages/AddressAndContactInfo_Page/input_city' is present

2023-09-09 20:28:34 - [TEST_STEP][PASSED] - verifyElementPresent(findTestObject(orPath_AddressContact + "/select_State"), 30): Object 'Object Repository/RAD_Pages/AddressAndContactInfo_Page/select_State' is present

2023-09-09 20:28:34 - [MESSAGE][PASSED] - Object 'Object Repository/RAD_Pages/AddressAndContactInfo_Page/select_State' is present

2023-09-09 20:28:34 - [TEST_STEP][PASSED] - verifyElementPresent(findTestObject(orPath_AddressContact + "/input_zipCode"), 30): Object 'Object Repository/RAD_Pages/AddressAndContactInfo_Page/input_zipCode' is present

2023-09-09 20:28:34 - [MESSAGE][PASSED] - Object 'Object Repository/RAD_Pages/AddressAndContactInfo_Page/input_zipCode' is present

2023-09-09 20:28:34 - [TEST_STEP][PASSED] - verifyElementPresent(findTestObject(orPath_AddressContact + "/input_phoneNumber"), 30): Object 'Object Repository/RAD_Pages/AddressAndContactInfo_Page/input_phoneNumber' is present

2023-09-09 20:28:34 - [MESSAGE][PASSED] - Object 'Object Repository/RAD_Pages/AddressAndContactInfo_Page/input_phoneNumber' is present

2023-09-09 20:28:34 - [TEST_STEP][PASSED] - verifyElementPresent(findTestObject(orPath_AddressContact + "/input_eMailAddress"), 30): Object 'Object Repository/RAD_Pages/AddressAndContactInfo_Page/input_eMailAddress' is present

2023-09-09 20:28:35 - [MESSAGE][PASSED] - Object 'Object Repository/RAD_Pages/AddressAndContactInfo_Page/input_eMailAddress' is present

2023-09-09 20:28:35 - [TEST_STEP][PASSED] - verifyElementPresent(findTestObject(orPath_AddressContact + "/input_reEnterEMailAddress"), 30): Object 'Object Repository/RAD_Pages/AddressAndContactInfo_Page/input_reEnterEMailAddress' is present

2023-09-09 20:28:35 - [MESSAGE][PASSED] - Object 'Object Repository/RAD_Pages/AddressAndContactInfo_Page/input_reEnterEMailAddress' is present

2023-09-09 20:28:35 - [TEST_STEP][PASSED] - verifyOptionsPresent(findTestObject(orPath_AddressContact + "/select_Country"), ["United States"]): Options [United States] present.

2023-09-09 20:28:36 - [MESSAGE][PASSED] - Options [United States] present.

2023-09-09 20:28:36 - [TEST_STEP][PASSED] - verifyOptionsPresent(findTestObject(orPath_AddressContact + "/select_State"), ["Alabama", "District of Columbia", "Maryland", "Virginia", "Wyoming"]): Options [Alabama, District of Columbia, Maryland, Virginia, Wyoming] present.

2023-09-09 20:28:37 - [MESSAGE][PASSED] - Options [Alabama, District of Columbia, Maryland, Virginia, Wyoming] present.

2023-09-09 20:28:37 - [TEST_STEP][PASSED] - totalOptionsState = getNumberOfTotalOption(findTestObject(orPath_AddressContact + "/select_State")): 52 options of object 'Object Repository/RAD_Pages/AddressAndContactInfo_Page/select_State' counted

2023-09-09 20:28:38 - [MESSAGE][PASSED] - 52 options of object 'Object Repository/RAD_Pages/AddressAndContactInfo_Page/select_State' counted

2023-09-09 20:28:38 - [TEST_STEP][PASSED] - verifyEqual(totalOptionsState, 52): Actual object '52' and expected object '52' are equal

2023-09-09 20:28:38 - [MESSAGE][PASSED] - Actual object '52' and expected object '52' are equal

2023-09-09 20:28:38 - [TEST_STEP][PASSED] - verifyTextPresent("Tax Information", true): Text 'Tax Information' is present on page  using regular expression

2023-09-09 20:28:38 - [MESSAGE][PASSED] - Text 'Tax Information' is present on page  using regular expression

2023-09-09 20:28:38 - [TEST_STEP][PASSED] - verifyElementVisible(findTestObject(orPath_TaxInfo + "/input_FederalEIN-2")): Object 'Object Repository/RAD_Pages/TaxInfo_Page/input_FederalEIN-2' is visible

2023-09-09 20:28:38 - [MESSAGE][PASSED] - Object 'Object Repository/RAD_Pages/TaxInfo_Page/input_FederalEIN-2' is visible

2023-09-09 20:28:38 - [TEST_STEP][PASSED] - verifyElementVisible(findTestObject(orPath_TaxInfo + "/input_FederalEIN_ReEnter-2")): Object 'Object Repository/RAD_Pages/TaxInfo_Page/input_FederalEIN_ReEnter-2' is visible

2023-09-09 20:28:39 - [MESSAGE][PASSED] - Object 'Object Repository/RAD_Pages/TaxInfo_Page/input_FederalEIN_ReEnter-2' is visible

2023-09-09 20:28:39 - [TEST_STEP][PASSED] - verifyElementNotVisible(findTestObject(orPath_FilingStatus + "/input_userType_Individual")): Object 'Object Repository/RAD_Pages/FilingStatus_Page/input_userType_Individual' is NOT visible

2023-09-09 20:28:39 - [MESSAGE][PASSED] - Object 'Object Repository/RAD_Pages/FilingStatus_Page/input_userType_Individual' is NOT visible

2023-09-09 20:28:39 - [TEST_STEP][PASSED] - verifyElementNotVisible(findTestObject(orPath_FilingStatus + "/input_userType_Joint")): Object 'Object Repository/RAD_Pages/FilingStatus_Page/input_userType_Joint' is NOT visible

2023-09-09 20:28:40 - [MESSAGE][PASSED] - Object 'Object Repository/RAD_Pages/FilingStatus_Page/input_userType_Joint' is NOT visible

2023-09-09 20:28:40 - [TEST_STEP][PASSED] - verifyElementNotVisible(findTestObject(orPath_TaxInfo + "/input_NoticeInvoiceNumber")): Object 'Object Repository/RAD_Pages/TaxInfo_Page/input_NoticeInvoiceNumber' is NOT visible

2023-09-09 20:28:40 - [MESSAGE][PASSED] - Object 'Object Repository/RAD_Pages/TaxInfo_Page/input_NoticeInvoiceNumber' is NOT visible

2023-09-09 20:28:40 - [TEST_STEP][PASSED] - verifyElementNotVisible(findTestObject(orPath_TaxInfo + "/input_reTypeNoticeInvoiceNumber")): Object 'Object Repository/RAD_Pages/TaxInfo_Page/input_reTypeNoticeInvoiceNumber' is NOT visible

2023-09-09 20:28:40 - [MESSAGE][PASSED] - Object 'Object Repository/RAD_Pages/TaxInfo_Page/input_reTypeNoticeInvoiceNumber' is NOT visible

2023-09-09 20:28:40 - [TEST_STEP][PASSED] - verifyElementNotVisible(findTestObject(orPath_TaxInfo + "/input_MDCRegistrationEL")): Object 'Object Repository/RAD_Pages/TaxInfo_Page/input_MDCRegistrationEL' is NOT visible

2023-09-09 20:28:41 - [MESSAGE][PASSED] - Object 'Object Repository/RAD_Pages/TaxInfo_Page/input_MDCRegistrationEL' is NOT visible

2023-09-09 20:28:41 - [TEST_STEP][PASSED] - verifyElementNotVisible(findTestObject(orPath_FilingStatus + "/input_userType_Individual")): Object 'Object Repository/RAD_Pages/FilingStatus_Page/input_userType_Individual' is NOT visible

2023-09-09 20:28:41 - [MESSAGE][PASSED] - Object 'Object Repository/RAD_Pages/FilingStatus_Page/input_userType_Individual' is NOT visible

2023-09-09 20:28:41 - [TEST_STEP][PASSED] - verifyElementNotVisible(findTestObject(orPath_FilingStatus + "/input_userType_Joint")): Object 'Object Repository/RAD_Pages/FilingStatus_Page/input_userType_Joint' is NOT visible

2023-09-09 20:28:41 - [MESSAGE][PASSED] - Object 'Object Repository/RAD_Pages/FilingStatus_Page/input_userType_Joint' is NOT visible

2023-09-09 20:28:41 - [TEST_STEP][PASSED] - verifyTextPresent("Payment Amount", true): Text 'Payment Amount' is present on page  using regular expression

2023-09-09 20:28:42 - [MESSAGE][PASSED] - Text 'Payment Amount' is present on page  using regular expression

2023-09-09 20:28:42 - [TEST_STEP][PASSED] - verifyElementPresent(findTestObject(orPath_Amount + "/input__paymentAmount"), 30): Object 'Object Repository/RAD_Pages/PaymentAmount_Page/input__paymentAmount' is present

2023-09-09 20:28:42 - [MESSAGE][PASSED] - Object 'Object Repository/RAD_Pages/PaymentAmount_Page/input__paymentAmount' is present

2023-09-09 20:28:42 - [TEST_STEP][PASSED] - verifyElementVisible(findTestObject(orPath_Amount + "/input__paymentAmount")): Object 'Object Repository/RAD_Pages/PaymentAmount_Page/input__paymentAmount' is visible

2023-09-09 20:28:43 - [MESSAGE][PASSED] - Object 'Object Repository/RAD_Pages/PaymentAmount_Page/input__paymentAmount' is visible

2023-09-09 20:28:43 - [TEST_STEP][PASSED] - verifyTextPresent("Service Fee: This electronic government service includes a service/convenience fee. Click here for details", true): Text 'Service Fee: This electronic government service includes a service/convenience fee. Click here for details' is present on page  using regular expression

2023-09-09 20:28:43 - [MESSAGE][PASSED] - Text 'Service Fee: This electronic government service includes a service/convenience fee. Click here for details' is present on page  using regular expression

2023-09-09 20:28:43 - [TEST_STEP][PASSED] - verifyElementPresent(findTestObject(orPath_Amount + "/a_Click here for details"), 30): Object 'Object Repository/RAD_Pages/PaymentAmount_Page/a_Click here for details' is present

2023-09-09 20:28:43 - [MESSAGE][PASSED] - Object 'Object Repository/RAD_Pages/PaymentAmount_Page/a_Click here for details' is present

2023-09-09 20:28:43 - [TEST_STEP][PASSED] - verifyElementPresent(findTestObject(orPath_Landing + "/button_Continue"), 30): Object 'Object Repository/RAD_Pages/Landing_Page/button_Continue' is present

2023-09-09 20:28:44 - [MESSAGE][PASSED] - Object 'Object Repository/RAD_Pages/Landing_Page/button_Continue' is present]]></system-out>
         <system-err><![CDATA[]]></system-err>
      </testcase>
      <testcase name="Test Cases/RAD_TestCases/UI_TestCases/Extension/Extension_PTENonElectingSCorp_UI_TC" time="25.046" classname="Test Cases/RAD_TestCases/UI_TestCases/Extension/Extension_PTENonElectingSCorp_UI_TC" status="PASSED">
         <system-out><![CDATA[2023-09-09 20:28:44 - [TEST_CASE][PASSED] - Test Cases/RAD_TestCases/UI_TestCases/Extension/Extension_PTENonElectingSCorp_UI_TC: Test Cases/RAD_TestCases/UI_TestCases/Extension/Extension_PTENonElectingSCorp_UI_TC

2023-09-09 20:28:44 - [TEST_STEP][PASSED] - openBrowser(""): Browser is opened with url: ''

2023-09-09 20:28:44 - [MESSAGE][WARNING] - A browser is already opened. Closing browser and opening a new one

2023-09-09 20:28:45 - [MESSAGE][INFO] - Starting 'Chrome' driver

2023-09-09 20:28:45 - [MESSAGE][INFO] - User set preference: ['acceptInsecureCerts', 'true']

2023-09-09 20:28:45 - [MESSAGE][INFO] - Action delay is set to 0 milliseconds

2023-09-09 20:28:46 - [MESSAGE][PASSED] - Browser is opened with url: ''

2023-09-09 20:28:46 - [TEST_STEP][PASSED] - maximizeWindow(): Current window maximized

2023-09-09 20:28:46 - [MESSAGE][PASSED] - Current window maximized

2023-09-09 20:28:46 - [TEST_STEP][PASSED] - navigateToUrl(RADurl): Navigate to 'https://qa2.velocitypayment.com/client/rad/index.html' successfully

2023-09-09 20:28:48 - [MESSAGE][PASSED] - Navigate to 'https://qa2.velocitypayment.com/client/rad/index.html' successfully

2023-09-09 20:28:48 - [TEST_STEP][PASSED] - orPath_Landing = "Object Repository/RAD_Pages/Landing_Page": null

2023-09-09 20:28:48 - [TEST_STEP][PASSED] - orPath_TaxTypeFilingYear = "Object Repository/RAD_Pages/TaxTypeFilingYear_Page": null

2023-09-09 20:28:48 - [TEST_STEP][PASSED] - orPath_TaxPayer = "Object Repository/RAD_Pages/Taxpayer_Page": null

2023-09-09 20:28:48 - [TEST_STEP][PASSED] - orPath_AddressContact = "Object Repository/RAD_Pages/AddressAndContactInfo_Page": null

2023-09-09 20:28:48 - [TEST_STEP][PASSED] - orPath_FilingStatus = "Object Repository/RAD_Pages/FilingStatus_Page": null

2023-09-09 20:28:48 - [TEST_STEP][PASSED] - orPath_Amount = "Object Repository/RAD_Pages/PaymentAmount_Page": null

2023-09-09 20:28:48 - [TEST_STEP][PASSED] - orPath_TaxInfo = "Object Repository/RAD_Pages/TaxInfo_Page": null

2023-09-09 20:28:48 - [TEST_STEP][PASSED] - verifyTextPresent("Payment Type/Filing Year", true): Text 'Payment Type/Filing Year' is present on page  using regular expression

2023-09-09 20:28:48 - [MESSAGE][PASSED] - Text 'Payment Type/Filing Year' is present on page  using regular expression

2023-09-09 20:28:48 - [TEST_STEP][PASSED] - selectOptionByLabel(findTestObject(orPath_Landing + "/dd_TaxType"), "Extension Payments", false): All options with label 'Extension Payments' are selected in object 'Object Repository/RAD_Pages/Landing_Page/dd_TaxType' 

2023-09-09 20:28:49 - [MESSAGE][PASSED] - All options with label 'Extension Payments' are selected in object 'Object Repository/RAD_Pages/Landing_Page/dd_TaxType' 

2023-09-09 20:28:49 - [TEST_STEP][PASSED] - selectOptionByLabel(findTestObject(orPath_TaxTypeFilingYear + "/select_PaymentType"), "PTE Non-Electing S Corp", false): All options with label 'PTE Non-Electing S Corp' are selected in object 'Object Repository/RAD_Pages/TaxTypeFilingYear_Page/select_PaymentType' 

2023-09-09 20:28:50 - [MESSAGE][PASSED] - All options with label 'PTE Non-Electing S Corp' are selected in object 'Object Repository/RAD_Pages/TaxTypeFilingYear_Page/select_PaymentType' 

2023-09-09 20:28:50 - [TEST_STEP][PASSED] - verifyElementPresent(findTestObject(orPath_TaxTypeFilingYear + "/select_FilingYear"), 30): Object 'Object Repository/RAD_Pages/TaxTypeFilingYear_Page/select_FilingYear' is present

2023-09-09 20:28:51 - [MESSAGE][PASSED] - Object 'Object Repository/RAD_Pages/TaxTypeFilingYear_Page/select_FilingYear' is present

2023-09-09 20:28:51 - [TEST_STEP][PASSED] - verifyElementVisible(findTestObject(orPath_TaxTypeFilingYear + "/select_FilingYear")): Object 'Object Repository/RAD_Pages/TaxTypeFilingYear_Page/select_FilingYear' is visible

2023-09-09 20:28:51 - [MESSAGE][PASSED] - Object 'Object Repository/RAD_Pages/TaxTypeFilingYear_Page/select_FilingYear' is visible

2023-09-09 20:28:51 - [TEST_STEP][PASSED] - totalOptionsFilingYear = getNumberOfTotalOption(findTestObject(orPath_TaxTypeFilingYear + "/select_FilingYear")): 1 options of object 'Object Repository/RAD_Pages/TaxTypeFilingYear_Page/select_FilingYear' counted

2023-09-09 20:28:52 - [MESSAGE][PASSED] - 1 options of object 'Object Repository/RAD_Pages/TaxTypeFilingYear_Page/select_FilingYear' counted

2023-09-09 20:28:52 - [TEST_STEP][PASSED] - verifyEqual(totalOptionsFilingYear, 1): Actual object '1' and expected object '1' are equal

2023-09-09 20:28:52 - [MESSAGE][PASSED] - Actual object '1' and expected object '1' are equal

2023-09-09 20:28:52 - [TEST_STEP][PASSED] - verifyOptionsPresent(findTestObject(orPath_TaxTypeFilingYear + "/select_FilingYear"), ["2022"]): Options [2022] present.

2023-09-09 20:28:52 - [MESSAGE][PASSED] - Options [2022] present.

2023-09-09 20:28:52 - [TEST_STEP][PASSED] - verifyElementNotVisible(findTestObject(orPath_TaxTypeFilingYear + "/select_PeriodEnding")): Object 'Object Repository/RAD_Pages/TaxTypeFilingYear_Page/select_PeriodEnding' is NOT visible

2023-09-09 20:28:53 - [MESSAGE][PASSED] - Object 'Object Repository/RAD_Pages/TaxTypeFilingYear_Page/select_PeriodEnding' is NOT visible

2023-09-09 20:28:53 - [TEST_STEP][PASSED] - verifyTextPresent("Taxpayer", true): Text 'Taxpayer' is present on page  using regular expression

2023-09-09 20:28:53 - [MESSAGE][PASSED] - Text 'Taxpayer' is present on page  using regular expression

2023-09-09 20:28:53 - [TEST_STEP][PASSED] - verifyTextPresent("Provide the following taxpayer information", true): Text 'Provide the following taxpayer information' is present on page  using regular expression

2023-09-09 20:28:53 - [MESSAGE][PASSED] - Text 'Provide the following taxpayer information' is present on page  using regular expression

2023-09-09 20:28:53 - [TEST_STEP][PASSED] - verifyTextPresent("Note: If you are paying on behalf of the Taxpayer, enter Taxpayer", true): Text 'Note: If you are paying on behalf of the Taxpayer, enter Taxpayer' is present on page  using regular expression

2023-09-09 20:28:54 - [MESSAGE][PASSED] - Text 'Note: If you are paying on behalf of the Taxpayer, enter Taxpayer' is present on page  using regular expression

2023-09-09 20:28:54 - [TEST_STEP][PASSED] - verifyTextPresent("information here. If you are making a payment for the Taxpayer, you will be required later to enter your own credit card, billing address and other pertinent information", true): Text 'information here. If you are making a payment for the Taxpayer, you will be required later to enter your own credit card, billing address and other pertinent information' is present on page  using regular expression

2023-09-09 20:28:54 - [MESSAGE][PASSED] - Text 'information here. If you are making a payment for the Taxpayer, you will be required later to enter your own credit card, billing address and other pertinent information' is present on page  using regular expression

2023-09-09 20:28:54 - [TEST_STEP][PASSED] - verifyElementVisible(findTestObject(orPath_TaxPayer + "/input_Note_businessName")): Object 'Object Repository/RAD_Pages/Taxpayer_Page/input_Note_businessName' is visible

2023-09-09 20:28:54 - [MESSAGE][PASSED] - Object 'Object Repository/RAD_Pages/Taxpayer_Page/input_Note_businessName' is visible

2023-09-09 20:28:54 - [TEST_STEP][PASSED] - verifyElementNotVisible(findTestObject(orPath_TaxPayer + "/input_firstName")): Object 'Object Repository/RAD_Pages/Taxpayer_Page/input_firstName' is NOT visible

2023-09-09 20:28:55 - [MESSAGE][PASSED] - Object 'Object Repository/RAD_Pages/Taxpayer_Page/input_firstName' is NOT visible

2023-09-09 20:28:55 - [TEST_STEP][PASSED] - verifyElementNotVisible(findTestObject(orPath_TaxPayer + "/input_middleName")): Object 'Object Repository/RAD_Pages/Taxpayer_Page/input_middleName' is NOT visible

2023-09-09 20:28:55 - [MESSAGE][PASSED] - Object 'Object Repository/RAD_Pages/Taxpayer_Page/input_middleName' is NOT visible

2023-09-09 20:28:55 - [TEST_STEP][PASSED] - verifyElementNotVisible(findTestObject(orPath_TaxPayer + "/input_lastName")): Object 'Object Repository/RAD_Pages/Taxpayer_Page/input_lastName' is NOT visible

2023-09-09 20:28:55 - [MESSAGE][PASSED] - Object 'Object Repository/RAD_Pages/Taxpayer_Page/input_lastName' is NOT visible

2023-09-09 20:28:55 - [TEST_STEP][PASSED] - verifyElementNotVisible(findTestObject(orPath_TaxPayer + "/input_suffix")): Object 'Object Repository/RAD_Pages/Taxpayer_Page/input_suffix' is NOT visible

2023-09-09 20:28:56 - [MESSAGE][PASSED] - Object 'Object Repository/RAD_Pages/Taxpayer_Page/input_suffix' is NOT visible

2023-09-09 20:28:56 - [TEST_STEP][PASSED] - verifyElementNotVisible(findTestObject("RAD_RecordAndPlay/input_concatSSN")): Object 'Object Repository/RAD_RecordAndPlay/input_concatSSN' is NOT visible

2023-09-09 20:28:56 - [MESSAGE][PASSED] - Object 'Object Repository/RAD_RecordAndPlay/input_concatSSN' is NOT visible

2023-09-09 20:28:56 - [TEST_STEP][PASSED] - verifyElementNotVisible(findTestObject("RAD_RecordAndPlay/input_concatReSSN")): Object 'Object Repository/RAD_RecordAndPlay/input_concatReSSN' is NOT visible

2023-09-09 20:28:57 - [MESSAGE][PASSED] - Object 'Object Repository/RAD_RecordAndPlay/input_concatReSSN' is NOT visible

2023-09-09 20:28:57 - [TEST_STEP][PASSED] - verifyTextPresent("Address and Contact Information", true): Text 'Address and Contact Information' is present on page  using regular expression

2023-09-09 20:28:57 - [MESSAGE][PASSED] - Text 'Address and Contact Information' is present on page  using regular expression

2023-09-09 20:28:57 - [TEST_STEP][PASSED] - verifyTextPresent("Enter the taxpayer", true): Text 'Enter the taxpayer' is present on page  using regular expression

2023-09-09 20:28:58 - [MESSAGE][PASSED] - Text 'Enter the taxpayer' is present on page  using regular expression

2023-09-09 20:28:58 - [TEST_STEP][PASSED] - verifyTextPresent("address and contact information", true): Text 'address and contact information' is present on page  using regular expression

2023-09-09 20:28:58 - [MESSAGE][PASSED] - Text 'address and contact information' is present on page  using regular expression

2023-09-09 20:28:58 - [TEST_STEP][PASSED] - verifyElementPresent(findTestObject(orPath_AddressContact + "/select_Country"), 30): Object 'Object Repository/RAD_Pages/AddressAndContactInfo_Page/select_Country' is present

2023-09-09 20:28:58 - [MESSAGE][PASSED] - Object 'Object Repository/RAD_Pages/AddressAndContactInfo_Page/select_Country' is present

2023-09-09 20:28:58 - [TEST_STEP][PASSED] - verifyElementPresent(findTestObject(orPath_AddressContact + "/input_streetAddress1"), 30): Object 'Object Repository/RAD_Pages/AddressAndContactInfo_Page/input_streetAddress1' is present

2023-09-09 20:28:59 - [MESSAGE][PASSED] - Object 'Object Repository/RAD_Pages/AddressAndContactInfo_Page/input_streetAddress1' is present

2023-09-09 20:28:59 - [TEST_STEP][PASSED] - verifyElementPresent(findTestObject(orPath_AddressContact + "/input_streetAddress2"), 30): Object 'Object Repository/RAD_Pages/AddressAndContactInfo_Page/input_streetAddress2' is present

2023-09-09 20:28:59 - [MESSAGE][PASSED] - Object 'Object Repository/RAD_Pages/AddressAndContactInfo_Page/input_streetAddress2' is present

2023-09-09 20:28:59 - [TEST_STEP][PASSED] - verifyElementPresent(findTestObject(orPath_AddressContact + "/input_city"), 30): Object 'Object Repository/RAD_Pages/AddressAndContactInfo_Page/input_city' is present

2023-09-09 20:28:59 - [MESSAGE][PASSED] - Object 'Object Repository/RAD_Pages/AddressAndContactInfo_Page/input_city' is present

2023-09-09 20:28:59 - [TEST_STEP][PASSED] - verifyElementPresent(findTestObject(orPath_AddressContact + "/select_State"), 30): Object 'Object Repository/RAD_Pages/AddressAndContactInfo_Page/select_State' is present

2023-09-09 20:29:00 - [MESSAGE][PASSED] - Object 'Object Repository/RAD_Pages/AddressAndContactInfo_Page/select_State' is present

2023-09-09 20:29:00 - [TEST_STEP][PASSED] - verifyElementPresent(findTestObject(orPath_AddressContact + "/input_zipCode"), 30): Object 'Object Repository/RAD_Pages/AddressAndContactInfo_Page/input_zipCode' is present

2023-09-09 20:29:00 - [MESSAGE][PASSED] - Object 'Object Repository/RAD_Pages/AddressAndContactInfo_Page/input_zipCode' is present

2023-09-09 20:29:00 - [TEST_STEP][PASSED] - verifyElementPresent(findTestObject(orPath_AddressContact + "/input_phoneNumber"), 30): Object 'Object Repository/RAD_Pages/AddressAndContactInfo_Page/input_phoneNumber' is present

2023-09-09 20:29:00 - [MESSAGE][PASSED] - Object 'Object Repository/RAD_Pages/AddressAndContactInfo_Page/input_phoneNumber' is present

2023-09-09 20:29:00 - [TEST_STEP][PASSED] - verifyElementPresent(findTestObject(orPath_AddressContact + "/input_eMailAddress"), 30): Object 'Object Repository/RAD_Pages/AddressAndContactInfo_Page/input_eMailAddress' is present

2023-09-09 20:29:01 - [MESSAGE][PASSED] - Object 'Object Repository/RAD_Pages/AddressAndContactInfo_Page/input_eMailAddress' is present

2023-09-09 20:29:01 - [TEST_STEP][PASSED] - verifyElementPresent(findTestObject(orPath_AddressContact + "/input_reEnterEMailAddress"), 30): Object 'Object Repository/RAD_Pages/AddressAndContactInfo_Page/input_reEnterEMailAddress' is present

2023-09-09 20:29:01 - [MESSAGE][PASSED] - Object 'Object Repository/RAD_Pages/AddressAndContactInfo_Page/input_reEnterEMailAddress' is present

2023-09-09 20:29:01 - [TEST_STEP][PASSED] - verifyOptionsPresent(findTestObject(orPath_AddressContact + "/select_Country"), ["United States"]): Options [United States] present.

2023-09-09 20:29:02 - [MESSAGE][PASSED] - Options [United States] present.

2023-09-09 20:29:02 - [TEST_STEP][PASSED] - verifyOptionsPresent(findTestObject(orPath_AddressContact + "/select_State"), ["Alabama", "District of Columbia", "Maryland", "Virginia", "Wyoming"]): Options [Alabama, District of Columbia, Maryland, Virginia, Wyoming] present.

2023-09-09 20:29:03 - [MESSAGE][PASSED] - Options [Alabama, District of Columbia, Maryland, Virginia, Wyoming] present.

2023-09-09 20:29:03 - [TEST_STEP][PASSED] - totalOptionsState = getNumberOfTotalOption(findTestObject(orPath_AddressContact + "/select_State")): 52 options of object 'Object Repository/RAD_Pages/AddressAndContactInfo_Page/select_State' counted

2023-09-09 20:29:03 - [MESSAGE][PASSED] - 52 options of object 'Object Repository/RAD_Pages/AddressAndContactInfo_Page/select_State' counted

2023-09-09 20:29:03 - [TEST_STEP][PASSED] - verifyEqual(totalOptionsState, 52): Actual object '52' and expected object '52' are equal

2023-09-09 20:29:03 - [MESSAGE][PASSED] - Actual object '52' and expected object '52' are equal

2023-09-09 20:29:03 - [TEST_STEP][PASSED] - verifyTextPresent("Tax Information", true): Text 'Tax Information' is present on page  using regular expression

2023-09-09 20:29:04 - [MESSAGE][PASSED] - Text 'Tax Information' is present on page  using regular expression

2023-09-09 20:29:04 - [TEST_STEP][PASSED] - verifyElementVisible(findTestObject(orPath_TaxInfo + "/input_FederalEIN-2")): Object 'Object Repository/RAD_Pages/TaxInfo_Page/input_FederalEIN-2' is visible

2023-09-09 20:29:04 - [MESSAGE][PASSED] - Object 'Object Repository/RAD_Pages/TaxInfo_Page/input_FederalEIN-2' is visible

2023-09-09 20:29:04 - [TEST_STEP][PASSED] - verifyElementVisible(findTestObject(orPath_TaxInfo + "/input_FederalEIN_ReEnter-2")): Object 'Object Repository/RAD_Pages/TaxInfo_Page/input_FederalEIN_ReEnter-2' is visible

2023-09-09 20:29:05 - [MESSAGE][PASSED] - Object 'Object Repository/RAD_Pages/TaxInfo_Page/input_FederalEIN_ReEnter-2' is visible

2023-09-09 20:29:05 - [TEST_STEP][PASSED] - verifyElementNotVisible(findTestObject(orPath_FilingStatus + "/input_userType_Individual")): Object 'Object Repository/RAD_Pages/FilingStatus_Page/input_userType_Individual' is NOT visible

2023-09-09 20:29:05 - [MESSAGE][PASSED] - Object 'Object Repository/RAD_Pages/FilingStatus_Page/input_userType_Individual' is NOT visible

2023-09-09 20:29:05 - [TEST_STEP][PASSED] - verifyElementNotVisible(findTestObject(orPath_FilingStatus + "/input_userType_Joint")): Object 'Object Repository/RAD_Pages/FilingStatus_Page/input_userType_Joint' is NOT visible

2023-09-09 20:29:05 - [MESSAGE][PASSED] - Object 'Object Repository/RAD_Pages/FilingStatus_Page/input_userType_Joint' is NOT visible

2023-09-09 20:29:05 - [TEST_STEP][PASSED] - verifyElementNotVisible(findTestObject(orPath_TaxInfo + "/input_NoticeInvoiceNumber")): Object 'Object Repository/RAD_Pages/TaxInfo_Page/input_NoticeInvoiceNumber' is NOT visible

2023-09-09 20:29:06 - [MESSAGE][PASSED] - Object 'Object Repository/RAD_Pages/TaxInfo_Page/input_NoticeInvoiceNumber' is NOT visible

2023-09-09 20:29:06 - [TEST_STEP][PASSED] - verifyElementNotVisible(findTestObject(orPath_TaxInfo + "/input_reTypeNoticeInvoiceNumber")): Object 'Object Repository/RAD_Pages/TaxInfo_Page/input_reTypeNoticeInvoiceNumber' is NOT visible

2023-09-09 20:29:06 - [MESSAGE][PASSED] - Object 'Object Repository/RAD_Pages/TaxInfo_Page/input_reTypeNoticeInvoiceNumber' is NOT visible

2023-09-09 20:29:06 - [TEST_STEP][PASSED] - verifyElementNotVisible(findTestObject(orPath_TaxInfo + "/input_MDCRegistrationEL")): Object 'Object Repository/RAD_Pages/TaxInfo_Page/input_MDCRegistrationEL' is NOT visible

2023-09-09 20:29:06 - [MESSAGE][PASSED] - Object 'Object Repository/RAD_Pages/TaxInfo_Page/input_MDCRegistrationEL' is NOT visible

2023-09-09 20:29:06 - [TEST_STEP][PASSED] - verifyTextPresent("Payment Amount", true): Text 'Payment Amount' is present on page  using regular expression

2023-09-09 20:29:07 - [MESSAGE][PASSED] - Text 'Payment Amount' is present on page  using regular expression

2023-09-09 20:29:07 - [TEST_STEP][PASSED] - verifyElementPresent(findTestObject(orPath_Amount + "/input__paymentAmount"), 30): Object 'Object Repository/RAD_Pages/PaymentAmount_Page/input__paymentAmount' is present

2023-09-09 20:29:07 - [MESSAGE][PASSED] - Object 'Object Repository/RAD_Pages/PaymentAmount_Page/input__paymentAmount' is present

2023-09-09 20:29:07 - [TEST_STEP][PASSED] - verifyElementVisible(findTestObject(orPath_Amount + "/input__paymentAmount")): Object 'Object Repository/RAD_Pages/PaymentAmount_Page/input__paymentAmount' is visible

2023-09-09 20:29:08 - [MESSAGE][PASSED] - Object 'Object Repository/RAD_Pages/PaymentAmount_Page/input__paymentAmount' is visible

2023-09-09 20:29:08 - [TEST_STEP][PASSED] - verifyTextPresent("Service Fee: This electronic government service includes a service/convenience fee. Click here for details", true): Text 'Service Fee: This electronic government service includes a service/convenience fee. Click here for details' is present on page  using regular expression

2023-09-09 20:29:08 - [MESSAGE][PASSED] - Text 'Service Fee: This electronic government service includes a service/convenience fee. Click here for details' is present on page  using regular expression

2023-09-09 20:29:08 - [TEST_STEP][PASSED] - verifyElementPresent(findTestObject(orPath_Amount + "/a_Click here for details"), 30): Object 'Object Repository/RAD_Pages/PaymentAmount_Page/a_Click here for details' is present

2023-09-09 20:29:08 - [MESSAGE][PASSED] - Object 'Object Repository/RAD_Pages/PaymentAmount_Page/a_Click here for details' is present

2023-09-09 20:29:08 - [TEST_STEP][PASSED] - verifyElementPresent(findTestObject(orPath_Landing + "/button_Continue"), 30): Object 'Object Repository/RAD_Pages/Landing_Page/button_Continue' is present

2023-09-09 20:29:09 - [MESSAGE][PASSED] - Object 'Object Repository/RAD_Pages/Landing_Page/button_Continue' is present]]></system-out>
         <system-err><![CDATA[]]></system-err>
      </testcase>
      <testcase name="Test Cases/RAD_TestCases/UI_TestCases/Extension/Extension_PTETaxElectingNonSCorp_UI_TC" time="24.617" classname="Test Cases/RAD_TestCases/UI_TestCases/Extension/Extension_PTETaxElectingNonSCorp_UI_TC" status="PASSED">
         <system-out><![CDATA[2023-09-09 20:29:09 - [TEST_CASE][PASSED] - Test Cases/RAD_TestCases/UI_TestCases/Extension/Extension_PTETaxElectingNonSCorp_UI_TC: Test Cases/RAD_TestCases/UI_TestCases/Extension/Extension_PTETaxElectingNonSCorp_UI_TC

2023-09-09 20:29:09 - [TEST_STEP][PASSED] - openBrowser(""): Browser is opened with url: ''

2023-09-09 20:29:09 - [MESSAGE][WARNING] - A browser is already opened. Closing browser and opening a new one

2023-09-09 20:29:10 - [MESSAGE][INFO] - Starting 'Chrome' driver

2023-09-09 20:29:10 - [MESSAGE][INFO] - User set preference: ['acceptInsecureCerts', 'true']

2023-09-09 20:29:10 - [MESSAGE][INFO] - Action delay is set to 0 milliseconds

2023-09-09 20:29:11 - [MESSAGE][PASSED] - Browser is opened with url: ''

2023-09-09 20:29:11 - [TEST_STEP][PASSED] - maximizeWindow(): Current window maximized

2023-09-09 20:29:12 - [MESSAGE][PASSED] - Current window maximized

2023-09-09 20:29:12 - [TEST_STEP][PASSED] - navigateToUrl(RADurl): Navigate to 'https://qa2.velocitypayment.com/client/rad/index.html' successfully

2023-09-09 20:29:13 - [MESSAGE][PASSED] - Navigate to 'https://qa2.velocitypayment.com/client/rad/index.html' successfully

2023-09-09 20:29:13 - [TEST_STEP][PASSED] - orPath_Landing = "Object Repository/RAD_Pages/Landing_Page": null

2023-09-09 20:29:13 - [TEST_STEP][PASSED] - orPath_TaxTypeFilingYear = "Object Repository/RAD_Pages/TaxTypeFilingYear_Page": null

2023-09-09 20:29:13 - [TEST_STEP][PASSED] - orPath_TaxPayer = "Object Repository/RAD_Pages/Taxpayer_Page": null

2023-09-09 20:29:13 - [TEST_STEP][PASSED] - orPath_AddressContact = "Object Repository/RAD_Pages/AddressAndContactInfo_Page": null

2023-09-09 20:29:13 - [TEST_STEP][PASSED] - orPath_FilingStatus = "Object Repository/RAD_Pages/FilingStatus_Page": null

2023-09-09 20:29:13 - [TEST_STEP][PASSED] - orPath_Amount = "Object Repository/RAD_Pages/PaymentAmount_Page": null

2023-09-09 20:29:13 - [TEST_STEP][PASSED] - orPath_TaxInfo = "Object Repository/RAD_Pages/TaxInfo_Page": null

2023-09-09 20:29:13 - [TEST_STEP][PASSED] - verifyTextPresent("Payment Type/Filing Year", true): Text 'Payment Type/Filing Year' is present on page  using regular expression

2023-09-09 20:29:13 - [MESSAGE][PASSED] - Text 'Payment Type/Filing Year' is present on page  using regular expression

2023-09-09 20:29:13 - [TEST_STEP][PASSED] - selectOptionByLabel(findTestObject(orPath_Landing + "/dd_TaxType"), "Extension Payments", false): All options with label 'Extension Payments' are selected in object 'Object Repository/RAD_Pages/Landing_Page/dd_TaxType' 

2023-09-09 20:29:14 - [MESSAGE][PASSED] - All options with label 'Extension Payments' are selected in object 'Object Repository/RAD_Pages/Landing_Page/dd_TaxType' 

2023-09-09 20:29:14 - [TEST_STEP][PASSED] - selectOptionByLabel(findTestObject(orPath_TaxTypeFilingYear + "/select_PaymentType"), "PTE Tax Electing Non-S Corp", false): All options with label 'PTE Tax Electing Non-S Corp' are selected in object 'Object Repository/RAD_Pages/TaxTypeFilingYear_Page/select_PaymentType' 

2023-09-09 20:29:15 - [MESSAGE][PASSED] - All options with label 'PTE Tax Electing Non-S Corp' are selected in object 'Object Repository/RAD_Pages/TaxTypeFilingYear_Page/select_PaymentType' 

2023-09-09 20:29:15 - [TEST_STEP][PASSED] - verifyElementPresent(findTestObject(orPath_TaxTypeFilingYear + "/select_FilingYear"), 30): Object 'Object Repository/RAD_Pages/TaxTypeFilingYear_Page/select_FilingYear' is present

2023-09-09 20:29:15 - [MESSAGE][PASSED] - Object 'Object Repository/RAD_Pages/TaxTypeFilingYear_Page/select_FilingYear' is present

2023-09-09 20:29:15 - [TEST_STEP][PASSED] - verifyElementVisible(findTestObject(orPath_TaxTypeFilingYear + "/select_FilingYear")): Object 'Object Repository/RAD_Pages/TaxTypeFilingYear_Page/select_FilingYear' is visible

2023-09-09 20:29:16 - [MESSAGE][PASSED] - Object 'Object Repository/RAD_Pages/TaxTypeFilingYear_Page/select_FilingYear' is visible

2023-09-09 20:29:16 - [TEST_STEP][PASSED] - totalOptionsFilingYear = getNumberOfTotalOption(findTestObject(orPath_TaxTypeFilingYear + "/select_FilingYear")): 1 options of object 'Object Repository/RAD_Pages/TaxTypeFilingYear_Page/select_FilingYear' counted

2023-09-09 20:29:16 - [MESSAGE][PASSED] - 1 options of object 'Object Repository/RAD_Pages/TaxTypeFilingYear_Page/select_FilingYear' counted

2023-09-09 20:29:16 - [TEST_STEP][PASSED] - verifyEqual(totalOptionsFilingYear, 1): Actual object '1' and expected object '1' are equal

2023-09-09 20:29:16 - [MESSAGE][PASSED] - Actual object '1' and expected object '1' are equal

2023-09-09 20:29:16 - [TEST_STEP][PASSED] - verifyOptionsPresent(findTestObject(orPath_TaxTypeFilingYear + "/select_FilingYear"), ["2022"]): Options [2022] present.

2023-09-09 20:29:17 - [MESSAGE][PASSED] - Options [2022] present.

2023-09-09 20:29:17 - [TEST_STEP][PASSED] - verifyElementNotVisible(findTestObject(orPath_TaxTypeFilingYear + "/select_PeriodEnding")): Object 'Object Repository/RAD_Pages/TaxTypeFilingYear_Page/select_PeriodEnding' is NOT visible

2023-09-09 20:29:17 - [MESSAGE][PASSED] - Object 'Object Repository/RAD_Pages/TaxTypeFilingYear_Page/select_PeriodEnding' is NOT visible

2023-09-09 20:29:17 - [TEST_STEP][PASSED] - verifyTextPresent("Taxpayer", true): Text 'Taxpayer' is present on page  using regular expression

2023-09-09 20:29:17 - [MESSAGE][PASSED] - Text 'Taxpayer' is present on page  using regular expression

2023-09-09 20:29:17 - [TEST_STEP][PASSED] - verifyTextPresent("Provide the following taxpayer information", true): Text 'Provide the following taxpayer information' is present on page  using regular expression

2023-09-09 20:29:18 - [MESSAGE][PASSED] - Text 'Provide the following taxpayer information' is present on page  using regular expression

2023-09-09 20:29:18 - [TEST_STEP][PASSED] - verifyTextPresent("Note: If you are paying on behalf of the Taxpayer, enter Taxpayer", true): Text 'Note: If you are paying on behalf of the Taxpayer, enter Taxpayer' is present on page  using regular expression

2023-09-09 20:29:18 - [MESSAGE][PASSED] - Text 'Note: If you are paying on behalf of the Taxpayer, enter Taxpayer' is present on page  using regular expression

2023-09-09 20:29:18 - [TEST_STEP][PASSED] - verifyTextPresent("information here. If you are making a payment for the Taxpayer, you will be required later to enter your own credit card, billing address and other pertinent information", true): Text 'information here. If you are making a payment for the Taxpayer, you will be required later to enter your own credit card, billing address and other pertinent information' is present on page  using regular expression

2023-09-09 20:29:19 - [MESSAGE][PASSED] - Text 'information here. If you are making a payment for the Taxpayer, you will be required later to enter your own credit card, billing address and other pertinent information' is present on page  using regular expression

2023-09-09 20:29:19 - [TEST_STEP][PASSED] - verifyElementVisible(findTestObject(orPath_TaxPayer + "/input_Note_businessName")): Object 'Object Repository/RAD_Pages/Taxpayer_Page/input_Note_businessName' is visible

2023-09-09 20:29:19 - [MESSAGE][PASSED] - Object 'Object Repository/RAD_Pages/Taxpayer_Page/input_Note_businessName' is visible

2023-09-09 20:29:19 - [TEST_STEP][PASSED] - verifyElementNotVisible(findTestObject(orPath_TaxPayer + "/input_firstName")): Object 'Object Repository/RAD_Pages/Taxpayer_Page/input_firstName' is NOT visible

2023-09-09 20:29:19 - [MESSAGE][PASSED] - Object 'Object Repository/RAD_Pages/Taxpayer_Page/input_firstName' is NOT visible

2023-09-09 20:29:19 - [TEST_STEP][PASSED] - verifyElementNotVisible(findTestObject(orPath_TaxPayer + "/input_middleName")): Object 'Object Repository/RAD_Pages/Taxpayer_Page/input_middleName' is NOT visible

2023-09-09 20:29:20 - [MESSAGE][PASSED] - Object 'Object Repository/RAD_Pages/Taxpayer_Page/input_middleName' is NOT visible

2023-09-09 20:29:20 - [TEST_STEP][PASSED] - verifyElementNotVisible(findTestObject(orPath_TaxPayer + "/input_lastName")): Object 'Object Repository/RAD_Pages/Taxpayer_Page/input_lastName' is NOT visible

2023-09-09 20:29:20 - [MESSAGE][PASSED] - Object 'Object Repository/RAD_Pages/Taxpayer_Page/input_lastName' is NOT visible

2023-09-09 20:29:20 - [TEST_STEP][PASSED] - verifyElementNotVisible(findTestObject(orPath_TaxPayer + "/input_suffix")): Object 'Object Repository/RAD_Pages/Taxpayer_Page/input_suffix' is NOT visible

2023-09-09 20:29:20 - [MESSAGE][PASSED] - Object 'Object Repository/RAD_Pages/Taxpayer_Page/input_suffix' is NOT visible

2023-09-09 20:29:20 - [TEST_STEP][PASSED] - verifyElementNotVisible(findTestObject("RAD_RecordAndPlay/input_concatSSN")): Object 'Object Repository/RAD_RecordAndPlay/input_concatSSN' is NOT visible

2023-09-09 20:29:21 - [MESSAGE][PASSED] - Object 'Object Repository/RAD_RecordAndPlay/input_concatSSN' is NOT visible

2023-09-09 20:29:21 - [TEST_STEP][PASSED] - verifyElementNotVisible(findTestObject("RAD_RecordAndPlay/input_concatReSSN")): Object 'Object Repository/RAD_RecordAndPlay/input_concatReSSN' is NOT visible

2023-09-09 20:29:21 - [MESSAGE][PASSED] - Object 'Object Repository/RAD_RecordAndPlay/input_concatReSSN' is NOT visible

2023-09-09 20:29:21 - [TEST_STEP][PASSED] - verifyTextPresent("Address and Contact Information", true): Text 'Address and Contact Information' is present on page  using regular expression

2023-09-09 20:29:22 - [MESSAGE][PASSED] - Text 'Address and Contact Information' is present on page  using regular expression

2023-09-09 20:29:22 - [TEST_STEP][PASSED] - verifyTextPresent("Enter the taxpayer", true): Text 'Enter the taxpayer' is present on page  using regular expression

2023-09-09 20:29:22 - [MESSAGE][PASSED] - Text 'Enter the taxpayer' is present on page  using regular expression

2023-09-09 20:29:22 - [TEST_STEP][PASSED] - verifyTextPresent("address and contact information", true): Text 'address and contact information' is present on page  using regular expression

2023-09-09 20:29:23 - [MESSAGE][PASSED] - Text 'address and contact information' is present on page  using regular expression

2023-09-09 20:29:23 - [TEST_STEP][PASSED] - verifyElementPresent(findTestObject(orPath_AddressContact + "/select_Country"), 30): Object 'Object Repository/RAD_Pages/AddressAndContactInfo_Page/select_Country' is present

2023-09-09 20:29:23 - [MESSAGE][PASSED] - Object 'Object Repository/RAD_Pages/AddressAndContactInfo_Page/select_Country' is present

2023-09-09 20:29:23 - [TEST_STEP][PASSED] - verifyElementPresent(findTestObject(orPath_AddressContact + "/input_streetAddress1"), 30): Object 'Object Repository/RAD_Pages/AddressAndContactInfo_Page/input_streetAddress1' is present

2023-09-09 20:29:23 - [MESSAGE][PASSED] - Object 'Object Repository/RAD_Pages/AddressAndContactInfo_Page/input_streetAddress1' is present

2023-09-09 20:29:23 - [TEST_STEP][PASSED] - verifyElementPresent(findTestObject(orPath_AddressContact + "/input_streetAddress2"), 30): Object 'Object Repository/RAD_Pages/AddressAndContactInfo_Page/input_streetAddress2' is present

2023-09-09 20:29:24 - [MESSAGE][PASSED] - Object 'Object Repository/RAD_Pages/AddressAndContactInfo_Page/input_streetAddress2' is present

2023-09-09 20:29:24 - [TEST_STEP][PASSED] - verifyElementPresent(findTestObject(orPath_AddressContact + "/input_city"), 30): Object 'Object Repository/RAD_Pages/AddressAndContactInfo_Page/input_city' is present

2023-09-09 20:29:24 - [MESSAGE][PASSED] - Object 'Object Repository/RAD_Pages/AddressAndContactInfo_Page/input_city' is present

2023-09-09 20:29:24 - [TEST_STEP][PASSED] - verifyElementPresent(findTestObject(orPath_AddressContact + "/select_State"), 30): Object 'Object Repository/RAD_Pages/AddressAndContactInfo_Page/select_State' is present

2023-09-09 20:29:24 - [MESSAGE][PASSED] - Object 'Object Repository/RAD_Pages/AddressAndContactInfo_Page/select_State' is present

2023-09-09 20:29:24 - [TEST_STEP][PASSED] - verifyElementPresent(findTestObject(orPath_AddressContact + "/input_zipCode"), 30): Object 'Object Repository/RAD_Pages/AddressAndContactInfo_Page/input_zipCode' is present

2023-09-09 20:29:25 - [MESSAGE][PASSED] - Object 'Object Repository/RAD_Pages/AddressAndContactInfo_Page/input_zipCode' is present

2023-09-09 20:29:25 - [TEST_STEP][PASSED] - verifyElementPresent(findTestObject(orPath_AddressContact + "/input_phoneNumber"), 30): Object 'Object Repository/RAD_Pages/AddressAndContactInfo_Page/input_phoneNumber' is present

2023-09-09 20:29:25 - [MESSAGE][PASSED] - Object 'Object Repository/RAD_Pages/AddressAndContactInfo_Page/input_phoneNumber' is present

2023-09-09 20:29:25 - [TEST_STEP][PASSED] - verifyElementPresent(findTestObject(orPath_AddressContact + "/input_eMailAddress"), 30): Object 'Object Repository/RAD_Pages/AddressAndContactInfo_Page/input_eMailAddress' is present

2023-09-09 20:29:25 - [MESSAGE][PASSED] - Object 'Object Repository/RAD_Pages/AddressAndContactInfo_Page/input_eMailAddress' is present

2023-09-09 20:29:25 - [TEST_STEP][PASSED] - verifyElementPresent(findTestObject(orPath_AddressContact + "/input_reEnterEMailAddress"), 30): Object 'Object Repository/RAD_Pages/AddressAndContactInfo_Page/input_reEnterEMailAddress' is present

2023-09-09 20:29:26 - [MESSAGE][PASSED] - Object 'Object Repository/RAD_Pages/AddressAndContactInfo_Page/input_reEnterEMailAddress' is present

2023-09-09 20:29:26 - [TEST_STEP][PASSED] - verifyOptionsPresent(findTestObject(orPath_AddressContact + "/select_Country"), ["United States"]): Options [United States] present.

2023-09-09 20:29:26 - [MESSAGE][PASSED] - Options [United States] present.

2023-09-09 20:29:26 - [TEST_STEP][PASSED] - verifyOptionsPresent(findTestObject(orPath_AddressContact + "/select_State"), ["Alabama", "District of Columbia", "Maryland", "Virginia", "Wyoming"]): Options [Alabama, District of Columbia, Maryland, Virginia, Wyoming] present.

2023-09-09 20:29:28 - [MESSAGE][PASSED] - Options [Alabama, District of Columbia, Maryland, Virginia, Wyoming] present.

2023-09-09 20:29:28 - [TEST_STEP][PASSED] - totalOptionsState = getNumberOfTotalOption(findTestObject(orPath_AddressContact + "/select_State")): 52 options of object 'Object Repository/RAD_Pages/AddressAndContactInfo_Page/select_State' counted

2023-09-09 20:29:28 - [MESSAGE][PASSED] - 52 options of object 'Object Repository/RAD_Pages/AddressAndContactInfo_Page/select_State' counted

2023-09-09 20:29:28 - [TEST_STEP][PASSED] - verifyEqual(totalOptionsState, 52): Actual object '52' and expected object '52' are equal

2023-09-09 20:29:28 - [MESSAGE][PASSED] - Actual object '52' and expected object '52' are equal

2023-09-09 20:29:28 - [TEST_STEP][PASSED] - verifyTextPresent("Tax Information", true): Text 'Tax Information' is present on page  using regular expression

2023-09-09 20:29:28 - [MESSAGE][PASSED] - Text 'Tax Information' is present on page  using regular expression

2023-09-09 20:29:28 - [TEST_STEP][PASSED] - verifyElementVisible(findTestObject(orPath_TaxInfo + "/input_FederalEIN-2")): Object 'Object Repository/RAD_Pages/TaxInfo_Page/input_FederalEIN-2' is visible

2023-09-09 20:29:29 - [MESSAGE][PASSED] - Object 'Object Repository/RAD_Pages/TaxInfo_Page/input_FederalEIN-2' is visible

2023-09-09 20:29:29 - [TEST_STEP][PASSED] - verifyElementVisible(findTestObject(orPath_TaxInfo + "/input_FederalEIN_ReEnter-2")): Object 'Object Repository/RAD_Pages/TaxInfo_Page/input_FederalEIN_ReEnter-2' is visible

2023-09-09 20:29:29 - [MESSAGE][PASSED] - Object 'Object Repository/RAD_Pages/TaxInfo_Page/input_FederalEIN_ReEnter-2' is visible

2023-09-09 20:29:29 - [TEST_STEP][PASSED] - verifyElementNotVisible(findTestObject(orPath_FilingStatus + "/input_userType_Individual")): Object 'Object Repository/RAD_Pages/FilingStatus_Page/input_userType_Individual' is NOT visible

2023-09-09 20:29:30 - [MESSAGE][PASSED] - Object 'Object Repository/RAD_Pages/FilingStatus_Page/input_userType_Individual' is NOT visible

2023-09-09 20:29:30 - [TEST_STEP][PASSED] - verifyElementNotVisible(findTestObject(orPath_FilingStatus + "/input_userType_Joint")): Object 'Object Repository/RAD_Pages/FilingStatus_Page/input_userType_Joint' is NOT visible

2023-09-09 20:29:30 - [MESSAGE][PASSED] - Object 'Object Repository/RAD_Pages/FilingStatus_Page/input_userType_Joint' is NOT visible

2023-09-09 20:29:30 - [TEST_STEP][PASSED] - verifyElementNotVisible(findTestObject(orPath_TaxInfo + "/input_NoticeInvoiceNumber")): Object 'Object Repository/RAD_Pages/TaxInfo_Page/input_NoticeInvoiceNumber' is NOT visible

2023-09-09 20:29:30 - [MESSAGE][PASSED] - Object 'Object Repository/RAD_Pages/TaxInfo_Page/input_NoticeInvoiceNumber' is NOT visible

2023-09-09 20:29:30 - [TEST_STEP][PASSED] - verifyElementNotVisible(findTestObject(orPath_TaxInfo + "/input_reTypeNoticeInvoiceNumber")): Object 'Object Repository/RAD_Pages/TaxInfo_Page/input_reTypeNoticeInvoiceNumber' is NOT visible

2023-09-09 20:29:31 - [MESSAGE][PASSED] - Object 'Object Repository/RAD_Pages/TaxInfo_Page/input_reTypeNoticeInvoiceNumber' is NOT visible

2023-09-09 20:29:31 - [TEST_STEP][PASSED] - verifyElementNotVisible(findTestObject(orPath_TaxInfo + "/input_MDCRegistrationEL")): Object 'Object Repository/RAD_Pages/TaxInfo_Page/input_MDCRegistrationEL' is NOT visible

2023-09-09 20:29:31 - [MESSAGE][PASSED] - Object 'Object Repository/RAD_Pages/TaxInfo_Page/input_MDCRegistrationEL' is NOT visible

2023-09-09 20:29:31 - [TEST_STEP][PASSED] - verifyTextPresent("Payment Amount", true): Text 'Payment Amount' is present on page  using regular expression

2023-09-09 20:29:31 - [MESSAGE][PASSED] - Text 'Payment Amount' is present on page  using regular expression

2023-09-09 20:29:31 - [TEST_STEP][PASSED] - verifyElementPresent(findTestObject(orPath_Amount + "/input__paymentAmount"), 30): Object 'Object Repository/RAD_Pages/PaymentAmount_Page/input__paymentAmount' is present

2023-09-09 20:29:32 - [MESSAGE][PASSED] - Object 'Object Repository/RAD_Pages/PaymentAmount_Page/input__paymentAmount' is present

2023-09-09 20:29:32 - [TEST_STEP][PASSED] - verifyElementVisible(findTestObject(orPath_Amount + "/input__paymentAmount")): Object 'Object Repository/RAD_Pages/PaymentAmount_Page/input__paymentAmount' is visible

2023-09-09 20:29:32 - [MESSAGE][PASSED] - Object 'Object Repository/RAD_Pages/PaymentAmount_Page/input__paymentAmount' is visible

2023-09-09 20:29:32 - [TEST_STEP][PASSED] - verifyTextPresent("Service Fee: This electronic government service includes a service/convenience fee. Click here for details", true): Text 'Service Fee: This electronic government service includes a service/convenience fee. Click here for details' is present on page  using regular expression

2023-09-09 20:29:33 - [MESSAGE][PASSED] - Text 'Service Fee: This electronic government service includes a service/convenience fee. Click here for details' is present on page  using regular expression

2023-09-09 20:29:33 - [TEST_STEP][PASSED] - verifyElementPresent(findTestObject(orPath_Amount + "/a_Click here for details"), 30): Object 'Object Repository/RAD_Pages/PaymentAmount_Page/a_Click here for details' is present

2023-09-09 20:29:33 - [MESSAGE][PASSED] - Object 'Object Repository/RAD_Pages/PaymentAmount_Page/a_Click here for details' is present

2023-09-09 20:29:33 - [TEST_STEP][PASSED] - verifyElementPresent(findTestObject(orPath_Landing + "/button_Continue"), 30): Object 'Object Repository/RAD_Pages/Landing_Page/button_Continue' is present

2023-09-09 20:29:33 - [MESSAGE][PASSED] - Object 'Object Repository/RAD_Pages/Landing_Page/button_Continue' is present]]></system-out>
         <system-err><![CDATA[]]></system-err>
      </testcase>
      <testcase name="Test Cases/RAD_TestCases/UI_TestCases/Extension/Extension_PTETaxElectingSCorp_UI_TC" time="25.267" classname="Test Cases/RAD_TestCases/UI_TestCases/Extension/Extension_PTETaxElectingSCorp_UI_TC" status="PASSED">
         <system-out><![CDATA[2023-09-09 20:29:33 - [TEST_CASE][PASSED] - Test Cases/RAD_TestCases/UI_TestCases/Extension/Extension_PTETaxElectingSCorp_UI_TC: Test Cases/RAD_TestCases/UI_TestCases/Extension/Extension_PTETaxElectingSCorp_UI_TC

2023-09-09 20:29:34 - [TEST_STEP][PASSED] - openBrowser(""): Browser is opened with url: ''

2023-09-09 20:29:34 - [MESSAGE][WARNING] - A browser is already opened. Closing browser and opening a new one

2023-09-09 20:29:35 - [MESSAGE][INFO] - Starting 'Chrome' driver

2023-09-09 20:29:35 - [MESSAGE][INFO] - User set preference: ['acceptInsecureCerts', 'true']

2023-09-09 20:29:35 - [MESSAGE][INFO] - Action delay is set to 0 milliseconds

2023-09-09 20:29:36 - [MESSAGE][PASSED] - Browser is opened with url: ''

2023-09-09 20:29:36 - [TEST_STEP][PASSED] - maximizeWindow(): Current window maximized

2023-09-09 20:29:36 - [MESSAGE][PASSED] - Current window maximized

2023-09-09 20:29:36 - [TEST_STEP][PASSED] - navigateToUrl(RADurl): Navigate to 'https://qa2.velocitypayment.com/client/rad/index.html' successfully

2023-09-09 20:29:38 - [MESSAGE][PASSED] - Navigate to 'https://qa2.velocitypayment.com/client/rad/index.html' successfully

2023-09-09 20:29:38 - [TEST_STEP][PASSED] - orPath_Landing = "Object Repository/RAD_Pages/Landing_Page": null

2023-09-09 20:29:38 - [TEST_STEP][PASSED] - orPath_TaxTypeFilingYear = "Object Repository/RAD_Pages/TaxTypeFilingYear_Page": null

2023-09-09 20:29:38 - [TEST_STEP][PASSED] - orPath_TaxPayer = "Object Repository/RAD_Pages/Taxpayer_Page": null

2023-09-09 20:29:38 - [TEST_STEP][PASSED] - orPath_AddressContact = "Object Repository/RAD_Pages/AddressAndContactInfo_Page": null

2023-09-09 20:29:38 - [TEST_STEP][PASSED] - orPath_FilingStatus = "Object Repository/RAD_Pages/FilingStatus_Page": null

2023-09-09 20:29:38 - [TEST_STEP][PASSED] - orPath_Amount = "Object Repository/RAD_Pages/PaymentAmount_Page": null

2023-09-09 20:29:38 - [TEST_STEP][PASSED] - orPath_TaxInfo = "Object Repository/RAD_Pages/TaxInfo_Page": null

2023-09-09 20:29:38 - [TEST_STEP][PASSED] - verifyTextPresent("Payment Type/Filing Year", true): Text 'Payment Type/Filing Year' is present on page  using regular expression

2023-09-09 20:29:38 - [MESSAGE][PASSED] - Text 'Payment Type/Filing Year' is present on page  using regular expression

2023-09-09 20:29:38 - [TEST_STEP][PASSED] - selectOptionByLabel(findTestObject(orPath_Landing + "/dd_TaxType"), "Extension Payments", false): All options with label 'Extension Payments' are selected in object 'Object Repository/RAD_Pages/Landing_Page/dd_TaxType' 

2023-09-09 20:29:39 - [MESSAGE][PASSED] - All options with label 'Extension Payments' are selected in object 'Object Repository/RAD_Pages/Landing_Page/dd_TaxType' 

2023-09-09 20:29:39 - [TEST_STEP][PASSED] - selectOptionByLabel(findTestObject(orPath_TaxTypeFilingYear + "/select_PaymentType"), "PTE Tax Electing S Corp", false): All options with label 'PTE Tax Electing S Corp' are selected in object 'Object Repository/RAD_Pages/TaxTypeFilingYear_Page/select_PaymentType' 

2023-09-09 20:29:40 - [MESSAGE][PASSED] - All options with label 'PTE Tax Electing S Corp' are selected in object 'Object Repository/RAD_Pages/TaxTypeFilingYear_Page/select_PaymentType' 

2023-09-09 20:29:40 - [TEST_STEP][PASSED] - verifyElementPresent(findTestObject(orPath_TaxTypeFilingYear + "/select_FilingYear"), 30): Object 'Object Repository/RAD_Pages/TaxTypeFilingYear_Page/select_FilingYear' is present

2023-09-09 20:29:40 - [MESSAGE][PASSED] - Object 'Object Repository/RAD_Pages/TaxTypeFilingYear_Page/select_FilingYear' is present

2023-09-09 20:29:40 - [TEST_STEP][PASSED] - verifyElementVisible(findTestObject(orPath_TaxTypeFilingYear + "/select_FilingYear")): Object 'Object Repository/RAD_Pages/TaxTypeFilingYear_Page/select_FilingYear' is visible

2023-09-09 20:29:41 - [MESSAGE][PASSED] - Object 'Object Repository/RAD_Pages/TaxTypeFilingYear_Page/select_FilingYear' is visible

2023-09-09 20:29:41 - [TEST_STEP][PASSED] - totalOptionsFilingYear = getNumberOfTotalOption(findTestObject(orPath_TaxTypeFilingYear + "/select_FilingYear")): 1 options of object 'Object Repository/RAD_Pages/TaxTypeFilingYear_Page/select_FilingYear' counted

2023-09-09 20:29:41 - [MESSAGE][PASSED] - 1 options of object 'Object Repository/RAD_Pages/TaxTypeFilingYear_Page/select_FilingYear' counted

2023-09-09 20:29:41 - [TEST_STEP][PASSED] - verifyEqual(totalOptionsFilingYear, 1): Actual object '1' and expected object '1' are equal

2023-09-09 20:29:41 - [MESSAGE][PASSED] - Actual object '1' and expected object '1' are equal

2023-09-09 20:29:41 - [TEST_STEP][PASSED] - verifyOptionsPresent(findTestObject(orPath_TaxTypeFilingYear + "/select_FilingYear"), ["2022"]): Options [2022] present.

2023-09-09 20:29:42 - [MESSAGE][PASSED] - Options [2022] present.

2023-09-09 20:29:42 - [TEST_STEP][PASSED] - verifyElementNotVisible(findTestObject(orPath_TaxTypeFilingYear + "/select_PeriodEnding")): Object 'Object Repository/RAD_Pages/TaxTypeFilingYear_Page/select_PeriodEnding' is NOT visible

2023-09-09 20:29:42 - [MESSAGE][PASSED] - Object 'Object Repository/RAD_Pages/TaxTypeFilingYear_Page/select_PeriodEnding' is NOT visible

2023-09-09 20:29:42 - [TEST_STEP][PASSED] - verifyTextPresent("Taxpayer", true): Text 'Taxpayer' is present on page  using regular expression

2023-09-09 20:29:42 - [MESSAGE][PASSED] - Text 'Taxpayer' is present on page  using regular expression

2023-09-09 20:29:42 - [TEST_STEP][PASSED] - verifyTextPresent("Provide the following taxpayer information", true): Text 'Provide the following taxpayer information' is present on page  using regular expression

2023-09-09 20:29:43 - [MESSAGE][PASSED] - Text 'Provide the following taxpayer information' is present on page  using regular expression

2023-09-09 20:29:43 - [TEST_STEP][PASSED] - verifyTextPresent("Note: If you are paying on behalf of the Taxpayer, enter Taxpayer", true): Text 'Note: If you are paying on behalf of the Taxpayer, enter Taxpayer' is present on page  using regular expression

2023-09-09 20:29:43 - [MESSAGE][PASSED] - Text 'Note: If you are paying on behalf of the Taxpayer, enter Taxpayer' is present on page  using regular expression

2023-09-09 20:29:43 - [TEST_STEP][PASSED] - verifyTextPresent("information here. If you are making a payment for the Taxpayer, you will be required later to enter your own credit card, billing address and other pertinent information", true): Text 'information here. If you are making a payment for the Taxpayer, you will be required later to enter your own credit card, billing address and other pertinent information' is present on page  using regular expression

2023-09-09 20:29:44 - [MESSAGE][PASSED] - Text 'information here. If you are making a payment for the Taxpayer, you will be required later to enter your own credit card, billing address and other pertinent information' is present on page  using regular expression

2023-09-09 20:29:44 - [TEST_STEP][PASSED] - verifyElementVisible(findTestObject(orPath_TaxPayer + "/input_Note_businessName")): Object 'Object Repository/RAD_Pages/Taxpayer_Page/input_Note_businessName' is visible

2023-09-09 20:29:44 - [MESSAGE][PASSED] - Object 'Object Repository/RAD_Pages/Taxpayer_Page/input_Note_businessName' is visible

2023-09-09 20:29:44 - [TEST_STEP][PASSED] - verifyElementNotVisible(findTestObject(orPath_TaxPayer + "/input_firstName")): Object 'Object Repository/RAD_Pages/Taxpayer_Page/input_firstName' is NOT visible

2023-09-09 20:29:44 - [MESSAGE][PASSED] - Object 'Object Repository/RAD_Pages/Taxpayer_Page/input_firstName' is NOT visible

2023-09-09 20:29:44 - [TEST_STEP][PASSED] - verifyElementNotVisible(findTestObject(orPath_TaxPayer + "/input_middleName")): Object 'Object Repository/RAD_Pages/Taxpayer_Page/input_middleName' is NOT visible

2023-09-09 20:29:45 - [MESSAGE][PASSED] - Object 'Object Repository/RAD_Pages/Taxpayer_Page/input_middleName' is NOT visible

2023-09-09 20:29:45 - [TEST_STEP][PASSED] - verifyElementNotVisible(findTestObject(orPath_TaxPayer + "/input_lastName")): Object 'Object Repository/RAD_Pages/Taxpayer_Page/input_lastName' is NOT visible

2023-09-09 20:29:45 - [MESSAGE][PASSED] - Object 'Object Repository/RAD_Pages/Taxpayer_Page/input_lastName' is NOT visible

2023-09-09 20:29:45 - [TEST_STEP][PASSED] - verifyElementNotVisible(findTestObject(orPath_TaxPayer + "/input_suffix")): Object 'Object Repository/RAD_Pages/Taxpayer_Page/input_suffix' is NOT visible

2023-09-09 20:29:45 - [MESSAGE][PASSED] - Object 'Object Repository/RAD_Pages/Taxpayer_Page/input_suffix' is NOT visible

2023-09-09 20:29:45 - [TEST_STEP][PASSED] - verifyElementNotVisible(findTestObject("RAD_RecordAndPlay/input_concatSSN")): Object 'Object Repository/RAD_RecordAndPlay/input_concatSSN' is NOT visible

2023-09-09 20:29:46 - [MESSAGE][PASSED] - Object 'Object Repository/RAD_RecordAndPlay/input_concatSSN' is NOT visible

2023-09-09 20:29:46 - [TEST_STEP][PASSED] - verifyElementNotVisible(findTestObject("RAD_RecordAndPlay/input_concatReSSN")): Object 'Object Repository/RAD_RecordAndPlay/input_concatReSSN' is NOT visible

2023-09-09 20:29:46 - [MESSAGE][PASSED] - Object 'Object Repository/RAD_RecordAndPlay/input_concatReSSN' is NOT visible

2023-09-09 20:29:46 - [TEST_STEP][PASSED] - verifyTextPresent("Address and Contact Information", true): Text 'Address and Contact Information' is present on page  using regular expression

2023-09-09 20:29:47 - [MESSAGE][PASSED] - Text 'Address and Contact Information' is present on page  using regular expression

2023-09-09 20:29:47 - [TEST_STEP][PASSED] - verifyTextPresent("Enter the taxpayer", true): Text 'Enter the taxpayer' is present on page  using regular expression

2023-09-09 20:29:47 - [MESSAGE][PASSED] - Text 'Enter the taxpayer' is present on page  using regular expression

2023-09-09 20:29:47 - [TEST_STEP][PASSED] - verifyTextPresent("address and contact information", true): Text 'address and contact information' is present on page  using regular expression

2023-09-09 20:29:48 - [MESSAGE][PASSED] - Text 'address and contact information' is present on page  using regular expression

2023-09-09 20:29:48 - [TEST_STEP][PASSED] - verifyElementPresent(findTestObject(orPath_AddressContact + "/select_Country"), 30): Object 'Object Repository/RAD_Pages/AddressAndContactInfo_Page/select_Country' is present

2023-09-09 20:29:48 - [MESSAGE][PASSED] - Object 'Object Repository/RAD_Pages/AddressAndContactInfo_Page/select_Country' is present

2023-09-09 20:29:48 - [TEST_STEP][PASSED] - verifyElementPresent(findTestObject(orPath_AddressContact + "/input_streetAddress1"), 30): Object 'Object Repository/RAD_Pages/AddressAndContactInfo_Page/input_streetAddress1' is present

2023-09-09 20:29:48 - [MESSAGE][PASSED] - Object 'Object Repository/RAD_Pages/AddressAndContactInfo_Page/input_streetAddress1' is present

2023-09-09 20:29:48 - [TEST_STEP][PASSED] - verifyElementPresent(findTestObject(orPath_AddressContact + "/input_streetAddress2"), 30): Object 'Object Repository/RAD_Pages/AddressAndContactInfo_Page/input_streetAddress2' is present

2023-09-09 20:29:49 - [MESSAGE][PASSED] - Object 'Object Repository/RAD_Pages/AddressAndContactInfo_Page/input_streetAddress2' is present

2023-09-09 20:29:49 - [TEST_STEP][PASSED] - verifyElementPresent(findTestObject(orPath_AddressContact + "/input_city"), 30): Object 'Object Repository/RAD_Pages/AddressAndContactInfo_Page/input_city' is present

2023-09-09 20:29:49 - [MESSAGE][PASSED] - Object 'Object Repository/RAD_Pages/AddressAndContactInfo_Page/input_city' is present

2023-09-09 20:29:49 - [TEST_STEP][PASSED] - verifyElementPresent(findTestObject(orPath_AddressContact + "/select_State"), 30): Object 'Object Repository/RAD_Pages/AddressAndContactInfo_Page/select_State' is present

2023-09-09 20:29:49 - [MESSAGE][PASSED] - Object 'Object Repository/RAD_Pages/AddressAndContactInfo_Page/select_State' is present

2023-09-09 20:29:49 - [TEST_STEP][PASSED] - verifyElementPresent(findTestObject(orPath_AddressContact + "/input_zipCode"), 30): Object 'Object Repository/RAD_Pages/AddressAndContactInfo_Page/input_zipCode' is present

2023-09-09 20:29:50 - [MESSAGE][PASSED] - Object 'Object Repository/RAD_Pages/AddressAndContactInfo_Page/input_zipCode' is present

2023-09-09 20:29:50 - [TEST_STEP][PASSED] - verifyElementPresent(findTestObject(orPath_AddressContact + "/input_phoneNumber"), 30): Object 'Object Repository/RAD_Pages/AddressAndContactInfo_Page/input_phoneNumber' is present

2023-09-09 20:29:50 - [MESSAGE][PASSED] - Object 'Object Repository/RAD_Pages/AddressAndContactInfo_Page/input_phoneNumber' is present

2023-09-09 20:29:50 - [TEST_STEP][PASSED] - verifyElementPresent(findTestObject(orPath_AddressContact + "/input_eMailAddress"), 30): Object 'Object Repository/RAD_Pages/AddressAndContactInfo_Page/input_eMailAddress' is present

2023-09-09 20:29:50 - [MESSAGE][PASSED] - Object 'Object Repository/RAD_Pages/AddressAndContactInfo_Page/input_eMailAddress' is present

2023-09-09 20:29:50 - [TEST_STEP][PASSED] - verifyElementPresent(findTestObject(orPath_AddressContact + "/input_reEnterEMailAddress"), 30): Object 'Object Repository/RAD_Pages/AddressAndContactInfo_Page/input_reEnterEMailAddress' is present

2023-09-09 20:29:51 - [MESSAGE][PASSED] - Object 'Object Repository/RAD_Pages/AddressAndContactInfo_Page/input_reEnterEMailAddress' is present

2023-09-09 20:29:51 - [TEST_STEP][PASSED] - verifyOptionsPresent(findTestObject(orPath_AddressContact + "/select_Country"), ["United States"]): Options [United States] present.

2023-09-09 20:29:51 - [MESSAGE][PASSED] - Options [United States] present.

2023-09-09 20:29:51 - [TEST_STEP][PASSED] - verifyOptionsPresent(findTestObject(orPath_AddressContact + "/select_State"), ["Alabama", "District of Columbia", "Maryland", "Virginia", "Wyoming"]): Options [Alabama, District of Columbia, Maryland, Virginia, Wyoming] present.

2023-09-09 20:29:53 - [MESSAGE][PASSED] - Options [Alabama, District of Columbia, Maryland, Virginia, Wyoming] present.

2023-09-09 20:29:53 - [TEST_STEP][PASSED] - totalOptionsState = getNumberOfTotalOption(findTestObject(orPath_AddressContact + "/select_State")): 52 options of object 'Object Repository/RAD_Pages/AddressAndContactInfo_Page/select_State' counted

2023-09-09 20:29:53 - [MESSAGE][PASSED] - 52 options of object 'Object Repository/RAD_Pages/AddressAndContactInfo_Page/select_State' counted

2023-09-09 20:29:53 - [TEST_STEP][PASSED] - verifyEqual(totalOptionsState, 52): Actual object '52' and expected object '52' are equal

2023-09-09 20:29:53 - [MESSAGE][PASSED] - Actual object '52' and expected object '52' are equal

2023-09-09 20:29:53 - [TEST_STEP][PASSED] - verifyTextPresent("Tax Information", true): Text 'Tax Information' is present on page  using regular expression

2023-09-09 20:29:53 - [MESSAGE][PASSED] - Text 'Tax Information' is present on page  using regular expression

2023-09-09 20:29:53 - [TEST_STEP][PASSED] - verifyElementVisible(findTestObject(orPath_TaxInfo + "/input_FederalEIN-2")): Object 'Object Repository/RAD_Pages/TaxInfo_Page/input_FederalEIN-2' is visible

2023-09-09 20:29:54 - [MESSAGE][PASSED] - Object 'Object Repository/RAD_Pages/TaxInfo_Page/input_FederalEIN-2' is visible

2023-09-09 20:29:54 - [TEST_STEP][PASSED] - verifyElementVisible(findTestObject(orPath_TaxInfo + "/input_FederalEIN_ReEnter-2")): Object 'Object Repository/RAD_Pages/TaxInfo_Page/input_FederalEIN_ReEnter-2' is visible

2023-09-09 20:29:55 - [MESSAGE][PASSED] - Object 'Object Repository/RAD_Pages/TaxInfo_Page/input_FederalEIN_ReEnter-2' is visible

2023-09-09 20:29:55 - [TEST_STEP][PASSED] - verifyElementNotVisible(findTestObject(orPath_TaxInfo + "/input_NoticeInvoiceNumber")): Object 'Object Repository/RAD_Pages/TaxInfo_Page/input_NoticeInvoiceNumber' is NOT visible

2023-09-09 20:29:55 - [MESSAGE][PASSED] - Object 'Object Repository/RAD_Pages/TaxInfo_Page/input_NoticeInvoiceNumber' is NOT visible

2023-09-09 20:29:55 - [TEST_STEP][PASSED] - verifyElementNotVisible(findTestObject(orPath_TaxInfo + "/input_reTypeNoticeInvoiceNumber")): Object 'Object Repository/RAD_Pages/TaxInfo_Page/input_reTypeNoticeInvoiceNumber' is NOT visible

2023-09-09 20:29:55 - [MESSAGE][PASSED] - Object 'Object Repository/RAD_Pages/TaxInfo_Page/input_reTypeNoticeInvoiceNumber' is NOT visible

2023-09-09 20:29:55 - [TEST_STEP][PASSED] - verifyElementNotVisible(findTestObject(orPath_TaxInfo + "/input_MDCRegistrationEL")): Object 'Object Repository/RAD_Pages/TaxInfo_Page/input_MDCRegistrationEL' is NOT visible

2023-09-09 20:29:56 - [MESSAGE][PASSED] - Object 'Object Repository/RAD_Pages/TaxInfo_Page/input_MDCRegistrationEL' is NOT visible

2023-09-09 20:29:56 - [TEST_STEP][PASSED] - verifyElementNotVisible(findTestObject(orPath_FilingStatus + "/input_userType_Individual")): Object 'Object Repository/RAD_Pages/FilingStatus_Page/input_userType_Individual' is NOT visible

2023-09-09 20:29:56 - [MESSAGE][PASSED] - Object 'Object Repository/RAD_Pages/FilingStatus_Page/input_userType_Individual' is NOT visible

2023-09-09 20:29:56 - [TEST_STEP][PASSED] - verifyElementNotVisible(findTestObject(orPath_FilingStatus + "/input_userType_Joint")): Object 'Object Repository/RAD_Pages/FilingStatus_Page/input_userType_Joint' is NOT visible

2023-09-09 20:29:56 - [MESSAGE][PASSED] - Object 'Object Repository/RAD_Pages/FilingStatus_Page/input_userType_Joint' is NOT visible

2023-09-09 20:29:56 - [TEST_STEP][PASSED] - verifyTextPresent("Payment Amount", true): Text 'Payment Amount' is present on page  using regular expression

2023-09-09 20:29:57 - [MESSAGE][PASSED] - Text 'Payment Amount' is present on page  using regular expression

2023-09-09 20:29:57 - [TEST_STEP][PASSED] - verifyElementPresent(findTestObject(orPath_Amount + "/input__paymentAmount"), 30): Object 'Object Repository/RAD_Pages/PaymentAmount_Page/input__paymentAmount' is present

2023-09-09 20:29:57 - [MESSAGE][PASSED] - Object 'Object Repository/RAD_Pages/PaymentAmount_Page/input__paymentAmount' is present

2023-09-09 20:29:57 - [TEST_STEP][PASSED] - verifyElementVisible(findTestObject(orPath_Amount + "/input__paymentAmount")): Object 'Object Repository/RAD_Pages/PaymentAmount_Page/input__paymentAmount' is visible

2023-09-09 20:29:57 - [MESSAGE][PASSED] - Object 'Object Repository/RAD_Pages/PaymentAmount_Page/input__paymentAmount' is visible

2023-09-09 20:29:57 - [TEST_STEP][PASSED] - verifyTextPresent("Service Fee: This electronic government service includes a service/convenience fee. Click here for details", true): Text 'Service Fee: This electronic government service includes a service/convenience fee. Click here for details' is present on page  using regular expression

2023-09-09 20:29:58 - [MESSAGE][PASSED] - Text 'Service Fee: This electronic government service includes a service/convenience fee. Click here for details' is present on page  using regular expression

2023-09-09 20:29:58 - [TEST_STEP][PASSED] - verifyElementPresent(findTestObject(orPath_Amount + "/a_Click here for details"), 30): Object 'Object Repository/RAD_Pages/PaymentAmount_Page/a_Click here for details' is present

2023-09-09 20:29:58 - [MESSAGE][PASSED] - Object 'Object Repository/RAD_Pages/PaymentAmount_Page/a_Click here for details' is present

2023-09-09 20:29:58 - [TEST_STEP][PASSED] - verifyElementPresent(findTestObject(orPath_Landing + "/button_Continue"), 30): Object 'Object Repository/RAD_Pages/Landing_Page/button_Continue' is present

2023-09-09 20:29:58 - [MESSAGE][PASSED] - Object 'Object Repository/RAD_Pages/Landing_Page/button_Continue' is present]]></system-out>
         <system-err><![CDATA[]]></system-err>
      </testcase>
      <testcase name="Test Cases/RAD_TestCases/UI_TestCases/New Liability/NewLiability_Fiduciary_UI_TC" time="24.555" classname="Test Cases/RAD_TestCases/UI_TestCases/New Liability/NewLiability_Fiduciary_UI_TC" status="PASSED">
         <system-out><![CDATA[2023-09-09 20:29:59 - [TEST_CASE][PASSED] - Test Cases/RAD_TestCases/UI_TestCases/New Liability/NewLiability_Fiduciary_UI_TC: Test Cases/RAD_TestCases/UI_TestCases/New Liability/NewLiability_Fiduciary_UI_TC

2023-09-09 20:29:59 - [TEST_STEP][PASSED] - openBrowser(""): Browser is opened with url: ''

2023-09-09 20:29:59 - [MESSAGE][WARNING] - A browser is already opened. Closing browser and opening a new one

2023-09-09 20:30:00 - [MESSAGE][INFO] - Starting 'Chrome' driver

2023-09-09 20:30:00 - [MESSAGE][INFO] - User set preference: ['acceptInsecureCerts', 'true']

2023-09-09 20:30:00 - [MESSAGE][INFO] - Action delay is set to 0 milliseconds

2023-09-09 20:30:01 - [MESSAGE][PASSED] - Browser is opened with url: ''

2023-09-09 20:30:01 - [TEST_STEP][PASSED] - maximizeWindow(): Current window maximized

2023-09-09 20:30:01 - [MESSAGE][PASSED] - Current window maximized

2023-09-09 20:30:01 - [TEST_STEP][PASSED] - navigateToUrl(RADurl): Navigate to 'https://qa2.velocitypayment.com/client/rad/index.html' successfully

2023-09-09 20:30:03 - [MESSAGE][PASSED] - Navigate to 'https://qa2.velocitypayment.com/client/rad/index.html' successfully

2023-09-09 20:30:03 - [TEST_STEP][PASSED] - orPath_Landing = "Object Repository/RAD_Pages/Landing_Page": null

2023-09-09 20:30:03 - [TEST_STEP][PASSED] - orPath_TaxTypeFilingYear = "Object Repository/RAD_Pages/TaxTypeFilingYear_Page": null

2023-09-09 20:30:03 - [TEST_STEP][PASSED] - orPath_TaxPayer = "Object Repository/RAD_Pages/Taxpayer_Page": null

2023-09-09 20:30:03 - [TEST_STEP][PASSED] - orPath_AddressContact = "Object Repository/RAD_Pages/AddressAndContactInfo_Page": null

2023-09-09 20:30:03 - [TEST_STEP][PASSED] - orPath_FilingStatus = "Object Repository/RAD_Pages/FilingStatus_Page": null

2023-09-09 20:30:03 - [TEST_STEP][PASSED] - orPath_Amount = "Object Repository/RAD_Pages/PaymentAmount_Page": null

2023-09-09 20:30:03 - [TEST_STEP][PASSED] - orPath_TaxInfo = "Object Repository/RAD_Pages/TaxInfo_Page": null

2023-09-09 20:30:03 - [TEST_STEP][PASSED] - selectOptionByLabel(findTestObject(orPath_Landing + "/dd_TaxType"), "New Tax Return Amount Due", false): All options with label 'New Tax Return Amount Due' are selected in object 'Object Repository/RAD_Pages/Landing_Page/dd_TaxType' 

2023-09-09 20:30:04 - [MESSAGE][PASSED] - All options with label 'New Tax Return Amount Due' are selected in object 'Object Repository/RAD_Pages/Landing_Page/dd_TaxType' 

2023-09-09 20:30:04 - [TEST_STEP][PASSED] - selectOptionByLabel(findTestObject("Object Repository/RAD_Pages/Landing_Page/select_NewTaxReturnAmountDue_TaxType"), "Fiduciary Tax", false): All options with label 'Fiduciary Tax' are selected in object 'Object Repository/RAD_Pages/Landing_Page/select_NewTaxReturnAmountDue_TaxType' 

2023-09-09 20:30:04 - [MESSAGE][PASSED] - All options with label 'Fiduciary Tax' are selected in object 'Object Repository/RAD_Pages/Landing_Page/select_NewTaxReturnAmountDue_TaxType' 

2023-09-09 20:30:04 - [TEST_STEP][PASSED] - verifyElementPresent(findTestObject(orPath_TaxTypeFilingYear + "/select_FilingYear"), 30): Object 'Object Repository/RAD_Pages/TaxTypeFilingYear_Page/select_FilingYear' is present

2023-09-09 20:30:05 - [MESSAGE][PASSED] - Object 'Object Repository/RAD_Pages/TaxTypeFilingYear_Page/select_FilingYear' is present

2023-09-09 20:30:05 - [TEST_STEP][PASSED] - verifyElementVisible(findTestObject(orPath_TaxTypeFilingYear + "/select_FilingYear")): Object 'Object Repository/RAD_Pages/TaxTypeFilingYear_Page/select_FilingYear' is visible

2023-09-09 20:30:05 - [MESSAGE][PASSED] - Object 'Object Repository/RAD_Pages/TaxTypeFilingYear_Page/select_FilingYear' is visible

2023-09-09 20:30:05 - [TEST_STEP][PASSED] - totalOptionsFilingYear = getNumberOfTotalOption(findTestObject(orPath_TaxTypeFilingYear + "/select_FilingYear")): 4 options of object 'Object Repository/RAD_Pages/TaxTypeFilingYear_Page/select_FilingYear' counted

2023-09-09 20:30:06 - [MESSAGE][PASSED] - 4 options of object 'Object Repository/RAD_Pages/TaxTypeFilingYear_Page/select_FilingYear' counted

2023-09-09 20:30:06 - [TEST_STEP][PASSED] - verifyEqual(totalOptionsFilingYear, 4): Actual object '4' and expected object '4' are equal

2023-09-09 20:30:06 - [MESSAGE][PASSED] - Actual object '4' and expected object '4' are equal

2023-09-09 20:30:06 - [TEST_STEP][PASSED] - verifyOptionsPresent(findTestObject(orPath_TaxTypeFilingYear + "/select_FilingYear"), ["2022", "2021", "2020"]): Options [2022, 2021, 2020] present.

2023-09-09 20:30:06 - [MESSAGE][PASSED] - Options [2022, 2021, 2020] present.

2023-09-09 20:30:06 - [TEST_STEP][PASSED] - verifyElementNotVisible(findTestObject(orPath_TaxTypeFilingYear + "/select_PeriodEnding")): Object 'Object Repository/RAD_Pages/TaxTypeFilingYear_Page/select_PeriodEnding' is NOT visible

2023-09-09 20:30:07 - [MESSAGE][PASSED] - Object 'Object Repository/RAD_Pages/TaxTypeFilingYear_Page/select_PeriodEnding' is NOT visible

2023-09-09 20:30:07 - [TEST_STEP][PASSED] - verifyTextPresent("Taxpayer", true): Text 'Taxpayer' is present on page  using regular expression

2023-09-09 20:30:07 - [MESSAGE][PASSED] - Text 'Taxpayer' is present on page  using regular expression

2023-09-09 20:30:07 - [TEST_STEP][PASSED] - verifyTextPresent("Provide the following taxpayer information", true): Text 'Provide the following taxpayer information' is present on page  using regular expression

2023-09-09 20:30:08 - [MESSAGE][PASSED] - Text 'Provide the following taxpayer information' is present on page  using regular expression

2023-09-09 20:30:08 - [TEST_STEP][PASSED] - verifyTextPresent("Note: If you are paying on behalf of the Taxpayer, enter Taxpayer", true): Text 'Note: If you are paying on behalf of the Taxpayer, enter Taxpayer' is present on page  using regular expression

2023-09-09 20:30:08 - [MESSAGE][PASSED] - Text 'Note: If you are paying on behalf of the Taxpayer, enter Taxpayer' is present on page  using regular expression

2023-09-09 20:30:08 - [TEST_STEP][PASSED] - verifyTextPresent("information here. If you are making a payment for the Taxpayer, you will be required later to enter your own credit card, billing address and other pertinent information", true): Text 'information here. If you are making a payment for the Taxpayer, you will be required later to enter your own credit card, billing address and other pertinent information' is present on page  using regular expression

2023-09-09 20:30:08 - [MESSAGE][PASSED] - Text 'information here. If you are making a payment for the Taxpayer, you will be required later to enter your own credit card, billing address and other pertinent information' is present on page  using regular expression

2023-09-09 20:30:08 - [TEST_STEP][PASSED] - verifyElementVisible(findTestObject(orPath_TaxPayer + "/input_Note_businessName")): Object 'Object Repository/RAD_Pages/Taxpayer_Page/input_Note_businessName' is visible

2023-09-09 20:30:09 - [MESSAGE][PASSED] - Object 'Object Repository/RAD_Pages/Taxpayer_Page/input_Note_businessName' is visible

2023-09-09 20:30:09 - [TEST_STEP][PASSED] - verifyElementNotVisible(findTestObject(orPath_TaxPayer + "/input_firstName")): Object 'Object Repository/RAD_Pages/Taxpayer_Page/input_firstName' is NOT visible

2023-09-09 20:30:09 - [MESSAGE][PASSED] - Object 'Object Repository/RAD_Pages/Taxpayer_Page/input_firstName' is NOT visible

2023-09-09 20:30:09 - [TEST_STEP][PASSED] - verifyElementNotVisible(findTestObject(orPath_TaxPayer + "/input_middleName")): Object 'Object Repository/RAD_Pages/Taxpayer_Page/input_middleName' is NOT visible

2023-09-09 20:30:09 - [MESSAGE][PASSED] - Object 'Object Repository/RAD_Pages/Taxpayer_Page/input_middleName' is NOT visible

2023-09-09 20:30:09 - [TEST_STEP][PASSED] - verifyElementNotVisible(findTestObject(orPath_TaxPayer + "/input_lastName")): Object 'Object Repository/RAD_Pages/Taxpayer_Page/input_lastName' is NOT visible

2023-09-09 20:30:10 - [MESSAGE][PASSED] - Object 'Object Repository/RAD_Pages/Taxpayer_Page/input_lastName' is NOT visible

2023-09-09 20:30:10 - [TEST_STEP][PASSED] - verifyElementNotVisible(findTestObject(orPath_TaxPayer + "/input_suffix")): Object 'Object Repository/RAD_Pages/Taxpayer_Page/input_suffix' is NOT visible

2023-09-09 20:30:10 - [MESSAGE][PASSED] - Object 'Object Repository/RAD_Pages/Taxpayer_Page/input_suffix' is NOT visible

2023-09-09 20:30:10 - [TEST_STEP][PASSED] - verifyElementNotVisible(findTestObject("RAD_RecordAndPlay/input_concatSSN")): Object 'Object Repository/RAD_RecordAndPlay/input_concatSSN' is NOT visible

2023-09-09 20:30:11 - [MESSAGE][PASSED] - Object 'Object Repository/RAD_RecordAndPlay/input_concatSSN' is NOT visible

2023-09-09 20:30:11 - [TEST_STEP][PASSED] - verifyElementNotVisible(findTestObject("RAD_RecordAndPlay/input_concatReSSN")): Object 'Object Repository/RAD_RecordAndPlay/input_concatReSSN' is NOT visible

2023-09-09 20:30:11 - [MESSAGE][PASSED] - Object 'Object Repository/RAD_RecordAndPlay/input_concatReSSN' is NOT visible

2023-09-09 20:30:11 - [TEST_STEP][PASSED] - verifyTextPresent("Address and Contact Information", true): Text 'Address and Contact Information' is present on page  using regular expression

2023-09-09 20:30:12 - [MESSAGE][PASSED] - Text 'Address and Contact Information' is present on page  using regular expression

2023-09-09 20:30:12 - [TEST_STEP][PASSED] - verifyTextPresent("Enter the taxpayer", true): Text 'Enter the taxpayer' is present on page  using regular expression

2023-09-09 20:30:12 - [MESSAGE][PASSED] - Text 'Enter the taxpayer' is present on page  using regular expression

2023-09-09 20:30:12 - [TEST_STEP][PASSED] - verifyTextPresent("address and contact information", true): Text 'address and contact information' is present on page  using regular expression

2023-09-09 20:30:13 - [MESSAGE][PASSED] - Text 'address and contact information' is present on page  using regular expression

2023-09-09 20:30:13 - [TEST_STEP][PASSED] - verifyElementPresent(findTestObject(orPath_AddressContact + "/select_Country"), 30): Object 'Object Repository/RAD_Pages/AddressAndContactInfo_Page/select_Country' is present

2023-09-09 20:30:13 - [MESSAGE][PASSED] - Object 'Object Repository/RAD_Pages/AddressAndContactInfo_Page/select_Country' is present

2023-09-09 20:30:13 - [TEST_STEP][PASSED] - verifyElementPresent(findTestObject(orPath_AddressContact + "/input_streetAddress1"), 30): Object 'Object Repository/RAD_Pages/AddressAndContactInfo_Page/input_streetAddress1' is present

2023-09-09 20:30:13 - [MESSAGE][PASSED] - Object 'Object Repository/RAD_Pages/AddressAndContactInfo_Page/input_streetAddress1' is present

2023-09-09 20:30:13 - [TEST_STEP][PASSED] - verifyElementPresent(findTestObject(orPath_AddressContact + "/input_streetAddress2"), 30): Object 'Object Repository/RAD_Pages/AddressAndContactInfo_Page/input_streetAddress2' is present

2023-09-09 20:30:14 - [MESSAGE][PASSED] - Object 'Object Repository/RAD_Pages/AddressAndContactInfo_Page/input_streetAddress2' is present

2023-09-09 20:30:14 - [TEST_STEP][PASSED] - verifyElementPresent(findTestObject(orPath_AddressContact + "/input_city"), 30): Object 'Object Repository/RAD_Pages/AddressAndContactInfo_Page/input_city' is present

2023-09-09 20:30:14 - [MESSAGE][PASSED] - Object 'Object Repository/RAD_Pages/AddressAndContactInfo_Page/input_city' is present

2023-09-09 20:30:14 - [TEST_STEP][PASSED] - verifyElementPresent(findTestObject(orPath_AddressContact + "/select_State"), 30): Object 'Object Repository/RAD_Pages/AddressAndContactInfo_Page/select_State' is present

2023-09-09 20:30:14 - [MESSAGE][PASSED] - Object 'Object Repository/RAD_Pages/AddressAndContactInfo_Page/select_State' is present

2023-09-09 20:30:14 - [TEST_STEP][PASSED] - verifyElementPresent(findTestObject(orPath_AddressContact + "/input_zipCode"), 30): Object 'Object Repository/RAD_Pages/AddressAndContactInfo_Page/input_zipCode' is present

2023-09-09 20:30:15 - [MESSAGE][PASSED] - Object 'Object Repository/RAD_Pages/AddressAndContactInfo_Page/input_zipCode' is present

2023-09-09 20:30:15 - [TEST_STEP][PASSED] - verifyElementPresent(findTestObject(orPath_AddressContact + "/input_phoneNumber"), 30): Object 'Object Repository/RAD_Pages/AddressAndContactInfo_Page/input_phoneNumber' is present

2023-09-09 20:30:15 - [MESSAGE][PASSED] - Object 'Object Repository/RAD_Pages/AddressAndContactInfo_Page/input_phoneNumber' is present

2023-09-09 20:30:15 - [TEST_STEP][PASSED] - verifyElementPresent(findTestObject(orPath_AddressContact + "/input_eMailAddress"), 30): Object 'Object Repository/RAD_Pages/AddressAndContactInfo_Page/input_eMailAddress' is present

2023-09-09 20:30:15 - [MESSAGE][PASSED] - Object 'Object Repository/RAD_Pages/AddressAndContactInfo_Page/input_eMailAddress' is present

2023-09-09 20:30:15 - [TEST_STEP][PASSED] - verifyElementPresent(findTestObject(orPath_AddressContact + "/input_reEnterEMailAddress"), 30): Object 'Object Repository/RAD_Pages/AddressAndContactInfo_Page/input_reEnterEMailAddress' is present

2023-09-09 20:30:15 - [MESSAGE][PASSED] - Object 'Object Repository/RAD_Pages/AddressAndContactInfo_Page/input_reEnterEMailAddress' is present

2023-09-09 20:30:15 - [TEST_STEP][PASSED] - verifyOptionsPresent(findTestObject(orPath_AddressContact + "/select_Country"), ["United States"]): Options [United States] present.

2023-09-09 20:30:16 - [MESSAGE][PASSED] - Options [United States] present.

2023-09-09 20:30:16 - [TEST_STEP][PASSED] - verifyOptionsPresent(findTestObject(orPath_AddressContact + "/select_State"), ["Alabama", "District of Columbia", "Maryland", "Virginia", "Wyoming"]): Options [Alabama, District of Columbia, Maryland, Virginia, Wyoming] present.

2023-09-09 20:30:17 - [MESSAGE][PASSED] - Options [Alabama, District of Columbia, Maryland, Virginia, Wyoming] present.

2023-09-09 20:30:17 - [TEST_STEP][PASSED] - totalOptionsState = getNumberOfTotalOption(findTestObject(orPath_AddressContact + "/select_State")): 52 options of object 'Object Repository/RAD_Pages/AddressAndContactInfo_Page/select_State' counted

2023-09-09 20:30:18 - [MESSAGE][PASSED] - 52 options of object 'Object Repository/RAD_Pages/AddressAndContactInfo_Page/select_State' counted

2023-09-09 20:30:18 - [TEST_STEP][PASSED] - verifyEqual(totalOptionsState, 52): Actual object '52' and expected object '52' are equal

2023-09-09 20:30:18 - [MESSAGE][PASSED] - Actual object '52' and expected object '52' are equal

2023-09-09 20:30:18 - [TEST_STEP][PASSED] - verifyTextPresent("Tax Information", true): Text 'Tax Information' is present on page  using regular expression

2023-09-09 20:30:18 - [MESSAGE][PASSED] - Text 'Tax Information' is present on page  using regular expression

2023-09-09 20:30:18 - [TEST_STEP][PASSED] - verifyElementVisible(findTestObject(orPath_TaxInfo + "/input_FederalEIN-2")): Object 'Object Repository/RAD_Pages/TaxInfo_Page/input_FederalEIN-2' is visible

2023-09-09 20:30:19 - [MESSAGE][PASSED] - Object 'Object Repository/RAD_Pages/TaxInfo_Page/input_FederalEIN-2' is visible

2023-09-09 20:30:19 - [TEST_STEP][PASSED] - verifyElementVisible(findTestObject(orPath_TaxInfo + "/input_FederalEIN_ReEnter-2")): Object 'Object Repository/RAD_Pages/TaxInfo_Page/input_FederalEIN_ReEnter-2' is visible

2023-09-09 20:30:19 - [MESSAGE][PASSED] - Object 'Object Repository/RAD_Pages/TaxInfo_Page/input_FederalEIN_ReEnter-2' is visible

2023-09-09 20:30:19 - [TEST_STEP][PASSED] - verifyElementNotVisible(findTestObject(orPath_TaxInfo + "/input_NoticeInvoiceNumber")): Object 'Object Repository/RAD_Pages/TaxInfo_Page/input_NoticeInvoiceNumber' is NOT visible

2023-09-09 20:30:20 - [MESSAGE][PASSED] - Object 'Object Repository/RAD_Pages/TaxInfo_Page/input_NoticeInvoiceNumber' is NOT visible

2023-09-09 20:30:20 - [TEST_STEP][PASSED] - verifyElementNotVisible(findTestObject(orPath_TaxInfo + "/input_reTypeNoticeInvoiceNumber")): Object 'Object Repository/RAD_Pages/TaxInfo_Page/input_reTypeNoticeInvoiceNumber' is NOT visible

2023-09-09 20:30:20 - [MESSAGE][PASSED] - Object 'Object Repository/RAD_Pages/TaxInfo_Page/input_reTypeNoticeInvoiceNumber' is NOT visible

2023-09-09 20:30:20 - [TEST_STEP][PASSED] - verifyElementNotVisible(findTestObject(orPath_TaxInfo + "/input_MDCRegistrationEL")): Object 'Object Repository/RAD_Pages/TaxInfo_Page/input_MDCRegistrationEL' is NOT visible

2023-09-09 20:30:20 - [MESSAGE][PASSED] - Object 'Object Repository/RAD_Pages/TaxInfo_Page/input_MDCRegistrationEL' is NOT visible

2023-09-09 20:30:20 - [TEST_STEP][PASSED] - verifyElementNotVisible(findTestObject(orPath_FilingStatus + "/input_userType_Individual")): Object 'Object Repository/RAD_Pages/FilingStatus_Page/input_userType_Individual' is NOT visible

2023-09-09 20:30:21 - [MESSAGE][PASSED] - Object 'Object Repository/RAD_Pages/FilingStatus_Page/input_userType_Individual' is NOT visible

2023-09-09 20:30:21 - [TEST_STEP][PASSED] - verifyElementNotVisible(findTestObject(orPath_FilingStatus + "/input_userType_Joint")): Object 'Object Repository/RAD_Pages/FilingStatus_Page/input_userType_Joint' is NOT visible

2023-09-09 20:30:21 - [MESSAGE][PASSED] - Object 'Object Repository/RAD_Pages/FilingStatus_Page/input_userType_Joint' is NOT visible

2023-09-09 20:30:21 - [TEST_STEP][PASSED] - verifyTextPresent("Payment Amount", true): Text 'Payment Amount' is present on page  using regular expression

2023-09-09 20:30:21 - [MESSAGE][PASSED] - Text 'Payment Amount' is present on page  using regular expression

2023-09-09 20:30:21 - [TEST_STEP][PASSED] - verifyElementPresent(findTestObject(orPath_Amount + "/input__paymentAmount"), 30): Object 'Object Repository/RAD_Pages/PaymentAmount_Page/input__paymentAmount' is present

2023-09-09 20:30:22 - [MESSAGE][PASSED] - Object 'Object Repository/RAD_Pages/PaymentAmount_Page/input__paymentAmount' is present

2023-09-09 20:30:22 - [TEST_STEP][PASSED] - verifyElementVisible(findTestObject(orPath_Amount + "/input__paymentAmount")): Object 'Object Repository/RAD_Pages/PaymentAmount_Page/input__paymentAmount' is visible

2023-09-09 20:30:22 - [MESSAGE][PASSED] - Object 'Object Repository/RAD_Pages/PaymentAmount_Page/input__paymentAmount' is visible

2023-09-09 20:30:22 - [TEST_STEP][PASSED] - verifyTextPresent("Service Fee: This electronic government service includes a service/convenience fee. Click here for details", true): Text 'Service Fee: This electronic government service includes a service/convenience fee. Click here for details' is present on page  using regular expression

2023-09-09 20:30:22 - [MESSAGE][PASSED] - Text 'Service Fee: This electronic government service includes a service/convenience fee. Click here for details' is present on page  using regular expression

2023-09-09 20:30:22 - [TEST_STEP][PASSED] - verifyElementPresent(findTestObject(orPath_Amount + "/a_Click here for details"), 30): Object 'Object Repository/RAD_Pages/PaymentAmount_Page/a_Click here for details' is present

2023-09-09 20:30:23 - [MESSAGE][PASSED] - Object 'Object Repository/RAD_Pages/PaymentAmount_Page/a_Click here for details' is present

2023-09-09 20:30:23 - [TEST_STEP][PASSED] - verifyElementPresent(findTestObject(orPath_Landing + "/button_Continue"), 30): Object 'Object Repository/RAD_Pages/Landing_Page/button_Continue' is present

2023-09-09 20:30:23 - [MESSAGE][PASSED] - Object 'Object Repository/RAD_Pages/Landing_Page/button_Continue' is present]]></system-out>
         <system-err><![CDATA[]]></system-err>
      </testcase>
      <testcase name="Test Cases/RAD_TestCases/UI_TestCases/New Liability/NewLiability_PersonalIncomeTax_UI_TC" time="43.299" classname="Test Cases/RAD_TestCases/UI_TestCases/New Liability/NewLiability_PersonalIncomeTax_UI_TC" status="FAILED">
         <failure type="FAILED" message="Test Cases/RAD_TestCases/UI_TestCases/New Liability/NewLiability_PersonalIncomeTax_UI_TC FAILED.
Reason:
com.kms.katalon.core.exception.StepFailedException: Text 'Tax Information' is not present on page  using regular expression (Root cause: com.kms.katalon.core.exception.StepFailedException: Text 'Tax Information' is not present on page  using regular expression
	at com.kms.katalon.core.webui.keyword.internal.WebUIKeywordMain.stepFailed(WebUIKeywordMain.groovy:64)
	at com.kms.katalon.core.webui.keyword.builtin.VerifyTextPresentKeyword$_verifyTextPresent_closure1.doCall(VerifyTextPresentKeyword.groovy:79)
	at com.kms.katalon.core.webui.keyword.builtin.VerifyTextPresentKeyword$_verifyTextPresent_closure1.call(VerifyTextPresentKeyword.groovy)
	at com.kms.katalon.core.webui.keyword.internal.WebUIKeywordMain.runKeyword(WebUIKeywordMain.groovy:20)
	at com.kms.katalon.core.webui.keyword.builtin.VerifyTextPresentKeyword.verifyTextPresent(VerifyTextPresentKeyword.groovy:83)
	at com.kms.katalon.core.webui.keyword.builtin.VerifyTextPresentKeyword.execute(VerifyTextPresentKeyword.groovy:68)
	at com.kms.katalon.core.keyword.internal.KeywordExecutor.executeKeywordForPlatform(KeywordExecutor.groovy:74)
	at com.kms.katalon.core.webui.keyword.WebUiBuiltInKeywords.verifyTextPresent(WebUiBuiltInKeywords.groovy:1723)
	at com.kms.katalon.core.webui.keyword.WebUiBuiltInKeywords$verifyTextPresent$3.call(Unknown Source)
	at NewLiability_PersonalIncomeTax_UI_TC.run(NewLiability_PersonalIncomeTax_UI_TC:184)
	at com.kms.katalon.core.main.ScriptEngine.run(ScriptEngine.java:194)
	at com.kms.katalon.core.main.ScriptEngine.runScriptAsRawText(ScriptEngine.java:119)
	at com.kms.katalon.core.main.TestCaseExecutor.runScript(TestCaseExecutor.java:448)
	at com.kms.katalon.core.main.TestCaseExecutor.doExecute(TestCaseExecutor.java:439)
	at com.kms.katalon.core.main.TestCaseExecutor.processExecutionPhase(TestCaseExecutor.java:418)
	at com.kms.katalon.core.main.TestCaseExecutor.accessMainPhase(TestCaseExecutor.java:410)
	at com.kms.katalon.core.main.TestCaseExecutor.execute(TestCaseExecutor.java:285)
	at com.kms.katalon.core.common.CommonExecutor.accessTestCaseMainPhase(CommonExecutor.java:65)
	at com.kms.katalon.core.main.TestSuiteExecutor.accessTestSuiteMainPhase(TestSuiteExecutor.java:148)
	at com.kms.katalon.core.main.TestSuiteExecutor.execute(TestSuiteExecutor.java:106)
	at com.kms.katalon.core.main.TestCaseMain.startTestSuite(TestCaseMain.java:187)
	at com.kms.katalon.core.main.TestCaseMain$startTestSuite$0.call(Unknown Source)
	at TempTestSuite1694305095893.run(TempTestSuite1694305095893.groovy:36)
)
	at com.kms.katalon.core.keyword.internal.KeywordMain.stepFailed(KeywordMain.groovy:39)
	at com.kms.katalon.core.webui.keyword.internal.WebUIKeywordMain.stepFailed(WebUIKeywordMain.groovy:64)
	at com.kms.katalon.core.webui.keyword.builtin.VerifyTextPresentKeyword$_verifyTextPresent_closure1.doCall(VerifyTextPresentKeyword.groovy:79)
	at com.kms.katalon.core.webui.keyword.builtin.VerifyTextPresentKeyword$_verifyTextPresent_closure1.call(VerifyTextPresentKeyword.groovy)
	at com.kms.katalon.core.webui.keyword.internal.WebUIKeywordMain.runKeyword(WebUIKeywordMain.groovy:20)
	at com.kms.katalon.core.webui.keyword.builtin.VerifyTextPresentKeyword.verifyTextPresent(VerifyTextPresentKeyword.groovy:83)
	at com.kms.katalon.core.webui.keyword.builtin.VerifyTextPresentKeyword.execute(VerifyTextPresentKeyword.groovy:68)
	at com.kms.katalon.core.keyword.internal.KeywordExecutor.executeKeywordForPlatform(KeywordExecutor.groovy:74)
	at com.kms.katalon.core.webui.keyword.WebUiBuiltInKeywords.verifyTextPresent(WebUiBuiltInKeywords.groovy:1723)
	at com.kms.katalon.core.webui.keyword.WebUiBuiltInKeywords$verifyTextPresent$3.call(Unknown Source)
	at NewLiability_PersonalIncomeTax_UI_TC.run(NewLiability_PersonalIncomeTax_UI_TC:184)
	at com.kms.katalon.core.main.ScriptEngine.run(ScriptEngine.java:194)
	at com.kms.katalon.core.main.ScriptEngine.runScriptAsRawText(ScriptEngine.java:119)
	at com.kms.katalon.core.main.TestCaseExecutor.runScript(TestCaseExecutor.java:448)
	at com.kms.katalon.core.main.TestCaseExecutor.doExecute(TestCaseExecutor.java:439)
	at com.kms.katalon.core.main.TestCaseExecutor.processExecutionPhase(TestCaseExecutor.java:418)
	at com.kms.katalon.core.main.TestCaseExecutor.accessMainPhase(TestCaseExecutor.java:410)
	at com.kms.katalon.core.main.TestCaseExecutor.execute(TestCaseExecutor.java:285)
	at com.kms.katalon.core.common.CommonExecutor.accessTestCaseMainPhase(CommonExecutor.java:65)
	at com.kms.katalon.core.main.TestSuiteExecutor.accessTestSuiteMainPhase(TestSuiteExecutor.java:148)
	at com.kms.katalon.core.main.TestSuiteExecutor.execute(TestSuiteExecutor.java:106)
	at com.kms.katalon.core.main.TestCaseMain.startTestSuite(TestCaseMain.java:187)
	at com.kms.katalon.core.main.TestCaseMain$startTestSuite$0.call(Unknown Source)
	at TempTestSuite1694305095893.run(TempTestSuite1694305095893.groovy:36)
Caused by: com.kms.katalon.core.exception.StepFailedException: Text 'Tax Information' is not present on page  using regular expression
	... 23 more
"/>
         <system-out><![CDATA[2023-09-09 20:30:23 - [TEST_CASE][FAILED] - Test Cases/RAD_TestCases/UI_TestCases/New Liability/NewLiability_PersonalIncomeTax_UI_TC: Test Cases/RAD_TestCases/UI_TestCases/New Liability/NewLiability_PersonalIncomeTax_UI_TC FAILED.
Reason:
com.kms.katalon.core.exception.StepFailedException: Text 'Tax Information' is not present on page  using regular expression (Root cause: com.kms.katalon.core.exception.StepFailedException: Text 'Tax Information' is not present on page  using regular expression
	at com.kms.katalon.core.webui.keyword.internal.WebUIKeywordMain.stepFailed(WebUIKeywordMain.groovy:64)
	at com.kms.katalon.core.webui.keyword.builtin.VerifyTextPresentKeyword$_verifyTextPresent_closure1.doCall(VerifyTextPresentKeyword.groovy:79)
	at com.kms.katalon.core.webui.keyword.builtin.VerifyTextPresentKeyword$_verifyTextPresent_closure1.call(VerifyTextPresentKeyword.groovy)
	at com.kms.katalon.core.webui.keyword.internal.WebUIKeywordMain.runKeyword(WebUIKeywordMain.groovy:20)
	at com.kms.katalon.core.webui.keyword.builtin.VerifyTextPresentKeyword.verifyTextPresent(VerifyTextPresentKeyword.groovy:83)
	at com.kms.katalon.core.webui.keyword.builtin.VerifyTextPresentKeyword.execute(VerifyTextPresentKeyword.groovy:68)
	at com.kms.katalon.core.keyword.internal.KeywordExecutor.executeKeywordForPlatform(KeywordExecutor.groovy:74)
	at com.kms.katalon.core.webui.keyword.WebUiBuiltInKeywords.verifyTextPresent(WebUiBuiltInKeywords.groovy:1723)
	at com.kms.katalon.core.webui.keyword.WebUiBuiltInKeywords$verifyTextPresent$3.call(Unknown Source)
	at NewLiability_PersonalIncomeTax_UI_TC.run(NewLiability_PersonalIncomeTax_UI_TC:184)
	at com.kms.katalon.core.main.ScriptEngine.run(ScriptEngine.java:194)
	at com.kms.katalon.core.main.ScriptEngine.runScriptAsRawText(ScriptEngine.java:119)
	at com.kms.katalon.core.main.TestCaseExecutor.runScript(TestCaseExecutor.java:448)
	at com.kms.katalon.core.main.TestCaseExecutor.doExecute(TestCaseExecutor.java:439)
	at com.kms.katalon.core.main.TestCaseExecutor.processExecutionPhase(TestCaseExecutor.java:418)
	at com.kms.katalon.core.main.TestCaseExecutor.accessMainPhase(TestCaseExecutor.java:410)
	at com.kms.katalon.core.main.TestCaseExecutor.execute(TestCaseExecutor.java:285)
	at com.kms.katalon.core.common.CommonExecutor.accessTestCaseMainPhase(CommonExecutor.java:65)
	at com.kms.katalon.core.main.TestSuiteExecutor.accessTestSuiteMainPhase(TestSuiteExecutor.java:148)
	at com.kms.katalon.core.main.TestSuiteExecutor.execute(TestSuiteExecutor.java:106)
	at com.kms.katalon.core.main.TestCaseMain.startTestSuite(TestCaseMain.java:187)
	at com.kms.katalon.core.main.TestCaseMain$startTestSuite$0.call(Unknown Source)
	at TempTestSuite1694305095893.run(TempTestSuite1694305095893.groovy:36)
)
	at com.kms.katalon.core.keyword.internal.KeywordMain.stepFailed(KeywordMain.groovy:39)
	at com.kms.katalon.core.webui.keyword.internal.WebUIKeywordMain.stepFailed(WebUIKeywordMain.groovy:64)
	at com.kms.katalon.core.webui.keyword.builtin.VerifyTextPresentKeyword$_verifyTextPresent_closure1.doCall(VerifyTextPresentKeyword.groovy:79)
	at com.kms.katalon.core.webui.keyword.builtin.VerifyTextPresentKeyword$_verifyTextPresent_closure1.call(VerifyTextPresentKeyword.groovy)
	at com.kms.katalon.core.webui.keyword.internal.WebUIKeywordMain.runKeyword(WebUIKeywordMain.groovy:20)
	at com.kms.katalon.core.webui.keyword.builtin.VerifyTextPresentKeyword.verifyTextPresent(VerifyTextPresentKeyword.groovy:83)
	at com.kms.katalon.core.webui.keyword.builtin.VerifyTextPresentKeyword.execute(VerifyTextPresentKeyword.groovy:68)
	at com.kms.katalon.core.keyword.internal.KeywordExecutor.executeKeywordForPlatform(KeywordExecutor.groovy:74)
	at com.kms.katalon.core.webui.keyword.WebUiBuiltInKeywords.verifyTextPresent(WebUiBuiltInKeywords.groovy:1723)
	at com.kms.katalon.core.webui.keyword.WebUiBuiltInKeywords$verifyTextPresent$3.call(Unknown Source)
	at NewLiability_PersonalIncomeTax_UI_TC.run(NewLiability_PersonalIncomeTax_UI_TC:184)
	at com.kms.katalon.core.main.ScriptEngine.run(ScriptEngine.java:194)
	at com.kms.katalon.core.main.ScriptEngine.runScriptAsRawText(ScriptEngine.java:119)
	at com.kms.katalon.core.main.TestCaseExecutor.runScript(TestCaseExecutor.java:448)
	at com.kms.katalon.core.main.TestCaseExecutor.doExecute(TestCaseExecutor.java:439)
	at com.kms.katalon.core.main.TestCaseExecutor.processExecutionPhase(TestCaseExecutor.java:418)
	at com.kms.katalon.core.main.TestCaseExecutor.accessMainPhase(TestCaseExecutor.java:410)
	at com.kms.katalon.core.main.TestCaseExecutor.execute(TestCaseExecutor.java:285)
	at com.kms.katalon.core.common.CommonExecutor.accessTestCaseMainPhase(CommonExecutor.java:65)
	at com.kms.katalon.core.main.TestSuiteExecutor.accessTestSuiteMainPhase(TestSuiteExecutor.java:148)
	at com.kms.katalon.core.main.TestSuiteExecutor.execute(TestSuiteExecutor.java:106)
	at com.kms.katalon.core.main.TestCaseMain.startTestSuite(TestCaseMain.java:187)
	at com.kms.katalon.core.main.TestCaseMain$startTestSuite$0.call(Unknown Source)
	at TempTestSuite1694305095893.run(TempTestSuite1694305095893.groovy:36)
Caused by: com.kms.katalon.core.exception.StepFailedException: Text 'Tax Information' is not present on page  using regular expression
	... 23 more


2023-09-09 20:30:23 - [TEST_STEP][PASSED] - openBrowser(""): Browser is opened with url: ''

2023-09-09 20:30:23 - [MESSAGE][WARNING] - A browser is already opened. Closing browser and opening a new one

2023-09-09 20:30:24 - [MESSAGE][INFO] - Starting 'Chrome' driver

2023-09-09 20:30:24 - [MESSAGE][INFO] - User set preference: ['acceptInsecureCerts', 'true']

2023-09-09 20:30:24 - [MESSAGE][INFO] - Action delay is set to 0 milliseconds

2023-09-09 20:30:26 - [MESSAGE][PASSED] - Browser is opened with url: ''

2023-09-09 20:30:26 - [TEST_STEP][PASSED] - maximizeWindow(): Current window maximized

2023-09-09 20:30:26 - [MESSAGE][PASSED] - Current window maximized

2023-09-09 20:30:26 - [TEST_STEP][PASSED] - navigateToUrl(RADurl): Navigate to 'https://qa2.velocitypayment.com/client/rad/index.html' successfully

2023-09-09 20:30:27 - [MESSAGE][PASSED] - Navigate to 'https://qa2.velocitypayment.com/client/rad/index.html' successfully

2023-09-09 20:30:27 - [TEST_STEP][PASSED] - orPath_Landing = "Object Repository/RAD_Pages/Landing_Page": null

2023-09-09 20:30:27 - [TEST_STEP][PASSED] - orPath_TaxTypeFilingYear = "Object Repository/RAD_Pages/TaxTypeFilingYear_Page": null

2023-09-09 20:30:27 - [TEST_STEP][PASSED] - orPath_TaxPayer = "Object Repository/RAD_Pages/Taxpayer_Page": null

2023-09-09 20:30:27 - [TEST_STEP][PASSED] - orPath_AddressContact = "Object Repository/RAD_Pages/AddressAndContactInfo_Page": null

2023-09-09 20:30:27 - [TEST_STEP][PASSED] - orPath_FilingStatus = "Object Repository/RAD_Pages/FilingStatus_Page": null

2023-09-09 20:30:27 - [TEST_STEP][PASSED] - orPath_Amount = "Object Repository/RAD_Pages/PaymentAmount_Page": null

2023-09-09 20:30:27 - [TEST_STEP][PASSED] - orPath_TaxInfo = "Object Repository/RAD_Pages/TaxInfo_Page": null

2023-09-09 20:30:27 - [TEST_STEP][PASSED] - selectOptionByLabel(findTestObject(orPath_Landing + "/dd_TaxType"), "New Tax Return Amount Due", false): All options with label 'New Tax Return Amount Due' are selected in object 'Object Repository/RAD_Pages/Landing_Page/dd_TaxType' 

2023-09-09 20:30:28 - [MESSAGE][PASSED] - All options with label 'New Tax Return Amount Due' are selected in object 'Object Repository/RAD_Pages/Landing_Page/dd_TaxType' 

2023-09-09 20:30:28 - [TEST_STEP][PASSED] - selectOptionByLabel(findTestObject("Object Repository/RAD_Pages/Landing_Page/select_NewTaxReturnAmountDue_TaxType"), "Personal Income Tax", false): All options with label 'Personal Income Tax' are selected in object 'Object Repository/RAD_Pages/Landing_Page/select_NewTaxReturnAmountDue_TaxType' 

2023-09-09 20:30:29 - [MESSAGE][PASSED] - All options with label 'Personal Income Tax' are selected in object 'Object Repository/RAD_Pages/Landing_Page/select_NewTaxReturnAmountDue_TaxType' 

2023-09-09 20:30:29 - [TEST_STEP][PASSED] - verifyElementPresent(findTestObject(orPath_TaxTypeFilingYear + "/select_FilingYear"), 30): Object 'Object Repository/RAD_Pages/TaxTypeFilingYear_Page/select_FilingYear' is present

2023-09-09 20:30:29 - [MESSAGE][PASSED] - Object 'Object Repository/RAD_Pages/TaxTypeFilingYear_Page/select_FilingYear' is present

2023-09-09 20:30:29 - [TEST_STEP][PASSED] - totalOptionsFilingYear = getNumberOfTotalOption(findTestObject(orPath_TaxTypeFilingYear + "/select_FilingYear")): 4 options of object 'Object Repository/RAD_Pages/TaxTypeFilingYear_Page/select_FilingYear' counted

2023-09-09 20:30:30 - [MESSAGE][PASSED] - 4 options of object 'Object Repository/RAD_Pages/TaxTypeFilingYear_Page/select_FilingYear' counted

2023-09-09 20:30:30 - [TEST_STEP][PASSED] - verifyEqual(totalOptionsFilingYear, 4): Actual object '4' and expected object '4' are equal

2023-09-09 20:30:30 - [MESSAGE][PASSED] - Actual object '4' and expected object '4' are equal

2023-09-09 20:30:30 - [TEST_STEP][PASSED] - verifyOptionsPresent(findTestObject(orPath_TaxTypeFilingYear + "/select_FilingYear"), ["2020", "2021", "2022"]): Options [2020, 2021, 2022] present.

2023-09-09 20:30:31 - [MESSAGE][PASSED] - Options [2020, 2021, 2022] present.

2023-09-09 20:30:31 - [TEST_STEP][PASSED] - verifyElementNotVisible(findTestObject(orPath_TaxTypeFilingYear + "/select_PeriodEnding")): Object 'Object Repository/RAD_Pages/TaxTypeFilingYear_Page/select_PeriodEnding' is NOT visible

2023-09-09 20:30:31 - [MESSAGE][PASSED] - Object 'Object Repository/RAD_Pages/TaxTypeFilingYear_Page/select_PeriodEnding' is NOT visible

2023-09-09 20:30:31 - [TEST_STEP][PASSED] - verifyTextPresent("Payment Type/Filing Year", true): Text 'Payment Type/Filing Year' is present on page  using regular expression

2023-09-09 20:30:32 - [MESSAGE][PASSED] - Text 'Payment Type/Filing Year' is present on page  using regular expression

2023-09-09 20:30:32 - [TEST_STEP][PASSED] - verifyTextPresent("Taxpayer", true): Text 'Taxpayer' is present on page  using regular expression

2023-09-09 20:30:32 - [MESSAGE][PASSED] - Text 'Taxpayer' is present on page  using regular expression

2023-09-09 20:30:32 - [TEST_STEP][PASSED] - verifyTextPresent("Provide the following taxpayer information", true): Text 'Provide the following taxpayer information' is present on page  using regular expression

2023-09-09 20:30:32 - [MESSAGE][PASSED] - Text 'Provide the following taxpayer information' is present on page  using regular expression

2023-09-09 20:30:32 - [TEST_STEP][PASSED] - verifyTextPresent("Note: If you are paying on behalf of the Taxpayer, enter Taxpayer", true): Text 'Note: If you are paying on behalf of the Taxpayer, enter Taxpayer' is present on page  using regular expression

2023-09-09 20:30:33 - [MESSAGE][PASSED] - Text 'Note: If you are paying on behalf of the Taxpayer, enter Taxpayer' is present on page  using regular expression

2023-09-09 20:30:33 - [TEST_STEP][PASSED] - verifyTextPresent("information here. If you are making a payment for the Taxpayer, you will be required later to enter your own credit card, billing address and other pertinent information", true): Text 'information here. If you are making a payment for the Taxpayer, you will be required later to enter your own credit card, billing address and other pertinent information' is present on page  using regular expression

2023-09-09 20:30:33 - [MESSAGE][PASSED] - Text 'information here. If you are making a payment for the Taxpayer, you will be required later to enter your own credit card, billing address and other pertinent information' is present on page  using regular expression

2023-09-09 20:30:33 - [TEST_STEP][PASSED] - verifyTextPresent("Address and Contact Information", true): Text 'Address and Contact Information' is present on page  using regular expression

2023-09-09 20:30:34 - [MESSAGE][PASSED] - Text 'Address and Contact Information' is present on page  using regular expression

2023-09-09 20:30:34 - [TEST_STEP][PASSED] - verifyTextPresent("Enter the taxpayer", true): Text 'Enter the taxpayer' is present on page  using regular expression

2023-09-09 20:30:34 - [MESSAGE][PASSED] - Text 'Enter the taxpayer' is present on page  using regular expression

2023-09-09 20:30:34 - [TEST_STEP][PASSED] - verifyTextPresent("address and contact information", true): Text 'address and contact information' is present on page  using regular expression

2023-09-09 20:30:34 - [MESSAGE][PASSED] - Text 'address and contact information' is present on page  using regular expression

2023-09-09 20:30:34 - [TEST_STEP][PASSED] - verifyTextPresent("Filing Status", true): Text 'Filing Status' is present on page  using regular expression

2023-09-09 20:30:35 - [MESSAGE][PASSED] - Text 'Filing Status' is present on page  using regular expression

2023-09-09 20:30:35 - [TEST_STEP][PASSED] - verifyTextPresent("Is this an Individual or Joint Filing?", true): Text 'Is this an Individual or Joint Filing?' is present on page  using regular expression

2023-09-09 20:30:35 - [MESSAGE][PASSED] - Text 'Is this an Individual or Joint Filing?' is present on page  using regular expression

2023-09-09 20:30:35 - [TEST_STEP][PASSED] - verifyTextPresent("Filing type", true): Text 'Filing type' is present on page  using regular expression

2023-09-09 20:30:35 - [MESSAGE][PASSED] - Text 'Filing type' is present on page  using regular expression

2023-09-09 20:30:35 - [TEST_STEP][PASSED] - verifyTextPresent("Individual Filing", true): Text 'Individual Filing' is present on page  using regular expression

2023-09-09 20:30:36 - [MESSAGE][PASSED] - Text 'Individual Filing' is present on page  using regular expression

2023-09-09 20:30:36 - [TEST_STEP][PASSED] - verifyTextPresent("Joint Filing", true): Text 'Joint Filing' is present on page  using regular expression

2023-09-09 20:30:36 - [MESSAGE][PASSED] - Text 'Joint Filing' is present on page  using regular expression

2023-09-09 20:30:36 - [TEST_STEP][PASSED] - verifyTextPresent("Payment Amount", true): Text 'Payment Amount' is present on page  using regular expression

2023-09-09 20:30:37 - [MESSAGE][PASSED] - Text 'Payment Amount' is present on page  using regular expression

2023-09-09 20:30:37 - [TEST_STEP][PASSED] - verifyTextPresent("Service Fee: This electronic government service includes a service/convenience fee. Click here for details", true): Text 'Service Fee: This electronic government service includes a service/convenience fee. Click here for details' is present on page  using regular expression

2023-09-09 20:30:37 - [MESSAGE][PASSED] - Text 'Service Fee: This electronic government service includes a service/convenience fee. Click here for details' is present on page  using regular expression

2023-09-09 20:30:37 - [TEST_STEP][PASSED] - verifyElementPresent(findTestObject(orPath_Amount + "/a_Click here for details"), 30): Object 'Object Repository/RAD_Pages/PaymentAmount_Page/a_Click here for details' is present

2023-09-09 20:30:37 - [MESSAGE][PASSED] - Object 'Object Repository/RAD_Pages/PaymentAmount_Page/a_Click here for details' is present

2023-09-09 20:30:37 - [TEST_STEP][PASSED] - verifyElementPresent(findTestObject(orPath_Landing + "/button_Continue"), 30): Object 'Object Repository/RAD_Pages/Landing_Page/button_Continue' is present

2023-09-09 20:30:38 - [MESSAGE][PASSED] - Object 'Object Repository/RAD_Pages/Landing_Page/button_Continue' is present

2023-09-09 20:30:38 - [TEST_STEP][PASSED] - verifyElementPresent(findTestObject(orPath_TaxPayer + "/input_firstName"), 30): Object 'Object Repository/RAD_Pages/Taxpayer_Page/input_firstName' is present

2023-09-09 20:30:38 - [MESSAGE][PASSED] - Object 'Object Repository/RAD_Pages/Taxpayer_Page/input_firstName' is present

2023-09-09 20:30:38 - [TEST_STEP][PASSED] - verifyElementPresent(findTestObject(orPath_TaxPayer + "/input_middleName"), 30): Object 'Object Repository/RAD_Pages/Taxpayer_Page/input_middleName' is present

2023-09-09 20:30:38 - [MESSAGE][PASSED] - Object 'Object Repository/RAD_Pages/Taxpayer_Page/input_middleName' is present

2023-09-09 20:30:38 - [TEST_STEP][PASSED] - verifyElementPresent(findTestObject(orPath_TaxPayer + "/input_lastName"), 30): Object 'Object Repository/RAD_Pages/Taxpayer_Page/input_lastName' is present

2023-09-09 20:30:39 - [MESSAGE][PASSED] - Object 'Object Repository/RAD_Pages/Taxpayer_Page/input_lastName' is present

2023-09-09 20:30:39 - [TEST_STEP][PASSED] - verifyElementPresent(findTestObject(orPath_TaxPayer + "/input_suffix"), 30): Object 'Object Repository/RAD_Pages/Taxpayer_Page/input_suffix' is present

2023-09-09 20:30:39 - [MESSAGE][PASSED] - Object 'Object Repository/RAD_Pages/Taxpayer_Page/input_suffix' is present

2023-09-09 20:30:39 - [TEST_STEP][PASSED] - verifyElementPresent(findTestObject("RAD_RecordAndPlay/input_concatSSN"), 30): Object 'Object Repository/RAD_RecordAndPlay/input_concatSSN' is present

2023-09-09 20:30:40 - [MESSAGE][PASSED] - Object 'Object Repository/RAD_RecordAndPlay/input_concatSSN' is present

2023-09-09 20:30:40 - [TEST_STEP][PASSED] - verifyElementPresent(findTestObject("RAD_RecordAndPlay/input_concatReSSN"), 30): Object 'Object Repository/RAD_RecordAndPlay/input_concatReSSN' is present

2023-09-09 20:30:40 - [MESSAGE][PASSED] - Object 'Object Repository/RAD_RecordAndPlay/input_concatReSSN' is present

2023-09-09 20:30:40 - [TEST_STEP][PASSED] - verifyElementPresent(findTestObject(orPath_AddressContact + "/select_Country"), 30): Object 'Object Repository/RAD_Pages/AddressAndContactInfo_Page/select_Country' is present

2023-09-09 20:30:41 - [MESSAGE][PASSED] - Object 'Object Repository/RAD_Pages/AddressAndContactInfo_Page/select_Country' is present

2023-09-09 20:30:41 - [TEST_STEP][PASSED] - verifyElementPresent(findTestObject(orPath_AddressContact + "/input_streetAddress1"), 30): Object 'Object Repository/RAD_Pages/AddressAndContactInfo_Page/input_streetAddress1' is present

2023-09-09 20:30:41 - [MESSAGE][PASSED] - Object 'Object Repository/RAD_Pages/AddressAndContactInfo_Page/input_streetAddress1' is present

2023-09-09 20:30:41 - [TEST_STEP][PASSED] - verifyElementPresent(findTestObject(orPath_AddressContact + "/input_streetAddress2"), 30): Object 'Object Repository/RAD_Pages/AddressAndContactInfo_Page/input_streetAddress2' is present

2023-09-09 20:30:41 - [MESSAGE][PASSED] - Object 'Object Repository/RAD_Pages/AddressAndContactInfo_Page/input_streetAddress2' is present

2023-09-09 20:30:41 - [TEST_STEP][PASSED] - verifyElementPresent(findTestObject(orPath_AddressContact + "/input_city"), 30): Object 'Object Repository/RAD_Pages/AddressAndContactInfo_Page/input_city' is present

2023-09-09 20:30:42 - [MESSAGE][PASSED] - Object 'Object Repository/RAD_Pages/AddressAndContactInfo_Page/input_city' is present

2023-09-09 20:30:42 - [TEST_STEP][PASSED] - verifyElementPresent(findTestObject(orPath_AddressContact + "/select_State"), 30): Object 'Object Repository/RAD_Pages/AddressAndContactInfo_Page/select_State' is present

2023-09-09 20:30:42 - [MESSAGE][PASSED] - Object 'Object Repository/RAD_Pages/AddressAndContactInfo_Page/select_State' is present

2023-09-09 20:30:42 - [TEST_STEP][PASSED] - verifyElementPresent(findTestObject(orPath_AddressContact + "/input_zipCode"), 30): Object 'Object Repository/RAD_Pages/AddressAndContactInfo_Page/input_zipCode' is present

2023-09-09 20:30:42 - [MESSAGE][PASSED] - Object 'Object Repository/RAD_Pages/AddressAndContactInfo_Page/input_zipCode' is present

2023-09-09 20:30:42 - [TEST_STEP][PASSED] - verifyElementPresent(findTestObject(orPath_AddressContact + "/input_phoneNumber"), 30): Object 'Object Repository/RAD_Pages/AddressAndContactInfo_Page/input_phoneNumber' is present

2023-09-09 20:30:42 - [MESSAGE][PASSED] - Object 'Object Repository/RAD_Pages/AddressAndContactInfo_Page/input_phoneNumber' is present

2023-09-09 20:30:42 - [TEST_STEP][PASSED] - verifyElementPresent(findTestObject(orPath_AddressContact + "/input_eMailAddress"), 30): Object 'Object Repository/RAD_Pages/AddressAndContactInfo_Page/input_eMailAddress' is present

2023-09-09 20:30:43 - [MESSAGE][PASSED] - Object 'Object Repository/RAD_Pages/AddressAndContactInfo_Page/input_eMailAddress' is present

2023-09-09 20:30:43 - [TEST_STEP][PASSED] - verifyElementPresent(findTestObject(orPath_AddressContact + "/input_reEnterEMailAddress"), 30): Object 'Object Repository/RAD_Pages/AddressAndContactInfo_Page/input_reEnterEMailAddress' is present

2023-09-09 20:30:43 - [MESSAGE][PASSED] - Object 'Object Repository/RAD_Pages/AddressAndContactInfo_Page/input_reEnterEMailAddress' is present

2023-09-09 20:30:43 - [TEST_STEP][PASSED] - verifyOptionsPresent(findTestObject(orPath_AddressContact + "/select_Country"), ["United States"]): Options [United States] present.

2023-09-09 20:30:44 - [MESSAGE][PASSED] - Options [United States] present.

2023-09-09 20:30:44 - [TEST_STEP][PASSED] - verifyOptionsPresent(findTestObject(orPath_AddressContact + "/select_State"), ["Alabama", "District of Columbia", "Maryland", "Virginia", "Wyoming"]): Options [Alabama, District of Columbia, Maryland, Virginia, Wyoming] present.

2023-09-09 20:30:45 - [MESSAGE][PASSED] - Options [Alabama, District of Columbia, Maryland, Virginia, Wyoming] present.

2023-09-09 20:30:45 - [TEST_STEP][PASSED] - totalOptionsState = getNumberOfTotalOption(findTestObject(orPath_AddressContact + "/select_State")): 52 options of object 'Object Repository/RAD_Pages/AddressAndContactInfo_Page/select_State' counted

2023-09-09 20:30:45 - [MESSAGE][PASSED] - 52 options of object 'Object Repository/RAD_Pages/AddressAndContactInfo_Page/select_State' counted

2023-09-09 20:30:45 - [TEST_STEP][PASSED] - verifyEqual(totalOptionsState, 52): Actual object '52' and expected object '52' are equal

2023-09-09 20:30:45 - [MESSAGE][PASSED] - Actual object '52' and expected object '52' are equal

2023-09-09 20:30:45 - [TEST_STEP][PASSED] - verifyElementNotVisible(findTestObject(orPath_TaxInfo + "/input_NoticeInvoiceNumber")): Object 'Object Repository/RAD_Pages/TaxInfo_Page/input_NoticeInvoiceNumber' is NOT visible

2023-09-09 20:30:46 - [MESSAGE][PASSED] - Object 'Object Repository/RAD_Pages/TaxInfo_Page/input_NoticeInvoiceNumber' is NOT visible

2023-09-09 20:30:46 - [TEST_STEP][PASSED] - verifyElementNotVisible(findTestObject(orPath_TaxInfo + "/input_reTypeNoticeInvoiceNumber")): Object 'Object Repository/RAD_Pages/TaxInfo_Page/input_reTypeNoticeInvoiceNumber' is NOT visible

2023-09-09 20:30:46 - [MESSAGE][PASSED] - Object 'Object Repository/RAD_Pages/TaxInfo_Page/input_reTypeNoticeInvoiceNumber' is NOT visible

2023-09-09 20:30:46 - [TEST_STEP][FAILED] - verifyTextPresent("Tax Information", true): Text 'Tax Information' is not present on page  using regular expression (Root cause: com.kms.katalon.core.exception.StepFailedException: Text 'Tax Information' is not present on page  using regular expression
	at com.kms.katalon.core.webui.keyword.internal.WebUIKeywordMain.stepFailed(WebUIKeywordMain.groovy:64)
	at com.kms.katalon.core.webui.keyword.builtin.VerifyTextPresentKeyword$_verifyTextPresent_closure1.doCall(VerifyTextPresentKeyword.groovy:79)
	at com.kms.katalon.core.webui.keyword.builtin.VerifyTextPresentKeyword$_verifyTextPresent_closure1.call(VerifyTextPresentKeyword.groovy)
	at com.kms.katalon.core.webui.keyword.internal.WebUIKeywordMain.runKeyword(WebUIKeywordMain.groovy:20)
	at com.kms.katalon.core.webui.keyword.builtin.VerifyTextPresentKeyword.verifyTextPresent(VerifyTextPresentKeyword.groovy:83)
	at com.kms.katalon.core.webui.keyword.builtin.VerifyTextPresentKeyword.execute(VerifyTextPresentKeyword.groovy:68)
	at com.kms.katalon.core.keyword.internal.KeywordExecutor.executeKeywordForPlatform(KeywordExecutor.groovy:74)
	at com.kms.katalon.core.webui.keyword.WebUiBuiltInKeywords.verifyTextPresent(WebUiBuiltInKeywords.groovy:1723)
	at com.kms.katalon.core.webui.keyword.WebUiBuiltInKeywords$verifyTextPresent$3.call(Unknown Source)
	at NewLiability_PersonalIncomeTax_UI_TC.run(NewLiability_PersonalIncomeTax_UI_TC:184)
	at com.kms.katalon.core.main.ScriptEngine.run(ScriptEngine.java:194)
	at com.kms.katalon.core.main.ScriptEngine.runScriptAsRawText(ScriptEngine.java:119)
	at com.kms.katalon.core.main.TestCaseExecutor.runScript(TestCaseExecutor.java:448)
	at com.kms.katalon.core.main.TestCaseExecutor.doExecute(TestCaseExecutor.java:439)
	at com.kms.katalon.core.main.TestCaseExecutor.processExecutionPhase(TestCaseExecutor.java:418)
	at com.kms.katalon.core.main.TestCaseExecutor.accessMainPhase(TestCaseExecutor.java:410)
	at com.kms.katalon.core.main.TestCaseExecutor.execute(TestCaseExecutor.java:285)
	at com.kms.katalon.core.common.CommonExecutor.accessTestCaseMainPhase(CommonExecutor.java:65)
	at com.kms.katalon.core.main.TestSuiteExecutor.accessTestSuiteMainPhase(TestSuiteExecutor.java:148)
	at com.kms.katalon.core.main.TestSuiteExecutor.execute(TestSuiteExecutor.java:106)
	at com.kms.katalon.core.main.TestCaseMain.startTestSuite(TestCaseMain.java:187)
	at com.kms.katalon.core.main.TestCaseMain$startTestSuite$0.call(Unknown Source)
	at TempTestSuite1694305095893.run(TempTestSuite1694305095893.groovy:36)
)

2023-09-09 20:30:46 - [MESSAGE][FAILED] - Text 'Tax Information' is not present on page  using regular expression (Root cause: com.kms.katalon.core.exception.StepFailedException: Text 'Tax Information' is not present on page  using regular expression
	at com.kms.katalon.core.webui.keyword.internal.WebUIKeywordMain.stepFailed(WebUIKeywordMain.groovy:64)
	at com.kms.katalon.core.webui.keyword.builtin.VerifyTextPresentKeyword$_verifyTextPresent_closure1.doCall(VerifyTextPresentKeyword.groovy:79)
	at com.kms.katalon.core.webui.keyword.builtin.VerifyTextPresentKeyword$_verifyTextPresent_closure1.call(VerifyTextPresentKeyword.groovy)
	at com.kms.katalon.core.webui.keyword.internal.WebUIKeywordMain.runKeyword(WebUIKeywordMain.groovy:20)
	at com.kms.katalon.core.webui.keyword.builtin.VerifyTextPresentKeyword.verifyTextPresent(VerifyTextPresentKeyword.groovy:83)
	at com.kms.katalon.core.webui.keyword.builtin.VerifyTextPresentKeyword.execute(VerifyTextPresentKeyword.groovy:68)
	at com.kms.katalon.core.keyword.internal.KeywordExecutor.executeKeywordForPlatform(KeywordExecutor.groovy:74)
	at com.kms.katalon.core.webui.keyword.WebUiBuiltInKeywords.verifyTextPresent(WebUiBuiltInKeywords.groovy:1723)
	at com.kms.katalon.core.webui.keyword.WebUiBuiltInKeywords$verifyTextPresent$3.call(Unknown Source)
	at NewLiability_PersonalIncomeTax_UI_TC.run(NewLiability_PersonalIncomeTax_UI_TC:184)
	at com.kms.katalon.core.main.ScriptEngine.run(ScriptEngine.java:194)
	at com.kms.katalon.core.main.ScriptEngine.runScriptAsRawText(ScriptEngine.java:119)
	at com.kms.katalon.core.main.TestCaseExecutor.runScript(TestCaseExecutor.java:448)
	at com.kms.katalon.core.main.TestCaseExecutor.doExecute(TestCaseExecutor.java:439)
	at com.kms.katalon.core.main.TestCaseExecutor.processExecutionPhase(TestCaseExecutor.java:418)
	at com.kms.katalon.core.main.TestCaseExecutor.accessMainPhase(TestCaseExecutor.java:410)
	at com.kms.katalon.core.main.TestCaseExecutor.execute(TestCaseExecutor.java:285)
	at com.kms.katalon.core.common.CommonExecutor.accessTestCaseMainPhase(CommonExecutor.java:65)
	at com.kms.katalon.core.main.TestSuiteExecutor.accessTestSuiteMainPhase(TestSuiteExecutor.java:148)
	at com.kms.katalon.core.main.TestSuiteExecutor.execute(TestSuiteExecutor.java:106)
	at com.kms.katalon.core.main.TestCaseMain.startTestSuite(TestCaseMain.java:187)
	at com.kms.katalon.core.main.TestCaseMain$startTestSuite$0.call(Unknown Source)
	at TempTestSuite1694305095893.run(TempTestSuite1694305095893.groovy:36)
)

2023-09-09 20:30:46 - [TEST_STEP][PASSED] - verifyElementNotVisible(findTestObject(orPath_TaxInfo + "/input_FederalEIN-2")): Object 'Object Repository/RAD_Pages/TaxInfo_Page/input_FederalEIN-2' is NOT visible

2023-09-09 20:30:47 - [MESSAGE][PASSED] - Object 'Object Repository/RAD_Pages/TaxInfo_Page/input_FederalEIN-2' is NOT visible

2023-09-09 20:30:47 - [TEST_STEP][PASSED] - verifyElementNotVisible(findTestObject(orPath_TaxInfo + "/input_FederalEIN_ReEnter-2")): Object 'Object Repository/RAD_Pages/TaxInfo_Page/input_FederalEIN_ReEnter-2' is NOT visible

2023-09-09 20:30:47 - [MESSAGE][PASSED] - Object 'Object Repository/RAD_Pages/TaxInfo_Page/input_FederalEIN_ReEnter-2' is NOT visible

2023-09-09 20:30:47 - [TEST_STEP][PASSED] - verifyElementNotVisible(findTestObject(orPath_TaxInfo + "/input_MDCRegistrationEL")): Object 'Object Repository/RAD_Pages/TaxInfo_Page/input_MDCRegistrationEL' is NOT visible

2023-09-09 20:30:48 - [MESSAGE][PASSED] - Object 'Object Repository/RAD_Pages/TaxInfo_Page/input_MDCRegistrationEL' is NOT visible

2023-09-09 20:30:48 - [TEST_STEP][PASSED] - verifyElementNotVisible(findTestObject(orPath_TaxPayer + "/input_Note_businessName")): Object 'Object Repository/RAD_Pages/Taxpayer_Page/input_Note_businessName' is NOT visible

2023-09-09 20:30:48 - [MESSAGE][PASSED] - Object 'Object Repository/RAD_Pages/Taxpayer_Page/input_Note_businessName' is NOT visible

2023-09-09 20:30:48 - [TEST_STEP][PASSED] - verifyElementPresent(findTestObject(orPath_FilingStatus + "/input_userType_Individual"), 30): Object 'Object Repository/RAD_Pages/FilingStatus_Page/input_userType_Individual' is present

2023-09-09 20:30:48 - [MESSAGE][PASSED] - Object 'Object Repository/RAD_Pages/FilingStatus_Page/input_userType_Individual' is present

2023-09-09 20:30:48 - [TEST_STEP][PASSED] - verifyElementVisible(findTestObject(orPath_FilingStatus + "/input_userType_Individual")): Object 'Object Repository/RAD_Pages/FilingStatus_Page/input_userType_Individual' is visible

2023-09-09 20:30:49 - [MESSAGE][PASSED] - Object 'Object Repository/RAD_Pages/FilingStatus_Page/input_userType_Individual' is visible

2023-09-09 20:30:49 - [TEST_STEP][PASSED] - verifyElementPresent(findTestObject(orPath_FilingStatus + "/input_userType_Joint"), 30): Object 'Object Repository/RAD_Pages/FilingStatus_Page/input_userType_Joint' is present

2023-09-09 20:30:49 - [MESSAGE][PASSED] - Object 'Object Repository/RAD_Pages/FilingStatus_Page/input_userType_Joint' is present

2023-09-09 20:30:49 - [TEST_STEP][PASSED] - verifyElementVisible(findTestObject(orPath_FilingStatus + "/input_userType_Joint")): Object 'Object Repository/RAD_Pages/FilingStatus_Page/input_userType_Joint' is visible

2023-09-09 20:30:49 - [MESSAGE][PASSED] - Object 'Object Repository/RAD_Pages/FilingStatus_Page/input_userType_Joint' is visible

2023-09-09 20:30:49 - [TEST_STEP][PASSED] - verifyElementPresent(findTestObject(orPath_Amount + "/input__paymentAmount"), 30): Object 'Object Repository/RAD_Pages/PaymentAmount_Page/input__paymentAmount' is present

2023-09-09 20:30:50 - [MESSAGE][PASSED] - Object 'Object Repository/RAD_Pages/PaymentAmount_Page/input__paymentAmount' is present

2023-09-09 20:30:50 - [TEST_STEP][PASSED] - delay(10): Delayed 10 second(s)

2023-09-09 20:31:00 - [MESSAGE][PASSED] - Delayed 10 second(s)

2023-09-09 20:31:00 - [TEST_STEP][PASSED] - scrollToElement(findTestObject(orPath_Amount + "/input__paymentAmount"), 3): Scroll to object 'Object Repository/RAD_Pages/PaymentAmount_Page/input__paymentAmount' successfully

2023-09-09 20:31:00 - [MESSAGE][PASSED] - Scroll to object 'Object Repository/RAD_Pages/PaymentAmount_Page/input__paymentAmount' successfully

2023-09-09 20:31:00 - [TEST_STEP][PASSED] - waitForElementClickable(findTestObject(orPath_FilingStatus + "/input_userType_Joint"), 5): Object 'Object Repository/RAD_Pages/FilingStatus_Page/input_userType_Joint' is clickable

2023-09-09 20:31:01 - [MESSAGE][PASSED] - Object 'Object Repository/RAD_Pages/FilingStatus_Page/input_userType_Joint' is clickable

2023-09-09 20:31:01 - [TEST_STEP][PASSED] - click(findTestObject(orPath_FilingStatus + "/input_userType_Joint")): Object: 'Object Repository/RAD_Pages/FilingStatus_Page/input_userType_Joint' is clicked on

2023-09-09 20:31:01 - [MESSAGE][PASSED] - Object: 'Object Repository/RAD_Pages/FilingStatus_Page/input_userType_Joint' is clicked on

2023-09-09 20:31:01 - [TEST_STEP][PASSED] - verifyTextPresent("Provide the following information for the joint filer", true): Text 'Provide the following information for the joint filer' is present on page  using regular expression

2023-09-09 20:31:02 - [MESSAGE][PASSED] - Text 'Provide the following information for the joint filer' is present on page  using regular expression

2023-09-09 20:31:02 - [TEST_STEP][PASSED] - verifyElementPresent(findTestObject(orPath_FilingStatus + "/input_jointFirstName"), 30): Object 'Object Repository/RAD_Pages/FilingStatus_Page/input_jointFirstName' is present

2023-09-09 20:31:02 - [MESSAGE][PASSED] - Object 'Object Repository/RAD_Pages/FilingStatus_Page/input_jointFirstName' is present

2023-09-09 20:31:02 - [TEST_STEP][PASSED] - verifyElementPresent(findTestObject(orPath_FilingStatus + "/input_jointMiddleName"), 30): Object 'Object Repository/RAD_Pages/FilingStatus_Page/input_jointMiddleName' is present

2023-09-09 20:31:02 - [MESSAGE][PASSED] - Object 'Object Repository/RAD_Pages/FilingStatus_Page/input_jointMiddleName' is present

2023-09-09 20:31:02 - [TEST_STEP][PASSED] - verifyElementPresent(findTestObject(orPath_FilingStatus + "/input_jointLastName"), 30): Object 'Object Repository/RAD_Pages/FilingStatus_Page/input_jointLastName' is present

2023-09-09 20:31:03 - [MESSAGE][PASSED] - Object 'Object Repository/RAD_Pages/FilingStatus_Page/input_jointLastName' is present

2023-09-09 20:31:03 - [TEST_STEP][PASSED] - verifyElementPresent(findTestObject(orPath_FilingStatus + "/input_jointSuffix"), 30): Object 'Object Repository/RAD_Pages/FilingStatus_Page/input_jointSuffix' is present

2023-09-09 20:31:03 - [MESSAGE][PASSED] - Object 'Object Repository/RAD_Pages/FilingStatus_Page/input_jointSuffix' is present

2023-09-09 20:31:03 - [TEST_STEP][PASSED] - verifyElementPresent(findTestObject("Object Repository/RAD_RecordAndPlay/input_JointFilerSSN"), 30): Object 'Object Repository/RAD_RecordAndPlay/input_JointFilerSSN' is present

2023-09-09 20:31:03 - [MESSAGE][PASSED] - Object 'Object Repository/RAD_RecordAndPlay/input_JointFilerSSN' is present

2023-09-09 20:31:03 - [TEST_STEP][PASSED] - verifyElementPresent(findTestObject("Object Repository/RAD_RecordAndPlay/input_reTypeJointFilerSSN"), 30): Object 'Object Repository/RAD_RecordAndPlay/input_reTypeJointFilerSSN' is present

2023-09-09 20:31:04 - [MESSAGE][PASSED] - Object 'Object Repository/RAD_RecordAndPlay/input_reTypeJointFilerSSN' is present

2023-09-09 20:31:04 - [TEST_STEP][PASSED] - verifyTextPresent("Payment Amount", true): Text 'Payment Amount' is present on page  using regular expression

2023-09-09 20:31:05 - [MESSAGE][PASSED] - Text 'Payment Amount' is present on page  using regular expression

2023-09-09 20:31:05 - [TEST_STEP][PASSED] - verifyElementPresent(findTestObject(orPath_Amount + "/input__paymentAmount"), 30): Object 'Object Repository/RAD_Pages/PaymentAmount_Page/input__paymentAmount' is present

2023-09-09 20:31:05 - [MESSAGE][PASSED] - Object 'Object Repository/RAD_Pages/PaymentAmount_Page/input__paymentAmount' is present

2023-09-09 20:31:05 - [TEST_STEP][PASSED] - verifyElementVisible(findTestObject(orPath_Amount + "/input__paymentAmount")): Object 'Object Repository/RAD_Pages/PaymentAmount_Page/input__paymentAmount' is visible

2023-09-09 20:31:05 - [MESSAGE][PASSED] - Object 'Object Repository/RAD_Pages/PaymentAmount_Page/input__paymentAmount' is visible

2023-09-09 20:31:05 - [TEST_STEP][PASSED] - verifyTextPresent("Service Fee: This electronic government service includes a service/convenience fee. Click here for details", true): Text 'Service Fee: This electronic government service includes a service/convenience fee. Click here for details' is present on page  using regular expression

2023-09-09 20:31:06 - [MESSAGE][PASSED] - Text 'Service Fee: This electronic government service includes a service/convenience fee. Click here for details' is present on page  using regular expression

2023-09-09 20:31:06 - [TEST_STEP][PASSED] - verifyElementPresent(findTestObject(orPath_Amount + "/a_Click here for details"), 30): Object 'Object Repository/RAD_Pages/PaymentAmount_Page/a_Click here for details' is present

2023-09-09 20:31:06 - [MESSAGE][PASSED] - Object 'Object Repository/RAD_Pages/PaymentAmount_Page/a_Click here for details' is present

2023-09-09 20:31:06 - [TEST_STEP][PASSED] - verifyElementPresent(findTestObject(orPath_Landing + "/button_Continue"), 30): Object 'Object Repository/RAD_Pages/Landing_Page/button_Continue' is present

2023-09-09 20:31:06 - [MESSAGE][PASSED] - Object 'Object Repository/RAD_Pages/Landing_Page/button_Continue' is present]]></system-out>
         <system-err><![CDATA[2023-09-09 20:30:23 - [TEST_CASE][FAILED] - Test Cases/RAD_TestCases/UI_TestCases/New Liability/NewLiability_PersonalIncomeTax_UI_TC: Test Cases/RAD_TestCases/UI_TestCases/New Liability/NewLiability_PersonalIncomeTax_UI_TC FAILED.
Reason:
com.kms.katalon.core.exception.StepFailedException: Text 'Tax Information' is not present on page  using regular expression (Root cause: com.kms.katalon.core.exception.StepFailedException: Text 'Tax Information' is not present on page  using regular expression
	at com.kms.katalon.core.webui.keyword.internal.WebUIKeywordMain.stepFailed(WebUIKeywordMain.groovy:64)
	at com.kms.katalon.core.webui.keyword.builtin.VerifyTextPresentKeyword$_verifyTextPresent_closure1.doCall(VerifyTextPresentKeyword.groovy:79)
	at com.kms.katalon.core.webui.keyword.builtin.VerifyTextPresentKeyword$_verifyTextPresent_closure1.call(VerifyTextPresentKeyword.groovy)
	at com.kms.katalon.core.webui.keyword.internal.WebUIKeywordMain.runKeyword(WebUIKeywordMain.groovy:20)
	at com.kms.katalon.core.webui.keyword.builtin.VerifyTextPresentKeyword.verifyTextPresent(VerifyTextPresentKeyword.groovy:83)
	at com.kms.katalon.core.webui.keyword.builtin.VerifyTextPresentKeyword.execute(VerifyTextPresentKeyword.groovy:68)
	at com.kms.katalon.core.keyword.internal.KeywordExecutor.executeKeywordForPlatform(KeywordExecutor.groovy:74)
	at com.kms.katalon.core.webui.keyword.WebUiBuiltInKeywords.verifyTextPresent(WebUiBuiltInKeywords.groovy:1723)
	at com.kms.katalon.core.webui.keyword.WebUiBuiltInKeywords$verifyTextPresent$3.call(Unknown Source)
	at NewLiability_PersonalIncomeTax_UI_TC.run(NewLiability_PersonalIncomeTax_UI_TC:184)
	at com.kms.katalon.core.main.ScriptEngine.run(ScriptEngine.java:194)
	at com.kms.katalon.core.main.ScriptEngine.runScriptAsRawText(ScriptEngine.java:119)
	at com.kms.katalon.core.main.TestCaseExecutor.runScript(TestCaseExecutor.java:448)
	at com.kms.katalon.core.main.TestCaseExecutor.doExecute(TestCaseExecutor.java:439)
	at com.kms.katalon.core.main.TestCaseExecutor.processExecutionPhase(TestCaseExecutor.java:418)
	at com.kms.katalon.core.main.TestCaseExecutor.accessMainPhase(TestCaseExecutor.java:410)
	at com.kms.katalon.core.main.TestCaseExecutor.execute(TestCaseExecutor.java:285)
	at com.kms.katalon.core.common.CommonExecutor.accessTestCaseMainPhase(CommonExecutor.java:65)
	at com.kms.katalon.core.main.TestSuiteExecutor.accessTestSuiteMainPhase(TestSuiteExecutor.java:148)
	at com.kms.katalon.core.main.TestSuiteExecutor.execute(TestSuiteExecutor.java:106)
	at com.kms.katalon.core.main.TestCaseMain.startTestSuite(TestCaseMain.java:187)
	at com.kms.katalon.core.main.TestCaseMain$startTestSuite$0.call(Unknown Source)
	at TempTestSuite1694305095893.run(TempTestSuite1694305095893.groovy:36)
)
	at com.kms.katalon.core.keyword.internal.KeywordMain.stepFailed(KeywordMain.groovy:39)
	at com.kms.katalon.core.webui.keyword.internal.WebUIKeywordMain.stepFailed(WebUIKeywordMain.groovy:64)
	at com.kms.katalon.core.webui.keyword.builtin.VerifyTextPresentKeyword$_verifyTextPresent_closure1.doCall(VerifyTextPresentKeyword.groovy:79)
	at com.kms.katalon.core.webui.keyword.builtin.VerifyTextPresentKeyword$_verifyTextPresent_closure1.call(VerifyTextPresentKeyword.groovy)
	at com.kms.katalon.core.webui.keyword.internal.WebUIKeywordMain.runKeyword(WebUIKeywordMain.groovy:20)
	at com.kms.katalon.core.webui.keyword.builtin.VerifyTextPresentKeyword.verifyTextPresent(VerifyTextPresentKeyword.groovy:83)
	at com.kms.katalon.core.webui.keyword.builtin.VerifyTextPresentKeyword.execute(VerifyTextPresentKeyword.groovy:68)
	at com.kms.katalon.core.keyword.internal.KeywordExecutor.executeKeywordForPlatform(KeywordExecutor.groovy:74)
	at com.kms.katalon.core.webui.keyword.WebUiBuiltInKeywords.verifyTextPresent(WebUiBuiltInKeywords.groovy:1723)
	at com.kms.katalon.core.webui.keyword.WebUiBuiltInKeywords$verifyTextPresent$3.call(Unknown Source)
	at NewLiability_PersonalIncomeTax_UI_TC.run(NewLiability_PersonalIncomeTax_UI_TC:184)
	at com.kms.katalon.core.main.ScriptEngine.run(ScriptEngine.java:194)
	at com.kms.katalon.core.main.ScriptEngine.runScriptAsRawText(ScriptEngine.java:119)
	at com.kms.katalon.core.main.TestCaseExecutor.runScript(TestCaseExecutor.java:448)
	at com.kms.katalon.core.main.TestCaseExecutor.doExecute(TestCaseExecutor.java:439)
	at com.kms.katalon.core.main.TestCaseExecutor.processExecutionPhase(TestCaseExecutor.java:418)
	at com.kms.katalon.core.main.TestCaseExecutor.accessMainPhase(TestCaseExecutor.java:410)
	at com.kms.katalon.core.main.TestCaseExecutor.execute(TestCaseExecutor.java:285)
	at com.kms.katalon.core.common.CommonExecutor.accessTestCaseMainPhase(CommonExecutor.java:65)
	at com.kms.katalon.core.main.TestSuiteExecutor.accessTestSuiteMainPhase(TestSuiteExecutor.java:148)
	at com.kms.katalon.core.main.TestSuiteExecutor.execute(TestSuiteExecutor.java:106)
	at com.kms.katalon.core.main.TestCaseMain.startTestSuite(TestCaseMain.java:187)
	at com.kms.katalon.core.main.TestCaseMain$startTestSuite$0.call(Unknown Source)
	at TempTestSuite1694305095893.run(TempTestSuite1694305095893.groovy:36)
Caused by: com.kms.katalon.core.exception.StepFailedException: Text 'Tax Information' is not present on page  using regular expression
	... 23 more]]></system-err>
      </testcase>
      <testcase name="Test Cases/RAD_TestCases/UI_TestCases/New Liability/NewLiability_PTENonElectingNonSCorp_UI_TC" time="25.002" classname="Test Cases/RAD_TestCases/UI_TestCases/New Liability/NewLiability_PTENonElectingNonSCorp_UI_TC" status="PASSED">
         <system-out><![CDATA[2023-09-09 20:31:06 - [TEST_CASE][PASSED] - Test Cases/RAD_TestCases/UI_TestCases/New Liability/NewLiability_PTENonElectingNonSCorp_UI_TC: Test Cases/RAD_TestCases/UI_TestCases/New Liability/NewLiability_PTENonElectingNonSCorp_UI_TC

2023-09-09 20:31:07 - [TEST_STEP][PASSED] - openBrowser(""): Browser is opened with url: ''

2023-09-09 20:31:07 - [MESSAGE][WARNING] - A browser is already opened. Closing browser and opening a new one

2023-09-09 20:31:08 - [MESSAGE][INFO] - Starting 'Chrome' driver

2023-09-09 20:31:08 - [MESSAGE][INFO] - User set preference: ['acceptInsecureCerts', 'true']

2023-09-09 20:31:08 - [MESSAGE][INFO] - Action delay is set to 0 milliseconds

2023-09-09 20:31:09 - [MESSAGE][PASSED] - Browser is opened with url: ''

2023-09-09 20:31:09 - [TEST_STEP][PASSED] - maximizeWindow(): Current window maximized

2023-09-09 20:31:09 - [MESSAGE][PASSED] - Current window maximized

2023-09-09 20:31:09 - [TEST_STEP][PASSED] - navigateToUrl(RADurl): Navigate to 'https://qa2.velocitypayment.com/client/rad/index.html' successfully

2023-09-09 20:31:11 - [MESSAGE][PASSED] - Navigate to 'https://qa2.velocitypayment.com/client/rad/index.html' successfully

2023-09-09 20:31:11 - [TEST_STEP][PASSED] - orPath_Landing = "Object Repository/RAD_Pages/Landing_Page": null

2023-09-09 20:31:11 - [TEST_STEP][PASSED] - orPath_TaxTypeFilingYear = "Object Repository/RAD_Pages/TaxTypeFilingYear_Page": null

2023-09-09 20:31:11 - [TEST_STEP][PASSED] - orPath_TaxPayer = "Object Repository/RAD_Pages/Taxpayer_Page": null

2023-09-09 20:31:11 - [TEST_STEP][PASSED] - orPath_AddressContact = "Object Repository/RAD_Pages/AddressAndContactInfo_Page": null

2023-09-09 20:31:11 - [TEST_STEP][PASSED] - orPath_FilingStatus = "Object Repository/RAD_Pages/FilingStatus_Page": null

2023-09-09 20:31:11 - [TEST_STEP][PASSED] - orPath_Amount = "Object Repository/RAD_Pages/PaymentAmount_Page": null

2023-09-09 20:31:11 - [TEST_STEP][PASSED] - orPath_TaxInfo = "Object Repository/RAD_Pages/TaxInfo_Page": null

2023-09-09 20:31:11 - [TEST_STEP][PASSED] - selectOptionByLabel(findTestObject(orPath_Landing + "/dd_TaxType"), "New Tax Return Amount Due", false): All options with label 'New Tax Return Amount Due' are selected in object 'Object Repository/RAD_Pages/Landing_Page/dd_TaxType' 

2023-09-09 20:31:12 - [MESSAGE][PASSED] - All options with label 'New Tax Return Amount Due' are selected in object 'Object Repository/RAD_Pages/Landing_Page/dd_TaxType' 

2023-09-09 20:31:12 - [TEST_STEP][PASSED] - selectOptionByLabel(findTestObject("Object Repository/RAD_Pages/Landing_Page/select_NewTaxReturnAmountDue_TaxType"), "PTE Non-Electing Non-S Corp", false): All options with label 'PTE Non-Electing Non-S Corp' are selected in object 'Object Repository/RAD_Pages/Landing_Page/select_NewTaxReturnAmountDue_TaxType' 

2023-09-09 20:31:12 - [MESSAGE][PASSED] - All options with label 'PTE Non-Electing Non-S Corp' are selected in object 'Object Repository/RAD_Pages/Landing_Page/select_NewTaxReturnAmountDue_TaxType' 

2023-09-09 20:31:12 - [TEST_STEP][PASSED] - verifyElementPresent(findTestObject(orPath_TaxTypeFilingYear + "/select_FilingYear"), 30): Object 'Object Repository/RAD_Pages/TaxTypeFilingYear_Page/select_FilingYear' is present

2023-09-09 20:31:13 - [MESSAGE][PASSED] - Object 'Object Repository/RAD_Pages/TaxTypeFilingYear_Page/select_FilingYear' is present

2023-09-09 20:31:13 - [TEST_STEP][PASSED] - verifyElementVisible(findTestObject(orPath_TaxTypeFilingYear + "/select_FilingYear")): Object 'Object Repository/RAD_Pages/TaxTypeFilingYear_Page/select_FilingYear' is visible

2023-09-09 20:31:13 - [MESSAGE][PASSED] - Object 'Object Repository/RAD_Pages/TaxTypeFilingYear_Page/select_FilingYear' is visible

2023-09-09 20:31:13 - [TEST_STEP][PASSED] - totalOptionsFilingYear = getNumberOfTotalOption(findTestObject(orPath_TaxTypeFilingYear + "/select_FilingYear")): 4 options of object 'Object Repository/RAD_Pages/TaxTypeFilingYear_Page/select_FilingYear' counted

2023-09-09 20:31:14 - [MESSAGE][PASSED] - 4 options of object 'Object Repository/RAD_Pages/TaxTypeFilingYear_Page/select_FilingYear' counted

2023-09-09 20:31:14 - [TEST_STEP][PASSED] - verifyEqual(totalOptionsFilingYear, 4): Actual object '4' and expected object '4' are equal

2023-09-09 20:31:14 - [MESSAGE][PASSED] - Actual object '4' and expected object '4' are equal

2023-09-09 20:31:14 - [TEST_STEP][PASSED] - verifyOptionsPresent(findTestObject(orPath_TaxTypeFilingYear + "/select_FilingYear"), ["2022", "2021", "2020"]): Options [2022, 2021, 2020] present.

2023-09-09 20:31:14 - [MESSAGE][PASSED] - Options [2022, 2021, 2020] present.

2023-09-09 20:31:14 - [TEST_STEP][PASSED] - verifyElementNotVisible(findTestObject(orPath_TaxTypeFilingYear + "/select_PeriodEnding")): Object 'Object Repository/RAD_Pages/TaxTypeFilingYear_Page/select_PeriodEnding' is NOT visible

2023-09-09 20:31:15 - [MESSAGE][PASSED] - Object 'Object Repository/RAD_Pages/TaxTypeFilingYear_Page/select_PeriodEnding' is NOT visible

2023-09-09 20:31:15 - [TEST_STEP][PASSED] - verifyTextPresent("Taxpayer", true): Text 'Taxpayer' is present on page  using regular expression

2023-09-09 20:31:15 - [MESSAGE][PASSED] - Text 'Taxpayer' is present on page  using regular expression

2023-09-09 20:31:15 - [TEST_STEP][PASSED] - verifyTextPresent("Provide the following taxpayer information", true): Text 'Provide the following taxpayer information' is present on page  using regular expression

2023-09-09 20:31:16 - [MESSAGE][PASSED] - Text 'Provide the following taxpayer information' is present on page  using regular expression

2023-09-09 20:31:16 - [TEST_STEP][PASSED] - verifyTextPresent("Note: If you are paying on behalf of the Taxpayer, enter Taxpayer", true): Text 'Note: If you are paying on behalf of the Taxpayer, enter Taxpayer' is present on page  using regular expression

2023-09-09 20:31:16 - [MESSAGE][PASSED] - Text 'Note: If you are paying on behalf of the Taxpayer, enter Taxpayer' is present on page  using regular expression

2023-09-09 20:31:16 - [TEST_STEP][PASSED] - verifyTextPresent("information here. If you are making a payment for the Taxpayer, you will be required later to enter your own credit card, billing address and other pertinent information", true): Text 'information here. If you are making a payment for the Taxpayer, you will be required later to enter your own credit card, billing address and other pertinent information' is present on page  using regular expression

2023-09-09 20:31:16 - [MESSAGE][PASSED] - Text 'information here. If you are making a payment for the Taxpayer, you will be required later to enter your own credit card, billing address and other pertinent information' is present on page  using regular expression

2023-09-09 20:31:16 - [TEST_STEP][PASSED] - verifyElementVisible(findTestObject(orPath_TaxPayer + "/input_Note_businessName")): Object 'Object Repository/RAD_Pages/Taxpayer_Page/input_Note_businessName' is visible

2023-09-09 20:31:17 - [MESSAGE][PASSED] - Object 'Object Repository/RAD_Pages/Taxpayer_Page/input_Note_businessName' is visible

2023-09-09 20:31:17 - [TEST_STEP][PASSED] - verifyElementNotVisible(findTestObject(orPath_TaxPayer + "/input_firstName")): Object 'Object Repository/RAD_Pages/Taxpayer_Page/input_firstName' is NOT visible

2023-09-09 20:31:17 - [MESSAGE][PASSED] - Object 'Object Repository/RAD_Pages/Taxpayer_Page/input_firstName' is NOT visible

2023-09-09 20:31:17 - [TEST_STEP][PASSED] - verifyElementNotVisible(findTestObject(orPath_TaxPayer + "/input_middleName")): Object 'Object Repository/RAD_Pages/Taxpayer_Page/input_middleName' is NOT visible

2023-09-09 20:31:17 - [MESSAGE][PASSED] - Object 'Object Repository/RAD_Pages/Taxpayer_Page/input_middleName' is NOT visible

2023-09-09 20:31:17 - [TEST_STEP][PASSED] - verifyElementNotVisible(findTestObject(orPath_TaxPayer + "/input_lastName")): Object 'Object Repository/RAD_Pages/Taxpayer_Page/input_lastName' is NOT visible

2023-09-09 20:31:18 - [MESSAGE][PASSED] - Object 'Object Repository/RAD_Pages/Taxpayer_Page/input_lastName' is NOT visible

2023-09-09 20:31:18 - [TEST_STEP][PASSED] - verifyElementNotVisible(findTestObject(orPath_TaxPayer + "/input_suffix")): Object 'Object Repository/RAD_Pages/Taxpayer_Page/input_suffix' is NOT visible

2023-09-09 20:31:18 - [MESSAGE][PASSED] - Object 'Object Repository/RAD_Pages/Taxpayer_Page/input_suffix' is NOT visible

2023-09-09 20:31:18 - [TEST_STEP][PASSED] - verifyElementNotVisible(findTestObject("RAD_RecordAndPlay/input_concatSSN")): Object 'Object Repository/RAD_RecordAndPlay/input_concatSSN' is NOT visible

2023-09-09 20:31:19 - [MESSAGE][PASSED] - Object 'Object Repository/RAD_RecordAndPlay/input_concatSSN' is NOT visible

2023-09-09 20:31:19 - [TEST_STEP][PASSED] - verifyElementNotVisible(findTestObject("RAD_RecordAndPlay/input_concatReSSN")): Object 'Object Repository/RAD_RecordAndPlay/input_concatReSSN' is NOT visible

2023-09-09 20:31:19 - [MESSAGE][PASSED] - Object 'Object Repository/RAD_RecordAndPlay/input_concatReSSN' is NOT visible

2023-09-09 20:31:19 - [TEST_STEP][PASSED] - verifyTextPresent("Address and Contact Information", true): Text 'Address and Contact Information' is present on page  using regular expression

2023-09-09 20:31:20 - [MESSAGE][PASSED] - Text 'Address and Contact Information' is present on page  using regular expression

2023-09-09 20:31:20 - [TEST_STEP][PASSED] - verifyTextPresent("Enter the taxpayer", true): Text 'Enter the taxpayer' is present on page  using regular expression

2023-09-09 20:31:20 - [MESSAGE][PASSED] - Text 'Enter the taxpayer' is present on page  using regular expression

2023-09-09 20:31:20 - [TEST_STEP][PASSED] - verifyTextPresent("address and contact information", true): Text 'address and contact information' is present on page  using regular expression

2023-09-09 20:31:20 - [MESSAGE][PASSED] - Text 'address and contact information' is present on page  using regular expression

2023-09-09 20:31:20 - [TEST_STEP][PASSED] - verifyElementPresent(findTestObject(orPath_AddressContact + "/select_Country"), 30): Object 'Object Repository/RAD_Pages/AddressAndContactInfo_Page/select_Country' is present

2023-09-09 20:31:21 - [MESSAGE][PASSED] - Object 'Object Repository/RAD_Pages/AddressAndContactInfo_Page/select_Country' is present

2023-09-09 20:31:21 - [TEST_STEP][PASSED] - verifyElementPresent(findTestObject(orPath_AddressContact + "/input_streetAddress1"), 30): Object 'Object Repository/RAD_Pages/AddressAndContactInfo_Page/input_streetAddress1' is present

2023-09-09 20:31:21 - [MESSAGE][PASSED] - Object 'Object Repository/RAD_Pages/AddressAndContactInfo_Page/input_streetAddress1' is present

2023-09-09 20:31:21 - [TEST_STEP][PASSED] - verifyElementPresent(findTestObject(orPath_AddressContact + "/input_streetAddress2"), 30): Object 'Object Repository/RAD_Pages/AddressAndContactInfo_Page/input_streetAddress2' is present

2023-09-09 20:31:21 - [MESSAGE][PASSED] - Object 'Object Repository/RAD_Pages/AddressAndContactInfo_Page/input_streetAddress2' is present

2023-09-09 20:31:21 - [TEST_STEP][PASSED] - verifyElementPresent(findTestObject(orPath_AddressContact + "/input_city"), 30): Object 'Object Repository/RAD_Pages/AddressAndContactInfo_Page/input_city' is present

2023-09-09 20:31:22 - [MESSAGE][PASSED] - Object 'Object Repository/RAD_Pages/AddressAndContactInfo_Page/input_city' is present

2023-09-09 20:31:22 - [TEST_STEP][PASSED] - verifyElementPresent(findTestObject(orPath_AddressContact + "/select_State"), 30): Object 'Object Repository/RAD_Pages/AddressAndContactInfo_Page/select_State' is present

2023-09-09 20:31:22 - [MESSAGE][PASSED] - Object 'Object Repository/RAD_Pages/AddressAndContactInfo_Page/select_State' is present

2023-09-09 20:31:22 - [TEST_STEP][PASSED] - verifyElementPresent(findTestObject(orPath_AddressContact + "/input_zipCode"), 30): Object 'Object Repository/RAD_Pages/AddressAndContactInfo_Page/input_zipCode' is present

2023-09-09 20:31:23 - [MESSAGE][PASSED] - Object 'Object Repository/RAD_Pages/AddressAndContactInfo_Page/input_zipCode' is present

2023-09-09 20:31:23 - [TEST_STEP][PASSED] - verifyElementPresent(findTestObject(orPath_AddressContact + "/input_phoneNumber"), 30): Object 'Object Repository/RAD_Pages/AddressAndContactInfo_Page/input_phoneNumber' is present

2023-09-09 20:31:23 - [MESSAGE][PASSED] - Object 'Object Repository/RAD_Pages/AddressAndContactInfo_Page/input_phoneNumber' is present

2023-09-09 20:31:23 - [TEST_STEP][PASSED] - verifyElementPresent(findTestObject(orPath_AddressContact + "/input_eMailAddress"), 30): Object 'Object Repository/RAD_Pages/AddressAndContactInfo_Page/input_eMailAddress' is present

2023-09-09 20:31:23 - [MESSAGE][PASSED] - Object 'Object Repository/RAD_Pages/AddressAndContactInfo_Page/input_eMailAddress' is present

2023-09-09 20:31:23 - [TEST_STEP][PASSED] - verifyElementPresent(findTestObject(orPath_AddressContact + "/input_reEnterEMailAddress"), 30): Object 'Object Repository/RAD_Pages/AddressAndContactInfo_Page/input_reEnterEMailAddress' is present

2023-09-09 20:31:24 - [MESSAGE][PASSED] - Object 'Object Repository/RAD_Pages/AddressAndContactInfo_Page/input_reEnterEMailAddress' is present

2023-09-09 20:31:24 - [TEST_STEP][PASSED] - verifyOptionsPresent(findTestObject(orPath_AddressContact + "/select_Country"), ["United States"]): Options [United States] present.

2023-09-09 20:31:24 - [MESSAGE][PASSED] - Options [United States] present.

2023-09-09 20:31:24 - [TEST_STEP][PASSED] - verifyOptionsPresent(findTestObject(orPath_AddressContact + "/select_State"), ["Alabama", "District of Columbia", "Maryland", "Virginia", "Wyoming"]): Options [Alabama, District of Columbia, Maryland, Virginia, Wyoming] present.

2023-09-09 20:31:25 - [MESSAGE][PASSED] - Options [Alabama, District of Columbia, Maryland, Virginia, Wyoming] present.

2023-09-09 20:31:25 - [TEST_STEP][PASSED] - totalOptionsState = getNumberOfTotalOption(findTestObject(orPath_AddressContact + "/select_State")): 52 options of object 'Object Repository/RAD_Pages/AddressAndContactInfo_Page/select_State' counted

2023-09-09 20:31:26 - [MESSAGE][PASSED] - 52 options of object 'Object Repository/RAD_Pages/AddressAndContactInfo_Page/select_State' counted

2023-09-09 20:31:26 - [TEST_STEP][PASSED] - verifyEqual(totalOptionsState, 52): Actual object '52' and expected object '52' are equal

2023-09-09 20:31:26 - [MESSAGE][PASSED] - Actual object '52' and expected object '52' are equal

2023-09-09 20:31:26 - [TEST_STEP][PASSED] - verifyTextPresent("Tax Information", true): Text 'Tax Information' is present on page  using regular expression

2023-09-09 20:31:26 - [MESSAGE][PASSED] - Text 'Tax Information' is present on page  using regular expression

2023-09-09 20:31:26 - [TEST_STEP][PASSED] - verifyElementVisible(findTestObject(orPath_TaxInfo + "/input_FederalEIN-2")): Object 'Object Repository/RAD_Pages/TaxInfo_Page/input_FederalEIN-2' is visible

2023-09-09 20:31:27 - [MESSAGE][PASSED] - Object 'Object Repository/RAD_Pages/TaxInfo_Page/input_FederalEIN-2' is visible

2023-09-09 20:31:27 - [TEST_STEP][PASSED] - verifyElementVisible(findTestObject(orPath_TaxInfo + "/input_FederalEIN_ReEnter-2")): Object 'Object Repository/RAD_Pages/TaxInfo_Page/input_FederalEIN_ReEnter-2' is visible

2023-09-09 20:31:27 - [MESSAGE][PASSED] - Object 'Object Repository/RAD_Pages/TaxInfo_Page/input_FederalEIN_ReEnter-2' is visible

2023-09-09 20:31:27 - [TEST_STEP][PASSED] - verifyElementNotVisible(findTestObject(orPath_TaxInfo + "/input_NoticeInvoiceNumber")): Object 'Object Repository/RAD_Pages/TaxInfo_Page/input_NoticeInvoiceNumber' is NOT visible

2023-09-09 20:31:28 - [MESSAGE][PASSED] - Object 'Object Repository/RAD_Pages/TaxInfo_Page/input_NoticeInvoiceNumber' is NOT visible

2023-09-09 20:31:28 - [TEST_STEP][PASSED] - verifyElementNotVisible(findTestObject(orPath_TaxInfo + "/input_reTypeNoticeInvoiceNumber")): Object 'Object Repository/RAD_Pages/TaxInfo_Page/input_reTypeNoticeInvoiceNumber' is NOT visible

2023-09-09 20:31:28 - [MESSAGE][PASSED] - Object 'Object Repository/RAD_Pages/TaxInfo_Page/input_reTypeNoticeInvoiceNumber' is NOT visible

2023-09-09 20:31:28 - [TEST_STEP][PASSED] - verifyElementNotVisible(findTestObject(orPath_TaxInfo + "/input_MDCRegistrationEL")): Object 'Object Repository/RAD_Pages/TaxInfo_Page/input_MDCRegistrationEL' is NOT visible

2023-09-09 20:31:29 - [MESSAGE][PASSED] - Object 'Object Repository/RAD_Pages/TaxInfo_Page/input_MDCRegistrationEL' is NOT visible

2023-09-09 20:31:29 - [TEST_STEP][PASSED] - verifyElementNotVisible(findTestObject(orPath_FilingStatus + "/input_userType_Individual")): Object 'Object Repository/RAD_Pages/FilingStatus_Page/input_userType_Individual' is NOT visible

2023-09-09 20:31:29 - [MESSAGE][PASSED] - Object 'Object Repository/RAD_Pages/FilingStatus_Page/input_userType_Individual' is NOT visible

2023-09-09 20:31:29 - [TEST_STEP][PASSED] - verifyElementNotVisible(findTestObject(orPath_FilingStatus + "/input_userType_Joint")): Object 'Object Repository/RAD_Pages/FilingStatus_Page/input_userType_Joint' is NOT visible

2023-09-09 20:31:29 - [MESSAGE][PASSED] - Object 'Object Repository/RAD_Pages/FilingStatus_Page/input_userType_Joint' is NOT visible

2023-09-09 20:31:29 - [TEST_STEP][PASSED] - verifyTextPresent("Payment Amount", true): Text 'Payment Amount' is present on page  using regular expression

2023-09-09 20:31:30 - [MESSAGE][PASSED] - Text 'Payment Amount' is present on page  using regular expression

2023-09-09 20:31:30 - [TEST_STEP][PASSED] - verifyElementPresent(findTestObject(orPath_Amount + "/input__paymentAmount"), 30): Object 'Object Repository/RAD_Pages/PaymentAmount_Page/input__paymentAmount' is present

2023-09-09 20:31:30 - [MESSAGE][PASSED] - Object 'Object Repository/RAD_Pages/PaymentAmount_Page/input__paymentAmount' is present

2023-09-09 20:31:30 - [TEST_STEP][PASSED] - verifyElementVisible(findTestObject(orPath_Amount + "/input__paymentAmount")): Object 'Object Repository/RAD_Pages/PaymentAmount_Page/input__paymentAmount' is visible

2023-09-09 20:31:30 - [MESSAGE][PASSED] - Object 'Object Repository/RAD_Pages/PaymentAmount_Page/input__paymentAmount' is visible

2023-09-09 20:31:30 - [TEST_STEP][PASSED] - verifyTextPresent("Service Fee: This electronic government service includes a service/convenience fee. Click here for details", true): Text 'Service Fee: This electronic government service includes a service/convenience fee. Click here for details' is present on page  using regular expression

2023-09-09 20:31:31 - [MESSAGE][PASSED] - Text 'Service Fee: This electronic government service includes a service/convenience fee. Click here for details' is present on page  using regular expression

2023-09-09 20:31:31 - [TEST_STEP][PASSED] - verifyElementPresent(findTestObject(orPath_Amount + "/a_Click here for details"), 30): Object 'Object Repository/RAD_Pages/PaymentAmount_Page/a_Click here for details' is present

2023-09-09 20:31:31 - [MESSAGE][PASSED] - Object 'Object Repository/RAD_Pages/PaymentAmount_Page/a_Click here for details' is present

2023-09-09 20:31:31 - [TEST_STEP][PASSED] - verifyElementPresent(findTestObject(orPath_Landing + "/button_Continue"), 30): Object 'Object Repository/RAD_Pages/Landing_Page/button_Continue' is present

2023-09-09 20:31:31 - [MESSAGE][PASSED] - Object 'Object Repository/RAD_Pages/Landing_Page/button_Continue' is present]]></system-out>
         <system-err><![CDATA[]]></system-err>
      </testcase>
      <testcase name="Test Cases/RAD_TestCases/UI_TestCases/New Liability/NewLiability_PTENonElectingSCorp_UI_TC" time="24.789" classname="Test Cases/RAD_TestCases/UI_TestCases/New Liability/NewLiability_PTENonElectingSCorp_UI_TC" status="PASSED">
         <system-out><![CDATA[2023-09-09 20:31:31 - [TEST_CASE][PASSED] - Test Cases/RAD_TestCases/UI_TestCases/New Liability/NewLiability_PTENonElectingSCorp_UI_TC: Test Cases/RAD_TestCases/UI_TestCases/New Liability/NewLiability_PTENonElectingSCorp_UI_TC

2023-09-09 20:31:32 - [TEST_STEP][PASSED] - openBrowser(""): Browser is opened with url: ''

2023-09-09 20:31:32 - [MESSAGE][WARNING] - A browser is already opened. Closing browser and opening a new one

2023-09-09 20:31:33 - [MESSAGE][INFO] - Starting 'Chrome' driver

2023-09-09 20:31:33 - [MESSAGE][INFO] - User set preference: ['acceptInsecureCerts', 'true']

2023-09-09 20:31:33 - [MESSAGE][INFO] - Action delay is set to 0 milliseconds

2023-09-09 20:31:34 - [MESSAGE][PASSED] - Browser is opened with url: ''

2023-09-09 20:31:34 - [TEST_STEP][PASSED] - maximizeWindow(): Current window maximized

2023-09-09 20:31:34 - [MESSAGE][PASSED] - Current window maximized

2023-09-09 20:31:34 - [TEST_STEP][PASSED] - navigateToUrl(RADurl): Navigate to 'https://qa2.velocitypayment.com/client/rad/index.html' successfully

2023-09-09 20:31:36 - [MESSAGE][PASSED] - Navigate to 'https://qa2.velocitypayment.com/client/rad/index.html' successfully

2023-09-09 20:31:36 - [TEST_STEP][PASSED] - orPath_Landing = "Object Repository/RAD_Pages/Landing_Page": null

2023-09-09 20:31:36 - [TEST_STEP][PASSED] - orPath_TaxTypeFilingYear = "Object Repository/RAD_Pages/TaxTypeFilingYear_Page": null

2023-09-09 20:31:36 - [TEST_STEP][PASSED] - orPath_TaxPayer = "Object Repository/RAD_Pages/Taxpayer_Page": null

2023-09-09 20:31:36 - [TEST_STEP][PASSED] - orPath_AddressContact = "Object Repository/RAD_Pages/AddressAndContactInfo_Page": null

2023-09-09 20:31:36 - [TEST_STEP][PASSED] - orPath_FilingStatus = "Object Repository/RAD_Pages/FilingStatus_Page": null

2023-09-09 20:31:36 - [TEST_STEP][PASSED] - orPath_Amount = "Object Repository/RAD_Pages/PaymentAmount_Page": null

2023-09-09 20:31:36 - [TEST_STEP][PASSED] - orPath_TaxInfo = "Object Repository/RAD_Pages/TaxInfo_Page": null

2023-09-09 20:31:36 - [TEST_STEP][PASSED] - selectOptionByLabel(findTestObject(orPath_Landing + "/dd_TaxType"), "New Tax Return Amount Due", false): All options with label 'New Tax Return Amount Due' are selected in object 'Object Repository/RAD_Pages/Landing_Page/dd_TaxType' 

2023-09-09 20:31:36 - [MESSAGE][PASSED] - All options with label 'New Tax Return Amount Due' are selected in object 'Object Repository/RAD_Pages/Landing_Page/dd_TaxType' 

2023-09-09 20:31:36 - [TEST_STEP][PASSED] - selectOptionByLabel(findTestObject("Object Repository/RAD_Pages/Landing_Page/select_NewTaxReturnAmountDue_TaxType"), "PTE Non-Electing S Corp", false): All options with label 'PTE Non-Electing S Corp' are selected in object 'Object Repository/RAD_Pages/Landing_Page/select_NewTaxReturnAmountDue_TaxType' 

2023-09-09 20:31:37 - [MESSAGE][PASSED] - All options with label 'PTE Non-Electing S Corp' are selected in object 'Object Repository/RAD_Pages/Landing_Page/select_NewTaxReturnAmountDue_TaxType' 

2023-09-09 20:31:37 - [TEST_STEP][PASSED] - verifyElementPresent(findTestObject(orPath_TaxTypeFilingYear + "/select_FilingYear"), 30): Object 'Object Repository/RAD_Pages/TaxTypeFilingYear_Page/select_FilingYear' is present

2023-09-09 20:31:38 - [MESSAGE][PASSED] - Object 'Object Repository/RAD_Pages/TaxTypeFilingYear_Page/select_FilingYear' is present

2023-09-09 20:31:38 - [TEST_STEP][PASSED] - verifyElementVisible(findTestObject(orPath_TaxTypeFilingYear + "/select_FilingYear")): Object 'Object Repository/RAD_Pages/TaxTypeFilingYear_Page/select_FilingYear' is visible

2023-09-09 20:31:38 - [MESSAGE][PASSED] - Object 'Object Repository/RAD_Pages/TaxTypeFilingYear_Page/select_FilingYear' is visible

2023-09-09 20:31:38 - [TEST_STEP][PASSED] - totalOptionsFilingYear = getNumberOfTotalOption(findTestObject(orPath_TaxTypeFilingYear + "/select_FilingYear")): 4 options of object 'Object Repository/RAD_Pages/TaxTypeFilingYear_Page/select_FilingYear' counted

2023-09-09 20:31:39 - [MESSAGE][PASSED] - 4 options of object 'Object Repository/RAD_Pages/TaxTypeFilingYear_Page/select_FilingYear' counted

2023-09-09 20:31:39 - [TEST_STEP][PASSED] - verifyEqual(totalOptionsFilingYear, 4): Actual object '4' and expected object '4' are equal

2023-09-09 20:31:39 - [MESSAGE][PASSED] - Actual object '4' and expected object '4' are equal

2023-09-09 20:31:39 - [TEST_STEP][PASSED] - verifyOptionsPresent(findTestObject(orPath_TaxTypeFilingYear + "/select_FilingYear"), ["2022", "2021", "2020"]): Options [2022, 2021, 2020] present.

2023-09-09 20:31:39 - [MESSAGE][PASSED] - Options [2022, 2021, 2020] present.

2023-09-09 20:31:39 - [TEST_STEP][PASSED] - verifyElementNotVisible(findTestObject(orPath_TaxTypeFilingYear + "/select_PeriodEnding")): Object 'Object Repository/RAD_Pages/TaxTypeFilingYear_Page/select_PeriodEnding' is NOT visible

2023-09-09 20:31:40 - [MESSAGE][PASSED] - Object 'Object Repository/RAD_Pages/TaxTypeFilingYear_Page/select_PeriodEnding' is NOT visible

2023-09-09 20:31:40 - [TEST_STEP][PASSED] - verifyTextPresent("Taxpayer", true): Text 'Taxpayer' is present on page  using regular expression

2023-09-09 20:31:40 - [MESSAGE][PASSED] - Text 'Taxpayer' is present on page  using regular expression

2023-09-09 20:31:40 - [TEST_STEP][PASSED] - verifyTextPresent("Provide the following taxpayer information", true): Text 'Provide the following taxpayer information' is present on page  using regular expression

2023-09-09 20:31:41 - [MESSAGE][PASSED] - Text 'Provide the following taxpayer information' is present on page  using regular expression

2023-09-09 20:31:41 - [TEST_STEP][PASSED] - verifyTextPresent("Note: If you are paying on behalf of the Taxpayer, enter Taxpayer", true): Text 'Note: If you are paying on behalf of the Taxpayer, enter Taxpayer' is present on page  using regular expression

2023-09-09 20:31:41 - [MESSAGE][PASSED] - Text 'Note: If you are paying on behalf of the Taxpayer, enter Taxpayer' is present on page  using regular expression

2023-09-09 20:31:41 - [TEST_STEP][PASSED] - verifyTextPresent("information here. If you are making a payment for the Taxpayer, you will be required later to enter your own credit card, billing address and other pertinent information", true): Text 'information here. If you are making a payment for the Taxpayer, you will be required later to enter your own credit card, billing address and other pertinent information' is present on page  using regular expression

2023-09-09 20:31:41 - [MESSAGE][PASSED] - Text 'information here. If you are making a payment for the Taxpayer, you will be required later to enter your own credit card, billing address and other pertinent information' is present on page  using regular expression

2023-09-09 20:31:41 - [TEST_STEP][PASSED] - verifyElementVisible(findTestObject(orPath_TaxPayer + "/input_Note_businessName")): Object 'Object Repository/RAD_Pages/Taxpayer_Page/input_Note_businessName' is visible

2023-09-09 20:31:42 - [MESSAGE][PASSED] - Object 'Object Repository/RAD_Pages/Taxpayer_Page/input_Note_businessName' is visible

2023-09-09 20:31:42 - [TEST_STEP][PASSED] - verifyElementNotVisible(findTestObject(orPath_TaxPayer + "/input_firstName")): Object 'Object Repository/RAD_Pages/Taxpayer_Page/input_firstName' is NOT visible

2023-09-09 20:31:42 - [MESSAGE][PASSED] - Object 'Object Repository/RAD_Pages/Taxpayer_Page/input_firstName' is NOT visible

2023-09-09 20:31:42 - [TEST_STEP][PASSED] - verifyElementNotVisible(findTestObject(orPath_TaxPayer + "/input_middleName")): Object 'Object Repository/RAD_Pages/Taxpayer_Page/input_middleName' is NOT visible

2023-09-09 20:31:42 - [MESSAGE][PASSED] - Object 'Object Repository/RAD_Pages/Taxpayer_Page/input_middleName' is NOT visible

2023-09-09 20:31:42 - [TEST_STEP][PASSED] - verifyElementNotVisible(findTestObject(orPath_TaxPayer + "/input_lastName")): Object 'Object Repository/RAD_Pages/Taxpayer_Page/input_lastName' is NOT visible

2023-09-09 20:31:43 - [MESSAGE][PASSED] - Object 'Object Repository/RAD_Pages/Taxpayer_Page/input_lastName' is NOT visible

2023-09-09 20:31:43 - [TEST_STEP][PASSED] - verifyElementNotVisible(findTestObject(orPath_TaxPayer + "/input_suffix")): Object 'Object Repository/RAD_Pages/Taxpayer_Page/input_suffix' is NOT visible

2023-09-09 20:31:43 - [MESSAGE][PASSED] - Object 'Object Repository/RAD_Pages/Taxpayer_Page/input_suffix' is NOT visible

2023-09-09 20:31:43 - [TEST_STEP][PASSED] - verifyElementNotVisible(findTestObject("RAD_RecordAndPlay/input_concatSSN")): Object 'Object Repository/RAD_RecordAndPlay/input_concatSSN' is NOT visible

2023-09-09 20:31:44 - [MESSAGE][PASSED] - Object 'Object Repository/RAD_RecordAndPlay/input_concatSSN' is NOT visible

2023-09-09 20:31:44 - [TEST_STEP][PASSED] - verifyElementNotVisible(findTestObject("RAD_RecordAndPlay/input_concatReSSN")): Object 'Object Repository/RAD_RecordAndPlay/input_concatReSSN' is NOT visible

2023-09-09 20:31:44 - [MESSAGE][PASSED] - Object 'Object Repository/RAD_RecordAndPlay/input_concatReSSN' is NOT visible

2023-09-09 20:31:44 - [TEST_STEP][PASSED] - verifyTextPresent("Address and Contact Information", true): Text 'Address and Contact Information' is present on page  using regular expression

2023-09-09 20:31:45 - [MESSAGE][PASSED] - Text 'Address and Contact Information' is present on page  using regular expression

2023-09-09 20:31:45 - [TEST_STEP][PASSED] - verifyTextPresent("Enter the taxpayer", true): Text 'Enter the taxpayer' is present on page  using regular expression

2023-09-09 20:31:45 - [MESSAGE][PASSED] - Text 'Enter the taxpayer' is present on page  using regular expression

2023-09-09 20:31:45 - [TEST_STEP][PASSED] - verifyTextPresent("address and contact information", true): Text 'address and contact information' is present on page  using regular expression

2023-09-09 20:31:45 - [MESSAGE][PASSED] - Text 'address and contact information' is present on page  using regular expression

2023-09-09 20:31:45 - [TEST_STEP][PASSED] - verifyElementPresent(findTestObject(orPath_AddressContact + "/select_Country"), 30): Object 'Object Repository/RAD_Pages/AddressAndContactInfo_Page/select_Country' is present

2023-09-09 20:31:46 - [MESSAGE][PASSED] - Object 'Object Repository/RAD_Pages/AddressAndContactInfo_Page/select_Country' is present

2023-09-09 20:31:46 - [TEST_STEP][PASSED] - verifyElementPresent(findTestObject(orPath_AddressContact + "/input_streetAddress1"), 30): Object 'Object Repository/RAD_Pages/AddressAndContactInfo_Page/input_streetAddress1' is present

2023-09-09 20:31:46 - [MESSAGE][PASSED] - Object 'Object Repository/RAD_Pages/AddressAndContactInfo_Page/input_streetAddress1' is present

2023-09-09 20:31:46 - [TEST_STEP][PASSED] - verifyElementPresent(findTestObject(orPath_AddressContact + "/input_streetAddress2"), 30): Object 'Object Repository/RAD_Pages/AddressAndContactInfo_Page/input_streetAddress2' is present

2023-09-09 20:31:46 - [MESSAGE][PASSED] - Object 'Object Repository/RAD_Pages/AddressAndContactInfo_Page/input_streetAddress2' is present

2023-09-09 20:31:46 - [TEST_STEP][PASSED] - verifyElementPresent(findTestObject(orPath_AddressContact + "/input_city"), 30): Object 'Object Repository/RAD_Pages/AddressAndContactInfo_Page/input_city' is present

2023-09-09 20:31:47 - [MESSAGE][PASSED] - Object 'Object Repository/RAD_Pages/AddressAndContactInfo_Page/input_city' is present

2023-09-09 20:31:47 - [TEST_STEP][PASSED] - verifyElementPresent(findTestObject(orPath_AddressContact + "/select_State"), 30): Object 'Object Repository/RAD_Pages/AddressAndContactInfo_Page/select_State' is present

2023-09-09 20:31:47 - [MESSAGE][PASSED] - Object 'Object Repository/RAD_Pages/AddressAndContactInfo_Page/select_State' is present

2023-09-09 20:31:47 - [TEST_STEP][PASSED] - verifyElementPresent(findTestObject(orPath_AddressContact + "/input_zipCode"), 30): Object 'Object Repository/RAD_Pages/AddressAndContactInfo_Page/input_zipCode' is present

2023-09-09 20:31:47 - [MESSAGE][PASSED] - Object 'Object Repository/RAD_Pages/AddressAndContactInfo_Page/input_zipCode' is present

2023-09-09 20:31:47 - [TEST_STEP][PASSED] - verifyElementPresent(findTestObject(orPath_AddressContact + "/input_phoneNumber"), 30): Object 'Object Repository/RAD_Pages/AddressAndContactInfo_Page/input_phoneNumber' is present

2023-09-09 20:31:48 - [MESSAGE][PASSED] - Object 'Object Repository/RAD_Pages/AddressAndContactInfo_Page/input_phoneNumber' is present

2023-09-09 20:31:48 - [TEST_STEP][PASSED] - verifyElementPresent(findTestObject(orPath_AddressContact + "/input_eMailAddress"), 30): Object 'Object Repository/RAD_Pages/AddressAndContactInfo_Page/input_eMailAddress' is present

2023-09-09 20:31:48 - [MESSAGE][PASSED] - Object 'Object Repository/RAD_Pages/AddressAndContactInfo_Page/input_eMailAddress' is present

2023-09-09 20:31:48 - [TEST_STEP][PASSED] - verifyElementPresent(findTestObject(orPath_AddressContact + "/input_reEnterEMailAddress"), 30): Object 'Object Repository/RAD_Pages/AddressAndContactInfo_Page/input_reEnterEMailAddress' is present

2023-09-09 20:31:48 - [MESSAGE][PASSED] - Object 'Object Repository/RAD_Pages/AddressAndContactInfo_Page/input_reEnterEMailAddress' is present

2023-09-09 20:31:48 - [TEST_STEP][PASSED] - verifyOptionsPresent(findTestObject(orPath_AddressContact + "/select_Country"), ["United States"]): Options [United States] present.

2023-09-09 20:31:49 - [MESSAGE][PASSED] - Options [United States] present.

2023-09-09 20:31:49 - [TEST_STEP][PASSED] - verifyOptionsPresent(findTestObject(orPath_AddressContact + "/select_State"), ["Alabama", "District of Columbia", "Maryland", "Virginia", "Wyoming"]): Options [Alabama, District of Columbia, Maryland, Virginia, Wyoming] present.

2023-09-09 20:31:50 - [MESSAGE][PASSED] - Options [Alabama, District of Columbia, Maryland, Virginia, Wyoming] present.

2023-09-09 20:31:50 - [TEST_STEP][PASSED] - totalOptionsState = getNumberOfTotalOption(findTestObject(orPath_AddressContact + "/select_State")): 52 options of object 'Object Repository/RAD_Pages/AddressAndContactInfo_Page/select_State' counted

2023-09-09 20:31:51 - [MESSAGE][PASSED] - 52 options of object 'Object Repository/RAD_Pages/AddressAndContactInfo_Page/select_State' counted

2023-09-09 20:31:51 - [TEST_STEP][PASSED] - verifyEqual(totalOptionsState, 52): Actual object '52' and expected object '52' are equal

2023-09-09 20:31:51 - [MESSAGE][PASSED] - Actual object '52' and expected object '52' are equal

2023-09-09 20:31:51 - [TEST_STEP][PASSED] - verifyTextPresent("Tax Information", true): Text 'Tax Information' is present on page  using regular expression

2023-09-09 20:31:51 - [MESSAGE][PASSED] - Text 'Tax Information' is present on page  using regular expression

2023-09-09 20:31:51 - [TEST_STEP][PASSED] - verifyElementVisible(findTestObject(orPath_TaxInfo + "/input_FederalEIN-2")): Object 'Object Repository/RAD_Pages/TaxInfo_Page/input_FederalEIN-2' is visible

2023-09-09 20:31:52 - [MESSAGE][PASSED] - Object 'Object Repository/RAD_Pages/TaxInfo_Page/input_FederalEIN-2' is visible

2023-09-09 20:31:52 - [TEST_STEP][PASSED] - verifyElementVisible(findTestObject(orPath_TaxInfo + "/input_FederalEIN_ReEnter-2")): Object 'Object Repository/RAD_Pages/TaxInfo_Page/input_FederalEIN_ReEnter-2' is visible

2023-09-09 20:31:52 - [MESSAGE][PASSED] - Object 'Object Repository/RAD_Pages/TaxInfo_Page/input_FederalEIN_ReEnter-2' is visible

2023-09-09 20:31:52 - [TEST_STEP][PASSED] - verifyElementNotVisible(findTestObject(orPath_TaxInfo + "/input_NoticeInvoiceNumber")): Object 'Object Repository/RAD_Pages/TaxInfo_Page/input_NoticeInvoiceNumber' is NOT visible

2023-09-09 20:31:53 - [MESSAGE][PASSED] - Object 'Object Repository/RAD_Pages/TaxInfo_Page/input_NoticeInvoiceNumber' is NOT visible

2023-09-09 20:31:53 - [TEST_STEP][PASSED] - verifyElementNotVisible(findTestObject(orPath_TaxInfo + "/input_reTypeNoticeInvoiceNumber")): Object 'Object Repository/RAD_Pages/TaxInfo_Page/input_reTypeNoticeInvoiceNumber' is NOT visible

2023-09-09 20:31:53 - [MESSAGE][PASSED] - Object 'Object Repository/RAD_Pages/TaxInfo_Page/input_reTypeNoticeInvoiceNumber' is NOT visible

2023-09-09 20:31:53 - [TEST_STEP][PASSED] - verifyElementNotVisible(findTestObject(orPath_TaxInfo + "/input_MDCRegistrationEL")): Object 'Object Repository/RAD_Pages/TaxInfo_Page/input_MDCRegistrationEL' is NOT visible

2023-09-09 20:31:53 - [MESSAGE][PASSED] - Object 'Object Repository/RAD_Pages/TaxInfo_Page/input_MDCRegistrationEL' is NOT visible

2023-09-09 20:31:53 - [TEST_STEP][PASSED] - verifyElementNotVisible(findTestObject(orPath_FilingStatus + "/input_userType_Individual")): Object 'Object Repository/RAD_Pages/FilingStatus_Page/input_userType_Individual' is NOT visible

2023-09-09 20:31:54 - [MESSAGE][PASSED] - Object 'Object Repository/RAD_Pages/FilingStatus_Page/input_userType_Individual' is NOT visible

2023-09-09 20:31:54 - [TEST_STEP][PASSED] - verifyElementNotVisible(findTestObject(orPath_FilingStatus + "/input_userType_Joint")): Object 'Object Repository/RAD_Pages/FilingStatus_Page/input_userType_Joint' is NOT visible

2023-09-09 20:31:54 - [MESSAGE][PASSED] - Object 'Object Repository/RAD_Pages/FilingStatus_Page/input_userType_Joint' is NOT visible

2023-09-09 20:31:54 - [TEST_STEP][PASSED] - verifyTextPresent("Payment Amount", true): Text 'Payment Amount' is present on page  using regular expression

2023-09-09 20:31:54 - [MESSAGE][PASSED] - Text 'Payment Amount' is present on page  using regular expression

2023-09-09 20:31:54 - [TEST_STEP][PASSED] - verifyElementPresent(findTestObject(orPath_Amount + "/input__paymentAmount"), 30): Object 'Object Repository/RAD_Pages/PaymentAmount_Page/input__paymentAmount' is present

2023-09-09 20:31:55 - [MESSAGE][PASSED] - Object 'Object Repository/RAD_Pages/PaymentAmount_Page/input__paymentAmount' is present

2023-09-09 20:31:55 - [TEST_STEP][PASSED] - verifyElementVisible(findTestObject(orPath_Amount + "/input__paymentAmount")): Object 'Object Repository/RAD_Pages/PaymentAmount_Page/input__paymentAmount' is visible

2023-09-09 20:31:55 - [MESSAGE][PASSED] - Object 'Object Repository/RAD_Pages/PaymentAmount_Page/input__paymentAmount' is visible

2023-09-09 20:31:55 - [TEST_STEP][PASSED] - verifyTextPresent("Service Fee: This electronic government service includes a service/convenience fee. Click here for details", true): Text 'Service Fee: This electronic government service includes a service/convenience fee. Click here for details' is present on page  using regular expression

2023-09-09 20:31:56 - [MESSAGE][PASSED] - Text 'Service Fee: This electronic government service includes a service/convenience fee. Click here for details' is present on page  using regular expression

2023-09-09 20:31:56 - [TEST_STEP][PASSED] - verifyElementPresent(findTestObject(orPath_Amount + "/a_Click here for details"), 30): Object 'Object Repository/RAD_Pages/PaymentAmount_Page/a_Click here for details' is present

2023-09-09 20:31:56 - [MESSAGE][PASSED] - Object 'Object Repository/RAD_Pages/PaymentAmount_Page/a_Click here for details' is present

2023-09-09 20:31:56 - [TEST_STEP][PASSED] - verifyElementPresent(findTestObject(orPath_Landing + "/button_Continue"), 30): Object 'Object Repository/RAD_Pages/Landing_Page/button_Continue' is present

2023-09-09 20:31:56 - [MESSAGE][PASSED] - Object 'Object Repository/RAD_Pages/Landing_Page/button_Continue' is present]]></system-out>
         <system-err><![CDATA[]]></system-err>
      </testcase>
      <testcase name="Test Cases/RAD_TestCases/UI_TestCases/New Liability/NewLiability_PTETaxElectingNonSCorp_UI_TC" time="24.739" classname="Test Cases/RAD_TestCases/UI_TestCases/New Liability/NewLiability_PTETaxElectingNonSCorp_UI_TC" status="PASSED">
         <system-out><![CDATA[2023-09-09 20:31:56 - [TEST_CASE][PASSED] - Test Cases/RAD_TestCases/UI_TestCases/New Liability/NewLiability_PTETaxElectingNonSCorp_UI_TC: Test Cases/RAD_TestCases/UI_TestCases/New Liability/NewLiability_PTETaxElectingNonSCorp_UI_TC

2023-09-09 20:31:57 - [TEST_STEP][PASSED] - openBrowser(""): Browser is opened with url: ''

2023-09-09 20:31:57 - [MESSAGE][WARNING] - A browser is already opened. Closing browser and opening a new one

2023-09-09 20:31:58 - [MESSAGE][INFO] - Starting 'Chrome' driver

2023-09-09 20:31:58 - [MESSAGE][INFO] - User set preference: ['acceptInsecureCerts', 'true']

2023-09-09 20:31:58 - [MESSAGE][INFO] - Action delay is set to 0 milliseconds

2023-09-09 20:31:59 - [MESSAGE][PASSED] - Browser is opened with url: ''

2023-09-09 20:31:59 - [TEST_STEP][PASSED] - maximizeWindow(): Current window maximized

2023-09-09 20:31:59 - [MESSAGE][PASSED] - Current window maximized

2023-09-09 20:31:59 - [TEST_STEP][PASSED] - navigateToUrl(RADurl): Navigate to 'https://qa2.velocitypayment.com/client/rad/index.html' successfully

2023-09-09 20:32:01 - [MESSAGE][PASSED] - Navigate to 'https://qa2.velocitypayment.com/client/rad/index.html' successfully

2023-09-09 20:32:01 - [TEST_STEP][PASSED] - orPath_Landing = "Object Repository/RAD_Pages/Landing_Page": null

2023-09-09 20:32:01 - [TEST_STEP][PASSED] - orPath_TaxTypeFilingYear = "Object Repository/RAD_Pages/TaxTypeFilingYear_Page": null

2023-09-09 20:32:01 - [TEST_STEP][PASSED] - orPath_TaxPayer = "Object Repository/RAD_Pages/Taxpayer_Page": null

2023-09-09 20:32:01 - [TEST_STEP][PASSED] - orPath_AddressContact = "Object Repository/RAD_Pages/AddressAndContactInfo_Page": null

2023-09-09 20:32:01 - [TEST_STEP][PASSED] - orPath_FilingStatus = "Object Repository/RAD_Pages/FilingStatus_Page": null

2023-09-09 20:32:01 - [TEST_STEP][PASSED] - orPath_Amount = "Object Repository/RAD_Pages/PaymentAmount_Page": null

2023-09-09 20:32:01 - [TEST_STEP][PASSED] - orPath_TaxInfo = "Object Repository/RAD_Pages/TaxInfo_Page": null

2023-09-09 20:32:01 - [TEST_STEP][PASSED] - selectOptionByLabel(findTestObject(orPath_Landing + "/dd_TaxType"), "New Tax Return Amount Due", false): All options with label 'New Tax Return Amount Due' are selected in object 'Object Repository/RAD_Pages/Landing_Page/dd_TaxType' 

2023-09-09 20:32:01 - [MESSAGE][PASSED] - All options with label 'New Tax Return Amount Due' are selected in object 'Object Repository/RAD_Pages/Landing_Page/dd_TaxType' 

2023-09-09 20:32:01 - [TEST_STEP][PASSED] - selectOptionByLabel(findTestObject("Object Repository/RAD_Pages/Landing_Page/select_NewTaxReturnAmountDue_TaxType"), "PTE Tax Electing Non-S Corp", false): All options with label 'PTE Tax Electing Non-S Corp' are selected in object 'Object Repository/RAD_Pages/Landing_Page/select_NewTaxReturnAmountDue_TaxType' 

2023-09-09 20:32:02 - [MESSAGE][PASSED] - All options with label 'PTE Tax Electing Non-S Corp' are selected in object 'Object Repository/RAD_Pages/Landing_Page/select_NewTaxReturnAmountDue_TaxType' 

2023-09-09 20:32:02 - [TEST_STEP][PASSED] - verifyElementPresent(findTestObject(orPath_TaxTypeFilingYear + "/select_FilingYear"), 30): Object 'Object Repository/RAD_Pages/TaxTypeFilingYear_Page/select_FilingYear' is present

2023-09-09 20:32:03 - [MESSAGE][PASSED] - Object 'Object Repository/RAD_Pages/TaxTypeFilingYear_Page/select_FilingYear' is present

2023-09-09 20:32:03 - [TEST_STEP][PASSED] - verifyElementVisible(findTestObject(orPath_TaxTypeFilingYear + "/select_FilingYear")): Object 'Object Repository/RAD_Pages/TaxTypeFilingYear_Page/select_FilingYear' is visible

2023-09-09 20:32:03 - [MESSAGE][PASSED] - Object 'Object Repository/RAD_Pages/TaxTypeFilingYear_Page/select_FilingYear' is visible

2023-09-09 20:32:03 - [TEST_STEP][PASSED] - totalOptionsFilingYear = getNumberOfTotalOption(findTestObject(orPath_TaxTypeFilingYear + "/select_FilingYear")): 4 options of object 'Object Repository/RAD_Pages/TaxTypeFilingYear_Page/select_FilingYear' counted

2023-09-09 20:32:04 - [MESSAGE][PASSED] - 4 options of object 'Object Repository/RAD_Pages/TaxTypeFilingYear_Page/select_FilingYear' counted

2023-09-09 20:32:04 - [TEST_STEP][PASSED] - verifyEqual(totalOptionsFilingYear, 4): Actual object '4' and expected object '4' are equal

2023-09-09 20:32:04 - [MESSAGE][PASSED] - Actual object '4' and expected object '4' are equal

2023-09-09 20:32:04 - [TEST_STEP][PASSED] - verifyOptionsPresent(findTestObject(orPath_TaxTypeFilingYear + "/select_FilingYear"), ["2022", "2021", "2020"]): Options [2022, 2021, 2020] present.

2023-09-09 20:32:04 - [MESSAGE][PASSED] - Options [2022, 2021, 2020] present.

2023-09-09 20:32:04 - [TEST_STEP][PASSED] - verifyElementNotVisible(findTestObject(orPath_TaxTypeFilingYear + "/select_PeriodEnding")): Object 'Object Repository/RAD_Pages/TaxTypeFilingYear_Page/select_PeriodEnding' is NOT visible

2023-09-09 20:32:05 - [MESSAGE][PASSED] - Object 'Object Repository/RAD_Pages/TaxTypeFilingYear_Page/select_PeriodEnding' is NOT visible

2023-09-09 20:32:05 - [TEST_STEP][PASSED] - verifyTextPresent("Taxpayer", true): Text 'Taxpayer' is present on page  using regular expression

2023-09-09 20:32:05 - [MESSAGE][PASSED] - Text 'Taxpayer' is present on page  using regular expression

2023-09-09 20:32:05 - [TEST_STEP][PASSED] - verifyTextPresent("Provide the following taxpayer information", true): Text 'Provide the following taxpayer information' is present on page  using regular expression

2023-09-09 20:32:06 - [MESSAGE][PASSED] - Text 'Provide the following taxpayer information' is present on page  using regular expression

2023-09-09 20:32:06 - [TEST_STEP][PASSED] - verifyTextPresent("Note: If you are paying on behalf of the Taxpayer, enter Taxpayer", true): Text 'Note: If you are paying on behalf of the Taxpayer, enter Taxpayer' is present on page  using regular expression

2023-09-09 20:32:06 - [MESSAGE][PASSED] - Text 'Note: If you are paying on behalf of the Taxpayer, enter Taxpayer' is present on page  using regular expression

2023-09-09 20:32:06 - [TEST_STEP][PASSED] - verifyTextPresent("information here. If you are making a payment for the Taxpayer, you will be required later to enter your own credit card, billing address and other pertinent information", true): Text 'information here. If you are making a payment for the Taxpayer, you will be required later to enter your own credit card, billing address and other pertinent information' is present on page  using regular expression

2023-09-09 20:32:06 - [MESSAGE][PASSED] - Text 'information here. If you are making a payment for the Taxpayer, you will be required later to enter your own credit card, billing address and other pertinent information' is present on page  using regular expression

2023-09-09 20:32:06 - [TEST_STEP][PASSED] - verifyElementVisible(findTestObject(orPath_TaxPayer + "/input_Note_businessName")): Object 'Object Repository/RAD_Pages/Taxpayer_Page/input_Note_businessName' is visible

2023-09-09 20:32:07 - [MESSAGE][PASSED] - Object 'Object Repository/RAD_Pages/Taxpayer_Page/input_Note_businessName' is visible

2023-09-09 20:32:07 - [TEST_STEP][PASSED] - verifyElementNotVisible(findTestObject(orPath_TaxPayer + "/input_firstName")): Object 'Object Repository/RAD_Pages/Taxpayer_Page/input_firstName' is NOT visible

2023-09-09 20:32:07 - [MESSAGE][PASSED] - Object 'Object Repository/RAD_Pages/Taxpayer_Page/input_firstName' is NOT visible

2023-09-09 20:32:07 - [TEST_STEP][PASSED] - verifyElementNotVisible(findTestObject(orPath_TaxPayer + "/input_middleName")): Object 'Object Repository/RAD_Pages/Taxpayer_Page/input_middleName' is NOT visible

2023-09-09 20:32:07 - [MESSAGE][PASSED] - Object 'Object Repository/RAD_Pages/Taxpayer_Page/input_middleName' is NOT visible

2023-09-09 20:32:07 - [TEST_STEP][PASSED] - verifyElementNotVisible(findTestObject(orPath_TaxPayer + "/input_lastName")): Object 'Object Repository/RAD_Pages/Taxpayer_Page/input_lastName' is NOT visible

2023-09-09 20:32:08 - [MESSAGE][PASSED] - Object 'Object Repository/RAD_Pages/Taxpayer_Page/input_lastName' is NOT visible

2023-09-09 20:32:08 - [TEST_STEP][PASSED] - verifyElementNotVisible(findTestObject(orPath_TaxPayer + "/input_suffix")): Object 'Object Repository/RAD_Pages/Taxpayer_Page/input_suffix' is NOT visible

2023-09-09 20:32:08 - [MESSAGE][PASSED] - Object 'Object Repository/RAD_Pages/Taxpayer_Page/input_suffix' is NOT visible

2023-09-09 20:32:08 - [TEST_STEP][PASSED] - verifyElementNotVisible(findTestObject("RAD_RecordAndPlay/input_concatSSN")): Object 'Object Repository/RAD_RecordAndPlay/input_concatSSN' is NOT visible

2023-09-09 20:32:09 - [MESSAGE][PASSED] - Object 'Object Repository/RAD_RecordAndPlay/input_concatSSN' is NOT visible

2023-09-09 20:32:09 - [TEST_STEP][PASSED] - verifyElementNotVisible(findTestObject("RAD_RecordAndPlay/input_concatReSSN")): Object 'Object Repository/RAD_RecordAndPlay/input_concatReSSN' is NOT visible

2023-09-09 20:32:09 - [MESSAGE][PASSED] - Object 'Object Repository/RAD_RecordAndPlay/input_concatReSSN' is NOT visible

2023-09-09 20:32:09 - [TEST_STEP][PASSED] - verifyTextPresent("Address and Contact Information", true): Text 'Address and Contact Information' is present on page  using regular expression

2023-09-09 20:32:10 - [MESSAGE][PASSED] - Text 'Address and Contact Information' is present on page  using regular expression

2023-09-09 20:32:10 - [TEST_STEP][PASSED] - verifyTextPresent("Enter the taxpayer", true): Text 'Enter the taxpayer' is present on page  using regular expression

2023-09-09 20:32:10 - [MESSAGE][PASSED] - Text 'Enter the taxpayer' is present on page  using regular expression

2023-09-09 20:32:10 - [TEST_STEP][PASSED] - verifyTextPresent("address and contact information", true): Text 'address and contact information' is present on page  using regular expression

2023-09-09 20:32:10 - [MESSAGE][PASSED] - Text 'address and contact information' is present on page  using regular expression

2023-09-09 20:32:10 - [TEST_STEP][PASSED] - verifyElementPresent(findTestObject(orPath_AddressContact + "/select_Country"), 30): Object 'Object Repository/RAD_Pages/AddressAndContactInfo_Page/select_Country' is present

2023-09-09 20:32:11 - [MESSAGE][PASSED] - Object 'Object Repository/RAD_Pages/AddressAndContactInfo_Page/select_Country' is present

2023-09-09 20:32:11 - [TEST_STEP][PASSED] - verifyElementPresent(findTestObject(orPath_AddressContact + "/input_streetAddress1"), 30): Object 'Object Repository/RAD_Pages/AddressAndContactInfo_Page/input_streetAddress1' is present

2023-09-09 20:32:11 - [MESSAGE][PASSED] - Object 'Object Repository/RAD_Pages/AddressAndContactInfo_Page/input_streetAddress1' is present

2023-09-09 20:32:11 - [TEST_STEP][PASSED] - verifyElementPresent(findTestObject(orPath_AddressContact + "/input_streetAddress2"), 30): Object 'Object Repository/RAD_Pages/AddressAndContactInfo_Page/input_streetAddress2' is present

2023-09-09 20:32:11 - [MESSAGE][PASSED] - Object 'Object Repository/RAD_Pages/AddressAndContactInfo_Page/input_streetAddress2' is present

2023-09-09 20:32:11 - [TEST_STEP][PASSED] - verifyElementPresent(findTestObject(orPath_AddressContact + "/input_city"), 30): Object 'Object Repository/RAD_Pages/AddressAndContactInfo_Page/input_city' is present

2023-09-09 20:32:12 - [MESSAGE][PASSED] - Object 'Object Repository/RAD_Pages/AddressAndContactInfo_Page/input_city' is present

2023-09-09 20:32:12 - [TEST_STEP][PASSED] - verifyElementPresent(findTestObject(orPath_AddressContact + "/select_State"), 30): Object 'Object Repository/RAD_Pages/AddressAndContactInfo_Page/select_State' is present

2023-09-09 20:32:12 - [MESSAGE][PASSED] - Object 'Object Repository/RAD_Pages/AddressAndContactInfo_Page/select_State' is present

2023-09-09 20:32:12 - [TEST_STEP][PASSED] - verifyElementPresent(findTestObject(orPath_AddressContact + "/input_zipCode"), 30): Object 'Object Repository/RAD_Pages/AddressAndContactInfo_Page/input_zipCode' is present

2023-09-09 20:32:12 - [MESSAGE][PASSED] - Object 'Object Repository/RAD_Pages/AddressAndContactInfo_Page/input_zipCode' is present

2023-09-09 20:32:12 - [TEST_STEP][PASSED] - verifyElementPresent(findTestObject(orPath_AddressContact + "/input_phoneNumber"), 30): Object 'Object Repository/RAD_Pages/AddressAndContactInfo_Page/input_phoneNumber' is present

2023-09-09 20:32:13 - [MESSAGE][PASSED] - Object 'Object Repository/RAD_Pages/AddressAndContactInfo_Page/input_phoneNumber' is present

2023-09-09 20:32:13 - [TEST_STEP][PASSED] - verifyElementPresent(findTestObject(orPath_AddressContact + "/input_eMailAddress"), 30): Object 'Object Repository/RAD_Pages/AddressAndContactInfo_Page/input_eMailAddress' is present

2023-09-09 20:32:13 - [MESSAGE][PASSED] - Object 'Object Repository/RAD_Pages/AddressAndContactInfo_Page/input_eMailAddress' is present

2023-09-09 20:32:13 - [TEST_STEP][PASSED] - verifyElementPresent(findTestObject(orPath_AddressContact + "/input_reEnterEMailAddress"), 30): Object 'Object Repository/RAD_Pages/AddressAndContactInfo_Page/input_reEnterEMailAddress' is present

2023-09-09 20:32:13 - [MESSAGE][PASSED] - Object 'Object Repository/RAD_Pages/AddressAndContactInfo_Page/input_reEnterEMailAddress' is present

2023-09-09 20:32:13 - [TEST_STEP][PASSED] - verifyOptionsPresent(findTestObject(orPath_AddressContact + "/select_Country"), ["United States"]): Options [United States] present.

2023-09-09 20:32:14 - [MESSAGE][PASSED] - Options [United States] present.

2023-09-09 20:32:14 - [TEST_STEP][PASSED] - verifyOptionsPresent(findTestObject(orPath_AddressContact + "/select_State"), ["Alabama", "District of Columbia", "Maryland", "Virginia", "Wyoming"]): Options [Alabama, District of Columbia, Maryland, Virginia, Wyoming] present.

2023-09-09 20:32:15 - [MESSAGE][PASSED] - Options [Alabama, District of Columbia, Maryland, Virginia, Wyoming] present.

2023-09-09 20:32:15 - [TEST_STEP][PASSED] - totalOptionsState = getNumberOfTotalOption(findTestObject(orPath_AddressContact + "/select_State")): 52 options of object 'Object Repository/RAD_Pages/AddressAndContactInfo_Page/select_State' counted

2023-09-09 20:32:16 - [MESSAGE][PASSED] - 52 options of object 'Object Repository/RAD_Pages/AddressAndContactInfo_Page/select_State' counted

2023-09-09 20:32:16 - [TEST_STEP][PASSED] - verifyEqual(totalOptionsState, 52): Actual object '52' and expected object '52' are equal

2023-09-09 20:32:16 - [MESSAGE][PASSED] - Actual object '52' and expected object '52' are equal

2023-09-09 20:32:16 - [TEST_STEP][PASSED] - verifyTextPresent("Tax Information", true): Text 'Tax Information' is present on page  using regular expression

2023-09-09 20:32:16 - [MESSAGE][PASSED] - Text 'Tax Information' is present on page  using regular expression

2023-09-09 20:32:16 - [TEST_STEP][PASSED] - verifyElementVisible(findTestObject(orPath_TaxInfo + "/input_FederalEIN-2")): Object 'Object Repository/RAD_Pages/TaxInfo_Page/input_FederalEIN-2' is visible

2023-09-09 20:32:17 - [MESSAGE][PASSED] - Object 'Object Repository/RAD_Pages/TaxInfo_Page/input_FederalEIN-2' is visible

2023-09-09 20:32:17 - [TEST_STEP][PASSED] - verifyElementVisible(findTestObject(orPath_TaxInfo + "/input_FederalEIN_ReEnter-2")): Object 'Object Repository/RAD_Pages/TaxInfo_Page/input_FederalEIN_ReEnter-2' is visible

2023-09-09 20:32:17 - [MESSAGE][PASSED] - Object 'Object Repository/RAD_Pages/TaxInfo_Page/input_FederalEIN_ReEnter-2' is visible

2023-09-09 20:32:17 - [TEST_STEP][PASSED] - verifyElementNotVisible(findTestObject(orPath_TaxInfo + "/input_NoticeInvoiceNumber")): Object 'Object Repository/RAD_Pages/TaxInfo_Page/input_NoticeInvoiceNumber' is NOT visible

2023-09-09 20:32:17 - [MESSAGE][PASSED] - Object 'Object Repository/RAD_Pages/TaxInfo_Page/input_NoticeInvoiceNumber' is NOT visible

2023-09-09 20:32:17 - [TEST_STEP][PASSED] - verifyElementNotVisible(findTestObject(orPath_TaxInfo + "/input_reTypeNoticeInvoiceNumber")): Object 'Object Repository/RAD_Pages/TaxInfo_Page/input_reTypeNoticeInvoiceNumber' is NOT visible

2023-09-09 20:32:18 - [MESSAGE][PASSED] - Object 'Object Repository/RAD_Pages/TaxInfo_Page/input_reTypeNoticeInvoiceNumber' is NOT visible

2023-09-09 20:32:18 - [TEST_STEP][PASSED] - verifyElementNotVisible(findTestObject(orPath_TaxInfo + "/input_MDCRegistrationEL")): Object 'Object Repository/RAD_Pages/TaxInfo_Page/input_MDCRegistrationEL' is NOT visible

2023-09-09 20:32:18 - [MESSAGE][PASSED] - Object 'Object Repository/RAD_Pages/TaxInfo_Page/input_MDCRegistrationEL' is NOT visible

2023-09-09 20:32:18 - [TEST_STEP][PASSED] - verifyElementNotVisible(findTestObject(orPath_FilingStatus + "/input_userType_Individual")): Object 'Object Repository/RAD_Pages/FilingStatus_Page/input_userType_Individual' is NOT visible

2023-09-09 20:32:18 - [MESSAGE][PASSED] - Object 'Object Repository/RAD_Pages/FilingStatus_Page/input_userType_Individual' is NOT visible

2023-09-09 20:32:18 - [TEST_STEP][PASSED] - verifyElementNotVisible(findTestObject(orPath_FilingStatus + "/input_userType_Joint")): Object 'Object Repository/RAD_Pages/FilingStatus_Page/input_userType_Joint' is NOT visible

2023-09-09 20:32:19 - [MESSAGE][PASSED] - Object 'Object Repository/RAD_Pages/FilingStatus_Page/input_userType_Joint' is NOT visible

2023-09-09 20:32:19 - [TEST_STEP][PASSED] - verifyTextPresent("Payment Amount", true): Text 'Payment Amount' is present on page  using regular expression

2023-09-09 20:32:19 - [MESSAGE][PASSED] - Text 'Payment Amount' is present on page  using regular expression

2023-09-09 20:32:19 - [TEST_STEP][PASSED] - verifyElementPresent(findTestObject(orPath_Amount + "/input__paymentAmount"), 30): Object 'Object Repository/RAD_Pages/PaymentAmount_Page/input__paymentAmount' is present

2023-09-09 20:32:20 - [MESSAGE][PASSED] - Object 'Object Repository/RAD_Pages/PaymentAmount_Page/input__paymentAmount' is present

2023-09-09 20:32:20 - [TEST_STEP][PASSED] - verifyElementVisible(findTestObject(orPath_Amount + "/input__paymentAmount")): Object 'Object Repository/RAD_Pages/PaymentAmount_Page/input__paymentAmount' is visible

2023-09-09 20:32:20 - [MESSAGE][PASSED] - Object 'Object Repository/RAD_Pages/PaymentAmount_Page/input__paymentAmount' is visible

2023-09-09 20:32:20 - [TEST_STEP][PASSED] - verifyTextPresent("Service Fee: This electronic government service includes a service/convenience fee. Click here for details", true): Text 'Service Fee: This electronic government service includes a service/convenience fee. Click here for details' is present on page  using regular expression

2023-09-09 20:32:20 - [MESSAGE][PASSED] - Text 'Service Fee: This electronic government service includes a service/convenience fee. Click here for details' is present on page  using regular expression

2023-09-09 20:32:20 - [TEST_STEP][PASSED] - verifyElementPresent(findTestObject(orPath_Amount + "/a_Click here for details"), 30): Object 'Object Repository/RAD_Pages/PaymentAmount_Page/a_Click here for details' is present

2023-09-09 20:32:21 - [MESSAGE][PASSED] - Object 'Object Repository/RAD_Pages/PaymentAmount_Page/a_Click here for details' is present

2023-09-09 20:32:21 - [TEST_STEP][PASSED] - verifyElementPresent(findTestObject(orPath_Landing + "/button_Continue"), 30): Object 'Object Repository/RAD_Pages/Landing_Page/button_Continue' is present

2023-09-09 20:32:21 - [MESSAGE][PASSED] - Object 'Object Repository/RAD_Pages/Landing_Page/button_Continue' is present]]></system-out>
         <system-err><![CDATA[]]></system-err>
      </testcase>
      <testcase name="Test Cases/RAD_TestCases/UI_TestCases/New Liability/NewLiability_PTETaxElectingSCorp_UI_TC" time="25.175" classname="Test Cases/RAD_TestCases/UI_TestCases/New Liability/NewLiability_PTETaxElectingSCorp_UI_TC" status="PASSED">
         <system-out><![CDATA[2023-09-09 20:32:21 - [TEST_CASE][PASSED] - Test Cases/RAD_TestCases/UI_TestCases/New Liability/NewLiability_PTETaxElectingSCorp_UI_TC: Test Cases/RAD_TestCases/UI_TestCases/New Liability/NewLiability_PTETaxElectingSCorp_UI_TC

2023-09-09 20:32:21 - [TEST_STEP][PASSED] - openBrowser(""): Browser is opened with url: ''

2023-09-09 20:32:21 - [MESSAGE][WARNING] - A browser is already opened. Closing browser and opening a new one

2023-09-09 20:32:22 - [MESSAGE][INFO] - Starting 'Chrome' driver

2023-09-09 20:32:22 - [MESSAGE][INFO] - User set preference: ['acceptInsecureCerts', 'true']

2023-09-09 20:32:22 - [MESSAGE][INFO] - Action delay is set to 0 milliseconds

2023-09-09 20:32:24 - [MESSAGE][PASSED] - Browser is opened with url: ''

2023-09-09 20:32:24 - [TEST_STEP][PASSED] - maximizeWindow(): Current window maximized

2023-09-09 20:32:24 - [MESSAGE][PASSED] - Current window maximized

2023-09-09 20:32:24 - [TEST_STEP][PASSED] - navigateToUrl(RADurl): Navigate to 'https://qa2.velocitypayment.com/client/rad/index.html' successfully

2023-09-09 20:32:25 - [MESSAGE][PASSED] - Navigate to 'https://qa2.velocitypayment.com/client/rad/index.html' successfully

2023-09-09 20:32:25 - [TEST_STEP][PASSED] - orPath_Landing = "Object Repository/RAD_Pages/Landing_Page": null

2023-09-09 20:32:25 - [TEST_STEP][PASSED] - orPath_TaxTypeFilingYear = "Object Repository/RAD_Pages/TaxTypeFilingYear_Page": null

2023-09-09 20:32:25 - [TEST_STEP][PASSED] - orPath_TaxPayer = "Object Repository/RAD_Pages/Taxpayer_Page": null

2023-09-09 20:32:25 - [TEST_STEP][PASSED] - orPath_AddressContact = "Object Repository/RAD_Pages/AddressAndContactInfo_Page": null

2023-09-09 20:32:25 - [TEST_STEP][PASSED] - orPath_FilingStatus = "Object Repository/RAD_Pages/FilingStatus_Page": null

2023-09-09 20:32:25 - [TEST_STEP][PASSED] - orPath_Amount = "Object Repository/RAD_Pages/PaymentAmount_Page": null

2023-09-09 20:32:25 - [TEST_STEP][PASSED] - orPath_TaxInfo = "Object Repository/RAD_Pages/TaxInfo_Page": null

2023-09-09 20:32:25 - [TEST_STEP][PASSED] - selectOptionByLabel(findTestObject(orPath_Landing + "/dd_TaxType"), "New Tax Return Amount Due", false): All options with label 'New Tax Return Amount Due' are selected in object 'Object Repository/RAD_Pages/Landing_Page/dd_TaxType' 

2023-09-09 20:32:26 - [MESSAGE][PASSED] - All options with label 'New Tax Return Amount Due' are selected in object 'Object Repository/RAD_Pages/Landing_Page/dd_TaxType' 

2023-09-09 20:32:26 - [TEST_STEP][PASSED] - selectOptionByLabel(findTestObject("Object Repository/RAD_Pages/Landing_Page/select_NewTaxReturnAmountDue_TaxType"), "PTE Tax Electing S Corp", false): All options with label 'PTE Tax Electing S Corp' are selected in object 'Object Repository/RAD_Pages/Landing_Page/select_NewTaxReturnAmountDue_TaxType' 

2023-09-09 20:32:27 - [MESSAGE][PASSED] - All options with label 'PTE Tax Electing S Corp' are selected in object 'Object Repository/RAD_Pages/Landing_Page/select_NewTaxReturnAmountDue_TaxType' 

2023-09-09 20:32:27 - [TEST_STEP][PASSED] - verifyElementPresent(findTestObject(orPath_TaxTypeFilingYear + "/select_FilingYear"), 30): Object 'Object Repository/RAD_Pages/TaxTypeFilingYear_Page/select_FilingYear' is present

2023-09-09 20:32:27 - [MESSAGE][PASSED] - Object 'Object Repository/RAD_Pages/TaxTypeFilingYear_Page/select_FilingYear' is present

2023-09-09 20:32:27 - [TEST_STEP][PASSED] - verifyElementVisible(findTestObject(orPath_TaxTypeFilingYear + "/select_FilingYear")): Object 'Object Repository/RAD_Pages/TaxTypeFilingYear_Page/select_FilingYear' is visible

2023-09-09 20:32:28 - [MESSAGE][PASSED] - Object 'Object Repository/RAD_Pages/TaxTypeFilingYear_Page/select_FilingYear' is visible

2023-09-09 20:32:28 - [TEST_STEP][PASSED] - totalOptionsFilingYear = getNumberOfTotalOption(findTestObject(orPath_TaxTypeFilingYear + "/select_FilingYear")): 4 options of object 'Object Repository/RAD_Pages/TaxTypeFilingYear_Page/select_FilingYear' counted

2023-09-09 20:32:28 - [MESSAGE][PASSED] - 4 options of object 'Object Repository/RAD_Pages/TaxTypeFilingYear_Page/select_FilingYear' counted

2023-09-09 20:32:28 - [TEST_STEP][PASSED] - verifyEqual(totalOptionsFilingYear, 4): Actual object '4' and expected object '4' are equal

2023-09-09 20:32:28 - [MESSAGE][PASSED] - Actual object '4' and expected object '4' are equal

2023-09-09 20:32:28 - [TEST_STEP][PASSED] - verifyOptionsPresent(findTestObject(orPath_TaxTypeFilingYear + "/select_FilingYear"), ["2022", "2021", "2020"]): Options [2022, 2021, 2020] present.

2023-09-09 20:32:29 - [MESSAGE][PASSED] - Options [2022, 2021, 2020] present.

2023-09-09 20:32:29 - [TEST_STEP][PASSED] - verifyElementNotVisible(findTestObject(orPath_TaxTypeFilingYear + "/select_PeriodEnding")): Object 'Object Repository/RAD_Pages/TaxTypeFilingYear_Page/select_PeriodEnding' is NOT visible

2023-09-09 20:32:29 - [MESSAGE][PASSED] - Object 'Object Repository/RAD_Pages/TaxTypeFilingYear_Page/select_PeriodEnding' is NOT visible

2023-09-09 20:32:29 - [TEST_STEP][PASSED] - verifyTextPresent("Taxpayer", true): Text 'Taxpayer' is present on page  using regular expression

2023-09-09 20:32:30 - [MESSAGE][PASSED] - Text 'Taxpayer' is present on page  using regular expression

2023-09-09 20:32:30 - [TEST_STEP][PASSED] - verifyTextPresent("Provide the following taxpayer information", true): Text 'Provide the following taxpayer information' is present on page  using regular expression

2023-09-09 20:32:30 - [MESSAGE][PASSED] - Text 'Provide the following taxpayer information' is present on page  using regular expression

2023-09-09 20:32:30 - [TEST_STEP][PASSED] - verifyTextPresent("Note: If you are paying on behalf of the Taxpayer, enter Taxpayer", true): Text 'Note: If you are paying on behalf of the Taxpayer, enter Taxpayer' is present on page  using regular expression

2023-09-09 20:32:31 - [MESSAGE][PASSED] - Text 'Note: If you are paying on behalf of the Taxpayer, enter Taxpayer' is present on page  using regular expression

2023-09-09 20:32:31 - [TEST_STEP][PASSED] - verifyTextPresent("information here. If you are making a payment for the Taxpayer, you will be required later to enter your own credit card, billing address and other pertinent information", true): Text 'information here. If you are making a payment for the Taxpayer, you will be required later to enter your own credit card, billing address and other pertinent information' is present on page  using regular expression

2023-09-09 20:32:31 - [MESSAGE][PASSED] - Text 'information here. If you are making a payment for the Taxpayer, you will be required later to enter your own credit card, billing address and other pertinent information' is present on page  using regular expression

2023-09-09 20:32:31 - [TEST_STEP][PASSED] - verifyElementVisible(findTestObject(orPath_TaxPayer + "/input_Note_businessName")): Object 'Object Repository/RAD_Pages/Taxpayer_Page/input_Note_businessName' is visible

2023-09-09 20:32:31 - [MESSAGE][PASSED] - Object 'Object Repository/RAD_Pages/Taxpayer_Page/input_Note_businessName' is visible

2023-09-09 20:32:31 - [TEST_STEP][PASSED] - verifyElementNotVisible(findTestObject(orPath_TaxPayer + "/input_firstName")): Object 'Object Repository/RAD_Pages/Taxpayer_Page/input_firstName' is NOT visible

2023-09-09 20:32:32 - [MESSAGE][PASSED] - Object 'Object Repository/RAD_Pages/Taxpayer_Page/input_firstName' is NOT visible

2023-09-09 20:32:32 - [TEST_STEP][PASSED] - verifyElementNotVisible(findTestObject(orPath_TaxPayer + "/input_middleName")): Object 'Object Repository/RAD_Pages/Taxpayer_Page/input_middleName' is NOT visible

2023-09-09 20:32:32 - [MESSAGE][PASSED] - Object 'Object Repository/RAD_Pages/Taxpayer_Page/input_middleName' is NOT visible

2023-09-09 20:32:32 - [TEST_STEP][PASSED] - verifyElementNotVisible(findTestObject(orPath_TaxPayer + "/input_lastName")): Object 'Object Repository/RAD_Pages/Taxpayer_Page/input_lastName' is NOT visible

2023-09-09 20:32:32 - [MESSAGE][PASSED] - Object 'Object Repository/RAD_Pages/Taxpayer_Page/input_lastName' is NOT visible

2023-09-09 20:32:32 - [TEST_STEP][PASSED] - verifyElementNotVisible(findTestObject(orPath_TaxPayer + "/input_suffix")): Object 'Object Repository/RAD_Pages/Taxpayer_Page/input_suffix' is NOT visible

2023-09-09 20:32:33 - [MESSAGE][PASSED] - Object 'Object Repository/RAD_Pages/Taxpayer_Page/input_suffix' is NOT visible

2023-09-09 20:32:33 - [TEST_STEP][PASSED] - verifyElementNotVisible(findTestObject("RAD_RecordAndPlay/input_concatSSN")): Object 'Object Repository/RAD_RecordAndPlay/input_concatSSN' is NOT visible

2023-09-09 20:32:33 - [MESSAGE][PASSED] - Object 'Object Repository/RAD_RecordAndPlay/input_concatSSN' is NOT visible

2023-09-09 20:32:33 - [TEST_STEP][PASSED] - verifyElementNotVisible(findTestObject("RAD_RecordAndPlay/input_concatReSSN")): Object 'Object Repository/RAD_RecordAndPlay/input_concatReSSN' is NOT visible

2023-09-09 20:32:34 - [MESSAGE][PASSED] - Object 'Object Repository/RAD_RecordAndPlay/input_concatReSSN' is NOT visible

2023-09-09 20:32:34 - [TEST_STEP][PASSED] - verifyTextPresent("Address and Contact Information", true): Text 'Address and Contact Information' is present on page  using regular expression

2023-09-09 20:32:34 - [MESSAGE][PASSED] - Text 'Address and Contact Information' is present on page  using regular expression

2023-09-09 20:32:34 - [TEST_STEP][PASSED] - verifyTextPresent("Enter the taxpayer", true): Text 'Enter the taxpayer' is present on page  using regular expression

2023-09-09 20:32:35 - [MESSAGE][PASSED] - Text 'Enter the taxpayer' is present on page  using regular expression

2023-09-09 20:32:35 - [TEST_STEP][PASSED] - verifyTextPresent("address and contact information", true): Text 'address and contact information' is present on page  using regular expression

2023-09-09 20:32:35 - [MESSAGE][PASSED] - Text 'address and contact information' is present on page  using regular expression

2023-09-09 20:32:35 - [TEST_STEP][PASSED] - verifyElementPresent(findTestObject(orPath_AddressContact + "/select_Country"), 30): Object 'Object Repository/RAD_Pages/AddressAndContactInfo_Page/select_Country' is present

2023-09-09 20:32:35 - [MESSAGE][PASSED] - Object 'Object Repository/RAD_Pages/AddressAndContactInfo_Page/select_Country' is present

2023-09-09 20:32:35 - [TEST_STEP][PASSED] - verifyElementPresent(findTestObject(orPath_AddressContact + "/input_streetAddress1"), 30): Object 'Object Repository/RAD_Pages/AddressAndContactInfo_Page/input_streetAddress1' is present

2023-09-09 20:32:36 - [MESSAGE][PASSED] - Object 'Object Repository/RAD_Pages/AddressAndContactInfo_Page/input_streetAddress1' is present

2023-09-09 20:32:36 - [TEST_STEP][PASSED] - verifyElementPresent(findTestObject(orPath_AddressContact + "/input_streetAddress2"), 30): Object 'Object Repository/RAD_Pages/AddressAndContactInfo_Page/input_streetAddress2' is present

2023-09-09 20:32:36 - [MESSAGE][PASSED] - Object 'Object Repository/RAD_Pages/AddressAndContactInfo_Page/input_streetAddress2' is present

2023-09-09 20:32:36 - [TEST_STEP][PASSED] - verifyElementPresent(findTestObject(orPath_AddressContact + "/input_city"), 30): Object 'Object Repository/RAD_Pages/AddressAndContactInfo_Page/input_city' is present

2023-09-09 20:32:36 - [MESSAGE][PASSED] - Object 'Object Repository/RAD_Pages/AddressAndContactInfo_Page/input_city' is present

2023-09-09 20:32:36 - [TEST_STEP][PASSED] - verifyElementPresent(findTestObject(orPath_AddressContact + "/select_State"), 30): Object 'Object Repository/RAD_Pages/AddressAndContactInfo_Page/select_State' is present

2023-09-09 20:32:37 - [MESSAGE][PASSED] - Object 'Object Repository/RAD_Pages/AddressAndContactInfo_Page/select_State' is present

2023-09-09 20:32:37 - [TEST_STEP][PASSED] - verifyElementPresent(findTestObject(orPath_AddressContact + "/input_zipCode"), 30): Object 'Object Repository/RAD_Pages/AddressAndContactInfo_Page/input_zipCode' is present

2023-09-09 20:32:37 - [MESSAGE][PASSED] - Object 'Object Repository/RAD_Pages/AddressAndContactInfo_Page/input_zipCode' is present

2023-09-09 20:32:37 - [TEST_STEP][PASSED] - verifyElementPresent(findTestObject(orPath_AddressContact + "/input_phoneNumber"), 30): Object 'Object Repository/RAD_Pages/AddressAndContactInfo_Page/input_phoneNumber' is present

2023-09-09 20:32:37 - [MESSAGE][PASSED] - Object 'Object Repository/RAD_Pages/AddressAndContactInfo_Page/input_phoneNumber' is present

2023-09-09 20:32:37 - [TEST_STEP][PASSED] - verifyElementPresent(findTestObject(orPath_AddressContact + "/input_eMailAddress"), 30): Object 'Object Repository/RAD_Pages/AddressAndContactInfo_Page/input_eMailAddress' is present

2023-09-09 20:32:38 - [MESSAGE][PASSED] - Object 'Object Repository/RAD_Pages/AddressAndContactInfo_Page/input_eMailAddress' is present

2023-09-09 20:32:38 - [TEST_STEP][PASSED] - verifyElementPresent(findTestObject(orPath_AddressContact + "/input_reEnterEMailAddress"), 30): Object 'Object Repository/RAD_Pages/AddressAndContactInfo_Page/input_reEnterEMailAddress' is present

2023-09-09 20:32:38 - [MESSAGE][PASSED] - Object 'Object Repository/RAD_Pages/AddressAndContactInfo_Page/input_reEnterEMailAddress' is present

2023-09-09 20:32:38 - [TEST_STEP][PASSED] - verifyOptionsPresent(findTestObject(orPath_AddressContact + "/select_Country"), ["United States"]): Options [United States] present.

2023-09-09 20:32:39 - [MESSAGE][PASSED] - Options [United States] present.

2023-09-09 20:32:39 - [TEST_STEP][PASSED] - verifyOptionsPresent(findTestObject(orPath_AddressContact + "/select_State"), ["Alabama", "District of Columbia", "Maryland", "Virginia", "Wyoming"]): Options [Alabama, District of Columbia, Maryland, Virginia, Wyoming] present.

2023-09-09 20:32:40 - [MESSAGE][PASSED] - Options [Alabama, District of Columbia, Maryland, Virginia, Wyoming] present.

2023-09-09 20:32:40 - [TEST_STEP][PASSED] - totalOptionsState = getNumberOfTotalOption(findTestObject(orPath_AddressContact + "/select_State")): 52 options of object 'Object Repository/RAD_Pages/AddressAndContactInfo_Page/select_State' counted

2023-09-09 20:32:41 - [MESSAGE][PASSED] - 52 options of object 'Object Repository/RAD_Pages/AddressAndContactInfo_Page/select_State' counted

2023-09-09 20:32:41 - [TEST_STEP][PASSED] - verifyEqual(totalOptionsState, 52): Actual object '52' and expected object '52' are equal

2023-09-09 20:32:41 - [MESSAGE][PASSED] - Actual object '52' and expected object '52' are equal

2023-09-09 20:32:41 - [TEST_STEP][PASSED] - verifyTextPresent("Tax Information", true): Text 'Tax Information' is present on page  using regular expression

2023-09-09 20:32:41 - [MESSAGE][PASSED] - Text 'Tax Information' is present on page  using regular expression

2023-09-09 20:32:41 - [TEST_STEP][PASSED] - verifyElementVisible(findTestObject(orPath_TaxInfo + "/input_FederalEIN-2")): Object 'Object Repository/RAD_Pages/TaxInfo_Page/input_FederalEIN-2' is visible

2023-09-09 20:32:41 - [MESSAGE][PASSED] - Object 'Object Repository/RAD_Pages/TaxInfo_Page/input_FederalEIN-2' is visible

2023-09-09 20:32:41 - [TEST_STEP][PASSED] - verifyElementVisible(findTestObject(orPath_TaxInfo + "/input_FederalEIN_ReEnter-2")): Object 'Object Repository/RAD_Pages/TaxInfo_Page/input_FederalEIN_ReEnter-2' is visible

2023-09-09 20:32:42 - [MESSAGE][PASSED] - Object 'Object Repository/RAD_Pages/TaxInfo_Page/input_FederalEIN_ReEnter-2' is visible

2023-09-09 20:32:42 - [TEST_STEP][PASSED] - verifyElementNotVisible(findTestObject(orPath_TaxInfo + "/input_NoticeInvoiceNumber")): Object 'Object Repository/RAD_Pages/TaxInfo_Page/input_NoticeInvoiceNumber' is NOT visible

2023-09-09 20:32:42 - [MESSAGE][PASSED] - Object 'Object Repository/RAD_Pages/TaxInfo_Page/input_NoticeInvoiceNumber' is NOT visible

2023-09-09 20:32:42 - [TEST_STEP][PASSED] - verifyElementNotVisible(findTestObject(orPath_TaxInfo + "/input_reTypeNoticeInvoiceNumber")): Object 'Object Repository/RAD_Pages/TaxInfo_Page/input_reTypeNoticeInvoiceNumber' is NOT visible

2023-09-09 20:32:43 - [MESSAGE][PASSED] - Object 'Object Repository/RAD_Pages/TaxInfo_Page/input_reTypeNoticeInvoiceNumber' is NOT visible

2023-09-09 20:32:43 - [TEST_STEP][PASSED] - verifyElementNotVisible(findTestObject(orPath_TaxInfo + "/input_MDCRegistrationEL")): Object 'Object Repository/RAD_Pages/TaxInfo_Page/input_MDCRegistrationEL' is NOT visible

2023-09-09 20:32:43 - [MESSAGE][PASSED] - Object 'Object Repository/RAD_Pages/TaxInfo_Page/input_MDCRegistrationEL' is NOT visible

2023-09-09 20:32:43 - [TEST_STEP][PASSED] - verifyElementNotVisible(findTestObject(orPath_FilingStatus + "/input_userType_Individual")): Object 'Object Repository/RAD_Pages/FilingStatus_Page/input_userType_Individual' is NOT visible

2023-09-09 20:32:44 - [MESSAGE][PASSED] - Object 'Object Repository/RAD_Pages/FilingStatus_Page/input_userType_Individual' is NOT visible

2023-09-09 20:32:44 - [TEST_STEP][PASSED] - verifyElementNotVisible(findTestObject(orPath_FilingStatus + "/input_userType_Joint")): Object 'Object Repository/RAD_Pages/FilingStatus_Page/input_userType_Joint' is NOT visible

2023-09-09 20:32:44 - [MESSAGE][PASSED] - Object 'Object Repository/RAD_Pages/FilingStatus_Page/input_userType_Joint' is NOT visible

2023-09-09 20:32:44 - [TEST_STEP][PASSED] - verifyTextPresent("Payment Amount", true): Text 'Payment Amount' is present on page  using regular expression

2023-09-09 20:32:44 - [MESSAGE][PASSED] - Text 'Payment Amount' is present on page  using regular expression

2023-09-09 20:32:44 - [TEST_STEP][PASSED] - verifyElementPresent(findTestObject(orPath_Amount + "/input__paymentAmount"), 30): Object 'Object Repository/RAD_Pages/PaymentAmount_Page/input__paymentAmount' is present

2023-09-09 20:32:45 - [MESSAGE][PASSED] - Object 'Object Repository/RAD_Pages/PaymentAmount_Page/input__paymentAmount' is present

2023-09-09 20:32:45 - [TEST_STEP][PASSED] - verifyElementVisible(findTestObject(orPath_Amount + "/input__paymentAmount")): Object 'Object Repository/RAD_Pages/PaymentAmount_Page/input__paymentAmount' is visible

2023-09-09 20:32:45 - [MESSAGE][PASSED] - Object 'Object Repository/RAD_Pages/PaymentAmount_Page/input__paymentAmount' is visible

2023-09-09 20:32:45 - [TEST_STEP][PASSED] - verifyTextPresent("Service Fee: This electronic government service includes a service/convenience fee. Click here for details", true): Text 'Service Fee: This electronic government service includes a service/convenience fee. Click here for details' is present on page  using regular expression

2023-09-09 20:32:45 - [MESSAGE][PASSED] - Text 'Service Fee: This electronic government service includes a service/convenience fee. Click here for details' is present on page  using regular expression

2023-09-09 20:32:45 - [TEST_STEP][PASSED] - verifyElementPresent(findTestObject(orPath_Amount + "/a_Click here for details"), 30): Object 'Object Repository/RAD_Pages/PaymentAmount_Page/a_Click here for details' is present

2023-09-09 20:32:46 - [MESSAGE][PASSED] - Object 'Object Repository/RAD_Pages/PaymentAmount_Page/a_Click here for details' is present

2023-09-09 20:32:46 - [TEST_STEP][PASSED] - verifyElementPresent(findTestObject(orPath_Landing + "/button_Continue"), 30): Object 'Object Repository/RAD_Pages/Landing_Page/button_Continue' is present

2023-09-09 20:32:46 - [MESSAGE][PASSED] - Object 'Object Repository/RAD_Pages/Landing_Page/button_Continue' is present]]></system-out>
         <system-err><![CDATA[]]></system-err>
      </testcase>
      <testcase name="Test Cases/RAD_TestCases/UI_TestCases/New Liability/NewLiability_UI_TC" time="25.463" classname="Test Cases/RAD_TestCases/UI_TestCases/New Liability/NewLiability_UI_TC" status="PASSED">
         <system-out><![CDATA[2023-09-09 20:32:46 - [TEST_CASE][PASSED] - Test Cases/RAD_TestCases/UI_TestCases/New Liability/NewLiability_UI_TC: Test Cases/RAD_TestCases/UI_TestCases/New Liability/NewLiability_UI_TC

2023-09-09 20:32:46 - [TEST_STEP][PASSED] - openBrowser(""): Browser is opened with url: ''

2023-09-09 20:32:47 - [MESSAGE][WARNING] - A browser is already opened. Closing browser and opening a new one

2023-09-09 20:32:47 - [MESSAGE][INFO] - Starting 'Chrome' driver

2023-09-09 20:32:47 - [MESSAGE][INFO] - User set preference: ['acceptInsecureCerts', 'true']

2023-09-09 20:32:47 - [MESSAGE][INFO] - Action delay is set to 0 milliseconds

2023-09-09 20:32:49 - [MESSAGE][PASSED] - Browser is opened with url: ''

2023-09-09 20:32:49 - [TEST_STEP][PASSED] - maximizeWindow(): Current window maximized

2023-09-09 20:32:49 - [MESSAGE][PASSED] - Current window maximized

2023-09-09 20:32:49 - [TEST_STEP][PASSED] - navigateToUrl(RADurl): Navigate to 'https://qa2.velocitypayment.com/client/rad/index.html' successfully

2023-09-09 20:32:50 - [MESSAGE][PASSED] - Navigate to 'https://qa2.velocitypayment.com/client/rad/index.html' successfully

2023-09-09 20:32:50 - [TEST_STEP][PASSED] - orPath_Landing = "Object Repository/RAD_Pages/Landing_Page": null

2023-09-09 20:32:50 - [TEST_STEP][PASSED] - orPath_TaxTypeFilingYear = "Object Repository/RAD_Pages/TaxTypeFilingYear_Page": null

2023-09-09 20:32:50 - [TEST_STEP][PASSED] - orPath_TaxPayer = "Object Repository/RAD_Pages/Taxpayer_Page": null

2023-09-09 20:32:50 - [TEST_STEP][PASSED] - orPath_AddressContact = "Object Repository/RAD_Pages/AddressAndContactInfo_Page": null

2023-09-09 20:32:50 - [TEST_STEP][PASSED] - orPath_FilingStatus = "Object Repository/RAD_Pages/FilingStatus_Page": null

2023-09-09 20:32:50 - [TEST_STEP][PASSED] - orPath_Amount = "Object Repository/RAD_Pages/PaymentAmount_Page": null

2023-09-09 20:32:50 - [TEST_STEP][PASSED] - orPath_TaxInfo = "Object Repository/RAD_Pages/TaxInfo_Page": null

2023-09-09 20:32:50 - [TEST_STEP][PASSED] - selectOptionByLabel(findTestObject(orPath_Landing + "/dd_TaxType"), "New Tax Return Amount Due", false): All options with label 'New Tax Return Amount Due' are selected in object 'Object Repository/RAD_Pages/Landing_Page/dd_TaxType' 

2023-09-09 20:32:51 - [MESSAGE][PASSED] - All options with label 'New Tax Return Amount Due' are selected in object 'Object Repository/RAD_Pages/Landing_Page/dd_TaxType' 

2023-09-09 20:32:51 - [TEST_STEP][PASSED] - totalOptionsPaymentType = getNumberOfTotalOption(findTestObject("Object Repository/RAD_Pages/Landing_Page/select_NewTaxReturnAmountDue_TaxType")): 21 options of object 'Object Repository/RAD_Pages/Landing_Page/select_NewTaxReturnAmountDue_TaxType' counted

2023-09-09 20:32:52 - [MESSAGE][PASSED] - 21 options of object 'Object Repository/RAD_Pages/Landing_Page/select_NewTaxReturnAmountDue_TaxType' counted

2023-09-09 20:32:52 - [TEST_STEP][PASSED] - if (verifyEqual(totalOptionsPaymentType, 21)): null

2023-09-09 20:32:52 - [MESSAGE][PASSED] - Actual object '21' and expected object '21' are equal

2023-09-09 20:32:52 - [TEST_STEP][PASSED] - out.println("Total Options for Payment Type are correct: " + totalOptionsPaymentType): null

2023-09-09 20:32:52 - [TEST_STEP][PASSED] - markPassed("Total Options are correct for Payment Type"): Total Options are correct for Payment Type

2023-09-09 20:32:52 - [MESSAGE][PASSED] - Total Options are correct for Payment Type

2023-09-09 20:32:52 - [TEST_STEP][PASSED] - verifyOptionsPresent(findTestObject("Object Repository/RAD_Pages/Landing_Page/select_NewTaxReturnAmountDue_TaxType"), ["Fiduciary Tax", "Personal Income Tax", "PTE Non-Electing Non-S Corp", "PTE Non-Electing S Corp", "PTE Tax Electing Non-S Corp", "PTE Tax Electing S Corp"]): Options [Fiduciary Tax, Personal Income Tax, PTE Non-Electing Non-S Corp, PTE Non-Electing S Corp, PTE Tax Electing Non-S Corp, PTE Tax Electing S Corp] present.

2023-09-09 20:32:53 - [MESSAGE][PASSED] - Options [Fiduciary Tax, Personal Income Tax, PTE Non-Electing Non-S Corp, PTE Non-Electing S Corp, PTE Tax Electing Non-S Corp, PTE Tax Electing S Corp] present.

2023-09-09 20:32:53 - [TEST_STEP][PASSED] - verifyElementPresent(findTestObject(orPath_TaxTypeFilingYear + "/select_FilingYear"), 30): Object 'Object Repository/RAD_Pages/TaxTypeFilingYear_Page/select_FilingYear' is present

2023-09-09 20:32:53 - [MESSAGE][PASSED] - Object 'Object Repository/RAD_Pages/TaxTypeFilingYear_Page/select_FilingYear' is present

2023-09-09 20:32:53 - [TEST_STEP][PASSED] - verifyElementVisible(findTestObject(orPath_TaxTypeFilingYear + "/select_FilingYear")): Object 'Object Repository/RAD_Pages/TaxTypeFilingYear_Page/select_FilingYear' is visible

2023-09-09 20:32:53 - [MESSAGE][PASSED] - Object 'Object Repository/RAD_Pages/TaxTypeFilingYear_Page/select_FilingYear' is visible

2023-09-09 20:32:53 - [TEST_STEP][PASSED] - totalOptionsFilingYear = getNumberOfTotalOption(findTestObject(orPath_TaxTypeFilingYear + "/select_FilingYear")): 4 options of object 'Object Repository/RAD_Pages/TaxTypeFilingYear_Page/select_FilingYear' counted

2023-09-09 20:32:54 - [MESSAGE][PASSED] - 4 options of object 'Object Repository/RAD_Pages/TaxTypeFilingYear_Page/select_FilingYear' counted

2023-09-09 20:32:54 - [TEST_STEP][PASSED] - verifyEqual(totalOptionsFilingYear, 4): Actual object '4' and expected object '4' are equal

2023-09-09 20:32:54 - [MESSAGE][PASSED] - Actual object '4' and expected object '4' are equal

2023-09-09 20:32:54 - [TEST_STEP][PASSED] - verifyOptionsPresent(findTestObject(orPath_TaxTypeFilingYear + "/select_FilingYear"), ["Select", "2023", "2022", "2021"]): Options [Select, 2023, 2022, 2021] present.

2023-09-09 20:32:55 - [MESSAGE][PASSED] - Options [Select, 2023, 2022, 2021] present.

2023-09-09 20:32:55 - [TEST_STEP][PASSED] - verifyElementNotVisible(findTestObject(orPath_TaxTypeFilingYear + "/select_PeriodEnding")): Object 'Object Repository/RAD_Pages/TaxTypeFilingYear_Page/select_PeriodEnding' is NOT visible

2023-09-09 20:32:55 - [MESSAGE][PASSED] - Object 'Object Repository/RAD_Pages/TaxTypeFilingYear_Page/select_PeriodEnding' is NOT visible

2023-09-09 20:32:55 - [TEST_STEP][PASSED] - verifyTextPresent("Payment Type/Filing Year", true): Text 'Payment Type/Filing Year' is present on page  using regular expression

2023-09-09 20:32:56 - [MESSAGE][PASSED] - Text 'Payment Type/Filing Year' is present on page  using regular expression

2023-09-09 20:32:56 - [TEST_STEP][PASSED] - verifyTextPresent("Taxpayer", true): Text 'Taxpayer' is present on page  using regular expression

2023-09-09 20:32:56 - [MESSAGE][PASSED] - Text 'Taxpayer' is present on page  using regular expression

2023-09-09 20:32:56 - [TEST_STEP][PASSED] - verifyTextPresent("Provide the following taxpayer information", true): Text 'Provide the following taxpayer information' is present on page  using regular expression

2023-09-09 20:32:56 - [MESSAGE][PASSED] - Text 'Provide the following taxpayer information' is present on page  using regular expression

2023-09-09 20:32:56 - [TEST_STEP][PASSED] - verifyTextPresent("Note: If you are paying on behalf of the Taxpayer, enter Taxpayer", true): Text 'Note: If you are paying on behalf of the Taxpayer, enter Taxpayer' is present on page  using regular expression

2023-09-09 20:32:57 - [MESSAGE][PASSED] - Text 'Note: If you are paying on behalf of the Taxpayer, enter Taxpayer' is present on page  using regular expression

2023-09-09 20:32:57 - [TEST_STEP][PASSED] - verifyTextPresent("information here. If you are making a payment for the Taxpayer, you will be required later to enter your own credit card, billing address and other pertinent information", true): Text 'information here. If you are making a payment for the Taxpayer, you will be required later to enter your own credit card, billing address and other pertinent information' is present on page  using regular expression

2023-09-09 20:32:57 - [MESSAGE][PASSED] - Text 'information here. If you are making a payment for the Taxpayer, you will be required later to enter your own credit card, billing address and other pertinent information' is present on page  using regular expression

2023-09-09 20:32:57 - [TEST_STEP][PASSED] - verifyTextPresent("Address and Contact Information", true): Text 'Address and Contact Information' is present on page  using regular expression

2023-09-09 20:32:58 - [MESSAGE][PASSED] - Text 'Address and Contact Information' is present on page  using regular expression

2023-09-09 20:32:58 - [TEST_STEP][PASSED] - verifyTextPresent("Enter the taxpayer", true): Text 'Enter the taxpayer' is present on page  using regular expression

2023-09-09 20:32:58 - [MESSAGE][PASSED] - Text 'Enter the taxpayer' is present on page  using regular expression

2023-09-09 20:32:58 - [TEST_STEP][PASSED] - verifyTextPresent("address and contact information", true): Text 'address and contact information' is present on page  using regular expression

2023-09-09 20:32:58 - [MESSAGE][PASSED] - Text 'address and contact information' is present on page  using regular expression

2023-09-09 20:32:58 - [TEST_STEP][PASSED] - verifyTextPresent("Payment Amount", true): Text 'Payment Amount' is present on page  using regular expression

2023-09-09 20:32:59 - [MESSAGE][PASSED] - Text 'Payment Amount' is present on page  using regular expression

2023-09-09 20:32:59 - [TEST_STEP][PASSED] - verifyTextPresent("Service Fee: This electronic government service includes a service/convenience fee. Click here for details", true): Text 'Service Fee: This electronic government service includes a service/convenience fee. Click here for details' is present on page  using regular expression

2023-09-09 20:32:59 - [MESSAGE][PASSED] - Text 'Service Fee: This electronic government service includes a service/convenience fee. Click here for details' is present on page  using regular expression

2023-09-09 20:32:59 - [TEST_STEP][PASSED] - verifyElementPresent(findTestObject(orPath_Amount + "/a_Click here for details"), 30): Object 'Object Repository/RAD_Pages/PaymentAmount_Page/a_Click here for details' is present

2023-09-09 20:32:59 - [MESSAGE][PASSED] - Object 'Object Repository/RAD_Pages/PaymentAmount_Page/a_Click here for details' is present

2023-09-09 20:32:59 - [TEST_STEP][PASSED] - verifyElementPresent(findTestObject(orPath_Landing + "/button_Continue"), 30): Object 'Object Repository/RAD_Pages/Landing_Page/button_Continue' is present

2023-09-09 20:33:00 - [MESSAGE][PASSED] - Object 'Object Repository/RAD_Pages/Landing_Page/button_Continue' is present

2023-09-09 20:33:00 - [TEST_STEP][PASSED] - verifyElementNotVisible(findTestObject(orPath_TaxPayer + "/input_Note_businessName")): Object 'Object Repository/RAD_Pages/Taxpayer_Page/input_Note_businessName' is NOT visible

2023-09-09 20:33:00 - [MESSAGE][PASSED] - Object 'Object Repository/RAD_Pages/Taxpayer_Page/input_Note_businessName' is NOT visible

2023-09-09 20:33:00 - [TEST_STEP][PASSED] - verifyElementPresent(findTestObject(orPath_TaxPayer + "/input_firstName"), 30): Object 'Object Repository/RAD_Pages/Taxpayer_Page/input_firstName' is present

2023-09-09 20:33:00 - [MESSAGE][PASSED] - Object 'Object Repository/RAD_Pages/Taxpayer_Page/input_firstName' is present

2023-09-09 20:33:00 - [TEST_STEP][PASSED] - verifyElementPresent(findTestObject(orPath_TaxPayer + "/input_middleName"), 30): Object 'Object Repository/RAD_Pages/Taxpayer_Page/input_middleName' is present

2023-09-09 20:33:01 - [MESSAGE][PASSED] - Object 'Object Repository/RAD_Pages/Taxpayer_Page/input_middleName' is present

2023-09-09 20:33:01 - [TEST_STEP][PASSED] - verifyElementPresent(findTestObject(orPath_TaxPayer + "/input_lastName"), 30): Object 'Object Repository/RAD_Pages/Taxpayer_Page/input_lastName' is present

2023-09-09 20:33:01 - [MESSAGE][PASSED] - Object 'Object Repository/RAD_Pages/Taxpayer_Page/input_lastName' is present

2023-09-09 20:33:01 - [TEST_STEP][PASSED] - verifyElementPresent(findTestObject(orPath_TaxPayer + "/input_suffix"), 30): Object 'Object Repository/RAD_Pages/Taxpayer_Page/input_suffix' is present

2023-09-09 20:33:01 - [MESSAGE][PASSED] - Object 'Object Repository/RAD_Pages/Taxpayer_Page/input_suffix' is present

2023-09-09 20:33:01 - [TEST_STEP][PASSED] - verifyElementPresent(findTestObject("RAD_RecordAndPlay/input_concatSSN"), 30): Object 'Object Repository/RAD_RecordAndPlay/input_concatSSN' is present

2023-09-09 20:33:02 - [MESSAGE][PASSED] - Object 'Object Repository/RAD_RecordAndPlay/input_concatSSN' is present

2023-09-09 20:33:02 - [TEST_STEP][PASSED] - verifyElementPresent(findTestObject("RAD_RecordAndPlay/input_concatReSSN"), 30): Object 'Object Repository/RAD_RecordAndPlay/input_concatReSSN' is present

2023-09-09 20:33:02 - [MESSAGE][PASSED] - Object 'Object Repository/RAD_RecordAndPlay/input_concatReSSN' is present

2023-09-09 20:33:02 - [TEST_STEP][PASSED] - verifyElementPresent(findTestObject(orPath_AddressContact + "/select_Country"), 30): Object 'Object Repository/RAD_Pages/AddressAndContactInfo_Page/select_Country' is present

2023-09-09 20:33:03 - [MESSAGE][PASSED] - Object 'Object Repository/RAD_Pages/AddressAndContactInfo_Page/select_Country' is present

2023-09-09 20:33:03 - [TEST_STEP][PASSED] - verifyElementPresent(findTestObject(orPath_AddressContact + "/input_streetAddress1"), 30): Object 'Object Repository/RAD_Pages/AddressAndContactInfo_Page/input_streetAddress1' is present

2023-09-09 20:33:03 - [MESSAGE][PASSED] - Object 'Object Repository/RAD_Pages/AddressAndContactInfo_Page/input_streetAddress1' is present

2023-09-09 20:33:03 - [TEST_STEP][PASSED] - verifyElementPresent(findTestObject(orPath_AddressContact + "/input_streetAddress2"), 30): Object 'Object Repository/RAD_Pages/AddressAndContactInfo_Page/input_streetAddress2' is present

2023-09-09 20:33:04 - [MESSAGE][PASSED] - Object 'Object Repository/RAD_Pages/AddressAndContactInfo_Page/input_streetAddress2' is present

2023-09-09 20:33:04 - [TEST_STEP][PASSED] - verifyElementPresent(findTestObject(orPath_AddressContact + "/input_city"), 30): Object 'Object Repository/RAD_Pages/AddressAndContactInfo_Page/input_city' is present

2023-09-09 20:33:04 - [MESSAGE][PASSED] - Object 'Object Repository/RAD_Pages/AddressAndContactInfo_Page/input_city' is present

2023-09-09 20:33:04 - [TEST_STEP][PASSED] - verifyElementPresent(findTestObject(orPath_AddressContact + "/select_State"), 30): Object 'Object Repository/RAD_Pages/AddressAndContactInfo_Page/select_State' is present

2023-09-09 20:33:04 - [MESSAGE][PASSED] - Object 'Object Repository/RAD_Pages/AddressAndContactInfo_Page/select_State' is present

2023-09-09 20:33:04 - [TEST_STEP][PASSED] - verifyElementPresent(findTestObject(orPath_AddressContact + "/input_zipCode"), 30): Object 'Object Repository/RAD_Pages/AddressAndContactInfo_Page/input_zipCode' is present

2023-09-09 20:33:05 - [MESSAGE][PASSED] - Object 'Object Repository/RAD_Pages/AddressAndContactInfo_Page/input_zipCode' is present

2023-09-09 20:33:05 - [TEST_STEP][PASSED] - verifyElementPresent(findTestObject(orPath_AddressContact + "/input_phoneNumber"), 30): Object 'Object Repository/RAD_Pages/AddressAndContactInfo_Page/input_phoneNumber' is present

2023-09-09 20:33:05 - [MESSAGE][PASSED] - Object 'Object Repository/RAD_Pages/AddressAndContactInfo_Page/input_phoneNumber' is present

2023-09-09 20:33:05 - [TEST_STEP][PASSED] - verifyElementPresent(findTestObject(orPath_AddressContact + "/input_eMailAddress"), 30): Object 'Object Repository/RAD_Pages/AddressAndContactInfo_Page/input_eMailAddress' is present

2023-09-09 20:33:05 - [MESSAGE][PASSED] - Object 'Object Repository/RAD_Pages/AddressAndContactInfo_Page/input_eMailAddress' is present

2023-09-09 20:33:05 - [TEST_STEP][PASSED] - verifyElementPresent(findTestObject(orPath_AddressContact + "/input_reEnterEMailAddress"), 30): Object 'Object Repository/RAD_Pages/AddressAndContactInfo_Page/input_reEnterEMailAddress' is present

2023-09-09 20:33:05 - [MESSAGE][PASSED] - Object 'Object Repository/RAD_Pages/AddressAndContactInfo_Page/input_reEnterEMailAddress' is present

2023-09-09 20:33:05 - [TEST_STEP][PASSED] - verifyOptionsPresent(findTestObject(orPath_AddressContact + "/select_Country"), ["United States"]): Options [United States] present.

2023-09-09 20:33:06 - [MESSAGE][PASSED] - Options [United States] present.

2023-09-09 20:33:06 - [TEST_STEP][PASSED] - verifyOptionsPresent(findTestObject(orPath_AddressContact + "/select_State"), ["Alabama", "District of Columbia", "Maryland", "Virginia", "Wyoming"]): Options [Alabama, District of Columbia, Maryland, Virginia, Wyoming] present.

2023-09-09 20:33:07 - [MESSAGE][PASSED] - Options [Alabama, District of Columbia, Maryland, Virginia, Wyoming] present.

2023-09-09 20:33:07 - [TEST_STEP][PASSED] - totalOptionsState = getNumberOfTotalOption(findTestObject(orPath_AddressContact + "/select_State")): 52 options of object 'Object Repository/RAD_Pages/AddressAndContactInfo_Page/select_State' counted

2023-09-09 20:33:08 - [MESSAGE][PASSED] - 52 options of object 'Object Repository/RAD_Pages/AddressAndContactInfo_Page/select_State' counted

2023-09-09 20:33:08 - [TEST_STEP][PASSED] - verifyEqual(totalOptionsState, 52): Actual object '52' and expected object '52' are equal

2023-09-09 20:33:08 - [MESSAGE][PASSED] - Actual object '52' and expected object '52' are equal

2023-09-09 20:33:08 - [TEST_STEP][PASSED] - verifyTextPresent("Tax Information", true): Text 'Tax Information' is present on page  using regular expression

2023-09-09 20:33:08 - [MESSAGE][PASSED] - Text 'Tax Information' is present on page  using regular expression

2023-09-09 20:33:08 - [TEST_STEP][PASSED] - verifyElementVisible(findTestObject(orPath_TaxInfo + "/input_FederalEIN-2")): Object 'Object Repository/RAD_Pages/TaxInfo_Page/input_FederalEIN-2' is visible

2023-09-09 20:33:09 - [MESSAGE][PASSED] - Object 'Object Repository/RAD_Pages/TaxInfo_Page/input_FederalEIN-2' is visible

2023-09-09 20:33:09 - [TEST_STEP][PASSED] - verifyElementVisible(findTestObject(orPath_TaxInfo + "/input_FederalEIN_ReEnter-2")): Object 'Object Repository/RAD_Pages/TaxInfo_Page/input_FederalEIN_ReEnter-2' is visible

2023-09-09 20:33:09 - [MESSAGE][PASSED] - Object 'Object Repository/RAD_Pages/TaxInfo_Page/input_FederalEIN_ReEnter-2' is visible

2023-09-09 20:33:09 - [TEST_STEP][PASSED] - verifyTextPresent("Payment Amount", true): Text 'Payment Amount' is present on page  using regular expression

2023-09-09 20:33:10 - [MESSAGE][PASSED] - Text 'Payment Amount' is present on page  using regular expression

2023-09-09 20:33:10 - [TEST_STEP][PASSED] - verifyElementPresent(findTestObject(orPath_Amount + "/input__paymentAmount"), 30): Object 'Object Repository/RAD_Pages/PaymentAmount_Page/input__paymentAmount' is present

2023-09-09 20:33:10 - [MESSAGE][PASSED] - Object 'Object Repository/RAD_Pages/PaymentAmount_Page/input__paymentAmount' is present

2023-09-09 20:33:10 - [TEST_STEP][PASSED] - verifyElementVisible(findTestObject(orPath_Amount + "/input__paymentAmount")): Object 'Object Repository/RAD_Pages/PaymentAmount_Page/input__paymentAmount' is visible

2023-09-09 20:33:10 - [MESSAGE][PASSED] - Object 'Object Repository/RAD_Pages/PaymentAmount_Page/input__paymentAmount' is visible

2023-09-09 20:33:10 - [TEST_STEP][PASSED] - verifyTextPresent("Service Fee: This electronic government service includes a service/convenience fee. Click here for details", true): Text 'Service Fee: This electronic government service includes a service/convenience fee. Click here for details' is present on page  using regular expression

2023-09-09 20:33:11 - [MESSAGE][PASSED] - Text 'Service Fee: This electronic government service includes a service/convenience fee. Click here for details' is present on page  using regular expression

2023-09-09 20:33:11 - [TEST_STEP][PASSED] - verifyElementPresent(findTestObject(orPath_Amount + "/a_Click here for details"), 30): Object 'Object Repository/RAD_Pages/PaymentAmount_Page/a_Click here for details' is present

2023-09-09 20:33:11 - [MESSAGE][PASSED] - Object 'Object Repository/RAD_Pages/PaymentAmount_Page/a_Click here for details' is present

2023-09-09 20:33:11 - [TEST_STEP][PASSED] - verifyElementPresent(findTestObject(orPath_Landing + "/button_Continue"), 30): Object 'Object Repository/RAD_Pages/Landing_Page/button_Continue' is present

2023-09-09 20:33:12 - [MESSAGE][PASSED] - Object 'Object Repository/RAD_Pages/Landing_Page/button_Continue' is present]]></system-out>
         <system-err><![CDATA[]]></system-err>
      </testcase>
      <testcase name="Test Cases/RAD_TestCases/Negative_TestCases/FEINmismatchError" time="341.479" classname="Test Cases/RAD_TestCases/Negative_TestCases/FEINmismatchError" status="PASSED">
         <system-out><![CDATA[2023-09-09 20:33:12 - [TEST_CASE][PASSED] - Test Cases/RAD_TestCases/Negative_TestCases/FEINmismatchError: Test Cases/RAD_TestCases/Negative_TestCases/FEINmismatchError

2023-09-09 20:33:12 - [TEST_STEP][PASSED] - resText = "Fail": null

2023-09-09 20:33:12 - [TEST_STEP][PASSED] - resColumn = "Result": null

2023-09-09 20:33:12 - [TEST_STEP][PASSED] - datCloumn = "Date": null

2023-09-09 20:33:12 - [TEST_STEP][PASSED] - fileLoc = "KatalonData/RADTestData/FEINmismatch.xlsx": null

2023-09-09 20:33:12 - [TEST_STEP][PASSED] - nameSheet = "FEINmismatch": null

2023-09-09 20:33:12 - [TEST_STEP][PASSED] - dataFile = "RADTestData/FEINmismatch": null

2023-09-09 20:33:12 - [TEST_STEP][PASSED] - ExecuteTC = <not implemented yet for class: org.codehaus.groovy.ast.expr.EmptyExpression>: null

2023-09-09 20:33:12 - [TEST_STEP][PASSED] - Taxtype = <not implemented yet for class: org.codehaus.groovy.ast.expr.EmptyExpression>: null

2023-09-09 20:33:12 - [TEST_STEP][PASSED] - Paymenttype = <not implemented yet for class: org.codehaus.groovy.ast.expr.EmptyExpression>: null

2023-09-09 20:33:12 - [TEST_STEP][PASSED] - numOfRows = findTestData(dataFile).getRowNumbers(): null

2023-09-09 20:33:13 - [TEST_STEP][PASSED] - println("Number of Records: " + numOfRows): null

2023-09-09 20:33:13 - [TEST_STEP][PASSED] - for ([row = 1, row <= numOfRows, (row++)]): null

2023-09-09 20:33:13 - [TEST_STEP][PASSED] - ExecuteTC = findTestData(dataFile).getValue("Execute", row): null

2023-09-09 20:33:13 - [TEST_STEP][PASSED] - Taxtype = findTestData(dataFile).getValue("TaxType", row): null

2023-09-09 20:33:13 - [TEST_STEP][PASSED] - Paymenttype = findTestData(dataFile).getValue("PaymentType", row): null

2023-09-09 20:33:13 - [TEST_STEP][PASSED] - out.println("Value of Execute is : " + ExecuteTC): null

2023-09-09 20:33:13 - [TEST_STEP][PASSED] - if (ExecuteTC.equalsIgnoreCase("Y")): null

2023-09-09 20:33:13 - [TEST_STEP][PASSED] - out.println("Begin Record Number: " + row): null

2023-09-09 20:33:13 - [TEST_STEP][PASSED] - today = new java.util.Date(): null

2023-09-09 20:33:13 - [TEST_STEP][PASSED] - println(today): null

2023-09-09 20:33:13 - [TEST_STEP][PASSED] - datText = today: null

2023-09-09 20:33:13 - [TEST_STEP][PASSED] - Taxtype = findTestData(dataFile).getValue("TaxType", row): null

2023-09-09 20:33:13 - [TEST_STEP][PASSED] - out.println("Taxtype value is : " + Taxtype): null

2023-09-09 20:33:13 - [TEST_STEP][PASSED] - openBrowser(""): Browser is opened with url: ''

2023-09-09 20:33:13 - [MESSAGE][WARNING] - A browser is already opened. Closing browser and opening a new one

2023-09-09 20:33:14 - [MESSAGE][INFO] - Starting 'Chrome' driver

2023-09-09 20:33:14 - [MESSAGE][INFO] - User set preference: ['acceptInsecureCerts', 'true']

2023-09-09 20:33:14 - [MESSAGE][INFO] - Action delay is set to 0 milliseconds

2023-09-09 20:33:16 - [MESSAGE][PASSED] - Browser is opened with url: ''

2023-09-09 20:33:16 - [TEST_STEP][PASSED] - maximizeWindow(): Current window maximized

2023-09-09 20:33:16 - [MESSAGE][PASSED] - Current window maximized

2023-09-09 20:33:16 - [TEST_STEP][PASSED] - navigateToUrl(RADurl): Navigate to 'https://qa2.velocitypayment.com/client/rad/index.html' successfully

2023-09-09 20:33:17 - [MESSAGE][PASSED] - Navigate to 'https://qa2.velocitypayment.com/client/rad/index.html' successfully

2023-09-09 20:33:17 - [TEST_STEP][PASSED] - orPath_Landing = "Object Repository/RAD_Pages/Landing_Page": null

2023-09-09 20:33:17 - [TEST_STEP][PASSED] - orPath_TaxTypeFilingYear = "Object Repository/RAD_Pages/TaxTypeFilingYear_Page": null

2023-09-09 20:33:17 - [TEST_STEP][PASSED] - orPath_TaxPayer = "Object Repository/RAD_Pages/Taxpayer_Page": null

2023-09-09 20:33:17 - [TEST_STEP][PASSED] - orPath_AddressContact = "Object Repository/RAD_Pages/AddressAndContactInfo_Page": null

2023-09-09 20:33:17 - [TEST_STEP][PASSED] - orPath_FilingStatus = "Object Repository/RAD_Pages/FilingStatus_Page": null

2023-09-09 20:33:17 - [TEST_STEP][PASSED] - orPath_Amount = "Object Repository/RAD_Pages/PaymentAmount_Page": null

2023-09-09 20:33:17 - [TEST_STEP][PASSED] - orPath_TaxInfo = "Object Repository/RAD_Pages/TaxInfo_Page": null

2023-09-09 20:33:17 - [TEST_STEP][PASSED] - orPath_Withholding = "Object Repository/RAD_Pages/Withholding_Page": null

2023-09-09 20:33:17 - [TEST_STEP][PASSED] - orPath_Summary = "Object Repository/RAD_Pages/Summary_Page": null

2023-09-09 20:33:17 - [TEST_STEP][PASSED] - orPath_PaymentReady = "Object Repository/RAD_Pages/PaymentReady_Page": null

2023-09-09 20:33:17 - [TEST_STEP][PASSED] - orPath_PaymentEntry = "Object Repository/RAD_Pages/PaymentEntry_Page": null

2023-09-09 20:33:17 - [TEST_STEP][PASSED] - orPath_PaymentConfirmation = "Object Repository/RAD_Pages/PaymentConfirmation_Page": null

2023-09-09 20:33:17 - [TEST_STEP][PASSED] - orPath_ServiceFeesAccept = "Object Repository/RAD_Pages/ServiceFeeAccept_Page": null

2023-09-09 20:33:17 - [TEST_STEP][PASSED] - selectOptionByLabel(findTestObject(orPath_Landing + "/dd_TaxType"), Paymenttype, false): All options with label 'Existing Liability w/Notice Number' are selected in object 'Object Repository/RAD_Pages/Landing_Page/dd_TaxType' 

2023-09-09 20:33:18 - [MESSAGE][PASSED] - All options with label 'Existing Liability w/Notice Number' are selected in object 'Object Repository/RAD_Pages/Landing_Page/dd_TaxType' 

2023-09-09 20:33:18 - [TEST_STEP][PASSED] - delay(1): Delayed 1 second(s)

2023-09-09 20:33:19 - [MESSAGE][PASSED] - Delayed 1 second(s)

2023-09-09 20:33:19 - [TEST_STEP][PASSED] - switch (Paymenttype): null

2023-09-09 20:33:19 - [TEST_STEP][PASSED] - case "Existing Liability w/Notice Number":: null

2023-09-09 20:33:19 - [TEST_STEP][PASSED] - selectOptionByLabel(findTestObject(orPath_TaxTypeFilingYear + "/select_TaxType_ExistingLiability"), Taxtype, false): All options with label 'Bay Restoration Fee' are selected in object 'Object Repository/RAD_Pages/TaxTypeFilingYear_Page/select_TaxType_ExistingLiability' 

2023-09-09 20:33:20 - [MESSAGE][PASSED] - All options with label 'Bay Restoration Fee' are selected in object 'Object Repository/RAD_Pages/TaxTypeFilingYear_Page/select_TaxType_ExistingLiability' 

2023-09-09 20:33:20 - [TEST_STEP][PASSED] - break: null

2023-09-09 20:33:20 - [TEST_STEP][PASSED] - delay(1): Delayed 1 second(s)

2023-09-09 20:33:21 - [MESSAGE][PASSED] - Delayed 1 second(s)

2023-09-09 20:33:21 - [TEST_STEP][PASSED] - scrollToElement(findTestObject(orPath_Amount + "/input__paymentAmount"), 2, CONTINUE_ON_FAILURE): Scroll to object 'Object Repository/RAD_Pages/PaymentAmount_Page/input__paymentAmount' successfully

2023-09-09 20:33:21 - [MESSAGE][PASSED] - Scroll to object 'Object Repository/RAD_Pages/PaymentAmount_Page/input__paymentAmount' successfully

2023-09-09 20:33:21 - [TEST_STEP][PASSED] - switch (Paymenttype): null

2023-09-09 20:33:21 - [TEST_STEP][PASSED] - case "Existing Liability w/Notice Number":: null

2023-09-09 20:33:21 - [TEST_STEP][PASSED] - setEncryptedText(findTestObject("Object Repository/RAD_RecordAndPlay/input_Existing_FEIN"), "RigbBhfdqODKcAsiUrg+1Q=="): Text ****** has been set on object 'Object Repository/RAD_RecordAndPlay/input_Existing_FEIN'

2023-09-09 20:33:22 - [MESSAGE][PASSED] - Text ****** has been set on object 'Object Repository/RAD_RecordAndPlay/input_Existing_FEIN'

2023-09-09 20:33:23 - [TEST_STEP][PASSED] - setEncryptedText(findTestObject("Object Repository/RAD_RecordAndPlay/input_Existing_RetypeFEIN"), "RigbBhfdqOBBGbZqm4oFJQ=="): Text ****** has been set on object 'Object Repository/RAD_RecordAndPlay/input_Existing_RetypeFEIN'

2023-09-09 20:33:23 - [MESSAGE][PASSED] - Text ****** has been set on object 'Object Repository/RAD_RecordAndPlay/input_Existing_RetypeFEIN'

2023-09-09 20:33:23 - [TEST_STEP][PASSED] - break: null

2023-09-09 20:33:23 - [TEST_STEP][PASSED] - setText(findTestObject(orPath_Amount + "/input__paymentAmount"), ""): Text '' is set on object 'Object Repository/RAD_Pages/PaymentAmount_Page/input__paymentAmount'

2023-09-09 20:33:24 - [MESSAGE][PASSED] - Text '' is set on object 'Object Repository/RAD_Pages/PaymentAmount_Page/input__paymentAmount'

2023-09-09 20:33:24 - [TEST_STEP][PASSED] - verifyTextPresent("The FEIN and Re-type FEIN do not match", true): Text 'The FEIN and Re-type FEIN do not match' is present on page  using regular expression

2023-09-09 20:33:25 - [MESSAGE][PASSED] - Text 'The FEIN and Re-type FEIN do not match' is present on page  using regular expression

2023-09-09 20:33:25 - [TEST_STEP][PASSED] - if (verifyTextPresent("The FEIN and Re-type FEIN do not match", true)): null

2023-09-09 20:33:25 - [MESSAGE][PASSED] - Text 'The FEIN and Re-type FEIN do not match' is present on page  using regular expression

2023-09-09 20:33:25 - [TEST_STEP][PASSED] - println("Error Message is present on the page"): null

2023-09-09 20:33:25 - [TEST_STEP][PASSED] - out.println("Pass Record Number: " + row): null

2023-09-09 20:33:25 - [TEST_STEP][PASSED] - resText = "Pass": null

2023-09-09 20:33:25 - [TEST_STEP][PASSED] - pages.WriteExcel.demoKey(resText, datText, resColumn, datCloumn, fileLoc, nameSheet, row): pages.WriteExcel.demoKey is PASSED

2023-09-09 20:33:26 - [MESSAGE][PASSED] - pages.WriteExcel.demoKey is PASSED

2023-09-09 20:33:26 - [TEST_STEP][PASSED] - ExecuteTC = findTestData(dataFile).getValue("Execute", row): null

2023-09-09 20:33:26 - [TEST_STEP][PASSED] - Taxtype = findTestData(dataFile).getValue("TaxType", row): null

2023-09-09 20:33:26 - [TEST_STEP][PASSED] - Paymenttype = findTestData(dataFile).getValue("PaymentType", row): null

2023-09-09 20:33:26 - [TEST_STEP][PASSED] - out.println("Value of Execute is : " + ExecuteTC): null

2023-09-09 20:33:26 - [TEST_STEP][PASSED] - if (ExecuteTC.equalsIgnoreCase("Y")): null

2023-09-09 20:33:26 - [TEST_STEP][PASSED] - out.println("Begin Record Number: " + row): null

2023-09-09 20:33:26 - [TEST_STEP][PASSED] - today = new java.util.Date(): null

2023-09-09 20:33:26 - [TEST_STEP][PASSED] - println(today): null

2023-09-09 20:33:26 - [TEST_STEP][PASSED] - datText = today: null

2023-09-09 20:33:26 - [TEST_STEP][PASSED] - Taxtype = findTestData(dataFile).getValue("TaxType", row): null

2023-09-09 20:33:26 - [TEST_STEP][PASSED] - out.println("Taxtype value is : " + Taxtype): null

2023-09-09 20:33:26 - [TEST_STEP][PASSED] - openBrowser(""): Browser is opened with url: ''

2023-09-09 20:33:26 - [MESSAGE][WARNING] - A browser is already opened. Closing browser and opening a new one

2023-09-09 20:33:27 - [MESSAGE][INFO] - Starting 'Chrome' driver

2023-09-09 20:33:27 - [MESSAGE][INFO] - User set preference: ['acceptInsecureCerts', 'true']

2023-09-09 20:33:27 - [MESSAGE][INFO] - Action delay is set to 0 milliseconds

2023-09-09 20:33:28 - [MESSAGE][PASSED] - Browser is opened with url: ''

2023-09-09 20:33:28 - [TEST_STEP][PASSED] - maximizeWindow(): Current window maximized

2023-09-09 20:33:28 - [MESSAGE][PASSED] - Current window maximized

2023-09-09 20:33:28 - [TEST_STEP][PASSED] - navigateToUrl(RADurl): Navigate to 'https://qa2.velocitypayment.com/client/rad/index.html' successfully

2023-09-09 20:33:30 - [MESSAGE][PASSED] - Navigate to 'https://qa2.velocitypayment.com/client/rad/index.html' successfully

2023-09-09 20:33:30 - [TEST_STEP][PASSED] - orPath_Landing = "Object Repository/RAD_Pages/Landing_Page": null

2023-09-09 20:33:30 - [TEST_STEP][PASSED] - orPath_TaxTypeFilingYear = "Object Repository/RAD_Pages/TaxTypeFilingYear_Page": null

2023-09-09 20:33:30 - [TEST_STEP][PASSED] - orPath_TaxPayer = "Object Repository/RAD_Pages/Taxpayer_Page": null

2023-09-09 20:33:30 - [TEST_STEP][PASSED] - orPath_AddressContact = "Object Repository/RAD_Pages/AddressAndContactInfo_Page": null

2023-09-09 20:33:30 - [TEST_STEP][PASSED] - orPath_FilingStatus = "Object Repository/RAD_Pages/FilingStatus_Page": null

2023-09-09 20:33:30 - [TEST_STEP][PASSED] - orPath_Amount = "Object Repository/RAD_Pages/PaymentAmount_Page": null

2023-09-09 20:33:30 - [TEST_STEP][PASSED] - orPath_TaxInfo = "Object Repository/RAD_Pages/TaxInfo_Page": null

2023-09-09 20:33:30 - [TEST_STEP][PASSED] - orPath_Withholding = "Object Repository/RAD_Pages/Withholding_Page": null

2023-09-09 20:33:30 - [TEST_STEP][PASSED] - orPath_Summary = "Object Repository/RAD_Pages/Summary_Page": null

2023-09-09 20:33:30 - [TEST_STEP][PASSED] - orPath_PaymentReady = "Object Repository/RAD_Pages/PaymentReady_Page": null

2023-09-09 20:33:30 - [TEST_STEP][PASSED] - orPath_PaymentEntry = "Object Repository/RAD_Pages/PaymentEntry_Page": null

2023-09-09 20:33:30 - [TEST_STEP][PASSED] - orPath_PaymentConfirmation = "Object Repository/RAD_Pages/PaymentConfirmation_Page": null

2023-09-09 20:33:30 - [TEST_STEP][PASSED] - orPath_ServiceFeesAccept = "Object Repository/RAD_Pages/ServiceFeeAccept_Page": null

2023-09-09 20:33:30 - [TEST_STEP][PASSED] - selectOptionByLabel(findTestObject(orPath_Landing + "/dd_TaxType"), Paymenttype, false): All options with label 'Existing Liability w/Notice Number' are selected in object 'Object Repository/RAD_Pages/Landing_Page/dd_TaxType' 

2023-09-09 20:33:31 - [MESSAGE][PASSED] - All options with label 'Existing Liability w/Notice Number' are selected in object 'Object Repository/RAD_Pages/Landing_Page/dd_TaxType' 

2023-09-09 20:33:31 - [TEST_STEP][PASSED] - delay(1): Delayed 1 second(s)

2023-09-09 20:33:32 - [MESSAGE][PASSED] - Delayed 1 second(s)

2023-09-09 20:33:32 - [TEST_STEP][PASSED] - switch (Paymenttype): null

2023-09-09 20:33:32 - [TEST_STEP][PASSED] - case "Existing Liability w/Notice Number":: null

2023-09-09 20:33:32 - [TEST_STEP][PASSED] - selectOptionByLabel(findTestObject(orPath_TaxTypeFilingYear + "/select_TaxType_ExistingLiability"), Taxtype, false): All options with label 'Corporate Income Tax' are selected in object 'Object Repository/RAD_Pages/TaxTypeFilingYear_Page/select_TaxType_ExistingLiability' 

2023-09-09 20:33:32 - [MESSAGE][PASSED] - All options with label 'Corporate Income Tax' are selected in object 'Object Repository/RAD_Pages/TaxTypeFilingYear_Page/select_TaxType_ExistingLiability' 

2023-09-09 20:33:32 - [TEST_STEP][PASSED] - break: null

2023-09-09 20:33:32 - [TEST_STEP][PASSED] - delay(1): Delayed 1 second(s)

2023-09-09 20:33:33 - [MESSAGE][PASSED] - Delayed 1 second(s)

2023-09-09 20:33:33 - [TEST_STEP][PASSED] - scrollToElement(findTestObject(orPath_Amount + "/input__paymentAmount"), 2, CONTINUE_ON_FAILURE): Scroll to object 'Object Repository/RAD_Pages/PaymentAmount_Page/input__paymentAmount' successfully

2023-09-09 20:33:34 - [MESSAGE][PASSED] - Scroll to object 'Object Repository/RAD_Pages/PaymentAmount_Page/input__paymentAmount' successfully

2023-09-09 20:33:34 - [TEST_STEP][PASSED] - switch (Paymenttype): null

2023-09-09 20:33:34 - [TEST_STEP][PASSED] - case "Existing Liability w/Notice Number":: null

2023-09-09 20:33:34 - [TEST_STEP][PASSED] - setEncryptedText(findTestObject("Object Repository/RAD_RecordAndPlay/input_Existing_FEIN"), "RigbBhfdqODKcAsiUrg+1Q=="): Text ****** has been set on object 'Object Repository/RAD_RecordAndPlay/input_Existing_FEIN'

2023-09-09 20:33:34 - [MESSAGE][PASSED] - Text ****** has been set on object 'Object Repository/RAD_RecordAndPlay/input_Existing_FEIN'

2023-09-09 20:33:35 - [TEST_STEP][PASSED] - setEncryptedText(findTestObject("Object Repository/RAD_RecordAndPlay/input_Existing_RetypeFEIN"), "RigbBhfdqOBBGbZqm4oFJQ=="): Text ****** has been set on object 'Object Repository/RAD_RecordAndPlay/input_Existing_RetypeFEIN'

2023-09-09 20:33:36 - [MESSAGE][PASSED] - Text ****** has been set on object 'Object Repository/RAD_RecordAndPlay/input_Existing_RetypeFEIN'

2023-09-09 20:33:36 - [TEST_STEP][PASSED] - break: null

2023-09-09 20:33:36 - [TEST_STEP][PASSED] - setText(findTestObject(orPath_Amount + "/input__paymentAmount"), ""): Text '' is set on object 'Object Repository/RAD_Pages/PaymentAmount_Page/input__paymentAmount'

2023-09-09 20:33:37 - [MESSAGE][PASSED] - Text '' is set on object 'Object Repository/RAD_Pages/PaymentAmount_Page/input__paymentAmount'

2023-09-09 20:33:37 - [TEST_STEP][PASSED] - verifyTextPresent("The FEIN and Re-type FEIN do not match", true): Text 'The FEIN and Re-type FEIN do not match' is present on page  using regular expression

2023-09-09 20:33:38 - [MESSAGE][PASSED] - Text 'The FEIN and Re-type FEIN do not match' is present on page  using regular expression

2023-09-09 20:33:38 - [TEST_STEP][PASSED] - if (verifyTextPresent("The FEIN and Re-type FEIN do not match", true)): null

2023-09-09 20:33:38 - [MESSAGE][PASSED] - Text 'The FEIN and Re-type FEIN do not match' is present on page  using regular expression

2023-09-09 20:33:38 - [TEST_STEP][PASSED] - println("Error Message is present on the page"): null

2023-09-09 20:33:38 - [TEST_STEP][PASSED] - out.println("Pass Record Number: " + row): null

2023-09-09 20:33:38 - [TEST_STEP][PASSED] - resText = "Pass": null

2023-09-09 20:33:38 - [TEST_STEP][PASSED] - pages.WriteExcel.demoKey(resText, datText, resColumn, datCloumn, fileLoc, nameSheet, row): pages.WriteExcel.demoKey is PASSED

2023-09-09 20:33:38 - [MESSAGE][PASSED] - pages.WriteExcel.demoKey is PASSED

2023-09-09 20:33:38 - [TEST_STEP][PASSED] - ExecuteTC = findTestData(dataFile).getValue("Execute", row): null

2023-09-09 20:33:38 - [TEST_STEP][PASSED] - Taxtype = findTestData(dataFile).getValue("TaxType", row): null

2023-09-09 20:33:38 - [TEST_STEP][PASSED] - Paymenttype = findTestData(dataFile).getValue("PaymentType", row): null

2023-09-09 20:33:38 - [TEST_STEP][PASSED] - out.println("Value of Execute is : " + ExecuteTC): null

2023-09-09 20:33:38 - [TEST_STEP][PASSED] - if (ExecuteTC.equalsIgnoreCase("Y")): null

2023-09-09 20:33:38 - [TEST_STEP][PASSED] - out.println("Begin Record Number: " + row): null

2023-09-09 20:33:38 - [TEST_STEP][PASSED] - today = new java.util.Date(): null

2023-09-09 20:33:38 - [TEST_STEP][PASSED] - println(today): null

2023-09-09 20:33:38 - [TEST_STEP][PASSED] - datText = today: null

2023-09-09 20:33:38 - [TEST_STEP][PASSED] - Taxtype = findTestData(dataFile).getValue("TaxType", row): null

2023-09-09 20:33:38 - [TEST_STEP][PASSED] - out.println("Taxtype value is : " + Taxtype): null

2023-09-09 20:33:38 - [TEST_STEP][PASSED] - openBrowser(""): Browser is opened with url: ''

2023-09-09 20:33:38 - [MESSAGE][WARNING] - A browser is already opened. Closing browser and opening a new one

2023-09-09 20:33:39 - [MESSAGE][INFO] - Starting 'Chrome' driver

2023-09-09 20:33:39 - [MESSAGE][INFO] - User set preference: ['acceptInsecureCerts', 'true']

2023-09-09 20:33:39 - [MESSAGE][INFO] - Action delay is set to 0 milliseconds

2023-09-09 20:33:41 - [MESSAGE][PASSED] - Browser is opened with url: ''

2023-09-09 20:33:41 - [TEST_STEP][PASSED] - maximizeWindow(): Current window maximized

2023-09-09 20:33:41 - [MESSAGE][PASSED] - Current window maximized

2023-09-09 20:33:41 - [TEST_STEP][PASSED] - navigateToUrl(RADurl): Navigate to 'https://qa2.velocitypayment.com/client/rad/index.html' successfully

2023-09-09 20:33:42 - [MESSAGE][PASSED] - Navigate to 'https://qa2.velocitypayment.com/client/rad/index.html' successfully

2023-09-09 20:33:42 - [TEST_STEP][PASSED] - orPath_Landing = "Object Repository/RAD_Pages/Landing_Page": null

2023-09-09 20:33:42 - [TEST_STEP][PASSED] - orPath_TaxTypeFilingYear = "Object Repository/RAD_Pages/TaxTypeFilingYear_Page": null

2023-09-09 20:33:42 - [TEST_STEP][PASSED] - orPath_TaxPayer = "Object Repository/RAD_Pages/Taxpayer_Page": null

2023-09-09 20:33:42 - [TEST_STEP][PASSED] - orPath_AddressContact = "Object Repository/RAD_Pages/AddressAndContactInfo_Page": null

2023-09-09 20:33:42 - [TEST_STEP][PASSED] - orPath_FilingStatus = "Object Repository/RAD_Pages/FilingStatus_Page": null

2023-09-09 20:33:42 - [TEST_STEP][PASSED] - orPath_Amount = "Object Repository/RAD_Pages/PaymentAmount_Page": null

2023-09-09 20:33:42 - [TEST_STEP][PASSED] - orPath_TaxInfo = "Object Repository/RAD_Pages/TaxInfo_Page": null

2023-09-09 20:33:42 - [TEST_STEP][PASSED] - orPath_Withholding = "Object Repository/RAD_Pages/Withholding_Page": null

2023-09-09 20:33:42 - [TEST_STEP][PASSED] - orPath_Summary = "Object Repository/RAD_Pages/Summary_Page": null

2023-09-09 20:33:42 - [TEST_STEP][PASSED] - orPath_PaymentReady = "Object Repository/RAD_Pages/PaymentReady_Page": null

2023-09-09 20:33:42 - [TEST_STEP][PASSED] - orPath_PaymentEntry = "Object Repository/RAD_Pages/PaymentEntry_Page": null

2023-09-09 20:33:42 - [TEST_STEP][PASSED] - orPath_PaymentConfirmation = "Object Repository/RAD_Pages/PaymentConfirmation_Page": null

2023-09-09 20:33:42 - [TEST_STEP][PASSED] - orPath_ServiceFeesAccept = "Object Repository/RAD_Pages/ServiceFeeAccept_Page": null

2023-09-09 20:33:42 - [TEST_STEP][PASSED] - selectOptionByLabel(findTestObject(orPath_Landing + "/dd_TaxType"), Paymenttype, false): All options with label 'Existing Liability w/Notice Number' are selected in object 'Object Repository/RAD_Pages/Landing_Page/dd_TaxType' 

2023-09-09 20:33:43 - [MESSAGE][PASSED] - All options with label 'Existing Liability w/Notice Number' are selected in object 'Object Repository/RAD_Pages/Landing_Page/dd_TaxType' 

2023-09-09 20:33:43 - [TEST_STEP][PASSED] - delay(1): Delayed 1 second(s)

2023-09-09 20:33:44 - [MESSAGE][PASSED] - Delayed 1 second(s)

2023-09-09 20:33:44 - [TEST_STEP][PASSED] - switch (Paymenttype): null

2023-09-09 20:33:44 - [TEST_STEP][PASSED] - case "Existing Liability w/Notice Number":: null

2023-09-09 20:33:44 - [TEST_STEP][PASSED] - selectOptionByLabel(findTestObject(orPath_TaxTypeFilingYear + "/select_TaxType_ExistingLiability"), Taxtype, false): All options with label 'Fiduciary Tax' are selected in object 'Object Repository/RAD_Pages/TaxTypeFilingYear_Page/select_TaxType_ExistingLiability' 

2023-09-09 20:33:45 - [MESSAGE][PASSED] - All options with label 'Fiduciary Tax' are selected in object 'Object Repository/RAD_Pages/TaxTypeFilingYear_Page/select_TaxType_ExistingLiability' 

2023-09-09 20:33:45 - [TEST_STEP][PASSED] - break: null

2023-09-09 20:33:45 - [TEST_STEP][PASSED] - delay(1): Delayed 1 second(s)

2023-09-09 20:33:46 - [MESSAGE][PASSED] - Delayed 1 second(s)

2023-09-09 20:33:46 - [TEST_STEP][PASSED] - scrollToElement(findTestObject(orPath_Amount + "/input__paymentAmount"), 2, CONTINUE_ON_FAILURE): Scroll to object 'Object Repository/RAD_Pages/PaymentAmount_Page/input__paymentAmount' successfully

2023-09-09 20:33:46 - [MESSAGE][PASSED] - Scroll to object 'Object Repository/RAD_Pages/PaymentAmount_Page/input__paymentAmount' successfully

2023-09-09 20:33:46 - [TEST_STEP][PASSED] - switch (Paymenttype): null

2023-09-09 20:33:46 - [TEST_STEP][PASSED] - case "Existing Liability w/Notice Number":: null

2023-09-09 20:33:46 - [TEST_STEP][PASSED] - setEncryptedText(findTestObject("Object Repository/RAD_RecordAndPlay/input_Existing_FEIN"), "RigbBhfdqODKcAsiUrg+1Q=="): Text ****** has been set on object 'Object Repository/RAD_RecordAndPlay/input_Existing_FEIN'

2023-09-09 20:33:47 - [MESSAGE][PASSED] - Text ****** has been set on object 'Object Repository/RAD_RecordAndPlay/input_Existing_FEIN'

2023-09-09 20:33:48 - [TEST_STEP][PASSED] - setEncryptedText(findTestObject("Object Repository/RAD_RecordAndPlay/input_Existing_RetypeFEIN"), "RigbBhfdqOBBGbZqm4oFJQ=="): Text ****** has been set on object 'Object Repository/RAD_RecordAndPlay/input_Existing_RetypeFEIN'

2023-09-09 20:33:48 - [MESSAGE][PASSED] - Text ****** has been set on object 'Object Repository/RAD_RecordAndPlay/input_Existing_RetypeFEIN'

2023-09-09 20:33:48 - [TEST_STEP][PASSED] - break: null

2023-09-09 20:33:48 - [TEST_STEP][PASSED] - setText(findTestObject(orPath_Amount + "/input__paymentAmount"), ""): Text '' is set on object 'Object Repository/RAD_Pages/PaymentAmount_Page/input__paymentAmount'

2023-09-09 20:33:49 - [MESSAGE][PASSED] - Text '' is set on object 'Object Repository/RAD_Pages/PaymentAmount_Page/input__paymentAmount'

2023-09-09 20:33:49 - [TEST_STEP][PASSED] - verifyTextPresent("The FEIN and Re-type FEIN do not match", true): Text 'The FEIN and Re-type FEIN do not match' is present on page  using regular expression

2023-09-09 20:33:50 - [MESSAGE][PASSED] - Text 'The FEIN and Re-type FEIN do not match' is present on page  using regular expression

2023-09-09 20:33:50 - [TEST_STEP][PASSED] - if (verifyTextPresent("The FEIN and Re-type FEIN do not match", true)): null

2023-09-09 20:33:50 - [MESSAGE][PASSED] - Text 'The FEIN and Re-type FEIN do not match' is present on page  using regular expression

2023-09-09 20:33:50 - [TEST_STEP][PASSED] - println("Error Message is present on the page"): null

2023-09-09 20:33:50 - [TEST_STEP][PASSED] - out.println("Pass Record Number: " + row): null

2023-09-09 20:33:50 - [TEST_STEP][PASSED] - resText = "Pass": null

2023-09-09 20:33:50 - [TEST_STEP][PASSED] - pages.WriteExcel.demoKey(resText, datText, resColumn, datCloumn, fileLoc, nameSheet, row): pages.WriteExcel.demoKey is PASSED

2023-09-09 20:33:50 - [MESSAGE][PASSED] - pages.WriteExcel.demoKey is PASSED

2023-09-09 20:33:50 - [TEST_STEP][PASSED] - ExecuteTC = findTestData(dataFile).getValue("Execute", row): null

2023-09-09 20:33:50 - [TEST_STEP][PASSED] - Taxtype = findTestData(dataFile).getValue("TaxType", row): null

2023-09-09 20:33:50 - [TEST_STEP][PASSED] - Paymenttype = findTestData(dataFile).getValue("PaymentType", row): null

2023-09-09 20:33:50 - [TEST_STEP][PASSED] - out.println("Value of Execute is : " + ExecuteTC): null

2023-09-09 20:33:50 - [TEST_STEP][PASSED] - if (ExecuteTC.equalsIgnoreCase("Y")): null

2023-09-09 20:33:50 - [TEST_STEP][PASSED] - out.println("Begin Record Number: " + row): null

2023-09-09 20:33:50 - [TEST_STEP][PASSED] - today = new java.util.Date(): null

2023-09-09 20:33:50 - [TEST_STEP][PASSED] - println(today): null

2023-09-09 20:33:50 - [TEST_STEP][PASSED] - datText = today: null

2023-09-09 20:33:50 - [TEST_STEP][PASSED] - Taxtype = findTestData(dataFile).getValue("TaxType", row): null

2023-09-09 20:33:51 - [TEST_STEP][PASSED] - out.println("Taxtype value is : " + Taxtype): null

2023-09-09 20:33:51 - [TEST_STEP][PASSED] - openBrowser(""): Browser is opened with url: ''

2023-09-09 20:33:51 - [MESSAGE][WARNING] - A browser is already opened. Closing browser and opening a new one

2023-09-09 20:33:52 - [MESSAGE][INFO] - Starting 'Chrome' driver

2023-09-09 20:33:52 - [MESSAGE][INFO] - User set preference: ['acceptInsecureCerts', 'true']

2023-09-09 20:33:52 - [MESSAGE][INFO] - Action delay is set to 0 milliseconds

2023-09-09 20:33:53 - [MESSAGE][PASSED] - Browser is opened with url: ''

2023-09-09 20:33:53 - [TEST_STEP][PASSED] - maximizeWindow(): Current window maximized

2023-09-09 20:33:53 - [MESSAGE][PASSED] - Current window maximized

2023-09-09 20:33:53 - [TEST_STEP][PASSED] - navigateToUrl(RADurl): Navigate to 'https://qa2.velocitypayment.com/client/rad/index.html' successfully

2023-09-09 20:33:55 - [MESSAGE][PASSED] - Navigate to 'https://qa2.velocitypayment.com/client/rad/index.html' successfully

2023-09-09 20:33:55 - [TEST_STEP][PASSED] - orPath_Landing = "Object Repository/RAD_Pages/Landing_Page": null

2023-09-09 20:33:55 - [TEST_STEP][PASSED] - orPath_TaxTypeFilingYear = "Object Repository/RAD_Pages/TaxTypeFilingYear_Page": null

2023-09-09 20:33:55 - [TEST_STEP][PASSED] - orPath_TaxPayer = "Object Repository/RAD_Pages/Taxpayer_Page": null

2023-09-09 20:33:55 - [TEST_STEP][PASSED] - orPath_AddressContact = "Object Repository/RAD_Pages/AddressAndContactInfo_Page": null

2023-09-09 20:33:55 - [TEST_STEP][PASSED] - orPath_FilingStatus = "Object Repository/RAD_Pages/FilingStatus_Page": null

2023-09-09 20:33:55 - [TEST_STEP][PASSED] - orPath_Amount = "Object Repository/RAD_Pages/PaymentAmount_Page": null

2023-09-09 20:33:55 - [TEST_STEP][PASSED] - orPath_TaxInfo = "Object Repository/RAD_Pages/TaxInfo_Page": null

2023-09-09 20:33:55 - [TEST_STEP][PASSED] - orPath_Withholding = "Object Repository/RAD_Pages/Withholding_Page": null

2023-09-09 20:33:55 - [TEST_STEP][PASSED] - orPath_Summary = "Object Repository/RAD_Pages/Summary_Page": null

2023-09-09 20:33:55 - [TEST_STEP][PASSED] - orPath_PaymentReady = "Object Repository/RAD_Pages/PaymentReady_Page": null

2023-09-09 20:33:55 - [TEST_STEP][PASSED] - orPath_PaymentEntry = "Object Repository/RAD_Pages/PaymentEntry_Page": null

2023-09-09 20:33:55 - [TEST_STEP][PASSED] - orPath_PaymentConfirmation = "Object Repository/RAD_Pages/PaymentConfirmation_Page": null

2023-09-09 20:33:55 - [TEST_STEP][PASSED] - orPath_ServiceFeesAccept = "Object Repository/RAD_Pages/ServiceFeeAccept_Page": null

2023-09-09 20:33:55 - [TEST_STEP][PASSED] - selectOptionByLabel(findTestObject(orPath_Landing + "/dd_TaxType"), Paymenttype, false): All options with label 'Existing Liability w/Notice Number' are selected in object 'Object Repository/RAD_Pages/Landing_Page/dd_TaxType' 

2023-09-09 20:33:55 - [MESSAGE][PASSED] - All options with label 'Existing Liability w/Notice Number' are selected in object 'Object Repository/RAD_Pages/Landing_Page/dd_TaxType' 

2023-09-09 20:33:55 - [TEST_STEP][PASSED] - delay(1): Delayed 1 second(s)

2023-09-09 20:33:56 - [MESSAGE][PASSED] - Delayed 1 second(s)

2023-09-09 20:33:56 - [TEST_STEP][PASSED] - switch (Paymenttype): null

2023-09-09 20:33:56 - [TEST_STEP][PASSED] - case "Existing Liability w/Notice Number":: null

2023-09-09 20:33:56 - [TEST_STEP][PASSED] - selectOptionByLabel(findTestObject(orPath_TaxTypeFilingYear + "/select_TaxType_ExistingLiability"), Taxtype, false): All options with label 'PTE Non-Electing Non-S Corp' are selected in object 'Object Repository/RAD_Pages/TaxTypeFilingYear_Page/select_TaxType_ExistingLiability' 

2023-09-09 20:33:57 - [MESSAGE][PASSED] - All options with label 'PTE Non-Electing Non-S Corp' are selected in object 'Object Repository/RAD_Pages/TaxTypeFilingYear_Page/select_TaxType_ExistingLiability' 

2023-09-09 20:33:57 - [TEST_STEP][PASSED] - break: null

2023-09-09 20:33:57 - [TEST_STEP][PASSED] - delay(1): Delayed 1 second(s)

2023-09-09 20:33:58 - [MESSAGE][PASSED] - Delayed 1 second(s)

2023-09-09 20:33:58 - [TEST_STEP][PASSED] - scrollToElement(findTestObject(orPath_Amount + "/input__paymentAmount"), 2, CONTINUE_ON_FAILURE): Scroll to object 'Object Repository/RAD_Pages/PaymentAmount_Page/input__paymentAmount' successfully

2023-09-09 20:33:58 - [MESSAGE][PASSED] - Scroll to object 'Object Repository/RAD_Pages/PaymentAmount_Page/input__paymentAmount' successfully

2023-09-09 20:33:58 - [TEST_STEP][PASSED] - switch (Paymenttype): null

2023-09-09 20:33:58 - [TEST_STEP][PASSED] - case "Existing Liability w/Notice Number":: null

2023-09-09 20:33:58 - [TEST_STEP][PASSED] - setEncryptedText(findTestObject("Object Repository/RAD_RecordAndPlay/input_Existing_FEIN"), "RigbBhfdqODKcAsiUrg+1Q=="): Text ****** has been set on object 'Object Repository/RAD_RecordAndPlay/input_Existing_FEIN'

2023-09-09 20:33:59 - [MESSAGE][PASSED] - Text ****** has been set on object 'Object Repository/RAD_RecordAndPlay/input_Existing_FEIN'

2023-09-09 20:34:00 - [TEST_STEP][PASSED] - setEncryptedText(findTestObject("Object Repository/RAD_RecordAndPlay/input_Existing_RetypeFEIN"), "RigbBhfdqOBBGbZqm4oFJQ=="): Text ****** has been set on object 'Object Repository/RAD_RecordAndPlay/input_Existing_RetypeFEIN'

2023-09-09 20:34:01 - [MESSAGE][PASSED] - Text ****** has been set on object 'Object Repository/RAD_RecordAndPlay/input_Existing_RetypeFEIN'

2023-09-09 20:34:01 - [TEST_STEP][PASSED] - break: null

2023-09-09 20:34:01 - [TEST_STEP][PASSED] - setText(findTestObject(orPath_Amount + "/input__paymentAmount"), ""): Text '' is set on object 'Object Repository/RAD_Pages/PaymentAmount_Page/input__paymentAmount'

2023-09-09 20:34:01 - [MESSAGE][PASSED] - Text '' is set on object 'Object Repository/RAD_Pages/PaymentAmount_Page/input__paymentAmount'

2023-09-09 20:34:01 - [TEST_STEP][PASSED] - verifyTextPresent("The FEIN and Re-type FEIN do not match", true): Text 'The FEIN and Re-type FEIN do not match' is present on page  using regular expression

2023-09-09 20:34:02 - [MESSAGE][PASSED] - Text 'The FEIN and Re-type FEIN do not match' is present on page  using regular expression

2023-09-09 20:34:02 - [TEST_STEP][PASSED] - if (verifyTextPresent("The FEIN and Re-type FEIN do not match", true)): null

2023-09-09 20:34:02 - [MESSAGE][PASSED] - Text 'The FEIN and Re-type FEIN do not match' is present on page  using regular expression

2023-09-09 20:34:02 - [TEST_STEP][PASSED] - println("Error Message is present on the page"): null

2023-09-09 20:34:02 - [TEST_STEP][PASSED] - out.println("Pass Record Number: " + row): null

2023-09-09 20:34:02 - [TEST_STEP][PASSED] - resText = "Pass": null

2023-09-09 20:34:02 - [TEST_STEP][PASSED] - pages.WriteExcel.demoKey(resText, datText, resColumn, datCloumn, fileLoc, nameSheet, row): pages.WriteExcel.demoKey is PASSED

2023-09-09 20:34:03 - [MESSAGE][PASSED] - pages.WriteExcel.demoKey is PASSED

2023-09-09 20:34:03 - [TEST_STEP][PASSED] - ExecuteTC = findTestData(dataFile).getValue("Execute", row): null

2023-09-09 20:34:03 - [TEST_STEP][PASSED] - Taxtype = findTestData(dataFile).getValue("TaxType", row): null

2023-09-09 20:34:03 - [TEST_STEP][PASSED] - Paymenttype = findTestData(dataFile).getValue("PaymentType", row): null

2023-09-09 20:34:03 - [TEST_STEP][PASSED] - out.println("Value of Execute is : " + ExecuteTC): null

2023-09-09 20:34:03 - [TEST_STEP][PASSED] - if (ExecuteTC.equalsIgnoreCase("Y")): null

2023-09-09 20:34:03 - [TEST_STEP][PASSED] - out.println("Begin Record Number: " + row): null

2023-09-09 20:34:03 - [TEST_STEP][PASSED] - today = new java.util.Date(): null

2023-09-09 20:34:03 - [TEST_STEP][PASSED] - println(today): null

2023-09-09 20:34:03 - [TEST_STEP][PASSED] - datText = today: null

2023-09-09 20:34:03 - [TEST_STEP][PASSED] - Taxtype = findTestData(dataFile).getValue("TaxType", row): null

2023-09-09 20:34:03 - [TEST_STEP][PASSED] - out.println("Taxtype value is : " + Taxtype): null

2023-09-09 20:34:03 - [TEST_STEP][PASSED] - openBrowser(""): Browser is opened with url: ''

2023-09-09 20:34:03 - [MESSAGE][WARNING] - A browser is already opened. Closing browser and opening a new one

2023-09-09 20:34:04 - [MESSAGE][INFO] - Starting 'Chrome' driver

2023-09-09 20:34:04 - [MESSAGE][INFO] - User set preference: ['acceptInsecureCerts', 'true']

2023-09-09 20:34:04 - [MESSAGE][INFO] - Action delay is set to 0 milliseconds

2023-09-09 20:34:05 - [MESSAGE][PASSED] - Browser is opened with url: ''

2023-09-09 20:34:05 - [TEST_STEP][PASSED] - maximizeWindow(): Current window maximized

2023-09-09 20:34:05 - [MESSAGE][PASSED] - Current window maximized

2023-09-09 20:34:05 - [TEST_STEP][PASSED] - navigateToUrl(RADurl): Navigate to 'https://qa2.velocitypayment.com/client/rad/index.html' successfully

2023-09-09 20:34:07 - [MESSAGE][PASSED] - Navigate to 'https://qa2.velocitypayment.com/client/rad/index.html' successfully

2023-09-09 20:34:07 - [TEST_STEP][PASSED] - orPath_Landing = "Object Repository/RAD_Pages/Landing_Page": null

2023-09-09 20:34:07 - [TEST_STEP][PASSED] - orPath_TaxTypeFilingYear = "Object Repository/RAD_Pages/TaxTypeFilingYear_Page": null

2023-09-09 20:34:07 - [TEST_STEP][PASSED] - orPath_TaxPayer = "Object Repository/RAD_Pages/Taxpayer_Page": null

2023-09-09 20:34:07 - [TEST_STEP][PASSED] - orPath_AddressContact = "Object Repository/RAD_Pages/AddressAndContactInfo_Page": null

2023-09-09 20:34:07 - [TEST_STEP][PASSED] - orPath_FilingStatus = "Object Repository/RAD_Pages/FilingStatus_Page": null

2023-09-09 20:34:07 - [TEST_STEP][PASSED] - orPath_Amount = "Object Repository/RAD_Pages/PaymentAmount_Page": null

2023-09-09 20:34:07 - [TEST_STEP][PASSED] - orPath_TaxInfo = "Object Repository/RAD_Pages/TaxInfo_Page": null

2023-09-09 20:34:07 - [TEST_STEP][PASSED] - orPath_Withholding = "Object Repository/RAD_Pages/Withholding_Page": null

2023-09-09 20:34:07 - [TEST_STEP][PASSED] - orPath_Summary = "Object Repository/RAD_Pages/Summary_Page": null

2023-09-09 20:34:07 - [TEST_STEP][PASSED] - orPath_PaymentReady = "Object Repository/RAD_Pages/PaymentReady_Page": null

2023-09-09 20:34:07 - [TEST_STEP][PASSED] - orPath_PaymentEntry = "Object Repository/RAD_Pages/PaymentEntry_Page": null

2023-09-09 20:34:07 - [TEST_STEP][PASSED] - orPath_PaymentConfirmation = "Object Repository/RAD_Pages/PaymentConfirmation_Page": null

2023-09-09 20:34:07 - [TEST_STEP][PASSED] - orPath_ServiceFeesAccept = "Object Repository/RAD_Pages/ServiceFeeAccept_Page": null

2023-09-09 20:34:07 - [TEST_STEP][PASSED] - selectOptionByLabel(findTestObject(orPath_Landing + "/dd_TaxType"), Paymenttype, false): All options with label 'Existing Liability w/Notice Number' are selected in object 'Object Repository/RAD_Pages/Landing_Page/dd_TaxType' 

2023-09-09 20:34:08 - [MESSAGE][PASSED] - All options with label 'Existing Liability w/Notice Number' are selected in object 'Object Repository/RAD_Pages/Landing_Page/dd_TaxType' 

2023-09-09 20:34:08 - [TEST_STEP][PASSED] - delay(1): Delayed 1 second(s)

2023-09-09 20:34:09 - [MESSAGE][PASSED] - Delayed 1 second(s)

2023-09-09 20:34:09 - [TEST_STEP][PASSED] - switch (Paymenttype): null

2023-09-09 20:34:09 - [TEST_STEP][PASSED] - case "Existing Liability w/Notice Number":: null

2023-09-09 20:34:09 - [TEST_STEP][PASSED] - selectOptionByLabel(findTestObject(orPath_TaxTypeFilingYear + "/select_TaxType_ExistingLiability"), Taxtype, false): All options with label 'PTE Non-Electing S Corp' are selected in object 'Object Repository/RAD_Pages/TaxTypeFilingYear_Page/select_TaxType_ExistingLiability' 

2023-09-09 20:34:09 - [MESSAGE][PASSED] - All options with label 'PTE Non-Electing S Corp' are selected in object 'Object Repository/RAD_Pages/TaxTypeFilingYear_Page/select_TaxType_ExistingLiability' 

2023-09-09 20:34:09 - [TEST_STEP][PASSED] - break: null

2023-09-09 20:34:09 - [TEST_STEP][PASSED] - delay(1): Delayed 1 second(s)

2023-09-09 20:34:10 - [MESSAGE][PASSED] - Delayed 1 second(s)

2023-09-09 20:34:10 - [TEST_STEP][PASSED] - scrollToElement(findTestObject(orPath_Amount + "/input__paymentAmount"), 2, CONTINUE_ON_FAILURE): Scroll to object 'Object Repository/RAD_Pages/PaymentAmount_Page/input__paymentAmount' successfully

2023-09-09 20:34:11 - [MESSAGE][PASSED] - Scroll to object 'Object Repository/RAD_Pages/PaymentAmount_Page/input__paymentAmount' successfully

2023-09-09 20:34:11 - [TEST_STEP][PASSED] - switch (Paymenttype): null

2023-09-09 20:34:11 - [TEST_STEP][PASSED] - case "Existing Liability w/Notice Number":: null

2023-09-09 20:34:11 - [TEST_STEP][PASSED] - setEncryptedText(findTestObject("Object Repository/RAD_RecordAndPlay/input_Existing_FEIN"), "RigbBhfdqODKcAsiUrg+1Q=="): Text ****** has been set on object 'Object Repository/RAD_RecordAndPlay/input_Existing_FEIN'

2023-09-09 20:34:11 - [MESSAGE][PASSED] - Text ****** has been set on object 'Object Repository/RAD_RecordAndPlay/input_Existing_FEIN'

2023-09-09 20:34:11 - [TEST_STEP][PASSED] - setEncryptedText(findTestObject("Object Repository/RAD_RecordAndPlay/input_Existing_RetypeFEIN"), "RigbBhfdqOBBGbZqm4oFJQ=="): Text ****** has been set on object 'Object Repository/RAD_RecordAndPlay/input_Existing_RetypeFEIN'

2023-09-09 20:34:13 - [MESSAGE][PASSED] - Text ****** has been set on object 'Object Repository/RAD_RecordAndPlay/input_Existing_RetypeFEIN'

2023-09-09 20:34:13 - [TEST_STEP][PASSED] - break: null

2023-09-09 20:34:13 - [TEST_STEP][PASSED] - setText(findTestObject(orPath_Amount + "/input__paymentAmount"), ""): Text '' is set on object 'Object Repository/RAD_Pages/PaymentAmount_Page/input__paymentAmount'

2023-09-09 20:34:13 - [MESSAGE][PASSED] - Text '' is set on object 'Object Repository/RAD_Pages/PaymentAmount_Page/input__paymentAmount'

2023-09-09 20:34:13 - [TEST_STEP][PASSED] - verifyTextPresent("The FEIN and Re-type FEIN do not match", true): Text 'The FEIN and Re-type FEIN do not match' is present on page  using regular expression

2023-09-09 20:34:14 - [MESSAGE][PASSED] - Text 'The FEIN and Re-type FEIN do not match' is present on page  using regular expression

2023-09-09 20:34:14 - [TEST_STEP][PASSED] - if (verifyTextPresent("The FEIN and Re-type FEIN do not match", true)): null

2023-09-09 20:34:15 - [MESSAGE][PASSED] - Text 'The FEIN and Re-type FEIN do not match' is present on page  using regular expression

2023-09-09 20:34:15 - [TEST_STEP][PASSED] - println("Error Message is present on the page"): null

2023-09-09 20:34:15 - [TEST_STEP][PASSED] - out.println("Pass Record Number: " + row): null

2023-09-09 20:34:15 - [TEST_STEP][PASSED] - resText = "Pass": null

2023-09-09 20:34:15 - [TEST_STEP][PASSED] - pages.WriteExcel.demoKey(resText, datText, resColumn, datCloumn, fileLoc, nameSheet, row): pages.WriteExcel.demoKey is PASSED

2023-09-09 20:34:15 - [MESSAGE][PASSED] - pages.WriteExcel.demoKey is PASSED

2023-09-09 20:34:15 - [TEST_STEP][PASSED] - ExecuteTC = findTestData(dataFile).getValue("Execute", row): null

2023-09-09 20:34:15 - [TEST_STEP][PASSED] - Taxtype = findTestData(dataFile).getValue("TaxType", row): null

2023-09-09 20:34:15 - [TEST_STEP][PASSED] - Paymenttype = findTestData(dataFile).getValue("PaymentType", row): null

2023-09-09 20:34:15 - [TEST_STEP][PASSED] - out.println("Value of Execute is : " + ExecuteTC): null

2023-09-09 20:34:15 - [TEST_STEP][PASSED] - if (ExecuteTC.equalsIgnoreCase("Y")): null

2023-09-09 20:34:15 - [TEST_STEP][PASSED] - out.println("Begin Record Number: " + row): null

2023-09-09 20:34:15 - [TEST_STEP][PASSED] - today = new java.util.Date(): null

2023-09-09 20:34:15 - [TEST_STEP][PASSED] - println(today): null

2023-09-09 20:34:15 - [TEST_STEP][PASSED] - datText = today: null

2023-09-09 20:34:15 - [TEST_STEP][PASSED] - Taxtype = findTestData(dataFile).getValue("TaxType", row): null

2023-09-09 20:34:15 - [TEST_STEP][PASSED] - out.println("Taxtype value is : " + Taxtype): null

2023-09-09 20:34:15 - [TEST_STEP][PASSED] - openBrowser(""): Browser is opened with url: ''

2023-09-09 20:34:15 - [MESSAGE][WARNING] - A browser is already opened. Closing browser and opening a new one

2023-09-09 20:34:16 - [MESSAGE][INFO] - Starting 'Chrome' driver

2023-09-09 20:34:16 - [MESSAGE][INFO] - User set preference: ['acceptInsecureCerts', 'true']

2023-09-09 20:34:16 - [MESSAGE][INFO] - Action delay is set to 0 milliseconds

2023-09-09 20:34:17 - [MESSAGE][PASSED] - Browser is opened with url: ''

2023-09-09 20:34:17 - [TEST_STEP][PASSED] - maximizeWindow(): Current window maximized

2023-09-09 20:34:17 - [MESSAGE][PASSED] - Current window maximized

2023-09-09 20:34:17 - [TEST_STEP][PASSED] - navigateToUrl(RADurl): Navigate to 'https://qa2.velocitypayment.com/client/rad/index.html' successfully

2023-09-09 20:34:19 - [MESSAGE][PASSED] - Navigate to 'https://qa2.velocitypayment.com/client/rad/index.html' successfully

2023-09-09 20:34:19 - [TEST_STEP][PASSED] - orPath_Landing = "Object Repository/RAD_Pages/Landing_Page": null

2023-09-09 20:34:19 - [TEST_STEP][PASSED] - orPath_TaxTypeFilingYear = "Object Repository/RAD_Pages/TaxTypeFilingYear_Page": null

2023-09-09 20:34:19 - [TEST_STEP][PASSED] - orPath_TaxPayer = "Object Repository/RAD_Pages/Taxpayer_Page": null

2023-09-09 20:34:19 - [TEST_STEP][PASSED] - orPath_AddressContact = "Object Repository/RAD_Pages/AddressAndContactInfo_Page": null

2023-09-09 20:34:19 - [TEST_STEP][PASSED] - orPath_FilingStatus = "Object Repository/RAD_Pages/FilingStatus_Page": null

2023-09-09 20:34:19 - [TEST_STEP][PASSED] - orPath_Amount = "Object Repository/RAD_Pages/PaymentAmount_Page": null

2023-09-09 20:34:19 - [TEST_STEP][PASSED] - orPath_TaxInfo = "Object Repository/RAD_Pages/TaxInfo_Page": null

2023-09-09 20:34:19 - [TEST_STEP][PASSED] - orPath_Withholding = "Object Repository/RAD_Pages/Withholding_Page": null

2023-09-09 20:34:19 - [TEST_STEP][PASSED] - orPath_Summary = "Object Repository/RAD_Pages/Summary_Page": null

2023-09-09 20:34:19 - [TEST_STEP][PASSED] - orPath_PaymentReady = "Object Repository/RAD_Pages/PaymentReady_Page": null

2023-09-09 20:34:19 - [TEST_STEP][PASSED] - orPath_PaymentEntry = "Object Repository/RAD_Pages/PaymentEntry_Page": null

2023-09-09 20:34:19 - [TEST_STEP][PASSED] - orPath_PaymentConfirmation = "Object Repository/RAD_Pages/PaymentConfirmation_Page": null

2023-09-09 20:34:19 - [TEST_STEP][PASSED] - orPath_ServiceFeesAccept = "Object Repository/RAD_Pages/ServiceFeeAccept_Page": null

2023-09-09 20:34:19 - [TEST_STEP][PASSED] - selectOptionByLabel(findTestObject(orPath_Landing + "/dd_TaxType"), Paymenttype, false): All options with label 'Existing Liability w/Notice Number' are selected in object 'Object Repository/RAD_Pages/Landing_Page/dd_TaxType' 

2023-09-09 20:34:19 - [MESSAGE][PASSED] - All options with label 'Existing Liability w/Notice Number' are selected in object 'Object Repository/RAD_Pages/Landing_Page/dd_TaxType' 

2023-09-09 20:34:19 - [TEST_STEP][PASSED] - delay(1): Delayed 1 second(s)

2023-09-09 20:34:20 - [MESSAGE][PASSED] - Delayed 1 second(s)

2023-09-09 20:34:20 - [TEST_STEP][PASSED] - switch (Paymenttype): null

2023-09-09 20:34:20 - [TEST_STEP][PASSED] - case "Existing Liability w/Notice Number":: null

2023-09-09 20:34:20 - [TEST_STEP][PASSED] - selectOptionByLabel(findTestObject(orPath_TaxTypeFilingYear + "/select_TaxType_ExistingLiability"), Taxtype, false): All options with label 'Sales & Use Tax' are selected in object 'Object Repository/RAD_Pages/TaxTypeFilingYear_Page/select_TaxType_ExistingLiability' 

2023-09-09 20:34:21 - [MESSAGE][PASSED] - All options with label 'Sales & Use Tax' are selected in object 'Object Repository/RAD_Pages/TaxTypeFilingYear_Page/select_TaxType_ExistingLiability' 

2023-09-09 20:34:21 - [TEST_STEP][PASSED] - break: null

2023-09-09 20:34:21 - [TEST_STEP][PASSED] - delay(1): Delayed 1 second(s)

2023-09-09 20:34:22 - [MESSAGE][PASSED] - Delayed 1 second(s)

2023-09-09 20:34:22 - [TEST_STEP][PASSED] - scrollToElement(findTestObject(orPath_Amount + "/input__paymentAmount"), 2, CONTINUE_ON_FAILURE): Scroll to object 'Object Repository/RAD_Pages/PaymentAmount_Page/input__paymentAmount' successfully

2023-09-09 20:34:22 - [MESSAGE][PASSED] - Scroll to object 'Object Repository/RAD_Pages/PaymentAmount_Page/input__paymentAmount' successfully

2023-09-09 20:34:22 - [TEST_STEP][PASSED] - switch (Paymenttype): null

2023-09-09 20:34:22 - [TEST_STEP][PASSED] - case "Existing Liability w/Notice Number":: null

2023-09-09 20:34:22 - [TEST_STEP][PASSED] - setEncryptedText(findTestObject("Object Repository/RAD_RecordAndPlay/input_Existing_FEIN"), "RigbBhfdqODKcAsiUrg+1Q=="): Text ****** has been set on object 'Object Repository/RAD_RecordAndPlay/input_Existing_FEIN'

2023-09-09 20:34:23 - [MESSAGE][PASSED] - Text ****** has been set on object 'Object Repository/RAD_RecordAndPlay/input_Existing_FEIN'

2023-09-09 20:34:23 - [TEST_STEP][PASSED] - setEncryptedText(findTestObject("Object Repository/RAD_RecordAndPlay/input_Existing_RetypeFEIN"), "RigbBhfdqOBBGbZqm4oFJQ=="): Text ****** has been set on object 'Object Repository/RAD_RecordAndPlay/input_Existing_RetypeFEIN'

2023-09-09 20:34:25 - [MESSAGE][PASSED] - Text ****** has been set on object 'Object Repository/RAD_RecordAndPlay/input_Existing_RetypeFEIN'

2023-09-09 20:34:25 - [TEST_STEP][PASSED] - break: null

2023-09-09 20:34:25 - [TEST_STEP][PASSED] - setText(findTestObject(orPath_Amount + "/input__paymentAmount"), ""): Text '' is set on object 'Object Repository/RAD_Pages/PaymentAmount_Page/input__paymentAmount'

2023-09-09 20:34:25 - [MESSAGE][PASSED] - Text '' is set on object 'Object Repository/RAD_Pages/PaymentAmount_Page/input__paymentAmount'

2023-09-09 20:34:25 - [TEST_STEP][PASSED] - verifyTextPresent("The FEIN and Re-type FEIN do not match", true): Text 'The FEIN and Re-type FEIN do not match' is present on page  using regular expression

2023-09-09 20:34:26 - [MESSAGE][PASSED] - Text 'The FEIN and Re-type FEIN do not match' is present on page  using regular expression

2023-09-09 20:34:26 - [TEST_STEP][PASSED] - if (verifyTextPresent("The FEIN and Re-type FEIN do not match", true)): null

2023-09-09 20:34:26 - [MESSAGE][PASSED] - Text 'The FEIN and Re-type FEIN do not match' is present on page  using regular expression

2023-09-09 20:34:26 - [TEST_STEP][PASSED] - println("Error Message is present on the page"): null

2023-09-09 20:34:26 - [TEST_STEP][PASSED] - out.println("Pass Record Number: " + row): null

2023-09-09 20:34:26 - [TEST_STEP][PASSED] - resText = "Pass": null

2023-09-09 20:34:26 - [TEST_STEP][PASSED] - pages.WriteExcel.demoKey(resText, datText, resColumn, datCloumn, fileLoc, nameSheet, row): pages.WriteExcel.demoKey is PASSED

2023-09-09 20:34:27 - [MESSAGE][PASSED] - pages.WriteExcel.demoKey is PASSED

2023-09-09 20:34:27 - [TEST_STEP][PASSED] - ExecuteTC = findTestData(dataFile).getValue("Execute", row): null

2023-09-09 20:34:27 - [TEST_STEP][PASSED] - Taxtype = findTestData(dataFile).getValue("TaxType", row): null

2023-09-09 20:34:27 - [TEST_STEP][PASSED] - Paymenttype = findTestData(dataFile).getValue("PaymentType", row): null

2023-09-09 20:34:27 - [TEST_STEP][PASSED] - out.println("Value of Execute is : " + ExecuteTC): null

2023-09-09 20:34:27 - [TEST_STEP][PASSED] - if (ExecuteTC.equalsIgnoreCase("Y")): null

2023-09-09 20:34:27 - [TEST_STEP][PASSED] - out.println("Begin Record Number: " + row): null

2023-09-09 20:34:27 - [TEST_STEP][PASSED] - today = new java.util.Date(): null

2023-09-09 20:34:27 - [TEST_STEP][PASSED] - println(today): null

2023-09-09 20:34:27 - [TEST_STEP][PASSED] - datText = today: null

2023-09-09 20:34:27 - [TEST_STEP][PASSED] - Taxtype = findTestData(dataFile).getValue("TaxType", row): null

2023-09-09 20:34:27 - [TEST_STEP][PASSED] - out.println("Taxtype value is : " + Taxtype): null

2023-09-09 20:34:27 - [TEST_STEP][PASSED] - openBrowser(""): Browser is opened with url: ''

2023-09-09 20:34:27 - [MESSAGE][WARNING] - A browser is already opened. Closing browser and opening a new one

2023-09-09 20:34:28 - [MESSAGE][INFO] - Starting 'Chrome' driver

2023-09-09 20:34:28 - [MESSAGE][INFO] - User set preference: ['acceptInsecureCerts', 'true']

2023-09-09 20:34:28 - [MESSAGE][INFO] - Action delay is set to 0 milliseconds

2023-09-09 20:34:29 - [MESSAGE][PASSED] - Browser is opened with url: ''

2023-09-09 20:34:29 - [TEST_STEP][PASSED] - maximizeWindow(): Current window maximized

2023-09-09 20:34:29 - [MESSAGE][PASSED] - Current window maximized

2023-09-09 20:34:29 - [TEST_STEP][PASSED] - navigateToUrl(RADurl): Navigate to 'https://qa2.velocitypayment.com/client/rad/index.html' successfully

2023-09-09 20:34:31 - [MESSAGE][PASSED] - Navigate to 'https://qa2.velocitypayment.com/client/rad/index.html' successfully

2023-09-09 20:34:31 - [TEST_STEP][PASSED] - orPath_Landing = "Object Repository/RAD_Pages/Landing_Page": null

2023-09-09 20:34:31 - [TEST_STEP][PASSED] - orPath_TaxTypeFilingYear = "Object Repository/RAD_Pages/TaxTypeFilingYear_Page": null

2023-09-09 20:34:31 - [TEST_STEP][PASSED] - orPath_TaxPayer = "Object Repository/RAD_Pages/Taxpayer_Page": null

2023-09-09 20:34:31 - [TEST_STEP][PASSED] - orPath_AddressContact = "Object Repository/RAD_Pages/AddressAndContactInfo_Page": null

2023-09-09 20:34:31 - [TEST_STEP][PASSED] - orPath_FilingStatus = "Object Repository/RAD_Pages/FilingStatus_Page": null

2023-09-09 20:34:31 - [TEST_STEP][PASSED] - orPath_Amount = "Object Repository/RAD_Pages/PaymentAmount_Page": null

2023-09-09 20:34:31 - [TEST_STEP][PASSED] - orPath_TaxInfo = "Object Repository/RAD_Pages/TaxInfo_Page": null

2023-09-09 20:34:31 - [TEST_STEP][PASSED] - orPath_Withholding = "Object Repository/RAD_Pages/Withholding_Page": null

2023-09-09 20:34:31 - [TEST_STEP][PASSED] - orPath_Summary = "Object Repository/RAD_Pages/Summary_Page": null

2023-09-09 20:34:31 - [TEST_STEP][PASSED] - orPath_PaymentReady = "Object Repository/RAD_Pages/PaymentReady_Page": null

2023-09-09 20:34:31 - [TEST_STEP][PASSED] - orPath_PaymentEntry = "Object Repository/RAD_Pages/PaymentEntry_Page": null

2023-09-09 20:34:31 - [TEST_STEP][PASSED] - orPath_PaymentConfirmation = "Object Repository/RAD_Pages/PaymentConfirmation_Page": null

2023-09-09 20:34:31 - [TEST_STEP][PASSED] - orPath_ServiceFeesAccept = "Object Repository/RAD_Pages/ServiceFeeAccept_Page": null

2023-09-09 20:34:31 - [TEST_STEP][PASSED] - selectOptionByLabel(findTestObject(orPath_Landing + "/dd_TaxType"), Paymenttype, false): All options with label 'Existing Liability w/Notice Number' are selected in object 'Object Repository/RAD_Pages/Landing_Page/dd_TaxType' 

2023-09-09 20:34:31 - [MESSAGE][PASSED] - All options with label 'Existing Liability w/Notice Number' are selected in object 'Object Repository/RAD_Pages/Landing_Page/dd_TaxType' 

2023-09-09 20:34:31 - [TEST_STEP][PASSED] - delay(1): Delayed 1 second(s)

2023-09-09 20:34:32 - [MESSAGE][PASSED] - Delayed 1 second(s)

2023-09-09 20:34:32 - [TEST_STEP][PASSED] - switch (Paymenttype): null

2023-09-09 20:34:32 - [TEST_STEP][PASSED] - case "Existing Liability w/Notice Number":: null

2023-09-09 20:34:32 - [TEST_STEP][PASSED] - selectOptionByLabel(findTestObject(orPath_TaxTypeFilingYear + "/select_TaxType_ExistingLiability"), Taxtype, false): All options with label 'Tire Recycling Fee' are selected in object 'Object Repository/RAD_Pages/TaxTypeFilingYear_Page/select_TaxType_ExistingLiability' 

2023-09-09 20:34:33 - [MESSAGE][PASSED] - All options with label 'Tire Recycling Fee' are selected in object 'Object Repository/RAD_Pages/TaxTypeFilingYear_Page/select_TaxType_ExistingLiability' 

2023-09-09 20:34:33 - [TEST_STEP][PASSED] - break: null

2023-09-09 20:34:33 - [TEST_STEP][PASSED] - delay(1): Delayed 1 second(s)

2023-09-09 20:34:34 - [MESSAGE][PASSED] - Delayed 1 second(s)

2023-09-09 20:34:34 - [TEST_STEP][PASSED] - scrollToElement(findTestObject(orPath_Amount + "/input__paymentAmount"), 2, CONTINUE_ON_FAILURE): Scroll to object 'Object Repository/RAD_Pages/PaymentAmount_Page/input__paymentAmount' successfully

2023-09-09 20:34:34 - [MESSAGE][PASSED] - Scroll to object 'Object Repository/RAD_Pages/PaymentAmount_Page/input__paymentAmount' successfully

2023-09-09 20:34:34 - [TEST_STEP][PASSED] - switch (Paymenttype): null

2023-09-09 20:34:34 - [TEST_STEP][PASSED] - case "Existing Liability w/Notice Number":: null

2023-09-09 20:34:34 - [TEST_STEP][PASSED] - setEncryptedText(findTestObject("Object Repository/RAD_RecordAndPlay/input_Existing_FEIN"), "RigbBhfdqODKcAsiUrg+1Q=="): Text ****** has been set on object 'Object Repository/RAD_RecordAndPlay/input_Existing_FEIN'

2023-09-09 20:34:35 - [MESSAGE][PASSED] - Text ****** has been set on object 'Object Repository/RAD_RecordAndPlay/input_Existing_FEIN'

2023-09-09 20:34:36 - [TEST_STEP][PASSED] - setEncryptedText(findTestObject("Object Repository/RAD_RecordAndPlay/input_Existing_RetypeFEIN"), "RigbBhfdqOBBGbZqm4oFJQ=="): Text ****** has been set on object 'Object Repository/RAD_RecordAndPlay/input_Existing_RetypeFEIN'

2023-09-09 20:34:37 - [MESSAGE][PASSED] - Text ****** has been set on object 'Object Repository/RAD_RecordAndPlay/input_Existing_RetypeFEIN'

2023-09-09 20:34:37 - [TEST_STEP][PASSED] - break: null

2023-09-09 20:34:37 - [TEST_STEP][PASSED] - setText(findTestObject(orPath_Amount + "/input__paymentAmount"), ""): Text '' is set on object 'Object Repository/RAD_Pages/PaymentAmount_Page/input__paymentAmount'

2023-09-09 20:34:37 - [MESSAGE][PASSED] - Text '' is set on object 'Object Repository/RAD_Pages/PaymentAmount_Page/input__paymentAmount'

2023-09-09 20:34:37 - [TEST_STEP][PASSED] - verifyTextPresent("The FEIN and Re-type FEIN do not match", true): Text 'The FEIN and Re-type FEIN do not match' is present on page  using regular expression

2023-09-09 20:34:38 - [MESSAGE][PASSED] - Text 'The FEIN and Re-type FEIN do not match' is present on page  using regular expression

2023-09-09 20:34:38 - [TEST_STEP][PASSED] - if (verifyTextPresent("The FEIN and Re-type FEIN do not match", true)): null

2023-09-09 20:34:39 - [MESSAGE][PASSED] - Text 'The FEIN and Re-type FEIN do not match' is present on page  using regular expression

2023-09-09 20:34:39 - [TEST_STEP][PASSED] - println("Error Message is present on the page"): null

2023-09-09 20:34:39 - [TEST_STEP][PASSED] - out.println("Pass Record Number: " + row): null

2023-09-09 20:34:39 - [TEST_STEP][PASSED] - resText = "Pass": null

2023-09-09 20:34:39 - [TEST_STEP][PASSED] - pages.WriteExcel.demoKey(resText, datText, resColumn, datCloumn, fileLoc, nameSheet, row): pages.WriteExcel.demoKey is PASSED

2023-09-09 20:34:39 - [MESSAGE][PASSED] - pages.WriteExcel.demoKey is PASSED

2023-09-09 20:34:39 - [TEST_STEP][PASSED] - ExecuteTC = findTestData(dataFile).getValue("Execute", row): null

2023-09-09 20:34:39 - [TEST_STEP][PASSED] - Taxtype = findTestData(dataFile).getValue("TaxType", row): null

2023-09-09 20:34:39 - [TEST_STEP][PASSED] - Paymenttype = findTestData(dataFile).getValue("PaymentType", row): null

2023-09-09 20:34:39 - [TEST_STEP][PASSED] - out.println("Value of Execute is : " + ExecuteTC): null

2023-09-09 20:34:39 - [TEST_STEP][PASSED] - if (ExecuteTC.equalsIgnoreCase("Y")): null

2023-09-09 20:34:39 - [TEST_STEP][PASSED] - out.println("Begin Record Number: " + row): null

2023-09-09 20:34:39 - [TEST_STEP][PASSED] - today = new java.util.Date(): null

2023-09-09 20:34:39 - [TEST_STEP][PASSED] - println(today): null

2023-09-09 20:34:39 - [TEST_STEP][PASSED] - datText = today: null

2023-09-09 20:34:39 - [TEST_STEP][PASSED] - Taxtype = findTestData(dataFile).getValue("TaxType", row): null

2023-09-09 20:34:39 - [TEST_STEP][PASSED] - out.println("Taxtype value is : " + Taxtype): null

2023-09-09 20:34:39 - [TEST_STEP][PASSED] - openBrowser(""): Browser is opened with url: ''

2023-09-09 20:34:39 - [MESSAGE][WARNING] - A browser is already opened. Closing browser and opening a new one

2023-09-09 20:34:40 - [MESSAGE][INFO] - Starting 'Chrome' driver

2023-09-09 20:34:40 - [MESSAGE][INFO] - User set preference: ['acceptInsecureCerts', 'true']

2023-09-09 20:34:40 - [MESSAGE][INFO] - Action delay is set to 0 milliseconds

2023-09-09 20:34:41 - [MESSAGE][PASSED] - Browser is opened with url: ''

2023-09-09 20:34:41 - [TEST_STEP][PASSED] - maximizeWindow(): Current window maximized

2023-09-09 20:34:41 - [MESSAGE][PASSED] - Current window maximized

2023-09-09 20:34:41 - [TEST_STEP][PASSED] - navigateToUrl(RADurl): Navigate to 'https://qa2.velocitypayment.com/client/rad/index.html' successfully

2023-09-09 20:34:43 - [MESSAGE][PASSED] - Navigate to 'https://qa2.velocitypayment.com/client/rad/index.html' successfully

2023-09-09 20:34:43 - [TEST_STEP][PASSED] - orPath_Landing = "Object Repository/RAD_Pages/Landing_Page": null

2023-09-09 20:34:43 - [TEST_STEP][PASSED] - orPath_TaxTypeFilingYear = "Object Repository/RAD_Pages/TaxTypeFilingYear_Page": null

2023-09-09 20:34:43 - [TEST_STEP][PASSED] - orPath_TaxPayer = "Object Repository/RAD_Pages/Taxpayer_Page": null

2023-09-09 20:34:43 - [TEST_STEP][PASSED] - orPath_AddressContact = "Object Repository/RAD_Pages/AddressAndContactInfo_Page": null

2023-09-09 20:34:43 - [TEST_STEP][PASSED] - orPath_FilingStatus = "Object Repository/RAD_Pages/FilingStatus_Page": null

2023-09-09 20:34:43 - [TEST_STEP][PASSED] - orPath_Amount = "Object Repository/RAD_Pages/PaymentAmount_Page": null

2023-09-09 20:34:43 - [TEST_STEP][PASSED] - orPath_TaxInfo = "Object Repository/RAD_Pages/TaxInfo_Page": null

2023-09-09 20:34:43 - [TEST_STEP][PASSED] - orPath_Withholding = "Object Repository/RAD_Pages/Withholding_Page": null

2023-09-09 20:34:43 - [TEST_STEP][PASSED] - orPath_Summary = "Object Repository/RAD_Pages/Summary_Page": null

2023-09-09 20:34:43 - [TEST_STEP][PASSED] - orPath_PaymentReady = "Object Repository/RAD_Pages/PaymentReady_Page": null

2023-09-09 20:34:43 - [TEST_STEP][PASSED] - orPath_PaymentEntry = "Object Repository/RAD_Pages/PaymentEntry_Page": null

2023-09-09 20:34:43 - [TEST_STEP][PASSED] - orPath_PaymentConfirmation = "Object Repository/RAD_Pages/PaymentConfirmation_Page": null

2023-09-09 20:34:43 - [TEST_STEP][PASSED] - orPath_ServiceFeesAccept = "Object Repository/RAD_Pages/ServiceFeeAccept_Page": null

2023-09-09 20:34:43 - [TEST_STEP][PASSED] - selectOptionByLabel(findTestObject(orPath_Landing + "/dd_TaxType"), Paymenttype, false): All options with label 'Existing Liability w/Notice Number' are selected in object 'Object Repository/RAD_Pages/Landing_Page/dd_TaxType' 

2023-09-09 20:34:44 - [MESSAGE][PASSED] - All options with label 'Existing Liability w/Notice Number' are selected in object 'Object Repository/RAD_Pages/Landing_Page/dd_TaxType' 

2023-09-09 20:34:44 - [TEST_STEP][PASSED] - delay(1): Delayed 1 second(s)

2023-09-09 20:34:45 - [MESSAGE][PASSED] - Delayed 1 second(s)

2023-09-09 20:34:45 - [TEST_STEP][PASSED] - switch (Paymenttype): null

2023-09-09 20:34:45 - [TEST_STEP][PASSED] - case "Existing Liability w/Notice Number":: null

2023-09-09 20:34:45 - [TEST_STEP][PASSED] - selectOptionByLabel(findTestObject(orPath_TaxTypeFilingYear + "/select_TaxType_ExistingLiability"), Taxtype, false): All options with label 'Withholding Tax' are selected in object 'Object Repository/RAD_Pages/TaxTypeFilingYear_Page/select_TaxType_ExistingLiability' 

2023-09-09 20:34:45 - [MESSAGE][PASSED] - All options with label 'Withholding Tax' are selected in object 'Object Repository/RAD_Pages/TaxTypeFilingYear_Page/select_TaxType_ExistingLiability' 

2023-09-09 20:34:45 - [TEST_STEP][PASSED] - break: null

2023-09-09 20:34:45 - [TEST_STEP][PASSED] - delay(1): Delayed 1 second(s)

2023-09-09 20:34:46 - [MESSAGE][PASSED] - Delayed 1 second(s)

2023-09-09 20:34:46 - [TEST_STEP][PASSED] - scrollToElement(findTestObject(orPath_Amount + "/input__paymentAmount"), 2, CONTINUE_ON_FAILURE): Scroll to object 'Object Repository/RAD_Pages/PaymentAmount_Page/input__paymentAmount' successfully

2023-09-09 20:34:47 - [MESSAGE][PASSED] - Scroll to object 'Object Repository/RAD_Pages/PaymentAmount_Page/input__paymentAmount' successfully

2023-09-09 20:34:47 - [TEST_STEP][PASSED] - switch (Paymenttype): null

2023-09-09 20:34:47 - [TEST_STEP][PASSED] - case "Existing Liability w/Notice Number":: null

2023-09-09 20:34:47 - [TEST_STEP][PASSED] - setEncryptedText(findTestObject("Object Repository/RAD_RecordAndPlay/input_Existing_FEIN"), "RigbBhfdqODKcAsiUrg+1Q=="): Text ****** has been set on object 'Object Repository/RAD_RecordAndPlay/input_Existing_FEIN'

2023-09-09 20:34:47 - [MESSAGE][PASSED] - Text ****** has been set on object 'Object Repository/RAD_RecordAndPlay/input_Existing_FEIN'

2023-09-09 20:34:48 - [TEST_STEP][PASSED] - setEncryptedText(findTestObject("Object Repository/RAD_RecordAndPlay/input_Existing_RetypeFEIN"), "RigbBhfdqOBBGbZqm4oFJQ=="): Text ****** has been set on object 'Object Repository/RAD_RecordAndPlay/input_Existing_RetypeFEIN'

2023-09-09 20:34:49 - [MESSAGE][PASSED] - Text ****** has been set on object 'Object Repository/RAD_RecordAndPlay/input_Existing_RetypeFEIN'

2023-09-09 20:34:49 - [TEST_STEP][PASSED] - break: null

2023-09-09 20:34:49 - [TEST_STEP][PASSED] - setText(findTestObject(orPath_Amount + "/input__paymentAmount"), ""): Text '' is set on object 'Object Repository/RAD_Pages/PaymentAmount_Page/input__paymentAmount'

2023-09-09 20:34:50 - [MESSAGE][PASSED] - Text '' is set on object 'Object Repository/RAD_Pages/PaymentAmount_Page/input__paymentAmount'

2023-09-09 20:34:50 - [TEST_STEP][PASSED] - verifyTextPresent("The FEIN and Re-type FEIN do not match", true): Text 'The FEIN and Re-type FEIN do not match' is present on page  using regular expression

2023-09-09 20:34:50 - [MESSAGE][PASSED] - Text 'The FEIN and Re-type FEIN do not match' is present on page  using regular expression

2023-09-09 20:34:50 - [TEST_STEP][PASSED] - if (verifyTextPresent("The FEIN and Re-type FEIN do not match", true)): null

2023-09-09 20:34:51 - [MESSAGE][PASSED] - Text 'The FEIN and Re-type FEIN do not match' is present on page  using regular expression

2023-09-09 20:34:51 - [TEST_STEP][PASSED] - println("Error Message is present on the page"): null

2023-09-09 20:34:51 - [TEST_STEP][PASSED] - out.println("Pass Record Number: " + row): null

2023-09-09 20:34:51 - [TEST_STEP][PASSED] - resText = "Pass": null

2023-09-09 20:34:51 - [TEST_STEP][PASSED] - pages.WriteExcel.demoKey(resText, datText, resColumn, datCloumn, fileLoc, nameSheet, row): pages.WriteExcel.demoKey is PASSED

2023-09-09 20:34:51 - [MESSAGE][PASSED] - pages.WriteExcel.demoKey is PASSED

2023-09-09 20:34:51 - [TEST_STEP][PASSED] - ExecuteTC = findTestData(dataFile).getValue("Execute", row): null

2023-09-09 20:34:51 - [TEST_STEP][PASSED] - Taxtype = findTestData(dataFile).getValue("TaxType", row): null

2023-09-09 20:34:51 - [TEST_STEP][PASSED] - Paymenttype = findTestData(dataFile).getValue("PaymentType", row): null

2023-09-09 20:34:51 - [TEST_STEP][PASSED] - out.println("Value of Execute is : " + ExecuteTC): null

2023-09-09 20:34:51 - [TEST_STEP][PASSED] - if (ExecuteTC.equalsIgnoreCase("Y")): null

2023-09-09 20:34:51 - [TEST_STEP][PASSED] - out.println("Begin Record Number: " + row): null

2023-09-09 20:34:51 - [TEST_STEP][PASSED] - today = new java.util.Date(): null

2023-09-09 20:34:51 - [TEST_STEP][PASSED] - println(today): null

2023-09-09 20:34:51 - [TEST_STEP][PASSED] - datText = today: null

2023-09-09 20:34:51 - [TEST_STEP][PASSED] - Taxtype = findTestData(dataFile).getValue("TaxType", row): null

2023-09-09 20:34:51 - [TEST_STEP][PASSED] - out.println("Taxtype value is : " + Taxtype): null

2023-09-09 20:34:51 - [TEST_STEP][PASSED] - openBrowser(""): Browser is opened with url: ''

2023-09-09 20:34:51 - [MESSAGE][WARNING] - A browser is already opened. Closing browser and opening a new one

2023-09-09 20:34:52 - [MESSAGE][INFO] - Starting 'Chrome' driver

2023-09-09 20:34:52 - [MESSAGE][INFO] - User set preference: ['acceptInsecureCerts', 'true']

2023-09-09 20:34:52 - [MESSAGE][INFO] - Action delay is set to 0 milliseconds

2023-09-09 20:34:53 - [MESSAGE][PASSED] - Browser is opened with url: ''

2023-09-09 20:34:53 - [TEST_STEP][PASSED] - maximizeWindow(): Current window maximized

2023-09-09 20:34:53 - [MESSAGE][PASSED] - Current window maximized

2023-09-09 20:34:53 - [TEST_STEP][PASSED] - navigateToUrl(RADurl): Navigate to 'https://qa2.velocitypayment.com/client/rad/index.html' successfully

2023-09-09 20:34:55 - [MESSAGE][PASSED] - Navigate to 'https://qa2.velocitypayment.com/client/rad/index.html' successfully

2023-09-09 20:34:55 - [TEST_STEP][PASSED] - orPath_Landing = "Object Repository/RAD_Pages/Landing_Page": null

2023-09-09 20:34:55 - [TEST_STEP][PASSED] - orPath_TaxTypeFilingYear = "Object Repository/RAD_Pages/TaxTypeFilingYear_Page": null

2023-09-09 20:34:55 - [TEST_STEP][PASSED] - orPath_TaxPayer = "Object Repository/RAD_Pages/Taxpayer_Page": null

2023-09-09 20:34:55 - [TEST_STEP][PASSED] - orPath_AddressContact = "Object Repository/RAD_Pages/AddressAndContactInfo_Page": null

2023-09-09 20:34:55 - [TEST_STEP][PASSED] - orPath_FilingStatus = "Object Repository/RAD_Pages/FilingStatus_Page": null

2023-09-09 20:34:55 - [TEST_STEP][PASSED] - orPath_Amount = "Object Repository/RAD_Pages/PaymentAmount_Page": null

2023-09-09 20:34:55 - [TEST_STEP][PASSED] - orPath_TaxInfo = "Object Repository/RAD_Pages/TaxInfo_Page": null

2023-09-09 20:34:55 - [TEST_STEP][PASSED] - orPath_Withholding = "Object Repository/RAD_Pages/Withholding_Page": null

2023-09-09 20:34:55 - [TEST_STEP][PASSED] - orPath_Summary = "Object Repository/RAD_Pages/Summary_Page": null

2023-09-09 20:34:55 - [TEST_STEP][PASSED] - orPath_PaymentReady = "Object Repository/RAD_Pages/PaymentReady_Page": null

2023-09-09 20:34:55 - [TEST_STEP][PASSED] - orPath_PaymentEntry = "Object Repository/RAD_Pages/PaymentEntry_Page": null

2023-09-09 20:34:55 - [TEST_STEP][PASSED] - orPath_PaymentConfirmation = "Object Repository/RAD_Pages/PaymentConfirmation_Page": null

2023-09-09 20:34:55 - [TEST_STEP][PASSED] - orPath_ServiceFeesAccept = "Object Repository/RAD_Pages/ServiceFeeAccept_Page": null

2023-09-09 20:34:55 - [TEST_STEP][PASSED] - selectOptionByLabel(findTestObject(orPath_Landing + "/dd_TaxType"), Paymenttype, false): All options with label 'Existing Liability w/Notice Number' are selected in object 'Object Repository/RAD_Pages/Landing_Page/dd_TaxType' 

2023-09-09 20:34:56 - [MESSAGE][PASSED] - All options with label 'Existing Liability w/Notice Number' are selected in object 'Object Repository/RAD_Pages/Landing_Page/dd_TaxType' 

2023-09-09 20:34:56 - [TEST_STEP][PASSED] - delay(1): Delayed 1 second(s)

2023-09-09 20:34:57 - [MESSAGE][PASSED] - Delayed 1 second(s)

2023-09-09 20:34:57 - [TEST_STEP][PASSED] - switch (Paymenttype): null

2023-09-09 20:34:57 - [TEST_STEP][PASSED] - case "Existing Liability w/Notice Number":: null

2023-09-09 20:34:57 - [TEST_STEP][PASSED] - selectOptionByLabel(findTestObject(orPath_TaxTypeFilingYear + "/select_TaxType_ExistingLiability"), Taxtype, false): All options with label 'Alcohol Tax' are selected in object 'Object Repository/RAD_Pages/TaxTypeFilingYear_Page/select_TaxType_ExistingLiability' 

2023-09-09 20:34:57 - [MESSAGE][PASSED] - All options with label 'Alcohol Tax' are selected in object 'Object Repository/RAD_Pages/TaxTypeFilingYear_Page/select_TaxType_ExistingLiability' 

2023-09-09 20:34:57 - [TEST_STEP][PASSED] - break: null

2023-09-09 20:34:57 - [TEST_STEP][PASSED] - delay(1): Delayed 1 second(s)

2023-09-09 20:34:58 - [MESSAGE][PASSED] - Delayed 1 second(s)

2023-09-09 20:34:58 - [TEST_STEP][PASSED] - scrollToElement(findTestObject(orPath_Amount + "/input__paymentAmount"), 2, CONTINUE_ON_FAILURE): Scroll to object 'Object Repository/RAD_Pages/PaymentAmount_Page/input__paymentAmount' successfully

2023-09-09 20:34:59 - [MESSAGE][PASSED] - Scroll to object 'Object Repository/RAD_Pages/PaymentAmount_Page/input__paymentAmount' successfully

2023-09-09 20:34:59 - [TEST_STEP][PASSED] - switch (Paymenttype): null

2023-09-09 20:34:59 - [TEST_STEP][PASSED] - case "Existing Liability w/Notice Number":: null

2023-09-09 20:34:59 - [TEST_STEP][PASSED] - setEncryptedText(findTestObject("Object Repository/RAD_RecordAndPlay/input_Existing_FEIN"), "RigbBhfdqODKcAsiUrg+1Q=="): Text ****** has been set on object 'Object Repository/RAD_RecordAndPlay/input_Existing_FEIN'

2023-09-09 20:34:59 - [MESSAGE][PASSED] - Text ****** has been set on object 'Object Repository/RAD_RecordAndPlay/input_Existing_FEIN'

2023-09-09 20:35:00 - [TEST_STEP][PASSED] - setEncryptedText(findTestObject("Object Repository/RAD_RecordAndPlay/input_Existing_RetypeFEIN"), "RigbBhfdqOBBGbZqm4oFJQ=="): Text ****** has been set on object 'Object Repository/RAD_RecordAndPlay/input_Existing_RetypeFEIN'

2023-09-09 20:35:01 - [MESSAGE][PASSED] - Text ****** has been set on object 'Object Repository/RAD_RecordAndPlay/input_Existing_RetypeFEIN'

2023-09-09 20:35:01 - [TEST_STEP][PASSED] - break: null

2023-09-09 20:35:01 - [TEST_STEP][PASSED] - setText(findTestObject(orPath_Amount + "/input__paymentAmount"), ""): Text '' is set on object 'Object Repository/RAD_Pages/PaymentAmount_Page/input__paymentAmount'

2023-09-09 20:35:02 - [MESSAGE][PASSED] - Text '' is set on object 'Object Repository/RAD_Pages/PaymentAmount_Page/input__paymentAmount'

2023-09-09 20:35:02 - [TEST_STEP][PASSED] - verifyTextPresent("The FEIN and Re-type FEIN do not match", true): Text 'The FEIN and Re-type FEIN do not match' is present on page  using regular expression

2023-09-09 20:35:02 - [MESSAGE][PASSED] - Text 'The FEIN and Re-type FEIN do not match' is present on page  using regular expression

2023-09-09 20:35:02 - [TEST_STEP][PASSED] - if (verifyTextPresent("The FEIN and Re-type FEIN do not match", true)): null

2023-09-09 20:35:03 - [MESSAGE][PASSED] - Text 'The FEIN and Re-type FEIN do not match' is present on page  using regular expression

2023-09-09 20:35:03 - [TEST_STEP][PASSED] - println("Error Message is present on the page"): null

2023-09-09 20:35:03 - [TEST_STEP][PASSED] - out.println("Pass Record Number: " + row): null

2023-09-09 20:35:03 - [TEST_STEP][PASSED] - resText = "Pass": null

2023-09-09 20:35:03 - [TEST_STEP][PASSED] - pages.WriteExcel.demoKey(resText, datText, resColumn, datCloumn, fileLoc, nameSheet, row): pages.WriteExcel.demoKey is PASSED

2023-09-09 20:35:03 - [MESSAGE][PASSED] - pages.WriteExcel.demoKey is PASSED

2023-09-09 20:35:03 - [TEST_STEP][PASSED] - ExecuteTC = findTestData(dataFile).getValue("Execute", row): null

2023-09-09 20:35:03 - [TEST_STEP][PASSED] - Taxtype = findTestData(dataFile).getValue("TaxType", row): null

2023-09-09 20:35:03 - [TEST_STEP][PASSED] - Paymenttype = findTestData(dataFile).getValue("PaymentType", row): null

2023-09-09 20:35:03 - [TEST_STEP][PASSED] - out.println("Value of Execute is : " + ExecuteTC): null

2023-09-09 20:35:03 - [TEST_STEP][PASSED] - if (ExecuteTC.equalsIgnoreCase("Y")): null

2023-09-09 20:35:03 - [TEST_STEP][PASSED] - out.println("Begin Record Number: " + row): null

2023-09-09 20:35:03 - [TEST_STEP][PASSED] - today = new java.util.Date(): null

2023-09-09 20:35:03 - [TEST_STEP][PASSED] - println(today): null

2023-09-09 20:35:03 - [TEST_STEP][PASSED] - datText = today: null

2023-09-09 20:35:03 - [TEST_STEP][PASSED] - Taxtype = findTestData(dataFile).getValue("TaxType", row): null

2023-09-09 20:35:03 - [TEST_STEP][PASSED] - out.println("Taxtype value is : " + Taxtype): null

2023-09-09 20:35:03 - [TEST_STEP][PASSED] - openBrowser(""): Browser is opened with url: ''

2023-09-09 20:35:03 - [MESSAGE][WARNING] - A browser is already opened. Closing browser and opening a new one

2023-09-09 20:35:04 - [MESSAGE][INFO] - Starting 'Chrome' driver

2023-09-09 20:35:04 - [MESSAGE][INFO] - User set preference: ['acceptInsecureCerts', 'true']

2023-09-09 20:35:04 - [MESSAGE][INFO] - Action delay is set to 0 milliseconds

2023-09-09 20:35:05 - [MESSAGE][PASSED] - Browser is opened with url: ''

2023-09-09 20:35:05 - [TEST_STEP][PASSED] - maximizeWindow(): Current window maximized

2023-09-09 20:35:06 - [MESSAGE][PASSED] - Current window maximized

2023-09-09 20:35:06 - [TEST_STEP][PASSED] - navigateToUrl(RADurl): Navigate to 'https://qa2.velocitypayment.com/client/rad/index.html' successfully

2023-09-09 20:35:07 - [MESSAGE][PASSED] - Navigate to 'https://qa2.velocitypayment.com/client/rad/index.html' successfully

2023-09-09 20:35:07 - [TEST_STEP][PASSED] - orPath_Landing = "Object Repository/RAD_Pages/Landing_Page": null

2023-09-09 20:35:07 - [TEST_STEP][PASSED] - orPath_TaxTypeFilingYear = "Object Repository/RAD_Pages/TaxTypeFilingYear_Page": null

2023-09-09 20:35:07 - [TEST_STEP][PASSED] - orPath_TaxPayer = "Object Repository/RAD_Pages/Taxpayer_Page": null

2023-09-09 20:35:07 - [TEST_STEP][PASSED] - orPath_AddressContact = "Object Repository/RAD_Pages/AddressAndContactInfo_Page": null

2023-09-09 20:35:07 - [TEST_STEP][PASSED] - orPath_FilingStatus = "Object Repository/RAD_Pages/FilingStatus_Page": null

2023-09-09 20:35:07 - [TEST_STEP][PASSED] - orPath_Amount = "Object Repository/RAD_Pages/PaymentAmount_Page": null

2023-09-09 20:35:07 - [TEST_STEP][PASSED] - orPath_TaxInfo = "Object Repository/RAD_Pages/TaxInfo_Page": null

2023-09-09 20:35:07 - [TEST_STEP][PASSED] - orPath_Withholding = "Object Repository/RAD_Pages/Withholding_Page": null

2023-09-09 20:35:07 - [TEST_STEP][PASSED] - orPath_Summary = "Object Repository/RAD_Pages/Summary_Page": null

2023-09-09 20:35:07 - [TEST_STEP][PASSED] - orPath_PaymentReady = "Object Repository/RAD_Pages/PaymentReady_Page": null

2023-09-09 20:35:07 - [TEST_STEP][PASSED] - orPath_PaymentEntry = "Object Repository/RAD_Pages/PaymentEntry_Page": null

2023-09-09 20:35:07 - [TEST_STEP][PASSED] - orPath_PaymentConfirmation = "Object Repository/RAD_Pages/PaymentConfirmation_Page": null

2023-09-09 20:35:07 - [TEST_STEP][PASSED] - orPath_ServiceFeesAccept = "Object Repository/RAD_Pages/ServiceFeeAccept_Page": null

2023-09-09 20:35:07 - [TEST_STEP][PASSED] - selectOptionByLabel(findTestObject(orPath_Landing + "/dd_TaxType"), Paymenttype, false): All options with label 'Existing Liability w/Notice Number' are selected in object 'Object Repository/RAD_Pages/Landing_Page/dd_TaxType' 

2023-09-09 20:35:08 - [MESSAGE][PASSED] - All options with label 'Existing Liability w/Notice Number' are selected in object 'Object Repository/RAD_Pages/Landing_Page/dd_TaxType' 

2023-09-09 20:35:08 - [TEST_STEP][PASSED] - delay(1): Delayed 1 second(s)

2023-09-09 20:35:09 - [MESSAGE][PASSED] - Delayed 1 second(s)

2023-09-09 20:35:09 - [TEST_STEP][PASSED] - switch (Paymenttype): null

2023-09-09 20:35:09 - [TEST_STEP][PASSED] - case "Existing Liability w/Notice Number":: null

2023-09-09 20:35:09 - [TEST_STEP][PASSED] - selectOptionByLabel(findTestObject(orPath_TaxTypeFilingYear + "/select_TaxType_ExistingLiability"), Taxtype, false): All options with label 'PTE Tax Electing Non-S Corp' are selected in object 'Object Repository/RAD_Pages/TaxTypeFilingYear_Page/select_TaxType_ExistingLiability' 

2023-09-09 20:35:09 - [MESSAGE][PASSED] - All options with label 'PTE Tax Electing Non-S Corp' are selected in object 'Object Repository/RAD_Pages/TaxTypeFilingYear_Page/select_TaxType_ExistingLiability' 

2023-09-09 20:35:09 - [TEST_STEP][PASSED] - break: null

2023-09-09 20:35:09 - [TEST_STEP][PASSED] - delay(1): Delayed 1 second(s)

2023-09-09 20:35:10 - [MESSAGE][PASSED] - Delayed 1 second(s)

2023-09-09 20:35:10 - [TEST_STEP][PASSED] - scrollToElement(findTestObject(orPath_Amount + "/input__paymentAmount"), 2, CONTINUE_ON_FAILURE): Scroll to object 'Object Repository/RAD_Pages/PaymentAmount_Page/input__paymentAmount' successfully

2023-09-09 20:35:11 - [MESSAGE][PASSED] - Scroll to object 'Object Repository/RAD_Pages/PaymentAmount_Page/input__paymentAmount' successfully

2023-09-09 20:35:11 - [TEST_STEP][PASSED] - switch (Paymenttype): null

2023-09-09 20:35:11 - [TEST_STEP][PASSED] - case "Existing Liability w/Notice Number":: null

2023-09-09 20:35:11 - [TEST_STEP][PASSED] - setEncryptedText(findTestObject("Object Repository/RAD_RecordAndPlay/input_Existing_FEIN"), "RigbBhfdqODKcAsiUrg+1Q=="): Text ****** has been set on object 'Object Repository/RAD_RecordAndPlay/input_Existing_FEIN'

2023-09-09 20:35:11 - [MESSAGE][PASSED] - Text ****** has been set on object 'Object Repository/RAD_RecordAndPlay/input_Existing_FEIN'

2023-09-09 20:35:12 - [TEST_STEP][PASSED] - setEncryptedText(findTestObject("Object Repository/RAD_RecordAndPlay/input_Existing_RetypeFEIN"), "RigbBhfdqOBBGbZqm4oFJQ=="): Text ****** has been set on object 'Object Repository/RAD_RecordAndPlay/input_Existing_RetypeFEIN'

2023-09-09 20:35:13 - [MESSAGE][PASSED] - Text ****** has been set on object 'Object Repository/RAD_RecordAndPlay/input_Existing_RetypeFEIN'

2023-09-09 20:35:13 - [TEST_STEP][PASSED] - break: null

2023-09-09 20:35:13 - [TEST_STEP][PASSED] - setText(findTestObject(orPath_Amount + "/input__paymentAmount"), ""): Text '' is set on object 'Object Repository/RAD_Pages/PaymentAmount_Page/input__paymentAmount'

2023-09-09 20:35:14 - [MESSAGE][PASSED] - Text '' is set on object 'Object Repository/RAD_Pages/PaymentAmount_Page/input__paymentAmount'

2023-09-09 20:35:14 - [TEST_STEP][PASSED] - verifyTextPresent("The FEIN and Re-type FEIN do not match", true): Text 'The FEIN and Re-type FEIN do not match' is present on page  using regular expression

2023-09-09 20:35:14 - [MESSAGE][PASSED] - Text 'The FEIN and Re-type FEIN do not match' is present on page  using regular expression

2023-09-09 20:35:14 - [TEST_STEP][PASSED] - if (verifyTextPresent("The FEIN and Re-type FEIN do not match", true)): null

2023-09-09 20:35:15 - [MESSAGE][PASSED] - Text 'The FEIN and Re-type FEIN do not match' is present on page  using regular expression

2023-09-09 20:35:15 - [TEST_STEP][PASSED] - println("Error Message is present on the page"): null

2023-09-09 20:35:15 - [TEST_STEP][PASSED] - out.println("Pass Record Number: " + row): null

2023-09-09 20:35:15 - [TEST_STEP][PASSED] - resText = "Pass": null

2023-09-09 20:35:15 - [TEST_STEP][PASSED] - pages.WriteExcel.demoKey(resText, datText, resColumn, datCloumn, fileLoc, nameSheet, row): pages.WriteExcel.demoKey is PASSED

2023-09-09 20:35:15 - [MESSAGE][PASSED] - pages.WriteExcel.demoKey is PASSED

2023-09-09 20:35:15 - [TEST_STEP][PASSED] - ExecuteTC = findTestData(dataFile).getValue("Execute", row): null

2023-09-09 20:35:15 - [TEST_STEP][PASSED] - Taxtype = findTestData(dataFile).getValue("TaxType", row): null

2023-09-09 20:35:15 - [TEST_STEP][PASSED] - Paymenttype = findTestData(dataFile).getValue("PaymentType", row): null

2023-09-09 20:35:15 - [TEST_STEP][PASSED] - out.println("Value of Execute is : " + ExecuteTC): null

2023-09-09 20:35:15 - [TEST_STEP][PASSED] - if (ExecuteTC.equalsIgnoreCase("Y")): null

2023-09-09 20:35:15 - [TEST_STEP][PASSED] - out.println("Begin Record Number: " + row): null

2023-09-09 20:35:15 - [TEST_STEP][PASSED] - today = new java.util.Date(): null

2023-09-09 20:35:15 - [TEST_STEP][PASSED] - println(today): null

2023-09-09 20:35:15 - [TEST_STEP][PASSED] - datText = today: null

2023-09-09 20:35:15 - [TEST_STEP][PASSED] - Taxtype = findTestData(dataFile).getValue("TaxType", row): null

2023-09-09 20:35:15 - [TEST_STEP][PASSED] - out.println("Taxtype value is : " + Taxtype): null

2023-09-09 20:35:15 - [TEST_STEP][PASSED] - openBrowser(""): Browser is opened with url: ''

2023-09-09 20:35:15 - [MESSAGE][WARNING] - A browser is already opened. Closing browser and opening a new one

2023-09-09 20:35:16 - [MESSAGE][INFO] - Starting 'Chrome' driver

2023-09-09 20:35:16 - [MESSAGE][INFO] - User set preference: ['acceptInsecureCerts', 'true']

2023-09-09 20:35:16 - [MESSAGE][INFO] - Action delay is set to 0 milliseconds

2023-09-09 20:35:17 - [MESSAGE][PASSED] - Browser is opened with url: ''

2023-09-09 20:35:17 - [TEST_STEP][PASSED] - maximizeWindow(): Current window maximized

2023-09-09 20:35:18 - [MESSAGE][PASSED] - Current window maximized

2023-09-09 20:35:18 - [TEST_STEP][PASSED] - navigateToUrl(RADurl): Navigate to 'https://qa2.velocitypayment.com/client/rad/index.html' successfully

2023-09-09 20:35:19 - [MESSAGE][PASSED] - Navigate to 'https://qa2.velocitypayment.com/client/rad/index.html' successfully

2023-09-09 20:35:19 - [TEST_STEP][PASSED] - orPath_Landing = "Object Repository/RAD_Pages/Landing_Page": null

2023-09-09 20:35:19 - [TEST_STEP][PASSED] - orPath_TaxTypeFilingYear = "Object Repository/RAD_Pages/TaxTypeFilingYear_Page": null

2023-09-09 20:35:19 - [TEST_STEP][PASSED] - orPath_TaxPayer = "Object Repository/RAD_Pages/Taxpayer_Page": null

2023-09-09 20:35:19 - [TEST_STEP][PASSED] - orPath_AddressContact = "Object Repository/RAD_Pages/AddressAndContactInfo_Page": null

2023-09-09 20:35:19 - [TEST_STEP][PASSED] - orPath_FilingStatus = "Object Repository/RAD_Pages/FilingStatus_Page": null

2023-09-09 20:35:19 - [TEST_STEP][PASSED] - orPath_Amount = "Object Repository/RAD_Pages/PaymentAmount_Page": null

2023-09-09 20:35:19 - [TEST_STEP][PASSED] - orPath_TaxInfo = "Object Repository/RAD_Pages/TaxInfo_Page": null

2023-09-09 20:35:19 - [TEST_STEP][PASSED] - orPath_Withholding = "Object Repository/RAD_Pages/Withholding_Page": null

2023-09-09 20:35:19 - [TEST_STEP][PASSED] - orPath_Summary = "Object Repository/RAD_Pages/Summary_Page": null

2023-09-09 20:35:19 - [TEST_STEP][PASSED] - orPath_PaymentReady = "Object Repository/RAD_Pages/PaymentReady_Page": null

2023-09-09 20:35:19 - [TEST_STEP][PASSED] - orPath_PaymentEntry = "Object Repository/RAD_Pages/PaymentEntry_Page": null

2023-09-09 20:35:19 - [TEST_STEP][PASSED] - orPath_PaymentConfirmation = "Object Repository/RAD_Pages/PaymentConfirmation_Page": null

2023-09-09 20:35:19 - [TEST_STEP][PASSED] - orPath_ServiceFeesAccept = "Object Repository/RAD_Pages/ServiceFeeAccept_Page": null

2023-09-09 20:35:19 - [TEST_STEP][PASSED] - selectOptionByLabel(findTestObject(orPath_Landing + "/dd_TaxType"), Paymenttype, false): All options with label 'Existing Liability w/Notice Number' are selected in object 'Object Repository/RAD_Pages/Landing_Page/dd_TaxType' 

2023-09-09 20:35:20 - [MESSAGE][PASSED] - All options with label 'Existing Liability w/Notice Number' are selected in object 'Object Repository/RAD_Pages/Landing_Page/dd_TaxType' 

2023-09-09 20:35:20 - [TEST_STEP][PASSED] - delay(1): Delayed 1 second(s)

2023-09-09 20:35:21 - [MESSAGE][PASSED] - Delayed 1 second(s)

2023-09-09 20:35:21 - [TEST_STEP][PASSED] - switch (Paymenttype): null

2023-09-09 20:35:21 - [TEST_STEP][PASSED] - case "Existing Liability w/Notice Number":: null

2023-09-09 20:35:21 - [TEST_STEP][PASSED] - selectOptionByLabel(findTestObject(orPath_TaxTypeFilingYear + "/select_TaxType_ExistingLiability"), Taxtype, false): All options with label 'PTE Tax Electing S Corp' are selected in object 'Object Repository/RAD_Pages/TaxTypeFilingYear_Page/select_TaxType_ExistingLiability' 

2023-09-09 20:35:21 - [MESSAGE][PASSED] - All options with label 'PTE Tax Electing S Corp' are selected in object 'Object Repository/RAD_Pages/TaxTypeFilingYear_Page/select_TaxType_ExistingLiability' 

2023-09-09 20:35:21 - [TEST_STEP][PASSED] - break: null

2023-09-09 20:35:21 - [TEST_STEP][PASSED] - delay(1): Delayed 1 second(s)

2023-09-09 20:35:22 - [MESSAGE][PASSED] - Delayed 1 second(s)

2023-09-09 20:35:22 - [TEST_STEP][PASSED] - scrollToElement(findTestObject(orPath_Amount + "/input__paymentAmount"), 2, CONTINUE_ON_FAILURE): Scroll to object 'Object Repository/RAD_Pages/PaymentAmount_Page/input__paymentAmount' successfully

2023-09-09 20:35:23 - [MESSAGE][PASSED] - Scroll to object 'Object Repository/RAD_Pages/PaymentAmount_Page/input__paymentAmount' successfully

2023-09-09 20:35:23 - [TEST_STEP][PASSED] - switch (Paymenttype): null

2023-09-09 20:35:23 - [TEST_STEP][PASSED] - case "Existing Liability w/Notice Number":: null

2023-09-09 20:35:23 - [TEST_STEP][PASSED] - setEncryptedText(findTestObject("Object Repository/RAD_RecordAndPlay/input_Existing_FEIN"), "RigbBhfdqODKcAsiUrg+1Q=="): Text ****** has been set on object 'Object Repository/RAD_RecordAndPlay/input_Existing_FEIN'

2023-09-09 20:35:23 - [MESSAGE][PASSED] - Text ****** has been set on object 'Object Repository/RAD_RecordAndPlay/input_Existing_FEIN'

2023-09-09 20:35:24 - [TEST_STEP][PASSED] - setEncryptedText(findTestObject("Object Repository/RAD_RecordAndPlay/input_Existing_RetypeFEIN"), "RigbBhfdqOBBGbZqm4oFJQ=="): Text ****** has been set on object 'Object Repository/RAD_RecordAndPlay/input_Existing_RetypeFEIN'

2023-09-09 20:35:25 - [MESSAGE][PASSED] - Text ****** has been set on object 'Object Repository/RAD_RecordAndPlay/input_Existing_RetypeFEIN'

2023-09-09 20:35:25 - [TEST_STEP][PASSED] - break: null

2023-09-09 20:35:25 - [TEST_STEP][PASSED] - setText(findTestObject(orPath_Amount + "/input__paymentAmount"), ""): Text '' is set on object 'Object Repository/RAD_Pages/PaymentAmount_Page/input__paymentAmount'

2023-09-09 20:35:26 - [MESSAGE][PASSED] - Text '' is set on object 'Object Repository/RAD_Pages/PaymentAmount_Page/input__paymentAmount'

2023-09-09 20:35:26 - [TEST_STEP][PASSED] - verifyTextPresent("The FEIN and Re-type FEIN do not match", true): Text 'The FEIN and Re-type FEIN do not match' is present on page  using regular expression

2023-09-09 20:35:26 - [MESSAGE][PASSED] - Text 'The FEIN and Re-type FEIN do not match' is present on page  using regular expression

2023-09-09 20:35:26 - [TEST_STEP][PASSED] - if (verifyTextPresent("The FEIN and Re-type FEIN do not match", true)): null

2023-09-09 20:35:27 - [MESSAGE][PASSED] - Text 'The FEIN and Re-type FEIN do not match' is present on page  using regular expression

2023-09-09 20:35:27 - [TEST_STEP][PASSED] - println("Error Message is present on the page"): null

2023-09-09 20:35:27 - [TEST_STEP][PASSED] - out.println("Pass Record Number: " + row): null

2023-09-09 20:35:27 - [TEST_STEP][PASSED] - resText = "Pass": null

2023-09-09 20:35:27 - [TEST_STEP][PASSED] - pages.WriteExcel.demoKey(resText, datText, resColumn, datCloumn, fileLoc, nameSheet, row): pages.WriteExcel.demoKey is PASSED

2023-09-09 20:35:27 - [MESSAGE][PASSED] - pages.WriteExcel.demoKey is PASSED

2023-09-09 20:35:27 - [TEST_STEP][PASSED] - ExecuteTC = findTestData(dataFile).getValue("Execute", row): null

2023-09-09 20:35:27 - [TEST_STEP][PASSED] - Taxtype = findTestData(dataFile).getValue("TaxType", row): null

2023-09-09 20:35:27 - [TEST_STEP][PASSED] - Paymenttype = findTestData(dataFile).getValue("PaymentType", row): null

2023-09-09 20:35:27 - [TEST_STEP][PASSED] - out.println("Value of Execute is : " + ExecuteTC): null

2023-09-09 20:35:27 - [TEST_STEP][PASSED] - if (ExecuteTC.equalsIgnoreCase("Y")): null

2023-09-09 20:35:27 - [TEST_STEP][PASSED] - out.println("Begin Record Number: " + row): null

2023-09-09 20:35:27 - [TEST_STEP][PASSED] - today = new java.util.Date(): null

2023-09-09 20:35:27 - [TEST_STEP][PASSED] - println(today): null

2023-09-09 20:35:27 - [TEST_STEP][PASSED] - datText = today: null

2023-09-09 20:35:27 - [TEST_STEP][PASSED] - Taxtype = findTestData(dataFile).getValue("TaxType", row): null

2023-09-09 20:35:27 - [TEST_STEP][PASSED] - out.println("Taxtype value is : " + Taxtype): null

2023-09-09 20:35:27 - [TEST_STEP][PASSED] - openBrowser(""): Browser is opened with url: ''

2023-09-09 20:35:27 - [MESSAGE][WARNING] - A browser is already opened. Closing browser and opening a new one

2023-09-09 20:35:28 - [MESSAGE][INFO] - Starting 'Chrome' driver

2023-09-09 20:35:28 - [MESSAGE][INFO] - User set preference: ['acceptInsecureCerts', 'true']

2023-09-09 20:35:28 - [MESSAGE][INFO] - Action delay is set to 0 milliseconds

2023-09-09 20:35:29 - [MESSAGE][PASSED] - Browser is opened with url: ''

2023-09-09 20:35:29 - [TEST_STEP][PASSED] - maximizeWindow(): Current window maximized

2023-09-09 20:35:30 - [MESSAGE][PASSED] - Current window maximized

2023-09-09 20:35:30 - [TEST_STEP][PASSED] - navigateToUrl(RADurl): Navigate to 'https://qa2.velocitypayment.com/client/rad/index.html' successfully

2023-09-09 20:35:31 - [MESSAGE][PASSED] - Navigate to 'https://qa2.velocitypayment.com/client/rad/index.html' successfully

2023-09-09 20:35:31 - [TEST_STEP][PASSED] - orPath_Landing = "Object Repository/RAD_Pages/Landing_Page": null

2023-09-09 20:35:31 - [TEST_STEP][PASSED] - orPath_TaxTypeFilingYear = "Object Repository/RAD_Pages/TaxTypeFilingYear_Page": null

2023-09-09 20:35:31 - [TEST_STEP][PASSED] - orPath_TaxPayer = "Object Repository/RAD_Pages/Taxpayer_Page": null

2023-09-09 20:35:31 - [TEST_STEP][PASSED] - orPath_AddressContact = "Object Repository/RAD_Pages/AddressAndContactInfo_Page": null

2023-09-09 20:35:31 - [TEST_STEP][PASSED] - orPath_FilingStatus = "Object Repository/RAD_Pages/FilingStatus_Page": null

2023-09-09 20:35:31 - [TEST_STEP][PASSED] - orPath_Amount = "Object Repository/RAD_Pages/PaymentAmount_Page": null

2023-09-09 20:35:31 - [TEST_STEP][PASSED] - orPath_TaxInfo = "Object Repository/RAD_Pages/TaxInfo_Page": null

2023-09-09 20:35:31 - [TEST_STEP][PASSED] - orPath_Withholding = "Object Repository/RAD_Pages/Withholding_Page": null

2023-09-09 20:35:31 - [TEST_STEP][PASSED] - orPath_Summary = "Object Repository/RAD_Pages/Summary_Page": null

2023-09-09 20:35:31 - [TEST_STEP][PASSED] - orPath_PaymentReady = "Object Repository/RAD_Pages/PaymentReady_Page": null

2023-09-09 20:35:31 - [TEST_STEP][PASSED] - orPath_PaymentEntry = "Object Repository/RAD_Pages/PaymentEntry_Page": null

2023-09-09 20:35:31 - [TEST_STEP][PASSED] - orPath_PaymentConfirmation = "Object Repository/RAD_Pages/PaymentConfirmation_Page": null

2023-09-09 20:35:31 - [TEST_STEP][PASSED] - orPath_ServiceFeesAccept = "Object Repository/RAD_Pages/ServiceFeeAccept_Page": null

2023-09-09 20:35:31 - [TEST_STEP][PASSED] - selectOptionByLabel(findTestObject(orPath_Landing + "/dd_TaxType"), Paymenttype, false): All options with label 'Quarterly Estimated Tax' are selected in object 'Object Repository/RAD_Pages/Landing_Page/dd_TaxType' 

2023-09-09 20:35:32 - [MESSAGE][PASSED] - All options with label 'Quarterly Estimated Tax' are selected in object 'Object Repository/RAD_Pages/Landing_Page/dd_TaxType' 

2023-09-09 20:35:32 - [TEST_STEP][PASSED] - delay(1): Delayed 1 second(s)

2023-09-09 20:35:33 - [MESSAGE][PASSED] - Delayed 1 second(s)

2023-09-09 20:35:33 - [TEST_STEP][PASSED] - switch (Paymenttype): null

2023-09-09 20:35:33 - [TEST_STEP][PASSED] - case "Quarterly Estimated Tax":: null

2023-09-09 20:35:33 - [TEST_STEP][PASSED] - selectOptionByLabel(findTestObject(orPath_TaxTypeFilingYear + "/select_PaymentType"), Taxtype, false): All options with label 'Corporate Income Tax' are selected in object 'Object Repository/RAD_Pages/TaxTypeFilingYear_Page/select_PaymentType' 

2023-09-09 20:35:33 - [MESSAGE][PASSED] - All options with label 'Corporate Income Tax' are selected in object 'Object Repository/RAD_Pages/TaxTypeFilingYear_Page/select_PaymentType' 

2023-09-09 20:35:33 - [TEST_STEP][PASSED] - break: null

2023-09-09 20:35:33 - [TEST_STEP][PASSED] - delay(1): Delayed 1 second(s)

2023-09-09 20:35:34 - [MESSAGE][PASSED] - Delayed 1 second(s)

2023-09-09 20:35:34 - [TEST_STEP][PASSED] - scrollToElement(findTestObject(orPath_Amount + "/input__paymentAmount"), 2, CONTINUE_ON_FAILURE): Scroll to object 'Object Repository/RAD_Pages/PaymentAmount_Page/input__paymentAmount' successfully

2023-09-09 20:35:35 - [MESSAGE][PASSED] - Scroll to object 'Object Repository/RAD_Pages/PaymentAmount_Page/input__paymentAmount' successfully

2023-09-09 20:35:35 - [TEST_STEP][PASSED] - switch (Paymenttype): null

2023-09-09 20:35:35 - [TEST_STEP][PASSED] - case "Quarterly Estimated Tax":: null

2023-09-09 20:35:35 - [TEST_STEP][PASSED] - setEncryptedText(findTestObject(orPath_TaxInfo + "/input_FederalEIN"), "RigbBhfdqODKcAsiUrg+1Q=="): Text ****** has been set on object 'Object Repository/RAD_Pages/TaxInfo_Page/input_FederalEIN'

2023-09-09 20:35:36 - [MESSAGE][PASSED] - Text ****** has been set on object 'Object Repository/RAD_Pages/TaxInfo_Page/input_FederalEIN'

2023-09-09 20:35:36 - [TEST_STEP][PASSED] - setEncryptedText(findTestObject(orPath_TaxInfo + "/input_FederalEIN_ReEnter"), "RigbBhfdqOBBGbZqm4oFJQ=="): Text ****** has been set on object 'Object Repository/RAD_Pages/TaxInfo_Page/input_FederalEIN_ReEnter'

2023-09-09 20:35:37 - [MESSAGE][PASSED] - Text ****** has been set on object 'Object Repository/RAD_Pages/TaxInfo_Page/input_FederalEIN_ReEnter'

2023-09-09 20:35:37 - [TEST_STEP][PASSED] - break: null

2023-09-09 20:35:37 - [TEST_STEP][PASSED] - setText(findTestObject(orPath_Amount + "/input__paymentAmount"), ""): Text '' is set on object 'Object Repository/RAD_Pages/PaymentAmount_Page/input__paymentAmount'

2023-09-09 20:35:38 - [MESSAGE][PASSED] - Text '' is set on object 'Object Repository/RAD_Pages/PaymentAmount_Page/input__paymentAmount'

2023-09-09 20:35:38 - [TEST_STEP][PASSED] - verifyTextPresent("The FEIN and Re-type FEIN do not match", true): Text 'The FEIN and Re-type FEIN do not match' is present on page  using regular expression

2023-09-09 20:35:39 - [MESSAGE][PASSED] - Text 'The FEIN and Re-type FEIN do not match' is present on page  using regular expression

2023-09-09 20:35:39 - [TEST_STEP][PASSED] - if (verifyTextPresent("The FEIN and Re-type FEIN do not match", true)): null

2023-09-09 20:35:39 - [MESSAGE][PASSED] - Text 'The FEIN and Re-type FEIN do not match' is present on page  using regular expression

2023-09-09 20:35:39 - [TEST_STEP][PASSED] - println("Error Message is present on the page"): null

2023-09-09 20:35:39 - [TEST_STEP][PASSED] - out.println("Pass Record Number: " + row): null

2023-09-09 20:35:39 - [TEST_STEP][PASSED] - resText = "Pass": null

2023-09-09 20:35:39 - [TEST_STEP][PASSED] - pages.WriteExcel.demoKey(resText, datText, resColumn, datCloumn, fileLoc, nameSheet, row): pages.WriteExcel.demoKey is PASSED

2023-09-09 20:35:39 - [MESSAGE][PASSED] - pages.WriteExcel.demoKey is PASSED

2023-09-09 20:35:39 - [TEST_STEP][PASSED] - ExecuteTC = findTestData(dataFile).getValue("Execute", row): null

2023-09-09 20:35:39 - [TEST_STEP][PASSED] - Taxtype = findTestData(dataFile).getValue("TaxType", row): null

2023-09-09 20:35:39 - [TEST_STEP][PASSED] - Paymenttype = findTestData(dataFile).getValue("PaymentType", row): null

2023-09-09 20:35:39 - [TEST_STEP][PASSED] - out.println("Value of Execute is : " + ExecuteTC): null

2023-09-09 20:35:39 - [TEST_STEP][PASSED] - if (ExecuteTC.equalsIgnoreCase("Y")): null

2023-09-09 20:35:39 - [TEST_STEP][PASSED] - out.println("Begin Record Number: " + row): null

2023-09-09 20:35:39 - [TEST_STEP][PASSED] - today = new java.util.Date(): null

2023-09-09 20:35:39 - [TEST_STEP][PASSED] - println(today): null

2023-09-09 20:35:39 - [TEST_STEP][PASSED] - datText = today: null

2023-09-09 20:35:39 - [TEST_STEP][PASSED] - Taxtype = findTestData(dataFile).getValue("TaxType", row): null

2023-09-09 20:35:39 - [TEST_STEP][PASSED] - out.println("Taxtype value is : " + Taxtype): null

2023-09-09 20:35:39 - [TEST_STEP][PASSED] - openBrowser(""): Browser is opened with url: ''

2023-09-09 20:35:39 - [MESSAGE][WARNING] - A browser is already opened. Closing browser and opening a new one

2023-09-09 20:35:40 - [MESSAGE][INFO] - Starting 'Chrome' driver

2023-09-09 20:35:40 - [MESSAGE][INFO] - User set preference: ['acceptInsecureCerts', 'true']

2023-09-09 20:35:40 - [MESSAGE][INFO] - Action delay is set to 0 milliseconds

2023-09-09 20:35:42 - [MESSAGE][PASSED] - Browser is opened with url: ''

2023-09-09 20:35:42 - [TEST_STEP][PASSED] - maximizeWindow(): Current window maximized

2023-09-09 20:35:42 - [MESSAGE][PASSED] - Current window maximized

2023-09-09 20:35:42 - [TEST_STEP][PASSED] - navigateToUrl(RADurl): Navigate to 'https://qa2.velocitypayment.com/client/rad/index.html' successfully

2023-09-09 20:35:43 - [MESSAGE][PASSED] - Navigate to 'https://qa2.velocitypayment.com/client/rad/index.html' successfully

2023-09-09 20:35:43 - [TEST_STEP][PASSED] - orPath_Landing = "Object Repository/RAD_Pages/Landing_Page": null

2023-09-09 20:35:43 - [TEST_STEP][PASSED] - orPath_TaxTypeFilingYear = "Object Repository/RAD_Pages/TaxTypeFilingYear_Page": null

2023-09-09 20:35:43 - [TEST_STEP][PASSED] - orPath_TaxPayer = "Object Repository/RAD_Pages/Taxpayer_Page": null

2023-09-09 20:35:43 - [TEST_STEP][PASSED] - orPath_AddressContact = "Object Repository/RAD_Pages/AddressAndContactInfo_Page": null

2023-09-09 20:35:43 - [TEST_STEP][PASSED] - orPath_FilingStatus = "Object Repository/RAD_Pages/FilingStatus_Page": null

2023-09-09 20:35:43 - [TEST_STEP][PASSED] - orPath_Amount = "Object Repository/RAD_Pages/PaymentAmount_Page": null

2023-09-09 20:35:43 - [TEST_STEP][PASSED] - orPath_TaxInfo = "Object Repository/RAD_Pages/TaxInfo_Page": null

2023-09-09 20:35:43 - [TEST_STEP][PASSED] - orPath_Withholding = "Object Repository/RAD_Pages/Withholding_Page": null

2023-09-09 20:35:43 - [TEST_STEP][PASSED] - orPath_Summary = "Object Repository/RAD_Pages/Summary_Page": null

2023-09-09 20:35:43 - [TEST_STEP][PASSED] - orPath_PaymentReady = "Object Repository/RAD_Pages/PaymentReady_Page": null

2023-09-09 20:35:43 - [TEST_STEP][PASSED] - orPath_PaymentEntry = "Object Repository/RAD_Pages/PaymentEntry_Page": null

2023-09-09 20:35:43 - [TEST_STEP][PASSED] - orPath_PaymentConfirmation = "Object Repository/RAD_Pages/PaymentConfirmation_Page": null

2023-09-09 20:35:43 - [TEST_STEP][PASSED] - orPath_ServiceFeesAccept = "Object Repository/RAD_Pages/ServiceFeeAccept_Page": null

2023-09-09 20:35:43 - [TEST_STEP][PASSED] - selectOptionByLabel(findTestObject(orPath_Landing + "/dd_TaxType"), Paymenttype, false): All options with label 'Quarterly Estimated Tax' are selected in object 'Object Repository/RAD_Pages/Landing_Page/dd_TaxType' 

2023-09-09 20:35:44 - [MESSAGE][PASSED] - All options with label 'Quarterly Estimated Tax' are selected in object 'Object Repository/RAD_Pages/Landing_Page/dd_TaxType' 

2023-09-09 20:35:44 - [TEST_STEP][PASSED] - delay(1): Delayed 1 second(s)

2023-09-09 20:35:45 - [MESSAGE][PASSED] - Delayed 1 second(s)

2023-09-09 20:35:45 - [TEST_STEP][PASSED] - switch (Paymenttype): null

2023-09-09 20:35:45 - [TEST_STEP][PASSED] - case "Quarterly Estimated Tax":: null

2023-09-09 20:35:45 - [TEST_STEP][PASSED] - selectOptionByLabel(findTestObject(orPath_TaxTypeFilingYear + "/select_PaymentType"), Taxtype, false): All options with label 'Fiduciary Tax' are selected in object 'Object Repository/RAD_Pages/TaxTypeFilingYear_Page/select_PaymentType' 

2023-09-09 20:35:46 - [MESSAGE][PASSED] - All options with label 'Fiduciary Tax' are selected in object 'Object Repository/RAD_Pages/TaxTypeFilingYear_Page/select_PaymentType' 

2023-09-09 20:35:46 - [TEST_STEP][PASSED] - break: null

2023-09-09 20:35:46 - [TEST_STEP][PASSED] - delay(1): Delayed 1 second(s)

2023-09-09 20:35:47 - [MESSAGE][PASSED] - Delayed 1 second(s)

2023-09-09 20:35:47 - [TEST_STEP][PASSED] - scrollToElement(findTestObject(orPath_Amount + "/input__paymentAmount"), 2, CONTINUE_ON_FAILURE): Scroll to object 'Object Repository/RAD_Pages/PaymentAmount_Page/input__paymentAmount' successfully

2023-09-09 20:35:47 - [MESSAGE][PASSED] - Scroll to object 'Object Repository/RAD_Pages/PaymentAmount_Page/input__paymentAmount' successfully

2023-09-09 20:35:47 - [TEST_STEP][PASSED] - switch (Paymenttype): null

2023-09-09 20:35:47 - [TEST_STEP][PASSED] - case "Quarterly Estimated Tax":: null

2023-09-09 20:35:47 - [TEST_STEP][PASSED] - setEncryptedText(findTestObject(orPath_TaxInfo + "/input_FederalEIN"), "RigbBhfdqODKcAsiUrg+1Q=="): Text ****** has been set on object 'Object Repository/RAD_Pages/TaxInfo_Page/input_FederalEIN'

2023-09-09 20:35:48 - [MESSAGE][PASSED] - Text ****** has been set on object 'Object Repository/RAD_Pages/TaxInfo_Page/input_FederalEIN'

2023-09-09 20:35:48 - [TEST_STEP][PASSED] - setEncryptedText(findTestObject(orPath_TaxInfo + "/input_FederalEIN_ReEnter"), "RigbBhfdqOBBGbZqm4oFJQ=="): Text ****** has been set on object 'Object Repository/RAD_Pages/TaxInfo_Page/input_FederalEIN_ReEnter'

2023-09-09 20:35:49 - [MESSAGE][PASSED] - Text ****** has been set on object 'Object Repository/RAD_Pages/TaxInfo_Page/input_FederalEIN_ReEnter'

2023-09-09 20:35:49 - [TEST_STEP][PASSED] - break: null

2023-09-09 20:35:49 - [TEST_STEP][PASSED] - setText(findTestObject(orPath_Amount + "/input__paymentAmount"), ""): Text '' is set on object 'Object Repository/RAD_Pages/PaymentAmount_Page/input__paymentAmount'

2023-09-09 20:35:50 - [MESSAGE][PASSED] - Text '' is set on object 'Object Repository/RAD_Pages/PaymentAmount_Page/input__paymentAmount'

2023-09-09 20:35:50 - [TEST_STEP][PASSED] - verifyTextPresent("The FEIN and Re-type FEIN do not match", true): Text 'The FEIN and Re-type FEIN do not match' is present on page  using regular expression

2023-09-09 20:35:51 - [MESSAGE][PASSED] - Text 'The FEIN and Re-type FEIN do not match' is present on page  using regular expression

2023-09-09 20:35:51 - [TEST_STEP][PASSED] - if (verifyTextPresent("The FEIN and Re-type FEIN do not match", true)): null

2023-09-09 20:35:51 - [MESSAGE][PASSED] - Text 'The FEIN and Re-type FEIN do not match' is present on page  using regular expression

2023-09-09 20:35:51 - [TEST_STEP][PASSED] - println("Error Message is present on the page"): null

2023-09-09 20:35:51 - [TEST_STEP][PASSED] - out.println("Pass Record Number: " + row): null

2023-09-09 20:35:51 - [TEST_STEP][PASSED] - resText = "Pass": null

2023-09-09 20:35:51 - [TEST_STEP][PASSED] - pages.WriteExcel.demoKey(resText, datText, resColumn, datCloumn, fileLoc, nameSheet, row): pages.WriteExcel.demoKey is PASSED

2023-09-09 20:35:51 - [MESSAGE][PASSED] - pages.WriteExcel.demoKey is PASSED

2023-09-09 20:35:51 - [TEST_STEP][PASSED] - ExecuteTC = findTestData(dataFile).getValue("Execute", row): null

2023-09-09 20:35:51 - [TEST_STEP][PASSED] - Taxtype = findTestData(dataFile).getValue("TaxType", row): null

2023-09-09 20:35:51 - [TEST_STEP][PASSED] - Paymenttype = findTestData(dataFile).getValue("PaymentType", row): null

2023-09-09 20:35:51 - [TEST_STEP][PASSED] - out.println("Value of Execute is : " + ExecuteTC): null

2023-09-09 20:35:51 - [TEST_STEP][PASSED] - if (ExecuteTC.equalsIgnoreCase("Y")): null

2023-09-09 20:35:51 - [TEST_STEP][PASSED] - out.println("Begin Record Number: " + row): null

2023-09-09 20:35:51 - [TEST_STEP][PASSED] - today = new java.util.Date(): null

2023-09-09 20:35:51 - [TEST_STEP][PASSED] - println(today): null

2023-09-09 20:35:51 - [TEST_STEP][PASSED] - datText = today: null

2023-09-09 20:35:51 - [TEST_STEP][PASSED] - Taxtype = findTestData(dataFile).getValue("TaxType", row): null

2023-09-09 20:35:51 - [TEST_STEP][PASSED] - out.println("Taxtype value is : " + Taxtype): null

2023-09-09 20:35:51 - [TEST_STEP][PASSED] - openBrowser(""): Browser is opened with url: ''

2023-09-09 20:35:51 - [MESSAGE][WARNING] - A browser is already opened. Closing browser and opening a new one

2023-09-09 20:35:52 - [MESSAGE][INFO] - Starting 'Chrome' driver

2023-09-09 20:35:52 - [MESSAGE][INFO] - User set preference: ['acceptInsecureCerts', 'true']

2023-09-09 20:35:52 - [MESSAGE][INFO] - Action delay is set to 0 milliseconds

2023-09-09 20:35:54 - [MESSAGE][PASSED] - Browser is opened with url: ''

2023-09-09 20:35:54 - [TEST_STEP][PASSED] - maximizeWindow(): Current window maximized

2023-09-09 20:35:54 - [MESSAGE][PASSED] - Current window maximized

2023-09-09 20:35:54 - [TEST_STEP][PASSED] - navigateToUrl(RADurl): Navigate to 'https://qa2.velocitypayment.com/client/rad/index.html' successfully

2023-09-09 20:35:55 - [MESSAGE][PASSED] - Navigate to 'https://qa2.velocitypayment.com/client/rad/index.html' successfully

2023-09-09 20:35:55 - [TEST_STEP][PASSED] - orPath_Landing = "Object Repository/RAD_Pages/Landing_Page": null

2023-09-09 20:35:55 - [TEST_STEP][PASSED] - orPath_TaxTypeFilingYear = "Object Repository/RAD_Pages/TaxTypeFilingYear_Page": null

2023-09-09 20:35:55 - [TEST_STEP][PASSED] - orPath_TaxPayer = "Object Repository/RAD_Pages/Taxpayer_Page": null

2023-09-09 20:35:55 - [TEST_STEP][PASSED] - orPath_AddressContact = "Object Repository/RAD_Pages/AddressAndContactInfo_Page": null

2023-09-09 20:35:55 - [TEST_STEP][PASSED] - orPath_FilingStatus = "Object Repository/RAD_Pages/FilingStatus_Page": null

2023-09-09 20:35:55 - [TEST_STEP][PASSED] - orPath_Amount = "Object Repository/RAD_Pages/PaymentAmount_Page": null

2023-09-09 20:35:55 - [TEST_STEP][PASSED] - orPath_TaxInfo = "Object Repository/RAD_Pages/TaxInfo_Page": null

2023-09-09 20:35:55 - [TEST_STEP][PASSED] - orPath_Withholding = "Object Repository/RAD_Pages/Withholding_Page": null

2023-09-09 20:35:55 - [TEST_STEP][PASSED] - orPath_Summary = "Object Repository/RAD_Pages/Summary_Page": null

2023-09-09 20:35:55 - [TEST_STEP][PASSED] - orPath_PaymentReady = "Object Repository/RAD_Pages/PaymentReady_Page": null

2023-09-09 20:35:55 - [TEST_STEP][PASSED] - orPath_PaymentEntry = "Object Repository/RAD_Pages/PaymentEntry_Page": null

2023-09-09 20:35:55 - [TEST_STEP][PASSED] - orPath_PaymentConfirmation = "Object Repository/RAD_Pages/PaymentConfirmation_Page": null

2023-09-09 20:35:55 - [TEST_STEP][PASSED] - orPath_ServiceFeesAccept = "Object Repository/RAD_Pages/ServiceFeeAccept_Page": null

2023-09-09 20:35:55 - [TEST_STEP][PASSED] - selectOptionByLabel(findTestObject(orPath_Landing + "/dd_TaxType"), Paymenttype, false): All options with label 'Quarterly Estimated Tax' are selected in object 'Object Repository/RAD_Pages/Landing_Page/dd_TaxType' 

2023-09-09 20:35:56 - [MESSAGE][PASSED] - All options with label 'Quarterly Estimated Tax' are selected in object 'Object Repository/RAD_Pages/Landing_Page/dd_TaxType' 

2023-09-09 20:35:56 - [TEST_STEP][PASSED] - delay(1): Delayed 1 second(s)

2023-09-09 20:35:57 - [MESSAGE][PASSED] - Delayed 1 second(s)

2023-09-09 20:35:57 - [TEST_STEP][PASSED] - switch (Paymenttype): null

2023-09-09 20:35:57 - [TEST_STEP][PASSED] - case "Quarterly Estimated Tax":: null

2023-09-09 20:35:57 - [TEST_STEP][PASSED] - selectOptionByLabel(findTestObject(orPath_TaxTypeFilingYear + "/select_PaymentType"), Taxtype, false): All options with label 'PTE Non-Electing Non-S Corp' are selected in object 'Object Repository/RAD_Pages/TaxTypeFilingYear_Page/select_PaymentType' 

2023-09-09 20:35:57 - [MESSAGE][PASSED] - All options with label 'PTE Non-Electing Non-S Corp' are selected in object 'Object Repository/RAD_Pages/TaxTypeFilingYear_Page/select_PaymentType' 

2023-09-09 20:35:57 - [TEST_STEP][PASSED] - break: null

2023-09-09 20:35:57 - [TEST_STEP][PASSED] - delay(1): Delayed 1 second(s)

2023-09-09 20:35:58 - [MESSAGE][PASSED] - Delayed 1 second(s)

2023-09-09 20:35:58 - [TEST_STEP][PASSED] - scrollToElement(findTestObject(orPath_Amount + "/input__paymentAmount"), 2, CONTINUE_ON_FAILURE): Scroll to object 'Object Repository/RAD_Pages/PaymentAmount_Page/input__paymentAmount' successfully

2023-09-09 20:35:59 - [MESSAGE][PASSED] - Scroll to object 'Object Repository/RAD_Pages/PaymentAmount_Page/input__paymentAmount' successfully

2023-09-09 20:35:59 - [TEST_STEP][PASSED] - switch (Paymenttype): null

2023-09-09 20:35:59 - [TEST_STEP][PASSED] - case "Quarterly Estimated Tax":: null

2023-09-09 20:35:59 - [TEST_STEP][PASSED] - setEncryptedText(findTestObject(orPath_TaxInfo + "/input_FederalEIN"), "RigbBhfdqODKcAsiUrg+1Q=="): Text ****** has been set on object 'Object Repository/RAD_Pages/TaxInfo_Page/input_FederalEIN'

2023-09-09 20:35:59 - [MESSAGE][PASSED] - Text ****** has been set on object 'Object Repository/RAD_Pages/TaxInfo_Page/input_FederalEIN'

2023-09-09 20:36:00 - [TEST_STEP][PASSED] - setEncryptedText(findTestObject(orPath_TaxInfo + "/input_FederalEIN_ReEnter"), "RigbBhfdqOBBGbZqm4oFJQ=="): Text ****** has been set on object 'Object Repository/RAD_Pages/TaxInfo_Page/input_FederalEIN_ReEnter'

2023-09-09 20:36:01 - [MESSAGE][PASSED] - Text ****** has been set on object 'Object Repository/RAD_Pages/TaxInfo_Page/input_FederalEIN_ReEnter'

2023-09-09 20:36:01 - [TEST_STEP][PASSED] - break: null

2023-09-09 20:36:01 - [TEST_STEP][PASSED] - setText(findTestObject(orPath_Amount + "/input__paymentAmount"), ""): Text '' is set on object 'Object Repository/RAD_Pages/PaymentAmount_Page/input__paymentAmount'

2023-09-09 20:36:02 - [MESSAGE][PASSED] - Text '' is set on object 'Object Repository/RAD_Pages/PaymentAmount_Page/input__paymentAmount'

2023-09-09 20:36:02 - [TEST_STEP][PASSED] - verifyTextPresent("The FEIN and Re-type FEIN do not match", true): Text 'The FEIN and Re-type FEIN do not match' is present on page  using regular expression

2023-09-09 20:36:03 - [MESSAGE][PASSED] - Text 'The FEIN and Re-type FEIN do not match' is present on page  using regular expression

2023-09-09 20:36:03 - [TEST_STEP][PASSED] - if (verifyTextPresent("The FEIN and Re-type FEIN do not match", true)): null

2023-09-09 20:36:03 - [MESSAGE][PASSED] - Text 'The FEIN and Re-type FEIN do not match' is present on page  using regular expression

2023-09-09 20:36:03 - [TEST_STEP][PASSED] - println("Error Message is present on the page"): null

2023-09-09 20:36:03 - [TEST_STEP][PASSED] - out.println("Pass Record Number: " + row): null

2023-09-09 20:36:03 - [TEST_STEP][PASSED] - resText = "Pass": null

2023-09-09 20:36:03 - [TEST_STEP][PASSED] - pages.WriteExcel.demoKey(resText, datText, resColumn, datCloumn, fileLoc, nameSheet, row): pages.WriteExcel.demoKey is PASSED

2023-09-09 20:36:03 - [MESSAGE][PASSED] - pages.WriteExcel.demoKey is PASSED

2023-09-09 20:36:03 - [TEST_STEP][PASSED] - ExecuteTC = findTestData(dataFile).getValue("Execute", row): null

2023-09-09 20:36:03 - [TEST_STEP][PASSED] - Taxtype = findTestData(dataFile).getValue("TaxType", row): null

2023-09-09 20:36:03 - [TEST_STEP][PASSED] - Paymenttype = findTestData(dataFile).getValue("PaymentType", row): null

2023-09-09 20:36:03 - [TEST_STEP][PASSED] - out.println("Value of Execute is : " + ExecuteTC): null

2023-09-09 20:36:03 - [TEST_STEP][PASSED] - if (ExecuteTC.equalsIgnoreCase("Y")): null

2023-09-09 20:36:03 - [TEST_STEP][PASSED] - out.println("Begin Record Number: " + row): null

2023-09-09 20:36:03 - [TEST_STEP][PASSED] - today = new java.util.Date(): null

2023-09-09 20:36:03 - [TEST_STEP][PASSED] - println(today): null

2023-09-09 20:36:03 - [TEST_STEP][PASSED] - datText = today: null

2023-09-09 20:36:03 - [TEST_STEP][PASSED] - Taxtype = findTestData(dataFile).getValue("TaxType", row): null

2023-09-09 20:36:03 - [TEST_STEP][PASSED] - out.println("Taxtype value is : " + Taxtype): null

2023-09-09 20:36:03 - [TEST_STEP][PASSED] - openBrowser(""): Browser is opened with url: ''

2023-09-09 20:36:03 - [MESSAGE][WARNING] - A browser is already opened. Closing browser and opening a new one

2023-09-09 20:36:04 - [MESSAGE][INFO] - Starting 'Chrome' driver

2023-09-09 20:36:04 - [MESSAGE][INFO] - User set preference: ['acceptInsecureCerts', 'true']

2023-09-09 20:36:04 - [MESSAGE][INFO] - Action delay is set to 0 milliseconds

2023-09-09 20:36:05 - [MESSAGE][PASSED] - Browser is opened with url: ''

2023-09-09 20:36:05 - [TEST_STEP][PASSED] - maximizeWindow(): Current window maximized

2023-09-09 20:36:06 - [MESSAGE][PASSED] - Current window maximized

2023-09-09 20:36:06 - [TEST_STEP][PASSED] - navigateToUrl(RADurl): Navigate to 'https://qa2.velocitypayment.com/client/rad/index.html' successfully

2023-09-09 20:36:07 - [MESSAGE][PASSED] - Navigate to 'https://qa2.velocitypayment.com/client/rad/index.html' successfully

2023-09-09 20:36:07 - [TEST_STEP][PASSED] - orPath_Landing = "Object Repository/RAD_Pages/Landing_Page": null

2023-09-09 20:36:07 - [TEST_STEP][PASSED] - orPath_TaxTypeFilingYear = "Object Repository/RAD_Pages/TaxTypeFilingYear_Page": null

2023-09-09 20:36:07 - [TEST_STEP][PASSED] - orPath_TaxPayer = "Object Repository/RAD_Pages/Taxpayer_Page": null

2023-09-09 20:36:07 - [TEST_STEP][PASSED] - orPath_AddressContact = "Object Repository/RAD_Pages/AddressAndContactInfo_Page": null

2023-09-09 20:36:07 - [TEST_STEP][PASSED] - orPath_FilingStatus = "Object Repository/RAD_Pages/FilingStatus_Page": null

2023-09-09 20:36:07 - [TEST_STEP][PASSED] - orPath_Amount = "Object Repository/RAD_Pages/PaymentAmount_Page": null

2023-09-09 20:36:07 - [TEST_STEP][PASSED] - orPath_TaxInfo = "Object Repository/RAD_Pages/TaxInfo_Page": null

2023-09-09 20:36:07 - [TEST_STEP][PASSED] - orPath_Withholding = "Object Repository/RAD_Pages/Withholding_Page": null

2023-09-09 20:36:07 - [TEST_STEP][PASSED] - orPath_Summary = "Object Repository/RAD_Pages/Summary_Page": null

2023-09-09 20:36:07 - [TEST_STEP][PASSED] - orPath_PaymentReady = "Object Repository/RAD_Pages/PaymentReady_Page": null

2023-09-09 20:36:07 - [TEST_STEP][PASSED] - orPath_PaymentEntry = "Object Repository/RAD_Pages/PaymentEntry_Page": null

2023-09-09 20:36:07 - [TEST_STEP][PASSED] - orPath_PaymentConfirmation = "Object Repository/RAD_Pages/PaymentConfirmation_Page": null

2023-09-09 20:36:07 - [TEST_STEP][PASSED] - orPath_ServiceFeesAccept = "Object Repository/RAD_Pages/ServiceFeeAccept_Page": null

2023-09-09 20:36:07 - [TEST_STEP][PASSED] - selectOptionByLabel(findTestObject(orPath_Landing + "/dd_TaxType"), Paymenttype, false): All options with label 'Quarterly Estimated Tax' are selected in object 'Object Repository/RAD_Pages/Landing_Page/dd_TaxType' 

2023-09-09 20:36:08 - [MESSAGE][PASSED] - All options with label 'Quarterly Estimated Tax' are selected in object 'Object Repository/RAD_Pages/Landing_Page/dd_TaxType' 

2023-09-09 20:36:08 - [TEST_STEP][PASSED] - delay(1): Delayed 1 second(s)

2023-09-09 20:36:09 - [MESSAGE][PASSED] - Delayed 1 second(s)

2023-09-09 20:36:09 - [TEST_STEP][PASSED] - switch (Paymenttype): null

2023-09-09 20:36:09 - [TEST_STEP][PASSED] - case "Quarterly Estimated Tax":: null

2023-09-09 20:36:09 - [TEST_STEP][PASSED] - selectOptionByLabel(findTestObject(orPath_TaxTypeFilingYear + "/select_PaymentType"), Taxtype, false): All options with label 'PTE Non-Electing S Corp' are selected in object 'Object Repository/RAD_Pages/TaxTypeFilingYear_Page/select_PaymentType' 

2023-09-09 20:36:10 - [MESSAGE][PASSED] - All options with label 'PTE Non-Electing S Corp' are selected in object 'Object Repository/RAD_Pages/TaxTypeFilingYear_Page/select_PaymentType' 

2023-09-09 20:36:10 - [TEST_STEP][PASSED] - break: null

2023-09-09 20:36:10 - [TEST_STEP][PASSED] - delay(1): Delayed 1 second(s)

2023-09-09 20:36:11 - [MESSAGE][PASSED] - Delayed 1 second(s)

2023-09-09 20:36:11 - [TEST_STEP][PASSED] - scrollToElement(findTestObject(orPath_Amount + "/input__paymentAmount"), 2, CONTINUE_ON_FAILURE): Scroll to object 'Object Repository/RAD_Pages/PaymentAmount_Page/input__paymentAmount' successfully

2023-09-09 20:36:11 - [MESSAGE][PASSED] - Scroll to object 'Object Repository/RAD_Pages/PaymentAmount_Page/input__paymentAmount' successfully

2023-09-09 20:36:11 - [TEST_STEP][PASSED] - switch (Paymenttype): null

2023-09-09 20:36:11 - [TEST_STEP][PASSED] - case "Quarterly Estimated Tax":: null

2023-09-09 20:36:11 - [TEST_STEP][PASSED] - setEncryptedText(findTestObject(orPath_TaxInfo + "/input_FederalEIN"), "RigbBhfdqODKcAsiUrg+1Q=="): Text ****** has been set on object 'Object Repository/RAD_Pages/TaxInfo_Page/input_FederalEIN'

2023-09-09 20:36:12 - [MESSAGE][PASSED] - Text ****** has been set on object 'Object Repository/RAD_Pages/TaxInfo_Page/input_FederalEIN'

2023-09-09 20:36:13 - [TEST_STEP][PASSED] - setEncryptedText(findTestObject(orPath_TaxInfo + "/input_FederalEIN_ReEnter"), "RigbBhfdqOBBGbZqm4oFJQ=="): Text ****** has been set on object 'Object Repository/RAD_Pages/TaxInfo_Page/input_FederalEIN_ReEnter'

2023-09-09 20:36:13 - [MESSAGE][PASSED] - Text ****** has been set on object 'Object Repository/RAD_Pages/TaxInfo_Page/input_FederalEIN_ReEnter'

2023-09-09 20:36:13 - [TEST_STEP][PASSED] - break: null

2023-09-09 20:36:13 - [TEST_STEP][PASSED] - setText(findTestObject(orPath_Amount + "/input__paymentAmount"), ""): Text '' is set on object 'Object Repository/RAD_Pages/PaymentAmount_Page/input__paymentAmount'

2023-09-09 20:36:14 - [MESSAGE][PASSED] - Text '' is set on object 'Object Repository/RAD_Pages/PaymentAmount_Page/input__paymentAmount'

2023-09-09 20:36:14 - [TEST_STEP][PASSED] - verifyTextPresent("The FEIN and Re-type FEIN do not match", true): Text 'The FEIN and Re-type FEIN do not match' is present on page  using regular expression

2023-09-09 20:36:15 - [MESSAGE][PASSED] - Text 'The FEIN and Re-type FEIN do not match' is present on page  using regular expression

2023-09-09 20:36:15 - [TEST_STEP][PASSED] - if (verifyTextPresent("The FEIN and Re-type FEIN do not match", true)): null

2023-09-09 20:36:15 - [MESSAGE][PASSED] - Text 'The FEIN and Re-type FEIN do not match' is present on page  using regular expression

2023-09-09 20:36:15 - [TEST_STEP][PASSED] - println("Error Message is present on the page"): null

2023-09-09 20:36:15 - [TEST_STEP][PASSED] - out.println("Pass Record Number: " + row): null

2023-09-09 20:36:15 - [TEST_STEP][PASSED] - resText = "Pass": null

2023-09-09 20:36:15 - [TEST_STEP][PASSED] - pages.WriteExcel.demoKey(resText, datText, resColumn, datCloumn, fileLoc, nameSheet, row): pages.WriteExcel.demoKey is PASSED

2023-09-09 20:36:15 - [MESSAGE][PASSED] - pages.WriteExcel.demoKey is PASSED

2023-09-09 20:36:15 - [TEST_STEP][PASSED] - ExecuteTC = findTestData(dataFile).getValue("Execute", row): null

2023-09-09 20:36:15 - [TEST_STEP][PASSED] - Taxtype = findTestData(dataFile).getValue("TaxType", row): null

2023-09-09 20:36:15 - [TEST_STEP][PASSED] - Paymenttype = findTestData(dataFile).getValue("PaymentType", row): null

2023-09-09 20:36:15 - [TEST_STEP][PASSED] - out.println("Value of Execute is : " + ExecuteTC): null

2023-09-09 20:36:15 - [TEST_STEP][PASSED] - if (ExecuteTC.equalsIgnoreCase("Y")): null

2023-09-09 20:36:15 - [TEST_STEP][PASSED] - out.println("Begin Record Number: " + row): null

2023-09-09 20:36:15 - [TEST_STEP][PASSED] - today = new java.util.Date(): null

2023-09-09 20:36:15 - [TEST_STEP][PASSED] - println(today): null

2023-09-09 20:36:15 - [TEST_STEP][PASSED] - datText = today: null

2023-09-09 20:36:15 - [TEST_STEP][PASSED] - Taxtype = findTestData(dataFile).getValue("TaxType", row): null

2023-09-09 20:36:15 - [TEST_STEP][PASSED] - out.println("Taxtype value is : " + Taxtype): null

2023-09-09 20:36:15 - [TEST_STEP][PASSED] - openBrowser(""): Browser is opened with url: ''

2023-09-09 20:36:15 - [MESSAGE][WARNING] - A browser is already opened. Closing browser and opening a new one

2023-09-09 20:36:16 - [MESSAGE][INFO] - Starting 'Chrome' driver

2023-09-09 20:36:16 - [MESSAGE][INFO] - User set preference: ['acceptInsecureCerts', 'true']

2023-09-09 20:36:16 - [MESSAGE][INFO] - Action delay is set to 0 milliseconds

2023-09-09 20:36:18 - [MESSAGE][PASSED] - Browser is opened with url: ''

2023-09-09 20:36:18 - [TEST_STEP][PASSED] - maximizeWindow(): Current window maximized

2023-09-09 20:36:18 - [MESSAGE][PASSED] - Current window maximized

2023-09-09 20:36:18 - [TEST_STEP][PASSED] - navigateToUrl(RADurl): Navigate to 'https://qa2.velocitypayment.com/client/rad/index.html' successfully

2023-09-09 20:36:19 - [MESSAGE][PASSED] - Navigate to 'https://qa2.velocitypayment.com/client/rad/index.html' successfully

2023-09-09 20:36:19 - [TEST_STEP][PASSED] - orPath_Landing = "Object Repository/RAD_Pages/Landing_Page": null

2023-09-09 20:36:19 - [TEST_STEP][PASSED] - orPath_TaxTypeFilingYear = "Object Repository/RAD_Pages/TaxTypeFilingYear_Page": null

2023-09-09 20:36:19 - [TEST_STEP][PASSED] - orPath_TaxPayer = "Object Repository/RAD_Pages/Taxpayer_Page": null

2023-09-09 20:36:19 - [TEST_STEP][PASSED] - orPath_AddressContact = "Object Repository/RAD_Pages/AddressAndContactInfo_Page": null

2023-09-09 20:36:19 - [TEST_STEP][PASSED] - orPath_FilingStatus = "Object Repository/RAD_Pages/FilingStatus_Page": null

2023-09-09 20:36:19 - [TEST_STEP][PASSED] - orPath_Amount = "Object Repository/RAD_Pages/PaymentAmount_Page": null

2023-09-09 20:36:19 - [TEST_STEP][PASSED] - orPath_TaxInfo = "Object Repository/RAD_Pages/TaxInfo_Page": null

2023-09-09 20:36:19 - [TEST_STEP][PASSED] - orPath_Withholding = "Object Repository/RAD_Pages/Withholding_Page": null

2023-09-09 20:36:19 - [TEST_STEP][PASSED] - orPath_Summary = "Object Repository/RAD_Pages/Summary_Page": null

2023-09-09 20:36:19 - [TEST_STEP][PASSED] - orPath_PaymentReady = "Object Repository/RAD_Pages/PaymentReady_Page": null

2023-09-09 20:36:19 - [TEST_STEP][PASSED] - orPath_PaymentEntry = "Object Repository/RAD_Pages/PaymentEntry_Page": null

2023-09-09 20:36:19 - [TEST_STEP][PASSED] - orPath_PaymentConfirmation = "Object Repository/RAD_Pages/PaymentConfirmation_Page": null

2023-09-09 20:36:19 - [TEST_STEP][PASSED] - orPath_ServiceFeesAccept = "Object Repository/RAD_Pages/ServiceFeeAccept_Page": null

2023-09-09 20:36:19 - [TEST_STEP][PASSED] - selectOptionByLabel(findTestObject(orPath_Landing + "/dd_TaxType"), Paymenttype, false): All options with label 'Quarterly Estimated Tax' are selected in object 'Object Repository/RAD_Pages/Landing_Page/dd_TaxType' 

2023-09-09 20:36:20 - [MESSAGE][PASSED] - All options with label 'Quarterly Estimated Tax' are selected in object 'Object Repository/RAD_Pages/Landing_Page/dd_TaxType' 

2023-09-09 20:36:20 - [TEST_STEP][PASSED] - delay(1): Delayed 1 second(s)

2023-09-09 20:36:21 - [MESSAGE][PASSED] - Delayed 1 second(s)

2023-09-09 20:36:21 - [TEST_STEP][PASSED] - switch (Paymenttype): null

2023-09-09 20:36:21 - [TEST_STEP][PASSED] - case "Quarterly Estimated Tax":: null

2023-09-09 20:36:21 - [TEST_STEP][PASSED] - selectOptionByLabel(findTestObject(orPath_TaxTypeFilingYear + "/select_PaymentType"), Taxtype, false): All options with label 'PTE Tax Electing Non-S Corp' are selected in object 'Object Repository/RAD_Pages/TaxTypeFilingYear_Page/select_PaymentType' 

2023-09-09 20:36:22 - [MESSAGE][PASSED] - All options with label 'PTE Tax Electing Non-S Corp' are selected in object 'Object Repository/RAD_Pages/TaxTypeFilingYear_Page/select_PaymentType' 

2023-09-09 20:36:22 - [TEST_STEP][PASSED] - break: null

2023-09-09 20:36:22 - [TEST_STEP][PASSED] - delay(1): Delayed 1 second(s)

2023-09-09 20:36:23 - [MESSAGE][PASSED] - Delayed 1 second(s)

2023-09-09 20:36:23 - [TEST_STEP][PASSED] - scrollToElement(findTestObject(orPath_Amount + "/input__paymentAmount"), 2, CONTINUE_ON_FAILURE): Scroll to object 'Object Repository/RAD_Pages/PaymentAmount_Page/input__paymentAmount' successfully

2023-09-09 20:36:23 - [MESSAGE][PASSED] - Scroll to object 'Object Repository/RAD_Pages/PaymentAmount_Page/input__paymentAmount' successfully

2023-09-09 20:36:23 - [TEST_STEP][PASSED] - switch (Paymenttype): null

2023-09-09 20:36:23 - [TEST_STEP][PASSED] - case "Quarterly Estimated Tax":: null

2023-09-09 20:36:23 - [TEST_STEP][PASSED] - setEncryptedText(findTestObject(orPath_TaxInfo + "/input_FederalEIN"), "RigbBhfdqODKcAsiUrg+1Q=="): Text ****** has been set on object 'Object Repository/RAD_Pages/TaxInfo_Page/input_FederalEIN'

2023-09-09 20:36:24 - [MESSAGE][PASSED] - Text ****** has been set on object 'Object Repository/RAD_Pages/TaxInfo_Page/input_FederalEIN'

2023-09-09 20:36:24 - [TEST_STEP][PASSED] - setEncryptedText(findTestObject(orPath_TaxInfo + "/input_FederalEIN_ReEnter"), "RigbBhfdqOBBGbZqm4oFJQ=="): Text ****** has been set on object 'Object Repository/RAD_Pages/TaxInfo_Page/input_FederalEIN_ReEnter'

2023-09-09 20:36:25 - [MESSAGE][PASSED] - Text ****** has been set on object 'Object Repository/RAD_Pages/TaxInfo_Page/input_FederalEIN_ReEnter'

2023-09-09 20:36:25 - [TEST_STEP][PASSED] - break: null

2023-09-09 20:36:25 - [TEST_STEP][PASSED] - setText(findTestObject(orPath_Amount + "/input__paymentAmount"), ""): Text '' is set on object 'Object Repository/RAD_Pages/PaymentAmount_Page/input__paymentAmount'

2023-09-09 20:36:26 - [MESSAGE][PASSED] - Text '' is set on object 'Object Repository/RAD_Pages/PaymentAmount_Page/input__paymentAmount'

2023-09-09 20:36:26 - [TEST_STEP][PASSED] - verifyTextPresent("The FEIN and Re-type FEIN do not match", true): Text 'The FEIN and Re-type FEIN do not match' is present on page  using regular expression

2023-09-09 20:36:27 - [MESSAGE][PASSED] - Text 'The FEIN and Re-type FEIN do not match' is present on page  using regular expression

2023-09-09 20:36:27 - [TEST_STEP][PASSED] - if (verifyTextPresent("The FEIN and Re-type FEIN do not match", true)): null

2023-09-09 20:36:27 - [MESSAGE][PASSED] - Text 'The FEIN and Re-type FEIN do not match' is present on page  using regular expression

2023-09-09 20:36:27 - [TEST_STEP][PASSED] - println("Error Message is present on the page"): null

2023-09-09 20:36:27 - [TEST_STEP][PASSED] - out.println("Pass Record Number: " + row): null

2023-09-09 20:36:27 - [TEST_STEP][PASSED] - resText = "Pass": null

2023-09-09 20:36:27 - [TEST_STEP][PASSED] - pages.WriteExcel.demoKey(resText, datText, resColumn, datCloumn, fileLoc, nameSheet, row): pages.WriteExcel.demoKey is PASSED

2023-09-09 20:36:27 - [MESSAGE][PASSED] - pages.WriteExcel.demoKey is PASSED

2023-09-09 20:36:27 - [TEST_STEP][PASSED] - ExecuteTC = findTestData(dataFile).getValue("Execute", row): null

2023-09-09 20:36:27 - [TEST_STEP][PASSED] - Taxtype = findTestData(dataFile).getValue("TaxType", row): null

2023-09-09 20:36:27 - [TEST_STEP][PASSED] - Paymenttype = findTestData(dataFile).getValue("PaymentType", row): null

2023-09-09 20:36:27 - [TEST_STEP][PASSED] - out.println("Value of Execute is : " + ExecuteTC): null

2023-09-09 20:36:27 - [TEST_STEP][PASSED] - if (ExecuteTC.equalsIgnoreCase("Y")): null

2023-09-09 20:36:27 - [TEST_STEP][PASSED] - out.println("Begin Record Number: " + row): null

2023-09-09 20:36:27 - [TEST_STEP][PASSED] - today = new java.util.Date(): null

2023-09-09 20:36:27 - [TEST_STEP][PASSED] - println(today): null

2023-09-09 20:36:27 - [TEST_STEP][PASSED] - datText = today: null

2023-09-09 20:36:27 - [TEST_STEP][PASSED] - Taxtype = findTestData(dataFile).getValue("TaxType", row): null

2023-09-09 20:36:27 - [TEST_STEP][PASSED] - out.println("Taxtype value is : " + Taxtype): null

2023-09-09 20:36:27 - [TEST_STEP][PASSED] - openBrowser(""): Browser is opened with url: ''

2023-09-09 20:36:27 - [MESSAGE][WARNING] - A browser is already opened. Closing browser and opening a new one

2023-09-09 20:36:28 - [MESSAGE][INFO] - Starting 'Chrome' driver

2023-09-09 20:36:28 - [MESSAGE][INFO] - User set preference: ['acceptInsecureCerts', 'true']

2023-09-09 20:36:28 - [MESSAGE][INFO] - Action delay is set to 0 milliseconds

2023-09-09 20:36:30 - [MESSAGE][PASSED] - Browser is opened with url: ''

2023-09-09 20:36:30 - [TEST_STEP][PASSED] - maximizeWindow(): Current window maximized

2023-09-09 20:36:30 - [MESSAGE][PASSED] - Current window maximized

2023-09-09 20:36:30 - [TEST_STEP][PASSED] - navigateToUrl(RADurl): Navigate to 'https://qa2.velocitypayment.com/client/rad/index.html' successfully

2023-09-09 20:36:31 - [MESSAGE][PASSED] - Navigate to 'https://qa2.velocitypayment.com/client/rad/index.html' successfully

2023-09-09 20:36:31 - [TEST_STEP][PASSED] - orPath_Landing = "Object Repository/RAD_Pages/Landing_Page": null

2023-09-09 20:36:31 - [TEST_STEP][PASSED] - orPath_TaxTypeFilingYear = "Object Repository/RAD_Pages/TaxTypeFilingYear_Page": null

2023-09-09 20:36:31 - [TEST_STEP][PASSED] - orPath_TaxPayer = "Object Repository/RAD_Pages/Taxpayer_Page": null

2023-09-09 20:36:31 - [TEST_STEP][PASSED] - orPath_AddressContact = "Object Repository/RAD_Pages/AddressAndContactInfo_Page": null

2023-09-09 20:36:31 - [TEST_STEP][PASSED] - orPath_FilingStatus = "Object Repository/RAD_Pages/FilingStatus_Page": null

2023-09-09 20:36:31 - [TEST_STEP][PASSED] - orPath_Amount = "Object Repository/RAD_Pages/PaymentAmount_Page": null

2023-09-09 20:36:31 - [TEST_STEP][PASSED] - orPath_TaxInfo = "Object Repository/RAD_Pages/TaxInfo_Page": null

2023-09-09 20:36:31 - [TEST_STEP][PASSED] - orPath_Withholding = "Object Repository/RAD_Pages/Withholding_Page": null

2023-09-09 20:36:31 - [TEST_STEP][PASSED] - orPath_Summary = "Object Repository/RAD_Pages/Summary_Page": null

2023-09-09 20:36:31 - [TEST_STEP][PASSED] - orPath_PaymentReady = "Object Repository/RAD_Pages/PaymentReady_Page": null

2023-09-09 20:36:31 - [TEST_STEP][PASSED] - orPath_PaymentEntry = "Object Repository/RAD_Pages/PaymentEntry_Page": null

2023-09-09 20:36:31 - [TEST_STEP][PASSED] - orPath_PaymentConfirmation = "Object Repository/RAD_Pages/PaymentConfirmation_Page": null

2023-09-09 20:36:31 - [TEST_STEP][PASSED] - orPath_ServiceFeesAccept = "Object Repository/RAD_Pages/ServiceFeeAccept_Page": null

2023-09-09 20:36:31 - [TEST_STEP][PASSED] - selectOptionByLabel(findTestObject(orPath_Landing + "/dd_TaxType"), Paymenttype, false): All options with label 'Quarterly Estimated Tax' are selected in object 'Object Repository/RAD_Pages/Landing_Page/dd_TaxType' 

2023-09-09 20:36:32 - [MESSAGE][PASSED] - All options with label 'Quarterly Estimated Tax' are selected in object 'Object Repository/RAD_Pages/Landing_Page/dd_TaxType' 

2023-09-09 20:36:32 - [TEST_STEP][PASSED] - delay(1): Delayed 1 second(s)

2023-09-09 20:36:33 - [MESSAGE][PASSED] - Delayed 1 second(s)

2023-09-09 20:36:33 - [TEST_STEP][PASSED] - switch (Paymenttype): null

2023-09-09 20:36:33 - [TEST_STEP][PASSED] - case "Quarterly Estimated Tax":: null

2023-09-09 20:36:33 - [TEST_STEP][PASSED] - selectOptionByLabel(findTestObject(orPath_TaxTypeFilingYear + "/select_PaymentType"), Taxtype, false): All options with label 'PTE Tax Electing S Corp' are selected in object 'Object Repository/RAD_Pages/TaxTypeFilingYear_Page/select_PaymentType' 

2023-09-09 20:36:34 - [MESSAGE][PASSED] - All options with label 'PTE Tax Electing S Corp' are selected in object 'Object Repository/RAD_Pages/TaxTypeFilingYear_Page/select_PaymentType' 

2023-09-09 20:36:34 - [TEST_STEP][PASSED] - break: null

2023-09-09 20:36:34 - [TEST_STEP][PASSED] - delay(1): Delayed 1 second(s)

2023-09-09 20:36:35 - [MESSAGE][PASSED] - Delayed 1 second(s)

2023-09-09 20:36:35 - [TEST_STEP][PASSED] - scrollToElement(findTestObject(orPath_Amount + "/input__paymentAmount"), 2, CONTINUE_ON_FAILURE): Scroll to object 'Object Repository/RAD_Pages/PaymentAmount_Page/input__paymentAmount' successfully

2023-09-09 20:36:35 - [MESSAGE][PASSED] - Scroll to object 'Object Repository/RAD_Pages/PaymentAmount_Page/input__paymentAmount' successfully

2023-09-09 20:36:35 - [TEST_STEP][PASSED] - switch (Paymenttype): null

2023-09-09 20:36:35 - [TEST_STEP][PASSED] - case "Quarterly Estimated Tax":: null

2023-09-09 20:36:35 - [TEST_STEP][PASSED] - setEncryptedText(findTestObject(orPath_TaxInfo + "/input_FederalEIN"), "RigbBhfdqODKcAsiUrg+1Q=="): Text ****** has been set on object 'Object Repository/RAD_Pages/TaxInfo_Page/input_FederalEIN'

2023-09-09 20:36:36 - [MESSAGE][PASSED] - Text ****** has been set on object 'Object Repository/RAD_Pages/TaxInfo_Page/input_FederalEIN'

2023-09-09 20:36:36 - [TEST_STEP][PASSED] - setEncryptedText(findTestObject(orPath_TaxInfo + "/input_FederalEIN_ReEnter"), "RigbBhfdqOBBGbZqm4oFJQ=="): Text ****** has been set on object 'Object Repository/RAD_Pages/TaxInfo_Page/input_FederalEIN_ReEnter'

2023-09-09 20:36:37 - [MESSAGE][PASSED] - Text ****** has been set on object 'Object Repository/RAD_Pages/TaxInfo_Page/input_FederalEIN_ReEnter'

2023-09-09 20:36:37 - [TEST_STEP][PASSED] - break: null

2023-09-09 20:36:37 - [TEST_STEP][PASSED] - setText(findTestObject(orPath_Amount + "/input__paymentAmount"), ""): Text '' is set on object 'Object Repository/RAD_Pages/PaymentAmount_Page/input__paymentAmount'

2023-09-09 20:36:38 - [MESSAGE][PASSED] - Text '' is set on object 'Object Repository/RAD_Pages/PaymentAmount_Page/input__paymentAmount'

2023-09-09 20:36:38 - [TEST_STEP][PASSED] - verifyTextPresent("The FEIN and Re-type FEIN do not match", true): Text 'The FEIN and Re-type FEIN do not match' is present on page  using regular expression

2023-09-09 20:36:39 - [MESSAGE][PASSED] - Text 'The FEIN and Re-type FEIN do not match' is present on page  using regular expression

2023-09-09 20:36:39 - [TEST_STEP][PASSED] - if (verifyTextPresent("The FEIN and Re-type FEIN do not match", true)): null

2023-09-09 20:36:39 - [MESSAGE][PASSED] - Text 'The FEIN and Re-type FEIN do not match' is present on page  using regular expression

2023-09-09 20:36:39 - [TEST_STEP][PASSED] - println("Error Message is present on the page"): null

2023-09-09 20:36:39 - [TEST_STEP][PASSED] - out.println("Pass Record Number: " + row): null

2023-09-09 20:36:39 - [TEST_STEP][PASSED] - resText = "Pass": null

2023-09-09 20:36:39 - [TEST_STEP][PASSED] - pages.WriteExcel.demoKey(resText, datText, resColumn, datCloumn, fileLoc, nameSheet, row): pages.WriteExcel.demoKey is PASSED

2023-09-09 20:36:39 - [MESSAGE][PASSED] - pages.WriteExcel.demoKey is PASSED

2023-09-09 20:36:39 - [TEST_STEP][PASSED] - ExecuteTC = findTestData(dataFile).getValue("Execute", row): null

2023-09-09 20:36:39 - [TEST_STEP][PASSED] - Taxtype = findTestData(dataFile).getValue("TaxType", row): null

2023-09-09 20:36:39 - [TEST_STEP][PASSED] - Paymenttype = findTestData(dataFile).getValue("PaymentType", row): null

2023-09-09 20:36:39 - [TEST_STEP][PASSED] - out.println("Value of Execute is : " + ExecuteTC): null

2023-09-09 20:36:39 - [TEST_STEP][PASSED] - if (ExecuteTC.equalsIgnoreCase("Y")): null

2023-09-09 20:36:39 - [TEST_STEP][PASSED] - out.println("Begin Record Number: " + row): null

2023-09-09 20:36:39 - [TEST_STEP][PASSED] - today = new java.util.Date(): null

2023-09-09 20:36:39 - [TEST_STEP][PASSED] - println(today): null

2023-09-09 20:36:39 - [TEST_STEP][PASSED] - datText = today: null

2023-09-09 20:36:39 - [TEST_STEP][PASSED] - Taxtype = findTestData(dataFile).getValue("TaxType", row): null

2023-09-09 20:36:39 - [TEST_STEP][PASSED] - out.println("Taxtype value is : " + Taxtype): null

2023-09-09 20:36:39 - [TEST_STEP][PASSED] - openBrowser(""): Browser is opened with url: ''

2023-09-09 20:36:39 - [MESSAGE][WARNING] - A browser is already opened. Closing browser and opening a new one

2023-09-09 20:36:40 - [MESSAGE][INFO] - Starting 'Chrome' driver

2023-09-09 20:36:40 - [MESSAGE][INFO] - User set preference: ['acceptInsecureCerts', 'true']

2023-09-09 20:36:40 - [MESSAGE][INFO] - Action delay is set to 0 milliseconds

2023-09-09 20:36:42 - [MESSAGE][PASSED] - Browser is opened with url: ''

2023-09-09 20:36:42 - [TEST_STEP][PASSED] - maximizeWindow(): Current window maximized

2023-09-09 20:36:42 - [MESSAGE][PASSED] - Current window maximized

2023-09-09 20:36:42 - [TEST_STEP][PASSED] - navigateToUrl(RADurl): Navigate to 'https://qa2.velocitypayment.com/client/rad/index.html' successfully

2023-09-09 20:36:43 - [MESSAGE][PASSED] - Navigate to 'https://qa2.velocitypayment.com/client/rad/index.html' successfully

2023-09-09 20:36:43 - [TEST_STEP][PASSED] - orPath_Landing = "Object Repository/RAD_Pages/Landing_Page": null

2023-09-09 20:36:43 - [TEST_STEP][PASSED] - orPath_TaxTypeFilingYear = "Object Repository/RAD_Pages/TaxTypeFilingYear_Page": null

2023-09-09 20:36:43 - [TEST_STEP][PASSED] - orPath_TaxPayer = "Object Repository/RAD_Pages/Taxpayer_Page": null

2023-09-09 20:36:43 - [TEST_STEP][PASSED] - orPath_AddressContact = "Object Repository/RAD_Pages/AddressAndContactInfo_Page": null

2023-09-09 20:36:43 - [TEST_STEP][PASSED] - orPath_FilingStatus = "Object Repository/RAD_Pages/FilingStatus_Page": null

2023-09-09 20:36:43 - [TEST_STEP][PASSED] - orPath_Amount = "Object Repository/RAD_Pages/PaymentAmount_Page": null

2023-09-09 20:36:43 - [TEST_STEP][PASSED] - orPath_TaxInfo = "Object Repository/RAD_Pages/TaxInfo_Page": null

2023-09-09 20:36:43 - [TEST_STEP][PASSED] - orPath_Withholding = "Object Repository/RAD_Pages/Withholding_Page": null

2023-09-09 20:36:43 - [TEST_STEP][PASSED] - orPath_Summary = "Object Repository/RAD_Pages/Summary_Page": null

2023-09-09 20:36:43 - [TEST_STEP][PASSED] - orPath_PaymentReady = "Object Repository/RAD_Pages/PaymentReady_Page": null

2023-09-09 20:36:43 - [TEST_STEP][PASSED] - orPath_PaymentEntry = "Object Repository/RAD_Pages/PaymentEntry_Page": null

2023-09-09 20:36:43 - [TEST_STEP][PASSED] - orPath_PaymentConfirmation = "Object Repository/RAD_Pages/PaymentConfirmation_Page": null

2023-09-09 20:36:43 - [TEST_STEP][PASSED] - orPath_ServiceFeesAccept = "Object Repository/RAD_Pages/ServiceFeeAccept_Page": null

2023-09-09 20:36:43 - [TEST_STEP][PASSED] - selectOptionByLabel(findTestObject(orPath_Landing + "/dd_TaxType"), Paymenttype, false): All options with label 'Extension Payments' are selected in object 'Object Repository/RAD_Pages/Landing_Page/dd_TaxType' 

2023-09-09 20:36:44 - [MESSAGE][PASSED] - All options with label 'Extension Payments' are selected in object 'Object Repository/RAD_Pages/Landing_Page/dd_TaxType' 

2023-09-09 20:36:44 - [TEST_STEP][PASSED] - delay(1): Delayed 1 second(s)

2023-09-09 20:36:45 - [MESSAGE][PASSED] - Delayed 1 second(s)

2023-09-09 20:36:45 - [TEST_STEP][PASSED] - switch (Paymenttype): null

2023-09-09 20:36:45 - [TEST_STEP][PASSED] - case "Extension Payments":: null

2023-09-09 20:36:45 - [TEST_STEP][PASSED] - selectOptionByLabel(findTestObject(orPath_TaxTypeFilingYear + "/select_PaymentType"), Taxtype, false): All options with label 'Corporate Income Tax' are selected in object 'Object Repository/RAD_Pages/TaxTypeFilingYear_Page/select_PaymentType' 

2023-09-09 20:36:46 - [MESSAGE][PASSED] - All options with label 'Corporate Income Tax' are selected in object 'Object Repository/RAD_Pages/TaxTypeFilingYear_Page/select_PaymentType' 

2023-09-09 20:36:46 - [TEST_STEP][PASSED] - break: null

2023-09-09 20:36:46 - [TEST_STEP][PASSED] - delay(1): Delayed 1 second(s)

2023-09-09 20:36:47 - [MESSAGE][PASSED] - Delayed 1 second(s)

2023-09-09 20:36:47 - [TEST_STEP][PASSED] - scrollToElement(findTestObject(orPath_Amount + "/input__paymentAmount"), 2, CONTINUE_ON_FAILURE): Scroll to object 'Object Repository/RAD_Pages/PaymentAmount_Page/input__paymentAmount' successfully

2023-09-09 20:36:47 - [MESSAGE][PASSED] - Scroll to object 'Object Repository/RAD_Pages/PaymentAmount_Page/input__paymentAmount' successfully

2023-09-09 20:36:47 - [TEST_STEP][PASSED] - switch (Paymenttype): null

2023-09-09 20:36:47 - [TEST_STEP][PASSED] - case "Extension Payments":: null

2023-09-09 20:36:47 - [TEST_STEP][PASSED] - setEncryptedText(findTestObject(orPath_TaxInfo + "/input_FederalEIN"), "RigbBhfdqODKcAsiUrg+1Q=="): Text ****** has been set on object 'Object Repository/RAD_Pages/TaxInfo_Page/input_FederalEIN'

2023-09-09 20:36:48 - [MESSAGE][PASSED] - Text ****** has been set on object 'Object Repository/RAD_Pages/TaxInfo_Page/input_FederalEIN'

2023-09-09 20:36:49 - [TEST_STEP][PASSED] - setEncryptedText(findTestObject(orPath_TaxInfo + "/input_FederalEIN_ReEnter"), "RigbBhfdqOBBGbZqm4oFJQ=="): Text ****** has been set on object 'Object Repository/RAD_Pages/TaxInfo_Page/input_FederalEIN_ReEnter'

2023-09-09 20:36:49 - [MESSAGE][PASSED] - Text ****** has been set on object 'Object Repository/RAD_Pages/TaxInfo_Page/input_FederalEIN_ReEnter'

2023-09-09 20:36:49 - [TEST_STEP][PASSED] - break: null

2023-09-09 20:36:49 - [TEST_STEP][PASSED] - setText(findTestObject(orPath_Amount + "/input__paymentAmount"), ""): Text '' is set on object 'Object Repository/RAD_Pages/PaymentAmount_Page/input__paymentAmount'

2023-09-09 20:36:50 - [MESSAGE][PASSED] - Text '' is set on object 'Object Repository/RAD_Pages/PaymentAmount_Page/input__paymentAmount'

2023-09-09 20:36:50 - [TEST_STEP][PASSED] - verifyTextPresent("The FEIN and Re-type FEIN do not match", true): Text 'The FEIN and Re-type FEIN do not match' is present on page  using regular expression

2023-09-09 20:36:51 - [MESSAGE][PASSED] - Text 'The FEIN and Re-type FEIN do not match' is present on page  using regular expression

2023-09-09 20:36:51 - [TEST_STEP][PASSED] - if (verifyTextPresent("The FEIN and Re-type FEIN do not match", true)): null

2023-09-09 20:36:51 - [MESSAGE][PASSED] - Text 'The FEIN and Re-type FEIN do not match' is present on page  using regular expression

2023-09-09 20:36:51 - [TEST_STEP][PASSED] - println("Error Message is present on the page"): null

2023-09-09 20:36:51 - [TEST_STEP][PASSED] - out.println("Pass Record Number: " + row): null

2023-09-09 20:36:51 - [TEST_STEP][PASSED] - resText = "Pass": null

2023-09-09 20:36:51 - [TEST_STEP][PASSED] - pages.WriteExcel.demoKey(resText, datText, resColumn, datCloumn, fileLoc, nameSheet, row): pages.WriteExcel.demoKey is PASSED

2023-09-09 20:36:51 - [MESSAGE][PASSED] - pages.WriteExcel.demoKey is PASSED

2023-09-09 20:36:51 - [TEST_STEP][PASSED] - ExecuteTC = findTestData(dataFile).getValue("Execute", row): null

2023-09-09 20:36:51 - [TEST_STEP][PASSED] - Taxtype = findTestData(dataFile).getValue("TaxType", row): null

2023-09-09 20:36:51 - [TEST_STEP][PASSED] - Paymenttype = findTestData(dataFile).getValue("PaymentType", row): null

2023-09-09 20:36:51 - [TEST_STEP][PASSED] - out.println("Value of Execute is : " + ExecuteTC): null

2023-09-09 20:36:51 - [TEST_STEP][PASSED] - if (ExecuteTC.equalsIgnoreCase("Y")): null

2023-09-09 20:36:51 - [TEST_STEP][PASSED] - out.println("Begin Record Number: " + row): null

2023-09-09 20:36:51 - [TEST_STEP][PASSED] - today = new java.util.Date(): null

2023-09-09 20:36:51 - [TEST_STEP][PASSED] - println(today): null

2023-09-09 20:36:51 - [TEST_STEP][PASSED] - datText = today: null

2023-09-09 20:36:51 - [TEST_STEP][PASSED] - Taxtype = findTestData(dataFile).getValue("TaxType", row): null

2023-09-09 20:36:51 - [TEST_STEP][PASSED] - out.println("Taxtype value is : " + Taxtype): null

2023-09-09 20:36:51 - [TEST_STEP][PASSED] - openBrowser(""): Browser is opened with url: ''

2023-09-09 20:36:51 - [MESSAGE][WARNING] - A browser is already opened. Closing browser and opening a new one

2023-09-09 20:36:52 - [MESSAGE][INFO] - Starting 'Chrome' driver

2023-09-09 20:36:52 - [MESSAGE][INFO] - User set preference: ['acceptInsecureCerts', 'true']

2023-09-09 20:36:52 - [MESSAGE][INFO] - Action delay is set to 0 milliseconds

2023-09-09 20:36:54 - [MESSAGE][PASSED] - Browser is opened with url: ''

2023-09-09 20:36:54 - [TEST_STEP][PASSED] - maximizeWindow(): Current window maximized

2023-09-09 20:36:54 - [MESSAGE][PASSED] - Current window maximized

2023-09-09 20:36:54 - [TEST_STEP][PASSED] - navigateToUrl(RADurl): Navigate to 'https://qa2.velocitypayment.com/client/rad/index.html' successfully

2023-09-09 20:36:55 - [MESSAGE][PASSED] - Navigate to 'https://qa2.velocitypayment.com/client/rad/index.html' successfully

2023-09-09 20:36:55 - [TEST_STEP][PASSED] - orPath_Landing = "Object Repository/RAD_Pages/Landing_Page": null

2023-09-09 20:36:55 - [TEST_STEP][PASSED] - orPath_TaxTypeFilingYear = "Object Repository/RAD_Pages/TaxTypeFilingYear_Page": null

2023-09-09 20:36:55 - [TEST_STEP][PASSED] - orPath_TaxPayer = "Object Repository/RAD_Pages/Taxpayer_Page": null

2023-09-09 20:36:55 - [TEST_STEP][PASSED] - orPath_AddressContact = "Object Repository/RAD_Pages/AddressAndContactInfo_Page": null

2023-09-09 20:36:55 - [TEST_STEP][PASSED] - orPath_FilingStatus = "Object Repository/RAD_Pages/FilingStatus_Page": null

2023-09-09 20:36:55 - [TEST_STEP][PASSED] - orPath_Amount = "Object Repository/RAD_Pages/PaymentAmount_Page": null

2023-09-09 20:36:55 - [TEST_STEP][PASSED] - orPath_TaxInfo = "Object Repository/RAD_Pages/TaxInfo_Page": null

2023-09-09 20:36:55 - [TEST_STEP][PASSED] - orPath_Withholding = "Object Repository/RAD_Pages/Withholding_Page": null

2023-09-09 20:36:55 - [TEST_STEP][PASSED] - orPath_Summary = "Object Repository/RAD_Pages/Summary_Page": null

2023-09-09 20:36:55 - [TEST_STEP][PASSED] - orPath_PaymentReady = "Object Repository/RAD_Pages/PaymentReady_Page": null

2023-09-09 20:36:55 - [TEST_STEP][PASSED] - orPath_PaymentEntry = "Object Repository/RAD_Pages/PaymentEntry_Page": null

2023-09-09 20:36:55 - [TEST_STEP][PASSED] - orPath_PaymentConfirmation = "Object Repository/RAD_Pages/PaymentConfirmation_Page": null

2023-09-09 20:36:55 - [TEST_STEP][PASSED] - orPath_ServiceFeesAccept = "Object Repository/RAD_Pages/ServiceFeeAccept_Page": null

2023-09-09 20:36:55 - [TEST_STEP][PASSED] - selectOptionByLabel(findTestObject(orPath_Landing + "/dd_TaxType"), Paymenttype, false): All options with label 'Extension Payments' are selected in object 'Object Repository/RAD_Pages/Landing_Page/dd_TaxType' 

2023-09-09 20:36:56 - [MESSAGE][PASSED] - All options with label 'Extension Payments' are selected in object 'Object Repository/RAD_Pages/Landing_Page/dd_TaxType' 

2023-09-09 20:36:56 - [TEST_STEP][PASSED] - delay(1): Delayed 1 second(s)

2023-09-09 20:36:57 - [MESSAGE][PASSED] - Delayed 1 second(s)

2023-09-09 20:36:57 - [TEST_STEP][PASSED] - switch (Paymenttype): null

2023-09-09 20:36:57 - [TEST_STEP][PASSED] - case "Extension Payments":: null

2023-09-09 20:36:57 - [TEST_STEP][PASSED] - selectOptionByLabel(findTestObject(orPath_TaxTypeFilingYear + "/select_PaymentType"), Taxtype, false): All options with label 'Fiduciary Tax' are selected in object 'Object Repository/RAD_Pages/TaxTypeFilingYear_Page/select_PaymentType' 

2023-09-09 20:36:58 - [MESSAGE][PASSED] - All options with label 'Fiduciary Tax' are selected in object 'Object Repository/RAD_Pages/TaxTypeFilingYear_Page/select_PaymentType' 

2023-09-09 20:36:58 - [TEST_STEP][PASSED] - break: null

2023-09-09 20:36:58 - [TEST_STEP][PASSED] - delay(1): Delayed 1 second(s)

2023-09-09 20:36:59 - [MESSAGE][PASSED] - Delayed 1 second(s)

2023-09-09 20:36:59 - [TEST_STEP][PASSED] - scrollToElement(findTestObject(orPath_Amount + "/input__paymentAmount"), 2, CONTINUE_ON_FAILURE): Scroll to object 'Object Repository/RAD_Pages/PaymentAmount_Page/input__paymentAmount' successfully

2023-09-09 20:36:59 - [MESSAGE][PASSED] - Scroll to object 'Object Repository/RAD_Pages/PaymentAmount_Page/input__paymentAmount' successfully

2023-09-09 20:36:59 - [TEST_STEP][PASSED] - switch (Paymenttype): null

2023-09-09 20:36:59 - [TEST_STEP][PASSED] - case "Extension Payments":: null

2023-09-09 20:36:59 - [TEST_STEP][PASSED] - setEncryptedText(findTestObject(orPath_TaxInfo + "/input_FederalEIN"), "RigbBhfdqODKcAsiUrg+1Q=="): Text ****** has been set on object 'Object Repository/RAD_Pages/TaxInfo_Page/input_FederalEIN'

2023-09-09 20:37:00 - [MESSAGE][PASSED] - Text ****** has been set on object 'Object Repository/RAD_Pages/TaxInfo_Page/input_FederalEIN'

2023-09-09 20:37:01 - [TEST_STEP][PASSED] - setEncryptedText(findTestObject(orPath_TaxInfo + "/input_FederalEIN_ReEnter"), "RigbBhfdqOBBGbZqm4oFJQ=="): Text ****** has been set on object 'Object Repository/RAD_Pages/TaxInfo_Page/input_FederalEIN_ReEnter'

2023-09-09 20:37:01 - [MESSAGE][PASSED] - Text ****** has been set on object 'Object Repository/RAD_Pages/TaxInfo_Page/input_FederalEIN_ReEnter'

2023-09-09 20:37:01 - [TEST_STEP][PASSED] - break: null

2023-09-09 20:37:01 - [TEST_STEP][PASSED] - setText(findTestObject(orPath_Amount + "/input__paymentAmount"), ""): Text '' is set on object 'Object Repository/RAD_Pages/PaymentAmount_Page/input__paymentAmount'

2023-09-09 20:37:02 - [MESSAGE][PASSED] - Text '' is set on object 'Object Repository/RAD_Pages/PaymentAmount_Page/input__paymentAmount'

2023-09-09 20:37:02 - [TEST_STEP][PASSED] - verifyTextPresent("The FEIN and Re-type FEIN do not match", true): Text 'The FEIN and Re-type FEIN do not match' is present on page  using regular expression

2023-09-09 20:37:03 - [MESSAGE][PASSED] - Text 'The FEIN and Re-type FEIN do not match' is present on page  using regular expression

2023-09-09 20:37:03 - [TEST_STEP][PASSED] - if (verifyTextPresent("The FEIN and Re-type FEIN do not match", true)): null

2023-09-09 20:37:03 - [MESSAGE][PASSED] - Text 'The FEIN and Re-type FEIN do not match' is present on page  using regular expression

2023-09-09 20:37:03 - [TEST_STEP][PASSED] - println("Error Message is present on the page"): null

2023-09-09 20:37:03 - [TEST_STEP][PASSED] - out.println("Pass Record Number: " + row): null

2023-09-09 20:37:03 - [TEST_STEP][PASSED] - resText = "Pass": null

2023-09-09 20:37:03 - [TEST_STEP][PASSED] - pages.WriteExcel.demoKey(resText, datText, resColumn, datCloumn, fileLoc, nameSheet, row): pages.WriteExcel.demoKey is PASSED

2023-09-09 20:37:04 - [MESSAGE][PASSED] - pages.WriteExcel.demoKey is PASSED

2023-09-09 20:37:04 - [TEST_STEP][PASSED] - ExecuteTC = findTestData(dataFile).getValue("Execute", row): null

2023-09-09 20:37:04 - [TEST_STEP][PASSED] - Taxtype = findTestData(dataFile).getValue("TaxType", row): null

2023-09-09 20:37:04 - [TEST_STEP][PASSED] - Paymenttype = findTestData(dataFile).getValue("PaymentType", row): null

2023-09-09 20:37:04 - [TEST_STEP][PASSED] - out.println("Value of Execute is : " + ExecuteTC): null

2023-09-09 20:37:04 - [TEST_STEP][PASSED] - if (ExecuteTC.equalsIgnoreCase("Y")): null

2023-09-09 20:37:04 - [TEST_STEP][PASSED] - out.println("Begin Record Number: " + row): null

2023-09-09 20:37:04 - [TEST_STEP][PASSED] - today = new java.util.Date(): null

2023-09-09 20:37:04 - [TEST_STEP][PASSED] - println(today): null

2023-09-09 20:37:04 - [TEST_STEP][PASSED] - datText = today: null

2023-09-09 20:37:04 - [TEST_STEP][PASSED] - Taxtype = findTestData(dataFile).getValue("TaxType", row): null

2023-09-09 20:37:04 - [TEST_STEP][PASSED] - out.println("Taxtype value is : " + Taxtype): null

2023-09-09 20:37:04 - [TEST_STEP][PASSED] - openBrowser(""): Browser is opened with url: ''

2023-09-09 20:37:04 - [MESSAGE][WARNING] - A browser is already opened. Closing browser and opening a new one

2023-09-09 20:37:05 - [MESSAGE][INFO] - Starting 'Chrome' driver

2023-09-09 20:37:05 - [MESSAGE][INFO] - User set preference: ['acceptInsecureCerts', 'true']

2023-09-09 20:37:05 - [MESSAGE][INFO] - Action delay is set to 0 milliseconds

2023-09-09 20:37:06 - [MESSAGE][PASSED] - Browser is opened with url: ''

2023-09-09 20:37:06 - [TEST_STEP][PASSED] - maximizeWindow(): Current window maximized

2023-09-09 20:37:06 - [MESSAGE][PASSED] - Current window maximized

2023-09-09 20:37:06 - [TEST_STEP][PASSED] - navigateToUrl(RADurl): Navigate to 'https://qa2.velocitypayment.com/client/rad/index.html' successfully

2023-09-09 20:37:08 - [MESSAGE][PASSED] - Navigate to 'https://qa2.velocitypayment.com/client/rad/index.html' successfully

2023-09-09 20:37:08 - [TEST_STEP][PASSED] - orPath_Landing = "Object Repository/RAD_Pages/Landing_Page": null

2023-09-09 20:37:08 - [TEST_STEP][PASSED] - orPath_TaxTypeFilingYear = "Object Repository/RAD_Pages/TaxTypeFilingYear_Page": null

2023-09-09 20:37:08 - [TEST_STEP][PASSED] - orPath_TaxPayer = "Object Repository/RAD_Pages/Taxpayer_Page": null

2023-09-09 20:37:08 - [TEST_STEP][PASSED] - orPath_AddressContact = "Object Repository/RAD_Pages/AddressAndContactInfo_Page": null

2023-09-09 20:37:08 - [TEST_STEP][PASSED] - orPath_FilingStatus = "Object Repository/RAD_Pages/FilingStatus_Page": null

2023-09-09 20:37:08 - [TEST_STEP][PASSED] - orPath_Amount = "Object Repository/RAD_Pages/PaymentAmount_Page": null

2023-09-09 20:37:08 - [TEST_STEP][PASSED] - orPath_TaxInfo = "Object Repository/RAD_Pages/TaxInfo_Page": null

2023-09-09 20:37:08 - [TEST_STEP][PASSED] - orPath_Withholding = "Object Repository/RAD_Pages/Withholding_Page": null

2023-09-09 20:37:08 - [TEST_STEP][PASSED] - orPath_Summary = "Object Repository/RAD_Pages/Summary_Page": null

2023-09-09 20:37:08 - [TEST_STEP][PASSED] - orPath_PaymentReady = "Object Repository/RAD_Pages/PaymentReady_Page": null

2023-09-09 20:37:08 - [TEST_STEP][PASSED] - orPath_PaymentEntry = "Object Repository/RAD_Pages/PaymentEntry_Page": null

2023-09-09 20:37:08 - [TEST_STEP][PASSED] - orPath_PaymentConfirmation = "Object Repository/RAD_Pages/PaymentConfirmation_Page": null

2023-09-09 20:37:08 - [TEST_STEP][PASSED] - orPath_ServiceFeesAccept = "Object Repository/RAD_Pages/ServiceFeeAccept_Page": null

2023-09-09 20:37:08 - [TEST_STEP][PASSED] - selectOptionByLabel(findTestObject(orPath_Landing + "/dd_TaxType"), Paymenttype, false): All options with label 'Extension Payments' are selected in object 'Object Repository/RAD_Pages/Landing_Page/dd_TaxType' 

2023-09-09 20:37:08 - [MESSAGE][PASSED] - All options with label 'Extension Payments' are selected in object 'Object Repository/RAD_Pages/Landing_Page/dd_TaxType' 

2023-09-09 20:37:08 - [TEST_STEP][PASSED] - delay(1): Delayed 1 second(s)

2023-09-09 20:37:09 - [MESSAGE][PASSED] - Delayed 1 second(s)

2023-09-09 20:37:09 - [TEST_STEP][PASSED] - switch (Paymenttype): null

2023-09-09 20:37:09 - [TEST_STEP][PASSED] - case "Extension Payments":: null

2023-09-09 20:37:09 - [TEST_STEP][PASSED] - selectOptionByLabel(findTestObject(orPath_TaxTypeFilingYear + "/select_PaymentType"), Taxtype, false): All options with label 'PTE Non-Electing Non-S Corp' are selected in object 'Object Repository/RAD_Pages/TaxTypeFilingYear_Page/select_PaymentType' 

2023-09-09 20:37:10 - [MESSAGE][PASSED] - All options with label 'PTE Non-Electing Non-S Corp' are selected in object 'Object Repository/RAD_Pages/TaxTypeFilingYear_Page/select_PaymentType' 

2023-09-09 20:37:10 - [TEST_STEP][PASSED] - break: null

2023-09-09 20:37:10 - [TEST_STEP][PASSED] - delay(1): Delayed 1 second(s)

2023-09-09 20:37:11 - [MESSAGE][PASSED] - Delayed 1 second(s)

2023-09-09 20:37:11 - [TEST_STEP][PASSED] - scrollToElement(findTestObject(orPath_Amount + "/input__paymentAmount"), 2, CONTINUE_ON_FAILURE): Scroll to object 'Object Repository/RAD_Pages/PaymentAmount_Page/input__paymentAmount' successfully

2023-09-09 20:37:11 - [MESSAGE][PASSED] - Scroll to object 'Object Repository/RAD_Pages/PaymentAmount_Page/input__paymentAmount' successfully

2023-09-09 20:37:11 - [TEST_STEP][PASSED] - switch (Paymenttype): null

2023-09-09 20:37:11 - [TEST_STEP][PASSED] - case "Extension Payments":: null

2023-09-09 20:37:11 - [TEST_STEP][PASSED] - setEncryptedText(findTestObject(orPath_TaxInfo + "/input_FederalEIN"), "RigbBhfdqODKcAsiUrg+1Q=="): Text ****** has been set on object 'Object Repository/RAD_Pages/TaxInfo_Page/input_FederalEIN'

2023-09-09 20:37:12 - [MESSAGE][PASSED] - Text ****** has been set on object 'Object Repository/RAD_Pages/TaxInfo_Page/input_FederalEIN'

2023-09-09 20:37:13 - [TEST_STEP][PASSED] - setEncryptedText(findTestObject(orPath_TaxInfo + "/input_FederalEIN_ReEnter"), "RigbBhfdqOBBGbZqm4oFJQ=="): Text ****** has been set on object 'Object Repository/RAD_Pages/TaxInfo_Page/input_FederalEIN_ReEnter'

2023-09-09 20:37:14 - [MESSAGE][PASSED] - Text ****** has been set on object 'Object Repository/RAD_Pages/TaxInfo_Page/input_FederalEIN_ReEnter'

2023-09-09 20:37:14 - [TEST_STEP][PASSED] - break: null

2023-09-09 20:37:14 - [TEST_STEP][PASSED] - setText(findTestObject(orPath_Amount + "/input__paymentAmount"), ""): Text '' is set on object 'Object Repository/RAD_Pages/PaymentAmount_Page/input__paymentAmount'

2023-09-09 20:37:14 - [MESSAGE][PASSED] - Text '' is set on object 'Object Repository/RAD_Pages/PaymentAmount_Page/input__paymentAmount'

2023-09-09 20:37:14 - [TEST_STEP][PASSED] - verifyTextPresent("The FEIN and Re-type FEIN do not match", true): Text 'The FEIN and Re-type FEIN do not match' is present on page  using regular expression

2023-09-09 20:37:15 - [MESSAGE][PASSED] - Text 'The FEIN and Re-type FEIN do not match' is present on page  using regular expression

2023-09-09 20:37:15 - [TEST_STEP][PASSED] - if (verifyTextPresent("The FEIN and Re-type FEIN do not match", true)): null

2023-09-09 20:37:16 - [MESSAGE][PASSED] - Text 'The FEIN and Re-type FEIN do not match' is present on page  using regular expression

2023-09-09 20:37:16 - [TEST_STEP][PASSED] - println("Error Message is present on the page"): null

2023-09-09 20:37:16 - [TEST_STEP][PASSED] - out.println("Pass Record Number: " + row): null

2023-09-09 20:37:16 - [TEST_STEP][PASSED] - resText = "Pass": null

2023-09-09 20:37:16 - [TEST_STEP][PASSED] - pages.WriteExcel.demoKey(resText, datText, resColumn, datCloumn, fileLoc, nameSheet, row): pages.WriteExcel.demoKey is PASSED

2023-09-09 20:37:16 - [MESSAGE][PASSED] - pages.WriteExcel.demoKey is PASSED

2023-09-09 20:37:16 - [TEST_STEP][PASSED] - ExecuteTC = findTestData(dataFile).getValue("Execute", row): null

2023-09-09 20:37:16 - [TEST_STEP][PASSED] - Taxtype = findTestData(dataFile).getValue("TaxType", row): null

2023-09-09 20:37:16 - [TEST_STEP][PASSED] - Paymenttype = findTestData(dataFile).getValue("PaymentType", row): null

2023-09-09 20:37:16 - [TEST_STEP][PASSED] - out.println("Value of Execute is : " + ExecuteTC): null

2023-09-09 20:37:16 - [TEST_STEP][PASSED] - if (ExecuteTC.equalsIgnoreCase("Y")): null

2023-09-09 20:37:16 - [TEST_STEP][PASSED] - out.println("Begin Record Number: " + row): null

2023-09-09 20:37:16 - [TEST_STEP][PASSED] - today = new java.util.Date(): null

2023-09-09 20:37:16 - [TEST_STEP][PASSED] - println(today): null

2023-09-09 20:37:16 - [TEST_STEP][PASSED] - datText = today: null

2023-09-09 20:37:16 - [TEST_STEP][PASSED] - Taxtype = findTestData(dataFile).getValue("TaxType", row): null

2023-09-09 20:37:16 - [TEST_STEP][PASSED] - out.println("Taxtype value is : " + Taxtype): null

2023-09-09 20:37:16 - [TEST_STEP][PASSED] - openBrowser(""): Browser is opened with url: ''

2023-09-09 20:37:16 - [MESSAGE][WARNING] - A browser is already opened. Closing browser and opening a new one

2023-09-09 20:37:17 - [MESSAGE][INFO] - Starting 'Chrome' driver

2023-09-09 20:37:17 - [MESSAGE][INFO] - User set preference: ['acceptInsecureCerts', 'true']

2023-09-09 20:37:17 - [MESSAGE][INFO] - Action delay is set to 0 milliseconds

2023-09-09 20:37:18 - [MESSAGE][PASSED] - Browser is opened with url: ''

2023-09-09 20:37:18 - [TEST_STEP][PASSED] - maximizeWindow(): Current window maximized

2023-09-09 20:37:18 - [MESSAGE][PASSED] - Current window maximized

2023-09-09 20:37:18 - [TEST_STEP][PASSED] - navigateToUrl(RADurl): Navigate to 'https://qa2.velocitypayment.com/client/rad/index.html' successfully

2023-09-09 20:37:20 - [MESSAGE][PASSED] - Navigate to 'https://qa2.velocitypayment.com/client/rad/index.html' successfully

2023-09-09 20:37:20 - [TEST_STEP][PASSED] - orPath_Landing = "Object Repository/RAD_Pages/Landing_Page": null

2023-09-09 20:37:20 - [TEST_STEP][PASSED] - orPath_TaxTypeFilingYear = "Object Repository/RAD_Pages/TaxTypeFilingYear_Page": null

2023-09-09 20:37:20 - [TEST_STEP][PASSED] - orPath_TaxPayer = "Object Repository/RAD_Pages/Taxpayer_Page": null

2023-09-09 20:37:20 - [TEST_STEP][PASSED] - orPath_AddressContact = "Object Repository/RAD_Pages/AddressAndContactInfo_Page": null

2023-09-09 20:37:20 - [TEST_STEP][PASSED] - orPath_FilingStatus = "Object Repository/RAD_Pages/FilingStatus_Page": null

2023-09-09 20:37:20 - [TEST_STEP][PASSED] - orPath_Amount = "Object Repository/RAD_Pages/PaymentAmount_Page": null

2023-09-09 20:37:20 - [TEST_STEP][PASSED] - orPath_TaxInfo = "Object Repository/RAD_Pages/TaxInfo_Page": null

2023-09-09 20:37:20 - [TEST_STEP][PASSED] - orPath_Withholding = "Object Repository/RAD_Pages/Withholding_Page": null

2023-09-09 20:37:20 - [TEST_STEP][PASSED] - orPath_Summary = "Object Repository/RAD_Pages/Summary_Page": null

2023-09-09 20:37:20 - [TEST_STEP][PASSED] - orPath_PaymentReady = "Object Repository/RAD_Pages/PaymentReady_Page": null

2023-09-09 20:37:20 - [TEST_STEP][PASSED] - orPath_PaymentEntry = "Object Repository/RAD_Pages/PaymentEntry_Page": null

2023-09-09 20:37:20 - [TEST_STEP][PASSED] - orPath_PaymentConfirmation = "Object Repository/RAD_Pages/PaymentConfirmation_Page": null

2023-09-09 20:37:20 - [TEST_STEP][PASSED] - orPath_ServiceFeesAccept = "Object Repository/RAD_Pages/ServiceFeeAccept_Page": null

2023-09-09 20:37:20 - [TEST_STEP][PASSED] - selectOptionByLabel(findTestObject(orPath_Landing + "/dd_TaxType"), Paymenttype, false): All options with label 'Extension Payments' are selected in object 'Object Repository/RAD_Pages/Landing_Page/dd_TaxType' 

2023-09-09 20:37:20 - [MESSAGE][PASSED] - All options with label 'Extension Payments' are selected in object 'Object Repository/RAD_Pages/Landing_Page/dd_TaxType' 

2023-09-09 20:37:20 - [TEST_STEP][PASSED] - delay(1): Delayed 1 second(s)

2023-09-09 20:37:21 - [MESSAGE][PASSED] - Delayed 1 second(s)

2023-09-09 20:37:21 - [TEST_STEP][PASSED] - switch (Paymenttype): null

2023-09-09 20:37:21 - [TEST_STEP][PASSED] - case "Extension Payments":: null

2023-09-09 20:37:21 - [TEST_STEP][PASSED] - selectOptionByLabel(findTestObject(orPath_TaxTypeFilingYear + "/select_PaymentType"), Taxtype, false): All options with label 'PTE Non-Electing S Corp' are selected in object 'Object Repository/RAD_Pages/TaxTypeFilingYear_Page/select_PaymentType' 

2023-09-09 20:37:22 - [MESSAGE][PASSED] - All options with label 'PTE Non-Electing S Corp' are selected in object 'Object Repository/RAD_Pages/TaxTypeFilingYear_Page/select_PaymentType' 

2023-09-09 20:37:22 - [TEST_STEP][PASSED] - break: null

2023-09-09 20:37:22 - [TEST_STEP][PASSED] - delay(1): Delayed 1 second(s)

2023-09-09 20:37:23 - [MESSAGE][PASSED] - Delayed 1 second(s)

2023-09-09 20:37:23 - [TEST_STEP][PASSED] - scrollToElement(findTestObject(orPath_Amount + "/input__paymentAmount"), 2, CONTINUE_ON_FAILURE): Scroll to object 'Object Repository/RAD_Pages/PaymentAmount_Page/input__paymentAmount' successfully

2023-09-09 20:37:23 - [MESSAGE][PASSED] - Scroll to object 'Object Repository/RAD_Pages/PaymentAmount_Page/input__paymentAmount' successfully

2023-09-09 20:37:23 - [TEST_STEP][PASSED] - switch (Paymenttype): null

2023-09-09 20:37:23 - [TEST_STEP][PASSED] - case "Extension Payments":: null

2023-09-09 20:37:23 - [TEST_STEP][PASSED] - setEncryptedText(findTestObject(orPath_TaxInfo + "/input_FederalEIN"), "RigbBhfdqODKcAsiUrg+1Q=="): Text ****** has been set on object 'Object Repository/RAD_Pages/TaxInfo_Page/input_FederalEIN'

2023-09-09 20:37:24 - [MESSAGE][PASSED] - Text ****** has been set on object 'Object Repository/RAD_Pages/TaxInfo_Page/input_FederalEIN'

2023-09-09 20:37:25 - [TEST_STEP][PASSED] - setEncryptedText(findTestObject(orPath_TaxInfo + "/input_FederalEIN_ReEnter"), "RigbBhfdqOBBGbZqm4oFJQ=="): Text ****** has been set on object 'Object Repository/RAD_Pages/TaxInfo_Page/input_FederalEIN_ReEnter'

2023-09-09 20:37:26 - [MESSAGE][PASSED] - Text ****** has been set on object 'Object Repository/RAD_Pages/TaxInfo_Page/input_FederalEIN_ReEnter'

2023-09-09 20:37:26 - [TEST_STEP][PASSED] - break: null

2023-09-09 20:37:26 - [TEST_STEP][PASSED] - setText(findTestObject(orPath_Amount + "/input__paymentAmount"), ""): Text '' is set on object 'Object Repository/RAD_Pages/PaymentAmount_Page/input__paymentAmount'

2023-09-09 20:37:26 - [MESSAGE][PASSED] - Text '' is set on object 'Object Repository/RAD_Pages/PaymentAmount_Page/input__paymentAmount'

2023-09-09 20:37:26 - [TEST_STEP][PASSED] - verifyTextPresent("The FEIN and Re-type FEIN do not match", true): Text 'The FEIN and Re-type FEIN do not match' is present on page  using regular expression

2023-09-09 20:37:27 - [MESSAGE][PASSED] - Text 'The FEIN and Re-type FEIN do not match' is present on page  using regular expression

2023-09-09 20:37:27 - [TEST_STEP][PASSED] - if (verifyTextPresent("The FEIN and Re-type FEIN do not match", true)): null

2023-09-09 20:37:27 - [MESSAGE][PASSED] - Text 'The FEIN and Re-type FEIN do not match' is present on page  using regular expression

2023-09-09 20:37:27 - [TEST_STEP][PASSED] - println("Error Message is present on the page"): null

2023-09-09 20:37:27 - [TEST_STEP][PASSED] - out.println("Pass Record Number: " + row): null

2023-09-09 20:37:27 - [TEST_STEP][PASSED] - resText = "Pass": null

2023-09-09 20:37:27 - [TEST_STEP][PASSED] - pages.WriteExcel.demoKey(resText, datText, resColumn, datCloumn, fileLoc, nameSheet, row): pages.WriteExcel.demoKey is PASSED

2023-09-09 20:37:27 - [MESSAGE][PASSED] - pages.WriteExcel.demoKey is PASSED

2023-09-09 20:37:27 - [TEST_STEP][PASSED] - ExecuteTC = findTestData(dataFile).getValue("Execute", row): null

2023-09-09 20:37:28 - [TEST_STEP][PASSED] - Taxtype = findTestData(dataFile).getValue("TaxType", row): null

2023-09-09 20:37:28 - [TEST_STEP][PASSED] - Paymenttype = findTestData(dataFile).getValue("PaymentType", row): null

2023-09-09 20:37:28 - [TEST_STEP][PASSED] - out.println("Value of Execute is : " + ExecuteTC): null

2023-09-09 20:37:28 - [TEST_STEP][PASSED] - if (ExecuteTC.equalsIgnoreCase("Y")): null

2023-09-09 20:37:28 - [TEST_STEP][PASSED] - out.println("Begin Record Number: " + row): null

2023-09-09 20:37:28 - [TEST_STEP][PASSED] - today = new java.util.Date(): null

2023-09-09 20:37:28 - [TEST_STEP][PASSED] - println(today): null

2023-09-09 20:37:28 - [TEST_STEP][PASSED] - datText = today: null

2023-09-09 20:37:28 - [TEST_STEP][PASSED] - Taxtype = findTestData(dataFile).getValue("TaxType", row): null

2023-09-09 20:37:28 - [TEST_STEP][PASSED] - out.println("Taxtype value is : " + Taxtype): null

2023-09-09 20:37:28 - [TEST_STEP][PASSED] - openBrowser(""): Browser is opened with url: ''

2023-09-09 20:37:28 - [MESSAGE][WARNING] - A browser is already opened. Closing browser and opening a new one

2023-09-09 20:37:29 - [MESSAGE][INFO] - Starting 'Chrome' driver

2023-09-09 20:37:29 - [MESSAGE][INFO] - User set preference: ['acceptInsecureCerts', 'true']

2023-09-09 20:37:29 - [MESSAGE][INFO] - Action delay is set to 0 milliseconds

2023-09-09 20:37:30 - [MESSAGE][PASSED] - Browser is opened with url: ''

2023-09-09 20:37:30 - [TEST_STEP][PASSED] - maximizeWindow(): Current window maximized

2023-09-09 20:37:30 - [MESSAGE][PASSED] - Current window maximized

2023-09-09 20:37:30 - [TEST_STEP][PASSED] - navigateToUrl(RADurl): Navigate to 'https://qa2.velocitypayment.com/client/rad/index.html' successfully

2023-09-09 20:37:32 - [MESSAGE][PASSED] - Navigate to 'https://qa2.velocitypayment.com/client/rad/index.html' successfully

2023-09-09 20:37:32 - [TEST_STEP][PASSED] - orPath_Landing = "Object Repository/RAD_Pages/Landing_Page": null

2023-09-09 20:37:32 - [TEST_STEP][PASSED] - orPath_TaxTypeFilingYear = "Object Repository/RAD_Pages/TaxTypeFilingYear_Page": null

2023-09-09 20:37:32 - [TEST_STEP][PASSED] - orPath_TaxPayer = "Object Repository/RAD_Pages/Taxpayer_Page": null

2023-09-09 20:37:32 - [TEST_STEP][PASSED] - orPath_AddressContact = "Object Repository/RAD_Pages/AddressAndContactInfo_Page": null

2023-09-09 20:37:32 - [TEST_STEP][PASSED] - orPath_FilingStatus = "Object Repository/RAD_Pages/FilingStatus_Page": null

2023-09-09 20:37:32 - [TEST_STEP][PASSED] - orPath_Amount = "Object Repository/RAD_Pages/PaymentAmount_Page": null

2023-09-09 20:37:32 - [TEST_STEP][PASSED] - orPath_TaxInfo = "Object Repository/RAD_Pages/TaxInfo_Page": null

2023-09-09 20:37:32 - [TEST_STEP][PASSED] - orPath_Withholding = "Object Repository/RAD_Pages/Withholding_Page": null

2023-09-09 20:37:32 - [TEST_STEP][PASSED] - orPath_Summary = "Object Repository/RAD_Pages/Summary_Page": null

2023-09-09 20:37:32 - [TEST_STEP][PASSED] - orPath_PaymentReady = "Object Repository/RAD_Pages/PaymentReady_Page": null

2023-09-09 20:37:32 - [TEST_STEP][PASSED] - orPath_PaymentEntry = "Object Repository/RAD_Pages/PaymentEntry_Page": null

2023-09-09 20:37:32 - [TEST_STEP][PASSED] - orPath_PaymentConfirmation = "Object Repository/RAD_Pages/PaymentConfirmation_Page": null

2023-09-09 20:37:32 - [TEST_STEP][PASSED] - orPath_ServiceFeesAccept = "Object Repository/RAD_Pages/ServiceFeeAccept_Page": null

2023-09-09 20:37:32 - [TEST_STEP][PASSED] - selectOptionByLabel(findTestObject(orPath_Landing + "/dd_TaxType"), Paymenttype, false): All options with label 'Extension Payments' are selected in object 'Object Repository/RAD_Pages/Landing_Page/dd_TaxType' 

2023-09-09 20:37:32 - [MESSAGE][PASSED] - All options with label 'Extension Payments' are selected in object 'Object Repository/RAD_Pages/Landing_Page/dd_TaxType' 

2023-09-09 20:37:32 - [TEST_STEP][PASSED] - delay(1): Delayed 1 second(s)

2023-09-09 20:37:33 - [MESSAGE][PASSED] - Delayed 1 second(s)

2023-09-09 20:37:33 - [TEST_STEP][PASSED] - switch (Paymenttype): null

2023-09-09 20:37:33 - [TEST_STEP][PASSED] - case "Extension Payments":: null

2023-09-09 20:37:33 - [TEST_STEP][PASSED] - selectOptionByLabel(findTestObject(orPath_TaxTypeFilingYear + "/select_PaymentType"), Taxtype, false): All options with label 'PTE Tax Electing Non-S Corp' are selected in object 'Object Repository/RAD_Pages/TaxTypeFilingYear_Page/select_PaymentType' 

2023-09-09 20:37:34 - [MESSAGE][PASSED] - All options with label 'PTE Tax Electing Non-S Corp' are selected in object 'Object Repository/RAD_Pages/TaxTypeFilingYear_Page/select_PaymentType' 

2023-09-09 20:37:34 - [TEST_STEP][PASSED] - break: null

2023-09-09 20:37:34 - [TEST_STEP][PASSED] - delay(1): Delayed 1 second(s)

2023-09-09 20:37:35 - [MESSAGE][PASSED] - Delayed 1 second(s)

2023-09-09 20:37:35 - [TEST_STEP][PASSED] - scrollToElement(findTestObject(orPath_Amount + "/input__paymentAmount"), 2, CONTINUE_ON_FAILURE): Scroll to object 'Object Repository/RAD_Pages/PaymentAmount_Page/input__paymentAmount' successfully

2023-09-09 20:37:35 - [MESSAGE][PASSED] - Scroll to object 'Object Repository/RAD_Pages/PaymentAmount_Page/input__paymentAmount' successfully

2023-09-09 20:37:35 - [TEST_STEP][PASSED] - switch (Paymenttype): null

2023-09-09 20:37:35 - [TEST_STEP][PASSED] - case "Extension Payments":: null

2023-09-09 20:37:35 - [TEST_STEP][PASSED] - setEncryptedText(findTestObject(orPath_TaxInfo + "/input_FederalEIN"), "RigbBhfdqODKcAsiUrg+1Q=="): Text ****** has been set on object 'Object Repository/RAD_Pages/TaxInfo_Page/input_FederalEIN'

2023-09-09 20:37:36 - [MESSAGE][PASSED] - Text ****** has been set on object 'Object Repository/RAD_Pages/TaxInfo_Page/input_FederalEIN'

2023-09-09 20:37:37 - [TEST_STEP][PASSED] - setEncryptedText(findTestObject(orPath_TaxInfo + "/input_FederalEIN_ReEnter"), "RigbBhfdqOBBGbZqm4oFJQ=="): Text ****** has been set on object 'Object Repository/RAD_Pages/TaxInfo_Page/input_FederalEIN_ReEnter'

2023-09-09 20:37:38 - [MESSAGE][PASSED] - Text ****** has been set on object 'Object Repository/RAD_Pages/TaxInfo_Page/input_FederalEIN_ReEnter'

2023-09-09 20:37:38 - [TEST_STEP][PASSED] - break: null

2023-09-09 20:37:38 - [TEST_STEP][PASSED] - setText(findTestObject(orPath_Amount + "/input__paymentAmount"), ""): Text '' is set on object 'Object Repository/RAD_Pages/PaymentAmount_Page/input__paymentAmount'

2023-09-09 20:37:38 - [MESSAGE][PASSED] - Text '' is set on object 'Object Repository/RAD_Pages/PaymentAmount_Page/input__paymentAmount'

2023-09-09 20:37:38 - [TEST_STEP][PASSED] - verifyTextPresent("The FEIN and Re-type FEIN do not match", true): Text 'The FEIN and Re-type FEIN do not match' is present on page  using regular expression

2023-09-09 20:37:39 - [MESSAGE][PASSED] - Text 'The FEIN and Re-type FEIN do not match' is present on page  using regular expression

2023-09-09 20:37:39 - [TEST_STEP][PASSED] - if (verifyTextPresent("The FEIN and Re-type FEIN do not match", true)): null

2023-09-09 20:37:40 - [MESSAGE][PASSED] - Text 'The FEIN and Re-type FEIN do not match' is present on page  using regular expression

2023-09-09 20:37:40 - [TEST_STEP][PASSED] - println("Error Message is present on the page"): null

2023-09-09 20:37:40 - [TEST_STEP][PASSED] - out.println("Pass Record Number: " + row): null

2023-09-09 20:37:40 - [TEST_STEP][PASSED] - resText = "Pass": null

2023-09-09 20:37:40 - [TEST_STEP][PASSED] - pages.WriteExcel.demoKey(resText, datText, resColumn, datCloumn, fileLoc, nameSheet, row): pages.WriteExcel.demoKey is PASSED

2023-09-09 20:37:40 - [MESSAGE][PASSED] - pages.WriteExcel.demoKey is PASSED

2023-09-09 20:37:40 - [TEST_STEP][PASSED] - ExecuteTC = findTestData(dataFile).getValue("Execute", row): null

2023-09-09 20:37:40 - [TEST_STEP][PASSED] - Taxtype = findTestData(dataFile).getValue("TaxType", row): null

2023-09-09 20:37:40 - [TEST_STEP][PASSED] - Paymenttype = findTestData(dataFile).getValue("PaymentType", row): null

2023-09-09 20:37:40 - [TEST_STEP][PASSED] - out.println("Value of Execute is : " + ExecuteTC): null

2023-09-09 20:37:40 - [TEST_STEP][PASSED] - if (ExecuteTC.equalsIgnoreCase("Y")): null

2023-09-09 20:37:40 - [TEST_STEP][PASSED] - out.println("Begin Record Number: " + row): null

2023-09-09 20:37:40 - [TEST_STEP][PASSED] - today = new java.util.Date(): null

2023-09-09 20:37:40 - [TEST_STEP][PASSED] - println(today): null

2023-09-09 20:37:40 - [TEST_STEP][PASSED] - datText = today: null

2023-09-09 20:37:40 - [TEST_STEP][PASSED] - Taxtype = findTestData(dataFile).getValue("TaxType", row): null

2023-09-09 20:37:40 - [TEST_STEP][PASSED] - out.println("Taxtype value is : " + Taxtype): null

2023-09-09 20:37:40 - [TEST_STEP][PASSED] - openBrowser(""): Browser is opened with url: ''

2023-09-09 20:37:40 - [MESSAGE][WARNING] - A browser is already opened. Closing browser and opening a new one

2023-09-09 20:37:41 - [MESSAGE][INFO] - Starting 'Chrome' driver

2023-09-09 20:37:41 - [MESSAGE][INFO] - User set preference: ['acceptInsecureCerts', 'true']

2023-09-09 20:37:41 - [MESSAGE][INFO] - Action delay is set to 0 milliseconds

2023-09-09 20:37:42 - [MESSAGE][PASSED] - Browser is opened with url: ''

2023-09-09 20:37:42 - [TEST_STEP][PASSED] - maximizeWindow(): Current window maximized

2023-09-09 20:37:42 - [MESSAGE][PASSED] - Current window maximized

2023-09-09 20:37:42 - [TEST_STEP][PASSED] - navigateToUrl(RADurl): Navigate to 'https://qa2.velocitypayment.com/client/rad/index.html' successfully

2023-09-09 20:37:44 - [MESSAGE][PASSED] - Navigate to 'https://qa2.velocitypayment.com/client/rad/index.html' successfully

2023-09-09 20:37:44 - [TEST_STEP][PASSED] - orPath_Landing = "Object Repository/RAD_Pages/Landing_Page": null

2023-09-09 20:37:44 - [TEST_STEP][PASSED] - orPath_TaxTypeFilingYear = "Object Repository/RAD_Pages/TaxTypeFilingYear_Page": null

2023-09-09 20:37:44 - [TEST_STEP][PASSED] - orPath_TaxPayer = "Object Repository/RAD_Pages/Taxpayer_Page": null

2023-09-09 20:37:44 - [TEST_STEP][PASSED] - orPath_AddressContact = "Object Repository/RAD_Pages/AddressAndContactInfo_Page": null

2023-09-09 20:37:44 - [TEST_STEP][PASSED] - orPath_FilingStatus = "Object Repository/RAD_Pages/FilingStatus_Page": null

2023-09-09 20:37:44 - [TEST_STEP][PASSED] - orPath_Amount = "Object Repository/RAD_Pages/PaymentAmount_Page": null

2023-09-09 20:37:44 - [TEST_STEP][PASSED] - orPath_TaxInfo = "Object Repository/RAD_Pages/TaxInfo_Page": null

2023-09-09 20:37:44 - [TEST_STEP][PASSED] - orPath_Withholding = "Object Repository/RAD_Pages/Withholding_Page": null

2023-09-09 20:37:44 - [TEST_STEP][PASSED] - orPath_Summary = "Object Repository/RAD_Pages/Summary_Page": null

2023-09-09 20:37:44 - [TEST_STEP][PASSED] - orPath_PaymentReady = "Object Repository/RAD_Pages/PaymentReady_Page": null

2023-09-09 20:37:44 - [TEST_STEP][PASSED] - orPath_PaymentEntry = "Object Repository/RAD_Pages/PaymentEntry_Page": null

2023-09-09 20:37:44 - [TEST_STEP][PASSED] - orPath_PaymentConfirmation = "Object Repository/RAD_Pages/PaymentConfirmation_Page": null

2023-09-09 20:37:44 - [TEST_STEP][PASSED] - orPath_ServiceFeesAccept = "Object Repository/RAD_Pages/ServiceFeeAccept_Page": null

2023-09-09 20:37:44 - [TEST_STEP][PASSED] - selectOptionByLabel(findTestObject(orPath_Landing + "/dd_TaxType"), Paymenttype, false): All options with label 'Extension Payments' are selected in object 'Object Repository/RAD_Pages/Landing_Page/dd_TaxType' 

2023-09-09 20:37:44 - [MESSAGE][PASSED] - All options with label 'Extension Payments' are selected in object 'Object Repository/RAD_Pages/Landing_Page/dd_TaxType' 

2023-09-09 20:37:44 - [TEST_STEP][PASSED] - delay(1): Delayed 1 second(s)

2023-09-09 20:37:45 - [MESSAGE][PASSED] - Delayed 1 second(s)

2023-09-09 20:37:45 - [TEST_STEP][PASSED] - switch (Paymenttype): null

2023-09-09 20:37:45 - [TEST_STEP][PASSED] - case "Extension Payments":: null

2023-09-09 20:37:45 - [TEST_STEP][PASSED] - selectOptionByLabel(findTestObject(orPath_TaxTypeFilingYear + "/select_PaymentType"), Taxtype, false): All options with label 'PTE Tax Electing S Corp' are selected in object 'Object Repository/RAD_Pages/TaxTypeFilingYear_Page/select_PaymentType' 

2023-09-09 20:37:46 - [MESSAGE][PASSED] - All options with label 'PTE Tax Electing S Corp' are selected in object 'Object Repository/RAD_Pages/TaxTypeFilingYear_Page/select_PaymentType' 

2023-09-09 20:37:46 - [TEST_STEP][PASSED] - break: null

2023-09-09 20:37:46 - [TEST_STEP][PASSED] - delay(1): Delayed 1 second(s)

2023-09-09 20:37:47 - [MESSAGE][PASSED] - Delayed 1 second(s)

2023-09-09 20:37:47 - [TEST_STEP][PASSED] - scrollToElement(findTestObject(orPath_Amount + "/input__paymentAmount"), 2, CONTINUE_ON_FAILURE): Scroll to object 'Object Repository/RAD_Pages/PaymentAmount_Page/input__paymentAmount' successfully

2023-09-09 20:37:48 - [MESSAGE][PASSED] - Scroll to object 'Object Repository/RAD_Pages/PaymentAmount_Page/input__paymentAmount' successfully

2023-09-09 20:37:48 - [TEST_STEP][PASSED] - switch (Paymenttype): null

2023-09-09 20:37:48 - [TEST_STEP][PASSED] - case "Extension Payments":: null

2023-09-09 20:37:48 - [TEST_STEP][PASSED] - setEncryptedText(findTestObject(orPath_TaxInfo + "/input_FederalEIN"), "RigbBhfdqODKcAsiUrg+1Q=="): Text ****** has been set on object 'Object Repository/RAD_Pages/TaxInfo_Page/input_FederalEIN'

2023-09-09 20:37:48 - [MESSAGE][PASSED] - Text ****** has been set on object 'Object Repository/RAD_Pages/TaxInfo_Page/input_FederalEIN'

2023-09-09 20:37:49 - [TEST_STEP][PASSED] - setEncryptedText(findTestObject(orPath_TaxInfo + "/input_FederalEIN_ReEnter"), "RigbBhfdqOBBGbZqm4oFJQ=="): Text ****** has been set on object 'Object Repository/RAD_Pages/TaxInfo_Page/input_FederalEIN_ReEnter'

2023-09-09 20:37:50 - [MESSAGE][PASSED] - Text ****** has been set on object 'Object Repository/RAD_Pages/TaxInfo_Page/input_FederalEIN_ReEnter'

2023-09-09 20:37:50 - [TEST_STEP][PASSED] - break: null

2023-09-09 20:37:50 - [TEST_STEP][PASSED] - setText(findTestObject(orPath_Amount + "/input__paymentAmount"), ""): Text '' is set on object 'Object Repository/RAD_Pages/PaymentAmount_Page/input__paymentAmount'

2023-09-09 20:37:50 - [MESSAGE][PASSED] - Text '' is set on object 'Object Repository/RAD_Pages/PaymentAmount_Page/input__paymentAmount'

2023-09-09 20:37:50 - [TEST_STEP][PASSED] - verifyTextPresent("The FEIN and Re-type FEIN do not match", true): Text 'The FEIN and Re-type FEIN do not match' is present on page  using regular expression

2023-09-09 20:37:51 - [MESSAGE][PASSED] - Text 'The FEIN and Re-type FEIN do not match' is present on page  using regular expression

2023-09-09 20:37:51 - [TEST_STEP][PASSED] - if (verifyTextPresent("The FEIN and Re-type FEIN do not match", true)): null

2023-09-09 20:37:52 - [MESSAGE][PASSED] - Text 'The FEIN and Re-type FEIN do not match' is present on page  using regular expression

2023-09-09 20:37:52 - [TEST_STEP][PASSED] - println("Error Message is present on the page"): null

2023-09-09 20:37:52 - [TEST_STEP][PASSED] - out.println("Pass Record Number: " + row): null

2023-09-09 20:37:52 - [TEST_STEP][PASSED] - resText = "Pass": null

2023-09-09 20:37:52 - [TEST_STEP][PASSED] - pages.WriteExcel.demoKey(resText, datText, resColumn, datCloumn, fileLoc, nameSheet, row): pages.WriteExcel.demoKey is PASSED

2023-09-09 20:37:52 - [MESSAGE][PASSED] - pages.WriteExcel.demoKey is PASSED

2023-09-09 20:37:52 - [TEST_STEP][PASSED] - ExecuteTC = findTestData(dataFile).getValue("Execute", row): null

2023-09-09 20:37:52 - [TEST_STEP][PASSED] - Taxtype = findTestData(dataFile).getValue("TaxType", row): null

2023-09-09 20:37:52 - [TEST_STEP][PASSED] - Paymenttype = findTestData(dataFile).getValue("PaymentType", row): null

2023-09-09 20:37:52 - [TEST_STEP][PASSED] - out.println("Value of Execute is : " + ExecuteTC): null

2023-09-09 20:37:52 - [TEST_STEP][PASSED] - if (ExecuteTC.equalsIgnoreCase("Y")): null

2023-09-09 20:37:52 - [TEST_STEP][PASSED] - out.println("Begin Record Number: " + row): null

2023-09-09 20:37:52 - [TEST_STEP][PASSED] - today = new java.util.Date(): null

2023-09-09 20:37:52 - [TEST_STEP][PASSED] - println(today): null

2023-09-09 20:37:52 - [TEST_STEP][PASSED] - datText = today: null

2023-09-09 20:37:52 - [TEST_STEP][PASSED] - Taxtype = findTestData(dataFile).getValue("TaxType", row): null

2023-09-09 20:37:52 - [TEST_STEP][PASSED] - out.println("Taxtype value is : " + Taxtype): null

2023-09-09 20:37:52 - [TEST_STEP][PASSED] - openBrowser(""): Browser is opened with url: ''

2023-09-09 20:37:52 - [MESSAGE][WARNING] - A browser is already opened. Closing browser and opening a new one

2023-09-09 20:37:53 - [MESSAGE][INFO] - Starting 'Chrome' driver

2023-09-09 20:37:53 - [MESSAGE][INFO] - User set preference: ['acceptInsecureCerts', 'true']

2023-09-09 20:37:53 - [MESSAGE][INFO] - Action delay is set to 0 milliseconds

2023-09-09 20:37:54 - [MESSAGE][PASSED] - Browser is opened with url: ''

2023-09-09 20:37:54 - [TEST_STEP][PASSED] - maximizeWindow(): Current window maximized

2023-09-09 20:37:54 - [MESSAGE][PASSED] - Current window maximized

2023-09-09 20:37:54 - [TEST_STEP][PASSED] - navigateToUrl(RADurl): Navigate to 'https://qa2.velocitypayment.com/client/rad/index.html' successfully

2023-09-09 20:37:57 - [MESSAGE][PASSED] - Navigate to 'https://qa2.velocitypayment.com/client/rad/index.html' successfully

2023-09-09 20:37:57 - [TEST_STEP][PASSED] - orPath_Landing = "Object Repository/RAD_Pages/Landing_Page": null

2023-09-09 20:37:57 - [TEST_STEP][PASSED] - orPath_TaxTypeFilingYear = "Object Repository/RAD_Pages/TaxTypeFilingYear_Page": null

2023-09-09 20:37:57 - [TEST_STEP][PASSED] - orPath_TaxPayer = "Object Repository/RAD_Pages/Taxpayer_Page": null

2023-09-09 20:37:57 - [TEST_STEP][PASSED] - orPath_AddressContact = "Object Repository/RAD_Pages/AddressAndContactInfo_Page": null

2023-09-09 20:37:57 - [TEST_STEP][PASSED] - orPath_FilingStatus = "Object Repository/RAD_Pages/FilingStatus_Page": null

2023-09-09 20:37:57 - [TEST_STEP][PASSED] - orPath_Amount = "Object Repository/RAD_Pages/PaymentAmount_Page": null

2023-09-09 20:37:57 - [TEST_STEP][PASSED] - orPath_TaxInfo = "Object Repository/RAD_Pages/TaxInfo_Page": null

2023-09-09 20:37:57 - [TEST_STEP][PASSED] - orPath_Withholding = "Object Repository/RAD_Pages/Withholding_Page": null

2023-09-09 20:37:57 - [TEST_STEP][PASSED] - orPath_Summary = "Object Repository/RAD_Pages/Summary_Page": null

2023-09-09 20:37:57 - [TEST_STEP][PASSED] - orPath_PaymentReady = "Object Repository/RAD_Pages/PaymentReady_Page": null

2023-09-09 20:37:57 - [TEST_STEP][PASSED] - orPath_PaymentEntry = "Object Repository/RAD_Pages/PaymentEntry_Page": null

2023-09-09 20:37:57 - [TEST_STEP][PASSED] - orPath_PaymentConfirmation = "Object Repository/RAD_Pages/PaymentConfirmation_Page": null

2023-09-09 20:37:57 - [TEST_STEP][PASSED] - orPath_ServiceFeesAccept = "Object Repository/RAD_Pages/ServiceFeeAccept_Page": null

2023-09-09 20:37:57 - [TEST_STEP][PASSED] - selectOptionByLabel(findTestObject(orPath_Landing + "/dd_TaxType"), Paymenttype, false): All options with label 'New Tax Return Amount Due' are selected in object 'Object Repository/RAD_Pages/Landing_Page/dd_TaxType' 

2023-09-09 20:37:57 - [MESSAGE][PASSED] - All options with label 'New Tax Return Amount Due' are selected in object 'Object Repository/RAD_Pages/Landing_Page/dd_TaxType' 

2023-09-09 20:37:57 - [TEST_STEP][PASSED] - delay(1): Delayed 1 second(s)

2023-09-09 20:37:58 - [MESSAGE][PASSED] - Delayed 1 second(s)

2023-09-09 20:37:58 - [TEST_STEP][PASSED] - switch (Paymenttype): null

2023-09-09 20:37:58 - [TEST_STEP][PASSED] - case "New Tax Return Amount Due":: null

2023-09-09 20:37:58 - [TEST_STEP][PASSED] - selectOptionByLabel(findTestObject("Object Repository/RAD_Pages/Landing_Page/select_NewTaxReturnAmountDue_TaxType"), Taxtype, false): All options with label 'Fiduciary Tax' are selected in object 'Object Repository/RAD_Pages/Landing_Page/select_NewTaxReturnAmountDue_TaxType' 

2023-09-09 20:37:59 - [MESSAGE][PASSED] - All options with label 'Fiduciary Tax' are selected in object 'Object Repository/RAD_Pages/Landing_Page/select_NewTaxReturnAmountDue_TaxType' 

2023-09-09 20:37:59 - [TEST_STEP][PASSED] - break: null

2023-09-09 20:37:59 - [TEST_STEP][PASSED] - delay(1): Delayed 1 second(s)

2023-09-09 20:38:00 - [MESSAGE][PASSED] - Delayed 1 second(s)

2023-09-09 20:38:00 - [TEST_STEP][PASSED] - scrollToElement(findTestObject(orPath_Amount + "/input__paymentAmount"), 2, CONTINUE_ON_FAILURE): Scroll to object 'Object Repository/RAD_Pages/PaymentAmount_Page/input__paymentAmount' successfully

2023-09-09 20:38:00 - [MESSAGE][PASSED] - Scroll to object 'Object Repository/RAD_Pages/PaymentAmount_Page/input__paymentAmount' successfully

2023-09-09 20:38:00 - [TEST_STEP][PASSED] - switch (Paymenttype): null

2023-09-09 20:38:00 - [TEST_STEP][PASSED] - case "New Tax Return Amount Due":: null

2023-09-09 20:38:00 - [TEST_STEP][PASSED] - setEncryptedText(findTestObject(orPath_TaxInfo + "/input_FederalEIN-2"), "RigbBhfdqODKcAsiUrg+1Q=="): Text ****** has been set on object 'Object Repository/RAD_Pages/TaxInfo_Page/input_FederalEIN-2'

2023-09-09 20:38:01 - [MESSAGE][PASSED] - Text ****** has been set on object 'Object Repository/RAD_Pages/TaxInfo_Page/input_FederalEIN-2'

2023-09-09 20:38:01 - [TEST_STEP][PASSED] - setEncryptedText(findTestObject(orPath_TaxInfo + "/input_FederalEIN_ReEnter-2"), "RigbBhfdqOBBGbZqm4oFJQ=="): Text ****** has been set on object 'Object Repository/RAD_Pages/TaxInfo_Page/input_FederalEIN_ReEnter-2'

2023-09-09 20:38:02 - [MESSAGE][PASSED] - Text ****** has been set on object 'Object Repository/RAD_Pages/TaxInfo_Page/input_FederalEIN_ReEnter-2'

2023-09-09 20:38:02 - [TEST_STEP][PASSED] - break: null

2023-09-09 20:38:02 - [TEST_STEP][PASSED] - setText(findTestObject(orPath_Amount + "/input__paymentAmount"), ""): Text '' is set on object 'Object Repository/RAD_Pages/PaymentAmount_Page/input__paymentAmount'

2023-09-09 20:38:03 - [MESSAGE][PASSED] - Text '' is set on object 'Object Repository/RAD_Pages/PaymentAmount_Page/input__paymentAmount'

2023-09-09 20:38:03 - [TEST_STEP][PASSED] - verifyTextPresent("The FEIN and Re-type FEIN do not match", true): Text 'The FEIN and Re-type FEIN do not match' is present on page  using regular expression

2023-09-09 20:38:04 - [MESSAGE][PASSED] - Text 'The FEIN and Re-type FEIN do not match' is present on page  using regular expression

2023-09-09 20:38:04 - [TEST_STEP][PASSED] - if (verifyTextPresent("The FEIN and Re-type FEIN do not match", true)): null

2023-09-09 20:38:04 - [MESSAGE][PASSED] - Text 'The FEIN and Re-type FEIN do not match' is present on page  using regular expression

2023-09-09 20:38:04 - [TEST_STEP][PASSED] - println("Error Message is present on the page"): null

2023-09-09 20:38:04 - [TEST_STEP][PASSED] - out.println("Pass Record Number: " + row): null

2023-09-09 20:38:04 - [TEST_STEP][PASSED] - resText = "Pass": null

2023-09-09 20:38:04 - [TEST_STEP][PASSED] - pages.WriteExcel.demoKey(resText, datText, resColumn, datCloumn, fileLoc, nameSheet, row): pages.WriteExcel.demoKey is PASSED

2023-09-09 20:38:04 - [MESSAGE][PASSED] - pages.WriteExcel.demoKey is PASSED

2023-09-09 20:38:04 - [TEST_STEP][PASSED] - ExecuteTC = findTestData(dataFile).getValue("Execute", row): null

2023-09-09 20:38:04 - [TEST_STEP][PASSED] - Taxtype = findTestData(dataFile).getValue("TaxType", row): null

2023-09-09 20:38:04 - [TEST_STEP][PASSED] - Paymenttype = findTestData(dataFile).getValue("PaymentType", row): null

2023-09-09 20:38:04 - [TEST_STEP][PASSED] - out.println("Value of Execute is : " + ExecuteTC): null

2023-09-09 20:38:04 - [TEST_STEP][PASSED] - if (ExecuteTC.equalsIgnoreCase("Y")): null

2023-09-09 20:38:04 - [TEST_STEP][PASSED] - out.println("Begin Record Number: " + row): null

2023-09-09 20:38:04 - [TEST_STEP][PASSED] - today = new java.util.Date(): null

2023-09-09 20:38:04 - [TEST_STEP][PASSED] - println(today): null

2023-09-09 20:38:04 - [TEST_STEP][PASSED] - datText = today: null

2023-09-09 20:38:04 - [TEST_STEP][PASSED] - Taxtype = findTestData(dataFile).getValue("TaxType", row): null

2023-09-09 20:38:05 - [TEST_STEP][PASSED] - out.println("Taxtype value is : " + Taxtype): null

2023-09-09 20:38:05 - [TEST_STEP][PASSED] - openBrowser(""): Browser is opened with url: ''

2023-09-09 20:38:05 - [MESSAGE][WARNING] - A browser is already opened. Closing browser and opening a new one

2023-09-09 20:38:05 - [MESSAGE][INFO] - Starting 'Chrome' driver

2023-09-09 20:38:05 - [MESSAGE][INFO] - User set preference: ['acceptInsecureCerts', 'true']

2023-09-09 20:38:05 - [MESSAGE][INFO] - Action delay is set to 0 milliseconds

2023-09-09 20:38:07 - [MESSAGE][PASSED] - Browser is opened with url: ''

2023-09-09 20:38:07 - [TEST_STEP][PASSED] - maximizeWindow(): Current window maximized

2023-09-09 20:38:07 - [MESSAGE][PASSED] - Current window maximized

2023-09-09 20:38:07 - [TEST_STEP][PASSED] - navigateToUrl(RADurl): Navigate to 'https://qa2.velocitypayment.com/client/rad/index.html' successfully

2023-09-09 20:38:08 - [MESSAGE][PASSED] - Navigate to 'https://qa2.velocitypayment.com/client/rad/index.html' successfully

2023-09-09 20:38:08 - [TEST_STEP][PASSED] - orPath_Landing = "Object Repository/RAD_Pages/Landing_Page": null

2023-09-09 20:38:08 - [TEST_STEP][PASSED] - orPath_TaxTypeFilingYear = "Object Repository/RAD_Pages/TaxTypeFilingYear_Page": null

2023-09-09 20:38:08 - [TEST_STEP][PASSED] - orPath_TaxPayer = "Object Repository/RAD_Pages/Taxpayer_Page": null

2023-09-09 20:38:08 - [TEST_STEP][PASSED] - orPath_AddressContact = "Object Repository/RAD_Pages/AddressAndContactInfo_Page": null

2023-09-09 20:38:08 - [TEST_STEP][PASSED] - orPath_FilingStatus = "Object Repository/RAD_Pages/FilingStatus_Page": null

2023-09-09 20:38:08 - [TEST_STEP][PASSED] - orPath_Amount = "Object Repository/RAD_Pages/PaymentAmount_Page": null

2023-09-09 20:38:09 - [TEST_STEP][PASSED] - orPath_TaxInfo = "Object Repository/RAD_Pages/TaxInfo_Page": null

2023-09-09 20:38:09 - [TEST_STEP][PASSED] - orPath_Withholding = "Object Repository/RAD_Pages/Withholding_Page": null

2023-09-09 20:38:09 - [TEST_STEP][PASSED] - orPath_Summary = "Object Repository/RAD_Pages/Summary_Page": null

2023-09-09 20:38:09 - [TEST_STEP][PASSED] - orPath_PaymentReady = "Object Repository/RAD_Pages/PaymentReady_Page": null

2023-09-09 20:38:09 - [TEST_STEP][PASSED] - orPath_PaymentEntry = "Object Repository/RAD_Pages/PaymentEntry_Page": null

2023-09-09 20:38:09 - [TEST_STEP][PASSED] - orPath_PaymentConfirmation = "Object Repository/RAD_Pages/PaymentConfirmation_Page": null

2023-09-09 20:38:09 - [TEST_STEP][PASSED] - orPath_ServiceFeesAccept = "Object Repository/RAD_Pages/ServiceFeeAccept_Page": null

2023-09-09 20:38:09 - [TEST_STEP][PASSED] - selectOptionByLabel(findTestObject(orPath_Landing + "/dd_TaxType"), Paymenttype, false): All options with label 'New Tax Return Amount Due' are selected in object 'Object Repository/RAD_Pages/Landing_Page/dd_TaxType' 

2023-09-09 20:38:09 - [MESSAGE][PASSED] - All options with label 'New Tax Return Amount Due' are selected in object 'Object Repository/RAD_Pages/Landing_Page/dd_TaxType' 

2023-09-09 20:38:09 - [TEST_STEP][PASSED] - delay(1): Delayed 1 second(s)

2023-09-09 20:38:10 - [MESSAGE][PASSED] - Delayed 1 second(s)

2023-09-09 20:38:10 - [TEST_STEP][PASSED] - switch (Paymenttype): null

2023-09-09 20:38:10 - [TEST_STEP][PASSED] - case "New Tax Return Amount Due":: null

2023-09-09 20:38:10 - [TEST_STEP][PASSED] - selectOptionByLabel(findTestObject("Object Repository/RAD_Pages/Landing_Page/select_NewTaxReturnAmountDue_TaxType"), Taxtype, false): All options with label 'PTE Non-Electing Non-S Corp' are selected in object 'Object Repository/RAD_Pages/Landing_Page/select_NewTaxReturnAmountDue_TaxType' 

2023-09-09 20:38:11 - [MESSAGE][PASSED] - All options with label 'PTE Non-Electing Non-S Corp' are selected in object 'Object Repository/RAD_Pages/Landing_Page/select_NewTaxReturnAmountDue_TaxType' 

2023-09-09 20:38:11 - [TEST_STEP][PASSED] - break: null

2023-09-09 20:38:11 - [TEST_STEP][PASSED] - delay(1): Delayed 1 second(s)

2023-09-09 20:38:12 - [MESSAGE][PASSED] - Delayed 1 second(s)

2023-09-09 20:38:12 - [TEST_STEP][PASSED] - scrollToElement(findTestObject(orPath_Amount + "/input__paymentAmount"), 2, CONTINUE_ON_FAILURE): Scroll to object 'Object Repository/RAD_Pages/PaymentAmount_Page/input__paymentAmount' successfully

2023-09-09 20:38:12 - [MESSAGE][PASSED] - Scroll to object 'Object Repository/RAD_Pages/PaymentAmount_Page/input__paymentAmount' successfully

2023-09-09 20:38:12 - [TEST_STEP][PASSED] - switch (Paymenttype): null

2023-09-09 20:38:12 - [TEST_STEP][PASSED] - case "New Tax Return Amount Due":: null

2023-09-09 20:38:12 - [TEST_STEP][PASSED] - setEncryptedText(findTestObject(orPath_TaxInfo + "/input_FederalEIN-2"), "RigbBhfdqODKcAsiUrg+1Q=="): Text ****** has been set on object 'Object Repository/RAD_Pages/TaxInfo_Page/input_FederalEIN-2'

2023-09-09 20:38:13 - [MESSAGE][PASSED] - Text ****** has been set on object 'Object Repository/RAD_Pages/TaxInfo_Page/input_FederalEIN-2'

2023-09-09 20:38:14 - [TEST_STEP][PASSED] - setEncryptedText(findTestObject(orPath_TaxInfo + "/input_FederalEIN_ReEnter-2"), "RigbBhfdqOBBGbZqm4oFJQ=="): Text ****** has been set on object 'Object Repository/RAD_Pages/TaxInfo_Page/input_FederalEIN_ReEnter-2'

2023-09-09 20:38:14 - [MESSAGE][PASSED] - Text ****** has been set on object 'Object Repository/RAD_Pages/TaxInfo_Page/input_FederalEIN_ReEnter-2'

2023-09-09 20:38:14 - [TEST_STEP][PASSED] - break: null

2023-09-09 20:38:14 - [TEST_STEP][PASSED] - setText(findTestObject(orPath_Amount + "/input__paymentAmount"), ""): Text '' is set on object 'Object Repository/RAD_Pages/PaymentAmount_Page/input__paymentAmount'

2023-09-09 20:38:15 - [MESSAGE][PASSED] - Text '' is set on object 'Object Repository/RAD_Pages/PaymentAmount_Page/input__paymentAmount'

2023-09-09 20:38:15 - [TEST_STEP][PASSED] - verifyTextPresent("The FEIN and Re-type FEIN do not match", true): Text 'The FEIN and Re-type FEIN do not match' is present on page  using regular expression

2023-09-09 20:38:16 - [MESSAGE][PASSED] - Text 'The FEIN and Re-type FEIN do not match' is present on page  using regular expression

2023-09-09 20:38:16 - [TEST_STEP][PASSED] - if (verifyTextPresent("The FEIN and Re-type FEIN do not match", true)): null

2023-09-09 20:38:16 - [MESSAGE][PASSED] - Text 'The FEIN and Re-type FEIN do not match' is present on page  using regular expression

2023-09-09 20:38:16 - [TEST_STEP][PASSED] - println("Error Message is present on the page"): null

2023-09-09 20:38:16 - [TEST_STEP][PASSED] - out.println("Pass Record Number: " + row): null

2023-09-09 20:38:16 - [TEST_STEP][PASSED] - resText = "Pass": null

2023-09-09 20:38:16 - [TEST_STEP][PASSED] - pages.WriteExcel.demoKey(resText, datText, resColumn, datCloumn, fileLoc, nameSheet, row): pages.WriteExcel.demoKey is PASSED

2023-09-09 20:38:16 - [MESSAGE][PASSED] - pages.WriteExcel.demoKey is PASSED

2023-09-09 20:38:16 - [TEST_STEP][PASSED] - ExecuteTC = findTestData(dataFile).getValue("Execute", row): null

2023-09-09 20:38:16 - [TEST_STEP][PASSED] - Taxtype = findTestData(dataFile).getValue("TaxType", row): null

2023-09-09 20:38:16 - [TEST_STEP][PASSED] - Paymenttype = findTestData(dataFile).getValue("PaymentType", row): null

2023-09-09 20:38:16 - [TEST_STEP][PASSED] - out.println("Value of Execute is : " + ExecuteTC): null

2023-09-09 20:38:16 - [TEST_STEP][PASSED] - if (ExecuteTC.equalsIgnoreCase("Y")): null

2023-09-09 20:38:16 - [TEST_STEP][PASSED] - out.println("Begin Record Number: " + row): null

2023-09-09 20:38:16 - [TEST_STEP][PASSED] - today = new java.util.Date(): null

2023-09-09 20:38:16 - [TEST_STEP][PASSED] - println(today): null

2023-09-09 20:38:16 - [TEST_STEP][PASSED] - datText = today: null

2023-09-09 20:38:16 - [TEST_STEP][PASSED] - Taxtype = findTestData(dataFile).getValue("TaxType", row): null

2023-09-09 20:38:16 - [TEST_STEP][PASSED] - out.println("Taxtype value is : " + Taxtype): null

2023-09-09 20:38:16 - [TEST_STEP][PASSED] - openBrowser(""): Browser is opened with url: ''

2023-09-09 20:38:16 - [MESSAGE][WARNING] - A browser is already opened. Closing browser and opening a new one

2023-09-09 20:38:17 - [MESSAGE][INFO] - Starting 'Chrome' driver

2023-09-09 20:38:17 - [MESSAGE][INFO] - User set preference: ['acceptInsecureCerts', 'true']

2023-09-09 20:38:17 - [MESSAGE][INFO] - Action delay is set to 0 milliseconds

2023-09-09 20:38:19 - [MESSAGE][PASSED] - Browser is opened with url: ''

2023-09-09 20:38:19 - [TEST_STEP][PASSED] - maximizeWindow(): Current window maximized

2023-09-09 20:38:19 - [MESSAGE][PASSED] - Current window maximized

2023-09-09 20:38:19 - [TEST_STEP][PASSED] - navigateToUrl(RADurl): Navigate to 'https://qa2.velocitypayment.com/client/rad/index.html' successfully

2023-09-09 20:38:20 - [MESSAGE][PASSED] - Navigate to 'https://qa2.velocitypayment.com/client/rad/index.html' successfully

2023-09-09 20:38:20 - [TEST_STEP][PASSED] - orPath_Landing = "Object Repository/RAD_Pages/Landing_Page": null

2023-09-09 20:38:20 - [TEST_STEP][PASSED] - orPath_TaxTypeFilingYear = "Object Repository/RAD_Pages/TaxTypeFilingYear_Page": null

2023-09-09 20:38:20 - [TEST_STEP][PASSED] - orPath_TaxPayer = "Object Repository/RAD_Pages/Taxpayer_Page": null

2023-09-09 20:38:20 - [TEST_STEP][PASSED] - orPath_AddressContact = "Object Repository/RAD_Pages/AddressAndContactInfo_Page": null

2023-09-09 20:38:20 - [TEST_STEP][PASSED] - orPath_FilingStatus = "Object Repository/RAD_Pages/FilingStatus_Page": null

2023-09-09 20:38:20 - [TEST_STEP][PASSED] - orPath_Amount = "Object Repository/RAD_Pages/PaymentAmount_Page": null

2023-09-09 20:38:20 - [TEST_STEP][PASSED] - orPath_TaxInfo = "Object Repository/RAD_Pages/TaxInfo_Page": null

2023-09-09 20:38:20 - [TEST_STEP][PASSED] - orPath_Withholding = "Object Repository/RAD_Pages/Withholding_Page": null

2023-09-09 20:38:20 - [TEST_STEP][PASSED] - orPath_Summary = "Object Repository/RAD_Pages/Summary_Page": null

2023-09-09 20:38:20 - [TEST_STEP][PASSED] - orPath_PaymentReady = "Object Repository/RAD_Pages/PaymentReady_Page": null

2023-09-09 20:38:20 - [TEST_STEP][PASSED] - orPath_PaymentEntry = "Object Repository/RAD_Pages/PaymentEntry_Page": null

2023-09-09 20:38:20 - [TEST_STEP][PASSED] - orPath_PaymentConfirmation = "Object Repository/RAD_Pages/PaymentConfirmation_Page": null

2023-09-09 20:38:20 - [TEST_STEP][PASSED] - orPath_ServiceFeesAccept = "Object Repository/RAD_Pages/ServiceFeeAccept_Page": null

2023-09-09 20:38:20 - [TEST_STEP][PASSED] - selectOptionByLabel(findTestObject(orPath_Landing + "/dd_TaxType"), Paymenttype, false): All options with label 'New Tax Return Amount Due' are selected in object 'Object Repository/RAD_Pages/Landing_Page/dd_TaxType' 

2023-09-09 20:38:21 - [MESSAGE][PASSED] - All options with label 'New Tax Return Amount Due' are selected in object 'Object Repository/RAD_Pages/Landing_Page/dd_TaxType' 

2023-09-09 20:38:21 - [TEST_STEP][PASSED] - delay(1): Delayed 1 second(s)

2023-09-09 20:38:22 - [MESSAGE][PASSED] - Delayed 1 second(s)

2023-09-09 20:38:22 - [TEST_STEP][PASSED] - switch (Paymenttype): null

2023-09-09 20:38:22 - [TEST_STEP][PASSED] - case "New Tax Return Amount Due":: null

2023-09-09 20:38:22 - [TEST_STEP][PASSED] - selectOptionByLabel(findTestObject("Object Repository/RAD_Pages/Landing_Page/select_NewTaxReturnAmountDue_TaxType"), Taxtype, false): All options with label 'PTE Non-Electing S Corp' are selected in object 'Object Repository/RAD_Pages/Landing_Page/select_NewTaxReturnAmountDue_TaxType' 

2023-09-09 20:38:23 - [MESSAGE][PASSED] - All options with label 'PTE Non-Electing S Corp' are selected in object 'Object Repository/RAD_Pages/Landing_Page/select_NewTaxReturnAmountDue_TaxType' 

2023-09-09 20:38:23 - [TEST_STEP][PASSED] - break: null

2023-09-09 20:38:23 - [TEST_STEP][PASSED] - delay(1): Delayed 1 second(s)

2023-09-09 20:38:24 - [MESSAGE][PASSED] - Delayed 1 second(s)

2023-09-09 20:38:24 - [TEST_STEP][PASSED] - scrollToElement(findTestObject(orPath_Amount + "/input__paymentAmount"), 2, CONTINUE_ON_FAILURE): Scroll to object 'Object Repository/RAD_Pages/PaymentAmount_Page/input__paymentAmount' successfully

2023-09-09 20:38:24 - [MESSAGE][PASSED] - Scroll to object 'Object Repository/RAD_Pages/PaymentAmount_Page/input__paymentAmount' successfully

2023-09-09 20:38:24 - [TEST_STEP][PASSED] - switch (Paymenttype): null

2023-09-09 20:38:24 - [TEST_STEP][PASSED] - case "New Tax Return Amount Due":: null

2023-09-09 20:38:24 - [TEST_STEP][PASSED] - setEncryptedText(findTestObject(orPath_TaxInfo + "/input_FederalEIN-2"), "RigbBhfdqODKcAsiUrg+1Q=="): Text ****** has been set on object 'Object Repository/RAD_Pages/TaxInfo_Page/input_FederalEIN-2'

2023-09-09 20:38:25 - [MESSAGE][PASSED] - Text ****** has been set on object 'Object Repository/RAD_Pages/TaxInfo_Page/input_FederalEIN-2'

2023-09-09 20:38:26 - [TEST_STEP][PASSED] - setEncryptedText(findTestObject(orPath_TaxInfo + "/input_FederalEIN_ReEnter-2"), "RigbBhfdqOBBGbZqm4oFJQ=="): Text ****** has been set on object 'Object Repository/RAD_Pages/TaxInfo_Page/input_FederalEIN_ReEnter-2'

2023-09-09 20:38:26 - [MESSAGE][PASSED] - Text ****** has been set on object 'Object Repository/RAD_Pages/TaxInfo_Page/input_FederalEIN_ReEnter-2'

2023-09-09 20:38:26 - [TEST_STEP][PASSED] - break: null

2023-09-09 20:38:26 - [TEST_STEP][PASSED] - setText(findTestObject(orPath_Amount + "/input__paymentAmount"), ""): Text '' is set on object 'Object Repository/RAD_Pages/PaymentAmount_Page/input__paymentAmount'

2023-09-09 20:38:27 - [MESSAGE][PASSED] - Text '' is set on object 'Object Repository/RAD_Pages/PaymentAmount_Page/input__paymentAmount'

2023-09-09 20:38:27 - [TEST_STEP][PASSED] - verifyTextPresent("The FEIN and Re-type FEIN do not match", true): Text 'The FEIN and Re-type FEIN do not match' is present on page  using regular expression

2023-09-09 20:38:28 - [MESSAGE][PASSED] - Text 'The FEIN and Re-type FEIN do not match' is present on page  using regular expression

2023-09-09 20:38:28 - [TEST_STEP][PASSED] - if (verifyTextPresent("The FEIN and Re-type FEIN do not match", true)): null

2023-09-09 20:38:28 - [MESSAGE][PASSED] - Text 'The FEIN and Re-type FEIN do not match' is present on page  using regular expression

2023-09-09 20:38:28 - [TEST_STEP][PASSED] - println("Error Message is present on the page"): null

2023-09-09 20:38:28 - [TEST_STEP][PASSED] - out.println("Pass Record Number: " + row): null

2023-09-09 20:38:28 - [TEST_STEP][PASSED] - resText = "Pass": null

2023-09-09 20:38:28 - [TEST_STEP][PASSED] - pages.WriteExcel.demoKey(resText, datText, resColumn, datCloumn, fileLoc, nameSheet, row): pages.WriteExcel.demoKey is PASSED

2023-09-09 20:38:28 - [MESSAGE][PASSED] - pages.WriteExcel.demoKey is PASSED

2023-09-09 20:38:28 - [TEST_STEP][PASSED] - ExecuteTC = findTestData(dataFile).getValue("Execute", row): null

2023-09-09 20:38:28 - [TEST_STEP][PASSED] - Taxtype = findTestData(dataFile).getValue("TaxType", row): null

2023-09-09 20:38:28 - [TEST_STEP][PASSED] - Paymenttype = findTestData(dataFile).getValue("PaymentType", row): null

2023-09-09 20:38:28 - [TEST_STEP][PASSED] - out.println("Value of Execute is : " + ExecuteTC): null

2023-09-09 20:38:28 - [TEST_STEP][PASSED] - if (ExecuteTC.equalsIgnoreCase("Y")): null

2023-09-09 20:38:28 - [TEST_STEP][PASSED] - out.println("Begin Record Number: " + row): null

2023-09-09 20:38:28 - [TEST_STEP][PASSED] - today = new java.util.Date(): null

2023-09-09 20:38:28 - [TEST_STEP][PASSED] - println(today): null

2023-09-09 20:38:28 - [TEST_STEP][PASSED] - datText = today: null

2023-09-09 20:38:28 - [TEST_STEP][PASSED] - Taxtype = findTestData(dataFile).getValue("TaxType", row): null

2023-09-09 20:38:28 - [TEST_STEP][PASSED] - out.println("Taxtype value is : " + Taxtype): null

2023-09-09 20:38:28 - [TEST_STEP][PASSED] - openBrowser(""): Browser is opened with url: ''

2023-09-09 20:38:28 - [MESSAGE][WARNING] - A browser is already opened. Closing browser and opening a new one

2023-09-09 20:38:29 - [MESSAGE][INFO] - Starting 'Chrome' driver

2023-09-09 20:38:29 - [MESSAGE][INFO] - User set preference: ['acceptInsecureCerts', 'true']

2023-09-09 20:38:29 - [MESSAGE][INFO] - Action delay is set to 0 milliseconds

2023-09-09 20:38:31 - [MESSAGE][PASSED] - Browser is opened with url: ''

2023-09-09 20:38:31 - [TEST_STEP][PASSED] - maximizeWindow(): Current window maximized

2023-09-09 20:38:31 - [MESSAGE][PASSED] - Current window maximized

2023-09-09 20:38:31 - [TEST_STEP][PASSED] - navigateToUrl(RADurl): Navigate to 'https://qa2.velocitypayment.com/client/rad/index.html' successfully

2023-09-09 20:38:32 - [MESSAGE][PASSED] - Navigate to 'https://qa2.velocitypayment.com/client/rad/index.html' successfully

2023-09-09 20:38:32 - [TEST_STEP][PASSED] - orPath_Landing = "Object Repository/RAD_Pages/Landing_Page": null

2023-09-09 20:38:32 - [TEST_STEP][PASSED] - orPath_TaxTypeFilingYear = "Object Repository/RAD_Pages/TaxTypeFilingYear_Page": null

2023-09-09 20:38:32 - [TEST_STEP][PASSED] - orPath_TaxPayer = "Object Repository/RAD_Pages/Taxpayer_Page": null

2023-09-09 20:38:32 - [TEST_STEP][PASSED] - orPath_AddressContact = "Object Repository/RAD_Pages/AddressAndContactInfo_Page": null

2023-09-09 20:38:32 - [TEST_STEP][PASSED] - orPath_FilingStatus = "Object Repository/RAD_Pages/FilingStatus_Page": null

2023-09-09 20:38:32 - [TEST_STEP][PASSED] - orPath_Amount = "Object Repository/RAD_Pages/PaymentAmount_Page": null

2023-09-09 20:38:32 - [TEST_STEP][PASSED] - orPath_TaxInfo = "Object Repository/RAD_Pages/TaxInfo_Page": null

2023-09-09 20:38:32 - [TEST_STEP][PASSED] - orPath_Withholding = "Object Repository/RAD_Pages/Withholding_Page": null

2023-09-09 20:38:32 - [TEST_STEP][PASSED] - orPath_Summary = "Object Repository/RAD_Pages/Summary_Page": null

2023-09-09 20:38:32 - [TEST_STEP][PASSED] - orPath_PaymentReady = "Object Repository/RAD_Pages/PaymentReady_Page": null

2023-09-09 20:38:32 - [TEST_STEP][PASSED] - orPath_PaymentEntry = "Object Repository/RAD_Pages/PaymentEntry_Page": null

2023-09-09 20:38:32 - [TEST_STEP][PASSED] - orPath_PaymentConfirmation = "Object Repository/RAD_Pages/PaymentConfirmation_Page": null

2023-09-09 20:38:32 - [TEST_STEP][PASSED] - orPath_ServiceFeesAccept = "Object Repository/RAD_Pages/ServiceFeeAccept_Page": null

2023-09-09 20:38:32 - [TEST_STEP][PASSED] - selectOptionByLabel(findTestObject(orPath_Landing + "/dd_TaxType"), Paymenttype, false): All options with label 'New Tax Return Amount Due' are selected in object 'Object Repository/RAD_Pages/Landing_Page/dd_TaxType' 

2023-09-09 20:38:33 - [MESSAGE][PASSED] - All options with label 'New Tax Return Amount Due' are selected in object 'Object Repository/RAD_Pages/Landing_Page/dd_TaxType' 

2023-09-09 20:38:33 - [TEST_STEP][PASSED] - delay(1): Delayed 1 second(s)

2023-09-09 20:38:34 - [MESSAGE][PASSED] - Delayed 1 second(s)

2023-09-09 20:38:34 - [TEST_STEP][PASSED] - switch (Paymenttype): null

2023-09-09 20:38:34 - [TEST_STEP][PASSED] - case "New Tax Return Amount Due":: null

2023-09-09 20:38:34 - [TEST_STEP][PASSED] - selectOptionByLabel(findTestObject("Object Repository/RAD_Pages/Landing_Page/select_NewTaxReturnAmountDue_TaxType"), Taxtype, false): All options with label 'PTE Tax Electing Non-S Corp' are selected in object 'Object Repository/RAD_Pages/Landing_Page/select_NewTaxReturnAmountDue_TaxType' 

2023-09-09 20:38:35 - [MESSAGE][PASSED] - All options with label 'PTE Tax Electing Non-S Corp' are selected in object 'Object Repository/RAD_Pages/Landing_Page/select_NewTaxReturnAmountDue_TaxType' 

2023-09-09 20:38:35 - [TEST_STEP][PASSED] - break: null

2023-09-09 20:38:35 - [TEST_STEP][PASSED] - delay(1): Delayed 1 second(s)

2023-09-09 20:38:36 - [MESSAGE][PASSED] - Delayed 1 second(s)

2023-09-09 20:38:36 - [TEST_STEP][PASSED] - scrollToElement(findTestObject(orPath_Amount + "/input__paymentAmount"), 2, CONTINUE_ON_FAILURE): Scroll to object 'Object Repository/RAD_Pages/PaymentAmount_Page/input__paymentAmount' successfully

2023-09-09 20:38:36 - [MESSAGE][PASSED] - Scroll to object 'Object Repository/RAD_Pages/PaymentAmount_Page/input__paymentAmount' successfully

2023-09-09 20:38:36 - [TEST_STEP][PASSED] - switch (Paymenttype): null

2023-09-09 20:38:36 - [TEST_STEP][PASSED] - case "New Tax Return Amount Due":: null

2023-09-09 20:38:36 - [TEST_STEP][PASSED] - setEncryptedText(findTestObject(orPath_TaxInfo + "/input_FederalEIN-2"), "RigbBhfdqODKcAsiUrg+1Q=="): Text ****** has been set on object 'Object Repository/RAD_Pages/TaxInfo_Page/input_FederalEIN-2'

2023-09-09 20:38:37 - [MESSAGE][PASSED] - Text ****** has been set on object 'Object Repository/RAD_Pages/TaxInfo_Page/input_FederalEIN-2'

2023-09-09 20:38:38 - [TEST_STEP][PASSED] - setEncryptedText(findTestObject(orPath_TaxInfo + "/input_FederalEIN_ReEnter-2"), "RigbBhfdqOBBGbZqm4oFJQ=="): Text ****** has been set on object 'Object Repository/RAD_Pages/TaxInfo_Page/input_FederalEIN_ReEnter-2'

2023-09-09 20:38:39 - [MESSAGE][PASSED] - Text ****** has been set on object 'Object Repository/RAD_Pages/TaxInfo_Page/input_FederalEIN_ReEnter-2'

2023-09-09 20:38:39 - [TEST_STEP][PASSED] - break: null

2023-09-09 20:38:39 - [TEST_STEP][PASSED] - setText(findTestObject(orPath_Amount + "/input__paymentAmount"), ""): Text '' is set on object 'Object Repository/RAD_Pages/PaymentAmount_Page/input__paymentAmount'

2023-09-09 20:38:40 - [MESSAGE][PASSED] - Text '' is set on object 'Object Repository/RAD_Pages/PaymentAmount_Page/input__paymentAmount'

2023-09-09 20:38:40 - [TEST_STEP][PASSED] - verifyTextPresent("The FEIN and Re-type FEIN do not match", true): Text 'The FEIN and Re-type FEIN do not match' is present on page  using regular expression

2023-09-09 20:38:41 - [MESSAGE][PASSED] - Text 'The FEIN and Re-type FEIN do not match' is present on page  using regular expression

2023-09-09 20:38:41 - [TEST_STEP][PASSED] - if (verifyTextPresent("The FEIN and Re-type FEIN do not match", true)): null

2023-09-09 20:38:41 - [MESSAGE][PASSED] - Text 'The FEIN and Re-type FEIN do not match' is present on page  using regular expression

2023-09-09 20:38:41 - [TEST_STEP][PASSED] - println("Error Message is present on the page"): null

2023-09-09 20:38:41 - [TEST_STEP][PASSED] - out.println("Pass Record Number: " + row): null

2023-09-09 20:38:41 - [TEST_STEP][PASSED] - resText = "Pass": null

2023-09-09 20:38:41 - [TEST_STEP][PASSED] - pages.WriteExcel.demoKey(resText, datText, resColumn, datCloumn, fileLoc, nameSheet, row): pages.WriteExcel.demoKey is PASSED

2023-09-09 20:38:41 - [MESSAGE][PASSED] - pages.WriteExcel.demoKey is PASSED

2023-09-09 20:38:41 - [TEST_STEP][PASSED] - ExecuteTC = findTestData(dataFile).getValue("Execute", row): null

2023-09-09 20:38:41 - [TEST_STEP][PASSED] - Taxtype = findTestData(dataFile).getValue("TaxType", row): null

2023-09-09 20:38:41 - [TEST_STEP][PASSED] - Paymenttype = findTestData(dataFile).getValue("PaymentType", row): null

2023-09-09 20:38:41 - [TEST_STEP][PASSED] - out.println("Value of Execute is : " + ExecuteTC): null

2023-09-09 20:38:41 - [TEST_STEP][PASSED] - if (ExecuteTC.equalsIgnoreCase("Y")): null

2023-09-09 20:38:41 - [TEST_STEP][PASSED] - out.println("Begin Record Number: " + row): null

2023-09-09 20:38:41 - [TEST_STEP][PASSED] - today = new java.util.Date(): null

2023-09-09 20:38:41 - [TEST_STEP][PASSED] - println(today): null

2023-09-09 20:38:41 - [TEST_STEP][PASSED] - datText = today: null

2023-09-09 20:38:41 - [TEST_STEP][PASSED] - Taxtype = findTestData(dataFile).getValue("TaxType", row): null

2023-09-09 20:38:41 - [TEST_STEP][PASSED] - out.println("Taxtype value is : " + Taxtype): null

2023-09-09 20:38:41 - [TEST_STEP][PASSED] - openBrowser(""): Browser is opened with url: ''

2023-09-09 20:38:41 - [MESSAGE][WARNING] - A browser is already opened. Closing browser and opening a new one

2023-09-09 20:38:42 - [MESSAGE][INFO] - Starting 'Chrome' driver

2023-09-09 20:38:42 - [MESSAGE][INFO] - User set preference: ['acceptInsecureCerts', 'true']

2023-09-09 20:38:42 - [MESSAGE][INFO] - Action delay is set to 0 milliseconds

2023-09-09 20:38:44 - [MESSAGE][PASSED] - Browser is opened with url: ''

2023-09-09 20:38:44 - [TEST_STEP][PASSED] - maximizeWindow(): Current window maximized

2023-09-09 20:38:44 - [MESSAGE][PASSED] - Current window maximized

2023-09-09 20:38:44 - [TEST_STEP][PASSED] - navigateToUrl(RADurl): Navigate to 'https://qa2.velocitypayment.com/client/rad/index.html' successfully

2023-09-09 20:38:45 - [MESSAGE][PASSED] - Navigate to 'https://qa2.velocitypayment.com/client/rad/index.html' successfully

2023-09-09 20:38:45 - [TEST_STEP][PASSED] - orPath_Landing = "Object Repository/RAD_Pages/Landing_Page": null

2023-09-09 20:38:45 - [TEST_STEP][PASSED] - orPath_TaxTypeFilingYear = "Object Repository/RAD_Pages/TaxTypeFilingYear_Page": null

2023-09-09 20:38:45 - [TEST_STEP][PASSED] - orPath_TaxPayer = "Object Repository/RAD_Pages/Taxpayer_Page": null

2023-09-09 20:38:45 - [TEST_STEP][PASSED] - orPath_AddressContact = "Object Repository/RAD_Pages/AddressAndContactInfo_Page": null

2023-09-09 20:38:45 - [TEST_STEP][PASSED] - orPath_FilingStatus = "Object Repository/RAD_Pages/FilingStatus_Page": null

2023-09-09 20:38:45 - [TEST_STEP][PASSED] - orPath_Amount = "Object Repository/RAD_Pages/PaymentAmount_Page": null

2023-09-09 20:38:45 - [TEST_STEP][PASSED] - orPath_TaxInfo = "Object Repository/RAD_Pages/TaxInfo_Page": null

2023-09-09 20:38:45 - [TEST_STEP][PASSED] - orPath_Withholding = "Object Repository/RAD_Pages/Withholding_Page": null

2023-09-09 20:38:45 - [TEST_STEP][PASSED] - orPath_Summary = "Object Repository/RAD_Pages/Summary_Page": null

2023-09-09 20:38:45 - [TEST_STEP][PASSED] - orPath_PaymentReady = "Object Repository/RAD_Pages/PaymentReady_Page": null

2023-09-09 20:38:45 - [TEST_STEP][PASSED] - orPath_PaymentEntry = "Object Repository/RAD_Pages/PaymentEntry_Page": null

2023-09-09 20:38:45 - [TEST_STEP][PASSED] - orPath_PaymentConfirmation = "Object Repository/RAD_Pages/PaymentConfirmation_Page": null

2023-09-09 20:38:45 - [TEST_STEP][PASSED] - orPath_ServiceFeesAccept = "Object Repository/RAD_Pages/ServiceFeeAccept_Page": null

2023-09-09 20:38:45 - [TEST_STEP][PASSED] - selectOptionByLabel(findTestObject(orPath_Landing + "/dd_TaxType"), Paymenttype, false): All options with label 'New Tax Return Amount Due' are selected in object 'Object Repository/RAD_Pages/Landing_Page/dd_TaxType' 

2023-09-09 20:38:46 - [MESSAGE][PASSED] - All options with label 'New Tax Return Amount Due' are selected in object 'Object Repository/RAD_Pages/Landing_Page/dd_TaxType' 

2023-09-09 20:38:46 - [TEST_STEP][PASSED] - delay(1): Delayed 1 second(s)

2023-09-09 20:38:47 - [MESSAGE][PASSED] - Delayed 1 second(s)

2023-09-09 20:38:47 - [TEST_STEP][PASSED] - switch (Paymenttype): null

2023-09-09 20:38:47 - [TEST_STEP][PASSED] - case "New Tax Return Amount Due":: null

2023-09-09 20:38:47 - [TEST_STEP][PASSED] - selectOptionByLabel(findTestObject("Object Repository/RAD_Pages/Landing_Page/select_NewTaxReturnAmountDue_TaxType"), Taxtype, false): All options with label 'PTE Tax Electing S Corp' are selected in object 'Object Repository/RAD_Pages/Landing_Page/select_NewTaxReturnAmountDue_TaxType' 

2023-09-09 20:38:48 - [MESSAGE][PASSED] - All options with label 'PTE Tax Electing S Corp' are selected in object 'Object Repository/RAD_Pages/Landing_Page/select_NewTaxReturnAmountDue_TaxType' 

2023-09-09 20:38:48 - [TEST_STEP][PASSED] - break: null

2023-09-09 20:38:48 - [TEST_STEP][PASSED] - delay(1): Delayed 1 second(s)

2023-09-09 20:38:49 - [MESSAGE][PASSED] - Delayed 1 second(s)

2023-09-09 20:38:49 - [TEST_STEP][PASSED] - scrollToElement(findTestObject(orPath_Amount + "/input__paymentAmount"), 2, CONTINUE_ON_FAILURE): Scroll to object 'Object Repository/RAD_Pages/PaymentAmount_Page/input__paymentAmount' successfully

2023-09-09 20:38:49 - [MESSAGE][PASSED] - Scroll to object 'Object Repository/RAD_Pages/PaymentAmount_Page/input__paymentAmount' successfully

2023-09-09 20:38:49 - [TEST_STEP][PASSED] - switch (Paymenttype): null

2023-09-09 20:38:49 - [TEST_STEP][PASSED] - case "New Tax Return Amount Due":: null

2023-09-09 20:38:49 - [TEST_STEP][PASSED] - setEncryptedText(findTestObject(orPath_TaxInfo + "/input_FederalEIN-2"), "RigbBhfdqODKcAsiUrg+1Q=="): Text ****** has been set on object 'Object Repository/RAD_Pages/TaxInfo_Page/input_FederalEIN-2'

2023-09-09 20:38:50 - [MESSAGE][PASSED] - Text ****** has been set on object 'Object Repository/RAD_Pages/TaxInfo_Page/input_FederalEIN-2'

2023-09-09 20:38:50 - [TEST_STEP][PASSED] - setEncryptedText(findTestObject(orPath_TaxInfo + "/input_FederalEIN_ReEnter-2"), "RigbBhfdqOBBGbZqm4oFJQ=="): Text ****** has been set on object 'Object Repository/RAD_Pages/TaxInfo_Page/input_FederalEIN_ReEnter-2'

2023-09-09 20:38:51 - [MESSAGE][PASSED] - Text ****** has been set on object 'Object Repository/RAD_Pages/TaxInfo_Page/input_FederalEIN_ReEnter-2'

2023-09-09 20:38:51 - [TEST_STEP][PASSED] - break: null

2023-09-09 20:38:51 - [TEST_STEP][PASSED] - setText(findTestObject(orPath_Amount + "/input__paymentAmount"), ""): Text '' is set on object 'Object Repository/RAD_Pages/PaymentAmount_Page/input__paymentAmount'

2023-09-09 20:38:52 - [MESSAGE][PASSED] - Text '' is set on object 'Object Repository/RAD_Pages/PaymentAmount_Page/input__paymentAmount'

2023-09-09 20:38:52 - [TEST_STEP][PASSED] - verifyTextPresent("The FEIN and Re-type FEIN do not match", true): Text 'The FEIN and Re-type FEIN do not match' is present on page  using regular expression

2023-09-09 20:38:53 - [MESSAGE][PASSED] - Text 'The FEIN and Re-type FEIN do not match' is present on page  using regular expression

2023-09-09 20:38:53 - [TEST_STEP][PASSED] - if (verifyTextPresent("The FEIN and Re-type FEIN do not match", true)): null

2023-09-09 20:38:53 - [MESSAGE][PASSED] - Text 'The FEIN and Re-type FEIN do not match' is present on page  using regular expression

2023-09-09 20:38:53 - [TEST_STEP][PASSED] - println("Error Message is present on the page"): null

2023-09-09 20:38:53 - [TEST_STEP][PASSED] - out.println("Pass Record Number: " + row): null

2023-09-09 20:38:53 - [TEST_STEP][PASSED] - resText = "Pass": null

2023-09-09 20:38:53 - [TEST_STEP][PASSED] - pages.WriteExcel.demoKey(resText, datText, resColumn, datCloumn, fileLoc, nameSheet, row): pages.WriteExcel.demoKey is PASSED

2023-09-09 20:38:53 - [MESSAGE][PASSED] - pages.WriteExcel.demoKey is PASSED]]></system-out>
         <system-err><![CDATA[]]></system-err>
      </testcase>
      <testcase name="Test Cases/RAD_TestCases/Negative_TestCases/FEINmoreThan9Error-NEW" time="301.216" classname="Test Cases/RAD_TestCases/Negative_TestCases/FEINmoreThan9Error-NEW" status="PASSED">
         <system-out><![CDATA[2023-09-09 20:38:53 - [TEST_CASE][PASSED] - Test Cases/RAD_TestCases/Negative_TestCases/FEINmoreThan9Error-NEW: Test Cases/RAD_TestCases/Negative_TestCases/FEINmoreThan9Error-NEW

2023-09-09 20:38:53 - [TEST_STEP][PASSED] - resText = "Fail": null

2023-09-09 20:38:53 - [TEST_STEP][PASSED] - resColumn = "Result": null

2023-09-09 20:38:53 - [TEST_STEP][PASSED] - datCloumn = "Date": null

2023-09-09 20:38:53 - [TEST_STEP][PASSED] - fileLoc = "KatalonData/RADTestData/FEINmoreThan9Error.xlsx": null

2023-09-09 20:38:53 - [TEST_STEP][PASSED] - nameSheet = "Sheet1": null

2023-09-09 20:38:53 - [TEST_STEP][PASSED] - dataFile = "RADTestData/FEINmoreThan9Error": null

2023-09-09 20:38:53 - [TEST_STEP][PASSED] - ExecuteTC = <not implemented yet for class: org.codehaus.groovy.ast.expr.EmptyExpression>: null

2023-09-09 20:38:53 - [TEST_STEP][PASSED] - Taxtype = <not implemented yet for class: org.codehaus.groovy.ast.expr.EmptyExpression>: null

2023-09-09 20:38:53 - [TEST_STEP][PASSED] - Paymenttype = <not implemented yet for class: org.codehaus.groovy.ast.expr.EmptyExpression>: null

2023-09-09 20:38:53 - [TEST_STEP][PASSED] - numOfRows = findTestData(dataFile).getRowNumbers(): null

2023-09-09 20:38:54 - [TEST_STEP][PASSED] - println("Number of Records: " + numOfRows): null

2023-09-09 20:38:54 - [TEST_STEP][PASSED] - for ([row = 1, row <= numOfRows, (row++)]): null

2023-09-09 20:38:54 - [TEST_STEP][PASSED] - ExecuteTC = findTestData(dataFile).getValue("Execute", row): null

2023-09-09 20:38:54 - [TEST_STEP][PASSED] - Taxtype = findTestData(dataFile).getValue("TaxType", row): null

2023-09-09 20:38:54 - [TEST_STEP][PASSED] - Paymenttype = findTestData(dataFile).getValue("PaymentType", row): null

2023-09-09 20:38:54 - [TEST_STEP][PASSED] - out.println("Value of Execute is : " + ExecuteTC): null

2023-09-09 20:38:54 - [TEST_STEP][PASSED] - if (ExecuteTC.equalsIgnoreCase("Y")): null

2023-09-09 20:38:54 - [TEST_STEP][PASSED] - out.println("Begin Record Number: " + row): null

2023-09-09 20:38:54 - [TEST_STEP][PASSED] - today = new java.util.Date(): null

2023-09-09 20:38:54 - [TEST_STEP][PASSED] - println(today): null

2023-09-09 20:38:54 - [TEST_STEP][PASSED] - datText = today: null

2023-09-09 20:38:54 - [TEST_STEP][PASSED] - Taxtype = findTestData(dataFile).getValue("TaxType", row): null

2023-09-09 20:38:54 - [TEST_STEP][PASSED] - out.println("Taxtype value is : " + Taxtype): null

2023-09-09 20:38:54 - [TEST_STEP][PASSED] - openBrowser(""): Browser is opened with url: ''

2023-09-09 20:38:54 - [MESSAGE][WARNING] - A browser is already opened. Closing browser and opening a new one

2023-09-09 20:38:55 - [MESSAGE][INFO] - Starting 'Chrome' driver

2023-09-09 20:38:55 - [MESSAGE][INFO] - User set preference: ['acceptInsecureCerts', 'true']

2023-09-09 20:38:55 - [MESSAGE][INFO] - Action delay is set to 0 milliseconds

2023-09-09 20:38:56 - [MESSAGE][PASSED] - Browser is opened with url: ''

2023-09-09 20:38:56 - [TEST_STEP][PASSED] - maximizeWindow(): Current window maximized

2023-09-09 20:38:56 - [MESSAGE][PASSED] - Current window maximized

2023-09-09 20:38:56 - [TEST_STEP][PASSED] - navigateToUrl(RADurl): Navigate to 'https://qa2.velocitypayment.com/client/rad/index.html' successfully

2023-09-09 20:38:58 - [MESSAGE][PASSED] - Navigate to 'https://qa2.velocitypayment.com/client/rad/index.html' successfully

2023-09-09 20:38:58 - [TEST_STEP][PASSED] - orPath_Landing = "Object Repository/RAD_Pages/Landing_Page": null

2023-09-09 20:38:58 - [TEST_STEP][PASSED] - orPath_TaxTypeFilingYear = "Object Repository/RAD_Pages/TaxTypeFilingYear_Page": null

2023-09-09 20:38:58 - [TEST_STEP][PASSED] - orPath_TaxPayer = "Object Repository/RAD_Pages/Taxpayer_Page": null

2023-09-09 20:38:58 - [TEST_STEP][PASSED] - orPath_AddressContact = "Object Repository/RAD_Pages/AddressAndContactInfo_Page": null

2023-09-09 20:38:58 - [TEST_STEP][PASSED] - orPath_FilingStatus = "Object Repository/RAD_Pages/FilingStatus_Page": null

2023-09-09 20:38:58 - [TEST_STEP][PASSED] - orPath_Amount = "Object Repository/RAD_Pages/PaymentAmount_Page": null

2023-09-09 20:38:58 - [TEST_STEP][PASSED] - orPath_TaxInfo = "Object Repository/RAD_Pages/TaxInfo_Page": null

2023-09-09 20:38:58 - [TEST_STEP][PASSED] - orPath_Withholding = "Object Repository/RAD_Pages/Withholding_Page": null

2023-09-09 20:38:58 - [TEST_STEP][PASSED] - orPath_Summary = "Object Repository/RAD_Pages/Summary_Page": null

2023-09-09 20:38:58 - [TEST_STEP][PASSED] - orPath_PaymentReady = "Object Repository/RAD_Pages/PaymentReady_Page": null

2023-09-09 20:38:58 - [TEST_STEP][PASSED] - orPath_PaymentEntry = "Object Repository/RAD_Pages/PaymentEntry_Page": null

2023-09-09 20:38:58 - [TEST_STEP][PASSED] - orPath_PaymentConfirmation = "Object Repository/RAD_Pages/PaymentConfirmation_Page": null

2023-09-09 20:38:58 - [TEST_STEP][PASSED] - orPath_ServiceFeesAccept = "Object Repository/RAD_Pages/ServiceFeeAccept_Page": null

2023-09-09 20:38:58 - [TEST_STEP][PASSED] - selectOptionByLabel(findTestObject(orPath_Landing + "/dd_TaxType"), Paymenttype, false): All options with label 'Existing Liability w/Notice Number' are selected in object 'Object Repository/RAD_Pages/Landing_Page/dd_TaxType' 

2023-09-09 20:38:59 - [MESSAGE][PASSED] - All options with label 'Existing Liability w/Notice Number' are selected in object 'Object Repository/RAD_Pages/Landing_Page/dd_TaxType' 

2023-09-09 20:38:59 - [TEST_STEP][PASSED] - delay(1): Delayed 1 second(s)

2023-09-09 20:39:00 - [MESSAGE][PASSED] - Delayed 1 second(s)

2023-09-09 20:39:00 - [TEST_STEP][PASSED] - switch (Paymenttype): null

2023-09-09 20:39:00 - [TEST_STEP][PASSED] - case "Existing Liability w/Notice Number":: null

2023-09-09 20:39:00 - [TEST_STEP][PASSED] - selectOptionByLabel(findTestObject(orPath_TaxTypeFilingYear + "/select_TaxType_ExistingLiability"), Taxtype, false): All options with label 'Bay Restoration Fee' are selected in object 'Object Repository/RAD_Pages/TaxTypeFilingYear_Page/select_TaxType_ExistingLiability' 

2023-09-09 20:39:00 - [MESSAGE][PASSED] - All options with label 'Bay Restoration Fee' are selected in object 'Object Repository/RAD_Pages/TaxTypeFilingYear_Page/select_TaxType_ExistingLiability' 

2023-09-09 20:39:00 - [TEST_STEP][PASSED] - break: null

2023-09-09 20:39:00 - [TEST_STEP][PASSED] - delay(1): Delayed 1 second(s)

2023-09-09 20:39:01 - [MESSAGE][PASSED] - Delayed 1 second(s)

2023-09-09 20:39:01 - [TEST_STEP][PASSED] - switch (Paymenttype): null

2023-09-09 20:39:01 - [TEST_STEP][PASSED] - case "Existing Liability w/Notice Number":: null

2023-09-09 20:39:01 - [TEST_STEP][PASSED] - setEncryptedText(findTestObject("Object Repository/RAD_RecordAndPlay/input_Existing_FEIN"), "RigbBhfdqOBDK95asqKeHw=="): Text ****** has been set on object 'Object Repository/RAD_RecordAndPlay/input_Existing_FEIN'

2023-09-09 20:39:02 - [MESSAGE][PASSED] - Text ****** has been set on object 'Object Repository/RAD_RecordAndPlay/input_Existing_FEIN'

2023-09-09 20:39:03 - [TEST_STEP][PASSED] - setEncryptedText(findTestObject("Object Repository/RAD_RecordAndPlay/input_Existing_RetypeFEIN"), ""): Text ****** has been set on object 'Object Repository/RAD_RecordAndPlay/input_Existing_RetypeFEIN'

2023-09-09 20:39:03 - [MESSAGE][PASSED] - Text ****** has been set on object 'Object Repository/RAD_RecordAndPlay/input_Existing_RetypeFEIN'

2023-09-09 20:39:03 - [TEST_STEP][PASSED] - break: null

2023-09-09 20:39:03 - [TEST_STEP][PASSED] - verifyTextPresent("Please enter a valid FEIN with 9 digits.", true): Text 'Please enter a valid FEIN with 9 digits.' is present on page  using regular expression

2023-09-09 20:39:04 - [MESSAGE][PASSED] - Text 'Please enter a valid FEIN with 9 digits.' is present on page  using regular expression

2023-09-09 20:39:04 - [TEST_STEP][PASSED] - if (verifyTextPresent("Please enter a valid FEIN with 9 digits.", true)): null

2023-09-09 20:39:04 - [MESSAGE][PASSED] - Text 'Please enter a valid FEIN with 9 digits.' is present on page  using regular expression

2023-09-09 20:39:04 - [TEST_STEP][PASSED] - println("Error Message is present on the page"): null

2023-09-09 20:39:04 - [TEST_STEP][PASSED] - out.println("Pass Record Number: " + row): null

2023-09-09 20:39:04 - [TEST_STEP][PASSED] - resText = "Pass": null

2023-09-09 20:39:04 - [TEST_STEP][PASSED] - pages.WriteExcel.demoKey(resText, datText, resColumn, datCloumn, fileLoc, nameSheet, row): pages.WriteExcel.demoKey is PASSED

2023-09-09 20:39:05 - [MESSAGE][PASSED] - pages.WriteExcel.demoKey is PASSED

2023-09-09 20:39:05 - [TEST_STEP][PASSED] - ExecuteTC = findTestData(dataFile).getValue("Execute", row): null

2023-09-09 20:39:05 - [TEST_STEP][PASSED] - Taxtype = findTestData(dataFile).getValue("TaxType", row): null

2023-09-09 20:39:05 - [TEST_STEP][PASSED] - Paymenttype = findTestData(dataFile).getValue("PaymentType", row): null

2023-09-09 20:39:05 - [TEST_STEP][PASSED] - out.println("Value of Execute is : " + ExecuteTC): null

2023-09-09 20:39:05 - [TEST_STEP][PASSED] - if (ExecuteTC.equalsIgnoreCase("Y")): null

2023-09-09 20:39:05 - [TEST_STEP][PASSED] - out.println("Begin Record Number: " + row): null

2023-09-09 20:39:05 - [TEST_STEP][PASSED] - today = new java.util.Date(): null

2023-09-09 20:39:05 - [TEST_STEP][PASSED] - println(today): null

2023-09-09 20:39:05 - [TEST_STEP][PASSED] - datText = today: null

2023-09-09 20:39:05 - [TEST_STEP][PASSED] - Taxtype = findTestData(dataFile).getValue("TaxType", row): null

2023-09-09 20:39:05 - [TEST_STEP][PASSED] - out.println("Taxtype value is : " + Taxtype): null

2023-09-09 20:39:05 - [TEST_STEP][PASSED] - openBrowser(""): Browser is opened with url: ''

2023-09-09 20:39:05 - [MESSAGE][WARNING] - A browser is already opened. Closing browser and opening a new one

2023-09-09 20:39:06 - [MESSAGE][INFO] - Starting 'Chrome' driver

2023-09-09 20:39:06 - [MESSAGE][INFO] - User set preference: ['acceptInsecureCerts', 'true']

2023-09-09 20:39:06 - [MESSAGE][INFO] - Action delay is set to 0 milliseconds

2023-09-09 20:39:07 - [MESSAGE][PASSED] - Browser is opened with url: ''

2023-09-09 20:39:07 - [TEST_STEP][PASSED] - maximizeWindow(): Current window maximized

2023-09-09 20:39:07 - [MESSAGE][PASSED] - Current window maximized

2023-09-09 20:39:07 - [TEST_STEP][PASSED] - navigateToUrl(RADurl): Navigate to 'https://qa2.velocitypayment.com/client/rad/index.html' successfully

2023-09-09 20:39:09 - [MESSAGE][PASSED] - Navigate to 'https://qa2.velocitypayment.com/client/rad/index.html' successfully

2023-09-09 20:39:09 - [TEST_STEP][PASSED] - orPath_Landing = "Object Repository/RAD_Pages/Landing_Page": null

2023-09-09 20:39:09 - [TEST_STEP][PASSED] - orPath_TaxTypeFilingYear = "Object Repository/RAD_Pages/TaxTypeFilingYear_Page": null

2023-09-09 20:39:09 - [TEST_STEP][PASSED] - orPath_TaxPayer = "Object Repository/RAD_Pages/Taxpayer_Page": null

2023-09-09 20:39:09 - [TEST_STEP][PASSED] - orPath_AddressContact = "Object Repository/RAD_Pages/AddressAndContactInfo_Page": null

2023-09-09 20:39:09 - [TEST_STEP][PASSED] - orPath_FilingStatus = "Object Repository/RAD_Pages/FilingStatus_Page": null

2023-09-09 20:39:09 - [TEST_STEP][PASSED] - orPath_Amount = "Object Repository/RAD_Pages/PaymentAmount_Page": null

2023-09-09 20:39:09 - [TEST_STEP][PASSED] - orPath_TaxInfo = "Object Repository/RAD_Pages/TaxInfo_Page": null

2023-09-09 20:39:09 - [TEST_STEP][PASSED] - orPath_Withholding = "Object Repository/RAD_Pages/Withholding_Page": null

2023-09-09 20:39:09 - [TEST_STEP][PASSED] - orPath_Summary = "Object Repository/RAD_Pages/Summary_Page": null

2023-09-09 20:39:09 - [TEST_STEP][PASSED] - orPath_PaymentReady = "Object Repository/RAD_Pages/PaymentReady_Page": null

2023-09-09 20:39:09 - [TEST_STEP][PASSED] - orPath_PaymentEntry = "Object Repository/RAD_Pages/PaymentEntry_Page": null

2023-09-09 20:39:09 - [TEST_STEP][PASSED] - orPath_PaymentConfirmation = "Object Repository/RAD_Pages/PaymentConfirmation_Page": null

2023-09-09 20:39:09 - [TEST_STEP][PASSED] - orPath_ServiceFeesAccept = "Object Repository/RAD_Pages/ServiceFeeAccept_Page": null

2023-09-09 20:39:09 - [TEST_STEP][PASSED] - selectOptionByLabel(findTestObject(orPath_Landing + "/dd_TaxType"), Paymenttype, false): All options with label 'Existing Liability w/Notice Number' are selected in object 'Object Repository/RAD_Pages/Landing_Page/dd_TaxType' 

2023-09-09 20:39:09 - [MESSAGE][PASSED] - All options with label 'Existing Liability w/Notice Number' are selected in object 'Object Repository/RAD_Pages/Landing_Page/dd_TaxType' 

2023-09-09 20:39:09 - [TEST_STEP][PASSED] - delay(1): Delayed 1 second(s)

2023-09-09 20:39:10 - [MESSAGE][PASSED] - Delayed 1 second(s)

2023-09-09 20:39:10 - [TEST_STEP][PASSED] - switch (Paymenttype): null

2023-09-09 20:39:10 - [TEST_STEP][PASSED] - case "Existing Liability w/Notice Number":: null

2023-09-09 20:39:10 - [TEST_STEP][PASSED] - selectOptionByLabel(findTestObject(orPath_TaxTypeFilingYear + "/select_TaxType_ExistingLiability"), Taxtype, false): All options with label 'Corporate Income Tax' are selected in object 'Object Repository/RAD_Pages/TaxTypeFilingYear_Page/select_TaxType_ExistingLiability' 

2023-09-09 20:39:11 - [MESSAGE][PASSED] - All options with label 'Corporate Income Tax' are selected in object 'Object Repository/RAD_Pages/TaxTypeFilingYear_Page/select_TaxType_ExistingLiability' 

2023-09-09 20:39:11 - [TEST_STEP][PASSED] - break: null

2023-09-09 20:39:11 - [TEST_STEP][PASSED] - delay(1): Delayed 1 second(s)

2023-09-09 20:39:12 - [MESSAGE][PASSED] - Delayed 1 second(s)

2023-09-09 20:39:12 - [TEST_STEP][PASSED] - switch (Paymenttype): null

2023-09-09 20:39:12 - [TEST_STEP][PASSED] - case "Existing Liability w/Notice Number":: null

2023-09-09 20:39:12 - [TEST_STEP][PASSED] - setEncryptedText(findTestObject("Object Repository/RAD_RecordAndPlay/input_Existing_FEIN"), "RigbBhfdqOBDK95asqKeHw=="): Text ****** has been set on object 'Object Repository/RAD_RecordAndPlay/input_Existing_FEIN'

2023-09-09 20:39:13 - [MESSAGE][PASSED] - Text ****** has been set on object 'Object Repository/RAD_RecordAndPlay/input_Existing_FEIN'

2023-09-09 20:39:13 - [TEST_STEP][PASSED] - setEncryptedText(findTestObject("Object Repository/RAD_RecordAndPlay/input_Existing_RetypeFEIN"), ""): Text ****** has been set on object 'Object Repository/RAD_RecordAndPlay/input_Existing_RetypeFEIN'

2023-09-09 20:39:14 - [MESSAGE][PASSED] - Text ****** has been set on object 'Object Repository/RAD_RecordAndPlay/input_Existing_RetypeFEIN'

2023-09-09 20:39:14 - [TEST_STEP][PASSED] - break: null

2023-09-09 20:39:14 - [TEST_STEP][PASSED] - verifyTextPresent("Please enter a valid FEIN with 9 digits.", true): Text 'Please enter a valid FEIN with 9 digits.' is present on page  using regular expression

2023-09-09 20:39:15 - [MESSAGE][PASSED] - Text 'Please enter a valid FEIN with 9 digits.' is present on page  using regular expression

2023-09-09 20:39:15 - [TEST_STEP][PASSED] - if (verifyTextPresent("Please enter a valid FEIN with 9 digits.", true)): null

2023-09-09 20:39:15 - [MESSAGE][PASSED] - Text 'Please enter a valid FEIN with 9 digits.' is present on page  using regular expression

2023-09-09 20:39:15 - [TEST_STEP][PASSED] - println("Error Message is present on the page"): null

2023-09-09 20:39:15 - [TEST_STEP][PASSED] - out.println("Pass Record Number: " + row): null

2023-09-09 20:39:15 - [TEST_STEP][PASSED] - resText = "Pass": null

2023-09-09 20:39:15 - [TEST_STEP][PASSED] - pages.WriteExcel.demoKey(resText, datText, resColumn, datCloumn, fileLoc, nameSheet, row): pages.WriteExcel.demoKey is PASSED

2023-09-09 20:39:15 - [MESSAGE][PASSED] - pages.WriteExcel.demoKey is PASSED

2023-09-09 20:39:15 - [TEST_STEP][PASSED] - ExecuteTC = findTestData(dataFile).getValue("Execute", row): null

2023-09-09 20:39:15 - [TEST_STEP][PASSED] - Taxtype = findTestData(dataFile).getValue("TaxType", row): null

2023-09-09 20:39:15 - [TEST_STEP][PASSED] - Paymenttype = findTestData(dataFile).getValue("PaymentType", row): null

2023-09-09 20:39:15 - [TEST_STEP][PASSED] - out.println("Value of Execute is : " + ExecuteTC): null

2023-09-09 20:39:15 - [TEST_STEP][PASSED] - if (ExecuteTC.equalsIgnoreCase("Y")): null

2023-09-09 20:39:15 - [TEST_STEP][PASSED] - out.println("Begin Record Number: " + row): null

2023-09-09 20:39:15 - [TEST_STEP][PASSED] - today = new java.util.Date(): null

2023-09-09 20:39:15 - [TEST_STEP][PASSED] - println(today): null

2023-09-09 20:39:15 - [TEST_STEP][PASSED] - datText = today: null

2023-09-09 20:39:15 - [TEST_STEP][PASSED] - Taxtype = findTestData(dataFile).getValue("TaxType", row): null

2023-09-09 20:39:15 - [TEST_STEP][PASSED] - out.println("Taxtype value is : " + Taxtype): null

2023-09-09 20:39:15 - [TEST_STEP][PASSED] - openBrowser(""): Browser is opened with url: ''

2023-09-09 20:39:15 - [MESSAGE][WARNING] - A browser is already opened. Closing browser and opening a new one

2023-09-09 20:39:16 - [MESSAGE][INFO] - Starting 'Chrome' driver

2023-09-09 20:39:16 - [MESSAGE][INFO] - User set preference: ['acceptInsecureCerts', 'true']

2023-09-09 20:39:16 - [MESSAGE][INFO] - Action delay is set to 0 milliseconds

2023-09-09 20:39:18 - [MESSAGE][PASSED] - Browser is opened with url: ''

2023-09-09 20:39:18 - [TEST_STEP][PASSED] - maximizeWindow(): Current window maximized

2023-09-09 20:39:18 - [MESSAGE][PASSED] - Current window maximized

2023-09-09 20:39:18 - [TEST_STEP][PASSED] - navigateToUrl(RADurl): Navigate to 'https://qa2.velocitypayment.com/client/rad/index.html' successfully

2023-09-09 20:39:19 - [MESSAGE][PASSED] - Navigate to 'https://qa2.velocitypayment.com/client/rad/index.html' successfully

2023-09-09 20:39:19 - [TEST_STEP][PASSED] - orPath_Landing = "Object Repository/RAD_Pages/Landing_Page": null

2023-09-09 20:39:19 - [TEST_STEP][PASSED] - orPath_TaxTypeFilingYear = "Object Repository/RAD_Pages/TaxTypeFilingYear_Page": null

2023-09-09 20:39:19 - [TEST_STEP][PASSED] - orPath_TaxPayer = "Object Repository/RAD_Pages/Taxpayer_Page": null

2023-09-09 20:39:19 - [TEST_STEP][PASSED] - orPath_AddressContact = "Object Repository/RAD_Pages/AddressAndContactInfo_Page": null

2023-09-09 20:39:19 - [TEST_STEP][PASSED] - orPath_FilingStatus = "Object Repository/RAD_Pages/FilingStatus_Page": null

2023-09-09 20:39:19 - [TEST_STEP][PASSED] - orPath_Amount = "Object Repository/RAD_Pages/PaymentAmount_Page": null

2023-09-09 20:39:19 - [TEST_STEP][PASSED] - orPath_TaxInfo = "Object Repository/RAD_Pages/TaxInfo_Page": null

2023-09-09 20:39:19 - [TEST_STEP][PASSED] - orPath_Withholding = "Object Repository/RAD_Pages/Withholding_Page": null

2023-09-09 20:39:19 - [TEST_STEP][PASSED] - orPath_Summary = "Object Repository/RAD_Pages/Summary_Page": null

2023-09-09 20:39:19 - [TEST_STEP][PASSED] - orPath_PaymentReady = "Object Repository/RAD_Pages/PaymentReady_Page": null

2023-09-09 20:39:19 - [TEST_STEP][PASSED] - orPath_PaymentEntry = "Object Repository/RAD_Pages/PaymentEntry_Page": null

2023-09-09 20:39:19 - [TEST_STEP][PASSED] - orPath_PaymentConfirmation = "Object Repository/RAD_Pages/PaymentConfirmation_Page": null

2023-09-09 20:39:19 - [TEST_STEP][PASSED] - orPath_ServiceFeesAccept = "Object Repository/RAD_Pages/ServiceFeeAccept_Page": null

2023-09-09 20:39:19 - [TEST_STEP][PASSED] - selectOptionByLabel(findTestObject(orPath_Landing + "/dd_TaxType"), Paymenttype, false): All options with label 'Existing Liability w/Notice Number' are selected in object 'Object Repository/RAD_Pages/Landing_Page/dd_TaxType' 

2023-09-09 20:39:20 - [MESSAGE][PASSED] - All options with label 'Existing Liability w/Notice Number' are selected in object 'Object Repository/RAD_Pages/Landing_Page/dd_TaxType' 

2023-09-09 20:39:20 - [TEST_STEP][PASSED] - delay(1): Delayed 1 second(s)

2023-09-09 20:39:21 - [MESSAGE][PASSED] - Delayed 1 second(s)

2023-09-09 20:39:21 - [TEST_STEP][PASSED] - switch (Paymenttype): null

2023-09-09 20:39:21 - [TEST_STEP][PASSED] - case "Existing Liability w/Notice Number":: null

2023-09-09 20:39:21 - [TEST_STEP][PASSED] - selectOptionByLabel(findTestObject(orPath_TaxTypeFilingYear + "/select_TaxType_ExistingLiability"), Taxtype, false): All options with label 'Fiduciary Tax' are selected in object 'Object Repository/RAD_Pages/TaxTypeFilingYear_Page/select_TaxType_ExistingLiability' 

2023-09-09 20:39:22 - [MESSAGE][PASSED] - All options with label 'Fiduciary Tax' are selected in object 'Object Repository/RAD_Pages/TaxTypeFilingYear_Page/select_TaxType_ExistingLiability' 

2023-09-09 20:39:22 - [TEST_STEP][PASSED] - break: null

2023-09-09 20:39:22 - [TEST_STEP][PASSED] - delay(1): Delayed 1 second(s)

2023-09-09 20:39:23 - [MESSAGE][PASSED] - Delayed 1 second(s)

2023-09-09 20:39:23 - [TEST_STEP][PASSED] - switch (Paymenttype): null

2023-09-09 20:39:23 - [TEST_STEP][PASSED] - case "Existing Liability w/Notice Number":: null

2023-09-09 20:39:23 - [TEST_STEP][PASSED] - setEncryptedText(findTestObject("Object Repository/RAD_RecordAndPlay/input_Existing_FEIN"), "RigbBhfdqOBDK95asqKeHw=="): Text ****** has been set on object 'Object Repository/RAD_RecordAndPlay/input_Existing_FEIN'

2023-09-09 20:39:23 - [MESSAGE][PASSED] - Text ****** has been set on object 'Object Repository/RAD_RecordAndPlay/input_Existing_FEIN'

2023-09-09 20:39:24 - [TEST_STEP][PASSED] - setEncryptedText(findTestObject("Object Repository/RAD_RecordAndPlay/input_Existing_RetypeFEIN"), ""): Text ****** has been set on object 'Object Repository/RAD_RecordAndPlay/input_Existing_RetypeFEIN'

2023-09-09 20:39:25 - [MESSAGE][PASSED] - Text ****** has been set on object 'Object Repository/RAD_RecordAndPlay/input_Existing_RetypeFEIN'

2023-09-09 20:39:25 - [TEST_STEP][PASSED] - break: null

2023-09-09 20:39:25 - [TEST_STEP][PASSED] - verifyTextPresent("Please enter a valid FEIN with 9 digits.", true): Text 'Please enter a valid FEIN with 9 digits.' is present on page  using regular expression

2023-09-09 20:39:25 - [MESSAGE][PASSED] - Text 'Please enter a valid FEIN with 9 digits.' is present on page  using regular expression

2023-09-09 20:39:25 - [TEST_STEP][PASSED] - if (verifyTextPresent("Please enter a valid FEIN with 9 digits.", true)): null

2023-09-09 20:39:26 - [MESSAGE][PASSED] - Text 'Please enter a valid FEIN with 9 digits.' is present on page  using regular expression

2023-09-09 20:39:26 - [TEST_STEP][PASSED] - println("Error Message is present on the page"): null

2023-09-09 20:39:26 - [TEST_STEP][PASSED] - out.println("Pass Record Number: " + row): null

2023-09-09 20:39:26 - [TEST_STEP][PASSED] - resText = "Pass": null

2023-09-09 20:39:26 - [TEST_STEP][PASSED] - pages.WriteExcel.demoKey(resText, datText, resColumn, datCloumn, fileLoc, nameSheet, row): pages.WriteExcel.demoKey is PASSED

2023-09-09 20:39:26 - [MESSAGE][PASSED] - pages.WriteExcel.demoKey is PASSED

2023-09-09 20:39:26 - [TEST_STEP][PASSED] - ExecuteTC = findTestData(dataFile).getValue("Execute", row): null

2023-09-09 20:39:26 - [TEST_STEP][PASSED] - Taxtype = findTestData(dataFile).getValue("TaxType", row): null

2023-09-09 20:39:26 - [TEST_STEP][PASSED] - Paymenttype = findTestData(dataFile).getValue("PaymentType", row): null

2023-09-09 20:39:26 - [TEST_STEP][PASSED] - out.println("Value of Execute is : " + ExecuteTC): null

2023-09-09 20:39:26 - [TEST_STEP][PASSED] - if (ExecuteTC.equalsIgnoreCase("Y")): null

2023-09-09 20:39:26 - [TEST_STEP][PASSED] - out.println("Begin Record Number: " + row): null

2023-09-09 20:39:26 - [TEST_STEP][PASSED] - today = new java.util.Date(): null

2023-09-09 20:39:26 - [TEST_STEP][PASSED] - println(today): null

2023-09-09 20:39:26 - [TEST_STEP][PASSED] - datText = today: null

2023-09-09 20:39:26 - [TEST_STEP][PASSED] - Taxtype = findTestData(dataFile).getValue("TaxType", row): null

2023-09-09 20:39:26 - [TEST_STEP][PASSED] - out.println("Taxtype value is : " + Taxtype): null

2023-09-09 20:39:26 - [TEST_STEP][PASSED] - openBrowser(""): Browser is opened with url: ''

2023-09-09 20:39:26 - [MESSAGE][WARNING] - A browser is already opened. Closing browser and opening a new one

2023-09-09 20:39:27 - [MESSAGE][INFO] - Starting 'Chrome' driver

2023-09-09 20:39:27 - [MESSAGE][INFO] - User set preference: ['acceptInsecureCerts', 'true']

2023-09-09 20:39:27 - [MESSAGE][INFO] - Action delay is set to 0 milliseconds

2023-09-09 20:39:28 - [MESSAGE][PASSED] - Browser is opened with url: ''

2023-09-09 20:39:28 - [TEST_STEP][PASSED] - maximizeWindow(): Current window maximized

2023-09-09 20:39:28 - [MESSAGE][PASSED] - Current window maximized

2023-09-09 20:39:28 - [TEST_STEP][PASSED] - navigateToUrl(RADurl): Navigate to 'https://qa2.velocitypayment.com/client/rad/index.html' successfully

2023-09-09 20:39:30 - [MESSAGE][PASSED] - Navigate to 'https://qa2.velocitypayment.com/client/rad/index.html' successfully

2023-09-09 20:39:30 - [TEST_STEP][PASSED] - orPath_Landing = "Object Repository/RAD_Pages/Landing_Page": null

2023-09-09 20:39:30 - [TEST_STEP][PASSED] - orPath_TaxTypeFilingYear = "Object Repository/RAD_Pages/TaxTypeFilingYear_Page": null

2023-09-09 20:39:30 - [TEST_STEP][PASSED] - orPath_TaxPayer = "Object Repository/RAD_Pages/Taxpayer_Page": null

2023-09-09 20:39:30 - [TEST_STEP][PASSED] - orPath_AddressContact = "Object Repository/RAD_Pages/AddressAndContactInfo_Page": null

2023-09-09 20:39:30 - [TEST_STEP][PASSED] - orPath_FilingStatus = "Object Repository/RAD_Pages/FilingStatus_Page": null

2023-09-09 20:39:30 - [TEST_STEP][PASSED] - orPath_Amount = "Object Repository/RAD_Pages/PaymentAmount_Page": null

2023-09-09 20:39:30 - [TEST_STEP][PASSED] - orPath_TaxInfo = "Object Repository/RAD_Pages/TaxInfo_Page": null

2023-09-09 20:39:30 - [TEST_STEP][PASSED] - orPath_Withholding = "Object Repository/RAD_Pages/Withholding_Page": null

2023-09-09 20:39:30 - [TEST_STEP][PASSED] - orPath_Summary = "Object Repository/RAD_Pages/Summary_Page": null

2023-09-09 20:39:30 - [TEST_STEP][PASSED] - orPath_PaymentReady = "Object Repository/RAD_Pages/PaymentReady_Page": null

2023-09-09 20:39:30 - [TEST_STEP][PASSED] - orPath_PaymentEntry = "Object Repository/RAD_Pages/PaymentEntry_Page": null

2023-09-09 20:39:30 - [TEST_STEP][PASSED] - orPath_PaymentConfirmation = "Object Repository/RAD_Pages/PaymentConfirmation_Page": null

2023-09-09 20:39:30 - [TEST_STEP][PASSED] - orPath_ServiceFeesAccept = "Object Repository/RAD_Pages/ServiceFeeAccept_Page": null

2023-09-09 20:39:30 - [TEST_STEP][PASSED] - selectOptionByLabel(findTestObject(orPath_Landing + "/dd_TaxType"), Paymenttype, false): All options with label 'Existing Liability w/Notice Number' are selected in object 'Object Repository/RAD_Pages/Landing_Page/dd_TaxType' 

2023-09-09 20:39:31 - [MESSAGE][PASSED] - All options with label 'Existing Liability w/Notice Number' are selected in object 'Object Repository/RAD_Pages/Landing_Page/dd_TaxType' 

2023-09-09 20:39:31 - [TEST_STEP][PASSED] - delay(1): Delayed 1 second(s)

2023-09-09 20:39:32 - [MESSAGE][PASSED] - Delayed 1 second(s)

2023-09-09 20:39:32 - [TEST_STEP][PASSED] - switch (Paymenttype): null

2023-09-09 20:39:32 - [TEST_STEP][PASSED] - case "Existing Liability w/Notice Number":: null

2023-09-09 20:39:32 - [TEST_STEP][PASSED] - selectOptionByLabel(findTestObject(orPath_TaxTypeFilingYear + "/select_TaxType_ExistingLiability"), Taxtype, false): All options with label 'PTE Non-Electing Non-S Corp' are selected in object 'Object Repository/RAD_Pages/TaxTypeFilingYear_Page/select_TaxType_ExistingLiability' 

2023-09-09 20:39:32 - [MESSAGE][PASSED] - All options with label 'PTE Non-Electing Non-S Corp' are selected in object 'Object Repository/RAD_Pages/TaxTypeFilingYear_Page/select_TaxType_ExistingLiability' 

2023-09-09 20:39:32 - [TEST_STEP][PASSED] - break: null

2023-09-09 20:39:32 - [TEST_STEP][PASSED] - delay(1): Delayed 1 second(s)

2023-09-09 20:39:33 - [MESSAGE][PASSED] - Delayed 1 second(s)

2023-09-09 20:39:33 - [TEST_STEP][PASSED] - switch (Paymenttype): null

2023-09-09 20:39:33 - [TEST_STEP][PASSED] - case "Existing Liability w/Notice Number":: null

2023-09-09 20:39:33 - [TEST_STEP][PASSED] - setEncryptedText(findTestObject("Object Repository/RAD_RecordAndPlay/input_Existing_FEIN"), "RigbBhfdqOBDK95asqKeHw=="): Text ****** has been set on object 'Object Repository/RAD_RecordAndPlay/input_Existing_FEIN'

2023-09-09 20:39:34 - [MESSAGE][PASSED] - Text ****** has been set on object 'Object Repository/RAD_RecordAndPlay/input_Existing_FEIN'

2023-09-09 20:39:34 - [TEST_STEP][PASSED] - setEncryptedText(findTestObject("Object Repository/RAD_RecordAndPlay/input_Existing_RetypeFEIN"), ""): Text ****** has been set on object 'Object Repository/RAD_RecordAndPlay/input_Existing_RetypeFEIN'

2023-09-09 20:39:35 - [MESSAGE][PASSED] - Text ****** has been set on object 'Object Repository/RAD_RecordAndPlay/input_Existing_RetypeFEIN'

2023-09-09 20:39:35 - [TEST_STEP][PASSED] - break: null

2023-09-09 20:39:35 - [TEST_STEP][PASSED] - verifyTextPresent("Please enter a valid FEIN with 9 digits.", true): Text 'Please enter a valid FEIN with 9 digits.' is present on page  using regular expression

2023-09-09 20:39:36 - [MESSAGE][PASSED] - Text 'Please enter a valid FEIN with 9 digits.' is present on page  using regular expression

2023-09-09 20:39:36 - [TEST_STEP][PASSED] - if (verifyTextPresent("Please enter a valid FEIN with 9 digits.", true)): null

2023-09-09 20:39:36 - [MESSAGE][PASSED] - Text 'Please enter a valid FEIN with 9 digits.' is present on page  using regular expression

2023-09-09 20:39:36 - [TEST_STEP][PASSED] - println("Error Message is present on the page"): null

2023-09-09 20:39:36 - [TEST_STEP][PASSED] - out.println("Pass Record Number: " + row): null

2023-09-09 20:39:36 - [TEST_STEP][PASSED] - resText = "Pass": null

2023-09-09 20:39:36 - [TEST_STEP][PASSED] - pages.WriteExcel.demoKey(resText, datText, resColumn, datCloumn, fileLoc, nameSheet, row): pages.WriteExcel.demoKey is PASSED

2023-09-09 20:39:36 - [MESSAGE][PASSED] - pages.WriteExcel.demoKey is PASSED

2023-09-09 20:39:37 - [TEST_STEP][PASSED] - ExecuteTC = findTestData(dataFile).getValue("Execute", row): null

2023-09-09 20:39:37 - [TEST_STEP][PASSED] - Taxtype = findTestData(dataFile).getValue("TaxType", row): null

2023-09-09 20:39:37 - [TEST_STEP][PASSED] - Paymenttype = findTestData(dataFile).getValue("PaymentType", row): null

2023-09-09 20:39:37 - [TEST_STEP][PASSED] - out.println("Value of Execute is : " + ExecuteTC): null

2023-09-09 20:39:37 - [TEST_STEP][PASSED] - if (ExecuteTC.equalsIgnoreCase("Y")): null

2023-09-09 20:39:37 - [TEST_STEP][PASSED] - out.println("Begin Record Number: " + row): null

2023-09-09 20:39:37 - [TEST_STEP][PASSED] - today = new java.util.Date(): null

2023-09-09 20:39:37 - [TEST_STEP][PASSED] - println(today): null

2023-09-09 20:39:37 - [TEST_STEP][PASSED] - datText = today: null

2023-09-09 20:39:37 - [TEST_STEP][PASSED] - Taxtype = findTestData(dataFile).getValue("TaxType", row): null

2023-09-09 20:39:37 - [TEST_STEP][PASSED] - out.println("Taxtype value is : " + Taxtype): null

2023-09-09 20:39:37 - [TEST_STEP][PASSED] - openBrowser(""): Browser is opened with url: ''

2023-09-09 20:39:37 - [MESSAGE][WARNING] - A browser is already opened. Closing browser and opening a new one

2023-09-09 20:39:38 - [MESSAGE][INFO] - Starting 'Chrome' driver

2023-09-09 20:39:38 - [MESSAGE][INFO] - User set preference: ['acceptInsecureCerts', 'true']

2023-09-09 20:39:38 - [MESSAGE][INFO] - Action delay is set to 0 milliseconds

2023-09-09 20:39:39 - [MESSAGE][PASSED] - Browser is opened with url: ''

2023-09-09 20:39:39 - [TEST_STEP][PASSED] - maximizeWindow(): Current window maximized

2023-09-09 20:39:39 - [MESSAGE][PASSED] - Current window maximized

2023-09-09 20:39:39 - [TEST_STEP][PASSED] - navigateToUrl(RADurl): Navigate to 'https://qa2.velocitypayment.com/client/rad/index.html' successfully

2023-09-09 20:39:41 - [MESSAGE][PASSED] - Navigate to 'https://qa2.velocitypayment.com/client/rad/index.html' successfully

2023-09-09 20:39:41 - [TEST_STEP][PASSED] - orPath_Landing = "Object Repository/RAD_Pages/Landing_Page": null

2023-09-09 20:39:41 - [TEST_STEP][PASSED] - orPath_TaxTypeFilingYear = "Object Repository/RAD_Pages/TaxTypeFilingYear_Page": null

2023-09-09 20:39:41 - [TEST_STEP][PASSED] - orPath_TaxPayer = "Object Repository/RAD_Pages/Taxpayer_Page": null

2023-09-09 20:39:41 - [TEST_STEP][PASSED] - orPath_AddressContact = "Object Repository/RAD_Pages/AddressAndContactInfo_Page": null

2023-09-09 20:39:41 - [TEST_STEP][PASSED] - orPath_FilingStatus = "Object Repository/RAD_Pages/FilingStatus_Page": null

2023-09-09 20:39:41 - [TEST_STEP][PASSED] - orPath_Amount = "Object Repository/RAD_Pages/PaymentAmount_Page": null

2023-09-09 20:39:41 - [TEST_STEP][PASSED] - orPath_TaxInfo = "Object Repository/RAD_Pages/TaxInfo_Page": null

2023-09-09 20:39:41 - [TEST_STEP][PASSED] - orPath_Withholding = "Object Repository/RAD_Pages/Withholding_Page": null

2023-09-09 20:39:41 - [TEST_STEP][PASSED] - orPath_Summary = "Object Repository/RAD_Pages/Summary_Page": null

2023-09-09 20:39:41 - [TEST_STEP][PASSED] - orPath_PaymentReady = "Object Repository/RAD_Pages/PaymentReady_Page": null

2023-09-09 20:39:41 - [TEST_STEP][PASSED] - orPath_PaymentEntry = "Object Repository/RAD_Pages/PaymentEntry_Page": null

2023-09-09 20:39:41 - [TEST_STEP][PASSED] - orPath_PaymentConfirmation = "Object Repository/RAD_Pages/PaymentConfirmation_Page": null

2023-09-09 20:39:41 - [TEST_STEP][PASSED] - orPath_ServiceFeesAccept = "Object Repository/RAD_Pages/ServiceFeeAccept_Page": null

2023-09-09 20:39:41 - [TEST_STEP][PASSED] - selectOptionByLabel(findTestObject(orPath_Landing + "/dd_TaxType"), Paymenttype, false): All options with label 'Existing Liability w/Notice Number' are selected in object 'Object Repository/RAD_Pages/Landing_Page/dd_TaxType' 

2023-09-09 20:39:42 - [MESSAGE][PASSED] - All options with label 'Existing Liability w/Notice Number' are selected in object 'Object Repository/RAD_Pages/Landing_Page/dd_TaxType' 

2023-09-09 20:39:42 - [TEST_STEP][PASSED] - delay(1): Delayed 1 second(s)

2023-09-09 20:39:43 - [MESSAGE][PASSED] - Delayed 1 second(s)

2023-09-09 20:39:43 - [TEST_STEP][PASSED] - switch (Paymenttype): null

2023-09-09 20:39:43 - [TEST_STEP][PASSED] - case "Existing Liability w/Notice Number":: null

2023-09-09 20:39:43 - [TEST_STEP][PASSED] - selectOptionByLabel(findTestObject(orPath_TaxTypeFilingYear + "/select_TaxType_ExistingLiability"), Taxtype, false): All options with label 'PTE Non-Electing S Corp' are selected in object 'Object Repository/RAD_Pages/TaxTypeFilingYear_Page/select_TaxType_ExistingLiability' 

2023-09-09 20:39:44 - [MESSAGE][PASSED] - All options with label 'PTE Non-Electing S Corp' are selected in object 'Object Repository/RAD_Pages/TaxTypeFilingYear_Page/select_TaxType_ExistingLiability' 

2023-09-09 20:39:44 - [TEST_STEP][PASSED] - break: null

2023-09-09 20:39:44 - [TEST_STEP][PASSED] - delay(1): Delayed 1 second(s)

2023-09-09 20:39:45 - [MESSAGE][PASSED] - Delayed 1 second(s)

2023-09-09 20:39:45 - [TEST_STEP][PASSED] - switch (Paymenttype): null

2023-09-09 20:39:45 - [TEST_STEP][PASSED] - case "Existing Liability w/Notice Number":: null

2023-09-09 20:39:45 - [TEST_STEP][PASSED] - setEncryptedText(findTestObject("Object Repository/RAD_RecordAndPlay/input_Existing_FEIN"), "RigbBhfdqOBDK95asqKeHw=="): Text ****** has been set on object 'Object Repository/RAD_RecordAndPlay/input_Existing_FEIN'

2023-09-09 20:39:45 - [MESSAGE][PASSED] - Text ****** has been set on object 'Object Repository/RAD_RecordAndPlay/input_Existing_FEIN'

2023-09-09 20:39:46 - [TEST_STEP][PASSED] - setEncryptedText(findTestObject("Object Repository/RAD_RecordAndPlay/input_Existing_RetypeFEIN"), ""): Text ****** has been set on object 'Object Repository/RAD_RecordAndPlay/input_Existing_RetypeFEIN'

2023-09-09 20:39:47 - [MESSAGE][PASSED] - Text ****** has been set on object 'Object Repository/RAD_RecordAndPlay/input_Existing_RetypeFEIN'

2023-09-09 20:39:47 - [TEST_STEP][PASSED] - break: null

2023-09-09 20:39:47 - [TEST_STEP][PASSED] - verifyTextPresent("Please enter a valid FEIN with 9 digits.", true): Text 'Please enter a valid FEIN with 9 digits.' is present on page  using regular expression

2023-09-09 20:39:47 - [MESSAGE][PASSED] - Text 'Please enter a valid FEIN with 9 digits.' is present on page  using regular expression

2023-09-09 20:39:47 - [TEST_STEP][PASSED] - if (verifyTextPresent("Please enter a valid FEIN with 9 digits.", true)): null

2023-09-09 20:39:48 - [MESSAGE][PASSED] - Text 'Please enter a valid FEIN with 9 digits.' is present on page  using regular expression

2023-09-09 20:39:48 - [TEST_STEP][PASSED] - println("Error Message is present on the page"): null

2023-09-09 20:39:48 - [TEST_STEP][PASSED] - out.println("Pass Record Number: " + row): null

2023-09-09 20:39:48 - [TEST_STEP][PASSED] - resText = "Pass": null

2023-09-09 20:39:48 - [TEST_STEP][PASSED] - pages.WriteExcel.demoKey(resText, datText, resColumn, datCloumn, fileLoc, nameSheet, row): pages.WriteExcel.demoKey is PASSED

2023-09-09 20:39:48 - [MESSAGE][PASSED] - pages.WriteExcel.demoKey is PASSED

2023-09-09 20:39:48 - [TEST_STEP][PASSED] - ExecuteTC = findTestData(dataFile).getValue("Execute", row): null

2023-09-09 20:39:48 - [TEST_STEP][PASSED] - Taxtype = findTestData(dataFile).getValue("TaxType", row): null

2023-09-09 20:39:48 - [TEST_STEP][PASSED] - Paymenttype = findTestData(dataFile).getValue("PaymentType", row): null

2023-09-09 20:39:48 - [TEST_STEP][PASSED] - out.println("Value of Execute is : " + ExecuteTC): null

2023-09-09 20:39:48 - [TEST_STEP][PASSED] - if (ExecuteTC.equalsIgnoreCase("Y")): null

2023-09-09 20:39:48 - [TEST_STEP][PASSED] - out.println("Begin Record Number: " + row): null

2023-09-09 20:39:48 - [TEST_STEP][PASSED] - today = new java.util.Date(): null

2023-09-09 20:39:48 - [TEST_STEP][PASSED] - println(today): null

2023-09-09 20:39:48 - [TEST_STEP][PASSED] - datText = today: null

2023-09-09 20:39:48 - [TEST_STEP][PASSED] - Taxtype = findTestData(dataFile).getValue("TaxType", row): null

2023-09-09 20:39:48 - [TEST_STEP][PASSED] - out.println("Taxtype value is : " + Taxtype): null

2023-09-09 20:39:48 - [TEST_STEP][PASSED] - openBrowser(""): Browser is opened with url: ''

2023-09-09 20:39:48 - [MESSAGE][WARNING] - A browser is already opened. Closing browser and opening a new one

2023-09-09 20:39:49 - [MESSAGE][INFO] - Starting 'Chrome' driver

2023-09-09 20:39:49 - [MESSAGE][INFO] - User set preference: ['acceptInsecureCerts', 'true']

2023-09-09 20:39:49 - [MESSAGE][INFO] - Action delay is set to 0 milliseconds

2023-09-09 20:39:50 - [MESSAGE][PASSED] - Browser is opened with url: ''

2023-09-09 20:39:50 - [TEST_STEP][PASSED] - maximizeWindow(): Current window maximized

2023-09-09 20:39:51 - [MESSAGE][PASSED] - Current window maximized

2023-09-09 20:39:51 - [TEST_STEP][PASSED] - navigateToUrl(RADurl): Navigate to 'https://qa2.velocitypayment.com/client/rad/index.html' successfully

2023-09-09 20:39:52 - [MESSAGE][PASSED] - Navigate to 'https://qa2.velocitypayment.com/client/rad/index.html' successfully

2023-09-09 20:39:52 - [TEST_STEP][PASSED] - orPath_Landing = "Object Repository/RAD_Pages/Landing_Page": null

2023-09-09 20:39:52 - [TEST_STEP][PASSED] - orPath_TaxTypeFilingYear = "Object Repository/RAD_Pages/TaxTypeFilingYear_Page": null

2023-09-09 20:39:52 - [TEST_STEP][PASSED] - orPath_TaxPayer = "Object Repository/RAD_Pages/Taxpayer_Page": null

2023-09-09 20:39:52 - [TEST_STEP][PASSED] - orPath_AddressContact = "Object Repository/RAD_Pages/AddressAndContactInfo_Page": null

2023-09-09 20:39:52 - [TEST_STEP][PASSED] - orPath_FilingStatus = "Object Repository/RAD_Pages/FilingStatus_Page": null

2023-09-09 20:39:52 - [TEST_STEP][PASSED] - orPath_Amount = "Object Repository/RAD_Pages/PaymentAmount_Page": null

2023-09-09 20:39:52 - [TEST_STEP][PASSED] - orPath_TaxInfo = "Object Repository/RAD_Pages/TaxInfo_Page": null

2023-09-09 20:39:52 - [TEST_STEP][PASSED] - orPath_Withholding = "Object Repository/RAD_Pages/Withholding_Page": null

2023-09-09 20:39:52 - [TEST_STEP][PASSED] - orPath_Summary = "Object Repository/RAD_Pages/Summary_Page": null

2023-09-09 20:39:52 - [TEST_STEP][PASSED] - orPath_PaymentReady = "Object Repository/RAD_Pages/PaymentReady_Page": null

2023-09-09 20:39:52 - [TEST_STEP][PASSED] - orPath_PaymentEntry = "Object Repository/RAD_Pages/PaymentEntry_Page": null

2023-09-09 20:39:52 - [TEST_STEP][PASSED] - orPath_PaymentConfirmation = "Object Repository/RAD_Pages/PaymentConfirmation_Page": null

2023-09-09 20:39:52 - [TEST_STEP][PASSED] - orPath_ServiceFeesAccept = "Object Repository/RAD_Pages/ServiceFeeAccept_Page": null

2023-09-09 20:39:52 - [TEST_STEP][PASSED] - selectOptionByLabel(findTestObject(orPath_Landing + "/dd_TaxType"), Paymenttype, false): All options with label 'Existing Liability w/Notice Number' are selected in object 'Object Repository/RAD_Pages/Landing_Page/dd_TaxType' 

2023-09-09 20:39:53 - [MESSAGE][PASSED] - All options with label 'Existing Liability w/Notice Number' are selected in object 'Object Repository/RAD_Pages/Landing_Page/dd_TaxType' 

2023-09-09 20:39:53 - [TEST_STEP][PASSED] - delay(1): Delayed 1 second(s)

2023-09-09 20:39:54 - [MESSAGE][PASSED] - Delayed 1 second(s)

2023-09-09 20:39:54 - [TEST_STEP][PASSED] - switch (Paymenttype): null

2023-09-09 20:39:54 - [TEST_STEP][PASSED] - case "Existing Liability w/Notice Number":: null

2023-09-09 20:39:54 - [TEST_STEP][PASSED] - selectOptionByLabel(findTestObject(orPath_TaxTypeFilingYear + "/select_TaxType_ExistingLiability"), Taxtype, false): All options with label 'Sales & Use Tax' are selected in object 'Object Repository/RAD_Pages/TaxTypeFilingYear_Page/select_TaxType_ExistingLiability' 

2023-09-09 20:39:55 - [MESSAGE][PASSED] - All options with label 'Sales & Use Tax' are selected in object 'Object Repository/RAD_Pages/TaxTypeFilingYear_Page/select_TaxType_ExistingLiability' 

2023-09-09 20:39:55 - [TEST_STEP][PASSED] - break: null

2023-09-09 20:39:55 - [TEST_STEP][PASSED] - delay(1): Delayed 1 second(s)

2023-09-09 20:39:56 - [MESSAGE][PASSED] - Delayed 1 second(s)

2023-09-09 20:39:56 - [TEST_STEP][PASSED] - switch (Paymenttype): null

2023-09-09 20:39:56 - [TEST_STEP][PASSED] - case "Existing Liability w/Notice Number":: null

2023-09-09 20:39:56 - [TEST_STEP][PASSED] - setEncryptedText(findTestObject("Object Repository/RAD_RecordAndPlay/input_Existing_FEIN"), "RigbBhfdqOBDK95asqKeHw=="): Text ****** has been set on object 'Object Repository/RAD_RecordAndPlay/input_Existing_FEIN'

2023-09-09 20:39:56 - [MESSAGE][PASSED] - Text ****** has been set on object 'Object Repository/RAD_RecordAndPlay/input_Existing_FEIN'

2023-09-09 20:39:57 - [TEST_STEP][PASSED] - setEncryptedText(findTestObject("Object Repository/RAD_RecordAndPlay/input_Existing_RetypeFEIN"), ""): Text ****** has been set on object 'Object Repository/RAD_RecordAndPlay/input_Existing_RetypeFEIN'

2023-09-09 20:39:57 - [MESSAGE][PASSED] - Text ****** has been set on object 'Object Repository/RAD_RecordAndPlay/input_Existing_RetypeFEIN'

2023-09-09 20:39:57 - [TEST_STEP][PASSED] - break: null

2023-09-09 20:39:57 - [TEST_STEP][PASSED] - verifyTextPresent("Please enter a valid FEIN with 9 digits.", true): Text 'Please enter a valid FEIN with 9 digits.' is present on page  using regular expression

2023-09-09 20:39:58 - [MESSAGE][PASSED] - Text 'Please enter a valid FEIN with 9 digits.' is present on page  using regular expression

2023-09-09 20:39:58 - [TEST_STEP][PASSED] - if (verifyTextPresent("Please enter a valid FEIN with 9 digits.", true)): null

2023-09-09 20:39:59 - [MESSAGE][PASSED] - Text 'Please enter a valid FEIN with 9 digits.' is present on page  using regular expression

2023-09-09 20:39:59 - [TEST_STEP][PASSED] - println("Error Message is present on the page"): null

2023-09-09 20:39:59 - [TEST_STEP][PASSED] - out.println("Pass Record Number: " + row): null

2023-09-09 20:39:59 - [TEST_STEP][PASSED] - resText = "Pass": null

2023-09-09 20:39:59 - [TEST_STEP][PASSED] - pages.WriteExcel.demoKey(resText, datText, resColumn, datCloumn, fileLoc, nameSheet, row): pages.WriteExcel.demoKey is PASSED

2023-09-09 20:39:59 - [MESSAGE][PASSED] - pages.WriteExcel.demoKey is PASSED

2023-09-09 20:39:59 - [TEST_STEP][PASSED] - ExecuteTC = findTestData(dataFile).getValue("Execute", row): null

2023-09-09 20:39:59 - [TEST_STEP][PASSED] - Taxtype = findTestData(dataFile).getValue("TaxType", row): null

2023-09-09 20:39:59 - [TEST_STEP][PASSED] - Paymenttype = findTestData(dataFile).getValue("PaymentType", row): null

2023-09-09 20:39:59 - [TEST_STEP][PASSED] - out.println("Value of Execute is : " + ExecuteTC): null

2023-09-09 20:39:59 - [TEST_STEP][PASSED] - if (ExecuteTC.equalsIgnoreCase("Y")): null

2023-09-09 20:39:59 - [TEST_STEP][PASSED] - out.println("Begin Record Number: " + row): null

2023-09-09 20:39:59 - [TEST_STEP][PASSED] - today = new java.util.Date(): null

2023-09-09 20:39:59 - [TEST_STEP][PASSED] - println(today): null

2023-09-09 20:39:59 - [TEST_STEP][PASSED] - datText = today: null

2023-09-09 20:39:59 - [TEST_STEP][PASSED] - Taxtype = findTestData(dataFile).getValue("TaxType", row): null

2023-09-09 20:39:59 - [TEST_STEP][PASSED] - out.println("Taxtype value is : " + Taxtype): null

2023-09-09 20:39:59 - [TEST_STEP][PASSED] - openBrowser(""): Browser is opened with url: ''

2023-09-09 20:39:59 - [MESSAGE][WARNING] - A browser is already opened. Closing browser and opening a new one

2023-09-09 20:40:00 - [MESSAGE][INFO] - Starting 'Chrome' driver

2023-09-09 20:40:00 - [MESSAGE][INFO] - User set preference: ['acceptInsecureCerts', 'true']

2023-09-09 20:40:00 - [MESSAGE][INFO] - Action delay is set to 0 milliseconds

2023-09-09 20:40:01 - [MESSAGE][PASSED] - Browser is opened with url: ''

2023-09-09 20:40:01 - [TEST_STEP][PASSED] - maximizeWindow(): Current window maximized

2023-09-09 20:40:01 - [MESSAGE][PASSED] - Current window maximized

2023-09-09 20:40:01 - [TEST_STEP][PASSED] - navigateToUrl(RADurl): Navigate to 'https://qa2.velocitypayment.com/client/rad/index.html' successfully

2023-09-09 20:40:03 - [MESSAGE][PASSED] - Navigate to 'https://qa2.velocitypayment.com/client/rad/index.html' successfully

2023-09-09 20:40:03 - [TEST_STEP][PASSED] - orPath_Landing = "Object Repository/RAD_Pages/Landing_Page": null

2023-09-09 20:40:03 - [TEST_STEP][PASSED] - orPath_TaxTypeFilingYear = "Object Repository/RAD_Pages/TaxTypeFilingYear_Page": null

2023-09-09 20:40:03 - [TEST_STEP][PASSED] - orPath_TaxPayer = "Object Repository/RAD_Pages/Taxpayer_Page": null

2023-09-09 20:40:03 - [TEST_STEP][PASSED] - orPath_AddressContact = "Object Repository/RAD_Pages/AddressAndContactInfo_Page": null

2023-09-09 20:40:03 - [TEST_STEP][PASSED] - orPath_FilingStatus = "Object Repository/RAD_Pages/FilingStatus_Page": null

2023-09-09 20:40:03 - [TEST_STEP][PASSED] - orPath_Amount = "Object Repository/RAD_Pages/PaymentAmount_Page": null

2023-09-09 20:40:03 - [TEST_STEP][PASSED] - orPath_TaxInfo = "Object Repository/RAD_Pages/TaxInfo_Page": null

2023-09-09 20:40:03 - [TEST_STEP][PASSED] - orPath_Withholding = "Object Repository/RAD_Pages/Withholding_Page": null

2023-09-09 20:40:03 - [TEST_STEP][PASSED] - orPath_Summary = "Object Repository/RAD_Pages/Summary_Page": null

2023-09-09 20:40:03 - [TEST_STEP][PASSED] - orPath_PaymentReady = "Object Repository/RAD_Pages/PaymentReady_Page": null

2023-09-09 20:40:03 - [TEST_STEP][PASSED] - orPath_PaymentEntry = "Object Repository/RAD_Pages/PaymentEntry_Page": null

2023-09-09 20:40:03 - [TEST_STEP][PASSED] - orPath_PaymentConfirmation = "Object Repository/RAD_Pages/PaymentConfirmation_Page": null

2023-09-09 20:40:03 - [TEST_STEP][PASSED] - orPath_ServiceFeesAccept = "Object Repository/RAD_Pages/ServiceFeeAccept_Page": null

2023-09-09 20:40:03 - [TEST_STEP][PASSED] - selectOptionByLabel(findTestObject(orPath_Landing + "/dd_TaxType"), Paymenttype, false): All options with label 'Existing Liability w/Notice Number' are selected in object 'Object Repository/RAD_Pages/Landing_Page/dd_TaxType' 

2023-09-09 20:40:03 - [MESSAGE][PASSED] - All options with label 'Existing Liability w/Notice Number' are selected in object 'Object Repository/RAD_Pages/Landing_Page/dd_TaxType' 

2023-09-09 20:40:03 - [TEST_STEP][PASSED] - delay(1): Delayed 1 second(s)

2023-09-09 20:40:04 - [MESSAGE][PASSED] - Delayed 1 second(s)

2023-09-09 20:40:04 - [TEST_STEP][PASSED] - switch (Paymenttype): null

2023-09-09 20:40:04 - [TEST_STEP][PASSED] - case "Existing Liability w/Notice Number":: null

2023-09-09 20:40:04 - [TEST_STEP][PASSED] - selectOptionByLabel(findTestObject(orPath_TaxTypeFilingYear + "/select_TaxType_ExistingLiability"), Taxtype, false): All options with label 'Tire Recycling Fee' are selected in object 'Object Repository/RAD_Pages/TaxTypeFilingYear_Page/select_TaxType_ExistingLiability' 

2023-09-09 20:40:05 - [MESSAGE][PASSED] - All options with label 'Tire Recycling Fee' are selected in object 'Object Repository/RAD_Pages/TaxTypeFilingYear_Page/select_TaxType_ExistingLiability' 

2023-09-09 20:40:05 - [TEST_STEP][PASSED] - break: null

2023-09-09 20:40:05 - [TEST_STEP][PASSED] - delay(1): Delayed 1 second(s)

2023-09-09 20:40:06 - [MESSAGE][PASSED] - Delayed 1 second(s)

2023-09-09 20:40:06 - [TEST_STEP][PASSED] - switch (Paymenttype): null

2023-09-09 20:40:06 - [TEST_STEP][PASSED] - case "Existing Liability w/Notice Number":: null

2023-09-09 20:40:06 - [TEST_STEP][PASSED] - setEncryptedText(findTestObject("Object Repository/RAD_RecordAndPlay/input_Existing_FEIN"), "RigbBhfdqOBDK95asqKeHw=="): Text ****** has been set on object 'Object Repository/RAD_RecordAndPlay/input_Existing_FEIN'

2023-09-09 20:40:07 - [MESSAGE][PASSED] - Text ****** has been set on object 'Object Repository/RAD_RecordAndPlay/input_Existing_FEIN'

2023-09-09 20:40:07 - [TEST_STEP][PASSED] - setEncryptedText(findTestObject("Object Repository/RAD_RecordAndPlay/input_Existing_RetypeFEIN"), ""): Text ****** has been set on object 'Object Repository/RAD_RecordAndPlay/input_Existing_RetypeFEIN'

2023-09-09 20:40:08 - [MESSAGE][PASSED] - Text ****** has been set on object 'Object Repository/RAD_RecordAndPlay/input_Existing_RetypeFEIN'

2023-09-09 20:40:08 - [TEST_STEP][PASSED] - break: null

2023-09-09 20:40:08 - [TEST_STEP][PASSED] - verifyTextPresent("Please enter a valid FEIN with 9 digits.", true): Text 'Please enter a valid FEIN with 9 digits.' is present on page  using regular expression

2023-09-09 20:40:09 - [MESSAGE][PASSED] - Text 'Please enter a valid FEIN with 9 digits.' is present on page  using regular expression

2023-09-09 20:40:09 - [TEST_STEP][PASSED] - if (verifyTextPresent("Please enter a valid FEIN with 9 digits.", true)): null

2023-09-09 20:40:09 - [MESSAGE][PASSED] - Text 'Please enter a valid FEIN with 9 digits.' is present on page  using regular expression

2023-09-09 20:40:09 - [TEST_STEP][PASSED] - println("Error Message is present on the page"): null

2023-09-09 20:40:09 - [TEST_STEP][PASSED] - out.println("Pass Record Number: " + row): null

2023-09-09 20:40:09 - [TEST_STEP][PASSED] - resText = "Pass": null

2023-09-09 20:40:09 - [TEST_STEP][PASSED] - pages.WriteExcel.demoKey(resText, datText, resColumn, datCloumn, fileLoc, nameSheet, row): pages.WriteExcel.demoKey is PASSED

2023-09-09 20:40:09 - [MESSAGE][PASSED] - pages.WriteExcel.demoKey is PASSED

2023-09-09 20:40:09 - [TEST_STEP][PASSED] - ExecuteTC = findTestData(dataFile).getValue("Execute", row): null

2023-09-09 20:40:09 - [TEST_STEP][PASSED] - Taxtype = findTestData(dataFile).getValue("TaxType", row): null

2023-09-09 20:40:09 - [TEST_STEP][PASSED] - Paymenttype = findTestData(dataFile).getValue("PaymentType", row): null

2023-09-09 20:40:09 - [TEST_STEP][PASSED] - out.println("Value of Execute is : " + ExecuteTC): null

2023-09-09 20:40:09 - [TEST_STEP][PASSED] - if (ExecuteTC.equalsIgnoreCase("Y")): null

2023-09-09 20:40:09 - [TEST_STEP][PASSED] - out.println("Begin Record Number: " + row): null

2023-09-09 20:40:09 - [TEST_STEP][PASSED] - today = new java.util.Date(): null

2023-09-09 20:40:09 - [TEST_STEP][PASSED] - println(today): null

2023-09-09 20:40:09 - [TEST_STEP][PASSED] - datText = today: null

2023-09-09 20:40:09 - [TEST_STEP][PASSED] - Taxtype = findTestData(dataFile).getValue("TaxType", row): null

2023-09-09 20:40:09 - [TEST_STEP][PASSED] - out.println("Taxtype value is : " + Taxtype): null

2023-09-09 20:40:09 - [TEST_STEP][PASSED] - openBrowser(""): Browser is opened with url: ''

2023-09-09 20:40:09 - [MESSAGE][WARNING] - A browser is already opened. Closing browser and opening a new one

2023-09-09 20:40:10 - [MESSAGE][INFO] - Starting 'Chrome' driver

2023-09-09 20:40:10 - [MESSAGE][INFO] - User set preference: ['acceptInsecureCerts', 'true']

2023-09-09 20:40:10 - [MESSAGE][INFO] - Action delay is set to 0 milliseconds

2023-09-09 20:40:12 - [MESSAGE][PASSED] - Browser is opened with url: ''

2023-09-09 20:40:12 - [TEST_STEP][PASSED] - maximizeWindow(): Current window maximized

2023-09-09 20:40:12 - [MESSAGE][PASSED] - Current window maximized

2023-09-09 20:40:12 - [TEST_STEP][PASSED] - navigateToUrl(RADurl): Navigate to 'https://qa2.velocitypayment.com/client/rad/index.html' successfully

2023-09-09 20:40:13 - [MESSAGE][PASSED] - Navigate to 'https://qa2.velocitypayment.com/client/rad/index.html' successfully

2023-09-09 20:40:13 - [TEST_STEP][PASSED] - orPath_Landing = "Object Repository/RAD_Pages/Landing_Page": null

2023-09-09 20:40:13 - [TEST_STEP][PASSED] - orPath_TaxTypeFilingYear = "Object Repository/RAD_Pages/TaxTypeFilingYear_Page": null

2023-09-09 20:40:13 - [TEST_STEP][PASSED] - orPath_TaxPayer = "Object Repository/RAD_Pages/Taxpayer_Page": null

2023-09-09 20:40:13 - [TEST_STEP][PASSED] - orPath_AddressContact = "Object Repository/RAD_Pages/AddressAndContactInfo_Page": null

2023-09-09 20:40:13 - [TEST_STEP][PASSED] - orPath_FilingStatus = "Object Repository/RAD_Pages/FilingStatus_Page": null

2023-09-09 20:40:13 - [TEST_STEP][PASSED] - orPath_Amount = "Object Repository/RAD_Pages/PaymentAmount_Page": null

2023-09-09 20:40:13 - [TEST_STEP][PASSED] - orPath_TaxInfo = "Object Repository/RAD_Pages/TaxInfo_Page": null

2023-09-09 20:40:13 - [TEST_STEP][PASSED] - orPath_Withholding = "Object Repository/RAD_Pages/Withholding_Page": null

2023-09-09 20:40:13 - [TEST_STEP][PASSED] - orPath_Summary = "Object Repository/RAD_Pages/Summary_Page": null

2023-09-09 20:40:13 - [TEST_STEP][PASSED] - orPath_PaymentReady = "Object Repository/RAD_Pages/PaymentReady_Page": null

2023-09-09 20:40:13 - [TEST_STEP][PASSED] - orPath_PaymentEntry = "Object Repository/RAD_Pages/PaymentEntry_Page": null

2023-09-09 20:40:13 - [TEST_STEP][PASSED] - orPath_PaymentConfirmation = "Object Repository/RAD_Pages/PaymentConfirmation_Page": null

2023-09-09 20:40:13 - [TEST_STEP][PASSED] - orPath_ServiceFeesAccept = "Object Repository/RAD_Pages/ServiceFeeAccept_Page": null

2023-09-09 20:40:13 - [TEST_STEP][PASSED] - selectOptionByLabel(findTestObject(orPath_Landing + "/dd_TaxType"), Paymenttype, false): All options with label 'Existing Liability w/Notice Number' are selected in object 'Object Repository/RAD_Pages/Landing_Page/dd_TaxType' 

2023-09-09 20:40:14 - [MESSAGE][PASSED] - All options with label 'Existing Liability w/Notice Number' are selected in object 'Object Repository/RAD_Pages/Landing_Page/dd_TaxType' 

2023-09-09 20:40:14 - [TEST_STEP][PASSED] - delay(1): Delayed 1 second(s)

2023-09-09 20:40:15 - [MESSAGE][PASSED] - Delayed 1 second(s)

2023-09-09 20:40:15 - [TEST_STEP][PASSED] - switch (Paymenttype): null

2023-09-09 20:40:15 - [TEST_STEP][PASSED] - case "Existing Liability w/Notice Number":: null

2023-09-09 20:40:15 - [TEST_STEP][PASSED] - selectOptionByLabel(findTestObject(orPath_TaxTypeFilingYear + "/select_TaxType_ExistingLiability"), Taxtype, false): All options with label 'Withholding Tax' are selected in object 'Object Repository/RAD_Pages/TaxTypeFilingYear_Page/select_TaxType_ExistingLiability' 

2023-09-09 20:40:16 - [MESSAGE][PASSED] - All options with label 'Withholding Tax' are selected in object 'Object Repository/RAD_Pages/TaxTypeFilingYear_Page/select_TaxType_ExistingLiability' 

2023-09-09 20:40:16 - [TEST_STEP][PASSED] - break: null

2023-09-09 20:40:16 - [TEST_STEP][PASSED] - delay(1): Delayed 1 second(s)

2023-09-09 20:40:17 - [MESSAGE][PASSED] - Delayed 1 second(s)

2023-09-09 20:40:17 - [TEST_STEP][PASSED] - switch (Paymenttype): null

2023-09-09 20:40:17 - [TEST_STEP][PASSED] - case "Existing Liability w/Notice Number":: null

2023-09-09 20:40:17 - [TEST_STEP][PASSED] - setEncryptedText(findTestObject("Object Repository/RAD_RecordAndPlay/input_Existing_FEIN"), "RigbBhfdqOBDK95asqKeHw=="): Text ****** has been set on object 'Object Repository/RAD_RecordAndPlay/input_Existing_FEIN'

2023-09-09 20:40:17 - [MESSAGE][PASSED] - Text ****** has been set on object 'Object Repository/RAD_RecordAndPlay/input_Existing_FEIN'

2023-09-09 20:40:18 - [TEST_STEP][PASSED] - setEncryptedText(findTestObject("Object Repository/RAD_RecordAndPlay/input_Existing_RetypeFEIN"), ""): Text ****** has been set on object 'Object Repository/RAD_RecordAndPlay/input_Existing_RetypeFEIN'

2023-09-09 20:40:19 - [MESSAGE][PASSED] - Text ****** has been set on object 'Object Repository/RAD_RecordAndPlay/input_Existing_RetypeFEIN'

2023-09-09 20:40:19 - [TEST_STEP][PASSED] - break: null

2023-09-09 20:40:19 - [TEST_STEP][PASSED] - verifyTextPresent("Please enter a valid FEIN with 9 digits.", true): Text 'Please enter a valid FEIN with 9 digits.' is present on page  using regular expression

2023-09-09 20:40:19 - [MESSAGE][PASSED] - Text 'Please enter a valid FEIN with 9 digits.' is present on page  using regular expression

2023-09-09 20:40:19 - [TEST_STEP][PASSED] - if (verifyTextPresent("Please enter a valid FEIN with 9 digits.", true)): null

2023-09-09 20:40:20 - [MESSAGE][PASSED] - Text 'Please enter a valid FEIN with 9 digits.' is present on page  using regular expression

2023-09-09 20:40:20 - [TEST_STEP][PASSED] - println("Error Message is present on the page"): null

2023-09-09 20:40:20 - [TEST_STEP][PASSED] - out.println("Pass Record Number: " + row): null

2023-09-09 20:40:20 - [TEST_STEP][PASSED] - resText = "Pass": null

2023-09-09 20:40:20 - [TEST_STEP][PASSED] - pages.WriteExcel.demoKey(resText, datText, resColumn, datCloumn, fileLoc, nameSheet, row): pages.WriteExcel.demoKey is PASSED

2023-09-09 20:40:20 - [MESSAGE][PASSED] - pages.WriteExcel.demoKey is PASSED

2023-09-09 20:40:20 - [TEST_STEP][PASSED] - ExecuteTC = findTestData(dataFile).getValue("Execute", row): null

2023-09-09 20:40:20 - [TEST_STEP][PASSED] - Taxtype = findTestData(dataFile).getValue("TaxType", row): null

2023-09-09 20:40:20 - [TEST_STEP][PASSED] - Paymenttype = findTestData(dataFile).getValue("PaymentType", row): null

2023-09-09 20:40:20 - [TEST_STEP][PASSED] - out.println("Value of Execute is : " + ExecuteTC): null

2023-09-09 20:40:20 - [TEST_STEP][PASSED] - if (ExecuteTC.equalsIgnoreCase("Y")): null

2023-09-09 20:40:20 - [TEST_STEP][PASSED] - out.println("Begin Record Number: " + row): null

2023-09-09 20:40:20 - [TEST_STEP][PASSED] - today = new java.util.Date(): null

2023-09-09 20:40:20 - [TEST_STEP][PASSED] - println(today): null

2023-09-09 20:40:20 - [TEST_STEP][PASSED] - datText = today: null

2023-09-09 20:40:20 - [TEST_STEP][PASSED] - Taxtype = findTestData(dataFile).getValue("TaxType", row): null

2023-09-09 20:40:20 - [TEST_STEP][PASSED] - out.println("Taxtype value is : " + Taxtype): null

2023-09-09 20:40:20 - [TEST_STEP][PASSED] - openBrowser(""): Browser is opened with url: ''

2023-09-09 20:40:20 - [MESSAGE][WARNING] - A browser is already opened. Closing browser and opening a new one

2023-09-09 20:40:21 - [MESSAGE][INFO] - Starting 'Chrome' driver

2023-09-09 20:40:21 - [MESSAGE][INFO] - User set preference: ['acceptInsecureCerts', 'true']

2023-09-09 20:40:21 - [MESSAGE][INFO] - Action delay is set to 0 milliseconds

2023-09-09 20:40:22 - [MESSAGE][PASSED] - Browser is opened with url: ''

2023-09-09 20:40:22 - [TEST_STEP][PASSED] - maximizeWindow(): Current window maximized

2023-09-09 20:40:23 - [MESSAGE][PASSED] - Current window maximized

2023-09-09 20:40:23 - [TEST_STEP][PASSED] - navigateToUrl(RADurl): Navigate to 'https://qa2.velocitypayment.com/client/rad/index.html' successfully

2023-09-09 20:40:24 - [MESSAGE][PASSED] - Navigate to 'https://qa2.velocitypayment.com/client/rad/index.html' successfully

2023-09-09 20:40:24 - [TEST_STEP][PASSED] - orPath_Landing = "Object Repository/RAD_Pages/Landing_Page": null

2023-09-09 20:40:24 - [TEST_STEP][PASSED] - orPath_TaxTypeFilingYear = "Object Repository/RAD_Pages/TaxTypeFilingYear_Page": null

2023-09-09 20:40:24 - [TEST_STEP][PASSED] - orPath_TaxPayer = "Object Repository/RAD_Pages/Taxpayer_Page": null

2023-09-09 20:40:24 - [TEST_STEP][PASSED] - orPath_AddressContact = "Object Repository/RAD_Pages/AddressAndContactInfo_Page": null

2023-09-09 20:40:24 - [TEST_STEP][PASSED] - orPath_FilingStatus = "Object Repository/RAD_Pages/FilingStatus_Page": null

2023-09-09 20:40:24 - [TEST_STEP][PASSED] - orPath_Amount = "Object Repository/RAD_Pages/PaymentAmount_Page": null

2023-09-09 20:40:24 - [TEST_STEP][PASSED] - orPath_TaxInfo = "Object Repository/RAD_Pages/TaxInfo_Page": null

2023-09-09 20:40:24 - [TEST_STEP][PASSED] - orPath_Withholding = "Object Repository/RAD_Pages/Withholding_Page": null

2023-09-09 20:40:24 - [TEST_STEP][PASSED] - orPath_Summary = "Object Repository/RAD_Pages/Summary_Page": null

2023-09-09 20:40:24 - [TEST_STEP][PASSED] - orPath_PaymentReady = "Object Repository/RAD_Pages/PaymentReady_Page": null

2023-09-09 20:40:24 - [TEST_STEP][PASSED] - orPath_PaymentEntry = "Object Repository/RAD_Pages/PaymentEntry_Page": null

2023-09-09 20:40:24 - [TEST_STEP][PASSED] - orPath_PaymentConfirmation = "Object Repository/RAD_Pages/PaymentConfirmation_Page": null

2023-09-09 20:40:24 - [TEST_STEP][PASSED] - orPath_ServiceFeesAccept = "Object Repository/RAD_Pages/ServiceFeeAccept_Page": null

2023-09-09 20:40:24 - [TEST_STEP][PASSED] - selectOptionByLabel(findTestObject(orPath_Landing + "/dd_TaxType"), Paymenttype, false): All options with label 'Existing Liability w/Notice Number' are selected in object 'Object Repository/RAD_Pages/Landing_Page/dd_TaxType' 

2023-09-09 20:40:25 - [MESSAGE][PASSED] - All options with label 'Existing Liability w/Notice Number' are selected in object 'Object Repository/RAD_Pages/Landing_Page/dd_TaxType' 

2023-09-09 20:40:25 - [TEST_STEP][PASSED] - delay(1): Delayed 1 second(s)

2023-09-09 20:40:26 - [MESSAGE][PASSED] - Delayed 1 second(s)

2023-09-09 20:40:26 - [TEST_STEP][PASSED] - switch (Paymenttype): null

2023-09-09 20:40:26 - [TEST_STEP][PASSED] - case "Existing Liability w/Notice Number":: null

2023-09-09 20:40:26 - [TEST_STEP][PASSED] - selectOptionByLabel(findTestObject(orPath_TaxTypeFilingYear + "/select_TaxType_ExistingLiability"), Taxtype, false): All options with label 'Alcohol Tax' are selected in object 'Object Repository/RAD_Pages/TaxTypeFilingYear_Page/select_TaxType_ExistingLiability' 

2023-09-09 20:40:27 - [MESSAGE][PASSED] - All options with label 'Alcohol Tax' are selected in object 'Object Repository/RAD_Pages/TaxTypeFilingYear_Page/select_TaxType_ExistingLiability' 

2023-09-09 20:40:27 - [TEST_STEP][PASSED] - break: null

2023-09-09 20:40:27 - [TEST_STEP][PASSED] - delay(1): Delayed 1 second(s)

2023-09-09 20:40:28 - [MESSAGE][PASSED] - Delayed 1 second(s)

2023-09-09 20:40:28 - [TEST_STEP][PASSED] - switch (Paymenttype): null

2023-09-09 20:40:28 - [TEST_STEP][PASSED] - case "Existing Liability w/Notice Number":: null

2023-09-09 20:40:28 - [TEST_STEP][PASSED] - setEncryptedText(findTestObject("Object Repository/RAD_RecordAndPlay/input_Existing_FEIN"), "RigbBhfdqOBDK95asqKeHw=="): Text ****** has been set on object 'Object Repository/RAD_RecordAndPlay/input_Existing_FEIN'

2023-09-09 20:40:28 - [MESSAGE][PASSED] - Text ****** has been set on object 'Object Repository/RAD_RecordAndPlay/input_Existing_FEIN'

2023-09-09 20:40:28 - [TEST_STEP][PASSED] - setEncryptedText(findTestObject("Object Repository/RAD_RecordAndPlay/input_Existing_RetypeFEIN"), ""): Text ****** has been set on object 'Object Repository/RAD_RecordAndPlay/input_Existing_RetypeFEIN'

2023-09-09 20:40:29 - [MESSAGE][PASSED] - Text ****** has been set on object 'Object Repository/RAD_RecordAndPlay/input_Existing_RetypeFEIN'

2023-09-09 20:40:29 - [TEST_STEP][PASSED] - break: null

2023-09-09 20:40:29 - [TEST_STEP][PASSED] - verifyTextPresent("Please enter a valid FEIN with 9 digits.", true): Text 'Please enter a valid FEIN with 9 digits.' is present on page  using regular expression

2023-09-09 20:40:30 - [MESSAGE][PASSED] - Text 'Please enter a valid FEIN with 9 digits.' is present on page  using regular expression

2023-09-09 20:40:30 - [TEST_STEP][PASSED] - if (verifyTextPresent("Please enter a valid FEIN with 9 digits.", true)): null

2023-09-09 20:40:31 - [MESSAGE][PASSED] - Text 'Please enter a valid FEIN with 9 digits.' is present on page  using regular expression

2023-09-09 20:40:31 - [TEST_STEP][PASSED] - println("Error Message is present on the page"): null

2023-09-09 20:40:31 - [TEST_STEP][PASSED] - out.println("Pass Record Number: " + row): null

2023-09-09 20:40:31 - [TEST_STEP][PASSED] - resText = "Pass": null

2023-09-09 20:40:31 - [TEST_STEP][PASSED] - pages.WriteExcel.demoKey(resText, datText, resColumn, datCloumn, fileLoc, nameSheet, row): pages.WriteExcel.demoKey is PASSED

2023-09-09 20:40:31 - [MESSAGE][PASSED] - pages.WriteExcel.demoKey is PASSED

2023-09-09 20:40:31 - [TEST_STEP][PASSED] - ExecuteTC = findTestData(dataFile).getValue("Execute", row): null

2023-09-09 20:40:31 - [TEST_STEP][PASSED] - Taxtype = findTestData(dataFile).getValue("TaxType", row): null

2023-09-09 20:40:31 - [TEST_STEP][PASSED] - Paymenttype = findTestData(dataFile).getValue("PaymentType", row): null

2023-09-09 20:40:31 - [TEST_STEP][PASSED] - out.println("Value of Execute is : " + ExecuteTC): null

2023-09-09 20:40:31 - [TEST_STEP][PASSED] - if (ExecuteTC.equalsIgnoreCase("Y")): null

2023-09-09 20:40:31 - [TEST_STEP][PASSED] - out.println("Begin Record Number: " + row): null

2023-09-09 20:40:31 - [TEST_STEP][PASSED] - today = new java.util.Date(): null

2023-09-09 20:40:31 - [TEST_STEP][PASSED] - println(today): null

2023-09-09 20:40:31 - [TEST_STEP][PASSED] - datText = today: null

2023-09-09 20:40:31 - [TEST_STEP][PASSED] - Taxtype = findTestData(dataFile).getValue("TaxType", row): null

2023-09-09 20:40:31 - [TEST_STEP][PASSED] - out.println("Taxtype value is : " + Taxtype): null

2023-09-09 20:40:31 - [TEST_STEP][PASSED] - openBrowser(""): Browser is opened with url: ''

2023-09-09 20:40:31 - [MESSAGE][WARNING] - A browser is already opened. Closing browser and opening a new one

2023-09-09 20:40:32 - [MESSAGE][INFO] - Starting 'Chrome' driver

2023-09-09 20:40:32 - [MESSAGE][INFO] - User set preference: ['acceptInsecureCerts', 'true']

2023-09-09 20:40:32 - [MESSAGE][INFO] - Action delay is set to 0 milliseconds

2023-09-09 20:40:33 - [MESSAGE][PASSED] - Browser is opened with url: ''

2023-09-09 20:40:33 - [TEST_STEP][PASSED] - maximizeWindow(): Current window maximized

2023-09-09 20:40:33 - [MESSAGE][PASSED] - Current window maximized

2023-09-09 20:40:33 - [TEST_STEP][PASSED] - navigateToUrl(RADurl): Navigate to 'https://qa2.velocitypayment.com/client/rad/index.html' successfully

2023-09-09 20:40:35 - [MESSAGE][PASSED] - Navigate to 'https://qa2.velocitypayment.com/client/rad/index.html' successfully

2023-09-09 20:40:35 - [TEST_STEP][PASSED] - orPath_Landing = "Object Repository/RAD_Pages/Landing_Page": null

2023-09-09 20:40:35 - [TEST_STEP][PASSED] - orPath_TaxTypeFilingYear = "Object Repository/RAD_Pages/TaxTypeFilingYear_Page": null

2023-09-09 20:40:35 - [TEST_STEP][PASSED] - orPath_TaxPayer = "Object Repository/RAD_Pages/Taxpayer_Page": null

2023-09-09 20:40:35 - [TEST_STEP][PASSED] - orPath_AddressContact = "Object Repository/RAD_Pages/AddressAndContactInfo_Page": null

2023-09-09 20:40:35 - [TEST_STEP][PASSED] - orPath_FilingStatus = "Object Repository/RAD_Pages/FilingStatus_Page": null

2023-09-09 20:40:35 - [TEST_STEP][PASSED] - orPath_Amount = "Object Repository/RAD_Pages/PaymentAmount_Page": null

2023-09-09 20:40:35 - [TEST_STEP][PASSED] - orPath_TaxInfo = "Object Repository/RAD_Pages/TaxInfo_Page": null

2023-09-09 20:40:35 - [TEST_STEP][PASSED] - orPath_Withholding = "Object Repository/RAD_Pages/Withholding_Page": null

2023-09-09 20:40:35 - [TEST_STEP][PASSED] - orPath_Summary = "Object Repository/RAD_Pages/Summary_Page": null

2023-09-09 20:40:35 - [TEST_STEP][PASSED] - orPath_PaymentReady = "Object Repository/RAD_Pages/PaymentReady_Page": null

2023-09-09 20:40:35 - [TEST_STEP][PASSED] - orPath_PaymentEntry = "Object Repository/RAD_Pages/PaymentEntry_Page": null

2023-09-09 20:40:35 - [TEST_STEP][PASSED] - orPath_PaymentConfirmation = "Object Repository/RAD_Pages/PaymentConfirmation_Page": null

2023-09-09 20:40:35 - [TEST_STEP][PASSED] - orPath_ServiceFeesAccept = "Object Repository/RAD_Pages/ServiceFeeAccept_Page": null

2023-09-09 20:40:35 - [TEST_STEP][PASSED] - selectOptionByLabel(findTestObject(orPath_Landing + "/dd_TaxType"), Paymenttype, false): All options with label 'Existing Liability w/Notice Number' are selected in object 'Object Repository/RAD_Pages/Landing_Page/dd_TaxType' 

2023-09-09 20:40:36 - [MESSAGE][PASSED] - All options with label 'Existing Liability w/Notice Number' are selected in object 'Object Repository/RAD_Pages/Landing_Page/dd_TaxType' 

2023-09-09 20:40:36 - [TEST_STEP][PASSED] - delay(1): Delayed 1 second(s)

2023-09-09 20:40:37 - [MESSAGE][PASSED] - Delayed 1 second(s)

2023-09-09 20:40:37 - [TEST_STEP][PASSED] - switch (Paymenttype): null

2023-09-09 20:40:37 - [TEST_STEP][PASSED] - case "Existing Liability w/Notice Number":: null

2023-09-09 20:40:37 - [TEST_STEP][PASSED] - selectOptionByLabel(findTestObject(orPath_TaxTypeFilingYear + "/select_TaxType_ExistingLiability"), Taxtype, false): All options with label 'PTE Tax Electing Non-S Corp' are selected in object 'Object Repository/RAD_Pages/TaxTypeFilingYear_Page/select_TaxType_ExistingLiability' 

2023-09-09 20:40:37 - [MESSAGE][PASSED] - All options with label 'PTE Tax Electing Non-S Corp' are selected in object 'Object Repository/RAD_Pages/TaxTypeFilingYear_Page/select_TaxType_ExistingLiability' 

2023-09-09 20:40:37 - [TEST_STEP][PASSED] - break: null

2023-09-09 20:40:37 - [TEST_STEP][PASSED] - delay(1): Delayed 1 second(s)

2023-09-09 20:40:38 - [MESSAGE][PASSED] - Delayed 1 second(s)

2023-09-09 20:40:38 - [TEST_STEP][PASSED] - switch (Paymenttype): null

2023-09-09 20:40:38 - [TEST_STEP][PASSED] - case "Existing Liability w/Notice Number":: null

2023-09-09 20:40:38 - [TEST_STEP][PASSED] - setEncryptedText(findTestObject("Object Repository/RAD_RecordAndPlay/input_Existing_FEIN"), "RigbBhfdqOBDK95asqKeHw=="): Text ****** has been set on object 'Object Repository/RAD_RecordAndPlay/input_Existing_FEIN'

2023-09-09 20:40:39 - [MESSAGE][PASSED] - Text ****** has been set on object 'Object Repository/RAD_RecordAndPlay/input_Existing_FEIN'

2023-09-09 20:40:40 - [TEST_STEP][PASSED] - setEncryptedText(findTestObject("Object Repository/RAD_RecordAndPlay/input_Existing_RetypeFEIN"), ""): Text ****** has been set on object 'Object Repository/RAD_RecordAndPlay/input_Existing_RetypeFEIN'

2023-09-09 20:40:40 - [MESSAGE][PASSED] - Text ****** has been set on object 'Object Repository/RAD_RecordAndPlay/input_Existing_RetypeFEIN'

2023-09-09 20:40:40 - [TEST_STEP][PASSED] - break: null

2023-09-09 20:40:40 - [TEST_STEP][PASSED] - verifyTextPresent("Please enter a valid FEIN with 9 digits.", true): Text 'Please enter a valid FEIN with 9 digits.' is present on page  using regular expression

2023-09-09 20:40:41 - [MESSAGE][PASSED] - Text 'Please enter a valid FEIN with 9 digits.' is present on page  using regular expression

2023-09-09 20:40:41 - [TEST_STEP][PASSED] - if (verifyTextPresent("Please enter a valid FEIN with 9 digits.", true)): null

2023-09-09 20:40:42 - [MESSAGE][PASSED] - Text 'Please enter a valid FEIN with 9 digits.' is present on page  using regular expression

2023-09-09 20:40:42 - [TEST_STEP][PASSED] - println("Error Message is present on the page"): null

2023-09-09 20:40:42 - [TEST_STEP][PASSED] - out.println("Pass Record Number: " + row): null

2023-09-09 20:40:42 - [TEST_STEP][PASSED] - resText = "Pass": null

2023-09-09 20:40:42 - [TEST_STEP][PASSED] - pages.WriteExcel.demoKey(resText, datText, resColumn, datCloumn, fileLoc, nameSheet, row): pages.WriteExcel.demoKey is PASSED

2023-09-09 20:40:42 - [MESSAGE][PASSED] - pages.WriteExcel.demoKey is PASSED

2023-09-09 20:40:42 - [TEST_STEP][PASSED] - ExecuteTC = findTestData(dataFile).getValue("Execute", row): null

2023-09-09 20:40:42 - [TEST_STEP][PASSED] - Taxtype = findTestData(dataFile).getValue("TaxType", row): null

2023-09-09 20:40:42 - [TEST_STEP][PASSED] - Paymenttype = findTestData(dataFile).getValue("PaymentType", row): null

2023-09-09 20:40:42 - [TEST_STEP][PASSED] - out.println("Value of Execute is : " + ExecuteTC): null

2023-09-09 20:40:42 - [TEST_STEP][PASSED] - if (ExecuteTC.equalsIgnoreCase("Y")): null

2023-09-09 20:40:42 - [TEST_STEP][PASSED] - out.println("Begin Record Number: " + row): null

2023-09-09 20:40:42 - [TEST_STEP][PASSED] - today = new java.util.Date(): null

2023-09-09 20:40:42 - [TEST_STEP][PASSED] - println(today): null

2023-09-09 20:40:42 - [TEST_STEP][PASSED] - datText = today: null

2023-09-09 20:40:42 - [TEST_STEP][PASSED] - Taxtype = findTestData(dataFile).getValue("TaxType", row): null

2023-09-09 20:40:42 - [TEST_STEP][PASSED] - out.println("Taxtype value is : " + Taxtype): null

2023-09-09 20:40:42 - [TEST_STEP][PASSED] - openBrowser(""): Browser is opened with url: ''

2023-09-09 20:40:42 - [MESSAGE][WARNING] - A browser is already opened. Closing browser and opening a new one

2023-09-09 20:40:43 - [MESSAGE][INFO] - Starting 'Chrome' driver

2023-09-09 20:40:43 - [MESSAGE][INFO] - User set preference: ['acceptInsecureCerts', 'true']

2023-09-09 20:40:43 - [MESSAGE][INFO] - Action delay is set to 0 milliseconds

2023-09-09 20:40:44 - [MESSAGE][PASSED] - Browser is opened with url: ''

2023-09-09 20:40:44 - [TEST_STEP][PASSED] - maximizeWindow(): Current window maximized

2023-09-09 20:40:45 - [MESSAGE][PASSED] - Current window maximized

2023-09-09 20:40:45 - [TEST_STEP][PASSED] - navigateToUrl(RADurl): Navigate to 'https://qa2.velocitypayment.com/client/rad/index.html' successfully

2023-09-09 20:40:46 - [MESSAGE][PASSED] - Navigate to 'https://qa2.velocitypayment.com/client/rad/index.html' successfully

2023-09-09 20:40:46 - [TEST_STEP][PASSED] - orPath_Landing = "Object Repository/RAD_Pages/Landing_Page": null

2023-09-09 20:40:46 - [TEST_STEP][PASSED] - orPath_TaxTypeFilingYear = "Object Repository/RAD_Pages/TaxTypeFilingYear_Page": null

2023-09-09 20:40:46 - [TEST_STEP][PASSED] - orPath_TaxPayer = "Object Repository/RAD_Pages/Taxpayer_Page": null

2023-09-09 20:40:46 - [TEST_STEP][PASSED] - orPath_AddressContact = "Object Repository/RAD_Pages/AddressAndContactInfo_Page": null

2023-09-09 20:40:46 - [TEST_STEP][PASSED] - orPath_FilingStatus = "Object Repository/RAD_Pages/FilingStatus_Page": null

2023-09-09 20:40:46 - [TEST_STEP][PASSED] - orPath_Amount = "Object Repository/RAD_Pages/PaymentAmount_Page": null

2023-09-09 20:40:46 - [TEST_STEP][PASSED] - orPath_TaxInfo = "Object Repository/RAD_Pages/TaxInfo_Page": null

2023-09-09 20:40:46 - [TEST_STEP][PASSED] - orPath_Withholding = "Object Repository/RAD_Pages/Withholding_Page": null

2023-09-09 20:40:46 - [TEST_STEP][PASSED] - orPath_Summary = "Object Repository/RAD_Pages/Summary_Page": null

2023-09-09 20:40:46 - [TEST_STEP][PASSED] - orPath_PaymentReady = "Object Repository/RAD_Pages/PaymentReady_Page": null

2023-09-09 20:40:46 - [TEST_STEP][PASSED] - orPath_PaymentEntry = "Object Repository/RAD_Pages/PaymentEntry_Page": null

2023-09-09 20:40:46 - [TEST_STEP][PASSED] - orPath_PaymentConfirmation = "Object Repository/RAD_Pages/PaymentConfirmation_Page": null

2023-09-09 20:40:46 - [TEST_STEP][PASSED] - orPath_ServiceFeesAccept = "Object Repository/RAD_Pages/ServiceFeeAccept_Page": null

2023-09-09 20:40:46 - [TEST_STEP][PASSED] - selectOptionByLabel(findTestObject(orPath_Landing + "/dd_TaxType"), Paymenttype, false): All options with label 'Existing Liability w/Notice Number' are selected in object 'Object Repository/RAD_Pages/Landing_Page/dd_TaxType' 

2023-09-09 20:40:47 - [MESSAGE][PASSED] - All options with label 'Existing Liability w/Notice Number' are selected in object 'Object Repository/RAD_Pages/Landing_Page/dd_TaxType' 

2023-09-09 20:40:47 - [TEST_STEP][PASSED] - delay(1): Delayed 1 second(s)

2023-09-09 20:40:48 - [MESSAGE][PASSED] - Delayed 1 second(s)

2023-09-09 20:40:48 - [TEST_STEP][PASSED] - switch (Paymenttype): null

2023-09-09 20:40:48 - [TEST_STEP][PASSED] - case "Existing Liability w/Notice Number":: null

2023-09-09 20:40:48 - [TEST_STEP][PASSED] - selectOptionByLabel(findTestObject(orPath_TaxTypeFilingYear + "/select_TaxType_ExistingLiability"), Taxtype, false): All options with label 'PTE Tax Electing S Corp' are selected in object 'Object Repository/RAD_Pages/TaxTypeFilingYear_Page/select_TaxType_ExistingLiability' 

2023-09-09 20:40:48 - [MESSAGE][PASSED] - All options with label 'PTE Tax Electing S Corp' are selected in object 'Object Repository/RAD_Pages/TaxTypeFilingYear_Page/select_TaxType_ExistingLiability' 

2023-09-09 20:40:48 - [TEST_STEP][PASSED] - break: null

2023-09-09 20:40:48 - [TEST_STEP][PASSED] - delay(1): Delayed 1 second(s)

2023-09-09 20:40:49 - [MESSAGE][PASSED] - Delayed 1 second(s)

2023-09-09 20:40:49 - [TEST_STEP][PASSED] - switch (Paymenttype): null

2023-09-09 20:40:49 - [TEST_STEP][PASSED] - case "Existing Liability w/Notice Number":: null

2023-09-09 20:40:49 - [TEST_STEP][PASSED] - setEncryptedText(findTestObject("Object Repository/RAD_RecordAndPlay/input_Existing_FEIN"), "RigbBhfdqOBDK95asqKeHw=="): Text ****** has been set on object 'Object Repository/RAD_RecordAndPlay/input_Existing_FEIN'

2023-09-09 20:40:50 - [MESSAGE][PASSED] - Text ****** has been set on object 'Object Repository/RAD_RecordAndPlay/input_Existing_FEIN'

2023-09-09 20:40:50 - [TEST_STEP][PASSED] - setEncryptedText(findTestObject("Object Repository/RAD_RecordAndPlay/input_Existing_RetypeFEIN"), ""): Text ****** has been set on object 'Object Repository/RAD_RecordAndPlay/input_Existing_RetypeFEIN'

2023-09-09 20:40:51 - [MESSAGE][PASSED] - Text ****** has been set on object 'Object Repository/RAD_RecordAndPlay/input_Existing_RetypeFEIN'

2023-09-09 20:40:51 - [TEST_STEP][PASSED] - break: null

2023-09-09 20:40:51 - [TEST_STEP][PASSED] - verifyTextPresent("Please enter a valid FEIN with 9 digits.", true): Text 'Please enter a valid FEIN with 9 digits.' is present on page  using regular expression

2023-09-09 20:40:52 - [MESSAGE][PASSED] - Text 'Please enter a valid FEIN with 9 digits.' is present on page  using regular expression

2023-09-09 20:40:52 - [TEST_STEP][PASSED] - if (verifyTextPresent("Please enter a valid FEIN with 9 digits.", true)): null

2023-09-09 20:40:52 - [MESSAGE][PASSED] - Text 'Please enter a valid FEIN with 9 digits.' is present on page  using regular expression

2023-09-09 20:40:52 - [TEST_STEP][PASSED] - println("Error Message is present on the page"): null

2023-09-09 20:40:52 - [TEST_STEP][PASSED] - out.println("Pass Record Number: " + row): null

2023-09-09 20:40:52 - [TEST_STEP][PASSED] - resText = "Pass": null

2023-09-09 20:40:52 - [TEST_STEP][PASSED] - pages.WriteExcel.demoKey(resText, datText, resColumn, datCloumn, fileLoc, nameSheet, row): pages.WriteExcel.demoKey is PASSED

2023-09-09 20:40:53 - [MESSAGE][PASSED] - pages.WriteExcel.demoKey is PASSED

2023-09-09 20:40:53 - [TEST_STEP][PASSED] - ExecuteTC = findTestData(dataFile).getValue("Execute", row): null

2023-09-09 20:40:53 - [TEST_STEP][PASSED] - Taxtype = findTestData(dataFile).getValue("TaxType", row): null

2023-09-09 20:40:53 - [TEST_STEP][PASSED] - Paymenttype = findTestData(dataFile).getValue("PaymentType", row): null

2023-09-09 20:40:53 - [TEST_STEP][PASSED] - out.println("Value of Execute is : " + ExecuteTC): null

2023-09-09 20:40:53 - [TEST_STEP][PASSED] - if (ExecuteTC.equalsIgnoreCase("Y")): null

2023-09-09 20:40:53 - [TEST_STEP][PASSED] - out.println("Begin Record Number: " + row): null

2023-09-09 20:40:53 - [TEST_STEP][PASSED] - today = new java.util.Date(): null

2023-09-09 20:40:53 - [TEST_STEP][PASSED] - println(today): null

2023-09-09 20:40:53 - [TEST_STEP][PASSED] - datText = today: null

2023-09-09 20:40:53 - [TEST_STEP][PASSED] - Taxtype = findTestData(dataFile).getValue("TaxType", row): null

2023-09-09 20:40:53 - [TEST_STEP][PASSED] - out.println("Taxtype value is : " + Taxtype): null

2023-09-09 20:40:53 - [TEST_STEP][PASSED] - openBrowser(""): Browser is opened with url: ''

2023-09-09 20:40:53 - [MESSAGE][WARNING] - A browser is already opened. Closing browser and opening a new one

2023-09-09 20:40:54 - [MESSAGE][INFO] - Starting 'Chrome' driver

2023-09-09 20:40:54 - [MESSAGE][INFO] - User set preference: ['acceptInsecureCerts', 'true']

2023-09-09 20:40:54 - [MESSAGE][INFO] - Action delay is set to 0 milliseconds

2023-09-09 20:40:55 - [MESSAGE][PASSED] - Browser is opened with url: ''

2023-09-09 20:40:55 - [TEST_STEP][PASSED] - maximizeWindow(): Current window maximized

2023-09-09 20:40:55 - [MESSAGE][PASSED] - Current window maximized

2023-09-09 20:40:55 - [TEST_STEP][PASSED] - navigateToUrl(RADurl): Navigate to 'https://qa2.velocitypayment.com/client/rad/index.html' successfully

2023-09-09 20:40:57 - [MESSAGE][PASSED] - Navigate to 'https://qa2.velocitypayment.com/client/rad/index.html' successfully

2023-09-09 20:40:57 - [TEST_STEP][PASSED] - orPath_Landing = "Object Repository/RAD_Pages/Landing_Page": null

2023-09-09 20:40:57 - [TEST_STEP][PASSED] - orPath_TaxTypeFilingYear = "Object Repository/RAD_Pages/TaxTypeFilingYear_Page": null

2023-09-09 20:40:57 - [TEST_STEP][PASSED] - orPath_TaxPayer = "Object Repository/RAD_Pages/Taxpayer_Page": null

2023-09-09 20:40:57 - [TEST_STEP][PASSED] - orPath_AddressContact = "Object Repository/RAD_Pages/AddressAndContactInfo_Page": null

2023-09-09 20:40:57 - [TEST_STEP][PASSED] - orPath_FilingStatus = "Object Repository/RAD_Pages/FilingStatus_Page": null

2023-09-09 20:40:57 - [TEST_STEP][PASSED] - orPath_Amount = "Object Repository/RAD_Pages/PaymentAmount_Page": null

2023-09-09 20:40:57 - [TEST_STEP][PASSED] - orPath_TaxInfo = "Object Repository/RAD_Pages/TaxInfo_Page": null

2023-09-09 20:40:57 - [TEST_STEP][PASSED] - orPath_Withholding = "Object Repository/RAD_Pages/Withholding_Page": null

2023-09-09 20:40:57 - [TEST_STEP][PASSED] - orPath_Summary = "Object Repository/RAD_Pages/Summary_Page": null

2023-09-09 20:40:57 - [TEST_STEP][PASSED] - orPath_PaymentReady = "Object Repository/RAD_Pages/PaymentReady_Page": null

2023-09-09 20:40:57 - [TEST_STEP][PASSED] - orPath_PaymentEntry = "Object Repository/RAD_Pages/PaymentEntry_Page": null

2023-09-09 20:40:57 - [TEST_STEP][PASSED] - orPath_PaymentConfirmation = "Object Repository/RAD_Pages/PaymentConfirmation_Page": null

2023-09-09 20:40:57 - [TEST_STEP][PASSED] - orPath_ServiceFeesAccept = "Object Repository/RAD_Pages/ServiceFeeAccept_Page": null

2023-09-09 20:40:57 - [TEST_STEP][PASSED] - selectOptionByLabel(findTestObject(orPath_Landing + "/dd_TaxType"), Paymenttype, false): All options with label 'Quarterly Estimated Tax' are selected in object 'Object Repository/RAD_Pages/Landing_Page/dd_TaxType' 

2023-09-09 20:40:57 - [MESSAGE][PASSED] - All options with label 'Quarterly Estimated Tax' are selected in object 'Object Repository/RAD_Pages/Landing_Page/dd_TaxType' 

2023-09-09 20:40:57 - [TEST_STEP][PASSED] - delay(1): Delayed 1 second(s)

2023-09-09 20:40:58 - [MESSAGE][PASSED] - Delayed 1 second(s)

2023-09-09 20:40:58 - [TEST_STEP][PASSED] - switch (Paymenttype): null

2023-09-09 20:40:58 - [TEST_STEP][PASSED] - case "Quarterly Estimated Tax":: null

2023-09-09 20:40:58 - [TEST_STEP][PASSED] - selectOptionByLabel(findTestObject(orPath_TaxTypeFilingYear + "/select_PaymentType"), Taxtype, false): All options with label 'Corporate Income Tax' are selected in object 'Object Repository/RAD_Pages/TaxTypeFilingYear_Page/select_PaymentType' 

2023-09-09 20:40:59 - [MESSAGE][PASSED] - All options with label 'Corporate Income Tax' are selected in object 'Object Repository/RAD_Pages/TaxTypeFilingYear_Page/select_PaymentType' 

2023-09-09 20:40:59 - [TEST_STEP][PASSED] - break: null

2023-09-09 20:40:59 - [TEST_STEP][PASSED] - delay(1): Delayed 1 second(s)

2023-09-09 20:41:00 - [MESSAGE][PASSED] - Delayed 1 second(s)

2023-09-09 20:41:00 - [TEST_STEP][PASSED] - switch (Paymenttype): null

2023-09-09 20:41:00 - [TEST_STEP][PASSED] - case "Quarterly Estimated Tax":: null

2023-09-09 20:41:00 - [TEST_STEP][PASSED] - setEncryptedText(findTestObject(orPath_TaxInfo + "/input_FederalEIN"), "RigbBhfdqOBDK95asqKeHw=="): Text ****** has been set on object 'Object Repository/RAD_Pages/TaxInfo_Page/input_FederalEIN'

2023-09-09 20:41:02 - [MESSAGE][PASSED] - Text ****** has been set on object 'Object Repository/RAD_Pages/TaxInfo_Page/input_FederalEIN'

2023-09-09 20:41:02 - [TEST_STEP][PASSED] - setEncryptedText(findTestObject(orPath_TaxInfo + "/input_FederalEIN_ReEnter"), ""): Text ****** has been set on object 'Object Repository/RAD_Pages/TaxInfo_Page/input_FederalEIN_ReEnter'

2023-09-09 20:41:02 - [MESSAGE][PASSED] - Text ****** has been set on object 'Object Repository/RAD_Pages/TaxInfo_Page/input_FederalEIN_ReEnter'

2023-09-09 20:41:02 - [TEST_STEP][PASSED] - break: null

2023-09-09 20:41:02 - [TEST_STEP][PASSED] - verifyTextPresent("Please enter a valid FEIN with 9 digits.", true): Text 'Please enter a valid FEIN with 9 digits.' is present on page  using regular expression

2023-09-09 20:41:03 - [MESSAGE][PASSED] - Text 'Please enter a valid FEIN with 9 digits.' is present on page  using regular expression

2023-09-09 20:41:03 - [TEST_STEP][PASSED] - if (verifyTextPresent("Please enter a valid FEIN with 9 digits.", true)): null

2023-09-09 20:41:03 - [MESSAGE][PASSED] - Text 'Please enter a valid FEIN with 9 digits.' is present on page  using regular expression

2023-09-09 20:41:03 - [TEST_STEP][PASSED] - println("Error Message is present on the page"): null

2023-09-09 20:41:03 - [TEST_STEP][PASSED] - out.println("Pass Record Number: " + row): null

2023-09-09 20:41:03 - [TEST_STEP][PASSED] - resText = "Pass": null

2023-09-09 20:41:03 - [TEST_STEP][PASSED] - pages.WriteExcel.demoKey(resText, datText, resColumn, datCloumn, fileLoc, nameSheet, row): pages.WriteExcel.demoKey is PASSED

2023-09-09 20:41:03 - [MESSAGE][PASSED] - pages.WriteExcel.demoKey is PASSED

2023-09-09 20:41:03 - [TEST_STEP][PASSED] - ExecuteTC = findTestData(dataFile).getValue("Execute", row): null

2023-09-09 20:41:03 - [TEST_STEP][PASSED] - Taxtype = findTestData(dataFile).getValue("TaxType", row): null

2023-09-09 20:41:03 - [TEST_STEP][PASSED] - Paymenttype = findTestData(dataFile).getValue("PaymentType", row): null

2023-09-09 20:41:03 - [TEST_STEP][PASSED] - out.println("Value of Execute is : " + ExecuteTC): null

2023-09-09 20:41:03 - [TEST_STEP][PASSED] - if (ExecuteTC.equalsIgnoreCase("Y")): null

2023-09-09 20:41:03 - [TEST_STEP][PASSED] - out.println("Begin Record Number: " + row): null

2023-09-09 20:41:03 - [TEST_STEP][PASSED] - today = new java.util.Date(): null

2023-09-09 20:41:03 - [TEST_STEP][PASSED] - println(today): null

2023-09-09 20:41:03 - [TEST_STEP][PASSED] - datText = today: null

2023-09-09 20:41:03 - [TEST_STEP][PASSED] - Taxtype = findTestData(dataFile).getValue("TaxType", row): null

2023-09-09 20:41:03 - [TEST_STEP][PASSED] - out.println("Taxtype value is : " + Taxtype): null

2023-09-09 20:41:03 - [TEST_STEP][PASSED] - openBrowser(""): Browser is opened with url: ''

2023-09-09 20:41:03 - [MESSAGE][WARNING] - A browser is already opened. Closing browser and opening a new one

2023-09-09 20:41:04 - [MESSAGE][INFO] - Starting 'Chrome' driver

2023-09-09 20:41:04 - [MESSAGE][INFO] - User set preference: ['acceptInsecureCerts', 'true']

2023-09-09 20:41:04 - [MESSAGE][INFO] - Action delay is set to 0 milliseconds

2023-09-09 20:41:06 - [MESSAGE][PASSED] - Browser is opened with url: ''

2023-09-09 20:41:06 - [TEST_STEP][PASSED] - maximizeWindow(): Current window maximized

2023-09-09 20:41:06 - [MESSAGE][PASSED] - Current window maximized

2023-09-09 20:41:06 - [TEST_STEP][PASSED] - navigateToUrl(RADurl): Navigate to 'https://qa2.velocitypayment.com/client/rad/index.html' successfully

2023-09-09 20:41:07 - [MESSAGE][PASSED] - Navigate to 'https://qa2.velocitypayment.com/client/rad/index.html' successfully

2023-09-09 20:41:07 - [TEST_STEP][PASSED] - orPath_Landing = "Object Repository/RAD_Pages/Landing_Page": null

2023-09-09 20:41:07 - [TEST_STEP][PASSED] - orPath_TaxTypeFilingYear = "Object Repository/RAD_Pages/TaxTypeFilingYear_Page": null

2023-09-09 20:41:07 - [TEST_STEP][PASSED] - orPath_TaxPayer = "Object Repository/RAD_Pages/Taxpayer_Page": null

2023-09-09 20:41:07 - [TEST_STEP][PASSED] - orPath_AddressContact = "Object Repository/RAD_Pages/AddressAndContactInfo_Page": null

2023-09-09 20:41:07 - [TEST_STEP][PASSED] - orPath_FilingStatus = "Object Repository/RAD_Pages/FilingStatus_Page": null

2023-09-09 20:41:07 - [TEST_STEP][PASSED] - orPath_Amount = "Object Repository/RAD_Pages/PaymentAmount_Page": null

2023-09-09 20:41:07 - [TEST_STEP][PASSED] - orPath_TaxInfo = "Object Repository/RAD_Pages/TaxInfo_Page": null

2023-09-09 20:41:07 - [TEST_STEP][PASSED] - orPath_Withholding = "Object Repository/RAD_Pages/Withholding_Page": null

2023-09-09 20:41:07 - [TEST_STEP][PASSED] - orPath_Summary = "Object Repository/RAD_Pages/Summary_Page": null

2023-09-09 20:41:07 - [TEST_STEP][PASSED] - orPath_PaymentReady = "Object Repository/RAD_Pages/PaymentReady_Page": null

2023-09-09 20:41:07 - [TEST_STEP][PASSED] - orPath_PaymentEntry = "Object Repository/RAD_Pages/PaymentEntry_Page": null

2023-09-09 20:41:07 - [TEST_STEP][PASSED] - orPath_PaymentConfirmation = "Object Repository/RAD_Pages/PaymentConfirmation_Page": null

2023-09-09 20:41:07 - [TEST_STEP][PASSED] - orPath_ServiceFeesAccept = "Object Repository/RAD_Pages/ServiceFeeAccept_Page": null

2023-09-09 20:41:07 - [TEST_STEP][PASSED] - selectOptionByLabel(findTestObject(orPath_Landing + "/dd_TaxType"), Paymenttype, false): All options with label 'Quarterly Estimated Tax' are selected in object 'Object Repository/RAD_Pages/Landing_Page/dd_TaxType' 

2023-09-09 20:41:08 - [MESSAGE][PASSED] - All options with label 'Quarterly Estimated Tax' are selected in object 'Object Repository/RAD_Pages/Landing_Page/dd_TaxType' 

2023-09-09 20:41:08 - [TEST_STEP][PASSED] - delay(1): Delayed 1 second(s)

2023-09-09 20:41:09 - [MESSAGE][PASSED] - Delayed 1 second(s)

2023-09-09 20:41:09 - [TEST_STEP][PASSED] - switch (Paymenttype): null

2023-09-09 20:41:09 - [TEST_STEP][PASSED] - case "Quarterly Estimated Tax":: null

2023-09-09 20:41:09 - [TEST_STEP][PASSED] - selectOptionByLabel(findTestObject(orPath_TaxTypeFilingYear + "/select_PaymentType"), Taxtype, false): All options with label 'Fiduciary Tax' are selected in object 'Object Repository/RAD_Pages/TaxTypeFilingYear_Page/select_PaymentType' 

2023-09-09 20:41:10 - [MESSAGE][PASSED] - All options with label 'Fiduciary Tax' are selected in object 'Object Repository/RAD_Pages/TaxTypeFilingYear_Page/select_PaymentType' 

2023-09-09 20:41:10 - [TEST_STEP][PASSED] - break: null

2023-09-09 20:41:10 - [TEST_STEP][PASSED] - delay(1): Delayed 1 second(s)

2023-09-09 20:41:11 - [MESSAGE][PASSED] - Delayed 1 second(s)

2023-09-09 20:41:11 - [TEST_STEP][PASSED] - switch (Paymenttype): null

2023-09-09 20:41:11 - [TEST_STEP][PASSED] - case "Quarterly Estimated Tax":: null

2023-09-09 20:41:11 - [TEST_STEP][PASSED] - setEncryptedText(findTestObject(orPath_TaxInfo + "/input_FederalEIN"), "RigbBhfdqOBDK95asqKeHw=="): Text ****** has been set on object 'Object Repository/RAD_Pages/TaxInfo_Page/input_FederalEIN'

2023-09-09 20:41:11 - [MESSAGE][PASSED] - Text ****** has been set on object 'Object Repository/RAD_Pages/TaxInfo_Page/input_FederalEIN'

2023-09-09 20:41:12 - [TEST_STEP][PASSED] - setEncryptedText(findTestObject(orPath_TaxInfo + "/input_FederalEIN_ReEnter"), ""): Text ****** has been set on object 'Object Repository/RAD_Pages/TaxInfo_Page/input_FederalEIN_ReEnter'

2023-09-09 20:41:13 - [MESSAGE][PASSED] - Text ****** has been set on object 'Object Repository/RAD_Pages/TaxInfo_Page/input_FederalEIN_ReEnter'

2023-09-09 20:41:13 - [TEST_STEP][PASSED] - break: null

2023-09-09 20:41:13 - [TEST_STEP][PASSED] - verifyTextPresent("Please enter a valid FEIN with 9 digits.", true): Text 'Please enter a valid FEIN with 9 digits.' is present on page  using regular expression

2023-09-09 20:41:14 - [MESSAGE][PASSED] - Text 'Please enter a valid FEIN with 9 digits.' is present on page  using regular expression

2023-09-09 20:41:14 - [TEST_STEP][PASSED] - if (verifyTextPresent("Please enter a valid FEIN with 9 digits.", true)): null

2023-09-09 20:41:14 - [MESSAGE][PASSED] - Text 'Please enter a valid FEIN with 9 digits.' is present on page  using regular expression

2023-09-09 20:41:14 - [TEST_STEP][PASSED] - println("Error Message is present on the page"): null

2023-09-09 20:41:14 - [TEST_STEP][PASSED] - out.println("Pass Record Number: " + row): null

2023-09-09 20:41:14 - [TEST_STEP][PASSED] - resText = "Pass": null

2023-09-09 20:41:14 - [TEST_STEP][PASSED] - pages.WriteExcel.demoKey(resText, datText, resColumn, datCloumn, fileLoc, nameSheet, row): pages.WriteExcel.demoKey is PASSED

2023-09-09 20:41:14 - [MESSAGE][PASSED] - pages.WriteExcel.demoKey is PASSED

2023-09-09 20:41:14 - [TEST_STEP][PASSED] - ExecuteTC = findTestData(dataFile).getValue("Execute", row): null

2023-09-09 20:41:14 - [TEST_STEP][PASSED] - Taxtype = findTestData(dataFile).getValue("TaxType", row): null

2023-09-09 20:41:14 - [TEST_STEP][PASSED] - Paymenttype = findTestData(dataFile).getValue("PaymentType", row): null

2023-09-09 20:41:14 - [TEST_STEP][PASSED] - out.println("Value of Execute is : " + ExecuteTC): null

2023-09-09 20:41:14 - [TEST_STEP][PASSED] - if (ExecuteTC.equalsIgnoreCase("Y")): null

2023-09-09 20:41:14 - [TEST_STEP][PASSED] - out.println("Begin Record Number: " + row): null

2023-09-09 20:41:14 - [TEST_STEP][PASSED] - today = new java.util.Date(): null

2023-09-09 20:41:14 - [TEST_STEP][PASSED] - println(today): null

2023-09-09 20:41:14 - [TEST_STEP][PASSED] - datText = today: null

2023-09-09 20:41:14 - [TEST_STEP][PASSED] - Taxtype = findTestData(dataFile).getValue("TaxType", row): null

2023-09-09 20:41:14 - [TEST_STEP][PASSED] - out.println("Taxtype value is : " + Taxtype): null

2023-09-09 20:41:14 - [TEST_STEP][PASSED] - openBrowser(""): Browser is opened with url: ''

2023-09-09 20:41:14 - [MESSAGE][WARNING] - A browser is already opened. Closing browser and opening a new one

2023-09-09 20:41:15 - [MESSAGE][INFO] - Starting 'Chrome' driver

2023-09-09 20:41:15 - [MESSAGE][INFO] - User set preference: ['acceptInsecureCerts', 'true']

2023-09-09 20:41:15 - [MESSAGE][INFO] - Action delay is set to 0 milliseconds

2023-09-09 20:41:16 - [MESSAGE][PASSED] - Browser is opened with url: ''

2023-09-09 20:41:16 - [TEST_STEP][PASSED] - maximizeWindow(): Current window maximized

2023-09-09 20:41:17 - [MESSAGE][PASSED] - Current window maximized

2023-09-09 20:41:17 - [TEST_STEP][PASSED] - navigateToUrl(RADurl): Navigate to 'https://qa2.velocitypayment.com/client/rad/index.html' successfully

2023-09-09 20:41:18 - [MESSAGE][PASSED] - Navigate to 'https://qa2.velocitypayment.com/client/rad/index.html' successfully

2023-09-09 20:41:18 - [TEST_STEP][PASSED] - orPath_Landing = "Object Repository/RAD_Pages/Landing_Page": null

2023-09-09 20:41:18 - [TEST_STEP][PASSED] - orPath_TaxTypeFilingYear = "Object Repository/RAD_Pages/TaxTypeFilingYear_Page": null

2023-09-09 20:41:18 - [TEST_STEP][PASSED] - orPath_TaxPayer = "Object Repository/RAD_Pages/Taxpayer_Page": null

2023-09-09 20:41:18 - [TEST_STEP][PASSED] - orPath_AddressContact = "Object Repository/RAD_Pages/AddressAndContactInfo_Page": null

2023-09-09 20:41:18 - [TEST_STEP][PASSED] - orPath_FilingStatus = "Object Repository/RAD_Pages/FilingStatus_Page": null

2023-09-09 20:41:18 - [TEST_STEP][PASSED] - orPath_Amount = "Object Repository/RAD_Pages/PaymentAmount_Page": null

2023-09-09 20:41:18 - [TEST_STEP][PASSED] - orPath_TaxInfo = "Object Repository/RAD_Pages/TaxInfo_Page": null

2023-09-09 20:41:18 - [TEST_STEP][PASSED] - orPath_Withholding = "Object Repository/RAD_Pages/Withholding_Page": null

2023-09-09 20:41:18 - [TEST_STEP][PASSED] - orPath_Summary = "Object Repository/RAD_Pages/Summary_Page": null

2023-09-09 20:41:18 - [TEST_STEP][PASSED] - orPath_PaymentReady = "Object Repository/RAD_Pages/PaymentReady_Page": null

2023-09-09 20:41:18 - [TEST_STEP][PASSED] - orPath_PaymentEntry = "Object Repository/RAD_Pages/PaymentEntry_Page": null

2023-09-09 20:41:18 - [TEST_STEP][PASSED] - orPath_PaymentConfirmation = "Object Repository/RAD_Pages/PaymentConfirmation_Page": null

2023-09-09 20:41:18 - [TEST_STEP][PASSED] - orPath_ServiceFeesAccept = "Object Repository/RAD_Pages/ServiceFeeAccept_Page": null

2023-09-09 20:41:18 - [TEST_STEP][PASSED] - selectOptionByLabel(findTestObject(orPath_Landing + "/dd_TaxType"), Paymenttype, false): All options with label 'Quarterly Estimated Tax' are selected in object 'Object Repository/RAD_Pages/Landing_Page/dd_TaxType' 

2023-09-09 20:41:19 - [MESSAGE][PASSED] - All options with label 'Quarterly Estimated Tax' are selected in object 'Object Repository/RAD_Pages/Landing_Page/dd_TaxType' 

2023-09-09 20:41:19 - [TEST_STEP][PASSED] - delay(1): Delayed 1 second(s)

2023-09-09 20:41:20 - [MESSAGE][PASSED] - Delayed 1 second(s)

2023-09-09 20:41:20 - [TEST_STEP][PASSED] - switch (Paymenttype): null

2023-09-09 20:41:20 - [TEST_STEP][PASSED] - case "Quarterly Estimated Tax":: null

2023-09-09 20:41:20 - [TEST_STEP][PASSED] - selectOptionByLabel(findTestObject(orPath_TaxTypeFilingYear + "/select_PaymentType"), Taxtype, false): All options with label 'PTE Non-Electing Non-S Corp' are selected in object 'Object Repository/RAD_Pages/TaxTypeFilingYear_Page/select_PaymentType' 

2023-09-09 20:41:21 - [MESSAGE][PASSED] - All options with label 'PTE Non-Electing Non-S Corp' are selected in object 'Object Repository/RAD_Pages/TaxTypeFilingYear_Page/select_PaymentType' 

2023-09-09 20:41:21 - [TEST_STEP][PASSED] - break: null

2023-09-09 20:41:21 - [TEST_STEP][PASSED] - delay(1): Delayed 1 second(s)

2023-09-09 20:41:22 - [MESSAGE][PASSED] - Delayed 1 second(s)

2023-09-09 20:41:22 - [TEST_STEP][PASSED] - switch (Paymenttype): null

2023-09-09 20:41:22 - [TEST_STEP][PASSED] - case "Quarterly Estimated Tax":: null

2023-09-09 20:41:22 - [TEST_STEP][PASSED] - setEncryptedText(findTestObject(orPath_TaxInfo + "/input_FederalEIN"), "RigbBhfdqOBDK95asqKeHw=="): Text ****** has been set on object 'Object Repository/RAD_Pages/TaxInfo_Page/input_FederalEIN'

2023-09-09 20:41:22 - [MESSAGE][PASSED] - Text ****** has been set on object 'Object Repository/RAD_Pages/TaxInfo_Page/input_FederalEIN'

2023-09-09 20:41:22 - [TEST_STEP][PASSED] - setEncryptedText(findTestObject(orPath_TaxInfo + "/input_FederalEIN_ReEnter"), ""): Text ****** has been set on object 'Object Repository/RAD_Pages/TaxInfo_Page/input_FederalEIN_ReEnter'

2023-09-09 20:41:23 - [MESSAGE][PASSED] - Text ****** has been set on object 'Object Repository/RAD_Pages/TaxInfo_Page/input_FederalEIN_ReEnter'

2023-09-09 20:41:23 - [TEST_STEP][PASSED] - break: null

2023-09-09 20:41:23 - [TEST_STEP][PASSED] - verifyTextPresent("Please enter a valid FEIN with 9 digits.", true): Text 'Please enter a valid FEIN with 9 digits.' is present on page  using regular expression

2023-09-09 20:41:24 - [MESSAGE][PASSED] - Text 'Please enter a valid FEIN with 9 digits.' is present on page  using regular expression

2023-09-09 20:41:24 - [TEST_STEP][PASSED] - if (verifyTextPresent("Please enter a valid FEIN with 9 digits.", true)): null

2023-09-09 20:41:25 - [MESSAGE][PASSED] - Text 'Please enter a valid FEIN with 9 digits.' is present on page  using regular expression

2023-09-09 20:41:25 - [TEST_STEP][PASSED] - println("Error Message is present on the page"): null

2023-09-09 20:41:25 - [TEST_STEP][PASSED] - out.println("Pass Record Number: " + row): null

2023-09-09 20:41:25 - [TEST_STEP][PASSED] - resText = "Pass": null

2023-09-09 20:41:25 - [TEST_STEP][PASSED] - pages.WriteExcel.demoKey(resText, datText, resColumn, datCloumn, fileLoc, nameSheet, row): pages.WriteExcel.demoKey is PASSED

2023-09-09 20:41:25 - [MESSAGE][PASSED] - pages.WriteExcel.demoKey is PASSED

2023-09-09 20:41:25 - [TEST_STEP][PASSED] - ExecuteTC = findTestData(dataFile).getValue("Execute", row): null

2023-09-09 20:41:25 - [TEST_STEP][PASSED] - Taxtype = findTestData(dataFile).getValue("TaxType", row): null

2023-09-09 20:41:25 - [TEST_STEP][PASSED] - Paymenttype = findTestData(dataFile).getValue("PaymentType", row): null

2023-09-09 20:41:25 - [TEST_STEP][PASSED] - out.println("Value of Execute is : " + ExecuteTC): null

2023-09-09 20:41:25 - [TEST_STEP][PASSED] - if (ExecuteTC.equalsIgnoreCase("Y")): null

2023-09-09 20:41:25 - [TEST_STEP][PASSED] - out.println("Begin Record Number: " + row): null

2023-09-09 20:41:25 - [TEST_STEP][PASSED] - today = new java.util.Date(): null

2023-09-09 20:41:25 - [TEST_STEP][PASSED] - println(today): null

2023-09-09 20:41:25 - [TEST_STEP][PASSED] - datText = today: null

2023-09-09 20:41:25 - [TEST_STEP][PASSED] - Taxtype = findTestData(dataFile).getValue("TaxType", row): null

2023-09-09 20:41:25 - [TEST_STEP][PASSED] - out.println("Taxtype value is : " + Taxtype): null

2023-09-09 20:41:25 - [TEST_STEP][PASSED] - openBrowser(""): Browser is opened with url: ''

2023-09-09 20:41:25 - [MESSAGE][WARNING] - A browser is already opened. Closing browser and opening a new one

2023-09-09 20:41:26 - [MESSAGE][INFO] - Starting 'Chrome' driver

2023-09-09 20:41:26 - [MESSAGE][INFO] - User set preference: ['acceptInsecureCerts', 'true']

2023-09-09 20:41:26 - [MESSAGE][INFO] - Action delay is set to 0 milliseconds

2023-09-09 20:41:27 - [MESSAGE][PASSED] - Browser is opened with url: ''

2023-09-09 20:41:27 - [TEST_STEP][PASSED] - maximizeWindow(): Current window maximized

2023-09-09 20:41:27 - [MESSAGE][PASSED] - Current window maximized

2023-09-09 20:41:27 - [TEST_STEP][PASSED] - navigateToUrl(RADurl): Navigate to 'https://qa2.velocitypayment.com/client/rad/index.html' successfully

2023-09-09 20:41:29 - [MESSAGE][PASSED] - Navigate to 'https://qa2.velocitypayment.com/client/rad/index.html' successfully

2023-09-09 20:41:29 - [TEST_STEP][PASSED] - orPath_Landing = "Object Repository/RAD_Pages/Landing_Page": null

2023-09-09 20:41:29 - [TEST_STEP][PASSED] - orPath_TaxTypeFilingYear = "Object Repository/RAD_Pages/TaxTypeFilingYear_Page": null

2023-09-09 20:41:29 - [TEST_STEP][PASSED] - orPath_TaxPayer = "Object Repository/RAD_Pages/Taxpayer_Page": null

2023-09-09 20:41:29 - [TEST_STEP][PASSED] - orPath_AddressContact = "Object Repository/RAD_Pages/AddressAndContactInfo_Page": null

2023-09-09 20:41:29 - [TEST_STEP][PASSED] - orPath_FilingStatus = "Object Repository/RAD_Pages/FilingStatus_Page": null

2023-09-09 20:41:29 - [TEST_STEP][PASSED] - orPath_Amount = "Object Repository/RAD_Pages/PaymentAmount_Page": null

2023-09-09 20:41:29 - [TEST_STEP][PASSED] - orPath_TaxInfo = "Object Repository/RAD_Pages/TaxInfo_Page": null

2023-09-09 20:41:29 - [TEST_STEP][PASSED] - orPath_Withholding = "Object Repository/RAD_Pages/Withholding_Page": null

2023-09-09 20:41:29 - [TEST_STEP][PASSED] - orPath_Summary = "Object Repository/RAD_Pages/Summary_Page": null

2023-09-09 20:41:29 - [TEST_STEP][PASSED] - orPath_PaymentReady = "Object Repository/RAD_Pages/PaymentReady_Page": null

2023-09-09 20:41:29 - [TEST_STEP][PASSED] - orPath_PaymentEntry = "Object Repository/RAD_Pages/PaymentEntry_Page": null

2023-09-09 20:41:29 - [TEST_STEP][PASSED] - orPath_PaymentConfirmation = "Object Repository/RAD_Pages/PaymentConfirmation_Page": null

2023-09-09 20:41:29 - [TEST_STEP][PASSED] - orPath_ServiceFeesAccept = "Object Repository/RAD_Pages/ServiceFeeAccept_Page": null

2023-09-09 20:41:29 - [TEST_STEP][PASSED] - selectOptionByLabel(findTestObject(orPath_Landing + "/dd_TaxType"), Paymenttype, false): All options with label 'Quarterly Estimated Tax' are selected in object 'Object Repository/RAD_Pages/Landing_Page/dd_TaxType' 

2023-09-09 20:41:29 - [MESSAGE][PASSED] - All options with label 'Quarterly Estimated Tax' are selected in object 'Object Repository/RAD_Pages/Landing_Page/dd_TaxType' 

2023-09-09 20:41:29 - [TEST_STEP][PASSED] - delay(1): Delayed 1 second(s)

2023-09-09 20:41:30 - [MESSAGE][PASSED] - Delayed 1 second(s)

2023-09-09 20:41:30 - [TEST_STEP][PASSED] - switch (Paymenttype): null

2023-09-09 20:41:30 - [TEST_STEP][PASSED] - case "Quarterly Estimated Tax":: null

2023-09-09 20:41:30 - [TEST_STEP][PASSED] - selectOptionByLabel(findTestObject(orPath_TaxTypeFilingYear + "/select_PaymentType"), Taxtype, false): All options with label 'PTE Non-Electing S Corp' are selected in object 'Object Repository/RAD_Pages/TaxTypeFilingYear_Page/select_PaymentType' 

2023-09-09 20:41:31 - [MESSAGE][PASSED] - All options with label 'PTE Non-Electing S Corp' are selected in object 'Object Repository/RAD_Pages/TaxTypeFilingYear_Page/select_PaymentType' 

2023-09-09 20:41:31 - [TEST_STEP][PASSED] - break: null

2023-09-09 20:41:31 - [TEST_STEP][PASSED] - delay(1): Delayed 1 second(s)

2023-09-09 20:41:32 - [MESSAGE][PASSED] - Delayed 1 second(s)

2023-09-09 20:41:32 - [TEST_STEP][PASSED] - switch (Paymenttype): null

2023-09-09 20:41:32 - [TEST_STEP][PASSED] - case "Quarterly Estimated Tax":: null

2023-09-09 20:41:32 - [TEST_STEP][PASSED] - setEncryptedText(findTestObject(orPath_TaxInfo + "/input_FederalEIN"), "RigbBhfdqOBDK95asqKeHw=="): Text ****** has been set on object 'Object Repository/RAD_Pages/TaxInfo_Page/input_FederalEIN'

2023-09-09 20:41:33 - [MESSAGE][PASSED] - Text ****** has been set on object 'Object Repository/RAD_Pages/TaxInfo_Page/input_FederalEIN'

2023-09-09 20:41:33 - [TEST_STEP][PASSED] - setEncryptedText(findTestObject(orPath_TaxInfo + "/input_FederalEIN_ReEnter"), ""): Text ****** has been set on object 'Object Repository/RAD_Pages/TaxInfo_Page/input_FederalEIN_ReEnter'

2023-09-09 20:41:34 - [MESSAGE][PASSED] - Text ****** has been set on object 'Object Repository/RAD_Pages/TaxInfo_Page/input_FederalEIN_ReEnter'

2023-09-09 20:41:34 - [TEST_STEP][PASSED] - break: null

2023-09-09 20:41:34 - [TEST_STEP][PASSED] - verifyTextPresent("Please enter a valid FEIN with 9 digits.", true): Text 'Please enter a valid FEIN with 9 digits.' is present on page  using regular expression

2023-09-09 20:41:35 - [MESSAGE][PASSED] - Text 'Please enter a valid FEIN with 9 digits.' is present on page  using regular expression

2023-09-09 20:41:35 - [TEST_STEP][PASSED] - if (verifyTextPresent("Please enter a valid FEIN with 9 digits.", true)): null

2023-09-09 20:41:35 - [MESSAGE][PASSED] - Text 'Please enter a valid FEIN with 9 digits.' is present on page  using regular expression

2023-09-09 20:41:35 - [TEST_STEP][PASSED] - println("Error Message is present on the page"): null

2023-09-09 20:41:35 - [TEST_STEP][PASSED] - out.println("Pass Record Number: " + row): null

2023-09-09 20:41:35 - [TEST_STEP][PASSED] - resText = "Pass": null

2023-09-09 20:41:35 - [TEST_STEP][PASSED] - pages.WriteExcel.demoKey(resText, datText, resColumn, datCloumn, fileLoc, nameSheet, row): pages.WriteExcel.demoKey is PASSED

2023-09-09 20:41:35 - [MESSAGE][PASSED] - pages.WriteExcel.demoKey is PASSED

2023-09-09 20:41:35 - [TEST_STEP][PASSED] - ExecuteTC = findTestData(dataFile).getValue("Execute", row): null

2023-09-09 20:41:35 - [TEST_STEP][PASSED] - Taxtype = findTestData(dataFile).getValue("TaxType", row): null

2023-09-09 20:41:35 - [TEST_STEP][PASSED] - Paymenttype = findTestData(dataFile).getValue("PaymentType", row): null

2023-09-09 20:41:35 - [TEST_STEP][PASSED] - out.println("Value of Execute is : " + ExecuteTC): null

2023-09-09 20:41:35 - [TEST_STEP][PASSED] - if (ExecuteTC.equalsIgnoreCase("Y")): null

2023-09-09 20:41:35 - [TEST_STEP][PASSED] - out.println("Begin Record Number: " + row): null

2023-09-09 20:41:35 - [TEST_STEP][PASSED] - today = new java.util.Date(): null

2023-09-09 20:41:35 - [TEST_STEP][PASSED] - println(today): null

2023-09-09 20:41:35 - [TEST_STEP][PASSED] - datText = today: null

2023-09-09 20:41:35 - [TEST_STEP][PASSED] - Taxtype = findTestData(dataFile).getValue("TaxType", row): null

2023-09-09 20:41:35 - [TEST_STEP][PASSED] - out.println("Taxtype value is : " + Taxtype): null

2023-09-09 20:41:35 - [TEST_STEP][PASSED] - openBrowser(""): Browser is opened with url: ''

2023-09-09 20:41:35 - [MESSAGE][WARNING] - A browser is already opened. Closing browser and opening a new one

2023-09-09 20:41:36 - [MESSAGE][INFO] - Starting 'Chrome' driver

2023-09-09 20:41:36 - [MESSAGE][INFO] - User set preference: ['acceptInsecureCerts', 'true']

2023-09-09 20:41:36 - [MESSAGE][INFO] - Action delay is set to 0 milliseconds

2023-09-09 20:41:38 - [MESSAGE][PASSED] - Browser is opened with url: ''

2023-09-09 20:41:38 - [TEST_STEP][PASSED] - maximizeWindow(): Current window maximized

2023-09-09 20:41:38 - [MESSAGE][PASSED] - Current window maximized

2023-09-09 20:41:38 - [TEST_STEP][PASSED] - navigateToUrl(RADurl): Navigate to 'https://qa2.velocitypayment.com/client/rad/index.html' successfully

2023-09-09 20:41:39 - [MESSAGE][PASSED] - Navigate to 'https://qa2.velocitypayment.com/client/rad/index.html' successfully

2023-09-09 20:41:39 - [TEST_STEP][PASSED] - orPath_Landing = "Object Repository/RAD_Pages/Landing_Page": null

2023-09-09 20:41:39 - [TEST_STEP][PASSED] - orPath_TaxTypeFilingYear = "Object Repository/RAD_Pages/TaxTypeFilingYear_Page": null

2023-09-09 20:41:39 - [TEST_STEP][PASSED] - orPath_TaxPayer = "Object Repository/RAD_Pages/Taxpayer_Page": null

2023-09-09 20:41:39 - [TEST_STEP][PASSED] - orPath_AddressContact = "Object Repository/RAD_Pages/AddressAndContactInfo_Page": null

2023-09-09 20:41:39 - [TEST_STEP][PASSED] - orPath_FilingStatus = "Object Repository/RAD_Pages/FilingStatus_Page": null

2023-09-09 20:41:39 - [TEST_STEP][PASSED] - orPath_Amount = "Object Repository/RAD_Pages/PaymentAmount_Page": null

2023-09-09 20:41:39 - [TEST_STEP][PASSED] - orPath_TaxInfo = "Object Repository/RAD_Pages/TaxInfo_Page": null

2023-09-09 20:41:39 - [TEST_STEP][PASSED] - orPath_Withholding = "Object Repository/RAD_Pages/Withholding_Page": null

2023-09-09 20:41:39 - [TEST_STEP][PASSED] - orPath_Summary = "Object Repository/RAD_Pages/Summary_Page": null

2023-09-09 20:41:39 - [TEST_STEP][PASSED] - orPath_PaymentReady = "Object Repository/RAD_Pages/PaymentReady_Page": null

2023-09-09 20:41:39 - [TEST_STEP][PASSED] - orPath_PaymentEntry = "Object Repository/RAD_Pages/PaymentEntry_Page": null

2023-09-09 20:41:39 - [TEST_STEP][PASSED] - orPath_PaymentConfirmation = "Object Repository/RAD_Pages/PaymentConfirmation_Page": null

2023-09-09 20:41:39 - [TEST_STEP][PASSED] - orPath_ServiceFeesAccept = "Object Repository/RAD_Pages/ServiceFeeAccept_Page": null

2023-09-09 20:41:39 - [TEST_STEP][PASSED] - selectOptionByLabel(findTestObject(orPath_Landing + "/dd_TaxType"), Paymenttype, false): All options with label 'Quarterly Estimated Tax' are selected in object 'Object Repository/RAD_Pages/Landing_Page/dd_TaxType' 

2023-09-09 20:41:40 - [MESSAGE][PASSED] - All options with label 'Quarterly Estimated Tax' are selected in object 'Object Repository/RAD_Pages/Landing_Page/dd_TaxType' 

2023-09-09 20:41:40 - [TEST_STEP][PASSED] - delay(1): Delayed 1 second(s)

2023-09-09 20:41:41 - [MESSAGE][PASSED] - Delayed 1 second(s)

2023-09-09 20:41:41 - [TEST_STEP][PASSED] - switch (Paymenttype): null

2023-09-09 20:41:41 - [TEST_STEP][PASSED] - case "Quarterly Estimated Tax":: null

2023-09-09 20:41:41 - [TEST_STEP][PASSED] - selectOptionByLabel(findTestObject(orPath_TaxTypeFilingYear + "/select_PaymentType"), Taxtype, false): All options with label 'PTE Tax Electing Non-S Corp' are selected in object 'Object Repository/RAD_Pages/TaxTypeFilingYear_Page/select_PaymentType' 

2023-09-09 20:41:42 - [MESSAGE][PASSED] - All options with label 'PTE Tax Electing Non-S Corp' are selected in object 'Object Repository/RAD_Pages/TaxTypeFilingYear_Page/select_PaymentType' 

2023-09-09 20:41:42 - [TEST_STEP][PASSED] - break: null

2023-09-09 20:41:42 - [TEST_STEP][PASSED] - delay(1): Delayed 1 second(s)

2023-09-09 20:41:43 - [MESSAGE][PASSED] - Delayed 1 second(s)

2023-09-09 20:41:43 - [TEST_STEP][PASSED] - switch (Paymenttype): null

2023-09-09 20:41:43 - [TEST_STEP][PASSED] - case "Quarterly Estimated Tax":: null

2023-09-09 20:41:43 - [TEST_STEP][PASSED] - setEncryptedText(findTestObject(orPath_TaxInfo + "/input_FederalEIN"), "RigbBhfdqOBDK95asqKeHw=="): Text ****** has been set on object 'Object Repository/RAD_Pages/TaxInfo_Page/input_FederalEIN'

2023-09-09 20:41:43 - [MESSAGE][PASSED] - Text ****** has been set on object 'Object Repository/RAD_Pages/TaxInfo_Page/input_FederalEIN'

2023-09-09 20:41:43 - [TEST_STEP][PASSED] - setEncryptedText(findTestObject(orPath_TaxInfo + "/input_FederalEIN_ReEnter"), ""): Text ****** has been set on object 'Object Repository/RAD_Pages/TaxInfo_Page/input_FederalEIN_ReEnter'

2023-09-09 20:41:45 - [MESSAGE][PASSED] - Text ****** has been set on object 'Object Repository/RAD_Pages/TaxInfo_Page/input_FederalEIN_ReEnter'

2023-09-09 20:41:45 - [TEST_STEP][PASSED] - break: null

2023-09-09 20:41:45 - [TEST_STEP][PASSED] - verifyTextPresent("Please enter a valid FEIN with 9 digits.", true): Text 'Please enter a valid FEIN with 9 digits.' is present on page  using regular expression

2023-09-09 20:41:45 - [MESSAGE][PASSED] - Text 'Please enter a valid FEIN with 9 digits.' is present on page  using regular expression

2023-09-09 20:41:45 - [TEST_STEP][PASSED] - if (verifyTextPresent("Please enter a valid FEIN with 9 digits.", true)): null

2023-09-09 20:41:46 - [MESSAGE][PASSED] - Text 'Please enter a valid FEIN with 9 digits.' is present on page  using regular expression

2023-09-09 20:41:46 - [TEST_STEP][PASSED] - println("Error Message is present on the page"): null

2023-09-09 20:41:46 - [TEST_STEP][PASSED] - out.println("Pass Record Number: " + row): null

2023-09-09 20:41:46 - [TEST_STEP][PASSED] - resText = "Pass": null

2023-09-09 20:41:46 - [TEST_STEP][PASSED] - pages.WriteExcel.demoKey(resText, datText, resColumn, datCloumn, fileLoc, nameSheet, row): pages.WriteExcel.demoKey is PASSED

2023-09-09 20:41:46 - [MESSAGE][PASSED] - pages.WriteExcel.demoKey is PASSED

2023-09-09 20:41:46 - [TEST_STEP][PASSED] - ExecuteTC = findTestData(dataFile).getValue("Execute", row): null

2023-09-09 20:41:46 - [TEST_STEP][PASSED] - Taxtype = findTestData(dataFile).getValue("TaxType", row): null

2023-09-09 20:41:46 - [TEST_STEP][PASSED] - Paymenttype = findTestData(dataFile).getValue("PaymentType", row): null

2023-09-09 20:41:46 - [TEST_STEP][PASSED] - out.println("Value of Execute is : " + ExecuteTC): null

2023-09-09 20:41:46 - [TEST_STEP][PASSED] - if (ExecuteTC.equalsIgnoreCase("Y")): null

2023-09-09 20:41:46 - [TEST_STEP][PASSED] - out.println("Begin Record Number: " + row): null

2023-09-09 20:41:46 - [TEST_STEP][PASSED] - today = new java.util.Date(): null

2023-09-09 20:41:46 - [TEST_STEP][PASSED] - println(today): null

2023-09-09 20:41:46 - [TEST_STEP][PASSED] - datText = today: null

2023-09-09 20:41:46 - [TEST_STEP][PASSED] - Taxtype = findTestData(dataFile).getValue("TaxType", row): null

2023-09-09 20:41:46 - [TEST_STEP][PASSED] - out.println("Taxtype value is : " + Taxtype): null

2023-09-09 20:41:46 - [TEST_STEP][PASSED] - openBrowser(""): Browser is opened with url: ''

2023-09-09 20:41:46 - [MESSAGE][WARNING] - A browser is already opened. Closing browser and opening a new one

2023-09-09 20:41:47 - [MESSAGE][INFO] - Starting 'Chrome' driver

2023-09-09 20:41:47 - [MESSAGE][INFO] - User set preference: ['acceptInsecureCerts', 'true']

2023-09-09 20:41:47 - [MESSAGE][INFO] - Action delay is set to 0 milliseconds

2023-09-09 20:41:48 - [MESSAGE][PASSED] - Browser is opened with url: ''

2023-09-09 20:41:48 - [TEST_STEP][PASSED] - maximizeWindow(): Current window maximized

2023-09-09 20:41:48 - [MESSAGE][PASSED] - Current window maximized

2023-09-09 20:41:48 - [TEST_STEP][PASSED] - navigateToUrl(RADurl): Navigate to 'https://qa2.velocitypayment.com/client/rad/index.html' successfully

2023-09-09 20:41:50 - [MESSAGE][PASSED] - Navigate to 'https://qa2.velocitypayment.com/client/rad/index.html' successfully

2023-09-09 20:41:50 - [TEST_STEP][PASSED] - orPath_Landing = "Object Repository/RAD_Pages/Landing_Page": null

2023-09-09 20:41:50 - [TEST_STEP][PASSED] - orPath_TaxTypeFilingYear = "Object Repository/RAD_Pages/TaxTypeFilingYear_Page": null

2023-09-09 20:41:50 - [TEST_STEP][PASSED] - orPath_TaxPayer = "Object Repository/RAD_Pages/Taxpayer_Page": null

2023-09-09 20:41:50 - [TEST_STEP][PASSED] - orPath_AddressContact = "Object Repository/RAD_Pages/AddressAndContactInfo_Page": null

2023-09-09 20:41:50 - [TEST_STEP][PASSED] - orPath_FilingStatus = "Object Repository/RAD_Pages/FilingStatus_Page": null

2023-09-09 20:41:50 - [TEST_STEP][PASSED] - orPath_Amount = "Object Repository/RAD_Pages/PaymentAmount_Page": null

2023-09-09 20:41:50 - [TEST_STEP][PASSED] - orPath_TaxInfo = "Object Repository/RAD_Pages/TaxInfo_Page": null

2023-09-09 20:41:50 - [TEST_STEP][PASSED] - orPath_Withholding = "Object Repository/RAD_Pages/Withholding_Page": null

2023-09-09 20:41:50 - [TEST_STEP][PASSED] - orPath_Summary = "Object Repository/RAD_Pages/Summary_Page": null

2023-09-09 20:41:50 - [TEST_STEP][PASSED] - orPath_PaymentReady = "Object Repository/RAD_Pages/PaymentReady_Page": null

2023-09-09 20:41:50 - [TEST_STEP][PASSED] - orPath_PaymentEntry = "Object Repository/RAD_Pages/PaymentEntry_Page": null

2023-09-09 20:41:50 - [TEST_STEP][PASSED] - orPath_PaymentConfirmation = "Object Repository/RAD_Pages/PaymentConfirmation_Page": null

2023-09-09 20:41:50 - [TEST_STEP][PASSED] - orPath_ServiceFeesAccept = "Object Repository/RAD_Pages/ServiceFeeAccept_Page": null

2023-09-09 20:41:50 - [TEST_STEP][PASSED] - selectOptionByLabel(findTestObject(orPath_Landing + "/dd_TaxType"), Paymenttype, false): All options with label 'Quarterly Estimated Tax' are selected in object 'Object Repository/RAD_Pages/Landing_Page/dd_TaxType' 

2023-09-09 20:41:51 - [MESSAGE][PASSED] - All options with label 'Quarterly Estimated Tax' are selected in object 'Object Repository/RAD_Pages/Landing_Page/dd_TaxType' 

2023-09-09 20:41:51 - [TEST_STEP][PASSED] - delay(1): Delayed 1 second(s)

2023-09-09 20:41:52 - [MESSAGE][PASSED] - Delayed 1 second(s)

2023-09-09 20:41:52 - [TEST_STEP][PASSED] - switch (Paymenttype): null

2023-09-09 20:41:52 - [TEST_STEP][PASSED] - case "Quarterly Estimated Tax":: null

2023-09-09 20:41:52 - [TEST_STEP][PASSED] - selectOptionByLabel(findTestObject(orPath_TaxTypeFilingYear + "/select_PaymentType"), Taxtype, false): All options with label 'PTE Tax Electing S Corp' are selected in object 'Object Repository/RAD_Pages/TaxTypeFilingYear_Page/select_PaymentType' 

2023-09-09 20:41:52 - [MESSAGE][PASSED] - All options with label 'PTE Tax Electing S Corp' are selected in object 'Object Repository/RAD_Pages/TaxTypeFilingYear_Page/select_PaymentType' 

2023-09-09 20:41:52 - [TEST_STEP][PASSED] - break: null

2023-09-09 20:41:52 - [TEST_STEP][PASSED] - delay(1): Delayed 1 second(s)

2023-09-09 20:41:53 - [MESSAGE][PASSED] - Delayed 1 second(s)

2023-09-09 20:41:53 - [TEST_STEP][PASSED] - switch (Paymenttype): null

2023-09-09 20:41:53 - [TEST_STEP][PASSED] - case "Quarterly Estimated Tax":: null

2023-09-09 20:41:53 - [TEST_STEP][PASSED] - setEncryptedText(findTestObject(orPath_TaxInfo + "/input_FederalEIN"), "RigbBhfdqOBDK95asqKeHw=="): Text ****** has been set on object 'Object Repository/RAD_Pages/TaxInfo_Page/input_FederalEIN'

2023-09-09 20:41:54 - [MESSAGE][PASSED] - Text ****** has been set on object 'Object Repository/RAD_Pages/TaxInfo_Page/input_FederalEIN'

2023-09-09 20:41:54 - [TEST_STEP][PASSED] - setEncryptedText(findTestObject(orPath_TaxInfo + "/input_FederalEIN_ReEnter"), ""): Text ****** has been set on object 'Object Repository/RAD_Pages/TaxInfo_Page/input_FederalEIN_ReEnter'

2023-09-09 20:41:55 - [MESSAGE][PASSED] - Text ****** has been set on object 'Object Repository/RAD_Pages/TaxInfo_Page/input_FederalEIN_ReEnter'

2023-09-09 20:41:55 - [TEST_STEP][PASSED] - break: null

2023-09-09 20:41:55 - [TEST_STEP][PASSED] - verifyTextPresent("Please enter a valid FEIN with 9 digits.", true): Text 'Please enter a valid FEIN with 9 digits.' is present on page  using regular expression

2023-09-09 20:41:56 - [MESSAGE][PASSED] - Text 'Please enter a valid FEIN with 9 digits.' is present on page  using regular expression

2023-09-09 20:41:56 - [TEST_STEP][PASSED] - if (verifyTextPresent("Please enter a valid FEIN with 9 digits.", true)): null

2023-09-09 20:41:56 - [MESSAGE][PASSED] - Text 'Please enter a valid FEIN with 9 digits.' is present on page  using regular expression

2023-09-09 20:41:56 - [TEST_STEP][PASSED] - println("Error Message is present on the page"): null

2023-09-09 20:41:56 - [TEST_STEP][PASSED] - out.println("Pass Record Number: " + row): null

2023-09-09 20:41:56 - [TEST_STEP][PASSED] - resText = "Pass": null

2023-09-09 20:41:56 - [TEST_STEP][PASSED] - pages.WriteExcel.demoKey(resText, datText, resColumn, datCloumn, fileLoc, nameSheet, row): pages.WriteExcel.demoKey is PASSED

2023-09-09 20:41:56 - [MESSAGE][PASSED] - pages.WriteExcel.demoKey is PASSED

2023-09-09 20:41:56 - [TEST_STEP][PASSED] - ExecuteTC = findTestData(dataFile).getValue("Execute", row): null

2023-09-09 20:41:56 - [TEST_STEP][PASSED] - Taxtype = findTestData(dataFile).getValue("TaxType", row): null

2023-09-09 20:41:56 - [TEST_STEP][PASSED] - Paymenttype = findTestData(dataFile).getValue("PaymentType", row): null

2023-09-09 20:41:57 - [TEST_STEP][PASSED] - out.println("Value of Execute is : " + ExecuteTC): null

2023-09-09 20:41:57 - [TEST_STEP][PASSED] - if (ExecuteTC.equalsIgnoreCase("Y")): null

2023-09-09 20:41:57 - [TEST_STEP][PASSED] - out.println("Begin Record Number: " + row): null

2023-09-09 20:41:57 - [TEST_STEP][PASSED] - today = new java.util.Date(): null

2023-09-09 20:41:57 - [TEST_STEP][PASSED] - println(today): null

2023-09-09 20:41:57 - [TEST_STEP][PASSED] - datText = today: null

2023-09-09 20:41:57 - [TEST_STEP][PASSED] - Taxtype = findTestData(dataFile).getValue("TaxType", row): null

2023-09-09 20:41:57 - [TEST_STEP][PASSED] - out.println("Taxtype value is : " + Taxtype): null

2023-09-09 20:41:57 - [TEST_STEP][PASSED] - openBrowser(""): Browser is opened with url: ''

2023-09-09 20:41:57 - [MESSAGE][WARNING] - A browser is already opened. Closing browser and opening a new one

2023-09-09 20:41:57 - [MESSAGE][INFO] - Starting 'Chrome' driver

2023-09-09 20:41:57 - [MESSAGE][INFO] - User set preference: ['acceptInsecureCerts', 'true']

2023-09-09 20:41:57 - [MESSAGE][INFO] - Action delay is set to 0 milliseconds

2023-09-09 20:41:59 - [MESSAGE][PASSED] - Browser is opened with url: ''

2023-09-09 20:41:59 - [TEST_STEP][PASSED] - maximizeWindow(): Current window maximized

2023-09-09 20:41:59 - [MESSAGE][PASSED] - Current window maximized

2023-09-09 20:41:59 - [TEST_STEP][PASSED] - navigateToUrl(RADurl): Navigate to 'https://qa2.velocitypayment.com/client/rad/index.html' successfully

2023-09-09 20:42:01 - [MESSAGE][PASSED] - Navigate to 'https://qa2.velocitypayment.com/client/rad/index.html' successfully

2023-09-09 20:42:01 - [TEST_STEP][PASSED] - orPath_Landing = "Object Repository/RAD_Pages/Landing_Page": null

2023-09-09 20:42:01 - [TEST_STEP][PASSED] - orPath_TaxTypeFilingYear = "Object Repository/RAD_Pages/TaxTypeFilingYear_Page": null

2023-09-09 20:42:01 - [TEST_STEP][PASSED] - orPath_TaxPayer = "Object Repository/RAD_Pages/Taxpayer_Page": null

2023-09-09 20:42:01 - [TEST_STEP][PASSED] - orPath_AddressContact = "Object Repository/RAD_Pages/AddressAndContactInfo_Page": null

2023-09-09 20:42:01 - [TEST_STEP][PASSED] - orPath_FilingStatus = "Object Repository/RAD_Pages/FilingStatus_Page": null

2023-09-09 20:42:01 - [TEST_STEP][PASSED] - orPath_Amount = "Object Repository/RAD_Pages/PaymentAmount_Page": null

2023-09-09 20:42:01 - [TEST_STEP][PASSED] - orPath_TaxInfo = "Object Repository/RAD_Pages/TaxInfo_Page": null

2023-09-09 20:42:01 - [TEST_STEP][PASSED] - orPath_Withholding = "Object Repository/RAD_Pages/Withholding_Page": null

2023-09-09 20:42:01 - [TEST_STEP][PASSED] - orPath_Summary = "Object Repository/RAD_Pages/Summary_Page": null

2023-09-09 20:42:01 - [TEST_STEP][PASSED] - orPath_PaymentReady = "Object Repository/RAD_Pages/PaymentReady_Page": null

2023-09-09 20:42:01 - [TEST_STEP][PASSED] - orPath_PaymentEntry = "Object Repository/RAD_Pages/PaymentEntry_Page": null

2023-09-09 20:42:01 - [TEST_STEP][PASSED] - orPath_PaymentConfirmation = "Object Repository/RAD_Pages/PaymentConfirmation_Page": null

2023-09-09 20:42:01 - [TEST_STEP][PASSED] - orPath_ServiceFeesAccept = "Object Repository/RAD_Pages/ServiceFeeAccept_Page": null

2023-09-09 20:42:01 - [TEST_STEP][PASSED] - selectOptionByLabel(findTestObject(orPath_Landing + "/dd_TaxType"), Paymenttype, false): All options with label 'Extension Payments' are selected in object 'Object Repository/RAD_Pages/Landing_Page/dd_TaxType' 

2023-09-09 20:42:01 - [MESSAGE][PASSED] - All options with label 'Extension Payments' are selected in object 'Object Repository/RAD_Pages/Landing_Page/dd_TaxType' 

2023-09-09 20:42:01 - [TEST_STEP][PASSED] - delay(1): Delayed 1 second(s)

2023-09-09 20:42:02 - [MESSAGE][PASSED] - Delayed 1 second(s)

2023-09-09 20:42:02 - [TEST_STEP][PASSED] - switch (Paymenttype): null

2023-09-09 20:42:02 - [TEST_STEP][PASSED] - case "Extension Payments":: null

2023-09-09 20:42:02 - [TEST_STEP][PASSED] - selectOptionByLabel(findTestObject(orPath_TaxTypeFilingYear + "/select_PaymentType"), Taxtype, false): All options with label 'Corporate Income Tax' are selected in object 'Object Repository/RAD_Pages/TaxTypeFilingYear_Page/select_PaymentType' 

2023-09-09 20:42:03 - [MESSAGE][PASSED] - All options with label 'Corporate Income Tax' are selected in object 'Object Repository/RAD_Pages/TaxTypeFilingYear_Page/select_PaymentType' 

2023-09-09 20:42:03 - [TEST_STEP][PASSED] - break: null

2023-09-09 20:42:03 - [TEST_STEP][PASSED] - delay(1): Delayed 1 second(s)

2023-09-09 20:42:04 - [MESSAGE][PASSED] - Delayed 1 second(s)

2023-09-09 20:42:04 - [TEST_STEP][PASSED] - switch (Paymenttype): null

2023-09-09 20:42:04 - [TEST_STEP][PASSED] - case "Extension Payments":: null

2023-09-09 20:42:04 - [TEST_STEP][PASSED] - setEncryptedText(findTestObject(orPath_TaxInfo + "/input_FederalEIN"), "RigbBhfdqOBDK95asqKeHw=="): Text ****** has been set on object 'Object Repository/RAD_Pages/TaxInfo_Page/input_FederalEIN'

2023-09-09 20:42:05 - [MESSAGE][PASSED] - Text ****** has been set on object 'Object Repository/RAD_Pages/TaxInfo_Page/input_FederalEIN'

2023-09-09 20:42:05 - [TEST_STEP][PASSED] - setEncryptedText(findTestObject(orPath_TaxInfo + "/input_FederalEIN_ReEnter"), ""): Text ****** has been set on object 'Object Repository/RAD_Pages/TaxInfo_Page/input_FederalEIN_ReEnter'

2023-09-09 20:42:06 - [MESSAGE][PASSED] - Text ****** has been set on object 'Object Repository/RAD_Pages/TaxInfo_Page/input_FederalEIN_ReEnter'

2023-09-09 20:42:06 - [TEST_STEP][PASSED] - break: null

2023-09-09 20:42:06 - [TEST_STEP][PASSED] - verifyTextPresent("Please enter a valid FEIN with 9 digits.", true): Text 'Please enter a valid FEIN with 9 digits.' is present on page  using regular expression

2023-09-09 20:42:07 - [MESSAGE][PASSED] - Text 'Please enter a valid FEIN with 9 digits.' is present on page  using regular expression

2023-09-09 20:42:07 - [TEST_STEP][PASSED] - if (verifyTextPresent("Please enter a valid FEIN with 9 digits.", true)): null

2023-09-09 20:42:07 - [MESSAGE][PASSED] - Text 'Please enter a valid FEIN with 9 digits.' is present on page  using regular expression

2023-09-09 20:42:07 - [TEST_STEP][PASSED] - println("Error Message is present on the page"): null

2023-09-09 20:42:07 - [TEST_STEP][PASSED] - out.println("Pass Record Number: " + row): null

2023-09-09 20:42:07 - [TEST_STEP][PASSED] - resText = "Pass": null

2023-09-09 20:42:07 - [TEST_STEP][PASSED] - pages.WriteExcel.demoKey(resText, datText, resColumn, datCloumn, fileLoc, nameSheet, row): pages.WriteExcel.demoKey is PASSED

2023-09-09 20:42:07 - [MESSAGE][PASSED] - pages.WriteExcel.demoKey is PASSED

2023-09-09 20:42:07 - [TEST_STEP][PASSED] - ExecuteTC = findTestData(dataFile).getValue("Execute", row): null

2023-09-09 20:42:07 - [TEST_STEP][PASSED] - Taxtype = findTestData(dataFile).getValue("TaxType", row): null

2023-09-09 20:42:07 - [TEST_STEP][PASSED] - Paymenttype = findTestData(dataFile).getValue("PaymentType", row): null

2023-09-09 20:42:07 - [TEST_STEP][PASSED] - out.println("Value of Execute is : " + ExecuteTC): null

2023-09-09 20:42:07 - [TEST_STEP][PASSED] - if (ExecuteTC.equalsIgnoreCase("Y")): null

2023-09-09 20:42:07 - [TEST_STEP][PASSED] - out.println("Begin Record Number: " + row): null

2023-09-09 20:42:07 - [TEST_STEP][PASSED] - today = new java.util.Date(): null

2023-09-09 20:42:07 - [TEST_STEP][PASSED] - println(today): null

2023-09-09 20:42:07 - [TEST_STEP][PASSED] - datText = today: null

2023-09-09 20:42:07 - [TEST_STEP][PASSED] - Taxtype = findTestData(dataFile).getValue("TaxType", row): null

2023-09-09 20:42:07 - [TEST_STEP][PASSED] - out.println("Taxtype value is : " + Taxtype): null

2023-09-09 20:42:07 - [TEST_STEP][PASSED] - openBrowser(""): Browser is opened with url: ''

2023-09-09 20:42:07 - [MESSAGE][WARNING] - A browser is already opened. Closing browser and opening a new one

2023-09-09 20:42:08 - [MESSAGE][INFO] - Starting 'Chrome' driver

2023-09-09 20:42:08 - [MESSAGE][INFO] - User set preference: ['acceptInsecureCerts', 'true']

2023-09-09 20:42:08 - [MESSAGE][INFO] - Action delay is set to 0 milliseconds

2023-09-09 20:42:10 - [MESSAGE][PASSED] - Browser is opened with url: ''

2023-09-09 20:42:10 - [TEST_STEP][PASSED] - maximizeWindow(): Current window maximized

2023-09-09 20:42:10 - [MESSAGE][PASSED] - Current window maximized

2023-09-09 20:42:10 - [TEST_STEP][PASSED] - navigateToUrl(RADurl): Navigate to 'https://qa2.velocitypayment.com/client/rad/index.html' successfully

2023-09-09 20:42:11 - [MESSAGE][PASSED] - Navigate to 'https://qa2.velocitypayment.com/client/rad/index.html' successfully

2023-09-09 20:42:11 - [TEST_STEP][PASSED] - orPath_Landing = "Object Repository/RAD_Pages/Landing_Page": null

2023-09-09 20:42:11 - [TEST_STEP][PASSED] - orPath_TaxTypeFilingYear = "Object Repository/RAD_Pages/TaxTypeFilingYear_Page": null

2023-09-09 20:42:11 - [TEST_STEP][PASSED] - orPath_TaxPayer = "Object Repository/RAD_Pages/Taxpayer_Page": null

2023-09-09 20:42:11 - [TEST_STEP][PASSED] - orPath_AddressContact = "Object Repository/RAD_Pages/AddressAndContactInfo_Page": null

2023-09-09 20:42:11 - [TEST_STEP][PASSED] - orPath_FilingStatus = "Object Repository/RAD_Pages/FilingStatus_Page": null

2023-09-09 20:42:11 - [TEST_STEP][PASSED] - orPath_Amount = "Object Repository/RAD_Pages/PaymentAmount_Page": null

2023-09-09 20:42:11 - [TEST_STEP][PASSED] - orPath_TaxInfo = "Object Repository/RAD_Pages/TaxInfo_Page": null

2023-09-09 20:42:11 - [TEST_STEP][PASSED] - orPath_Withholding = "Object Repository/RAD_Pages/Withholding_Page": null

2023-09-09 20:42:11 - [TEST_STEP][PASSED] - orPath_Summary = "Object Repository/RAD_Pages/Summary_Page": null

2023-09-09 20:42:11 - [TEST_STEP][PASSED] - orPath_PaymentReady = "Object Repository/RAD_Pages/PaymentReady_Page": null

2023-09-09 20:42:11 - [TEST_STEP][PASSED] - orPath_PaymentEntry = "Object Repository/RAD_Pages/PaymentEntry_Page": null

2023-09-09 20:42:11 - [TEST_STEP][PASSED] - orPath_PaymentConfirmation = "Object Repository/RAD_Pages/PaymentConfirmation_Page": null

2023-09-09 20:42:11 - [TEST_STEP][PASSED] - orPath_ServiceFeesAccept = "Object Repository/RAD_Pages/ServiceFeeAccept_Page": null

2023-09-09 20:42:11 - [TEST_STEP][PASSED] - selectOptionByLabel(findTestObject(orPath_Landing + "/dd_TaxType"), Paymenttype, false): All options with label 'Extension Payments' are selected in object 'Object Repository/RAD_Pages/Landing_Page/dd_TaxType' 

2023-09-09 20:42:12 - [MESSAGE][PASSED] - All options with label 'Extension Payments' are selected in object 'Object Repository/RAD_Pages/Landing_Page/dd_TaxType' 

2023-09-09 20:42:12 - [TEST_STEP][PASSED] - delay(1): Delayed 1 second(s)

2023-09-09 20:42:13 - [MESSAGE][PASSED] - Delayed 1 second(s)

2023-09-09 20:42:13 - [TEST_STEP][PASSED] - switch (Paymenttype): null

2023-09-09 20:42:13 - [TEST_STEP][PASSED] - case "Extension Payments":: null

2023-09-09 20:42:13 - [TEST_STEP][PASSED] - selectOptionByLabel(findTestObject(orPath_TaxTypeFilingYear + "/select_PaymentType"), Taxtype, false): All options with label 'Fiduciary Tax' are selected in object 'Object Repository/RAD_Pages/TaxTypeFilingYear_Page/select_PaymentType' 

2023-09-09 20:42:14 - [MESSAGE][PASSED] - All options with label 'Fiduciary Tax' are selected in object 'Object Repository/RAD_Pages/TaxTypeFilingYear_Page/select_PaymentType' 

2023-09-09 20:42:14 - [TEST_STEP][PASSED] - break: null

2023-09-09 20:42:14 - [TEST_STEP][PASSED] - delay(1): Delayed 1 second(s)

2023-09-09 20:42:15 - [MESSAGE][PASSED] - Delayed 1 second(s)

2023-09-09 20:42:15 - [TEST_STEP][PASSED] - switch (Paymenttype): null

2023-09-09 20:42:15 - [TEST_STEP][PASSED] - case "Extension Payments":: null

2023-09-09 20:42:15 - [TEST_STEP][PASSED] - setEncryptedText(findTestObject(orPath_TaxInfo + "/input_FederalEIN"), "RigbBhfdqOBDK95asqKeHw=="): Text ****** has been set on object 'Object Repository/RAD_Pages/TaxInfo_Page/input_FederalEIN'

2023-09-09 20:42:15 - [MESSAGE][PASSED] - Text ****** has been set on object 'Object Repository/RAD_Pages/TaxInfo_Page/input_FederalEIN'

2023-09-09 20:42:16 - [TEST_STEP][PASSED] - setEncryptedText(findTestObject(orPath_TaxInfo + "/input_FederalEIN_ReEnter"), ""): Text ****** has been set on object 'Object Repository/RAD_Pages/TaxInfo_Page/input_FederalEIN_ReEnter'

2023-09-09 20:42:17 - [MESSAGE][PASSED] - Text ****** has been set on object 'Object Repository/RAD_Pages/TaxInfo_Page/input_FederalEIN_ReEnter'

2023-09-09 20:42:17 - [TEST_STEP][PASSED] - break: null

2023-09-09 20:42:17 - [TEST_STEP][PASSED] - verifyTextPresent("Please enter a valid FEIN with 9 digits.", true): Text 'Please enter a valid FEIN with 9 digits.' is present on page  using regular expression

2023-09-09 20:42:17 - [MESSAGE][PASSED] - Text 'Please enter a valid FEIN with 9 digits.' is present on page  using regular expression

2023-09-09 20:42:17 - [TEST_STEP][PASSED] - if (verifyTextPresent("Please enter a valid FEIN with 9 digits.", true)): null

2023-09-09 20:42:18 - [MESSAGE][PASSED] - Text 'Please enter a valid FEIN with 9 digits.' is present on page  using regular expression

2023-09-09 20:42:18 - [TEST_STEP][PASSED] - println("Error Message is present on the page"): null

2023-09-09 20:42:18 - [TEST_STEP][PASSED] - out.println("Pass Record Number: " + row): null

2023-09-09 20:42:18 - [TEST_STEP][PASSED] - resText = "Pass": null

2023-09-09 20:42:18 - [TEST_STEP][PASSED] - pages.WriteExcel.demoKey(resText, datText, resColumn, datCloumn, fileLoc, nameSheet, row): pages.WriteExcel.demoKey is PASSED

2023-09-09 20:42:18 - [MESSAGE][PASSED] - pages.WriteExcel.demoKey is PASSED

2023-09-09 20:42:18 - [TEST_STEP][PASSED] - ExecuteTC = findTestData(dataFile).getValue("Execute", row): null

2023-09-09 20:42:18 - [TEST_STEP][PASSED] - Taxtype = findTestData(dataFile).getValue("TaxType", row): null

2023-09-09 20:42:18 - [TEST_STEP][PASSED] - Paymenttype = findTestData(dataFile).getValue("PaymentType", row): null

2023-09-09 20:42:18 - [TEST_STEP][PASSED] - out.println("Value of Execute is : " + ExecuteTC): null

2023-09-09 20:42:18 - [TEST_STEP][PASSED] - if (ExecuteTC.equalsIgnoreCase("Y")): null

2023-09-09 20:42:18 - [TEST_STEP][PASSED] - out.println("Begin Record Number: " + row): null

2023-09-09 20:42:18 - [TEST_STEP][PASSED] - today = new java.util.Date(): null

2023-09-09 20:42:18 - [TEST_STEP][PASSED] - println(today): null

2023-09-09 20:42:18 - [TEST_STEP][PASSED] - datText = today: null

2023-09-09 20:42:18 - [TEST_STEP][PASSED] - Taxtype = findTestData(dataFile).getValue("TaxType", row): null

2023-09-09 20:42:18 - [TEST_STEP][PASSED] - out.println("Taxtype value is : " + Taxtype): null

2023-09-09 20:42:18 - [TEST_STEP][PASSED] - openBrowser(""): Browser is opened with url: ''

2023-09-09 20:42:18 - [MESSAGE][WARNING] - A browser is already opened. Closing browser and opening a new one

2023-09-09 20:42:19 - [MESSAGE][INFO] - Starting 'Chrome' driver

2023-09-09 20:42:19 - [MESSAGE][INFO] - User set preference: ['acceptInsecureCerts', 'true']

2023-09-09 20:42:19 - [MESSAGE][INFO] - Action delay is set to 0 milliseconds

2023-09-09 20:42:20 - [MESSAGE][PASSED] - Browser is opened with url: ''

2023-09-09 20:42:20 - [TEST_STEP][PASSED] - maximizeWindow(): Current window maximized

2023-09-09 20:42:21 - [MESSAGE][PASSED] - Current window maximized

2023-09-09 20:42:21 - [TEST_STEP][PASSED] - navigateToUrl(RADurl): Navigate to 'https://qa2.velocitypayment.com/client/rad/index.html' successfully

2023-09-09 20:42:22 - [MESSAGE][PASSED] - Navigate to 'https://qa2.velocitypayment.com/client/rad/index.html' successfully

2023-09-09 20:42:22 - [TEST_STEP][PASSED] - orPath_Landing = "Object Repository/RAD_Pages/Landing_Page": null

2023-09-09 20:42:22 - [TEST_STEP][PASSED] - orPath_TaxTypeFilingYear = "Object Repository/RAD_Pages/TaxTypeFilingYear_Page": null

2023-09-09 20:42:22 - [TEST_STEP][PASSED] - orPath_TaxPayer = "Object Repository/RAD_Pages/Taxpayer_Page": null

2023-09-09 20:42:22 - [TEST_STEP][PASSED] - orPath_AddressContact = "Object Repository/RAD_Pages/AddressAndContactInfo_Page": null

2023-09-09 20:42:22 - [TEST_STEP][PASSED] - orPath_FilingStatus = "Object Repository/RAD_Pages/FilingStatus_Page": null

2023-09-09 20:42:22 - [TEST_STEP][PASSED] - orPath_Amount = "Object Repository/RAD_Pages/PaymentAmount_Page": null

2023-09-09 20:42:22 - [TEST_STEP][PASSED] - orPath_TaxInfo = "Object Repository/RAD_Pages/TaxInfo_Page": null

2023-09-09 20:42:22 - [TEST_STEP][PASSED] - orPath_Withholding = "Object Repository/RAD_Pages/Withholding_Page": null

2023-09-09 20:42:22 - [TEST_STEP][PASSED] - orPath_Summary = "Object Repository/RAD_Pages/Summary_Page": null

2023-09-09 20:42:22 - [TEST_STEP][PASSED] - orPath_PaymentReady = "Object Repository/RAD_Pages/PaymentReady_Page": null

2023-09-09 20:42:22 - [TEST_STEP][PASSED] - orPath_PaymentEntry = "Object Repository/RAD_Pages/PaymentEntry_Page": null

2023-09-09 20:42:22 - [TEST_STEP][PASSED] - orPath_PaymentConfirmation = "Object Repository/RAD_Pages/PaymentConfirmation_Page": null

2023-09-09 20:42:22 - [TEST_STEP][PASSED] - orPath_ServiceFeesAccept = "Object Repository/RAD_Pages/ServiceFeeAccept_Page": null

2023-09-09 20:42:22 - [TEST_STEP][PASSED] - selectOptionByLabel(findTestObject(orPath_Landing + "/dd_TaxType"), Paymenttype, false): All options with label 'Extension Payments' are selected in object 'Object Repository/RAD_Pages/Landing_Page/dd_TaxType' 

2023-09-09 20:42:23 - [MESSAGE][PASSED] - All options with label 'Extension Payments' are selected in object 'Object Repository/RAD_Pages/Landing_Page/dd_TaxType' 

2023-09-09 20:42:23 - [TEST_STEP][PASSED] - delay(1): Delayed 1 second(s)

2023-09-09 20:42:24 - [MESSAGE][PASSED] - Delayed 1 second(s)

2023-09-09 20:42:24 - [TEST_STEP][PASSED] - switch (Paymenttype): null

2023-09-09 20:42:24 - [TEST_STEP][PASSED] - case "Extension Payments":: null

2023-09-09 20:42:24 - [TEST_STEP][PASSED] - selectOptionByLabel(findTestObject(orPath_TaxTypeFilingYear + "/select_PaymentType"), Taxtype, false): All options with label 'PTE Non-Electing Non-S Corp' are selected in object 'Object Repository/RAD_Pages/TaxTypeFilingYear_Page/select_PaymentType' 

2023-09-09 20:42:24 - [MESSAGE][PASSED] - All options with label 'PTE Non-Electing Non-S Corp' are selected in object 'Object Repository/RAD_Pages/TaxTypeFilingYear_Page/select_PaymentType' 

2023-09-09 20:42:24 - [TEST_STEP][PASSED] - break: null

2023-09-09 20:42:24 - [TEST_STEP][PASSED] - delay(1): Delayed 1 second(s)

2023-09-09 20:42:25 - [MESSAGE][PASSED] - Delayed 1 second(s)

2023-09-09 20:42:25 - [TEST_STEP][PASSED] - switch (Paymenttype): null

2023-09-09 20:42:25 - [TEST_STEP][PASSED] - case "Extension Payments":: null

2023-09-09 20:42:25 - [TEST_STEP][PASSED] - setEncryptedText(findTestObject(orPath_TaxInfo + "/input_FederalEIN"), "RigbBhfdqOBDK95asqKeHw=="): Text ****** has been set on object 'Object Repository/RAD_Pages/TaxInfo_Page/input_FederalEIN'

2023-09-09 20:42:26 - [MESSAGE][PASSED] - Text ****** has been set on object 'Object Repository/RAD_Pages/TaxInfo_Page/input_FederalEIN'

2023-09-09 20:42:26 - [TEST_STEP][PASSED] - setEncryptedText(findTestObject(orPath_TaxInfo + "/input_FederalEIN_ReEnter"), ""): Text ****** has been set on object 'Object Repository/RAD_Pages/TaxInfo_Page/input_FederalEIN_ReEnter'

2023-09-09 20:42:27 - [MESSAGE][PASSED] - Text ****** has been set on object 'Object Repository/RAD_Pages/TaxInfo_Page/input_FederalEIN_ReEnter'

2023-09-09 20:42:27 - [TEST_STEP][PASSED] - break: null

2023-09-09 20:42:27 - [TEST_STEP][PASSED] - verifyTextPresent("Please enter a valid FEIN with 9 digits.", true): Text 'Please enter a valid FEIN with 9 digits.' is present on page  using regular expression

2023-09-09 20:42:28 - [MESSAGE][PASSED] - Text 'Please enter a valid FEIN with 9 digits.' is present on page  using regular expression

2023-09-09 20:42:28 - [TEST_STEP][PASSED] - if (verifyTextPresent("Please enter a valid FEIN with 9 digits.", true)): null

2023-09-09 20:42:28 - [MESSAGE][PASSED] - Text 'Please enter a valid FEIN with 9 digits.' is present on page  using regular expression

2023-09-09 20:42:28 - [TEST_STEP][PASSED] - println("Error Message is present on the page"): null

2023-09-09 20:42:28 - [TEST_STEP][PASSED] - out.println("Pass Record Number: " + row): null

2023-09-09 20:42:28 - [TEST_STEP][PASSED] - resText = "Pass": null

2023-09-09 20:42:28 - [TEST_STEP][PASSED] - pages.WriteExcel.demoKey(resText, datText, resColumn, datCloumn, fileLoc, nameSheet, row): pages.WriteExcel.demoKey is PASSED

2023-09-09 20:42:29 - [MESSAGE][PASSED] - pages.WriteExcel.demoKey is PASSED

2023-09-09 20:42:29 - [TEST_STEP][PASSED] - ExecuteTC = findTestData(dataFile).getValue("Execute", row): null

2023-09-09 20:42:29 - [TEST_STEP][PASSED] - Taxtype = findTestData(dataFile).getValue("TaxType", row): null

2023-09-09 20:42:29 - [TEST_STEP][PASSED] - Paymenttype = findTestData(dataFile).getValue("PaymentType", row): null

2023-09-09 20:42:29 - [TEST_STEP][PASSED] - out.println("Value of Execute is : " + ExecuteTC): null

2023-09-09 20:42:29 - [TEST_STEP][PASSED] - if (ExecuteTC.equalsIgnoreCase("Y")): null

2023-09-09 20:42:29 - [TEST_STEP][PASSED] - out.println("Begin Record Number: " + row): null

2023-09-09 20:42:29 - [TEST_STEP][PASSED] - today = new java.util.Date(): null

2023-09-09 20:42:29 - [TEST_STEP][PASSED] - println(today): null

2023-09-09 20:42:29 - [TEST_STEP][PASSED] - datText = today: null

2023-09-09 20:42:29 - [TEST_STEP][PASSED] - Taxtype = findTestData(dataFile).getValue("TaxType", row): null

2023-09-09 20:42:29 - [TEST_STEP][PASSED] - out.println("Taxtype value is : " + Taxtype): null

2023-09-09 20:42:29 - [TEST_STEP][PASSED] - openBrowser(""): Browser is opened with url: ''

2023-09-09 20:42:29 - [MESSAGE][WARNING] - A browser is already opened. Closing browser and opening a new one

2023-09-09 20:42:30 - [MESSAGE][INFO] - Starting 'Chrome' driver

2023-09-09 20:42:30 - [MESSAGE][INFO] - User set preference: ['acceptInsecureCerts', 'true']

2023-09-09 20:42:30 - [MESSAGE][INFO] - Action delay is set to 0 milliseconds

2023-09-09 20:42:31 - [MESSAGE][PASSED] - Browser is opened with url: ''

2023-09-09 20:42:31 - [TEST_STEP][PASSED] - maximizeWindow(): Current window maximized

2023-09-09 20:42:31 - [MESSAGE][PASSED] - Current window maximized

2023-09-09 20:42:31 - [TEST_STEP][PASSED] - navigateToUrl(RADurl): Navigate to 'https://qa2.velocitypayment.com/client/rad/index.html' successfully

2023-09-09 20:42:33 - [MESSAGE][PASSED] - Navigate to 'https://qa2.velocitypayment.com/client/rad/index.html' successfully

2023-09-09 20:42:33 - [TEST_STEP][PASSED] - orPath_Landing = "Object Repository/RAD_Pages/Landing_Page": null

2023-09-09 20:42:33 - [TEST_STEP][PASSED] - orPath_TaxTypeFilingYear = "Object Repository/RAD_Pages/TaxTypeFilingYear_Page": null

2023-09-09 20:42:33 - [TEST_STEP][PASSED] - orPath_TaxPayer = "Object Repository/RAD_Pages/Taxpayer_Page": null

2023-09-09 20:42:33 - [TEST_STEP][PASSED] - orPath_AddressContact = "Object Repository/RAD_Pages/AddressAndContactInfo_Page": null

2023-09-09 20:42:33 - [TEST_STEP][PASSED] - orPath_FilingStatus = "Object Repository/RAD_Pages/FilingStatus_Page": null

2023-09-09 20:42:33 - [TEST_STEP][PASSED] - orPath_Amount = "Object Repository/RAD_Pages/PaymentAmount_Page": null

2023-09-09 20:42:33 - [TEST_STEP][PASSED] - orPath_TaxInfo = "Object Repository/RAD_Pages/TaxInfo_Page": null

2023-09-09 20:42:33 - [TEST_STEP][PASSED] - orPath_Withholding = "Object Repository/RAD_Pages/Withholding_Page": null

2023-09-09 20:42:33 - [TEST_STEP][PASSED] - orPath_Summary = "Object Repository/RAD_Pages/Summary_Page": null

2023-09-09 20:42:33 - [TEST_STEP][PASSED] - orPath_PaymentReady = "Object Repository/RAD_Pages/PaymentReady_Page": null

2023-09-09 20:42:33 - [TEST_STEP][PASSED] - orPath_PaymentEntry = "Object Repository/RAD_Pages/PaymentEntry_Page": null

2023-09-09 20:42:33 - [TEST_STEP][PASSED] - orPath_PaymentConfirmation = "Object Repository/RAD_Pages/PaymentConfirmation_Page": null

2023-09-09 20:42:33 - [TEST_STEP][PASSED] - orPath_ServiceFeesAccept = "Object Repository/RAD_Pages/ServiceFeeAccept_Page": null

2023-09-09 20:42:33 - [TEST_STEP][PASSED] - selectOptionByLabel(findTestObject(orPath_Landing + "/dd_TaxType"), Paymenttype, false): All options with label 'Extension Payments' are selected in object 'Object Repository/RAD_Pages/Landing_Page/dd_TaxType' 

2023-09-09 20:42:34 - [MESSAGE][PASSED] - All options with label 'Extension Payments' are selected in object 'Object Repository/RAD_Pages/Landing_Page/dd_TaxType' 

2023-09-09 20:42:34 - [TEST_STEP][PASSED] - delay(1): Delayed 1 second(s)

2023-09-09 20:42:35 - [MESSAGE][PASSED] - Delayed 1 second(s)

2023-09-09 20:42:35 - [TEST_STEP][PASSED] - switch (Paymenttype): null

2023-09-09 20:42:35 - [TEST_STEP][PASSED] - case "Extension Payments":: null

2023-09-09 20:42:35 - [TEST_STEP][PASSED] - selectOptionByLabel(findTestObject(orPath_TaxTypeFilingYear + "/select_PaymentType"), Taxtype, false): All options with label 'PTE Non-Electing S Corp' are selected in object 'Object Repository/RAD_Pages/TaxTypeFilingYear_Page/select_PaymentType' 

2023-09-09 20:42:35 - [MESSAGE][PASSED] - All options with label 'PTE Non-Electing S Corp' are selected in object 'Object Repository/RAD_Pages/TaxTypeFilingYear_Page/select_PaymentType' 

2023-09-09 20:42:35 - [TEST_STEP][PASSED] - break: null

2023-09-09 20:42:35 - [TEST_STEP][PASSED] - delay(1): Delayed 1 second(s)

2023-09-09 20:42:36 - [MESSAGE][PASSED] - Delayed 1 second(s)

2023-09-09 20:42:36 - [TEST_STEP][PASSED] - switch (Paymenttype): null

2023-09-09 20:42:36 - [TEST_STEP][PASSED] - case "Extension Payments":: null

2023-09-09 20:42:36 - [TEST_STEP][PASSED] - setEncryptedText(findTestObject(orPath_TaxInfo + "/input_FederalEIN"), "RigbBhfdqOBDK95asqKeHw=="): Text ****** has been set on object 'Object Repository/RAD_Pages/TaxInfo_Page/input_FederalEIN'

2023-09-09 20:42:37 - [MESSAGE][PASSED] - Text ****** has been set on object 'Object Repository/RAD_Pages/TaxInfo_Page/input_FederalEIN'

2023-09-09 20:42:38 - [TEST_STEP][PASSED] - setEncryptedText(findTestObject(orPath_TaxInfo + "/input_FederalEIN_ReEnter"), ""): Text ****** has been set on object 'Object Repository/RAD_Pages/TaxInfo_Page/input_FederalEIN_ReEnter'

2023-09-09 20:42:38 - [MESSAGE][PASSED] - Text ****** has been set on object 'Object Repository/RAD_Pages/TaxInfo_Page/input_FederalEIN_ReEnter'

2023-09-09 20:42:38 - [TEST_STEP][PASSED] - break: null

2023-09-09 20:42:38 - [TEST_STEP][PASSED] - verifyTextPresent("Please enter a valid FEIN with 9 digits.", true): Text 'Please enter a valid FEIN with 9 digits.' is present on page  using regular expression

2023-09-09 20:42:39 - [MESSAGE][PASSED] - Text 'Please enter a valid FEIN with 9 digits.' is present on page  using regular expression

2023-09-09 20:42:39 - [TEST_STEP][PASSED] - if (verifyTextPresent("Please enter a valid FEIN with 9 digits.", true)): null

2023-09-09 20:42:39 - [MESSAGE][PASSED] - Text 'Please enter a valid FEIN with 9 digits.' is present on page  using regular expression

2023-09-09 20:42:39 - [TEST_STEP][PASSED] - println("Error Message is present on the page"): null

2023-09-09 20:42:39 - [TEST_STEP][PASSED] - out.println("Pass Record Number: " + row): null

2023-09-09 20:42:39 - [TEST_STEP][PASSED] - resText = "Pass": null

2023-09-09 20:42:39 - [TEST_STEP][PASSED] - pages.WriteExcel.demoKey(resText, datText, resColumn, datCloumn, fileLoc, nameSheet, row): pages.WriteExcel.demoKey is PASSED

2023-09-09 20:42:40 - [MESSAGE][PASSED] - pages.WriteExcel.demoKey is PASSED

2023-09-09 20:42:40 - [TEST_STEP][PASSED] - ExecuteTC = findTestData(dataFile).getValue("Execute", row): null

2023-09-09 20:42:40 - [TEST_STEP][PASSED] - Taxtype = findTestData(dataFile).getValue("TaxType", row): null

2023-09-09 20:42:40 - [TEST_STEP][PASSED] - Paymenttype = findTestData(dataFile).getValue("PaymentType", row): null

2023-09-09 20:42:40 - [TEST_STEP][PASSED] - out.println("Value of Execute is : " + ExecuteTC): null

2023-09-09 20:42:40 - [TEST_STEP][PASSED] - if (ExecuteTC.equalsIgnoreCase("Y")): null

2023-09-09 20:42:40 - [TEST_STEP][PASSED] - out.println("Begin Record Number: " + row): null

2023-09-09 20:42:40 - [TEST_STEP][PASSED] - today = new java.util.Date(): null

2023-09-09 20:42:40 - [TEST_STEP][PASSED] - println(today): null

2023-09-09 20:42:40 - [TEST_STEP][PASSED] - datText = today: null

2023-09-09 20:42:40 - [TEST_STEP][PASSED] - Taxtype = findTestData(dataFile).getValue("TaxType", row): null

2023-09-09 20:42:40 - [TEST_STEP][PASSED] - out.println("Taxtype value is : " + Taxtype): null

2023-09-09 20:42:40 - [TEST_STEP][PASSED] - openBrowser(""): Browser is opened with url: ''

2023-09-09 20:42:40 - [MESSAGE][WARNING] - A browser is already opened. Closing browser and opening a new one

2023-09-09 20:42:41 - [MESSAGE][INFO] - Starting 'Chrome' driver

2023-09-09 20:42:41 - [MESSAGE][INFO] - User set preference: ['acceptInsecureCerts', 'true']

2023-09-09 20:42:41 - [MESSAGE][INFO] - Action delay is set to 0 milliseconds

2023-09-09 20:42:42 - [MESSAGE][PASSED] - Browser is opened with url: ''

2023-09-09 20:42:42 - [TEST_STEP][PASSED] - maximizeWindow(): Current window maximized

2023-09-09 20:42:42 - [MESSAGE][PASSED] - Current window maximized

2023-09-09 20:42:42 - [TEST_STEP][PASSED] - navigateToUrl(RADurl): Navigate to 'https://qa2.velocitypayment.com/client/rad/index.html' successfully

2023-09-09 20:42:44 - [MESSAGE][PASSED] - Navigate to 'https://qa2.velocitypayment.com/client/rad/index.html' successfully

2023-09-09 20:42:44 - [TEST_STEP][PASSED] - orPath_Landing = "Object Repository/RAD_Pages/Landing_Page": null

2023-09-09 20:42:44 - [TEST_STEP][PASSED] - orPath_TaxTypeFilingYear = "Object Repository/RAD_Pages/TaxTypeFilingYear_Page": null

2023-09-09 20:42:44 - [TEST_STEP][PASSED] - orPath_TaxPayer = "Object Repository/RAD_Pages/Taxpayer_Page": null

2023-09-09 20:42:44 - [TEST_STEP][PASSED] - orPath_AddressContact = "Object Repository/RAD_Pages/AddressAndContactInfo_Page": null

2023-09-09 20:42:44 - [TEST_STEP][PASSED] - orPath_FilingStatus = "Object Repository/RAD_Pages/FilingStatus_Page": null

2023-09-09 20:42:44 - [TEST_STEP][PASSED] - orPath_Amount = "Object Repository/RAD_Pages/PaymentAmount_Page": null

2023-09-09 20:42:44 - [TEST_STEP][PASSED] - orPath_TaxInfo = "Object Repository/RAD_Pages/TaxInfo_Page": null

2023-09-09 20:42:44 - [TEST_STEP][PASSED] - orPath_Withholding = "Object Repository/RAD_Pages/Withholding_Page": null

2023-09-09 20:42:44 - [TEST_STEP][PASSED] - orPath_Summary = "Object Repository/RAD_Pages/Summary_Page": null

2023-09-09 20:42:44 - [TEST_STEP][PASSED] - orPath_PaymentReady = "Object Repository/RAD_Pages/PaymentReady_Page": null

2023-09-09 20:42:44 - [TEST_STEP][PASSED] - orPath_PaymentEntry = "Object Repository/RAD_Pages/PaymentEntry_Page": null

2023-09-09 20:42:44 - [TEST_STEP][PASSED] - orPath_PaymentConfirmation = "Object Repository/RAD_Pages/PaymentConfirmation_Page": null

2023-09-09 20:42:44 - [TEST_STEP][PASSED] - orPath_ServiceFeesAccept = "Object Repository/RAD_Pages/ServiceFeeAccept_Page": null

2023-09-09 20:42:44 - [TEST_STEP][PASSED] - selectOptionByLabel(findTestObject(orPath_Landing + "/dd_TaxType"), Paymenttype, false): All options with label 'Extension Payments' are selected in object 'Object Repository/RAD_Pages/Landing_Page/dd_TaxType' 

2023-09-09 20:42:44 - [MESSAGE][PASSED] - All options with label 'Extension Payments' are selected in object 'Object Repository/RAD_Pages/Landing_Page/dd_TaxType' 

2023-09-09 20:42:44 - [TEST_STEP][PASSED] - delay(1): Delayed 1 second(s)

2023-09-09 20:42:45 - [MESSAGE][PASSED] - Delayed 1 second(s)

2023-09-09 20:42:45 - [TEST_STEP][PASSED] - switch (Paymenttype): null

2023-09-09 20:42:45 - [TEST_STEP][PASSED] - case "Extension Payments":: null

2023-09-09 20:42:45 - [TEST_STEP][PASSED] - selectOptionByLabel(findTestObject(orPath_TaxTypeFilingYear + "/select_PaymentType"), Taxtype, false): All options with label 'PTE Tax Electing Non-S Corp' are selected in object 'Object Repository/RAD_Pages/TaxTypeFilingYear_Page/select_PaymentType' 

2023-09-09 20:42:46 - [MESSAGE][PASSED] - All options with label 'PTE Tax Electing Non-S Corp' are selected in object 'Object Repository/RAD_Pages/TaxTypeFilingYear_Page/select_PaymentType' 

2023-09-09 20:42:46 - [TEST_STEP][PASSED] - break: null

2023-09-09 20:42:46 - [TEST_STEP][PASSED] - delay(1): Delayed 1 second(s)

2023-09-09 20:42:47 - [MESSAGE][PASSED] - Delayed 1 second(s)

2023-09-09 20:42:47 - [TEST_STEP][PASSED] - switch (Paymenttype): null

2023-09-09 20:42:47 - [TEST_STEP][PASSED] - case "Extension Payments":: null

2023-09-09 20:42:47 - [TEST_STEP][PASSED] - setEncryptedText(findTestObject(orPath_TaxInfo + "/input_FederalEIN"), "RigbBhfdqOBDK95asqKeHw=="): Text ****** has been set on object 'Object Repository/RAD_Pages/TaxInfo_Page/input_FederalEIN'

2023-09-09 20:42:48 - [MESSAGE][PASSED] - Text ****** has been set on object 'Object Repository/RAD_Pages/TaxInfo_Page/input_FederalEIN'

2023-09-09 20:42:48 - [TEST_STEP][PASSED] - setEncryptedText(findTestObject(orPath_TaxInfo + "/input_FederalEIN_ReEnter"), ""): Text ****** has been set on object 'Object Repository/RAD_Pages/TaxInfo_Page/input_FederalEIN_ReEnter'

2023-09-09 20:42:49 - [MESSAGE][PASSED] - Text ****** has been set on object 'Object Repository/RAD_Pages/TaxInfo_Page/input_FederalEIN_ReEnter'

2023-09-09 20:42:49 - [TEST_STEP][PASSED] - break: null

2023-09-09 20:42:49 - [TEST_STEP][PASSED] - verifyTextPresent("Please enter a valid FEIN with 9 digits.", true): Text 'Please enter a valid FEIN with 9 digits.' is present on page  using regular expression

2023-09-09 20:42:50 - [MESSAGE][PASSED] - Text 'Please enter a valid FEIN with 9 digits.' is present on page  using regular expression

2023-09-09 20:42:50 - [TEST_STEP][PASSED] - if (verifyTextPresent("Please enter a valid FEIN with 9 digits.", true)): null

2023-09-09 20:42:50 - [MESSAGE][PASSED] - Text 'Please enter a valid FEIN with 9 digits.' is present on page  using regular expression

2023-09-09 20:42:50 - [TEST_STEP][PASSED] - println("Error Message is present on the page"): null

2023-09-09 20:42:50 - [TEST_STEP][PASSED] - out.println("Pass Record Number: " + row): null

2023-09-09 20:42:50 - [TEST_STEP][PASSED] - resText = "Pass": null

2023-09-09 20:42:50 - [TEST_STEP][PASSED] - pages.WriteExcel.demoKey(resText, datText, resColumn, datCloumn, fileLoc, nameSheet, row): pages.WriteExcel.demoKey is PASSED

2023-09-09 20:42:50 - [MESSAGE][PASSED] - pages.WriteExcel.demoKey is PASSED

2023-09-09 20:42:50 - [TEST_STEP][PASSED] - ExecuteTC = findTestData(dataFile).getValue("Execute", row): null

2023-09-09 20:42:50 - [TEST_STEP][PASSED] - Taxtype = findTestData(dataFile).getValue("TaxType", row): null

2023-09-09 20:42:50 - [TEST_STEP][PASSED] - Paymenttype = findTestData(dataFile).getValue("PaymentType", row): null

2023-09-09 20:42:50 - [TEST_STEP][PASSED] - out.println("Value of Execute is : " + ExecuteTC): null

2023-09-09 20:42:50 - [TEST_STEP][PASSED] - if (ExecuteTC.equalsIgnoreCase("Y")): null

2023-09-09 20:42:50 - [TEST_STEP][PASSED] - out.println("Begin Record Number: " + row): null

2023-09-09 20:42:50 - [TEST_STEP][PASSED] - today = new java.util.Date(): null

2023-09-09 20:42:50 - [TEST_STEP][PASSED] - println(today): null

2023-09-09 20:42:50 - [TEST_STEP][PASSED] - datText = today: null

2023-09-09 20:42:50 - [TEST_STEP][PASSED] - Taxtype = findTestData(dataFile).getValue("TaxType", row): null

2023-09-09 20:42:50 - [TEST_STEP][PASSED] - out.println("Taxtype value is : " + Taxtype): null

2023-09-09 20:42:50 - [TEST_STEP][PASSED] - openBrowser(""): Browser is opened with url: ''

2023-09-09 20:42:50 - [MESSAGE][WARNING] - A browser is already opened. Closing browser and opening a new one

2023-09-09 20:42:51 - [MESSAGE][INFO] - Starting 'Chrome' driver

2023-09-09 20:42:51 - [MESSAGE][INFO] - User set preference: ['acceptInsecureCerts', 'true']

2023-09-09 20:42:51 - [MESSAGE][INFO] - Action delay is set to 0 milliseconds

2023-09-09 20:42:53 - [MESSAGE][PASSED] - Browser is opened with url: ''

2023-09-09 20:42:53 - [TEST_STEP][PASSED] - maximizeWindow(): Current window maximized

2023-09-09 20:42:53 - [MESSAGE][PASSED] - Current window maximized

2023-09-09 20:42:53 - [TEST_STEP][PASSED] - navigateToUrl(RADurl): Navigate to 'https://qa2.velocitypayment.com/client/rad/index.html' successfully

2023-09-09 20:42:54 - [MESSAGE][PASSED] - Navigate to 'https://qa2.velocitypayment.com/client/rad/index.html' successfully

2023-09-09 20:42:54 - [TEST_STEP][PASSED] - orPath_Landing = "Object Repository/RAD_Pages/Landing_Page": null

2023-09-09 20:42:54 - [TEST_STEP][PASSED] - orPath_TaxTypeFilingYear = "Object Repository/RAD_Pages/TaxTypeFilingYear_Page": null

2023-09-09 20:42:54 - [TEST_STEP][PASSED] - orPath_TaxPayer = "Object Repository/RAD_Pages/Taxpayer_Page": null

2023-09-09 20:42:54 - [TEST_STEP][PASSED] - orPath_AddressContact = "Object Repository/RAD_Pages/AddressAndContactInfo_Page": null

2023-09-09 20:42:54 - [TEST_STEP][PASSED] - orPath_FilingStatus = "Object Repository/RAD_Pages/FilingStatus_Page": null

2023-09-09 20:42:54 - [TEST_STEP][PASSED] - orPath_Amount = "Object Repository/RAD_Pages/PaymentAmount_Page": null

2023-09-09 20:42:54 - [TEST_STEP][PASSED] - orPath_TaxInfo = "Object Repository/RAD_Pages/TaxInfo_Page": null

2023-09-09 20:42:54 - [TEST_STEP][PASSED] - orPath_Withholding = "Object Repository/RAD_Pages/Withholding_Page": null

2023-09-09 20:42:54 - [TEST_STEP][PASSED] - orPath_Summary = "Object Repository/RAD_Pages/Summary_Page": null

2023-09-09 20:42:54 - [TEST_STEP][PASSED] - orPath_PaymentReady = "Object Repository/RAD_Pages/PaymentReady_Page": null

2023-09-09 20:42:54 - [TEST_STEP][PASSED] - orPath_PaymentEntry = "Object Repository/RAD_Pages/PaymentEntry_Page": null

2023-09-09 20:42:54 - [TEST_STEP][PASSED] - orPath_PaymentConfirmation = "Object Repository/RAD_Pages/PaymentConfirmation_Page": null

2023-09-09 20:42:54 - [TEST_STEP][PASSED] - orPath_ServiceFeesAccept = "Object Repository/RAD_Pages/ServiceFeeAccept_Page": null

2023-09-09 20:42:54 - [TEST_STEP][PASSED] - selectOptionByLabel(findTestObject(orPath_Landing + "/dd_TaxType"), Paymenttype, false): All options with label 'Extension Payments' are selected in object 'Object Repository/RAD_Pages/Landing_Page/dd_TaxType' 

2023-09-09 20:42:55 - [MESSAGE][PASSED] - All options with label 'Extension Payments' are selected in object 'Object Repository/RAD_Pages/Landing_Page/dd_TaxType' 

2023-09-09 20:42:55 - [TEST_STEP][PASSED] - delay(1): Delayed 1 second(s)

2023-09-09 20:42:56 - [MESSAGE][PASSED] - Delayed 1 second(s)

2023-09-09 20:42:56 - [TEST_STEP][PASSED] - switch (Paymenttype): null

2023-09-09 20:42:56 - [TEST_STEP][PASSED] - case "Extension Payments":: null

2023-09-09 20:42:56 - [TEST_STEP][PASSED] - selectOptionByLabel(findTestObject(orPath_TaxTypeFilingYear + "/select_PaymentType"), Taxtype, false): All options with label 'PTE Tax Electing S Corp' are selected in object 'Object Repository/RAD_Pages/TaxTypeFilingYear_Page/select_PaymentType' 

2023-09-09 20:42:57 - [MESSAGE][PASSED] - All options with label 'PTE Tax Electing S Corp' are selected in object 'Object Repository/RAD_Pages/TaxTypeFilingYear_Page/select_PaymentType' 

2023-09-09 20:42:57 - [TEST_STEP][PASSED] - break: null

2023-09-09 20:42:57 - [TEST_STEP][PASSED] - delay(1): Delayed 1 second(s)

2023-09-09 20:42:58 - [MESSAGE][PASSED] - Delayed 1 second(s)

2023-09-09 20:42:58 - [TEST_STEP][PASSED] - switch (Paymenttype): null

2023-09-09 20:42:58 - [TEST_STEP][PASSED] - case "Extension Payments":: null

2023-09-09 20:42:58 - [TEST_STEP][PASSED] - setEncryptedText(findTestObject(orPath_TaxInfo + "/input_FederalEIN"), "RigbBhfdqOBDK95asqKeHw=="): Text ****** has been set on object 'Object Repository/RAD_Pages/TaxInfo_Page/input_FederalEIN'

2023-09-09 20:42:58 - [MESSAGE][PASSED] - Text ****** has been set on object 'Object Repository/RAD_Pages/TaxInfo_Page/input_FederalEIN'

2023-09-09 20:42:58 - [TEST_STEP][PASSED] - setEncryptedText(findTestObject(orPath_TaxInfo + "/input_FederalEIN_ReEnter"), ""): Text ****** has been set on object 'Object Repository/RAD_Pages/TaxInfo_Page/input_FederalEIN_ReEnter'

2023-09-09 20:43:00 - [MESSAGE][PASSED] - Text ****** has been set on object 'Object Repository/RAD_Pages/TaxInfo_Page/input_FederalEIN_ReEnter'

2023-09-09 20:43:00 - [TEST_STEP][PASSED] - break: null

2023-09-09 20:43:00 - [TEST_STEP][PASSED] - verifyTextPresent("Please enter a valid FEIN with 9 digits.", true): Text 'Please enter a valid FEIN with 9 digits.' is present on page  using regular expression

2023-09-09 20:43:00 - [MESSAGE][PASSED] - Text 'Please enter a valid FEIN with 9 digits.' is present on page  using regular expression

2023-09-09 20:43:00 - [TEST_STEP][PASSED] - if (verifyTextPresent("Please enter a valid FEIN with 9 digits.", true)): null

2023-09-09 20:43:01 - [MESSAGE][PASSED] - Text 'Please enter a valid FEIN with 9 digits.' is present on page  using regular expression

2023-09-09 20:43:01 - [TEST_STEP][PASSED] - println("Error Message is present on the page"): null

2023-09-09 20:43:01 - [TEST_STEP][PASSED] - out.println("Pass Record Number: " + row): null

2023-09-09 20:43:01 - [TEST_STEP][PASSED] - resText = "Pass": null

2023-09-09 20:43:01 - [TEST_STEP][PASSED] - pages.WriteExcel.demoKey(resText, datText, resColumn, datCloumn, fileLoc, nameSheet, row): pages.WriteExcel.demoKey is PASSED

2023-09-09 20:43:01 - [MESSAGE][PASSED] - pages.WriteExcel.demoKey is PASSED

2023-09-09 20:43:01 - [TEST_STEP][PASSED] - ExecuteTC = findTestData(dataFile).getValue("Execute", row): null

2023-09-09 20:43:01 - [TEST_STEP][PASSED] - Taxtype = findTestData(dataFile).getValue("TaxType", row): null

2023-09-09 20:43:01 - [TEST_STEP][PASSED] - Paymenttype = findTestData(dataFile).getValue("PaymentType", row): null

2023-09-09 20:43:01 - [TEST_STEP][PASSED] - out.println("Value of Execute is : " + ExecuteTC): null

2023-09-09 20:43:01 - [TEST_STEP][PASSED] - if (ExecuteTC.equalsIgnoreCase("Y")): null

2023-09-09 20:43:01 - [TEST_STEP][PASSED] - out.println("Begin Record Number: " + row): null

2023-09-09 20:43:01 - [TEST_STEP][PASSED] - today = new java.util.Date(): null

2023-09-09 20:43:01 - [TEST_STEP][PASSED] - println(today): null

2023-09-09 20:43:01 - [TEST_STEP][PASSED] - datText = today: null

2023-09-09 20:43:01 - [TEST_STEP][PASSED] - Taxtype = findTestData(dataFile).getValue("TaxType", row): null

2023-09-09 20:43:01 - [TEST_STEP][PASSED] - out.println("Taxtype value is : " + Taxtype): null

2023-09-09 20:43:01 - [TEST_STEP][PASSED] - openBrowser(""): Browser is opened with url: ''

2023-09-09 20:43:01 - [MESSAGE][WARNING] - A browser is already opened. Closing browser and opening a new one

2023-09-09 20:43:02 - [MESSAGE][INFO] - Starting 'Chrome' driver

2023-09-09 20:43:02 - [MESSAGE][INFO] - User set preference: ['acceptInsecureCerts', 'true']

2023-09-09 20:43:02 - [MESSAGE][INFO] - Action delay is set to 0 milliseconds

2023-09-09 20:43:03 - [MESSAGE][PASSED] - Browser is opened with url: ''

2023-09-09 20:43:03 - [TEST_STEP][PASSED] - maximizeWindow(): Current window maximized

2023-09-09 20:43:03 - [MESSAGE][PASSED] - Current window maximized

2023-09-09 20:43:03 - [TEST_STEP][PASSED] - navigateToUrl(RADurl): Navigate to 'https://qa2.velocitypayment.com/client/rad/index.html' successfully

2023-09-09 20:43:05 - [MESSAGE][PASSED] - Navigate to 'https://qa2.velocitypayment.com/client/rad/index.html' successfully

2023-09-09 20:43:05 - [TEST_STEP][PASSED] - orPath_Landing = "Object Repository/RAD_Pages/Landing_Page": null

2023-09-09 20:43:05 - [TEST_STEP][PASSED] - orPath_TaxTypeFilingYear = "Object Repository/RAD_Pages/TaxTypeFilingYear_Page": null

2023-09-09 20:43:05 - [TEST_STEP][PASSED] - orPath_TaxPayer = "Object Repository/RAD_Pages/Taxpayer_Page": null

2023-09-09 20:43:05 - [TEST_STEP][PASSED] - orPath_AddressContact = "Object Repository/RAD_Pages/AddressAndContactInfo_Page": null

2023-09-09 20:43:05 - [TEST_STEP][PASSED] - orPath_FilingStatus = "Object Repository/RAD_Pages/FilingStatus_Page": null

2023-09-09 20:43:05 - [TEST_STEP][PASSED] - orPath_Amount = "Object Repository/RAD_Pages/PaymentAmount_Page": null

2023-09-09 20:43:05 - [TEST_STEP][PASSED] - orPath_TaxInfo = "Object Repository/RAD_Pages/TaxInfo_Page": null

2023-09-09 20:43:05 - [TEST_STEP][PASSED] - orPath_Withholding = "Object Repository/RAD_Pages/Withholding_Page": null

2023-09-09 20:43:05 - [TEST_STEP][PASSED] - orPath_Summary = "Object Repository/RAD_Pages/Summary_Page": null

2023-09-09 20:43:05 - [TEST_STEP][PASSED] - orPath_PaymentReady = "Object Repository/RAD_Pages/PaymentReady_Page": null

2023-09-09 20:43:05 - [TEST_STEP][PASSED] - orPath_PaymentEntry = "Object Repository/RAD_Pages/PaymentEntry_Page": null

2023-09-09 20:43:05 - [TEST_STEP][PASSED] - orPath_PaymentConfirmation = "Object Repository/RAD_Pages/PaymentConfirmation_Page": null

2023-09-09 20:43:05 - [TEST_STEP][PASSED] - orPath_ServiceFeesAccept = "Object Repository/RAD_Pages/ServiceFeeAccept_Page": null

2023-09-09 20:43:05 - [TEST_STEP][PASSED] - selectOptionByLabel(findTestObject(orPath_Landing + "/dd_TaxType"), Paymenttype, false): All options with label 'New Tax Return Amount Due' are selected in object 'Object Repository/RAD_Pages/Landing_Page/dd_TaxType' 

2023-09-09 20:43:06 - [MESSAGE][PASSED] - All options with label 'New Tax Return Amount Due' are selected in object 'Object Repository/RAD_Pages/Landing_Page/dd_TaxType' 

2023-09-09 20:43:06 - [TEST_STEP][PASSED] - delay(1): Delayed 1 second(s)

2023-09-09 20:43:07 - [MESSAGE][PASSED] - Delayed 1 second(s)

2023-09-09 20:43:07 - [TEST_STEP][PASSED] - switch (Paymenttype): null

2023-09-09 20:43:07 - [TEST_STEP][PASSED] - case "New Tax Return Amount Due":: null

2023-09-09 20:43:07 - [TEST_STEP][PASSED] - selectOptionByLabel(findTestObject("Object Repository/RAD_Pages/Landing_Page/select_NewTaxReturnAmountDue_TaxType"), Taxtype, false): All options with label 'Fiduciary Tax' are selected in object 'Object Repository/RAD_Pages/Landing_Page/select_NewTaxReturnAmountDue_TaxType' 

2023-09-09 20:43:07 - [MESSAGE][PASSED] - All options with label 'Fiduciary Tax' are selected in object 'Object Repository/RAD_Pages/Landing_Page/select_NewTaxReturnAmountDue_TaxType' 

2023-09-09 20:43:07 - [TEST_STEP][PASSED] - break: null

2023-09-09 20:43:07 - [TEST_STEP][PASSED] - delay(1): Delayed 1 second(s)

2023-09-09 20:43:08 - [MESSAGE][PASSED] - Delayed 1 second(s)

2023-09-09 20:43:08 - [TEST_STEP][PASSED] - switch (Paymenttype): null

2023-09-09 20:43:08 - [TEST_STEP][PASSED] - case "New Tax Return Amount Due":: null

2023-09-09 20:43:08 - [TEST_STEP][PASSED] - setEncryptedText(findTestObject(orPath_TaxInfo + "/input_FederalEIN-2"), "RigbBhfdqOBDK95asqKeHw=="): Text ****** has been set on object 'Object Repository/RAD_Pages/TaxInfo_Page/input_FederalEIN-2'

2023-09-09 20:43:09 - [MESSAGE][PASSED] - Text ****** has been set on object 'Object Repository/RAD_Pages/TaxInfo_Page/input_FederalEIN-2'

2023-09-09 20:43:09 - [TEST_STEP][PASSED] - setEncryptedText(findTestObject(orPath_TaxInfo + "/input_FederalEIN_ReEnter-2"), ""): Text ****** has been set on object 'Object Repository/RAD_Pages/TaxInfo_Page/input_FederalEIN_ReEnter-2'

2023-09-09 20:43:10 - [MESSAGE][PASSED] - Text ****** has been set on object 'Object Repository/RAD_Pages/TaxInfo_Page/input_FederalEIN_ReEnter-2'

2023-09-09 20:43:10 - [TEST_STEP][PASSED] - break: null

2023-09-09 20:43:10 - [TEST_STEP][PASSED] - verifyTextPresent("Please enter a valid FEIN with 9 digits.", true): Text 'Please enter a valid FEIN with 9 digits.' is present on page  using regular expression

2023-09-09 20:43:11 - [MESSAGE][PASSED] - Text 'Please enter a valid FEIN with 9 digits.' is present on page  using regular expression

2023-09-09 20:43:11 - [TEST_STEP][PASSED] - if (verifyTextPresent("Please enter a valid FEIN with 9 digits.", true)): null

2023-09-09 20:43:11 - [MESSAGE][PASSED] - Text 'Please enter a valid FEIN with 9 digits.' is present on page  using regular expression

2023-09-09 20:43:11 - [TEST_STEP][PASSED] - println("Error Message is present on the page"): null

2023-09-09 20:43:11 - [TEST_STEP][PASSED] - out.println("Pass Record Number: " + row): null

2023-09-09 20:43:11 - [TEST_STEP][PASSED] - resText = "Pass": null

2023-09-09 20:43:11 - [TEST_STEP][PASSED] - pages.WriteExcel.demoKey(resText, datText, resColumn, datCloumn, fileLoc, nameSheet, row): pages.WriteExcel.demoKey is PASSED

2023-09-09 20:43:11 - [MESSAGE][PASSED] - pages.WriteExcel.demoKey is PASSED

2023-09-09 20:43:11 - [TEST_STEP][PASSED] - ExecuteTC = findTestData(dataFile).getValue("Execute", row): null

2023-09-09 20:43:12 - [TEST_STEP][PASSED] - Taxtype = findTestData(dataFile).getValue("TaxType", row): null

2023-09-09 20:43:12 - [TEST_STEP][PASSED] - Paymenttype = findTestData(dataFile).getValue("PaymentType", row): null

2023-09-09 20:43:12 - [TEST_STEP][PASSED] - out.println("Value of Execute is : " + ExecuteTC): null

2023-09-09 20:43:12 - [TEST_STEP][PASSED] - if (ExecuteTC.equalsIgnoreCase("Y")): null

2023-09-09 20:43:12 - [TEST_STEP][PASSED] - out.println("Begin Record Number: " + row): null

2023-09-09 20:43:12 - [TEST_STEP][PASSED] - today = new java.util.Date(): null

2023-09-09 20:43:12 - [TEST_STEP][PASSED] - println(today): null

2023-09-09 20:43:12 - [TEST_STEP][PASSED] - datText = today: null

2023-09-09 20:43:12 - [TEST_STEP][PASSED] - Taxtype = findTestData(dataFile).getValue("TaxType", row): null

2023-09-09 20:43:12 - [TEST_STEP][PASSED] - out.println("Taxtype value is : " + Taxtype): null

2023-09-09 20:43:12 - [TEST_STEP][PASSED] - openBrowser(""): Browser is opened with url: ''

2023-09-09 20:43:12 - [MESSAGE][WARNING] - A browser is already opened. Closing browser and opening a new one

2023-09-09 20:43:13 - [MESSAGE][INFO] - Starting 'Chrome' driver

2023-09-09 20:43:13 - [MESSAGE][INFO] - User set preference: ['acceptInsecureCerts', 'true']

2023-09-09 20:43:13 - [MESSAGE][INFO] - Action delay is set to 0 milliseconds

2023-09-09 20:43:14 - [MESSAGE][PASSED] - Browser is opened with url: ''

2023-09-09 20:43:14 - [TEST_STEP][PASSED] - maximizeWindow(): Current window maximized

2023-09-09 20:43:14 - [MESSAGE][PASSED] - Current window maximized

2023-09-09 20:43:14 - [TEST_STEP][PASSED] - navigateToUrl(RADurl): Navigate to 'https://qa2.velocitypayment.com/client/rad/index.html' successfully

2023-09-09 20:43:16 - [MESSAGE][PASSED] - Navigate to 'https://qa2.velocitypayment.com/client/rad/index.html' successfully

2023-09-09 20:43:16 - [TEST_STEP][PASSED] - orPath_Landing = "Object Repository/RAD_Pages/Landing_Page": null

2023-09-09 20:43:16 - [TEST_STEP][PASSED] - orPath_TaxTypeFilingYear = "Object Repository/RAD_Pages/TaxTypeFilingYear_Page": null

2023-09-09 20:43:16 - [TEST_STEP][PASSED] - orPath_TaxPayer = "Object Repository/RAD_Pages/Taxpayer_Page": null

2023-09-09 20:43:16 - [TEST_STEP][PASSED] - orPath_AddressContact = "Object Repository/RAD_Pages/AddressAndContactInfo_Page": null

2023-09-09 20:43:16 - [TEST_STEP][PASSED] - orPath_FilingStatus = "Object Repository/RAD_Pages/FilingStatus_Page": null

2023-09-09 20:43:16 - [TEST_STEP][PASSED] - orPath_Amount = "Object Repository/RAD_Pages/PaymentAmount_Page": null

2023-09-09 20:43:16 - [TEST_STEP][PASSED] - orPath_TaxInfo = "Object Repository/RAD_Pages/TaxInfo_Page": null

2023-09-09 20:43:16 - [TEST_STEP][PASSED] - orPath_Withholding = "Object Repository/RAD_Pages/Withholding_Page": null

2023-09-09 20:43:16 - [TEST_STEP][PASSED] - orPath_Summary = "Object Repository/RAD_Pages/Summary_Page": null

2023-09-09 20:43:16 - [TEST_STEP][PASSED] - orPath_PaymentReady = "Object Repository/RAD_Pages/PaymentReady_Page": null

2023-09-09 20:43:16 - [TEST_STEP][PASSED] - orPath_PaymentEntry = "Object Repository/RAD_Pages/PaymentEntry_Page": null

2023-09-09 20:43:16 - [TEST_STEP][PASSED] - orPath_PaymentConfirmation = "Object Repository/RAD_Pages/PaymentConfirmation_Page": null

2023-09-09 20:43:16 - [TEST_STEP][PASSED] - orPath_ServiceFeesAccept = "Object Repository/RAD_Pages/ServiceFeeAccept_Page": null

2023-09-09 20:43:16 - [TEST_STEP][PASSED] - selectOptionByLabel(findTestObject(orPath_Landing + "/dd_TaxType"), Paymenttype, false): All options with label 'New Tax Return Amount Due' are selected in object 'Object Repository/RAD_Pages/Landing_Page/dd_TaxType' 

2023-09-09 20:43:16 - [MESSAGE][PASSED] - All options with label 'New Tax Return Amount Due' are selected in object 'Object Repository/RAD_Pages/Landing_Page/dd_TaxType' 

2023-09-09 20:43:16 - [TEST_STEP][PASSED] - delay(1): Delayed 1 second(s)

2023-09-09 20:43:17 - [MESSAGE][PASSED] - Delayed 1 second(s)

2023-09-09 20:43:17 - [TEST_STEP][PASSED] - switch (Paymenttype): null

2023-09-09 20:43:17 - [TEST_STEP][PASSED] - case "New Tax Return Amount Due":: null

2023-09-09 20:43:17 - [TEST_STEP][PASSED] - selectOptionByLabel(findTestObject("Object Repository/RAD_Pages/Landing_Page/select_NewTaxReturnAmountDue_TaxType"), Taxtype, false): All options with label 'PTE Non-Electing Non-S Corp' are selected in object 'Object Repository/RAD_Pages/Landing_Page/select_NewTaxReturnAmountDue_TaxType' 

2023-09-09 20:43:18 - [MESSAGE][PASSED] - All options with label 'PTE Non-Electing Non-S Corp' are selected in object 'Object Repository/RAD_Pages/Landing_Page/select_NewTaxReturnAmountDue_TaxType' 

2023-09-09 20:43:18 - [TEST_STEP][PASSED] - break: null

2023-09-09 20:43:18 - [TEST_STEP][PASSED] - delay(1): Delayed 1 second(s)

2023-09-09 20:43:19 - [MESSAGE][PASSED] - Delayed 1 second(s)

2023-09-09 20:43:19 - [TEST_STEP][PASSED] - switch (Paymenttype): null

2023-09-09 20:43:19 - [TEST_STEP][PASSED] - case "New Tax Return Amount Due":: null

2023-09-09 20:43:19 - [TEST_STEP][PASSED] - setEncryptedText(findTestObject(orPath_TaxInfo + "/input_FederalEIN-2"), "RigbBhfdqOBDK95asqKeHw=="): Text ****** has been set on object 'Object Repository/RAD_Pages/TaxInfo_Page/input_FederalEIN-2'

2023-09-09 20:43:20 - [MESSAGE][PASSED] - Text ****** has been set on object 'Object Repository/RAD_Pages/TaxInfo_Page/input_FederalEIN-2'

2023-09-09 20:43:20 - [TEST_STEP][PASSED] - setEncryptedText(findTestObject(orPath_TaxInfo + "/input_FederalEIN_ReEnter-2"), ""): Text ****** has been set on object 'Object Repository/RAD_Pages/TaxInfo_Page/input_FederalEIN_ReEnter-2'

2023-09-09 20:43:21 - [MESSAGE][PASSED] - Text ****** has been set on object 'Object Repository/RAD_Pages/TaxInfo_Page/input_FederalEIN_ReEnter-2'

2023-09-09 20:43:21 - [TEST_STEP][PASSED] - break: null

2023-09-09 20:43:21 - [TEST_STEP][PASSED] - verifyTextPresent("Please enter a valid FEIN with 9 digits.", true): Text 'Please enter a valid FEIN with 9 digits.' is present on page  using regular expression

2023-09-09 20:43:22 - [MESSAGE][PASSED] - Text 'Please enter a valid FEIN with 9 digits.' is present on page  using regular expression

2023-09-09 20:43:22 - [TEST_STEP][PASSED] - if (verifyTextPresent("Please enter a valid FEIN with 9 digits.", true)): null

2023-09-09 20:43:22 - [MESSAGE][PASSED] - Text 'Please enter a valid FEIN with 9 digits.' is present on page  using regular expression

2023-09-09 20:43:22 - [TEST_STEP][PASSED] - println("Error Message is present on the page"): null

2023-09-09 20:43:22 - [TEST_STEP][PASSED] - out.println("Pass Record Number: " + row): null

2023-09-09 20:43:22 - [TEST_STEP][PASSED] - resText = "Pass": null

2023-09-09 20:43:22 - [TEST_STEP][PASSED] - pages.WriteExcel.demoKey(resText, datText, resColumn, datCloumn, fileLoc, nameSheet, row): pages.WriteExcel.demoKey is PASSED

2023-09-09 20:43:22 - [MESSAGE][PASSED] - pages.WriteExcel.demoKey is PASSED

2023-09-09 20:43:22 - [TEST_STEP][PASSED] - ExecuteTC = findTestData(dataFile).getValue("Execute", row): null

2023-09-09 20:43:22 - [TEST_STEP][PASSED] - Taxtype = findTestData(dataFile).getValue("TaxType", row): null

2023-09-09 20:43:22 - [TEST_STEP][PASSED] - Paymenttype = findTestData(dataFile).getValue("PaymentType", row): null

2023-09-09 20:43:22 - [TEST_STEP][PASSED] - out.println("Value of Execute is : " + ExecuteTC): null

2023-09-09 20:43:22 - [TEST_STEP][PASSED] - if (ExecuteTC.equalsIgnoreCase("Y")): null

2023-09-09 20:43:22 - [TEST_STEP][PASSED] - out.println("Begin Record Number: " + row): null

2023-09-09 20:43:22 - [TEST_STEP][PASSED] - today = new java.util.Date(): null

2023-09-09 20:43:22 - [TEST_STEP][PASSED] - println(today): null

2023-09-09 20:43:22 - [TEST_STEP][PASSED] - datText = today: null

2023-09-09 20:43:22 - [TEST_STEP][PASSED] - Taxtype = findTestData(dataFile).getValue("TaxType", row): null

2023-09-09 20:43:22 - [TEST_STEP][PASSED] - out.println("Taxtype value is : " + Taxtype): null

2023-09-09 20:43:22 - [TEST_STEP][PASSED] - openBrowser(""): Browser is opened with url: ''

2023-09-09 20:43:22 - [MESSAGE][WARNING] - A browser is already opened. Closing browser and opening a new one

2023-09-09 20:43:23 - [MESSAGE][INFO] - Starting 'Chrome' driver

2023-09-09 20:43:23 - [MESSAGE][INFO] - User set preference: ['acceptInsecureCerts', 'true']

2023-09-09 20:43:23 - [MESSAGE][INFO] - Action delay is set to 0 milliseconds

2023-09-09 20:43:25 - [MESSAGE][PASSED] - Browser is opened with url: ''

2023-09-09 20:43:25 - [TEST_STEP][PASSED] - maximizeWindow(): Current window maximized

2023-09-09 20:43:25 - [MESSAGE][PASSED] - Current window maximized

2023-09-09 20:43:25 - [TEST_STEP][PASSED] - navigateToUrl(RADurl): Navigate to 'https://qa2.velocitypayment.com/client/rad/index.html' successfully

2023-09-09 20:43:26 - [MESSAGE][PASSED] - Navigate to 'https://qa2.velocitypayment.com/client/rad/index.html' successfully

2023-09-09 20:43:26 - [TEST_STEP][PASSED] - orPath_Landing = "Object Repository/RAD_Pages/Landing_Page": null

2023-09-09 20:43:26 - [TEST_STEP][PASSED] - orPath_TaxTypeFilingYear = "Object Repository/RAD_Pages/TaxTypeFilingYear_Page": null

2023-09-09 20:43:26 - [TEST_STEP][PASSED] - orPath_TaxPayer = "Object Repository/RAD_Pages/Taxpayer_Page": null

2023-09-09 20:43:26 - [TEST_STEP][PASSED] - orPath_AddressContact = "Object Repository/RAD_Pages/AddressAndContactInfo_Page": null

2023-09-09 20:43:26 - [TEST_STEP][PASSED] - orPath_FilingStatus = "Object Repository/RAD_Pages/FilingStatus_Page": null

2023-09-09 20:43:26 - [TEST_STEP][PASSED] - orPath_Amount = "Object Repository/RAD_Pages/PaymentAmount_Page": null

2023-09-09 20:43:26 - [TEST_STEP][PASSED] - orPath_TaxInfo = "Object Repository/RAD_Pages/TaxInfo_Page": null

2023-09-09 20:43:26 - [TEST_STEP][PASSED] - orPath_Withholding = "Object Repository/RAD_Pages/Withholding_Page": null

2023-09-09 20:43:26 - [TEST_STEP][PASSED] - orPath_Summary = "Object Repository/RAD_Pages/Summary_Page": null

2023-09-09 20:43:26 - [TEST_STEP][PASSED] - orPath_PaymentReady = "Object Repository/RAD_Pages/PaymentReady_Page": null

2023-09-09 20:43:26 - [TEST_STEP][PASSED] - orPath_PaymentEntry = "Object Repository/RAD_Pages/PaymentEntry_Page": null

2023-09-09 20:43:26 - [TEST_STEP][PASSED] - orPath_PaymentConfirmation = "Object Repository/RAD_Pages/PaymentConfirmation_Page": null

2023-09-09 20:43:26 - [TEST_STEP][PASSED] - orPath_ServiceFeesAccept = "Object Repository/RAD_Pages/ServiceFeeAccept_Page": null

2023-09-09 20:43:26 - [TEST_STEP][PASSED] - selectOptionByLabel(findTestObject(orPath_Landing + "/dd_TaxType"), Paymenttype, false): All options with label 'New Tax Return Amount Due' are selected in object 'Object Repository/RAD_Pages/Landing_Page/dd_TaxType' 

2023-09-09 20:43:27 - [MESSAGE][PASSED] - All options with label 'New Tax Return Amount Due' are selected in object 'Object Repository/RAD_Pages/Landing_Page/dd_TaxType' 

2023-09-09 20:43:27 - [TEST_STEP][PASSED] - delay(1): Delayed 1 second(s)

2023-09-09 20:43:28 - [MESSAGE][PASSED] - Delayed 1 second(s)

2023-09-09 20:43:28 - [TEST_STEP][PASSED] - switch (Paymenttype): null

2023-09-09 20:43:28 - [TEST_STEP][PASSED] - case "New Tax Return Amount Due":: null

2023-09-09 20:43:28 - [TEST_STEP][PASSED] - selectOptionByLabel(findTestObject("Object Repository/RAD_Pages/Landing_Page/select_NewTaxReturnAmountDue_TaxType"), Taxtype, false): All options with label 'PTE Non-Electing S Corp' are selected in object 'Object Repository/RAD_Pages/Landing_Page/select_NewTaxReturnAmountDue_TaxType' 

2023-09-09 20:43:29 - [MESSAGE][PASSED] - All options with label 'PTE Non-Electing S Corp' are selected in object 'Object Repository/RAD_Pages/Landing_Page/select_NewTaxReturnAmountDue_TaxType' 

2023-09-09 20:43:29 - [TEST_STEP][PASSED] - break: null

2023-09-09 20:43:29 - [TEST_STEP][PASSED] - delay(1): Delayed 1 second(s)

2023-09-09 20:43:30 - [MESSAGE][PASSED] - Delayed 1 second(s)

2023-09-09 20:43:30 - [TEST_STEP][PASSED] - switch (Paymenttype): null

2023-09-09 20:43:30 - [TEST_STEP][PASSED] - case "New Tax Return Amount Due":: null

2023-09-09 20:43:30 - [TEST_STEP][PASSED] - setEncryptedText(findTestObject(orPath_TaxInfo + "/input_FederalEIN-2"), "RigbBhfdqOBDK95asqKeHw=="): Text ****** has been set on object 'Object Repository/RAD_Pages/TaxInfo_Page/input_FederalEIN-2'

2023-09-09 20:43:30 - [MESSAGE][PASSED] - Text ****** has been set on object 'Object Repository/RAD_Pages/TaxInfo_Page/input_FederalEIN-2'

2023-09-09 20:43:30 - [TEST_STEP][PASSED] - setEncryptedText(findTestObject(orPath_TaxInfo + "/input_FederalEIN_ReEnter-2"), ""): Text ****** has been set on object 'Object Repository/RAD_Pages/TaxInfo_Page/input_FederalEIN_ReEnter-2'

2023-09-09 20:43:32 - [MESSAGE][PASSED] - Text ****** has been set on object 'Object Repository/RAD_Pages/TaxInfo_Page/input_FederalEIN_ReEnter-2'

2023-09-09 20:43:32 - [TEST_STEP][PASSED] - break: null

2023-09-09 20:43:32 - [TEST_STEP][PASSED] - verifyTextPresent("Please enter a valid FEIN with 9 digits.", true): Text 'Please enter a valid FEIN with 9 digits.' is present on page  using regular expression

2023-09-09 20:43:32 - [MESSAGE][PASSED] - Text 'Please enter a valid FEIN with 9 digits.' is present on page  using regular expression

2023-09-09 20:43:32 - [TEST_STEP][PASSED] - if (verifyTextPresent("Please enter a valid FEIN with 9 digits.", true)): null

2023-09-09 20:43:33 - [MESSAGE][PASSED] - Text 'Please enter a valid FEIN with 9 digits.' is present on page  using regular expression

2023-09-09 20:43:33 - [TEST_STEP][PASSED] - println("Error Message is present on the page"): null

2023-09-09 20:43:33 - [TEST_STEP][PASSED] - out.println("Pass Record Number: " + row): null

2023-09-09 20:43:33 - [TEST_STEP][PASSED] - resText = "Pass": null

2023-09-09 20:43:33 - [TEST_STEP][PASSED] - pages.WriteExcel.demoKey(resText, datText, resColumn, datCloumn, fileLoc, nameSheet, row): pages.WriteExcel.demoKey is PASSED

2023-09-09 20:43:33 - [MESSAGE][PASSED] - pages.WriteExcel.demoKey is PASSED

2023-09-09 20:43:33 - [TEST_STEP][PASSED] - ExecuteTC = findTestData(dataFile).getValue("Execute", row): null

2023-09-09 20:43:33 - [TEST_STEP][PASSED] - Taxtype = findTestData(dataFile).getValue("TaxType", row): null

2023-09-09 20:43:33 - [TEST_STEP][PASSED] - Paymenttype = findTestData(dataFile).getValue("PaymentType", row): null

2023-09-09 20:43:33 - [TEST_STEP][PASSED] - out.println("Value of Execute is : " + ExecuteTC): null

2023-09-09 20:43:33 - [TEST_STEP][PASSED] - if (ExecuteTC.equalsIgnoreCase("Y")): null

2023-09-09 20:43:33 - [TEST_STEP][PASSED] - out.println("Begin Record Number: " + row): null

2023-09-09 20:43:33 - [TEST_STEP][PASSED] - today = new java.util.Date(): null

2023-09-09 20:43:33 - [TEST_STEP][PASSED] - println(today): null

2023-09-09 20:43:33 - [TEST_STEP][PASSED] - datText = today: null

2023-09-09 20:43:33 - [TEST_STEP][PASSED] - Taxtype = findTestData(dataFile).getValue("TaxType", row): null

2023-09-09 20:43:33 - [TEST_STEP][PASSED] - out.println("Taxtype value is : " + Taxtype): null

2023-09-09 20:43:33 - [TEST_STEP][PASSED] - openBrowser(""): Browser is opened with url: ''

2023-09-09 20:43:33 - [MESSAGE][WARNING] - A browser is already opened. Closing browser and opening a new one

2023-09-09 20:43:34 - [MESSAGE][INFO] - Starting 'Chrome' driver

2023-09-09 20:43:34 - [MESSAGE][INFO] - User set preference: ['acceptInsecureCerts', 'true']

2023-09-09 20:43:34 - [MESSAGE][INFO] - Action delay is set to 0 milliseconds

2023-09-09 20:43:35 - [MESSAGE][PASSED] - Browser is opened with url: ''

2023-09-09 20:43:35 - [TEST_STEP][PASSED] - maximizeWindow(): Current window maximized

2023-09-09 20:43:35 - [MESSAGE][PASSED] - Current window maximized

2023-09-09 20:43:35 - [TEST_STEP][PASSED] - navigateToUrl(RADurl): Navigate to 'https://qa2.velocitypayment.com/client/rad/index.html' successfully

2023-09-09 20:43:37 - [MESSAGE][PASSED] - Navigate to 'https://qa2.velocitypayment.com/client/rad/index.html' successfully

2023-09-09 20:43:37 - [TEST_STEP][PASSED] - orPath_Landing = "Object Repository/RAD_Pages/Landing_Page": null

2023-09-09 20:43:37 - [TEST_STEP][PASSED] - orPath_TaxTypeFilingYear = "Object Repository/RAD_Pages/TaxTypeFilingYear_Page": null

2023-09-09 20:43:37 - [TEST_STEP][PASSED] - orPath_TaxPayer = "Object Repository/RAD_Pages/Taxpayer_Page": null

2023-09-09 20:43:37 - [TEST_STEP][PASSED] - orPath_AddressContact = "Object Repository/RAD_Pages/AddressAndContactInfo_Page": null

2023-09-09 20:43:37 - [TEST_STEP][PASSED] - orPath_FilingStatus = "Object Repository/RAD_Pages/FilingStatus_Page": null

2023-09-09 20:43:37 - [TEST_STEP][PASSED] - orPath_Amount = "Object Repository/RAD_Pages/PaymentAmount_Page": null

2023-09-09 20:43:37 - [TEST_STEP][PASSED] - orPath_TaxInfo = "Object Repository/RAD_Pages/TaxInfo_Page": null

2023-09-09 20:43:37 - [TEST_STEP][PASSED] - orPath_Withholding = "Object Repository/RAD_Pages/Withholding_Page": null

2023-09-09 20:43:37 - [TEST_STEP][PASSED] - orPath_Summary = "Object Repository/RAD_Pages/Summary_Page": null

2023-09-09 20:43:37 - [TEST_STEP][PASSED] - orPath_PaymentReady = "Object Repository/RAD_Pages/PaymentReady_Page": null

2023-09-09 20:43:37 - [TEST_STEP][PASSED] - orPath_PaymentEntry = "Object Repository/RAD_Pages/PaymentEntry_Page": null

2023-09-09 20:43:37 - [TEST_STEP][PASSED] - orPath_PaymentConfirmation = "Object Repository/RAD_Pages/PaymentConfirmation_Page": null

2023-09-09 20:43:37 - [TEST_STEP][PASSED] - orPath_ServiceFeesAccept = "Object Repository/RAD_Pages/ServiceFeeAccept_Page": null

2023-09-09 20:43:37 - [TEST_STEP][PASSED] - selectOptionByLabel(findTestObject(orPath_Landing + "/dd_TaxType"), Paymenttype, false): All options with label 'New Tax Return Amount Due' are selected in object 'Object Repository/RAD_Pages/Landing_Page/dd_TaxType' 

2023-09-09 20:43:38 - [MESSAGE][PASSED] - All options with label 'New Tax Return Amount Due' are selected in object 'Object Repository/RAD_Pages/Landing_Page/dd_TaxType' 

2023-09-09 20:43:38 - [TEST_STEP][PASSED] - delay(1): Delayed 1 second(s)

2023-09-09 20:43:39 - [MESSAGE][PASSED] - Delayed 1 second(s)

2023-09-09 20:43:39 - [TEST_STEP][PASSED] - switch (Paymenttype): null

2023-09-09 20:43:39 - [TEST_STEP][PASSED] - case "New Tax Return Amount Due":: null

2023-09-09 20:43:39 - [TEST_STEP][PASSED] - selectOptionByLabel(findTestObject("Object Repository/RAD_Pages/Landing_Page/select_NewTaxReturnAmountDue_TaxType"), Taxtype, false): All options with label 'PTE Tax Electing Non-S Corp' are selected in object 'Object Repository/RAD_Pages/Landing_Page/select_NewTaxReturnAmountDue_TaxType' 

2023-09-09 20:43:39 - [MESSAGE][PASSED] - All options with label 'PTE Tax Electing Non-S Corp' are selected in object 'Object Repository/RAD_Pages/Landing_Page/select_NewTaxReturnAmountDue_TaxType' 

2023-09-09 20:43:39 - [TEST_STEP][PASSED] - break: null

2023-09-09 20:43:39 - [TEST_STEP][PASSED] - delay(1): Delayed 1 second(s)

2023-09-09 20:43:40 - [MESSAGE][PASSED] - Delayed 1 second(s)

2023-09-09 20:43:40 - [TEST_STEP][PASSED] - switch (Paymenttype): null

2023-09-09 20:43:40 - [TEST_STEP][PASSED] - case "New Tax Return Amount Due":: null

2023-09-09 20:43:40 - [TEST_STEP][PASSED] - setEncryptedText(findTestObject(orPath_TaxInfo + "/input_FederalEIN-2"), "RigbBhfdqOBDK95asqKeHw=="): Text ****** has been set on object 'Object Repository/RAD_Pages/TaxInfo_Page/input_FederalEIN-2'

2023-09-09 20:43:41 - [MESSAGE][PASSED] - Text ****** has been set on object 'Object Repository/RAD_Pages/TaxInfo_Page/input_FederalEIN-2'

2023-09-09 20:43:42 - [TEST_STEP][PASSED] - setEncryptedText(findTestObject(orPath_TaxInfo + "/input_FederalEIN_ReEnter-2"), ""): Text ****** has been set on object 'Object Repository/RAD_Pages/TaxInfo_Page/input_FederalEIN_ReEnter-2'

2023-09-09 20:43:42 - [MESSAGE][PASSED] - Text ****** has been set on object 'Object Repository/RAD_Pages/TaxInfo_Page/input_FederalEIN_ReEnter-2'

2023-09-09 20:43:42 - [TEST_STEP][PASSED] - break: null

2023-09-09 20:43:42 - [TEST_STEP][PASSED] - verifyTextPresent("Please enter a valid FEIN with 9 digits.", true): Text 'Please enter a valid FEIN with 9 digits.' is present on page  using regular expression

2023-09-09 20:43:43 - [MESSAGE][PASSED] - Text 'Please enter a valid FEIN with 9 digits.' is present on page  using regular expression

2023-09-09 20:43:43 - [TEST_STEP][PASSED] - if (verifyTextPresent("Please enter a valid FEIN with 9 digits.", true)): null

2023-09-09 20:43:44 - [MESSAGE][PASSED] - Text 'Please enter a valid FEIN with 9 digits.' is present on page  using regular expression

2023-09-09 20:43:44 - [TEST_STEP][PASSED] - println("Error Message is present on the page"): null

2023-09-09 20:43:44 - [TEST_STEP][PASSED] - out.println("Pass Record Number: " + row): null

2023-09-09 20:43:44 - [TEST_STEP][PASSED] - resText = "Pass": null

2023-09-09 20:43:44 - [TEST_STEP][PASSED] - pages.WriteExcel.demoKey(resText, datText, resColumn, datCloumn, fileLoc, nameSheet, row): pages.WriteExcel.demoKey is PASSED

2023-09-09 20:43:44 - [MESSAGE][PASSED] - pages.WriteExcel.demoKey is PASSED

2023-09-09 20:43:44 - [TEST_STEP][PASSED] - ExecuteTC = findTestData(dataFile).getValue("Execute", row): null

2023-09-09 20:43:44 - [TEST_STEP][PASSED] - Taxtype = findTestData(dataFile).getValue("TaxType", row): null

2023-09-09 20:43:44 - [TEST_STEP][PASSED] - Paymenttype = findTestData(dataFile).getValue("PaymentType", row): null

2023-09-09 20:43:44 - [TEST_STEP][PASSED] - out.println("Value of Execute is : " + ExecuteTC): null

2023-09-09 20:43:44 - [TEST_STEP][PASSED] - if (ExecuteTC.equalsIgnoreCase("Y")): null

2023-09-09 20:43:44 - [TEST_STEP][PASSED] - out.println("Begin Record Number: " + row): null

2023-09-09 20:43:44 - [TEST_STEP][PASSED] - today = new java.util.Date(): null

2023-09-09 20:43:44 - [TEST_STEP][PASSED] - println(today): null

2023-09-09 20:43:44 - [TEST_STEP][PASSED] - datText = today: null

2023-09-09 20:43:44 - [TEST_STEP][PASSED] - Taxtype = findTestData(dataFile).getValue("TaxType", row): null

2023-09-09 20:43:44 - [TEST_STEP][PASSED] - out.println("Taxtype value is : " + Taxtype): null

2023-09-09 20:43:44 - [TEST_STEP][PASSED] - openBrowser(""): Browser is opened with url: ''

2023-09-09 20:43:44 - [MESSAGE][WARNING] - A browser is already opened. Closing browser and opening a new one

2023-09-09 20:43:45 - [MESSAGE][INFO] - Starting 'Chrome' driver

2023-09-09 20:43:45 - [MESSAGE][INFO] - User set preference: ['acceptInsecureCerts', 'true']

2023-09-09 20:43:45 - [MESSAGE][INFO] - Action delay is set to 0 milliseconds

2023-09-09 20:43:46 - [MESSAGE][PASSED] - Browser is opened with url: ''

2023-09-09 20:43:46 - [TEST_STEP][PASSED] - maximizeWindow(): Current window maximized

2023-09-09 20:43:46 - [MESSAGE][PASSED] - Current window maximized

2023-09-09 20:43:46 - [TEST_STEP][PASSED] - navigateToUrl(RADurl): Navigate to 'https://qa2.velocitypayment.com/client/rad/index.html' successfully

2023-09-09 20:43:48 - [MESSAGE][PASSED] - Navigate to 'https://qa2.velocitypayment.com/client/rad/index.html' successfully

2023-09-09 20:43:48 - [TEST_STEP][PASSED] - orPath_Landing = "Object Repository/RAD_Pages/Landing_Page": null

2023-09-09 20:43:48 - [TEST_STEP][PASSED] - orPath_TaxTypeFilingYear = "Object Repository/RAD_Pages/TaxTypeFilingYear_Page": null

2023-09-09 20:43:48 - [TEST_STEP][PASSED] - orPath_TaxPayer = "Object Repository/RAD_Pages/Taxpayer_Page": null

2023-09-09 20:43:48 - [TEST_STEP][PASSED] - orPath_AddressContact = "Object Repository/RAD_Pages/AddressAndContactInfo_Page": null

2023-09-09 20:43:48 - [TEST_STEP][PASSED] - orPath_FilingStatus = "Object Repository/RAD_Pages/FilingStatus_Page": null

2023-09-09 20:43:48 - [TEST_STEP][PASSED] - orPath_Amount = "Object Repository/RAD_Pages/PaymentAmount_Page": null

2023-09-09 20:43:48 - [TEST_STEP][PASSED] - orPath_TaxInfo = "Object Repository/RAD_Pages/TaxInfo_Page": null

2023-09-09 20:43:48 - [TEST_STEP][PASSED] - orPath_Withholding = "Object Repository/RAD_Pages/Withholding_Page": null

2023-09-09 20:43:48 - [TEST_STEP][PASSED] - orPath_Summary = "Object Repository/RAD_Pages/Summary_Page": null

2023-09-09 20:43:48 - [TEST_STEP][PASSED] - orPath_PaymentReady = "Object Repository/RAD_Pages/PaymentReady_Page": null

2023-09-09 20:43:48 - [TEST_STEP][PASSED] - orPath_PaymentEntry = "Object Repository/RAD_Pages/PaymentEntry_Page": null

2023-09-09 20:43:48 - [TEST_STEP][PASSED] - orPath_PaymentConfirmation = "Object Repository/RAD_Pages/PaymentConfirmation_Page": null

2023-09-09 20:43:48 - [TEST_STEP][PASSED] - orPath_ServiceFeesAccept = "Object Repository/RAD_Pages/ServiceFeeAccept_Page": null

2023-09-09 20:43:48 - [TEST_STEP][PASSED] - selectOptionByLabel(findTestObject(orPath_Landing + "/dd_TaxType"), Paymenttype, false): All options with label 'New Tax Return Amount Due' are selected in object 'Object Repository/RAD_Pages/Landing_Page/dd_TaxType' 

2023-09-09 20:43:49 - [MESSAGE][PASSED] - All options with label 'New Tax Return Amount Due' are selected in object 'Object Repository/RAD_Pages/Landing_Page/dd_TaxType' 

2023-09-09 20:43:49 - [TEST_STEP][PASSED] - delay(1): Delayed 1 second(s)

2023-09-09 20:43:50 - [MESSAGE][PASSED] - Delayed 1 second(s)

2023-09-09 20:43:50 - [TEST_STEP][PASSED] - switch (Paymenttype): null

2023-09-09 20:43:50 - [TEST_STEP][PASSED] - case "New Tax Return Amount Due":: null

2023-09-09 20:43:50 - [TEST_STEP][PASSED] - selectOptionByLabel(findTestObject("Object Repository/RAD_Pages/Landing_Page/select_NewTaxReturnAmountDue_TaxType"), Taxtype, false): All options with label 'PTE Tax Electing S Corp' are selected in object 'Object Repository/RAD_Pages/Landing_Page/select_NewTaxReturnAmountDue_TaxType' 

2023-09-09 20:43:50 - [MESSAGE][PASSED] - All options with label 'PTE Tax Electing S Corp' are selected in object 'Object Repository/RAD_Pages/Landing_Page/select_NewTaxReturnAmountDue_TaxType' 

2023-09-09 20:43:50 - [TEST_STEP][PASSED] - break: null

2023-09-09 20:43:50 - [TEST_STEP][PASSED] - delay(1): Delayed 1 second(s)

2023-09-09 20:43:51 - [MESSAGE][PASSED] - Delayed 1 second(s)

2023-09-09 20:43:51 - [TEST_STEP][PASSED] - switch (Paymenttype): null

2023-09-09 20:43:51 - [TEST_STEP][PASSED] - case "New Tax Return Amount Due":: null

2023-09-09 20:43:51 - [TEST_STEP][PASSED] - setEncryptedText(findTestObject(orPath_TaxInfo + "/input_FederalEIN-2"), "RigbBhfdqOBDK95asqKeHw=="): Text ****** has been set on object 'Object Repository/RAD_Pages/TaxInfo_Page/input_FederalEIN-2'

2023-09-09 20:43:52 - [MESSAGE][PASSED] - Text ****** has been set on object 'Object Repository/RAD_Pages/TaxInfo_Page/input_FederalEIN-2'

2023-09-09 20:43:52 - [TEST_STEP][PASSED] - setEncryptedText(findTestObject(orPath_TaxInfo + "/input_FederalEIN_ReEnter-2"), ""): Text ****** has been set on object 'Object Repository/RAD_Pages/TaxInfo_Page/input_FederalEIN_ReEnter-2'

2023-09-09 20:43:53 - [MESSAGE][PASSED] - Text ****** has been set on object 'Object Repository/RAD_Pages/TaxInfo_Page/input_FederalEIN_ReEnter-2'

2023-09-09 20:43:53 - [TEST_STEP][PASSED] - break: null

2023-09-09 20:43:53 - [TEST_STEP][PASSED] - verifyTextPresent("Please enter a valid FEIN with 9 digits.", true): Text 'Please enter a valid FEIN with 9 digits.' is present on page  using regular expression

2023-09-09 20:43:54 - [MESSAGE][PASSED] - Text 'Please enter a valid FEIN with 9 digits.' is present on page  using regular expression

2023-09-09 20:43:54 - [TEST_STEP][PASSED] - if (verifyTextPresent("Please enter a valid FEIN with 9 digits.", true)): null

2023-09-09 20:43:54 - [MESSAGE][PASSED] - Text 'Please enter a valid FEIN with 9 digits.' is present on page  using regular expression

2023-09-09 20:43:54 - [TEST_STEP][PASSED] - println("Error Message is present on the page"): null

2023-09-09 20:43:54 - [TEST_STEP][PASSED] - out.println("Pass Record Number: " + row): null

2023-09-09 20:43:54 - [TEST_STEP][PASSED] - resText = "Pass": null

2023-09-09 20:43:54 - [TEST_STEP][PASSED] - pages.WriteExcel.demoKey(resText, datText, resColumn, datCloumn, fileLoc, nameSheet, row): pages.WriteExcel.demoKey is PASSED

2023-09-09 20:43:54 - [MESSAGE][PASSED] - pages.WriteExcel.demoKey is PASSED]]></system-out>
         <system-err><![CDATA[]]></system-err>
      </testcase>
      <testcase name="Test Cases/RAD_TestCases/Negative_TestCases/EL-NumberValidation" time="162.727" classname="Test Cases/RAD_TestCases/Negative_TestCases/EL-NumberValidation" status="PASSED">
         <system-out><![CDATA[2023-09-09 20:43:54 - [TEST_CASE][PASSED] - Test Cases/RAD_TestCases/Negative_TestCases/EL-NumberValidation: Test Cases/RAD_TestCases/Negative_TestCases/EL-NumberValidation

2023-09-09 20:43:55 - [TEST_STEP][PASSED] - resText = "Fail": null

2023-09-09 20:43:55 - [TEST_STEP][PASSED] - resColumn = "Result": null

2023-09-09 20:43:55 - [TEST_STEP][PASSED] - datCloumn = "Date": null

2023-09-09 20:43:55 - [TEST_STEP][PASSED] - fileLoc = "KatalonData/RADTestData/EL-NumberValidation.xlsx": null

2023-09-09 20:43:55 - [TEST_STEP][PASSED] - nameSheet = "NumberError": null

2023-09-09 20:43:55 - [TEST_STEP][PASSED] - dataFile = "RADTestData/EL-NumberValidation": null

2023-09-09 20:43:55 - [TEST_STEP][PASSED] - ExecuteTC = <not implemented yet for class: org.codehaus.groovy.ast.expr.EmptyExpression>: null

2023-09-09 20:43:55 - [TEST_STEP][PASSED] - Taxtype = <not implemented yet for class: org.codehaus.groovy.ast.expr.EmptyExpression>: null

2023-09-09 20:43:55 - [TEST_STEP][PASSED] - TaxTypeEL = <not implemented yet for class: org.codehaus.groovy.ast.expr.EmptyExpression>: null

2023-09-09 20:43:55 - [TEST_STEP][PASSED] - notInvNumber = <not implemented yet for class: org.codehaus.groovy.ast.expr.EmptyExpression>: null

2023-09-09 20:43:55 - [TEST_STEP][PASSED] - errorMsg = <not implemented yet for class: org.codehaus.groovy.ast.expr.EmptyExpression>: null

2023-09-09 20:43:55 - [TEST_STEP][PASSED] - numOfRows = findTestData(dataFile).getRowNumbers(): null

2023-09-09 20:43:55 - [TEST_STEP][PASSED] - println("Number of Records: " + numOfRows): null

2023-09-09 20:43:55 - [TEST_STEP][PASSED] - for ([row = 1, row <= numOfRows, (row++)]): null

2023-09-09 20:43:55 - [TEST_STEP][PASSED] - ExecuteTC = findTestData(dataFile).getValue("Execute", row): null

2023-09-09 20:43:55 - [TEST_STEP][PASSED] - Taxtype = findTestData(dataFile).getValue("TaxType", row): null

2023-09-09 20:43:55 - [TEST_STEP][PASSED] - TaxTypeEL = findTestData(dataFile).getValue("TaxTypeEL", row): null

2023-09-09 20:43:55 - [TEST_STEP][PASSED] - notInvNumber = findTestData(dataFile).getValue("NotiInvoNumber", row): null

2023-09-09 20:43:55 - [TEST_STEP][PASSED] - errorMsg = findTestData(dataFile).getValue("ErrorMessage", row): null

2023-09-09 20:43:55 - [TEST_STEP][PASSED] - out.println("Value of Execute is : " + ExecuteTC): null

2023-09-09 20:43:55 - [TEST_STEP][PASSED] - if (ExecuteTC.equalsIgnoreCase("Y")): null

2023-09-09 20:43:55 - [TEST_STEP][PASSED] - out.println("Begin Record Number: " + row): null

2023-09-09 20:43:55 - [TEST_STEP][PASSED] - today = new java.util.Date(): null

2023-09-09 20:43:55 - [TEST_STEP][PASSED] - println(today): null

2023-09-09 20:43:55 - [TEST_STEP][PASSED] - datText = today: null

2023-09-09 20:43:55 - [TEST_STEP][PASSED] - Taxtype = findTestData(dataFile).getValue("TaxType", row): null

2023-09-09 20:43:55 - [TEST_STEP][PASSED] - out.println("Taxtype value is : " + Taxtype): null

2023-09-09 20:43:55 - [TEST_STEP][PASSED] - openBrowser(""): Browser is opened with url: ''

2023-09-09 20:43:55 - [MESSAGE][WARNING] - A browser is already opened. Closing browser and opening a new one

2023-09-09 20:43:56 - [MESSAGE][INFO] - Starting 'Chrome' driver

2023-09-09 20:43:56 - [MESSAGE][INFO] - User set preference: ['acceptInsecureCerts', 'true']

2023-09-09 20:43:56 - [MESSAGE][INFO] - Action delay is set to 0 milliseconds

2023-09-09 20:43:57 - [MESSAGE][PASSED] - Browser is opened with url: ''

2023-09-09 20:43:57 - [TEST_STEP][PASSED] - maximizeWindow(): Current window maximized

2023-09-09 20:43:57 - [MESSAGE][PASSED] - Current window maximized

2023-09-09 20:43:57 - [TEST_STEP][PASSED] - navigateToUrl(RADurl): Navigate to 'https://qa2.velocitypayment.com/client/rad/index.html' successfully

2023-09-09 20:43:59 - [MESSAGE][PASSED] - Navigate to 'https://qa2.velocitypayment.com/client/rad/index.html' successfully

2023-09-09 20:43:59 - [TEST_STEP][PASSED] - orPath_Landing = "Object Repository/RAD_Pages/Landing_Page": null

2023-09-09 20:43:59 - [TEST_STEP][PASSED] - orPath_TaxTypeFilingYear = "Object Repository/RAD_Pages/TaxTypeFilingYear_Page": null

2023-09-09 20:43:59 - [TEST_STEP][PASSED] - orPath_TaxPayer = "Object Repository/RAD_Pages/Taxpayer_Page": null

2023-09-09 20:43:59 - [TEST_STEP][PASSED] - orPath_AddressContact = "Object Repository/RAD_Pages/AddressAndContactInfo_Page": null

2023-09-09 20:43:59 - [TEST_STEP][PASSED] - orPath_FilingStatus = "Object Repository/RAD_Pages/FilingStatus_Page": null

2023-09-09 20:43:59 - [TEST_STEP][PASSED] - orPath_Amount = "Object Repository/RAD_Pages/PaymentAmount_Page": null

2023-09-09 20:43:59 - [TEST_STEP][PASSED] - orPath_TaxInfo = "Object Repository/RAD_Pages/TaxInfo_Page": null

2023-09-09 20:43:59 - [TEST_STEP][PASSED] - orPath_Withholding = "Object Repository/RAD_Pages/Withholding_Page": null

2023-09-09 20:43:59 - [TEST_STEP][PASSED] - orPath_Summary = "Object Repository/RAD_Pages/Summary_Page": null

2023-09-09 20:43:59 - [TEST_STEP][PASSED] - orPath_PaymentReady = "Object Repository/RAD_Pages/PaymentReady_Page": null

2023-09-09 20:43:59 - [TEST_STEP][PASSED] - orPath_PaymentEntry = "Object Repository/RAD_Pages/PaymentEntry_Page": null

2023-09-09 20:43:59 - [TEST_STEP][PASSED] - orPath_PaymentConfirmation = "Object Repository/RAD_Pages/PaymentConfirmation_Page": null

2023-09-09 20:43:59 - [TEST_STEP][PASSED] - orPath_ServiceFeesAccept = "Object Repository/RAD_Pages/ServiceFeeAccept_Page": null

2023-09-09 20:43:59 - [TEST_STEP][PASSED] - selectOptionByLabel(findTestObject(orPath_Landing + "/dd_TaxType"), Taxtype, false): All options with label 'Existing Liability w/Notice Number' are selected in object 'Object Repository/RAD_Pages/Landing_Page/dd_TaxType' 

2023-09-09 20:44:00 - [MESSAGE][PASSED] - All options with label 'Existing Liability w/Notice Number' are selected in object 'Object Repository/RAD_Pages/Landing_Page/dd_TaxType' 

2023-09-09 20:44:00 - [TEST_STEP][PASSED] - delay(1): Delayed 1 second(s)

2023-09-09 20:44:01 - [MESSAGE][PASSED] - Delayed 1 second(s)

2023-09-09 20:44:01 - [TEST_STEP][PASSED] - selectOptionByLabel(findTestObject(orPath_TaxTypeFilingYear + "/select_TaxType_ExistingLiability"), TaxTypeEL, false): All options with label 'Bay Restoration Fee' are selected in object 'Object Repository/RAD_Pages/TaxTypeFilingYear_Page/select_TaxType_ExistingLiability' 

2023-09-09 20:44:01 - [MESSAGE][PASSED] - All options with label 'Bay Restoration Fee' are selected in object 'Object Repository/RAD_Pages/TaxTypeFilingYear_Page/select_TaxType_ExistingLiability' 

2023-09-09 20:44:01 - [TEST_STEP][PASSED] - setText(findTestObject(orPath_TaxInfo + "/input_NoticeInvoiceNumber"), notInvNumber): Text '123456789' is set on object 'Object Repository/RAD_Pages/TaxInfo_Page/input_NoticeInvoiceNumber'

2023-09-09 20:44:03 - [MESSAGE][PASSED] - Text '123456789' is set on object 'Object Repository/RAD_Pages/TaxInfo_Page/input_NoticeInvoiceNumber'

2023-09-09 20:44:03 - [TEST_STEP][PASSED] - setText(findTestObject(orPath_TaxInfo + "/input_reTypeNoticeInvoiceNumber"), notInvNumber): Text '123456789' is set on object 'Object Repository/RAD_Pages/TaxInfo_Page/input_reTypeNoticeInvoiceNumber'

2023-09-09 20:44:04 - [MESSAGE][PASSED] - Text '123456789' is set on object 'Object Repository/RAD_Pages/TaxInfo_Page/input_reTypeNoticeInvoiceNumber'

2023-09-09 20:44:04 - [TEST_STEP][PASSED] - println(notInvNumber): null

2023-09-09 20:44:04 - [TEST_STEP][PASSED] - if (verifyTextPresent(errorMsg, true)): null

2023-09-09 20:44:05 - [MESSAGE][PASSED] - Text 'Notice number length has to be 13 numeric characters' is present on page  using regular expression

2023-09-09 20:44:05 - [TEST_STEP][PASSED] - println("Error Message is present on the page"): null

2023-09-09 20:44:05 - [TEST_STEP][PASSED] - out.println("Pass Record Number: " + row): null

2023-09-09 20:44:05 - [TEST_STEP][PASSED] - resText = "Pass": null

2023-09-09 20:44:05 - [TEST_STEP][PASSED] - pages.WriteExcel.demoKey(resText, datText, resColumn, datCloumn, fileLoc, nameSheet, row): pages.WriteExcel.demoKey is PASSED

2023-09-09 20:44:05 - [MESSAGE][PASSED] - pages.WriteExcel.demoKey is PASSED

2023-09-09 20:44:05 - [TEST_STEP][PASSED] - ExecuteTC = findTestData(dataFile).getValue("Execute", row): null

2023-09-09 20:44:05 - [TEST_STEP][PASSED] - Taxtype = findTestData(dataFile).getValue("TaxType", row): null

2023-09-09 20:44:05 - [TEST_STEP][PASSED] - TaxTypeEL = findTestData(dataFile).getValue("TaxTypeEL", row): null

2023-09-09 20:44:05 - [TEST_STEP][PASSED] - notInvNumber = findTestData(dataFile).getValue("NotiInvoNumber", row): null

2023-09-09 20:44:05 - [TEST_STEP][PASSED] - errorMsg = findTestData(dataFile).getValue("ErrorMessage", row): null

2023-09-09 20:44:05 - [TEST_STEP][PASSED] - out.println("Value of Execute is : " + ExecuteTC): null

2023-09-09 20:44:05 - [TEST_STEP][PASSED] - if (ExecuteTC.equalsIgnoreCase("Y")): null

2023-09-09 20:44:05 - [TEST_STEP][PASSED] - out.println("Begin Record Number: " + row): null

2023-09-09 20:44:05 - [TEST_STEP][PASSED] - today = new java.util.Date(): null

2023-09-09 20:44:05 - [TEST_STEP][PASSED] - println(today): null

2023-09-09 20:44:05 - [TEST_STEP][PASSED] - datText = today: null

2023-09-09 20:44:05 - [TEST_STEP][PASSED] - Taxtype = findTestData(dataFile).getValue("TaxType", row): null

2023-09-09 20:44:05 - [TEST_STEP][PASSED] - out.println("Taxtype value is : " + Taxtype): null

2023-09-09 20:44:05 - [TEST_STEP][PASSED] - openBrowser(""): Browser is opened with url: ''

2023-09-09 20:44:05 - [MESSAGE][WARNING] - A browser is already opened. Closing browser and opening a new one

2023-09-09 20:44:06 - [MESSAGE][INFO] - Starting 'Chrome' driver

2023-09-09 20:44:06 - [MESSAGE][INFO] - User set preference: ['acceptInsecureCerts', 'true']

2023-09-09 20:44:06 - [MESSAGE][INFO] - Action delay is set to 0 milliseconds

2023-09-09 20:44:07 - [MESSAGE][PASSED] - Browser is opened with url: ''

2023-09-09 20:44:07 - [TEST_STEP][PASSED] - maximizeWindow(): Current window maximized

2023-09-09 20:44:07 - [MESSAGE][PASSED] - Current window maximized

2023-09-09 20:44:07 - [TEST_STEP][PASSED] - navigateToUrl(RADurl): Navigate to 'https://qa2.velocitypayment.com/client/rad/index.html' successfully

2023-09-09 20:44:09 - [MESSAGE][PASSED] - Navigate to 'https://qa2.velocitypayment.com/client/rad/index.html' successfully

2023-09-09 20:44:09 - [TEST_STEP][PASSED] - orPath_Landing = "Object Repository/RAD_Pages/Landing_Page": null

2023-09-09 20:44:09 - [TEST_STEP][PASSED] - orPath_TaxTypeFilingYear = "Object Repository/RAD_Pages/TaxTypeFilingYear_Page": null

2023-09-09 20:44:09 - [TEST_STEP][PASSED] - orPath_TaxPayer = "Object Repository/RAD_Pages/Taxpayer_Page": null

2023-09-09 20:44:09 - [TEST_STEP][PASSED] - orPath_AddressContact = "Object Repository/RAD_Pages/AddressAndContactInfo_Page": null

2023-09-09 20:44:09 - [TEST_STEP][PASSED] - orPath_FilingStatus = "Object Repository/RAD_Pages/FilingStatus_Page": null

2023-09-09 20:44:09 - [TEST_STEP][PASSED] - orPath_Amount = "Object Repository/RAD_Pages/PaymentAmount_Page": null

2023-09-09 20:44:09 - [TEST_STEP][PASSED] - orPath_TaxInfo = "Object Repository/RAD_Pages/TaxInfo_Page": null

2023-09-09 20:44:09 - [TEST_STEP][PASSED] - orPath_Withholding = "Object Repository/RAD_Pages/Withholding_Page": null

2023-09-09 20:44:09 - [TEST_STEP][PASSED] - orPath_Summary = "Object Repository/RAD_Pages/Summary_Page": null

2023-09-09 20:44:09 - [TEST_STEP][PASSED] - orPath_PaymentReady = "Object Repository/RAD_Pages/PaymentReady_Page": null

2023-09-09 20:44:09 - [TEST_STEP][PASSED] - orPath_PaymentEntry = "Object Repository/RAD_Pages/PaymentEntry_Page": null

2023-09-09 20:44:09 - [TEST_STEP][PASSED] - orPath_PaymentConfirmation = "Object Repository/RAD_Pages/PaymentConfirmation_Page": null

2023-09-09 20:44:09 - [TEST_STEP][PASSED] - orPath_ServiceFeesAccept = "Object Repository/RAD_Pages/ServiceFeeAccept_Page": null

2023-09-09 20:44:09 - [TEST_STEP][PASSED] - selectOptionByLabel(findTestObject(orPath_Landing + "/dd_TaxType"), Taxtype, false): All options with label 'Existing Liability w/Notice Number' are selected in object 'Object Repository/RAD_Pages/Landing_Page/dd_TaxType' 

2023-09-09 20:44:10 - [MESSAGE][PASSED] - All options with label 'Existing Liability w/Notice Number' are selected in object 'Object Repository/RAD_Pages/Landing_Page/dd_TaxType' 

2023-09-09 20:44:10 - [TEST_STEP][PASSED] - delay(1): Delayed 1 second(s)

2023-09-09 20:44:11 - [MESSAGE][PASSED] - Delayed 1 second(s)

2023-09-09 20:44:11 - [TEST_STEP][PASSED] - selectOptionByLabel(findTestObject(orPath_TaxTypeFilingYear + "/select_TaxType_ExistingLiability"), TaxTypeEL, false): All options with label 'Corporate Income Tax' are selected in object 'Object Repository/RAD_Pages/TaxTypeFilingYear_Page/select_TaxType_ExistingLiability' 

2023-09-09 20:44:11 - [MESSAGE][PASSED] - All options with label 'Corporate Income Tax' are selected in object 'Object Repository/RAD_Pages/TaxTypeFilingYear_Page/select_TaxType_ExistingLiability' 

2023-09-09 20:44:11 - [TEST_STEP][PASSED] - setText(findTestObject(orPath_TaxInfo + "/input_NoticeInvoiceNumber"), notInvNumber): Text '123456789' is set on object 'Object Repository/RAD_Pages/TaxInfo_Page/input_NoticeInvoiceNumber'

2023-09-09 20:44:13 - [MESSAGE][PASSED] - Text '123456789' is set on object 'Object Repository/RAD_Pages/TaxInfo_Page/input_NoticeInvoiceNumber'

2023-09-09 20:44:13 - [TEST_STEP][PASSED] - setText(findTestObject(orPath_TaxInfo + "/input_reTypeNoticeInvoiceNumber"), notInvNumber): Text '123456789' is set on object 'Object Repository/RAD_Pages/TaxInfo_Page/input_reTypeNoticeInvoiceNumber'

2023-09-09 20:44:14 - [MESSAGE][PASSED] - Text '123456789' is set on object 'Object Repository/RAD_Pages/TaxInfo_Page/input_reTypeNoticeInvoiceNumber'

2023-09-09 20:44:14 - [TEST_STEP][PASSED] - println(notInvNumber): null

2023-09-09 20:44:14 - [TEST_STEP][PASSED] - if (verifyTextPresent(errorMsg, true)): null

2023-09-09 20:44:15 - [MESSAGE][PASSED] - Text 'Invoice number length has to be 10 or 13 numeric characters' is present on page  using regular expression

2023-09-09 20:44:15 - [TEST_STEP][PASSED] - println("Error Message is present on the page"): null

2023-09-09 20:44:15 - [TEST_STEP][PASSED] - out.println("Pass Record Number: " + row): null

2023-09-09 20:44:15 - [TEST_STEP][PASSED] - resText = "Pass": null

2023-09-09 20:44:15 - [TEST_STEP][PASSED] - pages.WriteExcel.demoKey(resText, datText, resColumn, datCloumn, fileLoc, nameSheet, row): pages.WriteExcel.demoKey is PASSED

2023-09-09 20:44:15 - [MESSAGE][PASSED] - pages.WriteExcel.demoKey is PASSED

2023-09-09 20:44:15 - [TEST_STEP][PASSED] - ExecuteTC = findTestData(dataFile).getValue("Execute", row): null

2023-09-09 20:44:15 - [TEST_STEP][PASSED] - Taxtype = findTestData(dataFile).getValue("TaxType", row): null

2023-09-09 20:44:15 - [TEST_STEP][PASSED] - TaxTypeEL = findTestData(dataFile).getValue("TaxTypeEL", row): null

2023-09-09 20:44:15 - [TEST_STEP][PASSED] - notInvNumber = findTestData(dataFile).getValue("NotiInvoNumber", row): null

2023-09-09 20:44:15 - [TEST_STEP][PASSED] - errorMsg = findTestData(dataFile).getValue("ErrorMessage", row): null

2023-09-09 20:44:15 - [TEST_STEP][PASSED] - out.println("Value of Execute is : " + ExecuteTC): null

2023-09-09 20:44:15 - [TEST_STEP][PASSED] - if (ExecuteTC.equalsIgnoreCase("Y")): null

2023-09-09 20:44:15 - [TEST_STEP][PASSED] - out.println("Begin Record Number: " + row): null

2023-09-09 20:44:15 - [TEST_STEP][PASSED] - today = new java.util.Date(): null

2023-09-09 20:44:15 - [TEST_STEP][PASSED] - println(today): null

2023-09-09 20:44:15 - [TEST_STEP][PASSED] - datText = today: null

2023-09-09 20:44:15 - [TEST_STEP][PASSED] - Taxtype = findTestData(dataFile).getValue("TaxType", row): null

2023-09-09 20:44:15 - [TEST_STEP][PASSED] - out.println("Taxtype value is : " + Taxtype): null

2023-09-09 20:44:15 - [TEST_STEP][PASSED] - openBrowser(""): Browser is opened with url: ''

2023-09-09 20:44:15 - [MESSAGE][WARNING] - A browser is already opened. Closing browser and opening a new one

2023-09-09 20:44:16 - [MESSAGE][INFO] - Starting 'Chrome' driver

2023-09-09 20:44:16 - [MESSAGE][INFO] - User set preference: ['acceptInsecureCerts', 'true']

2023-09-09 20:44:16 - [MESSAGE][INFO] - Action delay is set to 0 milliseconds

2023-09-09 20:44:18 - [MESSAGE][PASSED] - Browser is opened with url: ''

2023-09-09 20:44:18 - [TEST_STEP][PASSED] - maximizeWindow(): Current window maximized

2023-09-09 20:44:18 - [MESSAGE][PASSED] - Current window maximized

2023-09-09 20:44:18 - [TEST_STEP][PASSED] - navigateToUrl(RADurl): Navigate to 'https://qa2.velocitypayment.com/client/rad/index.html' successfully

2023-09-09 20:44:19 - [MESSAGE][PASSED] - Navigate to 'https://qa2.velocitypayment.com/client/rad/index.html' successfully

2023-09-09 20:44:19 - [TEST_STEP][PASSED] - orPath_Landing = "Object Repository/RAD_Pages/Landing_Page": null

2023-09-09 20:44:19 - [TEST_STEP][PASSED] - orPath_TaxTypeFilingYear = "Object Repository/RAD_Pages/TaxTypeFilingYear_Page": null

2023-09-09 20:44:19 - [TEST_STEP][PASSED] - orPath_TaxPayer = "Object Repository/RAD_Pages/Taxpayer_Page": null

2023-09-09 20:44:19 - [TEST_STEP][PASSED] - orPath_AddressContact = "Object Repository/RAD_Pages/AddressAndContactInfo_Page": null

2023-09-09 20:44:19 - [TEST_STEP][PASSED] - orPath_FilingStatus = "Object Repository/RAD_Pages/FilingStatus_Page": null

2023-09-09 20:44:19 - [TEST_STEP][PASSED] - orPath_Amount = "Object Repository/RAD_Pages/PaymentAmount_Page": null

2023-09-09 20:44:19 - [TEST_STEP][PASSED] - orPath_TaxInfo = "Object Repository/RAD_Pages/TaxInfo_Page": null

2023-09-09 20:44:19 - [TEST_STEP][PASSED] - orPath_Withholding = "Object Repository/RAD_Pages/Withholding_Page": null

2023-09-09 20:44:19 - [TEST_STEP][PASSED] - orPath_Summary = "Object Repository/RAD_Pages/Summary_Page": null

2023-09-09 20:44:19 - [TEST_STEP][PASSED] - orPath_PaymentReady = "Object Repository/RAD_Pages/PaymentReady_Page": null

2023-09-09 20:44:19 - [TEST_STEP][PASSED] - orPath_PaymentEntry = "Object Repository/RAD_Pages/PaymentEntry_Page": null

2023-09-09 20:44:19 - [TEST_STEP][PASSED] - orPath_PaymentConfirmation = "Object Repository/RAD_Pages/PaymentConfirmation_Page": null

2023-09-09 20:44:19 - [TEST_STEP][PASSED] - orPath_ServiceFeesAccept = "Object Repository/RAD_Pages/ServiceFeeAccept_Page": null

2023-09-09 20:44:19 - [TEST_STEP][PASSED] - selectOptionByLabel(findTestObject(orPath_Landing + "/dd_TaxType"), Taxtype, false): All options with label 'Existing Liability w/Notice Number' are selected in object 'Object Repository/RAD_Pages/Landing_Page/dd_TaxType' 

2023-09-09 20:44:20 - [MESSAGE][PASSED] - All options with label 'Existing Liability w/Notice Number' are selected in object 'Object Repository/RAD_Pages/Landing_Page/dd_TaxType' 

2023-09-09 20:44:20 - [TEST_STEP][PASSED] - delay(1): Delayed 1 second(s)

2023-09-09 20:44:21 - [MESSAGE][PASSED] - Delayed 1 second(s)

2023-09-09 20:44:21 - [TEST_STEP][PASSED] - selectOptionByLabel(findTestObject(orPath_TaxTypeFilingYear + "/select_TaxType_ExistingLiability"), TaxTypeEL, false): All options with label 'Corporate Income Tax' are selected in object 'Object Repository/RAD_Pages/TaxTypeFilingYear_Page/select_TaxType_ExistingLiability' 

2023-09-09 20:44:22 - [MESSAGE][PASSED] - All options with label 'Corporate Income Tax' are selected in object 'Object Repository/RAD_Pages/TaxTypeFilingYear_Page/select_TaxType_ExistingLiability' 

2023-09-09 20:44:22 - [TEST_STEP][PASSED] - setText(findTestObject(orPath_TaxInfo + "/input_NoticeInvoiceNumber"), notInvNumber): Text '12345678901' is set on object 'Object Repository/RAD_Pages/TaxInfo_Page/input_NoticeInvoiceNumber'

2023-09-09 20:44:24 - [MESSAGE][PASSED] - Text '12345678901' is set on object 'Object Repository/RAD_Pages/TaxInfo_Page/input_NoticeInvoiceNumber'

2023-09-09 20:44:24 - [TEST_STEP][PASSED] - setText(findTestObject(orPath_TaxInfo + "/input_reTypeNoticeInvoiceNumber"), notInvNumber): Text '12345678901' is set on object 'Object Repository/RAD_Pages/TaxInfo_Page/input_reTypeNoticeInvoiceNumber'

2023-09-09 20:44:25 - [MESSAGE][PASSED] - Text '12345678901' is set on object 'Object Repository/RAD_Pages/TaxInfo_Page/input_reTypeNoticeInvoiceNumber'

2023-09-09 20:44:25 - [TEST_STEP][PASSED] - println(notInvNumber): null

2023-09-09 20:44:25 - [TEST_STEP][PASSED] - if (verifyTextPresent(errorMsg, true)): null

2023-09-09 20:44:25 - [MESSAGE][PASSED] - Text 'Invoice number length has to be 10 or 13 numeric characters' is present on page  using regular expression

2023-09-09 20:44:25 - [TEST_STEP][PASSED] - println("Error Message is present on the page"): null

2023-09-09 20:44:25 - [TEST_STEP][PASSED] - out.println("Pass Record Number: " + row): null

2023-09-09 20:44:25 - [TEST_STEP][PASSED] - resText = "Pass": null

2023-09-09 20:44:25 - [TEST_STEP][PASSED] - pages.WriteExcel.demoKey(resText, datText, resColumn, datCloumn, fileLoc, nameSheet, row): pages.WriteExcel.demoKey is PASSED

2023-09-09 20:44:25 - [MESSAGE][PASSED] - pages.WriteExcel.demoKey is PASSED

2023-09-09 20:44:25 - [TEST_STEP][PASSED] - ExecuteTC = findTestData(dataFile).getValue("Execute", row): null

2023-09-09 20:44:25 - [TEST_STEP][PASSED] - Taxtype = findTestData(dataFile).getValue("TaxType", row): null

2023-09-09 20:44:25 - [TEST_STEP][PASSED] - TaxTypeEL = findTestData(dataFile).getValue("TaxTypeEL", row): null

2023-09-09 20:44:25 - [TEST_STEP][PASSED] - notInvNumber = findTestData(dataFile).getValue("NotiInvoNumber", row): null

2023-09-09 20:44:25 - [TEST_STEP][PASSED] - errorMsg = findTestData(dataFile).getValue("ErrorMessage", row): null

2023-09-09 20:44:26 - [TEST_STEP][PASSED] - out.println("Value of Execute is : " + ExecuteTC): null

2023-09-09 20:44:26 - [TEST_STEP][PASSED] - if (ExecuteTC.equalsIgnoreCase("Y")): null

2023-09-09 20:44:26 - [TEST_STEP][PASSED] - out.println("Begin Record Number: " + row): null

2023-09-09 20:44:26 - [TEST_STEP][PASSED] - today = new java.util.Date(): null

2023-09-09 20:44:26 - [TEST_STEP][PASSED] - println(today): null

2023-09-09 20:44:26 - [TEST_STEP][PASSED] - datText = today: null

2023-09-09 20:44:26 - [TEST_STEP][PASSED] - Taxtype = findTestData(dataFile).getValue("TaxType", row): null

2023-09-09 20:44:26 - [TEST_STEP][PASSED] - out.println("Taxtype value is : " + Taxtype): null

2023-09-09 20:44:26 - [TEST_STEP][PASSED] - openBrowser(""): Browser is opened with url: ''

2023-09-09 20:44:26 - [MESSAGE][WARNING] - A browser is already opened. Closing browser and opening a new one

2023-09-09 20:44:27 - [MESSAGE][INFO] - Starting 'Chrome' driver

2023-09-09 20:44:27 - [MESSAGE][INFO] - User set preference: ['acceptInsecureCerts', 'true']

2023-09-09 20:44:27 - [MESSAGE][INFO] - Action delay is set to 0 milliseconds

2023-09-09 20:44:28 - [MESSAGE][PASSED] - Browser is opened with url: ''

2023-09-09 20:44:28 - [TEST_STEP][PASSED] - maximizeWindow(): Current window maximized

2023-09-09 20:44:28 - [MESSAGE][PASSED] - Current window maximized

2023-09-09 20:44:28 - [TEST_STEP][PASSED] - navigateToUrl(RADurl): Navigate to 'https://qa2.velocitypayment.com/client/rad/index.html' successfully

2023-09-09 20:44:30 - [MESSAGE][PASSED] - Navigate to 'https://qa2.velocitypayment.com/client/rad/index.html' successfully

2023-09-09 20:44:30 - [TEST_STEP][PASSED] - orPath_Landing = "Object Repository/RAD_Pages/Landing_Page": null

2023-09-09 20:44:30 - [TEST_STEP][PASSED] - orPath_TaxTypeFilingYear = "Object Repository/RAD_Pages/TaxTypeFilingYear_Page": null

2023-09-09 20:44:30 - [TEST_STEP][PASSED] - orPath_TaxPayer = "Object Repository/RAD_Pages/Taxpayer_Page": null

2023-09-09 20:44:30 - [TEST_STEP][PASSED] - orPath_AddressContact = "Object Repository/RAD_Pages/AddressAndContactInfo_Page": null

2023-09-09 20:44:30 - [TEST_STEP][PASSED] - orPath_FilingStatus = "Object Repository/RAD_Pages/FilingStatus_Page": null

2023-09-09 20:44:30 - [TEST_STEP][PASSED] - orPath_Amount = "Object Repository/RAD_Pages/PaymentAmount_Page": null

2023-09-09 20:44:30 - [TEST_STEP][PASSED] - orPath_TaxInfo = "Object Repository/RAD_Pages/TaxInfo_Page": null

2023-09-09 20:44:30 - [TEST_STEP][PASSED] - orPath_Withholding = "Object Repository/RAD_Pages/Withholding_Page": null

2023-09-09 20:44:30 - [TEST_STEP][PASSED] - orPath_Summary = "Object Repository/RAD_Pages/Summary_Page": null

2023-09-09 20:44:30 - [TEST_STEP][PASSED] - orPath_PaymentReady = "Object Repository/RAD_Pages/PaymentReady_Page": null

2023-09-09 20:44:30 - [TEST_STEP][PASSED] - orPath_PaymentEntry = "Object Repository/RAD_Pages/PaymentEntry_Page": null

2023-09-09 20:44:30 - [TEST_STEP][PASSED] - orPath_PaymentConfirmation = "Object Repository/RAD_Pages/PaymentConfirmation_Page": null

2023-09-09 20:44:30 - [TEST_STEP][PASSED] - orPath_ServiceFeesAccept = "Object Repository/RAD_Pages/ServiceFeeAccept_Page": null

2023-09-09 20:44:30 - [TEST_STEP][PASSED] - selectOptionByLabel(findTestObject(orPath_Landing + "/dd_TaxType"), Taxtype, false): All options with label 'Existing Liability w/Notice Number' are selected in object 'Object Repository/RAD_Pages/Landing_Page/dd_TaxType' 

2023-09-09 20:44:30 - [MESSAGE][PASSED] - All options with label 'Existing Liability w/Notice Number' are selected in object 'Object Repository/RAD_Pages/Landing_Page/dd_TaxType' 

2023-09-09 20:44:30 - [TEST_STEP][PASSED] - delay(1): Delayed 1 second(s)

2023-09-09 20:44:31 - [MESSAGE][PASSED] - Delayed 1 second(s)

2023-09-09 20:44:31 - [TEST_STEP][PASSED] - selectOptionByLabel(findTestObject(orPath_TaxTypeFilingYear + "/select_TaxType_ExistingLiability"), TaxTypeEL, false): All options with label 'Corporate Income Tax' are selected in object 'Object Repository/RAD_Pages/TaxTypeFilingYear_Page/select_TaxType_ExistingLiability' 

2023-09-09 20:44:32 - [MESSAGE][PASSED] - All options with label 'Corporate Income Tax' are selected in object 'Object Repository/RAD_Pages/TaxTypeFilingYear_Page/select_TaxType_ExistingLiability' 

2023-09-09 20:44:32 - [TEST_STEP][PASSED] - setText(findTestObject(orPath_TaxInfo + "/input_NoticeInvoiceNumber"), notInvNumber): Text '123456789012' is set on object 'Object Repository/RAD_Pages/TaxInfo_Page/input_NoticeInvoiceNumber'

2023-09-09 20:44:34 - [MESSAGE][PASSED] - Text '123456789012' is set on object 'Object Repository/RAD_Pages/TaxInfo_Page/input_NoticeInvoiceNumber'

2023-09-09 20:44:34 - [TEST_STEP][PASSED] - setText(findTestObject(orPath_TaxInfo + "/input_reTypeNoticeInvoiceNumber"), notInvNumber): Text '123456789012' is set on object 'Object Repository/RAD_Pages/TaxInfo_Page/input_reTypeNoticeInvoiceNumber'

2023-09-09 20:44:35 - [MESSAGE][PASSED] - Text '123456789012' is set on object 'Object Repository/RAD_Pages/TaxInfo_Page/input_reTypeNoticeInvoiceNumber'

2023-09-09 20:44:35 - [TEST_STEP][PASSED] - println(notInvNumber): null

2023-09-09 20:44:35 - [TEST_STEP][PASSED] - if (verifyTextPresent(errorMsg, true)): null

2023-09-09 20:44:35 - [MESSAGE][PASSED] - Text 'Invoice number length has to be 10 or 13 numeric characters' is present on page  using regular expression

2023-09-09 20:44:35 - [TEST_STEP][PASSED] - println("Error Message is present on the page"): null

2023-09-09 20:44:35 - [TEST_STEP][PASSED] - out.println("Pass Record Number: " + row): null

2023-09-09 20:44:35 - [TEST_STEP][PASSED] - resText = "Pass": null

2023-09-09 20:44:35 - [TEST_STEP][PASSED] - pages.WriteExcel.demoKey(resText, datText, resColumn, datCloumn, fileLoc, nameSheet, row): pages.WriteExcel.demoKey is PASSED

2023-09-09 20:44:35 - [MESSAGE][PASSED] - pages.WriteExcel.demoKey is PASSED

2023-09-09 20:44:35 - [TEST_STEP][PASSED] - ExecuteTC = findTestData(dataFile).getValue("Execute", row): null

2023-09-09 20:44:35 - [TEST_STEP][PASSED] - Taxtype = findTestData(dataFile).getValue("TaxType", row): null

2023-09-09 20:44:35 - [TEST_STEP][PASSED] - TaxTypeEL = findTestData(dataFile).getValue("TaxTypeEL", row): null

2023-09-09 20:44:35 - [TEST_STEP][PASSED] - notInvNumber = findTestData(dataFile).getValue("NotiInvoNumber", row): null

2023-09-09 20:44:35 - [TEST_STEP][PASSED] - errorMsg = findTestData(dataFile).getValue("ErrorMessage", row): null

2023-09-09 20:44:35 - [TEST_STEP][PASSED] - out.println("Value of Execute is : " + ExecuteTC): null

2023-09-09 20:44:35 - [TEST_STEP][PASSED] - if (ExecuteTC.equalsIgnoreCase("Y")): null

2023-09-09 20:44:35 - [TEST_STEP][PASSED] - out.println("Begin Record Number: " + row): null

2023-09-09 20:44:35 - [TEST_STEP][PASSED] - today = new java.util.Date(): null

2023-09-09 20:44:35 - [TEST_STEP][PASSED] - println(today): null

2023-09-09 20:44:35 - [TEST_STEP][PASSED] - datText = today: null

2023-09-09 20:44:35 - [TEST_STEP][PASSED] - Taxtype = findTestData(dataFile).getValue("TaxType", row): null

2023-09-09 20:44:36 - [TEST_STEP][PASSED] - out.println("Taxtype value is : " + Taxtype): null

2023-09-09 20:44:36 - [TEST_STEP][PASSED] - openBrowser(""): Browser is opened with url: ''

2023-09-09 20:44:36 - [MESSAGE][WARNING] - A browser is already opened. Closing browser and opening a new one

2023-09-09 20:44:36 - [MESSAGE][INFO] - Starting 'Chrome' driver

2023-09-09 20:44:36 - [MESSAGE][INFO] - User set preference: ['acceptInsecureCerts', 'true']

2023-09-09 20:44:36 - [MESSAGE][INFO] - Action delay is set to 0 milliseconds

2023-09-09 20:44:38 - [MESSAGE][PASSED] - Browser is opened with url: ''

2023-09-09 20:44:38 - [TEST_STEP][PASSED] - maximizeWindow(): Current window maximized

2023-09-09 20:44:38 - [MESSAGE][PASSED] - Current window maximized

2023-09-09 20:44:38 - [TEST_STEP][PASSED] - navigateToUrl(RADurl): Navigate to 'https://qa2.velocitypayment.com/client/rad/index.html' successfully

2023-09-09 20:44:39 - [MESSAGE][PASSED] - Navigate to 'https://qa2.velocitypayment.com/client/rad/index.html' successfully

2023-09-09 20:44:39 - [TEST_STEP][PASSED] - orPath_Landing = "Object Repository/RAD_Pages/Landing_Page": null

2023-09-09 20:44:39 - [TEST_STEP][PASSED] - orPath_TaxTypeFilingYear = "Object Repository/RAD_Pages/TaxTypeFilingYear_Page": null

2023-09-09 20:44:39 - [TEST_STEP][PASSED] - orPath_TaxPayer = "Object Repository/RAD_Pages/Taxpayer_Page": null

2023-09-09 20:44:39 - [TEST_STEP][PASSED] - orPath_AddressContact = "Object Repository/RAD_Pages/AddressAndContactInfo_Page": null

2023-09-09 20:44:39 - [TEST_STEP][PASSED] - orPath_FilingStatus = "Object Repository/RAD_Pages/FilingStatus_Page": null

2023-09-09 20:44:39 - [TEST_STEP][PASSED] - orPath_Amount = "Object Repository/RAD_Pages/PaymentAmount_Page": null

2023-09-09 20:44:39 - [TEST_STEP][PASSED] - orPath_TaxInfo = "Object Repository/RAD_Pages/TaxInfo_Page": null

2023-09-09 20:44:39 - [TEST_STEP][PASSED] - orPath_Withholding = "Object Repository/RAD_Pages/Withholding_Page": null

2023-09-09 20:44:39 - [TEST_STEP][PASSED] - orPath_Summary = "Object Repository/RAD_Pages/Summary_Page": null

2023-09-09 20:44:39 - [TEST_STEP][PASSED] - orPath_PaymentReady = "Object Repository/RAD_Pages/PaymentReady_Page": null

2023-09-09 20:44:39 - [TEST_STEP][PASSED] - orPath_PaymentEntry = "Object Repository/RAD_Pages/PaymentEntry_Page": null

2023-09-09 20:44:39 - [TEST_STEP][PASSED] - orPath_PaymentConfirmation = "Object Repository/RAD_Pages/PaymentConfirmation_Page": null

2023-09-09 20:44:39 - [TEST_STEP][PASSED] - orPath_ServiceFeesAccept = "Object Repository/RAD_Pages/ServiceFeeAccept_Page": null

2023-09-09 20:44:39 - [TEST_STEP][PASSED] - selectOptionByLabel(findTestObject(orPath_Landing + "/dd_TaxType"), Taxtype, false): All options with label 'Existing Liability w/Notice Number' are selected in object 'Object Repository/RAD_Pages/Landing_Page/dd_TaxType' 

2023-09-09 20:44:40 - [MESSAGE][PASSED] - All options with label 'Existing Liability w/Notice Number' are selected in object 'Object Repository/RAD_Pages/Landing_Page/dd_TaxType' 

2023-09-09 20:44:40 - [TEST_STEP][PASSED] - delay(1): Delayed 1 second(s)

2023-09-09 20:44:41 - [MESSAGE][PASSED] - Delayed 1 second(s)

2023-09-09 20:44:41 - [TEST_STEP][PASSED] - selectOptionByLabel(findTestObject(orPath_TaxTypeFilingYear + "/select_TaxType_ExistingLiability"), TaxTypeEL, false): All options with label 'Fiduciary Tax' are selected in object 'Object Repository/RAD_Pages/TaxTypeFilingYear_Page/select_TaxType_ExistingLiability' 

2023-09-09 20:44:42 - [MESSAGE][PASSED] - All options with label 'Fiduciary Tax' are selected in object 'Object Repository/RAD_Pages/TaxTypeFilingYear_Page/select_TaxType_ExistingLiability' 

2023-09-09 20:44:42 - [TEST_STEP][PASSED] - setText(findTestObject(orPath_TaxInfo + "/input_NoticeInvoiceNumber"), notInvNumber): Text '123456789' is set on object 'Object Repository/RAD_Pages/TaxInfo_Page/input_NoticeInvoiceNumber'

2023-09-09 20:44:43 - [MESSAGE][PASSED] - Text '123456789' is set on object 'Object Repository/RAD_Pages/TaxInfo_Page/input_NoticeInvoiceNumber'

2023-09-09 20:44:43 - [TEST_STEP][PASSED] - setText(findTestObject(orPath_TaxInfo + "/input_reTypeNoticeInvoiceNumber"), notInvNumber): Text '123456789' is set on object 'Object Repository/RAD_Pages/TaxInfo_Page/input_reTypeNoticeInvoiceNumber'

2023-09-09 20:44:45 - [MESSAGE][PASSED] - Text '123456789' is set on object 'Object Repository/RAD_Pages/TaxInfo_Page/input_reTypeNoticeInvoiceNumber'

2023-09-09 20:44:45 - [TEST_STEP][PASSED] - println(notInvNumber): null

2023-09-09 20:44:45 - [TEST_STEP][PASSED] - if (verifyTextPresent(errorMsg, true)): null

2023-09-09 20:44:45 - [MESSAGE][PASSED] - Text 'Notice number length has to be 13 numeric characters' is present on page  using regular expression

2023-09-09 20:44:45 - [TEST_STEP][PASSED] - println("Error Message is present on the page"): null

2023-09-09 20:44:45 - [TEST_STEP][PASSED] - out.println("Pass Record Number: " + row): null

2023-09-09 20:44:45 - [TEST_STEP][PASSED] - resText = "Pass": null

2023-09-09 20:44:45 - [TEST_STEP][PASSED] - pages.WriteExcel.demoKey(resText, datText, resColumn, datCloumn, fileLoc, nameSheet, row): pages.WriteExcel.demoKey is PASSED

2023-09-09 20:44:45 - [MESSAGE][PASSED] - pages.WriteExcel.demoKey is PASSED

2023-09-09 20:44:45 - [TEST_STEP][PASSED] - ExecuteTC = findTestData(dataFile).getValue("Execute", row): null

2023-09-09 20:44:45 - [TEST_STEP][PASSED] - Taxtype = findTestData(dataFile).getValue("TaxType", row): null

2023-09-09 20:44:45 - [TEST_STEP][PASSED] - TaxTypeEL = findTestData(dataFile).getValue("TaxTypeEL", row): null

2023-09-09 20:44:45 - [TEST_STEP][PASSED] - notInvNumber = findTestData(dataFile).getValue("NotiInvoNumber", row): null

2023-09-09 20:44:45 - [TEST_STEP][PASSED] - errorMsg = findTestData(dataFile).getValue("ErrorMessage", row): null

2023-09-09 20:44:45 - [TEST_STEP][PASSED] - out.println("Value of Execute is : " + ExecuteTC): null

2023-09-09 20:44:45 - [TEST_STEP][PASSED] - if (ExecuteTC.equalsIgnoreCase("Y")): null

2023-09-09 20:44:45 - [TEST_STEP][PASSED] - out.println("Begin Record Number: " + row): null

2023-09-09 20:44:45 - [TEST_STEP][PASSED] - today = new java.util.Date(): null

2023-09-09 20:44:45 - [TEST_STEP][PASSED] - println(today): null

2023-09-09 20:44:45 - [TEST_STEP][PASSED] - datText = today: null

2023-09-09 20:44:45 - [TEST_STEP][PASSED] - Taxtype = findTestData(dataFile).getValue("TaxType", row): null

2023-09-09 20:44:45 - [TEST_STEP][PASSED] - out.println("Taxtype value is : " + Taxtype): null

2023-09-09 20:44:45 - [TEST_STEP][PASSED] - openBrowser(""): Browser is opened with url: ''

2023-09-09 20:44:45 - [MESSAGE][WARNING] - A browser is already opened. Closing browser and opening a new one

2023-09-09 20:44:46 - [MESSAGE][INFO] - Starting 'Chrome' driver

2023-09-09 20:44:46 - [MESSAGE][INFO] - User set preference: ['acceptInsecureCerts', 'true']

2023-09-09 20:44:46 - [MESSAGE][INFO] - Action delay is set to 0 milliseconds

2023-09-09 20:44:48 - [MESSAGE][PASSED] - Browser is opened with url: ''

2023-09-09 20:44:48 - [TEST_STEP][PASSED] - maximizeWindow(): Current window maximized

2023-09-09 20:44:48 - [MESSAGE][PASSED] - Current window maximized

2023-09-09 20:44:48 - [TEST_STEP][PASSED] - navigateToUrl(RADurl): Navigate to 'https://qa2.velocitypayment.com/client/rad/index.html' successfully

2023-09-09 20:44:49 - [MESSAGE][PASSED] - Navigate to 'https://qa2.velocitypayment.com/client/rad/index.html' successfully

2023-09-09 20:44:49 - [TEST_STEP][PASSED] - orPath_Landing = "Object Repository/RAD_Pages/Landing_Page": null

2023-09-09 20:44:49 - [TEST_STEP][PASSED] - orPath_TaxTypeFilingYear = "Object Repository/RAD_Pages/TaxTypeFilingYear_Page": null

2023-09-09 20:44:49 - [TEST_STEP][PASSED] - orPath_TaxPayer = "Object Repository/RAD_Pages/Taxpayer_Page": null

2023-09-09 20:44:49 - [TEST_STEP][PASSED] - orPath_AddressContact = "Object Repository/RAD_Pages/AddressAndContactInfo_Page": null

2023-09-09 20:44:49 - [TEST_STEP][PASSED] - orPath_FilingStatus = "Object Repository/RAD_Pages/FilingStatus_Page": null

2023-09-09 20:44:49 - [TEST_STEP][PASSED] - orPath_Amount = "Object Repository/RAD_Pages/PaymentAmount_Page": null

2023-09-09 20:44:49 - [TEST_STEP][PASSED] - orPath_TaxInfo = "Object Repository/RAD_Pages/TaxInfo_Page": null

2023-09-09 20:44:49 - [TEST_STEP][PASSED] - orPath_Withholding = "Object Repository/RAD_Pages/Withholding_Page": null

2023-09-09 20:44:49 - [TEST_STEP][PASSED] - orPath_Summary = "Object Repository/RAD_Pages/Summary_Page": null

2023-09-09 20:44:49 - [TEST_STEP][PASSED] - orPath_PaymentReady = "Object Repository/RAD_Pages/PaymentReady_Page": null

2023-09-09 20:44:49 - [TEST_STEP][PASSED] - orPath_PaymentEntry = "Object Repository/RAD_Pages/PaymentEntry_Page": null

2023-09-09 20:44:49 - [TEST_STEP][PASSED] - orPath_PaymentConfirmation = "Object Repository/RAD_Pages/PaymentConfirmation_Page": null

2023-09-09 20:44:49 - [TEST_STEP][PASSED] - orPath_ServiceFeesAccept = "Object Repository/RAD_Pages/ServiceFeeAccept_Page": null

2023-09-09 20:44:49 - [TEST_STEP][PASSED] - selectOptionByLabel(findTestObject(orPath_Landing + "/dd_TaxType"), Taxtype, false): All options with label 'Existing Liability w/Notice Number' are selected in object 'Object Repository/RAD_Pages/Landing_Page/dd_TaxType' 

2023-09-09 20:44:50 - [MESSAGE][PASSED] - All options with label 'Existing Liability w/Notice Number' are selected in object 'Object Repository/RAD_Pages/Landing_Page/dd_TaxType' 

2023-09-09 20:44:50 - [TEST_STEP][PASSED] - delay(1): Delayed 1 second(s)

2023-09-09 20:44:51 - [MESSAGE][PASSED] - Delayed 1 second(s)

2023-09-09 20:44:51 - [TEST_STEP][PASSED] - selectOptionByLabel(findTestObject(orPath_TaxTypeFilingYear + "/select_TaxType_ExistingLiability"), TaxTypeEL, false): All options with label 'Personal Income Tax' are selected in object 'Object Repository/RAD_Pages/TaxTypeFilingYear_Page/select_TaxType_ExistingLiability' 

2023-09-09 20:44:52 - [MESSAGE][PASSED] - All options with label 'Personal Income Tax' are selected in object 'Object Repository/RAD_Pages/TaxTypeFilingYear_Page/select_TaxType_ExistingLiability' 

2023-09-09 20:44:52 - [TEST_STEP][PASSED] - setText(findTestObject(orPath_TaxInfo + "/input_NoticeInvoiceNumber"), notInvNumber): Text '123456789' is set on object 'Object Repository/RAD_Pages/TaxInfo_Page/input_NoticeInvoiceNumber'

2023-09-09 20:44:53 - [MESSAGE][PASSED] - Text '123456789' is set on object 'Object Repository/RAD_Pages/TaxInfo_Page/input_NoticeInvoiceNumber'

2023-09-09 20:44:53 - [TEST_STEP][PASSED] - setText(findTestObject(orPath_TaxInfo + "/input_reTypeNoticeInvoiceNumber"), notInvNumber): Text '123456789' is set on object 'Object Repository/RAD_Pages/TaxInfo_Page/input_reTypeNoticeInvoiceNumber'

2023-09-09 20:44:55 - [MESSAGE][PASSED] - Text '123456789' is set on object 'Object Repository/RAD_Pages/TaxInfo_Page/input_reTypeNoticeInvoiceNumber'

2023-09-09 20:44:55 - [TEST_STEP][PASSED] - println(notInvNumber): null

2023-09-09 20:44:55 - [TEST_STEP][PASSED] - if (verifyTextPresent(errorMsg, true)): null

2023-09-09 20:44:55 - [MESSAGE][PASSED] - Text 'Notice number length has to be 13 numeric characters' is present on page  using regular expression

2023-09-09 20:44:55 - [TEST_STEP][PASSED] - println("Error Message is present on the page"): null

2023-09-09 20:44:55 - [TEST_STEP][PASSED] - out.println("Pass Record Number: " + row): null

2023-09-09 20:44:55 - [TEST_STEP][PASSED] - resText = "Pass": null

2023-09-09 20:44:55 - [TEST_STEP][PASSED] - pages.WriteExcel.demoKey(resText, datText, resColumn, datCloumn, fileLoc, nameSheet, row): pages.WriteExcel.demoKey is PASSED

2023-09-09 20:44:55 - [MESSAGE][PASSED] - pages.WriteExcel.demoKey is PASSED

2023-09-09 20:44:55 - [TEST_STEP][PASSED] - ExecuteTC = findTestData(dataFile).getValue("Execute", row): null

2023-09-09 20:44:55 - [TEST_STEP][PASSED] - Taxtype = findTestData(dataFile).getValue("TaxType", row): null

2023-09-09 20:44:55 - [TEST_STEP][PASSED] - TaxTypeEL = findTestData(dataFile).getValue("TaxTypeEL", row): null

2023-09-09 20:44:55 - [TEST_STEP][PASSED] - notInvNumber = findTestData(dataFile).getValue("NotiInvoNumber", row): null

2023-09-09 20:44:55 - [TEST_STEP][PASSED] - errorMsg = findTestData(dataFile).getValue("ErrorMessage", row): null

2023-09-09 20:44:55 - [TEST_STEP][PASSED] - out.println("Value of Execute is : " + ExecuteTC): null

2023-09-09 20:44:55 - [TEST_STEP][PASSED] - if (ExecuteTC.equalsIgnoreCase("Y")): null

2023-09-09 20:44:55 - [TEST_STEP][PASSED] - out.println("Begin Record Number: " + row): null

2023-09-09 20:44:55 - [TEST_STEP][PASSED] - today = new java.util.Date(): null

2023-09-09 20:44:55 - [TEST_STEP][PASSED] - println(today): null

2023-09-09 20:44:55 - [TEST_STEP][PASSED] - datText = today: null

2023-09-09 20:44:55 - [TEST_STEP][PASSED] - Taxtype = findTestData(dataFile).getValue("TaxType", row): null

2023-09-09 20:44:55 - [TEST_STEP][PASSED] - out.println("Taxtype value is : " + Taxtype): null

2023-09-09 20:44:55 - [TEST_STEP][PASSED] - openBrowser(""): Browser is opened with url: ''

2023-09-09 20:44:55 - [MESSAGE][WARNING] - A browser is already opened. Closing browser and opening a new one

2023-09-09 20:44:56 - [MESSAGE][INFO] - Starting 'Chrome' driver

2023-09-09 20:44:56 - [MESSAGE][INFO] - User set preference: ['acceptInsecureCerts', 'true']

2023-09-09 20:44:56 - [MESSAGE][INFO] - Action delay is set to 0 milliseconds

2023-09-09 20:44:58 - [MESSAGE][PASSED] - Browser is opened with url: ''

2023-09-09 20:44:58 - [TEST_STEP][PASSED] - maximizeWindow(): Current window maximized

2023-09-09 20:44:58 - [MESSAGE][PASSED] - Current window maximized

2023-09-09 20:44:58 - [TEST_STEP][PASSED] - navigateToUrl(RADurl): Navigate to 'https://qa2.velocitypayment.com/client/rad/index.html' successfully

2023-09-09 20:44:59 - [MESSAGE][PASSED] - Navigate to 'https://qa2.velocitypayment.com/client/rad/index.html' successfully

2023-09-09 20:44:59 - [TEST_STEP][PASSED] - orPath_Landing = "Object Repository/RAD_Pages/Landing_Page": null

2023-09-09 20:44:59 - [TEST_STEP][PASSED] - orPath_TaxTypeFilingYear = "Object Repository/RAD_Pages/TaxTypeFilingYear_Page": null

2023-09-09 20:44:59 - [TEST_STEP][PASSED] - orPath_TaxPayer = "Object Repository/RAD_Pages/Taxpayer_Page": null

2023-09-09 20:44:59 - [TEST_STEP][PASSED] - orPath_AddressContact = "Object Repository/RAD_Pages/AddressAndContactInfo_Page": null

2023-09-09 20:44:59 - [TEST_STEP][PASSED] - orPath_FilingStatus = "Object Repository/RAD_Pages/FilingStatus_Page": null

2023-09-09 20:44:59 - [TEST_STEP][PASSED] - orPath_Amount = "Object Repository/RAD_Pages/PaymentAmount_Page": null

2023-09-09 20:44:59 - [TEST_STEP][PASSED] - orPath_TaxInfo = "Object Repository/RAD_Pages/TaxInfo_Page": null

2023-09-09 20:44:59 - [TEST_STEP][PASSED] - orPath_Withholding = "Object Repository/RAD_Pages/Withholding_Page": null

2023-09-09 20:44:59 - [TEST_STEP][PASSED] - orPath_Summary = "Object Repository/RAD_Pages/Summary_Page": null

2023-09-09 20:44:59 - [TEST_STEP][PASSED] - orPath_PaymentReady = "Object Repository/RAD_Pages/PaymentReady_Page": null

2023-09-09 20:44:59 - [TEST_STEP][PASSED] - orPath_PaymentEntry = "Object Repository/RAD_Pages/PaymentEntry_Page": null

2023-09-09 20:44:59 - [TEST_STEP][PASSED] - orPath_PaymentConfirmation = "Object Repository/RAD_Pages/PaymentConfirmation_Page": null

2023-09-09 20:44:59 - [TEST_STEP][PASSED] - orPath_ServiceFeesAccept = "Object Repository/RAD_Pages/ServiceFeeAccept_Page": null

2023-09-09 20:44:59 - [TEST_STEP][PASSED] - selectOptionByLabel(findTestObject(orPath_Landing + "/dd_TaxType"), Taxtype, false): All options with label 'Existing Liability w/Notice Number' are selected in object 'Object Repository/RAD_Pages/Landing_Page/dd_TaxType' 

2023-09-09 20:45:00 - [MESSAGE][PASSED] - All options with label 'Existing Liability w/Notice Number' are selected in object 'Object Repository/RAD_Pages/Landing_Page/dd_TaxType' 

2023-09-09 20:45:00 - [TEST_STEP][PASSED] - delay(1): Delayed 1 second(s)

2023-09-09 20:45:01 - [MESSAGE][PASSED] - Delayed 1 second(s)

2023-09-09 20:45:01 - [TEST_STEP][PASSED] - selectOptionByLabel(findTestObject(orPath_TaxTypeFilingYear + "/select_TaxType_ExistingLiability"), TaxTypeEL, false): All options with label 'PTE Non-Electing Non-S Corp' are selected in object 'Object Repository/RAD_Pages/TaxTypeFilingYear_Page/select_TaxType_ExistingLiability' 

2023-09-09 20:45:02 - [MESSAGE][PASSED] - All options with label 'PTE Non-Electing Non-S Corp' are selected in object 'Object Repository/RAD_Pages/TaxTypeFilingYear_Page/select_TaxType_ExistingLiability' 

2023-09-09 20:45:02 - [TEST_STEP][PASSED] - setText(findTestObject(orPath_TaxInfo + "/input_NoticeInvoiceNumber"), notInvNumber): Text '123456789' is set on object 'Object Repository/RAD_Pages/TaxInfo_Page/input_NoticeInvoiceNumber'

2023-09-09 20:45:03 - [MESSAGE][PASSED] - Text '123456789' is set on object 'Object Repository/RAD_Pages/TaxInfo_Page/input_NoticeInvoiceNumber'

2023-09-09 20:45:03 - [TEST_STEP][PASSED] - setText(findTestObject(orPath_TaxInfo + "/input_reTypeNoticeInvoiceNumber"), notInvNumber): Text '123456789' is set on object 'Object Repository/RAD_Pages/TaxInfo_Page/input_reTypeNoticeInvoiceNumber'

2023-09-09 20:45:04 - [MESSAGE][PASSED] - Text '123456789' is set on object 'Object Repository/RAD_Pages/TaxInfo_Page/input_reTypeNoticeInvoiceNumber'

2023-09-09 20:45:04 - [TEST_STEP][PASSED] - println(notInvNumber): null

2023-09-09 20:45:04 - [TEST_STEP][PASSED] - if (verifyTextPresent(errorMsg, true)): null

2023-09-09 20:45:05 - [MESSAGE][PASSED] - Text 'Notice number length has to be 13 numeric characters' is present on page  using regular expression

2023-09-09 20:45:05 - [TEST_STEP][PASSED] - println("Error Message is present on the page"): null

2023-09-09 20:45:05 - [TEST_STEP][PASSED] - out.println("Pass Record Number: " + row): null

2023-09-09 20:45:05 - [TEST_STEP][PASSED] - resText = "Pass": null

2023-09-09 20:45:05 - [TEST_STEP][PASSED] - pages.WriteExcel.demoKey(resText, datText, resColumn, datCloumn, fileLoc, nameSheet, row): pages.WriteExcel.demoKey is PASSED

2023-09-09 20:45:05 - [MESSAGE][PASSED] - pages.WriteExcel.demoKey is PASSED

2023-09-09 20:45:05 - [TEST_STEP][PASSED] - ExecuteTC = findTestData(dataFile).getValue("Execute", row): null

2023-09-09 20:45:05 - [TEST_STEP][PASSED] - Taxtype = findTestData(dataFile).getValue("TaxType", row): null

2023-09-09 20:45:05 - [TEST_STEP][PASSED] - TaxTypeEL = findTestData(dataFile).getValue("TaxTypeEL", row): null

2023-09-09 20:45:05 - [TEST_STEP][PASSED] - notInvNumber = findTestData(dataFile).getValue("NotiInvoNumber", row): null

2023-09-09 20:45:05 - [TEST_STEP][PASSED] - errorMsg = findTestData(dataFile).getValue("ErrorMessage", row): null

2023-09-09 20:45:05 - [TEST_STEP][PASSED] - out.println("Value of Execute is : " + ExecuteTC): null

2023-09-09 20:45:05 - [TEST_STEP][PASSED] - if (ExecuteTC.equalsIgnoreCase("Y")): null

2023-09-09 20:45:05 - [TEST_STEP][PASSED] - out.println("Begin Record Number: " + row): null

2023-09-09 20:45:05 - [TEST_STEP][PASSED] - today = new java.util.Date(): null

2023-09-09 20:45:05 - [TEST_STEP][PASSED] - println(today): null

2023-09-09 20:45:05 - [TEST_STEP][PASSED] - datText = today: null

2023-09-09 20:45:05 - [TEST_STEP][PASSED] - Taxtype = findTestData(dataFile).getValue("TaxType", row): null

2023-09-09 20:45:05 - [TEST_STEP][PASSED] - out.println("Taxtype value is : " + Taxtype): null

2023-09-09 20:45:05 - [TEST_STEP][PASSED] - openBrowser(""): Browser is opened with url: ''

2023-09-09 20:45:05 - [MESSAGE][WARNING] - A browser is already opened. Closing browser and opening a new one

2023-09-09 20:45:06 - [MESSAGE][INFO] - Starting 'Chrome' driver

2023-09-09 20:45:06 - [MESSAGE][INFO] - User set preference: ['acceptInsecureCerts', 'true']

2023-09-09 20:45:06 - [MESSAGE][INFO] - Action delay is set to 0 milliseconds

2023-09-09 20:45:08 - [MESSAGE][PASSED] - Browser is opened with url: ''

2023-09-09 20:45:08 - [TEST_STEP][PASSED] - maximizeWindow(): Current window maximized

2023-09-09 20:45:08 - [MESSAGE][PASSED] - Current window maximized

2023-09-09 20:45:08 - [TEST_STEP][PASSED] - navigateToUrl(RADurl): Navigate to 'https://qa2.velocitypayment.com/client/rad/index.html' successfully

2023-09-09 20:45:09 - [MESSAGE][PASSED] - Navigate to 'https://qa2.velocitypayment.com/client/rad/index.html' successfully

2023-09-09 20:45:09 - [TEST_STEP][PASSED] - orPath_Landing = "Object Repository/RAD_Pages/Landing_Page": null

2023-09-09 20:45:09 - [TEST_STEP][PASSED] - orPath_TaxTypeFilingYear = "Object Repository/RAD_Pages/TaxTypeFilingYear_Page": null

2023-09-09 20:45:09 - [TEST_STEP][PASSED] - orPath_TaxPayer = "Object Repository/RAD_Pages/Taxpayer_Page": null

2023-09-09 20:45:09 - [TEST_STEP][PASSED] - orPath_AddressContact = "Object Repository/RAD_Pages/AddressAndContactInfo_Page": null

2023-09-09 20:45:09 - [TEST_STEP][PASSED] - orPath_FilingStatus = "Object Repository/RAD_Pages/FilingStatus_Page": null

2023-09-09 20:45:09 - [TEST_STEP][PASSED] - orPath_Amount = "Object Repository/RAD_Pages/PaymentAmount_Page": null

2023-09-09 20:45:09 - [TEST_STEP][PASSED] - orPath_TaxInfo = "Object Repository/RAD_Pages/TaxInfo_Page": null

2023-09-09 20:45:09 - [TEST_STEP][PASSED] - orPath_Withholding = "Object Repository/RAD_Pages/Withholding_Page": null

2023-09-09 20:45:09 - [TEST_STEP][PASSED] - orPath_Summary = "Object Repository/RAD_Pages/Summary_Page": null

2023-09-09 20:45:09 - [TEST_STEP][PASSED] - orPath_PaymentReady = "Object Repository/RAD_Pages/PaymentReady_Page": null

2023-09-09 20:45:09 - [TEST_STEP][PASSED] - orPath_PaymentEntry = "Object Repository/RAD_Pages/PaymentEntry_Page": null

2023-09-09 20:45:09 - [TEST_STEP][PASSED] - orPath_PaymentConfirmation = "Object Repository/RAD_Pages/PaymentConfirmation_Page": null

2023-09-09 20:45:09 - [TEST_STEP][PASSED] - orPath_ServiceFeesAccept = "Object Repository/RAD_Pages/ServiceFeeAccept_Page": null

2023-09-09 20:45:09 - [TEST_STEP][PASSED] - selectOptionByLabel(findTestObject(orPath_Landing + "/dd_TaxType"), Taxtype, false): All options with label 'Existing Liability w/Notice Number' are selected in object 'Object Repository/RAD_Pages/Landing_Page/dd_TaxType' 

2023-09-09 20:45:10 - [MESSAGE][PASSED] - All options with label 'Existing Liability w/Notice Number' are selected in object 'Object Repository/RAD_Pages/Landing_Page/dd_TaxType' 

2023-09-09 20:45:10 - [TEST_STEP][PASSED] - delay(1): Delayed 1 second(s)

2023-09-09 20:45:11 - [MESSAGE][PASSED] - Delayed 1 second(s)

2023-09-09 20:45:11 - [TEST_STEP][PASSED] - selectOptionByLabel(findTestObject(orPath_TaxTypeFilingYear + "/select_TaxType_ExistingLiability"), TaxTypeEL, false): All options with label 'PTE Non-Electing S Corp' are selected in object 'Object Repository/RAD_Pages/TaxTypeFilingYear_Page/select_TaxType_ExistingLiability' 

2023-09-09 20:45:12 - [MESSAGE][PASSED] - All options with label 'PTE Non-Electing S Corp' are selected in object 'Object Repository/RAD_Pages/TaxTypeFilingYear_Page/select_TaxType_ExistingLiability' 

2023-09-09 20:45:12 - [TEST_STEP][PASSED] - setText(findTestObject(orPath_TaxInfo + "/input_NoticeInvoiceNumber"), notInvNumber): Text '123456789' is set on object 'Object Repository/RAD_Pages/TaxInfo_Page/input_NoticeInvoiceNumber'

2023-09-09 20:45:13 - [MESSAGE][PASSED] - Text '123456789' is set on object 'Object Repository/RAD_Pages/TaxInfo_Page/input_NoticeInvoiceNumber'

2023-09-09 20:45:13 - [TEST_STEP][PASSED] - setText(findTestObject(orPath_TaxInfo + "/input_reTypeNoticeInvoiceNumber"), notInvNumber): Text '123456789' is set on object 'Object Repository/RAD_Pages/TaxInfo_Page/input_reTypeNoticeInvoiceNumber'

2023-09-09 20:45:14 - [MESSAGE][PASSED] - Text '123456789' is set on object 'Object Repository/RAD_Pages/TaxInfo_Page/input_reTypeNoticeInvoiceNumber'

2023-09-09 20:45:14 - [TEST_STEP][PASSED] - println(notInvNumber): null

2023-09-09 20:45:14 - [TEST_STEP][PASSED] - if (verifyTextPresent(errorMsg, true)): null

2023-09-09 20:45:15 - [MESSAGE][PASSED] - Text 'Notice number length has to be 13 numeric characters' is present on page  using regular expression

2023-09-09 20:45:15 - [TEST_STEP][PASSED] - println("Error Message is present on the page"): null

2023-09-09 20:45:15 - [TEST_STEP][PASSED] - out.println("Pass Record Number: " + row): null

2023-09-09 20:45:15 - [TEST_STEP][PASSED] - resText = "Pass": null

2023-09-09 20:45:15 - [TEST_STEP][PASSED] - pages.WriteExcel.demoKey(resText, datText, resColumn, datCloumn, fileLoc, nameSheet, row): pages.WriteExcel.demoKey is PASSED

2023-09-09 20:45:15 - [MESSAGE][PASSED] - pages.WriteExcel.demoKey is PASSED

2023-09-09 20:45:15 - [TEST_STEP][PASSED] - ExecuteTC = findTestData(dataFile).getValue("Execute", row): null

2023-09-09 20:45:15 - [TEST_STEP][PASSED] - Taxtype = findTestData(dataFile).getValue("TaxType", row): null

2023-09-09 20:45:15 - [TEST_STEP][PASSED] - TaxTypeEL = findTestData(dataFile).getValue("TaxTypeEL", row): null

2023-09-09 20:45:15 - [TEST_STEP][PASSED] - notInvNumber = findTestData(dataFile).getValue("NotiInvoNumber", row): null

2023-09-09 20:45:15 - [TEST_STEP][PASSED] - errorMsg = findTestData(dataFile).getValue("ErrorMessage", row): null

2023-09-09 20:45:15 - [TEST_STEP][PASSED] - out.println("Value of Execute is : " + ExecuteTC): null

2023-09-09 20:45:15 - [TEST_STEP][PASSED] - if (ExecuteTC.equalsIgnoreCase("Y")): null

2023-09-09 20:45:15 - [TEST_STEP][PASSED] - out.println("Begin Record Number: " + row): null

2023-09-09 20:45:15 - [TEST_STEP][PASSED] - today = new java.util.Date(): null

2023-09-09 20:45:15 - [TEST_STEP][PASSED] - println(today): null

2023-09-09 20:45:15 - [TEST_STEP][PASSED] - datText = today: null

2023-09-09 20:45:15 - [TEST_STEP][PASSED] - Taxtype = findTestData(dataFile).getValue("TaxType", row): null

2023-09-09 20:45:15 - [TEST_STEP][PASSED] - out.println("Taxtype value is : " + Taxtype): null

2023-09-09 20:45:15 - [TEST_STEP][PASSED] - openBrowser(""): Browser is opened with url: ''

2023-09-09 20:45:15 - [MESSAGE][WARNING] - A browser is already opened. Closing browser and opening a new one

2023-09-09 20:45:16 - [MESSAGE][INFO] - Starting 'Chrome' driver

2023-09-09 20:45:16 - [MESSAGE][INFO] - User set preference: ['acceptInsecureCerts', 'true']

2023-09-09 20:45:16 - [MESSAGE][INFO] - Action delay is set to 0 milliseconds

2023-09-09 20:45:18 - [MESSAGE][PASSED] - Browser is opened with url: ''

2023-09-09 20:45:18 - [TEST_STEP][PASSED] - maximizeWindow(): Current window maximized

2023-09-09 20:45:18 - [MESSAGE][PASSED] - Current window maximized

2023-09-09 20:45:18 - [TEST_STEP][PASSED] - navigateToUrl(RADurl): Navigate to 'https://qa2.velocitypayment.com/client/rad/index.html' successfully

2023-09-09 20:45:19 - [MESSAGE][PASSED] - Navigate to 'https://qa2.velocitypayment.com/client/rad/index.html' successfully

2023-09-09 20:45:19 - [TEST_STEP][PASSED] - orPath_Landing = "Object Repository/RAD_Pages/Landing_Page": null

2023-09-09 20:45:19 - [TEST_STEP][PASSED] - orPath_TaxTypeFilingYear = "Object Repository/RAD_Pages/TaxTypeFilingYear_Page": null

2023-09-09 20:45:19 - [TEST_STEP][PASSED] - orPath_TaxPayer = "Object Repository/RAD_Pages/Taxpayer_Page": null

2023-09-09 20:45:19 - [TEST_STEP][PASSED] - orPath_AddressContact = "Object Repository/RAD_Pages/AddressAndContactInfo_Page": null

2023-09-09 20:45:19 - [TEST_STEP][PASSED] - orPath_FilingStatus = "Object Repository/RAD_Pages/FilingStatus_Page": null

2023-09-09 20:45:19 - [TEST_STEP][PASSED] - orPath_Amount = "Object Repository/RAD_Pages/PaymentAmount_Page": null

2023-09-09 20:45:19 - [TEST_STEP][PASSED] - orPath_TaxInfo = "Object Repository/RAD_Pages/TaxInfo_Page": null

2023-09-09 20:45:19 - [TEST_STEP][PASSED] - orPath_Withholding = "Object Repository/RAD_Pages/Withholding_Page": null

2023-09-09 20:45:19 - [TEST_STEP][PASSED] - orPath_Summary = "Object Repository/RAD_Pages/Summary_Page": null

2023-09-09 20:45:19 - [TEST_STEP][PASSED] - orPath_PaymentReady = "Object Repository/RAD_Pages/PaymentReady_Page": null

2023-09-09 20:45:19 - [TEST_STEP][PASSED] - orPath_PaymentEntry = "Object Repository/RAD_Pages/PaymentEntry_Page": null

2023-09-09 20:45:19 - [TEST_STEP][PASSED] - orPath_PaymentConfirmation = "Object Repository/RAD_Pages/PaymentConfirmation_Page": null

2023-09-09 20:45:19 - [TEST_STEP][PASSED] - orPath_ServiceFeesAccept = "Object Repository/RAD_Pages/ServiceFeeAccept_Page": null

2023-09-09 20:45:19 - [TEST_STEP][PASSED] - selectOptionByLabel(findTestObject(orPath_Landing + "/dd_TaxType"), Taxtype, false): All options with label 'Existing Liability w/Notice Number' are selected in object 'Object Repository/RAD_Pages/Landing_Page/dd_TaxType' 

2023-09-09 20:45:20 - [MESSAGE][PASSED] - All options with label 'Existing Liability w/Notice Number' are selected in object 'Object Repository/RAD_Pages/Landing_Page/dd_TaxType' 

2023-09-09 20:45:20 - [TEST_STEP][PASSED] - delay(1): Delayed 1 second(s)

2023-09-09 20:45:21 - [MESSAGE][PASSED] - Delayed 1 second(s)

2023-09-09 20:45:21 - [TEST_STEP][PASSED] - selectOptionByLabel(findTestObject(orPath_TaxTypeFilingYear + "/select_TaxType_ExistingLiability"), TaxTypeEL, false): All options with label 'Sales & Use Tax' are selected in object 'Object Repository/RAD_Pages/TaxTypeFilingYear_Page/select_TaxType_ExistingLiability' 

2023-09-09 20:45:22 - [MESSAGE][PASSED] - All options with label 'Sales & Use Tax' are selected in object 'Object Repository/RAD_Pages/TaxTypeFilingYear_Page/select_TaxType_ExistingLiability' 

2023-09-09 20:45:22 - [TEST_STEP][PASSED] - setText(findTestObject(orPath_TaxInfo + "/input_NoticeInvoiceNumber"), notInvNumber): Text '123456789' is set on object 'Object Repository/RAD_Pages/TaxInfo_Page/input_NoticeInvoiceNumber'

2023-09-09 20:45:23 - [MESSAGE][PASSED] - Text '123456789' is set on object 'Object Repository/RAD_Pages/TaxInfo_Page/input_NoticeInvoiceNumber'

2023-09-09 20:45:23 - [TEST_STEP][PASSED] - setText(findTestObject(orPath_TaxInfo + "/input_reTypeNoticeInvoiceNumber"), notInvNumber): Text '123456789' is set on object 'Object Repository/RAD_Pages/TaxInfo_Page/input_reTypeNoticeInvoiceNumber'

2023-09-09 20:45:24 - [MESSAGE][PASSED] - Text '123456789' is set on object 'Object Repository/RAD_Pages/TaxInfo_Page/input_reTypeNoticeInvoiceNumber'

2023-09-09 20:45:24 - [TEST_STEP][PASSED] - println(notInvNumber): null

2023-09-09 20:45:24 - [TEST_STEP][PASSED] - if (verifyTextPresent(errorMsg, true)): null

2023-09-09 20:45:25 - [MESSAGE][PASSED] - Text 'Notice number length has to be 13 numeric characters' is present on page  using regular expression

2023-09-09 20:45:25 - [TEST_STEP][PASSED] - println("Error Message is present on the page"): null

2023-09-09 20:45:25 - [TEST_STEP][PASSED] - out.println("Pass Record Number: " + row): null

2023-09-09 20:45:25 - [TEST_STEP][PASSED] - resText = "Pass": null

2023-09-09 20:45:25 - [TEST_STEP][PASSED] - pages.WriteExcel.demoKey(resText, datText, resColumn, datCloumn, fileLoc, nameSheet, row): pages.WriteExcel.demoKey is PASSED

2023-09-09 20:45:25 - [MESSAGE][PASSED] - pages.WriteExcel.demoKey is PASSED

2023-09-09 20:45:25 - [TEST_STEP][PASSED] - ExecuteTC = findTestData(dataFile).getValue("Execute", row): null

2023-09-09 20:45:25 - [TEST_STEP][PASSED] - Taxtype = findTestData(dataFile).getValue("TaxType", row): null

2023-09-09 20:45:25 - [TEST_STEP][PASSED] - TaxTypeEL = findTestData(dataFile).getValue("TaxTypeEL", row): null

2023-09-09 20:45:25 - [TEST_STEP][PASSED] - notInvNumber = findTestData(dataFile).getValue("NotiInvoNumber", row): null

2023-09-09 20:45:25 - [TEST_STEP][PASSED] - errorMsg = findTestData(dataFile).getValue("ErrorMessage", row): null

2023-09-09 20:45:25 - [TEST_STEP][PASSED] - out.println("Value of Execute is : " + ExecuteTC): null

2023-09-09 20:45:25 - [TEST_STEP][PASSED] - if (ExecuteTC.equalsIgnoreCase("Y")): null

2023-09-09 20:45:25 - [TEST_STEP][PASSED] - out.println("Begin Record Number: " + row): null

2023-09-09 20:45:25 - [TEST_STEP][PASSED] - today = new java.util.Date(): null

2023-09-09 20:45:25 - [TEST_STEP][PASSED] - println(today): null

2023-09-09 20:45:25 - [TEST_STEP][PASSED] - datText = today: null

2023-09-09 20:45:25 - [TEST_STEP][PASSED] - Taxtype = findTestData(dataFile).getValue("TaxType", row): null

2023-09-09 20:45:25 - [TEST_STEP][PASSED] - out.println("Taxtype value is : " + Taxtype): null

2023-09-09 20:45:25 - [TEST_STEP][PASSED] - openBrowser(""): Browser is opened with url: ''

2023-09-09 20:45:25 - [MESSAGE][WARNING] - A browser is already opened. Closing browser and opening a new one

2023-09-09 20:45:28 - [MESSAGE][INFO] - Starting 'Chrome' driver

2023-09-09 20:45:28 - [MESSAGE][INFO] - User set preference: ['acceptInsecureCerts', 'true']

2023-09-09 20:45:28 - [MESSAGE][INFO] - Action delay is set to 0 milliseconds

2023-09-09 20:45:29 - [MESSAGE][PASSED] - Browser is opened with url: ''

2023-09-09 20:45:29 - [TEST_STEP][PASSED] - maximizeWindow(): Current window maximized

2023-09-09 20:45:29 - [MESSAGE][PASSED] - Current window maximized

2023-09-09 20:45:29 - [TEST_STEP][PASSED] - navigateToUrl(RADurl): Navigate to 'https://qa2.velocitypayment.com/client/rad/index.html' successfully

2023-09-09 20:45:31 - [MESSAGE][PASSED] - Navigate to 'https://qa2.velocitypayment.com/client/rad/index.html' successfully

2023-09-09 20:45:31 - [TEST_STEP][PASSED] - orPath_Landing = "Object Repository/RAD_Pages/Landing_Page": null

2023-09-09 20:45:31 - [TEST_STEP][PASSED] - orPath_TaxTypeFilingYear = "Object Repository/RAD_Pages/TaxTypeFilingYear_Page": null

2023-09-09 20:45:31 - [TEST_STEP][PASSED] - orPath_TaxPayer = "Object Repository/RAD_Pages/Taxpayer_Page": null

2023-09-09 20:45:31 - [TEST_STEP][PASSED] - orPath_AddressContact = "Object Repository/RAD_Pages/AddressAndContactInfo_Page": null

2023-09-09 20:45:31 - [TEST_STEP][PASSED] - orPath_FilingStatus = "Object Repository/RAD_Pages/FilingStatus_Page": null

2023-09-09 20:45:31 - [TEST_STEP][PASSED] - orPath_Amount = "Object Repository/RAD_Pages/PaymentAmount_Page": null

2023-09-09 20:45:31 - [TEST_STEP][PASSED] - orPath_TaxInfo = "Object Repository/RAD_Pages/TaxInfo_Page": null

2023-09-09 20:45:31 - [TEST_STEP][PASSED] - orPath_Withholding = "Object Repository/RAD_Pages/Withholding_Page": null

2023-09-09 20:45:31 - [TEST_STEP][PASSED] - orPath_Summary = "Object Repository/RAD_Pages/Summary_Page": null

2023-09-09 20:45:31 - [TEST_STEP][PASSED] - orPath_PaymentReady = "Object Repository/RAD_Pages/PaymentReady_Page": null

2023-09-09 20:45:31 - [TEST_STEP][PASSED] - orPath_PaymentEntry = "Object Repository/RAD_Pages/PaymentEntry_Page": null

2023-09-09 20:45:31 - [TEST_STEP][PASSED] - orPath_PaymentConfirmation = "Object Repository/RAD_Pages/PaymentConfirmation_Page": null

2023-09-09 20:45:31 - [TEST_STEP][PASSED] - orPath_ServiceFeesAccept = "Object Repository/RAD_Pages/ServiceFeeAccept_Page": null

2023-09-09 20:45:31 - [TEST_STEP][PASSED] - selectOptionByLabel(findTestObject(orPath_Landing + "/dd_TaxType"), Taxtype, false): All options with label 'Existing Liability w/Notice Number' are selected in object 'Object Repository/RAD_Pages/Landing_Page/dd_TaxType' 

2023-09-09 20:45:32 - [MESSAGE][PASSED] - All options with label 'Existing Liability w/Notice Number' are selected in object 'Object Repository/RAD_Pages/Landing_Page/dd_TaxType' 

2023-09-09 20:45:32 - [TEST_STEP][PASSED] - delay(1): Delayed 1 second(s)

2023-09-09 20:45:33 - [MESSAGE][PASSED] - Delayed 1 second(s)

2023-09-09 20:45:33 - [TEST_STEP][PASSED] - selectOptionByLabel(findTestObject(orPath_TaxTypeFilingYear + "/select_TaxType_ExistingLiability"), TaxTypeEL, false): All options with label 'Tire Recycling Fee' are selected in object 'Object Repository/RAD_Pages/TaxTypeFilingYear_Page/select_TaxType_ExistingLiability' 

2023-09-09 20:45:33 - [MESSAGE][PASSED] - All options with label 'Tire Recycling Fee' are selected in object 'Object Repository/RAD_Pages/TaxTypeFilingYear_Page/select_TaxType_ExistingLiability' 

2023-09-09 20:45:33 - [TEST_STEP][PASSED] - setText(findTestObject(orPath_TaxInfo + "/input_NoticeInvoiceNumber"), notInvNumber): Text '123456789' is set on object 'Object Repository/RAD_Pages/TaxInfo_Page/input_NoticeInvoiceNumber'

2023-09-09 20:45:34 - [MESSAGE][PASSED] - Text '123456789' is set on object 'Object Repository/RAD_Pages/TaxInfo_Page/input_NoticeInvoiceNumber'

2023-09-09 20:45:34 - [TEST_STEP][PASSED] - setText(findTestObject(orPath_TaxInfo + "/input_reTypeNoticeInvoiceNumber"), notInvNumber): Text '123456789' is set on object 'Object Repository/RAD_Pages/TaxInfo_Page/input_reTypeNoticeInvoiceNumber'

2023-09-09 20:45:36 - [MESSAGE][PASSED] - Text '123456789' is set on object 'Object Repository/RAD_Pages/TaxInfo_Page/input_reTypeNoticeInvoiceNumber'

2023-09-09 20:45:36 - [TEST_STEP][PASSED] - println(notInvNumber): null

2023-09-09 20:45:36 - [TEST_STEP][PASSED] - if (verifyTextPresent(errorMsg, true)): null

2023-09-09 20:45:37 - [MESSAGE][PASSED] - Text 'Notice number length has to be 13 numeric characters' is present on page  using regular expression

2023-09-09 20:45:37 - [TEST_STEP][PASSED] - println("Error Message is present on the page"): null

2023-09-09 20:45:37 - [TEST_STEP][PASSED] - out.println("Pass Record Number: " + row): null

2023-09-09 20:45:37 - [TEST_STEP][PASSED] - resText = "Pass": null

2023-09-09 20:45:37 - [TEST_STEP][PASSED] - pages.WriteExcel.demoKey(resText, datText, resColumn, datCloumn, fileLoc, nameSheet, row): pages.WriteExcel.demoKey is PASSED

2023-09-09 20:45:37 - [MESSAGE][PASSED] - pages.WriteExcel.demoKey is PASSED

2023-09-09 20:45:37 - [TEST_STEP][PASSED] - ExecuteTC = findTestData(dataFile).getValue("Execute", row): null

2023-09-09 20:45:37 - [TEST_STEP][PASSED] - Taxtype = findTestData(dataFile).getValue("TaxType", row): null

2023-09-09 20:45:37 - [TEST_STEP][PASSED] - TaxTypeEL = findTestData(dataFile).getValue("TaxTypeEL", row): null

2023-09-09 20:45:37 - [TEST_STEP][PASSED] - notInvNumber = findTestData(dataFile).getValue("NotiInvoNumber", row): null

2023-09-09 20:45:37 - [TEST_STEP][PASSED] - errorMsg = findTestData(dataFile).getValue("ErrorMessage", row): null

2023-09-09 20:45:37 - [TEST_STEP][PASSED] - out.println("Value of Execute is : " + ExecuteTC): null

2023-09-09 20:45:37 - [TEST_STEP][PASSED] - if (ExecuteTC.equalsIgnoreCase("Y")): null

2023-09-09 20:45:37 - [TEST_STEP][PASSED] - out.println("Begin Record Number: " + row): null

2023-09-09 20:45:37 - [TEST_STEP][PASSED] - today = new java.util.Date(): null

2023-09-09 20:45:37 - [TEST_STEP][PASSED] - println(today): null

2023-09-09 20:45:37 - [TEST_STEP][PASSED] - datText = today: null

2023-09-09 20:45:37 - [TEST_STEP][PASSED] - Taxtype = findTestData(dataFile).getValue("TaxType", row): null

2023-09-09 20:45:37 - [TEST_STEP][PASSED] - out.println("Taxtype value is : " + Taxtype): null

2023-09-09 20:45:37 - [TEST_STEP][PASSED] - openBrowser(""): Browser is opened with url: ''

2023-09-09 20:45:37 - [MESSAGE][WARNING] - A browser is already opened. Closing browser and opening a new one

2023-09-09 20:45:38 - [MESSAGE][INFO] - Starting 'Chrome' driver

2023-09-09 20:45:38 - [MESSAGE][INFO] - User set preference: ['acceptInsecureCerts', 'true']

2023-09-09 20:45:38 - [MESSAGE][INFO] - Action delay is set to 0 milliseconds

2023-09-09 20:45:39 - [MESSAGE][PASSED] - Browser is opened with url: ''

2023-09-09 20:45:39 - [TEST_STEP][PASSED] - maximizeWindow(): Current window maximized

2023-09-09 20:45:40 - [MESSAGE][PASSED] - Current window maximized

2023-09-09 20:45:40 - [TEST_STEP][PASSED] - navigateToUrl(RADurl): Navigate to 'https://qa2.velocitypayment.com/client/rad/index.html' successfully

2023-09-09 20:45:41 - [MESSAGE][PASSED] - Navigate to 'https://qa2.velocitypayment.com/client/rad/index.html' successfully

2023-09-09 20:45:41 - [TEST_STEP][PASSED] - orPath_Landing = "Object Repository/RAD_Pages/Landing_Page": null

2023-09-09 20:45:41 - [TEST_STEP][PASSED] - orPath_TaxTypeFilingYear = "Object Repository/RAD_Pages/TaxTypeFilingYear_Page": null

2023-09-09 20:45:41 - [TEST_STEP][PASSED] - orPath_TaxPayer = "Object Repository/RAD_Pages/Taxpayer_Page": null

2023-09-09 20:45:41 - [TEST_STEP][PASSED] - orPath_AddressContact = "Object Repository/RAD_Pages/AddressAndContactInfo_Page": null

2023-09-09 20:45:41 - [TEST_STEP][PASSED] - orPath_FilingStatus = "Object Repository/RAD_Pages/FilingStatus_Page": null

2023-09-09 20:45:41 - [TEST_STEP][PASSED] - orPath_Amount = "Object Repository/RAD_Pages/PaymentAmount_Page": null

2023-09-09 20:45:41 - [TEST_STEP][PASSED] - orPath_TaxInfo = "Object Repository/RAD_Pages/TaxInfo_Page": null

2023-09-09 20:45:41 - [TEST_STEP][PASSED] - orPath_Withholding = "Object Repository/RAD_Pages/Withholding_Page": null

2023-09-09 20:45:41 - [TEST_STEP][PASSED] - orPath_Summary = "Object Repository/RAD_Pages/Summary_Page": null

2023-09-09 20:45:41 - [TEST_STEP][PASSED] - orPath_PaymentReady = "Object Repository/RAD_Pages/PaymentReady_Page": null

2023-09-09 20:45:41 - [TEST_STEP][PASSED] - orPath_PaymentEntry = "Object Repository/RAD_Pages/PaymentEntry_Page": null

2023-09-09 20:45:41 - [TEST_STEP][PASSED] - orPath_PaymentConfirmation = "Object Repository/RAD_Pages/PaymentConfirmation_Page": null

2023-09-09 20:45:41 - [TEST_STEP][PASSED] - orPath_ServiceFeesAccept = "Object Repository/RAD_Pages/ServiceFeeAccept_Page": null

2023-09-09 20:45:41 - [TEST_STEP][PASSED] - selectOptionByLabel(findTestObject(orPath_Landing + "/dd_TaxType"), Taxtype, false): All options with label 'Existing Liability w/Notice Number' are selected in object 'Object Repository/RAD_Pages/Landing_Page/dd_TaxType' 

2023-09-09 20:45:42 - [MESSAGE][PASSED] - All options with label 'Existing Liability w/Notice Number' are selected in object 'Object Repository/RAD_Pages/Landing_Page/dd_TaxType' 

2023-09-09 20:45:42 - [TEST_STEP][PASSED] - delay(1): Delayed 1 second(s)

2023-09-09 20:45:43 - [MESSAGE][PASSED] - Delayed 1 second(s)

2023-09-09 20:45:43 - [TEST_STEP][PASSED] - selectOptionByLabel(findTestObject(orPath_TaxTypeFilingYear + "/select_TaxType_ExistingLiability"), TaxTypeEL, false): All options with label 'Withholding Tax' are selected in object 'Object Repository/RAD_Pages/TaxTypeFilingYear_Page/select_TaxType_ExistingLiability' 

2023-09-09 20:45:43 - [MESSAGE][PASSED] - All options with label 'Withholding Tax' are selected in object 'Object Repository/RAD_Pages/TaxTypeFilingYear_Page/select_TaxType_ExistingLiability' 

2023-09-09 20:45:43 - [TEST_STEP][PASSED] - setText(findTestObject(orPath_TaxInfo + "/input_NoticeInvoiceNumber"), notInvNumber): Text '123456789' is set on object 'Object Repository/RAD_Pages/TaxInfo_Page/input_NoticeInvoiceNumber'

2023-09-09 20:45:44 - [MESSAGE][PASSED] - Text '123456789' is set on object 'Object Repository/RAD_Pages/TaxInfo_Page/input_NoticeInvoiceNumber'

2023-09-09 20:45:44 - [TEST_STEP][PASSED] - setText(findTestObject(orPath_TaxInfo + "/input_reTypeNoticeInvoiceNumber"), notInvNumber): Text '123456789' is set on object 'Object Repository/RAD_Pages/TaxInfo_Page/input_reTypeNoticeInvoiceNumber'

2023-09-09 20:45:46 - [MESSAGE][PASSED] - Text '123456789' is set on object 'Object Repository/RAD_Pages/TaxInfo_Page/input_reTypeNoticeInvoiceNumber'

2023-09-09 20:45:46 - [TEST_STEP][PASSED] - println(notInvNumber): null

2023-09-09 20:45:46 - [TEST_STEP][PASSED] - if (verifyTextPresent(errorMsg, true)): null

2023-09-09 20:45:47 - [MESSAGE][PASSED] - Text 'Notice number length has to be 13 numeric characters' is present on page  using regular expression

2023-09-09 20:45:47 - [TEST_STEP][PASSED] - println("Error Message is present on the page"): null

2023-09-09 20:45:47 - [TEST_STEP][PASSED] - out.println("Pass Record Number: " + row): null

2023-09-09 20:45:47 - [TEST_STEP][PASSED] - resText = "Pass": null

2023-09-09 20:45:47 - [TEST_STEP][PASSED] - pages.WriteExcel.demoKey(resText, datText, resColumn, datCloumn, fileLoc, nameSheet, row): pages.WriteExcel.demoKey is PASSED

2023-09-09 20:45:47 - [MESSAGE][PASSED] - pages.WriteExcel.demoKey is PASSED

2023-09-09 20:45:47 - [TEST_STEP][PASSED] - ExecuteTC = findTestData(dataFile).getValue("Execute", row): null

2023-09-09 20:45:47 - [TEST_STEP][PASSED] - Taxtype = findTestData(dataFile).getValue("TaxType", row): null

2023-09-09 20:45:47 - [TEST_STEP][PASSED] - TaxTypeEL = findTestData(dataFile).getValue("TaxTypeEL", row): null

2023-09-09 20:45:47 - [TEST_STEP][PASSED] - notInvNumber = findTestData(dataFile).getValue("NotiInvoNumber", row): null

2023-09-09 20:45:47 - [TEST_STEP][PASSED] - errorMsg = findTestData(dataFile).getValue("ErrorMessage", row): null

2023-09-09 20:45:47 - [TEST_STEP][PASSED] - out.println("Value of Execute is : " + ExecuteTC): null

2023-09-09 20:45:47 - [TEST_STEP][PASSED] - if (ExecuteTC.equalsIgnoreCase("Y")): null

2023-09-09 20:45:47 - [TEST_STEP][PASSED] - out.println("Begin Record Number: " + row): null

2023-09-09 20:45:47 - [TEST_STEP][PASSED] - today = new java.util.Date(): null

2023-09-09 20:45:47 - [TEST_STEP][PASSED] - println(today): null

2023-09-09 20:45:47 - [TEST_STEP][PASSED] - datText = today: null

2023-09-09 20:45:47 - [TEST_STEP][PASSED] - Taxtype = findTestData(dataFile).getValue("TaxType", row): null

2023-09-09 20:45:47 - [TEST_STEP][PASSED] - out.println("Taxtype value is : " + Taxtype): null

2023-09-09 20:45:47 - [TEST_STEP][PASSED] - openBrowser(""): Browser is opened with url: ''

2023-09-09 20:45:47 - [MESSAGE][WARNING] - A browser is already opened. Closing browser and opening a new one

2023-09-09 20:45:48 - [MESSAGE][INFO] - Starting 'Chrome' driver

2023-09-09 20:45:48 - [MESSAGE][INFO] - User set preference: ['acceptInsecureCerts', 'true']

2023-09-09 20:45:48 - [MESSAGE][INFO] - Action delay is set to 0 milliseconds

2023-09-09 20:45:49 - [MESSAGE][PASSED] - Browser is opened with url: ''

2023-09-09 20:45:49 - [TEST_STEP][PASSED] - maximizeWindow(): Current window maximized

2023-09-09 20:45:49 - [MESSAGE][PASSED] - Current window maximized

2023-09-09 20:45:49 - [TEST_STEP][PASSED] - navigateToUrl(RADurl): Navigate to 'https://qa2.velocitypayment.com/client/rad/index.html' successfully

2023-09-09 20:45:51 - [MESSAGE][PASSED] - Navigate to 'https://qa2.velocitypayment.com/client/rad/index.html' successfully

2023-09-09 20:45:51 - [TEST_STEP][PASSED] - orPath_Landing = "Object Repository/RAD_Pages/Landing_Page": null

2023-09-09 20:45:51 - [TEST_STEP][PASSED] - orPath_TaxTypeFilingYear = "Object Repository/RAD_Pages/TaxTypeFilingYear_Page": null

2023-09-09 20:45:51 - [TEST_STEP][PASSED] - orPath_TaxPayer = "Object Repository/RAD_Pages/Taxpayer_Page": null

2023-09-09 20:45:51 - [TEST_STEP][PASSED] - orPath_AddressContact = "Object Repository/RAD_Pages/AddressAndContactInfo_Page": null

2023-09-09 20:45:51 - [TEST_STEP][PASSED] - orPath_FilingStatus = "Object Repository/RAD_Pages/FilingStatus_Page": null

2023-09-09 20:45:51 - [TEST_STEP][PASSED] - orPath_Amount = "Object Repository/RAD_Pages/PaymentAmount_Page": null

2023-09-09 20:45:51 - [TEST_STEP][PASSED] - orPath_TaxInfo = "Object Repository/RAD_Pages/TaxInfo_Page": null

2023-09-09 20:45:51 - [TEST_STEP][PASSED] - orPath_Withholding = "Object Repository/RAD_Pages/Withholding_Page": null

2023-09-09 20:45:51 - [TEST_STEP][PASSED] - orPath_Summary = "Object Repository/RAD_Pages/Summary_Page": null

2023-09-09 20:45:51 - [TEST_STEP][PASSED] - orPath_PaymentReady = "Object Repository/RAD_Pages/PaymentReady_Page": null

2023-09-09 20:45:51 - [TEST_STEP][PASSED] - orPath_PaymentEntry = "Object Repository/RAD_Pages/PaymentEntry_Page": null

2023-09-09 20:45:51 - [TEST_STEP][PASSED] - orPath_PaymentConfirmation = "Object Repository/RAD_Pages/PaymentConfirmation_Page": null

2023-09-09 20:45:51 - [TEST_STEP][PASSED] - orPath_ServiceFeesAccept = "Object Repository/RAD_Pages/ServiceFeeAccept_Page": null

2023-09-09 20:45:51 - [TEST_STEP][PASSED] - selectOptionByLabel(findTestObject(orPath_Landing + "/dd_TaxType"), Taxtype, false): All options with label 'Existing Liability w/Notice Number' are selected in object 'Object Repository/RAD_Pages/Landing_Page/dd_TaxType' 

2023-09-09 20:45:52 - [MESSAGE][PASSED] - All options with label 'Existing Liability w/Notice Number' are selected in object 'Object Repository/RAD_Pages/Landing_Page/dd_TaxType' 

2023-09-09 20:45:52 - [TEST_STEP][PASSED] - delay(1): Delayed 1 second(s)

2023-09-09 20:45:53 - [MESSAGE][PASSED] - Delayed 1 second(s)

2023-09-09 20:45:53 - [TEST_STEP][PASSED] - selectOptionByLabel(findTestObject(orPath_TaxTypeFilingYear + "/select_TaxType_ExistingLiability"), TaxTypeEL, false): All options with label 'Alcohol Tax' are selected in object 'Object Repository/RAD_Pages/TaxTypeFilingYear_Page/select_TaxType_ExistingLiability' 

2023-09-09 20:45:53 - [MESSAGE][PASSED] - All options with label 'Alcohol Tax' are selected in object 'Object Repository/RAD_Pages/TaxTypeFilingYear_Page/select_TaxType_ExistingLiability' 

2023-09-09 20:45:53 - [TEST_STEP][PASSED] - setText(findTestObject(orPath_TaxInfo + "/input_NoticeInvoiceNumber"), notInvNumber): Text '123456789' is set on object 'Object Repository/RAD_Pages/TaxInfo_Page/input_NoticeInvoiceNumber'

2023-09-09 20:45:54 - [MESSAGE][PASSED] - Text '123456789' is set on object 'Object Repository/RAD_Pages/TaxInfo_Page/input_NoticeInvoiceNumber'

2023-09-09 20:45:54 - [TEST_STEP][PASSED] - setText(findTestObject(orPath_TaxInfo + "/input_reTypeNoticeInvoiceNumber"), notInvNumber): Text '123456789' is set on object 'Object Repository/RAD_Pages/TaxInfo_Page/input_reTypeNoticeInvoiceNumber'

2023-09-09 20:45:56 - [MESSAGE][PASSED] - Text '123456789' is set on object 'Object Repository/RAD_Pages/TaxInfo_Page/input_reTypeNoticeInvoiceNumber'

2023-09-09 20:45:56 - [TEST_STEP][PASSED] - println(notInvNumber): null

2023-09-09 20:45:56 - [TEST_STEP][PASSED] - if (verifyTextPresent(errorMsg, true)): null

2023-09-09 20:45:56 - [MESSAGE][PASSED] - Text 'Invoice number length has to be 10 or 13 numeric characters' is present on page  using regular expression

2023-09-09 20:45:56 - [TEST_STEP][PASSED] - println("Error Message is present on the page"): null

2023-09-09 20:45:56 - [TEST_STEP][PASSED] - out.println("Pass Record Number: " + row): null

2023-09-09 20:45:56 - [TEST_STEP][PASSED] - resText = "Pass": null

2023-09-09 20:45:56 - [TEST_STEP][PASSED] - pages.WriteExcel.demoKey(resText, datText, resColumn, datCloumn, fileLoc, nameSheet, row): pages.WriteExcel.demoKey is PASSED

2023-09-09 20:45:57 - [MESSAGE][PASSED] - pages.WriteExcel.demoKey is PASSED

2023-09-09 20:45:57 - [TEST_STEP][PASSED] - ExecuteTC = findTestData(dataFile).getValue("Execute", row): null

2023-09-09 20:45:57 - [TEST_STEP][PASSED] - Taxtype = findTestData(dataFile).getValue("TaxType", row): null

2023-09-09 20:45:57 - [TEST_STEP][PASSED] - TaxTypeEL = findTestData(dataFile).getValue("TaxTypeEL", row): null

2023-09-09 20:45:57 - [TEST_STEP][PASSED] - notInvNumber = findTestData(dataFile).getValue("NotiInvoNumber", row): null

2023-09-09 20:45:57 - [TEST_STEP][PASSED] - errorMsg = findTestData(dataFile).getValue("ErrorMessage", row): null

2023-09-09 20:45:57 - [TEST_STEP][PASSED] - out.println("Value of Execute is : " + ExecuteTC): null

2023-09-09 20:45:57 - [TEST_STEP][PASSED] - if (ExecuteTC.equalsIgnoreCase("Y")): null

2023-09-09 20:45:57 - [TEST_STEP][PASSED] - out.println("Begin Record Number: " + row): null

2023-09-09 20:45:57 - [TEST_STEP][PASSED] - today = new java.util.Date(): null

2023-09-09 20:45:57 - [TEST_STEP][PASSED] - println(today): null

2023-09-09 20:45:57 - [TEST_STEP][PASSED] - datText = today: null

2023-09-09 20:45:57 - [TEST_STEP][PASSED] - Taxtype = findTestData(dataFile).getValue("TaxType", row): null

2023-09-09 20:45:57 - [TEST_STEP][PASSED] - out.println("Taxtype value is : " + Taxtype): null

2023-09-09 20:45:57 - [TEST_STEP][PASSED] - openBrowser(""): Browser is opened with url: ''

2023-09-09 20:45:57 - [MESSAGE][WARNING] - A browser is already opened. Closing browser and opening a new one

2023-09-09 20:45:58 - [MESSAGE][INFO] - Starting 'Chrome' driver

2023-09-09 20:45:58 - [MESSAGE][INFO] - User set preference: ['acceptInsecureCerts', 'true']

2023-09-09 20:45:58 - [MESSAGE][INFO] - Action delay is set to 0 milliseconds

2023-09-09 20:45:59 - [MESSAGE][PASSED] - Browser is opened with url: ''

2023-09-09 20:45:59 - [TEST_STEP][PASSED] - maximizeWindow(): Current window maximized

2023-09-09 20:45:59 - [MESSAGE][PASSED] - Current window maximized

2023-09-09 20:45:59 - [TEST_STEP][PASSED] - navigateToUrl(RADurl): Navigate to 'https://qa2.velocitypayment.com/client/rad/index.html' successfully

2023-09-09 20:46:01 - [MESSAGE][PASSED] - Navigate to 'https://qa2.velocitypayment.com/client/rad/index.html' successfully

2023-09-09 20:46:01 - [TEST_STEP][PASSED] - orPath_Landing = "Object Repository/RAD_Pages/Landing_Page": null

2023-09-09 20:46:01 - [TEST_STEP][PASSED] - orPath_TaxTypeFilingYear = "Object Repository/RAD_Pages/TaxTypeFilingYear_Page": null

2023-09-09 20:46:01 - [TEST_STEP][PASSED] - orPath_TaxPayer = "Object Repository/RAD_Pages/Taxpayer_Page": null

2023-09-09 20:46:01 - [TEST_STEP][PASSED] - orPath_AddressContact = "Object Repository/RAD_Pages/AddressAndContactInfo_Page": null

2023-09-09 20:46:01 - [TEST_STEP][PASSED] - orPath_FilingStatus = "Object Repository/RAD_Pages/FilingStatus_Page": null

2023-09-09 20:46:01 - [TEST_STEP][PASSED] - orPath_Amount = "Object Repository/RAD_Pages/PaymentAmount_Page": null

2023-09-09 20:46:01 - [TEST_STEP][PASSED] - orPath_TaxInfo = "Object Repository/RAD_Pages/TaxInfo_Page": null

2023-09-09 20:46:01 - [TEST_STEP][PASSED] - orPath_Withholding = "Object Repository/RAD_Pages/Withholding_Page": null

2023-09-09 20:46:01 - [TEST_STEP][PASSED] - orPath_Summary = "Object Repository/RAD_Pages/Summary_Page": null

2023-09-09 20:46:01 - [TEST_STEP][PASSED] - orPath_PaymentReady = "Object Repository/RAD_Pages/PaymentReady_Page": null

2023-09-09 20:46:01 - [TEST_STEP][PASSED] - orPath_PaymentEntry = "Object Repository/RAD_Pages/PaymentEntry_Page": null

2023-09-09 20:46:01 - [TEST_STEP][PASSED] - orPath_PaymentConfirmation = "Object Repository/RAD_Pages/PaymentConfirmation_Page": null

2023-09-09 20:46:01 - [TEST_STEP][PASSED] - orPath_ServiceFeesAccept = "Object Repository/RAD_Pages/ServiceFeeAccept_Page": null

2023-09-09 20:46:01 - [TEST_STEP][PASSED] - selectOptionByLabel(findTestObject(orPath_Landing + "/dd_TaxType"), Taxtype, false): All options with label 'Existing Liability w/Notice Number' are selected in object 'Object Repository/RAD_Pages/Landing_Page/dd_TaxType' 

2023-09-09 20:46:02 - [MESSAGE][PASSED] - All options with label 'Existing Liability w/Notice Number' are selected in object 'Object Repository/RAD_Pages/Landing_Page/dd_TaxType' 

2023-09-09 20:46:02 - [TEST_STEP][PASSED] - delay(1): Delayed 1 second(s)

2023-09-09 20:46:03 - [MESSAGE][PASSED] - Delayed 1 second(s)

2023-09-09 20:46:03 - [TEST_STEP][PASSED] - selectOptionByLabel(findTestObject(orPath_TaxTypeFilingYear + "/select_TaxType_ExistingLiability"), TaxTypeEL, false): All options with label 'Alcohol Tax' are selected in object 'Object Repository/RAD_Pages/TaxTypeFilingYear_Page/select_TaxType_ExistingLiability' 

2023-09-09 20:46:04 - [MESSAGE][PASSED] - All options with label 'Alcohol Tax' are selected in object 'Object Repository/RAD_Pages/TaxTypeFilingYear_Page/select_TaxType_ExistingLiability' 

2023-09-09 20:46:04 - [TEST_STEP][PASSED] - setText(findTestObject(orPath_TaxInfo + "/input_NoticeInvoiceNumber"), notInvNumber): Text '12345678901' is set on object 'Object Repository/RAD_Pages/TaxInfo_Page/input_NoticeInvoiceNumber'

2023-09-09 20:46:06 - [MESSAGE][PASSED] - Text '12345678901' is set on object 'Object Repository/RAD_Pages/TaxInfo_Page/input_NoticeInvoiceNumber'

2023-09-09 20:46:06 - [TEST_STEP][PASSED] - setText(findTestObject(orPath_TaxInfo + "/input_reTypeNoticeInvoiceNumber"), notInvNumber): Text '12345678901' is set on object 'Object Repository/RAD_Pages/TaxInfo_Page/input_reTypeNoticeInvoiceNumber'

2023-09-09 20:46:06 - [MESSAGE][PASSED] - Text '12345678901' is set on object 'Object Repository/RAD_Pages/TaxInfo_Page/input_reTypeNoticeInvoiceNumber'

2023-09-09 20:46:06 - [TEST_STEP][PASSED] - println(notInvNumber): null

2023-09-09 20:46:06 - [TEST_STEP][PASSED] - if (verifyTextPresent(errorMsg, true)): null

2023-09-09 20:46:07 - [MESSAGE][PASSED] - Text 'Invoice number length has to be 10 or 13 numeric characters' is present on page  using regular expression

2023-09-09 20:46:07 - [TEST_STEP][PASSED] - println("Error Message is present on the page"): null

2023-09-09 20:46:07 - [TEST_STEP][PASSED] - out.println("Pass Record Number: " + row): null

2023-09-09 20:46:07 - [TEST_STEP][PASSED] - resText = "Pass": null

2023-09-09 20:46:07 - [TEST_STEP][PASSED] - pages.WriteExcel.demoKey(resText, datText, resColumn, datCloumn, fileLoc, nameSheet, row): pages.WriteExcel.demoKey is PASSED

2023-09-09 20:46:07 - [MESSAGE][PASSED] - pages.WriteExcel.demoKey is PASSED

2023-09-09 20:46:07 - [TEST_STEP][PASSED] - ExecuteTC = findTestData(dataFile).getValue("Execute", row): null

2023-09-09 20:46:07 - [TEST_STEP][PASSED] - Taxtype = findTestData(dataFile).getValue("TaxType", row): null

2023-09-09 20:46:07 - [TEST_STEP][PASSED] - TaxTypeEL = findTestData(dataFile).getValue("TaxTypeEL", row): null

2023-09-09 20:46:07 - [TEST_STEP][PASSED] - notInvNumber = findTestData(dataFile).getValue("NotiInvoNumber", row): null

2023-09-09 20:46:07 - [TEST_STEP][PASSED] - errorMsg = findTestData(dataFile).getValue("ErrorMessage", row): null

2023-09-09 20:46:07 - [TEST_STEP][PASSED] - out.println("Value of Execute is : " + ExecuteTC): null

2023-09-09 20:46:07 - [TEST_STEP][PASSED] - if (ExecuteTC.equalsIgnoreCase("Y")): null

2023-09-09 20:46:07 - [TEST_STEP][PASSED] - out.println("Begin Record Number: " + row): null

2023-09-09 20:46:07 - [TEST_STEP][PASSED] - today = new java.util.Date(): null

2023-09-09 20:46:07 - [TEST_STEP][PASSED] - println(today): null

2023-09-09 20:46:07 - [TEST_STEP][PASSED] - datText = today: null

2023-09-09 20:46:07 - [TEST_STEP][PASSED] - Taxtype = findTestData(dataFile).getValue("TaxType", row): null

2023-09-09 20:46:07 - [TEST_STEP][PASSED] - out.println("Taxtype value is : " + Taxtype): null

2023-09-09 20:46:07 - [TEST_STEP][PASSED] - openBrowser(""): Browser is opened with url: ''

2023-09-09 20:46:07 - [MESSAGE][WARNING] - A browser is already opened. Closing browser and opening a new one

2023-09-09 20:46:08 - [MESSAGE][INFO] - Starting 'Chrome' driver

2023-09-09 20:46:08 - [MESSAGE][INFO] - User set preference: ['acceptInsecureCerts', 'true']

2023-09-09 20:46:08 - [MESSAGE][INFO] - Action delay is set to 0 milliseconds

2023-09-09 20:46:10 - [MESSAGE][PASSED] - Browser is opened with url: ''

2023-09-09 20:46:10 - [TEST_STEP][PASSED] - maximizeWindow(): Current window maximized

2023-09-09 20:46:10 - [MESSAGE][PASSED] - Current window maximized

2023-09-09 20:46:10 - [TEST_STEP][PASSED] - navigateToUrl(RADurl): Navigate to 'https://qa2.velocitypayment.com/client/rad/index.html' successfully

2023-09-09 20:46:11 - [MESSAGE][PASSED] - Navigate to 'https://qa2.velocitypayment.com/client/rad/index.html' successfully

2023-09-09 20:46:11 - [TEST_STEP][PASSED] - orPath_Landing = "Object Repository/RAD_Pages/Landing_Page": null

2023-09-09 20:46:11 - [TEST_STEP][PASSED] - orPath_TaxTypeFilingYear = "Object Repository/RAD_Pages/TaxTypeFilingYear_Page": null

2023-09-09 20:46:11 - [TEST_STEP][PASSED] - orPath_TaxPayer = "Object Repository/RAD_Pages/Taxpayer_Page": null

2023-09-09 20:46:11 - [TEST_STEP][PASSED] - orPath_AddressContact = "Object Repository/RAD_Pages/AddressAndContactInfo_Page": null

2023-09-09 20:46:11 - [TEST_STEP][PASSED] - orPath_FilingStatus = "Object Repository/RAD_Pages/FilingStatus_Page": null

2023-09-09 20:46:11 - [TEST_STEP][PASSED] - orPath_Amount = "Object Repository/RAD_Pages/PaymentAmount_Page": null

2023-09-09 20:46:11 - [TEST_STEP][PASSED] - orPath_TaxInfo = "Object Repository/RAD_Pages/TaxInfo_Page": null

2023-09-09 20:46:11 - [TEST_STEP][PASSED] - orPath_Withholding = "Object Repository/RAD_Pages/Withholding_Page": null

2023-09-09 20:46:11 - [TEST_STEP][PASSED] - orPath_Summary = "Object Repository/RAD_Pages/Summary_Page": null

2023-09-09 20:46:11 - [TEST_STEP][PASSED] - orPath_PaymentReady = "Object Repository/RAD_Pages/PaymentReady_Page": null

2023-09-09 20:46:11 - [TEST_STEP][PASSED] - orPath_PaymentEntry = "Object Repository/RAD_Pages/PaymentEntry_Page": null

2023-09-09 20:46:11 - [TEST_STEP][PASSED] - orPath_PaymentConfirmation = "Object Repository/RAD_Pages/PaymentConfirmation_Page": null

2023-09-09 20:46:11 - [TEST_STEP][PASSED] - orPath_ServiceFeesAccept = "Object Repository/RAD_Pages/ServiceFeeAccept_Page": null

2023-09-09 20:46:11 - [TEST_STEP][PASSED] - selectOptionByLabel(findTestObject(orPath_Landing + "/dd_TaxType"), Taxtype, false): All options with label 'Existing Liability w/Notice Number' are selected in object 'Object Repository/RAD_Pages/Landing_Page/dd_TaxType' 

2023-09-09 20:46:12 - [MESSAGE][PASSED] - All options with label 'Existing Liability w/Notice Number' are selected in object 'Object Repository/RAD_Pages/Landing_Page/dd_TaxType' 

2023-09-09 20:46:12 - [TEST_STEP][PASSED] - delay(1): Delayed 1 second(s)

2023-09-09 20:46:13 - [MESSAGE][PASSED] - Delayed 1 second(s)

2023-09-09 20:46:13 - [TEST_STEP][PASSED] - selectOptionByLabel(findTestObject(orPath_TaxTypeFilingYear + "/select_TaxType_ExistingLiability"), TaxTypeEL, false): All options with label 'Alcohol Tax' are selected in object 'Object Repository/RAD_Pages/TaxTypeFilingYear_Page/select_TaxType_ExistingLiability' 

2023-09-09 20:46:14 - [MESSAGE][PASSED] - All options with label 'Alcohol Tax' are selected in object 'Object Repository/RAD_Pages/TaxTypeFilingYear_Page/select_TaxType_ExistingLiability' 

2023-09-09 20:46:14 - [TEST_STEP][PASSED] - setText(findTestObject(orPath_TaxInfo + "/input_NoticeInvoiceNumber"), notInvNumber): Text '123456789012' is set on object 'Object Repository/RAD_Pages/TaxInfo_Page/input_NoticeInvoiceNumber'

2023-09-09 20:46:16 - [MESSAGE][PASSED] - Text '123456789012' is set on object 'Object Repository/RAD_Pages/TaxInfo_Page/input_NoticeInvoiceNumber'

2023-09-09 20:46:16 - [TEST_STEP][PASSED] - setText(findTestObject(orPath_TaxInfo + "/input_reTypeNoticeInvoiceNumber"), notInvNumber): Text '123456789012' is set on object 'Object Repository/RAD_Pages/TaxInfo_Page/input_reTypeNoticeInvoiceNumber'

2023-09-09 20:46:16 - [MESSAGE][PASSED] - Text '123456789012' is set on object 'Object Repository/RAD_Pages/TaxInfo_Page/input_reTypeNoticeInvoiceNumber'

2023-09-09 20:46:16 - [TEST_STEP][PASSED] - println(notInvNumber): null

2023-09-09 20:46:16 - [TEST_STEP][PASSED] - if (verifyTextPresent(errorMsg, true)): null

2023-09-09 20:46:17 - [MESSAGE][PASSED] - Text 'Invoice number length has to be 10 or 13 numeric characters' is present on page  using regular expression

2023-09-09 20:46:17 - [TEST_STEP][PASSED] - println("Error Message is present on the page"): null

2023-09-09 20:46:17 - [TEST_STEP][PASSED] - out.println("Pass Record Number: " + row): null

2023-09-09 20:46:17 - [TEST_STEP][PASSED] - resText = "Pass": null

2023-09-09 20:46:17 - [TEST_STEP][PASSED] - pages.WriteExcel.demoKey(resText, datText, resColumn, datCloumn, fileLoc, nameSheet, row): pages.WriteExcel.demoKey is PASSED

2023-09-09 20:46:17 - [MESSAGE][PASSED] - pages.WriteExcel.demoKey is PASSED

2023-09-09 20:46:17 - [TEST_STEP][PASSED] - ExecuteTC = findTestData(dataFile).getValue("Execute", row): null

2023-09-09 20:46:17 - [TEST_STEP][PASSED] - Taxtype = findTestData(dataFile).getValue("TaxType", row): null

2023-09-09 20:46:17 - [TEST_STEP][PASSED] - TaxTypeEL = findTestData(dataFile).getValue("TaxTypeEL", row): null

2023-09-09 20:46:17 - [TEST_STEP][PASSED] - notInvNumber = findTestData(dataFile).getValue("NotiInvoNumber", row): null

2023-09-09 20:46:17 - [TEST_STEP][PASSED] - errorMsg = findTestData(dataFile).getValue("ErrorMessage", row): null

2023-09-09 20:46:17 - [TEST_STEP][PASSED] - out.println("Value of Execute is : " + ExecuteTC): null

2023-09-09 20:46:17 - [TEST_STEP][PASSED] - if (ExecuteTC.equalsIgnoreCase("Y")): null

2023-09-09 20:46:17 - [TEST_STEP][PASSED] - out.println("Begin Record Number: " + row): null

2023-09-09 20:46:17 - [TEST_STEP][PASSED] - today = new java.util.Date(): null

2023-09-09 20:46:17 - [TEST_STEP][PASSED] - println(today): null

2023-09-09 20:46:17 - [TEST_STEP][PASSED] - datText = today: null

2023-09-09 20:46:17 - [TEST_STEP][PASSED] - Taxtype = findTestData(dataFile).getValue("TaxType", row): null

2023-09-09 20:46:17 - [TEST_STEP][PASSED] - out.println("Taxtype value is : " + Taxtype): null

2023-09-09 20:46:17 - [TEST_STEP][PASSED] - openBrowser(""): Browser is opened with url: ''

2023-09-09 20:46:17 - [MESSAGE][WARNING] - A browser is already opened. Closing browser and opening a new one

2023-09-09 20:46:18 - [MESSAGE][INFO] - Starting 'Chrome' driver

2023-09-09 20:46:18 - [MESSAGE][INFO] - User set preference: ['acceptInsecureCerts', 'true']

2023-09-09 20:46:18 - [MESSAGE][INFO] - Action delay is set to 0 milliseconds

2023-09-09 20:46:20 - [MESSAGE][PASSED] - Browser is opened with url: ''

2023-09-09 20:46:20 - [TEST_STEP][PASSED] - maximizeWindow(): Current window maximized

2023-09-09 20:46:20 - [MESSAGE][PASSED] - Current window maximized

2023-09-09 20:46:20 - [TEST_STEP][PASSED] - navigateToUrl(RADurl): Navigate to 'https://qa2.velocitypayment.com/client/rad/index.html' successfully

2023-09-09 20:46:21 - [MESSAGE][PASSED] - Navigate to 'https://qa2.velocitypayment.com/client/rad/index.html' successfully

2023-09-09 20:46:21 - [TEST_STEP][PASSED] - orPath_Landing = "Object Repository/RAD_Pages/Landing_Page": null

2023-09-09 20:46:21 - [TEST_STEP][PASSED] - orPath_TaxTypeFilingYear = "Object Repository/RAD_Pages/TaxTypeFilingYear_Page": null

2023-09-09 20:46:21 - [TEST_STEP][PASSED] - orPath_TaxPayer = "Object Repository/RAD_Pages/Taxpayer_Page": null

2023-09-09 20:46:21 - [TEST_STEP][PASSED] - orPath_AddressContact = "Object Repository/RAD_Pages/AddressAndContactInfo_Page": null

2023-09-09 20:46:21 - [TEST_STEP][PASSED] - orPath_FilingStatus = "Object Repository/RAD_Pages/FilingStatus_Page": null

2023-09-09 20:46:21 - [TEST_STEP][PASSED] - orPath_Amount = "Object Repository/RAD_Pages/PaymentAmount_Page": null

2023-09-09 20:46:21 - [TEST_STEP][PASSED] - orPath_TaxInfo = "Object Repository/RAD_Pages/TaxInfo_Page": null

2023-09-09 20:46:21 - [TEST_STEP][PASSED] - orPath_Withholding = "Object Repository/RAD_Pages/Withholding_Page": null

2023-09-09 20:46:21 - [TEST_STEP][PASSED] - orPath_Summary = "Object Repository/RAD_Pages/Summary_Page": null

2023-09-09 20:46:21 - [TEST_STEP][PASSED] - orPath_PaymentReady = "Object Repository/RAD_Pages/PaymentReady_Page": null

2023-09-09 20:46:21 - [TEST_STEP][PASSED] - orPath_PaymentEntry = "Object Repository/RAD_Pages/PaymentEntry_Page": null

2023-09-09 20:46:21 - [TEST_STEP][PASSED] - orPath_PaymentConfirmation = "Object Repository/RAD_Pages/PaymentConfirmation_Page": null

2023-09-09 20:46:21 - [TEST_STEP][PASSED] - orPath_ServiceFeesAccept = "Object Repository/RAD_Pages/ServiceFeeAccept_Page": null

2023-09-09 20:46:21 - [TEST_STEP][PASSED] - selectOptionByLabel(findTestObject(orPath_Landing + "/dd_TaxType"), Taxtype, false): All options with label 'Existing Liability w/Notice Number' are selected in object 'Object Repository/RAD_Pages/Landing_Page/dd_TaxType' 

2023-09-09 20:46:22 - [MESSAGE][PASSED] - All options with label 'Existing Liability w/Notice Number' are selected in object 'Object Repository/RAD_Pages/Landing_Page/dd_TaxType' 

2023-09-09 20:46:22 - [TEST_STEP][PASSED] - delay(1): Delayed 1 second(s)

2023-09-09 20:46:23 - [MESSAGE][PASSED] - Delayed 1 second(s)

2023-09-09 20:46:23 - [TEST_STEP][PASSED] - selectOptionByLabel(findTestObject(orPath_TaxTypeFilingYear + "/select_TaxType_ExistingLiability"), TaxTypeEL, false): All options with label 'PTE Tax Electing Non-S Corp' are selected in object 'Object Repository/RAD_Pages/TaxTypeFilingYear_Page/select_TaxType_ExistingLiability' 

2023-09-09 20:46:24 - [MESSAGE][PASSED] - All options with label 'PTE Tax Electing Non-S Corp' are selected in object 'Object Repository/RAD_Pages/TaxTypeFilingYear_Page/select_TaxType_ExistingLiability' 

2023-09-09 20:46:24 - [TEST_STEP][PASSED] - setText(findTestObject(orPath_TaxInfo + "/input_NoticeInvoiceNumber"), notInvNumber): Text '123456789' is set on object 'Object Repository/RAD_Pages/TaxInfo_Page/input_NoticeInvoiceNumber'

2023-09-09 20:46:25 - [MESSAGE][PASSED] - Text '123456789' is set on object 'Object Repository/RAD_Pages/TaxInfo_Page/input_NoticeInvoiceNumber'

2023-09-09 20:46:25 - [TEST_STEP][PASSED] - setText(findTestObject(orPath_TaxInfo + "/input_reTypeNoticeInvoiceNumber"), notInvNumber): Text '123456789' is set on object 'Object Repository/RAD_Pages/TaxInfo_Page/input_reTypeNoticeInvoiceNumber'

2023-09-09 20:46:26 - [MESSAGE][PASSED] - Text '123456789' is set on object 'Object Repository/RAD_Pages/TaxInfo_Page/input_reTypeNoticeInvoiceNumber'

2023-09-09 20:46:26 - [TEST_STEP][PASSED] - println(notInvNumber): null

2023-09-09 20:46:26 - [TEST_STEP][PASSED] - if (verifyTextPresent(errorMsg, true)): null

2023-09-09 20:46:27 - [MESSAGE][PASSED] - Text 'Notice number length has to be 13 numeric characters' is present on page  using regular expression

2023-09-09 20:46:27 - [TEST_STEP][PASSED] - println("Error Message is present on the page"): null

2023-09-09 20:46:27 - [TEST_STEP][PASSED] - out.println("Pass Record Number: " + row): null

2023-09-09 20:46:27 - [TEST_STEP][PASSED] - resText = "Pass": null

2023-09-09 20:46:27 - [TEST_STEP][PASSED] - pages.WriteExcel.demoKey(resText, datText, resColumn, datCloumn, fileLoc, nameSheet, row): pages.WriteExcel.demoKey is PASSED

2023-09-09 20:46:27 - [MESSAGE][PASSED] - pages.WriteExcel.demoKey is PASSED

2023-09-09 20:46:27 - [TEST_STEP][PASSED] - ExecuteTC = findTestData(dataFile).getValue("Execute", row): null

2023-09-09 20:46:27 - [TEST_STEP][PASSED] - Taxtype = findTestData(dataFile).getValue("TaxType", row): null

2023-09-09 20:46:27 - [TEST_STEP][PASSED] - TaxTypeEL = findTestData(dataFile).getValue("TaxTypeEL", row): null

2023-09-09 20:46:27 - [TEST_STEP][PASSED] - notInvNumber = findTestData(dataFile).getValue("NotiInvoNumber", row): null

2023-09-09 20:46:27 - [TEST_STEP][PASSED] - errorMsg = findTestData(dataFile).getValue("ErrorMessage", row): null

2023-09-09 20:46:27 - [TEST_STEP][PASSED] - out.println("Value of Execute is : " + ExecuteTC): null

2023-09-09 20:46:27 - [TEST_STEP][PASSED] - if (ExecuteTC.equalsIgnoreCase("Y")): null

2023-09-09 20:46:27 - [TEST_STEP][PASSED] - out.println("Begin Record Number: " + row): null

2023-09-09 20:46:27 - [TEST_STEP][PASSED] - today = new java.util.Date(): null

2023-09-09 20:46:27 - [TEST_STEP][PASSED] - println(today): null

2023-09-09 20:46:27 - [TEST_STEP][PASSED] - datText = today: null

2023-09-09 20:46:27 - [TEST_STEP][PASSED] - Taxtype = findTestData(dataFile).getValue("TaxType", row): null

2023-09-09 20:46:27 - [TEST_STEP][PASSED] - out.println("Taxtype value is : " + Taxtype): null

2023-09-09 20:46:27 - [TEST_STEP][PASSED] - openBrowser(""): Browser is opened with url: ''

2023-09-09 20:46:27 - [MESSAGE][WARNING] - A browser is already opened. Closing browser and opening a new one

2023-09-09 20:46:28 - [MESSAGE][INFO] - Starting 'Chrome' driver

2023-09-09 20:46:28 - [MESSAGE][INFO] - User set preference: ['acceptInsecureCerts', 'true']

2023-09-09 20:46:28 - [MESSAGE][INFO] - Action delay is set to 0 milliseconds

2023-09-09 20:46:30 - [MESSAGE][PASSED] - Browser is opened with url: ''

2023-09-09 20:46:30 - [TEST_STEP][PASSED] - maximizeWindow(): Current window maximized

2023-09-09 20:46:30 - [MESSAGE][PASSED] - Current window maximized

2023-09-09 20:46:30 - [TEST_STEP][PASSED] - navigateToUrl(RADurl): Navigate to 'https://qa2.velocitypayment.com/client/rad/index.html' successfully

2023-09-09 20:46:31 - [MESSAGE][PASSED] - Navigate to 'https://qa2.velocitypayment.com/client/rad/index.html' successfully

2023-09-09 20:46:31 - [TEST_STEP][PASSED] - orPath_Landing = "Object Repository/RAD_Pages/Landing_Page": null

2023-09-09 20:46:31 - [TEST_STEP][PASSED] - orPath_TaxTypeFilingYear = "Object Repository/RAD_Pages/TaxTypeFilingYear_Page": null

2023-09-09 20:46:31 - [TEST_STEP][PASSED] - orPath_TaxPayer = "Object Repository/RAD_Pages/Taxpayer_Page": null

2023-09-09 20:46:31 - [TEST_STEP][PASSED] - orPath_AddressContact = "Object Repository/RAD_Pages/AddressAndContactInfo_Page": null

2023-09-09 20:46:31 - [TEST_STEP][PASSED] - orPath_FilingStatus = "Object Repository/RAD_Pages/FilingStatus_Page": null

2023-09-09 20:46:31 - [TEST_STEP][PASSED] - orPath_Amount = "Object Repository/RAD_Pages/PaymentAmount_Page": null

2023-09-09 20:46:31 - [TEST_STEP][PASSED] - orPath_TaxInfo = "Object Repository/RAD_Pages/TaxInfo_Page": null

2023-09-09 20:46:31 - [TEST_STEP][PASSED] - orPath_Withholding = "Object Repository/RAD_Pages/Withholding_Page": null

2023-09-09 20:46:31 - [TEST_STEP][PASSED] - orPath_Summary = "Object Repository/RAD_Pages/Summary_Page": null

2023-09-09 20:46:31 - [TEST_STEP][PASSED] - orPath_PaymentReady = "Object Repository/RAD_Pages/PaymentReady_Page": null

2023-09-09 20:46:31 - [TEST_STEP][PASSED] - orPath_PaymentEntry = "Object Repository/RAD_Pages/PaymentEntry_Page": null

2023-09-09 20:46:31 - [TEST_STEP][PASSED] - orPath_PaymentConfirmation = "Object Repository/RAD_Pages/PaymentConfirmation_Page": null

2023-09-09 20:46:31 - [TEST_STEP][PASSED] - orPath_ServiceFeesAccept = "Object Repository/RAD_Pages/ServiceFeeAccept_Page": null

2023-09-09 20:46:31 - [TEST_STEP][PASSED] - selectOptionByLabel(findTestObject(orPath_Landing + "/dd_TaxType"), Taxtype, false): All options with label 'Existing Liability w/Notice Number' are selected in object 'Object Repository/RAD_Pages/Landing_Page/dd_TaxType' 

2023-09-09 20:46:32 - [MESSAGE][PASSED] - All options with label 'Existing Liability w/Notice Number' are selected in object 'Object Repository/RAD_Pages/Landing_Page/dd_TaxType' 

2023-09-09 20:46:32 - [TEST_STEP][PASSED] - delay(1): Delayed 1 second(s)

2023-09-09 20:46:33 - [MESSAGE][PASSED] - Delayed 1 second(s)

2023-09-09 20:46:33 - [TEST_STEP][PASSED] - selectOptionByLabel(findTestObject(orPath_TaxTypeFilingYear + "/select_TaxType_ExistingLiability"), TaxTypeEL, false): All options with label 'PTE Tax Electing S Corp' are selected in object 'Object Repository/RAD_Pages/TaxTypeFilingYear_Page/select_TaxType_ExistingLiability' 

2023-09-09 20:46:34 - [MESSAGE][PASSED] - All options with label 'PTE Tax Electing S Corp' are selected in object 'Object Repository/RAD_Pages/TaxTypeFilingYear_Page/select_TaxType_ExistingLiability' 

2023-09-09 20:46:34 - [TEST_STEP][PASSED] - setText(findTestObject(orPath_TaxInfo + "/input_NoticeInvoiceNumber"), notInvNumber): Text '123456789' is set on object 'Object Repository/RAD_Pages/TaxInfo_Page/input_NoticeInvoiceNumber'

2023-09-09 20:46:35 - [MESSAGE][PASSED] - Text '123456789' is set on object 'Object Repository/RAD_Pages/TaxInfo_Page/input_NoticeInvoiceNumber'

2023-09-09 20:46:35 - [TEST_STEP][PASSED] - setText(findTestObject(orPath_TaxInfo + "/input_reTypeNoticeInvoiceNumber"), notInvNumber): Text '123456789' is set on object 'Object Repository/RAD_Pages/TaxInfo_Page/input_reTypeNoticeInvoiceNumber'

2023-09-09 20:46:36 - [MESSAGE][PASSED] - Text '123456789' is set on object 'Object Repository/RAD_Pages/TaxInfo_Page/input_reTypeNoticeInvoiceNumber'

2023-09-09 20:46:36 - [TEST_STEP][PASSED] - println(notInvNumber): null

2023-09-09 20:46:36 - [TEST_STEP][PASSED] - if (verifyTextPresent(errorMsg, true)): null

2023-09-09 20:46:37 - [MESSAGE][PASSED] - Text 'Notice number length has to be 13 numeric characters' is present on page  using regular expression

2023-09-09 20:46:37 - [TEST_STEP][PASSED] - println("Error Message is present on the page"): null

2023-09-09 20:46:37 - [TEST_STEP][PASSED] - out.println("Pass Record Number: " + row): null

2023-09-09 20:46:37 - [TEST_STEP][PASSED] - resText = "Pass": null

2023-09-09 20:46:37 - [TEST_STEP][PASSED] - pages.WriteExcel.demoKey(resText, datText, resColumn, datCloumn, fileLoc, nameSheet, row): pages.WriteExcel.demoKey is PASSED

2023-09-09 20:46:37 - [MESSAGE][PASSED] - pages.WriteExcel.demoKey is PASSED]]></system-out>
         <system-err><![CDATA[]]></system-err>
      </testcase>
      <testcase name="Test Cases/RAD_TestCases/Negative_TestCases/EMailNoMatch" time="420.629" classname="Test Cases/RAD_TestCases/Negative_TestCases/EMailNoMatch" status="PASSED">
         <system-out><![CDATA[2023-09-09 20:46:37 - [TEST_CASE][PASSED] - Test Cases/RAD_TestCases/Negative_TestCases/EMailNoMatch: Test Cases/RAD_TestCases/Negative_TestCases/EMailNoMatch

2023-09-09 20:46:37 - [TEST_STEP][PASSED] - resText = "Fail": null

2023-09-09 20:46:37 - [TEST_STEP][PASSED] - resColumn = "Result": null

2023-09-09 20:46:37 - [TEST_STEP][PASSED] - datCloumn = "Date": null

2023-09-09 20:46:37 - [TEST_STEP][PASSED] - fileLoc = "KatalonData/RADTestData/EmailNoMatch.xlsx": null

2023-09-09 20:46:37 - [TEST_STEP][PASSED] - nameSheet = "Sheet1": null

2023-09-09 20:46:37 - [TEST_STEP][PASSED] - dataFile = "RADTestData/EmailNoMatch": null

2023-09-09 20:46:37 - [TEST_STEP][PASSED] - ExecuteTC = <not implemented yet for class: org.codehaus.groovy.ast.expr.EmptyExpression>: null

2023-09-09 20:46:37 - [TEST_STEP][PASSED] - Taxtype = <not implemented yet for class: org.codehaus.groovy.ast.expr.EmptyExpression>: null

2023-09-09 20:46:37 - [TEST_STEP][PASSED] - numOfRows = findTestData(dataFile).getRowNumbers(): null

2023-09-09 20:46:37 - [TEST_STEP][PASSED] - println("Number of Records: " + numOfRows): null

2023-09-09 20:46:37 - [TEST_STEP][PASSED] - for ([row = 1, row <= numOfRows, (row++)]): null

2023-09-09 20:46:37 - [TEST_STEP][PASSED] - ExecuteTC = findTestData(dataFile).getValue("Execute", row): null

2023-09-09 20:46:38 - [TEST_STEP][PASSED] - Taxtype = findTestData(dataFile).getValue("TaxType", row): null

2023-09-09 20:46:38 - [TEST_STEP][PASSED] - Paymenttype = findTestData(dataFile).getValue("PaymentType", row): null

2023-09-09 20:46:38 - [TEST_STEP][PASSED] - out.println("Value of Execute is : " + ExecuteTC): null

2023-09-09 20:46:38 - [TEST_STEP][PASSED] - if (ExecuteTC.equalsIgnoreCase("Y")): null

2023-09-09 20:46:38 - [TEST_STEP][PASSED] - out.println("Begin Record Number: " + row): null

2023-09-09 20:46:38 - [TEST_STEP][PASSED] - today = new java.util.Date(): null

2023-09-09 20:46:38 - [TEST_STEP][PASSED] - println(today): null

2023-09-09 20:46:38 - [TEST_STEP][PASSED] - datText = today: null

2023-09-09 20:46:38 - [TEST_STEP][PASSED] - Taxtype = findTestData(dataFile).getValue("TaxType", row): null

2023-09-09 20:46:38 - [TEST_STEP][PASSED] - out.println("Taxtype value is : " + Taxtype): null

2023-09-09 20:46:38 - [TEST_STEP][PASSED] - openBrowser(""): Browser is opened with url: ''

2023-09-09 20:46:38 - [MESSAGE][WARNING] - A browser is already opened. Closing browser and opening a new one

2023-09-09 20:46:39 - [MESSAGE][INFO] - Starting 'Chrome' driver

2023-09-09 20:46:39 - [MESSAGE][INFO] - User set preference: ['acceptInsecureCerts', 'true']

2023-09-09 20:46:39 - [MESSAGE][INFO] - Action delay is set to 0 milliseconds

2023-09-09 20:46:40 - [MESSAGE][PASSED] - Browser is opened with url: ''

2023-09-09 20:46:40 - [TEST_STEP][PASSED] - maximizeWindow(): Current window maximized

2023-09-09 20:46:40 - [MESSAGE][PASSED] - Current window maximized

2023-09-09 20:46:40 - [TEST_STEP][PASSED] - navigateToUrl(RADurl): Navigate to 'https://qa2.velocitypayment.com/client/rad/index.html' successfully

2023-09-09 20:46:42 - [MESSAGE][PASSED] - Navigate to 'https://qa2.velocitypayment.com/client/rad/index.html' successfully

2023-09-09 20:46:42 - [TEST_STEP][PASSED] - orPath_Landing = "Object Repository/RAD_Pages/Landing_Page": null

2023-09-09 20:46:42 - [TEST_STEP][PASSED] - orPath_TaxTypeFilingYear = "Object Repository/RAD_Pages/TaxTypeFilingYear_Page": null

2023-09-09 20:46:42 - [TEST_STEP][PASSED] - orPath_TaxPayer = "Object Repository/RAD_Pages/Taxpayer_Page": null

2023-09-09 20:46:42 - [TEST_STEP][PASSED] - orPath_AddressContact = "Object Repository/RAD_Pages/AddressAndContactInfo_Page": null

2023-09-09 20:46:42 - [TEST_STEP][PASSED] - orPath_FilingStatus = "Object Repository/RAD_Pages/FilingStatus_Page": null

2023-09-09 20:46:42 - [TEST_STEP][PASSED] - orPath_Amount = "Object Repository/RAD_Pages/PaymentAmount_Page": null

2023-09-09 20:46:42 - [TEST_STEP][PASSED] - selectOptionByLabel(findTestObject(orPath_Landing + "/dd_TaxType"), Paymenttype, false): All options with label 'Existing Liability w/Notice Number' are selected in object 'Object Repository/RAD_Pages/Landing_Page/dd_TaxType' 

2023-09-09 20:46:42 - [MESSAGE][PASSED] - All options with label 'Existing Liability w/Notice Number' are selected in object 'Object Repository/RAD_Pages/Landing_Page/dd_TaxType' 

2023-09-09 20:46:42 - [TEST_STEP][PASSED] - delay(1): Delayed 1 second(s)

2023-09-09 20:46:43 - [MESSAGE][PASSED] - Delayed 1 second(s)

2023-09-09 20:46:43 - [TEST_STEP][PASSED] - switch (Paymenttype): null

2023-09-09 20:46:43 - [TEST_STEP][PASSED] - case "Existing Liability w/Notice Number":: null

2023-09-09 20:46:43 - [TEST_STEP][PASSED] - selectOptionByLabel(findTestObject(orPath_TaxTypeFilingYear + "/select_TaxType_ExistingLiability"), Taxtype, false): All options with label 'Bay Restoration Fee' are selected in object 'Object Repository/RAD_Pages/TaxTypeFilingYear_Page/select_TaxType_ExistingLiability' 

2023-09-09 20:46:44 - [MESSAGE][PASSED] - All options with label 'Bay Restoration Fee' are selected in object 'Object Repository/RAD_Pages/TaxTypeFilingYear_Page/select_TaxType_ExistingLiability' 

2023-09-09 20:46:44 - [TEST_STEP][PASSED] - break: null

2023-09-09 20:46:44 - [TEST_STEP][PASSED] - delay(1): Delayed 1 second(s)

2023-09-09 20:46:45 - [MESSAGE][PASSED] - Delayed 1 second(s)

2023-09-09 20:46:45 - [TEST_STEP][PASSED] - scrollToElement(findTestObject(orPath_Amount + "/input__paymentAmount"), 3): Scroll to object 'Object Repository/RAD_Pages/PaymentAmount_Page/input__paymentAmount' successfully

2023-09-09 20:46:45 - [MESSAGE][PASSED] - Scroll to object 'Object Repository/RAD_Pages/PaymentAmount_Page/input__paymentAmount' successfully

2023-09-09 20:46:45 - [TEST_STEP][PASSED] - setText(findTestObject(orPath_AddressContact + "/input_eMailAddress"), "imtiazster@gmail.com"): Text 'imtiazster@gmail.com' is set on object 'Object Repository/RAD_Pages/AddressAndContactInfo_Page/input_eMailAddress'

2023-09-09 20:46:47 - [MESSAGE][PASSED] - Text 'imtiazster@gmail.com' is set on object 'Object Repository/RAD_Pages/AddressAndContactInfo_Page/input_eMailAddress'

2023-09-09 20:46:47 - [TEST_STEP][PASSED] - setText(findTestObject(orPath_AddressContact + "/input_reEnterEMailAddress"), "iahmed@govolution.com"): Text 'iahmed@govolution.com' is set on object 'Object Repository/RAD_Pages/AddressAndContactInfo_Page/input_reEnterEMailAddress'

2023-09-09 20:46:48 - [MESSAGE][PASSED] - Text 'iahmed@govolution.com' is set on object 'Object Repository/RAD_Pages/AddressAndContactInfo_Page/input_reEnterEMailAddress'

2023-09-09 20:46:48 - [TEST_STEP][PASSED] - delay(2): Delayed 2 second(s)

2023-09-09 20:46:50 - [MESSAGE][PASSED] - Delayed 2 second(s)

2023-09-09 20:46:50 - [TEST_STEP][PASSED] - if (verifyTextPresent("The Email and Re-enter email do not match", true)): null

2023-09-09 20:46:50 - [MESSAGE][PASSED] - Text 'The Email and Re-enter email do not match' is present on page  using regular expression

2023-09-09 20:46:50 - [TEST_STEP][PASSED] - println("Emails Dont match text is present"): null

2023-09-09 20:46:50 - [TEST_STEP][PASSED] - out.println("Pass Record Number: " + row): null

2023-09-09 20:46:50 - [TEST_STEP][PASSED] - resText = "Pass": null

2023-09-09 20:46:50 - [TEST_STEP][PASSED] - pages.WriteExcel.demoKey(resText, datText, resColumn, datCloumn, fileLoc, nameSheet, row): pages.WriteExcel.demoKey is PASSED

2023-09-09 20:46:50 - [MESSAGE][PASSED] - pages.WriteExcel.demoKey is PASSED

2023-09-09 20:46:50 - [TEST_STEP][PASSED] - ExecuteTC = findTestData(dataFile).getValue("Execute", row): null

2023-09-09 20:46:50 - [TEST_STEP][PASSED] - Taxtype = findTestData(dataFile).getValue("TaxType", row): null

2023-09-09 20:46:50 - [TEST_STEP][PASSED] - Paymenttype = findTestData(dataFile).getValue("PaymentType", row): null

2023-09-09 20:46:51 - [TEST_STEP][PASSED] - out.println("Value of Execute is : " + ExecuteTC): null

2023-09-09 20:46:51 - [TEST_STEP][PASSED] - if (ExecuteTC.equalsIgnoreCase("Y")): null

2023-09-09 20:46:51 - [TEST_STEP][PASSED] - out.println("Begin Record Number: " + row): null

2023-09-09 20:46:51 - [TEST_STEP][PASSED] - today = new java.util.Date(): null

2023-09-09 20:46:51 - [TEST_STEP][PASSED] - println(today): null

2023-09-09 20:46:51 - [TEST_STEP][PASSED] - datText = today: null

2023-09-09 20:46:51 - [TEST_STEP][PASSED] - Taxtype = findTestData(dataFile).getValue("TaxType", row): null

2023-09-09 20:46:51 - [TEST_STEP][PASSED] - out.println("Taxtype value is : " + Taxtype): null

2023-09-09 20:46:51 - [TEST_STEP][PASSED] - openBrowser(""): Browser is opened with url: ''

2023-09-09 20:46:51 - [MESSAGE][WARNING] - A browser is already opened. Closing browser and opening a new one

2023-09-09 20:46:51 - [MESSAGE][INFO] - Starting 'Chrome' driver

2023-09-09 20:46:51 - [MESSAGE][INFO] - User set preference: ['acceptInsecureCerts', 'true']

2023-09-09 20:46:51 - [MESSAGE][INFO] - Action delay is set to 0 milliseconds

2023-09-09 20:46:53 - [MESSAGE][PASSED] - Browser is opened with url: ''

2023-09-09 20:46:53 - [TEST_STEP][PASSED] - maximizeWindow(): Current window maximized

2023-09-09 20:46:53 - [MESSAGE][PASSED] - Current window maximized

2023-09-09 20:46:53 - [TEST_STEP][PASSED] - navigateToUrl(RADurl): Navigate to 'https://qa2.velocitypayment.com/client/rad/index.html' successfully

2023-09-09 20:46:55 - [MESSAGE][PASSED] - Navigate to 'https://qa2.velocitypayment.com/client/rad/index.html' successfully

2023-09-09 20:46:55 - [TEST_STEP][PASSED] - orPath_Landing = "Object Repository/RAD_Pages/Landing_Page": null

2023-09-09 20:46:55 - [TEST_STEP][PASSED] - orPath_TaxTypeFilingYear = "Object Repository/RAD_Pages/TaxTypeFilingYear_Page": null

2023-09-09 20:46:55 - [TEST_STEP][PASSED] - orPath_TaxPayer = "Object Repository/RAD_Pages/Taxpayer_Page": null

2023-09-09 20:46:55 - [TEST_STEP][PASSED] - orPath_AddressContact = "Object Repository/RAD_Pages/AddressAndContactInfo_Page": null

2023-09-09 20:46:55 - [TEST_STEP][PASSED] - orPath_FilingStatus = "Object Repository/RAD_Pages/FilingStatus_Page": null

2023-09-09 20:46:55 - [TEST_STEP][PASSED] - orPath_Amount = "Object Repository/RAD_Pages/PaymentAmount_Page": null

2023-09-09 20:46:55 - [TEST_STEP][PASSED] - selectOptionByLabel(findTestObject(orPath_Landing + "/dd_TaxType"), Paymenttype, false): All options with label 'Existing Liability w/Notice Number' are selected in object 'Object Repository/RAD_Pages/Landing_Page/dd_TaxType' 

2023-09-09 20:46:55 - [MESSAGE][PASSED] - All options with label 'Existing Liability w/Notice Number' are selected in object 'Object Repository/RAD_Pages/Landing_Page/dd_TaxType' 

2023-09-09 20:46:55 - [TEST_STEP][PASSED] - delay(1): Delayed 1 second(s)

2023-09-09 20:46:56 - [MESSAGE][PASSED] - Delayed 1 second(s)

2023-09-09 20:46:56 - [TEST_STEP][PASSED] - switch (Paymenttype): null

2023-09-09 20:46:56 - [TEST_STEP][PASSED] - case "Existing Liability w/Notice Number":: null

2023-09-09 20:46:56 - [TEST_STEP][PASSED] - selectOptionByLabel(findTestObject(orPath_TaxTypeFilingYear + "/select_TaxType_ExistingLiability"), Taxtype, false): All options with label 'Corporate Income Tax' are selected in object 'Object Repository/RAD_Pages/TaxTypeFilingYear_Page/select_TaxType_ExistingLiability' 

2023-09-09 20:46:57 - [MESSAGE][PASSED] - All options with label 'Corporate Income Tax' are selected in object 'Object Repository/RAD_Pages/TaxTypeFilingYear_Page/select_TaxType_ExistingLiability' 

2023-09-09 20:46:57 - [TEST_STEP][PASSED] - break: null

2023-09-09 20:46:57 - [TEST_STEP][PASSED] - delay(1): Delayed 1 second(s)

2023-09-09 20:46:58 - [MESSAGE][PASSED] - Delayed 1 second(s)

2023-09-09 20:46:58 - [TEST_STEP][PASSED] - scrollToElement(findTestObject(orPath_Amount + "/input__paymentAmount"), 3): Scroll to object 'Object Repository/RAD_Pages/PaymentAmount_Page/input__paymentAmount' successfully

2023-09-09 20:46:58 - [MESSAGE][PASSED] - Scroll to object 'Object Repository/RAD_Pages/PaymentAmount_Page/input__paymentAmount' successfully

2023-09-09 20:46:58 - [TEST_STEP][PASSED] - setText(findTestObject(orPath_AddressContact + "/input_eMailAddress"), "imtiazster@gmail.com"): Text 'imtiazster@gmail.com' is set on object 'Object Repository/RAD_Pages/AddressAndContactInfo_Page/input_eMailAddress'

2023-09-09 20:47:00 - [MESSAGE][PASSED] - Text 'imtiazster@gmail.com' is set on object 'Object Repository/RAD_Pages/AddressAndContactInfo_Page/input_eMailAddress'

2023-09-09 20:47:00 - [TEST_STEP][PASSED] - setText(findTestObject(orPath_AddressContact + "/input_reEnterEMailAddress"), "iahmed@govolution.com"): Text 'iahmed@govolution.com' is set on object 'Object Repository/RAD_Pages/AddressAndContactInfo_Page/input_reEnterEMailAddress'

2023-09-09 20:47:01 - [MESSAGE][PASSED] - Text 'iahmed@govolution.com' is set on object 'Object Repository/RAD_Pages/AddressAndContactInfo_Page/input_reEnterEMailAddress'

2023-09-09 20:47:01 - [TEST_STEP][PASSED] - delay(2): Delayed 2 second(s)

2023-09-09 20:47:03 - [MESSAGE][PASSED] - Delayed 2 second(s)

2023-09-09 20:47:03 - [TEST_STEP][PASSED] - if (verifyTextPresent("The Email and Re-enter email do not match", true)): null

2023-09-09 20:47:03 - [MESSAGE][PASSED] - Text 'The Email and Re-enter email do not match' is present on page  using regular expression

2023-09-09 20:47:03 - [TEST_STEP][PASSED] - println("Emails Dont match text is present"): null

2023-09-09 20:47:03 - [TEST_STEP][PASSED] - out.println("Pass Record Number: " + row): null

2023-09-09 20:47:03 - [TEST_STEP][PASSED] - resText = "Pass": null

2023-09-09 20:47:03 - [TEST_STEP][PASSED] - pages.WriteExcel.demoKey(resText, datText, resColumn, datCloumn, fileLoc, nameSheet, row): pages.WriteExcel.demoKey is PASSED

2023-09-09 20:47:03 - [MESSAGE][PASSED] - pages.WriteExcel.demoKey is PASSED

2023-09-09 20:47:03 - [TEST_STEP][PASSED] - ExecuteTC = findTestData(dataFile).getValue("Execute", row): null

2023-09-09 20:47:04 - [TEST_STEP][PASSED] - Taxtype = findTestData(dataFile).getValue("TaxType", row): null

2023-09-09 20:47:04 - [TEST_STEP][PASSED] - Paymenttype = findTestData(dataFile).getValue("PaymentType", row): null

2023-09-09 20:47:04 - [TEST_STEP][PASSED] - out.println("Value of Execute is : " + ExecuteTC): null

2023-09-09 20:47:04 - [TEST_STEP][PASSED] - if (ExecuteTC.equalsIgnoreCase("Y")): null

2023-09-09 20:47:04 - [TEST_STEP][PASSED] - out.println("Begin Record Number: " + row): null

2023-09-09 20:47:04 - [TEST_STEP][PASSED] - today = new java.util.Date(): null

2023-09-09 20:47:04 - [TEST_STEP][PASSED] - println(today): null

2023-09-09 20:47:04 - [TEST_STEP][PASSED] - datText = today: null

2023-09-09 20:47:04 - [TEST_STEP][PASSED] - Taxtype = findTestData(dataFile).getValue("TaxType", row): null

2023-09-09 20:47:04 - [TEST_STEP][PASSED] - out.println("Taxtype value is : " + Taxtype): null

2023-09-09 20:47:04 - [TEST_STEP][PASSED] - openBrowser(""): Browser is opened with url: ''

2023-09-09 20:47:04 - [MESSAGE][WARNING] - A browser is already opened. Closing browser and opening a new one

2023-09-09 20:47:05 - [MESSAGE][INFO] - Starting 'Chrome' driver

2023-09-09 20:47:05 - [MESSAGE][INFO] - User set preference: ['acceptInsecureCerts', 'true']

2023-09-09 20:47:05 - [MESSAGE][INFO] - Action delay is set to 0 milliseconds

2023-09-09 20:47:06 - [MESSAGE][PASSED] - Browser is opened with url: ''

2023-09-09 20:47:06 - [TEST_STEP][PASSED] - maximizeWindow(): Current window maximized

2023-09-09 20:47:06 - [MESSAGE][PASSED] - Current window maximized

2023-09-09 20:47:06 - [TEST_STEP][PASSED] - navigateToUrl(RADurl): Navigate to 'https://qa2.velocitypayment.com/client/rad/index.html' successfully

2023-09-09 20:47:08 - [MESSAGE][PASSED] - Navigate to 'https://qa2.velocitypayment.com/client/rad/index.html' successfully

2023-09-09 20:47:08 - [TEST_STEP][PASSED] - orPath_Landing = "Object Repository/RAD_Pages/Landing_Page": null

2023-09-09 20:47:08 - [TEST_STEP][PASSED] - orPath_TaxTypeFilingYear = "Object Repository/RAD_Pages/TaxTypeFilingYear_Page": null

2023-09-09 20:47:08 - [TEST_STEP][PASSED] - orPath_TaxPayer = "Object Repository/RAD_Pages/Taxpayer_Page": null

2023-09-09 20:47:08 - [TEST_STEP][PASSED] - orPath_AddressContact = "Object Repository/RAD_Pages/AddressAndContactInfo_Page": null

2023-09-09 20:47:08 - [TEST_STEP][PASSED] - orPath_FilingStatus = "Object Repository/RAD_Pages/FilingStatus_Page": null

2023-09-09 20:47:08 - [TEST_STEP][PASSED] - orPath_Amount = "Object Repository/RAD_Pages/PaymentAmount_Page": null

2023-09-09 20:47:08 - [TEST_STEP][PASSED] - selectOptionByLabel(findTestObject(orPath_Landing + "/dd_TaxType"), Paymenttype, false): All options with label 'Existing Liability w/Notice Number' are selected in object 'Object Repository/RAD_Pages/Landing_Page/dd_TaxType' 

2023-09-09 20:47:08 - [MESSAGE][PASSED] - All options with label 'Existing Liability w/Notice Number' are selected in object 'Object Repository/RAD_Pages/Landing_Page/dd_TaxType' 

2023-09-09 20:47:08 - [TEST_STEP][PASSED] - delay(1): Delayed 1 second(s)

2023-09-09 20:47:09 - [MESSAGE][PASSED] - Delayed 1 second(s)

2023-09-09 20:47:09 - [TEST_STEP][PASSED] - switch (Paymenttype): null

2023-09-09 20:47:09 - [TEST_STEP][PASSED] - case "Existing Liability w/Notice Number":: null

2023-09-09 20:47:09 - [TEST_STEP][PASSED] - selectOptionByLabel(findTestObject(orPath_TaxTypeFilingYear + "/select_TaxType_ExistingLiability"), Taxtype, false): All options with label 'Fiduciary Tax' are selected in object 'Object Repository/RAD_Pages/TaxTypeFilingYear_Page/select_TaxType_ExistingLiability' 

2023-09-09 20:47:10 - [MESSAGE][PASSED] - All options with label 'Fiduciary Tax' are selected in object 'Object Repository/RAD_Pages/TaxTypeFilingYear_Page/select_TaxType_ExistingLiability' 

2023-09-09 20:47:10 - [TEST_STEP][PASSED] - break: null

2023-09-09 20:47:10 - [TEST_STEP][PASSED] - delay(1): Delayed 1 second(s)

2023-09-09 20:47:11 - [MESSAGE][PASSED] - Delayed 1 second(s)

2023-09-09 20:47:11 - [TEST_STEP][PASSED] - scrollToElement(findTestObject(orPath_Amount + "/input__paymentAmount"), 3): Scroll to object 'Object Repository/RAD_Pages/PaymentAmount_Page/input__paymentAmount' successfully

2023-09-09 20:47:11 - [MESSAGE][PASSED] - Scroll to object 'Object Repository/RAD_Pages/PaymentAmount_Page/input__paymentAmount' successfully

2023-09-09 20:47:11 - [TEST_STEP][PASSED] - setText(findTestObject(orPath_AddressContact + "/input_eMailAddress"), "imtiazster@gmail.com"): Text 'imtiazster@gmail.com' is set on object 'Object Repository/RAD_Pages/AddressAndContactInfo_Page/input_eMailAddress'

2023-09-09 20:47:13 - [MESSAGE][PASSED] - Text 'imtiazster@gmail.com' is set on object 'Object Repository/RAD_Pages/AddressAndContactInfo_Page/input_eMailAddress'

2023-09-09 20:47:13 - [TEST_STEP][PASSED] - setText(findTestObject(orPath_AddressContact + "/input_reEnterEMailAddress"), "iahmed@govolution.com"): Text 'iahmed@govolution.com' is set on object 'Object Repository/RAD_Pages/AddressAndContactInfo_Page/input_reEnterEMailAddress'

2023-09-09 20:47:14 - [MESSAGE][PASSED] - Text 'iahmed@govolution.com' is set on object 'Object Repository/RAD_Pages/AddressAndContactInfo_Page/input_reEnterEMailAddress'

2023-09-09 20:47:14 - [TEST_STEP][PASSED] - delay(2): Delayed 2 second(s)

2023-09-09 20:47:16 - [MESSAGE][PASSED] - Delayed 2 second(s)

2023-09-09 20:47:16 - [TEST_STEP][PASSED] - if (verifyTextPresent("The Email and Re-enter email do not match", true)): null

2023-09-09 20:47:17 - [MESSAGE][PASSED] - Text 'The Email and Re-enter email do not match' is present on page  using regular expression

2023-09-09 20:47:17 - [TEST_STEP][PASSED] - println("Emails Dont match text is present"): null

2023-09-09 20:47:17 - [TEST_STEP][PASSED] - out.println("Pass Record Number: " + row): null

2023-09-09 20:47:17 - [TEST_STEP][PASSED] - resText = "Pass": null

2023-09-09 20:47:17 - [TEST_STEP][PASSED] - pages.WriteExcel.demoKey(resText, datText, resColumn, datCloumn, fileLoc, nameSheet, row): pages.WriteExcel.demoKey is PASSED

2023-09-09 20:47:17 - [MESSAGE][PASSED] - pages.WriteExcel.demoKey is PASSED

2023-09-09 20:47:17 - [TEST_STEP][PASSED] - ExecuteTC = findTestData(dataFile).getValue("Execute", row): null

2023-09-09 20:47:17 - [TEST_STEP][PASSED] - Taxtype = findTestData(dataFile).getValue("TaxType", row): null

2023-09-09 20:47:17 - [TEST_STEP][PASSED] - Paymenttype = findTestData(dataFile).getValue("PaymentType", row): null

2023-09-09 20:47:17 - [TEST_STEP][PASSED] - out.println("Value of Execute is : " + ExecuteTC): null

2023-09-09 20:47:17 - [TEST_STEP][PASSED] - if (ExecuteTC.equalsIgnoreCase("Y")): null

2023-09-09 20:47:17 - [TEST_STEP][PASSED] - out.println("Begin Record Number: " + row): null

2023-09-09 20:47:17 - [TEST_STEP][PASSED] - today = new java.util.Date(): null

2023-09-09 20:47:17 - [TEST_STEP][PASSED] - println(today): null

2023-09-09 20:47:17 - [TEST_STEP][PASSED] - datText = today: null

2023-09-09 20:47:17 - [TEST_STEP][PASSED] - Taxtype = findTestData(dataFile).getValue("TaxType", row): null

2023-09-09 20:47:17 - [TEST_STEP][PASSED] - out.println("Taxtype value is : " + Taxtype): null

2023-09-09 20:47:17 - [TEST_STEP][PASSED] - openBrowser(""): Browser is opened with url: ''

2023-09-09 20:47:17 - [MESSAGE][WARNING] - A browser is already opened. Closing browser and opening a new one

2023-09-09 20:47:18 - [MESSAGE][INFO] - Starting 'Chrome' driver

2023-09-09 20:47:18 - [MESSAGE][INFO] - User set preference: ['acceptInsecureCerts', 'true']

2023-09-09 20:47:18 - [MESSAGE][INFO] - Action delay is set to 0 milliseconds

2023-09-09 20:47:19 - [MESSAGE][PASSED] - Browser is opened with url: ''

2023-09-09 20:47:19 - [TEST_STEP][PASSED] - maximizeWindow(): Current window maximized

2023-09-09 20:47:19 - [MESSAGE][PASSED] - Current window maximized

2023-09-09 20:47:19 - [TEST_STEP][PASSED] - navigateToUrl(RADurl): Navigate to 'https://qa2.velocitypayment.com/client/rad/index.html' successfully

2023-09-09 20:47:21 - [MESSAGE][PASSED] - Navigate to 'https://qa2.velocitypayment.com/client/rad/index.html' successfully

2023-09-09 20:47:21 - [TEST_STEP][PASSED] - orPath_Landing = "Object Repository/RAD_Pages/Landing_Page": null

2023-09-09 20:47:21 - [TEST_STEP][PASSED] - orPath_TaxTypeFilingYear = "Object Repository/RAD_Pages/TaxTypeFilingYear_Page": null

2023-09-09 20:47:21 - [TEST_STEP][PASSED] - orPath_TaxPayer = "Object Repository/RAD_Pages/Taxpayer_Page": null

2023-09-09 20:47:21 - [TEST_STEP][PASSED] - orPath_AddressContact = "Object Repository/RAD_Pages/AddressAndContactInfo_Page": null

2023-09-09 20:47:21 - [TEST_STEP][PASSED] - orPath_FilingStatus = "Object Repository/RAD_Pages/FilingStatus_Page": null

2023-09-09 20:47:21 - [TEST_STEP][PASSED] - orPath_Amount = "Object Repository/RAD_Pages/PaymentAmount_Page": null

2023-09-09 20:47:21 - [TEST_STEP][PASSED] - selectOptionByLabel(findTestObject(orPath_Landing + "/dd_TaxType"), Paymenttype, false): All options with label 'Existing Liability w/Notice Number' are selected in object 'Object Repository/RAD_Pages/Landing_Page/dd_TaxType' 

2023-09-09 20:47:22 - [MESSAGE][PASSED] - All options with label 'Existing Liability w/Notice Number' are selected in object 'Object Repository/RAD_Pages/Landing_Page/dd_TaxType' 

2023-09-09 20:47:22 - [TEST_STEP][PASSED] - delay(1): Delayed 1 second(s)

2023-09-09 20:47:23 - [MESSAGE][PASSED] - Delayed 1 second(s)

2023-09-09 20:47:23 - [TEST_STEP][PASSED] - switch (Paymenttype): null

2023-09-09 20:47:23 - [TEST_STEP][PASSED] - case "Existing Liability w/Notice Number":: null

2023-09-09 20:47:23 - [TEST_STEP][PASSED] - selectOptionByLabel(findTestObject(orPath_TaxTypeFilingYear + "/select_TaxType_ExistingLiability"), Taxtype, false): All options with label 'PTE Non-Electing Non-S Corp' are selected in object 'Object Repository/RAD_Pages/TaxTypeFilingYear_Page/select_TaxType_ExistingLiability' 

2023-09-09 20:47:23 - [MESSAGE][PASSED] - All options with label 'PTE Non-Electing Non-S Corp' are selected in object 'Object Repository/RAD_Pages/TaxTypeFilingYear_Page/select_TaxType_ExistingLiability' 

2023-09-09 20:47:23 - [TEST_STEP][PASSED] - break: null

2023-09-09 20:47:23 - [TEST_STEP][PASSED] - delay(1): Delayed 1 second(s)

2023-09-09 20:47:24 - [MESSAGE][PASSED] - Delayed 1 second(s)

2023-09-09 20:47:24 - [TEST_STEP][PASSED] - scrollToElement(findTestObject(orPath_Amount + "/input__paymentAmount"), 3): Scroll to object 'Object Repository/RAD_Pages/PaymentAmount_Page/input__paymentAmount' successfully

2023-09-09 20:47:25 - [MESSAGE][PASSED] - Scroll to object 'Object Repository/RAD_Pages/PaymentAmount_Page/input__paymentAmount' successfully

2023-09-09 20:47:25 - [TEST_STEP][PASSED] - setText(findTestObject(orPath_AddressContact + "/input_eMailAddress"), "imtiazster@gmail.com"): Text 'imtiazster@gmail.com' is set on object 'Object Repository/RAD_Pages/AddressAndContactInfo_Page/input_eMailAddress'

2023-09-09 20:47:26 - [MESSAGE][PASSED] - Text 'imtiazster@gmail.com' is set on object 'Object Repository/RAD_Pages/AddressAndContactInfo_Page/input_eMailAddress'

2023-09-09 20:47:26 - [TEST_STEP][PASSED] - setText(findTestObject(orPath_AddressContact + "/input_reEnterEMailAddress"), "iahmed@govolution.com"): Text 'iahmed@govolution.com' is set on object 'Object Repository/RAD_Pages/AddressAndContactInfo_Page/input_reEnterEMailAddress'

2023-09-09 20:47:27 - [MESSAGE][PASSED] - Text 'iahmed@govolution.com' is set on object 'Object Repository/RAD_Pages/AddressAndContactInfo_Page/input_reEnterEMailAddress'

2023-09-09 20:47:27 - [TEST_STEP][PASSED] - delay(2): Delayed 2 second(s)

2023-09-09 20:47:29 - [MESSAGE][PASSED] - Delayed 2 second(s)

2023-09-09 20:47:29 - [TEST_STEP][PASSED] - if (verifyTextPresent("The Email and Re-enter email do not match", true)): null

2023-09-09 20:47:30 - [MESSAGE][PASSED] - Text 'The Email and Re-enter email do not match' is present on page  using regular expression

2023-09-09 20:47:30 - [TEST_STEP][PASSED] - println("Emails Dont match text is present"): null

2023-09-09 20:47:30 - [TEST_STEP][PASSED] - out.println("Pass Record Number: " + row): null

2023-09-09 20:47:30 - [TEST_STEP][PASSED] - resText = "Pass": null

2023-09-09 20:47:30 - [TEST_STEP][PASSED] - pages.WriteExcel.demoKey(resText, datText, resColumn, datCloumn, fileLoc, nameSheet, row): pages.WriteExcel.demoKey is PASSED

2023-09-09 20:47:30 - [MESSAGE][PASSED] - pages.WriteExcel.demoKey is PASSED

2023-09-09 20:47:30 - [TEST_STEP][PASSED] - ExecuteTC = findTestData(dataFile).getValue("Execute", row): null

2023-09-09 20:47:30 - [TEST_STEP][PASSED] - Taxtype = findTestData(dataFile).getValue("TaxType", row): null

2023-09-09 20:47:30 - [TEST_STEP][PASSED] - Paymenttype = findTestData(dataFile).getValue("PaymentType", row): null

2023-09-09 20:47:30 - [TEST_STEP][PASSED] - out.println("Value of Execute is : " + ExecuteTC): null

2023-09-09 20:47:30 - [TEST_STEP][PASSED] - if (ExecuteTC.equalsIgnoreCase("Y")): null

2023-09-09 20:47:30 - [TEST_STEP][PASSED] - out.println("Begin Record Number: " + row): null

2023-09-09 20:47:30 - [TEST_STEP][PASSED] - today = new java.util.Date(): null

2023-09-09 20:47:30 - [TEST_STEP][PASSED] - println(today): null

2023-09-09 20:47:30 - [TEST_STEP][PASSED] - datText = today: null

2023-09-09 20:47:30 - [TEST_STEP][PASSED] - Taxtype = findTestData(dataFile).getValue("TaxType", row): null

2023-09-09 20:47:30 - [TEST_STEP][PASSED] - out.println("Taxtype value is : " + Taxtype): null

2023-09-09 20:47:30 - [TEST_STEP][PASSED] - openBrowser(""): Browser is opened with url: ''

2023-09-09 20:47:30 - [MESSAGE][WARNING] - A browser is already opened. Closing browser and opening a new one

2023-09-09 20:47:31 - [MESSAGE][INFO] - Starting 'Chrome' driver

2023-09-09 20:47:31 - [MESSAGE][INFO] - User set preference: ['acceptInsecureCerts', 'true']

2023-09-09 20:47:31 - [MESSAGE][INFO] - Action delay is set to 0 milliseconds

2023-09-09 20:47:32 - [MESSAGE][PASSED] - Browser is opened with url: ''

2023-09-09 20:47:32 - [TEST_STEP][PASSED] - maximizeWindow(): Current window maximized

2023-09-09 20:47:33 - [MESSAGE][PASSED] - Current window maximized

2023-09-09 20:47:33 - [TEST_STEP][PASSED] - navigateToUrl(RADurl): Navigate to 'https://qa2.velocitypayment.com/client/rad/index.html' successfully

2023-09-09 20:47:34 - [MESSAGE][PASSED] - Navigate to 'https://qa2.velocitypayment.com/client/rad/index.html' successfully

2023-09-09 20:47:34 - [TEST_STEP][PASSED] - orPath_Landing = "Object Repository/RAD_Pages/Landing_Page": null

2023-09-09 20:47:34 - [TEST_STEP][PASSED] - orPath_TaxTypeFilingYear = "Object Repository/RAD_Pages/TaxTypeFilingYear_Page": null

2023-09-09 20:47:34 - [TEST_STEP][PASSED] - orPath_TaxPayer = "Object Repository/RAD_Pages/Taxpayer_Page": null

2023-09-09 20:47:34 - [TEST_STEP][PASSED] - orPath_AddressContact = "Object Repository/RAD_Pages/AddressAndContactInfo_Page": null

2023-09-09 20:47:34 - [TEST_STEP][PASSED] - orPath_FilingStatus = "Object Repository/RAD_Pages/FilingStatus_Page": null

2023-09-09 20:47:34 - [TEST_STEP][PASSED] - orPath_Amount = "Object Repository/RAD_Pages/PaymentAmount_Page": null

2023-09-09 20:47:34 - [TEST_STEP][PASSED] - selectOptionByLabel(findTestObject(orPath_Landing + "/dd_TaxType"), Paymenttype, false): All options with label 'Existing Liability w/Notice Number' are selected in object 'Object Repository/RAD_Pages/Landing_Page/dd_TaxType' 

2023-09-09 20:47:35 - [MESSAGE][PASSED] - All options with label 'Existing Liability w/Notice Number' are selected in object 'Object Repository/RAD_Pages/Landing_Page/dd_TaxType' 

2023-09-09 20:47:35 - [TEST_STEP][PASSED] - delay(1): Delayed 1 second(s)

2023-09-09 20:47:36 - [MESSAGE][PASSED] - Delayed 1 second(s)

2023-09-09 20:47:36 - [TEST_STEP][PASSED] - switch (Paymenttype): null

2023-09-09 20:47:36 - [TEST_STEP][PASSED] - case "Existing Liability w/Notice Number":: null

2023-09-09 20:47:36 - [TEST_STEP][PASSED] - selectOptionByLabel(findTestObject(orPath_TaxTypeFilingYear + "/select_TaxType_ExistingLiability"), Taxtype, false): All options with label 'PTE Non-Electing S Corp' are selected in object 'Object Repository/RAD_Pages/TaxTypeFilingYear_Page/select_TaxType_ExistingLiability' 

2023-09-09 20:47:36 - [MESSAGE][PASSED] - All options with label 'PTE Non-Electing S Corp' are selected in object 'Object Repository/RAD_Pages/TaxTypeFilingYear_Page/select_TaxType_ExistingLiability' 

2023-09-09 20:47:36 - [TEST_STEP][PASSED] - break: null

2023-09-09 20:47:36 - [TEST_STEP][PASSED] - delay(1): Delayed 1 second(s)

2023-09-09 20:47:37 - [MESSAGE][PASSED] - Delayed 1 second(s)

2023-09-09 20:47:37 - [TEST_STEP][PASSED] - scrollToElement(findTestObject(orPath_Amount + "/input__paymentAmount"), 3): Scroll to object 'Object Repository/RAD_Pages/PaymentAmount_Page/input__paymentAmount' successfully

2023-09-09 20:47:38 - [MESSAGE][PASSED] - Scroll to object 'Object Repository/RAD_Pages/PaymentAmount_Page/input__paymentAmount' successfully

2023-09-09 20:47:38 - [TEST_STEP][PASSED] - setText(findTestObject(orPath_AddressContact + "/input_eMailAddress"), "imtiazster@gmail.com"): Text 'imtiazster@gmail.com' is set on object 'Object Repository/RAD_Pages/AddressAndContactInfo_Page/input_eMailAddress'

2023-09-09 20:47:40 - [MESSAGE][PASSED] - Text 'imtiazster@gmail.com' is set on object 'Object Repository/RAD_Pages/AddressAndContactInfo_Page/input_eMailAddress'

2023-09-09 20:47:40 - [TEST_STEP][PASSED] - setText(findTestObject(orPath_AddressContact + "/input_reEnterEMailAddress"), "iahmed@govolution.com"): Text 'iahmed@govolution.com' is set on object 'Object Repository/RAD_Pages/AddressAndContactInfo_Page/input_reEnterEMailAddress'

2023-09-09 20:47:40 - [MESSAGE][PASSED] - Text 'iahmed@govolution.com' is set on object 'Object Repository/RAD_Pages/AddressAndContactInfo_Page/input_reEnterEMailAddress'

2023-09-09 20:47:40 - [TEST_STEP][PASSED] - delay(2): Delayed 2 second(s)

2023-09-09 20:47:42 - [MESSAGE][PASSED] - Delayed 2 second(s)

2023-09-09 20:47:42 - [TEST_STEP][PASSED] - if (verifyTextPresent("The Email and Re-enter email do not match", true)): null

2023-09-09 20:47:43 - [MESSAGE][PASSED] - Text 'The Email and Re-enter email do not match' is present on page  using regular expression

2023-09-09 20:47:43 - [TEST_STEP][PASSED] - println("Emails Dont match text is present"): null

2023-09-09 20:47:43 - [TEST_STEP][PASSED] - out.println("Pass Record Number: " + row): null

2023-09-09 20:47:43 - [TEST_STEP][PASSED] - resText = "Pass": null

2023-09-09 20:47:43 - [TEST_STEP][PASSED] - pages.WriteExcel.demoKey(resText, datText, resColumn, datCloumn, fileLoc, nameSheet, row): pages.WriteExcel.demoKey is PASSED

2023-09-09 20:47:43 - [MESSAGE][PASSED] - pages.WriteExcel.demoKey is PASSED

2023-09-09 20:47:43 - [TEST_STEP][PASSED] - ExecuteTC = findTestData(dataFile).getValue("Execute", row): null

2023-09-09 20:47:43 - [TEST_STEP][PASSED] - Taxtype = findTestData(dataFile).getValue("TaxType", row): null

2023-09-09 20:47:43 - [TEST_STEP][PASSED] - Paymenttype = findTestData(dataFile).getValue("PaymentType", row): null

2023-09-09 20:47:43 - [TEST_STEP][PASSED] - out.println("Value of Execute is : " + ExecuteTC): null

2023-09-09 20:47:43 - [TEST_STEP][PASSED] - if (ExecuteTC.equalsIgnoreCase("Y")): null

2023-09-09 20:47:43 - [TEST_STEP][PASSED] - out.println("Begin Record Number: " + row): null

2023-09-09 20:47:43 - [TEST_STEP][PASSED] - today = new java.util.Date(): null

2023-09-09 20:47:43 - [TEST_STEP][PASSED] - println(today): null

2023-09-09 20:47:43 - [TEST_STEP][PASSED] - datText = today: null

2023-09-09 20:47:43 - [TEST_STEP][PASSED] - Taxtype = findTestData(dataFile).getValue("TaxType", row): null

2023-09-09 20:47:43 - [TEST_STEP][PASSED] - out.println("Taxtype value is : " + Taxtype): null

2023-09-09 20:47:43 - [TEST_STEP][PASSED] - openBrowser(""): Browser is opened with url: ''

2023-09-09 20:47:43 - [MESSAGE][WARNING] - A browser is already opened. Closing browser and opening a new one

2023-09-09 20:47:44 - [MESSAGE][INFO] - Starting 'Chrome' driver

2023-09-09 20:47:44 - [MESSAGE][INFO] - User set preference: ['acceptInsecureCerts', 'true']

2023-09-09 20:47:44 - [MESSAGE][INFO] - Action delay is set to 0 milliseconds

2023-09-09 20:47:45 - [MESSAGE][PASSED] - Browser is opened with url: ''

2023-09-09 20:47:45 - [TEST_STEP][PASSED] - maximizeWindow(): Current window maximized

2023-09-09 20:47:46 - [MESSAGE][PASSED] - Current window maximized

2023-09-09 20:47:46 - [TEST_STEP][PASSED] - navigateToUrl(RADurl): Navigate to 'https://qa2.velocitypayment.com/client/rad/index.html' successfully

2023-09-09 20:47:47 - [MESSAGE][PASSED] - Navigate to 'https://qa2.velocitypayment.com/client/rad/index.html' successfully

2023-09-09 20:47:47 - [TEST_STEP][PASSED] - orPath_Landing = "Object Repository/RAD_Pages/Landing_Page": null

2023-09-09 20:47:47 - [TEST_STEP][PASSED] - orPath_TaxTypeFilingYear = "Object Repository/RAD_Pages/TaxTypeFilingYear_Page": null

2023-09-09 20:47:47 - [TEST_STEP][PASSED] - orPath_TaxPayer = "Object Repository/RAD_Pages/Taxpayer_Page": null

2023-09-09 20:47:47 - [TEST_STEP][PASSED] - orPath_AddressContact = "Object Repository/RAD_Pages/AddressAndContactInfo_Page": null

2023-09-09 20:47:47 - [TEST_STEP][PASSED] - orPath_FilingStatus = "Object Repository/RAD_Pages/FilingStatus_Page": null

2023-09-09 20:47:47 - [TEST_STEP][PASSED] - orPath_Amount = "Object Repository/RAD_Pages/PaymentAmount_Page": null

2023-09-09 20:47:47 - [TEST_STEP][PASSED] - selectOptionByLabel(findTestObject(orPath_Landing + "/dd_TaxType"), Paymenttype, false): All options with label 'Existing Liability w/Notice Number' are selected in object 'Object Repository/RAD_Pages/Landing_Page/dd_TaxType' 

2023-09-09 20:47:48 - [MESSAGE][PASSED] - All options with label 'Existing Liability w/Notice Number' are selected in object 'Object Repository/RAD_Pages/Landing_Page/dd_TaxType' 

2023-09-09 20:47:48 - [TEST_STEP][PASSED] - delay(1): Delayed 1 second(s)

2023-09-09 20:47:49 - [MESSAGE][PASSED] - Delayed 1 second(s)

2023-09-09 20:47:49 - [TEST_STEP][PASSED] - switch (Paymenttype): null

2023-09-09 20:47:49 - [TEST_STEP][PASSED] - case "Existing Liability w/Notice Number":: null

2023-09-09 20:47:49 - [TEST_STEP][PASSED] - selectOptionByLabel(findTestObject(orPath_TaxTypeFilingYear + "/select_TaxType_ExistingLiability"), Taxtype, false): All options with label 'Sales & Use Tax' are selected in object 'Object Repository/RAD_Pages/TaxTypeFilingYear_Page/select_TaxType_ExistingLiability' 

2023-09-09 20:47:50 - [MESSAGE][PASSED] - All options with label 'Sales & Use Tax' are selected in object 'Object Repository/RAD_Pages/TaxTypeFilingYear_Page/select_TaxType_ExistingLiability' 

2023-09-09 20:47:50 - [TEST_STEP][PASSED] - break: null

2023-09-09 20:47:50 - [TEST_STEP][PASSED] - delay(1): Delayed 1 second(s)

2023-09-09 20:47:51 - [MESSAGE][PASSED] - Delayed 1 second(s)

2023-09-09 20:47:51 - [TEST_STEP][PASSED] - scrollToElement(findTestObject(orPath_Amount + "/input__paymentAmount"), 3): Scroll to object 'Object Repository/RAD_Pages/PaymentAmount_Page/input__paymentAmount' successfully

2023-09-09 20:47:51 - [MESSAGE][PASSED] - Scroll to object 'Object Repository/RAD_Pages/PaymentAmount_Page/input__paymentAmount' successfully

2023-09-09 20:47:51 - [TEST_STEP][PASSED] - setText(findTestObject(orPath_AddressContact + "/input_eMailAddress"), "imtiazster@gmail.com"): Text 'imtiazster@gmail.com' is set on object 'Object Repository/RAD_Pages/AddressAndContactInfo_Page/input_eMailAddress'

2023-09-09 20:47:53 - [MESSAGE][PASSED] - Text 'imtiazster@gmail.com' is set on object 'Object Repository/RAD_Pages/AddressAndContactInfo_Page/input_eMailAddress'

2023-09-09 20:47:53 - [TEST_STEP][PASSED] - setText(findTestObject(orPath_AddressContact + "/input_reEnterEMailAddress"), "iahmed@govolution.com"): Text 'iahmed@govolution.com' is set on object 'Object Repository/RAD_Pages/AddressAndContactInfo_Page/input_reEnterEMailAddress'

2023-09-09 20:47:54 - [MESSAGE][PASSED] - Text 'iahmed@govolution.com' is set on object 'Object Repository/RAD_Pages/AddressAndContactInfo_Page/input_reEnterEMailAddress'

2023-09-09 20:47:54 - [TEST_STEP][PASSED] - delay(2): Delayed 2 second(s)

2023-09-09 20:47:56 - [MESSAGE][PASSED] - Delayed 2 second(s)

2023-09-09 20:47:56 - [TEST_STEP][PASSED] - if (verifyTextPresent("The Email and Re-enter email do not match", true)): null

2023-09-09 20:47:56 - [MESSAGE][PASSED] - Text 'The Email and Re-enter email do not match' is present on page  using regular expression

2023-09-09 20:47:56 - [TEST_STEP][PASSED] - println("Emails Dont match text is present"): null

2023-09-09 20:47:56 - [TEST_STEP][PASSED] - out.println("Pass Record Number: " + row): null

2023-09-09 20:47:56 - [TEST_STEP][PASSED] - resText = "Pass": null

2023-09-09 20:47:56 - [TEST_STEP][PASSED] - pages.WriteExcel.demoKey(resText, datText, resColumn, datCloumn, fileLoc, nameSheet, row): pages.WriteExcel.demoKey is PASSED

2023-09-09 20:47:56 - [MESSAGE][PASSED] - pages.WriteExcel.demoKey is PASSED

2023-09-09 20:47:56 - [TEST_STEP][PASSED] - ExecuteTC = findTestData(dataFile).getValue("Execute", row): null

2023-09-09 20:47:56 - [TEST_STEP][PASSED] - Taxtype = findTestData(dataFile).getValue("TaxType", row): null

2023-09-09 20:47:56 - [TEST_STEP][PASSED] - Paymenttype = findTestData(dataFile).getValue("PaymentType", row): null

2023-09-09 20:47:56 - [TEST_STEP][PASSED] - out.println("Value of Execute is : " + ExecuteTC): null

2023-09-09 20:47:56 - [TEST_STEP][PASSED] - if (ExecuteTC.equalsIgnoreCase("Y")): null

2023-09-09 20:47:56 - [TEST_STEP][PASSED] - out.println("Begin Record Number: " + row): null

2023-09-09 20:47:56 - [TEST_STEP][PASSED] - today = new java.util.Date(): null

2023-09-09 20:47:56 - [TEST_STEP][PASSED] - println(today): null

2023-09-09 20:47:56 - [TEST_STEP][PASSED] - datText = today: null

2023-09-09 20:47:56 - [TEST_STEP][PASSED] - Taxtype = findTestData(dataFile).getValue("TaxType", row): null

2023-09-09 20:47:56 - [TEST_STEP][PASSED] - out.println("Taxtype value is : " + Taxtype): null

2023-09-09 20:47:56 - [TEST_STEP][PASSED] - openBrowser(""): Browser is opened with url: ''

2023-09-09 20:47:56 - [MESSAGE][WARNING] - A browser is already opened. Closing browser and opening a new one

2023-09-09 20:47:57 - [MESSAGE][INFO] - Starting 'Chrome' driver

2023-09-09 20:47:57 - [MESSAGE][INFO] - User set preference: ['acceptInsecureCerts', 'true']

2023-09-09 20:47:57 - [MESSAGE][INFO] - Action delay is set to 0 milliseconds

2023-09-09 20:47:59 - [MESSAGE][PASSED] - Browser is opened with url: ''

2023-09-09 20:47:59 - [TEST_STEP][PASSED] - maximizeWindow(): Current window maximized

2023-09-09 20:47:59 - [MESSAGE][PASSED] - Current window maximized

2023-09-09 20:47:59 - [TEST_STEP][PASSED] - navigateToUrl(RADurl): Navigate to 'https://qa2.velocitypayment.com/client/rad/index.html' successfully

2023-09-09 20:48:00 - [MESSAGE][PASSED] - Navigate to 'https://qa2.velocitypayment.com/client/rad/index.html' successfully

2023-09-09 20:48:00 - [TEST_STEP][PASSED] - orPath_Landing = "Object Repository/RAD_Pages/Landing_Page": null

2023-09-09 20:48:00 - [TEST_STEP][PASSED] - orPath_TaxTypeFilingYear = "Object Repository/RAD_Pages/TaxTypeFilingYear_Page": null

2023-09-09 20:48:00 - [TEST_STEP][PASSED] - orPath_TaxPayer = "Object Repository/RAD_Pages/Taxpayer_Page": null

2023-09-09 20:48:00 - [TEST_STEP][PASSED] - orPath_AddressContact = "Object Repository/RAD_Pages/AddressAndContactInfo_Page": null

2023-09-09 20:48:00 - [TEST_STEP][PASSED] - orPath_FilingStatus = "Object Repository/RAD_Pages/FilingStatus_Page": null

2023-09-09 20:48:00 - [TEST_STEP][PASSED] - orPath_Amount = "Object Repository/RAD_Pages/PaymentAmount_Page": null

2023-09-09 20:48:00 - [TEST_STEP][PASSED] - selectOptionByLabel(findTestObject(orPath_Landing + "/dd_TaxType"), Paymenttype, false): All options with label 'Existing Liability w/Notice Number' are selected in object 'Object Repository/RAD_Pages/Landing_Page/dd_TaxType' 

2023-09-09 20:48:01 - [MESSAGE][PASSED] - All options with label 'Existing Liability w/Notice Number' are selected in object 'Object Repository/RAD_Pages/Landing_Page/dd_TaxType' 

2023-09-09 20:48:01 - [TEST_STEP][PASSED] - delay(1): Delayed 1 second(s)

2023-09-09 20:48:02 - [MESSAGE][PASSED] - Delayed 1 second(s)

2023-09-09 20:48:02 - [TEST_STEP][PASSED] - switch (Paymenttype): null

2023-09-09 20:48:02 - [TEST_STEP][PASSED] - case "Existing Liability w/Notice Number":: null

2023-09-09 20:48:02 - [TEST_STEP][PASSED] - selectOptionByLabel(findTestObject(orPath_TaxTypeFilingYear + "/select_TaxType_ExistingLiability"), Taxtype, false): All options with label 'Tire Recycling Fee' are selected in object 'Object Repository/RAD_Pages/TaxTypeFilingYear_Page/select_TaxType_ExistingLiability' 

2023-09-09 20:48:03 - [MESSAGE][PASSED] - All options with label 'Tire Recycling Fee' are selected in object 'Object Repository/RAD_Pages/TaxTypeFilingYear_Page/select_TaxType_ExistingLiability' 

2023-09-09 20:48:03 - [TEST_STEP][PASSED] - break: null

2023-09-09 20:48:03 - [TEST_STEP][PASSED] - delay(1): Delayed 1 second(s)

2023-09-09 20:48:04 - [MESSAGE][PASSED] - Delayed 1 second(s)

2023-09-09 20:48:04 - [TEST_STEP][PASSED] - scrollToElement(findTestObject(orPath_Amount + "/input__paymentAmount"), 3): Scroll to object 'Object Repository/RAD_Pages/PaymentAmount_Page/input__paymentAmount' successfully

2023-09-09 20:48:04 - [MESSAGE][PASSED] - Scroll to object 'Object Repository/RAD_Pages/PaymentAmount_Page/input__paymentAmount' successfully

2023-09-09 20:48:04 - [TEST_STEP][PASSED] - setText(findTestObject(orPath_AddressContact + "/input_eMailAddress"), "imtiazster@gmail.com"): Text 'imtiazster@gmail.com' is set on object 'Object Repository/RAD_Pages/AddressAndContactInfo_Page/input_eMailAddress'

2023-09-09 20:48:06 - [MESSAGE][PASSED] - Text 'imtiazster@gmail.com' is set on object 'Object Repository/RAD_Pages/AddressAndContactInfo_Page/input_eMailAddress'

2023-09-09 20:48:06 - [TEST_STEP][PASSED] - setText(findTestObject(orPath_AddressContact + "/input_reEnterEMailAddress"), "iahmed@govolution.com"): Text 'iahmed@govolution.com' is set on object 'Object Repository/RAD_Pages/AddressAndContactInfo_Page/input_reEnterEMailAddress'

2023-09-09 20:48:07 - [MESSAGE][PASSED] - Text 'iahmed@govolution.com' is set on object 'Object Repository/RAD_Pages/AddressAndContactInfo_Page/input_reEnterEMailAddress'

2023-09-09 20:48:07 - [TEST_STEP][PASSED] - delay(2): Delayed 2 second(s)

2023-09-09 20:48:09 - [MESSAGE][PASSED] - Delayed 2 second(s)

2023-09-09 20:48:09 - [TEST_STEP][PASSED] - if (verifyTextPresent("The Email and Re-enter email do not match", true)): null

2023-09-09 20:48:09 - [MESSAGE][PASSED] - Text 'The Email and Re-enter email do not match' is present on page  using regular expression

2023-09-09 20:48:09 - [TEST_STEP][PASSED] - println("Emails Dont match text is present"): null

2023-09-09 20:48:09 - [TEST_STEP][PASSED] - out.println("Pass Record Number: " + row): null

2023-09-09 20:48:09 - [TEST_STEP][PASSED] - resText = "Pass": null

2023-09-09 20:48:09 - [TEST_STEP][PASSED] - pages.WriteExcel.demoKey(resText, datText, resColumn, datCloumn, fileLoc, nameSheet, row): pages.WriteExcel.demoKey is PASSED

2023-09-09 20:48:09 - [MESSAGE][PASSED] - pages.WriteExcel.demoKey is PASSED

2023-09-09 20:48:09 - [TEST_STEP][PASSED] - ExecuteTC = findTestData(dataFile).getValue("Execute", row): null

2023-09-09 20:48:09 - [TEST_STEP][PASSED] - Taxtype = findTestData(dataFile).getValue("TaxType", row): null

2023-09-09 20:48:09 - [TEST_STEP][PASSED] - Paymenttype = findTestData(dataFile).getValue("PaymentType", row): null

2023-09-09 20:48:09 - [TEST_STEP][PASSED] - out.println("Value of Execute is : " + ExecuteTC): null

2023-09-09 20:48:09 - [TEST_STEP][PASSED] - if (ExecuteTC.equalsIgnoreCase("Y")): null

2023-09-09 20:48:09 - [TEST_STEP][PASSED] - out.println("Begin Record Number: " + row): null

2023-09-09 20:48:09 - [TEST_STEP][PASSED] - today = new java.util.Date(): null

2023-09-09 20:48:09 - [TEST_STEP][PASSED] - println(today): null

2023-09-09 20:48:09 - [TEST_STEP][PASSED] - datText = today: null

2023-09-09 20:48:09 - [TEST_STEP][PASSED] - Taxtype = findTestData(dataFile).getValue("TaxType", row): null

2023-09-09 20:48:09 - [TEST_STEP][PASSED] - out.println("Taxtype value is : " + Taxtype): null

2023-09-09 20:48:09 - [TEST_STEP][PASSED] - openBrowser(""): Browser is opened with url: ''

2023-09-09 20:48:09 - [MESSAGE][WARNING] - A browser is already opened. Closing browser and opening a new one

2023-09-09 20:48:10 - [MESSAGE][INFO] - Starting 'Chrome' driver

2023-09-09 20:48:10 - [MESSAGE][INFO] - User set preference: ['acceptInsecureCerts', 'true']

2023-09-09 20:48:10 - [MESSAGE][INFO] - Action delay is set to 0 milliseconds

2023-09-09 20:48:12 - [MESSAGE][PASSED] - Browser is opened with url: ''

2023-09-09 20:48:12 - [TEST_STEP][PASSED] - maximizeWindow(): Current window maximized

2023-09-09 20:48:12 - [MESSAGE][PASSED] - Current window maximized

2023-09-09 20:48:12 - [TEST_STEP][PASSED] - navigateToUrl(RADurl): Navigate to 'https://qa2.velocitypayment.com/client/rad/index.html' successfully

2023-09-09 20:48:13 - [MESSAGE][PASSED] - Navigate to 'https://qa2.velocitypayment.com/client/rad/index.html' successfully

2023-09-09 20:48:13 - [TEST_STEP][PASSED] - orPath_Landing = "Object Repository/RAD_Pages/Landing_Page": null

2023-09-09 20:48:13 - [TEST_STEP][PASSED] - orPath_TaxTypeFilingYear = "Object Repository/RAD_Pages/TaxTypeFilingYear_Page": null

2023-09-09 20:48:13 - [TEST_STEP][PASSED] - orPath_TaxPayer = "Object Repository/RAD_Pages/Taxpayer_Page": null

2023-09-09 20:48:13 - [TEST_STEP][PASSED] - orPath_AddressContact = "Object Repository/RAD_Pages/AddressAndContactInfo_Page": null

2023-09-09 20:48:13 - [TEST_STEP][PASSED] - orPath_FilingStatus = "Object Repository/RAD_Pages/FilingStatus_Page": null

2023-09-09 20:48:13 - [TEST_STEP][PASSED] - orPath_Amount = "Object Repository/RAD_Pages/PaymentAmount_Page": null

2023-09-09 20:48:13 - [TEST_STEP][PASSED] - selectOptionByLabel(findTestObject(orPath_Landing + "/dd_TaxType"), Paymenttype, false): All options with label 'Existing Liability w/Notice Number' are selected in object 'Object Repository/RAD_Pages/Landing_Page/dd_TaxType' 

2023-09-09 20:48:14 - [MESSAGE][PASSED] - All options with label 'Existing Liability w/Notice Number' are selected in object 'Object Repository/RAD_Pages/Landing_Page/dd_TaxType' 

2023-09-09 20:48:14 - [TEST_STEP][PASSED] - delay(1): Delayed 1 second(s)

2023-09-09 20:48:15 - [MESSAGE][PASSED] - Delayed 1 second(s)

2023-09-09 20:48:15 - [TEST_STEP][PASSED] - switch (Paymenttype): null

2023-09-09 20:48:15 - [TEST_STEP][PASSED] - case "Existing Liability w/Notice Number":: null

2023-09-09 20:48:15 - [TEST_STEP][PASSED] - selectOptionByLabel(findTestObject(orPath_TaxTypeFilingYear + "/select_TaxType_ExistingLiability"), Taxtype, false): All options with label 'Withholding Tax' are selected in object 'Object Repository/RAD_Pages/TaxTypeFilingYear_Page/select_TaxType_ExistingLiability' 

2023-09-09 20:48:16 - [MESSAGE][PASSED] - All options with label 'Withholding Tax' are selected in object 'Object Repository/RAD_Pages/TaxTypeFilingYear_Page/select_TaxType_ExistingLiability' 

2023-09-09 20:48:16 - [TEST_STEP][PASSED] - break: null

2023-09-09 20:48:16 - [TEST_STEP][PASSED] - delay(1): Delayed 1 second(s)

2023-09-09 20:48:17 - [MESSAGE][PASSED] - Delayed 1 second(s)

2023-09-09 20:48:17 - [TEST_STEP][PASSED] - scrollToElement(findTestObject(orPath_Amount + "/input__paymentAmount"), 3): Scroll to object 'Object Repository/RAD_Pages/PaymentAmount_Page/input__paymentAmount' successfully

2023-09-09 20:48:17 - [MESSAGE][PASSED] - Scroll to object 'Object Repository/RAD_Pages/PaymentAmount_Page/input__paymentAmount' successfully

2023-09-09 20:48:17 - [TEST_STEP][PASSED] - setText(findTestObject(orPath_AddressContact + "/input_eMailAddress"), "imtiazster@gmail.com"): Text 'imtiazster@gmail.com' is set on object 'Object Repository/RAD_Pages/AddressAndContactInfo_Page/input_eMailAddress'

2023-09-09 20:48:19 - [MESSAGE][PASSED] - Text 'imtiazster@gmail.com' is set on object 'Object Repository/RAD_Pages/AddressAndContactInfo_Page/input_eMailAddress'

2023-09-09 20:48:19 - [TEST_STEP][PASSED] - setText(findTestObject(orPath_AddressContact + "/input_reEnterEMailAddress"), "iahmed@govolution.com"): Text 'iahmed@govolution.com' is set on object 'Object Repository/RAD_Pages/AddressAndContactInfo_Page/input_reEnterEMailAddress'

2023-09-09 20:48:20 - [MESSAGE][PASSED] - Text 'iahmed@govolution.com' is set on object 'Object Repository/RAD_Pages/AddressAndContactInfo_Page/input_reEnterEMailAddress'

2023-09-09 20:48:20 - [TEST_STEP][PASSED] - delay(2): Delayed 2 second(s)

2023-09-09 20:48:22 - [MESSAGE][PASSED] - Delayed 2 second(s)

2023-09-09 20:48:22 - [TEST_STEP][PASSED] - if (verifyTextPresent("The Email and Re-enter email do not match", true)): null

2023-09-09 20:48:22 - [MESSAGE][PASSED] - Text 'The Email and Re-enter email do not match' is present on page  using regular expression

2023-09-09 20:48:22 - [TEST_STEP][PASSED] - println("Emails Dont match text is present"): null

2023-09-09 20:48:22 - [TEST_STEP][PASSED] - out.println("Pass Record Number: " + row): null

2023-09-09 20:48:22 - [TEST_STEP][PASSED] - resText = "Pass": null

2023-09-09 20:48:22 - [TEST_STEP][PASSED] - pages.WriteExcel.demoKey(resText, datText, resColumn, datCloumn, fileLoc, nameSheet, row): pages.WriteExcel.demoKey is PASSED

2023-09-09 20:48:22 - [MESSAGE][PASSED] - pages.WriteExcel.demoKey is PASSED

2023-09-09 20:48:22 - [TEST_STEP][PASSED] - ExecuteTC = findTestData(dataFile).getValue("Execute", row): null

2023-09-09 20:48:22 - [TEST_STEP][PASSED] - Taxtype = findTestData(dataFile).getValue("TaxType", row): null

2023-09-09 20:48:22 - [TEST_STEP][PASSED] - Paymenttype = findTestData(dataFile).getValue("PaymentType", row): null

2023-09-09 20:48:22 - [TEST_STEP][PASSED] - out.println("Value of Execute is : " + ExecuteTC): null

2023-09-09 20:48:22 - [TEST_STEP][PASSED] - if (ExecuteTC.equalsIgnoreCase("Y")): null

2023-09-09 20:48:22 - [TEST_STEP][PASSED] - out.println("Begin Record Number: " + row): null

2023-09-09 20:48:22 - [TEST_STEP][PASSED] - today = new java.util.Date(): null

2023-09-09 20:48:22 - [TEST_STEP][PASSED] - println(today): null

2023-09-09 20:48:22 - [TEST_STEP][PASSED] - datText = today: null

2023-09-09 20:48:22 - [TEST_STEP][PASSED] - Taxtype = findTestData(dataFile).getValue("TaxType", row): null

2023-09-09 20:48:22 - [TEST_STEP][PASSED] - out.println("Taxtype value is : " + Taxtype): null

2023-09-09 20:48:22 - [TEST_STEP][PASSED] - openBrowser(""): Browser is opened with url: ''

2023-09-09 20:48:22 - [MESSAGE][WARNING] - A browser is already opened. Closing browser and opening a new one

2023-09-09 20:48:23 - [MESSAGE][INFO] - Starting 'Chrome' driver

2023-09-09 20:48:23 - [MESSAGE][INFO] - User set preference: ['acceptInsecureCerts', 'true']

2023-09-09 20:48:23 - [MESSAGE][INFO] - Action delay is set to 0 milliseconds

2023-09-09 20:48:25 - [MESSAGE][PASSED] - Browser is opened with url: ''

2023-09-09 20:48:25 - [TEST_STEP][PASSED] - maximizeWindow(): Current window maximized

2023-09-09 20:48:25 - [MESSAGE][PASSED] - Current window maximized

2023-09-09 20:48:25 - [TEST_STEP][PASSED] - navigateToUrl(RADurl): Navigate to 'https://qa2.velocitypayment.com/client/rad/index.html' successfully

2023-09-09 20:48:27 - [MESSAGE][PASSED] - Navigate to 'https://qa2.velocitypayment.com/client/rad/index.html' successfully

2023-09-09 20:48:27 - [TEST_STEP][PASSED] - orPath_Landing = "Object Repository/RAD_Pages/Landing_Page": null

2023-09-09 20:48:27 - [TEST_STEP][PASSED] - orPath_TaxTypeFilingYear = "Object Repository/RAD_Pages/TaxTypeFilingYear_Page": null

2023-09-09 20:48:27 - [TEST_STEP][PASSED] - orPath_TaxPayer = "Object Repository/RAD_Pages/Taxpayer_Page": null

2023-09-09 20:48:27 - [TEST_STEP][PASSED] - orPath_AddressContact = "Object Repository/RAD_Pages/AddressAndContactInfo_Page": null

2023-09-09 20:48:27 - [TEST_STEP][PASSED] - orPath_FilingStatus = "Object Repository/RAD_Pages/FilingStatus_Page": null

2023-09-09 20:48:27 - [TEST_STEP][PASSED] - orPath_Amount = "Object Repository/RAD_Pages/PaymentAmount_Page": null

2023-09-09 20:48:27 - [TEST_STEP][PASSED] - selectOptionByLabel(findTestObject(orPath_Landing + "/dd_TaxType"), Paymenttype, false): All options with label 'Existing Liability w/Notice Number' are selected in object 'Object Repository/RAD_Pages/Landing_Page/dd_TaxType' 

2023-09-09 20:48:28 - [MESSAGE][PASSED] - All options with label 'Existing Liability w/Notice Number' are selected in object 'Object Repository/RAD_Pages/Landing_Page/dd_TaxType' 

2023-09-09 20:48:28 - [TEST_STEP][PASSED] - delay(1): Delayed 1 second(s)

2023-09-09 20:48:29 - [MESSAGE][PASSED] - Delayed 1 second(s)

2023-09-09 20:48:29 - [TEST_STEP][PASSED] - switch (Paymenttype): null

2023-09-09 20:48:29 - [TEST_STEP][PASSED] - case "Existing Liability w/Notice Number":: null

2023-09-09 20:48:29 - [TEST_STEP][PASSED] - selectOptionByLabel(findTestObject(orPath_TaxTypeFilingYear + "/select_TaxType_ExistingLiability"), Taxtype, false): All options with label 'Alcohol Tax' are selected in object 'Object Repository/RAD_Pages/TaxTypeFilingYear_Page/select_TaxType_ExistingLiability' 

2023-09-09 20:48:30 - [MESSAGE][PASSED] - All options with label 'Alcohol Tax' are selected in object 'Object Repository/RAD_Pages/TaxTypeFilingYear_Page/select_TaxType_ExistingLiability' 

2023-09-09 20:48:30 - [TEST_STEP][PASSED] - break: null

2023-09-09 20:48:30 - [TEST_STEP][PASSED] - delay(1): Delayed 1 second(s)

2023-09-09 20:48:31 - [MESSAGE][PASSED] - Delayed 1 second(s)

2023-09-09 20:48:31 - [TEST_STEP][PASSED] - scrollToElement(findTestObject(orPath_Amount + "/input__paymentAmount"), 3): Scroll to object 'Object Repository/RAD_Pages/PaymentAmount_Page/input__paymentAmount' successfully

2023-09-09 20:48:31 - [MESSAGE][PASSED] - Scroll to object 'Object Repository/RAD_Pages/PaymentAmount_Page/input__paymentAmount' successfully

2023-09-09 20:48:31 - [TEST_STEP][PASSED] - setText(findTestObject(orPath_AddressContact + "/input_eMailAddress"), "imtiazster@gmail.com"): Text 'imtiazster@gmail.com' is set on object 'Object Repository/RAD_Pages/AddressAndContactInfo_Page/input_eMailAddress'

2023-09-09 20:48:33 - [MESSAGE][PASSED] - Text 'imtiazster@gmail.com' is set on object 'Object Repository/RAD_Pages/AddressAndContactInfo_Page/input_eMailAddress'

2023-09-09 20:48:33 - [TEST_STEP][PASSED] - setText(findTestObject(orPath_AddressContact + "/input_reEnterEMailAddress"), "iahmed@govolution.com"): Text 'iahmed@govolution.com' is set on object 'Object Repository/RAD_Pages/AddressAndContactInfo_Page/input_reEnterEMailAddress'

2023-09-09 20:48:34 - [MESSAGE][PASSED] - Text 'iahmed@govolution.com' is set on object 'Object Repository/RAD_Pages/AddressAndContactInfo_Page/input_reEnterEMailAddress'

2023-09-09 20:48:34 - [TEST_STEP][PASSED] - delay(2): Delayed 2 second(s)

2023-09-09 20:48:36 - [MESSAGE][PASSED] - Delayed 2 second(s)

2023-09-09 20:48:36 - [TEST_STEP][PASSED] - if (verifyTextPresent("The Email and Re-enter email do not match", true)): null

2023-09-09 20:48:36 - [MESSAGE][PASSED] - Text 'The Email and Re-enter email do not match' is present on page  using regular expression

2023-09-09 20:48:36 - [TEST_STEP][PASSED] - println("Emails Dont match text is present"): null

2023-09-09 20:48:36 - [TEST_STEP][PASSED] - out.println("Pass Record Number: " + row): null

2023-09-09 20:48:36 - [TEST_STEP][PASSED] - resText = "Pass": null

2023-09-09 20:48:36 - [TEST_STEP][PASSED] - pages.WriteExcel.demoKey(resText, datText, resColumn, datCloumn, fileLoc, nameSheet, row): pages.WriteExcel.demoKey is PASSED

2023-09-09 20:48:36 - [MESSAGE][PASSED] - pages.WriteExcel.demoKey is PASSED

2023-09-09 20:48:36 - [TEST_STEP][PASSED] - ExecuteTC = findTestData(dataFile).getValue("Execute", row): null

2023-09-09 20:48:36 - [TEST_STEP][PASSED] - Taxtype = findTestData(dataFile).getValue("TaxType", row): null

2023-09-09 20:48:36 - [TEST_STEP][PASSED] - Paymenttype = findTestData(dataFile).getValue("PaymentType", row): null

2023-09-09 20:48:36 - [TEST_STEP][PASSED] - out.println("Value of Execute is : " + ExecuteTC): null

2023-09-09 20:48:36 - [TEST_STEP][PASSED] - if (ExecuteTC.equalsIgnoreCase("Y")): null

2023-09-09 20:48:36 - [TEST_STEP][PASSED] - out.println("Begin Record Number: " + row): null

2023-09-09 20:48:36 - [TEST_STEP][PASSED] - today = new java.util.Date(): null

2023-09-09 20:48:36 - [TEST_STEP][PASSED] - println(today): null

2023-09-09 20:48:36 - [TEST_STEP][PASSED] - datText = today: null

2023-09-09 20:48:36 - [TEST_STEP][PASSED] - Taxtype = findTestData(dataFile).getValue("TaxType", row): null

2023-09-09 20:48:36 - [TEST_STEP][PASSED] - out.println("Taxtype value is : " + Taxtype): null

2023-09-09 20:48:36 - [TEST_STEP][PASSED] - openBrowser(""): Browser is opened with url: ''

2023-09-09 20:48:36 - [MESSAGE][WARNING] - A browser is already opened. Closing browser and opening a new one

2023-09-09 20:48:37 - [MESSAGE][INFO] - Starting 'Chrome' driver

2023-09-09 20:48:37 - [MESSAGE][INFO] - User set preference: ['acceptInsecureCerts', 'true']

2023-09-09 20:48:37 - [MESSAGE][INFO] - Action delay is set to 0 milliseconds

2023-09-09 20:48:39 - [MESSAGE][PASSED] - Browser is opened with url: ''

2023-09-09 20:48:39 - [TEST_STEP][PASSED] - maximizeWindow(): Current window maximized

2023-09-09 20:48:39 - [MESSAGE][PASSED] - Current window maximized

2023-09-09 20:48:39 - [TEST_STEP][PASSED] - navigateToUrl(RADurl): Navigate to 'https://qa2.velocitypayment.com/client/rad/index.html' successfully

2023-09-09 20:48:41 - [MESSAGE][PASSED] - Navigate to 'https://qa2.velocitypayment.com/client/rad/index.html' successfully

2023-09-09 20:48:41 - [TEST_STEP][PASSED] - orPath_Landing = "Object Repository/RAD_Pages/Landing_Page": null

2023-09-09 20:48:41 - [TEST_STEP][PASSED] - orPath_TaxTypeFilingYear = "Object Repository/RAD_Pages/TaxTypeFilingYear_Page": null

2023-09-09 20:48:41 - [TEST_STEP][PASSED] - orPath_TaxPayer = "Object Repository/RAD_Pages/Taxpayer_Page": null

2023-09-09 20:48:41 - [TEST_STEP][PASSED] - orPath_AddressContact = "Object Repository/RAD_Pages/AddressAndContactInfo_Page": null

2023-09-09 20:48:41 - [TEST_STEP][PASSED] - orPath_FilingStatus = "Object Repository/RAD_Pages/FilingStatus_Page": null

2023-09-09 20:48:41 - [TEST_STEP][PASSED] - orPath_Amount = "Object Repository/RAD_Pages/PaymentAmount_Page": null

2023-09-09 20:48:41 - [TEST_STEP][PASSED] - selectOptionByLabel(findTestObject(orPath_Landing + "/dd_TaxType"), Paymenttype, false): All options with label 'Existing Liability w/Notice Number' are selected in object 'Object Repository/RAD_Pages/Landing_Page/dd_TaxType' 

2023-09-09 20:48:42 - [MESSAGE][PASSED] - All options with label 'Existing Liability w/Notice Number' are selected in object 'Object Repository/RAD_Pages/Landing_Page/dd_TaxType' 

2023-09-09 20:48:42 - [TEST_STEP][PASSED] - delay(1): Delayed 1 second(s)

2023-09-09 20:48:43 - [MESSAGE][PASSED] - Delayed 1 second(s)

2023-09-09 20:48:43 - [TEST_STEP][PASSED] - switch (Paymenttype): null

2023-09-09 20:48:43 - [TEST_STEP][PASSED] - case "Existing Liability w/Notice Number":: null

2023-09-09 20:48:43 - [TEST_STEP][PASSED] - selectOptionByLabel(findTestObject(orPath_TaxTypeFilingYear + "/select_TaxType_ExistingLiability"), Taxtype, false): All options with label 'PTE Tax Electing Non-S Corp' are selected in object 'Object Repository/RAD_Pages/TaxTypeFilingYear_Page/select_TaxType_ExistingLiability' 

2023-09-09 20:48:43 - [MESSAGE][PASSED] - All options with label 'PTE Tax Electing Non-S Corp' are selected in object 'Object Repository/RAD_Pages/TaxTypeFilingYear_Page/select_TaxType_ExistingLiability' 

2023-09-09 20:48:43 - [TEST_STEP][PASSED] - break: null

2023-09-09 20:48:43 - [TEST_STEP][PASSED] - delay(1): Delayed 1 second(s)

2023-09-09 20:48:44 - [MESSAGE][PASSED] - Delayed 1 second(s)

2023-09-09 20:48:44 - [TEST_STEP][PASSED] - scrollToElement(findTestObject(orPath_Amount + "/input__paymentAmount"), 3): Scroll to object 'Object Repository/RAD_Pages/PaymentAmount_Page/input__paymentAmount' successfully

2023-09-09 20:48:45 - [MESSAGE][PASSED] - Scroll to object 'Object Repository/RAD_Pages/PaymentAmount_Page/input__paymentAmount' successfully

2023-09-09 20:48:45 - [TEST_STEP][PASSED] - setText(findTestObject(orPath_AddressContact + "/input_eMailAddress"), "imtiazster@gmail.com"): Text 'imtiazster@gmail.com' is set on object 'Object Repository/RAD_Pages/AddressAndContactInfo_Page/input_eMailAddress'

2023-09-09 20:48:46 - [MESSAGE][PASSED] - Text 'imtiazster@gmail.com' is set on object 'Object Repository/RAD_Pages/AddressAndContactInfo_Page/input_eMailAddress'

2023-09-09 20:48:46 - [TEST_STEP][PASSED] - setText(findTestObject(orPath_AddressContact + "/input_reEnterEMailAddress"), "iahmed@govolution.com"): Text 'iahmed@govolution.com' is set on object 'Object Repository/RAD_Pages/AddressAndContactInfo_Page/input_reEnterEMailAddress'

2023-09-09 20:48:47 - [MESSAGE][PASSED] - Text 'iahmed@govolution.com' is set on object 'Object Repository/RAD_Pages/AddressAndContactInfo_Page/input_reEnterEMailAddress'

2023-09-09 20:48:47 - [TEST_STEP][PASSED] - delay(2): Delayed 2 second(s)

2023-09-09 20:48:49 - [MESSAGE][PASSED] - Delayed 2 second(s)

2023-09-09 20:48:49 - [TEST_STEP][PASSED] - if (verifyTextPresent("The Email and Re-enter email do not match", true)): null

2023-09-09 20:48:50 - [MESSAGE][PASSED] - Text 'The Email and Re-enter email do not match' is present on page  using regular expression

2023-09-09 20:48:50 - [TEST_STEP][PASSED] - println("Emails Dont match text is present"): null

2023-09-09 20:48:50 - [TEST_STEP][PASSED] - out.println("Pass Record Number: " + row): null

2023-09-09 20:48:50 - [TEST_STEP][PASSED] - resText = "Pass": null

2023-09-09 20:48:50 - [TEST_STEP][PASSED] - pages.WriteExcel.demoKey(resText, datText, resColumn, datCloumn, fileLoc, nameSheet, row): pages.WriteExcel.demoKey is PASSED

2023-09-09 20:48:50 - [MESSAGE][PASSED] - pages.WriteExcel.demoKey is PASSED

2023-09-09 20:48:50 - [TEST_STEP][PASSED] - ExecuteTC = findTestData(dataFile).getValue("Execute", row): null

2023-09-09 20:48:50 - [TEST_STEP][PASSED] - Taxtype = findTestData(dataFile).getValue("TaxType", row): null

2023-09-09 20:48:50 - [TEST_STEP][PASSED] - Paymenttype = findTestData(dataFile).getValue("PaymentType", row): null

2023-09-09 20:48:50 - [TEST_STEP][PASSED] - out.println("Value of Execute is : " + ExecuteTC): null

2023-09-09 20:48:50 - [TEST_STEP][PASSED] - if (ExecuteTC.equalsIgnoreCase("Y")): null

2023-09-09 20:48:50 - [TEST_STEP][PASSED] - out.println("Begin Record Number: " + row): null

2023-09-09 20:48:50 - [TEST_STEP][PASSED] - today = new java.util.Date(): null

2023-09-09 20:48:50 - [TEST_STEP][PASSED] - println(today): null

2023-09-09 20:48:50 - [TEST_STEP][PASSED] - datText = today: null

2023-09-09 20:48:50 - [TEST_STEP][PASSED] - Taxtype = findTestData(dataFile).getValue("TaxType", row): null

2023-09-09 20:48:50 - [TEST_STEP][PASSED] - out.println("Taxtype value is : " + Taxtype): null

2023-09-09 20:48:50 - [TEST_STEP][PASSED] - openBrowser(""): Browser is opened with url: ''

2023-09-09 20:48:50 - [MESSAGE][WARNING] - A browser is already opened. Closing browser and opening a new one

2023-09-09 20:48:51 - [MESSAGE][INFO] - Starting 'Chrome' driver

2023-09-09 20:48:51 - [MESSAGE][INFO] - User set preference: ['acceptInsecureCerts', 'true']

2023-09-09 20:48:51 - [MESSAGE][INFO] - Action delay is set to 0 milliseconds

2023-09-09 20:48:52 - [MESSAGE][PASSED] - Browser is opened with url: ''

2023-09-09 20:48:52 - [TEST_STEP][PASSED] - maximizeWindow(): Current window maximized

2023-09-09 20:48:52 - [MESSAGE][PASSED] - Current window maximized

2023-09-09 20:48:52 - [TEST_STEP][PASSED] - navigateToUrl(RADurl): Navigate to 'https://qa2.velocitypayment.com/client/rad/index.html' successfully

2023-09-09 20:48:54 - [MESSAGE][PASSED] - Navigate to 'https://qa2.velocitypayment.com/client/rad/index.html' successfully

2023-09-09 20:48:54 - [TEST_STEP][PASSED] - orPath_Landing = "Object Repository/RAD_Pages/Landing_Page": null

2023-09-09 20:48:54 - [TEST_STEP][PASSED] - orPath_TaxTypeFilingYear = "Object Repository/RAD_Pages/TaxTypeFilingYear_Page": null

2023-09-09 20:48:54 - [TEST_STEP][PASSED] - orPath_TaxPayer = "Object Repository/RAD_Pages/Taxpayer_Page": null

2023-09-09 20:48:54 - [TEST_STEP][PASSED] - orPath_AddressContact = "Object Repository/RAD_Pages/AddressAndContactInfo_Page": null

2023-09-09 20:48:54 - [TEST_STEP][PASSED] - orPath_FilingStatus = "Object Repository/RAD_Pages/FilingStatus_Page": null

2023-09-09 20:48:54 - [TEST_STEP][PASSED] - orPath_Amount = "Object Repository/RAD_Pages/PaymentAmount_Page": null

2023-09-09 20:48:54 - [TEST_STEP][PASSED] - selectOptionByLabel(findTestObject(orPath_Landing + "/dd_TaxType"), Paymenttype, false): All options with label 'Existing Liability w/Notice Number' are selected in object 'Object Repository/RAD_Pages/Landing_Page/dd_TaxType' 

2023-09-09 20:48:55 - [MESSAGE][PASSED] - All options with label 'Existing Liability w/Notice Number' are selected in object 'Object Repository/RAD_Pages/Landing_Page/dd_TaxType' 

2023-09-09 20:48:55 - [TEST_STEP][PASSED] - delay(1): Delayed 1 second(s)

2023-09-09 20:48:56 - [MESSAGE][PASSED] - Delayed 1 second(s)

2023-09-09 20:48:56 - [TEST_STEP][PASSED] - switch (Paymenttype): null

2023-09-09 20:48:56 - [TEST_STEP][PASSED] - case "Existing Liability w/Notice Number":: null

2023-09-09 20:48:56 - [TEST_STEP][PASSED] - selectOptionByLabel(findTestObject(orPath_TaxTypeFilingYear + "/select_TaxType_ExistingLiability"), Taxtype, false): All options with label 'PTE Tax Electing S Corp' are selected in object 'Object Repository/RAD_Pages/TaxTypeFilingYear_Page/select_TaxType_ExistingLiability' 

2023-09-09 20:48:57 - [MESSAGE][PASSED] - All options with label 'PTE Tax Electing S Corp' are selected in object 'Object Repository/RAD_Pages/TaxTypeFilingYear_Page/select_TaxType_ExistingLiability' 

2023-09-09 20:48:57 - [TEST_STEP][PASSED] - break: null

2023-09-09 20:48:57 - [TEST_STEP][PASSED] - delay(1): Delayed 1 second(s)

2023-09-09 20:48:58 - [MESSAGE][PASSED] - Delayed 1 second(s)

2023-09-09 20:48:58 - [TEST_STEP][PASSED] - scrollToElement(findTestObject(orPath_Amount + "/input__paymentAmount"), 3): Scroll to object 'Object Repository/RAD_Pages/PaymentAmount_Page/input__paymentAmount' successfully

2023-09-09 20:48:58 - [MESSAGE][PASSED] - Scroll to object 'Object Repository/RAD_Pages/PaymentAmount_Page/input__paymentAmount' successfully

2023-09-09 20:48:58 - [TEST_STEP][PASSED] - setText(findTestObject(orPath_AddressContact + "/input_eMailAddress"), "imtiazster@gmail.com"): Text 'imtiazster@gmail.com' is set on object 'Object Repository/RAD_Pages/AddressAndContactInfo_Page/input_eMailAddress'

2023-09-09 20:49:00 - [MESSAGE][PASSED] - Text 'imtiazster@gmail.com' is set on object 'Object Repository/RAD_Pages/AddressAndContactInfo_Page/input_eMailAddress'

2023-09-09 20:49:00 - [TEST_STEP][PASSED] - setText(findTestObject(orPath_AddressContact + "/input_reEnterEMailAddress"), "iahmed@govolution.com"): Text 'iahmed@govolution.com' is set on object 'Object Repository/RAD_Pages/AddressAndContactInfo_Page/input_reEnterEMailAddress'

2023-09-09 20:49:01 - [MESSAGE][PASSED] - Text 'iahmed@govolution.com' is set on object 'Object Repository/RAD_Pages/AddressAndContactInfo_Page/input_reEnterEMailAddress'

2023-09-09 20:49:01 - [TEST_STEP][PASSED] - delay(2): Delayed 2 second(s)

2023-09-09 20:49:03 - [MESSAGE][PASSED] - Delayed 2 second(s)

2023-09-09 20:49:03 - [TEST_STEP][PASSED] - if (verifyTextPresent("The Email and Re-enter email do not match", true)): null

2023-09-09 20:49:03 - [MESSAGE][PASSED] - Text 'The Email and Re-enter email do not match' is present on page  using regular expression

2023-09-09 20:49:03 - [TEST_STEP][PASSED] - println("Emails Dont match text is present"): null

2023-09-09 20:49:03 - [TEST_STEP][PASSED] - out.println("Pass Record Number: " + row): null

2023-09-09 20:49:03 - [TEST_STEP][PASSED] - resText = "Pass": null

2023-09-09 20:49:03 - [TEST_STEP][PASSED] - pages.WriteExcel.demoKey(resText, datText, resColumn, datCloumn, fileLoc, nameSheet, row): pages.WriteExcel.demoKey is PASSED

2023-09-09 20:49:03 - [MESSAGE][PASSED] - pages.WriteExcel.demoKey is PASSED

2023-09-09 20:49:03 - [TEST_STEP][PASSED] - ExecuteTC = findTestData(dataFile).getValue("Execute", row): null

2023-09-09 20:49:03 - [TEST_STEP][PASSED] - Taxtype = findTestData(dataFile).getValue("TaxType", row): null

2023-09-09 20:49:03 - [TEST_STEP][PASSED] - Paymenttype = findTestData(dataFile).getValue("PaymentType", row): null

2023-09-09 20:49:03 - [TEST_STEP][PASSED] - out.println("Value of Execute is : " + ExecuteTC): null

2023-09-09 20:49:03 - [TEST_STEP][PASSED] - if (ExecuteTC.equalsIgnoreCase("Y")): null

2023-09-09 20:49:03 - [TEST_STEP][PASSED] - out.println("Begin Record Number: " + row): null

2023-09-09 20:49:03 - [TEST_STEP][PASSED] - today = new java.util.Date(): null

2023-09-09 20:49:03 - [TEST_STEP][PASSED] - println(today): null

2023-09-09 20:49:03 - [TEST_STEP][PASSED] - datText = today: null

2023-09-09 20:49:03 - [TEST_STEP][PASSED] - Taxtype = findTestData(dataFile).getValue("TaxType", row): null

2023-09-09 20:49:04 - [TEST_STEP][PASSED] - out.println("Taxtype value is : " + Taxtype): null

2023-09-09 20:49:04 - [TEST_STEP][PASSED] - openBrowser(""): Browser is opened with url: ''

2023-09-09 20:49:04 - [MESSAGE][WARNING] - A browser is already opened. Closing browser and opening a new one

2023-09-09 20:49:05 - [MESSAGE][INFO] - Starting 'Chrome' driver

2023-09-09 20:49:05 - [MESSAGE][INFO] - User set preference: ['acceptInsecureCerts', 'true']

2023-09-09 20:49:05 - [MESSAGE][INFO] - Action delay is set to 0 milliseconds

2023-09-09 20:49:06 - [MESSAGE][PASSED] - Browser is opened with url: ''

2023-09-09 20:49:06 - [TEST_STEP][PASSED] - maximizeWindow(): Current window maximized

2023-09-09 20:49:06 - [MESSAGE][PASSED] - Current window maximized

2023-09-09 20:49:06 - [TEST_STEP][PASSED] - navigateToUrl(RADurl): Navigate to 'https://qa2.velocitypayment.com/client/rad/index.html' successfully

2023-09-09 20:49:08 - [MESSAGE][PASSED] - Navigate to 'https://qa2.velocitypayment.com/client/rad/index.html' successfully

2023-09-09 20:49:08 - [TEST_STEP][PASSED] - orPath_Landing = "Object Repository/RAD_Pages/Landing_Page": null

2023-09-09 20:49:08 - [TEST_STEP][PASSED] - orPath_TaxTypeFilingYear = "Object Repository/RAD_Pages/TaxTypeFilingYear_Page": null

2023-09-09 20:49:08 - [TEST_STEP][PASSED] - orPath_TaxPayer = "Object Repository/RAD_Pages/Taxpayer_Page": null

2023-09-09 20:49:08 - [TEST_STEP][PASSED] - orPath_AddressContact = "Object Repository/RAD_Pages/AddressAndContactInfo_Page": null

2023-09-09 20:49:08 - [TEST_STEP][PASSED] - orPath_FilingStatus = "Object Repository/RAD_Pages/FilingStatus_Page": null

2023-09-09 20:49:08 - [TEST_STEP][PASSED] - orPath_Amount = "Object Repository/RAD_Pages/PaymentAmount_Page": null

2023-09-09 20:49:08 - [TEST_STEP][PASSED] - selectOptionByLabel(findTestObject(orPath_Landing + "/dd_TaxType"), Paymenttype, false): All options with label 'Existing Liability w/Notice Number' are selected in object 'Object Repository/RAD_Pages/Landing_Page/dd_TaxType' 

2023-09-09 20:49:09 - [MESSAGE][PASSED] - All options with label 'Existing Liability w/Notice Number' are selected in object 'Object Repository/RAD_Pages/Landing_Page/dd_TaxType' 

2023-09-09 20:49:09 - [TEST_STEP][PASSED] - delay(1): Delayed 1 second(s)

2023-09-09 20:49:10 - [MESSAGE][PASSED] - Delayed 1 second(s)

2023-09-09 20:49:10 - [TEST_STEP][PASSED] - switch (Paymenttype): null

2023-09-09 20:49:10 - [TEST_STEP][PASSED] - case "Existing Liability w/Notice Number":: null

2023-09-09 20:49:10 - [TEST_STEP][PASSED] - selectOptionByLabel(findTestObject(orPath_TaxTypeFilingYear + "/select_TaxType_ExistingLiability"), Taxtype, false): All options with label 'Personal Income Tax' are selected in object 'Object Repository/RAD_Pages/TaxTypeFilingYear_Page/select_TaxType_ExistingLiability' 

2023-09-09 20:49:10 - [MESSAGE][PASSED] - All options with label 'Personal Income Tax' are selected in object 'Object Repository/RAD_Pages/TaxTypeFilingYear_Page/select_TaxType_ExistingLiability' 

2023-09-09 20:49:10 - [TEST_STEP][PASSED] - break: null

2023-09-09 20:49:10 - [TEST_STEP][PASSED] - delay(1): Delayed 1 second(s)

2023-09-09 20:49:11 - [MESSAGE][PASSED] - Delayed 1 second(s)

2023-09-09 20:49:11 - [TEST_STEP][PASSED] - scrollToElement(findTestObject(orPath_Amount + "/input__paymentAmount"), 3): Scroll to object 'Object Repository/RAD_Pages/PaymentAmount_Page/input__paymentAmount' successfully

2023-09-09 20:49:12 - [MESSAGE][PASSED] - Scroll to object 'Object Repository/RAD_Pages/PaymentAmount_Page/input__paymentAmount' successfully

2023-09-09 20:49:12 - [TEST_STEP][PASSED] - setText(findTestObject(orPath_AddressContact + "/input_eMailAddress"), "imtiazster@gmail.com"): Text 'imtiazster@gmail.com' is set on object 'Object Repository/RAD_Pages/AddressAndContactInfo_Page/input_eMailAddress'

2023-09-09 20:49:13 - [MESSAGE][PASSED] - Text 'imtiazster@gmail.com' is set on object 'Object Repository/RAD_Pages/AddressAndContactInfo_Page/input_eMailAddress'

2023-09-09 20:49:13 - [TEST_STEP][PASSED] - setText(findTestObject(orPath_AddressContact + "/input_reEnterEMailAddress"), "iahmed@govolution.com"): Text 'iahmed@govolution.com' is set on object 'Object Repository/RAD_Pages/AddressAndContactInfo_Page/input_reEnterEMailAddress'

2023-09-09 20:49:14 - [MESSAGE][PASSED] - Text 'iahmed@govolution.com' is set on object 'Object Repository/RAD_Pages/AddressAndContactInfo_Page/input_reEnterEMailAddress'

2023-09-09 20:49:14 - [TEST_STEP][PASSED] - delay(2): Delayed 2 second(s)

2023-09-09 20:49:16 - [MESSAGE][PASSED] - Delayed 2 second(s)

2023-09-09 20:49:16 - [TEST_STEP][PASSED] - if (verifyTextPresent("The Email and Re-enter email do not match", true)): null

2023-09-09 20:49:17 - [MESSAGE][PASSED] - Text 'The Email and Re-enter email do not match' is present on page  using regular expression

2023-09-09 20:49:17 - [TEST_STEP][PASSED] - println("Emails Dont match text is present"): null

2023-09-09 20:49:17 - [TEST_STEP][PASSED] - out.println("Pass Record Number: " + row): null

2023-09-09 20:49:17 - [TEST_STEP][PASSED] - resText = "Pass": null

2023-09-09 20:49:17 - [TEST_STEP][PASSED] - pages.WriteExcel.demoKey(resText, datText, resColumn, datCloumn, fileLoc, nameSheet, row): pages.WriteExcel.demoKey is PASSED

2023-09-09 20:49:17 - [MESSAGE][PASSED] - pages.WriteExcel.demoKey is PASSED

2023-09-09 20:49:17 - [TEST_STEP][PASSED] - ExecuteTC = findTestData(dataFile).getValue("Execute", row): null

2023-09-09 20:49:17 - [TEST_STEP][PASSED] - Taxtype = findTestData(dataFile).getValue("TaxType", row): null

2023-09-09 20:49:17 - [TEST_STEP][PASSED] - Paymenttype = findTestData(dataFile).getValue("PaymentType", row): null

2023-09-09 20:49:17 - [TEST_STEP][PASSED] - out.println("Value of Execute is : " + ExecuteTC): null

2023-09-09 20:49:17 - [TEST_STEP][PASSED] - if (ExecuteTC.equalsIgnoreCase("Y")): null

2023-09-09 20:49:17 - [TEST_STEP][PASSED] - out.println("Begin Record Number: " + row): null

2023-09-09 20:49:17 - [TEST_STEP][PASSED] - today = new java.util.Date(): null

2023-09-09 20:49:17 - [TEST_STEP][PASSED] - println(today): null

2023-09-09 20:49:17 - [TEST_STEP][PASSED] - datText = today: null

2023-09-09 20:49:17 - [TEST_STEP][PASSED] - Taxtype = findTestData(dataFile).getValue("TaxType", row): null

2023-09-09 20:49:17 - [TEST_STEP][PASSED] - out.println("Taxtype value is : " + Taxtype): null

2023-09-09 20:49:17 - [TEST_STEP][PASSED] - openBrowser(""): Browser is opened with url: ''

2023-09-09 20:49:17 - [MESSAGE][WARNING] - A browser is already opened. Closing browser and opening a new one

2023-09-09 20:49:18 - [MESSAGE][INFO] - Starting 'Chrome' driver

2023-09-09 20:49:18 - [MESSAGE][INFO] - User set preference: ['acceptInsecureCerts', 'true']

2023-09-09 20:49:18 - [MESSAGE][INFO] - Action delay is set to 0 milliseconds

2023-09-09 20:49:19 - [MESSAGE][PASSED] - Browser is opened with url: ''

2023-09-09 20:49:19 - [TEST_STEP][PASSED] - maximizeWindow(): Current window maximized

2023-09-09 20:49:19 - [MESSAGE][PASSED] - Current window maximized

2023-09-09 20:49:19 - [TEST_STEP][PASSED] - navigateToUrl(RADurl): Navigate to 'https://qa2.velocitypayment.com/client/rad/index.html' successfully

2023-09-09 20:49:21 - [MESSAGE][PASSED] - Navigate to 'https://qa2.velocitypayment.com/client/rad/index.html' successfully

2023-09-09 20:49:21 - [TEST_STEP][PASSED] - orPath_Landing = "Object Repository/RAD_Pages/Landing_Page": null

2023-09-09 20:49:21 - [TEST_STEP][PASSED] - orPath_TaxTypeFilingYear = "Object Repository/RAD_Pages/TaxTypeFilingYear_Page": null

2023-09-09 20:49:21 - [TEST_STEP][PASSED] - orPath_TaxPayer = "Object Repository/RAD_Pages/Taxpayer_Page": null

2023-09-09 20:49:21 - [TEST_STEP][PASSED] - orPath_AddressContact = "Object Repository/RAD_Pages/AddressAndContactInfo_Page": null

2023-09-09 20:49:21 - [TEST_STEP][PASSED] - orPath_FilingStatus = "Object Repository/RAD_Pages/FilingStatus_Page": null

2023-09-09 20:49:21 - [TEST_STEP][PASSED] - orPath_Amount = "Object Repository/RAD_Pages/PaymentAmount_Page": null

2023-09-09 20:49:21 - [TEST_STEP][PASSED] - selectOptionByLabel(findTestObject(orPath_Landing + "/dd_TaxType"), Paymenttype, false): All options with label 'Quarterly Estimated Tax' are selected in object 'Object Repository/RAD_Pages/Landing_Page/dd_TaxType' 

2023-09-09 20:49:22 - [MESSAGE][PASSED] - All options with label 'Quarterly Estimated Tax' are selected in object 'Object Repository/RAD_Pages/Landing_Page/dd_TaxType' 

2023-09-09 20:49:22 - [TEST_STEP][PASSED] - delay(1): Delayed 1 second(s)

2023-09-09 20:49:23 - [MESSAGE][PASSED] - Delayed 1 second(s)

2023-09-09 20:49:23 - [TEST_STEP][PASSED] - switch (Paymenttype): null

2023-09-09 20:49:23 - [TEST_STEP][PASSED] - case "Quarterly Estimated Tax":: null

2023-09-09 20:49:23 - [TEST_STEP][PASSED] - selectOptionByLabel(findTestObject(orPath_TaxTypeFilingYear + "/select_PaymentType"), Taxtype, false): All options with label 'Corporate Income Tax' are selected in object 'Object Repository/RAD_Pages/TaxTypeFilingYear_Page/select_PaymentType' 

2023-09-09 20:49:23 - [MESSAGE][PASSED] - All options with label 'Corporate Income Tax' are selected in object 'Object Repository/RAD_Pages/TaxTypeFilingYear_Page/select_PaymentType' 

2023-09-09 20:49:23 - [TEST_STEP][PASSED] - break: null

2023-09-09 20:49:23 - [TEST_STEP][PASSED] - delay(1): Delayed 1 second(s)

2023-09-09 20:49:24 - [MESSAGE][PASSED] - Delayed 1 second(s)

2023-09-09 20:49:24 - [TEST_STEP][PASSED] - scrollToElement(findTestObject(orPath_Amount + "/input__paymentAmount"), 3): Scroll to object 'Object Repository/RAD_Pages/PaymentAmount_Page/input__paymentAmount' successfully

2023-09-09 20:49:25 - [MESSAGE][PASSED] - Scroll to object 'Object Repository/RAD_Pages/PaymentAmount_Page/input__paymentAmount' successfully

2023-09-09 20:49:25 - [TEST_STEP][PASSED] - setText(findTestObject(orPath_AddressContact + "/input_eMailAddress"), "imtiazster@gmail.com"): Text 'imtiazster@gmail.com' is set on object 'Object Repository/RAD_Pages/AddressAndContactInfo_Page/input_eMailAddress'

2023-09-09 20:49:26 - [MESSAGE][PASSED] - Text 'imtiazster@gmail.com' is set on object 'Object Repository/RAD_Pages/AddressAndContactInfo_Page/input_eMailAddress'

2023-09-09 20:49:26 - [TEST_STEP][PASSED] - setText(findTestObject(orPath_AddressContact + "/input_reEnterEMailAddress"), "iahmed@govolution.com"): Text 'iahmed@govolution.com' is set on object 'Object Repository/RAD_Pages/AddressAndContactInfo_Page/input_reEnterEMailAddress'

2023-09-09 20:49:27 - [MESSAGE][PASSED] - Text 'iahmed@govolution.com' is set on object 'Object Repository/RAD_Pages/AddressAndContactInfo_Page/input_reEnterEMailAddress'

2023-09-09 20:49:27 - [TEST_STEP][PASSED] - delay(2): Delayed 2 second(s)

2023-09-09 20:49:29 - [MESSAGE][PASSED] - Delayed 2 second(s)

2023-09-09 20:49:29 - [TEST_STEP][PASSED] - if (verifyTextPresent("The Email and Re-enter email do not match", true)): null

2023-09-09 20:49:30 - [MESSAGE][PASSED] - Text 'The Email and Re-enter email do not match' is present on page  using regular expression

2023-09-09 20:49:30 - [TEST_STEP][PASSED] - println("Emails Dont match text is present"): null

2023-09-09 20:49:30 - [TEST_STEP][PASSED] - out.println("Pass Record Number: " + row): null

2023-09-09 20:49:30 - [TEST_STEP][PASSED] - resText = "Pass": null

2023-09-09 20:49:30 - [TEST_STEP][PASSED] - pages.WriteExcel.demoKey(resText, datText, resColumn, datCloumn, fileLoc, nameSheet, row): pages.WriteExcel.demoKey is PASSED

2023-09-09 20:49:30 - [MESSAGE][PASSED] - pages.WriteExcel.demoKey is PASSED

2023-09-09 20:49:30 - [TEST_STEP][PASSED] - ExecuteTC = findTestData(dataFile).getValue("Execute", row): null

2023-09-09 20:49:30 - [TEST_STEP][PASSED] - Taxtype = findTestData(dataFile).getValue("TaxType", row): null

2023-09-09 20:49:30 - [TEST_STEP][PASSED] - Paymenttype = findTestData(dataFile).getValue("PaymentType", row): null

2023-09-09 20:49:30 - [TEST_STEP][PASSED] - out.println("Value of Execute is : " + ExecuteTC): null

2023-09-09 20:49:30 - [TEST_STEP][PASSED] - if (ExecuteTC.equalsIgnoreCase("Y")): null

2023-09-09 20:49:30 - [TEST_STEP][PASSED] - out.println("Begin Record Number: " + row): null

2023-09-09 20:49:30 - [TEST_STEP][PASSED] - today = new java.util.Date(): null

2023-09-09 20:49:30 - [TEST_STEP][PASSED] - println(today): null

2023-09-09 20:49:30 - [TEST_STEP][PASSED] - datText = today: null

2023-09-09 20:49:30 - [TEST_STEP][PASSED] - Taxtype = findTestData(dataFile).getValue("TaxType", row): null

2023-09-09 20:49:30 - [TEST_STEP][PASSED] - out.println("Taxtype value is : " + Taxtype): null

2023-09-09 20:49:30 - [TEST_STEP][PASSED] - openBrowser(""): Browser is opened with url: ''

2023-09-09 20:49:30 - [MESSAGE][WARNING] - A browser is already opened. Closing browser and opening a new one

2023-09-09 20:49:31 - [MESSAGE][INFO] - Starting 'Chrome' driver

2023-09-09 20:49:31 - [MESSAGE][INFO] - User set preference: ['acceptInsecureCerts', 'true']

2023-09-09 20:49:31 - [MESSAGE][INFO] - Action delay is set to 0 milliseconds

2023-09-09 20:49:32 - [MESSAGE][PASSED] - Browser is opened with url: ''

2023-09-09 20:49:32 - [TEST_STEP][PASSED] - maximizeWindow(): Current window maximized

2023-09-09 20:49:32 - [MESSAGE][PASSED] - Current window maximized

2023-09-09 20:49:32 - [TEST_STEP][PASSED] - navigateToUrl(RADurl): Navigate to 'https://qa2.velocitypayment.com/client/rad/index.html' successfully

2023-09-09 20:49:34 - [MESSAGE][PASSED] - Navigate to 'https://qa2.velocitypayment.com/client/rad/index.html' successfully

2023-09-09 20:49:34 - [TEST_STEP][PASSED] - orPath_Landing = "Object Repository/RAD_Pages/Landing_Page": null

2023-09-09 20:49:34 - [TEST_STEP][PASSED] - orPath_TaxTypeFilingYear = "Object Repository/RAD_Pages/TaxTypeFilingYear_Page": null

2023-09-09 20:49:34 - [TEST_STEP][PASSED] - orPath_TaxPayer = "Object Repository/RAD_Pages/Taxpayer_Page": null

2023-09-09 20:49:34 - [TEST_STEP][PASSED] - orPath_AddressContact = "Object Repository/RAD_Pages/AddressAndContactInfo_Page": null

2023-09-09 20:49:34 - [TEST_STEP][PASSED] - orPath_FilingStatus = "Object Repository/RAD_Pages/FilingStatus_Page": null

2023-09-09 20:49:34 - [TEST_STEP][PASSED] - orPath_Amount = "Object Repository/RAD_Pages/PaymentAmount_Page": null

2023-09-09 20:49:34 - [TEST_STEP][PASSED] - selectOptionByLabel(findTestObject(orPath_Landing + "/dd_TaxType"), Paymenttype, false): All options with label 'Quarterly Estimated Tax' are selected in object 'Object Repository/RAD_Pages/Landing_Page/dd_TaxType' 

2023-09-09 20:49:34 - [MESSAGE][PASSED] - All options with label 'Quarterly Estimated Tax' are selected in object 'Object Repository/RAD_Pages/Landing_Page/dd_TaxType' 

2023-09-09 20:49:34 - [TEST_STEP][PASSED] - delay(1): Delayed 1 second(s)

2023-09-09 20:49:35 - [MESSAGE][PASSED] - Delayed 1 second(s)

2023-09-09 20:49:35 - [TEST_STEP][PASSED] - switch (Paymenttype): null

2023-09-09 20:49:35 - [TEST_STEP][PASSED] - case "Quarterly Estimated Tax":: null

2023-09-09 20:49:35 - [TEST_STEP][PASSED] - selectOptionByLabel(findTestObject(orPath_TaxTypeFilingYear + "/select_PaymentType"), Taxtype, false): All options with label 'Fiduciary Tax' are selected in object 'Object Repository/RAD_Pages/TaxTypeFilingYear_Page/select_PaymentType' 

2023-09-09 20:49:36 - [MESSAGE][PASSED] - All options with label 'Fiduciary Tax' are selected in object 'Object Repository/RAD_Pages/TaxTypeFilingYear_Page/select_PaymentType' 

2023-09-09 20:49:36 - [TEST_STEP][PASSED] - break: null

2023-09-09 20:49:36 - [TEST_STEP][PASSED] - delay(1): Delayed 1 second(s)

2023-09-09 20:49:37 - [MESSAGE][PASSED] - Delayed 1 second(s)

2023-09-09 20:49:37 - [TEST_STEP][PASSED] - scrollToElement(findTestObject(orPath_Amount + "/input__paymentAmount"), 3): Scroll to object 'Object Repository/RAD_Pages/PaymentAmount_Page/input__paymentAmount' successfully

2023-09-09 20:49:37 - [MESSAGE][PASSED] - Scroll to object 'Object Repository/RAD_Pages/PaymentAmount_Page/input__paymentAmount' successfully

2023-09-09 20:49:37 - [TEST_STEP][PASSED] - setText(findTestObject(orPath_AddressContact + "/input_eMailAddress"), "imtiazster@gmail.com"): Text 'imtiazster@gmail.com' is set on object 'Object Repository/RAD_Pages/AddressAndContactInfo_Page/input_eMailAddress'

2023-09-09 20:49:39 - [MESSAGE][PASSED] - Text 'imtiazster@gmail.com' is set on object 'Object Repository/RAD_Pages/AddressAndContactInfo_Page/input_eMailAddress'

2023-09-09 20:49:39 - [TEST_STEP][PASSED] - setText(findTestObject(orPath_AddressContact + "/input_reEnterEMailAddress"), "iahmed@govolution.com"): Text 'iahmed@govolution.com' is set on object 'Object Repository/RAD_Pages/AddressAndContactInfo_Page/input_reEnterEMailAddress'

2023-09-09 20:49:40 - [MESSAGE][PASSED] - Text 'iahmed@govolution.com' is set on object 'Object Repository/RAD_Pages/AddressAndContactInfo_Page/input_reEnterEMailAddress'

2023-09-09 20:49:40 - [TEST_STEP][PASSED] - delay(2): Delayed 2 second(s)

2023-09-09 20:49:42 - [MESSAGE][PASSED] - Delayed 2 second(s)

2023-09-09 20:49:42 - [TEST_STEP][PASSED] - if (verifyTextPresent("The Email and Re-enter email do not match", true)): null

2023-09-09 20:49:42 - [MESSAGE][PASSED] - Text 'The Email and Re-enter email do not match' is present on page  using regular expression

2023-09-09 20:49:42 - [TEST_STEP][PASSED] - println("Emails Dont match text is present"): null

2023-09-09 20:49:42 - [TEST_STEP][PASSED] - out.println("Pass Record Number: " + row): null

2023-09-09 20:49:42 - [TEST_STEP][PASSED] - resText = "Pass": null

2023-09-09 20:49:42 - [TEST_STEP][PASSED] - pages.WriteExcel.demoKey(resText, datText, resColumn, datCloumn, fileLoc, nameSheet, row): pages.WriteExcel.demoKey is PASSED

2023-09-09 20:49:43 - [MESSAGE][PASSED] - pages.WriteExcel.demoKey is PASSED

2023-09-09 20:49:43 - [TEST_STEP][PASSED] - ExecuteTC = findTestData(dataFile).getValue("Execute", row): null

2023-09-09 20:49:43 - [TEST_STEP][PASSED] - Taxtype = findTestData(dataFile).getValue("TaxType", row): null

2023-09-09 20:49:43 - [TEST_STEP][PASSED] - Paymenttype = findTestData(dataFile).getValue("PaymentType", row): null

2023-09-09 20:49:43 - [TEST_STEP][PASSED] - out.println("Value of Execute is : " + ExecuteTC): null

2023-09-09 20:49:43 - [TEST_STEP][PASSED] - if (ExecuteTC.equalsIgnoreCase("Y")): null

2023-09-09 20:49:43 - [TEST_STEP][PASSED] - out.println("Begin Record Number: " + row): null

2023-09-09 20:49:43 - [TEST_STEP][PASSED] - today = new java.util.Date(): null

2023-09-09 20:49:43 - [TEST_STEP][PASSED] - println(today): null

2023-09-09 20:49:43 - [TEST_STEP][PASSED] - datText = today: null

2023-09-09 20:49:43 - [TEST_STEP][PASSED] - Taxtype = findTestData(dataFile).getValue("TaxType", row): null

2023-09-09 20:49:43 - [TEST_STEP][PASSED] - out.println("Taxtype value is : " + Taxtype): null

2023-09-09 20:49:43 - [TEST_STEP][PASSED] - openBrowser(""): Browser is opened with url: ''

2023-09-09 20:49:43 - [MESSAGE][WARNING] - A browser is already opened. Closing browser and opening a new one

2023-09-09 20:49:44 - [MESSAGE][INFO] - Starting 'Chrome' driver

2023-09-09 20:49:44 - [MESSAGE][INFO] - User set preference: ['acceptInsecureCerts', 'true']

2023-09-09 20:49:44 - [MESSAGE][INFO] - Action delay is set to 0 milliseconds

2023-09-09 20:49:45 - [MESSAGE][PASSED] - Browser is opened with url: ''

2023-09-09 20:49:45 - [TEST_STEP][PASSED] - maximizeWindow(): Current window maximized

2023-09-09 20:49:45 - [MESSAGE][PASSED] - Current window maximized

2023-09-09 20:49:45 - [TEST_STEP][PASSED] - navigateToUrl(RADurl): Navigate to 'https://qa2.velocitypayment.com/client/rad/index.html' successfully

2023-09-09 20:49:47 - [MESSAGE][PASSED] - Navigate to 'https://qa2.velocitypayment.com/client/rad/index.html' successfully

2023-09-09 20:49:47 - [TEST_STEP][PASSED] - orPath_Landing = "Object Repository/RAD_Pages/Landing_Page": null

2023-09-09 20:49:47 - [TEST_STEP][PASSED] - orPath_TaxTypeFilingYear = "Object Repository/RAD_Pages/TaxTypeFilingYear_Page": null

2023-09-09 20:49:47 - [TEST_STEP][PASSED] - orPath_TaxPayer = "Object Repository/RAD_Pages/Taxpayer_Page": null

2023-09-09 20:49:47 - [TEST_STEP][PASSED] - orPath_AddressContact = "Object Repository/RAD_Pages/AddressAndContactInfo_Page": null

2023-09-09 20:49:47 - [TEST_STEP][PASSED] - orPath_FilingStatus = "Object Repository/RAD_Pages/FilingStatus_Page": null

2023-09-09 20:49:47 - [TEST_STEP][PASSED] - orPath_Amount = "Object Repository/RAD_Pages/PaymentAmount_Page": null

2023-09-09 20:49:47 - [TEST_STEP][PASSED] - selectOptionByLabel(findTestObject(orPath_Landing + "/dd_TaxType"), Paymenttype, false): All options with label 'Quarterly Estimated Tax' are selected in object 'Object Repository/RAD_Pages/Landing_Page/dd_TaxType' 

2023-09-09 20:49:47 - [MESSAGE][PASSED] - All options with label 'Quarterly Estimated Tax' are selected in object 'Object Repository/RAD_Pages/Landing_Page/dd_TaxType' 

2023-09-09 20:49:47 - [TEST_STEP][PASSED] - delay(1): Delayed 1 second(s)

2023-09-09 20:49:48 - [MESSAGE][PASSED] - Delayed 1 second(s)

2023-09-09 20:49:48 - [TEST_STEP][PASSED] - switch (Paymenttype): null

2023-09-09 20:49:48 - [TEST_STEP][PASSED] - case "Quarterly Estimated Tax":: null

2023-09-09 20:49:48 - [TEST_STEP][PASSED] - selectOptionByLabel(findTestObject(orPath_TaxTypeFilingYear + "/select_PaymentType"), Taxtype, false): All options with label 'PTE Non-Electing Non-S Corp' are selected in object 'Object Repository/RAD_Pages/TaxTypeFilingYear_Page/select_PaymentType' 

2023-09-09 20:49:49 - [MESSAGE][PASSED] - All options with label 'PTE Non-Electing Non-S Corp' are selected in object 'Object Repository/RAD_Pages/TaxTypeFilingYear_Page/select_PaymentType' 

2023-09-09 20:49:49 - [TEST_STEP][PASSED] - break: null

2023-09-09 20:49:49 - [TEST_STEP][PASSED] - delay(1): Delayed 1 second(s)

2023-09-09 20:49:50 - [MESSAGE][PASSED] - Delayed 1 second(s)

2023-09-09 20:49:50 - [TEST_STEP][PASSED] - scrollToElement(findTestObject(orPath_Amount + "/input__paymentAmount"), 3): Scroll to object 'Object Repository/RAD_Pages/PaymentAmount_Page/input__paymentAmount' successfully

2023-09-09 20:49:50 - [MESSAGE][PASSED] - Scroll to object 'Object Repository/RAD_Pages/PaymentAmount_Page/input__paymentAmount' successfully

2023-09-09 20:49:50 - [TEST_STEP][PASSED] - setText(findTestObject(orPath_AddressContact + "/input_eMailAddress"), "imtiazster@gmail.com"): Text 'imtiazster@gmail.com' is set on object 'Object Repository/RAD_Pages/AddressAndContactInfo_Page/input_eMailAddress'

2023-09-09 20:49:52 - [MESSAGE][PASSED] - Text 'imtiazster@gmail.com' is set on object 'Object Repository/RAD_Pages/AddressAndContactInfo_Page/input_eMailAddress'

2023-09-09 20:49:52 - [TEST_STEP][PASSED] - setText(findTestObject(orPath_AddressContact + "/input_reEnterEMailAddress"), "iahmed@govolution.com"): Text 'iahmed@govolution.com' is set on object 'Object Repository/RAD_Pages/AddressAndContactInfo_Page/input_reEnterEMailAddress'

2023-09-09 20:49:53 - [MESSAGE][PASSED] - Text 'iahmed@govolution.com' is set on object 'Object Repository/RAD_Pages/AddressAndContactInfo_Page/input_reEnterEMailAddress'

2023-09-09 20:49:53 - [TEST_STEP][PASSED] - delay(2): Delayed 2 second(s)

2023-09-09 20:49:55 - [MESSAGE][PASSED] - Delayed 2 second(s)

2023-09-09 20:49:55 - [TEST_STEP][PASSED] - if (verifyTextPresent("The Email and Re-enter email do not match", true)): null

2023-09-09 20:49:55 - [MESSAGE][PASSED] - Text 'The Email and Re-enter email do not match' is present on page  using regular expression

2023-09-09 20:49:55 - [TEST_STEP][PASSED] - println("Emails Dont match text is present"): null

2023-09-09 20:49:55 - [TEST_STEP][PASSED] - out.println("Pass Record Number: " + row): null

2023-09-09 20:49:55 - [TEST_STEP][PASSED] - resText = "Pass": null

2023-09-09 20:49:55 - [TEST_STEP][PASSED] - pages.WriteExcel.demoKey(resText, datText, resColumn, datCloumn, fileLoc, nameSheet, row): pages.WriteExcel.demoKey is PASSED

2023-09-09 20:49:55 - [MESSAGE][PASSED] - pages.WriteExcel.demoKey is PASSED

2023-09-09 20:49:55 - [TEST_STEP][PASSED] - ExecuteTC = findTestData(dataFile).getValue("Execute", row): null

2023-09-09 20:49:55 - [TEST_STEP][PASSED] - Taxtype = findTestData(dataFile).getValue("TaxType", row): null

2023-09-09 20:49:56 - [TEST_STEP][PASSED] - Paymenttype = findTestData(dataFile).getValue("PaymentType", row): null

2023-09-09 20:49:56 - [TEST_STEP][PASSED] - out.println("Value of Execute is : " + ExecuteTC): null

2023-09-09 20:49:56 - [TEST_STEP][PASSED] - if (ExecuteTC.equalsIgnoreCase("Y")): null

2023-09-09 20:49:56 - [TEST_STEP][PASSED] - out.println("Begin Record Number: " + row): null

2023-09-09 20:49:56 - [TEST_STEP][PASSED] - today = new java.util.Date(): null

2023-09-09 20:49:56 - [TEST_STEP][PASSED] - println(today): null

2023-09-09 20:49:56 - [TEST_STEP][PASSED] - datText = today: null

2023-09-09 20:49:56 - [TEST_STEP][PASSED] - Taxtype = findTestData(dataFile).getValue("TaxType", row): null

2023-09-09 20:49:56 - [TEST_STEP][PASSED] - out.println("Taxtype value is : " + Taxtype): null

2023-09-09 20:49:56 - [TEST_STEP][PASSED] - openBrowser(""): Browser is opened with url: ''

2023-09-09 20:49:56 - [MESSAGE][WARNING] - A browser is already opened. Closing browser and opening a new one

2023-09-09 20:49:57 - [MESSAGE][INFO] - Starting 'Chrome' driver

2023-09-09 20:49:57 - [MESSAGE][INFO] - User set preference: ['acceptInsecureCerts', 'true']

2023-09-09 20:49:57 - [MESSAGE][INFO] - Action delay is set to 0 milliseconds

2023-09-09 20:49:58 - [MESSAGE][PASSED] - Browser is opened with url: ''

2023-09-09 20:49:58 - [TEST_STEP][PASSED] - maximizeWindow(): Current window maximized

2023-09-09 20:49:58 - [MESSAGE][PASSED] - Current window maximized

2023-09-09 20:49:58 - [TEST_STEP][PASSED] - navigateToUrl(RADurl): Navigate to 'https://qa2.velocitypayment.com/client/rad/index.html' successfully

2023-09-09 20:50:00 - [MESSAGE][PASSED] - Navigate to 'https://qa2.velocitypayment.com/client/rad/index.html' successfully

2023-09-09 20:50:00 - [TEST_STEP][PASSED] - orPath_Landing = "Object Repository/RAD_Pages/Landing_Page": null

2023-09-09 20:50:00 - [TEST_STEP][PASSED] - orPath_TaxTypeFilingYear = "Object Repository/RAD_Pages/TaxTypeFilingYear_Page": null

2023-09-09 20:50:00 - [TEST_STEP][PASSED] - orPath_TaxPayer = "Object Repository/RAD_Pages/Taxpayer_Page": null

2023-09-09 20:50:00 - [TEST_STEP][PASSED] - orPath_AddressContact = "Object Repository/RAD_Pages/AddressAndContactInfo_Page": null

2023-09-09 20:50:00 - [TEST_STEP][PASSED] - orPath_FilingStatus = "Object Repository/RAD_Pages/FilingStatus_Page": null

2023-09-09 20:50:00 - [TEST_STEP][PASSED] - orPath_Amount = "Object Repository/RAD_Pages/PaymentAmount_Page": null

2023-09-09 20:50:00 - [TEST_STEP][PASSED] - selectOptionByLabel(findTestObject(orPath_Landing + "/dd_TaxType"), Paymenttype, false): All options with label 'Quarterly Estimated Tax' are selected in object 'Object Repository/RAD_Pages/Landing_Page/dd_TaxType' 

2023-09-09 20:50:01 - [MESSAGE][PASSED] - All options with label 'Quarterly Estimated Tax' are selected in object 'Object Repository/RAD_Pages/Landing_Page/dd_TaxType' 

2023-09-09 20:50:01 - [TEST_STEP][PASSED] - delay(1): Delayed 1 second(s)

2023-09-09 20:50:02 - [MESSAGE][PASSED] - Delayed 1 second(s)

2023-09-09 20:50:02 - [TEST_STEP][PASSED] - switch (Paymenttype): null

2023-09-09 20:50:02 - [TEST_STEP][PASSED] - case "Quarterly Estimated Tax":: null

2023-09-09 20:50:02 - [TEST_STEP][PASSED] - selectOptionByLabel(findTestObject(orPath_TaxTypeFilingYear + "/select_PaymentType"), Taxtype, false): All options with label 'PTE Non-Electing S Corp' are selected in object 'Object Repository/RAD_Pages/TaxTypeFilingYear_Page/select_PaymentType' 

2023-09-09 20:50:02 - [MESSAGE][PASSED] - All options with label 'PTE Non-Electing S Corp' are selected in object 'Object Repository/RAD_Pages/TaxTypeFilingYear_Page/select_PaymentType' 

2023-09-09 20:50:02 - [TEST_STEP][PASSED] - break: null

2023-09-09 20:50:02 - [TEST_STEP][PASSED] - delay(1): Delayed 1 second(s)

2023-09-09 20:50:03 - [MESSAGE][PASSED] - Delayed 1 second(s)

2023-09-09 20:50:03 - [TEST_STEP][PASSED] - scrollToElement(findTestObject(orPath_Amount + "/input__paymentAmount"), 3): Scroll to object 'Object Repository/RAD_Pages/PaymentAmount_Page/input__paymentAmount' successfully

2023-09-09 20:50:04 - [MESSAGE][PASSED] - Scroll to object 'Object Repository/RAD_Pages/PaymentAmount_Page/input__paymentAmount' successfully

2023-09-09 20:50:04 - [TEST_STEP][PASSED] - setText(findTestObject(orPath_AddressContact + "/input_eMailAddress"), "imtiazster@gmail.com"): Text 'imtiazster@gmail.com' is set on object 'Object Repository/RAD_Pages/AddressAndContactInfo_Page/input_eMailAddress'

2023-09-09 20:50:05 - [MESSAGE][PASSED] - Text 'imtiazster@gmail.com' is set on object 'Object Repository/RAD_Pages/AddressAndContactInfo_Page/input_eMailAddress'

2023-09-09 20:50:05 - [TEST_STEP][PASSED] - setText(findTestObject(orPath_AddressContact + "/input_reEnterEMailAddress"), "iahmed@govolution.com"): Text 'iahmed@govolution.com' is set on object 'Object Repository/RAD_Pages/AddressAndContactInfo_Page/input_reEnterEMailAddress'

2023-09-09 20:50:06 - [MESSAGE][PASSED] - Text 'iahmed@govolution.com' is set on object 'Object Repository/RAD_Pages/AddressAndContactInfo_Page/input_reEnterEMailAddress'

2023-09-09 20:50:06 - [TEST_STEP][PASSED] - delay(2): Delayed 2 second(s)

2023-09-09 20:50:08 - [MESSAGE][PASSED] - Delayed 2 second(s)

2023-09-09 20:50:08 - [TEST_STEP][PASSED] - if (verifyTextPresent("The Email and Re-enter email do not match", true)): null

2023-09-09 20:50:09 - [MESSAGE][PASSED] - Text 'The Email and Re-enter email do not match' is present on page  using regular expression

2023-09-09 20:50:09 - [TEST_STEP][PASSED] - println("Emails Dont match text is present"): null

2023-09-09 20:50:09 - [TEST_STEP][PASSED] - out.println("Pass Record Number: " + row): null

2023-09-09 20:50:09 - [TEST_STEP][PASSED] - resText = "Pass": null

2023-09-09 20:50:09 - [TEST_STEP][PASSED] - pages.WriteExcel.demoKey(resText, datText, resColumn, datCloumn, fileLoc, nameSheet, row): pages.WriteExcel.demoKey is PASSED

2023-09-09 20:50:09 - [MESSAGE][PASSED] - pages.WriteExcel.demoKey is PASSED

2023-09-09 20:50:09 - [TEST_STEP][PASSED] - ExecuteTC = findTestData(dataFile).getValue("Execute", row): null

2023-09-09 20:50:09 - [TEST_STEP][PASSED] - Taxtype = findTestData(dataFile).getValue("TaxType", row): null

2023-09-09 20:50:09 - [TEST_STEP][PASSED] - Paymenttype = findTestData(dataFile).getValue("PaymentType", row): null

2023-09-09 20:50:09 - [TEST_STEP][PASSED] - out.println("Value of Execute is : " + ExecuteTC): null

2023-09-09 20:50:09 - [TEST_STEP][PASSED] - if (ExecuteTC.equalsIgnoreCase("Y")): null

2023-09-09 20:50:09 - [TEST_STEP][PASSED] - out.println("Begin Record Number: " + row): null

2023-09-09 20:50:09 - [TEST_STEP][PASSED] - today = new java.util.Date(): null

2023-09-09 20:50:09 - [TEST_STEP][PASSED] - println(today): null

2023-09-09 20:50:09 - [TEST_STEP][PASSED] - datText = today: null

2023-09-09 20:50:09 - [TEST_STEP][PASSED] - Taxtype = findTestData(dataFile).getValue("TaxType", row): null

2023-09-09 20:50:09 - [TEST_STEP][PASSED] - out.println("Taxtype value is : " + Taxtype): null

2023-09-09 20:50:09 - [TEST_STEP][PASSED] - openBrowser(""): Browser is opened with url: ''

2023-09-09 20:50:09 - [MESSAGE][WARNING] - A browser is already opened. Closing browser and opening a new one

2023-09-09 20:50:10 - [MESSAGE][INFO] - Starting 'Chrome' driver

2023-09-09 20:50:10 - [MESSAGE][INFO] - User set preference: ['acceptInsecureCerts', 'true']

2023-09-09 20:50:10 - [MESSAGE][INFO] - Action delay is set to 0 milliseconds

2023-09-09 20:50:11 - [MESSAGE][PASSED] - Browser is opened with url: ''

2023-09-09 20:50:11 - [TEST_STEP][PASSED] - maximizeWindow(): Current window maximized

2023-09-09 20:50:11 - [MESSAGE][PASSED] - Current window maximized

2023-09-09 20:50:11 - [TEST_STEP][PASSED] - navigateToUrl(RADurl): Navigate to 'https://qa2.velocitypayment.com/client/rad/index.html' successfully

2023-09-09 20:50:13 - [MESSAGE][PASSED] - Navigate to 'https://qa2.velocitypayment.com/client/rad/index.html' successfully

2023-09-09 20:50:13 - [TEST_STEP][PASSED] - orPath_Landing = "Object Repository/RAD_Pages/Landing_Page": null

2023-09-09 20:50:13 - [TEST_STEP][PASSED] - orPath_TaxTypeFilingYear = "Object Repository/RAD_Pages/TaxTypeFilingYear_Page": null

2023-09-09 20:50:13 - [TEST_STEP][PASSED] - orPath_TaxPayer = "Object Repository/RAD_Pages/Taxpayer_Page": null

2023-09-09 20:50:13 - [TEST_STEP][PASSED] - orPath_AddressContact = "Object Repository/RAD_Pages/AddressAndContactInfo_Page": null

2023-09-09 20:50:13 - [TEST_STEP][PASSED] - orPath_FilingStatus = "Object Repository/RAD_Pages/FilingStatus_Page": null

2023-09-09 20:50:13 - [TEST_STEP][PASSED] - orPath_Amount = "Object Repository/RAD_Pages/PaymentAmount_Page": null

2023-09-09 20:50:13 - [TEST_STEP][PASSED] - selectOptionByLabel(findTestObject(orPath_Landing + "/dd_TaxType"), Paymenttype, false): All options with label 'Quarterly Estimated Tax' are selected in object 'Object Repository/RAD_Pages/Landing_Page/dd_TaxType' 

2023-09-09 20:50:14 - [MESSAGE][PASSED] - All options with label 'Quarterly Estimated Tax' are selected in object 'Object Repository/RAD_Pages/Landing_Page/dd_TaxType' 

2023-09-09 20:50:14 - [TEST_STEP][PASSED] - delay(1): Delayed 1 second(s)

2023-09-09 20:50:15 - [MESSAGE][PASSED] - Delayed 1 second(s)

2023-09-09 20:50:15 - [TEST_STEP][PASSED] - switch (Paymenttype): null

2023-09-09 20:50:15 - [TEST_STEP][PASSED] - case "Quarterly Estimated Tax":: null

2023-09-09 20:50:15 - [TEST_STEP][PASSED] - selectOptionByLabel(findTestObject(orPath_TaxTypeFilingYear + "/select_PaymentType"), Taxtype, false): All options with label 'PTE Tax Electing Non-S Corp' are selected in object 'Object Repository/RAD_Pages/TaxTypeFilingYear_Page/select_PaymentType' 

2023-09-09 20:50:15 - [MESSAGE][PASSED] - All options with label 'PTE Tax Electing Non-S Corp' are selected in object 'Object Repository/RAD_Pages/TaxTypeFilingYear_Page/select_PaymentType' 

2023-09-09 20:50:15 - [TEST_STEP][PASSED] - break: null

2023-09-09 20:50:15 - [TEST_STEP][PASSED] - delay(1): Delayed 1 second(s)

2023-09-09 20:50:16 - [MESSAGE][PASSED] - Delayed 1 second(s)

2023-09-09 20:50:16 - [TEST_STEP][PASSED] - scrollToElement(findTestObject(orPath_Amount + "/input__paymentAmount"), 3): Scroll to object 'Object Repository/RAD_Pages/PaymentAmount_Page/input__paymentAmount' successfully

2023-09-09 20:50:17 - [MESSAGE][PASSED] - Scroll to object 'Object Repository/RAD_Pages/PaymentAmount_Page/input__paymentAmount' successfully

2023-09-09 20:50:17 - [TEST_STEP][PASSED] - setText(findTestObject(orPath_AddressContact + "/input_eMailAddress"), "imtiazster@gmail.com"): Text 'imtiazster@gmail.com' is set on object 'Object Repository/RAD_Pages/AddressAndContactInfo_Page/input_eMailAddress'

2023-09-09 20:50:18 - [MESSAGE][PASSED] - Text 'imtiazster@gmail.com' is set on object 'Object Repository/RAD_Pages/AddressAndContactInfo_Page/input_eMailAddress'

2023-09-09 20:50:18 - [TEST_STEP][PASSED] - setText(findTestObject(orPath_AddressContact + "/input_reEnterEMailAddress"), "iahmed@govolution.com"): Text 'iahmed@govolution.com' is set on object 'Object Repository/RAD_Pages/AddressAndContactInfo_Page/input_reEnterEMailAddress'

2023-09-09 20:50:19 - [MESSAGE][PASSED] - Text 'iahmed@govolution.com' is set on object 'Object Repository/RAD_Pages/AddressAndContactInfo_Page/input_reEnterEMailAddress'

2023-09-09 20:50:19 - [TEST_STEP][PASSED] - delay(2): Delayed 2 second(s)

2023-09-09 20:50:21 - [MESSAGE][PASSED] - Delayed 2 second(s)

2023-09-09 20:50:21 - [TEST_STEP][PASSED] - if (verifyTextPresent("The Email and Re-enter email do not match", true)): null

2023-09-09 20:50:22 - [MESSAGE][PASSED] - Text 'The Email and Re-enter email do not match' is present on page  using regular expression

2023-09-09 20:50:22 - [TEST_STEP][PASSED] - println("Emails Dont match text is present"): null

2023-09-09 20:50:22 - [TEST_STEP][PASSED] - out.println("Pass Record Number: " + row): null

2023-09-09 20:50:22 - [TEST_STEP][PASSED] - resText = "Pass": null

2023-09-09 20:50:22 - [TEST_STEP][PASSED] - pages.WriteExcel.demoKey(resText, datText, resColumn, datCloumn, fileLoc, nameSheet, row): pages.WriteExcel.demoKey is PASSED

2023-09-09 20:50:22 - [MESSAGE][PASSED] - pages.WriteExcel.demoKey is PASSED

2023-09-09 20:50:22 - [TEST_STEP][PASSED] - ExecuteTC = findTestData(dataFile).getValue("Execute", row): null

2023-09-09 20:50:22 - [TEST_STEP][PASSED] - Taxtype = findTestData(dataFile).getValue("TaxType", row): null

2023-09-09 20:50:22 - [TEST_STEP][PASSED] - Paymenttype = findTestData(dataFile).getValue("PaymentType", row): null

2023-09-09 20:50:22 - [TEST_STEP][PASSED] - out.println("Value of Execute is : " + ExecuteTC): null

2023-09-09 20:50:22 - [TEST_STEP][PASSED] - if (ExecuteTC.equalsIgnoreCase("Y")): null

2023-09-09 20:50:22 - [TEST_STEP][PASSED] - out.println("Begin Record Number: " + row): null

2023-09-09 20:50:22 - [TEST_STEP][PASSED] - today = new java.util.Date(): null

2023-09-09 20:50:22 - [TEST_STEP][PASSED] - println(today): null

2023-09-09 20:50:22 - [TEST_STEP][PASSED] - datText = today: null

2023-09-09 20:50:22 - [TEST_STEP][PASSED] - Taxtype = findTestData(dataFile).getValue("TaxType", row): null

2023-09-09 20:50:22 - [TEST_STEP][PASSED] - out.println("Taxtype value is : " + Taxtype): null

2023-09-09 20:50:22 - [TEST_STEP][PASSED] - openBrowser(""): Browser is opened with url: ''

2023-09-09 20:50:22 - [MESSAGE][WARNING] - A browser is already opened. Closing browser and opening a new one

2023-09-09 20:50:23 - [MESSAGE][INFO] - Starting 'Chrome' driver

2023-09-09 20:50:23 - [MESSAGE][INFO] - User set preference: ['acceptInsecureCerts', 'true']

2023-09-09 20:50:23 - [MESSAGE][INFO] - Action delay is set to 0 milliseconds

2023-09-09 20:50:24 - [MESSAGE][PASSED] - Browser is opened with url: ''

2023-09-09 20:50:24 - [TEST_STEP][PASSED] - maximizeWindow(): Current window maximized

2023-09-09 20:50:24 - [MESSAGE][PASSED] - Current window maximized

2023-09-09 20:50:24 - [TEST_STEP][PASSED] - navigateToUrl(RADurl): Navigate to 'https://qa2.velocitypayment.com/client/rad/index.html' successfully

2023-09-09 20:50:26 - [MESSAGE][PASSED] - Navigate to 'https://qa2.velocitypayment.com/client/rad/index.html' successfully

2023-09-09 20:50:26 - [TEST_STEP][PASSED] - orPath_Landing = "Object Repository/RAD_Pages/Landing_Page": null

2023-09-09 20:50:26 - [TEST_STEP][PASSED] - orPath_TaxTypeFilingYear = "Object Repository/RAD_Pages/TaxTypeFilingYear_Page": null

2023-09-09 20:50:26 - [TEST_STEP][PASSED] - orPath_TaxPayer = "Object Repository/RAD_Pages/Taxpayer_Page": null

2023-09-09 20:50:26 - [TEST_STEP][PASSED] - orPath_AddressContact = "Object Repository/RAD_Pages/AddressAndContactInfo_Page": null

2023-09-09 20:50:26 - [TEST_STEP][PASSED] - orPath_FilingStatus = "Object Repository/RAD_Pages/FilingStatus_Page": null

2023-09-09 20:50:26 - [TEST_STEP][PASSED] - orPath_Amount = "Object Repository/RAD_Pages/PaymentAmount_Page": null

2023-09-09 20:50:26 - [TEST_STEP][PASSED] - selectOptionByLabel(findTestObject(orPath_Landing + "/dd_TaxType"), Paymenttype, false): All options with label 'Quarterly Estimated Tax' are selected in object 'Object Repository/RAD_Pages/Landing_Page/dd_TaxType' 

2023-09-09 20:50:27 - [MESSAGE][PASSED] - All options with label 'Quarterly Estimated Tax' are selected in object 'Object Repository/RAD_Pages/Landing_Page/dd_TaxType' 

2023-09-09 20:50:27 - [TEST_STEP][PASSED] - delay(1): Delayed 1 second(s)

2023-09-09 20:50:28 - [MESSAGE][PASSED] - Delayed 1 second(s)

2023-09-09 20:50:28 - [TEST_STEP][PASSED] - switch (Paymenttype): null

2023-09-09 20:50:28 - [TEST_STEP][PASSED] - case "Quarterly Estimated Tax":: null

2023-09-09 20:50:28 - [TEST_STEP][PASSED] - selectOptionByLabel(findTestObject(orPath_TaxTypeFilingYear + "/select_PaymentType"), Taxtype, false): All options with label 'PTE Tax Electing S Corp' are selected in object 'Object Repository/RAD_Pages/TaxTypeFilingYear_Page/select_PaymentType' 

2023-09-09 20:50:28 - [MESSAGE][PASSED] - All options with label 'PTE Tax Electing S Corp' are selected in object 'Object Repository/RAD_Pages/TaxTypeFilingYear_Page/select_PaymentType' 

2023-09-09 20:50:28 - [TEST_STEP][PASSED] - break: null

2023-09-09 20:50:28 - [TEST_STEP][PASSED] - delay(1): Delayed 1 second(s)

2023-09-09 20:50:29 - [MESSAGE][PASSED] - Delayed 1 second(s)

2023-09-09 20:50:29 - [TEST_STEP][PASSED] - scrollToElement(findTestObject(orPath_Amount + "/input__paymentAmount"), 3): Scroll to object 'Object Repository/RAD_Pages/PaymentAmount_Page/input__paymentAmount' successfully

2023-09-09 20:50:30 - [MESSAGE][PASSED] - Scroll to object 'Object Repository/RAD_Pages/PaymentAmount_Page/input__paymentAmount' successfully

2023-09-09 20:50:30 - [TEST_STEP][PASSED] - setText(findTestObject(orPath_AddressContact + "/input_eMailAddress"), "imtiazster@gmail.com"): Text 'imtiazster@gmail.com' is set on object 'Object Repository/RAD_Pages/AddressAndContactInfo_Page/input_eMailAddress'

2023-09-09 20:50:31 - [MESSAGE][PASSED] - Text 'imtiazster@gmail.com' is set on object 'Object Repository/RAD_Pages/AddressAndContactInfo_Page/input_eMailAddress'

2023-09-09 20:50:31 - [TEST_STEP][PASSED] - setText(findTestObject(orPath_AddressContact + "/input_reEnterEMailAddress"), "iahmed@govolution.com"): Text 'iahmed@govolution.com' is set on object 'Object Repository/RAD_Pages/AddressAndContactInfo_Page/input_reEnterEMailAddress'

2023-09-09 20:50:32 - [MESSAGE][PASSED] - Text 'iahmed@govolution.com' is set on object 'Object Repository/RAD_Pages/AddressAndContactInfo_Page/input_reEnterEMailAddress'

2023-09-09 20:50:32 - [TEST_STEP][PASSED] - delay(2): Delayed 2 second(s)

2023-09-09 20:50:34 - [MESSAGE][PASSED] - Delayed 2 second(s)

2023-09-09 20:50:34 - [TEST_STEP][PASSED] - if (verifyTextPresent("The Email and Re-enter email do not match", true)): null

2023-09-09 20:50:35 - [MESSAGE][PASSED] - Text 'The Email and Re-enter email do not match' is present on page  using regular expression

2023-09-09 20:50:35 - [TEST_STEP][PASSED] - println("Emails Dont match text is present"): null

2023-09-09 20:50:35 - [TEST_STEP][PASSED] - out.println("Pass Record Number: " + row): null

2023-09-09 20:50:35 - [TEST_STEP][PASSED] - resText = "Pass": null

2023-09-09 20:50:35 - [TEST_STEP][PASSED] - pages.WriteExcel.demoKey(resText, datText, resColumn, datCloumn, fileLoc, nameSheet, row): pages.WriteExcel.demoKey is PASSED

2023-09-09 20:50:35 - [MESSAGE][PASSED] - pages.WriteExcel.demoKey is PASSED

2023-09-09 20:50:35 - [TEST_STEP][PASSED] - ExecuteTC = findTestData(dataFile).getValue("Execute", row): null

2023-09-09 20:50:35 - [TEST_STEP][PASSED] - Taxtype = findTestData(dataFile).getValue("TaxType", row): null

2023-09-09 20:50:35 - [TEST_STEP][PASSED] - Paymenttype = findTestData(dataFile).getValue("PaymentType", row): null

2023-09-09 20:50:35 - [TEST_STEP][PASSED] - out.println("Value of Execute is : " + ExecuteTC): null

2023-09-09 20:50:35 - [TEST_STEP][PASSED] - if (ExecuteTC.equalsIgnoreCase("Y")): null

2023-09-09 20:50:35 - [TEST_STEP][PASSED] - out.println("Begin Record Number: " + row): null

2023-09-09 20:50:35 - [TEST_STEP][PASSED] - today = new java.util.Date(): null

2023-09-09 20:50:35 - [TEST_STEP][PASSED] - println(today): null

2023-09-09 20:50:35 - [TEST_STEP][PASSED] - datText = today: null

2023-09-09 20:50:35 - [TEST_STEP][PASSED] - Taxtype = findTestData(dataFile).getValue("TaxType", row): null

2023-09-09 20:50:35 - [TEST_STEP][PASSED] - out.println("Taxtype value is : " + Taxtype): null

2023-09-09 20:50:35 - [TEST_STEP][PASSED] - openBrowser(""): Browser is opened with url: ''

2023-09-09 20:50:35 - [MESSAGE][WARNING] - A browser is already opened. Closing browser and opening a new one

2023-09-09 20:50:36 - [MESSAGE][INFO] - Starting 'Chrome' driver

2023-09-09 20:50:36 - [MESSAGE][INFO] - User set preference: ['acceptInsecureCerts', 'true']

2023-09-09 20:50:36 - [MESSAGE][INFO] - Action delay is set to 0 milliseconds

2023-09-09 20:50:37 - [MESSAGE][PASSED] - Browser is opened with url: ''

2023-09-09 20:50:37 - [TEST_STEP][PASSED] - maximizeWindow(): Current window maximized

2023-09-09 20:50:37 - [MESSAGE][PASSED] - Current window maximized

2023-09-09 20:50:37 - [TEST_STEP][PASSED] - navigateToUrl(RADurl): Navigate to 'https://qa2.velocitypayment.com/client/rad/index.html' successfully

2023-09-09 20:50:39 - [MESSAGE][PASSED] - Navigate to 'https://qa2.velocitypayment.com/client/rad/index.html' successfully

2023-09-09 20:50:39 - [TEST_STEP][PASSED] - orPath_Landing = "Object Repository/RAD_Pages/Landing_Page": null

2023-09-09 20:50:39 - [TEST_STEP][PASSED] - orPath_TaxTypeFilingYear = "Object Repository/RAD_Pages/TaxTypeFilingYear_Page": null

2023-09-09 20:50:39 - [TEST_STEP][PASSED] - orPath_TaxPayer = "Object Repository/RAD_Pages/Taxpayer_Page": null

2023-09-09 20:50:39 - [TEST_STEP][PASSED] - orPath_AddressContact = "Object Repository/RAD_Pages/AddressAndContactInfo_Page": null

2023-09-09 20:50:39 - [TEST_STEP][PASSED] - orPath_FilingStatus = "Object Repository/RAD_Pages/FilingStatus_Page": null

2023-09-09 20:50:39 - [TEST_STEP][PASSED] - orPath_Amount = "Object Repository/RAD_Pages/PaymentAmount_Page": null

2023-09-09 20:50:39 - [TEST_STEP][PASSED] - selectOptionByLabel(findTestObject(orPath_Landing + "/dd_TaxType"), Paymenttype, false): All options with label 'Quarterly Estimated Tax' are selected in object 'Object Repository/RAD_Pages/Landing_Page/dd_TaxType' 

2023-09-09 20:50:40 - [MESSAGE][PASSED] - All options with label 'Quarterly Estimated Tax' are selected in object 'Object Repository/RAD_Pages/Landing_Page/dd_TaxType' 

2023-09-09 20:50:40 - [TEST_STEP][PASSED] - delay(1): Delayed 1 second(s)

2023-09-09 20:50:41 - [MESSAGE][PASSED] - Delayed 1 second(s)

2023-09-09 20:50:41 - [TEST_STEP][PASSED] - switch (Paymenttype): null

2023-09-09 20:50:41 - [TEST_STEP][PASSED] - case "Quarterly Estimated Tax":: null

2023-09-09 20:50:41 - [TEST_STEP][PASSED] - selectOptionByLabel(findTestObject(orPath_TaxTypeFilingYear + "/select_PaymentType"), Taxtype, false): All options with label 'Personal Income Tax' are selected in object 'Object Repository/RAD_Pages/TaxTypeFilingYear_Page/select_PaymentType' 

2023-09-09 20:50:41 - [MESSAGE][PASSED] - All options with label 'Personal Income Tax' are selected in object 'Object Repository/RAD_Pages/TaxTypeFilingYear_Page/select_PaymentType' 

2023-09-09 20:50:41 - [TEST_STEP][PASSED] - break: null

2023-09-09 20:50:41 - [TEST_STEP][PASSED] - delay(1): Delayed 1 second(s)

2023-09-09 20:50:42 - [MESSAGE][PASSED] - Delayed 1 second(s)

2023-09-09 20:50:42 - [TEST_STEP][PASSED] - scrollToElement(findTestObject(orPath_Amount + "/input__paymentAmount"), 3): Scroll to object 'Object Repository/RAD_Pages/PaymentAmount_Page/input__paymentAmount' successfully

2023-09-09 20:50:43 - [MESSAGE][PASSED] - Scroll to object 'Object Repository/RAD_Pages/PaymentAmount_Page/input__paymentAmount' successfully

2023-09-09 20:50:43 - [TEST_STEP][PASSED] - setText(findTestObject(orPath_AddressContact + "/input_eMailAddress"), "imtiazster@gmail.com"): Text 'imtiazster@gmail.com' is set on object 'Object Repository/RAD_Pages/AddressAndContactInfo_Page/input_eMailAddress'

2023-09-09 20:50:44 - [MESSAGE][PASSED] - Text 'imtiazster@gmail.com' is set on object 'Object Repository/RAD_Pages/AddressAndContactInfo_Page/input_eMailAddress'

2023-09-09 20:50:44 - [TEST_STEP][PASSED] - setText(findTestObject(orPath_AddressContact + "/input_reEnterEMailAddress"), "iahmed@govolution.com"): Text 'iahmed@govolution.com' is set on object 'Object Repository/RAD_Pages/AddressAndContactInfo_Page/input_reEnterEMailAddress'

2023-09-09 20:50:45 - [MESSAGE][PASSED] - Text 'iahmed@govolution.com' is set on object 'Object Repository/RAD_Pages/AddressAndContactInfo_Page/input_reEnterEMailAddress'

2023-09-09 20:50:45 - [TEST_STEP][PASSED] - delay(2): Delayed 2 second(s)

2023-09-09 20:50:47 - [MESSAGE][PASSED] - Delayed 2 second(s)

2023-09-09 20:50:47 - [TEST_STEP][PASSED] - if (verifyTextPresent("The Email and Re-enter email do not match", true)): null

2023-09-09 20:50:48 - [MESSAGE][PASSED] - Text 'The Email and Re-enter email do not match' is present on page  using regular expression

2023-09-09 20:50:48 - [TEST_STEP][PASSED] - println("Emails Dont match text is present"): null

2023-09-09 20:50:48 - [TEST_STEP][PASSED] - out.println("Pass Record Number: " + row): null

2023-09-09 20:50:48 - [TEST_STEP][PASSED] - resText = "Pass": null

2023-09-09 20:50:48 - [TEST_STEP][PASSED] - pages.WriteExcel.demoKey(resText, datText, resColumn, datCloumn, fileLoc, nameSheet, row): pages.WriteExcel.demoKey is PASSED

2023-09-09 20:50:48 - [MESSAGE][PASSED] - pages.WriteExcel.demoKey is PASSED

2023-09-09 20:50:48 - [TEST_STEP][PASSED] - ExecuteTC = findTestData(dataFile).getValue("Execute", row): null

2023-09-09 20:50:48 - [TEST_STEP][PASSED] - Taxtype = findTestData(dataFile).getValue("TaxType", row): null

2023-09-09 20:50:48 - [TEST_STEP][PASSED] - Paymenttype = findTestData(dataFile).getValue("PaymentType", row): null

2023-09-09 20:50:48 - [TEST_STEP][PASSED] - out.println("Value of Execute is : " + ExecuteTC): null

2023-09-09 20:50:48 - [TEST_STEP][PASSED] - if (ExecuteTC.equalsIgnoreCase("Y")): null

2023-09-09 20:50:48 - [TEST_STEP][PASSED] - out.println("Begin Record Number: " + row): null

2023-09-09 20:50:48 - [TEST_STEP][PASSED] - today = new java.util.Date(): null

2023-09-09 20:50:48 - [TEST_STEP][PASSED] - println(today): null

2023-09-09 20:50:48 - [TEST_STEP][PASSED] - datText = today: null

2023-09-09 20:50:48 - [TEST_STEP][PASSED] - Taxtype = findTestData(dataFile).getValue("TaxType", row): null

2023-09-09 20:50:48 - [TEST_STEP][PASSED] - out.println("Taxtype value is : " + Taxtype): null

2023-09-09 20:50:48 - [TEST_STEP][PASSED] - openBrowser(""): Browser is opened with url: ''

2023-09-09 20:50:48 - [MESSAGE][WARNING] - A browser is already opened. Closing browser and opening a new one

2023-09-09 20:50:49 - [MESSAGE][INFO] - Starting 'Chrome' driver

2023-09-09 20:50:49 - [MESSAGE][INFO] - User set preference: ['acceptInsecureCerts', 'true']

2023-09-09 20:50:49 - [MESSAGE][INFO] - Action delay is set to 0 milliseconds

2023-09-09 20:50:50 - [MESSAGE][PASSED] - Browser is opened with url: ''

2023-09-09 20:50:50 - [TEST_STEP][PASSED] - maximizeWindow(): Current window maximized

2023-09-09 20:50:50 - [MESSAGE][PASSED] - Current window maximized

2023-09-09 20:50:50 - [TEST_STEP][PASSED] - navigateToUrl(RADurl): Navigate to 'https://qa2.velocitypayment.com/client/rad/index.html' successfully

2023-09-09 20:50:52 - [MESSAGE][PASSED] - Navigate to 'https://qa2.velocitypayment.com/client/rad/index.html' successfully

2023-09-09 20:50:52 - [TEST_STEP][PASSED] - orPath_Landing = "Object Repository/RAD_Pages/Landing_Page": null

2023-09-09 20:50:52 - [TEST_STEP][PASSED] - orPath_TaxTypeFilingYear = "Object Repository/RAD_Pages/TaxTypeFilingYear_Page": null

2023-09-09 20:50:52 - [TEST_STEP][PASSED] - orPath_TaxPayer = "Object Repository/RAD_Pages/Taxpayer_Page": null

2023-09-09 20:50:52 - [TEST_STEP][PASSED] - orPath_AddressContact = "Object Repository/RAD_Pages/AddressAndContactInfo_Page": null

2023-09-09 20:50:52 - [TEST_STEP][PASSED] - orPath_FilingStatus = "Object Repository/RAD_Pages/FilingStatus_Page": null

2023-09-09 20:50:52 - [TEST_STEP][PASSED] - orPath_Amount = "Object Repository/RAD_Pages/PaymentAmount_Page": null

2023-09-09 20:50:52 - [TEST_STEP][PASSED] - selectOptionByLabel(findTestObject(orPath_Landing + "/dd_TaxType"), Paymenttype, false): All options with label 'Extension Payments' are selected in object 'Object Repository/RAD_Pages/Landing_Page/dd_TaxType' 

2023-09-09 20:50:53 - [MESSAGE][PASSED] - All options with label 'Extension Payments' are selected in object 'Object Repository/RAD_Pages/Landing_Page/dd_TaxType' 

2023-09-09 20:50:53 - [TEST_STEP][PASSED] - delay(1): Delayed 1 second(s)

2023-09-09 20:50:54 - [MESSAGE][PASSED] - Delayed 1 second(s)

2023-09-09 20:50:54 - [TEST_STEP][PASSED] - switch (Paymenttype): null

2023-09-09 20:50:54 - [TEST_STEP][PASSED] - case "Extension Payments":: null

2023-09-09 20:50:54 - [TEST_STEP][PASSED] - selectOptionByLabel(findTestObject(orPath_TaxTypeFilingYear + "/select_PaymentType"), Taxtype, false): All options with label 'Corporate Income Tax' are selected in object 'Object Repository/RAD_Pages/TaxTypeFilingYear_Page/select_PaymentType' 

2023-09-09 20:50:54 - [MESSAGE][PASSED] - All options with label 'Corporate Income Tax' are selected in object 'Object Repository/RAD_Pages/TaxTypeFilingYear_Page/select_PaymentType' 

2023-09-09 20:50:54 - [TEST_STEP][PASSED] - break: null

2023-09-09 20:50:54 - [TEST_STEP][PASSED] - delay(1): Delayed 1 second(s)

2023-09-09 20:50:55 - [MESSAGE][PASSED] - Delayed 1 second(s)

2023-09-09 20:50:55 - [TEST_STEP][PASSED] - scrollToElement(findTestObject(orPath_Amount + "/input__paymentAmount"), 3): Scroll to object 'Object Repository/RAD_Pages/PaymentAmount_Page/input__paymentAmount' successfully

2023-09-09 20:50:56 - [MESSAGE][PASSED] - Scroll to object 'Object Repository/RAD_Pages/PaymentAmount_Page/input__paymentAmount' successfully

2023-09-09 20:50:56 - [TEST_STEP][PASSED] - setText(findTestObject(orPath_AddressContact + "/input_eMailAddress"), "imtiazster@gmail.com"): Text 'imtiazster@gmail.com' is set on object 'Object Repository/RAD_Pages/AddressAndContactInfo_Page/input_eMailAddress'

2023-09-09 20:50:57 - [MESSAGE][PASSED] - Text 'imtiazster@gmail.com' is set on object 'Object Repository/RAD_Pages/AddressAndContactInfo_Page/input_eMailAddress'

2023-09-09 20:50:57 - [TEST_STEP][PASSED] - setText(findTestObject(orPath_AddressContact + "/input_reEnterEMailAddress"), "iahmed@govolution.com"): Text 'iahmed@govolution.com' is set on object 'Object Repository/RAD_Pages/AddressAndContactInfo_Page/input_reEnterEMailAddress'

2023-09-09 20:50:58 - [MESSAGE][PASSED] - Text 'iahmed@govolution.com' is set on object 'Object Repository/RAD_Pages/AddressAndContactInfo_Page/input_reEnterEMailAddress'

2023-09-09 20:50:58 - [TEST_STEP][PASSED] - delay(2): Delayed 2 second(s)

2023-09-09 20:51:00 - [MESSAGE][PASSED] - Delayed 2 second(s)

2023-09-09 20:51:00 - [TEST_STEP][PASSED] - if (verifyTextPresent("The Email and Re-enter email do not match", true)): null

2023-09-09 20:51:01 - [MESSAGE][PASSED] - Text 'The Email and Re-enter email do not match' is present on page  using regular expression

2023-09-09 20:51:01 - [TEST_STEP][PASSED] - println("Emails Dont match text is present"): null

2023-09-09 20:51:01 - [TEST_STEP][PASSED] - out.println("Pass Record Number: " + row): null

2023-09-09 20:51:01 - [TEST_STEP][PASSED] - resText = "Pass": null

2023-09-09 20:51:01 - [TEST_STEP][PASSED] - pages.WriteExcel.demoKey(resText, datText, resColumn, datCloumn, fileLoc, nameSheet, row): pages.WriteExcel.demoKey is PASSED

2023-09-09 20:51:01 - [MESSAGE][PASSED] - pages.WriteExcel.demoKey is PASSED

2023-09-09 20:51:01 - [TEST_STEP][PASSED] - ExecuteTC = findTestData(dataFile).getValue("Execute", row): null

2023-09-09 20:51:01 - [TEST_STEP][PASSED] - Taxtype = findTestData(dataFile).getValue("TaxType", row): null

2023-09-09 20:51:01 - [TEST_STEP][PASSED] - Paymenttype = findTestData(dataFile).getValue("PaymentType", row): null

2023-09-09 20:51:01 - [TEST_STEP][PASSED] - out.println("Value of Execute is : " + ExecuteTC): null

2023-09-09 20:51:01 - [TEST_STEP][PASSED] - if (ExecuteTC.equalsIgnoreCase("Y")): null

2023-09-09 20:51:01 - [TEST_STEP][PASSED] - out.println("Begin Record Number: " + row): null

2023-09-09 20:51:01 - [TEST_STEP][PASSED] - today = new java.util.Date(): null

2023-09-09 20:51:01 - [TEST_STEP][PASSED] - println(today): null

2023-09-09 20:51:01 - [TEST_STEP][PASSED] - datText = today: null

2023-09-09 20:51:01 - [TEST_STEP][PASSED] - Taxtype = findTestData(dataFile).getValue("TaxType", row): null

2023-09-09 20:51:01 - [TEST_STEP][PASSED] - out.println("Taxtype value is : " + Taxtype): null

2023-09-09 20:51:01 - [TEST_STEP][PASSED] - openBrowser(""): Browser is opened with url: ''

2023-09-09 20:51:01 - [MESSAGE][WARNING] - A browser is already opened. Closing browser and opening a new one

2023-09-09 20:51:02 - [MESSAGE][INFO] - Starting 'Chrome' driver

2023-09-09 20:51:02 - [MESSAGE][INFO] - User set preference: ['acceptInsecureCerts', 'true']

2023-09-09 20:51:02 - [MESSAGE][INFO] - Action delay is set to 0 milliseconds

2023-09-09 20:51:03 - [MESSAGE][PASSED] - Browser is opened with url: ''

2023-09-09 20:51:03 - [TEST_STEP][PASSED] - maximizeWindow(): Current window maximized

2023-09-09 20:51:03 - [MESSAGE][PASSED] - Current window maximized

2023-09-09 20:51:03 - [TEST_STEP][PASSED] - navigateToUrl(RADurl): Navigate to 'https://qa2.velocitypayment.com/client/rad/index.html' successfully

2023-09-09 20:51:05 - [MESSAGE][PASSED] - Navigate to 'https://qa2.velocitypayment.com/client/rad/index.html' successfully

2023-09-09 20:51:05 - [TEST_STEP][PASSED] - orPath_Landing = "Object Repository/RAD_Pages/Landing_Page": null

2023-09-09 20:51:05 - [TEST_STEP][PASSED] - orPath_TaxTypeFilingYear = "Object Repository/RAD_Pages/TaxTypeFilingYear_Page": null

2023-09-09 20:51:05 - [TEST_STEP][PASSED] - orPath_TaxPayer = "Object Repository/RAD_Pages/Taxpayer_Page": null

2023-09-09 20:51:05 - [TEST_STEP][PASSED] - orPath_AddressContact = "Object Repository/RAD_Pages/AddressAndContactInfo_Page": null

2023-09-09 20:51:05 - [TEST_STEP][PASSED] - orPath_FilingStatus = "Object Repository/RAD_Pages/FilingStatus_Page": null

2023-09-09 20:51:05 - [TEST_STEP][PASSED] - orPath_Amount = "Object Repository/RAD_Pages/PaymentAmount_Page": null

2023-09-09 20:51:05 - [TEST_STEP][PASSED] - selectOptionByLabel(findTestObject(orPath_Landing + "/dd_TaxType"), Paymenttype, false): All options with label 'Extension Payments' are selected in object 'Object Repository/RAD_Pages/Landing_Page/dd_TaxType' 

2023-09-09 20:51:06 - [MESSAGE][PASSED] - All options with label 'Extension Payments' are selected in object 'Object Repository/RAD_Pages/Landing_Page/dd_TaxType' 

2023-09-09 20:51:06 - [TEST_STEP][PASSED] - delay(1): Delayed 1 second(s)

2023-09-09 20:51:07 - [MESSAGE][PASSED] - Delayed 1 second(s)

2023-09-09 20:51:07 - [TEST_STEP][PASSED] - switch (Paymenttype): null

2023-09-09 20:51:07 - [TEST_STEP][PASSED] - case "Extension Payments":: null

2023-09-09 20:51:07 - [TEST_STEP][PASSED] - selectOptionByLabel(findTestObject(orPath_TaxTypeFilingYear + "/select_PaymentType"), Taxtype, false): All options with label 'Fiduciary Tax' are selected in object 'Object Repository/RAD_Pages/TaxTypeFilingYear_Page/select_PaymentType' 

2023-09-09 20:51:07 - [MESSAGE][PASSED] - All options with label 'Fiduciary Tax' are selected in object 'Object Repository/RAD_Pages/TaxTypeFilingYear_Page/select_PaymentType' 

2023-09-09 20:51:07 - [TEST_STEP][PASSED] - break: null

2023-09-09 20:51:07 - [TEST_STEP][PASSED] - delay(1): Delayed 1 second(s)

2023-09-09 20:51:08 - [MESSAGE][PASSED] - Delayed 1 second(s)

2023-09-09 20:51:08 - [TEST_STEP][PASSED] - scrollToElement(findTestObject(orPath_Amount + "/input__paymentAmount"), 3): Scroll to object 'Object Repository/RAD_Pages/PaymentAmount_Page/input__paymentAmount' successfully

2023-09-09 20:51:09 - [MESSAGE][PASSED] - Scroll to object 'Object Repository/RAD_Pages/PaymentAmount_Page/input__paymentAmount' successfully

2023-09-09 20:51:09 - [TEST_STEP][PASSED] - setText(findTestObject(orPath_AddressContact + "/input_eMailAddress"), "imtiazster@gmail.com"): Text 'imtiazster@gmail.com' is set on object 'Object Repository/RAD_Pages/AddressAndContactInfo_Page/input_eMailAddress'

2023-09-09 20:51:10 - [MESSAGE][PASSED] - Text 'imtiazster@gmail.com' is set on object 'Object Repository/RAD_Pages/AddressAndContactInfo_Page/input_eMailAddress'

2023-09-09 20:51:10 - [TEST_STEP][PASSED] - setText(findTestObject(orPath_AddressContact + "/input_reEnterEMailAddress"), "iahmed@govolution.com"): Text 'iahmed@govolution.com' is set on object 'Object Repository/RAD_Pages/AddressAndContactInfo_Page/input_reEnterEMailAddress'

2023-09-09 20:51:11 - [MESSAGE][PASSED] - Text 'iahmed@govolution.com' is set on object 'Object Repository/RAD_Pages/AddressAndContactInfo_Page/input_reEnterEMailAddress'

2023-09-09 20:51:11 - [TEST_STEP][PASSED] - delay(2): Delayed 2 second(s)

2023-09-09 20:51:13 - [MESSAGE][PASSED] - Delayed 2 second(s)

2023-09-09 20:51:13 - [TEST_STEP][PASSED] - if (verifyTextPresent("The Email and Re-enter email do not match", true)): null

2023-09-09 20:51:14 - [MESSAGE][PASSED] - Text 'The Email and Re-enter email do not match' is present on page  using regular expression

2023-09-09 20:51:14 - [TEST_STEP][PASSED] - println("Emails Dont match text is present"): null

2023-09-09 20:51:14 - [TEST_STEP][PASSED] - out.println("Pass Record Number: " + row): null

2023-09-09 20:51:14 - [TEST_STEP][PASSED] - resText = "Pass": null

2023-09-09 20:51:14 - [TEST_STEP][PASSED] - pages.WriteExcel.demoKey(resText, datText, resColumn, datCloumn, fileLoc, nameSheet, row): pages.WriteExcel.demoKey is PASSED

2023-09-09 20:51:14 - [MESSAGE][PASSED] - pages.WriteExcel.demoKey is PASSED

2023-09-09 20:51:14 - [TEST_STEP][PASSED] - ExecuteTC = findTestData(dataFile).getValue("Execute", row): null

2023-09-09 20:51:14 - [TEST_STEP][PASSED] - Taxtype = findTestData(dataFile).getValue("TaxType", row): null

2023-09-09 20:51:14 - [TEST_STEP][PASSED] - Paymenttype = findTestData(dataFile).getValue("PaymentType", row): null

2023-09-09 20:51:14 - [TEST_STEP][PASSED] - out.println("Value of Execute is : " + ExecuteTC): null

2023-09-09 20:51:14 - [TEST_STEP][PASSED] - if (ExecuteTC.equalsIgnoreCase("Y")): null

2023-09-09 20:51:14 - [TEST_STEP][PASSED] - out.println("Begin Record Number: " + row): null

2023-09-09 20:51:14 - [TEST_STEP][PASSED] - today = new java.util.Date(): null

2023-09-09 20:51:14 - [TEST_STEP][PASSED] - println(today): null

2023-09-09 20:51:14 - [TEST_STEP][PASSED] - datText = today: null

2023-09-09 20:51:14 - [TEST_STEP][PASSED] - Taxtype = findTestData(dataFile).getValue("TaxType", row): null

2023-09-09 20:51:14 - [TEST_STEP][PASSED] - out.println("Taxtype value is : " + Taxtype): null

2023-09-09 20:51:14 - [TEST_STEP][PASSED] - openBrowser(""): Browser is opened with url: ''

2023-09-09 20:51:14 - [MESSAGE][WARNING] - A browser is already opened. Closing browser and opening a new one

2023-09-09 20:51:15 - [MESSAGE][INFO] - Starting 'Chrome' driver

2023-09-09 20:51:15 - [MESSAGE][INFO] - User set preference: ['acceptInsecureCerts', 'true']

2023-09-09 20:51:15 - [MESSAGE][INFO] - Action delay is set to 0 milliseconds

2023-09-09 20:51:16 - [MESSAGE][PASSED] - Browser is opened with url: ''

2023-09-09 20:51:16 - [TEST_STEP][PASSED] - maximizeWindow(): Current window maximized

2023-09-09 20:51:16 - [MESSAGE][PASSED] - Current window maximized

2023-09-09 20:51:16 - [TEST_STEP][PASSED] - navigateToUrl(RADurl): Navigate to 'https://qa2.velocitypayment.com/client/rad/index.html' successfully

2023-09-09 20:51:18 - [MESSAGE][PASSED] - Navigate to 'https://qa2.velocitypayment.com/client/rad/index.html' successfully

2023-09-09 20:51:18 - [TEST_STEP][PASSED] - orPath_Landing = "Object Repository/RAD_Pages/Landing_Page": null

2023-09-09 20:51:18 - [TEST_STEP][PASSED] - orPath_TaxTypeFilingYear = "Object Repository/RAD_Pages/TaxTypeFilingYear_Page": null

2023-09-09 20:51:18 - [TEST_STEP][PASSED] - orPath_TaxPayer = "Object Repository/RAD_Pages/Taxpayer_Page": null

2023-09-09 20:51:18 - [TEST_STEP][PASSED] - orPath_AddressContact = "Object Repository/RAD_Pages/AddressAndContactInfo_Page": null

2023-09-09 20:51:18 - [TEST_STEP][PASSED] - orPath_FilingStatus = "Object Repository/RAD_Pages/FilingStatus_Page": null

2023-09-09 20:51:18 - [TEST_STEP][PASSED] - orPath_Amount = "Object Repository/RAD_Pages/PaymentAmount_Page": null

2023-09-09 20:51:18 - [TEST_STEP][PASSED] - selectOptionByLabel(findTestObject(orPath_Landing + "/dd_TaxType"), Paymenttype, false): All options with label 'Extension Payments' are selected in object 'Object Repository/RAD_Pages/Landing_Page/dd_TaxType' 

2023-09-09 20:51:19 - [MESSAGE][PASSED] - All options with label 'Extension Payments' are selected in object 'Object Repository/RAD_Pages/Landing_Page/dd_TaxType' 

2023-09-09 20:51:19 - [TEST_STEP][PASSED] - delay(1): Delayed 1 second(s)

2023-09-09 20:51:20 - [MESSAGE][PASSED] - Delayed 1 second(s)

2023-09-09 20:51:20 - [TEST_STEP][PASSED] - switch (Paymenttype): null

2023-09-09 20:51:20 - [TEST_STEP][PASSED] - case "Extension Payments":: null

2023-09-09 20:51:20 - [TEST_STEP][PASSED] - selectOptionByLabel(findTestObject(orPath_TaxTypeFilingYear + "/select_PaymentType"), Taxtype, false): All options with label 'PTE Non-Electing Non-S Corp' are selected in object 'Object Repository/RAD_Pages/TaxTypeFilingYear_Page/select_PaymentType' 

2023-09-09 20:51:20 - [MESSAGE][PASSED] - All options with label 'PTE Non-Electing Non-S Corp' are selected in object 'Object Repository/RAD_Pages/TaxTypeFilingYear_Page/select_PaymentType' 

2023-09-09 20:51:20 - [TEST_STEP][PASSED] - break: null

2023-09-09 20:51:20 - [TEST_STEP][PASSED] - delay(1): Delayed 1 second(s)

2023-09-09 20:51:21 - [MESSAGE][PASSED] - Delayed 1 second(s)

2023-09-09 20:51:21 - [TEST_STEP][PASSED] - scrollToElement(findTestObject(orPath_Amount + "/input__paymentAmount"), 3): Scroll to object 'Object Repository/RAD_Pages/PaymentAmount_Page/input__paymentAmount' successfully

2023-09-09 20:51:22 - [MESSAGE][PASSED] - Scroll to object 'Object Repository/RAD_Pages/PaymentAmount_Page/input__paymentAmount' successfully

2023-09-09 20:51:22 - [TEST_STEP][PASSED] - setText(findTestObject(orPath_AddressContact + "/input_eMailAddress"), "imtiazster@gmail.com"): Text 'imtiazster@gmail.com' is set on object 'Object Repository/RAD_Pages/AddressAndContactInfo_Page/input_eMailAddress'

2023-09-09 20:51:23 - [MESSAGE][PASSED] - Text 'imtiazster@gmail.com' is set on object 'Object Repository/RAD_Pages/AddressAndContactInfo_Page/input_eMailAddress'

2023-09-09 20:51:23 - [TEST_STEP][PASSED] - setText(findTestObject(orPath_AddressContact + "/input_reEnterEMailAddress"), "iahmed@govolution.com"): Text 'iahmed@govolution.com' is set on object 'Object Repository/RAD_Pages/AddressAndContactInfo_Page/input_reEnterEMailAddress'

2023-09-09 20:51:24 - [MESSAGE][PASSED] - Text 'iahmed@govolution.com' is set on object 'Object Repository/RAD_Pages/AddressAndContactInfo_Page/input_reEnterEMailAddress'

2023-09-09 20:51:24 - [TEST_STEP][PASSED] - delay(2): Delayed 2 second(s)

2023-09-09 20:51:26 - [MESSAGE][PASSED] - Delayed 2 second(s)

2023-09-09 20:51:26 - [TEST_STEP][PASSED] - if (verifyTextPresent("The Email and Re-enter email do not match", true)): null

2023-09-09 20:51:27 - [MESSAGE][PASSED] - Text 'The Email and Re-enter email do not match' is present on page  using regular expression

2023-09-09 20:51:27 - [TEST_STEP][PASSED] - println("Emails Dont match text is present"): null

2023-09-09 20:51:27 - [TEST_STEP][PASSED] - out.println("Pass Record Number: " + row): null

2023-09-09 20:51:27 - [TEST_STEP][PASSED] - resText = "Pass": null

2023-09-09 20:51:27 - [TEST_STEP][PASSED] - pages.WriteExcel.demoKey(resText, datText, resColumn, datCloumn, fileLoc, nameSheet, row): pages.WriteExcel.demoKey is PASSED

2023-09-09 20:51:27 - [MESSAGE][PASSED] - pages.WriteExcel.demoKey is PASSED

2023-09-09 20:51:27 - [TEST_STEP][PASSED] - ExecuteTC = findTestData(dataFile).getValue("Execute", row): null

2023-09-09 20:51:27 - [TEST_STEP][PASSED] - Taxtype = findTestData(dataFile).getValue("TaxType", row): null

2023-09-09 20:51:27 - [TEST_STEP][PASSED] - Paymenttype = findTestData(dataFile).getValue("PaymentType", row): null

2023-09-09 20:51:27 - [TEST_STEP][PASSED] - out.println("Value of Execute is : " + ExecuteTC): null

2023-09-09 20:51:27 - [TEST_STEP][PASSED] - if (ExecuteTC.equalsIgnoreCase("Y")): null

2023-09-09 20:51:27 - [TEST_STEP][PASSED] - out.println("Begin Record Number: " + row): null

2023-09-09 20:51:27 - [TEST_STEP][PASSED] - today = new java.util.Date(): null

2023-09-09 20:51:27 - [TEST_STEP][PASSED] - println(today): null

2023-09-09 20:51:27 - [TEST_STEP][PASSED] - datText = today: null

2023-09-09 20:51:27 - [TEST_STEP][PASSED] - Taxtype = findTestData(dataFile).getValue("TaxType", row): null

2023-09-09 20:51:27 - [TEST_STEP][PASSED] - out.println("Taxtype value is : " + Taxtype): null

2023-09-09 20:51:27 - [TEST_STEP][PASSED] - openBrowser(""): Browser is opened with url: ''

2023-09-09 20:51:27 - [MESSAGE][WARNING] - A browser is already opened. Closing browser and opening a new one

2023-09-09 20:51:28 - [MESSAGE][INFO] - Starting 'Chrome' driver

2023-09-09 20:51:28 - [MESSAGE][INFO] - User set preference: ['acceptInsecureCerts', 'true']

2023-09-09 20:51:28 - [MESSAGE][INFO] - Action delay is set to 0 milliseconds

2023-09-09 20:51:29 - [MESSAGE][PASSED] - Browser is opened with url: ''

2023-09-09 20:51:29 - [TEST_STEP][PASSED] - maximizeWindow(): Current window maximized

2023-09-09 20:51:29 - [MESSAGE][PASSED] - Current window maximized

2023-09-09 20:51:29 - [TEST_STEP][PASSED] - navigateToUrl(RADurl): Navigate to 'https://qa2.velocitypayment.com/client/rad/index.html' successfully

2023-09-09 20:51:31 - [MESSAGE][PASSED] - Navigate to 'https://qa2.velocitypayment.com/client/rad/index.html' successfully

2023-09-09 20:51:31 - [TEST_STEP][PASSED] - orPath_Landing = "Object Repository/RAD_Pages/Landing_Page": null

2023-09-09 20:51:31 - [TEST_STEP][PASSED] - orPath_TaxTypeFilingYear = "Object Repository/RAD_Pages/TaxTypeFilingYear_Page": null

2023-09-09 20:51:31 - [TEST_STEP][PASSED] - orPath_TaxPayer = "Object Repository/RAD_Pages/Taxpayer_Page": null

2023-09-09 20:51:31 - [TEST_STEP][PASSED] - orPath_AddressContact = "Object Repository/RAD_Pages/AddressAndContactInfo_Page": null

2023-09-09 20:51:31 - [TEST_STEP][PASSED] - orPath_FilingStatus = "Object Repository/RAD_Pages/FilingStatus_Page": null

2023-09-09 20:51:31 - [TEST_STEP][PASSED] - orPath_Amount = "Object Repository/RAD_Pages/PaymentAmount_Page": null

2023-09-09 20:51:31 - [TEST_STEP][PASSED] - selectOptionByLabel(findTestObject(orPath_Landing + "/dd_TaxType"), Paymenttype, false): All options with label 'Extension Payments' are selected in object 'Object Repository/RAD_Pages/Landing_Page/dd_TaxType' 

2023-09-09 20:51:32 - [MESSAGE][PASSED] - All options with label 'Extension Payments' are selected in object 'Object Repository/RAD_Pages/Landing_Page/dd_TaxType' 

2023-09-09 20:51:32 - [TEST_STEP][PASSED] - delay(1): Delayed 1 second(s)

2023-09-09 20:51:33 - [MESSAGE][PASSED] - Delayed 1 second(s)

2023-09-09 20:51:33 - [TEST_STEP][PASSED] - switch (Paymenttype): null

2023-09-09 20:51:33 - [TEST_STEP][PASSED] - case "Extension Payments":: null

2023-09-09 20:51:33 - [TEST_STEP][PASSED] - selectOptionByLabel(findTestObject(orPath_TaxTypeFilingYear + "/select_PaymentType"), Taxtype, false): All options with label 'PTE Non-Electing S Corp' are selected in object 'Object Repository/RAD_Pages/TaxTypeFilingYear_Page/select_PaymentType' 

2023-09-09 20:51:33 - [MESSAGE][PASSED] - All options with label 'PTE Non-Electing S Corp' are selected in object 'Object Repository/RAD_Pages/TaxTypeFilingYear_Page/select_PaymentType' 

2023-09-09 20:51:33 - [TEST_STEP][PASSED] - break: null

2023-09-09 20:51:33 - [TEST_STEP][PASSED] - delay(1): Delayed 1 second(s)

2023-09-09 20:51:34 - [MESSAGE][PASSED] - Delayed 1 second(s)

2023-09-09 20:51:34 - [TEST_STEP][PASSED] - scrollToElement(findTestObject(orPath_Amount + "/input__paymentAmount"), 3): Scroll to object 'Object Repository/RAD_Pages/PaymentAmount_Page/input__paymentAmount' successfully

2023-09-09 20:51:35 - [MESSAGE][PASSED] - Scroll to object 'Object Repository/RAD_Pages/PaymentAmount_Page/input__paymentAmount' successfully

2023-09-09 20:51:35 - [TEST_STEP][PASSED] - setText(findTestObject(orPath_AddressContact + "/input_eMailAddress"), "imtiazster@gmail.com"): Text 'imtiazster@gmail.com' is set on object 'Object Repository/RAD_Pages/AddressAndContactInfo_Page/input_eMailAddress'

2023-09-09 20:51:37 - [MESSAGE][PASSED] - Text 'imtiazster@gmail.com' is set on object 'Object Repository/RAD_Pages/AddressAndContactInfo_Page/input_eMailAddress'

2023-09-09 20:51:37 - [TEST_STEP][PASSED] - setText(findTestObject(orPath_AddressContact + "/input_reEnterEMailAddress"), "iahmed@govolution.com"): Text 'iahmed@govolution.com' is set on object 'Object Repository/RAD_Pages/AddressAndContactInfo_Page/input_reEnterEMailAddress'

2023-09-09 20:51:37 - [MESSAGE][PASSED] - Text 'iahmed@govolution.com' is set on object 'Object Repository/RAD_Pages/AddressAndContactInfo_Page/input_reEnterEMailAddress'

2023-09-09 20:51:37 - [TEST_STEP][PASSED] - delay(2): Delayed 2 second(s)

2023-09-09 20:51:39 - [MESSAGE][PASSED] - Delayed 2 second(s)

2023-09-09 20:51:39 - [TEST_STEP][PASSED] - if (verifyTextPresent("The Email and Re-enter email do not match", true)): null

2023-09-09 20:51:40 - [MESSAGE][PASSED] - Text 'The Email and Re-enter email do not match' is present on page  using regular expression

2023-09-09 20:51:40 - [TEST_STEP][PASSED] - println("Emails Dont match text is present"): null

2023-09-09 20:51:40 - [TEST_STEP][PASSED] - out.println("Pass Record Number: " + row): null

2023-09-09 20:51:40 - [TEST_STEP][PASSED] - resText = "Pass": null

2023-09-09 20:51:40 - [TEST_STEP][PASSED] - pages.WriteExcel.demoKey(resText, datText, resColumn, datCloumn, fileLoc, nameSheet, row): pages.WriteExcel.demoKey is PASSED

2023-09-09 20:51:40 - [MESSAGE][PASSED] - pages.WriteExcel.demoKey is PASSED

2023-09-09 20:51:40 - [TEST_STEP][PASSED] - ExecuteTC = findTestData(dataFile).getValue("Execute", row): null

2023-09-09 20:51:40 - [TEST_STEP][PASSED] - Taxtype = findTestData(dataFile).getValue("TaxType", row): null

2023-09-09 20:51:40 - [TEST_STEP][PASSED] - Paymenttype = findTestData(dataFile).getValue("PaymentType", row): null

2023-09-09 20:51:40 - [TEST_STEP][PASSED] - out.println("Value of Execute is : " + ExecuteTC): null

2023-09-09 20:51:40 - [TEST_STEP][PASSED] - if (ExecuteTC.equalsIgnoreCase("Y")): null

2023-09-09 20:51:40 - [TEST_STEP][PASSED] - out.println("Begin Record Number: " + row): null

2023-09-09 20:51:40 - [TEST_STEP][PASSED] - today = new java.util.Date(): null

2023-09-09 20:51:40 - [TEST_STEP][PASSED] - println(today): null

2023-09-09 20:51:40 - [TEST_STEP][PASSED] - datText = today: null

2023-09-09 20:51:40 - [TEST_STEP][PASSED] - Taxtype = findTestData(dataFile).getValue("TaxType", row): null

2023-09-09 20:51:40 - [TEST_STEP][PASSED] - out.println("Taxtype value is : " + Taxtype): null

2023-09-09 20:51:40 - [TEST_STEP][PASSED] - openBrowser(""): Browser is opened with url: ''

2023-09-09 20:51:40 - [MESSAGE][WARNING] - A browser is already opened. Closing browser and opening a new one

2023-09-09 20:51:41 - [MESSAGE][INFO] - Starting 'Chrome' driver

2023-09-09 20:51:41 - [MESSAGE][INFO] - User set preference: ['acceptInsecureCerts', 'true']

2023-09-09 20:51:41 - [MESSAGE][INFO] - Action delay is set to 0 milliseconds

2023-09-09 20:51:42 - [MESSAGE][PASSED] - Browser is opened with url: ''

2023-09-09 20:51:42 - [TEST_STEP][PASSED] - maximizeWindow(): Current window maximized

2023-09-09 20:51:43 - [MESSAGE][PASSED] - Current window maximized

2023-09-09 20:51:43 - [TEST_STEP][PASSED] - navigateToUrl(RADurl): Navigate to 'https://qa2.velocitypayment.com/client/rad/index.html' successfully

2023-09-09 20:51:44 - [MESSAGE][PASSED] - Navigate to 'https://qa2.velocitypayment.com/client/rad/index.html' successfully

2023-09-09 20:51:44 - [TEST_STEP][PASSED] - orPath_Landing = "Object Repository/RAD_Pages/Landing_Page": null

2023-09-09 20:51:44 - [TEST_STEP][PASSED] - orPath_TaxTypeFilingYear = "Object Repository/RAD_Pages/TaxTypeFilingYear_Page": null

2023-09-09 20:51:44 - [TEST_STEP][PASSED] - orPath_TaxPayer = "Object Repository/RAD_Pages/Taxpayer_Page": null

2023-09-09 20:51:44 - [TEST_STEP][PASSED] - orPath_AddressContact = "Object Repository/RAD_Pages/AddressAndContactInfo_Page": null

2023-09-09 20:51:44 - [TEST_STEP][PASSED] - orPath_FilingStatus = "Object Repository/RAD_Pages/FilingStatus_Page": null

2023-09-09 20:51:44 - [TEST_STEP][PASSED] - orPath_Amount = "Object Repository/RAD_Pages/PaymentAmount_Page": null

2023-09-09 20:51:44 - [TEST_STEP][PASSED] - selectOptionByLabel(findTestObject(orPath_Landing + "/dd_TaxType"), Paymenttype, false): All options with label 'Extension Payments' are selected in object 'Object Repository/RAD_Pages/Landing_Page/dd_TaxType' 

2023-09-09 20:51:45 - [MESSAGE][PASSED] - All options with label 'Extension Payments' are selected in object 'Object Repository/RAD_Pages/Landing_Page/dd_TaxType' 

2023-09-09 20:51:45 - [TEST_STEP][PASSED] - delay(1): Delayed 1 second(s)

2023-09-09 20:51:46 - [MESSAGE][PASSED] - Delayed 1 second(s)

2023-09-09 20:51:46 - [TEST_STEP][PASSED] - switch (Paymenttype): null

2023-09-09 20:51:46 - [TEST_STEP][PASSED] - case "Extension Payments":: null

2023-09-09 20:51:46 - [TEST_STEP][PASSED] - selectOptionByLabel(findTestObject(orPath_TaxTypeFilingYear + "/select_PaymentType"), Taxtype, false): All options with label 'PTE Tax Electing Non-S Corp' are selected in object 'Object Repository/RAD_Pages/TaxTypeFilingYear_Page/select_PaymentType' 

2023-09-09 20:51:46 - [MESSAGE][PASSED] - All options with label 'PTE Tax Electing Non-S Corp' are selected in object 'Object Repository/RAD_Pages/TaxTypeFilingYear_Page/select_PaymentType' 

2023-09-09 20:51:46 - [TEST_STEP][PASSED] - break: null

2023-09-09 20:51:46 - [TEST_STEP][PASSED] - delay(1): Delayed 1 second(s)

2023-09-09 20:51:47 - [MESSAGE][PASSED] - Delayed 1 second(s)

2023-09-09 20:51:47 - [TEST_STEP][PASSED] - scrollToElement(findTestObject(orPath_Amount + "/input__paymentAmount"), 3): Scroll to object 'Object Repository/RAD_Pages/PaymentAmount_Page/input__paymentAmount' successfully

2023-09-09 20:51:48 - [MESSAGE][PASSED] - Scroll to object 'Object Repository/RAD_Pages/PaymentAmount_Page/input__paymentAmount' successfully

2023-09-09 20:51:48 - [TEST_STEP][PASSED] - setText(findTestObject(orPath_AddressContact + "/input_eMailAddress"), "imtiazster@gmail.com"): Text 'imtiazster@gmail.com' is set on object 'Object Repository/RAD_Pages/AddressAndContactInfo_Page/input_eMailAddress'

2023-09-09 20:51:50 - [MESSAGE][PASSED] - Text 'imtiazster@gmail.com' is set on object 'Object Repository/RAD_Pages/AddressAndContactInfo_Page/input_eMailAddress'

2023-09-09 20:51:50 - [TEST_STEP][PASSED] - setText(findTestObject(orPath_AddressContact + "/input_reEnterEMailAddress"), "iahmed@govolution.com"): Text 'iahmed@govolution.com' is set on object 'Object Repository/RAD_Pages/AddressAndContactInfo_Page/input_reEnterEMailAddress'

2023-09-09 20:51:50 - [MESSAGE][PASSED] - Text 'iahmed@govolution.com' is set on object 'Object Repository/RAD_Pages/AddressAndContactInfo_Page/input_reEnterEMailAddress'

2023-09-09 20:51:50 - [TEST_STEP][PASSED] - delay(2): Delayed 2 second(s)

2023-09-09 20:51:52 - [MESSAGE][PASSED] - Delayed 2 second(s)

2023-09-09 20:51:52 - [TEST_STEP][PASSED] - if (verifyTextPresent("The Email and Re-enter email do not match", true)): null

2023-09-09 20:51:53 - [MESSAGE][PASSED] - Text 'The Email and Re-enter email do not match' is present on page  using regular expression

2023-09-09 20:51:53 - [TEST_STEP][PASSED] - println("Emails Dont match text is present"): null

2023-09-09 20:51:53 - [TEST_STEP][PASSED] - out.println("Pass Record Number: " + row): null

2023-09-09 20:51:53 - [TEST_STEP][PASSED] - resText = "Pass": null

2023-09-09 20:51:53 - [TEST_STEP][PASSED] - pages.WriteExcel.demoKey(resText, datText, resColumn, datCloumn, fileLoc, nameSheet, row): pages.WriteExcel.demoKey is PASSED

2023-09-09 20:51:53 - [MESSAGE][PASSED] - pages.WriteExcel.demoKey is PASSED

2023-09-09 20:51:53 - [TEST_STEP][PASSED] - ExecuteTC = findTestData(dataFile).getValue("Execute", row): null

2023-09-09 20:51:53 - [TEST_STEP][PASSED] - Taxtype = findTestData(dataFile).getValue("TaxType", row): null

2023-09-09 20:51:53 - [TEST_STEP][PASSED] - Paymenttype = findTestData(dataFile).getValue("PaymentType", row): null

2023-09-09 20:51:53 - [TEST_STEP][PASSED] - out.println("Value of Execute is : " + ExecuteTC): null

2023-09-09 20:51:53 - [TEST_STEP][PASSED] - if (ExecuteTC.equalsIgnoreCase("Y")): null

2023-09-09 20:51:53 - [TEST_STEP][PASSED] - out.println("Begin Record Number: " + row): null

2023-09-09 20:51:53 - [TEST_STEP][PASSED] - today = new java.util.Date(): null

2023-09-09 20:51:53 - [TEST_STEP][PASSED] - println(today): null

2023-09-09 20:51:53 - [TEST_STEP][PASSED] - datText = today: null

2023-09-09 20:51:53 - [TEST_STEP][PASSED] - Taxtype = findTestData(dataFile).getValue("TaxType", row): null

2023-09-09 20:51:53 - [TEST_STEP][PASSED] - out.println("Taxtype value is : " + Taxtype): null

2023-09-09 20:51:53 - [TEST_STEP][PASSED] - openBrowser(""): Browser is opened with url: ''

2023-09-09 20:51:53 - [MESSAGE][WARNING] - A browser is already opened. Closing browser and opening a new one

2023-09-09 20:51:54 - [MESSAGE][INFO] - Starting 'Chrome' driver

2023-09-09 20:51:54 - [MESSAGE][INFO] - User set preference: ['acceptInsecureCerts', 'true']

2023-09-09 20:51:54 - [MESSAGE][INFO] - Action delay is set to 0 milliseconds

2023-09-09 20:51:56 - [MESSAGE][PASSED] - Browser is opened with url: ''

2023-09-09 20:51:56 - [TEST_STEP][PASSED] - maximizeWindow(): Current window maximized

2023-09-09 20:51:56 - [MESSAGE][PASSED] - Current window maximized

2023-09-09 20:51:56 - [TEST_STEP][PASSED] - navigateToUrl(RADurl): Navigate to 'https://qa2.velocitypayment.com/client/rad/index.html' successfully

2023-09-09 20:51:57 - [MESSAGE][PASSED] - Navigate to 'https://qa2.velocitypayment.com/client/rad/index.html' successfully

2023-09-09 20:51:57 - [TEST_STEP][PASSED] - orPath_Landing = "Object Repository/RAD_Pages/Landing_Page": null

2023-09-09 20:51:57 - [TEST_STEP][PASSED] - orPath_TaxTypeFilingYear = "Object Repository/RAD_Pages/TaxTypeFilingYear_Page": null

2023-09-09 20:51:57 - [TEST_STEP][PASSED] - orPath_TaxPayer = "Object Repository/RAD_Pages/Taxpayer_Page": null

2023-09-09 20:51:57 - [TEST_STEP][PASSED] - orPath_AddressContact = "Object Repository/RAD_Pages/AddressAndContactInfo_Page": null

2023-09-09 20:51:57 - [TEST_STEP][PASSED] - orPath_FilingStatus = "Object Repository/RAD_Pages/FilingStatus_Page": null

2023-09-09 20:51:57 - [TEST_STEP][PASSED] - orPath_Amount = "Object Repository/RAD_Pages/PaymentAmount_Page": null

2023-09-09 20:51:57 - [TEST_STEP][PASSED] - selectOptionByLabel(findTestObject(orPath_Landing + "/dd_TaxType"), Paymenttype, false): All options with label 'Extension Payments' are selected in object 'Object Repository/RAD_Pages/Landing_Page/dd_TaxType' 

2023-09-09 20:51:58 - [MESSAGE][PASSED] - All options with label 'Extension Payments' are selected in object 'Object Repository/RAD_Pages/Landing_Page/dd_TaxType' 

2023-09-09 20:51:58 - [TEST_STEP][PASSED] - delay(1): Delayed 1 second(s)

2023-09-09 20:51:59 - [MESSAGE][PASSED] - Delayed 1 second(s)

2023-09-09 20:51:59 - [TEST_STEP][PASSED] - switch (Paymenttype): null

2023-09-09 20:51:59 - [TEST_STEP][PASSED] - case "Extension Payments":: null

2023-09-09 20:51:59 - [TEST_STEP][PASSED] - selectOptionByLabel(findTestObject(orPath_TaxTypeFilingYear + "/select_PaymentType"), Taxtype, false): All options with label 'PTE Tax Electing S Corp' are selected in object 'Object Repository/RAD_Pages/TaxTypeFilingYear_Page/select_PaymentType' 

2023-09-09 20:51:59 - [MESSAGE][PASSED] - All options with label 'PTE Tax Electing S Corp' are selected in object 'Object Repository/RAD_Pages/TaxTypeFilingYear_Page/select_PaymentType' 

2023-09-09 20:51:59 - [TEST_STEP][PASSED] - break: null

2023-09-09 20:51:59 - [TEST_STEP][PASSED] - delay(1): Delayed 1 second(s)

2023-09-09 20:52:00 - [MESSAGE][PASSED] - Delayed 1 second(s)

2023-09-09 20:52:00 - [TEST_STEP][PASSED] - scrollToElement(findTestObject(orPath_Amount + "/input__paymentAmount"), 3): Scroll to object 'Object Repository/RAD_Pages/PaymentAmount_Page/input__paymentAmount' successfully

2023-09-09 20:52:01 - [MESSAGE][PASSED] - Scroll to object 'Object Repository/RAD_Pages/PaymentAmount_Page/input__paymentAmount' successfully

2023-09-09 20:52:01 - [TEST_STEP][PASSED] - setText(findTestObject(orPath_AddressContact + "/input_eMailAddress"), "imtiazster@gmail.com"): Text 'imtiazster@gmail.com' is set on object 'Object Repository/RAD_Pages/AddressAndContactInfo_Page/input_eMailAddress'

2023-09-09 20:52:03 - [MESSAGE][PASSED] - Text 'imtiazster@gmail.com' is set on object 'Object Repository/RAD_Pages/AddressAndContactInfo_Page/input_eMailAddress'

2023-09-09 20:52:03 - [TEST_STEP][PASSED] - setText(findTestObject(orPath_AddressContact + "/input_reEnterEMailAddress"), "iahmed@govolution.com"): Text 'iahmed@govolution.com' is set on object 'Object Repository/RAD_Pages/AddressAndContactInfo_Page/input_reEnterEMailAddress'

2023-09-09 20:52:03 - [MESSAGE][PASSED] - Text 'iahmed@govolution.com' is set on object 'Object Repository/RAD_Pages/AddressAndContactInfo_Page/input_reEnterEMailAddress'

2023-09-09 20:52:03 - [TEST_STEP][PASSED] - delay(2): Delayed 2 second(s)

2023-09-09 20:52:05 - [MESSAGE][PASSED] - Delayed 2 second(s)

2023-09-09 20:52:05 - [TEST_STEP][PASSED] - if (verifyTextPresent("The Email and Re-enter email do not match", true)): null

2023-09-09 20:52:06 - [MESSAGE][PASSED] - Text 'The Email and Re-enter email do not match' is present on page  using regular expression

2023-09-09 20:52:06 - [TEST_STEP][PASSED] - println("Emails Dont match text is present"): null

2023-09-09 20:52:06 - [TEST_STEP][PASSED] - out.println("Pass Record Number: " + row): null

2023-09-09 20:52:06 - [TEST_STEP][PASSED] - resText = "Pass": null

2023-09-09 20:52:06 - [TEST_STEP][PASSED] - pages.WriteExcel.demoKey(resText, datText, resColumn, datCloumn, fileLoc, nameSheet, row): pages.WriteExcel.demoKey is PASSED

2023-09-09 20:52:06 - [MESSAGE][PASSED] - pages.WriteExcel.demoKey is PASSED

2023-09-09 20:52:06 - [TEST_STEP][PASSED] - ExecuteTC = findTestData(dataFile).getValue("Execute", row): null

2023-09-09 20:52:06 - [TEST_STEP][PASSED] - Taxtype = findTestData(dataFile).getValue("TaxType", row): null

2023-09-09 20:52:06 - [TEST_STEP][PASSED] - Paymenttype = findTestData(dataFile).getValue("PaymentType", row): null

2023-09-09 20:52:06 - [TEST_STEP][PASSED] - out.println("Value of Execute is : " + ExecuteTC): null

2023-09-09 20:52:06 - [TEST_STEP][PASSED] - if (ExecuteTC.equalsIgnoreCase("Y")): null

2023-09-09 20:52:06 - [TEST_STEP][PASSED] - out.println("Begin Record Number: " + row): null

2023-09-09 20:52:06 - [TEST_STEP][PASSED] - today = new java.util.Date(): null

2023-09-09 20:52:06 - [TEST_STEP][PASSED] - println(today): null

2023-09-09 20:52:06 - [TEST_STEP][PASSED] - datText = today: null

2023-09-09 20:52:06 - [TEST_STEP][PASSED] - Taxtype = findTestData(dataFile).getValue("TaxType", row): null

2023-09-09 20:52:06 - [TEST_STEP][PASSED] - out.println("Taxtype value is : " + Taxtype): null

2023-09-09 20:52:06 - [TEST_STEP][PASSED] - openBrowser(""): Browser is opened with url: ''

2023-09-09 20:52:06 - [MESSAGE][WARNING] - A browser is already opened. Closing browser and opening a new one

2023-09-09 20:52:07 - [MESSAGE][INFO] - Starting 'Chrome' driver

2023-09-09 20:52:07 - [MESSAGE][INFO] - User set preference: ['acceptInsecureCerts', 'true']

2023-09-09 20:52:07 - [MESSAGE][INFO] - Action delay is set to 0 milliseconds

2023-09-09 20:52:09 - [MESSAGE][PASSED] - Browser is opened with url: ''

2023-09-09 20:52:09 - [TEST_STEP][PASSED] - maximizeWindow(): Current window maximized

2023-09-09 20:52:09 - [MESSAGE][PASSED] - Current window maximized

2023-09-09 20:52:09 - [TEST_STEP][PASSED] - navigateToUrl(RADurl): Navigate to 'https://qa2.velocitypayment.com/client/rad/index.html' successfully

2023-09-09 20:52:10 - [MESSAGE][PASSED] - Navigate to 'https://qa2.velocitypayment.com/client/rad/index.html' successfully

2023-09-09 20:52:10 - [TEST_STEP][PASSED] - orPath_Landing = "Object Repository/RAD_Pages/Landing_Page": null

2023-09-09 20:52:10 - [TEST_STEP][PASSED] - orPath_TaxTypeFilingYear = "Object Repository/RAD_Pages/TaxTypeFilingYear_Page": null

2023-09-09 20:52:10 - [TEST_STEP][PASSED] - orPath_TaxPayer = "Object Repository/RAD_Pages/Taxpayer_Page": null

2023-09-09 20:52:10 - [TEST_STEP][PASSED] - orPath_AddressContact = "Object Repository/RAD_Pages/AddressAndContactInfo_Page": null

2023-09-09 20:52:10 - [TEST_STEP][PASSED] - orPath_FilingStatus = "Object Repository/RAD_Pages/FilingStatus_Page": null

2023-09-09 20:52:10 - [TEST_STEP][PASSED] - orPath_Amount = "Object Repository/RAD_Pages/PaymentAmount_Page": null

2023-09-09 20:52:10 - [TEST_STEP][PASSED] - selectOptionByLabel(findTestObject(orPath_Landing + "/dd_TaxType"), Paymenttype, false): All options with label 'Extension Payments' are selected in object 'Object Repository/RAD_Pages/Landing_Page/dd_TaxType' 

2023-09-09 20:52:11 - [MESSAGE][PASSED] - All options with label 'Extension Payments' are selected in object 'Object Repository/RAD_Pages/Landing_Page/dd_TaxType' 

2023-09-09 20:52:11 - [TEST_STEP][PASSED] - delay(1): Delayed 1 second(s)

2023-09-09 20:52:12 - [MESSAGE][PASSED] - Delayed 1 second(s)

2023-09-09 20:52:12 - [TEST_STEP][PASSED] - switch (Paymenttype): null

2023-09-09 20:52:12 - [TEST_STEP][PASSED] - case "Extension Payments":: null

2023-09-09 20:52:12 - [TEST_STEP][PASSED] - selectOptionByLabel(findTestObject(orPath_TaxTypeFilingYear + "/select_PaymentType"), Taxtype, false): All options with label 'Personal Income Tax' are selected in object 'Object Repository/RAD_Pages/TaxTypeFilingYear_Page/select_PaymentType' 

2023-09-09 20:52:12 - [MESSAGE][PASSED] - All options with label 'Personal Income Tax' are selected in object 'Object Repository/RAD_Pages/TaxTypeFilingYear_Page/select_PaymentType' 

2023-09-09 20:52:12 - [TEST_STEP][PASSED] - break: null

2023-09-09 20:52:12 - [TEST_STEP][PASSED] - delay(1): Delayed 1 second(s)

2023-09-09 20:52:13 - [MESSAGE][PASSED] - Delayed 1 second(s)

2023-09-09 20:52:13 - [TEST_STEP][PASSED] - scrollToElement(findTestObject(orPath_Amount + "/input__paymentAmount"), 3): Scroll to object 'Object Repository/RAD_Pages/PaymentAmount_Page/input__paymentAmount' successfully

2023-09-09 20:52:14 - [MESSAGE][PASSED] - Scroll to object 'Object Repository/RAD_Pages/PaymentAmount_Page/input__paymentAmount' successfully

2023-09-09 20:52:14 - [TEST_STEP][PASSED] - setText(findTestObject(orPath_AddressContact + "/input_eMailAddress"), "imtiazster@gmail.com"): Text 'imtiazster@gmail.com' is set on object 'Object Repository/RAD_Pages/AddressAndContactInfo_Page/input_eMailAddress'

2023-09-09 20:52:16 - [MESSAGE][PASSED] - Text 'imtiazster@gmail.com' is set on object 'Object Repository/RAD_Pages/AddressAndContactInfo_Page/input_eMailAddress'

2023-09-09 20:52:16 - [TEST_STEP][PASSED] - setText(findTestObject(orPath_AddressContact + "/input_reEnterEMailAddress"), "iahmed@govolution.com"): Text 'iahmed@govolution.com' is set on object 'Object Repository/RAD_Pages/AddressAndContactInfo_Page/input_reEnterEMailAddress'

2023-09-09 20:52:16 - [MESSAGE][PASSED] - Text 'iahmed@govolution.com' is set on object 'Object Repository/RAD_Pages/AddressAndContactInfo_Page/input_reEnterEMailAddress'

2023-09-09 20:52:16 - [TEST_STEP][PASSED] - delay(2): Delayed 2 second(s)

2023-09-09 20:52:18 - [MESSAGE][PASSED] - Delayed 2 second(s)

2023-09-09 20:52:18 - [TEST_STEP][PASSED] - if (verifyTextPresent("The Email and Re-enter email do not match", true)): null

2023-09-09 20:52:19 - [MESSAGE][PASSED] - Text 'The Email and Re-enter email do not match' is present on page  using regular expression

2023-09-09 20:52:19 - [TEST_STEP][PASSED] - println("Emails Dont match text is present"): null

2023-09-09 20:52:19 - [TEST_STEP][PASSED] - out.println("Pass Record Number: " + row): null

2023-09-09 20:52:19 - [TEST_STEP][PASSED] - resText = "Pass": null

2023-09-09 20:52:19 - [TEST_STEP][PASSED] - pages.WriteExcel.demoKey(resText, datText, resColumn, datCloumn, fileLoc, nameSheet, row): pages.WriteExcel.demoKey is PASSED

2023-09-09 20:52:19 - [MESSAGE][PASSED] - pages.WriteExcel.demoKey is PASSED

2023-09-09 20:52:19 - [TEST_STEP][PASSED] - ExecuteTC = findTestData(dataFile).getValue("Execute", row): null

2023-09-09 20:52:19 - [TEST_STEP][PASSED] - Taxtype = findTestData(dataFile).getValue("TaxType", row): null

2023-09-09 20:52:19 - [TEST_STEP][PASSED] - Paymenttype = findTestData(dataFile).getValue("PaymentType", row): null

2023-09-09 20:52:19 - [TEST_STEP][PASSED] - out.println("Value of Execute is : " + ExecuteTC): null

2023-09-09 20:52:19 - [TEST_STEP][PASSED] - if (ExecuteTC.equalsIgnoreCase("Y")): null

2023-09-09 20:52:19 - [TEST_STEP][PASSED] - out.println("Begin Record Number: " + row): null

2023-09-09 20:52:19 - [TEST_STEP][PASSED] - today = new java.util.Date(): null

2023-09-09 20:52:19 - [TEST_STEP][PASSED] - println(today): null

2023-09-09 20:52:19 - [TEST_STEP][PASSED] - datText = today: null

2023-09-09 20:52:19 - [TEST_STEP][PASSED] - Taxtype = findTestData(dataFile).getValue("TaxType", row): null

2023-09-09 20:52:19 - [TEST_STEP][PASSED] - out.println("Taxtype value is : " + Taxtype): null

2023-09-09 20:52:19 - [TEST_STEP][PASSED] - openBrowser(""): Browser is opened with url: ''

2023-09-09 20:52:19 - [MESSAGE][WARNING] - A browser is already opened. Closing browser and opening a new one

2023-09-09 20:52:20 - [MESSAGE][INFO] - Starting 'Chrome' driver

2023-09-09 20:52:20 - [MESSAGE][INFO] - User set preference: ['acceptInsecureCerts', 'true']

2023-09-09 20:52:20 - [MESSAGE][INFO] - Action delay is set to 0 milliseconds

2023-09-09 20:52:21 - [MESSAGE][PASSED] - Browser is opened with url: ''

2023-09-09 20:52:21 - [TEST_STEP][PASSED] - maximizeWindow(): Current window maximized

2023-09-09 20:52:21 - [MESSAGE][PASSED] - Current window maximized

2023-09-09 20:52:21 - [TEST_STEP][PASSED] - navigateToUrl(RADurl): Navigate to 'https://qa2.velocitypayment.com/client/rad/index.html' successfully

2023-09-09 20:52:23 - [MESSAGE][PASSED] - Navigate to 'https://qa2.velocitypayment.com/client/rad/index.html' successfully

2023-09-09 20:52:23 - [TEST_STEP][PASSED] - orPath_Landing = "Object Repository/RAD_Pages/Landing_Page": null

2023-09-09 20:52:23 - [TEST_STEP][PASSED] - orPath_TaxTypeFilingYear = "Object Repository/RAD_Pages/TaxTypeFilingYear_Page": null

2023-09-09 20:52:23 - [TEST_STEP][PASSED] - orPath_TaxPayer = "Object Repository/RAD_Pages/Taxpayer_Page": null

2023-09-09 20:52:23 - [TEST_STEP][PASSED] - orPath_AddressContact = "Object Repository/RAD_Pages/AddressAndContactInfo_Page": null

2023-09-09 20:52:23 - [TEST_STEP][PASSED] - orPath_FilingStatus = "Object Repository/RAD_Pages/FilingStatus_Page": null

2023-09-09 20:52:23 - [TEST_STEP][PASSED] - orPath_Amount = "Object Repository/RAD_Pages/PaymentAmount_Page": null

2023-09-09 20:52:23 - [TEST_STEP][PASSED] - selectOptionByLabel(findTestObject(orPath_Landing + "/dd_TaxType"), Paymenttype, false): All options with label 'New Tax Return Amount Due' are selected in object 'Object Repository/RAD_Pages/Landing_Page/dd_TaxType' 

2023-09-09 20:52:24 - [MESSAGE][PASSED] - All options with label 'New Tax Return Amount Due' are selected in object 'Object Repository/RAD_Pages/Landing_Page/dd_TaxType' 

2023-09-09 20:52:24 - [TEST_STEP][PASSED] - delay(1): Delayed 1 second(s)

2023-09-09 20:52:25 - [MESSAGE][PASSED] - Delayed 1 second(s)

2023-09-09 20:52:25 - [TEST_STEP][PASSED] - switch (Paymenttype): null

2023-09-09 20:52:25 - [TEST_STEP][PASSED] - case "New Tax Return Amount Due":: null

2023-09-09 20:52:25 - [TEST_STEP][PASSED] - selectOptionByLabel(findTestObject("Object Repository/RAD_Pages/Landing_Page/select_NewTaxReturnAmountDue_TaxType"), Taxtype, false): All options with label 'Fiduciary Tax' are selected in object 'Object Repository/RAD_Pages/Landing_Page/select_NewTaxReturnAmountDue_TaxType' 

2023-09-09 20:52:26 - [MESSAGE][PASSED] - All options with label 'Fiduciary Tax' are selected in object 'Object Repository/RAD_Pages/Landing_Page/select_NewTaxReturnAmountDue_TaxType' 

2023-09-09 20:52:26 - [TEST_STEP][PASSED] - break: null

2023-09-09 20:52:26 - [TEST_STEP][PASSED] - delay(1): Delayed 1 second(s)

2023-09-09 20:52:27 - [MESSAGE][PASSED] - Delayed 1 second(s)

2023-09-09 20:52:27 - [TEST_STEP][PASSED] - scrollToElement(findTestObject(orPath_Amount + "/input__paymentAmount"), 3): Scroll to object 'Object Repository/RAD_Pages/PaymentAmount_Page/input__paymentAmount' successfully

2023-09-09 20:52:27 - [MESSAGE][PASSED] - Scroll to object 'Object Repository/RAD_Pages/PaymentAmount_Page/input__paymentAmount' successfully

2023-09-09 20:52:27 - [TEST_STEP][PASSED] - setText(findTestObject(orPath_AddressContact + "/input_eMailAddress"), "imtiazster@gmail.com"): Text 'imtiazster@gmail.com' is set on object 'Object Repository/RAD_Pages/AddressAndContactInfo_Page/input_eMailAddress'

2023-09-09 20:52:29 - [MESSAGE][PASSED] - Text 'imtiazster@gmail.com' is set on object 'Object Repository/RAD_Pages/AddressAndContactInfo_Page/input_eMailAddress'

2023-09-09 20:52:29 - [TEST_STEP][PASSED] - setText(findTestObject(orPath_AddressContact + "/input_reEnterEMailAddress"), "iahmed@govolution.com"): Text 'iahmed@govolution.com' is set on object 'Object Repository/RAD_Pages/AddressAndContactInfo_Page/input_reEnterEMailAddress'

2023-09-09 20:52:29 - [MESSAGE][PASSED] - Text 'iahmed@govolution.com' is set on object 'Object Repository/RAD_Pages/AddressAndContactInfo_Page/input_reEnterEMailAddress'

2023-09-09 20:52:30 - [TEST_STEP][PASSED] - delay(2): Delayed 2 second(s)

2023-09-09 20:52:32 - [MESSAGE][PASSED] - Delayed 2 second(s)

2023-09-09 20:52:32 - [TEST_STEP][PASSED] - if (verifyTextPresent("The Email and Re-enter email do not match", true)): null

2023-09-09 20:52:32 - [MESSAGE][PASSED] - Text 'The Email and Re-enter email do not match' is present on page  using regular expression

2023-09-09 20:52:32 - [TEST_STEP][PASSED] - println("Emails Dont match text is present"): null

2023-09-09 20:52:32 - [TEST_STEP][PASSED] - out.println("Pass Record Number: " + row): null

2023-09-09 20:52:32 - [TEST_STEP][PASSED] - resText = "Pass": null

2023-09-09 20:52:32 - [TEST_STEP][PASSED] - pages.WriteExcel.demoKey(resText, datText, resColumn, datCloumn, fileLoc, nameSheet, row): pages.WriteExcel.demoKey is PASSED

2023-09-09 20:52:32 - [MESSAGE][PASSED] - pages.WriteExcel.demoKey is PASSED

2023-09-09 20:52:32 - [TEST_STEP][PASSED] - ExecuteTC = findTestData(dataFile).getValue("Execute", row): null

2023-09-09 20:52:32 - [TEST_STEP][PASSED] - Taxtype = findTestData(dataFile).getValue("TaxType", row): null

2023-09-09 20:52:32 - [TEST_STEP][PASSED] - Paymenttype = findTestData(dataFile).getValue("PaymentType", row): null

2023-09-09 20:52:32 - [TEST_STEP][PASSED] - out.println("Value of Execute is : " + ExecuteTC): null

2023-09-09 20:52:32 - [TEST_STEP][PASSED] - if (ExecuteTC.equalsIgnoreCase("Y")): null

2023-09-09 20:52:32 - [TEST_STEP][PASSED] - out.println("Begin Record Number: " + row): null

2023-09-09 20:52:32 - [TEST_STEP][PASSED] - today = new java.util.Date(): null

2023-09-09 20:52:32 - [TEST_STEP][PASSED] - println(today): null

2023-09-09 20:52:32 - [TEST_STEP][PASSED] - datText = today: null

2023-09-09 20:52:32 - [TEST_STEP][PASSED] - Taxtype = findTestData(dataFile).getValue("TaxType", row): null

2023-09-09 20:52:32 - [TEST_STEP][PASSED] - out.println("Taxtype value is : " + Taxtype): null

2023-09-09 20:52:32 - [TEST_STEP][PASSED] - openBrowser(""): Browser is opened with url: ''

2023-09-09 20:52:32 - [MESSAGE][WARNING] - A browser is already opened. Closing browser and opening a new one

2023-09-09 20:52:33 - [MESSAGE][INFO] - Starting 'Chrome' driver

2023-09-09 20:52:33 - [MESSAGE][INFO] - User set preference: ['acceptInsecureCerts', 'true']

2023-09-09 20:52:33 - [MESSAGE][INFO] - Action delay is set to 0 milliseconds

2023-09-09 20:52:35 - [MESSAGE][PASSED] - Browser is opened with url: ''

2023-09-09 20:52:35 - [TEST_STEP][PASSED] - maximizeWindow(): Current window maximized

2023-09-09 20:52:35 - [MESSAGE][PASSED] - Current window maximized

2023-09-09 20:52:35 - [TEST_STEP][PASSED] - navigateToUrl(RADurl): Navigate to 'https://qa2.velocitypayment.com/client/rad/index.html' successfully

2023-09-09 20:52:36 - [MESSAGE][PASSED] - Navigate to 'https://qa2.velocitypayment.com/client/rad/index.html' successfully

2023-09-09 20:52:36 - [TEST_STEP][PASSED] - orPath_Landing = "Object Repository/RAD_Pages/Landing_Page": null

2023-09-09 20:52:36 - [TEST_STEP][PASSED] - orPath_TaxTypeFilingYear = "Object Repository/RAD_Pages/TaxTypeFilingYear_Page": null

2023-09-09 20:52:36 - [TEST_STEP][PASSED] - orPath_TaxPayer = "Object Repository/RAD_Pages/Taxpayer_Page": null

2023-09-09 20:52:36 - [TEST_STEP][PASSED] - orPath_AddressContact = "Object Repository/RAD_Pages/AddressAndContactInfo_Page": null

2023-09-09 20:52:36 - [TEST_STEP][PASSED] - orPath_FilingStatus = "Object Repository/RAD_Pages/FilingStatus_Page": null

2023-09-09 20:52:36 - [TEST_STEP][PASSED] - orPath_Amount = "Object Repository/RAD_Pages/PaymentAmount_Page": null

2023-09-09 20:52:36 - [TEST_STEP][PASSED] - selectOptionByLabel(findTestObject(orPath_Landing + "/dd_TaxType"), Paymenttype, false): All options with label 'New Tax Return Amount Due' are selected in object 'Object Repository/RAD_Pages/Landing_Page/dd_TaxType' 

2023-09-09 20:52:37 - [MESSAGE][PASSED] - All options with label 'New Tax Return Amount Due' are selected in object 'Object Repository/RAD_Pages/Landing_Page/dd_TaxType' 

2023-09-09 20:52:37 - [TEST_STEP][PASSED] - delay(1): Delayed 1 second(s)

2023-09-09 20:52:38 - [MESSAGE][PASSED] - Delayed 1 second(s)

2023-09-09 20:52:38 - [TEST_STEP][PASSED] - switch (Paymenttype): null

2023-09-09 20:52:38 - [TEST_STEP][PASSED] - case "New Tax Return Amount Due":: null

2023-09-09 20:52:38 - [TEST_STEP][PASSED] - selectOptionByLabel(findTestObject("Object Repository/RAD_Pages/Landing_Page/select_NewTaxReturnAmountDue_TaxType"), Taxtype, false): All options with label 'PTE Non-Electing Non-S Corp' are selected in object 'Object Repository/RAD_Pages/Landing_Page/select_NewTaxReturnAmountDue_TaxType' 

2023-09-09 20:52:39 - [MESSAGE][PASSED] - All options with label 'PTE Non-Electing Non-S Corp' are selected in object 'Object Repository/RAD_Pages/Landing_Page/select_NewTaxReturnAmountDue_TaxType' 

2023-09-09 20:52:39 - [TEST_STEP][PASSED] - break: null

2023-09-09 20:52:39 - [TEST_STEP][PASSED] - delay(1): Delayed 1 second(s)

2023-09-09 20:52:40 - [MESSAGE][PASSED] - Delayed 1 second(s)

2023-09-09 20:52:40 - [TEST_STEP][PASSED] - scrollToElement(findTestObject(orPath_Amount + "/input__paymentAmount"), 3): Scroll to object 'Object Repository/RAD_Pages/PaymentAmount_Page/input__paymentAmount' successfully

2023-09-09 20:52:40 - [MESSAGE][PASSED] - Scroll to object 'Object Repository/RAD_Pages/PaymentAmount_Page/input__paymentAmount' successfully

2023-09-09 20:52:40 - [TEST_STEP][PASSED] - setText(findTestObject(orPath_AddressContact + "/input_eMailAddress"), "imtiazster@gmail.com"): Text 'imtiazster@gmail.com' is set on object 'Object Repository/RAD_Pages/AddressAndContactInfo_Page/input_eMailAddress'

2023-09-09 20:52:42 - [MESSAGE][PASSED] - Text 'imtiazster@gmail.com' is set on object 'Object Repository/RAD_Pages/AddressAndContactInfo_Page/input_eMailAddress'

2023-09-09 20:52:42 - [TEST_STEP][PASSED] - setText(findTestObject(orPath_AddressContact + "/input_reEnterEMailAddress"), "iahmed@govolution.com"): Text 'iahmed@govolution.com' is set on object 'Object Repository/RAD_Pages/AddressAndContactInfo_Page/input_reEnterEMailAddress'

2023-09-09 20:52:43 - [MESSAGE][PASSED] - Text 'iahmed@govolution.com' is set on object 'Object Repository/RAD_Pages/AddressAndContactInfo_Page/input_reEnterEMailAddress'

2023-09-09 20:52:43 - [TEST_STEP][PASSED] - delay(2): Delayed 2 second(s)

2023-09-09 20:52:45 - [MESSAGE][PASSED] - Delayed 2 second(s)

2023-09-09 20:52:45 - [TEST_STEP][PASSED] - if (verifyTextPresent("The Email and Re-enter email do not match", true)): null

2023-09-09 20:52:45 - [MESSAGE][PASSED] - Text 'The Email and Re-enter email do not match' is present on page  using regular expression

2023-09-09 20:52:45 - [TEST_STEP][PASSED] - println("Emails Dont match text is present"): null

2023-09-09 20:52:45 - [TEST_STEP][PASSED] - out.println("Pass Record Number: " + row): null

2023-09-09 20:52:45 - [TEST_STEP][PASSED] - resText = "Pass": null

2023-09-09 20:52:45 - [TEST_STEP][PASSED] - pages.WriteExcel.demoKey(resText, datText, resColumn, datCloumn, fileLoc, nameSheet, row): pages.WriteExcel.demoKey is PASSED

2023-09-09 20:52:45 - [MESSAGE][PASSED] - pages.WriteExcel.demoKey is PASSED

2023-09-09 20:52:45 - [TEST_STEP][PASSED] - ExecuteTC = findTestData(dataFile).getValue("Execute", row): null

2023-09-09 20:52:45 - [TEST_STEP][PASSED] - Taxtype = findTestData(dataFile).getValue("TaxType", row): null

2023-09-09 20:52:45 - [TEST_STEP][PASSED] - Paymenttype = findTestData(dataFile).getValue("PaymentType", row): null

2023-09-09 20:52:45 - [TEST_STEP][PASSED] - out.println("Value of Execute is : " + ExecuteTC): null

2023-09-09 20:52:45 - [TEST_STEP][PASSED] - if (ExecuteTC.equalsIgnoreCase("Y")): null

2023-09-09 20:52:45 - [TEST_STEP][PASSED] - out.println("Begin Record Number: " + row): null

2023-09-09 20:52:45 - [TEST_STEP][PASSED] - today = new java.util.Date(): null

2023-09-09 20:52:45 - [TEST_STEP][PASSED] - println(today): null

2023-09-09 20:52:45 - [TEST_STEP][PASSED] - datText = today: null

2023-09-09 20:52:45 - [TEST_STEP][PASSED] - Taxtype = findTestData(dataFile).getValue("TaxType", row): null

2023-09-09 20:52:45 - [TEST_STEP][PASSED] - out.println("Taxtype value is : " + Taxtype): null

2023-09-09 20:52:45 - [TEST_STEP][PASSED] - openBrowser(""): Browser is opened with url: ''

2023-09-09 20:52:45 - [MESSAGE][WARNING] - A browser is already opened. Closing browser and opening a new one

2023-09-09 20:52:46 - [MESSAGE][INFO] - Starting 'Chrome' driver

2023-09-09 20:52:46 - [MESSAGE][INFO] - User set preference: ['acceptInsecureCerts', 'true']

2023-09-09 20:52:46 - [MESSAGE][INFO] - Action delay is set to 0 milliseconds

2023-09-09 20:52:48 - [MESSAGE][PASSED] - Browser is opened with url: ''

2023-09-09 20:52:48 - [TEST_STEP][PASSED] - maximizeWindow(): Current window maximized

2023-09-09 20:52:48 - [MESSAGE][PASSED] - Current window maximized

2023-09-09 20:52:48 - [TEST_STEP][PASSED] - navigateToUrl(RADurl): Navigate to 'https://qa2.velocitypayment.com/client/rad/index.html' successfully

2023-09-09 20:52:49 - [MESSAGE][PASSED] - Navigate to 'https://qa2.velocitypayment.com/client/rad/index.html' successfully

2023-09-09 20:52:49 - [TEST_STEP][PASSED] - orPath_Landing = "Object Repository/RAD_Pages/Landing_Page": null

2023-09-09 20:52:49 - [TEST_STEP][PASSED] - orPath_TaxTypeFilingYear = "Object Repository/RAD_Pages/TaxTypeFilingYear_Page": null

2023-09-09 20:52:49 - [TEST_STEP][PASSED] - orPath_TaxPayer = "Object Repository/RAD_Pages/Taxpayer_Page": null

2023-09-09 20:52:49 - [TEST_STEP][PASSED] - orPath_AddressContact = "Object Repository/RAD_Pages/AddressAndContactInfo_Page": null

2023-09-09 20:52:49 - [TEST_STEP][PASSED] - orPath_FilingStatus = "Object Repository/RAD_Pages/FilingStatus_Page": null

2023-09-09 20:52:49 - [TEST_STEP][PASSED] - orPath_Amount = "Object Repository/RAD_Pages/PaymentAmount_Page": null

2023-09-09 20:52:49 - [TEST_STEP][PASSED] - selectOptionByLabel(findTestObject(orPath_Landing + "/dd_TaxType"), Paymenttype, false): All options with label 'New Tax Return Amount Due' are selected in object 'Object Repository/RAD_Pages/Landing_Page/dd_TaxType' 

2023-09-09 20:52:50 - [MESSAGE][PASSED] - All options with label 'New Tax Return Amount Due' are selected in object 'Object Repository/RAD_Pages/Landing_Page/dd_TaxType' 

2023-09-09 20:52:50 - [TEST_STEP][PASSED] - delay(1): Delayed 1 second(s)

2023-09-09 20:52:51 - [MESSAGE][PASSED] - Delayed 1 second(s)

2023-09-09 20:52:51 - [TEST_STEP][PASSED] - switch (Paymenttype): null

2023-09-09 20:52:51 - [TEST_STEP][PASSED] - case "New Tax Return Amount Due":: null

2023-09-09 20:52:51 - [TEST_STEP][PASSED] - selectOptionByLabel(findTestObject("Object Repository/RAD_Pages/Landing_Page/select_NewTaxReturnAmountDue_TaxType"), Taxtype, false): All options with label 'PTE Non-Electing S Corp' are selected in object 'Object Repository/RAD_Pages/Landing_Page/select_NewTaxReturnAmountDue_TaxType' 

2023-09-09 20:52:52 - [MESSAGE][PASSED] - All options with label 'PTE Non-Electing S Corp' are selected in object 'Object Repository/RAD_Pages/Landing_Page/select_NewTaxReturnAmountDue_TaxType' 

2023-09-09 20:52:52 - [TEST_STEP][PASSED] - break: null

2023-09-09 20:52:52 - [TEST_STEP][PASSED] - delay(1): Delayed 1 second(s)

2023-09-09 20:52:53 - [MESSAGE][PASSED] - Delayed 1 second(s)

2023-09-09 20:52:53 - [TEST_STEP][PASSED] - scrollToElement(findTestObject(orPath_Amount + "/input__paymentAmount"), 3): Scroll to object 'Object Repository/RAD_Pages/PaymentAmount_Page/input__paymentAmount' successfully

2023-09-09 20:52:53 - [MESSAGE][PASSED] - Scroll to object 'Object Repository/RAD_Pages/PaymentAmount_Page/input__paymentAmount' successfully

2023-09-09 20:52:53 - [TEST_STEP][PASSED] - setText(findTestObject(orPath_AddressContact + "/input_eMailAddress"), "imtiazster@gmail.com"): Text 'imtiazster@gmail.com' is set on object 'Object Repository/RAD_Pages/AddressAndContactInfo_Page/input_eMailAddress'

2023-09-09 20:52:55 - [MESSAGE][PASSED] - Text 'imtiazster@gmail.com' is set on object 'Object Repository/RAD_Pages/AddressAndContactInfo_Page/input_eMailAddress'

2023-09-09 20:52:55 - [TEST_STEP][PASSED] - setText(findTestObject(orPath_AddressContact + "/input_reEnterEMailAddress"), "iahmed@govolution.com"): Text 'iahmed@govolution.com' is set on object 'Object Repository/RAD_Pages/AddressAndContactInfo_Page/input_reEnterEMailAddress'

2023-09-09 20:52:56 - [MESSAGE][PASSED] - Text 'iahmed@govolution.com' is set on object 'Object Repository/RAD_Pages/AddressAndContactInfo_Page/input_reEnterEMailAddress'

2023-09-09 20:52:56 - [TEST_STEP][PASSED] - delay(2): Delayed 2 second(s)

2023-09-09 20:52:58 - [MESSAGE][PASSED] - Delayed 2 second(s)

2023-09-09 20:52:58 - [TEST_STEP][PASSED] - if (verifyTextPresent("The Email and Re-enter email do not match", true)): null

2023-09-09 20:52:58 - [MESSAGE][PASSED] - Text 'The Email and Re-enter email do not match' is present on page  using regular expression

2023-09-09 20:52:58 - [TEST_STEP][PASSED] - println("Emails Dont match text is present"): null

2023-09-09 20:52:58 - [TEST_STEP][PASSED] - out.println("Pass Record Number: " + row): null

2023-09-09 20:52:58 - [TEST_STEP][PASSED] - resText = "Pass": null

2023-09-09 20:52:58 - [TEST_STEP][PASSED] - pages.WriteExcel.demoKey(resText, datText, resColumn, datCloumn, fileLoc, nameSheet, row): pages.WriteExcel.demoKey is PASSED

2023-09-09 20:52:58 - [MESSAGE][PASSED] - pages.WriteExcel.demoKey is PASSED

2023-09-09 20:52:58 - [TEST_STEP][PASSED] - ExecuteTC = findTestData(dataFile).getValue("Execute", row): null

2023-09-09 20:52:58 - [TEST_STEP][PASSED] - Taxtype = findTestData(dataFile).getValue("TaxType", row): null

2023-09-09 20:52:58 - [TEST_STEP][PASSED] - Paymenttype = findTestData(dataFile).getValue("PaymentType", row): null

2023-09-09 20:52:58 - [TEST_STEP][PASSED] - out.println("Value of Execute is : " + ExecuteTC): null

2023-09-09 20:52:58 - [TEST_STEP][PASSED] - if (ExecuteTC.equalsIgnoreCase("Y")): null

2023-09-09 20:52:58 - [TEST_STEP][PASSED] - out.println("Begin Record Number: " + row): null

2023-09-09 20:52:58 - [TEST_STEP][PASSED] - today = new java.util.Date(): null

2023-09-09 20:52:58 - [TEST_STEP][PASSED] - println(today): null

2023-09-09 20:52:58 - [TEST_STEP][PASSED] - datText = today: null

2023-09-09 20:52:58 - [TEST_STEP][PASSED] - Taxtype = findTestData(dataFile).getValue("TaxType", row): null

2023-09-09 20:52:58 - [TEST_STEP][PASSED] - out.println("Taxtype value is : " + Taxtype): null

2023-09-09 20:52:58 - [TEST_STEP][PASSED] - openBrowser(""): Browser is opened with url: ''

2023-09-09 20:52:58 - [MESSAGE][WARNING] - A browser is already opened. Closing browser and opening a new one

2023-09-09 20:52:59 - [MESSAGE][INFO] - Starting 'Chrome' driver

2023-09-09 20:52:59 - [MESSAGE][INFO] - User set preference: ['acceptInsecureCerts', 'true']

2023-09-09 20:52:59 - [MESSAGE][INFO] - Action delay is set to 0 milliseconds

2023-09-09 20:53:01 - [MESSAGE][PASSED] - Browser is opened with url: ''

2023-09-09 20:53:01 - [TEST_STEP][PASSED] - maximizeWindow(): Current window maximized

2023-09-09 20:53:01 - [MESSAGE][PASSED] - Current window maximized

2023-09-09 20:53:01 - [TEST_STEP][PASSED] - navigateToUrl(RADurl): Navigate to 'https://qa2.velocitypayment.com/client/rad/index.html' successfully

2023-09-09 20:53:02 - [MESSAGE][PASSED] - Navigate to 'https://qa2.velocitypayment.com/client/rad/index.html' successfully

2023-09-09 20:53:02 - [TEST_STEP][PASSED] - orPath_Landing = "Object Repository/RAD_Pages/Landing_Page": null

2023-09-09 20:53:02 - [TEST_STEP][PASSED] - orPath_TaxTypeFilingYear = "Object Repository/RAD_Pages/TaxTypeFilingYear_Page": null

2023-09-09 20:53:02 - [TEST_STEP][PASSED] - orPath_TaxPayer = "Object Repository/RAD_Pages/Taxpayer_Page": null

2023-09-09 20:53:02 - [TEST_STEP][PASSED] - orPath_AddressContact = "Object Repository/RAD_Pages/AddressAndContactInfo_Page": null

2023-09-09 20:53:02 - [TEST_STEP][PASSED] - orPath_FilingStatus = "Object Repository/RAD_Pages/FilingStatus_Page": null

2023-09-09 20:53:02 - [TEST_STEP][PASSED] - orPath_Amount = "Object Repository/RAD_Pages/PaymentAmount_Page": null

2023-09-09 20:53:02 - [TEST_STEP][PASSED] - selectOptionByLabel(findTestObject(orPath_Landing + "/dd_TaxType"), Paymenttype, false): All options with label 'New Tax Return Amount Due' are selected in object 'Object Repository/RAD_Pages/Landing_Page/dd_TaxType' 

2023-09-09 20:53:03 - [MESSAGE][PASSED] - All options with label 'New Tax Return Amount Due' are selected in object 'Object Repository/RAD_Pages/Landing_Page/dd_TaxType' 

2023-09-09 20:53:03 - [TEST_STEP][PASSED] - delay(1): Delayed 1 second(s)

2023-09-09 20:53:04 - [MESSAGE][PASSED] - Delayed 1 second(s)

2023-09-09 20:53:04 - [TEST_STEP][PASSED] - switch (Paymenttype): null

2023-09-09 20:53:04 - [TEST_STEP][PASSED] - case "New Tax Return Amount Due":: null

2023-09-09 20:53:04 - [TEST_STEP][PASSED] - selectOptionByLabel(findTestObject("Object Repository/RAD_Pages/Landing_Page/select_NewTaxReturnAmountDue_TaxType"), Taxtype, false): All options with label 'PTE Tax Electing Non-S Corp' are selected in object 'Object Repository/RAD_Pages/Landing_Page/select_NewTaxReturnAmountDue_TaxType' 

2023-09-09 20:53:05 - [MESSAGE][PASSED] - All options with label 'PTE Tax Electing Non-S Corp' are selected in object 'Object Repository/RAD_Pages/Landing_Page/select_NewTaxReturnAmountDue_TaxType' 

2023-09-09 20:53:05 - [TEST_STEP][PASSED] - break: null

2023-09-09 20:53:05 - [TEST_STEP][PASSED] - delay(1): Delayed 1 second(s)

2023-09-09 20:53:06 - [MESSAGE][PASSED] - Delayed 1 second(s)

2023-09-09 20:53:06 - [TEST_STEP][PASSED] - scrollToElement(findTestObject(orPath_Amount + "/input__paymentAmount"), 3): Scroll to object 'Object Repository/RAD_Pages/PaymentAmount_Page/input__paymentAmount' successfully

2023-09-09 20:53:06 - [MESSAGE][PASSED] - Scroll to object 'Object Repository/RAD_Pages/PaymentAmount_Page/input__paymentAmount' successfully

2023-09-09 20:53:06 - [TEST_STEP][PASSED] - setText(findTestObject(orPath_AddressContact + "/input_eMailAddress"), "imtiazster@gmail.com"): Text 'imtiazster@gmail.com' is set on object 'Object Repository/RAD_Pages/AddressAndContactInfo_Page/input_eMailAddress'

2023-09-09 20:53:08 - [MESSAGE][PASSED] - Text 'imtiazster@gmail.com' is set on object 'Object Repository/RAD_Pages/AddressAndContactInfo_Page/input_eMailAddress'

2023-09-09 20:53:08 - [TEST_STEP][PASSED] - setText(findTestObject(orPath_AddressContact + "/input_reEnterEMailAddress"), "iahmed@govolution.com"): Text 'iahmed@govolution.com' is set on object 'Object Repository/RAD_Pages/AddressAndContactInfo_Page/input_reEnterEMailAddress'

2023-09-09 20:53:09 - [MESSAGE][PASSED] - Text 'iahmed@govolution.com' is set on object 'Object Repository/RAD_Pages/AddressAndContactInfo_Page/input_reEnterEMailAddress'

2023-09-09 20:53:09 - [TEST_STEP][PASSED] - delay(2): Delayed 2 second(s)

2023-09-09 20:53:11 - [MESSAGE][PASSED] - Delayed 2 second(s)

2023-09-09 20:53:11 - [TEST_STEP][PASSED] - if (verifyTextPresent("The Email and Re-enter email do not match", true)): null

2023-09-09 20:53:11 - [MESSAGE][PASSED] - Text 'The Email and Re-enter email do not match' is present on page  using regular expression

2023-09-09 20:53:11 - [TEST_STEP][PASSED] - println("Emails Dont match text is present"): null

2023-09-09 20:53:11 - [TEST_STEP][PASSED] - out.println("Pass Record Number: " + row): null

2023-09-09 20:53:11 - [TEST_STEP][PASSED] - resText = "Pass": null

2023-09-09 20:53:11 - [TEST_STEP][PASSED] - pages.WriteExcel.demoKey(resText, datText, resColumn, datCloumn, fileLoc, nameSheet, row): pages.WriteExcel.demoKey is PASSED

2023-09-09 20:53:11 - [MESSAGE][PASSED] - pages.WriteExcel.demoKey is PASSED

2023-09-09 20:53:11 - [TEST_STEP][PASSED] - ExecuteTC = findTestData(dataFile).getValue("Execute", row): null

2023-09-09 20:53:11 - [TEST_STEP][PASSED] - Taxtype = findTestData(dataFile).getValue("TaxType", row): null

2023-09-09 20:53:11 - [TEST_STEP][PASSED] - Paymenttype = findTestData(dataFile).getValue("PaymentType", row): null

2023-09-09 20:53:12 - [TEST_STEP][PASSED] - out.println("Value of Execute is : " + ExecuteTC): null

2023-09-09 20:53:12 - [TEST_STEP][PASSED] - if (ExecuteTC.equalsIgnoreCase("Y")): null

2023-09-09 20:53:12 - [TEST_STEP][PASSED] - out.println("Begin Record Number: " + row): null

2023-09-09 20:53:12 - [TEST_STEP][PASSED] - today = new java.util.Date(): null

2023-09-09 20:53:12 - [TEST_STEP][PASSED] - println(today): null

2023-09-09 20:53:12 - [TEST_STEP][PASSED] - datText = today: null

2023-09-09 20:53:12 - [TEST_STEP][PASSED] - Taxtype = findTestData(dataFile).getValue("TaxType", row): null

2023-09-09 20:53:12 - [TEST_STEP][PASSED] - out.println("Taxtype value is : " + Taxtype): null

2023-09-09 20:53:12 - [TEST_STEP][PASSED] - openBrowser(""): Browser is opened with url: ''

2023-09-09 20:53:12 - [MESSAGE][WARNING] - A browser is already opened. Closing browser and opening a new one

2023-09-09 20:53:12 - [MESSAGE][INFO] - Starting 'Chrome' driver

2023-09-09 20:53:12 - [MESSAGE][INFO] - User set preference: ['acceptInsecureCerts', 'true']

2023-09-09 20:53:13 - [MESSAGE][INFO] - Action delay is set to 0 milliseconds

2023-09-09 20:53:14 - [MESSAGE][PASSED] - Browser is opened with url: ''

2023-09-09 20:53:14 - [TEST_STEP][PASSED] - maximizeWindow(): Current window maximized

2023-09-09 20:53:14 - [MESSAGE][PASSED] - Current window maximized

2023-09-09 20:53:14 - [TEST_STEP][PASSED] - navigateToUrl(RADurl): Navigate to 'https://qa2.velocitypayment.com/client/rad/index.html' successfully

2023-09-09 20:53:16 - [MESSAGE][PASSED] - Navigate to 'https://qa2.velocitypayment.com/client/rad/index.html' successfully

2023-09-09 20:53:16 - [TEST_STEP][PASSED] - orPath_Landing = "Object Repository/RAD_Pages/Landing_Page": null

2023-09-09 20:53:16 - [TEST_STEP][PASSED] - orPath_TaxTypeFilingYear = "Object Repository/RAD_Pages/TaxTypeFilingYear_Page": null

2023-09-09 20:53:16 - [TEST_STEP][PASSED] - orPath_TaxPayer = "Object Repository/RAD_Pages/Taxpayer_Page": null

2023-09-09 20:53:16 - [TEST_STEP][PASSED] - orPath_AddressContact = "Object Repository/RAD_Pages/AddressAndContactInfo_Page": null

2023-09-09 20:53:16 - [TEST_STEP][PASSED] - orPath_FilingStatus = "Object Repository/RAD_Pages/FilingStatus_Page": null

2023-09-09 20:53:16 - [TEST_STEP][PASSED] - orPath_Amount = "Object Repository/RAD_Pages/PaymentAmount_Page": null

2023-09-09 20:53:16 - [TEST_STEP][PASSED] - selectOptionByLabel(findTestObject(orPath_Landing + "/dd_TaxType"), Paymenttype, false): All options with label 'New Tax Return Amount Due' are selected in object 'Object Repository/RAD_Pages/Landing_Page/dd_TaxType' 

2023-09-09 20:53:16 - [MESSAGE][PASSED] - All options with label 'New Tax Return Amount Due' are selected in object 'Object Repository/RAD_Pages/Landing_Page/dd_TaxType' 

2023-09-09 20:53:16 - [TEST_STEP][PASSED] - delay(1): Delayed 1 second(s)

2023-09-09 20:53:17 - [MESSAGE][PASSED] - Delayed 1 second(s)

2023-09-09 20:53:17 - [TEST_STEP][PASSED] - switch (Paymenttype): null

2023-09-09 20:53:17 - [TEST_STEP][PASSED] - case "New Tax Return Amount Due":: null

2023-09-09 20:53:17 - [TEST_STEP][PASSED] - selectOptionByLabel(findTestObject("Object Repository/RAD_Pages/Landing_Page/select_NewTaxReturnAmountDue_TaxType"), Taxtype, false): All options with label 'PTE Tax Electing S Corp' are selected in object 'Object Repository/RAD_Pages/Landing_Page/select_NewTaxReturnAmountDue_TaxType' 

2023-09-09 20:53:18 - [MESSAGE][PASSED] - All options with label 'PTE Tax Electing S Corp' are selected in object 'Object Repository/RAD_Pages/Landing_Page/select_NewTaxReturnAmountDue_TaxType' 

2023-09-09 20:53:18 - [TEST_STEP][PASSED] - break: null

2023-09-09 20:53:18 - [TEST_STEP][PASSED] - delay(1): Delayed 1 second(s)

2023-09-09 20:53:19 - [MESSAGE][PASSED] - Delayed 1 second(s)

2023-09-09 20:53:19 - [TEST_STEP][PASSED] - scrollToElement(findTestObject(orPath_Amount + "/input__paymentAmount"), 3): Scroll to object 'Object Repository/RAD_Pages/PaymentAmount_Page/input__paymentAmount' successfully

2023-09-09 20:53:19 - [MESSAGE][PASSED] - Scroll to object 'Object Repository/RAD_Pages/PaymentAmount_Page/input__paymentAmount' successfully

2023-09-09 20:53:19 - [TEST_STEP][PASSED] - setText(findTestObject(orPath_AddressContact + "/input_eMailAddress"), "imtiazster@gmail.com"): Text 'imtiazster@gmail.com' is set on object 'Object Repository/RAD_Pages/AddressAndContactInfo_Page/input_eMailAddress'

2023-09-09 20:53:21 - [MESSAGE][PASSED] - Text 'imtiazster@gmail.com' is set on object 'Object Repository/RAD_Pages/AddressAndContactInfo_Page/input_eMailAddress'

2023-09-09 20:53:21 - [TEST_STEP][PASSED] - setText(findTestObject(orPath_AddressContact + "/input_reEnterEMailAddress"), "iahmed@govolution.com"): Text 'iahmed@govolution.com' is set on object 'Object Repository/RAD_Pages/AddressAndContactInfo_Page/input_reEnterEMailAddress'

2023-09-09 20:53:22 - [MESSAGE][PASSED] - Text 'iahmed@govolution.com' is set on object 'Object Repository/RAD_Pages/AddressAndContactInfo_Page/input_reEnterEMailAddress'

2023-09-09 20:53:22 - [TEST_STEP][PASSED] - delay(2): Delayed 2 second(s)

2023-09-09 20:53:24 - [MESSAGE][PASSED] - Delayed 2 second(s)

2023-09-09 20:53:24 - [TEST_STEP][PASSED] - if (verifyTextPresent("The Email and Re-enter email do not match", true)): null

2023-09-09 20:53:25 - [MESSAGE][PASSED] - Text 'The Email and Re-enter email do not match' is present on page  using regular expression

2023-09-09 20:53:25 - [TEST_STEP][PASSED] - println("Emails Dont match text is present"): null

2023-09-09 20:53:25 - [TEST_STEP][PASSED] - out.println("Pass Record Number: " + row): null

2023-09-09 20:53:25 - [TEST_STEP][PASSED] - resText = "Pass": null

2023-09-09 20:53:25 - [TEST_STEP][PASSED] - pages.WriteExcel.demoKey(resText, datText, resColumn, datCloumn, fileLoc, nameSheet, row): pages.WriteExcel.demoKey is PASSED

2023-09-09 20:53:25 - [MESSAGE][PASSED] - pages.WriteExcel.demoKey is PASSED

2023-09-09 20:53:25 - [TEST_STEP][PASSED] - ExecuteTC = findTestData(dataFile).getValue("Execute", row): null

2023-09-09 20:53:25 - [TEST_STEP][PASSED] - Taxtype = findTestData(dataFile).getValue("TaxType", row): null

2023-09-09 20:53:25 - [TEST_STEP][PASSED] - Paymenttype = findTestData(dataFile).getValue("PaymentType", row): null

2023-09-09 20:53:25 - [TEST_STEP][PASSED] - out.println("Value of Execute is : " + ExecuteTC): null

2023-09-09 20:53:25 - [TEST_STEP][PASSED] - if (ExecuteTC.equalsIgnoreCase("Y")): null

2023-09-09 20:53:25 - [TEST_STEP][PASSED] - out.println("Begin Record Number: " + row): null

2023-09-09 20:53:25 - [TEST_STEP][PASSED] - today = new java.util.Date(): null

2023-09-09 20:53:25 - [TEST_STEP][PASSED] - println(today): null

2023-09-09 20:53:25 - [TEST_STEP][PASSED] - datText = today: null

2023-09-09 20:53:25 - [TEST_STEP][PASSED] - Taxtype = findTestData(dataFile).getValue("TaxType", row): null

2023-09-09 20:53:25 - [TEST_STEP][PASSED] - out.println("Taxtype value is : " + Taxtype): null

2023-09-09 20:53:25 - [TEST_STEP][PASSED] - openBrowser(""): Browser is opened with url: ''

2023-09-09 20:53:25 - [MESSAGE][WARNING] - A browser is already opened. Closing browser and opening a new one

2023-09-09 20:53:26 - [MESSAGE][INFO] - Starting 'Chrome' driver

2023-09-09 20:53:26 - [MESSAGE][INFO] - User set preference: ['acceptInsecureCerts', 'true']

2023-09-09 20:53:26 - [MESSAGE][INFO] - Action delay is set to 0 milliseconds

2023-09-09 20:53:27 - [MESSAGE][PASSED] - Browser is opened with url: ''

2023-09-09 20:53:27 - [TEST_STEP][PASSED] - maximizeWindow(): Current window maximized

2023-09-09 20:53:27 - [MESSAGE][PASSED] - Current window maximized

2023-09-09 20:53:27 - [TEST_STEP][PASSED] - navigateToUrl(RADurl): Navigate to 'https://qa2.velocitypayment.com/client/rad/index.html' successfully

2023-09-09 20:53:29 - [MESSAGE][PASSED] - Navigate to 'https://qa2.velocitypayment.com/client/rad/index.html' successfully

2023-09-09 20:53:29 - [TEST_STEP][PASSED] - orPath_Landing = "Object Repository/RAD_Pages/Landing_Page": null

2023-09-09 20:53:29 - [TEST_STEP][PASSED] - orPath_TaxTypeFilingYear = "Object Repository/RAD_Pages/TaxTypeFilingYear_Page": null

2023-09-09 20:53:29 - [TEST_STEP][PASSED] - orPath_TaxPayer = "Object Repository/RAD_Pages/Taxpayer_Page": null

2023-09-09 20:53:29 - [TEST_STEP][PASSED] - orPath_AddressContact = "Object Repository/RAD_Pages/AddressAndContactInfo_Page": null

2023-09-09 20:53:29 - [TEST_STEP][PASSED] - orPath_FilingStatus = "Object Repository/RAD_Pages/FilingStatus_Page": null

2023-09-09 20:53:29 - [TEST_STEP][PASSED] - orPath_Amount = "Object Repository/RAD_Pages/PaymentAmount_Page": null

2023-09-09 20:53:29 - [TEST_STEP][PASSED] - selectOptionByLabel(findTestObject(orPath_Landing + "/dd_TaxType"), Paymenttype, false): All options with label 'New Tax Return Amount Due' are selected in object 'Object Repository/RAD_Pages/Landing_Page/dd_TaxType' 

2023-09-09 20:53:30 - [MESSAGE][PASSED] - All options with label 'New Tax Return Amount Due' are selected in object 'Object Repository/RAD_Pages/Landing_Page/dd_TaxType' 

2023-09-09 20:53:30 - [TEST_STEP][PASSED] - delay(1): Delayed 1 second(s)

2023-09-09 20:53:31 - [MESSAGE][PASSED] - Delayed 1 second(s)

2023-09-09 20:53:31 - [TEST_STEP][PASSED] - switch (Paymenttype): null

2023-09-09 20:53:31 - [TEST_STEP][PASSED] - case "New Tax Return Amount Due":: null

2023-09-09 20:53:31 - [TEST_STEP][PASSED] - selectOptionByLabel(findTestObject("Object Repository/RAD_Pages/Landing_Page/select_NewTaxReturnAmountDue_TaxType"), Taxtype, false): All options with label 'Personal Income Tax' are selected in object 'Object Repository/RAD_Pages/Landing_Page/select_NewTaxReturnAmountDue_TaxType' 

2023-09-09 20:53:31 - [MESSAGE][PASSED] - All options with label 'Personal Income Tax' are selected in object 'Object Repository/RAD_Pages/Landing_Page/select_NewTaxReturnAmountDue_TaxType' 

2023-09-09 20:53:31 - [TEST_STEP][PASSED] - break: null

2023-09-09 20:53:31 - [TEST_STEP][PASSED] - delay(1): Delayed 1 second(s)

2023-09-09 20:53:32 - [MESSAGE][PASSED] - Delayed 1 second(s)

2023-09-09 20:53:32 - [TEST_STEP][PASSED] - scrollToElement(findTestObject(orPath_Amount + "/input__paymentAmount"), 3): Scroll to object 'Object Repository/RAD_Pages/PaymentAmount_Page/input__paymentAmount' successfully

2023-09-09 20:53:33 - [MESSAGE][PASSED] - Scroll to object 'Object Repository/RAD_Pages/PaymentAmount_Page/input__paymentAmount' successfully

2023-09-09 20:53:33 - [TEST_STEP][PASSED] - setText(findTestObject(orPath_AddressContact + "/input_eMailAddress"), "imtiazster@gmail.com"): Text 'imtiazster@gmail.com' is set on object 'Object Repository/RAD_Pages/AddressAndContactInfo_Page/input_eMailAddress'

2023-09-09 20:53:34 - [MESSAGE][PASSED] - Text 'imtiazster@gmail.com' is set on object 'Object Repository/RAD_Pages/AddressAndContactInfo_Page/input_eMailAddress'

2023-09-09 20:53:34 - [TEST_STEP][PASSED] - setText(findTestObject(orPath_AddressContact + "/input_reEnterEMailAddress"), "iahmed@govolution.com"): Text 'iahmed@govolution.com' is set on object 'Object Repository/RAD_Pages/AddressAndContactInfo_Page/input_reEnterEMailAddress'

2023-09-09 20:53:35 - [MESSAGE][PASSED] - Text 'iahmed@govolution.com' is set on object 'Object Repository/RAD_Pages/AddressAndContactInfo_Page/input_reEnterEMailAddress'

2023-09-09 20:53:35 - [TEST_STEP][PASSED] - delay(2): Delayed 2 second(s)

2023-09-09 20:53:37 - [MESSAGE][PASSED] - Delayed 2 second(s)

2023-09-09 20:53:37 - [TEST_STEP][PASSED] - if (verifyTextPresent("The Email and Re-enter email do not match", true)): null

2023-09-09 20:53:38 - [MESSAGE][PASSED] - Text 'The Email and Re-enter email do not match' is present on page  using regular expression

2023-09-09 20:53:38 - [TEST_STEP][PASSED] - println("Emails Dont match text is present"): null

2023-09-09 20:53:38 - [TEST_STEP][PASSED] - out.println("Pass Record Number: " + row): null

2023-09-09 20:53:38 - [TEST_STEP][PASSED] - resText = "Pass": null

2023-09-09 20:53:38 - [TEST_STEP][PASSED] - pages.WriteExcel.demoKey(resText, datText, resColumn, datCloumn, fileLoc, nameSheet, row): pages.WriteExcel.demoKey is PASSED

2023-09-09 20:53:38 - [MESSAGE][PASSED] - pages.WriteExcel.demoKey is PASSED]]></system-out>
         <system-err><![CDATA[]]></system-err>
      </testcase>
      <testcase name="Test Cases/RAD_TestCases/Negative_TestCases/TaxPayerSSNNoMatch" time="56.266" classname="Test Cases/RAD_TestCases/Negative_TestCases/TaxPayerSSNNoMatch" status="PASSED">
         <system-out><![CDATA[2023-09-09 20:53:38 - [TEST_CASE][PASSED] - Test Cases/RAD_TestCases/Negative_TestCases/TaxPayerSSNNoMatch: Test Cases/RAD_TestCases/Negative_TestCases/TaxPayerSSNNoMatch

2023-09-09 20:53:38 - [TEST_STEP][PASSED] - resText = "Fail": null

2023-09-09 20:53:38 - [TEST_STEP][PASSED] - resColumn = "Result": null

2023-09-09 20:53:38 - [TEST_STEP][PASSED] - datCloumn = "Date": null

2023-09-09 20:53:38 - [TEST_STEP][PASSED] - fileLoc = "KatalonData/RADTestData/TaxPayerSSNNoMatch.xlsx": null

2023-09-09 20:53:38 - [TEST_STEP][PASSED] - nameSheet = "Sheet1": null

2023-09-09 20:53:38 - [TEST_STEP][PASSED] - dataFile = "RADTestData/TaxPayerSSNNoMatch": null

2023-09-09 20:53:38 - [TEST_STEP][PASSED] - ExecuteTC = <not implemented yet for class: org.codehaus.groovy.ast.expr.EmptyExpression>: null

2023-09-09 20:53:38 - [TEST_STEP][PASSED] - Taxtype = <not implemented yet for class: org.codehaus.groovy.ast.expr.EmptyExpression>: null

2023-09-09 20:53:38 - [TEST_STEP][PASSED] - numOfRows = findTestData(dataFile).getRowNumbers(): null

2023-09-09 20:53:38 - [TEST_STEP][PASSED] - println("Number of Records: " + numOfRows): null

2023-09-09 20:53:38 - [TEST_STEP][PASSED] - for ([row = 1, row <= numOfRows, (row++)]): null

2023-09-09 20:53:38 - [TEST_STEP][PASSED] - ExecuteTC = findTestData(dataFile).getValue("Execute", row): null

2023-09-09 20:53:38 - [TEST_STEP][PASSED] - Taxtype = findTestData(dataFile).getValue("TaxType", row): null

2023-09-09 20:53:38 - [TEST_STEP][PASSED] - Paymenttype = findTestData(dataFile).getValue("PaymentType", row): null

2023-09-09 20:53:38 - [TEST_STEP][PASSED] - out.println("Value of Execute is : " + ExecuteTC): null

2023-09-09 20:53:38 - [TEST_STEP][PASSED] - if (ExecuteTC.equalsIgnoreCase("Y")): null

2023-09-09 20:53:38 - [TEST_STEP][PASSED] - out.println("Begin Record Number: " + row): null

2023-09-09 20:53:38 - [TEST_STEP][PASSED] - today = new java.util.Date(): null

2023-09-09 20:53:38 - [TEST_STEP][PASSED] - println(today): null

2023-09-09 20:53:38 - [TEST_STEP][PASSED] - datText = today: null

2023-09-09 20:53:38 - [TEST_STEP][PASSED] - Taxtype = findTestData(dataFile).getValue("TaxType", row): null

2023-09-09 20:53:38 - [TEST_STEP][PASSED] - out.println("Taxtype value is : " + Taxtype): null

2023-09-09 20:53:38 - [TEST_STEP][PASSED] - openBrowser(""): Browser is opened with url: ''

2023-09-09 20:53:38 - [MESSAGE][WARNING] - A browser is already opened. Closing browser and opening a new one

2023-09-09 20:53:39 - [MESSAGE][INFO] - Starting 'Chrome' driver

2023-09-09 20:53:39 - [MESSAGE][INFO] - User set preference: ['acceptInsecureCerts', 'true']

2023-09-09 20:53:39 - [MESSAGE][INFO] - Action delay is set to 0 milliseconds

2023-09-09 20:53:41 - [MESSAGE][PASSED] - Browser is opened with url: ''

2023-09-09 20:53:41 - [TEST_STEP][PASSED] - maximizeWindow(): Current window maximized

2023-09-09 20:53:41 - [MESSAGE][PASSED] - Current window maximized

2023-09-09 20:53:41 - [TEST_STEP][PASSED] - navigateToUrl(RADurl): Navigate to 'https://qa2.velocitypayment.com/client/rad/index.html' successfully

2023-09-09 20:53:42 - [MESSAGE][PASSED] - Navigate to 'https://qa2.velocitypayment.com/client/rad/index.html' successfully

2023-09-09 20:53:42 - [TEST_STEP][PASSED] - orPath_Landing = "Object Repository/RAD_Pages/Landing_Page": null

2023-09-09 20:53:42 - [TEST_STEP][PASSED] - orPath_TaxTypeFilingYear = "Object Repository/RAD_Pages/TaxTypeFilingYear_Page": null

2023-09-09 20:53:42 - [TEST_STEP][PASSED] - orPath_TaxPayer = "Object Repository/RAD_Pages/Taxpayer_Page": null

2023-09-09 20:53:42 - [TEST_STEP][PASSED] - orPath_AddressContact = "Object Repository/RAD_Pages/AddressAndContactInfo_Page": null

2023-09-09 20:53:42 - [TEST_STEP][PASSED] - orPath_FilingStatus = "Object Repository/RAD_Pages/FilingStatus_Page": null

2023-09-09 20:53:42 - [TEST_STEP][PASSED] - orPath_Amount = "Object Repository/RAD_Pages/PaymentAmount_Page": null

2023-09-09 20:53:42 - [TEST_STEP][PASSED] - orPath_TaxInfo = "Object Repository/RAD_Pages/TaxInfo_Page": null

2023-09-09 20:53:42 - [TEST_STEP][PASSED] - selectOptionByLabel(findTestObject(orPath_Landing + "/dd_TaxType"), Paymenttype, false): All options with label 'Existing Liability w/Notice Number' are selected in object 'Object Repository/RAD_Pages/Landing_Page/dd_TaxType' 

2023-09-09 20:53:43 - [MESSAGE][PASSED] - All options with label 'Existing Liability w/Notice Number' are selected in object 'Object Repository/RAD_Pages/Landing_Page/dd_TaxType' 

2023-09-09 20:53:43 - [TEST_STEP][PASSED] - delay(1): Delayed 1 second(s)

2023-09-09 20:53:44 - [MESSAGE][PASSED] - Delayed 1 second(s)

2023-09-09 20:53:44 - [TEST_STEP][PASSED] - switch (Paymenttype): null

2023-09-09 20:53:44 - [TEST_STEP][PASSED] - case "Existing Liability w/Notice Number":: null

2023-09-09 20:53:44 - [TEST_STEP][PASSED] - selectOptionByLabel(findTestObject(orPath_TaxTypeFilingYear + "/select_TaxType_ExistingLiability"), Taxtype, false): All options with label 'Personal Income Tax' are selected in object 'Object Repository/RAD_Pages/TaxTypeFilingYear_Page/select_TaxType_ExistingLiability' 

2023-09-09 20:53:45 - [MESSAGE][PASSED] - All options with label 'Personal Income Tax' are selected in object 'Object Repository/RAD_Pages/TaxTypeFilingYear_Page/select_TaxType_ExistingLiability' 

2023-09-09 20:53:45 - [TEST_STEP][PASSED] - break: null

2023-09-09 20:53:45 - [TEST_STEP][PASSED] - delay(1): Delayed 1 second(s)

2023-09-09 20:53:46 - [MESSAGE][PASSED] - Delayed 1 second(s)

2023-09-09 20:53:46 - [TEST_STEP][PASSED] - scrollToElement(findTestObject(orPath_TaxPayer + "/input_firstName"), 3): Scroll to object 'Object Repository/RAD_Pages/Taxpayer_Page/input_firstName' successfully

2023-09-09 20:53:46 - [MESSAGE][PASSED] - Scroll to object 'Object Repository/RAD_Pages/Taxpayer_Page/input_firstName' successfully

2023-09-09 20:53:46 - [TEST_STEP][PASSED] - switch (Paymenttype): null

2023-09-09 20:53:46 - [TEST_STEP][PASSED] - case "Existing Liability w/Notice Number":: null

2023-09-09 20:53:46 - [TEST_STEP][PASSED] - setText(findTestObject(orPath_TaxInfo + "/input_Existing_SSN"), "111111111"): Text '111111111' is set on object 'Object Repository/RAD_Pages/TaxInfo_Page/input_Existing_SSN'

2023-09-09 20:53:47 - [MESSAGE][PASSED] - Text '111111111' is set on object 'Object Repository/RAD_Pages/TaxInfo_Page/input_Existing_SSN'

2023-09-09 20:53:48 - [TEST_STEP][PASSED] - setText(findTestObject(orPath_TaxInfo + "/input_Existing_RetypeSSN"), "222222222"): Text '222222222' is set on object 'Object Repository/RAD_Pages/TaxInfo_Page/input_Existing_RetypeSSN'

2023-09-09 20:53:48 - [MESSAGE][PASSED] - Text '222222222' is set on object 'Object Repository/RAD_Pages/TaxInfo_Page/input_Existing_RetypeSSN'

2023-09-09 20:53:48 - [TEST_STEP][PASSED] - setText(findTestObject(orPath_TaxPayer + "/input_lastName"), "Anderson"): Text 'Anderson' is set on object 'Object Repository/RAD_Pages/Taxpayer_Page/input_lastName'

2023-09-09 20:53:49 - [MESSAGE][PASSED] - Text 'Anderson' is set on object 'Object Repository/RAD_Pages/Taxpayer_Page/input_lastName'

2023-09-09 20:53:49 - [TEST_STEP][PASSED] - break: null

2023-09-09 20:53:49 - [TEST_STEP][PASSED] - delay(2): Delayed 2 second(s)

2023-09-09 20:53:51 - [MESSAGE][PASSED] - Delayed 2 second(s)

2023-09-09 20:53:51 - [TEST_STEP][PASSED] - if (verifyTextPresent("The SSN and Re-type SSN do not match", true)): null

2023-09-09 20:53:52 - [MESSAGE][PASSED] - Text 'The SSN and Re-type SSN do not match' is present on page  using regular expression

2023-09-09 20:53:52 - [TEST_STEP][PASSED] - println("Taxpayer SSN Dont match text is present"): null

2023-09-09 20:53:52 - [TEST_STEP][PASSED] - out.println("Pass Record Number: " + row): null

2023-09-09 20:53:52 - [TEST_STEP][PASSED] - resText = "Pass": null

2023-09-09 20:53:52 - [TEST_STEP][PASSED] - pages.WriteExcel.demoKey(resText, datText, resColumn, datCloumn, fileLoc, nameSheet, row): pages.WriteExcel.demoKey is PASSED

2023-09-09 20:53:52 - [MESSAGE][PASSED] - pages.WriteExcel.demoKey is PASSED

2023-09-09 20:53:52 - [TEST_STEP][PASSED] - ExecuteTC = findTestData(dataFile).getValue("Execute", row): null

2023-09-09 20:53:52 - [TEST_STEP][PASSED] - Taxtype = findTestData(dataFile).getValue("TaxType", row): null

2023-09-09 20:53:52 - [TEST_STEP][PASSED] - Paymenttype = findTestData(dataFile).getValue("PaymentType", row): null

2023-09-09 20:53:52 - [TEST_STEP][PASSED] - out.println("Value of Execute is : " + ExecuteTC): null

2023-09-09 20:53:52 - [TEST_STEP][PASSED] - if (ExecuteTC.equalsIgnoreCase("Y")): null

2023-09-09 20:53:52 - [TEST_STEP][PASSED] - out.println("Begin Record Number: " + row): null

2023-09-09 20:53:52 - [TEST_STEP][PASSED] - today = new java.util.Date(): null

2023-09-09 20:53:52 - [TEST_STEP][PASSED] - println(today): null

2023-09-09 20:53:52 - [TEST_STEP][PASSED] - datText = today: null

2023-09-09 20:53:52 - [TEST_STEP][PASSED] - Taxtype = findTestData(dataFile).getValue("TaxType", row): null

2023-09-09 20:53:52 - [TEST_STEP][PASSED] - out.println("Taxtype value is : " + Taxtype): null

2023-09-09 20:53:52 - [TEST_STEP][PASSED] - openBrowser(""): Browser is opened with url: ''

2023-09-09 20:53:52 - [MESSAGE][WARNING] - A browser is already opened. Closing browser and opening a new one

2023-09-09 20:53:53 - [MESSAGE][INFO] - Starting 'Chrome' driver

2023-09-09 20:53:53 - [MESSAGE][INFO] - User set preference: ['acceptInsecureCerts', 'true']

2023-09-09 20:53:53 - [MESSAGE][INFO] - Action delay is set to 0 milliseconds

2023-09-09 20:53:54 - [MESSAGE][PASSED] - Browser is opened with url: ''

2023-09-09 20:53:54 - [TEST_STEP][PASSED] - maximizeWindow(): Current window maximized

2023-09-09 20:53:55 - [MESSAGE][PASSED] - Current window maximized

2023-09-09 20:53:55 - [TEST_STEP][PASSED] - navigateToUrl(RADurl): Navigate to 'https://qa2.velocitypayment.com/client/rad/index.html' successfully

2023-09-09 20:53:56 - [MESSAGE][PASSED] - Navigate to 'https://qa2.velocitypayment.com/client/rad/index.html' successfully

2023-09-09 20:53:56 - [TEST_STEP][PASSED] - orPath_Landing = "Object Repository/RAD_Pages/Landing_Page": null

2023-09-09 20:53:56 - [TEST_STEP][PASSED] - orPath_TaxTypeFilingYear = "Object Repository/RAD_Pages/TaxTypeFilingYear_Page": null

2023-09-09 20:53:56 - [TEST_STEP][PASSED] - orPath_TaxPayer = "Object Repository/RAD_Pages/Taxpayer_Page": null

2023-09-09 20:53:56 - [TEST_STEP][PASSED] - orPath_AddressContact = "Object Repository/RAD_Pages/AddressAndContactInfo_Page": null

2023-09-09 20:53:56 - [TEST_STEP][PASSED] - orPath_FilingStatus = "Object Repository/RAD_Pages/FilingStatus_Page": null

2023-09-09 20:53:56 - [TEST_STEP][PASSED] - orPath_Amount = "Object Repository/RAD_Pages/PaymentAmount_Page": null

2023-09-09 20:53:56 - [TEST_STEP][PASSED] - orPath_TaxInfo = "Object Repository/RAD_Pages/TaxInfo_Page": null

2023-09-09 20:53:56 - [TEST_STEP][PASSED] - selectOptionByLabel(findTestObject(orPath_Landing + "/dd_TaxType"), Paymenttype, false): All options with label 'Quarterly Estimated Tax' are selected in object 'Object Repository/RAD_Pages/Landing_Page/dd_TaxType' 

2023-09-09 20:53:57 - [MESSAGE][PASSED] - All options with label 'Quarterly Estimated Tax' are selected in object 'Object Repository/RAD_Pages/Landing_Page/dd_TaxType' 

2023-09-09 20:53:57 - [TEST_STEP][PASSED] - delay(1): Delayed 1 second(s)

2023-09-09 20:53:58 - [MESSAGE][PASSED] - Delayed 1 second(s)

2023-09-09 20:53:58 - [TEST_STEP][PASSED] - switch (Paymenttype): null

2023-09-09 20:53:58 - [TEST_STEP][PASSED] - case "Quarterly Estimated Tax":: null

2023-09-09 20:53:58 - [TEST_STEP][PASSED] - selectOptionByLabel(findTestObject(orPath_TaxTypeFilingYear + "/select_PaymentType"), Taxtype, false): All options with label 'Personal Income Tax' are selected in object 'Object Repository/RAD_Pages/TaxTypeFilingYear_Page/select_PaymentType' 

2023-09-09 20:53:58 - [MESSAGE][PASSED] - All options with label 'Personal Income Tax' are selected in object 'Object Repository/RAD_Pages/TaxTypeFilingYear_Page/select_PaymentType' 

2023-09-09 20:53:58 - [TEST_STEP][PASSED] - break: null

2023-09-09 20:53:58 - [TEST_STEP][PASSED] - delay(1): Delayed 1 second(s)

2023-09-09 20:53:59 - [MESSAGE][PASSED] - Delayed 1 second(s)

2023-09-09 20:53:59 - [TEST_STEP][PASSED] - scrollToElement(findTestObject(orPath_TaxPayer + "/input_firstName"), 3): Scroll to object 'Object Repository/RAD_Pages/Taxpayer_Page/input_firstName' successfully

2023-09-09 20:54:00 - [MESSAGE][PASSED] - Scroll to object 'Object Repository/RAD_Pages/Taxpayer_Page/input_firstName' successfully

2023-09-09 20:54:00 - [TEST_STEP][PASSED] - switch (Paymenttype): null

2023-09-09 20:54:00 - [TEST_STEP][PASSED] - case "Quarterly Estimated Tax":: null

2023-09-09 20:54:00 - [TEST_STEP][PASSED] - setText(findTestObject("RAD_RecordAndPlay/input_concatSSN"), "111111111"): Text '111111111' is set on object 'Object Repository/RAD_RecordAndPlay/input_concatSSN'

2023-09-09 20:54:01 - [MESSAGE][PASSED] - Text '111111111' is set on object 'Object Repository/RAD_RecordAndPlay/input_concatSSN'

2023-09-09 20:54:02 - [TEST_STEP][PASSED] - setText(findTestObject("RAD_RecordAndPlay/input_concatReSSN"), "222222222"): Text '222222222' is set on object 'Object Repository/RAD_RecordAndPlay/input_concatReSSN'

2023-09-09 20:54:02 - [MESSAGE][PASSED] - Text '222222222' is set on object 'Object Repository/RAD_RecordAndPlay/input_concatReSSN'

2023-09-09 20:54:02 - [TEST_STEP][PASSED] - setText(findTestObject(orPath_TaxPayer + "/input_lastName"), "Anderson"): Text 'Anderson' is set on object 'Object Repository/RAD_Pages/Taxpayer_Page/input_lastName'

2023-09-09 20:54:03 - [MESSAGE][PASSED] - Text 'Anderson' is set on object 'Object Repository/RAD_Pages/Taxpayer_Page/input_lastName'

2023-09-09 20:54:03 - [TEST_STEP][PASSED] - break: null

2023-09-09 20:54:03 - [TEST_STEP][PASSED] - delay(2): Delayed 2 second(s)

2023-09-09 20:54:05 - [MESSAGE][PASSED] - Delayed 2 second(s)

2023-09-09 20:54:05 - [TEST_STEP][PASSED] - if (verifyTextPresent("The SSN and Re-type SSN do not match", true)): null

2023-09-09 20:54:06 - [MESSAGE][PASSED] - Text 'The SSN and Re-type SSN do not match' is present on page  using regular expression

2023-09-09 20:54:06 - [TEST_STEP][PASSED] - println("Taxpayer SSN Dont match text is present"): null

2023-09-09 20:54:06 - [TEST_STEP][PASSED] - out.println("Pass Record Number: " + row): null

2023-09-09 20:54:06 - [TEST_STEP][PASSED] - resText = "Pass": null

2023-09-09 20:54:06 - [TEST_STEP][PASSED] - pages.WriteExcel.demoKey(resText, datText, resColumn, datCloumn, fileLoc, nameSheet, row): pages.WriteExcel.demoKey is PASSED

2023-09-09 20:54:06 - [MESSAGE][PASSED] - pages.WriteExcel.demoKey is PASSED

2023-09-09 20:54:06 - [TEST_STEP][PASSED] - ExecuteTC = findTestData(dataFile).getValue("Execute", row): null

2023-09-09 20:54:06 - [TEST_STEP][PASSED] - Taxtype = findTestData(dataFile).getValue("TaxType", row): null

2023-09-09 20:54:06 - [TEST_STEP][PASSED] - Paymenttype = findTestData(dataFile).getValue("PaymentType", row): null

2023-09-09 20:54:06 - [TEST_STEP][PASSED] - out.println("Value of Execute is : " + ExecuteTC): null

2023-09-09 20:54:06 - [TEST_STEP][PASSED] - if (ExecuteTC.equalsIgnoreCase("Y")): null

2023-09-09 20:54:06 - [TEST_STEP][PASSED] - out.println("Begin Record Number: " + row): null

2023-09-09 20:54:06 - [TEST_STEP][PASSED] - today = new java.util.Date(): null

2023-09-09 20:54:06 - [TEST_STEP][PASSED] - println(today): null

2023-09-09 20:54:06 - [TEST_STEP][PASSED] - datText = today: null

2023-09-09 20:54:06 - [TEST_STEP][PASSED] - Taxtype = findTestData(dataFile).getValue("TaxType", row): null

2023-09-09 20:54:06 - [TEST_STEP][PASSED] - out.println("Taxtype value is : " + Taxtype): null

2023-09-09 20:54:06 - [TEST_STEP][PASSED] - openBrowser(""): Browser is opened with url: ''

2023-09-09 20:54:06 - [MESSAGE][WARNING] - A browser is already opened. Closing browser and opening a new one

2023-09-09 20:54:07 - [MESSAGE][INFO] - Starting 'Chrome' driver

2023-09-09 20:54:07 - [MESSAGE][INFO] - User set preference: ['acceptInsecureCerts', 'true']

2023-09-09 20:54:07 - [MESSAGE][INFO] - Action delay is set to 0 milliseconds

2023-09-09 20:54:08 - [MESSAGE][PASSED] - Browser is opened with url: ''

2023-09-09 20:54:08 - [TEST_STEP][PASSED] - maximizeWindow(): Current window maximized

2023-09-09 20:54:08 - [MESSAGE][PASSED] - Current window maximized

2023-09-09 20:54:08 - [TEST_STEP][PASSED] - navigateToUrl(RADurl): Navigate to 'https://qa2.velocitypayment.com/client/rad/index.html' successfully

2023-09-09 20:54:10 - [MESSAGE][PASSED] - Navigate to 'https://qa2.velocitypayment.com/client/rad/index.html' successfully

2023-09-09 20:54:10 - [TEST_STEP][PASSED] - orPath_Landing = "Object Repository/RAD_Pages/Landing_Page": null

2023-09-09 20:54:10 - [TEST_STEP][PASSED] - orPath_TaxTypeFilingYear = "Object Repository/RAD_Pages/TaxTypeFilingYear_Page": null

2023-09-09 20:54:10 - [TEST_STEP][PASSED] - orPath_TaxPayer = "Object Repository/RAD_Pages/Taxpayer_Page": null

2023-09-09 20:54:10 - [TEST_STEP][PASSED] - orPath_AddressContact = "Object Repository/RAD_Pages/AddressAndContactInfo_Page": null

2023-09-09 20:54:10 - [TEST_STEP][PASSED] - orPath_FilingStatus = "Object Repository/RAD_Pages/FilingStatus_Page": null

2023-09-09 20:54:10 - [TEST_STEP][PASSED] - orPath_Amount = "Object Repository/RAD_Pages/PaymentAmount_Page": null

2023-09-09 20:54:10 - [TEST_STEP][PASSED] - orPath_TaxInfo = "Object Repository/RAD_Pages/TaxInfo_Page": null

2023-09-09 20:54:10 - [TEST_STEP][PASSED] - selectOptionByLabel(findTestObject(orPath_Landing + "/dd_TaxType"), Paymenttype, false): All options with label 'Extension Payments' are selected in object 'Object Repository/RAD_Pages/Landing_Page/dd_TaxType' 

2023-09-09 20:54:11 - [MESSAGE][PASSED] - All options with label 'Extension Payments' are selected in object 'Object Repository/RAD_Pages/Landing_Page/dd_TaxType' 

2023-09-09 20:54:11 - [TEST_STEP][PASSED] - delay(1): Delayed 1 second(s)

2023-09-09 20:54:12 - [MESSAGE][PASSED] - Delayed 1 second(s)

2023-09-09 20:54:12 - [TEST_STEP][PASSED] - switch (Paymenttype): null

2023-09-09 20:54:12 - [TEST_STEP][PASSED] - case "Extension Payments":: null

2023-09-09 20:54:12 - [TEST_STEP][PASSED] - selectOptionByLabel(findTestObject(orPath_TaxTypeFilingYear + "/select_PaymentType"), Taxtype, false): All options with label 'Personal Income Tax' are selected in object 'Object Repository/RAD_Pages/TaxTypeFilingYear_Page/select_PaymentType' 

2023-09-09 20:54:12 - [MESSAGE][PASSED] - All options with label 'Personal Income Tax' are selected in object 'Object Repository/RAD_Pages/TaxTypeFilingYear_Page/select_PaymentType' 

2023-09-09 20:54:12 - [TEST_STEP][PASSED] - break: null

2023-09-09 20:54:12 - [TEST_STEP][PASSED] - delay(1): Delayed 1 second(s)

2023-09-09 20:54:13 - [MESSAGE][PASSED] - Delayed 1 second(s)

2023-09-09 20:54:13 - [TEST_STEP][PASSED] - scrollToElement(findTestObject(orPath_TaxPayer + "/input_firstName"), 3): Scroll to object 'Object Repository/RAD_Pages/Taxpayer_Page/input_firstName' successfully

2023-09-09 20:54:14 - [MESSAGE][PASSED] - Scroll to object 'Object Repository/RAD_Pages/Taxpayer_Page/input_firstName' successfully

2023-09-09 20:54:14 - [TEST_STEP][PASSED] - switch (Paymenttype): null

2023-09-09 20:54:14 - [TEST_STEP][PASSED] - case "Extension Payments":: null

2023-09-09 20:54:14 - [TEST_STEP][PASSED] - setText(findTestObject("RAD_RecordAndPlay/input_concatSSN"), "111111111"): Text '111111111' is set on object 'Object Repository/RAD_RecordAndPlay/input_concatSSN'

2023-09-09 20:54:14 - [MESSAGE][PASSED] - Text '111111111' is set on object 'Object Repository/RAD_RecordAndPlay/input_concatSSN'

2023-09-09 20:54:15 - [TEST_STEP][PASSED] - setText(findTestObject("RAD_RecordAndPlay/input_concatReSSN"), "222222222"): Text '222222222' is set on object 'Object Repository/RAD_RecordAndPlay/input_concatReSSN'

2023-09-09 20:54:16 - [MESSAGE][PASSED] - Text '222222222' is set on object 'Object Repository/RAD_RecordAndPlay/input_concatReSSN'

2023-09-09 20:54:16 - [TEST_STEP][PASSED] - setText(findTestObject(orPath_TaxPayer + "/input_lastName"), "Anderson"): Text 'Anderson' is set on object 'Object Repository/RAD_Pages/Taxpayer_Page/input_lastName'

2023-09-09 20:54:17 - [MESSAGE][PASSED] - Text 'Anderson' is set on object 'Object Repository/RAD_Pages/Taxpayer_Page/input_lastName'

2023-09-09 20:54:17 - [TEST_STEP][PASSED] - break: null

2023-09-09 20:54:17 - [TEST_STEP][PASSED] - delay(2): Delayed 2 second(s)

2023-09-09 20:54:19 - [MESSAGE][PASSED] - Delayed 2 second(s)

2023-09-09 20:54:19 - [TEST_STEP][PASSED] - if (verifyTextPresent("The SSN and Re-type SSN do not match", true)): null

2023-09-09 20:54:19 - [MESSAGE][PASSED] - Text 'The SSN and Re-type SSN do not match' is present on page  using regular expression

2023-09-09 20:54:19 - [TEST_STEP][PASSED] - println("Taxpayer SSN Dont match text is present"): null

2023-09-09 20:54:19 - [TEST_STEP][PASSED] - out.println("Pass Record Number: " + row): null

2023-09-09 20:54:19 - [TEST_STEP][PASSED] - resText = "Pass": null

2023-09-09 20:54:19 - [TEST_STEP][PASSED] - pages.WriteExcel.demoKey(resText, datText, resColumn, datCloumn, fileLoc, nameSheet, row): pages.WriteExcel.demoKey is PASSED

2023-09-09 20:54:20 - [MESSAGE][PASSED] - pages.WriteExcel.demoKey is PASSED

2023-09-09 20:54:20 - [TEST_STEP][PASSED] - ExecuteTC = findTestData(dataFile).getValue("Execute", row): null

2023-09-09 20:54:20 - [TEST_STEP][PASSED] - Taxtype = findTestData(dataFile).getValue("TaxType", row): null

2023-09-09 20:54:20 - [TEST_STEP][PASSED] - Paymenttype = findTestData(dataFile).getValue("PaymentType", row): null

2023-09-09 20:54:20 - [TEST_STEP][PASSED] - out.println("Value of Execute is : " + ExecuteTC): null

2023-09-09 20:54:20 - [TEST_STEP][PASSED] - if (ExecuteTC.equalsIgnoreCase("Y")): null

2023-09-09 20:54:20 - [TEST_STEP][PASSED] - out.println("Begin Record Number: " + row): null

2023-09-09 20:54:20 - [TEST_STEP][PASSED] - today = new java.util.Date(): null

2023-09-09 20:54:20 - [TEST_STEP][PASSED] - println(today): null

2023-09-09 20:54:20 - [TEST_STEP][PASSED] - datText = today: null

2023-09-09 20:54:20 - [TEST_STEP][PASSED] - Taxtype = findTestData(dataFile).getValue("TaxType", row): null

2023-09-09 20:54:20 - [TEST_STEP][PASSED] - out.println("Taxtype value is : " + Taxtype): null

2023-09-09 20:54:20 - [TEST_STEP][PASSED] - openBrowser(""): Browser is opened with url: ''

2023-09-09 20:54:20 - [MESSAGE][WARNING] - A browser is already opened. Closing browser and opening a new one

2023-09-09 20:54:21 - [MESSAGE][INFO] - Starting 'Chrome' driver

2023-09-09 20:54:21 - [MESSAGE][INFO] - User set preference: ['acceptInsecureCerts', 'true']

2023-09-09 20:54:21 - [MESSAGE][INFO] - Action delay is set to 0 milliseconds

2023-09-09 20:54:22 - [MESSAGE][PASSED] - Browser is opened with url: ''

2023-09-09 20:54:22 - [TEST_STEP][PASSED] - maximizeWindow(): Current window maximized

2023-09-09 20:54:22 - [MESSAGE][PASSED] - Current window maximized

2023-09-09 20:54:22 - [TEST_STEP][PASSED] - navigateToUrl(RADurl): Navigate to 'https://qa2.velocitypayment.com/client/rad/index.html' successfully

2023-09-09 20:54:24 - [MESSAGE][PASSED] - Navigate to 'https://qa2.velocitypayment.com/client/rad/index.html' successfully

2023-09-09 20:54:24 - [TEST_STEP][PASSED] - orPath_Landing = "Object Repository/RAD_Pages/Landing_Page": null

2023-09-09 20:54:24 - [TEST_STEP][PASSED] - orPath_TaxTypeFilingYear = "Object Repository/RAD_Pages/TaxTypeFilingYear_Page": null

2023-09-09 20:54:24 - [TEST_STEP][PASSED] - orPath_TaxPayer = "Object Repository/RAD_Pages/Taxpayer_Page": null

2023-09-09 20:54:24 - [TEST_STEP][PASSED] - orPath_AddressContact = "Object Repository/RAD_Pages/AddressAndContactInfo_Page": null

2023-09-09 20:54:24 - [TEST_STEP][PASSED] - orPath_FilingStatus = "Object Repository/RAD_Pages/FilingStatus_Page": null

2023-09-09 20:54:24 - [TEST_STEP][PASSED] - orPath_Amount = "Object Repository/RAD_Pages/PaymentAmount_Page": null

2023-09-09 20:54:24 - [TEST_STEP][PASSED] - orPath_TaxInfo = "Object Repository/RAD_Pages/TaxInfo_Page": null

2023-09-09 20:54:24 - [TEST_STEP][PASSED] - selectOptionByLabel(findTestObject(orPath_Landing + "/dd_TaxType"), Paymenttype, false): All options with label 'New Tax Return Amount Due' are selected in object 'Object Repository/RAD_Pages/Landing_Page/dd_TaxType' 

2023-09-09 20:54:25 - [MESSAGE][PASSED] - All options with label 'New Tax Return Amount Due' are selected in object 'Object Repository/RAD_Pages/Landing_Page/dd_TaxType' 

2023-09-09 20:54:25 - [TEST_STEP][PASSED] - delay(1): Delayed 1 second(s)

2023-09-09 20:54:26 - [MESSAGE][PASSED] - Delayed 1 second(s)

2023-09-09 20:54:26 - [TEST_STEP][PASSED] - switch (Paymenttype): null

2023-09-09 20:54:26 - [TEST_STEP][PASSED] - case "New Tax Return Amount Due":: null

2023-09-09 20:54:26 - [TEST_STEP][PASSED] - selectOptionByLabel(findTestObject("Object Repository/RAD_Pages/Landing_Page/select_NewTaxReturnAmountDue_TaxType"), Taxtype, false): All options with label 'Personal Income Tax' are selected in object 'Object Repository/RAD_Pages/Landing_Page/select_NewTaxReturnAmountDue_TaxType' 

2023-09-09 20:54:27 - [MESSAGE][PASSED] - All options with label 'Personal Income Tax' are selected in object 'Object Repository/RAD_Pages/Landing_Page/select_NewTaxReturnAmountDue_TaxType' 

2023-09-09 20:54:27 - [TEST_STEP][PASSED] - break: null

2023-09-09 20:54:27 - [TEST_STEP][PASSED] - delay(1): Delayed 1 second(s)

2023-09-09 20:54:28 - [MESSAGE][PASSED] - Delayed 1 second(s)

2023-09-09 20:54:28 - [TEST_STEP][PASSED] - scrollToElement(findTestObject(orPath_TaxPayer + "/input_firstName"), 3): Scroll to object 'Object Repository/RAD_Pages/Taxpayer_Page/input_firstName' successfully

2023-09-09 20:54:28 - [MESSAGE][PASSED] - Scroll to object 'Object Repository/RAD_Pages/Taxpayer_Page/input_firstName' successfully

2023-09-09 20:54:28 - [TEST_STEP][PASSED] - switch (Paymenttype): null

2023-09-09 20:54:28 - [TEST_STEP][PASSED] - case "New Tax Return Amount Due":: null

2023-09-09 20:54:28 - [TEST_STEP][PASSED] - setText(findTestObject("RAD_RecordAndPlay/input_concatSSN"), "111111111"): Text '111111111' is set on object 'Object Repository/RAD_RecordAndPlay/input_concatSSN'

2023-09-09 20:54:29 - [MESSAGE][PASSED] - Text '111111111' is set on object 'Object Repository/RAD_RecordAndPlay/input_concatSSN'

2023-09-09 20:54:30 - [TEST_STEP][PASSED] - setText(findTestObject("RAD_RecordAndPlay/input_concatReSSN"), "222222222"): Text '222222222' is set on object 'Object Repository/RAD_RecordAndPlay/input_concatReSSN'

2023-09-09 20:54:30 - [MESSAGE][PASSED] - Text '222222222' is set on object 'Object Repository/RAD_RecordAndPlay/input_concatReSSN'

2023-09-09 20:54:30 - [TEST_STEP][PASSED] - setText(findTestObject(orPath_TaxPayer + "/input_lastName"), "Anderson"): Text 'Anderson' is set on object 'Object Repository/RAD_Pages/Taxpayer_Page/input_lastName'

2023-09-09 20:54:31 - [MESSAGE][PASSED] - Text 'Anderson' is set on object 'Object Repository/RAD_Pages/Taxpayer_Page/input_lastName'

2023-09-09 20:54:31 - [TEST_STEP][PASSED] - break: null

2023-09-09 20:54:31 - [TEST_STEP][PASSED] - delay(2): Delayed 2 second(s)

2023-09-09 20:54:33 - [MESSAGE][PASSED] - Delayed 2 second(s)

2023-09-09 20:54:33 - [TEST_STEP][PASSED] - if (verifyTextPresent("The SSN and Re-type SSN do not match", true)): null

2023-09-09 20:54:34 - [MESSAGE][PASSED] - Text 'The SSN and Re-type SSN do not match' is present on page  using regular expression

2023-09-09 20:54:34 - [TEST_STEP][PASSED] - println("Taxpayer SSN Dont match text is present"): null

2023-09-09 20:54:34 - [TEST_STEP][PASSED] - out.println("Pass Record Number: " + row): null

2023-09-09 20:54:34 - [TEST_STEP][PASSED] - resText = "Pass": null

2023-09-09 20:54:34 - [TEST_STEP][PASSED] - pages.WriteExcel.demoKey(resText, datText, resColumn, datCloumn, fileLoc, nameSheet, row): pages.WriteExcel.demoKey is PASSED

2023-09-09 20:54:34 - [MESSAGE][PASSED] - pages.WriteExcel.demoKey is PASSED]]></system-out>
         <system-err><![CDATA[]]></system-err>
      </testcase>
      <testcase name="Test Cases/RAD_TestCases/Negative_TestCases/SSNmoreThan9Error" time="51.409" classname="Test Cases/RAD_TestCases/Negative_TestCases/SSNmoreThan9Error" status="PASSED">
         <system-out><![CDATA[2023-09-09 20:54:34 - [TEST_CASE][PASSED] - Test Cases/RAD_TestCases/Negative_TestCases/SSNmoreThan9Error: Test Cases/RAD_TestCases/Negative_TestCases/SSNmoreThan9Error

2023-09-09 20:54:34 - [TEST_STEP][PASSED] - resText = "Fail": null

2023-09-09 20:54:34 - [TEST_STEP][PASSED] - resColumn = "Result": null

2023-09-09 20:54:34 - [TEST_STEP][PASSED] - datCloumn = "Date": null

2023-09-09 20:54:34 - [TEST_STEP][PASSED] - fileLoc = "KatalonData/RADTestData/SSNmoreThan9Error.xlsx": null

2023-09-09 20:54:34 - [TEST_STEP][PASSED] - nameSheet = "Sheet1": null

2023-09-09 20:54:34 - [TEST_STEP][PASSED] - dataFile = "RADTestData/SSNmoreThan9Error": null

2023-09-09 20:54:34 - [TEST_STEP][PASSED] - ExecuteTC = <not implemented yet for class: org.codehaus.groovy.ast.expr.EmptyExpression>: null

2023-09-09 20:54:34 - [TEST_STEP][PASSED] - Taxtype = <not implemented yet for class: org.codehaus.groovy.ast.expr.EmptyExpression>: null

2023-09-09 20:54:34 - [TEST_STEP][PASSED] - numOfRows = findTestData(dataFile).getRowNumbers(): null

2023-09-09 20:54:34 - [TEST_STEP][PASSED] - println("Number of Records: " + numOfRows): null

2023-09-09 20:54:34 - [TEST_STEP][PASSED] - for ([row = 1, row <= numOfRows, (row++)]): null

2023-09-09 20:54:34 - [TEST_STEP][PASSED] - ExecuteTC = findTestData(dataFile).getValue("Execute", row): null

2023-09-09 20:54:34 - [TEST_STEP][PASSED] - Taxtype = findTestData(dataFile).getValue("TaxType", row): null

2023-09-09 20:54:34 - [TEST_STEP][PASSED] - Paymenttype = findTestData(dataFile).getValue("PaymentType", row): null

2023-09-09 20:54:34 - [TEST_STEP][PASSED] - out.println("Value of Execute is : " + ExecuteTC): null

2023-09-09 20:54:34 - [TEST_STEP][PASSED] - if (ExecuteTC.equalsIgnoreCase("Y")): null

2023-09-09 20:54:34 - [TEST_STEP][PASSED] - out.println("Begin Record Number: " + row): null

2023-09-09 20:54:34 - [TEST_STEP][PASSED] - today = new java.util.Date(): null

2023-09-09 20:54:34 - [TEST_STEP][PASSED] - println(today): null

2023-09-09 20:54:34 - [TEST_STEP][PASSED] - datText = today: null

2023-09-09 20:54:34 - [TEST_STEP][PASSED] - Taxtype = findTestData(dataFile).getValue("TaxType", row): null

2023-09-09 20:54:34 - [TEST_STEP][PASSED] - out.println("Taxtype value is : " + Taxtype): null

2023-09-09 20:54:34 - [TEST_STEP][PASSED] - openBrowser(""): Browser is opened with url: ''

2023-09-09 20:54:34 - [MESSAGE][WARNING] - A browser is already opened. Closing browser and opening a new one

2023-09-09 20:54:35 - [MESSAGE][INFO] - Starting 'Chrome' driver

2023-09-09 20:54:35 - [MESSAGE][INFO] - User set preference: ['acceptInsecureCerts', 'true']

2023-09-09 20:54:35 - [MESSAGE][INFO] - Action delay is set to 0 milliseconds

2023-09-09 20:54:37 - [MESSAGE][PASSED] - Browser is opened with url: ''

2023-09-09 20:54:37 - [TEST_STEP][PASSED] - maximizeWindow(): Current window maximized

2023-09-09 20:54:37 - [MESSAGE][PASSED] - Current window maximized

2023-09-09 20:54:37 - [TEST_STEP][PASSED] - navigateToUrl(RADurl): Navigate to 'https://qa2.velocitypayment.com/client/rad/index.html' successfully

2023-09-09 20:54:39 - [MESSAGE][PASSED] - Navigate to 'https://qa2.velocitypayment.com/client/rad/index.html' successfully

2023-09-09 20:54:39 - [TEST_STEP][PASSED] - orPath_Landing = "Object Repository/RAD_Pages/Landing_Page": null

2023-09-09 20:54:39 - [TEST_STEP][PASSED] - orPath_TaxTypeFilingYear = "Object Repository/RAD_Pages/TaxTypeFilingYear_Page": null

2023-09-09 20:54:39 - [TEST_STEP][PASSED] - orPath_TaxPayer = "Object Repository/RAD_Pages/Taxpayer_Page": null

2023-09-09 20:54:39 - [TEST_STEP][PASSED] - orPath_AddressContact = "Object Repository/RAD_Pages/AddressAndContactInfo_Page": null

2023-09-09 20:54:39 - [TEST_STEP][PASSED] - orPath_FilingStatus = "Object Repository/RAD_Pages/FilingStatus_Page": null

2023-09-09 20:54:39 - [TEST_STEP][PASSED] - orPath_Amount = "Object Repository/RAD_Pages/PaymentAmount_Page": null

2023-09-09 20:54:39 - [TEST_STEP][PASSED] - orPath_TaxInfo = "Object Repository/RAD_Pages/TaxInfo_Page": null

2023-09-09 20:54:39 - [TEST_STEP][PASSED] - selectOptionByLabel(findTestObject(orPath_Landing + "/dd_TaxType"), Paymenttype, false): All options with label 'Existing Liability w/Notice Number' are selected in object 'Object Repository/RAD_Pages/Landing_Page/dd_TaxType' 

2023-09-09 20:54:40 - [MESSAGE][PASSED] - All options with label 'Existing Liability w/Notice Number' are selected in object 'Object Repository/RAD_Pages/Landing_Page/dd_TaxType' 

2023-09-09 20:54:40 - [TEST_STEP][PASSED] - delay(1): Delayed 1 second(s)

2023-09-09 20:54:41 - [MESSAGE][PASSED] - Delayed 1 second(s)

2023-09-09 20:54:41 - [TEST_STEP][PASSED] - switch (Paymenttype): null

2023-09-09 20:54:41 - [TEST_STEP][PASSED] - case "Existing Liability w/Notice Number":: null

2023-09-09 20:54:41 - [TEST_STEP][PASSED] - selectOptionByLabel(findTestObject(orPath_TaxTypeFilingYear + "/select_TaxType_ExistingLiability"), Taxtype, false): All options with label 'Personal Income Tax' are selected in object 'Object Repository/RAD_Pages/TaxTypeFilingYear_Page/select_TaxType_ExistingLiability' 

2023-09-09 20:54:41 - [MESSAGE][PASSED] - All options with label 'Personal Income Tax' are selected in object 'Object Repository/RAD_Pages/TaxTypeFilingYear_Page/select_TaxType_ExistingLiability' 

2023-09-09 20:54:41 - [TEST_STEP][PASSED] - break: null

2023-09-09 20:54:41 - [TEST_STEP][PASSED] - delay(1): Delayed 1 second(s)

2023-09-09 20:54:42 - [MESSAGE][PASSED] - Delayed 1 second(s)

2023-09-09 20:54:42 - [TEST_STEP][PASSED] - scrollToElement(findTestObject(orPath_TaxPayer + "/input_firstName"), 3): Scroll to object 'Object Repository/RAD_Pages/Taxpayer_Page/input_firstName' successfully

2023-09-09 20:54:43 - [MESSAGE][PASSED] - Scroll to object 'Object Repository/RAD_Pages/Taxpayer_Page/input_firstName' successfully

2023-09-09 20:54:43 - [TEST_STEP][PASSED] - switch (Paymenttype): null

2023-09-09 20:54:43 - [TEST_STEP][PASSED] - case "Existing Liability w/Notice Number":: null

2023-09-09 20:54:43 - [TEST_STEP][PASSED] - setText(findTestObject(orPath_TaxInfo + "/input_Existing_SSN"), "1111111111"): Text '1111111111' is set on object 'Object Repository/RAD_Pages/TaxInfo_Page/input_Existing_SSN'

2023-09-09 20:54:44 - [MESSAGE][PASSED] - Text '1111111111' is set on object 'Object Repository/RAD_Pages/TaxInfo_Page/input_Existing_SSN'

2023-09-09 20:54:44 - [TEST_STEP][PASSED] - setText(findTestObject(orPath_TaxInfo + "/input_Existing_RetypeSSN"), ""): Text '' is set on object 'Object Repository/RAD_Pages/TaxInfo_Page/input_Existing_RetypeSSN'

2023-09-09 20:54:45 - [MESSAGE][PASSED] - Text '' is set on object 'Object Repository/RAD_Pages/TaxInfo_Page/input_Existing_RetypeSSN'

2023-09-09 20:54:45 - [TEST_STEP][PASSED] - break: null

2023-09-09 20:54:45 - [TEST_STEP][PASSED] - delay(2): Delayed 2 second(s)

2023-09-09 20:54:47 - [MESSAGE][PASSED] - Delayed 2 second(s)

2023-09-09 20:54:47 - [TEST_STEP][PASSED] - if (verifyTextPresent("Please enter a valid SSN with 9 digits", true)): null

2023-09-09 20:54:47 - [MESSAGE][PASSED] - Text 'Please enter a valid SSN with 9 digits' is present on page  using regular expression

2023-09-09 20:54:47 - [TEST_STEP][PASSED] - println("Please enter a valid SSN with 9 digits"): null

2023-09-09 20:54:47 - [TEST_STEP][PASSED] - out.println("Pass Record Number: " + row): null

2023-09-09 20:54:47 - [TEST_STEP][PASSED] - resText = "Pass": null

2023-09-09 20:54:47 - [TEST_STEP][PASSED] - pages.WriteExcel.demoKey(resText, datText, resColumn, datCloumn, fileLoc, nameSheet, row): pages.WriteExcel.demoKey is PASSED

2023-09-09 20:54:47 - [MESSAGE][PASSED] - pages.WriteExcel.demoKey is PASSED

2023-09-09 20:54:47 - [TEST_STEP][PASSED] - ExecuteTC = findTestData(dataFile).getValue("Execute", row): null

2023-09-09 20:54:47 - [TEST_STEP][PASSED] - Taxtype = findTestData(dataFile).getValue("TaxType", row): null

2023-09-09 20:54:47 - [TEST_STEP][PASSED] - Paymenttype = findTestData(dataFile).getValue("PaymentType", row): null

2023-09-09 20:54:48 - [TEST_STEP][PASSED] - out.println("Value of Execute is : " + ExecuteTC): null

2023-09-09 20:54:48 - [TEST_STEP][PASSED] - if (ExecuteTC.equalsIgnoreCase("Y")): null

2023-09-09 20:54:48 - [TEST_STEP][PASSED] - out.println("Begin Record Number: " + row): null

2023-09-09 20:54:48 - [TEST_STEP][PASSED] - today = new java.util.Date(): null

2023-09-09 20:54:48 - [TEST_STEP][PASSED] - println(today): null

2023-09-09 20:54:48 - [TEST_STEP][PASSED] - datText = today: null

2023-09-09 20:54:48 - [TEST_STEP][PASSED] - Taxtype = findTestData(dataFile).getValue("TaxType", row): null

2023-09-09 20:54:48 - [TEST_STEP][PASSED] - out.println("Taxtype value is : " + Taxtype): null

2023-09-09 20:54:48 - [TEST_STEP][PASSED] - openBrowser(""): Browser is opened with url: ''

2023-09-09 20:54:48 - [MESSAGE][WARNING] - A browser is already opened. Closing browser and opening a new one

2023-09-09 20:54:49 - [MESSAGE][INFO] - Starting 'Chrome' driver

2023-09-09 20:54:49 - [MESSAGE][INFO] - User set preference: ['acceptInsecureCerts', 'true']

2023-09-09 20:54:49 - [MESSAGE][INFO] - Action delay is set to 0 milliseconds

2023-09-09 20:54:50 - [MESSAGE][PASSED] - Browser is opened with url: ''

2023-09-09 20:54:50 - [TEST_STEP][PASSED] - maximizeWindow(): Current window maximized

2023-09-09 20:54:50 - [MESSAGE][PASSED] - Current window maximized

2023-09-09 20:54:50 - [TEST_STEP][PASSED] - navigateToUrl(RADurl): Navigate to 'https://qa2.velocitypayment.com/client/rad/index.html' successfully

2023-09-09 20:54:52 - [MESSAGE][PASSED] - Navigate to 'https://qa2.velocitypayment.com/client/rad/index.html' successfully

2023-09-09 20:54:52 - [TEST_STEP][PASSED] - orPath_Landing = "Object Repository/RAD_Pages/Landing_Page": null

2023-09-09 20:54:52 - [TEST_STEP][PASSED] - orPath_TaxTypeFilingYear = "Object Repository/RAD_Pages/TaxTypeFilingYear_Page": null

2023-09-09 20:54:52 - [TEST_STEP][PASSED] - orPath_TaxPayer = "Object Repository/RAD_Pages/Taxpayer_Page": null

2023-09-09 20:54:52 - [TEST_STEP][PASSED] - orPath_AddressContact = "Object Repository/RAD_Pages/AddressAndContactInfo_Page": null

2023-09-09 20:54:52 - [TEST_STEP][PASSED] - orPath_FilingStatus = "Object Repository/RAD_Pages/FilingStatus_Page": null

2023-09-09 20:54:52 - [TEST_STEP][PASSED] - orPath_Amount = "Object Repository/RAD_Pages/PaymentAmount_Page": null

2023-09-09 20:54:52 - [TEST_STEP][PASSED] - orPath_TaxInfo = "Object Repository/RAD_Pages/TaxInfo_Page": null

2023-09-09 20:54:52 - [TEST_STEP][PASSED] - selectOptionByLabel(findTestObject(orPath_Landing + "/dd_TaxType"), Paymenttype, false): All options with label 'Quarterly Estimated Tax' are selected in object 'Object Repository/RAD_Pages/Landing_Page/dd_TaxType' 

2023-09-09 20:54:52 - [MESSAGE][PASSED] - All options with label 'Quarterly Estimated Tax' are selected in object 'Object Repository/RAD_Pages/Landing_Page/dd_TaxType' 

2023-09-09 20:54:52 - [TEST_STEP][PASSED] - delay(1): Delayed 1 second(s)

2023-09-09 20:54:53 - [MESSAGE][PASSED] - Delayed 1 second(s)

2023-09-09 20:54:53 - [TEST_STEP][PASSED] - switch (Paymenttype): null

2023-09-09 20:54:53 - [TEST_STEP][PASSED] - case "Quarterly Estimated Tax":: null

2023-09-09 20:54:53 - [TEST_STEP][PASSED] - selectOptionByLabel(findTestObject(orPath_TaxTypeFilingYear + "/select_PaymentType"), Taxtype, false): All options with label 'Personal Income Tax' are selected in object 'Object Repository/RAD_Pages/TaxTypeFilingYear_Page/select_PaymentType' 

2023-09-09 20:54:54 - [MESSAGE][PASSED] - All options with label 'Personal Income Tax' are selected in object 'Object Repository/RAD_Pages/TaxTypeFilingYear_Page/select_PaymentType' 

2023-09-09 20:54:54 - [TEST_STEP][PASSED] - break: null

2023-09-09 20:54:54 - [TEST_STEP][PASSED] - delay(1): Delayed 1 second(s)

2023-09-09 20:54:55 - [MESSAGE][PASSED] - Delayed 1 second(s)

2023-09-09 20:54:55 - [TEST_STEP][PASSED] - scrollToElement(findTestObject(orPath_TaxPayer + "/input_firstName"), 3): Scroll to object 'Object Repository/RAD_Pages/Taxpayer_Page/input_firstName' successfully

2023-09-09 20:54:55 - [MESSAGE][PASSED] - Scroll to object 'Object Repository/RAD_Pages/Taxpayer_Page/input_firstName' successfully

2023-09-09 20:54:55 - [TEST_STEP][PASSED] - switch (Paymenttype): null

2023-09-09 20:54:55 - [TEST_STEP][PASSED] - case "Quarterly Estimated Tax":: null

2023-09-09 20:54:55 - [TEST_STEP][PASSED] - setText(findTestObject("RAD_RecordAndPlay/input_concatSSN"), "1111111111"): Text '1111111111' is set on object 'Object Repository/RAD_RecordAndPlay/input_concatSSN'

2023-09-09 20:54:56 - [MESSAGE][PASSED] - Text '1111111111' is set on object 'Object Repository/RAD_RecordAndPlay/input_concatSSN'

2023-09-09 20:54:56 - [TEST_STEP][PASSED] - setText(findTestObject("RAD_RecordAndPlay/input_concatReSSN"), ""): Text '' is set on object 'Object Repository/RAD_RecordAndPlay/input_concatReSSN'

2023-09-09 20:54:57 - [MESSAGE][PASSED] - Text '' is set on object 'Object Repository/RAD_RecordAndPlay/input_concatReSSN'

2023-09-09 20:54:57 - [TEST_STEP][PASSED] - break: null

2023-09-09 20:54:57 - [TEST_STEP][PASSED] - delay(2): Delayed 2 second(s)

2023-09-09 20:54:59 - [MESSAGE][PASSED] - Delayed 2 second(s)

2023-09-09 20:54:59 - [TEST_STEP][PASSED] - if (verifyTextPresent("Please enter a valid SSN with 9 digits", true)): null

2023-09-09 20:55:00 - [MESSAGE][PASSED] - Text 'Please enter a valid SSN with 9 digits' is present on page  using regular expression

2023-09-09 20:55:00 - [TEST_STEP][PASSED] - println("Please enter a valid SSN with 9 digits"): null

2023-09-09 20:55:00 - [TEST_STEP][PASSED] - out.println("Pass Record Number: " + row): null

2023-09-09 20:55:00 - [TEST_STEP][PASSED] - resText = "Pass": null

2023-09-09 20:55:00 - [TEST_STEP][PASSED] - pages.WriteExcel.demoKey(resText, datText, resColumn, datCloumn, fileLoc, nameSheet, row): pages.WriteExcel.demoKey is PASSED

2023-09-09 20:55:00 - [MESSAGE][PASSED] - pages.WriteExcel.demoKey is PASSED

2023-09-09 20:55:00 - [TEST_STEP][PASSED] - ExecuteTC = findTestData(dataFile).getValue("Execute", row): null

2023-09-09 20:55:00 - [TEST_STEP][PASSED] - Taxtype = findTestData(dataFile).getValue("TaxType", row): null

2023-09-09 20:55:00 - [TEST_STEP][PASSED] - Paymenttype = findTestData(dataFile).getValue("PaymentType", row): null

2023-09-09 20:55:00 - [TEST_STEP][PASSED] - out.println("Value of Execute is : " + ExecuteTC): null

2023-09-09 20:55:00 - [TEST_STEP][PASSED] - if (ExecuteTC.equalsIgnoreCase("Y")): null

2023-09-09 20:55:00 - [TEST_STEP][PASSED] - out.println("Begin Record Number: " + row): null

2023-09-09 20:55:00 - [TEST_STEP][PASSED] - today = new java.util.Date(): null

2023-09-09 20:55:00 - [TEST_STEP][PASSED] - println(today): null

2023-09-09 20:55:00 - [TEST_STEP][PASSED] - datText = today: null

2023-09-09 20:55:00 - [TEST_STEP][PASSED] - Taxtype = findTestData(dataFile).getValue("TaxType", row): null

2023-09-09 20:55:00 - [TEST_STEP][PASSED] - out.println("Taxtype value is : " + Taxtype): null

2023-09-09 20:55:00 - [TEST_STEP][PASSED] - openBrowser(""): Browser is opened with url: ''

2023-09-09 20:55:00 - [MESSAGE][WARNING] - A browser is already opened. Closing browser and opening a new one

2023-09-09 20:55:01 - [MESSAGE][INFO] - Starting 'Chrome' driver

2023-09-09 20:55:01 - [MESSAGE][INFO] - User set preference: ['acceptInsecureCerts', 'true']

2023-09-09 20:55:01 - [MESSAGE][INFO] - Action delay is set to 0 milliseconds

2023-09-09 20:55:03 - [MESSAGE][PASSED] - Browser is opened with url: ''

2023-09-09 20:55:03 - [TEST_STEP][PASSED] - maximizeWindow(): Current window maximized

2023-09-09 20:55:03 - [MESSAGE][PASSED] - Current window maximized

2023-09-09 20:55:03 - [TEST_STEP][PASSED] - navigateToUrl(RADurl): Navigate to 'https://qa2.velocitypayment.com/client/rad/index.html' successfully

2023-09-09 20:55:04 - [MESSAGE][PASSED] - Navigate to 'https://qa2.velocitypayment.com/client/rad/index.html' successfully

2023-09-09 20:55:04 - [TEST_STEP][PASSED] - orPath_Landing = "Object Repository/RAD_Pages/Landing_Page": null

2023-09-09 20:55:04 - [TEST_STEP][PASSED] - orPath_TaxTypeFilingYear = "Object Repository/RAD_Pages/TaxTypeFilingYear_Page": null

2023-09-09 20:55:04 - [TEST_STEP][PASSED] - orPath_TaxPayer = "Object Repository/RAD_Pages/Taxpayer_Page": null

2023-09-09 20:55:04 - [TEST_STEP][PASSED] - orPath_AddressContact = "Object Repository/RAD_Pages/AddressAndContactInfo_Page": null

2023-09-09 20:55:04 - [TEST_STEP][PASSED] - orPath_FilingStatus = "Object Repository/RAD_Pages/FilingStatus_Page": null

2023-09-09 20:55:04 - [TEST_STEP][PASSED] - orPath_Amount = "Object Repository/RAD_Pages/PaymentAmount_Page": null

2023-09-09 20:55:04 - [TEST_STEP][PASSED] - orPath_TaxInfo = "Object Repository/RAD_Pages/TaxInfo_Page": null

2023-09-09 20:55:04 - [TEST_STEP][PASSED] - selectOptionByLabel(findTestObject(orPath_Landing + "/dd_TaxType"), Paymenttype, false): All options with label 'Extension Payments' are selected in object 'Object Repository/RAD_Pages/Landing_Page/dd_TaxType' 

2023-09-09 20:55:05 - [MESSAGE][PASSED] - All options with label 'Extension Payments' are selected in object 'Object Repository/RAD_Pages/Landing_Page/dd_TaxType' 

2023-09-09 20:55:05 - [TEST_STEP][PASSED] - delay(1): Delayed 1 second(s)

2023-09-09 20:55:06 - [MESSAGE][PASSED] - Delayed 1 second(s)

2023-09-09 20:55:06 - [TEST_STEP][PASSED] - switch (Paymenttype): null

2023-09-09 20:55:06 - [TEST_STEP][PASSED] - case "Extension Payments":: null

2023-09-09 20:55:06 - [TEST_STEP][PASSED] - selectOptionByLabel(findTestObject(orPath_TaxTypeFilingYear + "/select_PaymentType"), Taxtype, false): All options with label 'Personal Income Tax' are selected in object 'Object Repository/RAD_Pages/TaxTypeFilingYear_Page/select_PaymentType' 

2023-09-09 20:55:07 - [MESSAGE][PASSED] - All options with label 'Personal Income Tax' are selected in object 'Object Repository/RAD_Pages/TaxTypeFilingYear_Page/select_PaymentType' 

2023-09-09 20:55:07 - [TEST_STEP][PASSED] - break: null

2023-09-09 20:55:07 - [TEST_STEP][PASSED] - delay(1): Delayed 1 second(s)

2023-09-09 20:55:08 - [MESSAGE][PASSED] - Delayed 1 second(s)

2023-09-09 20:55:08 - [TEST_STEP][PASSED] - scrollToElement(findTestObject(orPath_TaxPayer + "/input_firstName"), 3): Scroll to object 'Object Repository/RAD_Pages/Taxpayer_Page/input_firstName' successfully

2023-09-09 20:55:08 - [MESSAGE][PASSED] - Scroll to object 'Object Repository/RAD_Pages/Taxpayer_Page/input_firstName' successfully

2023-09-09 20:55:08 - [TEST_STEP][PASSED] - switch (Paymenttype): null

2023-09-09 20:55:08 - [TEST_STEP][PASSED] - case "Extension Payments":: null

2023-09-09 20:55:08 - [TEST_STEP][PASSED] - setText(findTestObject("RAD_RecordAndPlay/input_concatSSN"), "1111111111"): Text '1111111111' is set on object 'Object Repository/RAD_RecordAndPlay/input_concatSSN'

2023-09-09 20:55:09 - [MESSAGE][PASSED] - Text '1111111111' is set on object 'Object Repository/RAD_RecordAndPlay/input_concatSSN'

2023-09-09 20:55:10 - [TEST_STEP][PASSED] - setText(findTestObject("RAD_RecordAndPlay/input_concatReSSN"), ""): Text '' is set on object 'Object Repository/RAD_RecordAndPlay/input_concatReSSN'

2023-09-09 20:55:10 - [MESSAGE][PASSED] - Text '' is set on object 'Object Repository/RAD_RecordAndPlay/input_concatReSSN'

2023-09-09 20:55:10 - [TEST_STEP][PASSED] - break: null

2023-09-09 20:55:10 - [TEST_STEP][PASSED] - delay(2): Delayed 2 second(s)

2023-09-09 20:55:12 - [MESSAGE][PASSED] - Delayed 2 second(s)

2023-09-09 20:55:12 - [TEST_STEP][PASSED] - if (verifyTextPresent("Please enter a valid SSN with 9 digits", true)): null

2023-09-09 20:55:13 - [MESSAGE][PASSED] - Text 'Please enter a valid SSN with 9 digits' is present on page  using regular expression

2023-09-09 20:55:13 - [TEST_STEP][PASSED] - println("Please enter a valid SSN with 9 digits"): null

2023-09-09 20:55:13 - [TEST_STEP][PASSED] - out.println("Pass Record Number: " + row): null

2023-09-09 20:55:13 - [TEST_STEP][PASSED] - resText = "Pass": null

2023-09-09 20:55:13 - [TEST_STEP][PASSED] - pages.WriteExcel.demoKey(resText, datText, resColumn, datCloumn, fileLoc, nameSheet, row): pages.WriteExcel.demoKey is PASSED

2023-09-09 20:55:13 - [MESSAGE][PASSED] - pages.WriteExcel.demoKey is PASSED

2023-09-09 20:55:13 - [TEST_STEP][PASSED] - ExecuteTC = findTestData(dataFile).getValue("Execute", row): null

2023-09-09 20:55:13 - [TEST_STEP][PASSED] - Taxtype = findTestData(dataFile).getValue("TaxType", row): null

2023-09-09 20:55:13 - [TEST_STEP][PASSED] - Paymenttype = findTestData(dataFile).getValue("PaymentType", row): null

2023-09-09 20:55:13 - [TEST_STEP][PASSED] - out.println("Value of Execute is : " + ExecuteTC): null

2023-09-09 20:55:13 - [TEST_STEP][PASSED] - if (ExecuteTC.equalsIgnoreCase("Y")): null

2023-09-09 20:55:13 - [TEST_STEP][PASSED] - out.println("Begin Record Number: " + row): null

2023-09-09 20:55:13 - [TEST_STEP][PASSED] - today = new java.util.Date(): null

2023-09-09 20:55:13 - [TEST_STEP][PASSED] - println(today): null

2023-09-09 20:55:13 - [TEST_STEP][PASSED] - datText = today: null

2023-09-09 20:55:13 - [TEST_STEP][PASSED] - Taxtype = findTestData(dataFile).getValue("TaxType", row): null

2023-09-09 20:55:13 - [TEST_STEP][PASSED] - out.println("Taxtype value is : " + Taxtype): null

2023-09-09 20:55:13 - [TEST_STEP][PASSED] - openBrowser(""): Browser is opened with url: ''

2023-09-09 20:55:13 - [MESSAGE][WARNING] - A browser is already opened. Closing browser and opening a new one

2023-09-09 20:55:14 - [MESSAGE][INFO] - Starting 'Chrome' driver

2023-09-09 20:55:14 - [MESSAGE][INFO] - User set preference: ['acceptInsecureCerts', 'true']

2023-09-09 20:55:14 - [MESSAGE][INFO] - Action delay is set to 0 milliseconds

2023-09-09 20:55:15 - [MESSAGE][PASSED] - Browser is opened with url: ''

2023-09-09 20:55:15 - [TEST_STEP][PASSED] - maximizeWindow(): Current window maximized

2023-09-09 20:55:15 - [MESSAGE][PASSED] - Current window maximized

2023-09-09 20:55:15 - [TEST_STEP][PASSED] - navigateToUrl(RADurl): Navigate to 'https://qa2.velocitypayment.com/client/rad/index.html' successfully

2023-09-09 20:55:17 - [MESSAGE][PASSED] - Navigate to 'https://qa2.velocitypayment.com/client/rad/index.html' successfully

2023-09-09 20:55:17 - [TEST_STEP][PASSED] - orPath_Landing = "Object Repository/RAD_Pages/Landing_Page": null

2023-09-09 20:55:17 - [TEST_STEP][PASSED] - orPath_TaxTypeFilingYear = "Object Repository/RAD_Pages/TaxTypeFilingYear_Page": null

2023-09-09 20:55:17 - [TEST_STEP][PASSED] - orPath_TaxPayer = "Object Repository/RAD_Pages/Taxpayer_Page": null

2023-09-09 20:55:17 - [TEST_STEP][PASSED] - orPath_AddressContact = "Object Repository/RAD_Pages/AddressAndContactInfo_Page": null

2023-09-09 20:55:17 - [TEST_STEP][PASSED] - orPath_FilingStatus = "Object Repository/RAD_Pages/FilingStatus_Page": null

2023-09-09 20:55:17 - [TEST_STEP][PASSED] - orPath_Amount = "Object Repository/RAD_Pages/PaymentAmount_Page": null

2023-09-09 20:55:17 - [TEST_STEP][PASSED] - orPath_TaxInfo = "Object Repository/RAD_Pages/TaxInfo_Page": null

2023-09-09 20:55:17 - [TEST_STEP][PASSED] - selectOptionByLabel(findTestObject(orPath_Landing + "/dd_TaxType"), Paymenttype, false): All options with label 'New Tax Return Amount Due' are selected in object 'Object Repository/RAD_Pages/Landing_Page/dd_TaxType' 

2023-09-09 20:55:18 - [MESSAGE][PASSED] - All options with label 'New Tax Return Amount Due' are selected in object 'Object Repository/RAD_Pages/Landing_Page/dd_TaxType' 

2023-09-09 20:55:18 - [TEST_STEP][PASSED] - delay(1): Delayed 1 second(s)

2023-09-09 20:55:19 - [MESSAGE][PASSED] - Delayed 1 second(s)

2023-09-09 20:55:19 - [TEST_STEP][PASSED] - switch (Paymenttype): null

2023-09-09 20:55:19 - [TEST_STEP][PASSED] - case "New Tax Return Amount Due":: null

2023-09-09 20:55:19 - [TEST_STEP][PASSED] - selectOptionByLabel(findTestObject("Object Repository/RAD_Pages/Landing_Page/select_NewTaxReturnAmountDue_TaxType"), Taxtype, false): All options with label 'Personal Income Tax' are selected in object 'Object Repository/RAD_Pages/Landing_Page/select_NewTaxReturnAmountDue_TaxType' 

2023-09-09 20:55:19 - [MESSAGE][PASSED] - All options with label 'Personal Income Tax' are selected in object 'Object Repository/RAD_Pages/Landing_Page/select_NewTaxReturnAmountDue_TaxType' 

2023-09-09 20:55:19 - [TEST_STEP][PASSED] - break: null

2023-09-09 20:55:19 - [TEST_STEP][PASSED] - delay(1): Delayed 1 second(s)

2023-09-09 20:55:20 - [MESSAGE][PASSED] - Delayed 1 second(s)

2023-09-09 20:55:20 - [TEST_STEP][PASSED] - scrollToElement(findTestObject(orPath_TaxPayer + "/input_firstName"), 3): Scroll to object 'Object Repository/RAD_Pages/Taxpayer_Page/input_firstName' successfully

2023-09-09 20:55:21 - [MESSAGE][PASSED] - Scroll to object 'Object Repository/RAD_Pages/Taxpayer_Page/input_firstName' successfully

2023-09-09 20:55:21 - [TEST_STEP][PASSED] - switch (Paymenttype): null

2023-09-09 20:55:21 - [TEST_STEP][PASSED] - case "New Tax Return Amount Due":: null

2023-09-09 20:55:21 - [TEST_STEP][PASSED] - setText(findTestObject("RAD_RecordAndPlay/input_concatSSN"), "1111111111"): Text '1111111111' is set on object 'Object Repository/RAD_RecordAndPlay/input_concatSSN'

2023-09-09 20:55:21 - [MESSAGE][PASSED] - Text '1111111111' is set on object 'Object Repository/RAD_RecordAndPlay/input_concatSSN'

2023-09-09 20:55:22 - [TEST_STEP][PASSED] - setText(findTestObject("RAD_RecordAndPlay/input_concatReSSN"), ""): Text '' is set on object 'Object Repository/RAD_RecordAndPlay/input_concatReSSN'

2023-09-09 20:55:23 - [MESSAGE][PASSED] - Text '' is set on object 'Object Repository/RAD_RecordAndPlay/input_concatReSSN'

2023-09-09 20:55:23 - [TEST_STEP][PASSED] - break: null

2023-09-09 20:55:23 - [TEST_STEP][PASSED] - delay(2): Delayed 2 second(s)

2023-09-09 20:55:25 - [MESSAGE][PASSED] - Delayed 2 second(s)

2023-09-09 20:55:25 - [TEST_STEP][PASSED] - if (verifyTextPresent("Please enter a valid SSN with 9 digits", true)): null

2023-09-09 20:55:25 - [MESSAGE][PASSED] - Text 'Please enter a valid SSN with 9 digits' is present on page  using regular expression

2023-09-09 20:55:25 - [TEST_STEP][PASSED] - println("Please enter a valid SSN with 9 digits"): null

2023-09-09 20:55:25 - [TEST_STEP][PASSED] - out.println("Pass Record Number: " + row): null

2023-09-09 20:55:25 - [TEST_STEP][PASSED] - resText = "Pass": null

2023-09-09 20:55:25 - [TEST_STEP][PASSED] - pages.WriteExcel.demoKey(resText, datText, resColumn, datCloumn, fileLoc, nameSheet, row): pages.WriteExcel.demoKey is PASSED

2023-09-09 20:55:25 - [MESSAGE][PASSED] - pages.WriteExcel.demoKey is PASSED]]></system-out>
         <system-err><![CDATA[]]></system-err>
      </testcase>
      <testcase name="Test Cases/RAD_TestCases/Negative_TestCases/JointFilerSSNnoMatch-NEW" time="43.759" classname="Test Cases/RAD_TestCases/Negative_TestCases/JointFilerSSNnoMatch-NEW" status="PASSED">
         <system-out><![CDATA[2023-09-09 20:55:25 - [TEST_CASE][PASSED] - Test Cases/RAD_TestCases/Negative_TestCases/JointFilerSSNnoMatch-NEW: Test Cases/RAD_TestCases/Negative_TestCases/JointFilerSSNnoMatch-NEW

2023-09-09 20:55:26 - [TEST_STEP][PASSED] - resText = "Fail": null

2023-09-09 20:55:26 - [TEST_STEP][PASSED] - resColumn = "Result": null

2023-09-09 20:55:26 - [TEST_STEP][PASSED] - datCloumn = "Date": null

2023-09-09 20:55:26 - [TEST_STEP][PASSED] - fileLoc = "KatalonData/RADTestData/JointFilerSSNnoMatch.xlsx": null

2023-09-09 20:55:26 - [TEST_STEP][PASSED] - nameSheet = "Sheet1": null

2023-09-09 20:55:26 - [TEST_STEP][PASSED] - dataFile = "RADTestData/JointFilerSSNnoMatch": null

2023-09-09 20:55:26 - [TEST_STEP][PASSED] - ExecuteTC = <not implemented yet for class: org.codehaus.groovy.ast.expr.EmptyExpression>: null

2023-09-09 20:55:26 - [TEST_STEP][PASSED] - Taxtype = <not implemented yet for class: org.codehaus.groovy.ast.expr.EmptyExpression>: null

2023-09-09 20:55:26 - [TEST_STEP][PASSED] - numOfRows = findTestData(dataFile).getRowNumbers(): null

2023-09-09 20:55:26 - [TEST_STEP][PASSED] - println("Number of Records: " + numOfRows): null

2023-09-09 20:55:26 - [TEST_STEP][PASSED] - for ([row = 1, row <= numOfRows, (row++)]): null

2023-09-09 20:55:26 - [TEST_STEP][PASSED] - ExecuteTC = findTestData(dataFile).getValue("Execute", row): null

2023-09-09 20:55:26 - [TEST_STEP][PASSED] - Taxtype = findTestData(dataFile).getValue("TaxType", row): null

2023-09-09 20:55:26 - [TEST_STEP][PASSED] - Paymenttype = findTestData(dataFile).getValue("PaymentType", row): null

2023-09-09 20:55:26 - [TEST_STEP][PASSED] - out.println("Value of Execute is : " + ExecuteTC): null

2023-09-09 20:55:26 - [TEST_STEP][PASSED] - if (ExecuteTC.equalsIgnoreCase("Y")): null

2023-09-09 20:55:26 - [TEST_STEP][PASSED] - out.println("Begin Record Number: " + row): null

2023-09-09 20:55:26 - [TEST_STEP][PASSED] - today = new java.util.Date(): null

2023-09-09 20:55:26 - [TEST_STEP][PASSED] - println(today): null

2023-09-09 20:55:26 - [TEST_STEP][PASSED] - datText = today: null

2023-09-09 20:55:26 - [TEST_STEP][PASSED] - Taxtype = findTestData(dataFile).getValue("TaxType", row): null

2023-09-09 20:55:26 - [TEST_STEP][PASSED] - out.println("Taxtype value is : " + Taxtype): null

2023-09-09 20:55:26 - [TEST_STEP][PASSED] - openBrowser(""): Browser is opened with url: ''

2023-09-09 20:55:26 - [MESSAGE][WARNING] - A browser is already opened. Closing browser and opening a new one

2023-09-09 20:55:27 - [MESSAGE][INFO] - Starting 'Chrome' driver

2023-09-09 20:55:27 - [MESSAGE][INFO] - User set preference: ['acceptInsecureCerts', 'true']

2023-09-09 20:55:27 - [MESSAGE][INFO] - Action delay is set to 0 milliseconds

2023-09-09 20:55:28 - [MESSAGE][PASSED] - Browser is opened with url: ''

2023-09-09 20:55:28 - [TEST_STEP][PASSED] - maximizeWindow(): Current window maximized

2023-09-09 20:55:28 - [MESSAGE][PASSED] - Current window maximized

2023-09-09 20:55:28 - [TEST_STEP][PASSED] - navigateToUrl(RADurl): Navigate to 'https://qa2.velocitypayment.com/client/rad/index.html' successfully

2023-09-09 20:55:30 - [MESSAGE][PASSED] - Navigate to 'https://qa2.velocitypayment.com/client/rad/index.html' successfully

2023-09-09 20:55:30 - [TEST_STEP][PASSED] - orPath_Landing = "Object Repository/RAD_Pages/Landing_Page": null

2023-09-09 20:55:30 - [TEST_STEP][PASSED] - orPath_TaxTypeFilingYear = "Object Repository/RAD_Pages/TaxTypeFilingYear_Page": null

2023-09-09 20:55:30 - [TEST_STEP][PASSED] - orPath_TaxPayer = "Object Repository/RAD_Pages/Taxpayer_Page": null

2023-09-09 20:55:30 - [TEST_STEP][PASSED] - orPath_AddressContact = "Object Repository/RAD_Pages/AddressAndContactInfo_Page": null

2023-09-09 20:55:30 - [TEST_STEP][PASSED] - orPath_FilingStatus = "Object Repository/RAD_Pages/FilingStatus_Page": null

2023-09-09 20:55:30 - [TEST_STEP][PASSED] - orPath_Amount = "Object Repository/RAD_Pages/PaymentAmount_Page": null

2023-09-09 20:55:30 - [TEST_STEP][PASSED] - orPath_TaxInfo = "Object Repository/RAD_Pages/TaxInfo_Page": null

2023-09-09 20:55:30 - [TEST_STEP][PASSED] - selectOptionByLabel(findTestObject(orPath_Landing + "/dd_TaxType"), Paymenttype, false): All options with label 'Quarterly Estimated Tax' are selected in object 'Object Repository/RAD_Pages/Landing_Page/dd_TaxType' 

2023-09-09 20:55:31 - [MESSAGE][PASSED] - All options with label 'Quarterly Estimated Tax' are selected in object 'Object Repository/RAD_Pages/Landing_Page/dd_TaxType' 

2023-09-09 20:55:31 - [TEST_STEP][PASSED] - delay(1): Delayed 1 second(s)

2023-09-09 20:55:32 - [MESSAGE][PASSED] - Delayed 1 second(s)

2023-09-09 20:55:32 - [TEST_STEP][PASSED] - switch (Paymenttype): null

2023-09-09 20:55:32 - [TEST_STEP][PASSED] - case "Quarterly Estimated Tax":: null

2023-09-09 20:55:32 - [TEST_STEP][PASSED] - selectOptionByLabel(findTestObject(orPath_TaxTypeFilingYear + "/select_PaymentType"), Taxtype, false): All options with label 'Personal Income Tax' are selected in object 'Object Repository/RAD_Pages/TaxTypeFilingYear_Page/select_PaymentType' 

2023-09-09 20:55:32 - [MESSAGE][PASSED] - All options with label 'Personal Income Tax' are selected in object 'Object Repository/RAD_Pages/TaxTypeFilingYear_Page/select_PaymentType' 

2023-09-09 20:55:32 - [TEST_STEP][PASSED] - break: null

2023-09-09 20:55:32 - [TEST_STEP][PASSED] - delay(1): Delayed 1 second(s)

2023-09-09 20:55:33 - [MESSAGE][PASSED] - Delayed 1 second(s)

2023-09-09 20:55:33 - [TEST_STEP][PASSED] - scrollToElement(findTestObject(orPath_Amount + "/input__paymentAmount"), 2, CONTINUE_ON_FAILURE): Scroll to object 'Object Repository/RAD_Pages/PaymentAmount_Page/input__paymentAmount' successfully

2023-09-09 20:55:34 - [MESSAGE][PASSED] - Scroll to object 'Object Repository/RAD_Pages/PaymentAmount_Page/input__paymentAmount' successfully

2023-09-09 20:55:34 - [TEST_STEP][PASSED] - waitForElementClickable(findTestObject(orPath_FilingStatus + "/input_userType_Joint"), 5): Object 'Object Repository/RAD_Pages/FilingStatus_Page/input_userType_Joint' is clickable

2023-09-09 20:55:34 - [MESSAGE][PASSED] - Object 'Object Repository/RAD_Pages/FilingStatus_Page/input_userType_Joint' is clickable

2023-09-09 20:55:34 - [TEST_STEP][PASSED] - click(findTestObject(orPath_FilingStatus + "/input_userType_Joint")): Object: 'Object Repository/RAD_Pages/FilingStatus_Page/input_userType_Joint' is clicked on

2023-09-09 20:55:34 - [MESSAGE][PASSED] - Object: 'Object Repository/RAD_Pages/FilingStatus_Page/input_userType_Joint' is clicked on

2023-09-09 20:55:34 - [TEST_STEP][PASSED] - setText(findTestObject("Object Repository/RAD_RecordAndPlay/input_JointFilerSSN"), "111116523"): Text '111116523' is set on object 'Object Repository/RAD_RecordAndPlay/input_JointFilerSSN'

2023-09-09 20:55:35 - [MESSAGE][PASSED] - Text '111116523' is set on object 'Object Repository/RAD_RecordAndPlay/input_JointFilerSSN'

2023-09-09 20:55:35 - [TEST_STEP][PASSED] - setText(findTestObject("Object Repository/RAD_RecordAndPlay/input_reTypeJointFilerSSN"), "222226523"): Text '222226523' is set on object 'Object Repository/RAD_RecordAndPlay/input_reTypeJointFilerSSN'

2023-09-09 20:55:36 - [MESSAGE][PASSED] - Text '222226523' is set on object 'Object Repository/RAD_RecordAndPlay/input_reTypeJointFilerSSN'

2023-09-09 20:55:36 - [TEST_STEP][PASSED] - setText(findTestObject(orPath_Amount + "/input__paymentAmount"), ""): Text '' is set on object 'Object Repository/RAD_Pages/PaymentAmount_Page/input__paymentAmount'

2023-09-09 20:55:37 - [MESSAGE][PASSED] - Text '' is set on object 'Object Repository/RAD_Pages/PaymentAmount_Page/input__paymentAmount'

2023-09-09 20:55:37 - [TEST_STEP][PASSED] - delay(2): Delayed 2 second(s)

2023-09-09 20:55:39 - [MESSAGE][PASSED] - Delayed 2 second(s)

2023-09-09 20:55:39 - [TEST_STEP][PASSED] - if (verifyTextPresent("The SSN and Re-type SSN do not match", true)): null

2023-09-09 20:55:40 - [MESSAGE][PASSED] - Text 'The SSN and Re-type SSN do not match' is present on page  using regular expression

2023-09-09 20:55:40 - [TEST_STEP][PASSED] - println("Joint Filer SSN Dont match text is present"): null

2023-09-09 20:55:40 - [TEST_STEP][PASSED] - out.println("Pass Record Number: " + row): null

2023-09-09 20:55:40 - [TEST_STEP][PASSED] - resText = "Pass": null

2023-09-09 20:55:40 - [TEST_STEP][PASSED] - pages.WriteExcel.demoKey(resText, datText, resColumn, datCloumn, fileLoc, nameSheet, row): pages.WriteExcel.demoKey is PASSED

2023-09-09 20:55:40 - [MESSAGE][PASSED] - pages.WriteExcel.demoKey is PASSED

2023-09-09 20:55:40 - [TEST_STEP][PASSED] - ExecuteTC = findTestData(dataFile).getValue("Execute", row): null

2023-09-09 20:55:40 - [TEST_STEP][PASSED] - Taxtype = findTestData(dataFile).getValue("TaxType", row): null

2023-09-09 20:55:40 - [TEST_STEP][PASSED] - Paymenttype = findTestData(dataFile).getValue("PaymentType", row): null

2023-09-09 20:55:40 - [TEST_STEP][PASSED] - out.println("Value of Execute is : " + ExecuteTC): null

2023-09-09 20:55:40 - [TEST_STEP][PASSED] - if (ExecuteTC.equalsIgnoreCase("Y")): null

2023-09-09 20:55:40 - [TEST_STEP][PASSED] - out.println("Begin Record Number: " + row): null

2023-09-09 20:55:40 - [TEST_STEP][PASSED] - today = new java.util.Date(): null

2023-09-09 20:55:40 - [TEST_STEP][PASSED] - println(today): null

2023-09-09 20:55:40 - [TEST_STEP][PASSED] - datText = today: null

2023-09-09 20:55:40 - [TEST_STEP][PASSED] - Taxtype = findTestData(dataFile).getValue("TaxType", row): null

2023-09-09 20:55:40 - [TEST_STEP][PASSED] - out.println("Taxtype value is : " + Taxtype): null

2023-09-09 20:55:40 - [TEST_STEP][PASSED] - openBrowser(""): Browser is opened with url: ''

2023-09-09 20:55:40 - [MESSAGE][WARNING] - A browser is already opened. Closing browser and opening a new one

2023-09-09 20:55:41 - [MESSAGE][INFO] - Starting 'Chrome' driver

2023-09-09 20:55:41 - [MESSAGE][INFO] - User set preference: ['acceptInsecureCerts', 'true']

2023-09-09 20:55:41 - [MESSAGE][INFO] - Action delay is set to 0 milliseconds

2023-09-09 20:55:43 - [MESSAGE][PASSED] - Browser is opened with url: ''

2023-09-09 20:55:43 - [TEST_STEP][PASSED] - maximizeWindow(): Current window maximized

2023-09-09 20:55:43 - [MESSAGE][PASSED] - Current window maximized

2023-09-09 20:55:43 - [TEST_STEP][PASSED] - navigateToUrl(RADurl): Navigate to 'https://qa2.velocitypayment.com/client/rad/index.html' successfully

2023-09-09 20:55:44 - [MESSAGE][PASSED] - Navigate to 'https://qa2.velocitypayment.com/client/rad/index.html' successfully

2023-09-09 20:55:44 - [TEST_STEP][PASSED] - orPath_Landing = "Object Repository/RAD_Pages/Landing_Page": null

2023-09-09 20:55:44 - [TEST_STEP][PASSED] - orPath_TaxTypeFilingYear = "Object Repository/RAD_Pages/TaxTypeFilingYear_Page": null

2023-09-09 20:55:44 - [TEST_STEP][PASSED] - orPath_TaxPayer = "Object Repository/RAD_Pages/Taxpayer_Page": null

2023-09-09 20:55:44 - [TEST_STEP][PASSED] - orPath_AddressContact = "Object Repository/RAD_Pages/AddressAndContactInfo_Page": null

2023-09-09 20:55:44 - [TEST_STEP][PASSED] - orPath_FilingStatus = "Object Repository/RAD_Pages/FilingStatus_Page": null

2023-09-09 20:55:44 - [TEST_STEP][PASSED] - orPath_Amount = "Object Repository/RAD_Pages/PaymentAmount_Page": null

2023-09-09 20:55:44 - [TEST_STEP][PASSED] - orPath_TaxInfo = "Object Repository/RAD_Pages/TaxInfo_Page": null

2023-09-09 20:55:44 - [TEST_STEP][PASSED] - selectOptionByLabel(findTestObject(orPath_Landing + "/dd_TaxType"), Paymenttype, false): All options with label 'Extension Payments' are selected in object 'Object Repository/RAD_Pages/Landing_Page/dd_TaxType' 

2023-09-09 20:55:45 - [MESSAGE][PASSED] - All options with label 'Extension Payments' are selected in object 'Object Repository/RAD_Pages/Landing_Page/dd_TaxType' 

2023-09-09 20:55:45 - [TEST_STEP][PASSED] - delay(1): Delayed 1 second(s)

2023-09-09 20:55:46 - [MESSAGE][PASSED] - Delayed 1 second(s)

2023-09-09 20:55:46 - [TEST_STEP][PASSED] - switch (Paymenttype): null

2023-09-09 20:55:46 - [TEST_STEP][PASSED] - case "Extension Payments":: null

2023-09-09 20:55:46 - [TEST_STEP][PASSED] - selectOptionByLabel(findTestObject(orPath_TaxTypeFilingYear + "/select_PaymentType"), Taxtype, false): All options with label 'Personal Income Tax' are selected in object 'Object Repository/RAD_Pages/TaxTypeFilingYear_Page/select_PaymentType' 

2023-09-09 20:55:47 - [MESSAGE][PASSED] - All options with label 'Personal Income Tax' are selected in object 'Object Repository/RAD_Pages/TaxTypeFilingYear_Page/select_PaymentType' 

2023-09-09 20:55:47 - [TEST_STEP][PASSED] - break: null

2023-09-09 20:55:47 - [TEST_STEP][PASSED] - delay(1): Delayed 1 second(s)

2023-09-09 20:55:48 - [MESSAGE][PASSED] - Delayed 1 second(s)

2023-09-09 20:55:48 - [TEST_STEP][PASSED] - scrollToElement(findTestObject(orPath_Amount + "/input__paymentAmount"), 2, CONTINUE_ON_FAILURE): Scroll to object 'Object Repository/RAD_Pages/PaymentAmount_Page/input__paymentAmount' successfully

2023-09-09 20:55:48 - [MESSAGE][PASSED] - Scroll to object 'Object Repository/RAD_Pages/PaymentAmount_Page/input__paymentAmount' successfully

2023-09-09 20:55:48 - [TEST_STEP][PASSED] - waitForElementClickable(findTestObject(orPath_FilingStatus + "/input_userType_Joint"), 5): Object 'Object Repository/RAD_Pages/FilingStatus_Page/input_userType_Joint' is clickable

2023-09-09 20:55:49 - [MESSAGE][PASSED] - Object 'Object Repository/RAD_Pages/FilingStatus_Page/input_userType_Joint' is clickable

2023-09-09 20:55:49 - [TEST_STEP][PASSED] - click(findTestObject(orPath_FilingStatus + "/input_userType_Joint")): Object: 'Object Repository/RAD_Pages/FilingStatus_Page/input_userType_Joint' is clicked on

2023-09-09 20:55:49 - [MESSAGE][PASSED] - Object: 'Object Repository/RAD_Pages/FilingStatus_Page/input_userType_Joint' is clicked on

2023-09-09 20:55:49 - [TEST_STEP][PASSED] - setText(findTestObject("Object Repository/RAD_RecordAndPlay/input_JointFilerSSN"), "111116523"): Text '111116523' is set on object 'Object Repository/RAD_RecordAndPlay/input_JointFilerSSN'

2023-09-09 20:55:50 - [MESSAGE][PASSED] - Text '111116523' is set on object 'Object Repository/RAD_RecordAndPlay/input_JointFilerSSN'

2023-09-09 20:55:50 - [TEST_STEP][PASSED] - setText(findTestObject("Object Repository/RAD_RecordAndPlay/input_reTypeJointFilerSSN"), "222226523"): Text '222226523' is set on object 'Object Repository/RAD_RecordAndPlay/input_reTypeJointFilerSSN'

2023-09-09 20:55:51 - [MESSAGE][PASSED] - Text '222226523' is set on object 'Object Repository/RAD_RecordAndPlay/input_reTypeJointFilerSSN'

2023-09-09 20:55:51 - [TEST_STEP][PASSED] - setText(findTestObject(orPath_Amount + "/input__paymentAmount"), ""): Text '' is set on object 'Object Repository/RAD_Pages/PaymentAmount_Page/input__paymentAmount'

2023-09-09 20:55:52 - [MESSAGE][PASSED] - Text '' is set on object 'Object Repository/RAD_Pages/PaymentAmount_Page/input__paymentAmount'

2023-09-09 20:55:52 - [TEST_STEP][PASSED] - delay(2): Delayed 2 second(s)

2023-09-09 20:55:54 - [MESSAGE][PASSED] - Delayed 2 second(s)

2023-09-09 20:55:54 - [TEST_STEP][PASSED] - if (verifyTextPresent("The SSN and Re-type SSN do not match", true)): null

2023-09-09 20:55:55 - [MESSAGE][PASSED] - Text 'The SSN and Re-type SSN do not match' is present on page  using regular expression

2023-09-09 20:55:55 - [TEST_STEP][PASSED] - println("Joint Filer SSN Dont match text is present"): null

2023-09-09 20:55:55 - [TEST_STEP][PASSED] - out.println("Pass Record Number: " + row): null

2023-09-09 20:55:55 - [TEST_STEP][PASSED] - resText = "Pass": null

2023-09-09 20:55:55 - [TEST_STEP][PASSED] - pages.WriteExcel.demoKey(resText, datText, resColumn, datCloumn, fileLoc, nameSheet, row): pages.WriteExcel.demoKey is PASSED

2023-09-09 20:55:55 - [MESSAGE][PASSED] - pages.WriteExcel.demoKey is PASSED

2023-09-09 20:55:55 - [TEST_STEP][PASSED] - ExecuteTC = findTestData(dataFile).getValue("Execute", row): null

2023-09-09 20:55:55 - [TEST_STEP][PASSED] - Taxtype = findTestData(dataFile).getValue("TaxType", row): null

2023-09-09 20:55:55 - [TEST_STEP][PASSED] - Paymenttype = findTestData(dataFile).getValue("PaymentType", row): null

2023-09-09 20:55:55 - [TEST_STEP][PASSED] - out.println("Value of Execute is : " + ExecuteTC): null

2023-09-09 20:55:55 - [TEST_STEP][PASSED] - if (ExecuteTC.equalsIgnoreCase("Y")): null

2023-09-09 20:55:55 - [TEST_STEP][PASSED] - out.println("Begin Record Number: " + row): null

2023-09-09 20:55:55 - [TEST_STEP][PASSED] - today = new java.util.Date(): null

2023-09-09 20:55:55 - [TEST_STEP][PASSED] - println(today): null

2023-09-09 20:55:55 - [TEST_STEP][PASSED] - datText = today: null

2023-09-09 20:55:55 - [TEST_STEP][PASSED] - Taxtype = findTestData(dataFile).getValue("TaxType", row): null

2023-09-09 20:55:55 - [TEST_STEP][PASSED] - out.println("Taxtype value is : " + Taxtype): null

2023-09-09 20:55:55 - [TEST_STEP][PASSED] - openBrowser(""): Browser is opened with url: ''

2023-09-09 20:55:55 - [MESSAGE][WARNING] - A browser is already opened. Closing browser and opening a new one

2023-09-09 20:55:56 - [MESSAGE][INFO] - Starting 'Chrome' driver

2023-09-09 20:55:56 - [MESSAGE][INFO] - User set preference: ['acceptInsecureCerts', 'true']

2023-09-09 20:55:56 - [MESSAGE][INFO] - Action delay is set to 0 milliseconds

2023-09-09 20:55:57 - [MESSAGE][PASSED] - Browser is opened with url: ''

2023-09-09 20:55:57 - [TEST_STEP][PASSED] - maximizeWindow(): Current window maximized

2023-09-09 20:55:57 - [MESSAGE][PASSED] - Current window maximized

2023-09-09 20:55:57 - [TEST_STEP][PASSED] - navigateToUrl(RADurl): Navigate to 'https://qa2.velocitypayment.com/client/rad/index.html' successfully

2023-09-09 20:55:59 - [MESSAGE][PASSED] - Navigate to 'https://qa2.velocitypayment.com/client/rad/index.html' successfully

2023-09-09 20:55:59 - [TEST_STEP][PASSED] - orPath_Landing = "Object Repository/RAD_Pages/Landing_Page": null

2023-09-09 20:55:59 - [TEST_STEP][PASSED] - orPath_TaxTypeFilingYear = "Object Repository/RAD_Pages/TaxTypeFilingYear_Page": null

2023-09-09 20:55:59 - [TEST_STEP][PASSED] - orPath_TaxPayer = "Object Repository/RAD_Pages/Taxpayer_Page": null

2023-09-09 20:55:59 - [TEST_STEP][PASSED] - orPath_AddressContact = "Object Repository/RAD_Pages/AddressAndContactInfo_Page": null

2023-09-09 20:55:59 - [TEST_STEP][PASSED] - orPath_FilingStatus = "Object Repository/RAD_Pages/FilingStatus_Page": null

2023-09-09 20:55:59 - [TEST_STEP][PASSED] - orPath_Amount = "Object Repository/RAD_Pages/PaymentAmount_Page": null

2023-09-09 20:55:59 - [TEST_STEP][PASSED] - orPath_TaxInfo = "Object Repository/RAD_Pages/TaxInfo_Page": null

2023-09-09 20:55:59 - [TEST_STEP][PASSED] - selectOptionByLabel(findTestObject(orPath_Landing + "/dd_TaxType"), Paymenttype, false): All options with label 'New Tax Return Amount Due' are selected in object 'Object Repository/RAD_Pages/Landing_Page/dd_TaxType' 

2023-09-09 20:56:00 - [MESSAGE][PASSED] - All options with label 'New Tax Return Amount Due' are selected in object 'Object Repository/RAD_Pages/Landing_Page/dd_TaxType' 

2023-09-09 20:56:00 - [TEST_STEP][PASSED] - delay(1): Delayed 1 second(s)

2023-09-09 20:56:01 - [MESSAGE][PASSED] - Delayed 1 second(s)

2023-09-09 20:56:01 - [TEST_STEP][PASSED] - switch (Paymenttype): null

2023-09-09 20:56:01 - [TEST_STEP][PASSED] - case "New Tax Return Amount Due":: null

2023-09-09 20:56:01 - [TEST_STEP][PASSED] - selectOptionByLabel(findTestObject("Object Repository/RAD_Pages/Landing_Page/select_NewTaxReturnAmountDue_TaxType"), Taxtype, false): All options with label 'Personal Income Tax' are selected in object 'Object Repository/RAD_Pages/Landing_Page/select_NewTaxReturnAmountDue_TaxType' 

2023-09-09 20:56:01 - [MESSAGE][PASSED] - All options with label 'Personal Income Tax' are selected in object 'Object Repository/RAD_Pages/Landing_Page/select_NewTaxReturnAmountDue_TaxType' 

2023-09-09 20:56:01 - [TEST_STEP][PASSED] - break: null

2023-09-09 20:56:01 - [TEST_STEP][PASSED] - delay(1): Delayed 1 second(s)

2023-09-09 20:56:02 - [MESSAGE][PASSED] - Delayed 1 second(s)

2023-09-09 20:56:02 - [TEST_STEP][PASSED] - scrollToElement(findTestObject(orPath_Amount + "/input__paymentAmount"), 2, CONTINUE_ON_FAILURE): Scroll to object 'Object Repository/RAD_Pages/PaymentAmount_Page/input__paymentAmount' successfully

2023-09-09 20:56:03 - [MESSAGE][PASSED] - Scroll to object 'Object Repository/RAD_Pages/PaymentAmount_Page/input__paymentAmount' successfully

2023-09-09 20:56:03 - [TEST_STEP][PASSED] - waitForElementClickable(findTestObject(orPath_FilingStatus + "/input_userType_Joint"), 5): Object 'Object Repository/RAD_Pages/FilingStatus_Page/input_userType_Joint' is clickable

2023-09-09 20:56:03 - [MESSAGE][PASSED] - Object 'Object Repository/RAD_Pages/FilingStatus_Page/input_userType_Joint' is clickable

2023-09-09 20:56:03 - [TEST_STEP][PASSED] - click(findTestObject(orPath_FilingStatus + "/input_userType_Joint")): Object: 'Object Repository/RAD_Pages/FilingStatus_Page/input_userType_Joint' is clicked on

2023-09-09 20:56:03 - [MESSAGE][PASSED] - Object: 'Object Repository/RAD_Pages/FilingStatus_Page/input_userType_Joint' is clicked on

2023-09-09 20:56:03 - [TEST_STEP][PASSED] - setText(findTestObject("Object Repository/RAD_RecordAndPlay/input_JointFilerSSN"), "111116523"): Text '111116523' is set on object 'Object Repository/RAD_RecordAndPlay/input_JointFilerSSN'

2023-09-09 20:56:04 - [MESSAGE][PASSED] - Text '111116523' is set on object 'Object Repository/RAD_RecordAndPlay/input_JointFilerSSN'

2023-09-09 20:56:04 - [TEST_STEP][PASSED] - setText(findTestObject("Object Repository/RAD_RecordAndPlay/input_reTypeJointFilerSSN"), "222226523"): Text '222226523' is set on object 'Object Repository/RAD_RecordAndPlay/input_reTypeJointFilerSSN'

2023-09-09 20:56:06 - [MESSAGE][PASSED] - Text '222226523' is set on object 'Object Repository/RAD_RecordAndPlay/input_reTypeJointFilerSSN'

2023-09-09 20:56:06 - [TEST_STEP][PASSED] - setText(findTestObject(orPath_Amount + "/input__paymentAmount"), ""): Text '' is set on object 'Object Repository/RAD_Pages/PaymentAmount_Page/input__paymentAmount'

2023-09-09 20:56:07 - [MESSAGE][PASSED] - Text '' is set on object 'Object Repository/RAD_Pages/PaymentAmount_Page/input__paymentAmount'

2023-09-09 20:56:07 - [TEST_STEP][PASSED] - delay(2): Delayed 2 second(s)

2023-09-09 20:56:09 - [MESSAGE][PASSED] - Delayed 2 second(s)

2023-09-09 20:56:09 - [TEST_STEP][PASSED] - if (verifyTextPresent("The SSN and Re-type SSN do not match", true)): null

2023-09-09 20:56:09 - [MESSAGE][PASSED] - Text 'The SSN and Re-type SSN do not match' is present on page  using regular expression

2023-09-09 20:56:09 - [TEST_STEP][PASSED] - println("Joint Filer SSN Dont match text is present"): null

2023-09-09 20:56:09 - [TEST_STEP][PASSED] - out.println("Pass Record Number: " + row): null

2023-09-09 20:56:09 - [TEST_STEP][PASSED] - resText = "Pass": null

2023-09-09 20:56:09 - [TEST_STEP][PASSED] - pages.WriteExcel.demoKey(resText, datText, resColumn, datCloumn, fileLoc, nameSheet, row): pages.WriteExcel.demoKey is PASSED

2023-09-09 20:56:09 - [MESSAGE][PASSED] - pages.WriteExcel.demoKey is PASSED]]></system-out>
         <system-err><![CDATA[]]></system-err>
      </testcase>
      <testcase name="Test Cases/RAD_TestCases/Negative_TestCases/JointFilerSSNmoreThan9Error" time="41.005" classname="Test Cases/RAD_TestCases/Negative_TestCases/JointFilerSSNmoreThan9Error" status="PASSED">
         <system-out><![CDATA[2023-09-09 20:56:09 - [TEST_CASE][PASSED] - Test Cases/RAD_TestCases/Negative_TestCases/JointFilerSSNmoreThan9Error: Test Cases/RAD_TestCases/Negative_TestCases/JointFilerSSNmoreThan9Error

2023-09-09 20:56:10 - [TEST_STEP][PASSED] - resText = "Fail": null

2023-09-09 20:56:10 - [TEST_STEP][PASSED] - resColumn = "Result": null

2023-09-09 20:56:10 - [TEST_STEP][PASSED] - datCloumn = "Date": null

2023-09-09 20:56:10 - [TEST_STEP][PASSED] - fileLoc = "KatalonData/RADTestData/JointFilerSSNmoreThan9Error.xlsx": null

2023-09-09 20:56:10 - [TEST_STEP][PASSED] - nameSheet = "Sheet1": null

2023-09-09 20:56:10 - [TEST_STEP][PASSED] - dataFile = "RADTestData/JointFilerSSNmoreThan9Error": null

2023-09-09 20:56:10 - [TEST_STEP][PASSED] - ExecuteTC = <not implemented yet for class: org.codehaus.groovy.ast.expr.EmptyExpression>: null

2023-09-09 20:56:10 - [TEST_STEP][PASSED] - Taxtype = <not implemented yet for class: org.codehaus.groovy.ast.expr.EmptyExpression>: null

2023-09-09 20:56:10 - [TEST_STEP][PASSED] - numOfRows = findTestData(dataFile).getRowNumbers(): null

2023-09-09 20:56:10 - [TEST_STEP][PASSED] - println("Number of Records: " + numOfRows): null

2023-09-09 20:56:10 - [TEST_STEP][PASSED] - for ([row = 1, row <= numOfRows, (row++)]): null

2023-09-09 20:56:10 - [TEST_STEP][PASSED] - ExecuteTC = findTestData(dataFile).getValue("Execute", row): null

2023-09-09 20:56:10 - [TEST_STEP][PASSED] - Taxtype = findTestData(dataFile).getValue("TaxType", row): null

2023-09-09 20:56:10 - [TEST_STEP][PASSED] - Paymenttype = findTestData(dataFile).getValue("PaymentType", row): null

2023-09-09 20:56:10 - [TEST_STEP][PASSED] - out.println("Value of Execute is : " + ExecuteTC): null

2023-09-09 20:56:10 - [TEST_STEP][PASSED] - if (ExecuteTC.equalsIgnoreCase("Y")): null

2023-09-09 20:56:10 - [TEST_STEP][PASSED] - out.println("Begin Record Number: " + row): null

2023-09-09 20:56:10 - [TEST_STEP][PASSED] - today = new java.util.Date(): null

2023-09-09 20:56:10 - [TEST_STEP][PASSED] - println(today): null

2023-09-09 20:56:10 - [TEST_STEP][PASSED] - datText = today: null

2023-09-09 20:56:10 - [TEST_STEP][PASSED] - Taxtype = findTestData(dataFile).getValue("TaxType", row): null

2023-09-09 20:56:10 - [TEST_STEP][PASSED] - out.println("Taxtype value is : " + Taxtype): null

2023-09-09 20:56:10 - [TEST_STEP][PASSED] - openBrowser(""): Browser is opened with url: ''

2023-09-09 20:56:10 - [MESSAGE][WARNING] - A browser is already opened. Closing browser and opening a new one

2023-09-09 20:56:11 - [MESSAGE][INFO] - Starting 'Chrome' driver

2023-09-09 20:56:11 - [MESSAGE][INFO] - User set preference: ['acceptInsecureCerts', 'true']

2023-09-09 20:56:11 - [MESSAGE][INFO] - Action delay is set to 0 milliseconds

2023-09-09 20:56:12 - [MESSAGE][PASSED] - Browser is opened with url: ''

2023-09-09 20:56:12 - [TEST_STEP][PASSED] - maximizeWindow(): Current window maximized

2023-09-09 20:56:12 - [MESSAGE][PASSED] - Current window maximized

2023-09-09 20:56:12 - [TEST_STEP][PASSED] - navigateToUrl(RADurl): Navigate to 'https://qa2.velocitypayment.com/client/rad/index.html' successfully

2023-09-09 20:56:14 - [MESSAGE][PASSED] - Navigate to 'https://qa2.velocitypayment.com/client/rad/index.html' successfully

2023-09-09 20:56:14 - [TEST_STEP][PASSED] - orPath_Landing = "Object Repository/RAD_Pages/Landing_Page": null

2023-09-09 20:56:14 - [TEST_STEP][PASSED] - orPath_TaxTypeFilingYear = "Object Repository/RAD_Pages/TaxTypeFilingYear_Page": null

2023-09-09 20:56:14 - [TEST_STEP][PASSED] - orPath_TaxPayer = "Object Repository/RAD_Pages/Taxpayer_Page": null

2023-09-09 20:56:14 - [TEST_STEP][PASSED] - orPath_AddressContact = "Object Repository/RAD_Pages/AddressAndContactInfo_Page": null

2023-09-09 20:56:14 - [TEST_STEP][PASSED] - orPath_FilingStatus = "Object Repository/RAD_Pages/FilingStatus_Page": null

2023-09-09 20:56:14 - [TEST_STEP][PASSED] - orPath_Amount = "Object Repository/RAD_Pages/PaymentAmount_Page": null

2023-09-09 20:56:14 - [TEST_STEP][PASSED] - orPath_TaxInfo = "Object Repository/RAD_Pages/TaxInfo_Page": null

2023-09-09 20:56:14 - [TEST_STEP][PASSED] - selectOptionByLabel(findTestObject(orPath_Landing + "/dd_TaxType"), Paymenttype, false): All options with label 'Quarterly Estimated Tax' are selected in object 'Object Repository/RAD_Pages/Landing_Page/dd_TaxType' 

2023-09-09 20:56:14 - [MESSAGE][PASSED] - All options with label 'Quarterly Estimated Tax' are selected in object 'Object Repository/RAD_Pages/Landing_Page/dd_TaxType' 

2023-09-09 20:56:14 - [TEST_STEP][PASSED] - delay(1): Delayed 1 second(s)

2023-09-09 20:56:15 - [MESSAGE][PASSED] - Delayed 1 second(s)

2023-09-09 20:56:15 - [TEST_STEP][PASSED] - switch (Paymenttype): null

2023-09-09 20:56:15 - [TEST_STEP][PASSED] - case "Quarterly Estimated Tax":: null

2023-09-09 20:56:15 - [TEST_STEP][PASSED] - selectOptionByLabel(findTestObject(orPath_TaxTypeFilingYear + "/select_PaymentType"), Taxtype, false): All options with label 'Personal Income Tax' are selected in object 'Object Repository/RAD_Pages/TaxTypeFilingYear_Page/select_PaymentType' 

2023-09-09 20:56:16 - [MESSAGE][PASSED] - All options with label 'Personal Income Tax' are selected in object 'Object Repository/RAD_Pages/TaxTypeFilingYear_Page/select_PaymentType' 

2023-09-09 20:56:16 - [TEST_STEP][PASSED] - break: null

2023-09-09 20:56:16 - [TEST_STEP][PASSED] - delay(1): Delayed 1 second(s)

2023-09-09 20:56:17 - [MESSAGE][PASSED] - Delayed 1 second(s)

2023-09-09 20:56:17 - [TEST_STEP][PASSED] - scrollToElement(findTestObject(orPath_Amount + "/input__paymentAmount"), 2, CONTINUE_ON_FAILURE): Scroll to object 'Object Repository/RAD_Pages/PaymentAmount_Page/input__paymentAmount' successfully

2023-09-09 20:56:17 - [MESSAGE][PASSED] - Scroll to object 'Object Repository/RAD_Pages/PaymentAmount_Page/input__paymentAmount' successfully

2023-09-09 20:56:17 - [TEST_STEP][PASSED] - waitForElementClickable(findTestObject(orPath_FilingStatus + "/input_userType_Joint"), 5): Object 'Object Repository/RAD_Pages/FilingStatus_Page/input_userType_Joint' is clickable

2023-09-09 20:56:18 - [MESSAGE][PASSED] - Object 'Object Repository/RAD_Pages/FilingStatus_Page/input_userType_Joint' is clickable

2023-09-09 20:56:18 - [TEST_STEP][PASSED] - click(findTestObject(orPath_FilingStatus + "/input_userType_Joint")): Object: 'Object Repository/RAD_Pages/FilingStatus_Page/input_userType_Joint' is clicked on

2023-09-09 20:56:18 - [MESSAGE][PASSED] - Object: 'Object Repository/RAD_Pages/FilingStatus_Page/input_userType_Joint' is clicked on

2023-09-09 20:56:18 - [TEST_STEP][PASSED] - setText(findTestObject("Object Repository/RAD_RecordAndPlay/input_JointFilerSSN"), "1111165230"): Text '1111165230' is set on object 'Object Repository/RAD_RecordAndPlay/input_JointFilerSSN'

2023-09-09 20:56:19 - [MESSAGE][PASSED] - Text '1111165230' is set on object 'Object Repository/RAD_RecordAndPlay/input_JointFilerSSN'

2023-09-09 20:56:19 - [TEST_STEP][PASSED] - setText(findTestObject(orPath_Amount + "/input__paymentAmount"), ""): Text '' is set on object 'Object Repository/RAD_Pages/PaymentAmount_Page/input__paymentAmount'

2023-09-09 20:56:21 - [MESSAGE][PASSED] - Text '' is set on object 'Object Repository/RAD_Pages/PaymentAmount_Page/input__paymentAmount'

2023-09-09 20:56:21 - [TEST_STEP][PASSED] - delay(2): Delayed 2 second(s)

2023-09-09 20:56:23 - [MESSAGE][PASSED] - Delayed 2 second(s)

2023-09-09 20:56:23 - [TEST_STEP][PASSED] - if (verifyTextPresent("Please enter a valid SSN with 9 digits", true)): null

2023-09-09 20:56:23 - [MESSAGE][PASSED] - Text 'Please enter a valid SSN with 9 digits' is present on page  using regular expression

2023-09-09 20:56:23 - [TEST_STEP][PASSED] - println("Please enter a valid SSN with 9 digits"): null

2023-09-09 20:56:23 - [TEST_STEP][PASSED] - out.println("Pass Record Number: " + row): null

2023-09-09 20:56:23 - [TEST_STEP][PASSED] - resText = "Pass": null

2023-09-09 20:56:23 - [TEST_STEP][PASSED] - pages.WriteExcel.demoKey(resText, datText, resColumn, datCloumn, fileLoc, nameSheet, row): pages.WriteExcel.demoKey is PASSED

2023-09-09 20:56:23 - [MESSAGE][PASSED] - pages.WriteExcel.demoKey is PASSED

2023-09-09 20:56:23 - [TEST_STEP][PASSED] - ExecuteTC = findTestData(dataFile).getValue("Execute", row): null

2023-09-09 20:56:23 - [TEST_STEP][PASSED] - Taxtype = findTestData(dataFile).getValue("TaxType", row): null

2023-09-09 20:56:23 - [TEST_STEP][PASSED] - Paymenttype = findTestData(dataFile).getValue("PaymentType", row): null

2023-09-09 20:56:23 - [TEST_STEP][PASSED] - out.println("Value of Execute is : " + ExecuteTC): null

2023-09-09 20:56:23 - [TEST_STEP][PASSED] - if (ExecuteTC.equalsIgnoreCase("Y")): null

2023-09-09 20:56:23 - [TEST_STEP][PASSED] - out.println("Begin Record Number: " + row): null

2023-09-09 20:56:23 - [TEST_STEP][PASSED] - today = new java.util.Date(): null

2023-09-09 20:56:23 - [TEST_STEP][PASSED] - println(today): null

2023-09-09 20:56:23 - [TEST_STEP][PASSED] - datText = today: null

2023-09-09 20:56:23 - [TEST_STEP][PASSED] - Taxtype = findTestData(dataFile).getValue("TaxType", row): null

2023-09-09 20:56:23 - [TEST_STEP][PASSED] - out.println("Taxtype value is : " + Taxtype): null

2023-09-09 20:56:23 - [TEST_STEP][PASSED] - openBrowser(""): Browser is opened with url: ''

2023-09-09 20:56:23 - [MESSAGE][WARNING] - A browser is already opened. Closing browser and opening a new one

2023-09-09 20:56:24 - [MESSAGE][INFO] - Starting 'Chrome' driver

2023-09-09 20:56:24 - [MESSAGE][INFO] - User set preference: ['acceptInsecureCerts', 'true']

2023-09-09 20:56:24 - [MESSAGE][INFO] - Action delay is set to 0 milliseconds

2023-09-09 20:56:25 - [MESSAGE][PASSED] - Browser is opened with url: ''

2023-09-09 20:56:25 - [TEST_STEP][PASSED] - maximizeWindow(): Current window maximized

2023-09-09 20:56:26 - [MESSAGE][PASSED] - Current window maximized

2023-09-09 20:56:26 - [TEST_STEP][PASSED] - navigateToUrl(RADurl): Navigate to 'https://qa2.velocitypayment.com/client/rad/index.html' successfully

2023-09-09 20:56:27 - [MESSAGE][PASSED] - Navigate to 'https://qa2.velocitypayment.com/client/rad/index.html' successfully

2023-09-09 20:56:27 - [TEST_STEP][PASSED] - orPath_Landing = "Object Repository/RAD_Pages/Landing_Page": null

2023-09-09 20:56:27 - [TEST_STEP][PASSED] - orPath_TaxTypeFilingYear = "Object Repository/RAD_Pages/TaxTypeFilingYear_Page": null

2023-09-09 20:56:27 - [TEST_STEP][PASSED] - orPath_TaxPayer = "Object Repository/RAD_Pages/Taxpayer_Page": null

2023-09-09 20:56:27 - [TEST_STEP][PASSED] - orPath_AddressContact = "Object Repository/RAD_Pages/AddressAndContactInfo_Page": null

2023-09-09 20:56:27 - [TEST_STEP][PASSED] - orPath_FilingStatus = "Object Repository/RAD_Pages/FilingStatus_Page": null

2023-09-09 20:56:27 - [TEST_STEP][PASSED] - orPath_Amount = "Object Repository/RAD_Pages/PaymentAmount_Page": null

2023-09-09 20:56:27 - [TEST_STEP][PASSED] - orPath_TaxInfo = "Object Repository/RAD_Pages/TaxInfo_Page": null

2023-09-09 20:56:27 - [TEST_STEP][PASSED] - selectOptionByLabel(findTestObject(orPath_Landing + "/dd_TaxType"), Paymenttype, false): All options with label 'Extension Payments' are selected in object 'Object Repository/RAD_Pages/Landing_Page/dd_TaxType' 

2023-09-09 20:56:28 - [MESSAGE][PASSED] - All options with label 'Extension Payments' are selected in object 'Object Repository/RAD_Pages/Landing_Page/dd_TaxType' 

2023-09-09 20:56:28 - [TEST_STEP][PASSED] - delay(1): Delayed 1 second(s)

2023-09-09 20:56:29 - [MESSAGE][PASSED] - Delayed 1 second(s)

2023-09-09 20:56:29 - [TEST_STEP][PASSED] - switch (Paymenttype): null

2023-09-09 20:56:29 - [TEST_STEP][PASSED] - case "Extension Payments":: null

2023-09-09 20:56:29 - [TEST_STEP][PASSED] - selectOptionByLabel(findTestObject(orPath_TaxTypeFilingYear + "/select_PaymentType"), Taxtype, false): All options with label 'Personal Income Tax' are selected in object 'Object Repository/RAD_Pages/TaxTypeFilingYear_Page/select_PaymentType' 

2023-09-09 20:56:30 - [MESSAGE][PASSED] - All options with label 'Personal Income Tax' are selected in object 'Object Repository/RAD_Pages/TaxTypeFilingYear_Page/select_PaymentType' 

2023-09-09 20:56:30 - [TEST_STEP][PASSED] - break: null

2023-09-09 20:56:30 - [TEST_STEP][PASSED] - delay(1): Delayed 1 second(s)

2023-09-09 20:56:31 - [MESSAGE][PASSED] - Delayed 1 second(s)

2023-09-09 20:56:31 - [TEST_STEP][PASSED] - scrollToElement(findTestObject(orPath_Amount + "/input__paymentAmount"), 2, CONTINUE_ON_FAILURE): Scroll to object 'Object Repository/RAD_Pages/PaymentAmount_Page/input__paymentAmount' successfully

2023-09-09 20:56:31 - [MESSAGE][PASSED] - Scroll to object 'Object Repository/RAD_Pages/PaymentAmount_Page/input__paymentAmount' successfully

2023-09-09 20:56:31 - [TEST_STEP][PASSED] - waitForElementClickable(findTestObject(orPath_FilingStatus + "/input_userType_Joint"), 5): Object 'Object Repository/RAD_Pages/FilingStatus_Page/input_userType_Joint' is clickable

2023-09-09 20:56:31 - [MESSAGE][PASSED] - Object 'Object Repository/RAD_Pages/FilingStatus_Page/input_userType_Joint' is clickable

2023-09-09 20:56:31 - [TEST_STEP][PASSED] - click(findTestObject(orPath_FilingStatus + "/input_userType_Joint")): Object: 'Object Repository/RAD_Pages/FilingStatus_Page/input_userType_Joint' is clicked on

2023-09-09 20:56:32 - [MESSAGE][PASSED] - Object: 'Object Repository/RAD_Pages/FilingStatus_Page/input_userType_Joint' is clicked on

2023-09-09 20:56:32 - [TEST_STEP][PASSED] - setText(findTestObject("Object Repository/RAD_RecordAndPlay/input_JointFilerSSN"), "1111165230"): Text '1111165230' is set on object 'Object Repository/RAD_RecordAndPlay/input_JointFilerSSN'

2023-09-09 20:56:32 - [MESSAGE][PASSED] - Text '1111165230' is set on object 'Object Repository/RAD_RecordAndPlay/input_JointFilerSSN'

2023-09-09 20:56:33 - [TEST_STEP][PASSED] - setText(findTestObject(orPath_Amount + "/input__paymentAmount"), ""): Text '' is set on object 'Object Repository/RAD_Pages/PaymentAmount_Page/input__paymentAmount'

2023-09-09 20:56:34 - [MESSAGE][PASSED] - Text '' is set on object 'Object Repository/RAD_Pages/PaymentAmount_Page/input__paymentAmount'

2023-09-09 20:56:34 - [TEST_STEP][PASSED] - delay(2): Delayed 2 second(s)

2023-09-09 20:56:36 - [MESSAGE][PASSED] - Delayed 2 second(s)

2023-09-09 20:56:36 - [TEST_STEP][PASSED] - if (verifyTextPresent("Please enter a valid SSN with 9 digits", true)): null

2023-09-09 20:56:36 - [MESSAGE][PASSED] - Text 'Please enter a valid SSN with 9 digits' is present on page  using regular expression

2023-09-09 20:56:36 - [TEST_STEP][PASSED] - println("Please enter a valid SSN with 9 digits"): null

2023-09-09 20:56:36 - [TEST_STEP][PASSED] - out.println("Pass Record Number: " + row): null

2023-09-09 20:56:36 - [TEST_STEP][PASSED] - resText = "Pass": null

2023-09-09 20:56:36 - [TEST_STEP][PASSED] - pages.WriteExcel.demoKey(resText, datText, resColumn, datCloumn, fileLoc, nameSheet, row): pages.WriteExcel.demoKey is PASSED

2023-09-09 20:56:37 - [MESSAGE][PASSED] - pages.WriteExcel.demoKey is PASSED

2023-09-09 20:56:37 - [TEST_STEP][PASSED] - ExecuteTC = findTestData(dataFile).getValue("Execute", row): null

2023-09-09 20:56:37 - [TEST_STEP][PASSED] - Taxtype = findTestData(dataFile).getValue("TaxType", row): null

2023-09-09 20:56:37 - [TEST_STEP][PASSED] - Paymenttype = findTestData(dataFile).getValue("PaymentType", row): null

2023-09-09 20:56:37 - [TEST_STEP][PASSED] - out.println("Value of Execute is : " + ExecuteTC): null

2023-09-09 20:56:37 - [TEST_STEP][PASSED] - if (ExecuteTC.equalsIgnoreCase("Y")): null

2023-09-09 20:56:37 - [TEST_STEP][PASSED] - out.println("Begin Record Number: " + row): null

2023-09-09 20:56:37 - [TEST_STEP][PASSED] - today = new java.util.Date(): null

2023-09-09 20:56:37 - [TEST_STEP][PASSED] - println(today): null

2023-09-09 20:56:37 - [TEST_STEP][PASSED] - datText = today: null

2023-09-09 20:56:37 - [TEST_STEP][PASSED] - Taxtype = findTestData(dataFile).getValue("TaxType", row): null

2023-09-09 20:56:37 - [TEST_STEP][PASSED] - out.println("Taxtype value is : " + Taxtype): null

2023-09-09 20:56:37 - [TEST_STEP][PASSED] - openBrowser(""): Browser is opened with url: ''

2023-09-09 20:56:37 - [MESSAGE][WARNING] - A browser is already opened. Closing browser and opening a new one

2023-09-09 20:56:38 - [MESSAGE][INFO] - Starting 'Chrome' driver

2023-09-09 20:56:38 - [MESSAGE][INFO] - User set preference: ['acceptInsecureCerts', 'true']

2023-09-09 20:56:38 - [MESSAGE][INFO] - Action delay is set to 0 milliseconds

2023-09-09 20:56:39 - [MESSAGE][PASSED] - Browser is opened with url: ''

2023-09-09 20:56:39 - [TEST_STEP][PASSED] - maximizeWindow(): Current window maximized

2023-09-09 20:56:39 - [MESSAGE][PASSED] - Current window maximized

2023-09-09 20:56:39 - [TEST_STEP][PASSED] - navigateToUrl(RADurl): Navigate to 'https://qa2.velocitypayment.com/client/rad/index.html' successfully

2023-09-09 20:56:41 - [MESSAGE][PASSED] - Navigate to 'https://qa2.velocitypayment.com/client/rad/index.html' successfully

2023-09-09 20:56:41 - [TEST_STEP][PASSED] - orPath_Landing = "Object Repository/RAD_Pages/Landing_Page": null

2023-09-09 20:56:41 - [TEST_STEP][PASSED] - orPath_TaxTypeFilingYear = "Object Repository/RAD_Pages/TaxTypeFilingYear_Page": null

2023-09-09 20:56:41 - [TEST_STEP][PASSED] - orPath_TaxPayer = "Object Repository/RAD_Pages/Taxpayer_Page": null

2023-09-09 20:56:41 - [TEST_STEP][PASSED] - orPath_AddressContact = "Object Repository/RAD_Pages/AddressAndContactInfo_Page": null

2023-09-09 20:56:41 - [TEST_STEP][PASSED] - orPath_FilingStatus = "Object Repository/RAD_Pages/FilingStatus_Page": null

2023-09-09 20:56:41 - [TEST_STEP][PASSED] - orPath_Amount = "Object Repository/RAD_Pages/PaymentAmount_Page": null

2023-09-09 20:56:41 - [TEST_STEP][PASSED] - orPath_TaxInfo = "Object Repository/RAD_Pages/TaxInfo_Page": null

2023-09-09 20:56:41 - [TEST_STEP][PASSED] - selectOptionByLabel(findTestObject(orPath_Landing + "/dd_TaxType"), Paymenttype, false): All options with label 'New Tax Return Amount Due' are selected in object 'Object Repository/RAD_Pages/Landing_Page/dd_TaxType' 

2023-09-09 20:56:41 - [MESSAGE][PASSED] - All options with label 'New Tax Return Amount Due' are selected in object 'Object Repository/RAD_Pages/Landing_Page/dd_TaxType' 

2023-09-09 20:56:41 - [TEST_STEP][PASSED] - delay(1): Delayed 1 second(s)

2023-09-09 20:56:42 - [MESSAGE][PASSED] - Delayed 1 second(s)

2023-09-09 20:56:42 - [TEST_STEP][PASSED] - switch (Paymenttype): null

2023-09-09 20:56:42 - [TEST_STEP][PASSED] - case "New Tax Return Amount Due":: null

2023-09-09 20:56:42 - [TEST_STEP][PASSED] - selectOptionByLabel(findTestObject("Object Repository/RAD_Pages/Landing_Page/select_NewTaxReturnAmountDue_TaxType"), Taxtype, false): All options with label 'Personal Income Tax' are selected in object 'Object Repository/RAD_Pages/Landing_Page/select_NewTaxReturnAmountDue_TaxType' 

2023-09-09 20:56:43 - [MESSAGE][PASSED] - All options with label 'Personal Income Tax' are selected in object 'Object Repository/RAD_Pages/Landing_Page/select_NewTaxReturnAmountDue_TaxType' 

2023-09-09 20:56:43 - [TEST_STEP][PASSED] - break: null

2023-09-09 20:56:43 - [TEST_STEP][PASSED] - delay(1): Delayed 1 second(s)

2023-09-09 20:56:44 - [MESSAGE][PASSED] - Delayed 1 second(s)

2023-09-09 20:56:44 - [TEST_STEP][PASSED] - scrollToElement(findTestObject(orPath_Amount + "/input__paymentAmount"), 2, CONTINUE_ON_FAILURE): Scroll to object 'Object Repository/RAD_Pages/PaymentAmount_Page/input__paymentAmount' successfully

2023-09-09 20:56:44 - [MESSAGE][PASSED] - Scroll to object 'Object Repository/RAD_Pages/PaymentAmount_Page/input__paymentAmount' successfully

2023-09-09 20:56:44 - [TEST_STEP][PASSED] - waitForElementClickable(findTestObject(orPath_FilingStatus + "/input_userType_Joint"), 5): Object 'Object Repository/RAD_Pages/FilingStatus_Page/input_userType_Joint' is clickable

2023-09-09 20:56:45 - [MESSAGE][PASSED] - Object 'Object Repository/RAD_Pages/FilingStatus_Page/input_userType_Joint' is clickable

2023-09-09 20:56:45 - [TEST_STEP][PASSED] - click(findTestObject(orPath_FilingStatus + "/input_userType_Joint")): Object: 'Object Repository/RAD_Pages/FilingStatus_Page/input_userType_Joint' is clicked on

2023-09-09 20:56:45 - [MESSAGE][PASSED] - Object: 'Object Repository/RAD_Pages/FilingStatus_Page/input_userType_Joint' is clicked on

2023-09-09 20:56:45 - [TEST_STEP][PASSED] - setText(findTestObject("Object Repository/RAD_RecordAndPlay/input_JointFilerSSN"), "1111165230"): Text '1111165230' is set on object 'Object Repository/RAD_RecordAndPlay/input_JointFilerSSN'

2023-09-09 20:56:46 - [MESSAGE][PASSED] - Text '1111165230' is set on object 'Object Repository/RAD_RecordAndPlay/input_JointFilerSSN'

2023-09-09 20:56:46 - [TEST_STEP][PASSED] - setText(findTestObject(orPath_Amount + "/input__paymentAmount"), ""): Text '' is set on object 'Object Repository/RAD_Pages/PaymentAmount_Page/input__paymentAmount'

2023-09-09 20:56:48 - [MESSAGE][PASSED] - Text '' is set on object 'Object Repository/RAD_Pages/PaymentAmount_Page/input__paymentAmount'

2023-09-09 20:56:48 - [TEST_STEP][PASSED] - delay(2): Delayed 2 second(s)

2023-09-09 20:56:50 - [MESSAGE][PASSED] - Delayed 2 second(s)

2023-09-09 20:56:50 - [TEST_STEP][PASSED] - if (verifyTextPresent("Please enter a valid SSN with 9 digits", true)): null

2023-09-09 20:56:50 - [MESSAGE][PASSED] - Text 'Please enter a valid SSN with 9 digits' is present on page  using regular expression

2023-09-09 20:56:50 - [TEST_STEP][PASSED] - println("Please enter a valid SSN with 9 digits"): null

2023-09-09 20:56:50 - [TEST_STEP][PASSED] - out.println("Pass Record Number: " + row): null

2023-09-09 20:56:50 - [TEST_STEP][PASSED] - resText = "Pass": null

2023-09-09 20:56:50 - [TEST_STEP][PASSED] - pages.WriteExcel.demoKey(resText, datText, resColumn, datCloumn, fileLoc, nameSheet, row): pages.WriteExcel.demoKey is PASSED

2023-09-09 20:56:50 - [MESSAGE][PASSED] - pages.WriteExcel.demoKey is PASSED]]></system-out>
         <system-err><![CDATA[]]></system-err>
      </testcase>
      <system-out><![CDATA[2023-09-09 20:18:22 - [TEST_SUITE][FAILED] - RAD_UI_TestSuite: Test Cases/RAD_TestCases/UI_TestCases/New Liability/NewLiability_PersonalIncomeTax_UI_TC FAILED.
Reason:
com.kms.katalon.core.exception.StepFailedException: Text 'Tax Information' is not present on page  using regular expression (Root cause: com.kms.katalon.core.exception.StepFailedException: Text 'Tax Information' is not present on page  using regular expression
	at com.kms.katalon.core.webui.keyword.internal.WebUIKeywordMain.stepFailed(WebUIKeywordMain.groovy:64)
	at com.kms.katalon.core.webui.keyword.builtin.VerifyTextPresentKeyword$_verifyTextPresent_closure1.doCall(VerifyTextPresentKeyword.groovy:79)
	at com.kms.katalon.core.webui.keyword.builtin.VerifyTextPresentKeyword$_verifyTextPresent_closure1.call(VerifyTextPresentKeyword.groovy)
	at com.kms.katalon.core.webui.keyword.internal.WebUIKeywordMain.runKeyword(WebUIKeywordMain.groovy:20)
	at com.kms.katalon.core.webui.keyword.builtin.VerifyTextPresentKeyword.verifyTextPresent(VerifyTextPresentKeyword.groovy:83)
	at com.kms.katalon.core.webui.keyword.builtin.VerifyTextPresentKeyword.execute(VerifyTextPresentKeyword.groovy:68)
	at com.kms.katalon.core.keyword.internal.KeywordExecutor.executeKeywordForPlatform(KeywordExecutor.groovy:74)
	at com.kms.katalon.core.webui.keyword.WebUiBuiltInKeywords.verifyTextPresent(WebUiBuiltInKeywords.groovy:1723)
	at com.kms.katalon.core.webui.keyword.WebUiBuiltInKeywords$verifyTextPresent$3.call(Unknown Source)
	at NewLiability_PersonalIncomeTax_UI_TC.run(NewLiability_PersonalIncomeTax_UI_TC:184)
	at com.kms.katalon.core.main.ScriptEngine.run(ScriptEngine.java:194)
	at com.kms.katalon.core.main.ScriptEngine.runScriptAsRawText(ScriptEngine.java:119)
	at com.kms.katalon.core.main.TestCaseExecutor.runScript(TestCaseExecutor.java:448)
	at com.kms.katalon.core.main.TestCaseExecutor.doExecute(TestCaseExecutor.java:439)
	at com.kms.katalon.core.main.TestCaseExecutor.processExecutionPhase(TestCaseExecutor.java:418)
	at com.kms.katalon.core.main.TestCaseExecutor.accessMainPhase(TestCaseExecutor.java:410)
	at com.kms.katalon.core.main.TestCaseExecutor.execute(TestCaseExecutor.java:285)
	at com.kms.katalon.core.common.CommonExecutor.accessTestCaseMainPhase(CommonExecutor.java:65)
	at com.kms.katalon.core.main.TestSuiteExecutor.accessTestSuiteMainPhase(TestSuiteExecutor.java:148)
	at com.kms.katalon.core.main.TestSuiteExecutor.execute(TestSuiteExecutor.java:106)
	at com.kms.katalon.core.main.TestCaseMain.startTestSuite(TestCaseMain.java:187)
	at com.kms.katalon.core.main.TestCaseMain$startTestSuite$0.call(Unknown Source)
	at TempTestSuite1694305095893.run(TempTestSuite1694305095893.groovy:36)
)
	at com.kms.katalon.core.keyword.internal.KeywordMain.stepFailed(KeywordMain.groovy:39)
	at com.kms.katalon.core.webui.keyword.internal.WebUIKeywordMain.stepFailed(WebUIKeywordMain.groovy:64)
	at com.kms.katalon.core.webui.keyword.builtin.VerifyTextPresentKeyword$_verifyTextPresent_closure1.doCall(VerifyTextPresentKeyword.groovy:79)
	at com.kms.katalon.core.webui.keyword.builtin.VerifyTextPresentKeyword$_verifyTextPresent_closure1.call(VerifyTextPresentKeyword.groovy)
	at com.kms.katalon.core.webui.keyword.internal.WebUIKeywordMain.runKeyword(WebUIKeywordMain.groovy:20)
	at com.kms.katalon.core.webui.keyword.builtin.VerifyTextPresentKeyword.verifyTextPresent(VerifyTextPresentKeyword.groovy:83)
	at com.kms.katalon.core.webui.keyword.builtin.VerifyTextPresentKeyword.execute(VerifyTextPresentKeyword.groovy:68)
	at com.kms.katalon.core.keyword.internal.KeywordExecutor.executeKeywordForPlatform(KeywordExecutor.groovy:74)
	at com.kms.katalon.core.webui.keyword.WebUiBuiltInKeywords.verifyTextPresent(WebUiBuiltInKeywords.groovy:1723)
	at com.kms.katalon.core.webui.keyword.WebUiBuiltInKeywords$verifyTextPresent$3.call(Unknown Source)
	at NewLiability_PersonalIncomeTax_UI_TC.run(NewLiability_PersonalIncomeTax_UI_TC:184)
	at com.kms.katalon.core.main.ScriptEngine.run(ScriptEngine.java:194)
	at com.kms.katalon.core.main.ScriptEngine.runScriptAsRawText(ScriptEngine.java:119)
	at com.kms.katalon.core.main.TestCaseExecutor.runScript(TestCaseExecutor.java:448)
	at com.kms.katalon.core.main.TestCaseExecutor.doExecute(TestCaseExecutor.java:439)
	at com.kms.katalon.core.main.TestCaseExecutor.processExecutionPhase(TestCaseExecutor.java:418)
	at com.kms.katalon.core.main.TestCaseExecutor.accessMainPhase(TestCaseExecutor.java:410)
	at com.kms.katalon.core.main.TestCaseExecutor.execute(TestCaseExecutor.java:285)
	at com.kms.katalon.core.common.CommonExecutor.accessTestCaseMainPhase(CommonExecutor.java:65)
	at com.kms.katalon.core.main.TestSuiteExecutor.accessTestSuiteMainPhase(TestSuiteExecutor.java:148)
	at com.kms.katalon.core.main.TestSuiteExecutor.execute(TestSuiteExecutor.java:106)
	at com.kms.katalon.core.main.TestCaseMain.startTestSuite(TestCaseMain.java:187)
	at com.kms.katalon.core.main.TestCaseMain$startTestSuite$0.call(Unknown Source)
	at TempTestSuite1694305095893.run(TempTestSuite1694305095893.groovy:36)
Caused by: com.kms.katalon.core.exception.StepFailedException: Text 'Tax Information' is not present on page  using regular expression
	... 23 more]]></system-out>
      <system-err><![CDATA[2023-09-09 20:18:22 - [TEST_SUITE][FAILED] - RAD_UI_TestSuite: Test Cases/RAD_TestCases/UI_TestCases/New Liability/NewLiability_PersonalIncomeTax_UI_TC FAILED.
Reason:
com.kms.katalon.core.exception.StepFailedException: Text 'Tax Information' is not present on page  using regular expression (Root cause: com.kms.katalon.core.exception.StepFailedException: Text 'Tax Information' is not present on page  using regular expression
	at com.kms.katalon.core.webui.keyword.internal.WebUIKeywordMain.stepFailed(WebUIKeywordMain.groovy:64)
	at com.kms.katalon.core.webui.keyword.builtin.VerifyTextPresentKeyword$_verifyTextPresent_closure1.doCall(VerifyTextPresentKeyword.groovy:79)
	at com.kms.katalon.core.webui.keyword.builtin.VerifyTextPresentKeyword$_verifyTextPresent_closure1.call(VerifyTextPresentKeyword.groovy)
	at com.kms.katalon.core.webui.keyword.internal.WebUIKeywordMain.runKeyword(WebUIKeywordMain.groovy:20)
	at com.kms.katalon.core.webui.keyword.builtin.VerifyTextPresentKeyword.verifyTextPresent(VerifyTextPresentKeyword.groovy:83)
	at com.kms.katalon.core.webui.keyword.builtin.VerifyTextPresentKeyword.execute(VerifyTextPresentKeyword.groovy:68)
	at com.kms.katalon.core.keyword.internal.KeywordExecutor.executeKeywordForPlatform(KeywordExecutor.groovy:74)
	at com.kms.katalon.core.webui.keyword.WebUiBuiltInKeywords.verifyTextPresent(WebUiBuiltInKeywords.groovy:1723)
	at com.kms.katalon.core.webui.keyword.WebUiBuiltInKeywords$verifyTextPresent$3.call(Unknown Source)
	at NewLiability_PersonalIncomeTax_UI_TC.run(NewLiability_PersonalIncomeTax_UI_TC:184)
	at com.kms.katalon.core.main.ScriptEngine.run(ScriptEngine.java:194)
	at com.kms.katalon.core.main.ScriptEngine.runScriptAsRawText(ScriptEngine.java:119)
	at com.kms.katalon.core.main.TestCaseExecutor.runScript(TestCaseExecutor.java:448)
	at com.kms.katalon.core.main.TestCaseExecutor.doExecute(TestCaseExecutor.java:439)
	at com.kms.katalon.core.main.TestCaseExecutor.processExecutionPhase(TestCaseExecutor.java:418)
	at com.kms.katalon.core.main.TestCaseExecutor.accessMainPhase(TestCaseExecutor.java:410)
	at com.kms.katalon.core.main.TestCaseExecutor.execute(TestCaseExecutor.java:285)
	at com.kms.katalon.core.common.CommonExecutor.accessTestCaseMainPhase(CommonExecutor.java:65)
	at com.kms.katalon.core.main.TestSuiteExecutor.accessTestSuiteMainPhase(TestSuiteExecutor.java:148)
	at com.kms.katalon.core.main.TestSuiteExecutor.execute(TestSuiteExecutor.java:106)
	at com.kms.katalon.core.main.TestCaseMain.startTestSuite(TestCaseMain.java:187)
	at com.kms.katalon.core.main.TestCaseMain$startTestSuite$0.call(Unknown Source)
	at TempTestSuite1694305095893.run(TempTestSuite1694305095893.groovy:36)
)
	at com.kms.katalon.core.keyword.internal.KeywordMain.stepFailed(KeywordMain.groovy:39)
	at com.kms.katalon.core.webui.keyword.internal.WebUIKeywordMain.stepFailed(WebUIKeywordMain.groovy:64)
	at com.kms.katalon.core.webui.keyword.builtin.VerifyTextPresentKeyword$_verifyTextPresent_closure1.doCall(VerifyTextPresentKeyword.groovy:79)
	at com.kms.katalon.core.webui.keyword.builtin.VerifyTextPresentKeyword$_verifyTextPresent_closure1.call(VerifyTextPresentKeyword.groovy)
	at com.kms.katalon.core.webui.keyword.internal.WebUIKeywordMain.runKeyword(WebUIKeywordMain.groovy:20)
	at com.kms.katalon.core.webui.keyword.builtin.VerifyTextPresentKeyword.verifyTextPresent(VerifyTextPresentKeyword.groovy:83)
	at com.kms.katalon.core.webui.keyword.builtin.VerifyTextPresentKeyword.execute(VerifyTextPresentKeyword.groovy:68)
	at com.kms.katalon.core.keyword.internal.KeywordExecutor.executeKeywordForPlatform(KeywordExecutor.groovy:74)
	at com.kms.katalon.core.webui.keyword.WebUiBuiltInKeywords.verifyTextPresent(WebUiBuiltInKeywords.groovy:1723)
	at com.kms.katalon.core.webui.keyword.WebUiBuiltInKeywords$verifyTextPresent$3.call(Unknown Source)
	at NewLiability_PersonalIncomeTax_UI_TC.run(NewLiability_PersonalIncomeTax_UI_TC:184)
	at com.kms.katalon.core.main.ScriptEngine.run(ScriptEngine.java:194)
	at com.kms.katalon.core.main.ScriptEngine.runScriptAsRawText(ScriptEngine.java:119)
	at com.kms.katalon.core.main.TestCaseExecutor.runScript(TestCaseExecutor.java:448)
	at com.kms.katalon.core.main.TestCaseExecutor.doExecute(TestCaseExecutor.java:439)
	at com.kms.katalon.core.main.TestCaseExecutor.processExecutionPhase(TestCaseExecutor.java:418)
	at com.kms.katalon.core.main.TestCaseExecutor.accessMainPhase(TestCaseExecutor.java:410)
	at com.kms.katalon.core.main.TestCaseExecutor.execute(TestCaseExecutor.java:285)
	at com.kms.katalon.core.common.CommonExecutor.accessTestCaseMainPhase(CommonExecutor.java:65)
	at com.kms.katalon.core.main.TestSuiteExecutor.accessTestSuiteMainPhase(TestSuiteExecutor.java:148)
	at com.kms.katalon.core.main.TestSuiteExecutor.execute(TestSuiteExecutor.java:106)
	at com.kms.katalon.core.main.TestCaseMain.startTestSuite(TestCaseMain.java:187)
	at com.kms.katalon.core.main.TestCaseMain$startTestSuite$0.call(Unknown Source)
	at TempTestSuite1694305095893.run(TempTestSuite1694305095893.groovy:36)
Caused by: com.kms.katalon.core.exception.StepFailedException: Text 'Tax Information' is not present on page  using regular expression
	... 23 more]]></system-err>
   </testsuite>
</testsuites>
