<?xml version="1.0" encoding="UTF-8"?>
<testsuites name="RAD_UI_TestSuite" time="1066.253" tests="23" failures="11" errors="0">
   <testsuite name="RAD_UI_TestSuite" tests="23" failures="11" errors="0" time="1066.253" skipped="0" timestamp="2023-01-04 13:53:41" hostname="imtiaz - DESKTOP-B2QI6NS.govolution.com" id="Test Suites/RAD_TestSuite/RAD_UI_TestSuite">
      <properties>
         <property name="deviceName" value=""/>
         <property name="devicePlatform" value=""/>
         <property name="logFolder" value="E:\\Cloned-Project-Katalon\\VPS-Katalon\\Reports\\20230104_135334\\RAD_TestSuite\\RAD_UI_TestSuite\\20230104_135334"/>
         <property name="logFiles" value="E:\\Cloned-Project-Katalon\\VPS-Katalon\\Reports\\20230104_135334\\RAD_TestSuite\\RAD_UI_TestSuite\\20230104_135334\\execution0.log"/>
         <property name="attachments" value="E:\\Cloned-Project-Katalon\\VPS-Katalon\\Reports\\20230104_135334\\RAD_TestSuite\\RAD_UI_TestSuite\\20230104_135334\\1672858462494.png, E:\\Cloned-Project-Katalon\\VPS-Katalon\\Reports\\20230104_135334\\RAD_TestSuite\\RAD_UI_TestSuite\\20230104_135334\\1672858526033.png, E:\\Cloned-Project-Katalon\\VPS-Katalon\\Reports\\20230104_135334\\RAD_TestSuite\\RAD_UI_TestSuite\\20230104_135334\\1672858570411.png, E:\\Cloned-Project-Katalon\\VPS-Katalon\\Reports\\20230104_135334\\RAD_TestSuite\\RAD_UI_TestSuite\\20230104_135334\\1672858618386.png, E:\\Cloned-Project-Katalon\\VPS-Katalon\\Reports\\20230104_135334\\RAD_TestSuite\\RAD_UI_TestSuite\\20230104_135334\\1672858652052.png, E:\\Cloned-Project-Katalon\\VPS-Katalon\\Reports\\20230104_135334\\RAD_TestSuite\\RAD_UI_TestSuite\\20230104_135334\\1672858679738.png, E:\\Cloned-Project-Katalon\\VPS-Katalon\\Reports\\20230104_135334\\RAD_TestSuite\\RAD_UI_TestSuite\\20230104_135334\\1672858690175.png, E:\\Cloned-Project-Katalon\\VPS-Katalon\\Reports\\20230104_135334\\RAD_TestSuite\\RAD_UI_TestSuite\\20230104_135334\\1672858783255.png, E:\\Cloned-Project-Katalon\\VPS-Katalon\\Reports\\20230104_135334\\RAD_TestSuite\\RAD_UI_TestSuite\\20230104_135334\\1672858823411.png, E:\\Cloned-Project-Katalon\\VPS-Katalon\\Reports\\20230104_135334\\RAD_TestSuite\\RAD_UI_TestSuite\\20230104_135334\\1672858863773.png, E:\\Cloned-Project-Katalon\\VPS-Katalon\\Reports\\20230104_135334\\RAD_TestSuite\\RAD_UI_TestSuite\\20230104_135334\\1672858904470.png, E:\\Cloned-Project-Katalon\\VPS-Katalon\\Reports\\20230104_135334\\RAD_TestSuite\\RAD_UI_TestSuite\\20230104_135334\\1672858947454.png, E:\\Cloned-Project-Katalon\\VPS-Katalon\\Reports\\20230104_135334\\RAD_TestSuite\\RAD_UI_TestSuite\\20230104_135334\\1672858987514.png"/>
         <property name="hostName" value="imtiaz - DESKTOP-B2QI6NS.govolution.com"/>
         <property name="os" value="Windows 10 64bit"/>
         <property name="katalonVersion" value="8.2.5.208"/>
         <property name="browser" value="Chrome 108.0.0.0"/>
         <property name="hostAddress" value="172.31.253.54"/>
         <property name="sessionId" value="b3d9cda6d5d0b5a24f5ca81df61eca6a"/>
         <property name="seleniumVersion" value="3.141.59"/>
         <property name="proxyInformation" value="ProxyInformation { proxyOption=NO_PROXY, proxyServerType=HTTP, username=, password=********, proxyServerAddress=, proxyServerPort=0, executionList=&quot;&quot;, isApplyToDesiredCapabilities=true }"/>
         <property name="platform" value="Windows 10"/>
      </properties>
      <testcase name="Test Cases/RAD_TestCases/UI_TestCases/LandingPage_UI_TC" time="47.668" classname="Test Cases/RAD_TestCases/UI_TestCases/LandingPage_UI_TC" status="FAILED">
         <failure type="FAILED" message="Test Cases/RAD_TestCases/UI_TestCases/LandingPage_UI_TC FAILED.
Reason:
com.kms.katalon.core.exception.StepFailedException: com.kms.katalon.core.webui.exception.WebElementNotFoundException: Web element with id: 'Object Repository/RAD_Pages/Landing_Page/a_Comptroller of Maryland' located by '//*[@href = 'https://www.marylandtaxes.com/' and (text() = 'Comptroller of Maryland' or . = 'Comptroller of Maryland')]' not found (Root cause: com.kms.katalon.core.exception.StepFailedException: com.kms.katalon.core.webui.exception.WebElementNotFoundException: Web element with id: 'Object Repository/RAD_Pages/Landing_Page/a_Comptroller of Maryland' located by '//*[@href = 'https://www.marylandtaxes.com/' and (text() = 'Comptroller of Maryland' or . = 'Comptroller of Maryland')]' not found
	at com.kms.katalon.core.webui.keyword.internal.WebUIKeywordMain.stepFailed(WebUIKeywordMain.groovy:64)
	at com.kms.katalon.core.webui.keyword.builtin.VerifyElementPresentKeyword$_verifyElementPresent_closure1.doCall(VerifyElementPresentKeyword.groovy:85)
	at com.kms.katalon.core.webui.keyword.builtin.VerifyElementPresentKeyword$_verifyElementPresent_closure1.call(VerifyElementPresentKeyword.groovy)
	at com.kms.katalon.core.webui.keyword.internal.WebUIKeywordMain.runKeyword(WebUIKeywordMain.groovy:20)
	at com.kms.katalon.core.webui.keyword.builtin.VerifyElementPresentKeyword.verifyElementPresent(VerifyElementPresentKeyword.groovy:92)
	at com.kms.katalon.core.webui.keyword.builtin.VerifyElementPresentKeyword.execute(VerifyElementPresentKeyword.groovy:68)
	at com.kms.katalon.core.keyword.internal.KeywordExecutor.executeKeywordForPlatform(KeywordExecutor.groovy:74)
	at com.kms.katalon.core.webui.keyword.WebUiBuiltInKeywords.verifyElementPresent(WebUiBuiltInKeywords.groovy:1464)
	at com.kms.katalon.core.webui.keyword.WebUiBuiltInKeywords$verifyElementPresent$2.call(Unknown Source)
	at LandingPage_UI_TC.run(LandingPage_UI_TC:133)
	at com.kms.katalon.core.main.ScriptEngine.run(ScriptEngine.java:194)
	at com.kms.katalon.core.main.ScriptEngine.runScriptAsRawText(ScriptEngine.java:119)
	at com.kms.katalon.core.main.TestCaseExecutor.runScript(TestCaseExecutor.java:442)
	at com.kms.katalon.core.main.TestCaseExecutor.doExecute(TestCaseExecutor.java:433)
	at com.kms.katalon.core.main.TestCaseExecutor.processExecutionPhase(TestCaseExecutor.java:412)
	at com.kms.katalon.core.main.TestCaseExecutor.accessMainPhase(TestCaseExecutor.java:404)
	at com.kms.katalon.core.main.TestCaseExecutor.execute(TestCaseExecutor.java:281)
	at com.kms.katalon.core.main.TestSuiteExecutor.accessTestCaseMainPhase(TestSuiteExecutor.java:202)
	at com.kms.katalon.core.main.TestSuiteExecutor.accessTestSuiteMainPhase(TestSuiteExecutor.java:164)
	at com.kms.katalon.core.main.TestSuiteExecutor.execute(TestSuiteExecutor.java:105)
	at com.kms.katalon.core.main.TestCaseMain.startTestSuite(TestCaseMain.java:185)
	at com.kms.katalon.core.main.TestCaseMain$startTestSuite$0.call(Unknown Source)
	at TempTestSuite1672858415003.run(TempTestSuite1672858415003.groovy:36)
)
	at com.kms.katalon.core.keyword.internal.KeywordMain.stepFailed(KeywordMain.groovy:39)
	at com.kms.katalon.core.webui.keyword.internal.WebUIKeywordMain.stepFailed(WebUIKeywordMain.groovy:64)
	at com.kms.katalon.core.webui.keyword.builtin.VerifyElementPresentKeyword$_verifyElementPresent_closure1.doCall(VerifyElementPresentKeyword.groovy:85)
	at com.kms.katalon.core.webui.keyword.builtin.VerifyElementPresentKeyword$_verifyElementPresent_closure1.call(VerifyElementPresentKeyword.groovy)
	at com.kms.katalon.core.webui.keyword.internal.WebUIKeywordMain.runKeyword(WebUIKeywordMain.groovy:20)
	at com.kms.katalon.core.webui.keyword.builtin.VerifyElementPresentKeyword.verifyElementPresent(VerifyElementPresentKeyword.groovy:92)
	at com.kms.katalon.core.webui.keyword.builtin.VerifyElementPresentKeyword.execute(VerifyElementPresentKeyword.groovy:68)
	at com.kms.katalon.core.keyword.internal.KeywordExecutor.executeKeywordForPlatform(KeywordExecutor.groovy:74)
	at com.kms.katalon.core.webui.keyword.WebUiBuiltInKeywords.verifyElementPresent(WebUiBuiltInKeywords.groovy:1464)
	at com.kms.katalon.core.webui.keyword.WebUiBuiltInKeywords$verifyElementPresent$2.call(Unknown Source)
	at LandingPage_UI_TC.run(LandingPage_UI_TC:133)
	at com.kms.katalon.core.main.ScriptEngine.run(ScriptEngine.java:194)
	at com.kms.katalon.core.main.ScriptEngine.runScriptAsRawText(ScriptEngine.java:119)
	at com.kms.katalon.core.main.TestCaseExecutor.runScript(TestCaseExecutor.java:442)
	at com.kms.katalon.core.main.TestCaseExecutor.doExecute(TestCaseExecutor.java:433)
	at com.kms.katalon.core.main.TestCaseExecutor.processExecutionPhase(TestCaseExecutor.java:412)
	at com.kms.katalon.core.main.TestCaseExecutor.accessMainPhase(TestCaseExecutor.java:404)
	at com.kms.katalon.core.main.TestCaseExecutor.execute(TestCaseExecutor.java:281)
	at com.kms.katalon.core.main.TestSuiteExecutor.accessTestCaseMainPhase(TestSuiteExecutor.java:202)
	at com.kms.katalon.core.main.TestSuiteExecutor.accessTestSuiteMainPhase(TestSuiteExecutor.java:164)
	at com.kms.katalon.core.main.TestSuiteExecutor.execute(TestSuiteExecutor.java:105)
	at com.kms.katalon.core.main.TestCaseMain.startTestSuite(TestCaseMain.java:185)
	at com.kms.katalon.core.main.TestCaseMain$startTestSuite$0.call(Unknown Source)
	at TempTestSuite1672858415003.run(TempTestSuite1672858415003.groovy:36)
Caused by: com.kms.katalon.core.exception.StepFailedException: com.kms.katalon.core.webui.exception.WebElementNotFoundException: Web element with id: 'Object Repository/RAD_Pages/Landing_Page/a_Comptroller of Maryland' located by '//*[@href = 'https://www.marylandtaxes.com/' and (text() = 'Comptroller of Maryland' or . = 'Comptroller of Maryland')]' not found
	... 23 more
"/>
         <system-out><![CDATA[2023-01-04 13:53:41 - [TEST_CASE][FAILED] - Test Cases/RAD_TestCases/UI_TestCases/LandingPage_UI_TC: Test Cases/RAD_TestCases/UI_TestCases/LandingPage_UI_TC FAILED.
Reason:
com.kms.katalon.core.exception.StepFailedException: com.kms.katalon.core.webui.exception.WebElementNotFoundException: Web element with id: 'Object Repository/RAD_Pages/Landing_Page/a_Comptroller of Maryland' located by '//*[@href = 'https://www.marylandtaxes.com/' and (text() = 'Comptroller of Maryland' or . = 'Comptroller of Maryland')]' not found (Root cause: com.kms.katalon.core.exception.StepFailedException: com.kms.katalon.core.webui.exception.WebElementNotFoundException: Web element with id: 'Object Repository/RAD_Pages/Landing_Page/a_Comptroller of Maryland' located by '//*[@href = 'https://www.marylandtaxes.com/' and (text() = 'Comptroller of Maryland' or . = 'Comptroller of Maryland')]' not found
	at com.kms.katalon.core.webui.keyword.internal.WebUIKeywordMain.stepFailed(WebUIKeywordMain.groovy:64)
	at com.kms.katalon.core.webui.keyword.builtin.VerifyElementPresentKeyword$_verifyElementPresent_closure1.doCall(VerifyElementPresentKeyword.groovy:85)
	at com.kms.katalon.core.webui.keyword.builtin.VerifyElementPresentKeyword$_verifyElementPresent_closure1.call(VerifyElementPresentKeyword.groovy)
	at com.kms.katalon.core.webui.keyword.internal.WebUIKeywordMain.runKeyword(WebUIKeywordMain.groovy:20)
	at com.kms.katalon.core.webui.keyword.builtin.VerifyElementPresentKeyword.verifyElementPresent(VerifyElementPresentKeyword.groovy:92)
	at com.kms.katalon.core.webui.keyword.builtin.VerifyElementPresentKeyword.execute(VerifyElementPresentKeyword.groovy:68)
	at com.kms.katalon.core.keyword.internal.KeywordExecutor.executeKeywordForPlatform(KeywordExecutor.groovy:74)
	at com.kms.katalon.core.webui.keyword.WebUiBuiltInKeywords.verifyElementPresent(WebUiBuiltInKeywords.groovy:1464)
	at com.kms.katalon.core.webui.keyword.WebUiBuiltInKeywords$verifyElementPresent$2.call(Unknown Source)
	at LandingPage_UI_TC.run(LandingPage_UI_TC:133)
	at com.kms.katalon.core.main.ScriptEngine.run(ScriptEngine.java:194)
	at com.kms.katalon.core.main.ScriptEngine.runScriptAsRawText(ScriptEngine.java:119)
	at com.kms.katalon.core.main.TestCaseExecutor.runScript(TestCaseExecutor.java:442)
	at com.kms.katalon.core.main.TestCaseExecutor.doExecute(TestCaseExecutor.java:433)
	at com.kms.katalon.core.main.TestCaseExecutor.processExecutionPhase(TestCaseExecutor.java:412)
	at com.kms.katalon.core.main.TestCaseExecutor.accessMainPhase(TestCaseExecutor.java:404)
	at com.kms.katalon.core.main.TestCaseExecutor.execute(TestCaseExecutor.java:281)
	at com.kms.katalon.core.main.TestSuiteExecutor.accessTestCaseMainPhase(TestSuiteExecutor.java:202)
	at com.kms.katalon.core.main.TestSuiteExecutor.accessTestSuiteMainPhase(TestSuiteExecutor.java:164)
	at com.kms.katalon.core.main.TestSuiteExecutor.execute(TestSuiteExecutor.java:105)
	at com.kms.katalon.core.main.TestCaseMain.startTestSuite(TestCaseMain.java:185)
	at com.kms.katalon.core.main.TestCaseMain$startTestSuite$0.call(Unknown Source)
	at TempTestSuite1672858415003.run(TempTestSuite1672858415003.groovy:36)
)
	at com.kms.katalon.core.keyword.internal.KeywordMain.stepFailed(KeywordMain.groovy:39)
	at com.kms.katalon.core.webui.keyword.internal.WebUIKeywordMain.stepFailed(WebUIKeywordMain.groovy:64)
	at com.kms.katalon.core.webui.keyword.builtin.VerifyElementPresentKeyword$_verifyElementPresent_closure1.doCall(VerifyElementPresentKeyword.groovy:85)
	at com.kms.katalon.core.webui.keyword.builtin.VerifyElementPresentKeyword$_verifyElementPresent_closure1.call(VerifyElementPresentKeyword.groovy)
	at com.kms.katalon.core.webui.keyword.internal.WebUIKeywordMain.runKeyword(WebUIKeywordMain.groovy:20)
	at com.kms.katalon.core.webui.keyword.builtin.VerifyElementPresentKeyword.verifyElementPresent(VerifyElementPresentKeyword.groovy:92)
	at com.kms.katalon.core.webui.keyword.builtin.VerifyElementPresentKeyword.execute(VerifyElementPresentKeyword.groovy:68)
	at com.kms.katalon.core.keyword.internal.KeywordExecutor.executeKeywordForPlatform(KeywordExecutor.groovy:74)
	at com.kms.katalon.core.webui.keyword.WebUiBuiltInKeywords.verifyElementPresent(WebUiBuiltInKeywords.groovy:1464)
	at com.kms.katalon.core.webui.keyword.WebUiBuiltInKeywords$verifyElementPresent$2.call(Unknown Source)
	at LandingPage_UI_TC.run(LandingPage_UI_TC:133)
	at com.kms.katalon.core.main.ScriptEngine.run(ScriptEngine.java:194)
	at com.kms.katalon.core.main.ScriptEngine.runScriptAsRawText(ScriptEngine.java:119)
	at com.kms.katalon.core.main.TestCaseExecutor.runScript(TestCaseExecutor.java:442)
	at com.kms.katalon.core.main.TestCaseExecutor.doExecute(TestCaseExecutor.java:433)
	at com.kms.katalon.core.main.TestCaseExecutor.processExecutionPhase(TestCaseExecutor.java:412)
	at com.kms.katalon.core.main.TestCaseExecutor.accessMainPhase(TestCaseExecutor.java:404)
	at com.kms.katalon.core.main.TestCaseExecutor.execute(TestCaseExecutor.java:281)
	at com.kms.katalon.core.main.TestSuiteExecutor.accessTestCaseMainPhase(TestSuiteExecutor.java:202)
	at com.kms.katalon.core.main.TestSuiteExecutor.accessTestSuiteMainPhase(TestSuiteExecutor.java:164)
	at com.kms.katalon.core.main.TestSuiteExecutor.execute(TestSuiteExecutor.java:105)
	at com.kms.katalon.core.main.TestCaseMain.startTestSuite(TestCaseMain.java:185)
	at com.kms.katalon.core.main.TestCaseMain$startTestSuite$0.call(Unknown Source)
	at TempTestSuite1672858415003.run(TempTestSuite1672858415003.groovy:36)
Caused by: com.kms.katalon.core.exception.StepFailedException: com.kms.katalon.core.webui.exception.WebElementNotFoundException: Web element with id: 'Object Repository/RAD_Pages/Landing_Page/a_Comptroller of Maryland' located by '//*[@href = 'https://www.marylandtaxes.com/' and (text() = 'Comptroller of Maryland' or . = 'Comptroller of Maryland')]' not found
	... 23 more


2023-01-04 13:53:42 - [TEST_STEP][PASSED] - openBrowser(""): Browser is opened with url: ''

2023-01-04 13:53:42 - [MESSAGE][INFO] - Starting 'Chrome' driver

2023-01-04 13:53:42 - [MESSAGE][INFO] - User set preference: ['acceptInsecureCerts', 'true']

2023-01-04 13:53:42 - [MESSAGE][INFO] - Action delay is set to 0 milliseconds

2023-01-04 13:53:45 - [MESSAGE][PASSED] - Browser is opened with url: ''

2023-01-04 13:53:45 - [TEST_STEP][PASSED] - maximizeWindow(): Current window maximized

2023-01-04 13:53:45 - [MESSAGE][PASSED] - Current window maximized

2023-01-04 13:53:45 - [TEST_STEP][PASSED] - navigateToUrl(RADurl): Navigate to 'https://qa.velocitypayment.com/client/rad/index.html' successfully

2023-01-04 13:53:47 - [MESSAGE][PASSED] - Navigate to 'https://qa.velocitypayment.com/client/rad/index.html' successfully

2023-01-04 13:53:47 - [TEST_STEP][PASSED] - orPath = "Object Repository/RAD_Pages/Landing_Page": null

2023-01-04 13:53:47 - [TEST_STEP][PASSED] - if (verifyElementPresent(findTestObject(orPath + "/dd_TaxType"), 30)): null

2023-01-04 13:53:48 - [MESSAGE][PASSED] - Object 'Object Repository/RAD_Pages/Landing_Page/dd_TaxType' is present

2023-01-04 13:53:48 - [TEST_STEP][PASSED] - out.println("Tax Type/Filing Year drop down was found on the Landing Page"): null

2023-01-04 13:53:48 - [TEST_STEP][PASSED] - if (verifyTextPresent("Your Progress", true)): null

2023-01-04 13:53:49 - [MESSAGE][PASSED] - Text 'Your Progress' is present on page  using regular expression

2023-01-04 13:53:49 - [TEST_STEP][PASSED] - out.println("Your Progress Static text was found on the Landing Page"): null

2023-01-04 13:53:49 - [TEST_STEP][PASSED] - if (verifyTextPresent("Tax Type/Taxpayer Information", true)): null

2023-01-04 13:53:49 - [MESSAGE][PASSED] - Text 'Tax Type/Taxpayer Information' is present on page  using regular expression

2023-01-04 13:53:49 - [TEST_STEP][PASSED] - out.println("Tax Type/Taxpayer Information text was found on the Landing Page"): null

2023-01-04 13:53:49 - [TEST_STEP][PASSED] - if (verifyTextPresent("Summary", true)): null

2023-01-04 13:53:49 - [MESSAGE][PASSED] - Text 'Summary' is present on page  using regular expression

2023-01-04 13:53:49 - [TEST_STEP][PASSED] - out.println("Summary Static text was found on the Landing Page"): null

2023-01-04 13:53:49 - [TEST_STEP][PASSED] - if (verifyTextPresent("Need Help?", true)): null

2023-01-04 13:53:50 - [MESSAGE][PASSED] - Text 'Need Help?' is present on page  using regular expression

2023-01-04 13:53:50 - [TEST_STEP][PASSED] - out.println("Need Help? Static text was found on the Landing Page"): null

2023-01-04 13:53:50 - [TEST_STEP][PASSED] - if (verifyElementPresent(findTestObject(orPath + "/button_Continue"), 30)): null

2023-01-04 13:53:50 - [MESSAGE][PASSED] - Object 'Object Repository/RAD_Pages/Landing_Page/button_Continue' is present

2023-01-04 13:53:50 - [TEST_STEP][PASSED] - out.println("Continue Button was found on the Landing Page"): null

2023-01-04 13:53:50 - [TEST_STEP][PASSED] - if (verifyElementPresent(findTestObject(orPath + "/a_taxhelpmarylandtaxes.gov"), 30)): null

2023-01-04 13:53:51 - [MESSAGE][PASSED] - Object 'Object Repository/RAD_Pages/Landing_Page/a_taxhelpmarylandtaxes.gov' is present

2023-01-04 13:53:51 - [TEST_STEP][PASSED] - out.println("Tax Help Maryland.gov link was found on the Landing Page"): null

2023-01-04 13:53:51 - [TEST_STEP][FAILED] - if (verifyElementPresent(findTestObject(orPath + "/a_Comptroller of Maryland"), 30)): com.kms.katalon.core.webui.exception.WebElementNotFoundException: Web element with id: 'Object Repository/RAD_Pages/Landing_Page/a_Comptroller of Maryland' located by '//*[@href = 'https://www.marylandtaxes.com/' and (text() = 'Comptroller of Maryland' or . = 'Comptroller of Maryland')]' not found (Root cause: com.kms.katalon.core.exception.StepFailedException: com.kms.katalon.core.webui.exception.WebElementNotFoundException: Web element with id: 'Object Repository/RAD_Pages/Landing_Page/a_Comptroller of Maryland' located by '//*[@href = 'https://www.marylandtaxes.com/' and (text() = 'Comptroller of Maryland' or . = 'Comptroller of Maryland')]' not found
	at com.kms.katalon.core.webui.keyword.internal.WebUIKeywordMain.stepFailed(WebUIKeywordMain.groovy:64)
	at com.kms.katalon.core.webui.keyword.builtin.VerifyElementPresentKeyword$_verifyElementPresent_closure1.doCall(VerifyElementPresentKeyword.groovy:85)
	at com.kms.katalon.core.webui.keyword.builtin.VerifyElementPresentKeyword$_verifyElementPresent_closure1.call(VerifyElementPresentKeyword.groovy)
	at com.kms.katalon.core.webui.keyword.internal.WebUIKeywordMain.runKeyword(WebUIKeywordMain.groovy:20)
	at com.kms.katalon.core.webui.keyword.builtin.VerifyElementPresentKeyword.verifyElementPresent(VerifyElementPresentKeyword.groovy:92)
	at com.kms.katalon.core.webui.keyword.builtin.VerifyElementPresentKeyword.execute(VerifyElementPresentKeyword.groovy:68)
	at com.kms.katalon.core.keyword.internal.KeywordExecutor.executeKeywordForPlatform(KeywordExecutor.groovy:74)
	at com.kms.katalon.core.webui.keyword.WebUiBuiltInKeywords.verifyElementPresent(WebUiBuiltInKeywords.groovy:1464)
	at com.kms.katalon.core.webui.keyword.WebUiBuiltInKeywords$verifyElementPresent$2.call(Unknown Source)
	at LandingPage_UI_TC.run(LandingPage_UI_TC:133)
	at com.kms.katalon.core.main.ScriptEngine.run(ScriptEngine.java:194)
	at com.kms.katalon.core.main.ScriptEngine.runScriptAsRawText(ScriptEngine.java:119)
	at com.kms.katalon.core.main.TestCaseExecutor.runScript(TestCaseExecutor.java:442)
	at com.kms.katalon.core.main.TestCaseExecutor.doExecute(TestCaseExecutor.java:433)
	at com.kms.katalon.core.main.TestCaseExecutor.processExecutionPhase(TestCaseExecutor.java:412)
	at com.kms.katalon.core.main.TestCaseExecutor.accessMainPhase(TestCaseExecutor.java:404)
	at com.kms.katalon.core.main.TestCaseExecutor.execute(TestCaseExecutor.java:281)
	at com.kms.katalon.core.main.TestSuiteExecutor.accessTestCaseMainPhase(TestSuiteExecutor.java:202)
	at com.kms.katalon.core.main.TestSuiteExecutor.accessTestSuiteMainPhase(TestSuiteExecutor.java:164)
	at com.kms.katalon.core.main.TestSuiteExecutor.execute(TestSuiteExecutor.java:105)
	at com.kms.katalon.core.main.TestCaseMain.startTestSuite(TestCaseMain.java:185)
	at com.kms.katalon.core.main.TestCaseMain$startTestSuite$0.call(Unknown Source)
	at TempTestSuite1672858415003.run(TempTestSuite1672858415003.groovy:36)
)

2023-01-04 13:54:22 - [MESSAGE][INFO] - Unable to find the element located by 'By.xpath: //*[@href = 'https://www.marylandtaxes.com/' and (text() = 'Comptroller of Maryland' or . = 'Comptroller of Maryland')]'. Please recheck the objects properties to make sure the desired element is located. 

2023-01-04 13:54:22 - [MESSAGE][FAILED] - com.kms.katalon.core.webui.exception.WebElementNotFoundException: Web element with id: 'Object Repository/RAD_Pages/Landing_Page/a_Comptroller of Maryland' located by '//*[@href = 'https://www.marylandtaxes.com/' and (text() = 'Comptroller of Maryland' or . = 'Comptroller of Maryland')]' not found (Root cause: com.kms.katalon.core.exception.StepFailedException: com.kms.katalon.core.webui.exception.WebElementNotFoundException: Web element with id: 'Object Repository/RAD_Pages/Landing_Page/a_Comptroller of Maryland' located by '//*[@href = 'https://www.marylandtaxes.com/' and (text() = 'Comptroller of Maryland' or . = 'Comptroller of Maryland')]' not found
	at com.kms.katalon.core.webui.keyword.internal.WebUIKeywordMain.stepFailed(WebUIKeywordMain.groovy:64)
	at com.kms.katalon.core.webui.keyword.builtin.VerifyElementPresentKeyword$_verifyElementPresent_closure1.doCall(VerifyElementPresentKeyword.groovy:85)
	at com.kms.katalon.core.webui.keyword.builtin.VerifyElementPresentKeyword$_verifyElementPresent_closure1.call(VerifyElementPresentKeyword.groovy)
	at com.kms.katalon.core.webui.keyword.internal.WebUIKeywordMain.runKeyword(WebUIKeywordMain.groovy:20)
	at com.kms.katalon.core.webui.keyword.builtin.VerifyElementPresentKeyword.verifyElementPresent(VerifyElementPresentKeyword.groovy:92)
	at com.kms.katalon.core.webui.keyword.builtin.VerifyElementPresentKeyword.execute(VerifyElementPresentKeyword.groovy:68)
	at com.kms.katalon.core.keyword.internal.KeywordExecutor.executeKeywordForPlatform(KeywordExecutor.groovy:74)
	at com.kms.katalon.core.webui.keyword.WebUiBuiltInKeywords.verifyElementPresent(WebUiBuiltInKeywords.groovy:1464)
	at com.kms.katalon.core.webui.keyword.WebUiBuiltInKeywords$verifyElementPresent$2.call(Unknown Source)
	at LandingPage_UI_TC.run(LandingPage_UI_TC:133)
	at com.kms.katalon.core.main.ScriptEngine.run(ScriptEngine.java:194)
	at com.kms.katalon.core.main.ScriptEngine.runScriptAsRawText(ScriptEngine.java:119)
	at com.kms.katalon.core.main.TestCaseExecutor.runScript(TestCaseExecutor.java:442)
	at com.kms.katalon.core.main.TestCaseExecutor.doExecute(TestCaseExecutor.java:433)
	at com.kms.katalon.core.main.TestCaseExecutor.processExecutionPhase(TestCaseExecutor.java:412)
	at com.kms.katalon.core.main.TestCaseExecutor.accessMainPhase(TestCaseExecutor.java:404)
	at com.kms.katalon.core.main.TestCaseExecutor.execute(TestCaseExecutor.java:281)
	at com.kms.katalon.core.main.TestSuiteExecutor.accessTestCaseMainPhase(TestSuiteExecutor.java:202)
	at com.kms.katalon.core.main.TestSuiteExecutor.accessTestSuiteMainPhase(TestSuiteExecutor.java:164)
	at com.kms.katalon.core.main.TestSuiteExecutor.execute(TestSuiteExecutor.java:105)
	at com.kms.katalon.core.main.TestCaseMain.startTestSuite(TestCaseMain.java:185)
	at com.kms.katalon.core.main.TestCaseMain$startTestSuite$0.call(Unknown Source)
	at TempTestSuite1672858415003.run(TempTestSuite1672858415003.groovy:36)
)
[[ATTACHMENT|E:\\Cloned-Project-Katalon\\VPS-Katalon\\Reports\\20230104_135334\\RAD_TestSuite\\RAD_UI_TestSuite\\20230104_135334\\1672858462494.png]]

2023-01-04 13:54:22 - [TEST_STEP][PASSED] - else: null

2023-01-04 13:54:22 - [TEST_STEP][PASSED] - out.println("Comptroller of Maryland link was NOT found on the Landing Page"): null

2023-01-04 13:54:22 - [TEST_STEP][PASSED] - totalOptions = getNumberOfTotalOption(findTestObject(orPath + "/dd_TaxType")): 7 options of object 'Object Repository/RAD_Pages/Landing_Page/dd_TaxType' counted

2023-01-04 13:54:23 - [MESSAGE][PASSED] - 7 options of object 'Object Repository/RAD_Pages/Landing_Page/dd_TaxType' counted

2023-01-04 13:54:23 - [TEST_STEP][PASSED] - if (totalOptions == 7): Total Options are correct

2023-01-04 13:54:23 - [TEST_STEP][PASSED] - out.println("Total Options are correct: " + totalOptions): null

2023-01-04 13:54:23 - [TEST_STEP][PASSED] - markPassed("Total Options are correct"): Total Options are correct

2023-01-04 13:54:23 - [MESSAGE][PASSED] - Total Options are correct

2023-01-04 13:54:23 - [TEST_STEP][PASSED] - if (verifyOptionPresentByLabel(findTestObject(orPath + "/dd_TaxType"), "Estimated Tax", false, 60)): null

2023-01-04 13:54:24 - [MESSAGE][PASSED] - 1 option(s) with label 'Estimated Tax' is/are present in object 'Object Repository/RAD_Pages/Landing_Page/dd_TaxType' 

2023-01-04 13:54:24 - [TEST_STEP][PASSED] - out.println("Estimated Tax Option is present in the Tax Type Drop Down"): null

2023-01-04 13:54:24 - [TEST_STEP][PASSED] - if (verifyOptionPresentByLabel(findTestObject(orPath + "/dd_TaxType"), "Personal Income Tax", false, 60)): null

2023-01-04 13:54:25 - [MESSAGE][PASSED] - 1 option(s) with label 'Personal Income Tax' is/are present in object 'Object Repository/RAD_Pages/Landing_Page/dd_TaxType' 

2023-01-04 13:54:25 - [TEST_STEP][PASSED] - out.println("Personal Income Tax Option is present in the Tax Type Drop Down"): null

2023-01-04 13:54:25 - [TEST_STEP][PASSED] - if (verifyOptionPresentByLabel(findTestObject(orPath + "/dd_TaxType"), "Extension Payments", false, 60)): null

2023-01-04 13:54:26 - [MESSAGE][PASSED] - 1 option(s) with label 'Extension Payments' is/are present in object 'Object Repository/RAD_Pages/Landing_Page/dd_TaxType' 

2023-01-04 13:54:26 - [TEST_STEP][PASSED] - out.println("Extension Payments Option is present in the Tax Type Drop Down"): null

2023-01-04 13:54:26 - [TEST_STEP][PASSED] - if (verifyOptionPresentByLabel(findTestObject(orPath + "/dd_TaxType"), "Existing Liability", false, 60)): null

2023-01-04 13:54:27 - [MESSAGE][PASSED] - 1 option(s) with label 'Existing Liability' is/are present in object 'Object Repository/RAD_Pages/Landing_Page/dd_TaxType' 

2023-01-04 13:54:27 - [TEST_STEP][PASSED] - out.println("Existing Liability Option is present in the Tax Type Drop Down"): null

2023-01-04 13:54:27 - [TEST_STEP][PASSED] - if (verifyOptionPresentByLabel(findTestObject(orPath + "/dd_TaxType"), "Sales and Use", false, 60)): null

2023-01-04 13:54:28 - [MESSAGE][PASSED] - 1 option(s) with label 'Sales and Use' is/are present in object 'Object Repository/RAD_Pages/Landing_Page/dd_TaxType' 

2023-01-04 13:54:28 - [TEST_STEP][PASSED] - out.println("Sales and Use Option is present in the Tax Type Drop Down"): null

2023-01-04 13:54:28 - [TEST_STEP][PASSED] - if (verifyOptionPresentByLabel(findTestObject(orPath + "/dd_TaxType"), "Withholding Tax", false, 60)): null

2023-01-04 13:54:29 - [MESSAGE][PASSED] - 1 option(s) with label 'Withholding Tax' is/are present in object 'Object Repository/RAD_Pages/Landing_Page/dd_TaxType' 

2023-01-04 13:54:29 - [TEST_STEP][PASSED] - out.println("Withholding Tax Option is present in the Tax Type Drop Down"): null]]></system-out>
         <system-err><![CDATA[2023-01-04 13:53:41 - [TEST_CASE][FAILED] - Test Cases/RAD_TestCases/UI_TestCases/LandingPage_UI_TC: Test Cases/RAD_TestCases/UI_TestCases/LandingPage_UI_TC FAILED.
Reason:
com.kms.katalon.core.exception.StepFailedException: com.kms.katalon.core.webui.exception.WebElementNotFoundException: Web element with id: 'Object Repository/RAD_Pages/Landing_Page/a_Comptroller of Maryland' located by '//*[@href = 'https://www.marylandtaxes.com/' and (text() = 'Comptroller of Maryland' or . = 'Comptroller of Maryland')]' not found (Root cause: com.kms.katalon.core.exception.StepFailedException: com.kms.katalon.core.webui.exception.WebElementNotFoundException: Web element with id: 'Object Repository/RAD_Pages/Landing_Page/a_Comptroller of Maryland' located by '//*[@href = 'https://www.marylandtaxes.com/' and (text() = 'Comptroller of Maryland' or . = 'Comptroller of Maryland')]' not found
	at com.kms.katalon.core.webui.keyword.internal.WebUIKeywordMain.stepFailed(WebUIKeywordMain.groovy:64)
	at com.kms.katalon.core.webui.keyword.builtin.VerifyElementPresentKeyword$_verifyElementPresent_closure1.doCall(VerifyElementPresentKeyword.groovy:85)
	at com.kms.katalon.core.webui.keyword.builtin.VerifyElementPresentKeyword$_verifyElementPresent_closure1.call(VerifyElementPresentKeyword.groovy)
	at com.kms.katalon.core.webui.keyword.internal.WebUIKeywordMain.runKeyword(WebUIKeywordMain.groovy:20)
	at com.kms.katalon.core.webui.keyword.builtin.VerifyElementPresentKeyword.verifyElementPresent(VerifyElementPresentKeyword.groovy:92)
	at com.kms.katalon.core.webui.keyword.builtin.VerifyElementPresentKeyword.execute(VerifyElementPresentKeyword.groovy:68)
	at com.kms.katalon.core.keyword.internal.KeywordExecutor.executeKeywordForPlatform(KeywordExecutor.groovy:74)
	at com.kms.katalon.core.webui.keyword.WebUiBuiltInKeywords.verifyElementPresent(WebUiBuiltInKeywords.groovy:1464)
	at com.kms.katalon.core.webui.keyword.WebUiBuiltInKeywords$verifyElementPresent$2.call(Unknown Source)
	at LandingPage_UI_TC.run(LandingPage_UI_TC:133)
	at com.kms.katalon.core.main.ScriptEngine.run(ScriptEngine.java:194)
	at com.kms.katalon.core.main.ScriptEngine.runScriptAsRawText(ScriptEngine.java:119)
	at com.kms.katalon.core.main.TestCaseExecutor.runScript(TestCaseExecutor.java:442)
	at com.kms.katalon.core.main.TestCaseExecutor.doExecute(TestCaseExecutor.java:433)
	at com.kms.katalon.core.main.TestCaseExecutor.processExecutionPhase(TestCaseExecutor.java:412)
	at com.kms.katalon.core.main.TestCaseExecutor.accessMainPhase(TestCaseExecutor.java:404)
	at com.kms.katalon.core.main.TestCaseExecutor.execute(TestCaseExecutor.java:281)
	at com.kms.katalon.core.main.TestSuiteExecutor.accessTestCaseMainPhase(TestSuiteExecutor.java:202)
	at com.kms.katalon.core.main.TestSuiteExecutor.accessTestSuiteMainPhase(TestSuiteExecutor.java:164)
	at com.kms.katalon.core.main.TestSuiteExecutor.execute(TestSuiteExecutor.java:105)
	at com.kms.katalon.core.main.TestCaseMain.startTestSuite(TestCaseMain.java:185)
	at com.kms.katalon.core.main.TestCaseMain$startTestSuite$0.call(Unknown Source)
	at TempTestSuite1672858415003.run(TempTestSuite1672858415003.groovy:36)
)
	at com.kms.katalon.core.keyword.internal.KeywordMain.stepFailed(KeywordMain.groovy:39)
	at com.kms.katalon.core.webui.keyword.internal.WebUIKeywordMain.stepFailed(WebUIKeywordMain.groovy:64)
	at com.kms.katalon.core.webui.keyword.builtin.VerifyElementPresentKeyword$_verifyElementPresent_closure1.doCall(VerifyElementPresentKeyword.groovy:85)
	at com.kms.katalon.core.webui.keyword.builtin.VerifyElementPresentKeyword$_verifyElementPresent_closure1.call(VerifyElementPresentKeyword.groovy)
	at com.kms.katalon.core.webui.keyword.internal.WebUIKeywordMain.runKeyword(WebUIKeywordMain.groovy:20)
	at com.kms.katalon.core.webui.keyword.builtin.VerifyElementPresentKeyword.verifyElementPresent(VerifyElementPresentKeyword.groovy:92)
	at com.kms.katalon.core.webui.keyword.builtin.VerifyElementPresentKeyword.execute(VerifyElementPresentKeyword.groovy:68)
	at com.kms.katalon.core.keyword.internal.KeywordExecutor.executeKeywordForPlatform(KeywordExecutor.groovy:74)
	at com.kms.katalon.core.webui.keyword.WebUiBuiltInKeywords.verifyElementPresent(WebUiBuiltInKeywords.groovy:1464)
	at com.kms.katalon.core.webui.keyword.WebUiBuiltInKeywords$verifyElementPresent$2.call(Unknown Source)
	at LandingPage_UI_TC.run(LandingPage_UI_TC:133)
	at com.kms.katalon.core.main.ScriptEngine.run(ScriptEngine.java:194)
	at com.kms.katalon.core.main.ScriptEngine.runScriptAsRawText(ScriptEngine.java:119)
	at com.kms.katalon.core.main.TestCaseExecutor.runScript(TestCaseExecutor.java:442)
	at com.kms.katalon.core.main.TestCaseExecutor.doExecute(TestCaseExecutor.java:433)
	at com.kms.katalon.core.main.TestCaseExecutor.processExecutionPhase(TestCaseExecutor.java:412)
	at com.kms.katalon.core.main.TestCaseExecutor.accessMainPhase(TestCaseExecutor.java:404)
	at com.kms.katalon.core.main.TestCaseExecutor.execute(TestCaseExecutor.java:281)
	at com.kms.katalon.core.main.TestSuiteExecutor.accessTestCaseMainPhase(TestSuiteExecutor.java:202)
	at com.kms.katalon.core.main.TestSuiteExecutor.accessTestSuiteMainPhase(TestSuiteExecutor.java:164)
	at com.kms.katalon.core.main.TestSuiteExecutor.execute(TestSuiteExecutor.java:105)
	at com.kms.katalon.core.main.TestCaseMain.startTestSuite(TestCaseMain.java:185)
	at com.kms.katalon.core.main.TestCaseMain$startTestSuite$0.call(Unknown Source)
	at TempTestSuite1672858415003.run(TempTestSuite1672858415003.groovy:36)
Caused by: com.kms.katalon.core.exception.StepFailedException: com.kms.katalon.core.webui.exception.WebElementNotFoundException: Web element with id: 'Object Repository/RAD_Pages/Landing_Page/a_Comptroller of Maryland' located by '//*[@href = 'https://www.marylandtaxes.com/' and (text() = 'Comptroller of Maryland' or . = 'Comptroller of Maryland')]' not found
	... 23 more]]></system-err>
      </testcase>
      <testcase name="Test Cases/RAD_TestCases/UI_TestCases/EstimatedTax_UI_TC" time="49.224" classname="Test Cases/RAD_TestCases/UI_TestCases/EstimatedTax_UI_TC" status="PASSED">
         <system-out><![CDATA[2023-01-04 13:54:29 - [TEST_CASE][PASSED] - Test Cases/RAD_TestCases/UI_TestCases/EstimatedTax_UI_TC: Test Cases/RAD_TestCases/UI_TestCases/EstimatedTax_UI_TC

2023-01-04 13:54:29 - [TEST_STEP][PASSED] - openBrowser(""): Browser is opened with url: ''

2023-01-04 13:54:29 - [MESSAGE][WARNING] - A browser is already opened. Closing browser and opening a new one

2023-01-04 13:54:30 - [MESSAGE][INFO] - Starting 'Chrome' driver

2023-01-04 13:54:30 - [MESSAGE][INFO] - User set preference: ['acceptInsecureCerts', 'true']

2023-01-04 13:54:30 - [MESSAGE][INFO] - Action delay is set to 0 milliseconds

2023-01-04 13:54:32 - [MESSAGE][PASSED] - Browser is opened with url: ''

2023-01-04 13:54:32 - [TEST_STEP][PASSED] - maximizeWindow(): Current window maximized

2023-01-04 13:54:32 - [MESSAGE][PASSED] - Current window maximized

2023-01-04 13:54:32 - [TEST_STEP][PASSED] - navigateToUrl(RADurl): Navigate to 'https://qa.velocitypayment.com/client/rad/index.html' successfully

2023-01-04 13:54:33 - [MESSAGE][PASSED] - Navigate to 'https://qa.velocitypayment.com/client/rad/index.html' successfully

2023-01-04 13:54:33 - [TEST_STEP][PASSED] - orPath_Landing = "Object Repository/RAD_Pages/Landing_Page": null

2023-01-04 13:54:33 - [TEST_STEP][PASSED] - orPath_TaxTypeFilingYear = "Object Repository/RAD_Pages/TaxTypeFilingYear_Page": null

2023-01-04 13:54:33 - [TEST_STEP][PASSED] - orPath_TaxPayer = "Object Repository/RAD_Pages/Taxpayer_Page": null

2023-01-04 13:54:33 - [TEST_STEP][PASSED] - orPath_AddressContact = "Object Repository/RAD_Pages/AddressAndContactInfo_Page": null

2023-01-04 13:54:33 - [TEST_STEP][PASSED] - orPath_FilingStatus = "Object Repository/RAD_Pages/FilingStatus_Page": null

2023-01-04 13:54:33 - [TEST_STEP][PASSED] - orPath_Amount = "Object Repository/RAD_Pages/PaymentAmount_Page": null

2023-01-04 13:54:33 - [TEST_STEP][PASSED] - orPath_TaxInfo = "Object Repository/RAD_Pages/TaxInfo_Page": null

2023-01-04 13:54:33 - [TEST_STEP][PASSED] - selectOptionByLabel(findTestObject(orPath_Landing + "/dd_TaxType"), "Estimated Tax", false): All options with label 'Estimated Tax' are selected in object 'Object Repository/RAD_Pages/Landing_Page/dd_TaxType' 

2023-01-04 13:54:34 - [MESSAGE][PASSED] - All options with label 'Estimated Tax' are selected in object 'Object Repository/RAD_Pages/Landing_Page/dd_TaxType' 

2023-01-04 13:54:34 - [TEST_STEP][PASSED] - if (verifyElementPresent(findTestObject(orPath_TaxTypeFilingYear + "/select_PaymentType"), 30)): null

2023-01-04 13:54:35 - [MESSAGE][PASSED] - Object 'Object Repository/RAD_Pages/TaxTypeFilingYear_Page/select_PaymentType' is present

2023-01-04 13:54:35 - [TEST_STEP][PASSED] - out.println("Payment Type drop down was found on the Estimated Tax Page"): null

2023-01-04 13:54:35 - [TEST_STEP][PASSED] - if (verifyElementPresent(findTestObject(orPath_TaxTypeFilingYear + "/select_FilingYear"), 30)): null

2023-01-04 13:54:35 - [MESSAGE][PASSED] - Object 'Object Repository/RAD_Pages/TaxTypeFilingYear_Page/select_FilingYear' is present

2023-01-04 13:54:35 - [TEST_STEP][PASSED] - out.println("Filing Year drop down was found on the Estimated Tax Page"): null

2023-01-04 13:54:35 - [TEST_STEP][PASSED] - totalOptionsPaymentType = getNumberOfTotalOption(findTestObject(orPath_TaxTypeFilingYear + "/select_PaymentType")): 3 options of object 'Object Repository/RAD_Pages/TaxTypeFilingYear_Page/select_PaymentType' counted

2023-01-04 13:54:36 - [MESSAGE][PASSED] - 3 options of object 'Object Repository/RAD_Pages/TaxTypeFilingYear_Page/select_PaymentType' counted

2023-01-04 13:54:36 - [TEST_STEP][PASSED] - if (verifyEqual(totalOptionsPaymentType, 3)): null

2023-01-04 13:54:36 - [MESSAGE][PASSED] - Actual object '3' and expected object '3' are equal

2023-01-04 13:54:36 - [TEST_STEP][PASSED] - out.println("Total Options for Payment Type are correct: " + totalOptionsPaymentType): null

2023-01-04 13:54:36 - [TEST_STEP][PASSED] - markPassed("Total Options are correct for Payment Type"): Total Options are correct for Payment Type

2023-01-04 13:54:36 - [MESSAGE][PASSED] - Total Options are correct for Payment Type

2023-01-04 13:54:36 - [TEST_STEP][PASSED] - totalOptionsFilingYear = getNumberOfTotalOption(findTestObject(orPath_TaxTypeFilingYear + "/select_FilingYear")): 1 options of object 'Object Repository/RAD_Pages/TaxTypeFilingYear_Page/select_FilingYear' counted

2023-01-04 13:54:37 - [MESSAGE][PASSED] - 1 options of object 'Object Repository/RAD_Pages/TaxTypeFilingYear_Page/select_FilingYear' counted

2023-01-04 13:54:37 - [TEST_STEP][PASSED] - if (verifyEqual(totalOptionsFilingYear, 1)): null

2023-01-04 13:54:37 - [MESSAGE][PASSED] - Actual object '1' and expected object '1' are equal

2023-01-04 13:54:37 - [TEST_STEP][PASSED] - out.println("Total Options for Filing Year are correct: " + totalOptionsFilingYear): null

2023-01-04 13:54:37 - [TEST_STEP][PASSED] - markPassed("Total Options are correct for Filing Year"): Total Options are correct for Filing Year

2023-01-04 13:54:37 - [MESSAGE][PASSED] - Total Options are correct for Filing Year

2023-01-04 13:54:37 - [TEST_STEP][PASSED] - verifyOptionsPresent(findTestObject(orPath_TaxTypeFilingYear + "/select_PaymentType"), ["Personal", "Corporate"]): Options [Personal, Corporate] present.

2023-01-04 13:54:38 - [MESSAGE][PASSED] - Options [Personal, Corporate] present.

2023-01-04 13:54:38 - [TEST_STEP][PASSED] - verifyTextPresent("Tax Type/Filing Year", true): Text 'Tax Type/Filing Year' is present on page  using regular expression

2023-01-04 13:54:38 - [MESSAGE][PASSED] - Text 'Tax Type/Filing Year' is present on page  using regular expression

2023-01-04 13:54:38 - [TEST_STEP][PASSED] - verifyTextPresent("Taxpayer", true): Text 'Taxpayer' is present on page  using regular expression

2023-01-04 13:54:39 - [MESSAGE][PASSED] - Text 'Taxpayer' is present on page  using regular expression

2023-01-04 13:54:39 - [TEST_STEP][PASSED] - verifyTextPresent("Provide the following taxpayer information", true): Text 'Provide the following taxpayer information' is present on page  using regular expression

2023-01-04 13:54:39 - [MESSAGE][PASSED] - Text 'Provide the following taxpayer information' is present on page  using regular expression

2023-01-04 13:54:39 - [TEST_STEP][PASSED] - verifyTextPresent("Note: If you are paying on behalf of the Taxpayer, enter Taxpayer", true): Text 'Note: If you are paying on behalf of the Taxpayer, enter Taxpayer' is present on page  using regular expression

2023-01-04 13:54:40 - [MESSAGE][PASSED] - Text 'Note: If you are paying on behalf of the Taxpayer, enter Taxpayer' is present on page  using regular expression

2023-01-04 13:54:40 - [TEST_STEP][PASSED] - verifyTextPresent("information here. If you are making a payment for the Taxpayer, you will be required later to enter your own credit card, billing address and other pertinent information", true): Text 'information here. If you are making a payment for the Taxpayer, you will be required later to enter your own credit card, billing address and other pertinent information' is present on page  using regular expression

2023-01-04 13:54:40 - [MESSAGE][PASSED] - Text 'information here. If you are making a payment for the Taxpayer, you will be required later to enter your own credit card, billing address and other pertinent information' is present on page  using regular expression

2023-01-04 13:54:40 - [TEST_STEP][PASSED] - verifyTextPresent("Address and Contact Information", true): Text 'Address and Contact Information' is present on page  using regular expression

2023-01-04 13:54:41 - [MESSAGE][PASSED] - Text 'Address and Contact Information' is present on page  using regular expression

2023-01-04 13:54:41 - [TEST_STEP][PASSED] - verifyTextPresent("Enter the taxpayer", true): Text 'Enter the taxpayer' is present on page  using regular expression

2023-01-04 13:54:41 - [MESSAGE][PASSED] - Text 'Enter the taxpayer' is present on page  using regular expression

2023-01-04 13:54:41 - [TEST_STEP][PASSED] - verifyTextPresent("address and contact information", true): Text 'address and contact information' is present on page  using regular expression

2023-01-04 13:54:42 - [MESSAGE][PASSED] - Text 'address and contact information' is present on page  using regular expression

2023-01-04 13:54:42 - [TEST_STEP][PASSED] - verifyTextPresent("Filing Status", true): Text 'Filing Status' is present on page  using regular expression

2023-01-04 13:54:42 - [MESSAGE][PASSED] - Text 'Filing Status' is present on page  using regular expression

2023-01-04 13:54:42 - [TEST_STEP][PASSED] - verifyTextPresent("Is this an Individual or Joint Filing?", true): Text 'Is this an Individual or Joint Filing?' is present on page  using regular expression

2023-01-04 13:54:43 - [MESSAGE][PASSED] - Text 'Is this an Individual or Joint Filing?' is present on page  using regular expression

2023-01-04 13:54:43 - [TEST_STEP][PASSED] - verifyTextPresent("Filing type", true): Text 'Filing type' is present on page  using regular expression

2023-01-04 13:54:43 - [MESSAGE][PASSED] - Text 'Filing type' is present on page  using regular expression

2023-01-04 13:54:43 - [TEST_STEP][PASSED] - verifyTextPresent("Individual Filing", true): Text 'Individual Filing' is present on page  using regular expression

2023-01-04 13:54:44 - [MESSAGE][PASSED] - Text 'Individual Filing' is present on page  using regular expression

2023-01-04 13:54:44 - [TEST_STEP][PASSED] - verifyTextPresent("Joint Filing", true): Text 'Joint Filing' is present on page  using regular expression

2023-01-04 13:54:44 - [MESSAGE][PASSED] - Text 'Joint Filing' is present on page  using regular expression

2023-01-04 13:54:44 - [TEST_STEP][PASSED] - verifyTextPresent("Payment Amount", true): Text 'Payment Amount' is present on page  using regular expression

2023-01-04 13:54:44 - [MESSAGE][PASSED] - Text 'Payment Amount' is present on page  using regular expression

2023-01-04 13:54:44 - [TEST_STEP][PASSED] - verifyTextPresent("Service Fee: This electronic government service includes a service/convenience fee. Click here for details", true): Text 'Service Fee: This electronic government service includes a service/convenience fee. Click here for details' is present on page  using regular expression

2023-01-04 13:54:45 - [MESSAGE][PASSED] - Text 'Service Fee: This electronic government service includes a service/convenience fee. Click here for details' is present on page  using regular expression

2023-01-04 13:54:45 - [TEST_STEP][PASSED] - verifyElementPresent(findTestObject(orPath_Amount + "/a_Click here for details"), 30): Object 'Object Repository/RAD_Pages/PaymentAmount_Page/a_Click here for details' is present

2023-01-04 13:54:45 - [MESSAGE][PASSED] - Object 'Object Repository/RAD_Pages/PaymentAmount_Page/a_Click here for details' is present

2023-01-04 13:54:45 - [TEST_STEP][PASSED] - verifyElementPresent(findTestObject(orPath_Landing + "/button_Continue"), 30): Object 'Object Repository/RAD_Pages/Landing_Page/button_Continue' is present

2023-01-04 13:54:46 - [MESSAGE][PASSED] - Object 'Object Repository/RAD_Pages/Landing_Page/button_Continue' is present

2023-01-04 13:54:46 - [TEST_STEP][PASSED] - verifyElementPresent(findTestObject(orPath_TaxPayer + "/input_firstName"), 30): Object 'Object Repository/RAD_Pages/Taxpayer_Page/input_firstName' is present

2023-01-04 13:54:46 - [MESSAGE][PASSED] - Object 'Object Repository/RAD_Pages/Taxpayer_Page/input_firstName' is present

2023-01-04 13:54:46 - [TEST_STEP][PASSED] - verifyElementPresent(findTestObject(orPath_TaxPayer + "/input_middleName"), 30): Object 'Object Repository/RAD_Pages/Taxpayer_Page/input_middleName' is present

2023-01-04 13:54:47 - [MESSAGE][PASSED] - Object 'Object Repository/RAD_Pages/Taxpayer_Page/input_middleName' is present

2023-01-04 13:54:47 - [TEST_STEP][PASSED] - verifyElementPresent(findTestObject(orPath_TaxPayer + "/input_lastName"), 30): Object 'Object Repository/RAD_Pages/Taxpayer_Page/input_lastName' is present

2023-01-04 13:54:47 - [MESSAGE][PASSED] - Object 'Object Repository/RAD_Pages/Taxpayer_Page/input_lastName' is present

2023-01-04 13:54:47 - [TEST_STEP][PASSED] - verifyElementPresent(findTestObject(orPath_TaxPayer + "/input_suffix"), 30): Object 'Object Repository/RAD_Pages/Taxpayer_Page/input_suffix' is present

2023-01-04 13:54:47 - [MESSAGE][PASSED] - Object 'Object Repository/RAD_Pages/Taxpayer_Page/input_suffix' is present

2023-01-04 13:54:47 - [TEST_STEP][PASSED] - verifyElementPresent(findTestObject("RAD_RecordAndPlay/input_concatSSN"), 30): Object 'Object Repository/RAD_RecordAndPlay/input_concatSSN' is present

2023-01-04 13:54:48 - [MESSAGE][PASSED] - Object 'Object Repository/RAD_RecordAndPlay/input_concatSSN' is present

2023-01-04 13:54:48 - [TEST_STEP][PASSED] - verifyElementPresent(findTestObject("RAD_RecordAndPlay/input_concatReSSN"), 30): Object 'Object Repository/RAD_RecordAndPlay/input_concatReSSN' is present

2023-01-04 13:54:49 - [MESSAGE][PASSED] - Object 'Object Repository/RAD_RecordAndPlay/input_concatReSSN' is present

2023-01-04 13:54:49 - [TEST_STEP][PASSED] - verifyElementPresent(findTestObject(orPath_AddressContact + "/select_Country"), 30): Object 'Object Repository/RAD_Pages/AddressAndContactInfo_Page/select_Country' is present

2023-01-04 13:54:49 - [MESSAGE][PASSED] - Object 'Object Repository/RAD_Pages/AddressAndContactInfo_Page/select_Country' is present

2023-01-04 13:54:49 - [TEST_STEP][PASSED] - verifyElementPresent(findTestObject(orPath_AddressContact + "/input_streetAddress1"), 30): Object 'Object Repository/RAD_Pages/AddressAndContactInfo_Page/input_streetAddress1' is present

2023-01-04 13:54:50 - [MESSAGE][PASSED] - Object 'Object Repository/RAD_Pages/AddressAndContactInfo_Page/input_streetAddress1' is present

2023-01-04 13:54:50 - [TEST_STEP][PASSED] - verifyElementPresent(findTestObject(orPath_AddressContact + "/input_streetAddress2"), 30): Object 'Object Repository/RAD_Pages/AddressAndContactInfo_Page/input_streetAddress2' is present

2023-01-04 13:54:50 - [MESSAGE][PASSED] - Object 'Object Repository/RAD_Pages/AddressAndContactInfo_Page/input_streetAddress2' is present

2023-01-04 13:54:50 - [TEST_STEP][PASSED] - verifyElementPresent(findTestObject(orPath_AddressContact + "/input_city"), 30): Object 'Object Repository/RAD_Pages/AddressAndContactInfo_Page/input_city' is present

2023-01-04 13:54:51 - [MESSAGE][PASSED] - Object 'Object Repository/RAD_Pages/AddressAndContactInfo_Page/input_city' is present

2023-01-04 13:54:51 - [TEST_STEP][PASSED] - verifyElementPresent(findTestObject(orPath_AddressContact + "/select_State"), 30): Object 'Object Repository/RAD_Pages/AddressAndContactInfo_Page/select_State' is present

2023-01-04 13:54:51 - [MESSAGE][PASSED] - Object 'Object Repository/RAD_Pages/AddressAndContactInfo_Page/select_State' is present

2023-01-04 13:54:51 - [TEST_STEP][PASSED] - verifyElementPresent(findTestObject(orPath_AddressContact + "/input_zipCode"), 30): Object 'Object Repository/RAD_Pages/AddressAndContactInfo_Page/input_zipCode' is present

2023-01-04 13:54:52 - [MESSAGE][PASSED] - Object 'Object Repository/RAD_Pages/AddressAndContactInfo_Page/input_zipCode' is present

2023-01-04 13:54:52 - [TEST_STEP][PASSED] - verifyElementPresent(findTestObject(orPath_AddressContact + "/input_phoneNumber"), 30): Object 'Object Repository/RAD_Pages/AddressAndContactInfo_Page/input_phoneNumber' is present

2023-01-04 13:54:52 - [MESSAGE][PASSED] - Object 'Object Repository/RAD_Pages/AddressAndContactInfo_Page/input_phoneNumber' is present

2023-01-04 13:54:52 - [TEST_STEP][PASSED] - verifyElementPresent(findTestObject(orPath_AddressContact + "/input_eMailAddress"), 30): Object 'Object Repository/RAD_Pages/AddressAndContactInfo_Page/input_eMailAddress' is present

2023-01-04 13:54:53 - [MESSAGE][PASSED] - Object 'Object Repository/RAD_Pages/AddressAndContactInfo_Page/input_eMailAddress' is present

2023-01-04 13:54:53 - [TEST_STEP][PASSED] - verifyElementPresent(findTestObject(orPath_AddressContact + "/input_reEnterEMailAddress"), 30): Object 'Object Repository/RAD_Pages/AddressAndContactInfo_Page/input_reEnterEMailAddress' is present

2023-01-04 13:54:53 - [MESSAGE][PASSED] - Object 'Object Repository/RAD_Pages/AddressAndContactInfo_Page/input_reEnterEMailAddress' is present

2023-01-04 13:54:53 - [TEST_STEP][PASSED] - verifyOptionsPresent(findTestObject(orPath_AddressContact + "/select_Country"), ["United States"]): Options [United States] present.

2023-01-04 13:54:54 - [MESSAGE][PASSED] - Options [United States] present.

2023-01-04 13:54:54 - [TEST_STEP][PASSED] - verifyOptionsPresent(findTestObject(orPath_AddressContact + "/select_State"), ["Alabama", "District of Columbia", "Maryland", "Virginia", "Wyoming"]): Options [Alabama, District of Columbia, Maryland, Virginia, Wyoming] present.

2023-01-04 13:54:55 - [MESSAGE][PASSED] - Options [Alabama, District of Columbia, Maryland, Virginia, Wyoming] present.

2023-01-04 13:54:55 - [TEST_STEP][PASSED] - totalOptionsState = getNumberOfTotalOption(findTestObject(orPath_AddressContact + "/select_State")): 52 options of object 'Object Repository/RAD_Pages/AddressAndContactInfo_Page/select_State' counted

2023-01-04 13:54:56 - [MESSAGE][PASSED] - 52 options of object 'Object Repository/RAD_Pages/AddressAndContactInfo_Page/select_State' counted

2023-01-04 13:54:56 - [TEST_STEP][PASSED] - verifyEqual(totalOptionsState, 52): Actual object '52' and expected object '52' are equal

2023-01-04 13:54:56 - [MESSAGE][PASSED] - Actual object '52' and expected object '52' are equal

2023-01-04 13:54:56 - [TEST_STEP][PASSED] - verifyElementPresent(findTestObject(orPath_FilingStatus + "/input_userType_Individual"), 30): Object 'Object Repository/RAD_Pages/FilingStatus_Page/input_userType_Individual' is present

2023-01-04 13:54:56 - [MESSAGE][PASSED] - Object 'Object Repository/RAD_Pages/FilingStatus_Page/input_userType_Individual' is present

2023-01-04 13:54:56 - [TEST_STEP][PASSED] - verifyElementPresent(findTestObject(orPath_FilingStatus + "/input_userType_Joint"), 30): Object 'Object Repository/RAD_Pages/FilingStatus_Page/input_userType_Joint' is present

2023-01-04 13:54:57 - [MESSAGE][PASSED] - Object 'Object Repository/RAD_Pages/FilingStatus_Page/input_userType_Joint' is present

2023-01-04 13:54:57 - [TEST_STEP][PASSED] - verifyElementPresent(findTestObject(orPath_Amount + "/input__paymentAmount"), 30): Object 'Object Repository/RAD_Pages/PaymentAmount_Page/input__paymentAmount' is present

2023-01-04 13:54:57 - [MESSAGE][PASSED] - Object 'Object Repository/RAD_Pages/PaymentAmount_Page/input__paymentAmount' is present

2023-01-04 13:54:57 - [TEST_STEP][PASSED] - scrollToElement(findTestObject(orPath_Amount + "/input__paymentAmount"), 3): Scroll to object 'Object Repository/RAD_Pages/PaymentAmount_Page/input__paymentAmount' successfully

2023-01-04 13:54:58 - [MESSAGE][PASSED] - Scroll to object 'Object Repository/RAD_Pages/PaymentAmount_Page/input__paymentAmount' successfully

2023-01-04 13:54:58 - [TEST_STEP][PASSED] - waitForElementClickable(findTestObject(orPath_FilingStatus + "/input_userType_Joint"), 5): Object 'Object Repository/RAD_Pages/FilingStatus_Page/input_userType_Joint' is clickable

2023-01-04 13:54:58 - [MESSAGE][PASSED] - Object 'Object Repository/RAD_Pages/FilingStatus_Page/input_userType_Joint' is clickable

2023-01-04 13:54:58 - [TEST_STEP][PASSED] - click(findTestObject(orPath_FilingStatus + "/input_userType_Joint")): Object: 'Object Repository/RAD_Pages/FilingStatus_Page/input_userType_Joint' is clicked on

2023-01-04 13:54:59 - [MESSAGE][PASSED] - Object: 'Object Repository/RAD_Pages/FilingStatus_Page/input_userType_Joint' is clicked on

2023-01-04 13:54:59 - [TEST_STEP][PASSED] - verifyTextPresent("Provide the following information for the joint filer", true): Text 'Provide the following information for the joint filer' is present on page  using regular expression

2023-01-04 13:54:59 - [MESSAGE][PASSED] - Text 'Provide the following information for the joint filer' is present on page  using regular expression

2023-01-04 13:54:59 - [TEST_STEP][PASSED] - verifyElementPresent(findTestObject(orPath_FilingStatus + "/input_jointFirstName"), 30): Object 'Object Repository/RAD_Pages/FilingStatus_Page/input_jointFirstName' is present

2023-01-04 13:55:00 - [MESSAGE][PASSED] - Object 'Object Repository/RAD_Pages/FilingStatus_Page/input_jointFirstName' is present

2023-01-04 13:55:00 - [TEST_STEP][PASSED] - verifyElementPresent(findTestObject(orPath_FilingStatus + "/input_jointMiddleName"), 30): Object 'Object Repository/RAD_Pages/FilingStatus_Page/input_jointMiddleName' is present

2023-01-04 13:55:00 - [MESSAGE][PASSED] - Object 'Object Repository/RAD_Pages/FilingStatus_Page/input_jointMiddleName' is present

2023-01-04 13:55:00 - [TEST_STEP][PASSED] - verifyElementPresent(findTestObject(orPath_FilingStatus + "/input_jointLastName"), 30): Object 'Object Repository/RAD_Pages/FilingStatus_Page/input_jointLastName' is present

2023-01-04 13:55:01 - [MESSAGE][PASSED] - Object 'Object Repository/RAD_Pages/FilingStatus_Page/input_jointLastName' is present

2023-01-04 13:55:01 - [TEST_STEP][PASSED] - verifyElementPresent(findTestObject(orPath_FilingStatus + "/input_jointSuffix"), 30): Object 'Object Repository/RAD_Pages/FilingStatus_Page/input_jointSuffix' is present

2023-01-04 13:55:01 - [MESSAGE][PASSED] - Object 'Object Repository/RAD_Pages/FilingStatus_Page/input_jointSuffix' is present

2023-01-04 13:55:01 - [TEST_STEP][PASSED] - verifyElementPresent(findTestObject("Object Repository/RAD_RecordAndPlay/input_JointFilerSSN"), 30): Object 'Object Repository/RAD_RecordAndPlay/input_JointFilerSSN' is present

2023-01-04 13:55:02 - [MESSAGE][PASSED] - Object 'Object Repository/RAD_RecordAndPlay/input_JointFilerSSN' is present

2023-01-04 13:55:02 - [TEST_STEP][PASSED] - verifyElementPresent(findTestObject("Object Repository/RAD_RecordAndPlay/input_reTypeJointFilerSSN"), 30): Object 'Object Repository/RAD_RecordAndPlay/input_reTypeJointFilerSSN' is present

2023-01-04 13:55:02 - [MESSAGE][PASSED] - Object 'Object Repository/RAD_RecordAndPlay/input_reTypeJointFilerSSN' is present

2023-01-04 13:55:02 - [TEST_STEP][PASSED] - selectOptionByLabel(findTestObject(orPath_TaxTypeFilingYear + "/select_PaymentType"), "Personal", false): All options with label 'Personal' are selected in object 'Object Repository/RAD_Pages/TaxTypeFilingYear_Page/select_PaymentType' 

2023-01-04 13:55:03 - [MESSAGE][PASSED] - All options with label 'Personal' are selected in object 'Object Repository/RAD_Pages/TaxTypeFilingYear_Page/select_PaymentType' 

2023-01-04 13:55:03 - [TEST_STEP][PASSED] - verifyElementVisible(findTestObject(orPath_TaxPayer + "/input_firstName")): Object 'Object Repository/RAD_Pages/Taxpayer_Page/input_firstName' is visible

2023-01-04 13:55:04 - [MESSAGE][PASSED] - Object 'Object Repository/RAD_Pages/Taxpayer_Page/input_firstName' is visible

2023-01-04 13:55:04 - [TEST_STEP][PASSED] - verifyElementVisible(findTestObject(orPath_TaxPayer + "/input_middleName")): Object 'Object Repository/RAD_Pages/Taxpayer_Page/input_middleName' is visible

2023-01-04 13:55:04 - [MESSAGE][PASSED] - Object 'Object Repository/RAD_Pages/Taxpayer_Page/input_middleName' is visible

2023-01-04 13:55:04 - [TEST_STEP][PASSED] - verifyElementVisible(findTestObject(orPath_TaxPayer + "/input_lastName")): Object 'Object Repository/RAD_Pages/Taxpayer_Page/input_lastName' is visible

2023-01-04 13:55:05 - [MESSAGE][PASSED] - Object 'Object Repository/RAD_Pages/Taxpayer_Page/input_lastName' is visible

2023-01-04 13:55:05 - [TEST_STEP][PASSED] - verifyElementVisible(findTestObject(orPath_TaxPayer + "/input_suffix")): Object 'Object Repository/RAD_Pages/Taxpayer_Page/input_suffix' is visible

2023-01-04 13:55:05 - [MESSAGE][PASSED] - Object 'Object Repository/RAD_Pages/Taxpayer_Page/input_suffix' is visible

2023-01-04 13:55:05 - [TEST_STEP][PASSED] - verifyElementVisible(findTestObject("RAD_RecordAndPlay/input_concatSSN")): Object 'Object Repository/RAD_RecordAndPlay/input_concatSSN' is visible

2023-01-04 13:55:06 - [MESSAGE][PASSED] - Object 'Object Repository/RAD_RecordAndPlay/input_concatSSN' is visible

2023-01-04 13:55:06 - [TEST_STEP][PASSED] - verifyElementVisible(findTestObject("RAD_RecordAndPlay/input_concatReSSN")): Object 'Object Repository/RAD_RecordAndPlay/input_concatReSSN' is visible

2023-01-04 13:55:06 - [MESSAGE][PASSED] - Object 'Object Repository/RAD_RecordAndPlay/input_concatReSSN' is visible

2023-01-04 13:55:06 - [TEST_STEP][PASSED] - verifyElementVisible(findTestObject(orPath_FilingStatus + "/input_userType_Individual")): Object 'Object Repository/RAD_Pages/FilingStatus_Page/input_userType_Individual' is visible

2023-01-04 13:55:07 - [MESSAGE][PASSED] - Object 'Object Repository/RAD_Pages/FilingStatus_Page/input_userType_Individual' is visible

2023-01-04 13:55:07 - [TEST_STEP][PASSED] - verifyElementVisible(findTestObject(orPath_FilingStatus + "/input_userType_Joint")): Object 'Object Repository/RAD_Pages/FilingStatus_Page/input_userType_Joint' is visible

2023-01-04 13:55:07 - [MESSAGE][PASSED] - Object 'Object Repository/RAD_Pages/FilingStatus_Page/input_userType_Joint' is visible

2023-01-04 13:55:07 - [TEST_STEP][PASSED] - verifyElementNotVisible(findTestObject(orPath_TaxPayer + "/input_Note_businessName")): Object 'Object Repository/RAD_Pages/Taxpayer_Page/input_Note_businessName' is NOT visible

2023-01-04 13:55:08 - [MESSAGE][PASSED] - Object 'Object Repository/RAD_Pages/Taxpayer_Page/input_Note_businessName' is NOT visible

2023-01-04 13:55:08 - [TEST_STEP][PASSED] - verifyElementNotVisible(findTestObject(orPath_TaxInfo + "/input_FederalEIN-2")): Object 'Object Repository/RAD_Pages/TaxInfo_Page/input_FederalEIN-2' is NOT visible

2023-01-04 13:55:08 - [MESSAGE][PASSED] - Object 'Object Repository/RAD_Pages/TaxInfo_Page/input_FederalEIN-2' is NOT visible

2023-01-04 13:55:08 - [TEST_STEP][PASSED] - verifyElementNotVisible(findTestObject(orPath_TaxInfo + "/input_FederalEIN_ReEnter-2")): Object 'Object Repository/RAD_Pages/TaxInfo_Page/input_FederalEIN_ReEnter-2' is NOT visible

2023-01-04 13:55:09 - [MESSAGE][PASSED] - Object 'Object Repository/RAD_Pages/TaxInfo_Page/input_FederalEIN_ReEnter-2' is NOT visible

2023-01-04 13:55:09 - [TEST_STEP][PASSED] - selectOptionByLabel(findTestObject(orPath_TaxTypeFilingYear + "/select_PaymentType"), "Corporate", false): All options with label 'Corporate' are selected in object 'Object Repository/RAD_Pages/TaxTypeFilingYear_Page/select_PaymentType' 

2023-01-04 13:55:10 - [MESSAGE][PASSED] - All options with label 'Corporate' are selected in object 'Object Repository/RAD_Pages/TaxTypeFilingYear_Page/select_PaymentType' 

2023-01-04 13:55:10 - [TEST_STEP][PASSED] - verifyElementPresent(findTestObject(orPath_TaxTypeFilingYear + "/select_PeriodEnding"), 30): Object 'Object Repository/RAD_Pages/TaxTypeFilingYear_Page/select_PeriodEnding' is present

2023-01-04 13:55:10 - [MESSAGE][PASSED] - Object 'Object Repository/RAD_Pages/TaxTypeFilingYear_Page/select_PeriodEnding' is present

2023-01-04 13:55:10 - [TEST_STEP][PASSED] - totalOptionsPeriodEnding = getNumberOfTotalOption(findTestObject(orPath_TaxTypeFilingYear + "/select_PeriodEnding")): 13 options of object 'Object Repository/RAD_Pages/TaxTypeFilingYear_Page/select_PeriodEnding' counted

2023-01-04 13:55:11 - [MESSAGE][PASSED] - 13 options of object 'Object Repository/RAD_Pages/TaxTypeFilingYear_Page/select_PeriodEnding' counted

2023-01-04 13:55:11 - [TEST_STEP][PASSED] - verifyEqual(totalOptionsPeriodEnding, 13): Actual object '13' and expected object '13' are equal

2023-01-04 13:55:11 - [MESSAGE][PASSED] - Actual object '13' and expected object '13' are equal

2023-01-04 13:55:11 - [TEST_STEP][PASSED] - verifyOptionsPresent(findTestObject(orPath_TaxTypeFilingYear + "/select_PeriodEnding"), ["Month", "January", "February", "March", "April", "May", "June"]): Options [Month, January, February, March, April, May, June] present.

2023-01-04 13:55:12 - [MESSAGE][PASSED] - Options [Month, January, February, March, April, May, June] present.

2023-01-04 13:55:12 - [TEST_STEP][PASSED] - verifyOptionsPresent(findTestObject(orPath_TaxTypeFilingYear + "/select_PeriodEnding"), ["July", "August", "September", "October", "November", "December"]): Options [July, August, September, October, November, December] present.

2023-01-04 13:55:13 - [MESSAGE][PASSED] - Options [July, August, September, October, November, December] present.

2023-01-04 13:55:13 - [TEST_STEP][PASSED] - verifyElementVisible(findTestObject(orPath_TaxPayer + "/input_Note_businessName")): Object 'Object Repository/RAD_Pages/Taxpayer_Page/input_Note_businessName' is visible

2023-01-04 13:55:13 - [MESSAGE][PASSED] - Object 'Object Repository/RAD_Pages/Taxpayer_Page/input_Note_businessName' is visible

2023-01-04 13:55:13 - [TEST_STEP][PASSED] - verifyElementVisible(findTestObject(orPath_TaxInfo + "/input_FederalEIN-2")): Object 'Object Repository/RAD_Pages/TaxInfo_Page/input_FederalEIN-2' is visible

2023-01-04 13:55:14 - [MESSAGE][PASSED] - Object 'Object Repository/RAD_Pages/TaxInfo_Page/input_FederalEIN-2' is visible

2023-01-04 13:55:14 - [TEST_STEP][PASSED] - verifyElementVisible(findTestObject(orPath_TaxInfo + "/input_FederalEIN_ReEnter-2")): Object 'Object Repository/RAD_Pages/TaxInfo_Page/input_FederalEIN_ReEnter-2' is visible

2023-01-04 13:55:14 - [MESSAGE][PASSED] - Object 'Object Repository/RAD_Pages/TaxInfo_Page/input_FederalEIN_ReEnter-2' is visible

2023-01-04 13:55:14 - [TEST_STEP][PASSED] - verifyElementNotVisible(findTestObject(orPath_TaxPayer + "/input_firstName")): Object 'Object Repository/RAD_Pages/Taxpayer_Page/input_firstName' is NOT visible

2023-01-04 13:55:15 - [MESSAGE][PASSED] - Object 'Object Repository/RAD_Pages/Taxpayer_Page/input_firstName' is NOT visible

2023-01-04 13:55:15 - [TEST_STEP][PASSED] - verifyElementNotVisible(findTestObject(orPath_TaxPayer + "/input_middleName")): Object 'Object Repository/RAD_Pages/Taxpayer_Page/input_middleName' is NOT visible

2023-01-04 13:55:15 - [MESSAGE][PASSED] - Object 'Object Repository/RAD_Pages/Taxpayer_Page/input_middleName' is NOT visible

2023-01-04 13:55:15 - [TEST_STEP][PASSED] - verifyElementNotVisible(findTestObject(orPath_TaxPayer + "/input_lastName")): Object 'Object Repository/RAD_Pages/Taxpayer_Page/input_lastName' is NOT visible

2023-01-04 13:55:16 - [MESSAGE][PASSED] - Object 'Object Repository/RAD_Pages/Taxpayer_Page/input_lastName' is NOT visible

2023-01-04 13:55:16 - [TEST_STEP][PASSED] - verifyElementNotVisible(findTestObject(orPath_TaxPayer + "/input_suffix")): Object 'Object Repository/RAD_Pages/Taxpayer_Page/input_suffix' is NOT visible

2023-01-04 13:55:16 - [MESSAGE][PASSED] - Object 'Object Repository/RAD_Pages/Taxpayer_Page/input_suffix' is NOT visible

2023-01-04 13:55:16 - [TEST_STEP][PASSED] - verifyElementNotVisible(findTestObject("RAD_RecordAndPlay/input_concatSSN")): Object 'Object Repository/RAD_RecordAndPlay/input_concatSSN' is NOT visible

2023-01-04 13:55:17 - [MESSAGE][PASSED] - Object 'Object Repository/RAD_RecordAndPlay/input_concatSSN' is NOT visible

2023-01-04 13:55:17 - [TEST_STEP][PASSED] - verifyElementNotVisible(findTestObject("RAD_RecordAndPlay/input_concatReSSN")): Object 'Object Repository/RAD_RecordAndPlay/input_concatReSSN' is NOT visible

2023-01-04 13:55:17 - [MESSAGE][PASSED] - Object 'Object Repository/RAD_RecordAndPlay/input_concatReSSN' is NOT visible

2023-01-04 13:55:17 - [TEST_STEP][PASSED] - verifyElementNotVisible(findTestObject(orPath_FilingStatus + "/input_userType_Individual")): Object 'Object Repository/RAD_Pages/FilingStatus_Page/input_userType_Individual' is NOT visible

2023-01-04 13:55:17 - [MESSAGE][PASSED] - Object 'Object Repository/RAD_Pages/FilingStatus_Page/input_userType_Individual' is NOT visible

2023-01-04 13:55:17 - [TEST_STEP][PASSED] - verifyElementNotVisible(findTestObject(orPath_FilingStatus + "/input_userType_Joint")): Object 'Object Repository/RAD_Pages/FilingStatus_Page/input_userType_Joint' is NOT visible

2023-01-04 13:55:18 - [MESSAGE][PASSED] - Object 'Object Repository/RAD_Pages/FilingStatus_Page/input_userType_Joint' is NOT visible]]></system-out>
         <system-err><![CDATA[]]></system-err>
      </testcase>
      <testcase name="Test Cases/RAD_TestCases/UI_TestCases/PersonalIncomeTax_UI_TC" time="42.278" classname="Test Cases/RAD_TestCases/UI_TestCases/PersonalIncomeTax_UI_TC" status="FAILED">
         <failure type="FAILED" message="Test Cases/RAD_TestCases/UI_TestCases/PersonalIncomeTax_UI_TC FAILED.
Reason:
com.kms.katalon.core.exception.StepFailedException: Options [2019, 2020, 2021] do NOT present. (Root cause: com.kms.katalon.core.exception.StepFailedException: Options [2019, 2020, 2021] do NOT present.. Reason: Your expected options are [2019, 2020, 2021] but the actual are [Select, 2022, 2021, 2020].
	at com.kms.katalon.core.webui.keyword.internal.WebUIKeywordMain.stepFailedWithReason(WebUIKeywordMain.groovy:70)
	at com.kms.katalon.core.webui.keyword.builtin.VerifyOptionsPresentKeyword$_verifyOptionsPresent_closure1.doCall(VerifyOptionsPresentKeyword.groovy:64)
	at com.kms.katalon.core.webui.keyword.builtin.VerifyOptionsPresentKeyword$_verifyOptionsPresent_closure1.call(VerifyOptionsPresentKeyword.groovy)
	at com.kms.katalon.core.webui.keyword.internal.WebUIKeywordMain.runKeyword(WebUIKeywordMain.groovy:20)
	at com.kms.katalon.core.webui.keyword.builtin.VerifyOptionsPresentKeyword.verifyOptionsPresent(VerifyOptionsPresentKeyword.groovy:72)
	at com.kms.katalon.core.webui.keyword.builtin.VerifyOptionsPresentKeyword.execute(VerifyOptionsPresentKeyword.groovy:38)
	at com.kms.katalon.core.keyword.internal.KeywordExecutor.executeKeywordForPlatform(KeywordExecutor.groovy:74)
	at com.kms.katalon.core.webui.keyword.WebUiBuiltInKeywords.verifyOptionsPresent(WebUiBuiltInKeywords.groovy:4716)
	at com.kms.katalon.core.webui.keyword.WebUiBuiltInKeywords$verifyOptionsPresent$7.call(Unknown Source)
	at PersonalIncomeTax_UI_TC.run(PersonalIncomeTax_UI_TC:57)
	at com.kms.katalon.core.main.ScriptEngine.run(ScriptEngine.java:194)
	at com.kms.katalon.core.main.ScriptEngine.runScriptAsRawText(ScriptEngine.java:119)
	at com.kms.katalon.core.main.TestCaseExecutor.runScript(TestCaseExecutor.java:442)
	at com.kms.katalon.core.main.TestCaseExecutor.doExecute(TestCaseExecutor.java:433)
	at com.kms.katalon.core.main.TestCaseExecutor.processExecutionPhase(TestCaseExecutor.java:412)
	at com.kms.katalon.core.main.TestCaseExecutor.accessMainPhase(TestCaseExecutor.java:404)
	at com.kms.katalon.core.main.TestCaseExecutor.execute(TestCaseExecutor.java:281)
	at com.kms.katalon.core.main.TestSuiteExecutor.accessTestCaseMainPhase(TestSuiteExecutor.java:202)
	at com.kms.katalon.core.main.TestSuiteExecutor.accessTestSuiteMainPhase(TestSuiteExecutor.java:164)
	at com.kms.katalon.core.main.TestSuiteExecutor.execute(TestSuiteExecutor.java:105)
	at com.kms.katalon.core.main.TestCaseMain.startTestSuite(TestCaseMain.java:185)
	at com.kms.katalon.core.main.TestCaseMain$startTestSuite$0.call(Unknown Source)
	at TempTestSuite1672858415003.run(TempTestSuite1672858415003.groovy:36)
)
	at com.kms.katalon.core.keyword.internal.KeywordMain.stepFailed(KeywordMain.groovy:39)
	at com.kms.katalon.core.webui.keyword.internal.WebUIKeywordMain.stepFailedWithReason(WebUIKeywordMain.groovy:70)
	at com.kms.katalon.core.webui.keyword.builtin.VerifyOptionsPresentKeyword$_verifyOptionsPresent_closure1.doCall(VerifyOptionsPresentKeyword.groovy:64)
	at com.kms.katalon.core.webui.keyword.builtin.VerifyOptionsPresentKeyword$_verifyOptionsPresent_closure1.call(VerifyOptionsPresentKeyword.groovy)
	at com.kms.katalon.core.webui.keyword.internal.WebUIKeywordMain.runKeyword(WebUIKeywordMain.groovy:20)
	at com.kms.katalon.core.webui.keyword.builtin.VerifyOptionsPresentKeyword.verifyOptionsPresent(VerifyOptionsPresentKeyword.groovy:72)
	at com.kms.katalon.core.webui.keyword.builtin.VerifyOptionsPresentKeyword.execute(VerifyOptionsPresentKeyword.groovy:38)
	at com.kms.katalon.core.keyword.internal.KeywordExecutor.executeKeywordForPlatform(KeywordExecutor.groovy:74)
	at com.kms.katalon.core.webui.keyword.WebUiBuiltInKeywords.verifyOptionsPresent(WebUiBuiltInKeywords.groovy:4716)
	at com.kms.katalon.core.webui.keyword.WebUiBuiltInKeywords$verifyOptionsPresent$7.call(Unknown Source)
	at PersonalIncomeTax_UI_TC.run(PersonalIncomeTax_UI_TC:57)
	at com.kms.katalon.core.main.ScriptEngine.run(ScriptEngine.java:194)
	at com.kms.katalon.core.main.ScriptEngine.runScriptAsRawText(ScriptEngine.java:119)
	at com.kms.katalon.core.main.TestCaseExecutor.runScript(TestCaseExecutor.java:442)
	at com.kms.katalon.core.main.TestCaseExecutor.doExecute(TestCaseExecutor.java:433)
	at com.kms.katalon.core.main.TestCaseExecutor.processExecutionPhase(TestCaseExecutor.java:412)
	at com.kms.katalon.core.main.TestCaseExecutor.accessMainPhase(TestCaseExecutor.java:404)
	at com.kms.katalon.core.main.TestCaseExecutor.execute(TestCaseExecutor.java:281)
	at com.kms.katalon.core.main.TestSuiteExecutor.accessTestCaseMainPhase(TestSuiteExecutor.java:202)
	at com.kms.katalon.core.main.TestSuiteExecutor.accessTestSuiteMainPhase(TestSuiteExecutor.java:164)
	at com.kms.katalon.core.main.TestSuiteExecutor.execute(TestSuiteExecutor.java:105)
	at com.kms.katalon.core.main.TestCaseMain.startTestSuite(TestCaseMain.java:185)
	at com.kms.katalon.core.main.TestCaseMain$startTestSuite$0.call(Unknown Source)
	at TempTestSuite1672858415003.run(TempTestSuite1672858415003.groovy:36)
Caused by: com.kms.katalon.core.exception.StepFailedException: Options [2019, 2020, 2021] do NOT present.. Reason: Your expected options are [2019, 2020, 2021] but the actual are [Select, 2022, 2021, 2020].
	... 23 more
"/>
         <system-out><![CDATA[2023-01-04 13:55:18 - [TEST_CASE][FAILED] - Test Cases/RAD_TestCases/UI_TestCases/PersonalIncomeTax_UI_TC: Test Cases/RAD_TestCases/UI_TestCases/PersonalIncomeTax_UI_TC FAILED.
Reason:
com.kms.katalon.core.exception.StepFailedException: Options [2019, 2020, 2021] do NOT present. (Root cause: com.kms.katalon.core.exception.StepFailedException: Options [2019, 2020, 2021] do NOT present.. Reason: Your expected options are [2019, 2020, 2021] but the actual are [Select, 2022, 2021, 2020].
	at com.kms.katalon.core.webui.keyword.internal.WebUIKeywordMain.stepFailedWithReason(WebUIKeywordMain.groovy:70)
	at com.kms.katalon.core.webui.keyword.builtin.VerifyOptionsPresentKeyword$_verifyOptionsPresent_closure1.doCall(VerifyOptionsPresentKeyword.groovy:64)
	at com.kms.katalon.core.webui.keyword.builtin.VerifyOptionsPresentKeyword$_verifyOptionsPresent_closure1.call(VerifyOptionsPresentKeyword.groovy)
	at com.kms.katalon.core.webui.keyword.internal.WebUIKeywordMain.runKeyword(WebUIKeywordMain.groovy:20)
	at com.kms.katalon.core.webui.keyword.builtin.VerifyOptionsPresentKeyword.verifyOptionsPresent(VerifyOptionsPresentKeyword.groovy:72)
	at com.kms.katalon.core.webui.keyword.builtin.VerifyOptionsPresentKeyword.execute(VerifyOptionsPresentKeyword.groovy:38)
	at com.kms.katalon.core.keyword.internal.KeywordExecutor.executeKeywordForPlatform(KeywordExecutor.groovy:74)
	at com.kms.katalon.core.webui.keyword.WebUiBuiltInKeywords.verifyOptionsPresent(WebUiBuiltInKeywords.groovy:4716)
	at com.kms.katalon.core.webui.keyword.WebUiBuiltInKeywords$verifyOptionsPresent$7.call(Unknown Source)
	at PersonalIncomeTax_UI_TC.run(PersonalIncomeTax_UI_TC:57)
	at com.kms.katalon.core.main.ScriptEngine.run(ScriptEngine.java:194)
	at com.kms.katalon.core.main.ScriptEngine.runScriptAsRawText(ScriptEngine.java:119)
	at com.kms.katalon.core.main.TestCaseExecutor.runScript(TestCaseExecutor.java:442)
	at com.kms.katalon.core.main.TestCaseExecutor.doExecute(TestCaseExecutor.java:433)
	at com.kms.katalon.core.main.TestCaseExecutor.processExecutionPhase(TestCaseExecutor.java:412)
	at com.kms.katalon.core.main.TestCaseExecutor.accessMainPhase(TestCaseExecutor.java:404)
	at com.kms.katalon.core.main.TestCaseExecutor.execute(TestCaseExecutor.java:281)
	at com.kms.katalon.core.main.TestSuiteExecutor.accessTestCaseMainPhase(TestSuiteExecutor.java:202)
	at com.kms.katalon.core.main.TestSuiteExecutor.accessTestSuiteMainPhase(TestSuiteExecutor.java:164)
	at com.kms.katalon.core.main.TestSuiteExecutor.execute(TestSuiteExecutor.java:105)
	at com.kms.katalon.core.main.TestCaseMain.startTestSuite(TestCaseMain.java:185)
	at com.kms.katalon.core.main.TestCaseMain$startTestSuite$0.call(Unknown Source)
	at TempTestSuite1672858415003.run(TempTestSuite1672858415003.groovy:36)
)
	at com.kms.katalon.core.keyword.internal.KeywordMain.stepFailed(KeywordMain.groovy:39)
	at com.kms.katalon.core.webui.keyword.internal.WebUIKeywordMain.stepFailedWithReason(WebUIKeywordMain.groovy:70)
	at com.kms.katalon.core.webui.keyword.builtin.VerifyOptionsPresentKeyword$_verifyOptionsPresent_closure1.doCall(VerifyOptionsPresentKeyword.groovy:64)
	at com.kms.katalon.core.webui.keyword.builtin.VerifyOptionsPresentKeyword$_verifyOptionsPresent_closure1.call(VerifyOptionsPresentKeyword.groovy)
	at com.kms.katalon.core.webui.keyword.internal.WebUIKeywordMain.runKeyword(WebUIKeywordMain.groovy:20)
	at com.kms.katalon.core.webui.keyword.builtin.VerifyOptionsPresentKeyword.verifyOptionsPresent(VerifyOptionsPresentKeyword.groovy:72)
	at com.kms.katalon.core.webui.keyword.builtin.VerifyOptionsPresentKeyword.execute(VerifyOptionsPresentKeyword.groovy:38)
	at com.kms.katalon.core.keyword.internal.KeywordExecutor.executeKeywordForPlatform(KeywordExecutor.groovy:74)
	at com.kms.katalon.core.webui.keyword.WebUiBuiltInKeywords.verifyOptionsPresent(WebUiBuiltInKeywords.groovy:4716)
	at com.kms.katalon.core.webui.keyword.WebUiBuiltInKeywords$verifyOptionsPresent$7.call(Unknown Source)
	at PersonalIncomeTax_UI_TC.run(PersonalIncomeTax_UI_TC:57)
	at com.kms.katalon.core.main.ScriptEngine.run(ScriptEngine.java:194)
	at com.kms.katalon.core.main.ScriptEngine.runScriptAsRawText(ScriptEngine.java:119)
	at com.kms.katalon.core.main.TestCaseExecutor.runScript(TestCaseExecutor.java:442)
	at com.kms.katalon.core.main.TestCaseExecutor.doExecute(TestCaseExecutor.java:433)
	at com.kms.katalon.core.main.TestCaseExecutor.processExecutionPhase(TestCaseExecutor.java:412)
	at com.kms.katalon.core.main.TestCaseExecutor.accessMainPhase(TestCaseExecutor.java:404)
	at com.kms.katalon.core.main.TestCaseExecutor.execute(TestCaseExecutor.java:281)
	at com.kms.katalon.core.main.TestSuiteExecutor.accessTestCaseMainPhase(TestSuiteExecutor.java:202)
	at com.kms.katalon.core.main.TestSuiteExecutor.accessTestSuiteMainPhase(TestSuiteExecutor.java:164)
	at com.kms.katalon.core.main.TestSuiteExecutor.execute(TestSuiteExecutor.java:105)
	at com.kms.katalon.core.main.TestCaseMain.startTestSuite(TestCaseMain.java:185)
	at com.kms.katalon.core.main.TestCaseMain$startTestSuite$0.call(Unknown Source)
	at TempTestSuite1672858415003.run(TempTestSuite1672858415003.groovy:36)
Caused by: com.kms.katalon.core.exception.StepFailedException: Options [2019, 2020, 2021] do NOT present.. Reason: Your expected options are [2019, 2020, 2021] but the actual are [Select, 2022, 2021, 2020].
	... 23 more


2023-01-04 13:55:18 - [TEST_STEP][PASSED] - openBrowser(""): Browser is opened with url: ''

2023-01-04 13:55:18 - [MESSAGE][WARNING] - A browser is already opened. Closing browser and opening a new one

2023-01-04 13:55:19 - [MESSAGE][INFO] - Starting 'Chrome' driver

2023-01-04 13:55:19 - [MESSAGE][INFO] - User set preference: ['acceptInsecureCerts', 'true']

2023-01-04 13:55:19 - [MESSAGE][INFO] - Action delay is set to 0 milliseconds

2023-01-04 13:55:21 - [MESSAGE][PASSED] - Browser is opened with url: ''

2023-01-04 13:55:21 - [TEST_STEP][PASSED] - maximizeWindow(): Current window maximized

2023-01-04 13:55:21 - [MESSAGE][PASSED] - Current window maximized

2023-01-04 13:55:21 - [TEST_STEP][PASSED] - navigateToUrl(RADurl): Navigate to 'https://qa.velocitypayment.com/client/rad/index.html' successfully

2023-01-04 13:55:22 - [MESSAGE][PASSED] - Navigate to 'https://qa.velocitypayment.com/client/rad/index.html' successfully

2023-01-04 13:55:22 - [TEST_STEP][PASSED] - orPath_Landing = "Object Repository/RAD_Pages/Landing_Page": null

2023-01-04 13:55:22 - [TEST_STEP][PASSED] - orPath_TaxTypeFilingYear = "Object Repository/RAD_Pages/TaxTypeFilingYear_Page": null

2023-01-04 13:55:22 - [TEST_STEP][PASSED] - orPath_TaxPayer = "Object Repository/RAD_Pages/Taxpayer_Page": null

2023-01-04 13:55:22 - [TEST_STEP][PASSED] - orPath_AddressContact = "Object Repository/RAD_Pages/AddressAndContactInfo_Page": null

2023-01-04 13:55:22 - [TEST_STEP][PASSED] - orPath_FilingStatus = "Object Repository/RAD_Pages/FilingStatus_Page": null

2023-01-04 13:55:22 - [TEST_STEP][PASSED] - orPath_Amount = "Object Repository/RAD_Pages/PaymentAmount_Page": null

2023-01-04 13:55:22 - [TEST_STEP][PASSED] - selectOptionByLabel(findTestObject(orPath_Landing + "/dd_TaxType"), "Personal Income Tax", false): All options with label 'Personal Income Tax' are selected in object 'Object Repository/RAD_Pages/Landing_Page/dd_TaxType' 

2023-01-04 13:55:23 - [MESSAGE][PASSED] - All options with label 'Personal Income Tax' are selected in object 'Object Repository/RAD_Pages/Landing_Page/dd_TaxType' 

2023-01-04 13:55:23 - [TEST_STEP][PASSED] - verifyElementPresent(findTestObject(orPath_TaxTypeFilingYear + "/select_FilingYear"), 30): Object 'Object Repository/RAD_Pages/TaxTypeFilingYear_Page/select_FilingYear' is present

2023-01-04 13:55:24 - [MESSAGE][PASSED] - Object 'Object Repository/RAD_Pages/TaxTypeFilingYear_Page/select_FilingYear' is present

2023-01-04 13:55:24 - [TEST_STEP][PASSED] - totalOptionsFilingYear = getNumberOfTotalOption(findTestObject(orPath_TaxTypeFilingYear + "/select_FilingYear")): 4 options of object 'Object Repository/RAD_Pages/TaxTypeFilingYear_Page/select_FilingYear' counted

2023-01-04 13:55:25 - [MESSAGE][PASSED] - 4 options of object 'Object Repository/RAD_Pages/TaxTypeFilingYear_Page/select_FilingYear' counted

2023-01-04 13:55:25 - [TEST_STEP][PASSED] - verifyEqual(totalOptionsFilingYear, 4): Actual object '4' and expected object '4' are equal

2023-01-04 13:55:25 - [MESSAGE][PASSED] - Actual object '4' and expected object '4' are equal

2023-01-04 13:55:25 - [TEST_STEP][FAILED] - verifyOptionsPresent(findTestObject(orPath_TaxTypeFilingYear + "/select_FilingYear"), ["2019", "2020", "2021"]): Options [2019, 2020, 2021] do NOT present. (Root cause: com.kms.katalon.core.exception.StepFailedException: Options [2019, 2020, 2021] do NOT present.. Reason: Your expected options are [2019, 2020, 2021] but the actual are [Select, 2022, 2021, 2020].
	at com.kms.katalon.core.webui.keyword.internal.WebUIKeywordMain.stepFailedWithReason(WebUIKeywordMain.groovy:70)
	at com.kms.katalon.core.webui.keyword.builtin.VerifyOptionsPresentKeyword$_verifyOptionsPresent_closure1.doCall(VerifyOptionsPresentKeyword.groovy:64)
	at com.kms.katalon.core.webui.keyword.builtin.VerifyOptionsPresentKeyword$_verifyOptionsPresent_closure1.call(VerifyOptionsPresentKeyword.groovy)
	at com.kms.katalon.core.webui.keyword.internal.WebUIKeywordMain.runKeyword(WebUIKeywordMain.groovy:20)
	at com.kms.katalon.core.webui.keyword.builtin.VerifyOptionsPresentKeyword.verifyOptionsPresent(VerifyOptionsPresentKeyword.groovy:72)
	at com.kms.katalon.core.webui.keyword.builtin.VerifyOptionsPresentKeyword.execute(VerifyOptionsPresentKeyword.groovy:38)
	at com.kms.katalon.core.keyword.internal.KeywordExecutor.executeKeywordForPlatform(KeywordExecutor.groovy:74)
	at com.kms.katalon.core.webui.keyword.WebUiBuiltInKeywords.verifyOptionsPresent(WebUiBuiltInKeywords.groovy:4716)
	at com.kms.katalon.core.webui.keyword.WebUiBuiltInKeywords$verifyOptionsPresent$7.call(Unknown Source)
	at PersonalIncomeTax_UI_TC.run(PersonalIncomeTax_UI_TC:57)
	at com.kms.katalon.core.main.ScriptEngine.run(ScriptEngine.java:194)
	at com.kms.katalon.core.main.ScriptEngine.runScriptAsRawText(ScriptEngine.java:119)
	at com.kms.katalon.core.main.TestCaseExecutor.runScript(TestCaseExecutor.java:442)
	at com.kms.katalon.core.main.TestCaseExecutor.doExecute(TestCaseExecutor.java:433)
	at com.kms.katalon.core.main.TestCaseExecutor.processExecutionPhase(TestCaseExecutor.java:412)
	at com.kms.katalon.core.main.TestCaseExecutor.accessMainPhase(TestCaseExecutor.java:404)
	at com.kms.katalon.core.main.TestCaseExecutor.execute(TestCaseExecutor.java:281)
	at com.kms.katalon.core.main.TestSuiteExecutor.accessTestCaseMainPhase(TestSuiteExecutor.java:202)
	at com.kms.katalon.core.main.TestSuiteExecutor.accessTestSuiteMainPhase(TestSuiteExecutor.java:164)
	at com.kms.katalon.core.main.TestSuiteExecutor.execute(TestSuiteExecutor.java:105)
	at com.kms.katalon.core.main.TestCaseMain.startTestSuite(TestCaseMain.java:185)
	at com.kms.katalon.core.main.TestCaseMain$startTestSuite$0.call(Unknown Source)
	at TempTestSuite1672858415003.run(TempTestSuite1672858415003.groovy:36)
)

2023-01-04 13:55:26 - [MESSAGE][FAILED] - Options [2019, 2020, 2021] do NOT present. (Root cause: com.kms.katalon.core.exception.StepFailedException: Options [2019, 2020, 2021] do NOT present.. Reason: Your expected options are [2019, 2020, 2021] but the actual are [Select, 2022, 2021, 2020].
	at com.kms.katalon.core.webui.keyword.internal.WebUIKeywordMain.stepFailedWithReason(WebUIKeywordMain.groovy:70)
	at com.kms.katalon.core.webui.keyword.builtin.VerifyOptionsPresentKeyword$_verifyOptionsPresent_closure1.doCall(VerifyOptionsPresentKeyword.groovy:64)
	at com.kms.katalon.core.webui.keyword.builtin.VerifyOptionsPresentKeyword$_verifyOptionsPresent_closure1.call(VerifyOptionsPresentKeyword.groovy)
	at com.kms.katalon.core.webui.keyword.internal.WebUIKeywordMain.runKeyword(WebUIKeywordMain.groovy:20)
	at com.kms.katalon.core.webui.keyword.builtin.VerifyOptionsPresentKeyword.verifyOptionsPresent(VerifyOptionsPresentKeyword.groovy:72)
	at com.kms.katalon.core.webui.keyword.builtin.VerifyOptionsPresentKeyword.execute(VerifyOptionsPresentKeyword.groovy:38)
	at com.kms.katalon.core.keyword.internal.KeywordExecutor.executeKeywordForPlatform(KeywordExecutor.groovy:74)
	at com.kms.katalon.core.webui.keyword.WebUiBuiltInKeywords.verifyOptionsPresent(WebUiBuiltInKeywords.groovy:4716)
	at com.kms.katalon.core.webui.keyword.WebUiBuiltInKeywords$verifyOptionsPresent$7.call(Unknown Source)
	at PersonalIncomeTax_UI_TC.run(PersonalIncomeTax_UI_TC:57)
	at com.kms.katalon.core.main.ScriptEngine.run(ScriptEngine.java:194)
	at com.kms.katalon.core.main.ScriptEngine.runScriptAsRawText(ScriptEngine.java:119)
	at com.kms.katalon.core.main.TestCaseExecutor.runScript(TestCaseExecutor.java:442)
	at com.kms.katalon.core.main.TestCaseExecutor.doExecute(TestCaseExecutor.java:433)
	at com.kms.katalon.core.main.TestCaseExecutor.processExecutionPhase(TestCaseExecutor.java:412)
	at com.kms.katalon.core.main.TestCaseExecutor.accessMainPhase(TestCaseExecutor.java:404)
	at com.kms.katalon.core.main.TestCaseExecutor.execute(TestCaseExecutor.java:281)
	at com.kms.katalon.core.main.TestSuiteExecutor.accessTestCaseMainPhase(TestSuiteExecutor.java:202)
	at com.kms.katalon.core.main.TestSuiteExecutor.accessTestSuiteMainPhase(TestSuiteExecutor.java:164)
	at com.kms.katalon.core.main.TestSuiteExecutor.execute(TestSuiteExecutor.java:105)
	at com.kms.katalon.core.main.TestCaseMain.startTestSuite(TestCaseMain.java:185)
	at com.kms.katalon.core.main.TestCaseMain$startTestSuite$0.call(Unknown Source)
	at TempTestSuite1672858415003.run(TempTestSuite1672858415003.groovy:36)
)
[[ATTACHMENT|E:\\Cloned-Project-Katalon\\VPS-Katalon\\Reports\\20230104_135334\\RAD_TestSuite\\RAD_UI_TestSuite\\20230104_135334\\1672858526033.png]]

2023-01-04 13:55:26 - [TEST_STEP][PASSED] - verifyTextPresent("Tax Type/Filing Year", true): Text 'Tax Type/Filing Year' is present on page  using regular expression

2023-01-04 13:55:26 - [MESSAGE][PASSED] - Text 'Tax Type/Filing Year' is present on page  using regular expression

2023-01-04 13:55:26 - [TEST_STEP][PASSED] - verifyTextPresent("Taxpayer", true): Text 'Taxpayer' is present on page  using regular expression

2023-01-04 13:55:27 - [MESSAGE][PASSED] - Text 'Taxpayer' is present on page  using regular expression

2023-01-04 13:55:27 - [TEST_STEP][PASSED] - verifyTextPresent("Provide the following taxpayer information", true): Text 'Provide the following taxpayer information' is present on page  using regular expression

2023-01-04 13:55:27 - [MESSAGE][PASSED] - Text 'Provide the following taxpayer information' is present on page  using regular expression

2023-01-04 13:55:27 - [TEST_STEP][PASSED] - verifyTextPresent("Note: If you are paying on behalf of the Taxpayer, enter Taxpayer", true): Text 'Note: If you are paying on behalf of the Taxpayer, enter Taxpayer' is present on page  using regular expression

2023-01-04 13:55:28 - [MESSAGE][PASSED] - Text 'Note: If you are paying on behalf of the Taxpayer, enter Taxpayer' is present on page  using regular expression

2023-01-04 13:55:28 - [TEST_STEP][PASSED] - verifyTextPresent("information here. If you are making a payment for the Taxpayer, you will be required later to enter your own credit card, billing address and other pertinent information", true): Text 'information here. If you are making a payment for the Taxpayer, you will be required later to enter your own credit card, billing address and other pertinent information' is present on page  using regular expression

2023-01-04 13:55:28 - [MESSAGE][PASSED] - Text 'information here. If you are making a payment for the Taxpayer, you will be required later to enter your own credit card, billing address and other pertinent information' is present on page  using regular expression

2023-01-04 13:55:28 - [TEST_STEP][PASSED] - verifyTextPresent("Address and Contact Information", true): Text 'Address and Contact Information' is present on page  using regular expression

2023-01-04 13:55:29 - [MESSAGE][PASSED] - Text 'Address and Contact Information' is present on page  using regular expression

2023-01-04 13:55:29 - [TEST_STEP][PASSED] - verifyTextPresent("Enter the taxpayer", true): Text 'Enter the taxpayer' is present on page  using regular expression

2023-01-04 13:55:29 - [MESSAGE][PASSED] - Text 'Enter the taxpayer' is present on page  using regular expression

2023-01-04 13:55:29 - [TEST_STEP][PASSED] - verifyTextPresent("address and contact information", true): Text 'address and contact information' is present on page  using regular expression

2023-01-04 13:55:30 - [MESSAGE][PASSED] - Text 'address and contact information' is present on page  using regular expression

2023-01-04 13:55:30 - [TEST_STEP][PASSED] - verifyTextPresent("Filing Status", true): Text 'Filing Status' is present on page  using regular expression

2023-01-04 13:55:30 - [MESSAGE][PASSED] - Text 'Filing Status' is present on page  using regular expression

2023-01-04 13:55:30 - [TEST_STEP][PASSED] - verifyTextPresent("Is this an Individual or Joint Filing?", true): Text 'Is this an Individual or Joint Filing?' is present on page  using regular expression

2023-01-04 13:55:31 - [MESSAGE][PASSED] - Text 'Is this an Individual or Joint Filing?' is present on page  using regular expression

2023-01-04 13:55:31 - [TEST_STEP][PASSED] - verifyTextPresent("Filing type", true): Text 'Filing type' is present on page  using regular expression

2023-01-04 13:55:31 - [MESSAGE][PASSED] - Text 'Filing type' is present on page  using regular expression

2023-01-04 13:55:31 - [TEST_STEP][PASSED] - verifyTextPresent("Individual Filing", true): Text 'Individual Filing' is present on page  using regular expression

2023-01-04 13:55:32 - [MESSAGE][PASSED] - Text 'Individual Filing' is present on page  using regular expression

2023-01-04 13:55:32 - [TEST_STEP][PASSED] - verifyTextPresent("Joint Filing", true): Text 'Joint Filing' is present on page  using regular expression

2023-01-04 13:55:32 - [MESSAGE][PASSED] - Text 'Joint Filing' is present on page  using regular expression

2023-01-04 13:55:32 - [TEST_STEP][PASSED] - verifyTextPresent("Payment Amount", true): Text 'Payment Amount' is present on page  using regular expression

2023-01-04 13:55:33 - [MESSAGE][PASSED] - Text 'Payment Amount' is present on page  using regular expression

2023-01-04 13:55:33 - [TEST_STEP][PASSED] - verifyTextPresent("Service Fee: This electronic government service includes a service/convenience fee. Click here for details", true): Text 'Service Fee: This electronic government service includes a service/convenience fee. Click here for details' is present on page  using regular expression

2023-01-04 13:55:33 - [MESSAGE][PASSED] - Text 'Service Fee: This electronic government service includes a service/convenience fee. Click here for details' is present on page  using regular expression

2023-01-04 13:55:33 - [TEST_STEP][PASSED] - verifyElementPresent(findTestObject(orPath_Amount + "/a_Click here for details"), 30): Object 'Object Repository/RAD_Pages/PaymentAmount_Page/a_Click here for details' is present

2023-01-04 13:55:34 - [MESSAGE][PASSED] - Object 'Object Repository/RAD_Pages/PaymentAmount_Page/a_Click here for details' is present

2023-01-04 13:55:34 - [TEST_STEP][PASSED] - verifyElementPresent(findTestObject(orPath_Landing + "/button_Continue"), 30): Object 'Object Repository/RAD_Pages/Landing_Page/button_Continue' is present

2023-01-04 13:55:34 - [MESSAGE][PASSED] - Object 'Object Repository/RAD_Pages/Landing_Page/button_Continue' is present

2023-01-04 13:55:34 - [TEST_STEP][PASSED] - verifyElementPresent(findTestObject(orPath_TaxPayer + "/input_firstName"), 30): Object 'Object Repository/RAD_Pages/Taxpayer_Page/input_firstName' is present

2023-01-04 13:55:34 - [MESSAGE][PASSED] - Object 'Object Repository/RAD_Pages/Taxpayer_Page/input_firstName' is present

2023-01-04 13:55:34 - [TEST_STEP][PASSED] - verifyElementPresent(findTestObject(orPath_TaxPayer + "/input_middleName"), 30): Object 'Object Repository/RAD_Pages/Taxpayer_Page/input_middleName' is present

2023-01-04 13:55:35 - [MESSAGE][PASSED] - Object 'Object Repository/RAD_Pages/Taxpayer_Page/input_middleName' is present

2023-01-04 13:55:35 - [TEST_STEP][PASSED] - verifyElementPresent(findTestObject(orPath_TaxPayer + "/input_lastName"), 30): Object 'Object Repository/RAD_Pages/Taxpayer_Page/input_lastName' is present

2023-01-04 13:55:35 - [MESSAGE][PASSED] - Object 'Object Repository/RAD_Pages/Taxpayer_Page/input_lastName' is present

2023-01-04 13:55:35 - [TEST_STEP][PASSED] - verifyElementPresent(findTestObject(orPath_TaxPayer + "/input_suffix"), 30): Object 'Object Repository/RAD_Pages/Taxpayer_Page/input_suffix' is present

2023-01-04 13:55:36 - [MESSAGE][PASSED] - Object 'Object Repository/RAD_Pages/Taxpayer_Page/input_suffix' is present

2023-01-04 13:55:36 - [TEST_STEP][PASSED] - verifyElementPresent(findTestObject("RAD_RecordAndPlay/input_concatSSN"), 30): Object 'Object Repository/RAD_RecordAndPlay/input_concatSSN' is present

2023-01-04 13:55:36 - [MESSAGE][PASSED] - Object 'Object Repository/RAD_RecordAndPlay/input_concatSSN' is present

2023-01-04 13:55:36 - [TEST_STEP][PASSED] - verifyElementPresent(findTestObject("RAD_RecordAndPlay/input_concatReSSN"), 30): Object 'Object Repository/RAD_RecordAndPlay/input_concatReSSN' is present

2023-01-04 13:55:37 - [MESSAGE][PASSED] - Object 'Object Repository/RAD_RecordAndPlay/input_concatReSSN' is present

2023-01-04 13:55:37 - [TEST_STEP][PASSED] - verifyElementPresent(findTestObject(orPath_AddressContact + "/select_Country"), 30): Object 'Object Repository/RAD_Pages/AddressAndContactInfo_Page/select_Country' is present

2023-01-04 13:55:38 - [MESSAGE][PASSED] - Object 'Object Repository/RAD_Pages/AddressAndContactInfo_Page/select_Country' is present

2023-01-04 13:55:38 - [TEST_STEP][PASSED] - verifyElementPresent(findTestObject(orPath_AddressContact + "/input_streetAddress1"), 30): Object 'Object Repository/RAD_Pages/AddressAndContactInfo_Page/input_streetAddress1' is present

2023-01-04 13:55:38 - [MESSAGE][PASSED] - Object 'Object Repository/RAD_Pages/AddressAndContactInfo_Page/input_streetAddress1' is present

2023-01-04 13:55:38 - [TEST_STEP][PASSED] - verifyElementPresent(findTestObject(orPath_AddressContact + "/input_streetAddress2"), 30): Object 'Object Repository/RAD_Pages/AddressAndContactInfo_Page/input_streetAddress2' is present

2023-01-04 13:55:38 - [MESSAGE][PASSED] - Object 'Object Repository/RAD_Pages/AddressAndContactInfo_Page/input_streetAddress2' is present

2023-01-04 13:55:38 - [TEST_STEP][PASSED] - verifyElementPresent(findTestObject(orPath_AddressContact + "/input_city"), 30): Object 'Object Repository/RAD_Pages/AddressAndContactInfo_Page/input_city' is present

2023-01-04 13:55:39 - [MESSAGE][PASSED] - Object 'Object Repository/RAD_Pages/AddressAndContactInfo_Page/input_city' is present

2023-01-04 13:55:39 - [TEST_STEP][PASSED] - verifyElementPresent(findTestObject(orPath_AddressContact + "/select_State"), 30): Object 'Object Repository/RAD_Pages/AddressAndContactInfo_Page/select_State' is present

2023-01-04 13:55:39 - [MESSAGE][PASSED] - Object 'Object Repository/RAD_Pages/AddressAndContactInfo_Page/select_State' is present

2023-01-04 13:55:39 - [TEST_STEP][PASSED] - verifyElementPresent(findTestObject(orPath_AddressContact + "/input_zipCode"), 30): Object 'Object Repository/RAD_Pages/AddressAndContactInfo_Page/input_zipCode' is present

2023-01-04 13:55:40 - [MESSAGE][PASSED] - Object 'Object Repository/RAD_Pages/AddressAndContactInfo_Page/input_zipCode' is present

2023-01-04 13:55:40 - [TEST_STEP][PASSED] - verifyElementPresent(findTestObject(orPath_AddressContact + "/input_phoneNumber"), 30): Object 'Object Repository/RAD_Pages/AddressAndContactInfo_Page/input_phoneNumber' is present

2023-01-04 13:55:40 - [MESSAGE][PASSED] - Object 'Object Repository/RAD_Pages/AddressAndContactInfo_Page/input_phoneNumber' is present

2023-01-04 13:55:40 - [TEST_STEP][PASSED] - verifyElementPresent(findTestObject(orPath_AddressContact + "/input_eMailAddress"), 30): Object 'Object Repository/RAD_Pages/AddressAndContactInfo_Page/input_eMailAddress' is present

2023-01-04 13:55:41 - [MESSAGE][PASSED] - Object 'Object Repository/RAD_Pages/AddressAndContactInfo_Page/input_eMailAddress' is present

2023-01-04 13:55:41 - [TEST_STEP][PASSED] - verifyElementPresent(findTestObject(orPath_AddressContact + "/input_reEnterEMailAddress"), 30): Object 'Object Repository/RAD_Pages/AddressAndContactInfo_Page/input_reEnterEMailAddress' is present

2023-01-04 13:55:41 - [MESSAGE][PASSED] - Object 'Object Repository/RAD_Pages/AddressAndContactInfo_Page/input_reEnterEMailAddress' is present

2023-01-04 13:55:41 - [TEST_STEP][PASSED] - verifyOptionsPresent(findTestObject(orPath_AddressContact + "/select_Country"), ["United States"]): Options [United States] present.

2023-01-04 13:55:42 - [MESSAGE][PASSED] - Options [United States] present.

2023-01-04 13:55:42 - [TEST_STEP][PASSED] - verifyOptionsPresent(findTestObject(orPath_AddressContact + "/select_State"), ["Alabama", "District of Columbia", "Maryland", "Virginia", "Wyoming"]): Options [Alabama, District of Columbia, Maryland, Virginia, Wyoming] present.

2023-01-04 13:55:43 - [MESSAGE][PASSED] - Options [Alabama, District of Columbia, Maryland, Virginia, Wyoming] present.

2023-01-04 13:55:43 - [TEST_STEP][PASSED] - totalOptionsState = getNumberOfTotalOption(findTestObject(orPath_AddressContact + "/select_State")): 52 options of object 'Object Repository/RAD_Pages/AddressAndContactInfo_Page/select_State' counted

2023-01-04 13:55:44 - [MESSAGE][PASSED] - 52 options of object 'Object Repository/RAD_Pages/AddressAndContactInfo_Page/select_State' counted

2023-01-04 13:55:44 - [TEST_STEP][PASSED] - verifyEqual(totalOptionsState, 52): Actual object '52' and expected object '52' are equal

2023-01-04 13:55:44 - [MESSAGE][PASSED] - Actual object '52' and expected object '52' are equal

2023-01-04 13:55:44 - [TEST_STEP][PASSED] - verifyElementPresent(findTestObject(orPath_FilingStatus + "/input_userType_Individual"), 30): Object 'Object Repository/RAD_Pages/FilingStatus_Page/input_userType_Individual' is present

2023-01-04 13:55:45 - [MESSAGE][PASSED] - Object 'Object Repository/RAD_Pages/FilingStatus_Page/input_userType_Individual' is present

2023-01-04 13:55:45 - [TEST_STEP][PASSED] - verifyElementPresent(findTestObject(orPath_FilingStatus + "/input_userType_Joint"), 30): Object 'Object Repository/RAD_Pages/FilingStatus_Page/input_userType_Joint' is present

2023-01-04 13:55:45 - [MESSAGE][PASSED] - Object 'Object Repository/RAD_Pages/FilingStatus_Page/input_userType_Joint' is present

2023-01-04 13:55:45 - [TEST_STEP][PASSED] - verifyElementPresent(findTestObject(orPath_Amount + "/input__paymentAmount"), 30): Object 'Object Repository/RAD_Pages/PaymentAmount_Page/input__paymentAmount' is present

2023-01-04 13:55:46 - [MESSAGE][PASSED] - Object 'Object Repository/RAD_Pages/PaymentAmount_Page/input__paymentAmount' is present

2023-01-04 13:55:46 - [TEST_STEP][PASSED] - delay(10): Delayed 10 second(s)

2023-01-04 13:55:56 - [MESSAGE][PASSED] - Delayed 10 second(s)

2023-01-04 13:55:56 - [TEST_STEP][PASSED] - scrollToElement(findTestObject(orPath_Amount + "/input__paymentAmount"), 3): Scroll to object 'Object Repository/RAD_Pages/PaymentAmount_Page/input__paymentAmount' successfully

2023-01-04 13:55:56 - [MESSAGE][PASSED] - Scroll to object 'Object Repository/RAD_Pages/PaymentAmount_Page/input__paymentAmount' successfully

2023-01-04 13:55:56 - [TEST_STEP][PASSED] - waitForElementClickable(findTestObject(orPath_FilingStatus + "/input_userType_Joint"), 5): Object 'Object Repository/RAD_Pages/FilingStatus_Page/input_userType_Joint' is clickable

2023-01-04 13:55:57 - [MESSAGE][PASSED] - Object 'Object Repository/RAD_Pages/FilingStatus_Page/input_userType_Joint' is clickable

2023-01-04 13:55:57 - [TEST_STEP][PASSED] - click(findTestObject(orPath_FilingStatus + "/input_userType_Joint")): Object: 'Object Repository/RAD_Pages/FilingStatus_Page/input_userType_Joint' is clicked on

2023-01-04 13:55:57 - [MESSAGE][PASSED] - Object: 'Object Repository/RAD_Pages/FilingStatus_Page/input_userType_Joint' is clicked on

2023-01-04 13:55:57 - [TEST_STEP][PASSED] - verifyTextPresent("Provide the following information for the joint filer", true): Text 'Provide the following information for the joint filer' is present on page  using regular expression

2023-01-04 13:55:57 - [MESSAGE][PASSED] - Text 'Provide the following information for the joint filer' is present on page  using regular expression

2023-01-04 13:55:57 - [TEST_STEP][PASSED] - verifyElementPresent(findTestObject(orPath_FilingStatus + "/input_jointFirstName"), 30): Object 'Object Repository/RAD_Pages/FilingStatus_Page/input_jointFirstName' is present

2023-01-04 13:55:58 - [MESSAGE][PASSED] - Object 'Object Repository/RAD_Pages/FilingStatus_Page/input_jointFirstName' is present

2023-01-04 13:55:58 - [TEST_STEP][PASSED] - verifyElementPresent(findTestObject(orPath_FilingStatus + "/input_jointMiddleName"), 30): Object 'Object Repository/RAD_Pages/FilingStatus_Page/input_jointMiddleName' is present

2023-01-04 13:55:58 - [MESSAGE][PASSED] - Object 'Object Repository/RAD_Pages/FilingStatus_Page/input_jointMiddleName' is present

2023-01-04 13:55:58 - [TEST_STEP][PASSED] - verifyElementPresent(findTestObject(orPath_FilingStatus + "/input_jointLastName"), 30): Object 'Object Repository/RAD_Pages/FilingStatus_Page/input_jointLastName' is present

2023-01-04 13:55:59 - [MESSAGE][PASSED] - Object 'Object Repository/RAD_Pages/FilingStatus_Page/input_jointLastName' is present

2023-01-04 13:55:59 - [TEST_STEP][PASSED] - verifyElementPresent(findTestObject(orPath_FilingStatus + "/input_jointSuffix"), 30): Object 'Object Repository/RAD_Pages/FilingStatus_Page/input_jointSuffix' is present

2023-01-04 13:55:59 - [MESSAGE][PASSED] - Object 'Object Repository/RAD_Pages/FilingStatus_Page/input_jointSuffix' is present

2023-01-04 13:55:59 - [TEST_STEP][PASSED] - verifyElementPresent(findTestObject("Object Repository/RAD_RecordAndPlay/input_JointFilerSSN"), 30): Object 'Object Repository/RAD_RecordAndPlay/input_JointFilerSSN' is present

2023-01-04 13:56:00 - [MESSAGE][PASSED] - Object 'Object Repository/RAD_RecordAndPlay/input_JointFilerSSN' is present

2023-01-04 13:56:00 - [TEST_STEP][PASSED] - verifyElementPresent(findTestObject("Object Repository/RAD_RecordAndPlay/input_reTypeJointFilerSSN"), 30): Object 'Object Repository/RAD_RecordAndPlay/input_reTypeJointFilerSSN' is present

2023-01-04 13:56:00 - [MESSAGE][PASSED] - Object 'Object Repository/RAD_RecordAndPlay/input_reTypeJointFilerSSN' is present]]></system-out>
         <system-err><![CDATA[2023-01-04 13:55:18 - [TEST_CASE][FAILED] - Test Cases/RAD_TestCases/UI_TestCases/PersonalIncomeTax_UI_TC: Test Cases/RAD_TestCases/UI_TestCases/PersonalIncomeTax_UI_TC FAILED.
Reason:
com.kms.katalon.core.exception.StepFailedException: Options [2019, 2020, 2021] do NOT present. (Root cause: com.kms.katalon.core.exception.StepFailedException: Options [2019, 2020, 2021] do NOT present.. Reason: Your expected options are [2019, 2020, 2021] but the actual are [Select, 2022, 2021, 2020].
	at com.kms.katalon.core.webui.keyword.internal.WebUIKeywordMain.stepFailedWithReason(WebUIKeywordMain.groovy:70)
	at com.kms.katalon.core.webui.keyword.builtin.VerifyOptionsPresentKeyword$_verifyOptionsPresent_closure1.doCall(VerifyOptionsPresentKeyword.groovy:64)
	at com.kms.katalon.core.webui.keyword.builtin.VerifyOptionsPresentKeyword$_verifyOptionsPresent_closure1.call(VerifyOptionsPresentKeyword.groovy)
	at com.kms.katalon.core.webui.keyword.internal.WebUIKeywordMain.runKeyword(WebUIKeywordMain.groovy:20)
	at com.kms.katalon.core.webui.keyword.builtin.VerifyOptionsPresentKeyword.verifyOptionsPresent(VerifyOptionsPresentKeyword.groovy:72)
	at com.kms.katalon.core.webui.keyword.builtin.VerifyOptionsPresentKeyword.execute(VerifyOptionsPresentKeyword.groovy:38)
	at com.kms.katalon.core.keyword.internal.KeywordExecutor.executeKeywordForPlatform(KeywordExecutor.groovy:74)
	at com.kms.katalon.core.webui.keyword.WebUiBuiltInKeywords.verifyOptionsPresent(WebUiBuiltInKeywords.groovy:4716)
	at com.kms.katalon.core.webui.keyword.WebUiBuiltInKeywords$verifyOptionsPresent$7.call(Unknown Source)
	at PersonalIncomeTax_UI_TC.run(PersonalIncomeTax_UI_TC:57)
	at com.kms.katalon.core.main.ScriptEngine.run(ScriptEngine.java:194)
	at com.kms.katalon.core.main.ScriptEngine.runScriptAsRawText(ScriptEngine.java:119)
	at com.kms.katalon.core.main.TestCaseExecutor.runScript(TestCaseExecutor.java:442)
	at com.kms.katalon.core.main.TestCaseExecutor.doExecute(TestCaseExecutor.java:433)
	at com.kms.katalon.core.main.TestCaseExecutor.processExecutionPhase(TestCaseExecutor.java:412)
	at com.kms.katalon.core.main.TestCaseExecutor.accessMainPhase(TestCaseExecutor.java:404)
	at com.kms.katalon.core.main.TestCaseExecutor.execute(TestCaseExecutor.java:281)
	at com.kms.katalon.core.main.TestSuiteExecutor.accessTestCaseMainPhase(TestSuiteExecutor.java:202)
	at com.kms.katalon.core.main.TestSuiteExecutor.accessTestSuiteMainPhase(TestSuiteExecutor.java:164)
	at com.kms.katalon.core.main.TestSuiteExecutor.execute(TestSuiteExecutor.java:105)
	at com.kms.katalon.core.main.TestCaseMain.startTestSuite(TestCaseMain.java:185)
	at com.kms.katalon.core.main.TestCaseMain$startTestSuite$0.call(Unknown Source)
	at TempTestSuite1672858415003.run(TempTestSuite1672858415003.groovy:36)
)
	at com.kms.katalon.core.keyword.internal.KeywordMain.stepFailed(KeywordMain.groovy:39)
	at com.kms.katalon.core.webui.keyword.internal.WebUIKeywordMain.stepFailedWithReason(WebUIKeywordMain.groovy:70)
	at com.kms.katalon.core.webui.keyword.builtin.VerifyOptionsPresentKeyword$_verifyOptionsPresent_closure1.doCall(VerifyOptionsPresentKeyword.groovy:64)
	at com.kms.katalon.core.webui.keyword.builtin.VerifyOptionsPresentKeyword$_verifyOptionsPresent_closure1.call(VerifyOptionsPresentKeyword.groovy)
	at com.kms.katalon.core.webui.keyword.internal.WebUIKeywordMain.runKeyword(WebUIKeywordMain.groovy:20)
	at com.kms.katalon.core.webui.keyword.builtin.VerifyOptionsPresentKeyword.verifyOptionsPresent(VerifyOptionsPresentKeyword.groovy:72)
	at com.kms.katalon.core.webui.keyword.builtin.VerifyOptionsPresentKeyword.execute(VerifyOptionsPresentKeyword.groovy:38)
	at com.kms.katalon.core.keyword.internal.KeywordExecutor.executeKeywordForPlatform(KeywordExecutor.groovy:74)
	at com.kms.katalon.core.webui.keyword.WebUiBuiltInKeywords.verifyOptionsPresent(WebUiBuiltInKeywords.groovy:4716)
	at com.kms.katalon.core.webui.keyword.WebUiBuiltInKeywords$verifyOptionsPresent$7.call(Unknown Source)
	at PersonalIncomeTax_UI_TC.run(PersonalIncomeTax_UI_TC:57)
	at com.kms.katalon.core.main.ScriptEngine.run(ScriptEngine.java:194)
	at com.kms.katalon.core.main.ScriptEngine.runScriptAsRawText(ScriptEngine.java:119)
	at com.kms.katalon.core.main.TestCaseExecutor.runScript(TestCaseExecutor.java:442)
	at com.kms.katalon.core.main.TestCaseExecutor.doExecute(TestCaseExecutor.java:433)
	at com.kms.katalon.core.main.TestCaseExecutor.processExecutionPhase(TestCaseExecutor.java:412)
	at com.kms.katalon.core.main.TestCaseExecutor.accessMainPhase(TestCaseExecutor.java:404)
	at com.kms.katalon.core.main.TestCaseExecutor.execute(TestCaseExecutor.java:281)
	at com.kms.katalon.core.main.TestSuiteExecutor.accessTestCaseMainPhase(TestSuiteExecutor.java:202)
	at com.kms.katalon.core.main.TestSuiteExecutor.accessTestSuiteMainPhase(TestSuiteExecutor.java:164)
	at com.kms.katalon.core.main.TestSuiteExecutor.execute(TestSuiteExecutor.java:105)
	at com.kms.katalon.core.main.TestCaseMain.startTestSuite(TestCaseMain.java:185)
	at com.kms.katalon.core.main.TestCaseMain$startTestSuite$0.call(Unknown Source)
	at TempTestSuite1672858415003.run(TempTestSuite1672858415003.groovy:36)
Caused by: com.kms.katalon.core.exception.StepFailedException: Options [2019, 2020, 2021] do NOT present.. Reason: Your expected options are [2019, 2020, 2021] but the actual are [Select, 2022, 2021, 2020].
	... 23 more]]></system-err>
      </testcase>
      <testcase name="Test Cases/RAD_TestCases/UI_TestCases/ExtensionPayments_UI_TC" time="50.304" classname="Test Cases/RAD_TestCases/UI_TestCases/ExtensionPayments_UI_TC" status="FAILED">
         <failure type="FAILED" message="Test Cases/RAD_TestCases/UI_TestCases/ExtensionPayments_UI_TC FAILED.
Reason:
com.kms.katalon.core.exception.StepFailedException: Options [2021] do NOT present. (Root cause: com.kms.katalon.core.exception.StepFailedException: Options [2021] do NOT present.. Reason: Your expected options are [2021] but the actual are [2022].
	at com.kms.katalon.core.webui.keyword.internal.WebUIKeywordMain.stepFailedWithReason(WebUIKeywordMain.groovy:70)
	at com.kms.katalon.core.webui.keyword.builtin.VerifyOptionsPresentKeyword$_verifyOptionsPresent_closure1.doCall(VerifyOptionsPresentKeyword.groovy:64)
	at com.kms.katalon.core.webui.keyword.builtin.VerifyOptionsPresentKeyword$_verifyOptionsPresent_closure1.call(VerifyOptionsPresentKeyword.groovy)
	at com.kms.katalon.core.webui.keyword.internal.WebUIKeywordMain.runKeyword(WebUIKeywordMain.groovy:20)
	at com.kms.katalon.core.webui.keyword.builtin.VerifyOptionsPresentKeyword.verifyOptionsPresent(VerifyOptionsPresentKeyword.groovy:72)
	at com.kms.katalon.core.webui.keyword.builtin.VerifyOptionsPresentKeyword.execute(VerifyOptionsPresentKeyword.groovy:38)
	at com.kms.katalon.core.keyword.internal.KeywordExecutor.executeKeywordForPlatform(KeywordExecutor.groovy:74)
	at com.kms.katalon.core.webui.keyword.WebUiBuiltInKeywords.verifyOptionsPresent(WebUiBuiltInKeywords.groovy:4716)
	at com.kms.katalon.core.webui.keyword.WebUiBuiltInKeywords$verifyOptionsPresent$7.call(Unknown Source)
	at ExtensionPayments_UI_TC.run(ExtensionPayments_UI_TC:69)
	at com.kms.katalon.core.main.ScriptEngine.run(ScriptEngine.java:194)
	at com.kms.katalon.core.main.ScriptEngine.runScriptAsRawText(ScriptEngine.java:119)
	at com.kms.katalon.core.main.TestCaseExecutor.runScript(TestCaseExecutor.java:442)
	at com.kms.katalon.core.main.TestCaseExecutor.doExecute(TestCaseExecutor.java:433)
	at com.kms.katalon.core.main.TestCaseExecutor.processExecutionPhase(TestCaseExecutor.java:412)
	at com.kms.katalon.core.main.TestCaseExecutor.accessMainPhase(TestCaseExecutor.java:404)
	at com.kms.katalon.core.main.TestCaseExecutor.execute(TestCaseExecutor.java:281)
	at com.kms.katalon.core.main.TestSuiteExecutor.accessTestCaseMainPhase(TestSuiteExecutor.java:202)
	at com.kms.katalon.core.main.TestSuiteExecutor.accessTestSuiteMainPhase(TestSuiteExecutor.java:164)
	at com.kms.katalon.core.main.TestSuiteExecutor.execute(TestSuiteExecutor.java:105)
	at com.kms.katalon.core.main.TestCaseMain.startTestSuite(TestCaseMain.java:185)
	at com.kms.katalon.core.main.TestCaseMain$startTestSuite$0.call(Unknown Source)
	at TempTestSuite1672858415003.run(TempTestSuite1672858415003.groovy:36)
)
	at com.kms.katalon.core.keyword.internal.KeywordMain.stepFailed(KeywordMain.groovy:39)
	at com.kms.katalon.core.webui.keyword.internal.WebUIKeywordMain.stepFailedWithReason(WebUIKeywordMain.groovy:70)
	at com.kms.katalon.core.webui.keyword.builtin.VerifyOptionsPresentKeyword$_verifyOptionsPresent_closure1.doCall(VerifyOptionsPresentKeyword.groovy:64)
	at com.kms.katalon.core.webui.keyword.builtin.VerifyOptionsPresentKeyword$_verifyOptionsPresent_closure1.call(VerifyOptionsPresentKeyword.groovy)
	at com.kms.katalon.core.webui.keyword.internal.WebUIKeywordMain.runKeyword(WebUIKeywordMain.groovy:20)
	at com.kms.katalon.core.webui.keyword.builtin.VerifyOptionsPresentKeyword.verifyOptionsPresent(VerifyOptionsPresentKeyword.groovy:72)
	at com.kms.katalon.core.webui.keyword.builtin.VerifyOptionsPresentKeyword.execute(VerifyOptionsPresentKeyword.groovy:38)
	at com.kms.katalon.core.keyword.internal.KeywordExecutor.executeKeywordForPlatform(KeywordExecutor.groovy:74)
	at com.kms.katalon.core.webui.keyword.WebUiBuiltInKeywords.verifyOptionsPresent(WebUiBuiltInKeywords.groovy:4716)
	at com.kms.katalon.core.webui.keyword.WebUiBuiltInKeywords$verifyOptionsPresent$7.call(Unknown Source)
	at ExtensionPayments_UI_TC.run(ExtensionPayments_UI_TC:69)
	at com.kms.katalon.core.main.ScriptEngine.run(ScriptEngine.java:194)
	at com.kms.katalon.core.main.ScriptEngine.runScriptAsRawText(ScriptEngine.java:119)
	at com.kms.katalon.core.main.TestCaseExecutor.runScript(TestCaseExecutor.java:442)
	at com.kms.katalon.core.main.TestCaseExecutor.doExecute(TestCaseExecutor.java:433)
	at com.kms.katalon.core.main.TestCaseExecutor.processExecutionPhase(TestCaseExecutor.java:412)
	at com.kms.katalon.core.main.TestCaseExecutor.accessMainPhase(TestCaseExecutor.java:404)
	at com.kms.katalon.core.main.TestCaseExecutor.execute(TestCaseExecutor.java:281)
	at com.kms.katalon.core.main.TestSuiteExecutor.accessTestCaseMainPhase(TestSuiteExecutor.java:202)
	at com.kms.katalon.core.main.TestSuiteExecutor.accessTestSuiteMainPhase(TestSuiteExecutor.java:164)
	at com.kms.katalon.core.main.TestSuiteExecutor.execute(TestSuiteExecutor.java:105)
	at com.kms.katalon.core.main.TestCaseMain.startTestSuite(TestCaseMain.java:185)
	at com.kms.katalon.core.main.TestCaseMain$startTestSuite$0.call(Unknown Source)
	at TempTestSuite1672858415003.run(TempTestSuite1672858415003.groovy:36)
Caused by: com.kms.katalon.core.exception.StepFailedException: Options [2021] do NOT present.. Reason: Your expected options are [2021] but the actual are [2022].
	... 23 more
"/>
         <system-out><![CDATA[2023-01-04 13:56:00 - [TEST_CASE][FAILED] - Test Cases/RAD_TestCases/UI_TestCases/ExtensionPayments_UI_TC: Test Cases/RAD_TestCases/UI_TestCases/ExtensionPayments_UI_TC FAILED.
Reason:
com.kms.katalon.core.exception.StepFailedException: Options [2021] do NOT present. (Root cause: com.kms.katalon.core.exception.StepFailedException: Options [2021] do NOT present.. Reason: Your expected options are [2021] but the actual are [2022].
	at com.kms.katalon.core.webui.keyword.internal.WebUIKeywordMain.stepFailedWithReason(WebUIKeywordMain.groovy:70)
	at com.kms.katalon.core.webui.keyword.builtin.VerifyOptionsPresentKeyword$_verifyOptionsPresent_closure1.doCall(VerifyOptionsPresentKeyword.groovy:64)
	at com.kms.katalon.core.webui.keyword.builtin.VerifyOptionsPresentKeyword$_verifyOptionsPresent_closure1.call(VerifyOptionsPresentKeyword.groovy)
	at com.kms.katalon.core.webui.keyword.internal.WebUIKeywordMain.runKeyword(WebUIKeywordMain.groovy:20)
	at com.kms.katalon.core.webui.keyword.builtin.VerifyOptionsPresentKeyword.verifyOptionsPresent(VerifyOptionsPresentKeyword.groovy:72)
	at com.kms.katalon.core.webui.keyword.builtin.VerifyOptionsPresentKeyword.execute(VerifyOptionsPresentKeyword.groovy:38)
	at com.kms.katalon.core.keyword.internal.KeywordExecutor.executeKeywordForPlatform(KeywordExecutor.groovy:74)
	at com.kms.katalon.core.webui.keyword.WebUiBuiltInKeywords.verifyOptionsPresent(WebUiBuiltInKeywords.groovy:4716)
	at com.kms.katalon.core.webui.keyword.WebUiBuiltInKeywords$verifyOptionsPresent$7.call(Unknown Source)
	at ExtensionPayments_UI_TC.run(ExtensionPayments_UI_TC:69)
	at com.kms.katalon.core.main.ScriptEngine.run(ScriptEngine.java:194)
	at com.kms.katalon.core.main.ScriptEngine.runScriptAsRawText(ScriptEngine.java:119)
	at com.kms.katalon.core.main.TestCaseExecutor.runScript(TestCaseExecutor.java:442)
	at com.kms.katalon.core.main.TestCaseExecutor.doExecute(TestCaseExecutor.java:433)
	at com.kms.katalon.core.main.TestCaseExecutor.processExecutionPhase(TestCaseExecutor.java:412)
	at com.kms.katalon.core.main.TestCaseExecutor.accessMainPhase(TestCaseExecutor.java:404)
	at com.kms.katalon.core.main.TestCaseExecutor.execute(TestCaseExecutor.java:281)
	at com.kms.katalon.core.main.TestSuiteExecutor.accessTestCaseMainPhase(TestSuiteExecutor.java:202)
	at com.kms.katalon.core.main.TestSuiteExecutor.accessTestSuiteMainPhase(TestSuiteExecutor.java:164)
	at com.kms.katalon.core.main.TestSuiteExecutor.execute(TestSuiteExecutor.java:105)
	at com.kms.katalon.core.main.TestCaseMain.startTestSuite(TestCaseMain.java:185)
	at com.kms.katalon.core.main.TestCaseMain$startTestSuite$0.call(Unknown Source)
	at TempTestSuite1672858415003.run(TempTestSuite1672858415003.groovy:36)
)
	at com.kms.katalon.core.keyword.internal.KeywordMain.stepFailed(KeywordMain.groovy:39)
	at com.kms.katalon.core.webui.keyword.internal.WebUIKeywordMain.stepFailedWithReason(WebUIKeywordMain.groovy:70)
	at com.kms.katalon.core.webui.keyword.builtin.VerifyOptionsPresentKeyword$_verifyOptionsPresent_closure1.doCall(VerifyOptionsPresentKeyword.groovy:64)
	at com.kms.katalon.core.webui.keyword.builtin.VerifyOptionsPresentKeyword$_verifyOptionsPresent_closure1.call(VerifyOptionsPresentKeyword.groovy)
	at com.kms.katalon.core.webui.keyword.internal.WebUIKeywordMain.runKeyword(WebUIKeywordMain.groovy:20)
	at com.kms.katalon.core.webui.keyword.builtin.VerifyOptionsPresentKeyword.verifyOptionsPresent(VerifyOptionsPresentKeyword.groovy:72)
	at com.kms.katalon.core.webui.keyword.builtin.VerifyOptionsPresentKeyword.execute(VerifyOptionsPresentKeyword.groovy:38)
	at com.kms.katalon.core.keyword.internal.KeywordExecutor.executeKeywordForPlatform(KeywordExecutor.groovy:74)
	at com.kms.katalon.core.webui.keyword.WebUiBuiltInKeywords.verifyOptionsPresent(WebUiBuiltInKeywords.groovy:4716)
	at com.kms.katalon.core.webui.keyword.WebUiBuiltInKeywords$verifyOptionsPresent$7.call(Unknown Source)
	at ExtensionPayments_UI_TC.run(ExtensionPayments_UI_TC:69)
	at com.kms.katalon.core.main.ScriptEngine.run(ScriptEngine.java:194)
	at com.kms.katalon.core.main.ScriptEngine.runScriptAsRawText(ScriptEngine.java:119)
	at com.kms.katalon.core.main.TestCaseExecutor.runScript(TestCaseExecutor.java:442)
	at com.kms.katalon.core.main.TestCaseExecutor.doExecute(TestCaseExecutor.java:433)
	at com.kms.katalon.core.main.TestCaseExecutor.processExecutionPhase(TestCaseExecutor.java:412)
	at com.kms.katalon.core.main.TestCaseExecutor.accessMainPhase(TestCaseExecutor.java:404)
	at com.kms.katalon.core.main.TestCaseExecutor.execute(TestCaseExecutor.java:281)
	at com.kms.katalon.core.main.TestSuiteExecutor.accessTestCaseMainPhase(TestSuiteExecutor.java:202)
	at com.kms.katalon.core.main.TestSuiteExecutor.accessTestSuiteMainPhase(TestSuiteExecutor.java:164)
	at com.kms.katalon.core.main.TestSuiteExecutor.execute(TestSuiteExecutor.java:105)
	at com.kms.katalon.core.main.TestCaseMain.startTestSuite(TestCaseMain.java:185)
	at com.kms.katalon.core.main.TestCaseMain$startTestSuite$0.call(Unknown Source)
	at TempTestSuite1672858415003.run(TempTestSuite1672858415003.groovy:36)
Caused by: com.kms.katalon.core.exception.StepFailedException: Options [2021] do NOT present.. Reason: Your expected options are [2021] but the actual are [2022].
	... 23 more


2023-01-04 13:56:01 - [TEST_STEP][PASSED] - openBrowser(""): Browser is opened with url: ''

2023-01-04 13:56:01 - [MESSAGE][WARNING] - A browser is already opened. Closing browser and opening a new one

2023-01-04 13:56:02 - [MESSAGE][INFO] - Starting 'Chrome' driver

2023-01-04 13:56:02 - [MESSAGE][INFO] - User set preference: ['acceptInsecureCerts', 'true']

2023-01-04 13:56:02 - [MESSAGE][INFO] - Action delay is set to 0 milliseconds

2023-01-04 13:56:03 - [MESSAGE][PASSED] - Browser is opened with url: ''

2023-01-04 13:56:03 - [TEST_STEP][PASSED] - maximizeWindow(): Current window maximized

2023-01-04 13:56:03 - [MESSAGE][PASSED] - Current window maximized

2023-01-04 13:56:03 - [TEST_STEP][PASSED] - navigateToUrl(RADurl): Navigate to 'https://qa.velocitypayment.com/client/rad/index.html' successfully

2023-01-04 13:56:05 - [MESSAGE][PASSED] - Navigate to 'https://qa.velocitypayment.com/client/rad/index.html' successfully

2023-01-04 13:56:05 - [TEST_STEP][PASSED] - orPath_Landing = "Object Repository/RAD_Pages/Landing_Page": null

2023-01-04 13:56:05 - [TEST_STEP][PASSED] - orPath_TaxTypeFilingYear = "Object Repository/RAD_Pages/TaxTypeFilingYear_Page": null

2023-01-04 13:56:05 - [TEST_STEP][PASSED] - orPath_TaxPayer = "Object Repository/RAD_Pages/Taxpayer_Page": null

2023-01-04 13:56:05 - [TEST_STEP][PASSED] - orPath_AddressContact = "Object Repository/RAD_Pages/AddressAndContactInfo_Page": null

2023-01-04 13:56:05 - [TEST_STEP][PASSED] - orPath_FilingStatus = "Object Repository/RAD_Pages/FilingStatus_Page": null

2023-01-04 13:56:05 - [TEST_STEP][PASSED] - orPath_Amount = "Object Repository/RAD_Pages/PaymentAmount_Page": null

2023-01-04 13:56:05 - [TEST_STEP][PASSED] - orPath_TaxInfo = "Object Repository/RAD_Pages/TaxInfo_Page": null

2023-01-04 13:56:05 - [TEST_STEP][PASSED] - selectOptionByLabel(findTestObject(orPath_Landing + "/dd_TaxType"), "Extension Payments", false): All options with label 'Extension Payments' are selected in object 'Object Repository/RAD_Pages/Landing_Page/dd_TaxType' 

2023-01-04 13:56:06 - [MESSAGE][PASSED] - All options with label 'Extension Payments' are selected in object 'Object Repository/RAD_Pages/Landing_Page/dd_TaxType' 

2023-01-04 13:56:06 - [TEST_STEP][PASSED] - verifyElementPresent(findTestObject(orPath_TaxTypeFilingYear + "/select_PaymentType"), 30): Object 'Object Repository/RAD_Pages/TaxTypeFilingYear_Page/select_PaymentType' is present

2023-01-04 13:56:06 - [MESSAGE][PASSED] - Object 'Object Repository/RAD_Pages/TaxTypeFilingYear_Page/select_PaymentType' is present

2023-01-04 13:56:06 - [TEST_STEP][PASSED] - totalOptionsPaymentType = getNumberOfTotalOption(findTestObject(orPath_TaxTypeFilingYear + "/select_PaymentType")): 3 options of object 'Object Repository/RAD_Pages/TaxTypeFilingYear_Page/select_PaymentType' counted

2023-01-04 13:56:07 - [MESSAGE][PASSED] - 3 options of object 'Object Repository/RAD_Pages/TaxTypeFilingYear_Page/select_PaymentType' counted

2023-01-04 13:56:07 - [TEST_STEP][PASSED] - verifyEqual(totalOptionsPaymentType, 3): Actual object '3' and expected object '3' are equal

2023-01-04 13:56:07 - [MESSAGE][PASSED] - Actual object '3' and expected object '3' are equal

2023-01-04 13:56:07 - [TEST_STEP][PASSED] - verifyOptionsPresent(findTestObject(orPath_TaxTypeFilingYear + "/select_PaymentType"), ["Personal", "Corporate"]): Options [Personal, Corporate] present.

2023-01-04 13:56:08 - [MESSAGE][PASSED] - Options [Personal, Corporate] present.

2023-01-04 13:56:08 - [TEST_STEP][PASSED] - verifyElementPresent(findTestObject(orPath_TaxTypeFilingYear + "/select_FilingYear"), 30): Object 'Object Repository/RAD_Pages/TaxTypeFilingYear_Page/select_FilingYear' is present

2023-01-04 13:56:08 - [MESSAGE][PASSED] - Object 'Object Repository/RAD_Pages/TaxTypeFilingYear_Page/select_FilingYear' is present

2023-01-04 13:56:08 - [TEST_STEP][PASSED] - totalOptionsFilingYear = getNumberOfTotalOption(findTestObject(orPath_TaxTypeFilingYear + "/select_FilingYear")): 1 options of object 'Object Repository/RAD_Pages/TaxTypeFilingYear_Page/select_FilingYear' counted

2023-01-04 13:56:09 - [MESSAGE][PASSED] - 1 options of object 'Object Repository/RAD_Pages/TaxTypeFilingYear_Page/select_FilingYear' counted

2023-01-04 13:56:09 - [TEST_STEP][PASSED] - verifyEqual(totalOptionsFilingYear, 1): Actual object '1' and expected object '1' are equal

2023-01-04 13:56:09 - [MESSAGE][PASSED] - Actual object '1' and expected object '1' are equal

2023-01-04 13:56:09 - [TEST_STEP][FAILED] - verifyOptionsPresent(findTestObject(orPath_TaxTypeFilingYear + "/select_FilingYear"), ["2021"]): Options [2021] do NOT present. (Root cause: com.kms.katalon.core.exception.StepFailedException: Options [2021] do NOT present.. Reason: Your expected options are [2021] but the actual are [2022].
	at com.kms.katalon.core.webui.keyword.internal.WebUIKeywordMain.stepFailedWithReason(WebUIKeywordMain.groovy:70)
	at com.kms.katalon.core.webui.keyword.builtin.VerifyOptionsPresentKeyword$_verifyOptionsPresent_closure1.doCall(VerifyOptionsPresentKeyword.groovy:64)
	at com.kms.katalon.core.webui.keyword.builtin.VerifyOptionsPresentKeyword$_verifyOptionsPresent_closure1.call(VerifyOptionsPresentKeyword.groovy)
	at com.kms.katalon.core.webui.keyword.internal.WebUIKeywordMain.runKeyword(WebUIKeywordMain.groovy:20)
	at com.kms.katalon.core.webui.keyword.builtin.VerifyOptionsPresentKeyword.verifyOptionsPresent(VerifyOptionsPresentKeyword.groovy:72)
	at com.kms.katalon.core.webui.keyword.builtin.VerifyOptionsPresentKeyword.execute(VerifyOptionsPresentKeyword.groovy:38)
	at com.kms.katalon.core.keyword.internal.KeywordExecutor.executeKeywordForPlatform(KeywordExecutor.groovy:74)
	at com.kms.katalon.core.webui.keyword.WebUiBuiltInKeywords.verifyOptionsPresent(WebUiBuiltInKeywords.groovy:4716)
	at com.kms.katalon.core.webui.keyword.WebUiBuiltInKeywords$verifyOptionsPresent$7.call(Unknown Source)
	at ExtensionPayments_UI_TC.run(ExtensionPayments_UI_TC:69)
	at com.kms.katalon.core.main.ScriptEngine.run(ScriptEngine.java:194)
	at com.kms.katalon.core.main.ScriptEngine.runScriptAsRawText(ScriptEngine.java:119)
	at com.kms.katalon.core.main.TestCaseExecutor.runScript(TestCaseExecutor.java:442)
	at com.kms.katalon.core.main.TestCaseExecutor.doExecute(TestCaseExecutor.java:433)
	at com.kms.katalon.core.main.TestCaseExecutor.processExecutionPhase(TestCaseExecutor.java:412)
	at com.kms.katalon.core.main.TestCaseExecutor.accessMainPhase(TestCaseExecutor.java:404)
	at com.kms.katalon.core.main.TestCaseExecutor.execute(TestCaseExecutor.java:281)
	at com.kms.katalon.core.main.TestSuiteExecutor.accessTestCaseMainPhase(TestSuiteExecutor.java:202)
	at com.kms.katalon.core.main.TestSuiteExecutor.accessTestSuiteMainPhase(TestSuiteExecutor.java:164)
	at com.kms.katalon.core.main.TestSuiteExecutor.execute(TestSuiteExecutor.java:105)
	at com.kms.katalon.core.main.TestCaseMain.startTestSuite(TestCaseMain.java:185)
	at com.kms.katalon.core.main.TestCaseMain$startTestSuite$0.call(Unknown Source)
	at TempTestSuite1672858415003.run(TempTestSuite1672858415003.groovy:36)
)

2023-01-04 13:56:10 - [MESSAGE][FAILED] - Options [2021] do NOT present. (Root cause: com.kms.katalon.core.exception.StepFailedException: Options [2021] do NOT present.. Reason: Your expected options are [2021] but the actual are [2022].
	at com.kms.katalon.core.webui.keyword.internal.WebUIKeywordMain.stepFailedWithReason(WebUIKeywordMain.groovy:70)
	at com.kms.katalon.core.webui.keyword.builtin.VerifyOptionsPresentKeyword$_verifyOptionsPresent_closure1.doCall(VerifyOptionsPresentKeyword.groovy:64)
	at com.kms.katalon.core.webui.keyword.builtin.VerifyOptionsPresentKeyword$_verifyOptionsPresent_closure1.call(VerifyOptionsPresentKeyword.groovy)
	at com.kms.katalon.core.webui.keyword.internal.WebUIKeywordMain.runKeyword(WebUIKeywordMain.groovy:20)
	at com.kms.katalon.core.webui.keyword.builtin.VerifyOptionsPresentKeyword.verifyOptionsPresent(VerifyOptionsPresentKeyword.groovy:72)
	at com.kms.katalon.core.webui.keyword.builtin.VerifyOptionsPresentKeyword.execute(VerifyOptionsPresentKeyword.groovy:38)
	at com.kms.katalon.core.keyword.internal.KeywordExecutor.executeKeywordForPlatform(KeywordExecutor.groovy:74)
	at com.kms.katalon.core.webui.keyword.WebUiBuiltInKeywords.verifyOptionsPresent(WebUiBuiltInKeywords.groovy:4716)
	at com.kms.katalon.core.webui.keyword.WebUiBuiltInKeywords$verifyOptionsPresent$7.call(Unknown Source)
	at ExtensionPayments_UI_TC.run(ExtensionPayments_UI_TC:69)
	at com.kms.katalon.core.main.ScriptEngine.run(ScriptEngine.java:194)
	at com.kms.katalon.core.main.ScriptEngine.runScriptAsRawText(ScriptEngine.java:119)
	at com.kms.katalon.core.main.TestCaseExecutor.runScript(TestCaseExecutor.java:442)
	at com.kms.katalon.core.main.TestCaseExecutor.doExecute(TestCaseExecutor.java:433)
	at com.kms.katalon.core.main.TestCaseExecutor.processExecutionPhase(TestCaseExecutor.java:412)
	at com.kms.katalon.core.main.TestCaseExecutor.accessMainPhase(TestCaseExecutor.java:404)
	at com.kms.katalon.core.main.TestCaseExecutor.execute(TestCaseExecutor.java:281)
	at com.kms.katalon.core.main.TestSuiteExecutor.accessTestCaseMainPhase(TestSuiteExecutor.java:202)
	at com.kms.katalon.core.main.TestSuiteExecutor.accessTestSuiteMainPhase(TestSuiteExecutor.java:164)
	at com.kms.katalon.core.main.TestSuiteExecutor.execute(TestSuiteExecutor.java:105)
	at com.kms.katalon.core.main.TestCaseMain.startTestSuite(TestCaseMain.java:185)
	at com.kms.katalon.core.main.TestCaseMain$startTestSuite$0.call(Unknown Source)
	at TempTestSuite1672858415003.run(TempTestSuite1672858415003.groovy:36)
)
[[ATTACHMENT|E:\\Cloned-Project-Katalon\\VPS-Katalon\\Reports\\20230104_135334\\RAD_TestSuite\\RAD_UI_TestSuite\\20230104_135334\\1672858570411.png]]

2023-01-04 13:56:10 - [TEST_STEP][PASSED] - verifyTextPresent("Tax Type/Filing Year", true): Text 'Tax Type/Filing Year' is present on page  using regular expression

2023-01-04 13:56:11 - [MESSAGE][PASSED] - Text 'Tax Type/Filing Year' is present on page  using regular expression

2023-01-04 13:56:11 - [TEST_STEP][PASSED] - verifyTextPresent("Taxpayer", true): Text 'Taxpayer' is present on page  using regular expression

2023-01-04 13:56:11 - [MESSAGE][PASSED] - Text 'Taxpayer' is present on page  using regular expression

2023-01-04 13:56:11 - [TEST_STEP][PASSED] - verifyTextPresent("Provide the following taxpayer information", true): Text 'Provide the following taxpayer information' is present on page  using regular expression

2023-01-04 13:56:12 - [MESSAGE][PASSED] - Text 'Provide the following taxpayer information' is present on page  using regular expression

2023-01-04 13:56:12 - [TEST_STEP][PASSED] - verifyTextPresent("Note: If you are paying on behalf of the Taxpayer, enter Taxpayer", true): Text 'Note: If you are paying on behalf of the Taxpayer, enter Taxpayer' is present on page  using regular expression

2023-01-04 13:56:12 - [MESSAGE][PASSED] - Text 'Note: If you are paying on behalf of the Taxpayer, enter Taxpayer' is present on page  using regular expression

2023-01-04 13:56:12 - [TEST_STEP][PASSED] - verifyTextPresent("information here. If you are making a payment for the Taxpayer, you will be required later to enter your own credit card, billing address and other pertinent information", true): Text 'information here. If you are making a payment for the Taxpayer, you will be required later to enter your own credit card, billing address and other pertinent information' is present on page  using regular expression

2023-01-04 13:56:13 - [MESSAGE][PASSED] - Text 'information here. If you are making a payment for the Taxpayer, you will be required later to enter your own credit card, billing address and other pertinent information' is present on page  using regular expression

2023-01-04 13:56:13 - [TEST_STEP][PASSED] - verifyTextPresent("Address and Contact Information", true): Text 'Address and Contact Information' is present on page  using regular expression

2023-01-04 13:56:13 - [MESSAGE][PASSED] - Text 'Address and Contact Information' is present on page  using regular expression

2023-01-04 13:56:13 - [TEST_STEP][PASSED] - verifyTextPresent("Enter the taxpayer", true): Text 'Enter the taxpayer' is present on page  using regular expression

2023-01-04 13:56:14 - [MESSAGE][PASSED] - Text 'Enter the taxpayer' is present on page  using regular expression

2023-01-04 13:56:14 - [TEST_STEP][PASSED] - verifyTextPresent("address and contact information", true): Text 'address and contact information' is present on page  using regular expression

2023-01-04 13:56:14 - [MESSAGE][PASSED] - Text 'address and contact information' is present on page  using regular expression

2023-01-04 13:56:14 - [TEST_STEP][PASSED] - verifyTextPresent("Filing Status", true): Text 'Filing Status' is present on page  using regular expression

2023-01-04 13:56:15 - [MESSAGE][PASSED] - Text 'Filing Status' is present on page  using regular expression

2023-01-04 13:56:15 - [TEST_STEP][PASSED] - verifyTextPresent("Is this an Individual or Joint Filing?", true): Text 'Is this an Individual or Joint Filing?' is present on page  using regular expression

2023-01-04 13:56:15 - [MESSAGE][PASSED] - Text 'Is this an Individual or Joint Filing?' is present on page  using regular expression

2023-01-04 13:56:15 - [TEST_STEP][PASSED] - verifyTextPresent("Filing type", true): Text 'Filing type' is present on page  using regular expression

2023-01-04 13:56:16 - [MESSAGE][PASSED] - Text 'Filing type' is present on page  using regular expression

2023-01-04 13:56:16 - [TEST_STEP][PASSED] - verifyTextPresent("Individual Filing", true): Text 'Individual Filing' is present on page  using regular expression

2023-01-04 13:56:16 - [MESSAGE][PASSED] - Text 'Individual Filing' is present on page  using regular expression

2023-01-04 13:56:16 - [TEST_STEP][PASSED] - verifyTextPresent("Joint Filing", true): Text 'Joint Filing' is present on page  using regular expression

2023-01-04 13:56:17 - [MESSAGE][PASSED] - Text 'Joint Filing' is present on page  using regular expression

2023-01-04 13:56:17 - [TEST_STEP][PASSED] - verifyTextPresent("Payment Amount", true): Text 'Payment Amount' is present on page  using regular expression

2023-01-04 13:56:17 - [MESSAGE][PASSED] - Text 'Payment Amount' is present on page  using regular expression

2023-01-04 13:56:17 - [TEST_STEP][PASSED] - verifyTextPresent("Service Fee: This electronic government service includes a service/convenience fee. Click here for details", true): Text 'Service Fee: This electronic government service includes a service/convenience fee. Click here for details' is present on page  using regular expression

2023-01-04 13:56:18 - [MESSAGE][PASSED] - Text 'Service Fee: This electronic government service includes a service/convenience fee. Click here for details' is present on page  using regular expression

2023-01-04 13:56:18 - [TEST_STEP][PASSED] - verifyElementPresent(findTestObject(orPath_Amount + "/a_Click here for details"), 30): Object 'Object Repository/RAD_Pages/PaymentAmount_Page/a_Click here for details' is present

2023-01-04 13:56:18 - [MESSAGE][PASSED] - Object 'Object Repository/RAD_Pages/PaymentAmount_Page/a_Click here for details' is present

2023-01-04 13:56:18 - [TEST_STEP][PASSED] - verifyElementPresent(findTestObject(orPath_Landing + "/button_Continue"), 30): Object 'Object Repository/RAD_Pages/Landing_Page/button_Continue' is present

2023-01-04 13:56:18 - [MESSAGE][PASSED] - Object 'Object Repository/RAD_Pages/Landing_Page/button_Continue' is present

2023-01-04 13:56:18 - [TEST_STEP][PASSED] - verifyElementPresent(findTestObject(orPath_TaxPayer + "/input_firstName"), 30): Object 'Object Repository/RAD_Pages/Taxpayer_Page/input_firstName' is present

2023-01-04 13:56:19 - [MESSAGE][PASSED] - Object 'Object Repository/RAD_Pages/Taxpayer_Page/input_firstName' is present

2023-01-04 13:56:19 - [TEST_STEP][PASSED] - verifyElementPresent(findTestObject(orPath_TaxPayer + "/input_middleName"), 30): Object 'Object Repository/RAD_Pages/Taxpayer_Page/input_middleName' is present

2023-01-04 13:56:19 - [MESSAGE][PASSED] - Object 'Object Repository/RAD_Pages/Taxpayer_Page/input_middleName' is present

2023-01-04 13:56:19 - [TEST_STEP][PASSED] - verifyElementPresent(findTestObject(orPath_TaxPayer + "/input_lastName"), 30): Object 'Object Repository/RAD_Pages/Taxpayer_Page/input_lastName' is present

2023-01-04 13:56:20 - [MESSAGE][PASSED] - Object 'Object Repository/RAD_Pages/Taxpayer_Page/input_lastName' is present

2023-01-04 13:56:20 - [TEST_STEP][PASSED] - verifyElementPresent(findTestObject(orPath_TaxPayer + "/input_suffix"), 30): Object 'Object Repository/RAD_Pages/Taxpayer_Page/input_suffix' is present

2023-01-04 13:56:20 - [MESSAGE][PASSED] - Object 'Object Repository/RAD_Pages/Taxpayer_Page/input_suffix' is present

2023-01-04 13:56:20 - [TEST_STEP][PASSED] - verifyElementPresent(findTestObject("RAD_RecordAndPlay/input_concatSSN"), 30): Object 'Object Repository/RAD_RecordAndPlay/input_concatSSN' is present

2023-01-04 13:56:21 - [MESSAGE][PASSED] - Object 'Object Repository/RAD_RecordAndPlay/input_concatSSN' is present

2023-01-04 13:56:21 - [TEST_STEP][PASSED] - verifyElementPresent(findTestObject("RAD_RecordAndPlay/input_concatReSSN"), 30): Object 'Object Repository/RAD_RecordAndPlay/input_concatReSSN' is present

2023-01-04 13:56:21 - [MESSAGE][PASSED] - Object 'Object Repository/RAD_RecordAndPlay/input_concatReSSN' is present

2023-01-04 13:56:21 - [TEST_STEP][PASSED] - verifyElementPresent(findTestObject(orPath_AddressContact + "/select_Country"), 30): Object 'Object Repository/RAD_Pages/AddressAndContactInfo_Page/select_Country' is present

2023-01-04 13:56:22 - [MESSAGE][PASSED] - Object 'Object Repository/RAD_Pages/AddressAndContactInfo_Page/select_Country' is present

2023-01-04 13:56:22 - [TEST_STEP][PASSED] - verifyElementPresent(findTestObject(orPath_AddressContact + "/input_streetAddress1"), 30): Object 'Object Repository/RAD_Pages/AddressAndContactInfo_Page/input_streetAddress1' is present

2023-01-04 13:56:22 - [MESSAGE][PASSED] - Object 'Object Repository/RAD_Pages/AddressAndContactInfo_Page/input_streetAddress1' is present

2023-01-04 13:56:22 - [TEST_STEP][PASSED] - verifyElementPresent(findTestObject(orPath_AddressContact + "/input_streetAddress2"), 30): Object 'Object Repository/RAD_Pages/AddressAndContactInfo_Page/input_streetAddress2' is present

2023-01-04 13:56:22 - [MESSAGE][PASSED] - Object 'Object Repository/RAD_Pages/AddressAndContactInfo_Page/input_streetAddress2' is present

2023-01-04 13:56:22 - [TEST_STEP][PASSED] - verifyElementPresent(findTestObject(orPath_AddressContact + "/input_city"), 30): Object 'Object Repository/RAD_Pages/AddressAndContactInfo_Page/input_city' is present

2023-01-04 13:56:23 - [MESSAGE][PASSED] - Object 'Object Repository/RAD_Pages/AddressAndContactInfo_Page/input_city' is present

2023-01-04 13:56:23 - [TEST_STEP][PASSED] - verifyElementPresent(findTestObject(orPath_AddressContact + "/select_State"), 30): Object 'Object Repository/RAD_Pages/AddressAndContactInfo_Page/select_State' is present

2023-01-04 13:56:23 - [MESSAGE][PASSED] - Object 'Object Repository/RAD_Pages/AddressAndContactInfo_Page/select_State' is present

2023-01-04 13:56:23 - [TEST_STEP][PASSED] - verifyElementPresent(findTestObject(orPath_AddressContact + "/input_zipCode"), 30): Object 'Object Repository/RAD_Pages/AddressAndContactInfo_Page/input_zipCode' is present

2023-01-04 13:56:24 - [MESSAGE][PASSED] - Object 'Object Repository/RAD_Pages/AddressAndContactInfo_Page/input_zipCode' is present

2023-01-04 13:56:24 - [TEST_STEP][PASSED] - verifyElementPresent(findTestObject(orPath_AddressContact + "/input_phoneNumber"), 30): Object 'Object Repository/RAD_Pages/AddressAndContactInfo_Page/input_phoneNumber' is present

2023-01-04 13:56:24 - [MESSAGE][PASSED] - Object 'Object Repository/RAD_Pages/AddressAndContactInfo_Page/input_phoneNumber' is present

2023-01-04 13:56:24 - [TEST_STEP][PASSED] - verifyElementPresent(findTestObject(orPath_AddressContact + "/input_eMailAddress"), 30): Object 'Object Repository/RAD_Pages/AddressAndContactInfo_Page/input_eMailAddress' is present

2023-01-04 13:56:24 - [MESSAGE][PASSED] - Object 'Object Repository/RAD_Pages/AddressAndContactInfo_Page/input_eMailAddress' is present

2023-01-04 13:56:24 - [TEST_STEP][PASSED] - verifyElementPresent(findTestObject(orPath_AddressContact + "/input_reEnterEMailAddress"), 30): Object 'Object Repository/RAD_Pages/AddressAndContactInfo_Page/input_reEnterEMailAddress' is present

2023-01-04 13:56:25 - [MESSAGE][PASSED] - Object 'Object Repository/RAD_Pages/AddressAndContactInfo_Page/input_reEnterEMailAddress' is present

2023-01-04 13:56:25 - [TEST_STEP][PASSED] - verifyOptionsPresent(findTestObject(orPath_AddressContact + "/select_Country"), ["United States"]): Options [United States] present.

2023-01-04 13:56:26 - [MESSAGE][PASSED] - Options [United States] present.

2023-01-04 13:56:26 - [TEST_STEP][PASSED] - verifyOptionsPresent(findTestObject(orPath_AddressContact + "/select_State"), ["Alabama", "District of Columbia", "Maryland", "Virginia", "Wyoming"]): Options [Alabama, District of Columbia, Maryland, Virginia, Wyoming] present.

2023-01-04 13:56:27 - [MESSAGE][PASSED] - Options [Alabama, District of Columbia, Maryland, Virginia, Wyoming] present.

2023-01-04 13:56:27 - [TEST_STEP][PASSED] - totalOptionsState = getNumberOfTotalOption(findTestObject(orPath_AddressContact + "/select_State")): 52 options of object 'Object Repository/RAD_Pages/AddressAndContactInfo_Page/select_State' counted

2023-01-04 13:56:28 - [MESSAGE][PASSED] - 52 options of object 'Object Repository/RAD_Pages/AddressAndContactInfo_Page/select_State' counted

2023-01-04 13:56:28 - [TEST_STEP][PASSED] - verifyEqual(totalOptionsState, 52): Actual object '52' and expected object '52' are equal

2023-01-04 13:56:28 - [MESSAGE][PASSED] - Actual object '52' and expected object '52' are equal

2023-01-04 13:56:28 - [TEST_STEP][PASSED] - verifyElementPresent(findTestObject(orPath_FilingStatus + "/input_userType_Individual"), 30): Object 'Object Repository/RAD_Pages/FilingStatus_Page/input_userType_Individual' is present

2023-01-04 13:56:29 - [MESSAGE][PASSED] - Object 'Object Repository/RAD_Pages/FilingStatus_Page/input_userType_Individual' is present

2023-01-04 13:56:29 - [TEST_STEP][PASSED] - verifyElementPresent(findTestObject(orPath_FilingStatus + "/input_userType_Joint"), 30): Object 'Object Repository/RAD_Pages/FilingStatus_Page/input_userType_Joint' is present

2023-01-04 13:56:29 - [MESSAGE][PASSED] - Object 'Object Repository/RAD_Pages/FilingStatus_Page/input_userType_Joint' is present

2023-01-04 13:56:29 - [TEST_STEP][PASSED] - verifyElementPresent(findTestObject(orPath_Amount + "/input__paymentAmount"), 30): Object 'Object Repository/RAD_Pages/PaymentAmount_Page/input__paymentAmount' is present

2023-01-04 13:56:29 - [MESSAGE][PASSED] - Object 'Object Repository/RAD_Pages/PaymentAmount_Page/input__paymentAmount' is present

2023-01-04 13:56:29 - [TEST_STEP][PASSED] - scrollToElement(findTestObject(orPath_Amount + "/input__paymentAmount"), 3): Scroll to object 'Object Repository/RAD_Pages/PaymentAmount_Page/input__paymentAmount' successfully

2023-01-04 13:56:30 - [MESSAGE][PASSED] - Scroll to object 'Object Repository/RAD_Pages/PaymentAmount_Page/input__paymentAmount' successfully

2023-01-04 13:56:30 - [TEST_STEP][PASSED] - waitForElementClickable(findTestObject(orPath_FilingStatus + "/input_userType_Joint"), 5): Object 'Object Repository/RAD_Pages/FilingStatus_Page/input_userType_Joint' is clickable

2023-01-04 13:56:30 - [MESSAGE][PASSED] - Object 'Object Repository/RAD_Pages/FilingStatus_Page/input_userType_Joint' is clickable

2023-01-04 13:56:30 - [TEST_STEP][PASSED] - click(findTestObject(orPath_FilingStatus + "/input_userType_Joint")): Object: 'Object Repository/RAD_Pages/FilingStatus_Page/input_userType_Joint' is clicked on

2023-01-04 13:56:31 - [MESSAGE][PASSED] - Object: 'Object Repository/RAD_Pages/FilingStatus_Page/input_userType_Joint' is clicked on

2023-01-04 13:56:31 - [TEST_STEP][PASSED] - verifyTextPresent("Provide the following information for the joint filer", true): Text 'Provide the following information for the joint filer' is present on page  using regular expression

2023-01-04 13:56:31 - [MESSAGE][PASSED] - Text 'Provide the following information for the joint filer' is present on page  using regular expression

2023-01-04 13:56:31 - [TEST_STEP][PASSED] - verifyElementPresent(findTestObject(orPath_FilingStatus + "/input_jointFirstName"), 30): Object 'Object Repository/RAD_Pages/FilingStatus_Page/input_jointFirstName' is present

2023-01-04 13:56:32 - [MESSAGE][PASSED] - Object 'Object Repository/RAD_Pages/FilingStatus_Page/input_jointFirstName' is present

2023-01-04 13:56:32 - [TEST_STEP][PASSED] - verifyElementPresent(findTestObject(orPath_FilingStatus + "/input_jointMiddleName"), 30): Object 'Object Repository/RAD_Pages/FilingStatus_Page/input_jointMiddleName' is present

2023-01-04 13:56:32 - [MESSAGE][PASSED] - Object 'Object Repository/RAD_Pages/FilingStatus_Page/input_jointMiddleName' is present

2023-01-04 13:56:32 - [TEST_STEP][PASSED] - verifyElementPresent(findTestObject(orPath_FilingStatus + "/input_jointLastName"), 30): Object 'Object Repository/RAD_Pages/FilingStatus_Page/input_jointLastName' is present

2023-01-04 13:56:33 - [MESSAGE][PASSED] - Object 'Object Repository/RAD_Pages/FilingStatus_Page/input_jointLastName' is present

2023-01-04 13:56:33 - [TEST_STEP][PASSED] - verifyElementPresent(findTestObject(orPath_FilingStatus + "/input_jointSuffix"), 30): Object 'Object Repository/RAD_Pages/FilingStatus_Page/input_jointSuffix' is present

2023-01-04 13:56:33 - [MESSAGE][PASSED] - Object 'Object Repository/RAD_Pages/FilingStatus_Page/input_jointSuffix' is present

2023-01-04 13:56:33 - [TEST_STEP][PASSED] - verifyElementPresent(findTestObject("Object Repository/RAD_RecordAndPlay/input_JointFilerSSN"), 30): Object 'Object Repository/RAD_RecordAndPlay/input_JointFilerSSN' is present

2023-01-04 13:56:34 - [MESSAGE][PASSED] - Object 'Object Repository/RAD_RecordAndPlay/input_JointFilerSSN' is present

2023-01-04 13:56:34 - [TEST_STEP][PASSED] - verifyElementPresent(findTestObject("Object Repository/RAD_RecordAndPlay/input_reTypeJointFilerSSN"), 30): Object 'Object Repository/RAD_RecordAndPlay/input_reTypeJointFilerSSN' is present

2023-01-04 13:56:34 - [MESSAGE][PASSED] - Object 'Object Repository/RAD_RecordAndPlay/input_reTypeJointFilerSSN' is present

2023-01-04 13:56:34 - [TEST_STEP][PASSED] - selectOptionByLabel(findTestObject(orPath_TaxTypeFilingYear + "/select_PaymentType"), "Personal", false): All options with label 'Personal' are selected in object 'Object Repository/RAD_Pages/TaxTypeFilingYear_Page/select_PaymentType' 

2023-01-04 13:56:35 - [MESSAGE][PASSED] - All options with label 'Personal' are selected in object 'Object Repository/RAD_Pages/TaxTypeFilingYear_Page/select_PaymentType' 

2023-01-04 13:56:35 - [TEST_STEP][PASSED] - verifyElementVisible(findTestObject(orPath_TaxPayer + "/input_firstName")): Object 'Object Repository/RAD_Pages/Taxpayer_Page/input_firstName' is visible

2023-01-04 13:56:36 - [MESSAGE][PASSED] - Object 'Object Repository/RAD_Pages/Taxpayer_Page/input_firstName' is visible

2023-01-04 13:56:36 - [TEST_STEP][PASSED] - verifyElementVisible(findTestObject(orPath_TaxPayer + "/input_middleName")): Object 'Object Repository/RAD_Pages/Taxpayer_Page/input_middleName' is visible

2023-01-04 13:56:36 - [MESSAGE][PASSED] - Object 'Object Repository/RAD_Pages/Taxpayer_Page/input_middleName' is visible

2023-01-04 13:56:36 - [TEST_STEP][PASSED] - verifyElementVisible(findTestObject(orPath_TaxPayer + "/input_lastName")): Object 'Object Repository/RAD_Pages/Taxpayer_Page/input_lastName' is visible

2023-01-04 13:56:37 - [MESSAGE][PASSED] - Object 'Object Repository/RAD_Pages/Taxpayer_Page/input_lastName' is visible

2023-01-04 13:56:37 - [TEST_STEP][PASSED] - verifyElementVisible(findTestObject(orPath_TaxPayer + "/input_suffix")): Object 'Object Repository/RAD_Pages/Taxpayer_Page/input_suffix' is visible

2023-01-04 13:56:37 - [MESSAGE][PASSED] - Object 'Object Repository/RAD_Pages/Taxpayer_Page/input_suffix' is visible

2023-01-04 13:56:37 - [TEST_STEP][PASSED] - verifyElementVisible(findTestObject("RAD_RecordAndPlay/input_concatSSN")): Object 'Object Repository/RAD_RecordAndPlay/input_concatSSN' is visible

2023-01-04 13:56:37 - [MESSAGE][PASSED] - Object 'Object Repository/RAD_RecordAndPlay/input_concatSSN' is visible

2023-01-04 13:56:37 - [TEST_STEP][PASSED] - verifyElementVisible(findTestObject("RAD_RecordAndPlay/input_concatReSSN")): Object 'Object Repository/RAD_RecordAndPlay/input_concatReSSN' is visible

2023-01-04 13:56:38 - [MESSAGE][PASSED] - Object 'Object Repository/RAD_RecordAndPlay/input_concatReSSN' is visible

2023-01-04 13:56:38 - [TEST_STEP][PASSED] - verifyElementVisible(findTestObject(orPath_FilingStatus + "/input_userType_Individual")): Object 'Object Repository/RAD_Pages/FilingStatus_Page/input_userType_Individual' is visible

2023-01-04 13:56:39 - [MESSAGE][PASSED] - Object 'Object Repository/RAD_Pages/FilingStatus_Page/input_userType_Individual' is visible

2023-01-04 13:56:39 - [TEST_STEP][PASSED] - verifyElementVisible(findTestObject(orPath_FilingStatus + "/input_userType_Joint")): Object 'Object Repository/RAD_Pages/FilingStatus_Page/input_userType_Joint' is visible

2023-01-04 13:56:39 - [MESSAGE][PASSED] - Object 'Object Repository/RAD_Pages/FilingStatus_Page/input_userType_Joint' is visible

2023-01-04 13:56:39 - [TEST_STEP][PASSED] - verifyElementNotVisible(findTestObject(orPath_TaxPayer + "/input_Note_businessName")): Object 'Object Repository/RAD_Pages/Taxpayer_Page/input_Note_businessName' is NOT visible

2023-01-04 13:56:39 - [MESSAGE][PASSED] - Object 'Object Repository/RAD_Pages/Taxpayer_Page/input_Note_businessName' is NOT visible

2023-01-04 13:56:39 - [TEST_STEP][PASSED] - verifyElementNotVisible(findTestObject(orPath_TaxInfo + "/input_FederalEIN")): Object 'Object Repository/RAD_Pages/TaxInfo_Page/input_FederalEIN' is NOT visible

2023-01-04 13:56:40 - [MESSAGE][PASSED] - Object 'Object Repository/RAD_Pages/TaxInfo_Page/input_FederalEIN' is NOT visible

2023-01-04 13:56:40 - [TEST_STEP][PASSED] - verifyElementNotVisible(findTestObject(orPath_TaxInfo + "/input_FederalEIN_ReEnter")): Object 'Object Repository/RAD_Pages/TaxInfo_Page/input_FederalEIN_ReEnter' is NOT visible

2023-01-04 13:56:41 - [MESSAGE][PASSED] - Object 'Object Repository/RAD_Pages/TaxInfo_Page/input_FederalEIN_ReEnter' is NOT visible

2023-01-04 13:56:41 - [TEST_STEP][PASSED] - selectOptionByLabel(findTestObject(orPath_TaxTypeFilingYear + "/select_PaymentType"), "Corporate", false): All options with label 'Corporate' are selected in object 'Object Repository/RAD_Pages/TaxTypeFilingYear_Page/select_PaymentType' 

2023-01-04 13:56:42 - [MESSAGE][PASSED] - All options with label 'Corporate' are selected in object 'Object Repository/RAD_Pages/TaxTypeFilingYear_Page/select_PaymentType' 

2023-01-04 13:56:42 - [TEST_STEP][PASSED] - verifyElementPresent(findTestObject(orPath_TaxTypeFilingYear + "/select_PeriodEnding"), 30): Object 'Object Repository/RAD_Pages/TaxTypeFilingYear_Page/select_PeriodEnding' is present

2023-01-04 13:56:42 - [MESSAGE][PASSED] - Object 'Object Repository/RAD_Pages/TaxTypeFilingYear_Page/select_PeriodEnding' is present

2023-01-04 13:56:42 - [TEST_STEP][PASSED] - totalOptionsPeriodEnding = getNumberOfTotalOption(findTestObject(orPath_TaxTypeFilingYear + "/select_PeriodEnding")): 13 options of object 'Object Repository/RAD_Pages/TaxTypeFilingYear_Page/select_PeriodEnding' counted

2023-01-04 13:56:43 - [MESSAGE][PASSED] - 13 options of object 'Object Repository/RAD_Pages/TaxTypeFilingYear_Page/select_PeriodEnding' counted

2023-01-04 13:56:43 - [TEST_STEP][PASSED] - verifyEqual(totalOptionsPeriodEnding, 13): Actual object '13' and expected object '13' are equal

2023-01-04 13:56:43 - [MESSAGE][PASSED] - Actual object '13' and expected object '13' are equal

2023-01-04 13:56:43 - [TEST_STEP][PASSED] - verifyOptionsPresent(findTestObject(orPath_TaxTypeFilingYear + "/select_PeriodEnding"), ["Month", "January", "February", "March", "April", "May", "June"]): Options [Month, January, February, March, April, May, June] present.

2023-01-04 13:56:44 - [MESSAGE][PASSED] - Options [Month, January, February, March, April, May, June] present.

2023-01-04 13:56:44 - [TEST_STEP][PASSED] - verifyOptionsPresent(findTestObject(orPath_TaxTypeFilingYear + "/select_PeriodEnding"), ["July", "August", "September", "October", "November", "December"]): Options [July, August, September, October, November, December] present.

2023-01-04 13:56:45 - [MESSAGE][PASSED] - Options [July, August, September, October, November, December] present.

2023-01-04 13:56:45 - [TEST_STEP][PASSED] - verifyElementVisible(findTestObject(orPath_TaxPayer + "/input_Note_businessName")): Object 'Object Repository/RAD_Pages/Taxpayer_Page/input_Note_businessName' is visible

2023-01-04 13:56:45 - [MESSAGE][PASSED] - Object 'Object Repository/RAD_Pages/Taxpayer_Page/input_Note_businessName' is visible

2023-01-04 13:56:45 - [TEST_STEP][PASSED] - verifyElementVisible(findTestObject(orPath_TaxInfo + "/input_FederalEIN")): Object 'Object Repository/RAD_Pages/TaxInfo_Page/input_FederalEIN' is visible

2023-01-04 13:56:46 - [MESSAGE][PASSED] - Object 'Object Repository/RAD_Pages/TaxInfo_Page/input_FederalEIN' is visible

2023-01-04 13:56:46 - [TEST_STEP][PASSED] - verifyElementVisible(findTestObject(orPath_TaxInfo + "/input_FederalEIN_ReEnter")): Object 'Object Repository/RAD_Pages/TaxInfo_Page/input_FederalEIN_ReEnter' is visible

2023-01-04 13:56:46 - [MESSAGE][PASSED] - Object 'Object Repository/RAD_Pages/TaxInfo_Page/input_FederalEIN_ReEnter' is visible

2023-01-04 13:56:46 - [TEST_STEP][PASSED] - verifyElementNotVisible(findTestObject(orPath_TaxPayer + "/input_firstName")): Object 'Object Repository/RAD_Pages/Taxpayer_Page/input_firstName' is NOT visible

2023-01-04 13:56:47 - [MESSAGE][PASSED] - Object 'Object Repository/RAD_Pages/Taxpayer_Page/input_firstName' is NOT visible

2023-01-04 13:56:47 - [TEST_STEP][PASSED] - verifyElementNotVisible(findTestObject(orPath_TaxPayer + "/input_middleName")): Object 'Object Repository/RAD_Pages/Taxpayer_Page/input_middleName' is NOT visible

2023-01-04 13:56:47 - [MESSAGE][PASSED] - Object 'Object Repository/RAD_Pages/Taxpayer_Page/input_middleName' is NOT visible

2023-01-04 13:56:47 - [TEST_STEP][PASSED] - verifyElementNotVisible(findTestObject(orPath_TaxPayer + "/input_lastName")): Object 'Object Repository/RAD_Pages/Taxpayer_Page/input_lastName' is NOT visible

2023-01-04 13:56:48 - [MESSAGE][PASSED] - Object 'Object Repository/RAD_Pages/Taxpayer_Page/input_lastName' is NOT visible

2023-01-04 13:56:48 - [TEST_STEP][PASSED] - verifyElementNotVisible(findTestObject(orPath_TaxPayer + "/input_suffix")): Object 'Object Repository/RAD_Pages/Taxpayer_Page/input_suffix' is NOT visible

2023-01-04 13:56:48 - [MESSAGE][PASSED] - Object 'Object Repository/RAD_Pages/Taxpayer_Page/input_suffix' is NOT visible

2023-01-04 13:56:48 - [TEST_STEP][PASSED] - verifyElementNotVisible(findTestObject("RAD_RecordAndPlay/input_concatSSN")): Object 'Object Repository/RAD_RecordAndPlay/input_concatSSN' is NOT visible

2023-01-04 13:56:49 - [MESSAGE][PASSED] - Object 'Object Repository/RAD_RecordAndPlay/input_concatSSN' is NOT visible

2023-01-04 13:56:49 - [TEST_STEP][PASSED] - verifyElementNotVisible(findTestObject("RAD_RecordAndPlay/input_concatReSSN")): Object 'Object Repository/RAD_RecordAndPlay/input_concatReSSN' is NOT visible

2023-01-04 13:56:49 - [MESSAGE][PASSED] - Object 'Object Repository/RAD_RecordAndPlay/input_concatReSSN' is NOT visible

2023-01-04 13:56:49 - [TEST_STEP][PASSED] - verifyElementNotVisible(findTestObject(orPath_FilingStatus + "/input_userType_Individual")): Object 'Object Repository/RAD_Pages/FilingStatus_Page/input_userType_Individual' is NOT visible

2023-01-04 13:56:50 - [MESSAGE][PASSED] - Object 'Object Repository/RAD_Pages/FilingStatus_Page/input_userType_Individual' is NOT visible

2023-01-04 13:56:50 - [TEST_STEP][PASSED] - verifyElementNotVisible(findTestObject(orPath_FilingStatus + "/input_userType_Joint")): Object 'Object Repository/RAD_Pages/FilingStatus_Page/input_userType_Joint' is NOT visible

2023-01-04 13:56:50 - [MESSAGE][PASSED] - Object 'Object Repository/RAD_Pages/FilingStatus_Page/input_userType_Joint' is NOT visible]]></system-out>
         <system-err><![CDATA[2023-01-04 13:56:00 - [TEST_CASE][FAILED] - Test Cases/RAD_TestCases/UI_TestCases/ExtensionPayments_UI_TC: Test Cases/RAD_TestCases/UI_TestCases/ExtensionPayments_UI_TC FAILED.
Reason:
com.kms.katalon.core.exception.StepFailedException: Options [2021] do NOT present. (Root cause: com.kms.katalon.core.exception.StepFailedException: Options [2021] do NOT present.. Reason: Your expected options are [2021] but the actual are [2022].
	at com.kms.katalon.core.webui.keyword.internal.WebUIKeywordMain.stepFailedWithReason(WebUIKeywordMain.groovy:70)
	at com.kms.katalon.core.webui.keyword.builtin.VerifyOptionsPresentKeyword$_verifyOptionsPresent_closure1.doCall(VerifyOptionsPresentKeyword.groovy:64)
	at com.kms.katalon.core.webui.keyword.builtin.VerifyOptionsPresentKeyword$_verifyOptionsPresent_closure1.call(VerifyOptionsPresentKeyword.groovy)
	at com.kms.katalon.core.webui.keyword.internal.WebUIKeywordMain.runKeyword(WebUIKeywordMain.groovy:20)
	at com.kms.katalon.core.webui.keyword.builtin.VerifyOptionsPresentKeyword.verifyOptionsPresent(VerifyOptionsPresentKeyword.groovy:72)
	at com.kms.katalon.core.webui.keyword.builtin.VerifyOptionsPresentKeyword.execute(VerifyOptionsPresentKeyword.groovy:38)
	at com.kms.katalon.core.keyword.internal.KeywordExecutor.executeKeywordForPlatform(KeywordExecutor.groovy:74)
	at com.kms.katalon.core.webui.keyword.WebUiBuiltInKeywords.verifyOptionsPresent(WebUiBuiltInKeywords.groovy:4716)
	at com.kms.katalon.core.webui.keyword.WebUiBuiltInKeywords$verifyOptionsPresent$7.call(Unknown Source)
	at ExtensionPayments_UI_TC.run(ExtensionPayments_UI_TC:69)
	at com.kms.katalon.core.main.ScriptEngine.run(ScriptEngine.java:194)
	at com.kms.katalon.core.main.ScriptEngine.runScriptAsRawText(ScriptEngine.java:119)
	at com.kms.katalon.core.main.TestCaseExecutor.runScript(TestCaseExecutor.java:442)
	at com.kms.katalon.core.main.TestCaseExecutor.doExecute(TestCaseExecutor.java:433)
	at com.kms.katalon.core.main.TestCaseExecutor.processExecutionPhase(TestCaseExecutor.java:412)
	at com.kms.katalon.core.main.TestCaseExecutor.accessMainPhase(TestCaseExecutor.java:404)
	at com.kms.katalon.core.main.TestCaseExecutor.execute(TestCaseExecutor.java:281)
	at com.kms.katalon.core.main.TestSuiteExecutor.accessTestCaseMainPhase(TestSuiteExecutor.java:202)
	at com.kms.katalon.core.main.TestSuiteExecutor.accessTestSuiteMainPhase(TestSuiteExecutor.java:164)
	at com.kms.katalon.core.main.TestSuiteExecutor.execute(TestSuiteExecutor.java:105)
	at com.kms.katalon.core.main.TestCaseMain.startTestSuite(TestCaseMain.java:185)
	at com.kms.katalon.core.main.TestCaseMain$startTestSuite$0.call(Unknown Source)
	at TempTestSuite1672858415003.run(TempTestSuite1672858415003.groovy:36)
)
	at com.kms.katalon.core.keyword.internal.KeywordMain.stepFailed(KeywordMain.groovy:39)
	at com.kms.katalon.core.webui.keyword.internal.WebUIKeywordMain.stepFailedWithReason(WebUIKeywordMain.groovy:70)
	at com.kms.katalon.core.webui.keyword.builtin.VerifyOptionsPresentKeyword$_verifyOptionsPresent_closure1.doCall(VerifyOptionsPresentKeyword.groovy:64)
	at com.kms.katalon.core.webui.keyword.builtin.VerifyOptionsPresentKeyword$_verifyOptionsPresent_closure1.call(VerifyOptionsPresentKeyword.groovy)
	at com.kms.katalon.core.webui.keyword.internal.WebUIKeywordMain.runKeyword(WebUIKeywordMain.groovy:20)
	at com.kms.katalon.core.webui.keyword.builtin.VerifyOptionsPresentKeyword.verifyOptionsPresent(VerifyOptionsPresentKeyword.groovy:72)
	at com.kms.katalon.core.webui.keyword.builtin.VerifyOptionsPresentKeyword.execute(VerifyOptionsPresentKeyword.groovy:38)
	at com.kms.katalon.core.keyword.internal.KeywordExecutor.executeKeywordForPlatform(KeywordExecutor.groovy:74)
	at com.kms.katalon.core.webui.keyword.WebUiBuiltInKeywords.verifyOptionsPresent(WebUiBuiltInKeywords.groovy:4716)
	at com.kms.katalon.core.webui.keyword.WebUiBuiltInKeywords$verifyOptionsPresent$7.call(Unknown Source)
	at ExtensionPayments_UI_TC.run(ExtensionPayments_UI_TC:69)
	at com.kms.katalon.core.main.ScriptEngine.run(ScriptEngine.java:194)
	at com.kms.katalon.core.main.ScriptEngine.runScriptAsRawText(ScriptEngine.java:119)
	at com.kms.katalon.core.main.TestCaseExecutor.runScript(TestCaseExecutor.java:442)
	at com.kms.katalon.core.main.TestCaseExecutor.doExecute(TestCaseExecutor.java:433)
	at com.kms.katalon.core.main.TestCaseExecutor.processExecutionPhase(TestCaseExecutor.java:412)
	at com.kms.katalon.core.main.TestCaseExecutor.accessMainPhase(TestCaseExecutor.java:404)
	at com.kms.katalon.core.main.TestCaseExecutor.execute(TestCaseExecutor.java:281)
	at com.kms.katalon.core.main.TestSuiteExecutor.accessTestCaseMainPhase(TestSuiteExecutor.java:202)
	at com.kms.katalon.core.main.TestSuiteExecutor.accessTestSuiteMainPhase(TestSuiteExecutor.java:164)
	at com.kms.katalon.core.main.TestSuiteExecutor.execute(TestSuiteExecutor.java:105)
	at com.kms.katalon.core.main.TestCaseMain.startTestSuite(TestCaseMain.java:185)
	at com.kms.katalon.core.main.TestCaseMain$startTestSuite$0.call(Unknown Source)
	at TempTestSuite1672858415003.run(TempTestSuite1672858415003.groovy:36)
Caused by: com.kms.katalon.core.exception.StepFailedException: Options [2021] do NOT present.. Reason: Your expected options are [2021] but the actual are [2022].
	... 23 more]]></system-err>
      </testcase>
      <testcase name="Test Cases/RAD_TestCases/UI_TestCases/WithholdingTax_UI_TC" time="33.415" classname="Test Cases/RAD_TestCases/UI_TestCases/WithholdingTax_UI_TC" status="FAILED">
         <failure type="FAILED" message="Test Cases/RAD_TestCases/UI_TestCases/WithholdingTax_UI_TC FAILED.
Reason:
com.kms.katalon.core.exception.StepFailedException: Options [2020, 2021, 2022] do NOT present. (Root cause: com.kms.katalon.core.exception.StepFailedException: Options [2020, 2021, 2022] do NOT present.. Reason: Your expected options are [2020, 2021, 2022] but the actual are [Select, 2023, 2022, 2021].
	at com.kms.katalon.core.webui.keyword.internal.WebUIKeywordMain.stepFailedWithReason(WebUIKeywordMain.groovy:70)
	at com.kms.katalon.core.webui.keyword.builtin.VerifyOptionsPresentKeyword$_verifyOptionsPresent_closure1.doCall(VerifyOptionsPresentKeyword.groovy:64)
	at com.kms.katalon.core.webui.keyword.builtin.VerifyOptionsPresentKeyword$_verifyOptionsPresent_closure1.call(VerifyOptionsPresentKeyword.groovy)
	at com.kms.katalon.core.webui.keyword.internal.WebUIKeywordMain.runKeyword(WebUIKeywordMain.groovy:20)
	at com.kms.katalon.core.webui.keyword.builtin.VerifyOptionsPresentKeyword.verifyOptionsPresent(VerifyOptionsPresentKeyword.groovy:72)
	at com.kms.katalon.core.webui.keyword.builtin.VerifyOptionsPresentKeyword.execute(VerifyOptionsPresentKeyword.groovy:38)
	at com.kms.katalon.core.keyword.internal.KeywordExecutor.executeKeywordForPlatform(KeywordExecutor.groovy:74)
	at com.kms.katalon.core.webui.keyword.WebUiBuiltInKeywords.verifyOptionsPresent(WebUiBuiltInKeywords.groovy:4716)
	at com.kms.katalon.core.webui.keyword.WebUiBuiltInKeywords$verifyOptionsPresent$7.call(Unknown Source)
	at WithholdingTax_UI_TC.run(WithholdingTax_UI_TC:61)
	at com.kms.katalon.core.main.ScriptEngine.run(ScriptEngine.java:194)
	at com.kms.katalon.core.main.ScriptEngine.runScriptAsRawText(ScriptEngine.java:119)
	at com.kms.katalon.core.main.TestCaseExecutor.runScript(TestCaseExecutor.java:442)
	at com.kms.katalon.core.main.TestCaseExecutor.doExecute(TestCaseExecutor.java:433)
	at com.kms.katalon.core.main.TestCaseExecutor.processExecutionPhase(TestCaseExecutor.java:412)
	at com.kms.katalon.core.main.TestCaseExecutor.accessMainPhase(TestCaseExecutor.java:404)
	at com.kms.katalon.core.main.TestCaseExecutor.execute(TestCaseExecutor.java:281)
	at com.kms.katalon.core.main.TestSuiteExecutor.accessTestCaseMainPhase(TestSuiteExecutor.java:202)
	at com.kms.katalon.core.main.TestSuiteExecutor.accessTestSuiteMainPhase(TestSuiteExecutor.java:164)
	at com.kms.katalon.core.main.TestSuiteExecutor.execute(TestSuiteExecutor.java:105)
	at com.kms.katalon.core.main.TestCaseMain.startTestSuite(TestCaseMain.java:185)
	at com.kms.katalon.core.main.TestCaseMain$startTestSuite$0.call(Unknown Source)
	at TempTestSuite1672858415003.run(TempTestSuite1672858415003.groovy:36)
)
	at com.kms.katalon.core.keyword.internal.KeywordMain.stepFailed(KeywordMain.groovy:39)
	at com.kms.katalon.core.webui.keyword.internal.WebUIKeywordMain.stepFailedWithReason(WebUIKeywordMain.groovy:70)
	at com.kms.katalon.core.webui.keyword.builtin.VerifyOptionsPresentKeyword$_verifyOptionsPresent_closure1.doCall(VerifyOptionsPresentKeyword.groovy:64)
	at com.kms.katalon.core.webui.keyword.builtin.VerifyOptionsPresentKeyword$_verifyOptionsPresent_closure1.call(VerifyOptionsPresentKeyword.groovy)
	at com.kms.katalon.core.webui.keyword.internal.WebUIKeywordMain.runKeyword(WebUIKeywordMain.groovy:20)
	at com.kms.katalon.core.webui.keyword.builtin.VerifyOptionsPresentKeyword.verifyOptionsPresent(VerifyOptionsPresentKeyword.groovy:72)
	at com.kms.katalon.core.webui.keyword.builtin.VerifyOptionsPresentKeyword.execute(VerifyOptionsPresentKeyword.groovy:38)
	at com.kms.katalon.core.keyword.internal.KeywordExecutor.executeKeywordForPlatform(KeywordExecutor.groovy:74)
	at com.kms.katalon.core.webui.keyword.WebUiBuiltInKeywords.verifyOptionsPresent(WebUiBuiltInKeywords.groovy:4716)
	at com.kms.katalon.core.webui.keyword.WebUiBuiltInKeywords$verifyOptionsPresent$7.call(Unknown Source)
	at WithholdingTax_UI_TC.run(WithholdingTax_UI_TC:61)
	at com.kms.katalon.core.main.ScriptEngine.run(ScriptEngine.java:194)
	at com.kms.katalon.core.main.ScriptEngine.runScriptAsRawText(ScriptEngine.java:119)
	at com.kms.katalon.core.main.TestCaseExecutor.runScript(TestCaseExecutor.java:442)
	at com.kms.katalon.core.main.TestCaseExecutor.doExecute(TestCaseExecutor.java:433)
	at com.kms.katalon.core.main.TestCaseExecutor.processExecutionPhase(TestCaseExecutor.java:412)
	at com.kms.katalon.core.main.TestCaseExecutor.accessMainPhase(TestCaseExecutor.java:404)
	at com.kms.katalon.core.main.TestCaseExecutor.execute(TestCaseExecutor.java:281)
	at com.kms.katalon.core.main.TestSuiteExecutor.accessTestCaseMainPhase(TestSuiteExecutor.java:202)
	at com.kms.katalon.core.main.TestSuiteExecutor.accessTestSuiteMainPhase(TestSuiteExecutor.java:164)
	at com.kms.katalon.core.main.TestSuiteExecutor.execute(TestSuiteExecutor.java:105)
	at com.kms.katalon.core.main.TestCaseMain.startTestSuite(TestCaseMain.java:185)
	at com.kms.katalon.core.main.TestCaseMain$startTestSuite$0.call(Unknown Source)
	at TempTestSuite1672858415003.run(TempTestSuite1672858415003.groovy:36)
Caused by: com.kms.katalon.core.exception.StepFailedException: Options [2020, 2021, 2022] do NOT present.. Reason: Your expected options are [2020, 2021, 2022] but the actual are [Select, 2023, 2022, 2021].
	... 23 more
"/>
         <system-out><![CDATA[2023-01-04 13:56:51 - [TEST_CASE][FAILED] - Test Cases/RAD_TestCases/UI_TestCases/WithholdingTax_UI_TC: Test Cases/RAD_TestCases/UI_TestCases/WithholdingTax_UI_TC FAILED.
Reason:
com.kms.katalon.core.exception.StepFailedException: Options [2020, 2021, 2022] do NOT present. (Root cause: com.kms.katalon.core.exception.StepFailedException: Options [2020, 2021, 2022] do NOT present.. Reason: Your expected options are [2020, 2021, 2022] but the actual are [Select, 2023, 2022, 2021].
	at com.kms.katalon.core.webui.keyword.internal.WebUIKeywordMain.stepFailedWithReason(WebUIKeywordMain.groovy:70)
	at com.kms.katalon.core.webui.keyword.builtin.VerifyOptionsPresentKeyword$_verifyOptionsPresent_closure1.doCall(VerifyOptionsPresentKeyword.groovy:64)
	at com.kms.katalon.core.webui.keyword.builtin.VerifyOptionsPresentKeyword$_verifyOptionsPresent_closure1.call(VerifyOptionsPresentKeyword.groovy)
	at com.kms.katalon.core.webui.keyword.internal.WebUIKeywordMain.runKeyword(WebUIKeywordMain.groovy:20)
	at com.kms.katalon.core.webui.keyword.builtin.VerifyOptionsPresentKeyword.verifyOptionsPresent(VerifyOptionsPresentKeyword.groovy:72)
	at com.kms.katalon.core.webui.keyword.builtin.VerifyOptionsPresentKeyword.execute(VerifyOptionsPresentKeyword.groovy:38)
	at com.kms.katalon.core.keyword.internal.KeywordExecutor.executeKeywordForPlatform(KeywordExecutor.groovy:74)
	at com.kms.katalon.core.webui.keyword.WebUiBuiltInKeywords.verifyOptionsPresent(WebUiBuiltInKeywords.groovy:4716)
	at com.kms.katalon.core.webui.keyword.WebUiBuiltInKeywords$verifyOptionsPresent$7.call(Unknown Source)
	at WithholdingTax_UI_TC.run(WithholdingTax_UI_TC:61)
	at com.kms.katalon.core.main.ScriptEngine.run(ScriptEngine.java:194)
	at com.kms.katalon.core.main.ScriptEngine.runScriptAsRawText(ScriptEngine.java:119)
	at com.kms.katalon.core.main.TestCaseExecutor.runScript(TestCaseExecutor.java:442)
	at com.kms.katalon.core.main.TestCaseExecutor.doExecute(TestCaseExecutor.java:433)
	at com.kms.katalon.core.main.TestCaseExecutor.processExecutionPhase(TestCaseExecutor.java:412)
	at com.kms.katalon.core.main.TestCaseExecutor.accessMainPhase(TestCaseExecutor.java:404)
	at com.kms.katalon.core.main.TestCaseExecutor.execute(TestCaseExecutor.java:281)
	at com.kms.katalon.core.main.TestSuiteExecutor.accessTestCaseMainPhase(TestSuiteExecutor.java:202)
	at com.kms.katalon.core.main.TestSuiteExecutor.accessTestSuiteMainPhase(TestSuiteExecutor.java:164)
	at com.kms.katalon.core.main.TestSuiteExecutor.execute(TestSuiteExecutor.java:105)
	at com.kms.katalon.core.main.TestCaseMain.startTestSuite(TestCaseMain.java:185)
	at com.kms.katalon.core.main.TestCaseMain$startTestSuite$0.call(Unknown Source)
	at TempTestSuite1672858415003.run(TempTestSuite1672858415003.groovy:36)
)
	at com.kms.katalon.core.keyword.internal.KeywordMain.stepFailed(KeywordMain.groovy:39)
	at com.kms.katalon.core.webui.keyword.internal.WebUIKeywordMain.stepFailedWithReason(WebUIKeywordMain.groovy:70)
	at com.kms.katalon.core.webui.keyword.builtin.VerifyOptionsPresentKeyword$_verifyOptionsPresent_closure1.doCall(VerifyOptionsPresentKeyword.groovy:64)
	at com.kms.katalon.core.webui.keyword.builtin.VerifyOptionsPresentKeyword$_verifyOptionsPresent_closure1.call(VerifyOptionsPresentKeyword.groovy)
	at com.kms.katalon.core.webui.keyword.internal.WebUIKeywordMain.runKeyword(WebUIKeywordMain.groovy:20)
	at com.kms.katalon.core.webui.keyword.builtin.VerifyOptionsPresentKeyword.verifyOptionsPresent(VerifyOptionsPresentKeyword.groovy:72)
	at com.kms.katalon.core.webui.keyword.builtin.VerifyOptionsPresentKeyword.execute(VerifyOptionsPresentKeyword.groovy:38)
	at com.kms.katalon.core.keyword.internal.KeywordExecutor.executeKeywordForPlatform(KeywordExecutor.groovy:74)
	at com.kms.katalon.core.webui.keyword.WebUiBuiltInKeywords.verifyOptionsPresent(WebUiBuiltInKeywords.groovy:4716)
	at com.kms.katalon.core.webui.keyword.WebUiBuiltInKeywords$verifyOptionsPresent$7.call(Unknown Source)
	at WithholdingTax_UI_TC.run(WithholdingTax_UI_TC:61)
	at com.kms.katalon.core.main.ScriptEngine.run(ScriptEngine.java:194)
	at com.kms.katalon.core.main.ScriptEngine.runScriptAsRawText(ScriptEngine.java:119)
	at com.kms.katalon.core.main.TestCaseExecutor.runScript(TestCaseExecutor.java:442)
	at com.kms.katalon.core.main.TestCaseExecutor.doExecute(TestCaseExecutor.java:433)
	at com.kms.katalon.core.main.TestCaseExecutor.processExecutionPhase(TestCaseExecutor.java:412)
	at com.kms.katalon.core.main.TestCaseExecutor.accessMainPhase(TestCaseExecutor.java:404)
	at com.kms.katalon.core.main.TestCaseExecutor.execute(TestCaseExecutor.java:281)
	at com.kms.katalon.core.main.TestSuiteExecutor.accessTestCaseMainPhase(TestSuiteExecutor.java:202)
	at com.kms.katalon.core.main.TestSuiteExecutor.accessTestSuiteMainPhase(TestSuiteExecutor.java:164)
	at com.kms.katalon.core.main.TestSuiteExecutor.execute(TestSuiteExecutor.java:105)
	at com.kms.katalon.core.main.TestCaseMain.startTestSuite(TestCaseMain.java:185)
	at com.kms.katalon.core.main.TestCaseMain$startTestSuite$0.call(Unknown Source)
	at TempTestSuite1672858415003.run(TempTestSuite1672858415003.groovy:36)
Caused by: com.kms.katalon.core.exception.StepFailedException: Options [2020, 2021, 2022] do NOT present.. Reason: Your expected options are [2020, 2021, 2022] but the actual are [Select, 2023, 2022, 2021].
	... 23 more


2023-01-04 13:56:51 - [TEST_STEP][PASSED] - openBrowser(""): Browser is opened with url: ''

2023-01-04 13:56:51 - [MESSAGE][WARNING] - A browser is already opened. Closing browser and opening a new one

2023-01-04 13:56:52 - [MESSAGE][INFO] - Starting 'Chrome' driver

2023-01-04 13:56:52 - [MESSAGE][INFO] - User set preference: ['acceptInsecureCerts', 'true']

2023-01-04 13:56:52 - [MESSAGE][INFO] - Action delay is set to 0 milliseconds

2023-01-04 13:56:53 - [MESSAGE][PASSED] - Browser is opened with url: ''

2023-01-04 13:56:53 - [TEST_STEP][PASSED] - maximizeWindow(): Current window maximized

2023-01-04 13:56:53 - [MESSAGE][PASSED] - Current window maximized

2023-01-04 13:56:53 - [TEST_STEP][PASSED] - navigateToUrl(RADurl): Navigate to 'https://qa.velocitypayment.com/client/rad/index.html' successfully

2023-01-04 13:56:55 - [MESSAGE][PASSED] - Navigate to 'https://qa.velocitypayment.com/client/rad/index.html' successfully

2023-01-04 13:56:55 - [TEST_STEP][PASSED] - orPath_Landing = "Object Repository/RAD_Pages/Landing_Page": null

2023-01-04 13:56:55 - [TEST_STEP][PASSED] - orPath_TaxTypeFilingYear = "Object Repository/RAD_Pages/TaxTypeFilingYear_Page": null

2023-01-04 13:56:55 - [TEST_STEP][PASSED] - orPath_TaxPayer = "Object Repository/RAD_Pages/Taxpayer_Page": null

2023-01-04 13:56:55 - [TEST_STEP][PASSED] - orPath_AddressContact = "Object Repository/RAD_Pages/AddressAndContactInfo_Page": null

2023-01-04 13:56:55 - [TEST_STEP][PASSED] - orPath_TaxInfo = "Object Repository/RAD_Pages/TaxInfo_Page": null

2023-01-04 13:56:55 - [TEST_STEP][PASSED] - orPath_Withholding = "Object Repository/RAD_Pages/Withholding_Page": null

2023-01-04 13:56:55 - [TEST_STEP][PASSED] - orPath_FilingStatus = "Object Repository/RAD_Pages/FilingStatus_Page": null

2023-01-04 13:56:55 - [TEST_STEP][PASSED] - orPath_Amount = "Object Repository/RAD_Pages/PaymentAmount_Page": null

2023-01-04 13:56:55 - [TEST_STEP][PASSED] - selectOptionByLabel(findTestObject(orPath_Landing + "/dd_TaxType"), "Withholding Tax", false): All options with label 'Withholding Tax' are selected in object 'Object Repository/RAD_Pages/Landing_Page/dd_TaxType' 

2023-01-04 13:56:56 - [MESSAGE][PASSED] - All options with label 'Withholding Tax' are selected in object 'Object Repository/RAD_Pages/Landing_Page/dd_TaxType' 

2023-01-04 13:56:56 - [TEST_STEP][PASSED] - verifyElementPresent(findTestObject(orPath_TaxTypeFilingYear + "/select_FilingYear"), 30): Object 'Object Repository/RAD_Pages/TaxTypeFilingYear_Page/select_FilingYear' is present

2023-01-04 13:56:56 - [MESSAGE][PASSED] - Object 'Object Repository/RAD_Pages/TaxTypeFilingYear_Page/select_FilingYear' is present

2023-01-04 13:56:56 - [TEST_STEP][PASSED] - totalOptionsFilingYear = getNumberOfTotalOption(findTestObject(orPath_TaxTypeFilingYear + "/select_FilingYear")): 4 options of object 'Object Repository/RAD_Pages/TaxTypeFilingYear_Page/select_FilingYear' counted

2023-01-04 13:56:57 - [MESSAGE][PASSED] - 4 options of object 'Object Repository/RAD_Pages/TaxTypeFilingYear_Page/select_FilingYear' counted

2023-01-04 13:56:57 - [TEST_STEP][PASSED] - verifyEqual(totalOptionsFilingYear, 4): Actual object '4' and expected object '4' are equal

2023-01-04 13:56:57 - [MESSAGE][PASSED] - Actual object '4' and expected object '4' are equal

2023-01-04 13:56:57 - [TEST_STEP][FAILED] - verifyOptionsPresent(findTestObject(orPath_TaxTypeFilingYear + "/select_FilingYear"), ["2020", "2021", "2022"]): Options [2020, 2021, 2022] do NOT present. (Root cause: com.kms.katalon.core.exception.StepFailedException: Options [2020, 2021, 2022] do NOT present.. Reason: Your expected options are [2020, 2021, 2022] but the actual are [Select, 2023, 2022, 2021].
	at com.kms.katalon.core.webui.keyword.internal.WebUIKeywordMain.stepFailedWithReason(WebUIKeywordMain.groovy:70)
	at com.kms.katalon.core.webui.keyword.builtin.VerifyOptionsPresentKeyword$_verifyOptionsPresent_closure1.doCall(VerifyOptionsPresentKeyword.groovy:64)
	at com.kms.katalon.core.webui.keyword.builtin.VerifyOptionsPresentKeyword$_verifyOptionsPresent_closure1.call(VerifyOptionsPresentKeyword.groovy)
	at com.kms.katalon.core.webui.keyword.internal.WebUIKeywordMain.runKeyword(WebUIKeywordMain.groovy:20)
	at com.kms.katalon.core.webui.keyword.builtin.VerifyOptionsPresentKeyword.verifyOptionsPresent(VerifyOptionsPresentKeyword.groovy:72)
	at com.kms.katalon.core.webui.keyword.builtin.VerifyOptionsPresentKeyword.execute(VerifyOptionsPresentKeyword.groovy:38)
	at com.kms.katalon.core.keyword.internal.KeywordExecutor.executeKeywordForPlatform(KeywordExecutor.groovy:74)
	at com.kms.katalon.core.webui.keyword.WebUiBuiltInKeywords.verifyOptionsPresent(WebUiBuiltInKeywords.groovy:4716)
	at com.kms.katalon.core.webui.keyword.WebUiBuiltInKeywords$verifyOptionsPresent$7.call(Unknown Source)
	at WithholdingTax_UI_TC.run(WithholdingTax_UI_TC:61)
	at com.kms.katalon.core.main.ScriptEngine.run(ScriptEngine.java:194)
	at com.kms.katalon.core.main.ScriptEngine.runScriptAsRawText(ScriptEngine.java:119)
	at com.kms.katalon.core.main.TestCaseExecutor.runScript(TestCaseExecutor.java:442)
	at com.kms.katalon.core.main.TestCaseExecutor.doExecute(TestCaseExecutor.java:433)
	at com.kms.katalon.core.main.TestCaseExecutor.processExecutionPhase(TestCaseExecutor.java:412)
	at com.kms.katalon.core.main.TestCaseExecutor.accessMainPhase(TestCaseExecutor.java:404)
	at com.kms.katalon.core.main.TestCaseExecutor.execute(TestCaseExecutor.java:281)
	at com.kms.katalon.core.main.TestSuiteExecutor.accessTestCaseMainPhase(TestSuiteExecutor.java:202)
	at com.kms.katalon.core.main.TestSuiteExecutor.accessTestSuiteMainPhase(TestSuiteExecutor.java:164)
	at com.kms.katalon.core.main.TestSuiteExecutor.execute(TestSuiteExecutor.java:105)
	at com.kms.katalon.core.main.TestCaseMain.startTestSuite(TestCaseMain.java:185)
	at com.kms.katalon.core.main.TestCaseMain$startTestSuite$0.call(Unknown Source)
	at TempTestSuite1672858415003.run(TempTestSuite1672858415003.groovy:36)
)

2023-01-04 13:56:58 - [MESSAGE][FAILED] - Options [2020, 2021, 2022] do NOT present. (Root cause: com.kms.katalon.core.exception.StepFailedException: Options [2020, 2021, 2022] do NOT present.. Reason: Your expected options are [2020, 2021, 2022] but the actual are [Select, 2023, 2022, 2021].
	at com.kms.katalon.core.webui.keyword.internal.WebUIKeywordMain.stepFailedWithReason(WebUIKeywordMain.groovy:70)
	at com.kms.katalon.core.webui.keyword.builtin.VerifyOptionsPresentKeyword$_verifyOptionsPresent_closure1.doCall(VerifyOptionsPresentKeyword.groovy:64)
	at com.kms.katalon.core.webui.keyword.builtin.VerifyOptionsPresentKeyword$_verifyOptionsPresent_closure1.call(VerifyOptionsPresentKeyword.groovy)
	at com.kms.katalon.core.webui.keyword.internal.WebUIKeywordMain.runKeyword(WebUIKeywordMain.groovy:20)
	at com.kms.katalon.core.webui.keyword.builtin.VerifyOptionsPresentKeyword.verifyOptionsPresent(VerifyOptionsPresentKeyword.groovy:72)
	at com.kms.katalon.core.webui.keyword.builtin.VerifyOptionsPresentKeyword.execute(VerifyOptionsPresentKeyword.groovy:38)
	at com.kms.katalon.core.keyword.internal.KeywordExecutor.executeKeywordForPlatform(KeywordExecutor.groovy:74)
	at com.kms.katalon.core.webui.keyword.WebUiBuiltInKeywords.verifyOptionsPresent(WebUiBuiltInKeywords.groovy:4716)
	at com.kms.katalon.core.webui.keyword.WebUiBuiltInKeywords$verifyOptionsPresent$7.call(Unknown Source)
	at WithholdingTax_UI_TC.run(WithholdingTax_UI_TC:61)
	at com.kms.katalon.core.main.ScriptEngine.run(ScriptEngine.java:194)
	at com.kms.katalon.core.main.ScriptEngine.runScriptAsRawText(ScriptEngine.java:119)
	at com.kms.katalon.core.main.TestCaseExecutor.runScript(TestCaseExecutor.java:442)
	at com.kms.katalon.core.main.TestCaseExecutor.doExecute(TestCaseExecutor.java:433)
	at com.kms.katalon.core.main.TestCaseExecutor.processExecutionPhase(TestCaseExecutor.java:412)
	at com.kms.katalon.core.main.TestCaseExecutor.accessMainPhase(TestCaseExecutor.java:404)
	at com.kms.katalon.core.main.TestCaseExecutor.execute(TestCaseExecutor.java:281)
	at com.kms.katalon.core.main.TestSuiteExecutor.accessTestCaseMainPhase(TestSuiteExecutor.java:202)
	at com.kms.katalon.core.main.TestSuiteExecutor.accessTestSuiteMainPhase(TestSuiteExecutor.java:164)
	at com.kms.katalon.core.main.TestSuiteExecutor.execute(TestSuiteExecutor.java:105)
	at com.kms.katalon.core.main.TestCaseMain.startTestSuite(TestCaseMain.java:185)
	at com.kms.katalon.core.main.TestCaseMain$startTestSuite$0.call(Unknown Source)
	at TempTestSuite1672858415003.run(TempTestSuite1672858415003.groovy:36)
)
[[ATTACHMENT|E:\\Cloned-Project-Katalon\\VPS-Katalon\\Reports\\20230104_135334\\RAD_TestSuite\\RAD_UI_TestSuite\\20230104_135334\\1672858618386.png]]

2023-01-04 13:56:58 - [TEST_STEP][PASSED] - verifyTextPresent("Tax Type/Filing Year", true): Text 'Tax Type/Filing Year' is present on page  using regular expression

2023-01-04 13:56:59 - [MESSAGE][PASSED] - Text 'Tax Type/Filing Year' is present on page  using regular expression

2023-01-04 13:56:59 - [TEST_STEP][PASSED] - verifyTextPresent("Taxpayer", true): Text 'Taxpayer' is present on page  using regular expression

2023-01-04 13:56:59 - [MESSAGE][PASSED] - Text 'Taxpayer' is present on page  using regular expression

2023-01-04 13:56:59 - [TEST_STEP][PASSED] - verifyTextPresent("Provide the following taxpayer information", true): Text 'Provide the following taxpayer information' is present on page  using regular expression

2023-01-04 13:57:00 - [MESSAGE][PASSED] - Text 'Provide the following taxpayer information' is present on page  using regular expression

2023-01-04 13:57:00 - [TEST_STEP][PASSED] - verifyTextPresent("Note: If you are paying on behalf of the Taxpayer, enter Taxpayer", true): Text 'Note: If you are paying on behalf of the Taxpayer, enter Taxpayer' is present on page  using regular expression

2023-01-04 13:57:00 - [MESSAGE][PASSED] - Text 'Note: If you are paying on behalf of the Taxpayer, enter Taxpayer' is present on page  using regular expression

2023-01-04 13:57:00 - [TEST_STEP][PASSED] - verifyTextPresent("information here. If you are making a payment for the Taxpayer, you will be required later to enter your own credit card, billing address and other pertinent information", true): Text 'information here. If you are making a payment for the Taxpayer, you will be required later to enter your own credit card, billing address and other pertinent information' is present on page  using regular expression

2023-01-04 13:57:01 - [MESSAGE][PASSED] - Text 'information here. If you are making a payment for the Taxpayer, you will be required later to enter your own credit card, billing address and other pertinent information' is present on page  using regular expression

2023-01-04 13:57:01 - [TEST_STEP][PASSED] - verifyTextPresent("Address and Contact Information", true): Text 'Address and Contact Information' is present on page  using regular expression

2023-01-04 13:57:01 - [MESSAGE][PASSED] - Text 'Address and Contact Information' is present on page  using regular expression

2023-01-04 13:57:01 - [TEST_STEP][PASSED] - verifyTextPresent("Enter the taxpayer", true): Text 'Enter the taxpayer' is present on page  using regular expression

2023-01-04 13:57:02 - [MESSAGE][PASSED] - Text 'Enter the taxpayer' is present on page  using regular expression

2023-01-04 13:57:02 - [TEST_STEP][PASSED] - verifyTextPresent("address and contact information", true): Text 'address and contact information' is present on page  using regular expression

2023-01-04 13:57:02 - [MESSAGE][PASSED] - Text 'address and contact information' is present on page  using regular expression

2023-01-04 13:57:02 - [TEST_STEP][PASSED] - verifyTextPresent("Tax Information", true): Text 'Tax Information' is present on page  using regular expression

2023-01-04 13:57:03 - [MESSAGE][PASSED] - Text 'Tax Information' is present on page  using regular expression

2023-01-04 13:57:03 - [TEST_STEP][PASSED] - verifyTextPresent("Withholding", true): Text 'Withholding' is present on page  using regular expression

2023-01-04 13:57:03 - [MESSAGE][PASSED] - Text 'Withholding' is present on page  using regular expression

2023-01-04 13:57:03 - [TEST_STEP][PASSED] - verifyTextPresent("Are you filing on an accelerated basis?", true): Text 'Are you filing on an accelerated basis?' is present on page  using regular expression

2023-01-04 13:57:04 - [MESSAGE][PASSED] - Text 'Are you filing on an accelerated basis?' is present on page  using regular expression

2023-01-04 13:57:04 - [TEST_STEP][PASSED] - verifyTextPresent("Yes", true): Text 'Yes' is present on page  using regular expression

2023-01-04 13:57:04 - [MESSAGE][PASSED] - Text 'Yes' is present on page  using regular expression

2023-01-04 13:57:04 - [TEST_STEP][PASSED] - verifyTextPresent("No", true): Text 'No' is present on page  using regular expression

2023-01-04 13:57:05 - [MESSAGE][PASSED] - Text 'No' is present on page  using regular expression

2023-01-04 13:57:05 - [TEST_STEP][PASSED] - verifyTextPresent("Payment Amount", true): Text 'Payment Amount' is present on page  using regular expression

2023-01-04 13:57:05 - [MESSAGE][PASSED] - Text 'Payment Amount' is present on page  using regular expression

2023-01-04 13:57:05 - [TEST_STEP][PASSED] - verifyTextPresent("Service Fee: This electronic government service includes a service/convenience fee. Click here for details", true): Text 'Service Fee: This electronic government service includes a service/convenience fee. Click here for details' is present on page  using regular expression

2023-01-04 13:57:06 - [MESSAGE][PASSED] - Text 'Service Fee: This electronic government service includes a service/convenience fee. Click here for details' is present on page  using regular expression

2023-01-04 13:57:06 - [TEST_STEP][PASSED] - verifyElementPresent(findTestObject(orPath_Amount + "/a_Click here for details"), 30): Object 'Object Repository/RAD_Pages/PaymentAmount_Page/a_Click here for details' is present

2023-01-04 13:57:06 - [MESSAGE][PASSED] - Object 'Object Repository/RAD_Pages/PaymentAmount_Page/a_Click here for details' is present

2023-01-04 13:57:06 - [TEST_STEP][PASSED] - verifyElementPresent(findTestObject(orPath_Landing + "/button_Continue"), 30): Object 'Object Repository/RAD_Pages/Landing_Page/button_Continue' is present

2023-01-04 13:57:07 - [MESSAGE][PASSED] - Object 'Object Repository/RAD_Pages/Landing_Page/button_Continue' is present

2023-01-04 13:57:07 - [TEST_STEP][PASSED] - verifyElementPresent(findTestObject(orPath_TaxPayer + "/input_businessName"), 30): Object 'Object Repository/RAD_Pages/Taxpayer_Page/input_businessName' is present

2023-01-04 13:57:07 - [MESSAGE][PASSED] - Object 'Object Repository/RAD_Pages/Taxpayer_Page/input_businessName' is present

2023-01-04 13:57:07 - [TEST_STEP][PASSED] - verifyElementPresent(findTestObject(orPath_TaxPayer + "/input_firstName"), 30): Object 'Object Repository/RAD_Pages/Taxpayer_Page/input_firstName' is present

2023-01-04 13:57:07 - [MESSAGE][PASSED] - Object 'Object Repository/RAD_Pages/Taxpayer_Page/input_firstName' is present

2023-01-04 13:57:07 - [TEST_STEP][PASSED] - verifyElementPresent(findTestObject(orPath_TaxPayer + "/input_middleName"), 30): Object 'Object Repository/RAD_Pages/Taxpayer_Page/input_middleName' is present

2023-01-04 13:57:08 - [MESSAGE][PASSED] - Object 'Object Repository/RAD_Pages/Taxpayer_Page/input_middleName' is present

2023-01-04 13:57:08 - [TEST_STEP][PASSED] - verifyElementPresent(findTestObject(orPath_TaxPayer + "/input_lastName"), 30): Object 'Object Repository/RAD_Pages/Taxpayer_Page/input_lastName' is present

2023-01-04 13:57:08 - [MESSAGE][PASSED] - Object 'Object Repository/RAD_Pages/Taxpayer_Page/input_lastName' is present

2023-01-04 13:57:08 - [TEST_STEP][PASSED] - verifyElementPresent(findTestObject(orPath_TaxPayer + "/input_suffix"), 30): Object 'Object Repository/RAD_Pages/Taxpayer_Page/input_suffix' is present

2023-01-04 13:57:09 - [MESSAGE][PASSED] - Object 'Object Repository/RAD_Pages/Taxpayer_Page/input_suffix' is present

2023-01-04 13:57:09 - [TEST_STEP][PASSED] - verifyElementPresent(findTestObject(orPath_AddressContact + "/select_Country"), 30): Object 'Object Repository/RAD_Pages/AddressAndContactInfo_Page/select_Country' is present

2023-01-04 13:57:09 - [MESSAGE][PASSED] - Object 'Object Repository/RAD_Pages/AddressAndContactInfo_Page/select_Country' is present

2023-01-04 13:57:09 - [TEST_STEP][PASSED] - verifyElementPresent(findTestObject(orPath_AddressContact + "/input_streetAddress1"), 30): Object 'Object Repository/RAD_Pages/AddressAndContactInfo_Page/input_streetAddress1' is present

2023-01-04 13:57:10 - [MESSAGE][PASSED] - Object 'Object Repository/RAD_Pages/AddressAndContactInfo_Page/input_streetAddress1' is present

2023-01-04 13:57:10 - [TEST_STEP][PASSED] - verifyElementPresent(findTestObject(orPath_AddressContact + "/input_streetAddress2"), 30): Object 'Object Repository/RAD_Pages/AddressAndContactInfo_Page/input_streetAddress2' is present

2023-01-04 13:57:10 - [MESSAGE][PASSED] - Object 'Object Repository/RAD_Pages/AddressAndContactInfo_Page/input_streetAddress2' is present

2023-01-04 13:57:10 - [TEST_STEP][PASSED] - verifyElementPresent(findTestObject(orPath_AddressContact + "/input_city"), 30): Object 'Object Repository/RAD_Pages/AddressAndContactInfo_Page/input_city' is present

2023-01-04 13:57:11 - [MESSAGE][PASSED] - Object 'Object Repository/RAD_Pages/AddressAndContactInfo_Page/input_city' is present

2023-01-04 13:57:11 - [TEST_STEP][PASSED] - verifyElementPresent(findTestObject(orPath_AddressContact + "/select_State"), 30): Object 'Object Repository/RAD_Pages/AddressAndContactInfo_Page/select_State' is present

2023-01-04 13:57:11 - [MESSAGE][PASSED] - Object 'Object Repository/RAD_Pages/AddressAndContactInfo_Page/select_State' is present

2023-01-04 13:57:11 - [TEST_STEP][PASSED] - verifyElementPresent(findTestObject(orPath_AddressContact + "/input_zipCode"), 30): Object 'Object Repository/RAD_Pages/AddressAndContactInfo_Page/input_zipCode' is present

2023-01-04 13:57:11 - [MESSAGE][PASSED] - Object 'Object Repository/RAD_Pages/AddressAndContactInfo_Page/input_zipCode' is present

2023-01-04 13:57:11 - [TEST_STEP][PASSED] - verifyElementPresent(findTestObject(orPath_AddressContact + "/input_phoneNumber"), 30): Object 'Object Repository/RAD_Pages/AddressAndContactInfo_Page/input_phoneNumber' is present

2023-01-04 13:57:12 - [MESSAGE][PASSED] - Object 'Object Repository/RAD_Pages/AddressAndContactInfo_Page/input_phoneNumber' is present

2023-01-04 13:57:12 - [TEST_STEP][PASSED] - verifyElementPresent(findTestObject(orPath_AddressContact + "/input_eMailAddress"), 30): Object 'Object Repository/RAD_Pages/AddressAndContactInfo_Page/input_eMailAddress' is present

2023-01-04 13:57:12 - [MESSAGE][PASSED] - Object 'Object Repository/RAD_Pages/AddressAndContactInfo_Page/input_eMailAddress' is present

2023-01-04 13:57:12 - [TEST_STEP][PASSED] - verifyElementPresent(findTestObject(orPath_AddressContact + "/input_reEnterEMailAddress"), 30): Object 'Object Repository/RAD_Pages/AddressAndContactInfo_Page/input_reEnterEMailAddress' is present

2023-01-04 13:57:12 - [MESSAGE][PASSED] - Object 'Object Repository/RAD_Pages/AddressAndContactInfo_Page/input_reEnterEMailAddress' is present

2023-01-04 13:57:13 - [TEST_STEP][PASSED] - verifyOptionsPresent(findTestObject(orPath_AddressContact + "/select_Country"), ["United States"]): Options [United States] present.

2023-01-04 13:57:13 - [MESSAGE][PASSED] - Options [United States] present.

2023-01-04 13:57:13 - [TEST_STEP][PASSED] - verifyOptionsPresent(findTestObject(orPath_AddressContact + "/select_State"), ["Alabama", "District of Columbia", "Maryland", "Virginia", "Wyoming"]): Options [Alabama, District of Columbia, Maryland, Virginia, Wyoming] present.

2023-01-04 13:57:15 - [MESSAGE][PASSED] - Options [Alabama, District of Columbia, Maryland, Virginia, Wyoming] present.

2023-01-04 13:57:15 - [TEST_STEP][PASSED] - totalOptionsState = getNumberOfTotalOption(findTestObject(orPath_AddressContact + "/select_State")): 52 options of object 'Object Repository/RAD_Pages/AddressAndContactInfo_Page/select_State' counted

2023-01-04 13:57:16 - [MESSAGE][PASSED] - 52 options of object 'Object Repository/RAD_Pages/AddressAndContactInfo_Page/select_State' counted

2023-01-04 13:57:16 - [TEST_STEP][PASSED] - verifyEqual(totalOptionsState, 52): Actual object '52' and expected object '52' are equal

2023-01-04 13:57:16 - [MESSAGE][PASSED] - Actual object '52' and expected object '52' are equal

2023-01-04 13:57:16 - [TEST_STEP][PASSED] - verifyElementVisible(findTestObject(orPath_TaxInfo + "/input_FederalEIN")): Object 'Object Repository/RAD_Pages/TaxInfo_Page/input_FederalEIN' is visible

2023-01-04 13:57:16 - [MESSAGE][PASSED] - Object 'Object Repository/RAD_Pages/TaxInfo_Page/input_FederalEIN' is visible

2023-01-04 13:57:16 - [TEST_STEP][PASSED] - verifyElementVisible(findTestObject(orPath_TaxInfo + "/input_FederalEIN_ReEnter")): Object 'Object Repository/RAD_Pages/TaxInfo_Page/input_FederalEIN_ReEnter' is visible

2023-01-04 13:57:17 - [MESSAGE][PASSED] - Object 'Object Repository/RAD_Pages/TaxInfo_Page/input_FederalEIN_ReEnter' is visible

2023-01-04 13:57:17 - [TEST_STEP][PASSED] - verifyElementPresent(findTestObject("Object Repository/RAD_RecordAndPlay/input_MDCRegistration"), 30): Object 'Object Repository/RAD_RecordAndPlay/input_MDCRegistration' is present

2023-01-04 13:57:17 - [MESSAGE][PASSED] - Object 'Object Repository/RAD_RecordAndPlay/input_MDCRegistration' is present

2023-01-04 13:57:17 - [TEST_STEP][PASSED] - scrollToElement(findTestObject(orPath_Withholding + "/input_acceleratedBasis_Yes"), 3): Scroll to object 'Object Repository/RAD_Pages/Withholding_Page/input_acceleratedBasis_Yes' successfully

2023-01-04 13:57:18 - [MESSAGE][PASSED] - Scroll to object 'Object Repository/RAD_Pages/Withholding_Page/input_acceleratedBasis_Yes' successfully

2023-01-04 13:57:18 - [TEST_STEP][PASSED] - verifyElementPresent(findTestObject(orPath_Withholding + "/input_acceleratedBasis_Yes"), 30): Object 'Object Repository/RAD_Pages/Withholding_Page/input_acceleratedBasis_Yes' is present

2023-01-04 13:57:18 - [MESSAGE][PASSED] - Object 'Object Repository/RAD_Pages/Withholding_Page/input_acceleratedBasis_Yes' is present

2023-01-04 13:57:18 - [TEST_STEP][PASSED] - verifyElementPresent(findTestObject(orPath_Withholding + "/input_acceleratedBasis_No"), 30): Object 'Object Repository/RAD_Pages/Withholding_Page/input_acceleratedBasis_No' is present

2023-01-04 13:57:18 - [MESSAGE][PASSED] - Object 'Object Repository/RAD_Pages/Withholding_Page/input_acceleratedBasis_No' is present

2023-01-04 13:57:18 - [TEST_STEP][PASSED] - verifyElementPresent(findTestObject(orPath_Withholding + "/input_PayDate"), 30): Object 'Object Repository/RAD_Pages/Withholding_Page/input_PayDate' is present

2023-01-04 13:57:19 - [MESSAGE][PASSED] - Object 'Object Repository/RAD_Pages/Withholding_Page/input_PayDate' is present

2023-01-04 13:57:19 - [TEST_STEP][PASSED] - verifyElementPresent(findTestObject(orPath_Withholding + "/input__WithholdingTaxReported"), 30): Object 'Object Repository/RAD_Pages/Withholding_Page/input__WithholdingTaxReported' is present

2023-01-04 13:57:19 - [MESSAGE][PASSED] - Object 'Object Repository/RAD_Pages/Withholding_Page/input__WithholdingTaxReported' is present

2023-01-04 13:57:19 - [TEST_STEP][PASSED] - scrollToElement(findTestObject(orPath_Withholding + "/input_acceleratedBasis_No"), 3): Scroll to object 'Object Repository/RAD_Pages/Withholding_Page/input_acceleratedBasis_No' successfully

2023-01-04 13:57:20 - [MESSAGE][PASSED] - Scroll to object 'Object Repository/RAD_Pages/Withholding_Page/input_acceleratedBasis_No' successfully

2023-01-04 13:57:20 - [TEST_STEP][PASSED] - click(findTestObject(orPath_Withholding + "/input_acceleratedBasis_No")): Object: 'Object Repository/RAD_Pages/Withholding_Page/input_acceleratedBasis_No' is clicked on

2023-01-04 13:57:20 - [MESSAGE][PASSED] - Object: 'Object Repository/RAD_Pages/Withholding_Page/input_acceleratedBasis_No' is clicked on

2023-01-04 13:57:20 - [TEST_STEP][PASSED] - verifyElementPresent(findTestObject(orPath_Withholding + "/select_Month"), 30): Object 'Object Repository/RAD_Pages/Withholding_Page/select_Month' is present

2023-01-04 13:57:21 - [MESSAGE][PASSED] - Object 'Object Repository/RAD_Pages/Withholding_Page/select_Month' is present

2023-01-04 13:57:21 - [TEST_STEP][PASSED] - verifyElementPresent(findTestObject(orPath_Withholding + "/input__WithholdingTaxReported"), 30): Object 'Object Repository/RAD_Pages/Withholding_Page/input__WithholdingTaxReported' is present

2023-01-04 13:57:21 - [MESSAGE][PASSED] - Object 'Object Repository/RAD_Pages/Withholding_Page/input__WithholdingTaxReported' is present

2023-01-04 13:57:21 - [TEST_STEP][PASSED] - totalOptionsPeriodEnding = getNumberOfTotalOption(findTestObject(orPath_Withholding + "/select_Month")): 13 options of object 'Object Repository/RAD_Pages/Withholding_Page/select_Month' counted

2023-01-04 13:57:22 - [MESSAGE][PASSED] - 13 options of object 'Object Repository/RAD_Pages/Withholding_Page/select_Month' counted

2023-01-04 13:57:22 - [TEST_STEP][PASSED] - verifyEqual(totalOptionsPeriodEnding, 13): Actual object '13' and expected object '13' are equal

2023-01-04 13:57:22 - [MESSAGE][PASSED] - Actual object '13' and expected object '13' are equal

2023-01-04 13:57:22 - [TEST_STEP][PASSED] - verifyOptionsPresent(findTestObject(orPath_Withholding + "/select_Month"), ["January", "February", "March", "April", "May", "June"]): Options [January, February, March, April, May, June] present.

2023-01-04 13:57:23 - [MESSAGE][PASSED] - Options [January, February, March, April, May, June] present.

2023-01-04 13:57:23 - [TEST_STEP][PASSED] - verifyOptionsPresent(findTestObject(orPath_Withholding + "/select_Month"), ["July", "August", "September", "October", "November", "December"]): Options [July, August, September, October, November, December] present.

2023-01-04 13:57:23 - [MESSAGE][PASSED] - Options [July, August, September, October, November, December] present.

2023-01-04 13:57:23 - [TEST_STEP][PASSED] - verifyElementPresent(findTestObject(orPath_Amount + "/input__paymentAmount"), 30): Object 'Object Repository/RAD_Pages/PaymentAmount_Page/input__paymentAmount' is present

2023-01-04 13:57:24 - [MESSAGE][PASSED] - Object 'Object Repository/RAD_Pages/PaymentAmount_Page/input__paymentAmount' is present]]></system-out>
         <system-err><![CDATA[2023-01-04 13:56:51 - [TEST_CASE][FAILED] - Test Cases/RAD_TestCases/UI_TestCases/WithholdingTax_UI_TC: Test Cases/RAD_TestCases/UI_TestCases/WithholdingTax_UI_TC FAILED.
Reason:
com.kms.katalon.core.exception.StepFailedException: Options [2020, 2021, 2022] do NOT present. (Root cause: com.kms.katalon.core.exception.StepFailedException: Options [2020, 2021, 2022] do NOT present.. Reason: Your expected options are [2020, 2021, 2022] but the actual are [Select, 2023, 2022, 2021].
	at com.kms.katalon.core.webui.keyword.internal.WebUIKeywordMain.stepFailedWithReason(WebUIKeywordMain.groovy:70)
	at com.kms.katalon.core.webui.keyword.builtin.VerifyOptionsPresentKeyword$_verifyOptionsPresent_closure1.doCall(VerifyOptionsPresentKeyword.groovy:64)
	at com.kms.katalon.core.webui.keyword.builtin.VerifyOptionsPresentKeyword$_verifyOptionsPresent_closure1.call(VerifyOptionsPresentKeyword.groovy)
	at com.kms.katalon.core.webui.keyword.internal.WebUIKeywordMain.runKeyword(WebUIKeywordMain.groovy:20)
	at com.kms.katalon.core.webui.keyword.builtin.VerifyOptionsPresentKeyword.verifyOptionsPresent(VerifyOptionsPresentKeyword.groovy:72)
	at com.kms.katalon.core.webui.keyword.builtin.VerifyOptionsPresentKeyword.execute(VerifyOptionsPresentKeyword.groovy:38)
	at com.kms.katalon.core.keyword.internal.KeywordExecutor.executeKeywordForPlatform(KeywordExecutor.groovy:74)
	at com.kms.katalon.core.webui.keyword.WebUiBuiltInKeywords.verifyOptionsPresent(WebUiBuiltInKeywords.groovy:4716)
	at com.kms.katalon.core.webui.keyword.WebUiBuiltInKeywords$verifyOptionsPresent$7.call(Unknown Source)
	at WithholdingTax_UI_TC.run(WithholdingTax_UI_TC:61)
	at com.kms.katalon.core.main.ScriptEngine.run(ScriptEngine.java:194)
	at com.kms.katalon.core.main.ScriptEngine.runScriptAsRawText(ScriptEngine.java:119)
	at com.kms.katalon.core.main.TestCaseExecutor.runScript(TestCaseExecutor.java:442)
	at com.kms.katalon.core.main.TestCaseExecutor.doExecute(TestCaseExecutor.java:433)
	at com.kms.katalon.core.main.TestCaseExecutor.processExecutionPhase(TestCaseExecutor.java:412)
	at com.kms.katalon.core.main.TestCaseExecutor.accessMainPhase(TestCaseExecutor.java:404)
	at com.kms.katalon.core.main.TestCaseExecutor.execute(TestCaseExecutor.java:281)
	at com.kms.katalon.core.main.TestSuiteExecutor.accessTestCaseMainPhase(TestSuiteExecutor.java:202)
	at com.kms.katalon.core.main.TestSuiteExecutor.accessTestSuiteMainPhase(TestSuiteExecutor.java:164)
	at com.kms.katalon.core.main.TestSuiteExecutor.execute(TestSuiteExecutor.java:105)
	at com.kms.katalon.core.main.TestCaseMain.startTestSuite(TestCaseMain.java:185)
	at com.kms.katalon.core.main.TestCaseMain$startTestSuite$0.call(Unknown Source)
	at TempTestSuite1672858415003.run(TempTestSuite1672858415003.groovy:36)
)
	at com.kms.katalon.core.keyword.internal.KeywordMain.stepFailed(KeywordMain.groovy:39)
	at com.kms.katalon.core.webui.keyword.internal.WebUIKeywordMain.stepFailedWithReason(WebUIKeywordMain.groovy:70)
	at com.kms.katalon.core.webui.keyword.builtin.VerifyOptionsPresentKeyword$_verifyOptionsPresent_closure1.doCall(VerifyOptionsPresentKeyword.groovy:64)
	at com.kms.katalon.core.webui.keyword.builtin.VerifyOptionsPresentKeyword$_verifyOptionsPresent_closure1.call(VerifyOptionsPresentKeyword.groovy)
	at com.kms.katalon.core.webui.keyword.internal.WebUIKeywordMain.runKeyword(WebUIKeywordMain.groovy:20)
	at com.kms.katalon.core.webui.keyword.builtin.VerifyOptionsPresentKeyword.verifyOptionsPresent(VerifyOptionsPresentKeyword.groovy:72)
	at com.kms.katalon.core.webui.keyword.builtin.VerifyOptionsPresentKeyword.execute(VerifyOptionsPresentKeyword.groovy:38)
	at com.kms.katalon.core.keyword.internal.KeywordExecutor.executeKeywordForPlatform(KeywordExecutor.groovy:74)
	at com.kms.katalon.core.webui.keyword.WebUiBuiltInKeywords.verifyOptionsPresent(WebUiBuiltInKeywords.groovy:4716)
	at com.kms.katalon.core.webui.keyword.WebUiBuiltInKeywords$verifyOptionsPresent$7.call(Unknown Source)
	at WithholdingTax_UI_TC.run(WithholdingTax_UI_TC:61)
	at com.kms.katalon.core.main.ScriptEngine.run(ScriptEngine.java:194)
	at com.kms.katalon.core.main.ScriptEngine.runScriptAsRawText(ScriptEngine.java:119)
	at com.kms.katalon.core.main.TestCaseExecutor.runScript(TestCaseExecutor.java:442)
	at com.kms.katalon.core.main.TestCaseExecutor.doExecute(TestCaseExecutor.java:433)
	at com.kms.katalon.core.main.TestCaseExecutor.processExecutionPhase(TestCaseExecutor.java:412)
	at com.kms.katalon.core.main.TestCaseExecutor.accessMainPhase(TestCaseExecutor.java:404)
	at com.kms.katalon.core.main.TestCaseExecutor.execute(TestCaseExecutor.java:281)
	at com.kms.katalon.core.main.TestSuiteExecutor.accessTestCaseMainPhase(TestSuiteExecutor.java:202)
	at com.kms.katalon.core.main.TestSuiteExecutor.accessTestSuiteMainPhase(TestSuiteExecutor.java:164)
	at com.kms.katalon.core.main.TestSuiteExecutor.execute(TestSuiteExecutor.java:105)
	at com.kms.katalon.core.main.TestCaseMain.startTestSuite(TestCaseMain.java:185)
	at com.kms.katalon.core.main.TestCaseMain$startTestSuite$0.call(Unknown Source)
	at TempTestSuite1672858415003.run(TempTestSuite1672858415003.groovy:36)
Caused by: com.kms.katalon.core.exception.StepFailedException: Options [2020, 2021, 2022] do NOT present.. Reason: Your expected options are [2020, 2021, 2022] but the actual are [Select, 2023, 2022, 2021].
	... 23 more]]></system-err>
      </testcase>
      <testcase name="Test Cases/RAD_TestCases/UI_TestCases/SalesAndUse_UI_TC" time="50.647" classname="Test Cases/RAD_TestCases/UI_TestCases/SalesAndUse_UI_TC" status="FAILED">
         <failure type="FAILED" message="Test Cases/RAD_TestCases/UI_TestCases/SalesAndUse_UI_TC FAILED.
Reason:
com.kms.katalon.core.exception.StepFailedException: Options [2022, 2021, 2020] do NOT present. (Root cause: com.kms.katalon.core.exception.StepFailedException: Options [2022, 2021, 2020] do NOT present.. Reason: Your expected options are [2022, 2021, 2020] but the actual are [Select, 2023, 2022, 2021].
	at com.kms.katalon.core.webui.keyword.internal.WebUIKeywordMain.stepFailedWithReason(WebUIKeywordMain.groovy:70)
	at com.kms.katalon.core.webui.keyword.builtin.VerifyOptionsPresentKeyword$_verifyOptionsPresent_closure1.doCall(VerifyOptionsPresentKeyword.groovy:64)
	at com.kms.katalon.core.webui.keyword.builtin.VerifyOptionsPresentKeyword$_verifyOptionsPresent_closure1.call(VerifyOptionsPresentKeyword.groovy)
	at com.kms.katalon.core.webui.keyword.internal.WebUIKeywordMain.runKeyword(WebUIKeywordMain.groovy:20)
	at com.kms.katalon.core.webui.keyword.builtin.VerifyOptionsPresentKeyword.verifyOptionsPresent(VerifyOptionsPresentKeyword.groovy:72)
	at com.kms.katalon.core.webui.keyword.builtin.VerifyOptionsPresentKeyword.execute(VerifyOptionsPresentKeyword.groovy:38)
	at com.kms.katalon.core.keyword.internal.KeywordExecutor.executeKeywordForPlatform(KeywordExecutor.groovy:74)
	at com.kms.katalon.core.webui.keyword.WebUiBuiltInKeywords.verifyOptionsPresent(WebUiBuiltInKeywords.groovy:4716)
	at com.kms.katalon.core.webui.keyword.WebUiBuiltInKeywords$verifyOptionsPresent$7.call(Unknown Source)
	at SalesAndUse_UI_TC.run(SalesAndUse_UI_TC:60)
	at com.kms.katalon.core.main.ScriptEngine.run(ScriptEngine.java:194)
	at com.kms.katalon.core.main.ScriptEngine.runScriptAsRawText(ScriptEngine.java:119)
	at com.kms.katalon.core.main.TestCaseExecutor.runScript(TestCaseExecutor.java:442)
	at com.kms.katalon.core.main.TestCaseExecutor.doExecute(TestCaseExecutor.java:433)
	at com.kms.katalon.core.main.TestCaseExecutor.processExecutionPhase(TestCaseExecutor.java:412)
	at com.kms.katalon.core.main.TestCaseExecutor.accessMainPhase(TestCaseExecutor.java:404)
	at com.kms.katalon.core.main.TestCaseExecutor.execute(TestCaseExecutor.java:281)
	at com.kms.katalon.core.main.TestSuiteExecutor.accessTestCaseMainPhase(TestSuiteExecutor.java:202)
	at com.kms.katalon.core.main.TestSuiteExecutor.accessTestSuiteMainPhase(TestSuiteExecutor.java:164)
	at com.kms.katalon.core.main.TestSuiteExecutor.execute(TestSuiteExecutor.java:105)
	at com.kms.katalon.core.main.TestCaseMain.startTestSuite(TestCaseMain.java:185)
	at com.kms.katalon.core.main.TestCaseMain$startTestSuite$0.call(Unknown Source)
	at TempTestSuite1672858415003.run(TempTestSuite1672858415003.groovy:36)
)
	at com.kms.katalon.core.keyword.internal.KeywordMain.stepFailed(KeywordMain.groovy:39)
	at com.kms.katalon.core.webui.keyword.internal.WebUIKeywordMain.stepFailedWithReason(WebUIKeywordMain.groovy:70)
	at com.kms.katalon.core.webui.keyword.builtin.VerifyOptionsPresentKeyword$_verifyOptionsPresent_closure1.doCall(VerifyOptionsPresentKeyword.groovy:64)
	at com.kms.katalon.core.webui.keyword.builtin.VerifyOptionsPresentKeyword$_verifyOptionsPresent_closure1.call(VerifyOptionsPresentKeyword.groovy)
	at com.kms.katalon.core.webui.keyword.internal.WebUIKeywordMain.runKeyword(WebUIKeywordMain.groovy:20)
	at com.kms.katalon.core.webui.keyword.builtin.VerifyOptionsPresentKeyword.verifyOptionsPresent(VerifyOptionsPresentKeyword.groovy:72)
	at com.kms.katalon.core.webui.keyword.builtin.VerifyOptionsPresentKeyword.execute(VerifyOptionsPresentKeyword.groovy:38)
	at com.kms.katalon.core.keyword.internal.KeywordExecutor.executeKeywordForPlatform(KeywordExecutor.groovy:74)
	at com.kms.katalon.core.webui.keyword.WebUiBuiltInKeywords.verifyOptionsPresent(WebUiBuiltInKeywords.groovy:4716)
	at com.kms.katalon.core.webui.keyword.WebUiBuiltInKeywords$verifyOptionsPresent$7.call(Unknown Source)
	at SalesAndUse_UI_TC.run(SalesAndUse_UI_TC:60)
	at com.kms.katalon.core.main.ScriptEngine.run(ScriptEngine.java:194)
	at com.kms.katalon.core.main.ScriptEngine.runScriptAsRawText(ScriptEngine.java:119)
	at com.kms.katalon.core.main.TestCaseExecutor.runScript(TestCaseExecutor.java:442)
	at com.kms.katalon.core.main.TestCaseExecutor.doExecute(TestCaseExecutor.java:433)
	at com.kms.katalon.core.main.TestCaseExecutor.processExecutionPhase(TestCaseExecutor.java:412)
	at com.kms.katalon.core.main.TestCaseExecutor.accessMainPhase(TestCaseExecutor.java:404)
	at com.kms.katalon.core.main.TestCaseExecutor.execute(TestCaseExecutor.java:281)
	at com.kms.katalon.core.main.TestSuiteExecutor.accessTestCaseMainPhase(TestSuiteExecutor.java:202)
	at com.kms.katalon.core.main.TestSuiteExecutor.accessTestSuiteMainPhase(TestSuiteExecutor.java:164)
	at com.kms.katalon.core.main.TestSuiteExecutor.execute(TestSuiteExecutor.java:105)
	at com.kms.katalon.core.main.TestCaseMain.startTestSuite(TestCaseMain.java:185)
	at com.kms.katalon.core.main.TestCaseMain$startTestSuite$0.call(Unknown Source)
	at TempTestSuite1672858415003.run(TempTestSuite1672858415003.groovy:36)
Caused by: com.kms.katalon.core.exception.StepFailedException: Options [2022, 2021, 2020] do NOT present.. Reason: Your expected options are [2022, 2021, 2020] but the actual are [Select, 2023, 2022, 2021].
	... 23 more
"/>
         <system-out><![CDATA[2023-01-04 13:57:24 - [TEST_CASE][FAILED] - Test Cases/RAD_TestCases/UI_TestCases/SalesAndUse_UI_TC: Test Cases/RAD_TestCases/UI_TestCases/SalesAndUse_UI_TC FAILED.
Reason:
com.kms.katalon.core.exception.StepFailedException: Options [2022, 2021, 2020] do NOT present. (Root cause: com.kms.katalon.core.exception.StepFailedException: Options [2022, 2021, 2020] do NOT present.. Reason: Your expected options are [2022, 2021, 2020] but the actual are [Select, 2023, 2022, 2021].
	at com.kms.katalon.core.webui.keyword.internal.WebUIKeywordMain.stepFailedWithReason(WebUIKeywordMain.groovy:70)
	at com.kms.katalon.core.webui.keyword.builtin.VerifyOptionsPresentKeyword$_verifyOptionsPresent_closure1.doCall(VerifyOptionsPresentKeyword.groovy:64)
	at com.kms.katalon.core.webui.keyword.builtin.VerifyOptionsPresentKeyword$_verifyOptionsPresent_closure1.call(VerifyOptionsPresentKeyword.groovy)
	at com.kms.katalon.core.webui.keyword.internal.WebUIKeywordMain.runKeyword(WebUIKeywordMain.groovy:20)
	at com.kms.katalon.core.webui.keyword.builtin.VerifyOptionsPresentKeyword.verifyOptionsPresent(VerifyOptionsPresentKeyword.groovy:72)
	at com.kms.katalon.core.webui.keyword.builtin.VerifyOptionsPresentKeyword.execute(VerifyOptionsPresentKeyword.groovy:38)
	at com.kms.katalon.core.keyword.internal.KeywordExecutor.executeKeywordForPlatform(KeywordExecutor.groovy:74)
	at com.kms.katalon.core.webui.keyword.WebUiBuiltInKeywords.verifyOptionsPresent(WebUiBuiltInKeywords.groovy:4716)
	at com.kms.katalon.core.webui.keyword.WebUiBuiltInKeywords$verifyOptionsPresent$7.call(Unknown Source)
	at SalesAndUse_UI_TC.run(SalesAndUse_UI_TC:60)
	at com.kms.katalon.core.main.ScriptEngine.run(ScriptEngine.java:194)
	at com.kms.katalon.core.main.ScriptEngine.runScriptAsRawText(ScriptEngine.java:119)
	at com.kms.katalon.core.main.TestCaseExecutor.runScript(TestCaseExecutor.java:442)
	at com.kms.katalon.core.main.TestCaseExecutor.doExecute(TestCaseExecutor.java:433)
	at com.kms.katalon.core.main.TestCaseExecutor.processExecutionPhase(TestCaseExecutor.java:412)
	at com.kms.katalon.core.main.TestCaseExecutor.accessMainPhase(TestCaseExecutor.java:404)
	at com.kms.katalon.core.main.TestCaseExecutor.execute(TestCaseExecutor.java:281)
	at com.kms.katalon.core.main.TestSuiteExecutor.accessTestCaseMainPhase(TestSuiteExecutor.java:202)
	at com.kms.katalon.core.main.TestSuiteExecutor.accessTestSuiteMainPhase(TestSuiteExecutor.java:164)
	at com.kms.katalon.core.main.TestSuiteExecutor.execute(TestSuiteExecutor.java:105)
	at com.kms.katalon.core.main.TestCaseMain.startTestSuite(TestCaseMain.java:185)
	at com.kms.katalon.core.main.TestCaseMain$startTestSuite$0.call(Unknown Source)
	at TempTestSuite1672858415003.run(TempTestSuite1672858415003.groovy:36)
)
	at com.kms.katalon.core.keyword.internal.KeywordMain.stepFailed(KeywordMain.groovy:39)
	at com.kms.katalon.core.webui.keyword.internal.WebUIKeywordMain.stepFailedWithReason(WebUIKeywordMain.groovy:70)
	at com.kms.katalon.core.webui.keyword.builtin.VerifyOptionsPresentKeyword$_verifyOptionsPresent_closure1.doCall(VerifyOptionsPresentKeyword.groovy:64)
	at com.kms.katalon.core.webui.keyword.builtin.VerifyOptionsPresentKeyword$_verifyOptionsPresent_closure1.call(VerifyOptionsPresentKeyword.groovy)
	at com.kms.katalon.core.webui.keyword.internal.WebUIKeywordMain.runKeyword(WebUIKeywordMain.groovy:20)
	at com.kms.katalon.core.webui.keyword.builtin.VerifyOptionsPresentKeyword.verifyOptionsPresent(VerifyOptionsPresentKeyword.groovy:72)
	at com.kms.katalon.core.webui.keyword.builtin.VerifyOptionsPresentKeyword.execute(VerifyOptionsPresentKeyword.groovy:38)
	at com.kms.katalon.core.keyword.internal.KeywordExecutor.executeKeywordForPlatform(KeywordExecutor.groovy:74)
	at com.kms.katalon.core.webui.keyword.WebUiBuiltInKeywords.verifyOptionsPresent(WebUiBuiltInKeywords.groovy:4716)
	at com.kms.katalon.core.webui.keyword.WebUiBuiltInKeywords$verifyOptionsPresent$7.call(Unknown Source)
	at SalesAndUse_UI_TC.run(SalesAndUse_UI_TC:60)
	at com.kms.katalon.core.main.ScriptEngine.run(ScriptEngine.java:194)
	at com.kms.katalon.core.main.ScriptEngine.runScriptAsRawText(ScriptEngine.java:119)
	at com.kms.katalon.core.main.TestCaseExecutor.runScript(TestCaseExecutor.java:442)
	at com.kms.katalon.core.main.TestCaseExecutor.doExecute(TestCaseExecutor.java:433)
	at com.kms.katalon.core.main.TestCaseExecutor.processExecutionPhase(TestCaseExecutor.java:412)
	at com.kms.katalon.core.main.TestCaseExecutor.accessMainPhase(TestCaseExecutor.java:404)
	at com.kms.katalon.core.main.TestCaseExecutor.execute(TestCaseExecutor.java:281)
	at com.kms.katalon.core.main.TestSuiteExecutor.accessTestCaseMainPhase(TestSuiteExecutor.java:202)
	at com.kms.katalon.core.main.TestSuiteExecutor.accessTestSuiteMainPhase(TestSuiteExecutor.java:164)
	at com.kms.katalon.core.main.TestSuiteExecutor.execute(TestSuiteExecutor.java:105)
	at com.kms.katalon.core.main.TestCaseMain.startTestSuite(TestCaseMain.java:185)
	at com.kms.katalon.core.main.TestCaseMain$startTestSuite$0.call(Unknown Source)
	at TempTestSuite1672858415003.run(TempTestSuite1672858415003.groovy:36)
Caused by: com.kms.katalon.core.exception.StepFailedException: Options [2022, 2021, 2020] do NOT present.. Reason: Your expected options are [2022, 2021, 2020] but the actual are [Select, 2023, 2022, 2021].
	... 23 more


2023-01-04 13:57:24 - [TEST_STEP][PASSED] - openBrowser(""): Browser is opened with url: ''

2023-01-04 13:57:24 - [MESSAGE][WARNING] - A browser is already opened. Closing browser and opening a new one

2023-01-04 13:57:25 - [MESSAGE][INFO] - Starting 'Chrome' driver

2023-01-04 13:57:25 - [MESSAGE][INFO] - User set preference: ['acceptInsecureCerts', 'true']

2023-01-04 13:57:25 - [MESSAGE][INFO] - Action delay is set to 0 milliseconds

2023-01-04 13:57:27 - [MESSAGE][PASSED] - Browser is opened with url: ''

2023-01-04 13:57:27 - [TEST_STEP][PASSED] - maximizeWindow(): Current window maximized

2023-01-04 13:57:27 - [MESSAGE][PASSED] - Current window maximized

2023-01-04 13:57:27 - [TEST_STEP][PASSED] - navigateToUrl(RADurl): Navigate to 'https://qa.velocitypayment.com/client/rad/index.html' successfully

2023-01-04 13:57:28 - [MESSAGE][PASSED] - Navigate to 'https://qa.velocitypayment.com/client/rad/index.html' successfully

2023-01-04 13:57:28 - [TEST_STEP][PASSED] - orPath_Landing = "Object Repository/RAD_Pages/Landing_Page": null

2023-01-04 13:57:28 - [TEST_STEP][PASSED] - orPath_TaxTypeFilingYear = "Object Repository/RAD_Pages/TaxTypeFilingYear_Page": null

2023-01-04 13:57:28 - [TEST_STEP][PASSED] - orPath_TaxPayer = "Object Repository/RAD_Pages/Taxpayer_Page": null

2023-01-04 13:57:28 - [TEST_STEP][PASSED] - orPath_AddressContact = "Object Repository/RAD_Pages/AddressAndContactInfo_Page": null

2023-01-04 13:57:28 - [TEST_STEP][PASSED] - orPath_TaxInfo = "Object Repository/RAD_Pages/TaxInfo_Page": null

2023-01-04 13:57:28 - [TEST_STEP][PASSED] - orPath_Withholding = "Object Repository/RAD_Pages/Withholding_Page": null

2023-01-04 13:57:28 - [TEST_STEP][PASSED] - orPath_FilingStatus = "Object Repository/RAD_Pages/FilingStatus_Page": null

2023-01-04 13:57:28 - [TEST_STEP][PASSED] - orPath_Amount = "Object Repository/RAD_Pages/PaymentAmount_Page": null

2023-01-04 13:57:28 - [TEST_STEP][PASSED] - orPath_SalesTaxReturnInfo = "Object Repository/RAD_Pages/SalesTaxReturnInfo_Page": null

2023-01-04 13:57:28 - [TEST_STEP][PASSED] - selectOptionByLabel(findTestObject(orPath_Landing + "/dd_TaxType"), "Sales and Use", false): All options with label 'Sales and Use' are selected in object 'Object Repository/RAD_Pages/Landing_Page/dd_TaxType' 

2023-01-04 13:57:29 - [MESSAGE][PASSED] - All options with label 'Sales and Use' are selected in object 'Object Repository/RAD_Pages/Landing_Page/dd_TaxType' 

2023-01-04 13:57:29 - [TEST_STEP][PASSED] - verifyElementPresent(findTestObject(orPath_TaxTypeFilingYear + "/select_FilingYear"), 30): Object 'Object Repository/RAD_Pages/TaxTypeFilingYear_Page/select_FilingYear' is present

2023-01-04 13:57:30 - [MESSAGE][PASSED] - Object 'Object Repository/RAD_Pages/TaxTypeFilingYear_Page/select_FilingYear' is present

2023-01-04 13:57:30 - [TEST_STEP][PASSED] - totalOptionsFilingYear = getNumberOfTotalOption(findTestObject(orPath_TaxTypeFilingYear + "/select_FilingYear")): 4 options of object 'Object Repository/RAD_Pages/TaxTypeFilingYear_Page/select_FilingYear' counted

2023-01-04 13:57:31 - [MESSAGE][PASSED] - 4 options of object 'Object Repository/RAD_Pages/TaxTypeFilingYear_Page/select_FilingYear' counted

2023-01-04 13:57:31 - [TEST_STEP][PASSED] - verifyEqual(totalOptionsFilingYear, 4): Actual object '4' and expected object '4' are equal

2023-01-04 13:57:31 - [MESSAGE][PASSED] - Actual object '4' and expected object '4' are equal

2023-01-04 13:57:31 - [TEST_STEP][FAILED] - verifyOptionsPresent(findTestObject(orPath_TaxTypeFilingYear + "/select_FilingYear"), ["2022", "2021", "2020"]): Options [2022, 2021, 2020] do NOT present. (Root cause: com.kms.katalon.core.exception.StepFailedException: Options [2022, 2021, 2020] do NOT present.. Reason: Your expected options are [2022, 2021, 2020] but the actual are [Select, 2023, 2022, 2021].
	at com.kms.katalon.core.webui.keyword.internal.WebUIKeywordMain.stepFailedWithReason(WebUIKeywordMain.groovy:70)
	at com.kms.katalon.core.webui.keyword.builtin.VerifyOptionsPresentKeyword$_verifyOptionsPresent_closure1.doCall(VerifyOptionsPresentKeyword.groovy:64)
	at com.kms.katalon.core.webui.keyword.builtin.VerifyOptionsPresentKeyword$_verifyOptionsPresent_closure1.call(VerifyOptionsPresentKeyword.groovy)
	at com.kms.katalon.core.webui.keyword.internal.WebUIKeywordMain.runKeyword(WebUIKeywordMain.groovy:20)
	at com.kms.katalon.core.webui.keyword.builtin.VerifyOptionsPresentKeyword.verifyOptionsPresent(VerifyOptionsPresentKeyword.groovy:72)
	at com.kms.katalon.core.webui.keyword.builtin.VerifyOptionsPresentKeyword.execute(VerifyOptionsPresentKeyword.groovy:38)
	at com.kms.katalon.core.keyword.internal.KeywordExecutor.executeKeywordForPlatform(KeywordExecutor.groovy:74)
	at com.kms.katalon.core.webui.keyword.WebUiBuiltInKeywords.verifyOptionsPresent(WebUiBuiltInKeywords.groovy:4716)
	at com.kms.katalon.core.webui.keyword.WebUiBuiltInKeywords$verifyOptionsPresent$7.call(Unknown Source)
	at SalesAndUse_UI_TC.run(SalesAndUse_UI_TC:60)
	at com.kms.katalon.core.main.ScriptEngine.run(ScriptEngine.java:194)
	at com.kms.katalon.core.main.ScriptEngine.runScriptAsRawText(ScriptEngine.java:119)
	at com.kms.katalon.core.main.TestCaseExecutor.runScript(TestCaseExecutor.java:442)
	at com.kms.katalon.core.main.TestCaseExecutor.doExecute(TestCaseExecutor.java:433)
	at com.kms.katalon.core.main.TestCaseExecutor.processExecutionPhase(TestCaseExecutor.java:412)
	at com.kms.katalon.core.main.TestCaseExecutor.accessMainPhase(TestCaseExecutor.java:404)
	at com.kms.katalon.core.main.TestCaseExecutor.execute(TestCaseExecutor.java:281)
	at com.kms.katalon.core.main.TestSuiteExecutor.accessTestCaseMainPhase(TestSuiteExecutor.java:202)
	at com.kms.katalon.core.main.TestSuiteExecutor.accessTestSuiteMainPhase(TestSuiteExecutor.java:164)
	at com.kms.katalon.core.main.TestSuiteExecutor.execute(TestSuiteExecutor.java:105)
	at com.kms.katalon.core.main.TestCaseMain.startTestSuite(TestCaseMain.java:185)
	at com.kms.katalon.core.main.TestCaseMain$startTestSuite$0.call(Unknown Source)
	at TempTestSuite1672858415003.run(TempTestSuite1672858415003.groovy:36)
)

2023-01-04 13:57:32 - [MESSAGE][FAILED] - Options [2022, 2021, 2020] do NOT present. (Root cause: com.kms.katalon.core.exception.StepFailedException: Options [2022, 2021, 2020] do NOT present.. Reason: Your expected options are [2022, 2021, 2020] but the actual are [Select, 2023, 2022, 2021].
	at com.kms.katalon.core.webui.keyword.internal.WebUIKeywordMain.stepFailedWithReason(WebUIKeywordMain.groovy:70)
	at com.kms.katalon.core.webui.keyword.builtin.VerifyOptionsPresentKeyword$_verifyOptionsPresent_closure1.doCall(VerifyOptionsPresentKeyword.groovy:64)
	at com.kms.katalon.core.webui.keyword.builtin.VerifyOptionsPresentKeyword$_verifyOptionsPresent_closure1.call(VerifyOptionsPresentKeyword.groovy)
	at com.kms.katalon.core.webui.keyword.internal.WebUIKeywordMain.runKeyword(WebUIKeywordMain.groovy:20)
	at com.kms.katalon.core.webui.keyword.builtin.VerifyOptionsPresentKeyword.verifyOptionsPresent(VerifyOptionsPresentKeyword.groovy:72)
	at com.kms.katalon.core.webui.keyword.builtin.VerifyOptionsPresentKeyword.execute(VerifyOptionsPresentKeyword.groovy:38)
	at com.kms.katalon.core.keyword.internal.KeywordExecutor.executeKeywordForPlatform(KeywordExecutor.groovy:74)
	at com.kms.katalon.core.webui.keyword.WebUiBuiltInKeywords.verifyOptionsPresent(WebUiBuiltInKeywords.groovy:4716)
	at com.kms.katalon.core.webui.keyword.WebUiBuiltInKeywords$verifyOptionsPresent$7.call(Unknown Source)
	at SalesAndUse_UI_TC.run(SalesAndUse_UI_TC:60)
	at com.kms.katalon.core.main.ScriptEngine.run(ScriptEngine.java:194)
	at com.kms.katalon.core.main.ScriptEngine.runScriptAsRawText(ScriptEngine.java:119)
	at com.kms.katalon.core.main.TestCaseExecutor.runScript(TestCaseExecutor.java:442)
	at com.kms.katalon.core.main.TestCaseExecutor.doExecute(TestCaseExecutor.java:433)
	at com.kms.katalon.core.main.TestCaseExecutor.processExecutionPhase(TestCaseExecutor.java:412)
	at com.kms.katalon.core.main.TestCaseExecutor.accessMainPhase(TestCaseExecutor.java:404)
	at com.kms.katalon.core.main.TestCaseExecutor.execute(TestCaseExecutor.java:281)
	at com.kms.katalon.core.main.TestSuiteExecutor.accessTestCaseMainPhase(TestSuiteExecutor.java:202)
	at com.kms.katalon.core.main.TestSuiteExecutor.accessTestSuiteMainPhase(TestSuiteExecutor.java:164)
	at com.kms.katalon.core.main.TestSuiteExecutor.execute(TestSuiteExecutor.java:105)
	at com.kms.katalon.core.main.TestCaseMain.startTestSuite(TestCaseMain.java:185)
	at com.kms.katalon.core.main.TestCaseMain$startTestSuite$0.call(Unknown Source)
	at TempTestSuite1672858415003.run(TempTestSuite1672858415003.groovy:36)
)
[[ATTACHMENT|E:\\Cloned-Project-Katalon\\VPS-Katalon\\Reports\\20230104_135334\\RAD_TestSuite\\RAD_UI_TestSuite\\20230104_135334\\1672858652052.png]]

2023-01-04 13:57:32 - [TEST_STEP][PASSED] - verifyElementPresent(findTestObject(orPath_TaxTypeFilingYear + "/select_PeriodEnding"), 30): Object 'Object Repository/RAD_Pages/TaxTypeFilingYear_Page/select_PeriodEnding' is present

2023-01-04 13:57:32 - [MESSAGE][PASSED] - Object 'Object Repository/RAD_Pages/TaxTypeFilingYear_Page/select_PeriodEnding' is present

2023-01-04 13:57:32 - [TEST_STEP][PASSED] - totalOptionsPeriodEnding = getNumberOfTotalOption(findTestObject(orPath_TaxTypeFilingYear + "/select_PeriodEnding")): 13 options of object 'Object Repository/RAD_Pages/TaxTypeFilingYear_Page/select_PeriodEnding' counted

2023-01-04 13:57:33 - [MESSAGE][PASSED] - 13 options of object 'Object Repository/RAD_Pages/TaxTypeFilingYear_Page/select_PeriodEnding' counted

2023-01-04 13:57:33 - [TEST_STEP][PASSED] - verifyEqual(totalOptionsPeriodEnding, 13): Actual object '13' and expected object '13' are equal

2023-01-04 13:57:33 - [MESSAGE][PASSED] - Actual object '13' and expected object '13' are equal

2023-01-04 13:57:33 - [TEST_STEP][PASSED] - verifyOptionsPresent(findTestObject(orPath_TaxTypeFilingYear + "/select_PeriodEnding"), ["January", "February", "March", "April", "May", "June"]): Options [January, February, March, April, May, June] present.

2023-01-04 13:57:34 - [MESSAGE][PASSED] - Options [January, February, March, April, May, June] present.

2023-01-04 13:57:34 - [TEST_STEP][PASSED] - verifyOptionsPresent(findTestObject(orPath_TaxTypeFilingYear + "/select_PeriodEnding"), ["July", "August", "September", "October", "November", "December"]): Options [July, August, September, October, November, December] present.

2023-01-04 13:57:35 - [MESSAGE][PASSED] - Options [July, August, September, October, November, December] present.

2023-01-04 13:57:35 - [TEST_STEP][PASSED] - verifyTextPresent("Tax Type/Filing Year", true): Text 'Tax Type/Filing Year' is present on page  using regular expression

2023-01-04 13:57:35 - [MESSAGE][PASSED] - Text 'Tax Type/Filing Year' is present on page  using regular expression

2023-01-04 13:57:35 - [TEST_STEP][PASSED] - verifyTextPresent("Taxpayer", true): Text 'Taxpayer' is present on page  using regular expression

2023-01-04 13:57:36 - [MESSAGE][PASSED] - Text 'Taxpayer' is present on page  using regular expression

2023-01-04 13:57:36 - [TEST_STEP][PASSED] - verifyTextPresent("Provide the following taxpayer information", true): Text 'Provide the following taxpayer information' is present on page  using regular expression

2023-01-04 13:57:37 - [MESSAGE][PASSED] - Text 'Provide the following taxpayer information' is present on page  using regular expression

2023-01-04 13:57:37 - [TEST_STEP][PASSED] - verifyTextPresent("Note: If you are paying on behalf of the Taxpayer, enter Taxpayer", true): Text 'Note: If you are paying on behalf of the Taxpayer, enter Taxpayer' is present on page  using regular expression

2023-01-04 13:57:37 - [MESSAGE][PASSED] - Text 'Note: If you are paying on behalf of the Taxpayer, enter Taxpayer' is present on page  using regular expression

2023-01-04 13:57:37 - [TEST_STEP][PASSED] - verifyTextPresent("information here. If you are making a payment for the Taxpayer, you will be required later to enter your own credit card, billing address and other pertinent information", true): Text 'information here. If you are making a payment for the Taxpayer, you will be required later to enter your own credit card, billing address and other pertinent information' is present on page  using regular expression

2023-01-04 13:57:38 - [MESSAGE][PASSED] - Text 'information here. If you are making a payment for the Taxpayer, you will be required later to enter your own credit card, billing address and other pertinent information' is present on page  using regular expression

2023-01-04 13:57:38 - [TEST_STEP][PASSED] - verifyTextPresent("Address and Contact Information", true): Text 'Address and Contact Information' is present on page  using regular expression

2023-01-04 13:57:38 - [MESSAGE][PASSED] - Text 'Address and Contact Information' is present on page  using regular expression

2023-01-04 13:57:38 - [TEST_STEP][PASSED] - verifyTextPresent("Enter the taxpayer", true): Text 'Enter the taxpayer' is present on page  using regular expression

2023-01-04 13:57:39 - [MESSAGE][PASSED] - Text 'Enter the taxpayer' is present on page  using regular expression

2023-01-04 13:57:39 - [TEST_STEP][PASSED] - verifyTextPresent("address and contact information", true): Text 'address and contact information' is present on page  using regular expression

2023-01-04 13:57:39 - [MESSAGE][PASSED] - Text 'address and contact information' is present on page  using regular expression

2023-01-04 13:57:39 - [TEST_STEP][PASSED] - verifyTextPresent("Tax Information", true): Text 'Tax Information' is present on page  using regular expression

2023-01-04 13:57:40 - [MESSAGE][PASSED] - Text 'Tax Information' is present on page  using regular expression

2023-01-04 13:57:40 - [TEST_STEP][PASSED] - verifyTextPresent("Sales Tax Return Information", true): Text 'Sales Tax Return Information' is present on page  using regular expression

2023-01-04 13:57:40 - [MESSAGE][PASSED] - Text 'Sales Tax Return Information' is present on page  using regular expression

2023-01-04 13:57:40 - [TEST_STEP][PASSED] - verifyTextPresent("Check here if you are a marketplace facilitator", true): Text 'Check here if you are a marketplace facilitator' is present on page  using regular expression

2023-01-04 13:57:41 - [MESSAGE][PASSED] - Text 'Check here if you are a marketplace facilitator' is present on page  using regular expression

2023-01-04 13:57:41 - [TEST_STEP][PASSED] - verifyTextPresent("Check here if you are a person that engages in the business of an out-of-state vendor and in the previous calendar year you either", true): Text 'Check here if you are a person that engages in the business of an out-of-state vendor and in the previous calendar year you either' is present on page  using regular expression

2023-01-04 13:57:41 - [MESSAGE][PASSED] - Text 'Check here if you are a person that engages in the business of an out-of-state vendor and in the previous calendar year you either' is present on page  using regular expression

2023-01-04 13:57:41 - [TEST_STEP][PASSED] - verifyTextPresent("in gross revenue from the sale of tangible personal property or taxable services delivered in the State", true): Text 'in gross revenue from the sale of tangible personal property or taxable services delivered in the State' is present on page  using regular expression

2023-01-04 13:57:42 - [MESSAGE][PASSED] - Text 'in gross revenue from the sale of tangible personal property or taxable services delivered in the State' is present on page  using regular expression

2023-01-04 13:57:42 - [TEST_STEP][PASSED] - verifyTextPresent("sold tangible personal property or taxable services for delivery into the State in 200 or more separate transactions", true): Text 'sold tangible personal property or taxable services for delivery into the State in 200 or more separate transactions' is present on page  using regular expression

2023-01-04 13:57:42 - [MESSAGE][PASSED] - Text 'sold tangible personal property or taxable services for delivery into the State in 200 or more separate transactions' is present on page  using regular expression

2023-01-04 13:57:42 - [TEST_STEP][PASSED] - verifyTextPresent("Maryland Form 202", true): Text 'Maryland Form 202' is present on page  using regular expression

2023-01-04 13:57:43 - [MESSAGE][PASSED] - Text 'Maryland Form 202' is present on page  using regular expression

2023-01-04 13:57:43 - [TEST_STEP][PASSED] - verifyTextPresent("Refer to your Maryland Sales Tax Instructions to complete the following", true): Text 'Refer to your Maryland Sales Tax Instructions to complete the following' is present on page  using regular expression

2023-01-04 13:57:43 - [MESSAGE][PASSED] - Text 'Refer to your Maryland Sales Tax Instructions to complete the following' is present on page  using regular expression

2023-01-04 13:57:43 - [TEST_STEP][PASSED] - verifyTextPresent("Lines 19.a. through 19.c. are for returns with period end dates later than 7-1-2013", true): Text 'Lines 19.a. through 19.c. are for returns with period end dates later than 7-1-2013' is present on page  using regular expression

2023-01-04 13:57:44 - [MESSAGE][PASSED] - Text 'Lines 19.a. through 19.c. are for returns with period end dates later than 7-1-2013' is present on page  using regular expression

2023-01-04 13:57:44 - [TEST_STEP][PASSED] - verifyTextPresent("Payment Amount", true): Text 'Payment Amount' is present on page  using regular expression

2023-01-04 13:57:45 - [MESSAGE][PASSED] - Text 'Payment Amount' is present on page  using regular expression

2023-01-04 13:57:45 - [TEST_STEP][PASSED] - verifyTextPresent("Service Fee: This electronic government service includes a service/convenience fee. Click here for details", true): Text 'Service Fee: This electronic government service includes a service/convenience fee. Click here for details' is present on page  using regular expression

2023-01-04 13:57:45 - [MESSAGE][PASSED] - Text 'Service Fee: This electronic government service includes a service/convenience fee. Click here for details' is present on page  using regular expression

2023-01-04 13:57:45 - [TEST_STEP][PASSED] - verifyElementPresent(findTestObject(orPath_Amount + "/a_Click here for details"), 30): Object 'Object Repository/RAD_Pages/PaymentAmount_Page/a_Click here for details' is present

2023-01-04 13:57:46 - [MESSAGE][PASSED] - Object 'Object Repository/RAD_Pages/PaymentAmount_Page/a_Click here for details' is present

2023-01-04 13:57:46 - [TEST_STEP][PASSED] - verifyElementPresent(findTestObject(orPath_Landing + "/button_Continue"), 30): Object 'Object Repository/RAD_Pages/Landing_Page/button_Continue' is present

2023-01-04 13:57:46 - [MESSAGE][PASSED] - Object 'Object Repository/RAD_Pages/Landing_Page/button_Continue' is present

2023-01-04 13:57:46 - [TEST_STEP][PASSED] - verifyElementPresent(findTestObject(orPath_TaxPayer + "/input_businessName"), 30): Object 'Object Repository/RAD_Pages/Taxpayer_Page/input_businessName' is present

2023-01-04 13:57:47 - [MESSAGE][PASSED] - Object 'Object Repository/RAD_Pages/Taxpayer_Page/input_businessName' is present

2023-01-04 13:57:47 - [TEST_STEP][PASSED] - verifyElementPresent(findTestObject(orPath_TaxPayer + "/input_firstName"), 30): Object 'Object Repository/RAD_Pages/Taxpayer_Page/input_firstName' is present

2023-01-04 13:57:47 - [MESSAGE][PASSED] - Object 'Object Repository/RAD_Pages/Taxpayer_Page/input_firstName' is present

2023-01-04 13:57:47 - [TEST_STEP][PASSED] - verifyElementPresent(findTestObject(orPath_TaxPayer + "/input_middleName"), 30): Object 'Object Repository/RAD_Pages/Taxpayer_Page/input_middleName' is present

2023-01-04 13:57:47 - [MESSAGE][PASSED] - Object 'Object Repository/RAD_Pages/Taxpayer_Page/input_middleName' is present

2023-01-04 13:57:47 - [TEST_STEP][PASSED] - verifyElementPresent(findTestObject(orPath_TaxPayer + "/input_lastName"), 30): Object 'Object Repository/RAD_Pages/Taxpayer_Page/input_lastName' is present

2023-01-04 13:57:48 - [MESSAGE][PASSED] - Object 'Object Repository/RAD_Pages/Taxpayer_Page/input_lastName' is present

2023-01-04 13:57:48 - [TEST_STEP][PASSED] - verifyElementPresent(findTestObject(orPath_TaxPayer + "/input_suffix"), 30): Object 'Object Repository/RAD_Pages/Taxpayer_Page/input_suffix' is present

2023-01-04 13:57:48 - [MESSAGE][PASSED] - Object 'Object Repository/RAD_Pages/Taxpayer_Page/input_suffix' is present

2023-01-04 13:57:48 - [TEST_STEP][PASSED] - verifyElementPresent(findTestObject(orPath_AddressContact + "/select_Country"), 30): Object 'Object Repository/RAD_Pages/AddressAndContactInfo_Page/select_Country' is present

2023-01-04 13:57:49 - [MESSAGE][PASSED] - Object 'Object Repository/RAD_Pages/AddressAndContactInfo_Page/select_Country' is present

2023-01-04 13:57:49 - [TEST_STEP][PASSED] - verifyElementPresent(findTestObject(orPath_AddressContact + "/input_streetAddress1"), 30): Object 'Object Repository/RAD_Pages/AddressAndContactInfo_Page/input_streetAddress1' is present

2023-01-04 13:57:49 - [MESSAGE][PASSED] - Object 'Object Repository/RAD_Pages/AddressAndContactInfo_Page/input_streetAddress1' is present

2023-01-04 13:57:49 - [TEST_STEP][PASSED] - verifyElementPresent(findTestObject(orPath_AddressContact + "/input_streetAddress2"), 30): Object 'Object Repository/RAD_Pages/AddressAndContactInfo_Page/input_streetAddress2' is present

2023-01-04 13:57:49 - [MESSAGE][PASSED] - Object 'Object Repository/RAD_Pages/AddressAndContactInfo_Page/input_streetAddress2' is present

2023-01-04 13:57:49 - [TEST_STEP][PASSED] - verifyElementPresent(findTestObject(orPath_AddressContact + "/input_city"), 30): Object 'Object Repository/RAD_Pages/AddressAndContactInfo_Page/input_city' is present

2023-01-04 13:57:50 - [MESSAGE][PASSED] - Object 'Object Repository/RAD_Pages/AddressAndContactInfo_Page/input_city' is present

2023-01-04 13:57:50 - [TEST_STEP][PASSED] - verifyElementPresent(findTestObject(orPath_AddressContact + "/select_State"), 30): Object 'Object Repository/RAD_Pages/AddressAndContactInfo_Page/select_State' is present

2023-01-04 13:57:50 - [MESSAGE][PASSED] - Object 'Object Repository/RAD_Pages/AddressAndContactInfo_Page/select_State' is present

2023-01-04 13:57:50 - [TEST_STEP][PASSED] - verifyElementPresent(findTestObject(orPath_AddressContact + "/input_zipCode"), 30): Object 'Object Repository/RAD_Pages/AddressAndContactInfo_Page/input_zipCode' is present

2023-01-04 13:57:51 - [MESSAGE][PASSED] - Object 'Object Repository/RAD_Pages/AddressAndContactInfo_Page/input_zipCode' is present

2023-01-04 13:57:51 - [TEST_STEP][PASSED] - verifyElementPresent(findTestObject(orPath_AddressContact + "/input_phoneNumber"), 30): Object 'Object Repository/RAD_Pages/AddressAndContactInfo_Page/input_phoneNumber' is present

2023-01-04 13:57:51 - [MESSAGE][PASSED] - Object 'Object Repository/RAD_Pages/AddressAndContactInfo_Page/input_phoneNumber' is present

2023-01-04 13:57:51 - [TEST_STEP][PASSED] - verifyElementPresent(findTestObject(orPath_AddressContact + "/input_eMailAddress"), 30): Object 'Object Repository/RAD_Pages/AddressAndContactInfo_Page/input_eMailAddress' is present

2023-01-04 13:57:51 - [MESSAGE][PASSED] - Object 'Object Repository/RAD_Pages/AddressAndContactInfo_Page/input_eMailAddress' is present

2023-01-04 13:57:51 - [TEST_STEP][PASSED] - verifyElementPresent(findTestObject(orPath_AddressContact + "/input_reEnterEMailAddress"), 30): Object 'Object Repository/RAD_Pages/AddressAndContactInfo_Page/input_reEnterEMailAddress' is present

2023-01-04 13:57:52 - [MESSAGE][PASSED] - Object 'Object Repository/RAD_Pages/AddressAndContactInfo_Page/input_reEnterEMailAddress' is present

2023-01-04 13:57:52 - [TEST_STEP][PASSED] - verifyOptionsPresent(findTestObject(orPath_AddressContact + "/select_Country"), ["United States"]): Options [United States] present.

2023-01-04 13:57:53 - [MESSAGE][PASSED] - Options [United States] present.

2023-01-04 13:57:53 - [TEST_STEP][PASSED] - verifyOptionsPresent(findTestObject(orPath_AddressContact + "/select_State"), ["Alabama", "District of Columbia", "Maryland", "Virginia", "Wyoming"]): Options [Alabama, District of Columbia, Maryland, Virginia, Wyoming] present.

2023-01-04 13:57:54 - [MESSAGE][PASSED] - Options [Alabama, District of Columbia, Maryland, Virginia, Wyoming] present.

2023-01-04 13:57:54 - [TEST_STEP][PASSED] - totalOptionsState = getNumberOfTotalOption(findTestObject(orPath_AddressContact + "/select_State")): 52 options of object 'Object Repository/RAD_Pages/AddressAndContactInfo_Page/select_State' counted

2023-01-04 13:57:55 - [MESSAGE][PASSED] - 52 options of object 'Object Repository/RAD_Pages/AddressAndContactInfo_Page/select_State' counted

2023-01-04 13:57:55 - [TEST_STEP][PASSED] - verifyEqual(totalOptionsState, 52): Actual object '52' and expected object '52' are equal

2023-01-04 13:57:55 - [MESSAGE][PASSED] - Actual object '52' and expected object '52' are equal

2023-01-04 13:57:55 - [TEST_STEP][PASSED] - verifyElementVisible(findTestObject(orPath_TaxInfo + "/input_FederalEIN")): Object 'Object Repository/RAD_Pages/TaxInfo_Page/input_FederalEIN' is visible

2023-01-04 13:57:56 - [MESSAGE][PASSED] - Object 'Object Repository/RAD_Pages/TaxInfo_Page/input_FederalEIN' is visible

2023-01-04 13:57:56 - [TEST_STEP][PASSED] - verifyElementVisible(findTestObject(orPath_TaxInfo + "/input_FederalEIN_ReEnter")): Object 'Object Repository/RAD_Pages/TaxInfo_Page/input_FederalEIN_ReEnter' is visible

2023-01-04 13:57:56 - [MESSAGE][PASSED] - Object 'Object Repository/RAD_Pages/TaxInfo_Page/input_FederalEIN_ReEnter' is visible

2023-01-04 13:57:56 - [TEST_STEP][PASSED] - verifyElementPresent(findTestObject("Object Repository/RAD_RecordAndPlay/input_MDCRegistration"), 30): Object 'Object Repository/RAD_RecordAndPlay/input_MDCRegistration' is present

2023-01-04 13:57:57 - [MESSAGE][PASSED] - Object 'Object Repository/RAD_RecordAndPlay/input_MDCRegistration' is present

2023-01-04 13:57:57 - [TEST_STEP][PASSED] - verifyElementPresent(findTestObject(orPath_SalesTaxReturnInfo + "/input_MarketplaceFacilitator"), 30): Object 'Object Repository/RAD_Pages/SalesTaxReturnInfo_Page/input_MarketplaceFacilitator' is present

2023-01-04 13:57:57 - [MESSAGE][PASSED] - Object 'Object Repository/RAD_Pages/SalesTaxReturnInfo_Page/input_MarketplaceFacilitator' is present

2023-01-04 13:57:57 - [TEST_STEP][PASSED] - verifyElementPresent(findTestObject(orPath_SalesTaxReturnInfo + "/input_OutOfStateVendor"), 30): Object 'Object Repository/RAD_Pages/SalesTaxReturnInfo_Page/input_OutOfStateVendor' is present

2023-01-04 13:57:58 - [MESSAGE][PASSED] - Object 'Object Repository/RAD_Pages/SalesTaxReturnInfo_Page/input_OutOfStateVendor' is present

2023-01-04 13:57:58 - [TEST_STEP][PASSED] - verifyElementPresent(findTestObject(orPath_Amount + "/input__paymentAmount"), 30): Object 'Object Repository/RAD_Pages/PaymentAmount_Page/input__paymentAmount' is present

2023-01-04 13:57:58 - [MESSAGE][PASSED] - Object 'Object Repository/RAD_Pages/PaymentAmount_Page/input__paymentAmount' is present

2023-01-04 13:57:58 - [TEST_STEP][PASSED] - verifyElementPresent(findTestObject(orPath_Amount + "/input__PaymentDue1"), 30): Object 'Object Repository/RAD_Pages/PaymentAmount_Page/input__PaymentDue1' is present

2023-01-04 13:57:58 - [MESSAGE][PASSED] - Object 'Object Repository/RAD_Pages/PaymentAmount_Page/input__PaymentDue1' is present

2023-01-04 13:57:58 - [TEST_STEP][FAILED] - selectOptionByLabel(findTestObject(orPath_TaxTypeFilingYear + "/select_FilingYear"), "2020", false): Unable to select option by label '2020' of object 'Object Repository/RAD_Pages/TaxTypeFilingYear_Page/select_FilingYear'  (Root cause: com.kms.katalon.core.exception.StepFailedException: Unable to select option by label '2020' of object 'Object Repository/RAD_Pages/TaxTypeFilingYear_Page/select_FilingYear' 
	at com.kms.katalon.core.webui.keyword.internal.WebUIKeywordMain.stepFailed(WebUIKeywordMain.groovy:64)
	at com.kms.katalon.core.webui.keyword.internal.WebUIKeywordMain.runKeyword(WebUIKeywordMain.groovy:26)
	at com.kms.katalon.core.webui.keyword.builtin.SelectOptionByLabelKeyword.selectOptionByLabel(SelectOptionByLabelKeyword.groovy:98)
	at com.kms.katalon.core.webui.keyword.builtin.SelectOptionByLabelKeyword.execute(SelectOptionByLabelKeyword.groovy:71)
	at com.kms.katalon.core.keyword.internal.KeywordExecutor.executeKeywordForPlatform(KeywordExecutor.groovy:74)
	at com.kms.katalon.core.webui.keyword.WebUiBuiltInKeywords.selectOptionByLabel(WebUiBuiltInKeywords.groovy:1230)
	at com.kms.katalon.core.webui.keyword.WebUiBuiltInKeywords$selectOptionByLabel$6.call(Unknown Source)
	at SalesAndUse_UI_TC.run(SalesAndUse_UI_TC:246)
	at com.kms.katalon.core.main.ScriptEngine.run(ScriptEngine.java:194)
	at com.kms.katalon.core.main.ScriptEngine.runScriptAsRawText(ScriptEngine.java:119)
	at com.kms.katalon.core.main.TestCaseExecutor.runScript(TestCaseExecutor.java:442)
	at com.kms.katalon.core.main.TestCaseExecutor.doExecute(TestCaseExecutor.java:433)
	at com.kms.katalon.core.main.TestCaseExecutor.processExecutionPhase(TestCaseExecutor.java:412)
	at com.kms.katalon.core.main.TestCaseExecutor.accessMainPhase(TestCaseExecutor.java:404)
	at com.kms.katalon.core.main.TestCaseExecutor.execute(TestCaseExecutor.java:281)
	at com.kms.katalon.core.main.TestSuiteExecutor.accessTestCaseMainPhase(TestSuiteExecutor.java:202)
	at com.kms.katalon.core.main.TestSuiteExecutor.accessTestSuiteMainPhase(TestSuiteExecutor.java:164)
	at com.kms.katalon.core.main.TestSuiteExecutor.execute(TestSuiteExecutor.java:105)
	at com.kms.katalon.core.main.TestCaseMain.startTestSuite(TestCaseMain.java:185)
	at com.kms.katalon.core.main.TestCaseMain$startTestSuite$0.call(Unknown Source)
	at TempTestSuite1672858415003.run(TempTestSuite1672858415003.groovy:36)
Caused by: org.openqa.selenium.NoSuchElementException: Cannot locate element with text: 2020
For documentation on this error, please visit: https://www.seleniumhq.org/exceptions/no_such_element.html
Build info: version: '3.141.59', revision: 'e82be7d358', time: '2018-11-14T08:25:53'
System info: host: 'DESKTOP-B2QI6NS', ip: '172.31.253.54', os.name: 'Windows 10', os.arch: 'amd64', os.version: '10.0', java.version: '1.8.0_181'
Driver info: driver.version: unknown
	at org.openqa.selenium.support.ui.Select.selectByVisibleText(Select.java:147)
	at com.kms.katalon.core.webui.common.WebUiCommonHelper.selectOrDeselectOptionsByLabel(WebUiCommonHelper.java:310)
	at com.kms.katalon.core.webui.keyword.builtin.SelectOptionByLabelKeyword$_selectOptionByLabel_closure1.doCall(SelectOptionByLabelKeyword.groovy:87)
	at com.kms.katalon.core.webui.keyword.builtin.SelectOptionByLabelKeyword$_selectOptionByLabel_closure1.call(SelectOptionByLabelKeyword.groovy)
	at com.kms.katalon.core.webui.keyword.internal.WebUIKeywordMain.runKeyword(WebUIKeywordMain.groovy:20)
	at com.kms.katalon.core.webui.keyword.builtin.SelectOptionByLabelKeyword.selectOptionByLabel(SelectOptionByLabelKeyword.groovy:98)
	at com.kms.katalon.core.webui.keyword.builtin.SelectOptionByLabelKeyword.execute(SelectOptionByLabelKeyword.groovy:71)
	at com.kms.katalon.core.keyword.internal.KeywordExecutor.executeKeywordForPlatform(KeywordExecutor.groovy:74)
	at com.kms.katalon.core.webui.keyword.WebUiBuiltInKeywords.selectOptionByLabel(WebUiBuiltInKeywords.groovy:1230)
	at com.kms.katalon.core.webui.keyword.WebUiBuiltInKeywords$selectOptionByLabel$6.call(Unknown Source)
	at Script1634584120783.run(Script1634584120783.groovy:246)
	... 13 more
)

2023-01-04 13:57:59 - [MESSAGE][FAILED] - Unable to select option by label '2020' of object 'Object Repository/RAD_Pages/TaxTypeFilingYear_Page/select_FilingYear'  (Root cause: com.kms.katalon.core.exception.StepFailedException: Unable to select option by label '2020' of object 'Object Repository/RAD_Pages/TaxTypeFilingYear_Page/select_FilingYear' 
	at com.kms.katalon.core.webui.keyword.internal.WebUIKeywordMain.stepFailed(WebUIKeywordMain.groovy:64)
	at com.kms.katalon.core.webui.keyword.internal.WebUIKeywordMain.runKeyword(WebUIKeywordMain.groovy:26)
	at com.kms.katalon.core.webui.keyword.builtin.SelectOptionByLabelKeyword.selectOptionByLabel(SelectOptionByLabelKeyword.groovy:98)
	at com.kms.katalon.core.webui.keyword.builtin.SelectOptionByLabelKeyword.execute(SelectOptionByLabelKeyword.groovy:71)
	at com.kms.katalon.core.keyword.internal.KeywordExecutor.executeKeywordForPlatform(KeywordExecutor.groovy:74)
	at com.kms.katalon.core.webui.keyword.WebUiBuiltInKeywords.selectOptionByLabel(WebUiBuiltInKeywords.groovy:1230)
	at com.kms.katalon.core.webui.keyword.WebUiBuiltInKeywords$selectOptionByLabel$6.call(Unknown Source)
	at SalesAndUse_UI_TC.run(SalesAndUse_UI_TC:246)
	at com.kms.katalon.core.main.ScriptEngine.run(ScriptEngine.java:194)
	at com.kms.katalon.core.main.ScriptEngine.runScriptAsRawText(ScriptEngine.java:119)
	at com.kms.katalon.core.main.TestCaseExecutor.runScript(TestCaseExecutor.java:442)
	at com.kms.katalon.core.main.TestCaseExecutor.doExecute(TestCaseExecutor.java:433)
	at com.kms.katalon.core.main.TestCaseExecutor.processExecutionPhase(TestCaseExecutor.java:412)
	at com.kms.katalon.core.main.TestCaseExecutor.accessMainPhase(TestCaseExecutor.java:404)
	at com.kms.katalon.core.main.TestCaseExecutor.execute(TestCaseExecutor.java:281)
	at com.kms.katalon.core.main.TestSuiteExecutor.accessTestCaseMainPhase(TestSuiteExecutor.java:202)
	at com.kms.katalon.core.main.TestSuiteExecutor.accessTestSuiteMainPhase(TestSuiteExecutor.java:164)
	at com.kms.katalon.core.main.TestSuiteExecutor.execute(TestSuiteExecutor.java:105)
	at com.kms.katalon.core.main.TestCaseMain.startTestSuite(TestCaseMain.java:185)
	at com.kms.katalon.core.main.TestCaseMain$startTestSuite$0.call(Unknown Source)
	at TempTestSuite1672858415003.run(TempTestSuite1672858415003.groovy:36)
Caused by: org.openqa.selenium.NoSuchElementException: Cannot locate element with text: 2020
For documentation on this error, please visit: https://www.seleniumhq.org/exceptions/no_such_element.html
Build info: version: '3.141.59', revision: 'e82be7d358', time: '2018-11-14T08:25:53'
System info: host: 'DESKTOP-B2QI6NS', ip: '172.31.253.54', os.name: 'Windows 10', os.arch: 'amd64', os.version: '10.0', java.version: '1.8.0_181'
Driver info: driver.version: unknown
	at org.openqa.selenium.support.ui.Select.selectByVisibleText(Select.java:147)
	at com.kms.katalon.core.webui.common.WebUiCommonHelper.selectOrDeselectOptionsByLabel(WebUiCommonHelper.java:310)
	at com.kms.katalon.core.webui.keyword.builtin.SelectOptionByLabelKeyword$_selectOptionByLabel_closure1.doCall(SelectOptionByLabelKeyword.groovy:87)
	at com.kms.katalon.core.webui.keyword.builtin.SelectOptionByLabelKeyword$_selectOptionByLabel_closure1.call(SelectOptionByLabelKeyword.groovy)
	at com.kms.katalon.core.webui.keyword.internal.WebUIKeywordMain.runKeyword(WebUIKeywordMain.groovy:20)
	at com.kms.katalon.core.webui.keyword.builtin.SelectOptionByLabelKeyword.selectOptionByLabel(SelectOptionByLabelKeyword.groovy:98)
	at com.kms.katalon.core.webui.keyword.builtin.SelectOptionByLabelKeyword.execute(SelectOptionByLabelKeyword.groovy:71)
	at com.kms.katalon.core.keyword.internal.KeywordExecutor.executeKeywordForPlatform(KeywordExecutor.groovy:74)
	at com.kms.katalon.core.webui.keyword.WebUiBuiltInKeywords.selectOptionByLabel(WebUiBuiltInKeywords.groovy:1230)
	at com.kms.katalon.core.webui.keyword.WebUiBuiltInKeywords$selectOptionByLabel$6.call(Unknown Source)
	at Script1634584120783.run(Script1634584120783.groovy:246)
	... 13 more
)
[[ATTACHMENT|E:\\Cloned-Project-Katalon\\VPS-Katalon\\Reports\\20230104_135334\\RAD_TestSuite\\RAD_UI_TestSuite\\20230104_135334\\1672858679738.png]]

2023-01-04 13:57:59 - [TEST_STEP][PASSED] - totalOptionsPeriodEnding2 = getNumberOfTotalOption(findTestObject(orPath_TaxTypeFilingYear + "/select_PeriodEnding")): 13 options of object 'Object Repository/RAD_Pages/TaxTypeFilingYear_Page/select_PeriodEnding' counted

2023-01-04 13:58:00 - [MESSAGE][PASSED] - 13 options of object 'Object Repository/RAD_Pages/TaxTypeFilingYear_Page/select_PeriodEnding' counted

2023-01-04 13:58:00 - [TEST_STEP][FAILED] - verifyEqual(totalOptionsPeriodEnding2, 7): Unable to verify equal between actual object '13' and expected object '7' (Root cause: com.kms.katalon.core.exception.StepFailedException: Actual object '13' and expected object '7' are not equal
	at com.kms.katalon.core.keyword.builtin.VerifyEqualKeyword$_verifyEqual_closure1.doCall(VerifyEqualKeyword.groovy:58)
	at com.kms.katalon.core.keyword.builtin.VerifyEqualKeyword$_verifyEqual_closure1.call(VerifyEqualKeyword.groovy)
	at com.kms.katalon.core.keyword.internal.KeywordMain.runKeyword(KeywordMain.groovy:74)
	at com.kms.katalon.core.keyword.builtin.VerifyEqualKeyword.verifyEqual(VerifyEqualKeyword.groovy:63)
	at com.kms.katalon.core.keyword.builtin.VerifyEqualKeyword.execute(VerifyEqualKeyword.groovy:44)
	at com.kms.katalon.core.keyword.internal.KeywordExecutor.executeKeywordForPlatform(KeywordExecutor.groovy:74)
	at com.kms.katalon.core.keyword.BuiltinKeywords.verifyEqual(BuiltinKeywords.groovy:141)
	at SalesAndUse_UI_TC.run(SalesAndUse_UI_TC:251)
	at com.kms.katalon.core.main.ScriptEngine.run(ScriptEngine.java:194)
	at com.kms.katalon.core.main.ScriptEngine.runScriptAsRawText(ScriptEngine.java:119)
	at com.kms.katalon.core.main.TestCaseExecutor.runScript(TestCaseExecutor.java:442)
	at com.kms.katalon.core.main.TestCaseExecutor.doExecute(TestCaseExecutor.java:433)
	at com.kms.katalon.core.main.TestCaseExecutor.processExecutionPhase(TestCaseExecutor.java:412)
	at com.kms.katalon.core.main.TestCaseExecutor.accessMainPhase(TestCaseExecutor.java:404)
	at com.kms.katalon.core.main.TestCaseExecutor.execute(TestCaseExecutor.java:281)
	at com.kms.katalon.core.main.TestSuiteExecutor.accessTestCaseMainPhase(TestSuiteExecutor.java:202)
	at com.kms.katalon.core.main.TestSuiteExecutor.accessTestSuiteMainPhase(TestSuiteExecutor.java:164)
	at com.kms.katalon.core.main.TestSuiteExecutor.execute(TestSuiteExecutor.java:105)
	at com.kms.katalon.core.main.TestCaseMain.startTestSuite(TestCaseMain.java:185)
	at com.kms.katalon.core.main.TestCaseMain$startTestSuite$0.call(Unknown Source)
	at TempTestSuite1672858415003.run(TempTestSuite1672858415003.groovy:36)
)

2023-01-04 13:58:00 - [MESSAGE][FAILED] - Unable to verify equal between actual object '13' and expected object '7' (Root cause: com.kms.katalon.core.exception.StepFailedException: Actual object '13' and expected object '7' are not equal
	at com.kms.katalon.core.keyword.builtin.VerifyEqualKeyword$_verifyEqual_closure1.doCall(VerifyEqualKeyword.groovy:58)
	at com.kms.katalon.core.keyword.builtin.VerifyEqualKeyword$_verifyEqual_closure1.call(VerifyEqualKeyword.groovy)
	at com.kms.katalon.core.keyword.internal.KeywordMain.runKeyword(KeywordMain.groovy:74)
	at com.kms.katalon.core.keyword.builtin.VerifyEqualKeyword.verifyEqual(VerifyEqualKeyword.groovy:63)
	at com.kms.katalon.core.keyword.builtin.VerifyEqualKeyword.execute(VerifyEqualKeyword.groovy:44)
	at com.kms.katalon.core.keyword.internal.KeywordExecutor.executeKeywordForPlatform(KeywordExecutor.groovy:74)
	at com.kms.katalon.core.keyword.BuiltinKeywords.verifyEqual(BuiltinKeywords.groovy:141)
	at SalesAndUse_UI_TC.run(SalesAndUse_UI_TC:251)
	at com.kms.katalon.core.main.ScriptEngine.run(ScriptEngine.java:194)
	at com.kms.katalon.core.main.ScriptEngine.runScriptAsRawText(ScriptEngine.java:119)
	at com.kms.katalon.core.main.TestCaseExecutor.runScript(TestCaseExecutor.java:442)
	at com.kms.katalon.core.main.TestCaseExecutor.doExecute(TestCaseExecutor.java:433)
	at com.kms.katalon.core.main.TestCaseExecutor.processExecutionPhase(TestCaseExecutor.java:412)
	at com.kms.katalon.core.main.TestCaseExecutor.accessMainPhase(TestCaseExecutor.java:404)
	at com.kms.katalon.core.main.TestCaseExecutor.execute(TestCaseExecutor.java:281)
	at com.kms.katalon.core.main.TestSuiteExecutor.accessTestCaseMainPhase(TestSuiteExecutor.java:202)
	at com.kms.katalon.core.main.TestSuiteExecutor.accessTestSuiteMainPhase(TestSuiteExecutor.java:164)
	at com.kms.katalon.core.main.TestSuiteExecutor.execute(TestSuiteExecutor.java:105)
	at com.kms.katalon.core.main.TestCaseMain.startTestSuite(TestCaseMain.java:185)
	at com.kms.katalon.core.main.TestCaseMain$startTestSuite$0.call(Unknown Source)
	at TempTestSuite1672858415003.run(TempTestSuite1672858415003.groovy:36)
)

2023-01-04 13:58:00 - [TEST_STEP][PASSED] - verifyOptionNotPresentByValue(findTestObject(orPath_TaxTypeFilingYear + "/select_PeriodEnding"), "January", false, 30): There is no option with value 'January' present in object 'Object Repository/RAD_Pages/TaxTypeFilingYear_Page/select_PeriodEnding' 

2023-01-04 13:58:01 - [MESSAGE][PASSED] - There is no option with value 'January' present in object 'Object Repository/RAD_Pages/TaxTypeFilingYear_Page/select_PeriodEnding' 

2023-01-04 13:58:01 - [TEST_STEP][PASSED] - verifyOptionNotPresentByValue(findTestObject(orPath_TaxTypeFilingYear + "/select_PeriodEnding"), "February", false, 30): There is no option with value 'February' present in object 'Object Repository/RAD_Pages/TaxTypeFilingYear_Page/select_PeriodEnding' 

2023-01-04 13:58:02 - [MESSAGE][PASSED] - There is no option with value 'February' present in object 'Object Repository/RAD_Pages/TaxTypeFilingYear_Page/select_PeriodEnding' 

2023-01-04 13:58:02 - [TEST_STEP][PASSED] - verifyOptionNotPresentByValue(findTestObject(orPath_TaxTypeFilingYear + "/select_PeriodEnding"), "March", false, 30): There is no option with value 'March' present in object 'Object Repository/RAD_Pages/TaxTypeFilingYear_Page/select_PeriodEnding' 

2023-01-04 13:58:03 - [MESSAGE][PASSED] - There is no option with value 'March' present in object 'Object Repository/RAD_Pages/TaxTypeFilingYear_Page/select_PeriodEnding' 

2023-01-04 13:58:03 - [TEST_STEP][PASSED] - verifyOptionNotPresentByValue(findTestObject(orPath_TaxTypeFilingYear + "/select_PeriodEnding"), "April", false, 30): There is no option with value 'April' present in object 'Object Repository/RAD_Pages/TaxTypeFilingYear_Page/select_PeriodEnding' 

2023-01-04 13:58:04 - [MESSAGE][PASSED] - There is no option with value 'April' present in object 'Object Repository/RAD_Pages/TaxTypeFilingYear_Page/select_PeriodEnding' 

2023-01-04 13:58:04 - [TEST_STEP][PASSED] - verifyOptionNotPresentByValue(findTestObject(orPath_TaxTypeFilingYear + "/select_PeriodEnding"), "May", false, 30): There is no option with value 'May' present in object 'Object Repository/RAD_Pages/TaxTypeFilingYear_Page/select_PeriodEnding' 

2023-01-04 13:58:05 - [MESSAGE][PASSED] - There is no option with value 'May' present in object 'Object Repository/RAD_Pages/TaxTypeFilingYear_Page/select_PeriodEnding' 

2023-01-04 13:58:05 - [TEST_STEP][PASSED] - verifyOptionNotPresentByValue(findTestObject(orPath_TaxTypeFilingYear + "/select_PeriodEnding"), "June", false, 30): There is no option with value 'June' present in object 'Object Repository/RAD_Pages/TaxTypeFilingYear_Page/select_PeriodEnding' 

2023-01-04 13:58:06 - [MESSAGE][PASSED] - There is no option with value 'June' present in object 'Object Repository/RAD_Pages/TaxTypeFilingYear_Page/select_PeriodEnding' 

2023-01-04 13:58:06 - [TEST_STEP][PASSED] - verifyOptionsPresent(findTestObject(orPath_TaxTypeFilingYear + "/select_PeriodEnding"), ["July", "August", "September", "October", "November", "December"]): Options [July, August, September, October, November, December] present.

2023-01-04 13:58:07 - [MESSAGE][PASSED] - Options [July, August, September, October, November, December] present.

2023-01-04 13:58:07 - [TEST_STEP][PASSED] - selectOptionByLabel(findTestObject(orPath_TaxTypeFilingYear + "/select_FilingYear"), "2021", false): All options with label '2021' are selected in object 'Object Repository/RAD_Pages/TaxTypeFilingYear_Page/select_FilingYear' 

2023-01-04 13:58:08 - [MESSAGE][PASSED] - All options with label '2021' are selected in object 'Object Repository/RAD_Pages/TaxTypeFilingYear_Page/select_FilingYear' 

2023-01-04 13:58:08 - [TEST_STEP][PASSED] - totalOptionsPeriodEnding3 = getNumberOfTotalOption(findTestObject(orPath_TaxTypeFilingYear + "/select_PeriodEnding")): 7 options of object 'Object Repository/RAD_Pages/TaxTypeFilingYear_Page/select_PeriodEnding' counted

2023-01-04 13:58:09 - [MESSAGE][PASSED] - 7 options of object 'Object Repository/RAD_Pages/TaxTypeFilingYear_Page/select_PeriodEnding' counted

2023-01-04 13:58:09 - [TEST_STEP][FAILED] - verifyEqual(totalOptionsPeriodEnding3, 13): Unable to verify equal between actual object '7' and expected object '13' (Root cause: com.kms.katalon.core.exception.StepFailedException: Actual object '7' and expected object '13' are not equal
	at com.kms.katalon.core.keyword.builtin.VerifyEqualKeyword$_verifyEqual_closure1.doCall(VerifyEqualKeyword.groovy:58)
	at com.kms.katalon.core.keyword.builtin.VerifyEqualKeyword$_verifyEqual_closure1.call(VerifyEqualKeyword.groovy)
	at com.kms.katalon.core.keyword.internal.KeywordMain.runKeyword(KeywordMain.groovy:74)
	at com.kms.katalon.core.keyword.builtin.VerifyEqualKeyword.verifyEqual(VerifyEqualKeyword.groovy:63)
	at com.kms.katalon.core.keyword.builtin.VerifyEqualKeyword.execute(VerifyEqualKeyword.groovy:44)
	at com.kms.katalon.core.keyword.internal.KeywordExecutor.executeKeywordForPlatform(KeywordExecutor.groovy:74)
	at com.kms.katalon.core.keyword.BuiltinKeywords.verifyEqual(BuiltinKeywords.groovy:141)
	at SalesAndUse_UI_TC.run(SalesAndUse_UI_TC:271)
	at com.kms.katalon.core.main.ScriptEngine.run(ScriptEngine.java:194)
	at com.kms.katalon.core.main.ScriptEngine.runScriptAsRawText(ScriptEngine.java:119)
	at com.kms.katalon.core.main.TestCaseExecutor.runScript(TestCaseExecutor.java:442)
	at com.kms.katalon.core.main.TestCaseExecutor.doExecute(TestCaseExecutor.java:433)
	at com.kms.katalon.core.main.TestCaseExecutor.processExecutionPhase(TestCaseExecutor.java:412)
	at com.kms.katalon.core.main.TestCaseExecutor.accessMainPhase(TestCaseExecutor.java:404)
	at com.kms.katalon.core.main.TestCaseExecutor.execute(TestCaseExecutor.java:281)
	at com.kms.katalon.core.main.TestSuiteExecutor.accessTestCaseMainPhase(TestSuiteExecutor.java:202)
	at com.kms.katalon.core.main.TestSuiteExecutor.accessTestSuiteMainPhase(TestSuiteExecutor.java:164)
	at com.kms.katalon.core.main.TestSuiteExecutor.execute(TestSuiteExecutor.java:105)
	at com.kms.katalon.core.main.TestCaseMain.startTestSuite(TestCaseMain.java:185)
	at com.kms.katalon.core.main.TestCaseMain$startTestSuite$0.call(Unknown Source)
	at TempTestSuite1672858415003.run(TempTestSuite1672858415003.groovy:36)
)

2023-01-04 13:58:09 - [MESSAGE][FAILED] - Unable to verify equal between actual object '7' and expected object '13' (Root cause: com.kms.katalon.core.exception.StepFailedException: Actual object '7' and expected object '13' are not equal
	at com.kms.katalon.core.keyword.builtin.VerifyEqualKeyword$_verifyEqual_closure1.doCall(VerifyEqualKeyword.groovy:58)
	at com.kms.katalon.core.keyword.builtin.VerifyEqualKeyword$_verifyEqual_closure1.call(VerifyEqualKeyword.groovy)
	at com.kms.katalon.core.keyword.internal.KeywordMain.runKeyword(KeywordMain.groovy:74)
	at com.kms.katalon.core.keyword.builtin.VerifyEqualKeyword.verifyEqual(VerifyEqualKeyword.groovy:63)
	at com.kms.katalon.core.keyword.builtin.VerifyEqualKeyword.execute(VerifyEqualKeyword.groovy:44)
	at com.kms.katalon.core.keyword.internal.KeywordExecutor.executeKeywordForPlatform(KeywordExecutor.groovy:74)
	at com.kms.katalon.core.keyword.BuiltinKeywords.verifyEqual(BuiltinKeywords.groovy:141)
	at SalesAndUse_UI_TC.run(SalesAndUse_UI_TC:271)
	at com.kms.katalon.core.main.ScriptEngine.run(ScriptEngine.java:194)
	at com.kms.katalon.core.main.ScriptEngine.runScriptAsRawText(ScriptEngine.java:119)
	at com.kms.katalon.core.main.TestCaseExecutor.runScript(TestCaseExecutor.java:442)
	at com.kms.katalon.core.main.TestCaseExecutor.doExecute(TestCaseExecutor.java:433)
	at com.kms.katalon.core.main.TestCaseExecutor.processExecutionPhase(TestCaseExecutor.java:412)
	at com.kms.katalon.core.main.TestCaseExecutor.accessMainPhase(TestCaseExecutor.java:404)
	at com.kms.katalon.core.main.TestCaseExecutor.execute(TestCaseExecutor.java:281)
	at com.kms.katalon.core.main.TestSuiteExecutor.accessTestCaseMainPhase(TestSuiteExecutor.java:202)
	at com.kms.katalon.core.main.TestSuiteExecutor.accessTestSuiteMainPhase(TestSuiteExecutor.java:164)
	at com.kms.katalon.core.main.TestSuiteExecutor.execute(TestSuiteExecutor.java:105)
	at com.kms.katalon.core.main.TestCaseMain.startTestSuite(TestCaseMain.java:185)
	at com.kms.katalon.core.main.TestCaseMain$startTestSuite$0.call(Unknown Source)
	at TempTestSuite1672858415003.run(TempTestSuite1672858415003.groovy:36)
)

2023-01-04 13:58:09 - [TEST_STEP][FAILED] - verifyOptionsPresent(findTestObject(orPath_TaxTypeFilingYear + "/select_PeriodEnding"), ["January", "February", "March", "April", "May", "June"]): Options [January, February, March, April, May, June] do NOT present. (Root cause: com.kms.katalon.core.exception.StepFailedException: Options [January, February, March, April, May, June] do NOT present.. Reason: Your expected options are [January, February, March, April, May, June] but the actual are [Month, July, August, September, October, November, December].
	at com.kms.katalon.core.webui.keyword.internal.WebUIKeywordMain.stepFailedWithReason(WebUIKeywordMain.groovy:70)
	at com.kms.katalon.core.webui.keyword.builtin.VerifyOptionsPresentKeyword$_verifyOptionsPresent_closure1.doCall(VerifyOptionsPresentKeyword.groovy:64)
	at com.kms.katalon.core.webui.keyword.builtin.VerifyOptionsPresentKeyword$_verifyOptionsPresent_closure1.call(VerifyOptionsPresentKeyword.groovy)
	at com.kms.katalon.core.webui.keyword.internal.WebUIKeywordMain.runKeyword(WebUIKeywordMain.groovy:20)
	at com.kms.katalon.core.webui.keyword.builtin.VerifyOptionsPresentKeyword.verifyOptionsPresent(VerifyOptionsPresentKeyword.groovy:72)
	at com.kms.katalon.core.webui.keyword.builtin.VerifyOptionsPresentKeyword.execute(VerifyOptionsPresentKeyword.groovy:38)
	at com.kms.katalon.core.keyword.internal.KeywordExecutor.executeKeywordForPlatform(KeywordExecutor.groovy:74)
	at com.kms.katalon.core.webui.keyword.WebUiBuiltInKeywords.verifyOptionsPresent(WebUiBuiltInKeywords.groovy:4716)
	at com.kms.katalon.core.webui.keyword.WebUiBuiltInKeywords$verifyOptionsPresent$7.call(Unknown Source)
	at SalesAndUse_UI_TC.run(SalesAndUse_UI_TC:273)
	at com.kms.katalon.core.main.ScriptEngine.run(ScriptEngine.java:194)
	at com.kms.katalon.core.main.ScriptEngine.runScriptAsRawText(ScriptEngine.java:119)
	at com.kms.katalon.core.main.TestCaseExecutor.runScript(TestCaseExecutor.java:442)
	at com.kms.katalon.core.main.TestCaseExecutor.doExecute(TestCaseExecutor.java:433)
	at com.kms.katalon.core.main.TestCaseExecutor.processExecutionPhase(TestCaseExecutor.java:412)
	at com.kms.katalon.core.main.TestCaseExecutor.accessMainPhase(TestCaseExecutor.java:404)
	at com.kms.katalon.core.main.TestCaseExecutor.execute(TestCaseExecutor.java:281)
	at com.kms.katalon.core.main.TestSuiteExecutor.accessTestCaseMainPhase(TestSuiteExecutor.java:202)
	at com.kms.katalon.core.main.TestSuiteExecutor.accessTestSuiteMainPhase(TestSuiteExecutor.java:164)
	at com.kms.katalon.core.main.TestSuiteExecutor.execute(TestSuiteExecutor.java:105)
	at com.kms.katalon.core.main.TestCaseMain.startTestSuite(TestCaseMain.java:185)
	at com.kms.katalon.core.main.TestCaseMain$startTestSuite$0.call(Unknown Source)
	at TempTestSuite1672858415003.run(TempTestSuite1672858415003.groovy:36)
)

2023-01-04 13:58:10 - [MESSAGE][FAILED] - Options [January, February, March, April, May, June] do NOT present. (Root cause: com.kms.katalon.core.exception.StepFailedException: Options [January, February, March, April, May, June] do NOT present.. Reason: Your expected options are [January, February, March, April, May, June] but the actual are [Month, July, August, September, October, November, December].
	at com.kms.katalon.core.webui.keyword.internal.WebUIKeywordMain.stepFailedWithReason(WebUIKeywordMain.groovy:70)
	at com.kms.katalon.core.webui.keyword.builtin.VerifyOptionsPresentKeyword$_verifyOptionsPresent_closure1.doCall(VerifyOptionsPresentKeyword.groovy:64)
	at com.kms.katalon.core.webui.keyword.builtin.VerifyOptionsPresentKeyword$_verifyOptionsPresent_closure1.call(VerifyOptionsPresentKeyword.groovy)
	at com.kms.katalon.core.webui.keyword.internal.WebUIKeywordMain.runKeyword(WebUIKeywordMain.groovy:20)
	at com.kms.katalon.core.webui.keyword.builtin.VerifyOptionsPresentKeyword.verifyOptionsPresent(VerifyOptionsPresentKeyword.groovy:72)
	at com.kms.katalon.core.webui.keyword.builtin.VerifyOptionsPresentKeyword.execute(VerifyOptionsPresentKeyword.groovy:38)
	at com.kms.katalon.core.keyword.internal.KeywordExecutor.executeKeywordForPlatform(KeywordExecutor.groovy:74)
	at com.kms.katalon.core.webui.keyword.WebUiBuiltInKeywords.verifyOptionsPresent(WebUiBuiltInKeywords.groovy:4716)
	at com.kms.katalon.core.webui.keyword.WebUiBuiltInKeywords$verifyOptionsPresent$7.call(Unknown Source)
	at SalesAndUse_UI_TC.run(SalesAndUse_UI_TC:273)
	at com.kms.katalon.core.main.ScriptEngine.run(ScriptEngine.java:194)
	at com.kms.katalon.core.main.ScriptEngine.runScriptAsRawText(ScriptEngine.java:119)
	at com.kms.katalon.core.main.TestCaseExecutor.runScript(TestCaseExecutor.java:442)
	at com.kms.katalon.core.main.TestCaseExecutor.doExecute(TestCaseExecutor.java:433)
	at com.kms.katalon.core.main.TestCaseExecutor.processExecutionPhase(TestCaseExecutor.java:412)
	at com.kms.katalon.core.main.TestCaseExecutor.accessMainPhase(TestCaseExecutor.java:404)
	at com.kms.katalon.core.main.TestCaseExecutor.execute(TestCaseExecutor.java:281)
	at com.kms.katalon.core.main.TestSuiteExecutor.accessTestCaseMainPhase(TestSuiteExecutor.java:202)
	at com.kms.katalon.core.main.TestSuiteExecutor.accessTestSuiteMainPhase(TestSuiteExecutor.java:164)
	at com.kms.katalon.core.main.TestSuiteExecutor.execute(TestSuiteExecutor.java:105)
	at com.kms.katalon.core.main.TestCaseMain.startTestSuite(TestCaseMain.java:185)
	at com.kms.katalon.core.main.TestCaseMain$startTestSuite$0.call(Unknown Source)
	at TempTestSuite1672858415003.run(TempTestSuite1672858415003.groovy:36)
)
[[ATTACHMENT|E:\\Cloned-Project-Katalon\\VPS-Katalon\\Reports\\20230104_135334\\RAD_TestSuite\\RAD_UI_TestSuite\\20230104_135334\\1672858690175.png]]

2023-01-04 13:58:10 - [TEST_STEP][PASSED] - verifyOptionsPresent(findTestObject(orPath_TaxTypeFilingYear + "/select_PeriodEnding"), ["July", "August", "September", "October", "November", "December"]): Options [July, August, September, October, November, December] present.

2023-01-04 13:58:11 - [MESSAGE][PASSED] - Options [July, August, September, October, November, December] present.

2023-01-04 13:58:11 - [TEST_STEP][PASSED] - selectOptionByLabel(findTestObject(orPath_TaxTypeFilingYear + "/select_FilingYear"), "2022", false): All options with label '2022' are selected in object 'Object Repository/RAD_Pages/TaxTypeFilingYear_Page/select_FilingYear' 

2023-01-04 13:58:12 - [MESSAGE][PASSED] - All options with label '2022' are selected in object 'Object Repository/RAD_Pages/TaxTypeFilingYear_Page/select_FilingYear' 

2023-01-04 13:58:12 - [TEST_STEP][PASSED] - totalOptionsPeriodEnding4 = getNumberOfTotalOption(findTestObject(orPath_TaxTypeFilingYear + "/select_PeriodEnding")): 13 options of object 'Object Repository/RAD_Pages/TaxTypeFilingYear_Page/select_PeriodEnding' counted

2023-01-04 13:58:13 - [MESSAGE][PASSED] - 13 options of object 'Object Repository/RAD_Pages/TaxTypeFilingYear_Page/select_PeriodEnding' counted

2023-01-04 13:58:13 - [TEST_STEP][PASSED] - verifyEqual(totalOptionsPeriodEnding4, 13): Actual object '13' and expected object '13' are equal

2023-01-04 13:58:13 - [MESSAGE][PASSED] - Actual object '13' and expected object '13' are equal

2023-01-04 13:58:13 - [TEST_STEP][PASSED] - verifyOptionsPresent(findTestObject(orPath_TaxTypeFilingYear + "/select_PeriodEnding"), ["January", "February", "March", "April", "May", "June"]): Options [January, February, March, April, May, June] present.

2023-01-04 13:58:14 - [MESSAGE][PASSED] - Options [January, February, March, April, May, June] present.

2023-01-04 13:58:14 - [TEST_STEP][PASSED] - verifyOptionsPresent(findTestObject(orPath_TaxTypeFilingYear + "/select_PeriodEnding"), ["July", "August", "September", "October", "November", "December"]): Options [July, August, September, October, November, December] present.

2023-01-04 13:58:15 - [MESSAGE][PASSED] - Options [July, August, September, October, November, December] present.]]></system-out>
         <system-err><![CDATA[2023-01-04 13:57:24 - [TEST_CASE][FAILED] - Test Cases/RAD_TestCases/UI_TestCases/SalesAndUse_UI_TC: Test Cases/RAD_TestCases/UI_TestCases/SalesAndUse_UI_TC FAILED.
Reason:
com.kms.katalon.core.exception.StepFailedException: Options [2022, 2021, 2020] do NOT present. (Root cause: com.kms.katalon.core.exception.StepFailedException: Options [2022, 2021, 2020] do NOT present.. Reason: Your expected options are [2022, 2021, 2020] but the actual are [Select, 2023, 2022, 2021].
	at com.kms.katalon.core.webui.keyword.internal.WebUIKeywordMain.stepFailedWithReason(WebUIKeywordMain.groovy:70)
	at com.kms.katalon.core.webui.keyword.builtin.VerifyOptionsPresentKeyword$_verifyOptionsPresent_closure1.doCall(VerifyOptionsPresentKeyword.groovy:64)
	at com.kms.katalon.core.webui.keyword.builtin.VerifyOptionsPresentKeyword$_verifyOptionsPresent_closure1.call(VerifyOptionsPresentKeyword.groovy)
	at com.kms.katalon.core.webui.keyword.internal.WebUIKeywordMain.runKeyword(WebUIKeywordMain.groovy:20)
	at com.kms.katalon.core.webui.keyword.builtin.VerifyOptionsPresentKeyword.verifyOptionsPresent(VerifyOptionsPresentKeyword.groovy:72)
	at com.kms.katalon.core.webui.keyword.builtin.VerifyOptionsPresentKeyword.execute(VerifyOptionsPresentKeyword.groovy:38)
	at com.kms.katalon.core.keyword.internal.KeywordExecutor.executeKeywordForPlatform(KeywordExecutor.groovy:74)
	at com.kms.katalon.core.webui.keyword.WebUiBuiltInKeywords.verifyOptionsPresent(WebUiBuiltInKeywords.groovy:4716)
	at com.kms.katalon.core.webui.keyword.WebUiBuiltInKeywords$verifyOptionsPresent$7.call(Unknown Source)
	at SalesAndUse_UI_TC.run(SalesAndUse_UI_TC:60)
	at com.kms.katalon.core.main.ScriptEngine.run(ScriptEngine.java:194)
	at com.kms.katalon.core.main.ScriptEngine.runScriptAsRawText(ScriptEngine.java:119)
	at com.kms.katalon.core.main.TestCaseExecutor.runScript(TestCaseExecutor.java:442)
	at com.kms.katalon.core.main.TestCaseExecutor.doExecute(TestCaseExecutor.java:433)
	at com.kms.katalon.core.main.TestCaseExecutor.processExecutionPhase(TestCaseExecutor.java:412)
	at com.kms.katalon.core.main.TestCaseExecutor.accessMainPhase(TestCaseExecutor.java:404)
	at com.kms.katalon.core.main.TestCaseExecutor.execute(TestCaseExecutor.java:281)
	at com.kms.katalon.core.main.TestSuiteExecutor.accessTestCaseMainPhase(TestSuiteExecutor.java:202)
	at com.kms.katalon.core.main.TestSuiteExecutor.accessTestSuiteMainPhase(TestSuiteExecutor.java:164)
	at com.kms.katalon.core.main.TestSuiteExecutor.execute(TestSuiteExecutor.java:105)
	at com.kms.katalon.core.main.TestCaseMain.startTestSuite(TestCaseMain.java:185)
	at com.kms.katalon.core.main.TestCaseMain$startTestSuite$0.call(Unknown Source)
	at TempTestSuite1672858415003.run(TempTestSuite1672858415003.groovy:36)
)
	at com.kms.katalon.core.keyword.internal.KeywordMain.stepFailed(KeywordMain.groovy:39)
	at com.kms.katalon.core.webui.keyword.internal.WebUIKeywordMain.stepFailedWithReason(WebUIKeywordMain.groovy:70)
	at com.kms.katalon.core.webui.keyword.builtin.VerifyOptionsPresentKeyword$_verifyOptionsPresent_closure1.doCall(VerifyOptionsPresentKeyword.groovy:64)
	at com.kms.katalon.core.webui.keyword.builtin.VerifyOptionsPresentKeyword$_verifyOptionsPresent_closure1.call(VerifyOptionsPresentKeyword.groovy)
	at com.kms.katalon.core.webui.keyword.internal.WebUIKeywordMain.runKeyword(WebUIKeywordMain.groovy:20)
	at com.kms.katalon.core.webui.keyword.builtin.VerifyOptionsPresentKeyword.verifyOptionsPresent(VerifyOptionsPresentKeyword.groovy:72)
	at com.kms.katalon.core.webui.keyword.builtin.VerifyOptionsPresentKeyword.execute(VerifyOptionsPresentKeyword.groovy:38)
	at com.kms.katalon.core.keyword.internal.KeywordExecutor.executeKeywordForPlatform(KeywordExecutor.groovy:74)
	at com.kms.katalon.core.webui.keyword.WebUiBuiltInKeywords.verifyOptionsPresent(WebUiBuiltInKeywords.groovy:4716)
	at com.kms.katalon.core.webui.keyword.WebUiBuiltInKeywords$verifyOptionsPresent$7.call(Unknown Source)
	at SalesAndUse_UI_TC.run(SalesAndUse_UI_TC:60)
	at com.kms.katalon.core.main.ScriptEngine.run(ScriptEngine.java:194)
	at com.kms.katalon.core.main.ScriptEngine.runScriptAsRawText(ScriptEngine.java:119)
	at com.kms.katalon.core.main.TestCaseExecutor.runScript(TestCaseExecutor.java:442)
	at com.kms.katalon.core.main.TestCaseExecutor.doExecute(TestCaseExecutor.java:433)
	at com.kms.katalon.core.main.TestCaseExecutor.processExecutionPhase(TestCaseExecutor.java:412)
	at com.kms.katalon.core.main.TestCaseExecutor.accessMainPhase(TestCaseExecutor.java:404)
	at com.kms.katalon.core.main.TestCaseExecutor.execute(TestCaseExecutor.java:281)
	at com.kms.katalon.core.main.TestSuiteExecutor.accessTestCaseMainPhase(TestSuiteExecutor.java:202)
	at com.kms.katalon.core.main.TestSuiteExecutor.accessTestSuiteMainPhase(TestSuiteExecutor.java:164)
	at com.kms.katalon.core.main.TestSuiteExecutor.execute(TestSuiteExecutor.java:105)
	at com.kms.katalon.core.main.TestCaseMain.startTestSuite(TestCaseMain.java:185)
	at com.kms.katalon.core.main.TestCaseMain$startTestSuite$0.call(Unknown Source)
	at TempTestSuite1672858415003.run(TempTestSuite1672858415003.groovy:36)
Caused by: com.kms.katalon.core.exception.StepFailedException: Options [2022, 2021, 2020] do NOT present.. Reason: Your expected options are [2022, 2021, 2020] but the actual are [Select, 2023, 2022, 2021].
	... 23 more]]></system-err>
      </testcase>
      <testcase name="Test Cases/RAD_TestCases/UI_TestCases/SaleAndUseMarketplaceFacilitator_UI_TC" time="11.72" classname="Test Cases/RAD_TestCases/UI_TestCases/SaleAndUseMarketplaceFacilitator_UI_TC" status="PASSED">
         <system-out><![CDATA[2023-01-04 13:58:15 - [TEST_CASE][PASSED] - Test Cases/RAD_TestCases/UI_TestCases/SaleAndUseMarketplaceFacilitator_UI_TC: Test Cases/RAD_TestCases/UI_TestCases/SaleAndUseMarketplaceFacilitator_UI_TC

2023-01-04 13:58:15 - [TEST_STEP][PASSED] - openBrowser(""): Browser is opened with url: ''

2023-01-04 13:58:15 - [MESSAGE][WARNING] - A browser is already opened. Closing browser and opening a new one

2023-01-04 13:58:16 - [MESSAGE][INFO] - Starting 'Chrome' driver

2023-01-04 13:58:16 - [MESSAGE][INFO] - User set preference: ['acceptInsecureCerts', 'true']

2023-01-04 13:58:16 - [MESSAGE][INFO] - Action delay is set to 0 milliseconds

2023-01-04 13:58:17 - [MESSAGE][PASSED] - Browser is opened with url: ''

2023-01-04 13:58:17 - [TEST_STEP][PASSED] - maximizeWindow(): Current window maximized

2023-01-04 13:58:17 - [MESSAGE][PASSED] - Current window maximized

2023-01-04 13:58:17 - [TEST_STEP][PASSED] - navigateToUrl(RADurl): Navigate to 'https://qa.velocitypayment.com/client/rad/index.html' successfully

2023-01-04 13:58:19 - [MESSAGE][PASSED] - Navigate to 'https://qa.velocitypayment.com/client/rad/index.html' successfully

2023-01-04 13:58:19 - [TEST_STEP][PASSED] - orPath_Landing = "Object Repository/RAD_Pages/Landing_Page": null

2023-01-04 13:58:19 - [TEST_STEP][PASSED] - orPath_TaxTypeFilingYear = "Object Repository/RAD_Pages/TaxTypeFilingYear_Page": null

2023-01-04 13:58:19 - [TEST_STEP][PASSED] - orPath_TaxPayer = "Object Repository/RAD_Pages/Taxpayer_Page": null

2023-01-04 13:58:19 - [TEST_STEP][PASSED] - orPath_AddressContact = "Object Repository/RAD_Pages/AddressAndContactInfo_Page": null

2023-01-04 13:58:19 - [TEST_STEP][PASSED] - orPath_TaxInfo = "Object Repository/RAD_Pages/TaxInfo_Page": null

2023-01-04 13:58:19 - [TEST_STEP][PASSED] - orPath_Withholding = "Object Repository/RAD_Pages/Withholding_Page": null

2023-01-04 13:58:19 - [TEST_STEP][PASSED] - orPath_FilingStatus = "Object Repository/RAD_Pages/FilingStatus_Page": null

2023-01-04 13:58:19 - [TEST_STEP][PASSED] - orPath_Amount = "Object Repository/RAD_Pages/PaymentAmount_Page": null

2023-01-04 13:58:19 - [TEST_STEP][PASSED] - orPath_SalesTaxReturnInfo = "Object Repository/RAD_Pages/SalesTaxReturnInfo_Page": null

2023-01-04 13:58:19 - [TEST_STEP][PASSED] - selectOptionByLabel(findTestObject(orPath_Landing + "/dd_TaxType"), "Sales and Use", false): All options with label 'Sales and Use' are selected in object 'Object Repository/RAD_Pages/Landing_Page/dd_TaxType' 

2023-01-04 13:58:20 - [MESSAGE][PASSED] - All options with label 'Sales and Use' are selected in object 'Object Repository/RAD_Pages/Landing_Page/dd_TaxType' 

2023-01-04 13:58:20 - [TEST_STEP][PASSED] - scrollToElement(findTestObject(orPath_SalesTaxReturnInfo + "/input_OutOfStateVendor"), 3): Scroll to object 'Object Repository/RAD_Pages/SalesTaxReturnInfo_Page/input_OutOfStateVendor' successfully

2023-01-04 13:58:20 - [MESSAGE][PASSED] - Scroll to object 'Object Repository/RAD_Pages/SalesTaxReturnInfo_Page/input_OutOfStateVendor' successfully

2023-01-04 13:58:20 - [TEST_STEP][PASSED] - click(findTestObject(orPath_SalesTaxReturnInfo + "/input_MarketplaceFacilitator")): Object: 'Object Repository/RAD_Pages/SalesTaxReturnInfo_Page/input_MarketplaceFacilitator' is clicked on

2023-01-04 13:58:21 - [MESSAGE][PASSED] - Object: 'Object Repository/RAD_Pages/SalesTaxReturnInfo_Page/input_MarketplaceFacilitator' is clicked on

2023-01-04 13:58:21 - [TEST_STEP][PASSED] - verifyTextPresent("Maryland Form 202F", true): Text 'Maryland Form 202F' is present on page  using regular expression

2023-01-04 13:58:21 - [MESSAGE][PASSED] - Text 'Maryland Form 202F' is present on page  using regular expression

2023-01-04 13:58:21 - [TEST_STEP][PASSED] - verifyTextPresent("To be completed by marketplace facilitator. Refer to your Maryland Sales Tax Instructions to complete the following.", true): Text 'To be completed by marketplace facilitator. Refer to your Maryland Sales Tax Instructions to complete the following.' is present on page  using regular expression

2023-01-04 13:58:22 - [MESSAGE][PASSED] - Text 'To be completed by marketplace facilitator. Refer to your Maryland Sales Tax Instructions to complete the following.' is present on page  using regular expression

2023-01-04 13:58:22 - [TEST_STEP][PASSED] - verifyTextPresent("Maryland Form 202", true): Text 'Maryland Form 202' is present on page  using regular expression

2023-01-04 13:58:22 - [MESSAGE][PASSED] - Text 'Maryland Form 202' is present on page  using regular expression

2023-01-04 13:58:22 - [TEST_STEP][PASSED] - verifyTextPresent("Refer to your Maryland Sales Tax Instructions to complete the following", true): Text 'Refer to your Maryland Sales Tax Instructions to complete the following' is present on page  using regular expression

2023-01-04 13:58:23 - [MESSAGE][PASSED] - Text 'Refer to your Maryland Sales Tax Instructions to complete the following' is present on page  using regular expression

2023-01-04 13:58:23 - [TEST_STEP][PASSED] - verifyTextPresent("Maryland Form 202", true): Text 'Maryland Form 202' is present on page  using regular expression

2023-01-04 13:58:23 - [MESSAGE][PASSED] - Text 'Maryland Form 202' is present on page  using regular expression

2023-01-04 13:58:23 - [TEST_STEP][PASSED] - verifyTextPresent("Refer to your Maryland Sales Tax Instructions to complete the following", true): Text 'Refer to your Maryland Sales Tax Instructions to complete the following' is present on page  using regular expression

2023-01-04 13:58:24 - [MESSAGE][PASSED] - Text 'Refer to your Maryland Sales Tax Instructions to complete the following' is present on page  using regular expression

2023-01-04 13:58:24 - [TEST_STEP][PASSED] - verifyElementPresent(findTestObject("Object Repository/RAD_Pages/MarylandForm202F_Page/input__Line6a"), 30): Object 'Object Repository/RAD_Pages/MarylandForm202F_Page/input__Line6a' is present

2023-01-04 13:58:24 - [MESSAGE][PASSED] - Object 'Object Repository/RAD_Pages/MarylandForm202F_Page/input__Line6a' is present

2023-01-04 13:58:24 - [TEST_STEP][PASSED] - verifyElementPresent(findTestObject("Object Repository/RAD_Pages/MarylandForm202F_Page/input__Line4a"), 30): Object 'Object Repository/RAD_Pages/MarylandForm202F_Page/input__Line4a' is present

2023-01-04 13:58:25 - [MESSAGE][PASSED] - Object 'Object Repository/RAD_Pages/MarylandForm202F_Page/input__Line4a' is present

2023-01-04 13:58:25 - [TEST_STEP][PASSED] - verifyElementPresent(findTestObject("Object Repository/RAD_Pages/MarylandForm202F_Page/input__Line3a"), 30): Object 'Object Repository/RAD_Pages/MarylandForm202F_Page/input__Line3a' is present

2023-01-04 13:58:26 - [MESSAGE][PASSED] - Object 'Object Repository/RAD_Pages/MarylandForm202F_Page/input__Line3a' is present

2023-01-04 13:58:26 - [TEST_STEP][PASSED] - verifyElementPresent(findTestObject("Object Repository/RAD_Pages/MarylandForm202F_Page/input__Line2a"), 30): Object 'Object Repository/RAD_Pages/MarylandForm202F_Page/input__Line2a' is present

2023-01-04 13:58:26 - [MESSAGE][PASSED] - Object 'Object Repository/RAD_Pages/MarylandForm202F_Page/input__Line2a' is present

2023-01-04 13:58:26 - [TEST_STEP][PASSED] - verifyElementPresent(findTestObject("Object Repository/RAD_Pages/MarylandForm202F_Page/input__Line1"), 30): Object 'Object Repository/RAD_Pages/MarylandForm202F_Page/input__Line1' is present

2023-01-04 13:58:26 - [MESSAGE][PASSED] - Object 'Object Repository/RAD_Pages/MarylandForm202F_Page/input__Line1' is present]]></system-out>
         <system-err><![CDATA[]]></system-err>
      </testcase>
      <testcase name="Test Cases/RAD_TestCases/UI_TestCases/SaleAndUseMDForm202_UI_TC" time="10.453" classname="Test Cases/RAD_TestCases/UI_TestCases/SaleAndUseMDForm202_UI_TC" status="PASSED">
         <system-out><![CDATA[2023-01-04 13:58:26 - [TEST_CASE][PASSED] - Test Cases/RAD_TestCases/UI_TestCases/SaleAndUseMDForm202_UI_TC: Test Cases/RAD_TestCases/UI_TestCases/SaleAndUseMDForm202_UI_TC

2023-01-04 13:58:27 - [TEST_STEP][PASSED] - openBrowser(""): Browser is opened with url: ''

2023-01-04 13:58:27 - [MESSAGE][WARNING] - A browser is already opened. Closing browser and opening a new one

2023-01-04 13:58:28 - [MESSAGE][INFO] - Starting 'Chrome' driver

2023-01-04 13:58:28 - [MESSAGE][INFO] - User set preference: ['acceptInsecureCerts', 'true']

2023-01-04 13:58:28 - [MESSAGE][INFO] - Action delay is set to 0 milliseconds

2023-01-04 13:58:29 - [MESSAGE][PASSED] - Browser is opened with url: ''

2023-01-04 13:58:29 - [TEST_STEP][PASSED] - maximizeWindow(): Current window maximized

2023-01-04 13:58:29 - [MESSAGE][PASSED] - Current window maximized

2023-01-04 13:58:29 - [TEST_STEP][PASSED] - navigateToUrl(RADurl): Navigate to 'https://qa.velocitypayment.com/client/rad/index.html' successfully

2023-01-04 13:58:31 - [MESSAGE][PASSED] - Navigate to 'https://qa.velocitypayment.com/client/rad/index.html' successfully

2023-01-04 13:58:31 - [TEST_STEP][PASSED] - orPath_Landing = "Object Repository/RAD_Pages/Landing_Page": null

2023-01-04 13:58:31 - [TEST_STEP][PASSED] - orPath_TaxTypeFilingYear = "Object Repository/RAD_Pages/TaxTypeFilingYear_Page": null

2023-01-04 13:58:31 - [TEST_STEP][PASSED] - orPath_TaxPayer = "Object Repository/RAD_Pages/Taxpayer_Page": null

2023-01-04 13:58:31 - [TEST_STEP][PASSED] - orPath_AddressContact = "Object Repository/RAD_Pages/AddressAndContactInfo_Page": null

2023-01-04 13:58:31 - [TEST_STEP][PASSED] - orPath_TaxInfo = "Object Repository/RAD_Pages/TaxInfo_Page": null

2023-01-04 13:58:31 - [TEST_STEP][PASSED] - orPath_Withholding = "Object Repository/RAD_Pages/Withholding_Page": null

2023-01-04 13:58:31 - [TEST_STEP][PASSED] - orPath_FilingStatus = "Object Repository/RAD_Pages/FilingStatus_Page": null

2023-01-04 13:58:31 - [TEST_STEP][PASSED] - orPath_Amount = "Object Repository/RAD_Pages/PaymentAmount_Page": null

2023-01-04 13:58:31 - [TEST_STEP][PASSED] - orPath_SalesTaxReturnInfo = "Object Repository/RAD_Pages/SalesTaxReturnInfo_Page": null

2023-01-04 13:58:31 - [TEST_STEP][PASSED] - orPath_MDForm202 = "Object Repository/RAD_Pages/MarylandForm202_Page": null

2023-01-04 13:58:31 - [TEST_STEP][PASSED] - selectOptionByLabel(findTestObject(orPath_Landing + "/dd_TaxType"), "Sales and Use", false): All options with label 'Sales and Use' are selected in object 'Object Repository/RAD_Pages/Landing_Page/dd_TaxType' 

2023-01-04 13:58:31 - [MESSAGE][PASSED] - All options with label 'Sales and Use' are selected in object 'Object Repository/RAD_Pages/Landing_Page/dd_TaxType' 

2023-01-04 13:58:31 - [TEST_STEP][PASSED] - verifyElementPresent(findTestObject(orPath_MDForm202 + "/input__Line3"), 30): Object 'Object Repository/RAD_Pages/MarylandForm202_Page/input__Line3' is present

2023-01-04 13:58:32 - [MESSAGE][PASSED] - Object 'Object Repository/RAD_Pages/MarylandForm202_Page/input__Line3' is present

2023-01-04 13:58:32 - [TEST_STEP][PASSED] - verifyElementPresent(findTestObject(orPath_MDForm202 + "/input__Line4a"), 30): Object 'Object Repository/RAD_Pages/MarylandForm202_Page/input__Line4a' is present

2023-01-04 13:58:32 - [MESSAGE][PASSED] - Object 'Object Repository/RAD_Pages/MarylandForm202_Page/input__Line4a' is present

2023-01-04 13:58:32 - [TEST_STEP][PASSED] - verifyElementPresent(findTestObject(orPath_MDForm202 + "/input__Line5a"), 30): Object 'Object Repository/RAD_Pages/MarylandForm202_Page/input__Line5a' is present

2023-01-04 13:58:33 - [MESSAGE][PASSED] - Object 'Object Repository/RAD_Pages/MarylandForm202_Page/input__Line5a' is present

2023-01-04 13:58:33 - [TEST_STEP][PASSED] - verifyElementPresent(findTestObject(orPath_MDForm202 + "/input__Line6a"), 30): Object 'Object Repository/RAD_Pages/MarylandForm202_Page/input__Line6a' is present

2023-01-04 13:58:33 - [MESSAGE][PASSED] - Object 'Object Repository/RAD_Pages/MarylandForm202_Page/input__Line6a' is present

2023-01-04 13:58:33 - [TEST_STEP][PASSED] - verifyElementPresent(findTestObject(orPath_MDForm202 + "/input__Line8a"), 30): Object 'Object Repository/RAD_Pages/MarylandForm202_Page/input__Line8a' is present

2023-01-04 13:58:33 - [MESSAGE][PASSED] - Object 'Object Repository/RAD_Pages/MarylandForm202_Page/input__Line8a' is present

2023-01-04 13:58:33 - [TEST_STEP][PASSED] - verifyElementPresent(findTestObject(orPath_MDForm202 + "/input__Line12a"), 30): Object 'Object Repository/RAD_Pages/MarylandForm202_Page/input__Line12a' is present

2023-01-04 13:58:34 - [MESSAGE][PASSED] - Object 'Object Repository/RAD_Pages/MarylandForm202_Page/input__Line12a' is present

2023-01-04 13:58:34 - [TEST_STEP][PASSED] - verifyElementPresent(findTestObject(orPath_MDForm202 + "/input__Line13a"), 30): Object 'Object Repository/RAD_Pages/MarylandForm202_Page/input__Line13a' is present

2023-01-04 13:58:34 - [MESSAGE][PASSED] - Object 'Object Repository/RAD_Pages/MarylandForm202_Page/input__Line13a' is present

2023-01-04 13:58:34 - [TEST_STEP][PASSED] - verifyElementPresent(findTestObject(orPath_MDForm202 + "/input__Line13"), 30): Object 'Object Repository/RAD_Pages/MarylandForm202_Page/input__Line13' is present

2023-01-04 13:58:35 - [MESSAGE][PASSED] - Object 'Object Repository/RAD_Pages/MarylandForm202_Page/input__Line13' is present

2023-01-04 13:58:35 - [TEST_STEP][PASSED] - verifyElementPresent(findTestObject(orPath_MDForm202 + "/input__Line14"), 30): Object 'Object Repository/RAD_Pages/MarylandForm202_Page/input__Line14' is present

2023-01-04 13:58:35 - [MESSAGE][PASSED] - Object 'Object Repository/RAD_Pages/MarylandForm202_Page/input__Line14' is present

2023-01-04 13:58:35 - [TEST_STEP][PASSED] - verifyElementPresent(findTestObject(orPath_MDForm202 + "/input__Line15"), 30): Object 'Object Repository/RAD_Pages/MarylandForm202_Page/input__Line15' is present

2023-01-04 13:58:36 - [MESSAGE][PASSED] - Object 'Object Repository/RAD_Pages/MarylandForm202_Page/input__Line15' is present

2023-01-04 13:58:36 - [TEST_STEP][PASSED] - verifyElementPresent(findTestObject(orPath_MDForm202 + "/input__Line17a"), 30): Object 'Object Repository/RAD_Pages/MarylandForm202_Page/input__Line17a' is present

2023-01-04 13:58:36 - [MESSAGE][PASSED] - Object 'Object Repository/RAD_Pages/MarylandForm202_Page/input__Line17a' is present

2023-01-04 13:58:36 - [TEST_STEP][PASSED] - verifyElementPresent(findTestObject(orPath_MDForm202 + "/input__Line17b"), 30): Object 'Object Repository/RAD_Pages/MarylandForm202_Page/input__Line17b' is present

2023-01-04 13:58:36 - [MESSAGE][PASSED] - Object 'Object Repository/RAD_Pages/MarylandForm202_Page/input__Line17b' is present

2023-01-04 13:58:36 - [TEST_STEP][PASSED] - verifyElementPresent(findTestObject(orPath_MDForm202 + "/input__Line19a"), 30): Object 'Object Repository/RAD_Pages/MarylandForm202_Page/input__Line19a' is present

2023-01-04 13:58:37 - [MESSAGE][PASSED] - Object 'Object Repository/RAD_Pages/MarylandForm202_Page/input__Line19a' is present]]></system-out>
         <system-err><![CDATA[]]></system-err>
      </testcase>
      <testcase name="Test Cases/RAD_TestCases/UI_TestCases/ExistingLiability_UI_TC" time="26.55" classname="Test Cases/RAD_TestCases/UI_TestCases/ExistingLiability_UI_TC" status="PASSED">
         <system-out><![CDATA[2023-01-04 13:58:37 - [TEST_CASE][PASSED] - Test Cases/RAD_TestCases/UI_TestCases/ExistingLiability_UI_TC: Test Cases/RAD_TestCases/UI_TestCases/ExistingLiability_UI_TC

2023-01-04 13:58:37 - [TEST_STEP][PASSED] - openBrowser(""): Browser is opened with url: ''

2023-01-04 13:58:37 - [MESSAGE][WARNING] - A browser is already opened. Closing browser and opening a new one

2023-01-04 13:58:38 - [MESSAGE][INFO] - Starting 'Chrome' driver

2023-01-04 13:58:38 - [MESSAGE][INFO] - User set preference: ['acceptInsecureCerts', 'true']

2023-01-04 13:58:38 - [MESSAGE][INFO] - Action delay is set to 0 milliseconds

2023-01-04 13:58:39 - [MESSAGE][PASSED] - Browser is opened with url: ''

2023-01-04 13:58:39 - [TEST_STEP][PASSED] - maximizeWindow(): Current window maximized

2023-01-04 13:58:40 - [MESSAGE][PASSED] - Current window maximized

2023-01-04 13:58:40 - [TEST_STEP][PASSED] - navigateToUrl(RADurl): Navigate to 'https://qa.velocitypayment.com/client/rad/index.html' successfully

2023-01-04 13:58:41 - [MESSAGE][PASSED] - Navigate to 'https://qa.velocitypayment.com/client/rad/index.html' successfully

2023-01-04 13:58:41 - [TEST_STEP][PASSED] - orPath_Landing = "Object Repository/RAD_Pages/Landing_Page": null

2023-01-04 13:58:41 - [TEST_STEP][PASSED] - orPath_TaxTypeFilingYear = "Object Repository/RAD_Pages/TaxTypeFilingYear_Page": null

2023-01-04 13:58:41 - [TEST_STEP][PASSED] - orPath_TaxPayer = "Object Repository/RAD_Pages/Taxpayer_Page": null

2023-01-04 13:58:41 - [TEST_STEP][PASSED] - orPath_AddressContact = "Object Repository/RAD_Pages/AddressAndContactInfo_Page": null

2023-01-04 13:58:41 - [TEST_STEP][PASSED] - orPath_TaxInfo = "Object Repository/RAD_Pages/TaxInfo_Page": null

2023-01-04 13:58:41 - [TEST_STEP][PASSED] - orPath_Withholding = "Object Repository/RAD_Pages/Withholding_Page": null

2023-01-04 13:58:41 - [TEST_STEP][PASSED] - orPath_FilingStatus = "Object Repository/RAD_Pages/FilingStatus_Page": null

2023-01-04 13:58:41 - [TEST_STEP][PASSED] - orPath_Amount = "Object Repository/RAD_Pages/PaymentAmount_Page": null

2023-01-04 13:58:41 - [TEST_STEP][PASSED] - orPath_SalesTaxReturnInfo = "Object Repository/RAD_Pages/SalesTaxReturnInfo_Page": null

2023-01-04 13:58:41 - [TEST_STEP][PASSED] - selectOptionByLabel(findTestObject(orPath_Landing + "/dd_TaxType"), "Existing Liability", false): All options with label 'Existing Liability' are selected in object 'Object Repository/RAD_Pages/Landing_Page/dd_TaxType' 

2023-01-04 13:58:42 - [MESSAGE][PASSED] - All options with label 'Existing Liability' are selected in object 'Object Repository/RAD_Pages/Landing_Page/dd_TaxType' 

2023-01-04 13:58:42 - [TEST_STEP][PASSED] - verifyElementPresent(findTestObject(orPath_TaxTypeFilingYear + "/select_TaxType_ExistingLiability"), 30): Object 'Object Repository/RAD_Pages/TaxTypeFilingYear_Page/select_TaxType_ExistingLiability' is present

2023-01-04 13:58:43 - [MESSAGE][PASSED] - Object 'Object Repository/RAD_Pages/TaxTypeFilingYear_Page/select_TaxType_ExistingLiability' is present

2023-01-04 13:58:43 - [TEST_STEP][PASSED] - totalOptionsExistingLiability = getNumberOfTotalOption(findTestObject(orPath_TaxTypeFilingYear + "/select_TaxType_ExistingLiability")): 12 options of object 'Object Repository/RAD_Pages/TaxTypeFilingYear_Page/select_TaxType_ExistingLiability' counted

2023-01-04 13:58:43 - [MESSAGE][PASSED] - 12 options of object 'Object Repository/RAD_Pages/TaxTypeFilingYear_Page/select_TaxType_ExistingLiability' counted

2023-01-04 13:58:43 - [TEST_STEP][PASSED] - verifyEqual(totalOptionsExistingLiability, 12): Actual object '12' and expected object '12' are equal

2023-01-04 13:58:43 - [MESSAGE][PASSED] - Actual object '12' and expected object '12' are equal

2023-01-04 13:58:43 - [TEST_STEP][PASSED] - verifyOptionsPresent(findTestObject(orPath_TaxTypeFilingYear + "/select_TaxType_ExistingLiability"), ["Bay Restoration Fund Tax", "CORP Tax", "Fiduciary Tax"]): Options [Bay Restoration Fund Tax, CORP Tax, Fiduciary Tax] present.

2023-01-04 13:58:44 - [MESSAGE][PASSED] - Options [Bay Restoration Fund Tax, CORP Tax, Fiduciary Tax] present.

2023-01-04 13:58:44 - [TEST_STEP][PASSED] - verifyOptionsPresent(findTestObject(orPath_TaxTypeFilingYear + "/select_TaxType_ExistingLiability"), ["Personal Tax", "PTE Tax (Partnership)", "PTE Tax (LLC)"]): Options [Personal Tax, PTE Tax (Partnership), PTE Tax (LLC)] present.

2023-01-04 13:58:45 - [MESSAGE][PASSED] - Options [Personal Tax, PTE Tax (Partnership), PTE Tax (LLC)] present.

2023-01-04 13:58:45 - [TEST_STEP][PASSED] - verifyOptionsPresent(findTestObject(orPath_TaxTypeFilingYear + "/select_TaxType_ExistingLiability"), ["PTE Tax (SCorp)", "Sales & Use Tax"]): Options [PTE Tax (SCorp), Sales & Use Tax] present.

2023-01-04 13:58:46 - [MESSAGE][PASSED] - Options [PTE Tax (SCorp), Sales & Use Tax] present.

2023-01-04 13:58:46 - [TEST_STEP][PASSED] - verifyOptionsPresent(findTestObject(orPath_TaxTypeFilingYear + "/select_TaxType_ExistingLiability"), ["Withholding Tax", "Alcohol Tax"]): Options [Withholding Tax, Alcohol Tax] present.

2023-01-04 13:58:47 - [MESSAGE][PASSED] - Options [Withholding Tax, Alcohol Tax] present.

2023-01-04 13:58:47 - [TEST_STEP][PASSED] - verifyTextPresent("Tax Type/Filing Year", true): Text 'Tax Type/Filing Year' is present on page  using regular expression

2023-01-04 13:58:47 - [MESSAGE][PASSED] - Text 'Tax Type/Filing Year' is present on page  using regular expression

2023-01-04 13:58:47 - [TEST_STEP][PASSED] - verifyTextPresent("Taxpayer", true): Text 'Taxpayer' is present on page  using regular expression

2023-01-04 13:58:48 - [MESSAGE][PASSED] - Text 'Taxpayer' is present on page  using regular expression

2023-01-04 13:58:48 - [TEST_STEP][PASSED] - verifyTextPresent("Provide the following taxpayer information", true): Text 'Provide the following taxpayer information' is present on page  using regular expression

2023-01-04 13:58:48 - [MESSAGE][PASSED] - Text 'Provide the following taxpayer information' is present on page  using regular expression

2023-01-04 13:58:48 - [TEST_STEP][PASSED] - verifyTextPresent("Note: If you are paying on behalf of the Taxpayer, enter Taxpayer", true): Text 'Note: If you are paying on behalf of the Taxpayer, enter Taxpayer' is present on page  using regular expression

2023-01-04 13:58:49 - [MESSAGE][PASSED] - Text 'Note: If you are paying on behalf of the Taxpayer, enter Taxpayer' is present on page  using regular expression

2023-01-04 13:58:49 - [TEST_STEP][PASSED] - verifyTextPresent("information here. If you are making a payment for the Taxpayer, you will be required later to enter your own credit card, billing address and other pertinent information", true): Text 'information here. If you are making a payment for the Taxpayer, you will be required later to enter your own credit card, billing address and other pertinent information' is present on page  using regular expression

2023-01-04 13:58:50 - [MESSAGE][PASSED] - Text 'information here. If you are making a payment for the Taxpayer, you will be required later to enter your own credit card, billing address and other pertinent information' is present on page  using regular expression

2023-01-04 13:58:50 - [TEST_STEP][PASSED] - verifyTextPresent("Address and Contact Information", true): Text 'Address and Contact Information' is present on page  using regular expression

2023-01-04 13:58:50 - [MESSAGE][PASSED] - Text 'Address and Contact Information' is present on page  using regular expression

2023-01-04 13:58:50 - [TEST_STEP][PASSED] - verifyTextPresent("Enter the taxpayer", true): Text 'Enter the taxpayer' is present on page  using regular expression

2023-01-04 13:58:50 - [MESSAGE][PASSED] - Text 'Enter the taxpayer' is present on page  using regular expression

2023-01-04 13:58:50 - [TEST_STEP][PASSED] - verifyTextPresent("address and contact information", true): Text 'address and contact information' is present on page  using regular expression

2023-01-04 13:58:51 - [MESSAGE][PASSED] - Text 'address and contact information' is present on page  using regular expression

2023-01-04 13:58:51 - [TEST_STEP][PASSED] - verifyTextPresent("Tax Information", true): Text 'Tax Information' is present on page  using regular expression

2023-01-04 13:58:51 - [MESSAGE][PASSED] - Text 'Tax Information' is present on page  using regular expression

2023-01-04 13:58:51 - [TEST_STEP][PASSED] - verifyTextPresent("Payment Amount", true): Text 'Payment Amount' is present on page  using regular expression

2023-01-04 13:58:52 - [MESSAGE][PASSED] - Text 'Payment Amount' is present on page  using regular expression

2023-01-04 13:58:52 - [TEST_STEP][PASSED] - verifyTextPresent("Service Fee: This electronic government service includes a service/convenience fee. Click here for details", true): Text 'Service Fee: This electronic government service includes a service/convenience fee. Click here for details' is present on page  using regular expression

2023-01-04 13:58:52 - [MESSAGE][PASSED] - Text 'Service Fee: This electronic government service includes a service/convenience fee. Click here for details' is present on page  using regular expression

2023-01-04 13:58:52 - [TEST_STEP][PASSED] - verifyElementPresent(findTestObject(orPath_Amount + "/a_Click here for details"), 30): Object 'Object Repository/RAD_Pages/PaymentAmount_Page/a_Click here for details' is present

2023-01-04 13:58:53 - [MESSAGE][PASSED] - Object 'Object Repository/RAD_Pages/PaymentAmount_Page/a_Click here for details' is present

2023-01-04 13:58:53 - [TEST_STEP][PASSED] - verifyElementPresent(findTestObject(orPath_Landing + "/button_Continue"), 30): Object 'Object Repository/RAD_Pages/Landing_Page/button_Continue' is present

2023-01-04 13:58:53 - [MESSAGE][PASSED] - Object 'Object Repository/RAD_Pages/Landing_Page/button_Continue' is present

2023-01-04 13:58:53 - [TEST_STEP][PASSED] - verifyElementPresent(findTestObject(orPath_TaxPayer + "/input_firstName"), 30): Object 'Object Repository/RAD_Pages/Taxpayer_Page/input_firstName' is present

2023-01-04 13:58:54 - [MESSAGE][PASSED] - Object 'Object Repository/RAD_Pages/Taxpayer_Page/input_firstName' is present

2023-01-04 13:58:54 - [TEST_STEP][PASSED] - verifyElementPresent(findTestObject(orPath_TaxPayer + "/input_middleName"), 30): Object 'Object Repository/RAD_Pages/Taxpayer_Page/input_middleName' is present

2023-01-04 13:58:54 - [MESSAGE][PASSED] - Object 'Object Repository/RAD_Pages/Taxpayer_Page/input_middleName' is present

2023-01-04 13:58:54 - [TEST_STEP][PASSED] - verifyElementPresent(findTestObject(orPath_TaxPayer + "/input_lastName"), 30): Object 'Object Repository/RAD_Pages/Taxpayer_Page/input_lastName' is present

2023-01-04 13:58:55 - [MESSAGE][PASSED] - Object 'Object Repository/RAD_Pages/Taxpayer_Page/input_lastName' is present

2023-01-04 13:58:55 - [TEST_STEP][PASSED] - verifyElementPresent(findTestObject(orPath_TaxPayer + "/input_suffix"), 30): Object 'Object Repository/RAD_Pages/Taxpayer_Page/input_suffix' is present

2023-01-04 13:58:55 - [MESSAGE][PASSED] - Object 'Object Repository/RAD_Pages/Taxpayer_Page/input_suffix' is present

2023-01-04 13:58:55 - [TEST_STEP][PASSED] - verifyElementPresent(findTestObject(orPath_AddressContact + "/select_Country"), 30): Object 'Object Repository/RAD_Pages/AddressAndContactInfo_Page/select_Country' is present

2023-01-04 13:58:56 - [MESSAGE][PASSED] - Object 'Object Repository/RAD_Pages/AddressAndContactInfo_Page/select_Country' is present

2023-01-04 13:58:56 - [TEST_STEP][PASSED] - verifyElementPresent(findTestObject(orPath_AddressContact + "/input_streetAddress1"), 30): Object 'Object Repository/RAD_Pages/AddressAndContactInfo_Page/input_streetAddress1' is present

2023-01-04 13:58:56 - [MESSAGE][PASSED] - Object 'Object Repository/RAD_Pages/AddressAndContactInfo_Page/input_streetAddress1' is present

2023-01-04 13:58:56 - [TEST_STEP][PASSED] - verifyElementPresent(findTestObject(orPath_AddressContact + "/input_streetAddress2"), 30): Object 'Object Repository/RAD_Pages/AddressAndContactInfo_Page/input_streetAddress2' is present

2023-01-04 13:58:56 - [MESSAGE][PASSED] - Object 'Object Repository/RAD_Pages/AddressAndContactInfo_Page/input_streetAddress2' is present

2023-01-04 13:58:56 - [TEST_STEP][PASSED] - verifyElementPresent(findTestObject(orPath_AddressContact + "/input_city"), 30): Object 'Object Repository/RAD_Pages/AddressAndContactInfo_Page/input_city' is present

2023-01-04 13:58:57 - [MESSAGE][PASSED] - Object 'Object Repository/RAD_Pages/AddressAndContactInfo_Page/input_city' is present

2023-01-04 13:58:57 - [TEST_STEP][PASSED] - verifyElementPresent(findTestObject(orPath_AddressContact + "/select_State"), 30): Object 'Object Repository/RAD_Pages/AddressAndContactInfo_Page/select_State' is present

2023-01-04 13:58:57 - [MESSAGE][PASSED] - Object 'Object Repository/RAD_Pages/AddressAndContactInfo_Page/select_State' is present

2023-01-04 13:58:57 - [TEST_STEP][PASSED] - verifyElementPresent(findTestObject(orPath_AddressContact + "/input_zipCode"), 30): Object 'Object Repository/RAD_Pages/AddressAndContactInfo_Page/input_zipCode' is present

2023-01-04 13:58:58 - [MESSAGE][PASSED] - Object 'Object Repository/RAD_Pages/AddressAndContactInfo_Page/input_zipCode' is present

2023-01-04 13:58:58 - [TEST_STEP][PASSED] - verifyElementPresent(findTestObject(orPath_AddressContact + "/input_phoneNumber"), 30): Object 'Object Repository/RAD_Pages/AddressAndContactInfo_Page/input_phoneNumber' is present

2023-01-04 13:58:58 - [MESSAGE][PASSED] - Object 'Object Repository/RAD_Pages/AddressAndContactInfo_Page/input_phoneNumber' is present

2023-01-04 13:58:58 - [TEST_STEP][PASSED] - verifyElementPresent(findTestObject(orPath_AddressContact + "/input_eMailAddress"), 30): Object 'Object Repository/RAD_Pages/AddressAndContactInfo_Page/input_eMailAddress' is present

2023-01-04 13:58:58 - [MESSAGE][PASSED] - Object 'Object Repository/RAD_Pages/AddressAndContactInfo_Page/input_eMailAddress' is present

2023-01-04 13:58:58 - [TEST_STEP][PASSED] - verifyElementPresent(findTestObject(orPath_AddressContact + "/input_reEnterEMailAddress"), 30): Object 'Object Repository/RAD_Pages/AddressAndContactInfo_Page/input_reEnterEMailAddress' is present

2023-01-04 13:58:59 - [MESSAGE][PASSED] - Object 'Object Repository/RAD_Pages/AddressAndContactInfo_Page/input_reEnterEMailAddress' is present

2023-01-04 13:58:59 - [TEST_STEP][PASSED] - verifyOptionsPresent(findTestObject(orPath_AddressContact + "/select_Country"), ["United States"]): Options [United States] present.

2023-01-04 13:59:00 - [MESSAGE][PASSED] - Options [United States] present.

2023-01-04 13:59:00 - [TEST_STEP][PASSED] - verifyOptionsPresent(findTestObject(orPath_AddressContact + "/select_State"), ["Alabama", "District of Columbia", "Maryland", "Virginia", "Wyoming"]): Options [Alabama, District of Columbia, Maryland, Virginia, Wyoming] present.

2023-01-04 13:59:01 - [MESSAGE][PASSED] - Options [Alabama, District of Columbia, Maryland, Virginia, Wyoming] present.

2023-01-04 13:59:01 - [TEST_STEP][PASSED] - totalOptionsState = getNumberOfTotalOption(findTestObject(orPath_AddressContact + "/select_State")): 52 options of object 'Object Repository/RAD_Pages/AddressAndContactInfo_Page/select_State' counted

2023-01-04 13:59:02 - [MESSAGE][PASSED] - 52 options of object 'Object Repository/RAD_Pages/AddressAndContactInfo_Page/select_State' counted

2023-01-04 13:59:02 - [TEST_STEP][PASSED] - verifyEqual(totalOptionsState, 52): Actual object '52' and expected object '52' are equal

2023-01-04 13:59:02 - [MESSAGE][PASSED] - Actual object '52' and expected object '52' are equal

2023-01-04 13:59:02 - [TEST_STEP][PASSED] - verifyElementPresent(findTestObject(orPath_TaxInfo + "/input_NoticeInvoiceNumber"), 30): Object 'Object Repository/RAD_Pages/TaxInfo_Page/input_NoticeInvoiceNumber' is present

2023-01-04 13:59:02 - [MESSAGE][PASSED] - Object 'Object Repository/RAD_Pages/TaxInfo_Page/input_NoticeInvoiceNumber' is present

2023-01-04 13:59:02 - [TEST_STEP][PASSED] - verifyElementPresent(findTestObject(orPath_TaxInfo + "/input_reTypeNoticeInvoiceNumber"), 30): Object 'Object Repository/RAD_Pages/TaxInfo_Page/input_reTypeNoticeInvoiceNumber' is present

2023-01-04 13:59:03 - [MESSAGE][PASSED] - Object 'Object Repository/RAD_Pages/TaxInfo_Page/input_reTypeNoticeInvoiceNumber' is present

2023-01-04 13:59:03 - [TEST_STEP][PASSED] - verifyElementPresent(findTestObject(orPath_Amount + "/input__paymentAmount"), 30): Object 'Object Repository/RAD_Pages/PaymentAmount_Page/input__paymentAmount' is present

2023-01-04 13:59:03 - [MESSAGE][PASSED] - Object 'Object Repository/RAD_Pages/PaymentAmount_Page/input__paymentAmount' is present]]></system-out>
         <system-err><![CDATA[]]></system-err>
      </testcase>
      <testcase name="Test Cases/RAD_TestCases/UI_TestCases/VerifyServiceFeeVerbiage_UI_TC" time="244.991" classname="Test Cases/RAD_TestCases/UI_TestCases/VerifyServiceFeeVerbiage_UI_TC" status="FAILED">
         <failure type="FAILED" message="Test Cases/RAD_TestCases/UI_TestCases/VerifyServiceFeeVerbiage_UI_TC FAILED.
Reason:
com.kms.katalon.core.exception.StepFailedException: Actual text 'This electronic government service includes a 2.45% service/convenience fee, with a $1.00 minimum, for payments processed through this application. This fee is assessed by Govolution, LLC and will post as a separate transaction. Accepted credit cards include Visa, Mastercard, and Discover.' and expected text 'This electronic government service includes a 2.45% service/convenience fee for payments processed through this application. This fee is assessed by Govolution LLC, Maryland's eGovernment service provider, a third party working under a contract administered by the Maryland Department of Information Technology (DoIT). The service fee is used to develop, maintain, and expand the online service offerings of the state and is non-refundable. Accepted credit cards include Visa, MasterCard, Discover and American Express.' of test object 'Object Repository/RAD_Pages/Landing_Page/div_ServiceFeesVerbiage' are NOT matched. (Root cause: com.kms.katalon.core.exception.StepFailedException: Actual text 'This electronic government service includes a 2.45% service/convenience fee, with a $1.00 minimum, for payments processed through this application. This fee is assessed by Govolution, LLC and will post as a separate transaction. Accepted credit cards include Visa, Mastercard, and Discover.' and expected text 'This electronic government service includes a 2.45% service/convenience fee for payments processed through this application. This fee is assessed by Govolution LLC, Maryland's eGovernment service provider, a third party working under a contract administered by the Maryland Department of Information Technology (DoIT). The service fee is used to develop, maintain, and expand the online service offerings of the state and is non-refundable. Accepted credit cards include Visa, MasterCard, Discover and American Express.' of test object 'Object Repository/RAD_Pages/Landing_Page/div_ServiceFeesVerbiage' are NOT matched.
	at com.kms.katalon.core.webui.keyword.internal.WebUIKeywordMain.stepFailed(WebUIKeywordMain.groovy:64)
	at com.kms.katalon.core.webui.keyword.builtin.VerifyElementTextKeyword$_verifyElementText_closure1.doCall(VerifyElementTextKeyword.groovy:57)
	at com.kms.katalon.core.webui.keyword.builtin.VerifyElementTextKeyword$_verifyElementText_closure1.call(VerifyElementTextKeyword.groovy)
	at com.kms.katalon.core.webui.keyword.internal.WebUIKeywordMain.runKeyword(WebUIKeywordMain.groovy:20)
	at com.kms.katalon.core.webui.keyword.builtin.VerifyElementTextKeyword.verifyElementText(VerifyElementTextKeyword.groovy:72)
	at com.kms.katalon.core.webui.keyword.builtin.VerifyElementTextKeyword.execute(VerifyElementTextKeyword.groovy:40)
	at com.kms.katalon.core.keyword.internal.KeywordExecutor.executeKeywordForPlatform(KeywordExecutor.groovy:74)
	at com.kms.katalon.core.webui.keyword.WebUiBuiltInKeywords.verifyElementText(WebUiBuiltInKeywords.groovy:4749)
	at com.kms.katalon.core.webui.keyword.WebUiBuiltInKeywords$verifyElementText$15.call(Unknown Source)
	at VerifyServiceFeeVerbiage_UI_TC.run(VerifyServiceFeeVerbiage_UI_TC:54)
	at com.kms.katalon.core.main.ScriptEngine.run(ScriptEngine.java:194)
	at com.kms.katalon.core.main.ScriptEngine.runScriptAsRawText(ScriptEngine.java:119)
	at com.kms.katalon.core.main.TestCaseExecutor.runScript(TestCaseExecutor.java:442)
	at com.kms.katalon.core.main.TestCaseExecutor.doExecute(TestCaseExecutor.java:433)
	at com.kms.katalon.core.main.TestCaseExecutor.processExecutionPhase(TestCaseExecutor.java:412)
	at com.kms.katalon.core.main.TestCaseExecutor.accessMainPhase(TestCaseExecutor.java:404)
	at com.kms.katalon.core.main.TestCaseExecutor.execute(TestCaseExecutor.java:281)
	at com.kms.katalon.core.main.TestSuiteExecutor.accessTestCaseMainPhase(TestSuiteExecutor.java:202)
	at com.kms.katalon.core.main.TestSuiteExecutor.accessTestSuiteMainPhase(TestSuiteExecutor.java:164)
	at com.kms.katalon.core.main.TestSuiteExecutor.execute(TestSuiteExecutor.java:105)
	at com.kms.katalon.core.main.TestCaseMain.startTestSuite(TestCaseMain.java:185)
	at com.kms.katalon.core.main.TestCaseMain$startTestSuite$0.call(Unknown Source)
	at TempTestSuite1672858415003.run(TempTestSuite1672858415003.groovy:36)
)
	at com.kms.katalon.core.keyword.internal.KeywordMain.stepFailed(KeywordMain.groovy:39)
	at com.kms.katalon.core.webui.keyword.internal.WebUIKeywordMain.stepFailed(WebUIKeywordMain.groovy:64)
	at com.kms.katalon.core.webui.keyword.builtin.VerifyElementTextKeyword$_verifyElementText_closure1.doCall(VerifyElementTextKeyword.groovy:57)
	at com.kms.katalon.core.webui.keyword.builtin.VerifyElementTextKeyword$_verifyElementText_closure1.call(VerifyElementTextKeyword.groovy)
	at com.kms.katalon.core.webui.keyword.internal.WebUIKeywordMain.runKeyword(WebUIKeywordMain.groovy:20)
	at com.kms.katalon.core.webui.keyword.builtin.VerifyElementTextKeyword.verifyElementText(VerifyElementTextKeyword.groovy:72)
	at com.kms.katalon.core.webui.keyword.builtin.VerifyElementTextKeyword.execute(VerifyElementTextKeyword.groovy:40)
	at com.kms.katalon.core.keyword.internal.KeywordExecutor.executeKeywordForPlatform(KeywordExecutor.groovy:74)
	at com.kms.katalon.core.webui.keyword.WebUiBuiltInKeywords.verifyElementText(WebUiBuiltInKeywords.groovy:4749)
	at com.kms.katalon.core.webui.keyword.WebUiBuiltInKeywords$verifyElementText$15.call(Unknown Source)
	at VerifyServiceFeeVerbiage_UI_TC.run(VerifyServiceFeeVerbiage_UI_TC:54)
	at com.kms.katalon.core.main.ScriptEngine.run(ScriptEngine.java:194)
	at com.kms.katalon.core.main.ScriptEngine.runScriptAsRawText(ScriptEngine.java:119)
	at com.kms.katalon.core.main.TestCaseExecutor.runScript(TestCaseExecutor.java:442)
	at com.kms.katalon.core.main.TestCaseExecutor.doExecute(TestCaseExecutor.java:433)
	at com.kms.katalon.core.main.TestCaseExecutor.processExecutionPhase(TestCaseExecutor.java:412)
	at com.kms.katalon.core.main.TestCaseExecutor.accessMainPhase(TestCaseExecutor.java:404)
	at com.kms.katalon.core.main.TestCaseExecutor.execute(TestCaseExecutor.java:281)
	at com.kms.katalon.core.main.TestSuiteExecutor.accessTestCaseMainPhase(TestSuiteExecutor.java:202)
	at com.kms.katalon.core.main.TestSuiteExecutor.accessTestSuiteMainPhase(TestSuiteExecutor.java:164)
	at com.kms.katalon.core.main.TestSuiteExecutor.execute(TestSuiteExecutor.java:105)
	at com.kms.katalon.core.main.TestCaseMain.startTestSuite(TestCaseMain.java:185)
	at com.kms.katalon.core.main.TestCaseMain$startTestSuite$0.call(Unknown Source)
	at TempTestSuite1672858415003.run(TempTestSuite1672858415003.groovy:36)
Caused by: com.kms.katalon.core.exception.StepFailedException: Actual text 'This electronic government service includes a 2.45% service/convenience fee, with a $1.00 minimum, for payments processed through this application. This fee is assessed by Govolution, LLC and will post as a separate transaction. Accepted credit cards include Visa, Mastercard, and Discover.' and expected text 'This electronic government service includes a 2.45% service/convenience fee for payments processed through this application. This fee is assessed by Govolution LLC, Maryland's eGovernment service provider, a third party working under a contract administered by the Maryland Department of Information Technology (DoIT). The service fee is used to develop, maintain, and expand the online service offerings of the state and is non-refundable. Accepted credit cards include Visa, MasterCard, Discover and American Express.' of test object 'Object Repository/RAD_Pages/Landing_Page/div_ServiceFeesVerbiage' are NOT matched.
	... 23 more
"/>
         <system-out><![CDATA[2023-01-04 13:59:03 - [TEST_CASE][FAILED] - Test Cases/RAD_TestCases/UI_TestCases/VerifyServiceFeeVerbiage_UI_TC: Test Cases/RAD_TestCases/UI_TestCases/VerifyServiceFeeVerbiage_UI_TC FAILED.
Reason:
com.kms.katalon.core.exception.StepFailedException: Actual text 'This electronic government service includes a 2.45% service/convenience fee, with a $1.00 minimum, for payments processed through this application. This fee is assessed by Govolution, LLC and will post as a separate transaction. Accepted credit cards include Visa, Mastercard, and Discover.' and expected text 'This electronic government service includes a 2.45% service/convenience fee for payments processed through this application. This fee is assessed by Govolution LLC, Maryland's eGovernment service provider, a third party working under a contract administered by the Maryland Department of Information Technology (DoIT). The service fee is used to develop, maintain, and expand the online service offerings of the state and is non-refundable. Accepted credit cards include Visa, MasterCard, Discover and American Express.' of test object 'Object Repository/RAD_Pages/Landing_Page/div_ServiceFeesVerbiage' are NOT matched. (Root cause: com.kms.katalon.core.exception.StepFailedException: Actual text 'This electronic government service includes a 2.45% service/convenience fee, with a $1.00 minimum, for payments processed through this application. This fee is assessed by Govolution, LLC and will post as a separate transaction. Accepted credit cards include Visa, Mastercard, and Discover.' and expected text 'This electronic government service includes a 2.45% service/convenience fee for payments processed through this application. This fee is assessed by Govolution LLC, Maryland's eGovernment service provider, a third party working under a contract administered by the Maryland Department of Information Technology (DoIT). The service fee is used to develop, maintain, and expand the online service offerings of the state and is non-refundable. Accepted credit cards include Visa, MasterCard, Discover and American Express.' of test object 'Object Repository/RAD_Pages/Landing_Page/div_ServiceFeesVerbiage' are NOT matched.
	at com.kms.katalon.core.webui.keyword.internal.WebUIKeywordMain.stepFailed(WebUIKeywordMain.groovy:64)
	at com.kms.katalon.core.webui.keyword.builtin.VerifyElementTextKeyword$_verifyElementText_closure1.doCall(VerifyElementTextKeyword.groovy:57)
	at com.kms.katalon.core.webui.keyword.builtin.VerifyElementTextKeyword$_verifyElementText_closure1.call(VerifyElementTextKeyword.groovy)
	at com.kms.katalon.core.webui.keyword.internal.WebUIKeywordMain.runKeyword(WebUIKeywordMain.groovy:20)
	at com.kms.katalon.core.webui.keyword.builtin.VerifyElementTextKeyword.verifyElementText(VerifyElementTextKeyword.groovy:72)
	at com.kms.katalon.core.webui.keyword.builtin.VerifyElementTextKeyword.execute(VerifyElementTextKeyword.groovy:40)
	at com.kms.katalon.core.keyword.internal.KeywordExecutor.executeKeywordForPlatform(KeywordExecutor.groovy:74)
	at com.kms.katalon.core.webui.keyword.WebUiBuiltInKeywords.verifyElementText(WebUiBuiltInKeywords.groovy:4749)
	at com.kms.katalon.core.webui.keyword.WebUiBuiltInKeywords$verifyElementText$15.call(Unknown Source)
	at VerifyServiceFeeVerbiage_UI_TC.run(VerifyServiceFeeVerbiage_UI_TC:54)
	at com.kms.katalon.core.main.ScriptEngine.run(ScriptEngine.java:194)
	at com.kms.katalon.core.main.ScriptEngine.runScriptAsRawText(ScriptEngine.java:119)
	at com.kms.katalon.core.main.TestCaseExecutor.runScript(TestCaseExecutor.java:442)
	at com.kms.katalon.core.main.TestCaseExecutor.doExecute(TestCaseExecutor.java:433)
	at com.kms.katalon.core.main.TestCaseExecutor.processExecutionPhase(TestCaseExecutor.java:412)
	at com.kms.katalon.core.main.TestCaseExecutor.accessMainPhase(TestCaseExecutor.java:404)
	at com.kms.katalon.core.main.TestCaseExecutor.execute(TestCaseExecutor.java:281)
	at com.kms.katalon.core.main.TestSuiteExecutor.accessTestCaseMainPhase(TestSuiteExecutor.java:202)
	at com.kms.katalon.core.main.TestSuiteExecutor.accessTestSuiteMainPhase(TestSuiteExecutor.java:164)
	at com.kms.katalon.core.main.TestSuiteExecutor.execute(TestSuiteExecutor.java:105)
	at com.kms.katalon.core.main.TestCaseMain.startTestSuite(TestCaseMain.java:185)
	at com.kms.katalon.core.main.TestCaseMain$startTestSuite$0.call(Unknown Source)
	at TempTestSuite1672858415003.run(TempTestSuite1672858415003.groovy:36)
)
	at com.kms.katalon.core.keyword.internal.KeywordMain.stepFailed(KeywordMain.groovy:39)
	at com.kms.katalon.core.webui.keyword.internal.WebUIKeywordMain.stepFailed(WebUIKeywordMain.groovy:64)
	at com.kms.katalon.core.webui.keyword.builtin.VerifyElementTextKeyword$_verifyElementText_closure1.doCall(VerifyElementTextKeyword.groovy:57)
	at com.kms.katalon.core.webui.keyword.builtin.VerifyElementTextKeyword$_verifyElementText_closure1.call(VerifyElementTextKeyword.groovy)
	at com.kms.katalon.core.webui.keyword.internal.WebUIKeywordMain.runKeyword(WebUIKeywordMain.groovy:20)
	at com.kms.katalon.core.webui.keyword.builtin.VerifyElementTextKeyword.verifyElementText(VerifyElementTextKeyword.groovy:72)
	at com.kms.katalon.core.webui.keyword.builtin.VerifyElementTextKeyword.execute(VerifyElementTextKeyword.groovy:40)
	at com.kms.katalon.core.keyword.internal.KeywordExecutor.executeKeywordForPlatform(KeywordExecutor.groovy:74)
	at com.kms.katalon.core.webui.keyword.WebUiBuiltInKeywords.verifyElementText(WebUiBuiltInKeywords.groovy:4749)
	at com.kms.katalon.core.webui.keyword.WebUiBuiltInKeywords$verifyElementText$15.call(Unknown Source)
	at VerifyServiceFeeVerbiage_UI_TC.run(VerifyServiceFeeVerbiage_UI_TC:54)
	at com.kms.katalon.core.main.ScriptEngine.run(ScriptEngine.java:194)
	at com.kms.katalon.core.main.ScriptEngine.runScriptAsRawText(ScriptEngine.java:119)
	at com.kms.katalon.core.main.TestCaseExecutor.runScript(TestCaseExecutor.java:442)
	at com.kms.katalon.core.main.TestCaseExecutor.doExecute(TestCaseExecutor.java:433)
	at com.kms.katalon.core.main.TestCaseExecutor.processExecutionPhase(TestCaseExecutor.java:412)
	at com.kms.katalon.core.main.TestCaseExecutor.accessMainPhase(TestCaseExecutor.java:404)
	at com.kms.katalon.core.main.TestCaseExecutor.execute(TestCaseExecutor.java:281)
	at com.kms.katalon.core.main.TestSuiteExecutor.accessTestCaseMainPhase(TestSuiteExecutor.java:202)
	at com.kms.katalon.core.main.TestSuiteExecutor.accessTestSuiteMainPhase(TestSuiteExecutor.java:164)
	at com.kms.katalon.core.main.TestSuiteExecutor.execute(TestSuiteExecutor.java:105)
	at com.kms.katalon.core.main.TestCaseMain.startTestSuite(TestCaseMain.java:185)
	at com.kms.katalon.core.main.TestCaseMain$startTestSuite$0.call(Unknown Source)
	at TempTestSuite1672858415003.run(TempTestSuite1672858415003.groovy:36)
Caused by: com.kms.katalon.core.exception.StepFailedException: Actual text 'This electronic government service includes a 2.45% service/convenience fee, with a $1.00 minimum, for payments processed through this application. This fee is assessed by Govolution, LLC and will post as a separate transaction. Accepted credit cards include Visa, Mastercard, and Discover.' and expected text 'This electronic government service includes a 2.45% service/convenience fee for payments processed through this application. This fee is assessed by Govolution LLC, Maryland's eGovernment service provider, a third party working under a contract administered by the Maryland Department of Information Technology (DoIT). The service fee is used to develop, maintain, and expand the online service offerings of the state and is non-refundable. Accepted credit cards include Visa, MasterCard, Discover and American Express.' of test object 'Object Repository/RAD_Pages/Landing_Page/div_ServiceFeesVerbiage' are NOT matched.
	... 23 more


2023-01-04 13:59:04 - [TEST_STEP][PASSED] - taxTypeDropList = ["Estimated Tax", "Personal Income Tax", "Extension Payments", "Existing Liability", "Sales and Use", "Withholding Tax"]: null

2023-01-04 13:59:04 - [TEST_STEP][PASSED] - listSize = taxTypeDropList.size(): null

2023-01-04 13:59:04 - [TEST_STEP][PASSED] - println(listSize): null

2023-01-04 13:59:04 - [TEST_STEP][FAILED] - for ([i = 0, i < listSize, (i++)]): null

2023-01-04 13:59:04 - [TEST_STEP][PASSED] - openBrowser(""): Browser is opened with url: ''

2023-01-04 13:59:04 - [MESSAGE][WARNING] - A browser is already opened. Closing browser and opening a new one

2023-01-04 13:59:05 - [MESSAGE][INFO] - Starting 'Chrome' driver

2023-01-04 13:59:05 - [MESSAGE][INFO] - User set preference: ['acceptInsecureCerts', 'true']

2023-01-04 13:59:05 - [MESSAGE][INFO] - Action delay is set to 0 milliseconds

2023-01-04 13:59:06 - [MESSAGE][PASSED] - Browser is opened with url: ''

2023-01-04 13:59:06 - [TEST_STEP][PASSED] - maximizeWindow(): Current window maximized

2023-01-04 13:59:06 - [MESSAGE][PASSED] - Current window maximized

2023-01-04 13:59:06 - [TEST_STEP][PASSED] - navigateToUrl(RADurl): Navigate to 'https://qa.velocitypayment.com/client/rad/index.html' successfully

2023-01-04 13:59:08 - [MESSAGE][PASSED] - Navigate to 'https://qa.velocitypayment.com/client/rad/index.html' successfully

2023-01-04 13:59:08 - [TEST_STEP][PASSED] - orPath_Landing = "Object Repository/RAD_Pages/Landing_Page": null

2023-01-04 13:59:08 - [TEST_STEP][PASSED] - orPath = "Object Repository/RAD_Pages/Landing_Page": null

2023-01-04 13:59:08 - [TEST_STEP][PASSED] - orPath_Amount = "Object Repository/RAD_Pages/PaymentAmount_Page": null

2023-01-04 13:59:08 - [TEST_STEP][PASSED] - selectOptionByLabel(findTestObject(orPath_Landing + "/dd_TaxType"), taxTypeDropList[i], false): All options with label 'Estimated Tax' are selected in object 'Object Repository/RAD_Pages/Landing_Page/dd_TaxType' 

2023-01-04 13:59:08 - [MESSAGE][PASSED] - All options with label 'Estimated Tax' are selected in object 'Object Repository/RAD_Pages/Landing_Page/dd_TaxType' 

2023-01-04 13:59:08 - [TEST_STEP][PASSED] - delay(1): Delayed 1 second(s)

2023-01-04 13:59:09 - [MESSAGE][PASSED] - Delayed 1 second(s)

2023-01-04 13:59:09 - [TEST_STEP][PASSED] - setText(findTestObject(orPath_Amount + "/input__paymentAmount"), ""): Text '' is set on object 'Object Repository/RAD_Pages/PaymentAmount_Page/input__paymentAmount'

2023-01-04 13:59:10 - [MESSAGE][PASSED] - Text '' is set on object 'Object Repository/RAD_Pages/PaymentAmount_Page/input__paymentAmount'

2023-01-04 13:59:10 - [TEST_STEP][PASSED] - click(findTestObject(orPath_Landing + "/a_Click here for details")): Object: 'Object Repository/RAD_Pages/Landing_Page/a_Click here for details' is clicked on

2023-01-04 13:59:11 - [MESSAGE][PASSED] - Object: 'Object Repository/RAD_Pages/Landing_Page/a_Click here for details' is clicked on

2023-01-04 13:59:11 - [TEST_STEP][PASSED] - cfVerbiage = "This electronic government service includes a 2.45% service/convenience fee for payments processed through this application. This fee is assessed by Govolution LLC, Maryland's eGovernment service provider, a third party working under a contract administered by the Maryland Department of Information Technology (DoIT). The service fee is used to develop, maintain, and expand the online service offerings of the state and is non-refundable. Accepted credit cards include Visa, MasterCard, Discover and American Express.": null

2023-01-04 13:59:11 - [TEST_STEP][FAILED] - verifyElementText(findTestObject(orPath_Landing + "/div_ServiceFeesVerbiage"), cfVerbiage): Actual text 'This electronic government service includes a 2.45% service/convenience fee, with a $1.00 minimum, for payments processed through this application. This fee is assessed by Govolution, LLC and will post as a separate transaction. Accepted credit cards include Visa, Mastercard, and Discover.' and expected text 'This electronic government service includes a 2.45% service/convenience fee for payments processed through this application. This fee is assessed by Govolution LLC, Maryland's eGovernment service provider, a third party working under a contract administered by the Maryland Department of Information Technology (DoIT). The service fee is used to develop, maintain, and expand the online service offerings of the state and is non-refundable. Accepted credit cards include Visa, MasterCard, Discover and American Express.' of test object 'Object Repository/RAD_Pages/Landing_Page/div_ServiceFeesVerbiage' are NOT matched. (Root cause: com.kms.katalon.core.exception.StepFailedException: Actual text 'This electronic government service includes a 2.45% service/convenience fee, with a $1.00 minimum, for payments processed through this application. This fee is assessed by Govolution, LLC and will post as a separate transaction. Accepted credit cards include Visa, Mastercard, and Discover.' and expected text 'This electronic government service includes a 2.45% service/convenience fee for payments processed through this application. This fee is assessed by Govolution LLC, Maryland's eGovernment service provider, a third party working under a contract administered by the Maryland Department of Information Technology (DoIT). The service fee is used to develop, maintain, and expand the online service offerings of the state and is non-refundable. Accepted credit cards include Visa, MasterCard, Discover and American Express.' of test object 'Object Repository/RAD_Pages/Landing_Page/div_ServiceFeesVerbiage' are NOT matched.
	at com.kms.katalon.core.webui.keyword.internal.WebUIKeywordMain.stepFailed(WebUIKeywordMain.groovy:64)
	at com.kms.katalon.core.webui.keyword.builtin.VerifyElementTextKeyword$_verifyElementText_closure1.doCall(VerifyElementTextKeyword.groovy:57)
	at com.kms.katalon.core.webui.keyword.builtin.VerifyElementTextKeyword$_verifyElementText_closure1.call(VerifyElementTextKeyword.groovy)
	at com.kms.katalon.core.webui.keyword.internal.WebUIKeywordMain.runKeyword(WebUIKeywordMain.groovy:20)
	at com.kms.katalon.core.webui.keyword.builtin.VerifyElementTextKeyword.verifyElementText(VerifyElementTextKeyword.groovy:72)
	at com.kms.katalon.core.webui.keyword.builtin.VerifyElementTextKeyword.execute(VerifyElementTextKeyword.groovy:40)
	at com.kms.katalon.core.keyword.internal.KeywordExecutor.executeKeywordForPlatform(KeywordExecutor.groovy:74)
	at com.kms.katalon.core.webui.keyword.WebUiBuiltInKeywords.verifyElementText(WebUiBuiltInKeywords.groovy:4749)
	at com.kms.katalon.core.webui.keyword.WebUiBuiltInKeywords$verifyElementText$15.call(Unknown Source)
	at VerifyServiceFeeVerbiage_UI_TC.run(VerifyServiceFeeVerbiage_UI_TC:54)
	at com.kms.katalon.core.main.ScriptEngine.run(ScriptEngine.java:194)
	at com.kms.katalon.core.main.ScriptEngine.runScriptAsRawText(ScriptEngine.java:119)
	at com.kms.katalon.core.main.TestCaseExecutor.runScript(TestCaseExecutor.java:442)
	at com.kms.katalon.core.main.TestCaseExecutor.doExecute(TestCaseExecutor.java:433)
	at com.kms.katalon.core.main.TestCaseExecutor.processExecutionPhase(TestCaseExecutor.java:412)
	at com.kms.katalon.core.main.TestCaseExecutor.accessMainPhase(TestCaseExecutor.java:404)
	at com.kms.katalon.core.main.TestCaseExecutor.execute(TestCaseExecutor.java:281)
	at com.kms.katalon.core.main.TestSuiteExecutor.accessTestCaseMainPhase(TestSuiteExecutor.java:202)
	at com.kms.katalon.core.main.TestSuiteExecutor.accessTestSuiteMainPhase(TestSuiteExecutor.java:164)
	at com.kms.katalon.core.main.TestSuiteExecutor.execute(TestSuiteExecutor.java:105)
	at com.kms.katalon.core.main.TestCaseMain.startTestSuite(TestCaseMain.java:185)
	at com.kms.katalon.core.main.TestCaseMain$startTestSuite$0.call(Unknown Source)
	at TempTestSuite1672858415003.run(TempTestSuite1672858415003.groovy:36)
)

2023-01-04 13:59:42 - [MESSAGE][INFO] - Unable to find the element located by 'By.xpath: //*[(text() = concat("
	        This electronic government service includes a 2.45% service/convenience fee for payments processed through this application. This fee is assessed by Govolution LLC, Maryland" , "'" , "s eGovernment service provider, a third party working under a contract administered by the Maryland Department of Information Technology (DoIT). The service fee is used to develop, maintain, and expand the online service offerings of the state and is non-refundable. Accepted credit cards include Visa, MasterCard, Discover and American Express.
	      ") or . = concat("
	        This electronic government service includes a 2.45% service/convenience fee for payments processed through this application. This fee is assessed by Govolution LLC, Maryland" , "'" , "s eGovernment service provider, a third party working under a contract administered by the Maryland Department of Information Technology (DoIT). The service fee is used to develop, maintain, and expand the online service offerings of the state and is non-refundable. Accepted credit cards include Visa, MasterCard, Discover and American Express.
	      "))]'. Please recheck the objects properties to make sure the desired element is located. 

2023-01-04 13:59:42 - [MESSAGE][WARNING] - [SELF-HEALING] Failed to find element with id 'Object Repository/RAD_Pages/Landing_Page/div_ServiceFeesVerbiage'. Try using Self-healing.

2023-01-04 13:59:43 - [MESSAGE][INFO] - [SELF-HEALING] Screenshot: E:/Cloned-Project-Katalon/VPS-Katalon/Reports/Self-healing/Object Repository/RAD_Pages/Landing_Page/div_ServiceFeesVerbiage_XPATH.png

2023-01-04 13:59:43 - [MESSAGE][WARNING] - [SELF-HEALING] The current locator of test object 'Object Repository/RAD_Pages/Landing_Page/div_ServiceFeesVerbiage' was broken. Propose an alternative one: '//div[@id='serviceConvenience']/div/div/div[2]'.

2023-01-04 13:59:43 - [MESSAGE][FAILED] - Actual text 'This electronic government service includes a 2.45% service/convenience fee, with a $1.00 minimum, for payments processed through this application. This fee is assessed by Govolution, LLC and will post as a separate transaction. Accepted credit cards include Visa, Mastercard, and Discover.' and expected text 'This electronic government service includes a 2.45% service/convenience fee for payments processed through this application. This fee is assessed by Govolution LLC, Maryland's eGovernment service provider, a third party working under a contract administered by the Maryland Department of Information Technology (DoIT). The service fee is used to develop, maintain, and expand the online service offerings of the state and is non-refundable. Accepted credit cards include Visa, MasterCard, Discover and American Express.' of test object 'Object Repository/RAD_Pages/Landing_Page/div_ServiceFeesVerbiage' are NOT matched. (Root cause: com.kms.katalon.core.exception.StepFailedException: Actual text 'This electronic government service includes a 2.45% service/convenience fee, with a $1.00 minimum, for payments processed through this application. This fee is assessed by Govolution, LLC and will post as a separate transaction. Accepted credit cards include Visa, Mastercard, and Discover.' and expected text 'This electronic government service includes a 2.45% service/convenience fee for payments processed through this application. This fee is assessed by Govolution LLC, Maryland's eGovernment service provider, a third party working under a contract administered by the Maryland Department of Information Technology (DoIT). The service fee is used to develop, maintain, and expand the online service offerings of the state and is non-refundable. Accepted credit cards include Visa, MasterCard, Discover and American Express.' of test object 'Object Repository/RAD_Pages/Landing_Page/div_ServiceFeesVerbiage' are NOT matched.
	at com.kms.katalon.core.webui.keyword.internal.WebUIKeywordMain.stepFailed(WebUIKeywordMain.groovy:64)
	at com.kms.katalon.core.webui.keyword.builtin.VerifyElementTextKeyword$_verifyElementText_closure1.doCall(VerifyElementTextKeyword.groovy:57)
	at com.kms.katalon.core.webui.keyword.builtin.VerifyElementTextKeyword$_verifyElementText_closure1.call(VerifyElementTextKeyword.groovy)
	at com.kms.katalon.core.webui.keyword.internal.WebUIKeywordMain.runKeyword(WebUIKeywordMain.groovy:20)
	at com.kms.katalon.core.webui.keyword.builtin.VerifyElementTextKeyword.verifyElementText(VerifyElementTextKeyword.groovy:72)
	at com.kms.katalon.core.webui.keyword.builtin.VerifyElementTextKeyword.execute(VerifyElementTextKeyword.groovy:40)
	at com.kms.katalon.core.keyword.internal.KeywordExecutor.executeKeywordForPlatform(KeywordExecutor.groovy:74)
	at com.kms.katalon.core.webui.keyword.WebUiBuiltInKeywords.verifyElementText(WebUiBuiltInKeywords.groovy:4749)
	at com.kms.katalon.core.webui.keyword.WebUiBuiltInKeywords$verifyElementText$15.call(Unknown Source)
	at VerifyServiceFeeVerbiage_UI_TC.run(VerifyServiceFeeVerbiage_UI_TC:54)
	at com.kms.katalon.core.main.ScriptEngine.run(ScriptEngine.java:194)
	at com.kms.katalon.core.main.ScriptEngine.runScriptAsRawText(ScriptEngine.java:119)
	at com.kms.katalon.core.main.TestCaseExecutor.runScript(TestCaseExecutor.java:442)
	at com.kms.katalon.core.main.TestCaseExecutor.doExecute(TestCaseExecutor.java:433)
	at com.kms.katalon.core.main.TestCaseExecutor.processExecutionPhase(TestCaseExecutor.java:412)
	at com.kms.katalon.core.main.TestCaseExecutor.accessMainPhase(TestCaseExecutor.java:404)
	at com.kms.katalon.core.main.TestCaseExecutor.execute(TestCaseExecutor.java:281)
	at com.kms.katalon.core.main.TestSuiteExecutor.accessTestCaseMainPhase(TestSuiteExecutor.java:202)
	at com.kms.katalon.core.main.TestSuiteExecutor.accessTestSuiteMainPhase(TestSuiteExecutor.java:164)
	at com.kms.katalon.core.main.TestSuiteExecutor.execute(TestSuiteExecutor.java:105)
	at com.kms.katalon.core.main.TestCaseMain.startTestSuite(TestCaseMain.java:185)
	at com.kms.katalon.core.main.TestCaseMain$startTestSuite$0.call(Unknown Source)
	at TempTestSuite1672858415003.run(TempTestSuite1672858415003.groovy:36)
)
[[ATTACHMENT|E:\\Cloned-Project-Katalon\\VPS-Katalon\\Reports\\20230104_135334\\RAD_TestSuite\\RAD_UI_TestSuite\\20230104_135334\\1672858783255.png]]

2023-01-04 13:59:43 - [TEST_STEP][PASSED] - verifyElementPresent(findTestObject(orPath_Landing + "/button_Close"), 30): Object 'Object Repository/RAD_Pages/Landing_Page/button_Close' is present

2023-01-04 13:59:43 - [MESSAGE][PASSED] - Object 'Object Repository/RAD_Pages/Landing_Page/button_Close' is present

2023-01-04 13:59:43 - [TEST_STEP][PASSED] - click(findTestObject(orPath_Landing + "/button_Close")): Object: 'Object Repository/RAD_Pages/Landing_Page/button_Close' is clicked on

2023-01-04 13:59:44 - [MESSAGE][PASSED] - Object: 'Object Repository/RAD_Pages/Landing_Page/button_Close' is clicked on

2023-01-04 13:59:44 - [TEST_STEP][PASSED] - openBrowser(""): Browser is opened with url: ''

2023-01-04 13:59:44 - [MESSAGE][WARNING] - A browser is already opened. Closing browser and opening a new one

2023-01-04 13:59:45 - [MESSAGE][INFO] - Starting 'Chrome' driver

2023-01-04 13:59:45 - [MESSAGE][INFO] - User set preference: ['acceptInsecureCerts', 'true']

2023-01-04 13:59:45 - [MESSAGE][INFO] - Action delay is set to 0 milliseconds

2023-01-04 13:59:46 - [MESSAGE][PASSED] - Browser is opened with url: ''

2023-01-04 13:59:46 - [TEST_STEP][PASSED] - maximizeWindow(): Current window maximized

2023-01-04 13:59:46 - [MESSAGE][PASSED] - Current window maximized

2023-01-04 13:59:46 - [TEST_STEP][PASSED] - navigateToUrl(RADurl): Navigate to 'https://qa.velocitypayment.com/client/rad/index.html' successfully

2023-01-04 13:59:48 - [MESSAGE][PASSED] - Navigate to 'https://qa.velocitypayment.com/client/rad/index.html' successfully

2023-01-04 13:59:48 - [TEST_STEP][PASSED] - orPath_Landing = "Object Repository/RAD_Pages/Landing_Page": null

2023-01-04 13:59:48 - [TEST_STEP][PASSED] - orPath = "Object Repository/RAD_Pages/Landing_Page": null

2023-01-04 13:59:48 - [TEST_STEP][PASSED] - orPath_Amount = "Object Repository/RAD_Pages/PaymentAmount_Page": null

2023-01-04 13:59:48 - [TEST_STEP][PASSED] - selectOptionByLabel(findTestObject(orPath_Landing + "/dd_TaxType"), taxTypeDropList[i], false): All options with label 'Personal Income Tax' are selected in object 'Object Repository/RAD_Pages/Landing_Page/dd_TaxType' 

2023-01-04 13:59:49 - [MESSAGE][PASSED] - All options with label 'Personal Income Tax' are selected in object 'Object Repository/RAD_Pages/Landing_Page/dd_TaxType' 

2023-01-04 13:59:49 - [TEST_STEP][PASSED] - delay(1): Delayed 1 second(s)

2023-01-04 13:59:50 - [MESSAGE][PASSED] - Delayed 1 second(s)

2023-01-04 13:59:50 - [TEST_STEP][PASSED] - setText(findTestObject(orPath_Amount + "/input__paymentAmount"), ""): Text '' is set on object 'Object Repository/RAD_Pages/PaymentAmount_Page/input__paymentAmount'

2023-01-04 13:59:51 - [MESSAGE][PASSED] - Text '' is set on object 'Object Repository/RAD_Pages/PaymentAmount_Page/input__paymentAmount'

2023-01-04 13:59:51 - [TEST_STEP][PASSED] - click(findTestObject(orPath_Landing + "/a_Click here for details")): Object: 'Object Repository/RAD_Pages/Landing_Page/a_Click here for details' is clicked on

2023-01-04 13:59:51 - [MESSAGE][PASSED] - Object: 'Object Repository/RAD_Pages/Landing_Page/a_Click here for details' is clicked on

2023-01-04 13:59:51 - [TEST_STEP][PASSED] - cfVerbiage = "This electronic government service includes a 2.45% service/convenience fee for payments processed through this application. This fee is assessed by Govolution LLC, Maryland's eGovernment service provider, a third party working under a contract administered by the Maryland Department of Information Technology (DoIT). The service fee is used to develop, maintain, and expand the online service offerings of the state and is non-refundable. Accepted credit cards include Visa, MasterCard, Discover and American Express.": null

2023-01-04 13:59:51 - [TEST_STEP][FAILED] - verifyElementText(findTestObject(orPath_Landing + "/div_ServiceFeesVerbiage"), cfVerbiage): Actual text 'This electronic government service includes a 2.45% service/convenience fee, with a $1.00 minimum, for payments processed through this application. This fee is assessed by Govolution, LLC and will post as a separate transaction. Accepted credit cards include Visa, Mastercard, and Discover.' and expected text 'This electronic government service includes a 2.45% service/convenience fee for payments processed through this application. This fee is assessed by Govolution LLC, Maryland's eGovernment service provider, a third party working under a contract administered by the Maryland Department of Information Technology (DoIT). The service fee is used to develop, maintain, and expand the online service offerings of the state and is non-refundable. Accepted credit cards include Visa, MasterCard, Discover and American Express.' of test object 'Object Repository/RAD_Pages/Landing_Page/div_ServiceFeesVerbiage' are NOT matched. (Root cause: com.kms.katalon.core.exception.StepFailedException: Actual text 'This electronic government service includes a 2.45% service/convenience fee, with a $1.00 minimum, for payments processed through this application. This fee is assessed by Govolution, LLC and will post as a separate transaction. Accepted credit cards include Visa, Mastercard, and Discover.' and expected text 'This electronic government service includes a 2.45% service/convenience fee for payments processed through this application. This fee is assessed by Govolution LLC, Maryland's eGovernment service provider, a third party working under a contract administered by the Maryland Department of Information Technology (DoIT). The service fee is used to develop, maintain, and expand the online service offerings of the state and is non-refundable. Accepted credit cards include Visa, MasterCard, Discover and American Express.' of test object 'Object Repository/RAD_Pages/Landing_Page/div_ServiceFeesVerbiage' are NOT matched.
	at com.kms.katalon.core.webui.keyword.internal.WebUIKeywordMain.stepFailed(WebUIKeywordMain.groovy:64)
	at com.kms.katalon.core.webui.keyword.builtin.VerifyElementTextKeyword$_verifyElementText_closure1.doCall(VerifyElementTextKeyword.groovy:57)
	at com.kms.katalon.core.webui.keyword.builtin.VerifyElementTextKeyword$_verifyElementText_closure1.call(VerifyElementTextKeyword.groovy)
	at com.kms.katalon.core.webui.keyword.internal.WebUIKeywordMain.runKeyword(WebUIKeywordMain.groovy:20)
	at com.kms.katalon.core.webui.keyword.builtin.VerifyElementTextKeyword.verifyElementText(VerifyElementTextKeyword.groovy:72)
	at com.kms.katalon.core.webui.keyword.builtin.VerifyElementTextKeyword.execute(VerifyElementTextKeyword.groovy:40)
	at com.kms.katalon.core.keyword.internal.KeywordExecutor.executeKeywordForPlatform(KeywordExecutor.groovy:74)
	at com.kms.katalon.core.webui.keyword.WebUiBuiltInKeywords.verifyElementText(WebUiBuiltInKeywords.groovy:4749)
	at com.kms.katalon.core.webui.keyword.WebUiBuiltInKeywords$verifyElementText$15.call(Unknown Source)
	at VerifyServiceFeeVerbiage_UI_TC.run(VerifyServiceFeeVerbiage_UI_TC:54)
	at com.kms.katalon.core.main.ScriptEngine.run(ScriptEngine.java:194)
	at com.kms.katalon.core.main.ScriptEngine.runScriptAsRawText(ScriptEngine.java:119)
	at com.kms.katalon.core.main.TestCaseExecutor.runScript(TestCaseExecutor.java:442)
	at com.kms.katalon.core.main.TestCaseExecutor.doExecute(TestCaseExecutor.java:433)
	at com.kms.katalon.core.main.TestCaseExecutor.processExecutionPhase(TestCaseExecutor.java:412)
	at com.kms.katalon.core.main.TestCaseExecutor.accessMainPhase(TestCaseExecutor.java:404)
	at com.kms.katalon.core.main.TestCaseExecutor.execute(TestCaseExecutor.java:281)
	at com.kms.katalon.core.main.TestSuiteExecutor.accessTestCaseMainPhase(TestSuiteExecutor.java:202)
	at com.kms.katalon.core.main.TestSuiteExecutor.accessTestSuiteMainPhase(TestSuiteExecutor.java:164)
	at com.kms.katalon.core.main.TestSuiteExecutor.execute(TestSuiteExecutor.java:105)
	at com.kms.katalon.core.main.TestCaseMain.startTestSuite(TestCaseMain.java:185)
	at com.kms.katalon.core.main.TestCaseMain$startTestSuite$0.call(Unknown Source)
	at TempTestSuite1672858415003.run(TempTestSuite1672858415003.groovy:36)
)

2023-01-04 14:00:23 - [MESSAGE][INFO] - Unable to find the element located by 'By.xpath: //*[(text() = concat("
	        This electronic government service includes a 2.45% service/convenience fee for payments processed through this application. This fee is assessed by Govolution LLC, Maryland" , "'" , "s eGovernment service provider, a third party working under a contract administered by the Maryland Department of Information Technology (DoIT). The service fee is used to develop, maintain, and expand the online service offerings of the state and is non-refundable. Accepted credit cards include Visa, MasterCard, Discover and American Express.
	      ") or . = concat("
	        This electronic government service includes a 2.45% service/convenience fee for payments processed through this application. This fee is assessed by Govolution LLC, Maryland" , "'" , "s eGovernment service provider, a third party working under a contract administered by the Maryland Department of Information Technology (DoIT). The service fee is used to develop, maintain, and expand the online service offerings of the state and is non-refundable. Accepted credit cards include Visa, MasterCard, Discover and American Express.
	      "))]'. Please recheck the objects properties to make sure the desired element is located. 

2023-01-04 14:00:23 - [MESSAGE][WARNING] - [SELF-HEALING] Failed to find element with id 'Object Repository/RAD_Pages/Landing_Page/div_ServiceFeesVerbiage'. Try using Self-healing.

2023-01-04 14:00:23 - [MESSAGE][WARNING] - [SELF-HEALING] The current locator of test object 'Object Repository/RAD_Pages/Landing_Page/div_ServiceFeesVerbiage' was broken. Propose an alternative one: '//div[@id='serviceConvenience']/div/div/div[2]'.

2023-01-04 14:00:23 - [MESSAGE][FAILED] - Actual text 'This electronic government service includes a 2.45% service/convenience fee, with a $1.00 minimum, for payments processed through this application. This fee is assessed by Govolution, LLC and will post as a separate transaction. Accepted credit cards include Visa, Mastercard, and Discover.' and expected text 'This electronic government service includes a 2.45% service/convenience fee for payments processed through this application. This fee is assessed by Govolution LLC, Maryland's eGovernment service provider, a third party working under a contract administered by the Maryland Department of Information Technology (DoIT). The service fee is used to develop, maintain, and expand the online service offerings of the state and is non-refundable. Accepted credit cards include Visa, MasterCard, Discover and American Express.' of test object 'Object Repository/RAD_Pages/Landing_Page/div_ServiceFeesVerbiage' are NOT matched. (Root cause: com.kms.katalon.core.exception.StepFailedException: Actual text 'This electronic government service includes a 2.45% service/convenience fee, with a $1.00 minimum, for payments processed through this application. This fee is assessed by Govolution, LLC and will post as a separate transaction. Accepted credit cards include Visa, Mastercard, and Discover.' and expected text 'This electronic government service includes a 2.45% service/convenience fee for payments processed through this application. This fee is assessed by Govolution LLC, Maryland's eGovernment service provider, a third party working under a contract administered by the Maryland Department of Information Technology (DoIT). The service fee is used to develop, maintain, and expand the online service offerings of the state and is non-refundable. Accepted credit cards include Visa, MasterCard, Discover and American Express.' of test object 'Object Repository/RAD_Pages/Landing_Page/div_ServiceFeesVerbiage' are NOT matched.
	at com.kms.katalon.core.webui.keyword.internal.WebUIKeywordMain.stepFailed(WebUIKeywordMain.groovy:64)
	at com.kms.katalon.core.webui.keyword.builtin.VerifyElementTextKeyword$_verifyElementText_closure1.doCall(VerifyElementTextKeyword.groovy:57)
	at com.kms.katalon.core.webui.keyword.builtin.VerifyElementTextKeyword$_verifyElementText_closure1.call(VerifyElementTextKeyword.groovy)
	at com.kms.katalon.core.webui.keyword.internal.WebUIKeywordMain.runKeyword(WebUIKeywordMain.groovy:20)
	at com.kms.katalon.core.webui.keyword.builtin.VerifyElementTextKeyword.verifyElementText(VerifyElementTextKeyword.groovy:72)
	at com.kms.katalon.core.webui.keyword.builtin.VerifyElementTextKeyword.execute(VerifyElementTextKeyword.groovy:40)
	at com.kms.katalon.core.keyword.internal.KeywordExecutor.executeKeywordForPlatform(KeywordExecutor.groovy:74)
	at com.kms.katalon.core.webui.keyword.WebUiBuiltInKeywords.verifyElementText(WebUiBuiltInKeywords.groovy:4749)
	at com.kms.katalon.core.webui.keyword.WebUiBuiltInKeywords$verifyElementText$15.call(Unknown Source)
	at VerifyServiceFeeVerbiage_UI_TC.run(VerifyServiceFeeVerbiage_UI_TC:54)
	at com.kms.katalon.core.main.ScriptEngine.run(ScriptEngine.java:194)
	at com.kms.katalon.core.main.ScriptEngine.runScriptAsRawText(ScriptEngine.java:119)
	at com.kms.katalon.core.main.TestCaseExecutor.runScript(TestCaseExecutor.java:442)
	at com.kms.katalon.core.main.TestCaseExecutor.doExecute(TestCaseExecutor.java:433)
	at com.kms.katalon.core.main.TestCaseExecutor.processExecutionPhase(TestCaseExecutor.java:412)
	at com.kms.katalon.core.main.TestCaseExecutor.accessMainPhase(TestCaseExecutor.java:404)
	at com.kms.katalon.core.main.TestCaseExecutor.execute(TestCaseExecutor.java:281)
	at com.kms.katalon.core.main.TestSuiteExecutor.accessTestCaseMainPhase(TestSuiteExecutor.java:202)
	at com.kms.katalon.core.main.TestSuiteExecutor.accessTestSuiteMainPhase(TestSuiteExecutor.java:164)
	at com.kms.katalon.core.main.TestSuiteExecutor.execute(TestSuiteExecutor.java:105)
	at com.kms.katalon.core.main.TestCaseMain.startTestSuite(TestCaseMain.java:185)
	at com.kms.katalon.core.main.TestCaseMain$startTestSuite$0.call(Unknown Source)
	at TempTestSuite1672858415003.run(TempTestSuite1672858415003.groovy:36)
)
[[ATTACHMENT|E:\\Cloned-Project-Katalon\\VPS-Katalon\\Reports\\20230104_135334\\RAD_TestSuite\\RAD_UI_TestSuite\\20230104_135334\\1672858823411.png]]

2023-01-04 14:00:23 - [TEST_STEP][PASSED] - verifyElementPresent(findTestObject(orPath_Landing + "/button_Close"), 30): Object 'Object Repository/RAD_Pages/Landing_Page/button_Close' is present

2023-01-04 14:00:24 - [MESSAGE][PASSED] - Object 'Object Repository/RAD_Pages/Landing_Page/button_Close' is present

2023-01-04 14:00:24 - [TEST_STEP][PASSED] - click(findTestObject(orPath_Landing + "/button_Close")): Object: 'Object Repository/RAD_Pages/Landing_Page/button_Close' is clicked on

2023-01-04 14:00:24 - [MESSAGE][PASSED] - Object: 'Object Repository/RAD_Pages/Landing_Page/button_Close' is clicked on

2023-01-04 14:00:24 - [TEST_STEP][PASSED] - openBrowser(""): Browser is opened with url: ''

2023-01-04 14:00:24 - [MESSAGE][WARNING] - A browser is already opened. Closing browser and opening a new one

2023-01-04 14:00:25 - [MESSAGE][INFO] - Starting 'Chrome' driver

2023-01-04 14:00:25 - [MESSAGE][INFO] - User set preference: ['acceptInsecureCerts', 'true']

2023-01-04 14:00:25 - [MESSAGE][INFO] - Action delay is set to 0 milliseconds

2023-01-04 14:00:26 - [MESSAGE][PASSED] - Browser is opened with url: ''

2023-01-04 14:00:26 - [TEST_STEP][PASSED] - maximizeWindow(): Current window maximized

2023-01-04 14:00:26 - [MESSAGE][PASSED] - Current window maximized

2023-01-04 14:00:26 - [TEST_STEP][PASSED] - navigateToUrl(RADurl): Navigate to 'https://qa.velocitypayment.com/client/rad/index.html' successfully

2023-01-04 14:00:29 - [MESSAGE][PASSED] - Navigate to 'https://qa.velocitypayment.com/client/rad/index.html' successfully

2023-01-04 14:00:29 - [TEST_STEP][PASSED] - orPath_Landing = "Object Repository/RAD_Pages/Landing_Page": null

2023-01-04 14:00:29 - [TEST_STEP][PASSED] - orPath = "Object Repository/RAD_Pages/Landing_Page": null

2023-01-04 14:00:29 - [TEST_STEP][PASSED] - orPath_Amount = "Object Repository/RAD_Pages/PaymentAmount_Page": null

2023-01-04 14:00:29 - [TEST_STEP][PASSED] - selectOptionByLabel(findTestObject(orPath_Landing + "/dd_TaxType"), taxTypeDropList[i], false): All options with label 'Extension Payments' are selected in object 'Object Repository/RAD_Pages/Landing_Page/dd_TaxType' 

2023-01-04 14:00:29 - [MESSAGE][PASSED] - All options with label 'Extension Payments' are selected in object 'Object Repository/RAD_Pages/Landing_Page/dd_TaxType' 

2023-01-04 14:00:29 - [TEST_STEP][PASSED] - delay(1): Delayed 1 second(s)

2023-01-04 14:00:30 - [MESSAGE][PASSED] - Delayed 1 second(s)

2023-01-04 14:00:30 - [TEST_STEP][PASSED] - setText(findTestObject(orPath_Amount + "/input__paymentAmount"), ""): Text '' is set on object 'Object Repository/RAD_Pages/PaymentAmount_Page/input__paymentAmount'

2023-01-04 14:00:31 - [MESSAGE][PASSED] - Text '' is set on object 'Object Repository/RAD_Pages/PaymentAmount_Page/input__paymentAmount'

2023-01-04 14:00:31 - [TEST_STEP][PASSED] - click(findTestObject(orPath_Landing + "/a_Click here for details")): Object: 'Object Repository/RAD_Pages/Landing_Page/a_Click here for details' is clicked on

2023-01-04 14:00:32 - [MESSAGE][PASSED] - Object: 'Object Repository/RAD_Pages/Landing_Page/a_Click here for details' is clicked on

2023-01-04 14:00:32 - [TEST_STEP][PASSED] - cfVerbiage = "This electronic government service includes a 2.45% service/convenience fee for payments processed through this application. This fee is assessed by Govolution LLC, Maryland's eGovernment service provider, a third party working under a contract administered by the Maryland Department of Information Technology (DoIT). The service fee is used to develop, maintain, and expand the online service offerings of the state and is non-refundable. Accepted credit cards include Visa, MasterCard, Discover and American Express.": null

2023-01-04 14:00:32 - [TEST_STEP][FAILED] - verifyElementText(findTestObject(orPath_Landing + "/div_ServiceFeesVerbiage"), cfVerbiage): Actual text 'This electronic government service includes a 2.45% service/convenience fee, with a $1.00 minimum, for payments processed through this application. This fee is assessed by Govolution, LLC and will post as a separate transaction. Accepted credit cards include Visa, Mastercard, and Discover.' and expected text 'This electronic government service includes a 2.45% service/convenience fee for payments processed through this application. This fee is assessed by Govolution LLC, Maryland's eGovernment service provider, a third party working under a contract administered by the Maryland Department of Information Technology (DoIT). The service fee is used to develop, maintain, and expand the online service offerings of the state and is non-refundable. Accepted credit cards include Visa, MasterCard, Discover and American Express.' of test object 'Object Repository/RAD_Pages/Landing_Page/div_ServiceFeesVerbiage' are NOT matched. (Root cause: com.kms.katalon.core.exception.StepFailedException: Actual text 'This electronic government service includes a 2.45% service/convenience fee, with a $1.00 minimum, for payments processed through this application. This fee is assessed by Govolution, LLC and will post as a separate transaction. Accepted credit cards include Visa, Mastercard, and Discover.' and expected text 'This electronic government service includes a 2.45% service/convenience fee for payments processed through this application. This fee is assessed by Govolution LLC, Maryland's eGovernment service provider, a third party working under a contract administered by the Maryland Department of Information Technology (DoIT). The service fee is used to develop, maintain, and expand the online service offerings of the state and is non-refundable. Accepted credit cards include Visa, MasterCard, Discover and American Express.' of test object 'Object Repository/RAD_Pages/Landing_Page/div_ServiceFeesVerbiage' are NOT matched.
	at com.kms.katalon.core.webui.keyword.internal.WebUIKeywordMain.stepFailed(WebUIKeywordMain.groovy:64)
	at com.kms.katalon.core.webui.keyword.builtin.VerifyElementTextKeyword$_verifyElementText_closure1.doCall(VerifyElementTextKeyword.groovy:57)
	at com.kms.katalon.core.webui.keyword.builtin.VerifyElementTextKeyword$_verifyElementText_closure1.call(VerifyElementTextKeyword.groovy)
	at com.kms.katalon.core.webui.keyword.internal.WebUIKeywordMain.runKeyword(WebUIKeywordMain.groovy:20)
	at com.kms.katalon.core.webui.keyword.builtin.VerifyElementTextKeyword.verifyElementText(VerifyElementTextKeyword.groovy:72)
	at com.kms.katalon.core.webui.keyword.builtin.VerifyElementTextKeyword.execute(VerifyElementTextKeyword.groovy:40)
	at com.kms.katalon.core.keyword.internal.KeywordExecutor.executeKeywordForPlatform(KeywordExecutor.groovy:74)
	at com.kms.katalon.core.webui.keyword.WebUiBuiltInKeywords.verifyElementText(WebUiBuiltInKeywords.groovy:4749)
	at com.kms.katalon.core.webui.keyword.WebUiBuiltInKeywords$verifyElementText$15.call(Unknown Source)
	at VerifyServiceFeeVerbiage_UI_TC.run(VerifyServiceFeeVerbiage_UI_TC:54)
	at com.kms.katalon.core.main.ScriptEngine.run(ScriptEngine.java:194)
	at com.kms.katalon.core.main.ScriptEngine.runScriptAsRawText(ScriptEngine.java:119)
	at com.kms.katalon.core.main.TestCaseExecutor.runScript(TestCaseExecutor.java:442)
	at com.kms.katalon.core.main.TestCaseExecutor.doExecute(TestCaseExecutor.java:433)
	at com.kms.katalon.core.main.TestCaseExecutor.processExecutionPhase(TestCaseExecutor.java:412)
	at com.kms.katalon.core.main.TestCaseExecutor.accessMainPhase(TestCaseExecutor.java:404)
	at com.kms.katalon.core.main.TestCaseExecutor.execute(TestCaseExecutor.java:281)
	at com.kms.katalon.core.main.TestSuiteExecutor.accessTestCaseMainPhase(TestSuiteExecutor.java:202)
	at com.kms.katalon.core.main.TestSuiteExecutor.accessTestSuiteMainPhase(TestSuiteExecutor.java:164)
	at com.kms.katalon.core.main.TestSuiteExecutor.execute(TestSuiteExecutor.java:105)
	at com.kms.katalon.core.main.TestCaseMain.startTestSuite(TestCaseMain.java:185)
	at com.kms.katalon.core.main.TestCaseMain$startTestSuite$0.call(Unknown Source)
	at TempTestSuite1672858415003.run(TempTestSuite1672858415003.groovy:36)
)

2023-01-04 14:01:03 - [MESSAGE][INFO] - Unable to find the element located by 'By.xpath: //*[(text() = concat("
	        This electronic government service includes a 2.45% service/convenience fee for payments processed through this application. This fee is assessed by Govolution LLC, Maryland" , "'" , "s eGovernment service provider, a third party working under a contract administered by the Maryland Department of Information Technology (DoIT). The service fee is used to develop, maintain, and expand the online service offerings of the state and is non-refundable. Accepted credit cards include Visa, MasterCard, Discover and American Express.
	      ") or . = concat("
	        This electronic government service includes a 2.45% service/convenience fee for payments processed through this application. This fee is assessed by Govolution LLC, Maryland" , "'" , "s eGovernment service provider, a third party working under a contract administered by the Maryland Department of Information Technology (DoIT). The service fee is used to develop, maintain, and expand the online service offerings of the state and is non-refundable. Accepted credit cards include Visa, MasterCard, Discover and American Express.
	      "))]'. Please recheck the objects properties to make sure the desired element is located. 

2023-01-04 14:01:03 - [MESSAGE][WARNING] - [SELF-HEALING] Failed to find element with id 'Object Repository/RAD_Pages/Landing_Page/div_ServiceFeesVerbiage'. Try using Self-healing.

2023-01-04 14:01:03 - [MESSAGE][WARNING] - [SELF-HEALING] The current locator of test object 'Object Repository/RAD_Pages/Landing_Page/div_ServiceFeesVerbiage' was broken. Propose an alternative one: '//div[@id='serviceConvenience']/div/div/div[2]'.

2023-01-04 14:01:04 - [MESSAGE][FAILED] - Actual text 'This electronic government service includes a 2.45% service/convenience fee, with a $1.00 minimum, for payments processed through this application. This fee is assessed by Govolution, LLC and will post as a separate transaction. Accepted credit cards include Visa, Mastercard, and Discover.' and expected text 'This electronic government service includes a 2.45% service/convenience fee for payments processed through this application. This fee is assessed by Govolution LLC, Maryland's eGovernment service provider, a third party working under a contract administered by the Maryland Department of Information Technology (DoIT). The service fee is used to develop, maintain, and expand the online service offerings of the state and is non-refundable. Accepted credit cards include Visa, MasterCard, Discover and American Express.' of test object 'Object Repository/RAD_Pages/Landing_Page/div_ServiceFeesVerbiage' are NOT matched. (Root cause: com.kms.katalon.core.exception.StepFailedException: Actual text 'This electronic government service includes a 2.45% service/convenience fee, with a $1.00 minimum, for payments processed through this application. This fee is assessed by Govolution, LLC and will post as a separate transaction. Accepted credit cards include Visa, Mastercard, and Discover.' and expected text 'This electronic government service includes a 2.45% service/convenience fee for payments processed through this application. This fee is assessed by Govolution LLC, Maryland's eGovernment service provider, a third party working under a contract administered by the Maryland Department of Information Technology (DoIT). The service fee is used to develop, maintain, and expand the online service offerings of the state and is non-refundable. Accepted credit cards include Visa, MasterCard, Discover and American Express.' of test object 'Object Repository/RAD_Pages/Landing_Page/div_ServiceFeesVerbiage' are NOT matched.
	at com.kms.katalon.core.webui.keyword.internal.WebUIKeywordMain.stepFailed(WebUIKeywordMain.groovy:64)
	at com.kms.katalon.core.webui.keyword.builtin.VerifyElementTextKeyword$_verifyElementText_closure1.doCall(VerifyElementTextKeyword.groovy:57)
	at com.kms.katalon.core.webui.keyword.builtin.VerifyElementTextKeyword$_verifyElementText_closure1.call(VerifyElementTextKeyword.groovy)
	at com.kms.katalon.core.webui.keyword.internal.WebUIKeywordMain.runKeyword(WebUIKeywordMain.groovy:20)
	at com.kms.katalon.core.webui.keyword.builtin.VerifyElementTextKeyword.verifyElementText(VerifyElementTextKeyword.groovy:72)
	at com.kms.katalon.core.webui.keyword.builtin.VerifyElementTextKeyword.execute(VerifyElementTextKeyword.groovy:40)
	at com.kms.katalon.core.keyword.internal.KeywordExecutor.executeKeywordForPlatform(KeywordExecutor.groovy:74)
	at com.kms.katalon.core.webui.keyword.WebUiBuiltInKeywords.verifyElementText(WebUiBuiltInKeywords.groovy:4749)
	at com.kms.katalon.core.webui.keyword.WebUiBuiltInKeywords$verifyElementText$15.call(Unknown Source)
	at VerifyServiceFeeVerbiage_UI_TC.run(VerifyServiceFeeVerbiage_UI_TC:54)
	at com.kms.katalon.core.main.ScriptEngine.run(ScriptEngine.java:194)
	at com.kms.katalon.core.main.ScriptEngine.runScriptAsRawText(ScriptEngine.java:119)
	at com.kms.katalon.core.main.TestCaseExecutor.runScript(TestCaseExecutor.java:442)
	at com.kms.katalon.core.main.TestCaseExecutor.doExecute(TestCaseExecutor.java:433)
	at com.kms.katalon.core.main.TestCaseExecutor.processExecutionPhase(TestCaseExecutor.java:412)
	at com.kms.katalon.core.main.TestCaseExecutor.accessMainPhase(TestCaseExecutor.java:404)
	at com.kms.katalon.core.main.TestCaseExecutor.execute(TestCaseExecutor.java:281)
	at com.kms.katalon.core.main.TestSuiteExecutor.accessTestCaseMainPhase(TestSuiteExecutor.java:202)
	at com.kms.katalon.core.main.TestSuiteExecutor.accessTestSuiteMainPhase(TestSuiteExecutor.java:164)
	at com.kms.katalon.core.main.TestSuiteExecutor.execute(TestSuiteExecutor.java:105)
	at com.kms.katalon.core.main.TestCaseMain.startTestSuite(TestCaseMain.java:185)
	at com.kms.katalon.core.main.TestCaseMain$startTestSuite$0.call(Unknown Source)
	at TempTestSuite1672858415003.run(TempTestSuite1672858415003.groovy:36)
)
[[ATTACHMENT|E:\\Cloned-Project-Katalon\\VPS-Katalon\\Reports\\20230104_135334\\RAD_TestSuite\\RAD_UI_TestSuite\\20230104_135334\\1672858863773.png]]

2023-01-04 14:01:04 - [TEST_STEP][PASSED] - verifyElementPresent(findTestObject(orPath_Landing + "/button_Close"), 30): Object 'Object Repository/RAD_Pages/Landing_Page/button_Close' is present

2023-01-04 14:01:04 - [MESSAGE][PASSED] - Object 'Object Repository/RAD_Pages/Landing_Page/button_Close' is present

2023-01-04 14:01:04 - [TEST_STEP][PASSED] - click(findTestObject(orPath_Landing + "/button_Close")): Object: 'Object Repository/RAD_Pages/Landing_Page/button_Close' is clicked on

2023-01-04 14:01:04 - [MESSAGE][PASSED] - Object: 'Object Repository/RAD_Pages/Landing_Page/button_Close' is clicked on

2023-01-04 14:01:04 - [TEST_STEP][PASSED] - openBrowser(""): Browser is opened with url: ''

2023-01-04 14:01:04 - [MESSAGE][WARNING] - A browser is already opened. Closing browser and opening a new one

2023-01-04 14:01:05 - [MESSAGE][INFO] - Starting 'Chrome' driver

2023-01-04 14:01:05 - [MESSAGE][INFO] - User set preference: ['acceptInsecureCerts', 'true']

2023-01-04 14:01:05 - [MESSAGE][INFO] - Action delay is set to 0 milliseconds

2023-01-04 14:01:07 - [MESSAGE][PASSED] - Browser is opened with url: ''

2023-01-04 14:01:07 - [TEST_STEP][PASSED] - maximizeWindow(): Current window maximized

2023-01-04 14:01:07 - [MESSAGE][PASSED] - Current window maximized

2023-01-04 14:01:07 - [TEST_STEP][PASSED] - navigateToUrl(RADurl): Navigate to 'https://qa.velocitypayment.com/client/rad/index.html' successfully

2023-01-04 14:01:09 - [MESSAGE][PASSED] - Navigate to 'https://qa.velocitypayment.com/client/rad/index.html' successfully

2023-01-04 14:01:09 - [TEST_STEP][PASSED] - orPath_Landing = "Object Repository/RAD_Pages/Landing_Page": null

2023-01-04 14:01:09 - [TEST_STEP][PASSED] - orPath = "Object Repository/RAD_Pages/Landing_Page": null

2023-01-04 14:01:09 - [TEST_STEP][PASSED] - orPath_Amount = "Object Repository/RAD_Pages/PaymentAmount_Page": null

2023-01-04 14:01:09 - [TEST_STEP][PASSED] - selectOptionByLabel(findTestObject(orPath_Landing + "/dd_TaxType"), taxTypeDropList[i], false): All options with label 'Existing Liability' are selected in object 'Object Repository/RAD_Pages/Landing_Page/dd_TaxType' 

2023-01-04 14:01:10 - [MESSAGE][PASSED] - All options with label 'Existing Liability' are selected in object 'Object Repository/RAD_Pages/Landing_Page/dd_TaxType' 

2023-01-04 14:01:10 - [TEST_STEP][PASSED] - delay(1): Delayed 1 second(s)

2023-01-04 14:01:11 - [MESSAGE][PASSED] - Delayed 1 second(s)

2023-01-04 14:01:11 - [TEST_STEP][PASSED] - setText(findTestObject(orPath_Amount + "/input__paymentAmount"), ""): Text '' is set on object 'Object Repository/RAD_Pages/PaymentAmount_Page/input__paymentAmount'

2023-01-04 14:01:12 - [MESSAGE][PASSED] - Text '' is set on object 'Object Repository/RAD_Pages/PaymentAmount_Page/input__paymentAmount'

2023-01-04 14:01:12 - [TEST_STEP][PASSED] - click(findTestObject(orPath_Landing + "/a_Click here for details")): Object: 'Object Repository/RAD_Pages/Landing_Page/a_Click here for details' is clicked on

2023-01-04 14:01:12 - [MESSAGE][PASSED] - Object: 'Object Repository/RAD_Pages/Landing_Page/a_Click here for details' is clicked on

2023-01-04 14:01:12 - [TEST_STEP][PASSED] - cfVerbiage = "This electronic government service includes a 2.45% service/convenience fee for payments processed through this application. This fee is assessed by Govolution LLC, Maryland's eGovernment service provider, a third party working under a contract administered by the Maryland Department of Information Technology (DoIT). The service fee is used to develop, maintain, and expand the online service offerings of the state and is non-refundable. Accepted credit cards include Visa, MasterCard, Discover and American Express.": null

2023-01-04 14:01:12 - [TEST_STEP][FAILED] - verifyElementText(findTestObject(orPath_Landing + "/div_ServiceFeesVerbiage"), cfVerbiage): Actual text 'This electronic government service includes a 2.45% service/convenience fee, with a $1.00 minimum, for payments processed through this application. This fee is assessed by Govolution, LLC and will post as a separate transaction. Accepted credit cards include Visa, Mastercard, and Discover.' and expected text 'This electronic government service includes a 2.45% service/convenience fee for payments processed through this application. This fee is assessed by Govolution LLC, Maryland's eGovernment service provider, a third party working under a contract administered by the Maryland Department of Information Technology (DoIT). The service fee is used to develop, maintain, and expand the online service offerings of the state and is non-refundable. Accepted credit cards include Visa, MasterCard, Discover and American Express.' of test object 'Object Repository/RAD_Pages/Landing_Page/div_ServiceFeesVerbiage' are NOT matched. (Root cause: com.kms.katalon.core.exception.StepFailedException: Actual text 'This electronic government service includes a 2.45% service/convenience fee, with a $1.00 minimum, for payments processed through this application. This fee is assessed by Govolution, LLC and will post as a separate transaction. Accepted credit cards include Visa, Mastercard, and Discover.' and expected text 'This electronic government service includes a 2.45% service/convenience fee for payments processed through this application. This fee is assessed by Govolution LLC, Maryland's eGovernment service provider, a third party working under a contract administered by the Maryland Department of Information Technology (DoIT). The service fee is used to develop, maintain, and expand the online service offerings of the state and is non-refundable. Accepted credit cards include Visa, MasterCard, Discover and American Express.' of test object 'Object Repository/RAD_Pages/Landing_Page/div_ServiceFeesVerbiage' are NOT matched.
	at com.kms.katalon.core.webui.keyword.internal.WebUIKeywordMain.stepFailed(WebUIKeywordMain.groovy:64)
	at com.kms.katalon.core.webui.keyword.builtin.VerifyElementTextKeyword$_verifyElementText_closure1.doCall(VerifyElementTextKeyword.groovy:57)
	at com.kms.katalon.core.webui.keyword.builtin.VerifyElementTextKeyword$_verifyElementText_closure1.call(VerifyElementTextKeyword.groovy)
	at com.kms.katalon.core.webui.keyword.internal.WebUIKeywordMain.runKeyword(WebUIKeywordMain.groovy:20)
	at com.kms.katalon.core.webui.keyword.builtin.VerifyElementTextKeyword.verifyElementText(VerifyElementTextKeyword.groovy:72)
	at com.kms.katalon.core.webui.keyword.builtin.VerifyElementTextKeyword.execute(VerifyElementTextKeyword.groovy:40)
	at com.kms.katalon.core.keyword.internal.KeywordExecutor.executeKeywordForPlatform(KeywordExecutor.groovy:74)
	at com.kms.katalon.core.webui.keyword.WebUiBuiltInKeywords.verifyElementText(WebUiBuiltInKeywords.groovy:4749)
	at com.kms.katalon.core.webui.keyword.WebUiBuiltInKeywords$verifyElementText$15.call(Unknown Source)
	at VerifyServiceFeeVerbiage_UI_TC.run(VerifyServiceFeeVerbiage_UI_TC:54)
	at com.kms.katalon.core.main.ScriptEngine.run(ScriptEngine.java:194)
	at com.kms.katalon.core.main.ScriptEngine.runScriptAsRawText(ScriptEngine.java:119)
	at com.kms.katalon.core.main.TestCaseExecutor.runScript(TestCaseExecutor.java:442)
	at com.kms.katalon.core.main.TestCaseExecutor.doExecute(TestCaseExecutor.java:433)
	at com.kms.katalon.core.main.TestCaseExecutor.processExecutionPhase(TestCaseExecutor.java:412)
	at com.kms.katalon.core.main.TestCaseExecutor.accessMainPhase(TestCaseExecutor.java:404)
	at com.kms.katalon.core.main.TestCaseExecutor.execute(TestCaseExecutor.java:281)
	at com.kms.katalon.core.main.TestSuiteExecutor.accessTestCaseMainPhase(TestSuiteExecutor.java:202)
	at com.kms.katalon.core.main.TestSuiteExecutor.accessTestSuiteMainPhase(TestSuiteExecutor.java:164)
	at com.kms.katalon.core.main.TestSuiteExecutor.execute(TestSuiteExecutor.java:105)
	at com.kms.katalon.core.main.TestCaseMain.startTestSuite(TestCaseMain.java:185)
	at com.kms.katalon.core.main.TestCaseMain$startTestSuite$0.call(Unknown Source)
	at TempTestSuite1672858415003.run(TempTestSuite1672858415003.groovy:36)
)

2023-01-04 14:01:44 - [MESSAGE][INFO] - Unable to find the element located by 'By.xpath: //*[(text() = concat("
	        This electronic government service includes a 2.45% service/convenience fee for payments processed through this application. This fee is assessed by Govolution LLC, Maryland" , "'" , "s eGovernment service provider, a third party working under a contract administered by the Maryland Department of Information Technology (DoIT). The service fee is used to develop, maintain, and expand the online service offerings of the state and is non-refundable. Accepted credit cards include Visa, MasterCard, Discover and American Express.
	      ") or . = concat("
	        This electronic government service includes a 2.45% service/convenience fee for payments processed through this application. This fee is assessed by Govolution LLC, Maryland" , "'" , "s eGovernment service provider, a third party working under a contract administered by the Maryland Department of Information Technology (DoIT). The service fee is used to develop, maintain, and expand the online service offerings of the state and is non-refundable. Accepted credit cards include Visa, MasterCard, Discover and American Express.
	      "))]'. Please recheck the objects properties to make sure the desired element is located. 

2023-01-04 14:01:44 - [MESSAGE][WARNING] - [SELF-HEALING] Failed to find element with id 'Object Repository/RAD_Pages/Landing_Page/div_ServiceFeesVerbiage'. Try using Self-healing.

2023-01-04 14:01:44 - [MESSAGE][WARNING] - [SELF-HEALING] The current locator of test object 'Object Repository/RAD_Pages/Landing_Page/div_ServiceFeesVerbiage' was broken. Propose an alternative one: '//div[@id='serviceConvenience']/div/div/div[2]'.

2023-01-04 14:01:44 - [MESSAGE][FAILED] - Actual text 'This electronic government service includes a 2.45% service/convenience fee, with a $1.00 minimum, for payments processed through this application. This fee is assessed by Govolution, LLC and will post as a separate transaction. Accepted credit cards include Visa, Mastercard, and Discover.' and expected text 'This electronic government service includes a 2.45% service/convenience fee for payments processed through this application. This fee is assessed by Govolution LLC, Maryland's eGovernment service provider, a third party working under a contract administered by the Maryland Department of Information Technology (DoIT). The service fee is used to develop, maintain, and expand the online service offerings of the state and is non-refundable. Accepted credit cards include Visa, MasterCard, Discover and American Express.' of test object 'Object Repository/RAD_Pages/Landing_Page/div_ServiceFeesVerbiage' are NOT matched. (Root cause: com.kms.katalon.core.exception.StepFailedException: Actual text 'This electronic government service includes a 2.45% service/convenience fee, with a $1.00 minimum, for payments processed through this application. This fee is assessed by Govolution, LLC and will post as a separate transaction. Accepted credit cards include Visa, Mastercard, and Discover.' and expected text 'This electronic government service includes a 2.45% service/convenience fee for payments processed through this application. This fee is assessed by Govolution LLC, Maryland's eGovernment service provider, a third party working under a contract administered by the Maryland Department of Information Technology (DoIT). The service fee is used to develop, maintain, and expand the online service offerings of the state and is non-refundable. Accepted credit cards include Visa, MasterCard, Discover and American Express.' of test object 'Object Repository/RAD_Pages/Landing_Page/div_ServiceFeesVerbiage' are NOT matched.
	at com.kms.katalon.core.webui.keyword.internal.WebUIKeywordMain.stepFailed(WebUIKeywordMain.groovy:64)
	at com.kms.katalon.core.webui.keyword.builtin.VerifyElementTextKeyword$_verifyElementText_closure1.doCall(VerifyElementTextKeyword.groovy:57)
	at com.kms.katalon.core.webui.keyword.builtin.VerifyElementTextKeyword$_verifyElementText_closure1.call(VerifyElementTextKeyword.groovy)
	at com.kms.katalon.core.webui.keyword.internal.WebUIKeywordMain.runKeyword(WebUIKeywordMain.groovy:20)
	at com.kms.katalon.core.webui.keyword.builtin.VerifyElementTextKeyword.verifyElementText(VerifyElementTextKeyword.groovy:72)
	at com.kms.katalon.core.webui.keyword.builtin.VerifyElementTextKeyword.execute(VerifyElementTextKeyword.groovy:40)
	at com.kms.katalon.core.keyword.internal.KeywordExecutor.executeKeywordForPlatform(KeywordExecutor.groovy:74)
	at com.kms.katalon.core.webui.keyword.WebUiBuiltInKeywords.verifyElementText(WebUiBuiltInKeywords.groovy:4749)
	at com.kms.katalon.core.webui.keyword.WebUiBuiltInKeywords$verifyElementText$15.call(Unknown Source)
	at VerifyServiceFeeVerbiage_UI_TC.run(VerifyServiceFeeVerbiage_UI_TC:54)
	at com.kms.katalon.core.main.ScriptEngine.run(ScriptEngine.java:194)
	at com.kms.katalon.core.main.ScriptEngine.runScriptAsRawText(ScriptEngine.java:119)
	at com.kms.katalon.core.main.TestCaseExecutor.runScript(TestCaseExecutor.java:442)
	at com.kms.katalon.core.main.TestCaseExecutor.doExecute(TestCaseExecutor.java:433)
	at com.kms.katalon.core.main.TestCaseExecutor.processExecutionPhase(TestCaseExecutor.java:412)
	at com.kms.katalon.core.main.TestCaseExecutor.accessMainPhase(TestCaseExecutor.java:404)
	at com.kms.katalon.core.main.TestCaseExecutor.execute(TestCaseExecutor.java:281)
	at com.kms.katalon.core.main.TestSuiteExecutor.accessTestCaseMainPhase(TestSuiteExecutor.java:202)
	at com.kms.katalon.core.main.TestSuiteExecutor.accessTestSuiteMainPhase(TestSuiteExecutor.java:164)
	at com.kms.katalon.core.main.TestSuiteExecutor.execute(TestSuiteExecutor.java:105)
	at com.kms.katalon.core.main.TestCaseMain.startTestSuite(TestCaseMain.java:185)
	at com.kms.katalon.core.main.TestCaseMain$startTestSuite$0.call(Unknown Source)
	at TempTestSuite1672858415003.run(TempTestSuite1672858415003.groovy:36)
)
[[ATTACHMENT|E:\\Cloned-Project-Katalon\\VPS-Katalon\\Reports\\20230104_135334\\RAD_TestSuite\\RAD_UI_TestSuite\\20230104_135334\\1672858904470.png]]

2023-01-04 14:01:44 - [TEST_STEP][PASSED] - verifyElementPresent(findTestObject(orPath_Landing + "/button_Close"), 30): Object 'Object Repository/RAD_Pages/Landing_Page/button_Close' is present

2023-01-04 14:01:45 - [MESSAGE][PASSED] - Object 'Object Repository/RAD_Pages/Landing_Page/button_Close' is present

2023-01-04 14:01:45 - [TEST_STEP][PASSED] - click(findTestObject(orPath_Landing + "/button_Close")): Object: 'Object Repository/RAD_Pages/Landing_Page/button_Close' is clicked on

2023-01-04 14:01:45 - [MESSAGE][PASSED] - Object: 'Object Repository/RAD_Pages/Landing_Page/button_Close' is clicked on

2023-01-04 14:01:45 - [TEST_STEP][PASSED] - openBrowser(""): Browser is opened with url: ''

2023-01-04 14:01:45 - [MESSAGE][WARNING] - A browser is already opened. Closing browser and opening a new one

2023-01-04 14:01:46 - [MESSAGE][INFO] - Starting 'Chrome' driver

2023-01-04 14:01:46 - [MESSAGE][INFO] - User set preference: ['acceptInsecureCerts', 'true']

2023-01-04 14:01:46 - [MESSAGE][INFO] - Action delay is set to 0 milliseconds

2023-01-04 14:01:47 - [MESSAGE][PASSED] - Browser is opened with url: ''

2023-01-04 14:01:47 - [TEST_STEP][PASSED] - maximizeWindow(): Current window maximized

2023-01-04 14:01:48 - [MESSAGE][PASSED] - Current window maximized

2023-01-04 14:01:48 - [TEST_STEP][PASSED] - navigateToUrl(RADurl): Navigate to 'https://qa.velocitypayment.com/client/rad/index.html' successfully

2023-01-04 14:01:50 - [MESSAGE][PASSED] - Navigate to 'https://qa.velocitypayment.com/client/rad/index.html' successfully

2023-01-04 14:01:50 - [TEST_STEP][PASSED] - orPath_Landing = "Object Repository/RAD_Pages/Landing_Page": null

2023-01-04 14:01:50 - [TEST_STEP][PASSED] - orPath = "Object Repository/RAD_Pages/Landing_Page": null

2023-01-04 14:01:50 - [TEST_STEP][PASSED] - orPath_Amount = "Object Repository/RAD_Pages/PaymentAmount_Page": null

2023-01-04 14:01:50 - [TEST_STEP][PASSED] - selectOptionByLabel(findTestObject(orPath_Landing + "/dd_TaxType"), taxTypeDropList[i], false): All options with label 'Sales and Use' are selected in object 'Object Repository/RAD_Pages/Landing_Page/dd_TaxType' 

2023-01-04 14:01:51 - [MESSAGE][PASSED] - All options with label 'Sales and Use' are selected in object 'Object Repository/RAD_Pages/Landing_Page/dd_TaxType' 

2023-01-04 14:01:51 - [TEST_STEP][PASSED] - delay(1): Delayed 1 second(s)

2023-01-04 14:01:52 - [MESSAGE][PASSED] - Delayed 1 second(s)

2023-01-04 14:01:52 - [TEST_STEP][PASSED] - setText(findTestObject(orPath_Amount + "/input__paymentAmount"), ""): Text '' is set on object 'Object Repository/RAD_Pages/PaymentAmount_Page/input__paymentAmount'

2023-01-04 14:01:53 - [MESSAGE][PASSED] - Text '' is set on object 'Object Repository/RAD_Pages/PaymentAmount_Page/input__paymentAmount'

2023-01-04 14:01:53 - [TEST_STEP][PASSED] - click(findTestObject(orPath_Landing + "/a_Click here for details")): Object: 'Object Repository/RAD_Pages/Landing_Page/a_Click here for details' is clicked on

2023-01-04 14:01:55 - [MESSAGE][PASSED] - Object: 'Object Repository/RAD_Pages/Landing_Page/a_Click here for details' is clicked on

2023-01-04 14:01:55 - [TEST_STEP][PASSED] - cfVerbiage = "This electronic government service includes a 2.45% service/convenience fee for payments processed through this application. This fee is assessed by Govolution LLC, Maryland's eGovernment service provider, a third party working under a contract administered by the Maryland Department of Information Technology (DoIT). The service fee is used to develop, maintain, and expand the online service offerings of the state and is non-refundable. Accepted credit cards include Visa, MasterCard, Discover and American Express.": null

2023-01-04 14:01:55 - [TEST_STEP][FAILED] - verifyElementText(findTestObject(orPath_Landing + "/div_ServiceFeesVerbiage"), cfVerbiage): Actual text 'This electronic government service includes a 2.45% service/convenience fee, with a $1.00 minimum, for payments processed through this application. This fee is assessed by Govolution, LLC and will post as a separate transaction. Accepted credit cards include Visa, Mastercard, and Discover.' and expected text 'This electronic government service includes a 2.45% service/convenience fee for payments processed through this application. This fee is assessed by Govolution LLC, Maryland's eGovernment service provider, a third party working under a contract administered by the Maryland Department of Information Technology (DoIT). The service fee is used to develop, maintain, and expand the online service offerings of the state and is non-refundable. Accepted credit cards include Visa, MasterCard, Discover and American Express.' of test object 'Object Repository/RAD_Pages/Landing_Page/div_ServiceFeesVerbiage' are NOT matched. (Root cause: com.kms.katalon.core.exception.StepFailedException: Actual text 'This electronic government service includes a 2.45% service/convenience fee, with a $1.00 minimum, for payments processed through this application. This fee is assessed by Govolution, LLC and will post as a separate transaction. Accepted credit cards include Visa, Mastercard, and Discover.' and expected text 'This electronic government service includes a 2.45% service/convenience fee for payments processed through this application. This fee is assessed by Govolution LLC, Maryland's eGovernment service provider, a third party working under a contract administered by the Maryland Department of Information Technology (DoIT). The service fee is used to develop, maintain, and expand the online service offerings of the state and is non-refundable. Accepted credit cards include Visa, MasterCard, Discover and American Express.' of test object 'Object Repository/RAD_Pages/Landing_Page/div_ServiceFeesVerbiage' are NOT matched.
	at com.kms.katalon.core.webui.keyword.internal.WebUIKeywordMain.stepFailed(WebUIKeywordMain.groovy:64)
	at com.kms.katalon.core.webui.keyword.builtin.VerifyElementTextKeyword$_verifyElementText_closure1.doCall(VerifyElementTextKeyword.groovy:57)
	at com.kms.katalon.core.webui.keyword.builtin.VerifyElementTextKeyword$_verifyElementText_closure1.call(VerifyElementTextKeyword.groovy)
	at com.kms.katalon.core.webui.keyword.internal.WebUIKeywordMain.runKeyword(WebUIKeywordMain.groovy:20)
	at com.kms.katalon.core.webui.keyword.builtin.VerifyElementTextKeyword.verifyElementText(VerifyElementTextKeyword.groovy:72)
	at com.kms.katalon.core.webui.keyword.builtin.VerifyElementTextKeyword.execute(VerifyElementTextKeyword.groovy:40)
	at com.kms.katalon.core.keyword.internal.KeywordExecutor.executeKeywordForPlatform(KeywordExecutor.groovy:74)
	at com.kms.katalon.core.webui.keyword.WebUiBuiltInKeywords.verifyElementText(WebUiBuiltInKeywords.groovy:4749)
	at com.kms.katalon.core.webui.keyword.WebUiBuiltInKeywords$verifyElementText$15.call(Unknown Source)
	at VerifyServiceFeeVerbiage_UI_TC.run(VerifyServiceFeeVerbiage_UI_TC:54)
	at com.kms.katalon.core.main.ScriptEngine.run(ScriptEngine.java:194)
	at com.kms.katalon.core.main.ScriptEngine.runScriptAsRawText(ScriptEngine.java:119)
	at com.kms.katalon.core.main.TestCaseExecutor.runScript(TestCaseExecutor.java:442)
	at com.kms.katalon.core.main.TestCaseExecutor.doExecute(TestCaseExecutor.java:433)
	at com.kms.katalon.core.main.TestCaseExecutor.processExecutionPhase(TestCaseExecutor.java:412)
	at com.kms.katalon.core.main.TestCaseExecutor.accessMainPhase(TestCaseExecutor.java:404)
	at com.kms.katalon.core.main.TestCaseExecutor.execute(TestCaseExecutor.java:281)
	at com.kms.katalon.core.main.TestSuiteExecutor.accessTestCaseMainPhase(TestSuiteExecutor.java:202)
	at com.kms.katalon.core.main.TestSuiteExecutor.accessTestSuiteMainPhase(TestSuiteExecutor.java:164)
	at com.kms.katalon.core.main.TestSuiteExecutor.execute(TestSuiteExecutor.java:105)
	at com.kms.katalon.core.main.TestCaseMain.startTestSuite(TestCaseMain.java:185)
	at com.kms.katalon.core.main.TestCaseMain$startTestSuite$0.call(Unknown Source)
	at TempTestSuite1672858415003.run(TempTestSuite1672858415003.groovy:36)
)

2023-01-04 14:02:26 - [MESSAGE][INFO] - Unable to find the element located by 'By.xpath: //*[(text() = concat("
	        This electronic government service includes a 2.45% service/convenience fee for payments processed through this application. This fee is assessed by Govolution LLC, Maryland" , "'" , "s eGovernment service provider, a third party working under a contract administered by the Maryland Department of Information Technology (DoIT). The service fee is used to develop, maintain, and expand the online service offerings of the state and is non-refundable. Accepted credit cards include Visa, MasterCard, Discover and American Express.
	      ") or . = concat("
	        This electronic government service includes a 2.45% service/convenience fee for payments processed through this application. This fee is assessed by Govolution LLC, Maryland" , "'" , "s eGovernment service provider, a third party working under a contract administered by the Maryland Department of Information Technology (DoIT). The service fee is used to develop, maintain, and expand the online service offerings of the state and is non-refundable. Accepted credit cards include Visa, MasterCard, Discover and American Express.
	      "))]'. Please recheck the objects properties to make sure the desired element is located. 

2023-01-04 14:02:26 - [MESSAGE][WARNING] - [SELF-HEALING] Failed to find element with id 'Object Repository/RAD_Pages/Landing_Page/div_ServiceFeesVerbiage'. Try using Self-healing.

2023-01-04 14:02:27 - [MESSAGE][WARNING] - [SELF-HEALING] The current locator of test object 'Object Repository/RAD_Pages/Landing_Page/div_ServiceFeesVerbiage' was broken. Propose an alternative one: '//div[@id='serviceConvenience']/div/div/div[2]'.

2023-01-04 14:02:27 - [MESSAGE][FAILED] - Actual text 'This electronic government service includes a 2.45% service/convenience fee, with a $1.00 minimum, for payments processed through this application. This fee is assessed by Govolution, LLC and will post as a separate transaction. Accepted credit cards include Visa, Mastercard, and Discover.' and expected text 'This electronic government service includes a 2.45% service/convenience fee for payments processed through this application. This fee is assessed by Govolution LLC, Maryland's eGovernment service provider, a third party working under a contract administered by the Maryland Department of Information Technology (DoIT). The service fee is used to develop, maintain, and expand the online service offerings of the state and is non-refundable. Accepted credit cards include Visa, MasterCard, Discover and American Express.' of test object 'Object Repository/RAD_Pages/Landing_Page/div_ServiceFeesVerbiage' are NOT matched. (Root cause: com.kms.katalon.core.exception.StepFailedException: Actual text 'This electronic government service includes a 2.45% service/convenience fee, with a $1.00 minimum, for payments processed through this application. This fee is assessed by Govolution, LLC and will post as a separate transaction. Accepted credit cards include Visa, Mastercard, and Discover.' and expected text 'This electronic government service includes a 2.45% service/convenience fee for payments processed through this application. This fee is assessed by Govolution LLC, Maryland's eGovernment service provider, a third party working under a contract administered by the Maryland Department of Information Technology (DoIT). The service fee is used to develop, maintain, and expand the online service offerings of the state and is non-refundable. Accepted credit cards include Visa, MasterCard, Discover and American Express.' of test object 'Object Repository/RAD_Pages/Landing_Page/div_ServiceFeesVerbiage' are NOT matched.
	at com.kms.katalon.core.webui.keyword.internal.WebUIKeywordMain.stepFailed(WebUIKeywordMain.groovy:64)
	at com.kms.katalon.core.webui.keyword.builtin.VerifyElementTextKeyword$_verifyElementText_closure1.doCall(VerifyElementTextKeyword.groovy:57)
	at com.kms.katalon.core.webui.keyword.builtin.VerifyElementTextKeyword$_verifyElementText_closure1.call(VerifyElementTextKeyword.groovy)
	at com.kms.katalon.core.webui.keyword.internal.WebUIKeywordMain.runKeyword(WebUIKeywordMain.groovy:20)
	at com.kms.katalon.core.webui.keyword.builtin.VerifyElementTextKeyword.verifyElementText(VerifyElementTextKeyword.groovy:72)
	at com.kms.katalon.core.webui.keyword.builtin.VerifyElementTextKeyword.execute(VerifyElementTextKeyword.groovy:40)
	at com.kms.katalon.core.keyword.internal.KeywordExecutor.executeKeywordForPlatform(KeywordExecutor.groovy:74)
	at com.kms.katalon.core.webui.keyword.WebUiBuiltInKeywords.verifyElementText(WebUiBuiltInKeywords.groovy:4749)
	at com.kms.katalon.core.webui.keyword.WebUiBuiltInKeywords$verifyElementText$15.call(Unknown Source)
	at VerifyServiceFeeVerbiage_UI_TC.run(VerifyServiceFeeVerbiage_UI_TC:54)
	at com.kms.katalon.core.main.ScriptEngine.run(ScriptEngine.java:194)
	at com.kms.katalon.core.main.ScriptEngine.runScriptAsRawText(ScriptEngine.java:119)
	at com.kms.katalon.core.main.TestCaseExecutor.runScript(TestCaseExecutor.java:442)
	at com.kms.katalon.core.main.TestCaseExecutor.doExecute(TestCaseExecutor.java:433)
	at com.kms.katalon.core.main.TestCaseExecutor.processExecutionPhase(TestCaseExecutor.java:412)
	at com.kms.katalon.core.main.TestCaseExecutor.accessMainPhase(TestCaseExecutor.java:404)
	at com.kms.katalon.core.main.TestCaseExecutor.execute(TestCaseExecutor.java:281)
	at com.kms.katalon.core.main.TestSuiteExecutor.accessTestCaseMainPhase(TestSuiteExecutor.java:202)
	at com.kms.katalon.core.main.TestSuiteExecutor.accessTestSuiteMainPhase(TestSuiteExecutor.java:164)
	at com.kms.katalon.core.main.TestSuiteExecutor.execute(TestSuiteExecutor.java:105)
	at com.kms.katalon.core.main.TestCaseMain.startTestSuite(TestCaseMain.java:185)
	at com.kms.katalon.core.main.TestCaseMain$startTestSuite$0.call(Unknown Source)
	at TempTestSuite1672858415003.run(TempTestSuite1672858415003.groovy:36)
)
[[ATTACHMENT|E:\\Cloned-Project-Katalon\\VPS-Katalon\\Reports\\20230104_135334\\RAD_TestSuite\\RAD_UI_TestSuite\\20230104_135334\\1672858947454.png]]

2023-01-04 14:02:27 - [TEST_STEP][PASSED] - verifyElementPresent(findTestObject(orPath_Landing + "/button_Close"), 30): Object 'Object Repository/RAD_Pages/Landing_Page/button_Close' is present

2023-01-04 14:02:28 - [MESSAGE][PASSED] - Object 'Object Repository/RAD_Pages/Landing_Page/button_Close' is present

2023-01-04 14:02:28 - [TEST_STEP][PASSED] - click(findTestObject(orPath_Landing + "/button_Close")): Object: 'Object Repository/RAD_Pages/Landing_Page/button_Close' is clicked on

2023-01-04 14:02:28 - [MESSAGE][PASSED] - Object: 'Object Repository/RAD_Pages/Landing_Page/button_Close' is clicked on

2023-01-04 14:02:28 - [TEST_STEP][PASSED] - openBrowser(""): Browser is opened with url: ''

2023-01-04 14:02:28 - [MESSAGE][WARNING] - A browser is already opened. Closing browser and opening a new one

2023-01-04 14:02:29 - [MESSAGE][INFO] - Starting 'Chrome' driver

2023-01-04 14:02:29 - [MESSAGE][INFO] - User set preference: ['acceptInsecureCerts', 'true']

2023-01-04 14:02:29 - [MESSAGE][INFO] - Action delay is set to 0 milliseconds

2023-01-04 14:02:30 - [MESSAGE][PASSED] - Browser is opened with url: ''

2023-01-04 14:02:30 - [TEST_STEP][PASSED] - maximizeWindow(): Current window maximized

2023-01-04 14:02:30 - [MESSAGE][PASSED] - Current window maximized

2023-01-04 14:02:30 - [TEST_STEP][PASSED] - navigateToUrl(RADurl): Navigate to 'https://qa.velocitypayment.com/client/rad/index.html' successfully

2023-01-04 14:02:32 - [MESSAGE][PASSED] - Navigate to 'https://qa.velocitypayment.com/client/rad/index.html' successfully

2023-01-04 14:02:32 - [TEST_STEP][PASSED] - orPath_Landing = "Object Repository/RAD_Pages/Landing_Page": null

2023-01-04 14:02:32 - [TEST_STEP][PASSED] - orPath = "Object Repository/RAD_Pages/Landing_Page": null

2023-01-04 14:02:32 - [TEST_STEP][PASSED] - orPath_Amount = "Object Repository/RAD_Pages/PaymentAmount_Page": null

2023-01-04 14:02:32 - [TEST_STEP][PASSED] - selectOptionByLabel(findTestObject(orPath_Landing + "/dd_TaxType"), taxTypeDropList[i], false): All options with label 'Withholding Tax' are selected in object 'Object Repository/RAD_Pages/Landing_Page/dd_TaxType' 

2023-01-04 14:02:33 - [MESSAGE][PASSED] - All options with label 'Withholding Tax' are selected in object 'Object Repository/RAD_Pages/Landing_Page/dd_TaxType' 

2023-01-04 14:02:33 - [TEST_STEP][PASSED] - delay(1): Delayed 1 second(s)

2023-01-04 14:02:34 - [MESSAGE][PASSED] - Delayed 1 second(s)

2023-01-04 14:02:34 - [TEST_STEP][PASSED] - setText(findTestObject(orPath_Amount + "/input__paymentAmount"), ""): Text '' is set on object 'Object Repository/RAD_Pages/PaymentAmount_Page/input__paymentAmount'

2023-01-04 14:02:35 - [MESSAGE][PASSED] - Text '' is set on object 'Object Repository/RAD_Pages/PaymentAmount_Page/input__paymentAmount'

2023-01-04 14:02:35 - [TEST_STEP][PASSED] - click(findTestObject(orPath_Landing + "/a_Click here for details")): Object: 'Object Repository/RAD_Pages/Landing_Page/a_Click here for details' is clicked on

2023-01-04 14:02:36 - [MESSAGE][PASSED] - Object: 'Object Repository/RAD_Pages/Landing_Page/a_Click here for details' is clicked on

2023-01-04 14:02:36 - [TEST_STEP][PASSED] - cfVerbiage = "This electronic government service includes a 2.45% service/convenience fee for payments processed through this application. This fee is assessed by Govolution LLC, Maryland's eGovernment service provider, a third party working under a contract administered by the Maryland Department of Information Technology (DoIT). The service fee is used to develop, maintain, and expand the online service offerings of the state and is non-refundable. Accepted credit cards include Visa, MasterCard, Discover and American Express.": null

2023-01-04 14:02:36 - [TEST_STEP][FAILED] - verifyElementText(findTestObject(orPath_Landing + "/div_ServiceFeesVerbiage"), cfVerbiage): Actual text 'This electronic government service includes a 2.45% service/convenience fee, with a $1.00 minimum, for payments processed through this application. This fee is assessed by Govolution, LLC and will post as a separate transaction. Accepted credit cards include Visa, Mastercard, and Discover.' and expected text 'This electronic government service includes a 2.45% service/convenience fee for payments processed through this application. This fee is assessed by Govolution LLC, Maryland's eGovernment service provider, a third party working under a contract administered by the Maryland Department of Information Technology (DoIT). The service fee is used to develop, maintain, and expand the online service offerings of the state and is non-refundable. Accepted credit cards include Visa, MasterCard, Discover and American Express.' of test object 'Object Repository/RAD_Pages/Landing_Page/div_ServiceFeesVerbiage' are NOT matched. (Root cause: com.kms.katalon.core.exception.StepFailedException: Actual text 'This electronic government service includes a 2.45% service/convenience fee, with a $1.00 minimum, for payments processed through this application. This fee is assessed by Govolution, LLC and will post as a separate transaction. Accepted credit cards include Visa, Mastercard, and Discover.' and expected text 'This electronic government service includes a 2.45% service/convenience fee for payments processed through this application. This fee is assessed by Govolution LLC, Maryland's eGovernment service provider, a third party working under a contract administered by the Maryland Department of Information Technology (DoIT). The service fee is used to develop, maintain, and expand the online service offerings of the state and is non-refundable. Accepted credit cards include Visa, MasterCard, Discover and American Express.' of test object 'Object Repository/RAD_Pages/Landing_Page/div_ServiceFeesVerbiage' are NOT matched.
	at com.kms.katalon.core.webui.keyword.internal.WebUIKeywordMain.stepFailed(WebUIKeywordMain.groovy:64)
	at com.kms.katalon.core.webui.keyword.builtin.VerifyElementTextKeyword$_verifyElementText_closure1.doCall(VerifyElementTextKeyword.groovy:57)
	at com.kms.katalon.core.webui.keyword.builtin.VerifyElementTextKeyword$_verifyElementText_closure1.call(VerifyElementTextKeyword.groovy)
	at com.kms.katalon.core.webui.keyword.internal.WebUIKeywordMain.runKeyword(WebUIKeywordMain.groovy:20)
	at com.kms.katalon.core.webui.keyword.builtin.VerifyElementTextKeyword.verifyElementText(VerifyElementTextKeyword.groovy:72)
	at com.kms.katalon.core.webui.keyword.builtin.VerifyElementTextKeyword.execute(VerifyElementTextKeyword.groovy:40)
	at com.kms.katalon.core.keyword.internal.KeywordExecutor.executeKeywordForPlatform(KeywordExecutor.groovy:74)
	at com.kms.katalon.core.webui.keyword.WebUiBuiltInKeywords.verifyElementText(WebUiBuiltInKeywords.groovy:4749)
	at com.kms.katalon.core.webui.keyword.WebUiBuiltInKeywords$verifyElementText$15.call(Unknown Source)
	at VerifyServiceFeeVerbiage_UI_TC.run(VerifyServiceFeeVerbiage_UI_TC:54)
	at com.kms.katalon.core.main.ScriptEngine.run(ScriptEngine.java:194)
	at com.kms.katalon.core.main.ScriptEngine.runScriptAsRawText(ScriptEngine.java:119)
	at com.kms.katalon.core.main.TestCaseExecutor.runScript(TestCaseExecutor.java:442)
	at com.kms.katalon.core.main.TestCaseExecutor.doExecute(TestCaseExecutor.java:433)
	at com.kms.katalon.core.main.TestCaseExecutor.processExecutionPhase(TestCaseExecutor.java:412)
	at com.kms.katalon.core.main.TestCaseExecutor.accessMainPhase(TestCaseExecutor.java:404)
	at com.kms.katalon.core.main.TestCaseExecutor.execute(TestCaseExecutor.java:281)
	at com.kms.katalon.core.main.TestSuiteExecutor.accessTestCaseMainPhase(TestSuiteExecutor.java:202)
	at com.kms.katalon.core.main.TestSuiteExecutor.accessTestSuiteMainPhase(TestSuiteExecutor.java:164)
	at com.kms.katalon.core.main.TestSuiteExecutor.execute(TestSuiteExecutor.java:105)
	at com.kms.katalon.core.main.TestCaseMain.startTestSuite(TestCaseMain.java:185)
	at com.kms.katalon.core.main.TestCaseMain$startTestSuite$0.call(Unknown Source)
	at TempTestSuite1672858415003.run(TempTestSuite1672858415003.groovy:36)
)

2023-01-04 14:03:07 - [MESSAGE][INFO] - Unable to find the element located by 'By.xpath: //*[(text() = concat("
	        This electronic government service includes a 2.45% service/convenience fee for payments processed through this application. This fee is assessed by Govolution LLC, Maryland" , "'" , "s eGovernment service provider, a third party working under a contract administered by the Maryland Department of Information Technology (DoIT). The service fee is used to develop, maintain, and expand the online service offerings of the state and is non-refundable. Accepted credit cards include Visa, MasterCard, Discover and American Express.
	      ") or . = concat("
	        This electronic government service includes a 2.45% service/convenience fee for payments processed through this application. This fee is assessed by Govolution LLC, Maryland" , "'" , "s eGovernment service provider, a third party working under a contract administered by the Maryland Department of Information Technology (DoIT). The service fee is used to develop, maintain, and expand the online service offerings of the state and is non-refundable. Accepted credit cards include Visa, MasterCard, Discover and American Express.
	      "))]'. Please recheck the objects properties to make sure the desired element is located. 

2023-01-04 14:03:07 - [MESSAGE][WARNING] - [SELF-HEALING] Failed to find element with id 'Object Repository/RAD_Pages/Landing_Page/div_ServiceFeesVerbiage'. Try using Self-healing.

2023-01-04 14:03:07 - [MESSAGE][WARNING] - [SELF-HEALING] The current locator of test object 'Object Repository/RAD_Pages/Landing_Page/div_ServiceFeesVerbiage' was broken. Propose an alternative one: '//div[@id='serviceConvenience']/div/div/div[2]'.

2023-01-04 14:03:07 - [MESSAGE][FAILED] - Actual text 'This electronic government service includes a 2.45% service/convenience fee, with a $1.00 minimum, for payments processed through this application. This fee is assessed by Govolution, LLC and will post as a separate transaction. Accepted credit cards include Visa, Mastercard, and Discover.' and expected text 'This electronic government service includes a 2.45% service/convenience fee for payments processed through this application. This fee is assessed by Govolution LLC, Maryland's eGovernment service provider, a third party working under a contract administered by the Maryland Department of Information Technology (DoIT). The service fee is used to develop, maintain, and expand the online service offerings of the state and is non-refundable. Accepted credit cards include Visa, MasterCard, Discover and American Express.' of test object 'Object Repository/RAD_Pages/Landing_Page/div_ServiceFeesVerbiage' are NOT matched. (Root cause: com.kms.katalon.core.exception.StepFailedException: Actual text 'This electronic government service includes a 2.45% service/convenience fee, with a $1.00 minimum, for payments processed through this application. This fee is assessed by Govolution, LLC and will post as a separate transaction. Accepted credit cards include Visa, Mastercard, and Discover.' and expected text 'This electronic government service includes a 2.45% service/convenience fee for payments processed through this application. This fee is assessed by Govolution LLC, Maryland's eGovernment service provider, a third party working under a contract administered by the Maryland Department of Information Technology (DoIT). The service fee is used to develop, maintain, and expand the online service offerings of the state and is non-refundable. Accepted credit cards include Visa, MasterCard, Discover and American Express.' of test object 'Object Repository/RAD_Pages/Landing_Page/div_ServiceFeesVerbiage' are NOT matched.
	at com.kms.katalon.core.webui.keyword.internal.WebUIKeywordMain.stepFailed(WebUIKeywordMain.groovy:64)
	at com.kms.katalon.core.webui.keyword.builtin.VerifyElementTextKeyword$_verifyElementText_closure1.doCall(VerifyElementTextKeyword.groovy:57)
	at com.kms.katalon.core.webui.keyword.builtin.VerifyElementTextKeyword$_verifyElementText_closure1.call(VerifyElementTextKeyword.groovy)
	at com.kms.katalon.core.webui.keyword.internal.WebUIKeywordMain.runKeyword(WebUIKeywordMain.groovy:20)
	at com.kms.katalon.core.webui.keyword.builtin.VerifyElementTextKeyword.verifyElementText(VerifyElementTextKeyword.groovy:72)
	at com.kms.katalon.core.webui.keyword.builtin.VerifyElementTextKeyword.execute(VerifyElementTextKeyword.groovy:40)
	at com.kms.katalon.core.keyword.internal.KeywordExecutor.executeKeywordForPlatform(KeywordExecutor.groovy:74)
	at com.kms.katalon.core.webui.keyword.WebUiBuiltInKeywords.verifyElementText(WebUiBuiltInKeywords.groovy:4749)
	at com.kms.katalon.core.webui.keyword.WebUiBuiltInKeywords$verifyElementText$15.call(Unknown Source)
	at VerifyServiceFeeVerbiage_UI_TC.run(VerifyServiceFeeVerbiage_UI_TC:54)
	at com.kms.katalon.core.main.ScriptEngine.run(ScriptEngine.java:194)
	at com.kms.katalon.core.main.ScriptEngine.runScriptAsRawText(ScriptEngine.java:119)
	at com.kms.katalon.core.main.TestCaseExecutor.runScript(TestCaseExecutor.java:442)
	at com.kms.katalon.core.main.TestCaseExecutor.doExecute(TestCaseExecutor.java:433)
	at com.kms.katalon.core.main.TestCaseExecutor.processExecutionPhase(TestCaseExecutor.java:412)
	at com.kms.katalon.core.main.TestCaseExecutor.accessMainPhase(TestCaseExecutor.java:404)
	at com.kms.katalon.core.main.TestCaseExecutor.execute(TestCaseExecutor.java:281)
	at com.kms.katalon.core.main.TestSuiteExecutor.accessTestCaseMainPhase(TestSuiteExecutor.java:202)
	at com.kms.katalon.core.main.TestSuiteExecutor.accessTestSuiteMainPhase(TestSuiteExecutor.java:164)
	at com.kms.katalon.core.main.TestSuiteExecutor.execute(TestSuiteExecutor.java:105)
	at com.kms.katalon.core.main.TestCaseMain.startTestSuite(TestCaseMain.java:185)
	at com.kms.katalon.core.main.TestCaseMain$startTestSuite$0.call(Unknown Source)
	at TempTestSuite1672858415003.run(TempTestSuite1672858415003.groovy:36)
)
[[ATTACHMENT|E:\\Cloned-Project-Katalon\\VPS-Katalon\\Reports\\20230104_135334\\RAD_TestSuite\\RAD_UI_TestSuite\\20230104_135334\\1672858987514.png]]

2023-01-04 14:03:07 - [TEST_STEP][PASSED] - verifyElementPresent(findTestObject(orPath_Landing + "/button_Close"), 30): Object 'Object Repository/RAD_Pages/Landing_Page/button_Close' is present

2023-01-04 14:03:08 - [MESSAGE][PASSED] - Object 'Object Repository/RAD_Pages/Landing_Page/button_Close' is present

2023-01-04 14:03:08 - [TEST_STEP][PASSED] - click(findTestObject(orPath_Landing + "/button_Close")): Object: 'Object Repository/RAD_Pages/Landing_Page/button_Close' is clicked on

2023-01-04 14:03:08 - [MESSAGE][PASSED] - Object: 'Object Repository/RAD_Pages/Landing_Page/button_Close' is clicked on]]></system-out>
         <system-err><![CDATA[2023-01-04 13:59:03 - [TEST_CASE][FAILED] - Test Cases/RAD_TestCases/UI_TestCases/VerifyServiceFeeVerbiage_UI_TC: Test Cases/RAD_TestCases/UI_TestCases/VerifyServiceFeeVerbiage_UI_TC FAILED.
Reason:
com.kms.katalon.core.exception.StepFailedException: Actual text 'This electronic government service includes a 2.45% service/convenience fee, with a $1.00 minimum, for payments processed through this application. This fee is assessed by Govolution, LLC and will post as a separate transaction. Accepted credit cards include Visa, Mastercard, and Discover.' and expected text 'This electronic government service includes a 2.45% service/convenience fee for payments processed through this application. This fee is assessed by Govolution LLC, Maryland's eGovernment service provider, a third party working under a contract administered by the Maryland Department of Information Technology (DoIT). The service fee is used to develop, maintain, and expand the online service offerings of the state and is non-refundable. Accepted credit cards include Visa, MasterCard, Discover and American Express.' of test object 'Object Repository/RAD_Pages/Landing_Page/div_ServiceFeesVerbiage' are NOT matched. (Root cause: com.kms.katalon.core.exception.StepFailedException: Actual text 'This electronic government service includes a 2.45% service/convenience fee, with a $1.00 minimum, for payments processed through this application. This fee is assessed by Govolution, LLC and will post as a separate transaction. Accepted credit cards include Visa, Mastercard, and Discover.' and expected text 'This electronic government service includes a 2.45% service/convenience fee for payments processed through this application. This fee is assessed by Govolution LLC, Maryland's eGovernment service provider, a third party working under a contract administered by the Maryland Department of Information Technology (DoIT). The service fee is used to develop, maintain, and expand the online service offerings of the state and is non-refundable. Accepted credit cards include Visa, MasterCard, Discover and American Express.' of test object 'Object Repository/RAD_Pages/Landing_Page/div_ServiceFeesVerbiage' are NOT matched.
	at com.kms.katalon.core.webui.keyword.internal.WebUIKeywordMain.stepFailed(WebUIKeywordMain.groovy:64)
	at com.kms.katalon.core.webui.keyword.builtin.VerifyElementTextKeyword$_verifyElementText_closure1.doCall(VerifyElementTextKeyword.groovy:57)
	at com.kms.katalon.core.webui.keyword.builtin.VerifyElementTextKeyword$_verifyElementText_closure1.call(VerifyElementTextKeyword.groovy)
	at com.kms.katalon.core.webui.keyword.internal.WebUIKeywordMain.runKeyword(WebUIKeywordMain.groovy:20)
	at com.kms.katalon.core.webui.keyword.builtin.VerifyElementTextKeyword.verifyElementText(VerifyElementTextKeyword.groovy:72)
	at com.kms.katalon.core.webui.keyword.builtin.VerifyElementTextKeyword.execute(VerifyElementTextKeyword.groovy:40)
	at com.kms.katalon.core.keyword.internal.KeywordExecutor.executeKeywordForPlatform(KeywordExecutor.groovy:74)
	at com.kms.katalon.core.webui.keyword.WebUiBuiltInKeywords.verifyElementText(WebUiBuiltInKeywords.groovy:4749)
	at com.kms.katalon.core.webui.keyword.WebUiBuiltInKeywords$verifyElementText$15.call(Unknown Source)
	at VerifyServiceFeeVerbiage_UI_TC.run(VerifyServiceFeeVerbiage_UI_TC:54)
	at com.kms.katalon.core.main.ScriptEngine.run(ScriptEngine.java:194)
	at com.kms.katalon.core.main.ScriptEngine.runScriptAsRawText(ScriptEngine.java:119)
	at com.kms.katalon.core.main.TestCaseExecutor.runScript(TestCaseExecutor.java:442)
	at com.kms.katalon.core.main.TestCaseExecutor.doExecute(TestCaseExecutor.java:433)
	at com.kms.katalon.core.main.TestCaseExecutor.processExecutionPhase(TestCaseExecutor.java:412)
	at com.kms.katalon.core.main.TestCaseExecutor.accessMainPhase(TestCaseExecutor.java:404)
	at com.kms.katalon.core.main.TestCaseExecutor.execute(TestCaseExecutor.java:281)
	at com.kms.katalon.core.main.TestSuiteExecutor.accessTestCaseMainPhase(TestSuiteExecutor.java:202)
	at com.kms.katalon.core.main.TestSuiteExecutor.accessTestSuiteMainPhase(TestSuiteExecutor.java:164)
	at com.kms.katalon.core.main.TestSuiteExecutor.execute(TestSuiteExecutor.java:105)
	at com.kms.katalon.core.main.TestCaseMain.startTestSuite(TestCaseMain.java:185)
	at com.kms.katalon.core.main.TestCaseMain$startTestSuite$0.call(Unknown Source)
	at TempTestSuite1672858415003.run(TempTestSuite1672858415003.groovy:36)
)
	at com.kms.katalon.core.keyword.internal.KeywordMain.stepFailed(KeywordMain.groovy:39)
	at com.kms.katalon.core.webui.keyword.internal.WebUIKeywordMain.stepFailed(WebUIKeywordMain.groovy:64)
	at com.kms.katalon.core.webui.keyword.builtin.VerifyElementTextKeyword$_verifyElementText_closure1.doCall(VerifyElementTextKeyword.groovy:57)
	at com.kms.katalon.core.webui.keyword.builtin.VerifyElementTextKeyword$_verifyElementText_closure1.call(VerifyElementTextKeyword.groovy)
	at com.kms.katalon.core.webui.keyword.internal.WebUIKeywordMain.runKeyword(WebUIKeywordMain.groovy:20)
	at com.kms.katalon.core.webui.keyword.builtin.VerifyElementTextKeyword.verifyElementText(VerifyElementTextKeyword.groovy:72)
	at com.kms.katalon.core.webui.keyword.builtin.VerifyElementTextKeyword.execute(VerifyElementTextKeyword.groovy:40)
	at com.kms.katalon.core.keyword.internal.KeywordExecutor.executeKeywordForPlatform(KeywordExecutor.groovy:74)
	at com.kms.katalon.core.webui.keyword.WebUiBuiltInKeywords.verifyElementText(WebUiBuiltInKeywords.groovy:4749)
	at com.kms.katalon.core.webui.keyword.WebUiBuiltInKeywords$verifyElementText$15.call(Unknown Source)
	at VerifyServiceFeeVerbiage_UI_TC.run(VerifyServiceFeeVerbiage_UI_TC:54)
	at com.kms.katalon.core.main.ScriptEngine.run(ScriptEngine.java:194)
	at com.kms.katalon.core.main.ScriptEngine.runScriptAsRawText(ScriptEngine.java:119)
	at com.kms.katalon.core.main.TestCaseExecutor.runScript(TestCaseExecutor.java:442)
	at com.kms.katalon.core.main.TestCaseExecutor.doExecute(TestCaseExecutor.java:433)
	at com.kms.katalon.core.main.TestCaseExecutor.processExecutionPhase(TestCaseExecutor.java:412)
	at com.kms.katalon.core.main.TestCaseExecutor.accessMainPhase(TestCaseExecutor.java:404)
	at com.kms.katalon.core.main.TestCaseExecutor.execute(TestCaseExecutor.java:281)
	at com.kms.katalon.core.main.TestSuiteExecutor.accessTestCaseMainPhase(TestSuiteExecutor.java:202)
	at com.kms.katalon.core.main.TestSuiteExecutor.accessTestSuiteMainPhase(TestSuiteExecutor.java:164)
	at com.kms.katalon.core.main.TestSuiteExecutor.execute(TestSuiteExecutor.java:105)
	at com.kms.katalon.core.main.TestCaseMain.startTestSuite(TestCaseMain.java:185)
	at com.kms.katalon.core.main.TestCaseMain$startTestSuite$0.call(Unknown Source)
	at TempTestSuite1672858415003.run(TempTestSuite1672858415003.groovy:36)
Caused by: com.kms.katalon.core.exception.StepFailedException: Actual text 'This electronic government service includes a 2.45% service/convenience fee, with a $1.00 minimum, for payments processed through this application. This fee is assessed by Govolution, LLC and will post as a separate transaction. Accepted credit cards include Visa, Mastercard, and Discover.' and expected text 'This electronic government service includes a 2.45% service/convenience fee for payments processed through this application. This fee is assessed by Govolution LLC, Maryland's eGovernment service provider, a third party working under a contract administered by the Maryland Department of Information Technology (DoIT). The service fee is used to develop, maintain, and expand the online service offerings of the state and is non-refundable. Accepted credit cards include Visa, MasterCard, Discover and American Express.' of test object 'Object Repository/RAD_Pages/Landing_Page/div_ServiceFeesVerbiage' are NOT matched.
	... 23 more]]></system-err>
      </testcase>
      <testcase name="Test Cases/RAD_TestCases/MRF_TestCases/EstimatedTax_MRF_TC" time="14.812" classname="Test Cases/RAD_TestCases/MRF_TestCases/EstimatedTax_MRF_TC" status="FAILED">
         <failure type="FAILED" message="Test Cases/RAD_TestCases/MRF_TestCases/EstimatedTax_MRF_TC FAILED.
Reason:
com.kms.katalon.core.exception.StepFailedException: Text 'Enter a phone number' is not present on page  using regular expression (Root cause: com.kms.katalon.core.exception.StepFailedException: Text 'Enter a phone number' is not present on page  using regular expression
	at com.kms.katalon.core.webui.keyword.internal.WebUIKeywordMain.stepFailed(WebUIKeywordMain.groovy:64)
	at com.kms.katalon.core.webui.keyword.builtin.VerifyTextPresentKeyword$_verifyTextPresent_closure1.doCall(VerifyTextPresentKeyword.groovy:79)
	at com.kms.katalon.core.webui.keyword.builtin.VerifyTextPresentKeyword$_verifyTextPresent_closure1.call(VerifyTextPresentKeyword.groovy)
	at com.kms.katalon.core.webui.keyword.internal.WebUIKeywordMain.runKeyword(WebUIKeywordMain.groovy:20)
	at com.kms.katalon.core.webui.keyword.builtin.VerifyTextPresentKeyword.verifyTextPresent(VerifyTextPresentKeyword.groovy:83)
	at com.kms.katalon.core.webui.keyword.builtin.VerifyTextPresentKeyword.execute(VerifyTextPresentKeyword.groovy:68)
	at com.kms.katalon.core.keyword.internal.KeywordExecutor.executeKeywordForPlatform(KeywordExecutor.groovy:74)
	at com.kms.katalon.core.webui.keyword.WebUiBuiltInKeywords.verifyTextPresent(WebUiBuiltInKeywords.groovy:1723)
	at com.kms.katalon.core.webui.keyword.WebUiBuiltInKeywords$verifyTextPresent$3.call(Unknown Source)
	at EstimatedTax_MRF_TC.run(EstimatedTax_MRF_TC:84)
	at com.kms.katalon.core.main.ScriptEngine.run(ScriptEngine.java:194)
	at com.kms.katalon.core.main.ScriptEngine.runScriptAsRawText(ScriptEngine.java:119)
	at com.kms.katalon.core.main.TestCaseExecutor.runScript(TestCaseExecutor.java:442)
	at com.kms.katalon.core.main.TestCaseExecutor.doExecute(TestCaseExecutor.java:433)
	at com.kms.katalon.core.main.TestCaseExecutor.processExecutionPhase(TestCaseExecutor.java:412)
	at com.kms.katalon.core.main.TestCaseExecutor.accessMainPhase(TestCaseExecutor.java:404)
	at com.kms.katalon.core.main.TestCaseExecutor.execute(TestCaseExecutor.java:281)
	at com.kms.katalon.core.main.TestSuiteExecutor.accessTestCaseMainPhase(TestSuiteExecutor.java:202)
	at com.kms.katalon.core.main.TestSuiteExecutor.accessTestSuiteMainPhase(TestSuiteExecutor.java:164)
	at com.kms.katalon.core.main.TestSuiteExecutor.execute(TestSuiteExecutor.java:105)
	at com.kms.katalon.core.main.TestCaseMain.startTestSuite(TestCaseMain.java:185)
	at com.kms.katalon.core.main.TestCaseMain$startTestSuite$0.call(Unknown Source)
	at TempTestSuite1672858415003.run(TempTestSuite1672858415003.groovy:36)
)
	at com.kms.katalon.core.keyword.internal.KeywordMain.stepFailed(KeywordMain.groovy:39)
	at com.kms.katalon.core.webui.keyword.internal.WebUIKeywordMain.stepFailed(WebUIKeywordMain.groovy:64)
	at com.kms.katalon.core.webui.keyword.builtin.VerifyTextPresentKeyword$_verifyTextPresent_closure1.doCall(VerifyTextPresentKeyword.groovy:79)
	at com.kms.katalon.core.webui.keyword.builtin.VerifyTextPresentKeyword$_verifyTextPresent_closure1.call(VerifyTextPresentKeyword.groovy)
	at com.kms.katalon.core.webui.keyword.internal.WebUIKeywordMain.runKeyword(WebUIKeywordMain.groovy:20)
	at com.kms.katalon.core.webui.keyword.builtin.VerifyTextPresentKeyword.verifyTextPresent(VerifyTextPresentKeyword.groovy:83)
	at com.kms.katalon.core.webui.keyword.builtin.VerifyTextPresentKeyword.execute(VerifyTextPresentKeyword.groovy:68)
	at com.kms.katalon.core.keyword.internal.KeywordExecutor.executeKeywordForPlatform(KeywordExecutor.groovy:74)
	at com.kms.katalon.core.webui.keyword.WebUiBuiltInKeywords.verifyTextPresent(WebUiBuiltInKeywords.groovy:1723)
	at com.kms.katalon.core.webui.keyword.WebUiBuiltInKeywords$verifyTextPresent$3.call(Unknown Source)
	at EstimatedTax_MRF_TC.run(EstimatedTax_MRF_TC:84)
	at com.kms.katalon.core.main.ScriptEngine.run(ScriptEngine.java:194)
	at com.kms.katalon.core.main.ScriptEngine.runScriptAsRawText(ScriptEngine.java:119)
	at com.kms.katalon.core.main.TestCaseExecutor.runScript(TestCaseExecutor.java:442)
	at com.kms.katalon.core.main.TestCaseExecutor.doExecute(TestCaseExecutor.java:433)
	at com.kms.katalon.core.main.TestCaseExecutor.processExecutionPhase(TestCaseExecutor.java:412)
	at com.kms.katalon.core.main.TestCaseExecutor.accessMainPhase(TestCaseExecutor.java:404)
	at com.kms.katalon.core.main.TestCaseExecutor.execute(TestCaseExecutor.java:281)
	at com.kms.katalon.core.main.TestSuiteExecutor.accessTestCaseMainPhase(TestSuiteExecutor.java:202)
	at com.kms.katalon.core.main.TestSuiteExecutor.accessTestSuiteMainPhase(TestSuiteExecutor.java:164)
	at com.kms.katalon.core.main.TestSuiteExecutor.execute(TestSuiteExecutor.java:105)
	at com.kms.katalon.core.main.TestCaseMain.startTestSuite(TestCaseMain.java:185)
	at com.kms.katalon.core.main.TestCaseMain$startTestSuite$0.call(Unknown Source)
	at TempTestSuite1672858415003.run(TempTestSuite1672858415003.groovy:36)
Caused by: com.kms.katalon.core.exception.StepFailedException: Text 'Enter a phone number' is not present on page  using regular expression
	... 23 more
"/>
         <system-out><![CDATA[2023-01-04 14:03:08 - [TEST_CASE][FAILED] - Test Cases/RAD_TestCases/MRF_TestCases/EstimatedTax_MRF_TC: Test Cases/RAD_TestCases/MRF_TestCases/EstimatedTax_MRF_TC FAILED.
Reason:
com.kms.katalon.core.exception.StepFailedException: Text 'Enter a phone number' is not present on page  using regular expression (Root cause: com.kms.katalon.core.exception.StepFailedException: Text 'Enter a phone number' is not present on page  using regular expression
	at com.kms.katalon.core.webui.keyword.internal.WebUIKeywordMain.stepFailed(WebUIKeywordMain.groovy:64)
	at com.kms.katalon.core.webui.keyword.builtin.VerifyTextPresentKeyword$_verifyTextPresent_closure1.doCall(VerifyTextPresentKeyword.groovy:79)
	at com.kms.katalon.core.webui.keyword.builtin.VerifyTextPresentKeyword$_verifyTextPresent_closure1.call(VerifyTextPresentKeyword.groovy)
	at com.kms.katalon.core.webui.keyword.internal.WebUIKeywordMain.runKeyword(WebUIKeywordMain.groovy:20)
	at com.kms.katalon.core.webui.keyword.builtin.VerifyTextPresentKeyword.verifyTextPresent(VerifyTextPresentKeyword.groovy:83)
	at com.kms.katalon.core.webui.keyword.builtin.VerifyTextPresentKeyword.execute(VerifyTextPresentKeyword.groovy:68)
	at com.kms.katalon.core.keyword.internal.KeywordExecutor.executeKeywordForPlatform(KeywordExecutor.groovy:74)
	at com.kms.katalon.core.webui.keyword.WebUiBuiltInKeywords.verifyTextPresent(WebUiBuiltInKeywords.groovy:1723)
	at com.kms.katalon.core.webui.keyword.WebUiBuiltInKeywords$verifyTextPresent$3.call(Unknown Source)
	at EstimatedTax_MRF_TC.run(EstimatedTax_MRF_TC:84)
	at com.kms.katalon.core.main.ScriptEngine.run(ScriptEngine.java:194)
	at com.kms.katalon.core.main.ScriptEngine.runScriptAsRawText(ScriptEngine.java:119)
	at com.kms.katalon.core.main.TestCaseExecutor.runScript(TestCaseExecutor.java:442)
	at com.kms.katalon.core.main.TestCaseExecutor.doExecute(TestCaseExecutor.java:433)
	at com.kms.katalon.core.main.TestCaseExecutor.processExecutionPhase(TestCaseExecutor.java:412)
	at com.kms.katalon.core.main.TestCaseExecutor.accessMainPhase(TestCaseExecutor.java:404)
	at com.kms.katalon.core.main.TestCaseExecutor.execute(TestCaseExecutor.java:281)
	at com.kms.katalon.core.main.TestSuiteExecutor.accessTestCaseMainPhase(TestSuiteExecutor.java:202)
	at com.kms.katalon.core.main.TestSuiteExecutor.accessTestSuiteMainPhase(TestSuiteExecutor.java:164)
	at com.kms.katalon.core.main.TestSuiteExecutor.execute(TestSuiteExecutor.java:105)
	at com.kms.katalon.core.main.TestCaseMain.startTestSuite(TestCaseMain.java:185)
	at com.kms.katalon.core.main.TestCaseMain$startTestSuite$0.call(Unknown Source)
	at TempTestSuite1672858415003.run(TempTestSuite1672858415003.groovy:36)
)
	at com.kms.katalon.core.keyword.internal.KeywordMain.stepFailed(KeywordMain.groovy:39)
	at com.kms.katalon.core.webui.keyword.internal.WebUIKeywordMain.stepFailed(WebUIKeywordMain.groovy:64)
	at com.kms.katalon.core.webui.keyword.builtin.VerifyTextPresentKeyword$_verifyTextPresent_closure1.doCall(VerifyTextPresentKeyword.groovy:79)
	at com.kms.katalon.core.webui.keyword.builtin.VerifyTextPresentKeyword$_verifyTextPresent_closure1.call(VerifyTextPresentKeyword.groovy)
	at com.kms.katalon.core.webui.keyword.internal.WebUIKeywordMain.runKeyword(WebUIKeywordMain.groovy:20)
	at com.kms.katalon.core.webui.keyword.builtin.VerifyTextPresentKeyword.verifyTextPresent(VerifyTextPresentKeyword.groovy:83)
	at com.kms.katalon.core.webui.keyword.builtin.VerifyTextPresentKeyword.execute(VerifyTextPresentKeyword.groovy:68)
	at com.kms.katalon.core.keyword.internal.KeywordExecutor.executeKeywordForPlatform(KeywordExecutor.groovy:74)
	at com.kms.katalon.core.webui.keyword.WebUiBuiltInKeywords.verifyTextPresent(WebUiBuiltInKeywords.groovy:1723)
	at com.kms.katalon.core.webui.keyword.WebUiBuiltInKeywords$verifyTextPresent$3.call(Unknown Source)
	at EstimatedTax_MRF_TC.run(EstimatedTax_MRF_TC:84)
	at com.kms.katalon.core.main.ScriptEngine.run(ScriptEngine.java:194)
	at com.kms.katalon.core.main.ScriptEngine.runScriptAsRawText(ScriptEngine.java:119)
	at com.kms.katalon.core.main.TestCaseExecutor.runScript(TestCaseExecutor.java:442)
	at com.kms.katalon.core.main.TestCaseExecutor.doExecute(TestCaseExecutor.java:433)
	at com.kms.katalon.core.main.TestCaseExecutor.processExecutionPhase(TestCaseExecutor.java:412)
	at com.kms.katalon.core.main.TestCaseExecutor.accessMainPhase(TestCaseExecutor.java:404)
	at com.kms.katalon.core.main.TestCaseExecutor.execute(TestCaseExecutor.java:281)
	at com.kms.katalon.core.main.TestSuiteExecutor.accessTestCaseMainPhase(TestSuiteExecutor.java:202)
	at com.kms.katalon.core.main.TestSuiteExecutor.accessTestSuiteMainPhase(TestSuiteExecutor.java:164)
	at com.kms.katalon.core.main.TestSuiteExecutor.execute(TestSuiteExecutor.java:105)
	at com.kms.katalon.core.main.TestCaseMain.startTestSuite(TestCaseMain.java:185)
	at com.kms.katalon.core.main.TestCaseMain$startTestSuite$0.call(Unknown Source)
	at TempTestSuite1672858415003.run(TempTestSuite1672858415003.groovy:36)
Caused by: com.kms.katalon.core.exception.StepFailedException: Text 'Enter a phone number' is not present on page  using regular expression
	... 23 more


2023-01-04 14:03:09 - [TEST_STEP][PASSED] - openBrowser(""): Browser is opened with url: ''

2023-01-04 14:03:09 - [MESSAGE][WARNING] - A browser is already opened. Closing browser and opening a new one

2023-01-04 14:03:10 - [MESSAGE][INFO] - Starting 'Chrome' driver

2023-01-04 14:03:10 - [MESSAGE][INFO] - User set preference: ['acceptInsecureCerts', 'true']

2023-01-04 14:03:10 - [MESSAGE][INFO] - Action delay is set to 0 milliseconds

2023-01-04 14:03:11 - [MESSAGE][PASSED] - Browser is opened with url: ''

2023-01-04 14:03:11 - [TEST_STEP][PASSED] - maximizeWindow(): Current window maximized

2023-01-04 14:03:11 - [MESSAGE][PASSED] - Current window maximized

2023-01-04 14:03:11 - [TEST_STEP][PASSED] - navigateToUrl(RADurl): Navigate to 'https://qa.velocitypayment.com/client/rad/index.html' successfully

2023-01-04 14:03:13 - [MESSAGE][PASSED] - Navigate to 'https://qa.velocitypayment.com/client/rad/index.html' successfully

2023-01-04 14:03:13 - [TEST_STEP][PASSED] - orPath_Landing = "Object Repository/RAD_Pages/Landing_Page": null

2023-01-04 14:03:13 - [TEST_STEP][PASSED] - orPath_Amount = "Object Repository/RAD_Pages/PaymentAmount_Page": null

2023-01-04 14:03:13 - [TEST_STEP][PASSED] - orPath_FilingStatus = "Object Repository/RAD_Pages/FilingStatus_Page": null

2023-01-04 14:03:13 - [TEST_STEP][PASSED] - orPath_TaxPayer = "Object Repository/RAD_Pages/Taxpayer_Page": null

2023-01-04 14:03:13 - [TEST_STEP][PASSED] - selectOptionByLabel(findTestObject(orPath_Landing + "/dd_TaxType"), "Estimated Tax", false): All options with label 'Estimated Tax' are selected in object 'Object Repository/RAD_Pages/Landing_Page/dd_TaxType' 

2023-01-04 14:03:14 - [MESSAGE][PASSED] - All options with label 'Estimated Tax' are selected in object 'Object Repository/RAD_Pages/Landing_Page/dd_TaxType' 

2023-01-04 14:03:14 - [TEST_STEP][PASSED] - setText(findTestObject(orPath_TaxPayer + "/input_lastName"), "Anderson"): Text 'Anderson' is set on object 'Object Repository/RAD_Pages/Taxpayer_Page/input_lastName'

2023-01-04 14:03:15 - [MESSAGE][PASSED] - Text 'Anderson' is set on object 'Object Repository/RAD_Pages/Taxpayer_Page/input_lastName'

2023-01-04 14:03:15 - [TEST_STEP][PASSED] - setText(findTestObject("RAD_RecordAndPlay/input_concatSSN"), "123451234"): Text '123451234' is set on object 'Object Repository/RAD_RecordAndPlay/input_concatSSN'

2023-01-04 14:03:15 - [MESSAGE][PASSED] - Text '123451234' is set on object 'Object Repository/RAD_RecordAndPlay/input_concatSSN'

2023-01-04 14:03:15 - [TEST_STEP][PASSED] - setText(findTestObject("RAD_RecordAndPlay/input_concatReSSN"), "123451234"): Text '123451234' is set on object 'Object Repository/RAD_RecordAndPlay/input_concatReSSN'

2023-01-04 14:03:16 - [MESSAGE][PASSED] - Text '123451234' is set on object 'Object Repository/RAD_RecordAndPlay/input_concatReSSN'

2023-01-04 14:03:16 - [TEST_STEP][PASSED] - setText(findTestObject(orPath_TaxPayer + "/input_firstName"), ""): Text '' is set on object 'Object Repository/RAD_Pages/Taxpayer_Page/input_firstName'

2023-01-04 14:03:17 - [MESSAGE][PASSED] - Text '' is set on object 'Object Repository/RAD_Pages/Taxpayer_Page/input_firstName'

2023-01-04 14:03:17 - [TEST_STEP][PASSED] - scrollToElement(findTestObject(orPath_Landing + "/button_Continue"), 3): Scroll to object 'Object Repository/RAD_Pages/Landing_Page/button_Continue' successfully

2023-01-04 14:03:17 - [MESSAGE][PASSED] - Scroll to object 'Object Repository/RAD_Pages/Landing_Page/button_Continue' successfully

2023-01-04 14:03:17 - [TEST_STEP][PASSED] - waitForElementClickable(findTestObject(orPath_Landing + "/button_Continue"), 5): Object 'Object Repository/RAD_Pages/Landing_Page/button_Continue' is clickable

2023-01-04 14:03:18 - [MESSAGE][PASSED] - Object 'Object Repository/RAD_Pages/Landing_Page/button_Continue' is clickable

2023-01-04 14:03:18 - [TEST_STEP][PASSED] - click(findTestObject(orPath_Landing + "/button_Continue")): Object: 'Object Repository/RAD_Pages/Landing_Page/button_Continue' is clicked on

2023-01-04 14:03:18 - [MESSAGE][PASSED] - Object: 'Object Repository/RAD_Pages/Landing_Page/button_Continue' is clicked on

2023-01-04 14:03:18 - [TEST_STEP][PASSED] - verifyTextPresent("Select a payment type", true): Text 'Select a payment type' is present on page  using regular expression

2023-01-04 14:03:19 - [MESSAGE][PASSED] - Text 'Select a payment type' is present on page  using regular expression

2023-01-04 14:03:19 - [TEST_STEP][PASSED] - verifyTextPresent("Enter first name", true): Text 'Enter first name' is present on page  using regular expression

2023-01-04 14:03:19 - [MESSAGE][PASSED] - Text 'Enter first name' is present on page  using regular expression

2023-01-04 14:03:19 - [TEST_STEP][PASSED] - verifyTextPresent("Enter address", true): Text 'Enter address' is present on page  using regular expression

2023-01-04 14:03:20 - [MESSAGE][PASSED] - Text 'Enter address' is present on page  using regular expression

2023-01-04 14:03:20 - [TEST_STEP][PASSED] - verifyTextPresent("Enter city", true): Text 'Enter city' is present on page  using regular expression

2023-01-04 14:03:20 - [MESSAGE][PASSED] - Text 'Enter city' is present on page  using regular expression

2023-01-04 14:03:20 - [TEST_STEP][PASSED] - verifyTextPresent("Select a state", true): Text 'Select a state' is present on page  using regular expression

2023-01-04 14:03:21 - [MESSAGE][PASSED] - Text 'Select a state' is present on page  using regular expression

2023-01-04 14:03:21 - [TEST_STEP][PASSED] - verifyTextPresent("Enter ZIP code", true): Text 'Enter ZIP code' is present on page  using regular expression

2023-01-04 14:03:21 - [MESSAGE][PASSED] - Text 'Enter ZIP code' is present on page  using regular expression

2023-01-04 14:03:21 - [TEST_STEP][FAILED] - verifyTextPresent("Enter a phone number", true): Text 'Enter a phone number' is not present on page  using regular expression (Root cause: com.kms.katalon.core.exception.StepFailedException: Text 'Enter a phone number' is not present on page  using regular expression
	at com.kms.katalon.core.webui.keyword.internal.WebUIKeywordMain.stepFailed(WebUIKeywordMain.groovy:64)
	at com.kms.katalon.core.webui.keyword.builtin.VerifyTextPresentKeyword$_verifyTextPresent_closure1.doCall(VerifyTextPresentKeyword.groovy:79)
	at com.kms.katalon.core.webui.keyword.builtin.VerifyTextPresentKeyword$_verifyTextPresent_closure1.call(VerifyTextPresentKeyword.groovy)
	at com.kms.katalon.core.webui.keyword.internal.WebUIKeywordMain.runKeyword(WebUIKeywordMain.groovy:20)
	at com.kms.katalon.core.webui.keyword.builtin.VerifyTextPresentKeyword.verifyTextPresent(VerifyTextPresentKeyword.groovy:83)
	at com.kms.katalon.core.webui.keyword.builtin.VerifyTextPresentKeyword.execute(VerifyTextPresentKeyword.groovy:68)
	at com.kms.katalon.core.keyword.internal.KeywordExecutor.executeKeywordForPlatform(KeywordExecutor.groovy:74)
	at com.kms.katalon.core.webui.keyword.WebUiBuiltInKeywords.verifyTextPresent(WebUiBuiltInKeywords.groovy:1723)
	at com.kms.katalon.core.webui.keyword.WebUiBuiltInKeywords$verifyTextPresent$3.call(Unknown Source)
	at EstimatedTax_MRF_TC.run(EstimatedTax_MRF_TC:84)
	at com.kms.katalon.core.main.ScriptEngine.run(ScriptEngine.java:194)
	at com.kms.katalon.core.main.ScriptEngine.runScriptAsRawText(ScriptEngine.java:119)
	at com.kms.katalon.core.main.TestCaseExecutor.runScript(TestCaseExecutor.java:442)
	at com.kms.katalon.core.main.TestCaseExecutor.doExecute(TestCaseExecutor.java:433)
	at com.kms.katalon.core.main.TestCaseExecutor.processExecutionPhase(TestCaseExecutor.java:412)
	at com.kms.katalon.core.main.TestCaseExecutor.accessMainPhase(TestCaseExecutor.java:404)
	at com.kms.katalon.core.main.TestCaseExecutor.execute(TestCaseExecutor.java:281)
	at com.kms.katalon.core.main.TestSuiteExecutor.accessTestCaseMainPhase(TestSuiteExecutor.java:202)
	at com.kms.katalon.core.main.TestSuiteExecutor.accessTestSuiteMainPhase(TestSuiteExecutor.java:164)
	at com.kms.katalon.core.main.TestSuiteExecutor.execute(TestSuiteExecutor.java:105)
	at com.kms.katalon.core.main.TestCaseMain.startTestSuite(TestCaseMain.java:185)
	at com.kms.katalon.core.main.TestCaseMain$startTestSuite$0.call(Unknown Source)
	at TempTestSuite1672858415003.run(TempTestSuite1672858415003.groovy:36)
)

2023-01-04 14:03:22 - [MESSAGE][FAILED] - Text 'Enter a phone number' is not present on page  using regular expression (Root cause: com.kms.katalon.core.exception.StepFailedException: Text 'Enter a phone number' is not present on page  using regular expression
	at com.kms.katalon.core.webui.keyword.internal.WebUIKeywordMain.stepFailed(WebUIKeywordMain.groovy:64)
	at com.kms.katalon.core.webui.keyword.builtin.VerifyTextPresentKeyword$_verifyTextPresent_closure1.doCall(VerifyTextPresentKeyword.groovy:79)
	at com.kms.katalon.core.webui.keyword.builtin.VerifyTextPresentKeyword$_verifyTextPresent_closure1.call(VerifyTextPresentKeyword.groovy)
	at com.kms.katalon.core.webui.keyword.internal.WebUIKeywordMain.runKeyword(WebUIKeywordMain.groovy:20)
	at com.kms.katalon.core.webui.keyword.builtin.VerifyTextPresentKeyword.verifyTextPresent(VerifyTextPresentKeyword.groovy:83)
	at com.kms.katalon.core.webui.keyword.builtin.VerifyTextPresentKeyword.execute(VerifyTextPresentKeyword.groovy:68)
	at com.kms.katalon.core.keyword.internal.KeywordExecutor.executeKeywordForPlatform(KeywordExecutor.groovy:74)
	at com.kms.katalon.core.webui.keyword.WebUiBuiltInKeywords.verifyTextPresent(WebUiBuiltInKeywords.groovy:1723)
	at com.kms.katalon.core.webui.keyword.WebUiBuiltInKeywords$verifyTextPresent$3.call(Unknown Source)
	at EstimatedTax_MRF_TC.run(EstimatedTax_MRF_TC:84)
	at com.kms.katalon.core.main.ScriptEngine.run(ScriptEngine.java:194)
	at com.kms.katalon.core.main.ScriptEngine.runScriptAsRawText(ScriptEngine.java:119)
	at com.kms.katalon.core.main.TestCaseExecutor.runScript(TestCaseExecutor.java:442)
	at com.kms.katalon.core.main.TestCaseExecutor.doExecute(TestCaseExecutor.java:433)
	at com.kms.katalon.core.main.TestCaseExecutor.processExecutionPhase(TestCaseExecutor.java:412)
	at com.kms.katalon.core.main.TestCaseExecutor.accessMainPhase(TestCaseExecutor.java:404)
	at com.kms.katalon.core.main.TestCaseExecutor.execute(TestCaseExecutor.java:281)
	at com.kms.katalon.core.main.TestSuiteExecutor.accessTestCaseMainPhase(TestSuiteExecutor.java:202)
	at com.kms.katalon.core.main.TestSuiteExecutor.accessTestSuiteMainPhase(TestSuiteExecutor.java:164)
	at com.kms.katalon.core.main.TestSuiteExecutor.execute(TestSuiteExecutor.java:105)
	at com.kms.katalon.core.main.TestCaseMain.startTestSuite(TestCaseMain.java:185)
	at com.kms.katalon.core.main.TestCaseMain$startTestSuite$0.call(Unknown Source)
	at TempTestSuite1672858415003.run(TempTestSuite1672858415003.groovy:36)
)

2023-01-04 14:03:22 - [TEST_STEP][PASSED] - verifyTextPresent("Enter Email", true): Text 'Enter Email' is present on page  using regular expression

2023-01-04 14:03:22 - [MESSAGE][PASSED] - Text 'Enter Email' is present on page  using regular expression

2023-01-04 14:03:22 - [TEST_STEP][PASSED] - verifyTextPresent("The Email and Re-enter email do not match", true): Text 'The Email and Re-enter email do not match' is present on page  using regular expression

2023-01-04 14:03:23 - [MESSAGE][PASSED] - Text 'The Email and Re-enter email do not match' is present on page  using regular expression

2023-01-04 14:03:23 - [TEST_STEP][PASSED] - verifyTextPresent("Payment amount must be greater than zero and less than 10,000,000", true): Text 'Payment amount must be greater than zero and less than 10,000,000' is present on page  using regular expression

2023-01-04 14:03:23 - [MESSAGE][PASSED] - Text 'Payment amount must be greater than zero and less than 10,000,000' is present on page  using regular expression]]></system-out>
         <system-err><![CDATA[2023-01-04 14:03:08 - [TEST_CASE][FAILED] - Test Cases/RAD_TestCases/MRF_TestCases/EstimatedTax_MRF_TC: Test Cases/RAD_TestCases/MRF_TestCases/EstimatedTax_MRF_TC FAILED.
Reason:
com.kms.katalon.core.exception.StepFailedException: Text 'Enter a phone number' is not present on page  using regular expression (Root cause: com.kms.katalon.core.exception.StepFailedException: Text 'Enter a phone number' is not present on page  using regular expression
	at com.kms.katalon.core.webui.keyword.internal.WebUIKeywordMain.stepFailed(WebUIKeywordMain.groovy:64)
	at com.kms.katalon.core.webui.keyword.builtin.VerifyTextPresentKeyword$_verifyTextPresent_closure1.doCall(VerifyTextPresentKeyword.groovy:79)
	at com.kms.katalon.core.webui.keyword.builtin.VerifyTextPresentKeyword$_verifyTextPresent_closure1.call(VerifyTextPresentKeyword.groovy)
	at com.kms.katalon.core.webui.keyword.internal.WebUIKeywordMain.runKeyword(WebUIKeywordMain.groovy:20)
	at com.kms.katalon.core.webui.keyword.builtin.VerifyTextPresentKeyword.verifyTextPresent(VerifyTextPresentKeyword.groovy:83)
	at com.kms.katalon.core.webui.keyword.builtin.VerifyTextPresentKeyword.execute(VerifyTextPresentKeyword.groovy:68)
	at com.kms.katalon.core.keyword.internal.KeywordExecutor.executeKeywordForPlatform(KeywordExecutor.groovy:74)
	at com.kms.katalon.core.webui.keyword.WebUiBuiltInKeywords.verifyTextPresent(WebUiBuiltInKeywords.groovy:1723)
	at com.kms.katalon.core.webui.keyword.WebUiBuiltInKeywords$verifyTextPresent$3.call(Unknown Source)
	at EstimatedTax_MRF_TC.run(EstimatedTax_MRF_TC:84)
	at com.kms.katalon.core.main.ScriptEngine.run(ScriptEngine.java:194)
	at com.kms.katalon.core.main.ScriptEngine.runScriptAsRawText(ScriptEngine.java:119)
	at com.kms.katalon.core.main.TestCaseExecutor.runScript(TestCaseExecutor.java:442)
	at com.kms.katalon.core.main.TestCaseExecutor.doExecute(TestCaseExecutor.java:433)
	at com.kms.katalon.core.main.TestCaseExecutor.processExecutionPhase(TestCaseExecutor.java:412)
	at com.kms.katalon.core.main.TestCaseExecutor.accessMainPhase(TestCaseExecutor.java:404)
	at com.kms.katalon.core.main.TestCaseExecutor.execute(TestCaseExecutor.java:281)
	at com.kms.katalon.core.main.TestSuiteExecutor.accessTestCaseMainPhase(TestSuiteExecutor.java:202)
	at com.kms.katalon.core.main.TestSuiteExecutor.accessTestSuiteMainPhase(TestSuiteExecutor.java:164)
	at com.kms.katalon.core.main.TestSuiteExecutor.execute(TestSuiteExecutor.java:105)
	at com.kms.katalon.core.main.TestCaseMain.startTestSuite(TestCaseMain.java:185)
	at com.kms.katalon.core.main.TestCaseMain$startTestSuite$0.call(Unknown Source)
	at TempTestSuite1672858415003.run(TempTestSuite1672858415003.groovy:36)
)
	at com.kms.katalon.core.keyword.internal.KeywordMain.stepFailed(KeywordMain.groovy:39)
	at com.kms.katalon.core.webui.keyword.internal.WebUIKeywordMain.stepFailed(WebUIKeywordMain.groovy:64)
	at com.kms.katalon.core.webui.keyword.builtin.VerifyTextPresentKeyword$_verifyTextPresent_closure1.doCall(VerifyTextPresentKeyword.groovy:79)
	at com.kms.katalon.core.webui.keyword.builtin.VerifyTextPresentKeyword$_verifyTextPresent_closure1.call(VerifyTextPresentKeyword.groovy)
	at com.kms.katalon.core.webui.keyword.internal.WebUIKeywordMain.runKeyword(WebUIKeywordMain.groovy:20)
	at com.kms.katalon.core.webui.keyword.builtin.VerifyTextPresentKeyword.verifyTextPresent(VerifyTextPresentKeyword.groovy:83)
	at com.kms.katalon.core.webui.keyword.builtin.VerifyTextPresentKeyword.execute(VerifyTextPresentKeyword.groovy:68)
	at com.kms.katalon.core.keyword.internal.KeywordExecutor.executeKeywordForPlatform(KeywordExecutor.groovy:74)
	at com.kms.katalon.core.webui.keyword.WebUiBuiltInKeywords.verifyTextPresent(WebUiBuiltInKeywords.groovy:1723)
	at com.kms.katalon.core.webui.keyword.WebUiBuiltInKeywords$verifyTextPresent$3.call(Unknown Source)
	at EstimatedTax_MRF_TC.run(EstimatedTax_MRF_TC:84)
	at com.kms.katalon.core.main.ScriptEngine.run(ScriptEngine.java:194)
	at com.kms.katalon.core.main.ScriptEngine.runScriptAsRawText(ScriptEngine.java:119)
	at com.kms.katalon.core.main.TestCaseExecutor.runScript(TestCaseExecutor.java:442)
	at com.kms.katalon.core.main.TestCaseExecutor.doExecute(TestCaseExecutor.java:433)
	at com.kms.katalon.core.main.TestCaseExecutor.processExecutionPhase(TestCaseExecutor.java:412)
	at com.kms.katalon.core.main.TestCaseExecutor.accessMainPhase(TestCaseExecutor.java:404)
	at com.kms.katalon.core.main.TestCaseExecutor.execute(TestCaseExecutor.java:281)
	at com.kms.katalon.core.main.TestSuiteExecutor.accessTestCaseMainPhase(TestSuiteExecutor.java:202)
	at com.kms.katalon.core.main.TestSuiteExecutor.accessTestSuiteMainPhase(TestSuiteExecutor.java:164)
	at com.kms.katalon.core.main.TestSuiteExecutor.execute(TestSuiteExecutor.java:105)
	at com.kms.katalon.core.main.TestCaseMain.startTestSuite(TestCaseMain.java:185)
	at com.kms.katalon.core.main.TestCaseMain$startTestSuite$0.call(Unknown Source)
	at TempTestSuite1672858415003.run(TempTestSuite1672858415003.groovy:36)
Caused by: com.kms.katalon.core.exception.StepFailedException: Text 'Enter a phone number' is not present on page  using regular expression
	... 23 more]]></system-err>
      </testcase>
      <testcase name="Test Cases/RAD_TestCases/MRF_TestCases/PersonalIncomeTax_MRF_TC" time="14.715" classname="Test Cases/RAD_TestCases/MRF_TestCases/PersonalIncomeTax_MRF_TC" status="FAILED">
         <failure type="FAILED" message="Test Cases/RAD_TestCases/MRF_TestCases/PersonalIncomeTax_MRF_TC FAILED.
Reason:
com.kms.katalon.core.exception.StepFailedException: Text 'Enter a phone number' is not present on page  using regular expression (Root cause: com.kms.katalon.core.exception.StepFailedException: Text 'Enter a phone number' is not present on page  using regular expression
	at com.kms.katalon.core.webui.keyword.internal.WebUIKeywordMain.stepFailed(WebUIKeywordMain.groovy:64)
	at com.kms.katalon.core.webui.keyword.builtin.VerifyTextPresentKeyword$_verifyTextPresent_closure1.doCall(VerifyTextPresentKeyword.groovy:79)
	at com.kms.katalon.core.webui.keyword.builtin.VerifyTextPresentKeyword$_verifyTextPresent_closure1.call(VerifyTextPresentKeyword.groovy)
	at com.kms.katalon.core.webui.keyword.internal.WebUIKeywordMain.runKeyword(WebUIKeywordMain.groovy:20)
	at com.kms.katalon.core.webui.keyword.builtin.VerifyTextPresentKeyword.verifyTextPresent(VerifyTextPresentKeyword.groovy:83)
	at com.kms.katalon.core.webui.keyword.builtin.VerifyTextPresentKeyword.execute(VerifyTextPresentKeyword.groovy:68)
	at com.kms.katalon.core.keyword.internal.KeywordExecutor.executeKeywordForPlatform(KeywordExecutor.groovy:74)
	at com.kms.katalon.core.webui.keyword.WebUiBuiltInKeywords.verifyTextPresent(WebUiBuiltInKeywords.groovy:1723)
	at com.kms.katalon.core.webui.keyword.WebUiBuiltInKeywords$verifyTextPresent$3.call(Unknown Source)
	at PersonalIncomeTax_MRF_TC.run(PersonalIncomeTax_MRF_TC:78)
	at com.kms.katalon.core.main.ScriptEngine.run(ScriptEngine.java:194)
	at com.kms.katalon.core.main.ScriptEngine.runScriptAsRawText(ScriptEngine.java:119)
	at com.kms.katalon.core.main.TestCaseExecutor.runScript(TestCaseExecutor.java:442)
	at com.kms.katalon.core.main.TestCaseExecutor.doExecute(TestCaseExecutor.java:433)
	at com.kms.katalon.core.main.TestCaseExecutor.processExecutionPhase(TestCaseExecutor.java:412)
	at com.kms.katalon.core.main.TestCaseExecutor.accessMainPhase(TestCaseExecutor.java:404)
	at com.kms.katalon.core.main.TestCaseExecutor.execute(TestCaseExecutor.java:281)
	at com.kms.katalon.core.main.TestSuiteExecutor.accessTestCaseMainPhase(TestSuiteExecutor.java:202)
	at com.kms.katalon.core.main.TestSuiteExecutor.accessTestSuiteMainPhase(TestSuiteExecutor.java:164)
	at com.kms.katalon.core.main.TestSuiteExecutor.execute(TestSuiteExecutor.java:105)
	at com.kms.katalon.core.main.TestCaseMain.startTestSuite(TestCaseMain.java:185)
	at com.kms.katalon.core.main.TestCaseMain$startTestSuite$0.call(Unknown Source)
	at TempTestSuite1672858415003.run(TempTestSuite1672858415003.groovy:36)
)
	at com.kms.katalon.core.keyword.internal.KeywordMain.stepFailed(KeywordMain.groovy:39)
	at com.kms.katalon.core.webui.keyword.internal.WebUIKeywordMain.stepFailed(WebUIKeywordMain.groovy:64)
	at com.kms.katalon.core.webui.keyword.builtin.VerifyTextPresentKeyword$_verifyTextPresent_closure1.doCall(VerifyTextPresentKeyword.groovy:79)
	at com.kms.katalon.core.webui.keyword.builtin.VerifyTextPresentKeyword$_verifyTextPresent_closure1.call(VerifyTextPresentKeyword.groovy)
	at com.kms.katalon.core.webui.keyword.internal.WebUIKeywordMain.runKeyword(WebUIKeywordMain.groovy:20)
	at com.kms.katalon.core.webui.keyword.builtin.VerifyTextPresentKeyword.verifyTextPresent(VerifyTextPresentKeyword.groovy:83)
	at com.kms.katalon.core.webui.keyword.builtin.VerifyTextPresentKeyword.execute(VerifyTextPresentKeyword.groovy:68)
	at com.kms.katalon.core.keyword.internal.KeywordExecutor.executeKeywordForPlatform(KeywordExecutor.groovy:74)
	at com.kms.katalon.core.webui.keyword.WebUiBuiltInKeywords.verifyTextPresent(WebUiBuiltInKeywords.groovy:1723)
	at com.kms.katalon.core.webui.keyword.WebUiBuiltInKeywords$verifyTextPresent$3.call(Unknown Source)
	at PersonalIncomeTax_MRF_TC.run(PersonalIncomeTax_MRF_TC:78)
	at com.kms.katalon.core.main.ScriptEngine.run(ScriptEngine.java:194)
	at com.kms.katalon.core.main.ScriptEngine.runScriptAsRawText(ScriptEngine.java:119)
	at com.kms.katalon.core.main.TestCaseExecutor.runScript(TestCaseExecutor.java:442)
	at com.kms.katalon.core.main.TestCaseExecutor.doExecute(TestCaseExecutor.java:433)
	at com.kms.katalon.core.main.TestCaseExecutor.processExecutionPhase(TestCaseExecutor.java:412)
	at com.kms.katalon.core.main.TestCaseExecutor.accessMainPhase(TestCaseExecutor.java:404)
	at com.kms.katalon.core.main.TestCaseExecutor.execute(TestCaseExecutor.java:281)
	at com.kms.katalon.core.main.TestSuiteExecutor.accessTestCaseMainPhase(TestSuiteExecutor.java:202)
	at com.kms.katalon.core.main.TestSuiteExecutor.accessTestSuiteMainPhase(TestSuiteExecutor.java:164)
	at com.kms.katalon.core.main.TestSuiteExecutor.execute(TestSuiteExecutor.java:105)
	at com.kms.katalon.core.main.TestCaseMain.startTestSuite(TestCaseMain.java:185)
	at com.kms.katalon.core.main.TestCaseMain$startTestSuite$0.call(Unknown Source)
	at TempTestSuite1672858415003.run(TempTestSuite1672858415003.groovy:36)
Caused by: com.kms.katalon.core.exception.StepFailedException: Text 'Enter a phone number' is not present on page  using regular expression
	... 23 more
"/>
         <system-out><![CDATA[2023-01-04 14:03:23 - [TEST_CASE][FAILED] - Test Cases/RAD_TestCases/MRF_TestCases/PersonalIncomeTax_MRF_TC: Test Cases/RAD_TestCases/MRF_TestCases/PersonalIncomeTax_MRF_TC FAILED.
Reason:
com.kms.katalon.core.exception.StepFailedException: Text 'Enter a phone number' is not present on page  using regular expression (Root cause: com.kms.katalon.core.exception.StepFailedException: Text 'Enter a phone number' is not present on page  using regular expression
	at com.kms.katalon.core.webui.keyword.internal.WebUIKeywordMain.stepFailed(WebUIKeywordMain.groovy:64)
	at com.kms.katalon.core.webui.keyword.builtin.VerifyTextPresentKeyword$_verifyTextPresent_closure1.doCall(VerifyTextPresentKeyword.groovy:79)
	at com.kms.katalon.core.webui.keyword.builtin.VerifyTextPresentKeyword$_verifyTextPresent_closure1.call(VerifyTextPresentKeyword.groovy)
	at com.kms.katalon.core.webui.keyword.internal.WebUIKeywordMain.runKeyword(WebUIKeywordMain.groovy:20)
	at com.kms.katalon.core.webui.keyword.builtin.VerifyTextPresentKeyword.verifyTextPresent(VerifyTextPresentKeyword.groovy:83)
	at com.kms.katalon.core.webui.keyword.builtin.VerifyTextPresentKeyword.execute(VerifyTextPresentKeyword.groovy:68)
	at com.kms.katalon.core.keyword.internal.KeywordExecutor.executeKeywordForPlatform(KeywordExecutor.groovy:74)
	at com.kms.katalon.core.webui.keyword.WebUiBuiltInKeywords.verifyTextPresent(WebUiBuiltInKeywords.groovy:1723)
	at com.kms.katalon.core.webui.keyword.WebUiBuiltInKeywords$verifyTextPresent$3.call(Unknown Source)
	at PersonalIncomeTax_MRF_TC.run(PersonalIncomeTax_MRF_TC:78)
	at com.kms.katalon.core.main.ScriptEngine.run(ScriptEngine.java:194)
	at com.kms.katalon.core.main.ScriptEngine.runScriptAsRawText(ScriptEngine.java:119)
	at com.kms.katalon.core.main.TestCaseExecutor.runScript(TestCaseExecutor.java:442)
	at com.kms.katalon.core.main.TestCaseExecutor.doExecute(TestCaseExecutor.java:433)
	at com.kms.katalon.core.main.TestCaseExecutor.processExecutionPhase(TestCaseExecutor.java:412)
	at com.kms.katalon.core.main.TestCaseExecutor.accessMainPhase(TestCaseExecutor.java:404)
	at com.kms.katalon.core.main.TestCaseExecutor.execute(TestCaseExecutor.java:281)
	at com.kms.katalon.core.main.TestSuiteExecutor.accessTestCaseMainPhase(TestSuiteExecutor.java:202)
	at com.kms.katalon.core.main.TestSuiteExecutor.accessTestSuiteMainPhase(TestSuiteExecutor.java:164)
	at com.kms.katalon.core.main.TestSuiteExecutor.execute(TestSuiteExecutor.java:105)
	at com.kms.katalon.core.main.TestCaseMain.startTestSuite(TestCaseMain.java:185)
	at com.kms.katalon.core.main.TestCaseMain$startTestSuite$0.call(Unknown Source)
	at TempTestSuite1672858415003.run(TempTestSuite1672858415003.groovy:36)
)
	at com.kms.katalon.core.keyword.internal.KeywordMain.stepFailed(KeywordMain.groovy:39)
	at com.kms.katalon.core.webui.keyword.internal.WebUIKeywordMain.stepFailed(WebUIKeywordMain.groovy:64)
	at com.kms.katalon.core.webui.keyword.builtin.VerifyTextPresentKeyword$_verifyTextPresent_closure1.doCall(VerifyTextPresentKeyword.groovy:79)
	at com.kms.katalon.core.webui.keyword.builtin.VerifyTextPresentKeyword$_verifyTextPresent_closure1.call(VerifyTextPresentKeyword.groovy)
	at com.kms.katalon.core.webui.keyword.internal.WebUIKeywordMain.runKeyword(WebUIKeywordMain.groovy:20)
	at com.kms.katalon.core.webui.keyword.builtin.VerifyTextPresentKeyword.verifyTextPresent(VerifyTextPresentKeyword.groovy:83)
	at com.kms.katalon.core.webui.keyword.builtin.VerifyTextPresentKeyword.execute(VerifyTextPresentKeyword.groovy:68)
	at com.kms.katalon.core.keyword.internal.KeywordExecutor.executeKeywordForPlatform(KeywordExecutor.groovy:74)
	at com.kms.katalon.core.webui.keyword.WebUiBuiltInKeywords.verifyTextPresent(WebUiBuiltInKeywords.groovy:1723)
	at com.kms.katalon.core.webui.keyword.WebUiBuiltInKeywords$verifyTextPresent$3.call(Unknown Source)
	at PersonalIncomeTax_MRF_TC.run(PersonalIncomeTax_MRF_TC:78)
	at com.kms.katalon.core.main.ScriptEngine.run(ScriptEngine.java:194)
	at com.kms.katalon.core.main.ScriptEngine.runScriptAsRawText(ScriptEngine.java:119)
	at com.kms.katalon.core.main.TestCaseExecutor.runScript(TestCaseExecutor.java:442)
	at com.kms.katalon.core.main.TestCaseExecutor.doExecute(TestCaseExecutor.java:433)
	at com.kms.katalon.core.main.TestCaseExecutor.processExecutionPhase(TestCaseExecutor.java:412)
	at com.kms.katalon.core.main.TestCaseExecutor.accessMainPhase(TestCaseExecutor.java:404)
	at com.kms.katalon.core.main.TestCaseExecutor.execute(TestCaseExecutor.java:281)
	at com.kms.katalon.core.main.TestSuiteExecutor.accessTestCaseMainPhase(TestSuiteExecutor.java:202)
	at com.kms.katalon.core.main.TestSuiteExecutor.accessTestSuiteMainPhase(TestSuiteExecutor.java:164)
	at com.kms.katalon.core.main.TestSuiteExecutor.execute(TestSuiteExecutor.java:105)
	at com.kms.katalon.core.main.TestCaseMain.startTestSuite(TestCaseMain.java:185)
	at com.kms.katalon.core.main.TestCaseMain$startTestSuite$0.call(Unknown Source)
	at TempTestSuite1672858415003.run(TempTestSuite1672858415003.groovy:36)
Caused by: com.kms.katalon.core.exception.StepFailedException: Text 'Enter a phone number' is not present on page  using regular expression
	... 23 more


2023-01-04 14:03:23 - [TEST_STEP][PASSED] - openBrowser(""): Browser is opened with url: ''

2023-01-04 14:03:23 - [MESSAGE][WARNING] - A browser is already opened. Closing browser and opening a new one

2023-01-04 14:03:24 - [MESSAGE][INFO] - Starting 'Chrome' driver

2023-01-04 14:03:24 - [MESSAGE][INFO] - User set preference: ['acceptInsecureCerts', 'true']

2023-01-04 14:03:24 - [MESSAGE][INFO] - Action delay is set to 0 milliseconds

2023-01-04 14:03:26 - [MESSAGE][PASSED] - Browser is opened with url: ''

2023-01-04 14:03:26 - [TEST_STEP][PASSED] - maximizeWindow(): Current window maximized

2023-01-04 14:03:26 - [MESSAGE][PASSED] - Current window maximized

2023-01-04 14:03:26 - [TEST_STEP][PASSED] - navigateToUrl(RADurl): Navigate to 'https://qa.velocitypayment.com/client/rad/index.html' successfully

2023-01-04 14:03:28 - [MESSAGE][PASSED] - Navigate to 'https://qa.velocitypayment.com/client/rad/index.html' successfully

2023-01-04 14:03:28 - [TEST_STEP][PASSED] - orPath_Landing = "Object Repository/RAD_Pages/Landing_Page": null

2023-01-04 14:03:28 - [TEST_STEP][PASSED] - orPath_Amount = "Object Repository/RAD_Pages/PaymentAmount_Page": null

2023-01-04 14:03:28 - [TEST_STEP][PASSED] - orPath_FilingStatus = "Object Repository/RAD_Pages/FilingStatus_Page": null

2023-01-04 14:03:28 - [TEST_STEP][PASSED] - orPath_TaxPayer = "Object Repository/RAD_Pages/Taxpayer_Page": null

2023-01-04 14:03:28 - [TEST_STEP][PASSED] - selectOptionByLabel(findTestObject(orPath_Landing + "/dd_TaxType"), "Personal Income Tax", false): All options with label 'Personal Income Tax' are selected in object 'Object Repository/RAD_Pages/Landing_Page/dd_TaxType' 

2023-01-04 14:03:28 - [MESSAGE][PASSED] - All options with label 'Personal Income Tax' are selected in object 'Object Repository/RAD_Pages/Landing_Page/dd_TaxType' 

2023-01-04 14:03:28 - [TEST_STEP][PASSED] - setText(findTestObject("RAD_RecordAndPlay/input_concatSSN"), "123451234"): Text '123451234' is set on object 'Object Repository/RAD_RecordAndPlay/input_concatSSN'

2023-01-04 14:03:29 - [MESSAGE][PASSED] - Text '123451234' is set on object 'Object Repository/RAD_RecordAndPlay/input_concatSSN'

2023-01-04 14:03:29 - [TEST_STEP][PASSED] - setText(findTestObject("RAD_RecordAndPlay/input_concatReSSN"), "123451234"): Text '123451234' is set on object 'Object Repository/RAD_RecordAndPlay/input_concatReSSN'

2023-01-04 14:03:30 - [MESSAGE][PASSED] - Text '123451234' is set on object 'Object Repository/RAD_RecordAndPlay/input_concatReSSN'

2023-01-04 14:03:30 - [TEST_STEP][PASSED] - setText(findTestObject(orPath_TaxPayer + "/input_lastName"), "Anderson"): Text 'Anderson' is set on object 'Object Repository/RAD_Pages/Taxpayer_Page/input_lastName'

2023-01-04 14:03:31 - [MESSAGE][PASSED] - Text 'Anderson' is set on object 'Object Repository/RAD_Pages/Taxpayer_Page/input_lastName'

2023-01-04 14:03:31 - [TEST_STEP][PASSED] - scrollToElement(findTestObject(orPath_Landing + "/button_Continue"), 3): Scroll to object 'Object Repository/RAD_Pages/Landing_Page/button_Continue' successfully

2023-01-04 14:03:32 - [MESSAGE][PASSED] - Scroll to object 'Object Repository/RAD_Pages/Landing_Page/button_Continue' successfully

2023-01-04 14:03:32 - [TEST_STEP][PASSED] - waitForElementClickable(findTestObject(orPath_Landing + "/button_Continue"), 5): Object 'Object Repository/RAD_Pages/Landing_Page/button_Continue' is clickable

2023-01-04 14:03:32 - [MESSAGE][PASSED] - Object 'Object Repository/RAD_Pages/Landing_Page/button_Continue' is clickable

2023-01-04 14:03:32 - [TEST_STEP][PASSED] - click(findTestObject(orPath_Landing + "/button_Continue")): Object: 'Object Repository/RAD_Pages/Landing_Page/button_Continue' is clicked on

2023-01-04 14:03:33 - [MESSAGE][PASSED] - Object: 'Object Repository/RAD_Pages/Landing_Page/button_Continue' is clicked on

2023-01-04 14:03:33 - [TEST_STEP][PASSED] - verifyTextPresent("Select a filing year", true): Text 'Select a filing year' is present on page  using regular expression

2023-01-04 14:03:34 - [MESSAGE][PASSED] - Text 'Select a filing year' is present on page  using regular expression

2023-01-04 14:03:34 - [TEST_STEP][PASSED] - verifyTextPresent("Enter first name", true): Text 'Enter first name' is present on page  using regular expression

2023-01-04 14:03:34 - [MESSAGE][PASSED] - Text 'Enter first name' is present on page  using regular expression

2023-01-04 14:03:34 - [TEST_STEP][PASSED] - verifyTextPresent("Enter address", true): Text 'Enter address' is present on page  using regular expression

2023-01-04 14:03:35 - [MESSAGE][PASSED] - Text 'Enter address' is present on page  using regular expression

2023-01-04 14:03:35 - [TEST_STEP][PASSED] - verifyTextPresent("Enter city", true): Text 'Enter city' is present on page  using regular expression

2023-01-04 14:03:35 - [MESSAGE][PASSED] - Text 'Enter city' is present on page  using regular expression

2023-01-04 14:03:35 - [TEST_STEP][PASSED] - verifyTextPresent("Select a state", true): Text 'Select a state' is present on page  using regular expression

2023-01-04 14:03:35 - [MESSAGE][PASSED] - Text 'Select a state' is present on page  using regular expression

2023-01-04 14:03:35 - [TEST_STEP][PASSED] - verifyTextPresent("Enter ZIP code", true): Text 'Enter ZIP code' is present on page  using regular expression

2023-01-04 14:03:36 - [MESSAGE][PASSED] - Text 'Enter ZIP code' is present on page  using regular expression

2023-01-04 14:03:36 - [TEST_STEP][FAILED] - verifyTextPresent("Enter a phone number", true): Text 'Enter a phone number' is not present on page  using regular expression (Root cause: com.kms.katalon.core.exception.StepFailedException: Text 'Enter a phone number' is not present on page  using regular expression
	at com.kms.katalon.core.webui.keyword.internal.WebUIKeywordMain.stepFailed(WebUIKeywordMain.groovy:64)
	at com.kms.katalon.core.webui.keyword.builtin.VerifyTextPresentKeyword$_verifyTextPresent_closure1.doCall(VerifyTextPresentKeyword.groovy:79)
	at com.kms.katalon.core.webui.keyword.builtin.VerifyTextPresentKeyword$_verifyTextPresent_closure1.call(VerifyTextPresentKeyword.groovy)
	at com.kms.katalon.core.webui.keyword.internal.WebUIKeywordMain.runKeyword(WebUIKeywordMain.groovy:20)
	at com.kms.katalon.core.webui.keyword.builtin.VerifyTextPresentKeyword.verifyTextPresent(VerifyTextPresentKeyword.groovy:83)
	at com.kms.katalon.core.webui.keyword.builtin.VerifyTextPresentKeyword.execute(VerifyTextPresentKeyword.groovy:68)
	at com.kms.katalon.core.keyword.internal.KeywordExecutor.executeKeywordForPlatform(KeywordExecutor.groovy:74)
	at com.kms.katalon.core.webui.keyword.WebUiBuiltInKeywords.verifyTextPresent(WebUiBuiltInKeywords.groovy:1723)
	at com.kms.katalon.core.webui.keyword.WebUiBuiltInKeywords$verifyTextPresent$3.call(Unknown Source)
	at PersonalIncomeTax_MRF_TC.run(PersonalIncomeTax_MRF_TC:78)
	at com.kms.katalon.core.main.ScriptEngine.run(ScriptEngine.java:194)
	at com.kms.katalon.core.main.ScriptEngine.runScriptAsRawText(ScriptEngine.java:119)
	at com.kms.katalon.core.main.TestCaseExecutor.runScript(TestCaseExecutor.java:442)
	at com.kms.katalon.core.main.TestCaseExecutor.doExecute(TestCaseExecutor.java:433)
	at com.kms.katalon.core.main.TestCaseExecutor.processExecutionPhase(TestCaseExecutor.java:412)
	at com.kms.katalon.core.main.TestCaseExecutor.accessMainPhase(TestCaseExecutor.java:404)
	at com.kms.katalon.core.main.TestCaseExecutor.execute(TestCaseExecutor.java:281)
	at com.kms.katalon.core.main.TestSuiteExecutor.accessTestCaseMainPhase(TestSuiteExecutor.java:202)
	at com.kms.katalon.core.main.TestSuiteExecutor.accessTestSuiteMainPhase(TestSuiteExecutor.java:164)
	at com.kms.katalon.core.main.TestSuiteExecutor.execute(TestSuiteExecutor.java:105)
	at com.kms.katalon.core.main.TestCaseMain.startTestSuite(TestCaseMain.java:185)
	at com.kms.katalon.core.main.TestCaseMain$startTestSuite$0.call(Unknown Source)
	at TempTestSuite1672858415003.run(TempTestSuite1672858415003.groovy:36)
)

2023-01-04 14:03:36 - [MESSAGE][FAILED] - Text 'Enter a phone number' is not present on page  using regular expression (Root cause: com.kms.katalon.core.exception.StepFailedException: Text 'Enter a phone number' is not present on page  using regular expression
	at com.kms.katalon.core.webui.keyword.internal.WebUIKeywordMain.stepFailed(WebUIKeywordMain.groovy:64)
	at com.kms.katalon.core.webui.keyword.builtin.VerifyTextPresentKeyword$_verifyTextPresent_closure1.doCall(VerifyTextPresentKeyword.groovy:79)
	at com.kms.katalon.core.webui.keyword.builtin.VerifyTextPresentKeyword$_verifyTextPresent_closure1.call(VerifyTextPresentKeyword.groovy)
	at com.kms.katalon.core.webui.keyword.internal.WebUIKeywordMain.runKeyword(WebUIKeywordMain.groovy:20)
	at com.kms.katalon.core.webui.keyword.builtin.VerifyTextPresentKeyword.verifyTextPresent(VerifyTextPresentKeyword.groovy:83)
	at com.kms.katalon.core.webui.keyword.builtin.VerifyTextPresentKeyword.execute(VerifyTextPresentKeyword.groovy:68)
	at com.kms.katalon.core.keyword.internal.KeywordExecutor.executeKeywordForPlatform(KeywordExecutor.groovy:74)
	at com.kms.katalon.core.webui.keyword.WebUiBuiltInKeywords.verifyTextPresent(WebUiBuiltInKeywords.groovy:1723)
	at com.kms.katalon.core.webui.keyword.WebUiBuiltInKeywords$verifyTextPresent$3.call(Unknown Source)
	at PersonalIncomeTax_MRF_TC.run(PersonalIncomeTax_MRF_TC:78)
	at com.kms.katalon.core.main.ScriptEngine.run(ScriptEngine.java:194)
	at com.kms.katalon.core.main.ScriptEngine.runScriptAsRawText(ScriptEngine.java:119)
	at com.kms.katalon.core.main.TestCaseExecutor.runScript(TestCaseExecutor.java:442)
	at com.kms.katalon.core.main.TestCaseExecutor.doExecute(TestCaseExecutor.java:433)
	at com.kms.katalon.core.main.TestCaseExecutor.processExecutionPhase(TestCaseExecutor.java:412)
	at com.kms.katalon.core.main.TestCaseExecutor.accessMainPhase(TestCaseExecutor.java:404)
	at com.kms.katalon.core.main.TestCaseExecutor.execute(TestCaseExecutor.java:281)
	at com.kms.katalon.core.main.TestSuiteExecutor.accessTestCaseMainPhase(TestSuiteExecutor.java:202)
	at com.kms.katalon.core.main.TestSuiteExecutor.accessTestSuiteMainPhase(TestSuiteExecutor.java:164)
	at com.kms.katalon.core.main.TestSuiteExecutor.execute(TestSuiteExecutor.java:105)
	at com.kms.katalon.core.main.TestCaseMain.startTestSuite(TestCaseMain.java:185)
	at com.kms.katalon.core.main.TestCaseMain$startTestSuite$0.call(Unknown Source)
	at TempTestSuite1672858415003.run(TempTestSuite1672858415003.groovy:36)
)

2023-01-04 14:03:36 - [TEST_STEP][PASSED] - verifyTextPresent("Enter Email", true): Text 'Enter Email' is present on page  using regular expression

2023-01-04 14:03:37 - [MESSAGE][PASSED] - Text 'Enter Email' is present on page  using regular expression

2023-01-04 14:03:37 - [TEST_STEP][PASSED] - verifyTextPresent("The Email and Re-enter email do not match", true): Text 'The Email and Re-enter email do not match' is present on page  using regular expression

2023-01-04 14:03:37 - [MESSAGE][PASSED] - Text 'The Email and Re-enter email do not match' is present on page  using regular expression

2023-01-04 14:03:37 - [TEST_STEP][PASSED] - verifyTextPresent("Payment amount must be greater than zero and less than 10,000,000", true): Text 'Payment amount must be greater than zero and less than 10,000,000' is present on page  using regular expression

2023-01-04 14:03:38 - [MESSAGE][PASSED] - Text 'Payment amount must be greater than zero and less than 10,000,000' is present on page  using regular expression]]></system-out>
         <system-err><![CDATA[2023-01-04 14:03:23 - [TEST_CASE][FAILED] - Test Cases/RAD_TestCases/MRF_TestCases/PersonalIncomeTax_MRF_TC: Test Cases/RAD_TestCases/MRF_TestCases/PersonalIncomeTax_MRF_TC FAILED.
Reason:
com.kms.katalon.core.exception.StepFailedException: Text 'Enter a phone number' is not present on page  using regular expression (Root cause: com.kms.katalon.core.exception.StepFailedException: Text 'Enter a phone number' is not present on page  using regular expression
	at com.kms.katalon.core.webui.keyword.internal.WebUIKeywordMain.stepFailed(WebUIKeywordMain.groovy:64)
	at com.kms.katalon.core.webui.keyword.builtin.VerifyTextPresentKeyword$_verifyTextPresent_closure1.doCall(VerifyTextPresentKeyword.groovy:79)
	at com.kms.katalon.core.webui.keyword.builtin.VerifyTextPresentKeyword$_verifyTextPresent_closure1.call(VerifyTextPresentKeyword.groovy)
	at com.kms.katalon.core.webui.keyword.internal.WebUIKeywordMain.runKeyword(WebUIKeywordMain.groovy:20)
	at com.kms.katalon.core.webui.keyword.builtin.VerifyTextPresentKeyword.verifyTextPresent(VerifyTextPresentKeyword.groovy:83)
	at com.kms.katalon.core.webui.keyword.builtin.VerifyTextPresentKeyword.execute(VerifyTextPresentKeyword.groovy:68)
	at com.kms.katalon.core.keyword.internal.KeywordExecutor.executeKeywordForPlatform(KeywordExecutor.groovy:74)
	at com.kms.katalon.core.webui.keyword.WebUiBuiltInKeywords.verifyTextPresent(WebUiBuiltInKeywords.groovy:1723)
	at com.kms.katalon.core.webui.keyword.WebUiBuiltInKeywords$verifyTextPresent$3.call(Unknown Source)
	at PersonalIncomeTax_MRF_TC.run(PersonalIncomeTax_MRF_TC:78)
	at com.kms.katalon.core.main.ScriptEngine.run(ScriptEngine.java:194)
	at com.kms.katalon.core.main.ScriptEngine.runScriptAsRawText(ScriptEngine.java:119)
	at com.kms.katalon.core.main.TestCaseExecutor.runScript(TestCaseExecutor.java:442)
	at com.kms.katalon.core.main.TestCaseExecutor.doExecute(TestCaseExecutor.java:433)
	at com.kms.katalon.core.main.TestCaseExecutor.processExecutionPhase(TestCaseExecutor.java:412)
	at com.kms.katalon.core.main.TestCaseExecutor.accessMainPhase(TestCaseExecutor.java:404)
	at com.kms.katalon.core.main.TestCaseExecutor.execute(TestCaseExecutor.java:281)
	at com.kms.katalon.core.main.TestSuiteExecutor.accessTestCaseMainPhase(TestSuiteExecutor.java:202)
	at com.kms.katalon.core.main.TestSuiteExecutor.accessTestSuiteMainPhase(TestSuiteExecutor.java:164)
	at com.kms.katalon.core.main.TestSuiteExecutor.execute(TestSuiteExecutor.java:105)
	at com.kms.katalon.core.main.TestCaseMain.startTestSuite(TestCaseMain.java:185)
	at com.kms.katalon.core.main.TestCaseMain$startTestSuite$0.call(Unknown Source)
	at TempTestSuite1672858415003.run(TempTestSuite1672858415003.groovy:36)
)
	at com.kms.katalon.core.keyword.internal.KeywordMain.stepFailed(KeywordMain.groovy:39)
	at com.kms.katalon.core.webui.keyword.internal.WebUIKeywordMain.stepFailed(WebUIKeywordMain.groovy:64)
	at com.kms.katalon.core.webui.keyword.builtin.VerifyTextPresentKeyword$_verifyTextPresent_closure1.doCall(VerifyTextPresentKeyword.groovy:79)
	at com.kms.katalon.core.webui.keyword.builtin.VerifyTextPresentKeyword$_verifyTextPresent_closure1.call(VerifyTextPresentKeyword.groovy)
	at com.kms.katalon.core.webui.keyword.internal.WebUIKeywordMain.runKeyword(WebUIKeywordMain.groovy:20)
	at com.kms.katalon.core.webui.keyword.builtin.VerifyTextPresentKeyword.verifyTextPresent(VerifyTextPresentKeyword.groovy:83)
	at com.kms.katalon.core.webui.keyword.builtin.VerifyTextPresentKeyword.execute(VerifyTextPresentKeyword.groovy:68)
	at com.kms.katalon.core.keyword.internal.KeywordExecutor.executeKeywordForPlatform(KeywordExecutor.groovy:74)
	at com.kms.katalon.core.webui.keyword.WebUiBuiltInKeywords.verifyTextPresent(WebUiBuiltInKeywords.groovy:1723)
	at com.kms.katalon.core.webui.keyword.WebUiBuiltInKeywords$verifyTextPresent$3.call(Unknown Source)
	at PersonalIncomeTax_MRF_TC.run(PersonalIncomeTax_MRF_TC:78)
	at com.kms.katalon.core.main.ScriptEngine.run(ScriptEngine.java:194)
	at com.kms.katalon.core.main.ScriptEngine.runScriptAsRawText(ScriptEngine.java:119)
	at com.kms.katalon.core.main.TestCaseExecutor.runScript(TestCaseExecutor.java:442)
	at com.kms.katalon.core.main.TestCaseExecutor.doExecute(TestCaseExecutor.java:433)
	at com.kms.katalon.core.main.TestCaseExecutor.processExecutionPhase(TestCaseExecutor.java:412)
	at com.kms.katalon.core.main.TestCaseExecutor.accessMainPhase(TestCaseExecutor.java:404)
	at com.kms.katalon.core.main.TestCaseExecutor.execute(TestCaseExecutor.java:281)
	at com.kms.katalon.core.main.TestSuiteExecutor.accessTestCaseMainPhase(TestSuiteExecutor.java:202)
	at com.kms.katalon.core.main.TestSuiteExecutor.accessTestSuiteMainPhase(TestSuiteExecutor.java:164)
	at com.kms.katalon.core.main.TestSuiteExecutor.execute(TestSuiteExecutor.java:105)
	at com.kms.katalon.core.main.TestCaseMain.startTestSuite(TestCaseMain.java:185)
	at com.kms.katalon.core.main.TestCaseMain$startTestSuite$0.call(Unknown Source)
	at TempTestSuite1672858415003.run(TempTestSuite1672858415003.groovy:36)
Caused by: com.kms.katalon.core.exception.StepFailedException: Text 'Enter a phone number' is not present on page  using regular expression
	... 23 more]]></system-err>
      </testcase>
      <testcase name="Test Cases/RAD_TestCases/MRF_TestCases/ExtensionPayments_MRF_TC" time="14.773" classname="Test Cases/RAD_TestCases/MRF_TestCases/ExtensionPayments_MRF_TC" status="FAILED">
         <failure type="FAILED" message="Test Cases/RAD_TestCases/MRF_TestCases/ExtensionPayments_MRF_TC FAILED.
Reason:
com.kms.katalon.core.exception.StepFailedException: Text 'Enter a phone number' is not present on page  using regular expression (Root cause: com.kms.katalon.core.exception.StepFailedException: Text 'Enter a phone number' is not present on page  using regular expression
	at com.kms.katalon.core.webui.keyword.internal.WebUIKeywordMain.stepFailed(WebUIKeywordMain.groovy:64)
	at com.kms.katalon.core.webui.keyword.builtin.VerifyTextPresentKeyword$_verifyTextPresent_closure1.doCall(VerifyTextPresentKeyword.groovy:79)
	at com.kms.katalon.core.webui.keyword.builtin.VerifyTextPresentKeyword$_verifyTextPresent_closure1.call(VerifyTextPresentKeyword.groovy)
	at com.kms.katalon.core.webui.keyword.internal.WebUIKeywordMain.runKeyword(WebUIKeywordMain.groovy:20)
	at com.kms.katalon.core.webui.keyword.builtin.VerifyTextPresentKeyword.verifyTextPresent(VerifyTextPresentKeyword.groovy:83)
	at com.kms.katalon.core.webui.keyword.builtin.VerifyTextPresentKeyword.execute(VerifyTextPresentKeyword.groovy:68)
	at com.kms.katalon.core.keyword.internal.KeywordExecutor.executeKeywordForPlatform(KeywordExecutor.groovy:74)
	at com.kms.katalon.core.webui.keyword.WebUiBuiltInKeywords.verifyTextPresent(WebUiBuiltInKeywords.groovy:1723)
	at com.kms.katalon.core.webui.keyword.WebUiBuiltInKeywords$verifyTextPresent$3.call(Unknown Source)
	at ExtensionPayments_MRF_TC.run(ExtensionPayments_MRF_TC:82)
	at com.kms.katalon.core.main.ScriptEngine.run(ScriptEngine.java:194)
	at com.kms.katalon.core.main.ScriptEngine.runScriptAsRawText(ScriptEngine.java:119)
	at com.kms.katalon.core.main.TestCaseExecutor.runScript(TestCaseExecutor.java:442)
	at com.kms.katalon.core.main.TestCaseExecutor.doExecute(TestCaseExecutor.java:433)
	at com.kms.katalon.core.main.TestCaseExecutor.processExecutionPhase(TestCaseExecutor.java:412)
	at com.kms.katalon.core.main.TestCaseExecutor.accessMainPhase(TestCaseExecutor.java:404)
	at com.kms.katalon.core.main.TestCaseExecutor.execute(TestCaseExecutor.java:281)
	at com.kms.katalon.core.main.TestSuiteExecutor.accessTestCaseMainPhase(TestSuiteExecutor.java:202)
	at com.kms.katalon.core.main.TestSuiteExecutor.accessTestSuiteMainPhase(TestSuiteExecutor.java:164)
	at com.kms.katalon.core.main.TestSuiteExecutor.execute(TestSuiteExecutor.java:105)
	at com.kms.katalon.core.main.TestCaseMain.startTestSuite(TestCaseMain.java:185)
	at com.kms.katalon.core.main.TestCaseMain$startTestSuite$0.call(Unknown Source)
	at TempTestSuite1672858415003.run(TempTestSuite1672858415003.groovy:36)
)
	at com.kms.katalon.core.keyword.internal.KeywordMain.stepFailed(KeywordMain.groovy:39)
	at com.kms.katalon.core.webui.keyword.internal.WebUIKeywordMain.stepFailed(WebUIKeywordMain.groovy:64)
	at com.kms.katalon.core.webui.keyword.builtin.VerifyTextPresentKeyword$_verifyTextPresent_closure1.doCall(VerifyTextPresentKeyword.groovy:79)
	at com.kms.katalon.core.webui.keyword.builtin.VerifyTextPresentKeyword$_verifyTextPresent_closure1.call(VerifyTextPresentKeyword.groovy)
	at com.kms.katalon.core.webui.keyword.internal.WebUIKeywordMain.runKeyword(WebUIKeywordMain.groovy:20)
	at com.kms.katalon.core.webui.keyword.builtin.VerifyTextPresentKeyword.verifyTextPresent(VerifyTextPresentKeyword.groovy:83)
	at com.kms.katalon.core.webui.keyword.builtin.VerifyTextPresentKeyword.execute(VerifyTextPresentKeyword.groovy:68)
	at com.kms.katalon.core.keyword.internal.KeywordExecutor.executeKeywordForPlatform(KeywordExecutor.groovy:74)
	at com.kms.katalon.core.webui.keyword.WebUiBuiltInKeywords.verifyTextPresent(WebUiBuiltInKeywords.groovy:1723)
	at com.kms.katalon.core.webui.keyword.WebUiBuiltInKeywords$verifyTextPresent$3.call(Unknown Source)
	at ExtensionPayments_MRF_TC.run(ExtensionPayments_MRF_TC:82)
	at com.kms.katalon.core.main.ScriptEngine.run(ScriptEngine.java:194)
	at com.kms.katalon.core.main.ScriptEngine.runScriptAsRawText(ScriptEngine.java:119)
	at com.kms.katalon.core.main.TestCaseExecutor.runScript(TestCaseExecutor.java:442)
	at com.kms.katalon.core.main.TestCaseExecutor.doExecute(TestCaseExecutor.java:433)
	at com.kms.katalon.core.main.TestCaseExecutor.processExecutionPhase(TestCaseExecutor.java:412)
	at com.kms.katalon.core.main.TestCaseExecutor.accessMainPhase(TestCaseExecutor.java:404)
	at com.kms.katalon.core.main.TestCaseExecutor.execute(TestCaseExecutor.java:281)
	at com.kms.katalon.core.main.TestSuiteExecutor.accessTestCaseMainPhase(TestSuiteExecutor.java:202)
	at com.kms.katalon.core.main.TestSuiteExecutor.accessTestSuiteMainPhase(TestSuiteExecutor.java:164)
	at com.kms.katalon.core.main.TestSuiteExecutor.execute(TestSuiteExecutor.java:105)
	at com.kms.katalon.core.main.TestCaseMain.startTestSuite(TestCaseMain.java:185)
	at com.kms.katalon.core.main.TestCaseMain$startTestSuite$0.call(Unknown Source)
	at TempTestSuite1672858415003.run(TempTestSuite1672858415003.groovy:36)
Caused by: com.kms.katalon.core.exception.StepFailedException: Text 'Enter a phone number' is not present on page  using regular expression
	... 23 more
"/>
         <system-out><![CDATA[2023-01-04 14:03:38 - [TEST_CASE][FAILED] - Test Cases/RAD_TestCases/MRF_TestCases/ExtensionPayments_MRF_TC: Test Cases/RAD_TestCases/MRF_TestCases/ExtensionPayments_MRF_TC FAILED.
Reason:
com.kms.katalon.core.exception.StepFailedException: Text 'Enter a phone number' is not present on page  using regular expression (Root cause: com.kms.katalon.core.exception.StepFailedException: Text 'Enter a phone number' is not present on page  using regular expression
	at com.kms.katalon.core.webui.keyword.internal.WebUIKeywordMain.stepFailed(WebUIKeywordMain.groovy:64)
	at com.kms.katalon.core.webui.keyword.builtin.VerifyTextPresentKeyword$_verifyTextPresent_closure1.doCall(VerifyTextPresentKeyword.groovy:79)
	at com.kms.katalon.core.webui.keyword.builtin.VerifyTextPresentKeyword$_verifyTextPresent_closure1.call(VerifyTextPresentKeyword.groovy)
	at com.kms.katalon.core.webui.keyword.internal.WebUIKeywordMain.runKeyword(WebUIKeywordMain.groovy:20)
	at com.kms.katalon.core.webui.keyword.builtin.VerifyTextPresentKeyword.verifyTextPresent(VerifyTextPresentKeyword.groovy:83)
	at com.kms.katalon.core.webui.keyword.builtin.VerifyTextPresentKeyword.execute(VerifyTextPresentKeyword.groovy:68)
	at com.kms.katalon.core.keyword.internal.KeywordExecutor.executeKeywordForPlatform(KeywordExecutor.groovy:74)
	at com.kms.katalon.core.webui.keyword.WebUiBuiltInKeywords.verifyTextPresent(WebUiBuiltInKeywords.groovy:1723)
	at com.kms.katalon.core.webui.keyword.WebUiBuiltInKeywords$verifyTextPresent$3.call(Unknown Source)
	at ExtensionPayments_MRF_TC.run(ExtensionPayments_MRF_TC:82)
	at com.kms.katalon.core.main.ScriptEngine.run(ScriptEngine.java:194)
	at com.kms.katalon.core.main.ScriptEngine.runScriptAsRawText(ScriptEngine.java:119)
	at com.kms.katalon.core.main.TestCaseExecutor.runScript(TestCaseExecutor.java:442)
	at com.kms.katalon.core.main.TestCaseExecutor.doExecute(TestCaseExecutor.java:433)
	at com.kms.katalon.core.main.TestCaseExecutor.processExecutionPhase(TestCaseExecutor.java:412)
	at com.kms.katalon.core.main.TestCaseExecutor.accessMainPhase(TestCaseExecutor.java:404)
	at com.kms.katalon.core.main.TestCaseExecutor.execute(TestCaseExecutor.java:281)
	at com.kms.katalon.core.main.TestSuiteExecutor.accessTestCaseMainPhase(TestSuiteExecutor.java:202)
	at com.kms.katalon.core.main.TestSuiteExecutor.accessTestSuiteMainPhase(TestSuiteExecutor.java:164)
	at com.kms.katalon.core.main.TestSuiteExecutor.execute(TestSuiteExecutor.java:105)
	at com.kms.katalon.core.main.TestCaseMain.startTestSuite(TestCaseMain.java:185)
	at com.kms.katalon.core.main.TestCaseMain$startTestSuite$0.call(Unknown Source)
	at TempTestSuite1672858415003.run(TempTestSuite1672858415003.groovy:36)
)
	at com.kms.katalon.core.keyword.internal.KeywordMain.stepFailed(KeywordMain.groovy:39)
	at com.kms.katalon.core.webui.keyword.internal.WebUIKeywordMain.stepFailed(WebUIKeywordMain.groovy:64)
	at com.kms.katalon.core.webui.keyword.builtin.VerifyTextPresentKeyword$_verifyTextPresent_closure1.doCall(VerifyTextPresentKeyword.groovy:79)
	at com.kms.katalon.core.webui.keyword.builtin.VerifyTextPresentKeyword$_verifyTextPresent_closure1.call(VerifyTextPresentKeyword.groovy)
	at com.kms.katalon.core.webui.keyword.internal.WebUIKeywordMain.runKeyword(WebUIKeywordMain.groovy:20)
	at com.kms.katalon.core.webui.keyword.builtin.VerifyTextPresentKeyword.verifyTextPresent(VerifyTextPresentKeyword.groovy:83)
	at com.kms.katalon.core.webui.keyword.builtin.VerifyTextPresentKeyword.execute(VerifyTextPresentKeyword.groovy:68)
	at com.kms.katalon.core.keyword.internal.KeywordExecutor.executeKeywordForPlatform(KeywordExecutor.groovy:74)
	at com.kms.katalon.core.webui.keyword.WebUiBuiltInKeywords.verifyTextPresent(WebUiBuiltInKeywords.groovy:1723)
	at com.kms.katalon.core.webui.keyword.WebUiBuiltInKeywords$verifyTextPresent$3.call(Unknown Source)
	at ExtensionPayments_MRF_TC.run(ExtensionPayments_MRF_TC:82)
	at com.kms.katalon.core.main.ScriptEngine.run(ScriptEngine.java:194)
	at com.kms.katalon.core.main.ScriptEngine.runScriptAsRawText(ScriptEngine.java:119)
	at com.kms.katalon.core.main.TestCaseExecutor.runScript(TestCaseExecutor.java:442)
	at com.kms.katalon.core.main.TestCaseExecutor.doExecute(TestCaseExecutor.java:433)
	at com.kms.katalon.core.main.TestCaseExecutor.processExecutionPhase(TestCaseExecutor.java:412)
	at com.kms.katalon.core.main.TestCaseExecutor.accessMainPhase(TestCaseExecutor.java:404)
	at com.kms.katalon.core.main.TestCaseExecutor.execute(TestCaseExecutor.java:281)
	at com.kms.katalon.core.main.TestSuiteExecutor.accessTestCaseMainPhase(TestSuiteExecutor.java:202)
	at com.kms.katalon.core.main.TestSuiteExecutor.accessTestSuiteMainPhase(TestSuiteExecutor.java:164)
	at com.kms.katalon.core.main.TestSuiteExecutor.execute(TestSuiteExecutor.java:105)
	at com.kms.katalon.core.main.TestCaseMain.startTestSuite(TestCaseMain.java:185)
	at com.kms.katalon.core.main.TestCaseMain$startTestSuite$0.call(Unknown Source)
	at TempTestSuite1672858415003.run(TempTestSuite1672858415003.groovy:36)
Caused by: com.kms.katalon.core.exception.StepFailedException: Text 'Enter a phone number' is not present on page  using regular expression
	... 23 more


2023-01-04 14:03:38 - [TEST_STEP][PASSED] - openBrowser(""): Browser is opened with url: ''

2023-01-04 14:03:38 - [MESSAGE][WARNING] - A browser is already opened. Closing browser and opening a new one

2023-01-04 14:03:39 - [MESSAGE][INFO] - Starting 'Chrome' driver

2023-01-04 14:03:39 - [MESSAGE][INFO] - User set preference: ['acceptInsecureCerts', 'true']

2023-01-04 14:03:39 - [MESSAGE][INFO] - Action delay is set to 0 milliseconds

2023-01-04 14:03:41 - [MESSAGE][PASSED] - Browser is opened with url: ''

2023-01-04 14:03:41 - [TEST_STEP][PASSED] - maximizeWindow(): Current window maximized

2023-01-04 14:03:41 - [MESSAGE][PASSED] - Current window maximized

2023-01-04 14:03:41 - [TEST_STEP][PASSED] - navigateToUrl(RADurl): Navigate to 'https://qa.velocitypayment.com/client/rad/index.html' successfully

2023-01-04 14:03:42 - [MESSAGE][PASSED] - Navigate to 'https://qa.velocitypayment.com/client/rad/index.html' successfully

2023-01-04 14:03:42 - [TEST_STEP][PASSED] - orPath_Landing = "Object Repository/RAD_Pages/Landing_Page": null

2023-01-04 14:03:42 - [TEST_STEP][PASSED] - orPath_Amount = "Object Repository/RAD_Pages/PaymentAmount_Page": null

2023-01-04 14:03:42 - [TEST_STEP][PASSED] - orPath_FilingStatus = "Object Repository/RAD_Pages/FilingStatus_Page": null

2023-01-04 14:03:42 - [TEST_STEP][PASSED] - orPath_TaxPayer = "Object Repository/RAD_Pages/Taxpayer_Page": null

2023-01-04 14:03:42 - [TEST_STEP][PASSED] - selectOptionByLabel(findTestObject(orPath_Landing + "/dd_TaxType"), "Extension Payments", false): All options with label 'Extension Payments' are selected in object 'Object Repository/RAD_Pages/Landing_Page/dd_TaxType' 

2023-01-04 14:03:43 - [MESSAGE][PASSED] - All options with label 'Extension Payments' are selected in object 'Object Repository/RAD_Pages/Landing_Page/dd_TaxType' 

2023-01-04 14:03:43 - [TEST_STEP][PASSED] - setText(findTestObject("RAD_RecordAndPlay/input_concatSSN"), "123451234"): Text '123451234' is set on object 'Object Repository/RAD_RecordAndPlay/input_concatSSN'

2023-01-04 14:03:44 - [MESSAGE][PASSED] - Text '123451234' is set on object 'Object Repository/RAD_RecordAndPlay/input_concatSSN'

2023-01-04 14:03:44 - [TEST_STEP][PASSED] - setText(findTestObject("RAD_RecordAndPlay/input_concatReSSN"), "123451234"): Text '123451234' is set on object 'Object Repository/RAD_RecordAndPlay/input_concatReSSN'

2023-01-04 14:03:45 - [MESSAGE][PASSED] - Text '123451234' is set on object 'Object Repository/RAD_RecordAndPlay/input_concatReSSN'

2023-01-04 14:03:45 - [TEST_STEP][PASSED] - setText(findTestObject(orPath_TaxPayer + "/input_lastName"), "Anderson"): Text 'Anderson' is set on object 'Object Repository/RAD_Pages/Taxpayer_Page/input_lastName'

2023-01-04 14:03:46 - [MESSAGE][PASSED] - Text 'Anderson' is set on object 'Object Repository/RAD_Pages/Taxpayer_Page/input_lastName'

2023-01-04 14:03:46 - [TEST_STEP][PASSED] - scrollToElement(findTestObject(orPath_Landing + "/button_Continue"), 3): Scroll to object 'Object Repository/RAD_Pages/Landing_Page/button_Continue' successfully

2023-01-04 14:03:47 - [MESSAGE][PASSED] - Scroll to object 'Object Repository/RAD_Pages/Landing_Page/button_Continue' successfully

2023-01-04 14:03:47 - [TEST_STEP][PASSED] - waitForElementClickable(findTestObject(orPath_Landing + "/button_Continue"), 5): Object 'Object Repository/RAD_Pages/Landing_Page/button_Continue' is clickable

2023-01-04 14:03:47 - [MESSAGE][PASSED] - Object 'Object Repository/RAD_Pages/Landing_Page/button_Continue' is clickable

2023-01-04 14:03:47 - [TEST_STEP][PASSED] - click(findTestObject(orPath_Landing + "/button_Continue")): Object: 'Object Repository/RAD_Pages/Landing_Page/button_Continue' is clicked on

2023-01-04 14:03:48 - [MESSAGE][PASSED] - Object: 'Object Repository/RAD_Pages/Landing_Page/button_Continue' is clicked on

2023-01-04 14:03:48 - [TEST_STEP][PASSED] - verifyTextPresent("Select a payment type", true): Text 'Select a payment type' is present on page  using regular expression

2023-01-04 14:03:48 - [MESSAGE][PASSED] - Text 'Select a payment type' is present on page  using regular expression

2023-01-04 14:03:48 - [TEST_STEP][PASSED] - verifyTextPresent("Enter first name", true): Text 'Enter first name' is present on page  using regular expression

2023-01-04 14:03:49 - [MESSAGE][PASSED] - Text 'Enter first name' is present on page  using regular expression

2023-01-04 14:03:49 - [TEST_STEP][PASSED] - verifyTextPresent("Enter address", true): Text 'Enter address' is present on page  using regular expression

2023-01-04 14:03:49 - [MESSAGE][PASSED] - Text 'Enter address' is present on page  using regular expression

2023-01-04 14:03:49 - [TEST_STEP][PASSED] - verifyTextPresent("Enter city", true): Text 'Enter city' is present on page  using regular expression

2023-01-04 14:03:50 - [MESSAGE][PASSED] - Text 'Enter city' is present on page  using regular expression

2023-01-04 14:03:50 - [TEST_STEP][PASSED] - verifyTextPresent("Select a state", true): Text 'Select a state' is present on page  using regular expression

2023-01-04 14:03:50 - [MESSAGE][PASSED] - Text 'Select a state' is present on page  using regular expression

2023-01-04 14:03:50 - [TEST_STEP][PASSED] - verifyTextPresent("Enter ZIP code", true): Text 'Enter ZIP code' is present on page  using regular expression

2023-01-04 14:03:51 - [MESSAGE][PASSED] - Text 'Enter ZIP code' is present on page  using regular expression

2023-01-04 14:03:51 - [TEST_STEP][FAILED] - verifyTextPresent("Enter a phone number", true): Text 'Enter a phone number' is not present on page  using regular expression (Root cause: com.kms.katalon.core.exception.StepFailedException: Text 'Enter a phone number' is not present on page  using regular expression
	at com.kms.katalon.core.webui.keyword.internal.WebUIKeywordMain.stepFailed(WebUIKeywordMain.groovy:64)
	at com.kms.katalon.core.webui.keyword.builtin.VerifyTextPresentKeyword$_verifyTextPresent_closure1.doCall(VerifyTextPresentKeyword.groovy:79)
	at com.kms.katalon.core.webui.keyword.builtin.VerifyTextPresentKeyword$_verifyTextPresent_closure1.call(VerifyTextPresentKeyword.groovy)
	at com.kms.katalon.core.webui.keyword.internal.WebUIKeywordMain.runKeyword(WebUIKeywordMain.groovy:20)
	at com.kms.katalon.core.webui.keyword.builtin.VerifyTextPresentKeyword.verifyTextPresent(VerifyTextPresentKeyword.groovy:83)
	at com.kms.katalon.core.webui.keyword.builtin.VerifyTextPresentKeyword.execute(VerifyTextPresentKeyword.groovy:68)
	at com.kms.katalon.core.keyword.internal.KeywordExecutor.executeKeywordForPlatform(KeywordExecutor.groovy:74)
	at com.kms.katalon.core.webui.keyword.WebUiBuiltInKeywords.verifyTextPresent(WebUiBuiltInKeywords.groovy:1723)
	at com.kms.katalon.core.webui.keyword.WebUiBuiltInKeywords$verifyTextPresent$3.call(Unknown Source)
	at ExtensionPayments_MRF_TC.run(ExtensionPayments_MRF_TC:82)
	at com.kms.katalon.core.main.ScriptEngine.run(ScriptEngine.java:194)
	at com.kms.katalon.core.main.ScriptEngine.runScriptAsRawText(ScriptEngine.java:119)
	at com.kms.katalon.core.main.TestCaseExecutor.runScript(TestCaseExecutor.java:442)
	at com.kms.katalon.core.main.TestCaseExecutor.doExecute(TestCaseExecutor.java:433)
	at com.kms.katalon.core.main.TestCaseExecutor.processExecutionPhase(TestCaseExecutor.java:412)
	at com.kms.katalon.core.main.TestCaseExecutor.accessMainPhase(TestCaseExecutor.java:404)
	at com.kms.katalon.core.main.TestCaseExecutor.execute(TestCaseExecutor.java:281)
	at com.kms.katalon.core.main.TestSuiteExecutor.accessTestCaseMainPhase(TestSuiteExecutor.java:202)
	at com.kms.katalon.core.main.TestSuiteExecutor.accessTestSuiteMainPhase(TestSuiteExecutor.java:164)
	at com.kms.katalon.core.main.TestSuiteExecutor.execute(TestSuiteExecutor.java:105)
	at com.kms.katalon.core.main.TestCaseMain.startTestSuite(TestCaseMain.java:185)
	at com.kms.katalon.core.main.TestCaseMain$startTestSuite$0.call(Unknown Source)
	at TempTestSuite1672858415003.run(TempTestSuite1672858415003.groovy:36)
)

2023-01-04 14:03:51 - [MESSAGE][FAILED] - Text 'Enter a phone number' is not present on page  using regular expression (Root cause: com.kms.katalon.core.exception.StepFailedException: Text 'Enter a phone number' is not present on page  using regular expression
	at com.kms.katalon.core.webui.keyword.internal.WebUIKeywordMain.stepFailed(WebUIKeywordMain.groovy:64)
	at com.kms.katalon.core.webui.keyword.builtin.VerifyTextPresentKeyword$_verifyTextPresent_closure1.doCall(VerifyTextPresentKeyword.groovy:79)
	at com.kms.katalon.core.webui.keyword.builtin.VerifyTextPresentKeyword$_verifyTextPresent_closure1.call(VerifyTextPresentKeyword.groovy)
	at com.kms.katalon.core.webui.keyword.internal.WebUIKeywordMain.runKeyword(WebUIKeywordMain.groovy:20)
	at com.kms.katalon.core.webui.keyword.builtin.VerifyTextPresentKeyword.verifyTextPresent(VerifyTextPresentKeyword.groovy:83)
	at com.kms.katalon.core.webui.keyword.builtin.VerifyTextPresentKeyword.execute(VerifyTextPresentKeyword.groovy:68)
	at com.kms.katalon.core.keyword.internal.KeywordExecutor.executeKeywordForPlatform(KeywordExecutor.groovy:74)
	at com.kms.katalon.core.webui.keyword.WebUiBuiltInKeywords.verifyTextPresent(WebUiBuiltInKeywords.groovy:1723)
	at com.kms.katalon.core.webui.keyword.WebUiBuiltInKeywords$verifyTextPresent$3.call(Unknown Source)
	at ExtensionPayments_MRF_TC.run(ExtensionPayments_MRF_TC:82)
	at com.kms.katalon.core.main.ScriptEngine.run(ScriptEngine.java:194)
	at com.kms.katalon.core.main.ScriptEngine.runScriptAsRawText(ScriptEngine.java:119)
	at com.kms.katalon.core.main.TestCaseExecutor.runScript(TestCaseExecutor.java:442)
	at com.kms.katalon.core.main.TestCaseExecutor.doExecute(TestCaseExecutor.java:433)
	at com.kms.katalon.core.main.TestCaseExecutor.processExecutionPhase(TestCaseExecutor.java:412)
	at com.kms.katalon.core.main.TestCaseExecutor.accessMainPhase(TestCaseExecutor.java:404)
	at com.kms.katalon.core.main.TestCaseExecutor.execute(TestCaseExecutor.java:281)
	at com.kms.katalon.core.main.TestSuiteExecutor.accessTestCaseMainPhase(TestSuiteExecutor.java:202)
	at com.kms.katalon.core.main.TestSuiteExecutor.accessTestSuiteMainPhase(TestSuiteExecutor.java:164)
	at com.kms.katalon.core.main.TestSuiteExecutor.execute(TestSuiteExecutor.java:105)
	at com.kms.katalon.core.main.TestCaseMain.startTestSuite(TestCaseMain.java:185)
	at com.kms.katalon.core.main.TestCaseMain$startTestSuite$0.call(Unknown Source)
	at TempTestSuite1672858415003.run(TempTestSuite1672858415003.groovy:36)
)

2023-01-04 14:03:51 - [TEST_STEP][PASSED] - verifyTextPresent("Enter Email", true): Text 'Enter Email' is present on page  using regular expression

2023-01-04 14:03:52 - [MESSAGE][PASSED] - Text 'Enter Email' is present on page  using regular expression

2023-01-04 14:03:52 - [TEST_STEP][PASSED] - verifyTextPresent("The Email and Re-enter email do not match", true): Text 'The Email and Re-enter email do not match' is present on page  using regular expression

2023-01-04 14:03:52 - [MESSAGE][PASSED] - Text 'The Email and Re-enter email do not match' is present on page  using regular expression

2023-01-04 14:03:52 - [TEST_STEP][PASSED] - verifyTextPresent("Payment amount must be greater than zero and less than 10,000,000", true): Text 'Payment amount must be greater than zero and less than 10,000,000' is present on page  using regular expression

2023-01-04 14:03:53 - [MESSAGE][PASSED] - Text 'Payment amount must be greater than zero and less than 10,000,000' is present on page  using regular expression]]></system-out>
         <system-err><![CDATA[2023-01-04 14:03:38 - [TEST_CASE][FAILED] - Test Cases/RAD_TestCases/MRF_TestCases/ExtensionPayments_MRF_TC: Test Cases/RAD_TestCases/MRF_TestCases/ExtensionPayments_MRF_TC FAILED.
Reason:
com.kms.katalon.core.exception.StepFailedException: Text 'Enter a phone number' is not present on page  using regular expression (Root cause: com.kms.katalon.core.exception.StepFailedException: Text 'Enter a phone number' is not present on page  using regular expression
	at com.kms.katalon.core.webui.keyword.internal.WebUIKeywordMain.stepFailed(WebUIKeywordMain.groovy:64)
	at com.kms.katalon.core.webui.keyword.builtin.VerifyTextPresentKeyword$_verifyTextPresent_closure1.doCall(VerifyTextPresentKeyword.groovy:79)
	at com.kms.katalon.core.webui.keyword.builtin.VerifyTextPresentKeyword$_verifyTextPresent_closure1.call(VerifyTextPresentKeyword.groovy)
	at com.kms.katalon.core.webui.keyword.internal.WebUIKeywordMain.runKeyword(WebUIKeywordMain.groovy:20)
	at com.kms.katalon.core.webui.keyword.builtin.VerifyTextPresentKeyword.verifyTextPresent(VerifyTextPresentKeyword.groovy:83)
	at com.kms.katalon.core.webui.keyword.builtin.VerifyTextPresentKeyword.execute(VerifyTextPresentKeyword.groovy:68)
	at com.kms.katalon.core.keyword.internal.KeywordExecutor.executeKeywordForPlatform(KeywordExecutor.groovy:74)
	at com.kms.katalon.core.webui.keyword.WebUiBuiltInKeywords.verifyTextPresent(WebUiBuiltInKeywords.groovy:1723)
	at com.kms.katalon.core.webui.keyword.WebUiBuiltInKeywords$verifyTextPresent$3.call(Unknown Source)
	at ExtensionPayments_MRF_TC.run(ExtensionPayments_MRF_TC:82)
	at com.kms.katalon.core.main.ScriptEngine.run(ScriptEngine.java:194)
	at com.kms.katalon.core.main.ScriptEngine.runScriptAsRawText(ScriptEngine.java:119)
	at com.kms.katalon.core.main.TestCaseExecutor.runScript(TestCaseExecutor.java:442)
	at com.kms.katalon.core.main.TestCaseExecutor.doExecute(TestCaseExecutor.java:433)
	at com.kms.katalon.core.main.TestCaseExecutor.processExecutionPhase(TestCaseExecutor.java:412)
	at com.kms.katalon.core.main.TestCaseExecutor.accessMainPhase(TestCaseExecutor.java:404)
	at com.kms.katalon.core.main.TestCaseExecutor.execute(TestCaseExecutor.java:281)
	at com.kms.katalon.core.main.TestSuiteExecutor.accessTestCaseMainPhase(TestSuiteExecutor.java:202)
	at com.kms.katalon.core.main.TestSuiteExecutor.accessTestSuiteMainPhase(TestSuiteExecutor.java:164)
	at com.kms.katalon.core.main.TestSuiteExecutor.execute(TestSuiteExecutor.java:105)
	at com.kms.katalon.core.main.TestCaseMain.startTestSuite(TestCaseMain.java:185)
	at com.kms.katalon.core.main.TestCaseMain$startTestSuite$0.call(Unknown Source)
	at TempTestSuite1672858415003.run(TempTestSuite1672858415003.groovy:36)
)
	at com.kms.katalon.core.keyword.internal.KeywordMain.stepFailed(KeywordMain.groovy:39)
	at com.kms.katalon.core.webui.keyword.internal.WebUIKeywordMain.stepFailed(WebUIKeywordMain.groovy:64)
	at com.kms.katalon.core.webui.keyword.builtin.VerifyTextPresentKeyword$_verifyTextPresent_closure1.doCall(VerifyTextPresentKeyword.groovy:79)
	at com.kms.katalon.core.webui.keyword.builtin.VerifyTextPresentKeyword$_verifyTextPresent_closure1.call(VerifyTextPresentKeyword.groovy)
	at com.kms.katalon.core.webui.keyword.internal.WebUIKeywordMain.runKeyword(WebUIKeywordMain.groovy:20)
	at com.kms.katalon.core.webui.keyword.builtin.VerifyTextPresentKeyword.verifyTextPresent(VerifyTextPresentKeyword.groovy:83)
	at com.kms.katalon.core.webui.keyword.builtin.VerifyTextPresentKeyword.execute(VerifyTextPresentKeyword.groovy:68)
	at com.kms.katalon.core.keyword.internal.KeywordExecutor.executeKeywordForPlatform(KeywordExecutor.groovy:74)
	at com.kms.katalon.core.webui.keyword.WebUiBuiltInKeywords.verifyTextPresent(WebUiBuiltInKeywords.groovy:1723)
	at com.kms.katalon.core.webui.keyword.WebUiBuiltInKeywords$verifyTextPresent$3.call(Unknown Source)
	at ExtensionPayments_MRF_TC.run(ExtensionPayments_MRF_TC:82)
	at com.kms.katalon.core.main.ScriptEngine.run(ScriptEngine.java:194)
	at com.kms.katalon.core.main.ScriptEngine.runScriptAsRawText(ScriptEngine.java:119)
	at com.kms.katalon.core.main.TestCaseExecutor.runScript(TestCaseExecutor.java:442)
	at com.kms.katalon.core.main.TestCaseExecutor.doExecute(TestCaseExecutor.java:433)
	at com.kms.katalon.core.main.TestCaseExecutor.processExecutionPhase(TestCaseExecutor.java:412)
	at com.kms.katalon.core.main.TestCaseExecutor.accessMainPhase(TestCaseExecutor.java:404)
	at com.kms.katalon.core.main.TestCaseExecutor.execute(TestCaseExecutor.java:281)
	at com.kms.katalon.core.main.TestSuiteExecutor.accessTestCaseMainPhase(TestSuiteExecutor.java:202)
	at com.kms.katalon.core.main.TestSuiteExecutor.accessTestSuiteMainPhase(TestSuiteExecutor.java:164)
	at com.kms.katalon.core.main.TestSuiteExecutor.execute(TestSuiteExecutor.java:105)
	at com.kms.katalon.core.main.TestCaseMain.startTestSuite(TestCaseMain.java:185)
	at com.kms.katalon.core.main.TestCaseMain$startTestSuite$0.call(Unknown Source)
	at TempTestSuite1672858415003.run(TempTestSuite1672858415003.groovy:36)
Caused by: com.kms.katalon.core.exception.StepFailedException: Text 'Enter a phone number' is not present on page  using regular expression
	... 23 more]]></system-err>
      </testcase>
      <testcase name="Test Cases/RAD_TestCases/MRF_TestCases/SaleAndUse_MRF_TC" time="14.104" classname="Test Cases/RAD_TestCases/MRF_TestCases/SaleAndUse_MRF_TC" status="FAILED">
         <failure type="FAILED" message="Test Cases/RAD_TestCases/MRF_TestCases/SaleAndUse_MRF_TC FAILED.
Reason:
com.kms.katalon.core.exception.StepFailedException: Text 'Enter a phone number' is not present on page  using regular expression (Root cause: com.kms.katalon.core.exception.StepFailedException: Text 'Enter a phone number' is not present on page  using regular expression
	at com.kms.katalon.core.webui.keyword.internal.WebUIKeywordMain.stepFailed(WebUIKeywordMain.groovy:64)
	at com.kms.katalon.core.webui.keyword.builtin.VerifyTextPresentKeyword$_verifyTextPresent_closure1.doCall(VerifyTextPresentKeyword.groovy:79)
	at com.kms.katalon.core.webui.keyword.builtin.VerifyTextPresentKeyword$_verifyTextPresent_closure1.call(VerifyTextPresentKeyword.groovy)
	at com.kms.katalon.core.webui.keyword.internal.WebUIKeywordMain.runKeyword(WebUIKeywordMain.groovy:20)
	at com.kms.katalon.core.webui.keyword.builtin.VerifyTextPresentKeyword.verifyTextPresent(VerifyTextPresentKeyword.groovy:83)
	at com.kms.katalon.core.webui.keyword.builtin.VerifyTextPresentKeyword.execute(VerifyTextPresentKeyword.groovy:68)
	at com.kms.katalon.core.keyword.internal.KeywordExecutor.executeKeywordForPlatform(KeywordExecutor.groovy:74)
	at com.kms.katalon.core.webui.keyword.WebUiBuiltInKeywords.verifyTextPresent(WebUiBuiltInKeywords.groovy:1723)
	at com.kms.katalon.core.webui.keyword.WebUiBuiltInKeywords$verifyTextPresent$3.call(Unknown Source)
	at SaleAndUse_MRF_TC.run(SaleAndUse_MRF_TC:75)
	at com.kms.katalon.core.main.ScriptEngine.run(ScriptEngine.java:194)
	at com.kms.katalon.core.main.ScriptEngine.runScriptAsRawText(ScriptEngine.java:119)
	at com.kms.katalon.core.main.TestCaseExecutor.runScript(TestCaseExecutor.java:442)
	at com.kms.katalon.core.main.TestCaseExecutor.doExecute(TestCaseExecutor.java:433)
	at com.kms.katalon.core.main.TestCaseExecutor.processExecutionPhase(TestCaseExecutor.java:412)
	at com.kms.katalon.core.main.TestCaseExecutor.accessMainPhase(TestCaseExecutor.java:404)
	at com.kms.katalon.core.main.TestCaseExecutor.execute(TestCaseExecutor.java:281)
	at com.kms.katalon.core.main.TestSuiteExecutor.accessTestCaseMainPhase(TestSuiteExecutor.java:202)
	at com.kms.katalon.core.main.TestSuiteExecutor.accessTestSuiteMainPhase(TestSuiteExecutor.java:164)
	at com.kms.katalon.core.main.TestSuiteExecutor.execute(TestSuiteExecutor.java:105)
	at com.kms.katalon.core.main.TestCaseMain.startTestSuite(TestCaseMain.java:185)
	at com.kms.katalon.core.main.TestCaseMain$startTestSuite$0.call(Unknown Source)
	at TempTestSuite1672858415003.run(TempTestSuite1672858415003.groovy:36)
)
	at com.kms.katalon.core.keyword.internal.KeywordMain.stepFailed(KeywordMain.groovy:39)
	at com.kms.katalon.core.webui.keyword.internal.WebUIKeywordMain.stepFailed(WebUIKeywordMain.groovy:64)
	at com.kms.katalon.core.webui.keyword.builtin.VerifyTextPresentKeyword$_verifyTextPresent_closure1.doCall(VerifyTextPresentKeyword.groovy:79)
	at com.kms.katalon.core.webui.keyword.builtin.VerifyTextPresentKeyword$_verifyTextPresent_closure1.call(VerifyTextPresentKeyword.groovy)
	at com.kms.katalon.core.webui.keyword.internal.WebUIKeywordMain.runKeyword(WebUIKeywordMain.groovy:20)
	at com.kms.katalon.core.webui.keyword.builtin.VerifyTextPresentKeyword.verifyTextPresent(VerifyTextPresentKeyword.groovy:83)
	at com.kms.katalon.core.webui.keyword.builtin.VerifyTextPresentKeyword.execute(VerifyTextPresentKeyword.groovy:68)
	at com.kms.katalon.core.keyword.internal.KeywordExecutor.executeKeywordForPlatform(KeywordExecutor.groovy:74)
	at com.kms.katalon.core.webui.keyword.WebUiBuiltInKeywords.verifyTextPresent(WebUiBuiltInKeywords.groovy:1723)
	at com.kms.katalon.core.webui.keyword.WebUiBuiltInKeywords$verifyTextPresent$3.call(Unknown Source)
	at SaleAndUse_MRF_TC.run(SaleAndUse_MRF_TC:75)
	at com.kms.katalon.core.main.ScriptEngine.run(ScriptEngine.java:194)
	at com.kms.katalon.core.main.ScriptEngine.runScriptAsRawText(ScriptEngine.java:119)
	at com.kms.katalon.core.main.TestCaseExecutor.runScript(TestCaseExecutor.java:442)
	at com.kms.katalon.core.main.TestCaseExecutor.doExecute(TestCaseExecutor.java:433)
	at com.kms.katalon.core.main.TestCaseExecutor.processExecutionPhase(TestCaseExecutor.java:412)
	at com.kms.katalon.core.main.TestCaseExecutor.accessMainPhase(TestCaseExecutor.java:404)
	at com.kms.katalon.core.main.TestCaseExecutor.execute(TestCaseExecutor.java:281)
	at com.kms.katalon.core.main.TestSuiteExecutor.accessTestCaseMainPhase(TestSuiteExecutor.java:202)
	at com.kms.katalon.core.main.TestSuiteExecutor.accessTestSuiteMainPhase(TestSuiteExecutor.java:164)
	at com.kms.katalon.core.main.TestSuiteExecutor.execute(TestSuiteExecutor.java:105)
	at com.kms.katalon.core.main.TestCaseMain.startTestSuite(TestCaseMain.java:185)
	at com.kms.katalon.core.main.TestCaseMain$startTestSuite$0.call(Unknown Source)
	at TempTestSuite1672858415003.run(TempTestSuite1672858415003.groovy:36)
Caused by: com.kms.katalon.core.exception.StepFailedException: Text 'Enter a phone number' is not present on page  using regular expression
	... 23 more
"/>
         <system-out><![CDATA[2023-01-04 14:03:53 - [TEST_CASE][FAILED] - Test Cases/RAD_TestCases/MRF_TestCases/SaleAndUse_MRF_TC: Test Cases/RAD_TestCases/MRF_TestCases/SaleAndUse_MRF_TC FAILED.
Reason:
com.kms.katalon.core.exception.StepFailedException: Text 'Enter a phone number' is not present on page  using regular expression (Root cause: com.kms.katalon.core.exception.StepFailedException: Text 'Enter a phone number' is not present on page  using regular expression
	at com.kms.katalon.core.webui.keyword.internal.WebUIKeywordMain.stepFailed(WebUIKeywordMain.groovy:64)
	at com.kms.katalon.core.webui.keyword.builtin.VerifyTextPresentKeyword$_verifyTextPresent_closure1.doCall(VerifyTextPresentKeyword.groovy:79)
	at com.kms.katalon.core.webui.keyword.builtin.VerifyTextPresentKeyword$_verifyTextPresent_closure1.call(VerifyTextPresentKeyword.groovy)
	at com.kms.katalon.core.webui.keyword.internal.WebUIKeywordMain.runKeyword(WebUIKeywordMain.groovy:20)
	at com.kms.katalon.core.webui.keyword.builtin.VerifyTextPresentKeyword.verifyTextPresent(VerifyTextPresentKeyword.groovy:83)
	at com.kms.katalon.core.webui.keyword.builtin.VerifyTextPresentKeyword.execute(VerifyTextPresentKeyword.groovy:68)
	at com.kms.katalon.core.keyword.internal.KeywordExecutor.executeKeywordForPlatform(KeywordExecutor.groovy:74)
	at com.kms.katalon.core.webui.keyword.WebUiBuiltInKeywords.verifyTextPresent(WebUiBuiltInKeywords.groovy:1723)
	at com.kms.katalon.core.webui.keyword.WebUiBuiltInKeywords$verifyTextPresent$3.call(Unknown Source)
	at SaleAndUse_MRF_TC.run(SaleAndUse_MRF_TC:75)
	at com.kms.katalon.core.main.ScriptEngine.run(ScriptEngine.java:194)
	at com.kms.katalon.core.main.ScriptEngine.runScriptAsRawText(ScriptEngine.java:119)
	at com.kms.katalon.core.main.TestCaseExecutor.runScript(TestCaseExecutor.java:442)
	at com.kms.katalon.core.main.TestCaseExecutor.doExecute(TestCaseExecutor.java:433)
	at com.kms.katalon.core.main.TestCaseExecutor.processExecutionPhase(TestCaseExecutor.java:412)
	at com.kms.katalon.core.main.TestCaseExecutor.accessMainPhase(TestCaseExecutor.java:404)
	at com.kms.katalon.core.main.TestCaseExecutor.execute(TestCaseExecutor.java:281)
	at com.kms.katalon.core.main.TestSuiteExecutor.accessTestCaseMainPhase(TestSuiteExecutor.java:202)
	at com.kms.katalon.core.main.TestSuiteExecutor.accessTestSuiteMainPhase(TestSuiteExecutor.java:164)
	at com.kms.katalon.core.main.TestSuiteExecutor.execute(TestSuiteExecutor.java:105)
	at com.kms.katalon.core.main.TestCaseMain.startTestSuite(TestCaseMain.java:185)
	at com.kms.katalon.core.main.TestCaseMain$startTestSuite$0.call(Unknown Source)
	at TempTestSuite1672858415003.run(TempTestSuite1672858415003.groovy:36)
)
	at com.kms.katalon.core.keyword.internal.KeywordMain.stepFailed(KeywordMain.groovy:39)
	at com.kms.katalon.core.webui.keyword.internal.WebUIKeywordMain.stepFailed(WebUIKeywordMain.groovy:64)
	at com.kms.katalon.core.webui.keyword.builtin.VerifyTextPresentKeyword$_verifyTextPresent_closure1.doCall(VerifyTextPresentKeyword.groovy:79)
	at com.kms.katalon.core.webui.keyword.builtin.VerifyTextPresentKeyword$_verifyTextPresent_closure1.call(VerifyTextPresentKeyword.groovy)
	at com.kms.katalon.core.webui.keyword.internal.WebUIKeywordMain.runKeyword(WebUIKeywordMain.groovy:20)
	at com.kms.katalon.core.webui.keyword.builtin.VerifyTextPresentKeyword.verifyTextPresent(VerifyTextPresentKeyword.groovy:83)
	at com.kms.katalon.core.webui.keyword.builtin.VerifyTextPresentKeyword.execute(VerifyTextPresentKeyword.groovy:68)
	at com.kms.katalon.core.keyword.internal.KeywordExecutor.executeKeywordForPlatform(KeywordExecutor.groovy:74)
	at com.kms.katalon.core.webui.keyword.WebUiBuiltInKeywords.verifyTextPresent(WebUiBuiltInKeywords.groovy:1723)
	at com.kms.katalon.core.webui.keyword.WebUiBuiltInKeywords$verifyTextPresent$3.call(Unknown Source)
	at SaleAndUse_MRF_TC.run(SaleAndUse_MRF_TC:75)
	at com.kms.katalon.core.main.ScriptEngine.run(ScriptEngine.java:194)
	at com.kms.katalon.core.main.ScriptEngine.runScriptAsRawText(ScriptEngine.java:119)
	at com.kms.katalon.core.main.TestCaseExecutor.runScript(TestCaseExecutor.java:442)
	at com.kms.katalon.core.main.TestCaseExecutor.doExecute(TestCaseExecutor.java:433)
	at com.kms.katalon.core.main.TestCaseExecutor.processExecutionPhase(TestCaseExecutor.java:412)
	at com.kms.katalon.core.main.TestCaseExecutor.accessMainPhase(TestCaseExecutor.java:404)
	at com.kms.katalon.core.main.TestCaseExecutor.execute(TestCaseExecutor.java:281)
	at com.kms.katalon.core.main.TestSuiteExecutor.accessTestCaseMainPhase(TestSuiteExecutor.java:202)
	at com.kms.katalon.core.main.TestSuiteExecutor.accessTestSuiteMainPhase(TestSuiteExecutor.java:164)
	at com.kms.katalon.core.main.TestSuiteExecutor.execute(TestSuiteExecutor.java:105)
	at com.kms.katalon.core.main.TestCaseMain.startTestSuite(TestCaseMain.java:185)
	at com.kms.katalon.core.main.TestCaseMain$startTestSuite$0.call(Unknown Source)
	at TempTestSuite1672858415003.run(TempTestSuite1672858415003.groovy:36)
Caused by: com.kms.katalon.core.exception.StepFailedException: Text 'Enter a phone number' is not present on page  using regular expression
	... 23 more


2023-01-04 14:03:53 - [TEST_STEP][PASSED] - openBrowser(""): Browser is opened with url: ''

2023-01-04 14:03:53 - [MESSAGE][WARNING] - A browser is already opened. Closing browser and opening a new one

2023-01-04 14:03:54 - [MESSAGE][INFO] - Starting 'Chrome' driver

2023-01-04 14:03:54 - [MESSAGE][INFO] - User set preference: ['acceptInsecureCerts', 'true']

2023-01-04 14:03:54 - [MESSAGE][INFO] - Action delay is set to 0 milliseconds

2023-01-04 14:03:55 - [MESSAGE][PASSED] - Browser is opened with url: ''

2023-01-04 14:03:55 - [TEST_STEP][PASSED] - maximizeWindow(): Current window maximized

2023-01-04 14:03:55 - [MESSAGE][PASSED] - Current window maximized

2023-01-04 14:03:55 - [TEST_STEP][PASSED] - navigateToUrl(RADurl): Navigate to 'https://qa.velocitypayment.com/client/rad/index.html' successfully

2023-01-04 14:03:57 - [MESSAGE][PASSED] - Navigate to 'https://qa.velocitypayment.com/client/rad/index.html' successfully

2023-01-04 14:03:57 - [TEST_STEP][PASSED] - orPath_Landing = "Object Repository/RAD_Pages/Landing_Page": null

2023-01-04 14:03:57 - [TEST_STEP][PASSED] - orPath_Amount = "Object Repository/RAD_Pages/PaymentAmount_Page": null

2023-01-04 14:03:57 - [TEST_STEP][PASSED] - orPath_FilingStatus = "Object Repository/RAD_Pages/FilingStatus_Page": null

2023-01-04 14:03:57 - [TEST_STEP][PASSED] - selectOptionByLabel(findTestObject(orPath_Landing + "/dd_TaxType"), "Sales and Use", false): All options with label 'Sales and Use' are selected in object 'Object Repository/RAD_Pages/Landing_Page/dd_TaxType' 

2023-01-04 14:03:58 - [MESSAGE][PASSED] - All options with label 'Sales and Use' are selected in object 'Object Repository/RAD_Pages/Landing_Page/dd_TaxType' 

2023-01-04 14:03:58 - [TEST_STEP][PASSED] - scrollToElement(findTestObject(orPath_Landing + "/button_Continue"), 3): Scroll to object 'Object Repository/RAD_Pages/Landing_Page/button_Continue' successfully

2023-01-04 14:03:58 - [MESSAGE][PASSED] - Scroll to object 'Object Repository/RAD_Pages/Landing_Page/button_Continue' successfully

2023-01-04 14:03:58 - [TEST_STEP][PASSED] - waitForElementClickable(findTestObject(orPath_Landing + "/button_Continue"), 5): Object 'Object Repository/RAD_Pages/Landing_Page/button_Continue' is clickable

2023-01-04 14:03:59 - [MESSAGE][PASSED] - Object 'Object Repository/RAD_Pages/Landing_Page/button_Continue' is clickable

2023-01-04 14:03:59 - [TEST_STEP][PASSED] - click(findTestObject(orPath_Landing + "/button_Continue")): Object: 'Object Repository/RAD_Pages/Landing_Page/button_Continue' is clicked on

2023-01-04 14:03:59 - [MESSAGE][PASSED] - Object: 'Object Repository/RAD_Pages/Landing_Page/button_Continue' is clicked on

2023-01-04 14:03:59 - [TEST_STEP][PASSED] - verifyTextPresent("Select a filing year", true): Text 'Select a filing year' is present on page  using regular expression

2023-01-04 14:04:00 - [MESSAGE][PASSED] - Text 'Select a filing year' is present on page  using regular expression

2023-01-04 14:04:00 - [TEST_STEP][PASSED] - verifyTextPresent("Select a reporting period", true): Text 'Select a reporting period' is present on page  using regular expression

2023-01-04 14:04:00 - [MESSAGE][PASSED] - Text 'Select a reporting period' is present on page  using regular expression

2023-01-04 14:04:00 - [TEST_STEP][PASSED] - verifyTextPresent("Enter business name", true): Text 'Enter business name' is present on page  using regular expression

2023-01-04 14:04:01 - [MESSAGE][PASSED] - Text 'Enter business name' is present on page  using regular expression

2023-01-04 14:04:01 - [TEST_STEP][PASSED] - verifyTextPresent("Enter first name", true): Text 'Enter first name' is present on page  using regular expression

2023-01-04 14:04:01 - [MESSAGE][PASSED] - Text 'Enter first name' is present on page  using regular expression

2023-01-04 14:04:01 - [TEST_STEP][PASSED] - verifyTextPresent("Enter last name", true): Text 'Enter last name' is present on page  using regular expression

2023-01-04 14:04:02 - [MESSAGE][PASSED] - Text 'Enter last name' is present on page  using regular expression

2023-01-04 14:04:02 - [TEST_STEP][PASSED] - verifyTextPresent("Enter address", true): Text 'Enter address' is present on page  using regular expression

2023-01-04 14:04:02 - [MESSAGE][PASSED] - Text 'Enter address' is present on page  using regular expression

2023-01-04 14:04:02 - [TEST_STEP][PASSED] - verifyTextPresent("Enter city", true): Text 'Enter city' is present on page  using regular expression

2023-01-04 14:04:03 - [MESSAGE][PASSED] - Text 'Enter city' is present on page  using regular expression

2023-01-04 14:04:03 - [TEST_STEP][PASSED] - verifyTextPresent("Select a state", true): Text 'Select a state' is present on page  using regular expression

2023-01-04 14:04:03 - [MESSAGE][PASSED] - Text 'Select a state' is present on page  using regular expression

2023-01-04 14:04:03 - [TEST_STEP][PASSED] - verifyTextPresent("Enter ZIP code", true): Text 'Enter ZIP code' is present on page  using regular expression

2023-01-04 14:04:04 - [MESSAGE][PASSED] - Text 'Enter ZIP code' is present on page  using regular expression

2023-01-04 14:04:04 - [TEST_STEP][FAILED] - verifyTextPresent("Enter a phone number", true): Text 'Enter a phone number' is not present on page  using regular expression (Root cause: com.kms.katalon.core.exception.StepFailedException: Text 'Enter a phone number' is not present on page  using regular expression
	at com.kms.katalon.core.webui.keyword.internal.WebUIKeywordMain.stepFailed(WebUIKeywordMain.groovy:64)
	at com.kms.katalon.core.webui.keyword.builtin.VerifyTextPresentKeyword$_verifyTextPresent_closure1.doCall(VerifyTextPresentKeyword.groovy:79)
	at com.kms.katalon.core.webui.keyword.builtin.VerifyTextPresentKeyword$_verifyTextPresent_closure1.call(VerifyTextPresentKeyword.groovy)
	at com.kms.katalon.core.webui.keyword.internal.WebUIKeywordMain.runKeyword(WebUIKeywordMain.groovy:20)
	at com.kms.katalon.core.webui.keyword.builtin.VerifyTextPresentKeyword.verifyTextPresent(VerifyTextPresentKeyword.groovy:83)
	at com.kms.katalon.core.webui.keyword.builtin.VerifyTextPresentKeyword.execute(VerifyTextPresentKeyword.groovy:68)
	at com.kms.katalon.core.keyword.internal.KeywordExecutor.executeKeywordForPlatform(KeywordExecutor.groovy:74)
	at com.kms.katalon.core.webui.keyword.WebUiBuiltInKeywords.verifyTextPresent(WebUiBuiltInKeywords.groovy:1723)
	at com.kms.katalon.core.webui.keyword.WebUiBuiltInKeywords$verifyTextPresent$3.call(Unknown Source)
	at SaleAndUse_MRF_TC.run(SaleAndUse_MRF_TC:75)
	at com.kms.katalon.core.main.ScriptEngine.run(ScriptEngine.java:194)
	at com.kms.katalon.core.main.ScriptEngine.runScriptAsRawText(ScriptEngine.java:119)
	at com.kms.katalon.core.main.TestCaseExecutor.runScript(TestCaseExecutor.java:442)
	at com.kms.katalon.core.main.TestCaseExecutor.doExecute(TestCaseExecutor.java:433)
	at com.kms.katalon.core.main.TestCaseExecutor.processExecutionPhase(TestCaseExecutor.java:412)
	at com.kms.katalon.core.main.TestCaseExecutor.accessMainPhase(TestCaseExecutor.java:404)
	at com.kms.katalon.core.main.TestCaseExecutor.execute(TestCaseExecutor.java:281)
	at com.kms.katalon.core.main.TestSuiteExecutor.accessTestCaseMainPhase(TestSuiteExecutor.java:202)
	at com.kms.katalon.core.main.TestSuiteExecutor.accessTestSuiteMainPhase(TestSuiteExecutor.java:164)
	at com.kms.katalon.core.main.TestSuiteExecutor.execute(TestSuiteExecutor.java:105)
	at com.kms.katalon.core.main.TestCaseMain.startTestSuite(TestCaseMain.java:185)
	at com.kms.katalon.core.main.TestCaseMain$startTestSuite$0.call(Unknown Source)
	at TempTestSuite1672858415003.run(TempTestSuite1672858415003.groovy:36)
)

2023-01-04 14:04:05 - [MESSAGE][FAILED] - Text 'Enter a phone number' is not present on page  using regular expression (Root cause: com.kms.katalon.core.exception.StepFailedException: Text 'Enter a phone number' is not present on page  using regular expression
	at com.kms.katalon.core.webui.keyword.internal.WebUIKeywordMain.stepFailed(WebUIKeywordMain.groovy:64)
	at com.kms.katalon.core.webui.keyword.builtin.VerifyTextPresentKeyword$_verifyTextPresent_closure1.doCall(VerifyTextPresentKeyword.groovy:79)
	at com.kms.katalon.core.webui.keyword.builtin.VerifyTextPresentKeyword$_verifyTextPresent_closure1.call(VerifyTextPresentKeyword.groovy)
	at com.kms.katalon.core.webui.keyword.internal.WebUIKeywordMain.runKeyword(WebUIKeywordMain.groovy:20)
	at com.kms.katalon.core.webui.keyword.builtin.VerifyTextPresentKeyword.verifyTextPresent(VerifyTextPresentKeyword.groovy:83)
	at com.kms.katalon.core.webui.keyword.builtin.VerifyTextPresentKeyword.execute(VerifyTextPresentKeyword.groovy:68)
	at com.kms.katalon.core.keyword.internal.KeywordExecutor.executeKeywordForPlatform(KeywordExecutor.groovy:74)
	at com.kms.katalon.core.webui.keyword.WebUiBuiltInKeywords.verifyTextPresent(WebUiBuiltInKeywords.groovy:1723)
	at com.kms.katalon.core.webui.keyword.WebUiBuiltInKeywords$verifyTextPresent$3.call(Unknown Source)
	at SaleAndUse_MRF_TC.run(SaleAndUse_MRF_TC:75)
	at com.kms.katalon.core.main.ScriptEngine.run(ScriptEngine.java:194)
	at com.kms.katalon.core.main.ScriptEngine.runScriptAsRawText(ScriptEngine.java:119)
	at com.kms.katalon.core.main.TestCaseExecutor.runScript(TestCaseExecutor.java:442)
	at com.kms.katalon.core.main.TestCaseExecutor.doExecute(TestCaseExecutor.java:433)
	at com.kms.katalon.core.main.TestCaseExecutor.processExecutionPhase(TestCaseExecutor.java:412)
	at com.kms.katalon.core.main.TestCaseExecutor.accessMainPhase(TestCaseExecutor.java:404)
	at com.kms.katalon.core.main.TestCaseExecutor.execute(TestCaseExecutor.java:281)
	at com.kms.katalon.core.main.TestSuiteExecutor.accessTestCaseMainPhase(TestSuiteExecutor.java:202)
	at com.kms.katalon.core.main.TestSuiteExecutor.accessTestSuiteMainPhase(TestSuiteExecutor.java:164)
	at com.kms.katalon.core.main.TestSuiteExecutor.execute(TestSuiteExecutor.java:105)
	at com.kms.katalon.core.main.TestCaseMain.startTestSuite(TestCaseMain.java:185)
	at com.kms.katalon.core.main.TestCaseMain$startTestSuite$0.call(Unknown Source)
	at TempTestSuite1672858415003.run(TempTestSuite1672858415003.groovy:36)
)

2023-01-04 14:04:05 - [TEST_STEP][PASSED] - verifyTextPresent("Enter Email", true): Text 'Enter Email' is present on page  using regular expression

2023-01-04 14:04:05 - [MESSAGE][PASSED] - Text 'Enter Email' is present on page  using regular expression

2023-01-04 14:04:05 - [TEST_STEP][PASSED] - verifyTextPresent("The Email and Re-enter email do not match", true): Text 'The Email and Re-enter email do not match' is present on page  using regular expression

2023-01-04 14:04:06 - [MESSAGE][PASSED] - Text 'The Email and Re-enter email do not match' is present on page  using regular expression

2023-01-04 14:04:06 - [TEST_STEP][PASSED] - verifyTextPresent("Enter valid MD Central Registration.", true): Text 'Enter valid MD Central Registration.' is present on page  using regular expression

2023-01-04 14:04:06 - [MESSAGE][PASSED] - Text 'Enter valid MD Central Registration.' is present on page  using regular expression

2023-01-04 14:04:06 - [TEST_STEP][PASSED] - verifyTextPresent("Payment amount must be greater than zero and less than 10,000,000", true): Text 'Payment amount must be greater than zero and less than 10,000,000' is present on page  using regular expression

2023-01-04 14:04:07 - [MESSAGE][PASSED] - Text 'Payment amount must be greater than zero and less than 10,000,000' is present on page  using regular expression]]></system-out>
         <system-err><![CDATA[2023-01-04 14:03:53 - [TEST_CASE][FAILED] - Test Cases/RAD_TestCases/MRF_TestCases/SaleAndUse_MRF_TC: Test Cases/RAD_TestCases/MRF_TestCases/SaleAndUse_MRF_TC FAILED.
Reason:
com.kms.katalon.core.exception.StepFailedException: Text 'Enter a phone number' is not present on page  using regular expression (Root cause: com.kms.katalon.core.exception.StepFailedException: Text 'Enter a phone number' is not present on page  using regular expression
	at com.kms.katalon.core.webui.keyword.internal.WebUIKeywordMain.stepFailed(WebUIKeywordMain.groovy:64)
	at com.kms.katalon.core.webui.keyword.builtin.VerifyTextPresentKeyword$_verifyTextPresent_closure1.doCall(VerifyTextPresentKeyword.groovy:79)
	at com.kms.katalon.core.webui.keyword.builtin.VerifyTextPresentKeyword$_verifyTextPresent_closure1.call(VerifyTextPresentKeyword.groovy)
	at com.kms.katalon.core.webui.keyword.internal.WebUIKeywordMain.runKeyword(WebUIKeywordMain.groovy:20)
	at com.kms.katalon.core.webui.keyword.builtin.VerifyTextPresentKeyword.verifyTextPresent(VerifyTextPresentKeyword.groovy:83)
	at com.kms.katalon.core.webui.keyword.builtin.VerifyTextPresentKeyword.execute(VerifyTextPresentKeyword.groovy:68)
	at com.kms.katalon.core.keyword.internal.KeywordExecutor.executeKeywordForPlatform(KeywordExecutor.groovy:74)
	at com.kms.katalon.core.webui.keyword.WebUiBuiltInKeywords.verifyTextPresent(WebUiBuiltInKeywords.groovy:1723)
	at com.kms.katalon.core.webui.keyword.WebUiBuiltInKeywords$verifyTextPresent$3.call(Unknown Source)
	at SaleAndUse_MRF_TC.run(SaleAndUse_MRF_TC:75)
	at com.kms.katalon.core.main.ScriptEngine.run(ScriptEngine.java:194)
	at com.kms.katalon.core.main.ScriptEngine.runScriptAsRawText(ScriptEngine.java:119)
	at com.kms.katalon.core.main.TestCaseExecutor.runScript(TestCaseExecutor.java:442)
	at com.kms.katalon.core.main.TestCaseExecutor.doExecute(TestCaseExecutor.java:433)
	at com.kms.katalon.core.main.TestCaseExecutor.processExecutionPhase(TestCaseExecutor.java:412)
	at com.kms.katalon.core.main.TestCaseExecutor.accessMainPhase(TestCaseExecutor.java:404)
	at com.kms.katalon.core.main.TestCaseExecutor.execute(TestCaseExecutor.java:281)
	at com.kms.katalon.core.main.TestSuiteExecutor.accessTestCaseMainPhase(TestSuiteExecutor.java:202)
	at com.kms.katalon.core.main.TestSuiteExecutor.accessTestSuiteMainPhase(TestSuiteExecutor.java:164)
	at com.kms.katalon.core.main.TestSuiteExecutor.execute(TestSuiteExecutor.java:105)
	at com.kms.katalon.core.main.TestCaseMain.startTestSuite(TestCaseMain.java:185)
	at com.kms.katalon.core.main.TestCaseMain$startTestSuite$0.call(Unknown Source)
	at TempTestSuite1672858415003.run(TempTestSuite1672858415003.groovy:36)
)
	at com.kms.katalon.core.keyword.internal.KeywordMain.stepFailed(KeywordMain.groovy:39)
	at com.kms.katalon.core.webui.keyword.internal.WebUIKeywordMain.stepFailed(WebUIKeywordMain.groovy:64)
	at com.kms.katalon.core.webui.keyword.builtin.VerifyTextPresentKeyword$_verifyTextPresent_closure1.doCall(VerifyTextPresentKeyword.groovy:79)
	at com.kms.katalon.core.webui.keyword.builtin.VerifyTextPresentKeyword$_verifyTextPresent_closure1.call(VerifyTextPresentKeyword.groovy)
	at com.kms.katalon.core.webui.keyword.internal.WebUIKeywordMain.runKeyword(WebUIKeywordMain.groovy:20)
	at com.kms.katalon.core.webui.keyword.builtin.VerifyTextPresentKeyword.verifyTextPresent(VerifyTextPresentKeyword.groovy:83)
	at com.kms.katalon.core.webui.keyword.builtin.VerifyTextPresentKeyword.execute(VerifyTextPresentKeyword.groovy:68)
	at com.kms.katalon.core.keyword.internal.KeywordExecutor.executeKeywordForPlatform(KeywordExecutor.groovy:74)
	at com.kms.katalon.core.webui.keyword.WebUiBuiltInKeywords.verifyTextPresent(WebUiBuiltInKeywords.groovy:1723)
	at com.kms.katalon.core.webui.keyword.WebUiBuiltInKeywords$verifyTextPresent$3.call(Unknown Source)
	at SaleAndUse_MRF_TC.run(SaleAndUse_MRF_TC:75)
	at com.kms.katalon.core.main.ScriptEngine.run(ScriptEngine.java:194)
	at com.kms.katalon.core.main.ScriptEngine.runScriptAsRawText(ScriptEngine.java:119)
	at com.kms.katalon.core.main.TestCaseExecutor.runScript(TestCaseExecutor.java:442)
	at com.kms.katalon.core.main.TestCaseExecutor.doExecute(TestCaseExecutor.java:433)
	at com.kms.katalon.core.main.TestCaseExecutor.processExecutionPhase(TestCaseExecutor.java:412)
	at com.kms.katalon.core.main.TestCaseExecutor.accessMainPhase(TestCaseExecutor.java:404)
	at com.kms.katalon.core.main.TestCaseExecutor.execute(TestCaseExecutor.java:281)
	at com.kms.katalon.core.main.TestSuiteExecutor.accessTestCaseMainPhase(TestSuiteExecutor.java:202)
	at com.kms.katalon.core.main.TestSuiteExecutor.accessTestSuiteMainPhase(TestSuiteExecutor.java:164)
	at com.kms.katalon.core.main.TestSuiteExecutor.execute(TestSuiteExecutor.java:105)
	at com.kms.katalon.core.main.TestCaseMain.startTestSuite(TestCaseMain.java:185)
	at com.kms.katalon.core.main.TestCaseMain$startTestSuite$0.call(Unknown Source)
	at TempTestSuite1672858415003.run(TempTestSuite1672858415003.groovy:36)
Caused by: com.kms.katalon.core.exception.StepFailedException: Text 'Enter a phone number' is not present on page  using regular expression
	... 23 more]]></system-err>
      </testcase>
      <testcase name="Test Cases/RAD_TestCases/MRF_TestCases/WithholdingTax_MRF_TC" time="13.476" classname="Test Cases/RAD_TestCases/MRF_TestCases/WithholdingTax_MRF_TC" status="FAILED">
         <failure type="FAILED" message="Test Cases/RAD_TestCases/MRF_TestCases/WithholdingTax_MRF_TC FAILED.
Reason:
com.kms.katalon.core.exception.StepFailedException: Text 'Enter a phone number' is not present on page  using regular expression (Root cause: com.kms.katalon.core.exception.StepFailedException: Text 'Enter a phone number' is not present on page  using regular expression
	at com.kms.katalon.core.webui.keyword.internal.WebUIKeywordMain.stepFailed(WebUIKeywordMain.groovy:64)
	at com.kms.katalon.core.webui.keyword.builtin.VerifyTextPresentKeyword$_verifyTextPresent_closure1.doCall(VerifyTextPresentKeyword.groovy:79)
	at com.kms.katalon.core.webui.keyword.builtin.VerifyTextPresentKeyword$_verifyTextPresent_closure1.call(VerifyTextPresentKeyword.groovy)
	at com.kms.katalon.core.webui.keyword.internal.WebUIKeywordMain.runKeyword(WebUIKeywordMain.groovy:20)
	at com.kms.katalon.core.webui.keyword.builtin.VerifyTextPresentKeyword.verifyTextPresent(VerifyTextPresentKeyword.groovy:83)
	at com.kms.katalon.core.webui.keyword.builtin.VerifyTextPresentKeyword.execute(VerifyTextPresentKeyword.groovy:68)
	at com.kms.katalon.core.keyword.internal.KeywordExecutor.executeKeywordForPlatform(KeywordExecutor.groovy:74)
	at com.kms.katalon.core.webui.keyword.WebUiBuiltInKeywords.verifyTextPresent(WebUiBuiltInKeywords.groovy:1723)
	at com.kms.katalon.core.webui.keyword.WebUiBuiltInKeywords$verifyTextPresent$3.call(Unknown Source)
	at WithholdingTax_MRF_TC.run(WithholdingTax_MRF_TC:74)
	at com.kms.katalon.core.main.ScriptEngine.run(ScriptEngine.java:194)
	at com.kms.katalon.core.main.ScriptEngine.runScriptAsRawText(ScriptEngine.java:119)
	at com.kms.katalon.core.main.TestCaseExecutor.runScript(TestCaseExecutor.java:442)
	at com.kms.katalon.core.main.TestCaseExecutor.doExecute(TestCaseExecutor.java:433)
	at com.kms.katalon.core.main.TestCaseExecutor.processExecutionPhase(TestCaseExecutor.java:412)
	at com.kms.katalon.core.main.TestCaseExecutor.accessMainPhase(TestCaseExecutor.java:404)
	at com.kms.katalon.core.main.TestCaseExecutor.execute(TestCaseExecutor.java:281)
	at com.kms.katalon.core.main.TestSuiteExecutor.accessTestCaseMainPhase(TestSuiteExecutor.java:202)
	at com.kms.katalon.core.main.TestSuiteExecutor.accessTestSuiteMainPhase(TestSuiteExecutor.java:164)
	at com.kms.katalon.core.main.TestSuiteExecutor.execute(TestSuiteExecutor.java:105)
	at com.kms.katalon.core.main.TestCaseMain.startTestSuite(TestCaseMain.java:185)
	at com.kms.katalon.core.main.TestCaseMain$startTestSuite$0.call(Unknown Source)
	at TempTestSuite1672858415003.run(TempTestSuite1672858415003.groovy:36)
)
	at com.kms.katalon.core.keyword.internal.KeywordMain.stepFailed(KeywordMain.groovy:39)
	at com.kms.katalon.core.webui.keyword.internal.WebUIKeywordMain.stepFailed(WebUIKeywordMain.groovy:64)
	at com.kms.katalon.core.webui.keyword.builtin.VerifyTextPresentKeyword$_verifyTextPresent_closure1.doCall(VerifyTextPresentKeyword.groovy:79)
	at com.kms.katalon.core.webui.keyword.builtin.VerifyTextPresentKeyword$_verifyTextPresent_closure1.call(VerifyTextPresentKeyword.groovy)
	at com.kms.katalon.core.webui.keyword.internal.WebUIKeywordMain.runKeyword(WebUIKeywordMain.groovy:20)
	at com.kms.katalon.core.webui.keyword.builtin.VerifyTextPresentKeyword.verifyTextPresent(VerifyTextPresentKeyword.groovy:83)
	at com.kms.katalon.core.webui.keyword.builtin.VerifyTextPresentKeyword.execute(VerifyTextPresentKeyword.groovy:68)
	at com.kms.katalon.core.keyword.internal.KeywordExecutor.executeKeywordForPlatform(KeywordExecutor.groovy:74)
	at com.kms.katalon.core.webui.keyword.WebUiBuiltInKeywords.verifyTextPresent(WebUiBuiltInKeywords.groovy:1723)
	at com.kms.katalon.core.webui.keyword.WebUiBuiltInKeywords$verifyTextPresent$3.call(Unknown Source)
	at WithholdingTax_MRF_TC.run(WithholdingTax_MRF_TC:74)
	at com.kms.katalon.core.main.ScriptEngine.run(ScriptEngine.java:194)
	at com.kms.katalon.core.main.ScriptEngine.runScriptAsRawText(ScriptEngine.java:119)
	at com.kms.katalon.core.main.TestCaseExecutor.runScript(TestCaseExecutor.java:442)
	at com.kms.katalon.core.main.TestCaseExecutor.doExecute(TestCaseExecutor.java:433)
	at com.kms.katalon.core.main.TestCaseExecutor.processExecutionPhase(TestCaseExecutor.java:412)
	at com.kms.katalon.core.main.TestCaseExecutor.accessMainPhase(TestCaseExecutor.java:404)
	at com.kms.katalon.core.main.TestCaseExecutor.execute(TestCaseExecutor.java:281)
	at com.kms.katalon.core.main.TestSuiteExecutor.accessTestCaseMainPhase(TestSuiteExecutor.java:202)
	at com.kms.katalon.core.main.TestSuiteExecutor.accessTestSuiteMainPhase(TestSuiteExecutor.java:164)
	at com.kms.katalon.core.main.TestSuiteExecutor.execute(TestSuiteExecutor.java:105)
	at com.kms.katalon.core.main.TestCaseMain.startTestSuite(TestCaseMain.java:185)
	at com.kms.katalon.core.main.TestCaseMain$startTestSuite$0.call(Unknown Source)
	at TempTestSuite1672858415003.run(TempTestSuite1672858415003.groovy:36)
Caused by: com.kms.katalon.core.exception.StepFailedException: Text 'Enter a phone number' is not present on page  using regular expression
	... 23 more
"/>
         <system-out><![CDATA[2023-01-04 14:04:07 - [TEST_CASE][FAILED] - Test Cases/RAD_TestCases/MRF_TestCases/WithholdingTax_MRF_TC: Test Cases/RAD_TestCases/MRF_TestCases/WithholdingTax_MRF_TC FAILED.
Reason:
com.kms.katalon.core.exception.StepFailedException: Text 'Enter a phone number' is not present on page  using regular expression (Root cause: com.kms.katalon.core.exception.StepFailedException: Text 'Enter a phone number' is not present on page  using regular expression
	at com.kms.katalon.core.webui.keyword.internal.WebUIKeywordMain.stepFailed(WebUIKeywordMain.groovy:64)
	at com.kms.katalon.core.webui.keyword.builtin.VerifyTextPresentKeyword$_verifyTextPresent_closure1.doCall(VerifyTextPresentKeyword.groovy:79)
	at com.kms.katalon.core.webui.keyword.builtin.VerifyTextPresentKeyword$_verifyTextPresent_closure1.call(VerifyTextPresentKeyword.groovy)
	at com.kms.katalon.core.webui.keyword.internal.WebUIKeywordMain.runKeyword(WebUIKeywordMain.groovy:20)
	at com.kms.katalon.core.webui.keyword.builtin.VerifyTextPresentKeyword.verifyTextPresent(VerifyTextPresentKeyword.groovy:83)
	at com.kms.katalon.core.webui.keyword.builtin.VerifyTextPresentKeyword.execute(VerifyTextPresentKeyword.groovy:68)
	at com.kms.katalon.core.keyword.internal.KeywordExecutor.executeKeywordForPlatform(KeywordExecutor.groovy:74)
	at com.kms.katalon.core.webui.keyword.WebUiBuiltInKeywords.verifyTextPresent(WebUiBuiltInKeywords.groovy:1723)
	at com.kms.katalon.core.webui.keyword.WebUiBuiltInKeywords$verifyTextPresent$3.call(Unknown Source)
	at WithholdingTax_MRF_TC.run(WithholdingTax_MRF_TC:74)
	at com.kms.katalon.core.main.ScriptEngine.run(ScriptEngine.java:194)
	at com.kms.katalon.core.main.ScriptEngine.runScriptAsRawText(ScriptEngine.java:119)
	at com.kms.katalon.core.main.TestCaseExecutor.runScript(TestCaseExecutor.java:442)
	at com.kms.katalon.core.main.TestCaseExecutor.doExecute(TestCaseExecutor.java:433)
	at com.kms.katalon.core.main.TestCaseExecutor.processExecutionPhase(TestCaseExecutor.java:412)
	at com.kms.katalon.core.main.TestCaseExecutor.accessMainPhase(TestCaseExecutor.java:404)
	at com.kms.katalon.core.main.TestCaseExecutor.execute(TestCaseExecutor.java:281)
	at com.kms.katalon.core.main.TestSuiteExecutor.accessTestCaseMainPhase(TestSuiteExecutor.java:202)
	at com.kms.katalon.core.main.TestSuiteExecutor.accessTestSuiteMainPhase(TestSuiteExecutor.java:164)
	at com.kms.katalon.core.main.TestSuiteExecutor.execute(TestSuiteExecutor.java:105)
	at com.kms.katalon.core.main.TestCaseMain.startTestSuite(TestCaseMain.java:185)
	at com.kms.katalon.core.main.TestCaseMain$startTestSuite$0.call(Unknown Source)
	at TempTestSuite1672858415003.run(TempTestSuite1672858415003.groovy:36)
)
	at com.kms.katalon.core.keyword.internal.KeywordMain.stepFailed(KeywordMain.groovy:39)
	at com.kms.katalon.core.webui.keyword.internal.WebUIKeywordMain.stepFailed(WebUIKeywordMain.groovy:64)
	at com.kms.katalon.core.webui.keyword.builtin.VerifyTextPresentKeyword$_verifyTextPresent_closure1.doCall(VerifyTextPresentKeyword.groovy:79)
	at com.kms.katalon.core.webui.keyword.builtin.VerifyTextPresentKeyword$_verifyTextPresent_closure1.call(VerifyTextPresentKeyword.groovy)
	at com.kms.katalon.core.webui.keyword.internal.WebUIKeywordMain.runKeyword(WebUIKeywordMain.groovy:20)
	at com.kms.katalon.core.webui.keyword.builtin.VerifyTextPresentKeyword.verifyTextPresent(VerifyTextPresentKeyword.groovy:83)
	at com.kms.katalon.core.webui.keyword.builtin.VerifyTextPresentKeyword.execute(VerifyTextPresentKeyword.groovy:68)
	at com.kms.katalon.core.keyword.internal.KeywordExecutor.executeKeywordForPlatform(KeywordExecutor.groovy:74)
	at com.kms.katalon.core.webui.keyword.WebUiBuiltInKeywords.verifyTextPresent(WebUiBuiltInKeywords.groovy:1723)
	at com.kms.katalon.core.webui.keyword.WebUiBuiltInKeywords$verifyTextPresent$3.call(Unknown Source)
	at WithholdingTax_MRF_TC.run(WithholdingTax_MRF_TC:74)
	at com.kms.katalon.core.main.ScriptEngine.run(ScriptEngine.java:194)
	at com.kms.katalon.core.main.ScriptEngine.runScriptAsRawText(ScriptEngine.java:119)
	at com.kms.katalon.core.main.TestCaseExecutor.runScript(TestCaseExecutor.java:442)
	at com.kms.katalon.core.main.TestCaseExecutor.doExecute(TestCaseExecutor.java:433)
	at com.kms.katalon.core.main.TestCaseExecutor.processExecutionPhase(TestCaseExecutor.java:412)
	at com.kms.katalon.core.main.TestCaseExecutor.accessMainPhase(TestCaseExecutor.java:404)
	at com.kms.katalon.core.main.TestCaseExecutor.execute(TestCaseExecutor.java:281)
	at com.kms.katalon.core.main.TestSuiteExecutor.accessTestCaseMainPhase(TestSuiteExecutor.java:202)
	at com.kms.katalon.core.main.TestSuiteExecutor.accessTestSuiteMainPhase(TestSuiteExecutor.java:164)
	at com.kms.katalon.core.main.TestSuiteExecutor.execute(TestSuiteExecutor.java:105)
	at com.kms.katalon.core.main.TestCaseMain.startTestSuite(TestCaseMain.java:185)
	at com.kms.katalon.core.main.TestCaseMain$startTestSuite$0.call(Unknown Source)
	at TempTestSuite1672858415003.run(TempTestSuite1672858415003.groovy:36)
Caused by: com.kms.katalon.core.exception.StepFailedException: Text 'Enter a phone number' is not present on page  using regular expression
	... 23 more


2023-01-04 14:04:07 - [TEST_STEP][PASSED] - openBrowser(""): Browser is opened with url: ''

2023-01-04 14:04:07 - [MESSAGE][WARNING] - A browser is already opened. Closing browser and opening a new one

2023-01-04 14:04:08 - [MESSAGE][INFO] - Starting 'Chrome' driver

2023-01-04 14:04:08 - [MESSAGE][INFO] - User set preference: ['acceptInsecureCerts', 'true']

2023-01-04 14:04:08 - [MESSAGE][INFO] - Action delay is set to 0 milliseconds

2023-01-04 14:04:09 - [MESSAGE][PASSED] - Browser is opened with url: ''

2023-01-04 14:04:09 - [TEST_STEP][PASSED] - maximizeWindow(): Current window maximized

2023-01-04 14:04:09 - [MESSAGE][PASSED] - Current window maximized

2023-01-04 14:04:09 - [TEST_STEP][PASSED] - navigateToUrl(RADurl): Navigate to 'https://qa.velocitypayment.com/client/rad/index.html' successfully

2023-01-04 14:04:11 - [MESSAGE][PASSED] - Navigate to 'https://qa.velocitypayment.com/client/rad/index.html' successfully

2023-01-04 14:04:11 - [TEST_STEP][PASSED] - orPath_Landing = "Object Repository/RAD_Pages/Landing_Page": null

2023-01-04 14:04:11 - [TEST_STEP][PASSED] - orPath_Amount = "Object Repository/RAD_Pages/PaymentAmount_Page": null

2023-01-04 14:04:11 - [TEST_STEP][PASSED] - orPath_FilingStatus = "Object Repository/RAD_Pages/FilingStatus_Page": null

2023-01-04 14:04:11 - [TEST_STEP][PASSED] - selectOptionByLabel(findTestObject(orPath_Landing + "/dd_TaxType"), "Withholding Tax", false): All options with label 'Withholding Tax' are selected in object 'Object Repository/RAD_Pages/Landing_Page/dd_TaxType' 

2023-01-04 14:04:12 - [MESSAGE][PASSED] - All options with label 'Withholding Tax' are selected in object 'Object Repository/RAD_Pages/Landing_Page/dd_TaxType' 

2023-01-04 14:04:12 - [TEST_STEP][PASSED] - scrollToElement(findTestObject(orPath_Landing + "/button_Continue"), 3): Scroll to object 'Object Repository/RAD_Pages/Landing_Page/button_Continue' successfully

2023-01-04 14:04:12 - [MESSAGE][PASSED] - Scroll to object 'Object Repository/RAD_Pages/Landing_Page/button_Continue' successfully

2023-01-04 14:04:12 - [TEST_STEP][PASSED] - waitForElementClickable(findTestObject(orPath_Landing + "/button_Continue"), 5): Object 'Object Repository/RAD_Pages/Landing_Page/button_Continue' is clickable

2023-01-04 14:04:13 - [MESSAGE][PASSED] - Object 'Object Repository/RAD_Pages/Landing_Page/button_Continue' is clickable

2023-01-04 14:04:13 - [TEST_STEP][PASSED] - click(findTestObject(orPath_Landing + "/button_Continue")): Object: 'Object Repository/RAD_Pages/Landing_Page/button_Continue' is clicked on

2023-01-04 14:04:13 - [MESSAGE][PASSED] - Object: 'Object Repository/RAD_Pages/Landing_Page/button_Continue' is clicked on

2023-01-04 14:04:13 - [TEST_STEP][PASSED] - verifyTextPresent("Select a filing year", true): Text 'Select a filing year' is present on page  using regular expression

2023-01-04 14:04:14 - [MESSAGE][PASSED] - Text 'Select a filing year' is present on page  using regular expression

2023-01-04 14:04:14 - [TEST_STEP][PASSED] - verifyTextPresent("Enter business name", true): Text 'Enter business name' is present on page  using regular expression

2023-01-04 14:04:14 - [MESSAGE][PASSED] - Text 'Enter business name' is present on page  using regular expression

2023-01-04 14:04:14 - [TEST_STEP][PASSED] - verifyTextPresent("Enter first name", true): Text 'Enter first name' is present on page  using regular expression

2023-01-04 14:04:15 - [MESSAGE][PASSED] - Text 'Enter first name' is present on page  using regular expression

2023-01-04 14:04:15 - [TEST_STEP][PASSED] - verifyTextPresent("Enter last name", true): Text 'Enter last name' is present on page  using regular expression

2023-01-04 14:04:15 - [MESSAGE][PASSED] - Text 'Enter last name' is present on page  using regular expression

2023-01-04 14:04:15 - [TEST_STEP][PASSED] - verifyTextPresent("Enter address", true): Text 'Enter address' is present on page  using regular expression

2023-01-04 14:04:16 - [MESSAGE][PASSED] - Text 'Enter address' is present on page  using regular expression

2023-01-04 14:04:16 - [TEST_STEP][PASSED] - verifyTextPresent("Enter city", true): Text 'Enter city' is present on page  using regular expression

2023-01-04 14:04:16 - [MESSAGE][PASSED] - Text 'Enter city' is present on page  using regular expression

2023-01-04 14:04:16 - [TEST_STEP][PASSED] - verifyTextPresent("Select a state", true): Text 'Select a state' is present on page  using regular expression

2023-01-04 14:04:17 - [MESSAGE][PASSED] - Text 'Select a state' is present on page  using regular expression

2023-01-04 14:04:17 - [TEST_STEP][PASSED] - verifyTextPresent("Enter ZIP code", true): Text 'Enter ZIP code' is present on page  using regular expression

2023-01-04 14:04:17 - [MESSAGE][PASSED] - Text 'Enter ZIP code' is present on page  using regular expression

2023-01-04 14:04:17 - [TEST_STEP][FAILED] - verifyTextPresent("Enter a phone number", true): Text 'Enter a phone number' is not present on page  using regular expression (Root cause: com.kms.katalon.core.exception.StepFailedException: Text 'Enter a phone number' is not present on page  using regular expression
	at com.kms.katalon.core.webui.keyword.internal.WebUIKeywordMain.stepFailed(WebUIKeywordMain.groovy:64)
	at com.kms.katalon.core.webui.keyword.builtin.VerifyTextPresentKeyword$_verifyTextPresent_closure1.doCall(VerifyTextPresentKeyword.groovy:79)
	at com.kms.katalon.core.webui.keyword.builtin.VerifyTextPresentKeyword$_verifyTextPresent_closure1.call(VerifyTextPresentKeyword.groovy)
	at com.kms.katalon.core.webui.keyword.internal.WebUIKeywordMain.runKeyword(WebUIKeywordMain.groovy:20)
	at com.kms.katalon.core.webui.keyword.builtin.VerifyTextPresentKeyword.verifyTextPresent(VerifyTextPresentKeyword.groovy:83)
	at com.kms.katalon.core.webui.keyword.builtin.VerifyTextPresentKeyword.execute(VerifyTextPresentKeyword.groovy:68)
	at com.kms.katalon.core.keyword.internal.KeywordExecutor.executeKeywordForPlatform(KeywordExecutor.groovy:74)
	at com.kms.katalon.core.webui.keyword.WebUiBuiltInKeywords.verifyTextPresent(WebUiBuiltInKeywords.groovy:1723)
	at com.kms.katalon.core.webui.keyword.WebUiBuiltInKeywords$verifyTextPresent$3.call(Unknown Source)
	at WithholdingTax_MRF_TC.run(WithholdingTax_MRF_TC:74)
	at com.kms.katalon.core.main.ScriptEngine.run(ScriptEngine.java:194)
	at com.kms.katalon.core.main.ScriptEngine.runScriptAsRawText(ScriptEngine.java:119)
	at com.kms.katalon.core.main.TestCaseExecutor.runScript(TestCaseExecutor.java:442)
	at com.kms.katalon.core.main.TestCaseExecutor.doExecute(TestCaseExecutor.java:433)
	at com.kms.katalon.core.main.TestCaseExecutor.processExecutionPhase(TestCaseExecutor.java:412)
	at com.kms.katalon.core.main.TestCaseExecutor.accessMainPhase(TestCaseExecutor.java:404)
	at com.kms.katalon.core.main.TestCaseExecutor.execute(TestCaseExecutor.java:281)
	at com.kms.katalon.core.main.TestSuiteExecutor.accessTestCaseMainPhase(TestSuiteExecutor.java:202)
	at com.kms.katalon.core.main.TestSuiteExecutor.accessTestSuiteMainPhase(TestSuiteExecutor.java:164)
	at com.kms.katalon.core.main.TestSuiteExecutor.execute(TestSuiteExecutor.java:105)
	at com.kms.katalon.core.main.TestCaseMain.startTestSuite(TestCaseMain.java:185)
	at com.kms.katalon.core.main.TestCaseMain$startTestSuite$0.call(Unknown Source)
	at TempTestSuite1672858415003.run(TempTestSuite1672858415003.groovy:36)
)

2023-01-04 14:04:17 - [MESSAGE][FAILED] - Text 'Enter a phone number' is not present on page  using regular expression (Root cause: com.kms.katalon.core.exception.StepFailedException: Text 'Enter a phone number' is not present on page  using regular expression
	at com.kms.katalon.core.webui.keyword.internal.WebUIKeywordMain.stepFailed(WebUIKeywordMain.groovy:64)
	at com.kms.katalon.core.webui.keyword.builtin.VerifyTextPresentKeyword$_verifyTextPresent_closure1.doCall(VerifyTextPresentKeyword.groovy:79)
	at com.kms.katalon.core.webui.keyword.builtin.VerifyTextPresentKeyword$_verifyTextPresent_closure1.call(VerifyTextPresentKeyword.groovy)
	at com.kms.katalon.core.webui.keyword.internal.WebUIKeywordMain.runKeyword(WebUIKeywordMain.groovy:20)
	at com.kms.katalon.core.webui.keyword.builtin.VerifyTextPresentKeyword.verifyTextPresent(VerifyTextPresentKeyword.groovy:83)
	at com.kms.katalon.core.webui.keyword.builtin.VerifyTextPresentKeyword.execute(VerifyTextPresentKeyword.groovy:68)
	at com.kms.katalon.core.keyword.internal.KeywordExecutor.executeKeywordForPlatform(KeywordExecutor.groovy:74)
	at com.kms.katalon.core.webui.keyword.WebUiBuiltInKeywords.verifyTextPresent(WebUiBuiltInKeywords.groovy:1723)
	at com.kms.katalon.core.webui.keyword.WebUiBuiltInKeywords$verifyTextPresent$3.call(Unknown Source)
	at WithholdingTax_MRF_TC.run(WithholdingTax_MRF_TC:74)
	at com.kms.katalon.core.main.ScriptEngine.run(ScriptEngine.java:194)
	at com.kms.katalon.core.main.ScriptEngine.runScriptAsRawText(ScriptEngine.java:119)
	at com.kms.katalon.core.main.TestCaseExecutor.runScript(TestCaseExecutor.java:442)
	at com.kms.katalon.core.main.TestCaseExecutor.doExecute(TestCaseExecutor.java:433)
	at com.kms.katalon.core.main.TestCaseExecutor.processExecutionPhase(TestCaseExecutor.java:412)
	at com.kms.katalon.core.main.TestCaseExecutor.accessMainPhase(TestCaseExecutor.java:404)
	at com.kms.katalon.core.main.TestCaseExecutor.execute(TestCaseExecutor.java:281)
	at com.kms.katalon.core.main.TestSuiteExecutor.accessTestCaseMainPhase(TestSuiteExecutor.java:202)
	at com.kms.katalon.core.main.TestSuiteExecutor.accessTestSuiteMainPhase(TestSuiteExecutor.java:164)
	at com.kms.katalon.core.main.TestSuiteExecutor.execute(TestSuiteExecutor.java:105)
	at com.kms.katalon.core.main.TestCaseMain.startTestSuite(TestCaseMain.java:185)
	at com.kms.katalon.core.main.TestCaseMain$startTestSuite$0.call(Unknown Source)
	at TempTestSuite1672858415003.run(TempTestSuite1672858415003.groovy:36)
)

2023-01-04 14:04:17 - [TEST_STEP][PASSED] - verifyTextPresent("Enter Email", true): Text 'Enter Email' is present on page  using regular expression

2023-01-04 14:04:18 - [MESSAGE][PASSED] - Text 'Enter Email' is present on page  using regular expression

2023-01-04 14:04:18 - [TEST_STEP][PASSED] - verifyTextPresent("The Email and Re-enter email do not match", true): Text 'The Email and Re-enter email do not match' is present on page  using regular expression

2023-01-04 14:04:18 - [MESSAGE][PASSED] - Text 'The Email and Re-enter email do not match' is present on page  using regular expression

2023-01-04 14:04:18 - [TEST_STEP][PASSED] - verifyTextPresent("Enter valid MD Central Registration.", true): Text 'Enter valid MD Central Registration.' is present on page  using regular expression

2023-01-04 14:04:19 - [MESSAGE][PASSED] - Text 'Enter valid MD Central Registration.' is present on page  using regular expression

2023-01-04 14:04:19 - [TEST_STEP][PASSED] - verifyTextPresent("Select reporting period", true): Text 'Select reporting period' is present on page  using regular expression

2023-01-04 14:04:19 - [MESSAGE][PASSED] - Text 'Select reporting period' is present on page  using regular expression

2023-01-04 14:04:19 - [TEST_STEP][PASSED] - verifyTextPresent("Withholding amount must be greater than zero and less than 10,000,000", true): Text 'Withholding amount must be greater than zero and less than 10,000,000' is present on page  using regular expression

2023-01-04 14:04:20 - [MESSAGE][PASSED] - Text 'Withholding amount must be greater than zero and less than 10,000,000' is present on page  using regular expression

2023-01-04 14:04:20 - [TEST_STEP][PASSED] - verifyTextPresent("Payment amount must be greater than zero and less than 10,000,000", true): Text 'Payment amount must be greater than zero and less than 10,000,000' is present on page  using regular expression

2023-01-04 14:04:20 - [MESSAGE][PASSED] - Text 'Payment amount must be greater than zero and less than 10,000,000' is present on page  using regular expression]]></system-out>
         <system-err><![CDATA[2023-01-04 14:04:07 - [TEST_CASE][FAILED] - Test Cases/RAD_TestCases/MRF_TestCases/WithholdingTax_MRF_TC: Test Cases/RAD_TestCases/MRF_TestCases/WithholdingTax_MRF_TC FAILED.
Reason:
com.kms.katalon.core.exception.StepFailedException: Text 'Enter a phone number' is not present on page  using regular expression (Root cause: com.kms.katalon.core.exception.StepFailedException: Text 'Enter a phone number' is not present on page  using regular expression
	at com.kms.katalon.core.webui.keyword.internal.WebUIKeywordMain.stepFailed(WebUIKeywordMain.groovy:64)
	at com.kms.katalon.core.webui.keyword.builtin.VerifyTextPresentKeyword$_verifyTextPresent_closure1.doCall(VerifyTextPresentKeyword.groovy:79)
	at com.kms.katalon.core.webui.keyword.builtin.VerifyTextPresentKeyword$_verifyTextPresent_closure1.call(VerifyTextPresentKeyword.groovy)
	at com.kms.katalon.core.webui.keyword.internal.WebUIKeywordMain.runKeyword(WebUIKeywordMain.groovy:20)
	at com.kms.katalon.core.webui.keyword.builtin.VerifyTextPresentKeyword.verifyTextPresent(VerifyTextPresentKeyword.groovy:83)
	at com.kms.katalon.core.webui.keyword.builtin.VerifyTextPresentKeyword.execute(VerifyTextPresentKeyword.groovy:68)
	at com.kms.katalon.core.keyword.internal.KeywordExecutor.executeKeywordForPlatform(KeywordExecutor.groovy:74)
	at com.kms.katalon.core.webui.keyword.WebUiBuiltInKeywords.verifyTextPresent(WebUiBuiltInKeywords.groovy:1723)
	at com.kms.katalon.core.webui.keyword.WebUiBuiltInKeywords$verifyTextPresent$3.call(Unknown Source)
	at WithholdingTax_MRF_TC.run(WithholdingTax_MRF_TC:74)
	at com.kms.katalon.core.main.ScriptEngine.run(ScriptEngine.java:194)
	at com.kms.katalon.core.main.ScriptEngine.runScriptAsRawText(ScriptEngine.java:119)
	at com.kms.katalon.core.main.TestCaseExecutor.runScript(TestCaseExecutor.java:442)
	at com.kms.katalon.core.main.TestCaseExecutor.doExecute(TestCaseExecutor.java:433)
	at com.kms.katalon.core.main.TestCaseExecutor.processExecutionPhase(TestCaseExecutor.java:412)
	at com.kms.katalon.core.main.TestCaseExecutor.accessMainPhase(TestCaseExecutor.java:404)
	at com.kms.katalon.core.main.TestCaseExecutor.execute(TestCaseExecutor.java:281)
	at com.kms.katalon.core.main.TestSuiteExecutor.accessTestCaseMainPhase(TestSuiteExecutor.java:202)
	at com.kms.katalon.core.main.TestSuiteExecutor.accessTestSuiteMainPhase(TestSuiteExecutor.java:164)
	at com.kms.katalon.core.main.TestSuiteExecutor.execute(TestSuiteExecutor.java:105)
	at com.kms.katalon.core.main.TestCaseMain.startTestSuite(TestCaseMain.java:185)
	at com.kms.katalon.core.main.TestCaseMain$startTestSuite$0.call(Unknown Source)
	at TempTestSuite1672858415003.run(TempTestSuite1672858415003.groovy:36)
)
	at com.kms.katalon.core.keyword.internal.KeywordMain.stepFailed(KeywordMain.groovy:39)
	at com.kms.katalon.core.webui.keyword.internal.WebUIKeywordMain.stepFailed(WebUIKeywordMain.groovy:64)
	at com.kms.katalon.core.webui.keyword.builtin.VerifyTextPresentKeyword$_verifyTextPresent_closure1.doCall(VerifyTextPresentKeyword.groovy:79)
	at com.kms.katalon.core.webui.keyword.builtin.VerifyTextPresentKeyword$_verifyTextPresent_closure1.call(VerifyTextPresentKeyword.groovy)
	at com.kms.katalon.core.webui.keyword.internal.WebUIKeywordMain.runKeyword(WebUIKeywordMain.groovy:20)
	at com.kms.katalon.core.webui.keyword.builtin.VerifyTextPresentKeyword.verifyTextPresent(VerifyTextPresentKeyword.groovy:83)
	at com.kms.katalon.core.webui.keyword.builtin.VerifyTextPresentKeyword.execute(VerifyTextPresentKeyword.groovy:68)
	at com.kms.katalon.core.keyword.internal.KeywordExecutor.executeKeywordForPlatform(KeywordExecutor.groovy:74)
	at com.kms.katalon.core.webui.keyword.WebUiBuiltInKeywords.verifyTextPresent(WebUiBuiltInKeywords.groovy:1723)
	at com.kms.katalon.core.webui.keyword.WebUiBuiltInKeywords$verifyTextPresent$3.call(Unknown Source)
	at WithholdingTax_MRF_TC.run(WithholdingTax_MRF_TC:74)
	at com.kms.katalon.core.main.ScriptEngine.run(ScriptEngine.java:194)
	at com.kms.katalon.core.main.ScriptEngine.runScriptAsRawText(ScriptEngine.java:119)
	at com.kms.katalon.core.main.TestCaseExecutor.runScript(TestCaseExecutor.java:442)
	at com.kms.katalon.core.main.TestCaseExecutor.doExecute(TestCaseExecutor.java:433)
	at com.kms.katalon.core.main.TestCaseExecutor.processExecutionPhase(TestCaseExecutor.java:412)
	at com.kms.katalon.core.main.TestCaseExecutor.accessMainPhase(TestCaseExecutor.java:404)
	at com.kms.katalon.core.main.TestCaseExecutor.execute(TestCaseExecutor.java:281)
	at com.kms.katalon.core.main.TestSuiteExecutor.accessTestCaseMainPhase(TestSuiteExecutor.java:202)
	at com.kms.katalon.core.main.TestSuiteExecutor.accessTestSuiteMainPhase(TestSuiteExecutor.java:164)
	at com.kms.katalon.core.main.TestSuiteExecutor.execute(TestSuiteExecutor.java:105)
	at com.kms.katalon.core.main.TestCaseMain.startTestSuite(TestCaseMain.java:185)
	at com.kms.katalon.core.main.TestCaseMain$startTestSuite$0.call(Unknown Source)
	at TempTestSuite1672858415003.run(TempTestSuite1672858415003.groovy:36)
Caused by: com.kms.katalon.core.exception.StepFailedException: Text 'Enter a phone number' is not present on page  using regular expression
	... 23 more]]></system-err>
      </testcase>
      <testcase name="Test Cases/RAD_TestCases/MRF_TestCases/EstimatedTax_Joint_MRF_TC" time="53.377" classname="Test Cases/RAD_TestCases/MRF_TestCases/EstimatedTax_Joint_MRF_TC" status="PASSED">
         <system-out><![CDATA[2023-01-04 14:04:20 - [TEST_CASE][PASSED] - Test Cases/RAD_TestCases/MRF_TestCases/EstimatedTax_Joint_MRF_TC: Test Cases/RAD_TestCases/MRF_TestCases/EstimatedTax_Joint_MRF_TC

2023-01-04 14:04:21 - [TEST_STEP][PASSED] - orPath_Landing = "Object Repository/RAD_Pages/Landing_Page": null

2023-01-04 14:04:21 - [TEST_STEP][PASSED] - orPath_Amount = "Object Repository/RAD_Pages/PaymentAmount_Page": null

2023-01-04 14:04:21 - [TEST_STEP][PASSED] - orPath_FilingStatus = "Object Repository/RAD_Pages/FilingStatus_Page": null

2023-01-04 14:04:21 - [TEST_STEP][PASSED] - orPath_TaxPayer = "Object Repository/RAD_Pages/Taxpayer_Page": null

2023-01-04 14:04:21 - [TEST_STEP][PASSED] - taxTypeDropList = ["Estimated Tax", "Personal Income Tax", "Extension Payments"]: null

2023-01-04 14:04:21 - [TEST_STEP][PASSED] - listSize = taxTypeDropList.size(): null

2023-01-04 14:04:21 - [TEST_STEP][PASSED] - println(listSize): null

2023-01-04 14:04:21 - [TEST_STEP][PASSED] - for ([i = 0, i < listSize, (i++)]): Text 'Enter joint payer first name' is present on page  using regular expression

2023-01-04 14:04:21 - [TEST_STEP][PASSED] - openBrowser(""): Browser is opened with url: ''

2023-01-04 14:04:21 - [MESSAGE][WARNING] - A browser is already opened. Closing browser and opening a new one

2023-01-04 14:04:21 - [MESSAGE][INFO] - Starting 'Chrome' driver

2023-01-04 14:04:21 - [MESSAGE][INFO] - User set preference: ['acceptInsecureCerts', 'true']

2023-01-04 14:04:21 - [MESSAGE][INFO] - Action delay is set to 0 milliseconds

2023-01-04 14:04:23 - [MESSAGE][PASSED] - Browser is opened with url: ''

2023-01-04 14:04:23 - [TEST_STEP][PASSED] - maximizeWindow(): Current window maximized

2023-01-04 14:04:23 - [MESSAGE][PASSED] - Current window maximized

2023-01-04 14:04:23 - [TEST_STEP][PASSED] - navigateToUrl(RADurl): Navigate to 'https://qa.velocitypayment.com/client/rad/index.html' successfully

2023-01-04 14:04:25 - [MESSAGE][PASSED] - Navigate to 'https://qa.velocitypayment.com/client/rad/index.html' successfully

2023-01-04 14:04:25 - [TEST_STEP][PASSED] - out.println("Value of taxTypeDropList : " + taxTypeDropList[i]): null

2023-01-04 14:04:25 - [TEST_STEP][PASSED] - selectOptionByLabel(findTestObject(orPath_Landing + "/dd_TaxType"), taxTypeDropList[i], false): All options with label 'Estimated Tax' are selected in object 'Object Repository/RAD_Pages/Landing_Page/dd_TaxType' 

2023-01-04 14:04:26 - [MESSAGE][PASSED] - All options with label 'Estimated Tax' are selected in object 'Object Repository/RAD_Pages/Landing_Page/dd_TaxType' 

2023-01-04 14:04:26 - [TEST_STEP][PASSED] - setText(findTestObject(orPath_TaxPayer + "/input_lastName"), "Anderson"): Text 'Anderson' is set on object 'Object Repository/RAD_Pages/Taxpayer_Page/input_lastName'

2023-01-04 14:04:27 - [MESSAGE][PASSED] - Text 'Anderson' is set on object 'Object Repository/RAD_Pages/Taxpayer_Page/input_lastName'

2023-01-04 14:04:27 - [TEST_STEP][PASSED] - setText(findTestObject("RAD_RecordAndPlay/input_concatSSN"), "123441234"): Text '123441234' is set on object 'Object Repository/RAD_RecordAndPlay/input_concatSSN'

2023-01-04 14:04:28 - [MESSAGE][PASSED] - Text '123441234' is set on object 'Object Repository/RAD_RecordAndPlay/input_concatSSN'

2023-01-04 14:04:28 - [TEST_STEP][PASSED] - setText(findTestObject("RAD_RecordAndPlay/input_concatReSSN"), "123441234"): Text '123441234' is set on object 'Object Repository/RAD_RecordAndPlay/input_concatReSSN'

2023-01-04 14:04:29 - [MESSAGE][PASSED] - Text '123441234' is set on object 'Object Repository/RAD_RecordAndPlay/input_concatReSSN'

2023-01-04 14:04:29 - [TEST_STEP][PASSED] - scrollToElement(findTestObject(orPath_Amount + "/input__paymentAmount"), 3): Scroll to object 'Object Repository/RAD_Pages/PaymentAmount_Page/input__paymentAmount' successfully

2023-01-04 14:04:29 - [MESSAGE][PASSED] - Scroll to object 'Object Repository/RAD_Pages/PaymentAmount_Page/input__paymentAmount' successfully

2023-01-04 14:04:29 - [TEST_STEP][PASSED] - waitForElementClickable(findTestObject(orPath_FilingStatus + "/input_userType_Joint"), 5): Object 'Object Repository/RAD_Pages/FilingStatus_Page/input_userType_Joint' is clickable

2023-01-04 14:04:30 - [MESSAGE][PASSED] - Object 'Object Repository/RAD_Pages/FilingStatus_Page/input_userType_Joint' is clickable

2023-01-04 14:04:30 - [TEST_STEP][PASSED] - click(findTestObject(orPath_FilingStatus + "/input_userType_Joint")): Object: 'Object Repository/RAD_Pages/FilingStatus_Page/input_userType_Joint' is clicked on

2023-01-04 14:04:30 - [MESSAGE][PASSED] - Object: 'Object Repository/RAD_Pages/FilingStatus_Page/input_userType_Joint' is clicked on

2023-01-04 14:04:30 - [TEST_STEP][PASSED] - setText(findTestObject(orPath_FilingStatus + "/input_jointLastName"), "Stokes"): Text 'Stokes' is set on object 'Object Repository/RAD_Pages/FilingStatus_Page/input_jointLastName'

2023-01-04 14:04:31 - [MESSAGE][PASSED] - Text 'Stokes' is set on object 'Object Repository/RAD_Pages/FilingStatus_Page/input_jointLastName'

2023-01-04 14:04:31 - [TEST_STEP][PASSED] - setText(findTestObject("Object Repository/RAD_RecordAndPlay/input_JointFilerSSN"), "123443210"): Text '123443210' is set on object 'Object Repository/RAD_RecordAndPlay/input_JointFilerSSN'

2023-01-04 14:04:32 - [MESSAGE][PASSED] - Text '123443210' is set on object 'Object Repository/RAD_RecordAndPlay/input_JointFilerSSN'

2023-01-04 14:04:32 - [TEST_STEP][PASSED] - setText(findTestObject("Object Repository/RAD_RecordAndPlay/input_reTypeJointFilerSSN"), "123443210"): Text '123443210' is set on object 'Object Repository/RAD_RecordAndPlay/input_reTypeJointFilerSSN'

2023-01-04 14:04:32 - [MESSAGE][PASSED] - Text '123443210' is set on object 'Object Repository/RAD_RecordAndPlay/input_reTypeJointFilerSSN'

2023-01-04 14:04:32 - [TEST_STEP][PASSED] - delay(2): Delayed 2 second(s)

2023-01-04 14:04:34 - [MESSAGE][PASSED] - Delayed 2 second(s)

2023-01-04 14:04:34 - [TEST_STEP][PASSED] - scrollToElement(findTestObject(orPath_Amount + "/input__paymentAmount"), 3): Scroll to object 'Object Repository/RAD_Pages/PaymentAmount_Page/input__paymentAmount' successfully

2023-01-04 14:04:35 - [MESSAGE][PASSED] - Scroll to object 'Object Repository/RAD_Pages/PaymentAmount_Page/input__paymentAmount' successfully

2023-01-04 14:04:35 - [TEST_STEP][PASSED] - setText(findTestObject(orPath_Amount + "/input__paymentAmount"), ""): Text '' is set on object 'Object Repository/RAD_Pages/PaymentAmount_Page/input__paymentAmount'

2023-01-04 14:04:36 - [MESSAGE][PASSED] - Text '' is set on object 'Object Repository/RAD_Pages/PaymentAmount_Page/input__paymentAmount'

2023-01-04 14:04:36 - [TEST_STEP][PASSED] - delay(2): Delayed 2 second(s)

2023-01-04 14:04:38 - [MESSAGE][PASSED] - Delayed 2 second(s)

2023-01-04 14:04:38 - [TEST_STEP][PASSED] - click(findTestObject(orPath_Landing + "/button_Continue")): Object: 'Object Repository/RAD_Pages/Landing_Page/button_Continue' is clicked on

2023-01-04 14:04:38 - [MESSAGE][PASSED] - Object: 'Object Repository/RAD_Pages/Landing_Page/button_Continue' is clicked on

2023-01-04 14:04:38 - [TEST_STEP][PASSED] - verifyTextPresent("Enter joint payer first name", true): Text 'Enter joint payer first name' is present on page  using regular expression

2023-01-04 14:04:39 - [MESSAGE][PASSED] - Text 'Enter joint payer first name' is present on page  using regular expression

2023-01-04 14:04:39 - [TEST_STEP][PASSED] - openBrowser(""): Browser is opened with url: ''

2023-01-04 14:04:39 - [MESSAGE][WARNING] - A browser is already opened. Closing browser and opening a new one

2023-01-04 14:04:40 - [MESSAGE][INFO] - Starting 'Chrome' driver

2023-01-04 14:04:40 - [MESSAGE][INFO] - User set preference: ['acceptInsecureCerts', 'true']

2023-01-04 14:04:40 - [MESSAGE][INFO] - Action delay is set to 0 milliseconds

2023-01-04 14:04:41 - [MESSAGE][PASSED] - Browser is opened with url: ''

2023-01-04 14:04:41 - [TEST_STEP][PASSED] - maximizeWindow(): Current window maximized

2023-01-04 14:04:41 - [MESSAGE][PASSED] - Current window maximized

2023-01-04 14:04:41 - [TEST_STEP][PASSED] - navigateToUrl(RADurl): Navigate to 'https://qa.velocitypayment.com/client/rad/index.html' successfully

2023-01-04 14:04:43 - [MESSAGE][PASSED] - Navigate to 'https://qa.velocitypayment.com/client/rad/index.html' successfully

2023-01-04 14:04:43 - [TEST_STEP][PASSED] - out.println("Value of taxTypeDropList : " + taxTypeDropList[i]): null

2023-01-04 14:04:43 - [TEST_STEP][PASSED] - selectOptionByLabel(findTestObject(orPath_Landing + "/dd_TaxType"), taxTypeDropList[i], false): All options with label 'Personal Income Tax' are selected in object 'Object Repository/RAD_Pages/Landing_Page/dd_TaxType' 

2023-01-04 14:04:44 - [MESSAGE][PASSED] - All options with label 'Personal Income Tax' are selected in object 'Object Repository/RAD_Pages/Landing_Page/dd_TaxType' 

2023-01-04 14:04:44 - [TEST_STEP][PASSED] - setText(findTestObject(orPath_TaxPayer + "/input_lastName"), "Anderson"): Text 'Anderson' is set on object 'Object Repository/RAD_Pages/Taxpayer_Page/input_lastName'

2023-01-04 14:04:45 - [MESSAGE][PASSED] - Text 'Anderson' is set on object 'Object Repository/RAD_Pages/Taxpayer_Page/input_lastName'

2023-01-04 14:04:45 - [TEST_STEP][PASSED] - setText(findTestObject("RAD_RecordAndPlay/input_concatSSN"), "123441234"): Text '123441234' is set on object 'Object Repository/RAD_RecordAndPlay/input_concatSSN'

2023-01-04 14:04:45 - [MESSAGE][PASSED] - Text '123441234' is set on object 'Object Repository/RAD_RecordAndPlay/input_concatSSN'

2023-01-04 14:04:45 - [TEST_STEP][PASSED] - setText(findTestObject("RAD_RecordAndPlay/input_concatReSSN"), "123441234"): Text '123441234' is set on object 'Object Repository/RAD_RecordAndPlay/input_concatReSSN'

2023-01-04 14:04:46 - [MESSAGE][PASSED] - Text '123441234' is set on object 'Object Repository/RAD_RecordAndPlay/input_concatReSSN'

2023-01-04 14:04:46 - [TEST_STEP][PASSED] - scrollToElement(findTestObject(orPath_Amount + "/input__paymentAmount"), 3): Scroll to object 'Object Repository/RAD_Pages/PaymentAmount_Page/input__paymentAmount' successfully

2023-01-04 14:04:46 - [MESSAGE][PASSED] - Scroll to object 'Object Repository/RAD_Pages/PaymentAmount_Page/input__paymentAmount' successfully

2023-01-04 14:04:46 - [TEST_STEP][PASSED] - waitForElementClickable(findTestObject(orPath_FilingStatus + "/input_userType_Joint"), 5): Object 'Object Repository/RAD_Pages/FilingStatus_Page/input_userType_Joint' is clickable

2023-01-04 14:04:47 - [MESSAGE][PASSED] - Object 'Object Repository/RAD_Pages/FilingStatus_Page/input_userType_Joint' is clickable

2023-01-04 14:04:47 - [TEST_STEP][PASSED] - click(findTestObject(orPath_FilingStatus + "/input_userType_Joint")): Object: 'Object Repository/RAD_Pages/FilingStatus_Page/input_userType_Joint' is clicked on

2023-01-04 14:04:47 - [MESSAGE][PASSED] - Object: 'Object Repository/RAD_Pages/FilingStatus_Page/input_userType_Joint' is clicked on

2023-01-04 14:04:47 - [TEST_STEP][PASSED] - setText(findTestObject(orPath_FilingStatus + "/input_jointLastName"), "Stokes"): Text 'Stokes' is set on object 'Object Repository/RAD_Pages/FilingStatus_Page/input_jointLastName'

2023-01-04 14:04:48 - [MESSAGE][PASSED] - Text 'Stokes' is set on object 'Object Repository/RAD_Pages/FilingStatus_Page/input_jointLastName'

2023-01-04 14:04:48 - [TEST_STEP][PASSED] - setText(findTestObject("Object Repository/RAD_RecordAndPlay/input_JointFilerSSN"), "123443210"): Text '123443210' is set on object 'Object Repository/RAD_RecordAndPlay/input_JointFilerSSN'

2023-01-04 14:04:49 - [MESSAGE][PASSED] - Text '123443210' is set on object 'Object Repository/RAD_RecordAndPlay/input_JointFilerSSN'

2023-01-04 14:04:49 - [TEST_STEP][PASSED] - setText(findTestObject("Object Repository/RAD_RecordAndPlay/input_reTypeJointFilerSSN"), "123443210"): Text '123443210' is set on object 'Object Repository/RAD_RecordAndPlay/input_reTypeJointFilerSSN'

2023-01-04 14:04:50 - [MESSAGE][PASSED] - Text '123443210' is set on object 'Object Repository/RAD_RecordAndPlay/input_reTypeJointFilerSSN'

2023-01-04 14:04:50 - [TEST_STEP][PASSED] - delay(2): Delayed 2 second(s)

2023-01-04 14:04:52 - [MESSAGE][PASSED] - Delayed 2 second(s)

2023-01-04 14:04:52 - [TEST_STEP][PASSED] - scrollToElement(findTestObject(orPath_Amount + "/input__paymentAmount"), 3): Scroll to object 'Object Repository/RAD_Pages/PaymentAmount_Page/input__paymentAmount' successfully

2023-01-04 14:04:52 - [MESSAGE][PASSED] - Scroll to object 'Object Repository/RAD_Pages/PaymentAmount_Page/input__paymentAmount' successfully

2023-01-04 14:04:52 - [TEST_STEP][PASSED] - setText(findTestObject(orPath_Amount + "/input__paymentAmount"), ""): Text '' is set on object 'Object Repository/RAD_Pages/PaymentAmount_Page/input__paymentAmount'

2023-01-04 14:04:53 - [MESSAGE][PASSED] - Text '' is set on object 'Object Repository/RAD_Pages/PaymentAmount_Page/input__paymentAmount'

2023-01-04 14:04:53 - [TEST_STEP][PASSED] - delay(2): Delayed 2 second(s)

2023-01-04 14:04:55 - [MESSAGE][PASSED] - Delayed 2 second(s)

2023-01-04 14:04:55 - [TEST_STEP][PASSED] - click(findTestObject(orPath_Landing + "/button_Continue")): Object: 'Object Repository/RAD_Pages/Landing_Page/button_Continue' is clicked on

2023-01-04 14:04:56 - [MESSAGE][PASSED] - Object: 'Object Repository/RAD_Pages/Landing_Page/button_Continue' is clicked on

2023-01-04 14:04:56 - [TEST_STEP][PASSED] - verifyTextPresent("Enter joint payer first name", true): Text 'Enter joint payer first name' is present on page  using regular expression

2023-01-04 14:04:56 - [MESSAGE][PASSED] - Text 'Enter joint payer first name' is present on page  using regular expression

2023-01-04 14:04:56 - [TEST_STEP][PASSED] - openBrowser(""): Browser is opened with url: ''

2023-01-04 14:04:56 - [MESSAGE][WARNING] - A browser is already opened. Closing browser and opening a new one

2023-01-04 14:04:57 - [MESSAGE][INFO] - Starting 'Chrome' driver

2023-01-04 14:04:57 - [MESSAGE][INFO] - User set preference: ['acceptInsecureCerts', 'true']

2023-01-04 14:04:57 - [MESSAGE][INFO] - Action delay is set to 0 milliseconds

2023-01-04 14:04:58 - [MESSAGE][PASSED] - Browser is opened with url: ''

2023-01-04 14:04:58 - [TEST_STEP][PASSED] - maximizeWindow(): Current window maximized

2023-01-04 14:04:59 - [MESSAGE][PASSED] - Current window maximized

2023-01-04 14:04:59 - [TEST_STEP][PASSED] - navigateToUrl(RADurl): Navigate to 'https://qa.velocitypayment.com/client/rad/index.html' successfully

2023-01-04 14:05:00 - [MESSAGE][PASSED] - Navigate to 'https://qa.velocitypayment.com/client/rad/index.html' successfully

2023-01-04 14:05:00 - [TEST_STEP][PASSED] - out.println("Value of taxTypeDropList : " + taxTypeDropList[i]): null

2023-01-04 14:05:00 - [TEST_STEP][PASSED] - selectOptionByLabel(findTestObject(orPath_Landing + "/dd_TaxType"), taxTypeDropList[i], false): All options with label 'Extension Payments' are selected in object 'Object Repository/RAD_Pages/Landing_Page/dd_TaxType' 

2023-01-04 14:05:01 - [MESSAGE][PASSED] - All options with label 'Extension Payments' are selected in object 'Object Repository/RAD_Pages/Landing_Page/dd_TaxType' 

2023-01-04 14:05:01 - [TEST_STEP][PASSED] - setText(findTestObject(orPath_TaxPayer + "/input_lastName"), "Anderson"): Text 'Anderson' is set on object 'Object Repository/RAD_Pages/Taxpayer_Page/input_lastName'

2023-01-04 14:05:02 - [MESSAGE][PASSED] - Text 'Anderson' is set on object 'Object Repository/RAD_Pages/Taxpayer_Page/input_lastName'

2023-01-04 14:05:02 - [TEST_STEP][PASSED] - setText(findTestObject("RAD_RecordAndPlay/input_concatSSN"), "123441234"): Text '123441234' is set on object 'Object Repository/RAD_RecordAndPlay/input_concatSSN'

2023-01-04 14:05:03 - [MESSAGE][PASSED] - Text '123441234' is set on object 'Object Repository/RAD_RecordAndPlay/input_concatSSN'

2023-01-04 14:05:03 - [TEST_STEP][PASSED] - setText(findTestObject("RAD_RecordAndPlay/input_concatReSSN"), "123441234"): Text '123441234' is set on object 'Object Repository/RAD_RecordAndPlay/input_concatReSSN'

2023-01-04 14:05:04 - [MESSAGE][PASSED] - Text '123441234' is set on object 'Object Repository/RAD_RecordAndPlay/input_concatReSSN'

2023-01-04 14:05:04 - [TEST_STEP][PASSED] - scrollToElement(findTestObject(orPath_Amount + "/input__paymentAmount"), 3): Scroll to object 'Object Repository/RAD_Pages/PaymentAmount_Page/input__paymentAmount' successfully

2023-01-04 14:05:04 - [MESSAGE][PASSED] - Scroll to object 'Object Repository/RAD_Pages/PaymentAmount_Page/input__paymentAmount' successfully

2023-01-04 14:05:04 - [TEST_STEP][PASSED] - waitForElementClickable(findTestObject(orPath_FilingStatus + "/input_userType_Joint"), 5): Object 'Object Repository/RAD_Pages/FilingStatus_Page/input_userType_Joint' is clickable

2023-01-04 14:05:04 - [MESSAGE][PASSED] - Object 'Object Repository/RAD_Pages/FilingStatus_Page/input_userType_Joint' is clickable

2023-01-04 14:05:04 - [TEST_STEP][PASSED] - click(findTestObject(orPath_FilingStatus + "/input_userType_Joint")): Object: 'Object Repository/RAD_Pages/FilingStatus_Page/input_userType_Joint' is clicked on

2023-01-04 14:05:05 - [MESSAGE][PASSED] - Object: 'Object Repository/RAD_Pages/FilingStatus_Page/input_userType_Joint' is clicked on

2023-01-04 14:05:05 - [TEST_STEP][PASSED] - setText(findTestObject(orPath_FilingStatus + "/input_jointLastName"), "Stokes"): Text 'Stokes' is set on object 'Object Repository/RAD_Pages/FilingStatus_Page/input_jointLastName'

2023-01-04 14:05:06 - [MESSAGE][PASSED] - Text 'Stokes' is set on object 'Object Repository/RAD_Pages/FilingStatus_Page/input_jointLastName'

2023-01-04 14:05:06 - [TEST_STEP][PASSED] - setText(findTestObject("Object Repository/RAD_RecordAndPlay/input_JointFilerSSN"), "123443210"): Text '123443210' is set on object 'Object Repository/RAD_RecordAndPlay/input_JointFilerSSN'

2023-01-04 14:05:07 - [MESSAGE][PASSED] - Text '123443210' is set on object 'Object Repository/RAD_RecordAndPlay/input_JointFilerSSN'

2023-01-04 14:05:07 - [TEST_STEP][PASSED] - setText(findTestObject("Object Repository/RAD_RecordAndPlay/input_reTypeJointFilerSSN"), "123443210"): Text '123443210' is set on object 'Object Repository/RAD_RecordAndPlay/input_reTypeJointFilerSSN'

2023-01-04 14:05:07 - [MESSAGE][PASSED] - Text '123443210' is set on object 'Object Repository/RAD_RecordAndPlay/input_reTypeJointFilerSSN'

2023-01-04 14:05:07 - [TEST_STEP][PASSED] - delay(2): Delayed 2 second(s)

2023-01-04 14:05:09 - [MESSAGE][PASSED] - Delayed 2 second(s)

2023-01-04 14:05:09 - [TEST_STEP][PASSED] - scrollToElement(findTestObject(orPath_Amount + "/input__paymentAmount"), 3): Scroll to object 'Object Repository/RAD_Pages/PaymentAmount_Page/input__paymentAmount' successfully

2023-01-04 14:05:10 - [MESSAGE][PASSED] - Scroll to object 'Object Repository/RAD_Pages/PaymentAmount_Page/input__paymentAmount' successfully

2023-01-04 14:05:10 - [TEST_STEP][PASSED] - setText(findTestObject(orPath_Amount + "/input__paymentAmount"), ""): Text '' is set on object 'Object Repository/RAD_Pages/PaymentAmount_Page/input__paymentAmount'

2023-01-04 14:05:10 - [MESSAGE][PASSED] - Text '' is set on object 'Object Repository/RAD_Pages/PaymentAmount_Page/input__paymentAmount'

2023-01-04 14:05:10 - [TEST_STEP][PASSED] - delay(2): Delayed 2 second(s)

2023-01-04 14:05:12 - [MESSAGE][PASSED] - Delayed 2 second(s)

2023-01-04 14:05:12 - [TEST_STEP][PASSED] - click(findTestObject(orPath_Landing + "/button_Continue")): Object: 'Object Repository/RAD_Pages/Landing_Page/button_Continue' is clicked on

2023-01-04 14:05:13 - [MESSAGE][PASSED] - Object: 'Object Repository/RAD_Pages/Landing_Page/button_Continue' is clicked on

2023-01-04 14:05:13 - [TEST_STEP][PASSED] - verifyTextPresent("Enter joint payer first name", true): Text 'Enter joint payer first name' is present on page  using regular expression

2023-01-04 14:05:14 - [MESSAGE][PASSED] - Text 'Enter joint payer first name' is present on page  using regular expression]]></system-out>
         <system-err><![CDATA[]]></system-err>
      </testcase>
      <testcase name="Test Cases/RAD_TestCases/Negative_TestCases/EMailNoMatch" time="62.698" classname="Test Cases/RAD_TestCases/Negative_TestCases/EMailNoMatch" status="PASSED">
         <system-out><![CDATA[2023-01-04 14:05:14 - [TEST_CASE][PASSED] - Test Cases/RAD_TestCases/Negative_TestCases/EMailNoMatch: Test Cases/RAD_TestCases/Negative_TestCases/EMailNoMatch

2023-01-04 14:05:14 - [TEST_STEP][PASSED] - resText = "Fail": null

2023-01-04 14:05:14 - [TEST_STEP][PASSED] - resColumn = "Result": null

2023-01-04 14:05:14 - [TEST_STEP][PASSED] - datCloumn = "Date": null

2023-01-04 14:05:14 - [TEST_STEP][PASSED] - fileLoc = "KatalonData/RADTestData/EmailNoMatch.xlsx": null

2023-01-04 14:05:14 - [TEST_STEP][PASSED] - nameSheet = "Sheet1": null

2023-01-04 14:05:14 - [TEST_STEP][PASSED] - dataFile = "RADTestData/EmailNoMatch": null

2023-01-04 14:05:14 - [TEST_STEP][PASSED] - ExecuteTC = <not implemented yet for class: org.codehaus.groovy.ast.expr.EmptyExpression>: null

2023-01-04 14:05:14 - [TEST_STEP][PASSED] - Taxtype = <not implemented yet for class: org.codehaus.groovy.ast.expr.EmptyExpression>: null

2023-01-04 14:05:14 - [TEST_STEP][PASSED] - numOfRows = findTestData(dataFile).getRowNumbers(): null

2023-01-04 14:05:15 - [TEST_STEP][PASSED] - println("Number of Records: " + numOfRows): null

2023-01-04 14:05:15 - [TEST_STEP][PASSED] - for ([row = 1, row <= numOfRows, (row++)]): null

2023-01-04 14:05:15 - [TEST_STEP][PASSED] - ExecuteTC = findTestData(dataFile).getValue("Execute", row): null

2023-01-04 14:05:15 - [TEST_STEP][PASSED] - out.println("Value of Execute is : " + ExecuteTC): null

2023-01-04 14:05:15 - [TEST_STEP][PASSED] - if (ExecuteTC.equalsIgnoreCase("Y")): null

2023-01-04 14:05:15 - [TEST_STEP][PASSED] - out.println("Begin Record Number: " + row): null

2023-01-04 14:05:15 - [TEST_STEP][PASSED] - today = new java.util.Date(): null

2023-01-04 14:05:15 - [TEST_STEP][PASSED] - println(today): null

2023-01-04 14:05:15 - [TEST_STEP][PASSED] - datText = today: null

2023-01-04 14:05:15 - [TEST_STEP][PASSED] - Taxtype = findTestData(dataFile).getValue("TaxType", row): null

2023-01-04 14:05:15 - [TEST_STEP][PASSED] - out.println("Taxtype value is : " + Taxtype): null

2023-01-04 14:05:15 - [TEST_STEP][PASSED] - openBrowser(""): Browser is opened with url: ''

2023-01-04 14:05:15 - [MESSAGE][WARNING] - A browser is already opened. Closing browser and opening a new one

2023-01-04 14:05:16 - [MESSAGE][INFO] - Starting 'Chrome' driver

2023-01-04 14:05:16 - [MESSAGE][INFO] - User set preference: ['acceptInsecureCerts', 'true']

2023-01-04 14:05:16 - [MESSAGE][INFO] - Action delay is set to 0 milliseconds

2023-01-04 14:05:18 - [MESSAGE][PASSED] - Browser is opened with url: ''

2023-01-04 14:05:18 - [TEST_STEP][PASSED] - maximizeWindow(): Current window maximized

2023-01-04 14:05:18 - [MESSAGE][PASSED] - Current window maximized

2023-01-04 14:05:18 - [TEST_STEP][PASSED] - navigateToUrl(RADurl): Navigate to 'https://qa.velocitypayment.com/client/rad/index.html' successfully

2023-01-04 14:05:19 - [MESSAGE][PASSED] - Navigate to 'https://qa.velocitypayment.com/client/rad/index.html' successfully

2023-01-04 14:05:19 - [TEST_STEP][PASSED] - orPath_Landing = "Object Repository/RAD_Pages/Landing_Page": null

2023-01-04 14:05:19 - [TEST_STEP][PASSED] - orPath_TaxTypeFilingYear = "Object Repository/RAD_Pages/TaxTypeFilingYear_Page": null

2023-01-04 14:05:19 - [TEST_STEP][PASSED] - orPath_TaxPayer = "Object Repository/RAD_Pages/Taxpayer_Page": null

2023-01-04 14:05:19 - [TEST_STEP][PASSED] - orPath_AddressContact = "Object Repository/RAD_Pages/AddressAndContactInfo_Page": null

2023-01-04 14:05:19 - [TEST_STEP][PASSED] - orPath_FilingStatus = "Object Repository/RAD_Pages/FilingStatus_Page": null

2023-01-04 14:05:19 - [TEST_STEP][PASSED] - orPath_Amount = "Object Repository/RAD_Pages/PaymentAmount_Page": null

2023-01-04 14:05:19 - [TEST_STEP][PASSED] - selectOptionByLabel(findTestObject(orPath_Landing + "/dd_TaxType"), Taxtype, false): All options with label 'Estimated Tax' are selected in object 'Object Repository/RAD_Pages/Landing_Page/dd_TaxType' 

2023-01-04 14:05:20 - [MESSAGE][PASSED] - All options with label 'Estimated Tax' are selected in object 'Object Repository/RAD_Pages/Landing_Page/dd_TaxType' 

2023-01-04 14:05:20 - [TEST_STEP][PASSED] - scrollToElement(findTestObject(orPath_Amount + "/input__paymentAmount"), 3): Scroll to object 'Object Repository/RAD_Pages/PaymentAmount_Page/input__paymentAmount' successfully

2023-01-04 14:05:21 - [MESSAGE][PASSED] - Scroll to object 'Object Repository/RAD_Pages/PaymentAmount_Page/input__paymentAmount' successfully

2023-01-04 14:05:21 - [TEST_STEP][PASSED] - setText(findTestObject(orPath_AddressContact + "/input_eMailAddress"), "imtiazster@gmail.com"): Text 'imtiazster@gmail.com' is set on object 'Object Repository/RAD_Pages/AddressAndContactInfo_Page/input_eMailAddress'

2023-01-04 14:05:22 - [MESSAGE][PASSED] - Text 'imtiazster@gmail.com' is set on object 'Object Repository/RAD_Pages/AddressAndContactInfo_Page/input_eMailAddress'

2023-01-04 14:05:22 - [TEST_STEP][PASSED] - setText(findTestObject(orPath_AddressContact + "/input_reEnterEMailAddress"), "iahmed@govolution.com"): Text 'iahmed@govolution.com' is set on object 'Object Repository/RAD_Pages/AddressAndContactInfo_Page/input_reEnterEMailAddress'

2023-01-04 14:05:23 - [MESSAGE][PASSED] - Text 'iahmed@govolution.com' is set on object 'Object Repository/RAD_Pages/AddressAndContactInfo_Page/input_reEnterEMailAddress'

2023-01-04 14:05:23 - [TEST_STEP][PASSED] - delay(2): Delayed 2 second(s)

2023-01-04 14:05:25 - [MESSAGE][PASSED] - Delayed 2 second(s)

2023-01-04 14:05:25 - [TEST_STEP][PASSED] - if (verifyTextPresent("The Email and Re-enter email do not match", true)): null

2023-01-04 14:05:25 - [MESSAGE][PASSED] - Text 'The Email and Re-enter email do not match' is present on page  using regular expression

2023-01-04 14:05:25 - [TEST_STEP][PASSED] - println("Emails Dont match text is present"): null

2023-01-04 14:05:25 - [TEST_STEP][PASSED] - out.println("Pass Record Number: " + row): null

2023-01-04 14:05:25 - [TEST_STEP][PASSED] - resText = "Pass": null

2023-01-04 14:05:25 - [TEST_STEP][PASSED] - pages.WriteExcel.demoKey(resText, datText, resColumn, datCloumn, fileLoc, nameSheet, row): pages.WriteExcel.demoKey is PASSED

2023-01-04 14:05:25 - [MESSAGE][PASSED] - pages.WriteExcel.demoKey is PASSED

2023-01-04 14:05:25 - [TEST_STEP][PASSED] - ExecuteTC = findTestData(dataFile).getValue("Execute", row): null

2023-01-04 14:05:25 - [TEST_STEP][PASSED] - out.println("Value of Execute is : " + ExecuteTC): null

2023-01-04 14:05:25 - [TEST_STEP][PASSED] - if (ExecuteTC.equalsIgnoreCase("Y")): null

2023-01-04 14:05:25 - [TEST_STEP][PASSED] - out.println("Begin Record Number: " + row): null

2023-01-04 14:05:25 - [TEST_STEP][PASSED] - today = new java.util.Date(): null

2023-01-04 14:05:25 - [TEST_STEP][PASSED] - println(today): null

2023-01-04 14:05:25 - [TEST_STEP][PASSED] - datText = today: null

2023-01-04 14:05:25 - [TEST_STEP][PASSED] - Taxtype = findTestData(dataFile).getValue("TaxType", row): null

2023-01-04 14:05:26 - [TEST_STEP][PASSED] - out.println("Taxtype value is : " + Taxtype): null

2023-01-04 14:05:26 - [TEST_STEP][PASSED] - openBrowser(""): Browser is opened with url: ''

2023-01-04 14:05:26 - [MESSAGE][WARNING] - A browser is already opened. Closing browser and opening a new one

2023-01-04 14:05:27 - [MESSAGE][INFO] - Starting 'Chrome' driver

2023-01-04 14:05:27 - [MESSAGE][INFO] - User set preference: ['acceptInsecureCerts', 'true']

2023-01-04 14:05:27 - [MESSAGE][INFO] - Action delay is set to 0 milliseconds

2023-01-04 14:05:28 - [MESSAGE][PASSED] - Browser is opened with url: ''

2023-01-04 14:05:28 - [TEST_STEP][PASSED] - maximizeWindow(): Current window maximized

2023-01-04 14:05:28 - [MESSAGE][PASSED] - Current window maximized

2023-01-04 14:05:28 - [TEST_STEP][PASSED] - navigateToUrl(RADurl): Navigate to 'https://qa.velocitypayment.com/client/rad/index.html' successfully

2023-01-04 14:05:30 - [MESSAGE][PASSED] - Navigate to 'https://qa.velocitypayment.com/client/rad/index.html' successfully

2023-01-04 14:05:30 - [TEST_STEP][PASSED] - orPath_Landing = "Object Repository/RAD_Pages/Landing_Page": null

2023-01-04 14:05:30 - [TEST_STEP][PASSED] - orPath_TaxTypeFilingYear = "Object Repository/RAD_Pages/TaxTypeFilingYear_Page": null

2023-01-04 14:05:30 - [TEST_STEP][PASSED] - orPath_TaxPayer = "Object Repository/RAD_Pages/Taxpayer_Page": null

2023-01-04 14:05:30 - [TEST_STEP][PASSED] - orPath_AddressContact = "Object Repository/RAD_Pages/AddressAndContactInfo_Page": null

2023-01-04 14:05:30 - [TEST_STEP][PASSED] - orPath_FilingStatus = "Object Repository/RAD_Pages/FilingStatus_Page": null

2023-01-04 14:05:30 - [TEST_STEP][PASSED] - orPath_Amount = "Object Repository/RAD_Pages/PaymentAmount_Page": null

2023-01-04 14:05:30 - [TEST_STEP][PASSED] - selectOptionByLabel(findTestObject(orPath_Landing + "/dd_TaxType"), Taxtype, false): All options with label 'Personal Income Tax' are selected in object 'Object Repository/RAD_Pages/Landing_Page/dd_TaxType' 

2023-01-04 14:05:31 - [MESSAGE][PASSED] - All options with label 'Personal Income Tax' are selected in object 'Object Repository/RAD_Pages/Landing_Page/dd_TaxType' 

2023-01-04 14:05:31 - [TEST_STEP][PASSED] - scrollToElement(findTestObject(orPath_Amount + "/input__paymentAmount"), 3): Scroll to object 'Object Repository/RAD_Pages/PaymentAmount_Page/input__paymentAmount' successfully

2023-01-04 14:05:32 - [MESSAGE][PASSED] - Scroll to object 'Object Repository/RAD_Pages/PaymentAmount_Page/input__paymentAmount' successfully

2023-01-04 14:05:32 - [TEST_STEP][PASSED] - setText(findTestObject(orPath_AddressContact + "/input_eMailAddress"), "imtiazster@gmail.com"): Text 'imtiazster@gmail.com' is set on object 'Object Repository/RAD_Pages/AddressAndContactInfo_Page/input_eMailAddress'

2023-01-04 14:05:33 - [MESSAGE][PASSED] - Text 'imtiazster@gmail.com' is set on object 'Object Repository/RAD_Pages/AddressAndContactInfo_Page/input_eMailAddress'

2023-01-04 14:05:33 - [TEST_STEP][PASSED] - setText(findTestObject(orPath_AddressContact + "/input_reEnterEMailAddress"), "iahmed@govolution.com"): Text 'iahmed@govolution.com' is set on object 'Object Repository/RAD_Pages/AddressAndContactInfo_Page/input_reEnterEMailAddress'

2023-01-04 14:05:34 - [MESSAGE][PASSED] - Text 'iahmed@govolution.com' is set on object 'Object Repository/RAD_Pages/AddressAndContactInfo_Page/input_reEnterEMailAddress'

2023-01-04 14:05:34 - [TEST_STEP][PASSED] - delay(2): Delayed 2 second(s)

2023-01-04 14:05:36 - [MESSAGE][PASSED] - Delayed 2 second(s)

2023-01-04 14:05:36 - [TEST_STEP][PASSED] - if (verifyTextPresent("The Email and Re-enter email do not match", true)): null

2023-01-04 14:05:36 - [MESSAGE][PASSED] - Text 'The Email and Re-enter email do not match' is present on page  using regular expression

2023-01-04 14:05:36 - [TEST_STEP][PASSED] - println("Emails Dont match text is present"): null

2023-01-04 14:05:36 - [TEST_STEP][PASSED] - out.println("Pass Record Number: " + row): null

2023-01-04 14:05:36 - [TEST_STEP][PASSED] - resText = "Pass": null

2023-01-04 14:05:36 - [TEST_STEP][PASSED] - pages.WriteExcel.demoKey(resText, datText, resColumn, datCloumn, fileLoc, nameSheet, row): pages.WriteExcel.demoKey is PASSED

2023-01-04 14:05:36 - [MESSAGE][PASSED] - pages.WriteExcel.demoKey is PASSED

2023-01-04 14:05:36 - [TEST_STEP][PASSED] - ExecuteTC = findTestData(dataFile).getValue("Execute", row): null

2023-01-04 14:05:36 - [TEST_STEP][PASSED] - out.println("Value of Execute is : " + ExecuteTC): null

2023-01-04 14:05:36 - [TEST_STEP][PASSED] - if (ExecuteTC.equalsIgnoreCase("Y")): null

2023-01-04 14:05:36 - [TEST_STEP][PASSED] - out.println("Begin Record Number: " + row): null

2023-01-04 14:05:36 - [TEST_STEP][PASSED] - today = new java.util.Date(): null

2023-01-04 14:05:36 - [TEST_STEP][PASSED] - println(today): null

2023-01-04 14:05:36 - [TEST_STEP][PASSED] - datText = today: null

2023-01-04 14:05:36 - [TEST_STEP][PASSED] - Taxtype = findTestData(dataFile).getValue("TaxType", row): null

2023-01-04 14:05:36 - [TEST_STEP][PASSED] - out.println("Taxtype value is : " + Taxtype): null

2023-01-04 14:05:36 - [TEST_STEP][PASSED] - openBrowser(""): Browser is opened with url: ''

2023-01-04 14:05:36 - [MESSAGE][WARNING] - A browser is already opened. Closing browser and opening a new one

2023-01-04 14:05:37 - [MESSAGE][INFO] - Starting 'Chrome' driver

2023-01-04 14:05:37 - [MESSAGE][INFO] - User set preference: ['acceptInsecureCerts', 'true']

2023-01-04 14:05:37 - [MESSAGE][INFO] - Action delay is set to 0 milliseconds

2023-01-04 14:05:39 - [MESSAGE][PASSED] - Browser is opened with url: ''

2023-01-04 14:05:39 - [TEST_STEP][PASSED] - maximizeWindow(): Current window maximized

2023-01-04 14:05:39 - [MESSAGE][PASSED] - Current window maximized

2023-01-04 14:05:39 - [TEST_STEP][PASSED] - navigateToUrl(RADurl): Navigate to 'https://qa.velocitypayment.com/client/rad/index.html' successfully

2023-01-04 14:05:40 - [MESSAGE][PASSED] - Navigate to 'https://qa.velocitypayment.com/client/rad/index.html' successfully

2023-01-04 14:05:40 - [TEST_STEP][PASSED] - orPath_Landing = "Object Repository/RAD_Pages/Landing_Page": null

2023-01-04 14:05:40 - [TEST_STEP][PASSED] - orPath_TaxTypeFilingYear = "Object Repository/RAD_Pages/TaxTypeFilingYear_Page": null

2023-01-04 14:05:40 - [TEST_STEP][PASSED] - orPath_TaxPayer = "Object Repository/RAD_Pages/Taxpayer_Page": null

2023-01-04 14:05:40 - [TEST_STEP][PASSED] - orPath_AddressContact = "Object Repository/RAD_Pages/AddressAndContactInfo_Page": null

2023-01-04 14:05:40 - [TEST_STEP][PASSED] - orPath_FilingStatus = "Object Repository/RAD_Pages/FilingStatus_Page": null

2023-01-04 14:05:40 - [TEST_STEP][PASSED] - orPath_Amount = "Object Repository/RAD_Pages/PaymentAmount_Page": null

2023-01-04 14:05:40 - [TEST_STEP][PASSED] - selectOptionByLabel(findTestObject(orPath_Landing + "/dd_TaxType"), Taxtype, false): All options with label 'Extension Payments' are selected in object 'Object Repository/RAD_Pages/Landing_Page/dd_TaxType' 

2023-01-04 14:05:41 - [MESSAGE][PASSED] - All options with label 'Extension Payments' are selected in object 'Object Repository/RAD_Pages/Landing_Page/dd_TaxType' 

2023-01-04 14:05:41 - [TEST_STEP][PASSED] - scrollToElement(findTestObject(orPath_Amount + "/input__paymentAmount"), 3): Scroll to object 'Object Repository/RAD_Pages/PaymentAmount_Page/input__paymentAmount' successfully

2023-01-04 14:05:42 - [MESSAGE][PASSED] - Scroll to object 'Object Repository/RAD_Pages/PaymentAmount_Page/input__paymentAmount' successfully

2023-01-04 14:05:42 - [TEST_STEP][PASSED] - setText(findTestObject(orPath_AddressContact + "/input_eMailAddress"), "imtiazster@gmail.com"): Text 'imtiazster@gmail.com' is set on object 'Object Repository/RAD_Pages/AddressAndContactInfo_Page/input_eMailAddress'

2023-01-04 14:05:43 - [MESSAGE][PASSED] - Text 'imtiazster@gmail.com' is set on object 'Object Repository/RAD_Pages/AddressAndContactInfo_Page/input_eMailAddress'

2023-01-04 14:05:43 - [TEST_STEP][PASSED] - setText(findTestObject(orPath_AddressContact + "/input_reEnterEMailAddress"), "iahmed@govolution.com"): Text 'iahmed@govolution.com' is set on object 'Object Repository/RAD_Pages/AddressAndContactInfo_Page/input_reEnterEMailAddress'

2023-01-04 14:05:44 - [MESSAGE][PASSED] - Text 'iahmed@govolution.com' is set on object 'Object Repository/RAD_Pages/AddressAndContactInfo_Page/input_reEnterEMailAddress'

2023-01-04 14:05:44 - [TEST_STEP][PASSED] - delay(2): Delayed 2 second(s)

2023-01-04 14:05:46 - [MESSAGE][PASSED] - Delayed 2 second(s)

2023-01-04 14:05:46 - [TEST_STEP][PASSED] - if (verifyTextPresent("The Email and Re-enter email do not match", true)): null

2023-01-04 14:05:46 - [MESSAGE][PASSED] - Text 'The Email and Re-enter email do not match' is present on page  using regular expression

2023-01-04 14:05:46 - [TEST_STEP][PASSED] - println("Emails Dont match text is present"): null

2023-01-04 14:05:46 - [TEST_STEP][PASSED] - out.println("Pass Record Number: " + row): null

2023-01-04 14:05:46 - [TEST_STEP][PASSED] - resText = "Pass": null

2023-01-04 14:05:46 - [TEST_STEP][PASSED] - pages.WriteExcel.demoKey(resText, datText, resColumn, datCloumn, fileLoc, nameSheet, row): pages.WriteExcel.demoKey is PASSED

2023-01-04 14:05:46 - [MESSAGE][PASSED] - pages.WriteExcel.demoKey is PASSED

2023-01-04 14:05:46 - [TEST_STEP][PASSED] - ExecuteTC = findTestData(dataFile).getValue("Execute", row): null

2023-01-04 14:05:46 - [TEST_STEP][PASSED] - out.println("Value of Execute is : " + ExecuteTC): null

2023-01-04 14:05:46 - [TEST_STEP][PASSED] - if (ExecuteTC.equalsIgnoreCase("Y")): null

2023-01-04 14:05:46 - [TEST_STEP][PASSED] - out.println("Begin Record Number: " + row): null

2023-01-04 14:05:46 - [TEST_STEP][PASSED] - today = new java.util.Date(): null

2023-01-04 14:05:46 - [TEST_STEP][PASSED] - println(today): null

2023-01-04 14:05:46 - [TEST_STEP][PASSED] - datText = today: null

2023-01-04 14:05:46 - [TEST_STEP][PASSED] - Taxtype = findTestData(dataFile).getValue("TaxType", row): null

2023-01-04 14:05:47 - [TEST_STEP][PASSED] - out.println("Taxtype value is : " + Taxtype): null

2023-01-04 14:05:47 - [TEST_STEP][PASSED] - openBrowser(""): Browser is opened with url: ''

2023-01-04 14:05:47 - [MESSAGE][WARNING] - A browser is already opened. Closing browser and opening a new one

2023-01-04 14:05:47 - [MESSAGE][INFO] - Starting 'Chrome' driver

2023-01-04 14:05:47 - [MESSAGE][INFO] - User set preference: ['acceptInsecureCerts', 'true']

2023-01-04 14:05:47 - [MESSAGE][INFO] - Action delay is set to 0 milliseconds

2023-01-04 14:05:49 - [MESSAGE][PASSED] - Browser is opened with url: ''

2023-01-04 14:05:49 - [TEST_STEP][PASSED] - maximizeWindow(): Current window maximized

2023-01-04 14:05:49 - [MESSAGE][PASSED] - Current window maximized

2023-01-04 14:05:49 - [TEST_STEP][PASSED] - navigateToUrl(RADurl): Navigate to 'https://qa.velocitypayment.com/client/rad/index.html' successfully

2023-01-04 14:05:51 - [MESSAGE][PASSED] - Navigate to 'https://qa.velocitypayment.com/client/rad/index.html' successfully

2023-01-04 14:05:51 - [TEST_STEP][PASSED] - orPath_Landing = "Object Repository/RAD_Pages/Landing_Page": null

2023-01-04 14:05:51 - [TEST_STEP][PASSED] - orPath_TaxTypeFilingYear = "Object Repository/RAD_Pages/TaxTypeFilingYear_Page": null

2023-01-04 14:05:51 - [TEST_STEP][PASSED] - orPath_TaxPayer = "Object Repository/RAD_Pages/Taxpayer_Page": null

2023-01-04 14:05:51 - [TEST_STEP][PASSED] - orPath_AddressContact = "Object Repository/RAD_Pages/AddressAndContactInfo_Page": null

2023-01-04 14:05:51 - [TEST_STEP][PASSED] - orPath_FilingStatus = "Object Repository/RAD_Pages/FilingStatus_Page": null

2023-01-04 14:05:51 - [TEST_STEP][PASSED] - orPath_Amount = "Object Repository/RAD_Pages/PaymentAmount_Page": null

2023-01-04 14:05:51 - [TEST_STEP][PASSED] - selectOptionByLabel(findTestObject(orPath_Landing + "/dd_TaxType"), Taxtype, false): All options with label 'Existing Liability' are selected in object 'Object Repository/RAD_Pages/Landing_Page/dd_TaxType' 

2023-01-04 14:05:51 - [MESSAGE][PASSED] - All options with label 'Existing Liability' are selected in object 'Object Repository/RAD_Pages/Landing_Page/dd_TaxType' 

2023-01-04 14:05:51 - [TEST_STEP][PASSED] - scrollToElement(findTestObject(orPath_Amount + "/input__paymentAmount"), 3): Scroll to object 'Object Repository/RAD_Pages/PaymentAmount_Page/input__paymentAmount' successfully

2023-01-04 14:05:52 - [MESSAGE][PASSED] - Scroll to object 'Object Repository/RAD_Pages/PaymentAmount_Page/input__paymentAmount' successfully

2023-01-04 14:05:52 - [TEST_STEP][PASSED] - setText(findTestObject(orPath_AddressContact + "/input_eMailAddress"), "imtiazster@gmail.com"): Text 'imtiazster@gmail.com' is set on object 'Object Repository/RAD_Pages/AddressAndContactInfo_Page/input_eMailAddress'

2023-01-04 14:05:53 - [MESSAGE][PASSED] - Text 'imtiazster@gmail.com' is set on object 'Object Repository/RAD_Pages/AddressAndContactInfo_Page/input_eMailAddress'

2023-01-04 14:05:53 - [TEST_STEP][PASSED] - setText(findTestObject(orPath_AddressContact + "/input_reEnterEMailAddress"), "iahmed@govolution.com"): Text 'iahmed@govolution.com' is set on object 'Object Repository/RAD_Pages/AddressAndContactInfo_Page/input_reEnterEMailAddress'

2023-01-04 14:05:54 - [MESSAGE][PASSED] - Text 'iahmed@govolution.com' is set on object 'Object Repository/RAD_Pages/AddressAndContactInfo_Page/input_reEnterEMailAddress'

2023-01-04 14:05:54 - [TEST_STEP][PASSED] - delay(2): Delayed 2 second(s)

2023-01-04 14:05:56 - [MESSAGE][PASSED] - Delayed 2 second(s)

2023-01-04 14:05:56 - [TEST_STEP][PASSED] - if (verifyTextPresent("The Email and Re-enter email do not match", true)): null

2023-01-04 14:05:56 - [MESSAGE][PASSED] - Text 'The Email and Re-enter email do not match' is present on page  using regular expression

2023-01-04 14:05:56 - [TEST_STEP][PASSED] - println("Emails Dont match text is present"): null

2023-01-04 14:05:56 - [TEST_STEP][PASSED] - out.println("Pass Record Number: " + row): null

2023-01-04 14:05:56 - [TEST_STEP][PASSED] - resText = "Pass": null

2023-01-04 14:05:56 - [TEST_STEP][PASSED] - pages.WriteExcel.demoKey(resText, datText, resColumn, datCloumn, fileLoc, nameSheet, row): pages.WriteExcel.demoKey is PASSED

2023-01-04 14:05:56 - [MESSAGE][PASSED] - pages.WriteExcel.demoKey is PASSED

2023-01-04 14:05:56 - [TEST_STEP][PASSED] - ExecuteTC = findTestData(dataFile).getValue("Execute", row): null

2023-01-04 14:05:56 - [TEST_STEP][PASSED] - out.println("Value of Execute is : " + ExecuteTC): null

2023-01-04 14:05:56 - [TEST_STEP][PASSED] - if (ExecuteTC.equalsIgnoreCase("Y")): null

2023-01-04 14:05:56 - [TEST_STEP][PASSED] - out.println("Begin Record Number: " + row): null

2023-01-04 14:05:56 - [TEST_STEP][PASSED] - today = new java.util.Date(): null

2023-01-04 14:05:56 - [TEST_STEP][PASSED] - println(today): null

2023-01-04 14:05:56 - [TEST_STEP][PASSED] - datText = today: null

2023-01-04 14:05:56 - [TEST_STEP][PASSED] - Taxtype = findTestData(dataFile).getValue("TaxType", row): null

2023-01-04 14:05:56 - [TEST_STEP][PASSED] - out.println("Taxtype value is : " + Taxtype): null

2023-01-04 14:05:56 - [TEST_STEP][PASSED] - openBrowser(""): Browser is opened with url: ''

2023-01-04 14:05:56 - [MESSAGE][WARNING] - A browser is already opened. Closing browser and opening a new one

2023-01-04 14:05:57 - [MESSAGE][INFO] - Starting 'Chrome' driver

2023-01-04 14:05:57 - [MESSAGE][INFO] - User set preference: ['acceptInsecureCerts', 'true']

2023-01-04 14:05:57 - [MESSAGE][INFO] - Action delay is set to 0 milliseconds

2023-01-04 14:05:59 - [MESSAGE][PASSED] - Browser is opened with url: ''

2023-01-04 14:05:59 - [TEST_STEP][PASSED] - maximizeWindow(): Current window maximized

2023-01-04 14:05:59 - [MESSAGE][PASSED] - Current window maximized

2023-01-04 14:05:59 - [TEST_STEP][PASSED] - navigateToUrl(RADurl): Navigate to 'https://qa.velocitypayment.com/client/rad/index.html' successfully

2023-01-04 14:06:00 - [MESSAGE][PASSED] - Navigate to 'https://qa.velocitypayment.com/client/rad/index.html' successfully

2023-01-04 14:06:00 - [TEST_STEP][PASSED] - orPath_Landing = "Object Repository/RAD_Pages/Landing_Page": null

2023-01-04 14:06:00 - [TEST_STEP][PASSED] - orPath_TaxTypeFilingYear = "Object Repository/RAD_Pages/TaxTypeFilingYear_Page": null

2023-01-04 14:06:00 - [TEST_STEP][PASSED] - orPath_TaxPayer = "Object Repository/RAD_Pages/Taxpayer_Page": null

2023-01-04 14:06:00 - [TEST_STEP][PASSED] - orPath_AddressContact = "Object Repository/RAD_Pages/AddressAndContactInfo_Page": null

2023-01-04 14:06:00 - [TEST_STEP][PASSED] - orPath_FilingStatus = "Object Repository/RAD_Pages/FilingStatus_Page": null

2023-01-04 14:06:00 - [TEST_STEP][PASSED] - orPath_Amount = "Object Repository/RAD_Pages/PaymentAmount_Page": null

2023-01-04 14:06:00 - [TEST_STEP][PASSED] - selectOptionByLabel(findTestObject(orPath_Landing + "/dd_TaxType"), Taxtype, false): All options with label 'Sales and Use' are selected in object 'Object Repository/RAD_Pages/Landing_Page/dd_TaxType' 

2023-01-04 14:06:01 - [MESSAGE][PASSED] - All options with label 'Sales and Use' are selected in object 'Object Repository/RAD_Pages/Landing_Page/dd_TaxType' 

2023-01-04 14:06:01 - [TEST_STEP][PASSED] - scrollToElement(findTestObject(orPath_Amount + "/input__paymentAmount"), 3): Scroll to object 'Object Repository/RAD_Pages/PaymentAmount_Page/input__paymentAmount' successfully

2023-01-04 14:06:02 - [MESSAGE][PASSED] - Scroll to object 'Object Repository/RAD_Pages/PaymentAmount_Page/input__paymentAmount' successfully

2023-01-04 14:06:02 - [TEST_STEP][PASSED] - setText(findTestObject(orPath_AddressContact + "/input_eMailAddress"), "imtiazster@gmail.com"): Text 'imtiazster@gmail.com' is set on object 'Object Repository/RAD_Pages/AddressAndContactInfo_Page/input_eMailAddress'

2023-01-04 14:06:03 - [MESSAGE][PASSED] - Text 'imtiazster@gmail.com' is set on object 'Object Repository/RAD_Pages/AddressAndContactInfo_Page/input_eMailAddress'

2023-01-04 14:06:03 - [TEST_STEP][PASSED] - setText(findTestObject(orPath_AddressContact + "/input_reEnterEMailAddress"), "iahmed@govolution.com"): Text 'iahmed@govolution.com' is set on object 'Object Repository/RAD_Pages/AddressAndContactInfo_Page/input_reEnterEMailAddress'

2023-01-04 14:06:03 - [MESSAGE][PASSED] - Text 'iahmed@govolution.com' is set on object 'Object Repository/RAD_Pages/AddressAndContactInfo_Page/input_reEnterEMailAddress'

2023-01-04 14:06:03 - [TEST_STEP][PASSED] - delay(2): Delayed 2 second(s)

2023-01-04 14:06:05 - [MESSAGE][PASSED] - Delayed 2 second(s)

2023-01-04 14:06:05 - [TEST_STEP][PASSED] - if (verifyTextPresent("The Email and Re-enter email do not match", true)): null

2023-01-04 14:06:06 - [MESSAGE][PASSED] - Text 'The Email and Re-enter email do not match' is present on page  using regular expression

2023-01-04 14:06:06 - [TEST_STEP][PASSED] - println("Emails Dont match text is present"): null

2023-01-04 14:06:06 - [TEST_STEP][PASSED] - out.println("Pass Record Number: " + row): null

2023-01-04 14:06:06 - [TEST_STEP][PASSED] - resText = "Pass": null

2023-01-04 14:06:06 - [TEST_STEP][PASSED] - pages.WriteExcel.demoKey(resText, datText, resColumn, datCloumn, fileLoc, nameSheet, row): pages.WriteExcel.demoKey is PASSED

2023-01-04 14:06:06 - [MESSAGE][PASSED] - pages.WriteExcel.demoKey is PASSED

2023-01-04 14:06:06 - [TEST_STEP][PASSED] - ExecuteTC = findTestData(dataFile).getValue("Execute", row): null

2023-01-04 14:06:06 - [TEST_STEP][PASSED] - out.println("Value of Execute is : " + ExecuteTC): null

2023-01-04 14:06:06 - [TEST_STEP][PASSED] - if (ExecuteTC.equalsIgnoreCase("Y")): null

2023-01-04 14:06:06 - [TEST_STEP][PASSED] - out.println("Begin Record Number: " + row): null

2023-01-04 14:06:06 - [TEST_STEP][PASSED] - today = new java.util.Date(): null

2023-01-04 14:06:06 - [TEST_STEP][PASSED] - println(today): null

2023-01-04 14:06:06 - [TEST_STEP][PASSED] - datText = today: null

2023-01-04 14:06:06 - [TEST_STEP][PASSED] - Taxtype = findTestData(dataFile).getValue("TaxType", row): null

2023-01-04 14:06:06 - [TEST_STEP][PASSED] - out.println("Taxtype value is : " + Taxtype): null

2023-01-04 14:06:06 - [TEST_STEP][PASSED] - openBrowser(""): Browser is opened with url: ''

2023-01-04 14:06:06 - [MESSAGE][WARNING] - A browser is already opened. Closing browser and opening a new one

2023-01-04 14:06:07 - [MESSAGE][INFO] - Starting 'Chrome' driver

2023-01-04 14:06:07 - [MESSAGE][INFO] - User set preference: ['acceptInsecureCerts', 'true']

2023-01-04 14:06:07 - [MESSAGE][INFO] - Action delay is set to 0 milliseconds

2023-01-04 14:06:09 - [MESSAGE][PASSED] - Browser is opened with url: ''

2023-01-04 14:06:09 - [TEST_STEP][PASSED] - maximizeWindow(): Current window maximized

2023-01-04 14:06:09 - [MESSAGE][PASSED] - Current window maximized

2023-01-04 14:06:09 - [TEST_STEP][PASSED] - navigateToUrl(RADurl): Navigate to 'https://qa.velocitypayment.com/client/rad/index.html' successfully

2023-01-04 14:06:10 - [MESSAGE][PASSED] - Navigate to 'https://qa.velocitypayment.com/client/rad/index.html' successfully

2023-01-04 14:06:10 - [TEST_STEP][PASSED] - orPath_Landing = "Object Repository/RAD_Pages/Landing_Page": null

2023-01-04 14:06:10 - [TEST_STEP][PASSED] - orPath_TaxTypeFilingYear = "Object Repository/RAD_Pages/TaxTypeFilingYear_Page": null

2023-01-04 14:06:10 - [TEST_STEP][PASSED] - orPath_TaxPayer = "Object Repository/RAD_Pages/Taxpayer_Page": null

2023-01-04 14:06:10 - [TEST_STEP][PASSED] - orPath_AddressContact = "Object Repository/RAD_Pages/AddressAndContactInfo_Page": null

2023-01-04 14:06:10 - [TEST_STEP][PASSED] - orPath_FilingStatus = "Object Repository/RAD_Pages/FilingStatus_Page": null

2023-01-04 14:06:10 - [TEST_STEP][PASSED] - orPath_Amount = "Object Repository/RAD_Pages/PaymentAmount_Page": null

2023-01-04 14:06:10 - [TEST_STEP][PASSED] - selectOptionByLabel(findTestObject(orPath_Landing + "/dd_TaxType"), Taxtype, false): All options with label 'Withholding Tax' are selected in object 'Object Repository/RAD_Pages/Landing_Page/dd_TaxType' 

2023-01-04 14:06:11 - [MESSAGE][PASSED] - All options with label 'Withholding Tax' are selected in object 'Object Repository/RAD_Pages/Landing_Page/dd_TaxType' 

2023-01-04 14:06:11 - [TEST_STEP][PASSED] - scrollToElement(findTestObject(orPath_Amount + "/input__paymentAmount"), 3): Scroll to object 'Object Repository/RAD_Pages/PaymentAmount_Page/input__paymentAmount' successfully

2023-01-04 14:06:12 - [MESSAGE][PASSED] - Scroll to object 'Object Repository/RAD_Pages/PaymentAmount_Page/input__paymentAmount' successfully

2023-01-04 14:06:12 - [TEST_STEP][PASSED] - setText(findTestObject(orPath_AddressContact + "/input_eMailAddress"), "imtiazster@gmail.com"): Text 'imtiazster@gmail.com' is set on object 'Object Repository/RAD_Pages/AddressAndContactInfo_Page/input_eMailAddress'

2023-01-04 14:06:13 - [MESSAGE][PASSED] - Text 'imtiazster@gmail.com' is set on object 'Object Repository/RAD_Pages/AddressAndContactInfo_Page/input_eMailAddress'

2023-01-04 14:06:13 - [TEST_STEP][PASSED] - setText(findTestObject(orPath_AddressContact + "/input_reEnterEMailAddress"), "iahmed@govolution.com"): Text 'iahmed@govolution.com' is set on object 'Object Repository/RAD_Pages/AddressAndContactInfo_Page/input_reEnterEMailAddress'

2023-01-04 14:06:14 - [MESSAGE][PASSED] - Text 'iahmed@govolution.com' is set on object 'Object Repository/RAD_Pages/AddressAndContactInfo_Page/input_reEnterEMailAddress'

2023-01-04 14:06:14 - [TEST_STEP][PASSED] - delay(2): Delayed 2 second(s)

2023-01-04 14:06:16 - [MESSAGE][PASSED] - Delayed 2 second(s)

2023-01-04 14:06:16 - [TEST_STEP][PASSED] - if (verifyTextPresent("The Email and Re-enter email do not match", true)): null

2023-01-04 14:06:16 - [MESSAGE][PASSED] - Text 'The Email and Re-enter email do not match' is present on page  using regular expression

2023-01-04 14:06:16 - [TEST_STEP][PASSED] - println("Emails Dont match text is present"): null

2023-01-04 14:06:16 - [TEST_STEP][PASSED] - out.println("Pass Record Number: " + row): null

2023-01-04 14:06:16 - [TEST_STEP][PASSED] - resText = "Pass": null

2023-01-04 14:06:16 - [TEST_STEP][PASSED] - pages.WriteExcel.demoKey(resText, datText, resColumn, datCloumn, fileLoc, nameSheet, row): pages.WriteExcel.demoKey is PASSED

2023-01-04 14:06:16 - [MESSAGE][PASSED] - pages.WriteExcel.demoKey is PASSED]]></system-out>
         <system-err><![CDATA[]]></system-err>
      </testcase>
      <testcase name="Test Cases/RAD_TestCases/Negative_TestCases/TaxPayerSSNNoMatch" time="33.373" classname="Test Cases/RAD_TestCases/Negative_TestCases/TaxPayerSSNNoMatch" status="PASSED">
         <system-out><![CDATA[2023-01-04 14:06:16 - [TEST_CASE][PASSED] - Test Cases/RAD_TestCases/Negative_TestCases/TaxPayerSSNNoMatch: Test Cases/RAD_TestCases/Negative_TestCases/TaxPayerSSNNoMatch

2023-01-04 14:06:17 - [TEST_STEP][PASSED] - resText = "Fail": null

2023-01-04 14:06:17 - [TEST_STEP][PASSED] - resColumn = "Result": null

2023-01-04 14:06:17 - [TEST_STEP][PASSED] - datCloumn = "Date": null

2023-01-04 14:06:17 - [TEST_STEP][PASSED] - fileLoc = "KatalonData/RADTestData/TaxPayerSSNNoMatch.xlsx": null

2023-01-04 14:06:17 - [TEST_STEP][PASSED] - nameSheet = "Sheet1": null

2023-01-04 14:06:17 - [TEST_STEP][PASSED] - dataFile = "RADTestData/TaxPayerSSNNoMatch": null

2023-01-04 14:06:17 - [TEST_STEP][PASSED] - ExecuteTC = <not implemented yet for class: org.codehaus.groovy.ast.expr.EmptyExpression>: null

2023-01-04 14:06:17 - [TEST_STEP][PASSED] - Taxtype = <not implemented yet for class: org.codehaus.groovy.ast.expr.EmptyExpression>: null

2023-01-04 14:06:17 - [TEST_STEP][PASSED] - numOfRows = findTestData(dataFile).getRowNumbers(): null

2023-01-04 14:06:17 - [TEST_STEP][PASSED] - println("Number of Records: " + numOfRows): null

2023-01-04 14:06:17 - [TEST_STEP][PASSED] - for ([row = 1, row <= numOfRows, (row++)]): null

2023-01-04 14:06:17 - [TEST_STEP][PASSED] - ExecuteTC = findTestData(dataFile).getValue("Execute", row): null

2023-01-04 14:06:17 - [TEST_STEP][PASSED] - out.println("Value of Execute is : " + ExecuteTC): null

2023-01-04 14:06:17 - [TEST_STEP][PASSED] - if (ExecuteTC.equalsIgnoreCase("Y")): null

2023-01-04 14:06:17 - [TEST_STEP][PASSED] - out.println("Begin Record Number: " + row): null

2023-01-04 14:06:17 - [TEST_STEP][PASSED] - today = new java.util.Date(): null

2023-01-04 14:06:17 - [TEST_STEP][PASSED] - println(today): null

2023-01-04 14:06:17 - [TEST_STEP][PASSED] - datText = today: null

2023-01-04 14:06:17 - [TEST_STEP][PASSED] - Taxtype = findTestData(dataFile).getValue("TaxType", row): null

2023-01-04 14:06:17 - [TEST_STEP][PASSED] - out.println("Taxtype value is : " + Taxtype): null

2023-01-04 14:06:17 - [TEST_STEP][PASSED] - openBrowser(""): Browser is opened with url: ''

2023-01-04 14:06:17 - [MESSAGE][WARNING] - A browser is already opened. Closing browser and opening a new one

2023-01-04 14:06:18 - [MESSAGE][INFO] - Starting 'Chrome' driver

2023-01-04 14:06:18 - [MESSAGE][INFO] - User set preference: ['acceptInsecureCerts', 'true']

2023-01-04 14:06:18 - [MESSAGE][INFO] - Action delay is set to 0 milliseconds

2023-01-04 14:06:19 - [MESSAGE][PASSED] - Browser is opened with url: ''

2023-01-04 14:06:19 - [TEST_STEP][PASSED] - maximizeWindow(): Current window maximized

2023-01-04 14:06:20 - [MESSAGE][PASSED] - Current window maximized

2023-01-04 14:06:20 - [TEST_STEP][PASSED] - navigateToUrl(RADurl): Navigate to 'https://qa.velocitypayment.com/client/rad/index.html' successfully

2023-01-04 14:06:21 - [MESSAGE][PASSED] - Navigate to 'https://qa.velocitypayment.com/client/rad/index.html' successfully

2023-01-04 14:06:21 - [TEST_STEP][PASSED] - orPath_Landing = "Object Repository/RAD_Pages/Landing_Page": null

2023-01-04 14:06:21 - [TEST_STEP][PASSED] - orPath_TaxTypeFilingYear = "Object Repository/RAD_Pages/TaxTypeFilingYear_Page": null

2023-01-04 14:06:21 - [TEST_STEP][PASSED] - orPath_TaxPayer = "Object Repository/RAD_Pages/Taxpayer_Page": null

2023-01-04 14:06:21 - [TEST_STEP][PASSED] - orPath_AddressContact = "Object Repository/RAD_Pages/AddressAndContactInfo_Page": null

2023-01-04 14:06:21 - [TEST_STEP][PASSED] - orPath_FilingStatus = "Object Repository/RAD_Pages/FilingStatus_Page": null

2023-01-04 14:06:21 - [TEST_STEP][PASSED] - orPath_Amount = "Object Repository/RAD_Pages/PaymentAmount_Page": null

2023-01-04 14:06:21 - [TEST_STEP][PASSED] - selectOptionByLabel(findTestObject(orPath_Landing + "/dd_TaxType"), Taxtype, false): All options with label 'Estimated Tax' are selected in object 'Object Repository/RAD_Pages/Landing_Page/dd_TaxType' 

2023-01-04 14:06:22 - [MESSAGE][PASSED] - All options with label 'Estimated Tax' are selected in object 'Object Repository/RAD_Pages/Landing_Page/dd_TaxType' 

2023-01-04 14:06:22 - [TEST_STEP][PASSED] - scrollToElement(findTestObject(orPath_TaxPayer + "/input_firstName"), 3): Scroll to object 'Object Repository/RAD_Pages/Taxpayer_Page/input_firstName' successfully

2023-01-04 14:06:23 - [MESSAGE][PASSED] - Scroll to object 'Object Repository/RAD_Pages/Taxpayer_Page/input_firstName' successfully

2023-01-04 14:06:23 - [TEST_STEP][PASSED] - setText(findTestObject("RAD_RecordAndPlay/input_concatSSN"), "111111111"): Text '111111111' is set on object 'Object Repository/RAD_RecordAndPlay/input_concatSSN'

2023-01-04 14:06:23 - [MESSAGE][PASSED] - Text '111111111' is set on object 'Object Repository/RAD_RecordAndPlay/input_concatSSN'

2023-01-04 14:06:23 - [TEST_STEP][PASSED] - setText(findTestObject("RAD_RecordAndPlay/input_concatReSSN"), "222222222"): Text '222222222' is set on object 'Object Repository/RAD_RecordAndPlay/input_concatReSSN'

2023-01-04 14:06:24 - [MESSAGE][PASSED] - Text '222222222' is set on object 'Object Repository/RAD_RecordAndPlay/input_concatReSSN'

2023-01-04 14:06:24 - [TEST_STEP][PASSED] - setText(findTestObject(orPath_TaxPayer + "/input_lastName"), "Anderson"): Text 'Anderson' is set on object 'Object Repository/RAD_Pages/Taxpayer_Page/input_lastName'

2023-01-04 14:06:25 - [MESSAGE][PASSED] - Text 'Anderson' is set on object 'Object Repository/RAD_Pages/Taxpayer_Page/input_lastName'

2023-01-04 14:06:25 - [TEST_STEP][PASSED] - delay(2): Delayed 2 second(s)

2023-01-04 14:06:27 - [MESSAGE][PASSED] - Delayed 2 second(s)

2023-01-04 14:06:27 - [TEST_STEP][PASSED] - if (verifyTextPresent("The SSN and Re-type SSN do not match", true)): null

2023-01-04 14:06:28 - [MESSAGE][PASSED] - Text 'The SSN and Re-type SSN do not match' is present on page  using regular expression

2023-01-04 14:06:28 - [TEST_STEP][PASSED] - println("Taxpayer SSN Dont match text is present"): null

2023-01-04 14:06:28 - [TEST_STEP][PASSED] - out.println("Pass Record Number: " + row): null

2023-01-04 14:06:28 - [TEST_STEP][PASSED] - resText = "Pass": null

2023-01-04 14:06:28 - [TEST_STEP][PASSED] - pages.WriteExcel.demoKey(resText, datText, resColumn, datCloumn, fileLoc, nameSheet, row): pages.WriteExcel.demoKey is PASSED

2023-01-04 14:06:28 - [MESSAGE][PASSED] - pages.WriteExcel.demoKey is PASSED

2023-01-04 14:06:28 - [TEST_STEP][PASSED] - ExecuteTC = findTestData(dataFile).getValue("Execute", row): null

2023-01-04 14:06:28 - [TEST_STEP][PASSED] - out.println("Value of Execute is : " + ExecuteTC): null

2023-01-04 14:06:28 - [TEST_STEP][PASSED] - if (ExecuteTC.equalsIgnoreCase("Y")): null

2023-01-04 14:06:28 - [TEST_STEP][PASSED] - out.println("Begin Record Number: " + row): null

2023-01-04 14:06:28 - [TEST_STEP][PASSED] - today = new java.util.Date(): null

2023-01-04 14:06:28 - [TEST_STEP][PASSED] - println(today): null

2023-01-04 14:06:28 - [TEST_STEP][PASSED] - datText = today: null

2023-01-04 14:06:28 - [TEST_STEP][PASSED] - Taxtype = findTestData(dataFile).getValue("TaxType", row): null

2023-01-04 14:06:28 - [TEST_STEP][PASSED] - out.println("Taxtype value is : " + Taxtype): null

2023-01-04 14:06:28 - [TEST_STEP][PASSED] - openBrowser(""): Browser is opened with url: ''

2023-01-04 14:06:28 - [MESSAGE][WARNING] - A browser is already opened. Closing browser and opening a new one

2023-01-04 14:06:29 - [MESSAGE][INFO] - Starting 'Chrome' driver

2023-01-04 14:06:29 - [MESSAGE][INFO] - User set preference: ['acceptInsecureCerts', 'true']

2023-01-04 14:06:29 - [MESSAGE][INFO] - Action delay is set to 0 milliseconds

2023-01-04 14:06:30 - [MESSAGE][PASSED] - Browser is opened with url: ''

2023-01-04 14:06:30 - [TEST_STEP][PASSED] - maximizeWindow(): Current window maximized

2023-01-04 14:06:31 - [MESSAGE][PASSED] - Current window maximized

2023-01-04 14:06:31 - [TEST_STEP][PASSED] - navigateToUrl(RADurl): Navigate to 'https://qa.velocitypayment.com/client/rad/index.html' successfully

2023-01-04 14:06:32 - [MESSAGE][PASSED] - Navigate to 'https://qa.velocitypayment.com/client/rad/index.html' successfully

2023-01-04 14:06:32 - [TEST_STEP][PASSED] - orPath_Landing = "Object Repository/RAD_Pages/Landing_Page": null

2023-01-04 14:06:32 - [TEST_STEP][PASSED] - orPath_TaxTypeFilingYear = "Object Repository/RAD_Pages/TaxTypeFilingYear_Page": null

2023-01-04 14:06:32 - [TEST_STEP][PASSED] - orPath_TaxPayer = "Object Repository/RAD_Pages/Taxpayer_Page": null

2023-01-04 14:06:32 - [TEST_STEP][PASSED] - orPath_AddressContact = "Object Repository/RAD_Pages/AddressAndContactInfo_Page": null

2023-01-04 14:06:32 - [TEST_STEP][PASSED] - orPath_FilingStatus = "Object Repository/RAD_Pages/FilingStatus_Page": null

2023-01-04 14:06:32 - [TEST_STEP][PASSED] - orPath_Amount = "Object Repository/RAD_Pages/PaymentAmount_Page": null

2023-01-04 14:06:32 - [TEST_STEP][PASSED] - selectOptionByLabel(findTestObject(orPath_Landing + "/dd_TaxType"), Taxtype, false): All options with label 'Personal Income Tax' are selected in object 'Object Repository/RAD_Pages/Landing_Page/dd_TaxType' 

2023-01-04 14:06:33 - [MESSAGE][PASSED] - All options with label 'Personal Income Tax' are selected in object 'Object Repository/RAD_Pages/Landing_Page/dd_TaxType' 

2023-01-04 14:06:33 - [TEST_STEP][PASSED] - scrollToElement(findTestObject(orPath_TaxPayer + "/input_firstName"), 3): Scroll to object 'Object Repository/RAD_Pages/Taxpayer_Page/input_firstName' successfully

2023-01-04 14:06:34 - [MESSAGE][PASSED] - Scroll to object 'Object Repository/RAD_Pages/Taxpayer_Page/input_firstName' successfully

2023-01-04 14:06:34 - [TEST_STEP][PASSED] - setText(findTestObject("RAD_RecordAndPlay/input_concatSSN"), "111111111"): Text '111111111' is set on object 'Object Repository/RAD_RecordAndPlay/input_concatSSN'

2023-01-04 14:06:34 - [MESSAGE][PASSED] - Text '111111111' is set on object 'Object Repository/RAD_RecordAndPlay/input_concatSSN'

2023-01-04 14:06:34 - [TEST_STEP][PASSED] - setText(findTestObject("RAD_RecordAndPlay/input_concatReSSN"), "222222222"): Text '222222222' is set on object 'Object Repository/RAD_RecordAndPlay/input_concatReSSN'

2023-01-04 14:06:35 - [MESSAGE][PASSED] - Text '222222222' is set on object 'Object Repository/RAD_RecordAndPlay/input_concatReSSN'

2023-01-04 14:06:35 - [TEST_STEP][PASSED] - setText(findTestObject(orPath_TaxPayer + "/input_lastName"), "Anderson"): Text 'Anderson' is set on object 'Object Repository/RAD_Pages/Taxpayer_Page/input_lastName'

2023-01-04 14:06:37 - [MESSAGE][PASSED] - Text 'Anderson' is set on object 'Object Repository/RAD_Pages/Taxpayer_Page/input_lastName'

2023-01-04 14:06:37 - [TEST_STEP][PASSED] - delay(2): Delayed 2 second(s)

2023-01-04 14:06:39 - [MESSAGE][PASSED] - Delayed 2 second(s)

2023-01-04 14:06:39 - [TEST_STEP][PASSED] - if (verifyTextPresent("The SSN and Re-type SSN do not match", true)): null

2023-01-04 14:06:39 - [MESSAGE][PASSED] - Text 'The SSN and Re-type SSN do not match' is present on page  using regular expression

2023-01-04 14:06:39 - [TEST_STEP][PASSED] - println("Taxpayer SSN Dont match text is present"): null

2023-01-04 14:06:39 - [TEST_STEP][PASSED] - out.println("Pass Record Number: " + row): null

2023-01-04 14:06:39 - [TEST_STEP][PASSED] - resText = "Pass": null

2023-01-04 14:06:39 - [TEST_STEP][PASSED] - pages.WriteExcel.demoKey(resText, datText, resColumn, datCloumn, fileLoc, nameSheet, row): pages.WriteExcel.demoKey is PASSED

2023-01-04 14:06:39 - [MESSAGE][PASSED] - pages.WriteExcel.demoKey is PASSED

2023-01-04 14:06:39 - [TEST_STEP][PASSED] - ExecuteTC = findTestData(dataFile).getValue("Execute", row): null

2023-01-04 14:06:39 - [TEST_STEP][PASSED] - out.println("Value of Execute is : " + ExecuteTC): null

2023-01-04 14:06:39 - [TEST_STEP][PASSED] - if (ExecuteTC.equalsIgnoreCase("Y")): null

2023-01-04 14:06:39 - [TEST_STEP][PASSED] - out.println("Begin Record Number: " + row): null

2023-01-04 14:06:39 - [TEST_STEP][PASSED] - today = new java.util.Date(): null

2023-01-04 14:06:39 - [TEST_STEP][PASSED] - println(today): null

2023-01-04 14:06:39 - [TEST_STEP][PASSED] - datText = today: null

2023-01-04 14:06:39 - [TEST_STEP][PASSED] - Taxtype = findTestData(dataFile).getValue("TaxType", row): null

2023-01-04 14:06:39 - [TEST_STEP][PASSED] - out.println("Taxtype value is : " + Taxtype): null

2023-01-04 14:06:39 - [TEST_STEP][PASSED] - openBrowser(""): Browser is opened with url: ''

2023-01-04 14:06:39 - [MESSAGE][WARNING] - A browser is already opened. Closing browser and opening a new one

2023-01-04 14:06:40 - [MESSAGE][INFO] - Starting 'Chrome' driver

2023-01-04 14:06:40 - [MESSAGE][INFO] - User set preference: ['acceptInsecureCerts', 'true']

2023-01-04 14:06:40 - [MESSAGE][INFO] - Action delay is set to 0 milliseconds

2023-01-04 14:06:42 - [MESSAGE][PASSED] - Browser is opened with url: ''

2023-01-04 14:06:42 - [TEST_STEP][PASSED] - maximizeWindow(): Current window maximized

2023-01-04 14:06:42 - [MESSAGE][PASSED] - Current window maximized

2023-01-04 14:06:42 - [TEST_STEP][PASSED] - navigateToUrl(RADurl): Navigate to 'https://qa.velocitypayment.com/client/rad/index.html' successfully

2023-01-04 14:06:43 - [MESSAGE][PASSED] - Navigate to 'https://qa.velocitypayment.com/client/rad/index.html' successfully

2023-01-04 14:06:43 - [TEST_STEP][PASSED] - orPath_Landing = "Object Repository/RAD_Pages/Landing_Page": null

2023-01-04 14:06:43 - [TEST_STEP][PASSED] - orPath_TaxTypeFilingYear = "Object Repository/RAD_Pages/TaxTypeFilingYear_Page": null

2023-01-04 14:06:43 - [TEST_STEP][PASSED] - orPath_TaxPayer = "Object Repository/RAD_Pages/Taxpayer_Page": null

2023-01-04 14:06:43 - [TEST_STEP][PASSED] - orPath_AddressContact = "Object Repository/RAD_Pages/AddressAndContactInfo_Page": null

2023-01-04 14:06:43 - [TEST_STEP][PASSED] - orPath_FilingStatus = "Object Repository/RAD_Pages/FilingStatus_Page": null

2023-01-04 14:06:43 - [TEST_STEP][PASSED] - orPath_Amount = "Object Repository/RAD_Pages/PaymentAmount_Page": null

2023-01-04 14:06:43 - [TEST_STEP][PASSED] - selectOptionByLabel(findTestObject(orPath_Landing + "/dd_TaxType"), Taxtype, false): All options with label 'Extension Payments' are selected in object 'Object Repository/RAD_Pages/Landing_Page/dd_TaxType' 

2023-01-04 14:06:44 - [MESSAGE][PASSED] - All options with label 'Extension Payments' are selected in object 'Object Repository/RAD_Pages/Landing_Page/dd_TaxType' 

2023-01-04 14:06:44 - [TEST_STEP][PASSED] - scrollToElement(findTestObject(orPath_TaxPayer + "/input_firstName"), 3): Scroll to object 'Object Repository/RAD_Pages/Taxpayer_Page/input_firstName' successfully

2023-01-04 14:06:45 - [MESSAGE][PASSED] - Scroll to object 'Object Repository/RAD_Pages/Taxpayer_Page/input_firstName' successfully

2023-01-04 14:06:45 - [TEST_STEP][PASSED] - setText(findTestObject("RAD_RecordAndPlay/input_concatSSN"), "111111111"): Text '111111111' is set on object 'Object Repository/RAD_RecordAndPlay/input_concatSSN'

2023-01-04 14:06:45 - [MESSAGE][PASSED] - Text '111111111' is set on object 'Object Repository/RAD_RecordAndPlay/input_concatSSN'

2023-01-04 14:06:45 - [TEST_STEP][PASSED] - setText(findTestObject("RAD_RecordAndPlay/input_concatReSSN"), "222222222"): Text '222222222' is set on object 'Object Repository/RAD_RecordAndPlay/input_concatReSSN'

2023-01-04 14:06:46 - [MESSAGE][PASSED] - Text '222222222' is set on object 'Object Repository/RAD_RecordAndPlay/input_concatReSSN'

2023-01-04 14:06:46 - [TEST_STEP][PASSED] - setText(findTestObject(orPath_TaxPayer + "/input_lastName"), "Anderson"): Text 'Anderson' is set on object 'Object Repository/RAD_Pages/Taxpayer_Page/input_lastName'

2023-01-04 14:06:47 - [MESSAGE][PASSED] - Text 'Anderson' is set on object 'Object Repository/RAD_Pages/Taxpayer_Page/input_lastName'

2023-01-04 14:06:47 - [TEST_STEP][PASSED] - delay(2): Delayed 2 second(s)

2023-01-04 14:06:49 - [MESSAGE][PASSED] - Delayed 2 second(s)

2023-01-04 14:06:49 - [TEST_STEP][PASSED] - if (verifyTextPresent("The SSN and Re-type SSN do not match", true)): null

2023-01-04 14:06:50 - [MESSAGE][PASSED] - Text 'The SSN and Re-type SSN do not match' is present on page  using regular expression

2023-01-04 14:06:50 - [TEST_STEP][PASSED] - println("Taxpayer SSN Dont match text is present"): null

2023-01-04 14:06:50 - [TEST_STEP][PASSED] - out.println("Pass Record Number: " + row): null

2023-01-04 14:06:50 - [TEST_STEP][PASSED] - resText = "Pass": null

2023-01-04 14:06:50 - [TEST_STEP][PASSED] - pages.WriteExcel.demoKey(resText, datText, resColumn, datCloumn, fileLoc, nameSheet, row): pages.WriteExcel.demoKey is PASSED

2023-01-04 14:06:50 - [MESSAGE][PASSED] - pages.WriteExcel.demoKey is PASSED]]></system-out>
         <system-err><![CDATA[]]></system-err>
      </testcase>
      <testcase name="Test Cases/RAD_TestCases/Negative_TestCases/JointFilerSSNNoMatch" time="44.797" classname="Test Cases/RAD_TestCases/Negative_TestCases/JointFilerSSNNoMatch" status="PASSED">
         <system-out><![CDATA[2023-01-04 14:06:50 - [TEST_CASE][PASSED] - Test Cases/RAD_TestCases/Negative_TestCases/JointFilerSSNNoMatch: Test Cases/RAD_TestCases/Negative_TestCases/JointFilerSSNNoMatch

2023-01-04 14:06:50 - [TEST_STEP][PASSED] - orPath_Landing = "Object Repository/RAD_Pages/Landing_Page": null

2023-01-04 14:06:50 - [TEST_STEP][PASSED] - orPath_Amount = "Object Repository/RAD_Pages/PaymentAmount_Page": null

2023-01-04 14:06:50 - [TEST_STEP][PASSED] - orPath_FilingStatus = "Object Repository/RAD_Pages/FilingStatus_Page": null

2023-01-04 14:06:50 - [TEST_STEP][PASSED] - orPath_TaxPayer = "Object Repository/RAD_Pages/Taxpayer_Page": null

2023-01-04 14:06:50 - [TEST_STEP][PASSED] - taxTypeDropList = ["Estimated Tax", "Personal Income Tax", "Extension Payments"]: null

2023-01-04 14:06:50 - [TEST_STEP][PASSED] - listSize = taxTypeDropList.size(): null

2023-01-04 14:06:50 - [TEST_STEP][PASSED] - println(listSize): null

2023-01-04 14:06:50 - [TEST_STEP][PASSED] - for ([i = 0, i < listSize, (i++)]): Text 'The SSN and Re-type SSN do not match.' is present on page  using regular expression

2023-01-04 14:06:50 - [TEST_STEP][PASSED] - openBrowser(""): Browser is opened with url: ''

2023-01-04 14:06:50 - [MESSAGE][WARNING] - A browser is already opened. Closing browser and opening a new one

2023-01-04 14:06:51 - [MESSAGE][INFO] - Starting 'Chrome' driver

2023-01-04 14:06:51 - [MESSAGE][INFO] - User set preference: ['acceptInsecureCerts', 'true']

2023-01-04 14:06:51 - [MESSAGE][INFO] - Action delay is set to 0 milliseconds

2023-01-04 14:06:53 - [MESSAGE][PASSED] - Browser is opened with url: ''

2023-01-04 14:06:53 - [TEST_STEP][PASSED] - maximizeWindow(): Current window maximized

2023-01-04 14:06:53 - [MESSAGE][PASSED] - Current window maximized

2023-01-04 14:06:53 - [TEST_STEP][PASSED] - navigateToUrl(RADurl): Navigate to 'https://qa.velocitypayment.com/client/rad/index.html' successfully

2023-01-04 14:06:55 - [MESSAGE][PASSED] - Navigate to 'https://qa.velocitypayment.com/client/rad/index.html' successfully

2023-01-04 14:06:55 - [TEST_STEP][PASSED] - out.println("Value of taxTypeDropList : " + taxTypeDropList[i]): null

2023-01-04 14:06:55 - [TEST_STEP][PASSED] - selectOptionByLabel(findTestObject(orPath_Landing + "/dd_TaxType"), taxTypeDropList[i], false): All options with label 'Estimated Tax' are selected in object 'Object Repository/RAD_Pages/Landing_Page/dd_TaxType' 

2023-01-04 14:06:56 - [MESSAGE][PASSED] - All options with label 'Estimated Tax' are selected in object 'Object Repository/RAD_Pages/Landing_Page/dd_TaxType' 

2023-01-04 14:06:56 - [TEST_STEP][PASSED] - setText(findTestObject(orPath_TaxPayer + "/input_lastName"), "Anderson"): Text 'Anderson' is set on object 'Object Repository/RAD_Pages/Taxpayer_Page/input_lastName'

2023-01-04 14:06:57 - [MESSAGE][PASSED] - Text 'Anderson' is set on object 'Object Repository/RAD_Pages/Taxpayer_Page/input_lastName'

2023-01-04 14:06:57 - [TEST_STEP][PASSED] - setText(findTestObject("RAD_RecordAndPlay/input_concatSSN"), "123441234"): Text '123441234' is set on object 'Object Repository/RAD_RecordAndPlay/input_concatSSN'

2023-01-04 14:06:57 - [MESSAGE][PASSED] - Text '123441234' is set on object 'Object Repository/RAD_RecordAndPlay/input_concatSSN'

2023-01-04 14:06:57 - [TEST_STEP][PASSED] - setText(findTestObject("RAD_RecordAndPlay/input_concatReSSN"), "123441234"): Text '123441234' is set on object 'Object Repository/RAD_RecordAndPlay/input_concatReSSN'

2023-01-04 14:06:58 - [MESSAGE][PASSED] - Text '123441234' is set on object 'Object Repository/RAD_RecordAndPlay/input_concatReSSN'

2023-01-04 14:06:58 - [TEST_STEP][PASSED] - scrollToElement(findTestObject(orPath_Amount + "/input__paymentAmount"), 3): Scroll to object 'Object Repository/RAD_Pages/PaymentAmount_Page/input__paymentAmount' successfully

2023-01-04 14:06:58 - [MESSAGE][PASSED] - Scroll to object 'Object Repository/RAD_Pages/PaymentAmount_Page/input__paymentAmount' successfully

2023-01-04 14:06:58 - [TEST_STEP][PASSED] - waitForElementClickable(findTestObject(orPath_FilingStatus + "/input_userType_Joint"), 5): Object 'Object Repository/RAD_Pages/FilingStatus_Page/input_userType_Joint' is clickable

2023-01-04 14:06:59 - [MESSAGE][PASSED] - Object 'Object Repository/RAD_Pages/FilingStatus_Page/input_userType_Joint' is clickable

2023-01-04 14:06:59 - [TEST_STEP][PASSED] - click(findTestObject(orPath_FilingStatus + "/input_userType_Joint")): Object: 'Object Repository/RAD_Pages/FilingStatus_Page/input_userType_Joint' is clicked on

2023-01-04 14:06:59 - [MESSAGE][PASSED] - Object: 'Object Repository/RAD_Pages/FilingStatus_Page/input_userType_Joint' is clicked on

2023-01-04 14:06:59 - [TEST_STEP][PASSED] - setText(findTestObject(orPath_FilingStatus + "/input_jointLastName"), "Broad"): Text 'Broad' is set on object 'Object Repository/RAD_Pages/FilingStatus_Page/input_jointLastName'

2023-01-04 14:07:00 - [MESSAGE][PASSED] - Text 'Broad' is set on object 'Object Repository/RAD_Pages/FilingStatus_Page/input_jointLastName'

2023-01-04 14:07:00 - [TEST_STEP][PASSED] - setText(findTestObject("Object Repository/RAD_RecordAndPlay/input_JointFilerSSN"), "111116523"): Text '111116523' is set on object 'Object Repository/RAD_RecordAndPlay/input_JointFilerSSN'

2023-01-04 14:07:01 - [MESSAGE][PASSED] - Text '111116523' is set on object 'Object Repository/RAD_RecordAndPlay/input_JointFilerSSN'

2023-01-04 14:07:01 - [TEST_STEP][PASSED] - setText(findTestObject("Object Repository/RAD_RecordAndPlay/input_reTypeJointFilerSSN"), "222226523"): Text '222226523' is set on object 'Object Repository/RAD_RecordAndPlay/input_reTypeJointFilerSSN'

2023-01-04 14:07:02 - [MESSAGE][PASSED] - Text '222226523' is set on object 'Object Repository/RAD_RecordAndPlay/input_reTypeJointFilerSSN'

2023-01-04 14:07:02 - [TEST_STEP][PASSED] - setText(findTestObject(orPath_FilingStatus + "/input_jointSuffix"), ""): Text '' is set on object 'Object Repository/RAD_Pages/FilingStatus_Page/input_jointSuffix'

2023-01-04 14:07:03 - [MESSAGE][PASSED] - Text '' is set on object 'Object Repository/RAD_Pages/FilingStatus_Page/input_jointSuffix'

2023-01-04 14:07:03 - [TEST_STEP][PASSED] - delay(2): Delayed 2 second(s)

2023-01-04 14:07:05 - [MESSAGE][PASSED] - Delayed 2 second(s)

2023-01-04 14:07:05 - [TEST_STEP][PASSED] - verifyTextPresent("The SSN and Re-type SSN do not match.", true): Text 'The SSN and Re-type SSN do not match.' is present on page  using regular expression

2023-01-04 14:07:05 - [MESSAGE][PASSED] - Text 'The SSN and Re-type SSN do not match.' is present on page  using regular expression

2023-01-04 14:07:05 - [TEST_STEP][PASSED] - openBrowser(""): Browser is opened with url: ''

2023-01-04 14:07:05 - [MESSAGE][WARNING] - A browser is already opened. Closing browser and opening a new one

2023-01-04 14:07:06 - [MESSAGE][INFO] - Starting 'Chrome' driver

2023-01-04 14:07:06 - [MESSAGE][INFO] - User set preference: ['acceptInsecureCerts', 'true']

2023-01-04 14:07:06 - [MESSAGE][INFO] - Action delay is set to 0 milliseconds

2023-01-04 14:07:07 - [MESSAGE][PASSED] - Browser is opened with url: ''

2023-01-04 14:07:07 - [TEST_STEP][PASSED] - maximizeWindow(): Current window maximized

2023-01-04 14:07:07 - [MESSAGE][PASSED] - Current window maximized

2023-01-04 14:07:08 - [TEST_STEP][PASSED] - navigateToUrl(RADurl): Navigate to 'https://qa.velocitypayment.com/client/rad/index.html' successfully

2023-01-04 14:07:09 - [MESSAGE][PASSED] - Navigate to 'https://qa.velocitypayment.com/client/rad/index.html' successfully

2023-01-04 14:07:09 - [TEST_STEP][PASSED] - out.println("Value of taxTypeDropList : " + taxTypeDropList[i]): null

2023-01-04 14:07:09 - [TEST_STEP][PASSED] - selectOptionByLabel(findTestObject(orPath_Landing + "/dd_TaxType"), taxTypeDropList[i], false): All options with label 'Personal Income Tax' are selected in object 'Object Repository/RAD_Pages/Landing_Page/dd_TaxType' 

2023-01-04 14:07:10 - [MESSAGE][PASSED] - All options with label 'Personal Income Tax' are selected in object 'Object Repository/RAD_Pages/Landing_Page/dd_TaxType' 

2023-01-04 14:07:10 - [TEST_STEP][PASSED] - setText(findTestObject(orPath_TaxPayer + "/input_lastName"), "Anderson"): Text 'Anderson' is set on object 'Object Repository/RAD_Pages/Taxpayer_Page/input_lastName'

2023-01-04 14:07:11 - [MESSAGE][PASSED] - Text 'Anderson' is set on object 'Object Repository/RAD_Pages/Taxpayer_Page/input_lastName'

2023-01-04 14:07:11 - [TEST_STEP][PASSED] - setText(findTestObject("RAD_RecordAndPlay/input_concatSSN"), "123441234"): Text '123441234' is set on object 'Object Repository/RAD_RecordAndPlay/input_concatSSN'

2023-01-04 14:07:12 - [MESSAGE][PASSED] - Text '123441234' is set on object 'Object Repository/RAD_RecordAndPlay/input_concatSSN'

2023-01-04 14:07:12 - [TEST_STEP][PASSED] - setText(findTestObject("RAD_RecordAndPlay/input_concatReSSN"), "123441234"): Text '123441234' is set on object 'Object Repository/RAD_RecordAndPlay/input_concatReSSN'

2023-01-04 14:07:13 - [MESSAGE][PASSED] - Text '123441234' is set on object 'Object Repository/RAD_RecordAndPlay/input_concatReSSN'

2023-01-04 14:07:13 - [TEST_STEP][PASSED] - scrollToElement(findTestObject(orPath_Amount + "/input__paymentAmount"), 3): Scroll to object 'Object Repository/RAD_Pages/PaymentAmount_Page/input__paymentAmount' successfully

2023-01-04 14:07:13 - [MESSAGE][PASSED] - Scroll to object 'Object Repository/RAD_Pages/PaymentAmount_Page/input__paymentAmount' successfully

2023-01-04 14:07:13 - [TEST_STEP][PASSED] - waitForElementClickable(findTestObject(orPath_FilingStatus + "/input_userType_Joint"), 5): Object 'Object Repository/RAD_Pages/FilingStatus_Page/input_userType_Joint' is clickable

2023-01-04 14:07:13 - [MESSAGE][PASSED] - Object 'Object Repository/RAD_Pages/FilingStatus_Page/input_userType_Joint' is clickable

2023-01-04 14:07:13 - [TEST_STEP][PASSED] - click(findTestObject(orPath_FilingStatus + "/input_userType_Joint")): Object: 'Object Repository/RAD_Pages/FilingStatus_Page/input_userType_Joint' is clicked on

2023-01-04 14:07:14 - [MESSAGE][PASSED] - Object: 'Object Repository/RAD_Pages/FilingStatus_Page/input_userType_Joint' is clicked on

2023-01-04 14:07:14 - [TEST_STEP][PASSED] - setText(findTestObject(orPath_FilingStatus + "/input_jointLastName"), "Broad"): Text 'Broad' is set on object 'Object Repository/RAD_Pages/FilingStatus_Page/input_jointLastName'

2023-01-04 14:07:15 - [MESSAGE][PASSED] - Text 'Broad' is set on object 'Object Repository/RAD_Pages/FilingStatus_Page/input_jointLastName'

2023-01-04 14:07:15 - [TEST_STEP][PASSED] - setText(findTestObject("Object Repository/RAD_RecordAndPlay/input_JointFilerSSN"), "111116523"): Text '111116523' is set on object 'Object Repository/RAD_RecordAndPlay/input_JointFilerSSN'

2023-01-04 14:07:16 - [MESSAGE][PASSED] - Text '111116523' is set on object 'Object Repository/RAD_RecordAndPlay/input_JointFilerSSN'

2023-01-04 14:07:16 - [TEST_STEP][PASSED] - setText(findTestObject("Object Repository/RAD_RecordAndPlay/input_reTypeJointFilerSSN"), "222226523"): Text '222226523' is set on object 'Object Repository/RAD_RecordAndPlay/input_reTypeJointFilerSSN'

2023-01-04 14:07:16 - [MESSAGE][PASSED] - Text '222226523' is set on object 'Object Repository/RAD_RecordAndPlay/input_reTypeJointFilerSSN'

2023-01-04 14:07:16 - [TEST_STEP][PASSED] - setText(findTestObject(orPath_FilingStatus + "/input_jointSuffix"), ""): Text '' is set on object 'Object Repository/RAD_Pages/FilingStatus_Page/input_jointSuffix'

2023-01-04 14:07:17 - [MESSAGE][PASSED] - Text '' is set on object 'Object Repository/RAD_Pages/FilingStatus_Page/input_jointSuffix'

2023-01-04 14:07:17 - [TEST_STEP][PASSED] - delay(2): Delayed 2 second(s)

2023-01-04 14:07:19 - [MESSAGE][PASSED] - Delayed 2 second(s)

2023-01-04 14:07:19 - [TEST_STEP][PASSED] - verifyTextPresent("The SSN and Re-type SSN do not match.", true): Text 'The SSN and Re-type SSN do not match.' is present on page  using regular expression

2023-01-04 14:07:20 - [MESSAGE][PASSED] - Text 'The SSN and Re-type SSN do not match.' is present on page  using regular expression

2023-01-04 14:07:20 - [TEST_STEP][PASSED] - openBrowser(""): Browser is opened with url: ''

2023-01-04 14:07:20 - [MESSAGE][WARNING] - A browser is already opened. Closing browser and opening a new one

2023-01-04 14:07:21 - [MESSAGE][INFO] - Starting 'Chrome' driver

2023-01-04 14:07:21 - [MESSAGE][INFO] - User set preference: ['acceptInsecureCerts', 'true']

2023-01-04 14:07:21 - [MESSAGE][INFO] - Action delay is set to 0 milliseconds

2023-01-04 14:07:22 - [MESSAGE][PASSED] - Browser is opened with url: ''

2023-01-04 14:07:22 - [TEST_STEP][PASSED] - maximizeWindow(): Current window maximized

2023-01-04 14:07:22 - [MESSAGE][PASSED] - Current window maximized

2023-01-04 14:07:22 - [TEST_STEP][PASSED] - navigateToUrl(RADurl): Navigate to 'https://qa.velocitypayment.com/client/rad/index.html' successfully

2023-01-04 14:07:24 - [MESSAGE][PASSED] - Navigate to 'https://qa.velocitypayment.com/client/rad/index.html' successfully

2023-01-04 14:07:24 - [TEST_STEP][PASSED] - out.println("Value of taxTypeDropList : " + taxTypeDropList[i]): null

2023-01-04 14:07:24 - [TEST_STEP][PASSED] - selectOptionByLabel(findTestObject(orPath_Landing + "/dd_TaxType"), taxTypeDropList[i], false): All options with label 'Extension Payments' are selected in object 'Object Repository/RAD_Pages/Landing_Page/dd_TaxType' 

2023-01-04 14:07:25 - [MESSAGE][PASSED] - All options with label 'Extension Payments' are selected in object 'Object Repository/RAD_Pages/Landing_Page/dd_TaxType' 

2023-01-04 14:07:25 - [TEST_STEP][PASSED] - setText(findTestObject(orPath_TaxPayer + "/input_lastName"), "Anderson"): Text 'Anderson' is set on object 'Object Repository/RAD_Pages/Taxpayer_Page/input_lastName'

2023-01-04 14:07:26 - [MESSAGE][PASSED] - Text 'Anderson' is set on object 'Object Repository/RAD_Pages/Taxpayer_Page/input_lastName'

2023-01-04 14:07:26 - [TEST_STEP][PASSED] - setText(findTestObject("RAD_RecordAndPlay/input_concatSSN"), "123441234"): Text '123441234' is set on object 'Object Repository/RAD_RecordAndPlay/input_concatSSN'

2023-01-04 14:07:26 - [MESSAGE][PASSED] - Text '123441234' is set on object 'Object Repository/RAD_RecordAndPlay/input_concatSSN'

2023-01-04 14:07:26 - [TEST_STEP][PASSED] - setText(findTestObject("RAD_RecordAndPlay/input_concatReSSN"), "123441234"): Text '123441234' is set on object 'Object Repository/RAD_RecordAndPlay/input_concatReSSN'

2023-01-04 14:07:27 - [MESSAGE][PASSED] - Text '123441234' is set on object 'Object Repository/RAD_RecordAndPlay/input_concatReSSN'

2023-01-04 14:07:27 - [TEST_STEP][PASSED] - scrollToElement(findTestObject(orPath_Amount + "/input__paymentAmount"), 3): Scroll to object 'Object Repository/RAD_Pages/PaymentAmount_Page/input__paymentAmount' successfully

2023-01-04 14:07:28 - [MESSAGE][PASSED] - Scroll to object 'Object Repository/RAD_Pages/PaymentAmount_Page/input__paymentAmount' successfully

2023-01-04 14:07:28 - [TEST_STEP][PASSED] - waitForElementClickable(findTestObject(orPath_FilingStatus + "/input_userType_Joint"), 5): Object 'Object Repository/RAD_Pages/FilingStatus_Page/input_userType_Joint' is clickable

2023-01-04 14:07:28 - [MESSAGE][PASSED] - Object 'Object Repository/RAD_Pages/FilingStatus_Page/input_userType_Joint' is clickable

2023-01-04 14:07:28 - [TEST_STEP][PASSED] - click(findTestObject(orPath_FilingStatus + "/input_userType_Joint")): Object: 'Object Repository/RAD_Pages/FilingStatus_Page/input_userType_Joint' is clicked on

2023-01-04 14:07:29 - [MESSAGE][PASSED] - Object: 'Object Repository/RAD_Pages/FilingStatus_Page/input_userType_Joint' is clicked on

2023-01-04 14:07:29 - [TEST_STEP][PASSED] - setText(findTestObject(orPath_FilingStatus + "/input_jointLastName"), "Broad"): Text 'Broad' is set on object 'Object Repository/RAD_Pages/FilingStatus_Page/input_jointLastName'

2023-01-04 14:07:30 - [MESSAGE][PASSED] - Text 'Broad' is set on object 'Object Repository/RAD_Pages/FilingStatus_Page/input_jointLastName'

2023-01-04 14:07:30 - [TEST_STEP][PASSED] - setText(findTestObject("Object Repository/RAD_RecordAndPlay/input_JointFilerSSN"), "111116523"): Text '111116523' is set on object 'Object Repository/RAD_RecordAndPlay/input_JointFilerSSN'

2023-01-04 14:07:30 - [MESSAGE][PASSED] - Text '111116523' is set on object 'Object Repository/RAD_RecordAndPlay/input_JointFilerSSN'

2023-01-04 14:07:30 - [TEST_STEP][PASSED] - setText(findTestObject("Object Repository/RAD_RecordAndPlay/input_reTypeJointFilerSSN"), "222226523"): Text '222226523' is set on object 'Object Repository/RAD_RecordAndPlay/input_reTypeJointFilerSSN'

2023-01-04 14:07:31 - [MESSAGE][PASSED] - Text '222226523' is set on object 'Object Repository/RAD_RecordAndPlay/input_reTypeJointFilerSSN'

2023-01-04 14:07:31 - [TEST_STEP][PASSED] - setText(findTestObject(orPath_FilingStatus + "/input_jointSuffix"), ""): Text '' is set on object 'Object Repository/RAD_Pages/FilingStatus_Page/input_jointSuffix'

2023-01-04 14:07:32 - [MESSAGE][PASSED] - Text '' is set on object 'Object Repository/RAD_Pages/FilingStatus_Page/input_jointSuffix'

2023-01-04 14:07:32 - [TEST_STEP][PASSED] - delay(2): Delayed 2 second(s)

2023-01-04 14:07:34 - [MESSAGE][PASSED] - Delayed 2 second(s)

2023-01-04 14:07:34 - [TEST_STEP][PASSED] - verifyTextPresent("The SSN and Re-type SSN do not match.", true): Text 'The SSN and Re-type SSN do not match.' is present on page  using regular expression

2023-01-04 14:07:35 - [MESSAGE][PASSED] - Text 'The SSN and Re-type SSN do not match.' is present on page  using regular expression]]></system-out>
         <system-err><![CDATA[]]></system-err>
      </testcase>
      <testcase name="Test Cases/RAD_TestCases/Negative_TestCases/SSNjointFilerMoreThan9Error" time="29.755" classname="Test Cases/RAD_TestCases/Negative_TestCases/SSNjointFilerMoreThan9Error" status="PASSED">
         <system-out><![CDATA[2023-01-04 14:07:35 - [TEST_CASE][PASSED] - Test Cases/RAD_TestCases/Negative_TestCases/SSNjointFilerMoreThan9Error: Test Cases/RAD_TestCases/Negative_TestCases/SSNjointFilerMoreThan9Error

2023-01-04 14:07:35 - [TEST_STEP][PASSED] - orPath_Landing = "Object Repository/RAD_Pages/Landing_Page": null

2023-01-04 14:07:35 - [TEST_STEP][PASSED] - orPath_Amount = "Object Repository/RAD_Pages/PaymentAmount_Page": null

2023-01-04 14:07:35 - [TEST_STEP][PASSED] - orPath_FilingStatus = "Object Repository/RAD_Pages/FilingStatus_Page": null

2023-01-04 14:07:35 - [TEST_STEP][PASSED] - orPath_TaxPayer = "Object Repository/RAD_Pages/Taxpayer_Page": null

2023-01-04 14:07:35 - [TEST_STEP][PASSED] - orPath_TaxInfo = "Object Repository/RAD_Pages/TaxInfo_Page": null

2023-01-04 14:07:35 - [TEST_STEP][PASSED] - taxTypeDropList = ["Estimated Tax", "Personal Income Tax", "Extension Payments"]: null

2023-01-04 14:07:35 - [TEST_STEP][PASSED] - listSize = taxTypeDropList.size(): null

2023-01-04 14:07:35 - [TEST_STEP][PASSED] - println(listSize): null

2023-01-04 14:07:35 - [TEST_STEP][PASSED] - for ([i = 0, i < listSize, (i++)]): Browser is closed

2023-01-04 14:07:35 - [TEST_STEP][PASSED] - openBrowser(""): Browser is opened with url: ''

2023-01-04 14:07:35 - [MESSAGE][WARNING] - A browser is already opened. Closing browser and opening a new one

2023-01-04 14:07:36 - [MESSAGE][INFO] - Starting 'Chrome' driver

2023-01-04 14:07:36 - [MESSAGE][INFO] - User set preference: ['acceptInsecureCerts', 'true']

2023-01-04 14:07:36 - [MESSAGE][INFO] - Action delay is set to 0 milliseconds

2023-01-04 14:07:37 - [MESSAGE][PASSED] - Browser is opened with url: ''

2023-01-04 14:07:37 - [TEST_STEP][PASSED] - maximizeWindow(): Current window maximized

2023-01-04 14:07:37 - [MESSAGE][PASSED] - Current window maximized

2023-01-04 14:07:37 - [TEST_STEP][PASSED] - navigateToUrl(RADurl): Navigate to 'https://qa.velocitypayment.com/client/rad/index.html' successfully

2023-01-04 14:07:39 - [MESSAGE][PASSED] - Navigate to 'https://qa.velocitypayment.com/client/rad/index.html' successfully

2023-01-04 14:07:39 - [TEST_STEP][PASSED] - out.println("Value of taxTypeDropList : " + taxTypeDropList[i]): null

2023-01-04 14:07:39 - [TEST_STEP][PASSED] - selectOptionByLabel(findTestObject(orPath_Landing + "/dd_TaxType"), taxTypeDropList[i], false): All options with label 'Estimated Tax' are selected in object 'Object Repository/RAD_Pages/Landing_Page/dd_TaxType' 

2023-01-04 14:07:40 - [MESSAGE][PASSED] - All options with label 'Estimated Tax' are selected in object 'Object Repository/RAD_Pages/Landing_Page/dd_TaxType' 

2023-01-04 14:07:40 - [TEST_STEP][PASSED] - scrollToElement(findTestObject(orPath_Amount + "/input__paymentAmount"), 3): Scroll to object 'Object Repository/RAD_Pages/PaymentAmount_Page/input__paymentAmount' successfully

2023-01-04 14:07:40 - [MESSAGE][PASSED] - Scroll to object 'Object Repository/RAD_Pages/PaymentAmount_Page/input__paymentAmount' successfully

2023-01-04 14:07:40 - [TEST_STEP][PASSED] - waitForElementClickable(findTestObject(orPath_FilingStatus + "/input_userType_Joint"), 5): Object 'Object Repository/RAD_Pages/FilingStatus_Page/input_userType_Joint' is clickable

2023-01-04 14:07:41 - [MESSAGE][PASSED] - Object 'Object Repository/RAD_Pages/FilingStatus_Page/input_userType_Joint' is clickable

2023-01-04 14:07:41 - [TEST_STEP][PASSED] - click(findTestObject(orPath_FilingStatus + "/input_userType_Joint")): Object: 'Object Repository/RAD_Pages/FilingStatus_Page/input_userType_Joint' is clicked on

2023-01-04 14:07:41 - [MESSAGE][PASSED] - Object: 'Object Repository/RAD_Pages/FilingStatus_Page/input_userType_Joint' is clicked on

2023-01-04 14:07:41 - [TEST_STEP][PASSED] - setText(findTestObject(orPath_FilingStatus + "/input_jointLastName"), "Stokes"): Text 'Stokes' is set on object 'Object Repository/RAD_Pages/FilingStatus_Page/input_jointLastName'

2023-01-04 14:07:42 - [MESSAGE][PASSED] - Text 'Stokes' is set on object 'Object Repository/RAD_Pages/FilingStatus_Page/input_jointLastName'

2023-01-04 14:07:42 - [TEST_STEP][PASSED] - setText(findTestObject("Object Repository/RAD_RecordAndPlay/input_JointFilerSSN"), "1234532100"): Text '1234532100' is set on object 'Object Repository/RAD_RecordAndPlay/input_JointFilerSSN'

2023-01-04 14:07:43 - [MESSAGE][PASSED] - Text '1234532100' is set on object 'Object Repository/RAD_RecordAndPlay/input_JointFilerSSN'

2023-01-04 14:07:43 - [TEST_STEP][PASSED] - setText(findTestObject("Object Repository/RAD_RecordAndPlay/input_reTypeJointFilerSSN"), ""): Text '' is set on object 'Object Repository/RAD_RecordAndPlay/input_reTypeJointFilerSSN'

2023-01-04 14:07:43 - [MESSAGE][PASSED] - Text '' is set on object 'Object Repository/RAD_RecordAndPlay/input_reTypeJointFilerSSN'

2023-01-04 14:07:43 - [TEST_STEP][PASSED] - verifyTextPresent("Please enter a valid SSN with 9 digits.", true): Text 'Please enter a valid SSN with 9 digits.' is present on page  using regular expression

2023-01-04 14:07:44 - [MESSAGE][PASSED] - Text 'Please enter a valid SSN with 9 digits.' is present on page  using regular expression

2023-01-04 14:07:44 - [TEST_STEP][PASSED] - closeBrowser(): Browser is closed

2023-01-04 14:07:45 - [MESSAGE][PASSED] - Browser is closed

2023-01-04 14:07:45 - [TEST_STEP][PASSED] - openBrowser(""): Browser is opened with url: ''

2023-01-04 14:07:45 - [MESSAGE][INFO] - Starting 'Chrome' driver

2023-01-04 14:07:45 - [MESSAGE][INFO] - User set preference: ['acceptInsecureCerts', 'true']

2023-01-04 14:07:45 - [MESSAGE][INFO] - Action delay is set to 0 milliseconds

2023-01-04 14:07:46 - [MESSAGE][PASSED] - Browser is opened with url: ''

2023-01-04 14:07:46 - [TEST_STEP][PASSED] - maximizeWindow(): Current window maximized

2023-01-04 14:07:47 - [MESSAGE][PASSED] - Current window maximized

2023-01-04 14:07:47 - [TEST_STEP][PASSED] - navigateToUrl(RADurl): Navigate to 'https://qa.velocitypayment.com/client/rad/index.html' successfully

2023-01-04 14:07:48 - [MESSAGE][PASSED] - Navigate to 'https://qa.velocitypayment.com/client/rad/index.html' successfully

2023-01-04 14:07:48 - [TEST_STEP][PASSED] - out.println("Value of taxTypeDropList : " + taxTypeDropList[i]): null

2023-01-04 14:07:48 - [TEST_STEP][PASSED] - selectOptionByLabel(findTestObject(orPath_Landing + "/dd_TaxType"), taxTypeDropList[i], false): All options with label 'Personal Income Tax' are selected in object 'Object Repository/RAD_Pages/Landing_Page/dd_TaxType' 

2023-01-04 14:07:49 - [MESSAGE][PASSED] - All options with label 'Personal Income Tax' are selected in object 'Object Repository/RAD_Pages/Landing_Page/dd_TaxType' 

2023-01-04 14:07:49 - [TEST_STEP][PASSED] - scrollToElement(findTestObject(orPath_Amount + "/input__paymentAmount"), 3): Scroll to object 'Object Repository/RAD_Pages/PaymentAmount_Page/input__paymentAmount' successfully

2023-01-04 14:07:50 - [MESSAGE][PASSED] - Scroll to object 'Object Repository/RAD_Pages/PaymentAmount_Page/input__paymentAmount' successfully

2023-01-04 14:07:50 - [TEST_STEP][PASSED] - waitForElementClickable(findTestObject(orPath_FilingStatus + "/input_userType_Joint"), 5): Object 'Object Repository/RAD_Pages/FilingStatus_Page/input_userType_Joint' is clickable

2023-01-04 14:07:50 - [MESSAGE][PASSED] - Object 'Object Repository/RAD_Pages/FilingStatus_Page/input_userType_Joint' is clickable

2023-01-04 14:07:50 - [TEST_STEP][PASSED] - click(findTestObject(orPath_FilingStatus + "/input_userType_Joint")): Object: 'Object Repository/RAD_Pages/FilingStatus_Page/input_userType_Joint' is clicked on

2023-01-04 14:07:51 - [MESSAGE][PASSED] - Object: 'Object Repository/RAD_Pages/FilingStatus_Page/input_userType_Joint' is clicked on

2023-01-04 14:07:51 - [TEST_STEP][PASSED] - setText(findTestObject(orPath_FilingStatus + "/input_jointLastName"), "Stokes"): Text 'Stokes' is set on object 'Object Repository/RAD_Pages/FilingStatus_Page/input_jointLastName'

2023-01-04 14:07:52 - [MESSAGE][PASSED] - Text 'Stokes' is set on object 'Object Repository/RAD_Pages/FilingStatus_Page/input_jointLastName'

2023-01-04 14:07:52 - [TEST_STEP][PASSED] - setText(findTestObject("Object Repository/RAD_RecordAndPlay/input_JointFilerSSN"), "1234532100"): Text '1234532100' is set on object 'Object Repository/RAD_RecordAndPlay/input_JointFilerSSN'

2023-01-04 14:07:53 - [MESSAGE][PASSED] - Text '1234532100' is set on object 'Object Repository/RAD_RecordAndPlay/input_JointFilerSSN'

2023-01-04 14:07:53 - [TEST_STEP][PASSED] - setText(findTestObject("Object Repository/RAD_RecordAndPlay/input_reTypeJointFilerSSN"), ""): Text '' is set on object 'Object Repository/RAD_RecordAndPlay/input_reTypeJointFilerSSN'

2023-01-04 14:07:53 - [MESSAGE][PASSED] - Text '' is set on object 'Object Repository/RAD_RecordAndPlay/input_reTypeJointFilerSSN'

2023-01-04 14:07:53 - [TEST_STEP][PASSED] - verifyTextPresent("Please enter a valid SSN with 9 digits.", true): Text 'Please enter a valid SSN with 9 digits.' is present on page  using regular expression

2023-01-04 14:07:54 - [MESSAGE][PASSED] - Text 'Please enter a valid SSN with 9 digits.' is present on page  using regular expression

2023-01-04 14:07:54 - [TEST_STEP][PASSED] - closeBrowser(): Browser is closed

2023-01-04 14:07:55 - [MESSAGE][PASSED] - Browser is closed

2023-01-04 14:07:55 - [TEST_STEP][PASSED] - openBrowser(""): Browser is opened with url: ''

2023-01-04 14:07:55 - [MESSAGE][INFO] - Starting 'Chrome' driver

2023-01-04 14:07:55 - [MESSAGE][INFO] - User set preference: ['acceptInsecureCerts', 'true']

2023-01-04 14:07:55 - [MESSAGE][INFO] - Action delay is set to 0 milliseconds

2023-01-04 14:07:56 - [MESSAGE][PASSED] - Browser is opened with url: ''

2023-01-04 14:07:56 - [TEST_STEP][PASSED] - maximizeWindow(): Current window maximized

2023-01-04 14:07:56 - [MESSAGE][PASSED] - Current window maximized

2023-01-04 14:07:56 - [TEST_STEP][PASSED] - navigateToUrl(RADurl): Navigate to 'https://qa.velocitypayment.com/client/rad/index.html' successfully

2023-01-04 14:07:58 - [MESSAGE][PASSED] - Navigate to 'https://qa.velocitypayment.com/client/rad/index.html' successfully

2023-01-04 14:07:58 - [TEST_STEP][PASSED] - out.println("Value of taxTypeDropList : " + taxTypeDropList[i]): null

2023-01-04 14:07:58 - [TEST_STEP][PASSED] - selectOptionByLabel(findTestObject(orPath_Landing + "/dd_TaxType"), taxTypeDropList[i], false): All options with label 'Extension Payments' are selected in object 'Object Repository/RAD_Pages/Landing_Page/dd_TaxType' 

2023-01-04 14:07:59 - [MESSAGE][PASSED] - All options with label 'Extension Payments' are selected in object 'Object Repository/RAD_Pages/Landing_Page/dd_TaxType' 

2023-01-04 14:07:59 - [TEST_STEP][PASSED] - scrollToElement(findTestObject(orPath_Amount + "/input__paymentAmount"), 3): Scroll to object 'Object Repository/RAD_Pages/PaymentAmount_Page/input__paymentAmount' successfully

2023-01-04 14:07:59 - [MESSAGE][PASSED] - Scroll to object 'Object Repository/RAD_Pages/PaymentAmount_Page/input__paymentAmount' successfully

2023-01-04 14:07:59 - [TEST_STEP][PASSED] - waitForElementClickable(findTestObject(orPath_FilingStatus + "/input_userType_Joint"), 5): Object 'Object Repository/RAD_Pages/FilingStatus_Page/input_userType_Joint' is clickable

2023-01-04 14:08:00 - [MESSAGE][PASSED] - Object 'Object Repository/RAD_Pages/FilingStatus_Page/input_userType_Joint' is clickable

2023-01-04 14:08:00 - [TEST_STEP][PASSED] - click(findTestObject(orPath_FilingStatus + "/input_userType_Joint")): Object: 'Object Repository/RAD_Pages/FilingStatus_Page/input_userType_Joint' is clicked on

2023-01-04 14:08:00 - [MESSAGE][PASSED] - Object: 'Object Repository/RAD_Pages/FilingStatus_Page/input_userType_Joint' is clicked on

2023-01-04 14:08:00 - [TEST_STEP][PASSED] - setText(findTestObject(orPath_FilingStatus + "/input_jointLastName"), "Stokes"): Text 'Stokes' is set on object 'Object Repository/RAD_Pages/FilingStatus_Page/input_jointLastName'

2023-01-04 14:08:01 - [MESSAGE][PASSED] - Text 'Stokes' is set on object 'Object Repository/RAD_Pages/FilingStatus_Page/input_jointLastName'

2023-01-04 14:08:01 - [TEST_STEP][PASSED] - setText(findTestObject("Object Repository/RAD_RecordAndPlay/input_JointFilerSSN"), "1234532100"): Text '1234532100' is set on object 'Object Repository/RAD_RecordAndPlay/input_JointFilerSSN'

2023-01-04 14:08:02 - [MESSAGE][PASSED] - Text '1234532100' is set on object 'Object Repository/RAD_RecordAndPlay/input_JointFilerSSN'

2023-01-04 14:08:02 - [TEST_STEP][PASSED] - setText(findTestObject("Object Repository/RAD_RecordAndPlay/input_reTypeJointFilerSSN"), ""): Text '' is set on object 'Object Repository/RAD_RecordAndPlay/input_reTypeJointFilerSSN'

2023-01-04 14:08:03 - [MESSAGE][PASSED] - Text '' is set on object 'Object Repository/RAD_RecordAndPlay/input_reTypeJointFilerSSN'

2023-01-04 14:08:03 - [TEST_STEP][PASSED] - verifyTextPresent("Please enter a valid SSN with 9 digits.", true): Text 'Please enter a valid SSN with 9 digits.' is present on page  using regular expression

2023-01-04 14:08:03 - [MESSAGE][PASSED] - Text 'Please enter a valid SSN with 9 digits.' is present on page  using regular expression

2023-01-04 14:08:03 - [TEST_STEP][PASSED] - closeBrowser(): Browser is closed

2023-01-04 14:08:04 - [MESSAGE][PASSED] - Browser is closed]]></system-out>
         <system-err><![CDATA[]]></system-err>
      </testcase>
      <testcase name="Test Cases/RAD_TestCases/Negative_TestCases/SSNmoreThan9Error" time="24.288" classname="Test Cases/RAD_TestCases/Negative_TestCases/SSNmoreThan9Error" status="PASSED">
         <system-out><![CDATA[2023-01-04 14:08:04 - [TEST_CASE][PASSED] - Test Cases/RAD_TestCases/Negative_TestCases/SSNmoreThan9Error: Test Cases/RAD_TestCases/Negative_TestCases/SSNmoreThan9Error

2023-01-04 14:08:05 - [TEST_STEP][PASSED] - orPath_Landing = "Object Repository/RAD_Pages/Landing_Page": null

2023-01-04 14:08:05 - [TEST_STEP][PASSED] - orPath_Amount = "Object Repository/RAD_Pages/PaymentAmount_Page": null

2023-01-04 14:08:05 - [TEST_STEP][PASSED] - orPath_FilingStatus = "Object Repository/RAD_Pages/FilingStatus_Page": null

2023-01-04 14:08:05 - [TEST_STEP][PASSED] - orPath_TaxPayer = "Object Repository/RAD_Pages/Taxpayer_Page": null

2023-01-04 14:08:05 - [TEST_STEP][PASSED] - orPath_TaxInfo = "Object Repository/RAD_Pages/TaxInfo_Page": null

2023-01-04 14:08:05 - [TEST_STEP][PASSED] - taxTypeDropList = ["Estimated Tax", "Personal Income Tax", "Extension Payments"]: null

2023-01-04 14:08:05 - [TEST_STEP][PASSED] - listSize = taxTypeDropList.size(): null

2023-01-04 14:08:05 - [TEST_STEP][PASSED] - println(listSize): null

2023-01-04 14:08:05 - [TEST_STEP][PASSED] - for ([i = 0, i < listSize, (i++)]): Browser is closed

2023-01-04 14:08:05 - [TEST_STEP][PASSED] - openBrowser(""): Browser is opened with url: ''

2023-01-04 14:08:05 - [MESSAGE][INFO] - Starting 'Chrome' driver

2023-01-04 14:08:05 - [MESSAGE][INFO] - User set preference: ['acceptInsecureCerts', 'true']

2023-01-04 14:08:05 - [MESSAGE][INFO] - Action delay is set to 0 milliseconds

2023-01-04 14:08:06 - [MESSAGE][PASSED] - Browser is opened with url: ''

2023-01-04 14:08:06 - [TEST_STEP][PASSED] - maximizeWindow(): Current window maximized

2023-01-04 14:08:06 - [MESSAGE][PASSED] - Current window maximized

2023-01-04 14:08:06 - [TEST_STEP][PASSED] - navigateToUrl(RADurl): Navigate to 'https://qa.velocitypayment.com/client/rad/index.html' successfully

2023-01-04 14:08:08 - [MESSAGE][PASSED] - Navigate to 'https://qa.velocitypayment.com/client/rad/index.html' successfully

2023-01-04 14:08:08 - [TEST_STEP][PASSED] - out.println("Value of taxTypeDropList : " + taxTypeDropList[i]): null

2023-01-04 14:08:08 - [TEST_STEP][PASSED] - selectOptionByLabel(findTestObject(orPath_Landing + "/dd_TaxType"), taxTypeDropList[i], false): All options with label 'Estimated Tax' are selected in object 'Object Repository/RAD_Pages/Landing_Page/dd_TaxType' 

2023-01-04 14:08:09 - [MESSAGE][PASSED] - All options with label 'Estimated Tax' are selected in object 'Object Repository/RAD_Pages/Landing_Page/dd_TaxType' 

2023-01-04 14:08:09 - [TEST_STEP][PASSED] - if (taxTypeDropList[i].equalsIgnoreCase("Existing Liability")): null

2023-01-04 14:08:09 - [TEST_STEP][PASSED] - else: Text '' is set on object 'Object Repository/RAD_RecordAndPlay/input_concatReSSN'

2023-01-04 14:08:09 - [TEST_STEP][PASSED] - setText(findTestObject(orPath_TaxPayer + "/input_lastName"), "Anderson"): Text 'Anderson' is set on object 'Object Repository/RAD_Pages/Taxpayer_Page/input_lastName'

2023-01-04 14:08:10 - [MESSAGE][PASSED] - Text 'Anderson' is set on object 'Object Repository/RAD_Pages/Taxpayer_Page/input_lastName'

2023-01-04 14:08:10 - [TEST_STEP][PASSED] - setText(findTestObject("RAD_RecordAndPlay/input_concatSSN"), "12345123400"): Text '12345123400' is set on object 'Object Repository/RAD_RecordAndPlay/input_concatSSN'

2023-01-04 14:08:10 - [MESSAGE][PASSED] - Text '12345123400' is set on object 'Object Repository/RAD_RecordAndPlay/input_concatSSN'

2023-01-04 14:08:10 - [TEST_STEP][PASSED] - setText(findTestObject("RAD_RecordAndPlay/input_concatReSSN"), ""): Text '' is set on object 'Object Repository/RAD_RecordAndPlay/input_concatReSSN'

2023-01-04 14:08:11 - [MESSAGE][PASSED] - Text '' is set on object 'Object Repository/RAD_RecordAndPlay/input_concatReSSN'

2023-01-04 14:08:11 - [TEST_STEP][PASSED] - verifyTextPresent("Please enter a valid SSN with 9 digits.", true): Text 'Please enter a valid SSN with 9 digits.' is present on page  using regular expression

2023-01-04 14:08:12 - [MESSAGE][PASSED] - Text 'Please enter a valid SSN with 9 digits.' is present on page  using regular expression

2023-01-04 14:08:12 - [TEST_STEP][PASSED] - closeBrowser(): Browser is closed

2023-01-04 14:08:13 - [MESSAGE][PASSED] - Browser is closed

2023-01-04 14:08:13 - [TEST_STEP][PASSED] - openBrowser(""): Browser is opened with url: ''

2023-01-04 14:08:13 - [MESSAGE][INFO] - Starting 'Chrome' driver

2023-01-04 14:08:13 - [MESSAGE][INFO] - User set preference: ['acceptInsecureCerts', 'true']

2023-01-04 14:08:13 - [MESSAGE][INFO] - Action delay is set to 0 milliseconds

2023-01-04 14:08:14 - [MESSAGE][PASSED] - Browser is opened with url: ''

2023-01-04 14:08:14 - [TEST_STEP][PASSED] - maximizeWindow(): Current window maximized

2023-01-04 14:08:14 - [MESSAGE][PASSED] - Current window maximized

2023-01-04 14:08:14 - [TEST_STEP][PASSED] - navigateToUrl(RADurl): Navigate to 'https://qa.velocitypayment.com/client/rad/index.html' successfully

2023-01-04 14:08:16 - [MESSAGE][PASSED] - Navigate to 'https://qa.velocitypayment.com/client/rad/index.html' successfully

2023-01-04 14:08:16 - [TEST_STEP][PASSED] - out.println("Value of taxTypeDropList : " + taxTypeDropList[i]): null

2023-01-04 14:08:16 - [TEST_STEP][PASSED] - selectOptionByLabel(findTestObject(orPath_Landing + "/dd_TaxType"), taxTypeDropList[i], false): All options with label 'Personal Income Tax' are selected in object 'Object Repository/RAD_Pages/Landing_Page/dd_TaxType' 

2023-01-04 14:08:17 - [MESSAGE][PASSED] - All options with label 'Personal Income Tax' are selected in object 'Object Repository/RAD_Pages/Landing_Page/dd_TaxType' 

2023-01-04 14:08:17 - [TEST_STEP][PASSED] - if (taxTypeDropList[i].equalsIgnoreCase("Existing Liability")): null

2023-01-04 14:08:17 - [TEST_STEP][PASSED] - else: Text '' is set on object 'Object Repository/RAD_RecordAndPlay/input_concatReSSN'

2023-01-04 14:08:17 - [TEST_STEP][PASSED] - setText(findTestObject(orPath_TaxPayer + "/input_lastName"), "Anderson"): Text 'Anderson' is set on object 'Object Repository/RAD_Pages/Taxpayer_Page/input_lastName'

2023-01-04 14:08:18 - [MESSAGE][PASSED] - Text 'Anderson' is set on object 'Object Repository/RAD_Pages/Taxpayer_Page/input_lastName'

2023-01-04 14:08:18 - [TEST_STEP][PASSED] - setText(findTestObject("RAD_RecordAndPlay/input_concatSSN"), "12345123400"): Text '12345123400' is set on object 'Object Repository/RAD_RecordAndPlay/input_concatSSN'

2023-01-04 14:08:19 - [MESSAGE][PASSED] - Text '12345123400' is set on object 'Object Repository/RAD_RecordAndPlay/input_concatSSN'

2023-01-04 14:08:19 - [TEST_STEP][PASSED] - setText(findTestObject("RAD_RecordAndPlay/input_concatReSSN"), ""): Text '' is set on object 'Object Repository/RAD_RecordAndPlay/input_concatReSSN'

2023-01-04 14:08:19 - [MESSAGE][PASSED] - Text '' is set on object 'Object Repository/RAD_RecordAndPlay/input_concatReSSN'

2023-01-04 14:08:19 - [TEST_STEP][PASSED] - verifyTextPresent("Please enter a valid SSN with 9 digits.", true): Text 'Please enter a valid SSN with 9 digits.' is present on page  using regular expression

2023-01-04 14:08:20 - [MESSAGE][PASSED] - Text 'Please enter a valid SSN with 9 digits.' is present on page  using regular expression

2023-01-04 14:08:20 - [TEST_STEP][PASSED] - closeBrowser(): Browser is closed

2023-01-04 14:08:21 - [MESSAGE][PASSED] - Browser is closed

2023-01-04 14:08:21 - [TEST_STEP][PASSED] - openBrowser(""): Browser is opened with url: ''

2023-01-04 14:08:21 - [MESSAGE][INFO] - Starting 'Chrome' driver

2023-01-04 14:08:21 - [MESSAGE][INFO] - User set preference: ['acceptInsecureCerts', 'true']

2023-01-04 14:08:21 - [MESSAGE][INFO] - Action delay is set to 0 milliseconds

2023-01-04 14:08:22 - [MESSAGE][PASSED] - Browser is opened with url: ''

2023-01-04 14:08:22 - [TEST_STEP][PASSED] - maximizeWindow(): Current window maximized

2023-01-04 14:08:22 - [MESSAGE][PASSED] - Current window maximized

2023-01-04 14:08:22 - [TEST_STEP][PASSED] - navigateToUrl(RADurl): Navigate to 'https://qa.velocitypayment.com/client/rad/index.html' successfully

2023-01-04 14:08:24 - [MESSAGE][PASSED] - Navigate to 'https://qa.velocitypayment.com/client/rad/index.html' successfully

2023-01-04 14:08:24 - [TEST_STEP][PASSED] - out.println("Value of taxTypeDropList : " + taxTypeDropList[i]): null

2023-01-04 14:08:24 - [TEST_STEP][PASSED] - selectOptionByLabel(findTestObject(orPath_Landing + "/dd_TaxType"), taxTypeDropList[i], false): All options with label 'Extension Payments' are selected in object 'Object Repository/RAD_Pages/Landing_Page/dd_TaxType' 

2023-01-04 14:08:25 - [MESSAGE][PASSED] - All options with label 'Extension Payments' are selected in object 'Object Repository/RAD_Pages/Landing_Page/dd_TaxType' 

2023-01-04 14:08:25 - [TEST_STEP][PASSED] - if (taxTypeDropList[i].equalsIgnoreCase("Existing Liability")): null

2023-01-04 14:08:25 - [TEST_STEP][PASSED] - else: Text '' is set on object 'Object Repository/RAD_RecordAndPlay/input_concatReSSN'

2023-01-04 14:08:25 - [TEST_STEP][PASSED] - setText(findTestObject(orPath_TaxPayer + "/input_lastName"), "Anderson"): Text 'Anderson' is set on object 'Object Repository/RAD_Pages/Taxpayer_Page/input_lastName'

2023-01-04 14:08:26 - [MESSAGE][PASSED] - Text 'Anderson' is set on object 'Object Repository/RAD_Pages/Taxpayer_Page/input_lastName'

2023-01-04 14:08:26 - [TEST_STEP][PASSED] - setText(findTestObject("RAD_RecordAndPlay/input_concatSSN"), "12345123400"): Text '12345123400' is set on object 'Object Repository/RAD_RecordAndPlay/input_concatSSN'

2023-01-04 14:08:26 - [MESSAGE][PASSED] - Text '12345123400' is set on object 'Object Repository/RAD_RecordAndPlay/input_concatSSN'

2023-01-04 14:08:26 - [TEST_STEP][PASSED] - setText(findTestObject("RAD_RecordAndPlay/input_concatReSSN"), ""): Text '' is set on object 'Object Repository/RAD_RecordAndPlay/input_concatReSSN'

2023-01-04 14:08:27 - [MESSAGE][PASSED] - Text '' is set on object 'Object Repository/RAD_RecordAndPlay/input_concatReSSN'

2023-01-04 14:08:27 - [TEST_STEP][PASSED] - verifyTextPresent("Please enter a valid SSN with 9 digits.", true): Text 'Please enter a valid SSN with 9 digits.' is present on page  using regular expression

2023-01-04 14:08:28 - [MESSAGE][PASSED] - Text 'Please enter a valid SSN with 9 digits.' is present on page  using regular expression

2023-01-04 14:08:28 - [TEST_STEP][PASSED] - closeBrowser(): Browser is closed

2023-01-04 14:08:29 - [MESSAGE][PASSED] - Browser is closed]]></system-out>
         <system-err><![CDATA[]]></system-err>
      </testcase>
      <testcase name="Test Cases/RAD_TestCases/Negative_TestCases/FEINmoreThan9Error" time="29.923" classname="Test Cases/RAD_TestCases/Negative_TestCases/FEINmoreThan9Error" status="PASSED">
         <system-out><![CDATA[2023-01-04 14:08:29 - [TEST_CASE][PASSED] - Test Cases/RAD_TestCases/Negative_TestCases/FEINmoreThan9Error: Test Cases/RAD_TestCases/Negative_TestCases/FEINmoreThan9Error

2023-01-04 14:08:29 - [TEST_STEP][PASSED] - orPath_Landing = "Object Repository/RAD_Pages/Landing_Page": null

2023-01-04 14:08:29 - [TEST_STEP][PASSED] - orPath_Amount = "Object Repository/RAD_Pages/PaymentAmount_Page": null

2023-01-04 14:08:29 - [TEST_STEP][PASSED] - orPath_FilingStatus = "Object Repository/RAD_Pages/FilingStatus_Page": null

2023-01-04 14:08:29 - [TEST_STEP][PASSED] - orPath_TaxPayer = "Object Repository/RAD_Pages/Taxpayer_Page": null

2023-01-04 14:08:29 - [TEST_STEP][PASSED] - orPath_TaxInfo = "Object Repository/RAD_Pages/TaxInfo_Page": null

2023-01-04 14:08:29 - [TEST_STEP][PASSED] - orPath_TaxTypeFilingYear = "Object Repository/RAD_Pages/TaxTypeFilingYear_Page": null

2023-01-04 14:08:29 - [TEST_STEP][PASSED] - taxTypeDropList = ["Estimated Tax", "Extension Payments", "Sales and Use", "Withholding Tax"]: null

2023-01-04 14:08:29 - [TEST_STEP][PASSED] - listSize = taxTypeDropList.size(): null

2023-01-04 14:08:29 - [TEST_STEP][PASSED] - println(listSize): null

2023-01-04 14:08:29 - [TEST_STEP][PASSED] - for ([i = 0, i < listSize, (i++)]): null

2023-01-04 14:08:29 - [TEST_STEP][PASSED] - openBrowser(""): Browser is opened with url: ''

2023-01-04 14:08:29 - [MESSAGE][INFO] - Starting 'Chrome' driver

2023-01-04 14:08:29 - [MESSAGE][INFO] - User set preference: ['acceptInsecureCerts', 'true']

2023-01-04 14:08:29 - [MESSAGE][INFO] - Action delay is set to 0 milliseconds

2023-01-04 14:08:30 - [MESSAGE][PASSED] - Browser is opened with url: ''

2023-01-04 14:08:30 - [TEST_STEP][PASSED] - maximizeWindow(): Current window maximized

2023-01-04 14:08:30 - [MESSAGE][PASSED] - Current window maximized

2023-01-04 14:08:30 - [TEST_STEP][PASSED] - navigateToUrl(RADurl): Navigate to 'https://qa.velocitypayment.com/client/rad/index.html' successfully

2023-01-04 14:08:32 - [MESSAGE][PASSED] - Navigate to 'https://qa.velocitypayment.com/client/rad/index.html' successfully

2023-01-04 14:08:32 - [TEST_STEP][PASSED] - out.println("Value of taxTypeDropList : " + taxTypeDropList[i]): null

2023-01-04 14:08:32 - [TEST_STEP][PASSED] - selectOptionByLabel(findTestObject(orPath_Landing + "/dd_TaxType"), taxTypeDropList[i], false): All options with label 'Estimated Tax' are selected in object 'Object Repository/RAD_Pages/Landing_Page/dd_TaxType' 

2023-01-04 14:08:33 - [MESSAGE][PASSED] - All options with label 'Estimated Tax' are selected in object 'Object Repository/RAD_Pages/Landing_Page/dd_TaxType' 

2023-01-04 14:08:33 - [TEST_STEP][PASSED] - switch (taxTypeDropList[i]): null

2023-01-04 14:08:33 - [TEST_STEP][PASSED] - case "Estimated Tax":: null

2023-01-04 14:08:33 - [TEST_STEP][PASSED] - selectOptionByLabel(findTestObject(orPath_TaxTypeFilingYear + "/select_PaymentType"), "Corporate", false): All options with label 'Corporate' are selected in object 'Object Repository/RAD_Pages/TaxTypeFilingYear_Page/select_PaymentType' 

2023-01-04 14:08:34 - [MESSAGE][PASSED] - All options with label 'Corporate' are selected in object 'Object Repository/RAD_Pages/TaxTypeFilingYear_Page/select_PaymentType' 

2023-01-04 14:08:34 - [TEST_STEP][PASSED] - setEncryptedText(findTestObject(orPath_TaxInfo + "/input_FederalEIN"), "RigbBhfdqOBDK95asqKeHw=="): Text ****** has been set on object 'Object Repository/RAD_Pages/TaxInfo_Page/input_FederalEIN'

2023-01-04 14:08:34 - [MESSAGE][PASSED] - Text ****** has been set on object 'Object Repository/RAD_Pages/TaxInfo_Page/input_FederalEIN'

2023-01-04 14:08:34 - [TEST_STEP][PASSED] - setEncryptedText(findTestObject(orPath_TaxInfo + "/input_FederalEIN_ReEnter"), ""): Text ****** has been set on object 'Object Repository/RAD_Pages/TaxInfo_Page/input_FederalEIN_ReEnter'

2023-01-04 14:08:35 - [MESSAGE][PASSED] - Text ****** has been set on object 'Object Repository/RAD_Pages/TaxInfo_Page/input_FederalEIN_ReEnter'

2023-01-04 14:08:35 - [TEST_STEP][PASSED] - verifyTextPresent("Please enter a valid FEIN with 9 digits.", true): Text 'Please enter a valid FEIN with 9 digits.' is present on page  using regular expression

2023-01-04 14:08:36 - [MESSAGE][PASSED] - Text 'Please enter a valid FEIN with 9 digits.' is present on page  using regular expression

2023-01-04 14:08:36 - [TEST_STEP][PASSED] - closeBrowser(): Browser is closed

2023-01-04 14:08:37 - [MESSAGE][PASSED] - Browser is closed

2023-01-04 14:08:37 - [TEST_STEP][PASSED] - break: null

2023-01-04 14:08:37 - [TEST_STEP][PASSED] - openBrowser(""): Browser is opened with url: ''

2023-01-04 14:08:37 - [MESSAGE][INFO] - Starting 'Chrome' driver

2023-01-04 14:08:37 - [MESSAGE][INFO] - User set preference: ['acceptInsecureCerts', 'true']

2023-01-04 14:08:37 - [MESSAGE][INFO] - Action delay is set to 0 milliseconds

2023-01-04 14:08:38 - [MESSAGE][PASSED] - Browser is opened with url: ''

2023-01-04 14:08:38 - [TEST_STEP][PASSED] - maximizeWindow(): Current window maximized

2023-01-04 14:08:38 - [MESSAGE][PASSED] - Current window maximized

2023-01-04 14:08:38 - [TEST_STEP][PASSED] - navigateToUrl(RADurl): Navigate to 'https://qa.velocitypayment.com/client/rad/index.html' successfully

2023-01-04 14:08:40 - [MESSAGE][PASSED] - Navigate to 'https://qa.velocitypayment.com/client/rad/index.html' successfully

2023-01-04 14:08:40 - [TEST_STEP][PASSED] - out.println("Value of taxTypeDropList : " + taxTypeDropList[i]): null

2023-01-04 14:08:40 - [TEST_STEP][PASSED] - selectOptionByLabel(findTestObject(orPath_Landing + "/dd_TaxType"), taxTypeDropList[i], false): All options with label 'Extension Payments' are selected in object 'Object Repository/RAD_Pages/Landing_Page/dd_TaxType' 

2023-01-04 14:08:41 - [MESSAGE][PASSED] - All options with label 'Extension Payments' are selected in object 'Object Repository/RAD_Pages/Landing_Page/dd_TaxType' 

2023-01-04 14:08:41 - [TEST_STEP][PASSED] - switch (taxTypeDropList[i]): null

2023-01-04 14:08:41 - [TEST_STEP][PASSED] - case "Extension Payments":: null

2023-01-04 14:08:41 - [TEST_STEP][PASSED] - selectOptionByLabel(findTestObject(orPath_TaxTypeFilingYear + "/select_PaymentType"), "Corporate", false): All options with label 'Corporate' are selected in object 'Object Repository/RAD_Pages/TaxTypeFilingYear_Page/select_PaymentType' 

2023-01-04 14:08:42 - [MESSAGE][PASSED] - All options with label 'Corporate' are selected in object 'Object Repository/RAD_Pages/TaxTypeFilingYear_Page/select_PaymentType' 

2023-01-04 14:08:42 - [TEST_STEP][PASSED] - setEncryptedText(findTestObject(orPath_TaxInfo + "/input_FederalEIN"), "RigbBhfdqOBDK95asqKeHw=="): Text ****** has been set on object 'Object Repository/RAD_Pages/TaxInfo_Page/input_FederalEIN'

2023-01-04 14:08:42 - [MESSAGE][PASSED] - Text ****** has been set on object 'Object Repository/RAD_Pages/TaxInfo_Page/input_FederalEIN'

2023-01-04 14:08:42 - [TEST_STEP][PASSED] - setEncryptedText(findTestObject(orPath_TaxInfo + "/input_FederalEIN_ReEnter"), ""): Text ****** has been set on object 'Object Repository/RAD_Pages/TaxInfo_Page/input_FederalEIN_ReEnter'

2023-01-04 14:08:43 - [MESSAGE][PASSED] - Text ****** has been set on object 'Object Repository/RAD_Pages/TaxInfo_Page/input_FederalEIN_ReEnter'

2023-01-04 14:08:43 - [TEST_STEP][PASSED] - verifyTextPresent("Please enter a valid FEIN with 9 digits.", true): Text 'Please enter a valid FEIN with 9 digits.' is present on page  using regular expression

2023-01-04 14:08:44 - [MESSAGE][PASSED] - Text 'Please enter a valid FEIN with 9 digits.' is present on page  using regular expression

2023-01-04 14:08:44 - [TEST_STEP][PASSED] - closeBrowser(): Browser is closed

2023-01-04 14:08:45 - [MESSAGE][PASSED] - Browser is closed

2023-01-04 14:08:45 - [TEST_STEP][PASSED] - break: null

2023-01-04 14:08:45 - [TEST_STEP][PASSED] - openBrowser(""): Browser is opened with url: ''

2023-01-04 14:08:45 - [MESSAGE][INFO] - Starting 'Chrome' driver

2023-01-04 14:08:45 - [MESSAGE][INFO] - User set preference: ['acceptInsecureCerts', 'true']

2023-01-04 14:08:45 - [MESSAGE][INFO] - Action delay is set to 0 milliseconds

2023-01-04 14:08:46 - [MESSAGE][PASSED] - Browser is opened with url: ''

2023-01-04 14:08:46 - [TEST_STEP][PASSED] - maximizeWindow(): Current window maximized

2023-01-04 14:08:46 - [MESSAGE][PASSED] - Current window maximized

2023-01-04 14:08:46 - [TEST_STEP][PASSED] - navigateToUrl(RADurl): Navigate to 'https://qa.velocitypayment.com/client/rad/index.html' successfully

2023-01-04 14:08:48 - [MESSAGE][PASSED] - Navigate to 'https://qa.velocitypayment.com/client/rad/index.html' successfully

2023-01-04 14:08:48 - [TEST_STEP][PASSED] - out.println("Value of taxTypeDropList : " + taxTypeDropList[i]): null

2023-01-04 14:08:48 - [TEST_STEP][PASSED] - selectOptionByLabel(findTestObject(orPath_Landing + "/dd_TaxType"), taxTypeDropList[i], false): All options with label 'Sales and Use' are selected in object 'Object Repository/RAD_Pages/Landing_Page/dd_TaxType' 

2023-01-04 14:08:49 - [MESSAGE][PASSED] - All options with label 'Sales and Use' are selected in object 'Object Repository/RAD_Pages/Landing_Page/dd_TaxType' 

2023-01-04 14:08:49 - [TEST_STEP][PASSED] - switch (taxTypeDropList[i]): null

2023-01-04 14:08:49 - [TEST_STEP][PASSED] - case "Sales and Use":: null

2023-01-04 14:08:49 - [TEST_STEP][PASSED] - setEncryptedText(findTestObject(orPath_TaxInfo + "/input_FederalEIN"), "RigbBhfdqOBDK95asqKeHw=="): Text ****** has been set on object 'Object Repository/RAD_Pages/TaxInfo_Page/input_FederalEIN'

2023-01-04 14:08:50 - [MESSAGE][PASSED] - Text ****** has been set on object 'Object Repository/RAD_Pages/TaxInfo_Page/input_FederalEIN'

2023-01-04 14:08:50 - [TEST_STEP][PASSED] - setEncryptedText(findTestObject(orPath_TaxInfo + "/input_FederalEIN_ReEnter"), ""): Text ****** has been set on object 'Object Repository/RAD_Pages/TaxInfo_Page/input_FederalEIN_ReEnter'

2023-01-04 14:08:50 - [MESSAGE][PASSED] - Text ****** has been set on object 'Object Repository/RAD_Pages/TaxInfo_Page/input_FederalEIN_ReEnter'

2023-01-04 14:08:50 - [TEST_STEP][PASSED] - verifyTextPresent("Please enter a valid FEIN with 9 digits.", true): Text 'Please enter a valid FEIN with 9 digits.' is present on page  using regular expression

2023-01-04 14:08:51 - [MESSAGE][PASSED] - Text 'Please enter a valid FEIN with 9 digits.' is present on page  using regular expression

2023-01-04 14:08:51 - [TEST_STEP][PASSED] - closeBrowser(): Browser is closed

2023-01-04 14:08:52 - [MESSAGE][PASSED] - Browser is closed

2023-01-04 14:08:52 - [TEST_STEP][PASSED] - break: null

2023-01-04 14:08:52 - [TEST_STEP][PASSED] - openBrowser(""): Browser is opened with url: ''

2023-01-04 14:08:52 - [MESSAGE][INFO] - Starting 'Chrome' driver

2023-01-04 14:08:52 - [MESSAGE][INFO] - User set preference: ['acceptInsecureCerts', 'true']

2023-01-04 14:08:52 - [MESSAGE][INFO] - Action delay is set to 0 milliseconds

2023-01-04 14:08:53 - [MESSAGE][PASSED] - Browser is opened with url: ''

2023-01-04 14:08:53 - [TEST_STEP][PASSED] - maximizeWindow(): Current window maximized

2023-01-04 14:08:53 - [MESSAGE][PASSED] - Current window maximized

2023-01-04 14:08:53 - [TEST_STEP][PASSED] - navigateToUrl(RADurl): Navigate to 'https://qa.velocitypayment.com/client/rad/index.html' successfully

2023-01-04 14:08:55 - [MESSAGE][PASSED] - Navigate to 'https://qa.velocitypayment.com/client/rad/index.html' successfully

2023-01-04 14:08:55 - [TEST_STEP][PASSED] - out.println("Value of taxTypeDropList : " + taxTypeDropList[i]): null

2023-01-04 14:08:55 - [TEST_STEP][PASSED] - selectOptionByLabel(findTestObject(orPath_Landing + "/dd_TaxType"), taxTypeDropList[i], false): All options with label 'Withholding Tax' are selected in object 'Object Repository/RAD_Pages/Landing_Page/dd_TaxType' 

2023-01-04 14:08:56 - [MESSAGE][PASSED] - All options with label 'Withholding Tax' are selected in object 'Object Repository/RAD_Pages/Landing_Page/dd_TaxType' 

2023-01-04 14:08:56 - [TEST_STEP][PASSED] - switch (taxTypeDropList[i]): null

2023-01-04 14:08:56 - [TEST_STEP][PASSED] - case "Withholding Tax":: null

2023-01-04 14:08:56 - [TEST_STEP][PASSED] - setEncryptedText(findTestObject(orPath_TaxInfo + "/input_FederalEIN"), "RigbBhfdqOBDK95asqKeHw=="): Text ****** has been set on object 'Object Repository/RAD_Pages/TaxInfo_Page/input_FederalEIN'

2023-01-04 14:08:56 - [MESSAGE][PASSED] - Text ****** has been set on object 'Object Repository/RAD_Pages/TaxInfo_Page/input_FederalEIN'

2023-01-04 14:08:56 - [TEST_STEP][PASSED] - setEncryptedText(findTestObject(orPath_TaxInfo + "/input_FederalEIN_ReEnter"), ""): Text ****** has been set on object 'Object Repository/RAD_Pages/TaxInfo_Page/input_FederalEIN_ReEnter'

2023-01-04 14:08:57 - [MESSAGE][PASSED] - Text ****** has been set on object 'Object Repository/RAD_Pages/TaxInfo_Page/input_FederalEIN_ReEnter'

2023-01-04 14:08:57 - [TEST_STEP][PASSED] - verifyTextPresent("Please enter a valid FEIN with 9 digits.", true): Text 'Please enter a valid FEIN with 9 digits.' is present on page  using regular expression

2023-01-04 14:08:58 - [MESSAGE][PASSED] - Text 'Please enter a valid FEIN with 9 digits.' is present on page  using regular expression

2023-01-04 14:08:58 - [TEST_STEP][PASSED] - closeBrowser(): Browser is closed

2023-01-04 14:08:59 - [MESSAGE][PASSED] - Browser is closed

2023-01-04 14:08:59 - [TEST_STEP][PASSED] - break: null]]></system-out>
         <system-err><![CDATA[]]></system-err>
      </testcase>
      <testcase name="Test Cases/RAD_TestCases/Negative_TestCases/EL-NumberValidation" time="148.324" classname="Test Cases/RAD_TestCases/Negative_TestCases/EL-NumberValidation" status="PASSED">
         <system-out><![CDATA[2023-01-04 14:08:59 - [TEST_CASE][PASSED] - Test Cases/RAD_TestCases/Negative_TestCases/EL-NumberValidation: Test Cases/RAD_TestCases/Negative_TestCases/EL-NumberValidation

2023-01-04 14:08:59 - [TEST_STEP][PASSED] - resText = "Fail": null

2023-01-04 14:08:59 - [TEST_STEP][PASSED] - resColumn = "Result": null

2023-01-04 14:08:59 - [TEST_STEP][PASSED] - datCloumn = "Date": null

2023-01-04 14:08:59 - [TEST_STEP][PASSED] - fileLoc = "KatalonData/RADTestData/EL-NumberValidation.xlsx": null

2023-01-04 14:08:59 - [TEST_STEP][PASSED] - nameSheet = "NumberError": null

2023-01-04 14:08:59 - [TEST_STEP][PASSED] - dataFile = "RADTestData/EL-NumberValidation": null

2023-01-04 14:08:59 - [TEST_STEP][PASSED] - ExecuteTC = <not implemented yet for class: org.codehaus.groovy.ast.expr.EmptyExpression>: null

2023-01-04 14:08:59 - [TEST_STEP][PASSED] - Taxtype = <not implemented yet for class: org.codehaus.groovy.ast.expr.EmptyExpression>: null

2023-01-04 14:08:59 - [TEST_STEP][PASSED] - TaxTypeEL = <not implemented yet for class: org.codehaus.groovy.ast.expr.EmptyExpression>: null

2023-01-04 14:08:59 - [TEST_STEP][PASSED] - notInvNumber = <not implemented yet for class: org.codehaus.groovy.ast.expr.EmptyExpression>: null

2023-01-04 14:08:59 - [TEST_STEP][PASSED] - errorMsg = <not implemented yet for class: org.codehaus.groovy.ast.expr.EmptyExpression>: null

2023-01-04 14:08:59 - [TEST_STEP][PASSED] - numOfRows = findTestData(dataFile).getRowNumbers(): null

2023-01-04 14:08:59 - [TEST_STEP][PASSED] - println("Number of Records: " + numOfRows): null

2023-01-04 14:08:59 - [TEST_STEP][PASSED] - for ([row = 1, row <= numOfRows, (row++)]): null

2023-01-04 14:08:59 - [TEST_STEP][PASSED] - ExecuteTC = findTestData(dataFile).getValue("Execute", row): null

2023-01-04 14:08:59 - [TEST_STEP][PASSED] - Taxtype = findTestData(dataFile).getValue("TaxType", row): null

2023-01-04 14:08:59 - [TEST_STEP][PASSED] - TaxTypeEL = findTestData(dataFile).getValue("TaxTypeEL", row): null

2023-01-04 14:08:59 - [TEST_STEP][PASSED] - notInvNumber = findTestData(dataFile).getValue("NotiInvoNumber", row): null

2023-01-04 14:08:59 - [TEST_STEP][PASSED] - errorMsg = findTestData(dataFile).getValue("ErrorMessage", row): null

2023-01-04 14:08:59 - [TEST_STEP][PASSED] - out.println("Value of Execute is : " + ExecuteTC): null

2023-01-04 14:08:59 - [TEST_STEP][PASSED] - if (ExecuteTC.equalsIgnoreCase("Y")): null

2023-01-04 14:08:59 - [TEST_STEP][PASSED] - out.println("Begin Record Number: " + row): null

2023-01-04 14:08:59 - [TEST_STEP][PASSED] - today = new java.util.Date(): null

2023-01-04 14:08:59 - [TEST_STEP][PASSED] - println(today): null

2023-01-04 14:08:59 - [TEST_STEP][PASSED] - datText = today: null

2023-01-04 14:08:59 - [TEST_STEP][PASSED] - Taxtype = findTestData(dataFile).getValue("TaxType", row): null

2023-01-04 14:08:59 - [TEST_STEP][PASSED] - out.println("Taxtype value is : " + Taxtype): null

2023-01-04 14:08:59 - [TEST_STEP][PASSED] - openBrowser(""): Browser is opened with url: ''

2023-01-04 14:08:59 - [MESSAGE][INFO] - Starting 'Chrome' driver

2023-01-04 14:08:59 - [MESSAGE][INFO] - User set preference: ['acceptInsecureCerts', 'true']

2023-01-04 14:08:59 - [MESSAGE][INFO] - Action delay is set to 0 milliseconds

2023-01-04 14:09:01 - [MESSAGE][PASSED] - Browser is opened with url: ''

2023-01-04 14:09:01 - [TEST_STEP][PASSED] - maximizeWindow(): Current window maximized

2023-01-04 14:09:01 - [MESSAGE][PASSED] - Current window maximized

2023-01-04 14:09:01 - [TEST_STEP][PASSED] - navigateToUrl(RADurl): Navigate to 'https://qa.velocitypayment.com/client/rad/index.html' successfully

2023-01-04 14:09:03 - [MESSAGE][PASSED] - Navigate to 'https://qa.velocitypayment.com/client/rad/index.html' successfully

2023-01-04 14:09:03 - [TEST_STEP][PASSED] - orPath_Landing = "Object Repository/RAD_Pages/Landing_Page": null

2023-01-04 14:09:03 - [TEST_STEP][PASSED] - orPath_TaxTypeFilingYear = "Object Repository/RAD_Pages/TaxTypeFilingYear_Page": null

2023-01-04 14:09:03 - [TEST_STEP][PASSED] - orPath_TaxPayer = "Object Repository/RAD_Pages/Taxpayer_Page": null

2023-01-04 14:09:03 - [TEST_STEP][PASSED] - orPath_AddressContact = "Object Repository/RAD_Pages/AddressAndContactInfo_Page": null

2023-01-04 14:09:03 - [TEST_STEP][PASSED] - orPath_FilingStatus = "Object Repository/RAD_Pages/FilingStatus_Page": null

2023-01-04 14:09:03 - [TEST_STEP][PASSED] - orPath_Amount = "Object Repository/RAD_Pages/PaymentAmount_Page": null

2023-01-04 14:09:03 - [TEST_STEP][PASSED] - orPath_TaxInfo = "Object Repository/RAD_Pages/TaxInfo_Page": null

2023-01-04 14:09:03 - [TEST_STEP][PASSED] - orPath_Withholding = "Object Repository/RAD_Pages/Withholding_Page": null

2023-01-04 14:09:03 - [TEST_STEP][PASSED] - orPath_Summary = "Object Repository/RAD_Pages/Summary_Page": null

2023-01-04 14:09:03 - [TEST_STEP][PASSED] - orPath_PaymentReady = "Object Repository/RAD_Pages/PaymentReady_Page": null

2023-01-04 14:09:03 - [TEST_STEP][PASSED] - orPath_PaymentEntry = "Object Repository/RAD_Pages/PaymentEntry_Page": null

2023-01-04 14:09:03 - [TEST_STEP][PASSED] - orPath_PaymentConfirmation = "Object Repository/RAD_Pages/PaymentConfirmation_Page": null

2023-01-04 14:09:03 - [TEST_STEP][PASSED] - orPath_ServiceFeesAccept = "Object Repository/RAD_Pages/ServiceFeeAccept_Page": null

2023-01-04 14:09:03 - [TEST_STEP][PASSED] - selectOptionByLabel(findTestObject(orPath_Landing + "/dd_TaxType"), Taxtype, false): All options with label 'Existing Liability' are selected in object 'Object Repository/RAD_Pages/Landing_Page/dd_TaxType' 

2023-01-04 14:09:03 - [MESSAGE][PASSED] - All options with label 'Existing Liability' are selected in object 'Object Repository/RAD_Pages/Landing_Page/dd_TaxType' 

2023-01-04 14:09:03 - [TEST_STEP][PASSED] - delay(1): Delayed 1 second(s)

2023-01-04 14:09:04 - [MESSAGE][PASSED] - Delayed 1 second(s)

2023-01-04 14:09:04 - [TEST_STEP][PASSED] - selectOptionByLabel(findTestObject(orPath_TaxTypeFilingYear + "/select_TaxType_ExistingLiability"), TaxTypeEL, false): All options with label 'Bay Restoration Fund Tax' are selected in object 'Object Repository/RAD_Pages/TaxTypeFilingYear_Page/select_TaxType_ExistingLiability' 

2023-01-04 14:09:05 - [MESSAGE][PASSED] - All options with label 'Bay Restoration Fund Tax' are selected in object 'Object Repository/RAD_Pages/TaxTypeFilingYear_Page/select_TaxType_ExistingLiability' 

2023-01-04 14:09:05 - [TEST_STEP][PASSED] - setText(findTestObject(orPath_TaxInfo + "/input_NoticeInvoiceNumber"), notInvNumber): Text '123456789' is set on object 'Object Repository/RAD_Pages/TaxInfo_Page/input_NoticeInvoiceNumber'

2023-01-04 14:09:06 - [MESSAGE][PASSED] - Text '123456789' is set on object 'Object Repository/RAD_Pages/TaxInfo_Page/input_NoticeInvoiceNumber'

2023-01-04 14:09:06 - [TEST_STEP][PASSED] - setText(findTestObject(orPath_TaxInfo + "/input_reTypeNoticeInvoiceNumber"), notInvNumber): Text '123456789' is set on object 'Object Repository/RAD_Pages/TaxInfo_Page/input_reTypeNoticeInvoiceNumber'

2023-01-04 14:09:07 - [MESSAGE][PASSED] - Text '123456789' is set on object 'Object Repository/RAD_Pages/TaxInfo_Page/input_reTypeNoticeInvoiceNumber'

2023-01-04 14:09:07 - [TEST_STEP][PASSED] - println(notInvNumber): null

2023-01-04 14:09:07 - [TEST_STEP][PASSED] - if (verifyTextPresent(errorMsg, true)): null

2023-01-04 14:09:08 - [MESSAGE][PASSED] - Text 'Notice number length has to be 13 numeric characters' is present on page  using regular expression

2023-01-04 14:09:08 - [TEST_STEP][PASSED] - println("Error Message is present on the page"): null

2023-01-04 14:09:08 - [TEST_STEP][PASSED] - out.println("Pass Record Number: " + row): null

2023-01-04 14:09:08 - [TEST_STEP][PASSED] - resText = "Pass": null

2023-01-04 14:09:08 - [TEST_STEP][PASSED] - pages.WriteExcel.demoKey(resText, datText, resColumn, datCloumn, fileLoc, nameSheet, row): pages.WriteExcel.demoKey is PASSED

2023-01-04 14:09:08 - [MESSAGE][PASSED] - pages.WriteExcel.demoKey is PASSED

2023-01-04 14:09:08 - [TEST_STEP][PASSED] - ExecuteTC = findTestData(dataFile).getValue("Execute", row): null

2023-01-04 14:09:08 - [TEST_STEP][PASSED] - Taxtype = findTestData(dataFile).getValue("TaxType", row): null

2023-01-04 14:09:08 - [TEST_STEP][PASSED] - TaxTypeEL = findTestData(dataFile).getValue("TaxTypeEL", row): null

2023-01-04 14:09:08 - [TEST_STEP][PASSED] - notInvNumber = findTestData(dataFile).getValue("NotiInvoNumber", row): null

2023-01-04 14:09:08 - [TEST_STEP][PASSED] - errorMsg = findTestData(dataFile).getValue("ErrorMessage", row): null

2023-01-04 14:09:08 - [TEST_STEP][PASSED] - out.println("Value of Execute is : " + ExecuteTC): null

2023-01-04 14:09:08 - [TEST_STEP][PASSED] - if (ExecuteTC.equalsIgnoreCase("Y")): null

2023-01-04 14:09:08 - [TEST_STEP][PASSED] - out.println("Begin Record Number: " + row): null

2023-01-04 14:09:08 - [TEST_STEP][PASSED] - today = new java.util.Date(): null

2023-01-04 14:09:08 - [TEST_STEP][PASSED] - println(today): null

2023-01-04 14:09:08 - [TEST_STEP][PASSED] - datText = today: null

2023-01-04 14:09:08 - [TEST_STEP][PASSED] - Taxtype = findTestData(dataFile).getValue("TaxType", row): null

2023-01-04 14:09:08 - [TEST_STEP][PASSED] - out.println("Taxtype value is : " + Taxtype): null

2023-01-04 14:09:08 - [TEST_STEP][PASSED] - openBrowser(""): Browser is opened with url: ''

2023-01-04 14:09:08 - [MESSAGE][WARNING] - A browser is already opened. Closing browser and opening a new one

2023-01-04 14:09:09 - [MESSAGE][INFO] - Starting 'Chrome' driver

2023-01-04 14:09:09 - [MESSAGE][INFO] - User set preference: ['acceptInsecureCerts', 'true']

2023-01-04 14:09:09 - [MESSAGE][INFO] - Action delay is set to 0 milliseconds

2023-01-04 14:09:11 - [MESSAGE][PASSED] - Browser is opened with url: ''

2023-01-04 14:09:11 - [TEST_STEP][PASSED] - maximizeWindow(): Current window maximized

2023-01-04 14:09:11 - [MESSAGE][PASSED] - Current window maximized

2023-01-04 14:09:11 - [TEST_STEP][PASSED] - navigateToUrl(RADurl): Navigate to 'https://qa.velocitypayment.com/client/rad/index.html' successfully

2023-01-04 14:09:12 - [MESSAGE][PASSED] - Navigate to 'https://qa.velocitypayment.com/client/rad/index.html' successfully

2023-01-04 14:09:12 - [TEST_STEP][PASSED] - orPath_Landing = "Object Repository/RAD_Pages/Landing_Page": null

2023-01-04 14:09:12 - [TEST_STEP][PASSED] - orPath_TaxTypeFilingYear = "Object Repository/RAD_Pages/TaxTypeFilingYear_Page": null

2023-01-04 14:09:12 - [TEST_STEP][PASSED] - orPath_TaxPayer = "Object Repository/RAD_Pages/Taxpayer_Page": null

2023-01-04 14:09:12 - [TEST_STEP][PASSED] - orPath_AddressContact = "Object Repository/RAD_Pages/AddressAndContactInfo_Page": null

2023-01-04 14:09:12 - [TEST_STEP][PASSED] - orPath_FilingStatus = "Object Repository/RAD_Pages/FilingStatus_Page": null

2023-01-04 14:09:12 - [TEST_STEP][PASSED] - orPath_Amount = "Object Repository/RAD_Pages/PaymentAmount_Page": null

2023-01-04 14:09:12 - [TEST_STEP][PASSED] - orPath_TaxInfo = "Object Repository/RAD_Pages/TaxInfo_Page": null

2023-01-04 14:09:12 - [TEST_STEP][PASSED] - orPath_Withholding = "Object Repository/RAD_Pages/Withholding_Page": null

2023-01-04 14:09:12 - [TEST_STEP][PASSED] - orPath_Summary = "Object Repository/RAD_Pages/Summary_Page": null

2023-01-04 14:09:12 - [TEST_STEP][PASSED] - orPath_PaymentReady = "Object Repository/RAD_Pages/PaymentReady_Page": null

2023-01-04 14:09:12 - [TEST_STEP][PASSED] - orPath_PaymentEntry = "Object Repository/RAD_Pages/PaymentEntry_Page": null

2023-01-04 14:09:12 - [TEST_STEP][PASSED] - orPath_PaymentConfirmation = "Object Repository/RAD_Pages/PaymentConfirmation_Page": null

2023-01-04 14:09:12 - [TEST_STEP][PASSED] - orPath_ServiceFeesAccept = "Object Repository/RAD_Pages/ServiceFeeAccept_Page": null

2023-01-04 14:09:12 - [TEST_STEP][PASSED] - selectOptionByLabel(findTestObject(orPath_Landing + "/dd_TaxType"), Taxtype, false): All options with label 'Existing Liability' are selected in object 'Object Repository/RAD_Pages/Landing_Page/dd_TaxType' 

2023-01-04 14:09:13 - [MESSAGE][PASSED] - All options with label 'Existing Liability' are selected in object 'Object Repository/RAD_Pages/Landing_Page/dd_TaxType' 

2023-01-04 14:09:13 - [TEST_STEP][PASSED] - delay(1): Delayed 1 second(s)

2023-01-04 14:09:14 - [MESSAGE][PASSED] - Delayed 1 second(s)

2023-01-04 14:09:14 - [TEST_STEP][PASSED] - selectOptionByLabel(findTestObject(orPath_TaxTypeFilingYear + "/select_TaxType_ExistingLiability"), TaxTypeEL, false): All options with label 'CORP Tax' are selected in object 'Object Repository/RAD_Pages/TaxTypeFilingYear_Page/select_TaxType_ExistingLiability' 

2023-01-04 14:09:15 - [MESSAGE][PASSED] - All options with label 'CORP Tax' are selected in object 'Object Repository/RAD_Pages/TaxTypeFilingYear_Page/select_TaxType_ExistingLiability' 

2023-01-04 14:09:15 - [TEST_STEP][PASSED] - setText(findTestObject(orPath_TaxInfo + "/input_NoticeInvoiceNumber"), notInvNumber): Text '123456789' is set on object 'Object Repository/RAD_Pages/TaxInfo_Page/input_NoticeInvoiceNumber'

2023-01-04 14:09:16 - [MESSAGE][PASSED] - Text '123456789' is set on object 'Object Repository/RAD_Pages/TaxInfo_Page/input_NoticeInvoiceNumber'

2023-01-04 14:09:16 - [TEST_STEP][PASSED] - setText(findTestObject(orPath_TaxInfo + "/input_reTypeNoticeInvoiceNumber"), notInvNumber): Text '123456789' is set on object 'Object Repository/RAD_Pages/TaxInfo_Page/input_reTypeNoticeInvoiceNumber'

2023-01-04 14:09:17 - [MESSAGE][PASSED] - Text '123456789' is set on object 'Object Repository/RAD_Pages/TaxInfo_Page/input_reTypeNoticeInvoiceNumber'

2023-01-04 14:09:17 - [TEST_STEP][PASSED] - println(notInvNumber): null

2023-01-04 14:09:17 - [TEST_STEP][PASSED] - if (verifyTextPresent(errorMsg, true)): null

2023-01-04 14:09:18 - [MESSAGE][PASSED] - Text 'Invoice number length has to be 10 or 13 numeric characters' is present on page  using regular expression

2023-01-04 14:09:18 - [TEST_STEP][PASSED] - println("Error Message is present on the page"): null

2023-01-04 14:09:18 - [TEST_STEP][PASSED] - out.println("Pass Record Number: " + row): null

2023-01-04 14:09:18 - [TEST_STEP][PASSED] - resText = "Pass": null

2023-01-04 14:09:18 - [TEST_STEP][PASSED] - pages.WriteExcel.demoKey(resText, datText, resColumn, datCloumn, fileLoc, nameSheet, row): pages.WriteExcel.demoKey is PASSED

2023-01-04 14:09:18 - [MESSAGE][PASSED] - pages.WriteExcel.demoKey is PASSED

2023-01-04 14:09:18 - [TEST_STEP][PASSED] - ExecuteTC = findTestData(dataFile).getValue("Execute", row): null

2023-01-04 14:09:18 - [TEST_STEP][PASSED] - Taxtype = findTestData(dataFile).getValue("TaxType", row): null

2023-01-04 14:09:18 - [TEST_STEP][PASSED] - TaxTypeEL = findTestData(dataFile).getValue("TaxTypeEL", row): null

2023-01-04 14:09:18 - [TEST_STEP][PASSED] - notInvNumber = findTestData(dataFile).getValue("NotiInvoNumber", row): null

2023-01-04 14:09:18 - [TEST_STEP][PASSED] - errorMsg = findTestData(dataFile).getValue("ErrorMessage", row): null

2023-01-04 14:09:18 - [TEST_STEP][PASSED] - out.println("Value of Execute is : " + ExecuteTC): null

2023-01-04 14:09:18 - [TEST_STEP][PASSED] - if (ExecuteTC.equalsIgnoreCase("Y")): null

2023-01-04 14:09:18 - [TEST_STEP][PASSED] - out.println("Begin Record Number: " + row): null

2023-01-04 14:09:18 - [TEST_STEP][PASSED] - today = new java.util.Date(): null

2023-01-04 14:09:18 - [TEST_STEP][PASSED] - println(today): null

2023-01-04 14:09:18 - [TEST_STEP][PASSED] - datText = today: null

2023-01-04 14:09:18 - [TEST_STEP][PASSED] - Taxtype = findTestData(dataFile).getValue("TaxType", row): null

2023-01-04 14:09:18 - [TEST_STEP][PASSED] - out.println("Taxtype value is : " + Taxtype): null

2023-01-04 14:09:18 - [TEST_STEP][PASSED] - openBrowser(""): Browser is opened with url: ''

2023-01-04 14:09:18 - [MESSAGE][WARNING] - A browser is already opened. Closing browser and opening a new one

2023-01-04 14:09:19 - [MESSAGE][INFO] - Starting 'Chrome' driver

2023-01-04 14:09:19 - [MESSAGE][INFO] - User set preference: ['acceptInsecureCerts', 'true']

2023-01-04 14:09:19 - [MESSAGE][INFO] - Action delay is set to 0 milliseconds

2023-01-04 14:09:20 - [MESSAGE][PASSED] - Browser is opened with url: ''

2023-01-04 14:09:20 - [TEST_STEP][PASSED] - maximizeWindow(): Current window maximized

2023-01-04 14:09:21 - [MESSAGE][PASSED] - Current window maximized

2023-01-04 14:09:21 - [TEST_STEP][PASSED] - navigateToUrl(RADurl): Navigate to 'https://qa.velocitypayment.com/client/rad/index.html' successfully

2023-01-04 14:09:22 - [MESSAGE][PASSED] - Navigate to 'https://qa.velocitypayment.com/client/rad/index.html' successfully

2023-01-04 14:09:22 - [TEST_STEP][PASSED] - orPath_Landing = "Object Repository/RAD_Pages/Landing_Page": null

2023-01-04 14:09:22 - [TEST_STEP][PASSED] - orPath_TaxTypeFilingYear = "Object Repository/RAD_Pages/TaxTypeFilingYear_Page": null

2023-01-04 14:09:22 - [TEST_STEP][PASSED] - orPath_TaxPayer = "Object Repository/RAD_Pages/Taxpayer_Page": null

2023-01-04 14:09:22 - [TEST_STEP][PASSED] - orPath_AddressContact = "Object Repository/RAD_Pages/AddressAndContactInfo_Page": null

2023-01-04 14:09:22 - [TEST_STEP][PASSED] - orPath_FilingStatus = "Object Repository/RAD_Pages/FilingStatus_Page": null

2023-01-04 14:09:22 - [TEST_STEP][PASSED] - orPath_Amount = "Object Repository/RAD_Pages/PaymentAmount_Page": null

2023-01-04 14:09:22 - [TEST_STEP][PASSED] - orPath_TaxInfo = "Object Repository/RAD_Pages/TaxInfo_Page": null

2023-01-04 14:09:22 - [TEST_STEP][PASSED] - orPath_Withholding = "Object Repository/RAD_Pages/Withholding_Page": null

2023-01-04 14:09:22 - [TEST_STEP][PASSED] - orPath_Summary = "Object Repository/RAD_Pages/Summary_Page": null

2023-01-04 14:09:22 - [TEST_STEP][PASSED] - orPath_PaymentReady = "Object Repository/RAD_Pages/PaymentReady_Page": null

2023-01-04 14:09:22 - [TEST_STEP][PASSED] - orPath_PaymentEntry = "Object Repository/RAD_Pages/PaymentEntry_Page": null

2023-01-04 14:09:22 - [TEST_STEP][PASSED] - orPath_PaymentConfirmation = "Object Repository/RAD_Pages/PaymentConfirmation_Page": null

2023-01-04 14:09:22 - [TEST_STEP][PASSED] - orPath_ServiceFeesAccept = "Object Repository/RAD_Pages/ServiceFeeAccept_Page": null

2023-01-04 14:09:22 - [TEST_STEP][PASSED] - selectOptionByLabel(findTestObject(orPath_Landing + "/dd_TaxType"), Taxtype, false): All options with label 'Existing Liability' are selected in object 'Object Repository/RAD_Pages/Landing_Page/dd_TaxType' 

2023-01-04 14:09:23 - [MESSAGE][PASSED] - All options with label 'Existing Liability' are selected in object 'Object Repository/RAD_Pages/Landing_Page/dd_TaxType' 

2023-01-04 14:09:23 - [TEST_STEP][PASSED] - delay(1): Delayed 1 second(s)

2023-01-04 14:09:24 - [MESSAGE][PASSED] - Delayed 1 second(s)

2023-01-04 14:09:24 - [TEST_STEP][PASSED] - selectOptionByLabel(findTestObject(orPath_TaxTypeFilingYear + "/select_TaxType_ExistingLiability"), TaxTypeEL, false): All options with label 'CORP Tax' are selected in object 'Object Repository/RAD_Pages/TaxTypeFilingYear_Page/select_TaxType_ExistingLiability' 

2023-01-04 14:09:25 - [MESSAGE][PASSED] - All options with label 'CORP Tax' are selected in object 'Object Repository/RAD_Pages/TaxTypeFilingYear_Page/select_TaxType_ExistingLiability' 

2023-01-04 14:09:25 - [TEST_STEP][PASSED] - setText(findTestObject(orPath_TaxInfo + "/input_NoticeInvoiceNumber"), notInvNumber): Text '12345678901' is set on object 'Object Repository/RAD_Pages/TaxInfo_Page/input_NoticeInvoiceNumber'

2023-01-04 14:09:26 - [MESSAGE][PASSED] - Text '12345678901' is set on object 'Object Repository/RAD_Pages/TaxInfo_Page/input_NoticeInvoiceNumber'

2023-01-04 14:09:26 - [TEST_STEP][PASSED] - setText(findTestObject(orPath_TaxInfo + "/input_reTypeNoticeInvoiceNumber"), notInvNumber): Text '12345678901' is set on object 'Object Repository/RAD_Pages/TaxInfo_Page/input_reTypeNoticeInvoiceNumber'

2023-01-04 14:09:27 - [MESSAGE][PASSED] - Text '12345678901' is set on object 'Object Repository/RAD_Pages/TaxInfo_Page/input_reTypeNoticeInvoiceNumber'

2023-01-04 14:09:27 - [TEST_STEP][PASSED] - println(notInvNumber): null

2023-01-04 14:09:27 - [TEST_STEP][PASSED] - if (verifyTextPresent(errorMsg, true)): null

2023-01-04 14:09:27 - [MESSAGE][PASSED] - Text 'Invoice number length has to be 10 or 13 numeric characters' is present on page  using regular expression

2023-01-04 14:09:27 - [TEST_STEP][PASSED] - println("Error Message is present on the page"): null

2023-01-04 14:09:27 - [TEST_STEP][PASSED] - out.println("Pass Record Number: " + row): null

2023-01-04 14:09:27 - [TEST_STEP][PASSED] - resText = "Pass": null

2023-01-04 14:09:27 - [TEST_STEP][PASSED] - pages.WriteExcel.demoKey(resText, datText, resColumn, datCloumn, fileLoc, nameSheet, row): pages.WriteExcel.demoKey is PASSED

2023-01-04 14:09:27 - [MESSAGE][PASSED] - pages.WriteExcel.demoKey is PASSED

2023-01-04 14:09:27 - [TEST_STEP][PASSED] - ExecuteTC = findTestData(dataFile).getValue("Execute", row): null

2023-01-04 14:09:27 - [TEST_STEP][PASSED] - Taxtype = findTestData(dataFile).getValue("TaxType", row): null

2023-01-04 14:09:27 - [TEST_STEP][PASSED] - TaxTypeEL = findTestData(dataFile).getValue("TaxTypeEL", row): null

2023-01-04 14:09:28 - [TEST_STEP][PASSED] - notInvNumber = findTestData(dataFile).getValue("NotiInvoNumber", row): null

2023-01-04 14:09:28 - [TEST_STEP][PASSED] - errorMsg = findTestData(dataFile).getValue("ErrorMessage", row): null

2023-01-04 14:09:28 - [TEST_STEP][PASSED] - out.println("Value of Execute is : " + ExecuteTC): null

2023-01-04 14:09:28 - [TEST_STEP][PASSED] - if (ExecuteTC.equalsIgnoreCase("Y")): null

2023-01-04 14:09:28 - [TEST_STEP][PASSED] - out.println("Begin Record Number: " + row): null

2023-01-04 14:09:28 - [TEST_STEP][PASSED] - today = new java.util.Date(): null

2023-01-04 14:09:28 - [TEST_STEP][PASSED] - println(today): null

2023-01-04 14:09:28 - [TEST_STEP][PASSED] - datText = today: null

2023-01-04 14:09:28 - [TEST_STEP][PASSED] - Taxtype = findTestData(dataFile).getValue("TaxType", row): null

2023-01-04 14:09:28 - [TEST_STEP][PASSED] - out.println("Taxtype value is : " + Taxtype): null

2023-01-04 14:09:28 - [TEST_STEP][PASSED] - openBrowser(""): Browser is opened with url: ''

2023-01-04 14:09:28 - [MESSAGE][WARNING] - A browser is already opened. Closing browser and opening a new one

2023-01-04 14:09:29 - [MESSAGE][INFO] - Starting 'Chrome' driver

2023-01-04 14:09:29 - [MESSAGE][INFO] - User set preference: ['acceptInsecureCerts', 'true']

2023-01-04 14:09:29 - [MESSAGE][INFO] - Action delay is set to 0 milliseconds

2023-01-04 14:09:30 - [MESSAGE][PASSED] - Browser is opened with url: ''

2023-01-04 14:09:30 - [TEST_STEP][PASSED] - maximizeWindow(): Current window maximized

2023-01-04 14:09:30 - [MESSAGE][PASSED] - Current window maximized

2023-01-04 14:09:30 - [TEST_STEP][PASSED] - navigateToUrl(RADurl): Navigate to 'https://qa.velocitypayment.com/client/rad/index.html' successfully

2023-01-04 14:09:32 - [MESSAGE][PASSED] - Navigate to 'https://qa.velocitypayment.com/client/rad/index.html' successfully

2023-01-04 14:09:32 - [TEST_STEP][PASSED] - orPath_Landing = "Object Repository/RAD_Pages/Landing_Page": null

2023-01-04 14:09:32 - [TEST_STEP][PASSED] - orPath_TaxTypeFilingYear = "Object Repository/RAD_Pages/TaxTypeFilingYear_Page": null

2023-01-04 14:09:32 - [TEST_STEP][PASSED] - orPath_TaxPayer = "Object Repository/RAD_Pages/Taxpayer_Page": null

2023-01-04 14:09:32 - [TEST_STEP][PASSED] - orPath_AddressContact = "Object Repository/RAD_Pages/AddressAndContactInfo_Page": null

2023-01-04 14:09:32 - [TEST_STEP][PASSED] - orPath_FilingStatus = "Object Repository/RAD_Pages/FilingStatus_Page": null

2023-01-04 14:09:32 - [TEST_STEP][PASSED] - orPath_Amount = "Object Repository/RAD_Pages/PaymentAmount_Page": null

2023-01-04 14:09:32 - [TEST_STEP][PASSED] - orPath_TaxInfo = "Object Repository/RAD_Pages/TaxInfo_Page": null

2023-01-04 14:09:32 - [TEST_STEP][PASSED] - orPath_Withholding = "Object Repository/RAD_Pages/Withholding_Page": null

2023-01-04 14:09:32 - [TEST_STEP][PASSED] - orPath_Summary = "Object Repository/RAD_Pages/Summary_Page": null

2023-01-04 14:09:32 - [TEST_STEP][PASSED] - orPath_PaymentReady = "Object Repository/RAD_Pages/PaymentReady_Page": null

2023-01-04 14:09:32 - [TEST_STEP][PASSED] - orPath_PaymentEntry = "Object Repository/RAD_Pages/PaymentEntry_Page": null

2023-01-04 14:09:32 - [TEST_STEP][PASSED] - orPath_PaymentConfirmation = "Object Repository/RAD_Pages/PaymentConfirmation_Page": null

2023-01-04 14:09:32 - [TEST_STEP][PASSED] - orPath_ServiceFeesAccept = "Object Repository/RAD_Pages/ServiceFeeAccept_Page": null

2023-01-04 14:09:32 - [TEST_STEP][PASSED] - selectOptionByLabel(findTestObject(orPath_Landing + "/dd_TaxType"), Taxtype, false): All options with label 'Existing Liability' are selected in object 'Object Repository/RAD_Pages/Landing_Page/dd_TaxType' 

2023-01-04 14:09:33 - [MESSAGE][PASSED] - All options with label 'Existing Liability' are selected in object 'Object Repository/RAD_Pages/Landing_Page/dd_TaxType' 

2023-01-04 14:09:33 - [TEST_STEP][PASSED] - delay(1): Delayed 1 second(s)

2023-01-04 14:09:34 - [MESSAGE][PASSED] - Delayed 1 second(s)

2023-01-04 14:09:34 - [TEST_STEP][PASSED] - selectOptionByLabel(findTestObject(orPath_TaxTypeFilingYear + "/select_TaxType_ExistingLiability"), TaxTypeEL, false): All options with label 'CORP Tax' are selected in object 'Object Repository/RAD_Pages/TaxTypeFilingYear_Page/select_TaxType_ExistingLiability' 

2023-01-04 14:09:34 - [MESSAGE][PASSED] - All options with label 'CORP Tax' are selected in object 'Object Repository/RAD_Pages/TaxTypeFilingYear_Page/select_TaxType_ExistingLiability' 

2023-01-04 14:09:34 - [TEST_STEP][PASSED] - setText(findTestObject(orPath_TaxInfo + "/input_NoticeInvoiceNumber"), notInvNumber): Text '123456789012' is set on object 'Object Repository/RAD_Pages/TaxInfo_Page/input_NoticeInvoiceNumber'

2023-01-04 14:09:36 - [MESSAGE][PASSED] - Text '123456789012' is set on object 'Object Repository/RAD_Pages/TaxInfo_Page/input_NoticeInvoiceNumber'

2023-01-04 14:09:36 - [TEST_STEP][PASSED] - setText(findTestObject(orPath_TaxInfo + "/input_reTypeNoticeInvoiceNumber"), notInvNumber): Text '123456789012' is set on object 'Object Repository/RAD_Pages/TaxInfo_Page/input_reTypeNoticeInvoiceNumber'

2023-01-04 14:09:36 - [MESSAGE][PASSED] - Text '123456789012' is set on object 'Object Repository/RAD_Pages/TaxInfo_Page/input_reTypeNoticeInvoiceNumber'

2023-01-04 14:09:36 - [TEST_STEP][PASSED] - println(notInvNumber): null

2023-01-04 14:09:36 - [TEST_STEP][PASSED] - if (verifyTextPresent(errorMsg, true)): null

2023-01-04 14:09:37 - [MESSAGE][PASSED] - Text 'Invoice number length has to be 10 or 13 numeric characters' is present on page  using regular expression

2023-01-04 14:09:37 - [TEST_STEP][PASSED] - println("Error Message is present on the page"): null

2023-01-04 14:09:37 - [TEST_STEP][PASSED] - out.println("Pass Record Number: " + row): null

2023-01-04 14:09:37 - [TEST_STEP][PASSED] - resText = "Pass": null

2023-01-04 14:09:37 - [TEST_STEP][PASSED] - pages.WriteExcel.demoKey(resText, datText, resColumn, datCloumn, fileLoc, nameSheet, row): pages.WriteExcel.demoKey is PASSED

2023-01-04 14:09:37 - [MESSAGE][PASSED] - pages.WriteExcel.demoKey is PASSED

2023-01-04 14:09:37 - [TEST_STEP][PASSED] - ExecuteTC = findTestData(dataFile).getValue("Execute", row): null

2023-01-04 14:09:37 - [TEST_STEP][PASSED] - Taxtype = findTestData(dataFile).getValue("TaxType", row): null

2023-01-04 14:09:37 - [TEST_STEP][PASSED] - TaxTypeEL = findTestData(dataFile).getValue("TaxTypeEL", row): null

2023-01-04 14:09:37 - [TEST_STEP][PASSED] - notInvNumber = findTestData(dataFile).getValue("NotiInvoNumber", row): null

2023-01-04 14:09:37 - [TEST_STEP][PASSED] - errorMsg = findTestData(dataFile).getValue("ErrorMessage", row): null

2023-01-04 14:09:37 - [TEST_STEP][PASSED] - out.println("Value of Execute is : " + ExecuteTC): null

2023-01-04 14:09:37 - [TEST_STEP][PASSED] - if (ExecuteTC.equalsIgnoreCase("Y")): null

2023-01-04 14:09:37 - [TEST_STEP][PASSED] - out.println("Begin Record Number: " + row): null

2023-01-04 14:09:37 - [TEST_STEP][PASSED] - today = new java.util.Date(): null

2023-01-04 14:09:37 - [TEST_STEP][PASSED] - println(today): null

2023-01-04 14:09:37 - [TEST_STEP][PASSED] - datText = today: null

2023-01-04 14:09:37 - [TEST_STEP][PASSED] - Taxtype = findTestData(dataFile).getValue("TaxType", row): null

2023-01-04 14:09:37 - [TEST_STEP][PASSED] - out.println("Taxtype value is : " + Taxtype): null

2023-01-04 14:09:37 - [TEST_STEP][PASSED] - openBrowser(""): Browser is opened with url: ''

2023-01-04 14:09:37 - [MESSAGE][WARNING] - A browser is already opened. Closing browser and opening a new one

2023-01-04 14:09:38 - [MESSAGE][INFO] - Starting 'Chrome' driver

2023-01-04 14:09:38 - [MESSAGE][INFO] - User set preference: ['acceptInsecureCerts', 'true']

2023-01-04 14:09:38 - [MESSAGE][INFO] - Action delay is set to 0 milliseconds

2023-01-04 14:09:40 - [MESSAGE][PASSED] - Browser is opened with url: ''

2023-01-04 14:09:40 - [TEST_STEP][PASSED] - maximizeWindow(): Current window maximized

2023-01-04 14:09:40 - [MESSAGE][PASSED] - Current window maximized

2023-01-04 14:09:40 - [TEST_STEP][PASSED] - navigateToUrl(RADurl): Navigate to 'https://qa.velocitypayment.com/client/rad/index.html' successfully

2023-01-04 14:09:42 - [MESSAGE][PASSED] - Navigate to 'https://qa.velocitypayment.com/client/rad/index.html' successfully

2023-01-04 14:09:42 - [TEST_STEP][PASSED] - orPath_Landing = "Object Repository/RAD_Pages/Landing_Page": null

2023-01-04 14:09:42 - [TEST_STEP][PASSED] - orPath_TaxTypeFilingYear = "Object Repository/RAD_Pages/TaxTypeFilingYear_Page": null

2023-01-04 14:09:42 - [TEST_STEP][PASSED] - orPath_TaxPayer = "Object Repository/RAD_Pages/Taxpayer_Page": null

2023-01-04 14:09:42 - [TEST_STEP][PASSED] - orPath_AddressContact = "Object Repository/RAD_Pages/AddressAndContactInfo_Page": null

2023-01-04 14:09:42 - [TEST_STEP][PASSED] - orPath_FilingStatus = "Object Repository/RAD_Pages/FilingStatus_Page": null

2023-01-04 14:09:42 - [TEST_STEP][PASSED] - orPath_Amount = "Object Repository/RAD_Pages/PaymentAmount_Page": null

2023-01-04 14:09:42 - [TEST_STEP][PASSED] - orPath_TaxInfo = "Object Repository/RAD_Pages/TaxInfo_Page": null

2023-01-04 14:09:42 - [TEST_STEP][PASSED] - orPath_Withholding = "Object Repository/RAD_Pages/Withholding_Page": null

2023-01-04 14:09:42 - [TEST_STEP][PASSED] - orPath_Summary = "Object Repository/RAD_Pages/Summary_Page": null

2023-01-04 14:09:42 - [TEST_STEP][PASSED] - orPath_PaymentReady = "Object Repository/RAD_Pages/PaymentReady_Page": null

2023-01-04 14:09:42 - [TEST_STEP][PASSED] - orPath_PaymentEntry = "Object Repository/RAD_Pages/PaymentEntry_Page": null

2023-01-04 14:09:42 - [TEST_STEP][PASSED] - orPath_PaymentConfirmation = "Object Repository/RAD_Pages/PaymentConfirmation_Page": null

2023-01-04 14:09:42 - [TEST_STEP][PASSED] - orPath_ServiceFeesAccept = "Object Repository/RAD_Pages/ServiceFeeAccept_Page": null

2023-01-04 14:09:42 - [TEST_STEP][PASSED] - selectOptionByLabel(findTestObject(orPath_Landing + "/dd_TaxType"), Taxtype, false): All options with label 'Existing Liability' are selected in object 'Object Repository/RAD_Pages/Landing_Page/dd_TaxType' 

2023-01-04 14:09:43 - [MESSAGE][PASSED] - All options with label 'Existing Liability' are selected in object 'Object Repository/RAD_Pages/Landing_Page/dd_TaxType' 

2023-01-04 14:09:43 - [TEST_STEP][PASSED] - delay(1): Delayed 1 second(s)

2023-01-04 14:09:44 - [MESSAGE][PASSED] - Delayed 1 second(s)

2023-01-04 14:09:44 - [TEST_STEP][PASSED] - selectOptionByLabel(findTestObject(orPath_TaxTypeFilingYear + "/select_TaxType_ExistingLiability"), TaxTypeEL, false): All options with label 'Fiduciary Tax' are selected in object 'Object Repository/RAD_Pages/TaxTypeFilingYear_Page/select_TaxType_ExistingLiability' 

2023-01-04 14:09:44 - [MESSAGE][PASSED] - All options with label 'Fiduciary Tax' are selected in object 'Object Repository/RAD_Pages/TaxTypeFilingYear_Page/select_TaxType_ExistingLiability' 

2023-01-04 14:09:44 - [TEST_STEP][PASSED] - setText(findTestObject(orPath_TaxInfo + "/input_NoticeInvoiceNumber"), notInvNumber): Text '123456789' is set on object 'Object Repository/RAD_Pages/TaxInfo_Page/input_NoticeInvoiceNumber'

2023-01-04 14:09:46 - [MESSAGE][PASSED] - Text '123456789' is set on object 'Object Repository/RAD_Pages/TaxInfo_Page/input_NoticeInvoiceNumber'

2023-01-04 14:09:46 - [TEST_STEP][PASSED] - setText(findTestObject(orPath_TaxInfo + "/input_reTypeNoticeInvoiceNumber"), notInvNumber): Text '123456789' is set on object 'Object Repository/RAD_Pages/TaxInfo_Page/input_reTypeNoticeInvoiceNumber'

2023-01-04 14:09:47 - [MESSAGE][PASSED] - Text '123456789' is set on object 'Object Repository/RAD_Pages/TaxInfo_Page/input_reTypeNoticeInvoiceNumber'

2023-01-04 14:09:47 - [TEST_STEP][PASSED] - println(notInvNumber): null

2023-01-04 14:09:47 - [TEST_STEP][PASSED] - if (verifyTextPresent(errorMsg, true)): null

2023-01-04 14:09:47 - [MESSAGE][PASSED] - Text 'Notice number length has to be 13 numeric characters' is present on page  using regular expression

2023-01-04 14:09:47 - [TEST_STEP][PASSED] - println("Error Message is present on the page"): null

2023-01-04 14:09:47 - [TEST_STEP][PASSED] - out.println("Pass Record Number: " + row): null

2023-01-04 14:09:47 - [TEST_STEP][PASSED] - resText = "Pass": null

2023-01-04 14:09:47 - [TEST_STEP][PASSED] - pages.WriteExcel.demoKey(resText, datText, resColumn, datCloumn, fileLoc, nameSheet, row): pages.WriteExcel.demoKey is PASSED

2023-01-04 14:09:47 - [MESSAGE][PASSED] - pages.WriteExcel.demoKey is PASSED

2023-01-04 14:09:47 - [TEST_STEP][PASSED] - ExecuteTC = findTestData(dataFile).getValue("Execute", row): null

2023-01-04 14:09:47 - [TEST_STEP][PASSED] - Taxtype = findTestData(dataFile).getValue("TaxType", row): null

2023-01-04 14:09:47 - [TEST_STEP][PASSED] - TaxTypeEL = findTestData(dataFile).getValue("TaxTypeEL", row): null

2023-01-04 14:09:47 - [TEST_STEP][PASSED] - notInvNumber = findTestData(dataFile).getValue("NotiInvoNumber", row): null

2023-01-04 14:09:48 - [TEST_STEP][PASSED] - errorMsg = findTestData(dataFile).getValue("ErrorMessage", row): null

2023-01-04 14:09:48 - [TEST_STEP][PASSED] - out.println("Value of Execute is : " + ExecuteTC): null

2023-01-04 14:09:48 - [TEST_STEP][PASSED] - if (ExecuteTC.equalsIgnoreCase("Y")): null

2023-01-04 14:09:48 - [TEST_STEP][PASSED] - out.println("Begin Record Number: " + row): null

2023-01-04 14:09:48 - [TEST_STEP][PASSED] - today = new java.util.Date(): null

2023-01-04 14:09:48 - [TEST_STEP][PASSED] - println(today): null

2023-01-04 14:09:48 - [TEST_STEP][PASSED] - datText = today: null

2023-01-04 14:09:48 - [TEST_STEP][PASSED] - Taxtype = findTestData(dataFile).getValue("TaxType", row): null

2023-01-04 14:09:48 - [TEST_STEP][PASSED] - out.println("Taxtype value is : " + Taxtype): null

2023-01-04 14:09:48 - [TEST_STEP][PASSED] - openBrowser(""): Browser is opened with url: ''

2023-01-04 14:09:48 - [MESSAGE][WARNING] - A browser is already opened. Closing browser and opening a new one

2023-01-04 14:09:49 - [MESSAGE][INFO] - Starting 'Chrome' driver

2023-01-04 14:09:49 - [MESSAGE][INFO] - User set preference: ['acceptInsecureCerts', 'true']

2023-01-04 14:09:49 - [MESSAGE][INFO] - Action delay is set to 0 milliseconds

2023-01-04 14:09:50 - [MESSAGE][PASSED] - Browser is opened with url: ''

2023-01-04 14:09:50 - [TEST_STEP][PASSED] - maximizeWindow(): Current window maximized

2023-01-04 14:09:50 - [MESSAGE][PASSED] - Current window maximized

2023-01-04 14:09:50 - [TEST_STEP][PASSED] - navigateToUrl(RADurl): Navigate to 'https://qa.velocitypayment.com/client/rad/index.html' successfully

2023-01-04 14:09:52 - [MESSAGE][PASSED] - Navigate to 'https://qa.velocitypayment.com/client/rad/index.html' successfully

2023-01-04 14:09:52 - [TEST_STEP][PASSED] - orPath_Landing = "Object Repository/RAD_Pages/Landing_Page": null

2023-01-04 14:09:52 - [TEST_STEP][PASSED] - orPath_TaxTypeFilingYear = "Object Repository/RAD_Pages/TaxTypeFilingYear_Page": null

2023-01-04 14:09:52 - [TEST_STEP][PASSED] - orPath_TaxPayer = "Object Repository/RAD_Pages/Taxpayer_Page": null

2023-01-04 14:09:52 - [TEST_STEP][PASSED] - orPath_AddressContact = "Object Repository/RAD_Pages/AddressAndContactInfo_Page": null

2023-01-04 14:09:52 - [TEST_STEP][PASSED] - orPath_FilingStatus = "Object Repository/RAD_Pages/FilingStatus_Page": null

2023-01-04 14:09:52 - [TEST_STEP][PASSED] - orPath_Amount = "Object Repository/RAD_Pages/PaymentAmount_Page": null

2023-01-04 14:09:52 - [TEST_STEP][PASSED] - orPath_TaxInfo = "Object Repository/RAD_Pages/TaxInfo_Page": null

2023-01-04 14:09:52 - [TEST_STEP][PASSED] - orPath_Withholding = "Object Repository/RAD_Pages/Withholding_Page": null

2023-01-04 14:09:52 - [TEST_STEP][PASSED] - orPath_Summary = "Object Repository/RAD_Pages/Summary_Page": null

2023-01-04 14:09:52 - [TEST_STEP][PASSED] - orPath_PaymentReady = "Object Repository/RAD_Pages/PaymentReady_Page": null

2023-01-04 14:09:52 - [TEST_STEP][PASSED] - orPath_PaymentEntry = "Object Repository/RAD_Pages/PaymentEntry_Page": null

2023-01-04 14:09:52 - [TEST_STEP][PASSED] - orPath_PaymentConfirmation = "Object Repository/RAD_Pages/PaymentConfirmation_Page": null

2023-01-04 14:09:52 - [TEST_STEP][PASSED] - orPath_ServiceFeesAccept = "Object Repository/RAD_Pages/ServiceFeeAccept_Page": null

2023-01-04 14:09:52 - [TEST_STEP][PASSED] - selectOptionByLabel(findTestObject(orPath_Landing + "/dd_TaxType"), Taxtype, false): All options with label 'Existing Liability' are selected in object 'Object Repository/RAD_Pages/Landing_Page/dd_TaxType' 

2023-01-04 14:09:53 - [MESSAGE][PASSED] - All options with label 'Existing Liability' are selected in object 'Object Repository/RAD_Pages/Landing_Page/dd_TaxType' 

2023-01-04 14:09:53 - [TEST_STEP][PASSED] - delay(1): Delayed 1 second(s)

2023-01-04 14:09:54 - [MESSAGE][PASSED] - Delayed 1 second(s)

2023-01-04 14:09:54 - [TEST_STEP][PASSED] - selectOptionByLabel(findTestObject(orPath_TaxTypeFilingYear + "/select_TaxType_ExistingLiability"), TaxTypeEL, false): All options with label 'Personal Tax' are selected in object 'Object Repository/RAD_Pages/TaxTypeFilingYear_Page/select_TaxType_ExistingLiability' 

2023-01-04 14:09:54 - [MESSAGE][PASSED] - All options with label 'Personal Tax' are selected in object 'Object Repository/RAD_Pages/TaxTypeFilingYear_Page/select_TaxType_ExistingLiability' 

2023-01-04 14:09:54 - [TEST_STEP][PASSED] - setText(findTestObject(orPath_TaxInfo + "/input_NoticeInvoiceNumber"), notInvNumber): Text '123456789' is set on object 'Object Repository/RAD_Pages/TaxInfo_Page/input_NoticeInvoiceNumber'

2023-01-04 14:09:56 - [MESSAGE][PASSED] - Text '123456789' is set on object 'Object Repository/RAD_Pages/TaxInfo_Page/input_NoticeInvoiceNumber'

2023-01-04 14:09:56 - [TEST_STEP][PASSED] - setText(findTestObject(orPath_TaxInfo + "/input_reTypeNoticeInvoiceNumber"), notInvNumber): Text '123456789' is set on object 'Object Repository/RAD_Pages/TaxInfo_Page/input_reTypeNoticeInvoiceNumber'

2023-01-04 14:09:57 - [MESSAGE][PASSED] - Text '123456789' is set on object 'Object Repository/RAD_Pages/TaxInfo_Page/input_reTypeNoticeInvoiceNumber'

2023-01-04 14:09:57 - [TEST_STEP][PASSED] - println(notInvNumber): null

2023-01-04 14:09:57 - [TEST_STEP][PASSED] - if (verifyTextPresent(errorMsg, true)): null

2023-01-04 14:09:57 - [MESSAGE][PASSED] - Text 'Notice number length has to be 13 numeric characters' is present on page  using regular expression

2023-01-04 14:09:57 - [TEST_STEP][PASSED] - println("Error Message is present on the page"): null

2023-01-04 14:09:57 - [TEST_STEP][PASSED] - out.println("Pass Record Number: " + row): null

2023-01-04 14:09:57 - [TEST_STEP][PASSED] - resText = "Pass": null

2023-01-04 14:09:57 - [TEST_STEP][PASSED] - pages.WriteExcel.demoKey(resText, datText, resColumn, datCloumn, fileLoc, nameSheet, row): pages.WriteExcel.demoKey is PASSED

2023-01-04 14:09:57 - [MESSAGE][PASSED] - pages.WriteExcel.demoKey is PASSED

2023-01-04 14:09:57 - [TEST_STEP][PASSED] - ExecuteTC = findTestData(dataFile).getValue("Execute", row): null

2023-01-04 14:09:57 - [TEST_STEP][PASSED] - Taxtype = findTestData(dataFile).getValue("TaxType", row): null

2023-01-04 14:09:57 - [TEST_STEP][PASSED] - TaxTypeEL = findTestData(dataFile).getValue("TaxTypeEL", row): null

2023-01-04 14:09:57 - [TEST_STEP][PASSED] - notInvNumber = findTestData(dataFile).getValue("NotiInvoNumber", row): null

2023-01-04 14:09:57 - [TEST_STEP][PASSED] - errorMsg = findTestData(dataFile).getValue("ErrorMessage", row): null

2023-01-04 14:09:57 - [TEST_STEP][PASSED] - out.println("Value of Execute is : " + ExecuteTC): null

2023-01-04 14:09:57 - [TEST_STEP][PASSED] - if (ExecuteTC.equalsIgnoreCase("Y")): null

2023-01-04 14:09:57 - [TEST_STEP][PASSED] - out.println("Begin Record Number: " + row): null

2023-01-04 14:09:57 - [TEST_STEP][PASSED] - today = new java.util.Date(): null

2023-01-04 14:09:57 - [TEST_STEP][PASSED] - println(today): null

2023-01-04 14:09:57 - [TEST_STEP][PASSED] - datText = today: null

2023-01-04 14:09:57 - [TEST_STEP][PASSED] - Taxtype = findTestData(dataFile).getValue("TaxType", row): null

2023-01-04 14:09:57 - [TEST_STEP][PASSED] - out.println("Taxtype value is : " + Taxtype): null

2023-01-04 14:09:57 - [TEST_STEP][PASSED] - openBrowser(""): Browser is opened with url: ''

2023-01-04 14:09:57 - [MESSAGE][WARNING] - A browser is already opened. Closing browser and opening a new one

2023-01-04 14:09:58 - [MESSAGE][INFO] - Starting 'Chrome' driver

2023-01-04 14:09:58 - [MESSAGE][INFO] - User set preference: ['acceptInsecureCerts', 'true']

2023-01-04 14:09:58 - [MESSAGE][INFO] - Action delay is set to 0 milliseconds

2023-01-04 14:10:00 - [MESSAGE][PASSED] - Browser is opened with url: ''

2023-01-04 14:10:00 - [TEST_STEP][PASSED] - maximizeWindow(): Current window maximized

2023-01-04 14:10:00 - [MESSAGE][PASSED] - Current window maximized

2023-01-04 14:10:00 - [TEST_STEP][PASSED] - navigateToUrl(RADurl): Navigate to 'https://qa.velocitypayment.com/client/rad/index.html' successfully

2023-01-04 14:10:02 - [MESSAGE][PASSED] - Navigate to 'https://qa.velocitypayment.com/client/rad/index.html' successfully

2023-01-04 14:10:02 - [TEST_STEP][PASSED] - orPath_Landing = "Object Repository/RAD_Pages/Landing_Page": null

2023-01-04 14:10:02 - [TEST_STEP][PASSED] - orPath_TaxTypeFilingYear = "Object Repository/RAD_Pages/TaxTypeFilingYear_Page": null

2023-01-04 14:10:02 - [TEST_STEP][PASSED] - orPath_TaxPayer = "Object Repository/RAD_Pages/Taxpayer_Page": null

2023-01-04 14:10:02 - [TEST_STEP][PASSED] - orPath_AddressContact = "Object Repository/RAD_Pages/AddressAndContactInfo_Page": null

2023-01-04 14:10:02 - [TEST_STEP][PASSED] - orPath_FilingStatus = "Object Repository/RAD_Pages/FilingStatus_Page": null

2023-01-04 14:10:02 - [TEST_STEP][PASSED] - orPath_Amount = "Object Repository/RAD_Pages/PaymentAmount_Page": null

2023-01-04 14:10:02 - [TEST_STEP][PASSED] - orPath_TaxInfo = "Object Repository/RAD_Pages/TaxInfo_Page": null

2023-01-04 14:10:02 - [TEST_STEP][PASSED] - orPath_Withholding = "Object Repository/RAD_Pages/Withholding_Page": null

2023-01-04 14:10:02 - [TEST_STEP][PASSED] - orPath_Summary = "Object Repository/RAD_Pages/Summary_Page": null

2023-01-04 14:10:02 - [TEST_STEP][PASSED] - orPath_PaymentReady = "Object Repository/RAD_Pages/PaymentReady_Page": null

2023-01-04 14:10:02 - [TEST_STEP][PASSED] - orPath_PaymentEntry = "Object Repository/RAD_Pages/PaymentEntry_Page": null

2023-01-04 14:10:02 - [TEST_STEP][PASSED] - orPath_PaymentConfirmation = "Object Repository/RAD_Pages/PaymentConfirmation_Page": null

2023-01-04 14:10:02 - [TEST_STEP][PASSED] - orPath_ServiceFeesAccept = "Object Repository/RAD_Pages/ServiceFeeAccept_Page": null

2023-01-04 14:10:02 - [TEST_STEP][PASSED] - selectOptionByLabel(findTestObject(orPath_Landing + "/dd_TaxType"), Taxtype, false): All options with label 'Existing Liability' are selected in object 'Object Repository/RAD_Pages/Landing_Page/dd_TaxType' 

2023-01-04 14:10:03 - [MESSAGE][PASSED] - All options with label 'Existing Liability' are selected in object 'Object Repository/RAD_Pages/Landing_Page/dd_TaxType' 

2023-01-04 14:10:03 - [TEST_STEP][PASSED] - delay(1): Delayed 1 second(s)

2023-01-04 14:10:04 - [MESSAGE][PASSED] - Delayed 1 second(s)

2023-01-04 14:10:04 - [TEST_STEP][PASSED] - selectOptionByLabel(findTestObject(orPath_TaxTypeFilingYear + "/select_TaxType_ExistingLiability"), TaxTypeEL, false): All options with label 'PTE Tax (Partnership)' are selected in object 'Object Repository/RAD_Pages/TaxTypeFilingYear_Page/select_TaxType_ExistingLiability' 

2023-01-04 14:10:05 - [MESSAGE][PASSED] - All options with label 'PTE Tax (Partnership)' are selected in object 'Object Repository/RAD_Pages/TaxTypeFilingYear_Page/select_TaxType_ExistingLiability' 

2023-01-04 14:10:05 - [TEST_STEP][PASSED] - setText(findTestObject(orPath_TaxInfo + "/input_NoticeInvoiceNumber"), notInvNumber): Text '123456789' is set on object 'Object Repository/RAD_Pages/TaxInfo_Page/input_NoticeInvoiceNumber'

2023-01-04 14:10:06 - [MESSAGE][PASSED] - Text '123456789' is set on object 'Object Repository/RAD_Pages/TaxInfo_Page/input_NoticeInvoiceNumber'

2023-01-04 14:10:06 - [TEST_STEP][PASSED] - setText(findTestObject(orPath_TaxInfo + "/input_reTypeNoticeInvoiceNumber"), notInvNumber): Text '123456789' is set on object 'Object Repository/RAD_Pages/TaxInfo_Page/input_reTypeNoticeInvoiceNumber'

2023-01-04 14:10:07 - [MESSAGE][PASSED] - Text '123456789' is set on object 'Object Repository/RAD_Pages/TaxInfo_Page/input_reTypeNoticeInvoiceNumber'

2023-01-04 14:10:07 - [TEST_STEP][PASSED] - println(notInvNumber): null

2023-01-04 14:10:07 - [TEST_STEP][PASSED] - if (verifyTextPresent(errorMsg, true)): null

2023-01-04 14:10:07 - [MESSAGE][PASSED] - Text 'Notice number length has to be 13 numeric characters' is present on page  using regular expression

2023-01-04 14:10:07 - [TEST_STEP][PASSED] - println("Error Message is present on the page"): null

2023-01-04 14:10:07 - [TEST_STEP][PASSED] - out.println("Pass Record Number: " + row): null

2023-01-04 14:10:07 - [TEST_STEP][PASSED] - resText = "Pass": null

2023-01-04 14:10:07 - [TEST_STEP][PASSED] - pages.WriteExcel.demoKey(resText, datText, resColumn, datCloumn, fileLoc, nameSheet, row): pages.WriteExcel.demoKey is PASSED

2023-01-04 14:10:08 - [MESSAGE][PASSED] - pages.WriteExcel.demoKey is PASSED

2023-01-04 14:10:08 - [TEST_STEP][PASSED] - ExecuteTC = findTestData(dataFile).getValue("Execute", row): null

2023-01-04 14:10:08 - [TEST_STEP][PASSED] - Taxtype = findTestData(dataFile).getValue("TaxType", row): null

2023-01-04 14:10:08 - [TEST_STEP][PASSED] - TaxTypeEL = findTestData(dataFile).getValue("TaxTypeEL", row): null

2023-01-04 14:10:08 - [TEST_STEP][PASSED] - notInvNumber = findTestData(dataFile).getValue("NotiInvoNumber", row): null

2023-01-04 14:10:08 - [TEST_STEP][PASSED] - errorMsg = findTestData(dataFile).getValue("ErrorMessage", row): null

2023-01-04 14:10:08 - [TEST_STEP][PASSED] - out.println("Value of Execute is : " + ExecuteTC): null

2023-01-04 14:10:08 - [TEST_STEP][PASSED] - if (ExecuteTC.equalsIgnoreCase("Y")): null

2023-01-04 14:10:08 - [TEST_STEP][PASSED] - out.println("Begin Record Number: " + row): null

2023-01-04 14:10:08 - [TEST_STEP][PASSED] - today = new java.util.Date(): null

2023-01-04 14:10:08 - [TEST_STEP][PASSED] - println(today): null

2023-01-04 14:10:08 - [TEST_STEP][PASSED] - datText = today: null

2023-01-04 14:10:08 - [TEST_STEP][PASSED] - Taxtype = findTestData(dataFile).getValue("TaxType", row): null

2023-01-04 14:10:08 - [TEST_STEP][PASSED] - out.println("Taxtype value is : " + Taxtype): null

2023-01-04 14:10:08 - [TEST_STEP][PASSED] - openBrowser(""): Browser is opened with url: ''

2023-01-04 14:10:08 - [MESSAGE][WARNING] - A browser is already opened. Closing browser and opening a new one

2023-01-04 14:10:09 - [MESSAGE][INFO] - Starting 'Chrome' driver

2023-01-04 14:10:09 - [MESSAGE][INFO] - User set preference: ['acceptInsecureCerts', 'true']

2023-01-04 14:10:09 - [MESSAGE][INFO] - Action delay is set to 0 milliseconds

2023-01-04 14:10:10 - [MESSAGE][PASSED] - Browser is opened with url: ''

2023-01-04 14:10:10 - [TEST_STEP][PASSED] - maximizeWindow(): Current window maximized

2023-01-04 14:10:10 - [MESSAGE][PASSED] - Current window maximized

2023-01-04 14:10:10 - [TEST_STEP][PASSED] - navigateToUrl(RADurl): Navigate to 'https://qa.velocitypayment.com/client/rad/index.html' successfully

2023-01-04 14:10:12 - [MESSAGE][PASSED] - Navigate to 'https://qa.velocitypayment.com/client/rad/index.html' successfully

2023-01-04 14:10:12 - [TEST_STEP][PASSED] - orPath_Landing = "Object Repository/RAD_Pages/Landing_Page": null

2023-01-04 14:10:12 - [TEST_STEP][PASSED] - orPath_TaxTypeFilingYear = "Object Repository/RAD_Pages/TaxTypeFilingYear_Page": null

2023-01-04 14:10:12 - [TEST_STEP][PASSED] - orPath_TaxPayer = "Object Repository/RAD_Pages/Taxpayer_Page": null

2023-01-04 14:10:12 - [TEST_STEP][PASSED] - orPath_AddressContact = "Object Repository/RAD_Pages/AddressAndContactInfo_Page": null

2023-01-04 14:10:12 - [TEST_STEP][PASSED] - orPath_FilingStatus = "Object Repository/RAD_Pages/FilingStatus_Page": null

2023-01-04 14:10:12 - [TEST_STEP][PASSED] - orPath_Amount = "Object Repository/RAD_Pages/PaymentAmount_Page": null

2023-01-04 14:10:12 - [TEST_STEP][PASSED] - orPath_TaxInfo = "Object Repository/RAD_Pages/TaxInfo_Page": null

2023-01-04 14:10:12 - [TEST_STEP][PASSED] - orPath_Withholding = "Object Repository/RAD_Pages/Withholding_Page": null

2023-01-04 14:10:12 - [TEST_STEP][PASSED] - orPath_Summary = "Object Repository/RAD_Pages/Summary_Page": null

2023-01-04 14:10:12 - [TEST_STEP][PASSED] - orPath_PaymentReady = "Object Repository/RAD_Pages/PaymentReady_Page": null

2023-01-04 14:10:12 - [TEST_STEP][PASSED] - orPath_PaymentEntry = "Object Repository/RAD_Pages/PaymentEntry_Page": null

2023-01-04 14:10:12 - [TEST_STEP][PASSED] - orPath_PaymentConfirmation = "Object Repository/RAD_Pages/PaymentConfirmation_Page": null

2023-01-04 14:10:12 - [TEST_STEP][PASSED] - orPath_ServiceFeesAccept = "Object Repository/RAD_Pages/ServiceFeeAccept_Page": null

2023-01-04 14:10:12 - [TEST_STEP][PASSED] - selectOptionByLabel(findTestObject(orPath_Landing + "/dd_TaxType"), Taxtype, false): All options with label 'Existing Liability' are selected in object 'Object Repository/RAD_Pages/Landing_Page/dd_TaxType' 

2023-01-04 14:10:13 - [MESSAGE][PASSED] - All options with label 'Existing Liability' are selected in object 'Object Repository/RAD_Pages/Landing_Page/dd_TaxType' 

2023-01-04 14:10:13 - [TEST_STEP][PASSED] - delay(1): Delayed 1 second(s)

2023-01-04 14:10:14 - [MESSAGE][PASSED] - Delayed 1 second(s)

2023-01-04 14:10:14 - [TEST_STEP][PASSED] - selectOptionByLabel(findTestObject(orPath_TaxTypeFilingYear + "/select_TaxType_ExistingLiability"), TaxTypeEL, false): All options with label 'PTE Tax (LLC)' are selected in object 'Object Repository/RAD_Pages/TaxTypeFilingYear_Page/select_TaxType_ExistingLiability' 

2023-01-04 14:10:15 - [MESSAGE][PASSED] - All options with label 'PTE Tax (LLC)' are selected in object 'Object Repository/RAD_Pages/TaxTypeFilingYear_Page/select_TaxType_ExistingLiability' 

2023-01-04 14:10:15 - [TEST_STEP][PASSED] - setText(findTestObject(orPath_TaxInfo + "/input_NoticeInvoiceNumber"), notInvNumber): Text '123456789' is set on object 'Object Repository/RAD_Pages/TaxInfo_Page/input_NoticeInvoiceNumber'

2023-01-04 14:10:16 - [MESSAGE][PASSED] - Text '123456789' is set on object 'Object Repository/RAD_Pages/TaxInfo_Page/input_NoticeInvoiceNumber'

2023-01-04 14:10:16 - [TEST_STEP][PASSED] - setText(findTestObject(orPath_TaxInfo + "/input_reTypeNoticeInvoiceNumber"), notInvNumber): Text '123456789' is set on object 'Object Repository/RAD_Pages/TaxInfo_Page/input_reTypeNoticeInvoiceNumber'

2023-01-04 14:10:17 - [MESSAGE][PASSED] - Text '123456789' is set on object 'Object Repository/RAD_Pages/TaxInfo_Page/input_reTypeNoticeInvoiceNumber'

2023-01-04 14:10:17 - [TEST_STEP][PASSED] - println(notInvNumber): null

2023-01-04 14:10:17 - [TEST_STEP][PASSED] - if (verifyTextPresent(errorMsg, true)): null

2023-01-04 14:10:17 - [MESSAGE][PASSED] - Text 'Notice number length has to be 13 numeric characters' is present on page  using regular expression

2023-01-04 14:10:17 - [TEST_STEP][PASSED] - println("Error Message is present on the page"): null

2023-01-04 14:10:17 - [TEST_STEP][PASSED] - out.println("Pass Record Number: " + row): null

2023-01-04 14:10:17 - [TEST_STEP][PASSED] - resText = "Pass": null

2023-01-04 14:10:17 - [TEST_STEP][PASSED] - pages.WriteExcel.demoKey(resText, datText, resColumn, datCloumn, fileLoc, nameSheet, row): pages.WriteExcel.demoKey is PASSED

2023-01-04 14:10:17 - [MESSAGE][PASSED] - pages.WriteExcel.demoKey is PASSED

2023-01-04 14:10:17 - [TEST_STEP][PASSED] - ExecuteTC = findTestData(dataFile).getValue("Execute", row): null

2023-01-04 14:10:17 - [TEST_STEP][PASSED] - Taxtype = findTestData(dataFile).getValue("TaxType", row): null

2023-01-04 14:10:17 - [TEST_STEP][PASSED] - TaxTypeEL = findTestData(dataFile).getValue("TaxTypeEL", row): null

2023-01-04 14:10:17 - [TEST_STEP][PASSED] - notInvNumber = findTestData(dataFile).getValue("NotiInvoNumber", row): null

2023-01-04 14:10:17 - [TEST_STEP][PASSED] - errorMsg = findTestData(dataFile).getValue("ErrorMessage", row): null

2023-01-04 14:10:18 - [TEST_STEP][PASSED] - out.println("Value of Execute is : " + ExecuteTC): null

2023-01-04 14:10:18 - [TEST_STEP][PASSED] - if (ExecuteTC.equalsIgnoreCase("Y")): null

2023-01-04 14:10:18 - [TEST_STEP][PASSED] - out.println("Begin Record Number: " + row): null

2023-01-04 14:10:18 - [TEST_STEP][PASSED] - today = new java.util.Date(): null

2023-01-04 14:10:18 - [TEST_STEP][PASSED] - println(today): null

2023-01-04 14:10:18 - [TEST_STEP][PASSED] - datText = today: null

2023-01-04 14:10:18 - [TEST_STEP][PASSED] - Taxtype = findTestData(dataFile).getValue("TaxType", row): null

2023-01-04 14:10:18 - [TEST_STEP][PASSED] - out.println("Taxtype value is : " + Taxtype): null

2023-01-04 14:10:18 - [TEST_STEP][PASSED] - openBrowser(""): Browser is opened with url: ''

2023-01-04 14:10:18 - [MESSAGE][WARNING] - A browser is already opened. Closing browser and opening a new one

2023-01-04 14:10:18 - [MESSAGE][INFO] - Starting 'Chrome' driver

2023-01-04 14:10:18 - [MESSAGE][INFO] - User set preference: ['acceptInsecureCerts', 'true']

2023-01-04 14:10:18 - [MESSAGE][INFO] - Action delay is set to 0 milliseconds

2023-01-04 14:10:20 - [MESSAGE][PASSED] - Browser is opened with url: ''

2023-01-04 14:10:20 - [TEST_STEP][PASSED] - maximizeWindow(): Current window maximized

2023-01-04 14:10:20 - [MESSAGE][PASSED] - Current window maximized

2023-01-04 14:10:20 - [TEST_STEP][PASSED] - navigateToUrl(RADurl): Navigate to 'https://qa.velocitypayment.com/client/rad/index.html' successfully

2023-01-04 14:10:22 - [MESSAGE][PASSED] - Navigate to 'https://qa.velocitypayment.com/client/rad/index.html' successfully

2023-01-04 14:10:22 - [TEST_STEP][PASSED] - orPath_Landing = "Object Repository/RAD_Pages/Landing_Page": null

2023-01-04 14:10:22 - [TEST_STEP][PASSED] - orPath_TaxTypeFilingYear = "Object Repository/RAD_Pages/TaxTypeFilingYear_Page": null

2023-01-04 14:10:22 - [TEST_STEP][PASSED] - orPath_TaxPayer = "Object Repository/RAD_Pages/Taxpayer_Page": null

2023-01-04 14:10:22 - [TEST_STEP][PASSED] - orPath_AddressContact = "Object Repository/RAD_Pages/AddressAndContactInfo_Page": null

2023-01-04 14:10:22 - [TEST_STEP][PASSED] - orPath_FilingStatus = "Object Repository/RAD_Pages/FilingStatus_Page": null

2023-01-04 14:10:22 - [TEST_STEP][PASSED] - orPath_Amount = "Object Repository/RAD_Pages/PaymentAmount_Page": null

2023-01-04 14:10:22 - [TEST_STEP][PASSED] - orPath_TaxInfo = "Object Repository/RAD_Pages/TaxInfo_Page": null

2023-01-04 14:10:22 - [TEST_STEP][PASSED] - orPath_Withholding = "Object Repository/RAD_Pages/Withholding_Page": null

2023-01-04 14:10:22 - [TEST_STEP][PASSED] - orPath_Summary = "Object Repository/RAD_Pages/Summary_Page": null

2023-01-04 14:10:22 - [TEST_STEP][PASSED] - orPath_PaymentReady = "Object Repository/RAD_Pages/PaymentReady_Page": null

2023-01-04 14:10:22 - [TEST_STEP][PASSED] - orPath_PaymentEntry = "Object Repository/RAD_Pages/PaymentEntry_Page": null

2023-01-04 14:10:22 - [TEST_STEP][PASSED] - orPath_PaymentConfirmation = "Object Repository/RAD_Pages/PaymentConfirmation_Page": null

2023-01-04 14:10:22 - [TEST_STEP][PASSED] - orPath_ServiceFeesAccept = "Object Repository/RAD_Pages/ServiceFeeAccept_Page": null

2023-01-04 14:10:22 - [TEST_STEP][PASSED] - selectOptionByLabel(findTestObject(orPath_Landing + "/dd_TaxType"), Taxtype, false): All options with label 'Existing Liability' are selected in object 'Object Repository/RAD_Pages/Landing_Page/dd_TaxType' 

2023-01-04 14:10:23 - [MESSAGE][PASSED] - All options with label 'Existing Liability' are selected in object 'Object Repository/RAD_Pages/Landing_Page/dd_TaxType' 

2023-01-04 14:10:23 - [TEST_STEP][PASSED] - delay(1): Delayed 1 second(s)

2023-01-04 14:10:24 - [MESSAGE][PASSED] - Delayed 1 second(s)

2023-01-04 14:10:24 - [TEST_STEP][PASSED] - selectOptionByLabel(findTestObject(orPath_TaxTypeFilingYear + "/select_TaxType_ExistingLiability"), TaxTypeEL, false): All options with label 'PTE Tax (SCorp)' are selected in object 'Object Repository/RAD_Pages/TaxTypeFilingYear_Page/select_TaxType_ExistingLiability' 

2023-01-04 14:10:24 - [MESSAGE][PASSED] - All options with label 'PTE Tax (SCorp)' are selected in object 'Object Repository/RAD_Pages/TaxTypeFilingYear_Page/select_TaxType_ExistingLiability' 

2023-01-04 14:10:24 - [TEST_STEP][PASSED] - setText(findTestObject(orPath_TaxInfo + "/input_NoticeInvoiceNumber"), notInvNumber): Text '123456789' is set on object 'Object Repository/RAD_Pages/TaxInfo_Page/input_NoticeInvoiceNumber'

2023-01-04 14:10:26 - [MESSAGE][PASSED] - Text '123456789' is set on object 'Object Repository/RAD_Pages/TaxInfo_Page/input_NoticeInvoiceNumber'

2023-01-04 14:10:26 - [TEST_STEP][PASSED] - setText(findTestObject(orPath_TaxInfo + "/input_reTypeNoticeInvoiceNumber"), notInvNumber): Text '123456789' is set on object 'Object Repository/RAD_Pages/TaxInfo_Page/input_reTypeNoticeInvoiceNumber'

2023-01-04 14:10:27 - [MESSAGE][PASSED] - Text '123456789' is set on object 'Object Repository/RAD_Pages/TaxInfo_Page/input_reTypeNoticeInvoiceNumber'

2023-01-04 14:10:27 - [TEST_STEP][PASSED] - println(notInvNumber): null

2023-01-04 14:10:27 - [TEST_STEP][PASSED] - if (verifyTextPresent(errorMsg, true)): null

2023-01-04 14:10:27 - [MESSAGE][PASSED] - Text 'Notice number length has to be 13 numeric characters' is present on page  using regular expression

2023-01-04 14:10:27 - [TEST_STEP][PASSED] - println("Error Message is present on the page"): null

2023-01-04 14:10:27 - [TEST_STEP][PASSED] - out.println("Pass Record Number: " + row): null

2023-01-04 14:10:27 - [TEST_STEP][PASSED] - resText = "Pass": null

2023-01-04 14:10:27 - [TEST_STEP][PASSED] - pages.WriteExcel.demoKey(resText, datText, resColumn, datCloumn, fileLoc, nameSheet, row): pages.WriteExcel.demoKey is PASSED

2023-01-04 14:10:27 - [MESSAGE][PASSED] - pages.WriteExcel.demoKey is PASSED

2023-01-04 14:10:27 - [TEST_STEP][PASSED] - ExecuteTC = findTestData(dataFile).getValue("Execute", row): null

2023-01-04 14:10:27 - [TEST_STEP][PASSED] - Taxtype = findTestData(dataFile).getValue("TaxType", row): null

2023-01-04 14:10:27 - [TEST_STEP][PASSED] - TaxTypeEL = findTestData(dataFile).getValue("TaxTypeEL", row): null

2023-01-04 14:10:27 - [TEST_STEP][PASSED] - notInvNumber = findTestData(dataFile).getValue("NotiInvoNumber", row): null

2023-01-04 14:10:27 - [TEST_STEP][PASSED] - errorMsg = findTestData(dataFile).getValue("ErrorMessage", row): null

2023-01-04 14:10:27 - [TEST_STEP][PASSED] - out.println("Value of Execute is : " + ExecuteTC): null

2023-01-04 14:10:27 - [TEST_STEP][PASSED] - if (ExecuteTC.equalsIgnoreCase("Y")): null

2023-01-04 14:10:27 - [TEST_STEP][PASSED] - out.println("Begin Record Number: " + row): null

2023-01-04 14:10:27 - [TEST_STEP][PASSED] - today = new java.util.Date(): null

2023-01-04 14:10:27 - [TEST_STEP][PASSED] - println(today): null

2023-01-04 14:10:27 - [TEST_STEP][PASSED] - datText = today: null

2023-01-04 14:10:27 - [TEST_STEP][PASSED] - Taxtype = findTestData(dataFile).getValue("TaxType", row): null

2023-01-04 14:10:27 - [TEST_STEP][PASSED] - out.println("Taxtype value is : " + Taxtype): null

2023-01-04 14:10:27 - [TEST_STEP][PASSED] - openBrowser(""): Browser is opened with url: ''

2023-01-04 14:10:28 - [MESSAGE][WARNING] - A browser is already opened. Closing browser and opening a new one

2023-01-04 14:10:28 - [MESSAGE][INFO] - Starting 'Chrome' driver

2023-01-04 14:10:28 - [MESSAGE][INFO] - User set preference: ['acceptInsecureCerts', 'true']

2023-01-04 14:10:28 - [MESSAGE][INFO] - Action delay is set to 0 milliseconds

2023-01-04 14:10:30 - [MESSAGE][PASSED] - Browser is opened with url: ''

2023-01-04 14:10:30 - [TEST_STEP][PASSED] - maximizeWindow(): Current window maximized

2023-01-04 14:10:30 - [MESSAGE][PASSED] - Current window maximized

2023-01-04 14:10:30 - [TEST_STEP][PASSED] - navigateToUrl(RADurl): Navigate to 'https://qa.velocitypayment.com/client/rad/index.html' successfully

2023-01-04 14:10:32 - [MESSAGE][PASSED] - Navigate to 'https://qa.velocitypayment.com/client/rad/index.html' successfully

2023-01-04 14:10:32 - [TEST_STEP][PASSED] - orPath_Landing = "Object Repository/RAD_Pages/Landing_Page": null

2023-01-04 14:10:32 - [TEST_STEP][PASSED] - orPath_TaxTypeFilingYear = "Object Repository/RAD_Pages/TaxTypeFilingYear_Page": null

2023-01-04 14:10:32 - [TEST_STEP][PASSED] - orPath_TaxPayer = "Object Repository/RAD_Pages/Taxpayer_Page": null

2023-01-04 14:10:32 - [TEST_STEP][PASSED] - orPath_AddressContact = "Object Repository/RAD_Pages/AddressAndContactInfo_Page": null

2023-01-04 14:10:32 - [TEST_STEP][PASSED] - orPath_FilingStatus = "Object Repository/RAD_Pages/FilingStatus_Page": null

2023-01-04 14:10:32 - [TEST_STEP][PASSED] - orPath_Amount = "Object Repository/RAD_Pages/PaymentAmount_Page": null

2023-01-04 14:10:32 - [TEST_STEP][PASSED] - orPath_TaxInfo = "Object Repository/RAD_Pages/TaxInfo_Page": null

2023-01-04 14:10:32 - [TEST_STEP][PASSED] - orPath_Withholding = "Object Repository/RAD_Pages/Withholding_Page": null

2023-01-04 14:10:32 - [TEST_STEP][PASSED] - orPath_Summary = "Object Repository/RAD_Pages/Summary_Page": null

2023-01-04 14:10:32 - [TEST_STEP][PASSED] - orPath_PaymentReady = "Object Repository/RAD_Pages/PaymentReady_Page": null

2023-01-04 14:10:32 - [TEST_STEP][PASSED] - orPath_PaymentEntry = "Object Repository/RAD_Pages/PaymentEntry_Page": null

2023-01-04 14:10:32 - [TEST_STEP][PASSED] - orPath_PaymentConfirmation = "Object Repository/RAD_Pages/PaymentConfirmation_Page": null

2023-01-04 14:10:32 - [TEST_STEP][PASSED] - orPath_ServiceFeesAccept = "Object Repository/RAD_Pages/ServiceFeeAccept_Page": null

2023-01-04 14:10:32 - [TEST_STEP][PASSED] - selectOptionByLabel(findTestObject(orPath_Landing + "/dd_TaxType"), Taxtype, false): All options with label 'Existing Liability' are selected in object 'Object Repository/RAD_Pages/Landing_Page/dd_TaxType' 

2023-01-04 14:10:32 - [MESSAGE][PASSED] - All options with label 'Existing Liability' are selected in object 'Object Repository/RAD_Pages/Landing_Page/dd_TaxType' 

2023-01-04 14:10:32 - [TEST_STEP][PASSED] - delay(1): Delayed 1 second(s)

2023-01-04 14:10:33 - [MESSAGE][PASSED] - Delayed 1 second(s)

2023-01-04 14:10:33 - [TEST_STEP][PASSED] - selectOptionByLabel(findTestObject(orPath_TaxTypeFilingYear + "/select_TaxType_ExistingLiability"), TaxTypeEL, false): All options with label 'Sales & Use Tax' are selected in object 'Object Repository/RAD_Pages/TaxTypeFilingYear_Page/select_TaxType_ExistingLiability' 

2023-01-04 14:10:34 - [MESSAGE][PASSED] - All options with label 'Sales & Use Tax' are selected in object 'Object Repository/RAD_Pages/TaxTypeFilingYear_Page/select_TaxType_ExistingLiability' 

2023-01-04 14:10:34 - [TEST_STEP][PASSED] - setText(findTestObject(orPath_TaxInfo + "/input_NoticeInvoiceNumber"), notInvNumber): Text '123456789' is set on object 'Object Repository/RAD_Pages/TaxInfo_Page/input_NoticeInvoiceNumber'

2023-01-04 14:10:36 - [MESSAGE][PASSED] - Text '123456789' is set on object 'Object Repository/RAD_Pages/TaxInfo_Page/input_NoticeInvoiceNumber'

2023-01-04 14:10:36 - [TEST_STEP][PASSED] - setText(findTestObject(orPath_TaxInfo + "/input_reTypeNoticeInvoiceNumber"), notInvNumber): Text '123456789' is set on object 'Object Repository/RAD_Pages/TaxInfo_Page/input_reTypeNoticeInvoiceNumber'

2023-01-04 14:10:37 - [MESSAGE][PASSED] - Text '123456789' is set on object 'Object Repository/RAD_Pages/TaxInfo_Page/input_reTypeNoticeInvoiceNumber'

2023-01-04 14:10:37 - [TEST_STEP][PASSED] - println(notInvNumber): null

2023-01-04 14:10:37 - [TEST_STEP][PASSED] - if (verifyTextPresent(errorMsg, true)): null

2023-01-04 14:10:37 - [MESSAGE][PASSED] - Text 'Notice number length has to be 13 numeric characters' is present on page  using regular expression

2023-01-04 14:10:37 - [TEST_STEP][PASSED] - println("Error Message is present on the page"): null

2023-01-04 14:10:37 - [TEST_STEP][PASSED] - out.println("Pass Record Number: " + row): null

2023-01-04 14:10:37 - [TEST_STEP][PASSED] - resText = "Pass": null

2023-01-04 14:10:37 - [TEST_STEP][PASSED] - pages.WriteExcel.demoKey(resText, datText, resColumn, datCloumn, fileLoc, nameSheet, row): pages.WriteExcel.demoKey is PASSED

2023-01-04 14:10:37 - [MESSAGE][PASSED] - pages.WriteExcel.demoKey is PASSED

2023-01-04 14:10:37 - [TEST_STEP][PASSED] - ExecuteTC = findTestData(dataFile).getValue("Execute", row): null

2023-01-04 14:10:37 - [TEST_STEP][PASSED] - Taxtype = findTestData(dataFile).getValue("TaxType", row): null

2023-01-04 14:10:38 - [TEST_STEP][PASSED] - TaxTypeEL = findTestData(dataFile).getValue("TaxTypeEL", row): null

2023-01-04 14:10:38 - [TEST_STEP][PASSED] - notInvNumber = findTestData(dataFile).getValue("NotiInvoNumber", row): null

2023-01-04 14:10:38 - [TEST_STEP][PASSED] - errorMsg = findTestData(dataFile).getValue("ErrorMessage", row): null

2023-01-04 14:10:38 - [TEST_STEP][PASSED] - out.println("Value of Execute is : " + ExecuteTC): null

2023-01-04 14:10:38 - [TEST_STEP][PASSED] - if (ExecuteTC.equalsIgnoreCase("Y")): null

2023-01-04 14:10:38 - [TEST_STEP][PASSED] - out.println("Begin Record Number: " + row): null

2023-01-04 14:10:38 - [TEST_STEP][PASSED] - today = new java.util.Date(): null

2023-01-04 14:10:38 - [TEST_STEP][PASSED] - println(today): null

2023-01-04 14:10:38 - [TEST_STEP][PASSED] - datText = today: null

2023-01-04 14:10:38 - [TEST_STEP][PASSED] - Taxtype = findTestData(dataFile).getValue("TaxType", row): null

2023-01-04 14:10:38 - [TEST_STEP][PASSED] - out.println("Taxtype value is : " + Taxtype): null

2023-01-04 14:10:38 - [TEST_STEP][PASSED] - openBrowser(""): Browser is opened with url: ''

2023-01-04 14:10:38 - [MESSAGE][WARNING] - A browser is already opened. Closing browser and opening a new one

2023-01-04 14:10:39 - [MESSAGE][INFO] - Starting 'Chrome' driver

2023-01-04 14:10:39 - [MESSAGE][INFO] - User set preference: ['acceptInsecureCerts', 'true']

2023-01-04 14:10:39 - [MESSAGE][INFO] - Action delay is set to 0 milliseconds

2023-01-04 14:10:40 - [MESSAGE][PASSED] - Browser is opened with url: ''

2023-01-04 14:10:40 - [TEST_STEP][PASSED] - maximizeWindow(): Current window maximized

2023-01-04 14:10:40 - [MESSAGE][PASSED] - Current window maximized

2023-01-04 14:10:40 - [TEST_STEP][PASSED] - navigateToUrl(RADurl): Navigate to 'https://qa.velocitypayment.com/client/rad/index.html' successfully

2023-01-04 14:10:42 - [MESSAGE][PASSED] - Navigate to 'https://qa.velocitypayment.com/client/rad/index.html' successfully

2023-01-04 14:10:42 - [TEST_STEP][PASSED] - orPath_Landing = "Object Repository/RAD_Pages/Landing_Page": null

2023-01-04 14:10:42 - [TEST_STEP][PASSED] - orPath_TaxTypeFilingYear = "Object Repository/RAD_Pages/TaxTypeFilingYear_Page": null

2023-01-04 14:10:42 - [TEST_STEP][PASSED] - orPath_TaxPayer = "Object Repository/RAD_Pages/Taxpayer_Page": null

2023-01-04 14:10:42 - [TEST_STEP][PASSED] - orPath_AddressContact = "Object Repository/RAD_Pages/AddressAndContactInfo_Page": null

2023-01-04 14:10:42 - [TEST_STEP][PASSED] - orPath_FilingStatus = "Object Repository/RAD_Pages/FilingStatus_Page": null

2023-01-04 14:10:42 - [TEST_STEP][PASSED] - orPath_Amount = "Object Repository/RAD_Pages/PaymentAmount_Page": null

2023-01-04 14:10:42 - [TEST_STEP][PASSED] - orPath_TaxInfo = "Object Repository/RAD_Pages/TaxInfo_Page": null

2023-01-04 14:10:42 - [TEST_STEP][PASSED] - orPath_Withholding = "Object Repository/RAD_Pages/Withholding_Page": null

2023-01-04 14:10:42 - [TEST_STEP][PASSED] - orPath_Summary = "Object Repository/RAD_Pages/Summary_Page": null

2023-01-04 14:10:42 - [TEST_STEP][PASSED] - orPath_PaymentReady = "Object Repository/RAD_Pages/PaymentReady_Page": null

2023-01-04 14:10:42 - [TEST_STEP][PASSED] - orPath_PaymentEntry = "Object Repository/RAD_Pages/PaymentEntry_Page": null

2023-01-04 14:10:42 - [TEST_STEP][PASSED] - orPath_PaymentConfirmation = "Object Repository/RAD_Pages/PaymentConfirmation_Page": null

2023-01-04 14:10:42 - [TEST_STEP][PASSED] - orPath_ServiceFeesAccept = "Object Repository/RAD_Pages/ServiceFeeAccept_Page": null

2023-01-04 14:10:42 - [TEST_STEP][PASSED] - selectOptionByLabel(findTestObject(orPath_Landing + "/dd_TaxType"), Taxtype, false): All options with label 'Existing Liability' are selected in object 'Object Repository/RAD_Pages/Landing_Page/dd_TaxType' 

2023-01-04 14:10:43 - [MESSAGE][PASSED] - All options with label 'Existing Liability' are selected in object 'Object Repository/RAD_Pages/Landing_Page/dd_TaxType' 

2023-01-04 14:10:43 - [TEST_STEP][PASSED] - delay(1): Delayed 1 second(s)

2023-01-04 14:10:44 - [MESSAGE][PASSED] - Delayed 1 second(s)

2023-01-04 14:10:44 - [TEST_STEP][PASSED] - selectOptionByLabel(findTestObject(orPath_TaxTypeFilingYear + "/select_TaxType_ExistingLiability"), TaxTypeEL, false): All options with label 'Tire Fee Tax' are selected in object 'Object Repository/RAD_Pages/TaxTypeFilingYear_Page/select_TaxType_ExistingLiability' 

2023-01-04 14:10:44 - [MESSAGE][PASSED] - All options with label 'Tire Fee Tax' are selected in object 'Object Repository/RAD_Pages/TaxTypeFilingYear_Page/select_TaxType_ExistingLiability' 

2023-01-04 14:10:44 - [TEST_STEP][PASSED] - setText(findTestObject(orPath_TaxInfo + "/input_NoticeInvoiceNumber"), notInvNumber): Text '123456789' is set on object 'Object Repository/RAD_Pages/TaxInfo_Page/input_NoticeInvoiceNumber'

2023-01-04 14:10:46 - [MESSAGE][PASSED] - Text '123456789' is set on object 'Object Repository/RAD_Pages/TaxInfo_Page/input_NoticeInvoiceNumber'

2023-01-04 14:10:46 - [TEST_STEP][PASSED] - setText(findTestObject(orPath_TaxInfo + "/input_reTypeNoticeInvoiceNumber"), notInvNumber): Text '123456789' is set on object 'Object Repository/RAD_Pages/TaxInfo_Page/input_reTypeNoticeInvoiceNumber'

2023-01-04 14:10:47 - [MESSAGE][PASSED] - Text '123456789' is set on object 'Object Repository/RAD_Pages/TaxInfo_Page/input_reTypeNoticeInvoiceNumber'

2023-01-04 14:10:47 - [TEST_STEP][PASSED] - println(notInvNumber): null

2023-01-04 14:10:47 - [TEST_STEP][PASSED] - if (verifyTextPresent(errorMsg, true)): null

2023-01-04 14:10:47 - [MESSAGE][PASSED] - Text 'Notice number length has to be 13 numeric characters' is present on page  using regular expression

2023-01-04 14:10:47 - [TEST_STEP][PASSED] - println("Error Message is present on the page"): null

2023-01-04 14:10:47 - [TEST_STEP][PASSED] - out.println("Pass Record Number: " + row): null

2023-01-04 14:10:47 - [TEST_STEP][PASSED] - resText = "Pass": null

2023-01-04 14:10:47 - [TEST_STEP][PASSED] - pages.WriteExcel.demoKey(resText, datText, resColumn, datCloumn, fileLoc, nameSheet, row): pages.WriteExcel.demoKey is PASSED

2023-01-04 14:10:47 - [MESSAGE][PASSED] - pages.WriteExcel.demoKey is PASSED

2023-01-04 14:10:47 - [TEST_STEP][PASSED] - ExecuteTC = findTestData(dataFile).getValue("Execute", row): null

2023-01-04 14:10:47 - [TEST_STEP][PASSED] - Taxtype = findTestData(dataFile).getValue("TaxType", row): null

2023-01-04 14:10:47 - [TEST_STEP][PASSED] - TaxTypeEL = findTestData(dataFile).getValue("TaxTypeEL", row): null

2023-01-04 14:10:47 - [TEST_STEP][PASSED] - notInvNumber = findTestData(dataFile).getValue("NotiInvoNumber", row): null

2023-01-04 14:10:47 - [TEST_STEP][PASSED] - errorMsg = findTestData(dataFile).getValue("ErrorMessage", row): null

2023-01-04 14:10:47 - [TEST_STEP][PASSED] - out.println("Value of Execute is : " + ExecuteTC): null

2023-01-04 14:10:47 - [TEST_STEP][PASSED] - if (ExecuteTC.equalsIgnoreCase("Y")): null

2023-01-04 14:10:47 - [TEST_STEP][PASSED] - out.println("Begin Record Number: " + row): null

2023-01-04 14:10:47 - [TEST_STEP][PASSED] - today = new java.util.Date(): null

2023-01-04 14:10:47 - [TEST_STEP][PASSED] - println(today): null

2023-01-04 14:10:47 - [TEST_STEP][PASSED] - datText = today: null

2023-01-04 14:10:47 - [TEST_STEP][PASSED] - Taxtype = findTestData(dataFile).getValue("TaxType", row): null

2023-01-04 14:10:47 - [TEST_STEP][PASSED] - out.println("Taxtype value is : " + Taxtype): null

2023-01-04 14:10:47 - [TEST_STEP][PASSED] - openBrowser(""): Browser is opened with url: ''

2023-01-04 14:10:47 - [MESSAGE][WARNING] - A browser is already opened. Closing browser and opening a new one

2023-01-04 14:10:48 - [MESSAGE][INFO] - Starting 'Chrome' driver

2023-01-04 14:10:48 - [MESSAGE][INFO] - User set preference: ['acceptInsecureCerts', 'true']

2023-01-04 14:10:48 - [MESSAGE][INFO] - Action delay is set to 0 milliseconds

2023-01-04 14:10:50 - [MESSAGE][PASSED] - Browser is opened with url: ''

2023-01-04 14:10:50 - [TEST_STEP][PASSED] - maximizeWindow(): Current window maximized

2023-01-04 14:10:50 - [MESSAGE][PASSED] - Current window maximized

2023-01-04 14:10:50 - [TEST_STEP][PASSED] - navigateToUrl(RADurl): Navigate to 'https://qa.velocitypayment.com/client/rad/index.html' successfully

2023-01-04 14:10:52 - [MESSAGE][PASSED] - Navigate to 'https://qa.velocitypayment.com/client/rad/index.html' successfully

2023-01-04 14:10:52 - [TEST_STEP][PASSED] - orPath_Landing = "Object Repository/RAD_Pages/Landing_Page": null

2023-01-04 14:10:52 - [TEST_STEP][PASSED] - orPath_TaxTypeFilingYear = "Object Repository/RAD_Pages/TaxTypeFilingYear_Page": null

2023-01-04 14:10:52 - [TEST_STEP][PASSED] - orPath_TaxPayer = "Object Repository/RAD_Pages/Taxpayer_Page": null

2023-01-04 14:10:52 - [TEST_STEP][PASSED] - orPath_AddressContact = "Object Repository/RAD_Pages/AddressAndContactInfo_Page": null

2023-01-04 14:10:52 - [TEST_STEP][PASSED] - orPath_FilingStatus = "Object Repository/RAD_Pages/FilingStatus_Page": null

2023-01-04 14:10:52 - [TEST_STEP][PASSED] - orPath_Amount = "Object Repository/RAD_Pages/PaymentAmount_Page": null

2023-01-04 14:10:52 - [TEST_STEP][PASSED] - orPath_TaxInfo = "Object Repository/RAD_Pages/TaxInfo_Page": null

2023-01-04 14:10:52 - [TEST_STEP][PASSED] - orPath_Withholding = "Object Repository/RAD_Pages/Withholding_Page": null

2023-01-04 14:10:52 - [TEST_STEP][PASSED] - orPath_Summary = "Object Repository/RAD_Pages/Summary_Page": null

2023-01-04 14:10:52 - [TEST_STEP][PASSED] - orPath_PaymentReady = "Object Repository/RAD_Pages/PaymentReady_Page": null

2023-01-04 14:10:52 - [TEST_STEP][PASSED] - orPath_PaymentEntry = "Object Repository/RAD_Pages/PaymentEntry_Page": null

2023-01-04 14:10:52 - [TEST_STEP][PASSED] - orPath_PaymentConfirmation = "Object Repository/RAD_Pages/PaymentConfirmation_Page": null

2023-01-04 14:10:52 - [TEST_STEP][PASSED] - orPath_ServiceFeesAccept = "Object Repository/RAD_Pages/ServiceFeeAccept_Page": null

2023-01-04 14:10:52 - [TEST_STEP][PASSED] - selectOptionByLabel(findTestObject(orPath_Landing + "/dd_TaxType"), Taxtype, false): All options with label 'Existing Liability' are selected in object 'Object Repository/RAD_Pages/Landing_Page/dd_TaxType' 

2023-01-04 14:10:52 - [MESSAGE][PASSED] - All options with label 'Existing Liability' are selected in object 'Object Repository/RAD_Pages/Landing_Page/dd_TaxType' 

2023-01-04 14:10:52 - [TEST_STEP][PASSED] - delay(1): Delayed 1 second(s)

2023-01-04 14:10:53 - [MESSAGE][PASSED] - Delayed 1 second(s)

2023-01-04 14:10:53 - [TEST_STEP][PASSED] - selectOptionByLabel(findTestObject(orPath_TaxTypeFilingYear + "/select_TaxType_ExistingLiability"), TaxTypeEL, false): All options with label 'Withholding Tax' are selected in object 'Object Repository/RAD_Pages/TaxTypeFilingYear_Page/select_TaxType_ExistingLiability' 

2023-01-04 14:10:54 - [MESSAGE][PASSED] - All options with label 'Withholding Tax' are selected in object 'Object Repository/RAD_Pages/TaxTypeFilingYear_Page/select_TaxType_ExistingLiability' 

2023-01-04 14:10:54 - [TEST_STEP][PASSED] - setText(findTestObject(orPath_TaxInfo + "/input_NoticeInvoiceNumber"), notInvNumber): Text '123456789' is set on object 'Object Repository/RAD_Pages/TaxInfo_Page/input_NoticeInvoiceNumber'

2023-01-04 14:10:55 - [MESSAGE][PASSED] - Text '123456789' is set on object 'Object Repository/RAD_Pages/TaxInfo_Page/input_NoticeInvoiceNumber'

2023-01-04 14:10:55 - [TEST_STEP][PASSED] - setText(findTestObject(orPath_TaxInfo + "/input_reTypeNoticeInvoiceNumber"), notInvNumber): Text '123456789' is set on object 'Object Repository/RAD_Pages/TaxInfo_Page/input_reTypeNoticeInvoiceNumber'

2023-01-04 14:10:56 - [MESSAGE][PASSED] - Text '123456789' is set on object 'Object Repository/RAD_Pages/TaxInfo_Page/input_reTypeNoticeInvoiceNumber'

2023-01-04 14:10:56 - [TEST_STEP][PASSED] - println(notInvNumber): null

2023-01-04 14:10:56 - [TEST_STEP][PASSED] - if (verifyTextPresent(errorMsg, true)): null

2023-01-04 14:10:57 - [MESSAGE][PASSED] - Text 'Notice number length has to be 13 numeric characters' is present on page  using regular expression

2023-01-04 14:10:57 - [TEST_STEP][PASSED] - println("Error Message is present on the page"): null

2023-01-04 14:10:57 - [TEST_STEP][PASSED] - out.println("Pass Record Number: " + row): null

2023-01-04 14:10:57 - [TEST_STEP][PASSED] - resText = "Pass": null

2023-01-04 14:10:57 - [TEST_STEP][PASSED] - pages.WriteExcel.demoKey(resText, datText, resColumn, datCloumn, fileLoc, nameSheet, row): pages.WriteExcel.demoKey is PASSED

2023-01-04 14:10:57 - [MESSAGE][PASSED] - pages.WriteExcel.demoKey is PASSED

2023-01-04 14:10:57 - [TEST_STEP][PASSED] - ExecuteTC = findTestData(dataFile).getValue("Execute", row): null

2023-01-04 14:10:57 - [TEST_STEP][PASSED] - Taxtype = findTestData(dataFile).getValue("TaxType", row): null

2023-01-04 14:10:57 - [TEST_STEP][PASSED] - TaxTypeEL = findTestData(dataFile).getValue("TaxTypeEL", row): null

2023-01-04 14:10:57 - [TEST_STEP][PASSED] - notInvNumber = findTestData(dataFile).getValue("NotiInvoNumber", row): null

2023-01-04 14:10:57 - [TEST_STEP][PASSED] - errorMsg = findTestData(dataFile).getValue("ErrorMessage", row): null

2023-01-04 14:10:57 - [TEST_STEP][PASSED] - out.println("Value of Execute is : " + ExecuteTC): null

2023-01-04 14:10:57 - [TEST_STEP][PASSED] - if (ExecuteTC.equalsIgnoreCase("Y")): null

2023-01-04 14:10:57 - [TEST_STEP][PASSED] - out.println("Begin Record Number: " + row): null

2023-01-04 14:10:57 - [TEST_STEP][PASSED] - today = new java.util.Date(): null

2023-01-04 14:10:57 - [TEST_STEP][PASSED] - println(today): null

2023-01-04 14:10:57 - [TEST_STEP][PASSED] - datText = today: null

2023-01-04 14:10:57 - [TEST_STEP][PASSED] - Taxtype = findTestData(dataFile).getValue("TaxType", row): null

2023-01-04 14:10:57 - [TEST_STEP][PASSED] - out.println("Taxtype value is : " + Taxtype): null

2023-01-04 14:10:57 - [TEST_STEP][PASSED] - openBrowser(""): Browser is opened with url: ''

2023-01-04 14:10:57 - [MESSAGE][WARNING] - A browser is already opened. Closing browser and opening a new one

2023-01-04 14:10:58 - [MESSAGE][INFO] - Starting 'Chrome' driver

2023-01-04 14:10:58 - [MESSAGE][INFO] - User set preference: ['acceptInsecureCerts', 'true']

2023-01-04 14:10:58 - [MESSAGE][INFO] - Action delay is set to 0 milliseconds

2023-01-04 14:11:00 - [MESSAGE][PASSED] - Browser is opened with url: ''

2023-01-04 14:11:00 - [TEST_STEP][PASSED] - maximizeWindow(): Current window maximized

2023-01-04 14:11:00 - [MESSAGE][PASSED] - Current window maximized

2023-01-04 14:11:00 - [TEST_STEP][PASSED] - navigateToUrl(RADurl): Navigate to 'https://qa.velocitypayment.com/client/rad/index.html' successfully

2023-01-04 14:11:01 - [MESSAGE][PASSED] - Navigate to 'https://qa.velocitypayment.com/client/rad/index.html' successfully

2023-01-04 14:11:01 - [TEST_STEP][PASSED] - orPath_Landing = "Object Repository/RAD_Pages/Landing_Page": null

2023-01-04 14:11:01 - [TEST_STEP][PASSED] - orPath_TaxTypeFilingYear = "Object Repository/RAD_Pages/TaxTypeFilingYear_Page": null

2023-01-04 14:11:01 - [TEST_STEP][PASSED] - orPath_TaxPayer = "Object Repository/RAD_Pages/Taxpayer_Page": null

2023-01-04 14:11:01 - [TEST_STEP][PASSED] - orPath_AddressContact = "Object Repository/RAD_Pages/AddressAndContactInfo_Page": null

2023-01-04 14:11:01 - [TEST_STEP][PASSED] - orPath_FilingStatus = "Object Repository/RAD_Pages/FilingStatus_Page": null

2023-01-04 14:11:01 - [TEST_STEP][PASSED] - orPath_Amount = "Object Repository/RAD_Pages/PaymentAmount_Page": null

2023-01-04 14:11:01 - [TEST_STEP][PASSED] - orPath_TaxInfo = "Object Repository/RAD_Pages/TaxInfo_Page": null

2023-01-04 14:11:01 - [TEST_STEP][PASSED] - orPath_Withholding = "Object Repository/RAD_Pages/Withholding_Page": null

2023-01-04 14:11:01 - [TEST_STEP][PASSED] - orPath_Summary = "Object Repository/RAD_Pages/Summary_Page": null

2023-01-04 14:11:01 - [TEST_STEP][PASSED] - orPath_PaymentReady = "Object Repository/RAD_Pages/PaymentReady_Page": null

2023-01-04 14:11:01 - [TEST_STEP][PASSED] - orPath_PaymentEntry = "Object Repository/RAD_Pages/PaymentEntry_Page": null

2023-01-04 14:11:01 - [TEST_STEP][PASSED] - orPath_PaymentConfirmation = "Object Repository/RAD_Pages/PaymentConfirmation_Page": null

2023-01-04 14:11:01 - [TEST_STEP][PASSED] - orPath_ServiceFeesAccept = "Object Repository/RAD_Pages/ServiceFeeAccept_Page": null

2023-01-04 14:11:01 - [TEST_STEP][PASSED] - selectOptionByLabel(findTestObject(orPath_Landing + "/dd_TaxType"), Taxtype, false): All options with label 'Existing Liability' are selected in object 'Object Repository/RAD_Pages/Landing_Page/dd_TaxType' 

2023-01-04 14:11:02 - [MESSAGE][PASSED] - All options with label 'Existing Liability' are selected in object 'Object Repository/RAD_Pages/Landing_Page/dd_TaxType' 

2023-01-04 14:11:02 - [TEST_STEP][PASSED] - delay(1): Delayed 1 second(s)

2023-01-04 14:11:03 - [MESSAGE][PASSED] - Delayed 1 second(s)

2023-01-04 14:11:03 - [TEST_STEP][PASSED] - selectOptionByLabel(findTestObject(orPath_TaxTypeFilingYear + "/select_TaxType_ExistingLiability"), TaxTypeEL, false): All options with label 'Alcohol Tax' are selected in object 'Object Repository/RAD_Pages/TaxTypeFilingYear_Page/select_TaxType_ExistingLiability' 

2023-01-04 14:11:04 - [MESSAGE][PASSED] - All options with label 'Alcohol Tax' are selected in object 'Object Repository/RAD_Pages/TaxTypeFilingYear_Page/select_TaxType_ExistingLiability' 

2023-01-04 14:11:04 - [TEST_STEP][PASSED] - setText(findTestObject(orPath_TaxInfo + "/input_NoticeInvoiceNumber"), notInvNumber): Text '123456789' is set on object 'Object Repository/RAD_Pages/TaxInfo_Page/input_NoticeInvoiceNumber'

2023-01-04 14:11:05 - [MESSAGE][PASSED] - Text '123456789' is set on object 'Object Repository/RAD_Pages/TaxInfo_Page/input_NoticeInvoiceNumber'

2023-01-04 14:11:05 - [TEST_STEP][PASSED] - setText(findTestObject(orPath_TaxInfo + "/input_reTypeNoticeInvoiceNumber"), notInvNumber): Text '123456789' is set on object 'Object Repository/RAD_Pages/TaxInfo_Page/input_reTypeNoticeInvoiceNumber'

2023-01-04 14:11:06 - [MESSAGE][PASSED] - Text '123456789' is set on object 'Object Repository/RAD_Pages/TaxInfo_Page/input_reTypeNoticeInvoiceNumber'

2023-01-04 14:11:06 - [TEST_STEP][PASSED] - println(notInvNumber): null

2023-01-04 14:11:06 - [TEST_STEP][PASSED] - if (verifyTextPresent(errorMsg, true)): null

2023-01-04 14:11:07 - [MESSAGE][PASSED] - Text 'Invoice number length has to be 10 or 13 numeric characters' is present on page  using regular expression

2023-01-04 14:11:07 - [TEST_STEP][PASSED] - println("Error Message is present on the page"): null

2023-01-04 14:11:07 - [TEST_STEP][PASSED] - out.println("Pass Record Number: " + row): null

2023-01-04 14:11:07 - [TEST_STEP][PASSED] - resText = "Pass": null

2023-01-04 14:11:07 - [TEST_STEP][PASSED] - pages.WriteExcel.demoKey(resText, datText, resColumn, datCloumn, fileLoc, nameSheet, row): pages.WriteExcel.demoKey is PASSED

2023-01-04 14:11:07 - [MESSAGE][PASSED] - pages.WriteExcel.demoKey is PASSED

2023-01-04 14:11:07 - [TEST_STEP][PASSED] - ExecuteTC = findTestData(dataFile).getValue("Execute", row): null

2023-01-04 14:11:07 - [TEST_STEP][PASSED] - Taxtype = findTestData(dataFile).getValue("TaxType", row): null

2023-01-04 14:11:07 - [TEST_STEP][PASSED] - TaxTypeEL = findTestData(dataFile).getValue("TaxTypeEL", row): null

2023-01-04 14:11:07 - [TEST_STEP][PASSED] - notInvNumber = findTestData(dataFile).getValue("NotiInvoNumber", row): null

2023-01-04 14:11:07 - [TEST_STEP][PASSED] - errorMsg = findTestData(dataFile).getValue("ErrorMessage", row): null

2023-01-04 14:11:07 - [TEST_STEP][PASSED] - out.println("Value of Execute is : " + ExecuteTC): null

2023-01-04 14:11:07 - [TEST_STEP][PASSED] - if (ExecuteTC.equalsIgnoreCase("Y")): null

2023-01-04 14:11:07 - [TEST_STEP][PASSED] - out.println("Begin Record Number: " + row): null

2023-01-04 14:11:07 - [TEST_STEP][PASSED] - today = new java.util.Date(): null

2023-01-04 14:11:07 - [TEST_STEP][PASSED] - println(today): null

2023-01-04 14:11:07 - [TEST_STEP][PASSED] - datText = today: null

2023-01-04 14:11:07 - [TEST_STEP][PASSED] - Taxtype = findTestData(dataFile).getValue("TaxType", row): null

2023-01-04 14:11:07 - [TEST_STEP][PASSED] - out.println("Taxtype value is : " + Taxtype): null

2023-01-04 14:11:07 - [TEST_STEP][PASSED] - openBrowser(""): Browser is opened with url: ''

2023-01-04 14:11:07 - [MESSAGE][WARNING] - A browser is already opened. Closing browser and opening a new one

2023-01-04 14:11:08 - [MESSAGE][INFO] - Starting 'Chrome' driver

2023-01-04 14:11:08 - [MESSAGE][INFO] - User set preference: ['acceptInsecureCerts', 'true']

2023-01-04 14:11:08 - [MESSAGE][INFO] - Action delay is set to 0 milliseconds

2023-01-04 14:11:10 - [MESSAGE][PASSED] - Browser is opened with url: ''

2023-01-04 14:11:10 - [TEST_STEP][PASSED] - maximizeWindow(): Current window maximized

2023-01-04 14:11:10 - [MESSAGE][PASSED] - Current window maximized

2023-01-04 14:11:10 - [TEST_STEP][PASSED] - navigateToUrl(RADurl): Navigate to 'https://qa.velocitypayment.com/client/rad/index.html' successfully

2023-01-04 14:11:11 - [MESSAGE][PASSED] - Navigate to 'https://qa.velocitypayment.com/client/rad/index.html' successfully

2023-01-04 14:11:11 - [TEST_STEP][PASSED] - orPath_Landing = "Object Repository/RAD_Pages/Landing_Page": null

2023-01-04 14:11:11 - [TEST_STEP][PASSED] - orPath_TaxTypeFilingYear = "Object Repository/RAD_Pages/TaxTypeFilingYear_Page": null

2023-01-04 14:11:11 - [TEST_STEP][PASSED] - orPath_TaxPayer = "Object Repository/RAD_Pages/Taxpayer_Page": null

2023-01-04 14:11:11 - [TEST_STEP][PASSED] - orPath_AddressContact = "Object Repository/RAD_Pages/AddressAndContactInfo_Page": null

2023-01-04 14:11:11 - [TEST_STEP][PASSED] - orPath_FilingStatus = "Object Repository/RAD_Pages/FilingStatus_Page": null

2023-01-04 14:11:11 - [TEST_STEP][PASSED] - orPath_Amount = "Object Repository/RAD_Pages/PaymentAmount_Page": null

2023-01-04 14:11:11 - [TEST_STEP][PASSED] - orPath_TaxInfo = "Object Repository/RAD_Pages/TaxInfo_Page": null

2023-01-04 14:11:11 - [TEST_STEP][PASSED] - orPath_Withholding = "Object Repository/RAD_Pages/Withholding_Page": null

2023-01-04 14:11:11 - [TEST_STEP][PASSED] - orPath_Summary = "Object Repository/RAD_Pages/Summary_Page": null

2023-01-04 14:11:11 - [TEST_STEP][PASSED] - orPath_PaymentReady = "Object Repository/RAD_Pages/PaymentReady_Page": null

2023-01-04 14:11:11 - [TEST_STEP][PASSED] - orPath_PaymentEntry = "Object Repository/RAD_Pages/PaymentEntry_Page": null

2023-01-04 14:11:11 - [TEST_STEP][PASSED] - orPath_PaymentConfirmation = "Object Repository/RAD_Pages/PaymentConfirmation_Page": null

2023-01-04 14:11:11 - [TEST_STEP][PASSED] - orPath_ServiceFeesAccept = "Object Repository/RAD_Pages/ServiceFeeAccept_Page": null

2023-01-04 14:11:11 - [TEST_STEP][PASSED] - selectOptionByLabel(findTestObject(orPath_Landing + "/dd_TaxType"), Taxtype, false): All options with label 'Existing Liability' are selected in object 'Object Repository/RAD_Pages/Landing_Page/dd_TaxType' 

2023-01-04 14:11:12 - [MESSAGE][PASSED] - All options with label 'Existing Liability' are selected in object 'Object Repository/RAD_Pages/Landing_Page/dd_TaxType' 

2023-01-04 14:11:12 - [TEST_STEP][PASSED] - delay(1): Delayed 1 second(s)

2023-01-04 14:11:13 - [MESSAGE][PASSED] - Delayed 1 second(s)

2023-01-04 14:11:13 - [TEST_STEP][PASSED] - selectOptionByLabel(findTestObject(orPath_TaxTypeFilingYear + "/select_TaxType_ExistingLiability"), TaxTypeEL, false): All options with label 'Alcohol Tax' are selected in object 'Object Repository/RAD_Pages/TaxTypeFilingYear_Page/select_TaxType_ExistingLiability' 

2023-01-04 14:11:14 - [MESSAGE][PASSED] - All options with label 'Alcohol Tax' are selected in object 'Object Repository/RAD_Pages/TaxTypeFilingYear_Page/select_TaxType_ExistingLiability' 

2023-01-04 14:11:14 - [TEST_STEP][PASSED] - setText(findTestObject(orPath_TaxInfo + "/input_NoticeInvoiceNumber"), notInvNumber): Text '12345678901' is set on object 'Object Repository/RAD_Pages/TaxInfo_Page/input_NoticeInvoiceNumber'

2023-01-04 14:11:15 - [MESSAGE][PASSED] - Text '12345678901' is set on object 'Object Repository/RAD_Pages/TaxInfo_Page/input_NoticeInvoiceNumber'

2023-01-04 14:11:15 - [TEST_STEP][PASSED] - setText(findTestObject(orPath_TaxInfo + "/input_reTypeNoticeInvoiceNumber"), notInvNumber): Text '12345678901' is set on object 'Object Repository/RAD_Pages/TaxInfo_Page/input_reTypeNoticeInvoiceNumber'

2023-01-04 14:11:16 - [MESSAGE][PASSED] - Text '12345678901' is set on object 'Object Repository/RAD_Pages/TaxInfo_Page/input_reTypeNoticeInvoiceNumber'

2023-01-04 14:11:16 - [TEST_STEP][PASSED] - println(notInvNumber): null

2023-01-04 14:11:16 - [TEST_STEP][PASSED] - if (verifyTextPresent(errorMsg, true)): null

2023-01-04 14:11:17 - [MESSAGE][PASSED] - Text 'Invoice number length has to be 10 or 13 numeric characters' is present on page  using regular expression

2023-01-04 14:11:17 - [TEST_STEP][PASSED] - println("Error Message is present on the page"): null

2023-01-04 14:11:17 - [TEST_STEP][PASSED] - out.println("Pass Record Number: " + row): null

2023-01-04 14:11:17 - [TEST_STEP][PASSED] - resText = "Pass": null

2023-01-04 14:11:17 - [TEST_STEP][PASSED] - pages.WriteExcel.demoKey(resText, datText, resColumn, datCloumn, fileLoc, nameSheet, row): pages.WriteExcel.demoKey is PASSED

2023-01-04 14:11:17 - [MESSAGE][PASSED] - pages.WriteExcel.demoKey is PASSED

2023-01-04 14:11:17 - [TEST_STEP][PASSED] - ExecuteTC = findTestData(dataFile).getValue("Execute", row): null

2023-01-04 14:11:17 - [TEST_STEP][PASSED] - Taxtype = findTestData(dataFile).getValue("TaxType", row): null

2023-01-04 14:11:17 - [TEST_STEP][PASSED] - TaxTypeEL = findTestData(dataFile).getValue("TaxTypeEL", row): null

2023-01-04 14:11:17 - [TEST_STEP][PASSED] - notInvNumber = findTestData(dataFile).getValue("NotiInvoNumber", row): null

2023-01-04 14:11:17 - [TEST_STEP][PASSED] - errorMsg = findTestData(dataFile).getValue("ErrorMessage", row): null

2023-01-04 14:11:17 - [TEST_STEP][PASSED] - out.println("Value of Execute is : " + ExecuteTC): null

2023-01-04 14:11:17 - [TEST_STEP][PASSED] - if (ExecuteTC.equalsIgnoreCase("Y")): null

2023-01-04 14:11:17 - [TEST_STEP][PASSED] - out.println("Begin Record Number: " + row): null

2023-01-04 14:11:17 - [TEST_STEP][PASSED] - today = new java.util.Date(): null

2023-01-04 14:11:17 - [TEST_STEP][PASSED] - println(today): null

2023-01-04 14:11:17 - [TEST_STEP][PASSED] - datText = today: null

2023-01-04 14:11:17 - [TEST_STEP][PASSED] - Taxtype = findTestData(dataFile).getValue("TaxType", row): null

2023-01-04 14:11:17 - [TEST_STEP][PASSED] - out.println("Taxtype value is : " + Taxtype): null

2023-01-04 14:11:17 - [TEST_STEP][PASSED] - openBrowser(""): Browser is opened with url: ''

2023-01-04 14:11:17 - [MESSAGE][WARNING] - A browser is already opened. Closing browser and opening a new one

2023-01-04 14:11:18 - [MESSAGE][INFO] - Starting 'Chrome' driver

2023-01-04 14:11:18 - [MESSAGE][INFO] - User set preference: ['acceptInsecureCerts', 'true']

2023-01-04 14:11:18 - [MESSAGE][INFO] - Action delay is set to 0 milliseconds

2023-01-04 14:11:19 - [MESSAGE][PASSED] - Browser is opened with url: ''

2023-01-04 14:11:19 - [TEST_STEP][PASSED] - maximizeWindow(): Current window maximized

2023-01-04 14:11:20 - [MESSAGE][PASSED] - Current window maximized

2023-01-04 14:11:20 - [TEST_STEP][PASSED] - navigateToUrl(RADurl): Navigate to 'https://qa.velocitypayment.com/client/rad/index.html' successfully

2023-01-04 14:11:21 - [MESSAGE][PASSED] - Navigate to 'https://qa.velocitypayment.com/client/rad/index.html' successfully

2023-01-04 14:11:21 - [TEST_STEP][PASSED] - orPath_Landing = "Object Repository/RAD_Pages/Landing_Page": null

2023-01-04 14:11:21 - [TEST_STEP][PASSED] - orPath_TaxTypeFilingYear = "Object Repository/RAD_Pages/TaxTypeFilingYear_Page": null

2023-01-04 14:11:21 - [TEST_STEP][PASSED] - orPath_TaxPayer = "Object Repository/RAD_Pages/Taxpayer_Page": null

2023-01-04 14:11:21 - [TEST_STEP][PASSED] - orPath_AddressContact = "Object Repository/RAD_Pages/AddressAndContactInfo_Page": null

2023-01-04 14:11:21 - [TEST_STEP][PASSED] - orPath_FilingStatus = "Object Repository/RAD_Pages/FilingStatus_Page": null

2023-01-04 14:11:21 - [TEST_STEP][PASSED] - orPath_Amount = "Object Repository/RAD_Pages/PaymentAmount_Page": null

2023-01-04 14:11:21 - [TEST_STEP][PASSED] - orPath_TaxInfo = "Object Repository/RAD_Pages/TaxInfo_Page": null

2023-01-04 14:11:21 - [TEST_STEP][PASSED] - orPath_Withholding = "Object Repository/RAD_Pages/Withholding_Page": null

2023-01-04 14:11:21 - [TEST_STEP][PASSED] - orPath_Summary = "Object Repository/RAD_Pages/Summary_Page": null

2023-01-04 14:11:21 - [TEST_STEP][PASSED] - orPath_PaymentReady = "Object Repository/RAD_Pages/PaymentReady_Page": null

2023-01-04 14:11:21 - [TEST_STEP][PASSED] - orPath_PaymentEntry = "Object Repository/RAD_Pages/PaymentEntry_Page": null

2023-01-04 14:11:21 - [TEST_STEP][PASSED] - orPath_PaymentConfirmation = "Object Repository/RAD_Pages/PaymentConfirmation_Page": null

2023-01-04 14:11:21 - [TEST_STEP][PASSED] - orPath_ServiceFeesAccept = "Object Repository/RAD_Pages/ServiceFeeAccept_Page": null

2023-01-04 14:11:21 - [TEST_STEP][PASSED] - selectOptionByLabel(findTestObject(orPath_Landing + "/dd_TaxType"), Taxtype, false): All options with label 'Existing Liability' are selected in object 'Object Repository/RAD_Pages/Landing_Page/dd_TaxType' 

2023-01-04 14:11:22 - [MESSAGE][PASSED] - All options with label 'Existing Liability' are selected in object 'Object Repository/RAD_Pages/Landing_Page/dd_TaxType' 

2023-01-04 14:11:22 - [TEST_STEP][PASSED] - delay(1): Delayed 1 second(s)

2023-01-04 14:11:23 - [MESSAGE][PASSED] - Delayed 1 second(s)

2023-01-04 14:11:23 - [TEST_STEP][PASSED] - selectOptionByLabel(findTestObject(orPath_TaxTypeFilingYear + "/select_TaxType_ExistingLiability"), TaxTypeEL, false): All options with label 'Alcohol Tax' are selected in object 'Object Repository/RAD_Pages/TaxTypeFilingYear_Page/select_TaxType_ExistingLiability' 

2023-01-04 14:11:24 - [MESSAGE][PASSED] - All options with label 'Alcohol Tax' are selected in object 'Object Repository/RAD_Pages/TaxTypeFilingYear_Page/select_TaxType_ExistingLiability' 

2023-01-04 14:11:24 - [TEST_STEP][PASSED] - setText(findTestObject(orPath_TaxInfo + "/input_NoticeInvoiceNumber"), notInvNumber): Text '123456789012' is set on object 'Object Repository/RAD_Pages/TaxInfo_Page/input_NoticeInvoiceNumber'

2023-01-04 14:11:25 - [MESSAGE][PASSED] - Text '123456789012' is set on object 'Object Repository/RAD_Pages/TaxInfo_Page/input_NoticeInvoiceNumber'

2023-01-04 14:11:25 - [TEST_STEP][PASSED] - setText(findTestObject(orPath_TaxInfo + "/input_reTypeNoticeInvoiceNumber"), notInvNumber): Text '123456789012' is set on object 'Object Repository/RAD_Pages/TaxInfo_Page/input_reTypeNoticeInvoiceNumber'

2023-01-04 14:11:26 - [MESSAGE][PASSED] - Text '123456789012' is set on object 'Object Repository/RAD_Pages/TaxInfo_Page/input_reTypeNoticeInvoiceNumber'

2023-01-04 14:11:26 - [TEST_STEP][PASSED] - println(notInvNumber): null

2023-01-04 14:11:26 - [TEST_STEP][PASSED] - if (verifyTextPresent(errorMsg, true)): null

2023-01-04 14:11:27 - [MESSAGE][PASSED] - Text 'Invoice number length has to be 10 or 13 numeric characters' is present on page  using regular expression

2023-01-04 14:11:27 - [TEST_STEP][PASSED] - println("Error Message is present on the page"): null

2023-01-04 14:11:27 - [TEST_STEP][PASSED] - out.println("Pass Record Number: " + row): null

2023-01-04 14:11:27 - [TEST_STEP][PASSED] - resText = "Pass": null

2023-01-04 14:11:27 - [TEST_STEP][PASSED] - pages.WriteExcel.demoKey(resText, datText, resColumn, datCloumn, fileLoc, nameSheet, row): pages.WriteExcel.demoKey is PASSED

2023-01-04 14:11:27 - [MESSAGE][PASSED] - pages.WriteExcel.demoKey is PASSED]]></system-out>
         <system-err><![CDATA[]]></system-err>
      </testcase>
      <system-out><![CDATA[2023-01-04 13:53:41 - [TEST_SUITE][FAILED] - RAD_UI_TestSuite: Test Cases/RAD_TestCases/UI_TestCases/LandingPage_UI_TC FAILED.
Reason:
com.kms.katalon.core.exception.StepFailedException: com.kms.katalon.core.webui.exception.WebElementNotFoundException: Web element with id: 'Object Repository/RAD_Pages/Landing_Page/a_Comptroller of Maryland' located by '//*[@href = 'https://www.marylandtaxes.com/' and (text() = 'Comptroller of Maryland' or . = 'Comptroller of Maryland')]' not found (Root cause: com.kms.katalon.core.exception.StepFailedException: com.kms.katalon.core.webui.exception.WebElementNotFoundException: Web element with id: 'Object Repository/RAD_Pages/Landing_Page/a_Comptroller of Maryland' located by '//*[@href = 'https://www.marylandtaxes.com/' and (text() = 'Comptroller of Maryland' or . = 'Comptroller of Maryland')]' not found
	at com.kms.katalon.core.webui.keyword.internal.WebUIKeywordMain.stepFailed(WebUIKeywordMain.groovy:64)
	at com.kms.katalon.core.webui.keyword.builtin.VerifyElementPresentKeyword$_verifyElementPresent_closure1.doCall(VerifyElementPresentKeyword.groovy:85)
	at com.kms.katalon.core.webui.keyword.builtin.VerifyElementPresentKeyword$_verifyElementPresent_closure1.call(VerifyElementPresentKeyword.groovy)
	at com.kms.katalon.core.webui.keyword.internal.WebUIKeywordMain.runKeyword(WebUIKeywordMain.groovy:20)
	at com.kms.katalon.core.webui.keyword.builtin.VerifyElementPresentKeyword.verifyElementPresent(VerifyElementPresentKeyword.groovy:92)
	at com.kms.katalon.core.webui.keyword.builtin.VerifyElementPresentKeyword.execute(VerifyElementPresentKeyword.groovy:68)
	at com.kms.katalon.core.keyword.internal.KeywordExecutor.executeKeywordForPlatform(KeywordExecutor.groovy:74)
	at com.kms.katalon.core.webui.keyword.WebUiBuiltInKeywords.verifyElementPresent(WebUiBuiltInKeywords.groovy:1464)
	at com.kms.katalon.core.webui.keyword.WebUiBuiltInKeywords$verifyElementPresent$2.call(Unknown Source)
	at LandingPage_UI_TC.run(LandingPage_UI_TC:133)
	at com.kms.katalon.core.main.ScriptEngine.run(ScriptEngine.java:194)
	at com.kms.katalon.core.main.ScriptEngine.runScriptAsRawText(ScriptEngine.java:119)
	at com.kms.katalon.core.main.TestCaseExecutor.runScript(TestCaseExecutor.java:442)
	at com.kms.katalon.core.main.TestCaseExecutor.doExecute(TestCaseExecutor.java:433)
	at com.kms.katalon.core.main.TestCaseExecutor.processExecutionPhase(TestCaseExecutor.java:412)
	at com.kms.katalon.core.main.TestCaseExecutor.accessMainPhase(TestCaseExecutor.java:404)
	at com.kms.katalon.core.main.TestCaseExecutor.execute(TestCaseExecutor.java:281)
	at com.kms.katalon.core.main.TestSuiteExecutor.accessTestCaseMainPhase(TestSuiteExecutor.java:202)
	at com.kms.katalon.core.main.TestSuiteExecutor.accessTestSuiteMainPhase(TestSuiteExecutor.java:164)
	at com.kms.katalon.core.main.TestSuiteExecutor.execute(TestSuiteExecutor.java:105)
	at com.kms.katalon.core.main.TestCaseMain.startTestSuite(TestCaseMain.java:185)
	at com.kms.katalon.core.main.TestCaseMain$startTestSuite$0.call(Unknown Source)
	at TempTestSuite1672858415003.run(TempTestSuite1672858415003.groovy:36)
)
	at com.kms.katalon.core.keyword.internal.KeywordMain.stepFailed(KeywordMain.groovy:39)
	at com.kms.katalon.core.webui.keyword.internal.WebUIKeywordMain.stepFailed(WebUIKeywordMain.groovy:64)
	at com.kms.katalon.core.webui.keyword.builtin.VerifyElementPresentKeyword$_verifyElementPresent_closure1.doCall(VerifyElementPresentKeyword.groovy:85)
	at com.kms.katalon.core.webui.keyword.builtin.VerifyElementPresentKeyword$_verifyElementPresent_closure1.call(VerifyElementPresentKeyword.groovy)
	at com.kms.katalon.core.webui.keyword.internal.WebUIKeywordMain.runKeyword(WebUIKeywordMain.groovy:20)
	at com.kms.katalon.core.webui.keyword.builtin.VerifyElementPresentKeyword.verifyElementPresent(VerifyElementPresentKeyword.groovy:92)
	at com.kms.katalon.core.webui.keyword.builtin.VerifyElementPresentKeyword.execute(VerifyElementPresentKeyword.groovy:68)
	at com.kms.katalon.core.keyword.internal.KeywordExecutor.executeKeywordForPlatform(KeywordExecutor.groovy:74)
	at com.kms.katalon.core.webui.keyword.WebUiBuiltInKeywords.verifyElementPresent(WebUiBuiltInKeywords.groovy:1464)
	at com.kms.katalon.core.webui.keyword.WebUiBuiltInKeywords$verifyElementPresent$2.call(Unknown Source)
	at LandingPage_UI_TC.run(LandingPage_UI_TC:133)
	at com.kms.katalon.core.main.ScriptEngine.run(ScriptEngine.java:194)
	at com.kms.katalon.core.main.ScriptEngine.runScriptAsRawText(ScriptEngine.java:119)
	at com.kms.katalon.core.main.TestCaseExecutor.runScript(TestCaseExecutor.java:442)
	at com.kms.katalon.core.main.TestCaseExecutor.doExecute(TestCaseExecutor.java:433)
	at com.kms.katalon.core.main.TestCaseExecutor.processExecutionPhase(TestCaseExecutor.java:412)
	at com.kms.katalon.core.main.TestCaseExecutor.accessMainPhase(TestCaseExecutor.java:404)
	at com.kms.katalon.core.main.TestCaseExecutor.execute(TestCaseExecutor.java:281)
	at com.kms.katalon.core.main.TestSuiteExecutor.accessTestCaseMainPhase(TestSuiteExecutor.java:202)
	at com.kms.katalon.core.main.TestSuiteExecutor.accessTestSuiteMainPhase(TestSuiteExecutor.java:164)
	at com.kms.katalon.core.main.TestSuiteExecutor.execute(TestSuiteExecutor.java:105)
	at com.kms.katalon.core.main.TestCaseMain.startTestSuite(TestCaseMain.java:185)
	at com.kms.katalon.core.main.TestCaseMain$startTestSuite$0.call(Unknown Source)
	at TempTestSuite1672858415003.run(TempTestSuite1672858415003.groovy:36)
Caused by: com.kms.katalon.core.exception.StepFailedException: com.kms.katalon.core.webui.exception.WebElementNotFoundException: Web element with id: 'Object Repository/RAD_Pages/Landing_Page/a_Comptroller of Maryland' located by '//*[@href = 'https://www.marylandtaxes.com/' and (text() = 'Comptroller of Maryland' or . = 'Comptroller of Maryland')]' not found
	... 23 more]]></system-out>
      <system-err><![CDATA[2023-01-04 13:53:41 - [TEST_SUITE][FAILED] - RAD_UI_TestSuite: Test Cases/RAD_TestCases/UI_TestCases/LandingPage_UI_TC FAILED.
Reason:
com.kms.katalon.core.exception.StepFailedException: com.kms.katalon.core.webui.exception.WebElementNotFoundException: Web element with id: 'Object Repository/RAD_Pages/Landing_Page/a_Comptroller of Maryland' located by '//*[@href = 'https://www.marylandtaxes.com/' and (text() = 'Comptroller of Maryland' or . = 'Comptroller of Maryland')]' not found (Root cause: com.kms.katalon.core.exception.StepFailedException: com.kms.katalon.core.webui.exception.WebElementNotFoundException: Web element with id: 'Object Repository/RAD_Pages/Landing_Page/a_Comptroller of Maryland' located by '//*[@href = 'https://www.marylandtaxes.com/' and (text() = 'Comptroller of Maryland' or . = 'Comptroller of Maryland')]' not found
	at com.kms.katalon.core.webui.keyword.internal.WebUIKeywordMain.stepFailed(WebUIKeywordMain.groovy:64)
	at com.kms.katalon.core.webui.keyword.builtin.VerifyElementPresentKeyword$_verifyElementPresent_closure1.doCall(VerifyElementPresentKeyword.groovy:85)
	at com.kms.katalon.core.webui.keyword.builtin.VerifyElementPresentKeyword$_verifyElementPresent_closure1.call(VerifyElementPresentKeyword.groovy)
	at com.kms.katalon.core.webui.keyword.internal.WebUIKeywordMain.runKeyword(WebUIKeywordMain.groovy:20)
	at com.kms.katalon.core.webui.keyword.builtin.VerifyElementPresentKeyword.verifyElementPresent(VerifyElementPresentKeyword.groovy:92)
	at com.kms.katalon.core.webui.keyword.builtin.VerifyElementPresentKeyword.execute(VerifyElementPresentKeyword.groovy:68)
	at com.kms.katalon.core.keyword.internal.KeywordExecutor.executeKeywordForPlatform(KeywordExecutor.groovy:74)
	at com.kms.katalon.core.webui.keyword.WebUiBuiltInKeywords.verifyElementPresent(WebUiBuiltInKeywords.groovy:1464)
	at com.kms.katalon.core.webui.keyword.WebUiBuiltInKeywords$verifyElementPresent$2.call(Unknown Source)
	at LandingPage_UI_TC.run(LandingPage_UI_TC:133)
	at com.kms.katalon.core.main.ScriptEngine.run(ScriptEngine.java:194)
	at com.kms.katalon.core.main.ScriptEngine.runScriptAsRawText(ScriptEngine.java:119)
	at com.kms.katalon.core.main.TestCaseExecutor.runScript(TestCaseExecutor.java:442)
	at com.kms.katalon.core.main.TestCaseExecutor.doExecute(TestCaseExecutor.java:433)
	at com.kms.katalon.core.main.TestCaseExecutor.processExecutionPhase(TestCaseExecutor.java:412)
	at com.kms.katalon.core.main.TestCaseExecutor.accessMainPhase(TestCaseExecutor.java:404)
	at com.kms.katalon.core.main.TestCaseExecutor.execute(TestCaseExecutor.java:281)
	at com.kms.katalon.core.main.TestSuiteExecutor.accessTestCaseMainPhase(TestSuiteExecutor.java:202)
	at com.kms.katalon.core.main.TestSuiteExecutor.accessTestSuiteMainPhase(TestSuiteExecutor.java:164)
	at com.kms.katalon.core.main.TestSuiteExecutor.execute(TestSuiteExecutor.java:105)
	at com.kms.katalon.core.main.TestCaseMain.startTestSuite(TestCaseMain.java:185)
	at com.kms.katalon.core.main.TestCaseMain$startTestSuite$0.call(Unknown Source)
	at TempTestSuite1672858415003.run(TempTestSuite1672858415003.groovy:36)
)
	at com.kms.katalon.core.keyword.internal.KeywordMain.stepFailed(KeywordMain.groovy:39)
	at com.kms.katalon.core.webui.keyword.internal.WebUIKeywordMain.stepFailed(WebUIKeywordMain.groovy:64)
	at com.kms.katalon.core.webui.keyword.builtin.VerifyElementPresentKeyword$_verifyElementPresent_closure1.doCall(VerifyElementPresentKeyword.groovy:85)
	at com.kms.katalon.core.webui.keyword.builtin.VerifyElementPresentKeyword$_verifyElementPresent_closure1.call(VerifyElementPresentKeyword.groovy)
	at com.kms.katalon.core.webui.keyword.internal.WebUIKeywordMain.runKeyword(WebUIKeywordMain.groovy:20)
	at com.kms.katalon.core.webui.keyword.builtin.VerifyElementPresentKeyword.verifyElementPresent(VerifyElementPresentKeyword.groovy:92)
	at com.kms.katalon.core.webui.keyword.builtin.VerifyElementPresentKeyword.execute(VerifyElementPresentKeyword.groovy:68)
	at com.kms.katalon.core.keyword.internal.KeywordExecutor.executeKeywordForPlatform(KeywordExecutor.groovy:74)
	at com.kms.katalon.core.webui.keyword.WebUiBuiltInKeywords.verifyElementPresent(WebUiBuiltInKeywords.groovy:1464)
	at com.kms.katalon.core.webui.keyword.WebUiBuiltInKeywords$verifyElementPresent$2.call(Unknown Source)
	at LandingPage_UI_TC.run(LandingPage_UI_TC:133)
	at com.kms.katalon.core.main.ScriptEngine.run(ScriptEngine.java:194)
	at com.kms.katalon.core.main.ScriptEngine.runScriptAsRawText(ScriptEngine.java:119)
	at com.kms.katalon.core.main.TestCaseExecutor.runScript(TestCaseExecutor.java:442)
	at com.kms.katalon.core.main.TestCaseExecutor.doExecute(TestCaseExecutor.java:433)
	at com.kms.katalon.core.main.TestCaseExecutor.processExecutionPhase(TestCaseExecutor.java:412)
	at com.kms.katalon.core.main.TestCaseExecutor.accessMainPhase(TestCaseExecutor.java:404)
	at com.kms.katalon.core.main.TestCaseExecutor.execute(TestCaseExecutor.java:281)
	at com.kms.katalon.core.main.TestSuiteExecutor.accessTestCaseMainPhase(TestSuiteExecutor.java:202)
	at com.kms.katalon.core.main.TestSuiteExecutor.accessTestSuiteMainPhase(TestSuiteExecutor.java:164)
	at com.kms.katalon.core.main.TestSuiteExecutor.execute(TestSuiteExecutor.java:105)
	at com.kms.katalon.core.main.TestCaseMain.startTestSuite(TestCaseMain.java:185)
	at com.kms.katalon.core.main.TestCaseMain$startTestSuite$0.call(Unknown Source)
	at TempTestSuite1672858415003.run(TempTestSuite1672858415003.groovy:36)
Caused by: com.kms.katalon.core.exception.StepFailedException: com.kms.katalon.core.webui.exception.WebElementNotFoundException: Web element with id: 'Object Repository/RAD_Pages/Landing_Page/a_Comptroller of Maryland' located by '//*[@href = 'https://www.marylandtaxes.com/' and (text() = 'Comptroller of Maryland' or . = 'Comptroller of Maryland')]' not found
	... 23 more]]></system-err>
   </testsuite>
</testsuites>
