<?xml version="1.0" encoding="UTF-8"?>
<testsuites name="RAD_UI_TestSuite" time="6394.837" tests="30" failures="8" errors="0">
   <testsuite name="RAD_UI_TestSuite" tests="30" failures="8" errors="0" time="6394.837" skipped="0" timestamp="2021-11-08 12:10:07" hostname="iahmed - DESKTOP-B2QI6NS.govolution.com" id="Test Suites/RAD_TestSuite/RAD_UI_TestSuite">
      <properties>
         <property name="deviceName" value=""/>
         <property name="devicePlatform" value=""/>
         <property name="logFolder" value="E:\\Cloned-Project-Katalon\\VPS-Katalon\\Reports\\20211108_121003\\RAD_TestSuite\\RAD_UI_TestSuite\\20211108_121003"/>
         <property name="logFiles" value="E:\\Cloned-Project-Katalon\\VPS-Katalon\\Reports\\20211108_121003\\RAD_TestSuite\\RAD_UI_TestSuite\\20211108_121003\\execution0.log, E:\\Cloned-Project-Katalon\\VPS-Katalon\\Reports\\20211108_121003\\RAD_TestSuite\\RAD_UI_TestSuite\\20211108_121003\\execution1.log"/>
         <property name="attachments" value="E:\\Cloned-Project-Katalon\\VPS-Katalon\\Reports\\20211108_121003\\RAD_TestSuite\\RAD_UI_TestSuite\\20211108_121003\\1636391625643.png, E:\\Cloned-Project-Katalon\\VPS-Katalon\\Reports\\20211108_121003\\RAD_TestSuite\\RAD_UI_TestSuite\\20211108_121003\\1636391644273.png, E:\\Cloned-Project-Katalon\\VPS-Katalon\\Reports\\20211108_121003\\RAD_TestSuite\\RAD_UI_TestSuite\\20211108_121003\\1636391663167.png, E:\\Cloned-Project-Katalon\\VPS-Katalon\\Reports\\20211108_121003\\RAD_TestSuite\\RAD_UI_TestSuite\\20211108_121003\\1636391716256.png, E:\\Cloned-Project-Katalon\\VPS-Katalon\\Reports\\20211108_121003\\RAD_TestSuite\\RAD_UI_TestSuite\\20211108_121003\\1636391716536.png, E:\\Cloned-Project-Katalon\\VPS-Katalon\\Reports\\20211108_121003\\RAD_TestSuite\\RAD_UI_TestSuite\\20211108_121003\\1636391720769.png, E:\\Cloned-Project-Katalon\\VPS-Katalon\\Reports\\20211108_121003\\RAD_TestSuite\\RAD_UI_TestSuite\\20211108_121003\\1636391730640.png, E:\\Cloned-Project-Katalon\\VPS-Katalon\\Reports\\20211108_121003\\RAD_TestSuite\\RAD_UI_TestSuite\\20211108_121003\\1636391730915.png, E:\\Cloned-Project-Katalon\\VPS-Katalon\\Reports\\20211108_121003\\RAD_TestSuite\\RAD_UI_TestSuite\\20211108_121003\\1636391735151.png, E:\\Cloned-Project-Katalon\\VPS-Katalon\\Reports\\20211108_121003\\RAD_TestSuite\\RAD_UI_TestSuite\\20211108_121003\\1636391745233.png, E:\\Cloned-Project-Katalon\\VPS-Katalon\\Reports\\20211108_121003\\RAD_TestSuite\\RAD_UI_TestSuite\\20211108_121003\\1636391745511.png, E:\\Cloned-Project-Katalon\\VPS-Katalon\\Reports\\20211108_121003\\RAD_TestSuite\\RAD_UI_TestSuite\\20211108_121003\\1636391749737.png, E:\\Cloned-Project-Katalon\\VPS-Katalon\\Reports\\20211108_121003\\RAD_TestSuite\\RAD_UI_TestSuite\\20211108_121003\\1636391986121.png, E:\\Cloned-Project-Katalon\\VPS-Katalon\\Reports\\20211108_121003\\RAD_TestSuite\\RAD_UI_TestSuite\\20211108_121003\\1636391986749.png, E:\\Cloned-Project-Katalon\\VPS-Katalon\\Reports\\20211108_121003\\RAD_TestSuite\\RAD_UI_TestSuite\\20211108_121003\\1636392002414.png, E:\\Cloned-Project-Katalon\\VPS-Katalon\\Reports\\20211108_121003\\RAD_TestSuite\\RAD_UI_TestSuite\\20211108_121003\\1636392004833.png, E:\\Cloned-Project-Katalon\\VPS-Katalon\\Reports\\20211108_121003\\RAD_TestSuite\\RAD_UI_TestSuite\\20211108_121003\\1636392039146.png, E:\\Cloned-Project-Katalon\\VPS-Katalon\\Reports\\20211108_121003\\RAD_TestSuite\\RAD_UI_TestSuite\\20211108_121003\\1636392138609.png, E:\\Cloned-Project-Katalon\\VPS-Katalon\\Reports\\20211108_121003\\RAD_TestSuite\\RAD_UI_TestSuite\\20211108_121003\\1636392173677.png, E:\\Cloned-Project-Katalon\\VPS-Katalon\\Reports\\20211108_121003\\RAD_TestSuite\\RAD_UI_TestSuite\\20211108_121003\\1636392208764.png, E:\\Cloned-Project-Katalon\\VPS-Katalon\\Reports\\20211108_121003\\RAD_TestSuite\\RAD_UI_TestSuite\\20211108_121003\\1636392668082.png, E:\\Cloned-Project-Katalon\\VPS-Katalon\\Reports\\20211108_121003\\RAD_TestSuite\\RAD_UI_TestSuite\\20211108_121003\\1636392668721.png, E:\\Cloned-Project-Katalon\\VPS-Katalon\\Reports\\20211108_121003\\RAD_TestSuite\\RAD_UI_TestSuite\\20211108_121003\\1636392684331.png, E:\\Cloned-Project-Katalon\\VPS-Katalon\\Reports\\20211108_121003\\RAD_TestSuite\\RAD_UI_TestSuite\\20211108_121003\\1636392686725.png, E:\\Cloned-Project-Katalon\\VPS-Katalon\\Reports\\20211108_121003\\RAD_TestSuite\\RAD_UI_TestSuite\\20211108_121003\\1636392720944.png, E:\\Cloned-Project-Katalon\\VPS-Katalon\\Reports\\20211108_121003\\RAD_TestSuite\\RAD_UI_TestSuite\\20211108_121003\\1636392816083.png, E:\\Cloned-Project-Katalon\\VPS-Katalon\\Reports\\20211108_121003\\RAD_TestSuite\\RAD_UI_TestSuite\\20211108_121003\\1636392850980.png, E:\\Cloned-Project-Katalon\\VPS-Katalon\\Reports\\20211108_121003\\RAD_TestSuite\\RAD_UI_TestSuite\\20211108_121003\\1636392885976.png, E:\\Cloned-Project-Katalon\\VPS-Katalon\\Reports\\20211108_121003\\RAD_TestSuite\\RAD_UI_TestSuite\\20211108_121003\\1636392918654.png, E:\\Cloned-Project-Katalon\\VPS-Katalon\\Reports\\20211108_121003\\RAD_TestSuite\\RAD_UI_TestSuite\\20211108_121003\\1636392951458.png, E:\\Cloned-Project-Katalon\\VPS-Katalon\\Reports\\20211108_121003\\RAD_TestSuite\\RAD_UI_TestSuite\\20211108_121003\\1636393076214.png, E:\\Cloned-Project-Katalon\\VPS-Katalon\\Reports\\20211108_121003\\RAD_TestSuite\\RAD_UI_TestSuite\\20211108_121003\\1636393236658.png, E:\\Cloned-Project-Katalon\\VPS-Katalon\\Reports\\20211108_121003\\RAD_TestSuite\\RAD_UI_TestSuite\\20211108_121003\\1636393271395.png, E:\\Cloned-Project-Katalon\\VPS-Katalon\\Reports\\20211108_121003\\RAD_TestSuite\\RAD_UI_TestSuite\\20211108_121003\\1636393306709.png, E:\\Cloned-Project-Katalon\\VPS-Katalon\\Reports\\20211108_121003\\RAD_TestSuite\\RAD_UI_TestSuite\\20211108_121003\\1636393339596.png, E:\\Cloned-Project-Katalon\\VPS-Katalon\\Reports\\20211108_121003\\RAD_TestSuite\\RAD_UI_TestSuite\\20211108_121003\\1636393372298.png, E:\\Cloned-Project-Katalon\\VPS-Katalon\\Reports\\20211108_121003\\RAD_TestSuite\\RAD_UI_TestSuite\\20211108_121003\\1636393919024.png, E:\\Cloned-Project-Katalon\\VPS-Katalon\\Reports\\20211108_121003\\RAD_TestSuite\\RAD_UI_TestSuite\\20211108_121003\\1636393997362.png, E:\\Cloned-Project-Katalon\\VPS-Katalon\\Reports\\20211108_121003\\RAD_TestSuite\\RAD_UI_TestSuite\\20211108_121003\\1636394960983.png, E:\\Cloned-Project-Katalon\\VPS-Katalon\\Reports\\20211108_121003\\RAD_TestSuite\\RAD_UI_TestSuite\\20211108_121003\\1636395041165.png, E:\\Cloned-Project-Katalon\\VPS-Katalon\\Reports\\20211108_121003\\RAD_TestSuite\\RAD_UI_TestSuite\\20211108_121003\\1636396008640.png, E:\\Cloned-Project-Katalon\\VPS-Katalon\\Reports\\20211108_121003\\RAD_TestSuite\\RAD_UI_TestSuite\\20211108_121003\\1636396086748.png, E:\\Cloned-Project-Katalon\\VPS-Katalon\\Reports\\20211108_121003\\RAD_TestSuite\\RAD_UI_TestSuite\\20211108_121003\\1636397788237.png, E:\\Cloned-Project-Katalon\\VPS-Katalon\\Reports\\20211108_121003\\RAD_TestSuite\\RAD_UI_TestSuite\\20211108_121003\\1636397788808.png, E:\\Cloned-Project-Katalon\\VPS-Katalon\\Reports\\20211108_121003\\RAD_TestSuite\\RAD_UI_TestSuite\\20211108_121003\\1636397789639.png"/>
         <property name="hostName" value="iahmed - DESKTOP-B2QI6NS.govolution.com"/>
         <property name="os" value="Windows 10 64bit"/>
         <property name="katalonVersion" value="8.1.0.208"/>
         <property name="browser" value="Chrome 95.0.4638.69"/>
         <property name="hostAddress" value="172.30.2.167"/>
         <property name="sessionId" value="6b1492c279c94ff1e2fdb1d760424ec2"/>
         <property name="seleniumVersion" value="3.141.59"/>
         <property name="proxyInformation" value="ProxyInformation { proxyOption=NO_PROXY, proxyServerType=HTTP, username=, password=********, proxyServerAddress=, proxyServerPort=0, executionList=&quot;&quot;, isApplyToDesiredCapabilities=true }"/>
         <property name="platform" value="Windows 10"/>
      </properties>
      <testcase name="Test Cases/RAD_TestCases/UI_TestCases/LandingPage_UI_TC" time="15.28" classname="Test Cases/RAD_TestCases/UI_TestCases/LandingPage_UI_TC" status="PASSED">
         <system-out><![CDATA[2021-11-08 12:10:07 - [TEST_CASE][PASSED] - Test Cases/RAD_TestCases/UI_TestCases/LandingPage_UI_TC: Test Cases/RAD_TestCases/UI_TestCases/LandingPage_UI_TC

2021-11-08 12:10:08 - [TEST_STEP][PASSED] - openBrowser(""): Browser is opened with url: ''

2021-11-08 12:10:08 - [MESSAGE][INFO] - Starting 'Chrome' driver

2021-11-08 12:10:08 - [MESSAGE][INFO] - User set preference: ['acceptInsecureCerts', 'true']

2021-11-08 12:10:08 - [MESSAGE][INFO] - Action delay is set to 0 milliseconds

2021-11-08 12:10:12 - [MESSAGE][PASSED] - Browser is opened with url: ''

2021-11-08 12:10:12 - [TEST_STEP][PASSED] - maximizeWindow(): Current window maximized

2021-11-08 12:10:12 - [MESSAGE][PASSED] - Current window maximized

2021-11-08 12:10:12 - [TEST_STEP][PASSED] - navigateToUrl(RADurl): Navigate to 'https://qa.velocitypayment.com/client/rad/index.html' successfully

2021-11-08 12:10:14 - [MESSAGE][PASSED] - Navigate to 'https://qa.velocitypayment.com/client/rad/index.html' successfully

2021-11-08 12:10:14 - [TEST_STEP][PASSED] - orPath = "Object Repository/RAD_Pages/Landing_Page": null

2021-11-08 12:10:14 - [TEST_STEP][PASSED] - if (verifyElementPresent(findTestObject(orPath + "/dd_TaxType"), 30)): null

2021-11-08 12:10:14 - [MESSAGE][PASSED] - Object 'Object Repository/RAD_Pages/Landing_Page/dd_TaxType' is present

2021-11-08 12:10:14 - [TEST_STEP][PASSED] - out.println("Tax Type/Filing Year drop down was found on the Landing Page"): null

2021-11-08 12:10:14 - [TEST_STEP][PASSED] - if (verifyTextPresent("Your Progress", true)): null

2021-11-08 12:10:15 - [MESSAGE][PASSED] - Text 'Your Progress' is present on page  using regular expression

2021-11-08 12:10:15 - [TEST_STEP][PASSED] - out.println("Your Progress Static text was found on the Landing Page"): null

2021-11-08 12:10:15 - [TEST_STEP][PASSED] - if (verifyTextPresent("Tax Type/Taxpayer Information", true)): null

2021-11-08 12:10:15 - [MESSAGE][PASSED] - Text 'Tax Type/Taxpayer Information' is present on page  using regular expression

2021-11-08 12:10:15 - [TEST_STEP][PASSED] - out.println("Tax Type/Taxpayer Information text was found on the Landing Page"): null

2021-11-08 12:10:15 - [TEST_STEP][PASSED] - if (verifyTextPresent("Summary", true)): null

2021-11-08 12:10:16 - [MESSAGE][PASSED] - Text 'Summary' is present on page  using regular expression

2021-11-08 12:10:16 - [TEST_STEP][PASSED] - out.println("Summary Static text was found on the Landing Page"): null

2021-11-08 12:10:16 - [TEST_STEP][PASSED] - if (verifyTextPresent("Need Help?", true)): null

2021-11-08 12:10:16 - [MESSAGE][PASSED] - Text 'Need Help?' is present on page  using regular expression

2021-11-08 12:10:16 - [TEST_STEP][PASSED] - out.println("Need Help? Static text was found on the Landing Page"): null

2021-11-08 12:10:16 - [TEST_STEP][PASSED] - if (verifyTextPresent("FOR TAX RELATED QUESTIONS", true)): null

2021-11-08 12:10:16 - [MESSAGE][PASSED] - Text 'FOR TAX RELATED QUESTIONS' is present on page  using regular expression

2021-11-08 12:10:16 - [TEST_STEP][PASSED] - out.println("FOR TAX RELATED QUESTIONS Static text was found on the Landing Page"): null

2021-11-08 12:10:16 - [TEST_STEP][PASSED] - if (verifyElementPresent(findTestObject(orPath + "/button_Continue"), 30)): null

2021-11-08 12:10:17 - [MESSAGE][PASSED] - Object 'Object Repository/RAD_Pages/Landing_Page/button_Continue' is present

2021-11-08 12:10:17 - [TEST_STEP][PASSED] - out.println("Continue Button was found on the Landing Page"): null

2021-11-08 12:10:17 - [TEST_STEP][PASSED] - if (verifyElementPresent(findTestObject(orPath + "/a_taxhelpmarylandtaxes.gov"), 30)): null

2021-11-08 12:10:17 - [MESSAGE][PASSED] - Object 'Object Repository/RAD_Pages/Landing_Page/a_taxhelpmarylandtaxes.gov' is present

2021-11-08 12:10:17 - [TEST_STEP][PASSED] - out.println("Tax Help Maryland.gov link was found on the Landing Page"): null

2021-11-08 12:10:17 - [TEST_STEP][PASSED] - if (verifyElementPresent(findTestObject(orPath + "/a_For technical questions and support"), 30)): null

2021-11-08 12:10:17 - [MESSAGE][PASSED] - Object 'Object Repository/RAD_Pages/Landing_Page/a_For technical questions and support' is present

2021-11-08 12:10:17 - [TEST_STEP][PASSED] - out.println("For technical questions and support link was found on the Landing Page"): null

2021-11-08 12:10:17 - [TEST_STEP][PASSED] - if (verifyElementPresent(findTestObject(orPath + "/a_Comptroller of Maryland"), 30)): null

2021-11-08 12:10:17 - [MESSAGE][PASSED] - Object 'Object Repository/RAD_Pages/Landing_Page/a_Comptroller of Maryland' is present

2021-11-08 12:10:17 - [TEST_STEP][PASSED] - out.println("Comptroller of Maryland link was found on the Landing Page"): null

2021-11-08 12:10:17 - [TEST_STEP][PASSED] - if (verifyElementPresent(findTestObject(orPath + "/a_Department of Information Technology (DoIT)"), 30)): null

2021-11-08 12:10:18 - [MESSAGE][PASSED] - Object 'Object Repository/RAD_Pages/Landing_Page/a_Department of Information Technology (DoIT)' is present

2021-11-08 12:10:18 - [TEST_STEP][PASSED] - out.println("Department of Information Technology link was found on the Landing Page"): null

2021-11-08 12:10:18 - [TEST_STEP][PASSED] - if (verifyElementPresent(findTestObject(orPath + "/a_double_arrow Click for 247 Support"), 30)): null

2021-11-08 12:10:18 - [MESSAGE][PASSED] - Object 'Object Repository/RAD_Pages/Landing_Page/a_double_arrow Click for 247 Support' is present

2021-11-08 12:10:18 - [TEST_STEP][PASSED] - out.println("Click for 24/7 Support link was found on the Landing Page"): null

2021-11-08 12:10:18 - [TEST_STEP][PASSED] - if (verifyElementPresent(findTestObject(orPath + "/a_Maryland.gov"), 30)): null

2021-11-08 12:10:18 - [MESSAGE][PASSED] - Object 'Object Repository/RAD_Pages/Landing_Page/a_Maryland.gov' is present

2021-11-08 12:10:18 - [TEST_STEP][PASSED] - out.println("Mayrland.gov link was found on the Landing Page"): null

2021-11-08 12:10:18 - [TEST_STEP][PASSED] - totalOptions = getNumberOfTotalOption(findTestObject(orPath + "/dd_TaxType")): 7 options of object 'Object Repository/RAD_Pages/Landing_Page/dd_TaxType' counted

2021-11-08 12:10:19 - [MESSAGE][PASSED] - 7 options of object 'Object Repository/RAD_Pages/Landing_Page/dd_TaxType' counted

2021-11-08 12:10:19 - [TEST_STEP][PASSED] - if (totalOptions == 7): Total Options are correct

2021-11-08 12:10:19 - [TEST_STEP][PASSED] - out.println("Total Options are correct: " + totalOptions): null

2021-11-08 12:10:19 - [TEST_STEP][PASSED] - markPassed("Total Options are correct"): Total Options are correct

2021-11-08 12:10:19 - [MESSAGE][PASSED] - Total Options are correct

2021-11-08 12:10:19 - [TEST_STEP][PASSED] - if (verifyOptionPresentByLabel(findTestObject(orPath + "/dd_TaxType"), "Estimated Tax", false, 60)): null

2021-11-08 12:10:20 - [MESSAGE][PASSED] - 1 option(s) with label 'Estimated Tax' is/are present in object 'Object Repository/RAD_Pages/Landing_Page/dd_TaxType' 

2021-11-08 12:10:20 - [TEST_STEP][PASSED] - out.println("Estimated Tax Option is present in the Tax Type Drop Down"): null

2021-11-08 12:10:20 - [TEST_STEP][PASSED] - if (verifyOptionPresentByLabel(findTestObject(orPath + "/dd_TaxType"), "Personal Income Tax", false, 60)): null

2021-11-08 12:10:20 - [MESSAGE][PASSED] - 1 option(s) with label 'Personal Income Tax' is/are present in object 'Object Repository/RAD_Pages/Landing_Page/dd_TaxType' 

2021-11-08 12:10:20 - [TEST_STEP][PASSED] - out.println("Personal Income Tax Option is present in the Tax Type Drop Down"): null

2021-11-08 12:10:20 - [TEST_STEP][PASSED] - if (verifyOptionPresentByLabel(findTestObject(orPath + "/dd_TaxType"), "Extension Payments", false, 60)): null

2021-11-08 12:10:21 - [MESSAGE][PASSED] - 1 option(s) with label 'Extension Payments' is/are present in object 'Object Repository/RAD_Pages/Landing_Page/dd_TaxType' 

2021-11-08 12:10:21 - [TEST_STEP][PASSED] - out.println("Extension Payments Option is present in the Tax Type Drop Down"): null

2021-11-08 12:10:21 - [TEST_STEP][PASSED] - if (verifyOptionPresentByLabel(findTestObject(orPath + "/dd_TaxType"), "Existing Liability", false, 60)): null

2021-11-08 12:10:22 - [MESSAGE][PASSED] - 1 option(s) with label 'Existing Liability' is/are present in object 'Object Repository/RAD_Pages/Landing_Page/dd_TaxType' 

2021-11-08 12:10:22 - [TEST_STEP][PASSED] - out.println("Existing Liability Option is present in the Tax Type Drop Down"): null

2021-11-08 12:10:22 - [TEST_STEP][PASSED] - if (verifyOptionPresentByLabel(findTestObject(orPath + "/dd_TaxType"), "Sales and Use", false, 60)): null

2021-11-08 12:10:22 - [MESSAGE][PASSED] - 1 option(s) with label 'Sales and Use' is/are present in object 'Object Repository/RAD_Pages/Landing_Page/dd_TaxType' 

2021-11-08 12:10:22 - [TEST_STEP][PASSED] - out.println("Sales and Use Option is present in the Tax Type Drop Down"): null

2021-11-08 12:10:22 - [TEST_STEP][PASSED] - if (verifyOptionPresentByLabel(findTestObject(orPath + "/dd_TaxType"), "Withholding Tax", false, 60)): null

2021-11-08 12:10:23 - [MESSAGE][PASSED] - 1 option(s) with label 'Withholding Tax' is/are present in object 'Object Repository/RAD_Pages/Landing_Page/dd_TaxType' 

2021-11-08 12:10:23 - [TEST_STEP][PASSED] - out.println("Withholding Tax Option is present in the Tax Type Drop Down"): null]]></system-out>
         <system-err><![CDATA[]]></system-err>
      </testcase>
      <testcase name="Test Cases/RAD_TestCases/UI_TestCases/EstimatedTax_UI_TC" time="27.264" classname="Test Cases/RAD_TestCases/UI_TestCases/EstimatedTax_UI_TC" status="PASSED">
         <system-out><![CDATA[2021-11-08 12:10:23 - [TEST_CASE][PASSED] - Test Cases/RAD_TestCases/UI_TestCases/EstimatedTax_UI_TC: Test Cases/RAD_TestCases/UI_TestCases/EstimatedTax_UI_TC

2021-11-08 12:10:23 - [TEST_STEP][PASSED] - openBrowser(""): Browser is opened with url: ''

2021-11-08 12:10:23 - [MESSAGE][WARNING] - A browser is already opened. Closing browser and opening a new one

2021-11-08 12:10:24 - [MESSAGE][INFO] - Starting 'Chrome' driver

2021-11-08 12:10:24 - [MESSAGE][INFO] - User set preference: ['acceptInsecureCerts', 'true']

2021-11-08 12:10:24 - [MESSAGE][INFO] - Action delay is set to 0 milliseconds

2021-11-08 12:10:25 - [MESSAGE][PASSED] - Browser is opened with url: ''

2021-11-08 12:10:25 - [TEST_STEP][PASSED] - maximizeWindow(): Current window maximized

2021-11-08 12:10:26 - [MESSAGE][PASSED] - Current window maximized

2021-11-08 12:10:26 - [TEST_STEP][PASSED] - navigateToUrl(RADurl): Navigate to 'https://qa.velocitypayment.com/client/rad/index.html' successfully

2021-11-08 12:10:28 - [MESSAGE][PASSED] - Navigate to 'https://qa.velocitypayment.com/client/rad/index.html' successfully

2021-11-08 12:10:28 - [TEST_STEP][PASSED] - orPath_Landing = "Object Repository/RAD_Pages/Landing_Page": null

2021-11-08 12:10:28 - [TEST_STEP][PASSED] - orPath_TaxTypeFilingYear = "Object Repository/RAD_Pages/TaxTypeFilingYear_Page": null

2021-11-08 12:10:28 - [TEST_STEP][PASSED] - orPath_TaxPayer = "Object Repository/RAD_Pages/Taxpayer_Page": null

2021-11-08 12:10:28 - [TEST_STEP][PASSED] - orPath_AddressContact = "Object Repository/RAD_Pages/AddressAndContactInfo_Page": null

2021-11-08 12:10:28 - [TEST_STEP][PASSED] - orPath_FilingStatus = "Object Repository/RAD_Pages/FilingStatus_Page": null

2021-11-08 12:10:28 - [TEST_STEP][PASSED] - orPath_Amount = "Object Repository/RAD_Pages/PaymentAmount_Page": null

2021-11-08 12:10:28 - [TEST_STEP][PASSED] - selectOptionByLabel(findTestObject(orPath_Landing + "/dd_TaxType"), "Estimated Tax", false): All options with label 'Estimated Tax' are selected in object 'Object Repository/RAD_Pages/Landing_Page/dd_TaxType' 

2021-11-08 12:10:28 - [MESSAGE][PASSED] - All options with label 'Estimated Tax' are selected in object 'Object Repository/RAD_Pages/Landing_Page/dd_TaxType' 

2021-11-08 12:10:28 - [TEST_STEP][PASSED] - if (verifyElementPresent(findTestObject(orPath_TaxTypeFilingYear + "/select_PaymentType"), 30)): null

2021-11-08 12:10:29 - [MESSAGE][PASSED] - Object 'Object Repository/RAD_Pages/TaxTypeFilingYear_Page/select_PaymentType' is present

2021-11-08 12:10:29 - [TEST_STEP][PASSED] - out.println("Payment Type drop down was found on the Estimated Tax Page"): null

2021-11-08 12:10:29 - [TEST_STEP][PASSED] - if (verifyElementPresent(findTestObject(orPath_TaxTypeFilingYear + "/select_FilingYear"), 30)): null

2021-11-08 12:10:29 - [MESSAGE][PASSED] - Object 'Object Repository/RAD_Pages/TaxTypeFilingYear_Page/select_FilingYear' is present

2021-11-08 12:10:29 - [TEST_STEP][PASSED] - out.println("Filing Year drop down was found on the Estimated Tax Page"): null

2021-11-08 12:10:29 - [TEST_STEP][PASSED] - totalOptionsPaymentType = getNumberOfTotalOption(findTestObject(orPath_TaxTypeFilingYear + "/select_PaymentType")): 3 options of object 'Object Repository/RAD_Pages/TaxTypeFilingYear_Page/select_PaymentType' counted

2021-11-08 12:10:30 - [MESSAGE][PASSED] - 3 options of object 'Object Repository/RAD_Pages/TaxTypeFilingYear_Page/select_PaymentType' counted

2021-11-08 12:10:30 - [TEST_STEP][PASSED] - if (verifyEqual(totalOptionsPaymentType, 3)): null

2021-11-08 12:10:30 - [MESSAGE][PASSED] - Actual object '3' and expected object '3' are equal

2021-11-08 12:10:30 - [TEST_STEP][PASSED] - out.println("Total Options for Payment Type are correct: " + totalOptionsPaymentType): null

2021-11-08 12:10:30 - [TEST_STEP][PASSED] - markPassed("Total Options are correct for Payment Type"): Total Options are correct for Payment Type

2021-11-08 12:10:30 - [MESSAGE][PASSED] - Total Options are correct for Payment Type

2021-11-08 12:10:30 - [TEST_STEP][PASSED] - totalOptionsFilingYear = getNumberOfTotalOption(findTestObject(orPath_TaxTypeFilingYear + "/select_FilingYear")): 1 options of object 'Object Repository/RAD_Pages/TaxTypeFilingYear_Page/select_FilingYear' counted

2021-11-08 12:10:30 - [MESSAGE][PASSED] - 1 options of object 'Object Repository/RAD_Pages/TaxTypeFilingYear_Page/select_FilingYear' counted

2021-11-08 12:10:30 - [TEST_STEP][PASSED] - if (verifyEqual(totalOptionsFilingYear, 1)): null

2021-11-08 12:10:30 - [MESSAGE][PASSED] - Actual object '1' and expected object '1' are equal

2021-11-08 12:10:30 - [TEST_STEP][PASSED] - out.println("Total Options for Filing Year are correct: " + totalOptionsFilingYear): null

2021-11-08 12:10:30 - [TEST_STEP][PASSED] - markPassed("Total Options are correct for Filing Year"): Total Options are correct for Filing Year

2021-11-08 12:10:30 - [MESSAGE][PASSED] - Total Options are correct for Filing Year

2021-11-08 12:10:30 - [TEST_STEP][PASSED] - verifyOptionsPresent(findTestObject(orPath_TaxTypeFilingYear + "/select_PaymentType"), ["Personal", "Corporate"]): Options [Personal, Corporate] present.

2021-11-08 12:10:31 - [MESSAGE][PASSED] - Options [Personal, Corporate] present.

2021-11-08 12:10:31 - [TEST_STEP][PASSED] - verifyOptionsPresent(findTestObject(orPath_TaxTypeFilingYear + "/select_FilingYear"), ["2021"]): Options [2021] present.

2021-11-08 12:10:32 - [MESSAGE][PASSED] - Options [2021] present.

2021-11-08 12:10:32 - [TEST_STEP][PASSED] - verifyTextPresent("Tax Type/Filing Year", true): Text 'Tax Type/Filing Year' is present on page  using regular expression

2021-11-08 12:10:32 - [MESSAGE][PASSED] - Text 'Tax Type/Filing Year' is present on page  using regular expression

2021-11-08 12:10:32 - [TEST_STEP][PASSED] - verifyTextPresent("Taxpayer", true): Text 'Taxpayer' is present on page  using regular expression

2021-11-08 12:10:32 - [MESSAGE][PASSED] - Text 'Taxpayer' is present on page  using regular expression

2021-11-08 12:10:32 - [TEST_STEP][PASSED] - verifyTextPresent("Provide the following taxpayer information", true): Text 'Provide the following taxpayer information' is present on page  using regular expression

2021-11-08 12:10:33 - [MESSAGE][PASSED] - Text 'Provide the following taxpayer information' is present on page  using regular expression

2021-11-08 12:10:33 - [TEST_STEP][PASSED] - verifyTextPresent("Note: If you are paying on behalf of the Taxpayer, enter Taxpayer", true): Text 'Note: If you are paying on behalf of the Taxpayer, enter Taxpayer' is present on page  using regular expression

2021-11-08 12:10:33 - [MESSAGE][PASSED] - Text 'Note: If you are paying on behalf of the Taxpayer, enter Taxpayer' is present on page  using regular expression

2021-11-08 12:10:33 - [TEST_STEP][PASSED] - verifyTextPresent("information here. If you are making a payment for the Taxpayer, you will be required later to enter your own credit card, billing address and other pertinent information", true): Text 'information here. If you are making a payment for the Taxpayer, you will be required later to enter your own credit card, billing address and other pertinent information' is present on page  using regular expression

2021-11-08 12:10:33 - [MESSAGE][PASSED] - Text 'information here. If you are making a payment for the Taxpayer, you will be required later to enter your own credit card, billing address and other pertinent information' is present on page  using regular expression

2021-11-08 12:10:33 - [TEST_STEP][PASSED] - verifyTextPresent("Address and Contact Information", true): Text 'Address and Contact Information' is present on page  using regular expression

2021-11-08 12:10:34 - [MESSAGE][PASSED] - Text 'Address and Contact Information' is present on page  using regular expression

2021-11-08 12:10:34 - [TEST_STEP][PASSED] - verifyTextPresent("Enter the taxpayer", true): Text 'Enter the taxpayer' is present on page  using regular expression

2021-11-08 12:10:34 - [MESSAGE][PASSED] - Text 'Enter the taxpayer' is present on page  using regular expression

2021-11-08 12:10:34 - [TEST_STEP][PASSED] - verifyTextPresent("address and contact information", true): Text 'address and contact information' is present on page  using regular expression

2021-11-08 12:10:34 - [MESSAGE][PASSED] - Text 'address and contact information' is present on page  using regular expression

2021-11-08 12:10:34 - [TEST_STEP][PASSED] - verifyTextPresent("Filing Status", true): Text 'Filing Status' is present on page  using regular expression

2021-11-08 12:10:35 - [MESSAGE][PASSED] - Text 'Filing Status' is present on page  using regular expression

2021-11-08 12:10:35 - [TEST_STEP][PASSED] - verifyTextPresent("Is this an Individual or Joint Filing?", true): Text 'Is this an Individual or Joint Filing?' is present on page  using regular expression

2021-11-08 12:10:35 - [MESSAGE][PASSED] - Text 'Is this an Individual or Joint Filing?' is present on page  using regular expression

2021-11-08 12:10:35 - [TEST_STEP][PASSED] - verifyTextPresent("Filing type", true): Text 'Filing type' is present on page  using regular expression

2021-11-08 12:10:35 - [MESSAGE][PASSED] - Text 'Filing type' is present on page  using regular expression

2021-11-08 12:10:35 - [TEST_STEP][PASSED] - verifyTextPresent("Individual Filing", true): Text 'Individual Filing' is present on page  using regular expression

2021-11-08 12:10:36 - [MESSAGE][PASSED] - Text 'Individual Filing' is present on page  using regular expression

2021-11-08 12:10:36 - [TEST_STEP][PASSED] - verifyTextPresent("Joint Filing", true): Text 'Joint Filing' is present on page  using regular expression

2021-11-08 12:10:36 - [MESSAGE][PASSED] - Text 'Joint Filing' is present on page  using regular expression

2021-11-08 12:10:36 - [TEST_STEP][PASSED] - verifyTextPresent("Payment Amount", true): Text 'Payment Amount' is present on page  using regular expression

2021-11-08 12:10:37 - [MESSAGE][PASSED] - Text 'Payment Amount' is present on page  using regular expression

2021-11-08 12:10:37 - [TEST_STEP][PASSED] - verifyTextPresent("Service Fee: This electronic government service includes a service/convenience fee. Click here for details", true): Text 'Service Fee: This electronic government service includes a service/convenience fee. Click here for details' is present on page  using regular expression

2021-11-08 12:10:37 - [MESSAGE][PASSED] - Text 'Service Fee: This electronic government service includes a service/convenience fee. Click here for details' is present on page  using regular expression

2021-11-08 12:10:37 - [TEST_STEP][PASSED] - verifyElementPresent(findTestObject(orPath_Amount + "/a_Click here for details"), 30): Object 'Object Repository/RAD_Pages/PaymentAmount_Page/a_Click here for details' is present

2021-11-08 12:10:37 - [MESSAGE][PASSED] - Object 'Object Repository/RAD_Pages/PaymentAmount_Page/a_Click here for details' is present

2021-11-08 12:10:37 - [TEST_STEP][PASSED] - verifyElementPresent(findTestObject(orPath_Landing + "/button_Continue"), 30): Object 'Object Repository/RAD_Pages/Landing_Page/button_Continue' is present

2021-11-08 12:10:38 - [MESSAGE][PASSED] - Object 'Object Repository/RAD_Pages/Landing_Page/button_Continue' is present

2021-11-08 12:10:38 - [TEST_STEP][PASSED] - verifyElementPresent(findTestObject(orPath_TaxPayer + "/input_firstName"), 30): Object 'Object Repository/RAD_Pages/Taxpayer_Page/input_firstName' is present

2021-11-08 12:10:38 - [MESSAGE][PASSED] - Object 'Object Repository/RAD_Pages/Taxpayer_Page/input_firstName' is present

2021-11-08 12:10:38 - [TEST_STEP][PASSED] - verifyElementPresent(findTestObject(orPath_TaxPayer + "/input_middleName"), 30): Object 'Object Repository/RAD_Pages/Taxpayer_Page/input_middleName' is present

2021-11-08 12:10:38 - [MESSAGE][PASSED] - Object 'Object Repository/RAD_Pages/Taxpayer_Page/input_middleName' is present

2021-11-08 12:10:38 - [TEST_STEP][PASSED] - verifyElementPresent(findTestObject(orPath_TaxPayer + "/input_lastName"), 30): Object 'Object Repository/RAD_Pages/Taxpayer_Page/input_lastName' is present

2021-11-08 12:10:38 - [MESSAGE][PASSED] - Object 'Object Repository/RAD_Pages/Taxpayer_Page/input_lastName' is present

2021-11-08 12:10:38 - [TEST_STEP][PASSED] - verifyElementPresent(findTestObject(orPath_TaxPayer + "/input_suffix"), 30): Object 'Object Repository/RAD_Pages/Taxpayer_Page/input_suffix' is present

2021-11-08 12:10:39 - [MESSAGE][PASSED] - Object 'Object Repository/RAD_Pages/Taxpayer_Page/input_suffix' is present

2021-11-08 12:10:39 - [TEST_STEP][PASSED] - verifyElementPresent(findTestObject("RAD_RecordAndPlay/input_concatSSN"), 30): Object 'Object Repository/RAD_RecordAndPlay/input_concatSSN' is present

2021-11-08 12:10:39 - [MESSAGE][PASSED] - Object 'Object Repository/RAD_RecordAndPlay/input_concatSSN' is present

2021-11-08 12:10:39 - [TEST_STEP][PASSED] - verifyElementPresent(findTestObject("RAD_RecordAndPlay/input_concatReSSN"), 30): Object 'Object Repository/RAD_RecordAndPlay/input_concatReSSN' is present

2021-11-08 12:10:40 - [MESSAGE][PASSED] - Object 'Object Repository/RAD_RecordAndPlay/input_concatReSSN' is present

2021-11-08 12:10:40 - [TEST_STEP][PASSED] - verifyElementPresent(findTestObject(orPath_AddressContact + "/select_Country"), 30): Object 'Object Repository/RAD_Pages/AddressAndContactInfo_Page/select_Country' is present

2021-11-08 12:10:40 - [MESSAGE][PASSED] - Object 'Object Repository/RAD_Pages/AddressAndContactInfo_Page/select_Country' is present

2021-11-08 12:10:40 - [TEST_STEP][PASSED] - verifyElementPresent(findTestObject(orPath_AddressContact + "/input_streetAddress1"), 30): Object 'Object Repository/RAD_Pages/AddressAndContactInfo_Page/input_streetAddress1' is present

2021-11-08 12:10:40 - [MESSAGE][PASSED] - Object 'Object Repository/RAD_Pages/AddressAndContactInfo_Page/input_streetAddress1' is present

2021-11-08 12:10:40 - [TEST_STEP][PASSED] - verifyElementPresent(findTestObject(orPath_AddressContact + "/input_streetAddress2"), 30): Object 'Object Repository/RAD_Pages/AddressAndContactInfo_Page/input_streetAddress2' is present

2021-11-08 12:10:41 - [MESSAGE][PASSED] - Object 'Object Repository/RAD_Pages/AddressAndContactInfo_Page/input_streetAddress2' is present

2021-11-08 12:10:41 - [TEST_STEP][PASSED] - verifyElementPresent(findTestObject(orPath_AddressContact + "/input_city"), 30): Object 'Object Repository/RAD_Pages/AddressAndContactInfo_Page/input_city' is present

2021-11-08 12:10:41 - [MESSAGE][PASSED] - Object 'Object Repository/RAD_Pages/AddressAndContactInfo_Page/input_city' is present

2021-11-08 12:10:41 - [TEST_STEP][PASSED] - verifyElementPresent(findTestObject(orPath_AddressContact + "/select_State"), 30): Object 'Object Repository/RAD_Pages/AddressAndContactInfo_Page/select_State' is present

2021-11-08 12:10:41 - [MESSAGE][PASSED] - Object 'Object Repository/RAD_Pages/AddressAndContactInfo_Page/select_State' is present

2021-11-08 12:10:41 - [TEST_STEP][PASSED] - verifyElementPresent(findTestObject(orPath_AddressContact + "/input_zipCode"), 30): Object 'Object Repository/RAD_Pages/AddressAndContactInfo_Page/input_zipCode' is present

2021-11-08 12:10:42 - [MESSAGE][PASSED] - Object 'Object Repository/RAD_Pages/AddressAndContactInfo_Page/input_zipCode' is present

2021-11-08 12:10:42 - [TEST_STEP][PASSED] - verifyElementPresent(findTestObject(orPath_AddressContact + "/input_phoneNumber"), 30): Object 'Object Repository/RAD_Pages/AddressAndContactInfo_Page/input_phoneNumber' is present

2021-11-08 12:10:42 - [MESSAGE][PASSED] - Object 'Object Repository/RAD_Pages/AddressAndContactInfo_Page/input_phoneNumber' is present

2021-11-08 12:10:42 - [TEST_STEP][PASSED] - verifyElementPresent(findTestObject(orPath_AddressContact + "/input_eMailAddress"), 30): Object 'Object Repository/RAD_Pages/AddressAndContactInfo_Page/input_eMailAddress' is present

2021-11-08 12:10:42 - [MESSAGE][PASSED] - Object 'Object Repository/RAD_Pages/AddressAndContactInfo_Page/input_eMailAddress' is present

2021-11-08 12:10:42 - [TEST_STEP][PASSED] - verifyElementPresent(findTestObject(orPath_AddressContact + "/input_reEnterEMailAddress"), 30): Object 'Object Repository/RAD_Pages/AddressAndContactInfo_Page/input_reEnterEMailAddress' is present

2021-11-08 12:10:43 - [MESSAGE][PASSED] - Object 'Object Repository/RAD_Pages/AddressAndContactInfo_Page/input_reEnterEMailAddress' is present

2021-11-08 12:10:43 - [TEST_STEP][PASSED] - verifyOptionsPresent(findTestObject(orPath_AddressContact + "/select_Country"), ["United States"]): Options [United States] present.

2021-11-08 12:10:43 - [MESSAGE][PASSED] - Options [United States] present.

2021-11-08 12:10:43 - [TEST_STEP][PASSED] - verifyOptionsPresent(findTestObject(orPath_AddressContact + "/select_State"), ["Alabama", "District of Columbia", "Maryland", "Virginia", "Wyoming"]): Options [Alabama, District of Columbia, Maryland, Virginia, Wyoming] present.

2021-11-08 12:10:44 - [MESSAGE][PASSED] - Options [Alabama, District of Columbia, Maryland, Virginia, Wyoming] present.

2021-11-08 12:10:44 - [TEST_STEP][PASSED] - totalOptionsState = getNumberOfTotalOption(findTestObject(orPath_AddressContact + "/select_State")): 52 options of object 'Object Repository/RAD_Pages/AddressAndContactInfo_Page/select_State' counted

2021-11-08 12:10:45 - [MESSAGE][PASSED] - 52 options of object 'Object Repository/RAD_Pages/AddressAndContactInfo_Page/select_State' counted

2021-11-08 12:10:45 - [TEST_STEP][PASSED] - verifyEqual(totalOptionsState, 52): Actual object '52' and expected object '52' are equal

2021-11-08 12:10:45 - [MESSAGE][PASSED] - Actual object '52' and expected object '52' are equal

2021-11-08 12:10:45 - [TEST_STEP][PASSED] - verifyElementPresent(findTestObject(orPath_FilingStatus + "/input_userType_Individual"), 30): Object 'Object Repository/RAD_Pages/FilingStatus_Page/input_userType_Individual' is present

2021-11-08 12:10:45 - [MESSAGE][PASSED] - Object 'Object Repository/RAD_Pages/FilingStatus_Page/input_userType_Individual' is present

2021-11-08 12:10:45 - [TEST_STEP][PASSED] - verifyElementPresent(findTestObject(orPath_FilingStatus + "/input_userType_Joint"), 30): Object 'Object Repository/RAD_Pages/FilingStatus_Page/input_userType_Joint' is present

2021-11-08 12:10:46 - [MESSAGE][PASSED] - Object 'Object Repository/RAD_Pages/FilingStatus_Page/input_userType_Joint' is present

2021-11-08 12:10:46 - [TEST_STEP][PASSED] - verifyElementPresent(findTestObject(orPath_Amount + "/input__paymentAmount"), 30): Object 'Object Repository/RAD_Pages/PaymentAmount_Page/input__paymentAmount' is present

2021-11-08 12:10:46 - [MESSAGE][PASSED] - Object 'Object Repository/RAD_Pages/PaymentAmount_Page/input__paymentAmount' is present

2021-11-08 12:10:46 - [TEST_STEP][PASSED] - scrollToElement(findTestObject(orPath_Amount + "/input__paymentAmount"), 3): Scroll to object 'Object Repository/RAD_Pages/PaymentAmount_Page/input__paymentAmount' successfully

2021-11-08 12:10:46 - [MESSAGE][PASSED] - Scroll to object 'Object Repository/RAD_Pages/PaymentAmount_Page/input__paymentAmount' successfully

2021-11-08 12:10:46 - [TEST_STEP][PASSED] - waitForElementClickable(findTestObject(orPath_FilingStatus + "/input_userType_Joint"), 5): Object 'Object Repository/RAD_Pages/FilingStatus_Page/input_userType_Joint' is clickable

2021-11-08 12:10:47 - [MESSAGE][PASSED] - Object 'Object Repository/RAD_Pages/FilingStatus_Page/input_userType_Joint' is clickable

2021-11-08 12:10:47 - [TEST_STEP][PASSED] - click(findTestObject(orPath_FilingStatus + "/input_userType_Joint")): Object: 'Object Repository/RAD_Pages/FilingStatus_Page/input_userType_Joint' is clicked on

2021-11-08 12:10:47 - [MESSAGE][PASSED] - Object: 'Object Repository/RAD_Pages/FilingStatus_Page/input_userType_Joint' is clicked on

2021-11-08 12:10:47 - [TEST_STEP][PASSED] - verifyTextPresent("Provide the following information for the joint filer", true): Text 'Provide the following information for the joint filer' is present on page  using regular expression

2021-11-08 12:10:48 - [MESSAGE][PASSED] - Text 'Provide the following information for the joint filer' is present on page  using regular expression

2021-11-08 12:10:48 - [TEST_STEP][PASSED] - verifyElementPresent(findTestObject(orPath_FilingStatus + "/input_jointFirstName"), 30): Object 'Object Repository/RAD_Pages/FilingStatus_Page/input_jointFirstName' is present

2021-11-08 12:10:48 - [MESSAGE][PASSED] - Object 'Object Repository/RAD_Pages/FilingStatus_Page/input_jointFirstName' is present

2021-11-08 12:10:48 - [TEST_STEP][PASSED] - verifyElementPresent(findTestObject(orPath_FilingStatus + "/input_jointMiddleName"), 30): Object 'Object Repository/RAD_Pages/FilingStatus_Page/input_jointMiddleName' is present

2021-11-08 12:10:48 - [MESSAGE][PASSED] - Object 'Object Repository/RAD_Pages/FilingStatus_Page/input_jointMiddleName' is present

2021-11-08 12:10:48 - [TEST_STEP][PASSED] - verifyElementPresent(findTestObject(orPath_FilingStatus + "/input_jointLastName"), 30): Object 'Object Repository/RAD_Pages/FilingStatus_Page/input_jointLastName' is present

2021-11-08 12:10:49 - [MESSAGE][PASSED] - Object 'Object Repository/RAD_Pages/FilingStatus_Page/input_jointLastName' is present

2021-11-08 12:10:49 - [TEST_STEP][PASSED] - verifyElementPresent(findTestObject(orPath_FilingStatus + "/input_jointSuffix"), 30): Object 'Object Repository/RAD_Pages/FilingStatus_Page/input_jointSuffix' is present

2021-11-08 12:10:49 - [MESSAGE][PASSED] - Object 'Object Repository/RAD_Pages/FilingStatus_Page/input_jointSuffix' is present

2021-11-08 12:10:49 - [TEST_STEP][PASSED] - verifyElementPresent(findTestObject("Object Repository/RAD_RecordAndPlay/input_JointFilerSSN"), 30): Object 'Object Repository/RAD_RecordAndPlay/input_JointFilerSSN' is present

2021-11-08 12:10:49 - [MESSAGE][PASSED] - Object 'Object Repository/RAD_RecordAndPlay/input_JointFilerSSN' is present

2021-11-08 12:10:49 - [TEST_STEP][PASSED] - verifyElementPresent(findTestObject("Object Repository/RAD_RecordAndPlay/input_reTypeJointFilerSSN"), 30): Object 'Object Repository/RAD_RecordAndPlay/input_reTypeJointFilerSSN' is present

2021-11-08 12:10:50 - [MESSAGE][PASSED] - Object 'Object Repository/RAD_RecordAndPlay/input_reTypeJointFilerSSN' is present]]></system-out>
         <system-err><![CDATA[]]></system-err>
      </testcase>
      <testcase name="Test Cases/RAD_TestCases/UI_TestCases/PersonalIncomeTax_UI_TC" time="35.39" classname="Test Cases/RAD_TestCases/UI_TestCases/PersonalIncomeTax_UI_TC" status="PASSED">
         <system-out><![CDATA[2021-11-08 12:10:50 - [TEST_CASE][PASSED] - Test Cases/RAD_TestCases/UI_TestCases/PersonalIncomeTax_UI_TC: Test Cases/RAD_TestCases/UI_TestCases/PersonalIncomeTax_UI_TC

2021-11-08 12:10:50 - [TEST_STEP][PASSED] - openBrowser(""): Browser is opened with url: ''

2021-11-08 12:10:50 - [MESSAGE][WARNING] - A browser is already opened. Closing browser and opening a new one

2021-11-08 12:10:51 - [MESSAGE][INFO] - Starting 'Chrome' driver

2021-11-08 12:10:51 - [MESSAGE][INFO] - User set preference: ['acceptInsecureCerts', 'true']

2021-11-08 12:10:51 - [MESSAGE][INFO] - Action delay is set to 0 milliseconds

2021-11-08 12:10:53 - [MESSAGE][PASSED] - Browser is opened with url: ''

2021-11-08 12:10:53 - [TEST_STEP][PASSED] - maximizeWindow(): Current window maximized

2021-11-08 12:10:53 - [MESSAGE][PASSED] - Current window maximized

2021-11-08 12:10:53 - [TEST_STEP][PASSED] - navigateToUrl(RADurl): Navigate to 'https://qa.velocitypayment.com/client/rad/index.html' successfully

2021-11-08 12:10:55 - [MESSAGE][PASSED] - Navigate to 'https://qa.velocitypayment.com/client/rad/index.html' successfully

2021-11-08 12:10:55 - [TEST_STEP][PASSED] - orPath_Landing = "Object Repository/RAD_Pages/Landing_Page": null

2021-11-08 12:10:55 - [TEST_STEP][PASSED] - orPath_TaxTypeFilingYear = "Object Repository/RAD_Pages/TaxTypeFilingYear_Page": null

2021-11-08 12:10:55 - [TEST_STEP][PASSED] - orPath_TaxPayer = "Object Repository/RAD_Pages/Taxpayer_Page": null

2021-11-08 12:10:55 - [TEST_STEP][PASSED] - orPath_AddressContact = "Object Repository/RAD_Pages/AddressAndContactInfo_Page": null

2021-11-08 12:10:55 - [TEST_STEP][PASSED] - orPath_FilingStatus = "Object Repository/RAD_Pages/FilingStatus_Page": null

2021-11-08 12:10:55 - [TEST_STEP][PASSED] - orPath_Amount = "Object Repository/RAD_Pages/PaymentAmount_Page": null

2021-11-08 12:10:55 - [TEST_STEP][PASSED] - selectOptionByLabel(findTestObject(orPath_Landing + "/dd_TaxType"), "Personal Income Tax", false): All options with label 'Personal Income Tax' are selected in object 'Object Repository/RAD_Pages/Landing_Page/dd_TaxType' 

2021-11-08 12:10:55 - [MESSAGE][PASSED] - All options with label 'Personal Income Tax' are selected in object 'Object Repository/RAD_Pages/Landing_Page/dd_TaxType' 

2021-11-08 12:10:55 - [TEST_STEP][PASSED] - verifyElementPresent(findTestObject(orPath_TaxTypeFilingYear + "/select_FilingYear"), 30): Object 'Object Repository/RAD_Pages/TaxTypeFilingYear_Page/select_FilingYear' is present

2021-11-08 12:10:56 - [MESSAGE][PASSED] - Object 'Object Repository/RAD_Pages/TaxTypeFilingYear_Page/select_FilingYear' is present

2021-11-08 12:10:56 - [TEST_STEP][PASSED] - totalOptionsFilingYear = getNumberOfTotalOption(findTestObject(orPath_TaxTypeFilingYear + "/select_FilingYear")): 4 options of object 'Object Repository/RAD_Pages/TaxTypeFilingYear_Page/select_FilingYear' counted

2021-11-08 12:10:57 - [MESSAGE][PASSED] - 4 options of object 'Object Repository/RAD_Pages/TaxTypeFilingYear_Page/select_FilingYear' counted

2021-11-08 12:10:57 - [TEST_STEP][PASSED] - verifyEqual(totalOptionsFilingYear, 4): Actual object '4' and expected object '4' are equal

2021-11-08 12:10:57 - [MESSAGE][PASSED] - Actual object '4' and expected object '4' are equal

2021-11-08 12:10:57 - [TEST_STEP][PASSED] - verifyOptionsPresent(findTestObject(orPath_TaxTypeFilingYear + "/select_FilingYear"), ["2018", "2019", "2020"]): Options [2018, 2019, 2020] present.

2021-11-08 12:10:57 - [MESSAGE][PASSED] - Options [2018, 2019, 2020] present.

2021-11-08 12:10:57 - [TEST_STEP][PASSED] - verifyTextPresent("Tax Type/Filing Year", true): Text 'Tax Type/Filing Year' is present on page  using regular expression

2021-11-08 12:10:58 - [MESSAGE][PASSED] - Text 'Tax Type/Filing Year' is present on page  using regular expression

2021-11-08 12:10:58 - [TEST_STEP][PASSED] - verifyTextPresent("Taxpayer", true): Text 'Taxpayer' is present on page  using regular expression

2021-11-08 12:10:58 - [MESSAGE][PASSED] - Text 'Taxpayer' is present on page  using regular expression

2021-11-08 12:10:58 - [TEST_STEP][PASSED] - verifyTextPresent("Provide the following taxpayer information", true): Text 'Provide the following taxpayer information' is present on page  using regular expression

2021-11-08 12:10:58 - [MESSAGE][PASSED] - Text 'Provide the following taxpayer information' is present on page  using regular expression

2021-11-08 12:10:58 - [TEST_STEP][PASSED] - verifyTextPresent("Note: If you are paying on behalf of the Taxpayer, enter Taxpayer", true): Text 'Note: If you are paying on behalf of the Taxpayer, enter Taxpayer' is present on page  using regular expression

2021-11-08 12:10:59 - [MESSAGE][PASSED] - Text 'Note: If you are paying on behalf of the Taxpayer, enter Taxpayer' is present on page  using regular expression

2021-11-08 12:10:59 - [TEST_STEP][PASSED] - verifyTextPresent("information here. If you are making a payment for the Taxpayer, you will be required later to enter your own credit card, billing address and other pertinent information", true): Text 'information here. If you are making a payment for the Taxpayer, you will be required later to enter your own credit card, billing address and other pertinent information' is present on page  using regular expression

2021-11-08 12:10:59 - [MESSAGE][PASSED] - Text 'information here. If you are making a payment for the Taxpayer, you will be required later to enter your own credit card, billing address and other pertinent information' is present on page  using regular expression

2021-11-08 12:10:59 - [TEST_STEP][PASSED] - verifyTextPresent("Address and Contact Information", true): Text 'Address and Contact Information' is present on page  using regular expression

2021-11-08 12:10:59 - [MESSAGE][PASSED] - Text 'Address and Contact Information' is present on page  using regular expression

2021-11-08 12:10:59 - [TEST_STEP][PASSED] - verifyTextPresent("Enter the taxpayer", true): Text 'Enter the taxpayer' is present on page  using regular expression

2021-11-08 12:11:00 - [MESSAGE][PASSED] - Text 'Enter the taxpayer' is present on page  using regular expression

2021-11-08 12:11:00 - [TEST_STEP][PASSED] - verifyTextPresent("address and contact information", true): Text 'address and contact information' is present on page  using regular expression

2021-11-08 12:11:00 - [MESSAGE][PASSED] - Text 'address and contact information' is present on page  using regular expression

2021-11-08 12:11:00 - [TEST_STEP][PASSED] - verifyTextPresent("Filing Status", true): Text 'Filing Status' is present on page  using regular expression

2021-11-08 12:11:01 - [MESSAGE][PASSED] - Text 'Filing Status' is present on page  using regular expression

2021-11-08 12:11:01 - [TEST_STEP][PASSED] - verifyTextPresent("Is this an Individual or Joint Filing?", true): Text 'Is this an Individual or Joint Filing?' is present on page  using regular expression

2021-11-08 12:11:01 - [MESSAGE][PASSED] - Text 'Is this an Individual or Joint Filing?' is present on page  using regular expression

2021-11-08 12:11:01 - [TEST_STEP][PASSED] - verifyTextPresent("Filing type", true): Text 'Filing type' is present on page  using regular expression

2021-11-08 12:11:01 - [MESSAGE][PASSED] - Text 'Filing type' is present on page  using regular expression

2021-11-08 12:11:01 - [TEST_STEP][PASSED] - verifyTextPresent("Individual Filing", true): Text 'Individual Filing' is present on page  using regular expression

2021-11-08 12:11:02 - [MESSAGE][PASSED] - Text 'Individual Filing' is present on page  using regular expression

2021-11-08 12:11:02 - [TEST_STEP][PASSED] - verifyTextPresent("Joint Filing", true): Text 'Joint Filing' is present on page  using regular expression

2021-11-08 12:11:02 - [MESSAGE][PASSED] - Text 'Joint Filing' is present on page  using regular expression

2021-11-08 12:11:02 - [TEST_STEP][PASSED] - verifyTextPresent("Payment Amount", true): Text 'Payment Amount' is present on page  using regular expression

2021-11-08 12:11:02 - [MESSAGE][PASSED] - Text 'Payment Amount' is present on page  using regular expression

2021-11-08 12:11:02 - [TEST_STEP][PASSED] - verifyTextPresent("Service Fee: This electronic government service includes a service/convenience fee. Click here for details", true): Text 'Service Fee: This electronic government service includes a service/convenience fee. Click here for details' is present on page  using regular expression

2021-11-08 12:11:03 - [MESSAGE][PASSED] - Text 'Service Fee: This electronic government service includes a service/convenience fee. Click here for details' is present on page  using regular expression

2021-11-08 12:11:03 - [TEST_STEP][PASSED] - verifyElementPresent(findTestObject(orPath_Amount + "/a_Click here for details"), 30): Object 'Object Repository/RAD_Pages/PaymentAmount_Page/a_Click here for details' is present

2021-11-08 12:11:03 - [MESSAGE][PASSED] - Object 'Object Repository/RAD_Pages/PaymentAmount_Page/a_Click here for details' is present

2021-11-08 12:11:03 - [TEST_STEP][PASSED] - verifyElementPresent(findTestObject(orPath_Landing + "/button_Continue"), 30): Object 'Object Repository/RAD_Pages/Landing_Page/button_Continue' is present

2021-11-08 12:11:03 - [MESSAGE][PASSED] - Object 'Object Repository/RAD_Pages/Landing_Page/button_Continue' is present

2021-11-08 12:11:03 - [TEST_STEP][PASSED] - verifyElementPresent(findTestObject(orPath_TaxPayer + "/input_firstName"), 30): Object 'Object Repository/RAD_Pages/Taxpayer_Page/input_firstName' is present

2021-11-08 12:11:03 - [MESSAGE][PASSED] - Object 'Object Repository/RAD_Pages/Taxpayer_Page/input_firstName' is present

2021-11-08 12:11:03 - [TEST_STEP][PASSED] - verifyElementPresent(findTestObject(orPath_TaxPayer + "/input_middleName"), 30): Object 'Object Repository/RAD_Pages/Taxpayer_Page/input_middleName' is present

2021-11-08 12:11:04 - [MESSAGE][PASSED] - Object 'Object Repository/RAD_Pages/Taxpayer_Page/input_middleName' is present

2021-11-08 12:11:04 - [TEST_STEP][PASSED] - verifyElementPresent(findTestObject(orPath_TaxPayer + "/input_lastName"), 30): Object 'Object Repository/RAD_Pages/Taxpayer_Page/input_lastName' is present

2021-11-08 12:11:04 - [MESSAGE][PASSED] - Object 'Object Repository/RAD_Pages/Taxpayer_Page/input_lastName' is present

2021-11-08 12:11:04 - [TEST_STEP][PASSED] - verifyElementPresent(findTestObject(orPath_TaxPayer + "/input_suffix"), 30): Object 'Object Repository/RAD_Pages/Taxpayer_Page/input_suffix' is present

2021-11-08 12:11:04 - [MESSAGE][PASSED] - Object 'Object Repository/RAD_Pages/Taxpayer_Page/input_suffix' is present

2021-11-08 12:11:04 - [TEST_STEP][PASSED] - verifyElementPresent(findTestObject("RAD_RecordAndPlay/input_concatSSN"), 30): Object 'Object Repository/RAD_RecordAndPlay/input_concatSSN' is present

2021-11-08 12:11:05 - [MESSAGE][PASSED] - Object 'Object Repository/RAD_RecordAndPlay/input_concatSSN' is present

2021-11-08 12:11:05 - [TEST_STEP][PASSED] - verifyElementPresent(findTestObject("RAD_RecordAndPlay/input_concatReSSN"), 30): Object 'Object Repository/RAD_RecordAndPlay/input_concatReSSN' is present

2021-11-08 12:11:05 - [MESSAGE][PASSED] - Object 'Object Repository/RAD_RecordAndPlay/input_concatReSSN' is present

2021-11-08 12:11:05 - [TEST_STEP][PASSED] - verifyElementPresent(findTestObject(orPath_AddressContact + "/select_Country"), 30): Object 'Object Repository/RAD_Pages/AddressAndContactInfo_Page/select_Country' is present

2021-11-08 12:11:06 - [MESSAGE][PASSED] - Object 'Object Repository/RAD_Pages/AddressAndContactInfo_Page/select_Country' is present

2021-11-08 12:11:06 - [TEST_STEP][PASSED] - verifyElementPresent(findTestObject(orPath_AddressContact + "/input_streetAddress1"), 30): Object 'Object Repository/RAD_Pages/AddressAndContactInfo_Page/input_streetAddress1' is present

2021-11-08 12:11:06 - [MESSAGE][PASSED] - Object 'Object Repository/RAD_Pages/AddressAndContactInfo_Page/input_streetAddress1' is present

2021-11-08 12:11:06 - [TEST_STEP][PASSED] - verifyElementPresent(findTestObject(orPath_AddressContact + "/input_streetAddress2"), 30): Object 'Object Repository/RAD_Pages/AddressAndContactInfo_Page/input_streetAddress2' is present

2021-11-08 12:11:06 - [MESSAGE][PASSED] - Object 'Object Repository/RAD_Pages/AddressAndContactInfo_Page/input_streetAddress2' is present

2021-11-08 12:11:06 - [TEST_STEP][PASSED] - verifyElementPresent(findTestObject(orPath_AddressContact + "/input_city"), 30): Object 'Object Repository/RAD_Pages/AddressAndContactInfo_Page/input_city' is present

2021-11-08 12:11:07 - [MESSAGE][PASSED] - Object 'Object Repository/RAD_Pages/AddressAndContactInfo_Page/input_city' is present

2021-11-08 12:11:07 - [TEST_STEP][PASSED] - verifyElementPresent(findTestObject(orPath_AddressContact + "/select_State"), 30): Object 'Object Repository/RAD_Pages/AddressAndContactInfo_Page/select_State' is present

2021-11-08 12:11:07 - [MESSAGE][PASSED] - Object 'Object Repository/RAD_Pages/AddressAndContactInfo_Page/select_State' is present

2021-11-08 12:11:07 - [TEST_STEP][PASSED] - verifyElementPresent(findTestObject(orPath_AddressContact + "/input_zipCode"), 30): Object 'Object Repository/RAD_Pages/AddressAndContactInfo_Page/input_zipCode' is present

2021-11-08 12:11:07 - [MESSAGE][PASSED] - Object 'Object Repository/RAD_Pages/AddressAndContactInfo_Page/input_zipCode' is present

2021-11-08 12:11:07 - [TEST_STEP][PASSED] - verifyElementPresent(findTestObject(orPath_AddressContact + "/input_phoneNumber"), 30): Object 'Object Repository/RAD_Pages/AddressAndContactInfo_Page/input_phoneNumber' is present

2021-11-08 12:11:07 - [MESSAGE][PASSED] - Object 'Object Repository/RAD_Pages/AddressAndContactInfo_Page/input_phoneNumber' is present

2021-11-08 12:11:07 - [TEST_STEP][PASSED] - verifyElementPresent(findTestObject(orPath_AddressContact + "/input_eMailAddress"), 30): Object 'Object Repository/RAD_Pages/AddressAndContactInfo_Page/input_eMailAddress' is present

2021-11-08 12:11:08 - [MESSAGE][PASSED] - Object 'Object Repository/RAD_Pages/AddressAndContactInfo_Page/input_eMailAddress' is present

2021-11-08 12:11:08 - [TEST_STEP][PASSED] - verifyElementPresent(findTestObject(orPath_AddressContact + "/input_reEnterEMailAddress"), 30): Object 'Object Repository/RAD_Pages/AddressAndContactInfo_Page/input_reEnterEMailAddress' is present

2021-11-08 12:11:08 - [MESSAGE][PASSED] - Object 'Object Repository/RAD_Pages/AddressAndContactInfo_Page/input_reEnterEMailAddress' is present

2021-11-08 12:11:08 - [TEST_STEP][PASSED] - verifyOptionsPresent(findTestObject(orPath_AddressContact + "/select_Country"), ["United States"]): Options [United States] present.

2021-11-08 12:11:09 - [MESSAGE][PASSED] - Options [United States] present.

2021-11-08 12:11:09 - [TEST_STEP][PASSED] - verifyOptionsPresent(findTestObject(orPath_AddressContact + "/select_State"), ["Alabama", "District of Columbia", "Maryland", "Virginia", "Wyoming"]): Options [Alabama, District of Columbia, Maryland, Virginia, Wyoming] present.

2021-11-08 12:11:10 - [MESSAGE][PASSED] - Options [Alabama, District of Columbia, Maryland, Virginia, Wyoming] present.

2021-11-08 12:11:10 - [TEST_STEP][PASSED] - totalOptionsState = getNumberOfTotalOption(findTestObject(orPath_AddressContact + "/select_State")): 52 options of object 'Object Repository/RAD_Pages/AddressAndContactInfo_Page/select_State' counted

2021-11-08 12:11:11 - [MESSAGE][PASSED] - 52 options of object 'Object Repository/RAD_Pages/AddressAndContactInfo_Page/select_State' counted

2021-11-08 12:11:11 - [TEST_STEP][PASSED] - verifyEqual(totalOptionsState, 52): Actual object '52' and expected object '52' are equal

2021-11-08 12:11:11 - [MESSAGE][PASSED] - Actual object '52' and expected object '52' are equal

2021-11-08 12:11:11 - [TEST_STEP][PASSED] - verifyElementPresent(findTestObject(orPath_FilingStatus + "/input_userType_Individual"), 30): Object 'Object Repository/RAD_Pages/FilingStatus_Page/input_userType_Individual' is present

2021-11-08 12:11:11 - [MESSAGE][PASSED] - Object 'Object Repository/RAD_Pages/FilingStatus_Page/input_userType_Individual' is present

2021-11-08 12:11:11 - [TEST_STEP][PASSED] - verifyElementPresent(findTestObject(orPath_FilingStatus + "/input_userType_Joint"), 30): Object 'Object Repository/RAD_Pages/FilingStatus_Page/input_userType_Joint' is present

2021-11-08 12:11:11 - [MESSAGE][PASSED] - Object 'Object Repository/RAD_Pages/FilingStatus_Page/input_userType_Joint' is present

2021-11-08 12:11:11 - [TEST_STEP][PASSED] - verifyElementPresent(findTestObject(orPath_Amount + "/input__paymentAmount"), 30): Object 'Object Repository/RAD_Pages/PaymentAmount_Page/input__paymentAmount' is present

2021-11-08 12:11:12 - [MESSAGE][PASSED] - Object 'Object Repository/RAD_Pages/PaymentAmount_Page/input__paymentAmount' is present

2021-11-08 12:11:12 - [TEST_STEP][PASSED] - delay(10): Delayed 10 second(s)

2021-11-08 12:11:22 - [MESSAGE][PASSED] - Delayed 10 second(s)

2021-11-08 12:11:22 - [TEST_STEP][PASSED] - scrollToElement(findTestObject(orPath_Amount + "/input__paymentAmount"), 3): Scroll to object 'Object Repository/RAD_Pages/PaymentAmount_Page/input__paymentAmount' successfully

2021-11-08 12:11:22 - [MESSAGE][PASSED] - Scroll to object 'Object Repository/RAD_Pages/PaymentAmount_Page/input__paymentAmount' successfully

2021-11-08 12:11:22 - [TEST_STEP][PASSED] - waitForElementClickable(findTestObject(orPath_FilingStatus + "/input_userType_Joint"), 5): Object 'Object Repository/RAD_Pages/FilingStatus_Page/input_userType_Joint' is clickable

2021-11-08 12:11:22 - [MESSAGE][PASSED] - Object 'Object Repository/RAD_Pages/FilingStatus_Page/input_userType_Joint' is clickable

2021-11-08 12:11:22 - [TEST_STEP][PASSED] - click(findTestObject(orPath_FilingStatus + "/input_userType_Joint")): Object: 'Object Repository/RAD_Pages/FilingStatus_Page/input_userType_Joint' is clicked on

2021-11-08 12:11:23 - [MESSAGE][PASSED] - Object: 'Object Repository/RAD_Pages/FilingStatus_Page/input_userType_Joint' is clicked on

2021-11-08 12:11:23 - [TEST_STEP][PASSED] - verifyTextPresent("Provide the following information for the joint filer", true): Text 'Provide the following information for the joint filer' is present on page  using regular expression

2021-11-08 12:11:23 - [MESSAGE][PASSED] - Text 'Provide the following information for the joint filer' is present on page  using regular expression

2021-11-08 12:11:23 - [TEST_STEP][PASSED] - verifyElementPresent(findTestObject(orPath_FilingStatus + "/input_jointFirstName"), 30): Object 'Object Repository/RAD_Pages/FilingStatus_Page/input_jointFirstName' is present

2021-11-08 12:11:23 - [MESSAGE][PASSED] - Object 'Object Repository/RAD_Pages/FilingStatus_Page/input_jointFirstName' is present

2021-11-08 12:11:23 - [TEST_STEP][PASSED] - verifyElementPresent(findTestObject(orPath_FilingStatus + "/input_jointMiddleName"), 30): Object 'Object Repository/RAD_Pages/FilingStatus_Page/input_jointMiddleName' is present

2021-11-08 12:11:24 - [MESSAGE][PASSED] - Object 'Object Repository/RAD_Pages/FilingStatus_Page/input_jointMiddleName' is present

2021-11-08 12:11:24 - [TEST_STEP][PASSED] - verifyElementPresent(findTestObject(orPath_FilingStatus + "/input_jointLastName"), 30): Object 'Object Repository/RAD_Pages/FilingStatus_Page/input_jointLastName' is present

2021-11-08 12:11:24 - [MESSAGE][PASSED] - Object 'Object Repository/RAD_Pages/FilingStatus_Page/input_jointLastName' is present

2021-11-08 12:11:24 - [TEST_STEP][PASSED] - verifyElementPresent(findTestObject(orPath_FilingStatus + "/input_jointSuffix"), 30): Object 'Object Repository/RAD_Pages/FilingStatus_Page/input_jointSuffix' is present

2021-11-08 12:11:24 - [MESSAGE][PASSED] - Object 'Object Repository/RAD_Pages/FilingStatus_Page/input_jointSuffix' is present

2021-11-08 12:11:24 - [TEST_STEP][PASSED] - verifyElementPresent(findTestObject("Object Repository/RAD_RecordAndPlay/input_JointFilerSSN"), 30): Object 'Object Repository/RAD_RecordAndPlay/input_JointFilerSSN' is present

2021-11-08 12:11:25 - [MESSAGE][PASSED] - Object 'Object Repository/RAD_RecordAndPlay/input_JointFilerSSN' is present

2021-11-08 12:11:25 - [TEST_STEP][PASSED] - verifyElementPresent(findTestObject("Object Repository/RAD_RecordAndPlay/input_reTypeJointFilerSSN"), 30): Object 'Object Repository/RAD_RecordAndPlay/input_reTypeJointFilerSSN' is present

2021-11-08 12:11:25 - [MESSAGE][PASSED] - Object 'Object Repository/RAD_RecordAndPlay/input_reTypeJointFilerSSN' is present]]></system-out>
         <system-err><![CDATA[]]></system-err>
      </testcase>
      <testcase name="Test Cases/RAD_TestCases/UI_TestCases/ExtensionPayments_UI_TC" time="26.722" classname="Test Cases/RAD_TestCases/UI_TestCases/ExtensionPayments_UI_TC" status="PASSED">
         <system-out><![CDATA[2021-11-08 12:11:25 - [TEST_CASE][PASSED] - Test Cases/RAD_TestCases/UI_TestCases/ExtensionPayments_UI_TC: Test Cases/RAD_TestCases/UI_TestCases/ExtensionPayments_UI_TC

2021-11-08 12:11:26 - [TEST_STEP][PASSED] - openBrowser(""): Browser is opened with url: ''

2021-11-08 12:11:26 - [MESSAGE][WARNING] - A browser is already opened. Closing browser and opening a new one

2021-11-08 12:11:26 - [MESSAGE][INFO] - Starting 'Chrome' driver

2021-11-08 12:11:26 - [MESSAGE][INFO] - User set preference: ['acceptInsecureCerts', 'true']

2021-11-08 12:11:26 - [MESSAGE][INFO] - Action delay is set to 0 milliseconds

2021-11-08 12:11:28 - [MESSAGE][PASSED] - Browser is opened with url: ''

2021-11-08 12:11:28 - [TEST_STEP][PASSED] - maximizeWindow(): Current window maximized

2021-11-08 12:11:28 - [MESSAGE][PASSED] - Current window maximized

2021-11-08 12:11:28 - [TEST_STEP][PASSED] - navigateToUrl(RADurl): Navigate to 'https://qa.velocitypayment.com/client/rad/index.html' successfully

2021-11-08 12:11:30 - [MESSAGE][PASSED] - Navigate to 'https://qa.velocitypayment.com/client/rad/index.html' successfully

2021-11-08 12:11:30 - [TEST_STEP][PASSED] - orPath_Landing = "Object Repository/RAD_Pages/Landing_Page": null

2021-11-08 12:11:30 - [TEST_STEP][PASSED] - orPath_TaxTypeFilingYear = "Object Repository/RAD_Pages/TaxTypeFilingYear_Page": null

2021-11-08 12:11:30 - [TEST_STEP][PASSED] - orPath_TaxPayer = "Object Repository/RAD_Pages/Taxpayer_Page": null

2021-11-08 12:11:30 - [TEST_STEP][PASSED] - orPath_AddressContact = "Object Repository/RAD_Pages/AddressAndContactInfo_Page": null

2021-11-08 12:11:30 - [TEST_STEP][PASSED] - orPath_FilingStatus = "Object Repository/RAD_Pages/FilingStatus_Page": null

2021-11-08 12:11:30 - [TEST_STEP][PASSED] - orPath_Amount = "Object Repository/RAD_Pages/PaymentAmount_Page": null

2021-11-08 12:11:30 - [TEST_STEP][PASSED] - selectOptionByLabel(findTestObject(orPath_Landing + "/dd_TaxType"), "Extension Payments", false): All options with label 'Extension Payments' are selected in object 'Object Repository/RAD_Pages/Landing_Page/dd_TaxType' 

2021-11-08 12:11:31 - [MESSAGE][PASSED] - All options with label 'Extension Payments' are selected in object 'Object Repository/RAD_Pages/Landing_Page/dd_TaxType' 

2021-11-08 12:11:31 - [TEST_STEP][PASSED] - verifyElementPresent(findTestObject(orPath_TaxTypeFilingYear + "/select_PaymentType"), 30): Object 'Object Repository/RAD_Pages/TaxTypeFilingYear_Page/select_PaymentType' is present

2021-11-08 12:11:31 - [MESSAGE][PASSED] - Object 'Object Repository/RAD_Pages/TaxTypeFilingYear_Page/select_PaymentType' is present

2021-11-08 12:11:31 - [TEST_STEP][PASSED] - totalOptionsPaymentType = getNumberOfTotalOption(findTestObject(orPath_TaxTypeFilingYear + "/select_PaymentType")): 3 options of object 'Object Repository/RAD_Pages/TaxTypeFilingYear_Page/select_PaymentType' counted

2021-11-08 12:11:32 - [MESSAGE][PASSED] - 3 options of object 'Object Repository/RAD_Pages/TaxTypeFilingYear_Page/select_PaymentType' counted

2021-11-08 12:11:32 - [TEST_STEP][PASSED] - verifyEqual(totalOptionsPaymentType, 3): Actual object '3' and expected object '3' are equal

2021-11-08 12:11:32 - [MESSAGE][PASSED] - Actual object '3' and expected object '3' are equal

2021-11-08 12:11:32 - [TEST_STEP][PASSED] - verifyOptionsPresent(findTestObject(orPath_TaxTypeFilingYear + "/select_PaymentType"), ["Personal", "Corporate"]): Options [Personal, Corporate] present.

2021-11-08 12:11:32 - [MESSAGE][PASSED] - Options [Personal, Corporate] present.

2021-11-08 12:11:32 - [TEST_STEP][PASSED] - verifyElementPresent(findTestObject(orPath_TaxTypeFilingYear + "/select_FilingYear"), 30): Object 'Object Repository/RAD_Pages/TaxTypeFilingYear_Page/select_FilingYear' is present

2021-11-08 12:11:33 - [MESSAGE][PASSED] - Object 'Object Repository/RAD_Pages/TaxTypeFilingYear_Page/select_FilingYear' is present

2021-11-08 12:11:33 - [TEST_STEP][PASSED] - totalOptionsFilingYear = getNumberOfTotalOption(findTestObject(orPath_TaxTypeFilingYear + "/select_FilingYear")): 1 options of object 'Object Repository/RAD_Pages/TaxTypeFilingYear_Page/select_FilingYear' counted

2021-11-08 12:11:33 - [MESSAGE][PASSED] - 1 options of object 'Object Repository/RAD_Pages/TaxTypeFilingYear_Page/select_FilingYear' counted

2021-11-08 12:11:33 - [TEST_STEP][PASSED] - verifyEqual(totalOptionsFilingYear, 1): Actual object '1' and expected object '1' are equal

2021-11-08 12:11:33 - [MESSAGE][PASSED] - Actual object '1' and expected object '1' are equal

2021-11-08 12:11:33 - [TEST_STEP][PASSED] - verifyOptionsPresent(findTestObject(orPath_TaxTypeFilingYear + "/select_FilingYear"), ["2020"]): Options [2020] present.

2021-11-08 12:11:34 - [MESSAGE][PASSED] - Options [2020] present.

2021-11-08 12:11:34 - [TEST_STEP][PASSED] - verifyTextPresent("Tax Type/Filing Year", true): Text 'Tax Type/Filing Year' is present on page  using regular expression

2021-11-08 12:11:34 - [MESSAGE][PASSED] - Text 'Tax Type/Filing Year' is present on page  using regular expression

2021-11-08 12:11:34 - [TEST_STEP][PASSED] - verifyTextPresent("Taxpayer", true): Text 'Taxpayer' is present on page  using regular expression

2021-11-08 12:11:35 - [MESSAGE][PASSED] - Text 'Taxpayer' is present on page  using regular expression

2021-11-08 12:11:35 - [TEST_STEP][PASSED] - verifyTextPresent("Provide the following taxpayer information", true): Text 'Provide the following taxpayer information' is present on page  using regular expression

2021-11-08 12:11:35 - [MESSAGE][PASSED] - Text 'Provide the following taxpayer information' is present on page  using regular expression

2021-11-08 12:11:35 - [TEST_STEP][PASSED] - verifyTextPresent("Note: If you are paying on behalf of the Taxpayer, enter Taxpayer", true): Text 'Note: If you are paying on behalf of the Taxpayer, enter Taxpayer' is present on page  using regular expression

2021-11-08 12:11:35 - [MESSAGE][PASSED] - Text 'Note: If you are paying on behalf of the Taxpayer, enter Taxpayer' is present on page  using regular expression

2021-11-08 12:11:35 - [TEST_STEP][PASSED] - verifyTextPresent("information here. If you are making a payment for the Taxpayer, you will be required later to enter your own credit card, billing address and other pertinent information", true): Text 'information here. If you are making a payment for the Taxpayer, you will be required later to enter your own credit card, billing address and other pertinent information' is present on page  using regular expression

2021-11-08 12:11:36 - [MESSAGE][PASSED] - Text 'information here. If you are making a payment for the Taxpayer, you will be required later to enter your own credit card, billing address and other pertinent information' is present on page  using regular expression

2021-11-08 12:11:36 - [TEST_STEP][PASSED] - verifyTextPresent("Address and Contact Information", true): Text 'Address and Contact Information' is present on page  using regular expression

2021-11-08 12:11:36 - [MESSAGE][PASSED] - Text 'Address and Contact Information' is present on page  using regular expression

2021-11-08 12:11:36 - [TEST_STEP][PASSED] - verifyTextPresent("Enter the taxpayer", true): Text 'Enter the taxpayer' is present on page  using regular expression

2021-11-08 12:11:36 - [MESSAGE][PASSED] - Text 'Enter the taxpayer' is present on page  using regular expression

2021-11-08 12:11:36 - [TEST_STEP][PASSED] - verifyTextPresent("address and contact information", true): Text 'address and contact information' is present on page  using regular expression

2021-11-08 12:11:37 - [MESSAGE][PASSED] - Text 'address and contact information' is present on page  using regular expression

2021-11-08 12:11:37 - [TEST_STEP][PASSED] - verifyTextPresent("Filing Status", true): Text 'Filing Status' is present on page  using regular expression

2021-11-08 12:11:37 - [MESSAGE][PASSED] - Text 'Filing Status' is present on page  using regular expression

2021-11-08 12:11:37 - [TEST_STEP][PASSED] - verifyTextPresent("Is this an Individual or Joint Filing?", true): Text 'Is this an Individual or Joint Filing?' is present on page  using regular expression

2021-11-08 12:11:37 - [MESSAGE][PASSED] - Text 'Is this an Individual or Joint Filing?' is present on page  using regular expression

2021-11-08 12:11:37 - [TEST_STEP][PASSED] - verifyTextPresent("Filing type", true): Text 'Filing type' is present on page  using regular expression

2021-11-08 12:11:38 - [MESSAGE][PASSED] - Text 'Filing type' is present on page  using regular expression

2021-11-08 12:11:38 - [TEST_STEP][PASSED] - verifyTextPresent("Individual Filing", true): Text 'Individual Filing' is present on page  using regular expression

2021-11-08 12:11:38 - [MESSAGE][PASSED] - Text 'Individual Filing' is present on page  using regular expression

2021-11-08 12:11:38 - [TEST_STEP][PASSED] - verifyTextPresent("Joint Filing", true): Text 'Joint Filing' is present on page  using regular expression

2021-11-08 12:11:39 - [MESSAGE][PASSED] - Text 'Joint Filing' is present on page  using regular expression

2021-11-08 12:11:39 - [TEST_STEP][PASSED] - verifyTextPresent("Payment Amount", true): Text 'Payment Amount' is present on page  using regular expression

2021-11-08 12:11:39 - [MESSAGE][PASSED] - Text 'Payment Amount' is present on page  using regular expression

2021-11-08 12:11:39 - [TEST_STEP][PASSED] - verifyTextPresent("Service Fee: This electronic government service includes a service/convenience fee. Click here for details", true): Text 'Service Fee: This electronic government service includes a service/convenience fee. Click here for details' is present on page  using regular expression

2021-11-08 12:11:39 - [MESSAGE][PASSED] - Text 'Service Fee: This electronic government service includes a service/convenience fee. Click here for details' is present on page  using regular expression

2021-11-08 12:11:39 - [TEST_STEP][PASSED] - verifyElementPresent(findTestObject(orPath_Amount + "/a_Click here for details"), 30): Object 'Object Repository/RAD_Pages/PaymentAmount_Page/a_Click here for details' is present

2021-11-08 12:11:40 - [MESSAGE][PASSED] - Object 'Object Repository/RAD_Pages/PaymentAmount_Page/a_Click here for details' is present

2021-11-08 12:11:40 - [TEST_STEP][PASSED] - verifyElementPresent(findTestObject(orPath_Landing + "/button_Continue"), 30): Object 'Object Repository/RAD_Pages/Landing_Page/button_Continue' is present

2021-11-08 12:11:40 - [MESSAGE][PASSED] - Object 'Object Repository/RAD_Pages/Landing_Page/button_Continue' is present

2021-11-08 12:11:40 - [TEST_STEP][PASSED] - verifyElementPresent(findTestObject(orPath_TaxPayer + "/input_firstName"), 30): Object 'Object Repository/RAD_Pages/Taxpayer_Page/input_firstName' is present

2021-11-08 12:11:40 - [MESSAGE][PASSED] - Object 'Object Repository/RAD_Pages/Taxpayer_Page/input_firstName' is present

2021-11-08 12:11:40 - [TEST_STEP][PASSED] - verifyElementPresent(findTestObject(orPath_TaxPayer + "/input_middleName"), 30): Object 'Object Repository/RAD_Pages/Taxpayer_Page/input_middleName' is present

2021-11-08 12:11:40 - [MESSAGE][PASSED] - Object 'Object Repository/RAD_Pages/Taxpayer_Page/input_middleName' is present

2021-11-08 12:11:40 - [TEST_STEP][PASSED] - verifyElementPresent(findTestObject(orPath_TaxPayer + "/input_lastName"), 30): Object 'Object Repository/RAD_Pages/Taxpayer_Page/input_lastName' is present

2021-11-08 12:11:41 - [MESSAGE][PASSED] - Object 'Object Repository/RAD_Pages/Taxpayer_Page/input_lastName' is present

2021-11-08 12:11:41 - [TEST_STEP][PASSED] - verifyElementPresent(findTestObject(orPath_TaxPayer + "/input_suffix"), 30): Object 'Object Repository/RAD_Pages/Taxpayer_Page/input_suffix' is present

2021-11-08 12:11:41 - [MESSAGE][PASSED] - Object 'Object Repository/RAD_Pages/Taxpayer_Page/input_suffix' is present

2021-11-08 12:11:41 - [TEST_STEP][PASSED] - verifyElementPresent(findTestObject("RAD_RecordAndPlay/input_concatSSN"), 30): Object 'Object Repository/RAD_RecordAndPlay/input_concatSSN' is present

2021-11-08 12:11:41 - [MESSAGE][PASSED] - Object 'Object Repository/RAD_RecordAndPlay/input_concatSSN' is present

2021-11-08 12:11:41 - [TEST_STEP][PASSED] - verifyElementPresent(findTestObject("RAD_RecordAndPlay/input_concatReSSN"), 30): Object 'Object Repository/RAD_RecordAndPlay/input_concatReSSN' is present

2021-11-08 12:11:42 - [MESSAGE][PASSED] - Object 'Object Repository/RAD_RecordAndPlay/input_concatReSSN' is present

2021-11-08 12:11:42 - [TEST_STEP][PASSED] - verifyElementPresent(findTestObject(orPath_AddressContact + "/select_Country"), 30): Object 'Object Repository/RAD_Pages/AddressAndContactInfo_Page/select_Country' is present

2021-11-08 12:11:42 - [MESSAGE][PASSED] - Object 'Object Repository/RAD_Pages/AddressAndContactInfo_Page/select_Country' is present

2021-11-08 12:11:42 - [TEST_STEP][PASSED] - verifyElementPresent(findTestObject(orPath_AddressContact + "/input_streetAddress1"), 30): Object 'Object Repository/RAD_Pages/AddressAndContactInfo_Page/input_streetAddress1' is present

2021-11-08 12:11:43 - [MESSAGE][PASSED] - Object 'Object Repository/RAD_Pages/AddressAndContactInfo_Page/input_streetAddress1' is present

2021-11-08 12:11:43 - [TEST_STEP][PASSED] - verifyElementPresent(findTestObject(orPath_AddressContact + "/input_streetAddress2"), 30): Object 'Object Repository/RAD_Pages/AddressAndContactInfo_Page/input_streetAddress2' is present

2021-11-08 12:11:43 - [MESSAGE][PASSED] - Object 'Object Repository/RAD_Pages/AddressAndContactInfo_Page/input_streetAddress2' is present

2021-11-08 12:11:43 - [TEST_STEP][PASSED] - verifyElementPresent(findTestObject(orPath_AddressContact + "/input_city"), 30): Object 'Object Repository/RAD_Pages/AddressAndContactInfo_Page/input_city' is present

2021-11-08 12:11:43 - [MESSAGE][PASSED] - Object 'Object Repository/RAD_Pages/AddressAndContactInfo_Page/input_city' is present

2021-11-08 12:11:43 - [TEST_STEP][PASSED] - verifyElementPresent(findTestObject(orPath_AddressContact + "/select_State"), 30): Object 'Object Repository/RAD_Pages/AddressAndContactInfo_Page/select_State' is present

2021-11-08 12:11:44 - [MESSAGE][PASSED] - Object 'Object Repository/RAD_Pages/AddressAndContactInfo_Page/select_State' is present

2021-11-08 12:11:44 - [TEST_STEP][PASSED] - verifyElementPresent(findTestObject(orPath_AddressContact + "/input_zipCode"), 30): Object 'Object Repository/RAD_Pages/AddressAndContactInfo_Page/input_zipCode' is present

2021-11-08 12:11:44 - [MESSAGE][PASSED] - Object 'Object Repository/RAD_Pages/AddressAndContactInfo_Page/input_zipCode' is present

2021-11-08 12:11:44 - [TEST_STEP][PASSED] - verifyElementPresent(findTestObject(orPath_AddressContact + "/input_phoneNumber"), 30): Object 'Object Repository/RAD_Pages/AddressAndContactInfo_Page/input_phoneNumber' is present

2021-11-08 12:11:44 - [MESSAGE][PASSED] - Object 'Object Repository/RAD_Pages/AddressAndContactInfo_Page/input_phoneNumber' is present

2021-11-08 12:11:44 - [TEST_STEP][PASSED] - verifyElementPresent(findTestObject(orPath_AddressContact + "/input_eMailAddress"), 30): Object 'Object Repository/RAD_Pages/AddressAndContactInfo_Page/input_eMailAddress' is present

2021-11-08 12:11:45 - [MESSAGE][PASSED] - Object 'Object Repository/RAD_Pages/AddressAndContactInfo_Page/input_eMailAddress' is present

2021-11-08 12:11:45 - [TEST_STEP][PASSED] - verifyElementPresent(findTestObject(orPath_AddressContact + "/input_reEnterEMailAddress"), 30): Object 'Object Repository/RAD_Pages/AddressAndContactInfo_Page/input_reEnterEMailAddress' is present

2021-11-08 12:11:45 - [MESSAGE][PASSED] - Object 'Object Repository/RAD_Pages/AddressAndContactInfo_Page/input_reEnterEMailAddress' is present

2021-11-08 12:11:45 - [TEST_STEP][PASSED] - verifyOptionsPresent(findTestObject(orPath_AddressContact + "/select_Country"), ["United States"]): Options [United States] present.

2021-11-08 12:11:46 - [MESSAGE][PASSED] - Options [United States] present.

2021-11-08 12:11:46 - [TEST_STEP][PASSED] - verifyOptionsPresent(findTestObject(orPath_AddressContact + "/select_State"), ["Alabama", "District of Columbia", "Maryland", "Virginia", "Wyoming"]): Options [Alabama, District of Columbia, Maryland, Virginia, Wyoming] present.

2021-11-08 12:11:47 - [MESSAGE][PASSED] - Options [Alabama, District of Columbia, Maryland, Virginia, Wyoming] present.

2021-11-08 12:11:47 - [TEST_STEP][PASSED] - totalOptionsState = getNumberOfTotalOption(findTestObject(orPath_AddressContact + "/select_State")): 52 options of object 'Object Repository/RAD_Pages/AddressAndContactInfo_Page/select_State' counted

2021-11-08 12:11:47 - [MESSAGE][PASSED] - 52 options of object 'Object Repository/RAD_Pages/AddressAndContactInfo_Page/select_State' counted

2021-11-08 12:11:47 - [TEST_STEP][PASSED] - verifyEqual(totalOptionsState, 52): Actual object '52' and expected object '52' are equal

2021-11-08 12:11:47 - [MESSAGE][PASSED] - Actual object '52' and expected object '52' are equal

2021-11-08 12:11:47 - [TEST_STEP][PASSED] - verifyElementPresent(findTestObject(orPath_FilingStatus + "/input_userType_Individual"), 30): Object 'Object Repository/RAD_Pages/FilingStatus_Page/input_userType_Individual' is present

2021-11-08 12:11:48 - [MESSAGE][PASSED] - Object 'Object Repository/RAD_Pages/FilingStatus_Page/input_userType_Individual' is present

2021-11-08 12:11:48 - [TEST_STEP][PASSED] - verifyElementPresent(findTestObject(orPath_FilingStatus + "/input_userType_Joint"), 30): Object 'Object Repository/RAD_Pages/FilingStatus_Page/input_userType_Joint' is present

2021-11-08 12:11:48 - [MESSAGE][PASSED] - Object 'Object Repository/RAD_Pages/FilingStatus_Page/input_userType_Joint' is present

2021-11-08 12:11:48 - [TEST_STEP][PASSED] - verifyElementPresent(findTestObject(orPath_Amount + "/input__paymentAmount"), 30): Object 'Object Repository/RAD_Pages/PaymentAmount_Page/input__paymentAmount' is present

2021-11-08 12:11:48 - [MESSAGE][PASSED] - Object 'Object Repository/RAD_Pages/PaymentAmount_Page/input__paymentAmount' is present

2021-11-08 12:11:48 - [TEST_STEP][PASSED] - scrollToElement(findTestObject(orPath_Amount + "/input__paymentAmount"), 3): Scroll to object 'Object Repository/RAD_Pages/PaymentAmount_Page/input__paymentAmount' successfully

2021-11-08 12:11:49 - [MESSAGE][PASSED] - Scroll to object 'Object Repository/RAD_Pages/PaymentAmount_Page/input__paymentAmount' successfully

2021-11-08 12:11:49 - [TEST_STEP][PASSED] - waitForElementClickable(findTestObject(orPath_FilingStatus + "/input_userType_Joint"), 5): Object 'Object Repository/RAD_Pages/FilingStatus_Page/input_userType_Joint' is clickable

2021-11-08 12:11:49 - [MESSAGE][PASSED] - Object 'Object Repository/RAD_Pages/FilingStatus_Page/input_userType_Joint' is clickable

2021-11-08 12:11:49 - [TEST_STEP][PASSED] - click(findTestObject(orPath_FilingStatus + "/input_userType_Joint")): Object: 'Object Repository/RAD_Pages/FilingStatus_Page/input_userType_Joint' is clicked on

2021-11-08 12:11:50 - [MESSAGE][PASSED] - Object: 'Object Repository/RAD_Pages/FilingStatus_Page/input_userType_Joint' is clicked on

2021-11-08 12:11:50 - [TEST_STEP][PASSED] - verifyTextPresent("Provide the following information for the joint filer", true): Text 'Provide the following information for the joint filer' is present on page  using regular expression

2021-11-08 12:11:50 - [MESSAGE][PASSED] - Text 'Provide the following information for the joint filer' is present on page  using regular expression

2021-11-08 12:11:50 - [TEST_STEP][PASSED] - verifyElementPresent(findTestObject(orPath_FilingStatus + "/input_jointFirstName"), 30): Object 'Object Repository/RAD_Pages/FilingStatus_Page/input_jointFirstName' is present

2021-11-08 12:11:50 - [MESSAGE][PASSED] - Object 'Object Repository/RAD_Pages/FilingStatus_Page/input_jointFirstName' is present

2021-11-08 12:11:50 - [TEST_STEP][PASSED] - verifyElementPresent(findTestObject(orPath_FilingStatus + "/input_jointMiddleName"), 30): Object 'Object Repository/RAD_Pages/FilingStatus_Page/input_jointMiddleName' is present

2021-11-08 12:11:51 - [MESSAGE][PASSED] - Object 'Object Repository/RAD_Pages/FilingStatus_Page/input_jointMiddleName' is present

2021-11-08 12:11:51 - [TEST_STEP][PASSED] - verifyElementPresent(findTestObject(orPath_FilingStatus + "/input_jointLastName"), 30): Object 'Object Repository/RAD_Pages/FilingStatus_Page/input_jointLastName' is present

2021-11-08 12:11:51 - [MESSAGE][PASSED] - Object 'Object Repository/RAD_Pages/FilingStatus_Page/input_jointLastName' is present

2021-11-08 12:11:51 - [TEST_STEP][PASSED] - verifyElementPresent(findTestObject(orPath_FilingStatus + "/input_jointSuffix"), 30): Object 'Object Repository/RAD_Pages/FilingStatus_Page/input_jointSuffix' is present

2021-11-08 12:11:51 - [MESSAGE][PASSED] - Object 'Object Repository/RAD_Pages/FilingStatus_Page/input_jointSuffix' is present

2021-11-08 12:11:51 - [TEST_STEP][PASSED] - verifyElementPresent(findTestObject("Object Repository/RAD_RecordAndPlay/input_JointFilerSSN"), 30): Object 'Object Repository/RAD_RecordAndPlay/input_JointFilerSSN' is present

2021-11-08 12:11:52 - [MESSAGE][PASSED] - Object 'Object Repository/RAD_RecordAndPlay/input_JointFilerSSN' is present

2021-11-08 12:11:52 - [TEST_STEP][PASSED] - verifyElementPresent(findTestObject("Object Repository/RAD_RecordAndPlay/input_reTypeJointFilerSSN"), 30): Object 'Object Repository/RAD_RecordAndPlay/input_reTypeJointFilerSSN' is present

2021-11-08 12:11:52 - [MESSAGE][PASSED] - Object 'Object Repository/RAD_RecordAndPlay/input_reTypeJointFilerSSN' is present]]></system-out>
         <system-err><![CDATA[]]></system-err>
      </testcase>
      <testcase name="Test Cases/RAD_TestCases/UI_TestCases/WithholdingTax_UI_TC" time="26.618" classname="Test Cases/RAD_TestCases/UI_TestCases/WithholdingTax_UI_TC" status="PASSED">
         <system-out><![CDATA[2021-11-08 12:11:52 - [TEST_CASE][PASSED] - Test Cases/RAD_TestCases/UI_TestCases/WithholdingTax_UI_TC: Test Cases/RAD_TestCases/UI_TestCases/WithholdingTax_UI_TC

2021-11-08 12:11:52 - [TEST_STEP][PASSED] - openBrowser(""): Browser is opened with url: ''

2021-11-08 12:11:52 - [MESSAGE][WARNING] - A browser is already opened. Closing browser and opening a new one

2021-11-08 12:11:53 - [MESSAGE][INFO] - Starting 'Chrome' driver

2021-11-08 12:11:53 - [MESSAGE][INFO] - User set preference: ['acceptInsecureCerts', 'true']

2021-11-08 12:11:53 - [MESSAGE][INFO] - Action delay is set to 0 milliseconds

2021-11-08 12:11:55 - [MESSAGE][PASSED] - Browser is opened with url: ''

2021-11-08 12:11:55 - [TEST_STEP][PASSED] - maximizeWindow(): Current window maximized

2021-11-08 12:11:55 - [MESSAGE][PASSED] - Current window maximized

2021-11-08 12:11:55 - [TEST_STEP][PASSED] - navigateToUrl(RADurl): Navigate to 'https://qa.velocitypayment.com/client/rad/index.html' successfully

2021-11-08 12:11:57 - [MESSAGE][PASSED] - Navigate to 'https://qa.velocitypayment.com/client/rad/index.html' successfully

2021-11-08 12:11:57 - [TEST_STEP][PASSED] - orPath_Landing = "Object Repository/RAD_Pages/Landing_Page": null

2021-11-08 12:11:57 - [TEST_STEP][PASSED] - orPath_TaxTypeFilingYear = "Object Repository/RAD_Pages/TaxTypeFilingYear_Page": null

2021-11-08 12:11:57 - [TEST_STEP][PASSED] - orPath_TaxPayer = "Object Repository/RAD_Pages/Taxpayer_Page": null

2021-11-08 12:11:57 - [TEST_STEP][PASSED] - orPath_AddressContact = "Object Repository/RAD_Pages/AddressAndContactInfo_Page": null

2021-11-08 12:11:57 - [TEST_STEP][PASSED] - orPath_TaxInfo = "Object Repository/RAD_Pages/TaxInfo_Page": null

2021-11-08 12:11:57 - [TEST_STEP][PASSED] - orPath_Withholding = "Object Repository/RAD_Pages/Withholding_Page": null

2021-11-08 12:11:57 - [TEST_STEP][PASSED] - orPath_FilingStatus = "Object Repository/RAD_Pages/FilingStatus_Page": null

2021-11-08 12:11:57 - [TEST_STEP][PASSED] - orPath_Amount = "Object Repository/RAD_Pages/PaymentAmount_Page": null

2021-11-08 12:11:57 - [TEST_STEP][PASSED] - selectOptionByLabel(findTestObject(orPath_Landing + "/dd_TaxType"), "Withholding Tax", false): All options with label 'Withholding Tax' are selected in object 'Object Repository/RAD_Pages/Landing_Page/dd_TaxType' 

2021-11-08 12:11:57 - [MESSAGE][PASSED] - All options with label 'Withholding Tax' are selected in object 'Object Repository/RAD_Pages/Landing_Page/dd_TaxType' 

2021-11-08 12:11:57 - [TEST_STEP][PASSED] - verifyElementPresent(findTestObject(orPath_TaxTypeFilingYear + "/select_FilingYear"), 30): Object 'Object Repository/RAD_Pages/TaxTypeFilingYear_Page/select_FilingYear' is present

2021-11-08 12:11:58 - [MESSAGE][PASSED] - Object 'Object Repository/RAD_Pages/TaxTypeFilingYear_Page/select_FilingYear' is present

2021-11-08 12:11:58 - [TEST_STEP][PASSED] - totalOptionsFilingYear = getNumberOfTotalOption(findTestObject(orPath_TaxTypeFilingYear + "/select_FilingYear")): 4 options of object 'Object Repository/RAD_Pages/TaxTypeFilingYear_Page/select_FilingYear' counted

2021-11-08 12:11:58 - [MESSAGE][PASSED] - 4 options of object 'Object Repository/RAD_Pages/TaxTypeFilingYear_Page/select_FilingYear' counted

2021-11-08 12:11:58 - [TEST_STEP][PASSED] - verifyEqual(totalOptionsFilingYear, 4): Actual object '4' and expected object '4' are equal

2021-11-08 12:11:58 - [MESSAGE][PASSED] - Actual object '4' and expected object '4' are equal

2021-11-08 12:11:58 - [TEST_STEP][PASSED] - verifyOptionsPresent(findTestObject(orPath_TaxTypeFilingYear + "/select_FilingYear"), ["2021", "2020", "2019"]): Options [2021, 2020, 2019] present.

2021-11-08 12:11:59 - [MESSAGE][PASSED] - Options [2021, 2020, 2019] present.

2021-11-08 12:11:59 - [TEST_STEP][PASSED] - verifyTextPresent("Tax Type/Filing Year", true): Text 'Tax Type/Filing Year' is present on page  using regular expression

2021-11-08 12:11:59 - [MESSAGE][PASSED] - Text 'Tax Type/Filing Year' is present on page  using regular expression

2021-11-08 12:11:59 - [TEST_STEP][PASSED] - verifyTextPresent("Taxpayer", true): Text 'Taxpayer' is present on page  using regular expression

2021-11-08 12:12:00 - [MESSAGE][PASSED] - Text 'Taxpayer' is present on page  using regular expression

2021-11-08 12:12:00 - [TEST_STEP][PASSED] - verifyTextPresent("Provide the following taxpayer information", true): Text 'Provide the following taxpayer information' is present on page  using regular expression

2021-11-08 12:12:00 - [MESSAGE][PASSED] - Text 'Provide the following taxpayer information' is present on page  using regular expression

2021-11-08 12:12:00 - [TEST_STEP][PASSED] - verifyTextPresent("Note: If you are paying on behalf of the Taxpayer, enter Taxpayer", true): Text 'Note: If you are paying on behalf of the Taxpayer, enter Taxpayer' is present on page  using regular expression

2021-11-08 12:12:01 - [MESSAGE][PASSED] - Text 'Note: If you are paying on behalf of the Taxpayer, enter Taxpayer' is present on page  using regular expression

2021-11-08 12:12:01 - [TEST_STEP][PASSED] - verifyTextPresent("information here. If you are making a payment for the Taxpayer, you will be required later to enter your own credit card, billing address and other pertinent information", true): Text 'information here. If you are making a payment for the Taxpayer, you will be required later to enter your own credit card, billing address and other pertinent information' is present on page  using regular expression

2021-11-08 12:12:01 - [MESSAGE][PASSED] - Text 'information here. If you are making a payment for the Taxpayer, you will be required later to enter your own credit card, billing address and other pertinent information' is present on page  using regular expression

2021-11-08 12:12:01 - [TEST_STEP][PASSED] - verifyTextPresent("Address and Contact Information", true): Text 'Address and Contact Information' is present on page  using regular expression

2021-11-08 12:12:01 - [MESSAGE][PASSED] - Text 'Address and Contact Information' is present on page  using regular expression

2021-11-08 12:12:01 - [TEST_STEP][PASSED] - verifyTextPresent("Enter the taxpayer", true): Text 'Enter the taxpayer' is present on page  using regular expression

2021-11-08 12:12:02 - [MESSAGE][PASSED] - Text 'Enter the taxpayer' is present on page  using regular expression

2021-11-08 12:12:02 - [TEST_STEP][PASSED] - verifyTextPresent("address and contact information", true): Text 'address and contact information' is present on page  using regular expression

2021-11-08 12:12:02 - [MESSAGE][PASSED] - Text 'address and contact information' is present on page  using regular expression

2021-11-08 12:12:02 - [TEST_STEP][PASSED] - verifyTextPresent("Tax Information", true): Text 'Tax Information' is present on page  using regular expression

2021-11-08 12:12:02 - [MESSAGE][PASSED] - Text 'Tax Information' is present on page  using regular expression

2021-11-08 12:12:02 - [TEST_STEP][PASSED] - verifyTextPresent("Withholding", true): Text 'Withholding' is present on page  using regular expression

2021-11-08 12:12:03 - [MESSAGE][PASSED] - Text 'Withholding' is present on page  using regular expression

2021-11-08 12:12:03 - [TEST_STEP][PASSED] - verifyTextPresent("Are you filing on an accelerated basis?", true): Text 'Are you filing on an accelerated basis?' is present on page  using regular expression

2021-11-08 12:12:03 - [MESSAGE][PASSED] - Text 'Are you filing on an accelerated basis?' is present on page  using regular expression

2021-11-08 12:12:03 - [TEST_STEP][PASSED] - verifyTextPresent("Yes", true): Text 'Yes' is present on page  using regular expression

2021-11-08 12:12:03 - [MESSAGE][PASSED] - Text 'Yes' is present on page  using regular expression

2021-11-08 12:12:03 - [TEST_STEP][PASSED] - verifyTextPresent("No", true): Text 'No' is present on page  using regular expression

2021-11-08 12:12:04 - [MESSAGE][PASSED] - Text 'No' is present on page  using regular expression

2021-11-08 12:12:04 - [TEST_STEP][PASSED] - verifyTextPresent("Payment Amount", true): Text 'Payment Amount' is present on page  using regular expression

2021-11-08 12:12:04 - [MESSAGE][PASSED] - Text 'Payment Amount' is present on page  using regular expression

2021-11-08 12:12:04 - [TEST_STEP][PASSED] - verifyTextPresent("Service Fee: This electronic government service includes a service/convenience fee. Click here for details", true): Text 'Service Fee: This electronic government service includes a service/convenience fee. Click here for details' is present on page  using regular expression

2021-11-08 12:12:04 - [MESSAGE][PASSED] - Text 'Service Fee: This electronic government service includes a service/convenience fee. Click here for details' is present on page  using regular expression

2021-11-08 12:12:04 - [TEST_STEP][PASSED] - verifyElementPresent(findTestObject(orPath_Amount + "/a_Click here for details"), 30): Object 'Object Repository/RAD_Pages/PaymentAmount_Page/a_Click here for details' is present

2021-11-08 12:12:05 - [MESSAGE][PASSED] - Object 'Object Repository/RAD_Pages/PaymentAmount_Page/a_Click here for details' is present

2021-11-08 12:12:05 - [TEST_STEP][PASSED] - verifyElementPresent(findTestObject(orPath_Landing + "/button_Continue"), 30): Object 'Object Repository/RAD_Pages/Landing_Page/button_Continue' is present

2021-11-08 12:12:05 - [MESSAGE][PASSED] - Object 'Object Repository/RAD_Pages/Landing_Page/button_Continue' is present

2021-11-08 12:12:05 - [TEST_STEP][PASSED] - verifyElementPresent(findTestObject(orPath_TaxPayer + "/input_businessName"), 30): Object 'Object Repository/RAD_Pages/Taxpayer_Page/input_businessName' is present

2021-11-08 12:12:05 - [MESSAGE][PASSED] - Object 'Object Repository/RAD_Pages/Taxpayer_Page/input_businessName' is present

2021-11-08 12:12:05 - [TEST_STEP][PASSED] - verifyElementPresent(findTestObject(orPath_TaxPayer + "/input_firstName"), 30): Object 'Object Repository/RAD_Pages/Taxpayer_Page/input_firstName' is present

2021-11-08 12:12:06 - [MESSAGE][PASSED] - Object 'Object Repository/RAD_Pages/Taxpayer_Page/input_firstName' is present

2021-11-08 12:12:06 - [TEST_STEP][PASSED] - verifyElementPresent(findTestObject(orPath_TaxPayer + "/input_middleName"), 30): Object 'Object Repository/RAD_Pages/Taxpayer_Page/input_middleName' is present

2021-11-08 12:12:06 - [MESSAGE][PASSED] - Object 'Object Repository/RAD_Pages/Taxpayer_Page/input_middleName' is present

2021-11-08 12:12:06 - [TEST_STEP][PASSED] - verifyElementPresent(findTestObject(orPath_TaxPayer + "/input_lastName"), 30): Object 'Object Repository/RAD_Pages/Taxpayer_Page/input_lastName' is present

2021-11-08 12:12:06 - [MESSAGE][PASSED] - Object 'Object Repository/RAD_Pages/Taxpayer_Page/input_lastName' is present

2021-11-08 12:12:06 - [TEST_STEP][PASSED] - verifyElementPresent(findTestObject(orPath_TaxPayer + "/input_suffix"), 30): Object 'Object Repository/RAD_Pages/Taxpayer_Page/input_suffix' is present

2021-11-08 12:12:07 - [MESSAGE][PASSED] - Object 'Object Repository/RAD_Pages/Taxpayer_Page/input_suffix' is present

2021-11-08 12:12:07 - [TEST_STEP][PASSED] - verifyElementPresent(findTestObject(orPath_AddressContact + "/select_Country"), 30): Object 'Object Repository/RAD_Pages/AddressAndContactInfo_Page/select_Country' is present

2021-11-08 12:12:07 - [MESSAGE][PASSED] - Object 'Object Repository/RAD_Pages/AddressAndContactInfo_Page/select_Country' is present

2021-11-08 12:12:07 - [TEST_STEP][PASSED] - verifyElementPresent(findTestObject(orPath_AddressContact + "/input_streetAddress1"), 30): Object 'Object Repository/RAD_Pages/AddressAndContactInfo_Page/input_streetAddress1' is present

2021-11-08 12:12:07 - [MESSAGE][PASSED] - Object 'Object Repository/RAD_Pages/AddressAndContactInfo_Page/input_streetAddress1' is present

2021-11-08 12:12:07 - [TEST_STEP][PASSED] - verifyElementPresent(findTestObject(orPath_AddressContact + "/input_streetAddress2"), 30): Object 'Object Repository/RAD_Pages/AddressAndContactInfo_Page/input_streetAddress2' is present

2021-11-08 12:12:07 - [MESSAGE][PASSED] - Object 'Object Repository/RAD_Pages/AddressAndContactInfo_Page/input_streetAddress2' is present

2021-11-08 12:12:07 - [TEST_STEP][PASSED] - verifyElementPresent(findTestObject(orPath_AddressContact + "/input_city"), 30): Object 'Object Repository/RAD_Pages/AddressAndContactInfo_Page/input_city' is present

2021-11-08 12:12:08 - [MESSAGE][PASSED] - Object 'Object Repository/RAD_Pages/AddressAndContactInfo_Page/input_city' is present

2021-11-08 12:12:08 - [TEST_STEP][PASSED] - verifyElementPresent(findTestObject(orPath_AddressContact + "/select_State"), 30): Object 'Object Repository/RAD_Pages/AddressAndContactInfo_Page/select_State' is present

2021-11-08 12:12:08 - [MESSAGE][PASSED] - Object 'Object Repository/RAD_Pages/AddressAndContactInfo_Page/select_State' is present

2021-11-08 12:12:08 - [TEST_STEP][PASSED] - verifyElementPresent(findTestObject(orPath_AddressContact + "/input_zipCode"), 30): Object 'Object Repository/RAD_Pages/AddressAndContactInfo_Page/input_zipCode' is present

2021-11-08 12:12:08 - [MESSAGE][PASSED] - Object 'Object Repository/RAD_Pages/AddressAndContactInfo_Page/input_zipCode' is present

2021-11-08 12:12:08 - [TEST_STEP][PASSED] - verifyElementPresent(findTestObject(orPath_AddressContact + "/input_phoneNumber"), 30): Object 'Object Repository/RAD_Pages/AddressAndContactInfo_Page/input_phoneNumber' is present

2021-11-08 12:12:09 - [MESSAGE][PASSED] - Object 'Object Repository/RAD_Pages/AddressAndContactInfo_Page/input_phoneNumber' is present

2021-11-08 12:12:09 - [TEST_STEP][PASSED] - verifyElementPresent(findTestObject(orPath_AddressContact + "/input_eMailAddress"), 30): Object 'Object Repository/RAD_Pages/AddressAndContactInfo_Page/input_eMailAddress' is present

2021-11-08 12:12:09 - [MESSAGE][PASSED] - Object 'Object Repository/RAD_Pages/AddressAndContactInfo_Page/input_eMailAddress' is present

2021-11-08 12:12:09 - [TEST_STEP][PASSED] - verifyElementPresent(findTestObject(orPath_AddressContact + "/input_reEnterEMailAddress"), 30): Object 'Object Repository/RAD_Pages/AddressAndContactInfo_Page/input_reEnterEMailAddress' is present

2021-11-08 12:12:09 - [MESSAGE][PASSED] - Object 'Object Repository/RAD_Pages/AddressAndContactInfo_Page/input_reEnterEMailAddress' is present

2021-11-08 12:12:09 - [TEST_STEP][PASSED] - verifyOptionsPresent(findTestObject(orPath_AddressContact + "/select_Country"), ["United States"]): Options [United States] present.

2021-11-08 12:12:10 - [MESSAGE][PASSED] - Options [United States] present.

2021-11-08 12:12:10 - [TEST_STEP][PASSED] - verifyOptionsPresent(findTestObject(orPath_AddressContact + "/select_State"), ["Alabama", "District of Columbia", "Maryland", "Virginia", "Wyoming"]): Options [Alabama, District of Columbia, Maryland, Virginia, Wyoming] present.

2021-11-08 12:12:11 - [MESSAGE][PASSED] - Options [Alabama, District of Columbia, Maryland, Virginia, Wyoming] present.

2021-11-08 12:12:11 - [TEST_STEP][PASSED] - totalOptionsState = getNumberOfTotalOption(findTestObject(orPath_AddressContact + "/select_State")): 52 options of object 'Object Repository/RAD_Pages/AddressAndContactInfo_Page/select_State' counted

2021-11-08 12:12:12 - [MESSAGE][PASSED] - 52 options of object 'Object Repository/RAD_Pages/AddressAndContactInfo_Page/select_State' counted

2021-11-08 12:12:12 - [TEST_STEP][PASSED] - verifyEqual(totalOptionsState, 52): Actual object '52' and expected object '52' are equal

2021-11-08 12:12:12 - [MESSAGE][PASSED] - Actual object '52' and expected object '52' are equal

2021-11-08 12:12:12 - [TEST_STEP][PASSED] - verifyElementPresent(findTestObject(orPath_TaxInfo + "/input_FEIN"), 30): Object 'Object Repository/RAD_Pages/TaxInfo_Page/input_FEIN' is present

2021-11-08 12:12:12 - [MESSAGE][PASSED] - Object 'Object Repository/RAD_Pages/TaxInfo_Page/input_FEIN' is present

2021-11-08 12:12:12 - [TEST_STEP][PASSED] - verifyElementPresent(findTestObject(orPath_TaxInfo + "/input_ReTypeFEIN"), 30): Object 'Object Repository/RAD_Pages/TaxInfo_Page/input_ReTypeFEIN' is present

2021-11-08 12:12:13 - [MESSAGE][PASSED] - Object 'Object Repository/RAD_Pages/TaxInfo_Page/input_ReTypeFEIN' is present

2021-11-08 12:12:13 - [TEST_STEP][PASSED] - verifyElementPresent(findTestObject(orPath_TaxInfo + "/input_MDCRegistration"), 30): Object 'Object Repository/RAD_Pages/TaxInfo_Page/input_MDCRegistration' is present

2021-11-08 12:12:13 - [MESSAGE][PASSED] - Object 'Object Repository/RAD_Pages/TaxInfo_Page/input_MDCRegistration' is present

2021-11-08 12:12:13 - [TEST_STEP][PASSED] - scrollToElement(findTestObject(orPath_Withholding + "/input_acceleratedBasis_Yes"), 3): Scroll to object 'Object Repository/RAD_Pages/Withholding_Page/input_acceleratedBasis_Yes' successfully

2021-11-08 12:12:13 - [MESSAGE][PASSED] - Scroll to object 'Object Repository/RAD_Pages/Withholding_Page/input_acceleratedBasis_Yes' successfully

2021-11-08 12:12:13 - [TEST_STEP][PASSED] - verifyElementPresent(findTestObject(orPath_Withholding + "/input_acceleratedBasis_Yes"), 30): Object 'Object Repository/RAD_Pages/Withholding_Page/input_acceleratedBasis_Yes' is present

2021-11-08 12:12:14 - [MESSAGE][PASSED] - Object 'Object Repository/RAD_Pages/Withholding_Page/input_acceleratedBasis_Yes' is present

2021-11-08 12:12:14 - [TEST_STEP][PASSED] - verifyElementPresent(findTestObject(orPath_Withholding + "/input_acceleratedBasis_No"), 30): Object 'Object Repository/RAD_Pages/Withholding_Page/input_acceleratedBasis_No' is present

2021-11-08 12:12:14 - [MESSAGE][PASSED] - Object 'Object Repository/RAD_Pages/Withholding_Page/input_acceleratedBasis_No' is present

2021-11-08 12:12:14 - [TEST_STEP][PASSED] - verifyElementPresent(findTestObject(orPath_Withholding + "/input_PayDate"), 30): Object 'Object Repository/RAD_Pages/Withholding_Page/input_PayDate' is present

2021-11-08 12:12:15 - [MESSAGE][PASSED] - Object 'Object Repository/RAD_Pages/Withholding_Page/input_PayDate' is present

2021-11-08 12:12:15 - [TEST_STEP][PASSED] - verifyElementPresent(findTestObject(orPath_Withholding + "/input__WithholdingTaxReported"), 30): Object 'Object Repository/RAD_Pages/Withholding_Page/input__WithholdingTaxReported' is present

2021-11-08 12:12:15 - [MESSAGE][PASSED] - Object 'Object Repository/RAD_Pages/Withholding_Page/input__WithholdingTaxReported' is present

2021-11-08 12:12:15 - [TEST_STEP][PASSED] - scrollToElement(findTestObject(orPath_Withholding + "/input_acceleratedBasis_No"), 3): Scroll to object 'Object Repository/RAD_Pages/Withholding_Page/input_acceleratedBasis_No' successfully

2021-11-08 12:12:15 - [MESSAGE][PASSED] - Scroll to object 'Object Repository/RAD_Pages/Withholding_Page/input_acceleratedBasis_No' successfully

2021-11-08 12:12:15 - [TEST_STEP][PASSED] - click(findTestObject(orPath_Withholding + "/input_acceleratedBasis_No")): Object: 'Object Repository/RAD_Pages/Withholding_Page/input_acceleratedBasis_No' is clicked on

2021-11-08 12:12:16 - [MESSAGE][PASSED] - Object: 'Object Repository/RAD_Pages/Withholding_Page/input_acceleratedBasis_No' is clicked on

2021-11-08 12:12:16 - [TEST_STEP][PASSED] - verifyElementPresent(findTestObject(orPath_Withholding + "/select_Month"), 30): Object 'Object Repository/RAD_Pages/Withholding_Page/select_Month' is present

2021-11-08 12:12:16 - [MESSAGE][PASSED] - Object 'Object Repository/RAD_Pages/Withholding_Page/select_Month' is present

2021-11-08 12:12:16 - [TEST_STEP][PASSED] - verifyElementPresent(findTestObject(orPath_Withholding + "/input__WithholdingTaxReported"), 30): Object 'Object Repository/RAD_Pages/Withholding_Page/input__WithholdingTaxReported' is present

2021-11-08 12:12:16 - [MESSAGE][PASSED] - Object 'Object Repository/RAD_Pages/Withholding_Page/input__WithholdingTaxReported' is present

2021-11-08 12:12:16 - [TEST_STEP][PASSED] - totalOptionsPeriodEnding = getNumberOfTotalOption(findTestObject(orPath_Withholding + "/select_Month")): 13 options of object 'Object Repository/RAD_Pages/Withholding_Page/select_Month' counted

2021-11-08 12:12:17 - [MESSAGE][PASSED] - 13 options of object 'Object Repository/RAD_Pages/Withholding_Page/select_Month' counted

2021-11-08 12:12:17 - [TEST_STEP][PASSED] - verifyEqual(totalOptionsPeriodEnding, 13): Actual object '13' and expected object '13' are equal

2021-11-08 12:12:17 - [MESSAGE][PASSED] - Actual object '13' and expected object '13' are equal

2021-11-08 12:12:17 - [TEST_STEP][PASSED] - verifyOptionsPresent(findTestObject(orPath_Withholding + "/select_Month"), ["January", "February", "March", "April", "May", "June"]): Options [January, February, March, April, May, June] present.

2021-11-08 12:12:18 - [MESSAGE][PASSED] - Options [January, February, March, April, May, June] present.

2021-11-08 12:12:18 - [TEST_STEP][PASSED] - verifyOptionsPresent(findTestObject(orPath_Withholding + "/select_Month"), ["July", "August", "September", "October", "November", "December"]): Options [July, August, September, October, November, December] present.

2021-11-08 12:12:18 - [MESSAGE][PASSED] - Options [July, August, September, October, November, December] present.

2021-11-08 12:12:18 - [TEST_STEP][PASSED] - verifyElementPresent(findTestObject(orPath_Amount + "/input__paymentAmount"), 30): Object 'Object Repository/RAD_Pages/PaymentAmount_Page/input__paymentAmount' is present

2021-11-08 12:12:19 - [MESSAGE][PASSED] - Object 'Object Repository/RAD_Pages/PaymentAmount_Page/input__paymentAmount' is present]]></system-out>
         <system-err><![CDATA[]]></system-err>
      </testcase>
      <testcase name="Test Cases/RAD_TestCases/UI_TestCases/SalesAndUse_UI_TC" time="27.661" classname="Test Cases/RAD_TestCases/UI_TestCases/SalesAndUse_UI_TC" status="FAILED">
         <failure type="FAILED" message="Test Cases/RAD_TestCases/UI_TestCases/SalesAndUse_UI_TC FAILED.
Reason:
com.kms.katalon.core.exception.StepFailedException: Unable to verify equal between actual object '5' and expected object '4' (Root cause: com.kms.katalon.core.exception.StepFailedException: Actual object '5' and expected object '4' are not equal
	at com.kms.katalon.core.keyword.builtin.VerifyEqualKeyword$_verifyEqual_closure1.doCall(VerifyEqualKeyword.groovy:58)
	at com.kms.katalon.core.keyword.builtin.VerifyEqualKeyword$_verifyEqual_closure1.call(VerifyEqualKeyword.groovy)
	at com.kms.katalon.core.keyword.internal.KeywordMain.runKeyword(KeywordMain.groovy:74)
	at com.kms.katalon.core.keyword.builtin.VerifyEqualKeyword.verifyEqual(VerifyEqualKeyword.groovy:63)
	at com.kms.katalon.core.keyword.builtin.VerifyEqualKeyword.execute(VerifyEqualKeyword.groovy:44)
	at com.kms.katalon.core.keyword.internal.KeywordExecutor.executeKeywordForPlatform(KeywordExecutor.groovy:74)
	at com.kms.katalon.core.keyword.BuiltinKeywords.verifyEqual(BuiltinKeywords.groovy:141)
	at SalesAndUse_UI_TC.run(SalesAndUse_UI_TC:57)
	at com.kms.katalon.core.main.ScriptEngine.run(ScriptEngine.java:194)
	at com.kms.katalon.core.main.ScriptEngine.runScriptAsRawText(ScriptEngine.java:119)
	at com.kms.katalon.core.main.TestCaseExecutor.runScript(TestCaseExecutor.java:430)
	at com.kms.katalon.core.main.TestCaseExecutor.doExecute(TestCaseExecutor.java:421)
	at com.kms.katalon.core.main.TestCaseExecutor.processExecutionPhase(TestCaseExecutor.java:400)
	at com.kms.katalon.core.main.TestCaseExecutor.accessMainPhase(TestCaseExecutor.java:392)
	at com.kms.katalon.core.main.TestCaseExecutor.execute(TestCaseExecutor.java:273)
	at com.kms.katalon.core.main.TestSuiteExecutor.accessTestCaseMainPhase(TestSuiteExecutor.java:202)
	at com.kms.katalon.core.main.TestSuiteExecutor.accessTestSuiteMainPhase(TestSuiteExecutor.java:164)
	at com.kms.katalon.core.main.TestSuiteExecutor.execute(TestSuiteExecutor.java:105)
	at com.kms.katalon.core.main.TestCaseMain.startTestSuite(TestCaseMain.java:185)
	at com.kms.katalon.core.main.TestCaseMain$startTestSuite$0.call(Unknown Source)
	at TempTestSuite1636391403401.run(TempTestSuite1636391403401.groovy:36)
)
	at com.kms.katalon.core.keyword.internal.KeywordMain.stepFailed(KeywordMain.groovy:39)
	at com.kms.katalon.core.keyword.internal.KeywordMain.stepFailed(KeywordMain.groovy)
	at com.kms.katalon.core.keyword.internal.KeywordMain.runKeyword(KeywordMain.groovy:76)
	at com.kms.katalon.core.keyword.builtin.VerifyEqualKeyword.verifyEqual(VerifyEqualKeyword.groovy:63)
	at com.kms.katalon.core.keyword.builtin.VerifyEqualKeyword.execute(VerifyEqualKeyword.groovy:44)
	at com.kms.katalon.core.keyword.internal.KeywordExecutor.executeKeywordForPlatform(KeywordExecutor.groovy:74)
	at com.kms.katalon.core.keyword.BuiltinKeywords.verifyEqual(BuiltinKeywords.groovy:141)
	at SalesAndUse_UI_TC.run(SalesAndUse_UI_TC:57)
	at com.kms.katalon.core.main.ScriptEngine.run(ScriptEngine.java:194)
	at com.kms.katalon.core.main.ScriptEngine.runScriptAsRawText(ScriptEngine.java:119)
	at com.kms.katalon.core.main.TestCaseExecutor.runScript(TestCaseExecutor.java:430)
	at com.kms.katalon.core.main.TestCaseExecutor.doExecute(TestCaseExecutor.java:421)
	at com.kms.katalon.core.main.TestCaseExecutor.processExecutionPhase(TestCaseExecutor.java:400)
	at com.kms.katalon.core.main.TestCaseExecutor.accessMainPhase(TestCaseExecutor.java:392)
	at com.kms.katalon.core.main.TestCaseExecutor.execute(TestCaseExecutor.java:273)
	at com.kms.katalon.core.main.TestSuiteExecutor.accessTestCaseMainPhase(TestSuiteExecutor.java:202)
	at com.kms.katalon.core.main.TestSuiteExecutor.accessTestSuiteMainPhase(TestSuiteExecutor.java:164)
	at com.kms.katalon.core.main.TestSuiteExecutor.execute(TestSuiteExecutor.java:105)
	at com.kms.katalon.core.main.TestCaseMain.startTestSuite(TestCaseMain.java:185)
	at com.kms.katalon.core.main.TestCaseMain$startTestSuite$0.call(Unknown Source)
	at TempTestSuite1636391403401.run(TempTestSuite1636391403401.groovy:36)
Caused by: com.kms.katalon.core.exception.StepFailedException: Actual object '5' and expected object '4' are not equal
	at com.kms.katalon.core.keyword.builtin.VerifyEqualKeyword$_verifyEqual_closure1.doCall(VerifyEqualKeyword.groovy:58)
	at com.kms.katalon.core.keyword.builtin.VerifyEqualKeyword$_verifyEqual_closure1.call(VerifyEqualKeyword.groovy)
	at com.kms.katalon.core.keyword.internal.KeywordMain.runKeyword(KeywordMain.groovy:74)
	... 18 more
"/>
         <system-out><![CDATA[2021-11-08 12:12:19 - [TEST_CASE][FAILED] - Test Cases/RAD_TestCases/UI_TestCases/SalesAndUse_UI_TC: Test Cases/RAD_TestCases/UI_TestCases/SalesAndUse_UI_TC FAILED.
Reason:
com.kms.katalon.core.exception.StepFailedException: Unable to verify equal between actual object '5' and expected object '4' (Root cause: com.kms.katalon.core.exception.StepFailedException: Actual object '5' and expected object '4' are not equal
	at com.kms.katalon.core.keyword.builtin.VerifyEqualKeyword$_verifyEqual_closure1.doCall(VerifyEqualKeyword.groovy:58)
	at com.kms.katalon.core.keyword.builtin.VerifyEqualKeyword$_verifyEqual_closure1.call(VerifyEqualKeyword.groovy)
	at com.kms.katalon.core.keyword.internal.KeywordMain.runKeyword(KeywordMain.groovy:74)
	at com.kms.katalon.core.keyword.builtin.VerifyEqualKeyword.verifyEqual(VerifyEqualKeyword.groovy:63)
	at com.kms.katalon.core.keyword.builtin.VerifyEqualKeyword.execute(VerifyEqualKeyword.groovy:44)
	at com.kms.katalon.core.keyword.internal.KeywordExecutor.executeKeywordForPlatform(KeywordExecutor.groovy:74)
	at com.kms.katalon.core.keyword.BuiltinKeywords.verifyEqual(BuiltinKeywords.groovy:141)
	at SalesAndUse_UI_TC.run(SalesAndUse_UI_TC:57)
	at com.kms.katalon.core.main.ScriptEngine.run(ScriptEngine.java:194)
	at com.kms.katalon.core.main.ScriptEngine.runScriptAsRawText(ScriptEngine.java:119)
	at com.kms.katalon.core.main.TestCaseExecutor.runScript(TestCaseExecutor.java:430)
	at com.kms.katalon.core.main.TestCaseExecutor.doExecute(TestCaseExecutor.java:421)
	at com.kms.katalon.core.main.TestCaseExecutor.processExecutionPhase(TestCaseExecutor.java:400)
	at com.kms.katalon.core.main.TestCaseExecutor.accessMainPhase(TestCaseExecutor.java:392)
	at com.kms.katalon.core.main.TestCaseExecutor.execute(TestCaseExecutor.java:273)
	at com.kms.katalon.core.main.TestSuiteExecutor.accessTestCaseMainPhase(TestSuiteExecutor.java:202)
	at com.kms.katalon.core.main.TestSuiteExecutor.accessTestSuiteMainPhase(TestSuiteExecutor.java:164)
	at com.kms.katalon.core.main.TestSuiteExecutor.execute(TestSuiteExecutor.java:105)
	at com.kms.katalon.core.main.TestCaseMain.startTestSuite(TestCaseMain.java:185)
	at com.kms.katalon.core.main.TestCaseMain$startTestSuite$0.call(Unknown Source)
	at TempTestSuite1636391403401.run(TempTestSuite1636391403401.groovy:36)
)
	at com.kms.katalon.core.keyword.internal.KeywordMain.stepFailed(KeywordMain.groovy:39)
	at com.kms.katalon.core.keyword.internal.KeywordMain.stepFailed(KeywordMain.groovy)
	at com.kms.katalon.core.keyword.internal.KeywordMain.runKeyword(KeywordMain.groovy:76)
	at com.kms.katalon.core.keyword.builtin.VerifyEqualKeyword.verifyEqual(VerifyEqualKeyword.groovy:63)
	at com.kms.katalon.core.keyword.builtin.VerifyEqualKeyword.execute(VerifyEqualKeyword.groovy:44)
	at com.kms.katalon.core.keyword.internal.KeywordExecutor.executeKeywordForPlatform(KeywordExecutor.groovy:74)
	at com.kms.katalon.core.keyword.BuiltinKeywords.verifyEqual(BuiltinKeywords.groovy:141)
	at SalesAndUse_UI_TC.run(SalesAndUse_UI_TC:57)
	at com.kms.katalon.core.main.ScriptEngine.run(ScriptEngine.java:194)
	at com.kms.katalon.core.main.ScriptEngine.runScriptAsRawText(ScriptEngine.java:119)
	at com.kms.katalon.core.main.TestCaseExecutor.runScript(TestCaseExecutor.java:430)
	at com.kms.katalon.core.main.TestCaseExecutor.doExecute(TestCaseExecutor.java:421)
	at com.kms.katalon.core.main.TestCaseExecutor.processExecutionPhase(TestCaseExecutor.java:400)
	at com.kms.katalon.core.main.TestCaseExecutor.accessMainPhase(TestCaseExecutor.java:392)
	at com.kms.katalon.core.main.TestCaseExecutor.execute(TestCaseExecutor.java:273)
	at com.kms.katalon.core.main.TestSuiteExecutor.accessTestCaseMainPhase(TestSuiteExecutor.java:202)
	at com.kms.katalon.core.main.TestSuiteExecutor.accessTestSuiteMainPhase(TestSuiteExecutor.java:164)
	at com.kms.katalon.core.main.TestSuiteExecutor.execute(TestSuiteExecutor.java:105)
	at com.kms.katalon.core.main.TestCaseMain.startTestSuite(TestCaseMain.java:185)
	at com.kms.katalon.core.main.TestCaseMain$startTestSuite$0.call(Unknown Source)
	at TempTestSuite1636391403401.run(TempTestSuite1636391403401.groovy:36)
Caused by: com.kms.katalon.core.exception.StepFailedException: Actual object '5' and expected object '4' are not equal
	at com.kms.katalon.core.keyword.builtin.VerifyEqualKeyword$_verifyEqual_closure1.doCall(VerifyEqualKeyword.groovy:58)
	at com.kms.katalon.core.keyword.builtin.VerifyEqualKeyword$_verifyEqual_closure1.call(VerifyEqualKeyword.groovy)
	at com.kms.katalon.core.keyword.internal.KeywordMain.runKeyword(KeywordMain.groovy:74)
	... 18 more


2021-11-08 12:12:19 - [TEST_STEP][PASSED] - openBrowser(""): Browser is opened with url: ''

2021-11-08 12:12:19 - [MESSAGE][WARNING] - A browser is already opened. Closing browser and opening a new one

2021-11-08 12:12:20 - [MESSAGE][INFO] - Starting 'Chrome' driver

2021-11-08 12:12:20 - [MESSAGE][INFO] - User set preference: ['acceptInsecureCerts', 'true']

2021-11-08 12:12:20 - [MESSAGE][INFO] - Action delay is set to 0 milliseconds

2021-11-08 12:12:21 - [MESSAGE][PASSED] - Browser is opened with url: ''

2021-11-08 12:12:21 - [TEST_STEP][PASSED] - maximizeWindow(): Current window maximized

2021-11-08 12:12:21 - [MESSAGE][PASSED] - Current window maximized

2021-11-08 12:12:21 - [TEST_STEP][PASSED] - navigateToUrl(RADurl): Navigate to 'https://qa.velocitypayment.com/client/rad/index.html' successfully

2021-11-08 12:12:23 - [MESSAGE][PASSED] - Navigate to 'https://qa.velocitypayment.com/client/rad/index.html' successfully

2021-11-08 12:12:23 - [TEST_STEP][PASSED] - orPath_Landing = "Object Repository/RAD_Pages/Landing_Page": null

2021-11-08 12:12:23 - [TEST_STEP][PASSED] - orPath_TaxTypeFilingYear = "Object Repository/RAD_Pages/TaxTypeFilingYear_Page": null

2021-11-08 12:12:23 - [TEST_STEP][PASSED] - orPath_TaxPayer = "Object Repository/RAD_Pages/Taxpayer_Page": null

2021-11-08 12:12:23 - [TEST_STEP][PASSED] - orPath_AddressContact = "Object Repository/RAD_Pages/AddressAndContactInfo_Page": null

2021-11-08 12:12:23 - [TEST_STEP][PASSED] - orPath_TaxInfo = "Object Repository/RAD_Pages/TaxInfo_Page": null

2021-11-08 12:12:23 - [TEST_STEP][PASSED] - orPath_Withholding = "Object Repository/RAD_Pages/Withholding_Page": null

2021-11-08 12:12:23 - [TEST_STEP][PASSED] - orPath_FilingStatus = "Object Repository/RAD_Pages/FilingStatus_Page": null

2021-11-08 12:12:23 - [TEST_STEP][PASSED] - orPath_Amount = "Object Repository/RAD_Pages/PaymentAmount_Page": null

2021-11-08 12:12:23 - [TEST_STEP][PASSED] - orPath_SalesTaxReturnInfo = "Object Repository/RAD_Pages/SalesTaxReturnInfo_Page": null

2021-11-08 12:12:23 - [TEST_STEP][PASSED] - selectOptionByLabel(findTestObject(orPath_Landing + "/dd_TaxType"), "Sales and Use", false): All options with label 'Sales and Use' are selected in object 'Object Repository/RAD_Pages/Landing_Page/dd_TaxType' 

2021-11-08 12:12:24 - [MESSAGE][PASSED] - All options with label 'Sales and Use' are selected in object 'Object Repository/RAD_Pages/Landing_Page/dd_TaxType' 

2021-11-08 12:12:24 - [TEST_STEP][PASSED] - verifyElementPresent(findTestObject(orPath_TaxTypeFilingYear + "/select_FilingYear"), 30): Object 'Object Repository/RAD_Pages/TaxTypeFilingYear_Page/select_FilingYear' is present

2021-11-08 12:12:25 - [MESSAGE][PASSED] - Object 'Object Repository/RAD_Pages/TaxTypeFilingYear_Page/select_FilingYear' is present

2021-11-08 12:12:25 - [TEST_STEP][PASSED] - totalOptionsFilingYear = getNumberOfTotalOption(findTestObject(orPath_TaxTypeFilingYear + "/select_FilingYear")): 5 options of object 'Object Repository/RAD_Pages/TaxTypeFilingYear_Page/select_FilingYear' counted

2021-11-08 12:12:25 - [MESSAGE][PASSED] - 5 options of object 'Object Repository/RAD_Pages/TaxTypeFilingYear_Page/select_FilingYear' counted

2021-11-08 12:12:25 - [TEST_STEP][FAILED] - verifyEqual(totalOptionsFilingYear, 4): Unable to verify equal between actual object '5' and expected object '4' (Root cause: com.kms.katalon.core.exception.StepFailedException: Actual object '5' and expected object '4' are not equal
	at com.kms.katalon.core.keyword.builtin.VerifyEqualKeyword$_verifyEqual_closure1.doCall(VerifyEqualKeyword.groovy:58)
	at com.kms.katalon.core.keyword.builtin.VerifyEqualKeyword$_verifyEqual_closure1.call(VerifyEqualKeyword.groovy)
	at com.kms.katalon.core.keyword.internal.KeywordMain.runKeyword(KeywordMain.groovy:74)
	at com.kms.katalon.core.keyword.builtin.VerifyEqualKeyword.verifyEqual(VerifyEqualKeyword.groovy:63)
	at com.kms.katalon.core.keyword.builtin.VerifyEqualKeyword.execute(VerifyEqualKeyword.groovy:44)
	at com.kms.katalon.core.keyword.internal.KeywordExecutor.executeKeywordForPlatform(KeywordExecutor.groovy:74)
	at com.kms.katalon.core.keyword.BuiltinKeywords.verifyEqual(BuiltinKeywords.groovy:141)
	at SalesAndUse_UI_TC.run(SalesAndUse_UI_TC:57)
	at com.kms.katalon.core.main.ScriptEngine.run(ScriptEngine.java:194)
	at com.kms.katalon.core.main.ScriptEngine.runScriptAsRawText(ScriptEngine.java:119)
	at com.kms.katalon.core.main.TestCaseExecutor.runScript(TestCaseExecutor.java:430)
	at com.kms.katalon.core.main.TestCaseExecutor.doExecute(TestCaseExecutor.java:421)
	at com.kms.katalon.core.main.TestCaseExecutor.processExecutionPhase(TestCaseExecutor.java:400)
	at com.kms.katalon.core.main.TestCaseExecutor.accessMainPhase(TestCaseExecutor.java:392)
	at com.kms.katalon.core.main.TestCaseExecutor.execute(TestCaseExecutor.java:273)
	at com.kms.katalon.core.main.TestSuiteExecutor.accessTestCaseMainPhase(TestSuiteExecutor.java:202)
	at com.kms.katalon.core.main.TestSuiteExecutor.accessTestSuiteMainPhase(TestSuiteExecutor.java:164)
	at com.kms.katalon.core.main.TestSuiteExecutor.execute(TestSuiteExecutor.java:105)
	at com.kms.katalon.core.main.TestCaseMain.startTestSuite(TestCaseMain.java:185)
	at com.kms.katalon.core.main.TestCaseMain$startTestSuite$0.call(Unknown Source)
	at TempTestSuite1636391403401.run(TempTestSuite1636391403401.groovy:36)
)

2021-11-08 12:12:25 - [MESSAGE][FAILED] - Unable to verify equal between actual object '5' and expected object '4' (Root cause: com.kms.katalon.core.exception.StepFailedException: Actual object '5' and expected object '4' are not equal
	at com.kms.katalon.core.keyword.builtin.VerifyEqualKeyword$_verifyEqual_closure1.doCall(VerifyEqualKeyword.groovy:58)
	at com.kms.katalon.core.keyword.builtin.VerifyEqualKeyword$_verifyEqual_closure1.call(VerifyEqualKeyword.groovy)
	at com.kms.katalon.core.keyword.internal.KeywordMain.runKeyword(KeywordMain.groovy:74)
	at com.kms.katalon.core.keyword.builtin.VerifyEqualKeyword.verifyEqual(VerifyEqualKeyword.groovy:63)
	at com.kms.katalon.core.keyword.builtin.VerifyEqualKeyword.execute(VerifyEqualKeyword.groovy:44)
	at com.kms.katalon.core.keyword.internal.KeywordExecutor.executeKeywordForPlatform(KeywordExecutor.groovy:74)
	at com.kms.katalon.core.keyword.BuiltinKeywords.verifyEqual(BuiltinKeywords.groovy:141)
	at SalesAndUse_UI_TC.run(SalesAndUse_UI_TC:57)
	at com.kms.katalon.core.main.ScriptEngine.run(ScriptEngine.java:194)
	at com.kms.katalon.core.main.ScriptEngine.runScriptAsRawText(ScriptEngine.java:119)
	at com.kms.katalon.core.main.TestCaseExecutor.runScript(TestCaseExecutor.java:430)
	at com.kms.katalon.core.main.TestCaseExecutor.doExecute(TestCaseExecutor.java:421)
	at com.kms.katalon.core.main.TestCaseExecutor.processExecutionPhase(TestCaseExecutor.java:400)
	at com.kms.katalon.core.main.TestCaseExecutor.accessMainPhase(TestCaseExecutor.java:392)
	at com.kms.katalon.core.main.TestCaseExecutor.execute(TestCaseExecutor.java:273)
	at com.kms.katalon.core.main.TestSuiteExecutor.accessTestCaseMainPhase(TestSuiteExecutor.java:202)
	at com.kms.katalon.core.main.TestSuiteExecutor.accessTestSuiteMainPhase(TestSuiteExecutor.java:164)
	at com.kms.katalon.core.main.TestSuiteExecutor.execute(TestSuiteExecutor.java:105)
	at com.kms.katalon.core.main.TestCaseMain.startTestSuite(TestCaseMain.java:185)
	at com.kms.katalon.core.main.TestCaseMain$startTestSuite$0.call(Unknown Source)
	at TempTestSuite1636391403401.run(TempTestSuite1636391403401.groovy:36)
)

2021-11-08 12:12:25 - [TEST_STEP][PASSED] - verifyOptionsPresent(findTestObject(orPath_TaxTypeFilingYear + "/select_FilingYear"), ["2022", "2021", "2020"]): Options [2022, 2021, 2020] present.

2021-11-08 12:12:26 - [MESSAGE][PASSED] - Options [2022, 2021, 2020] present.

2021-11-08 12:12:26 - [TEST_STEP][PASSED] - verifyElementPresent(findTestObject(orPath_TaxTypeFilingYear + "/select_PeriodEnding"), 30): Object 'Object Repository/RAD_Pages/TaxTypeFilingYear_Page/select_PeriodEnding' is present

2021-11-08 12:12:26 - [MESSAGE][PASSED] - Object 'Object Repository/RAD_Pages/TaxTypeFilingYear_Page/select_PeriodEnding' is present

2021-11-08 12:12:26 - [TEST_STEP][PASSED] - totalOptionsPeriodEnding = getNumberOfTotalOption(findTestObject(orPath_TaxTypeFilingYear + "/select_PeriodEnding")): 13 options of object 'Object Repository/RAD_Pages/TaxTypeFilingYear_Page/select_PeriodEnding' counted

2021-11-08 12:12:27 - [MESSAGE][PASSED] - 13 options of object 'Object Repository/RAD_Pages/TaxTypeFilingYear_Page/select_PeriodEnding' counted

2021-11-08 12:12:27 - [TEST_STEP][PASSED] - verifyEqual(totalOptionsPeriodEnding, 13): Actual object '13' and expected object '13' are equal

2021-11-08 12:12:27 - [MESSAGE][PASSED] - Actual object '13' and expected object '13' are equal

2021-11-08 12:12:27 - [TEST_STEP][PASSED] - verifyOptionsPresent(findTestObject(orPath_TaxTypeFilingYear + "/select_PeriodEnding"), ["January", "February", "March", "April", "May", "June"]): Options [January, February, March, April, May, June] present.

2021-11-08 12:12:28 - [MESSAGE][PASSED] - Options [January, February, March, April, May, June] present.

2021-11-08 12:12:28 - [TEST_STEP][PASSED] - verifyOptionsPresent(findTestObject(orPath_TaxTypeFilingYear + "/select_PeriodEnding"), ["July", "August", "September", "October", "November", "December"]): Options [July, August, September, October, November, December] present.

2021-11-08 12:12:28 - [MESSAGE][PASSED] - Options [July, August, September, October, November, December] present.

2021-11-08 12:12:28 - [TEST_STEP][PASSED] - verifyTextPresent("Tax Type/Filing Year", true): Text 'Tax Type/Filing Year' is present on page  using regular expression

2021-11-08 12:12:29 - [MESSAGE][PASSED] - Text 'Tax Type/Filing Year' is present on page  using regular expression

2021-11-08 12:12:29 - [TEST_STEP][PASSED] - verifyTextPresent("Taxpayer", true): Text 'Taxpayer' is present on page  using regular expression

2021-11-08 12:12:29 - [MESSAGE][PASSED] - Text 'Taxpayer' is present on page  using regular expression

2021-11-08 12:12:29 - [TEST_STEP][PASSED] - verifyTextPresent("Provide the following taxpayer information", true): Text 'Provide the following taxpayer information' is present on page  using regular expression

2021-11-08 12:12:29 - [MESSAGE][PASSED] - Text 'Provide the following taxpayer information' is present on page  using regular expression

2021-11-08 12:12:29 - [TEST_STEP][PASSED] - verifyTextPresent("Note: If you are paying on behalf of the Taxpayer, enter Taxpayer", true): Text 'Note: If you are paying on behalf of the Taxpayer, enter Taxpayer' is present on page  using regular expression

2021-11-08 12:12:30 - [MESSAGE][PASSED] - Text 'Note: If you are paying on behalf of the Taxpayer, enter Taxpayer' is present on page  using regular expression

2021-11-08 12:12:30 - [TEST_STEP][PASSED] - verifyTextPresent("information here. If you are making a payment for the Taxpayer, you will be required later to enter your own credit card, billing address and other pertinent information", true): Text 'information here. If you are making a payment for the Taxpayer, you will be required later to enter your own credit card, billing address and other pertinent information' is present on page  using regular expression

2021-11-08 12:12:30 - [MESSAGE][PASSED] - Text 'information here. If you are making a payment for the Taxpayer, you will be required later to enter your own credit card, billing address and other pertinent information' is present on page  using regular expression

2021-11-08 12:12:30 - [TEST_STEP][PASSED] - verifyTextPresent("Address and Contact Information", true): Text 'Address and Contact Information' is present on page  using regular expression

2021-11-08 12:12:31 - [MESSAGE][PASSED] - Text 'Address and Contact Information' is present on page  using regular expression

2021-11-08 12:12:31 - [TEST_STEP][PASSED] - verifyTextPresent("Enter the taxpayer", true): Text 'Enter the taxpayer' is present on page  using regular expression

2021-11-08 12:12:31 - [MESSAGE][PASSED] - Text 'Enter the taxpayer' is present on page  using regular expression

2021-11-08 12:12:31 - [TEST_STEP][PASSED] - verifyTextPresent("address and contact information", true): Text 'address and contact information' is present on page  using regular expression

2021-11-08 12:12:32 - [MESSAGE][PASSED] - Text 'address and contact information' is present on page  using regular expression

2021-11-08 12:12:32 - [TEST_STEP][PASSED] - verifyTextPresent("Tax Information", true): Text 'Tax Information' is present on page  using regular expression

2021-11-08 12:12:32 - [MESSAGE][PASSED] - Text 'Tax Information' is present on page  using regular expression

2021-11-08 12:12:32 - [TEST_STEP][PASSED] - verifyTextPresent("Sales Tax Return Information", true): Text 'Sales Tax Return Information' is present on page  using regular expression

2021-11-08 12:12:32 - [MESSAGE][PASSED] - Text 'Sales Tax Return Information' is present on page  using regular expression

2021-11-08 12:12:32 - [TEST_STEP][PASSED] - verifyTextPresent("Check here if you are a marketplace facilitator", true): Text 'Check here if you are a marketplace facilitator' is present on page  using regular expression

2021-11-08 12:12:33 - [MESSAGE][PASSED] - Text 'Check here if you are a marketplace facilitator' is present on page  using regular expression

2021-11-08 12:12:33 - [TEST_STEP][PASSED] - verifyTextPresent("Check here if you are a person that engages in the business of an out-of-state vendor and in the previous calendar year you either", true): Text 'Check here if you are a person that engages in the business of an out-of-state vendor and in the previous calendar year you either' is present on page  using regular expression

2021-11-08 12:12:33 - [MESSAGE][PASSED] - Text 'Check here if you are a person that engages in the business of an out-of-state vendor and in the previous calendar year you either' is present on page  using regular expression

2021-11-08 12:12:33 - [TEST_STEP][PASSED] - verifyTextPresent("in gross revenue from the sale of tangible personal property or taxable services delivered in the State", true): Text 'in gross revenue from the sale of tangible personal property or taxable services delivered in the State' is present on page  using regular expression

2021-11-08 12:12:34 - [MESSAGE][PASSED] - Text 'in gross revenue from the sale of tangible personal property or taxable services delivered in the State' is present on page  using regular expression

2021-11-08 12:12:34 - [TEST_STEP][PASSED] - verifyTextPresent("sold tangible personal property or taxable services for delivery into the State in 200 or more separate transactions", true): Text 'sold tangible personal property or taxable services for delivery into the State in 200 or more separate transactions' is present on page  using regular expression

2021-11-08 12:12:34 - [MESSAGE][PASSED] - Text 'sold tangible personal property or taxable services for delivery into the State in 200 or more separate transactions' is present on page  using regular expression

2021-11-08 12:12:34 - [TEST_STEP][PASSED] - verifyTextPresent("Maryland Form 202", true): Text 'Maryland Form 202' is present on page  using regular expression

2021-11-08 12:12:34 - [MESSAGE][PASSED] - Text 'Maryland Form 202' is present on page  using regular expression

2021-11-08 12:12:34 - [TEST_STEP][PASSED] - verifyTextPresent("Refer to your Maryland Sales Tax Instructions to complete the following", true): Text 'Refer to your Maryland Sales Tax Instructions to complete the following' is present on page  using regular expression

2021-11-08 12:12:35 - [MESSAGE][PASSED] - Text 'Refer to your Maryland Sales Tax Instructions to complete the following' is present on page  using regular expression

2021-11-08 12:12:35 - [TEST_STEP][PASSED] - verifyTextPresent("Lines 19.a. through 19.c. are for returns with period end dates later than 7-1-2013", true): Text 'Lines 19.a. through 19.c. are for returns with period end dates later than 7-1-2013' is present on page  using regular expression

2021-11-08 12:12:35 - [MESSAGE][PASSED] - Text 'Lines 19.a. through 19.c. are for returns with period end dates later than 7-1-2013' is present on page  using regular expression

2021-11-08 12:12:35 - [TEST_STEP][PASSED] - verifyTextPresent("Payment Amount", true): Text 'Payment Amount' is present on page  using regular expression

2021-11-08 12:12:36 - [MESSAGE][PASSED] - Text 'Payment Amount' is present on page  using regular expression

2021-11-08 12:12:36 - [TEST_STEP][PASSED] - verifyTextPresent("Service Fee: This electronic government service includes a service/convenience fee. Click here for details", true): Text 'Service Fee: This electronic government service includes a service/convenience fee. Click here for details' is present on page  using regular expression

2021-11-08 12:12:36 - [MESSAGE][PASSED] - Text 'Service Fee: This electronic government service includes a service/convenience fee. Click here for details' is present on page  using regular expression

2021-11-08 12:12:36 - [TEST_STEP][PASSED] - verifyElementPresent(findTestObject(orPath_Amount + "/a_Click here for details"), 30): Object 'Object Repository/RAD_Pages/PaymentAmount_Page/a_Click here for details' is present

2021-11-08 12:12:36 - [MESSAGE][PASSED] - Object 'Object Repository/RAD_Pages/PaymentAmount_Page/a_Click here for details' is present

2021-11-08 12:12:36 - [TEST_STEP][PASSED] - verifyElementPresent(findTestObject(orPath_Landing + "/button_Continue"), 30): Object 'Object Repository/RAD_Pages/Landing_Page/button_Continue' is present

2021-11-08 12:12:37 - [MESSAGE][PASSED] - Object 'Object Repository/RAD_Pages/Landing_Page/button_Continue' is present

2021-11-08 12:12:37 - [TEST_STEP][PASSED] - verifyElementPresent(findTestObject(orPath_TaxPayer + "/input_businessName"), 30): Object 'Object Repository/RAD_Pages/Taxpayer_Page/input_businessName' is present

2021-11-08 12:12:37 - [MESSAGE][PASSED] - Object 'Object Repository/RAD_Pages/Taxpayer_Page/input_businessName' is present

2021-11-08 12:12:37 - [TEST_STEP][PASSED] - verifyElementPresent(findTestObject(orPath_TaxPayer + "/input_firstName"), 30): Object 'Object Repository/RAD_Pages/Taxpayer_Page/input_firstName' is present

2021-11-08 12:12:37 - [MESSAGE][PASSED] - Object 'Object Repository/RAD_Pages/Taxpayer_Page/input_firstName' is present

2021-11-08 12:12:37 - [TEST_STEP][PASSED] - verifyElementPresent(findTestObject(orPath_TaxPayer + "/input_middleName"), 30): Object 'Object Repository/RAD_Pages/Taxpayer_Page/input_middleName' is present

2021-11-08 12:12:38 - [MESSAGE][PASSED] - Object 'Object Repository/RAD_Pages/Taxpayer_Page/input_middleName' is present

2021-11-08 12:12:38 - [TEST_STEP][PASSED] - verifyElementPresent(findTestObject(orPath_TaxPayer + "/input_lastName"), 30): Object 'Object Repository/RAD_Pages/Taxpayer_Page/input_lastName' is present

2021-11-08 12:12:38 - [MESSAGE][PASSED] - Object 'Object Repository/RAD_Pages/Taxpayer_Page/input_lastName' is present

2021-11-08 12:12:38 - [TEST_STEP][PASSED] - verifyElementPresent(findTestObject(orPath_TaxPayer + "/input_suffix"), 30): Object 'Object Repository/RAD_Pages/Taxpayer_Page/input_suffix' is present

2021-11-08 12:12:38 - [MESSAGE][PASSED] - Object 'Object Repository/RAD_Pages/Taxpayer_Page/input_suffix' is present

2021-11-08 12:12:38 - [TEST_STEP][PASSED] - verifyElementPresent(findTestObject(orPath_AddressContact + "/select_Country"), 30): Object 'Object Repository/RAD_Pages/AddressAndContactInfo_Page/select_Country' is present

2021-11-08 12:12:39 - [MESSAGE][PASSED] - Object 'Object Repository/RAD_Pages/AddressAndContactInfo_Page/select_Country' is present

2021-11-08 12:12:39 - [TEST_STEP][PASSED] - verifyElementPresent(findTestObject(orPath_AddressContact + "/input_streetAddress1"), 30): Object 'Object Repository/RAD_Pages/AddressAndContactInfo_Page/input_streetAddress1' is present

2021-11-08 12:12:39 - [MESSAGE][PASSED] - Object 'Object Repository/RAD_Pages/AddressAndContactInfo_Page/input_streetAddress1' is present

2021-11-08 12:12:39 - [TEST_STEP][PASSED] - verifyElementPresent(findTestObject(orPath_AddressContact + "/input_streetAddress2"), 30): Object 'Object Repository/RAD_Pages/AddressAndContactInfo_Page/input_streetAddress2' is present

2021-11-08 12:12:39 - [MESSAGE][PASSED] - Object 'Object Repository/RAD_Pages/AddressAndContactInfo_Page/input_streetAddress2' is present

2021-11-08 12:12:39 - [TEST_STEP][PASSED] - verifyElementPresent(findTestObject(orPath_AddressContact + "/input_city"), 30): Object 'Object Repository/RAD_Pages/AddressAndContactInfo_Page/input_city' is present

2021-11-08 12:12:40 - [MESSAGE][PASSED] - Object 'Object Repository/RAD_Pages/AddressAndContactInfo_Page/input_city' is present

2021-11-08 12:12:40 - [TEST_STEP][PASSED] - verifyElementPresent(findTestObject(orPath_AddressContact + "/select_State"), 30): Object 'Object Repository/RAD_Pages/AddressAndContactInfo_Page/select_State' is present

2021-11-08 12:12:40 - [MESSAGE][PASSED] - Object 'Object Repository/RAD_Pages/AddressAndContactInfo_Page/select_State' is present

2021-11-08 12:12:40 - [TEST_STEP][PASSED] - verifyElementPresent(findTestObject(orPath_AddressContact + "/input_zipCode"), 30): Object 'Object Repository/RAD_Pages/AddressAndContactInfo_Page/input_zipCode' is present

2021-11-08 12:12:40 - [MESSAGE][PASSED] - Object 'Object Repository/RAD_Pages/AddressAndContactInfo_Page/input_zipCode' is present

2021-11-08 12:12:40 - [TEST_STEP][PASSED] - verifyElementPresent(findTestObject(orPath_AddressContact + "/input_phoneNumber"), 30): Object 'Object Repository/RAD_Pages/AddressAndContactInfo_Page/input_phoneNumber' is present

2021-11-08 12:12:41 - [MESSAGE][PASSED] - Object 'Object Repository/RAD_Pages/AddressAndContactInfo_Page/input_phoneNumber' is present

2021-11-08 12:12:41 - [TEST_STEP][PASSED] - verifyElementPresent(findTestObject(orPath_AddressContact + "/input_eMailAddress"), 30): Object 'Object Repository/RAD_Pages/AddressAndContactInfo_Page/input_eMailAddress' is present

2021-11-08 12:12:41 - [MESSAGE][PASSED] - Object 'Object Repository/RAD_Pages/AddressAndContactInfo_Page/input_eMailAddress' is present

2021-11-08 12:12:41 - [TEST_STEP][PASSED] - verifyElementPresent(findTestObject(orPath_AddressContact + "/input_reEnterEMailAddress"), 30): Object 'Object Repository/RAD_Pages/AddressAndContactInfo_Page/input_reEnterEMailAddress' is present

2021-11-08 12:12:41 - [MESSAGE][PASSED] - Object 'Object Repository/RAD_Pages/AddressAndContactInfo_Page/input_reEnterEMailAddress' is present

2021-11-08 12:12:41 - [TEST_STEP][PASSED] - verifyOptionsPresent(findTestObject(orPath_AddressContact + "/select_Country"), ["United States"]): Options [United States] present.

2021-11-08 12:12:42 - [MESSAGE][PASSED] - Options [United States] present.

2021-11-08 12:12:42 - [TEST_STEP][PASSED] - verifyOptionsPresent(findTestObject(orPath_AddressContact + "/select_State"), ["Alabama", "District of Columbia", "Maryland", "Virginia", "Wyoming"]): Options [Alabama, District of Columbia, Maryland, Virginia, Wyoming] present.

2021-11-08 12:12:43 - [MESSAGE][PASSED] - Options [Alabama, District of Columbia, Maryland, Virginia, Wyoming] present.

2021-11-08 12:12:43 - [TEST_STEP][PASSED] - totalOptionsState = getNumberOfTotalOption(findTestObject(orPath_AddressContact + "/select_State")): 52 options of object 'Object Repository/RAD_Pages/AddressAndContactInfo_Page/select_State' counted

2021-11-08 12:12:44 - [MESSAGE][PASSED] - 52 options of object 'Object Repository/RAD_Pages/AddressAndContactInfo_Page/select_State' counted

2021-11-08 12:12:44 - [TEST_STEP][PASSED] - verifyEqual(totalOptionsState, 52): Actual object '52' and expected object '52' are equal

2021-11-08 12:12:44 - [MESSAGE][PASSED] - Actual object '52' and expected object '52' are equal

2021-11-08 12:12:44 - [TEST_STEP][PASSED] - verifyElementPresent(findTestObject(orPath_TaxInfo + "/input_FEIN"), 30): Object 'Object Repository/RAD_Pages/TaxInfo_Page/input_FEIN' is present

2021-11-08 12:12:44 - [MESSAGE][PASSED] - Object 'Object Repository/RAD_Pages/TaxInfo_Page/input_FEIN' is present

2021-11-08 12:12:44 - [TEST_STEP][PASSED] - verifyElementPresent(findTestObject(orPath_TaxInfo + "/input_ReTypeFEIN"), 30): Object 'Object Repository/RAD_Pages/TaxInfo_Page/input_ReTypeFEIN' is present

2021-11-08 12:12:45 - [MESSAGE][PASSED] - Object 'Object Repository/RAD_Pages/TaxInfo_Page/input_ReTypeFEIN' is present

2021-11-08 12:12:45 - [TEST_STEP][PASSED] - verifyElementPresent(findTestObject(orPath_TaxInfo + "/input_MDCRegistration"), 30): Object 'Object Repository/RAD_Pages/TaxInfo_Page/input_MDCRegistration' is present

2021-11-08 12:12:45 - [MESSAGE][PASSED] - Object 'Object Repository/RAD_Pages/TaxInfo_Page/input_MDCRegistration' is present

2021-11-08 12:12:45 - [TEST_STEP][PASSED] - verifyElementPresent(findTestObject(orPath_SalesTaxReturnInfo + "/input_MarketplaceFacilitator"), 30): Object 'Object Repository/RAD_Pages/SalesTaxReturnInfo_Page/input_MarketplaceFacilitator' is present

2021-11-08 12:12:45 - [MESSAGE][PASSED] - Object 'Object Repository/RAD_Pages/SalesTaxReturnInfo_Page/input_MarketplaceFacilitator' is present

2021-11-08 12:12:45 - [TEST_STEP][PASSED] - verifyElementPresent(findTestObject(orPath_SalesTaxReturnInfo + "/input_OutOfStateVendor"), 30): Object 'Object Repository/RAD_Pages/SalesTaxReturnInfo_Page/input_OutOfStateVendor' is present

2021-11-08 12:12:46 - [MESSAGE][PASSED] - Object 'Object Repository/RAD_Pages/SalesTaxReturnInfo_Page/input_OutOfStateVendor' is present

2021-11-08 12:12:46 - [TEST_STEP][PASSED] - verifyElementPresent(findTestObject(orPath_Amount + "/input__paymentAmount"), 30): Object 'Object Repository/RAD_Pages/PaymentAmount_Page/input__paymentAmount' is present

2021-11-08 12:12:46 - [MESSAGE][PASSED] - Object 'Object Repository/RAD_Pages/PaymentAmount_Page/input__paymentAmount' is present

2021-11-08 12:12:46 - [TEST_STEP][PASSED] - verifyElementPresent(findTestObject(orPath_Amount + "/input__PaymentDue1"), 30): Object 'Object Repository/RAD_Pages/PaymentAmount_Page/input__PaymentDue1' is present

2021-11-08 12:12:46 - [MESSAGE][PASSED] - Object 'Object Repository/RAD_Pages/PaymentAmount_Page/input__PaymentDue1' is present]]></system-out>
         <system-err><![CDATA[2021-11-08 12:12:19 - [TEST_CASE][FAILED] - Test Cases/RAD_TestCases/UI_TestCases/SalesAndUse_UI_TC: Test Cases/RAD_TestCases/UI_TestCases/SalesAndUse_UI_TC FAILED.
Reason:
com.kms.katalon.core.exception.StepFailedException: Unable to verify equal between actual object '5' and expected object '4' (Root cause: com.kms.katalon.core.exception.StepFailedException: Actual object '5' and expected object '4' are not equal
	at com.kms.katalon.core.keyword.builtin.VerifyEqualKeyword$_verifyEqual_closure1.doCall(VerifyEqualKeyword.groovy:58)
	at com.kms.katalon.core.keyword.builtin.VerifyEqualKeyword$_verifyEqual_closure1.call(VerifyEqualKeyword.groovy)
	at com.kms.katalon.core.keyword.internal.KeywordMain.runKeyword(KeywordMain.groovy:74)
	at com.kms.katalon.core.keyword.builtin.VerifyEqualKeyword.verifyEqual(VerifyEqualKeyword.groovy:63)
	at com.kms.katalon.core.keyword.builtin.VerifyEqualKeyword.execute(VerifyEqualKeyword.groovy:44)
	at com.kms.katalon.core.keyword.internal.KeywordExecutor.executeKeywordForPlatform(KeywordExecutor.groovy:74)
	at com.kms.katalon.core.keyword.BuiltinKeywords.verifyEqual(BuiltinKeywords.groovy:141)
	at SalesAndUse_UI_TC.run(SalesAndUse_UI_TC:57)
	at com.kms.katalon.core.main.ScriptEngine.run(ScriptEngine.java:194)
	at com.kms.katalon.core.main.ScriptEngine.runScriptAsRawText(ScriptEngine.java:119)
	at com.kms.katalon.core.main.TestCaseExecutor.runScript(TestCaseExecutor.java:430)
	at com.kms.katalon.core.main.TestCaseExecutor.doExecute(TestCaseExecutor.java:421)
	at com.kms.katalon.core.main.TestCaseExecutor.processExecutionPhase(TestCaseExecutor.java:400)
	at com.kms.katalon.core.main.TestCaseExecutor.accessMainPhase(TestCaseExecutor.java:392)
	at com.kms.katalon.core.main.TestCaseExecutor.execute(TestCaseExecutor.java:273)
	at com.kms.katalon.core.main.TestSuiteExecutor.accessTestCaseMainPhase(TestSuiteExecutor.java:202)
	at com.kms.katalon.core.main.TestSuiteExecutor.accessTestSuiteMainPhase(TestSuiteExecutor.java:164)
	at com.kms.katalon.core.main.TestSuiteExecutor.execute(TestSuiteExecutor.java:105)
	at com.kms.katalon.core.main.TestCaseMain.startTestSuite(TestCaseMain.java:185)
	at com.kms.katalon.core.main.TestCaseMain$startTestSuite$0.call(Unknown Source)
	at TempTestSuite1636391403401.run(TempTestSuite1636391403401.groovy:36)
)
	at com.kms.katalon.core.keyword.internal.KeywordMain.stepFailed(KeywordMain.groovy:39)
	at com.kms.katalon.core.keyword.internal.KeywordMain.stepFailed(KeywordMain.groovy)
	at com.kms.katalon.core.keyword.internal.KeywordMain.runKeyword(KeywordMain.groovy:76)
	at com.kms.katalon.core.keyword.builtin.VerifyEqualKeyword.verifyEqual(VerifyEqualKeyword.groovy:63)
	at com.kms.katalon.core.keyword.builtin.VerifyEqualKeyword.execute(VerifyEqualKeyword.groovy:44)
	at com.kms.katalon.core.keyword.internal.KeywordExecutor.executeKeywordForPlatform(KeywordExecutor.groovy:74)
	at com.kms.katalon.core.keyword.BuiltinKeywords.verifyEqual(BuiltinKeywords.groovy:141)
	at SalesAndUse_UI_TC.run(SalesAndUse_UI_TC:57)
	at com.kms.katalon.core.main.ScriptEngine.run(ScriptEngine.java:194)
	at com.kms.katalon.core.main.ScriptEngine.runScriptAsRawText(ScriptEngine.java:119)
	at com.kms.katalon.core.main.TestCaseExecutor.runScript(TestCaseExecutor.java:430)
	at com.kms.katalon.core.main.TestCaseExecutor.doExecute(TestCaseExecutor.java:421)
	at com.kms.katalon.core.main.TestCaseExecutor.processExecutionPhase(TestCaseExecutor.java:400)
	at com.kms.katalon.core.main.TestCaseExecutor.accessMainPhase(TestCaseExecutor.java:392)
	at com.kms.katalon.core.main.TestCaseExecutor.execute(TestCaseExecutor.java:273)
	at com.kms.katalon.core.main.TestSuiteExecutor.accessTestCaseMainPhase(TestSuiteExecutor.java:202)
	at com.kms.katalon.core.main.TestSuiteExecutor.accessTestSuiteMainPhase(TestSuiteExecutor.java:164)
	at com.kms.katalon.core.main.TestSuiteExecutor.execute(TestSuiteExecutor.java:105)
	at com.kms.katalon.core.main.TestCaseMain.startTestSuite(TestCaseMain.java:185)
	at com.kms.katalon.core.main.TestCaseMain$startTestSuite$0.call(Unknown Source)
	at TempTestSuite1636391403401.run(TempTestSuite1636391403401.groovy:36)
Caused by: com.kms.katalon.core.exception.StepFailedException: Actual object '5' and expected object '4' are not equal
	at com.kms.katalon.core.keyword.builtin.VerifyEqualKeyword$_verifyEqual_closure1.doCall(VerifyEqualKeyword.groovy:58)
	at com.kms.katalon.core.keyword.builtin.VerifyEqualKeyword$_verifyEqual_closure1.call(VerifyEqualKeyword.groovy)
	at com.kms.katalon.core.keyword.internal.KeywordMain.runKeyword(KeywordMain.groovy:74)
	... 18 more]]></system-err>
      </testcase>
      <testcase name="Test Cases/RAD_TestCases/UI_TestCases/SaleAndUseMarketplaceFacilitator_UI_TC" time="8.896" classname="Test Cases/RAD_TestCases/UI_TestCases/SaleAndUseMarketplaceFacilitator_UI_TC" status="PASSED">
         <system-out><![CDATA[2021-11-08 12:12:46 - [TEST_CASE][PASSED] - Test Cases/RAD_TestCases/UI_TestCases/SaleAndUseMarketplaceFacilitator_UI_TC: Test Cases/RAD_TestCases/UI_TestCases/SaleAndUseMarketplaceFacilitator_UI_TC

2021-11-08 12:12:47 - [TEST_STEP][PASSED] - openBrowser(""): Browser is opened with url: ''

2021-11-08 12:12:47 - [MESSAGE][WARNING] - A browser is already opened. Closing browser and opening a new one

2021-11-08 12:12:47 - [MESSAGE][INFO] - Starting 'Chrome' driver

2021-11-08 12:12:47 - [MESSAGE][INFO] - User set preference: ['acceptInsecureCerts', 'true']

2021-11-08 12:12:47 - [MESSAGE][INFO] - Action delay is set to 0 milliseconds

2021-11-08 12:12:49 - [MESSAGE][PASSED] - Browser is opened with url: ''

2021-11-08 12:12:49 - [TEST_STEP][PASSED] - maximizeWindow(): Current window maximized

2021-11-08 12:12:49 - [MESSAGE][PASSED] - Current window maximized

2021-11-08 12:12:49 - [TEST_STEP][PASSED] - navigateToUrl(RADurl): Navigate to 'https://qa.velocitypayment.com/client/rad/index.html' successfully

2021-11-08 12:12:51 - [MESSAGE][PASSED] - Navigate to 'https://qa.velocitypayment.com/client/rad/index.html' successfully

2021-11-08 12:12:51 - [TEST_STEP][PASSED] - orPath_Landing = "Object Repository/RAD_Pages/Landing_Page": null

2021-11-08 12:12:51 - [TEST_STEP][PASSED] - orPath_TaxTypeFilingYear = "Object Repository/RAD_Pages/TaxTypeFilingYear_Page": null

2021-11-08 12:12:51 - [TEST_STEP][PASSED] - orPath_TaxPayer = "Object Repository/RAD_Pages/Taxpayer_Page": null

2021-11-08 12:12:51 - [TEST_STEP][PASSED] - orPath_AddressContact = "Object Repository/RAD_Pages/AddressAndContactInfo_Page": null

2021-11-08 12:12:51 - [TEST_STEP][PASSED] - orPath_TaxInfo = "Object Repository/RAD_Pages/TaxInfo_Page": null

2021-11-08 12:12:51 - [TEST_STEP][PASSED] - orPath_Withholding = "Object Repository/RAD_Pages/Withholding_Page": null

2021-11-08 12:12:51 - [TEST_STEP][PASSED] - orPath_FilingStatus = "Object Repository/RAD_Pages/FilingStatus_Page": null

2021-11-08 12:12:51 - [TEST_STEP][PASSED] - orPath_Amount = "Object Repository/RAD_Pages/PaymentAmount_Page": null

2021-11-08 12:12:51 - [TEST_STEP][PASSED] - orPath_SalesTaxReturnInfo = "Object Repository/RAD_Pages/SalesTaxReturnInfo_Page": null

2021-11-08 12:12:51 - [TEST_STEP][PASSED] - selectOptionByLabel(findTestObject(orPath_Landing + "/dd_TaxType"), "Sales and Use", false): All options with label 'Sales and Use' are selected in object 'Object Repository/RAD_Pages/Landing_Page/dd_TaxType' 

2021-11-08 12:12:52 - [MESSAGE][PASSED] - All options with label 'Sales and Use' are selected in object 'Object Repository/RAD_Pages/Landing_Page/dd_TaxType' 

2021-11-08 12:12:52 - [TEST_STEP][PASSED] - scrollToElement(findTestObject(orPath_SalesTaxReturnInfo + "/input_OutOfStateVendor"), 3): Scroll to object 'Object Repository/RAD_Pages/SalesTaxReturnInfo_Page/input_OutOfStateVendor' successfully

2021-11-08 12:12:52 - [MESSAGE][PASSED] - Scroll to object 'Object Repository/RAD_Pages/SalesTaxReturnInfo_Page/input_OutOfStateVendor' successfully

2021-11-08 12:12:52 - [TEST_STEP][PASSED] - click(findTestObject(orPath_SalesTaxReturnInfo + "/input_MarketplaceFacilitator")): Object: 'Object Repository/RAD_Pages/SalesTaxReturnInfo_Page/input_MarketplaceFacilitator' is clicked on

2021-11-08 12:12:52 - [MESSAGE][PASSED] - Object: 'Object Repository/RAD_Pages/SalesTaxReturnInfo_Page/input_MarketplaceFacilitator' is clicked on

2021-11-08 12:12:52 - [TEST_STEP][PASSED] - verifyTextPresent("Maryland Form 202F", true): Text 'Maryland Form 202F' is present on page  using regular expression

2021-11-08 12:12:53 - [MESSAGE][PASSED] - Text 'Maryland Form 202F' is present on page  using regular expression

2021-11-08 12:12:53 - [TEST_STEP][PASSED] - verifyTextPresent("To be completed by marketplace facilitator. Refer to your Maryland Sales Tax Instructions to complete the following.", true): Text 'To be completed by marketplace facilitator. Refer to your Maryland Sales Tax Instructions to complete the following.' is present on page  using regular expression

2021-11-08 12:12:53 - [MESSAGE][PASSED] - Text 'To be completed by marketplace facilitator. Refer to your Maryland Sales Tax Instructions to complete the following.' is present on page  using regular expression

2021-11-08 12:12:53 - [TEST_STEP][PASSED] - verifyTextPresent("Maryland Form 202", true): Text 'Maryland Form 202' is present on page  using regular expression

2021-11-08 12:12:54 - [MESSAGE][PASSED] - Text 'Maryland Form 202' is present on page  using regular expression

2021-11-08 12:12:54 - [TEST_STEP][PASSED] - verifyTextPresent("Refer to your Maryland Sales Tax Instructions to complete the following", true): Text 'Refer to your Maryland Sales Tax Instructions to complete the following' is present on page  using regular expression

2021-11-08 12:12:54 - [MESSAGE][PASSED] - Text 'Refer to your Maryland Sales Tax Instructions to complete the following' is present on page  using regular expression

2021-11-08 12:12:54 - [TEST_STEP][PASSED] - verifyTextPresent("Maryland Form 202", true): Text 'Maryland Form 202' is present on page  using regular expression

2021-11-08 12:12:55 - [MESSAGE][PASSED] - Text 'Maryland Form 202' is present on page  using regular expression

2021-11-08 12:12:55 - [TEST_STEP][PASSED] - verifyTextPresent("Refer to your Maryland Sales Tax Instructions to complete the following", true): Text 'Refer to your Maryland Sales Tax Instructions to complete the following' is present on page  using regular expression

2021-11-08 12:12:55 - [MESSAGE][PASSED] - Text 'Refer to your Maryland Sales Tax Instructions to complete the following' is present on page  using regular expression]]></system-out>
         <system-err><![CDATA[]]></system-err>
      </testcase>
      <testcase name="Test Cases/RAD_TestCases/UI_TestCases/SaleAndUseMDForm202_UI_TC" time="9.211" classname="Test Cases/RAD_TestCases/UI_TestCases/SaleAndUseMDForm202_UI_TC" status="PASSED">
         <system-out><![CDATA[2021-11-08 12:12:55 - [TEST_CASE][PASSED] - Test Cases/RAD_TestCases/UI_TestCases/SaleAndUseMDForm202_UI_TC: Test Cases/RAD_TestCases/UI_TestCases/SaleAndUseMDForm202_UI_TC

2021-11-08 12:12:56 - [TEST_STEP][PASSED] - openBrowser(""): Browser is opened with url: ''

2021-11-08 12:12:56 - [MESSAGE][WARNING] - A browser is already opened. Closing browser and opening a new one

2021-11-08 12:12:56 - [MESSAGE][INFO] - Starting 'Chrome' driver

2021-11-08 12:12:56 - [MESSAGE][INFO] - User set preference: ['acceptInsecureCerts', 'true']

2021-11-08 12:12:56 - [MESSAGE][INFO] - Action delay is set to 0 milliseconds

2021-11-08 12:12:58 - [MESSAGE][PASSED] - Browser is opened with url: ''

2021-11-08 12:12:58 - [TEST_STEP][PASSED] - maximizeWindow(): Current window maximized

2021-11-08 12:12:58 - [MESSAGE][PASSED] - Current window maximized

2021-11-08 12:12:58 - [TEST_STEP][PASSED] - navigateToUrl(RADurl): Navigate to 'https://qa.velocitypayment.com/client/rad/index.html' successfully

2021-11-08 12:13:00 - [MESSAGE][PASSED] - Navigate to 'https://qa.velocitypayment.com/client/rad/index.html' successfully

2021-11-08 12:13:00 - [TEST_STEP][PASSED] - orPath_Landing = "Object Repository/RAD_Pages/Landing_Page": null

2021-11-08 12:13:00 - [TEST_STEP][PASSED] - orPath_TaxTypeFilingYear = "Object Repository/RAD_Pages/TaxTypeFilingYear_Page": null

2021-11-08 12:13:00 - [TEST_STEP][PASSED] - orPath_TaxPayer = "Object Repository/RAD_Pages/Taxpayer_Page": null

2021-11-08 12:13:00 - [TEST_STEP][PASSED] - orPath_AddressContact = "Object Repository/RAD_Pages/AddressAndContactInfo_Page": null

2021-11-08 12:13:00 - [TEST_STEP][PASSED] - orPath_TaxInfo = "Object Repository/RAD_Pages/TaxInfo_Page": null

2021-11-08 12:13:00 - [TEST_STEP][PASSED] - orPath_Withholding = "Object Repository/RAD_Pages/Withholding_Page": null

2021-11-08 12:13:00 - [TEST_STEP][PASSED] - orPath_FilingStatus = "Object Repository/RAD_Pages/FilingStatus_Page": null

2021-11-08 12:13:00 - [TEST_STEP][PASSED] - orPath_Amount = "Object Repository/RAD_Pages/PaymentAmount_Page": null

2021-11-08 12:13:00 - [TEST_STEP][PASSED] - orPath_SalesTaxReturnInfo = "Object Repository/RAD_Pages/SalesTaxReturnInfo_Page": null

2021-11-08 12:13:00 - [TEST_STEP][PASSED] - orPath_MDForm202 = "Object Repository/RAD_Pages/MarylandForm202_Page": null

2021-11-08 12:13:00 - [TEST_STEP][PASSED] - selectOptionByLabel(findTestObject(orPath_Landing + "/dd_TaxType"), "Sales and Use", false): All options with label 'Sales and Use' are selected in object 'Object Repository/RAD_Pages/Landing_Page/dd_TaxType' 

2021-11-08 12:13:01 - [MESSAGE][PASSED] - All options with label 'Sales and Use' are selected in object 'Object Repository/RAD_Pages/Landing_Page/dd_TaxType' 

2021-11-08 12:13:01 - [TEST_STEP][PASSED] - verifyElementPresent(findTestObject(orPath_MDForm202 + "/input__Line3"), 30): Object 'Object Repository/RAD_Pages/MarylandForm202_Page/input__Line3' is present

2021-11-08 12:13:01 - [MESSAGE][PASSED] - Object 'Object Repository/RAD_Pages/MarylandForm202_Page/input__Line3' is present

2021-11-08 12:13:01 - [TEST_STEP][PASSED] - verifyElementPresent(findTestObject(orPath_MDForm202 + "/input__Line4a"), 30): Object 'Object Repository/RAD_Pages/MarylandForm202_Page/input__Line4a' is present

2021-11-08 12:13:01 - [MESSAGE][PASSED] - Object 'Object Repository/RAD_Pages/MarylandForm202_Page/input__Line4a' is present

2021-11-08 12:13:01 - [TEST_STEP][PASSED] - verifyElementPresent(findTestObject(orPath_MDForm202 + "/input__Line5a"), 30): Object 'Object Repository/RAD_Pages/MarylandForm202_Page/input__Line5a' is present

2021-11-08 12:13:02 - [MESSAGE][PASSED] - Object 'Object Repository/RAD_Pages/MarylandForm202_Page/input__Line5a' is present

2021-11-08 12:13:02 - [TEST_STEP][PASSED] - verifyElementPresent(findTestObject(orPath_MDForm202 + "/input__Line6a"), 30): Object 'Object Repository/RAD_Pages/MarylandForm202_Page/input__Line6a' is present

2021-11-08 12:13:02 - [MESSAGE][PASSED] - Object 'Object Repository/RAD_Pages/MarylandForm202_Page/input__Line6a' is present

2021-11-08 12:13:02 - [TEST_STEP][PASSED] - verifyElementPresent(findTestObject(orPath_MDForm202 + "/input__Line8a"), 30): Object 'Object Repository/RAD_Pages/MarylandForm202_Page/input__Line8a' is present

2021-11-08 12:13:02 - [MESSAGE][PASSED] - Object 'Object Repository/RAD_Pages/MarylandForm202_Page/input__Line8a' is present

2021-11-08 12:13:02 - [TEST_STEP][PASSED] - verifyElementPresent(findTestObject(orPath_MDForm202 + "/input__Line12a"), 30): Object 'Object Repository/RAD_Pages/MarylandForm202_Page/input__Line12a' is present

2021-11-08 12:13:03 - [MESSAGE][PASSED] - Object 'Object Repository/RAD_Pages/MarylandForm202_Page/input__Line12a' is present

2021-11-08 12:13:03 - [TEST_STEP][PASSED] - verifyElementPresent(findTestObject(orPath_MDForm202 + "/input__Line13a"), 30): Object 'Object Repository/RAD_Pages/MarylandForm202_Page/input__Line13a' is present

2021-11-08 12:13:03 - [MESSAGE][PASSED] - Object 'Object Repository/RAD_Pages/MarylandForm202_Page/input__Line13a' is present

2021-11-08 12:13:03 - [TEST_STEP][PASSED] - verifyElementPresent(findTestObject(orPath_MDForm202 + "/input__Line15"), 30): Object 'Object Repository/RAD_Pages/MarylandForm202_Page/input__Line15' is present

2021-11-08 12:13:03 - [MESSAGE][PASSED] - Object 'Object Repository/RAD_Pages/MarylandForm202_Page/input__Line15' is present

2021-11-08 12:13:03 - [TEST_STEP][PASSED] - verifyElementPresent(findTestObject(orPath_MDForm202 + "/input__Line17a"), 30): Object 'Object Repository/RAD_Pages/MarylandForm202_Page/input__Line17a' is present

2021-11-08 12:13:04 - [MESSAGE][PASSED] - Object 'Object Repository/RAD_Pages/MarylandForm202_Page/input__Line17a' is present

2021-11-08 12:13:04 - [TEST_STEP][PASSED] - verifyElementPresent(findTestObject(orPath_MDForm202 + "/input__Line17b"), 30): Object 'Object Repository/RAD_Pages/MarylandForm202_Page/input__Line17b' is present

2021-11-08 12:13:04 - [MESSAGE][PASSED] - Object 'Object Repository/RAD_Pages/MarylandForm202_Page/input__Line17b' is present

2021-11-08 12:13:04 - [TEST_STEP][PASSED] - verifyElementPresent(findTestObject(orPath_MDForm202 + "/input__Line19a"), 30): Object 'Object Repository/RAD_Pages/MarylandForm202_Page/input__Line19a' is present

2021-11-08 12:13:04 - [MESSAGE][PASSED] - Object 'Object Repository/RAD_Pages/MarylandForm202_Page/input__Line19a' is present

2021-11-08 12:13:04 - [TEST_STEP][PASSED] - verifyElementPresent(findTestObject(orPath_MDForm202 + "/input__Line19b"), 30): Object 'Object Repository/RAD_Pages/MarylandForm202_Page/input__Line19b' is present

2021-11-08 12:13:04 - [MESSAGE][PASSED] - Object 'Object Repository/RAD_Pages/MarylandForm202_Page/input__Line19b' is present]]></system-out>
         <system-err><![CDATA[]]></system-err>
      </testcase>
      <testcase name="Test Cases/RAD_TestCases/UI_TestCases/ExistingLiability_UI_TC" time="25.278" classname="Test Cases/RAD_TestCases/UI_TestCases/ExistingLiability_UI_TC" status="PASSED">
         <system-out><![CDATA[2021-11-08 12:13:04 - [TEST_CASE][PASSED] - Test Cases/RAD_TestCases/UI_TestCases/ExistingLiability_UI_TC: Test Cases/RAD_TestCases/UI_TestCases/ExistingLiability_UI_TC

2021-11-08 12:13:05 - [TEST_STEP][PASSED] - openBrowser(""): Browser is opened with url: ''

2021-11-08 12:13:05 - [MESSAGE][WARNING] - A browser is already opened. Closing browser and opening a new one

2021-11-08 12:13:06 - [MESSAGE][INFO] - Starting 'Chrome' driver

2021-11-08 12:13:06 - [MESSAGE][INFO] - User set preference: ['acceptInsecureCerts', 'true']

2021-11-08 12:13:06 - [MESSAGE][INFO] - Action delay is set to 0 milliseconds

2021-11-08 12:13:07 - [MESSAGE][PASSED] - Browser is opened with url: ''

2021-11-08 12:13:07 - [TEST_STEP][PASSED] - maximizeWindow(): Current window maximized

2021-11-08 12:13:07 - [MESSAGE][PASSED] - Current window maximized

2021-11-08 12:13:07 - [TEST_STEP][PASSED] - navigateToUrl(RADurl): Navigate to 'https://qa.velocitypayment.com/client/rad/index.html' successfully

2021-11-08 12:13:09 - [MESSAGE][PASSED] - Navigate to 'https://qa.velocitypayment.com/client/rad/index.html' successfully

2021-11-08 12:13:09 - [TEST_STEP][PASSED] - orPath_Landing = "Object Repository/RAD_Pages/Landing_Page": null

2021-11-08 12:13:09 - [TEST_STEP][PASSED] - orPath_TaxTypeFilingYear = "Object Repository/RAD_Pages/TaxTypeFilingYear_Page": null

2021-11-08 12:13:09 - [TEST_STEP][PASSED] - orPath_TaxPayer = "Object Repository/RAD_Pages/Taxpayer_Page": null

2021-11-08 12:13:09 - [TEST_STEP][PASSED] - orPath_AddressContact = "Object Repository/RAD_Pages/AddressAndContactInfo_Page": null

2021-11-08 12:13:09 - [TEST_STEP][PASSED] - orPath_TaxInfo = "Object Repository/RAD_Pages/TaxInfo_Page": null

2021-11-08 12:13:09 - [TEST_STEP][PASSED] - orPath_Withholding = "Object Repository/RAD_Pages/Withholding_Page": null

2021-11-08 12:13:09 - [TEST_STEP][PASSED] - orPath_FilingStatus = "Object Repository/RAD_Pages/FilingStatus_Page": null

2021-11-08 12:13:09 - [TEST_STEP][PASSED] - orPath_Amount = "Object Repository/RAD_Pages/PaymentAmount_Page": null

2021-11-08 12:13:09 - [TEST_STEP][PASSED] - orPath_SalesTaxReturnInfo = "Object Repository/RAD_Pages/SalesTaxReturnInfo_Page": null

2021-11-08 12:13:09 - [TEST_STEP][PASSED] - selectOptionByLabel(findTestObject(orPath_Landing + "/dd_TaxType"), "Existing Liability", false): All options with label 'Existing Liability' are selected in object 'Object Repository/RAD_Pages/Landing_Page/dd_TaxType' 

2021-11-08 12:13:10 - [MESSAGE][PASSED] - All options with label 'Existing Liability' are selected in object 'Object Repository/RAD_Pages/Landing_Page/dd_TaxType' 

2021-11-08 12:13:10 - [TEST_STEP][PASSED] - verifyElementPresent(findTestObject(orPath_TaxTypeFilingYear + "/select_TaxType_ExistingLiability"), 30): Object 'Object Repository/RAD_Pages/TaxTypeFilingYear_Page/select_TaxType_ExistingLiability' is present

2021-11-08 12:13:11 - [MESSAGE][PASSED] - Object 'Object Repository/RAD_Pages/TaxTypeFilingYear_Page/select_TaxType_ExistingLiability' is present

2021-11-08 12:13:11 - [TEST_STEP][PASSED] - totalOptionsExistingLiability = getNumberOfTotalOption(findTestObject(orPath_TaxTypeFilingYear + "/select_TaxType_ExistingLiability")): 12 options of object 'Object Repository/RAD_Pages/TaxTypeFilingYear_Page/select_TaxType_ExistingLiability' counted

2021-11-08 12:13:11 - [MESSAGE][PASSED] - 12 options of object 'Object Repository/RAD_Pages/TaxTypeFilingYear_Page/select_TaxType_ExistingLiability' counted

2021-11-08 12:13:11 - [TEST_STEP][PASSED] - verifyEqual(totalOptionsExistingLiability, 12): Actual object '12' and expected object '12' are equal

2021-11-08 12:13:11 - [MESSAGE][PASSED] - Actual object '12' and expected object '12' are equal

2021-11-08 12:13:11 - [TEST_STEP][PASSED] - verifyOptionsPresent(findTestObject(orPath_TaxTypeFilingYear + "/select_TaxType_ExistingLiability"), ["Bay Restoration Fund Tax", "CORP Tax", "Fiduciary Tax"]): Options [Bay Restoration Fund Tax, CORP Tax, Fiduciary Tax] present.

2021-11-08 12:13:12 - [MESSAGE][PASSED] - Options [Bay Restoration Fund Tax, CORP Tax, Fiduciary Tax] present.

2021-11-08 12:13:12 - [TEST_STEP][PASSED] - verifyOptionsPresent(findTestObject(orPath_TaxTypeFilingYear + "/select_TaxType_ExistingLiability"), ["Personal Tax", "PTE Tax (Partnership)", "PTE Tax (LLC)"]): Options [Personal Tax, PTE Tax (Partnership), PTE Tax (LLC)] present.

2021-11-08 12:13:13 - [MESSAGE][PASSED] - Options [Personal Tax, PTE Tax (Partnership), PTE Tax (LLC)] present.

2021-11-08 12:13:13 - [TEST_STEP][PASSED] - verifyOptionsPresent(findTestObject(orPath_TaxTypeFilingYear + "/select_TaxType_ExistingLiability"), ["PTE Tax (SCorp)", "Sales & Use Tax"]): Options [PTE Tax (SCorp), Sales & Use Tax] present.

2021-11-08 12:13:13 - [MESSAGE][PASSED] - Options [PTE Tax (SCorp), Sales & Use Tax] present.

2021-11-08 12:13:13 - [TEST_STEP][PASSED] - verifyOptionsPresent(findTestObject(orPath_TaxTypeFilingYear + "/select_TaxType_ExistingLiability"), ["Withholding Tax", "Alcohol Tax"]): Options [Withholding Tax, Alcohol Tax] present.

2021-11-08 12:13:14 - [MESSAGE][PASSED] - Options [Withholding Tax, Alcohol Tax] present.

2021-11-08 12:13:14 - [TEST_STEP][PASSED] - verifyElementPresent(findTestObject(orPath_TaxTypeFilingYear + "/select_FilingYear"), 30): Object 'Object Repository/RAD_Pages/TaxTypeFilingYear_Page/select_FilingYear' is present

2021-11-08 12:13:14 - [MESSAGE][PASSED] - Object 'Object Repository/RAD_Pages/TaxTypeFilingYear_Page/select_FilingYear' is present

2021-11-08 12:13:14 - [TEST_STEP][PASSED] - totalOptionsFilingYear = getNumberOfTotalOption(findTestObject(orPath_TaxTypeFilingYear + "/select_FilingYear")): 4 options of object 'Object Repository/RAD_Pages/TaxTypeFilingYear_Page/select_FilingYear' counted

2021-11-08 12:13:15 - [MESSAGE][PASSED] - 4 options of object 'Object Repository/RAD_Pages/TaxTypeFilingYear_Page/select_FilingYear' counted

2021-11-08 12:13:15 - [TEST_STEP][PASSED] - if (verifyEqual(totalOptionsFilingYear, 4)): null

2021-11-08 12:13:15 - [MESSAGE][PASSED] - Actual object '4' and expected object '4' are equal

2021-11-08 12:13:15 - [TEST_STEP][PASSED] - out.println("Total Options for Filing Year are correct: " + totalOptionsFilingYear): null

2021-11-08 12:13:15 - [TEST_STEP][PASSED] - markPassed("Total Options are correct for Filing Year"): Total Options are correct for Filing Year

2021-11-08 12:13:15 - [MESSAGE][PASSED] - Total Options are correct for Filing Year

2021-11-08 12:13:15 - [TEST_STEP][PASSED] - verifyOptionsPresent(findTestObject(orPath_TaxTypeFilingYear + "/select_FilingYear"), ["2021", "2020", "2019"]): Options [2021, 2020, 2019] present.

2021-11-08 12:13:16 - [MESSAGE][PASSED] - Options [2021, 2020, 2019] present.

2021-11-08 12:13:16 - [TEST_STEP][PASSED] - verifyTextPresent("Tax Type/Filing Year", true): Text 'Tax Type/Filing Year' is present on page  using regular expression

2021-11-08 12:13:16 - [MESSAGE][PASSED] - Text 'Tax Type/Filing Year' is present on page  using regular expression

2021-11-08 12:13:16 - [TEST_STEP][PASSED] - verifyTextPresent("Taxpayer", true): Text 'Taxpayer' is present on page  using regular expression

2021-11-08 12:13:16 - [MESSAGE][PASSED] - Text 'Taxpayer' is present on page  using regular expression

2021-11-08 12:13:16 - [TEST_STEP][PASSED] - verifyTextPresent("Provide the following taxpayer information", true): Text 'Provide the following taxpayer information' is present on page  using regular expression

2021-11-08 12:13:17 - [MESSAGE][PASSED] - Text 'Provide the following taxpayer information' is present on page  using regular expression

2021-11-08 12:13:17 - [TEST_STEP][PASSED] - verifyTextPresent("Note: If you are paying on behalf of the Taxpayer, enter Taxpayer", true): Text 'Note: If you are paying on behalf of the Taxpayer, enter Taxpayer' is present on page  using regular expression

2021-11-08 12:13:17 - [MESSAGE][PASSED] - Text 'Note: If you are paying on behalf of the Taxpayer, enter Taxpayer' is present on page  using regular expression

2021-11-08 12:13:17 - [TEST_STEP][PASSED] - verifyTextPresent("information here. If you are making a payment for the Taxpayer, you will be required later to enter your own credit card, billing address and other pertinent information", true): Text 'information here. If you are making a payment for the Taxpayer, you will be required later to enter your own credit card, billing address and other pertinent information' is present on page  using regular expression

2021-11-08 12:13:17 - [MESSAGE][PASSED] - Text 'information here. If you are making a payment for the Taxpayer, you will be required later to enter your own credit card, billing address and other pertinent information' is present on page  using regular expression

2021-11-08 12:13:17 - [TEST_STEP][PASSED] - verifyTextPresent("Address and Contact Information", true): Text 'Address and Contact Information' is present on page  using regular expression

2021-11-08 12:13:18 - [MESSAGE][PASSED] - Text 'Address and Contact Information' is present on page  using regular expression

2021-11-08 12:13:18 - [TEST_STEP][PASSED] - verifyTextPresent("Enter the taxpayer", true): Text 'Enter the taxpayer' is present on page  using regular expression

2021-11-08 12:13:18 - [MESSAGE][PASSED] - Text 'Enter the taxpayer' is present on page  using regular expression

2021-11-08 12:13:18 - [TEST_STEP][PASSED] - verifyTextPresent("address and contact information", true): Text 'address and contact information' is present on page  using regular expression

2021-11-08 12:13:18 - [MESSAGE][PASSED] - Text 'address and contact information' is present on page  using regular expression

2021-11-08 12:13:18 - [TEST_STEP][PASSED] - verifyTextPresent("Tax Information", true): Text 'Tax Information' is present on page  using regular expression

2021-11-08 12:13:19 - [MESSAGE][PASSED] - Text 'Tax Information' is present on page  using regular expression

2021-11-08 12:13:19 - [TEST_STEP][PASSED] - verifyTextPresent("Either provide your Social Security Number OR Federal EIN", true): Text 'Either provide your Social Security Number OR Federal EIN' is present on page  using regular expression

2021-11-08 12:13:19 - [MESSAGE][PASSED] - Text 'Either provide your Social Security Number OR Federal EIN' is present on page  using regular expression

2021-11-08 12:13:19 - [TEST_STEP][PASSED] - verifyTextPresent("Payment Amount", true): Text 'Payment Amount' is present on page  using regular expression

2021-11-08 12:13:19 - [MESSAGE][PASSED] - Text 'Payment Amount' is present on page  using regular expression

2021-11-08 12:13:19 - [TEST_STEP][PASSED] - verifyTextPresent("Service Fee: This electronic government service includes a service/convenience fee. Click here for details", true): Text 'Service Fee: This electronic government service includes a service/convenience fee. Click here for details' is present on page  using regular expression

2021-11-08 12:13:20 - [MESSAGE][PASSED] - Text 'Service Fee: This electronic government service includes a service/convenience fee. Click here for details' is present on page  using regular expression

2021-11-08 12:13:20 - [TEST_STEP][PASSED] - verifyElementPresent(findTestObject(orPath_Amount + "/a_Click here for details"), 30): Object 'Object Repository/RAD_Pages/PaymentAmount_Page/a_Click here for details' is present

2021-11-08 12:13:20 - [MESSAGE][PASSED] - Object 'Object Repository/RAD_Pages/PaymentAmount_Page/a_Click here for details' is present

2021-11-08 12:13:20 - [TEST_STEP][PASSED] - verifyElementPresent(findTestObject(orPath_Landing + "/button_Continue"), 30): Object 'Object Repository/RAD_Pages/Landing_Page/button_Continue' is present

2021-11-08 12:13:20 - [MESSAGE][PASSED] - Object 'Object Repository/RAD_Pages/Landing_Page/button_Continue' is present

2021-11-08 12:13:20 - [TEST_STEP][PASSED] - verifyElementPresent(findTestObject(orPath_TaxPayer + "/input_firstName"), 30): Object 'Object Repository/RAD_Pages/Taxpayer_Page/input_firstName' is present

2021-11-08 12:13:21 - [MESSAGE][PASSED] - Object 'Object Repository/RAD_Pages/Taxpayer_Page/input_firstName' is present

2021-11-08 12:13:21 - [TEST_STEP][PASSED] - verifyElementPresent(findTestObject(orPath_TaxPayer + "/input_middleName"), 30): Object 'Object Repository/RAD_Pages/Taxpayer_Page/input_middleName' is present

2021-11-08 12:13:21 - [MESSAGE][PASSED] - Object 'Object Repository/RAD_Pages/Taxpayer_Page/input_middleName' is present

2021-11-08 12:13:21 - [TEST_STEP][PASSED] - verifyElementPresent(findTestObject(orPath_TaxPayer + "/input_lastName"), 30): Object 'Object Repository/RAD_Pages/Taxpayer_Page/input_lastName' is present

2021-11-08 12:13:21 - [MESSAGE][PASSED] - Object 'Object Repository/RAD_Pages/Taxpayer_Page/input_lastName' is present

2021-11-08 12:13:21 - [TEST_STEP][PASSED] - verifyElementPresent(findTestObject(orPath_TaxPayer + "/input_suffix"), 30): Object 'Object Repository/RAD_Pages/Taxpayer_Page/input_suffix' is present

2021-11-08 12:13:22 - [MESSAGE][PASSED] - Object 'Object Repository/RAD_Pages/Taxpayer_Page/input_suffix' is present

2021-11-08 12:13:22 - [TEST_STEP][PASSED] - verifyElementPresent(findTestObject(orPath_AddressContact + "/select_Country"), 30): Object 'Object Repository/RAD_Pages/AddressAndContactInfo_Page/select_Country' is present

2021-11-08 12:13:22 - [MESSAGE][PASSED] - Object 'Object Repository/RAD_Pages/AddressAndContactInfo_Page/select_Country' is present

2021-11-08 12:13:22 - [TEST_STEP][PASSED] - verifyElementPresent(findTestObject(orPath_AddressContact + "/input_streetAddress1"), 30): Object 'Object Repository/RAD_Pages/AddressAndContactInfo_Page/input_streetAddress1' is present

2021-11-08 12:13:22 - [MESSAGE][PASSED] - Object 'Object Repository/RAD_Pages/AddressAndContactInfo_Page/input_streetAddress1' is present

2021-11-08 12:13:22 - [TEST_STEP][PASSED] - verifyElementPresent(findTestObject(orPath_AddressContact + "/input_streetAddress2"), 30): Object 'Object Repository/RAD_Pages/AddressAndContactInfo_Page/input_streetAddress2' is present

2021-11-08 12:13:23 - [MESSAGE][PASSED] - Object 'Object Repository/RAD_Pages/AddressAndContactInfo_Page/input_streetAddress2' is present

2021-11-08 12:13:23 - [TEST_STEP][PASSED] - verifyElementPresent(findTestObject(orPath_AddressContact + "/input_city"), 30): Object 'Object Repository/RAD_Pages/AddressAndContactInfo_Page/input_city' is present

2021-11-08 12:13:23 - [MESSAGE][PASSED] - Object 'Object Repository/RAD_Pages/AddressAndContactInfo_Page/input_city' is present

2021-11-08 12:13:23 - [TEST_STEP][PASSED] - verifyElementPresent(findTestObject(orPath_AddressContact + "/select_State"), 30): Object 'Object Repository/RAD_Pages/AddressAndContactInfo_Page/select_State' is present

2021-11-08 12:13:23 - [MESSAGE][PASSED] - Object 'Object Repository/RAD_Pages/AddressAndContactInfo_Page/select_State' is present

2021-11-08 12:13:23 - [TEST_STEP][PASSED] - verifyElementPresent(findTestObject(orPath_AddressContact + "/input_zipCode"), 30): Object 'Object Repository/RAD_Pages/AddressAndContactInfo_Page/input_zipCode' is present

2021-11-08 12:13:23 - [MESSAGE][PASSED] - Object 'Object Repository/RAD_Pages/AddressAndContactInfo_Page/input_zipCode' is present

2021-11-08 12:13:23 - [TEST_STEP][PASSED] - verifyElementPresent(findTestObject(orPath_AddressContact + "/input_phoneNumber"), 30): Object 'Object Repository/RAD_Pages/AddressAndContactInfo_Page/input_phoneNumber' is present

2021-11-08 12:13:24 - [MESSAGE][PASSED] - Object 'Object Repository/RAD_Pages/AddressAndContactInfo_Page/input_phoneNumber' is present

2021-11-08 12:13:24 - [TEST_STEP][PASSED] - verifyElementPresent(findTestObject(orPath_AddressContact + "/input_eMailAddress"), 30): Object 'Object Repository/RAD_Pages/AddressAndContactInfo_Page/input_eMailAddress' is present

2021-11-08 12:13:24 - [MESSAGE][PASSED] - Object 'Object Repository/RAD_Pages/AddressAndContactInfo_Page/input_eMailAddress' is present

2021-11-08 12:13:24 - [TEST_STEP][PASSED] - verifyElementPresent(findTestObject(orPath_AddressContact + "/input_reEnterEMailAddress"), 30): Object 'Object Repository/RAD_Pages/AddressAndContactInfo_Page/input_reEnterEMailAddress' is present

2021-11-08 12:13:24 - [MESSAGE][PASSED] - Object 'Object Repository/RAD_Pages/AddressAndContactInfo_Page/input_reEnterEMailAddress' is present

2021-11-08 12:13:24 - [TEST_STEP][PASSED] - verifyOptionsPresent(findTestObject(orPath_AddressContact + "/select_Country"), ["United States"]): Options [United States] present.

2021-11-08 12:13:25 - [MESSAGE][PASSED] - Options [United States] present.

2021-11-08 12:13:25 - [TEST_STEP][PASSED] - verifyOptionsPresent(findTestObject(orPath_AddressContact + "/select_State"), ["Alabama", "District of Columbia", "Maryland", "Virginia", "Wyoming"]): Options [Alabama, District of Columbia, Maryland, Virginia, Wyoming] present.

2021-11-08 12:13:26 - [MESSAGE][PASSED] - Options [Alabama, District of Columbia, Maryland, Virginia, Wyoming] present.

2021-11-08 12:13:26 - [TEST_STEP][PASSED] - totalOptionsState = getNumberOfTotalOption(findTestObject(orPath_AddressContact + "/select_State")): 52 options of object 'Object Repository/RAD_Pages/AddressAndContactInfo_Page/select_State' counted

2021-11-08 12:13:27 - [MESSAGE][PASSED] - 52 options of object 'Object Repository/RAD_Pages/AddressAndContactInfo_Page/select_State' counted

2021-11-08 12:13:27 - [TEST_STEP][PASSED] - verifyEqual(totalOptionsState, 52): Actual object '52' and expected object '52' are equal

2021-11-08 12:13:27 - [MESSAGE][PASSED] - Actual object '52' and expected object '52' are equal

2021-11-08 12:13:27 - [TEST_STEP][PASSED] - verifyElementPresent(findTestObject(orPath_TaxInfo + "/input_TaxInfo_ExisitingSSN"), 30): Object 'Object Repository/RAD_Pages/TaxInfo_Page/input_TaxInfo_ExisitingSSN' is present

2021-11-08 12:13:27 - [MESSAGE][PASSED] - Object 'Object Repository/RAD_Pages/TaxInfo_Page/input_TaxInfo_ExisitingSSN' is present

2021-11-08 12:13:27 - [TEST_STEP][PASSED] - verifyElementPresent(findTestObject(orPath_TaxInfo + "/input_TaxInfo_reTaxTypeExisitingSSN"), 30): Object 'Object Repository/RAD_Pages/TaxInfo_Page/input_TaxInfo_reTaxTypeExisitingSSN' is present

2021-11-08 12:13:28 - [MESSAGE][PASSED] - Object 'Object Repository/RAD_Pages/TaxInfo_Page/input_TaxInfo_reTaxTypeExisitingSSN' is present

2021-11-08 12:13:28 - [TEST_STEP][PASSED] - verifyElementPresent(findTestObject(orPath_TaxInfo + "/input_FEIN"), 30): Object 'Object Repository/RAD_Pages/TaxInfo_Page/input_FEIN' is present

2021-11-08 12:13:28 - [MESSAGE][PASSED] - Object 'Object Repository/RAD_Pages/TaxInfo_Page/input_FEIN' is present

2021-11-08 12:13:28 - [TEST_STEP][PASSED] - verifyElementPresent(findTestObject(orPath_TaxInfo + "/input_ReTypeFEIN"), 30): Object 'Object Repository/RAD_Pages/TaxInfo_Page/input_ReTypeFEIN' is present

2021-11-08 12:13:29 - [MESSAGE][PASSED] - Object 'Object Repository/RAD_Pages/TaxInfo_Page/input_ReTypeFEIN' is present

2021-11-08 12:13:29 - [TEST_STEP][PASSED] - verifyElementPresent(findTestObject(orPath_TaxInfo + "/input_NoticeInvoiceNumber"), 30): Object 'Object Repository/RAD_Pages/TaxInfo_Page/input_NoticeInvoiceNumber' is present

2021-11-08 12:13:29 - [MESSAGE][PASSED] - Object 'Object Repository/RAD_Pages/TaxInfo_Page/input_NoticeInvoiceNumber' is present

2021-11-08 12:13:29 - [TEST_STEP][PASSED] - verifyElementPresent(findTestObject(orPath_TaxInfo + "/input_reTypeNoticeInvoiceNumber"), 30): Object 'Object Repository/RAD_Pages/TaxInfo_Page/input_reTypeNoticeInvoiceNumber' is present

2021-11-08 12:13:29 - [MESSAGE][PASSED] - Object 'Object Repository/RAD_Pages/TaxInfo_Page/input_reTypeNoticeInvoiceNumber' is present

2021-11-08 12:13:29 - [TEST_STEP][PASSED] - verifyElementPresent(findTestObject(orPath_Amount + "/input__paymentAmount"), 30): Object 'Object Repository/RAD_Pages/PaymentAmount_Page/input__paymentAmount' is present

2021-11-08 12:13:30 - [MESSAGE][PASSED] - Object 'Object Repository/RAD_Pages/PaymentAmount_Page/input__paymentAmount' is present]]></system-out>
         <system-err><![CDATA[]]></system-err>
      </testcase>
      <testcase name="Test Cases/RAD_TestCases/MRF_TestCases/EstimatedTax_MRF_TC" time="19.509" classname="Test Cases/RAD_TestCases/MRF_TestCases/EstimatedTax_MRF_TC" status="FAILED">
         <failure type="FAILED" message="Test Cases/RAD_TestCases/MRF_TestCases/EstimatedTax_MRF_TC FAILED.
Reason:
com.kms.katalon.core.exception.StepFailedException: Unable to click on object 'Object Repository/RAD_Pages/Landing_Page/button_Continue' (Root cause: com.kms.katalon.core.exception.StepFailedException: Unable to click on object 'Object Repository/RAD_Pages/Landing_Page/button_Continue'
	at com.kms.katalon.core.webui.keyword.internal.WebUIKeywordMain.stepFailed(WebUIKeywordMain.groovy:64)
	at com.kms.katalon.core.webui.keyword.internal.WebUIKeywordMain.runKeyword(WebUIKeywordMain.groovy:26)
	at com.kms.katalon.core.webui.keyword.builtin.ClickKeyword.click(ClickKeyword.groovy:75)
	at com.kms.katalon.core.webui.keyword.builtin.ClickKeyword.execute(ClickKeyword.groovy:42)
	at com.kms.katalon.core.keyword.internal.KeywordExecutor.executeKeywordForPlatform(KeywordExecutor.groovy:74)
	at com.kms.katalon.core.webui.keyword.WebUiBuiltInKeywords.click(WebUiBuiltInKeywords.groovy:620)
	at com.kms.katalon.core.webui.keyword.WebUiBuiltInKeywords$click$10.call(Unknown Source)
	at EstimatedTax_MRF_TC.run(EstimatedTax_MRF_TC:45)
	at com.kms.katalon.core.main.ScriptEngine.run(ScriptEngine.java:194)
	at com.kms.katalon.core.main.ScriptEngine.runScriptAsRawText(ScriptEngine.java:119)
	at com.kms.katalon.core.main.TestCaseExecutor.runScript(TestCaseExecutor.java:430)
	at com.kms.katalon.core.main.TestCaseExecutor.doExecute(TestCaseExecutor.java:421)
	at com.kms.katalon.core.main.TestCaseExecutor.processExecutionPhase(TestCaseExecutor.java:400)
	at com.kms.katalon.core.main.TestCaseExecutor.accessMainPhase(TestCaseExecutor.java:392)
	at com.kms.katalon.core.main.TestCaseExecutor.execute(TestCaseExecutor.java:273)
	at com.kms.katalon.core.main.TestSuiteExecutor.accessTestCaseMainPhase(TestSuiteExecutor.java:202)
	at com.kms.katalon.core.main.TestSuiteExecutor.accessTestSuiteMainPhase(TestSuiteExecutor.java:164)
	at com.kms.katalon.core.main.TestSuiteExecutor.execute(TestSuiteExecutor.java:105)
	at com.kms.katalon.core.main.TestCaseMain.startTestSuite(TestCaseMain.java:185)
	at com.kms.katalon.core.main.TestCaseMain$startTestSuite$0.call(Unknown Source)
	at TempTestSuite1636391403401.run(TempTestSuite1636391403401.groovy:36)
Caused by: org.openqa.selenium.ElementClickInterceptedException: element click intercepted: Element &lt;button class=&quot;btn btn-primary float-end w-auto disablecontinue&quot; disabled=&quot;&quot;>...&lt;/button> is not clickable at point (1046, 801). Other element would receive the click: &lt;div class=&quot;w-100 mt-auto pt-3&quot;>...&lt;/div>
  (Session info: chrome=95.0.4638.69)
Build info: version: '3.141.59', revision: 'e82be7d358', time: '2018-11-14T08:25:53'
System info: host: 'DESKTOP-B2QI6NS', ip: '172.30.2.167', os.name: 'Windows 10', os.arch: 'amd64', os.version: '10.0', java.version: '1.8.0_181'
Driver info: com.kms.katalon.selenium.driver.CChromeDriver
Capabilities {acceptInsecureCerts: true, browserName: chrome, browserVersion: 95.0.4638.69, chrome: {chromedriverVersion: 95.0.4638.54 (d31a821ec901f..., userDataDir: C:\Users\iahmed\AppData\Loc...}, goog:chromeOptions: {debuggerAddress: localhost:54658}, javascriptEnabled: true, networkConnectionEnabled: false, pageLoadStrategy: normal, platform: WINDOWS, platformName: WINDOWS, proxy: Proxy(), setWindowRect: true, strictFileInteractability: false, timeouts: {implicit: 0, pageLoad: 300000, script: 30000}, unhandledPromptBehavior: dismiss and notify, webauthn:extension:credBlob: true, webauthn:extension:largeBlob: true, webauthn:virtualAuthenticators: true}
Session ID: 417057b204eb5b4f06f7920cf659ccf8
	at org.openqa.selenium.remote.http.W3CHttpResponseCodec.createException(W3CHttpResponseCodec.java:187)
	at org.openqa.selenium.remote.http.W3CHttpResponseCodec.decode(W3CHttpResponseCodec.java:122)
	at org.openqa.selenium.remote.http.W3CHttpResponseCodec.decode(W3CHttpResponseCodec.java:49)
	at org.openqa.selenium.remote.HttpCommandExecutor.execute(HttpCommandExecutor.java:158)
	at org.openqa.selenium.remote.service.DriverCommandExecutor.execute(DriverCommandExecutor.java:83)
	at org.openqa.selenium.remote.RemoteWebDriver.execute(RemoteWebDriver.java:552)
	at com.kms.katalon.selenium.driver.CChromeDriver.execute(CChromeDriver.java:19)
	at org.openqa.selenium.remote.RemoteWebElement.execute(RemoteWebElement.java:285)
	at org.openqa.selenium.remote.RemoteWebElement.click(RemoteWebElement.java:84)
	at org.openqa.selenium.support.events.EventFiringWebDriver$EventFiringWebElement.lambda$new$0(EventFiringWebDriver.java:404)
	at com.sun.proxy.$Proxy11.click(Unknown Source)
	at org.openqa.selenium.support.events.EventFiringWebDriver$EventFiringWebElement.click(EventFiringWebDriver.java:417)
	at com.kms.katalon.core.webui.keyword.builtin.ClickKeyword$_click_closure1.doCall(ClickKeyword.groovy:68)
	at com.kms.katalon.core.webui.keyword.builtin.ClickKeyword$_click_closure1.call(ClickKeyword.groovy)
	at com.kms.katalon.core.webui.keyword.internal.WebUIKeywordMain.runKeyword(WebUIKeywordMain.groovy:20)
	at com.kms.katalon.core.webui.keyword.builtin.ClickKeyword.click(ClickKeyword.groovy:75)
	at com.kms.katalon.core.webui.keyword.builtin.ClickKeyword.execute(ClickKeyword.groovy:42)
	at com.kms.katalon.core.keyword.internal.KeywordExecutor.executeKeywordForPlatform(KeywordExecutor.groovy:74)
	at com.kms.katalon.core.webui.keyword.WebUiBuiltInKeywords.click(WebUiBuiltInKeywords.groovy:620)
	at com.kms.katalon.core.webui.keyword.WebUiBuiltInKeywords$click$10.call(Unknown Source)
	at Script1634596423746.run(Script1634596423746.groovy:45)
	... 13 more
)
	at com.kms.katalon.core.keyword.internal.KeywordMain.stepFailed(KeywordMain.groovy:39)
	at com.kms.katalon.core.webui.keyword.internal.WebUIKeywordMain.stepFailed(WebUIKeywordMain.groovy:64)
	at com.kms.katalon.core.webui.keyword.internal.WebUIKeywordMain.runKeyword(WebUIKeywordMain.groovy:26)
	at com.kms.katalon.core.webui.keyword.builtin.ClickKeyword.click(ClickKeyword.groovy:75)
	at com.kms.katalon.core.webui.keyword.builtin.ClickKeyword.execute(ClickKeyword.groovy:42)
	at com.kms.katalon.core.keyword.internal.KeywordExecutor.executeKeywordForPlatform(KeywordExecutor.groovy:74)
	at com.kms.katalon.core.webui.keyword.WebUiBuiltInKeywords.click(WebUiBuiltInKeywords.groovy:620)
	at com.kms.katalon.core.webui.keyword.WebUiBuiltInKeywords$click$10.call(Unknown Source)
	at EstimatedTax_MRF_TC.run(EstimatedTax_MRF_TC:45)
	at com.kms.katalon.core.main.ScriptEngine.run(ScriptEngine.java:194)
	at com.kms.katalon.core.main.ScriptEngine.runScriptAsRawText(ScriptEngine.java:119)
	at com.kms.katalon.core.main.TestCaseExecutor.runScript(TestCaseExecutor.java:430)
	at com.kms.katalon.core.main.TestCaseExecutor.doExecute(TestCaseExecutor.java:421)
	at com.kms.katalon.core.main.TestCaseExecutor.processExecutionPhase(TestCaseExecutor.java:400)
	at com.kms.katalon.core.main.TestCaseExecutor.accessMainPhase(TestCaseExecutor.java:392)
	at com.kms.katalon.core.main.TestCaseExecutor.execute(TestCaseExecutor.java:273)
	at com.kms.katalon.core.main.TestSuiteExecutor.accessTestCaseMainPhase(TestSuiteExecutor.java:202)
	at com.kms.katalon.core.main.TestSuiteExecutor.accessTestSuiteMainPhase(TestSuiteExecutor.java:164)
	at com.kms.katalon.core.main.TestSuiteExecutor.execute(TestSuiteExecutor.java:105)
	at com.kms.katalon.core.main.TestCaseMain.startTestSuite(TestCaseMain.java:185)
	at com.kms.katalon.core.main.TestCaseMain$startTestSuite$0.call(Unknown Source)
	at TempTestSuite1636391403401.run(TempTestSuite1636391403401.groovy:36)
Caused by: com.kms.katalon.core.exception.StepFailedException: Unable to click on object 'Object Repository/RAD_Pages/Landing_Page/button_Continue'
	... 21 more
Caused by: org.openqa.selenium.ElementClickInterceptedException: element click intercepted: Element &lt;button class=&quot;btn btn-primary float-end w-auto disablecontinue&quot; disabled=&quot;&quot;>...&lt;/button> is not clickable at point (1046, 801). Other element would receive the click: &lt;div class=&quot;w-100 mt-auto pt-3&quot;>...&lt;/div>
  (Session info: chrome=95.0.4638.69)
Build info: version: '3.141.59', revision: 'e82be7d358', time: '2018-11-14T08:25:53'
System info: host: 'DESKTOP-B2QI6NS', ip: '172.30.2.167', os.name: 'Windows 10', os.arch: 'amd64', os.version: '10.0', java.version: '1.8.0_181'
Driver info: com.kms.katalon.selenium.driver.CChromeDriver
Capabilities {acceptInsecureCerts: true, browserName: chrome, browserVersion: 95.0.4638.69, chrome: {chromedriverVersion: 95.0.4638.54 (d31a821ec901f..., userDataDir: C:\Users\iahmed\AppData\Loc...}, goog:chromeOptions: {debuggerAddress: localhost:54658}, javascriptEnabled: true, networkConnectionEnabled: false, pageLoadStrategy: normal, platform: WINDOWS, platformName: WINDOWS, proxy: Proxy(), setWindowRect: true, strictFileInteractability: false, timeouts: {implicit: 0, pageLoad: 300000, script: 30000}, unhandledPromptBehavior: dismiss and notify, webauthn:extension:credBlob: true, webauthn:extension:largeBlob: true, webauthn:virtualAuthenticators: true}
Session ID: 417057b204eb5b4f06f7920cf659ccf8
	at org.openqa.selenium.remote.http.W3CHttpResponseCodec.createException(W3CHttpResponseCodec.java:187)
	at org.openqa.selenium.remote.http.W3CHttpResponseCodec.decode(W3CHttpResponseCodec.java:122)
	at org.openqa.selenium.remote.http.W3CHttpResponseCodec.decode(W3CHttpResponseCodec.java:49)
	at org.openqa.selenium.remote.HttpCommandExecutor.execute(HttpCommandExecutor.java:158)
	at org.openqa.selenium.remote.service.DriverCommandExecutor.execute(DriverCommandExecutor.java:83)
	at org.openqa.selenium.remote.RemoteWebDriver.execute(RemoteWebDriver.java:552)
	at com.kms.katalon.selenium.driver.CChromeDriver.execute(CChromeDriver.java:19)
	at org.openqa.selenium.remote.RemoteWebElement.execute(RemoteWebElement.java:285)
	at org.openqa.selenium.remote.RemoteWebElement.click(RemoteWebElement.java:84)
	at org.openqa.selenium.support.events.EventFiringWebDriver$EventFiringWebElement.lambda$new$0(EventFiringWebDriver.java:404)
	at com.sun.proxy.$Proxy11.click(Unknown Source)
	at org.openqa.selenium.support.events.EventFiringWebDriver$EventFiringWebElement.click(EventFiringWebDriver.java:417)
	at com.kms.katalon.core.webui.keyword.builtin.ClickKeyword$_click_closure1.doCall(ClickKeyword.groovy:68)
	at com.kms.katalon.core.webui.keyword.builtin.ClickKeyword$_click_closure1.call(ClickKeyword.groovy)
	at com.kms.katalon.core.webui.keyword.internal.WebUIKeywordMain.runKeyword(WebUIKeywordMain.groovy:20)
	... 19 more
"/>
         <system-out><![CDATA[2021-11-08 12:13:30 - [TEST_CASE][FAILED] - Test Cases/RAD_TestCases/MRF_TestCases/EstimatedTax_MRF_TC: Test Cases/RAD_TestCases/MRF_TestCases/EstimatedTax_MRF_TC FAILED.
Reason:
com.kms.katalon.core.exception.StepFailedException: Unable to click on object 'Object Repository/RAD_Pages/Landing_Page/button_Continue' (Root cause: com.kms.katalon.core.exception.StepFailedException: Unable to click on object 'Object Repository/RAD_Pages/Landing_Page/button_Continue'
	at com.kms.katalon.core.webui.keyword.internal.WebUIKeywordMain.stepFailed(WebUIKeywordMain.groovy:64)
	at com.kms.katalon.core.webui.keyword.internal.WebUIKeywordMain.runKeyword(WebUIKeywordMain.groovy:26)
	at com.kms.katalon.core.webui.keyword.builtin.ClickKeyword.click(ClickKeyword.groovy:75)
	at com.kms.katalon.core.webui.keyword.builtin.ClickKeyword.execute(ClickKeyword.groovy:42)
	at com.kms.katalon.core.keyword.internal.KeywordExecutor.executeKeywordForPlatform(KeywordExecutor.groovy:74)
	at com.kms.katalon.core.webui.keyword.WebUiBuiltInKeywords.click(WebUiBuiltInKeywords.groovy:620)
	at com.kms.katalon.core.webui.keyword.WebUiBuiltInKeywords$click$10.call(Unknown Source)
	at EstimatedTax_MRF_TC.run(EstimatedTax_MRF_TC:45)
	at com.kms.katalon.core.main.ScriptEngine.run(ScriptEngine.java:194)
	at com.kms.katalon.core.main.ScriptEngine.runScriptAsRawText(ScriptEngine.java:119)
	at com.kms.katalon.core.main.TestCaseExecutor.runScript(TestCaseExecutor.java:430)
	at com.kms.katalon.core.main.TestCaseExecutor.doExecute(TestCaseExecutor.java:421)
	at com.kms.katalon.core.main.TestCaseExecutor.processExecutionPhase(TestCaseExecutor.java:400)
	at com.kms.katalon.core.main.TestCaseExecutor.accessMainPhase(TestCaseExecutor.java:392)
	at com.kms.katalon.core.main.TestCaseExecutor.execute(TestCaseExecutor.java:273)
	at com.kms.katalon.core.main.TestSuiteExecutor.accessTestCaseMainPhase(TestSuiteExecutor.java:202)
	at com.kms.katalon.core.main.TestSuiteExecutor.accessTestSuiteMainPhase(TestSuiteExecutor.java:164)
	at com.kms.katalon.core.main.TestSuiteExecutor.execute(TestSuiteExecutor.java:105)
	at com.kms.katalon.core.main.TestCaseMain.startTestSuite(TestCaseMain.java:185)
	at com.kms.katalon.core.main.TestCaseMain$startTestSuite$0.call(Unknown Source)
	at TempTestSuite1636391403401.run(TempTestSuite1636391403401.groovy:36)
Caused by: org.openqa.selenium.ElementClickInterceptedException: element click intercepted: Element <button class="btn btn-primary float-end w-auto disablecontinue" disabled="">...</button> is not clickable at point (1046, 801). Other element would receive the click: <div class="w-100 mt-auto pt-3">...</div>
  (Session info: chrome=95.0.4638.69)
Build info: version: '3.141.59', revision: 'e82be7d358', time: '2018-11-14T08:25:53'
System info: host: 'DESKTOP-B2QI6NS', ip: '172.30.2.167', os.name: 'Windows 10', os.arch: 'amd64', os.version: '10.0', java.version: '1.8.0_181'
Driver info: com.kms.katalon.selenium.driver.CChromeDriver
Capabilities {acceptInsecureCerts: true, browserName: chrome, browserVersion: 95.0.4638.69, chrome: {chromedriverVersion: 95.0.4638.54 (d31a821ec901f..., userDataDir: C:\Users\iahmed\AppData\Loc...}, goog:chromeOptions: {debuggerAddress: localhost:54658}, javascriptEnabled: true, networkConnectionEnabled: false, pageLoadStrategy: normal, platform: WINDOWS, platformName: WINDOWS, proxy: Proxy(), setWindowRect: true, strictFileInteractability: false, timeouts: {implicit: 0, pageLoad: 300000, script: 30000}, unhandledPromptBehavior: dismiss and notify, webauthn:extension:credBlob: true, webauthn:extension:largeBlob: true, webauthn:virtualAuthenticators: true}
Session ID: 417057b204eb5b4f06f7920cf659ccf8
	at org.openqa.selenium.remote.http.W3CHttpResponseCodec.createException(W3CHttpResponseCodec.java:187)
	at org.openqa.selenium.remote.http.W3CHttpResponseCodec.decode(W3CHttpResponseCodec.java:122)
	at org.openqa.selenium.remote.http.W3CHttpResponseCodec.decode(W3CHttpResponseCodec.java:49)
	at org.openqa.selenium.remote.HttpCommandExecutor.execute(HttpCommandExecutor.java:158)
	at org.openqa.selenium.remote.service.DriverCommandExecutor.execute(DriverCommandExecutor.java:83)
	at org.openqa.selenium.remote.RemoteWebDriver.execute(RemoteWebDriver.java:552)
	at com.kms.katalon.selenium.driver.CChromeDriver.execute(CChromeDriver.java:19)
	at org.openqa.selenium.remote.RemoteWebElement.execute(RemoteWebElement.java:285)
	at org.openqa.selenium.remote.RemoteWebElement.click(RemoteWebElement.java:84)
	at org.openqa.selenium.support.events.EventFiringWebDriver$EventFiringWebElement.lambda$new$0(EventFiringWebDriver.java:404)
	at com.sun.proxy.$Proxy11.click(Unknown Source)
	at org.openqa.selenium.support.events.EventFiringWebDriver$EventFiringWebElement.click(EventFiringWebDriver.java:417)
	at com.kms.katalon.core.webui.keyword.builtin.ClickKeyword$_click_closure1.doCall(ClickKeyword.groovy:68)
	at com.kms.katalon.core.webui.keyword.builtin.ClickKeyword$_click_closure1.call(ClickKeyword.groovy)
	at com.kms.katalon.core.webui.keyword.internal.WebUIKeywordMain.runKeyword(WebUIKeywordMain.groovy:20)
	at com.kms.katalon.core.webui.keyword.builtin.ClickKeyword.click(ClickKeyword.groovy:75)
	at com.kms.katalon.core.webui.keyword.builtin.ClickKeyword.execute(ClickKeyword.groovy:42)
	at com.kms.katalon.core.keyword.internal.KeywordExecutor.executeKeywordForPlatform(KeywordExecutor.groovy:74)
	at com.kms.katalon.core.webui.keyword.WebUiBuiltInKeywords.click(WebUiBuiltInKeywords.groovy:620)
	at com.kms.katalon.core.webui.keyword.WebUiBuiltInKeywords$click$10.call(Unknown Source)
	at Script1634596423746.run(Script1634596423746.groovy:45)
	... 13 more
)
	at com.kms.katalon.core.keyword.internal.KeywordMain.stepFailed(KeywordMain.groovy:39)
	at com.kms.katalon.core.webui.keyword.internal.WebUIKeywordMain.stepFailed(WebUIKeywordMain.groovy:64)
	at com.kms.katalon.core.webui.keyword.internal.WebUIKeywordMain.runKeyword(WebUIKeywordMain.groovy:26)
	at com.kms.katalon.core.webui.keyword.builtin.ClickKeyword.click(ClickKeyword.groovy:75)
	at com.kms.katalon.core.webui.keyword.builtin.ClickKeyword.execute(ClickKeyword.groovy:42)
	at com.kms.katalon.core.keyword.internal.KeywordExecutor.executeKeywordForPlatform(KeywordExecutor.groovy:74)
	at com.kms.katalon.core.webui.keyword.WebUiBuiltInKeywords.click(WebUiBuiltInKeywords.groovy:620)
	at com.kms.katalon.core.webui.keyword.WebUiBuiltInKeywords$click$10.call(Unknown Source)
	at EstimatedTax_MRF_TC.run(EstimatedTax_MRF_TC:45)
	at com.kms.katalon.core.main.ScriptEngine.run(ScriptEngine.java:194)
	at com.kms.katalon.core.main.ScriptEngine.runScriptAsRawText(ScriptEngine.java:119)
	at com.kms.katalon.core.main.TestCaseExecutor.runScript(TestCaseExecutor.java:430)
	at com.kms.katalon.core.main.TestCaseExecutor.doExecute(TestCaseExecutor.java:421)
	at com.kms.katalon.core.main.TestCaseExecutor.processExecutionPhase(TestCaseExecutor.java:400)
	at com.kms.katalon.core.main.TestCaseExecutor.accessMainPhase(TestCaseExecutor.java:392)
	at com.kms.katalon.core.main.TestCaseExecutor.execute(TestCaseExecutor.java:273)
	at com.kms.katalon.core.main.TestSuiteExecutor.accessTestCaseMainPhase(TestSuiteExecutor.java:202)
	at com.kms.katalon.core.main.TestSuiteExecutor.accessTestSuiteMainPhase(TestSuiteExecutor.java:164)
	at com.kms.katalon.core.main.TestSuiteExecutor.execute(TestSuiteExecutor.java:105)
	at com.kms.katalon.core.main.TestCaseMain.startTestSuite(TestCaseMain.java:185)
	at com.kms.katalon.core.main.TestCaseMain$startTestSuite$0.call(Unknown Source)
	at TempTestSuite1636391403401.run(TempTestSuite1636391403401.groovy:36)
Caused by: com.kms.katalon.core.exception.StepFailedException: Unable to click on object 'Object Repository/RAD_Pages/Landing_Page/button_Continue'
	... 21 more
Caused by: org.openqa.selenium.ElementClickInterceptedException: element click intercepted: Element <button class="btn btn-primary float-end w-auto disablecontinue" disabled="">...</button> is not clickable at point (1046, 801). Other element would receive the click: <div class="w-100 mt-auto pt-3">...</div>
  (Session info: chrome=95.0.4638.69)
Build info: version: '3.141.59', revision: 'e82be7d358', time: '2018-11-14T08:25:53'
System info: host: 'DESKTOP-B2QI6NS', ip: '172.30.2.167', os.name: 'Windows 10', os.arch: 'amd64', os.version: '10.0', java.version: '1.8.0_181'
Driver info: com.kms.katalon.selenium.driver.CChromeDriver
Capabilities {acceptInsecureCerts: true, browserName: chrome, browserVersion: 95.0.4638.69, chrome: {chromedriverVersion: 95.0.4638.54 (d31a821ec901f..., userDataDir: C:\Users\iahmed\AppData\Loc...}, goog:chromeOptions: {debuggerAddress: localhost:54658}, javascriptEnabled: true, networkConnectionEnabled: false, pageLoadStrategy: normal, platform: WINDOWS, platformName: WINDOWS, proxy: Proxy(), setWindowRect: true, strictFileInteractability: false, timeouts: {implicit: 0, pageLoad: 300000, script: 30000}, unhandledPromptBehavior: dismiss and notify, webauthn:extension:credBlob: true, webauthn:extension:largeBlob: true, webauthn:virtualAuthenticators: true}
Session ID: 417057b204eb5b4f06f7920cf659ccf8
	at org.openqa.selenium.remote.http.W3CHttpResponseCodec.createException(W3CHttpResponseCodec.java:187)
	at org.openqa.selenium.remote.http.W3CHttpResponseCodec.decode(W3CHttpResponseCodec.java:122)
	at org.openqa.selenium.remote.http.W3CHttpResponseCodec.decode(W3CHttpResponseCodec.java:49)
	at org.openqa.selenium.remote.HttpCommandExecutor.execute(HttpCommandExecutor.java:158)
	at org.openqa.selenium.remote.service.DriverCommandExecutor.execute(DriverCommandExecutor.java:83)
	at org.openqa.selenium.remote.RemoteWebDriver.execute(RemoteWebDriver.java:552)
	at com.kms.katalon.selenium.driver.CChromeDriver.execute(CChromeDriver.java:19)
	at org.openqa.selenium.remote.RemoteWebElement.execute(RemoteWebElement.java:285)
	at org.openqa.selenium.remote.RemoteWebElement.click(RemoteWebElement.java:84)
	at org.openqa.selenium.support.events.EventFiringWebDriver$EventFiringWebElement.lambda$new$0(EventFiringWebDriver.java:404)
	at com.sun.proxy.$Proxy11.click(Unknown Source)
	at org.openqa.selenium.support.events.EventFiringWebDriver$EventFiringWebElement.click(EventFiringWebDriver.java:417)
	at com.kms.katalon.core.webui.keyword.builtin.ClickKeyword$_click_closure1.doCall(ClickKeyword.groovy:68)
	at com.kms.katalon.core.webui.keyword.builtin.ClickKeyword$_click_closure1.call(ClickKeyword.groovy)
	at com.kms.katalon.core.webui.keyword.internal.WebUIKeywordMain.runKeyword(WebUIKeywordMain.groovy:20)
	... 19 more


2021-11-08 12:13:30 - [TEST_STEP][PASSED] - openBrowser(""): Browser is opened with url: ''

2021-11-08 12:13:30 - [MESSAGE][WARNING] - A browser is already opened. Closing browser and opening a new one

2021-11-08 12:13:31 - [MESSAGE][INFO] - Starting 'Chrome' driver

2021-11-08 12:13:31 - [MESSAGE][INFO] - User set preference: ['acceptInsecureCerts', 'true']

2021-11-08 12:13:31 - [MESSAGE][INFO] - Action delay is set to 0 milliseconds

2021-11-08 12:13:32 - [MESSAGE][PASSED] - Browser is opened with url: ''

2021-11-08 12:13:32 - [TEST_STEP][PASSED] - maximizeWindow(): Current window maximized

2021-11-08 12:13:32 - [MESSAGE][PASSED] - Current window maximized

2021-11-08 12:13:32 - [TEST_STEP][PASSED] - navigateToUrl(RADurl): Navigate to 'https://qa.velocitypayment.com/client/rad/index.html' successfully

2021-11-08 12:13:34 - [MESSAGE][PASSED] - Navigate to 'https://qa.velocitypayment.com/client/rad/index.html' successfully

2021-11-08 12:13:34 - [TEST_STEP][PASSED] - orPath_Landing = "Object Repository/RAD_Pages/Landing_Page": null

2021-11-08 12:13:34 - [TEST_STEP][PASSED] - orPath_Amount = "Object Repository/RAD_Pages/PaymentAmount_Page": null

2021-11-08 12:13:34 - [TEST_STEP][PASSED] - orPath_FilingStatus = "Object Repository/RAD_Pages/FilingStatus_Page": null

2021-11-08 12:13:34 - [TEST_STEP][PASSED] - orPath_TaxPayer = "Object Repository/RAD_Pages/Taxpayer_Page": null

2021-11-08 12:13:34 - [TEST_STEP][PASSED] - selectOptionByLabel(findTestObject(orPath_Landing + "/dd_TaxType"), "Estimated Tax", false): All options with label 'Estimated Tax' are selected in object 'Object Repository/RAD_Pages/Landing_Page/dd_TaxType' 

2021-11-08 12:13:35 - [MESSAGE][PASSED] - All options with label 'Estimated Tax' are selected in object 'Object Repository/RAD_Pages/Landing_Page/dd_TaxType' 

2021-11-08 12:13:35 - [TEST_STEP][PASSED] - setText(findTestObject(orPath_TaxPayer + "/input_lastName"), "Anderson"): Text 'Anderson' is set on object 'Object Repository/RAD_Pages/Taxpayer_Page/input_lastName'

2021-11-08 12:13:36 - [MESSAGE][PASSED] - Text 'Anderson' is set on object 'Object Repository/RAD_Pages/Taxpayer_Page/input_lastName'

2021-11-08 12:13:36 - [TEST_STEP][PASSED] - setText(findTestObject("RAD_RecordAndPlay/input_concatSSN"), "123-44-1234"): Text '123-44-1234' is set on object 'Object Repository/RAD_RecordAndPlay/input_concatSSN'

2021-11-08 12:13:37 - [MESSAGE][PASSED] - Text '123-44-1234' is set on object 'Object Repository/RAD_RecordAndPlay/input_concatSSN'

2021-11-08 12:13:37 - [TEST_STEP][PASSED] - setText(findTestObject("RAD_RecordAndPlay/input_concatReSSN"), "123-44-1234"): Text '123-44-1234' is set on object 'Object Repository/RAD_RecordAndPlay/input_concatReSSN'

2021-11-08 12:13:37 - [MESSAGE][PASSED] - Text '123-44-1234' is set on object 'Object Repository/RAD_RecordAndPlay/input_concatReSSN'

2021-11-08 12:13:37 - [TEST_STEP][PASSED] - setText(findTestObject(orPath_TaxPayer + "/input_firstName"), ""): Text '' is set on object 'Object Repository/RAD_Pages/Taxpayer_Page/input_firstName'

2021-11-08 12:13:38 - [MESSAGE][PASSED] - Text '' is set on object 'Object Repository/RAD_Pages/Taxpayer_Page/input_firstName'

2021-11-08 12:13:38 - [TEST_STEP][PASSED] - scrollToElement(findTestObject(orPath_Landing + "/button_Continue"), 3): Scroll to object 'Object Repository/RAD_Pages/Landing_Page/button_Continue' successfully

2021-11-08 12:13:38 - [MESSAGE][PASSED] - Scroll to object 'Object Repository/RAD_Pages/Landing_Page/button_Continue' successfully

2021-11-08 12:13:38 - [TEST_STEP][PASSED] - waitForElementClickable(findTestObject(orPath_Landing + "/button_Continue"), 5): Object 'Object Repository/RAD_Pages/Landing_Page/button_Continue' is not clickable after 5 second(s)

2021-11-08 12:13:44 - [MESSAGE][WARNING] - Object 'Object Repository/RAD_Pages/Landing_Page/button_Continue' is not clickable after 5 second(s)

2021-11-08 12:13:44 - [TEST_STEP][FAILED] - click(findTestObject(orPath_Landing + "/button_Continue")): Unable to click on object 'Object Repository/RAD_Pages/Landing_Page/button_Continue' (Root cause: com.kms.katalon.core.exception.StepFailedException: Unable to click on object 'Object Repository/RAD_Pages/Landing_Page/button_Continue'
	at com.kms.katalon.core.webui.keyword.internal.WebUIKeywordMain.stepFailed(WebUIKeywordMain.groovy:64)
	at com.kms.katalon.core.webui.keyword.internal.WebUIKeywordMain.runKeyword(WebUIKeywordMain.groovy:26)
	at com.kms.katalon.core.webui.keyword.builtin.ClickKeyword.click(ClickKeyword.groovy:75)
	at com.kms.katalon.core.webui.keyword.builtin.ClickKeyword.execute(ClickKeyword.groovy:42)
	at com.kms.katalon.core.keyword.internal.KeywordExecutor.executeKeywordForPlatform(KeywordExecutor.groovy:74)
	at com.kms.katalon.core.webui.keyword.WebUiBuiltInKeywords.click(WebUiBuiltInKeywords.groovy:620)
	at com.kms.katalon.core.webui.keyword.WebUiBuiltInKeywords$click$10.call(Unknown Source)
	at EstimatedTax_MRF_TC.run(EstimatedTax_MRF_TC:45)
	at com.kms.katalon.core.main.ScriptEngine.run(ScriptEngine.java:194)
	at com.kms.katalon.core.main.ScriptEngine.runScriptAsRawText(ScriptEngine.java:119)
	at com.kms.katalon.core.main.TestCaseExecutor.runScript(TestCaseExecutor.java:430)
	at com.kms.katalon.core.main.TestCaseExecutor.doExecute(TestCaseExecutor.java:421)
	at com.kms.katalon.core.main.TestCaseExecutor.processExecutionPhase(TestCaseExecutor.java:400)
	at com.kms.katalon.core.main.TestCaseExecutor.accessMainPhase(TestCaseExecutor.java:392)
	at com.kms.katalon.core.main.TestCaseExecutor.execute(TestCaseExecutor.java:273)
	at com.kms.katalon.core.main.TestSuiteExecutor.accessTestCaseMainPhase(TestSuiteExecutor.java:202)
	at com.kms.katalon.core.main.TestSuiteExecutor.accessTestSuiteMainPhase(TestSuiteExecutor.java:164)
	at com.kms.katalon.core.main.TestSuiteExecutor.execute(TestSuiteExecutor.java:105)
	at com.kms.katalon.core.main.TestCaseMain.startTestSuite(TestCaseMain.java:185)
	at com.kms.katalon.core.main.TestCaseMain$startTestSuite$0.call(Unknown Source)
	at TempTestSuite1636391403401.run(TempTestSuite1636391403401.groovy:36)
Caused by: org.openqa.selenium.ElementClickInterceptedException: element click intercepted: Element <button class="btn btn-primary float-end w-auto disablecontinue" disabled="">...</button> is not clickable at point (1046, 801). Other element would receive the click: <div class="w-100 mt-auto pt-3">...</div>
  (Session info: chrome=95.0.4638.69)
Build info: version: '3.141.59', revision: 'e82be7d358', time: '2018-11-14T08:25:53'
System info: host: 'DESKTOP-B2QI6NS', ip: '172.30.2.167', os.name: 'Windows 10', os.arch: 'amd64', os.version: '10.0', java.version: '1.8.0_181'
Driver info: com.kms.katalon.selenium.driver.CChromeDriver
Capabilities {acceptInsecureCerts: true, browserName: chrome, browserVersion: 95.0.4638.69, chrome: {chromedriverVersion: 95.0.4638.54 (d31a821ec901f..., userDataDir: C:\Users\iahmed\AppData\Loc...}, goog:chromeOptions: {debuggerAddress: localhost:54658}, javascriptEnabled: true, networkConnectionEnabled: false, pageLoadStrategy: normal, platform: WINDOWS, platformName: WINDOWS, proxy: Proxy(), setWindowRect: true, strictFileInteractability: false, timeouts: {implicit: 0, pageLoad: 300000, script: 30000}, unhandledPromptBehavior: dismiss and notify, webauthn:extension:credBlob: true, webauthn:extension:largeBlob: true, webauthn:virtualAuthenticators: true}
Session ID: 417057b204eb5b4f06f7920cf659ccf8
	at org.openqa.selenium.remote.http.W3CHttpResponseCodec.createException(W3CHttpResponseCodec.java:187)
	at org.openqa.selenium.remote.http.W3CHttpResponseCodec.decode(W3CHttpResponseCodec.java:122)
	at org.openqa.selenium.remote.http.W3CHttpResponseCodec.decode(W3CHttpResponseCodec.java:49)
	at org.openqa.selenium.remote.HttpCommandExecutor.execute(HttpCommandExecutor.java:158)
	at org.openqa.selenium.remote.service.DriverCommandExecutor.execute(DriverCommandExecutor.java:83)
	at org.openqa.selenium.remote.RemoteWebDriver.execute(RemoteWebDriver.java:552)
	at com.kms.katalon.selenium.driver.CChromeDriver.execute(CChromeDriver.java:19)
	at org.openqa.selenium.remote.RemoteWebElement.execute(RemoteWebElement.java:285)
	at org.openqa.selenium.remote.RemoteWebElement.click(RemoteWebElement.java:84)
	at org.openqa.selenium.support.events.EventFiringWebDriver$EventFiringWebElement.lambda$new$0(EventFiringWebDriver.java:404)
	at com.sun.proxy.$Proxy11.click(Unknown Source)
	at org.openqa.selenium.support.events.EventFiringWebDriver$EventFiringWebElement.click(EventFiringWebDriver.java:417)
	at com.kms.katalon.core.webui.keyword.builtin.ClickKeyword$_click_closure1.doCall(ClickKeyword.groovy:68)
	at com.kms.katalon.core.webui.keyword.builtin.ClickKeyword$_click_closure1.call(ClickKeyword.groovy)
	at com.kms.katalon.core.webui.keyword.internal.WebUIKeywordMain.runKeyword(WebUIKeywordMain.groovy:20)
	at com.kms.katalon.core.webui.keyword.builtin.ClickKeyword.click(ClickKeyword.groovy:75)
	at com.kms.katalon.core.webui.keyword.builtin.ClickKeyword.execute(ClickKeyword.groovy:42)
	at com.kms.katalon.core.keyword.internal.KeywordExecutor.executeKeywordForPlatform(KeywordExecutor.groovy:74)
	at com.kms.katalon.core.webui.keyword.WebUiBuiltInKeywords.click(WebUiBuiltInKeywords.groovy:620)
	at com.kms.katalon.core.webui.keyword.WebUiBuiltInKeywords$click$10.call(Unknown Source)
	at Script1634596423746.run(Script1634596423746.groovy:45)
	... 13 more
)

2021-11-08 12:13:45 - [MESSAGE][FAILED] - Unable to click on object 'Object Repository/RAD_Pages/Landing_Page/button_Continue' (Root cause: com.kms.katalon.core.exception.StepFailedException: Unable to click on object 'Object Repository/RAD_Pages/Landing_Page/button_Continue'
	at com.kms.katalon.core.webui.keyword.internal.WebUIKeywordMain.stepFailed(WebUIKeywordMain.groovy:64)
	at com.kms.katalon.core.webui.keyword.internal.WebUIKeywordMain.runKeyword(WebUIKeywordMain.groovy:26)
	at com.kms.katalon.core.webui.keyword.builtin.ClickKeyword.click(ClickKeyword.groovy:75)
	at com.kms.katalon.core.webui.keyword.builtin.ClickKeyword.execute(ClickKeyword.groovy:42)
	at com.kms.katalon.core.keyword.internal.KeywordExecutor.executeKeywordForPlatform(KeywordExecutor.groovy:74)
	at com.kms.katalon.core.webui.keyword.WebUiBuiltInKeywords.click(WebUiBuiltInKeywords.groovy:620)
	at com.kms.katalon.core.webui.keyword.WebUiBuiltInKeywords$click$10.call(Unknown Source)
	at EstimatedTax_MRF_TC.run(EstimatedTax_MRF_TC:45)
	at com.kms.katalon.core.main.ScriptEngine.run(ScriptEngine.java:194)
	at com.kms.katalon.core.main.ScriptEngine.runScriptAsRawText(ScriptEngine.java:119)
	at com.kms.katalon.core.main.TestCaseExecutor.runScript(TestCaseExecutor.java:430)
	at com.kms.katalon.core.main.TestCaseExecutor.doExecute(TestCaseExecutor.java:421)
	at com.kms.katalon.core.main.TestCaseExecutor.processExecutionPhase(TestCaseExecutor.java:400)
	at com.kms.katalon.core.main.TestCaseExecutor.accessMainPhase(TestCaseExecutor.java:392)
	at com.kms.katalon.core.main.TestCaseExecutor.execute(TestCaseExecutor.java:273)
	at com.kms.katalon.core.main.TestSuiteExecutor.accessTestCaseMainPhase(TestSuiteExecutor.java:202)
	at com.kms.katalon.core.main.TestSuiteExecutor.accessTestSuiteMainPhase(TestSuiteExecutor.java:164)
	at com.kms.katalon.core.main.TestSuiteExecutor.execute(TestSuiteExecutor.java:105)
	at com.kms.katalon.core.main.TestCaseMain.startTestSuite(TestCaseMain.java:185)
	at com.kms.katalon.core.main.TestCaseMain$startTestSuite$0.call(Unknown Source)
	at TempTestSuite1636391403401.run(TempTestSuite1636391403401.groovy:36)
Caused by: org.openqa.selenium.ElementClickInterceptedException: element click intercepted: Element <button class="btn btn-primary float-end w-auto disablecontinue" disabled="">...</button> is not clickable at point (1046, 801). Other element would receive the click: <div class="w-100 mt-auto pt-3">...</div>
  (Session info: chrome=95.0.4638.69)
Build info: version: '3.141.59', revision: 'e82be7d358', time: '2018-11-14T08:25:53'
System info: host: 'DESKTOP-B2QI6NS', ip: '172.30.2.167', os.name: 'Windows 10', os.arch: 'amd64', os.version: '10.0', java.version: '1.8.0_181'
Driver info: com.kms.katalon.selenium.driver.CChromeDriver
Capabilities {acceptInsecureCerts: true, browserName: chrome, browserVersion: 95.0.4638.69, chrome: {chromedriverVersion: 95.0.4638.54 (d31a821ec901f..., userDataDir: C:\Users\iahmed\AppData\Loc...}, goog:chromeOptions: {debuggerAddress: localhost:54658}, javascriptEnabled: true, networkConnectionEnabled: false, pageLoadStrategy: normal, platform: WINDOWS, platformName: WINDOWS, proxy: Proxy(), setWindowRect: true, strictFileInteractability: false, timeouts: {implicit: 0, pageLoad: 300000, script: 30000}, unhandledPromptBehavior: dismiss and notify, webauthn:extension:credBlob: true, webauthn:extension:largeBlob: true, webauthn:virtualAuthenticators: true}
Session ID: 417057b204eb5b4f06f7920cf659ccf8
	at org.openqa.selenium.remote.http.W3CHttpResponseCodec.createException(W3CHttpResponseCodec.java:187)
	at org.openqa.selenium.remote.http.W3CHttpResponseCodec.decode(W3CHttpResponseCodec.java:122)
	at org.openqa.selenium.remote.http.W3CHttpResponseCodec.decode(W3CHttpResponseCodec.java:49)
	at org.openqa.selenium.remote.HttpCommandExecutor.execute(HttpCommandExecutor.java:158)
	at org.openqa.selenium.remote.service.DriverCommandExecutor.execute(DriverCommandExecutor.java:83)
	at org.openqa.selenium.remote.RemoteWebDriver.execute(RemoteWebDriver.java:552)
	at com.kms.katalon.selenium.driver.CChromeDriver.execute(CChromeDriver.java:19)
	at org.openqa.selenium.remote.RemoteWebElement.execute(RemoteWebElement.java:285)
	at org.openqa.selenium.remote.RemoteWebElement.click(RemoteWebElement.java:84)
	at org.openqa.selenium.support.events.EventFiringWebDriver$EventFiringWebElement.lambda$new$0(EventFiringWebDriver.java:404)
	at com.sun.proxy.$Proxy11.click(Unknown Source)
	at org.openqa.selenium.support.events.EventFiringWebDriver$EventFiringWebElement.click(EventFiringWebDriver.java:417)
	at com.kms.katalon.core.webui.keyword.builtin.ClickKeyword$_click_closure1.doCall(ClickKeyword.groovy:68)
	at com.kms.katalon.core.webui.keyword.builtin.ClickKeyword$_click_closure1.call(ClickKeyword.groovy)
	at com.kms.katalon.core.webui.keyword.internal.WebUIKeywordMain.runKeyword(WebUIKeywordMain.groovy:20)
	at com.kms.katalon.core.webui.keyword.builtin.ClickKeyword.click(ClickKeyword.groovy:75)
	at com.kms.katalon.core.webui.keyword.builtin.ClickKeyword.execute(ClickKeyword.groovy:42)
	at com.kms.katalon.core.keyword.internal.KeywordExecutor.executeKeywordForPlatform(KeywordExecutor.groovy:74)
	at com.kms.katalon.core.webui.keyword.WebUiBuiltInKeywords.click(WebUiBuiltInKeywords.groovy:620)
	at com.kms.katalon.core.webui.keyword.WebUiBuiltInKeywords$click$10.call(Unknown Source)
	at Script1634596423746.run(Script1634596423746.groovy:45)
	... 13 more
)
[[ATTACHMENT|E:\\Cloned-Project-Katalon\\VPS-Katalon\\Reports\\20211108_121003\\RAD_TestSuite\\RAD_UI_TestSuite\\20211108_121003\\1636391625643.png]]

2021-11-08 12:13:45 - [TEST_STEP][FAILED] - verifyTextPresent("Select a payment type", true): Text 'Select a payment type' is not present on page  using regular expression (Root cause: com.kms.katalon.core.exception.StepFailedException: Text 'Select a payment type' is not present on page  using regular expression
	at com.kms.katalon.core.webui.keyword.internal.WebUIKeywordMain.stepFailed(WebUIKeywordMain.groovy:64)
	at com.kms.katalon.core.webui.keyword.builtin.VerifyTextPresentKeyword$_verifyTextPresent_closure1.doCall(VerifyTextPresentKeyword.groovy:79)
	at com.kms.katalon.core.webui.keyword.builtin.VerifyTextPresentKeyword$_verifyTextPresent_closure1.call(VerifyTextPresentKeyword.groovy)
	at com.kms.katalon.core.webui.keyword.internal.WebUIKeywordMain.runKeyword(WebUIKeywordMain.groovy:20)
	at com.kms.katalon.core.webui.keyword.builtin.VerifyTextPresentKeyword.verifyTextPresent(VerifyTextPresentKeyword.groovy:83)
	at com.kms.katalon.core.webui.keyword.builtin.VerifyTextPresentKeyword.execute(VerifyTextPresentKeyword.groovy:68)
	at com.kms.katalon.core.keyword.internal.KeywordExecutor.executeKeywordForPlatform(KeywordExecutor.groovy:74)
	at com.kms.katalon.core.webui.keyword.WebUiBuiltInKeywords.verifyTextPresent(WebUiBuiltInKeywords.groovy:1723)
	at com.kms.katalon.core.webui.keyword.WebUiBuiltInKeywords$verifyTextPresent$3.call(Unknown Source)
	at EstimatedTax_MRF_TC.run(EstimatedTax_MRF_TC:58)
	at com.kms.katalon.core.main.ScriptEngine.run(ScriptEngine.java:194)
	at com.kms.katalon.core.main.ScriptEngine.runScriptAsRawText(ScriptEngine.java:119)
	at com.kms.katalon.core.main.TestCaseExecutor.runScript(TestCaseExecutor.java:430)
	at com.kms.katalon.core.main.TestCaseExecutor.doExecute(TestCaseExecutor.java:421)
	at com.kms.katalon.core.main.TestCaseExecutor.processExecutionPhase(TestCaseExecutor.java:400)
	at com.kms.katalon.core.main.TestCaseExecutor.accessMainPhase(TestCaseExecutor.java:392)
	at com.kms.katalon.core.main.TestCaseExecutor.execute(TestCaseExecutor.java:273)
	at com.kms.katalon.core.main.TestSuiteExecutor.accessTestCaseMainPhase(TestSuiteExecutor.java:202)
	at com.kms.katalon.core.main.TestSuiteExecutor.accessTestSuiteMainPhase(TestSuiteExecutor.java:164)
	at com.kms.katalon.core.main.TestSuiteExecutor.execute(TestSuiteExecutor.java:105)
	at com.kms.katalon.core.main.TestCaseMain.startTestSuite(TestCaseMain.java:185)
	at com.kms.katalon.core.main.TestCaseMain$startTestSuite$0.call(Unknown Source)
	at TempTestSuite1636391403401.run(TempTestSuite1636391403401.groovy:36)
)

2021-11-08 12:13:46 - [MESSAGE][FAILED] - Text 'Select a payment type' is not present on page  using regular expression (Root cause: com.kms.katalon.core.exception.StepFailedException: Text 'Select a payment type' is not present on page  using regular expression
	at com.kms.katalon.core.webui.keyword.internal.WebUIKeywordMain.stepFailed(WebUIKeywordMain.groovy:64)
	at com.kms.katalon.core.webui.keyword.builtin.VerifyTextPresentKeyword$_verifyTextPresent_closure1.doCall(VerifyTextPresentKeyword.groovy:79)
	at com.kms.katalon.core.webui.keyword.builtin.VerifyTextPresentKeyword$_verifyTextPresent_closure1.call(VerifyTextPresentKeyword.groovy)
	at com.kms.katalon.core.webui.keyword.internal.WebUIKeywordMain.runKeyword(WebUIKeywordMain.groovy:20)
	at com.kms.katalon.core.webui.keyword.builtin.VerifyTextPresentKeyword.verifyTextPresent(VerifyTextPresentKeyword.groovy:83)
	at com.kms.katalon.core.webui.keyword.builtin.VerifyTextPresentKeyword.execute(VerifyTextPresentKeyword.groovy:68)
	at com.kms.katalon.core.keyword.internal.KeywordExecutor.executeKeywordForPlatform(KeywordExecutor.groovy:74)
	at com.kms.katalon.core.webui.keyword.WebUiBuiltInKeywords.verifyTextPresent(WebUiBuiltInKeywords.groovy:1723)
	at com.kms.katalon.core.webui.keyword.WebUiBuiltInKeywords$verifyTextPresent$3.call(Unknown Source)
	at EstimatedTax_MRF_TC.run(EstimatedTax_MRF_TC:58)
	at com.kms.katalon.core.main.ScriptEngine.run(ScriptEngine.java:194)
	at com.kms.katalon.core.main.ScriptEngine.runScriptAsRawText(ScriptEngine.java:119)
	at com.kms.katalon.core.main.TestCaseExecutor.runScript(TestCaseExecutor.java:430)
	at com.kms.katalon.core.main.TestCaseExecutor.doExecute(TestCaseExecutor.java:421)
	at com.kms.katalon.core.main.TestCaseExecutor.processExecutionPhase(TestCaseExecutor.java:400)
	at com.kms.katalon.core.main.TestCaseExecutor.accessMainPhase(TestCaseExecutor.java:392)
	at com.kms.katalon.core.main.TestCaseExecutor.execute(TestCaseExecutor.java:273)
	at com.kms.katalon.core.main.TestSuiteExecutor.accessTestCaseMainPhase(TestSuiteExecutor.java:202)
	at com.kms.katalon.core.main.TestSuiteExecutor.accessTestSuiteMainPhase(TestSuiteExecutor.java:164)
	at com.kms.katalon.core.main.TestSuiteExecutor.execute(TestSuiteExecutor.java:105)
	at com.kms.katalon.core.main.TestCaseMain.startTestSuite(TestCaseMain.java:185)
	at com.kms.katalon.core.main.TestCaseMain$startTestSuite$0.call(Unknown Source)
	at TempTestSuite1636391403401.run(TempTestSuite1636391403401.groovy:36)
)

2021-11-08 12:13:46 - [TEST_STEP][FAILED] - verifyTextPresent("Enter first name", true): Text 'Enter first name' is not present on page  using regular expression (Root cause: com.kms.katalon.core.exception.StepFailedException: Text 'Enter first name' is not present on page  using regular expression
	at com.kms.katalon.core.webui.keyword.internal.WebUIKeywordMain.stepFailed(WebUIKeywordMain.groovy:64)
	at com.kms.katalon.core.webui.keyword.builtin.VerifyTextPresentKeyword$_verifyTextPresent_closure1.doCall(VerifyTextPresentKeyword.groovy:79)
	at com.kms.katalon.core.webui.keyword.builtin.VerifyTextPresentKeyword$_verifyTextPresent_closure1.call(VerifyTextPresentKeyword.groovy)
	at com.kms.katalon.core.webui.keyword.internal.WebUIKeywordMain.runKeyword(WebUIKeywordMain.groovy:20)
	at com.kms.katalon.core.webui.keyword.builtin.VerifyTextPresentKeyword.verifyTextPresent(VerifyTextPresentKeyword.groovy:83)
	at com.kms.katalon.core.webui.keyword.builtin.VerifyTextPresentKeyword.execute(VerifyTextPresentKeyword.groovy:68)
	at com.kms.katalon.core.keyword.internal.KeywordExecutor.executeKeywordForPlatform(KeywordExecutor.groovy:74)
	at com.kms.katalon.core.webui.keyword.WebUiBuiltInKeywords.verifyTextPresent(WebUiBuiltInKeywords.groovy:1723)
	at com.kms.katalon.core.webui.keyword.WebUiBuiltInKeywords$verifyTextPresent$3.call(Unknown Source)
	at EstimatedTax_MRF_TC.run(EstimatedTax_MRF_TC:64)
	at com.kms.katalon.core.main.ScriptEngine.run(ScriptEngine.java:194)
	at com.kms.katalon.core.main.ScriptEngine.runScriptAsRawText(ScriptEngine.java:119)
	at com.kms.katalon.core.main.TestCaseExecutor.runScript(TestCaseExecutor.java:430)
	at com.kms.katalon.core.main.TestCaseExecutor.doExecute(TestCaseExecutor.java:421)
	at com.kms.katalon.core.main.TestCaseExecutor.processExecutionPhase(TestCaseExecutor.java:400)
	at com.kms.katalon.core.main.TestCaseExecutor.accessMainPhase(TestCaseExecutor.java:392)
	at com.kms.katalon.core.main.TestCaseExecutor.execute(TestCaseExecutor.java:273)
	at com.kms.katalon.core.main.TestSuiteExecutor.accessTestCaseMainPhase(TestSuiteExecutor.java:202)
	at com.kms.katalon.core.main.TestSuiteExecutor.accessTestSuiteMainPhase(TestSuiteExecutor.java:164)
	at com.kms.katalon.core.main.TestSuiteExecutor.execute(TestSuiteExecutor.java:105)
	at com.kms.katalon.core.main.TestCaseMain.startTestSuite(TestCaseMain.java:185)
	at com.kms.katalon.core.main.TestCaseMain$startTestSuite$0.call(Unknown Source)
	at TempTestSuite1636391403401.run(TempTestSuite1636391403401.groovy:36)
)

2021-11-08 12:13:46 - [MESSAGE][FAILED] - Text 'Enter first name' is not present on page  using regular expression (Root cause: com.kms.katalon.core.exception.StepFailedException: Text 'Enter first name' is not present on page  using regular expression
	at com.kms.katalon.core.webui.keyword.internal.WebUIKeywordMain.stepFailed(WebUIKeywordMain.groovy:64)
	at com.kms.katalon.core.webui.keyword.builtin.VerifyTextPresentKeyword$_verifyTextPresent_closure1.doCall(VerifyTextPresentKeyword.groovy:79)
	at com.kms.katalon.core.webui.keyword.builtin.VerifyTextPresentKeyword$_verifyTextPresent_closure1.call(VerifyTextPresentKeyword.groovy)
	at com.kms.katalon.core.webui.keyword.internal.WebUIKeywordMain.runKeyword(WebUIKeywordMain.groovy:20)
	at com.kms.katalon.core.webui.keyword.builtin.VerifyTextPresentKeyword.verifyTextPresent(VerifyTextPresentKeyword.groovy:83)
	at com.kms.katalon.core.webui.keyword.builtin.VerifyTextPresentKeyword.execute(VerifyTextPresentKeyword.groovy:68)
	at com.kms.katalon.core.keyword.internal.KeywordExecutor.executeKeywordForPlatform(KeywordExecutor.groovy:74)
	at com.kms.katalon.core.webui.keyword.WebUiBuiltInKeywords.verifyTextPresent(WebUiBuiltInKeywords.groovy:1723)
	at com.kms.katalon.core.webui.keyword.WebUiBuiltInKeywords$verifyTextPresent$3.call(Unknown Source)
	at EstimatedTax_MRF_TC.run(EstimatedTax_MRF_TC:64)
	at com.kms.katalon.core.main.ScriptEngine.run(ScriptEngine.java:194)
	at com.kms.katalon.core.main.ScriptEngine.runScriptAsRawText(ScriptEngine.java:119)
	at com.kms.katalon.core.main.TestCaseExecutor.runScript(TestCaseExecutor.java:430)
	at com.kms.katalon.core.main.TestCaseExecutor.doExecute(TestCaseExecutor.java:421)
	at com.kms.katalon.core.main.TestCaseExecutor.processExecutionPhase(TestCaseExecutor.java:400)
	at com.kms.katalon.core.main.TestCaseExecutor.accessMainPhase(TestCaseExecutor.java:392)
	at com.kms.katalon.core.main.TestCaseExecutor.execute(TestCaseExecutor.java:273)
	at com.kms.katalon.core.main.TestSuiteExecutor.accessTestCaseMainPhase(TestSuiteExecutor.java:202)
	at com.kms.katalon.core.main.TestSuiteExecutor.accessTestSuiteMainPhase(TestSuiteExecutor.java:164)
	at com.kms.katalon.core.main.TestSuiteExecutor.execute(TestSuiteExecutor.java:105)
	at com.kms.katalon.core.main.TestCaseMain.startTestSuite(TestCaseMain.java:185)
	at com.kms.katalon.core.main.TestCaseMain$startTestSuite$0.call(Unknown Source)
	at TempTestSuite1636391403401.run(TempTestSuite1636391403401.groovy:36)
)

2021-11-08 12:13:46 - [TEST_STEP][FAILED] - verifyTextPresent("Enter address", true): Text 'Enter address' is not present on page  using regular expression (Root cause: com.kms.katalon.core.exception.StepFailedException: Text 'Enter address' is not present on page  using regular expression
	at com.kms.katalon.core.webui.keyword.internal.WebUIKeywordMain.stepFailed(WebUIKeywordMain.groovy:64)
	at com.kms.katalon.core.webui.keyword.builtin.VerifyTextPresentKeyword$_verifyTextPresent_closure1.doCall(VerifyTextPresentKeyword.groovy:79)
	at com.kms.katalon.core.webui.keyword.builtin.VerifyTextPresentKeyword$_verifyTextPresent_closure1.call(VerifyTextPresentKeyword.groovy)
	at com.kms.katalon.core.webui.keyword.internal.WebUIKeywordMain.runKeyword(WebUIKeywordMain.groovy:20)
	at com.kms.katalon.core.webui.keyword.builtin.VerifyTextPresentKeyword.verifyTextPresent(VerifyTextPresentKeyword.groovy:83)
	at com.kms.katalon.core.webui.keyword.builtin.VerifyTextPresentKeyword.execute(VerifyTextPresentKeyword.groovy:68)
	at com.kms.katalon.core.keyword.internal.KeywordExecutor.executeKeywordForPlatform(KeywordExecutor.groovy:74)
	at com.kms.katalon.core.webui.keyword.WebUiBuiltInKeywords.verifyTextPresent(WebUiBuiltInKeywords.groovy:1723)
	at com.kms.katalon.core.webui.keyword.WebUiBuiltInKeywords$verifyTextPresent$3.call(Unknown Source)
	at EstimatedTax_MRF_TC.run(EstimatedTax_MRF_TC:76)
	at com.kms.katalon.core.main.ScriptEngine.run(ScriptEngine.java:194)
	at com.kms.katalon.core.main.ScriptEngine.runScriptAsRawText(ScriptEngine.java:119)
	at com.kms.katalon.core.main.TestCaseExecutor.runScript(TestCaseExecutor.java:430)
	at com.kms.katalon.core.main.TestCaseExecutor.doExecute(TestCaseExecutor.java:421)
	at com.kms.katalon.core.main.TestCaseExecutor.processExecutionPhase(TestCaseExecutor.java:400)
	at com.kms.katalon.core.main.TestCaseExecutor.accessMainPhase(TestCaseExecutor.java:392)
	at com.kms.katalon.core.main.TestCaseExecutor.execute(TestCaseExecutor.java:273)
	at com.kms.katalon.core.main.TestSuiteExecutor.accessTestCaseMainPhase(TestSuiteExecutor.java:202)
	at com.kms.katalon.core.main.TestSuiteExecutor.accessTestSuiteMainPhase(TestSuiteExecutor.java:164)
	at com.kms.katalon.core.main.TestSuiteExecutor.execute(TestSuiteExecutor.java:105)
	at com.kms.katalon.core.main.TestCaseMain.startTestSuite(TestCaseMain.java:185)
	at com.kms.katalon.core.main.TestCaseMain$startTestSuite$0.call(Unknown Source)
	at TempTestSuite1636391403401.run(TempTestSuite1636391403401.groovy:36)
)

2021-11-08 12:13:47 - [MESSAGE][FAILED] - Text 'Enter address' is not present on page  using regular expression (Root cause: com.kms.katalon.core.exception.StepFailedException: Text 'Enter address' is not present on page  using regular expression
	at com.kms.katalon.core.webui.keyword.internal.WebUIKeywordMain.stepFailed(WebUIKeywordMain.groovy:64)
	at com.kms.katalon.core.webui.keyword.builtin.VerifyTextPresentKeyword$_verifyTextPresent_closure1.doCall(VerifyTextPresentKeyword.groovy:79)
	at com.kms.katalon.core.webui.keyword.builtin.VerifyTextPresentKeyword$_verifyTextPresent_closure1.call(VerifyTextPresentKeyword.groovy)
	at com.kms.katalon.core.webui.keyword.internal.WebUIKeywordMain.runKeyword(WebUIKeywordMain.groovy:20)
	at com.kms.katalon.core.webui.keyword.builtin.VerifyTextPresentKeyword.verifyTextPresent(VerifyTextPresentKeyword.groovy:83)
	at com.kms.katalon.core.webui.keyword.builtin.VerifyTextPresentKeyword.execute(VerifyTextPresentKeyword.groovy:68)
	at com.kms.katalon.core.keyword.internal.KeywordExecutor.executeKeywordForPlatform(KeywordExecutor.groovy:74)
	at com.kms.katalon.core.webui.keyword.WebUiBuiltInKeywords.verifyTextPresent(WebUiBuiltInKeywords.groovy:1723)
	at com.kms.katalon.core.webui.keyword.WebUiBuiltInKeywords$verifyTextPresent$3.call(Unknown Source)
	at EstimatedTax_MRF_TC.run(EstimatedTax_MRF_TC:76)
	at com.kms.katalon.core.main.ScriptEngine.run(ScriptEngine.java:194)
	at com.kms.katalon.core.main.ScriptEngine.runScriptAsRawText(ScriptEngine.java:119)
	at com.kms.katalon.core.main.TestCaseExecutor.runScript(TestCaseExecutor.java:430)
	at com.kms.katalon.core.main.TestCaseExecutor.doExecute(TestCaseExecutor.java:421)
	at com.kms.katalon.core.main.TestCaseExecutor.processExecutionPhase(TestCaseExecutor.java:400)
	at com.kms.katalon.core.main.TestCaseExecutor.accessMainPhase(TestCaseExecutor.java:392)
	at com.kms.katalon.core.main.TestCaseExecutor.execute(TestCaseExecutor.java:273)
	at com.kms.katalon.core.main.TestSuiteExecutor.accessTestCaseMainPhase(TestSuiteExecutor.java:202)
	at com.kms.katalon.core.main.TestSuiteExecutor.accessTestSuiteMainPhase(TestSuiteExecutor.java:164)
	at com.kms.katalon.core.main.TestSuiteExecutor.execute(TestSuiteExecutor.java:105)
	at com.kms.katalon.core.main.TestCaseMain.startTestSuite(TestCaseMain.java:185)
	at com.kms.katalon.core.main.TestCaseMain$startTestSuite$0.call(Unknown Source)
	at TempTestSuite1636391403401.run(TempTestSuite1636391403401.groovy:36)
)

2021-11-08 12:13:47 - [TEST_STEP][FAILED] - verifyTextPresent("Enter city", true): Text 'Enter city' is not present on page  using regular expression (Root cause: com.kms.katalon.core.exception.StepFailedException: Text 'Enter city' is not present on page  using regular expression
	at com.kms.katalon.core.webui.keyword.internal.WebUIKeywordMain.stepFailed(WebUIKeywordMain.groovy:64)
	at com.kms.katalon.core.webui.keyword.builtin.VerifyTextPresentKeyword$_verifyTextPresent_closure1.doCall(VerifyTextPresentKeyword.groovy:79)
	at com.kms.katalon.core.webui.keyword.builtin.VerifyTextPresentKeyword$_verifyTextPresent_closure1.call(VerifyTextPresentKeyword.groovy)
	at com.kms.katalon.core.webui.keyword.internal.WebUIKeywordMain.runKeyword(WebUIKeywordMain.groovy:20)
	at com.kms.katalon.core.webui.keyword.builtin.VerifyTextPresentKeyword.verifyTextPresent(VerifyTextPresentKeyword.groovy:83)
	at com.kms.katalon.core.webui.keyword.builtin.VerifyTextPresentKeyword.execute(VerifyTextPresentKeyword.groovy:68)
	at com.kms.katalon.core.keyword.internal.KeywordExecutor.executeKeywordForPlatform(KeywordExecutor.groovy:74)
	at com.kms.katalon.core.webui.keyword.WebUiBuiltInKeywords.verifyTextPresent(WebUiBuiltInKeywords.groovy:1723)
	at com.kms.katalon.core.webui.keyword.WebUiBuiltInKeywords$verifyTextPresent$3.call(Unknown Source)
	at EstimatedTax_MRF_TC.run(EstimatedTax_MRF_TC:78)
	at com.kms.katalon.core.main.ScriptEngine.run(ScriptEngine.java:194)
	at com.kms.katalon.core.main.ScriptEngine.runScriptAsRawText(ScriptEngine.java:119)
	at com.kms.katalon.core.main.TestCaseExecutor.runScript(TestCaseExecutor.java:430)
	at com.kms.katalon.core.main.TestCaseExecutor.doExecute(TestCaseExecutor.java:421)
	at com.kms.katalon.core.main.TestCaseExecutor.processExecutionPhase(TestCaseExecutor.java:400)
	at com.kms.katalon.core.main.TestCaseExecutor.accessMainPhase(TestCaseExecutor.java:392)
	at com.kms.katalon.core.main.TestCaseExecutor.execute(TestCaseExecutor.java:273)
	at com.kms.katalon.core.main.TestSuiteExecutor.accessTestCaseMainPhase(TestSuiteExecutor.java:202)
	at com.kms.katalon.core.main.TestSuiteExecutor.accessTestSuiteMainPhase(TestSuiteExecutor.java:164)
	at com.kms.katalon.core.main.TestSuiteExecutor.execute(TestSuiteExecutor.java:105)
	at com.kms.katalon.core.main.TestCaseMain.startTestSuite(TestCaseMain.java:185)
	at com.kms.katalon.core.main.TestCaseMain$startTestSuite$0.call(Unknown Source)
	at TempTestSuite1636391403401.run(TempTestSuite1636391403401.groovy:36)
)

2021-11-08 12:13:47 - [MESSAGE][FAILED] - Text 'Enter city' is not present on page  using regular expression (Root cause: com.kms.katalon.core.exception.StepFailedException: Text 'Enter city' is not present on page  using regular expression
	at com.kms.katalon.core.webui.keyword.internal.WebUIKeywordMain.stepFailed(WebUIKeywordMain.groovy:64)
	at com.kms.katalon.core.webui.keyword.builtin.VerifyTextPresentKeyword$_verifyTextPresent_closure1.doCall(VerifyTextPresentKeyword.groovy:79)
	at com.kms.katalon.core.webui.keyword.builtin.VerifyTextPresentKeyword$_verifyTextPresent_closure1.call(VerifyTextPresentKeyword.groovy)
	at com.kms.katalon.core.webui.keyword.internal.WebUIKeywordMain.runKeyword(WebUIKeywordMain.groovy:20)
	at com.kms.katalon.core.webui.keyword.builtin.VerifyTextPresentKeyword.verifyTextPresent(VerifyTextPresentKeyword.groovy:83)
	at com.kms.katalon.core.webui.keyword.builtin.VerifyTextPresentKeyword.execute(VerifyTextPresentKeyword.groovy:68)
	at com.kms.katalon.core.keyword.internal.KeywordExecutor.executeKeywordForPlatform(KeywordExecutor.groovy:74)
	at com.kms.katalon.core.webui.keyword.WebUiBuiltInKeywords.verifyTextPresent(WebUiBuiltInKeywords.groovy:1723)
	at com.kms.katalon.core.webui.keyword.WebUiBuiltInKeywords$verifyTextPresent$3.call(Unknown Source)
	at EstimatedTax_MRF_TC.run(EstimatedTax_MRF_TC:78)
	at com.kms.katalon.core.main.ScriptEngine.run(ScriptEngine.java:194)
	at com.kms.katalon.core.main.ScriptEngine.runScriptAsRawText(ScriptEngine.java:119)
	at com.kms.katalon.core.main.TestCaseExecutor.runScript(TestCaseExecutor.java:430)
	at com.kms.katalon.core.main.TestCaseExecutor.doExecute(TestCaseExecutor.java:421)
	at com.kms.katalon.core.main.TestCaseExecutor.processExecutionPhase(TestCaseExecutor.java:400)
	at com.kms.katalon.core.main.TestCaseExecutor.accessMainPhase(TestCaseExecutor.java:392)
	at com.kms.katalon.core.main.TestCaseExecutor.execute(TestCaseExecutor.java:273)
	at com.kms.katalon.core.main.TestSuiteExecutor.accessTestCaseMainPhase(TestSuiteExecutor.java:202)
	at com.kms.katalon.core.main.TestSuiteExecutor.accessTestSuiteMainPhase(TestSuiteExecutor.java:164)
	at com.kms.katalon.core.main.TestSuiteExecutor.execute(TestSuiteExecutor.java:105)
	at com.kms.katalon.core.main.TestCaseMain.startTestSuite(TestCaseMain.java:185)
	at com.kms.katalon.core.main.TestCaseMain$startTestSuite$0.call(Unknown Source)
	at TempTestSuite1636391403401.run(TempTestSuite1636391403401.groovy:36)
)

2021-11-08 12:13:47 - [TEST_STEP][FAILED] - verifyTextPresent("Select a state", true): Text 'Select a state' is not present on page  using regular expression (Root cause: com.kms.katalon.core.exception.StepFailedException: Text 'Select a state' is not present on page  using regular expression
	at com.kms.katalon.core.webui.keyword.internal.WebUIKeywordMain.stepFailed(WebUIKeywordMain.groovy:64)
	at com.kms.katalon.core.webui.keyword.builtin.VerifyTextPresentKeyword$_verifyTextPresent_closure1.doCall(VerifyTextPresentKeyword.groovy:79)
	at com.kms.katalon.core.webui.keyword.builtin.VerifyTextPresentKeyword$_verifyTextPresent_closure1.call(VerifyTextPresentKeyword.groovy)
	at com.kms.katalon.core.webui.keyword.internal.WebUIKeywordMain.runKeyword(WebUIKeywordMain.groovy:20)
	at com.kms.katalon.core.webui.keyword.builtin.VerifyTextPresentKeyword.verifyTextPresent(VerifyTextPresentKeyword.groovy:83)
	at com.kms.katalon.core.webui.keyword.builtin.VerifyTextPresentKeyword.execute(VerifyTextPresentKeyword.groovy:68)
	at com.kms.katalon.core.keyword.internal.KeywordExecutor.executeKeywordForPlatform(KeywordExecutor.groovy:74)
	at com.kms.katalon.core.webui.keyword.WebUiBuiltInKeywords.verifyTextPresent(WebUiBuiltInKeywords.groovy:1723)
	at com.kms.katalon.core.webui.keyword.WebUiBuiltInKeywords$verifyTextPresent$3.call(Unknown Source)
	at EstimatedTax_MRF_TC.run(EstimatedTax_MRF_TC:80)
	at com.kms.katalon.core.main.ScriptEngine.run(ScriptEngine.java:194)
	at com.kms.katalon.core.main.ScriptEngine.runScriptAsRawText(ScriptEngine.java:119)
	at com.kms.katalon.core.main.TestCaseExecutor.runScript(TestCaseExecutor.java:430)
	at com.kms.katalon.core.main.TestCaseExecutor.doExecute(TestCaseExecutor.java:421)
	at com.kms.katalon.core.main.TestCaseExecutor.processExecutionPhase(TestCaseExecutor.java:400)
	at com.kms.katalon.core.main.TestCaseExecutor.accessMainPhase(TestCaseExecutor.java:392)
	at com.kms.katalon.core.main.TestCaseExecutor.execute(TestCaseExecutor.java:273)
	at com.kms.katalon.core.main.TestSuiteExecutor.accessTestCaseMainPhase(TestSuiteExecutor.java:202)
	at com.kms.katalon.core.main.TestSuiteExecutor.accessTestSuiteMainPhase(TestSuiteExecutor.java:164)
	at com.kms.katalon.core.main.TestSuiteExecutor.execute(TestSuiteExecutor.java:105)
	at com.kms.katalon.core.main.TestCaseMain.startTestSuite(TestCaseMain.java:185)
	at com.kms.katalon.core.main.TestCaseMain$startTestSuite$0.call(Unknown Source)
	at TempTestSuite1636391403401.run(TempTestSuite1636391403401.groovy:36)
)

2021-11-08 12:13:47 - [MESSAGE][FAILED] - Text 'Select a state' is not present on page  using regular expression (Root cause: com.kms.katalon.core.exception.StepFailedException: Text 'Select a state' is not present on page  using regular expression
	at com.kms.katalon.core.webui.keyword.internal.WebUIKeywordMain.stepFailed(WebUIKeywordMain.groovy:64)
	at com.kms.katalon.core.webui.keyword.builtin.VerifyTextPresentKeyword$_verifyTextPresent_closure1.doCall(VerifyTextPresentKeyword.groovy:79)
	at com.kms.katalon.core.webui.keyword.builtin.VerifyTextPresentKeyword$_verifyTextPresent_closure1.call(VerifyTextPresentKeyword.groovy)
	at com.kms.katalon.core.webui.keyword.internal.WebUIKeywordMain.runKeyword(WebUIKeywordMain.groovy:20)
	at com.kms.katalon.core.webui.keyword.builtin.VerifyTextPresentKeyword.verifyTextPresent(VerifyTextPresentKeyword.groovy:83)
	at com.kms.katalon.core.webui.keyword.builtin.VerifyTextPresentKeyword.execute(VerifyTextPresentKeyword.groovy:68)
	at com.kms.katalon.core.keyword.internal.KeywordExecutor.executeKeywordForPlatform(KeywordExecutor.groovy:74)
	at com.kms.katalon.core.webui.keyword.WebUiBuiltInKeywords.verifyTextPresent(WebUiBuiltInKeywords.groovy:1723)
	at com.kms.katalon.core.webui.keyword.WebUiBuiltInKeywords$verifyTextPresent$3.call(Unknown Source)
	at EstimatedTax_MRF_TC.run(EstimatedTax_MRF_TC:80)
	at com.kms.katalon.core.main.ScriptEngine.run(ScriptEngine.java:194)
	at com.kms.katalon.core.main.ScriptEngine.runScriptAsRawText(ScriptEngine.java:119)
	at com.kms.katalon.core.main.TestCaseExecutor.runScript(TestCaseExecutor.java:430)
	at com.kms.katalon.core.main.TestCaseExecutor.doExecute(TestCaseExecutor.java:421)
	at com.kms.katalon.core.main.TestCaseExecutor.processExecutionPhase(TestCaseExecutor.java:400)
	at com.kms.katalon.core.main.TestCaseExecutor.accessMainPhase(TestCaseExecutor.java:392)
	at com.kms.katalon.core.main.TestCaseExecutor.execute(TestCaseExecutor.java:273)
	at com.kms.katalon.core.main.TestSuiteExecutor.accessTestCaseMainPhase(TestSuiteExecutor.java:202)
	at com.kms.katalon.core.main.TestSuiteExecutor.accessTestSuiteMainPhase(TestSuiteExecutor.java:164)
	at com.kms.katalon.core.main.TestSuiteExecutor.execute(TestSuiteExecutor.java:105)
	at com.kms.katalon.core.main.TestCaseMain.startTestSuite(TestCaseMain.java:185)
	at com.kms.katalon.core.main.TestCaseMain$startTestSuite$0.call(Unknown Source)
	at TempTestSuite1636391403401.run(TempTestSuite1636391403401.groovy:36)
)

2021-11-08 12:13:47 - [TEST_STEP][FAILED] - verifyTextPresent("Enter ZIP code", true): Text 'Enter ZIP code' is not present on page  using regular expression (Root cause: com.kms.katalon.core.exception.StepFailedException: Text 'Enter ZIP code' is not present on page  using regular expression
	at com.kms.katalon.core.webui.keyword.internal.WebUIKeywordMain.stepFailed(WebUIKeywordMain.groovy:64)
	at com.kms.katalon.core.webui.keyword.builtin.VerifyTextPresentKeyword$_verifyTextPresent_closure1.doCall(VerifyTextPresentKeyword.groovy:79)
	at com.kms.katalon.core.webui.keyword.builtin.VerifyTextPresentKeyword$_verifyTextPresent_closure1.call(VerifyTextPresentKeyword.groovy)
	at com.kms.katalon.core.webui.keyword.internal.WebUIKeywordMain.runKeyword(WebUIKeywordMain.groovy:20)
	at com.kms.katalon.core.webui.keyword.builtin.VerifyTextPresentKeyword.verifyTextPresent(VerifyTextPresentKeyword.groovy:83)
	at com.kms.katalon.core.webui.keyword.builtin.VerifyTextPresentKeyword.execute(VerifyTextPresentKeyword.groovy:68)
	at com.kms.katalon.core.keyword.internal.KeywordExecutor.executeKeywordForPlatform(KeywordExecutor.groovy:74)
	at com.kms.katalon.core.webui.keyword.WebUiBuiltInKeywords.verifyTextPresent(WebUiBuiltInKeywords.groovy:1723)
	at com.kms.katalon.core.webui.keyword.WebUiBuiltInKeywords$verifyTextPresent$3.call(Unknown Source)
	at EstimatedTax_MRF_TC.run(EstimatedTax_MRF_TC:82)
	at com.kms.katalon.core.main.ScriptEngine.run(ScriptEngine.java:194)
	at com.kms.katalon.core.main.ScriptEngine.runScriptAsRawText(ScriptEngine.java:119)
	at com.kms.katalon.core.main.TestCaseExecutor.runScript(TestCaseExecutor.java:430)
	at com.kms.katalon.core.main.TestCaseExecutor.doExecute(TestCaseExecutor.java:421)
	at com.kms.katalon.core.main.TestCaseExecutor.processExecutionPhase(TestCaseExecutor.java:400)
	at com.kms.katalon.core.main.TestCaseExecutor.accessMainPhase(TestCaseExecutor.java:392)
	at com.kms.katalon.core.main.TestCaseExecutor.execute(TestCaseExecutor.java:273)
	at com.kms.katalon.core.main.TestSuiteExecutor.accessTestCaseMainPhase(TestSuiteExecutor.java:202)
	at com.kms.katalon.core.main.TestSuiteExecutor.accessTestSuiteMainPhase(TestSuiteExecutor.java:164)
	at com.kms.katalon.core.main.TestSuiteExecutor.execute(TestSuiteExecutor.java:105)
	at com.kms.katalon.core.main.TestCaseMain.startTestSuite(TestCaseMain.java:185)
	at com.kms.katalon.core.main.TestCaseMain$startTestSuite$0.call(Unknown Source)
	at TempTestSuite1636391403401.run(TempTestSuite1636391403401.groovy:36)
)

2021-11-08 12:13:48 - [MESSAGE][FAILED] - Text 'Enter ZIP code' is not present on page  using regular expression (Root cause: com.kms.katalon.core.exception.StepFailedException: Text 'Enter ZIP code' is not present on page  using regular expression
	at com.kms.katalon.core.webui.keyword.internal.WebUIKeywordMain.stepFailed(WebUIKeywordMain.groovy:64)
	at com.kms.katalon.core.webui.keyword.builtin.VerifyTextPresentKeyword$_verifyTextPresent_closure1.doCall(VerifyTextPresentKeyword.groovy:79)
	at com.kms.katalon.core.webui.keyword.builtin.VerifyTextPresentKeyword$_verifyTextPresent_closure1.call(VerifyTextPresentKeyword.groovy)
	at com.kms.katalon.core.webui.keyword.internal.WebUIKeywordMain.runKeyword(WebUIKeywordMain.groovy:20)
	at com.kms.katalon.core.webui.keyword.builtin.VerifyTextPresentKeyword.verifyTextPresent(VerifyTextPresentKeyword.groovy:83)
	at com.kms.katalon.core.webui.keyword.builtin.VerifyTextPresentKeyword.execute(VerifyTextPresentKeyword.groovy:68)
	at com.kms.katalon.core.keyword.internal.KeywordExecutor.executeKeywordForPlatform(KeywordExecutor.groovy:74)
	at com.kms.katalon.core.webui.keyword.WebUiBuiltInKeywords.verifyTextPresent(WebUiBuiltInKeywords.groovy:1723)
	at com.kms.katalon.core.webui.keyword.WebUiBuiltInKeywords$verifyTextPresent$3.call(Unknown Source)
	at EstimatedTax_MRF_TC.run(EstimatedTax_MRF_TC:82)
	at com.kms.katalon.core.main.ScriptEngine.run(ScriptEngine.java:194)
	at com.kms.katalon.core.main.ScriptEngine.runScriptAsRawText(ScriptEngine.java:119)
	at com.kms.katalon.core.main.TestCaseExecutor.runScript(TestCaseExecutor.java:430)
	at com.kms.katalon.core.main.TestCaseExecutor.doExecute(TestCaseExecutor.java:421)
	at com.kms.katalon.core.main.TestCaseExecutor.processExecutionPhase(TestCaseExecutor.java:400)
	at com.kms.katalon.core.main.TestCaseExecutor.accessMainPhase(TestCaseExecutor.java:392)
	at com.kms.katalon.core.main.TestCaseExecutor.execute(TestCaseExecutor.java:273)
	at com.kms.katalon.core.main.TestSuiteExecutor.accessTestCaseMainPhase(TestSuiteExecutor.java:202)
	at com.kms.katalon.core.main.TestSuiteExecutor.accessTestSuiteMainPhase(TestSuiteExecutor.java:164)
	at com.kms.katalon.core.main.TestSuiteExecutor.execute(TestSuiteExecutor.java:105)
	at com.kms.katalon.core.main.TestCaseMain.startTestSuite(TestCaseMain.java:185)
	at com.kms.katalon.core.main.TestCaseMain$startTestSuite$0.call(Unknown Source)
	at TempTestSuite1636391403401.run(TempTestSuite1636391403401.groovy:36)
)

2021-11-08 12:13:48 - [TEST_STEP][FAILED] - verifyTextPresent("Enter a phone number", true): Text 'Enter a phone number' is not present on page  using regular expression (Root cause: com.kms.katalon.core.exception.StepFailedException: Text 'Enter a phone number' is not present on page  using regular expression
	at com.kms.katalon.core.webui.keyword.internal.WebUIKeywordMain.stepFailed(WebUIKeywordMain.groovy:64)
	at com.kms.katalon.core.webui.keyword.builtin.VerifyTextPresentKeyword$_verifyTextPresent_closure1.doCall(VerifyTextPresentKeyword.groovy:79)
	at com.kms.katalon.core.webui.keyword.builtin.VerifyTextPresentKeyword$_verifyTextPresent_closure1.call(VerifyTextPresentKeyword.groovy)
	at com.kms.katalon.core.webui.keyword.internal.WebUIKeywordMain.runKeyword(WebUIKeywordMain.groovy:20)
	at com.kms.katalon.core.webui.keyword.builtin.VerifyTextPresentKeyword.verifyTextPresent(VerifyTextPresentKeyword.groovy:83)
	at com.kms.katalon.core.webui.keyword.builtin.VerifyTextPresentKeyword.execute(VerifyTextPresentKeyword.groovy:68)
	at com.kms.katalon.core.keyword.internal.KeywordExecutor.executeKeywordForPlatform(KeywordExecutor.groovy:74)
	at com.kms.katalon.core.webui.keyword.WebUiBuiltInKeywords.verifyTextPresent(WebUiBuiltInKeywords.groovy:1723)
	at com.kms.katalon.core.webui.keyword.WebUiBuiltInKeywords$verifyTextPresent$3.call(Unknown Source)
	at EstimatedTax_MRF_TC.run(EstimatedTax_MRF_TC:84)
	at com.kms.katalon.core.main.ScriptEngine.run(ScriptEngine.java:194)
	at com.kms.katalon.core.main.ScriptEngine.runScriptAsRawText(ScriptEngine.java:119)
	at com.kms.katalon.core.main.TestCaseExecutor.runScript(TestCaseExecutor.java:430)
	at com.kms.katalon.core.main.TestCaseExecutor.doExecute(TestCaseExecutor.java:421)
	at com.kms.katalon.core.main.TestCaseExecutor.processExecutionPhase(TestCaseExecutor.java:400)
	at com.kms.katalon.core.main.TestCaseExecutor.accessMainPhase(TestCaseExecutor.java:392)
	at com.kms.katalon.core.main.TestCaseExecutor.execute(TestCaseExecutor.java:273)
	at com.kms.katalon.core.main.TestSuiteExecutor.accessTestCaseMainPhase(TestSuiteExecutor.java:202)
	at com.kms.katalon.core.main.TestSuiteExecutor.accessTestSuiteMainPhase(TestSuiteExecutor.java:164)
	at com.kms.katalon.core.main.TestSuiteExecutor.execute(TestSuiteExecutor.java:105)
	at com.kms.katalon.core.main.TestCaseMain.startTestSuite(TestCaseMain.java:185)
	at com.kms.katalon.core.main.TestCaseMain$startTestSuite$0.call(Unknown Source)
	at TempTestSuite1636391403401.run(TempTestSuite1636391403401.groovy:36)
)

2021-11-08 12:13:48 - [MESSAGE][FAILED] - Text 'Enter a phone number' is not present on page  using regular expression (Root cause: com.kms.katalon.core.exception.StepFailedException: Text 'Enter a phone number' is not present on page  using regular expression
	at com.kms.katalon.core.webui.keyword.internal.WebUIKeywordMain.stepFailed(WebUIKeywordMain.groovy:64)
	at com.kms.katalon.core.webui.keyword.builtin.VerifyTextPresentKeyword$_verifyTextPresent_closure1.doCall(VerifyTextPresentKeyword.groovy:79)
	at com.kms.katalon.core.webui.keyword.builtin.VerifyTextPresentKeyword$_verifyTextPresent_closure1.call(VerifyTextPresentKeyword.groovy)
	at com.kms.katalon.core.webui.keyword.internal.WebUIKeywordMain.runKeyword(WebUIKeywordMain.groovy:20)
	at com.kms.katalon.core.webui.keyword.builtin.VerifyTextPresentKeyword.verifyTextPresent(VerifyTextPresentKeyword.groovy:83)
	at com.kms.katalon.core.webui.keyword.builtin.VerifyTextPresentKeyword.execute(VerifyTextPresentKeyword.groovy:68)
	at com.kms.katalon.core.keyword.internal.KeywordExecutor.executeKeywordForPlatform(KeywordExecutor.groovy:74)
	at com.kms.katalon.core.webui.keyword.WebUiBuiltInKeywords.verifyTextPresent(WebUiBuiltInKeywords.groovy:1723)
	at com.kms.katalon.core.webui.keyword.WebUiBuiltInKeywords$verifyTextPresent$3.call(Unknown Source)
	at EstimatedTax_MRF_TC.run(EstimatedTax_MRF_TC:84)
	at com.kms.katalon.core.main.ScriptEngine.run(ScriptEngine.java:194)
	at com.kms.katalon.core.main.ScriptEngine.runScriptAsRawText(ScriptEngine.java:119)
	at com.kms.katalon.core.main.TestCaseExecutor.runScript(TestCaseExecutor.java:430)
	at com.kms.katalon.core.main.TestCaseExecutor.doExecute(TestCaseExecutor.java:421)
	at com.kms.katalon.core.main.TestCaseExecutor.processExecutionPhase(TestCaseExecutor.java:400)
	at com.kms.katalon.core.main.TestCaseExecutor.accessMainPhase(TestCaseExecutor.java:392)
	at com.kms.katalon.core.main.TestCaseExecutor.execute(TestCaseExecutor.java:273)
	at com.kms.katalon.core.main.TestSuiteExecutor.accessTestCaseMainPhase(TestSuiteExecutor.java:202)
	at com.kms.katalon.core.main.TestSuiteExecutor.accessTestSuiteMainPhase(TestSuiteExecutor.java:164)
	at com.kms.katalon.core.main.TestSuiteExecutor.execute(TestSuiteExecutor.java:105)
	at com.kms.katalon.core.main.TestCaseMain.startTestSuite(TestCaseMain.java:185)
	at com.kms.katalon.core.main.TestCaseMain$startTestSuite$0.call(Unknown Source)
	at TempTestSuite1636391403401.run(TempTestSuite1636391403401.groovy:36)
)

2021-11-08 12:13:48 - [TEST_STEP][FAILED] - verifyTextPresent("Enter Email", true): Text 'Enter Email' is not present on page  using regular expression (Root cause: com.kms.katalon.core.exception.StepFailedException: Text 'Enter Email' is not present on page  using regular expression
	at com.kms.katalon.core.webui.keyword.internal.WebUIKeywordMain.stepFailed(WebUIKeywordMain.groovy:64)
	at com.kms.katalon.core.webui.keyword.builtin.VerifyTextPresentKeyword$_verifyTextPresent_closure1.doCall(VerifyTextPresentKeyword.groovy:79)
	at com.kms.katalon.core.webui.keyword.builtin.VerifyTextPresentKeyword$_verifyTextPresent_closure1.call(VerifyTextPresentKeyword.groovy)
	at com.kms.katalon.core.webui.keyword.internal.WebUIKeywordMain.runKeyword(WebUIKeywordMain.groovy:20)
	at com.kms.katalon.core.webui.keyword.builtin.VerifyTextPresentKeyword.verifyTextPresent(VerifyTextPresentKeyword.groovy:83)
	at com.kms.katalon.core.webui.keyword.builtin.VerifyTextPresentKeyword.execute(VerifyTextPresentKeyword.groovy:68)
	at com.kms.katalon.core.keyword.internal.KeywordExecutor.executeKeywordForPlatform(KeywordExecutor.groovy:74)
	at com.kms.katalon.core.webui.keyword.WebUiBuiltInKeywords.verifyTextPresent(WebUiBuiltInKeywords.groovy:1723)
	at com.kms.katalon.core.webui.keyword.WebUiBuiltInKeywords$verifyTextPresent$3.call(Unknown Source)
	at EstimatedTax_MRF_TC.run(EstimatedTax_MRF_TC:86)
	at com.kms.katalon.core.main.ScriptEngine.run(ScriptEngine.java:194)
	at com.kms.katalon.core.main.ScriptEngine.runScriptAsRawText(ScriptEngine.java:119)
	at com.kms.katalon.core.main.TestCaseExecutor.runScript(TestCaseExecutor.java:430)
	at com.kms.katalon.core.main.TestCaseExecutor.doExecute(TestCaseExecutor.java:421)
	at com.kms.katalon.core.main.TestCaseExecutor.processExecutionPhase(TestCaseExecutor.java:400)
	at com.kms.katalon.core.main.TestCaseExecutor.accessMainPhase(TestCaseExecutor.java:392)
	at com.kms.katalon.core.main.TestCaseExecutor.execute(TestCaseExecutor.java:273)
	at com.kms.katalon.core.main.TestSuiteExecutor.accessTestCaseMainPhase(TestSuiteExecutor.java:202)
	at com.kms.katalon.core.main.TestSuiteExecutor.accessTestSuiteMainPhase(TestSuiteExecutor.java:164)
	at com.kms.katalon.core.main.TestSuiteExecutor.execute(TestSuiteExecutor.java:105)
	at com.kms.katalon.core.main.TestCaseMain.startTestSuite(TestCaseMain.java:185)
	at com.kms.katalon.core.main.TestCaseMain$startTestSuite$0.call(Unknown Source)
	at TempTestSuite1636391403401.run(TempTestSuite1636391403401.groovy:36)
)

2021-11-08 12:13:48 - [MESSAGE][FAILED] - Text 'Enter Email' is not present on page  using regular expression (Root cause: com.kms.katalon.core.exception.StepFailedException: Text 'Enter Email' is not present on page  using regular expression
	at com.kms.katalon.core.webui.keyword.internal.WebUIKeywordMain.stepFailed(WebUIKeywordMain.groovy:64)
	at com.kms.katalon.core.webui.keyword.builtin.VerifyTextPresentKeyword$_verifyTextPresent_closure1.doCall(VerifyTextPresentKeyword.groovy:79)
	at com.kms.katalon.core.webui.keyword.builtin.VerifyTextPresentKeyword$_verifyTextPresent_closure1.call(VerifyTextPresentKeyword.groovy)
	at com.kms.katalon.core.webui.keyword.internal.WebUIKeywordMain.runKeyword(WebUIKeywordMain.groovy:20)
	at com.kms.katalon.core.webui.keyword.builtin.VerifyTextPresentKeyword.verifyTextPresent(VerifyTextPresentKeyword.groovy:83)
	at com.kms.katalon.core.webui.keyword.builtin.VerifyTextPresentKeyword.execute(VerifyTextPresentKeyword.groovy:68)
	at com.kms.katalon.core.keyword.internal.KeywordExecutor.executeKeywordForPlatform(KeywordExecutor.groovy:74)
	at com.kms.katalon.core.webui.keyword.WebUiBuiltInKeywords.verifyTextPresent(WebUiBuiltInKeywords.groovy:1723)
	at com.kms.katalon.core.webui.keyword.WebUiBuiltInKeywords$verifyTextPresent$3.call(Unknown Source)
	at EstimatedTax_MRF_TC.run(EstimatedTax_MRF_TC:86)
	at com.kms.katalon.core.main.ScriptEngine.run(ScriptEngine.java:194)
	at com.kms.katalon.core.main.ScriptEngine.runScriptAsRawText(ScriptEngine.java:119)
	at com.kms.katalon.core.main.TestCaseExecutor.runScript(TestCaseExecutor.java:430)
	at com.kms.katalon.core.main.TestCaseExecutor.doExecute(TestCaseExecutor.java:421)
	at com.kms.katalon.core.main.TestCaseExecutor.processExecutionPhase(TestCaseExecutor.java:400)
	at com.kms.katalon.core.main.TestCaseExecutor.accessMainPhase(TestCaseExecutor.java:392)
	at com.kms.katalon.core.main.TestCaseExecutor.execute(TestCaseExecutor.java:273)
	at com.kms.katalon.core.main.TestSuiteExecutor.accessTestCaseMainPhase(TestSuiteExecutor.java:202)
	at com.kms.katalon.core.main.TestSuiteExecutor.accessTestSuiteMainPhase(TestSuiteExecutor.java:164)
	at com.kms.katalon.core.main.TestSuiteExecutor.execute(TestSuiteExecutor.java:105)
	at com.kms.katalon.core.main.TestCaseMain.startTestSuite(TestCaseMain.java:185)
	at com.kms.katalon.core.main.TestCaseMain$startTestSuite$0.call(Unknown Source)
	at TempTestSuite1636391403401.run(TempTestSuite1636391403401.groovy:36)
)

2021-11-08 12:13:48 - [TEST_STEP][FAILED] - verifyTextPresent("The Email and Re-enter email do not match", true): Text 'The Email and Re-enter email do not match' is not present on page  using regular expression (Root cause: com.kms.katalon.core.exception.StepFailedException: Text 'The Email and Re-enter email do not match' is not present on page  using regular expression
	at com.kms.katalon.core.webui.keyword.internal.WebUIKeywordMain.stepFailed(WebUIKeywordMain.groovy:64)
	at com.kms.katalon.core.webui.keyword.builtin.VerifyTextPresentKeyword$_verifyTextPresent_closure1.doCall(VerifyTextPresentKeyword.groovy:79)
	at com.kms.katalon.core.webui.keyword.builtin.VerifyTextPresentKeyword$_verifyTextPresent_closure1.call(VerifyTextPresentKeyword.groovy)
	at com.kms.katalon.core.webui.keyword.internal.WebUIKeywordMain.runKeyword(WebUIKeywordMain.groovy:20)
	at com.kms.katalon.core.webui.keyword.builtin.VerifyTextPresentKeyword.verifyTextPresent(VerifyTextPresentKeyword.groovy:83)
	at com.kms.katalon.core.webui.keyword.builtin.VerifyTextPresentKeyword.execute(VerifyTextPresentKeyword.groovy:68)
	at com.kms.katalon.core.keyword.internal.KeywordExecutor.executeKeywordForPlatform(KeywordExecutor.groovy:74)
	at com.kms.katalon.core.webui.keyword.WebUiBuiltInKeywords.verifyTextPresent(WebUiBuiltInKeywords.groovy:1723)
	at com.kms.katalon.core.webui.keyword.WebUiBuiltInKeywords$verifyTextPresent$3.call(Unknown Source)
	at EstimatedTax_MRF_TC.run(EstimatedTax_MRF_TC:88)
	at com.kms.katalon.core.main.ScriptEngine.run(ScriptEngine.java:194)
	at com.kms.katalon.core.main.ScriptEngine.runScriptAsRawText(ScriptEngine.java:119)
	at com.kms.katalon.core.main.TestCaseExecutor.runScript(TestCaseExecutor.java:430)
	at com.kms.katalon.core.main.TestCaseExecutor.doExecute(TestCaseExecutor.java:421)
	at com.kms.katalon.core.main.TestCaseExecutor.processExecutionPhase(TestCaseExecutor.java:400)
	at com.kms.katalon.core.main.TestCaseExecutor.accessMainPhase(TestCaseExecutor.java:392)
	at com.kms.katalon.core.main.TestCaseExecutor.execute(TestCaseExecutor.java:273)
	at com.kms.katalon.core.main.TestSuiteExecutor.accessTestCaseMainPhase(TestSuiteExecutor.java:202)
	at com.kms.katalon.core.main.TestSuiteExecutor.accessTestSuiteMainPhase(TestSuiteExecutor.java:164)
	at com.kms.katalon.core.main.TestSuiteExecutor.execute(TestSuiteExecutor.java:105)
	at com.kms.katalon.core.main.TestCaseMain.startTestSuite(TestCaseMain.java:185)
	at com.kms.katalon.core.main.TestCaseMain$startTestSuite$0.call(Unknown Source)
	at TempTestSuite1636391403401.run(TempTestSuite1636391403401.groovy:36)
)

2021-11-08 12:13:49 - [MESSAGE][FAILED] - Text 'The Email and Re-enter email do not match' is not present on page  using regular expression (Root cause: com.kms.katalon.core.exception.StepFailedException: Text 'The Email and Re-enter email do not match' is not present on page  using regular expression
	at com.kms.katalon.core.webui.keyword.internal.WebUIKeywordMain.stepFailed(WebUIKeywordMain.groovy:64)
	at com.kms.katalon.core.webui.keyword.builtin.VerifyTextPresentKeyword$_verifyTextPresent_closure1.doCall(VerifyTextPresentKeyword.groovy:79)
	at com.kms.katalon.core.webui.keyword.builtin.VerifyTextPresentKeyword$_verifyTextPresent_closure1.call(VerifyTextPresentKeyword.groovy)
	at com.kms.katalon.core.webui.keyword.internal.WebUIKeywordMain.runKeyword(WebUIKeywordMain.groovy:20)
	at com.kms.katalon.core.webui.keyword.builtin.VerifyTextPresentKeyword.verifyTextPresent(VerifyTextPresentKeyword.groovy:83)
	at com.kms.katalon.core.webui.keyword.builtin.VerifyTextPresentKeyword.execute(VerifyTextPresentKeyword.groovy:68)
	at com.kms.katalon.core.keyword.internal.KeywordExecutor.executeKeywordForPlatform(KeywordExecutor.groovy:74)
	at com.kms.katalon.core.webui.keyword.WebUiBuiltInKeywords.verifyTextPresent(WebUiBuiltInKeywords.groovy:1723)
	at com.kms.katalon.core.webui.keyword.WebUiBuiltInKeywords$verifyTextPresent$3.call(Unknown Source)
	at EstimatedTax_MRF_TC.run(EstimatedTax_MRF_TC:88)
	at com.kms.katalon.core.main.ScriptEngine.run(ScriptEngine.java:194)
	at com.kms.katalon.core.main.ScriptEngine.runScriptAsRawText(ScriptEngine.java:119)
	at com.kms.katalon.core.main.TestCaseExecutor.runScript(TestCaseExecutor.java:430)
	at com.kms.katalon.core.main.TestCaseExecutor.doExecute(TestCaseExecutor.java:421)
	at com.kms.katalon.core.main.TestCaseExecutor.processExecutionPhase(TestCaseExecutor.java:400)
	at com.kms.katalon.core.main.TestCaseExecutor.accessMainPhase(TestCaseExecutor.java:392)
	at com.kms.katalon.core.main.TestCaseExecutor.execute(TestCaseExecutor.java:273)
	at com.kms.katalon.core.main.TestSuiteExecutor.accessTestCaseMainPhase(TestSuiteExecutor.java:202)
	at com.kms.katalon.core.main.TestSuiteExecutor.accessTestSuiteMainPhase(TestSuiteExecutor.java:164)
	at com.kms.katalon.core.main.TestSuiteExecutor.execute(TestSuiteExecutor.java:105)
	at com.kms.katalon.core.main.TestCaseMain.startTestSuite(TestCaseMain.java:185)
	at com.kms.katalon.core.main.TestCaseMain$startTestSuite$0.call(Unknown Source)
	at TempTestSuite1636391403401.run(TempTestSuite1636391403401.groovy:36)
)

2021-11-08 12:13:49 - [TEST_STEP][FAILED] - verifyTextPresent("Payment amount must be greater than zero and less than 10,000,000", true): Text 'Payment amount must be greater than zero and less than 10,000,000' is not present on page  using regular expression (Root cause: com.kms.katalon.core.exception.StepFailedException: Text 'Payment amount must be greater than zero and less than 10,000,000' is not present on page  using regular expression
	at com.kms.katalon.core.webui.keyword.internal.WebUIKeywordMain.stepFailed(WebUIKeywordMain.groovy:64)
	at com.kms.katalon.core.webui.keyword.builtin.VerifyTextPresentKeyword$_verifyTextPresent_closure1.doCall(VerifyTextPresentKeyword.groovy:79)
	at com.kms.katalon.core.webui.keyword.builtin.VerifyTextPresentKeyword$_verifyTextPresent_closure1.call(VerifyTextPresentKeyword.groovy)
	at com.kms.katalon.core.webui.keyword.internal.WebUIKeywordMain.runKeyword(WebUIKeywordMain.groovy:20)
	at com.kms.katalon.core.webui.keyword.builtin.VerifyTextPresentKeyword.verifyTextPresent(VerifyTextPresentKeyword.groovy:83)
	at com.kms.katalon.core.webui.keyword.builtin.VerifyTextPresentKeyword.execute(VerifyTextPresentKeyword.groovy:68)
	at com.kms.katalon.core.keyword.internal.KeywordExecutor.executeKeywordForPlatform(KeywordExecutor.groovy:74)
	at com.kms.katalon.core.webui.keyword.WebUiBuiltInKeywords.verifyTextPresent(WebUiBuiltInKeywords.groovy:1723)
	at com.kms.katalon.core.webui.keyword.WebUiBuiltInKeywords$verifyTextPresent$3.call(Unknown Source)
	at EstimatedTax_MRF_TC.run(EstimatedTax_MRF_TC:92)
	at com.kms.katalon.core.main.ScriptEngine.run(ScriptEngine.java:194)
	at com.kms.katalon.core.main.ScriptEngine.runScriptAsRawText(ScriptEngine.java:119)
	at com.kms.katalon.core.main.TestCaseExecutor.runScript(TestCaseExecutor.java:430)
	at com.kms.katalon.core.main.TestCaseExecutor.doExecute(TestCaseExecutor.java:421)
	at com.kms.katalon.core.main.TestCaseExecutor.processExecutionPhase(TestCaseExecutor.java:400)
	at com.kms.katalon.core.main.TestCaseExecutor.accessMainPhase(TestCaseExecutor.java:392)
	at com.kms.katalon.core.main.TestCaseExecutor.execute(TestCaseExecutor.java:273)
	at com.kms.katalon.core.main.TestSuiteExecutor.accessTestCaseMainPhase(TestSuiteExecutor.java:202)
	at com.kms.katalon.core.main.TestSuiteExecutor.accessTestSuiteMainPhase(TestSuiteExecutor.java:164)
	at com.kms.katalon.core.main.TestSuiteExecutor.execute(TestSuiteExecutor.java:105)
	at com.kms.katalon.core.main.TestCaseMain.startTestSuite(TestCaseMain.java:185)
	at com.kms.katalon.core.main.TestCaseMain$startTestSuite$0.call(Unknown Source)
	at TempTestSuite1636391403401.run(TempTestSuite1636391403401.groovy:36)
)

2021-11-08 12:13:49 - [MESSAGE][FAILED] - Text 'Payment amount must be greater than zero and less than 10,000,000' is not present on page  using regular expression (Root cause: com.kms.katalon.core.exception.StepFailedException: Text 'Payment amount must be greater than zero and less than 10,000,000' is not present on page  using regular expression
	at com.kms.katalon.core.webui.keyword.internal.WebUIKeywordMain.stepFailed(WebUIKeywordMain.groovy:64)
	at com.kms.katalon.core.webui.keyword.builtin.VerifyTextPresentKeyword$_verifyTextPresent_closure1.doCall(VerifyTextPresentKeyword.groovy:79)
	at com.kms.katalon.core.webui.keyword.builtin.VerifyTextPresentKeyword$_verifyTextPresent_closure1.call(VerifyTextPresentKeyword.groovy)
	at com.kms.katalon.core.webui.keyword.internal.WebUIKeywordMain.runKeyword(WebUIKeywordMain.groovy:20)
	at com.kms.katalon.core.webui.keyword.builtin.VerifyTextPresentKeyword.verifyTextPresent(VerifyTextPresentKeyword.groovy:83)
	at com.kms.katalon.core.webui.keyword.builtin.VerifyTextPresentKeyword.execute(VerifyTextPresentKeyword.groovy:68)
	at com.kms.katalon.core.keyword.internal.KeywordExecutor.executeKeywordForPlatform(KeywordExecutor.groovy:74)
	at com.kms.katalon.core.webui.keyword.WebUiBuiltInKeywords.verifyTextPresent(WebUiBuiltInKeywords.groovy:1723)
	at com.kms.katalon.core.webui.keyword.WebUiBuiltInKeywords$verifyTextPresent$3.call(Unknown Source)
	at EstimatedTax_MRF_TC.run(EstimatedTax_MRF_TC:92)
	at com.kms.katalon.core.main.ScriptEngine.run(ScriptEngine.java:194)
	at com.kms.katalon.core.main.ScriptEngine.runScriptAsRawText(ScriptEngine.java:119)
	at com.kms.katalon.core.main.TestCaseExecutor.runScript(TestCaseExecutor.java:430)
	at com.kms.katalon.core.main.TestCaseExecutor.doExecute(TestCaseExecutor.java:421)
	at com.kms.katalon.core.main.TestCaseExecutor.processExecutionPhase(TestCaseExecutor.java:400)
	at com.kms.katalon.core.main.TestCaseExecutor.accessMainPhase(TestCaseExecutor.java:392)
	at com.kms.katalon.core.main.TestCaseExecutor.execute(TestCaseExecutor.java:273)
	at com.kms.katalon.core.main.TestSuiteExecutor.accessTestCaseMainPhase(TestSuiteExecutor.java:202)
	at com.kms.katalon.core.main.TestSuiteExecutor.accessTestSuiteMainPhase(TestSuiteExecutor.java:164)
	at com.kms.katalon.core.main.TestSuiteExecutor.execute(TestSuiteExecutor.java:105)
	at com.kms.katalon.core.main.TestCaseMain.startTestSuite(TestCaseMain.java:185)
	at com.kms.katalon.core.main.TestCaseMain$startTestSuite$0.call(Unknown Source)
	at TempTestSuite1636391403401.run(TempTestSuite1636391403401.groovy:36)
)]]></system-out>
         <system-err><![CDATA[2021-11-08 12:13:30 - [TEST_CASE][FAILED] - Test Cases/RAD_TestCases/MRF_TestCases/EstimatedTax_MRF_TC: Test Cases/RAD_TestCases/MRF_TestCases/EstimatedTax_MRF_TC FAILED.
Reason:
com.kms.katalon.core.exception.StepFailedException: Unable to click on object 'Object Repository/RAD_Pages/Landing_Page/button_Continue' (Root cause: com.kms.katalon.core.exception.StepFailedException: Unable to click on object 'Object Repository/RAD_Pages/Landing_Page/button_Continue'
	at com.kms.katalon.core.webui.keyword.internal.WebUIKeywordMain.stepFailed(WebUIKeywordMain.groovy:64)
	at com.kms.katalon.core.webui.keyword.internal.WebUIKeywordMain.runKeyword(WebUIKeywordMain.groovy:26)
	at com.kms.katalon.core.webui.keyword.builtin.ClickKeyword.click(ClickKeyword.groovy:75)
	at com.kms.katalon.core.webui.keyword.builtin.ClickKeyword.execute(ClickKeyword.groovy:42)
	at com.kms.katalon.core.keyword.internal.KeywordExecutor.executeKeywordForPlatform(KeywordExecutor.groovy:74)
	at com.kms.katalon.core.webui.keyword.WebUiBuiltInKeywords.click(WebUiBuiltInKeywords.groovy:620)
	at com.kms.katalon.core.webui.keyword.WebUiBuiltInKeywords$click$10.call(Unknown Source)
	at EstimatedTax_MRF_TC.run(EstimatedTax_MRF_TC:45)
	at com.kms.katalon.core.main.ScriptEngine.run(ScriptEngine.java:194)
	at com.kms.katalon.core.main.ScriptEngine.runScriptAsRawText(ScriptEngine.java:119)
	at com.kms.katalon.core.main.TestCaseExecutor.runScript(TestCaseExecutor.java:430)
	at com.kms.katalon.core.main.TestCaseExecutor.doExecute(TestCaseExecutor.java:421)
	at com.kms.katalon.core.main.TestCaseExecutor.processExecutionPhase(TestCaseExecutor.java:400)
	at com.kms.katalon.core.main.TestCaseExecutor.accessMainPhase(TestCaseExecutor.java:392)
	at com.kms.katalon.core.main.TestCaseExecutor.execute(TestCaseExecutor.java:273)
	at com.kms.katalon.core.main.TestSuiteExecutor.accessTestCaseMainPhase(TestSuiteExecutor.java:202)
	at com.kms.katalon.core.main.TestSuiteExecutor.accessTestSuiteMainPhase(TestSuiteExecutor.java:164)
	at com.kms.katalon.core.main.TestSuiteExecutor.execute(TestSuiteExecutor.java:105)
	at com.kms.katalon.core.main.TestCaseMain.startTestSuite(TestCaseMain.java:185)
	at com.kms.katalon.core.main.TestCaseMain$startTestSuite$0.call(Unknown Source)
	at TempTestSuite1636391403401.run(TempTestSuite1636391403401.groovy:36)
Caused by: org.openqa.selenium.ElementClickInterceptedException: element click intercepted: Element <button class="btn btn-primary float-end w-auto disablecontinue" disabled="">...</button> is not clickable at point (1046, 801). Other element would receive the click: <div class="w-100 mt-auto pt-3">...</div>
  (Session info: chrome=95.0.4638.69)
Build info: version: '3.141.59', revision: 'e82be7d358', time: '2018-11-14T08:25:53'
System info: host: 'DESKTOP-B2QI6NS', ip: '172.30.2.167', os.name: 'Windows 10', os.arch: 'amd64', os.version: '10.0', java.version: '1.8.0_181'
Driver info: com.kms.katalon.selenium.driver.CChromeDriver
Capabilities {acceptInsecureCerts: true, browserName: chrome, browserVersion: 95.0.4638.69, chrome: {chromedriverVersion: 95.0.4638.54 (d31a821ec901f..., userDataDir: C:\Users\iahmed\AppData\Loc...}, goog:chromeOptions: {debuggerAddress: localhost:54658}, javascriptEnabled: true, networkConnectionEnabled: false, pageLoadStrategy: normal, platform: WINDOWS, platformName: WINDOWS, proxy: Proxy(), setWindowRect: true, strictFileInteractability: false, timeouts: {implicit: 0, pageLoad: 300000, script: 30000}, unhandledPromptBehavior: dismiss and notify, webauthn:extension:credBlob: true, webauthn:extension:largeBlob: true, webauthn:virtualAuthenticators: true}
Session ID: 417057b204eb5b4f06f7920cf659ccf8
	at org.openqa.selenium.remote.http.W3CHttpResponseCodec.createException(W3CHttpResponseCodec.java:187)
	at org.openqa.selenium.remote.http.W3CHttpResponseCodec.decode(W3CHttpResponseCodec.java:122)
	at org.openqa.selenium.remote.http.W3CHttpResponseCodec.decode(W3CHttpResponseCodec.java:49)
	at org.openqa.selenium.remote.HttpCommandExecutor.execute(HttpCommandExecutor.java:158)
	at org.openqa.selenium.remote.service.DriverCommandExecutor.execute(DriverCommandExecutor.java:83)
	at org.openqa.selenium.remote.RemoteWebDriver.execute(RemoteWebDriver.java:552)
	at com.kms.katalon.selenium.driver.CChromeDriver.execute(CChromeDriver.java:19)
	at org.openqa.selenium.remote.RemoteWebElement.execute(RemoteWebElement.java:285)
	at org.openqa.selenium.remote.RemoteWebElement.click(RemoteWebElement.java:84)
	at org.openqa.selenium.support.events.EventFiringWebDriver$EventFiringWebElement.lambda$new$0(EventFiringWebDriver.java:404)
	at com.sun.proxy.$Proxy11.click(Unknown Source)
	at org.openqa.selenium.support.events.EventFiringWebDriver$EventFiringWebElement.click(EventFiringWebDriver.java:417)
	at com.kms.katalon.core.webui.keyword.builtin.ClickKeyword$_click_closure1.doCall(ClickKeyword.groovy:68)
	at com.kms.katalon.core.webui.keyword.builtin.ClickKeyword$_click_closure1.call(ClickKeyword.groovy)
	at com.kms.katalon.core.webui.keyword.internal.WebUIKeywordMain.runKeyword(WebUIKeywordMain.groovy:20)
	at com.kms.katalon.core.webui.keyword.builtin.ClickKeyword.click(ClickKeyword.groovy:75)
	at com.kms.katalon.core.webui.keyword.builtin.ClickKeyword.execute(ClickKeyword.groovy:42)
	at com.kms.katalon.core.keyword.internal.KeywordExecutor.executeKeywordForPlatform(KeywordExecutor.groovy:74)
	at com.kms.katalon.core.webui.keyword.WebUiBuiltInKeywords.click(WebUiBuiltInKeywords.groovy:620)
	at com.kms.katalon.core.webui.keyword.WebUiBuiltInKeywords$click$10.call(Unknown Source)
	at Script1634596423746.run(Script1634596423746.groovy:45)
	... 13 more
)
	at com.kms.katalon.core.keyword.internal.KeywordMain.stepFailed(KeywordMain.groovy:39)
	at com.kms.katalon.core.webui.keyword.internal.WebUIKeywordMain.stepFailed(WebUIKeywordMain.groovy:64)
	at com.kms.katalon.core.webui.keyword.internal.WebUIKeywordMain.runKeyword(WebUIKeywordMain.groovy:26)
	at com.kms.katalon.core.webui.keyword.builtin.ClickKeyword.click(ClickKeyword.groovy:75)
	at com.kms.katalon.core.webui.keyword.builtin.ClickKeyword.execute(ClickKeyword.groovy:42)
	at com.kms.katalon.core.keyword.internal.KeywordExecutor.executeKeywordForPlatform(KeywordExecutor.groovy:74)
	at com.kms.katalon.core.webui.keyword.WebUiBuiltInKeywords.click(WebUiBuiltInKeywords.groovy:620)
	at com.kms.katalon.core.webui.keyword.WebUiBuiltInKeywords$click$10.call(Unknown Source)
	at EstimatedTax_MRF_TC.run(EstimatedTax_MRF_TC:45)
	at com.kms.katalon.core.main.ScriptEngine.run(ScriptEngine.java:194)
	at com.kms.katalon.core.main.ScriptEngine.runScriptAsRawText(ScriptEngine.java:119)
	at com.kms.katalon.core.main.TestCaseExecutor.runScript(TestCaseExecutor.java:430)
	at com.kms.katalon.core.main.TestCaseExecutor.doExecute(TestCaseExecutor.java:421)
	at com.kms.katalon.core.main.TestCaseExecutor.processExecutionPhase(TestCaseExecutor.java:400)
	at com.kms.katalon.core.main.TestCaseExecutor.accessMainPhase(TestCaseExecutor.java:392)
	at com.kms.katalon.core.main.TestCaseExecutor.execute(TestCaseExecutor.java:273)
	at com.kms.katalon.core.main.TestSuiteExecutor.accessTestCaseMainPhase(TestSuiteExecutor.java:202)
	at com.kms.katalon.core.main.TestSuiteExecutor.accessTestSuiteMainPhase(TestSuiteExecutor.java:164)
	at com.kms.katalon.core.main.TestSuiteExecutor.execute(TestSuiteExecutor.java:105)
	at com.kms.katalon.core.main.TestCaseMain.startTestSuite(TestCaseMain.java:185)
	at com.kms.katalon.core.main.TestCaseMain$startTestSuite$0.call(Unknown Source)
	at TempTestSuite1636391403401.run(TempTestSuite1636391403401.groovy:36)
Caused by: com.kms.katalon.core.exception.StepFailedException: Unable to click on object 'Object Repository/RAD_Pages/Landing_Page/button_Continue'
	... 21 more
Caused by: org.openqa.selenium.ElementClickInterceptedException: element click intercepted: Element <button class="btn btn-primary float-end w-auto disablecontinue" disabled="">...</button> is not clickable at point (1046, 801). Other element would receive the click: <div class="w-100 mt-auto pt-3">...</div>
  (Session info: chrome=95.0.4638.69)
Build info: version: '3.141.59', revision: 'e82be7d358', time: '2018-11-14T08:25:53'
System info: host: 'DESKTOP-B2QI6NS', ip: '172.30.2.167', os.name: 'Windows 10', os.arch: 'amd64', os.version: '10.0', java.version: '1.8.0_181'
Driver info: com.kms.katalon.selenium.driver.CChromeDriver
Capabilities {acceptInsecureCerts: true, browserName: chrome, browserVersion: 95.0.4638.69, chrome: {chromedriverVersion: 95.0.4638.54 (d31a821ec901f..., userDataDir: C:\Users\iahmed\AppData\Loc...}, goog:chromeOptions: {debuggerAddress: localhost:54658}, javascriptEnabled: true, networkConnectionEnabled: false, pageLoadStrategy: normal, platform: WINDOWS, platformName: WINDOWS, proxy: Proxy(), setWindowRect: true, strictFileInteractability: false, timeouts: {implicit: 0, pageLoad: 300000, script: 30000}, unhandledPromptBehavior: dismiss and notify, webauthn:extension:credBlob: true, webauthn:extension:largeBlob: true, webauthn:virtualAuthenticators: true}
Session ID: 417057b204eb5b4f06f7920cf659ccf8
	at org.openqa.selenium.remote.http.W3CHttpResponseCodec.createException(W3CHttpResponseCodec.java:187)
	at org.openqa.selenium.remote.http.W3CHttpResponseCodec.decode(W3CHttpResponseCodec.java:122)
	at org.openqa.selenium.remote.http.W3CHttpResponseCodec.decode(W3CHttpResponseCodec.java:49)
	at org.openqa.selenium.remote.HttpCommandExecutor.execute(HttpCommandExecutor.java:158)
	at org.openqa.selenium.remote.service.DriverCommandExecutor.execute(DriverCommandExecutor.java:83)
	at org.openqa.selenium.remote.RemoteWebDriver.execute(RemoteWebDriver.java:552)
	at com.kms.katalon.selenium.driver.CChromeDriver.execute(CChromeDriver.java:19)
	at org.openqa.selenium.remote.RemoteWebElement.execute(RemoteWebElement.java:285)
	at org.openqa.selenium.remote.RemoteWebElement.click(RemoteWebElement.java:84)
	at org.openqa.selenium.support.events.EventFiringWebDriver$EventFiringWebElement.lambda$new$0(EventFiringWebDriver.java:404)
	at com.sun.proxy.$Proxy11.click(Unknown Source)
	at org.openqa.selenium.support.events.EventFiringWebDriver$EventFiringWebElement.click(EventFiringWebDriver.java:417)
	at com.kms.katalon.core.webui.keyword.builtin.ClickKeyword$_click_closure1.doCall(ClickKeyword.groovy:68)
	at com.kms.katalon.core.webui.keyword.builtin.ClickKeyword$_click_closure1.call(ClickKeyword.groovy)
	at com.kms.katalon.core.webui.keyword.internal.WebUIKeywordMain.runKeyword(WebUIKeywordMain.groovy:20)
	... 19 more]]></system-err>
      </testcase>
      <testcase name="Test Cases/RAD_TestCases/MRF_TestCases/PersonalIncomeTax_MRF_TC" time="18.472" classname="Test Cases/RAD_TestCases/MRF_TestCases/PersonalIncomeTax_MRF_TC" status="FAILED">
         <failure type="FAILED" message="Test Cases/RAD_TestCases/MRF_TestCases/PersonalIncomeTax_MRF_TC FAILED.
Reason:
com.kms.katalon.core.exception.StepFailedException: Unable to click on object 'Object Repository/RAD_Pages/Landing_Page/button_Continue' (Root cause: com.kms.katalon.core.exception.StepFailedException: Unable to click on object 'Object Repository/RAD_Pages/Landing_Page/button_Continue'
	at com.kms.katalon.core.webui.keyword.internal.WebUIKeywordMain.stepFailed(WebUIKeywordMain.groovy:64)
	at com.kms.katalon.core.webui.keyword.internal.WebUIKeywordMain.runKeyword(WebUIKeywordMain.groovy:26)
	at com.kms.katalon.core.webui.keyword.builtin.ClickKeyword.click(ClickKeyword.groovy:75)
	at com.kms.katalon.core.webui.keyword.builtin.ClickKeyword.execute(ClickKeyword.groovy:42)
	at com.kms.katalon.core.keyword.internal.KeywordExecutor.executeKeywordForPlatform(KeywordExecutor.groovy:74)
	at com.kms.katalon.core.webui.keyword.WebUiBuiltInKeywords.click(WebUiBuiltInKeywords.groovy:620)
	at com.kms.katalon.core.webui.keyword.WebUiBuiltInKeywords$click$10.call(Unknown Source)
	at PersonalIncomeTax_MRF_TC.run(PersonalIncomeTax_MRF_TC:41)
	at com.kms.katalon.core.main.ScriptEngine.run(ScriptEngine.java:194)
	at com.kms.katalon.core.main.ScriptEngine.runScriptAsRawText(ScriptEngine.java:119)
	at com.kms.katalon.core.main.TestCaseExecutor.runScript(TestCaseExecutor.java:430)
	at com.kms.katalon.core.main.TestCaseExecutor.doExecute(TestCaseExecutor.java:421)
	at com.kms.katalon.core.main.TestCaseExecutor.processExecutionPhase(TestCaseExecutor.java:400)
	at com.kms.katalon.core.main.TestCaseExecutor.accessMainPhase(TestCaseExecutor.java:392)
	at com.kms.katalon.core.main.TestCaseExecutor.execute(TestCaseExecutor.java:273)
	at com.kms.katalon.core.main.TestSuiteExecutor.accessTestCaseMainPhase(TestSuiteExecutor.java:202)
	at com.kms.katalon.core.main.TestSuiteExecutor.accessTestSuiteMainPhase(TestSuiteExecutor.java:164)
	at com.kms.katalon.core.main.TestSuiteExecutor.execute(TestSuiteExecutor.java:105)
	at com.kms.katalon.core.main.TestCaseMain.startTestSuite(TestCaseMain.java:185)
	at com.kms.katalon.core.main.TestCaseMain$startTestSuite$0.call(Unknown Source)
	at TempTestSuite1636391403401.run(TempTestSuite1636391403401.groovy:36)
Caused by: org.openqa.selenium.ElementClickInterceptedException: element click intercepted: Element &lt;button class=&quot;btn btn-primary float-end w-auto disablecontinue&quot; disabled=&quot;&quot;>...&lt;/button> is not clickable at point (1046, 801). Other element would receive the click: &lt;div class=&quot;w-100 mt-auto pt-3&quot;>...&lt;/div>
  (Session info: chrome=95.0.4638.69)
Build info: version: '3.141.59', revision: 'e82be7d358', time: '2018-11-14T08:25:53'
System info: host: 'DESKTOP-B2QI6NS', ip: '172.30.2.167', os.name: 'Windows 10', os.arch: 'amd64', os.version: '10.0', java.version: '1.8.0_181'
Driver info: com.kms.katalon.selenium.driver.CChromeDriver
Capabilities {acceptInsecureCerts: true, browserName: chrome, browserVersion: 95.0.4638.69, chrome: {chromedriverVersion: 95.0.4638.54 (d31a821ec901f..., userDataDir: C:\Users\iahmed\AppData\Loc...}, goog:chromeOptions: {debuggerAddress: localhost:54693}, javascriptEnabled: true, networkConnectionEnabled: false, pageLoadStrategy: normal, platform: WINDOWS, platformName: WINDOWS, proxy: Proxy(), setWindowRect: true, strictFileInteractability: false, timeouts: {implicit: 0, pageLoad: 300000, script: 30000}, unhandledPromptBehavior: dismiss and notify, webauthn:extension:credBlob: true, webauthn:extension:largeBlob: true, webauthn:virtualAuthenticators: true}
Session ID: 4897756190e78abfd3d6426337421c8e
	at org.openqa.selenium.remote.http.W3CHttpResponseCodec.createException(W3CHttpResponseCodec.java:187)
	at org.openqa.selenium.remote.http.W3CHttpResponseCodec.decode(W3CHttpResponseCodec.java:122)
	at org.openqa.selenium.remote.http.W3CHttpResponseCodec.decode(W3CHttpResponseCodec.java:49)
	at org.openqa.selenium.remote.HttpCommandExecutor.execute(HttpCommandExecutor.java:158)
	at org.openqa.selenium.remote.service.DriverCommandExecutor.execute(DriverCommandExecutor.java:83)
	at org.openqa.selenium.remote.RemoteWebDriver.execute(RemoteWebDriver.java:552)
	at com.kms.katalon.selenium.driver.CChromeDriver.execute(CChromeDriver.java:19)
	at org.openqa.selenium.remote.RemoteWebElement.execute(RemoteWebElement.java:285)
	at org.openqa.selenium.remote.RemoteWebElement.click(RemoteWebElement.java:84)
	at org.openqa.selenium.support.events.EventFiringWebDriver$EventFiringWebElement.lambda$new$0(EventFiringWebDriver.java:404)
	at com.sun.proxy.$Proxy11.click(Unknown Source)
	at org.openqa.selenium.support.events.EventFiringWebDriver$EventFiringWebElement.click(EventFiringWebDriver.java:417)
	at com.kms.katalon.core.webui.keyword.builtin.ClickKeyword$_click_closure1.doCall(ClickKeyword.groovy:68)
	at com.kms.katalon.core.webui.keyword.builtin.ClickKeyword$_click_closure1.call(ClickKeyword.groovy)
	at com.kms.katalon.core.webui.keyword.internal.WebUIKeywordMain.runKeyword(WebUIKeywordMain.groovy:20)
	at com.kms.katalon.core.webui.keyword.builtin.ClickKeyword.click(ClickKeyword.groovy:75)
	at com.kms.katalon.core.webui.keyword.builtin.ClickKeyword.execute(ClickKeyword.groovy:42)
	at com.kms.katalon.core.keyword.internal.KeywordExecutor.executeKeywordForPlatform(KeywordExecutor.groovy:74)
	at com.kms.katalon.core.webui.keyword.WebUiBuiltInKeywords.click(WebUiBuiltInKeywords.groovy:620)
	at com.kms.katalon.core.webui.keyword.WebUiBuiltInKeywords$click$10.call(Unknown Source)
	at Script1634610782044.run(Script1634610782044.groovy:41)
	... 13 more
)
	at com.kms.katalon.core.keyword.internal.KeywordMain.stepFailed(KeywordMain.groovy:39)
	at com.kms.katalon.core.webui.keyword.internal.WebUIKeywordMain.stepFailed(WebUIKeywordMain.groovy:64)
	at com.kms.katalon.core.webui.keyword.internal.WebUIKeywordMain.runKeyword(WebUIKeywordMain.groovy:26)
	at com.kms.katalon.core.webui.keyword.builtin.ClickKeyword.click(ClickKeyword.groovy:75)
	at com.kms.katalon.core.webui.keyword.builtin.ClickKeyword.execute(ClickKeyword.groovy:42)
	at com.kms.katalon.core.keyword.internal.KeywordExecutor.executeKeywordForPlatform(KeywordExecutor.groovy:74)
	at com.kms.katalon.core.webui.keyword.WebUiBuiltInKeywords.click(WebUiBuiltInKeywords.groovy:620)
	at com.kms.katalon.core.webui.keyword.WebUiBuiltInKeywords$click$10.call(Unknown Source)
	at PersonalIncomeTax_MRF_TC.run(PersonalIncomeTax_MRF_TC:41)
	at com.kms.katalon.core.main.ScriptEngine.run(ScriptEngine.java:194)
	at com.kms.katalon.core.main.ScriptEngine.runScriptAsRawText(ScriptEngine.java:119)
	at com.kms.katalon.core.main.TestCaseExecutor.runScript(TestCaseExecutor.java:430)
	at com.kms.katalon.core.main.TestCaseExecutor.doExecute(TestCaseExecutor.java:421)
	at com.kms.katalon.core.main.TestCaseExecutor.processExecutionPhase(TestCaseExecutor.java:400)
	at com.kms.katalon.core.main.TestCaseExecutor.accessMainPhase(TestCaseExecutor.java:392)
	at com.kms.katalon.core.main.TestCaseExecutor.execute(TestCaseExecutor.java:273)
	at com.kms.katalon.core.main.TestSuiteExecutor.accessTestCaseMainPhase(TestSuiteExecutor.java:202)
	at com.kms.katalon.core.main.TestSuiteExecutor.accessTestSuiteMainPhase(TestSuiteExecutor.java:164)
	at com.kms.katalon.core.main.TestSuiteExecutor.execute(TestSuiteExecutor.java:105)
	at com.kms.katalon.core.main.TestCaseMain.startTestSuite(TestCaseMain.java:185)
	at com.kms.katalon.core.main.TestCaseMain$startTestSuite$0.call(Unknown Source)
	at TempTestSuite1636391403401.run(TempTestSuite1636391403401.groovy:36)
Caused by: com.kms.katalon.core.exception.StepFailedException: Unable to click on object 'Object Repository/RAD_Pages/Landing_Page/button_Continue'
	... 21 more
Caused by: org.openqa.selenium.ElementClickInterceptedException: element click intercepted: Element &lt;button class=&quot;btn btn-primary float-end w-auto disablecontinue&quot; disabled=&quot;&quot;>...&lt;/button> is not clickable at point (1046, 801). Other element would receive the click: &lt;div class=&quot;w-100 mt-auto pt-3&quot;>...&lt;/div>
  (Session info: chrome=95.0.4638.69)
Build info: version: '3.141.59', revision: 'e82be7d358', time: '2018-11-14T08:25:53'
System info: host: 'DESKTOP-B2QI6NS', ip: '172.30.2.167', os.name: 'Windows 10', os.arch: 'amd64', os.version: '10.0', java.version: '1.8.0_181'
Driver info: com.kms.katalon.selenium.driver.CChromeDriver
Capabilities {acceptInsecureCerts: true, browserName: chrome, browserVersion: 95.0.4638.69, chrome: {chromedriverVersion: 95.0.4638.54 (d31a821ec901f..., userDataDir: C:\Users\iahmed\AppData\Loc...}, goog:chromeOptions: {debuggerAddress: localhost:54693}, javascriptEnabled: true, networkConnectionEnabled: false, pageLoadStrategy: normal, platform: WINDOWS, platformName: WINDOWS, proxy: Proxy(), setWindowRect: true, strictFileInteractability: false, timeouts: {implicit: 0, pageLoad: 300000, script: 30000}, unhandledPromptBehavior: dismiss and notify, webauthn:extension:credBlob: true, webauthn:extension:largeBlob: true, webauthn:virtualAuthenticators: true}
Session ID: 4897756190e78abfd3d6426337421c8e
	at org.openqa.selenium.remote.http.W3CHttpResponseCodec.createException(W3CHttpResponseCodec.java:187)
	at org.openqa.selenium.remote.http.W3CHttpResponseCodec.decode(W3CHttpResponseCodec.java:122)
	at org.openqa.selenium.remote.http.W3CHttpResponseCodec.decode(W3CHttpResponseCodec.java:49)
	at org.openqa.selenium.remote.HttpCommandExecutor.execute(HttpCommandExecutor.java:158)
	at org.openqa.selenium.remote.service.DriverCommandExecutor.execute(DriverCommandExecutor.java:83)
	at org.openqa.selenium.remote.RemoteWebDriver.execute(RemoteWebDriver.java:552)
	at com.kms.katalon.selenium.driver.CChromeDriver.execute(CChromeDriver.java:19)
	at org.openqa.selenium.remote.RemoteWebElement.execute(RemoteWebElement.java:285)
	at org.openqa.selenium.remote.RemoteWebElement.click(RemoteWebElement.java:84)
	at org.openqa.selenium.support.events.EventFiringWebDriver$EventFiringWebElement.lambda$new$0(EventFiringWebDriver.java:404)
	at com.sun.proxy.$Proxy11.click(Unknown Source)
	at org.openqa.selenium.support.events.EventFiringWebDriver$EventFiringWebElement.click(EventFiringWebDriver.java:417)
	at com.kms.katalon.core.webui.keyword.builtin.ClickKeyword$_click_closure1.doCall(ClickKeyword.groovy:68)
	at com.kms.katalon.core.webui.keyword.builtin.ClickKeyword$_click_closure1.call(ClickKeyword.groovy)
	at com.kms.katalon.core.webui.keyword.internal.WebUIKeywordMain.runKeyword(WebUIKeywordMain.groovy:20)
	... 19 more
"/>
         <system-out><![CDATA[2021-11-08 12:13:49 - [TEST_CASE][FAILED] - Test Cases/RAD_TestCases/MRF_TestCases/PersonalIncomeTax_MRF_TC: Test Cases/RAD_TestCases/MRF_TestCases/PersonalIncomeTax_MRF_TC FAILED.
Reason:
com.kms.katalon.core.exception.StepFailedException: Unable to click on object 'Object Repository/RAD_Pages/Landing_Page/button_Continue' (Root cause: com.kms.katalon.core.exception.StepFailedException: Unable to click on object 'Object Repository/RAD_Pages/Landing_Page/button_Continue'
	at com.kms.katalon.core.webui.keyword.internal.WebUIKeywordMain.stepFailed(WebUIKeywordMain.groovy:64)
	at com.kms.katalon.core.webui.keyword.internal.WebUIKeywordMain.runKeyword(WebUIKeywordMain.groovy:26)
	at com.kms.katalon.core.webui.keyword.builtin.ClickKeyword.click(ClickKeyword.groovy:75)
	at com.kms.katalon.core.webui.keyword.builtin.ClickKeyword.execute(ClickKeyword.groovy:42)
	at com.kms.katalon.core.keyword.internal.KeywordExecutor.executeKeywordForPlatform(KeywordExecutor.groovy:74)
	at com.kms.katalon.core.webui.keyword.WebUiBuiltInKeywords.click(WebUiBuiltInKeywords.groovy:620)
	at com.kms.katalon.core.webui.keyword.WebUiBuiltInKeywords$click$10.call(Unknown Source)
	at PersonalIncomeTax_MRF_TC.run(PersonalIncomeTax_MRF_TC:41)
	at com.kms.katalon.core.main.ScriptEngine.run(ScriptEngine.java:194)
	at com.kms.katalon.core.main.ScriptEngine.runScriptAsRawText(ScriptEngine.java:119)
	at com.kms.katalon.core.main.TestCaseExecutor.runScript(TestCaseExecutor.java:430)
	at com.kms.katalon.core.main.TestCaseExecutor.doExecute(TestCaseExecutor.java:421)
	at com.kms.katalon.core.main.TestCaseExecutor.processExecutionPhase(TestCaseExecutor.java:400)
	at com.kms.katalon.core.main.TestCaseExecutor.accessMainPhase(TestCaseExecutor.java:392)
	at com.kms.katalon.core.main.TestCaseExecutor.execute(TestCaseExecutor.java:273)
	at com.kms.katalon.core.main.TestSuiteExecutor.accessTestCaseMainPhase(TestSuiteExecutor.java:202)
	at com.kms.katalon.core.main.TestSuiteExecutor.accessTestSuiteMainPhase(TestSuiteExecutor.java:164)
	at com.kms.katalon.core.main.TestSuiteExecutor.execute(TestSuiteExecutor.java:105)
	at com.kms.katalon.core.main.TestCaseMain.startTestSuite(TestCaseMain.java:185)
	at com.kms.katalon.core.main.TestCaseMain$startTestSuite$0.call(Unknown Source)
	at TempTestSuite1636391403401.run(TempTestSuite1636391403401.groovy:36)
Caused by: org.openqa.selenium.ElementClickInterceptedException: element click intercepted: Element <button class="btn btn-primary float-end w-auto disablecontinue" disabled="">...</button> is not clickable at point (1046, 801). Other element would receive the click: <div class="w-100 mt-auto pt-3">...</div>
  (Session info: chrome=95.0.4638.69)
Build info: version: '3.141.59', revision: 'e82be7d358', time: '2018-11-14T08:25:53'
System info: host: 'DESKTOP-B2QI6NS', ip: '172.30.2.167', os.name: 'Windows 10', os.arch: 'amd64', os.version: '10.0', java.version: '1.8.0_181'
Driver info: com.kms.katalon.selenium.driver.CChromeDriver
Capabilities {acceptInsecureCerts: true, browserName: chrome, browserVersion: 95.0.4638.69, chrome: {chromedriverVersion: 95.0.4638.54 (d31a821ec901f..., userDataDir: C:\Users\iahmed\AppData\Loc...}, goog:chromeOptions: {debuggerAddress: localhost:54693}, javascriptEnabled: true, networkConnectionEnabled: false, pageLoadStrategy: normal, platform: WINDOWS, platformName: WINDOWS, proxy: Proxy(), setWindowRect: true, strictFileInteractability: false, timeouts: {implicit: 0, pageLoad: 300000, script: 30000}, unhandledPromptBehavior: dismiss and notify, webauthn:extension:credBlob: true, webauthn:extension:largeBlob: true, webauthn:virtualAuthenticators: true}
Session ID: 4897756190e78abfd3d6426337421c8e
	at org.openqa.selenium.remote.http.W3CHttpResponseCodec.createException(W3CHttpResponseCodec.java:187)
	at org.openqa.selenium.remote.http.W3CHttpResponseCodec.decode(W3CHttpResponseCodec.java:122)
	at org.openqa.selenium.remote.http.W3CHttpResponseCodec.decode(W3CHttpResponseCodec.java:49)
	at org.openqa.selenium.remote.HttpCommandExecutor.execute(HttpCommandExecutor.java:158)
	at org.openqa.selenium.remote.service.DriverCommandExecutor.execute(DriverCommandExecutor.java:83)
	at org.openqa.selenium.remote.RemoteWebDriver.execute(RemoteWebDriver.java:552)
	at com.kms.katalon.selenium.driver.CChromeDriver.execute(CChromeDriver.java:19)
	at org.openqa.selenium.remote.RemoteWebElement.execute(RemoteWebElement.java:285)
	at org.openqa.selenium.remote.RemoteWebElement.click(RemoteWebElement.java:84)
	at org.openqa.selenium.support.events.EventFiringWebDriver$EventFiringWebElement.lambda$new$0(EventFiringWebDriver.java:404)
	at com.sun.proxy.$Proxy11.click(Unknown Source)
	at org.openqa.selenium.support.events.EventFiringWebDriver$EventFiringWebElement.click(EventFiringWebDriver.java:417)
	at com.kms.katalon.core.webui.keyword.builtin.ClickKeyword$_click_closure1.doCall(ClickKeyword.groovy:68)
	at com.kms.katalon.core.webui.keyword.builtin.ClickKeyword$_click_closure1.call(ClickKeyword.groovy)
	at com.kms.katalon.core.webui.keyword.internal.WebUIKeywordMain.runKeyword(WebUIKeywordMain.groovy:20)
	at com.kms.katalon.core.webui.keyword.builtin.ClickKeyword.click(ClickKeyword.groovy:75)
	at com.kms.katalon.core.webui.keyword.builtin.ClickKeyword.execute(ClickKeyword.groovy:42)
	at com.kms.katalon.core.keyword.internal.KeywordExecutor.executeKeywordForPlatform(KeywordExecutor.groovy:74)
	at com.kms.katalon.core.webui.keyword.WebUiBuiltInKeywords.click(WebUiBuiltInKeywords.groovy:620)
	at com.kms.katalon.core.webui.keyword.WebUiBuiltInKeywords$click$10.call(Unknown Source)
	at Script1634610782044.run(Script1634610782044.groovy:41)
	... 13 more
)
	at com.kms.katalon.core.keyword.internal.KeywordMain.stepFailed(KeywordMain.groovy:39)
	at com.kms.katalon.core.webui.keyword.internal.WebUIKeywordMain.stepFailed(WebUIKeywordMain.groovy:64)
	at com.kms.katalon.core.webui.keyword.internal.WebUIKeywordMain.runKeyword(WebUIKeywordMain.groovy:26)
	at com.kms.katalon.core.webui.keyword.builtin.ClickKeyword.click(ClickKeyword.groovy:75)
	at com.kms.katalon.core.webui.keyword.builtin.ClickKeyword.execute(ClickKeyword.groovy:42)
	at com.kms.katalon.core.keyword.internal.KeywordExecutor.executeKeywordForPlatform(KeywordExecutor.groovy:74)
	at com.kms.katalon.core.webui.keyword.WebUiBuiltInKeywords.click(WebUiBuiltInKeywords.groovy:620)
	at com.kms.katalon.core.webui.keyword.WebUiBuiltInKeywords$click$10.call(Unknown Source)
	at PersonalIncomeTax_MRF_TC.run(PersonalIncomeTax_MRF_TC:41)
	at com.kms.katalon.core.main.ScriptEngine.run(ScriptEngine.java:194)
	at com.kms.katalon.core.main.ScriptEngine.runScriptAsRawText(ScriptEngine.java:119)
	at com.kms.katalon.core.main.TestCaseExecutor.runScript(TestCaseExecutor.java:430)
	at com.kms.katalon.core.main.TestCaseExecutor.doExecute(TestCaseExecutor.java:421)
	at com.kms.katalon.core.main.TestCaseExecutor.processExecutionPhase(TestCaseExecutor.java:400)
	at com.kms.katalon.core.main.TestCaseExecutor.accessMainPhase(TestCaseExecutor.java:392)
	at com.kms.katalon.core.main.TestCaseExecutor.execute(TestCaseExecutor.java:273)
	at com.kms.katalon.core.main.TestSuiteExecutor.accessTestCaseMainPhase(TestSuiteExecutor.java:202)
	at com.kms.katalon.core.main.TestSuiteExecutor.accessTestSuiteMainPhase(TestSuiteExecutor.java:164)
	at com.kms.katalon.core.main.TestSuiteExecutor.execute(TestSuiteExecutor.java:105)
	at com.kms.katalon.core.main.TestCaseMain.startTestSuite(TestCaseMain.java:185)
	at com.kms.katalon.core.main.TestCaseMain$startTestSuite$0.call(Unknown Source)
	at TempTestSuite1636391403401.run(TempTestSuite1636391403401.groovy:36)
Caused by: com.kms.katalon.core.exception.StepFailedException: Unable to click on object 'Object Repository/RAD_Pages/Landing_Page/button_Continue'
	... 21 more
Caused by: org.openqa.selenium.ElementClickInterceptedException: element click intercepted: Element <button class="btn btn-primary float-end w-auto disablecontinue" disabled="">...</button> is not clickable at point (1046, 801). Other element would receive the click: <div class="w-100 mt-auto pt-3">...</div>
  (Session info: chrome=95.0.4638.69)
Build info: version: '3.141.59', revision: 'e82be7d358', time: '2018-11-14T08:25:53'
System info: host: 'DESKTOP-B2QI6NS', ip: '172.30.2.167', os.name: 'Windows 10', os.arch: 'amd64', os.version: '10.0', java.version: '1.8.0_181'
Driver info: com.kms.katalon.selenium.driver.CChromeDriver
Capabilities {acceptInsecureCerts: true, browserName: chrome, browserVersion: 95.0.4638.69, chrome: {chromedriverVersion: 95.0.4638.54 (d31a821ec901f..., userDataDir: C:\Users\iahmed\AppData\Loc...}, goog:chromeOptions: {debuggerAddress: localhost:54693}, javascriptEnabled: true, networkConnectionEnabled: false, pageLoadStrategy: normal, platform: WINDOWS, platformName: WINDOWS, proxy: Proxy(), setWindowRect: true, strictFileInteractability: false, timeouts: {implicit: 0, pageLoad: 300000, script: 30000}, unhandledPromptBehavior: dismiss and notify, webauthn:extension:credBlob: true, webauthn:extension:largeBlob: true, webauthn:virtualAuthenticators: true}
Session ID: 4897756190e78abfd3d6426337421c8e
	at org.openqa.selenium.remote.http.W3CHttpResponseCodec.createException(W3CHttpResponseCodec.java:187)
	at org.openqa.selenium.remote.http.W3CHttpResponseCodec.decode(W3CHttpResponseCodec.java:122)
	at org.openqa.selenium.remote.http.W3CHttpResponseCodec.decode(W3CHttpResponseCodec.java:49)
	at org.openqa.selenium.remote.HttpCommandExecutor.execute(HttpCommandExecutor.java:158)
	at org.openqa.selenium.remote.service.DriverCommandExecutor.execute(DriverCommandExecutor.java:83)
	at org.openqa.selenium.remote.RemoteWebDriver.execute(RemoteWebDriver.java:552)
	at com.kms.katalon.selenium.driver.CChromeDriver.execute(CChromeDriver.java:19)
	at org.openqa.selenium.remote.RemoteWebElement.execute(RemoteWebElement.java:285)
	at org.openqa.selenium.remote.RemoteWebElement.click(RemoteWebElement.java:84)
	at org.openqa.selenium.support.events.EventFiringWebDriver$EventFiringWebElement.lambda$new$0(EventFiringWebDriver.java:404)
	at com.sun.proxy.$Proxy11.click(Unknown Source)
	at org.openqa.selenium.support.events.EventFiringWebDriver$EventFiringWebElement.click(EventFiringWebDriver.java:417)
	at com.kms.katalon.core.webui.keyword.builtin.ClickKeyword$_click_closure1.doCall(ClickKeyword.groovy:68)
	at com.kms.katalon.core.webui.keyword.builtin.ClickKeyword$_click_closure1.call(ClickKeyword.groovy)
	at com.kms.katalon.core.webui.keyword.internal.WebUIKeywordMain.runKeyword(WebUIKeywordMain.groovy:20)
	... 19 more


2021-11-08 12:13:50 - [TEST_STEP][PASSED] - openBrowser(""): Browser is opened with url: ''

2021-11-08 12:13:50 - [MESSAGE][WARNING] - A browser is already opened. Closing browser and opening a new one

2021-11-08 12:13:50 - [MESSAGE][INFO] - Starting 'Chrome' driver

2021-11-08 12:13:50 - [MESSAGE][INFO] - User set preference: ['acceptInsecureCerts', 'true']

2021-11-08 12:13:50 - [MESSAGE][INFO] - Action delay is set to 0 milliseconds

2021-11-08 12:13:52 - [MESSAGE][PASSED] - Browser is opened with url: ''

2021-11-08 12:13:52 - [TEST_STEP][PASSED] - maximizeWindow(): Current window maximized

2021-11-08 12:13:52 - [MESSAGE][PASSED] - Current window maximized

2021-11-08 12:13:52 - [TEST_STEP][PASSED] - navigateToUrl(RADurl): Navigate to 'https://qa.velocitypayment.com/client/rad/index.html' successfully

2021-11-08 12:13:54 - [MESSAGE][PASSED] - Navigate to 'https://qa.velocitypayment.com/client/rad/index.html' successfully

2021-11-08 12:13:54 - [TEST_STEP][PASSED] - orPath_Landing = "Object Repository/RAD_Pages/Landing_Page": null

2021-11-08 12:13:54 - [TEST_STEP][PASSED] - orPath_Amount = "Object Repository/RAD_Pages/PaymentAmount_Page": null

2021-11-08 12:13:54 - [TEST_STEP][PASSED] - orPath_FilingStatus = "Object Repository/RAD_Pages/FilingStatus_Page": null

2021-11-08 12:13:54 - [TEST_STEP][PASSED] - orPath_TaxPayer = "Object Repository/RAD_Pages/Taxpayer_Page": null

2021-11-08 12:13:54 - [TEST_STEP][PASSED] - selectOptionByLabel(findTestObject(orPath_Landing + "/dd_TaxType"), "Personal Income Tax", false): All options with label 'Personal Income Tax' are selected in object 'Object Repository/RAD_Pages/Landing_Page/dd_TaxType' 

2021-11-08 12:13:55 - [MESSAGE][PASSED] - All options with label 'Personal Income Tax' are selected in object 'Object Repository/RAD_Pages/Landing_Page/dd_TaxType' 

2021-11-08 12:13:55 - [TEST_STEP][PASSED] - setText(findTestObject("RAD_RecordAndPlay/input_concatSSN"), "123-44-1234"): Text '123-44-1234' is set on object 'Object Repository/RAD_RecordAndPlay/input_concatSSN'

2021-11-08 12:13:55 - [MESSAGE][PASSED] - Text '123-44-1234' is set on object 'Object Repository/RAD_RecordAndPlay/input_concatSSN'

2021-11-08 12:13:55 - [TEST_STEP][PASSED] - setText(findTestObject("RAD_RecordAndPlay/input_concatReSSN"), "123-44-1234"): Text '123-44-1234' is set on object 'Object Repository/RAD_RecordAndPlay/input_concatReSSN'

2021-11-08 12:13:56 - [MESSAGE][PASSED] - Text '123-44-1234' is set on object 'Object Repository/RAD_RecordAndPlay/input_concatReSSN'

2021-11-08 12:13:56 - [TEST_STEP][PASSED] - setText(findTestObject(orPath_TaxPayer + "/input_lastName"), "Anderson"): Text 'Anderson' is set on object 'Object Repository/RAD_Pages/Taxpayer_Page/input_lastName'

2021-11-08 12:13:57 - [MESSAGE][PASSED] - Text 'Anderson' is set on object 'Object Repository/RAD_Pages/Taxpayer_Page/input_lastName'

2021-11-08 12:13:57 - [TEST_STEP][PASSED] - scrollToElement(findTestObject(orPath_Landing + "/button_Continue"), 3): Scroll to object 'Object Repository/RAD_Pages/Landing_Page/button_Continue' successfully

2021-11-08 12:13:57 - [MESSAGE][PASSED] - Scroll to object 'Object Repository/RAD_Pages/Landing_Page/button_Continue' successfully

2021-11-08 12:13:57 - [TEST_STEP][PASSED] - waitForElementClickable(findTestObject(orPath_Landing + "/button_Continue"), 5): Object 'Object Repository/RAD_Pages/Landing_Page/button_Continue' is not clickable after 5 second(s)

2021-11-08 12:14:02 - [MESSAGE][WARNING] - Object 'Object Repository/RAD_Pages/Landing_Page/button_Continue' is not clickable after 5 second(s)

2021-11-08 12:14:02 - [TEST_STEP][FAILED] - click(findTestObject(orPath_Landing + "/button_Continue")): Unable to click on object 'Object Repository/RAD_Pages/Landing_Page/button_Continue' (Root cause: com.kms.katalon.core.exception.StepFailedException: Unable to click on object 'Object Repository/RAD_Pages/Landing_Page/button_Continue'
	at com.kms.katalon.core.webui.keyword.internal.WebUIKeywordMain.stepFailed(WebUIKeywordMain.groovy:64)
	at com.kms.katalon.core.webui.keyword.internal.WebUIKeywordMain.runKeyword(WebUIKeywordMain.groovy:26)
	at com.kms.katalon.core.webui.keyword.builtin.ClickKeyword.click(ClickKeyword.groovy:75)
	at com.kms.katalon.core.webui.keyword.builtin.ClickKeyword.execute(ClickKeyword.groovy:42)
	at com.kms.katalon.core.keyword.internal.KeywordExecutor.executeKeywordForPlatform(KeywordExecutor.groovy:74)
	at com.kms.katalon.core.webui.keyword.WebUiBuiltInKeywords.click(WebUiBuiltInKeywords.groovy:620)
	at com.kms.katalon.core.webui.keyword.WebUiBuiltInKeywords$click$10.call(Unknown Source)
	at PersonalIncomeTax_MRF_TC.run(PersonalIncomeTax_MRF_TC:41)
	at com.kms.katalon.core.main.ScriptEngine.run(ScriptEngine.java:194)
	at com.kms.katalon.core.main.ScriptEngine.runScriptAsRawText(ScriptEngine.java:119)
	at com.kms.katalon.core.main.TestCaseExecutor.runScript(TestCaseExecutor.java:430)
	at com.kms.katalon.core.main.TestCaseExecutor.doExecute(TestCaseExecutor.java:421)
	at com.kms.katalon.core.main.TestCaseExecutor.processExecutionPhase(TestCaseExecutor.java:400)
	at com.kms.katalon.core.main.TestCaseExecutor.accessMainPhase(TestCaseExecutor.java:392)
	at com.kms.katalon.core.main.TestCaseExecutor.execute(TestCaseExecutor.java:273)
	at com.kms.katalon.core.main.TestSuiteExecutor.accessTestCaseMainPhase(TestSuiteExecutor.java:202)
	at com.kms.katalon.core.main.TestSuiteExecutor.accessTestSuiteMainPhase(TestSuiteExecutor.java:164)
	at com.kms.katalon.core.main.TestSuiteExecutor.execute(TestSuiteExecutor.java:105)
	at com.kms.katalon.core.main.TestCaseMain.startTestSuite(TestCaseMain.java:185)
	at com.kms.katalon.core.main.TestCaseMain$startTestSuite$0.call(Unknown Source)
	at TempTestSuite1636391403401.run(TempTestSuite1636391403401.groovy:36)
Caused by: org.openqa.selenium.ElementClickInterceptedException: element click intercepted: Element <button class="btn btn-primary float-end w-auto disablecontinue" disabled="">...</button> is not clickable at point (1046, 801). Other element would receive the click: <div class="w-100 mt-auto pt-3">...</div>
  (Session info: chrome=95.0.4638.69)
Build info: version: '3.141.59', revision: 'e82be7d358', time: '2018-11-14T08:25:53'
System info: host: 'DESKTOP-B2QI6NS', ip: '172.30.2.167', os.name: 'Windows 10', os.arch: 'amd64', os.version: '10.0', java.version: '1.8.0_181'
Driver info: com.kms.katalon.selenium.driver.CChromeDriver
Capabilities {acceptInsecureCerts: true, browserName: chrome, browserVersion: 95.0.4638.69, chrome: {chromedriverVersion: 95.0.4638.54 (d31a821ec901f..., userDataDir: C:\Users\iahmed\AppData\Loc...}, goog:chromeOptions: {debuggerAddress: localhost:54693}, javascriptEnabled: true, networkConnectionEnabled: false, pageLoadStrategy: normal, platform: WINDOWS, platformName: WINDOWS, proxy: Proxy(), setWindowRect: true, strictFileInteractability: false, timeouts: {implicit: 0, pageLoad: 300000, script: 30000}, unhandledPromptBehavior: dismiss and notify, webauthn:extension:credBlob: true, webauthn:extension:largeBlob: true, webauthn:virtualAuthenticators: true}
Session ID: 4897756190e78abfd3d6426337421c8e
	at org.openqa.selenium.remote.http.W3CHttpResponseCodec.createException(W3CHttpResponseCodec.java:187)
	at org.openqa.selenium.remote.http.W3CHttpResponseCodec.decode(W3CHttpResponseCodec.java:122)
	at org.openqa.selenium.remote.http.W3CHttpResponseCodec.decode(W3CHttpResponseCodec.java:49)
	at org.openqa.selenium.remote.HttpCommandExecutor.execute(HttpCommandExecutor.java:158)
	at org.openqa.selenium.remote.service.DriverCommandExecutor.execute(DriverCommandExecutor.java:83)
	at org.openqa.selenium.remote.RemoteWebDriver.execute(RemoteWebDriver.java:552)
	at com.kms.katalon.selenium.driver.CChromeDriver.execute(CChromeDriver.java:19)
	at org.openqa.selenium.remote.RemoteWebElement.execute(RemoteWebElement.java:285)
	at org.openqa.selenium.remote.RemoteWebElement.click(RemoteWebElement.java:84)
	at org.openqa.selenium.support.events.EventFiringWebDriver$EventFiringWebElement.lambda$new$0(EventFiringWebDriver.java:404)
	at com.sun.proxy.$Proxy11.click(Unknown Source)
	at org.openqa.selenium.support.events.EventFiringWebDriver$EventFiringWebElement.click(EventFiringWebDriver.java:417)
	at com.kms.katalon.core.webui.keyword.builtin.ClickKeyword$_click_closure1.doCall(ClickKeyword.groovy:68)
	at com.kms.katalon.core.webui.keyword.builtin.ClickKeyword$_click_closure1.call(ClickKeyword.groovy)
	at com.kms.katalon.core.webui.keyword.internal.WebUIKeywordMain.runKeyword(WebUIKeywordMain.groovy:20)
	at com.kms.katalon.core.webui.keyword.builtin.ClickKeyword.click(ClickKeyword.groovy:75)
	at com.kms.katalon.core.webui.keyword.builtin.ClickKeyword.execute(ClickKeyword.groovy:42)
	at com.kms.katalon.core.keyword.internal.KeywordExecutor.executeKeywordForPlatform(KeywordExecutor.groovy:74)
	at com.kms.katalon.core.webui.keyword.WebUiBuiltInKeywords.click(WebUiBuiltInKeywords.groovy:620)
	at com.kms.katalon.core.webui.keyword.WebUiBuiltInKeywords$click$10.call(Unknown Source)
	at Script1634610782044.run(Script1634610782044.groovy:41)
	... 13 more
)

2021-11-08 12:14:04 - [MESSAGE][FAILED] - Unable to click on object 'Object Repository/RAD_Pages/Landing_Page/button_Continue' (Root cause: com.kms.katalon.core.exception.StepFailedException: Unable to click on object 'Object Repository/RAD_Pages/Landing_Page/button_Continue'
	at com.kms.katalon.core.webui.keyword.internal.WebUIKeywordMain.stepFailed(WebUIKeywordMain.groovy:64)
	at com.kms.katalon.core.webui.keyword.internal.WebUIKeywordMain.runKeyword(WebUIKeywordMain.groovy:26)
	at com.kms.katalon.core.webui.keyword.builtin.ClickKeyword.click(ClickKeyword.groovy:75)
	at com.kms.katalon.core.webui.keyword.builtin.ClickKeyword.execute(ClickKeyword.groovy:42)
	at com.kms.katalon.core.keyword.internal.KeywordExecutor.executeKeywordForPlatform(KeywordExecutor.groovy:74)
	at com.kms.katalon.core.webui.keyword.WebUiBuiltInKeywords.click(WebUiBuiltInKeywords.groovy:620)
	at com.kms.katalon.core.webui.keyword.WebUiBuiltInKeywords$click$10.call(Unknown Source)
	at PersonalIncomeTax_MRF_TC.run(PersonalIncomeTax_MRF_TC:41)
	at com.kms.katalon.core.main.ScriptEngine.run(ScriptEngine.java:194)
	at com.kms.katalon.core.main.ScriptEngine.runScriptAsRawText(ScriptEngine.java:119)
	at com.kms.katalon.core.main.TestCaseExecutor.runScript(TestCaseExecutor.java:430)
	at com.kms.katalon.core.main.TestCaseExecutor.doExecute(TestCaseExecutor.java:421)
	at com.kms.katalon.core.main.TestCaseExecutor.processExecutionPhase(TestCaseExecutor.java:400)
	at com.kms.katalon.core.main.TestCaseExecutor.accessMainPhase(TestCaseExecutor.java:392)
	at com.kms.katalon.core.main.TestCaseExecutor.execute(TestCaseExecutor.java:273)
	at com.kms.katalon.core.main.TestSuiteExecutor.accessTestCaseMainPhase(TestSuiteExecutor.java:202)
	at com.kms.katalon.core.main.TestSuiteExecutor.accessTestSuiteMainPhase(TestSuiteExecutor.java:164)
	at com.kms.katalon.core.main.TestSuiteExecutor.execute(TestSuiteExecutor.java:105)
	at com.kms.katalon.core.main.TestCaseMain.startTestSuite(TestCaseMain.java:185)
	at com.kms.katalon.core.main.TestCaseMain$startTestSuite$0.call(Unknown Source)
	at TempTestSuite1636391403401.run(TempTestSuite1636391403401.groovy:36)
Caused by: org.openqa.selenium.ElementClickInterceptedException: element click intercepted: Element <button class="btn btn-primary float-end w-auto disablecontinue" disabled="">...</button> is not clickable at point (1046, 801). Other element would receive the click: <div class="w-100 mt-auto pt-3">...</div>
  (Session info: chrome=95.0.4638.69)
Build info: version: '3.141.59', revision: 'e82be7d358', time: '2018-11-14T08:25:53'
System info: host: 'DESKTOP-B2QI6NS', ip: '172.30.2.167', os.name: 'Windows 10', os.arch: 'amd64', os.version: '10.0', java.version: '1.8.0_181'
Driver info: com.kms.katalon.selenium.driver.CChromeDriver
Capabilities {acceptInsecureCerts: true, browserName: chrome, browserVersion: 95.0.4638.69, chrome: {chromedriverVersion: 95.0.4638.54 (d31a821ec901f..., userDataDir: C:\Users\iahmed\AppData\Loc...}, goog:chromeOptions: {debuggerAddress: localhost:54693}, javascriptEnabled: true, networkConnectionEnabled: false, pageLoadStrategy: normal, platform: WINDOWS, platformName: WINDOWS, proxy: Proxy(), setWindowRect: true, strictFileInteractability: false, timeouts: {implicit: 0, pageLoad: 300000, script: 30000}, unhandledPromptBehavior: dismiss and notify, webauthn:extension:credBlob: true, webauthn:extension:largeBlob: true, webauthn:virtualAuthenticators: true}
Session ID: 4897756190e78abfd3d6426337421c8e
	at org.openqa.selenium.remote.http.W3CHttpResponseCodec.createException(W3CHttpResponseCodec.java:187)
	at org.openqa.selenium.remote.http.W3CHttpResponseCodec.decode(W3CHttpResponseCodec.java:122)
	at org.openqa.selenium.remote.http.W3CHttpResponseCodec.decode(W3CHttpResponseCodec.java:49)
	at org.openqa.selenium.remote.HttpCommandExecutor.execute(HttpCommandExecutor.java:158)
	at org.openqa.selenium.remote.service.DriverCommandExecutor.execute(DriverCommandExecutor.java:83)
	at org.openqa.selenium.remote.RemoteWebDriver.execute(RemoteWebDriver.java:552)
	at com.kms.katalon.selenium.driver.CChromeDriver.execute(CChromeDriver.java:19)
	at org.openqa.selenium.remote.RemoteWebElement.execute(RemoteWebElement.java:285)
	at org.openqa.selenium.remote.RemoteWebElement.click(RemoteWebElement.java:84)
	at org.openqa.selenium.support.events.EventFiringWebDriver$EventFiringWebElement.lambda$new$0(EventFiringWebDriver.java:404)
	at com.sun.proxy.$Proxy11.click(Unknown Source)
	at org.openqa.selenium.support.events.EventFiringWebDriver$EventFiringWebElement.click(EventFiringWebDriver.java:417)
	at com.kms.katalon.core.webui.keyword.builtin.ClickKeyword$_click_closure1.doCall(ClickKeyword.groovy:68)
	at com.kms.katalon.core.webui.keyword.builtin.ClickKeyword$_click_closure1.call(ClickKeyword.groovy)
	at com.kms.katalon.core.webui.keyword.internal.WebUIKeywordMain.runKeyword(WebUIKeywordMain.groovy:20)
	at com.kms.katalon.core.webui.keyword.builtin.ClickKeyword.click(ClickKeyword.groovy:75)
	at com.kms.katalon.core.webui.keyword.builtin.ClickKeyword.execute(ClickKeyword.groovy:42)
	at com.kms.katalon.core.keyword.internal.KeywordExecutor.executeKeywordForPlatform(KeywordExecutor.groovy:74)
	at com.kms.katalon.core.webui.keyword.WebUiBuiltInKeywords.click(WebUiBuiltInKeywords.groovy:620)
	at com.kms.katalon.core.webui.keyword.WebUiBuiltInKeywords$click$10.call(Unknown Source)
	at Script1634610782044.run(Script1634610782044.groovy:41)
	... 13 more
)
[[ATTACHMENT|E:\\Cloned-Project-Katalon\\VPS-Katalon\\Reports\\20211108_121003\\RAD_TestSuite\\RAD_UI_TestSuite\\20211108_121003\\1636391644273.png]]

2021-11-08 12:14:04 - [TEST_STEP][FAILED] - verifyTextPresent("Select a filing year", true): Text 'Select a filing year' is not present on page  using regular expression (Root cause: com.kms.katalon.core.exception.StepFailedException: Text 'Select a filing year' is not present on page  using regular expression
	at com.kms.katalon.core.webui.keyword.internal.WebUIKeywordMain.stepFailed(WebUIKeywordMain.groovy:64)
	at com.kms.katalon.core.webui.keyword.builtin.VerifyTextPresentKeyword$_verifyTextPresent_closure1.doCall(VerifyTextPresentKeyword.groovy:79)
	at com.kms.katalon.core.webui.keyword.builtin.VerifyTextPresentKeyword$_verifyTextPresent_closure1.call(VerifyTextPresentKeyword.groovy)
	at com.kms.katalon.core.webui.keyword.internal.WebUIKeywordMain.runKeyword(WebUIKeywordMain.groovy:20)
	at com.kms.katalon.core.webui.keyword.builtin.VerifyTextPresentKeyword.verifyTextPresent(VerifyTextPresentKeyword.groovy:83)
	at com.kms.katalon.core.webui.keyword.builtin.VerifyTextPresentKeyword.execute(VerifyTextPresentKeyword.groovy:68)
	at com.kms.katalon.core.keyword.internal.KeywordExecutor.executeKeywordForPlatform(KeywordExecutor.groovy:74)
	at com.kms.katalon.core.webui.keyword.WebUiBuiltInKeywords.verifyTextPresent(WebUiBuiltInKeywords.groovy:1723)
	at com.kms.katalon.core.webui.keyword.WebUiBuiltInKeywords$verifyTextPresent$3.call(Unknown Source)
	at PersonalIncomeTax_MRF_TC.run(PersonalIncomeTax_MRF_TC:54)
	at com.kms.katalon.core.main.ScriptEngine.run(ScriptEngine.java:194)
	at com.kms.katalon.core.main.ScriptEngine.runScriptAsRawText(ScriptEngine.java:119)
	at com.kms.katalon.core.main.TestCaseExecutor.runScript(TestCaseExecutor.java:430)
	at com.kms.katalon.core.main.TestCaseExecutor.doExecute(TestCaseExecutor.java:421)
	at com.kms.katalon.core.main.TestCaseExecutor.processExecutionPhase(TestCaseExecutor.java:400)
	at com.kms.katalon.core.main.TestCaseExecutor.accessMainPhase(TestCaseExecutor.java:392)
	at com.kms.katalon.core.main.TestCaseExecutor.execute(TestCaseExecutor.java:273)
	at com.kms.katalon.core.main.TestSuiteExecutor.accessTestCaseMainPhase(TestSuiteExecutor.java:202)
	at com.kms.katalon.core.main.TestSuiteExecutor.accessTestSuiteMainPhase(TestSuiteExecutor.java:164)
	at com.kms.katalon.core.main.TestSuiteExecutor.execute(TestSuiteExecutor.java:105)
	at com.kms.katalon.core.main.TestCaseMain.startTestSuite(TestCaseMain.java:185)
	at com.kms.katalon.core.main.TestCaseMain$startTestSuite$0.call(Unknown Source)
	at TempTestSuite1636391403401.run(TempTestSuite1636391403401.groovy:36)
)

2021-11-08 12:14:04 - [MESSAGE][FAILED] - Text 'Select a filing year' is not present on page  using regular expression (Root cause: com.kms.katalon.core.exception.StepFailedException: Text 'Select a filing year' is not present on page  using regular expression
	at com.kms.katalon.core.webui.keyword.internal.WebUIKeywordMain.stepFailed(WebUIKeywordMain.groovy:64)
	at com.kms.katalon.core.webui.keyword.builtin.VerifyTextPresentKeyword$_verifyTextPresent_closure1.doCall(VerifyTextPresentKeyword.groovy:79)
	at com.kms.katalon.core.webui.keyword.builtin.VerifyTextPresentKeyword$_verifyTextPresent_closure1.call(VerifyTextPresentKeyword.groovy)
	at com.kms.katalon.core.webui.keyword.internal.WebUIKeywordMain.runKeyword(WebUIKeywordMain.groovy:20)
	at com.kms.katalon.core.webui.keyword.builtin.VerifyTextPresentKeyword.verifyTextPresent(VerifyTextPresentKeyword.groovy:83)
	at com.kms.katalon.core.webui.keyword.builtin.VerifyTextPresentKeyword.execute(VerifyTextPresentKeyword.groovy:68)
	at com.kms.katalon.core.keyword.internal.KeywordExecutor.executeKeywordForPlatform(KeywordExecutor.groovy:74)
	at com.kms.katalon.core.webui.keyword.WebUiBuiltInKeywords.verifyTextPresent(WebUiBuiltInKeywords.groovy:1723)
	at com.kms.katalon.core.webui.keyword.WebUiBuiltInKeywords$verifyTextPresent$3.call(Unknown Source)
	at PersonalIncomeTax_MRF_TC.run(PersonalIncomeTax_MRF_TC:54)
	at com.kms.katalon.core.main.ScriptEngine.run(ScriptEngine.java:194)
	at com.kms.katalon.core.main.ScriptEngine.runScriptAsRawText(ScriptEngine.java:119)
	at com.kms.katalon.core.main.TestCaseExecutor.runScript(TestCaseExecutor.java:430)
	at com.kms.katalon.core.main.TestCaseExecutor.doExecute(TestCaseExecutor.java:421)
	at com.kms.katalon.core.main.TestCaseExecutor.processExecutionPhase(TestCaseExecutor.java:400)
	at com.kms.katalon.core.main.TestCaseExecutor.accessMainPhase(TestCaseExecutor.java:392)
	at com.kms.katalon.core.main.TestCaseExecutor.execute(TestCaseExecutor.java:273)
	at com.kms.katalon.core.main.TestSuiteExecutor.accessTestCaseMainPhase(TestSuiteExecutor.java:202)
	at com.kms.katalon.core.main.TestSuiteExecutor.accessTestSuiteMainPhase(TestSuiteExecutor.java:164)
	at com.kms.katalon.core.main.TestSuiteExecutor.execute(TestSuiteExecutor.java:105)
	at com.kms.katalon.core.main.TestCaseMain.startTestSuite(TestCaseMain.java:185)
	at com.kms.katalon.core.main.TestCaseMain$startTestSuite$0.call(Unknown Source)
	at TempTestSuite1636391403401.run(TempTestSuite1636391403401.groovy:36)
)

2021-11-08 12:14:04 - [TEST_STEP][FAILED] - verifyTextPresent("Enter first name", true): Text 'Enter first name' is not present on page  using regular expression (Root cause: com.kms.katalon.core.exception.StepFailedException: Text 'Enter first name' is not present on page  using regular expression
	at com.kms.katalon.core.webui.keyword.internal.WebUIKeywordMain.stepFailed(WebUIKeywordMain.groovy:64)
	at com.kms.katalon.core.webui.keyword.builtin.VerifyTextPresentKeyword$_verifyTextPresent_closure1.doCall(VerifyTextPresentKeyword.groovy:79)
	at com.kms.katalon.core.webui.keyword.builtin.VerifyTextPresentKeyword$_verifyTextPresent_closure1.call(VerifyTextPresentKeyword.groovy)
	at com.kms.katalon.core.webui.keyword.internal.WebUIKeywordMain.runKeyword(WebUIKeywordMain.groovy:20)
	at com.kms.katalon.core.webui.keyword.builtin.VerifyTextPresentKeyword.verifyTextPresent(VerifyTextPresentKeyword.groovy:83)
	at com.kms.katalon.core.webui.keyword.builtin.VerifyTextPresentKeyword.execute(VerifyTextPresentKeyword.groovy:68)
	at com.kms.katalon.core.keyword.internal.KeywordExecutor.executeKeywordForPlatform(KeywordExecutor.groovy:74)
	at com.kms.katalon.core.webui.keyword.WebUiBuiltInKeywords.verifyTextPresent(WebUiBuiltInKeywords.groovy:1723)
	at com.kms.katalon.core.webui.keyword.WebUiBuiltInKeywords$verifyTextPresent$3.call(Unknown Source)
	at PersonalIncomeTax_MRF_TC.run(PersonalIncomeTax_MRF_TC:58)
	at com.kms.katalon.core.main.ScriptEngine.run(ScriptEngine.java:194)
	at com.kms.katalon.core.main.ScriptEngine.runScriptAsRawText(ScriptEngine.java:119)
	at com.kms.katalon.core.main.TestCaseExecutor.runScript(TestCaseExecutor.java:430)
	at com.kms.katalon.core.main.TestCaseExecutor.doExecute(TestCaseExecutor.java:421)
	at com.kms.katalon.core.main.TestCaseExecutor.processExecutionPhase(TestCaseExecutor.java:400)
	at com.kms.katalon.core.main.TestCaseExecutor.accessMainPhase(TestCaseExecutor.java:392)
	at com.kms.katalon.core.main.TestCaseExecutor.execute(TestCaseExecutor.java:273)
	at com.kms.katalon.core.main.TestSuiteExecutor.accessTestCaseMainPhase(TestSuiteExecutor.java:202)
	at com.kms.katalon.core.main.TestSuiteExecutor.accessTestSuiteMainPhase(TestSuiteExecutor.java:164)
	at com.kms.katalon.core.main.TestSuiteExecutor.execute(TestSuiteExecutor.java:105)
	at com.kms.katalon.core.main.TestCaseMain.startTestSuite(TestCaseMain.java:185)
	at com.kms.katalon.core.main.TestCaseMain$startTestSuite$0.call(Unknown Source)
	at TempTestSuite1636391403401.run(TempTestSuite1636391403401.groovy:36)
)

2021-11-08 12:14:05 - [MESSAGE][FAILED] - Text 'Enter first name' is not present on page  using regular expression (Root cause: com.kms.katalon.core.exception.StepFailedException: Text 'Enter first name' is not present on page  using regular expression
	at com.kms.katalon.core.webui.keyword.internal.WebUIKeywordMain.stepFailed(WebUIKeywordMain.groovy:64)
	at com.kms.katalon.core.webui.keyword.builtin.VerifyTextPresentKeyword$_verifyTextPresent_closure1.doCall(VerifyTextPresentKeyword.groovy:79)
	at com.kms.katalon.core.webui.keyword.builtin.VerifyTextPresentKeyword$_verifyTextPresent_closure1.call(VerifyTextPresentKeyword.groovy)
	at com.kms.katalon.core.webui.keyword.internal.WebUIKeywordMain.runKeyword(WebUIKeywordMain.groovy:20)
	at com.kms.katalon.core.webui.keyword.builtin.VerifyTextPresentKeyword.verifyTextPresent(VerifyTextPresentKeyword.groovy:83)
	at com.kms.katalon.core.webui.keyword.builtin.VerifyTextPresentKeyword.execute(VerifyTextPresentKeyword.groovy:68)
	at com.kms.katalon.core.keyword.internal.KeywordExecutor.executeKeywordForPlatform(KeywordExecutor.groovy:74)
	at com.kms.katalon.core.webui.keyword.WebUiBuiltInKeywords.verifyTextPresent(WebUiBuiltInKeywords.groovy:1723)
	at com.kms.katalon.core.webui.keyword.WebUiBuiltInKeywords$verifyTextPresent$3.call(Unknown Source)
	at PersonalIncomeTax_MRF_TC.run(PersonalIncomeTax_MRF_TC:58)
	at com.kms.katalon.core.main.ScriptEngine.run(ScriptEngine.java:194)
	at com.kms.katalon.core.main.ScriptEngine.runScriptAsRawText(ScriptEngine.java:119)
	at com.kms.katalon.core.main.TestCaseExecutor.runScript(TestCaseExecutor.java:430)
	at com.kms.katalon.core.main.TestCaseExecutor.doExecute(TestCaseExecutor.java:421)
	at com.kms.katalon.core.main.TestCaseExecutor.processExecutionPhase(TestCaseExecutor.java:400)
	at com.kms.katalon.core.main.TestCaseExecutor.accessMainPhase(TestCaseExecutor.java:392)
	at com.kms.katalon.core.main.TestCaseExecutor.execute(TestCaseExecutor.java:273)
	at com.kms.katalon.core.main.TestSuiteExecutor.accessTestCaseMainPhase(TestSuiteExecutor.java:202)
	at com.kms.katalon.core.main.TestSuiteExecutor.accessTestSuiteMainPhase(TestSuiteExecutor.java:164)
	at com.kms.katalon.core.main.TestSuiteExecutor.execute(TestSuiteExecutor.java:105)
	at com.kms.katalon.core.main.TestCaseMain.startTestSuite(TestCaseMain.java:185)
	at com.kms.katalon.core.main.TestCaseMain$startTestSuite$0.call(Unknown Source)
	at TempTestSuite1636391403401.run(TempTestSuite1636391403401.groovy:36)
)

2021-11-08 12:14:05 - [TEST_STEP][FAILED] - verifyTextPresent("Enter address", true): Text 'Enter address' is not present on page  using regular expression (Root cause: com.kms.katalon.core.exception.StepFailedException: Text 'Enter address' is not present on page  using regular expression
	at com.kms.katalon.core.webui.keyword.internal.WebUIKeywordMain.stepFailed(WebUIKeywordMain.groovy:64)
	at com.kms.katalon.core.webui.keyword.builtin.VerifyTextPresentKeyword$_verifyTextPresent_closure1.doCall(VerifyTextPresentKeyword.groovy:79)
	at com.kms.katalon.core.webui.keyword.builtin.VerifyTextPresentKeyword$_verifyTextPresent_closure1.call(VerifyTextPresentKeyword.groovy)
	at com.kms.katalon.core.webui.keyword.internal.WebUIKeywordMain.runKeyword(WebUIKeywordMain.groovy:20)
	at com.kms.katalon.core.webui.keyword.builtin.VerifyTextPresentKeyword.verifyTextPresent(VerifyTextPresentKeyword.groovy:83)
	at com.kms.katalon.core.webui.keyword.builtin.VerifyTextPresentKeyword.execute(VerifyTextPresentKeyword.groovy:68)
	at com.kms.katalon.core.keyword.internal.KeywordExecutor.executeKeywordForPlatform(KeywordExecutor.groovy:74)
	at com.kms.katalon.core.webui.keyword.WebUiBuiltInKeywords.verifyTextPresent(WebUiBuiltInKeywords.groovy:1723)
	at com.kms.katalon.core.webui.keyword.WebUiBuiltInKeywords$verifyTextPresent$3.call(Unknown Source)
	at PersonalIncomeTax_MRF_TC.run(PersonalIncomeTax_MRF_TC:70)
	at com.kms.katalon.core.main.ScriptEngine.run(ScriptEngine.java:194)
	at com.kms.katalon.core.main.ScriptEngine.runScriptAsRawText(ScriptEngine.java:119)
	at com.kms.katalon.core.main.TestCaseExecutor.runScript(TestCaseExecutor.java:430)
	at com.kms.katalon.core.main.TestCaseExecutor.doExecute(TestCaseExecutor.java:421)
	at com.kms.katalon.core.main.TestCaseExecutor.processExecutionPhase(TestCaseExecutor.java:400)
	at com.kms.katalon.core.main.TestCaseExecutor.accessMainPhase(TestCaseExecutor.java:392)
	at com.kms.katalon.core.main.TestCaseExecutor.execute(TestCaseExecutor.java:273)
	at com.kms.katalon.core.main.TestSuiteExecutor.accessTestCaseMainPhase(TestSuiteExecutor.java:202)
	at com.kms.katalon.core.main.TestSuiteExecutor.accessTestSuiteMainPhase(TestSuiteExecutor.java:164)
	at com.kms.katalon.core.main.TestSuiteExecutor.execute(TestSuiteExecutor.java:105)
	at com.kms.katalon.core.main.TestCaseMain.startTestSuite(TestCaseMain.java:185)
	at com.kms.katalon.core.main.TestCaseMain$startTestSuite$0.call(Unknown Source)
	at TempTestSuite1636391403401.run(TempTestSuite1636391403401.groovy:36)
)

2021-11-08 12:14:05 - [MESSAGE][FAILED] - Text 'Enter address' is not present on page  using regular expression (Root cause: com.kms.katalon.core.exception.StepFailedException: Text 'Enter address' is not present on page  using regular expression
	at com.kms.katalon.core.webui.keyword.internal.WebUIKeywordMain.stepFailed(WebUIKeywordMain.groovy:64)
	at com.kms.katalon.core.webui.keyword.builtin.VerifyTextPresentKeyword$_verifyTextPresent_closure1.doCall(VerifyTextPresentKeyword.groovy:79)
	at com.kms.katalon.core.webui.keyword.builtin.VerifyTextPresentKeyword$_verifyTextPresent_closure1.call(VerifyTextPresentKeyword.groovy)
	at com.kms.katalon.core.webui.keyword.internal.WebUIKeywordMain.runKeyword(WebUIKeywordMain.groovy:20)
	at com.kms.katalon.core.webui.keyword.builtin.VerifyTextPresentKeyword.verifyTextPresent(VerifyTextPresentKeyword.groovy:83)
	at com.kms.katalon.core.webui.keyword.builtin.VerifyTextPresentKeyword.execute(VerifyTextPresentKeyword.groovy:68)
	at com.kms.katalon.core.keyword.internal.KeywordExecutor.executeKeywordForPlatform(KeywordExecutor.groovy:74)
	at com.kms.katalon.core.webui.keyword.WebUiBuiltInKeywords.verifyTextPresent(WebUiBuiltInKeywords.groovy:1723)
	at com.kms.katalon.core.webui.keyword.WebUiBuiltInKeywords$verifyTextPresent$3.call(Unknown Source)
	at PersonalIncomeTax_MRF_TC.run(PersonalIncomeTax_MRF_TC:70)
	at com.kms.katalon.core.main.ScriptEngine.run(ScriptEngine.java:194)
	at com.kms.katalon.core.main.ScriptEngine.runScriptAsRawText(ScriptEngine.java:119)
	at com.kms.katalon.core.main.TestCaseExecutor.runScript(TestCaseExecutor.java:430)
	at com.kms.katalon.core.main.TestCaseExecutor.doExecute(TestCaseExecutor.java:421)
	at com.kms.katalon.core.main.TestCaseExecutor.processExecutionPhase(TestCaseExecutor.java:400)
	at com.kms.katalon.core.main.TestCaseExecutor.accessMainPhase(TestCaseExecutor.java:392)
	at com.kms.katalon.core.main.TestCaseExecutor.execute(TestCaseExecutor.java:273)
	at com.kms.katalon.core.main.TestSuiteExecutor.accessTestCaseMainPhase(TestSuiteExecutor.java:202)
	at com.kms.katalon.core.main.TestSuiteExecutor.accessTestSuiteMainPhase(TestSuiteExecutor.java:164)
	at com.kms.katalon.core.main.TestSuiteExecutor.execute(TestSuiteExecutor.java:105)
	at com.kms.katalon.core.main.TestCaseMain.startTestSuite(TestCaseMain.java:185)
	at com.kms.katalon.core.main.TestCaseMain$startTestSuite$0.call(Unknown Source)
	at TempTestSuite1636391403401.run(TempTestSuite1636391403401.groovy:36)
)

2021-11-08 12:14:05 - [TEST_STEP][FAILED] - verifyTextPresent("Enter city", true): Text 'Enter city' is not present on page  using regular expression (Root cause: com.kms.katalon.core.exception.StepFailedException: Text 'Enter city' is not present on page  using regular expression
	at com.kms.katalon.core.webui.keyword.internal.WebUIKeywordMain.stepFailed(WebUIKeywordMain.groovy:64)
	at com.kms.katalon.core.webui.keyword.builtin.VerifyTextPresentKeyword$_verifyTextPresent_closure1.doCall(VerifyTextPresentKeyword.groovy:79)
	at com.kms.katalon.core.webui.keyword.builtin.VerifyTextPresentKeyword$_verifyTextPresent_closure1.call(VerifyTextPresentKeyword.groovy)
	at com.kms.katalon.core.webui.keyword.internal.WebUIKeywordMain.runKeyword(WebUIKeywordMain.groovy:20)
	at com.kms.katalon.core.webui.keyword.builtin.VerifyTextPresentKeyword.verifyTextPresent(VerifyTextPresentKeyword.groovy:83)
	at com.kms.katalon.core.webui.keyword.builtin.VerifyTextPresentKeyword.execute(VerifyTextPresentKeyword.groovy:68)
	at com.kms.katalon.core.keyword.internal.KeywordExecutor.executeKeywordForPlatform(KeywordExecutor.groovy:74)
	at com.kms.katalon.core.webui.keyword.WebUiBuiltInKeywords.verifyTextPresent(WebUiBuiltInKeywords.groovy:1723)
	at com.kms.katalon.core.webui.keyword.WebUiBuiltInKeywords$verifyTextPresent$3.call(Unknown Source)
	at PersonalIncomeTax_MRF_TC.run(PersonalIncomeTax_MRF_TC:72)
	at com.kms.katalon.core.main.ScriptEngine.run(ScriptEngine.java:194)
	at com.kms.katalon.core.main.ScriptEngine.runScriptAsRawText(ScriptEngine.java:119)
	at com.kms.katalon.core.main.TestCaseExecutor.runScript(TestCaseExecutor.java:430)
	at com.kms.katalon.core.main.TestCaseExecutor.doExecute(TestCaseExecutor.java:421)
	at com.kms.katalon.core.main.TestCaseExecutor.processExecutionPhase(TestCaseExecutor.java:400)
	at com.kms.katalon.core.main.TestCaseExecutor.accessMainPhase(TestCaseExecutor.java:392)
	at com.kms.katalon.core.main.TestCaseExecutor.execute(TestCaseExecutor.java:273)
	at com.kms.katalon.core.main.TestSuiteExecutor.accessTestCaseMainPhase(TestSuiteExecutor.java:202)
	at com.kms.katalon.core.main.TestSuiteExecutor.accessTestSuiteMainPhase(TestSuiteExecutor.java:164)
	at com.kms.katalon.core.main.TestSuiteExecutor.execute(TestSuiteExecutor.java:105)
	at com.kms.katalon.core.main.TestCaseMain.startTestSuite(TestCaseMain.java:185)
	at com.kms.katalon.core.main.TestCaseMain$startTestSuite$0.call(Unknown Source)
	at TempTestSuite1636391403401.run(TempTestSuite1636391403401.groovy:36)
)

2021-11-08 12:14:05 - [MESSAGE][FAILED] - Text 'Enter city' is not present on page  using regular expression (Root cause: com.kms.katalon.core.exception.StepFailedException: Text 'Enter city' is not present on page  using regular expression
	at com.kms.katalon.core.webui.keyword.internal.WebUIKeywordMain.stepFailed(WebUIKeywordMain.groovy:64)
	at com.kms.katalon.core.webui.keyword.builtin.VerifyTextPresentKeyword$_verifyTextPresent_closure1.doCall(VerifyTextPresentKeyword.groovy:79)
	at com.kms.katalon.core.webui.keyword.builtin.VerifyTextPresentKeyword$_verifyTextPresent_closure1.call(VerifyTextPresentKeyword.groovy)
	at com.kms.katalon.core.webui.keyword.internal.WebUIKeywordMain.runKeyword(WebUIKeywordMain.groovy:20)
	at com.kms.katalon.core.webui.keyword.builtin.VerifyTextPresentKeyword.verifyTextPresent(VerifyTextPresentKeyword.groovy:83)
	at com.kms.katalon.core.webui.keyword.builtin.VerifyTextPresentKeyword.execute(VerifyTextPresentKeyword.groovy:68)
	at com.kms.katalon.core.keyword.internal.KeywordExecutor.executeKeywordForPlatform(KeywordExecutor.groovy:74)
	at com.kms.katalon.core.webui.keyword.WebUiBuiltInKeywords.verifyTextPresent(WebUiBuiltInKeywords.groovy:1723)
	at com.kms.katalon.core.webui.keyword.WebUiBuiltInKeywords$verifyTextPresent$3.call(Unknown Source)
	at PersonalIncomeTax_MRF_TC.run(PersonalIncomeTax_MRF_TC:72)
	at com.kms.katalon.core.main.ScriptEngine.run(ScriptEngine.java:194)
	at com.kms.katalon.core.main.ScriptEngine.runScriptAsRawText(ScriptEngine.java:119)
	at com.kms.katalon.core.main.TestCaseExecutor.runScript(TestCaseExecutor.java:430)
	at com.kms.katalon.core.main.TestCaseExecutor.doExecute(TestCaseExecutor.java:421)
	at com.kms.katalon.core.main.TestCaseExecutor.processExecutionPhase(TestCaseExecutor.java:400)
	at com.kms.katalon.core.main.TestCaseExecutor.accessMainPhase(TestCaseExecutor.java:392)
	at com.kms.katalon.core.main.TestCaseExecutor.execute(TestCaseExecutor.java:273)
	at com.kms.katalon.core.main.TestSuiteExecutor.accessTestCaseMainPhase(TestSuiteExecutor.java:202)
	at com.kms.katalon.core.main.TestSuiteExecutor.accessTestSuiteMainPhase(TestSuiteExecutor.java:164)
	at com.kms.katalon.core.main.TestSuiteExecutor.execute(TestSuiteExecutor.java:105)
	at com.kms.katalon.core.main.TestCaseMain.startTestSuite(TestCaseMain.java:185)
	at com.kms.katalon.core.main.TestCaseMain$startTestSuite$0.call(Unknown Source)
	at TempTestSuite1636391403401.run(TempTestSuite1636391403401.groovy:36)
)

2021-11-08 12:14:05 - [TEST_STEP][FAILED] - verifyTextPresent("Select a state", true): Text 'Select a state' is not present on page  using regular expression (Root cause: com.kms.katalon.core.exception.StepFailedException: Text 'Select a state' is not present on page  using regular expression
	at com.kms.katalon.core.webui.keyword.internal.WebUIKeywordMain.stepFailed(WebUIKeywordMain.groovy:64)
	at com.kms.katalon.core.webui.keyword.builtin.VerifyTextPresentKeyword$_verifyTextPresent_closure1.doCall(VerifyTextPresentKeyword.groovy:79)
	at com.kms.katalon.core.webui.keyword.builtin.VerifyTextPresentKeyword$_verifyTextPresent_closure1.call(VerifyTextPresentKeyword.groovy)
	at com.kms.katalon.core.webui.keyword.internal.WebUIKeywordMain.runKeyword(WebUIKeywordMain.groovy:20)
	at com.kms.katalon.core.webui.keyword.builtin.VerifyTextPresentKeyword.verifyTextPresent(VerifyTextPresentKeyword.groovy:83)
	at com.kms.katalon.core.webui.keyword.builtin.VerifyTextPresentKeyword.execute(VerifyTextPresentKeyword.groovy:68)
	at com.kms.katalon.core.keyword.internal.KeywordExecutor.executeKeywordForPlatform(KeywordExecutor.groovy:74)
	at com.kms.katalon.core.webui.keyword.WebUiBuiltInKeywords.verifyTextPresent(WebUiBuiltInKeywords.groovy:1723)
	at com.kms.katalon.core.webui.keyword.WebUiBuiltInKeywords$verifyTextPresent$3.call(Unknown Source)
	at PersonalIncomeTax_MRF_TC.run(PersonalIncomeTax_MRF_TC:74)
	at com.kms.katalon.core.main.ScriptEngine.run(ScriptEngine.java:194)
	at com.kms.katalon.core.main.ScriptEngine.runScriptAsRawText(ScriptEngine.java:119)
	at com.kms.katalon.core.main.TestCaseExecutor.runScript(TestCaseExecutor.java:430)
	at com.kms.katalon.core.main.TestCaseExecutor.doExecute(TestCaseExecutor.java:421)
	at com.kms.katalon.core.main.TestCaseExecutor.processExecutionPhase(TestCaseExecutor.java:400)
	at com.kms.katalon.core.main.TestCaseExecutor.accessMainPhase(TestCaseExecutor.java:392)
	at com.kms.katalon.core.main.TestCaseExecutor.execute(TestCaseExecutor.java:273)
	at com.kms.katalon.core.main.TestSuiteExecutor.accessTestCaseMainPhase(TestSuiteExecutor.java:202)
	at com.kms.katalon.core.main.TestSuiteExecutor.accessTestSuiteMainPhase(TestSuiteExecutor.java:164)
	at com.kms.katalon.core.main.TestSuiteExecutor.execute(TestSuiteExecutor.java:105)
	at com.kms.katalon.core.main.TestCaseMain.startTestSuite(TestCaseMain.java:185)
	at com.kms.katalon.core.main.TestCaseMain$startTestSuite$0.call(Unknown Source)
	at TempTestSuite1636391403401.run(TempTestSuite1636391403401.groovy:36)
)

2021-11-08 12:14:06 - [MESSAGE][FAILED] - Text 'Select a state' is not present on page  using regular expression (Root cause: com.kms.katalon.core.exception.StepFailedException: Text 'Select a state' is not present on page  using regular expression
	at com.kms.katalon.core.webui.keyword.internal.WebUIKeywordMain.stepFailed(WebUIKeywordMain.groovy:64)
	at com.kms.katalon.core.webui.keyword.builtin.VerifyTextPresentKeyword$_verifyTextPresent_closure1.doCall(VerifyTextPresentKeyword.groovy:79)
	at com.kms.katalon.core.webui.keyword.builtin.VerifyTextPresentKeyword$_verifyTextPresent_closure1.call(VerifyTextPresentKeyword.groovy)
	at com.kms.katalon.core.webui.keyword.internal.WebUIKeywordMain.runKeyword(WebUIKeywordMain.groovy:20)
	at com.kms.katalon.core.webui.keyword.builtin.VerifyTextPresentKeyword.verifyTextPresent(VerifyTextPresentKeyword.groovy:83)
	at com.kms.katalon.core.webui.keyword.builtin.VerifyTextPresentKeyword.execute(VerifyTextPresentKeyword.groovy:68)
	at com.kms.katalon.core.keyword.internal.KeywordExecutor.executeKeywordForPlatform(KeywordExecutor.groovy:74)
	at com.kms.katalon.core.webui.keyword.WebUiBuiltInKeywords.verifyTextPresent(WebUiBuiltInKeywords.groovy:1723)
	at com.kms.katalon.core.webui.keyword.WebUiBuiltInKeywords$verifyTextPresent$3.call(Unknown Source)
	at PersonalIncomeTax_MRF_TC.run(PersonalIncomeTax_MRF_TC:74)
	at com.kms.katalon.core.main.ScriptEngine.run(ScriptEngine.java:194)
	at com.kms.katalon.core.main.ScriptEngine.runScriptAsRawText(ScriptEngine.java:119)
	at com.kms.katalon.core.main.TestCaseExecutor.runScript(TestCaseExecutor.java:430)
	at com.kms.katalon.core.main.TestCaseExecutor.doExecute(TestCaseExecutor.java:421)
	at com.kms.katalon.core.main.TestCaseExecutor.processExecutionPhase(TestCaseExecutor.java:400)
	at com.kms.katalon.core.main.TestCaseExecutor.accessMainPhase(TestCaseExecutor.java:392)
	at com.kms.katalon.core.main.TestCaseExecutor.execute(TestCaseExecutor.java:273)
	at com.kms.katalon.core.main.TestSuiteExecutor.accessTestCaseMainPhase(TestSuiteExecutor.java:202)
	at com.kms.katalon.core.main.TestSuiteExecutor.accessTestSuiteMainPhase(TestSuiteExecutor.java:164)
	at com.kms.katalon.core.main.TestSuiteExecutor.execute(TestSuiteExecutor.java:105)
	at com.kms.katalon.core.main.TestCaseMain.startTestSuite(TestCaseMain.java:185)
	at com.kms.katalon.core.main.TestCaseMain$startTestSuite$0.call(Unknown Source)
	at TempTestSuite1636391403401.run(TempTestSuite1636391403401.groovy:36)
)

2021-11-08 12:14:06 - [TEST_STEP][FAILED] - verifyTextPresent("Enter ZIP code", true): Text 'Enter ZIP code' is not present on page  using regular expression (Root cause: com.kms.katalon.core.exception.StepFailedException: Text 'Enter ZIP code' is not present on page  using regular expression
	at com.kms.katalon.core.webui.keyword.internal.WebUIKeywordMain.stepFailed(WebUIKeywordMain.groovy:64)
	at com.kms.katalon.core.webui.keyword.builtin.VerifyTextPresentKeyword$_verifyTextPresent_closure1.doCall(VerifyTextPresentKeyword.groovy:79)
	at com.kms.katalon.core.webui.keyword.builtin.VerifyTextPresentKeyword$_verifyTextPresent_closure1.call(VerifyTextPresentKeyword.groovy)
	at com.kms.katalon.core.webui.keyword.internal.WebUIKeywordMain.runKeyword(WebUIKeywordMain.groovy:20)
	at com.kms.katalon.core.webui.keyword.builtin.VerifyTextPresentKeyword.verifyTextPresent(VerifyTextPresentKeyword.groovy:83)
	at com.kms.katalon.core.webui.keyword.builtin.VerifyTextPresentKeyword.execute(VerifyTextPresentKeyword.groovy:68)
	at com.kms.katalon.core.keyword.internal.KeywordExecutor.executeKeywordForPlatform(KeywordExecutor.groovy:74)
	at com.kms.katalon.core.webui.keyword.WebUiBuiltInKeywords.verifyTextPresent(WebUiBuiltInKeywords.groovy:1723)
	at com.kms.katalon.core.webui.keyword.WebUiBuiltInKeywords$verifyTextPresent$3.call(Unknown Source)
	at PersonalIncomeTax_MRF_TC.run(PersonalIncomeTax_MRF_TC:76)
	at com.kms.katalon.core.main.ScriptEngine.run(ScriptEngine.java:194)
	at com.kms.katalon.core.main.ScriptEngine.runScriptAsRawText(ScriptEngine.java:119)
	at com.kms.katalon.core.main.TestCaseExecutor.runScript(TestCaseExecutor.java:430)
	at com.kms.katalon.core.main.TestCaseExecutor.doExecute(TestCaseExecutor.java:421)
	at com.kms.katalon.core.main.TestCaseExecutor.processExecutionPhase(TestCaseExecutor.java:400)
	at com.kms.katalon.core.main.TestCaseExecutor.accessMainPhase(TestCaseExecutor.java:392)
	at com.kms.katalon.core.main.TestCaseExecutor.execute(TestCaseExecutor.java:273)
	at com.kms.katalon.core.main.TestSuiteExecutor.accessTestCaseMainPhase(TestSuiteExecutor.java:202)
	at com.kms.katalon.core.main.TestSuiteExecutor.accessTestSuiteMainPhase(TestSuiteExecutor.java:164)
	at com.kms.katalon.core.main.TestSuiteExecutor.execute(TestSuiteExecutor.java:105)
	at com.kms.katalon.core.main.TestCaseMain.startTestSuite(TestCaseMain.java:185)
	at com.kms.katalon.core.main.TestCaseMain$startTestSuite$0.call(Unknown Source)
	at TempTestSuite1636391403401.run(TempTestSuite1636391403401.groovy:36)
)

2021-11-08 12:14:06 - [MESSAGE][FAILED] - Text 'Enter ZIP code' is not present on page  using regular expression (Root cause: com.kms.katalon.core.exception.StepFailedException: Text 'Enter ZIP code' is not present on page  using regular expression
	at com.kms.katalon.core.webui.keyword.internal.WebUIKeywordMain.stepFailed(WebUIKeywordMain.groovy:64)
	at com.kms.katalon.core.webui.keyword.builtin.VerifyTextPresentKeyword$_verifyTextPresent_closure1.doCall(VerifyTextPresentKeyword.groovy:79)
	at com.kms.katalon.core.webui.keyword.builtin.VerifyTextPresentKeyword$_verifyTextPresent_closure1.call(VerifyTextPresentKeyword.groovy)
	at com.kms.katalon.core.webui.keyword.internal.WebUIKeywordMain.runKeyword(WebUIKeywordMain.groovy:20)
	at com.kms.katalon.core.webui.keyword.builtin.VerifyTextPresentKeyword.verifyTextPresent(VerifyTextPresentKeyword.groovy:83)
	at com.kms.katalon.core.webui.keyword.builtin.VerifyTextPresentKeyword.execute(VerifyTextPresentKeyword.groovy:68)
	at com.kms.katalon.core.keyword.internal.KeywordExecutor.executeKeywordForPlatform(KeywordExecutor.groovy:74)
	at com.kms.katalon.core.webui.keyword.WebUiBuiltInKeywords.verifyTextPresent(WebUiBuiltInKeywords.groovy:1723)
	at com.kms.katalon.core.webui.keyword.WebUiBuiltInKeywords$verifyTextPresent$3.call(Unknown Source)
	at PersonalIncomeTax_MRF_TC.run(PersonalIncomeTax_MRF_TC:76)
	at com.kms.katalon.core.main.ScriptEngine.run(ScriptEngine.java:194)
	at com.kms.katalon.core.main.ScriptEngine.runScriptAsRawText(ScriptEngine.java:119)
	at com.kms.katalon.core.main.TestCaseExecutor.runScript(TestCaseExecutor.java:430)
	at com.kms.katalon.core.main.TestCaseExecutor.doExecute(TestCaseExecutor.java:421)
	at com.kms.katalon.core.main.TestCaseExecutor.processExecutionPhase(TestCaseExecutor.java:400)
	at com.kms.katalon.core.main.TestCaseExecutor.accessMainPhase(TestCaseExecutor.java:392)
	at com.kms.katalon.core.main.TestCaseExecutor.execute(TestCaseExecutor.java:273)
	at com.kms.katalon.core.main.TestSuiteExecutor.accessTestCaseMainPhase(TestSuiteExecutor.java:202)
	at com.kms.katalon.core.main.TestSuiteExecutor.accessTestSuiteMainPhase(TestSuiteExecutor.java:164)
	at com.kms.katalon.core.main.TestSuiteExecutor.execute(TestSuiteExecutor.java:105)
	at com.kms.katalon.core.main.TestCaseMain.startTestSuite(TestCaseMain.java:185)
	at com.kms.katalon.core.main.TestCaseMain$startTestSuite$0.call(Unknown Source)
	at TempTestSuite1636391403401.run(TempTestSuite1636391403401.groovy:36)
)

2021-11-08 12:14:06 - [TEST_STEP][FAILED] - verifyTextPresent("Enter a phone number", true): Text 'Enter a phone number' is not present on page  using regular expression (Root cause: com.kms.katalon.core.exception.StepFailedException: Text 'Enter a phone number' is not present on page  using regular expression
	at com.kms.katalon.core.webui.keyword.internal.WebUIKeywordMain.stepFailed(WebUIKeywordMain.groovy:64)
	at com.kms.katalon.core.webui.keyword.builtin.VerifyTextPresentKeyword$_verifyTextPresent_closure1.doCall(VerifyTextPresentKeyword.groovy:79)
	at com.kms.katalon.core.webui.keyword.builtin.VerifyTextPresentKeyword$_verifyTextPresent_closure1.call(VerifyTextPresentKeyword.groovy)
	at com.kms.katalon.core.webui.keyword.internal.WebUIKeywordMain.runKeyword(WebUIKeywordMain.groovy:20)
	at com.kms.katalon.core.webui.keyword.builtin.VerifyTextPresentKeyword.verifyTextPresent(VerifyTextPresentKeyword.groovy:83)
	at com.kms.katalon.core.webui.keyword.builtin.VerifyTextPresentKeyword.execute(VerifyTextPresentKeyword.groovy:68)
	at com.kms.katalon.core.keyword.internal.KeywordExecutor.executeKeywordForPlatform(KeywordExecutor.groovy:74)
	at com.kms.katalon.core.webui.keyword.WebUiBuiltInKeywords.verifyTextPresent(WebUiBuiltInKeywords.groovy:1723)
	at com.kms.katalon.core.webui.keyword.WebUiBuiltInKeywords$verifyTextPresent$3.call(Unknown Source)
	at PersonalIncomeTax_MRF_TC.run(PersonalIncomeTax_MRF_TC:78)
	at com.kms.katalon.core.main.ScriptEngine.run(ScriptEngine.java:194)
	at com.kms.katalon.core.main.ScriptEngine.runScriptAsRawText(ScriptEngine.java:119)
	at com.kms.katalon.core.main.TestCaseExecutor.runScript(TestCaseExecutor.java:430)
	at com.kms.katalon.core.main.TestCaseExecutor.doExecute(TestCaseExecutor.java:421)
	at com.kms.katalon.core.main.TestCaseExecutor.processExecutionPhase(TestCaseExecutor.java:400)
	at com.kms.katalon.core.main.TestCaseExecutor.accessMainPhase(TestCaseExecutor.java:392)
	at com.kms.katalon.core.main.TestCaseExecutor.execute(TestCaseExecutor.java:273)
	at com.kms.katalon.core.main.TestSuiteExecutor.accessTestCaseMainPhase(TestSuiteExecutor.java:202)
	at com.kms.katalon.core.main.TestSuiteExecutor.accessTestSuiteMainPhase(TestSuiteExecutor.java:164)
	at com.kms.katalon.core.main.TestSuiteExecutor.execute(TestSuiteExecutor.java:105)
	at com.kms.katalon.core.main.TestCaseMain.startTestSuite(TestCaseMain.java:185)
	at com.kms.katalon.core.main.TestCaseMain$startTestSuite$0.call(Unknown Source)
	at TempTestSuite1636391403401.run(TempTestSuite1636391403401.groovy:36)
)

2021-11-08 12:14:07 - [MESSAGE][FAILED] - Text 'Enter a phone number' is not present on page  using regular expression (Root cause: com.kms.katalon.core.exception.StepFailedException: Text 'Enter a phone number' is not present on page  using regular expression
	at com.kms.katalon.core.webui.keyword.internal.WebUIKeywordMain.stepFailed(WebUIKeywordMain.groovy:64)
	at com.kms.katalon.core.webui.keyword.builtin.VerifyTextPresentKeyword$_verifyTextPresent_closure1.doCall(VerifyTextPresentKeyword.groovy:79)
	at com.kms.katalon.core.webui.keyword.builtin.VerifyTextPresentKeyword$_verifyTextPresent_closure1.call(VerifyTextPresentKeyword.groovy)
	at com.kms.katalon.core.webui.keyword.internal.WebUIKeywordMain.runKeyword(WebUIKeywordMain.groovy:20)
	at com.kms.katalon.core.webui.keyword.builtin.VerifyTextPresentKeyword.verifyTextPresent(VerifyTextPresentKeyword.groovy:83)
	at com.kms.katalon.core.webui.keyword.builtin.VerifyTextPresentKeyword.execute(VerifyTextPresentKeyword.groovy:68)
	at com.kms.katalon.core.keyword.internal.KeywordExecutor.executeKeywordForPlatform(KeywordExecutor.groovy:74)
	at com.kms.katalon.core.webui.keyword.WebUiBuiltInKeywords.verifyTextPresent(WebUiBuiltInKeywords.groovy:1723)
	at com.kms.katalon.core.webui.keyword.WebUiBuiltInKeywords$verifyTextPresent$3.call(Unknown Source)
	at PersonalIncomeTax_MRF_TC.run(PersonalIncomeTax_MRF_TC:78)
	at com.kms.katalon.core.main.ScriptEngine.run(ScriptEngine.java:194)
	at com.kms.katalon.core.main.ScriptEngine.runScriptAsRawText(ScriptEngine.java:119)
	at com.kms.katalon.core.main.TestCaseExecutor.runScript(TestCaseExecutor.java:430)
	at com.kms.katalon.core.main.TestCaseExecutor.doExecute(TestCaseExecutor.java:421)
	at com.kms.katalon.core.main.TestCaseExecutor.processExecutionPhase(TestCaseExecutor.java:400)
	at com.kms.katalon.core.main.TestCaseExecutor.accessMainPhase(TestCaseExecutor.java:392)
	at com.kms.katalon.core.main.TestCaseExecutor.execute(TestCaseExecutor.java:273)
	at com.kms.katalon.core.main.TestSuiteExecutor.accessTestCaseMainPhase(TestSuiteExecutor.java:202)
	at com.kms.katalon.core.main.TestSuiteExecutor.accessTestSuiteMainPhase(TestSuiteExecutor.java:164)
	at com.kms.katalon.core.main.TestSuiteExecutor.execute(TestSuiteExecutor.java:105)
	at com.kms.katalon.core.main.TestCaseMain.startTestSuite(TestCaseMain.java:185)
	at com.kms.katalon.core.main.TestCaseMain$startTestSuite$0.call(Unknown Source)
	at TempTestSuite1636391403401.run(TempTestSuite1636391403401.groovy:36)
)

2021-11-08 12:14:07 - [TEST_STEP][FAILED] - verifyTextPresent("Enter Email", true): Text 'Enter Email' is not present on page  using regular expression (Root cause: com.kms.katalon.core.exception.StepFailedException: Text 'Enter Email' is not present on page  using regular expression
	at com.kms.katalon.core.webui.keyword.internal.WebUIKeywordMain.stepFailed(WebUIKeywordMain.groovy:64)
	at com.kms.katalon.core.webui.keyword.builtin.VerifyTextPresentKeyword$_verifyTextPresent_closure1.doCall(VerifyTextPresentKeyword.groovy:79)
	at com.kms.katalon.core.webui.keyword.builtin.VerifyTextPresentKeyword$_verifyTextPresent_closure1.call(VerifyTextPresentKeyword.groovy)
	at com.kms.katalon.core.webui.keyword.internal.WebUIKeywordMain.runKeyword(WebUIKeywordMain.groovy:20)
	at com.kms.katalon.core.webui.keyword.builtin.VerifyTextPresentKeyword.verifyTextPresent(VerifyTextPresentKeyword.groovy:83)
	at com.kms.katalon.core.webui.keyword.builtin.VerifyTextPresentKeyword.execute(VerifyTextPresentKeyword.groovy:68)
	at com.kms.katalon.core.keyword.internal.KeywordExecutor.executeKeywordForPlatform(KeywordExecutor.groovy:74)
	at com.kms.katalon.core.webui.keyword.WebUiBuiltInKeywords.verifyTextPresent(WebUiBuiltInKeywords.groovy:1723)
	at com.kms.katalon.core.webui.keyword.WebUiBuiltInKeywords$verifyTextPresent$3.call(Unknown Source)
	at PersonalIncomeTax_MRF_TC.run(PersonalIncomeTax_MRF_TC:80)
	at com.kms.katalon.core.main.ScriptEngine.run(ScriptEngine.java:194)
	at com.kms.katalon.core.main.ScriptEngine.runScriptAsRawText(ScriptEngine.java:119)
	at com.kms.katalon.core.main.TestCaseExecutor.runScript(TestCaseExecutor.java:430)
	at com.kms.katalon.core.main.TestCaseExecutor.doExecute(TestCaseExecutor.java:421)
	at com.kms.katalon.core.main.TestCaseExecutor.processExecutionPhase(TestCaseExecutor.java:400)
	at com.kms.katalon.core.main.TestCaseExecutor.accessMainPhase(TestCaseExecutor.java:392)
	at com.kms.katalon.core.main.TestCaseExecutor.execute(TestCaseExecutor.java:273)
	at com.kms.katalon.core.main.TestSuiteExecutor.accessTestCaseMainPhase(TestSuiteExecutor.java:202)
	at com.kms.katalon.core.main.TestSuiteExecutor.accessTestSuiteMainPhase(TestSuiteExecutor.java:164)
	at com.kms.katalon.core.main.TestSuiteExecutor.execute(TestSuiteExecutor.java:105)
	at com.kms.katalon.core.main.TestCaseMain.startTestSuite(TestCaseMain.java:185)
	at com.kms.katalon.core.main.TestCaseMain$startTestSuite$0.call(Unknown Source)
	at TempTestSuite1636391403401.run(TempTestSuite1636391403401.groovy:36)
)

2021-11-08 12:14:07 - [MESSAGE][FAILED] - Text 'Enter Email' is not present on page  using regular expression (Root cause: com.kms.katalon.core.exception.StepFailedException: Text 'Enter Email' is not present on page  using regular expression
	at com.kms.katalon.core.webui.keyword.internal.WebUIKeywordMain.stepFailed(WebUIKeywordMain.groovy:64)
	at com.kms.katalon.core.webui.keyword.builtin.VerifyTextPresentKeyword$_verifyTextPresent_closure1.doCall(VerifyTextPresentKeyword.groovy:79)
	at com.kms.katalon.core.webui.keyword.builtin.VerifyTextPresentKeyword$_verifyTextPresent_closure1.call(VerifyTextPresentKeyword.groovy)
	at com.kms.katalon.core.webui.keyword.internal.WebUIKeywordMain.runKeyword(WebUIKeywordMain.groovy:20)
	at com.kms.katalon.core.webui.keyword.builtin.VerifyTextPresentKeyword.verifyTextPresent(VerifyTextPresentKeyword.groovy:83)
	at com.kms.katalon.core.webui.keyword.builtin.VerifyTextPresentKeyword.execute(VerifyTextPresentKeyword.groovy:68)
	at com.kms.katalon.core.keyword.internal.KeywordExecutor.executeKeywordForPlatform(KeywordExecutor.groovy:74)
	at com.kms.katalon.core.webui.keyword.WebUiBuiltInKeywords.verifyTextPresent(WebUiBuiltInKeywords.groovy:1723)
	at com.kms.katalon.core.webui.keyword.WebUiBuiltInKeywords$verifyTextPresent$3.call(Unknown Source)
	at PersonalIncomeTax_MRF_TC.run(PersonalIncomeTax_MRF_TC:80)
	at com.kms.katalon.core.main.ScriptEngine.run(ScriptEngine.java:194)
	at com.kms.katalon.core.main.ScriptEngine.runScriptAsRawText(ScriptEngine.java:119)
	at com.kms.katalon.core.main.TestCaseExecutor.runScript(TestCaseExecutor.java:430)
	at com.kms.katalon.core.main.TestCaseExecutor.doExecute(TestCaseExecutor.java:421)
	at com.kms.katalon.core.main.TestCaseExecutor.processExecutionPhase(TestCaseExecutor.java:400)
	at com.kms.katalon.core.main.TestCaseExecutor.accessMainPhase(TestCaseExecutor.java:392)
	at com.kms.katalon.core.main.TestCaseExecutor.execute(TestCaseExecutor.java:273)
	at com.kms.katalon.core.main.TestSuiteExecutor.accessTestCaseMainPhase(TestSuiteExecutor.java:202)
	at com.kms.katalon.core.main.TestSuiteExecutor.accessTestSuiteMainPhase(TestSuiteExecutor.java:164)
	at com.kms.katalon.core.main.TestSuiteExecutor.execute(TestSuiteExecutor.java:105)
	at com.kms.katalon.core.main.TestCaseMain.startTestSuite(TestCaseMain.java:185)
	at com.kms.katalon.core.main.TestCaseMain$startTestSuite$0.call(Unknown Source)
	at TempTestSuite1636391403401.run(TempTestSuite1636391403401.groovy:36)
)

2021-11-08 12:14:07 - [TEST_STEP][FAILED] - verifyTextPresent("The Email and Re-enter email do not match", true): Text 'The Email and Re-enter email do not match' is not present on page  using regular expression (Root cause: com.kms.katalon.core.exception.StepFailedException: Text 'The Email and Re-enter email do not match' is not present on page  using regular expression
	at com.kms.katalon.core.webui.keyword.internal.WebUIKeywordMain.stepFailed(WebUIKeywordMain.groovy:64)
	at com.kms.katalon.core.webui.keyword.builtin.VerifyTextPresentKeyword$_verifyTextPresent_closure1.doCall(VerifyTextPresentKeyword.groovy:79)
	at com.kms.katalon.core.webui.keyword.builtin.VerifyTextPresentKeyword$_verifyTextPresent_closure1.call(VerifyTextPresentKeyword.groovy)
	at com.kms.katalon.core.webui.keyword.internal.WebUIKeywordMain.runKeyword(WebUIKeywordMain.groovy:20)
	at com.kms.katalon.core.webui.keyword.builtin.VerifyTextPresentKeyword.verifyTextPresent(VerifyTextPresentKeyword.groovy:83)
	at com.kms.katalon.core.webui.keyword.builtin.VerifyTextPresentKeyword.execute(VerifyTextPresentKeyword.groovy:68)
	at com.kms.katalon.core.keyword.internal.KeywordExecutor.executeKeywordForPlatform(KeywordExecutor.groovy:74)
	at com.kms.katalon.core.webui.keyword.WebUiBuiltInKeywords.verifyTextPresent(WebUiBuiltInKeywords.groovy:1723)
	at com.kms.katalon.core.webui.keyword.WebUiBuiltInKeywords$verifyTextPresent$3.call(Unknown Source)
	at PersonalIncomeTax_MRF_TC.run(PersonalIncomeTax_MRF_TC:82)
	at com.kms.katalon.core.main.ScriptEngine.run(ScriptEngine.java:194)
	at com.kms.katalon.core.main.ScriptEngine.runScriptAsRawText(ScriptEngine.java:119)
	at com.kms.katalon.core.main.TestCaseExecutor.runScript(TestCaseExecutor.java:430)
	at com.kms.katalon.core.main.TestCaseExecutor.doExecute(TestCaseExecutor.java:421)
	at com.kms.katalon.core.main.TestCaseExecutor.processExecutionPhase(TestCaseExecutor.java:400)
	at com.kms.katalon.core.main.TestCaseExecutor.accessMainPhase(TestCaseExecutor.java:392)
	at com.kms.katalon.core.main.TestCaseExecutor.execute(TestCaseExecutor.java:273)
	at com.kms.katalon.core.main.TestSuiteExecutor.accessTestCaseMainPhase(TestSuiteExecutor.java:202)
	at com.kms.katalon.core.main.TestSuiteExecutor.accessTestSuiteMainPhase(TestSuiteExecutor.java:164)
	at com.kms.katalon.core.main.TestSuiteExecutor.execute(TestSuiteExecutor.java:105)
	at com.kms.katalon.core.main.TestCaseMain.startTestSuite(TestCaseMain.java:185)
	at com.kms.katalon.core.main.TestCaseMain$startTestSuite$0.call(Unknown Source)
	at TempTestSuite1636391403401.run(TempTestSuite1636391403401.groovy:36)
)

2021-11-08 12:14:07 - [MESSAGE][FAILED] - Text 'The Email and Re-enter email do not match' is not present on page  using regular expression (Root cause: com.kms.katalon.core.exception.StepFailedException: Text 'The Email and Re-enter email do not match' is not present on page  using regular expression
	at com.kms.katalon.core.webui.keyword.internal.WebUIKeywordMain.stepFailed(WebUIKeywordMain.groovy:64)
	at com.kms.katalon.core.webui.keyword.builtin.VerifyTextPresentKeyword$_verifyTextPresent_closure1.doCall(VerifyTextPresentKeyword.groovy:79)
	at com.kms.katalon.core.webui.keyword.builtin.VerifyTextPresentKeyword$_verifyTextPresent_closure1.call(VerifyTextPresentKeyword.groovy)
	at com.kms.katalon.core.webui.keyword.internal.WebUIKeywordMain.runKeyword(WebUIKeywordMain.groovy:20)
	at com.kms.katalon.core.webui.keyword.builtin.VerifyTextPresentKeyword.verifyTextPresent(VerifyTextPresentKeyword.groovy:83)
	at com.kms.katalon.core.webui.keyword.builtin.VerifyTextPresentKeyword.execute(VerifyTextPresentKeyword.groovy:68)
	at com.kms.katalon.core.keyword.internal.KeywordExecutor.executeKeywordForPlatform(KeywordExecutor.groovy:74)
	at com.kms.katalon.core.webui.keyword.WebUiBuiltInKeywords.verifyTextPresent(WebUiBuiltInKeywords.groovy:1723)
	at com.kms.katalon.core.webui.keyword.WebUiBuiltInKeywords$verifyTextPresent$3.call(Unknown Source)
	at PersonalIncomeTax_MRF_TC.run(PersonalIncomeTax_MRF_TC:82)
	at com.kms.katalon.core.main.ScriptEngine.run(ScriptEngine.java:194)
	at com.kms.katalon.core.main.ScriptEngine.runScriptAsRawText(ScriptEngine.java:119)
	at com.kms.katalon.core.main.TestCaseExecutor.runScript(TestCaseExecutor.java:430)
	at com.kms.katalon.core.main.TestCaseExecutor.doExecute(TestCaseExecutor.java:421)
	at com.kms.katalon.core.main.TestCaseExecutor.processExecutionPhase(TestCaseExecutor.java:400)
	at com.kms.katalon.core.main.TestCaseExecutor.accessMainPhase(TestCaseExecutor.java:392)
	at com.kms.katalon.core.main.TestCaseExecutor.execute(TestCaseExecutor.java:273)
	at com.kms.katalon.core.main.TestSuiteExecutor.accessTestCaseMainPhase(TestSuiteExecutor.java:202)
	at com.kms.katalon.core.main.TestSuiteExecutor.accessTestSuiteMainPhase(TestSuiteExecutor.java:164)
	at com.kms.katalon.core.main.TestSuiteExecutor.execute(TestSuiteExecutor.java:105)
	at com.kms.katalon.core.main.TestCaseMain.startTestSuite(TestCaseMain.java:185)
	at com.kms.katalon.core.main.TestCaseMain$startTestSuite$0.call(Unknown Source)
	at TempTestSuite1636391403401.run(TempTestSuite1636391403401.groovy:36)
)

2021-11-08 12:14:07 - [TEST_STEP][FAILED] - verifyTextPresent("Payment amount must be greater than zero and less than 10,000,000", true): Text 'Payment amount must be greater than zero and less than 10,000,000' is not present on page  using regular expression (Root cause: com.kms.katalon.core.exception.StepFailedException: Text 'Payment amount must be greater than zero and less than 10,000,000' is not present on page  using regular expression
	at com.kms.katalon.core.webui.keyword.internal.WebUIKeywordMain.stepFailed(WebUIKeywordMain.groovy:64)
	at com.kms.katalon.core.webui.keyword.builtin.VerifyTextPresentKeyword$_verifyTextPresent_closure1.doCall(VerifyTextPresentKeyword.groovy:79)
	at com.kms.katalon.core.webui.keyword.builtin.VerifyTextPresentKeyword$_verifyTextPresent_closure1.call(VerifyTextPresentKeyword.groovy)
	at com.kms.katalon.core.webui.keyword.internal.WebUIKeywordMain.runKeyword(WebUIKeywordMain.groovy:20)
	at com.kms.katalon.core.webui.keyword.builtin.VerifyTextPresentKeyword.verifyTextPresent(VerifyTextPresentKeyword.groovy:83)
	at com.kms.katalon.core.webui.keyword.builtin.VerifyTextPresentKeyword.execute(VerifyTextPresentKeyword.groovy:68)
	at com.kms.katalon.core.keyword.internal.KeywordExecutor.executeKeywordForPlatform(KeywordExecutor.groovy:74)
	at com.kms.katalon.core.webui.keyword.WebUiBuiltInKeywords.verifyTextPresent(WebUiBuiltInKeywords.groovy:1723)
	at com.kms.katalon.core.webui.keyword.WebUiBuiltInKeywords$verifyTextPresent$3.call(Unknown Source)
	at PersonalIncomeTax_MRF_TC.run(PersonalIncomeTax_MRF_TC:86)
	at com.kms.katalon.core.main.ScriptEngine.run(ScriptEngine.java:194)
	at com.kms.katalon.core.main.ScriptEngine.runScriptAsRawText(ScriptEngine.java:119)
	at com.kms.katalon.core.main.TestCaseExecutor.runScript(TestCaseExecutor.java:430)
	at com.kms.katalon.core.main.TestCaseExecutor.doExecute(TestCaseExecutor.java:421)
	at com.kms.katalon.core.main.TestCaseExecutor.processExecutionPhase(TestCaseExecutor.java:400)
	at com.kms.katalon.core.main.TestCaseExecutor.accessMainPhase(TestCaseExecutor.java:392)
	at com.kms.katalon.core.main.TestCaseExecutor.execute(TestCaseExecutor.java:273)
	at com.kms.katalon.core.main.TestSuiteExecutor.accessTestCaseMainPhase(TestSuiteExecutor.java:202)
	at com.kms.katalon.core.main.TestSuiteExecutor.accessTestSuiteMainPhase(TestSuiteExecutor.java:164)
	at com.kms.katalon.core.main.TestSuiteExecutor.execute(TestSuiteExecutor.java:105)
	at com.kms.katalon.core.main.TestCaseMain.startTestSuite(TestCaseMain.java:185)
	at com.kms.katalon.core.main.TestCaseMain$startTestSuite$0.call(Unknown Source)
	at TempTestSuite1636391403401.run(TempTestSuite1636391403401.groovy:36)
)

2021-11-08 12:14:08 - [MESSAGE][FAILED] - Text 'Payment amount must be greater than zero and less than 10,000,000' is not present on page  using regular expression (Root cause: com.kms.katalon.core.exception.StepFailedException: Text 'Payment amount must be greater than zero and less than 10,000,000' is not present on page  using regular expression
	at com.kms.katalon.core.webui.keyword.internal.WebUIKeywordMain.stepFailed(WebUIKeywordMain.groovy:64)
	at com.kms.katalon.core.webui.keyword.builtin.VerifyTextPresentKeyword$_verifyTextPresent_closure1.doCall(VerifyTextPresentKeyword.groovy:79)
	at com.kms.katalon.core.webui.keyword.builtin.VerifyTextPresentKeyword$_verifyTextPresent_closure1.call(VerifyTextPresentKeyword.groovy)
	at com.kms.katalon.core.webui.keyword.internal.WebUIKeywordMain.runKeyword(WebUIKeywordMain.groovy:20)
	at com.kms.katalon.core.webui.keyword.builtin.VerifyTextPresentKeyword.verifyTextPresent(VerifyTextPresentKeyword.groovy:83)
	at com.kms.katalon.core.webui.keyword.builtin.VerifyTextPresentKeyword.execute(VerifyTextPresentKeyword.groovy:68)
	at com.kms.katalon.core.keyword.internal.KeywordExecutor.executeKeywordForPlatform(KeywordExecutor.groovy:74)
	at com.kms.katalon.core.webui.keyword.WebUiBuiltInKeywords.verifyTextPresent(WebUiBuiltInKeywords.groovy:1723)
	at com.kms.katalon.core.webui.keyword.WebUiBuiltInKeywords$verifyTextPresent$3.call(Unknown Source)
	at PersonalIncomeTax_MRF_TC.run(PersonalIncomeTax_MRF_TC:86)
	at com.kms.katalon.core.main.ScriptEngine.run(ScriptEngine.java:194)
	at com.kms.katalon.core.main.ScriptEngine.runScriptAsRawText(ScriptEngine.java:119)
	at com.kms.katalon.core.main.TestCaseExecutor.runScript(TestCaseExecutor.java:430)
	at com.kms.katalon.core.main.TestCaseExecutor.doExecute(TestCaseExecutor.java:421)
	at com.kms.katalon.core.main.TestCaseExecutor.processExecutionPhase(TestCaseExecutor.java:400)
	at com.kms.katalon.core.main.TestCaseExecutor.accessMainPhase(TestCaseExecutor.java:392)
	at com.kms.katalon.core.main.TestCaseExecutor.execute(TestCaseExecutor.java:273)
	at com.kms.katalon.core.main.TestSuiteExecutor.accessTestCaseMainPhase(TestSuiteExecutor.java:202)
	at com.kms.katalon.core.main.TestSuiteExecutor.accessTestSuiteMainPhase(TestSuiteExecutor.java:164)
	at com.kms.katalon.core.main.TestSuiteExecutor.execute(TestSuiteExecutor.java:105)
	at com.kms.katalon.core.main.TestCaseMain.startTestSuite(TestCaseMain.java:185)
	at com.kms.katalon.core.main.TestCaseMain$startTestSuite$0.call(Unknown Source)
	at TempTestSuite1636391403401.run(TempTestSuite1636391403401.groovy:36)
)]]></system-out>
         <system-err><![CDATA[2021-11-08 12:13:49 - [TEST_CASE][FAILED] - Test Cases/RAD_TestCases/MRF_TestCases/PersonalIncomeTax_MRF_TC: Test Cases/RAD_TestCases/MRF_TestCases/PersonalIncomeTax_MRF_TC FAILED.
Reason:
com.kms.katalon.core.exception.StepFailedException: Unable to click on object 'Object Repository/RAD_Pages/Landing_Page/button_Continue' (Root cause: com.kms.katalon.core.exception.StepFailedException: Unable to click on object 'Object Repository/RAD_Pages/Landing_Page/button_Continue'
	at com.kms.katalon.core.webui.keyword.internal.WebUIKeywordMain.stepFailed(WebUIKeywordMain.groovy:64)
	at com.kms.katalon.core.webui.keyword.internal.WebUIKeywordMain.runKeyword(WebUIKeywordMain.groovy:26)
	at com.kms.katalon.core.webui.keyword.builtin.ClickKeyword.click(ClickKeyword.groovy:75)
	at com.kms.katalon.core.webui.keyword.builtin.ClickKeyword.execute(ClickKeyword.groovy:42)
	at com.kms.katalon.core.keyword.internal.KeywordExecutor.executeKeywordForPlatform(KeywordExecutor.groovy:74)
	at com.kms.katalon.core.webui.keyword.WebUiBuiltInKeywords.click(WebUiBuiltInKeywords.groovy:620)
	at com.kms.katalon.core.webui.keyword.WebUiBuiltInKeywords$click$10.call(Unknown Source)
	at PersonalIncomeTax_MRF_TC.run(PersonalIncomeTax_MRF_TC:41)
	at com.kms.katalon.core.main.ScriptEngine.run(ScriptEngine.java:194)
	at com.kms.katalon.core.main.ScriptEngine.runScriptAsRawText(ScriptEngine.java:119)
	at com.kms.katalon.core.main.TestCaseExecutor.runScript(TestCaseExecutor.java:430)
	at com.kms.katalon.core.main.TestCaseExecutor.doExecute(TestCaseExecutor.java:421)
	at com.kms.katalon.core.main.TestCaseExecutor.processExecutionPhase(TestCaseExecutor.java:400)
	at com.kms.katalon.core.main.TestCaseExecutor.accessMainPhase(TestCaseExecutor.java:392)
	at com.kms.katalon.core.main.TestCaseExecutor.execute(TestCaseExecutor.java:273)
	at com.kms.katalon.core.main.TestSuiteExecutor.accessTestCaseMainPhase(TestSuiteExecutor.java:202)
	at com.kms.katalon.core.main.TestSuiteExecutor.accessTestSuiteMainPhase(TestSuiteExecutor.java:164)
	at com.kms.katalon.core.main.TestSuiteExecutor.execute(TestSuiteExecutor.java:105)
	at com.kms.katalon.core.main.TestCaseMain.startTestSuite(TestCaseMain.java:185)
	at com.kms.katalon.core.main.TestCaseMain$startTestSuite$0.call(Unknown Source)
	at TempTestSuite1636391403401.run(TempTestSuite1636391403401.groovy:36)
Caused by: org.openqa.selenium.ElementClickInterceptedException: element click intercepted: Element <button class="btn btn-primary float-end w-auto disablecontinue" disabled="">...</button> is not clickable at point (1046, 801). Other element would receive the click: <div class="w-100 mt-auto pt-3">...</div>
  (Session info: chrome=95.0.4638.69)
Build info: version: '3.141.59', revision: 'e82be7d358', time: '2018-11-14T08:25:53'
System info: host: 'DESKTOP-B2QI6NS', ip: '172.30.2.167', os.name: 'Windows 10', os.arch: 'amd64', os.version: '10.0', java.version: '1.8.0_181'
Driver info: com.kms.katalon.selenium.driver.CChromeDriver
Capabilities {acceptInsecureCerts: true, browserName: chrome, browserVersion: 95.0.4638.69, chrome: {chromedriverVersion: 95.0.4638.54 (d31a821ec901f..., userDataDir: C:\Users\iahmed\AppData\Loc...}, goog:chromeOptions: {debuggerAddress: localhost:54693}, javascriptEnabled: true, networkConnectionEnabled: false, pageLoadStrategy: normal, platform: WINDOWS, platformName: WINDOWS, proxy: Proxy(), setWindowRect: true, strictFileInteractability: false, timeouts: {implicit: 0, pageLoad: 300000, script: 30000}, unhandledPromptBehavior: dismiss and notify, webauthn:extension:credBlob: true, webauthn:extension:largeBlob: true, webauthn:virtualAuthenticators: true}
Session ID: 4897756190e78abfd3d6426337421c8e
	at org.openqa.selenium.remote.http.W3CHttpResponseCodec.createException(W3CHttpResponseCodec.java:187)
	at org.openqa.selenium.remote.http.W3CHttpResponseCodec.decode(W3CHttpResponseCodec.java:122)
	at org.openqa.selenium.remote.http.W3CHttpResponseCodec.decode(W3CHttpResponseCodec.java:49)
	at org.openqa.selenium.remote.HttpCommandExecutor.execute(HttpCommandExecutor.java:158)
	at org.openqa.selenium.remote.service.DriverCommandExecutor.execute(DriverCommandExecutor.java:83)
	at org.openqa.selenium.remote.RemoteWebDriver.execute(RemoteWebDriver.java:552)
	at com.kms.katalon.selenium.driver.CChromeDriver.execute(CChromeDriver.java:19)
	at org.openqa.selenium.remote.RemoteWebElement.execute(RemoteWebElement.java:285)
	at org.openqa.selenium.remote.RemoteWebElement.click(RemoteWebElement.java:84)
	at org.openqa.selenium.support.events.EventFiringWebDriver$EventFiringWebElement.lambda$new$0(EventFiringWebDriver.java:404)
	at com.sun.proxy.$Proxy11.click(Unknown Source)
	at org.openqa.selenium.support.events.EventFiringWebDriver$EventFiringWebElement.click(EventFiringWebDriver.java:417)
	at com.kms.katalon.core.webui.keyword.builtin.ClickKeyword$_click_closure1.doCall(ClickKeyword.groovy:68)
	at com.kms.katalon.core.webui.keyword.builtin.ClickKeyword$_click_closure1.call(ClickKeyword.groovy)
	at com.kms.katalon.core.webui.keyword.internal.WebUIKeywordMain.runKeyword(WebUIKeywordMain.groovy:20)
	at com.kms.katalon.core.webui.keyword.builtin.ClickKeyword.click(ClickKeyword.groovy:75)
	at com.kms.katalon.core.webui.keyword.builtin.ClickKeyword.execute(ClickKeyword.groovy:42)
	at com.kms.katalon.core.keyword.internal.KeywordExecutor.executeKeywordForPlatform(KeywordExecutor.groovy:74)
	at com.kms.katalon.core.webui.keyword.WebUiBuiltInKeywords.click(WebUiBuiltInKeywords.groovy:620)
	at com.kms.katalon.core.webui.keyword.WebUiBuiltInKeywords$click$10.call(Unknown Source)
	at Script1634610782044.run(Script1634610782044.groovy:41)
	... 13 more
)
	at com.kms.katalon.core.keyword.internal.KeywordMain.stepFailed(KeywordMain.groovy:39)
	at com.kms.katalon.core.webui.keyword.internal.WebUIKeywordMain.stepFailed(WebUIKeywordMain.groovy:64)
	at com.kms.katalon.core.webui.keyword.internal.WebUIKeywordMain.runKeyword(WebUIKeywordMain.groovy:26)
	at com.kms.katalon.core.webui.keyword.builtin.ClickKeyword.click(ClickKeyword.groovy:75)
	at com.kms.katalon.core.webui.keyword.builtin.ClickKeyword.execute(ClickKeyword.groovy:42)
	at com.kms.katalon.core.keyword.internal.KeywordExecutor.executeKeywordForPlatform(KeywordExecutor.groovy:74)
	at com.kms.katalon.core.webui.keyword.WebUiBuiltInKeywords.click(WebUiBuiltInKeywords.groovy:620)
	at com.kms.katalon.core.webui.keyword.WebUiBuiltInKeywords$click$10.call(Unknown Source)
	at PersonalIncomeTax_MRF_TC.run(PersonalIncomeTax_MRF_TC:41)
	at com.kms.katalon.core.main.ScriptEngine.run(ScriptEngine.java:194)
	at com.kms.katalon.core.main.ScriptEngine.runScriptAsRawText(ScriptEngine.java:119)
	at com.kms.katalon.core.main.TestCaseExecutor.runScript(TestCaseExecutor.java:430)
	at com.kms.katalon.core.main.TestCaseExecutor.doExecute(TestCaseExecutor.java:421)
	at com.kms.katalon.core.main.TestCaseExecutor.processExecutionPhase(TestCaseExecutor.java:400)
	at com.kms.katalon.core.main.TestCaseExecutor.accessMainPhase(TestCaseExecutor.java:392)
	at com.kms.katalon.core.main.TestCaseExecutor.execute(TestCaseExecutor.java:273)
	at com.kms.katalon.core.main.TestSuiteExecutor.accessTestCaseMainPhase(TestSuiteExecutor.java:202)
	at com.kms.katalon.core.main.TestSuiteExecutor.accessTestSuiteMainPhase(TestSuiteExecutor.java:164)
	at com.kms.katalon.core.main.TestSuiteExecutor.execute(TestSuiteExecutor.java:105)
	at com.kms.katalon.core.main.TestCaseMain.startTestSuite(TestCaseMain.java:185)
	at com.kms.katalon.core.main.TestCaseMain$startTestSuite$0.call(Unknown Source)
	at TempTestSuite1636391403401.run(TempTestSuite1636391403401.groovy:36)
Caused by: com.kms.katalon.core.exception.StepFailedException: Unable to click on object 'Object Repository/RAD_Pages/Landing_Page/button_Continue'
	... 21 more
Caused by: org.openqa.selenium.ElementClickInterceptedException: element click intercepted: Element <button class="btn btn-primary float-end w-auto disablecontinue" disabled="">...</button> is not clickable at point (1046, 801). Other element would receive the click: <div class="w-100 mt-auto pt-3">...</div>
  (Session info: chrome=95.0.4638.69)
Build info: version: '3.141.59', revision: 'e82be7d358', time: '2018-11-14T08:25:53'
System info: host: 'DESKTOP-B2QI6NS', ip: '172.30.2.167', os.name: 'Windows 10', os.arch: 'amd64', os.version: '10.0', java.version: '1.8.0_181'
Driver info: com.kms.katalon.selenium.driver.CChromeDriver
Capabilities {acceptInsecureCerts: true, browserName: chrome, browserVersion: 95.0.4638.69, chrome: {chromedriverVersion: 95.0.4638.54 (d31a821ec901f..., userDataDir: C:\Users\iahmed\AppData\Loc...}, goog:chromeOptions: {debuggerAddress: localhost:54693}, javascriptEnabled: true, networkConnectionEnabled: false, pageLoadStrategy: normal, platform: WINDOWS, platformName: WINDOWS, proxy: Proxy(), setWindowRect: true, strictFileInteractability: false, timeouts: {implicit: 0, pageLoad: 300000, script: 30000}, unhandledPromptBehavior: dismiss and notify, webauthn:extension:credBlob: true, webauthn:extension:largeBlob: true, webauthn:virtualAuthenticators: true}
Session ID: 4897756190e78abfd3d6426337421c8e
	at org.openqa.selenium.remote.http.W3CHttpResponseCodec.createException(W3CHttpResponseCodec.java:187)
	at org.openqa.selenium.remote.http.W3CHttpResponseCodec.decode(W3CHttpResponseCodec.java:122)
	at org.openqa.selenium.remote.http.W3CHttpResponseCodec.decode(W3CHttpResponseCodec.java:49)
	at org.openqa.selenium.remote.HttpCommandExecutor.execute(HttpCommandExecutor.java:158)
	at org.openqa.selenium.remote.service.DriverCommandExecutor.execute(DriverCommandExecutor.java:83)
	at org.openqa.selenium.remote.RemoteWebDriver.execute(RemoteWebDriver.java:552)
	at com.kms.katalon.selenium.driver.CChromeDriver.execute(CChromeDriver.java:19)
	at org.openqa.selenium.remote.RemoteWebElement.execute(RemoteWebElement.java:285)
	at org.openqa.selenium.remote.RemoteWebElement.click(RemoteWebElement.java:84)
	at org.openqa.selenium.support.events.EventFiringWebDriver$EventFiringWebElement.lambda$new$0(EventFiringWebDriver.java:404)
	at com.sun.proxy.$Proxy11.click(Unknown Source)
	at org.openqa.selenium.support.events.EventFiringWebDriver$EventFiringWebElement.click(EventFiringWebDriver.java:417)
	at com.kms.katalon.core.webui.keyword.builtin.ClickKeyword$_click_closure1.doCall(ClickKeyword.groovy:68)
	at com.kms.katalon.core.webui.keyword.builtin.ClickKeyword$_click_closure1.call(ClickKeyword.groovy)
	at com.kms.katalon.core.webui.keyword.internal.WebUIKeywordMain.runKeyword(WebUIKeywordMain.groovy:20)
	... 19 more]]></system-err>
      </testcase>
      <testcase name="Test Cases/RAD_TestCases/MRF_TestCases/ExtensionPayments_MRF_TC" time="19.014" classname="Test Cases/RAD_TestCases/MRF_TestCases/ExtensionPayments_MRF_TC" status="FAILED">
         <failure type="FAILED" message="Test Cases/RAD_TestCases/MRF_TestCases/ExtensionPayments_MRF_TC FAILED.
Reason:
com.kms.katalon.core.exception.StepFailedException: Unable to click on object 'Object Repository/RAD_Pages/Landing_Page/button_Continue' (Root cause: com.kms.katalon.core.exception.StepFailedException: Unable to click on object 'Object Repository/RAD_Pages/Landing_Page/button_Continue'
	at com.kms.katalon.core.webui.keyword.internal.WebUIKeywordMain.stepFailed(WebUIKeywordMain.groovy:64)
	at com.kms.katalon.core.webui.keyword.internal.WebUIKeywordMain.runKeyword(WebUIKeywordMain.groovy:26)
	at com.kms.katalon.core.webui.keyword.builtin.ClickKeyword.click(ClickKeyword.groovy:75)
	at com.kms.katalon.core.webui.keyword.builtin.ClickKeyword.execute(ClickKeyword.groovy:42)
	at com.kms.katalon.core.keyword.internal.KeywordExecutor.executeKeywordForPlatform(KeywordExecutor.groovy:74)
	at com.kms.katalon.core.webui.keyword.WebUiBuiltInKeywords.click(WebUiBuiltInKeywords.groovy:620)
	at com.kms.katalon.core.webui.keyword.WebUiBuiltInKeywords$click$10.call(Unknown Source)
	at ExtensionPayments_MRF_TC.run(ExtensionPayments_MRF_TC:41)
	at com.kms.katalon.core.main.ScriptEngine.run(ScriptEngine.java:194)
	at com.kms.katalon.core.main.ScriptEngine.runScriptAsRawText(ScriptEngine.java:119)
	at com.kms.katalon.core.main.TestCaseExecutor.runScript(TestCaseExecutor.java:430)
	at com.kms.katalon.core.main.TestCaseExecutor.doExecute(TestCaseExecutor.java:421)
	at com.kms.katalon.core.main.TestCaseExecutor.processExecutionPhase(TestCaseExecutor.java:400)
	at com.kms.katalon.core.main.TestCaseExecutor.accessMainPhase(TestCaseExecutor.java:392)
	at com.kms.katalon.core.main.TestCaseExecutor.execute(TestCaseExecutor.java:273)
	at com.kms.katalon.core.main.TestSuiteExecutor.accessTestCaseMainPhase(TestSuiteExecutor.java:202)
	at com.kms.katalon.core.main.TestSuiteExecutor.accessTestSuiteMainPhase(TestSuiteExecutor.java:164)
	at com.kms.katalon.core.main.TestSuiteExecutor.execute(TestSuiteExecutor.java:105)
	at com.kms.katalon.core.main.TestCaseMain.startTestSuite(TestCaseMain.java:185)
	at com.kms.katalon.core.main.TestCaseMain$startTestSuite$0.call(Unknown Source)
	at TempTestSuite1636391403401.run(TempTestSuite1636391403401.groovy:36)
Caused by: org.openqa.selenium.ElementClickInterceptedException: element click intercepted: Element &lt;button class=&quot;btn btn-primary float-end w-auto disablecontinue&quot; disabled=&quot;&quot;>...&lt;/button> is not clickable at point (1046, 801). Other element would receive the click: &lt;div class=&quot;w-100 mt-auto pt-3&quot;>...&lt;/div>
  (Session info: chrome=95.0.4638.69)
Build info: version: '3.141.59', revision: 'e82be7d358', time: '2018-11-14T08:25:53'
System info: host: 'DESKTOP-B2QI6NS', ip: '172.30.2.167', os.name: 'Windows 10', os.arch: 'amd64', os.version: '10.0', java.version: '1.8.0_181'
Driver info: com.kms.katalon.selenium.driver.CChromeDriver
Capabilities {acceptInsecureCerts: true, browserName: chrome, browserVersion: 95.0.4638.69, chrome: {chromedriverVersion: 95.0.4638.54 (d31a821ec901f..., userDataDir: C:\Users\iahmed\AppData\Loc...}, goog:chromeOptions: {debuggerAddress: localhost:54731}, javascriptEnabled: true, networkConnectionEnabled: false, pageLoadStrategy: normal, platform: WINDOWS, platformName: WINDOWS, proxy: Proxy(), setWindowRect: true, strictFileInteractability: false, timeouts: {implicit: 0, pageLoad: 300000, script: 30000}, unhandledPromptBehavior: dismiss and notify, webauthn:extension:credBlob: true, webauthn:extension:largeBlob: true, webauthn:virtualAuthenticators: true}
Session ID: 88f3c1e2fdf400131f61e850303775fc
	at org.openqa.selenium.remote.http.W3CHttpResponseCodec.createException(W3CHttpResponseCodec.java:187)
	at org.openqa.selenium.remote.http.W3CHttpResponseCodec.decode(W3CHttpResponseCodec.java:122)
	at org.openqa.selenium.remote.http.W3CHttpResponseCodec.decode(W3CHttpResponseCodec.java:49)
	at org.openqa.selenium.remote.HttpCommandExecutor.execute(HttpCommandExecutor.java:158)
	at org.openqa.selenium.remote.service.DriverCommandExecutor.execute(DriverCommandExecutor.java:83)
	at org.openqa.selenium.remote.RemoteWebDriver.execute(RemoteWebDriver.java:552)
	at com.kms.katalon.selenium.driver.CChromeDriver.execute(CChromeDriver.java:19)
	at org.openqa.selenium.remote.RemoteWebElement.execute(RemoteWebElement.java:285)
	at org.openqa.selenium.remote.RemoteWebElement.click(RemoteWebElement.java:84)
	at org.openqa.selenium.support.events.EventFiringWebDriver$EventFiringWebElement.lambda$new$0(EventFiringWebDriver.java:404)
	at com.sun.proxy.$Proxy11.click(Unknown Source)
	at org.openqa.selenium.support.events.EventFiringWebDriver$EventFiringWebElement.click(EventFiringWebDriver.java:417)
	at com.kms.katalon.core.webui.keyword.builtin.ClickKeyword$_click_closure1.doCall(ClickKeyword.groovy:68)
	at com.kms.katalon.core.webui.keyword.builtin.ClickKeyword$_click_closure1.call(ClickKeyword.groovy)
	at com.kms.katalon.core.webui.keyword.internal.WebUIKeywordMain.runKeyword(WebUIKeywordMain.groovy:20)
	at com.kms.katalon.core.webui.keyword.builtin.ClickKeyword.click(ClickKeyword.groovy:75)
	at com.kms.katalon.core.webui.keyword.builtin.ClickKeyword.execute(ClickKeyword.groovy:42)
	at com.kms.katalon.core.keyword.internal.KeywordExecutor.executeKeywordForPlatform(KeywordExecutor.groovy:74)
	at com.kms.katalon.core.webui.keyword.WebUiBuiltInKeywords.click(WebUiBuiltInKeywords.groovy:620)
	at com.kms.katalon.core.webui.keyword.WebUiBuiltInKeywords$click$10.call(Unknown Source)
	at Script1634611424888.run(Script1634611424888.groovy:41)
	... 13 more
)
	at com.kms.katalon.core.keyword.internal.KeywordMain.stepFailed(KeywordMain.groovy:39)
	at com.kms.katalon.core.webui.keyword.internal.WebUIKeywordMain.stepFailed(WebUIKeywordMain.groovy:64)
	at com.kms.katalon.core.webui.keyword.internal.WebUIKeywordMain.runKeyword(WebUIKeywordMain.groovy:26)
	at com.kms.katalon.core.webui.keyword.builtin.ClickKeyword.click(ClickKeyword.groovy:75)
	at com.kms.katalon.core.webui.keyword.builtin.ClickKeyword.execute(ClickKeyword.groovy:42)
	at com.kms.katalon.core.keyword.internal.KeywordExecutor.executeKeywordForPlatform(KeywordExecutor.groovy:74)
	at com.kms.katalon.core.webui.keyword.WebUiBuiltInKeywords.click(WebUiBuiltInKeywords.groovy:620)
	at com.kms.katalon.core.webui.keyword.WebUiBuiltInKeywords$click$10.call(Unknown Source)
	at ExtensionPayments_MRF_TC.run(ExtensionPayments_MRF_TC:41)
	at com.kms.katalon.core.main.ScriptEngine.run(ScriptEngine.java:194)
	at com.kms.katalon.core.main.ScriptEngine.runScriptAsRawText(ScriptEngine.java:119)
	at com.kms.katalon.core.main.TestCaseExecutor.runScript(TestCaseExecutor.java:430)
	at com.kms.katalon.core.main.TestCaseExecutor.doExecute(TestCaseExecutor.java:421)
	at com.kms.katalon.core.main.TestCaseExecutor.processExecutionPhase(TestCaseExecutor.java:400)
	at com.kms.katalon.core.main.TestCaseExecutor.accessMainPhase(TestCaseExecutor.java:392)
	at com.kms.katalon.core.main.TestCaseExecutor.execute(TestCaseExecutor.java:273)
	at com.kms.katalon.core.main.TestSuiteExecutor.accessTestCaseMainPhase(TestSuiteExecutor.java:202)
	at com.kms.katalon.core.main.TestSuiteExecutor.accessTestSuiteMainPhase(TestSuiteExecutor.java:164)
	at com.kms.katalon.core.main.TestSuiteExecutor.execute(TestSuiteExecutor.java:105)
	at com.kms.katalon.core.main.TestCaseMain.startTestSuite(TestCaseMain.java:185)
	at com.kms.katalon.core.main.TestCaseMain$startTestSuite$0.call(Unknown Source)
	at TempTestSuite1636391403401.run(TempTestSuite1636391403401.groovy:36)
Caused by: com.kms.katalon.core.exception.StepFailedException: Unable to click on object 'Object Repository/RAD_Pages/Landing_Page/button_Continue'
	... 21 more
Caused by: org.openqa.selenium.ElementClickInterceptedException: element click intercepted: Element &lt;button class=&quot;btn btn-primary float-end w-auto disablecontinue&quot; disabled=&quot;&quot;>...&lt;/button> is not clickable at point (1046, 801). Other element would receive the click: &lt;div class=&quot;w-100 mt-auto pt-3&quot;>...&lt;/div>
  (Session info: chrome=95.0.4638.69)
Build info: version: '3.141.59', revision: 'e82be7d358', time: '2018-11-14T08:25:53'
System info: host: 'DESKTOP-B2QI6NS', ip: '172.30.2.167', os.name: 'Windows 10', os.arch: 'amd64', os.version: '10.0', java.version: '1.8.0_181'
Driver info: com.kms.katalon.selenium.driver.CChromeDriver
Capabilities {acceptInsecureCerts: true, browserName: chrome, browserVersion: 95.0.4638.69, chrome: {chromedriverVersion: 95.0.4638.54 (d31a821ec901f..., userDataDir: C:\Users\iahmed\AppData\Loc...}, goog:chromeOptions: {debuggerAddress: localhost:54731}, javascriptEnabled: true, networkConnectionEnabled: false, pageLoadStrategy: normal, platform: WINDOWS, platformName: WINDOWS, proxy: Proxy(), setWindowRect: true, strictFileInteractability: false, timeouts: {implicit: 0, pageLoad: 300000, script: 30000}, unhandledPromptBehavior: dismiss and notify, webauthn:extension:credBlob: true, webauthn:extension:largeBlob: true, webauthn:virtualAuthenticators: true}
Session ID: 88f3c1e2fdf400131f61e850303775fc
	at org.openqa.selenium.remote.http.W3CHttpResponseCodec.createException(W3CHttpResponseCodec.java:187)
	at org.openqa.selenium.remote.http.W3CHttpResponseCodec.decode(W3CHttpResponseCodec.java:122)
	at org.openqa.selenium.remote.http.W3CHttpResponseCodec.decode(W3CHttpResponseCodec.java:49)
	at org.openqa.selenium.remote.HttpCommandExecutor.execute(HttpCommandExecutor.java:158)
	at org.openqa.selenium.remote.service.DriverCommandExecutor.execute(DriverCommandExecutor.java:83)
	at org.openqa.selenium.remote.RemoteWebDriver.execute(RemoteWebDriver.java:552)
	at com.kms.katalon.selenium.driver.CChromeDriver.execute(CChromeDriver.java:19)
	at org.openqa.selenium.remote.RemoteWebElement.execute(RemoteWebElement.java:285)
	at org.openqa.selenium.remote.RemoteWebElement.click(RemoteWebElement.java:84)
	at org.openqa.selenium.support.events.EventFiringWebDriver$EventFiringWebElement.lambda$new$0(EventFiringWebDriver.java:404)
	at com.sun.proxy.$Proxy11.click(Unknown Source)
	at org.openqa.selenium.support.events.EventFiringWebDriver$EventFiringWebElement.click(EventFiringWebDriver.java:417)
	at com.kms.katalon.core.webui.keyword.builtin.ClickKeyword$_click_closure1.doCall(ClickKeyword.groovy:68)
	at com.kms.katalon.core.webui.keyword.builtin.ClickKeyword$_click_closure1.call(ClickKeyword.groovy)
	at com.kms.katalon.core.webui.keyword.internal.WebUIKeywordMain.runKeyword(WebUIKeywordMain.groovy:20)
	... 19 more
"/>
         <system-out><![CDATA[2021-11-08 12:14:08 - [TEST_CASE][FAILED] - Test Cases/RAD_TestCases/MRF_TestCases/ExtensionPayments_MRF_TC: Test Cases/RAD_TestCases/MRF_TestCases/ExtensionPayments_MRF_TC FAILED.
Reason:
com.kms.katalon.core.exception.StepFailedException: Unable to click on object 'Object Repository/RAD_Pages/Landing_Page/button_Continue' (Root cause: com.kms.katalon.core.exception.StepFailedException: Unable to click on object 'Object Repository/RAD_Pages/Landing_Page/button_Continue'
	at com.kms.katalon.core.webui.keyword.internal.WebUIKeywordMain.stepFailed(WebUIKeywordMain.groovy:64)
	at com.kms.katalon.core.webui.keyword.internal.WebUIKeywordMain.runKeyword(WebUIKeywordMain.groovy:26)
	at com.kms.katalon.core.webui.keyword.builtin.ClickKeyword.click(ClickKeyword.groovy:75)
	at com.kms.katalon.core.webui.keyword.builtin.ClickKeyword.execute(ClickKeyword.groovy:42)
	at com.kms.katalon.core.keyword.internal.KeywordExecutor.executeKeywordForPlatform(KeywordExecutor.groovy:74)
	at com.kms.katalon.core.webui.keyword.WebUiBuiltInKeywords.click(WebUiBuiltInKeywords.groovy:620)
	at com.kms.katalon.core.webui.keyword.WebUiBuiltInKeywords$click$10.call(Unknown Source)
	at ExtensionPayments_MRF_TC.run(ExtensionPayments_MRF_TC:41)
	at com.kms.katalon.core.main.ScriptEngine.run(ScriptEngine.java:194)
	at com.kms.katalon.core.main.ScriptEngine.runScriptAsRawText(ScriptEngine.java:119)
	at com.kms.katalon.core.main.TestCaseExecutor.runScript(TestCaseExecutor.java:430)
	at com.kms.katalon.core.main.TestCaseExecutor.doExecute(TestCaseExecutor.java:421)
	at com.kms.katalon.core.main.TestCaseExecutor.processExecutionPhase(TestCaseExecutor.java:400)
	at com.kms.katalon.core.main.TestCaseExecutor.accessMainPhase(TestCaseExecutor.java:392)
	at com.kms.katalon.core.main.TestCaseExecutor.execute(TestCaseExecutor.java:273)
	at com.kms.katalon.core.main.TestSuiteExecutor.accessTestCaseMainPhase(TestSuiteExecutor.java:202)
	at com.kms.katalon.core.main.TestSuiteExecutor.accessTestSuiteMainPhase(TestSuiteExecutor.java:164)
	at com.kms.katalon.core.main.TestSuiteExecutor.execute(TestSuiteExecutor.java:105)
	at com.kms.katalon.core.main.TestCaseMain.startTestSuite(TestCaseMain.java:185)
	at com.kms.katalon.core.main.TestCaseMain$startTestSuite$0.call(Unknown Source)
	at TempTestSuite1636391403401.run(TempTestSuite1636391403401.groovy:36)
Caused by: org.openqa.selenium.ElementClickInterceptedException: element click intercepted: Element <button class="btn btn-primary float-end w-auto disablecontinue" disabled="">...</button> is not clickable at point (1046, 801). Other element would receive the click: <div class="w-100 mt-auto pt-3">...</div>
  (Session info: chrome=95.0.4638.69)
Build info: version: '3.141.59', revision: 'e82be7d358', time: '2018-11-14T08:25:53'
System info: host: 'DESKTOP-B2QI6NS', ip: '172.30.2.167', os.name: 'Windows 10', os.arch: 'amd64', os.version: '10.0', java.version: '1.8.0_181'
Driver info: com.kms.katalon.selenium.driver.CChromeDriver
Capabilities {acceptInsecureCerts: true, browserName: chrome, browserVersion: 95.0.4638.69, chrome: {chromedriverVersion: 95.0.4638.54 (d31a821ec901f..., userDataDir: C:\Users\iahmed\AppData\Loc...}, goog:chromeOptions: {debuggerAddress: localhost:54731}, javascriptEnabled: true, networkConnectionEnabled: false, pageLoadStrategy: normal, platform: WINDOWS, platformName: WINDOWS, proxy: Proxy(), setWindowRect: true, strictFileInteractability: false, timeouts: {implicit: 0, pageLoad: 300000, script: 30000}, unhandledPromptBehavior: dismiss and notify, webauthn:extension:credBlob: true, webauthn:extension:largeBlob: true, webauthn:virtualAuthenticators: true}
Session ID: 88f3c1e2fdf400131f61e850303775fc
	at org.openqa.selenium.remote.http.W3CHttpResponseCodec.createException(W3CHttpResponseCodec.java:187)
	at org.openqa.selenium.remote.http.W3CHttpResponseCodec.decode(W3CHttpResponseCodec.java:122)
	at org.openqa.selenium.remote.http.W3CHttpResponseCodec.decode(W3CHttpResponseCodec.java:49)
	at org.openqa.selenium.remote.HttpCommandExecutor.execute(HttpCommandExecutor.java:158)
	at org.openqa.selenium.remote.service.DriverCommandExecutor.execute(DriverCommandExecutor.java:83)
	at org.openqa.selenium.remote.RemoteWebDriver.execute(RemoteWebDriver.java:552)
	at com.kms.katalon.selenium.driver.CChromeDriver.execute(CChromeDriver.java:19)
	at org.openqa.selenium.remote.RemoteWebElement.execute(RemoteWebElement.java:285)
	at org.openqa.selenium.remote.RemoteWebElement.click(RemoteWebElement.java:84)
	at org.openqa.selenium.support.events.EventFiringWebDriver$EventFiringWebElement.lambda$new$0(EventFiringWebDriver.java:404)
	at com.sun.proxy.$Proxy11.click(Unknown Source)
	at org.openqa.selenium.support.events.EventFiringWebDriver$EventFiringWebElement.click(EventFiringWebDriver.java:417)
	at com.kms.katalon.core.webui.keyword.builtin.ClickKeyword$_click_closure1.doCall(ClickKeyword.groovy:68)
	at com.kms.katalon.core.webui.keyword.builtin.ClickKeyword$_click_closure1.call(ClickKeyword.groovy)
	at com.kms.katalon.core.webui.keyword.internal.WebUIKeywordMain.runKeyword(WebUIKeywordMain.groovy:20)
	at com.kms.katalon.core.webui.keyword.builtin.ClickKeyword.click(ClickKeyword.groovy:75)
	at com.kms.katalon.core.webui.keyword.builtin.ClickKeyword.execute(ClickKeyword.groovy:42)
	at com.kms.katalon.core.keyword.internal.KeywordExecutor.executeKeywordForPlatform(KeywordExecutor.groovy:74)
	at com.kms.katalon.core.webui.keyword.WebUiBuiltInKeywords.click(WebUiBuiltInKeywords.groovy:620)
	at com.kms.katalon.core.webui.keyword.WebUiBuiltInKeywords$click$10.call(Unknown Source)
	at Script1634611424888.run(Script1634611424888.groovy:41)
	... 13 more
)
	at com.kms.katalon.core.keyword.internal.KeywordMain.stepFailed(KeywordMain.groovy:39)
	at com.kms.katalon.core.webui.keyword.internal.WebUIKeywordMain.stepFailed(WebUIKeywordMain.groovy:64)
	at com.kms.katalon.core.webui.keyword.internal.WebUIKeywordMain.runKeyword(WebUIKeywordMain.groovy:26)
	at com.kms.katalon.core.webui.keyword.builtin.ClickKeyword.click(ClickKeyword.groovy:75)
	at com.kms.katalon.core.webui.keyword.builtin.ClickKeyword.execute(ClickKeyword.groovy:42)
	at com.kms.katalon.core.keyword.internal.KeywordExecutor.executeKeywordForPlatform(KeywordExecutor.groovy:74)
	at com.kms.katalon.core.webui.keyword.WebUiBuiltInKeywords.click(WebUiBuiltInKeywords.groovy:620)
	at com.kms.katalon.core.webui.keyword.WebUiBuiltInKeywords$click$10.call(Unknown Source)
	at ExtensionPayments_MRF_TC.run(ExtensionPayments_MRF_TC:41)
	at com.kms.katalon.core.main.ScriptEngine.run(ScriptEngine.java:194)
	at com.kms.katalon.core.main.ScriptEngine.runScriptAsRawText(ScriptEngine.java:119)
	at com.kms.katalon.core.main.TestCaseExecutor.runScript(TestCaseExecutor.java:430)
	at com.kms.katalon.core.main.TestCaseExecutor.doExecute(TestCaseExecutor.java:421)
	at com.kms.katalon.core.main.TestCaseExecutor.processExecutionPhase(TestCaseExecutor.java:400)
	at com.kms.katalon.core.main.TestCaseExecutor.accessMainPhase(TestCaseExecutor.java:392)
	at com.kms.katalon.core.main.TestCaseExecutor.execute(TestCaseExecutor.java:273)
	at com.kms.katalon.core.main.TestSuiteExecutor.accessTestCaseMainPhase(TestSuiteExecutor.java:202)
	at com.kms.katalon.core.main.TestSuiteExecutor.accessTestSuiteMainPhase(TestSuiteExecutor.java:164)
	at com.kms.katalon.core.main.TestSuiteExecutor.execute(TestSuiteExecutor.java:105)
	at com.kms.katalon.core.main.TestCaseMain.startTestSuite(TestCaseMain.java:185)
	at com.kms.katalon.core.main.TestCaseMain$startTestSuite$0.call(Unknown Source)
	at TempTestSuite1636391403401.run(TempTestSuite1636391403401.groovy:36)
Caused by: com.kms.katalon.core.exception.StepFailedException: Unable to click on object 'Object Repository/RAD_Pages/Landing_Page/button_Continue'
	... 21 more
Caused by: org.openqa.selenium.ElementClickInterceptedException: element click intercepted: Element <button class="btn btn-primary float-end w-auto disablecontinue" disabled="">...</button> is not clickable at point (1046, 801). Other element would receive the click: <div class="w-100 mt-auto pt-3">...</div>
  (Session info: chrome=95.0.4638.69)
Build info: version: '3.141.59', revision: 'e82be7d358', time: '2018-11-14T08:25:53'
System info: host: 'DESKTOP-B2QI6NS', ip: '172.30.2.167', os.name: 'Windows 10', os.arch: 'amd64', os.version: '10.0', java.version: '1.8.0_181'
Driver info: com.kms.katalon.selenium.driver.CChromeDriver
Capabilities {acceptInsecureCerts: true, browserName: chrome, browserVersion: 95.0.4638.69, chrome: {chromedriverVersion: 95.0.4638.54 (d31a821ec901f..., userDataDir: C:\Users\iahmed\AppData\Loc...}, goog:chromeOptions: {debuggerAddress: localhost:54731}, javascriptEnabled: true, networkConnectionEnabled: false, pageLoadStrategy: normal, platform: WINDOWS, platformName: WINDOWS, proxy: Proxy(), setWindowRect: true, strictFileInteractability: false, timeouts: {implicit: 0, pageLoad: 300000, script: 30000}, unhandledPromptBehavior: dismiss and notify, webauthn:extension:credBlob: true, webauthn:extension:largeBlob: true, webauthn:virtualAuthenticators: true}
Session ID: 88f3c1e2fdf400131f61e850303775fc
	at org.openqa.selenium.remote.http.W3CHttpResponseCodec.createException(W3CHttpResponseCodec.java:187)
	at org.openqa.selenium.remote.http.W3CHttpResponseCodec.decode(W3CHttpResponseCodec.java:122)
	at org.openqa.selenium.remote.http.W3CHttpResponseCodec.decode(W3CHttpResponseCodec.java:49)
	at org.openqa.selenium.remote.HttpCommandExecutor.execute(HttpCommandExecutor.java:158)
	at org.openqa.selenium.remote.service.DriverCommandExecutor.execute(DriverCommandExecutor.java:83)
	at org.openqa.selenium.remote.RemoteWebDriver.execute(RemoteWebDriver.java:552)
	at com.kms.katalon.selenium.driver.CChromeDriver.execute(CChromeDriver.java:19)
	at org.openqa.selenium.remote.RemoteWebElement.execute(RemoteWebElement.java:285)
	at org.openqa.selenium.remote.RemoteWebElement.click(RemoteWebElement.java:84)
	at org.openqa.selenium.support.events.EventFiringWebDriver$EventFiringWebElement.lambda$new$0(EventFiringWebDriver.java:404)
	at com.sun.proxy.$Proxy11.click(Unknown Source)
	at org.openqa.selenium.support.events.EventFiringWebDriver$EventFiringWebElement.click(EventFiringWebDriver.java:417)
	at com.kms.katalon.core.webui.keyword.builtin.ClickKeyword$_click_closure1.doCall(ClickKeyword.groovy:68)
	at com.kms.katalon.core.webui.keyword.builtin.ClickKeyword$_click_closure1.call(ClickKeyword.groovy)
	at com.kms.katalon.core.webui.keyword.internal.WebUIKeywordMain.runKeyword(WebUIKeywordMain.groovy:20)
	... 19 more


2021-11-08 12:14:08 - [TEST_STEP][PASSED] - openBrowser(""): Browser is opened with url: ''

2021-11-08 12:14:08 - [MESSAGE][WARNING] - A browser is already opened. Closing browser and opening a new one

2021-11-08 12:14:09 - [MESSAGE][INFO] - Starting 'Chrome' driver

2021-11-08 12:14:09 - [MESSAGE][INFO] - User set preference: ['acceptInsecureCerts', 'true']

2021-11-08 12:14:09 - [MESSAGE][INFO] - Action delay is set to 0 milliseconds

2021-11-08 12:14:10 - [MESSAGE][PASSED] - Browser is opened with url: ''

2021-11-08 12:14:10 - [TEST_STEP][PASSED] - maximizeWindow(): Current window maximized

2021-11-08 12:14:10 - [MESSAGE][PASSED] - Current window maximized

2021-11-08 12:14:10 - [TEST_STEP][PASSED] - navigateToUrl(RADurl): Navigate to 'https://qa.velocitypayment.com/client/rad/index.html' successfully

2021-11-08 12:14:13 - [MESSAGE][PASSED] - Navigate to 'https://qa.velocitypayment.com/client/rad/index.html' successfully

2021-11-08 12:14:13 - [TEST_STEP][PASSED] - orPath_Landing = "Object Repository/RAD_Pages/Landing_Page": null

2021-11-08 12:14:13 - [TEST_STEP][PASSED] - orPath_Amount = "Object Repository/RAD_Pages/PaymentAmount_Page": null

2021-11-08 12:14:13 - [TEST_STEP][PASSED] - orPath_FilingStatus = "Object Repository/RAD_Pages/FilingStatus_Page": null

2021-11-08 12:14:13 - [TEST_STEP][PASSED] - orPath_TaxPayer = "Object Repository/RAD_Pages/Taxpayer_Page": null

2021-11-08 12:14:13 - [TEST_STEP][PASSED] - selectOptionByLabel(findTestObject(orPath_Landing + "/dd_TaxType"), "Extension Payments", false): All options with label 'Extension Payments' are selected in object 'Object Repository/RAD_Pages/Landing_Page/dd_TaxType' 

2021-11-08 12:14:13 - [MESSAGE][PASSED] - All options with label 'Extension Payments' are selected in object 'Object Repository/RAD_Pages/Landing_Page/dd_TaxType' 

2021-11-08 12:14:13 - [TEST_STEP][PASSED] - setText(findTestObject("RAD_RecordAndPlay/input_concatSSN"), "123-44-1234"): Text '123-44-1234' is set on object 'Object Repository/RAD_RecordAndPlay/input_concatSSN'

2021-11-08 12:14:14 - [MESSAGE][PASSED] - Text '123-44-1234' is set on object 'Object Repository/RAD_RecordAndPlay/input_concatSSN'

2021-11-08 12:14:14 - [TEST_STEP][PASSED] - setText(findTestObject("RAD_RecordAndPlay/input_concatReSSN"), "123-44-1234"): Text '123-44-1234' is set on object 'Object Repository/RAD_RecordAndPlay/input_concatReSSN'

2021-11-08 12:14:15 - [MESSAGE][PASSED] - Text '123-44-1234' is set on object 'Object Repository/RAD_RecordAndPlay/input_concatReSSN'

2021-11-08 12:14:15 - [TEST_STEP][PASSED] - setText(findTestObject(orPath_TaxPayer + "/input_lastName"), "Anderson"): Text 'Anderson' is set on object 'Object Repository/RAD_Pages/Taxpayer_Page/input_lastName'

2021-11-08 12:14:15 - [MESSAGE][PASSED] - Text 'Anderson' is set on object 'Object Repository/RAD_Pages/Taxpayer_Page/input_lastName'

2021-11-08 12:14:15 - [TEST_STEP][PASSED] - scrollToElement(findTestObject(orPath_Landing + "/button_Continue"), 3): Scroll to object 'Object Repository/RAD_Pages/Landing_Page/button_Continue' successfully

2021-11-08 12:14:16 - [MESSAGE][PASSED] - Scroll to object 'Object Repository/RAD_Pages/Landing_Page/button_Continue' successfully

2021-11-08 12:14:16 - [TEST_STEP][PASSED] - waitForElementClickable(findTestObject(orPath_Landing + "/button_Continue"), 5): Object 'Object Repository/RAD_Pages/Landing_Page/button_Continue' is not clickable after 5 second(s)

2021-11-08 12:14:21 - [MESSAGE][WARNING] - Object 'Object Repository/RAD_Pages/Landing_Page/button_Continue' is not clickable after 5 second(s)

2021-11-08 12:14:21 - [TEST_STEP][FAILED] - click(findTestObject(orPath_Landing + "/button_Continue")): Unable to click on object 'Object Repository/RAD_Pages/Landing_Page/button_Continue' (Root cause: com.kms.katalon.core.exception.StepFailedException: Unable to click on object 'Object Repository/RAD_Pages/Landing_Page/button_Continue'
	at com.kms.katalon.core.webui.keyword.internal.WebUIKeywordMain.stepFailed(WebUIKeywordMain.groovy:64)
	at com.kms.katalon.core.webui.keyword.internal.WebUIKeywordMain.runKeyword(WebUIKeywordMain.groovy:26)
	at com.kms.katalon.core.webui.keyword.builtin.ClickKeyword.click(ClickKeyword.groovy:75)
	at com.kms.katalon.core.webui.keyword.builtin.ClickKeyword.execute(ClickKeyword.groovy:42)
	at com.kms.katalon.core.keyword.internal.KeywordExecutor.executeKeywordForPlatform(KeywordExecutor.groovy:74)
	at com.kms.katalon.core.webui.keyword.WebUiBuiltInKeywords.click(WebUiBuiltInKeywords.groovy:620)
	at com.kms.katalon.core.webui.keyword.WebUiBuiltInKeywords$click$10.call(Unknown Source)
	at ExtensionPayments_MRF_TC.run(ExtensionPayments_MRF_TC:41)
	at com.kms.katalon.core.main.ScriptEngine.run(ScriptEngine.java:194)
	at com.kms.katalon.core.main.ScriptEngine.runScriptAsRawText(ScriptEngine.java:119)
	at com.kms.katalon.core.main.TestCaseExecutor.runScript(TestCaseExecutor.java:430)
	at com.kms.katalon.core.main.TestCaseExecutor.doExecute(TestCaseExecutor.java:421)
	at com.kms.katalon.core.main.TestCaseExecutor.processExecutionPhase(TestCaseExecutor.java:400)
	at com.kms.katalon.core.main.TestCaseExecutor.accessMainPhase(TestCaseExecutor.java:392)
	at com.kms.katalon.core.main.TestCaseExecutor.execute(TestCaseExecutor.java:273)
	at com.kms.katalon.core.main.TestSuiteExecutor.accessTestCaseMainPhase(TestSuiteExecutor.java:202)
	at com.kms.katalon.core.main.TestSuiteExecutor.accessTestSuiteMainPhase(TestSuiteExecutor.java:164)
	at com.kms.katalon.core.main.TestSuiteExecutor.execute(TestSuiteExecutor.java:105)
	at com.kms.katalon.core.main.TestCaseMain.startTestSuite(TestCaseMain.java:185)
	at com.kms.katalon.core.main.TestCaseMain$startTestSuite$0.call(Unknown Source)
	at TempTestSuite1636391403401.run(TempTestSuite1636391403401.groovy:36)
Caused by: org.openqa.selenium.ElementClickInterceptedException: element click intercepted: Element <button class="btn btn-primary float-end w-auto disablecontinue" disabled="">...</button> is not clickable at point (1046, 801). Other element would receive the click: <div class="w-100 mt-auto pt-3">...</div>
  (Session info: chrome=95.0.4638.69)
Build info: version: '3.141.59', revision: 'e82be7d358', time: '2018-11-14T08:25:53'
System info: host: 'DESKTOP-B2QI6NS', ip: '172.30.2.167', os.name: 'Windows 10', os.arch: 'amd64', os.version: '10.0', java.version: '1.8.0_181'
Driver info: com.kms.katalon.selenium.driver.CChromeDriver
Capabilities {acceptInsecureCerts: true, browserName: chrome, browserVersion: 95.0.4638.69, chrome: {chromedriverVersion: 95.0.4638.54 (d31a821ec901f..., userDataDir: C:\Users\iahmed\AppData\Loc...}, goog:chromeOptions: {debuggerAddress: localhost:54731}, javascriptEnabled: true, networkConnectionEnabled: false, pageLoadStrategy: normal, platform: WINDOWS, platformName: WINDOWS, proxy: Proxy(), setWindowRect: true, strictFileInteractability: false, timeouts: {implicit: 0, pageLoad: 300000, script: 30000}, unhandledPromptBehavior: dismiss and notify, webauthn:extension:credBlob: true, webauthn:extension:largeBlob: true, webauthn:virtualAuthenticators: true}
Session ID: 88f3c1e2fdf400131f61e850303775fc
	at org.openqa.selenium.remote.http.W3CHttpResponseCodec.createException(W3CHttpResponseCodec.java:187)
	at org.openqa.selenium.remote.http.W3CHttpResponseCodec.decode(W3CHttpResponseCodec.java:122)
	at org.openqa.selenium.remote.http.W3CHttpResponseCodec.decode(W3CHttpResponseCodec.java:49)
	at org.openqa.selenium.remote.HttpCommandExecutor.execute(HttpCommandExecutor.java:158)
	at org.openqa.selenium.remote.service.DriverCommandExecutor.execute(DriverCommandExecutor.java:83)
	at org.openqa.selenium.remote.RemoteWebDriver.execute(RemoteWebDriver.java:552)
	at com.kms.katalon.selenium.driver.CChromeDriver.execute(CChromeDriver.java:19)
	at org.openqa.selenium.remote.RemoteWebElement.execute(RemoteWebElement.java:285)
	at org.openqa.selenium.remote.RemoteWebElement.click(RemoteWebElement.java:84)
	at org.openqa.selenium.support.events.EventFiringWebDriver$EventFiringWebElement.lambda$new$0(EventFiringWebDriver.java:404)
	at com.sun.proxy.$Proxy11.click(Unknown Source)
	at org.openqa.selenium.support.events.EventFiringWebDriver$EventFiringWebElement.click(EventFiringWebDriver.java:417)
	at com.kms.katalon.core.webui.keyword.builtin.ClickKeyword$_click_closure1.doCall(ClickKeyword.groovy:68)
	at com.kms.katalon.core.webui.keyword.builtin.ClickKeyword$_click_closure1.call(ClickKeyword.groovy)
	at com.kms.katalon.core.webui.keyword.internal.WebUIKeywordMain.runKeyword(WebUIKeywordMain.groovy:20)
	at com.kms.katalon.core.webui.keyword.builtin.ClickKeyword.click(ClickKeyword.groovy:75)
	at com.kms.katalon.core.webui.keyword.builtin.ClickKeyword.execute(ClickKeyword.groovy:42)
	at com.kms.katalon.core.keyword.internal.KeywordExecutor.executeKeywordForPlatform(KeywordExecutor.groovy:74)
	at com.kms.katalon.core.webui.keyword.WebUiBuiltInKeywords.click(WebUiBuiltInKeywords.groovy:620)
	at com.kms.katalon.core.webui.keyword.WebUiBuiltInKeywords$click$10.call(Unknown Source)
	at Script1634611424888.run(Script1634611424888.groovy:41)
	... 13 more
)

2021-11-08 12:14:23 - [MESSAGE][FAILED] - Unable to click on object 'Object Repository/RAD_Pages/Landing_Page/button_Continue' (Root cause: com.kms.katalon.core.exception.StepFailedException: Unable to click on object 'Object Repository/RAD_Pages/Landing_Page/button_Continue'
	at com.kms.katalon.core.webui.keyword.internal.WebUIKeywordMain.stepFailed(WebUIKeywordMain.groovy:64)
	at com.kms.katalon.core.webui.keyword.internal.WebUIKeywordMain.runKeyword(WebUIKeywordMain.groovy:26)
	at com.kms.katalon.core.webui.keyword.builtin.ClickKeyword.click(ClickKeyword.groovy:75)
	at com.kms.katalon.core.webui.keyword.builtin.ClickKeyword.execute(ClickKeyword.groovy:42)
	at com.kms.katalon.core.keyword.internal.KeywordExecutor.executeKeywordForPlatform(KeywordExecutor.groovy:74)
	at com.kms.katalon.core.webui.keyword.WebUiBuiltInKeywords.click(WebUiBuiltInKeywords.groovy:620)
	at com.kms.katalon.core.webui.keyword.WebUiBuiltInKeywords$click$10.call(Unknown Source)
	at ExtensionPayments_MRF_TC.run(ExtensionPayments_MRF_TC:41)
	at com.kms.katalon.core.main.ScriptEngine.run(ScriptEngine.java:194)
	at com.kms.katalon.core.main.ScriptEngine.runScriptAsRawText(ScriptEngine.java:119)
	at com.kms.katalon.core.main.TestCaseExecutor.runScript(TestCaseExecutor.java:430)
	at com.kms.katalon.core.main.TestCaseExecutor.doExecute(TestCaseExecutor.java:421)
	at com.kms.katalon.core.main.TestCaseExecutor.processExecutionPhase(TestCaseExecutor.java:400)
	at com.kms.katalon.core.main.TestCaseExecutor.accessMainPhase(TestCaseExecutor.java:392)
	at com.kms.katalon.core.main.TestCaseExecutor.execute(TestCaseExecutor.java:273)
	at com.kms.katalon.core.main.TestSuiteExecutor.accessTestCaseMainPhase(TestSuiteExecutor.java:202)
	at com.kms.katalon.core.main.TestSuiteExecutor.accessTestSuiteMainPhase(TestSuiteExecutor.java:164)
	at com.kms.katalon.core.main.TestSuiteExecutor.execute(TestSuiteExecutor.java:105)
	at com.kms.katalon.core.main.TestCaseMain.startTestSuite(TestCaseMain.java:185)
	at com.kms.katalon.core.main.TestCaseMain$startTestSuite$0.call(Unknown Source)
	at TempTestSuite1636391403401.run(TempTestSuite1636391403401.groovy:36)
Caused by: org.openqa.selenium.ElementClickInterceptedException: element click intercepted: Element <button class="btn btn-primary float-end w-auto disablecontinue" disabled="">...</button> is not clickable at point (1046, 801). Other element would receive the click: <div class="w-100 mt-auto pt-3">...</div>
  (Session info: chrome=95.0.4638.69)
Build info: version: '3.141.59', revision: 'e82be7d358', time: '2018-11-14T08:25:53'
System info: host: 'DESKTOP-B2QI6NS', ip: '172.30.2.167', os.name: 'Windows 10', os.arch: 'amd64', os.version: '10.0', java.version: '1.8.0_181'
Driver info: com.kms.katalon.selenium.driver.CChromeDriver
Capabilities {acceptInsecureCerts: true, browserName: chrome, browserVersion: 95.0.4638.69, chrome: {chromedriverVersion: 95.0.4638.54 (d31a821ec901f..., userDataDir: C:\Users\iahmed\AppData\Loc...}, goog:chromeOptions: {debuggerAddress: localhost:54731}, javascriptEnabled: true, networkConnectionEnabled: false, pageLoadStrategy: normal, platform: WINDOWS, platformName: WINDOWS, proxy: Proxy(), setWindowRect: true, strictFileInteractability: false, timeouts: {implicit: 0, pageLoad: 300000, script: 30000}, unhandledPromptBehavior: dismiss and notify, webauthn:extension:credBlob: true, webauthn:extension:largeBlob: true, webauthn:virtualAuthenticators: true}
Session ID: 88f3c1e2fdf400131f61e850303775fc
	at org.openqa.selenium.remote.http.W3CHttpResponseCodec.createException(W3CHttpResponseCodec.java:187)
	at org.openqa.selenium.remote.http.W3CHttpResponseCodec.decode(W3CHttpResponseCodec.java:122)
	at org.openqa.selenium.remote.http.W3CHttpResponseCodec.decode(W3CHttpResponseCodec.java:49)
	at org.openqa.selenium.remote.HttpCommandExecutor.execute(HttpCommandExecutor.java:158)
	at org.openqa.selenium.remote.service.DriverCommandExecutor.execute(DriverCommandExecutor.java:83)
	at org.openqa.selenium.remote.RemoteWebDriver.execute(RemoteWebDriver.java:552)
	at com.kms.katalon.selenium.driver.CChromeDriver.execute(CChromeDriver.java:19)
	at org.openqa.selenium.remote.RemoteWebElement.execute(RemoteWebElement.java:285)
	at org.openqa.selenium.remote.RemoteWebElement.click(RemoteWebElement.java:84)
	at org.openqa.selenium.support.events.EventFiringWebDriver$EventFiringWebElement.lambda$new$0(EventFiringWebDriver.java:404)
	at com.sun.proxy.$Proxy11.click(Unknown Source)
	at org.openqa.selenium.support.events.EventFiringWebDriver$EventFiringWebElement.click(EventFiringWebDriver.java:417)
	at com.kms.katalon.core.webui.keyword.builtin.ClickKeyword$_click_closure1.doCall(ClickKeyword.groovy:68)
	at com.kms.katalon.core.webui.keyword.builtin.ClickKeyword$_click_closure1.call(ClickKeyword.groovy)
	at com.kms.katalon.core.webui.keyword.internal.WebUIKeywordMain.runKeyword(WebUIKeywordMain.groovy:20)
	at com.kms.katalon.core.webui.keyword.builtin.ClickKeyword.click(ClickKeyword.groovy:75)
	at com.kms.katalon.core.webui.keyword.builtin.ClickKeyword.execute(ClickKeyword.groovy:42)
	at com.kms.katalon.core.keyword.internal.KeywordExecutor.executeKeywordForPlatform(KeywordExecutor.groovy:74)
	at com.kms.katalon.core.webui.keyword.WebUiBuiltInKeywords.click(WebUiBuiltInKeywords.groovy:620)
	at com.kms.katalon.core.webui.keyword.WebUiBuiltInKeywords$click$10.call(Unknown Source)
	at Script1634611424888.run(Script1634611424888.groovy:41)
	... 13 more
)
[[ATTACHMENT|E:\\Cloned-Project-Katalon\\VPS-Katalon\\Reports\\20211108_121003\\RAD_TestSuite\\RAD_UI_TestSuite\\20211108_121003\\1636391663167.png]]

2021-11-08 12:14:23 - [TEST_STEP][FAILED] - verifyTextPresent("Select a payment type", true): Text 'Select a payment type' is not present on page  using regular expression (Root cause: com.kms.katalon.core.exception.StepFailedException: Text 'Select a payment type' is not present on page  using regular expression
	at com.kms.katalon.core.webui.keyword.internal.WebUIKeywordMain.stepFailed(WebUIKeywordMain.groovy:64)
	at com.kms.katalon.core.webui.keyword.builtin.VerifyTextPresentKeyword$_verifyTextPresent_closure1.doCall(VerifyTextPresentKeyword.groovy:79)
	at com.kms.katalon.core.webui.keyword.builtin.VerifyTextPresentKeyword$_verifyTextPresent_closure1.call(VerifyTextPresentKeyword.groovy)
	at com.kms.katalon.core.webui.keyword.internal.WebUIKeywordMain.runKeyword(WebUIKeywordMain.groovy:20)
	at com.kms.katalon.core.webui.keyword.builtin.VerifyTextPresentKeyword.verifyTextPresent(VerifyTextPresentKeyword.groovy:83)
	at com.kms.katalon.core.webui.keyword.builtin.VerifyTextPresentKeyword.execute(VerifyTextPresentKeyword.groovy:68)
	at com.kms.katalon.core.keyword.internal.KeywordExecutor.executeKeywordForPlatform(KeywordExecutor.groovy:74)
	at com.kms.katalon.core.webui.keyword.WebUiBuiltInKeywords.verifyTextPresent(WebUiBuiltInKeywords.groovy:1723)
	at com.kms.katalon.core.webui.keyword.WebUiBuiltInKeywords$verifyTextPresent$3.call(Unknown Source)
	at ExtensionPayments_MRF_TC.run(ExtensionPayments_MRF_TC:56)
	at com.kms.katalon.core.main.ScriptEngine.run(ScriptEngine.java:194)
	at com.kms.katalon.core.main.ScriptEngine.runScriptAsRawText(ScriptEngine.java:119)
	at com.kms.katalon.core.main.TestCaseExecutor.runScript(TestCaseExecutor.java:430)
	at com.kms.katalon.core.main.TestCaseExecutor.doExecute(TestCaseExecutor.java:421)
	at com.kms.katalon.core.main.TestCaseExecutor.processExecutionPhase(TestCaseExecutor.java:400)
	at com.kms.katalon.core.main.TestCaseExecutor.accessMainPhase(TestCaseExecutor.java:392)
	at com.kms.katalon.core.main.TestCaseExecutor.execute(TestCaseExecutor.java:273)
	at com.kms.katalon.core.main.TestSuiteExecutor.accessTestCaseMainPhase(TestSuiteExecutor.java:202)
	at com.kms.katalon.core.main.TestSuiteExecutor.accessTestSuiteMainPhase(TestSuiteExecutor.java:164)
	at com.kms.katalon.core.main.TestSuiteExecutor.execute(TestSuiteExecutor.java:105)
	at com.kms.katalon.core.main.TestCaseMain.startTestSuite(TestCaseMain.java:185)
	at com.kms.katalon.core.main.TestCaseMain$startTestSuite$0.call(Unknown Source)
	at TempTestSuite1636391403401.run(TempTestSuite1636391403401.groovy:36)
)

2021-11-08 12:14:23 - [MESSAGE][FAILED] - Text 'Select a payment type' is not present on page  using regular expression (Root cause: com.kms.katalon.core.exception.StepFailedException: Text 'Select a payment type' is not present on page  using regular expression
	at com.kms.katalon.core.webui.keyword.internal.WebUIKeywordMain.stepFailed(WebUIKeywordMain.groovy:64)
	at com.kms.katalon.core.webui.keyword.builtin.VerifyTextPresentKeyword$_verifyTextPresent_closure1.doCall(VerifyTextPresentKeyword.groovy:79)
	at com.kms.katalon.core.webui.keyword.builtin.VerifyTextPresentKeyword$_verifyTextPresent_closure1.call(VerifyTextPresentKeyword.groovy)
	at com.kms.katalon.core.webui.keyword.internal.WebUIKeywordMain.runKeyword(WebUIKeywordMain.groovy:20)
	at com.kms.katalon.core.webui.keyword.builtin.VerifyTextPresentKeyword.verifyTextPresent(VerifyTextPresentKeyword.groovy:83)
	at com.kms.katalon.core.webui.keyword.builtin.VerifyTextPresentKeyword.execute(VerifyTextPresentKeyword.groovy:68)
	at com.kms.katalon.core.keyword.internal.KeywordExecutor.executeKeywordForPlatform(KeywordExecutor.groovy:74)
	at com.kms.katalon.core.webui.keyword.WebUiBuiltInKeywords.verifyTextPresent(WebUiBuiltInKeywords.groovy:1723)
	at com.kms.katalon.core.webui.keyword.WebUiBuiltInKeywords$verifyTextPresent$3.call(Unknown Source)
	at ExtensionPayments_MRF_TC.run(ExtensionPayments_MRF_TC:56)
	at com.kms.katalon.core.main.ScriptEngine.run(ScriptEngine.java:194)
	at com.kms.katalon.core.main.ScriptEngine.runScriptAsRawText(ScriptEngine.java:119)
	at com.kms.katalon.core.main.TestCaseExecutor.runScript(TestCaseExecutor.java:430)
	at com.kms.katalon.core.main.TestCaseExecutor.doExecute(TestCaseExecutor.java:421)
	at com.kms.katalon.core.main.TestCaseExecutor.processExecutionPhase(TestCaseExecutor.java:400)
	at com.kms.katalon.core.main.TestCaseExecutor.accessMainPhase(TestCaseExecutor.java:392)
	at com.kms.katalon.core.main.TestCaseExecutor.execute(TestCaseExecutor.java:273)
	at com.kms.katalon.core.main.TestSuiteExecutor.accessTestCaseMainPhase(TestSuiteExecutor.java:202)
	at com.kms.katalon.core.main.TestSuiteExecutor.accessTestSuiteMainPhase(TestSuiteExecutor.java:164)
	at com.kms.katalon.core.main.TestSuiteExecutor.execute(TestSuiteExecutor.java:105)
	at com.kms.katalon.core.main.TestCaseMain.startTestSuite(TestCaseMain.java:185)
	at com.kms.katalon.core.main.TestCaseMain$startTestSuite$0.call(Unknown Source)
	at TempTestSuite1636391403401.run(TempTestSuite1636391403401.groovy:36)
)

2021-11-08 12:14:23 - [TEST_STEP][FAILED] - verifyTextPresent("Enter first name", true): Text 'Enter first name' is not present on page  using regular expression (Root cause: com.kms.katalon.core.exception.StepFailedException: Text 'Enter first name' is not present on page  using regular expression
	at com.kms.katalon.core.webui.keyword.internal.WebUIKeywordMain.stepFailed(WebUIKeywordMain.groovy:64)
	at com.kms.katalon.core.webui.keyword.builtin.VerifyTextPresentKeyword$_verifyTextPresent_closure1.doCall(VerifyTextPresentKeyword.groovy:79)
	at com.kms.katalon.core.webui.keyword.builtin.VerifyTextPresentKeyword$_verifyTextPresent_closure1.call(VerifyTextPresentKeyword.groovy)
	at com.kms.katalon.core.webui.keyword.internal.WebUIKeywordMain.runKeyword(WebUIKeywordMain.groovy:20)
	at com.kms.katalon.core.webui.keyword.builtin.VerifyTextPresentKeyword.verifyTextPresent(VerifyTextPresentKeyword.groovy:83)
	at com.kms.katalon.core.webui.keyword.builtin.VerifyTextPresentKeyword.execute(VerifyTextPresentKeyword.groovy:68)
	at com.kms.katalon.core.keyword.internal.KeywordExecutor.executeKeywordForPlatform(KeywordExecutor.groovy:74)
	at com.kms.katalon.core.webui.keyword.WebUiBuiltInKeywords.verifyTextPresent(WebUiBuiltInKeywords.groovy:1723)
	at com.kms.katalon.core.webui.keyword.WebUiBuiltInKeywords$verifyTextPresent$3.call(Unknown Source)
	at ExtensionPayments_MRF_TC.run(ExtensionPayments_MRF_TC:60)
	at com.kms.katalon.core.main.ScriptEngine.run(ScriptEngine.java:194)
	at com.kms.katalon.core.main.ScriptEngine.runScriptAsRawText(ScriptEngine.java:119)
	at com.kms.katalon.core.main.TestCaseExecutor.runScript(TestCaseExecutor.java:430)
	at com.kms.katalon.core.main.TestCaseExecutor.doExecute(TestCaseExecutor.java:421)
	at com.kms.katalon.core.main.TestCaseExecutor.processExecutionPhase(TestCaseExecutor.java:400)
	at com.kms.katalon.core.main.TestCaseExecutor.accessMainPhase(TestCaseExecutor.java:392)
	at com.kms.katalon.core.main.TestCaseExecutor.execute(TestCaseExecutor.java:273)
	at com.kms.katalon.core.main.TestSuiteExecutor.accessTestCaseMainPhase(TestSuiteExecutor.java:202)
	at com.kms.katalon.core.main.TestSuiteExecutor.accessTestSuiteMainPhase(TestSuiteExecutor.java:164)
	at com.kms.katalon.core.main.TestSuiteExecutor.execute(TestSuiteExecutor.java:105)
	at com.kms.katalon.core.main.TestCaseMain.startTestSuite(TestCaseMain.java:185)
	at com.kms.katalon.core.main.TestCaseMain$startTestSuite$0.call(Unknown Source)
	at TempTestSuite1636391403401.run(TempTestSuite1636391403401.groovy:36)
)

2021-11-08 12:14:24 - [MESSAGE][FAILED] - Text 'Enter first name' is not present on page  using regular expression (Root cause: com.kms.katalon.core.exception.StepFailedException: Text 'Enter first name' is not present on page  using regular expression
	at com.kms.katalon.core.webui.keyword.internal.WebUIKeywordMain.stepFailed(WebUIKeywordMain.groovy:64)
	at com.kms.katalon.core.webui.keyword.builtin.VerifyTextPresentKeyword$_verifyTextPresent_closure1.doCall(VerifyTextPresentKeyword.groovy:79)
	at com.kms.katalon.core.webui.keyword.builtin.VerifyTextPresentKeyword$_verifyTextPresent_closure1.call(VerifyTextPresentKeyword.groovy)
	at com.kms.katalon.core.webui.keyword.internal.WebUIKeywordMain.runKeyword(WebUIKeywordMain.groovy:20)
	at com.kms.katalon.core.webui.keyword.builtin.VerifyTextPresentKeyword.verifyTextPresent(VerifyTextPresentKeyword.groovy:83)
	at com.kms.katalon.core.webui.keyword.builtin.VerifyTextPresentKeyword.execute(VerifyTextPresentKeyword.groovy:68)
	at com.kms.katalon.core.keyword.internal.KeywordExecutor.executeKeywordForPlatform(KeywordExecutor.groovy:74)
	at com.kms.katalon.core.webui.keyword.WebUiBuiltInKeywords.verifyTextPresent(WebUiBuiltInKeywords.groovy:1723)
	at com.kms.katalon.core.webui.keyword.WebUiBuiltInKeywords$verifyTextPresent$3.call(Unknown Source)
	at ExtensionPayments_MRF_TC.run(ExtensionPayments_MRF_TC:60)
	at com.kms.katalon.core.main.ScriptEngine.run(ScriptEngine.java:194)
	at com.kms.katalon.core.main.ScriptEngine.runScriptAsRawText(ScriptEngine.java:119)
	at com.kms.katalon.core.main.TestCaseExecutor.runScript(TestCaseExecutor.java:430)
	at com.kms.katalon.core.main.TestCaseExecutor.doExecute(TestCaseExecutor.java:421)
	at com.kms.katalon.core.main.TestCaseExecutor.processExecutionPhase(TestCaseExecutor.java:400)
	at com.kms.katalon.core.main.TestCaseExecutor.accessMainPhase(TestCaseExecutor.java:392)
	at com.kms.katalon.core.main.TestCaseExecutor.execute(TestCaseExecutor.java:273)
	at com.kms.katalon.core.main.TestSuiteExecutor.accessTestCaseMainPhase(TestSuiteExecutor.java:202)
	at com.kms.katalon.core.main.TestSuiteExecutor.accessTestSuiteMainPhase(TestSuiteExecutor.java:164)
	at com.kms.katalon.core.main.TestSuiteExecutor.execute(TestSuiteExecutor.java:105)
	at com.kms.katalon.core.main.TestCaseMain.startTestSuite(TestCaseMain.java:185)
	at com.kms.katalon.core.main.TestCaseMain$startTestSuite$0.call(Unknown Source)
	at TempTestSuite1636391403401.run(TempTestSuite1636391403401.groovy:36)
)

2021-11-08 12:14:24 - [TEST_STEP][FAILED] - verifyTextPresent("Enter address", true): Text 'Enter address' is not present on page  using regular expression (Root cause: com.kms.katalon.core.exception.StepFailedException: Text 'Enter address' is not present on page  using regular expression
	at com.kms.katalon.core.webui.keyword.internal.WebUIKeywordMain.stepFailed(WebUIKeywordMain.groovy:64)
	at com.kms.katalon.core.webui.keyword.builtin.VerifyTextPresentKeyword$_verifyTextPresent_closure1.doCall(VerifyTextPresentKeyword.groovy:79)
	at com.kms.katalon.core.webui.keyword.builtin.VerifyTextPresentKeyword$_verifyTextPresent_closure1.call(VerifyTextPresentKeyword.groovy)
	at com.kms.katalon.core.webui.keyword.internal.WebUIKeywordMain.runKeyword(WebUIKeywordMain.groovy:20)
	at com.kms.katalon.core.webui.keyword.builtin.VerifyTextPresentKeyword.verifyTextPresent(VerifyTextPresentKeyword.groovy:83)
	at com.kms.katalon.core.webui.keyword.builtin.VerifyTextPresentKeyword.execute(VerifyTextPresentKeyword.groovy:68)
	at com.kms.katalon.core.keyword.internal.KeywordExecutor.executeKeywordForPlatform(KeywordExecutor.groovy:74)
	at com.kms.katalon.core.webui.keyword.WebUiBuiltInKeywords.verifyTextPresent(WebUiBuiltInKeywords.groovy:1723)
	at com.kms.katalon.core.webui.keyword.WebUiBuiltInKeywords$verifyTextPresent$3.call(Unknown Source)
	at ExtensionPayments_MRF_TC.run(ExtensionPayments_MRF_TC:72)
	at com.kms.katalon.core.main.ScriptEngine.run(ScriptEngine.java:194)
	at com.kms.katalon.core.main.ScriptEngine.runScriptAsRawText(ScriptEngine.java:119)
	at com.kms.katalon.core.main.TestCaseExecutor.runScript(TestCaseExecutor.java:430)
	at com.kms.katalon.core.main.TestCaseExecutor.doExecute(TestCaseExecutor.java:421)
	at com.kms.katalon.core.main.TestCaseExecutor.processExecutionPhase(TestCaseExecutor.java:400)
	at com.kms.katalon.core.main.TestCaseExecutor.accessMainPhase(TestCaseExecutor.java:392)
	at com.kms.katalon.core.main.TestCaseExecutor.execute(TestCaseExecutor.java:273)
	at com.kms.katalon.core.main.TestSuiteExecutor.accessTestCaseMainPhase(TestSuiteExecutor.java:202)
	at com.kms.katalon.core.main.TestSuiteExecutor.accessTestSuiteMainPhase(TestSuiteExecutor.java:164)
	at com.kms.katalon.core.main.TestSuiteExecutor.execute(TestSuiteExecutor.java:105)
	at com.kms.katalon.core.main.TestCaseMain.startTestSuite(TestCaseMain.java:185)
	at com.kms.katalon.core.main.TestCaseMain$startTestSuite$0.call(Unknown Source)
	at TempTestSuite1636391403401.run(TempTestSuite1636391403401.groovy:36)
)

2021-11-08 12:14:24 - [MESSAGE][FAILED] - Text 'Enter address' is not present on page  using regular expression (Root cause: com.kms.katalon.core.exception.StepFailedException: Text 'Enter address' is not present on page  using regular expression
	at com.kms.katalon.core.webui.keyword.internal.WebUIKeywordMain.stepFailed(WebUIKeywordMain.groovy:64)
	at com.kms.katalon.core.webui.keyword.builtin.VerifyTextPresentKeyword$_verifyTextPresent_closure1.doCall(VerifyTextPresentKeyword.groovy:79)
	at com.kms.katalon.core.webui.keyword.builtin.VerifyTextPresentKeyword$_verifyTextPresent_closure1.call(VerifyTextPresentKeyword.groovy)
	at com.kms.katalon.core.webui.keyword.internal.WebUIKeywordMain.runKeyword(WebUIKeywordMain.groovy:20)
	at com.kms.katalon.core.webui.keyword.builtin.VerifyTextPresentKeyword.verifyTextPresent(VerifyTextPresentKeyword.groovy:83)
	at com.kms.katalon.core.webui.keyword.builtin.VerifyTextPresentKeyword.execute(VerifyTextPresentKeyword.groovy:68)
	at com.kms.katalon.core.keyword.internal.KeywordExecutor.executeKeywordForPlatform(KeywordExecutor.groovy:74)
	at com.kms.katalon.core.webui.keyword.WebUiBuiltInKeywords.verifyTextPresent(WebUiBuiltInKeywords.groovy:1723)
	at com.kms.katalon.core.webui.keyword.WebUiBuiltInKeywords$verifyTextPresent$3.call(Unknown Source)
	at ExtensionPayments_MRF_TC.run(ExtensionPayments_MRF_TC:72)
	at com.kms.katalon.core.main.ScriptEngine.run(ScriptEngine.java:194)
	at com.kms.katalon.core.main.ScriptEngine.runScriptAsRawText(ScriptEngine.java:119)
	at com.kms.katalon.core.main.TestCaseExecutor.runScript(TestCaseExecutor.java:430)
	at com.kms.katalon.core.main.TestCaseExecutor.doExecute(TestCaseExecutor.java:421)
	at com.kms.katalon.core.main.TestCaseExecutor.processExecutionPhase(TestCaseExecutor.java:400)
	at com.kms.katalon.core.main.TestCaseExecutor.accessMainPhase(TestCaseExecutor.java:392)
	at com.kms.katalon.core.main.TestCaseExecutor.execute(TestCaseExecutor.java:273)
	at com.kms.katalon.core.main.TestSuiteExecutor.accessTestCaseMainPhase(TestSuiteExecutor.java:202)
	at com.kms.katalon.core.main.TestSuiteExecutor.accessTestSuiteMainPhase(TestSuiteExecutor.java:164)
	at com.kms.katalon.core.main.TestSuiteExecutor.execute(TestSuiteExecutor.java:105)
	at com.kms.katalon.core.main.TestCaseMain.startTestSuite(TestCaseMain.java:185)
	at com.kms.katalon.core.main.TestCaseMain$startTestSuite$0.call(Unknown Source)
	at TempTestSuite1636391403401.run(TempTestSuite1636391403401.groovy:36)
)

2021-11-08 12:14:24 - [TEST_STEP][FAILED] - verifyTextPresent("Enter city", true): Text 'Enter city' is not present on page  using regular expression (Root cause: com.kms.katalon.core.exception.StepFailedException: Text 'Enter city' is not present on page  using regular expression
	at com.kms.katalon.core.webui.keyword.internal.WebUIKeywordMain.stepFailed(WebUIKeywordMain.groovy:64)
	at com.kms.katalon.core.webui.keyword.builtin.VerifyTextPresentKeyword$_verifyTextPresent_closure1.doCall(VerifyTextPresentKeyword.groovy:79)
	at com.kms.katalon.core.webui.keyword.builtin.VerifyTextPresentKeyword$_verifyTextPresent_closure1.call(VerifyTextPresentKeyword.groovy)
	at com.kms.katalon.core.webui.keyword.internal.WebUIKeywordMain.runKeyword(WebUIKeywordMain.groovy:20)
	at com.kms.katalon.core.webui.keyword.builtin.VerifyTextPresentKeyword.verifyTextPresent(VerifyTextPresentKeyword.groovy:83)
	at com.kms.katalon.core.webui.keyword.builtin.VerifyTextPresentKeyword.execute(VerifyTextPresentKeyword.groovy:68)
	at com.kms.katalon.core.keyword.internal.KeywordExecutor.executeKeywordForPlatform(KeywordExecutor.groovy:74)
	at com.kms.katalon.core.webui.keyword.WebUiBuiltInKeywords.verifyTextPresent(WebUiBuiltInKeywords.groovy:1723)
	at com.kms.katalon.core.webui.keyword.WebUiBuiltInKeywords$verifyTextPresent$3.call(Unknown Source)
	at ExtensionPayments_MRF_TC.run(ExtensionPayments_MRF_TC:74)
	at com.kms.katalon.core.main.ScriptEngine.run(ScriptEngine.java:194)
	at com.kms.katalon.core.main.ScriptEngine.runScriptAsRawText(ScriptEngine.java:119)
	at com.kms.katalon.core.main.TestCaseExecutor.runScript(TestCaseExecutor.java:430)
	at com.kms.katalon.core.main.TestCaseExecutor.doExecute(TestCaseExecutor.java:421)
	at com.kms.katalon.core.main.TestCaseExecutor.processExecutionPhase(TestCaseExecutor.java:400)
	at com.kms.katalon.core.main.TestCaseExecutor.accessMainPhase(TestCaseExecutor.java:392)
	at com.kms.katalon.core.main.TestCaseExecutor.execute(TestCaseExecutor.java:273)
	at com.kms.katalon.core.main.TestSuiteExecutor.accessTestCaseMainPhase(TestSuiteExecutor.java:202)
	at com.kms.katalon.core.main.TestSuiteExecutor.accessTestSuiteMainPhase(TestSuiteExecutor.java:164)
	at com.kms.katalon.core.main.TestSuiteExecutor.execute(TestSuiteExecutor.java:105)
	at com.kms.katalon.core.main.TestCaseMain.startTestSuite(TestCaseMain.java:185)
	at com.kms.katalon.core.main.TestCaseMain$startTestSuite$0.call(Unknown Source)
	at TempTestSuite1636391403401.run(TempTestSuite1636391403401.groovy:36)
)

2021-11-08 12:14:24 - [MESSAGE][FAILED] - Text 'Enter city' is not present on page  using regular expression (Root cause: com.kms.katalon.core.exception.StepFailedException: Text 'Enter city' is not present on page  using regular expression
	at com.kms.katalon.core.webui.keyword.internal.WebUIKeywordMain.stepFailed(WebUIKeywordMain.groovy:64)
	at com.kms.katalon.core.webui.keyword.builtin.VerifyTextPresentKeyword$_verifyTextPresent_closure1.doCall(VerifyTextPresentKeyword.groovy:79)
	at com.kms.katalon.core.webui.keyword.builtin.VerifyTextPresentKeyword$_verifyTextPresent_closure1.call(VerifyTextPresentKeyword.groovy)
	at com.kms.katalon.core.webui.keyword.internal.WebUIKeywordMain.runKeyword(WebUIKeywordMain.groovy:20)
	at com.kms.katalon.core.webui.keyword.builtin.VerifyTextPresentKeyword.verifyTextPresent(VerifyTextPresentKeyword.groovy:83)
	at com.kms.katalon.core.webui.keyword.builtin.VerifyTextPresentKeyword.execute(VerifyTextPresentKeyword.groovy:68)
	at com.kms.katalon.core.keyword.internal.KeywordExecutor.executeKeywordForPlatform(KeywordExecutor.groovy:74)
	at com.kms.katalon.core.webui.keyword.WebUiBuiltInKeywords.verifyTextPresent(WebUiBuiltInKeywords.groovy:1723)
	at com.kms.katalon.core.webui.keyword.WebUiBuiltInKeywords$verifyTextPresent$3.call(Unknown Source)
	at ExtensionPayments_MRF_TC.run(ExtensionPayments_MRF_TC:74)
	at com.kms.katalon.core.main.ScriptEngine.run(ScriptEngine.java:194)
	at com.kms.katalon.core.main.ScriptEngine.runScriptAsRawText(ScriptEngine.java:119)
	at com.kms.katalon.core.main.TestCaseExecutor.runScript(TestCaseExecutor.java:430)
	at com.kms.katalon.core.main.TestCaseExecutor.doExecute(TestCaseExecutor.java:421)
	at com.kms.katalon.core.main.TestCaseExecutor.processExecutionPhase(TestCaseExecutor.java:400)
	at com.kms.katalon.core.main.TestCaseExecutor.accessMainPhase(TestCaseExecutor.java:392)
	at com.kms.katalon.core.main.TestCaseExecutor.execute(TestCaseExecutor.java:273)
	at com.kms.katalon.core.main.TestSuiteExecutor.accessTestCaseMainPhase(TestSuiteExecutor.java:202)
	at com.kms.katalon.core.main.TestSuiteExecutor.accessTestSuiteMainPhase(TestSuiteExecutor.java:164)
	at com.kms.katalon.core.main.TestSuiteExecutor.execute(TestSuiteExecutor.java:105)
	at com.kms.katalon.core.main.TestCaseMain.startTestSuite(TestCaseMain.java:185)
	at com.kms.katalon.core.main.TestCaseMain$startTestSuite$0.call(Unknown Source)
	at TempTestSuite1636391403401.run(TempTestSuite1636391403401.groovy:36)
)

2021-11-08 12:14:24 - [TEST_STEP][FAILED] - verifyTextPresent("Select a state", true): Text 'Select a state' is not present on page  using regular expression (Root cause: com.kms.katalon.core.exception.StepFailedException: Text 'Select a state' is not present on page  using regular expression
	at com.kms.katalon.core.webui.keyword.internal.WebUIKeywordMain.stepFailed(WebUIKeywordMain.groovy:64)
	at com.kms.katalon.core.webui.keyword.builtin.VerifyTextPresentKeyword$_verifyTextPresent_closure1.doCall(VerifyTextPresentKeyword.groovy:79)
	at com.kms.katalon.core.webui.keyword.builtin.VerifyTextPresentKeyword$_verifyTextPresent_closure1.call(VerifyTextPresentKeyword.groovy)
	at com.kms.katalon.core.webui.keyword.internal.WebUIKeywordMain.runKeyword(WebUIKeywordMain.groovy:20)
	at com.kms.katalon.core.webui.keyword.builtin.VerifyTextPresentKeyword.verifyTextPresent(VerifyTextPresentKeyword.groovy:83)
	at com.kms.katalon.core.webui.keyword.builtin.VerifyTextPresentKeyword.execute(VerifyTextPresentKeyword.groovy:68)
	at com.kms.katalon.core.keyword.internal.KeywordExecutor.executeKeywordForPlatform(KeywordExecutor.groovy:74)
	at com.kms.katalon.core.webui.keyword.WebUiBuiltInKeywords.verifyTextPresent(WebUiBuiltInKeywords.groovy:1723)
	at com.kms.katalon.core.webui.keyword.WebUiBuiltInKeywords$verifyTextPresent$3.call(Unknown Source)
	at ExtensionPayments_MRF_TC.run(ExtensionPayments_MRF_TC:76)
	at com.kms.katalon.core.main.ScriptEngine.run(ScriptEngine.java:194)
	at com.kms.katalon.core.main.ScriptEngine.runScriptAsRawText(ScriptEngine.java:119)
	at com.kms.katalon.core.main.TestCaseExecutor.runScript(TestCaseExecutor.java:430)
	at com.kms.katalon.core.main.TestCaseExecutor.doExecute(TestCaseExecutor.java:421)
	at com.kms.katalon.core.main.TestCaseExecutor.processExecutionPhase(TestCaseExecutor.java:400)
	at com.kms.katalon.core.main.TestCaseExecutor.accessMainPhase(TestCaseExecutor.java:392)
	at com.kms.katalon.core.main.TestCaseExecutor.execute(TestCaseExecutor.java:273)
	at com.kms.katalon.core.main.TestSuiteExecutor.accessTestCaseMainPhase(TestSuiteExecutor.java:202)
	at com.kms.katalon.core.main.TestSuiteExecutor.accessTestSuiteMainPhase(TestSuiteExecutor.java:164)
	at com.kms.katalon.core.main.TestSuiteExecutor.execute(TestSuiteExecutor.java:105)
	at com.kms.katalon.core.main.TestCaseMain.startTestSuite(TestCaseMain.java:185)
	at com.kms.katalon.core.main.TestCaseMain$startTestSuite$0.call(Unknown Source)
	at TempTestSuite1636391403401.run(TempTestSuite1636391403401.groovy:36)
)

2021-11-08 12:14:25 - [MESSAGE][FAILED] - Text 'Select a state' is not present on page  using regular expression (Root cause: com.kms.katalon.core.exception.StepFailedException: Text 'Select a state' is not present on page  using regular expression
	at com.kms.katalon.core.webui.keyword.internal.WebUIKeywordMain.stepFailed(WebUIKeywordMain.groovy:64)
	at com.kms.katalon.core.webui.keyword.builtin.VerifyTextPresentKeyword$_verifyTextPresent_closure1.doCall(VerifyTextPresentKeyword.groovy:79)
	at com.kms.katalon.core.webui.keyword.builtin.VerifyTextPresentKeyword$_verifyTextPresent_closure1.call(VerifyTextPresentKeyword.groovy)
	at com.kms.katalon.core.webui.keyword.internal.WebUIKeywordMain.runKeyword(WebUIKeywordMain.groovy:20)
	at com.kms.katalon.core.webui.keyword.builtin.VerifyTextPresentKeyword.verifyTextPresent(VerifyTextPresentKeyword.groovy:83)
	at com.kms.katalon.core.webui.keyword.builtin.VerifyTextPresentKeyword.execute(VerifyTextPresentKeyword.groovy:68)
	at com.kms.katalon.core.keyword.internal.KeywordExecutor.executeKeywordForPlatform(KeywordExecutor.groovy:74)
	at com.kms.katalon.core.webui.keyword.WebUiBuiltInKeywords.verifyTextPresent(WebUiBuiltInKeywords.groovy:1723)
	at com.kms.katalon.core.webui.keyword.WebUiBuiltInKeywords$verifyTextPresent$3.call(Unknown Source)
	at ExtensionPayments_MRF_TC.run(ExtensionPayments_MRF_TC:76)
	at com.kms.katalon.core.main.ScriptEngine.run(ScriptEngine.java:194)
	at com.kms.katalon.core.main.ScriptEngine.runScriptAsRawText(ScriptEngine.java:119)
	at com.kms.katalon.core.main.TestCaseExecutor.runScript(TestCaseExecutor.java:430)
	at com.kms.katalon.core.main.TestCaseExecutor.doExecute(TestCaseExecutor.java:421)
	at com.kms.katalon.core.main.TestCaseExecutor.processExecutionPhase(TestCaseExecutor.java:400)
	at com.kms.katalon.core.main.TestCaseExecutor.accessMainPhase(TestCaseExecutor.java:392)
	at com.kms.katalon.core.main.TestCaseExecutor.execute(TestCaseExecutor.java:273)
	at com.kms.katalon.core.main.TestSuiteExecutor.accessTestCaseMainPhase(TestSuiteExecutor.java:202)
	at com.kms.katalon.core.main.TestSuiteExecutor.accessTestSuiteMainPhase(TestSuiteExecutor.java:164)
	at com.kms.katalon.core.main.TestSuiteExecutor.execute(TestSuiteExecutor.java:105)
	at com.kms.katalon.core.main.TestCaseMain.startTestSuite(TestCaseMain.java:185)
	at com.kms.katalon.core.main.TestCaseMain$startTestSuite$0.call(Unknown Source)
	at TempTestSuite1636391403401.run(TempTestSuite1636391403401.groovy:36)
)

2021-11-08 12:14:25 - [TEST_STEP][FAILED] - verifyTextPresent("Enter ZIP code", true): Text 'Enter ZIP code' is not present on page  using regular expression (Root cause: com.kms.katalon.core.exception.StepFailedException: Text 'Enter ZIP code' is not present on page  using regular expression
	at com.kms.katalon.core.webui.keyword.internal.WebUIKeywordMain.stepFailed(WebUIKeywordMain.groovy:64)
	at com.kms.katalon.core.webui.keyword.builtin.VerifyTextPresentKeyword$_verifyTextPresent_closure1.doCall(VerifyTextPresentKeyword.groovy:79)
	at com.kms.katalon.core.webui.keyword.builtin.VerifyTextPresentKeyword$_verifyTextPresent_closure1.call(VerifyTextPresentKeyword.groovy)
	at com.kms.katalon.core.webui.keyword.internal.WebUIKeywordMain.runKeyword(WebUIKeywordMain.groovy:20)
	at com.kms.katalon.core.webui.keyword.builtin.VerifyTextPresentKeyword.verifyTextPresent(VerifyTextPresentKeyword.groovy:83)
	at com.kms.katalon.core.webui.keyword.builtin.VerifyTextPresentKeyword.execute(VerifyTextPresentKeyword.groovy:68)
	at com.kms.katalon.core.keyword.internal.KeywordExecutor.executeKeywordForPlatform(KeywordExecutor.groovy:74)
	at com.kms.katalon.core.webui.keyword.WebUiBuiltInKeywords.verifyTextPresent(WebUiBuiltInKeywords.groovy:1723)
	at com.kms.katalon.core.webui.keyword.WebUiBuiltInKeywords$verifyTextPresent$3.call(Unknown Source)
	at ExtensionPayments_MRF_TC.run(ExtensionPayments_MRF_TC:78)
	at com.kms.katalon.core.main.ScriptEngine.run(ScriptEngine.java:194)
	at com.kms.katalon.core.main.ScriptEngine.runScriptAsRawText(ScriptEngine.java:119)
	at com.kms.katalon.core.main.TestCaseExecutor.runScript(TestCaseExecutor.java:430)
	at com.kms.katalon.core.main.TestCaseExecutor.doExecute(TestCaseExecutor.java:421)
	at com.kms.katalon.core.main.TestCaseExecutor.processExecutionPhase(TestCaseExecutor.java:400)
	at com.kms.katalon.core.main.TestCaseExecutor.accessMainPhase(TestCaseExecutor.java:392)
	at com.kms.katalon.core.main.TestCaseExecutor.execute(TestCaseExecutor.java:273)
	at com.kms.katalon.core.main.TestSuiteExecutor.accessTestCaseMainPhase(TestSuiteExecutor.java:202)
	at com.kms.katalon.core.main.TestSuiteExecutor.accessTestSuiteMainPhase(TestSuiteExecutor.java:164)
	at com.kms.katalon.core.main.TestSuiteExecutor.execute(TestSuiteExecutor.java:105)
	at com.kms.katalon.core.main.TestCaseMain.startTestSuite(TestCaseMain.java:185)
	at com.kms.katalon.core.main.TestCaseMain$startTestSuite$0.call(Unknown Source)
	at TempTestSuite1636391403401.run(TempTestSuite1636391403401.groovy:36)
)

2021-11-08 12:14:25 - [MESSAGE][FAILED] - Text 'Enter ZIP code' is not present on page  using regular expression (Root cause: com.kms.katalon.core.exception.StepFailedException: Text 'Enter ZIP code' is not present on page  using regular expression
	at com.kms.katalon.core.webui.keyword.internal.WebUIKeywordMain.stepFailed(WebUIKeywordMain.groovy:64)
	at com.kms.katalon.core.webui.keyword.builtin.VerifyTextPresentKeyword$_verifyTextPresent_closure1.doCall(VerifyTextPresentKeyword.groovy:79)
	at com.kms.katalon.core.webui.keyword.builtin.VerifyTextPresentKeyword$_verifyTextPresent_closure1.call(VerifyTextPresentKeyword.groovy)
	at com.kms.katalon.core.webui.keyword.internal.WebUIKeywordMain.runKeyword(WebUIKeywordMain.groovy:20)
	at com.kms.katalon.core.webui.keyword.builtin.VerifyTextPresentKeyword.verifyTextPresent(VerifyTextPresentKeyword.groovy:83)
	at com.kms.katalon.core.webui.keyword.builtin.VerifyTextPresentKeyword.execute(VerifyTextPresentKeyword.groovy:68)
	at com.kms.katalon.core.keyword.internal.KeywordExecutor.executeKeywordForPlatform(KeywordExecutor.groovy:74)
	at com.kms.katalon.core.webui.keyword.WebUiBuiltInKeywords.verifyTextPresent(WebUiBuiltInKeywords.groovy:1723)
	at com.kms.katalon.core.webui.keyword.WebUiBuiltInKeywords$verifyTextPresent$3.call(Unknown Source)
	at ExtensionPayments_MRF_TC.run(ExtensionPayments_MRF_TC:78)
	at com.kms.katalon.core.main.ScriptEngine.run(ScriptEngine.java:194)
	at com.kms.katalon.core.main.ScriptEngine.runScriptAsRawText(ScriptEngine.java:119)
	at com.kms.katalon.core.main.TestCaseExecutor.runScript(TestCaseExecutor.java:430)
	at com.kms.katalon.core.main.TestCaseExecutor.doExecute(TestCaseExecutor.java:421)
	at com.kms.katalon.core.main.TestCaseExecutor.processExecutionPhase(TestCaseExecutor.java:400)
	at com.kms.katalon.core.main.TestCaseExecutor.accessMainPhase(TestCaseExecutor.java:392)
	at com.kms.katalon.core.main.TestCaseExecutor.execute(TestCaseExecutor.java:273)
	at com.kms.katalon.core.main.TestSuiteExecutor.accessTestCaseMainPhase(TestSuiteExecutor.java:202)
	at com.kms.katalon.core.main.TestSuiteExecutor.accessTestSuiteMainPhase(TestSuiteExecutor.java:164)
	at com.kms.katalon.core.main.TestSuiteExecutor.execute(TestSuiteExecutor.java:105)
	at com.kms.katalon.core.main.TestCaseMain.startTestSuite(TestCaseMain.java:185)
	at com.kms.katalon.core.main.TestCaseMain$startTestSuite$0.call(Unknown Source)
	at TempTestSuite1636391403401.run(TempTestSuite1636391403401.groovy:36)
)

2021-11-08 12:14:25 - [TEST_STEP][FAILED] - verifyTextPresent("Enter a phone number", true): Text 'Enter a phone number' is not present on page  using regular expression (Root cause: com.kms.katalon.core.exception.StepFailedException: Text 'Enter a phone number' is not present on page  using regular expression
	at com.kms.katalon.core.webui.keyword.internal.WebUIKeywordMain.stepFailed(WebUIKeywordMain.groovy:64)
	at com.kms.katalon.core.webui.keyword.builtin.VerifyTextPresentKeyword$_verifyTextPresent_closure1.doCall(VerifyTextPresentKeyword.groovy:79)
	at com.kms.katalon.core.webui.keyword.builtin.VerifyTextPresentKeyword$_verifyTextPresent_closure1.call(VerifyTextPresentKeyword.groovy)
	at com.kms.katalon.core.webui.keyword.internal.WebUIKeywordMain.runKeyword(WebUIKeywordMain.groovy:20)
	at com.kms.katalon.core.webui.keyword.builtin.VerifyTextPresentKeyword.verifyTextPresent(VerifyTextPresentKeyword.groovy:83)
	at com.kms.katalon.core.webui.keyword.builtin.VerifyTextPresentKeyword.execute(VerifyTextPresentKeyword.groovy:68)
	at com.kms.katalon.core.keyword.internal.KeywordExecutor.executeKeywordForPlatform(KeywordExecutor.groovy:74)
	at com.kms.katalon.core.webui.keyword.WebUiBuiltInKeywords.verifyTextPresent(WebUiBuiltInKeywords.groovy:1723)
	at com.kms.katalon.core.webui.keyword.WebUiBuiltInKeywords$verifyTextPresent$3.call(Unknown Source)
	at ExtensionPayments_MRF_TC.run(ExtensionPayments_MRF_TC:80)
	at com.kms.katalon.core.main.ScriptEngine.run(ScriptEngine.java:194)
	at com.kms.katalon.core.main.ScriptEngine.runScriptAsRawText(ScriptEngine.java:119)
	at com.kms.katalon.core.main.TestCaseExecutor.runScript(TestCaseExecutor.java:430)
	at com.kms.katalon.core.main.TestCaseExecutor.doExecute(TestCaseExecutor.java:421)
	at com.kms.katalon.core.main.TestCaseExecutor.processExecutionPhase(TestCaseExecutor.java:400)
	at com.kms.katalon.core.main.TestCaseExecutor.accessMainPhase(TestCaseExecutor.java:392)
	at com.kms.katalon.core.main.TestCaseExecutor.execute(TestCaseExecutor.java:273)
	at com.kms.katalon.core.main.TestSuiteExecutor.accessTestCaseMainPhase(TestSuiteExecutor.java:202)
	at com.kms.katalon.core.main.TestSuiteExecutor.accessTestSuiteMainPhase(TestSuiteExecutor.java:164)
	at com.kms.katalon.core.main.TestSuiteExecutor.execute(TestSuiteExecutor.java:105)
	at com.kms.katalon.core.main.TestCaseMain.startTestSuite(TestCaseMain.java:185)
	at com.kms.katalon.core.main.TestCaseMain$startTestSuite$0.call(Unknown Source)
	at TempTestSuite1636391403401.run(TempTestSuite1636391403401.groovy:36)
)

2021-11-08 12:14:26 - [MESSAGE][FAILED] - Text 'Enter a phone number' is not present on page  using regular expression (Root cause: com.kms.katalon.core.exception.StepFailedException: Text 'Enter a phone number' is not present on page  using regular expression
	at com.kms.katalon.core.webui.keyword.internal.WebUIKeywordMain.stepFailed(WebUIKeywordMain.groovy:64)
	at com.kms.katalon.core.webui.keyword.builtin.VerifyTextPresentKeyword$_verifyTextPresent_closure1.doCall(VerifyTextPresentKeyword.groovy:79)
	at com.kms.katalon.core.webui.keyword.builtin.VerifyTextPresentKeyword$_verifyTextPresent_closure1.call(VerifyTextPresentKeyword.groovy)
	at com.kms.katalon.core.webui.keyword.internal.WebUIKeywordMain.runKeyword(WebUIKeywordMain.groovy:20)
	at com.kms.katalon.core.webui.keyword.builtin.VerifyTextPresentKeyword.verifyTextPresent(VerifyTextPresentKeyword.groovy:83)
	at com.kms.katalon.core.webui.keyword.builtin.VerifyTextPresentKeyword.execute(VerifyTextPresentKeyword.groovy:68)
	at com.kms.katalon.core.keyword.internal.KeywordExecutor.executeKeywordForPlatform(KeywordExecutor.groovy:74)
	at com.kms.katalon.core.webui.keyword.WebUiBuiltInKeywords.verifyTextPresent(WebUiBuiltInKeywords.groovy:1723)
	at com.kms.katalon.core.webui.keyword.WebUiBuiltInKeywords$verifyTextPresent$3.call(Unknown Source)
	at ExtensionPayments_MRF_TC.run(ExtensionPayments_MRF_TC:80)
	at com.kms.katalon.core.main.ScriptEngine.run(ScriptEngine.java:194)
	at com.kms.katalon.core.main.ScriptEngine.runScriptAsRawText(ScriptEngine.java:119)
	at com.kms.katalon.core.main.TestCaseExecutor.runScript(TestCaseExecutor.java:430)
	at com.kms.katalon.core.main.TestCaseExecutor.doExecute(TestCaseExecutor.java:421)
	at com.kms.katalon.core.main.TestCaseExecutor.processExecutionPhase(TestCaseExecutor.java:400)
	at com.kms.katalon.core.main.TestCaseExecutor.accessMainPhase(TestCaseExecutor.java:392)
	at com.kms.katalon.core.main.TestCaseExecutor.execute(TestCaseExecutor.java:273)
	at com.kms.katalon.core.main.TestSuiteExecutor.accessTestCaseMainPhase(TestSuiteExecutor.java:202)
	at com.kms.katalon.core.main.TestSuiteExecutor.accessTestSuiteMainPhase(TestSuiteExecutor.java:164)
	at com.kms.katalon.core.main.TestSuiteExecutor.execute(TestSuiteExecutor.java:105)
	at com.kms.katalon.core.main.TestCaseMain.startTestSuite(TestCaseMain.java:185)
	at com.kms.katalon.core.main.TestCaseMain$startTestSuite$0.call(Unknown Source)
	at TempTestSuite1636391403401.run(TempTestSuite1636391403401.groovy:36)
)

2021-11-08 12:14:26 - [TEST_STEP][FAILED] - verifyTextPresent("Enter Email", true): Text 'Enter Email' is not present on page  using regular expression (Root cause: com.kms.katalon.core.exception.StepFailedException: Text 'Enter Email' is not present on page  using regular expression
	at com.kms.katalon.core.webui.keyword.internal.WebUIKeywordMain.stepFailed(WebUIKeywordMain.groovy:64)
	at com.kms.katalon.core.webui.keyword.builtin.VerifyTextPresentKeyword$_verifyTextPresent_closure1.doCall(VerifyTextPresentKeyword.groovy:79)
	at com.kms.katalon.core.webui.keyword.builtin.VerifyTextPresentKeyword$_verifyTextPresent_closure1.call(VerifyTextPresentKeyword.groovy)
	at com.kms.katalon.core.webui.keyword.internal.WebUIKeywordMain.runKeyword(WebUIKeywordMain.groovy:20)
	at com.kms.katalon.core.webui.keyword.builtin.VerifyTextPresentKeyword.verifyTextPresent(VerifyTextPresentKeyword.groovy:83)
	at com.kms.katalon.core.webui.keyword.builtin.VerifyTextPresentKeyword.execute(VerifyTextPresentKeyword.groovy:68)
	at com.kms.katalon.core.keyword.internal.KeywordExecutor.executeKeywordForPlatform(KeywordExecutor.groovy:74)
	at com.kms.katalon.core.webui.keyword.WebUiBuiltInKeywords.verifyTextPresent(WebUiBuiltInKeywords.groovy:1723)
	at com.kms.katalon.core.webui.keyword.WebUiBuiltInKeywords$verifyTextPresent$3.call(Unknown Source)
	at ExtensionPayments_MRF_TC.run(ExtensionPayments_MRF_TC:82)
	at com.kms.katalon.core.main.ScriptEngine.run(ScriptEngine.java:194)
	at com.kms.katalon.core.main.ScriptEngine.runScriptAsRawText(ScriptEngine.java:119)
	at com.kms.katalon.core.main.TestCaseExecutor.runScript(TestCaseExecutor.java:430)
	at com.kms.katalon.core.main.TestCaseExecutor.doExecute(TestCaseExecutor.java:421)
	at com.kms.katalon.core.main.TestCaseExecutor.processExecutionPhase(TestCaseExecutor.java:400)
	at com.kms.katalon.core.main.TestCaseExecutor.accessMainPhase(TestCaseExecutor.java:392)
	at com.kms.katalon.core.main.TestCaseExecutor.execute(TestCaseExecutor.java:273)
	at com.kms.katalon.core.main.TestSuiteExecutor.accessTestCaseMainPhase(TestSuiteExecutor.java:202)
	at com.kms.katalon.core.main.TestSuiteExecutor.accessTestSuiteMainPhase(TestSuiteExecutor.java:164)
	at com.kms.katalon.core.main.TestSuiteExecutor.execute(TestSuiteExecutor.java:105)
	at com.kms.katalon.core.main.TestCaseMain.startTestSuite(TestCaseMain.java:185)
	at com.kms.katalon.core.main.TestCaseMain$startTestSuite$0.call(Unknown Source)
	at TempTestSuite1636391403401.run(TempTestSuite1636391403401.groovy:36)
)

2021-11-08 12:14:26 - [MESSAGE][FAILED] - Text 'Enter Email' is not present on page  using regular expression (Root cause: com.kms.katalon.core.exception.StepFailedException: Text 'Enter Email' is not present on page  using regular expression
	at com.kms.katalon.core.webui.keyword.internal.WebUIKeywordMain.stepFailed(WebUIKeywordMain.groovy:64)
	at com.kms.katalon.core.webui.keyword.builtin.VerifyTextPresentKeyword$_verifyTextPresent_closure1.doCall(VerifyTextPresentKeyword.groovy:79)
	at com.kms.katalon.core.webui.keyword.builtin.VerifyTextPresentKeyword$_verifyTextPresent_closure1.call(VerifyTextPresentKeyword.groovy)
	at com.kms.katalon.core.webui.keyword.internal.WebUIKeywordMain.runKeyword(WebUIKeywordMain.groovy:20)
	at com.kms.katalon.core.webui.keyword.builtin.VerifyTextPresentKeyword.verifyTextPresent(VerifyTextPresentKeyword.groovy:83)
	at com.kms.katalon.core.webui.keyword.builtin.VerifyTextPresentKeyword.execute(VerifyTextPresentKeyword.groovy:68)
	at com.kms.katalon.core.keyword.internal.KeywordExecutor.executeKeywordForPlatform(KeywordExecutor.groovy:74)
	at com.kms.katalon.core.webui.keyword.WebUiBuiltInKeywords.verifyTextPresent(WebUiBuiltInKeywords.groovy:1723)
	at com.kms.katalon.core.webui.keyword.WebUiBuiltInKeywords$verifyTextPresent$3.call(Unknown Source)
	at ExtensionPayments_MRF_TC.run(ExtensionPayments_MRF_TC:82)
	at com.kms.katalon.core.main.ScriptEngine.run(ScriptEngine.java:194)
	at com.kms.katalon.core.main.ScriptEngine.runScriptAsRawText(ScriptEngine.java:119)
	at com.kms.katalon.core.main.TestCaseExecutor.runScript(TestCaseExecutor.java:430)
	at com.kms.katalon.core.main.TestCaseExecutor.doExecute(TestCaseExecutor.java:421)
	at com.kms.katalon.core.main.TestCaseExecutor.processExecutionPhase(TestCaseExecutor.java:400)
	at com.kms.katalon.core.main.TestCaseExecutor.accessMainPhase(TestCaseExecutor.java:392)
	at com.kms.katalon.core.main.TestCaseExecutor.execute(TestCaseExecutor.java:273)
	at com.kms.katalon.core.main.TestSuiteExecutor.accessTestCaseMainPhase(TestSuiteExecutor.java:202)
	at com.kms.katalon.core.main.TestSuiteExecutor.accessTestSuiteMainPhase(TestSuiteExecutor.java:164)
	at com.kms.katalon.core.main.TestSuiteExecutor.execute(TestSuiteExecutor.java:105)
	at com.kms.katalon.core.main.TestCaseMain.startTestSuite(TestCaseMain.java:185)
	at com.kms.katalon.core.main.TestCaseMain$startTestSuite$0.call(Unknown Source)
	at TempTestSuite1636391403401.run(TempTestSuite1636391403401.groovy:36)
)

2021-11-08 12:14:26 - [TEST_STEP][FAILED] - verifyTextPresent("The Email and Re-enter email do not match", true): Text 'The Email and Re-enter email do not match' is not present on page  using regular expression (Root cause: com.kms.katalon.core.exception.StepFailedException: Text 'The Email and Re-enter email do not match' is not present on page  using regular expression
	at com.kms.katalon.core.webui.keyword.internal.WebUIKeywordMain.stepFailed(WebUIKeywordMain.groovy:64)
	at com.kms.katalon.core.webui.keyword.builtin.VerifyTextPresentKeyword$_verifyTextPresent_closure1.doCall(VerifyTextPresentKeyword.groovy:79)
	at com.kms.katalon.core.webui.keyword.builtin.VerifyTextPresentKeyword$_verifyTextPresent_closure1.call(VerifyTextPresentKeyword.groovy)
	at com.kms.katalon.core.webui.keyword.internal.WebUIKeywordMain.runKeyword(WebUIKeywordMain.groovy:20)
	at com.kms.katalon.core.webui.keyword.builtin.VerifyTextPresentKeyword.verifyTextPresent(VerifyTextPresentKeyword.groovy:83)
	at com.kms.katalon.core.webui.keyword.builtin.VerifyTextPresentKeyword.execute(VerifyTextPresentKeyword.groovy:68)
	at com.kms.katalon.core.keyword.internal.KeywordExecutor.executeKeywordForPlatform(KeywordExecutor.groovy:74)
	at com.kms.katalon.core.webui.keyword.WebUiBuiltInKeywords.verifyTextPresent(WebUiBuiltInKeywords.groovy:1723)
	at com.kms.katalon.core.webui.keyword.WebUiBuiltInKeywords$verifyTextPresent$3.call(Unknown Source)
	at ExtensionPayments_MRF_TC.run(ExtensionPayments_MRF_TC:84)
	at com.kms.katalon.core.main.ScriptEngine.run(ScriptEngine.java:194)
	at com.kms.katalon.core.main.ScriptEngine.runScriptAsRawText(ScriptEngine.java:119)
	at com.kms.katalon.core.main.TestCaseExecutor.runScript(TestCaseExecutor.java:430)
	at com.kms.katalon.core.main.TestCaseExecutor.doExecute(TestCaseExecutor.java:421)
	at com.kms.katalon.core.main.TestCaseExecutor.processExecutionPhase(TestCaseExecutor.java:400)
	at com.kms.katalon.core.main.TestCaseExecutor.accessMainPhase(TestCaseExecutor.java:392)
	at com.kms.katalon.core.main.TestCaseExecutor.execute(TestCaseExecutor.java:273)
	at com.kms.katalon.core.main.TestSuiteExecutor.accessTestCaseMainPhase(TestSuiteExecutor.java:202)
	at com.kms.katalon.core.main.TestSuiteExecutor.accessTestSuiteMainPhase(TestSuiteExecutor.java:164)
	at com.kms.katalon.core.main.TestSuiteExecutor.execute(TestSuiteExecutor.java:105)
	at com.kms.katalon.core.main.TestCaseMain.startTestSuite(TestCaseMain.java:185)
	at com.kms.katalon.core.main.TestCaseMain$startTestSuite$0.call(Unknown Source)
	at TempTestSuite1636391403401.run(TempTestSuite1636391403401.groovy:36)
)

2021-11-08 12:14:26 - [MESSAGE][FAILED] - Text 'The Email and Re-enter email do not match' is not present on page  using regular expression (Root cause: com.kms.katalon.core.exception.StepFailedException: Text 'The Email and Re-enter email do not match' is not present on page  using regular expression
	at com.kms.katalon.core.webui.keyword.internal.WebUIKeywordMain.stepFailed(WebUIKeywordMain.groovy:64)
	at com.kms.katalon.core.webui.keyword.builtin.VerifyTextPresentKeyword$_verifyTextPresent_closure1.doCall(VerifyTextPresentKeyword.groovy:79)
	at com.kms.katalon.core.webui.keyword.builtin.VerifyTextPresentKeyword$_verifyTextPresent_closure1.call(VerifyTextPresentKeyword.groovy)
	at com.kms.katalon.core.webui.keyword.internal.WebUIKeywordMain.runKeyword(WebUIKeywordMain.groovy:20)
	at com.kms.katalon.core.webui.keyword.builtin.VerifyTextPresentKeyword.verifyTextPresent(VerifyTextPresentKeyword.groovy:83)
	at com.kms.katalon.core.webui.keyword.builtin.VerifyTextPresentKeyword.execute(VerifyTextPresentKeyword.groovy:68)
	at com.kms.katalon.core.keyword.internal.KeywordExecutor.executeKeywordForPlatform(KeywordExecutor.groovy:74)
	at com.kms.katalon.core.webui.keyword.WebUiBuiltInKeywords.verifyTextPresent(WebUiBuiltInKeywords.groovy:1723)
	at com.kms.katalon.core.webui.keyword.WebUiBuiltInKeywords$verifyTextPresent$3.call(Unknown Source)
	at ExtensionPayments_MRF_TC.run(ExtensionPayments_MRF_TC:84)
	at com.kms.katalon.core.main.ScriptEngine.run(ScriptEngine.java:194)
	at com.kms.katalon.core.main.ScriptEngine.runScriptAsRawText(ScriptEngine.java:119)
	at com.kms.katalon.core.main.TestCaseExecutor.runScript(TestCaseExecutor.java:430)
	at com.kms.katalon.core.main.TestCaseExecutor.doExecute(TestCaseExecutor.java:421)
	at com.kms.katalon.core.main.TestCaseExecutor.processExecutionPhase(TestCaseExecutor.java:400)
	at com.kms.katalon.core.main.TestCaseExecutor.accessMainPhase(TestCaseExecutor.java:392)
	at com.kms.katalon.core.main.TestCaseExecutor.execute(TestCaseExecutor.java:273)
	at com.kms.katalon.core.main.TestSuiteExecutor.accessTestCaseMainPhase(TestSuiteExecutor.java:202)
	at com.kms.katalon.core.main.TestSuiteExecutor.accessTestSuiteMainPhase(TestSuiteExecutor.java:164)
	at com.kms.katalon.core.main.TestSuiteExecutor.execute(TestSuiteExecutor.java:105)
	at com.kms.katalon.core.main.TestCaseMain.startTestSuite(TestCaseMain.java:185)
	at com.kms.katalon.core.main.TestCaseMain$startTestSuite$0.call(Unknown Source)
	at TempTestSuite1636391403401.run(TempTestSuite1636391403401.groovy:36)
)

2021-11-08 12:14:26 - [TEST_STEP][FAILED] - verifyTextPresent("Payment amount must be greater than zero and less than 10,000,000", true): Text 'Payment amount must be greater than zero and less than 10,000,000' is not present on page  using regular expression (Root cause: com.kms.katalon.core.exception.StepFailedException: Text 'Payment amount must be greater than zero and less than 10,000,000' is not present on page  using regular expression
	at com.kms.katalon.core.webui.keyword.internal.WebUIKeywordMain.stepFailed(WebUIKeywordMain.groovy:64)
	at com.kms.katalon.core.webui.keyword.builtin.VerifyTextPresentKeyword$_verifyTextPresent_closure1.doCall(VerifyTextPresentKeyword.groovy:79)
	at com.kms.katalon.core.webui.keyword.builtin.VerifyTextPresentKeyword$_verifyTextPresent_closure1.call(VerifyTextPresentKeyword.groovy)
	at com.kms.katalon.core.webui.keyword.internal.WebUIKeywordMain.runKeyword(WebUIKeywordMain.groovy:20)
	at com.kms.katalon.core.webui.keyword.builtin.VerifyTextPresentKeyword.verifyTextPresent(VerifyTextPresentKeyword.groovy:83)
	at com.kms.katalon.core.webui.keyword.builtin.VerifyTextPresentKeyword.execute(VerifyTextPresentKeyword.groovy:68)
	at com.kms.katalon.core.keyword.internal.KeywordExecutor.executeKeywordForPlatform(KeywordExecutor.groovy:74)
	at com.kms.katalon.core.webui.keyword.WebUiBuiltInKeywords.verifyTextPresent(WebUiBuiltInKeywords.groovy:1723)
	at com.kms.katalon.core.webui.keyword.WebUiBuiltInKeywords$verifyTextPresent$3.call(Unknown Source)
	at ExtensionPayments_MRF_TC.run(ExtensionPayments_MRF_TC:88)
	at com.kms.katalon.core.main.ScriptEngine.run(ScriptEngine.java:194)
	at com.kms.katalon.core.main.ScriptEngine.runScriptAsRawText(ScriptEngine.java:119)
	at com.kms.katalon.core.main.TestCaseExecutor.runScript(TestCaseExecutor.java:430)
	at com.kms.katalon.core.main.TestCaseExecutor.doExecute(TestCaseExecutor.java:421)
	at com.kms.katalon.core.main.TestCaseExecutor.processExecutionPhase(TestCaseExecutor.java:400)
	at com.kms.katalon.core.main.TestCaseExecutor.accessMainPhase(TestCaseExecutor.java:392)
	at com.kms.katalon.core.main.TestCaseExecutor.execute(TestCaseExecutor.java:273)
	at com.kms.katalon.core.main.TestSuiteExecutor.accessTestCaseMainPhase(TestSuiteExecutor.java:202)
	at com.kms.katalon.core.main.TestSuiteExecutor.accessTestSuiteMainPhase(TestSuiteExecutor.java:164)
	at com.kms.katalon.core.main.TestSuiteExecutor.execute(TestSuiteExecutor.java:105)
	at com.kms.katalon.core.main.TestCaseMain.startTestSuite(TestCaseMain.java:185)
	at com.kms.katalon.core.main.TestCaseMain$startTestSuite$0.call(Unknown Source)
	at TempTestSuite1636391403401.run(TempTestSuite1636391403401.groovy:36)
)

2021-11-08 12:14:27 - [MESSAGE][FAILED] - Text 'Payment amount must be greater than zero and less than 10,000,000' is not present on page  using regular expression (Root cause: com.kms.katalon.core.exception.StepFailedException: Text 'Payment amount must be greater than zero and less than 10,000,000' is not present on page  using regular expression
	at com.kms.katalon.core.webui.keyword.internal.WebUIKeywordMain.stepFailed(WebUIKeywordMain.groovy:64)
	at com.kms.katalon.core.webui.keyword.builtin.VerifyTextPresentKeyword$_verifyTextPresent_closure1.doCall(VerifyTextPresentKeyword.groovy:79)
	at com.kms.katalon.core.webui.keyword.builtin.VerifyTextPresentKeyword$_verifyTextPresent_closure1.call(VerifyTextPresentKeyword.groovy)
	at com.kms.katalon.core.webui.keyword.internal.WebUIKeywordMain.runKeyword(WebUIKeywordMain.groovy:20)
	at com.kms.katalon.core.webui.keyword.builtin.VerifyTextPresentKeyword.verifyTextPresent(VerifyTextPresentKeyword.groovy:83)
	at com.kms.katalon.core.webui.keyword.builtin.VerifyTextPresentKeyword.execute(VerifyTextPresentKeyword.groovy:68)
	at com.kms.katalon.core.keyword.internal.KeywordExecutor.executeKeywordForPlatform(KeywordExecutor.groovy:74)
	at com.kms.katalon.core.webui.keyword.WebUiBuiltInKeywords.verifyTextPresent(WebUiBuiltInKeywords.groovy:1723)
	at com.kms.katalon.core.webui.keyword.WebUiBuiltInKeywords$verifyTextPresent$3.call(Unknown Source)
	at ExtensionPayments_MRF_TC.run(ExtensionPayments_MRF_TC:88)
	at com.kms.katalon.core.main.ScriptEngine.run(ScriptEngine.java:194)
	at com.kms.katalon.core.main.ScriptEngine.runScriptAsRawText(ScriptEngine.java:119)
	at com.kms.katalon.core.main.TestCaseExecutor.runScript(TestCaseExecutor.java:430)
	at com.kms.katalon.core.main.TestCaseExecutor.doExecute(TestCaseExecutor.java:421)
	at com.kms.katalon.core.main.TestCaseExecutor.processExecutionPhase(TestCaseExecutor.java:400)
	at com.kms.katalon.core.main.TestCaseExecutor.accessMainPhase(TestCaseExecutor.java:392)
	at com.kms.katalon.core.main.TestCaseExecutor.execute(TestCaseExecutor.java:273)
	at com.kms.katalon.core.main.TestSuiteExecutor.accessTestCaseMainPhase(TestSuiteExecutor.java:202)
	at com.kms.katalon.core.main.TestSuiteExecutor.accessTestSuiteMainPhase(TestSuiteExecutor.java:164)
	at com.kms.katalon.core.main.TestSuiteExecutor.execute(TestSuiteExecutor.java:105)
	at com.kms.katalon.core.main.TestCaseMain.startTestSuite(TestCaseMain.java:185)
	at com.kms.katalon.core.main.TestCaseMain$startTestSuite$0.call(Unknown Source)
	at TempTestSuite1636391403401.run(TempTestSuite1636391403401.groovy:36)
)]]></system-out>
         <system-err><![CDATA[2021-11-08 12:14:08 - [TEST_CASE][FAILED] - Test Cases/RAD_TestCases/MRF_TestCases/ExtensionPayments_MRF_TC: Test Cases/RAD_TestCases/MRF_TestCases/ExtensionPayments_MRF_TC FAILED.
Reason:
com.kms.katalon.core.exception.StepFailedException: Unable to click on object 'Object Repository/RAD_Pages/Landing_Page/button_Continue' (Root cause: com.kms.katalon.core.exception.StepFailedException: Unable to click on object 'Object Repository/RAD_Pages/Landing_Page/button_Continue'
	at com.kms.katalon.core.webui.keyword.internal.WebUIKeywordMain.stepFailed(WebUIKeywordMain.groovy:64)
	at com.kms.katalon.core.webui.keyword.internal.WebUIKeywordMain.runKeyword(WebUIKeywordMain.groovy:26)
	at com.kms.katalon.core.webui.keyword.builtin.ClickKeyword.click(ClickKeyword.groovy:75)
	at com.kms.katalon.core.webui.keyword.builtin.ClickKeyword.execute(ClickKeyword.groovy:42)
	at com.kms.katalon.core.keyword.internal.KeywordExecutor.executeKeywordForPlatform(KeywordExecutor.groovy:74)
	at com.kms.katalon.core.webui.keyword.WebUiBuiltInKeywords.click(WebUiBuiltInKeywords.groovy:620)
	at com.kms.katalon.core.webui.keyword.WebUiBuiltInKeywords$click$10.call(Unknown Source)
	at ExtensionPayments_MRF_TC.run(ExtensionPayments_MRF_TC:41)
	at com.kms.katalon.core.main.ScriptEngine.run(ScriptEngine.java:194)
	at com.kms.katalon.core.main.ScriptEngine.runScriptAsRawText(ScriptEngine.java:119)
	at com.kms.katalon.core.main.TestCaseExecutor.runScript(TestCaseExecutor.java:430)
	at com.kms.katalon.core.main.TestCaseExecutor.doExecute(TestCaseExecutor.java:421)
	at com.kms.katalon.core.main.TestCaseExecutor.processExecutionPhase(TestCaseExecutor.java:400)
	at com.kms.katalon.core.main.TestCaseExecutor.accessMainPhase(TestCaseExecutor.java:392)
	at com.kms.katalon.core.main.TestCaseExecutor.execute(TestCaseExecutor.java:273)
	at com.kms.katalon.core.main.TestSuiteExecutor.accessTestCaseMainPhase(TestSuiteExecutor.java:202)
	at com.kms.katalon.core.main.TestSuiteExecutor.accessTestSuiteMainPhase(TestSuiteExecutor.java:164)
	at com.kms.katalon.core.main.TestSuiteExecutor.execute(TestSuiteExecutor.java:105)
	at com.kms.katalon.core.main.TestCaseMain.startTestSuite(TestCaseMain.java:185)
	at com.kms.katalon.core.main.TestCaseMain$startTestSuite$0.call(Unknown Source)
	at TempTestSuite1636391403401.run(TempTestSuite1636391403401.groovy:36)
Caused by: org.openqa.selenium.ElementClickInterceptedException: element click intercepted: Element <button class="btn btn-primary float-end w-auto disablecontinue" disabled="">...</button> is not clickable at point (1046, 801). Other element would receive the click: <div class="w-100 mt-auto pt-3">...</div>
  (Session info: chrome=95.0.4638.69)
Build info: version: '3.141.59', revision: 'e82be7d358', time: '2018-11-14T08:25:53'
System info: host: 'DESKTOP-B2QI6NS', ip: '172.30.2.167', os.name: 'Windows 10', os.arch: 'amd64', os.version: '10.0', java.version: '1.8.0_181'
Driver info: com.kms.katalon.selenium.driver.CChromeDriver
Capabilities {acceptInsecureCerts: true, browserName: chrome, browserVersion: 95.0.4638.69, chrome: {chromedriverVersion: 95.0.4638.54 (d31a821ec901f..., userDataDir: C:\Users\iahmed\AppData\Loc...}, goog:chromeOptions: {debuggerAddress: localhost:54731}, javascriptEnabled: true, networkConnectionEnabled: false, pageLoadStrategy: normal, platform: WINDOWS, platformName: WINDOWS, proxy: Proxy(), setWindowRect: true, strictFileInteractability: false, timeouts: {implicit: 0, pageLoad: 300000, script: 30000}, unhandledPromptBehavior: dismiss and notify, webauthn:extension:credBlob: true, webauthn:extension:largeBlob: true, webauthn:virtualAuthenticators: true}
Session ID: 88f3c1e2fdf400131f61e850303775fc
	at org.openqa.selenium.remote.http.W3CHttpResponseCodec.createException(W3CHttpResponseCodec.java:187)
	at org.openqa.selenium.remote.http.W3CHttpResponseCodec.decode(W3CHttpResponseCodec.java:122)
	at org.openqa.selenium.remote.http.W3CHttpResponseCodec.decode(W3CHttpResponseCodec.java:49)
	at org.openqa.selenium.remote.HttpCommandExecutor.execute(HttpCommandExecutor.java:158)
	at org.openqa.selenium.remote.service.DriverCommandExecutor.execute(DriverCommandExecutor.java:83)
	at org.openqa.selenium.remote.RemoteWebDriver.execute(RemoteWebDriver.java:552)
	at com.kms.katalon.selenium.driver.CChromeDriver.execute(CChromeDriver.java:19)
	at org.openqa.selenium.remote.RemoteWebElement.execute(RemoteWebElement.java:285)
	at org.openqa.selenium.remote.RemoteWebElement.click(RemoteWebElement.java:84)
	at org.openqa.selenium.support.events.EventFiringWebDriver$EventFiringWebElement.lambda$new$0(EventFiringWebDriver.java:404)
	at com.sun.proxy.$Proxy11.click(Unknown Source)
	at org.openqa.selenium.support.events.EventFiringWebDriver$EventFiringWebElement.click(EventFiringWebDriver.java:417)
	at com.kms.katalon.core.webui.keyword.builtin.ClickKeyword$_click_closure1.doCall(ClickKeyword.groovy:68)
	at com.kms.katalon.core.webui.keyword.builtin.ClickKeyword$_click_closure1.call(ClickKeyword.groovy)
	at com.kms.katalon.core.webui.keyword.internal.WebUIKeywordMain.runKeyword(WebUIKeywordMain.groovy:20)
	at com.kms.katalon.core.webui.keyword.builtin.ClickKeyword.click(ClickKeyword.groovy:75)
	at com.kms.katalon.core.webui.keyword.builtin.ClickKeyword.execute(ClickKeyword.groovy:42)
	at com.kms.katalon.core.keyword.internal.KeywordExecutor.executeKeywordForPlatform(KeywordExecutor.groovy:74)
	at com.kms.katalon.core.webui.keyword.WebUiBuiltInKeywords.click(WebUiBuiltInKeywords.groovy:620)
	at com.kms.katalon.core.webui.keyword.WebUiBuiltInKeywords$click$10.call(Unknown Source)
	at Script1634611424888.run(Script1634611424888.groovy:41)
	... 13 more
)
	at com.kms.katalon.core.keyword.internal.KeywordMain.stepFailed(KeywordMain.groovy:39)
	at com.kms.katalon.core.webui.keyword.internal.WebUIKeywordMain.stepFailed(WebUIKeywordMain.groovy:64)
	at com.kms.katalon.core.webui.keyword.internal.WebUIKeywordMain.runKeyword(WebUIKeywordMain.groovy:26)
	at com.kms.katalon.core.webui.keyword.builtin.ClickKeyword.click(ClickKeyword.groovy:75)
	at com.kms.katalon.core.webui.keyword.builtin.ClickKeyword.execute(ClickKeyword.groovy:42)
	at com.kms.katalon.core.keyword.internal.KeywordExecutor.executeKeywordForPlatform(KeywordExecutor.groovy:74)
	at com.kms.katalon.core.webui.keyword.WebUiBuiltInKeywords.click(WebUiBuiltInKeywords.groovy:620)
	at com.kms.katalon.core.webui.keyword.WebUiBuiltInKeywords$click$10.call(Unknown Source)
	at ExtensionPayments_MRF_TC.run(ExtensionPayments_MRF_TC:41)
	at com.kms.katalon.core.main.ScriptEngine.run(ScriptEngine.java:194)
	at com.kms.katalon.core.main.ScriptEngine.runScriptAsRawText(ScriptEngine.java:119)
	at com.kms.katalon.core.main.TestCaseExecutor.runScript(TestCaseExecutor.java:430)
	at com.kms.katalon.core.main.TestCaseExecutor.doExecute(TestCaseExecutor.java:421)
	at com.kms.katalon.core.main.TestCaseExecutor.processExecutionPhase(TestCaseExecutor.java:400)
	at com.kms.katalon.core.main.TestCaseExecutor.accessMainPhase(TestCaseExecutor.java:392)
	at com.kms.katalon.core.main.TestCaseExecutor.execute(TestCaseExecutor.java:273)
	at com.kms.katalon.core.main.TestSuiteExecutor.accessTestCaseMainPhase(TestSuiteExecutor.java:202)
	at com.kms.katalon.core.main.TestSuiteExecutor.accessTestSuiteMainPhase(TestSuiteExecutor.java:164)
	at com.kms.katalon.core.main.TestSuiteExecutor.execute(TestSuiteExecutor.java:105)
	at com.kms.katalon.core.main.TestCaseMain.startTestSuite(TestCaseMain.java:185)
	at com.kms.katalon.core.main.TestCaseMain$startTestSuite$0.call(Unknown Source)
	at TempTestSuite1636391403401.run(TempTestSuite1636391403401.groovy:36)
Caused by: com.kms.katalon.core.exception.StepFailedException: Unable to click on object 'Object Repository/RAD_Pages/Landing_Page/button_Continue'
	... 21 more
Caused by: org.openqa.selenium.ElementClickInterceptedException: element click intercepted: Element <button class="btn btn-primary float-end w-auto disablecontinue" disabled="">...</button> is not clickable at point (1046, 801). Other element would receive the click: <div class="w-100 mt-auto pt-3">...</div>
  (Session info: chrome=95.0.4638.69)
Build info: version: '3.141.59', revision: 'e82be7d358', time: '2018-11-14T08:25:53'
System info: host: 'DESKTOP-B2QI6NS', ip: '172.30.2.167', os.name: 'Windows 10', os.arch: 'amd64', os.version: '10.0', java.version: '1.8.0_181'
Driver info: com.kms.katalon.selenium.driver.CChromeDriver
Capabilities {acceptInsecureCerts: true, browserName: chrome, browserVersion: 95.0.4638.69, chrome: {chromedriverVersion: 95.0.4638.54 (d31a821ec901f..., userDataDir: C:\Users\iahmed\AppData\Loc...}, goog:chromeOptions: {debuggerAddress: localhost:54731}, javascriptEnabled: true, networkConnectionEnabled: false, pageLoadStrategy: normal, platform: WINDOWS, platformName: WINDOWS, proxy: Proxy(), setWindowRect: true, strictFileInteractability: false, timeouts: {implicit: 0, pageLoad: 300000, script: 30000}, unhandledPromptBehavior: dismiss and notify, webauthn:extension:credBlob: true, webauthn:extension:largeBlob: true, webauthn:virtualAuthenticators: true}
Session ID: 88f3c1e2fdf400131f61e850303775fc
	at org.openqa.selenium.remote.http.W3CHttpResponseCodec.createException(W3CHttpResponseCodec.java:187)
	at org.openqa.selenium.remote.http.W3CHttpResponseCodec.decode(W3CHttpResponseCodec.java:122)
	at org.openqa.selenium.remote.http.W3CHttpResponseCodec.decode(W3CHttpResponseCodec.java:49)
	at org.openqa.selenium.remote.HttpCommandExecutor.execute(HttpCommandExecutor.java:158)
	at org.openqa.selenium.remote.service.DriverCommandExecutor.execute(DriverCommandExecutor.java:83)
	at org.openqa.selenium.remote.RemoteWebDriver.execute(RemoteWebDriver.java:552)
	at com.kms.katalon.selenium.driver.CChromeDriver.execute(CChromeDriver.java:19)
	at org.openqa.selenium.remote.RemoteWebElement.execute(RemoteWebElement.java:285)
	at org.openqa.selenium.remote.RemoteWebElement.click(RemoteWebElement.java:84)
	at org.openqa.selenium.support.events.EventFiringWebDriver$EventFiringWebElement.lambda$new$0(EventFiringWebDriver.java:404)
	at com.sun.proxy.$Proxy11.click(Unknown Source)
	at org.openqa.selenium.support.events.EventFiringWebDriver$EventFiringWebElement.click(EventFiringWebDriver.java:417)
	at com.kms.katalon.core.webui.keyword.builtin.ClickKeyword$_click_closure1.doCall(ClickKeyword.groovy:68)
	at com.kms.katalon.core.webui.keyword.builtin.ClickKeyword$_click_closure1.call(ClickKeyword.groovy)
	at com.kms.katalon.core.webui.keyword.internal.WebUIKeywordMain.runKeyword(WebUIKeywordMain.groovy:20)
	... 19 more]]></system-err>
      </testcase>
      <testcase name="Test Cases/RAD_TestCases/MRF_TestCases/SaleAndUse_MRF_TC" time="13.153" classname="Test Cases/RAD_TestCases/MRF_TestCases/SaleAndUse_MRF_TC" status="PASSED">
         <system-out><![CDATA[2021-11-08 12:14:27 - [TEST_CASE][PASSED] - Test Cases/RAD_TestCases/MRF_TestCases/SaleAndUse_MRF_TC: Test Cases/RAD_TestCases/MRF_TestCases/SaleAndUse_MRF_TC

2021-11-08 12:14:27 - [TEST_STEP][PASSED] - openBrowser(""): Browser is opened with url: ''

2021-11-08 12:14:27 - [MESSAGE][WARNING] - A browser is already opened. Closing browser and opening a new one

2021-11-08 12:14:28 - [MESSAGE][INFO] - Starting 'Chrome' driver

2021-11-08 12:14:28 - [MESSAGE][INFO] - User set preference: ['acceptInsecureCerts', 'true']

2021-11-08 12:14:28 - [MESSAGE][INFO] - Action delay is set to 0 milliseconds

2021-11-08 12:14:29 - [MESSAGE][PASSED] - Browser is opened with url: ''

2021-11-08 12:14:29 - [TEST_STEP][PASSED] - maximizeWindow(): Current window maximized

2021-11-08 12:14:29 - [MESSAGE][PASSED] - Current window maximized

2021-11-08 12:14:29 - [TEST_STEP][PASSED] - navigateToUrl(RADurl): Navigate to 'https://qa.velocitypayment.com/client/rad/index.html' successfully

2021-11-08 12:14:31 - [MESSAGE][PASSED] - Navigate to 'https://qa.velocitypayment.com/client/rad/index.html' successfully

2021-11-08 12:14:31 - [TEST_STEP][PASSED] - orPath_Landing = "Object Repository/RAD_Pages/Landing_Page": null

2021-11-08 12:14:31 - [TEST_STEP][PASSED] - orPath_Amount = "Object Repository/RAD_Pages/PaymentAmount_Page": null

2021-11-08 12:14:31 - [TEST_STEP][PASSED] - orPath_FilingStatus = "Object Repository/RAD_Pages/FilingStatus_Page": null

2021-11-08 12:14:31 - [TEST_STEP][PASSED] - selectOptionByLabel(findTestObject(orPath_Landing + "/dd_TaxType"), "Sales and Use", false): All options with label 'Sales and Use' are selected in object 'Object Repository/RAD_Pages/Landing_Page/dd_TaxType' 

2021-11-08 12:14:32 - [MESSAGE][PASSED] - All options with label 'Sales and Use' are selected in object 'Object Repository/RAD_Pages/Landing_Page/dd_TaxType' 

2021-11-08 12:14:32 - [TEST_STEP][PASSED] - scrollToElement(findTestObject(orPath_Landing + "/button_Continue"), 3): Scroll to object 'Object Repository/RAD_Pages/Landing_Page/button_Continue' successfully

2021-11-08 12:14:33 - [MESSAGE][PASSED] - Scroll to object 'Object Repository/RAD_Pages/Landing_Page/button_Continue' successfully

2021-11-08 12:14:33 - [TEST_STEP][PASSED] - waitForElementClickable(findTestObject(orPath_Landing + "/button_Continue"), 5): Object 'Object Repository/RAD_Pages/Landing_Page/button_Continue' is clickable

2021-11-08 12:14:33 - [MESSAGE][PASSED] - Object 'Object Repository/RAD_Pages/Landing_Page/button_Continue' is clickable

2021-11-08 12:14:33 - [TEST_STEP][PASSED] - click(findTestObject(orPath_Landing + "/button_Continue")): Object: 'Object Repository/RAD_Pages/Landing_Page/button_Continue' is clicked on

2021-11-08 12:14:34 - [MESSAGE][PASSED] - Object: 'Object Repository/RAD_Pages/Landing_Page/button_Continue' is clicked on

2021-11-08 12:14:34 - [TEST_STEP][PASSED] - verifyTextPresent("Select a filing year", true): Text 'Select a filing year' is present on page  using regular expression

2021-11-08 12:14:34 - [MESSAGE][PASSED] - Text 'Select a filing year' is present on page  using regular expression

2021-11-08 12:14:34 - [TEST_STEP][PASSED] - verifyTextPresent("Select a reporting period", true): Text 'Select a reporting period' is present on page  using regular expression

2021-11-08 12:14:35 - [MESSAGE][PASSED] - Text 'Select a reporting period' is present on page  using regular expression

2021-11-08 12:14:35 - [TEST_STEP][PASSED] - verifyTextPresent("Enter business name", true): Text 'Enter business name' is present on page  using regular expression

2021-11-08 12:14:35 - [MESSAGE][PASSED] - Text 'Enter business name' is present on page  using regular expression

2021-11-08 12:14:35 - [TEST_STEP][PASSED] - verifyTextPresent("Enter first name", true): Text 'Enter first name' is present on page  using regular expression

2021-11-08 12:14:35 - [MESSAGE][PASSED] - Text 'Enter first name' is present on page  using regular expression

2021-11-08 12:14:35 - [TEST_STEP][PASSED] - verifyTextPresent("Enter last name", true): Text 'Enter last name' is present on page  using regular expression

2021-11-08 12:14:36 - [MESSAGE][PASSED] - Text 'Enter last name' is present on page  using regular expression

2021-11-08 12:14:36 - [TEST_STEP][PASSED] - verifyTextPresent("Enter address", true): Text 'Enter address' is present on page  using regular expression

2021-11-08 12:14:36 - [MESSAGE][PASSED] - Text 'Enter address' is present on page  using regular expression

2021-11-08 12:14:36 - [TEST_STEP][PASSED] - verifyTextPresent("Enter city", true): Text 'Enter city' is present on page  using regular expression

2021-11-08 12:14:37 - [MESSAGE][PASSED] - Text 'Enter city' is present on page  using regular expression

2021-11-08 12:14:37 - [TEST_STEP][PASSED] - verifyTextPresent("Select a state", true): Text 'Select a state' is present on page  using regular expression

2021-11-08 12:14:37 - [MESSAGE][PASSED] - Text 'Select a state' is present on page  using regular expression

2021-11-08 12:14:37 - [TEST_STEP][PASSED] - verifyTextPresent("Enter ZIP code", true): Text 'Enter ZIP code' is present on page  using regular expression

2021-11-08 12:14:38 - [MESSAGE][PASSED] - Text 'Enter ZIP code' is present on page  using regular expression

2021-11-08 12:14:38 - [TEST_STEP][PASSED] - verifyTextPresent("Enter a phone number", true): Text 'Enter a phone number' is present on page  using regular expression

2021-11-08 12:14:38 - [MESSAGE][PASSED] - Text 'Enter a phone number' is present on page  using regular expression

2021-11-08 12:14:38 - [TEST_STEP][PASSED] - verifyTextPresent("Enter Email", true): Text 'Enter Email' is present on page  using regular expression

2021-11-08 12:14:39 - [MESSAGE][PASSED] - Text 'Enter Email' is present on page  using regular expression

2021-11-08 12:14:39 - [TEST_STEP][PASSED] - verifyTextPresent("The Email and Re-enter email do not match", true): Text 'The Email and Re-enter email do not match' is present on page  using regular expression

2021-11-08 12:14:39 - [MESSAGE][PASSED] - Text 'The Email and Re-enter email do not match' is present on page  using regular expression

2021-11-08 12:14:39 - [TEST_STEP][PASSED] - verifyTextPresent("Enter valid MD Central Registration.", true): Text 'Enter valid MD Central Registration.' is present on page  using regular expression

2021-11-08 12:14:39 - [MESSAGE][PASSED] - Text 'Enter valid MD Central Registration.' is present on page  using regular expression

2021-11-08 12:14:39 - [TEST_STEP][PASSED] - verifyTextPresent("Payment amount must be greater than zero and less than 10,000,000", true): Text 'Payment amount must be greater than zero and less than 10,000,000' is present on page  using regular expression

2021-11-08 12:14:40 - [MESSAGE][PASSED] - Text 'Payment amount must be greater than zero and less than 10,000,000' is present on page  using regular expression]]></system-out>
         <system-err><![CDATA[]]></system-err>
      </testcase>
      <testcase name="Test Cases/RAD_TestCases/MRF_TestCases/WithholdingTax_MRF_TC" time="11.947" classname="Test Cases/RAD_TestCases/MRF_TestCases/WithholdingTax_MRF_TC" status="PASSED">
         <system-out><![CDATA[2021-11-08 12:14:40 - [TEST_CASE][PASSED] - Test Cases/RAD_TestCases/MRF_TestCases/WithholdingTax_MRF_TC: Test Cases/RAD_TestCases/MRF_TestCases/WithholdingTax_MRF_TC

2021-11-08 12:14:40 - [TEST_STEP][PASSED] - openBrowser(""): Browser is opened with url: ''

2021-11-08 12:14:40 - [MESSAGE][WARNING] - A browser is already opened. Closing browser and opening a new one

2021-11-08 12:14:41 - [MESSAGE][INFO] - Starting 'Chrome' driver

2021-11-08 12:14:41 - [MESSAGE][INFO] - User set preference: ['acceptInsecureCerts', 'true']

2021-11-08 12:14:41 - [MESSAGE][INFO] - Action delay is set to 0 milliseconds

2021-11-08 12:14:42 - [MESSAGE][PASSED] - Browser is opened with url: ''

2021-11-08 12:14:42 - [TEST_STEP][PASSED] - maximizeWindow(): Current window maximized

2021-11-08 12:14:42 - [MESSAGE][PASSED] - Current window maximized

2021-11-08 12:14:42 - [TEST_STEP][PASSED] - navigateToUrl(RADurl): Navigate to 'https://qa.velocitypayment.com/client/rad/index.html' successfully

2021-11-08 12:14:44 - [MESSAGE][PASSED] - Navigate to 'https://qa.velocitypayment.com/client/rad/index.html' successfully

2021-11-08 12:14:44 - [TEST_STEP][PASSED] - orPath_Landing = "Object Repository/RAD_Pages/Landing_Page": null

2021-11-08 12:14:44 - [TEST_STEP][PASSED] - orPath_Amount = "Object Repository/RAD_Pages/PaymentAmount_Page": null

2021-11-08 12:14:44 - [TEST_STEP][PASSED] - orPath_FilingStatus = "Object Repository/RAD_Pages/FilingStatus_Page": null

2021-11-08 12:14:44 - [TEST_STEP][PASSED] - selectOptionByLabel(findTestObject(orPath_Landing + "/dd_TaxType"), "Withholding Tax", false): All options with label 'Withholding Tax' are selected in object 'Object Repository/RAD_Pages/Landing_Page/dd_TaxType' 

2021-11-08 12:14:45 - [MESSAGE][PASSED] - All options with label 'Withholding Tax' are selected in object 'Object Repository/RAD_Pages/Landing_Page/dd_TaxType' 

2021-11-08 12:14:45 - [TEST_STEP][PASSED] - scrollToElement(findTestObject(orPath_Landing + "/button_Continue"), 3): Scroll to object 'Object Repository/RAD_Pages/Landing_Page/button_Continue' successfully

2021-11-08 12:14:45 - [MESSAGE][PASSED] - Scroll to object 'Object Repository/RAD_Pages/Landing_Page/button_Continue' successfully

2021-11-08 12:14:45 - [TEST_STEP][PASSED] - waitForElementClickable(findTestObject(orPath_Landing + "/button_Continue"), 5): Object 'Object Repository/RAD_Pages/Landing_Page/button_Continue' is clickable

2021-11-08 12:14:46 - [MESSAGE][PASSED] - Object 'Object Repository/RAD_Pages/Landing_Page/button_Continue' is clickable

2021-11-08 12:14:46 - [TEST_STEP][PASSED] - click(findTestObject(orPath_Landing + "/button_Continue")): Object: 'Object Repository/RAD_Pages/Landing_Page/button_Continue' is clicked on

2021-11-08 12:14:46 - [MESSAGE][PASSED] - Object: 'Object Repository/RAD_Pages/Landing_Page/button_Continue' is clicked on

2021-11-08 12:14:46 - [TEST_STEP][PASSED] - verifyTextPresent("Select a filing year", true): Text 'Select a filing year' is present on page  using regular expression

2021-11-08 12:14:47 - [MESSAGE][PASSED] - Text 'Select a filing year' is present on page  using regular expression

2021-11-08 12:14:47 - [TEST_STEP][PASSED] - verifyTextPresent("Enter business name", true): Text 'Enter business name' is present on page  using regular expression

2021-11-08 12:14:47 - [MESSAGE][PASSED] - Text 'Enter business name' is present on page  using regular expression

2021-11-08 12:14:47 - [TEST_STEP][PASSED] - verifyTextPresent("Enter first name", true): Text 'Enter first name' is present on page  using regular expression

2021-11-08 12:14:47 - [MESSAGE][PASSED] - Text 'Enter first name' is present on page  using regular expression

2021-11-08 12:14:47 - [TEST_STEP][PASSED] - verifyTextPresent("Enter last name", true): Text 'Enter last name' is present on page  using regular expression

2021-11-08 12:14:48 - [MESSAGE][PASSED] - Text 'Enter last name' is present on page  using regular expression

2021-11-08 12:14:48 - [TEST_STEP][PASSED] - verifyTextPresent("Enter address", true): Text 'Enter address' is present on page  using regular expression

2021-11-08 12:14:48 - [MESSAGE][PASSED] - Text 'Enter address' is present on page  using regular expression

2021-11-08 12:14:48 - [TEST_STEP][PASSED] - verifyTextPresent("Enter city", true): Text 'Enter city' is present on page  using regular expression

2021-11-08 12:14:48 - [MESSAGE][PASSED] - Text 'Enter city' is present on page  using regular expression

2021-11-08 12:14:48 - [TEST_STEP][PASSED] - verifyTextPresent("Select a state", true): Text 'Select a state' is present on page  using regular expression

2021-11-08 12:14:49 - [MESSAGE][PASSED] - Text 'Select a state' is present on page  using regular expression

2021-11-08 12:14:49 - [TEST_STEP][PASSED] - verifyTextPresent("Enter ZIP code", true): Text 'Enter ZIP code' is present on page  using regular expression

2021-11-08 12:14:49 - [MESSAGE][PASSED] - Text 'Enter ZIP code' is present on page  using regular expression

2021-11-08 12:14:49 - [TEST_STEP][PASSED] - verifyTextPresent("Enter a phone number", true): Text 'Enter a phone number' is present on page  using regular expression

2021-11-08 12:14:50 - [MESSAGE][PASSED] - Text 'Enter a phone number' is present on page  using regular expression

2021-11-08 12:14:50 - [TEST_STEP][PASSED] - verifyTextPresent("Enter Email", true): Text 'Enter Email' is present on page  using regular expression

2021-11-08 12:14:50 - [MESSAGE][PASSED] - Text 'Enter Email' is present on page  using regular expression

2021-11-08 12:14:50 - [TEST_STEP][PASSED] - verifyTextPresent("The Email and Re-enter email do not match", true): Text 'The Email and Re-enter email do not match' is present on page  using regular expression

2021-11-08 12:14:50 - [MESSAGE][PASSED] - Text 'The Email and Re-enter email do not match' is present on page  using regular expression

2021-11-08 12:14:50 - [TEST_STEP][PASSED] - verifyTextPresent("Enter valid MD Central Registration.", true): Text 'Enter valid MD Central Registration.' is present on page  using regular expression

2021-11-08 12:14:51 - [MESSAGE][PASSED] - Text 'Enter valid MD Central Registration.' is present on page  using regular expression

2021-11-08 12:14:51 - [TEST_STEP][PASSED] - verifyTextPresent("Select reporting period", true): Text 'Select reporting period' is present on page  using regular expression

2021-11-08 12:14:51 - [MESSAGE][PASSED] - Text 'Select reporting period' is present on page  using regular expression

2021-11-08 12:14:51 - [TEST_STEP][PASSED] - verifyTextPresent("Withholding amount must be greater than zero and less than 10,000,000", true): Text 'Withholding amount must be greater than zero and less than 10,000,000' is present on page  using regular expression

2021-11-08 12:14:51 - [MESSAGE][PASSED] - Text 'Withholding amount must be greater than zero and less than 10,000,000' is present on page  using regular expression

2021-11-08 12:14:51 - [TEST_STEP][PASSED] - verifyTextPresent("Payment amount must be greater than zero and less than 10,000,000", true): Text 'Payment amount must be greater than zero and less than 10,000,000' is present on page  using regular expression

2021-11-08 12:14:52 - [MESSAGE][PASSED] - Text 'Payment amount must be greater than zero and less than 10,000,000' is present on page  using regular expression]]></system-out>
         <system-err><![CDATA[]]></system-err>
      </testcase>
      <testcase name="Test Cases/RAD_TestCases/MRF_TestCases/ExistingLiability_MRF_TC" time="14.194" classname="Test Cases/RAD_TestCases/MRF_TestCases/ExistingLiability_MRF_TC" status="PASSED">
         <system-out><![CDATA[2021-11-08 12:14:52 - [TEST_CASE][PASSED] - Test Cases/RAD_TestCases/MRF_TestCases/ExistingLiability_MRF_TC: Test Cases/RAD_TestCases/MRF_TestCases/ExistingLiability_MRF_TC

2021-11-08 12:14:52 - [TEST_STEP][PASSED] - openBrowser(""): Browser is opened with url: ''

2021-11-08 12:14:52 - [MESSAGE][WARNING] - A browser is already opened. Closing browser and opening a new one

2021-11-08 12:14:53 - [MESSAGE][INFO] - Starting 'Chrome' driver

2021-11-08 12:14:53 - [MESSAGE][INFO] - User set preference: ['acceptInsecureCerts', 'true']

2021-11-08 12:14:53 - [MESSAGE][INFO] - Action delay is set to 0 milliseconds

2021-11-08 12:14:54 - [MESSAGE][PASSED] - Browser is opened with url: ''

2021-11-08 12:14:54 - [TEST_STEP][PASSED] - maximizeWindow(): Current window maximized

2021-11-08 12:14:55 - [MESSAGE][PASSED] - Current window maximized

2021-11-08 12:14:55 - [TEST_STEP][PASSED] - navigateToUrl(RADurl): Navigate to 'https://qa.velocitypayment.com/client/rad/index.html' successfully

2021-11-08 12:14:56 - [MESSAGE][PASSED] - Navigate to 'https://qa.velocitypayment.com/client/rad/index.html' successfully

2021-11-08 12:14:56 - [TEST_STEP][PASSED] - orPath_Landing = "Object Repository/RAD_Pages/Landing_Page": null

2021-11-08 12:14:56 - [TEST_STEP][PASSED] - orPath_Amount = "Object Repository/RAD_Pages/PaymentAmount_Page": null

2021-11-08 12:14:56 - [TEST_STEP][PASSED] - orPath_FilingStatus = "Object Repository/RAD_Pages/FilingStatus_Page": null

2021-11-08 12:14:56 - [TEST_STEP][PASSED] - orPath_TaxPayer = "Object Repository/RAD_Pages/Taxpayer_Page": null

2021-11-08 12:14:56 - [TEST_STEP][PASSED] - orPath_TaxInfo = "Object Repository/RAD_Pages/TaxInfo_Page": null

2021-11-08 12:14:56 - [TEST_STEP][PASSED] - selectOptionByLabel(findTestObject(orPath_Landing + "/dd_TaxType"), "Existing Liability", false): All options with label 'Existing Liability' are selected in object 'Object Repository/RAD_Pages/Landing_Page/dd_TaxType' 

2021-11-08 12:14:57 - [MESSAGE][PASSED] - All options with label 'Existing Liability' are selected in object 'Object Repository/RAD_Pages/Landing_Page/dd_TaxType' 

2021-11-08 12:14:57 - [TEST_STEP][PASSED] - setText(findTestObject(orPath_TaxInfo + "/input_TaxInfo_ExisitingSSN"), "123451234"): Text '123451234' is set on object 'Object Repository/RAD_Pages/TaxInfo_Page/input_TaxInfo_ExisitingSSN'

2021-11-08 12:14:58 - [MESSAGE][PASSED] - Text '123451234' is set on object 'Object Repository/RAD_Pages/TaxInfo_Page/input_TaxInfo_ExisitingSSN'

2021-11-08 12:14:58 - [TEST_STEP][PASSED] - setText(findTestObject(orPath_TaxInfo + "/input_TaxInfo_reTaxTypeExisitingSSN"), "123451234"): Text '123451234' is set on object 'Object Repository/RAD_Pages/TaxInfo_Page/input_TaxInfo_reTaxTypeExisitingSSN'

2021-11-08 12:14:59 - [MESSAGE][PASSED] - Text '123451234' is set on object 'Object Repository/RAD_Pages/TaxInfo_Page/input_TaxInfo_reTaxTypeExisitingSSN'

2021-11-08 12:14:59 - [TEST_STEP][PASSED] - setText(findTestObject(orPath_TaxPayer + "/input_lastName"), "Anderson"): Text 'Anderson' is set on object 'Object Repository/RAD_Pages/Taxpayer_Page/input_lastName'

2021-11-08 12:15:00 - [MESSAGE][PASSED] - Text 'Anderson' is set on object 'Object Repository/RAD_Pages/Taxpayer_Page/input_lastName'

2021-11-08 12:15:00 - [TEST_STEP][PASSED] - setText(findTestObject(orPath_TaxPayer + "/input_middleName"), ""): Text '' is set on object 'Object Repository/RAD_Pages/Taxpayer_Page/input_middleName'

2021-11-08 12:15:00 - [MESSAGE][PASSED] - Text '' is set on object 'Object Repository/RAD_Pages/Taxpayer_Page/input_middleName'

2021-11-08 12:15:00 - [TEST_STEP][PASSED] - scrollToElement(findTestObject(orPath_Landing + "/button_Continue"), 3): Scroll to object 'Object Repository/RAD_Pages/Landing_Page/button_Continue' successfully

2021-11-08 12:15:01 - [MESSAGE][PASSED] - Scroll to object 'Object Repository/RAD_Pages/Landing_Page/button_Continue' successfully

2021-11-08 12:15:01 - [TEST_STEP][PASSED] - waitForElementClickable(findTestObject(orPath_Landing + "/button_Continue"), 5): Object 'Object Repository/RAD_Pages/Landing_Page/button_Continue' is clickable

2021-11-08 12:15:01 - [MESSAGE][PASSED] - Object 'Object Repository/RAD_Pages/Landing_Page/button_Continue' is clickable

2021-11-08 12:15:01 - [TEST_STEP][PASSED] - click(findTestObject(orPath_Landing + "/button_Continue")): Object: 'Object Repository/RAD_Pages/Landing_Page/button_Continue' is clicked on

2021-11-08 12:15:02 - [MESSAGE][PASSED] - Object: 'Object Repository/RAD_Pages/Landing_Page/button_Continue' is clicked on

2021-11-08 12:15:02 - [TEST_STEP][PASSED] - verifyTextPresent("Select a tax type", true): Text 'Select a tax type' is present on page  using regular expression

2021-11-08 12:15:02 - [MESSAGE][PASSED] - Text 'Select a tax type' is present on page  using regular expression

2021-11-08 12:15:02 - [TEST_STEP][PASSED] - verifyTextPresent("Enter first name", true): Text 'Enter first name' is present on page  using regular expression

2021-11-08 12:15:02 - [MESSAGE][PASSED] - Text 'Enter first name' is present on page  using regular expression

2021-11-08 12:15:02 - [TEST_STEP][PASSED] - verifyTextPresent("Enter address", true): Text 'Enter address' is present on page  using regular expression

2021-11-08 12:15:03 - [MESSAGE][PASSED] - Text 'Enter address' is present on page  using regular expression

2021-11-08 12:15:03 - [TEST_STEP][PASSED] - verifyTextPresent("Enter city", true): Text 'Enter city' is present on page  using regular expression

2021-11-08 12:15:03 - [MESSAGE][PASSED] - Text 'Enter city' is present on page  using regular expression

2021-11-08 12:15:03 - [TEST_STEP][PASSED] - verifyTextPresent("Select a state", true): Text 'Select a state' is present on page  using regular expression

2021-11-08 12:15:04 - [MESSAGE][PASSED] - Text 'Select a state' is present on page  using regular expression

2021-11-08 12:15:04 - [TEST_STEP][PASSED] - verifyTextPresent("Enter ZIP code", true): Text 'Enter ZIP code' is present on page  using regular expression

2021-11-08 12:15:04 - [MESSAGE][PASSED] - Text 'Enter ZIP code' is present on page  using regular expression

2021-11-08 12:15:04 - [TEST_STEP][PASSED] - verifyTextPresent("Enter a phone number", true): Text 'Enter a phone number' is present on page  using regular expression

2021-11-08 12:15:04 - [MESSAGE][PASSED] - Text 'Enter a phone number' is present on page  using regular expression

2021-11-08 12:15:04 - [TEST_STEP][PASSED] - verifyTextPresent("Enter Email", true): Text 'Enter Email' is present on page  using regular expression

2021-11-08 12:15:05 - [MESSAGE][PASSED] - Text 'Enter Email' is present on page  using regular expression

2021-11-08 12:15:05 - [TEST_STEP][PASSED] - verifyTextPresent("The Email and Re-enter email do not match", true): Text 'The Email and Re-enter email do not match' is present on page  using regular expression

2021-11-08 12:15:05 - [MESSAGE][PASSED] - Text 'The Email and Re-enter email do not match' is present on page  using regular expression

2021-11-08 12:15:05 - [TEST_STEP][PASSED] - verifyTextPresent("Enter notice number", true): Text 'Enter notice number' is present on page  using regular expression

2021-11-08 12:15:05 - [MESSAGE][PASSED] - Text 'Enter notice number' is present on page  using regular expression

2021-11-08 12:15:05 - [TEST_STEP][PASSED] - verifyTextPresent("The notice number and Re-Type notice number do not match", true): Text 'The notice number and Re-Type notice number do not match' is present on page  using regular expression

2021-11-08 12:15:06 - [MESSAGE][PASSED] - Text 'The notice number and Re-Type notice number do not match' is present on page  using regular expression

2021-11-08 12:15:06 - [TEST_STEP][PASSED] - verifyTextPresent("Payment amount must be greater than zero and less than 10,000,000", true): Text 'Payment amount must be greater than zero and less than 10,000,000' is present on page  using regular expression

2021-11-08 12:15:06 - [MESSAGE][PASSED] - Text 'Payment amount must be greater than zero and less than 10,000,000' is present on page  using regular expression]]></system-out>
         <system-err><![CDATA[]]></system-err>
      </testcase>
      <testcase name="Test Cases/RAD_TestCases/MRF_TestCases/EstimatedTax_Joint_MRF_TC" time="43.848" classname="Test Cases/RAD_TestCases/MRF_TestCases/EstimatedTax_Joint_MRF_TC" status="FAILED">
         <failure type="FAILED" message="Test Cases/RAD_TestCases/MRF_TestCases/EstimatedTax_Joint_MRF_TC FAILED.
Reason:
com.kms.katalon.core.exception.StepFailedException: Unable to set text (Root cause: com.kms.katalon.core.exception.StepFailedException: Unable to set text
	at com.kms.katalon.core.webui.keyword.internal.WebUIKeywordMain.stepFailed(WebUIKeywordMain.groovy:64)
	at com.kms.katalon.core.webui.keyword.internal.WebUIKeywordMain.runKeyword(WebUIKeywordMain.groovy:26)
	at com.kms.katalon.core.webui.keyword.builtin.SetTextKeyword.setText(SetTextKeyword.groovy:66)
	at com.kms.katalon.core.webui.keyword.builtin.SetTextKeyword.execute(SetTextKeyword.groovy:37)
	at com.kms.katalon.core.keyword.internal.KeywordExecutor.executeKeywordForPlatform(KeywordExecutor.groovy:74)
	at com.kms.katalon.core.webui.keyword.WebUiBuiltInKeywords.setText(WebUiBuiltInKeywords.groovy:980)
	at com.kms.katalon.core.webui.keyword.WebUiBuiltInKeywords$setText$11.call(Unknown Source)
	at EstimatedTax_Joint_MRF_TC.run(EstimatedTax_Joint_MRF_TC:62)
	at com.kms.katalon.core.main.ScriptEngine.run(ScriptEngine.java:194)
	at com.kms.katalon.core.main.ScriptEngine.runScriptAsRawText(ScriptEngine.java:119)
	at com.kms.katalon.core.main.TestCaseExecutor.runScript(TestCaseExecutor.java:430)
	at com.kms.katalon.core.main.TestCaseExecutor.doExecute(TestCaseExecutor.java:421)
	at com.kms.katalon.core.main.TestCaseExecutor.processExecutionPhase(TestCaseExecutor.java:400)
	at com.kms.katalon.core.main.TestCaseExecutor.accessMainPhase(TestCaseExecutor.java:392)
	at com.kms.katalon.core.main.TestCaseExecutor.execute(TestCaseExecutor.java:273)
	at com.kms.katalon.core.main.TestSuiteExecutor.accessTestCaseMainPhase(TestSuiteExecutor.java:202)
	at com.kms.katalon.core.main.TestSuiteExecutor.accessTestSuiteMainPhase(TestSuiteExecutor.java:164)
	at com.kms.katalon.core.main.TestSuiteExecutor.execute(TestSuiteExecutor.java:105)
	at com.kms.katalon.core.main.TestCaseMain.startTestSuite(TestCaseMain.java:185)
	at com.kms.katalon.core.main.TestCaseMain$startTestSuite$0.call(Unknown Source)
	at TempTestSuite1636391403401.run(TempTestSuite1636391403401.groovy:36)
Caused by: java.lang.IllegalArgumentException: Object is null
	at com.kms.katalon.core.helper.KeywordHelper.checkTestObjectParameter(KeywordHelper.java:33)
	at com.kms.katalon.core.webui.keyword.builtin.SetTextKeyword$_setText_closure1.doCall(SetTextKeyword.groovy:45)
	at com.kms.katalon.core.webui.keyword.builtin.SetTextKeyword$_setText_closure1.call(SetTextKeyword.groovy)
	at com.kms.katalon.core.webui.keyword.internal.WebUIKeywordMain.runKeyword(WebUIKeywordMain.groovy:20)
	at com.kms.katalon.core.webui.keyword.builtin.SetTextKeyword.setText(SetTextKeyword.groovy:66)
	at com.kms.katalon.core.webui.keyword.builtin.SetTextKeyword.execute(SetTextKeyword.groovy:37)
	at com.kms.katalon.core.keyword.internal.KeywordExecutor.executeKeywordForPlatform(KeywordExecutor.groovy:74)
	at com.kms.katalon.core.webui.keyword.WebUiBuiltInKeywords.setText(WebUiBuiltInKeywords.groovy:980)
	at com.kms.katalon.core.webui.keyword.WebUiBuiltInKeywords$setText$11.call(Unknown Source)
	at Script1634932010040.run(Script1634932010040.groovy:62)
	... 13 more
)
	at com.kms.katalon.core.keyword.internal.KeywordMain.stepFailed(KeywordMain.groovy:39)
	at com.kms.katalon.core.webui.keyword.internal.WebUIKeywordMain.stepFailed(WebUIKeywordMain.groovy:64)
	at com.kms.katalon.core.webui.keyword.internal.WebUIKeywordMain.runKeyword(WebUIKeywordMain.groovy:26)
	at com.kms.katalon.core.webui.keyword.builtin.SetTextKeyword.setText(SetTextKeyword.groovy:66)
	at com.kms.katalon.core.webui.keyword.builtin.SetTextKeyword.execute(SetTextKeyword.groovy:37)
	at com.kms.katalon.core.keyword.internal.KeywordExecutor.executeKeywordForPlatform(KeywordExecutor.groovy:74)
	at com.kms.katalon.core.webui.keyword.WebUiBuiltInKeywords.setText(WebUiBuiltInKeywords.groovy:980)
	at com.kms.katalon.core.webui.keyword.WebUiBuiltInKeywords$setText$11.call(Unknown Source)
	at EstimatedTax_Joint_MRF_TC.run(EstimatedTax_Joint_MRF_TC:62)
	at com.kms.katalon.core.main.ScriptEngine.run(ScriptEngine.java:194)
	at com.kms.katalon.core.main.ScriptEngine.runScriptAsRawText(ScriptEngine.java:119)
	at com.kms.katalon.core.main.TestCaseExecutor.runScript(TestCaseExecutor.java:430)
	at com.kms.katalon.core.main.TestCaseExecutor.doExecute(TestCaseExecutor.java:421)
	at com.kms.katalon.core.main.TestCaseExecutor.processExecutionPhase(TestCaseExecutor.java:400)
	at com.kms.katalon.core.main.TestCaseExecutor.accessMainPhase(TestCaseExecutor.java:392)
	at com.kms.katalon.core.main.TestCaseExecutor.execute(TestCaseExecutor.java:273)
	at com.kms.katalon.core.main.TestSuiteExecutor.accessTestCaseMainPhase(TestSuiteExecutor.java:202)
	at com.kms.katalon.core.main.TestSuiteExecutor.accessTestSuiteMainPhase(TestSuiteExecutor.java:164)
	at com.kms.katalon.core.main.TestSuiteExecutor.execute(TestSuiteExecutor.java:105)
	at com.kms.katalon.core.main.TestCaseMain.startTestSuite(TestCaseMain.java:185)
	at com.kms.katalon.core.main.TestCaseMain$startTestSuite$0.call(Unknown Source)
	at TempTestSuite1636391403401.run(TempTestSuite1636391403401.groovy:36)
Caused by: com.kms.katalon.core.exception.StepFailedException: Unable to set text
	... 21 more
Caused by: java.lang.IllegalArgumentException: Object is null
	at com.kms.katalon.core.helper.KeywordHelper.checkTestObjectParameter(KeywordHelper.java:33)
	at com.kms.katalon.core.webui.keyword.builtin.SetTextKeyword$_setText_closure1.doCall(SetTextKeyword.groovy:45)
	at com.kms.katalon.core.webui.keyword.builtin.SetTextKeyword$_setText_closure1.call(SetTextKeyword.groovy)
	at com.kms.katalon.core.webui.keyword.internal.WebUIKeywordMain.runKeyword(WebUIKeywordMain.groovy:20)
	... 19 more
"/>
         <system-out><![CDATA[2021-11-08 12:15:06 - [TEST_CASE][FAILED] - Test Cases/RAD_TestCases/MRF_TestCases/EstimatedTax_Joint_MRF_TC: Test Cases/RAD_TestCases/MRF_TestCases/EstimatedTax_Joint_MRF_TC FAILED.
Reason:
com.kms.katalon.core.exception.StepFailedException: Unable to set text (Root cause: com.kms.katalon.core.exception.StepFailedException: Unable to set text
	at com.kms.katalon.core.webui.keyword.internal.WebUIKeywordMain.stepFailed(WebUIKeywordMain.groovy:64)
	at com.kms.katalon.core.webui.keyword.internal.WebUIKeywordMain.runKeyword(WebUIKeywordMain.groovy:26)
	at com.kms.katalon.core.webui.keyword.builtin.SetTextKeyword.setText(SetTextKeyword.groovy:66)
	at com.kms.katalon.core.webui.keyword.builtin.SetTextKeyword.execute(SetTextKeyword.groovy:37)
	at com.kms.katalon.core.keyword.internal.KeywordExecutor.executeKeywordForPlatform(KeywordExecutor.groovy:74)
	at com.kms.katalon.core.webui.keyword.WebUiBuiltInKeywords.setText(WebUiBuiltInKeywords.groovy:980)
	at com.kms.katalon.core.webui.keyword.WebUiBuiltInKeywords$setText$11.call(Unknown Source)
	at EstimatedTax_Joint_MRF_TC.run(EstimatedTax_Joint_MRF_TC:62)
	at com.kms.katalon.core.main.ScriptEngine.run(ScriptEngine.java:194)
	at com.kms.katalon.core.main.ScriptEngine.runScriptAsRawText(ScriptEngine.java:119)
	at com.kms.katalon.core.main.TestCaseExecutor.runScript(TestCaseExecutor.java:430)
	at com.kms.katalon.core.main.TestCaseExecutor.doExecute(TestCaseExecutor.java:421)
	at com.kms.katalon.core.main.TestCaseExecutor.processExecutionPhase(TestCaseExecutor.java:400)
	at com.kms.katalon.core.main.TestCaseExecutor.accessMainPhase(TestCaseExecutor.java:392)
	at com.kms.katalon.core.main.TestCaseExecutor.execute(TestCaseExecutor.java:273)
	at com.kms.katalon.core.main.TestSuiteExecutor.accessTestCaseMainPhase(TestSuiteExecutor.java:202)
	at com.kms.katalon.core.main.TestSuiteExecutor.accessTestSuiteMainPhase(TestSuiteExecutor.java:164)
	at com.kms.katalon.core.main.TestSuiteExecutor.execute(TestSuiteExecutor.java:105)
	at com.kms.katalon.core.main.TestCaseMain.startTestSuite(TestCaseMain.java:185)
	at com.kms.katalon.core.main.TestCaseMain$startTestSuite$0.call(Unknown Source)
	at TempTestSuite1636391403401.run(TempTestSuite1636391403401.groovy:36)
Caused by: java.lang.IllegalArgumentException: Object is null
	at com.kms.katalon.core.helper.KeywordHelper.checkTestObjectParameter(KeywordHelper.java:33)
	at com.kms.katalon.core.webui.keyword.builtin.SetTextKeyword$_setText_closure1.doCall(SetTextKeyword.groovy:45)
	at com.kms.katalon.core.webui.keyword.builtin.SetTextKeyword$_setText_closure1.call(SetTextKeyword.groovy)
	at com.kms.katalon.core.webui.keyword.internal.WebUIKeywordMain.runKeyword(WebUIKeywordMain.groovy:20)
	at com.kms.katalon.core.webui.keyword.builtin.SetTextKeyword.setText(SetTextKeyword.groovy:66)
	at com.kms.katalon.core.webui.keyword.builtin.SetTextKeyword.execute(SetTextKeyword.groovy:37)
	at com.kms.katalon.core.keyword.internal.KeywordExecutor.executeKeywordForPlatform(KeywordExecutor.groovy:74)
	at com.kms.katalon.core.webui.keyword.WebUiBuiltInKeywords.setText(WebUiBuiltInKeywords.groovy:980)
	at com.kms.katalon.core.webui.keyword.WebUiBuiltInKeywords$setText$11.call(Unknown Source)
	at Script1634932010040.run(Script1634932010040.groovy:62)
	... 13 more
)
	at com.kms.katalon.core.keyword.internal.KeywordMain.stepFailed(KeywordMain.groovy:39)
	at com.kms.katalon.core.webui.keyword.internal.WebUIKeywordMain.stepFailed(WebUIKeywordMain.groovy:64)
	at com.kms.katalon.core.webui.keyword.internal.WebUIKeywordMain.runKeyword(WebUIKeywordMain.groovy:26)
	at com.kms.katalon.core.webui.keyword.builtin.SetTextKeyword.setText(SetTextKeyword.groovy:66)
	at com.kms.katalon.core.webui.keyword.builtin.SetTextKeyword.execute(SetTextKeyword.groovy:37)
	at com.kms.katalon.core.keyword.internal.KeywordExecutor.executeKeywordForPlatform(KeywordExecutor.groovy:74)
	at com.kms.katalon.core.webui.keyword.WebUiBuiltInKeywords.setText(WebUiBuiltInKeywords.groovy:980)
	at com.kms.katalon.core.webui.keyword.WebUiBuiltInKeywords$setText$11.call(Unknown Source)
	at EstimatedTax_Joint_MRF_TC.run(EstimatedTax_Joint_MRF_TC:62)
	at com.kms.katalon.core.main.ScriptEngine.run(ScriptEngine.java:194)
	at com.kms.katalon.core.main.ScriptEngine.runScriptAsRawText(ScriptEngine.java:119)
	at com.kms.katalon.core.main.TestCaseExecutor.runScript(TestCaseExecutor.java:430)
	at com.kms.katalon.core.main.TestCaseExecutor.doExecute(TestCaseExecutor.java:421)
	at com.kms.katalon.core.main.TestCaseExecutor.processExecutionPhase(TestCaseExecutor.java:400)
	at com.kms.katalon.core.main.TestCaseExecutor.accessMainPhase(TestCaseExecutor.java:392)
	at com.kms.katalon.core.main.TestCaseExecutor.execute(TestCaseExecutor.java:273)
	at com.kms.katalon.core.main.TestSuiteExecutor.accessTestCaseMainPhase(TestSuiteExecutor.java:202)
	at com.kms.katalon.core.main.TestSuiteExecutor.accessTestSuiteMainPhase(TestSuiteExecutor.java:164)
	at com.kms.katalon.core.main.TestSuiteExecutor.execute(TestSuiteExecutor.java:105)
	at com.kms.katalon.core.main.TestCaseMain.startTestSuite(TestCaseMain.java:185)
	at com.kms.katalon.core.main.TestCaseMain$startTestSuite$0.call(Unknown Source)
	at TempTestSuite1636391403401.run(TempTestSuite1636391403401.groovy:36)
Caused by: com.kms.katalon.core.exception.StepFailedException: Unable to set text
	... 21 more
Caused by: java.lang.IllegalArgumentException: Object is null
	at com.kms.katalon.core.helper.KeywordHelper.checkTestObjectParameter(KeywordHelper.java:33)
	at com.kms.katalon.core.webui.keyword.builtin.SetTextKeyword$_setText_closure1.doCall(SetTextKeyword.groovy:45)
	at com.kms.katalon.core.webui.keyword.builtin.SetTextKeyword$_setText_closure1.call(SetTextKeyword.groovy)
	at com.kms.katalon.core.webui.keyword.internal.WebUIKeywordMain.runKeyword(WebUIKeywordMain.groovy:20)
	... 19 more


2021-11-08 12:15:06 - [TEST_STEP][PASSED] - orPath_Landing = "Object Repository/RAD_Pages/Landing_Page": null

2021-11-08 12:15:06 - [TEST_STEP][PASSED] - orPath_Amount = "Object Repository/RAD_Pages/PaymentAmount_Page": null

2021-11-08 12:15:06 - [TEST_STEP][PASSED] - orPath_FilingStatus = "Object Repository/RAD_Pages/FilingStatus_Page": null

2021-11-08 12:15:06 - [TEST_STEP][PASSED] - orPath_TaxPayer = "Object Repository/RAD_Pages/Taxpayer_Page": null

2021-11-08 12:15:06 - [TEST_STEP][PASSED] - taxTypeDropList = ["Estimated Tax", "Personal Income Tax", "Extension Payments"]: null

2021-11-08 12:15:06 - [TEST_STEP][PASSED] - listSize = taxTypeDropList.size(): null

2021-11-08 12:15:06 - [TEST_STEP][PASSED] - println(listSize): null

2021-11-08 12:15:06 - [TEST_STEP][FAILED] - for ([i = 0, i < listSize, (i++)]): null

2021-11-08 12:15:06 - [TEST_STEP][PASSED] - openBrowser(""): Browser is opened with url: ''

2021-11-08 12:15:06 - [MESSAGE][WARNING] - A browser is already opened. Closing browser and opening a new one

2021-11-08 12:15:07 - [MESSAGE][INFO] - Starting 'Chrome' driver

2021-11-08 12:15:07 - [MESSAGE][INFO] - User set preference: ['acceptInsecureCerts', 'true']

2021-11-08 12:15:07 - [MESSAGE][INFO] - Action delay is set to 0 milliseconds

2021-11-08 12:15:09 - [MESSAGE][PASSED] - Browser is opened with url: ''

2021-11-08 12:15:09 - [TEST_STEP][PASSED] - maximizeWindow(): Current window maximized

2021-11-08 12:15:09 - [MESSAGE][PASSED] - Current window maximized

2021-11-08 12:15:09 - [TEST_STEP][PASSED] - navigateToUrl(RADurl): Navigate to 'https://qa.velocitypayment.com/client/rad/index.html' successfully

2021-11-08 12:15:11 - [MESSAGE][PASSED] - Navigate to 'https://qa.velocitypayment.com/client/rad/index.html' successfully

2021-11-08 12:15:11 - [TEST_STEP][PASSED] - out.println("Value of taxTypeDropList : " + taxTypeDropList[i]): null

2021-11-08 12:15:11 - [TEST_STEP][PASSED] - selectOptionByLabel(findTestObject(orPath_Landing + "/dd_TaxType"), taxTypeDropList[i], false): All options with label 'Estimated Tax' are selected in object 'Object Repository/RAD_Pages/Landing_Page/dd_TaxType' 

2021-11-08 12:15:11 - [MESSAGE][PASSED] - All options with label 'Estimated Tax' are selected in object 'Object Repository/RAD_Pages/Landing_Page/dd_TaxType' 

2021-11-08 12:15:11 - [TEST_STEP][PASSED] - setText(findTestObject("RAD_RecordAndPlay/input_concatSSN"), "123441234"): Text '123441234' is set on object 'Object Repository/RAD_RecordAndPlay/input_concatSSN'

2021-11-08 12:15:12 - [MESSAGE][PASSED] - Text '123441234' is set on object 'Object Repository/RAD_RecordAndPlay/input_concatSSN'

2021-11-08 12:15:12 - [TEST_STEP][PASSED] - setText(findTestObject("RAD_RecordAndPlay/input_concatReSSN"), "123441234"): Text '123441234' is set on object 'Object Repository/RAD_RecordAndPlay/input_concatReSSN'

2021-11-08 12:15:13 - [MESSAGE][PASSED] - Text '123441234' is set on object 'Object Repository/RAD_RecordAndPlay/input_concatReSSN'

2021-11-08 12:15:13 - [TEST_STEP][PASSED] - setText(findTestObject(orPath_TaxPayer + "/input_lastName"), "Anderson"): Text 'Anderson' is set on object 'Object Repository/RAD_Pages/Taxpayer_Page/input_lastName'

2021-11-08 12:15:14 - [MESSAGE][PASSED] - Text 'Anderson' is set on object 'Object Repository/RAD_Pages/Taxpayer_Page/input_lastName'

2021-11-08 12:15:14 - [TEST_STEP][PASSED] - scrollToElement(findTestObject(orPath_Amount + "/input__paymentAmount"), 3): Scroll to object 'Object Repository/RAD_Pages/PaymentAmount_Page/input__paymentAmount' successfully

2021-11-08 12:15:14 - [MESSAGE][PASSED] - Scroll to object 'Object Repository/RAD_Pages/PaymentAmount_Page/input__paymentAmount' successfully

2021-11-08 12:15:14 - [TEST_STEP][PASSED] - waitForElementClickable(findTestObject(orPath_FilingStatus + "/input_userType_Joint"), 5): Object 'Object Repository/RAD_Pages/FilingStatus_Page/input_userType_Joint' is clickable

2021-11-08 12:15:14 - [MESSAGE][PASSED] - Object 'Object Repository/RAD_Pages/FilingStatus_Page/input_userType_Joint' is clickable

2021-11-08 12:15:14 - [TEST_STEP][PASSED] - click(findTestObject(orPath_FilingStatus + "/input_userType_Joint")): Object: 'Object Repository/RAD_Pages/FilingStatus_Page/input_userType_Joint' is clicked on

2021-11-08 12:15:15 - [MESSAGE][PASSED] - Object: 'Object Repository/RAD_Pages/FilingStatus_Page/input_userType_Joint' is clicked on

2021-11-08 12:15:15 - [TEST_STEP][PASSED] - setText(findTestObject(orPath_FilingStatus + "/input_jointLastName"), "Broad"): Text 'Broad' is set on object 'Object Repository/RAD_Pages/FilingStatus_Page/input_jointLastName'

2021-11-08 12:15:16 - [MESSAGE][PASSED] - Text 'Broad' is set on object 'Object Repository/RAD_Pages/FilingStatus_Page/input_jointLastName'

2021-11-08 12:15:16 - [TEST_STEP][FAILED] - setText(findTestObject(orPath_FilingStatus + "/input_jointSSN"), "123-44-6523"): Unable to set text (Root cause: com.kms.katalon.core.exception.StepFailedException: Unable to set text
	at com.kms.katalon.core.webui.keyword.internal.WebUIKeywordMain.stepFailed(WebUIKeywordMain.groovy:64)
	at com.kms.katalon.core.webui.keyword.internal.WebUIKeywordMain.runKeyword(WebUIKeywordMain.groovy:26)
	at com.kms.katalon.core.webui.keyword.builtin.SetTextKeyword.setText(SetTextKeyword.groovy:66)
	at com.kms.katalon.core.webui.keyword.builtin.SetTextKeyword.execute(SetTextKeyword.groovy:37)
	at com.kms.katalon.core.keyword.internal.KeywordExecutor.executeKeywordForPlatform(KeywordExecutor.groovy:74)
	at com.kms.katalon.core.webui.keyword.WebUiBuiltInKeywords.setText(WebUiBuiltInKeywords.groovy:980)
	at com.kms.katalon.core.webui.keyword.WebUiBuiltInKeywords$setText$11.call(Unknown Source)
	at EstimatedTax_Joint_MRF_TC.run(EstimatedTax_Joint_MRF_TC:62)
	at com.kms.katalon.core.main.ScriptEngine.run(ScriptEngine.java:194)
	at com.kms.katalon.core.main.ScriptEngine.runScriptAsRawText(ScriptEngine.java:119)
	at com.kms.katalon.core.main.TestCaseExecutor.runScript(TestCaseExecutor.java:430)
	at com.kms.katalon.core.main.TestCaseExecutor.doExecute(TestCaseExecutor.java:421)
	at com.kms.katalon.core.main.TestCaseExecutor.processExecutionPhase(TestCaseExecutor.java:400)
	at com.kms.katalon.core.main.TestCaseExecutor.accessMainPhase(TestCaseExecutor.java:392)
	at com.kms.katalon.core.main.TestCaseExecutor.execute(TestCaseExecutor.java:273)
	at com.kms.katalon.core.main.TestSuiteExecutor.accessTestCaseMainPhase(TestSuiteExecutor.java:202)
	at com.kms.katalon.core.main.TestSuiteExecutor.accessTestSuiteMainPhase(TestSuiteExecutor.java:164)
	at com.kms.katalon.core.main.TestSuiteExecutor.execute(TestSuiteExecutor.java:105)
	at com.kms.katalon.core.main.TestCaseMain.startTestSuite(TestCaseMain.java:185)
	at com.kms.katalon.core.main.TestCaseMain$startTestSuite$0.call(Unknown Source)
	at TempTestSuite1636391403401.run(TempTestSuite1636391403401.groovy:36)
Caused by: java.lang.IllegalArgumentException: Object is null
	at com.kms.katalon.core.helper.KeywordHelper.checkTestObjectParameter(KeywordHelper.java:33)
	at com.kms.katalon.core.webui.keyword.builtin.SetTextKeyword$_setText_closure1.doCall(SetTextKeyword.groovy:45)
	at com.kms.katalon.core.webui.keyword.builtin.SetTextKeyword$_setText_closure1.call(SetTextKeyword.groovy)
	at com.kms.katalon.core.webui.keyword.internal.WebUIKeywordMain.runKeyword(WebUIKeywordMain.groovy:20)
	at com.kms.katalon.core.webui.keyword.builtin.SetTextKeyword.setText(SetTextKeyword.groovy:66)
	at com.kms.katalon.core.webui.keyword.builtin.SetTextKeyword.execute(SetTextKeyword.groovy:37)
	at com.kms.katalon.core.keyword.internal.KeywordExecutor.executeKeywordForPlatform(KeywordExecutor.groovy:74)
	at com.kms.katalon.core.webui.keyword.WebUiBuiltInKeywords.setText(WebUiBuiltInKeywords.groovy:980)
	at com.kms.katalon.core.webui.keyword.WebUiBuiltInKeywords$setText$11.call(Unknown Source)
	at Script1634932010040.run(Script1634932010040.groovy:62)
	... 13 more
)

2021-11-08 12:15:16 - [MESSAGE][WARNING] - Test object with id 'Object Repository/RAD_Pages/FilingStatus_Page/input_jointSSN' does not exist

2021-11-08 12:15:16 - [MESSAGE][WARNING] - Test object with id 'Object Repository/' does not exist

2021-11-08 12:15:16 - [MESSAGE][FAILED] - Unable to set text (Root cause: com.kms.katalon.core.exception.StepFailedException: Unable to set text
	at com.kms.katalon.core.webui.keyword.internal.WebUIKeywordMain.stepFailed(WebUIKeywordMain.groovy:64)
	at com.kms.katalon.core.webui.keyword.internal.WebUIKeywordMain.runKeyword(WebUIKeywordMain.groovy:26)
	at com.kms.katalon.core.webui.keyword.builtin.SetTextKeyword.setText(SetTextKeyword.groovy:66)
	at com.kms.katalon.core.webui.keyword.builtin.SetTextKeyword.execute(SetTextKeyword.groovy:37)
	at com.kms.katalon.core.keyword.internal.KeywordExecutor.executeKeywordForPlatform(KeywordExecutor.groovy:74)
	at com.kms.katalon.core.webui.keyword.WebUiBuiltInKeywords.setText(WebUiBuiltInKeywords.groovy:980)
	at com.kms.katalon.core.webui.keyword.WebUiBuiltInKeywords$setText$11.call(Unknown Source)
	at EstimatedTax_Joint_MRF_TC.run(EstimatedTax_Joint_MRF_TC:62)
	at com.kms.katalon.core.main.ScriptEngine.run(ScriptEngine.java:194)
	at com.kms.katalon.core.main.ScriptEngine.runScriptAsRawText(ScriptEngine.java:119)
	at com.kms.katalon.core.main.TestCaseExecutor.runScript(TestCaseExecutor.java:430)
	at com.kms.katalon.core.main.TestCaseExecutor.doExecute(TestCaseExecutor.java:421)
	at com.kms.katalon.core.main.TestCaseExecutor.processExecutionPhase(TestCaseExecutor.java:400)
	at com.kms.katalon.core.main.TestCaseExecutor.accessMainPhase(TestCaseExecutor.java:392)
	at com.kms.katalon.core.main.TestCaseExecutor.execute(TestCaseExecutor.java:273)
	at com.kms.katalon.core.main.TestSuiteExecutor.accessTestCaseMainPhase(TestSuiteExecutor.java:202)
	at com.kms.katalon.core.main.TestSuiteExecutor.accessTestSuiteMainPhase(TestSuiteExecutor.java:164)
	at com.kms.katalon.core.main.TestSuiteExecutor.execute(TestSuiteExecutor.java:105)
	at com.kms.katalon.core.main.TestCaseMain.startTestSuite(TestCaseMain.java:185)
	at com.kms.katalon.core.main.TestCaseMain$startTestSuite$0.call(Unknown Source)
	at TempTestSuite1636391403401.run(TempTestSuite1636391403401.groovy:36)
Caused by: java.lang.IllegalArgumentException: Object is null
	at com.kms.katalon.core.helper.KeywordHelper.checkTestObjectParameter(KeywordHelper.java:33)
	at com.kms.katalon.core.webui.keyword.builtin.SetTextKeyword$_setText_closure1.doCall(SetTextKeyword.groovy:45)
	at com.kms.katalon.core.webui.keyword.builtin.SetTextKeyword$_setText_closure1.call(SetTextKeyword.groovy)
	at com.kms.katalon.core.webui.keyword.internal.WebUIKeywordMain.runKeyword(WebUIKeywordMain.groovy:20)
	at com.kms.katalon.core.webui.keyword.builtin.SetTextKeyword.setText(SetTextKeyword.groovy:66)
	at com.kms.katalon.core.webui.keyword.builtin.SetTextKeyword.execute(SetTextKeyword.groovy:37)
	at com.kms.katalon.core.keyword.internal.KeywordExecutor.executeKeywordForPlatform(KeywordExecutor.groovy:74)
	at com.kms.katalon.core.webui.keyword.WebUiBuiltInKeywords.setText(WebUiBuiltInKeywords.groovy:980)
	at com.kms.katalon.core.webui.keyword.WebUiBuiltInKeywords$setText$11.call(Unknown Source)
	at Script1634932010040.run(Script1634932010040.groovy:62)
	... 13 more
)
[[ATTACHMENT|E:\\Cloned-Project-Katalon\\VPS-Katalon\\Reports\\20211108_121003\\RAD_TestSuite\\RAD_UI_TestSuite\\20211108_121003\\1636391716256.png]]

2021-11-08 12:15:16 - [TEST_STEP][FAILED] - setText(findTestObject(orPath_FilingStatus + "/input_reEnterjointSSN"), "123-44-6523"): Unable to set text (Root cause: com.kms.katalon.core.exception.StepFailedException: Unable to set text
	at com.kms.katalon.core.webui.keyword.internal.WebUIKeywordMain.stepFailed(WebUIKeywordMain.groovy:64)
	at com.kms.katalon.core.webui.keyword.internal.WebUIKeywordMain.runKeyword(WebUIKeywordMain.groovy:26)
	at com.kms.katalon.core.webui.keyword.builtin.SetTextKeyword.setText(SetTextKeyword.groovy:66)
	at com.kms.katalon.core.webui.keyword.builtin.SetTextKeyword.execute(SetTextKeyword.groovy:37)
	at com.kms.katalon.core.keyword.internal.KeywordExecutor.executeKeywordForPlatform(KeywordExecutor.groovy:74)
	at com.kms.katalon.core.webui.keyword.WebUiBuiltInKeywords.setText(WebUiBuiltInKeywords.groovy:980)
	at com.kms.katalon.core.webui.keyword.WebUiBuiltInKeywords$setText$11.call(Unknown Source)
	at EstimatedTax_Joint_MRF_TC.run(EstimatedTax_Joint_MRF_TC:63)
	at com.kms.katalon.core.main.ScriptEngine.run(ScriptEngine.java:194)
	at com.kms.katalon.core.main.ScriptEngine.runScriptAsRawText(ScriptEngine.java:119)
	at com.kms.katalon.core.main.TestCaseExecutor.runScript(TestCaseExecutor.java:430)
	at com.kms.katalon.core.main.TestCaseExecutor.doExecute(TestCaseExecutor.java:421)
	at com.kms.katalon.core.main.TestCaseExecutor.processExecutionPhase(TestCaseExecutor.java:400)
	at com.kms.katalon.core.main.TestCaseExecutor.accessMainPhase(TestCaseExecutor.java:392)
	at com.kms.katalon.core.main.TestCaseExecutor.execute(TestCaseExecutor.java:273)
	at com.kms.katalon.core.main.TestSuiteExecutor.accessTestCaseMainPhase(TestSuiteExecutor.java:202)
	at com.kms.katalon.core.main.TestSuiteExecutor.accessTestSuiteMainPhase(TestSuiteExecutor.java:164)
	at com.kms.katalon.core.main.TestSuiteExecutor.execute(TestSuiteExecutor.java:105)
	at com.kms.katalon.core.main.TestCaseMain.startTestSuite(TestCaseMain.java:185)
	at com.kms.katalon.core.main.TestCaseMain$startTestSuite$0.call(Unknown Source)
	at TempTestSuite1636391403401.run(TempTestSuite1636391403401.groovy:36)
Caused by: java.lang.IllegalArgumentException: Object is null
	at com.kms.katalon.core.helper.KeywordHelper.checkTestObjectParameter(KeywordHelper.java:33)
	at com.kms.katalon.core.webui.keyword.builtin.SetTextKeyword$_setText_closure1.doCall(SetTextKeyword.groovy:45)
	at com.kms.katalon.core.webui.keyword.builtin.SetTextKeyword$_setText_closure1.call(SetTextKeyword.groovy)
	at com.kms.katalon.core.webui.keyword.internal.WebUIKeywordMain.runKeyword(WebUIKeywordMain.groovy:20)
	at com.kms.katalon.core.webui.keyword.builtin.SetTextKeyword.setText(SetTextKeyword.groovy:66)
	at com.kms.katalon.core.webui.keyword.builtin.SetTextKeyword.execute(SetTextKeyword.groovy:37)
	at com.kms.katalon.core.keyword.internal.KeywordExecutor.executeKeywordForPlatform(KeywordExecutor.groovy:74)
	at com.kms.katalon.core.webui.keyword.WebUiBuiltInKeywords.setText(WebUiBuiltInKeywords.groovy:980)
	at com.kms.katalon.core.webui.keyword.WebUiBuiltInKeywords$setText$11.call(Unknown Source)
	at Script1634932010040.run(Script1634932010040.groovy:63)
	... 13 more
)

2021-11-08 12:15:16 - [MESSAGE][WARNING] - Test object with id 'Object Repository/RAD_Pages/FilingStatus_Page/input_reEnterjointSSN' does not exist

2021-11-08 12:15:16 - [MESSAGE][WARNING] - Test object with id 'Object Repository/' does not exist

2021-11-08 12:15:16 - [MESSAGE][FAILED] - Unable to set text (Root cause: com.kms.katalon.core.exception.StepFailedException: Unable to set text
	at com.kms.katalon.core.webui.keyword.internal.WebUIKeywordMain.stepFailed(WebUIKeywordMain.groovy:64)
	at com.kms.katalon.core.webui.keyword.internal.WebUIKeywordMain.runKeyword(WebUIKeywordMain.groovy:26)
	at com.kms.katalon.core.webui.keyword.builtin.SetTextKeyword.setText(SetTextKeyword.groovy:66)
	at com.kms.katalon.core.webui.keyword.builtin.SetTextKeyword.execute(SetTextKeyword.groovy:37)
	at com.kms.katalon.core.keyword.internal.KeywordExecutor.executeKeywordForPlatform(KeywordExecutor.groovy:74)
	at com.kms.katalon.core.webui.keyword.WebUiBuiltInKeywords.setText(WebUiBuiltInKeywords.groovy:980)
	at com.kms.katalon.core.webui.keyword.WebUiBuiltInKeywords$setText$11.call(Unknown Source)
	at EstimatedTax_Joint_MRF_TC.run(EstimatedTax_Joint_MRF_TC:63)
	at com.kms.katalon.core.main.ScriptEngine.run(ScriptEngine.java:194)
	at com.kms.katalon.core.main.ScriptEngine.runScriptAsRawText(ScriptEngine.java:119)
	at com.kms.katalon.core.main.TestCaseExecutor.runScript(TestCaseExecutor.java:430)
	at com.kms.katalon.core.main.TestCaseExecutor.doExecute(TestCaseExecutor.java:421)
	at com.kms.katalon.core.main.TestCaseExecutor.processExecutionPhase(TestCaseExecutor.java:400)
	at com.kms.katalon.core.main.TestCaseExecutor.accessMainPhase(TestCaseExecutor.java:392)
	at com.kms.katalon.core.main.TestCaseExecutor.execute(TestCaseExecutor.java:273)
	at com.kms.katalon.core.main.TestSuiteExecutor.accessTestCaseMainPhase(TestSuiteExecutor.java:202)
	at com.kms.katalon.core.main.TestSuiteExecutor.accessTestSuiteMainPhase(TestSuiteExecutor.java:164)
	at com.kms.katalon.core.main.TestSuiteExecutor.execute(TestSuiteExecutor.java:105)
	at com.kms.katalon.core.main.TestCaseMain.startTestSuite(TestCaseMain.java:185)
	at com.kms.katalon.core.main.TestCaseMain$startTestSuite$0.call(Unknown Source)
	at TempTestSuite1636391403401.run(TempTestSuite1636391403401.groovy:36)
Caused by: java.lang.IllegalArgumentException: Object is null
	at com.kms.katalon.core.helper.KeywordHelper.checkTestObjectParameter(KeywordHelper.java:33)
	at com.kms.katalon.core.webui.keyword.builtin.SetTextKeyword$_setText_closure1.doCall(SetTextKeyword.groovy:45)
	at com.kms.katalon.core.webui.keyword.builtin.SetTextKeyword$_setText_closure1.call(SetTextKeyword.groovy)
	at com.kms.katalon.core.webui.keyword.internal.WebUIKeywordMain.runKeyword(WebUIKeywordMain.groovy:20)
	at com.kms.katalon.core.webui.keyword.builtin.SetTextKeyword.setText(SetTextKeyword.groovy:66)
	at com.kms.katalon.core.webui.keyword.builtin.SetTextKeyword.execute(SetTextKeyword.groovy:37)
	at com.kms.katalon.core.keyword.internal.KeywordExecutor.executeKeywordForPlatform(KeywordExecutor.groovy:74)
	at com.kms.katalon.core.webui.keyword.WebUiBuiltInKeywords.setText(WebUiBuiltInKeywords.groovy:980)
	at com.kms.katalon.core.webui.keyword.WebUiBuiltInKeywords$setText$11.call(Unknown Source)
	at Script1634932010040.run(Script1634932010040.groovy:63)
	... 13 more
)
[[ATTACHMENT|E:\\Cloned-Project-Katalon\\VPS-Katalon\\Reports\\20211108_121003\\RAD_TestSuite\\RAD_UI_TestSuite\\20211108_121003\\1636391716536.png]]

2021-11-08 12:15:16 - [TEST_STEP][PASSED] - setText(findTestObject(orPath_TaxPayer + "/input_suffix"), ""): Text '' is set on object 'Object Repository/RAD_Pages/Taxpayer_Page/input_suffix'

2021-11-08 12:15:17 - [MESSAGE][PASSED] - Text '' is set on object 'Object Repository/RAD_Pages/Taxpayer_Page/input_suffix'

2021-11-08 12:15:17 - [TEST_STEP][PASSED] - delay(2): Delayed 2 second(s)

2021-11-08 12:15:19 - [MESSAGE][PASSED] - Delayed 2 second(s)

2021-11-08 12:15:19 - [TEST_STEP][FAILED] - click(findTestObject(orPath_Landing + "/button_Continue")): Unable to click on object 'Object Repository/RAD_Pages/Landing_Page/button_Continue' (Root cause: com.kms.katalon.core.exception.StepFailedException: Unable to click on object 'Object Repository/RAD_Pages/Landing_Page/button_Continue'
	at com.kms.katalon.core.webui.keyword.internal.WebUIKeywordMain.stepFailed(WebUIKeywordMain.groovy:64)
	at com.kms.katalon.core.webui.keyword.internal.WebUIKeywordMain.runKeyword(WebUIKeywordMain.groovy:26)
	at com.kms.katalon.core.webui.keyword.builtin.ClickKeyword.click(ClickKeyword.groovy:75)
	at com.kms.katalon.core.webui.keyword.builtin.ClickKeyword.execute(ClickKeyword.groovy:42)
	at com.kms.katalon.core.keyword.internal.KeywordExecutor.executeKeywordForPlatform(KeywordExecutor.groovy:74)
	at com.kms.katalon.core.webui.keyword.WebUiBuiltInKeywords.click(WebUiBuiltInKeywords.groovy:620)
	at com.kms.katalon.core.webui.keyword.WebUiBuiltInKeywords$click$10.call(Unknown Source)
	at EstimatedTax_Joint_MRF_TC.run(EstimatedTax_Joint_MRF_TC:67)
	at com.kms.katalon.core.main.ScriptEngine.run(ScriptEngine.java:194)
	at com.kms.katalon.core.main.ScriptEngine.runScriptAsRawText(ScriptEngine.java:119)
	at com.kms.katalon.core.main.TestCaseExecutor.runScript(TestCaseExecutor.java:430)
	at com.kms.katalon.core.main.TestCaseExecutor.doExecute(TestCaseExecutor.java:421)
	at com.kms.katalon.core.main.TestCaseExecutor.processExecutionPhase(TestCaseExecutor.java:400)
	at com.kms.katalon.core.main.TestCaseExecutor.accessMainPhase(TestCaseExecutor.java:392)
	at com.kms.katalon.core.main.TestCaseExecutor.execute(TestCaseExecutor.java:273)
	at com.kms.katalon.core.main.TestSuiteExecutor.accessTestCaseMainPhase(TestSuiteExecutor.java:202)
	at com.kms.katalon.core.main.TestSuiteExecutor.accessTestSuiteMainPhase(TestSuiteExecutor.java:164)
	at com.kms.katalon.core.main.TestSuiteExecutor.execute(TestSuiteExecutor.java:105)
	at com.kms.katalon.core.main.TestCaseMain.startTestSuite(TestCaseMain.java:185)
	at com.kms.katalon.core.main.TestCaseMain$startTestSuite$0.call(Unknown Source)
	at TempTestSuite1636391403401.run(TempTestSuite1636391403401.groovy:36)
Caused by: org.openqa.selenium.ElementClickInterceptedException: element click intercepted: Element is not clickable at point (1046, 1842)
  (Session info: chrome=95.0.4638.69)
Build info: version: '3.141.59', revision: 'e82be7d358', time: '2018-11-14T08:25:53'
System info: host: 'DESKTOP-B2QI6NS', ip: '172.30.2.167', os.name: 'Windows 10', os.arch: 'amd64', os.version: '10.0', java.version: '1.8.0_181'
Driver info: com.kms.katalon.selenium.driver.CChromeDriver
Capabilities {acceptInsecureCerts: true, browserName: chrome, browserVersion: 95.0.4638.69, chrome: {chromedriverVersion: 95.0.4638.54 (d31a821ec901f..., userDataDir: C:\Users\iahmed\AppData\Loc...}, goog:chromeOptions: {debuggerAddress: localhost:54876}, javascriptEnabled: true, networkConnectionEnabled: false, pageLoadStrategy: normal, platform: WINDOWS, platformName: WINDOWS, proxy: Proxy(), setWindowRect: true, strictFileInteractability: false, timeouts: {implicit: 0, pageLoad: 300000, script: 30000}, unhandledPromptBehavior: dismiss and notify, webauthn:extension:credBlob: true, webauthn:extension:largeBlob: true, webauthn:virtualAuthenticators: true}
Session ID: 218cf02e3ff9d196593fd782455415ec
	at org.openqa.selenium.remote.http.W3CHttpResponseCodec.createException(W3CHttpResponseCodec.java:187)
	at org.openqa.selenium.remote.http.W3CHttpResponseCodec.decode(W3CHttpResponseCodec.java:122)
	at org.openqa.selenium.remote.http.W3CHttpResponseCodec.decode(W3CHttpResponseCodec.java:49)
	at org.openqa.selenium.remote.HttpCommandExecutor.execute(HttpCommandExecutor.java:158)
	at org.openqa.selenium.remote.service.DriverCommandExecutor.execute(DriverCommandExecutor.java:83)
	at org.openqa.selenium.remote.RemoteWebDriver.execute(RemoteWebDriver.java:552)
	at com.kms.katalon.selenium.driver.CChromeDriver.execute(CChromeDriver.java:19)
	at org.openqa.selenium.remote.RemoteWebElement.execute(RemoteWebElement.java:285)
	at org.openqa.selenium.remote.RemoteWebElement.click(RemoteWebElement.java:84)
	at org.openqa.selenium.support.events.EventFiringWebDriver$EventFiringWebElement.lambda$new$0(EventFiringWebDriver.java:404)
	at com.sun.proxy.$Proxy11.click(Unknown Source)
	at org.openqa.selenium.support.events.EventFiringWebDriver$EventFiringWebElement.click(EventFiringWebDriver.java:417)
	at com.kms.katalon.core.webui.keyword.builtin.ClickKeyword$_click_closure1.doCall(ClickKeyword.groovy:68)
	at com.kms.katalon.core.webui.keyword.builtin.ClickKeyword$_click_closure1.call(ClickKeyword.groovy)
	at com.kms.katalon.core.webui.keyword.internal.WebUIKeywordMain.runKeyword(WebUIKeywordMain.groovy:20)
	at com.kms.katalon.core.webui.keyword.builtin.ClickKeyword.click(ClickKeyword.groovy:75)
	at com.kms.katalon.core.webui.keyword.builtin.ClickKeyword.execute(ClickKeyword.groovy:42)
	at com.kms.katalon.core.keyword.internal.KeywordExecutor.executeKeywordForPlatform(KeywordExecutor.groovy:74)
	at com.kms.katalon.core.webui.keyword.WebUiBuiltInKeywords.click(WebUiBuiltInKeywords.groovy:620)
	at com.kms.katalon.core.webui.keyword.WebUiBuiltInKeywords$click$10.call(Unknown Source)
	at Script1634932010040.run(Script1634932010040.groovy:67)
	... 13 more
)

2021-11-08 12:15:20 - [MESSAGE][FAILED] - Unable to click on object 'Object Repository/RAD_Pages/Landing_Page/button_Continue' (Root cause: com.kms.katalon.core.exception.StepFailedException: Unable to click on object 'Object Repository/RAD_Pages/Landing_Page/button_Continue'
	at com.kms.katalon.core.webui.keyword.internal.WebUIKeywordMain.stepFailed(WebUIKeywordMain.groovy:64)
	at com.kms.katalon.core.webui.keyword.internal.WebUIKeywordMain.runKeyword(WebUIKeywordMain.groovy:26)
	at com.kms.katalon.core.webui.keyword.builtin.ClickKeyword.click(ClickKeyword.groovy:75)
	at com.kms.katalon.core.webui.keyword.builtin.ClickKeyword.execute(ClickKeyword.groovy:42)
	at com.kms.katalon.core.keyword.internal.KeywordExecutor.executeKeywordForPlatform(KeywordExecutor.groovy:74)
	at com.kms.katalon.core.webui.keyword.WebUiBuiltInKeywords.click(WebUiBuiltInKeywords.groovy:620)
	at com.kms.katalon.core.webui.keyword.WebUiBuiltInKeywords$click$10.call(Unknown Source)
	at EstimatedTax_Joint_MRF_TC.run(EstimatedTax_Joint_MRF_TC:67)
	at com.kms.katalon.core.main.ScriptEngine.run(ScriptEngine.java:194)
	at com.kms.katalon.core.main.ScriptEngine.runScriptAsRawText(ScriptEngine.java:119)
	at com.kms.katalon.core.main.TestCaseExecutor.runScript(TestCaseExecutor.java:430)
	at com.kms.katalon.core.main.TestCaseExecutor.doExecute(TestCaseExecutor.java:421)
	at com.kms.katalon.core.main.TestCaseExecutor.processExecutionPhase(TestCaseExecutor.java:400)
	at com.kms.katalon.core.main.TestCaseExecutor.accessMainPhase(TestCaseExecutor.java:392)
	at com.kms.katalon.core.main.TestCaseExecutor.execute(TestCaseExecutor.java:273)
	at com.kms.katalon.core.main.TestSuiteExecutor.accessTestCaseMainPhase(TestSuiteExecutor.java:202)
	at com.kms.katalon.core.main.TestSuiteExecutor.accessTestSuiteMainPhase(TestSuiteExecutor.java:164)
	at com.kms.katalon.core.main.TestSuiteExecutor.execute(TestSuiteExecutor.java:105)
	at com.kms.katalon.core.main.TestCaseMain.startTestSuite(TestCaseMain.java:185)
	at com.kms.katalon.core.main.TestCaseMain$startTestSuite$0.call(Unknown Source)
	at TempTestSuite1636391403401.run(TempTestSuite1636391403401.groovy:36)
Caused by: org.openqa.selenium.ElementClickInterceptedException: element click intercepted: Element is not clickable at point (1046, 1842)
  (Session info: chrome=95.0.4638.69)
Build info: version: '3.141.59', revision: 'e82be7d358', time: '2018-11-14T08:25:53'
System info: host: 'DESKTOP-B2QI6NS', ip: '172.30.2.167', os.name: 'Windows 10', os.arch: 'amd64', os.version: '10.0', java.version: '1.8.0_181'
Driver info: com.kms.katalon.selenium.driver.CChromeDriver
Capabilities {acceptInsecureCerts: true, browserName: chrome, browserVersion: 95.0.4638.69, chrome: {chromedriverVersion: 95.0.4638.54 (d31a821ec901f..., userDataDir: C:\Users\iahmed\AppData\Loc...}, goog:chromeOptions: {debuggerAddress: localhost:54876}, javascriptEnabled: true, networkConnectionEnabled: false, pageLoadStrategy: normal, platform: WINDOWS, platformName: WINDOWS, proxy: Proxy(), setWindowRect: true, strictFileInteractability: false, timeouts: {implicit: 0, pageLoad: 300000, script: 30000}, unhandledPromptBehavior: dismiss and notify, webauthn:extension:credBlob: true, webauthn:extension:largeBlob: true, webauthn:virtualAuthenticators: true}
Session ID: 218cf02e3ff9d196593fd782455415ec
	at org.openqa.selenium.remote.http.W3CHttpResponseCodec.createException(W3CHttpResponseCodec.java:187)
	at org.openqa.selenium.remote.http.W3CHttpResponseCodec.decode(W3CHttpResponseCodec.java:122)
	at org.openqa.selenium.remote.http.W3CHttpResponseCodec.decode(W3CHttpResponseCodec.java:49)
	at org.openqa.selenium.remote.HttpCommandExecutor.execute(HttpCommandExecutor.java:158)
	at org.openqa.selenium.remote.service.DriverCommandExecutor.execute(DriverCommandExecutor.java:83)
	at org.openqa.selenium.remote.RemoteWebDriver.execute(RemoteWebDriver.java:552)
	at com.kms.katalon.selenium.driver.CChromeDriver.execute(CChromeDriver.java:19)
	at org.openqa.selenium.remote.RemoteWebElement.execute(RemoteWebElement.java:285)
	at org.openqa.selenium.remote.RemoteWebElement.click(RemoteWebElement.java:84)
	at org.openqa.selenium.support.events.EventFiringWebDriver$EventFiringWebElement.lambda$new$0(EventFiringWebDriver.java:404)
	at com.sun.proxy.$Proxy11.click(Unknown Source)
	at org.openqa.selenium.support.events.EventFiringWebDriver$EventFiringWebElement.click(EventFiringWebDriver.java:417)
	at com.kms.katalon.core.webui.keyword.builtin.ClickKeyword$_click_closure1.doCall(ClickKeyword.groovy:68)
	at com.kms.katalon.core.webui.keyword.builtin.ClickKeyword$_click_closure1.call(ClickKeyword.groovy)
	at com.kms.katalon.core.webui.keyword.internal.WebUIKeywordMain.runKeyword(WebUIKeywordMain.groovy:20)
	at com.kms.katalon.core.webui.keyword.builtin.ClickKeyword.click(ClickKeyword.groovy:75)
	at com.kms.katalon.core.webui.keyword.builtin.ClickKeyword.execute(ClickKeyword.groovy:42)
	at com.kms.katalon.core.keyword.internal.KeywordExecutor.executeKeywordForPlatform(KeywordExecutor.groovy:74)
	at com.kms.katalon.core.webui.keyword.WebUiBuiltInKeywords.click(WebUiBuiltInKeywords.groovy:620)
	at com.kms.katalon.core.webui.keyword.WebUiBuiltInKeywords$click$10.call(Unknown Source)
	at Script1634932010040.run(Script1634932010040.groovy:67)
	... 13 more
)
[[ATTACHMENT|E:\\Cloned-Project-Katalon\\VPS-Katalon\\Reports\\20211108_121003\\RAD_TestSuite\\RAD_UI_TestSuite\\20211108_121003\\1636391720769.png]]

2021-11-08 12:15:20 - [TEST_STEP][FAILED] - verifyTextPresent("Enter joint payer first name", true): Text 'Enter joint payer first name' is not present on page  using regular expression (Root cause: com.kms.katalon.core.exception.StepFailedException: Text 'Enter joint payer first name' is not present on page  using regular expression
	at com.kms.katalon.core.webui.keyword.internal.WebUIKeywordMain.stepFailed(WebUIKeywordMain.groovy:64)
	at com.kms.katalon.core.webui.keyword.builtin.VerifyTextPresentKeyword$_verifyTextPresent_closure1.doCall(VerifyTextPresentKeyword.groovy:79)
	at com.kms.katalon.core.webui.keyword.builtin.VerifyTextPresentKeyword$_verifyTextPresent_closure1.call(VerifyTextPresentKeyword.groovy)
	at com.kms.katalon.core.webui.keyword.internal.WebUIKeywordMain.runKeyword(WebUIKeywordMain.groovy:20)
	at com.kms.katalon.core.webui.keyword.builtin.VerifyTextPresentKeyword.verifyTextPresent(VerifyTextPresentKeyword.groovy:83)
	at com.kms.katalon.core.webui.keyword.builtin.VerifyTextPresentKeyword.execute(VerifyTextPresentKeyword.groovy:68)
	at com.kms.katalon.core.keyword.internal.KeywordExecutor.executeKeywordForPlatform(KeywordExecutor.groovy:74)
	at com.kms.katalon.core.webui.keyword.WebUiBuiltInKeywords.verifyTextPresent(WebUiBuiltInKeywords.groovy:1723)
	at com.kms.katalon.core.webui.keyword.WebUiBuiltInKeywords$verifyTextPresent$3.call(Unknown Source)
	at EstimatedTax_Joint_MRF_TC.run(EstimatedTax_Joint_MRF_TC:69)
	at com.kms.katalon.core.main.ScriptEngine.run(ScriptEngine.java:194)
	at com.kms.katalon.core.main.ScriptEngine.runScriptAsRawText(ScriptEngine.java:119)
	at com.kms.katalon.core.main.TestCaseExecutor.runScript(TestCaseExecutor.java:430)
	at com.kms.katalon.core.main.TestCaseExecutor.doExecute(TestCaseExecutor.java:421)
	at com.kms.katalon.core.main.TestCaseExecutor.processExecutionPhase(TestCaseExecutor.java:400)
	at com.kms.katalon.core.main.TestCaseExecutor.accessMainPhase(TestCaseExecutor.java:392)
	at com.kms.katalon.core.main.TestCaseExecutor.execute(TestCaseExecutor.java:273)
	at com.kms.katalon.core.main.TestSuiteExecutor.accessTestCaseMainPhase(TestSuiteExecutor.java:202)
	at com.kms.katalon.core.main.TestSuiteExecutor.accessTestSuiteMainPhase(TestSuiteExecutor.java:164)
	at com.kms.katalon.core.main.TestSuiteExecutor.execute(TestSuiteExecutor.java:105)
	at com.kms.katalon.core.main.TestCaseMain.startTestSuite(TestCaseMain.java:185)
	at com.kms.katalon.core.main.TestCaseMain$startTestSuite$0.call(Unknown Source)
	at TempTestSuite1636391403401.run(TempTestSuite1636391403401.groovy:36)
)

2021-11-08 12:15:21 - [MESSAGE][FAILED] - Text 'Enter joint payer first name' is not present on page  using regular expression (Root cause: com.kms.katalon.core.exception.StepFailedException: Text 'Enter joint payer first name' is not present on page  using regular expression
	at com.kms.katalon.core.webui.keyword.internal.WebUIKeywordMain.stepFailed(WebUIKeywordMain.groovy:64)
	at com.kms.katalon.core.webui.keyword.builtin.VerifyTextPresentKeyword$_verifyTextPresent_closure1.doCall(VerifyTextPresentKeyword.groovy:79)
	at com.kms.katalon.core.webui.keyword.builtin.VerifyTextPresentKeyword$_verifyTextPresent_closure1.call(VerifyTextPresentKeyword.groovy)
	at com.kms.katalon.core.webui.keyword.internal.WebUIKeywordMain.runKeyword(WebUIKeywordMain.groovy:20)
	at com.kms.katalon.core.webui.keyword.builtin.VerifyTextPresentKeyword.verifyTextPresent(VerifyTextPresentKeyword.groovy:83)
	at com.kms.katalon.core.webui.keyword.builtin.VerifyTextPresentKeyword.execute(VerifyTextPresentKeyword.groovy:68)
	at com.kms.katalon.core.keyword.internal.KeywordExecutor.executeKeywordForPlatform(KeywordExecutor.groovy:74)
	at com.kms.katalon.core.webui.keyword.WebUiBuiltInKeywords.verifyTextPresent(WebUiBuiltInKeywords.groovy:1723)
	at com.kms.katalon.core.webui.keyword.WebUiBuiltInKeywords$verifyTextPresent$3.call(Unknown Source)
	at EstimatedTax_Joint_MRF_TC.run(EstimatedTax_Joint_MRF_TC:69)
	at com.kms.katalon.core.main.ScriptEngine.run(ScriptEngine.java:194)
	at com.kms.katalon.core.main.ScriptEngine.runScriptAsRawText(ScriptEngine.java:119)
	at com.kms.katalon.core.main.TestCaseExecutor.runScript(TestCaseExecutor.java:430)
	at com.kms.katalon.core.main.TestCaseExecutor.doExecute(TestCaseExecutor.java:421)
	at com.kms.katalon.core.main.TestCaseExecutor.processExecutionPhase(TestCaseExecutor.java:400)
	at com.kms.katalon.core.main.TestCaseExecutor.accessMainPhase(TestCaseExecutor.java:392)
	at com.kms.katalon.core.main.TestCaseExecutor.execute(TestCaseExecutor.java:273)
	at com.kms.katalon.core.main.TestSuiteExecutor.accessTestCaseMainPhase(TestSuiteExecutor.java:202)
	at com.kms.katalon.core.main.TestSuiteExecutor.accessTestSuiteMainPhase(TestSuiteExecutor.java:164)
	at com.kms.katalon.core.main.TestSuiteExecutor.execute(TestSuiteExecutor.java:105)
	at com.kms.katalon.core.main.TestCaseMain.startTestSuite(TestCaseMain.java:185)
	at com.kms.katalon.core.main.TestCaseMain$startTestSuite$0.call(Unknown Source)
	at TempTestSuite1636391403401.run(TempTestSuite1636391403401.groovy:36)
)

2021-11-08 12:15:21 - [TEST_STEP][PASSED] - openBrowser(""): Browser is opened with url: ''

2021-11-08 12:15:21 - [MESSAGE][WARNING] - A browser is already opened. Closing browser and opening a new one

2021-11-08 12:15:22 - [MESSAGE][INFO] - Starting 'Chrome' driver

2021-11-08 12:15:22 - [MESSAGE][INFO] - User set preference: ['acceptInsecureCerts', 'true']

2021-11-08 12:15:22 - [MESSAGE][INFO] - Action delay is set to 0 milliseconds

2021-11-08 12:15:23 - [MESSAGE][PASSED] - Browser is opened with url: ''

2021-11-08 12:15:23 - [TEST_STEP][PASSED] - maximizeWindow(): Current window maximized

2021-11-08 12:15:23 - [MESSAGE][PASSED] - Current window maximized

2021-11-08 12:15:23 - [TEST_STEP][PASSED] - navigateToUrl(RADurl): Navigate to 'https://qa.velocitypayment.com/client/rad/index.html' successfully

2021-11-08 12:15:25 - [MESSAGE][PASSED] - Navigate to 'https://qa.velocitypayment.com/client/rad/index.html' successfully

2021-11-08 12:15:25 - [TEST_STEP][PASSED] - out.println("Value of taxTypeDropList : " + taxTypeDropList[i]): null

2021-11-08 12:15:25 - [TEST_STEP][PASSED] - selectOptionByLabel(findTestObject(orPath_Landing + "/dd_TaxType"), taxTypeDropList[i], false): All options with label 'Personal Income Tax' are selected in object 'Object Repository/RAD_Pages/Landing_Page/dd_TaxType' 

2021-11-08 12:15:26 - [MESSAGE][PASSED] - All options with label 'Personal Income Tax' are selected in object 'Object Repository/RAD_Pages/Landing_Page/dd_TaxType' 

2021-11-08 12:15:26 - [TEST_STEP][PASSED] - setText(findTestObject("RAD_RecordAndPlay/input_concatSSN"), "123441234"): Text '123441234' is set on object 'Object Repository/RAD_RecordAndPlay/input_concatSSN'

2021-11-08 12:15:26 - [MESSAGE][PASSED] - Text '123441234' is set on object 'Object Repository/RAD_RecordAndPlay/input_concatSSN'

2021-11-08 12:15:26 - [TEST_STEP][PASSED] - setText(findTestObject("RAD_RecordAndPlay/input_concatReSSN"), "123441234"): Text '123441234' is set on object 'Object Repository/RAD_RecordAndPlay/input_concatReSSN'

2021-11-08 12:15:27 - [MESSAGE][PASSED] - Text '123441234' is set on object 'Object Repository/RAD_RecordAndPlay/input_concatReSSN'

2021-11-08 12:15:27 - [TEST_STEP][PASSED] - setText(findTestObject(orPath_TaxPayer + "/input_lastName"), "Anderson"): Text 'Anderson' is set on object 'Object Repository/RAD_Pages/Taxpayer_Page/input_lastName'

2021-11-08 12:15:28 - [MESSAGE][PASSED] - Text 'Anderson' is set on object 'Object Repository/RAD_Pages/Taxpayer_Page/input_lastName'

2021-11-08 12:15:28 - [TEST_STEP][PASSED] - scrollToElement(findTestObject(orPath_Amount + "/input__paymentAmount"), 3): Scroll to object 'Object Repository/RAD_Pages/PaymentAmount_Page/input__paymentAmount' successfully

2021-11-08 12:15:29 - [MESSAGE][PASSED] - Scroll to object 'Object Repository/RAD_Pages/PaymentAmount_Page/input__paymentAmount' successfully

2021-11-08 12:15:29 - [TEST_STEP][PASSED] - waitForElementClickable(findTestObject(orPath_FilingStatus + "/input_userType_Joint"), 5): Object 'Object Repository/RAD_Pages/FilingStatus_Page/input_userType_Joint' is clickable

2021-11-08 12:15:29 - [MESSAGE][PASSED] - Object 'Object Repository/RAD_Pages/FilingStatus_Page/input_userType_Joint' is clickable

2021-11-08 12:15:29 - [TEST_STEP][PASSED] - click(findTestObject(orPath_FilingStatus + "/input_userType_Joint")): Object: 'Object Repository/RAD_Pages/FilingStatus_Page/input_userType_Joint' is clicked on

2021-11-08 12:15:29 - [MESSAGE][PASSED] - Object: 'Object Repository/RAD_Pages/FilingStatus_Page/input_userType_Joint' is clicked on

2021-11-08 12:15:29 - [TEST_STEP][PASSED] - setText(findTestObject(orPath_FilingStatus + "/input_jointLastName"), "Broad"): Text 'Broad' is set on object 'Object Repository/RAD_Pages/FilingStatus_Page/input_jointLastName'

2021-11-08 12:15:30 - [MESSAGE][PASSED] - Text 'Broad' is set on object 'Object Repository/RAD_Pages/FilingStatus_Page/input_jointLastName'

2021-11-08 12:15:30 - [TEST_STEP][FAILED] - setText(findTestObject(orPath_FilingStatus + "/input_jointSSN"), "123-44-6523"): Unable to set text (Root cause: com.kms.katalon.core.exception.StepFailedException: Unable to set text
	at com.kms.katalon.core.webui.keyword.internal.WebUIKeywordMain.stepFailed(WebUIKeywordMain.groovy:64)
	at com.kms.katalon.core.webui.keyword.internal.WebUIKeywordMain.runKeyword(WebUIKeywordMain.groovy:26)
	at com.kms.katalon.core.webui.keyword.builtin.SetTextKeyword.setText(SetTextKeyword.groovy:66)
	at com.kms.katalon.core.webui.keyword.builtin.SetTextKeyword.execute(SetTextKeyword.groovy:37)
	at com.kms.katalon.core.keyword.internal.KeywordExecutor.executeKeywordForPlatform(KeywordExecutor.groovy:74)
	at com.kms.katalon.core.webui.keyword.WebUiBuiltInKeywords.setText(WebUiBuiltInKeywords.groovy:980)
	at com.kms.katalon.core.webui.keyword.WebUiBuiltInKeywords$setText$11.call(Unknown Source)
	at EstimatedTax_Joint_MRF_TC.run(EstimatedTax_Joint_MRF_TC:62)
	at com.kms.katalon.core.main.ScriptEngine.run(ScriptEngine.java:194)
	at com.kms.katalon.core.main.ScriptEngine.runScriptAsRawText(ScriptEngine.java:119)
	at com.kms.katalon.core.main.TestCaseExecutor.runScript(TestCaseExecutor.java:430)
	at com.kms.katalon.core.main.TestCaseExecutor.doExecute(TestCaseExecutor.java:421)
	at com.kms.katalon.core.main.TestCaseExecutor.processExecutionPhase(TestCaseExecutor.java:400)
	at com.kms.katalon.core.main.TestCaseExecutor.accessMainPhase(TestCaseExecutor.java:392)
	at com.kms.katalon.core.main.TestCaseExecutor.execute(TestCaseExecutor.java:273)
	at com.kms.katalon.core.main.TestSuiteExecutor.accessTestCaseMainPhase(TestSuiteExecutor.java:202)
	at com.kms.katalon.core.main.TestSuiteExecutor.accessTestSuiteMainPhase(TestSuiteExecutor.java:164)
	at com.kms.katalon.core.main.TestSuiteExecutor.execute(TestSuiteExecutor.java:105)
	at com.kms.katalon.core.main.TestCaseMain.startTestSuite(TestCaseMain.java:185)
	at com.kms.katalon.core.main.TestCaseMain$startTestSuite$0.call(Unknown Source)
	at TempTestSuite1636391403401.run(TempTestSuite1636391403401.groovy:36)
Caused by: java.lang.IllegalArgumentException: Object is null
	at com.kms.katalon.core.helper.KeywordHelper.checkTestObjectParameter(KeywordHelper.java:33)
	at com.kms.katalon.core.webui.keyword.builtin.SetTextKeyword$_setText_closure1.doCall(SetTextKeyword.groovy:45)
	at com.kms.katalon.core.webui.keyword.builtin.SetTextKeyword$_setText_closure1.call(SetTextKeyword.groovy)
	at com.kms.katalon.core.webui.keyword.internal.WebUIKeywordMain.runKeyword(WebUIKeywordMain.groovy:20)
	at com.kms.katalon.core.webui.keyword.builtin.SetTextKeyword.setText(SetTextKeyword.groovy:66)
	at com.kms.katalon.core.webui.keyword.builtin.SetTextKeyword.execute(SetTextKeyword.groovy:37)
	at com.kms.katalon.core.keyword.internal.KeywordExecutor.executeKeywordForPlatform(KeywordExecutor.groovy:74)
	at com.kms.katalon.core.webui.keyword.WebUiBuiltInKeywords.setText(WebUiBuiltInKeywords.groovy:980)
	at com.kms.katalon.core.webui.keyword.WebUiBuiltInKeywords$setText$11.call(Unknown Source)
	at Script1634932010040.run(Script1634932010040.groovy:62)
	... 13 more
)

2021-11-08 12:15:30 - [MESSAGE][WARNING] - Test object with id 'Object Repository/RAD_Pages/FilingStatus_Page/input_jointSSN' does not exist

2021-11-08 12:15:30 - [MESSAGE][WARNING] - Test object with id 'Object Repository/' does not exist

2021-11-08 12:15:30 - [MESSAGE][FAILED] - Unable to set text (Root cause: com.kms.katalon.core.exception.StepFailedException: Unable to set text
	at com.kms.katalon.core.webui.keyword.internal.WebUIKeywordMain.stepFailed(WebUIKeywordMain.groovy:64)
	at com.kms.katalon.core.webui.keyword.internal.WebUIKeywordMain.runKeyword(WebUIKeywordMain.groovy:26)
	at com.kms.katalon.core.webui.keyword.builtin.SetTextKeyword.setText(SetTextKeyword.groovy:66)
	at com.kms.katalon.core.webui.keyword.builtin.SetTextKeyword.execute(SetTextKeyword.groovy:37)
	at com.kms.katalon.core.keyword.internal.KeywordExecutor.executeKeywordForPlatform(KeywordExecutor.groovy:74)
	at com.kms.katalon.core.webui.keyword.WebUiBuiltInKeywords.setText(WebUiBuiltInKeywords.groovy:980)
	at com.kms.katalon.core.webui.keyword.WebUiBuiltInKeywords$setText$11.call(Unknown Source)
	at EstimatedTax_Joint_MRF_TC.run(EstimatedTax_Joint_MRF_TC:62)
	at com.kms.katalon.core.main.ScriptEngine.run(ScriptEngine.java:194)
	at com.kms.katalon.core.main.ScriptEngine.runScriptAsRawText(ScriptEngine.java:119)
	at com.kms.katalon.core.main.TestCaseExecutor.runScript(TestCaseExecutor.java:430)
	at com.kms.katalon.core.main.TestCaseExecutor.doExecute(TestCaseExecutor.java:421)
	at com.kms.katalon.core.main.TestCaseExecutor.processExecutionPhase(TestCaseExecutor.java:400)
	at com.kms.katalon.core.main.TestCaseExecutor.accessMainPhase(TestCaseExecutor.java:392)
	at com.kms.katalon.core.main.TestCaseExecutor.execute(TestCaseExecutor.java:273)
	at com.kms.katalon.core.main.TestSuiteExecutor.accessTestCaseMainPhase(TestSuiteExecutor.java:202)
	at com.kms.katalon.core.main.TestSuiteExecutor.accessTestSuiteMainPhase(TestSuiteExecutor.java:164)
	at com.kms.katalon.core.main.TestSuiteExecutor.execute(TestSuiteExecutor.java:105)
	at com.kms.katalon.core.main.TestCaseMain.startTestSuite(TestCaseMain.java:185)
	at com.kms.katalon.core.main.TestCaseMain$startTestSuite$0.call(Unknown Source)
	at TempTestSuite1636391403401.run(TempTestSuite1636391403401.groovy:36)
Caused by: java.lang.IllegalArgumentException: Object is null
	at com.kms.katalon.core.helper.KeywordHelper.checkTestObjectParameter(KeywordHelper.java:33)
	at com.kms.katalon.core.webui.keyword.builtin.SetTextKeyword$_setText_closure1.doCall(SetTextKeyword.groovy:45)
	at com.kms.katalon.core.webui.keyword.builtin.SetTextKeyword$_setText_closure1.call(SetTextKeyword.groovy)
	at com.kms.katalon.core.webui.keyword.internal.WebUIKeywordMain.runKeyword(WebUIKeywordMain.groovy:20)
	at com.kms.katalon.core.webui.keyword.builtin.SetTextKeyword.setText(SetTextKeyword.groovy:66)
	at com.kms.katalon.core.webui.keyword.builtin.SetTextKeyword.execute(SetTextKeyword.groovy:37)
	at com.kms.katalon.core.keyword.internal.KeywordExecutor.executeKeywordForPlatform(KeywordExecutor.groovy:74)
	at com.kms.katalon.core.webui.keyword.WebUiBuiltInKeywords.setText(WebUiBuiltInKeywords.groovy:980)
	at com.kms.katalon.core.webui.keyword.WebUiBuiltInKeywords$setText$11.call(Unknown Source)
	at Script1634932010040.run(Script1634932010040.groovy:62)
	... 13 more
)
[[ATTACHMENT|E:\\Cloned-Project-Katalon\\VPS-Katalon\\Reports\\20211108_121003\\RAD_TestSuite\\RAD_UI_TestSuite\\20211108_121003\\1636391730640.png]]

2021-11-08 12:15:30 - [TEST_STEP][FAILED] - setText(findTestObject(orPath_FilingStatus + "/input_reEnterjointSSN"), "123-44-6523"): Unable to set text (Root cause: com.kms.katalon.core.exception.StepFailedException: Unable to set text
	at com.kms.katalon.core.webui.keyword.internal.WebUIKeywordMain.stepFailed(WebUIKeywordMain.groovy:64)
	at com.kms.katalon.core.webui.keyword.internal.WebUIKeywordMain.runKeyword(WebUIKeywordMain.groovy:26)
	at com.kms.katalon.core.webui.keyword.builtin.SetTextKeyword.setText(SetTextKeyword.groovy:66)
	at com.kms.katalon.core.webui.keyword.builtin.SetTextKeyword.execute(SetTextKeyword.groovy:37)
	at com.kms.katalon.core.keyword.internal.KeywordExecutor.executeKeywordForPlatform(KeywordExecutor.groovy:74)
	at com.kms.katalon.core.webui.keyword.WebUiBuiltInKeywords.setText(WebUiBuiltInKeywords.groovy:980)
	at com.kms.katalon.core.webui.keyword.WebUiBuiltInKeywords$setText$11.call(Unknown Source)
	at EstimatedTax_Joint_MRF_TC.run(EstimatedTax_Joint_MRF_TC:63)
	at com.kms.katalon.core.main.ScriptEngine.run(ScriptEngine.java:194)
	at com.kms.katalon.core.main.ScriptEngine.runScriptAsRawText(ScriptEngine.java:119)
	at com.kms.katalon.core.main.TestCaseExecutor.runScript(TestCaseExecutor.java:430)
	at com.kms.katalon.core.main.TestCaseExecutor.doExecute(TestCaseExecutor.java:421)
	at com.kms.katalon.core.main.TestCaseExecutor.processExecutionPhase(TestCaseExecutor.java:400)
	at com.kms.katalon.core.main.TestCaseExecutor.accessMainPhase(TestCaseExecutor.java:392)
	at com.kms.katalon.core.main.TestCaseExecutor.execute(TestCaseExecutor.java:273)
	at com.kms.katalon.core.main.TestSuiteExecutor.accessTestCaseMainPhase(TestSuiteExecutor.java:202)
	at com.kms.katalon.core.main.TestSuiteExecutor.accessTestSuiteMainPhase(TestSuiteExecutor.java:164)
	at com.kms.katalon.core.main.TestSuiteExecutor.execute(TestSuiteExecutor.java:105)
	at com.kms.katalon.core.main.TestCaseMain.startTestSuite(TestCaseMain.java:185)
	at com.kms.katalon.core.main.TestCaseMain$startTestSuite$0.call(Unknown Source)
	at TempTestSuite1636391403401.run(TempTestSuite1636391403401.groovy:36)
Caused by: java.lang.IllegalArgumentException: Object is null
	at com.kms.katalon.core.helper.KeywordHelper.checkTestObjectParameter(KeywordHelper.java:33)
	at com.kms.katalon.core.webui.keyword.builtin.SetTextKeyword$_setText_closure1.doCall(SetTextKeyword.groovy:45)
	at com.kms.katalon.core.webui.keyword.builtin.SetTextKeyword$_setText_closure1.call(SetTextKeyword.groovy)
	at com.kms.katalon.core.webui.keyword.internal.WebUIKeywordMain.runKeyword(WebUIKeywordMain.groovy:20)
	at com.kms.katalon.core.webui.keyword.builtin.SetTextKeyword.setText(SetTextKeyword.groovy:66)
	at com.kms.katalon.core.webui.keyword.builtin.SetTextKeyword.execute(SetTextKeyword.groovy:37)
	at com.kms.katalon.core.keyword.internal.KeywordExecutor.executeKeywordForPlatform(KeywordExecutor.groovy:74)
	at com.kms.katalon.core.webui.keyword.WebUiBuiltInKeywords.setText(WebUiBuiltInKeywords.groovy:980)
	at com.kms.katalon.core.webui.keyword.WebUiBuiltInKeywords$setText$11.call(Unknown Source)
	at Script1634932010040.run(Script1634932010040.groovy:63)
	... 13 more
)

2021-11-08 12:15:30 - [MESSAGE][WARNING] - Test object with id 'Object Repository/RAD_Pages/FilingStatus_Page/input_reEnterjointSSN' does not exist

2021-11-08 12:15:30 - [MESSAGE][WARNING] - Test object with id 'Object Repository/' does not exist

2021-11-08 12:15:31 - [MESSAGE][FAILED] - Unable to set text (Root cause: com.kms.katalon.core.exception.StepFailedException: Unable to set text
	at com.kms.katalon.core.webui.keyword.internal.WebUIKeywordMain.stepFailed(WebUIKeywordMain.groovy:64)
	at com.kms.katalon.core.webui.keyword.internal.WebUIKeywordMain.runKeyword(WebUIKeywordMain.groovy:26)
	at com.kms.katalon.core.webui.keyword.builtin.SetTextKeyword.setText(SetTextKeyword.groovy:66)
	at com.kms.katalon.core.webui.keyword.builtin.SetTextKeyword.execute(SetTextKeyword.groovy:37)
	at com.kms.katalon.core.keyword.internal.KeywordExecutor.executeKeywordForPlatform(KeywordExecutor.groovy:74)
	at com.kms.katalon.core.webui.keyword.WebUiBuiltInKeywords.setText(WebUiBuiltInKeywords.groovy:980)
	at com.kms.katalon.core.webui.keyword.WebUiBuiltInKeywords$setText$11.call(Unknown Source)
	at EstimatedTax_Joint_MRF_TC.run(EstimatedTax_Joint_MRF_TC:63)
	at com.kms.katalon.core.main.ScriptEngine.run(ScriptEngine.java:194)
	at com.kms.katalon.core.main.ScriptEngine.runScriptAsRawText(ScriptEngine.java:119)
	at com.kms.katalon.core.main.TestCaseExecutor.runScript(TestCaseExecutor.java:430)
	at com.kms.katalon.core.main.TestCaseExecutor.doExecute(TestCaseExecutor.java:421)
	at com.kms.katalon.core.main.TestCaseExecutor.processExecutionPhase(TestCaseExecutor.java:400)
	at com.kms.katalon.core.main.TestCaseExecutor.accessMainPhase(TestCaseExecutor.java:392)
	at com.kms.katalon.core.main.TestCaseExecutor.execute(TestCaseExecutor.java:273)
	at com.kms.katalon.core.main.TestSuiteExecutor.accessTestCaseMainPhase(TestSuiteExecutor.java:202)
	at com.kms.katalon.core.main.TestSuiteExecutor.accessTestSuiteMainPhase(TestSuiteExecutor.java:164)
	at com.kms.katalon.core.main.TestSuiteExecutor.execute(TestSuiteExecutor.java:105)
	at com.kms.katalon.core.main.TestCaseMain.startTestSuite(TestCaseMain.java:185)
	at com.kms.katalon.core.main.TestCaseMain$startTestSuite$0.call(Unknown Source)
	at TempTestSuite1636391403401.run(TempTestSuite1636391403401.groovy:36)
Caused by: java.lang.IllegalArgumentException: Object is null
	at com.kms.katalon.core.helper.KeywordHelper.checkTestObjectParameter(KeywordHelper.java:33)
	at com.kms.katalon.core.webui.keyword.builtin.SetTextKeyword$_setText_closure1.doCall(SetTextKeyword.groovy:45)
	at com.kms.katalon.core.webui.keyword.builtin.SetTextKeyword$_setText_closure1.call(SetTextKeyword.groovy)
	at com.kms.katalon.core.webui.keyword.internal.WebUIKeywordMain.runKeyword(WebUIKeywordMain.groovy:20)
	at com.kms.katalon.core.webui.keyword.builtin.SetTextKeyword.setText(SetTextKeyword.groovy:66)
	at com.kms.katalon.core.webui.keyword.builtin.SetTextKeyword.execute(SetTextKeyword.groovy:37)
	at com.kms.katalon.core.keyword.internal.KeywordExecutor.executeKeywordForPlatform(KeywordExecutor.groovy:74)
	at com.kms.katalon.core.webui.keyword.WebUiBuiltInKeywords.setText(WebUiBuiltInKeywords.groovy:980)
	at com.kms.katalon.core.webui.keyword.WebUiBuiltInKeywords$setText$11.call(Unknown Source)
	at Script1634932010040.run(Script1634932010040.groovy:63)
	... 13 more
)
[[ATTACHMENT|E:\\Cloned-Project-Katalon\\VPS-Katalon\\Reports\\20211108_121003\\RAD_TestSuite\\RAD_UI_TestSuite\\20211108_121003\\1636391730915.png]]

2021-11-08 12:15:31 - [TEST_STEP][PASSED] - setText(findTestObject(orPath_TaxPayer + "/input_suffix"), ""): Text '' is set on object 'Object Repository/RAD_Pages/Taxpayer_Page/input_suffix'

2021-11-08 12:15:31 - [MESSAGE][PASSED] - Text '' is set on object 'Object Repository/RAD_Pages/Taxpayer_Page/input_suffix'

2021-11-08 12:15:31 - [TEST_STEP][PASSED] - delay(2): Delayed 2 second(s)

2021-11-08 12:15:33 - [MESSAGE][PASSED] - Delayed 2 second(s)

2021-11-08 12:15:33 - [TEST_STEP][FAILED] - click(findTestObject(orPath_Landing + "/button_Continue")): Unable to click on object 'Object Repository/RAD_Pages/Landing_Page/button_Continue' (Root cause: com.kms.katalon.core.exception.StepFailedException: Unable to click on object 'Object Repository/RAD_Pages/Landing_Page/button_Continue'
	at com.kms.katalon.core.webui.keyword.internal.WebUIKeywordMain.stepFailed(WebUIKeywordMain.groovy:64)
	at com.kms.katalon.core.webui.keyword.internal.WebUIKeywordMain.runKeyword(WebUIKeywordMain.groovy:26)
	at com.kms.katalon.core.webui.keyword.builtin.ClickKeyword.click(ClickKeyword.groovy:75)
	at com.kms.katalon.core.webui.keyword.builtin.ClickKeyword.execute(ClickKeyword.groovy:42)
	at com.kms.katalon.core.keyword.internal.KeywordExecutor.executeKeywordForPlatform(KeywordExecutor.groovy:74)
	at com.kms.katalon.core.webui.keyword.WebUiBuiltInKeywords.click(WebUiBuiltInKeywords.groovy:620)
	at com.kms.katalon.core.webui.keyword.WebUiBuiltInKeywords$click$10.call(Unknown Source)
	at EstimatedTax_Joint_MRF_TC.run(EstimatedTax_Joint_MRF_TC:67)
	at com.kms.katalon.core.main.ScriptEngine.run(ScriptEngine.java:194)
	at com.kms.katalon.core.main.ScriptEngine.runScriptAsRawText(ScriptEngine.java:119)
	at com.kms.katalon.core.main.TestCaseExecutor.runScript(TestCaseExecutor.java:430)
	at com.kms.katalon.core.main.TestCaseExecutor.doExecute(TestCaseExecutor.java:421)
	at com.kms.katalon.core.main.TestCaseExecutor.processExecutionPhase(TestCaseExecutor.java:400)
	at com.kms.katalon.core.main.TestCaseExecutor.accessMainPhase(TestCaseExecutor.java:392)
	at com.kms.katalon.core.main.TestCaseExecutor.execute(TestCaseExecutor.java:273)
	at com.kms.katalon.core.main.TestSuiteExecutor.accessTestCaseMainPhase(TestSuiteExecutor.java:202)
	at com.kms.katalon.core.main.TestSuiteExecutor.accessTestSuiteMainPhase(TestSuiteExecutor.java:164)
	at com.kms.katalon.core.main.TestSuiteExecutor.execute(TestSuiteExecutor.java:105)
	at com.kms.katalon.core.main.TestCaseMain.startTestSuite(TestCaseMain.java:185)
	at com.kms.katalon.core.main.TestCaseMain$startTestSuite$0.call(Unknown Source)
	at TempTestSuite1636391403401.run(TempTestSuite1636391403401.groovy:36)
Caused by: org.openqa.selenium.ElementClickInterceptedException: element click intercepted: Element is not clickable at point (1046, 1842)
  (Session info: chrome=95.0.4638.69)
Build info: version: '3.141.59', revision: 'e82be7d358', time: '2018-11-14T08:25:53'
System info: host: 'DESKTOP-B2QI6NS', ip: '172.30.2.167', os.name: 'Windows 10', os.arch: 'amd64', os.version: '10.0', java.version: '1.8.0_181'
Driver info: com.kms.katalon.selenium.driver.CChromeDriver
Capabilities {acceptInsecureCerts: true, browserName: chrome, browserVersion: 95.0.4638.69, chrome: {chromedriverVersion: 95.0.4638.54 (d31a821ec901f..., userDataDir: C:\Users\iahmed\AppData\Loc...}, goog:chromeOptions: {debuggerAddress: localhost:54911}, javascriptEnabled: true, networkConnectionEnabled: false, pageLoadStrategy: normal, platform: WINDOWS, platformName: WINDOWS, proxy: Proxy(), setWindowRect: true, strictFileInteractability: false, timeouts: {implicit: 0, pageLoad: 300000, script: 30000}, unhandledPromptBehavior: dismiss and notify, webauthn:extension:credBlob: true, webauthn:extension:largeBlob: true, webauthn:virtualAuthenticators: true}
Session ID: 71e2e9381394ea6707c7b6ae535238c6
	at org.openqa.selenium.remote.http.W3CHttpResponseCodec.createException(W3CHttpResponseCodec.java:187)
	at org.openqa.selenium.remote.http.W3CHttpResponseCodec.decode(W3CHttpResponseCodec.java:122)
	at org.openqa.selenium.remote.http.W3CHttpResponseCodec.decode(W3CHttpResponseCodec.java:49)
	at org.openqa.selenium.remote.HttpCommandExecutor.execute(HttpCommandExecutor.java:158)
	at org.openqa.selenium.remote.service.DriverCommandExecutor.execute(DriverCommandExecutor.java:83)
	at org.openqa.selenium.remote.RemoteWebDriver.execute(RemoteWebDriver.java:552)
	at com.kms.katalon.selenium.driver.CChromeDriver.execute(CChromeDriver.java:19)
	at org.openqa.selenium.remote.RemoteWebElement.execute(RemoteWebElement.java:285)
	at org.openqa.selenium.remote.RemoteWebElement.click(RemoteWebElement.java:84)
	at org.openqa.selenium.support.events.EventFiringWebDriver$EventFiringWebElement.lambda$new$0(EventFiringWebDriver.java:404)
	at com.sun.proxy.$Proxy11.click(Unknown Source)
	at org.openqa.selenium.support.events.EventFiringWebDriver$EventFiringWebElement.click(EventFiringWebDriver.java:417)
	at com.kms.katalon.core.webui.keyword.builtin.ClickKeyword$_click_closure1.doCall(ClickKeyword.groovy:68)
	at com.kms.katalon.core.webui.keyword.builtin.ClickKeyword$_click_closure1.call(ClickKeyword.groovy)
	at com.kms.katalon.core.webui.keyword.internal.WebUIKeywordMain.runKeyword(WebUIKeywordMain.groovy:20)
	at com.kms.katalon.core.webui.keyword.builtin.ClickKeyword.click(ClickKeyword.groovy:75)
	at com.kms.katalon.core.webui.keyword.builtin.ClickKeyword.execute(ClickKeyword.groovy:42)
	at com.kms.katalon.core.keyword.internal.KeywordExecutor.executeKeywordForPlatform(KeywordExecutor.groovy:74)
	at com.kms.katalon.core.webui.keyword.WebUiBuiltInKeywords.click(WebUiBuiltInKeywords.groovy:620)
	at com.kms.katalon.core.webui.keyword.WebUiBuiltInKeywords$click$10.call(Unknown Source)
	at Script1634932010040.run(Script1634932010040.groovy:67)
	... 13 more
)

2021-11-08 12:15:35 - [MESSAGE][FAILED] - Unable to click on object 'Object Repository/RAD_Pages/Landing_Page/button_Continue' (Root cause: com.kms.katalon.core.exception.StepFailedException: Unable to click on object 'Object Repository/RAD_Pages/Landing_Page/button_Continue'
	at com.kms.katalon.core.webui.keyword.internal.WebUIKeywordMain.stepFailed(WebUIKeywordMain.groovy:64)
	at com.kms.katalon.core.webui.keyword.internal.WebUIKeywordMain.runKeyword(WebUIKeywordMain.groovy:26)
	at com.kms.katalon.core.webui.keyword.builtin.ClickKeyword.click(ClickKeyword.groovy:75)
	at com.kms.katalon.core.webui.keyword.builtin.ClickKeyword.execute(ClickKeyword.groovy:42)
	at com.kms.katalon.core.keyword.internal.KeywordExecutor.executeKeywordForPlatform(KeywordExecutor.groovy:74)
	at com.kms.katalon.core.webui.keyword.WebUiBuiltInKeywords.click(WebUiBuiltInKeywords.groovy:620)
	at com.kms.katalon.core.webui.keyword.WebUiBuiltInKeywords$click$10.call(Unknown Source)
	at EstimatedTax_Joint_MRF_TC.run(EstimatedTax_Joint_MRF_TC:67)
	at com.kms.katalon.core.main.ScriptEngine.run(ScriptEngine.java:194)
	at com.kms.katalon.core.main.ScriptEngine.runScriptAsRawText(ScriptEngine.java:119)
	at com.kms.katalon.core.main.TestCaseExecutor.runScript(TestCaseExecutor.java:430)
	at com.kms.katalon.core.main.TestCaseExecutor.doExecute(TestCaseExecutor.java:421)
	at com.kms.katalon.core.main.TestCaseExecutor.processExecutionPhase(TestCaseExecutor.java:400)
	at com.kms.katalon.core.main.TestCaseExecutor.accessMainPhase(TestCaseExecutor.java:392)
	at com.kms.katalon.core.main.TestCaseExecutor.execute(TestCaseExecutor.java:273)
	at com.kms.katalon.core.main.TestSuiteExecutor.accessTestCaseMainPhase(TestSuiteExecutor.java:202)
	at com.kms.katalon.core.main.TestSuiteExecutor.accessTestSuiteMainPhase(TestSuiteExecutor.java:164)
	at com.kms.katalon.core.main.TestSuiteExecutor.execute(TestSuiteExecutor.java:105)
	at com.kms.katalon.core.main.TestCaseMain.startTestSuite(TestCaseMain.java:185)
	at com.kms.katalon.core.main.TestCaseMain$startTestSuite$0.call(Unknown Source)
	at TempTestSuite1636391403401.run(TempTestSuite1636391403401.groovy:36)
Caused by: org.openqa.selenium.ElementClickInterceptedException: element click intercepted: Element is not clickable at point (1046, 1842)
  (Session info: chrome=95.0.4638.69)
Build info: version: '3.141.59', revision: 'e82be7d358', time: '2018-11-14T08:25:53'
System info: host: 'DESKTOP-B2QI6NS', ip: '172.30.2.167', os.name: 'Windows 10', os.arch: 'amd64', os.version: '10.0', java.version: '1.8.0_181'
Driver info: com.kms.katalon.selenium.driver.CChromeDriver
Capabilities {acceptInsecureCerts: true, browserName: chrome, browserVersion: 95.0.4638.69, chrome: {chromedriverVersion: 95.0.4638.54 (d31a821ec901f..., userDataDir: C:\Users\iahmed\AppData\Loc...}, goog:chromeOptions: {debuggerAddress: localhost:54911}, javascriptEnabled: true, networkConnectionEnabled: false, pageLoadStrategy: normal, platform: WINDOWS, platformName: WINDOWS, proxy: Proxy(), setWindowRect: true, strictFileInteractability: false, timeouts: {implicit: 0, pageLoad: 300000, script: 30000}, unhandledPromptBehavior: dismiss and notify, webauthn:extension:credBlob: true, webauthn:extension:largeBlob: true, webauthn:virtualAuthenticators: true}
Session ID: 71e2e9381394ea6707c7b6ae535238c6
	at org.openqa.selenium.remote.http.W3CHttpResponseCodec.createException(W3CHttpResponseCodec.java:187)
	at org.openqa.selenium.remote.http.W3CHttpResponseCodec.decode(W3CHttpResponseCodec.java:122)
	at org.openqa.selenium.remote.http.W3CHttpResponseCodec.decode(W3CHttpResponseCodec.java:49)
	at org.openqa.selenium.remote.HttpCommandExecutor.execute(HttpCommandExecutor.java:158)
	at org.openqa.selenium.remote.service.DriverCommandExecutor.execute(DriverCommandExecutor.java:83)
	at org.openqa.selenium.remote.RemoteWebDriver.execute(RemoteWebDriver.java:552)
	at com.kms.katalon.selenium.driver.CChromeDriver.execute(CChromeDriver.java:19)
	at org.openqa.selenium.remote.RemoteWebElement.execute(RemoteWebElement.java:285)
	at org.openqa.selenium.remote.RemoteWebElement.click(RemoteWebElement.java:84)
	at org.openqa.selenium.support.events.EventFiringWebDriver$EventFiringWebElement.lambda$new$0(EventFiringWebDriver.java:404)
	at com.sun.proxy.$Proxy11.click(Unknown Source)
	at org.openqa.selenium.support.events.EventFiringWebDriver$EventFiringWebElement.click(EventFiringWebDriver.java:417)
	at com.kms.katalon.core.webui.keyword.builtin.ClickKeyword$_click_closure1.doCall(ClickKeyword.groovy:68)
	at com.kms.katalon.core.webui.keyword.builtin.ClickKeyword$_click_closure1.call(ClickKeyword.groovy)
	at com.kms.katalon.core.webui.keyword.internal.WebUIKeywordMain.runKeyword(WebUIKeywordMain.groovy:20)
	at com.kms.katalon.core.webui.keyword.builtin.ClickKeyword.click(ClickKeyword.groovy:75)
	at com.kms.katalon.core.webui.keyword.builtin.ClickKeyword.execute(ClickKeyword.groovy:42)
	at com.kms.katalon.core.keyword.internal.KeywordExecutor.executeKeywordForPlatform(KeywordExecutor.groovy:74)
	at com.kms.katalon.core.webui.keyword.WebUiBuiltInKeywords.click(WebUiBuiltInKeywords.groovy:620)
	at com.kms.katalon.core.webui.keyword.WebUiBuiltInKeywords$click$10.call(Unknown Source)
	at Script1634932010040.run(Script1634932010040.groovy:67)
	... 13 more
)
[[ATTACHMENT|E:\\Cloned-Project-Katalon\\VPS-Katalon\\Reports\\20211108_121003\\RAD_TestSuite\\RAD_UI_TestSuite\\20211108_121003\\1636391735151.png]]

2021-11-08 12:15:35 - [TEST_STEP][FAILED] - verifyTextPresent("Enter joint payer first name", true): Text 'Enter joint payer first name' is not present on page  using regular expression (Root cause: com.kms.katalon.core.exception.StepFailedException: Text 'Enter joint payer first name' is not present on page  using regular expression
	at com.kms.katalon.core.webui.keyword.internal.WebUIKeywordMain.stepFailed(WebUIKeywordMain.groovy:64)
	at com.kms.katalon.core.webui.keyword.builtin.VerifyTextPresentKeyword$_verifyTextPresent_closure1.doCall(VerifyTextPresentKeyword.groovy:79)
	at com.kms.katalon.core.webui.keyword.builtin.VerifyTextPresentKeyword$_verifyTextPresent_closure1.call(VerifyTextPresentKeyword.groovy)
	at com.kms.katalon.core.webui.keyword.internal.WebUIKeywordMain.runKeyword(WebUIKeywordMain.groovy:20)
	at com.kms.katalon.core.webui.keyword.builtin.VerifyTextPresentKeyword.verifyTextPresent(VerifyTextPresentKeyword.groovy:83)
	at com.kms.katalon.core.webui.keyword.builtin.VerifyTextPresentKeyword.execute(VerifyTextPresentKeyword.groovy:68)
	at com.kms.katalon.core.keyword.internal.KeywordExecutor.executeKeywordForPlatform(KeywordExecutor.groovy:74)
	at com.kms.katalon.core.webui.keyword.WebUiBuiltInKeywords.verifyTextPresent(WebUiBuiltInKeywords.groovy:1723)
	at com.kms.katalon.core.webui.keyword.WebUiBuiltInKeywords$verifyTextPresent$3.call(Unknown Source)
	at EstimatedTax_Joint_MRF_TC.run(EstimatedTax_Joint_MRF_TC:69)
	at com.kms.katalon.core.main.ScriptEngine.run(ScriptEngine.java:194)
	at com.kms.katalon.core.main.ScriptEngine.runScriptAsRawText(ScriptEngine.java:119)
	at com.kms.katalon.core.main.TestCaseExecutor.runScript(TestCaseExecutor.java:430)
	at com.kms.katalon.core.main.TestCaseExecutor.doExecute(TestCaseExecutor.java:421)
	at com.kms.katalon.core.main.TestCaseExecutor.processExecutionPhase(TestCaseExecutor.java:400)
	at com.kms.katalon.core.main.TestCaseExecutor.accessMainPhase(TestCaseExecutor.java:392)
	at com.kms.katalon.core.main.TestCaseExecutor.execute(TestCaseExecutor.java:273)
	at com.kms.katalon.core.main.TestSuiteExecutor.accessTestCaseMainPhase(TestSuiteExecutor.java:202)
	at com.kms.katalon.core.main.TestSuiteExecutor.accessTestSuiteMainPhase(TestSuiteExecutor.java:164)
	at com.kms.katalon.core.main.TestSuiteExecutor.execute(TestSuiteExecutor.java:105)
	at com.kms.katalon.core.main.TestCaseMain.startTestSuite(TestCaseMain.java:185)
	at com.kms.katalon.core.main.TestCaseMain$startTestSuite$0.call(Unknown Source)
	at TempTestSuite1636391403401.run(TempTestSuite1636391403401.groovy:36)
)

2021-11-08 12:15:35 - [MESSAGE][FAILED] - Text 'Enter joint payer first name' is not present on page  using regular expression (Root cause: com.kms.katalon.core.exception.StepFailedException: Text 'Enter joint payer first name' is not present on page  using regular expression
	at com.kms.katalon.core.webui.keyword.internal.WebUIKeywordMain.stepFailed(WebUIKeywordMain.groovy:64)
	at com.kms.katalon.core.webui.keyword.builtin.VerifyTextPresentKeyword$_verifyTextPresent_closure1.doCall(VerifyTextPresentKeyword.groovy:79)
	at com.kms.katalon.core.webui.keyword.builtin.VerifyTextPresentKeyword$_verifyTextPresent_closure1.call(VerifyTextPresentKeyword.groovy)
	at com.kms.katalon.core.webui.keyword.internal.WebUIKeywordMain.runKeyword(WebUIKeywordMain.groovy:20)
	at com.kms.katalon.core.webui.keyword.builtin.VerifyTextPresentKeyword.verifyTextPresent(VerifyTextPresentKeyword.groovy:83)
	at com.kms.katalon.core.webui.keyword.builtin.VerifyTextPresentKeyword.execute(VerifyTextPresentKeyword.groovy:68)
	at com.kms.katalon.core.keyword.internal.KeywordExecutor.executeKeywordForPlatform(KeywordExecutor.groovy:74)
	at com.kms.katalon.core.webui.keyword.WebUiBuiltInKeywords.verifyTextPresent(WebUiBuiltInKeywords.groovy:1723)
	at com.kms.katalon.core.webui.keyword.WebUiBuiltInKeywords$verifyTextPresent$3.call(Unknown Source)
	at EstimatedTax_Joint_MRF_TC.run(EstimatedTax_Joint_MRF_TC:69)
	at com.kms.katalon.core.main.ScriptEngine.run(ScriptEngine.java:194)
	at com.kms.katalon.core.main.ScriptEngine.runScriptAsRawText(ScriptEngine.java:119)
	at com.kms.katalon.core.main.TestCaseExecutor.runScript(TestCaseExecutor.java:430)
	at com.kms.katalon.core.main.TestCaseExecutor.doExecute(TestCaseExecutor.java:421)
	at com.kms.katalon.core.main.TestCaseExecutor.processExecutionPhase(TestCaseExecutor.java:400)
	at com.kms.katalon.core.main.TestCaseExecutor.accessMainPhase(TestCaseExecutor.java:392)
	at com.kms.katalon.core.main.TestCaseExecutor.execute(TestCaseExecutor.java:273)
	at com.kms.katalon.core.main.TestSuiteExecutor.accessTestCaseMainPhase(TestSuiteExecutor.java:202)
	at com.kms.katalon.core.main.TestSuiteExecutor.accessTestSuiteMainPhase(TestSuiteExecutor.java:164)
	at com.kms.katalon.core.main.TestSuiteExecutor.execute(TestSuiteExecutor.java:105)
	at com.kms.katalon.core.main.TestCaseMain.startTestSuite(TestCaseMain.java:185)
	at com.kms.katalon.core.main.TestCaseMain$startTestSuite$0.call(Unknown Source)
	at TempTestSuite1636391403401.run(TempTestSuite1636391403401.groovy:36)
)

2021-11-08 12:15:35 - [TEST_STEP][PASSED] - openBrowser(""): Browser is opened with url: ''

2021-11-08 12:15:35 - [MESSAGE][WARNING] - A browser is already opened. Closing browser and opening a new one

2021-11-08 12:15:36 - [MESSAGE][INFO] - Starting 'Chrome' driver

2021-11-08 12:15:36 - [MESSAGE][INFO] - User set preference: ['acceptInsecureCerts', 'true']

2021-11-08 12:15:36 - [MESSAGE][INFO] - Action delay is set to 0 milliseconds

2021-11-08 12:15:37 - [MESSAGE][PASSED] - Browser is opened with url: ''

2021-11-08 12:15:37 - [TEST_STEP][PASSED] - maximizeWindow(): Current window maximized

2021-11-08 12:15:38 - [MESSAGE][PASSED] - Current window maximized

2021-11-08 12:15:38 - [TEST_STEP][PASSED] - navigateToUrl(RADurl): Navigate to 'https://qa.velocitypayment.com/client/rad/index.html' successfully

2021-11-08 12:15:40 - [MESSAGE][PASSED] - Navigate to 'https://qa.velocitypayment.com/client/rad/index.html' successfully

2021-11-08 12:15:40 - [TEST_STEP][PASSED] - out.println("Value of taxTypeDropList : " + taxTypeDropList[i]): null

2021-11-08 12:15:40 - [TEST_STEP][PASSED] - selectOptionByLabel(findTestObject(orPath_Landing + "/dd_TaxType"), taxTypeDropList[i], false): All options with label 'Extension Payments' are selected in object 'Object Repository/RAD_Pages/Landing_Page/dd_TaxType' 

2021-11-08 12:15:40 - [MESSAGE][PASSED] - All options with label 'Extension Payments' are selected in object 'Object Repository/RAD_Pages/Landing_Page/dd_TaxType' 

2021-11-08 12:15:40 - [TEST_STEP][PASSED] - setText(findTestObject("RAD_RecordAndPlay/input_concatSSN"), "123441234"): Text '123441234' is set on object 'Object Repository/RAD_RecordAndPlay/input_concatSSN'

2021-11-08 12:15:41 - [MESSAGE][PASSED] - Text '123441234' is set on object 'Object Repository/RAD_RecordAndPlay/input_concatSSN'

2021-11-08 12:15:41 - [TEST_STEP][PASSED] - setText(findTestObject("RAD_RecordAndPlay/input_concatReSSN"), "123441234"): Text '123441234' is set on object 'Object Repository/RAD_RecordAndPlay/input_concatReSSN'

2021-11-08 12:15:41 - [MESSAGE][PASSED] - Text '123441234' is set on object 'Object Repository/RAD_RecordAndPlay/input_concatReSSN'

2021-11-08 12:15:41 - [TEST_STEP][PASSED] - setText(findTestObject(orPath_TaxPayer + "/input_lastName"), "Anderson"): Text 'Anderson' is set on object 'Object Repository/RAD_Pages/Taxpayer_Page/input_lastName'

2021-11-08 12:15:43 - [MESSAGE][PASSED] - Text 'Anderson' is set on object 'Object Repository/RAD_Pages/Taxpayer_Page/input_lastName'

2021-11-08 12:15:43 - [TEST_STEP][PASSED] - scrollToElement(findTestObject(orPath_Amount + "/input__paymentAmount"), 3): Scroll to object 'Object Repository/RAD_Pages/PaymentAmount_Page/input__paymentAmount' successfully

2021-11-08 12:15:43 - [MESSAGE][PASSED] - Scroll to object 'Object Repository/RAD_Pages/PaymentAmount_Page/input__paymentAmount' successfully

2021-11-08 12:15:43 - [TEST_STEP][PASSED] - waitForElementClickable(findTestObject(orPath_FilingStatus + "/input_userType_Joint"), 5): Object 'Object Repository/RAD_Pages/FilingStatus_Page/input_userType_Joint' is clickable

2021-11-08 12:15:43 - [MESSAGE][PASSED] - Object 'Object Repository/RAD_Pages/FilingStatus_Page/input_userType_Joint' is clickable

2021-11-08 12:15:43 - [TEST_STEP][PASSED] - click(findTestObject(orPath_FilingStatus + "/input_userType_Joint")): Object: 'Object Repository/RAD_Pages/FilingStatus_Page/input_userType_Joint' is clicked on

2021-11-08 12:15:44 - [MESSAGE][PASSED] - Object: 'Object Repository/RAD_Pages/FilingStatus_Page/input_userType_Joint' is clicked on

2021-11-08 12:15:44 - [TEST_STEP][PASSED] - setText(findTestObject(orPath_FilingStatus + "/input_jointLastName"), "Broad"): Text 'Broad' is set on object 'Object Repository/RAD_Pages/FilingStatus_Page/input_jointLastName'

2021-11-08 12:15:45 - [MESSAGE][PASSED] - Text 'Broad' is set on object 'Object Repository/RAD_Pages/FilingStatus_Page/input_jointLastName'

2021-11-08 12:15:45 - [TEST_STEP][FAILED] - setText(findTestObject(orPath_FilingStatus + "/input_jointSSN"), "123-44-6523"): Unable to set text (Root cause: com.kms.katalon.core.exception.StepFailedException: Unable to set text
	at com.kms.katalon.core.webui.keyword.internal.WebUIKeywordMain.stepFailed(WebUIKeywordMain.groovy:64)
	at com.kms.katalon.core.webui.keyword.internal.WebUIKeywordMain.runKeyword(WebUIKeywordMain.groovy:26)
	at com.kms.katalon.core.webui.keyword.builtin.SetTextKeyword.setText(SetTextKeyword.groovy:66)
	at com.kms.katalon.core.webui.keyword.builtin.SetTextKeyword.execute(SetTextKeyword.groovy:37)
	at com.kms.katalon.core.keyword.internal.KeywordExecutor.executeKeywordForPlatform(KeywordExecutor.groovy:74)
	at com.kms.katalon.core.webui.keyword.WebUiBuiltInKeywords.setText(WebUiBuiltInKeywords.groovy:980)
	at com.kms.katalon.core.webui.keyword.WebUiBuiltInKeywords$setText$11.call(Unknown Source)
	at EstimatedTax_Joint_MRF_TC.run(EstimatedTax_Joint_MRF_TC:62)
	at com.kms.katalon.core.main.ScriptEngine.run(ScriptEngine.java:194)
	at com.kms.katalon.core.main.ScriptEngine.runScriptAsRawText(ScriptEngine.java:119)
	at com.kms.katalon.core.main.TestCaseExecutor.runScript(TestCaseExecutor.java:430)
	at com.kms.katalon.core.main.TestCaseExecutor.doExecute(TestCaseExecutor.java:421)
	at com.kms.katalon.core.main.TestCaseExecutor.processExecutionPhase(TestCaseExecutor.java:400)
	at com.kms.katalon.core.main.TestCaseExecutor.accessMainPhase(TestCaseExecutor.java:392)
	at com.kms.katalon.core.main.TestCaseExecutor.execute(TestCaseExecutor.java:273)
	at com.kms.katalon.core.main.TestSuiteExecutor.accessTestCaseMainPhase(TestSuiteExecutor.java:202)
	at com.kms.katalon.core.main.TestSuiteExecutor.accessTestSuiteMainPhase(TestSuiteExecutor.java:164)
	at com.kms.katalon.core.main.TestSuiteExecutor.execute(TestSuiteExecutor.java:105)
	at com.kms.katalon.core.main.TestCaseMain.startTestSuite(TestCaseMain.java:185)
	at com.kms.katalon.core.main.TestCaseMain$startTestSuite$0.call(Unknown Source)
	at TempTestSuite1636391403401.run(TempTestSuite1636391403401.groovy:36)
Caused by: java.lang.IllegalArgumentException: Object is null
	at com.kms.katalon.core.helper.KeywordHelper.checkTestObjectParameter(KeywordHelper.java:33)
	at com.kms.katalon.core.webui.keyword.builtin.SetTextKeyword$_setText_closure1.doCall(SetTextKeyword.groovy:45)
	at com.kms.katalon.core.webui.keyword.builtin.SetTextKeyword$_setText_closure1.call(SetTextKeyword.groovy)
	at com.kms.katalon.core.webui.keyword.internal.WebUIKeywordMain.runKeyword(WebUIKeywordMain.groovy:20)
	at com.kms.katalon.core.webui.keyword.builtin.SetTextKeyword.setText(SetTextKeyword.groovy:66)
	at com.kms.katalon.core.webui.keyword.builtin.SetTextKeyword.execute(SetTextKeyword.groovy:37)
	at com.kms.katalon.core.keyword.internal.KeywordExecutor.executeKeywordForPlatform(KeywordExecutor.groovy:74)
	at com.kms.katalon.core.webui.keyword.WebUiBuiltInKeywords.setText(WebUiBuiltInKeywords.groovy:980)
	at com.kms.katalon.core.webui.keyword.WebUiBuiltInKeywords$setText$11.call(Unknown Source)
	at Script1634932010040.run(Script1634932010040.groovy:62)
	... 13 more
)

2021-11-08 12:15:45 - [MESSAGE][WARNING] - Test object with id 'Object Repository/RAD_Pages/FilingStatus_Page/input_jointSSN' does not exist

2021-11-08 12:15:45 - [MESSAGE][WARNING] - Test object with id 'Object Repository/' does not exist

2021-11-08 12:15:45 - [MESSAGE][FAILED] - Unable to set text (Root cause: com.kms.katalon.core.exception.StepFailedException: Unable to set text
	at com.kms.katalon.core.webui.keyword.internal.WebUIKeywordMain.stepFailed(WebUIKeywordMain.groovy:64)
	at com.kms.katalon.core.webui.keyword.internal.WebUIKeywordMain.runKeyword(WebUIKeywordMain.groovy:26)
	at com.kms.katalon.core.webui.keyword.builtin.SetTextKeyword.setText(SetTextKeyword.groovy:66)
	at com.kms.katalon.core.webui.keyword.builtin.SetTextKeyword.execute(SetTextKeyword.groovy:37)
	at com.kms.katalon.core.keyword.internal.KeywordExecutor.executeKeywordForPlatform(KeywordExecutor.groovy:74)
	at com.kms.katalon.core.webui.keyword.WebUiBuiltInKeywords.setText(WebUiBuiltInKeywords.groovy:980)
	at com.kms.katalon.core.webui.keyword.WebUiBuiltInKeywords$setText$11.call(Unknown Source)
	at EstimatedTax_Joint_MRF_TC.run(EstimatedTax_Joint_MRF_TC:62)
	at com.kms.katalon.core.main.ScriptEngine.run(ScriptEngine.java:194)
	at com.kms.katalon.core.main.ScriptEngine.runScriptAsRawText(ScriptEngine.java:119)
	at com.kms.katalon.core.main.TestCaseExecutor.runScript(TestCaseExecutor.java:430)
	at com.kms.katalon.core.main.TestCaseExecutor.doExecute(TestCaseExecutor.java:421)
	at com.kms.katalon.core.main.TestCaseExecutor.processExecutionPhase(TestCaseExecutor.java:400)
	at com.kms.katalon.core.main.TestCaseExecutor.accessMainPhase(TestCaseExecutor.java:392)
	at com.kms.katalon.core.main.TestCaseExecutor.execute(TestCaseExecutor.java:273)
	at com.kms.katalon.core.main.TestSuiteExecutor.accessTestCaseMainPhase(TestSuiteExecutor.java:202)
	at com.kms.katalon.core.main.TestSuiteExecutor.accessTestSuiteMainPhase(TestSuiteExecutor.java:164)
	at com.kms.katalon.core.main.TestSuiteExecutor.execute(TestSuiteExecutor.java:105)
	at com.kms.katalon.core.main.TestCaseMain.startTestSuite(TestCaseMain.java:185)
	at com.kms.katalon.core.main.TestCaseMain$startTestSuite$0.call(Unknown Source)
	at TempTestSuite1636391403401.run(TempTestSuite1636391403401.groovy:36)
Caused by: java.lang.IllegalArgumentException: Object is null
	at com.kms.katalon.core.helper.KeywordHelper.checkTestObjectParameter(KeywordHelper.java:33)
	at com.kms.katalon.core.webui.keyword.builtin.SetTextKeyword$_setText_closure1.doCall(SetTextKeyword.groovy:45)
	at com.kms.katalon.core.webui.keyword.builtin.SetTextKeyword$_setText_closure1.call(SetTextKeyword.groovy)
	at com.kms.katalon.core.webui.keyword.internal.WebUIKeywordMain.runKeyword(WebUIKeywordMain.groovy:20)
	at com.kms.katalon.core.webui.keyword.builtin.SetTextKeyword.setText(SetTextKeyword.groovy:66)
	at com.kms.katalon.core.webui.keyword.builtin.SetTextKeyword.execute(SetTextKeyword.groovy:37)
	at com.kms.katalon.core.keyword.internal.KeywordExecutor.executeKeywordForPlatform(KeywordExecutor.groovy:74)
	at com.kms.katalon.core.webui.keyword.WebUiBuiltInKeywords.setText(WebUiBuiltInKeywords.groovy:980)
	at com.kms.katalon.core.webui.keyword.WebUiBuiltInKeywords$setText$11.call(Unknown Source)
	at Script1634932010040.run(Script1634932010040.groovy:62)
	... 13 more
)
[[ATTACHMENT|E:\\Cloned-Project-Katalon\\VPS-Katalon\\Reports\\20211108_121003\\RAD_TestSuite\\RAD_UI_TestSuite\\20211108_121003\\1636391745233.png]]

2021-11-08 12:15:45 - [TEST_STEP][FAILED] - setText(findTestObject(orPath_FilingStatus + "/input_reEnterjointSSN"), "123-44-6523"): Unable to set text (Root cause: com.kms.katalon.core.exception.StepFailedException: Unable to set text
	at com.kms.katalon.core.webui.keyword.internal.WebUIKeywordMain.stepFailed(WebUIKeywordMain.groovy:64)
	at com.kms.katalon.core.webui.keyword.internal.WebUIKeywordMain.runKeyword(WebUIKeywordMain.groovy:26)
	at com.kms.katalon.core.webui.keyword.builtin.SetTextKeyword.setText(SetTextKeyword.groovy:66)
	at com.kms.katalon.core.webui.keyword.builtin.SetTextKeyword.execute(SetTextKeyword.groovy:37)
	at com.kms.katalon.core.keyword.internal.KeywordExecutor.executeKeywordForPlatform(KeywordExecutor.groovy:74)
	at com.kms.katalon.core.webui.keyword.WebUiBuiltInKeywords.setText(WebUiBuiltInKeywords.groovy:980)
	at com.kms.katalon.core.webui.keyword.WebUiBuiltInKeywords$setText$11.call(Unknown Source)
	at EstimatedTax_Joint_MRF_TC.run(EstimatedTax_Joint_MRF_TC:63)
	at com.kms.katalon.core.main.ScriptEngine.run(ScriptEngine.java:194)
	at com.kms.katalon.core.main.ScriptEngine.runScriptAsRawText(ScriptEngine.java:119)
	at com.kms.katalon.core.main.TestCaseExecutor.runScript(TestCaseExecutor.java:430)
	at com.kms.katalon.core.main.TestCaseExecutor.doExecute(TestCaseExecutor.java:421)
	at com.kms.katalon.core.main.TestCaseExecutor.processExecutionPhase(TestCaseExecutor.java:400)
	at com.kms.katalon.core.main.TestCaseExecutor.accessMainPhase(TestCaseExecutor.java:392)
	at com.kms.katalon.core.main.TestCaseExecutor.execute(TestCaseExecutor.java:273)
	at com.kms.katalon.core.main.TestSuiteExecutor.accessTestCaseMainPhase(TestSuiteExecutor.java:202)
	at com.kms.katalon.core.main.TestSuiteExecutor.accessTestSuiteMainPhase(TestSuiteExecutor.java:164)
	at com.kms.katalon.core.main.TestSuiteExecutor.execute(TestSuiteExecutor.java:105)
	at com.kms.katalon.core.main.TestCaseMain.startTestSuite(TestCaseMain.java:185)
	at com.kms.katalon.core.main.TestCaseMain$startTestSuite$0.call(Unknown Source)
	at TempTestSuite1636391403401.run(TempTestSuite1636391403401.groovy:36)
Caused by: java.lang.IllegalArgumentException: Object is null
	at com.kms.katalon.core.helper.KeywordHelper.checkTestObjectParameter(KeywordHelper.java:33)
	at com.kms.katalon.core.webui.keyword.builtin.SetTextKeyword$_setText_closure1.doCall(SetTextKeyword.groovy:45)
	at com.kms.katalon.core.webui.keyword.builtin.SetTextKeyword$_setText_closure1.call(SetTextKeyword.groovy)
	at com.kms.katalon.core.webui.keyword.internal.WebUIKeywordMain.runKeyword(WebUIKeywordMain.groovy:20)
	at com.kms.katalon.core.webui.keyword.builtin.SetTextKeyword.setText(SetTextKeyword.groovy:66)
	at com.kms.katalon.core.webui.keyword.builtin.SetTextKeyword.execute(SetTextKeyword.groovy:37)
	at com.kms.katalon.core.keyword.internal.KeywordExecutor.executeKeywordForPlatform(KeywordExecutor.groovy:74)
	at com.kms.katalon.core.webui.keyword.WebUiBuiltInKeywords.setText(WebUiBuiltInKeywords.groovy:980)
	at com.kms.katalon.core.webui.keyword.WebUiBuiltInKeywords$setText$11.call(Unknown Source)
	at Script1634932010040.run(Script1634932010040.groovy:63)
	... 13 more
)

2021-11-08 12:15:45 - [MESSAGE][WARNING] - Test object with id 'Object Repository/RAD_Pages/FilingStatus_Page/input_reEnterjointSSN' does not exist

2021-11-08 12:15:45 - [MESSAGE][WARNING] - Test object with id 'Object Repository/' does not exist

2021-11-08 12:15:45 - [MESSAGE][FAILED] - Unable to set text (Root cause: com.kms.katalon.core.exception.StepFailedException: Unable to set text
	at com.kms.katalon.core.webui.keyword.internal.WebUIKeywordMain.stepFailed(WebUIKeywordMain.groovy:64)
	at com.kms.katalon.core.webui.keyword.internal.WebUIKeywordMain.runKeyword(WebUIKeywordMain.groovy:26)
	at com.kms.katalon.core.webui.keyword.builtin.SetTextKeyword.setText(SetTextKeyword.groovy:66)
	at com.kms.katalon.core.webui.keyword.builtin.SetTextKeyword.execute(SetTextKeyword.groovy:37)
	at com.kms.katalon.core.keyword.internal.KeywordExecutor.executeKeywordForPlatform(KeywordExecutor.groovy:74)
	at com.kms.katalon.core.webui.keyword.WebUiBuiltInKeywords.setText(WebUiBuiltInKeywords.groovy:980)
	at com.kms.katalon.core.webui.keyword.WebUiBuiltInKeywords$setText$11.call(Unknown Source)
	at EstimatedTax_Joint_MRF_TC.run(EstimatedTax_Joint_MRF_TC:63)
	at com.kms.katalon.core.main.ScriptEngine.run(ScriptEngine.java:194)
	at com.kms.katalon.core.main.ScriptEngine.runScriptAsRawText(ScriptEngine.java:119)
	at com.kms.katalon.core.main.TestCaseExecutor.runScript(TestCaseExecutor.java:430)
	at com.kms.katalon.core.main.TestCaseExecutor.doExecute(TestCaseExecutor.java:421)
	at com.kms.katalon.core.main.TestCaseExecutor.processExecutionPhase(TestCaseExecutor.java:400)
	at com.kms.katalon.core.main.TestCaseExecutor.accessMainPhase(TestCaseExecutor.java:392)
	at com.kms.katalon.core.main.TestCaseExecutor.execute(TestCaseExecutor.java:273)
	at com.kms.katalon.core.main.TestSuiteExecutor.accessTestCaseMainPhase(TestSuiteExecutor.java:202)
	at com.kms.katalon.core.main.TestSuiteExecutor.accessTestSuiteMainPhase(TestSuiteExecutor.java:164)
	at com.kms.katalon.core.main.TestSuiteExecutor.execute(TestSuiteExecutor.java:105)
	at com.kms.katalon.core.main.TestCaseMain.startTestSuite(TestCaseMain.java:185)
	at com.kms.katalon.core.main.TestCaseMain$startTestSuite$0.call(Unknown Source)
	at TempTestSuite1636391403401.run(TempTestSuite1636391403401.groovy:36)
Caused by: java.lang.IllegalArgumentException: Object is null
	at com.kms.katalon.core.helper.KeywordHelper.checkTestObjectParameter(KeywordHelper.java:33)
	at com.kms.katalon.core.webui.keyword.builtin.SetTextKeyword$_setText_closure1.doCall(SetTextKeyword.groovy:45)
	at com.kms.katalon.core.webui.keyword.builtin.SetTextKeyword$_setText_closure1.call(SetTextKeyword.groovy)
	at com.kms.katalon.core.webui.keyword.internal.WebUIKeywordMain.runKeyword(WebUIKeywordMain.groovy:20)
	at com.kms.katalon.core.webui.keyword.builtin.SetTextKeyword.setText(SetTextKeyword.groovy:66)
	at com.kms.katalon.core.webui.keyword.builtin.SetTextKeyword.execute(SetTextKeyword.groovy:37)
	at com.kms.katalon.core.keyword.internal.KeywordExecutor.executeKeywordForPlatform(KeywordExecutor.groovy:74)
	at com.kms.katalon.core.webui.keyword.WebUiBuiltInKeywords.setText(WebUiBuiltInKeywords.groovy:980)
	at com.kms.katalon.core.webui.keyword.WebUiBuiltInKeywords$setText$11.call(Unknown Source)
	at Script1634932010040.run(Script1634932010040.groovy:63)
	... 13 more
)
[[ATTACHMENT|E:\\Cloned-Project-Katalon\\VPS-Katalon\\Reports\\20211108_121003\\RAD_TestSuite\\RAD_UI_TestSuite\\20211108_121003\\1636391745511.png]]

2021-11-08 12:15:45 - [TEST_STEP][PASSED] - setText(findTestObject(orPath_TaxPayer + "/input_suffix"), ""): Text '' is set on object 'Object Repository/RAD_Pages/Taxpayer_Page/input_suffix'

2021-11-08 12:15:46 - [MESSAGE][PASSED] - Text '' is set on object 'Object Repository/RAD_Pages/Taxpayer_Page/input_suffix'

2021-11-08 12:15:46 - [TEST_STEP][PASSED] - delay(2): Delayed 2 second(s)

2021-11-08 12:15:48 - [MESSAGE][PASSED] - Delayed 2 second(s)

2021-11-08 12:15:48 - [TEST_STEP][FAILED] - click(findTestObject(orPath_Landing + "/button_Continue")): Unable to click on object 'Object Repository/RAD_Pages/Landing_Page/button_Continue' (Root cause: com.kms.katalon.core.exception.StepFailedException: Unable to click on object 'Object Repository/RAD_Pages/Landing_Page/button_Continue'
	at com.kms.katalon.core.webui.keyword.internal.WebUIKeywordMain.stepFailed(WebUIKeywordMain.groovy:64)
	at com.kms.katalon.core.webui.keyword.internal.WebUIKeywordMain.runKeyword(WebUIKeywordMain.groovy:26)
	at com.kms.katalon.core.webui.keyword.builtin.ClickKeyword.click(ClickKeyword.groovy:75)
	at com.kms.katalon.core.webui.keyword.builtin.ClickKeyword.execute(ClickKeyword.groovy:42)
	at com.kms.katalon.core.keyword.internal.KeywordExecutor.executeKeywordForPlatform(KeywordExecutor.groovy:74)
	at com.kms.katalon.core.webui.keyword.WebUiBuiltInKeywords.click(WebUiBuiltInKeywords.groovy:620)
	at com.kms.katalon.core.webui.keyword.WebUiBuiltInKeywords$click$10.call(Unknown Source)
	at EstimatedTax_Joint_MRF_TC.run(EstimatedTax_Joint_MRF_TC:67)
	at com.kms.katalon.core.main.ScriptEngine.run(ScriptEngine.java:194)
	at com.kms.katalon.core.main.ScriptEngine.runScriptAsRawText(ScriptEngine.java:119)
	at com.kms.katalon.core.main.TestCaseExecutor.runScript(TestCaseExecutor.java:430)
	at com.kms.katalon.core.main.TestCaseExecutor.doExecute(TestCaseExecutor.java:421)
	at com.kms.katalon.core.main.TestCaseExecutor.processExecutionPhase(TestCaseExecutor.java:400)
	at com.kms.katalon.core.main.TestCaseExecutor.accessMainPhase(TestCaseExecutor.java:392)
	at com.kms.katalon.core.main.TestCaseExecutor.execute(TestCaseExecutor.java:273)
	at com.kms.katalon.core.main.TestSuiteExecutor.accessTestCaseMainPhase(TestSuiteExecutor.java:202)
	at com.kms.katalon.core.main.TestSuiteExecutor.accessTestSuiteMainPhase(TestSuiteExecutor.java:164)
	at com.kms.katalon.core.main.TestSuiteExecutor.execute(TestSuiteExecutor.java:105)
	at com.kms.katalon.core.main.TestCaseMain.startTestSuite(TestCaseMain.java:185)
	at com.kms.katalon.core.main.TestCaseMain$startTestSuite$0.call(Unknown Source)
	at TempTestSuite1636391403401.run(TempTestSuite1636391403401.groovy:36)
Caused by: org.openqa.selenium.ElementClickInterceptedException: element click intercepted: Element is not clickable at point (1046, 1842)
  (Session info: chrome=95.0.4638.69)
Build info: version: '3.141.59', revision: 'e82be7d358', time: '2018-11-14T08:25:53'
System info: host: 'DESKTOP-B2QI6NS', ip: '172.30.2.167', os.name: 'Windows 10', os.arch: 'amd64', os.version: '10.0', java.version: '1.8.0_181'
Driver info: com.kms.katalon.selenium.driver.CChromeDriver
Capabilities {acceptInsecureCerts: true, browserName: chrome, browserVersion: 95.0.4638.69, chrome: {chromedriverVersion: 95.0.4638.54 (d31a821ec901f..., userDataDir: C:\Users\iahmed\AppData\Loc...}, goog:chromeOptions: {debuggerAddress: localhost:54947}, javascriptEnabled: true, networkConnectionEnabled: false, pageLoadStrategy: normal, platform: WINDOWS, platformName: WINDOWS, proxy: Proxy(), setWindowRect: true, strictFileInteractability: false, timeouts: {implicit: 0, pageLoad: 300000, script: 30000}, unhandledPromptBehavior: dismiss and notify, webauthn:extension:credBlob: true, webauthn:extension:largeBlob: true, webauthn:virtualAuthenticators: true}
Session ID: a6ebab2f1625696a2671a77cec1c7043
	at org.openqa.selenium.remote.http.W3CHttpResponseCodec.createException(W3CHttpResponseCodec.java:187)
	at org.openqa.selenium.remote.http.W3CHttpResponseCodec.decode(W3CHttpResponseCodec.java:122)
	at org.openqa.selenium.remote.http.W3CHttpResponseCodec.decode(W3CHttpResponseCodec.java:49)
	at org.openqa.selenium.remote.HttpCommandExecutor.execute(HttpCommandExecutor.java:158)
	at org.openqa.selenium.remote.service.DriverCommandExecutor.execute(DriverCommandExecutor.java:83)
	at org.openqa.selenium.remote.RemoteWebDriver.execute(RemoteWebDriver.java:552)
	at com.kms.katalon.selenium.driver.CChromeDriver.execute(CChromeDriver.java:19)
	at org.openqa.selenium.remote.RemoteWebElement.execute(RemoteWebElement.java:285)
	at org.openqa.selenium.remote.RemoteWebElement.click(RemoteWebElement.java:84)
	at org.openqa.selenium.support.events.EventFiringWebDriver$EventFiringWebElement.lambda$new$0(EventFiringWebDriver.java:404)
	at com.sun.proxy.$Proxy11.click(Unknown Source)
	at org.openqa.selenium.support.events.EventFiringWebDriver$EventFiringWebElement.click(EventFiringWebDriver.java:417)
	at com.kms.katalon.core.webui.keyword.builtin.ClickKeyword$_click_closure1.doCall(ClickKeyword.groovy:68)
	at com.kms.katalon.core.webui.keyword.builtin.ClickKeyword$_click_closure1.call(ClickKeyword.groovy)
	at com.kms.katalon.core.webui.keyword.internal.WebUIKeywordMain.runKeyword(WebUIKeywordMain.groovy:20)
	at com.kms.katalon.core.webui.keyword.builtin.ClickKeyword.click(ClickKeyword.groovy:75)
	at com.kms.katalon.core.webui.keyword.builtin.ClickKeyword.execute(ClickKeyword.groovy:42)
	at com.kms.katalon.core.keyword.internal.KeywordExecutor.executeKeywordForPlatform(KeywordExecutor.groovy:74)
	at com.kms.katalon.core.webui.keyword.WebUiBuiltInKeywords.click(WebUiBuiltInKeywords.groovy:620)
	at com.kms.katalon.core.webui.keyword.WebUiBuiltInKeywords$click$10.call(Unknown Source)
	at Script1634932010040.run(Script1634932010040.groovy:67)
	... 13 more
)

2021-11-08 12:15:49 - [MESSAGE][FAILED] - Unable to click on object 'Object Repository/RAD_Pages/Landing_Page/button_Continue' (Root cause: com.kms.katalon.core.exception.StepFailedException: Unable to click on object 'Object Repository/RAD_Pages/Landing_Page/button_Continue'
	at com.kms.katalon.core.webui.keyword.internal.WebUIKeywordMain.stepFailed(WebUIKeywordMain.groovy:64)
	at com.kms.katalon.core.webui.keyword.internal.WebUIKeywordMain.runKeyword(WebUIKeywordMain.groovy:26)
	at com.kms.katalon.core.webui.keyword.builtin.ClickKeyword.click(ClickKeyword.groovy:75)
	at com.kms.katalon.core.webui.keyword.builtin.ClickKeyword.execute(ClickKeyword.groovy:42)
	at com.kms.katalon.core.keyword.internal.KeywordExecutor.executeKeywordForPlatform(KeywordExecutor.groovy:74)
	at com.kms.katalon.core.webui.keyword.WebUiBuiltInKeywords.click(WebUiBuiltInKeywords.groovy:620)
	at com.kms.katalon.core.webui.keyword.WebUiBuiltInKeywords$click$10.call(Unknown Source)
	at EstimatedTax_Joint_MRF_TC.run(EstimatedTax_Joint_MRF_TC:67)
	at com.kms.katalon.core.main.ScriptEngine.run(ScriptEngine.java:194)
	at com.kms.katalon.core.main.ScriptEngine.runScriptAsRawText(ScriptEngine.java:119)
	at com.kms.katalon.core.main.TestCaseExecutor.runScript(TestCaseExecutor.java:430)
	at com.kms.katalon.core.main.TestCaseExecutor.doExecute(TestCaseExecutor.java:421)
	at com.kms.katalon.core.main.TestCaseExecutor.processExecutionPhase(TestCaseExecutor.java:400)
	at com.kms.katalon.core.main.TestCaseExecutor.accessMainPhase(TestCaseExecutor.java:392)
	at com.kms.katalon.core.main.TestCaseExecutor.execute(TestCaseExecutor.java:273)
	at com.kms.katalon.core.main.TestSuiteExecutor.accessTestCaseMainPhase(TestSuiteExecutor.java:202)
	at com.kms.katalon.core.main.TestSuiteExecutor.accessTestSuiteMainPhase(TestSuiteExecutor.java:164)
	at com.kms.katalon.core.main.TestSuiteExecutor.execute(TestSuiteExecutor.java:105)
	at com.kms.katalon.core.main.TestCaseMain.startTestSuite(TestCaseMain.java:185)
	at com.kms.katalon.core.main.TestCaseMain$startTestSuite$0.call(Unknown Source)
	at TempTestSuite1636391403401.run(TempTestSuite1636391403401.groovy:36)
Caused by: org.openqa.selenium.ElementClickInterceptedException: element click intercepted: Element is not clickable at point (1046, 1842)
  (Session info: chrome=95.0.4638.69)
Build info: version: '3.141.59', revision: 'e82be7d358', time: '2018-11-14T08:25:53'
System info: host: 'DESKTOP-B2QI6NS', ip: '172.30.2.167', os.name: 'Windows 10', os.arch: 'amd64', os.version: '10.0', java.version: '1.8.0_181'
Driver info: com.kms.katalon.selenium.driver.CChromeDriver
Capabilities {acceptInsecureCerts: true, browserName: chrome, browserVersion: 95.0.4638.69, chrome: {chromedriverVersion: 95.0.4638.54 (d31a821ec901f..., userDataDir: C:\Users\iahmed\AppData\Loc...}, goog:chromeOptions: {debuggerAddress: localhost:54947}, javascriptEnabled: true, networkConnectionEnabled: false, pageLoadStrategy: normal, platform: WINDOWS, platformName: WINDOWS, proxy: Proxy(), setWindowRect: true, strictFileInteractability: false, timeouts: {implicit: 0, pageLoad: 300000, script: 30000}, unhandledPromptBehavior: dismiss and notify, webauthn:extension:credBlob: true, webauthn:extension:largeBlob: true, webauthn:virtualAuthenticators: true}
Session ID: a6ebab2f1625696a2671a77cec1c7043
	at org.openqa.selenium.remote.http.W3CHttpResponseCodec.createException(W3CHttpResponseCodec.java:187)
	at org.openqa.selenium.remote.http.W3CHttpResponseCodec.decode(W3CHttpResponseCodec.java:122)
	at org.openqa.selenium.remote.http.W3CHttpResponseCodec.decode(W3CHttpResponseCodec.java:49)
	at org.openqa.selenium.remote.HttpCommandExecutor.execute(HttpCommandExecutor.java:158)
	at org.openqa.selenium.remote.service.DriverCommandExecutor.execute(DriverCommandExecutor.java:83)
	at org.openqa.selenium.remote.RemoteWebDriver.execute(RemoteWebDriver.java:552)
	at com.kms.katalon.selenium.driver.CChromeDriver.execute(CChromeDriver.java:19)
	at org.openqa.selenium.remote.RemoteWebElement.execute(RemoteWebElement.java:285)
	at org.openqa.selenium.remote.RemoteWebElement.click(RemoteWebElement.java:84)
	at org.openqa.selenium.support.events.EventFiringWebDriver$EventFiringWebElement.lambda$new$0(EventFiringWebDriver.java:404)
	at com.sun.proxy.$Proxy11.click(Unknown Source)
	at org.openqa.selenium.support.events.EventFiringWebDriver$EventFiringWebElement.click(EventFiringWebDriver.java:417)
	at com.kms.katalon.core.webui.keyword.builtin.ClickKeyword$_click_closure1.doCall(ClickKeyword.groovy:68)
	at com.kms.katalon.core.webui.keyword.builtin.ClickKeyword$_click_closure1.call(ClickKeyword.groovy)
	at com.kms.katalon.core.webui.keyword.internal.WebUIKeywordMain.runKeyword(WebUIKeywordMain.groovy:20)
	at com.kms.katalon.core.webui.keyword.builtin.ClickKeyword.click(ClickKeyword.groovy:75)
	at com.kms.katalon.core.webui.keyword.builtin.ClickKeyword.execute(ClickKeyword.groovy:42)
	at com.kms.katalon.core.keyword.internal.KeywordExecutor.executeKeywordForPlatform(KeywordExecutor.groovy:74)
	at com.kms.katalon.core.webui.keyword.WebUiBuiltInKeywords.click(WebUiBuiltInKeywords.groovy:620)
	at com.kms.katalon.core.webui.keyword.WebUiBuiltInKeywords$click$10.call(Unknown Source)
	at Script1634932010040.run(Script1634932010040.groovy:67)
	... 13 more
)
[[ATTACHMENT|E:\\Cloned-Project-Katalon\\VPS-Katalon\\Reports\\20211108_121003\\RAD_TestSuite\\RAD_UI_TestSuite\\20211108_121003\\1636391749737.png]]

2021-11-08 12:15:49 - [TEST_STEP][FAILED] - verifyTextPresent("Enter joint payer first name", true): Text 'Enter joint payer first name' is not present on page  using regular expression (Root cause: com.kms.katalon.core.exception.StepFailedException: Text 'Enter joint payer first name' is not present on page  using regular expression
	at com.kms.katalon.core.webui.keyword.internal.WebUIKeywordMain.stepFailed(WebUIKeywordMain.groovy:64)
	at com.kms.katalon.core.webui.keyword.builtin.VerifyTextPresentKeyword$_verifyTextPresent_closure1.doCall(VerifyTextPresentKeyword.groovy:79)
	at com.kms.katalon.core.webui.keyword.builtin.VerifyTextPresentKeyword$_verifyTextPresent_closure1.call(VerifyTextPresentKeyword.groovy)
	at com.kms.katalon.core.webui.keyword.internal.WebUIKeywordMain.runKeyword(WebUIKeywordMain.groovy:20)
	at com.kms.katalon.core.webui.keyword.builtin.VerifyTextPresentKeyword.verifyTextPresent(VerifyTextPresentKeyword.groovy:83)
	at com.kms.katalon.core.webui.keyword.builtin.VerifyTextPresentKeyword.execute(VerifyTextPresentKeyword.groovy:68)
	at com.kms.katalon.core.keyword.internal.KeywordExecutor.executeKeywordForPlatform(KeywordExecutor.groovy:74)
	at com.kms.katalon.core.webui.keyword.WebUiBuiltInKeywords.verifyTextPresent(WebUiBuiltInKeywords.groovy:1723)
	at com.kms.katalon.core.webui.keyword.WebUiBuiltInKeywords$verifyTextPresent$3.call(Unknown Source)
	at EstimatedTax_Joint_MRF_TC.run(EstimatedTax_Joint_MRF_TC:69)
	at com.kms.katalon.core.main.ScriptEngine.run(ScriptEngine.java:194)
	at com.kms.katalon.core.main.ScriptEngine.runScriptAsRawText(ScriptEngine.java:119)
	at com.kms.katalon.core.main.TestCaseExecutor.runScript(TestCaseExecutor.java:430)
	at com.kms.katalon.core.main.TestCaseExecutor.doExecute(TestCaseExecutor.java:421)
	at com.kms.katalon.core.main.TestCaseExecutor.processExecutionPhase(TestCaseExecutor.java:400)
	at com.kms.katalon.core.main.TestCaseExecutor.accessMainPhase(TestCaseExecutor.java:392)
	at com.kms.katalon.core.main.TestCaseExecutor.execute(TestCaseExecutor.java:273)
	at com.kms.katalon.core.main.TestSuiteExecutor.accessTestCaseMainPhase(TestSuiteExecutor.java:202)
	at com.kms.katalon.core.main.TestSuiteExecutor.accessTestSuiteMainPhase(TestSuiteExecutor.java:164)
	at com.kms.katalon.core.main.TestSuiteExecutor.execute(TestSuiteExecutor.java:105)
	at com.kms.katalon.core.main.TestCaseMain.startTestSuite(TestCaseMain.java:185)
	at com.kms.katalon.core.main.TestCaseMain$startTestSuite$0.call(Unknown Source)
	at TempTestSuite1636391403401.run(TempTestSuite1636391403401.groovy:36)
)

2021-11-08 12:15:50 - [MESSAGE][FAILED] - Text 'Enter joint payer first name' is not present on page  using regular expression (Root cause: com.kms.katalon.core.exception.StepFailedException: Text 'Enter joint payer first name' is not present on page  using regular expression
	at com.kms.katalon.core.webui.keyword.internal.WebUIKeywordMain.stepFailed(WebUIKeywordMain.groovy:64)
	at com.kms.katalon.core.webui.keyword.builtin.VerifyTextPresentKeyword$_verifyTextPresent_closure1.doCall(VerifyTextPresentKeyword.groovy:79)
	at com.kms.katalon.core.webui.keyword.builtin.VerifyTextPresentKeyword$_verifyTextPresent_closure1.call(VerifyTextPresentKeyword.groovy)
	at com.kms.katalon.core.webui.keyword.internal.WebUIKeywordMain.runKeyword(WebUIKeywordMain.groovy:20)
	at com.kms.katalon.core.webui.keyword.builtin.VerifyTextPresentKeyword.verifyTextPresent(VerifyTextPresentKeyword.groovy:83)
	at com.kms.katalon.core.webui.keyword.builtin.VerifyTextPresentKeyword.execute(VerifyTextPresentKeyword.groovy:68)
	at com.kms.katalon.core.keyword.internal.KeywordExecutor.executeKeywordForPlatform(KeywordExecutor.groovy:74)
	at com.kms.katalon.core.webui.keyword.WebUiBuiltInKeywords.verifyTextPresent(WebUiBuiltInKeywords.groovy:1723)
	at com.kms.katalon.core.webui.keyword.WebUiBuiltInKeywords$verifyTextPresent$3.call(Unknown Source)
	at EstimatedTax_Joint_MRF_TC.run(EstimatedTax_Joint_MRF_TC:69)
	at com.kms.katalon.core.main.ScriptEngine.run(ScriptEngine.java:194)
	at com.kms.katalon.core.main.ScriptEngine.runScriptAsRawText(ScriptEngine.java:119)
	at com.kms.katalon.core.main.TestCaseExecutor.runScript(TestCaseExecutor.java:430)
	at com.kms.katalon.core.main.TestCaseExecutor.doExecute(TestCaseExecutor.java:421)
	at com.kms.katalon.core.main.TestCaseExecutor.processExecutionPhase(TestCaseExecutor.java:400)
	at com.kms.katalon.core.main.TestCaseExecutor.accessMainPhase(TestCaseExecutor.java:392)
	at com.kms.katalon.core.main.TestCaseExecutor.execute(TestCaseExecutor.java:273)
	at com.kms.katalon.core.main.TestSuiteExecutor.accessTestCaseMainPhase(TestSuiteExecutor.java:202)
	at com.kms.katalon.core.main.TestSuiteExecutor.accessTestSuiteMainPhase(TestSuiteExecutor.java:164)
	at com.kms.katalon.core.main.TestSuiteExecutor.execute(TestSuiteExecutor.java:105)
	at com.kms.katalon.core.main.TestCaseMain.startTestSuite(TestCaseMain.java:185)
	at com.kms.katalon.core.main.TestCaseMain$startTestSuite$0.call(Unknown Source)
	at TempTestSuite1636391403401.run(TempTestSuite1636391403401.groovy:36)
)]]></system-out>
         <system-err><![CDATA[2021-11-08 12:15:06 - [TEST_CASE][FAILED] - Test Cases/RAD_TestCases/MRF_TestCases/EstimatedTax_Joint_MRF_TC: Test Cases/RAD_TestCases/MRF_TestCases/EstimatedTax_Joint_MRF_TC FAILED.
Reason:
com.kms.katalon.core.exception.StepFailedException: Unable to set text (Root cause: com.kms.katalon.core.exception.StepFailedException: Unable to set text
	at com.kms.katalon.core.webui.keyword.internal.WebUIKeywordMain.stepFailed(WebUIKeywordMain.groovy:64)
	at com.kms.katalon.core.webui.keyword.internal.WebUIKeywordMain.runKeyword(WebUIKeywordMain.groovy:26)
	at com.kms.katalon.core.webui.keyword.builtin.SetTextKeyword.setText(SetTextKeyword.groovy:66)
	at com.kms.katalon.core.webui.keyword.builtin.SetTextKeyword.execute(SetTextKeyword.groovy:37)
	at com.kms.katalon.core.keyword.internal.KeywordExecutor.executeKeywordForPlatform(KeywordExecutor.groovy:74)
	at com.kms.katalon.core.webui.keyword.WebUiBuiltInKeywords.setText(WebUiBuiltInKeywords.groovy:980)
	at com.kms.katalon.core.webui.keyword.WebUiBuiltInKeywords$setText$11.call(Unknown Source)
	at EstimatedTax_Joint_MRF_TC.run(EstimatedTax_Joint_MRF_TC:62)
	at com.kms.katalon.core.main.ScriptEngine.run(ScriptEngine.java:194)
	at com.kms.katalon.core.main.ScriptEngine.runScriptAsRawText(ScriptEngine.java:119)
	at com.kms.katalon.core.main.TestCaseExecutor.runScript(TestCaseExecutor.java:430)
	at com.kms.katalon.core.main.TestCaseExecutor.doExecute(TestCaseExecutor.java:421)
	at com.kms.katalon.core.main.TestCaseExecutor.processExecutionPhase(TestCaseExecutor.java:400)
	at com.kms.katalon.core.main.TestCaseExecutor.accessMainPhase(TestCaseExecutor.java:392)
	at com.kms.katalon.core.main.TestCaseExecutor.execute(TestCaseExecutor.java:273)
	at com.kms.katalon.core.main.TestSuiteExecutor.accessTestCaseMainPhase(TestSuiteExecutor.java:202)
	at com.kms.katalon.core.main.TestSuiteExecutor.accessTestSuiteMainPhase(TestSuiteExecutor.java:164)
	at com.kms.katalon.core.main.TestSuiteExecutor.execute(TestSuiteExecutor.java:105)
	at com.kms.katalon.core.main.TestCaseMain.startTestSuite(TestCaseMain.java:185)
	at com.kms.katalon.core.main.TestCaseMain$startTestSuite$0.call(Unknown Source)
	at TempTestSuite1636391403401.run(TempTestSuite1636391403401.groovy:36)
Caused by: java.lang.IllegalArgumentException: Object is null
	at com.kms.katalon.core.helper.KeywordHelper.checkTestObjectParameter(KeywordHelper.java:33)
	at com.kms.katalon.core.webui.keyword.builtin.SetTextKeyword$_setText_closure1.doCall(SetTextKeyword.groovy:45)
	at com.kms.katalon.core.webui.keyword.builtin.SetTextKeyword$_setText_closure1.call(SetTextKeyword.groovy)
	at com.kms.katalon.core.webui.keyword.internal.WebUIKeywordMain.runKeyword(WebUIKeywordMain.groovy:20)
	at com.kms.katalon.core.webui.keyword.builtin.SetTextKeyword.setText(SetTextKeyword.groovy:66)
	at com.kms.katalon.core.webui.keyword.builtin.SetTextKeyword.execute(SetTextKeyword.groovy:37)
	at com.kms.katalon.core.keyword.internal.KeywordExecutor.executeKeywordForPlatform(KeywordExecutor.groovy:74)
	at com.kms.katalon.core.webui.keyword.WebUiBuiltInKeywords.setText(WebUiBuiltInKeywords.groovy:980)
	at com.kms.katalon.core.webui.keyword.WebUiBuiltInKeywords$setText$11.call(Unknown Source)
	at Script1634932010040.run(Script1634932010040.groovy:62)
	... 13 more
)
	at com.kms.katalon.core.keyword.internal.KeywordMain.stepFailed(KeywordMain.groovy:39)
	at com.kms.katalon.core.webui.keyword.internal.WebUIKeywordMain.stepFailed(WebUIKeywordMain.groovy:64)
	at com.kms.katalon.core.webui.keyword.internal.WebUIKeywordMain.runKeyword(WebUIKeywordMain.groovy:26)
	at com.kms.katalon.core.webui.keyword.builtin.SetTextKeyword.setText(SetTextKeyword.groovy:66)
	at com.kms.katalon.core.webui.keyword.builtin.SetTextKeyword.execute(SetTextKeyword.groovy:37)
	at com.kms.katalon.core.keyword.internal.KeywordExecutor.executeKeywordForPlatform(KeywordExecutor.groovy:74)
	at com.kms.katalon.core.webui.keyword.WebUiBuiltInKeywords.setText(WebUiBuiltInKeywords.groovy:980)
	at com.kms.katalon.core.webui.keyword.WebUiBuiltInKeywords$setText$11.call(Unknown Source)
	at EstimatedTax_Joint_MRF_TC.run(EstimatedTax_Joint_MRF_TC:62)
	at com.kms.katalon.core.main.ScriptEngine.run(ScriptEngine.java:194)
	at com.kms.katalon.core.main.ScriptEngine.runScriptAsRawText(ScriptEngine.java:119)
	at com.kms.katalon.core.main.TestCaseExecutor.runScript(TestCaseExecutor.java:430)
	at com.kms.katalon.core.main.TestCaseExecutor.doExecute(TestCaseExecutor.java:421)
	at com.kms.katalon.core.main.TestCaseExecutor.processExecutionPhase(TestCaseExecutor.java:400)
	at com.kms.katalon.core.main.TestCaseExecutor.accessMainPhase(TestCaseExecutor.java:392)
	at com.kms.katalon.core.main.TestCaseExecutor.execute(TestCaseExecutor.java:273)
	at com.kms.katalon.core.main.TestSuiteExecutor.accessTestCaseMainPhase(TestSuiteExecutor.java:202)
	at com.kms.katalon.core.main.TestSuiteExecutor.accessTestSuiteMainPhase(TestSuiteExecutor.java:164)
	at com.kms.katalon.core.main.TestSuiteExecutor.execute(TestSuiteExecutor.java:105)
	at com.kms.katalon.core.main.TestCaseMain.startTestSuite(TestCaseMain.java:185)
	at com.kms.katalon.core.main.TestCaseMain$startTestSuite$0.call(Unknown Source)
	at TempTestSuite1636391403401.run(TempTestSuite1636391403401.groovy:36)
Caused by: com.kms.katalon.core.exception.StepFailedException: Unable to set text
	... 21 more
Caused by: java.lang.IllegalArgumentException: Object is null
	at com.kms.katalon.core.helper.KeywordHelper.checkTestObjectParameter(KeywordHelper.java:33)
	at com.kms.katalon.core.webui.keyword.builtin.SetTextKeyword$_setText_closure1.doCall(SetTextKeyword.groovy:45)
	at com.kms.katalon.core.webui.keyword.builtin.SetTextKeyword$_setText_closure1.call(SetTextKeyword.groovy)
	at com.kms.katalon.core.webui.keyword.internal.WebUIKeywordMain.runKeyword(WebUIKeywordMain.groovy:20)
	... 19 more]]></system-err>
      </testcase>
      <testcase name="Test Cases/RAD_TestCases/Negative_TestCases/EMailNoMatch" time="60.184" classname="Test Cases/RAD_TestCases/Negative_TestCases/EMailNoMatch" status="PASSED">
         <system-out><![CDATA[2021-11-08 12:15:50 - [TEST_CASE][PASSED] - Test Cases/RAD_TestCases/Negative_TestCases/EMailNoMatch: Test Cases/RAD_TestCases/Negative_TestCases/EMailNoMatch

2021-11-08 12:15:50 - [TEST_STEP][PASSED] - resText = "Fail": null

2021-11-08 12:15:50 - [TEST_STEP][PASSED] - resColumn = "Result": null

2021-11-08 12:15:50 - [TEST_STEP][PASSED] - datCloumn = "Date": null

2021-11-08 12:15:50 - [TEST_STEP][PASSED] - fileLoc = "C:\KatalonData\RADTestData\EmailNoMatch.xlsx": null

2021-11-08 12:15:50 - [TEST_STEP][PASSED] - nameSheet = "Sheet1": null

2021-11-08 12:15:50 - [TEST_STEP][PASSED] - dataFile = "RADTestData/EmailNoMatch": null

2021-11-08 12:15:50 - [TEST_STEP][PASSED] - ExecuteTC = <not implemented yet for class: org.codehaus.groovy.ast.expr.EmptyExpression>: null

2021-11-08 12:15:50 - [TEST_STEP][PASSED] - Taxtype = <not implemented yet for class: org.codehaus.groovy.ast.expr.EmptyExpression>: null

2021-11-08 12:15:50 - [TEST_STEP][PASSED] - numOfRows = findTestData(dataFile).getRowNumbers(): null

2021-11-08 12:15:51 - [TEST_STEP][PASSED] - println("Number of Records: " + numOfRows): null

2021-11-08 12:15:51 - [TEST_STEP][PASSED] - for ([row = 1, row <= numOfRows, (row++)]): null

2021-11-08 12:15:51 - [TEST_STEP][PASSED] - ExecuteTC = findTestData(dataFile).getValue("Execute", row): null

2021-11-08 12:15:51 - [TEST_STEP][PASSED] - out.println("Value of Execute is : " + ExecuteTC): null

2021-11-08 12:15:51 - [TEST_STEP][PASSED] - if (ExecuteTC.equalsIgnoreCase("Y")): null

2021-11-08 12:15:51 - [TEST_STEP][PASSED] - out.println("Begin Record Number: " + row): null

2021-11-08 12:15:51 - [TEST_STEP][PASSED] - today = new java.util.Date(): null

2021-11-08 12:15:51 - [TEST_STEP][PASSED] - println(today): null

2021-11-08 12:15:51 - [TEST_STEP][PASSED] - datText = today: null

2021-11-08 12:15:51 - [TEST_STEP][PASSED] - Taxtype = findTestData(dataFile).getValue("TaxType", row): null

2021-11-08 12:15:51 - [TEST_STEP][PASSED] - out.println("Taxtype value is : " + Taxtype): null

2021-11-08 12:15:51 - [TEST_STEP][PASSED] - openBrowser(""): Browser is opened with url: ''

2021-11-08 12:15:51 - [MESSAGE][WARNING] - A browser is already opened. Closing browser and opening a new one

2021-11-08 12:15:52 - [MESSAGE][INFO] - Starting 'Chrome' driver

2021-11-08 12:15:52 - [MESSAGE][INFO] - User set preference: ['acceptInsecureCerts', 'true']

2021-11-08 12:15:52 - [MESSAGE][INFO] - Action delay is set to 0 milliseconds

2021-11-08 12:15:53 - [MESSAGE][PASSED] - Browser is opened with url: ''

2021-11-08 12:15:53 - [TEST_STEP][PASSED] - maximizeWindow(): Current window maximized

2021-11-08 12:15:54 - [MESSAGE][PASSED] - Current window maximized

2021-11-08 12:15:54 - [TEST_STEP][PASSED] - navigateToUrl(RADurl): Navigate to 'https://qa.velocitypayment.com/client/rad/index.html' successfully

2021-11-08 12:15:55 - [MESSAGE][PASSED] - Navigate to 'https://qa.velocitypayment.com/client/rad/index.html' successfully

2021-11-08 12:15:55 - [TEST_STEP][PASSED] - orPath_Landing = "Object Repository/RAD_Pages/Landing_Page": null

2021-11-08 12:15:55 - [TEST_STEP][PASSED] - orPath_TaxTypeFilingYear = "Object Repository/RAD_Pages/TaxTypeFilingYear_Page": null

2021-11-08 12:15:55 - [TEST_STEP][PASSED] - orPath_TaxPayer = "Object Repository/RAD_Pages/Taxpayer_Page": null

2021-11-08 12:15:55 - [TEST_STEP][PASSED] - orPath_AddressContact = "Object Repository/RAD_Pages/AddressAndContactInfo_Page": null

2021-11-08 12:15:55 - [TEST_STEP][PASSED] - orPath_FilingStatus = "Object Repository/RAD_Pages/FilingStatus_Page": null

2021-11-08 12:15:55 - [TEST_STEP][PASSED] - orPath_Amount = "Object Repository/RAD_Pages/PaymentAmount_Page": null

2021-11-08 12:15:55 - [TEST_STEP][PASSED] - selectOptionByLabel(findTestObject(orPath_Landing + "/dd_TaxType"), Taxtype, false): All options with label 'Estimated Tax' are selected in object 'Object Repository/RAD_Pages/Landing_Page/dd_TaxType' 

2021-11-08 12:15:56 - [MESSAGE][PASSED] - All options with label 'Estimated Tax' are selected in object 'Object Repository/RAD_Pages/Landing_Page/dd_TaxType' 

2021-11-08 12:15:56 - [TEST_STEP][PASSED] - scrollToElement(findTestObject(orPath_Amount + "/input__paymentAmount"), 3): Scroll to object 'Object Repository/RAD_Pages/PaymentAmount_Page/input__paymentAmount' successfully

2021-11-08 12:15:57 - [MESSAGE][PASSED] - Scroll to object 'Object Repository/RAD_Pages/PaymentAmount_Page/input__paymentAmount' successfully

2021-11-08 12:15:57 - [TEST_STEP][PASSED] - setText(findTestObject(orPath_AddressContact + "/input_eMailAddress"), "imtiazster@gmail.com"): Text 'imtiazster@gmail.com' is set on object 'Object Repository/RAD_Pages/AddressAndContactInfo_Page/input_eMailAddress'

2021-11-08 12:15:58 - [MESSAGE][PASSED] - Text 'imtiazster@gmail.com' is set on object 'Object Repository/RAD_Pages/AddressAndContactInfo_Page/input_eMailAddress'

2021-11-08 12:15:58 - [TEST_STEP][PASSED] - setText(findTestObject(orPath_AddressContact + "/input_reEnterEMailAddress"), "iahmed@govolution.com"): Text 'iahmed@govolution.com' is set on object 'Object Repository/RAD_Pages/AddressAndContactInfo_Page/input_reEnterEMailAddress'

2021-11-08 12:15:58 - [MESSAGE][PASSED] - Text 'iahmed@govolution.com' is set on object 'Object Repository/RAD_Pages/AddressAndContactInfo_Page/input_reEnterEMailAddress'

2021-11-08 12:15:58 - [TEST_STEP][PASSED] - delay(2): Delayed 2 second(s)

2021-11-08 12:16:00 - [MESSAGE][PASSED] - Delayed 2 second(s)

2021-11-08 12:16:00 - [TEST_STEP][PASSED] - if (verifyTextPresent("The Email and Re-enter email do not match", true)): null

2021-11-08 12:16:01 - [MESSAGE][PASSED] - Text 'The Email and Re-enter email do not match' is present on page  using regular expression

2021-11-08 12:16:01 - [TEST_STEP][PASSED] - println("Emails Dont match text is present"): null

2021-11-08 12:16:01 - [TEST_STEP][PASSED] - out.println("Pass Record Number: " + row): null

2021-11-08 12:16:01 - [TEST_STEP][PASSED] - resText = "Pass": null

2021-11-08 12:16:01 - [TEST_STEP][PASSED] - pages.WriteExcel.demoKey(resText, datText, resColumn, datCloumn, fileLoc, nameSheet, row): pages.WriteExcel.demoKey is PASSED

2021-11-08 12:16:01 - [MESSAGE][PASSED] - pages.WriteExcel.demoKey is PASSED

2021-11-08 12:16:01 - [TEST_STEP][PASSED] - ExecuteTC = findTestData(dataFile).getValue("Execute", row): null

2021-11-08 12:16:01 - [TEST_STEP][PASSED] - out.println("Value of Execute is : " + ExecuteTC): null

2021-11-08 12:16:01 - [TEST_STEP][PASSED] - if (ExecuteTC.equalsIgnoreCase("Y")): null

2021-11-08 12:16:01 - [TEST_STEP][PASSED] - out.println("Begin Record Number: " + row): null

2021-11-08 12:16:01 - [TEST_STEP][PASSED] - today = new java.util.Date(): null

2021-11-08 12:16:01 - [TEST_STEP][PASSED] - println(today): null

2021-11-08 12:16:01 - [TEST_STEP][PASSED] - datText = today: null

2021-11-08 12:16:01 - [TEST_STEP][PASSED] - Taxtype = findTestData(dataFile).getValue("TaxType", row): null

2021-11-08 12:16:01 - [TEST_STEP][PASSED] - out.println("Taxtype value is : " + Taxtype): null

2021-11-08 12:16:01 - [TEST_STEP][PASSED] - openBrowser(""): Browser is opened with url: ''

2021-11-08 12:16:01 - [MESSAGE][WARNING] - A browser is already opened. Closing browser and opening a new one

2021-11-08 12:16:02 - [MESSAGE][INFO] - Starting 'Chrome' driver

2021-11-08 12:16:02 - [MESSAGE][INFO] - User set preference: ['acceptInsecureCerts', 'true']

2021-11-08 12:16:02 - [MESSAGE][INFO] - Action delay is set to 0 milliseconds

2021-11-08 12:16:03 - [MESSAGE][PASSED] - Browser is opened with url: ''

2021-11-08 12:16:03 - [TEST_STEP][PASSED] - maximizeWindow(): Current window maximized

2021-11-08 12:16:04 - [MESSAGE][PASSED] - Current window maximized

2021-11-08 12:16:04 - [TEST_STEP][PASSED] - navigateToUrl(RADurl): Navigate to 'https://qa.velocitypayment.com/client/rad/index.html' successfully

2021-11-08 12:16:05 - [MESSAGE][PASSED] - Navigate to 'https://qa.velocitypayment.com/client/rad/index.html' successfully

2021-11-08 12:16:05 - [TEST_STEP][PASSED] - orPath_Landing = "Object Repository/RAD_Pages/Landing_Page": null

2021-11-08 12:16:05 - [TEST_STEP][PASSED] - orPath_TaxTypeFilingYear = "Object Repository/RAD_Pages/TaxTypeFilingYear_Page": null

2021-11-08 12:16:05 - [TEST_STEP][PASSED] - orPath_TaxPayer = "Object Repository/RAD_Pages/Taxpayer_Page": null

2021-11-08 12:16:05 - [TEST_STEP][PASSED] - orPath_AddressContact = "Object Repository/RAD_Pages/AddressAndContactInfo_Page": null

2021-11-08 12:16:05 - [TEST_STEP][PASSED] - orPath_FilingStatus = "Object Repository/RAD_Pages/FilingStatus_Page": null

2021-11-08 12:16:05 - [TEST_STEP][PASSED] - orPath_Amount = "Object Repository/RAD_Pages/PaymentAmount_Page": null

2021-11-08 12:16:05 - [TEST_STEP][PASSED] - selectOptionByLabel(findTestObject(orPath_Landing + "/dd_TaxType"), Taxtype, false): All options with label 'Personal Income Tax' are selected in object 'Object Repository/RAD_Pages/Landing_Page/dd_TaxType' 

2021-11-08 12:16:06 - [MESSAGE][PASSED] - All options with label 'Personal Income Tax' are selected in object 'Object Repository/RAD_Pages/Landing_Page/dd_TaxType' 

2021-11-08 12:16:06 - [TEST_STEP][PASSED] - scrollToElement(findTestObject(orPath_Amount + "/input__paymentAmount"), 3): Scroll to object 'Object Repository/RAD_Pages/PaymentAmount_Page/input__paymentAmount' successfully

2021-11-08 12:16:07 - [MESSAGE][PASSED] - Scroll to object 'Object Repository/RAD_Pages/PaymentAmount_Page/input__paymentAmount' successfully

2021-11-08 12:16:07 - [TEST_STEP][PASSED] - setText(findTestObject(orPath_AddressContact + "/input_eMailAddress"), "imtiazster@gmail.com"): Text 'imtiazster@gmail.com' is set on object 'Object Repository/RAD_Pages/AddressAndContactInfo_Page/input_eMailAddress'

2021-11-08 12:16:07 - [MESSAGE][PASSED] - Text 'imtiazster@gmail.com' is set on object 'Object Repository/RAD_Pages/AddressAndContactInfo_Page/input_eMailAddress'

2021-11-08 12:16:07 - [TEST_STEP][PASSED] - setText(findTestObject(orPath_AddressContact + "/input_reEnterEMailAddress"), "iahmed@govolution.com"): Text 'iahmed@govolution.com' is set on object 'Object Repository/RAD_Pages/AddressAndContactInfo_Page/input_reEnterEMailAddress'

2021-11-08 12:16:08 - [MESSAGE][PASSED] - Text 'iahmed@govolution.com' is set on object 'Object Repository/RAD_Pages/AddressAndContactInfo_Page/input_reEnterEMailAddress'

2021-11-08 12:16:08 - [TEST_STEP][PASSED] - delay(2): Delayed 2 second(s)

2021-11-08 12:16:10 - [MESSAGE][PASSED] - Delayed 2 second(s)

2021-11-08 12:16:10 - [TEST_STEP][PASSED] - if (verifyTextPresent("The Email and Re-enter email do not match", true)): null

2021-11-08 12:16:11 - [MESSAGE][PASSED] - Text 'The Email and Re-enter email do not match' is present on page  using regular expression

2021-11-08 12:16:11 - [TEST_STEP][PASSED] - println("Emails Dont match text is present"): null

2021-11-08 12:16:11 - [TEST_STEP][PASSED] - out.println("Pass Record Number: " + row): null

2021-11-08 12:16:11 - [TEST_STEP][PASSED] - resText = "Pass": null

2021-11-08 12:16:11 - [TEST_STEP][PASSED] - pages.WriteExcel.demoKey(resText, datText, resColumn, datCloumn, fileLoc, nameSheet, row): pages.WriteExcel.demoKey is PASSED

2021-11-08 12:16:11 - [MESSAGE][PASSED] - pages.WriteExcel.demoKey is PASSED

2021-11-08 12:16:11 - [TEST_STEP][PASSED] - ExecuteTC = findTestData(dataFile).getValue("Execute", row): null

2021-11-08 12:16:11 - [TEST_STEP][PASSED] - out.println("Value of Execute is : " + ExecuteTC): null

2021-11-08 12:16:11 - [TEST_STEP][PASSED] - if (ExecuteTC.equalsIgnoreCase("Y")): null

2021-11-08 12:16:11 - [TEST_STEP][PASSED] - out.println("Begin Record Number: " + row): null

2021-11-08 12:16:11 - [TEST_STEP][PASSED] - today = new java.util.Date(): null

2021-11-08 12:16:11 - [TEST_STEP][PASSED] - println(today): null

2021-11-08 12:16:11 - [TEST_STEP][PASSED] - datText = today: null

2021-11-08 12:16:11 - [TEST_STEP][PASSED] - Taxtype = findTestData(dataFile).getValue("TaxType", row): null

2021-11-08 12:16:11 - [TEST_STEP][PASSED] - out.println("Taxtype value is : " + Taxtype): null

2021-11-08 12:16:11 - [TEST_STEP][PASSED] - openBrowser(""): Browser is opened with url: ''

2021-11-08 12:16:11 - [MESSAGE][WARNING] - A browser is already opened. Closing browser and opening a new one

2021-11-08 12:16:12 - [MESSAGE][INFO] - Starting 'Chrome' driver

2021-11-08 12:16:12 - [MESSAGE][INFO] - User set preference: ['acceptInsecureCerts', 'true']

2021-11-08 12:16:12 - [MESSAGE][INFO] - Action delay is set to 0 milliseconds

2021-11-08 12:16:13 - [MESSAGE][PASSED] - Browser is opened with url: ''

2021-11-08 12:16:13 - [TEST_STEP][PASSED] - maximizeWindow(): Current window maximized

2021-11-08 12:16:13 - [MESSAGE][PASSED] - Current window maximized

2021-11-08 12:16:13 - [TEST_STEP][PASSED] - navigateToUrl(RADurl): Navigate to 'https://qa.velocitypayment.com/client/rad/index.html' successfully

2021-11-08 12:16:15 - [MESSAGE][PASSED] - Navigate to 'https://qa.velocitypayment.com/client/rad/index.html' successfully

2021-11-08 12:16:15 - [TEST_STEP][PASSED] - orPath_Landing = "Object Repository/RAD_Pages/Landing_Page": null

2021-11-08 12:16:15 - [TEST_STEP][PASSED] - orPath_TaxTypeFilingYear = "Object Repository/RAD_Pages/TaxTypeFilingYear_Page": null

2021-11-08 12:16:15 - [TEST_STEP][PASSED] - orPath_TaxPayer = "Object Repository/RAD_Pages/Taxpayer_Page": null

2021-11-08 12:16:15 - [TEST_STEP][PASSED] - orPath_AddressContact = "Object Repository/RAD_Pages/AddressAndContactInfo_Page": null

2021-11-08 12:16:15 - [TEST_STEP][PASSED] - orPath_FilingStatus = "Object Repository/RAD_Pages/FilingStatus_Page": null

2021-11-08 12:16:15 - [TEST_STEP][PASSED] - orPath_Amount = "Object Repository/RAD_Pages/PaymentAmount_Page": null

2021-11-08 12:16:15 - [TEST_STEP][PASSED] - selectOptionByLabel(findTestObject(orPath_Landing + "/dd_TaxType"), Taxtype, false): All options with label 'Extension Payments' are selected in object 'Object Repository/RAD_Pages/Landing_Page/dd_TaxType' 

2021-11-08 12:16:16 - [MESSAGE][PASSED] - All options with label 'Extension Payments' are selected in object 'Object Repository/RAD_Pages/Landing_Page/dd_TaxType' 

2021-11-08 12:16:16 - [TEST_STEP][PASSED] - scrollToElement(findTestObject(orPath_Amount + "/input__paymentAmount"), 3): Scroll to object 'Object Repository/RAD_Pages/PaymentAmount_Page/input__paymentAmount' successfully

2021-11-08 12:16:16 - [MESSAGE][PASSED] - Scroll to object 'Object Repository/RAD_Pages/PaymentAmount_Page/input__paymentAmount' successfully

2021-11-08 12:16:16 - [TEST_STEP][PASSED] - setText(findTestObject(orPath_AddressContact + "/input_eMailAddress"), "imtiazster@gmail.com"): Text 'imtiazster@gmail.com' is set on object 'Object Repository/RAD_Pages/AddressAndContactInfo_Page/input_eMailAddress'

2021-11-08 12:16:17 - [MESSAGE][PASSED] - Text 'imtiazster@gmail.com' is set on object 'Object Repository/RAD_Pages/AddressAndContactInfo_Page/input_eMailAddress'

2021-11-08 12:16:17 - [TEST_STEP][PASSED] - setText(findTestObject(orPath_AddressContact + "/input_reEnterEMailAddress"), "iahmed@govolution.com"): Text 'iahmed@govolution.com' is set on object 'Object Repository/RAD_Pages/AddressAndContactInfo_Page/input_reEnterEMailAddress'

2021-11-08 12:16:18 - [MESSAGE][PASSED] - Text 'iahmed@govolution.com' is set on object 'Object Repository/RAD_Pages/AddressAndContactInfo_Page/input_reEnterEMailAddress'

2021-11-08 12:16:18 - [TEST_STEP][PASSED] - delay(2): Delayed 2 second(s)

2021-11-08 12:16:20 - [MESSAGE][PASSED] - Delayed 2 second(s)

2021-11-08 12:16:20 - [TEST_STEP][PASSED] - if (verifyTextPresent("The Email and Re-enter email do not match", true)): null

2021-11-08 12:16:20 - [MESSAGE][PASSED] - Text 'The Email and Re-enter email do not match' is present on page  using regular expression

2021-11-08 12:16:20 - [TEST_STEP][PASSED] - println("Emails Dont match text is present"): null

2021-11-08 12:16:20 - [TEST_STEP][PASSED] - out.println("Pass Record Number: " + row): null

2021-11-08 12:16:20 - [TEST_STEP][PASSED] - resText = "Pass": null

2021-11-08 12:16:20 - [TEST_STEP][PASSED] - pages.WriteExcel.demoKey(resText, datText, resColumn, datCloumn, fileLoc, nameSheet, row): pages.WriteExcel.demoKey is PASSED

2021-11-08 12:16:20 - [MESSAGE][PASSED] - pages.WriteExcel.demoKey is PASSED

2021-11-08 12:16:20 - [TEST_STEP][PASSED] - ExecuteTC = findTestData(dataFile).getValue("Execute", row): null

2021-11-08 12:16:20 - [TEST_STEP][PASSED] - out.println("Value of Execute is : " + ExecuteTC): null

2021-11-08 12:16:20 - [TEST_STEP][PASSED] - if (ExecuteTC.equalsIgnoreCase("Y")): null

2021-11-08 12:16:20 - [TEST_STEP][PASSED] - out.println("Begin Record Number: " + row): null

2021-11-08 12:16:20 - [TEST_STEP][PASSED] - today = new java.util.Date(): null

2021-11-08 12:16:20 - [TEST_STEP][PASSED] - println(today): null

2021-11-08 12:16:20 - [TEST_STEP][PASSED] - datText = today: null

2021-11-08 12:16:20 - [TEST_STEP][PASSED] - Taxtype = findTestData(dataFile).getValue("TaxType", row): null

2021-11-08 12:16:20 - [TEST_STEP][PASSED] - out.println("Taxtype value is : " + Taxtype): null

2021-11-08 12:16:20 - [TEST_STEP][PASSED] - openBrowser(""): Browser is opened with url: ''

2021-11-08 12:16:20 - [MESSAGE][WARNING] - A browser is already opened. Closing browser and opening a new one

2021-11-08 12:16:21 - [MESSAGE][INFO] - Starting 'Chrome' driver

2021-11-08 12:16:21 - [MESSAGE][INFO] - User set preference: ['acceptInsecureCerts', 'true']

2021-11-08 12:16:21 - [MESSAGE][INFO] - Action delay is set to 0 milliseconds

2021-11-08 12:16:23 - [MESSAGE][PASSED] - Browser is opened with url: ''

2021-11-08 12:16:23 - [TEST_STEP][PASSED] - maximizeWindow(): Current window maximized

2021-11-08 12:16:23 - [MESSAGE][PASSED] - Current window maximized

2021-11-08 12:16:23 - [TEST_STEP][PASSED] - navigateToUrl(RADurl): Navigate to 'https://qa.velocitypayment.com/client/rad/index.html' successfully

2021-11-08 12:16:25 - [MESSAGE][PASSED] - Navigate to 'https://qa.velocitypayment.com/client/rad/index.html' successfully

2021-11-08 12:16:25 - [TEST_STEP][PASSED] - orPath_Landing = "Object Repository/RAD_Pages/Landing_Page": null

2021-11-08 12:16:25 - [TEST_STEP][PASSED] - orPath_TaxTypeFilingYear = "Object Repository/RAD_Pages/TaxTypeFilingYear_Page": null

2021-11-08 12:16:25 - [TEST_STEP][PASSED] - orPath_TaxPayer = "Object Repository/RAD_Pages/Taxpayer_Page": null

2021-11-08 12:16:25 - [TEST_STEP][PASSED] - orPath_AddressContact = "Object Repository/RAD_Pages/AddressAndContactInfo_Page": null

2021-11-08 12:16:25 - [TEST_STEP][PASSED] - orPath_FilingStatus = "Object Repository/RAD_Pages/FilingStatus_Page": null

2021-11-08 12:16:25 - [TEST_STEP][PASSED] - orPath_Amount = "Object Repository/RAD_Pages/PaymentAmount_Page": null

2021-11-08 12:16:25 - [TEST_STEP][PASSED] - selectOptionByLabel(findTestObject(orPath_Landing + "/dd_TaxType"), Taxtype, false): All options with label 'Existing Liability' are selected in object 'Object Repository/RAD_Pages/Landing_Page/dd_TaxType' 

2021-11-08 12:16:25 - [MESSAGE][PASSED] - All options with label 'Existing Liability' are selected in object 'Object Repository/RAD_Pages/Landing_Page/dd_TaxType' 

2021-11-08 12:16:25 - [TEST_STEP][PASSED] - scrollToElement(findTestObject(orPath_Amount + "/input__paymentAmount"), 3): Scroll to object 'Object Repository/RAD_Pages/PaymentAmount_Page/input__paymentAmount' successfully

2021-11-08 12:16:26 - [MESSAGE][PASSED] - Scroll to object 'Object Repository/RAD_Pages/PaymentAmount_Page/input__paymentAmount' successfully

2021-11-08 12:16:26 - [TEST_STEP][PASSED] - setText(findTestObject(orPath_AddressContact + "/input_eMailAddress"), "imtiazster@gmail.com"): Text 'imtiazster@gmail.com' is set on object 'Object Repository/RAD_Pages/AddressAndContactInfo_Page/input_eMailAddress'

2021-11-08 12:16:27 - [MESSAGE][PASSED] - Text 'imtiazster@gmail.com' is set on object 'Object Repository/RAD_Pages/AddressAndContactInfo_Page/input_eMailAddress'

2021-11-08 12:16:27 - [TEST_STEP][PASSED] - setText(findTestObject(orPath_AddressContact + "/input_reEnterEMailAddress"), "iahmed@govolution.com"): Text 'iahmed@govolution.com' is set on object 'Object Repository/RAD_Pages/AddressAndContactInfo_Page/input_reEnterEMailAddress'

2021-11-08 12:16:27 - [MESSAGE][PASSED] - Text 'iahmed@govolution.com' is set on object 'Object Repository/RAD_Pages/AddressAndContactInfo_Page/input_reEnterEMailAddress'

2021-11-08 12:16:27 - [TEST_STEP][PASSED] - delay(2): Delayed 2 second(s)

2021-11-08 12:16:29 - [MESSAGE][PASSED] - Delayed 2 second(s)

2021-11-08 12:16:29 - [TEST_STEP][PASSED] - if (verifyTextPresent("The Email and Re-enter email do not match", true)): null

2021-11-08 12:16:30 - [MESSAGE][PASSED] - Text 'The Email and Re-enter email do not match' is present on page  using regular expression

2021-11-08 12:16:30 - [TEST_STEP][PASSED] - println("Emails Dont match text is present"): null

2021-11-08 12:16:30 - [TEST_STEP][PASSED] - out.println("Pass Record Number: " + row): null

2021-11-08 12:16:30 - [TEST_STEP][PASSED] - resText = "Pass": null

2021-11-08 12:16:30 - [TEST_STEP][PASSED] - pages.WriteExcel.demoKey(resText, datText, resColumn, datCloumn, fileLoc, nameSheet, row): pages.WriteExcel.demoKey is PASSED

2021-11-08 12:16:30 - [MESSAGE][PASSED] - pages.WriteExcel.demoKey is PASSED

2021-11-08 12:16:30 - [TEST_STEP][PASSED] - ExecuteTC = findTestData(dataFile).getValue("Execute", row): null

2021-11-08 12:16:30 - [TEST_STEP][PASSED] - out.println("Value of Execute is : " + ExecuteTC): null

2021-11-08 12:16:30 - [TEST_STEP][PASSED] - if (ExecuteTC.equalsIgnoreCase("Y")): null

2021-11-08 12:16:30 - [TEST_STEP][PASSED] - out.println("Begin Record Number: " + row): null

2021-11-08 12:16:30 - [TEST_STEP][PASSED] - today = new java.util.Date(): null

2021-11-08 12:16:30 - [TEST_STEP][PASSED] - println(today): null

2021-11-08 12:16:30 - [TEST_STEP][PASSED] - datText = today: null

2021-11-08 12:16:30 - [TEST_STEP][PASSED] - Taxtype = findTestData(dataFile).getValue("TaxType", row): null

2021-11-08 12:16:30 - [TEST_STEP][PASSED] - out.println("Taxtype value is : " + Taxtype): null

2021-11-08 12:16:30 - [TEST_STEP][PASSED] - openBrowser(""): Browser is opened with url: ''

2021-11-08 12:16:30 - [MESSAGE][WARNING] - A browser is already opened. Closing browser and opening a new one

2021-11-08 12:16:31 - [MESSAGE][INFO] - Starting 'Chrome' driver

2021-11-08 12:16:31 - [MESSAGE][INFO] - User set preference: ['acceptInsecureCerts', 'true']

2021-11-08 12:16:31 - [MESSAGE][INFO] - Action delay is set to 0 milliseconds

2021-11-08 12:16:32 - [MESSAGE][PASSED] - Browser is opened with url: ''

2021-11-08 12:16:32 - [TEST_STEP][PASSED] - maximizeWindow(): Current window maximized

2021-11-08 12:16:32 - [MESSAGE][PASSED] - Current window maximized

2021-11-08 12:16:32 - [TEST_STEP][PASSED] - navigateToUrl(RADurl): Navigate to 'https://qa.velocitypayment.com/client/rad/index.html' successfully

2021-11-08 12:16:34 - [MESSAGE][PASSED] - Navigate to 'https://qa.velocitypayment.com/client/rad/index.html' successfully

2021-11-08 12:16:34 - [TEST_STEP][PASSED] - orPath_Landing = "Object Repository/RAD_Pages/Landing_Page": null

2021-11-08 12:16:34 - [TEST_STEP][PASSED] - orPath_TaxTypeFilingYear = "Object Repository/RAD_Pages/TaxTypeFilingYear_Page": null

2021-11-08 12:16:34 - [TEST_STEP][PASSED] - orPath_TaxPayer = "Object Repository/RAD_Pages/Taxpayer_Page": null

2021-11-08 12:16:34 - [TEST_STEP][PASSED] - orPath_AddressContact = "Object Repository/RAD_Pages/AddressAndContactInfo_Page": null

2021-11-08 12:16:34 - [TEST_STEP][PASSED] - orPath_FilingStatus = "Object Repository/RAD_Pages/FilingStatus_Page": null

2021-11-08 12:16:34 - [TEST_STEP][PASSED] - orPath_Amount = "Object Repository/RAD_Pages/PaymentAmount_Page": null

2021-11-08 12:16:34 - [TEST_STEP][PASSED] - selectOptionByLabel(findTestObject(orPath_Landing + "/dd_TaxType"), Taxtype, false): All options with label 'Sales and Use' are selected in object 'Object Repository/RAD_Pages/Landing_Page/dd_TaxType' 

2021-11-08 12:16:35 - [MESSAGE][PASSED] - All options with label 'Sales and Use' are selected in object 'Object Repository/RAD_Pages/Landing_Page/dd_TaxType' 

2021-11-08 12:16:35 - [TEST_STEP][PASSED] - scrollToElement(findTestObject(orPath_Amount + "/input__paymentAmount"), 3): Scroll to object 'Object Repository/RAD_Pages/PaymentAmount_Page/input__paymentAmount' successfully

2021-11-08 12:16:36 - [MESSAGE][PASSED] - Scroll to object 'Object Repository/RAD_Pages/PaymentAmount_Page/input__paymentAmount' successfully

2021-11-08 12:16:36 - [TEST_STEP][PASSED] - setText(findTestObject(orPath_AddressContact + "/input_eMailAddress"), "imtiazster@gmail.com"): Text 'imtiazster@gmail.com' is set on object 'Object Repository/RAD_Pages/AddressAndContactInfo_Page/input_eMailAddress'

2021-11-08 12:16:37 - [MESSAGE][PASSED] - Text 'imtiazster@gmail.com' is set on object 'Object Repository/RAD_Pages/AddressAndContactInfo_Page/input_eMailAddress'

2021-11-08 12:16:37 - [TEST_STEP][PASSED] - setText(findTestObject(orPath_AddressContact + "/input_reEnterEMailAddress"), "iahmed@govolution.com"): Text 'iahmed@govolution.com' is set on object 'Object Repository/RAD_Pages/AddressAndContactInfo_Page/input_reEnterEMailAddress'

2021-11-08 12:16:38 - [MESSAGE][PASSED] - Text 'iahmed@govolution.com' is set on object 'Object Repository/RAD_Pages/AddressAndContactInfo_Page/input_reEnterEMailAddress'

2021-11-08 12:16:38 - [TEST_STEP][PASSED] - delay(2): Delayed 2 second(s)

2021-11-08 12:16:40 - [MESSAGE][PASSED] - Delayed 2 second(s)

2021-11-08 12:16:40 - [TEST_STEP][PASSED] - if (verifyTextPresent("The Email and Re-enter email do not match", true)): null

2021-11-08 12:16:40 - [MESSAGE][PASSED] - Text 'The Email and Re-enter email do not match' is present on page  using regular expression

2021-11-08 12:16:40 - [TEST_STEP][PASSED] - println("Emails Dont match text is present"): null

2021-11-08 12:16:40 - [TEST_STEP][PASSED] - out.println("Pass Record Number: " + row): null

2021-11-08 12:16:40 - [TEST_STEP][PASSED] - resText = "Pass": null

2021-11-08 12:16:40 - [TEST_STEP][PASSED] - pages.WriteExcel.demoKey(resText, datText, resColumn, datCloumn, fileLoc, nameSheet, row): pages.WriteExcel.demoKey is PASSED

2021-11-08 12:16:40 - [MESSAGE][PASSED] - pages.WriteExcel.demoKey is PASSED

2021-11-08 12:16:40 - [TEST_STEP][PASSED] - ExecuteTC = findTestData(dataFile).getValue("Execute", row): null

2021-11-08 12:16:40 - [TEST_STEP][PASSED] - out.println("Value of Execute is : " + ExecuteTC): null

2021-11-08 12:16:40 - [TEST_STEP][PASSED] - if (ExecuteTC.equalsIgnoreCase("Y")): null

2021-11-08 12:16:40 - [TEST_STEP][PASSED] - out.println("Begin Record Number: " + row): null

2021-11-08 12:16:40 - [TEST_STEP][PASSED] - today = new java.util.Date(): null

2021-11-08 12:16:40 - [TEST_STEP][PASSED] - println(today): null

2021-11-08 12:16:40 - [TEST_STEP][PASSED] - datText = today: null

2021-11-08 12:16:40 - [TEST_STEP][PASSED] - Taxtype = findTestData(dataFile).getValue("TaxType", row): null

2021-11-08 12:16:40 - [TEST_STEP][PASSED] - out.println("Taxtype value is : " + Taxtype): null

2021-11-08 12:16:40 - [TEST_STEP][PASSED] - openBrowser(""): Browser is opened with url: ''

2021-11-08 12:16:40 - [MESSAGE][WARNING] - A browser is already opened. Closing browser and opening a new one

2021-11-08 12:16:41 - [MESSAGE][INFO] - Starting 'Chrome' driver

2021-11-08 12:16:41 - [MESSAGE][INFO] - User set preference: ['acceptInsecureCerts', 'true']

2021-11-08 12:16:41 - [MESSAGE][INFO] - Action delay is set to 0 milliseconds

2021-11-08 12:16:42 - [MESSAGE][PASSED] - Browser is opened with url: ''

2021-11-08 12:16:42 - [TEST_STEP][PASSED] - maximizeWindow(): Current window maximized

2021-11-08 12:16:43 - [MESSAGE][PASSED] - Current window maximized

2021-11-08 12:16:43 - [TEST_STEP][PASSED] - navigateToUrl(RADurl): Navigate to 'https://qa.velocitypayment.com/client/rad/index.html' successfully

2021-11-08 12:16:45 - [MESSAGE][PASSED] - Navigate to 'https://qa.velocitypayment.com/client/rad/index.html' successfully

2021-11-08 12:16:45 - [TEST_STEP][PASSED] - orPath_Landing = "Object Repository/RAD_Pages/Landing_Page": null

2021-11-08 12:16:45 - [TEST_STEP][PASSED] - orPath_TaxTypeFilingYear = "Object Repository/RAD_Pages/TaxTypeFilingYear_Page": null

2021-11-08 12:16:45 - [TEST_STEP][PASSED] - orPath_TaxPayer = "Object Repository/RAD_Pages/Taxpayer_Page": null

2021-11-08 12:16:45 - [TEST_STEP][PASSED] - orPath_AddressContact = "Object Repository/RAD_Pages/AddressAndContactInfo_Page": null

2021-11-08 12:16:45 - [TEST_STEP][PASSED] - orPath_FilingStatus = "Object Repository/RAD_Pages/FilingStatus_Page": null

2021-11-08 12:16:45 - [TEST_STEP][PASSED] - orPath_Amount = "Object Repository/RAD_Pages/PaymentAmount_Page": null

2021-11-08 12:16:45 - [TEST_STEP][PASSED] - selectOptionByLabel(findTestObject(orPath_Landing + "/dd_TaxType"), Taxtype, false): All options with label 'Withholding Tax' are selected in object 'Object Repository/RAD_Pages/Landing_Page/dd_TaxType' 

2021-11-08 12:16:45 - [MESSAGE][PASSED] - All options with label 'Withholding Tax' are selected in object 'Object Repository/RAD_Pages/Landing_Page/dd_TaxType' 

2021-11-08 12:16:45 - [TEST_STEP][PASSED] - scrollToElement(findTestObject(orPath_Amount + "/input__paymentAmount"), 3): Scroll to object 'Object Repository/RAD_Pages/PaymentAmount_Page/input__paymentAmount' successfully

2021-11-08 12:16:46 - [MESSAGE][PASSED] - Scroll to object 'Object Repository/RAD_Pages/PaymentAmount_Page/input__paymentAmount' successfully

2021-11-08 12:16:46 - [TEST_STEP][PASSED] - setText(findTestObject(orPath_AddressContact + "/input_eMailAddress"), "imtiazster@gmail.com"): Text 'imtiazster@gmail.com' is set on object 'Object Repository/RAD_Pages/AddressAndContactInfo_Page/input_eMailAddress'

2021-11-08 12:16:47 - [MESSAGE][PASSED] - Text 'imtiazster@gmail.com' is set on object 'Object Repository/RAD_Pages/AddressAndContactInfo_Page/input_eMailAddress'

2021-11-08 12:16:47 - [TEST_STEP][PASSED] - setText(findTestObject(orPath_AddressContact + "/input_reEnterEMailAddress"), "iahmed@govolution.com"): Text 'iahmed@govolution.com' is set on object 'Object Repository/RAD_Pages/AddressAndContactInfo_Page/input_reEnterEMailAddress'

2021-11-08 12:16:48 - [MESSAGE][PASSED] - Text 'iahmed@govolution.com' is set on object 'Object Repository/RAD_Pages/AddressAndContactInfo_Page/input_reEnterEMailAddress'

2021-11-08 12:16:48 - [TEST_STEP][PASSED] - delay(2): Delayed 2 second(s)

2021-11-08 12:16:50 - [MESSAGE][PASSED] - Delayed 2 second(s)

2021-11-08 12:16:50 - [TEST_STEP][PASSED] - if (verifyTextPresent("The Email and Re-enter email do not match", true)): null

2021-11-08 12:16:50 - [MESSAGE][PASSED] - Text 'The Email and Re-enter email do not match' is present on page  using regular expression

2021-11-08 12:16:50 - [TEST_STEP][PASSED] - println("Emails Dont match text is present"): null

2021-11-08 12:16:50 - [TEST_STEP][PASSED] - out.println("Pass Record Number: " + row): null

2021-11-08 12:16:50 - [TEST_STEP][PASSED] - resText = "Pass": null

2021-11-08 12:16:50 - [TEST_STEP][PASSED] - pages.WriteExcel.demoKey(resText, datText, resColumn, datCloumn, fileLoc, nameSheet, row): pages.WriteExcel.demoKey is PASSED

2021-11-08 12:16:50 - [MESSAGE][PASSED] - pages.WriteExcel.demoKey is PASSED]]></system-out>
         <system-err><![CDATA[]]></system-err>
      </testcase>
      <testcase name="Test Cases/RAD_TestCases/Negative_TestCases/TaxPayerSSNNoMatch" time="30.777" classname="Test Cases/RAD_TestCases/Negative_TestCases/TaxPayerSSNNoMatch" status="PASSED">
         <system-out><![CDATA[2021-11-08 12:16:50 - [TEST_CASE][PASSED] - Test Cases/RAD_TestCases/Negative_TestCases/TaxPayerSSNNoMatch: Test Cases/RAD_TestCases/Negative_TestCases/TaxPayerSSNNoMatch

2021-11-08 12:16:51 - [TEST_STEP][PASSED] - resText = "Fail": null

2021-11-08 12:16:51 - [TEST_STEP][PASSED] - resColumn = "Result": null

2021-11-08 12:16:51 - [TEST_STEP][PASSED] - datCloumn = "Date": null

2021-11-08 12:16:51 - [TEST_STEP][PASSED] - fileLoc = "C:\KatalonData\RADTestData\TaxPayerSSNNoMatch.xlsx": null

2021-11-08 12:16:51 - [TEST_STEP][PASSED] - nameSheet = "Sheet1": null

2021-11-08 12:16:51 - [TEST_STEP][PASSED] - dataFile = "RADTestData/TaxPayerSSNNoMatch": null

2021-11-08 12:16:51 - [TEST_STEP][PASSED] - ExecuteTC = <not implemented yet for class: org.codehaus.groovy.ast.expr.EmptyExpression>: null

2021-11-08 12:16:51 - [TEST_STEP][PASSED] - Taxtype = <not implemented yet for class: org.codehaus.groovy.ast.expr.EmptyExpression>: null

2021-11-08 12:16:51 - [TEST_STEP][PASSED] - numOfRows = findTestData(dataFile).getRowNumbers(): null

2021-11-08 12:16:51 - [TEST_STEP][PASSED] - println("Number of Records: " + numOfRows): null

2021-11-08 12:16:51 - [TEST_STEP][PASSED] - for ([row = 1, row <= numOfRows, (row++)]): null

2021-11-08 12:16:51 - [TEST_STEP][PASSED] - ExecuteTC = findTestData(dataFile).getValue("Execute", row): null

2021-11-08 12:16:51 - [TEST_STEP][PASSED] - out.println("Value of Execute is : " + ExecuteTC): null

2021-11-08 12:16:51 - [TEST_STEP][PASSED] - if (ExecuteTC.equalsIgnoreCase("Y")): null

2021-11-08 12:16:51 - [TEST_STEP][PASSED] - out.println("Begin Record Number: " + row): null

2021-11-08 12:16:51 - [TEST_STEP][PASSED] - today = new java.util.Date(): null

2021-11-08 12:16:51 - [TEST_STEP][PASSED] - println(today): null

2021-11-08 12:16:51 - [TEST_STEP][PASSED] - datText = today: null

2021-11-08 12:16:51 - [TEST_STEP][PASSED] - Taxtype = findTestData(dataFile).getValue("TaxType", row): null

2021-11-08 12:16:51 - [TEST_STEP][PASSED] - out.println("Taxtype value is : " + Taxtype): null

2021-11-08 12:16:51 - [TEST_STEP][PASSED] - openBrowser(""): Browser is opened with url: ''

2021-11-08 12:16:51 - [MESSAGE][WARNING] - A browser is already opened. Closing browser and opening a new one

2021-11-08 12:16:51 - [MESSAGE][INFO] - Starting 'Chrome' driver

2021-11-08 12:16:51 - [MESSAGE][INFO] - User set preference: ['acceptInsecureCerts', 'true']

2021-11-08 12:16:51 - [MESSAGE][INFO] - Action delay is set to 0 milliseconds

2021-11-08 12:16:53 - [MESSAGE][PASSED] - Browser is opened with url: ''

2021-11-08 12:16:53 - [TEST_STEP][PASSED] - maximizeWindow(): Current window maximized

2021-11-08 12:16:53 - [MESSAGE][PASSED] - Current window maximized

2021-11-08 12:16:53 - [TEST_STEP][PASSED] - navigateToUrl(RADurl): Navigate to 'https://qa.velocitypayment.com/client/rad/index.html' successfully

2021-11-08 12:16:55 - [MESSAGE][PASSED] - Navigate to 'https://qa.velocitypayment.com/client/rad/index.html' successfully

2021-11-08 12:16:55 - [TEST_STEP][PASSED] - orPath_Landing = "Object Repository/RAD_Pages/Landing_Page": null

2021-11-08 12:16:55 - [TEST_STEP][PASSED] - orPath_TaxTypeFilingYear = "Object Repository/RAD_Pages/TaxTypeFilingYear_Page": null

2021-11-08 12:16:55 - [TEST_STEP][PASSED] - orPath_TaxPayer = "Object Repository/RAD_Pages/Taxpayer_Page": null

2021-11-08 12:16:55 - [TEST_STEP][PASSED] - orPath_AddressContact = "Object Repository/RAD_Pages/AddressAndContactInfo_Page": null

2021-11-08 12:16:55 - [TEST_STEP][PASSED] - orPath_FilingStatus = "Object Repository/RAD_Pages/FilingStatus_Page": null

2021-11-08 12:16:55 - [TEST_STEP][PASSED] - orPath_Amount = "Object Repository/RAD_Pages/PaymentAmount_Page": null

2021-11-08 12:16:55 - [TEST_STEP][PASSED] - selectOptionByLabel(findTestObject(orPath_Landing + "/dd_TaxType"), Taxtype, false): All options with label 'Estimated Tax' are selected in object 'Object Repository/RAD_Pages/Landing_Page/dd_TaxType' 

2021-11-08 12:16:55 - [MESSAGE][PASSED] - All options with label 'Estimated Tax' are selected in object 'Object Repository/RAD_Pages/Landing_Page/dd_TaxType' 

2021-11-08 12:16:55 - [TEST_STEP][PASSED] - scrollToElement(findTestObject(orPath_TaxPayer + "/input_firstName"), 3): Scroll to object 'Object Repository/RAD_Pages/Taxpayer_Page/input_firstName' successfully

2021-11-08 12:16:56 - [MESSAGE][PASSED] - Scroll to object 'Object Repository/RAD_Pages/Taxpayer_Page/input_firstName' successfully

2021-11-08 12:16:56 - [TEST_STEP][PASSED] - setText(findTestObject("RAD_RecordAndPlay/input_concatSSN"), "111111111"): Text '111111111' is set on object 'Object Repository/RAD_RecordAndPlay/input_concatSSN'

2021-11-08 12:16:56 - [MESSAGE][PASSED] - Text '111111111' is set on object 'Object Repository/RAD_RecordAndPlay/input_concatSSN'

2021-11-08 12:16:56 - [TEST_STEP][PASSED] - setText(findTestObject("RAD_RecordAndPlay/input_concatReSSN"), "222222222"): Text '222222222' is set on object 'Object Repository/RAD_RecordAndPlay/input_concatReSSN'

2021-11-08 12:16:57 - [MESSAGE][PASSED] - Text '222222222' is set on object 'Object Repository/RAD_RecordAndPlay/input_concatReSSN'

2021-11-08 12:16:57 - [TEST_STEP][PASSED] - setText(findTestObject(orPath_TaxPayer + "/input_lastName"), "Anderson"): Text 'Anderson' is set on object 'Object Repository/RAD_Pages/Taxpayer_Page/input_lastName'

2021-11-08 12:16:58 - [MESSAGE][PASSED] - Text 'Anderson' is set on object 'Object Repository/RAD_Pages/Taxpayer_Page/input_lastName'

2021-11-08 12:16:58 - [TEST_STEP][PASSED] - delay(2): Delayed 2 second(s)

2021-11-08 12:17:00 - [MESSAGE][PASSED] - Delayed 2 second(s)

2021-11-08 12:17:00 - [TEST_STEP][PASSED] - if (verifyTextPresent("The SSN and Re-type SSN do not match", true)): null

2021-11-08 12:17:00 - [MESSAGE][PASSED] - Text 'The SSN and Re-type SSN do not match' is present on page  using regular expression

2021-11-08 12:17:00 - [TEST_STEP][PASSED] - println("Taxpayer SSN Dont match text is present"): null

2021-11-08 12:17:00 - [TEST_STEP][PASSED] - out.println("Pass Record Number: " + row): null

2021-11-08 12:17:00 - [TEST_STEP][PASSED] - resText = "Pass": null

2021-11-08 12:17:00 - [TEST_STEP][PASSED] - pages.WriteExcel.demoKey(resText, datText, resColumn, datCloumn, fileLoc, nameSheet, row): pages.WriteExcel.demoKey is PASSED

2021-11-08 12:17:00 - [MESSAGE][PASSED] - pages.WriteExcel.demoKey is PASSED

2021-11-08 12:17:00 - [TEST_STEP][PASSED] - ExecuteTC = findTestData(dataFile).getValue("Execute", row): null

2021-11-08 12:17:01 - [TEST_STEP][PASSED] - out.println("Value of Execute is : " + ExecuteTC): null

2021-11-08 12:17:01 - [TEST_STEP][PASSED] - if (ExecuteTC.equalsIgnoreCase("Y")): null

2021-11-08 12:17:01 - [TEST_STEP][PASSED] - out.println("Begin Record Number: " + row): null

2021-11-08 12:17:01 - [TEST_STEP][PASSED] - today = new java.util.Date(): null

2021-11-08 12:17:01 - [TEST_STEP][PASSED] - println(today): null

2021-11-08 12:17:01 - [TEST_STEP][PASSED] - datText = today: null

2021-11-08 12:17:01 - [TEST_STEP][PASSED] - Taxtype = findTestData(dataFile).getValue("TaxType", row): null

2021-11-08 12:17:01 - [TEST_STEP][PASSED] - out.println("Taxtype value is : " + Taxtype): null

2021-11-08 12:17:01 - [TEST_STEP][PASSED] - openBrowser(""): Browser is opened with url: ''

2021-11-08 12:17:01 - [MESSAGE][WARNING] - A browser is already opened. Closing browser and opening a new one

2021-11-08 12:17:01 - [MESSAGE][INFO] - Starting 'Chrome' driver

2021-11-08 12:17:01 - [MESSAGE][INFO] - User set preference: ['acceptInsecureCerts', 'true']

2021-11-08 12:17:01 - [MESSAGE][INFO] - Action delay is set to 0 milliseconds

2021-11-08 12:17:03 - [MESSAGE][PASSED] - Browser is opened with url: ''

2021-11-08 12:17:03 - [TEST_STEP][PASSED] - maximizeWindow(): Current window maximized

2021-11-08 12:17:03 - [MESSAGE][PASSED] - Current window maximized

2021-11-08 12:17:03 - [TEST_STEP][PASSED] - navigateToUrl(RADurl): Navigate to 'https://qa.velocitypayment.com/client/rad/index.html' successfully

2021-11-08 12:17:05 - [MESSAGE][PASSED] - Navigate to 'https://qa.velocitypayment.com/client/rad/index.html' successfully

2021-11-08 12:17:05 - [TEST_STEP][PASSED] - orPath_Landing = "Object Repository/RAD_Pages/Landing_Page": null

2021-11-08 12:17:05 - [TEST_STEP][PASSED] - orPath_TaxTypeFilingYear = "Object Repository/RAD_Pages/TaxTypeFilingYear_Page": null

2021-11-08 12:17:05 - [TEST_STEP][PASSED] - orPath_TaxPayer = "Object Repository/RAD_Pages/Taxpayer_Page": null

2021-11-08 12:17:05 - [TEST_STEP][PASSED] - orPath_AddressContact = "Object Repository/RAD_Pages/AddressAndContactInfo_Page": null

2021-11-08 12:17:05 - [TEST_STEP][PASSED] - orPath_FilingStatus = "Object Repository/RAD_Pages/FilingStatus_Page": null

2021-11-08 12:17:05 - [TEST_STEP][PASSED] - orPath_Amount = "Object Repository/RAD_Pages/PaymentAmount_Page": null

2021-11-08 12:17:05 - [TEST_STEP][PASSED] - selectOptionByLabel(findTestObject(orPath_Landing + "/dd_TaxType"), Taxtype, false): All options with label 'Personal Income Tax' are selected in object 'Object Repository/RAD_Pages/Landing_Page/dd_TaxType' 

2021-11-08 12:17:06 - [MESSAGE][PASSED] - All options with label 'Personal Income Tax' are selected in object 'Object Repository/RAD_Pages/Landing_Page/dd_TaxType' 

2021-11-08 12:17:06 - [TEST_STEP][PASSED] - scrollToElement(findTestObject(orPath_TaxPayer + "/input_firstName"), 3): Scroll to object 'Object Repository/RAD_Pages/Taxpayer_Page/input_firstName' successfully

2021-11-08 12:17:06 - [MESSAGE][PASSED] - Scroll to object 'Object Repository/RAD_Pages/Taxpayer_Page/input_firstName' successfully

2021-11-08 12:17:06 - [TEST_STEP][PASSED] - setText(findTestObject("RAD_RecordAndPlay/input_concatSSN"), "111111111"): Text '111111111' is set on object 'Object Repository/RAD_RecordAndPlay/input_concatSSN'

2021-11-08 12:17:07 - [MESSAGE][PASSED] - Text '111111111' is set on object 'Object Repository/RAD_RecordAndPlay/input_concatSSN'

2021-11-08 12:17:07 - [TEST_STEP][PASSED] - setText(findTestObject("RAD_RecordAndPlay/input_concatReSSN"), "222222222"): Text '222222222' is set on object 'Object Repository/RAD_RecordAndPlay/input_concatReSSN'

2021-11-08 12:17:07 - [MESSAGE][PASSED] - Text '222222222' is set on object 'Object Repository/RAD_RecordAndPlay/input_concatReSSN'

2021-11-08 12:17:07 - [TEST_STEP][PASSED] - setText(findTestObject(orPath_TaxPayer + "/input_lastName"), "Anderson"): Text 'Anderson' is set on object 'Object Repository/RAD_Pages/Taxpayer_Page/input_lastName'

2021-11-08 12:17:08 - [MESSAGE][PASSED] - Text 'Anderson' is set on object 'Object Repository/RAD_Pages/Taxpayer_Page/input_lastName'

2021-11-08 12:17:08 - [TEST_STEP][PASSED] - delay(2): Delayed 2 second(s)

2021-11-08 12:17:10 - [MESSAGE][PASSED] - Delayed 2 second(s)

2021-11-08 12:17:10 - [TEST_STEP][PASSED] - if (verifyTextPresent("The SSN and Re-type SSN do not match", true)): null

2021-11-08 12:17:11 - [MESSAGE][PASSED] - Text 'The SSN and Re-type SSN do not match' is present on page  using regular expression

2021-11-08 12:17:11 - [TEST_STEP][PASSED] - println("Taxpayer SSN Dont match text is present"): null

2021-11-08 12:17:11 - [TEST_STEP][PASSED] - out.println("Pass Record Number: " + row): null

2021-11-08 12:17:11 - [TEST_STEP][PASSED] - resText = "Pass": null

2021-11-08 12:17:11 - [TEST_STEP][PASSED] - pages.WriteExcel.demoKey(resText, datText, resColumn, datCloumn, fileLoc, nameSheet, row): pages.WriteExcel.demoKey is PASSED

2021-11-08 12:17:11 - [MESSAGE][PASSED] - pages.WriteExcel.demoKey is PASSED

2021-11-08 12:17:11 - [TEST_STEP][PASSED] - ExecuteTC = findTestData(dataFile).getValue("Execute", row): null

2021-11-08 12:17:11 - [TEST_STEP][PASSED] - out.println("Value of Execute is : " + ExecuteTC): null

2021-11-08 12:17:11 - [TEST_STEP][PASSED] - if (ExecuteTC.equalsIgnoreCase("Y")): null

2021-11-08 12:17:11 - [TEST_STEP][PASSED] - out.println("Begin Record Number: " + row): null

2021-11-08 12:17:11 - [TEST_STEP][PASSED] - today = new java.util.Date(): null

2021-11-08 12:17:11 - [TEST_STEP][PASSED] - println(today): null

2021-11-08 12:17:11 - [TEST_STEP][PASSED] - datText = today: null

2021-11-08 12:17:11 - [TEST_STEP][PASSED] - Taxtype = findTestData(dataFile).getValue("TaxType", row): null

2021-11-08 12:17:11 - [TEST_STEP][PASSED] - out.println("Taxtype value is : " + Taxtype): null

2021-11-08 12:17:11 - [TEST_STEP][PASSED] - openBrowser(""): Browser is opened with url: ''

2021-11-08 12:17:11 - [MESSAGE][WARNING] - A browser is already opened. Closing browser and opening a new one

2021-11-08 12:17:12 - [MESSAGE][INFO] - Starting 'Chrome' driver

2021-11-08 12:17:12 - [MESSAGE][INFO] - User set preference: ['acceptInsecureCerts', 'true']

2021-11-08 12:17:12 - [MESSAGE][INFO] - Action delay is set to 0 milliseconds

2021-11-08 12:17:13 - [MESSAGE][PASSED] - Browser is opened with url: ''

2021-11-08 12:17:13 - [TEST_STEP][PASSED] - maximizeWindow(): Current window maximized

2021-11-08 12:17:13 - [MESSAGE][PASSED] - Current window maximized

2021-11-08 12:17:13 - [TEST_STEP][PASSED] - navigateToUrl(RADurl): Navigate to 'https://qa.velocitypayment.com/client/rad/index.html' successfully

2021-11-08 12:17:15 - [MESSAGE][PASSED] - Navigate to 'https://qa.velocitypayment.com/client/rad/index.html' successfully

2021-11-08 12:17:15 - [TEST_STEP][PASSED] - orPath_Landing = "Object Repository/RAD_Pages/Landing_Page": null

2021-11-08 12:17:15 - [TEST_STEP][PASSED] - orPath_TaxTypeFilingYear = "Object Repository/RAD_Pages/TaxTypeFilingYear_Page": null

2021-11-08 12:17:15 - [TEST_STEP][PASSED] - orPath_TaxPayer = "Object Repository/RAD_Pages/Taxpayer_Page": null

2021-11-08 12:17:15 - [TEST_STEP][PASSED] - orPath_AddressContact = "Object Repository/RAD_Pages/AddressAndContactInfo_Page": null

2021-11-08 12:17:15 - [TEST_STEP][PASSED] - orPath_FilingStatus = "Object Repository/RAD_Pages/FilingStatus_Page": null

2021-11-08 12:17:15 - [TEST_STEP][PASSED] - orPath_Amount = "Object Repository/RAD_Pages/PaymentAmount_Page": null

2021-11-08 12:17:15 - [TEST_STEP][PASSED] - selectOptionByLabel(findTestObject(orPath_Landing + "/dd_TaxType"), Taxtype, false): All options with label 'Extension Payments' are selected in object 'Object Repository/RAD_Pages/Landing_Page/dd_TaxType' 

2021-11-08 12:17:16 - [MESSAGE][PASSED] - All options with label 'Extension Payments' are selected in object 'Object Repository/RAD_Pages/Landing_Page/dd_TaxType' 

2021-11-08 12:17:16 - [TEST_STEP][PASSED] - scrollToElement(findTestObject(orPath_TaxPayer + "/input_firstName"), 3): Scroll to object 'Object Repository/RAD_Pages/Taxpayer_Page/input_firstName' successfully

2021-11-08 12:17:16 - [MESSAGE][PASSED] - Scroll to object 'Object Repository/RAD_Pages/Taxpayer_Page/input_firstName' successfully

2021-11-08 12:17:16 - [TEST_STEP][PASSED] - setText(findTestObject("RAD_RecordAndPlay/input_concatSSN"), "111111111"): Text '111111111' is set on object 'Object Repository/RAD_RecordAndPlay/input_concatSSN'

2021-11-08 12:17:17 - [MESSAGE][PASSED] - Text '111111111' is set on object 'Object Repository/RAD_RecordAndPlay/input_concatSSN'

2021-11-08 12:17:17 - [TEST_STEP][PASSED] - setText(findTestObject("RAD_RecordAndPlay/input_concatReSSN"), "222222222"): Text '222222222' is set on object 'Object Repository/RAD_RecordAndPlay/input_concatReSSN'

2021-11-08 12:17:17 - [MESSAGE][PASSED] - Text '222222222' is set on object 'Object Repository/RAD_RecordAndPlay/input_concatReSSN'

2021-11-08 12:17:17 - [TEST_STEP][PASSED] - setText(findTestObject(orPath_TaxPayer + "/input_lastName"), "Anderson"): Text 'Anderson' is set on object 'Object Repository/RAD_Pages/Taxpayer_Page/input_lastName'

2021-11-08 12:17:18 - [MESSAGE][PASSED] - Text 'Anderson' is set on object 'Object Repository/RAD_Pages/Taxpayer_Page/input_lastName'

2021-11-08 12:17:18 - [TEST_STEP][PASSED] - delay(2): Delayed 2 second(s)

2021-11-08 12:17:20 - [MESSAGE][PASSED] - Delayed 2 second(s)

2021-11-08 12:17:20 - [TEST_STEP][PASSED] - if (verifyTextPresent("The SSN and Re-type SSN do not match", true)): null

2021-11-08 12:17:21 - [MESSAGE][PASSED] - Text 'The SSN and Re-type SSN do not match' is present on page  using regular expression

2021-11-08 12:17:21 - [TEST_STEP][PASSED] - println("Taxpayer SSN Dont match text is present"): null

2021-11-08 12:17:21 - [TEST_STEP][PASSED] - out.println("Pass Record Number: " + row): null

2021-11-08 12:17:21 - [TEST_STEP][PASSED] - resText = "Pass": null

2021-11-08 12:17:21 - [TEST_STEP][PASSED] - pages.WriteExcel.demoKey(resText, datText, resColumn, datCloumn, fileLoc, nameSheet, row): pages.WriteExcel.demoKey is PASSED

2021-11-08 12:17:21 - [MESSAGE][PASSED] - pages.WriteExcel.demoKey is PASSED]]></system-out>
         <system-err><![CDATA[]]></system-err>
      </testcase>
      <testcase name="Test Cases/RAD_TestCases/Negative_TestCases/JointFilerSSNNoMatch" time="40.064" classname="Test Cases/RAD_TestCases/Negative_TestCases/JointFilerSSNNoMatch" status="PASSED">
         <system-out><![CDATA[2021-11-08 12:17:21 - [TEST_CASE][PASSED] - Test Cases/RAD_TestCases/Negative_TestCases/JointFilerSSNNoMatch: Test Cases/RAD_TestCases/Negative_TestCases/JointFilerSSNNoMatch

2021-11-08 12:17:21 - [TEST_STEP][PASSED] - orPath_Landing = "Object Repository/RAD_Pages/Landing_Page": null

2021-11-08 12:17:21 - [TEST_STEP][PASSED] - orPath_Amount = "Object Repository/RAD_Pages/PaymentAmount_Page": null

2021-11-08 12:17:21 - [TEST_STEP][PASSED] - orPath_FilingStatus = "Object Repository/RAD_Pages/FilingStatus_Page": null

2021-11-08 12:17:21 - [TEST_STEP][PASSED] - orPath_TaxPayer = "Object Repository/RAD_Pages/Taxpayer_Page": null

2021-11-08 12:17:21 - [TEST_STEP][PASSED] - taxTypeDropList = ["Estimated Tax", "Personal Income Tax", "Extension Payments"]: null

2021-11-08 12:17:21 - [TEST_STEP][PASSED] - listSize = taxTypeDropList.size(): null

2021-11-08 12:17:21 - [TEST_STEP][PASSED] - println(listSize): null

2021-11-08 12:17:21 - [TEST_STEP][PASSED] - for ([i = 0, i < listSize, (i++)]): Text 'The SSN and Re-type SSN do not match.' is present on page  using regular expression

2021-11-08 12:17:21 - [TEST_STEP][PASSED] - openBrowser(""): Browser is opened with url: ''

2021-11-08 12:17:21 - [MESSAGE][WARNING] - A browser is already opened. Closing browser and opening a new one

2021-11-08 12:17:22 - [MESSAGE][INFO] - Starting 'Chrome' driver

2021-11-08 12:17:22 - [MESSAGE][INFO] - User set preference: ['acceptInsecureCerts', 'true']

2021-11-08 12:17:22 - [MESSAGE][INFO] - Action delay is set to 0 milliseconds

2021-11-08 12:17:23 - [MESSAGE][PASSED] - Browser is opened with url: ''

2021-11-08 12:17:23 - [TEST_STEP][PASSED] - maximizeWindow(): Current window maximized

2021-11-08 12:17:23 - [MESSAGE][PASSED] - Current window maximized

2021-11-08 12:17:23 - [TEST_STEP][PASSED] - navigateToUrl(RADurl): Navigate to 'https://qa.velocitypayment.com/client/rad/index.html' successfully

2021-11-08 12:17:26 - [MESSAGE][PASSED] - Navigate to 'https://qa.velocitypayment.com/client/rad/index.html' successfully

2021-11-08 12:17:26 - [TEST_STEP][PASSED] - out.println("Value of taxTypeDropList : " + taxTypeDropList[i]): null

2021-11-08 12:17:26 - [TEST_STEP][PASSED] - selectOptionByLabel(findTestObject(orPath_Landing + "/dd_TaxType"), taxTypeDropList[i], false): All options with label 'Estimated Tax' are selected in object 'Object Repository/RAD_Pages/Landing_Page/dd_TaxType' 

2021-11-08 12:17:27 - [MESSAGE][PASSED] - All options with label 'Estimated Tax' are selected in object 'Object Repository/RAD_Pages/Landing_Page/dd_TaxType' 

2021-11-08 12:17:27 - [TEST_STEP][PASSED] - setText(findTestObject(orPath_TaxPayer + "/input_lastName"), "Anderson"): Text 'Anderson' is set on object 'Object Repository/RAD_Pages/Taxpayer_Page/input_lastName'

2021-11-08 12:17:27 - [MESSAGE][PASSED] - Text 'Anderson' is set on object 'Object Repository/RAD_Pages/Taxpayer_Page/input_lastName'

2021-11-08 12:17:27 - [TEST_STEP][PASSED] - setText(findTestObject("RAD_RecordAndPlay/input_concatSSN"), "123441234"): Text '123441234' is set on object 'Object Repository/RAD_RecordAndPlay/input_concatSSN'

2021-11-08 12:17:28 - [MESSAGE][PASSED] - Text '123441234' is set on object 'Object Repository/RAD_RecordAndPlay/input_concatSSN'

2021-11-08 12:17:28 - [TEST_STEP][PASSED] - setText(findTestObject("RAD_RecordAndPlay/input_concatReSSN"), "123441234"): Text '123441234' is set on object 'Object Repository/RAD_RecordAndPlay/input_concatReSSN'

2021-11-08 12:17:29 - [MESSAGE][PASSED] - Text '123441234' is set on object 'Object Repository/RAD_RecordAndPlay/input_concatReSSN'

2021-11-08 12:17:29 - [TEST_STEP][PASSED] - scrollToElement(findTestObject(orPath_Amount + "/input__paymentAmount"), 3): Scroll to object 'Object Repository/RAD_Pages/PaymentAmount_Page/input__paymentAmount' successfully

2021-11-08 12:17:29 - [MESSAGE][PASSED] - Scroll to object 'Object Repository/RAD_Pages/PaymentAmount_Page/input__paymentAmount' successfully

2021-11-08 12:17:29 - [TEST_STEP][PASSED] - waitForElementClickable(findTestObject(orPath_FilingStatus + "/input_userType_Joint"), 5): Object 'Object Repository/RAD_Pages/FilingStatus_Page/input_userType_Joint' is clickable

2021-11-08 12:17:29 - [MESSAGE][PASSED] - Object 'Object Repository/RAD_Pages/FilingStatus_Page/input_userType_Joint' is clickable

2021-11-08 12:17:29 - [TEST_STEP][PASSED] - click(findTestObject(orPath_FilingStatus + "/input_userType_Joint")): Object: 'Object Repository/RAD_Pages/FilingStatus_Page/input_userType_Joint' is clicked on

2021-11-08 12:17:30 - [MESSAGE][PASSED] - Object: 'Object Repository/RAD_Pages/FilingStatus_Page/input_userType_Joint' is clicked on

2021-11-08 12:17:30 - [TEST_STEP][PASSED] - setText(findTestObject(orPath_FilingStatus + "/input_jointLastName"), "Broad"): Text 'Broad' is set on object 'Object Repository/RAD_Pages/FilingStatus_Page/input_jointLastName'

2021-11-08 12:17:31 - [MESSAGE][PASSED] - Text 'Broad' is set on object 'Object Repository/RAD_Pages/FilingStatus_Page/input_jointLastName'

2021-11-08 12:17:31 - [TEST_STEP][PASSED] - setText(findTestObject("Object Repository/RAD_RecordAndPlay/input_JointFilerSSN"), "111116523"): Text '111116523' is set on object 'Object Repository/RAD_RecordAndPlay/input_JointFilerSSN'

2021-11-08 12:17:31 - [MESSAGE][PASSED] - Text '111116523' is set on object 'Object Repository/RAD_RecordAndPlay/input_JointFilerSSN'

2021-11-08 12:17:31 - [TEST_STEP][PASSED] - setText(findTestObject("Object Repository/RAD_RecordAndPlay/input_reTypeJointFilerSSN"), "222226523"): Text '222226523' is set on object 'Object Repository/RAD_RecordAndPlay/input_reTypeJointFilerSSN'

2021-11-08 12:17:32 - [MESSAGE][PASSED] - Text '222226523' is set on object 'Object Repository/RAD_RecordAndPlay/input_reTypeJointFilerSSN'

2021-11-08 12:17:32 - [TEST_STEP][PASSED] - setText(findTestObject(orPath_FilingStatus + "/input_jointSuffix"), ""): Text '' is set on object 'Object Repository/RAD_Pages/FilingStatus_Page/input_jointSuffix'

2021-11-08 12:17:32 - [MESSAGE][PASSED] - Text '' is set on object 'Object Repository/RAD_Pages/FilingStatus_Page/input_jointSuffix'

2021-11-08 12:17:32 - [TEST_STEP][PASSED] - delay(2): Delayed 2 second(s)

2021-11-08 12:17:34 - [MESSAGE][PASSED] - Delayed 2 second(s)

2021-11-08 12:17:34 - [TEST_STEP][PASSED] - verifyTextPresent("The SSN and Re-type SSN do not match.", true): Text 'The SSN and Re-type SSN do not match.' is present on page  using regular expression

2021-11-08 12:17:35 - [MESSAGE][PASSED] - Text 'The SSN and Re-type SSN do not match.' is present on page  using regular expression

2021-11-08 12:17:35 - [TEST_STEP][PASSED] - openBrowser(""): Browser is opened with url: ''

2021-11-08 12:17:35 - [MESSAGE][WARNING] - A browser is already opened. Closing browser and opening a new one

2021-11-08 12:17:36 - [MESSAGE][INFO] - Starting 'Chrome' driver

2021-11-08 12:17:36 - [MESSAGE][INFO] - User set preference: ['acceptInsecureCerts', 'true']

2021-11-08 12:17:36 - [MESSAGE][INFO] - Action delay is set to 0 milliseconds

2021-11-08 12:17:37 - [MESSAGE][PASSED] - Browser is opened with url: ''

2021-11-08 12:17:37 - [TEST_STEP][PASSED] - maximizeWindow(): Current window maximized

2021-11-08 12:17:37 - [MESSAGE][PASSED] - Current window maximized

2021-11-08 12:17:37 - [TEST_STEP][PASSED] - navigateToUrl(RADurl): Navigate to 'https://qa.velocitypayment.com/client/rad/index.html' successfully

2021-11-08 12:17:39 - [MESSAGE][PASSED] - Navigate to 'https://qa.velocitypayment.com/client/rad/index.html' successfully

2021-11-08 12:17:39 - [TEST_STEP][PASSED] - out.println("Value of taxTypeDropList : " + taxTypeDropList[i]): null

2021-11-08 12:17:39 - [TEST_STEP][PASSED] - selectOptionByLabel(findTestObject(orPath_Landing + "/dd_TaxType"), taxTypeDropList[i], false): All options with label 'Personal Income Tax' are selected in object 'Object Repository/RAD_Pages/Landing_Page/dd_TaxType' 

2021-11-08 12:17:40 - [MESSAGE][PASSED] - All options with label 'Personal Income Tax' are selected in object 'Object Repository/RAD_Pages/Landing_Page/dd_TaxType' 

2021-11-08 12:17:40 - [TEST_STEP][PASSED] - setText(findTestObject(orPath_TaxPayer + "/input_lastName"), "Anderson"): Text 'Anderson' is set on object 'Object Repository/RAD_Pages/Taxpayer_Page/input_lastName'

2021-11-08 12:17:40 - [MESSAGE][PASSED] - Text 'Anderson' is set on object 'Object Repository/RAD_Pages/Taxpayer_Page/input_lastName'

2021-11-08 12:17:40 - [TEST_STEP][PASSED] - setText(findTestObject("RAD_RecordAndPlay/input_concatSSN"), "123441234"): Text '123441234' is set on object 'Object Repository/RAD_RecordAndPlay/input_concatSSN'

2021-11-08 12:17:41 - [MESSAGE][PASSED] - Text '123441234' is set on object 'Object Repository/RAD_RecordAndPlay/input_concatSSN'

2021-11-08 12:17:41 - [TEST_STEP][PASSED] - setText(findTestObject("RAD_RecordAndPlay/input_concatReSSN"), "123441234"): Text '123441234' is set on object 'Object Repository/RAD_RecordAndPlay/input_concatReSSN'

2021-11-08 12:17:42 - [MESSAGE][PASSED] - Text '123441234' is set on object 'Object Repository/RAD_RecordAndPlay/input_concatReSSN'

2021-11-08 12:17:42 - [TEST_STEP][PASSED] - scrollToElement(findTestObject(orPath_Amount + "/input__paymentAmount"), 3): Scroll to object 'Object Repository/RAD_Pages/PaymentAmount_Page/input__paymentAmount' successfully

2021-11-08 12:17:42 - [MESSAGE][PASSED] - Scroll to object 'Object Repository/RAD_Pages/PaymentAmount_Page/input__paymentAmount' successfully

2021-11-08 12:17:42 - [TEST_STEP][PASSED] - waitForElementClickable(findTestObject(orPath_FilingStatus + "/input_userType_Joint"), 5): Object 'Object Repository/RAD_Pages/FilingStatus_Page/input_userType_Joint' is clickable

2021-11-08 12:17:42 - [MESSAGE][PASSED] - Object 'Object Repository/RAD_Pages/FilingStatus_Page/input_userType_Joint' is clickable

2021-11-08 12:17:42 - [TEST_STEP][PASSED] - click(findTestObject(orPath_FilingStatus + "/input_userType_Joint")): Object: 'Object Repository/RAD_Pages/FilingStatus_Page/input_userType_Joint' is clicked on

2021-11-08 12:17:43 - [MESSAGE][PASSED] - Object: 'Object Repository/RAD_Pages/FilingStatus_Page/input_userType_Joint' is clicked on

2021-11-08 12:17:43 - [TEST_STEP][PASSED] - setText(findTestObject(orPath_FilingStatus + "/input_jointLastName"), "Broad"): Text 'Broad' is set on object 'Object Repository/RAD_Pages/FilingStatus_Page/input_jointLastName'

2021-11-08 12:17:44 - [MESSAGE][PASSED] - Text 'Broad' is set on object 'Object Repository/RAD_Pages/FilingStatus_Page/input_jointLastName'

2021-11-08 12:17:44 - [TEST_STEP][PASSED] - setText(findTestObject("Object Repository/RAD_RecordAndPlay/input_JointFilerSSN"), "111116523"): Text '111116523' is set on object 'Object Repository/RAD_RecordAndPlay/input_JointFilerSSN'

2021-11-08 12:17:44 - [MESSAGE][PASSED] - Text '111116523' is set on object 'Object Repository/RAD_RecordAndPlay/input_JointFilerSSN'

2021-11-08 12:17:44 - [TEST_STEP][PASSED] - setText(findTestObject("Object Repository/RAD_RecordAndPlay/input_reTypeJointFilerSSN"), "222226523"): Text '222226523' is set on object 'Object Repository/RAD_RecordAndPlay/input_reTypeJointFilerSSN'

2021-11-08 12:17:45 - [MESSAGE][PASSED] - Text '222226523' is set on object 'Object Repository/RAD_RecordAndPlay/input_reTypeJointFilerSSN'

2021-11-08 12:17:45 - [TEST_STEP][PASSED] - setText(findTestObject(orPath_FilingStatus + "/input_jointSuffix"), ""): Text '' is set on object 'Object Repository/RAD_Pages/FilingStatus_Page/input_jointSuffix'

2021-11-08 12:17:45 - [MESSAGE][PASSED] - Text '' is set on object 'Object Repository/RAD_Pages/FilingStatus_Page/input_jointSuffix'

2021-11-08 12:17:45 - [TEST_STEP][PASSED] - delay(2): Delayed 2 second(s)

2021-11-08 12:17:47 - [MESSAGE][PASSED] - Delayed 2 second(s)

2021-11-08 12:17:47 - [TEST_STEP][PASSED] - verifyTextPresent("The SSN and Re-type SSN do not match.", true): Text 'The SSN and Re-type SSN do not match.' is present on page  using regular expression

2021-11-08 12:17:48 - [MESSAGE][PASSED] - Text 'The SSN and Re-type SSN do not match.' is present on page  using regular expression

2021-11-08 12:17:48 - [TEST_STEP][PASSED] - openBrowser(""): Browser is opened with url: ''

2021-11-08 12:17:48 - [MESSAGE][WARNING] - A browser is already opened. Closing browser and opening a new one

2021-11-08 12:17:49 - [MESSAGE][INFO] - Starting 'Chrome' driver

2021-11-08 12:17:49 - [MESSAGE][INFO] - User set preference: ['acceptInsecureCerts', 'true']

2021-11-08 12:17:49 - [MESSAGE][INFO] - Action delay is set to 0 milliseconds

2021-11-08 12:17:50 - [MESSAGE][PASSED] - Browser is opened with url: ''

2021-11-08 12:17:50 - [TEST_STEP][PASSED] - maximizeWindow(): Current window maximized

2021-11-08 12:17:50 - [MESSAGE][PASSED] - Current window maximized

2021-11-08 12:17:50 - [TEST_STEP][PASSED] - navigateToUrl(RADurl): Navigate to 'https://qa.velocitypayment.com/client/rad/index.html' successfully

2021-11-08 12:17:52 - [MESSAGE][PASSED] - Navigate to 'https://qa.velocitypayment.com/client/rad/index.html' successfully

2021-11-08 12:17:52 - [TEST_STEP][PASSED] - out.println("Value of taxTypeDropList : " + taxTypeDropList[i]): null

2021-11-08 12:17:52 - [TEST_STEP][PASSED] - selectOptionByLabel(findTestObject(orPath_Landing + "/dd_TaxType"), taxTypeDropList[i], false): All options with label 'Extension Payments' are selected in object 'Object Repository/RAD_Pages/Landing_Page/dd_TaxType' 

2021-11-08 12:17:53 - [MESSAGE][PASSED] - All options with label 'Extension Payments' are selected in object 'Object Repository/RAD_Pages/Landing_Page/dd_TaxType' 

2021-11-08 12:17:53 - [TEST_STEP][PASSED] - setText(findTestObject(orPath_TaxPayer + "/input_lastName"), "Anderson"): Text 'Anderson' is set on object 'Object Repository/RAD_Pages/Taxpayer_Page/input_lastName'

2021-11-08 12:17:54 - [MESSAGE][PASSED] - Text 'Anderson' is set on object 'Object Repository/RAD_Pages/Taxpayer_Page/input_lastName'

2021-11-08 12:17:54 - [TEST_STEP][PASSED] - setText(findTestObject("RAD_RecordAndPlay/input_concatSSN"), "123441234"): Text '123441234' is set on object 'Object Repository/RAD_RecordAndPlay/input_concatSSN'

2021-11-08 12:17:54 - [MESSAGE][PASSED] - Text '123441234' is set on object 'Object Repository/RAD_RecordAndPlay/input_concatSSN'

2021-11-08 12:17:54 - [TEST_STEP][PASSED] - setText(findTestObject("RAD_RecordAndPlay/input_concatReSSN"), "123441234"): Text '123441234' is set on object 'Object Repository/RAD_RecordAndPlay/input_concatReSSN'

2021-11-08 12:17:55 - [MESSAGE][PASSED] - Text '123441234' is set on object 'Object Repository/RAD_RecordAndPlay/input_concatReSSN'

2021-11-08 12:17:55 - [TEST_STEP][PASSED] - scrollToElement(findTestObject(orPath_Amount + "/input__paymentAmount"), 3): Scroll to object 'Object Repository/RAD_Pages/PaymentAmount_Page/input__paymentAmount' successfully

2021-11-08 12:17:55 - [MESSAGE][PASSED] - Scroll to object 'Object Repository/RAD_Pages/PaymentAmount_Page/input__paymentAmount' successfully

2021-11-08 12:17:55 - [TEST_STEP][PASSED] - waitForElementClickable(findTestObject(orPath_FilingStatus + "/input_userType_Joint"), 5): Object 'Object Repository/RAD_Pages/FilingStatus_Page/input_userType_Joint' is clickable

2021-11-08 12:17:55 - [MESSAGE][PASSED] - Object 'Object Repository/RAD_Pages/FilingStatus_Page/input_userType_Joint' is clickable

2021-11-08 12:17:55 - [TEST_STEP][PASSED] - click(findTestObject(orPath_FilingStatus + "/input_userType_Joint")): Object: 'Object Repository/RAD_Pages/FilingStatus_Page/input_userType_Joint' is clicked on

2021-11-08 12:17:56 - [MESSAGE][PASSED] - Object: 'Object Repository/RAD_Pages/FilingStatus_Page/input_userType_Joint' is clicked on

2021-11-08 12:17:56 - [TEST_STEP][PASSED] - setText(findTestObject(orPath_FilingStatus + "/input_jointLastName"), "Broad"): Text 'Broad' is set on object 'Object Repository/RAD_Pages/FilingStatus_Page/input_jointLastName'

2021-11-08 12:17:57 - [MESSAGE][PASSED] - Text 'Broad' is set on object 'Object Repository/RAD_Pages/FilingStatus_Page/input_jointLastName'

2021-11-08 12:17:57 - [TEST_STEP][PASSED] - setText(findTestObject("Object Repository/RAD_RecordAndPlay/input_JointFilerSSN"), "111116523"): Text '111116523' is set on object 'Object Repository/RAD_RecordAndPlay/input_JointFilerSSN'

2021-11-08 12:17:57 - [MESSAGE][PASSED] - Text '111116523' is set on object 'Object Repository/RAD_RecordAndPlay/input_JointFilerSSN'

2021-11-08 12:17:57 - [TEST_STEP][PASSED] - setText(findTestObject("Object Repository/RAD_RecordAndPlay/input_reTypeJointFilerSSN"), "222226523"): Text '222226523' is set on object 'Object Repository/RAD_RecordAndPlay/input_reTypeJointFilerSSN'

2021-11-08 12:17:58 - [MESSAGE][PASSED] - Text '222226523' is set on object 'Object Repository/RAD_RecordAndPlay/input_reTypeJointFilerSSN'

2021-11-08 12:17:58 - [TEST_STEP][PASSED] - setText(findTestObject(orPath_FilingStatus + "/input_jointSuffix"), ""): Text '' is set on object 'Object Repository/RAD_Pages/FilingStatus_Page/input_jointSuffix'

2021-11-08 12:17:58 - [MESSAGE][PASSED] - Text '' is set on object 'Object Repository/RAD_Pages/FilingStatus_Page/input_jointSuffix'

2021-11-08 12:17:58 - [TEST_STEP][PASSED] - delay(2): Delayed 2 second(s)

2021-11-08 12:18:00 - [MESSAGE][PASSED] - Delayed 2 second(s)

2021-11-08 12:18:00 - [TEST_STEP][PASSED] - verifyTextPresent("The SSN and Re-type SSN do not match.", true): Text 'The SSN and Re-type SSN do not match.' is present on page  using regular expression

2021-11-08 12:18:01 - [MESSAGE][PASSED] - Text 'The SSN and Re-type SSN do not match.' is present on page  using regular expression]]></system-out>
         <system-err><![CDATA[]]></system-err>
      </testcase>
      <testcase name="Test Cases/RAD_TestCases/PaymentsHardCoded/Payments_HC_TC" time="1792.918" classname="Test Cases/RAD_TestCases/PaymentsHardCoded/Payments_HC_TC" status="FAILED">
         <failure type="FAILED" message="Test Cases/RAD_TestCases/PaymentsHardCoded/Payments_HC_TC FAILED.
Reason:
com.kms.katalon.core.exception.StepFailedException: Unable to set text '123451234' of object 'Object Repository/RAD_RecordAndPlay/input_concatSSN' (Root cause: com.kms.katalon.core.exception.StepFailedException: Unable to set text '123451234' of object 'Object Repository/RAD_RecordAndPlay/input_concatSSN'
	at com.kms.katalon.core.webui.keyword.internal.WebUIKeywordMain.stepFailed(WebUIKeywordMain.groovy:64)
	at com.kms.katalon.core.webui.keyword.internal.WebUIKeywordMain.runKeyword(WebUIKeywordMain.groovy:26)
	at com.kms.katalon.core.webui.keyword.builtin.SetTextKeyword.setText(SetTextKeyword.groovy:66)
	at com.kms.katalon.core.webui.keyword.builtin.SetTextKeyword.execute(SetTextKeyword.groovy:37)
	at com.kms.katalon.core.keyword.internal.KeywordExecutor.executeKeywordForPlatform(KeywordExecutor.groovy:74)
	at com.kms.katalon.core.webui.keyword.WebUiBuiltInKeywords.setText(WebUiBuiltInKeywords.groovy:980)
	at com.kms.katalon.core.webui.keyword.WebUiBuiltInKeywords$setText$11.call(Unknown Source)
	at Payments_HC_TC.run(Payments_HC_TC:124)
	at com.kms.katalon.core.main.ScriptEngine.run(ScriptEngine.java:194)
	at com.kms.katalon.core.main.ScriptEngine.runScriptAsRawText(ScriptEngine.java:119)
	at com.kms.katalon.core.main.TestCaseExecutor.runScript(TestCaseExecutor.java:430)
	at com.kms.katalon.core.main.TestCaseExecutor.doExecute(TestCaseExecutor.java:421)
	at com.kms.katalon.core.main.TestCaseExecutor.processExecutionPhase(TestCaseExecutor.java:400)
	at com.kms.katalon.core.main.TestCaseExecutor.accessMainPhase(TestCaseExecutor.java:392)
	at com.kms.katalon.core.main.TestCaseExecutor.execute(TestCaseExecutor.java:273)
	at com.kms.katalon.core.main.TestSuiteExecutor.accessTestCaseMainPhase(TestSuiteExecutor.java:202)
	at com.kms.katalon.core.main.TestSuiteExecutor.accessTestSuiteMainPhase(TestSuiteExecutor.java:164)
	at com.kms.katalon.core.main.TestSuiteExecutor.execute(TestSuiteExecutor.java:105)
	at com.kms.katalon.core.main.TestCaseMain.startTestSuite(TestCaseMain.java:185)
	at com.kms.katalon.core.main.TestCaseMain$startTestSuite$0.call(Unknown Source)
	at TempTestSuite1636391403401.run(TempTestSuite1636391403401.groovy:36)
Caused by: org.openqa.selenium.ElementNotInteractableException: element not interactable
  (Session info: chrome=95.0.4638.69)
Build info: version: '3.141.59', revision: 'e82be7d358', time: '2018-11-14T08:25:53'
System info: host: 'DESKTOP-B2QI6NS', ip: '172.30.2.167', os.name: 'Windows 10', os.arch: 'amd64', os.version: '10.0', java.version: '1.8.0_181'
Driver info: com.kms.katalon.selenium.driver.CChromeDriver
Capabilities {acceptInsecureCerts: true, browserName: chrome, browserVersion: 95.0.4638.69, chrome: {chromedriverVersion: 95.0.4638.54 (d31a821ec901f..., userDataDir: C:\Users\iahmed\AppData\Loc...}, goog:chromeOptions: {debuggerAddress: localhost:55509}, javascriptEnabled: true, networkConnectionEnabled: false, pageLoadStrategy: normal, platform: WINDOWS, platformName: WINDOWS, proxy: Proxy(), setWindowRect: true, strictFileInteractability: false, timeouts: {implicit: 0, pageLoad: 300000, script: 30000}, unhandledPromptBehavior: dismiss and notify, webauthn:extension:credBlob: true, webauthn:extension:largeBlob: true, webauthn:virtualAuthenticators: true}
Session ID: 598b5c501f60cf782fe3d626c93f8a39
	at org.openqa.selenium.remote.http.W3CHttpResponseCodec.createException(W3CHttpResponseCodec.java:187)
	at org.openqa.selenium.remote.http.W3CHttpResponseCodec.decode(W3CHttpResponseCodec.java:122)
	at org.openqa.selenium.remote.http.W3CHttpResponseCodec.decode(W3CHttpResponseCodec.java:49)
	at org.openqa.selenium.remote.HttpCommandExecutor.execute(HttpCommandExecutor.java:158)
	at org.openqa.selenium.remote.service.DriverCommandExecutor.execute(DriverCommandExecutor.java:83)
	at org.openqa.selenium.remote.RemoteWebDriver.execute(RemoteWebDriver.java:552)
	at com.kms.katalon.selenium.driver.CChromeDriver.execute(CChromeDriver.java:19)
	at org.openqa.selenium.remote.RemoteWebElement.execute(RemoteWebElement.java:285)
	at org.openqa.selenium.remote.RemoteWebElement.clear(RemoteWebElement.java:124)
	at org.openqa.selenium.support.events.EventFiringWebDriver$EventFiringWebElement.lambda$new$0(EventFiringWebDriver.java:404)
	at com.sun.proxy.$Proxy11.clear(Unknown Source)
	at org.openqa.selenium.support.events.EventFiringWebDriver$EventFiringWebElement.clear(EventFiringWebDriver.java:436)
	at com.kms.katalon.core.webui.keyword.builtin.SetTextKeyword$_setText_closure1.doCall(SetTextKeyword.groovy:53)
	at com.kms.katalon.core.webui.keyword.builtin.SetTextKeyword$_setText_closure1.call(SetTextKeyword.groovy)
	at com.kms.katalon.core.webui.keyword.internal.WebUIKeywordMain.runKeyword(WebUIKeywordMain.groovy:20)
	at com.kms.katalon.core.webui.keyword.builtin.SetTextKeyword.setText(SetTextKeyword.groovy:66)
	at com.kms.katalon.core.webui.keyword.builtin.SetTextKeyword.execute(SetTextKeyword.groovy:37)
	at com.kms.katalon.core.keyword.internal.KeywordExecutor.executeKeywordForPlatform(KeywordExecutor.groovy:74)
	at com.kms.katalon.core.webui.keyword.WebUiBuiltInKeywords.setText(WebUiBuiltInKeywords.groovy:980)
	at com.kms.katalon.core.webui.keyword.WebUiBuiltInKeywords$setText$11.call(Unknown Source)
	at Script1634674829687.run(Script1634674829687.groovy:124)
	... 13 more
)
	at com.kms.katalon.core.keyword.internal.KeywordMain.stepFailed(KeywordMain.groovy:39)
	at com.kms.katalon.core.webui.keyword.internal.WebUIKeywordMain.stepFailed(WebUIKeywordMain.groovy:64)
	at com.kms.katalon.core.webui.keyword.internal.WebUIKeywordMain.runKeyword(WebUIKeywordMain.groovy:26)
	at com.kms.katalon.core.webui.keyword.builtin.SetTextKeyword.setText(SetTextKeyword.groovy:66)
	at com.kms.katalon.core.webui.keyword.builtin.SetTextKeyword.execute(SetTextKeyword.groovy:37)
	at com.kms.katalon.core.keyword.internal.KeywordExecutor.executeKeywordForPlatform(KeywordExecutor.groovy:74)
	at com.kms.katalon.core.webui.keyword.WebUiBuiltInKeywords.setText(WebUiBuiltInKeywords.groovy:980)
	at com.kms.katalon.core.webui.keyword.WebUiBuiltInKeywords$setText$11.call(Unknown Source)
	at Payments_HC_TC.run(Payments_HC_TC:124)
	at com.kms.katalon.core.main.ScriptEngine.run(ScriptEngine.java:194)
	at com.kms.katalon.core.main.ScriptEngine.runScriptAsRawText(ScriptEngine.java:119)
	at com.kms.katalon.core.main.TestCaseExecutor.runScript(TestCaseExecutor.java:430)
	at com.kms.katalon.core.main.TestCaseExecutor.doExecute(TestCaseExecutor.java:421)
	at com.kms.katalon.core.main.TestCaseExecutor.processExecutionPhase(TestCaseExecutor.java:400)
	at com.kms.katalon.core.main.TestCaseExecutor.accessMainPhase(TestCaseExecutor.java:392)
	at com.kms.katalon.core.main.TestCaseExecutor.execute(TestCaseExecutor.java:273)
	at com.kms.katalon.core.main.TestSuiteExecutor.accessTestCaseMainPhase(TestSuiteExecutor.java:202)
	at com.kms.katalon.core.main.TestSuiteExecutor.accessTestSuiteMainPhase(TestSuiteExecutor.java:164)
	at com.kms.katalon.core.main.TestSuiteExecutor.execute(TestSuiteExecutor.java:105)
	at com.kms.katalon.core.main.TestCaseMain.startTestSuite(TestCaseMain.java:185)
	at com.kms.katalon.core.main.TestCaseMain$startTestSuite$0.call(Unknown Source)
	at TempTestSuite1636391403401.run(TempTestSuite1636391403401.groovy:36)
Caused by: com.kms.katalon.core.exception.StepFailedException: Unable to set text '123451234' of object 'Object Repository/RAD_RecordAndPlay/input_concatSSN'
	... 21 more
Caused by: org.openqa.selenium.ElementNotInteractableException: element not interactable
  (Session info: chrome=95.0.4638.69)
Build info: version: '3.141.59', revision: 'e82be7d358', time: '2018-11-14T08:25:53'
System info: host: 'DESKTOP-B2QI6NS', ip: '172.30.2.167', os.name: 'Windows 10', os.arch: 'amd64', os.version: '10.0', java.version: '1.8.0_181'
Driver info: com.kms.katalon.selenium.driver.CChromeDriver
Capabilities {acceptInsecureCerts: true, browserName: chrome, browserVersion: 95.0.4638.69, chrome: {chromedriverVersion: 95.0.4638.54 (d31a821ec901f..., userDataDir: C:\Users\iahmed\AppData\Loc...}, goog:chromeOptions: {debuggerAddress: localhost:55509}, javascriptEnabled: true, networkConnectionEnabled: false, pageLoadStrategy: normal, platform: WINDOWS, platformName: WINDOWS, proxy: Proxy(), setWindowRect: true, strictFileInteractability: false, timeouts: {implicit: 0, pageLoad: 300000, script: 30000}, unhandledPromptBehavior: dismiss and notify, webauthn:extension:credBlob: true, webauthn:extension:largeBlob: true, webauthn:virtualAuthenticators: true}
Session ID: 598b5c501f60cf782fe3d626c93f8a39
	at org.openqa.selenium.remote.http.W3CHttpResponseCodec.createException(W3CHttpResponseCodec.java:187)
	at org.openqa.selenium.remote.http.W3CHttpResponseCodec.decode(W3CHttpResponseCodec.java:122)
	at org.openqa.selenium.remote.http.W3CHttpResponseCodec.decode(W3CHttpResponseCodec.java:49)
	at org.openqa.selenium.remote.HttpCommandExecutor.execute(HttpCommandExecutor.java:158)
	at org.openqa.selenium.remote.service.DriverCommandExecutor.execute(DriverCommandExecutor.java:83)
	at org.openqa.selenium.remote.RemoteWebDriver.execute(RemoteWebDriver.java:552)
	at com.kms.katalon.selenium.driver.CChromeDriver.execute(CChromeDriver.java:19)
	at org.openqa.selenium.remote.RemoteWebElement.execute(RemoteWebElement.java:285)
	at org.openqa.selenium.remote.RemoteWebElement.clear(RemoteWebElement.java:124)
	at org.openqa.selenium.support.events.EventFiringWebDriver$EventFiringWebElement.lambda$new$0(EventFiringWebDriver.java:404)
	at com.sun.proxy.$Proxy11.clear(Unknown Source)
	at org.openqa.selenium.support.events.EventFiringWebDriver$EventFiringWebElement.clear(EventFiringWebDriver.java:436)
	at com.kms.katalon.core.webui.keyword.builtin.SetTextKeyword$_setText_closure1.doCall(SetTextKeyword.groovy:53)
	at com.kms.katalon.core.webui.keyword.builtin.SetTextKeyword$_setText_closure1.call(SetTextKeyword.groovy)
	at com.kms.katalon.core.webui.keyword.internal.WebUIKeywordMain.runKeyword(WebUIKeywordMain.groovy:20)
	... 19 more
"/>
         <system-out><![CDATA[2021-11-08 12:18:01 - [TEST_CASE][FAILED] - Test Cases/RAD_TestCases/PaymentsHardCoded/Payments_HC_TC: Test Cases/RAD_TestCases/PaymentsHardCoded/Payments_HC_TC FAILED.
Reason:
com.kms.katalon.core.exception.StepFailedException: Unable to set text '123451234' of object 'Object Repository/RAD_RecordAndPlay/input_concatSSN' (Root cause: com.kms.katalon.core.exception.StepFailedException: Unable to set text '123451234' of object 'Object Repository/RAD_RecordAndPlay/input_concatSSN'
	at com.kms.katalon.core.webui.keyword.internal.WebUIKeywordMain.stepFailed(WebUIKeywordMain.groovy:64)
	at com.kms.katalon.core.webui.keyword.internal.WebUIKeywordMain.runKeyword(WebUIKeywordMain.groovy:26)
	at com.kms.katalon.core.webui.keyword.builtin.SetTextKeyword.setText(SetTextKeyword.groovy:66)
	at com.kms.katalon.core.webui.keyword.builtin.SetTextKeyword.execute(SetTextKeyword.groovy:37)
	at com.kms.katalon.core.keyword.internal.KeywordExecutor.executeKeywordForPlatform(KeywordExecutor.groovy:74)
	at com.kms.katalon.core.webui.keyword.WebUiBuiltInKeywords.setText(WebUiBuiltInKeywords.groovy:980)
	at com.kms.katalon.core.webui.keyword.WebUiBuiltInKeywords$setText$11.call(Unknown Source)
	at Payments_HC_TC.run(Payments_HC_TC:124)
	at com.kms.katalon.core.main.ScriptEngine.run(ScriptEngine.java:194)
	at com.kms.katalon.core.main.ScriptEngine.runScriptAsRawText(ScriptEngine.java:119)
	at com.kms.katalon.core.main.TestCaseExecutor.runScript(TestCaseExecutor.java:430)
	at com.kms.katalon.core.main.TestCaseExecutor.doExecute(TestCaseExecutor.java:421)
	at com.kms.katalon.core.main.TestCaseExecutor.processExecutionPhase(TestCaseExecutor.java:400)
	at com.kms.katalon.core.main.TestCaseExecutor.accessMainPhase(TestCaseExecutor.java:392)
	at com.kms.katalon.core.main.TestCaseExecutor.execute(TestCaseExecutor.java:273)
	at com.kms.katalon.core.main.TestSuiteExecutor.accessTestCaseMainPhase(TestSuiteExecutor.java:202)
	at com.kms.katalon.core.main.TestSuiteExecutor.accessTestSuiteMainPhase(TestSuiteExecutor.java:164)
	at com.kms.katalon.core.main.TestSuiteExecutor.execute(TestSuiteExecutor.java:105)
	at com.kms.katalon.core.main.TestCaseMain.startTestSuite(TestCaseMain.java:185)
	at com.kms.katalon.core.main.TestCaseMain$startTestSuite$0.call(Unknown Source)
	at TempTestSuite1636391403401.run(TempTestSuite1636391403401.groovy:36)
Caused by: org.openqa.selenium.ElementNotInteractableException: element not interactable
  (Session info: chrome=95.0.4638.69)
Build info: version: '3.141.59', revision: 'e82be7d358', time: '2018-11-14T08:25:53'
System info: host: 'DESKTOP-B2QI6NS', ip: '172.30.2.167', os.name: 'Windows 10', os.arch: 'amd64', os.version: '10.0', java.version: '1.8.0_181'
Driver info: com.kms.katalon.selenium.driver.CChromeDriver
Capabilities {acceptInsecureCerts: true, browserName: chrome, browserVersion: 95.0.4638.69, chrome: {chromedriverVersion: 95.0.4638.54 (d31a821ec901f..., userDataDir: C:\Users\iahmed\AppData\Loc...}, goog:chromeOptions: {debuggerAddress: localhost:55509}, javascriptEnabled: true, networkConnectionEnabled: false, pageLoadStrategy: normal, platform: WINDOWS, platformName: WINDOWS, proxy: Proxy(), setWindowRect: true, strictFileInteractability: false, timeouts: {implicit: 0, pageLoad: 300000, script: 30000}, unhandledPromptBehavior: dismiss and notify, webauthn:extension:credBlob: true, webauthn:extension:largeBlob: true, webauthn:virtualAuthenticators: true}
Session ID: 598b5c501f60cf782fe3d626c93f8a39
	at org.openqa.selenium.remote.http.W3CHttpResponseCodec.createException(W3CHttpResponseCodec.java:187)
	at org.openqa.selenium.remote.http.W3CHttpResponseCodec.decode(W3CHttpResponseCodec.java:122)
	at org.openqa.selenium.remote.http.W3CHttpResponseCodec.decode(W3CHttpResponseCodec.java:49)
	at org.openqa.selenium.remote.HttpCommandExecutor.execute(HttpCommandExecutor.java:158)
	at org.openqa.selenium.remote.service.DriverCommandExecutor.execute(DriverCommandExecutor.java:83)
	at org.openqa.selenium.remote.RemoteWebDriver.execute(RemoteWebDriver.java:552)
	at com.kms.katalon.selenium.driver.CChromeDriver.execute(CChromeDriver.java:19)
	at org.openqa.selenium.remote.RemoteWebElement.execute(RemoteWebElement.java:285)
	at org.openqa.selenium.remote.RemoteWebElement.clear(RemoteWebElement.java:124)
	at org.openqa.selenium.support.events.EventFiringWebDriver$EventFiringWebElement.lambda$new$0(EventFiringWebDriver.java:404)
	at com.sun.proxy.$Proxy11.clear(Unknown Source)
	at org.openqa.selenium.support.events.EventFiringWebDriver$EventFiringWebElement.clear(EventFiringWebDriver.java:436)
	at com.kms.katalon.core.webui.keyword.builtin.SetTextKeyword$_setText_closure1.doCall(SetTextKeyword.groovy:53)
	at com.kms.katalon.core.webui.keyword.builtin.SetTextKeyword$_setText_closure1.call(SetTextKeyword.groovy)
	at com.kms.katalon.core.webui.keyword.internal.WebUIKeywordMain.runKeyword(WebUIKeywordMain.groovy:20)
	at com.kms.katalon.core.webui.keyword.builtin.SetTextKeyword.setText(SetTextKeyword.groovy:66)
	at com.kms.katalon.core.webui.keyword.builtin.SetTextKeyword.execute(SetTextKeyword.groovy:37)
	at com.kms.katalon.core.keyword.internal.KeywordExecutor.executeKeywordForPlatform(KeywordExecutor.groovy:74)
	at com.kms.katalon.core.webui.keyword.WebUiBuiltInKeywords.setText(WebUiBuiltInKeywords.groovy:980)
	at com.kms.katalon.core.webui.keyword.WebUiBuiltInKeywords$setText$11.call(Unknown Source)
	at Script1634674829687.run(Script1634674829687.groovy:124)
	... 13 more
)
	at com.kms.katalon.core.keyword.internal.KeywordMain.stepFailed(KeywordMain.groovy:39)
	at com.kms.katalon.core.webui.keyword.internal.WebUIKeywordMain.stepFailed(WebUIKeywordMain.groovy:64)
	at com.kms.katalon.core.webui.keyword.internal.WebUIKeywordMain.runKeyword(WebUIKeywordMain.groovy:26)
	at com.kms.katalon.core.webui.keyword.builtin.SetTextKeyword.setText(SetTextKeyword.groovy:66)
	at com.kms.katalon.core.webui.keyword.builtin.SetTextKeyword.execute(SetTextKeyword.groovy:37)
	at com.kms.katalon.core.keyword.internal.KeywordExecutor.executeKeywordForPlatform(KeywordExecutor.groovy:74)
	at com.kms.katalon.core.webui.keyword.WebUiBuiltInKeywords.setText(WebUiBuiltInKeywords.groovy:980)
	at com.kms.katalon.core.webui.keyword.WebUiBuiltInKeywords$setText$11.call(Unknown Source)
	at Payments_HC_TC.run(Payments_HC_TC:124)
	at com.kms.katalon.core.main.ScriptEngine.run(ScriptEngine.java:194)
	at com.kms.katalon.core.main.ScriptEngine.runScriptAsRawText(ScriptEngine.java:119)
	at com.kms.katalon.core.main.TestCaseExecutor.runScript(TestCaseExecutor.java:430)
	at com.kms.katalon.core.main.TestCaseExecutor.doExecute(TestCaseExecutor.java:421)
	at com.kms.katalon.core.main.TestCaseExecutor.processExecutionPhase(TestCaseExecutor.java:400)
	at com.kms.katalon.core.main.TestCaseExecutor.accessMainPhase(TestCaseExecutor.java:392)
	at com.kms.katalon.core.main.TestCaseExecutor.execute(TestCaseExecutor.java:273)
	at com.kms.katalon.core.main.TestSuiteExecutor.accessTestCaseMainPhase(TestSuiteExecutor.java:202)
	at com.kms.katalon.core.main.TestSuiteExecutor.accessTestSuiteMainPhase(TestSuiteExecutor.java:164)
	at com.kms.katalon.core.main.TestSuiteExecutor.execute(TestSuiteExecutor.java:105)
	at com.kms.katalon.core.main.TestCaseMain.startTestSuite(TestCaseMain.java:185)
	at com.kms.katalon.core.main.TestCaseMain$startTestSuite$0.call(Unknown Source)
	at TempTestSuite1636391403401.run(TempTestSuite1636391403401.groovy:36)
Caused by: com.kms.katalon.core.exception.StepFailedException: Unable to set text '123451234' of object 'Object Repository/RAD_RecordAndPlay/input_concatSSN'
	... 21 more
Caused by: org.openqa.selenium.ElementNotInteractableException: element not interactable
  (Session info: chrome=95.0.4638.69)
Build info: version: '3.141.59', revision: 'e82be7d358', time: '2018-11-14T08:25:53'
System info: host: 'DESKTOP-B2QI6NS', ip: '172.30.2.167', os.name: 'Windows 10', os.arch: 'amd64', os.version: '10.0', java.version: '1.8.0_181'
Driver info: com.kms.katalon.selenium.driver.CChromeDriver
Capabilities {acceptInsecureCerts: true, browserName: chrome, browserVersion: 95.0.4638.69, chrome: {chromedriverVersion: 95.0.4638.54 (d31a821ec901f..., userDataDir: C:\Users\iahmed\AppData\Loc...}, goog:chromeOptions: {debuggerAddress: localhost:55509}, javascriptEnabled: true, networkConnectionEnabled: false, pageLoadStrategy: normal, platform: WINDOWS, platformName: WINDOWS, proxy: Proxy(), setWindowRect: true, strictFileInteractability: false, timeouts: {implicit: 0, pageLoad: 300000, script: 30000}, unhandledPromptBehavior: dismiss and notify, webauthn:extension:credBlob: true, webauthn:extension:largeBlob: true, webauthn:virtualAuthenticators: true}
Session ID: 598b5c501f60cf782fe3d626c93f8a39
	at org.openqa.selenium.remote.http.W3CHttpResponseCodec.createException(W3CHttpResponseCodec.java:187)
	at org.openqa.selenium.remote.http.W3CHttpResponseCodec.decode(W3CHttpResponseCodec.java:122)
	at org.openqa.selenium.remote.http.W3CHttpResponseCodec.decode(W3CHttpResponseCodec.java:49)
	at org.openqa.selenium.remote.HttpCommandExecutor.execute(HttpCommandExecutor.java:158)
	at org.openqa.selenium.remote.service.DriverCommandExecutor.execute(DriverCommandExecutor.java:83)
	at org.openqa.selenium.remote.RemoteWebDriver.execute(RemoteWebDriver.java:552)
	at com.kms.katalon.selenium.driver.CChromeDriver.execute(CChromeDriver.java:19)
	at org.openqa.selenium.remote.RemoteWebElement.execute(RemoteWebElement.java:285)
	at org.openqa.selenium.remote.RemoteWebElement.clear(RemoteWebElement.java:124)
	at org.openqa.selenium.support.events.EventFiringWebDriver$EventFiringWebElement.lambda$new$0(EventFiringWebDriver.java:404)
	at com.sun.proxy.$Proxy11.clear(Unknown Source)
	at org.openqa.selenium.support.events.EventFiringWebDriver$EventFiringWebElement.clear(EventFiringWebDriver.java:436)
	at com.kms.katalon.core.webui.keyword.builtin.SetTextKeyword$_setText_closure1.doCall(SetTextKeyword.groovy:53)
	at com.kms.katalon.core.webui.keyword.builtin.SetTextKeyword$_setText_closure1.call(SetTextKeyword.groovy)
	at com.kms.katalon.core.webui.keyword.internal.WebUIKeywordMain.runKeyword(WebUIKeywordMain.groovy:20)
	... 19 more


2021-11-08 12:18:02 - [TEST_STEP][PASSED] - resText = "Fail": null

2021-11-08 12:18:02 - [TEST_STEP][PASSED] - resColumn = "Result": null

2021-11-08 12:18:02 - [TEST_STEP][PASSED] - datCloumn = "Date": null

2021-11-08 12:18:02 - [TEST_STEP][PASSED] - fileLoc = "C:\KatalonData\RADTestData\PaymentsHardCoded.xlsx": null

2021-11-08 12:18:02 - [TEST_STEP][PASSED] - nameSheet = "Sheet1": null

2021-11-08 12:18:02 - [TEST_STEP][PASSED] - dataFile = "RADTestData/PaymentsHardCoded": null

2021-11-08 12:18:02 - [TEST_STEP][PASSED] - ExecuteTC = <not implemented yet for class: org.codehaus.groovy.ast.expr.EmptyExpression>: null

2021-11-08 12:18:02 - [TEST_STEP][PASSED] - Taxtype = <not implemented yet for class: org.codehaus.groovy.ast.expr.EmptyExpression>: null

2021-11-08 12:18:02 - [TEST_STEP][PASSED] - PaymentType = <not implemented yet for class: org.codehaus.groovy.ast.expr.EmptyExpression>: null

2021-11-08 12:18:02 - [TEST_STEP][PASSED] - FilingYear = <not implemented yet for class: org.codehaus.groovy.ast.expr.EmptyExpression>: null

2021-11-08 12:18:02 - [TEST_STEP][PASSED] - PeriodEnding = <not implemented yet for class: org.codehaus.groovy.ast.expr.EmptyExpression>: null

2021-11-08 12:18:02 - [TEST_STEP][PASSED] - FName = <not implemented yet for class: org.codehaus.groovy.ast.expr.EmptyExpression>: null

2021-11-08 12:18:02 - [TEST_STEP][PASSED] - LName = <not implemented yet for class: org.codehaus.groovy.ast.expr.EmptyExpression>: null

2021-11-08 12:18:02 - [TEST_STEP][PASSED] - SSN = <not implemented yet for class: org.codehaus.groovy.ast.expr.EmptyExpression>: null

2021-11-08 12:18:02 - [TEST_STEP][PASSED] - AL1 = <not implemented yet for class: org.codehaus.groovy.ast.expr.EmptyExpression>: null

2021-11-08 12:18:02 - [TEST_STEP][PASSED] - City = <not implemented yet for class: org.codehaus.groovy.ast.expr.EmptyExpression>: null

2021-11-08 12:18:02 - [TEST_STEP][PASSED] - ZIP = <not implemented yet for class: org.codehaus.groovy.ast.expr.EmptyExpression>: null

2021-11-08 12:18:02 - [TEST_STEP][PASSED] - FilingType = <not implemented yet for class: org.codehaus.groovy.ast.expr.EmptyExpression>: null

2021-11-08 12:18:02 - [TEST_STEP][PASSED] - Withholding = <not implemented yet for class: org.codehaus.groovy.ast.expr.EmptyExpression>: null

2021-11-08 12:18:02 - [TEST_STEP][PASSED] - Amount = <not implemented yet for class: org.codehaus.groovy.ast.expr.EmptyExpression>: null

2021-11-08 12:18:02 - [TEST_STEP][PASSED] - CCNumber = <not implemented yet for class: org.codehaus.groovy.ast.expr.EmptyExpression>: null

2021-11-08 12:18:02 - [TEST_STEP][PASSED] - CVV = <not implemented yet for class: org.codehaus.groovy.ast.expr.EmptyExpression>: null

2021-11-08 12:18:02 - [TEST_STEP][PASSED] - numOfRows = findTestData(dataFile).getRowNumbers(): null

2021-11-08 12:18:02 - [TEST_STEP][PASSED] - println("Number of Records: " + numOfRows): null

2021-11-08 12:18:02 - [TEST_STEP][FAILED] - for ([row = 1, row <= numOfRows, (row++)]): null

2021-11-08 12:18:02 - [TEST_STEP][PASSED] - ExecuteTC = findTestData(dataFile).getValue("Execute", row): null

2021-11-08 12:18:02 - [TEST_STEP][PASSED] - PaymentType = findTestData(dataFile).getValue("PaymentType", row): null

2021-11-08 12:18:02 - [TEST_STEP][PASSED] - FilingYear = findTestData(dataFile).getValue("FilingYear", row): null

2021-11-08 12:18:02 - [TEST_STEP][PASSED] - PeriodEnding = findTestData(dataFile).getValue("PeriodEnding", row): null

2021-11-08 12:18:02 - [TEST_STEP][PASSED] - FName = findTestData(dataFile).getValue("Fname", row): null

2021-11-08 12:18:02 - [TEST_STEP][PASSED] - LName = findTestData(dataFile).getValue("Lname", row): null

2021-11-08 12:18:02 - [TEST_STEP][PASSED] - SSN = findTestData(dataFile).getValue("SSN", row): null

2021-11-08 12:18:02 - [TEST_STEP][PASSED] - BusName = findTestData(dataFile).getValue("BusName", row): null

2021-11-08 12:18:02 - [TEST_STEP][PASSED] - AL1 = findTestData(dataFile).getValue("AL1", row): null

2021-11-08 12:18:02 - [TEST_STEP][PASSED] - City = findTestData(dataFile).getValue("City", row): null

2021-11-08 12:18:02 - [TEST_STEP][PASSED] - ZIP = findTestData(dataFile).getValue("ZIP", row): null

2021-11-08 12:18:02 - [TEST_STEP][PASSED] - FilingType = findTestData(dataFile).getValue("FilingType", row): null

2021-11-08 12:18:02 - [TEST_STEP][PASSED] - Withholding = findTestData(dataFile).getValue("Withholding", row): null

2021-11-08 12:18:02 - [TEST_STEP][PASSED] - Amount = findTestData(dataFile).getValue("Amount", row): null

2021-11-08 12:18:02 - [TEST_STEP][PASSED] - CCNumber = findTestData(dataFile).getValue("CCNumber", row): null

2021-11-08 12:18:02 - [TEST_STEP][PASSED] - CVV = findTestData(dataFile).getValue("CVV", row): null

2021-11-08 12:18:02 - [TEST_STEP][PASSED] - out.println("Value of Execute is : " + ExecuteTC): null

2021-11-08 12:18:02 - [TEST_STEP][PASSED] - if (ExecuteTC.equalsIgnoreCase("Y")): null

2021-11-08 12:18:02 - [TEST_STEP][PASSED] - out.println("Begin Record Number: " + row): null

2021-11-08 12:18:02 - [TEST_STEP][PASSED] - today = new java.util.Date(): null

2021-11-08 12:18:02 - [TEST_STEP][PASSED] - println(today): null

2021-11-08 12:18:02 - [TEST_STEP][PASSED] - datText = today: null

2021-11-08 12:18:02 - [TEST_STEP][PASSED] - Taxtype = findTestData(dataFile).getValue("TaxType", row): null

2021-11-08 12:18:02 - [TEST_STEP][PASSED] - out.println("Taxtype value is : " + Taxtype): null

2021-11-08 12:18:02 - [TEST_STEP][PASSED] - openBrowser(""): Browser is opened with url: ''

2021-11-08 12:18:02 - [MESSAGE][WARNING] - A browser is already opened. Closing browser and opening a new one

2021-11-08 12:18:03 - [MESSAGE][INFO] - Starting 'Chrome' driver

2021-11-08 12:18:03 - [MESSAGE][INFO] - User set preference: ['acceptInsecureCerts', 'true']

2021-11-08 12:18:03 - [MESSAGE][INFO] - Action delay is set to 0 milliseconds

2021-11-08 12:18:05 - [MESSAGE][PASSED] - Browser is opened with url: ''

2021-11-08 12:18:05 - [TEST_STEP][PASSED] - maximizeWindow(): Current window maximized

2021-11-08 12:18:05 - [MESSAGE][PASSED] - Current window maximized

2021-11-08 12:18:05 - [TEST_STEP][PASSED] - navigateToUrl(RADurl): Navigate to 'https://qa.velocitypayment.com/client/rad/index.html' successfully

2021-11-08 12:18:07 - [MESSAGE][PASSED] - Navigate to 'https://qa.velocitypayment.com/client/rad/index.html' successfully

2021-11-08 12:18:07 - [TEST_STEP][PASSED] - orPath_Landing = "Object Repository/RAD_Pages/Landing_Page": null

2021-11-08 12:18:07 - [TEST_STEP][PASSED] - orPath_TaxTypeFilingYear = "Object Repository/RAD_Pages/TaxTypeFilingYear_Page": null

2021-11-08 12:18:07 - [TEST_STEP][PASSED] - orPath_TaxPayer = "Object Repository/RAD_Pages/Taxpayer_Page": null

2021-11-08 12:18:07 - [TEST_STEP][PASSED] - orPath_AddressContact = "Object Repository/RAD_Pages/AddressAndContactInfo_Page": null

2021-11-08 12:18:07 - [TEST_STEP][PASSED] - orPath_FilingStatus = "Object Repository/RAD_Pages/FilingStatus_Page": null

2021-11-08 12:18:07 - [TEST_STEP][PASSED] - orPath_Amount = "Object Repository/RAD_Pages/PaymentAmount_Page": null

2021-11-08 12:18:07 - [TEST_STEP][PASSED] - orPath_TaxInfo = "Object Repository/RAD_Pages/TaxInfo_Page": null

2021-11-08 12:18:07 - [TEST_STEP][PASSED] - orPath_Withholding = "Object Repository/RAD_Pages/Withholding_Page": null

2021-11-08 12:18:07 - [TEST_STEP][PASSED] - orPath_Summary = "Object Repository/RAD_Pages/Summary_Page": null

2021-11-08 12:18:07 - [TEST_STEP][PASSED] - orPath_PaymentReady = "Object Repository/RAD_Pages/PaymentReady_Page": null

2021-11-08 12:18:07 - [TEST_STEP][PASSED] - orPath_PaymentEntry = "Object Repository/RAD_Pages/PaymentEntry_Page": null

2021-11-08 12:18:07 - [TEST_STEP][PASSED] - orPath_PaymentConfirmation = "Object Repository/RAD_Pages/PaymentConfirmation_Page": null

2021-11-08 12:18:07 - [TEST_STEP][PASSED] - orPath_ServiceFeesAccept = "Object Repository/RAD_Pages/ServiceFeeAccept_Page": null

2021-11-08 12:18:07 - [TEST_STEP][PASSED] - selectOptionByLabel(findTestObject(orPath_Landing + "/dd_TaxType"), Taxtype, false): All options with label 'Estimated Tax' are selected in object 'Object Repository/RAD_Pages/Landing_Page/dd_TaxType' 

2021-11-08 12:18:07 - [MESSAGE][PASSED] - All options with label 'Estimated Tax' are selected in object 'Object Repository/RAD_Pages/Landing_Page/dd_TaxType' 

2021-11-08 12:18:07 - [TEST_STEP][PASSED] - delay(3): Delayed 3 second(s)

2021-11-08 12:18:10 - [MESSAGE][PASSED] - Delayed 3 second(s)

2021-11-08 12:18:10 - [TEST_STEP][PASSED] - switch (Taxtype): null

2021-11-08 12:18:10 - [TEST_STEP][PASSED] - case "Estimated Tax":: null

2021-11-08 12:18:10 - [TEST_STEP][PASSED] - selectOptionByLabel(findTestObject(orPath_TaxTypeFilingYear + "/select_PaymentType"), PaymentType, false): All options with label 'Personal' are selected in object 'Object Repository/RAD_Pages/TaxTypeFilingYear_Page/select_PaymentType' 

2021-11-08 12:18:11 - [MESSAGE][PASSED] - All options with label 'Personal' are selected in object 'Object Repository/RAD_Pages/TaxTypeFilingYear_Page/select_PaymentType' 

2021-11-08 12:18:11 - [TEST_STEP][PASSED] - selectOptionByLabel(findTestObject(orPath_TaxTypeFilingYear + "/select_FilingYear"), FilingYear, false): All options with label '2021' are selected in object 'Object Repository/RAD_Pages/TaxTypeFilingYear_Page/select_FilingYear' 

2021-11-08 12:18:12 - [MESSAGE][PASSED] - All options with label '2021' are selected in object 'Object Repository/RAD_Pages/TaxTypeFilingYear_Page/select_FilingYear' 

2021-11-08 12:18:12 - [TEST_STEP][PASSED] - setText(findTestObject(orPath_TaxPayer + "/input_lastName"), LName): Text 'Anderson' is set on object 'Object Repository/RAD_Pages/Taxpayer_Page/input_lastName'

2021-11-08 12:18:12 - [MESSAGE][PASSED] - Text 'Anderson' is set on object 'Object Repository/RAD_Pages/Taxpayer_Page/input_lastName'

2021-11-08 12:18:12 - [TEST_STEP][PASSED] - setText(findTestObject("RAD_RecordAndPlay/input_concatSSN"), SSN): Text '123451234' is set on object 'Object Repository/RAD_RecordAndPlay/input_concatSSN'

2021-11-08 12:18:13 - [MESSAGE][PASSED] - Text '123451234' is set on object 'Object Repository/RAD_RecordAndPlay/input_concatSSN'

2021-11-08 12:18:13 - [TEST_STEP][PASSED] - setText(findTestObject("RAD_RecordAndPlay/input_concatReSSN"), SSN): Text '123451234' is set on object 'Object Repository/RAD_RecordAndPlay/input_concatReSSN'

2021-11-08 12:18:13 - [MESSAGE][PASSED] - Text '123451234' is set on object 'Object Repository/RAD_RecordAndPlay/input_concatReSSN'

2021-11-08 12:18:13 - [TEST_STEP][PASSED] - if (PaymentType.equalsIgnoreCase("Personal")): Object 'Object Repository/RAD_Pages/FilingStatus_Page/input_userType_Individual' is checked

2021-11-08 12:18:13 - [TEST_STEP][PASSED] - if (FilingType.equalsIgnoreCase("Y")): Object 'Object Repository/RAD_Pages/FilingStatus_Page/input_userType_Individual' is checked

2021-11-08 12:18:13 - [TEST_STEP][PASSED] - check(findTestObject(orPath_FilingStatus + "/input_userType_Individual")): Object 'Object Repository/RAD_Pages/FilingStatus_Page/input_userType_Individual' is checked

2021-11-08 12:18:14 - [MESSAGE][PASSED] - Object 'Object Repository/RAD_Pages/FilingStatus_Page/input_userType_Individual' is checked

2021-11-08 12:18:14 - [TEST_STEP][PASSED] - break: null

2021-11-08 12:18:14 - [TEST_STEP][PASSED] - setText(findTestObject(orPath_TaxPayer + "/input_firstName"), FName): Text 'Jimmie' is set on object 'Object Repository/RAD_Pages/Taxpayer_Page/input_firstName'

2021-11-08 12:18:14 - [MESSAGE][PASSED] - Text 'Jimmie' is set on object 'Object Repository/RAD_Pages/Taxpayer_Page/input_firstName'

2021-11-08 12:18:14 - [TEST_STEP][PASSED] - setText(findTestObject(orPath_TaxPayer + "/input_lastName"), LName): Text 'Anderson' is set on object 'Object Repository/RAD_Pages/Taxpayer_Page/input_lastName'

2021-11-08 12:18:15 - [MESSAGE][PASSED] - Text 'Anderson' is set on object 'Object Repository/RAD_Pages/Taxpayer_Page/input_lastName'

2021-11-08 12:18:15 - [TEST_STEP][PASSED] - selectOptionByLabel(findTestObject(orPath_AddressContact + "/select_Country"), "United States", false): All options with label 'United States' are selected in object 'Object Repository/RAD_Pages/AddressAndContactInfo_Page/select_Country' 

2021-11-08 12:18:16 - [MESSAGE][PASSED] - All options with label 'United States' are selected in object 'Object Repository/RAD_Pages/AddressAndContactInfo_Page/select_Country' 

2021-11-08 12:18:16 - [TEST_STEP][PASSED] - setText(findTestObject(orPath_AddressContact + "/input_streetAddress1"), AL1): Text '15 Main Street' is set on object 'Object Repository/RAD_Pages/AddressAndContactInfo_Page/input_streetAddress1'

2021-11-08 12:18:16 - [MESSAGE][PASSED] - Text '15 Main Street' is set on object 'Object Repository/RAD_Pages/AddressAndContactInfo_Page/input_streetAddress1'

2021-11-08 12:18:16 - [TEST_STEP][PASSED] - setText(findTestObject(orPath_AddressContact + "/input_streetAddress2"), ""): Text '' is set on object 'Object Repository/RAD_Pages/AddressAndContactInfo_Page/input_streetAddress2'

2021-11-08 12:18:17 - [MESSAGE][PASSED] - Text '' is set on object 'Object Repository/RAD_Pages/AddressAndContactInfo_Page/input_streetAddress2'

2021-11-08 12:18:17 - [TEST_STEP][PASSED] - setText(findTestObject(orPath_AddressContact + "/input_city"), City): Text 'Gambrills' is set on object 'Object Repository/RAD_Pages/AddressAndContactInfo_Page/input_city'

2021-11-08 12:18:18 - [MESSAGE][PASSED] - Text 'Gambrills' is set on object 'Object Repository/RAD_Pages/AddressAndContactInfo_Page/input_city'

2021-11-08 12:18:18 - [TEST_STEP][PASSED] - selectOptionByLabel(findTestObject(orPath_AddressContact + "/select_State"), "Maryland", false): All options with label 'Maryland' are selected in object 'Object Repository/RAD_Pages/AddressAndContactInfo_Page/select_State' 

2021-11-08 12:18:18 - [MESSAGE][PASSED] - All options with label 'Maryland' are selected in object 'Object Repository/RAD_Pages/AddressAndContactInfo_Page/select_State' 

2021-11-08 12:18:18 - [TEST_STEP][PASSED] - setText(findTestObject(orPath_AddressContact + "/input_zipCode"), ZIP): Text '21054' is set on object 'Object Repository/RAD_Pages/AddressAndContactInfo_Page/input_zipCode'

2021-11-08 12:18:19 - [MESSAGE][PASSED] - Text '21054' is set on object 'Object Repository/RAD_Pages/AddressAndContactInfo_Page/input_zipCode'

2021-11-08 12:18:19 - [TEST_STEP][PASSED] - setText(findTestObject(orPath_AddressContact + "/input_phoneNumber"), "(703) 894-5000"): Text '(703) 894-5000' is set on object 'Object Repository/RAD_Pages/AddressAndContactInfo_Page/input_phoneNumber'

2021-11-08 12:18:20 - [MESSAGE][PASSED] - Text '(703) 894-5000' is set on object 'Object Repository/RAD_Pages/AddressAndContactInfo_Page/input_phoneNumber'

2021-11-08 12:18:20 - [TEST_STEP][PASSED] - setText(findTestObject(orPath_AddressContact + "/input_eMailAddress"), "iahmed@govolution.com"): Text 'iahmed@govolution.com' is set on object 'Object Repository/RAD_Pages/AddressAndContactInfo_Page/input_eMailAddress'

2021-11-08 12:18:21 - [MESSAGE][PASSED] - Text 'iahmed@govolution.com' is set on object 'Object Repository/RAD_Pages/AddressAndContactInfo_Page/input_eMailAddress'

2021-11-08 12:18:21 - [TEST_STEP][PASSED] - setText(findTestObject(orPath_AddressContact + "/input_reEnterEMailAddress"), "iahmed@govolution.com"): Text 'iahmed@govolution.com' is set on object 'Object Repository/RAD_Pages/AddressAndContactInfo_Page/input_reEnterEMailAddress'

2021-11-08 12:18:21 - [MESSAGE][PASSED] - Text 'iahmed@govolution.com' is set on object 'Object Repository/RAD_Pages/AddressAndContactInfo_Page/input_reEnterEMailAddress'

2021-11-08 12:18:21 - [TEST_STEP][PASSED] - setText(findTestObject(orPath_Amount + "/input__paymentAmount"), Amount): Text '100.00' is set on object 'Object Repository/RAD_Pages/PaymentAmount_Page/input__paymentAmount'

2021-11-08 12:18:22 - [MESSAGE][PASSED] - Text '100.00' is set on object 'Object Repository/RAD_Pages/PaymentAmount_Page/input__paymentAmount'

2021-11-08 12:18:22 - [TEST_STEP][PASSED] - scrollToElement(findTestObject(orPath_Landing + "/button_Continue"), 3): Scroll to object 'Object Repository/RAD_Pages/Landing_Page/button_Continue' successfully

2021-11-08 12:18:23 - [MESSAGE][PASSED] - Scroll to object 'Object Repository/RAD_Pages/Landing_Page/button_Continue' successfully

2021-11-08 12:18:23 - [TEST_STEP][PASSED] - waitForElementClickable(findTestObject(orPath_Landing + "/button_Continue"), 5): Object 'Object Repository/RAD_Pages/Landing_Page/button_Continue' is clickable

2021-11-08 12:18:23 - [MESSAGE][PASSED] - Object 'Object Repository/RAD_Pages/Landing_Page/button_Continue' is clickable

2021-11-08 12:18:23 - [TEST_STEP][PASSED] - click(findTestObject(orPath_Landing + "/button_Continue")): Object: 'Object Repository/RAD_Pages/Landing_Page/button_Continue' is clicked on

2021-11-08 12:18:23 - [MESSAGE][PASSED] - Object: 'Object Repository/RAD_Pages/Landing_Page/button_Continue' is clicked on

2021-11-08 12:18:23 - [TEST_STEP][PASSED] - verifyTextPresent("Review the information below and make any necessary corrections by clicking the", true): Text 'Review the information below and make any necessary corrections by clicking the' is present on page  using regular expression

2021-11-08 12:18:24 - [MESSAGE][PASSED] - Text 'Review the information below and make any necessary corrections by clicking the' is present on page  using regular expression

2021-11-08 12:18:24 - [TEST_STEP][PASSED] - verifyTextPresent("When you are confident that all the information is correct", true): Text 'When you are confident that all the information is correct' is present on page  using regular expression

2021-11-08 12:18:24 - [MESSAGE][PASSED] - Text 'When you are confident that all the information is correct' is present on page  using regular expression

2021-11-08 12:18:24 - [TEST_STEP][PASSED] - delay(1): Delayed 1 second(s)

2021-11-08 12:18:25 - [MESSAGE][PASSED] - Delayed 1 second(s)

2021-11-08 12:18:25 - [TEST_STEP][PASSED] - click(findTestObject(orPath_Summary + "/button_Proceed to Payment")): Object: 'Object Repository/RAD_Pages/Summary_Page/button_Proceed to Payment' is clicked on

2021-11-08 12:18:27 - [MESSAGE][PASSED] - Object: 'Object Repository/RAD_Pages/Summary_Page/button_Proceed to Payment' is clicked on

2021-11-08 12:18:27 - [TEST_STEP][PASSED] - setText(findTestObject(orPath_PaymentEntry + "/input__cardNumber"), CCNumber): Text '4012000098765439' is set on object 'Object Repository/RAD_Pages/PaymentEntry_Page/input__cardNumber'

2021-11-08 12:18:28 - [MESSAGE][PASSED] - Text '4012000098765439' is set on object 'Object Repository/RAD_Pages/PaymentEntry_Page/input__cardNumber'

2021-11-08 12:18:28 - [TEST_STEP][PASSED] - setText(findTestObject(orPath_PaymentEntry + "/input__spc"), CVV): Text '123' is set on object 'Object Repository/RAD_Pages/PaymentEntry_Page/input__spc'

2021-11-08 12:18:29 - [MESSAGE][PASSED] - Text '123' is set on object 'Object Repository/RAD_Pages/PaymentEntry_Page/input__spc'

2021-11-08 12:18:29 - [TEST_STEP][PASSED] - selectOptionByLabel(findTestObject(orPath_PaymentEntry + "/select_MM"), "12", false): All options with label '12' are selected in object 'Object Repository/RAD_Pages/PaymentEntry_Page/select_MM' 

2021-11-08 12:18:29 - [MESSAGE][PASSED] - All options with label '12' are selected in object 'Object Repository/RAD_Pages/PaymentEntry_Page/select_MM' 

2021-11-08 12:18:29 - [TEST_STEP][PASSED] - selectOptionByLabel(findTestObject(orPath_PaymentEntry + "/select_YYYY"), "2023", false): All options with label '2023' are selected in object 'Object Repository/RAD_Pages/PaymentEntry_Page/select_YYYY' 

2021-11-08 12:18:30 - [MESSAGE][PASSED] - All options with label '2023' are selected in object 'Object Repository/RAD_Pages/PaymentEntry_Page/select_YYYY' 

2021-11-08 12:18:30 - [TEST_STEP][PASSED] - click(findTestObject(orPath_PaymentEntry + "/input_Field_ccSubmit")): Object: 'Object Repository/RAD_Pages/PaymentEntry_Page/input_Field_ccSubmit' is clicked on

2021-11-08 12:18:31 - [MESSAGE][PASSED] - Object: 'Object Repository/RAD_Pages/PaymentEntry_Page/input_Field_ccSubmit' is clicked on

2021-11-08 12:18:31 - [TEST_STEP][PASSED] - click(findTestObject(orPath_PaymentConfirmation + "/input_N_confirmNotifyAction")): Object: 'Object Repository/RAD_Pages/PaymentConfirmation_Page/input_N_confirmNotifyAction' is clicked on

2021-11-08 12:18:32 - [MESSAGE][PASSED] - Object: 'Object Repository/RAD_Pages/PaymentConfirmation_Page/input_N_confirmNotifyAction' is clicked on

2021-11-08 12:18:32 - [TEST_STEP][PASSED] - click(findTestObject(orPath_ServiceFeesAccept + "/input_convFeeNotifyAction")): Object: 'Object Repository/RAD_Pages/ServiceFeeAccept_Page/input_convFeeNotifyAction' is clicked on

2021-11-08 12:18:34 - [MESSAGE][PASSED] - Object: 'Object Repository/RAD_Pages/ServiceFeeAccept_Page/input_convFeeNotifyAction' is clicked on

2021-11-08 12:18:34 - [TEST_STEP][PASSED] - delay(10): Delayed 10 second(s)

2021-11-08 12:18:44 - [MESSAGE][PASSED] - Delayed 10 second(s)

2021-11-08 12:18:44 - [TEST_STEP][PASSED] - verifyTextPresent("Successful Payment Receipt", true): Text 'Successful Payment Receipt' is present on page  using regular expression

2021-11-08 12:18:44 - [MESSAGE][PASSED] - Text 'Successful Payment Receipt' is present on page  using regular expression

2021-11-08 12:18:44 - [TEST_STEP][PASSED] - if (verifyTextPresent("Successful Payment Receipt", true)): null

2021-11-08 12:18:45 - [MESSAGE][PASSED] - Text 'Successful Payment Receipt' is present on page  using regular expression

2021-11-08 12:18:45 - [TEST_STEP][PASSED] - println("Transaction was Successful"): null

2021-11-08 12:18:45 - [TEST_STEP][PASSED] - out.println("Pass Record Number: " + row): null

2021-11-08 12:18:45 - [TEST_STEP][PASSED] - resText = "Pass": null

2021-11-08 12:18:45 - [TEST_STEP][PASSED] - pages.WriteExcel.demoKey(resText, datText, resColumn, datCloumn, fileLoc, nameSheet, row): pages.WriteExcel.demoKey is PASSED

2021-11-08 12:18:45 - [MESSAGE][PASSED] - pages.WriteExcel.demoKey is PASSED

2021-11-08 12:18:45 - [TEST_STEP][PASSED] - ExecuteTC = findTestData(dataFile).getValue("Execute", row): null

2021-11-08 12:18:45 - [TEST_STEP][PASSED] - PaymentType = findTestData(dataFile).getValue("PaymentType", row): null

2021-11-08 12:18:45 - [TEST_STEP][PASSED] - FilingYear = findTestData(dataFile).getValue("FilingYear", row): null

2021-11-08 12:18:45 - [TEST_STEP][PASSED] - PeriodEnding = findTestData(dataFile).getValue("PeriodEnding", row): null

2021-11-08 12:18:45 - [TEST_STEP][PASSED] - FName = findTestData(dataFile).getValue("Fname", row): null

2021-11-08 12:18:45 - [TEST_STEP][PASSED] - LName = findTestData(dataFile).getValue("Lname", row): null

2021-11-08 12:18:45 - [TEST_STEP][PASSED] - SSN = findTestData(dataFile).getValue("SSN", row): null

2021-11-08 12:18:45 - [TEST_STEP][PASSED] - BusName = findTestData(dataFile).getValue("BusName", row): null

2021-11-08 12:18:45 - [TEST_STEP][PASSED] - AL1 = findTestData(dataFile).getValue("AL1", row): null

2021-11-08 12:18:45 - [TEST_STEP][PASSED] - City = findTestData(dataFile).getValue("City", row): null

2021-11-08 12:18:45 - [TEST_STEP][PASSED] - ZIP = findTestData(dataFile).getValue("ZIP", row): null

2021-11-08 12:18:45 - [TEST_STEP][PASSED] - FilingType = findTestData(dataFile).getValue("FilingType", row): null

2021-11-08 12:18:45 - [TEST_STEP][PASSED] - Withholding = findTestData(dataFile).getValue("Withholding", row): null

2021-11-08 12:18:45 - [TEST_STEP][PASSED] - Amount = findTestData(dataFile).getValue("Amount", row): null

2021-11-08 12:18:45 - [TEST_STEP][PASSED] - CCNumber = findTestData(dataFile).getValue("CCNumber", row): null

2021-11-08 12:18:45 - [TEST_STEP][PASSED] - CVV = findTestData(dataFile).getValue("CVV", row): null

2021-11-08 12:18:45 - [TEST_STEP][PASSED] - out.println("Value of Execute is : " + ExecuteTC): null

2021-11-08 12:18:45 - [TEST_STEP][PASSED] - if (ExecuteTC.equalsIgnoreCase("Y")): null

2021-11-08 12:18:45 - [TEST_STEP][PASSED] - out.println("Begin Record Number: " + row): null

2021-11-08 12:18:45 - [TEST_STEP][PASSED] - today = new java.util.Date(): null

2021-11-08 12:18:45 - [TEST_STEP][PASSED] - println(today): null

2021-11-08 12:18:45 - [TEST_STEP][PASSED] - datText = today: null

2021-11-08 12:18:45 - [TEST_STEP][PASSED] - Taxtype = findTestData(dataFile).getValue("TaxType", row): null

2021-11-08 12:18:45 - [TEST_STEP][PASSED] - out.println("Taxtype value is : " + Taxtype): null

2021-11-08 12:18:45 - [TEST_STEP][PASSED] - openBrowser(""): Browser is opened with url: ''

2021-11-08 12:18:45 - [MESSAGE][WARNING] - A browser is already opened. Closing browser and opening a new one

2021-11-08 12:18:46 - [MESSAGE][INFO] - Starting 'Chrome' driver

2021-11-08 12:18:46 - [MESSAGE][INFO] - User set preference: ['acceptInsecureCerts', 'true']

2021-11-08 12:18:46 - [MESSAGE][INFO] - Action delay is set to 0 milliseconds

2021-11-08 12:18:47 - [MESSAGE][PASSED] - Browser is opened with url: ''

2021-11-08 12:18:47 - [TEST_STEP][PASSED] - maximizeWindow(): Current window maximized

2021-11-08 12:18:48 - [MESSAGE][PASSED] - Current window maximized

2021-11-08 12:18:48 - [TEST_STEP][PASSED] - navigateToUrl(RADurl): Navigate to 'https://qa.velocitypayment.com/client/rad/index.html' successfully

2021-11-08 12:18:49 - [MESSAGE][PASSED] - Navigate to 'https://qa.velocitypayment.com/client/rad/index.html' successfully

2021-11-08 12:18:49 - [TEST_STEP][PASSED] - orPath_Landing = "Object Repository/RAD_Pages/Landing_Page": null

2021-11-08 12:18:49 - [TEST_STEP][PASSED] - orPath_TaxTypeFilingYear = "Object Repository/RAD_Pages/TaxTypeFilingYear_Page": null

2021-11-08 12:18:49 - [TEST_STEP][PASSED] - orPath_TaxPayer = "Object Repository/RAD_Pages/Taxpayer_Page": null

2021-11-08 12:18:49 - [TEST_STEP][PASSED] - orPath_AddressContact = "Object Repository/RAD_Pages/AddressAndContactInfo_Page": null

2021-11-08 12:18:49 - [TEST_STEP][PASSED] - orPath_FilingStatus = "Object Repository/RAD_Pages/FilingStatus_Page": null

2021-11-08 12:18:49 - [TEST_STEP][PASSED] - orPath_Amount = "Object Repository/RAD_Pages/PaymentAmount_Page": null

2021-11-08 12:18:49 - [TEST_STEP][PASSED] - orPath_TaxInfo = "Object Repository/RAD_Pages/TaxInfo_Page": null

2021-11-08 12:18:49 - [TEST_STEP][PASSED] - orPath_Withholding = "Object Repository/RAD_Pages/Withholding_Page": null

2021-11-08 12:18:49 - [TEST_STEP][PASSED] - orPath_Summary = "Object Repository/RAD_Pages/Summary_Page": null

2021-11-08 12:18:49 - [TEST_STEP][PASSED] - orPath_PaymentReady = "Object Repository/RAD_Pages/PaymentReady_Page": null

2021-11-08 12:18:49 - [TEST_STEP][PASSED] - orPath_PaymentEntry = "Object Repository/RAD_Pages/PaymentEntry_Page": null

2021-11-08 12:18:49 - [TEST_STEP][PASSED] - orPath_PaymentConfirmation = "Object Repository/RAD_Pages/PaymentConfirmation_Page": null

2021-11-08 12:18:49 - [TEST_STEP][PASSED] - orPath_ServiceFeesAccept = "Object Repository/RAD_Pages/ServiceFeeAccept_Page": null

2021-11-08 12:18:49 - [TEST_STEP][PASSED] - selectOptionByLabel(findTestObject(orPath_Landing + "/dd_TaxType"), Taxtype, false): All options with label 'Estimated Tax' are selected in object 'Object Repository/RAD_Pages/Landing_Page/dd_TaxType' 

2021-11-08 12:18:50 - [MESSAGE][PASSED] - All options with label 'Estimated Tax' are selected in object 'Object Repository/RAD_Pages/Landing_Page/dd_TaxType' 

2021-11-08 12:18:50 - [TEST_STEP][PASSED] - delay(3): Delayed 3 second(s)

2021-11-08 12:18:53 - [MESSAGE][PASSED] - Delayed 3 second(s)

2021-11-08 12:18:53 - [TEST_STEP][PASSED] - switch (Taxtype): null

2021-11-08 12:18:53 - [TEST_STEP][PASSED] - case "Estimated Tax":: null

2021-11-08 12:18:53 - [TEST_STEP][PASSED] - selectOptionByLabel(findTestObject(orPath_TaxTypeFilingYear + "/select_PaymentType"), PaymentType, false): All options with label 'Personal' are selected in object 'Object Repository/RAD_Pages/TaxTypeFilingYear_Page/select_PaymentType' 

2021-11-08 12:18:54 - [MESSAGE][PASSED] - All options with label 'Personal' are selected in object 'Object Repository/RAD_Pages/TaxTypeFilingYear_Page/select_PaymentType' 

2021-11-08 12:18:54 - [TEST_STEP][PASSED] - selectOptionByLabel(findTestObject(orPath_TaxTypeFilingYear + "/select_FilingYear"), FilingYear, false): All options with label '2021' are selected in object 'Object Repository/RAD_Pages/TaxTypeFilingYear_Page/select_FilingYear' 

2021-11-08 12:18:54 - [MESSAGE][PASSED] - All options with label '2021' are selected in object 'Object Repository/RAD_Pages/TaxTypeFilingYear_Page/select_FilingYear' 

2021-11-08 12:18:54 - [TEST_STEP][PASSED] - setText(findTestObject(orPath_TaxPayer + "/input_lastName"), LName): Text 'Broad' is set on object 'Object Repository/RAD_Pages/Taxpayer_Page/input_lastName'

2021-11-08 12:18:55 - [MESSAGE][PASSED] - Text 'Broad' is set on object 'Object Repository/RAD_Pages/Taxpayer_Page/input_lastName'

2021-11-08 12:18:55 - [TEST_STEP][PASSED] - setText(findTestObject("RAD_RecordAndPlay/input_concatSSN"), SSN): Text '123456523' is set on object 'Object Repository/RAD_RecordAndPlay/input_concatSSN'

2021-11-08 12:18:56 - [MESSAGE][PASSED] - Text '123456523' is set on object 'Object Repository/RAD_RecordAndPlay/input_concatSSN'

2021-11-08 12:18:56 - [TEST_STEP][PASSED] - setText(findTestObject("RAD_RecordAndPlay/input_concatReSSN"), SSN): Text '123456523' is set on object 'Object Repository/RAD_RecordAndPlay/input_concatReSSN'

2021-11-08 12:18:56 - [MESSAGE][PASSED] - Text '123456523' is set on object 'Object Repository/RAD_RecordAndPlay/input_concatReSSN'

2021-11-08 12:18:56 - [TEST_STEP][PASSED] - if (PaymentType.equalsIgnoreCase("Personal")): Text '123443210' is set on object 'Object Repository/RAD_RecordAndPlay/input_reTypeJointFilerSSN'

2021-11-08 12:18:56 - [TEST_STEP][PASSED] - if (FilingType.equalsIgnoreCase("Y")): null

2021-11-08 12:18:56 - [TEST_STEP][PASSED] - else: Text '123443210' is set on object 'Object Repository/RAD_RecordAndPlay/input_reTypeJointFilerSSN'

2021-11-08 12:18:56 - [TEST_STEP][PASSED] - scrollToElement(findTestObject(orPath_Amount + "/input__paymentAmount"), 3): Scroll to object 'Object Repository/RAD_Pages/PaymentAmount_Page/input__paymentAmount' successfully

2021-11-08 12:18:56 - [MESSAGE][PASSED] - Scroll to object 'Object Repository/RAD_Pages/PaymentAmount_Page/input__paymentAmount' successfully

2021-11-08 12:18:56 - [TEST_STEP][PASSED] - waitForElementClickable(findTestObject(orPath_FilingStatus + "/input_userType_Joint"), 5): Object 'Object Repository/RAD_Pages/FilingStatus_Page/input_userType_Joint' is clickable

2021-11-08 12:18:57 - [MESSAGE][PASSED] - Object 'Object Repository/RAD_Pages/FilingStatus_Page/input_userType_Joint' is clickable

2021-11-08 12:18:57 - [TEST_STEP][PASSED] - check(findTestObject(orPath_FilingStatus + "/input_userType_Joint")): Object 'Object Repository/RAD_Pages/FilingStatus_Page/input_userType_Joint' is checked

2021-11-08 12:18:57 - [MESSAGE][PASSED] - Object 'Object Repository/RAD_Pages/FilingStatus_Page/input_userType_Joint' is checked

2021-11-08 12:18:57 - [TEST_STEP][PASSED] - delay(3): Delayed 3 second(s)

2021-11-08 12:19:00 - [MESSAGE][PASSED] - Delayed 3 second(s)

2021-11-08 12:19:00 - [TEST_STEP][PASSED] - setText(findTestObject(orPath_FilingStatus + "/input_jointFirstName"), "Katrina"): Text 'Katrina' is set on object 'Object Repository/RAD_Pages/FilingStatus_Page/input_jointFirstName'

2021-11-08 12:19:01 - [MESSAGE][PASSED] - Text 'Katrina' is set on object 'Object Repository/RAD_Pages/FilingStatus_Page/input_jointFirstName'

2021-11-08 12:19:01 - [TEST_STEP][PASSED] - setText(findTestObject(orPath_FilingStatus + "/input_jointLastName"), "Stokes"): Text 'Stokes' is set on object 'Object Repository/RAD_Pages/FilingStatus_Page/input_jointLastName'

2021-11-08 12:19:02 - [MESSAGE][PASSED] - Text 'Stokes' is set on object 'Object Repository/RAD_Pages/FilingStatus_Page/input_jointLastName'

2021-11-08 12:19:02 - [TEST_STEP][PASSED] - setText(findTestObject("Object Repository/RAD_RecordAndPlay/input_JointFilerSSN"), "123443210"): Text '123443210' is set on object 'Object Repository/RAD_RecordAndPlay/input_JointFilerSSN'

2021-11-08 12:19:02 - [MESSAGE][PASSED] - Text '123443210' is set on object 'Object Repository/RAD_RecordAndPlay/input_JointFilerSSN'

2021-11-08 12:19:02 - [TEST_STEP][PASSED] - setText(findTestObject("Object Repository/RAD_RecordAndPlay/input_reTypeJointFilerSSN"), "123443210"): Text '123443210' is set on object 'Object Repository/RAD_RecordAndPlay/input_reTypeJointFilerSSN'

2021-11-08 12:19:03 - [MESSAGE][PASSED] - Text '123443210' is set on object 'Object Repository/RAD_RecordAndPlay/input_reTypeJointFilerSSN'

2021-11-08 12:19:03 - [TEST_STEP][PASSED] - break: null

2021-11-08 12:19:03 - [TEST_STEP][PASSED] - setText(findTestObject(orPath_TaxPayer + "/input_firstName"), FName): Text 'Stuart' is set on object 'Object Repository/RAD_Pages/Taxpayer_Page/input_firstName'

2021-11-08 12:19:04 - [MESSAGE][PASSED] - Text 'Stuart' is set on object 'Object Repository/RAD_Pages/Taxpayer_Page/input_firstName'

2021-11-08 12:19:04 - [TEST_STEP][PASSED] - setText(findTestObject(orPath_TaxPayer + "/input_lastName"), LName): Text 'Broad' is set on object 'Object Repository/RAD_Pages/Taxpayer_Page/input_lastName'

2021-11-08 12:19:04 - [MESSAGE][PASSED] - Text 'Broad' is set on object 'Object Repository/RAD_Pages/Taxpayer_Page/input_lastName'

2021-11-08 12:19:04 - [TEST_STEP][PASSED] - selectOptionByLabel(findTestObject(orPath_AddressContact + "/select_Country"), "United States", false): All options with label 'United States' are selected in object 'Object Repository/RAD_Pages/AddressAndContactInfo_Page/select_Country' 

2021-11-08 12:19:05 - [MESSAGE][PASSED] - All options with label 'United States' are selected in object 'Object Repository/RAD_Pages/AddressAndContactInfo_Page/select_Country' 

2021-11-08 12:19:05 - [TEST_STEP][PASSED] - setText(findTestObject(orPath_AddressContact + "/input_streetAddress1"), AL1): Text '15 Main Street' is set on object 'Object Repository/RAD_Pages/AddressAndContactInfo_Page/input_streetAddress1'

2021-11-08 12:19:06 - [MESSAGE][PASSED] - Text '15 Main Street' is set on object 'Object Repository/RAD_Pages/AddressAndContactInfo_Page/input_streetAddress1'

2021-11-08 12:19:06 - [TEST_STEP][PASSED] - setText(findTestObject(orPath_AddressContact + "/input_streetAddress2"), ""): Text '' is set on object 'Object Repository/RAD_Pages/AddressAndContactInfo_Page/input_streetAddress2'

2021-11-08 12:19:06 - [MESSAGE][PASSED] - Text '' is set on object 'Object Repository/RAD_Pages/AddressAndContactInfo_Page/input_streetAddress2'

2021-11-08 12:19:06 - [TEST_STEP][PASSED] - setText(findTestObject(orPath_AddressContact + "/input_city"), City): Text 'Gambrills' is set on object 'Object Repository/RAD_Pages/AddressAndContactInfo_Page/input_city'

2021-11-08 12:19:07 - [MESSAGE][PASSED] - Text 'Gambrills' is set on object 'Object Repository/RAD_Pages/AddressAndContactInfo_Page/input_city'

2021-11-08 12:19:07 - [TEST_STEP][PASSED] - selectOptionByLabel(findTestObject(orPath_AddressContact + "/select_State"), "Maryland", false): All options with label 'Maryland' are selected in object 'Object Repository/RAD_Pages/AddressAndContactInfo_Page/select_State' 

2021-11-08 12:19:08 - [MESSAGE][PASSED] - All options with label 'Maryland' are selected in object 'Object Repository/RAD_Pages/AddressAndContactInfo_Page/select_State' 

2021-11-08 12:19:08 - [TEST_STEP][PASSED] - setText(findTestObject(orPath_AddressContact + "/input_zipCode"), ZIP): Text '21054' is set on object 'Object Repository/RAD_Pages/AddressAndContactInfo_Page/input_zipCode'

2021-11-08 12:19:08 - [MESSAGE][PASSED] - Text '21054' is set on object 'Object Repository/RAD_Pages/AddressAndContactInfo_Page/input_zipCode'

2021-11-08 12:19:08 - [TEST_STEP][PASSED] - setText(findTestObject(orPath_AddressContact + "/input_phoneNumber"), "(703) 894-5000"): Text '(703) 894-5000' is set on object 'Object Repository/RAD_Pages/AddressAndContactInfo_Page/input_phoneNumber'

2021-11-08 12:19:09 - [MESSAGE][PASSED] - Text '(703) 894-5000' is set on object 'Object Repository/RAD_Pages/AddressAndContactInfo_Page/input_phoneNumber'

2021-11-08 12:19:09 - [TEST_STEP][PASSED] - setText(findTestObject(orPath_AddressContact + "/input_eMailAddress"), "iahmed@govolution.com"): Text 'iahmed@govolution.com' is set on object 'Object Repository/RAD_Pages/AddressAndContactInfo_Page/input_eMailAddress'

2021-11-08 12:19:10 - [MESSAGE][PASSED] - Text 'iahmed@govolution.com' is set on object 'Object Repository/RAD_Pages/AddressAndContactInfo_Page/input_eMailAddress'

2021-11-08 12:19:10 - [TEST_STEP][PASSED] - setText(findTestObject(orPath_AddressContact + "/input_reEnterEMailAddress"), "iahmed@govolution.com"): Text 'iahmed@govolution.com' is set on object 'Object Repository/RAD_Pages/AddressAndContactInfo_Page/input_reEnterEMailAddress'

2021-11-08 12:19:11 - [MESSAGE][PASSED] - Text 'iahmed@govolution.com' is set on object 'Object Repository/RAD_Pages/AddressAndContactInfo_Page/input_reEnterEMailAddress'

2021-11-08 12:19:11 - [TEST_STEP][PASSED] - setText(findTestObject(orPath_Amount + "/input__paymentAmount"), Amount): Text '100.00' is set on object 'Object Repository/RAD_Pages/PaymentAmount_Page/input__paymentAmount'

2021-11-08 12:19:11 - [MESSAGE][PASSED] - Text '100.00' is set on object 'Object Repository/RAD_Pages/PaymentAmount_Page/input__paymentAmount'

2021-11-08 12:19:11 - [TEST_STEP][PASSED] - scrollToElement(findTestObject(orPath_Landing + "/button_Continue"), 3): Scroll to object 'Object Repository/RAD_Pages/Landing_Page/button_Continue' successfully

2021-11-08 12:19:12 - [MESSAGE][PASSED] - Scroll to object 'Object Repository/RAD_Pages/Landing_Page/button_Continue' successfully

2021-11-08 12:19:12 - [TEST_STEP][PASSED] - waitForElementClickable(findTestObject(orPath_Landing + "/button_Continue"), 5): Object 'Object Repository/RAD_Pages/Landing_Page/button_Continue' is clickable

2021-11-08 12:19:12 - [MESSAGE][PASSED] - Object 'Object Repository/RAD_Pages/Landing_Page/button_Continue' is clickable

2021-11-08 12:19:12 - [TEST_STEP][PASSED] - click(findTestObject(orPath_Landing + "/button_Continue")): Object: 'Object Repository/RAD_Pages/Landing_Page/button_Continue' is clicked on

2021-11-08 12:19:13 - [MESSAGE][PASSED] - Object: 'Object Repository/RAD_Pages/Landing_Page/button_Continue' is clicked on

2021-11-08 12:19:13 - [TEST_STEP][PASSED] - verifyTextPresent("Review the information below and make any necessary corrections by clicking the", true): Text 'Review the information below and make any necessary corrections by clicking the' is present on page  using regular expression

2021-11-08 12:19:13 - [MESSAGE][PASSED] - Text 'Review the information below and make any necessary corrections by clicking the' is present on page  using regular expression

2021-11-08 12:19:13 - [TEST_STEP][PASSED] - verifyTextPresent("When you are confident that all the information is correct", true): Text 'When you are confident that all the information is correct' is present on page  using regular expression

2021-11-08 12:19:14 - [MESSAGE][PASSED] - Text 'When you are confident that all the information is correct' is present on page  using regular expression

2021-11-08 12:19:14 - [TEST_STEP][PASSED] - delay(1): Delayed 1 second(s)

2021-11-08 12:19:15 - [MESSAGE][PASSED] - Delayed 1 second(s)

2021-11-08 12:19:15 - [TEST_STEP][PASSED] - click(findTestObject(orPath_Summary + "/button_Proceed to Payment")): Object: 'Object Repository/RAD_Pages/Summary_Page/button_Proceed to Payment' is clicked on

2021-11-08 12:19:17 - [MESSAGE][PASSED] - Object: 'Object Repository/RAD_Pages/Summary_Page/button_Proceed to Payment' is clicked on

2021-11-08 12:19:17 - [TEST_STEP][PASSED] - setText(findTestObject(orPath_PaymentEntry + "/input__cardNumber"), CCNumber): Text '5146312200000035' is set on object 'Object Repository/RAD_Pages/PaymentEntry_Page/input__cardNumber'

2021-11-08 12:19:18 - [MESSAGE][PASSED] - Text '5146312200000035' is set on object 'Object Repository/RAD_Pages/PaymentEntry_Page/input__cardNumber'

2021-11-08 12:19:18 - [TEST_STEP][PASSED] - setText(findTestObject(orPath_PaymentEntry + "/input__spc"), CVV): Text '123' is set on object 'Object Repository/RAD_Pages/PaymentEntry_Page/input__spc'

2021-11-08 12:19:18 - [MESSAGE][PASSED] - Text '123' is set on object 'Object Repository/RAD_Pages/PaymentEntry_Page/input__spc'

2021-11-08 12:19:18 - [TEST_STEP][PASSED] - selectOptionByLabel(findTestObject(orPath_PaymentEntry + "/select_MM"), "12", false): All options with label '12' are selected in object 'Object Repository/RAD_Pages/PaymentEntry_Page/select_MM' 

2021-11-08 12:19:19 - [MESSAGE][PASSED] - All options with label '12' are selected in object 'Object Repository/RAD_Pages/PaymentEntry_Page/select_MM' 

2021-11-08 12:19:19 - [TEST_STEP][PASSED] - selectOptionByLabel(findTestObject(orPath_PaymentEntry + "/select_YYYY"), "2023", false): All options with label '2023' are selected in object 'Object Repository/RAD_Pages/PaymentEntry_Page/select_YYYY' 

2021-11-08 12:19:20 - [MESSAGE][PASSED] - All options with label '2023' are selected in object 'Object Repository/RAD_Pages/PaymentEntry_Page/select_YYYY' 

2021-11-08 12:19:20 - [TEST_STEP][PASSED] - click(findTestObject(orPath_PaymentEntry + "/input_Field_ccSubmit")): Object: 'Object Repository/RAD_Pages/PaymentEntry_Page/input_Field_ccSubmit' is clicked on

2021-11-08 12:19:21 - [MESSAGE][PASSED] - Object: 'Object Repository/RAD_Pages/PaymentEntry_Page/input_Field_ccSubmit' is clicked on

2021-11-08 12:19:21 - [TEST_STEP][PASSED] - click(findTestObject(orPath_PaymentConfirmation + "/input_N_confirmNotifyAction")): Object: 'Object Repository/RAD_Pages/PaymentConfirmation_Page/input_N_confirmNotifyAction' is clicked on

2021-11-08 12:19:22 - [MESSAGE][PASSED] - Object: 'Object Repository/RAD_Pages/PaymentConfirmation_Page/input_N_confirmNotifyAction' is clicked on

2021-11-08 12:19:22 - [TEST_STEP][PASSED] - click(findTestObject(orPath_ServiceFeesAccept + "/input_convFeeNotifyAction")): Object: 'Object Repository/RAD_Pages/ServiceFeeAccept_Page/input_convFeeNotifyAction' is clicked on

2021-11-08 12:19:24 - [MESSAGE][PASSED] - Object: 'Object Repository/RAD_Pages/ServiceFeeAccept_Page/input_convFeeNotifyAction' is clicked on

2021-11-08 12:19:24 - [TEST_STEP][PASSED] - delay(10): Delayed 10 second(s)

2021-11-08 12:19:34 - [MESSAGE][PASSED] - Delayed 10 second(s)

2021-11-08 12:19:34 - [TEST_STEP][PASSED] - verifyTextPresent("Successful Payment Receipt", true): Text 'Successful Payment Receipt' is present on page  using regular expression

2021-11-08 12:19:34 - [MESSAGE][PASSED] - Text 'Successful Payment Receipt' is present on page  using regular expression

2021-11-08 12:19:34 - [TEST_STEP][PASSED] - if (verifyTextPresent("Successful Payment Receipt", true)): null

2021-11-08 12:19:35 - [MESSAGE][PASSED] - Text 'Successful Payment Receipt' is present on page  using regular expression

2021-11-08 12:19:35 - [TEST_STEP][PASSED] - println("Transaction was Successful"): null

2021-11-08 12:19:35 - [TEST_STEP][PASSED] - out.println("Pass Record Number: " + row): null

2021-11-08 12:19:35 - [TEST_STEP][PASSED] - resText = "Pass": null

2021-11-08 12:19:35 - [TEST_STEP][PASSED] - pages.WriteExcel.demoKey(resText, datText, resColumn, datCloumn, fileLoc, nameSheet, row): pages.WriteExcel.demoKey is PASSED

2021-11-08 12:19:35 - [MESSAGE][PASSED] - pages.WriteExcel.demoKey is PASSED

2021-11-08 12:19:35 - [TEST_STEP][PASSED] - ExecuteTC = findTestData(dataFile).getValue("Execute", row): null

2021-11-08 12:19:35 - [TEST_STEP][PASSED] - PaymentType = findTestData(dataFile).getValue("PaymentType", row): null

2021-11-08 12:19:35 - [TEST_STEP][PASSED] - FilingYear = findTestData(dataFile).getValue("FilingYear", row): null

2021-11-08 12:19:35 - [TEST_STEP][PASSED] - PeriodEnding = findTestData(dataFile).getValue("PeriodEnding", row): null

2021-11-08 12:19:35 - [TEST_STEP][PASSED] - FName = findTestData(dataFile).getValue("Fname", row): null

2021-11-08 12:19:35 - [TEST_STEP][PASSED] - LName = findTestData(dataFile).getValue("Lname", row): null

2021-11-08 12:19:35 - [TEST_STEP][PASSED] - SSN = findTestData(dataFile).getValue("SSN", row): null

2021-11-08 12:19:35 - [TEST_STEP][PASSED] - BusName = findTestData(dataFile).getValue("BusName", row): null

2021-11-08 12:19:35 - [TEST_STEP][PASSED] - AL1 = findTestData(dataFile).getValue("AL1", row): null

2021-11-08 12:19:35 - [TEST_STEP][PASSED] - City = findTestData(dataFile).getValue("City", row): null

2021-11-08 12:19:35 - [TEST_STEP][PASSED] - ZIP = findTestData(dataFile).getValue("ZIP", row): null

2021-11-08 12:19:35 - [TEST_STEP][PASSED] - FilingType = findTestData(dataFile).getValue("FilingType", row): null

2021-11-08 12:19:35 - [TEST_STEP][PASSED] - Withholding = findTestData(dataFile).getValue("Withholding", row): null

2021-11-08 12:19:35 - [TEST_STEP][PASSED] - Amount = findTestData(dataFile).getValue("Amount", row): null

2021-11-08 12:19:35 - [TEST_STEP][PASSED] - CCNumber = findTestData(dataFile).getValue("CCNumber", row): null

2021-11-08 12:19:35 - [TEST_STEP][PASSED] - CVV = findTestData(dataFile).getValue("CVV", row): null

2021-11-08 12:19:35 - [TEST_STEP][PASSED] - out.println("Value of Execute is : " + ExecuteTC): null

2021-11-08 12:19:35 - [TEST_STEP][FAILED] - if (ExecuteTC.equalsIgnoreCase("Y")): null

2021-11-08 12:19:35 - [TEST_STEP][PASSED] - out.println("Begin Record Number: " + row): null

2021-11-08 12:19:35 - [TEST_STEP][PASSED] - today = new java.util.Date(): null

2021-11-08 12:19:35 - [TEST_STEP][PASSED] - println(today): null

2021-11-08 12:19:35 - [TEST_STEP][PASSED] - datText = today: null

2021-11-08 12:19:35 - [TEST_STEP][PASSED] - Taxtype = findTestData(dataFile).getValue("TaxType", row): null

2021-11-08 12:19:35 - [TEST_STEP][PASSED] - out.println("Taxtype value is : " + Taxtype): null

2021-11-08 12:19:35 - [TEST_STEP][PASSED] - openBrowser(""): Browser is opened with url: ''

2021-11-08 12:19:35 - [MESSAGE][WARNING] - A browser is already opened. Closing browser and opening a new one

2021-11-08 12:19:36 - [MESSAGE][INFO] - Starting 'Chrome' driver

2021-11-08 12:19:36 - [MESSAGE][INFO] - User set preference: ['acceptInsecureCerts', 'true']

2021-11-08 12:19:36 - [MESSAGE][INFO] - Action delay is set to 0 milliseconds

2021-11-08 12:19:38 - [MESSAGE][PASSED] - Browser is opened with url: ''

2021-11-08 12:19:38 - [TEST_STEP][PASSED] - maximizeWindow(): Current window maximized

2021-11-08 12:19:38 - [MESSAGE][PASSED] - Current window maximized

2021-11-08 12:19:38 - [TEST_STEP][PASSED] - navigateToUrl(RADurl): Navigate to 'https://qa.velocitypayment.com/client/rad/index.html' successfully

2021-11-08 12:19:40 - [MESSAGE][PASSED] - Navigate to 'https://qa.velocitypayment.com/client/rad/index.html' successfully

2021-11-08 12:19:40 - [TEST_STEP][PASSED] - orPath_Landing = "Object Repository/RAD_Pages/Landing_Page": null

2021-11-08 12:19:40 - [TEST_STEP][PASSED] - orPath_TaxTypeFilingYear = "Object Repository/RAD_Pages/TaxTypeFilingYear_Page": null

2021-11-08 12:19:40 - [TEST_STEP][PASSED] - orPath_TaxPayer = "Object Repository/RAD_Pages/Taxpayer_Page": null

2021-11-08 12:19:40 - [TEST_STEP][PASSED] - orPath_AddressContact = "Object Repository/RAD_Pages/AddressAndContactInfo_Page": null

2021-11-08 12:19:40 - [TEST_STEP][PASSED] - orPath_FilingStatus = "Object Repository/RAD_Pages/FilingStatus_Page": null

2021-11-08 12:19:40 - [TEST_STEP][PASSED] - orPath_Amount = "Object Repository/RAD_Pages/PaymentAmount_Page": null

2021-11-08 12:19:40 - [TEST_STEP][PASSED] - orPath_TaxInfo = "Object Repository/RAD_Pages/TaxInfo_Page": null

2021-11-08 12:19:40 - [TEST_STEP][PASSED] - orPath_Withholding = "Object Repository/RAD_Pages/Withholding_Page": null

2021-11-08 12:19:40 - [TEST_STEP][PASSED] - orPath_Summary = "Object Repository/RAD_Pages/Summary_Page": null

2021-11-08 12:19:40 - [TEST_STEP][PASSED] - orPath_PaymentReady = "Object Repository/RAD_Pages/PaymentReady_Page": null

2021-11-08 12:19:40 - [TEST_STEP][PASSED] - orPath_PaymentEntry = "Object Repository/RAD_Pages/PaymentEntry_Page": null

2021-11-08 12:19:40 - [TEST_STEP][PASSED] - orPath_PaymentConfirmation = "Object Repository/RAD_Pages/PaymentConfirmation_Page": null

2021-11-08 12:19:40 - [TEST_STEP][PASSED] - orPath_ServiceFeesAccept = "Object Repository/RAD_Pages/ServiceFeeAccept_Page": null

2021-11-08 12:19:40 - [TEST_STEP][PASSED] - selectOptionByLabel(findTestObject(orPath_Landing + "/dd_TaxType"), Taxtype, false): All options with label 'Estimated Tax' are selected in object 'Object Repository/RAD_Pages/Landing_Page/dd_TaxType' 

2021-11-08 12:19:40 - [MESSAGE][PASSED] - All options with label 'Estimated Tax' are selected in object 'Object Repository/RAD_Pages/Landing_Page/dd_TaxType' 

2021-11-08 12:19:40 - [TEST_STEP][PASSED] - delay(3): Delayed 3 second(s)

2021-11-08 12:19:43 - [MESSAGE][PASSED] - Delayed 3 second(s)

2021-11-08 12:19:43 - [TEST_STEP][FAILED] - switch (Taxtype): null

2021-11-08 12:19:43 - [TEST_STEP][FAILED] - case "Estimated Tax":: null

2021-11-08 12:19:43 - [TEST_STEP][PASSED] - selectOptionByLabel(findTestObject(orPath_TaxTypeFilingYear + "/select_PaymentType"), PaymentType, false): All options with label 'Corporate' are selected in object 'Object Repository/RAD_Pages/TaxTypeFilingYear_Page/select_PaymentType' 

2021-11-08 12:19:44 - [MESSAGE][PASSED] - All options with label 'Corporate' are selected in object 'Object Repository/RAD_Pages/TaxTypeFilingYear_Page/select_PaymentType' 

2021-11-08 12:19:44 - [TEST_STEP][PASSED] - selectOptionByLabel(findTestObject(orPath_TaxTypeFilingYear + "/select_FilingYear"), FilingYear, false): All options with label '2021' are selected in object 'Object Repository/RAD_Pages/TaxTypeFilingYear_Page/select_FilingYear' 

2021-11-08 12:19:44 - [MESSAGE][PASSED] - All options with label '2021' are selected in object 'Object Repository/RAD_Pages/TaxTypeFilingYear_Page/select_FilingYear' 

2021-11-08 12:19:44 - [TEST_STEP][PASSED] - setText(findTestObject(orPath_TaxPayer + "/input_lastName"), LName): Text 'Anderson' is set on object 'Object Repository/RAD_Pages/Taxpayer_Page/input_lastName'

2021-11-08 12:19:45 - [MESSAGE][PASSED] - Text 'Anderson' is set on object 'Object Repository/RAD_Pages/Taxpayer_Page/input_lastName'

2021-11-08 12:19:45 - [TEST_STEP][FAILED] - setText(findTestObject("RAD_RecordAndPlay/input_concatSSN"), SSN): Unable to set text '123451234' of object 'Object Repository/RAD_RecordAndPlay/input_concatSSN' (Root cause: com.kms.katalon.core.exception.StepFailedException: Unable to set text '123451234' of object 'Object Repository/RAD_RecordAndPlay/input_concatSSN'
	at com.kms.katalon.core.webui.keyword.internal.WebUIKeywordMain.stepFailed(WebUIKeywordMain.groovy:64)
	at com.kms.katalon.core.webui.keyword.internal.WebUIKeywordMain.runKeyword(WebUIKeywordMain.groovy:26)
	at com.kms.katalon.core.webui.keyword.builtin.SetTextKeyword.setText(SetTextKeyword.groovy:66)
	at com.kms.katalon.core.webui.keyword.builtin.SetTextKeyword.execute(SetTextKeyword.groovy:37)
	at com.kms.katalon.core.keyword.internal.KeywordExecutor.executeKeywordForPlatform(KeywordExecutor.groovy:74)
	at com.kms.katalon.core.webui.keyword.WebUiBuiltInKeywords.setText(WebUiBuiltInKeywords.groovy:980)
	at com.kms.katalon.core.webui.keyword.WebUiBuiltInKeywords$setText$11.call(Unknown Source)
	at Payments_HC_TC.run(Payments_HC_TC:124)
	at com.kms.katalon.core.main.ScriptEngine.run(ScriptEngine.java:194)
	at com.kms.katalon.core.main.ScriptEngine.runScriptAsRawText(ScriptEngine.java:119)
	at com.kms.katalon.core.main.TestCaseExecutor.runScript(TestCaseExecutor.java:430)
	at com.kms.katalon.core.main.TestCaseExecutor.doExecute(TestCaseExecutor.java:421)
	at com.kms.katalon.core.main.TestCaseExecutor.processExecutionPhase(TestCaseExecutor.java:400)
	at com.kms.katalon.core.main.TestCaseExecutor.accessMainPhase(TestCaseExecutor.java:392)
	at com.kms.katalon.core.main.TestCaseExecutor.execute(TestCaseExecutor.java:273)
	at com.kms.katalon.core.main.TestSuiteExecutor.accessTestCaseMainPhase(TestSuiteExecutor.java:202)
	at com.kms.katalon.core.main.TestSuiteExecutor.accessTestSuiteMainPhase(TestSuiteExecutor.java:164)
	at com.kms.katalon.core.main.TestSuiteExecutor.execute(TestSuiteExecutor.java:105)
	at com.kms.katalon.core.main.TestCaseMain.startTestSuite(TestCaseMain.java:185)
	at com.kms.katalon.core.main.TestCaseMain$startTestSuite$0.call(Unknown Source)
	at TempTestSuite1636391403401.run(TempTestSuite1636391403401.groovy:36)
Caused by: org.openqa.selenium.ElementNotInteractableException: element not interactable
  (Session info: chrome=95.0.4638.69)
Build info: version: '3.141.59', revision: 'e82be7d358', time: '2018-11-14T08:25:53'
System info: host: 'DESKTOP-B2QI6NS', ip: '172.30.2.167', os.name: 'Windows 10', os.arch: 'amd64', os.version: '10.0', java.version: '1.8.0_181'
Driver info: com.kms.katalon.selenium.driver.CChromeDriver
Capabilities {acceptInsecureCerts: true, browserName: chrome, browserVersion: 95.0.4638.69, chrome: {chromedriverVersion: 95.0.4638.54 (d31a821ec901f..., userDataDir: C:\Users\iahmed\AppData\Loc...}, goog:chromeOptions: {debuggerAddress: localhost:55509}, javascriptEnabled: true, networkConnectionEnabled: false, pageLoadStrategy: normal, platform: WINDOWS, platformName: WINDOWS, proxy: Proxy(), setWindowRect: true, strictFileInteractability: false, timeouts: {implicit: 0, pageLoad: 300000, script: 30000}, unhandledPromptBehavior: dismiss and notify, webauthn:extension:credBlob: true, webauthn:extension:largeBlob: true, webauthn:virtualAuthenticators: true}
Session ID: 598b5c501f60cf782fe3d626c93f8a39
	at org.openqa.selenium.remote.http.W3CHttpResponseCodec.createException(W3CHttpResponseCodec.java:187)
	at org.openqa.selenium.remote.http.W3CHttpResponseCodec.decode(W3CHttpResponseCodec.java:122)
	at org.openqa.selenium.remote.http.W3CHttpResponseCodec.decode(W3CHttpResponseCodec.java:49)
	at org.openqa.selenium.remote.HttpCommandExecutor.execute(HttpCommandExecutor.java:158)
	at org.openqa.selenium.remote.service.DriverCommandExecutor.execute(DriverCommandExecutor.java:83)
	at org.openqa.selenium.remote.RemoteWebDriver.execute(RemoteWebDriver.java:552)
	at com.kms.katalon.selenium.driver.CChromeDriver.execute(CChromeDriver.java:19)
	at org.openqa.selenium.remote.RemoteWebElement.execute(RemoteWebElement.java:285)
	at org.openqa.selenium.remote.RemoteWebElement.clear(RemoteWebElement.java:124)
	at org.openqa.selenium.support.events.EventFiringWebDriver$EventFiringWebElement.lambda$new$0(EventFiringWebDriver.java:404)
	at com.sun.proxy.$Proxy11.clear(Unknown Source)
	at org.openqa.selenium.support.events.EventFiringWebDriver$EventFiringWebElement.clear(EventFiringWebDriver.java:436)
	at com.kms.katalon.core.webui.keyword.builtin.SetTextKeyword$_setText_closure1.doCall(SetTextKeyword.groovy:53)
	at com.kms.katalon.core.webui.keyword.builtin.SetTextKeyword$_setText_closure1.call(SetTextKeyword.groovy)
	at com.kms.katalon.core.webui.keyword.internal.WebUIKeywordMain.runKeyword(WebUIKeywordMain.groovy:20)
	at com.kms.katalon.core.webui.keyword.builtin.SetTextKeyword.setText(SetTextKeyword.groovy:66)
	at com.kms.katalon.core.webui.keyword.builtin.SetTextKeyword.execute(SetTextKeyword.groovy:37)
	at com.kms.katalon.core.keyword.internal.KeywordExecutor.executeKeywordForPlatform(KeywordExecutor.groovy:74)
	at com.kms.katalon.core.webui.keyword.WebUiBuiltInKeywords.setText(WebUiBuiltInKeywords.groovy:980)
	at com.kms.katalon.core.webui.keyword.WebUiBuiltInKeywords$setText$11.call(Unknown Source)
	at Script1634674829687.run(Script1634674829687.groovy:124)
	... 13 more
)

2021-11-08 12:19:46 - [MESSAGE][FAILED] - Unable to set text '123451234' of object 'Object Repository/RAD_RecordAndPlay/input_concatSSN' (Root cause: com.kms.katalon.core.exception.StepFailedException: Unable to set text '123451234' of object 'Object Repository/RAD_RecordAndPlay/input_concatSSN'
	at com.kms.katalon.core.webui.keyword.internal.WebUIKeywordMain.stepFailed(WebUIKeywordMain.groovy:64)
	at com.kms.katalon.core.webui.keyword.internal.WebUIKeywordMain.runKeyword(WebUIKeywordMain.groovy:26)
	at com.kms.katalon.core.webui.keyword.builtin.SetTextKeyword.setText(SetTextKeyword.groovy:66)
	at com.kms.katalon.core.webui.keyword.builtin.SetTextKeyword.execute(SetTextKeyword.groovy:37)
	at com.kms.katalon.core.keyword.internal.KeywordExecutor.executeKeywordForPlatform(KeywordExecutor.groovy:74)
	at com.kms.katalon.core.webui.keyword.WebUiBuiltInKeywords.setText(WebUiBuiltInKeywords.groovy:980)
	at com.kms.katalon.core.webui.keyword.WebUiBuiltInKeywords$setText$11.call(Unknown Source)
	at Payments_HC_TC.run(Payments_HC_TC:124)
	at com.kms.katalon.core.main.ScriptEngine.run(ScriptEngine.java:194)
	at com.kms.katalon.core.main.ScriptEngine.runScriptAsRawText(ScriptEngine.java:119)
	at com.kms.katalon.core.main.TestCaseExecutor.runScript(TestCaseExecutor.java:430)
	at com.kms.katalon.core.main.TestCaseExecutor.doExecute(TestCaseExecutor.java:421)
	at com.kms.katalon.core.main.TestCaseExecutor.processExecutionPhase(TestCaseExecutor.java:400)
	at com.kms.katalon.core.main.TestCaseExecutor.accessMainPhase(TestCaseExecutor.java:392)
	at com.kms.katalon.core.main.TestCaseExecutor.execute(TestCaseExecutor.java:273)
	at com.kms.katalon.core.main.TestSuiteExecutor.accessTestCaseMainPhase(TestSuiteExecutor.java:202)
	at com.kms.katalon.core.main.TestSuiteExecutor.accessTestSuiteMainPhase(TestSuiteExecutor.java:164)
	at com.kms.katalon.core.main.TestSuiteExecutor.execute(TestSuiteExecutor.java:105)
	at com.kms.katalon.core.main.TestCaseMain.startTestSuite(TestCaseMain.java:185)
	at com.kms.katalon.core.main.TestCaseMain$startTestSuite$0.call(Unknown Source)
	at TempTestSuite1636391403401.run(TempTestSuite1636391403401.groovy:36)
Caused by: org.openqa.selenium.ElementNotInteractableException: element not interactable
  (Session info: chrome=95.0.4638.69)
Build info: version: '3.141.59', revision: 'e82be7d358', time: '2018-11-14T08:25:53'
System info: host: 'DESKTOP-B2QI6NS', ip: '172.30.2.167', os.name: 'Windows 10', os.arch: 'amd64', os.version: '10.0', java.version: '1.8.0_181'
Driver info: com.kms.katalon.selenium.driver.CChromeDriver
Capabilities {acceptInsecureCerts: true, browserName: chrome, browserVersion: 95.0.4638.69, chrome: {chromedriverVersion: 95.0.4638.54 (d31a821ec901f..., userDataDir: C:\Users\iahmed\AppData\Loc...}, goog:chromeOptions: {debuggerAddress: localhost:55509}, javascriptEnabled: true, networkConnectionEnabled: false, pageLoadStrategy: normal, platform: WINDOWS, platformName: WINDOWS, proxy: Proxy(), setWindowRect: true, strictFileInteractability: false, timeouts: {implicit: 0, pageLoad: 300000, script: 30000}, unhandledPromptBehavior: dismiss and notify, webauthn:extension:credBlob: true, webauthn:extension:largeBlob: true, webauthn:virtualAuthenticators: true}
Session ID: 598b5c501f60cf782fe3d626c93f8a39
	at org.openqa.selenium.remote.http.W3CHttpResponseCodec.createException(W3CHttpResponseCodec.java:187)
	at org.openqa.selenium.remote.http.W3CHttpResponseCodec.decode(W3CHttpResponseCodec.java:122)
	at org.openqa.selenium.remote.http.W3CHttpResponseCodec.decode(W3CHttpResponseCodec.java:49)
	at org.openqa.selenium.remote.HttpCommandExecutor.execute(HttpCommandExecutor.java:158)
	at org.openqa.selenium.remote.service.DriverCommandExecutor.execute(DriverCommandExecutor.java:83)
	at org.openqa.selenium.remote.RemoteWebDriver.execute(RemoteWebDriver.java:552)
	at com.kms.katalon.selenium.driver.CChromeDriver.execute(CChromeDriver.java:19)
	at org.openqa.selenium.remote.RemoteWebElement.execute(RemoteWebElement.java:285)
	at org.openqa.selenium.remote.RemoteWebElement.clear(RemoteWebElement.java:124)
	at org.openqa.selenium.support.events.EventFiringWebDriver$EventFiringWebElement.lambda$new$0(EventFiringWebDriver.java:404)
	at com.sun.proxy.$Proxy11.clear(Unknown Source)
	at org.openqa.selenium.support.events.EventFiringWebDriver$EventFiringWebElement.clear(EventFiringWebDriver.java:436)
	at com.kms.katalon.core.webui.keyword.builtin.SetTextKeyword$_setText_closure1.doCall(SetTextKeyword.groovy:53)
	at com.kms.katalon.core.webui.keyword.builtin.SetTextKeyword$_setText_closure1.call(SetTextKeyword.groovy)
	at com.kms.katalon.core.webui.keyword.internal.WebUIKeywordMain.runKeyword(WebUIKeywordMain.groovy:20)
	at com.kms.katalon.core.webui.keyword.builtin.SetTextKeyword.setText(SetTextKeyword.groovy:66)
	at com.kms.katalon.core.webui.keyword.builtin.SetTextKeyword.execute(SetTextKeyword.groovy:37)
	at com.kms.katalon.core.keyword.internal.KeywordExecutor.executeKeywordForPlatform(KeywordExecutor.groovy:74)
	at com.kms.katalon.core.webui.keyword.WebUiBuiltInKeywords.setText(WebUiBuiltInKeywords.groovy:980)
	at com.kms.katalon.core.webui.keyword.WebUiBuiltInKeywords$setText$11.call(Unknown Source)
	at Script1634674829687.run(Script1634674829687.groovy:124)
	... 13 more
)
[[ATTACHMENT|E:\\Cloned-Project-Katalon\\VPS-Katalon\\Reports\\20211108_121003\\RAD_TestSuite\\RAD_UI_TestSuite\\20211108_121003\\1636391986121.png]]

2021-11-08 12:19:46 - [TEST_STEP][FAILED] - setText(findTestObject("RAD_RecordAndPlay/input_concatReSSN"), SSN): Unable to set text '123451234' of object 'Object Repository/RAD_RecordAndPlay/input_concatReSSN' (Root cause: com.kms.katalon.core.exception.StepFailedException: Unable to set text '123451234' of object 'Object Repository/RAD_RecordAndPlay/input_concatReSSN'
	at com.kms.katalon.core.webui.keyword.internal.WebUIKeywordMain.stepFailed(WebUIKeywordMain.groovy:64)
	at com.kms.katalon.core.webui.keyword.internal.WebUIKeywordMain.runKeyword(WebUIKeywordMain.groovy:26)
	at com.kms.katalon.core.webui.keyword.builtin.SetTextKeyword.setText(SetTextKeyword.groovy:66)
	at com.kms.katalon.core.webui.keyword.builtin.SetTextKeyword.execute(SetTextKeyword.groovy:37)
	at com.kms.katalon.core.keyword.internal.KeywordExecutor.executeKeywordForPlatform(KeywordExecutor.groovy:74)
	at com.kms.katalon.core.webui.keyword.WebUiBuiltInKeywords.setText(WebUiBuiltInKeywords.groovy:980)
	at com.kms.katalon.core.webui.keyword.WebUiBuiltInKeywords$setText$11.call(Unknown Source)
	at Payments_HC_TC.run(Payments_HC_TC:125)
	at com.kms.katalon.core.main.ScriptEngine.run(ScriptEngine.java:194)
	at com.kms.katalon.core.main.ScriptEngine.runScriptAsRawText(ScriptEngine.java:119)
	at com.kms.katalon.core.main.TestCaseExecutor.runScript(TestCaseExecutor.java:430)
	at com.kms.katalon.core.main.TestCaseExecutor.doExecute(TestCaseExecutor.java:421)
	at com.kms.katalon.core.main.TestCaseExecutor.processExecutionPhase(TestCaseExecutor.java:400)
	at com.kms.katalon.core.main.TestCaseExecutor.accessMainPhase(TestCaseExecutor.java:392)
	at com.kms.katalon.core.main.TestCaseExecutor.execute(TestCaseExecutor.java:273)
	at com.kms.katalon.core.main.TestSuiteExecutor.accessTestCaseMainPhase(TestSuiteExecutor.java:202)
	at com.kms.katalon.core.main.TestSuiteExecutor.accessTestSuiteMainPhase(TestSuiteExecutor.java:164)
	at com.kms.katalon.core.main.TestSuiteExecutor.execute(TestSuiteExecutor.java:105)
	at com.kms.katalon.core.main.TestCaseMain.startTestSuite(TestCaseMain.java:185)
	at com.kms.katalon.core.main.TestCaseMain$startTestSuite$0.call(Unknown Source)
	at TempTestSuite1636391403401.run(TempTestSuite1636391403401.groovy:36)
Caused by: org.openqa.selenium.ElementNotInteractableException: element not interactable
  (Session info: chrome=95.0.4638.69)
Build info: version: '3.141.59', revision: 'e82be7d358', time: '2018-11-14T08:25:53'
System info: host: 'DESKTOP-B2QI6NS', ip: '172.30.2.167', os.name: 'Windows 10', os.arch: 'amd64', os.version: '10.0', java.version: '1.8.0_181'
Driver info: com.kms.katalon.selenium.driver.CChromeDriver
Capabilities {acceptInsecureCerts: true, browserName: chrome, browserVersion: 95.0.4638.69, chrome: {chromedriverVersion: 95.0.4638.54 (d31a821ec901f..., userDataDir: C:\Users\iahmed\AppData\Loc...}, goog:chromeOptions: {debuggerAddress: localhost:55509}, javascriptEnabled: true, networkConnectionEnabled: false, pageLoadStrategy: normal, platform: WINDOWS, platformName: WINDOWS, proxy: Proxy(), setWindowRect: true, strictFileInteractability: false, timeouts: {implicit: 0, pageLoad: 300000, script: 30000}, unhandledPromptBehavior: dismiss and notify, webauthn:extension:credBlob: true, webauthn:extension:largeBlob: true, webauthn:virtualAuthenticators: true}
Session ID: 598b5c501f60cf782fe3d626c93f8a39
	at org.openqa.selenium.remote.http.W3CHttpResponseCodec.createException(W3CHttpResponseCodec.java:187)
	at org.openqa.selenium.remote.http.W3CHttpResponseCodec.decode(W3CHttpResponseCodec.java:122)
	at org.openqa.selenium.remote.http.W3CHttpResponseCodec.decode(W3CHttpResponseCodec.java:49)
	at org.openqa.selenium.remote.HttpCommandExecutor.execute(HttpCommandExecutor.java:158)
	at org.openqa.selenium.remote.service.DriverCommandExecutor.execute(DriverCommandExecutor.java:83)
	at org.openqa.selenium.remote.RemoteWebDriver.execute(RemoteWebDriver.java:552)
	at com.kms.katalon.selenium.driver.CChromeDriver.execute(CChromeDriver.java:19)
	at org.openqa.selenium.remote.RemoteWebElement.execute(RemoteWebElement.java:285)
	at org.openqa.selenium.remote.RemoteWebElement.clear(RemoteWebElement.java:124)
	at org.openqa.selenium.support.events.EventFiringWebDriver$EventFiringWebElement.lambda$new$0(EventFiringWebDriver.java:404)
	at com.sun.proxy.$Proxy11.clear(Unknown Source)
	at org.openqa.selenium.support.events.EventFiringWebDriver$EventFiringWebElement.clear(EventFiringWebDriver.java:436)
	at com.kms.katalon.core.webui.keyword.builtin.SetTextKeyword$_setText_closure1.doCall(SetTextKeyword.groovy:53)
	at com.kms.katalon.core.webui.keyword.builtin.SetTextKeyword$_setText_closure1.call(SetTextKeyword.groovy)
	at com.kms.katalon.core.webui.keyword.internal.WebUIKeywordMain.runKeyword(WebUIKeywordMain.groovy:20)
	at com.kms.katalon.core.webui.keyword.builtin.SetTextKeyword.setText(SetTextKeyword.groovy:66)
	at com.kms.katalon.core.webui.keyword.builtin.SetTextKeyword.execute(SetTextKeyword.groovy:37)
	at com.kms.katalon.core.keyword.internal.KeywordExecutor.executeKeywordForPlatform(KeywordExecutor.groovy:74)
	at com.kms.katalon.core.webui.keyword.WebUiBuiltInKeywords.setText(WebUiBuiltInKeywords.groovy:980)
	at com.kms.katalon.core.webui.keyword.WebUiBuiltInKeywords$setText$11.call(Unknown Source)
	at Script1634674829687.run(Script1634674829687.groovy:125)
	... 13 more
)

2021-11-08 12:19:46 - [MESSAGE][FAILED] - Unable to set text '123451234' of object 'Object Repository/RAD_RecordAndPlay/input_concatReSSN' (Root cause: com.kms.katalon.core.exception.StepFailedException: Unable to set text '123451234' of object 'Object Repository/RAD_RecordAndPlay/input_concatReSSN'
	at com.kms.katalon.core.webui.keyword.internal.WebUIKeywordMain.stepFailed(WebUIKeywordMain.groovy:64)
	at com.kms.katalon.core.webui.keyword.internal.WebUIKeywordMain.runKeyword(WebUIKeywordMain.groovy:26)
	at com.kms.katalon.core.webui.keyword.builtin.SetTextKeyword.setText(SetTextKeyword.groovy:66)
	at com.kms.katalon.core.webui.keyword.builtin.SetTextKeyword.execute(SetTextKeyword.groovy:37)
	at com.kms.katalon.core.keyword.internal.KeywordExecutor.executeKeywordForPlatform(KeywordExecutor.groovy:74)
	at com.kms.katalon.core.webui.keyword.WebUiBuiltInKeywords.setText(WebUiBuiltInKeywords.groovy:980)
	at com.kms.katalon.core.webui.keyword.WebUiBuiltInKeywords$setText$11.call(Unknown Source)
	at Payments_HC_TC.run(Payments_HC_TC:125)
	at com.kms.katalon.core.main.ScriptEngine.run(ScriptEngine.java:194)
	at com.kms.katalon.core.main.ScriptEngine.runScriptAsRawText(ScriptEngine.java:119)
	at com.kms.katalon.core.main.TestCaseExecutor.runScript(TestCaseExecutor.java:430)
	at com.kms.katalon.core.main.TestCaseExecutor.doExecute(TestCaseExecutor.java:421)
	at com.kms.katalon.core.main.TestCaseExecutor.processExecutionPhase(TestCaseExecutor.java:400)
	at com.kms.katalon.core.main.TestCaseExecutor.accessMainPhase(TestCaseExecutor.java:392)
	at com.kms.katalon.core.main.TestCaseExecutor.execute(TestCaseExecutor.java:273)
	at com.kms.katalon.core.main.TestSuiteExecutor.accessTestCaseMainPhase(TestSuiteExecutor.java:202)
	at com.kms.katalon.core.main.TestSuiteExecutor.accessTestSuiteMainPhase(TestSuiteExecutor.java:164)
	at com.kms.katalon.core.main.TestSuiteExecutor.execute(TestSuiteExecutor.java:105)
	at com.kms.katalon.core.main.TestCaseMain.startTestSuite(TestCaseMain.java:185)
	at com.kms.katalon.core.main.TestCaseMain$startTestSuite$0.call(Unknown Source)
	at TempTestSuite1636391403401.run(TempTestSuite1636391403401.groovy:36)
Caused by: org.openqa.selenium.ElementNotInteractableException: element not interactable
  (Session info: chrome=95.0.4638.69)
Build info: version: '3.141.59', revision: 'e82be7d358', time: '2018-11-14T08:25:53'
System info: host: 'DESKTOP-B2QI6NS', ip: '172.30.2.167', os.name: 'Windows 10', os.arch: 'amd64', os.version: '10.0', java.version: '1.8.0_181'
Driver info: com.kms.katalon.selenium.driver.CChromeDriver
Capabilities {acceptInsecureCerts: true, browserName: chrome, browserVersion: 95.0.4638.69, chrome: {chromedriverVersion: 95.0.4638.54 (d31a821ec901f..., userDataDir: C:\Users\iahmed\AppData\Loc...}, goog:chromeOptions: {debuggerAddress: localhost:55509}, javascriptEnabled: true, networkConnectionEnabled: false, pageLoadStrategy: normal, platform: WINDOWS, platformName: WINDOWS, proxy: Proxy(), setWindowRect: true, strictFileInteractability: false, timeouts: {implicit: 0, pageLoad: 300000, script: 30000}, unhandledPromptBehavior: dismiss and notify, webauthn:extension:credBlob: true, webauthn:extension:largeBlob: true, webauthn:virtualAuthenticators: true}
Session ID: 598b5c501f60cf782fe3d626c93f8a39
	at org.openqa.selenium.remote.http.W3CHttpResponseCodec.createException(W3CHttpResponseCodec.java:187)
	at org.openqa.selenium.remote.http.W3CHttpResponseCodec.decode(W3CHttpResponseCodec.java:122)
	at org.openqa.selenium.remote.http.W3CHttpResponseCodec.decode(W3CHttpResponseCodec.java:49)
	at org.openqa.selenium.remote.HttpCommandExecutor.execute(HttpCommandExecutor.java:158)
	at org.openqa.selenium.remote.service.DriverCommandExecutor.execute(DriverCommandExecutor.java:83)
	at org.openqa.selenium.remote.RemoteWebDriver.execute(RemoteWebDriver.java:552)
	at com.kms.katalon.selenium.driver.CChromeDriver.execute(CChromeDriver.java:19)
	at org.openqa.selenium.remote.RemoteWebElement.execute(RemoteWebElement.java:285)
	at org.openqa.selenium.remote.RemoteWebElement.clear(RemoteWebElement.java:124)
	at org.openqa.selenium.support.events.EventFiringWebDriver$EventFiringWebElement.lambda$new$0(EventFiringWebDriver.java:404)
	at com.sun.proxy.$Proxy11.clear(Unknown Source)
	at org.openqa.selenium.support.events.EventFiringWebDriver$EventFiringWebElement.clear(EventFiringWebDriver.java:436)
	at com.kms.katalon.core.webui.keyword.builtin.SetTextKeyword$_setText_closure1.doCall(SetTextKeyword.groovy:53)
	at com.kms.katalon.core.webui.keyword.builtin.SetTextKeyword$_setText_closure1.call(SetTextKeyword.groovy)
	at com.kms.katalon.core.webui.keyword.internal.WebUIKeywordMain.runKeyword(WebUIKeywordMain.groovy:20)
	at com.kms.katalon.core.webui.keyword.builtin.SetTextKeyword.setText(SetTextKeyword.groovy:66)
	at com.kms.katalon.core.webui.keyword.builtin.SetTextKeyword.execute(SetTextKeyword.groovy:37)
	at com.kms.katalon.core.keyword.internal.KeywordExecutor.executeKeywordForPlatform(KeywordExecutor.groovy:74)
	at com.kms.katalon.core.webui.keyword.WebUiBuiltInKeywords.setText(WebUiBuiltInKeywords.groovy:980)
	at com.kms.katalon.core.webui.keyword.WebUiBuiltInKeywords$setText$11.call(Unknown Source)
	at Script1634674829687.run(Script1634674829687.groovy:125)
	... 13 more
)
[[ATTACHMENT|E:\\Cloned-Project-Katalon\\VPS-Katalon\\Reports\\20211108_121003\\RAD_TestSuite\\RAD_UI_TestSuite\\20211108_121003\\1636391986749.png]]

2021-11-08 12:19:46 - [TEST_STEP][PASSED] - if (PaymentType.equalsIgnoreCase("Personal")): null

2021-11-08 12:19:46 - [TEST_STEP][PASSED] - break: null

2021-11-08 12:19:46 - [TEST_STEP][PASSED] - setText(findTestObject(orPath_TaxPayer + "/input_firstName"), FName): Text 'Jimmie' is set on object 'Object Repository/RAD_Pages/Taxpayer_Page/input_firstName'

2021-11-08 12:19:47 - [MESSAGE][PASSED] - Text 'Jimmie' is set on object 'Object Repository/RAD_Pages/Taxpayer_Page/input_firstName'

2021-11-08 12:19:47 - [TEST_STEP][PASSED] - setText(findTestObject(orPath_TaxPayer + "/input_lastName"), LName): Text 'Anderson' is set on object 'Object Repository/RAD_Pages/Taxpayer_Page/input_lastName'

2021-11-08 12:19:48 - [MESSAGE][PASSED] - Text 'Anderson' is set on object 'Object Repository/RAD_Pages/Taxpayer_Page/input_lastName'

2021-11-08 12:19:48 - [TEST_STEP][PASSED] - selectOptionByLabel(findTestObject(orPath_AddressContact + "/select_Country"), "United States", false): All options with label 'United States' are selected in object 'Object Repository/RAD_Pages/AddressAndContactInfo_Page/select_Country' 

2021-11-08 12:19:48 - [MESSAGE][PASSED] - All options with label 'United States' are selected in object 'Object Repository/RAD_Pages/AddressAndContactInfo_Page/select_Country' 

2021-11-08 12:19:48 - [TEST_STEP][PASSED] - setText(findTestObject(orPath_AddressContact + "/input_streetAddress1"), AL1): Text '15 Main Street' is set on object 'Object Repository/RAD_Pages/AddressAndContactInfo_Page/input_streetAddress1'

2021-11-08 12:19:49 - [MESSAGE][PASSED] - Text '15 Main Street' is set on object 'Object Repository/RAD_Pages/AddressAndContactInfo_Page/input_streetAddress1'

2021-11-08 12:19:49 - [TEST_STEP][PASSED] - setText(findTestObject(orPath_AddressContact + "/input_streetAddress2"), ""): Text '' is set on object 'Object Repository/RAD_Pages/AddressAndContactInfo_Page/input_streetAddress2'

2021-11-08 12:19:50 - [MESSAGE][PASSED] - Text '' is set on object 'Object Repository/RAD_Pages/AddressAndContactInfo_Page/input_streetAddress2'

2021-11-08 12:19:50 - [TEST_STEP][PASSED] - setText(findTestObject(orPath_AddressContact + "/input_city"), City): Text 'Gambrills' is set on object 'Object Repository/RAD_Pages/AddressAndContactInfo_Page/input_city'

2021-11-08 12:19:50 - [MESSAGE][PASSED] - Text 'Gambrills' is set on object 'Object Repository/RAD_Pages/AddressAndContactInfo_Page/input_city'

2021-11-08 12:19:50 - [TEST_STEP][PASSED] - selectOptionByLabel(findTestObject(orPath_AddressContact + "/select_State"), "Maryland", false): All options with label 'Maryland' are selected in object 'Object Repository/RAD_Pages/AddressAndContactInfo_Page/select_State' 

2021-11-08 12:19:51 - [MESSAGE][PASSED] - All options with label 'Maryland' are selected in object 'Object Repository/RAD_Pages/AddressAndContactInfo_Page/select_State' 

2021-11-08 12:19:51 - [TEST_STEP][PASSED] - setText(findTestObject(orPath_AddressContact + "/input_zipCode"), ZIP): Text '21054' is set on object 'Object Repository/RAD_Pages/AddressAndContactInfo_Page/input_zipCode'

2021-11-08 12:19:52 - [MESSAGE][PASSED] - Text '21054' is set on object 'Object Repository/RAD_Pages/AddressAndContactInfo_Page/input_zipCode'

2021-11-08 12:19:52 - [TEST_STEP][PASSED] - setText(findTestObject(orPath_AddressContact + "/input_phoneNumber"), "(703) 894-5000"): Text '(703) 894-5000' is set on object 'Object Repository/RAD_Pages/AddressAndContactInfo_Page/input_phoneNumber'

2021-11-08 12:19:52 - [MESSAGE][PASSED] - Text '(703) 894-5000' is set on object 'Object Repository/RAD_Pages/AddressAndContactInfo_Page/input_phoneNumber'

2021-11-08 12:19:52 - [TEST_STEP][PASSED] - setText(findTestObject(orPath_AddressContact + "/input_eMailAddress"), "iahmed@govolution.com"): Text 'iahmed@govolution.com' is set on object 'Object Repository/RAD_Pages/AddressAndContactInfo_Page/input_eMailAddress'

2021-11-08 12:19:53 - [MESSAGE][PASSED] - Text 'iahmed@govolution.com' is set on object 'Object Repository/RAD_Pages/AddressAndContactInfo_Page/input_eMailAddress'

2021-11-08 12:19:53 - [TEST_STEP][PASSED] - setText(findTestObject(orPath_AddressContact + "/input_reEnterEMailAddress"), "iahmed@govolution.com"): Text 'iahmed@govolution.com' is set on object 'Object Repository/RAD_Pages/AddressAndContactInfo_Page/input_reEnterEMailAddress'

2021-11-08 12:19:54 - [MESSAGE][PASSED] - Text 'iahmed@govolution.com' is set on object 'Object Repository/RAD_Pages/AddressAndContactInfo_Page/input_reEnterEMailAddress'

2021-11-08 12:19:54 - [TEST_STEP][PASSED] - setText(findTestObject(orPath_Amount + "/input__paymentAmount"), Amount): Text '100.00' is set on object 'Object Repository/RAD_Pages/PaymentAmount_Page/input__paymentAmount'

2021-11-08 12:19:55 - [MESSAGE][PASSED] - Text '100.00' is set on object 'Object Repository/RAD_Pages/PaymentAmount_Page/input__paymentAmount'

2021-11-08 12:19:55 - [TEST_STEP][PASSED] - scrollToElement(findTestObject(orPath_Landing + "/button_Continue"), 3): Scroll to object 'Object Repository/RAD_Pages/Landing_Page/button_Continue' successfully

2021-11-08 12:19:55 - [MESSAGE][PASSED] - Scroll to object 'Object Repository/RAD_Pages/Landing_Page/button_Continue' successfully

2021-11-08 12:19:55 - [TEST_STEP][PASSED] - waitForElementClickable(findTestObject(orPath_Landing + "/button_Continue"), 5): Object 'Object Repository/RAD_Pages/Landing_Page/button_Continue' is not clickable after 5 second(s)

2021-11-08 12:20:01 - [MESSAGE][WARNING] - Object 'Object Repository/RAD_Pages/Landing_Page/button_Continue' is not clickable after 5 second(s)

2021-11-08 12:20:01 - [TEST_STEP][FAILED] - click(findTestObject(orPath_Landing + "/button_Continue")): Unable to click on object 'Object Repository/RAD_Pages/Landing_Page/button_Continue' (Root cause: com.kms.katalon.core.exception.StepFailedException: Unable to click on object 'Object Repository/RAD_Pages/Landing_Page/button_Continue'
	at com.kms.katalon.core.webui.keyword.internal.WebUIKeywordMain.stepFailed(WebUIKeywordMain.groovy:64)
	at com.kms.katalon.core.webui.keyword.internal.WebUIKeywordMain.runKeyword(WebUIKeywordMain.groovy:26)
	at com.kms.katalon.core.webui.keyword.builtin.ClickKeyword.click(ClickKeyword.groovy:75)
	at com.kms.katalon.core.webui.keyword.builtin.ClickKeyword.execute(ClickKeyword.groovy:42)
	at com.kms.katalon.core.keyword.internal.KeywordExecutor.executeKeywordForPlatform(KeywordExecutor.groovy:74)
	at com.kms.katalon.core.webui.keyword.WebUiBuiltInKeywords.click(WebUiBuiltInKeywords.groovy:620)
	at com.kms.katalon.core.webui.keyword.WebUiBuiltInKeywords$click$10.call(Unknown Source)
	at Payments_HC_TC.run(Payments_HC_TC:280)
	at com.kms.katalon.core.main.ScriptEngine.run(ScriptEngine.java:194)
	at com.kms.katalon.core.main.ScriptEngine.runScriptAsRawText(ScriptEngine.java:119)
	at com.kms.katalon.core.main.TestCaseExecutor.runScript(TestCaseExecutor.java:430)
	at com.kms.katalon.core.main.TestCaseExecutor.doExecute(TestCaseExecutor.java:421)
	at com.kms.katalon.core.main.TestCaseExecutor.processExecutionPhase(TestCaseExecutor.java:400)
	at com.kms.katalon.core.main.TestCaseExecutor.accessMainPhase(TestCaseExecutor.java:392)
	at com.kms.katalon.core.main.TestCaseExecutor.execute(TestCaseExecutor.java:273)
	at com.kms.katalon.core.main.TestSuiteExecutor.accessTestCaseMainPhase(TestSuiteExecutor.java:202)
	at com.kms.katalon.core.main.TestSuiteExecutor.accessTestSuiteMainPhase(TestSuiteExecutor.java:164)
	at com.kms.katalon.core.main.TestSuiteExecutor.execute(TestSuiteExecutor.java:105)
	at com.kms.katalon.core.main.TestCaseMain.startTestSuite(TestCaseMain.java:185)
	at com.kms.katalon.core.main.TestCaseMain$startTestSuite$0.call(Unknown Source)
	at TempTestSuite1636391403401.run(TempTestSuite1636391403401.groovy:36)
Caused by: org.openqa.selenium.ElementClickInterceptedException: element click intercepted: Element <button class="btn btn-primary float-end w-auto disablecontinue" disabled="">...</button> is not clickable at point (1046, 801). Other element would receive the click: <div class="w-100 mt-auto pt-3">...</div>
  (Session info: chrome=95.0.4638.69)
Build info: version: '3.141.59', revision: 'e82be7d358', time: '2018-11-14T08:25:53'
System info: host: 'DESKTOP-B2QI6NS', ip: '172.30.2.167', os.name: 'Windows 10', os.arch: 'amd64', os.version: '10.0', java.version: '1.8.0_181'
Driver info: com.kms.katalon.selenium.driver.CChromeDriver
Capabilities {acceptInsecureCerts: true, browserName: chrome, browserVersion: 95.0.4638.69, chrome: {chromedriverVersion: 95.0.4638.54 (d31a821ec901f..., userDataDir: C:\Users\iahmed\AppData\Loc...}, goog:chromeOptions: {debuggerAddress: localhost:55509}, javascriptEnabled: true, networkConnectionEnabled: false, pageLoadStrategy: normal, platform: WINDOWS, platformName: WINDOWS, proxy: Proxy(), setWindowRect: true, strictFileInteractability: false, timeouts: {implicit: 0, pageLoad: 300000, script: 30000}, unhandledPromptBehavior: dismiss and notify, webauthn:extension:credBlob: true, webauthn:extension:largeBlob: true, webauthn:virtualAuthenticators: true}
Session ID: 598b5c501f60cf782fe3d626c93f8a39
	at org.openqa.selenium.remote.http.W3CHttpResponseCodec.createException(W3CHttpResponseCodec.java:187)
	at org.openqa.selenium.remote.http.W3CHttpResponseCodec.decode(W3CHttpResponseCodec.java:122)
	at org.openqa.selenium.remote.http.W3CHttpResponseCodec.decode(W3CHttpResponseCodec.java:49)
	at org.openqa.selenium.remote.HttpCommandExecutor.execute(HttpCommandExecutor.java:158)
	at org.openqa.selenium.remote.service.DriverCommandExecutor.execute(DriverCommandExecutor.java:83)
	at org.openqa.selenium.remote.RemoteWebDriver.execute(RemoteWebDriver.java:552)
	at com.kms.katalon.selenium.driver.CChromeDriver.execute(CChromeDriver.java:19)
	at org.openqa.selenium.remote.RemoteWebElement.execute(RemoteWebElement.java:285)
	at org.openqa.selenium.remote.RemoteWebElement.click(RemoteWebElement.java:84)
	at org.openqa.selenium.support.events.EventFiringWebDriver$EventFiringWebElement.lambda$new$0(EventFiringWebDriver.java:404)
	at com.sun.proxy.$Proxy11.click(Unknown Source)
	at org.openqa.selenium.support.events.EventFiringWebDriver$EventFiringWebElement.click(EventFiringWebDriver.java:417)
	at com.kms.katalon.core.webui.keyword.builtin.ClickKeyword$_click_closure1.doCall(ClickKeyword.groovy:68)
	at com.kms.katalon.core.webui.keyword.builtin.ClickKeyword$_click_closure1.call(ClickKeyword.groovy)
	at com.kms.katalon.core.webui.keyword.internal.WebUIKeywordMain.runKeyword(WebUIKeywordMain.groovy:20)
	at com.kms.katalon.core.webui.keyword.builtin.ClickKeyword.click(ClickKeyword.groovy:75)
	at com.kms.katalon.core.webui.keyword.builtin.ClickKeyword.execute(ClickKeyword.groovy:42)
	at com.kms.katalon.core.keyword.internal.KeywordExecutor.executeKeywordForPlatform(KeywordExecutor.groovy:74)
	at com.kms.katalon.core.webui.keyword.WebUiBuiltInKeywords.click(WebUiBuiltInKeywords.groovy:620)
	at com.kms.katalon.core.webui.keyword.WebUiBuiltInKeywords$click$10.call(Unknown Source)
	at Script1634674829687.run(Script1634674829687.groovy:280)
	... 13 more
)

2021-11-08 12:20:02 - [MESSAGE][FAILED] - Unable to click on object 'Object Repository/RAD_Pages/Landing_Page/button_Continue' (Root cause: com.kms.katalon.core.exception.StepFailedException: Unable to click on object 'Object Repository/RAD_Pages/Landing_Page/button_Continue'
	at com.kms.katalon.core.webui.keyword.internal.WebUIKeywordMain.stepFailed(WebUIKeywordMain.groovy:64)
	at com.kms.katalon.core.webui.keyword.internal.WebUIKeywordMain.runKeyword(WebUIKeywordMain.groovy:26)
	at com.kms.katalon.core.webui.keyword.builtin.ClickKeyword.click(ClickKeyword.groovy:75)
	at com.kms.katalon.core.webui.keyword.builtin.ClickKeyword.execute(ClickKeyword.groovy:42)
	at com.kms.katalon.core.keyword.internal.KeywordExecutor.executeKeywordForPlatform(KeywordExecutor.groovy:74)
	at com.kms.katalon.core.webui.keyword.WebUiBuiltInKeywords.click(WebUiBuiltInKeywords.groovy:620)
	at com.kms.katalon.core.webui.keyword.WebUiBuiltInKeywords$click$10.call(Unknown Source)
	at Payments_HC_TC.run(Payments_HC_TC:280)
	at com.kms.katalon.core.main.ScriptEngine.run(ScriptEngine.java:194)
	at com.kms.katalon.core.main.ScriptEngine.runScriptAsRawText(ScriptEngine.java:119)
	at com.kms.katalon.core.main.TestCaseExecutor.runScript(TestCaseExecutor.java:430)
	at com.kms.katalon.core.main.TestCaseExecutor.doExecute(TestCaseExecutor.java:421)
	at com.kms.katalon.core.main.TestCaseExecutor.processExecutionPhase(TestCaseExecutor.java:400)
	at com.kms.katalon.core.main.TestCaseExecutor.accessMainPhase(TestCaseExecutor.java:392)
	at com.kms.katalon.core.main.TestCaseExecutor.execute(TestCaseExecutor.java:273)
	at com.kms.katalon.core.main.TestSuiteExecutor.accessTestCaseMainPhase(TestSuiteExecutor.java:202)
	at com.kms.katalon.core.main.TestSuiteExecutor.accessTestSuiteMainPhase(TestSuiteExecutor.java:164)
	at com.kms.katalon.core.main.TestSuiteExecutor.execute(TestSuiteExecutor.java:105)
	at com.kms.katalon.core.main.TestCaseMain.startTestSuite(TestCaseMain.java:185)
	at com.kms.katalon.core.main.TestCaseMain$startTestSuite$0.call(Unknown Source)
	at TempTestSuite1636391403401.run(TempTestSuite1636391403401.groovy:36)
Caused by: org.openqa.selenium.ElementClickInterceptedException: element click intercepted: Element <button class="btn btn-primary float-end w-auto disablecontinue" disabled="">...</button> is not clickable at point (1046, 801). Other element would receive the click: <div class="w-100 mt-auto pt-3">...</div>
  (Session info: chrome=95.0.4638.69)
Build info: version: '3.141.59', revision: 'e82be7d358', time: '2018-11-14T08:25:53'
System info: host: 'DESKTOP-B2QI6NS', ip: '172.30.2.167', os.name: 'Windows 10', os.arch: 'amd64', os.version: '10.0', java.version: '1.8.0_181'
Driver info: com.kms.katalon.selenium.driver.CChromeDriver
Capabilities {acceptInsecureCerts: true, browserName: chrome, browserVersion: 95.0.4638.69, chrome: {chromedriverVersion: 95.0.4638.54 (d31a821ec901f..., userDataDir: C:\Users\iahmed\AppData\Loc...}, goog:chromeOptions: {debuggerAddress: localhost:55509}, javascriptEnabled: true, networkConnectionEnabled: false, pageLoadStrategy: normal, platform: WINDOWS, platformName: WINDOWS, proxy: Proxy(), setWindowRect: true, strictFileInteractability: false, timeouts: {implicit: 0, pageLoad: 300000, script: 30000}, unhandledPromptBehavior: dismiss and notify, webauthn:extension:credBlob: true, webauthn:extension:largeBlob: true, webauthn:virtualAuthenticators: true}
Session ID: 598b5c501f60cf782fe3d626c93f8a39
	at org.openqa.selenium.remote.http.W3CHttpResponseCodec.createException(W3CHttpResponseCodec.java:187)
	at org.openqa.selenium.remote.http.W3CHttpResponseCodec.decode(W3CHttpResponseCodec.java:122)
	at org.openqa.selenium.remote.http.W3CHttpResponseCodec.decode(W3CHttpResponseCodec.java:49)
	at org.openqa.selenium.remote.HttpCommandExecutor.execute(HttpCommandExecutor.java:158)
	at org.openqa.selenium.remote.service.DriverCommandExecutor.execute(DriverCommandExecutor.java:83)
	at org.openqa.selenium.remote.RemoteWebDriver.execute(RemoteWebDriver.java:552)
	at com.kms.katalon.selenium.driver.CChromeDriver.execute(CChromeDriver.java:19)
	at org.openqa.selenium.remote.RemoteWebElement.execute(RemoteWebElement.java:285)
	at org.openqa.selenium.remote.RemoteWebElement.click(RemoteWebElement.java:84)
	at org.openqa.selenium.support.events.EventFiringWebDriver$EventFiringWebElement.lambda$new$0(EventFiringWebDriver.java:404)
	at com.sun.proxy.$Proxy11.click(Unknown Source)
	at org.openqa.selenium.support.events.EventFiringWebDriver$EventFiringWebElement.click(EventFiringWebDriver.java:417)
	at com.kms.katalon.core.webui.keyword.builtin.ClickKeyword$_click_closure1.doCall(ClickKeyword.groovy:68)
	at com.kms.katalon.core.webui.keyword.builtin.ClickKeyword$_click_closure1.call(ClickKeyword.groovy)
	at com.kms.katalon.core.webui.keyword.internal.WebUIKeywordMain.runKeyword(WebUIKeywordMain.groovy:20)
	at com.kms.katalon.core.webui.keyword.builtin.ClickKeyword.click(ClickKeyword.groovy:75)
	at com.kms.katalon.core.webui.keyword.builtin.ClickKeyword.execute(ClickKeyword.groovy:42)
	at com.kms.katalon.core.keyword.internal.KeywordExecutor.executeKeywordForPlatform(KeywordExecutor.groovy:74)
	at com.kms.katalon.core.webui.keyword.WebUiBuiltInKeywords.click(WebUiBuiltInKeywords.groovy:620)
	at com.kms.katalon.core.webui.keyword.WebUiBuiltInKeywords$click$10.call(Unknown Source)
	at Script1634674829687.run(Script1634674829687.groovy:280)
	... 13 more
)
[[ATTACHMENT|E:\\Cloned-Project-Katalon\\VPS-Katalon\\Reports\\20211108_121003\\RAD_TestSuite\\RAD_UI_TestSuite\\20211108_121003\\1636392002414.png]]

2021-11-08 12:20:02 - [TEST_STEP][FAILED] - verifyTextPresent("Review the information below and make any necessary corrections by clicking the", true): Text 'Review the information below and make any necessary corrections by clicking the' is not present on page  using regular expression (Root cause: com.kms.katalon.core.exception.StepFailedException: Text 'Review the information below and make any necessary corrections by clicking the' is not present on page  using regular expression
	at com.kms.katalon.core.webui.keyword.internal.WebUIKeywordMain.stepFailed(WebUIKeywordMain.groovy:64)
	at com.kms.katalon.core.webui.keyword.builtin.VerifyTextPresentKeyword$_verifyTextPresent_closure1.doCall(VerifyTextPresentKeyword.groovy:79)
	at com.kms.katalon.core.webui.keyword.builtin.VerifyTextPresentKeyword$_verifyTextPresent_closure1.call(VerifyTextPresentKeyword.groovy)
	at com.kms.katalon.core.webui.keyword.internal.WebUIKeywordMain.runKeyword(WebUIKeywordMain.groovy:20)
	at com.kms.katalon.core.webui.keyword.builtin.VerifyTextPresentKeyword.verifyTextPresent(VerifyTextPresentKeyword.groovy:83)
	at com.kms.katalon.core.webui.keyword.builtin.VerifyTextPresentKeyword.execute(VerifyTextPresentKeyword.groovy:68)
	at com.kms.katalon.core.keyword.internal.KeywordExecutor.executeKeywordForPlatform(KeywordExecutor.groovy:74)
	at com.kms.katalon.core.webui.keyword.WebUiBuiltInKeywords.verifyTextPresent(WebUiBuiltInKeywords.groovy:1723)
	at com.kms.katalon.core.webui.keyword.WebUiBuiltInKeywords$verifyTextPresent$3.call(Unknown Source)
	at Payments_HC_TC.run(Payments_HC_TC:284)
	at com.kms.katalon.core.main.ScriptEngine.run(ScriptEngine.java:194)
	at com.kms.katalon.core.main.ScriptEngine.runScriptAsRawText(ScriptEngine.java:119)
	at com.kms.katalon.core.main.TestCaseExecutor.runScript(TestCaseExecutor.java:430)
	at com.kms.katalon.core.main.TestCaseExecutor.doExecute(TestCaseExecutor.java:421)
	at com.kms.katalon.core.main.TestCaseExecutor.processExecutionPhase(TestCaseExecutor.java:400)
	at com.kms.katalon.core.main.TestCaseExecutor.accessMainPhase(TestCaseExecutor.java:392)
	at com.kms.katalon.core.main.TestCaseExecutor.execute(TestCaseExecutor.java:273)
	at com.kms.katalon.core.main.TestSuiteExecutor.accessTestCaseMainPhase(TestSuiteExecutor.java:202)
	at com.kms.katalon.core.main.TestSuiteExecutor.accessTestSuiteMainPhase(TestSuiteExecutor.java:164)
	at com.kms.katalon.core.main.TestSuiteExecutor.execute(TestSuiteExecutor.java:105)
	at com.kms.katalon.core.main.TestCaseMain.startTestSuite(TestCaseMain.java:185)
	at com.kms.katalon.core.main.TestCaseMain$startTestSuite$0.call(Unknown Source)
	at TempTestSuite1636391403401.run(TempTestSuite1636391403401.groovy:36)
)

2021-11-08 12:20:03 - [MESSAGE][FAILED] - Text 'Review the information below and make any necessary corrections by clicking the' is not present on page  using regular expression (Root cause: com.kms.katalon.core.exception.StepFailedException: Text 'Review the information below and make any necessary corrections by clicking the' is not present on page  using regular expression
	at com.kms.katalon.core.webui.keyword.internal.WebUIKeywordMain.stepFailed(WebUIKeywordMain.groovy:64)
	at com.kms.katalon.core.webui.keyword.builtin.VerifyTextPresentKeyword$_verifyTextPresent_closure1.doCall(VerifyTextPresentKeyword.groovy:79)
	at com.kms.katalon.core.webui.keyword.builtin.VerifyTextPresentKeyword$_verifyTextPresent_closure1.call(VerifyTextPresentKeyword.groovy)
	at com.kms.katalon.core.webui.keyword.internal.WebUIKeywordMain.runKeyword(WebUIKeywordMain.groovy:20)
	at com.kms.katalon.core.webui.keyword.builtin.VerifyTextPresentKeyword.verifyTextPresent(VerifyTextPresentKeyword.groovy:83)
	at com.kms.katalon.core.webui.keyword.builtin.VerifyTextPresentKeyword.execute(VerifyTextPresentKeyword.groovy:68)
	at com.kms.katalon.core.keyword.internal.KeywordExecutor.executeKeywordForPlatform(KeywordExecutor.groovy:74)
	at com.kms.katalon.core.webui.keyword.WebUiBuiltInKeywords.verifyTextPresent(WebUiBuiltInKeywords.groovy:1723)
	at com.kms.katalon.core.webui.keyword.WebUiBuiltInKeywords$verifyTextPresent$3.call(Unknown Source)
	at Payments_HC_TC.run(Payments_HC_TC:284)
	at com.kms.katalon.core.main.ScriptEngine.run(ScriptEngine.java:194)
	at com.kms.katalon.core.main.ScriptEngine.runScriptAsRawText(ScriptEngine.java:119)
	at com.kms.katalon.core.main.TestCaseExecutor.runScript(TestCaseExecutor.java:430)
	at com.kms.katalon.core.main.TestCaseExecutor.doExecute(TestCaseExecutor.java:421)
	at com.kms.katalon.core.main.TestCaseExecutor.processExecutionPhase(TestCaseExecutor.java:400)
	at com.kms.katalon.core.main.TestCaseExecutor.accessMainPhase(TestCaseExecutor.java:392)
	at com.kms.katalon.core.main.TestCaseExecutor.execute(TestCaseExecutor.java:273)
	at com.kms.katalon.core.main.TestSuiteExecutor.accessTestCaseMainPhase(TestSuiteExecutor.java:202)
	at com.kms.katalon.core.main.TestSuiteExecutor.accessTestSuiteMainPhase(TestSuiteExecutor.java:164)
	at com.kms.katalon.core.main.TestSuiteExecutor.execute(TestSuiteExecutor.java:105)
	at com.kms.katalon.core.main.TestCaseMain.startTestSuite(TestCaseMain.java:185)
	at com.kms.katalon.core.main.TestCaseMain$startTestSuite$0.call(Unknown Source)
	at TempTestSuite1636391403401.run(TempTestSuite1636391403401.groovy:36)
)

2021-11-08 12:20:03 - [TEST_STEP][FAILED] - verifyTextPresent("When you are confident that all the information is correct", true): Text 'When you are confident that all the information is correct' is not present on page  using regular expression (Root cause: com.kms.katalon.core.exception.StepFailedException: Text 'When you are confident that all the information is correct' is not present on page  using regular expression
	at com.kms.katalon.core.webui.keyword.internal.WebUIKeywordMain.stepFailed(WebUIKeywordMain.groovy:64)
	at com.kms.katalon.core.webui.keyword.builtin.VerifyTextPresentKeyword$_verifyTextPresent_closure1.doCall(VerifyTextPresentKeyword.groovy:79)
	at com.kms.katalon.core.webui.keyword.builtin.VerifyTextPresentKeyword$_verifyTextPresent_closure1.call(VerifyTextPresentKeyword.groovy)
	at com.kms.katalon.core.webui.keyword.internal.WebUIKeywordMain.runKeyword(WebUIKeywordMain.groovy:20)
	at com.kms.katalon.core.webui.keyword.builtin.VerifyTextPresentKeyword.verifyTextPresent(VerifyTextPresentKeyword.groovy:83)
	at com.kms.katalon.core.webui.keyword.builtin.VerifyTextPresentKeyword.execute(VerifyTextPresentKeyword.groovy:68)
	at com.kms.katalon.core.keyword.internal.KeywordExecutor.executeKeywordForPlatform(KeywordExecutor.groovy:74)
	at com.kms.katalon.core.webui.keyword.WebUiBuiltInKeywords.verifyTextPresent(WebUiBuiltInKeywords.groovy:1723)
	at com.kms.katalon.core.webui.keyword.WebUiBuiltInKeywords$verifyTextPresent$3.call(Unknown Source)
	at Payments_HC_TC.run(Payments_HC_TC:285)
	at com.kms.katalon.core.main.ScriptEngine.run(ScriptEngine.java:194)
	at com.kms.katalon.core.main.ScriptEngine.runScriptAsRawText(ScriptEngine.java:119)
	at com.kms.katalon.core.main.TestCaseExecutor.runScript(TestCaseExecutor.java:430)
	at com.kms.katalon.core.main.TestCaseExecutor.doExecute(TestCaseExecutor.java:421)
	at com.kms.katalon.core.main.TestCaseExecutor.processExecutionPhase(TestCaseExecutor.java:400)
	at com.kms.katalon.core.main.TestCaseExecutor.accessMainPhase(TestCaseExecutor.java:392)
	at com.kms.katalon.core.main.TestCaseExecutor.execute(TestCaseExecutor.java:273)
	at com.kms.katalon.core.main.TestSuiteExecutor.accessTestCaseMainPhase(TestSuiteExecutor.java:202)
	at com.kms.katalon.core.main.TestSuiteExecutor.accessTestSuiteMainPhase(TestSuiteExecutor.java:164)
	at com.kms.katalon.core.main.TestSuiteExecutor.execute(TestSuiteExecutor.java:105)
	at com.kms.katalon.core.main.TestCaseMain.startTestSuite(TestCaseMain.java:185)
	at com.kms.katalon.core.main.TestCaseMain$startTestSuite$0.call(Unknown Source)
	at TempTestSuite1636391403401.run(TempTestSuite1636391403401.groovy:36)
)

2021-11-08 12:20:03 - [MESSAGE][FAILED] - Text 'When you are confident that all the information is correct' is not present on page  using regular expression (Root cause: com.kms.katalon.core.exception.StepFailedException: Text 'When you are confident that all the information is correct' is not present on page  using regular expression
	at com.kms.katalon.core.webui.keyword.internal.WebUIKeywordMain.stepFailed(WebUIKeywordMain.groovy:64)
	at com.kms.katalon.core.webui.keyword.builtin.VerifyTextPresentKeyword$_verifyTextPresent_closure1.doCall(VerifyTextPresentKeyword.groovy:79)
	at com.kms.katalon.core.webui.keyword.builtin.VerifyTextPresentKeyword$_verifyTextPresent_closure1.call(VerifyTextPresentKeyword.groovy)
	at com.kms.katalon.core.webui.keyword.internal.WebUIKeywordMain.runKeyword(WebUIKeywordMain.groovy:20)
	at com.kms.katalon.core.webui.keyword.builtin.VerifyTextPresentKeyword.verifyTextPresent(VerifyTextPresentKeyword.groovy:83)
	at com.kms.katalon.core.webui.keyword.builtin.VerifyTextPresentKeyword.execute(VerifyTextPresentKeyword.groovy:68)
	at com.kms.katalon.core.keyword.internal.KeywordExecutor.executeKeywordForPlatform(KeywordExecutor.groovy:74)
	at com.kms.katalon.core.webui.keyword.WebUiBuiltInKeywords.verifyTextPresent(WebUiBuiltInKeywords.groovy:1723)
	at com.kms.katalon.core.webui.keyword.WebUiBuiltInKeywords$verifyTextPresent$3.call(Unknown Source)
	at Payments_HC_TC.run(Payments_HC_TC:285)
	at com.kms.katalon.core.main.ScriptEngine.run(ScriptEngine.java:194)
	at com.kms.katalon.core.main.ScriptEngine.runScriptAsRawText(ScriptEngine.java:119)
	at com.kms.katalon.core.main.TestCaseExecutor.runScript(TestCaseExecutor.java:430)
	at com.kms.katalon.core.main.TestCaseExecutor.doExecute(TestCaseExecutor.java:421)
	at com.kms.katalon.core.main.TestCaseExecutor.processExecutionPhase(TestCaseExecutor.java:400)
	at com.kms.katalon.core.main.TestCaseExecutor.accessMainPhase(TestCaseExecutor.java:392)
	at com.kms.katalon.core.main.TestCaseExecutor.execute(TestCaseExecutor.java:273)
	at com.kms.katalon.core.main.TestSuiteExecutor.accessTestCaseMainPhase(TestSuiteExecutor.java:202)
	at com.kms.katalon.core.main.TestSuiteExecutor.accessTestSuiteMainPhase(TestSuiteExecutor.java:164)
	at com.kms.katalon.core.main.TestSuiteExecutor.execute(TestSuiteExecutor.java:105)
	at com.kms.katalon.core.main.TestCaseMain.startTestSuite(TestCaseMain.java:185)
	at com.kms.katalon.core.main.TestCaseMain$startTestSuite$0.call(Unknown Source)
	at TempTestSuite1636391403401.run(TempTestSuite1636391403401.groovy:36)
)

2021-11-08 12:20:03 - [TEST_STEP][PASSED] - delay(1): Delayed 1 second(s)

2021-11-08 12:20:04 - [MESSAGE][PASSED] - Delayed 1 second(s)

2021-11-08 12:20:04 - [TEST_STEP][FAILED] - click(findTestObject(orPath_Summary + "/button_Proceed to Payment")): Unable to click on object 'Object Repository/RAD_Pages/Summary_Page/button_Proceed to Payment' (Root cause: com.kms.katalon.core.exception.StepFailedException: Unable to click on object 'Object Repository/RAD_Pages/Summary_Page/button_Proceed to Payment'
	at com.kms.katalon.core.webui.keyword.internal.WebUIKeywordMain.stepFailed(WebUIKeywordMain.groovy:64)
	at com.kms.katalon.core.webui.keyword.internal.WebUIKeywordMain.runKeyword(WebUIKeywordMain.groovy:26)
	at com.kms.katalon.core.webui.keyword.builtin.ClickKeyword.click(ClickKeyword.groovy:75)
	at com.kms.katalon.core.webui.keyword.builtin.ClickKeyword.execute(ClickKeyword.groovy:42)
	at com.kms.katalon.core.keyword.internal.KeywordExecutor.executeKeywordForPlatform(KeywordExecutor.groovy:74)
	at com.kms.katalon.core.webui.keyword.WebUiBuiltInKeywords.click(WebUiBuiltInKeywords.groovy:620)
	at com.kms.katalon.core.webui.keyword.WebUiBuiltInKeywords$click$10.call(Unknown Source)
	at Payments_HC_TC.run(Payments_HC_TC:291)
	at com.kms.katalon.core.main.ScriptEngine.run(ScriptEngine.java:194)
	at com.kms.katalon.core.main.ScriptEngine.runScriptAsRawText(ScriptEngine.java:119)
	at com.kms.katalon.core.main.TestCaseExecutor.runScript(TestCaseExecutor.java:430)
	at com.kms.katalon.core.main.TestCaseExecutor.doExecute(TestCaseExecutor.java:421)
	at com.kms.katalon.core.main.TestCaseExecutor.processExecutionPhase(TestCaseExecutor.java:400)
	at com.kms.katalon.core.main.TestCaseExecutor.accessMainPhase(TestCaseExecutor.java:392)
	at com.kms.katalon.core.main.TestCaseExecutor.execute(TestCaseExecutor.java:273)
	at com.kms.katalon.core.main.TestSuiteExecutor.accessTestCaseMainPhase(TestSuiteExecutor.java:202)
	at com.kms.katalon.core.main.TestSuiteExecutor.accessTestSuiteMainPhase(TestSuiteExecutor.java:164)
	at com.kms.katalon.core.main.TestSuiteExecutor.execute(TestSuiteExecutor.java:105)
	at com.kms.katalon.core.main.TestCaseMain.startTestSuite(TestCaseMain.java:185)
	at com.kms.katalon.core.main.TestCaseMain$startTestSuite$0.call(Unknown Source)
	at TempTestSuite1636391403401.run(TempTestSuite1636391403401.groovy:36)
Caused by: org.openqa.selenium.ElementNotInteractableException: element not interactable
  (Session info: chrome=95.0.4638.69)
Build info: version: '3.141.59', revision: 'e82be7d358', time: '2018-11-14T08:25:53'
System info: host: 'DESKTOP-B2QI6NS', ip: '172.30.2.167', os.name: 'Windows 10', os.arch: 'amd64', os.version: '10.0', java.version: '1.8.0_181'
Driver info: com.kms.katalon.selenium.driver.CChromeDriver
Capabilities {acceptInsecureCerts: true, browserName: chrome, browserVersion: 95.0.4638.69, chrome: {chromedriverVersion: 95.0.4638.54 (d31a821ec901f..., userDataDir: C:\Users\iahmed\AppData\Loc...}, goog:chromeOptions: {debuggerAddress: localhost:55509}, javascriptEnabled: true, networkConnectionEnabled: false, pageLoadStrategy: normal, platform: WINDOWS, platformName: WINDOWS, proxy: Proxy(), setWindowRect: true, strictFileInteractability: false, timeouts: {implicit: 0, pageLoad: 300000, script: 30000}, unhandledPromptBehavior: dismiss and notify, webauthn:extension:credBlob: true, webauthn:extension:largeBlob: true, webauthn:virtualAuthenticators: true}
Session ID: 598b5c501f60cf782fe3d626c93f8a39
	at org.openqa.selenium.remote.http.W3CHttpResponseCodec.createException(W3CHttpResponseCodec.java:187)
	at org.openqa.selenium.remote.http.W3CHttpResponseCodec.decode(W3CHttpResponseCodec.java:122)
	at org.openqa.selenium.remote.http.W3CHttpResponseCodec.decode(W3CHttpResponseCodec.java:49)
	at org.openqa.selenium.remote.HttpCommandExecutor.execute(HttpCommandExecutor.java:158)
	at org.openqa.selenium.remote.service.DriverCommandExecutor.execute(DriverCommandExecutor.java:83)
	at org.openqa.selenium.remote.RemoteWebDriver.execute(RemoteWebDriver.java:552)
	at com.kms.katalon.selenium.driver.CChromeDriver.execute(CChromeDriver.java:19)
	at org.openqa.selenium.remote.RemoteWebElement.execute(RemoteWebElement.java:285)
	at org.openqa.selenium.remote.RemoteWebElement.click(RemoteWebElement.java:84)
	at org.openqa.selenium.support.events.EventFiringWebDriver$EventFiringWebElement.lambda$new$0(EventFiringWebDriver.java:404)
	at com.sun.proxy.$Proxy11.click(Unknown Source)
	at org.openqa.selenium.support.events.EventFiringWebDriver$EventFiringWebElement.click(EventFiringWebDriver.java:417)
	at com.kms.katalon.core.webui.keyword.builtin.ClickKeyword$_click_closure1.doCall(ClickKeyword.groovy:68)
	at com.kms.katalon.core.webui.keyword.builtin.ClickKeyword$_click_closure1.call(ClickKeyword.groovy)
	at com.kms.katalon.core.webui.keyword.internal.WebUIKeywordMain.runKeyword(WebUIKeywordMain.groovy:20)
	at com.kms.katalon.core.webui.keyword.builtin.ClickKeyword.click(ClickKeyword.groovy:75)
	at com.kms.katalon.core.webui.keyword.builtin.ClickKeyword.execute(ClickKeyword.groovy:42)
	at com.kms.katalon.core.keyword.internal.KeywordExecutor.executeKeywordForPlatform(KeywordExecutor.groovy:74)
	at com.kms.katalon.core.webui.keyword.WebUiBuiltInKeywords.click(WebUiBuiltInKeywords.groovy:620)
	at com.kms.katalon.core.webui.keyword.WebUiBuiltInKeywords$click$10.call(Unknown Source)
	at Script1634674829687.run(Script1634674829687.groovy:291)
	... 13 more
)

2021-11-08 12:20:05 - [MESSAGE][FAILED] - Unable to click on object 'Object Repository/RAD_Pages/Summary_Page/button_Proceed to Payment' (Root cause: com.kms.katalon.core.exception.StepFailedException: Unable to click on object 'Object Repository/RAD_Pages/Summary_Page/button_Proceed to Payment'
	at com.kms.katalon.core.webui.keyword.internal.WebUIKeywordMain.stepFailed(WebUIKeywordMain.groovy:64)
	at com.kms.katalon.core.webui.keyword.internal.WebUIKeywordMain.runKeyword(WebUIKeywordMain.groovy:26)
	at com.kms.katalon.core.webui.keyword.builtin.ClickKeyword.click(ClickKeyword.groovy:75)
	at com.kms.katalon.core.webui.keyword.builtin.ClickKeyword.execute(ClickKeyword.groovy:42)
	at com.kms.katalon.core.keyword.internal.KeywordExecutor.executeKeywordForPlatform(KeywordExecutor.groovy:74)
	at com.kms.katalon.core.webui.keyword.WebUiBuiltInKeywords.click(WebUiBuiltInKeywords.groovy:620)
	at com.kms.katalon.core.webui.keyword.WebUiBuiltInKeywords$click$10.call(Unknown Source)
	at Payments_HC_TC.run(Payments_HC_TC:291)
	at com.kms.katalon.core.main.ScriptEngine.run(ScriptEngine.java:194)
	at com.kms.katalon.core.main.ScriptEngine.runScriptAsRawText(ScriptEngine.java:119)
	at com.kms.katalon.core.main.TestCaseExecutor.runScript(TestCaseExecutor.java:430)
	at com.kms.katalon.core.main.TestCaseExecutor.doExecute(TestCaseExecutor.java:421)
	at com.kms.katalon.core.main.TestCaseExecutor.processExecutionPhase(TestCaseExecutor.java:400)
	at com.kms.katalon.core.main.TestCaseExecutor.accessMainPhase(TestCaseExecutor.java:392)
	at com.kms.katalon.core.main.TestCaseExecutor.execute(TestCaseExecutor.java:273)
	at com.kms.katalon.core.main.TestSuiteExecutor.accessTestCaseMainPhase(TestSuiteExecutor.java:202)
	at com.kms.katalon.core.main.TestSuiteExecutor.accessTestSuiteMainPhase(TestSuiteExecutor.java:164)
	at com.kms.katalon.core.main.TestSuiteExecutor.execute(TestSuiteExecutor.java:105)
	at com.kms.katalon.core.main.TestCaseMain.startTestSuite(TestCaseMain.java:185)
	at com.kms.katalon.core.main.TestCaseMain$startTestSuite$0.call(Unknown Source)
	at TempTestSuite1636391403401.run(TempTestSuite1636391403401.groovy:36)
Caused by: org.openqa.selenium.ElementNotInteractableException: element not interactable
  (Session info: chrome=95.0.4638.69)
Build info: version: '3.141.59', revision: 'e82be7d358', time: '2018-11-14T08:25:53'
System info: host: 'DESKTOP-B2QI6NS', ip: '172.30.2.167', os.name: 'Windows 10', os.arch: 'amd64', os.version: '10.0', java.version: '1.8.0_181'
Driver info: com.kms.katalon.selenium.driver.CChromeDriver
Capabilities {acceptInsecureCerts: true, browserName: chrome, browserVersion: 95.0.4638.69, chrome: {chromedriverVersion: 95.0.4638.54 (d31a821ec901f..., userDataDir: C:\Users\iahmed\AppData\Loc...}, goog:chromeOptions: {debuggerAddress: localhost:55509}, javascriptEnabled: true, networkConnectionEnabled: false, pageLoadStrategy: normal, platform: WINDOWS, platformName: WINDOWS, proxy: Proxy(), setWindowRect: true, strictFileInteractability: false, timeouts: {implicit: 0, pageLoad: 300000, script: 30000}, unhandledPromptBehavior: dismiss and notify, webauthn:extension:credBlob: true, webauthn:extension:largeBlob: true, webauthn:virtualAuthenticators: true}
Session ID: 598b5c501f60cf782fe3d626c93f8a39
	at org.openqa.selenium.remote.http.W3CHttpResponseCodec.createException(W3CHttpResponseCodec.java:187)
	at org.openqa.selenium.remote.http.W3CHttpResponseCodec.decode(W3CHttpResponseCodec.java:122)
	at org.openqa.selenium.remote.http.W3CHttpResponseCodec.decode(W3CHttpResponseCodec.java:49)
	at org.openqa.selenium.remote.HttpCommandExecutor.execute(HttpCommandExecutor.java:158)
	at org.openqa.selenium.remote.service.DriverCommandExecutor.execute(DriverCommandExecutor.java:83)
	at org.openqa.selenium.remote.RemoteWebDriver.execute(RemoteWebDriver.java:552)
	at com.kms.katalon.selenium.driver.CChromeDriver.execute(CChromeDriver.java:19)
	at org.openqa.selenium.remote.RemoteWebElement.execute(RemoteWebElement.java:285)
	at org.openqa.selenium.remote.RemoteWebElement.click(RemoteWebElement.java:84)
	at org.openqa.selenium.support.events.EventFiringWebDriver$EventFiringWebElement.lambda$new$0(EventFiringWebDriver.java:404)
	at com.sun.proxy.$Proxy11.click(Unknown Source)
	at org.openqa.selenium.support.events.EventFiringWebDriver$EventFiringWebElement.click(EventFiringWebDriver.java:417)
	at com.kms.katalon.core.webui.keyword.builtin.ClickKeyword$_click_closure1.doCall(ClickKeyword.groovy:68)
	at com.kms.katalon.core.webui.keyword.builtin.ClickKeyword$_click_closure1.call(ClickKeyword.groovy)
	at com.kms.katalon.core.webui.keyword.internal.WebUIKeywordMain.runKeyword(WebUIKeywordMain.groovy:20)
	at com.kms.katalon.core.webui.keyword.builtin.ClickKeyword.click(ClickKeyword.groovy:75)
	at com.kms.katalon.core.webui.keyword.builtin.ClickKeyword.execute(ClickKeyword.groovy:42)
	at com.kms.katalon.core.keyword.internal.KeywordExecutor.executeKeywordForPlatform(KeywordExecutor.groovy:74)
	at com.kms.katalon.core.webui.keyword.WebUiBuiltInKeywords.click(WebUiBuiltInKeywords.groovy:620)
	at com.kms.katalon.core.webui.keyword.WebUiBuiltInKeywords$click$10.call(Unknown Source)
	at Script1634674829687.run(Script1634674829687.groovy:291)
	... 13 more
)
[[ATTACHMENT|E:\\Cloned-Project-Katalon\\VPS-Katalon\\Reports\\20211108_121003\\RAD_TestSuite\\RAD_UI_TestSuite\\20211108_121003\\1636392004833.png]]

2021-11-08 12:20:05 - [TEST_STEP][FAILED] - setText(findTestObject(orPath_PaymentEntry + "/input__cardNumber"), CCNumber): Unable to set text '6011000993026909' of object 'Object Repository/RAD_Pages/PaymentEntry_Page/input__cardNumber' (Root cause: com.kms.katalon.core.exception.StepFailedException: Unable to set text '6011000993026909' of object 'Object Repository/RAD_Pages/PaymentEntry_Page/input__cardNumber'
	at com.kms.katalon.core.webui.keyword.internal.WebUIKeywordMain.stepFailed(WebUIKeywordMain.groovy:64)
	at com.kms.katalon.core.webui.keyword.internal.WebUIKeywordMain.runKeyword(WebUIKeywordMain.groovy:26)
	at com.kms.katalon.core.webui.keyword.builtin.SetTextKeyword.setText(SetTextKeyword.groovy:66)
	at com.kms.katalon.core.webui.keyword.builtin.SetTextKeyword.execute(SetTextKeyword.groovy:37)
	at com.kms.katalon.core.keyword.internal.KeywordExecutor.executeKeywordForPlatform(KeywordExecutor.groovy:74)
	at com.kms.katalon.core.webui.keyword.WebUiBuiltInKeywords.setText(WebUiBuiltInKeywords.groovy:980)
	at com.kms.katalon.core.webui.keyword.WebUiBuiltInKeywords$setText$11.call(Unknown Source)
	at Payments_HC_TC.run(Payments_HC_TC:303)
	at com.kms.katalon.core.main.ScriptEngine.run(ScriptEngine.java:194)
	at com.kms.katalon.core.main.ScriptEngine.runScriptAsRawText(ScriptEngine.java:119)
	at com.kms.katalon.core.main.TestCaseExecutor.runScript(TestCaseExecutor.java:430)
	at com.kms.katalon.core.main.TestCaseExecutor.doExecute(TestCaseExecutor.java:421)
	at com.kms.katalon.core.main.TestCaseExecutor.processExecutionPhase(TestCaseExecutor.java:400)
	at com.kms.katalon.core.main.TestCaseExecutor.accessMainPhase(TestCaseExecutor.java:392)
	at com.kms.katalon.core.main.TestCaseExecutor.execute(TestCaseExecutor.java:273)
	at com.kms.katalon.core.main.TestSuiteExecutor.accessTestCaseMainPhase(TestSuiteExecutor.java:202)
	at com.kms.katalon.core.main.TestSuiteExecutor.accessTestSuiteMainPhase(TestSuiteExecutor.java:164)
	at com.kms.katalon.core.main.TestSuiteExecutor.execute(TestSuiteExecutor.java:105)
	at com.kms.katalon.core.main.TestCaseMain.startTestSuite(TestCaseMain.java:185)
	at com.kms.katalon.core.main.TestCaseMain$startTestSuite$0.call(Unknown Source)
	at TempTestSuite1636391403401.run(TempTestSuite1636391403401.groovy:36)
Caused by: com.kms.katalon.core.webui.exception.WebElementNotFoundException: Web element with id: 'Object Repository/RAD_Pages/PaymentEntry_Page/input__cardNumber' located by '//*[@type = 'text' and @id = 'cardNumber' and @name = 'cardNumber' and @alt = 'Card Number']' not found
	at com.kms.katalon.core.webui.common.WebUiCommonHelper.findWebElement(WebUiCommonHelper.java:1368)
	at com.kms.katalon.core.webui.keyword.internal.WebUIAbstractKeyword.findWebElement(WebUIAbstractKeyword.groovy:27)
	at com.kms.katalon.core.webui.keyword.internal.WebUIAbstractKeyword.findWebElement(WebUIAbstractKeyword.groovy:26)
	at com.kms.katalon.core.webui.keyword.builtin.SetTextKeyword$_setText_closure1.doCall(SetTextKeyword.groovy:51)
	at com.kms.katalon.core.webui.keyword.builtin.SetTextKeyword$_setText_closure1.call(SetTextKeyword.groovy)
	at com.kms.katalon.core.webui.keyword.internal.WebUIKeywordMain.runKeyword(WebUIKeywordMain.groovy:20)
	at com.kms.katalon.core.webui.keyword.builtin.SetTextKeyword.setText(SetTextKeyword.groovy:66)
	at com.kms.katalon.core.webui.keyword.builtin.SetTextKeyword.execute(SetTextKeyword.groovy:37)
	at com.kms.katalon.core.keyword.internal.KeywordExecutor.executeKeywordForPlatform(KeywordExecutor.groovy:74)
	at com.kms.katalon.core.webui.keyword.WebUiBuiltInKeywords.setText(WebUiBuiltInKeywords.groovy:980)
	at com.kms.katalon.core.webui.keyword.WebUiBuiltInKeywords$setText$11.call(Unknown Source)
	at Script1634674829687.run(Script1634674829687.groovy:303)
	... 13 more
)

2021-11-08 12:20:36 - [MESSAGE][INFO] - Unable to find the element located by 'By.xpath: //*[@type = 'text' and @id = 'cardNumber' and @name = 'cardNumber' and @alt = 'Card Number']'. Please recheck the objects properties to make sure the desired element is located. 

2021-11-08 12:20:36 - [MESSAGE][WARNING] - [SELF-HEALING] Failed to find element with id 'Object Repository/RAD_Pages/PaymentEntry_Page/input__cardNumber'. Try using Self-healing.

2021-11-08 12:20:37 - [MESSAGE][INFO] - Unable to find the element located by 'By.xpath: //input[@id='cardNumber']'. Please recheck the objects properties to make sure the desired element is located. 

2021-11-08 12:20:37 - [MESSAGE][INFO] - [SELF-HEALING] Failed Locator: '//input[@id='cardNumber']'.

2021-11-08 12:20:37 - [MESSAGE][INFO] - [SELF-HEALING] Failed Locator: '//form[@id='process']/div/div/div[3]/div/div/input'.

2021-11-08 12:20:38 - [MESSAGE][INFO] - [SELF-HEALING] Working Locator: '//div[3]/div/div/input'.

2021-11-08 12:20:38 - [MESSAGE][ERROR] - [SELF-HEALING] Cannot save screenshot to: E:\Cloned-Project-Katalon\VPS-Katalon\Reports\Self-healing, reason: unknown error: unhandled inspector error: {"code":-32000,"message":"Cannot take screenshot with 0 width."}
  (Session info: chrome=95.0.4638.69)
Build info: version: '3.141.59', revision: 'e82be7d358', time: '2018-11-14T08:25:53'
System info: host: 'DESKTOP-B2QI6NS', ip: '172.30.2.167', os.name: 'Windows 10', os.arch: 'amd64', os.version: '10.0', java.version: '1.8.0_181'
Driver info: com.kms.katalon.selenium.driver.CChromeDriver
Capabilities {acceptInsecureCerts: true, browserName: chrome, browserVersion: 95.0.4638.69, chrome: {chromedriverVersion: 95.0.4638.54 (d31a821ec901f..., userDataDir: C:\Users\iahmed\AppData\Loc...}, goog:chromeOptions: {debuggerAddress: localhost:55509}, javascriptEnabled: true, networkConnectionEnabled: false, pageLoadStrategy: normal, platform: WINDOWS, platformName: WINDOWS, proxy: Proxy(), setWindowRect: true, strictFileInteractability: false, timeouts: {implicit: 0, pageLoad: 300000, script: 30000}, unhandledPromptBehavior: dismiss and notify, webauthn:extension:credBlob: true, webauthn:extension:largeBlob: true, webauthn:virtualAuthenticators: true}
Session ID: 598b5c501f60cf782fe3d626c93f8a39.

2021-11-08 12:20:38 - [MESSAGE][ERROR] - [SELF-HEALING] Cannot save screenshot to: E:\Cloned-Project-Katalon\VPS-Katalon\Reports\Self-healing, reason: unknown error: unhandled inspector error: {"code":-32000,"message":"Cannot take screenshot with 0 width."}
  (Session info: chrome=95.0.4638.69)
Build info: version: '3.141.59', revision: 'e82be7d358', time: '2018-11-14T08:25:53'
System info: host: 'DESKTOP-B2QI6NS', ip: '172.30.2.167', os.name: 'Windows 10', os.arch: 'amd64', os.version: '10.0', java.version: '1.8.0_181'
Driver info: com.kms.katalon.selenium.driver.CChromeDriver
Capabilities {acceptInsecureCerts: true, browserName: chrome, browserVersion: 95.0.4638.69, chrome: {chromedriverVersion: 95.0.4638.54 (d31a821ec901f..., userDataDir: C:\Users\iahmed\AppData\Loc...}, goog:chromeOptions: {debuggerAddress: localhost:55509}, javascriptEnabled: true, networkConnectionEnabled: false, pageLoadStrategy: normal, platform: WINDOWS, platformName: WINDOWS, proxy: Proxy(), setWindowRect: true, strictFileInteractability: false, timeouts: {implicit: 0, pageLoad: 300000, script: 30000}, unhandledPromptBehavior: dismiss and notify, webauthn:extension:credBlob: true, webauthn:extension:largeBlob: true, webauthn:virtualAuthenticators: true}
Session ID: 598b5c501f60cf782fe3d626c93f8a39.

2021-11-08 12:20:38 - [MESSAGE][WARNING] - [SELF-HEALING] 'other' is different type of Path

2021-11-08 12:20:39 - [MESSAGE][INFO] - Unable to find the element located by 'By.cssSelector: #cardNumber'. Please recheck the objects properties to make sure the desired element is located. 

2021-11-08 12:20:39 - [MESSAGE][FAILED] - Unable to set text '6011000993026909' of object 'Object Repository/RAD_Pages/PaymentEntry_Page/input__cardNumber' (Root cause: com.kms.katalon.core.exception.StepFailedException: Unable to set text '6011000993026909' of object 'Object Repository/RAD_Pages/PaymentEntry_Page/input__cardNumber'
	at com.kms.katalon.core.webui.keyword.internal.WebUIKeywordMain.stepFailed(WebUIKeywordMain.groovy:64)
	at com.kms.katalon.core.webui.keyword.internal.WebUIKeywordMain.runKeyword(WebUIKeywordMain.groovy:26)
	at com.kms.katalon.core.webui.keyword.builtin.SetTextKeyword.setText(SetTextKeyword.groovy:66)
	at com.kms.katalon.core.webui.keyword.builtin.SetTextKeyword.execute(SetTextKeyword.groovy:37)
	at com.kms.katalon.core.keyword.internal.KeywordExecutor.executeKeywordForPlatform(KeywordExecutor.groovy:74)
	at com.kms.katalon.core.webui.keyword.WebUiBuiltInKeywords.setText(WebUiBuiltInKeywords.groovy:980)
	at com.kms.katalon.core.webui.keyword.WebUiBuiltInKeywords$setText$11.call(Unknown Source)
	at Payments_HC_TC.run(Payments_HC_TC:303)
	at com.kms.katalon.core.main.ScriptEngine.run(ScriptEngine.java:194)
	at com.kms.katalon.core.main.ScriptEngine.runScriptAsRawText(ScriptEngine.java:119)
	at com.kms.katalon.core.main.TestCaseExecutor.runScript(TestCaseExecutor.java:430)
	at com.kms.katalon.core.main.TestCaseExecutor.doExecute(TestCaseExecutor.java:421)
	at com.kms.katalon.core.main.TestCaseExecutor.processExecutionPhase(TestCaseExecutor.java:400)
	at com.kms.katalon.core.main.TestCaseExecutor.accessMainPhase(TestCaseExecutor.java:392)
	at com.kms.katalon.core.main.TestCaseExecutor.execute(TestCaseExecutor.java:273)
	at com.kms.katalon.core.main.TestSuiteExecutor.accessTestCaseMainPhase(TestSuiteExecutor.java:202)
	at com.kms.katalon.core.main.TestSuiteExecutor.accessTestSuiteMainPhase(TestSuiteExecutor.java:164)
	at com.kms.katalon.core.main.TestSuiteExecutor.execute(TestSuiteExecutor.java:105)
	at com.kms.katalon.core.main.TestCaseMain.startTestSuite(TestCaseMain.java:185)
	at com.kms.katalon.core.main.TestCaseMain$startTestSuite$0.call(Unknown Source)
	at TempTestSuite1636391403401.run(TempTestSuite1636391403401.groovy:36)
Caused by: com.kms.katalon.core.webui.exception.WebElementNotFoundException: Web element with id: 'Object Repository/RAD_Pages/PaymentEntry_Page/input__cardNumber' located by '//*[@type = 'text' and @id = 'cardNumber' and @name = 'cardNumber' and @alt = 'Card Number']' not found
	at com.kms.katalon.core.webui.common.WebUiCommonHelper.findWebElement(WebUiCommonHelper.java:1368)
	at com.kms.katalon.core.webui.keyword.internal.WebUIAbstractKeyword.findWebElement(WebUIAbstractKeyword.groovy:27)
	at com.kms.katalon.core.webui.keyword.internal.WebUIAbstractKeyword.findWebElement(WebUIAbstractKeyword.groovy:26)
	at com.kms.katalon.core.webui.keyword.builtin.SetTextKeyword$_setText_closure1.doCall(SetTextKeyword.groovy:51)
	at com.kms.katalon.core.webui.keyword.builtin.SetTextKeyword$_setText_closure1.call(SetTextKeyword.groovy)
	at com.kms.katalon.core.webui.keyword.internal.WebUIKeywordMain.runKeyword(WebUIKeywordMain.groovy:20)
	at com.kms.katalon.core.webui.keyword.builtin.SetTextKeyword.setText(SetTextKeyword.groovy:66)
	at com.kms.katalon.core.webui.keyword.builtin.SetTextKeyword.execute(SetTextKeyword.groovy:37)
	at com.kms.katalon.core.keyword.internal.KeywordExecutor.executeKeywordForPlatform(KeywordExecutor.groovy:74)
	at com.kms.katalon.core.webui.keyword.WebUiBuiltInKeywords.setText(WebUiBuiltInKeywords.groovy:980)
	at com.kms.katalon.core.webui.keyword.WebUiBuiltInKeywords$setText$11.call(Unknown Source)
	at Script1634674829687.run(Script1634674829687.groovy:303)
	... 13 more
)
[[ATTACHMENT|E:\\Cloned-Project-Katalon\\VPS-Katalon\\Reports\\20211108_121003\\RAD_TestSuite\\RAD_UI_TestSuite\\20211108_121003\\1636392039146.png]]

2021-11-08 12:20:39 - [TEST_STEP][PASSED] - setText(findTestObject(orPath_PaymentEntry + "/input__spc"), CVV): Text '123' is set on object 'Object Repository/RAD_Pages/PaymentEntry_Page/input__spc'

2021-11-08 12:21:10 - [MESSAGE][INFO] - Unable to find the element located by 'By.xpath: //*[@type = 'text' and @class = 'form-control' and @name = 'spc' and @id = 'spc']'. Please recheck the objects properties to make sure the desired element is located. 

2021-11-08 12:21:10 - [MESSAGE][WARNING] - [SELF-HEALING] Failed to find element with id 'Object Repository/RAD_Pages/PaymentEntry_Page/input__spc'. Try using Self-healing.

2021-11-08 12:21:11 - [MESSAGE][INFO] - Unable to find the element located by 'By.xpath: //input[@id='spc']'. Please recheck the objects properties to make sure the desired element is located. 

2021-11-08 12:21:11 - [MESSAGE][INFO] - [SELF-HEALING] Failed Locator: '//input[@id='spc']'.

2021-11-08 12:21:12 - [MESSAGE][INFO] - [SELF-HEALING] Failed Locator: '//form[@id='process']/div/div/div[4]/div/div/input'.

2021-11-08 12:21:12 - [MESSAGE][INFO] - [SELF-HEALING] Working Locator: '//div[4]/div/div/input'.

2021-11-08 12:21:12 - [MESSAGE][INFO] - [SELF-HEALING] Screenshot: E:/Cloned-Project-Katalon/VPS-Katalon/Reports/Self-healing/Object Repository/RAD_Pages/PaymentEntry_Page/input__spc_position.png

2021-11-08 12:21:12 - [MESSAGE][WARNING] - [SELF-HEALING] The current locator of test object 'Object Repository/RAD_Pages/PaymentEntry_Page/input__spc' was broken. Propose an alternative one: '//div[4]/div/div/input'.

2021-11-08 12:21:44 - [MESSAGE][INFO] - Unable to find the element located by 'By.xpath: //*[@type = 'text' and @class = 'form-control' and @name = 'spc' and @id = 'spc']'. Please recheck the objects properties to make sure the desired element is located. 

2021-11-08 12:21:44 - [MESSAGE][WARNING] - [SELF-HEALING] Failed to find element with id 'Object Repository/RAD_Pages/PaymentEntry_Page/input__spc'. Try using Self-healing.

2021-11-08 12:21:44 - [MESSAGE][WARNING] - [SELF-HEALING] The current locator of test object 'Object Repository/RAD_Pages/PaymentEntry_Page/input__spc' was broken. Propose an alternative one: '//div[4]/div/div/input'.

2021-11-08 12:21:44 - [MESSAGE][PASSED] - Text '123' is set on object 'Object Repository/RAD_Pages/PaymentEntry_Page/input__spc'

2021-11-08 12:21:44 - [TEST_STEP][FAILED] - selectOptionByLabel(findTestObject(orPath_PaymentEntry + "/select_MM"), "12", false): Unable to select option by label '12' of object 'Object Repository/RAD_Pages/PaymentEntry_Page/select_MM'  (Root cause: com.kms.katalon.core.exception.StepFailedException: Unable to select option by label '12' of object 'Object Repository/RAD_Pages/PaymentEntry_Page/select_MM' 
	at com.kms.katalon.core.webui.keyword.internal.WebUIKeywordMain.stepFailed(WebUIKeywordMain.groovy:64)
	at com.kms.katalon.core.webui.keyword.internal.WebUIKeywordMain.runKeyword(WebUIKeywordMain.groovy:26)
	at com.kms.katalon.core.webui.keyword.builtin.SelectOptionByLabelKeyword.selectOptionByLabel(SelectOptionByLabelKeyword.groovy:98)
	at com.kms.katalon.core.webui.keyword.builtin.SelectOptionByLabelKeyword.execute(SelectOptionByLabelKeyword.groovy:71)
	at com.kms.katalon.core.keyword.internal.KeywordExecutor.executeKeywordForPlatform(KeywordExecutor.groovy:74)
	at com.kms.katalon.core.webui.keyword.WebUiBuiltInKeywords.selectOptionByLabel(WebUiBuiltInKeywords.groovy:1230)
	at com.kms.katalon.core.webui.keyword.WebUiBuiltInKeywords$selectOptionByLabel$6.call(Unknown Source)
	at Payments_HC_TC.run(Payments_HC_TC:305)
	at com.kms.katalon.core.main.ScriptEngine.run(ScriptEngine.java:194)
	at com.kms.katalon.core.main.ScriptEngine.runScriptAsRawText(ScriptEngine.java:119)
	at com.kms.katalon.core.main.TestCaseExecutor.runScript(TestCaseExecutor.java:430)
	at com.kms.katalon.core.main.TestCaseExecutor.doExecute(TestCaseExecutor.java:421)
	at com.kms.katalon.core.main.TestCaseExecutor.processExecutionPhase(TestCaseExecutor.java:400)
	at com.kms.katalon.core.main.TestCaseExecutor.accessMainPhase(TestCaseExecutor.java:392)
	at com.kms.katalon.core.main.TestCaseExecutor.execute(TestCaseExecutor.java:273)
	at com.kms.katalon.core.main.TestSuiteExecutor.accessTestCaseMainPhase(TestSuiteExecutor.java:202)
	at com.kms.katalon.core.main.TestSuiteExecutor.accessTestSuiteMainPhase(TestSuiteExecutor.java:164)
	at com.kms.katalon.core.main.TestSuiteExecutor.execute(TestSuiteExecutor.java:105)
	at com.kms.katalon.core.main.TestCaseMain.startTestSuite(TestCaseMain.java:185)
	at com.kms.katalon.core.main.TestCaseMain$startTestSuite$0.call(Unknown Source)
	at TempTestSuite1636391403401.run(TempTestSuite1636391403401.groovy:36)
Caused by: org.openqa.selenium.NoSuchElementException: Cannot locate element with text: 12
For documentation on this error, please visit: https://www.seleniumhq.org/exceptions/no_such_element.html
Build info: version: '3.141.59', revision: 'e82be7d358', time: '2018-11-14T08:25:53'
System info: host: 'DESKTOP-B2QI6NS', ip: '172.30.2.167', os.name: 'Windows 10', os.arch: 'amd64', os.version: '10.0', java.version: '1.8.0_181'
Driver info: driver.version: unknown
	at org.openqa.selenium.support.ui.Select.selectByVisibleText(Select.java:147)
	at com.kms.katalon.core.webui.common.WebUiCommonHelper.selectOrDeselectOptionsByLabel(WebUiCommonHelper.java:310)
	at com.kms.katalon.core.webui.keyword.builtin.SelectOptionByLabelKeyword$_selectOptionByLabel_closure1.doCall(SelectOptionByLabelKeyword.groovy:87)
	at com.kms.katalon.core.webui.keyword.builtin.SelectOptionByLabelKeyword$_selectOptionByLabel_closure1.call(SelectOptionByLabelKeyword.groovy)
	at com.kms.katalon.core.webui.keyword.internal.WebUIKeywordMain.runKeyword(WebUIKeywordMain.groovy:20)
	at com.kms.katalon.core.webui.keyword.builtin.SelectOptionByLabelKeyword.selectOptionByLabel(SelectOptionByLabelKeyword.groovy:98)
	at com.kms.katalon.core.webui.keyword.builtin.SelectOptionByLabelKeyword.execute(SelectOptionByLabelKeyword.groovy:71)
	at com.kms.katalon.core.keyword.internal.KeywordExecutor.executeKeywordForPlatform(KeywordExecutor.groovy:74)
	at com.kms.katalon.core.webui.keyword.WebUiBuiltInKeywords.selectOptionByLabel(WebUiBuiltInKeywords.groovy:1230)
	at com.kms.katalon.core.webui.keyword.WebUiBuiltInKeywords$selectOptionByLabel$6.call(Unknown Source)
	at Script1634674829687.run(Script1634674829687.groovy:305)
	... 13 more
)

2021-11-08 12:22:15 - [MESSAGE][INFO] - Unable to find the element located by 'By.xpath: //*[@name = 'cardExpMonth' and @alt = 'Expiration Date' and (text() = '
									MM
										
									01
						
									02
						
									03
						
									04
						
									05
						
									06
						
									07
						
									08
						
									09
						
									10
						
									11
						
									12
						
								' or . = '
									MM
										
									01
						
									02
						
									03
						
									04
						
									05
						
									06
						
									07
						
									08
						
									09
						
									10
						
									11
						
									12
						
								')]'. Please recheck the objects properties to make sure the desired element is located. 

2021-11-08 12:22:15 - [MESSAGE][WARNING] - [SELF-HEALING] Failed to find element with id 'Object Repository/RAD_Pages/PaymentEntry_Page/select_MM'. Try using Self-healing.

2021-11-08 12:22:16 - [MESSAGE][INFO] - Unable to find the element located by 'By.xpath: //select[@name='cardExpMonth']'. Please recheck the objects properties to make sure the desired element is located. 

2021-11-08 12:22:17 - [MESSAGE][INFO] - [SELF-HEALING] Failed Locator: '//select[@name='cardExpMonth']'.

2021-11-08 12:22:17 - [MESSAGE][INFO] - [SELF-HEALING] Failed Locator: '//div[@id='expDate']/div/select'.

2021-11-08 12:22:17 - [MESSAGE][INFO] - [SELF-HEALING] Failed Locator: '(.//*[normalize-space(text()) and normalize-space(.)='*'])[4]/following::select[1]'.

2021-11-08 12:22:17 - [MESSAGE][INFO] - [SELF-HEALING] Failed Locator: '(.//*[normalize-space(text()) and normalize-space(.)='*'])[5]/preceding::select[2]'.

2021-11-08 12:22:18 - [MESSAGE][INFO] - [SELF-HEALING] Working Locator: '//select'.

2021-11-08 12:22:18 - [MESSAGE][INFO] - [SELF-HEALING] Screenshot: E:/Cloned-Project-Katalon/VPS-Katalon/Reports/Self-healing/Object Repository/RAD_Pages/PaymentEntry_Page/select_MM_position.png

2021-11-08 12:22:18 - [MESSAGE][WARNING] - [SELF-HEALING] The current locator of test object 'Object Repository/RAD_Pages/PaymentEntry_Page/select_MM' was broken. Propose an alternative one: '//select'.

2021-11-08 12:22:18 - [MESSAGE][FAILED] - Unable to select option by label '12' of object 'Object Repository/RAD_Pages/PaymentEntry_Page/select_MM'  (Root cause: com.kms.katalon.core.exception.StepFailedException: Unable to select option by label '12' of object 'Object Repository/RAD_Pages/PaymentEntry_Page/select_MM' 
	at com.kms.katalon.core.webui.keyword.internal.WebUIKeywordMain.stepFailed(WebUIKeywordMain.groovy:64)
	at com.kms.katalon.core.webui.keyword.internal.WebUIKeywordMain.runKeyword(WebUIKeywordMain.groovy:26)
	at com.kms.katalon.core.webui.keyword.builtin.SelectOptionByLabelKeyword.selectOptionByLabel(SelectOptionByLabelKeyword.groovy:98)
	at com.kms.katalon.core.webui.keyword.builtin.SelectOptionByLabelKeyword.execute(SelectOptionByLabelKeyword.groovy:71)
	at com.kms.katalon.core.keyword.internal.KeywordExecutor.executeKeywordForPlatform(KeywordExecutor.groovy:74)
	at com.kms.katalon.core.webui.keyword.WebUiBuiltInKeywords.selectOptionByLabel(WebUiBuiltInKeywords.groovy:1230)
	at com.kms.katalon.core.webui.keyword.WebUiBuiltInKeywords$selectOptionByLabel$6.call(Unknown Source)
	at Payments_HC_TC.run(Payments_HC_TC:305)
	at com.kms.katalon.core.main.ScriptEngine.run(ScriptEngine.java:194)
	at com.kms.katalon.core.main.ScriptEngine.runScriptAsRawText(ScriptEngine.java:119)
	at com.kms.katalon.core.main.TestCaseExecutor.runScript(TestCaseExecutor.java:430)
	at com.kms.katalon.core.main.TestCaseExecutor.doExecute(TestCaseExecutor.java:421)
	at com.kms.katalon.core.main.TestCaseExecutor.processExecutionPhase(TestCaseExecutor.java:400)
	at com.kms.katalon.core.main.TestCaseExecutor.accessMainPhase(TestCaseExecutor.java:392)
	at com.kms.katalon.core.main.TestCaseExecutor.execute(TestCaseExecutor.java:273)
	at com.kms.katalon.core.main.TestSuiteExecutor.accessTestCaseMainPhase(TestSuiteExecutor.java:202)
	at com.kms.katalon.core.main.TestSuiteExecutor.accessTestSuiteMainPhase(TestSuiteExecutor.java:164)
	at com.kms.katalon.core.main.TestSuiteExecutor.execute(TestSuiteExecutor.java:105)
	at com.kms.katalon.core.main.TestCaseMain.startTestSuite(TestCaseMain.java:185)
	at com.kms.katalon.core.main.TestCaseMain$startTestSuite$0.call(Unknown Source)
	at TempTestSuite1636391403401.run(TempTestSuite1636391403401.groovy:36)
Caused by: org.openqa.selenium.NoSuchElementException: Cannot locate element with text: 12
For documentation on this error, please visit: https://www.seleniumhq.org/exceptions/no_such_element.html
Build info: version: '3.141.59', revision: 'e82be7d358', time: '2018-11-14T08:25:53'
System info: host: 'DESKTOP-B2QI6NS', ip: '172.30.2.167', os.name: 'Windows 10', os.arch: 'amd64', os.version: '10.0', java.version: '1.8.0_181'
Driver info: driver.version: unknown
	at org.openqa.selenium.support.ui.Select.selectByVisibleText(Select.java:147)
	at com.kms.katalon.core.webui.common.WebUiCommonHelper.selectOrDeselectOptionsByLabel(WebUiCommonHelper.java:310)
	at com.kms.katalon.core.webui.keyword.builtin.SelectOptionByLabelKeyword$_selectOptionByLabel_closure1.doCall(SelectOptionByLabelKeyword.groovy:87)
	at com.kms.katalon.core.webui.keyword.builtin.SelectOptionByLabelKeyword$_selectOptionByLabel_closure1.call(SelectOptionByLabelKeyword.groovy)
	at com.kms.katalon.core.webui.keyword.internal.WebUIKeywordMain.runKeyword(WebUIKeywordMain.groovy:20)
	at com.kms.katalon.core.webui.keyword.builtin.SelectOptionByLabelKeyword.selectOptionByLabel(SelectOptionByLabelKeyword.groovy:98)
	at com.kms.katalon.core.webui.keyword.builtin.SelectOptionByLabelKeyword.execute(SelectOptionByLabelKeyword.groovy:71)
	at com.kms.katalon.core.keyword.internal.KeywordExecutor.executeKeywordForPlatform(KeywordExecutor.groovy:74)
	at com.kms.katalon.core.webui.keyword.WebUiBuiltInKeywords.selectOptionByLabel(WebUiBuiltInKeywords.groovy:1230)
	at com.kms.katalon.core.webui.keyword.WebUiBuiltInKeywords$selectOptionByLabel$6.call(Unknown Source)
	at Script1634674829687.run(Script1634674829687.groovy:305)
	... 13 more
)
[[ATTACHMENT|E:\\Cloned-Project-Katalon\\VPS-Katalon\\Reports\\20211108_121003\\RAD_TestSuite\\RAD_UI_TestSuite\\20211108_121003\\1636392138609.png]]

2021-11-08 12:22:18 - [TEST_STEP][FAILED] - selectOptionByLabel(findTestObject(orPath_PaymentEntry + "/select_YYYY"), "2023", false): Unable to select option by label '2023' of object 'Object Repository/RAD_Pages/PaymentEntry_Page/select_YYYY'  (Root cause: com.kms.katalon.core.exception.StepFailedException: Unable to select option by label '2023' of object 'Object Repository/RAD_Pages/PaymentEntry_Page/select_YYYY' 
	at com.kms.katalon.core.webui.keyword.internal.WebUIKeywordMain.stepFailed(WebUIKeywordMain.groovy:64)
	at com.kms.katalon.core.webui.keyword.internal.WebUIKeywordMain.runKeyword(WebUIKeywordMain.groovy:26)
	at com.kms.katalon.core.webui.keyword.builtin.SelectOptionByLabelKeyword.selectOptionByLabel(SelectOptionByLabelKeyword.groovy:98)
	at com.kms.katalon.core.webui.keyword.builtin.SelectOptionByLabelKeyword.execute(SelectOptionByLabelKeyword.groovy:71)
	at com.kms.katalon.core.keyword.internal.KeywordExecutor.executeKeywordForPlatform(KeywordExecutor.groovy:74)
	at com.kms.katalon.core.webui.keyword.WebUiBuiltInKeywords.selectOptionByLabel(WebUiBuiltInKeywords.groovy:1230)
	at com.kms.katalon.core.webui.keyword.WebUiBuiltInKeywords$selectOptionByLabel$6.call(Unknown Source)
	at Payments_HC_TC.run(Payments_HC_TC:306)
	at com.kms.katalon.core.main.ScriptEngine.run(ScriptEngine.java:194)
	at com.kms.katalon.core.main.ScriptEngine.runScriptAsRawText(ScriptEngine.java:119)
	at com.kms.katalon.core.main.TestCaseExecutor.runScript(TestCaseExecutor.java:430)
	at com.kms.katalon.core.main.TestCaseExecutor.doExecute(TestCaseExecutor.java:421)
	at com.kms.katalon.core.main.TestCaseExecutor.processExecutionPhase(TestCaseExecutor.java:400)
	at com.kms.katalon.core.main.TestCaseExecutor.accessMainPhase(TestCaseExecutor.java:392)
	at com.kms.katalon.core.main.TestCaseExecutor.execute(TestCaseExecutor.java:273)
	at com.kms.katalon.core.main.TestSuiteExecutor.accessTestCaseMainPhase(TestSuiteExecutor.java:202)
	at com.kms.katalon.core.main.TestSuiteExecutor.accessTestSuiteMainPhase(TestSuiteExecutor.java:164)
	at com.kms.katalon.core.main.TestSuiteExecutor.execute(TestSuiteExecutor.java:105)
	at com.kms.katalon.core.main.TestCaseMain.startTestSuite(TestCaseMain.java:185)
	at com.kms.katalon.core.main.TestCaseMain$startTestSuite$0.call(Unknown Source)
	at TempTestSuite1636391403401.run(TempTestSuite1636391403401.groovy:36)
Caused by: com.kms.katalon.core.webui.exception.WebElementNotFoundException: Web element with id: 'Object Repository/RAD_Pages/PaymentEntry_Page/select_YYYY' located by '//*[@name = 'cardExpYear' and @alt = 'Expiration Date' and (text() = '
									YYYY
						
									2021
						
									2022
						
									2023
						
									2024
						
									2025
						
									2026
						
									2027
						
									2028
						
									2029
						
									2030
						
									2031
						
									2032
						
									2033
						
									2034
						
									2035
						
									2036
						
								' or . = '
									YYYY
						
									2021
						
									2022
						
									2023
						
									2024
						
									2025
						
									2026
						
									2027
						
									2028
						
									2029
						
									2030
						
									2031
						
									2032
						
									2033
						
									2034
						
									2035
						
									2036
						
								')]' not found
	at com.kms.katalon.core.webui.common.WebUiCommonHelper.findWebElement(WebUiCommonHelper.java:1368)
	at com.kms.katalon.core.webui.keyword.internal.WebUIAbstractKeyword.findWebElement(WebUIAbstractKeyword.groovy:27)
	at com.kms.katalon.core.webui.keyword.internal.WebUIAbstractKeyword.findWebElement(WebUIAbstractKeyword.groovy:26)
	at com.kms.katalon.core.webui.keyword.builtin.SelectOptionByLabelKeyword$_selectOptionByLabel_closure1.doCall(SelectOptionByLabelKeyword.groovy:86)
	at com.kms.katalon.core.webui.keyword.builtin.SelectOptionByLabelKeyword$_selectOptionByLabel_closure1.call(SelectOptionByLabelKeyword.groovy)
	at com.kms.katalon.core.webui.keyword.internal.WebUIKeywordMain.runKeyword(WebUIKeywordMain.groovy:20)
	at com.kms.katalon.core.webui.keyword.builtin.SelectOptionByLabelKeyword.selectOptionByLabel(SelectOptionByLabelKeyword.groovy:98)
	at com.kms.katalon.core.webui.keyword.builtin.SelectOptionByLabelKeyword.execute(SelectOptionByLabelKeyword.groovy:71)
	at com.kms.katalon.core.keyword.internal.KeywordExecutor.executeKeywordForPlatform(KeywordExecutor.groovy:74)
	at com.kms.katalon.core.webui.keyword.WebUiBuiltInKeywords.selectOptionByLabel(WebUiBuiltInKeywords.groovy:1230)
	at com.kms.katalon.core.webui.keyword.WebUiBuiltInKeywords$selectOptionByLabel$6.call(Unknown Source)
	at Script1634674829687.run(Script1634674829687.groovy:306)
	... 13 more
)

2021-11-08 12:22:50 - [MESSAGE][INFO] - Unable to find the element located by 'By.xpath: //*[@name = 'cardExpYear' and @alt = 'Expiration Date' and (text() = '
									YYYY
						
									2021
						
									2022
						
									2023
						
									2024
						
									2025
						
									2026
						
									2027
						
									2028
						
									2029
						
									2030
						
									2031
						
									2032
						
									2033
						
									2034
						
									2035
						
									2036
						
								' or . = '
									YYYY
						
									2021
						
									2022
						
									2023
						
									2024
						
									2025
						
									2026
						
									2027
						
									2028
						
									2029
						
									2030
						
									2031
						
									2032
						
									2033
						
									2034
						
									2035
						
									2036
						
								')]'. Please recheck the objects properties to make sure the desired element is located. 

2021-11-08 12:22:50 - [MESSAGE][WARNING] - [SELF-HEALING] Failed to find element with id 'Object Repository/RAD_Pages/PaymentEntry_Page/select_YYYY'. Try using Self-healing.

2021-11-08 12:22:51 - [MESSAGE][INFO] - Unable to find the element located by 'By.xpath: //select[@name='cardExpYear']'. Please recheck the objects properties to make sure the desired element is located. 

2021-11-08 12:22:51 - [MESSAGE][INFO] - [SELF-HEALING] Failed Locator: '//select[@name='cardExpYear']'.

2021-11-08 12:22:51 - [MESSAGE][INFO] - [SELF-HEALING] Failed Locator: '//div[@id='expDate']/div[2]/select'.

2021-11-08 12:22:52 - [MESSAGE][INFO] - [SELF-HEALING] Failed Locator: '(.//*[normalize-space(text()) and normalize-space(.)='*'])[4]/following::select[2]'.

2021-11-08 12:22:52 - [MESSAGE][INFO] - [SELF-HEALING] Failed Locator: '(.//*[normalize-space(text()) and normalize-space(.)='*'])[5]/preceding::select[1]'.

2021-11-08 12:22:52 - [MESSAGE][INFO] - [SELF-HEALING] Failed Locator: '//div[2]/select'.

2021-11-08 12:22:53 - [MESSAGE][INFO] - Unable to find the element located by 'By.cssSelector: select[name="cardExpYear"]'. Please recheck the objects properties to make sure the desired element is located. 

2021-11-08 12:22:53 - [MESSAGE][FAILED] - Unable to select option by label '2023' of object 'Object Repository/RAD_Pages/PaymentEntry_Page/select_YYYY'  (Root cause: com.kms.katalon.core.exception.StepFailedException: Unable to select option by label '2023' of object 'Object Repository/RAD_Pages/PaymentEntry_Page/select_YYYY' 
	at com.kms.katalon.core.webui.keyword.internal.WebUIKeywordMain.stepFailed(WebUIKeywordMain.groovy:64)
	at com.kms.katalon.core.webui.keyword.internal.WebUIKeywordMain.runKeyword(WebUIKeywordMain.groovy:26)
	at com.kms.katalon.core.webui.keyword.builtin.SelectOptionByLabelKeyword.selectOptionByLabel(SelectOptionByLabelKeyword.groovy:98)
	at com.kms.katalon.core.webui.keyword.builtin.SelectOptionByLabelKeyword.execute(SelectOptionByLabelKeyword.groovy:71)
	at com.kms.katalon.core.keyword.internal.KeywordExecutor.executeKeywordForPlatform(KeywordExecutor.groovy:74)
	at com.kms.katalon.core.webui.keyword.WebUiBuiltInKeywords.selectOptionByLabel(WebUiBuiltInKeywords.groovy:1230)
	at com.kms.katalon.core.webui.keyword.WebUiBuiltInKeywords$selectOptionByLabel$6.call(Unknown Source)
	at Payments_HC_TC.run(Payments_HC_TC:306)
	at com.kms.katalon.core.main.ScriptEngine.run(ScriptEngine.java:194)
	at com.kms.katalon.core.main.ScriptEngine.runScriptAsRawText(ScriptEngine.java:119)
	at com.kms.katalon.core.main.TestCaseExecutor.runScript(TestCaseExecutor.java:430)
	at com.kms.katalon.core.main.TestCaseExecutor.doExecute(TestCaseExecutor.java:421)
	at com.kms.katalon.core.main.TestCaseExecutor.processExecutionPhase(TestCaseExecutor.java:400)
	at com.kms.katalon.core.main.TestCaseExecutor.accessMainPhase(TestCaseExecutor.java:392)
	at com.kms.katalon.core.main.TestCaseExecutor.execute(TestCaseExecutor.java:273)
	at com.kms.katalon.core.main.TestSuiteExecutor.accessTestCaseMainPhase(TestSuiteExecutor.java:202)
	at com.kms.katalon.core.main.TestSuiteExecutor.accessTestSuiteMainPhase(TestSuiteExecutor.java:164)
	at com.kms.katalon.core.main.TestSuiteExecutor.execute(TestSuiteExecutor.java:105)
	at com.kms.katalon.core.main.TestCaseMain.startTestSuite(TestCaseMain.java:185)
	at com.kms.katalon.core.main.TestCaseMain$startTestSuite$0.call(Unknown Source)
	at TempTestSuite1636391403401.run(TempTestSuite1636391403401.groovy:36)
Caused by: com.kms.katalon.core.webui.exception.WebElementNotFoundException: Web element with id: 'Object Repository/RAD_Pages/PaymentEntry_Page/select_YYYY' located by '//*[@name = 'cardExpYear' and @alt = 'Expiration Date' and (text() = '
									YYYY
						
									2021
						
									2022
						
									2023
						
									2024
						
									2025
						
									2026
						
									2027
						
									2028
						
									2029
						
									2030
						
									2031
						
									2032
						
									2033
						
									2034
						
									2035
						
									2036
						
								' or . = '
									YYYY
						
									2021
						
									2022
						
									2023
						
									2024
						
									2025
						
									2026
						
									2027
						
									2028
						
									2029
						
									2030
						
									2031
						
									2032
						
									2033
						
									2034
						
									2035
						
									2036
						
								')]' not found
	at com.kms.katalon.core.webui.common.WebUiCommonHelper.findWebElement(WebUiCommonHelper.java:1368)
	at com.kms.katalon.core.webui.keyword.internal.WebUIAbstractKeyword.findWebElement(WebUIAbstractKeyword.groovy:27)
	at com.kms.katalon.core.webui.keyword.internal.WebUIAbstractKeyword.findWebElement(WebUIAbstractKeyword.groovy:26)
	at com.kms.katalon.core.webui.keyword.builtin.SelectOptionByLabelKeyword$_selectOptionByLabel_closure1.doCall(SelectOptionByLabelKeyword.groovy:86)
	at com.kms.katalon.core.webui.keyword.builtin.SelectOptionByLabelKeyword$_selectOptionByLabel_closure1.call(SelectOptionByLabelKeyword.groovy)
	at com.kms.katalon.core.webui.keyword.internal.WebUIKeywordMain.runKeyword(WebUIKeywordMain.groovy:20)
	at com.kms.katalon.core.webui.keyword.builtin.SelectOptionByLabelKeyword.selectOptionByLabel(SelectOptionByLabelKeyword.groovy:98)
	at com.kms.katalon.core.webui.keyword.builtin.SelectOptionByLabelKeyword.execute(SelectOptionByLabelKeyword.groovy:71)
	at com.kms.katalon.core.keyword.internal.KeywordExecutor.executeKeywordForPlatform(KeywordExecutor.groovy:74)
	at com.kms.katalon.core.webui.keyword.WebUiBuiltInKeywords.selectOptionByLabel(WebUiBuiltInKeywords.groovy:1230)
	at com.kms.katalon.core.webui.keyword.WebUiBuiltInKeywords$selectOptionByLabel$6.call(Unknown Source)
	at Script1634674829687.run(Script1634674829687.groovy:306)
	... 13 more
)
[[ATTACHMENT|E:\\Cloned-Project-Katalon\\VPS-Katalon\\Reports\\20211108_121003\\RAD_TestSuite\\RAD_UI_TestSuite\\20211108_121003\\1636392173677.png]]

2021-11-08 12:22:53 - [TEST_STEP][FAILED] - click(findTestObject(orPath_PaymentEntry + "/input_Field_ccSubmit")): Unable to click on object 'Object Repository/RAD_Pages/PaymentEntry_Page/input_Field_ccSubmit' (Root cause: com.kms.katalon.core.exception.StepFailedException: Unable to click on object 'Object Repository/RAD_Pages/PaymentEntry_Page/input_Field_ccSubmit'
	at com.kms.katalon.core.webui.keyword.internal.WebUIKeywordMain.stepFailed(WebUIKeywordMain.groovy:64)
	at com.kms.katalon.core.webui.keyword.internal.WebUIKeywordMain.runKeyword(WebUIKeywordMain.groovy:26)
	at com.kms.katalon.core.webui.keyword.builtin.ClickKeyword.click(ClickKeyword.groovy:75)
	at com.kms.katalon.core.webui.keyword.builtin.ClickKeyword.execute(ClickKeyword.groovy:42)
	at com.kms.katalon.core.keyword.internal.KeywordExecutor.executeKeywordForPlatform(KeywordExecutor.groovy:74)
	at com.kms.katalon.core.webui.keyword.WebUiBuiltInKeywords.click(WebUiBuiltInKeywords.groovy:620)
	at com.kms.katalon.core.webui.keyword.WebUiBuiltInKeywords$click$10.call(Unknown Source)
	at Payments_HC_TC.run(Payments_HC_TC:307)
	at com.kms.katalon.core.main.ScriptEngine.run(ScriptEngine.java:194)
	at com.kms.katalon.core.main.ScriptEngine.runScriptAsRawText(ScriptEngine.java:119)
	at com.kms.katalon.core.main.TestCaseExecutor.runScript(TestCaseExecutor.java:430)
	at com.kms.katalon.core.main.TestCaseExecutor.doExecute(TestCaseExecutor.java:421)
	at com.kms.katalon.core.main.TestCaseExecutor.processExecutionPhase(TestCaseExecutor.java:400)
	at com.kms.katalon.core.main.TestCaseExecutor.accessMainPhase(TestCaseExecutor.java:392)
	at com.kms.katalon.core.main.TestCaseExecutor.execute(TestCaseExecutor.java:273)
	at com.kms.katalon.core.main.TestSuiteExecutor.accessTestCaseMainPhase(TestSuiteExecutor.java:202)
	at com.kms.katalon.core.main.TestSuiteExecutor.accessTestSuiteMainPhase(TestSuiteExecutor.java:164)
	at com.kms.katalon.core.main.TestSuiteExecutor.execute(TestSuiteExecutor.java:105)
	at com.kms.katalon.core.main.TestCaseMain.startTestSuite(TestCaseMain.java:185)
	at com.kms.katalon.core.main.TestCaseMain$startTestSuite$0.call(Unknown Source)
	at TempTestSuite1636391403401.run(TempTestSuite1636391403401.groovy:36)
Caused by: com.kms.katalon.core.webui.exception.WebElementNotFoundException: Web element with id: 'Object Repository/RAD_Pages/PaymentEntry_Page/input_Field_ccSubmit' located by '//*[@type = 'submit' and @name = 'ccSubmit']' not found
	at com.kms.katalon.core.webui.common.WebUiCommonHelper.findWebElement(WebUiCommonHelper.java:1368)
	at com.kms.katalon.core.webui.keyword.internal.WebUIAbstractKeyword.findWebElement(WebUIAbstractKeyword.groovy:27)
	at com.kms.katalon.core.webui.keyword.internal.WebUIAbstractKeyword.findWebElement(WebUIAbstractKeyword.groovy:26)
	at com.kms.katalon.core.webui.keyword.builtin.ClickKeyword$_click_closure1.doCall(ClickKeyword.groovy:66)
	at com.kms.katalon.core.webui.keyword.builtin.ClickKeyword$_click_closure1.call(ClickKeyword.groovy)
	at com.kms.katalon.core.webui.keyword.internal.WebUIKeywordMain.runKeyword(WebUIKeywordMain.groovy:20)
	at com.kms.katalon.core.webui.keyword.builtin.ClickKeyword.click(ClickKeyword.groovy:75)
	at com.kms.katalon.core.webui.keyword.builtin.ClickKeyword.execute(ClickKeyword.groovy:42)
	at com.kms.katalon.core.keyword.internal.KeywordExecutor.executeKeywordForPlatform(KeywordExecutor.groovy:74)
	at com.kms.katalon.core.webui.keyword.WebUiBuiltInKeywords.click(WebUiBuiltInKeywords.groovy:620)
	at com.kms.katalon.core.webui.keyword.WebUiBuiltInKeywords$click$10.call(Unknown Source)
	at Script1634674829687.run(Script1634674829687.groovy:307)
	... 13 more
)

2021-11-08 12:23:25 - [MESSAGE][INFO] - Unable to find the element located by 'By.xpath: //*[@type = 'submit' and @name = 'ccSubmit']'. Please recheck the objects properties to make sure the desired element is located. 

2021-11-08 12:23:25 - [MESSAGE][WARNING] - [SELF-HEALING] Failed to find element with id 'Object Repository/RAD_Pages/PaymentEntry_Page/input_Field_ccSubmit'. Try using Self-healing.

2021-11-08 12:23:26 - [MESSAGE][INFO] - Unable to find the element located by 'By.xpath: //input[@name='ccSubmit']'. Please recheck the objects properties to make sure the desired element is located. 

2021-11-08 12:23:26 - [MESSAGE][INFO] - [SELF-HEALING] Failed Locator: '//input[@name='ccSubmit']'.

2021-11-08 12:23:26 - [MESSAGE][INFO] - [SELF-HEALING] Failed Locator: '//form[@id='process']/table/tbody/tr/td[2]/div/div/input'.

2021-11-08 12:23:26 - [MESSAGE][INFO] - [SELF-HEALING] Failed Locator: '//td[2]/div/div/input'.

2021-11-08 12:23:27 - [MESSAGE][INFO] - [SELF-HEALING] Failed Locator: '//input[@name='ccSubmit']'.

2021-11-08 12:23:27 - [MESSAGE][INFO] - [SELF-HEALING] Failed Locator: '//form[@id='process']/table/tbody/tr/td[2]/div/div/input'.

2021-11-08 12:23:27 - [MESSAGE][INFO] - [SELF-HEALING] Failed Locator: '//td[2]/div/div/input'.

2021-11-08 12:23:28 - [MESSAGE][INFO] - Unable to find the element located by 'By.cssSelector: input[name="ccSubmit"]'. Please recheck the objects properties to make sure the desired element is located. 

2021-11-08 12:23:29 - [MESSAGE][FAILED] - Unable to click on object 'Object Repository/RAD_Pages/PaymentEntry_Page/input_Field_ccSubmit' (Root cause: com.kms.katalon.core.exception.StepFailedException: Unable to click on object 'Object Repository/RAD_Pages/PaymentEntry_Page/input_Field_ccSubmit'
	at com.kms.katalon.core.webui.keyword.internal.WebUIKeywordMain.stepFailed(WebUIKeywordMain.groovy:64)
	at com.kms.katalon.core.webui.keyword.internal.WebUIKeywordMain.runKeyword(WebUIKeywordMain.groovy:26)
	at com.kms.katalon.core.webui.keyword.builtin.ClickKeyword.click(ClickKeyword.groovy:75)
	at com.kms.katalon.core.webui.keyword.builtin.ClickKeyword.execute(ClickKeyword.groovy:42)
	at com.kms.katalon.core.keyword.internal.KeywordExecutor.executeKeywordForPlatform(KeywordExecutor.groovy:74)
	at com.kms.katalon.core.webui.keyword.WebUiBuiltInKeywords.click(WebUiBuiltInKeywords.groovy:620)
	at com.kms.katalon.core.webui.keyword.WebUiBuiltInKeywords$click$10.call(Unknown Source)
	at Payments_HC_TC.run(Payments_HC_TC:307)
	at com.kms.katalon.core.main.ScriptEngine.run(ScriptEngine.java:194)
	at com.kms.katalon.core.main.ScriptEngine.runScriptAsRawText(ScriptEngine.java:119)
	at com.kms.katalon.core.main.TestCaseExecutor.runScript(TestCaseExecutor.java:430)
	at com.kms.katalon.core.main.TestCaseExecutor.doExecute(TestCaseExecutor.java:421)
	at com.kms.katalon.core.main.TestCaseExecutor.processExecutionPhase(TestCaseExecutor.java:400)
	at com.kms.katalon.core.main.TestCaseExecutor.accessMainPhase(TestCaseExecutor.java:392)
	at com.kms.katalon.core.main.TestCaseExecutor.execute(TestCaseExecutor.java:273)
	at com.kms.katalon.core.main.TestSuiteExecutor.accessTestCaseMainPhase(TestSuiteExecutor.java:202)
	at com.kms.katalon.core.main.TestSuiteExecutor.accessTestSuiteMainPhase(TestSuiteExecutor.java:164)
	at com.kms.katalon.core.main.TestSuiteExecutor.execute(TestSuiteExecutor.java:105)
	at com.kms.katalon.core.main.TestCaseMain.startTestSuite(TestCaseMain.java:185)
	at com.kms.katalon.core.main.TestCaseMain$startTestSuite$0.call(Unknown Source)
	at TempTestSuite1636391403401.run(TempTestSuite1636391403401.groovy:36)
Caused by: com.kms.katalon.core.webui.exception.WebElementNotFoundException: Web element with id: 'Object Repository/RAD_Pages/PaymentEntry_Page/input_Field_ccSubmit' located by '//*[@type = 'submit' and @name = 'ccSubmit']' not found
	at com.kms.katalon.core.webui.common.WebUiCommonHelper.findWebElement(WebUiCommonHelper.java:1368)
	at com.kms.katalon.core.webui.keyword.internal.WebUIAbstractKeyword.findWebElement(WebUIAbstractKeyword.groovy:27)
	at com.kms.katalon.core.webui.keyword.internal.WebUIAbstractKeyword.findWebElement(WebUIAbstractKeyword.groovy:26)
	at com.kms.katalon.core.webui.keyword.builtin.ClickKeyword$_click_closure1.doCall(ClickKeyword.groovy:66)
	at com.kms.katalon.core.webui.keyword.builtin.ClickKeyword$_click_closure1.call(ClickKeyword.groovy)
	at com.kms.katalon.core.webui.keyword.internal.WebUIKeywordMain.runKeyword(WebUIKeywordMain.groovy:20)
	at com.kms.katalon.core.webui.keyword.builtin.ClickKeyword.click(ClickKeyword.groovy:75)
	at com.kms.katalon.core.webui.keyword.builtin.ClickKeyword.execute(ClickKeyword.groovy:42)
	at com.kms.katalon.core.keyword.internal.KeywordExecutor.executeKeywordForPlatform(KeywordExecutor.groovy:74)
	at com.kms.katalon.core.webui.keyword.WebUiBuiltInKeywords.click(WebUiBuiltInKeywords.groovy:620)
	at com.kms.katalon.core.webui.keyword.WebUiBuiltInKeywords$click$10.call(Unknown Source)
	at Script1634674829687.run(Script1634674829687.groovy:307)
	... 13 more
)
[[ATTACHMENT|E:\\Cloned-Project-Katalon\\VPS-Katalon\\Reports\\20211108_121003\\RAD_TestSuite\\RAD_UI_TestSuite\\20211108_121003\\1636392208764.png]]

2021-11-08 12:23:29 - [TEST_STEP][PASSED] - click(findTestObject(orPath_PaymentConfirmation + "/input_N_confirmNotifyAction")): Object: 'Object Repository/RAD_Pages/PaymentConfirmation_Page/input_N_confirmNotifyAction' is clicked on

2021-11-08 12:24:00 - [MESSAGE][INFO] - Unable to find the element located by 'By.xpath: //*[@type = 'submit' and @name = 'confirmNotifyAction']'. Please recheck the objects properties to make sure the desired element is located. 

2021-11-08 12:24:00 - [MESSAGE][WARNING] - [SELF-HEALING] Failed to find element with id 'Object Repository/RAD_Pages/PaymentConfirmation_Page/input_N_confirmNotifyAction'. Try using Self-healing.

2021-11-08 12:24:01 - [MESSAGE][INFO] - Unable to find the element located by 'By.xpath: //input[@name='confirmNotifyAction']'. Please recheck the objects properties to make sure the desired element is located. 

2021-11-08 12:24:01 - [MESSAGE][INFO] - [SELF-HEALING] Failed Locator: '//input[@name='confirmNotifyAction']'.

2021-11-08 12:24:01 - [MESSAGE][INFO] - [SELF-HEALING] Working Locator: '//div[4]/div/input'.

2021-11-08 12:24:02 - [MESSAGE][INFO] - [SELF-HEALING] Screenshot: E:/Cloned-Project-Katalon/VPS-Katalon/Reports/Self-healing/Object Repository/RAD_Pages/PaymentConfirmation_Page/input_N_confirmNotifyAction_position.png

2021-11-08 12:24:02 - [MESSAGE][WARNING] - [SELF-HEALING] The current locator of test object 'Object Repository/RAD_Pages/PaymentConfirmation_Page/input_N_confirmNotifyAction' was broken. Propose an alternative one: '//div[4]/div/input'.

2021-11-08 12:24:02 - [MESSAGE][PASSED] - Object: 'Object Repository/RAD_Pages/PaymentConfirmation_Page/input_N_confirmNotifyAction' is clicked on

2021-11-08 12:24:02 - [TEST_STEP][PASSED] - click(findTestObject(orPath_ServiceFeesAccept + "/input_convFeeNotifyAction")): Object: 'Object Repository/RAD_Pages/ServiceFeeAccept_Page/input_convFeeNotifyAction' is clicked on

2021-11-08 12:24:33 - [MESSAGE][INFO] - Unable to find the element located by 'By.xpath: //*[@type = 'submit' and @name = 'convFeeNotifyAction']'. Please recheck the objects properties to make sure the desired element is located. 

2021-11-08 12:24:33 - [MESSAGE][WARNING] - [SELF-HEALING] Failed to find element with id 'Object Repository/RAD_Pages/ServiceFeeAccept_Page/input_convFeeNotifyAction'. Try using Self-healing.

2021-11-08 12:24:34 - [MESSAGE][INFO] - Unable to find the element located by 'By.xpath: //input[@name='convFeeNotifyAction']'. Please recheck the objects properties to make sure the desired element is located. 

2021-11-08 12:24:34 - [MESSAGE][INFO] - [SELF-HEALING] Failed Locator: '//input[@name='convFeeNotifyAction']'.

2021-11-08 12:24:34 - [MESSAGE][INFO] - [SELF-HEALING] Working Locator: '//div[5]/div/input'.

2021-11-08 12:24:35 - [MESSAGE][INFO] - [SELF-HEALING] Screenshot: E:/Cloned-Project-Katalon/VPS-Katalon/Reports/Self-healing/Object Repository/RAD_Pages/ServiceFeeAccept_Page/input_convFeeNotifyAction_position.png

2021-11-08 12:24:35 - [MESSAGE][WARNING] - [SELF-HEALING] The current locator of test object 'Object Repository/RAD_Pages/ServiceFeeAccept_Page/input_convFeeNotifyAction' was broken. Propose an alternative one: '//div[5]/div/input'.

2021-11-08 12:24:35 - [MESSAGE][PASSED] - Object: 'Object Repository/RAD_Pages/ServiceFeeAccept_Page/input_convFeeNotifyAction' is clicked on

2021-11-08 12:24:35 - [TEST_STEP][PASSED] - delay(10): Delayed 10 second(s)

2021-11-08 12:24:45 - [MESSAGE][PASSED] - Delayed 10 second(s)

2021-11-08 12:24:45 - [TEST_STEP][FAILED] - verifyTextPresent("Successful Payment Receipt", true): Text 'Successful Payment Receipt' is not present on page  using regular expression (Root cause: com.kms.katalon.core.exception.StepFailedException: Text 'Successful Payment Receipt' is not present on page  using regular expression
	at com.kms.katalon.core.webui.keyword.internal.WebUIKeywordMain.stepFailed(WebUIKeywordMain.groovy:64)
	at com.kms.katalon.core.webui.keyword.builtin.VerifyTextPresentKeyword$_verifyTextPresent_closure1.doCall(VerifyTextPresentKeyword.groovy:79)
	at com.kms.katalon.core.webui.keyword.builtin.VerifyTextPresentKeyword$_verifyTextPresent_closure1.call(VerifyTextPresentKeyword.groovy)
	at com.kms.katalon.core.webui.keyword.internal.WebUIKeywordMain.runKeyword(WebUIKeywordMain.groovy:20)
	at com.kms.katalon.core.webui.keyword.builtin.VerifyTextPresentKeyword.verifyTextPresent(VerifyTextPresentKeyword.groovy:83)
	at com.kms.katalon.core.webui.keyword.builtin.VerifyTextPresentKeyword.execute(VerifyTextPresentKeyword.groovy:68)
	at com.kms.katalon.core.keyword.internal.KeywordExecutor.executeKeywordForPlatform(KeywordExecutor.groovy:74)
	at com.kms.katalon.core.webui.keyword.WebUiBuiltInKeywords.verifyTextPresent(WebUiBuiltInKeywords.groovy:1723)
	at com.kms.katalon.core.webui.keyword.WebUiBuiltInKeywords$verifyTextPresent$3.call(Unknown Source)
	at Payments_HC_TC.run(Payments_HC_TC:323)
	at com.kms.katalon.core.main.ScriptEngine.run(ScriptEngine.java:194)
	at com.kms.katalon.core.main.ScriptEngine.runScriptAsRawText(ScriptEngine.java:119)
	at com.kms.katalon.core.main.TestCaseExecutor.runScript(TestCaseExecutor.java:430)
	at com.kms.katalon.core.main.TestCaseExecutor.doExecute(TestCaseExecutor.java:421)
	at com.kms.katalon.core.main.TestCaseExecutor.processExecutionPhase(TestCaseExecutor.java:400)
	at com.kms.katalon.core.main.TestCaseExecutor.accessMainPhase(TestCaseExecutor.java:392)
	at com.kms.katalon.core.main.TestCaseExecutor.execute(TestCaseExecutor.java:273)
	at com.kms.katalon.core.main.TestSuiteExecutor.accessTestCaseMainPhase(TestSuiteExecutor.java:202)
	at com.kms.katalon.core.main.TestSuiteExecutor.accessTestSuiteMainPhase(TestSuiteExecutor.java:164)
	at com.kms.katalon.core.main.TestSuiteExecutor.execute(TestSuiteExecutor.java:105)
	at com.kms.katalon.core.main.TestCaseMain.startTestSuite(TestCaseMain.java:185)
	at com.kms.katalon.core.main.TestCaseMain$startTestSuite$0.call(Unknown Source)
	at TempTestSuite1636391403401.run(TempTestSuite1636391403401.groovy:36)
)

2021-11-08 12:24:45 - [MESSAGE][FAILED] - Text 'Successful Payment Receipt' is not present on page  using regular expression (Root cause: com.kms.katalon.core.exception.StepFailedException: Text 'Successful Payment Receipt' is not present on page  using regular expression
	at com.kms.katalon.core.webui.keyword.internal.WebUIKeywordMain.stepFailed(WebUIKeywordMain.groovy:64)
	at com.kms.katalon.core.webui.keyword.builtin.VerifyTextPresentKeyword$_verifyTextPresent_closure1.doCall(VerifyTextPresentKeyword.groovy:79)
	at com.kms.katalon.core.webui.keyword.builtin.VerifyTextPresentKeyword$_verifyTextPresent_closure1.call(VerifyTextPresentKeyword.groovy)
	at com.kms.katalon.core.webui.keyword.internal.WebUIKeywordMain.runKeyword(WebUIKeywordMain.groovy:20)
	at com.kms.katalon.core.webui.keyword.builtin.VerifyTextPresentKeyword.verifyTextPresent(VerifyTextPresentKeyword.groovy:83)
	at com.kms.katalon.core.webui.keyword.builtin.VerifyTextPresentKeyword.execute(VerifyTextPresentKeyword.groovy:68)
	at com.kms.katalon.core.keyword.internal.KeywordExecutor.executeKeywordForPlatform(KeywordExecutor.groovy:74)
	at com.kms.katalon.core.webui.keyword.WebUiBuiltInKeywords.verifyTextPresent(WebUiBuiltInKeywords.groovy:1723)
	at com.kms.katalon.core.webui.keyword.WebUiBuiltInKeywords$verifyTextPresent$3.call(Unknown Source)
	at Payments_HC_TC.run(Payments_HC_TC:323)
	at com.kms.katalon.core.main.ScriptEngine.run(ScriptEngine.java:194)
	at com.kms.katalon.core.main.ScriptEngine.runScriptAsRawText(ScriptEngine.java:119)
	at com.kms.katalon.core.main.TestCaseExecutor.runScript(TestCaseExecutor.java:430)
	at com.kms.katalon.core.main.TestCaseExecutor.doExecute(TestCaseExecutor.java:421)
	at com.kms.katalon.core.main.TestCaseExecutor.processExecutionPhase(TestCaseExecutor.java:400)
	at com.kms.katalon.core.main.TestCaseExecutor.accessMainPhase(TestCaseExecutor.java:392)
	at com.kms.katalon.core.main.TestCaseExecutor.execute(TestCaseExecutor.java:273)
	at com.kms.katalon.core.main.TestSuiteExecutor.accessTestCaseMainPhase(TestSuiteExecutor.java:202)
	at com.kms.katalon.core.main.TestSuiteExecutor.accessTestSuiteMainPhase(TestSuiteExecutor.java:164)
	at com.kms.katalon.core.main.TestSuiteExecutor.execute(TestSuiteExecutor.java:105)
	at com.kms.katalon.core.main.TestCaseMain.startTestSuite(TestCaseMain.java:185)
	at com.kms.katalon.core.main.TestCaseMain$startTestSuite$0.call(Unknown Source)
	at TempTestSuite1636391403401.run(TempTestSuite1636391403401.groovy:36)
)

2021-11-08 12:24:45 - [TEST_STEP][FAILED] - if (verifyTextPresent("Successful Payment Receipt", true)): Text 'Successful Payment Receipt' is not present on page  using regular expression (Root cause: com.kms.katalon.core.exception.StepFailedException: Text 'Successful Payment Receipt' is not present on page  using regular expression
	at com.kms.katalon.core.webui.keyword.internal.WebUIKeywordMain.stepFailed(WebUIKeywordMain.groovy:64)
	at com.kms.katalon.core.webui.keyword.builtin.VerifyTextPresentKeyword$_verifyTextPresent_closure1.doCall(VerifyTextPresentKeyword.groovy:79)
	at com.kms.katalon.core.webui.keyword.builtin.VerifyTextPresentKeyword$_verifyTextPresent_closure1.call(VerifyTextPresentKeyword.groovy)
	at com.kms.katalon.core.webui.keyword.internal.WebUIKeywordMain.runKeyword(WebUIKeywordMain.groovy:20)
	at com.kms.katalon.core.webui.keyword.builtin.VerifyTextPresentKeyword.verifyTextPresent(VerifyTextPresentKeyword.groovy:83)
	at com.kms.katalon.core.webui.keyword.builtin.VerifyTextPresentKeyword.execute(VerifyTextPresentKeyword.groovy:68)
	at com.kms.katalon.core.keyword.internal.KeywordExecutor.executeKeywordForPlatform(KeywordExecutor.groovy:74)
	at com.kms.katalon.core.webui.keyword.WebUiBuiltInKeywords.verifyTextPresent(WebUiBuiltInKeywords.groovy:1723)
	at com.kms.katalon.core.webui.keyword.WebUiBuiltInKeywords$verifyTextPresent$3.call(Unknown Source)
	at Payments_HC_TC.run(Payments_HC_TC:325)
	at com.kms.katalon.core.main.ScriptEngine.run(ScriptEngine.java:194)
	at com.kms.katalon.core.main.ScriptEngine.runScriptAsRawText(ScriptEngine.java:119)
	at com.kms.katalon.core.main.TestCaseExecutor.runScript(TestCaseExecutor.java:430)
	at com.kms.katalon.core.main.TestCaseExecutor.doExecute(TestCaseExecutor.java:421)
	at com.kms.katalon.core.main.TestCaseExecutor.processExecutionPhase(TestCaseExecutor.java:400)
	at com.kms.katalon.core.main.TestCaseExecutor.accessMainPhase(TestCaseExecutor.java:392)
	at com.kms.katalon.core.main.TestCaseExecutor.execute(TestCaseExecutor.java:273)
	at com.kms.katalon.core.main.TestSuiteExecutor.accessTestCaseMainPhase(TestSuiteExecutor.java:202)
	at com.kms.katalon.core.main.TestSuiteExecutor.accessTestSuiteMainPhase(TestSuiteExecutor.java:164)
	at com.kms.katalon.core.main.TestSuiteExecutor.execute(TestSuiteExecutor.java:105)
	at com.kms.katalon.core.main.TestCaseMain.startTestSuite(TestCaseMain.java:185)
	at com.kms.katalon.core.main.TestCaseMain$startTestSuite$0.call(Unknown Source)
	at TempTestSuite1636391403401.run(TempTestSuite1636391403401.groovy:36)
)

2021-11-08 12:24:45 - [MESSAGE][FAILED] - Text 'Successful Payment Receipt' is not present on page  using regular expression (Root cause: com.kms.katalon.core.exception.StepFailedException: Text 'Successful Payment Receipt' is not present on page  using regular expression
	at com.kms.katalon.core.webui.keyword.internal.WebUIKeywordMain.stepFailed(WebUIKeywordMain.groovy:64)
	at com.kms.katalon.core.webui.keyword.builtin.VerifyTextPresentKeyword$_verifyTextPresent_closure1.doCall(VerifyTextPresentKeyword.groovy:79)
	at com.kms.katalon.core.webui.keyword.builtin.VerifyTextPresentKeyword$_verifyTextPresent_closure1.call(VerifyTextPresentKeyword.groovy)
	at com.kms.katalon.core.webui.keyword.internal.WebUIKeywordMain.runKeyword(WebUIKeywordMain.groovy:20)
	at com.kms.katalon.core.webui.keyword.builtin.VerifyTextPresentKeyword.verifyTextPresent(VerifyTextPresentKeyword.groovy:83)
	at com.kms.katalon.core.webui.keyword.builtin.VerifyTextPresentKeyword.execute(VerifyTextPresentKeyword.groovy:68)
	at com.kms.katalon.core.keyword.internal.KeywordExecutor.executeKeywordForPlatform(KeywordExecutor.groovy:74)
	at com.kms.katalon.core.webui.keyword.WebUiBuiltInKeywords.verifyTextPresent(WebUiBuiltInKeywords.groovy:1723)
	at com.kms.katalon.core.webui.keyword.WebUiBuiltInKeywords$verifyTextPresent$3.call(Unknown Source)
	at Payments_HC_TC.run(Payments_HC_TC:325)
	at com.kms.katalon.core.main.ScriptEngine.run(ScriptEngine.java:194)
	at com.kms.katalon.core.main.ScriptEngine.runScriptAsRawText(ScriptEngine.java:119)
	at com.kms.katalon.core.main.TestCaseExecutor.runScript(TestCaseExecutor.java:430)
	at com.kms.katalon.core.main.TestCaseExecutor.doExecute(TestCaseExecutor.java:421)
	at com.kms.katalon.core.main.TestCaseExecutor.processExecutionPhase(TestCaseExecutor.java:400)
	at com.kms.katalon.core.main.TestCaseExecutor.accessMainPhase(TestCaseExecutor.java:392)
	at com.kms.katalon.core.main.TestCaseExecutor.execute(TestCaseExecutor.java:273)
	at com.kms.katalon.core.main.TestSuiteExecutor.accessTestCaseMainPhase(TestSuiteExecutor.java:202)
	at com.kms.katalon.core.main.TestSuiteExecutor.accessTestSuiteMainPhase(TestSuiteExecutor.java:164)
	at com.kms.katalon.core.main.TestSuiteExecutor.execute(TestSuiteExecutor.java:105)
	at com.kms.katalon.core.main.TestCaseMain.startTestSuite(TestCaseMain.java:185)
	at com.kms.katalon.core.main.TestCaseMain$startTestSuite$0.call(Unknown Source)
	at TempTestSuite1636391403401.run(TempTestSuite1636391403401.groovy:36)
)

2021-11-08 12:24:45 - [TEST_STEP][PASSED] - else: pages.WriteExcel.demoKey is PASSED

2021-11-08 12:24:45 - [TEST_STEP][PASSED] - println("Transaction was NOT Successful"): null

2021-11-08 12:24:45 - [TEST_STEP][PASSED] - out.println("Fail Record Number: " + row): null

2021-11-08 12:24:45 - [TEST_STEP][PASSED] - resText = "Fail": null

2021-11-08 12:24:45 - [TEST_STEP][PASSED] - pages.WriteExcel.demoKey(resText, datText, resColumn, datCloumn, fileLoc, nameSheet, row): pages.WriteExcel.demoKey is PASSED

2021-11-08 12:24:45 - [MESSAGE][PASSED] - pages.WriteExcel.demoKey is PASSED

2021-11-08 12:24:45 - [TEST_STEP][PASSED] - ExecuteTC = findTestData(dataFile).getValue("Execute", row): null

2021-11-08 12:24:45 - [TEST_STEP][PASSED] - PaymentType = findTestData(dataFile).getValue("PaymentType", row): null

2021-11-08 12:24:45 - [TEST_STEP][PASSED] - FilingYear = findTestData(dataFile).getValue("FilingYear", row): null

2021-11-08 12:24:45 - [TEST_STEP][PASSED] - PeriodEnding = findTestData(dataFile).getValue("PeriodEnding", row): null

2021-11-08 12:24:46 - [TEST_STEP][PASSED] - FName = findTestData(dataFile).getValue("Fname", row): null

2021-11-08 12:24:46 - [TEST_STEP][PASSED] - LName = findTestData(dataFile).getValue("Lname", row): null

2021-11-08 12:24:46 - [TEST_STEP][PASSED] - SSN = findTestData(dataFile).getValue("SSN", row): null

2021-11-08 12:24:46 - [TEST_STEP][PASSED] - BusName = findTestData(dataFile).getValue("BusName", row): null

2021-11-08 12:24:46 - [TEST_STEP][PASSED] - AL1 = findTestData(dataFile).getValue("AL1", row): null

2021-11-08 12:24:46 - [TEST_STEP][PASSED] - City = findTestData(dataFile).getValue("City", row): null

2021-11-08 12:24:46 - [TEST_STEP][PASSED] - ZIP = findTestData(dataFile).getValue("ZIP", row): null

2021-11-08 12:24:46 - [TEST_STEP][PASSED] - FilingType = findTestData(dataFile).getValue("FilingType", row): null

2021-11-08 12:24:46 - [TEST_STEP][PASSED] - Withholding = findTestData(dataFile).getValue("Withholding", row): null

2021-11-08 12:24:46 - [TEST_STEP][PASSED] - Amount = findTestData(dataFile).getValue("Amount", row): null

2021-11-08 12:24:46 - [TEST_STEP][PASSED] - CCNumber = findTestData(dataFile).getValue("CCNumber", row): null

2021-11-08 12:24:46 - [TEST_STEP][PASSED] - CVV = findTestData(dataFile).getValue("CVV", row): null

2021-11-08 12:24:46 - [TEST_STEP][PASSED] - out.println("Value of Execute is : " + ExecuteTC): null

2021-11-08 12:24:46 - [TEST_STEP][PASSED] - if (ExecuteTC.equalsIgnoreCase("Y")): null

2021-11-08 12:24:46 - [TEST_STEP][PASSED] - out.println("Begin Record Number: " + row): null

2021-11-08 12:24:46 - [TEST_STEP][PASSED] - today = new java.util.Date(): null

2021-11-08 12:24:46 - [TEST_STEP][PASSED] - println(today): null

2021-11-08 12:24:46 - [TEST_STEP][PASSED] - datText = today: null

2021-11-08 12:24:46 - [TEST_STEP][PASSED] - Taxtype = findTestData(dataFile).getValue("TaxType", row): null

2021-11-08 12:24:46 - [TEST_STEP][PASSED] - out.println("Taxtype value is : " + Taxtype): null

2021-11-08 12:24:46 - [TEST_STEP][PASSED] - openBrowser(""): Browser is opened with url: ''

2021-11-08 12:24:46 - [MESSAGE][WARNING] - A browser is already opened. Closing browser and opening a new one

2021-11-08 12:24:47 - [MESSAGE][INFO] - Starting 'Chrome' driver

2021-11-08 12:24:47 - [MESSAGE][INFO] - User set preference: ['acceptInsecureCerts', 'true']

2021-11-08 12:24:47 - [MESSAGE][INFO] - Action delay is set to 0 milliseconds

2021-11-08 12:24:48 - [MESSAGE][PASSED] - Browser is opened with url: ''

2021-11-08 12:24:48 - [TEST_STEP][PASSED] - maximizeWindow(): Current window maximized

2021-11-08 12:24:48 - [MESSAGE][PASSED] - Current window maximized

2021-11-08 12:24:48 - [TEST_STEP][PASSED] - navigateToUrl(RADurl): Navigate to 'https://qa.velocitypayment.com/client/rad/index.html' successfully

2021-11-08 12:24:50 - [MESSAGE][PASSED] - Navigate to 'https://qa.velocitypayment.com/client/rad/index.html' successfully

2021-11-08 12:24:50 - [TEST_STEP][PASSED] - orPath_Landing = "Object Repository/RAD_Pages/Landing_Page": null

2021-11-08 12:24:50 - [TEST_STEP][PASSED] - orPath_TaxTypeFilingYear = "Object Repository/RAD_Pages/TaxTypeFilingYear_Page": null

2021-11-08 12:24:50 - [TEST_STEP][PASSED] - orPath_TaxPayer = "Object Repository/RAD_Pages/Taxpayer_Page": null

2021-11-08 12:24:50 - [TEST_STEP][PASSED] - orPath_AddressContact = "Object Repository/RAD_Pages/AddressAndContactInfo_Page": null

2021-11-08 12:24:50 - [TEST_STEP][PASSED] - orPath_FilingStatus = "Object Repository/RAD_Pages/FilingStatus_Page": null

2021-11-08 12:24:50 - [TEST_STEP][PASSED] - orPath_Amount = "Object Repository/RAD_Pages/PaymentAmount_Page": null

2021-11-08 12:24:50 - [TEST_STEP][PASSED] - orPath_TaxInfo = "Object Repository/RAD_Pages/TaxInfo_Page": null

2021-11-08 12:24:50 - [TEST_STEP][PASSED] - orPath_Withholding = "Object Repository/RAD_Pages/Withholding_Page": null

2021-11-08 12:24:50 - [TEST_STEP][PASSED] - orPath_Summary = "Object Repository/RAD_Pages/Summary_Page": null

2021-11-08 12:24:50 - [TEST_STEP][PASSED] - orPath_PaymentReady = "Object Repository/RAD_Pages/PaymentReady_Page": null

2021-11-08 12:24:50 - [TEST_STEP][PASSED] - orPath_PaymentEntry = "Object Repository/RAD_Pages/PaymentEntry_Page": null

2021-11-08 12:24:50 - [TEST_STEP][PASSED] - orPath_PaymentConfirmation = "Object Repository/RAD_Pages/PaymentConfirmation_Page": null

2021-11-08 12:24:50 - [TEST_STEP][PASSED] - orPath_ServiceFeesAccept = "Object Repository/RAD_Pages/ServiceFeeAccept_Page": null

2021-11-08 12:24:50 - [TEST_STEP][PASSED] - selectOptionByLabel(findTestObject(orPath_Landing + "/dd_TaxType"), Taxtype, false): All options with label 'Personal Income Tax' are selected in object 'Object Repository/RAD_Pages/Landing_Page/dd_TaxType' 

2021-11-08 12:24:51 - [MESSAGE][PASSED] - All options with label 'Personal Income Tax' are selected in object 'Object Repository/RAD_Pages/Landing_Page/dd_TaxType' 

2021-11-08 12:24:51 - [TEST_STEP][PASSED] - delay(3): Delayed 3 second(s)

2021-11-08 12:24:54 - [MESSAGE][PASSED] - Delayed 3 second(s)

2021-11-08 12:24:54 - [TEST_STEP][PASSED] - switch (Taxtype): null

2021-11-08 12:24:54 - [TEST_STEP][PASSED] - case "Personal Income Tax":: null

2021-11-08 12:24:54 - [TEST_STEP][PASSED] - selectOptionByLabel(findTestObject(orPath_TaxTypeFilingYear + "/select_FilingYear"), FilingYear, false): All options with label '2020' are selected in object 'Object Repository/RAD_Pages/TaxTypeFilingYear_Page/select_FilingYear' 

2021-11-08 12:24:55 - [MESSAGE][PASSED] - All options with label '2020' are selected in object 'Object Repository/RAD_Pages/TaxTypeFilingYear_Page/select_FilingYear' 

2021-11-08 12:24:55 - [TEST_STEP][PASSED] - setText(findTestObject(orPath_TaxPayer + "/input_lastName"), LName): Text 'Cook' is set on object 'Object Repository/RAD_Pages/Taxpayer_Page/input_lastName'

2021-11-08 12:24:56 - [MESSAGE][PASSED] - Text 'Cook' is set on object 'Object Repository/RAD_Pages/Taxpayer_Page/input_lastName'

2021-11-08 12:24:56 - [TEST_STEP][PASSED] - setText(findTestObject("RAD_RecordAndPlay/input_concatSSN"), SSN): Text '123450145' is set on object 'Object Repository/RAD_RecordAndPlay/input_concatSSN'

2021-11-08 12:24:56 - [MESSAGE][PASSED] - Text '123450145' is set on object 'Object Repository/RAD_RecordAndPlay/input_concatSSN'

2021-11-08 12:24:56 - [TEST_STEP][PASSED] - setText(findTestObject("RAD_RecordAndPlay/input_concatReSSN"), SSN): Text '123450145' is set on object 'Object Repository/RAD_RecordAndPlay/input_concatReSSN'

2021-11-08 12:24:57 - [MESSAGE][PASSED] - Text '123450145' is set on object 'Object Repository/RAD_RecordAndPlay/input_concatReSSN'

2021-11-08 12:24:57 - [TEST_STEP][PASSED] - if (FilingType.equalsIgnoreCase("Y")): Object 'Object Repository/RAD_Pages/FilingStatus_Page/input_userType_Individual' is checked

2021-11-08 12:24:57 - [TEST_STEP][PASSED] - check(findTestObject(orPath_FilingStatus + "/input_userType_Individual")): Object 'Object Repository/RAD_Pages/FilingStatus_Page/input_userType_Individual' is checked

2021-11-08 12:24:57 - [MESSAGE][PASSED] - Object 'Object Repository/RAD_Pages/FilingStatus_Page/input_userType_Individual' is checked

2021-11-08 12:24:57 - [TEST_STEP][PASSED] - break: null

2021-11-08 12:24:57 - [TEST_STEP][PASSED] - setText(findTestObject(orPath_TaxPayer + "/input_firstName"), FName): Text 'Andrew' is set on object 'Object Repository/RAD_Pages/Taxpayer_Page/input_firstName'

2021-11-08 12:24:58 - [MESSAGE][PASSED] - Text 'Andrew' is set on object 'Object Repository/RAD_Pages/Taxpayer_Page/input_firstName'

2021-11-08 12:24:58 - [TEST_STEP][PASSED] - setText(findTestObject(orPath_TaxPayer + "/input_lastName"), LName): Text 'Cook' is set on object 'Object Repository/RAD_Pages/Taxpayer_Page/input_lastName'

2021-11-08 12:24:58 - [MESSAGE][PASSED] - Text 'Cook' is set on object 'Object Repository/RAD_Pages/Taxpayer_Page/input_lastName'

2021-11-08 12:24:58 - [TEST_STEP][PASSED] - selectOptionByLabel(findTestObject(orPath_AddressContact + "/select_Country"), "United States", false): All options with label 'United States' are selected in object 'Object Repository/RAD_Pages/AddressAndContactInfo_Page/select_Country' 

2021-11-08 12:24:59 - [MESSAGE][PASSED] - All options with label 'United States' are selected in object 'Object Repository/RAD_Pages/AddressAndContactInfo_Page/select_Country' 

2021-11-08 12:24:59 - [TEST_STEP][PASSED] - setText(findTestObject(orPath_AddressContact + "/input_streetAddress1"), AL1): Text '3652 Mandan road' is set on object 'Object Repository/RAD_Pages/AddressAndContactInfo_Page/input_streetAddress1'

2021-11-08 12:25:00 - [MESSAGE][PASSED] - Text '3652 Mandan road' is set on object 'Object Repository/RAD_Pages/AddressAndContactInfo_Page/input_streetAddress1'

2021-11-08 12:25:00 - [TEST_STEP][PASSED] - setText(findTestObject(orPath_AddressContact + "/input_streetAddress2"), ""): Text '' is set on object 'Object Repository/RAD_Pages/AddressAndContactInfo_Page/input_streetAddress2'

2021-11-08 12:25:00 - [MESSAGE][PASSED] - Text '' is set on object 'Object Repository/RAD_Pages/AddressAndContactInfo_Page/input_streetAddress2'

2021-11-08 12:25:00 - [TEST_STEP][PASSED] - setText(findTestObject(orPath_AddressContact + "/input_city"), City): Text 'Crofton' is set on object 'Object Repository/RAD_Pages/AddressAndContactInfo_Page/input_city'

2021-11-08 12:25:01 - [MESSAGE][PASSED] - Text 'Crofton' is set on object 'Object Repository/RAD_Pages/AddressAndContactInfo_Page/input_city'

2021-11-08 12:25:01 - [TEST_STEP][PASSED] - selectOptionByLabel(findTestObject(orPath_AddressContact + "/select_State"), "Maryland", false): All options with label 'Maryland' are selected in object 'Object Repository/RAD_Pages/AddressAndContactInfo_Page/select_State' 

2021-11-08 12:25:02 - [MESSAGE][PASSED] - All options with label 'Maryland' are selected in object 'Object Repository/RAD_Pages/AddressAndContactInfo_Page/select_State' 

2021-11-08 12:25:02 - [TEST_STEP][PASSED] - setText(findTestObject(orPath_AddressContact + "/input_zipCode"), ZIP): Text '21114' is set on object 'Object Repository/RAD_Pages/AddressAndContactInfo_Page/input_zipCode'

2021-11-08 12:25:02 - [MESSAGE][PASSED] - Text '21114' is set on object 'Object Repository/RAD_Pages/AddressAndContactInfo_Page/input_zipCode'

2021-11-08 12:25:02 - [TEST_STEP][PASSED] - setText(findTestObject(orPath_AddressContact + "/input_phoneNumber"), "(703) 894-5000"): Text '(703) 894-5000' is set on object 'Object Repository/RAD_Pages/AddressAndContactInfo_Page/input_phoneNumber'

2021-11-08 12:25:03 - [MESSAGE][PASSED] - Text '(703) 894-5000' is set on object 'Object Repository/RAD_Pages/AddressAndContactInfo_Page/input_phoneNumber'

2021-11-08 12:25:03 - [TEST_STEP][PASSED] - setText(findTestObject(orPath_AddressContact + "/input_eMailAddress"), "iahmed@govolution.com"): Text 'iahmed@govolution.com' is set on object 'Object Repository/RAD_Pages/AddressAndContactInfo_Page/input_eMailAddress'

2021-11-08 12:25:04 - [MESSAGE][PASSED] - Text 'iahmed@govolution.com' is set on object 'Object Repository/RAD_Pages/AddressAndContactInfo_Page/input_eMailAddress'

2021-11-08 12:25:04 - [TEST_STEP][PASSED] - setText(findTestObject(orPath_AddressContact + "/input_reEnterEMailAddress"), "iahmed@govolution.com"): Text 'iahmed@govolution.com' is set on object 'Object Repository/RAD_Pages/AddressAndContactInfo_Page/input_reEnterEMailAddress'

2021-11-08 12:25:05 - [MESSAGE][PASSED] - Text 'iahmed@govolution.com' is set on object 'Object Repository/RAD_Pages/AddressAndContactInfo_Page/input_reEnterEMailAddress'

2021-11-08 12:25:05 - [TEST_STEP][PASSED] - setText(findTestObject(orPath_Amount + "/input__paymentAmount"), Amount): Text '100.00' is set on object 'Object Repository/RAD_Pages/PaymentAmount_Page/input__paymentAmount'

2021-11-08 12:25:05 - [MESSAGE][PASSED] - Text '100.00' is set on object 'Object Repository/RAD_Pages/PaymentAmount_Page/input__paymentAmount'

2021-11-08 12:25:05 - [TEST_STEP][PASSED] - scrollToElement(findTestObject(orPath_Landing + "/button_Continue"), 3): Scroll to object 'Object Repository/RAD_Pages/Landing_Page/button_Continue' successfully

2021-11-08 12:25:06 - [MESSAGE][PASSED] - Scroll to object 'Object Repository/RAD_Pages/Landing_Page/button_Continue' successfully

2021-11-08 12:25:06 - [TEST_STEP][PASSED] - waitForElementClickable(findTestObject(orPath_Landing + "/button_Continue"), 5): Object 'Object Repository/RAD_Pages/Landing_Page/button_Continue' is clickable

2021-11-08 12:25:06 - [MESSAGE][PASSED] - Object 'Object Repository/RAD_Pages/Landing_Page/button_Continue' is clickable

2021-11-08 12:25:06 - [TEST_STEP][PASSED] - click(findTestObject(orPath_Landing + "/button_Continue")): Object: 'Object Repository/RAD_Pages/Landing_Page/button_Continue' is clicked on

2021-11-08 12:25:07 - [MESSAGE][PASSED] - Object: 'Object Repository/RAD_Pages/Landing_Page/button_Continue' is clicked on

2021-11-08 12:25:07 - [TEST_STEP][PASSED] - verifyTextPresent("Review the information below and make any necessary corrections by clicking the", true): Text 'Review the information below and make any necessary corrections by clicking the' is present on page  using regular expression

2021-11-08 12:25:07 - [MESSAGE][PASSED] - Text 'Review the information below and make any necessary corrections by clicking the' is present on page  using regular expression

2021-11-08 12:25:07 - [TEST_STEP][PASSED] - verifyTextPresent("When you are confident that all the information is correct", true): Text 'When you are confident that all the information is correct' is present on page  using regular expression

2021-11-08 12:25:07 - [MESSAGE][PASSED] - Text 'When you are confident that all the information is correct' is present on page  using regular expression

2021-11-08 12:25:07 - [TEST_STEP][PASSED] - delay(1): Delayed 1 second(s)

2021-11-08 12:25:08 - [MESSAGE][PASSED] - Delayed 1 second(s)

2021-11-08 12:25:08 - [TEST_STEP][PASSED] - click(findTestObject(orPath_Summary + "/button_Proceed to Payment")): Object: 'Object Repository/RAD_Pages/Summary_Page/button_Proceed to Payment' is clicked on

2021-11-08 12:25:11 - [MESSAGE][PASSED] - Object: 'Object Repository/RAD_Pages/Summary_Page/button_Proceed to Payment' is clicked on

2021-11-08 12:25:11 - [TEST_STEP][PASSED] - setText(findTestObject(orPath_PaymentEntry + "/input__cardNumber"), CCNumber): Text '4012000098765439' is set on object 'Object Repository/RAD_Pages/PaymentEntry_Page/input__cardNumber'

2021-11-08 12:25:12 - [MESSAGE][PASSED] - Text '4012000098765439' is set on object 'Object Repository/RAD_Pages/PaymentEntry_Page/input__cardNumber'

2021-11-08 12:25:12 - [TEST_STEP][PASSED] - setText(findTestObject(orPath_PaymentEntry + "/input__spc"), CVV): Text '123' is set on object 'Object Repository/RAD_Pages/PaymentEntry_Page/input__spc'

2021-11-08 12:25:12 - [MESSAGE][PASSED] - Text '123' is set on object 'Object Repository/RAD_Pages/PaymentEntry_Page/input__spc'

2021-11-08 12:25:12 - [TEST_STEP][PASSED] - selectOptionByLabel(findTestObject(orPath_PaymentEntry + "/select_MM"), "12", false): All options with label '12' are selected in object 'Object Repository/RAD_Pages/PaymentEntry_Page/select_MM' 

2021-11-08 12:25:13 - [MESSAGE][PASSED] - All options with label '12' are selected in object 'Object Repository/RAD_Pages/PaymentEntry_Page/select_MM' 

2021-11-08 12:25:13 - [TEST_STEP][PASSED] - selectOptionByLabel(findTestObject(orPath_PaymentEntry + "/select_YYYY"), "2023", false): All options with label '2023' are selected in object 'Object Repository/RAD_Pages/PaymentEntry_Page/select_YYYY' 

2021-11-08 12:25:14 - [MESSAGE][PASSED] - All options with label '2023' are selected in object 'Object Repository/RAD_Pages/PaymentEntry_Page/select_YYYY' 

2021-11-08 12:25:14 - [TEST_STEP][PASSED] - click(findTestObject(orPath_PaymentEntry + "/input_Field_ccSubmit")): Object: 'Object Repository/RAD_Pages/PaymentEntry_Page/input_Field_ccSubmit' is clicked on

2021-11-08 12:25:15 - [MESSAGE][PASSED] - Object: 'Object Repository/RAD_Pages/PaymentEntry_Page/input_Field_ccSubmit' is clicked on

2021-11-08 12:25:15 - [TEST_STEP][PASSED] - click(findTestObject(orPath_PaymentConfirmation + "/input_N_confirmNotifyAction")): Object: 'Object Repository/RAD_Pages/PaymentConfirmation_Page/input_N_confirmNotifyAction' is clicked on

2021-11-08 12:25:16 - [MESSAGE][PASSED] - Object: 'Object Repository/RAD_Pages/PaymentConfirmation_Page/input_N_confirmNotifyAction' is clicked on

2021-11-08 12:25:16 - [TEST_STEP][PASSED] - click(findTestObject(orPath_ServiceFeesAccept + "/input_convFeeNotifyAction")): Object: 'Object Repository/RAD_Pages/ServiceFeeAccept_Page/input_convFeeNotifyAction' is clicked on

2021-11-08 12:25:18 - [MESSAGE][PASSED] - Object: 'Object Repository/RAD_Pages/ServiceFeeAccept_Page/input_convFeeNotifyAction' is clicked on

2021-11-08 12:25:18 - [TEST_STEP][PASSED] - delay(10): Delayed 10 second(s)

2021-11-08 12:25:28 - [MESSAGE][PASSED] - Delayed 10 second(s)

2021-11-08 12:25:28 - [TEST_STEP][PASSED] - verifyTextPresent("Successful Payment Receipt", true): Text 'Successful Payment Receipt' is present on page  using regular expression

2021-11-08 12:25:29 - [MESSAGE][PASSED] - Text 'Successful Payment Receipt' is present on page  using regular expression

2021-11-08 12:25:29 - [TEST_STEP][PASSED] - if (verifyTextPresent("Successful Payment Receipt", true)): null

2021-11-08 12:25:29 - [MESSAGE][PASSED] - Text 'Successful Payment Receipt' is present on page  using regular expression

2021-11-08 12:25:29 - [TEST_STEP][PASSED] - println("Transaction was Successful"): null

2021-11-08 12:25:29 - [TEST_STEP][PASSED] - out.println("Pass Record Number: " + row): null

2021-11-08 12:25:29 - [TEST_STEP][PASSED] - resText = "Pass": null

2021-11-08 12:25:29 - [TEST_STEP][PASSED] - pages.WriteExcel.demoKey(resText, datText, resColumn, datCloumn, fileLoc, nameSheet, row): pages.WriteExcel.demoKey is PASSED

2021-11-08 12:25:29 - [MESSAGE][PASSED] - pages.WriteExcel.demoKey is PASSED

2021-11-08 12:25:29 - [TEST_STEP][PASSED] - ExecuteTC = findTestData(dataFile).getValue("Execute", row): null

2021-11-08 12:25:29 - [TEST_STEP][PASSED] - PaymentType = findTestData(dataFile).getValue("PaymentType", row): null

2021-11-08 12:25:29 - [TEST_STEP][PASSED] - FilingYear = findTestData(dataFile).getValue("FilingYear", row): null

2021-11-08 12:25:29 - [TEST_STEP][PASSED] - PeriodEnding = findTestData(dataFile).getValue("PeriodEnding", row): null

2021-11-08 12:25:29 - [TEST_STEP][PASSED] - FName = findTestData(dataFile).getValue("Fname", row): null

2021-11-08 12:25:29 - [TEST_STEP][PASSED] - LName = findTestData(dataFile).getValue("Lname", row): null

2021-11-08 12:25:29 - [TEST_STEP][PASSED] - SSN = findTestData(dataFile).getValue("SSN", row): null

2021-11-08 12:25:29 - [TEST_STEP][PASSED] - BusName = findTestData(dataFile).getValue("BusName", row): null

2021-11-08 12:25:29 - [TEST_STEP][PASSED] - AL1 = findTestData(dataFile).getValue("AL1", row): null

2021-11-08 12:25:29 - [TEST_STEP][PASSED] - City = findTestData(dataFile).getValue("City", row): null

2021-11-08 12:25:29 - [TEST_STEP][PASSED] - ZIP = findTestData(dataFile).getValue("ZIP", row): null

2021-11-08 12:25:29 - [TEST_STEP][PASSED] - FilingType = findTestData(dataFile).getValue("FilingType", row): null

2021-11-08 12:25:29 - [TEST_STEP][PASSED] - Withholding = findTestData(dataFile).getValue("Withholding", row): null

2021-11-08 12:25:29 - [TEST_STEP][PASSED] - Amount = findTestData(dataFile).getValue("Amount", row): null

2021-11-08 12:25:29 - [TEST_STEP][PASSED] - CCNumber = findTestData(dataFile).getValue("CCNumber", row): null

2021-11-08 12:25:29 - [TEST_STEP][PASSED] - CVV = findTestData(dataFile).getValue("CVV", row): null

2021-11-08 12:25:29 - [TEST_STEP][PASSED] - out.println("Value of Execute is : " + ExecuteTC): null

2021-11-08 12:25:29 - [TEST_STEP][PASSED] - if (ExecuteTC.equalsIgnoreCase("Y")): null

2021-11-08 12:25:29 - [TEST_STEP][PASSED] - out.println("Begin Record Number: " + row): null

2021-11-08 12:25:29 - [TEST_STEP][PASSED] - today = new java.util.Date(): null

2021-11-08 12:25:29 - [TEST_STEP][PASSED] - println(today): null

2021-11-08 12:25:29 - [TEST_STEP][PASSED] - datText = today: null

2021-11-08 12:25:29 - [TEST_STEP][PASSED] - Taxtype = findTestData(dataFile).getValue("TaxType", row): null

2021-11-08 12:25:29 - [TEST_STEP][PASSED] - out.println("Taxtype value is : " + Taxtype): null

2021-11-08 12:25:29 - [TEST_STEP][PASSED] - openBrowser(""): Browser is opened with url: ''

2021-11-08 12:25:29 - [MESSAGE][WARNING] - A browser is already opened. Closing browser and opening a new one

2021-11-08 12:25:30 - [MESSAGE][INFO] - Starting 'Chrome' driver

2021-11-08 12:25:30 - [MESSAGE][INFO] - User set preference: ['acceptInsecureCerts', 'true']

2021-11-08 12:25:30 - [MESSAGE][INFO] - Action delay is set to 0 milliseconds

2021-11-08 12:25:32 - [MESSAGE][PASSED] - Browser is opened with url: ''

2021-11-08 12:25:32 - [TEST_STEP][PASSED] - maximizeWindow(): Current window maximized

2021-11-08 12:25:32 - [MESSAGE][PASSED] - Current window maximized

2021-11-08 12:25:32 - [TEST_STEP][PASSED] - navigateToUrl(RADurl): Navigate to 'https://qa.velocitypayment.com/client/rad/index.html' successfully

2021-11-08 12:25:34 - [MESSAGE][PASSED] - Navigate to 'https://qa.velocitypayment.com/client/rad/index.html' successfully

2021-11-08 12:25:34 - [TEST_STEP][PASSED] - orPath_Landing = "Object Repository/RAD_Pages/Landing_Page": null

2021-11-08 12:25:34 - [TEST_STEP][PASSED] - orPath_TaxTypeFilingYear = "Object Repository/RAD_Pages/TaxTypeFilingYear_Page": null

2021-11-08 12:25:34 - [TEST_STEP][PASSED] - orPath_TaxPayer = "Object Repository/RAD_Pages/Taxpayer_Page": null

2021-11-08 12:25:34 - [TEST_STEP][PASSED] - orPath_AddressContact = "Object Repository/RAD_Pages/AddressAndContactInfo_Page": null

2021-11-08 12:25:34 - [TEST_STEP][PASSED] - orPath_FilingStatus = "Object Repository/RAD_Pages/FilingStatus_Page": null

2021-11-08 12:25:34 - [TEST_STEP][PASSED] - orPath_Amount = "Object Repository/RAD_Pages/PaymentAmount_Page": null

2021-11-08 12:25:34 - [TEST_STEP][PASSED] - orPath_TaxInfo = "Object Repository/RAD_Pages/TaxInfo_Page": null

2021-11-08 12:25:34 - [TEST_STEP][PASSED] - orPath_Withholding = "Object Repository/RAD_Pages/Withholding_Page": null

2021-11-08 12:25:34 - [TEST_STEP][PASSED] - orPath_Summary = "Object Repository/RAD_Pages/Summary_Page": null

2021-11-08 12:25:34 - [TEST_STEP][PASSED] - orPath_PaymentReady = "Object Repository/RAD_Pages/PaymentReady_Page": null

2021-11-08 12:25:34 - [TEST_STEP][PASSED] - orPath_PaymentEntry = "Object Repository/RAD_Pages/PaymentEntry_Page": null

2021-11-08 12:25:34 - [TEST_STEP][PASSED] - orPath_PaymentConfirmation = "Object Repository/RAD_Pages/PaymentConfirmation_Page": null

2021-11-08 12:25:34 - [TEST_STEP][PASSED] - orPath_ServiceFeesAccept = "Object Repository/RAD_Pages/ServiceFeeAccept_Page": null

2021-11-08 12:25:34 - [TEST_STEP][PASSED] - selectOptionByLabel(findTestObject(orPath_Landing + "/dd_TaxType"), Taxtype, false): All options with label 'Personal Income Tax' are selected in object 'Object Repository/RAD_Pages/Landing_Page/dd_TaxType' 

2021-11-08 12:25:34 - [MESSAGE][PASSED] - All options with label 'Personal Income Tax' are selected in object 'Object Repository/RAD_Pages/Landing_Page/dd_TaxType' 

2021-11-08 12:25:34 - [TEST_STEP][PASSED] - delay(3): Delayed 3 second(s)

2021-11-08 12:25:37 - [MESSAGE][PASSED] - Delayed 3 second(s)

2021-11-08 12:25:37 - [TEST_STEP][PASSED] - switch (Taxtype): null

2021-11-08 12:25:37 - [TEST_STEP][PASSED] - case "Personal Income Tax":: null

2021-11-08 12:25:37 - [TEST_STEP][PASSED] - selectOptionByLabel(findTestObject(orPath_TaxTypeFilingYear + "/select_FilingYear"), FilingYear, false): All options with label '2019' are selected in object 'Object Repository/RAD_Pages/TaxTypeFilingYear_Page/select_FilingYear' 

2021-11-08 12:25:38 - [MESSAGE][PASSED] - All options with label '2019' are selected in object 'Object Repository/RAD_Pages/TaxTypeFilingYear_Page/select_FilingYear' 

2021-11-08 12:25:38 - [TEST_STEP][PASSED] - setText(findTestObject(orPath_TaxPayer + "/input_lastName"), LName): Text 'Bell' is set on object 'Object Repository/RAD_Pages/Taxpayer_Page/input_lastName'

2021-11-08 12:25:39 - [MESSAGE][PASSED] - Text 'Bell' is set on object 'Object Repository/RAD_Pages/Taxpayer_Page/input_lastName'

2021-11-08 12:25:39 - [TEST_STEP][PASSED] - setText(findTestObject("RAD_RecordAndPlay/input_concatSSN"), SSN): Text '123459630' is set on object 'Object Repository/RAD_RecordAndPlay/input_concatSSN'

2021-11-08 12:25:39 - [MESSAGE][PASSED] - Text '123459630' is set on object 'Object Repository/RAD_RecordAndPlay/input_concatSSN'

2021-11-08 12:25:39 - [TEST_STEP][PASSED] - setText(findTestObject("RAD_RecordAndPlay/input_concatReSSN"), SSN): Text '123459630' is set on object 'Object Repository/RAD_RecordAndPlay/input_concatReSSN'

2021-11-08 12:25:40 - [MESSAGE][PASSED] - Text '123459630' is set on object 'Object Repository/RAD_RecordAndPlay/input_concatReSSN'

2021-11-08 12:25:40 - [TEST_STEP][PASSED] - if (FilingType.equalsIgnoreCase("Y")): Object 'Object Repository/RAD_Pages/FilingStatus_Page/input_userType_Individual' is checked

2021-11-08 12:25:40 - [TEST_STEP][PASSED] - check(findTestObject(orPath_FilingStatus + "/input_userType_Individual")): Object 'Object Repository/RAD_Pages/FilingStatus_Page/input_userType_Individual' is checked

2021-11-08 12:25:40 - [MESSAGE][PASSED] - Object 'Object Repository/RAD_Pages/FilingStatus_Page/input_userType_Individual' is checked

2021-11-08 12:25:40 - [TEST_STEP][PASSED] - break: null

2021-11-08 12:25:40 - [TEST_STEP][PASSED] - setText(findTestObject(orPath_TaxPayer + "/input_firstName"), FName): Text 'Larsons' is set on object 'Object Repository/RAD_Pages/Taxpayer_Page/input_firstName'

2021-11-08 12:25:41 - [MESSAGE][PASSED] - Text 'Larsons' is set on object 'Object Repository/RAD_Pages/Taxpayer_Page/input_firstName'

2021-11-08 12:25:41 - [TEST_STEP][PASSED] - setText(findTestObject(orPath_TaxPayer + "/input_lastName"), LName): Text 'Bell' is set on object 'Object Repository/RAD_Pages/Taxpayer_Page/input_lastName'

2021-11-08 12:25:41 - [MESSAGE][PASSED] - Text 'Bell' is set on object 'Object Repository/RAD_Pages/Taxpayer_Page/input_lastName'

2021-11-08 12:25:41 - [TEST_STEP][PASSED] - selectOptionByLabel(findTestObject(orPath_AddressContact + "/select_Country"), "United States", false): All options with label 'United States' are selected in object 'Object Repository/RAD_Pages/AddressAndContactInfo_Page/select_Country' 

2021-11-08 12:25:42 - [MESSAGE][PASSED] - All options with label 'United States' are selected in object 'Object Repository/RAD_Pages/AddressAndContactInfo_Page/select_Country' 

2021-11-08 12:25:42 - [TEST_STEP][PASSED] - setText(findTestObject(orPath_AddressContact + "/input_streetAddress1"), AL1): Text '114 Clark Ave' is set on object 'Object Repository/RAD_Pages/AddressAndContactInfo_Page/input_streetAddress1'

2021-11-08 12:25:43 - [MESSAGE][PASSED] - Text '114 Clark Ave' is set on object 'Object Repository/RAD_Pages/AddressAndContactInfo_Page/input_streetAddress1'

2021-11-08 12:25:43 - [TEST_STEP][PASSED] - setText(findTestObject(orPath_AddressContact + "/input_streetAddress2"), ""): Text '' is set on object 'Object Repository/RAD_Pages/AddressAndContactInfo_Page/input_streetAddress2'

2021-11-08 12:25:43 - [MESSAGE][PASSED] - Text '' is set on object 'Object Repository/RAD_Pages/AddressAndContactInfo_Page/input_streetAddress2'

2021-11-08 12:25:43 - [TEST_STEP][PASSED] - setText(findTestObject(orPath_AddressContact + "/input_city"), City): Text 'Severn' is set on object 'Object Repository/RAD_Pages/AddressAndContactInfo_Page/input_city'

2021-11-08 12:25:44 - [MESSAGE][PASSED] - Text 'Severn' is set on object 'Object Repository/RAD_Pages/AddressAndContactInfo_Page/input_city'

2021-11-08 12:25:44 - [TEST_STEP][PASSED] - selectOptionByLabel(findTestObject(orPath_AddressContact + "/select_State"), "Maryland", false): All options with label 'Maryland' are selected in object 'Object Repository/RAD_Pages/AddressAndContactInfo_Page/select_State' 

2021-11-08 12:25:45 - [MESSAGE][PASSED] - All options with label 'Maryland' are selected in object 'Object Repository/RAD_Pages/AddressAndContactInfo_Page/select_State' 

2021-11-08 12:25:45 - [TEST_STEP][PASSED] - setText(findTestObject(orPath_AddressContact + "/input_zipCode"), ZIP): Text '21144' is set on object 'Object Repository/RAD_Pages/AddressAndContactInfo_Page/input_zipCode'

2021-11-08 12:25:45 - [MESSAGE][PASSED] - Text '21144' is set on object 'Object Repository/RAD_Pages/AddressAndContactInfo_Page/input_zipCode'

2021-11-08 12:25:45 - [TEST_STEP][PASSED] - setText(findTestObject(orPath_AddressContact + "/input_phoneNumber"), "(703) 894-5000"): Text '(703) 894-5000' is set on object 'Object Repository/RAD_Pages/AddressAndContactInfo_Page/input_phoneNumber'

2021-11-08 12:25:46 - [MESSAGE][PASSED] - Text '(703) 894-5000' is set on object 'Object Repository/RAD_Pages/AddressAndContactInfo_Page/input_phoneNumber'

2021-11-08 12:25:46 - [TEST_STEP][PASSED] - setText(findTestObject(orPath_AddressContact + "/input_eMailAddress"), "iahmed@govolution.com"): Text 'iahmed@govolution.com' is set on object 'Object Repository/RAD_Pages/AddressAndContactInfo_Page/input_eMailAddress'

2021-11-08 12:25:47 - [MESSAGE][PASSED] - Text 'iahmed@govolution.com' is set on object 'Object Repository/RAD_Pages/AddressAndContactInfo_Page/input_eMailAddress'

2021-11-08 12:25:47 - [TEST_STEP][PASSED] - setText(findTestObject(orPath_AddressContact + "/input_reEnterEMailAddress"), "iahmed@govolution.com"): Text 'iahmed@govolution.com' is set on object 'Object Repository/RAD_Pages/AddressAndContactInfo_Page/input_reEnterEMailAddress'

2021-11-08 12:25:48 - [MESSAGE][PASSED] - Text 'iahmed@govolution.com' is set on object 'Object Repository/RAD_Pages/AddressAndContactInfo_Page/input_reEnterEMailAddress'

2021-11-08 12:25:48 - [TEST_STEP][PASSED] - setText(findTestObject(orPath_Amount + "/input__paymentAmount"), Amount): Text '100.00' is set on object 'Object Repository/RAD_Pages/PaymentAmount_Page/input__paymentAmount'

2021-11-08 12:25:48 - [MESSAGE][PASSED] - Text '100.00' is set on object 'Object Repository/RAD_Pages/PaymentAmount_Page/input__paymentAmount'

2021-11-08 12:25:48 - [TEST_STEP][PASSED] - scrollToElement(findTestObject(orPath_Landing + "/button_Continue"), 3): Scroll to object 'Object Repository/RAD_Pages/Landing_Page/button_Continue' successfully

2021-11-08 12:25:49 - [MESSAGE][PASSED] - Scroll to object 'Object Repository/RAD_Pages/Landing_Page/button_Continue' successfully

2021-11-08 12:25:49 - [TEST_STEP][PASSED] - waitForElementClickable(findTestObject(orPath_Landing + "/button_Continue"), 5): Object 'Object Repository/RAD_Pages/Landing_Page/button_Continue' is clickable

2021-11-08 12:25:49 - [MESSAGE][PASSED] - Object 'Object Repository/RAD_Pages/Landing_Page/button_Continue' is clickable

2021-11-08 12:25:49 - [TEST_STEP][PASSED] - click(findTestObject(orPath_Landing + "/button_Continue")): Object: 'Object Repository/RAD_Pages/Landing_Page/button_Continue' is clicked on

2021-11-08 12:25:49 - [MESSAGE][PASSED] - Object: 'Object Repository/RAD_Pages/Landing_Page/button_Continue' is clicked on

2021-11-08 12:25:49 - [TEST_STEP][PASSED] - verifyTextPresent("Review the information below and make any necessary corrections by clicking the", true): Text 'Review the information below and make any necessary corrections by clicking the' is present on page  using regular expression

2021-11-08 12:25:50 - [MESSAGE][PASSED] - Text 'Review the information below and make any necessary corrections by clicking the' is present on page  using regular expression

2021-11-08 12:25:50 - [TEST_STEP][PASSED] - verifyTextPresent("When you are confident that all the information is correct", true): Text 'When you are confident that all the information is correct' is present on page  using regular expression

2021-11-08 12:25:50 - [MESSAGE][PASSED] - Text 'When you are confident that all the information is correct' is present on page  using regular expression

2021-11-08 12:25:50 - [TEST_STEP][PASSED] - delay(1): Delayed 1 second(s)

2021-11-08 12:25:51 - [MESSAGE][PASSED] - Delayed 1 second(s)

2021-11-08 12:25:51 - [TEST_STEP][PASSED] - click(findTestObject(orPath_Summary + "/button_Proceed to Payment")): Object: 'Object Repository/RAD_Pages/Summary_Page/button_Proceed to Payment' is clicked on

2021-11-08 12:25:54 - [MESSAGE][PASSED] - Object: 'Object Repository/RAD_Pages/Summary_Page/button_Proceed to Payment' is clicked on

2021-11-08 12:25:54 - [TEST_STEP][PASSED] - setText(findTestObject(orPath_PaymentEntry + "/input__cardNumber"), CCNumber): Text '5146312200000035' is set on object 'Object Repository/RAD_Pages/PaymentEntry_Page/input__cardNumber'

2021-11-08 12:25:55 - [MESSAGE][PASSED] - Text '5146312200000035' is set on object 'Object Repository/RAD_Pages/PaymentEntry_Page/input__cardNumber'

2021-11-08 12:25:55 - [TEST_STEP][PASSED] - setText(findTestObject(orPath_PaymentEntry + "/input__spc"), CVV): Text '123' is set on object 'Object Repository/RAD_Pages/PaymentEntry_Page/input__spc'

2021-11-08 12:25:56 - [MESSAGE][PASSED] - Text '123' is set on object 'Object Repository/RAD_Pages/PaymentEntry_Page/input__spc'

2021-11-08 12:25:56 - [TEST_STEP][PASSED] - selectOptionByLabel(findTestObject(orPath_PaymentEntry + "/select_MM"), "12", false): All options with label '12' are selected in object 'Object Repository/RAD_Pages/PaymentEntry_Page/select_MM' 

2021-11-08 12:25:56 - [MESSAGE][PASSED] - All options with label '12' are selected in object 'Object Repository/RAD_Pages/PaymentEntry_Page/select_MM' 

2021-11-08 12:25:56 - [TEST_STEP][PASSED] - selectOptionByLabel(findTestObject(orPath_PaymentEntry + "/select_YYYY"), "2023", false): All options with label '2023' are selected in object 'Object Repository/RAD_Pages/PaymentEntry_Page/select_YYYY' 

2021-11-08 12:25:57 - [MESSAGE][PASSED] - All options with label '2023' are selected in object 'Object Repository/RAD_Pages/PaymentEntry_Page/select_YYYY' 

2021-11-08 12:25:57 - [TEST_STEP][PASSED] - click(findTestObject(orPath_PaymentEntry + "/input_Field_ccSubmit")): Object: 'Object Repository/RAD_Pages/PaymentEntry_Page/input_Field_ccSubmit' is clicked on

2021-11-08 12:25:58 - [MESSAGE][PASSED] - Object: 'Object Repository/RAD_Pages/PaymentEntry_Page/input_Field_ccSubmit' is clicked on

2021-11-08 12:25:58 - [TEST_STEP][PASSED] - click(findTestObject(orPath_PaymentConfirmation + "/input_N_confirmNotifyAction")): Object: 'Object Repository/RAD_Pages/PaymentConfirmation_Page/input_N_confirmNotifyAction' is clicked on

2021-11-08 12:25:59 - [MESSAGE][PASSED] - Object: 'Object Repository/RAD_Pages/PaymentConfirmation_Page/input_N_confirmNotifyAction' is clicked on

2021-11-08 12:25:59 - [TEST_STEP][PASSED] - click(findTestObject(orPath_ServiceFeesAccept + "/input_convFeeNotifyAction")): Object: 'Object Repository/RAD_Pages/ServiceFeeAccept_Page/input_convFeeNotifyAction' is clicked on

2021-11-08 12:26:01 - [MESSAGE][PASSED] - Object: 'Object Repository/RAD_Pages/ServiceFeeAccept_Page/input_convFeeNotifyAction' is clicked on

2021-11-08 12:26:01 - [TEST_STEP][PASSED] - delay(10): Delayed 10 second(s)

2021-11-08 12:26:11 - [MESSAGE][PASSED] - Delayed 10 second(s)

2021-11-08 12:26:11 - [TEST_STEP][PASSED] - verifyTextPresent("Successful Payment Receipt", true): Text 'Successful Payment Receipt' is present on page  using regular expression

2021-11-08 12:26:11 - [MESSAGE][PASSED] - Text 'Successful Payment Receipt' is present on page  using regular expression

2021-11-08 12:26:11 - [TEST_STEP][PASSED] - if (verifyTextPresent("Successful Payment Receipt", true)): null

2021-11-08 12:26:12 - [MESSAGE][PASSED] - Text 'Successful Payment Receipt' is present on page  using regular expression

2021-11-08 12:26:12 - [TEST_STEP][PASSED] - println("Transaction was Successful"): null

2021-11-08 12:26:12 - [TEST_STEP][PASSED] - out.println("Pass Record Number: " + row): null

2021-11-08 12:26:12 - [TEST_STEP][PASSED] - resText = "Pass": null

2021-11-08 12:26:12 - [TEST_STEP][PASSED] - pages.WriteExcel.demoKey(resText, datText, resColumn, datCloumn, fileLoc, nameSheet, row): pages.WriteExcel.demoKey is PASSED

2021-11-08 12:26:12 - [MESSAGE][PASSED] - pages.WriteExcel.demoKey is PASSED

2021-11-08 12:26:12 - [TEST_STEP][PASSED] - ExecuteTC = findTestData(dataFile).getValue("Execute", row): null

2021-11-08 12:26:12 - [TEST_STEP][PASSED] - PaymentType = findTestData(dataFile).getValue("PaymentType", row): null

2021-11-08 12:26:12 - [TEST_STEP][PASSED] - FilingYear = findTestData(dataFile).getValue("FilingYear", row): null

2021-11-08 12:26:12 - [TEST_STEP][PASSED] - PeriodEnding = findTestData(dataFile).getValue("PeriodEnding", row): null

2021-11-08 12:26:12 - [TEST_STEP][PASSED] - FName = findTestData(dataFile).getValue("Fname", row): null

2021-11-08 12:26:12 - [TEST_STEP][PASSED] - LName = findTestData(dataFile).getValue("Lname", row): null

2021-11-08 12:26:12 - [TEST_STEP][PASSED] - SSN = findTestData(dataFile).getValue("SSN", row): null

2021-11-08 12:26:12 - [TEST_STEP][PASSED] - BusName = findTestData(dataFile).getValue("BusName", row): null

2021-11-08 12:26:12 - [TEST_STEP][PASSED] - AL1 = findTestData(dataFile).getValue("AL1", row): null

2021-11-08 12:26:12 - [TEST_STEP][PASSED] - City = findTestData(dataFile).getValue("City", row): null

2021-11-08 12:26:12 - [TEST_STEP][PASSED] - ZIP = findTestData(dataFile).getValue("ZIP", row): null

2021-11-08 12:26:12 - [TEST_STEP][PASSED] - FilingType = findTestData(dataFile).getValue("FilingType", row): null

2021-11-08 12:26:12 - [TEST_STEP][PASSED] - Withholding = findTestData(dataFile).getValue("Withholding", row): null

2021-11-08 12:26:12 - [TEST_STEP][PASSED] - Amount = findTestData(dataFile).getValue("Amount", row): null

2021-11-08 12:26:12 - [TEST_STEP][PASSED] - CCNumber = findTestData(dataFile).getValue("CCNumber", row): null

2021-11-08 12:26:12 - [TEST_STEP][PASSED] - CVV = findTestData(dataFile).getValue("CVV", row): null

2021-11-08 12:26:12 - [TEST_STEP][PASSED] - out.println("Value of Execute is : " + ExecuteTC): null

2021-11-08 12:26:12 - [TEST_STEP][PASSED] - if (ExecuteTC.equalsIgnoreCase("Y")): null

2021-11-08 12:26:12 - [TEST_STEP][PASSED] - out.println("Begin Record Number: " + row): null

2021-11-08 12:26:12 - [TEST_STEP][PASSED] - today = new java.util.Date(): null

2021-11-08 12:26:12 - [TEST_STEP][PASSED] - println(today): null

2021-11-08 12:26:12 - [TEST_STEP][PASSED] - datText = today: null

2021-11-08 12:26:12 - [TEST_STEP][PASSED] - Taxtype = findTestData(dataFile).getValue("TaxType", row): null

2021-11-08 12:26:12 - [TEST_STEP][PASSED] - out.println("Taxtype value is : " + Taxtype): null

2021-11-08 12:26:12 - [TEST_STEP][PASSED] - openBrowser(""): Browser is opened with url: ''

2021-11-08 12:26:12 - [MESSAGE][WARNING] - A browser is already opened. Closing browser and opening a new one

2021-11-08 12:26:13 - [MESSAGE][INFO] - Starting 'Chrome' driver

2021-11-08 12:26:13 - [MESSAGE][INFO] - User set preference: ['acceptInsecureCerts', 'true']

2021-11-08 12:26:13 - [MESSAGE][INFO] - Action delay is set to 0 milliseconds

2021-11-08 12:26:15 - [MESSAGE][PASSED] - Browser is opened with url: ''

2021-11-08 12:26:15 - [TEST_STEP][PASSED] - maximizeWindow(): Current window maximized

2021-11-08 12:26:15 - [MESSAGE][PASSED] - Current window maximized

2021-11-08 12:26:15 - [TEST_STEP][PASSED] - navigateToUrl(RADurl): Navigate to 'https://qa.velocitypayment.com/client/rad/index.html' successfully

2021-11-08 12:26:16 - [MESSAGE][PASSED] - Navigate to 'https://qa.velocitypayment.com/client/rad/index.html' successfully

2021-11-08 12:26:16 - [TEST_STEP][PASSED] - orPath_Landing = "Object Repository/RAD_Pages/Landing_Page": null

2021-11-08 12:26:16 - [TEST_STEP][PASSED] - orPath_TaxTypeFilingYear = "Object Repository/RAD_Pages/TaxTypeFilingYear_Page": null

2021-11-08 12:26:16 - [TEST_STEP][PASSED] - orPath_TaxPayer = "Object Repository/RAD_Pages/Taxpayer_Page": null

2021-11-08 12:26:16 - [TEST_STEP][PASSED] - orPath_AddressContact = "Object Repository/RAD_Pages/AddressAndContactInfo_Page": null

2021-11-08 12:26:16 - [TEST_STEP][PASSED] - orPath_FilingStatus = "Object Repository/RAD_Pages/FilingStatus_Page": null

2021-11-08 12:26:16 - [TEST_STEP][PASSED] - orPath_Amount = "Object Repository/RAD_Pages/PaymentAmount_Page": null

2021-11-08 12:26:16 - [TEST_STEP][PASSED] - orPath_TaxInfo = "Object Repository/RAD_Pages/TaxInfo_Page": null

2021-11-08 12:26:16 - [TEST_STEP][PASSED] - orPath_Withholding = "Object Repository/RAD_Pages/Withholding_Page": null

2021-11-08 12:26:16 - [TEST_STEP][PASSED] - orPath_Summary = "Object Repository/RAD_Pages/Summary_Page": null

2021-11-08 12:26:16 - [TEST_STEP][PASSED] - orPath_PaymentReady = "Object Repository/RAD_Pages/PaymentReady_Page": null

2021-11-08 12:26:16 - [TEST_STEP][PASSED] - orPath_PaymentEntry = "Object Repository/RAD_Pages/PaymentEntry_Page": null

2021-11-08 12:26:16 - [TEST_STEP][PASSED] - orPath_PaymentConfirmation = "Object Repository/RAD_Pages/PaymentConfirmation_Page": null

2021-11-08 12:26:16 - [TEST_STEP][PASSED] - orPath_ServiceFeesAccept = "Object Repository/RAD_Pages/ServiceFeeAccept_Page": null

2021-11-08 12:26:16 - [TEST_STEP][PASSED] - selectOptionByLabel(findTestObject(orPath_Landing + "/dd_TaxType"), Taxtype, false): All options with label 'Personal Income Tax' are selected in object 'Object Repository/RAD_Pages/Landing_Page/dd_TaxType' 

2021-11-08 12:26:17 - [MESSAGE][PASSED] - All options with label 'Personal Income Tax' are selected in object 'Object Repository/RAD_Pages/Landing_Page/dd_TaxType' 

2021-11-08 12:26:17 - [TEST_STEP][PASSED] - delay(3): Delayed 3 second(s)

2021-11-08 12:26:20 - [MESSAGE][PASSED] - Delayed 3 second(s)

2021-11-08 12:26:20 - [TEST_STEP][PASSED] - switch (Taxtype): null

2021-11-08 12:26:20 - [TEST_STEP][PASSED] - case "Personal Income Tax":: null

2021-11-08 12:26:20 - [TEST_STEP][PASSED] - selectOptionByLabel(findTestObject(orPath_TaxTypeFilingYear + "/select_FilingYear"), FilingYear, false): All options with label '2018' are selected in object 'Object Repository/RAD_Pages/TaxTypeFilingYear_Page/select_FilingYear' 

2021-11-08 12:26:21 - [MESSAGE][PASSED] - All options with label '2018' are selected in object 'Object Repository/RAD_Pages/TaxTypeFilingYear_Page/select_FilingYear' 

2021-11-08 12:26:21 - [TEST_STEP][PASSED] - setText(findTestObject(orPath_TaxPayer + "/input_lastName"), LName): Text 'Vaughn' is set on object 'Object Repository/RAD_Pages/Taxpayer_Page/input_lastName'

2021-11-08 12:26:21 - [MESSAGE][PASSED] - Text 'Vaughn' is set on object 'Object Repository/RAD_Pages/Taxpayer_Page/input_lastName'

2021-11-08 12:26:21 - [TEST_STEP][PASSED] - setText(findTestObject("RAD_RecordAndPlay/input_concatSSN"), SSN): Text '123452514' is set on object 'Object Repository/RAD_RecordAndPlay/input_concatSSN'

2021-11-08 12:26:22 - [MESSAGE][PASSED] - Text '123452514' is set on object 'Object Repository/RAD_RecordAndPlay/input_concatSSN'

2021-11-08 12:26:22 - [TEST_STEP][PASSED] - setText(findTestObject("RAD_RecordAndPlay/input_concatReSSN"), SSN): Text '123452514' is set on object 'Object Repository/RAD_RecordAndPlay/input_concatReSSN'

2021-11-08 12:26:23 - [MESSAGE][PASSED] - Text '123452514' is set on object 'Object Repository/RAD_RecordAndPlay/input_concatReSSN'

2021-11-08 12:26:23 - [TEST_STEP][PASSED] - if (FilingType.equalsIgnoreCase("Y")): Object 'Object Repository/RAD_Pages/FilingStatus_Page/input_userType_Individual' is checked

2021-11-08 12:26:23 - [TEST_STEP][PASSED] - check(findTestObject(orPath_FilingStatus + "/input_userType_Individual")): Object 'Object Repository/RAD_Pages/FilingStatus_Page/input_userType_Individual' is checked

2021-11-08 12:26:23 - [MESSAGE][PASSED] - Object 'Object Repository/RAD_Pages/FilingStatus_Page/input_userType_Individual' is checked

2021-11-08 12:26:23 - [TEST_STEP][PASSED] - break: null

2021-11-08 12:26:23 - [TEST_STEP][PASSED] - setText(findTestObject(orPath_TaxPayer + "/input_firstName"), FName): Text 'Michael' is set on object 'Object Repository/RAD_Pages/Taxpayer_Page/input_firstName'

2021-11-08 12:26:23 - [MESSAGE][PASSED] - Text 'Michael' is set on object 'Object Repository/RAD_Pages/Taxpayer_Page/input_firstName'

2021-11-08 12:26:23 - [TEST_STEP][PASSED] - setText(findTestObject(orPath_TaxPayer + "/input_lastName"), LName): Text 'Vaughn' is set on object 'Object Repository/RAD_Pages/Taxpayer_Page/input_lastName'

2021-11-08 12:26:24 - [MESSAGE][PASSED] - Text 'Vaughn' is set on object 'Object Repository/RAD_Pages/Taxpayer_Page/input_lastName'

2021-11-08 12:26:24 - [TEST_STEP][PASSED] - selectOptionByLabel(findTestObject(orPath_AddressContact + "/select_Country"), "United States", false): All options with label 'United States' are selected in object 'Object Repository/RAD_Pages/AddressAndContactInfo_Page/select_Country' 

2021-11-08 12:26:25 - [MESSAGE][PASSED] - All options with label 'United States' are selected in object 'Object Repository/RAD_Pages/AddressAndContactInfo_Page/select_Country' 

2021-11-08 12:26:25 - [TEST_STEP][PASSED] - setText(findTestObject(orPath_AddressContact + "/input_streetAddress1"), AL1): Text '2000 14th street' is set on object 'Object Repository/RAD_Pages/AddressAndContactInfo_Page/input_streetAddress1'

2021-11-08 12:26:26 - [MESSAGE][PASSED] - Text '2000 14th street' is set on object 'Object Repository/RAD_Pages/AddressAndContactInfo_Page/input_streetAddress1'

2021-11-08 12:26:26 - [TEST_STEP][PASSED] - setText(findTestObject(orPath_AddressContact + "/input_streetAddress2"), ""): Text '' is set on object 'Object Repository/RAD_Pages/AddressAndContactInfo_Page/input_streetAddress2'

2021-11-08 12:26:26 - [MESSAGE][PASSED] - Text '' is set on object 'Object Repository/RAD_Pages/AddressAndContactInfo_Page/input_streetAddress2'

2021-11-08 12:26:26 - [TEST_STEP][PASSED] - setText(findTestObject(orPath_AddressContact + "/input_city"), City): Text 'Columbia' is set on object 'Object Repository/RAD_Pages/AddressAndContactInfo_Page/input_city'

2021-11-08 12:26:27 - [MESSAGE][PASSED] - Text 'Columbia' is set on object 'Object Repository/RAD_Pages/AddressAndContactInfo_Page/input_city'

2021-11-08 12:26:27 - [TEST_STEP][PASSED] - selectOptionByLabel(findTestObject(orPath_AddressContact + "/select_State"), "Maryland", false): All options with label 'Maryland' are selected in object 'Object Repository/RAD_Pages/AddressAndContactInfo_Page/select_State' 

2021-11-08 12:26:27 - [MESSAGE][PASSED] - All options with label 'Maryland' are selected in object 'Object Repository/RAD_Pages/AddressAndContactInfo_Page/select_State' 

2021-11-08 12:26:27 - [TEST_STEP][PASSED] - setText(findTestObject(orPath_AddressContact + "/input_zipCode"), ZIP): Text '21093' is set on object 'Object Repository/RAD_Pages/AddressAndContactInfo_Page/input_zipCode'

2021-11-08 12:26:28 - [MESSAGE][PASSED] - Text '21093' is set on object 'Object Repository/RAD_Pages/AddressAndContactInfo_Page/input_zipCode'

2021-11-08 12:26:28 - [TEST_STEP][PASSED] - setText(findTestObject(orPath_AddressContact + "/input_phoneNumber"), "(703) 894-5000"): Text '(703) 894-5000' is set on object 'Object Repository/RAD_Pages/AddressAndContactInfo_Page/input_phoneNumber'

2021-11-08 12:26:29 - [MESSAGE][PASSED] - Text '(703) 894-5000' is set on object 'Object Repository/RAD_Pages/AddressAndContactInfo_Page/input_phoneNumber'

2021-11-08 12:26:29 - [TEST_STEP][PASSED] - setText(findTestObject(orPath_AddressContact + "/input_eMailAddress"), "iahmed@govolution.com"): Text 'iahmed@govolution.com' is set on object 'Object Repository/RAD_Pages/AddressAndContactInfo_Page/input_eMailAddress'

2021-11-08 12:26:30 - [MESSAGE][PASSED] - Text 'iahmed@govolution.com' is set on object 'Object Repository/RAD_Pages/AddressAndContactInfo_Page/input_eMailAddress'

2021-11-08 12:26:30 - [TEST_STEP][PASSED] - setText(findTestObject(orPath_AddressContact + "/input_reEnterEMailAddress"), "iahmed@govolution.com"): Text 'iahmed@govolution.com' is set on object 'Object Repository/RAD_Pages/AddressAndContactInfo_Page/input_reEnterEMailAddress'

2021-11-08 12:26:30 - [MESSAGE][PASSED] - Text 'iahmed@govolution.com' is set on object 'Object Repository/RAD_Pages/AddressAndContactInfo_Page/input_reEnterEMailAddress'

2021-11-08 12:26:30 - [TEST_STEP][PASSED] - setText(findTestObject(orPath_Amount + "/input__paymentAmount"), Amount): Text '100.00' is set on object 'Object Repository/RAD_Pages/PaymentAmount_Page/input__paymentAmount'

2021-11-08 12:26:31 - [MESSAGE][PASSED] - Text '100.00' is set on object 'Object Repository/RAD_Pages/PaymentAmount_Page/input__paymentAmount'

2021-11-08 12:26:31 - [TEST_STEP][PASSED] - scrollToElement(findTestObject(orPath_Landing + "/button_Continue"), 3): Scroll to object 'Object Repository/RAD_Pages/Landing_Page/button_Continue' successfully

2021-11-08 12:26:32 - [MESSAGE][PASSED] - Scroll to object 'Object Repository/RAD_Pages/Landing_Page/button_Continue' successfully

2021-11-08 12:26:32 - [TEST_STEP][PASSED] - waitForElementClickable(findTestObject(orPath_Landing + "/button_Continue"), 5): Object 'Object Repository/RAD_Pages/Landing_Page/button_Continue' is clickable

2021-11-08 12:26:32 - [MESSAGE][PASSED] - Object 'Object Repository/RAD_Pages/Landing_Page/button_Continue' is clickable

2021-11-08 12:26:32 - [TEST_STEP][PASSED] - click(findTestObject(orPath_Landing + "/button_Continue")): Object: 'Object Repository/RAD_Pages/Landing_Page/button_Continue' is clicked on

2021-11-08 12:26:32 - [MESSAGE][PASSED] - Object: 'Object Repository/RAD_Pages/Landing_Page/button_Continue' is clicked on

2021-11-08 12:26:32 - [TEST_STEP][PASSED] - verifyTextPresent("Review the information below and make any necessary corrections by clicking the", true): Text 'Review the information below and make any necessary corrections by clicking the' is present on page  using regular expression

2021-11-08 12:26:33 - [MESSAGE][PASSED] - Text 'Review the information below and make any necessary corrections by clicking the' is present on page  using regular expression

2021-11-08 12:26:33 - [TEST_STEP][PASSED] - verifyTextPresent("When you are confident that all the information is correct", true): Text 'When you are confident that all the information is correct' is present on page  using regular expression

2021-11-08 12:26:33 - [MESSAGE][PASSED] - Text 'When you are confident that all the information is correct' is present on page  using regular expression

2021-11-08 12:26:33 - [TEST_STEP][PASSED] - delay(1): Delayed 1 second(s)

2021-11-08 12:26:34 - [MESSAGE][PASSED] - Delayed 1 second(s)

2021-11-08 12:26:34 - [TEST_STEP][PASSED] - click(findTestObject(orPath_Summary + "/button_Proceed to Payment")): Object: 'Object Repository/RAD_Pages/Summary_Page/button_Proceed to Payment' is clicked on

2021-11-08 12:26:36 - [MESSAGE][PASSED] - Object: 'Object Repository/RAD_Pages/Summary_Page/button_Proceed to Payment' is clicked on

2021-11-08 12:26:36 - [TEST_STEP][PASSED] - setText(findTestObject(orPath_PaymentEntry + "/input__cardNumber"), CCNumber): Text '6011000993026909' is set on object 'Object Repository/RAD_Pages/PaymentEntry_Page/input__cardNumber'

2021-11-08 12:26:37 - [MESSAGE][PASSED] - Text '6011000993026909' is set on object 'Object Repository/RAD_Pages/PaymentEntry_Page/input__cardNumber'

2021-11-08 12:26:37 - [TEST_STEP][PASSED] - setText(findTestObject(orPath_PaymentEntry + "/input__spc"), CVV): Text '123' is set on object 'Object Repository/RAD_Pages/PaymentEntry_Page/input__spc'

2021-11-08 12:26:38 - [MESSAGE][PASSED] - Text '123' is set on object 'Object Repository/RAD_Pages/PaymentEntry_Page/input__spc'

2021-11-08 12:26:38 - [TEST_STEP][PASSED] - selectOptionByLabel(findTestObject(orPath_PaymentEntry + "/select_MM"), "12", false): All options with label '12' are selected in object 'Object Repository/RAD_Pages/PaymentEntry_Page/select_MM' 

2021-11-08 12:26:38 - [MESSAGE][PASSED] - All options with label '12' are selected in object 'Object Repository/RAD_Pages/PaymentEntry_Page/select_MM' 

2021-11-08 12:26:38 - [TEST_STEP][PASSED] - selectOptionByLabel(findTestObject(orPath_PaymentEntry + "/select_YYYY"), "2023", false): All options with label '2023' are selected in object 'Object Repository/RAD_Pages/PaymentEntry_Page/select_YYYY' 

2021-11-08 12:26:39 - [MESSAGE][PASSED] - All options with label '2023' are selected in object 'Object Repository/RAD_Pages/PaymentEntry_Page/select_YYYY' 

2021-11-08 12:26:39 - [TEST_STEP][PASSED] - click(findTestObject(orPath_PaymentEntry + "/input_Field_ccSubmit")): Object: 'Object Repository/RAD_Pages/PaymentEntry_Page/input_Field_ccSubmit' is clicked on

2021-11-08 12:26:40 - [MESSAGE][PASSED] - Object: 'Object Repository/RAD_Pages/PaymentEntry_Page/input_Field_ccSubmit' is clicked on

2021-11-08 12:26:40 - [TEST_STEP][PASSED] - click(findTestObject(orPath_PaymentConfirmation + "/input_N_confirmNotifyAction")): Object: 'Object Repository/RAD_Pages/PaymentConfirmation_Page/input_N_confirmNotifyAction' is clicked on

2021-11-08 12:26:41 - [MESSAGE][PASSED] - Object: 'Object Repository/RAD_Pages/PaymentConfirmation_Page/input_N_confirmNotifyAction' is clicked on

2021-11-08 12:26:41 - [TEST_STEP][PASSED] - click(findTestObject(orPath_ServiceFeesAccept + "/input_convFeeNotifyAction")): Object: 'Object Repository/RAD_Pages/ServiceFeeAccept_Page/input_convFeeNotifyAction' is clicked on

2021-11-08 12:26:43 - [MESSAGE][PASSED] - Object: 'Object Repository/RAD_Pages/ServiceFeeAccept_Page/input_convFeeNotifyAction' is clicked on

2021-11-08 12:26:43 - [TEST_STEP][PASSED] - delay(10): Delayed 10 second(s)

2021-11-08 12:26:53 - [MESSAGE][PASSED] - Delayed 10 second(s)

2021-11-08 12:26:53 - [TEST_STEP][PASSED] - verifyTextPresent("Successful Payment Receipt", true): Text 'Successful Payment Receipt' is present on page  using regular expression

2021-11-08 12:26:54 - [MESSAGE][PASSED] - Text 'Successful Payment Receipt' is present on page  using regular expression

2021-11-08 12:26:54 - [TEST_STEP][PASSED] - if (verifyTextPresent("Successful Payment Receipt", true)): null

2021-11-08 12:26:54 - [MESSAGE][PASSED] - Text 'Successful Payment Receipt' is present on page  using regular expression

2021-11-08 12:26:54 - [TEST_STEP][PASSED] - println("Transaction was Successful"): null

2021-11-08 12:26:54 - [TEST_STEP][PASSED] - out.println("Pass Record Number: " + row): null

2021-11-08 12:26:54 - [TEST_STEP][PASSED] - resText = "Pass": null

2021-11-08 12:26:54 - [TEST_STEP][PASSED] - pages.WriteExcel.demoKey(resText, datText, resColumn, datCloumn, fileLoc, nameSheet, row): pages.WriteExcel.demoKey is PASSED

2021-11-08 12:26:54 - [MESSAGE][PASSED] - pages.WriteExcel.demoKey is PASSED

2021-11-08 12:26:54 - [TEST_STEP][PASSED] - ExecuteTC = findTestData(dataFile).getValue("Execute", row): null

2021-11-08 12:26:54 - [TEST_STEP][PASSED] - PaymentType = findTestData(dataFile).getValue("PaymentType", row): null

2021-11-08 12:26:54 - [TEST_STEP][PASSED] - FilingYear = findTestData(dataFile).getValue("FilingYear", row): null

2021-11-08 12:26:54 - [TEST_STEP][PASSED] - PeriodEnding = findTestData(dataFile).getValue("PeriodEnding", row): null

2021-11-08 12:26:54 - [TEST_STEP][PASSED] - FName = findTestData(dataFile).getValue("Fname", row): null

2021-11-08 12:26:54 - [TEST_STEP][PASSED] - LName = findTestData(dataFile).getValue("Lname", row): null

2021-11-08 12:26:54 - [TEST_STEP][PASSED] - SSN = findTestData(dataFile).getValue("SSN", row): null

2021-11-08 12:26:54 - [TEST_STEP][PASSED] - BusName = findTestData(dataFile).getValue("BusName", row): null

2021-11-08 12:26:54 - [TEST_STEP][PASSED] - AL1 = findTestData(dataFile).getValue("AL1", row): null

2021-11-08 12:26:54 - [TEST_STEP][PASSED] - City = findTestData(dataFile).getValue("City", row): null

2021-11-08 12:26:54 - [TEST_STEP][PASSED] - ZIP = findTestData(dataFile).getValue("ZIP", row): null

2021-11-08 12:26:54 - [TEST_STEP][PASSED] - FilingType = findTestData(dataFile).getValue("FilingType", row): null

2021-11-08 12:26:54 - [TEST_STEP][PASSED] - Withholding = findTestData(dataFile).getValue("Withholding", row): null

2021-11-08 12:26:54 - [TEST_STEP][PASSED] - Amount = findTestData(dataFile).getValue("Amount", row): null

2021-11-08 12:26:54 - [TEST_STEP][PASSED] - CCNumber = findTestData(dataFile).getValue("CCNumber", row): null

2021-11-08 12:26:54 - [TEST_STEP][PASSED] - CVV = findTestData(dataFile).getValue("CVV", row): null

2021-11-08 12:26:54 - [TEST_STEP][PASSED] - out.println("Value of Execute is : " + ExecuteTC): null

2021-11-08 12:26:54 - [TEST_STEP][PASSED] - if (ExecuteTC.equalsIgnoreCase("Y")): null

2021-11-08 12:26:54 - [TEST_STEP][PASSED] - out.println("Begin Record Number: " + row): null

2021-11-08 12:26:54 - [TEST_STEP][PASSED] - today = new java.util.Date(): null

2021-11-08 12:26:54 - [TEST_STEP][PASSED] - println(today): null

2021-11-08 12:26:54 - [TEST_STEP][PASSED] - datText = today: null

2021-11-08 12:26:54 - [TEST_STEP][PASSED] - Taxtype = findTestData(dataFile).getValue("TaxType", row): null

2021-11-08 12:26:54 - [TEST_STEP][PASSED] - out.println("Taxtype value is : " + Taxtype): null

2021-11-08 12:26:54 - [TEST_STEP][PASSED] - openBrowser(""): Browser is opened with url: ''

2021-11-08 12:26:54 - [MESSAGE][WARNING] - A browser is already opened. Closing browser and opening a new one

2021-11-08 12:26:55 - [MESSAGE][INFO] - Starting 'Chrome' driver

2021-11-08 12:26:55 - [MESSAGE][INFO] - User set preference: ['acceptInsecureCerts', 'true']

2021-11-08 12:26:55 - [MESSAGE][INFO] - Action delay is set to 0 milliseconds

2021-11-08 12:26:57 - [MESSAGE][PASSED] - Browser is opened with url: ''

2021-11-08 12:26:57 - [TEST_STEP][PASSED] - maximizeWindow(): Current window maximized

2021-11-08 12:26:57 - [MESSAGE][PASSED] - Current window maximized

2021-11-08 12:26:57 - [TEST_STEP][PASSED] - navigateToUrl(RADurl): Navigate to 'https://qa.velocitypayment.com/client/rad/index.html' successfully

2021-11-08 12:26:59 - [MESSAGE][PASSED] - Navigate to 'https://qa.velocitypayment.com/client/rad/index.html' successfully

2021-11-08 12:26:59 - [TEST_STEP][PASSED] - orPath_Landing = "Object Repository/RAD_Pages/Landing_Page": null

2021-11-08 12:26:59 - [TEST_STEP][PASSED] - orPath_TaxTypeFilingYear = "Object Repository/RAD_Pages/TaxTypeFilingYear_Page": null

2021-11-08 12:26:59 - [TEST_STEP][PASSED] - orPath_TaxPayer = "Object Repository/RAD_Pages/Taxpayer_Page": null

2021-11-08 12:26:59 - [TEST_STEP][PASSED] - orPath_AddressContact = "Object Repository/RAD_Pages/AddressAndContactInfo_Page": null

2021-11-08 12:26:59 - [TEST_STEP][PASSED] - orPath_FilingStatus = "Object Repository/RAD_Pages/FilingStatus_Page": null

2021-11-08 12:26:59 - [TEST_STEP][PASSED] - orPath_Amount = "Object Repository/RAD_Pages/PaymentAmount_Page": null

2021-11-08 12:26:59 - [TEST_STEP][PASSED] - orPath_TaxInfo = "Object Repository/RAD_Pages/TaxInfo_Page": null

2021-11-08 12:26:59 - [TEST_STEP][PASSED] - orPath_Withholding = "Object Repository/RAD_Pages/Withholding_Page": null

2021-11-08 12:26:59 - [TEST_STEP][PASSED] - orPath_Summary = "Object Repository/RAD_Pages/Summary_Page": null

2021-11-08 12:26:59 - [TEST_STEP][PASSED] - orPath_PaymentReady = "Object Repository/RAD_Pages/PaymentReady_Page": null

2021-11-08 12:26:59 - [TEST_STEP][PASSED] - orPath_PaymentEntry = "Object Repository/RAD_Pages/PaymentEntry_Page": null

2021-11-08 12:26:59 - [TEST_STEP][PASSED] - orPath_PaymentConfirmation = "Object Repository/RAD_Pages/PaymentConfirmation_Page": null

2021-11-08 12:26:59 - [TEST_STEP][PASSED] - orPath_ServiceFeesAccept = "Object Repository/RAD_Pages/ServiceFeeAccept_Page": null

2021-11-08 12:26:59 - [TEST_STEP][PASSED] - selectOptionByLabel(findTestObject(orPath_Landing + "/dd_TaxType"), Taxtype, false): All options with label 'Personal Income Tax' are selected in object 'Object Repository/RAD_Pages/Landing_Page/dd_TaxType' 

2021-11-08 12:27:00 - [MESSAGE][PASSED] - All options with label 'Personal Income Tax' are selected in object 'Object Repository/RAD_Pages/Landing_Page/dd_TaxType' 

2021-11-08 12:27:00 - [TEST_STEP][PASSED] - delay(3): Delayed 3 second(s)

2021-11-08 12:27:03 - [MESSAGE][PASSED] - Delayed 3 second(s)

2021-11-08 12:27:03 - [TEST_STEP][PASSED] - switch (Taxtype): null

2021-11-08 12:27:03 - [TEST_STEP][PASSED] - case "Personal Income Tax":: null

2021-11-08 12:27:03 - [TEST_STEP][PASSED] - selectOptionByLabel(findTestObject(orPath_TaxTypeFilingYear + "/select_FilingYear"), FilingYear, false): All options with label '2020' are selected in object 'Object Repository/RAD_Pages/TaxTypeFilingYear_Page/select_FilingYear' 

2021-11-08 12:27:03 - [MESSAGE][PASSED] - All options with label '2020' are selected in object 'Object Repository/RAD_Pages/TaxTypeFilingYear_Page/select_FilingYear' 

2021-11-08 12:27:03 - [TEST_STEP][PASSED] - setText(findTestObject(orPath_TaxPayer + "/input_lastName"), LName): Text 'Cook' is set on object 'Object Repository/RAD_Pages/Taxpayer_Page/input_lastName'

2021-11-08 12:27:04 - [MESSAGE][PASSED] - Text 'Cook' is set on object 'Object Repository/RAD_Pages/Taxpayer_Page/input_lastName'

2021-11-08 12:27:04 - [TEST_STEP][PASSED] - setText(findTestObject("RAD_RecordAndPlay/input_concatSSN"), SSN): Text '123450145' is set on object 'Object Repository/RAD_RecordAndPlay/input_concatSSN'

2021-11-08 12:27:05 - [MESSAGE][PASSED] - Text '123450145' is set on object 'Object Repository/RAD_RecordAndPlay/input_concatSSN'

2021-11-08 12:27:05 - [TEST_STEP][PASSED] - setText(findTestObject("RAD_RecordAndPlay/input_concatReSSN"), SSN): Text '123450145' is set on object 'Object Repository/RAD_RecordAndPlay/input_concatReSSN'

2021-11-08 12:27:05 - [MESSAGE][PASSED] - Text '123450145' is set on object 'Object Repository/RAD_RecordAndPlay/input_concatReSSN'

2021-11-08 12:27:05 - [TEST_STEP][PASSED] - if (FilingType.equalsIgnoreCase("Y")): null

2021-11-08 12:27:05 - [TEST_STEP][PASSED] - else: Text '123453210' is set on object 'Object Repository/RAD_RecordAndPlay/input_reTypeJointFilerSSN'

2021-11-08 12:27:05 - [TEST_STEP][PASSED] - scrollToElement(findTestObject(orPath_Amount + "/input__paymentAmount"), 3): Scroll to object 'Object Repository/RAD_Pages/PaymentAmount_Page/input__paymentAmount' successfully

2021-11-08 12:27:06 - [MESSAGE][PASSED] - Scroll to object 'Object Repository/RAD_Pages/PaymentAmount_Page/input__paymentAmount' successfully

2021-11-08 12:27:06 - [TEST_STEP][PASSED] - waitForElementClickable(findTestObject(orPath_FilingStatus + "/input_userType_Joint"), 5): Object 'Object Repository/RAD_Pages/FilingStatus_Page/input_userType_Joint' is clickable

2021-11-08 12:27:06 - [MESSAGE][PASSED] - Object 'Object Repository/RAD_Pages/FilingStatus_Page/input_userType_Joint' is clickable

2021-11-08 12:27:06 - [TEST_STEP][PASSED] - check(findTestObject(orPath_FilingStatus + "/input_userType_Joint")): Object 'Object Repository/RAD_Pages/FilingStatus_Page/input_userType_Joint' is checked

2021-11-08 12:27:07 - [MESSAGE][PASSED] - Object 'Object Repository/RAD_Pages/FilingStatus_Page/input_userType_Joint' is checked

2021-11-08 12:27:07 - [TEST_STEP][PASSED] - delay(3): Delayed 3 second(s)

2021-11-08 12:27:10 - [MESSAGE][PASSED] - Delayed 3 second(s)

2021-11-08 12:27:10 - [TEST_STEP][PASSED] - setText(findTestObject(orPath_FilingStatus + "/input_jointFirstName"), "Sam"): Text 'Sam' is set on object 'Object Repository/RAD_Pages/FilingStatus_Page/input_jointFirstName'

2021-11-08 12:27:10 - [MESSAGE][PASSED] - Text 'Sam' is set on object 'Object Repository/RAD_Pages/FilingStatus_Page/input_jointFirstName'

2021-11-08 12:27:10 - [TEST_STEP][PASSED] - setText(findTestObject(orPath_FilingStatus + "/input_jointLastName"), "Stokes"): Text 'Stokes' is set on object 'Object Repository/RAD_Pages/FilingStatus_Page/input_jointLastName'

2021-11-08 12:27:11 - [MESSAGE][PASSED] - Text 'Stokes' is set on object 'Object Repository/RAD_Pages/FilingStatus_Page/input_jointLastName'

2021-11-08 12:27:11 - [TEST_STEP][PASSED] - setText(findTestObject("Object Repository/RAD_RecordAndPlay/input_JointFilerSSN"), "123453210"): Text '123453210' is set on object 'Object Repository/RAD_RecordAndPlay/input_JointFilerSSN'

2021-11-08 12:27:11 - [MESSAGE][PASSED] - Text '123453210' is set on object 'Object Repository/RAD_RecordAndPlay/input_JointFilerSSN'

2021-11-08 12:27:11 - [TEST_STEP][PASSED] - setText(findTestObject("Object Repository/RAD_RecordAndPlay/input_reTypeJointFilerSSN"), "123453210"): Text '123453210' is set on object 'Object Repository/RAD_RecordAndPlay/input_reTypeJointFilerSSN'

2021-11-08 12:27:12 - [MESSAGE][PASSED] - Text '123453210' is set on object 'Object Repository/RAD_RecordAndPlay/input_reTypeJointFilerSSN'

2021-11-08 12:27:12 - [TEST_STEP][PASSED] - break: null

2021-11-08 12:27:12 - [TEST_STEP][PASSED] - setText(findTestObject(orPath_TaxPayer + "/input_firstName"), FName): Text 'Andrew' is set on object 'Object Repository/RAD_Pages/Taxpayer_Page/input_firstName'

2021-11-08 12:27:13 - [MESSAGE][PASSED] - Text 'Andrew' is set on object 'Object Repository/RAD_Pages/Taxpayer_Page/input_firstName'

2021-11-08 12:27:13 - [TEST_STEP][PASSED] - setText(findTestObject(orPath_TaxPayer + "/input_lastName"), LName): Text 'Cook' is set on object 'Object Repository/RAD_Pages/Taxpayer_Page/input_lastName'

2021-11-08 12:27:14 - [MESSAGE][PASSED] - Text 'Cook' is set on object 'Object Repository/RAD_Pages/Taxpayer_Page/input_lastName'

2021-11-08 12:27:14 - [TEST_STEP][PASSED] - selectOptionByLabel(findTestObject(orPath_AddressContact + "/select_Country"), "United States", false): All options with label 'United States' are selected in object 'Object Repository/RAD_Pages/AddressAndContactInfo_Page/select_Country' 

2021-11-08 12:27:14 - [MESSAGE][PASSED] - All options with label 'United States' are selected in object 'Object Repository/RAD_Pages/AddressAndContactInfo_Page/select_Country' 

2021-11-08 12:27:14 - [TEST_STEP][PASSED] - setText(findTestObject(orPath_AddressContact + "/input_streetAddress1"), AL1): Text '3652 Mandan road' is set on object 'Object Repository/RAD_Pages/AddressAndContactInfo_Page/input_streetAddress1'

2021-11-08 12:27:15 - [MESSAGE][PASSED] - Text '3652 Mandan road' is set on object 'Object Repository/RAD_Pages/AddressAndContactInfo_Page/input_streetAddress1'

2021-11-08 12:27:15 - [TEST_STEP][PASSED] - setText(findTestObject(orPath_AddressContact + "/input_streetAddress2"), ""): Text '' is set on object 'Object Repository/RAD_Pages/AddressAndContactInfo_Page/input_streetAddress2'

2021-11-08 12:27:15 - [MESSAGE][PASSED] - Text '' is set on object 'Object Repository/RAD_Pages/AddressAndContactInfo_Page/input_streetAddress2'

2021-11-08 12:27:15 - [TEST_STEP][PASSED] - setText(findTestObject(orPath_AddressContact + "/input_city"), City): Text 'Crofton' is set on object 'Object Repository/RAD_Pages/AddressAndContactInfo_Page/input_city'

2021-11-08 12:27:16 - [MESSAGE][PASSED] - Text 'Crofton' is set on object 'Object Repository/RAD_Pages/AddressAndContactInfo_Page/input_city'

2021-11-08 12:27:16 - [TEST_STEP][PASSED] - selectOptionByLabel(findTestObject(orPath_AddressContact + "/select_State"), "Maryland", false): All options with label 'Maryland' are selected in object 'Object Repository/RAD_Pages/AddressAndContactInfo_Page/select_State' 

2021-11-08 12:27:17 - [MESSAGE][PASSED] - All options with label 'Maryland' are selected in object 'Object Repository/RAD_Pages/AddressAndContactInfo_Page/select_State' 

2021-11-08 12:27:17 - [TEST_STEP][PASSED] - setText(findTestObject(orPath_AddressContact + "/input_zipCode"), ZIP): Text '21114' is set on object 'Object Repository/RAD_Pages/AddressAndContactInfo_Page/input_zipCode'

2021-11-08 12:27:18 - [MESSAGE][PASSED] - Text '21114' is set on object 'Object Repository/RAD_Pages/AddressAndContactInfo_Page/input_zipCode'

2021-11-08 12:27:18 - [TEST_STEP][PASSED] - setText(findTestObject(orPath_AddressContact + "/input_phoneNumber"), "(703) 894-5000"): Text '(703) 894-5000' is set on object 'Object Repository/RAD_Pages/AddressAndContactInfo_Page/input_phoneNumber'

2021-11-08 12:27:18 - [MESSAGE][PASSED] - Text '(703) 894-5000' is set on object 'Object Repository/RAD_Pages/AddressAndContactInfo_Page/input_phoneNumber'

2021-11-08 12:27:18 - [TEST_STEP][PASSED] - setText(findTestObject(orPath_AddressContact + "/input_eMailAddress"), "iahmed@govolution.com"): Text 'iahmed@govolution.com' is set on object 'Object Repository/RAD_Pages/AddressAndContactInfo_Page/input_eMailAddress'

2021-11-08 12:27:19 - [MESSAGE][PASSED] - Text 'iahmed@govolution.com' is set on object 'Object Repository/RAD_Pages/AddressAndContactInfo_Page/input_eMailAddress'

2021-11-08 12:27:19 - [TEST_STEP][PASSED] - setText(findTestObject(orPath_AddressContact + "/input_reEnterEMailAddress"), "iahmed@govolution.com"): Text 'iahmed@govolution.com' is set on object 'Object Repository/RAD_Pages/AddressAndContactInfo_Page/input_reEnterEMailAddress'

2021-11-08 12:27:20 - [MESSAGE][PASSED] - Text 'iahmed@govolution.com' is set on object 'Object Repository/RAD_Pages/AddressAndContactInfo_Page/input_reEnterEMailAddress'

2021-11-08 12:27:20 - [TEST_STEP][PASSED] - setText(findTestObject(orPath_Amount + "/input__paymentAmount"), Amount): Text '100.00' is set on object 'Object Repository/RAD_Pages/PaymentAmount_Page/input__paymentAmount'

2021-11-08 12:27:21 - [MESSAGE][PASSED] - Text '100.00' is set on object 'Object Repository/RAD_Pages/PaymentAmount_Page/input__paymentAmount'

2021-11-08 12:27:21 - [TEST_STEP][PASSED] - scrollToElement(findTestObject(orPath_Landing + "/button_Continue"), 3): Scroll to object 'Object Repository/RAD_Pages/Landing_Page/button_Continue' successfully

2021-11-08 12:27:21 - [MESSAGE][PASSED] - Scroll to object 'Object Repository/RAD_Pages/Landing_Page/button_Continue' successfully

2021-11-08 12:27:21 - [TEST_STEP][PASSED] - waitForElementClickable(findTestObject(orPath_Landing + "/button_Continue"), 5): Object 'Object Repository/RAD_Pages/Landing_Page/button_Continue' is clickable

2021-11-08 12:27:21 - [MESSAGE][PASSED] - Object 'Object Repository/RAD_Pages/Landing_Page/button_Continue' is clickable

2021-11-08 12:27:21 - [TEST_STEP][PASSED] - click(findTestObject(orPath_Landing + "/button_Continue")): Object: 'Object Repository/RAD_Pages/Landing_Page/button_Continue' is clicked on

2021-11-08 12:27:22 - [MESSAGE][PASSED] - Object: 'Object Repository/RAD_Pages/Landing_Page/button_Continue' is clicked on

2021-11-08 12:27:22 - [TEST_STEP][PASSED] - verifyTextPresent("Review the information below and make any necessary corrections by clicking the", true): Text 'Review the information below and make any necessary corrections by clicking the' is present on page  using regular expression

2021-11-08 12:27:22 - [MESSAGE][PASSED] - Text 'Review the information below and make any necessary corrections by clicking the' is present on page  using regular expression

2021-11-08 12:27:22 - [TEST_STEP][PASSED] - verifyTextPresent("When you are confident that all the information is correct", true): Text 'When you are confident that all the information is correct' is present on page  using regular expression

2021-11-08 12:27:23 - [MESSAGE][PASSED] - Text 'When you are confident that all the information is correct' is present on page  using regular expression

2021-11-08 12:27:23 - [TEST_STEP][PASSED] - delay(1): Delayed 1 second(s)

2021-11-08 12:27:24 - [MESSAGE][PASSED] - Delayed 1 second(s)

2021-11-08 12:27:24 - [TEST_STEP][PASSED] - click(findTestObject(orPath_Summary + "/button_Proceed to Payment")): Object: 'Object Repository/RAD_Pages/Summary_Page/button_Proceed to Payment' is clicked on

2021-11-08 12:27:26 - [MESSAGE][PASSED] - Object: 'Object Repository/RAD_Pages/Summary_Page/button_Proceed to Payment' is clicked on

2021-11-08 12:27:26 - [TEST_STEP][PASSED] - setText(findTestObject(orPath_PaymentEntry + "/input__cardNumber"), CCNumber): Text '4012000098765439' is set on object 'Object Repository/RAD_Pages/PaymentEntry_Page/input__cardNumber'

2021-11-08 12:27:27 - [MESSAGE][PASSED] - Text '4012000098765439' is set on object 'Object Repository/RAD_Pages/PaymentEntry_Page/input__cardNumber'

2021-11-08 12:27:27 - [TEST_STEP][PASSED] - setText(findTestObject(orPath_PaymentEntry + "/input__spc"), CVV): Text '123' is set on object 'Object Repository/RAD_Pages/PaymentEntry_Page/input__spc'

2021-11-08 12:27:27 - [MESSAGE][PASSED] - Text '123' is set on object 'Object Repository/RAD_Pages/PaymentEntry_Page/input__spc'

2021-11-08 12:27:27 - [TEST_STEP][PASSED] - selectOptionByLabel(findTestObject(orPath_PaymentEntry + "/select_MM"), "12", false): All options with label '12' are selected in object 'Object Repository/RAD_Pages/PaymentEntry_Page/select_MM' 

2021-11-08 12:27:28 - [MESSAGE][PASSED] - All options with label '12' are selected in object 'Object Repository/RAD_Pages/PaymentEntry_Page/select_MM' 

2021-11-08 12:27:28 - [TEST_STEP][PASSED] - selectOptionByLabel(findTestObject(orPath_PaymentEntry + "/select_YYYY"), "2023", false): All options with label '2023' are selected in object 'Object Repository/RAD_Pages/PaymentEntry_Page/select_YYYY' 

2021-11-08 12:27:29 - [MESSAGE][PASSED] - All options with label '2023' are selected in object 'Object Repository/RAD_Pages/PaymentEntry_Page/select_YYYY' 

2021-11-08 12:27:29 - [TEST_STEP][PASSED] - click(findTestObject(orPath_PaymentEntry + "/input_Field_ccSubmit")): Object: 'Object Repository/RAD_Pages/PaymentEntry_Page/input_Field_ccSubmit' is clicked on

2021-11-08 12:27:30 - [MESSAGE][PASSED] - Object: 'Object Repository/RAD_Pages/PaymentEntry_Page/input_Field_ccSubmit' is clicked on

2021-11-08 12:27:30 - [TEST_STEP][PASSED] - click(findTestObject(orPath_PaymentConfirmation + "/input_N_confirmNotifyAction")): Object: 'Object Repository/RAD_Pages/PaymentConfirmation_Page/input_N_confirmNotifyAction' is clicked on

2021-11-08 12:27:31 - [MESSAGE][PASSED] - Object: 'Object Repository/RAD_Pages/PaymentConfirmation_Page/input_N_confirmNotifyAction' is clicked on

2021-11-08 12:27:31 - [TEST_STEP][PASSED] - click(findTestObject(orPath_ServiceFeesAccept + "/input_convFeeNotifyAction")): Object: 'Object Repository/RAD_Pages/ServiceFeeAccept_Page/input_convFeeNotifyAction' is clicked on

2021-11-08 12:27:33 - [MESSAGE][PASSED] - Object: 'Object Repository/RAD_Pages/ServiceFeeAccept_Page/input_convFeeNotifyAction' is clicked on

2021-11-08 12:27:33 - [TEST_STEP][PASSED] - delay(10): Delayed 10 second(s)

2021-11-08 12:27:43 - [MESSAGE][PASSED] - Delayed 10 second(s)

2021-11-08 12:27:43 - [TEST_STEP][PASSED] - verifyTextPresent("Successful Payment Receipt", true): Text 'Successful Payment Receipt' is present on page  using regular expression

2021-11-08 12:27:43 - [MESSAGE][PASSED] - Text 'Successful Payment Receipt' is present on page  using regular expression

2021-11-08 12:27:43 - [TEST_STEP][PASSED] - if (verifyTextPresent("Successful Payment Receipt", true)): null

2021-11-08 12:27:44 - [MESSAGE][PASSED] - Text 'Successful Payment Receipt' is present on page  using regular expression

2021-11-08 12:27:44 - [TEST_STEP][PASSED] - println("Transaction was Successful"): null

2021-11-08 12:27:44 - [TEST_STEP][PASSED] - out.println("Pass Record Number: " + row): null

2021-11-08 12:27:44 - [TEST_STEP][PASSED] - resText = "Pass": null

2021-11-08 12:27:44 - [TEST_STEP][PASSED] - pages.WriteExcel.demoKey(resText, datText, resColumn, datCloumn, fileLoc, nameSheet, row): pages.WriteExcel.demoKey is PASSED

2021-11-08 12:27:44 - [MESSAGE][PASSED] - pages.WriteExcel.demoKey is PASSED

2021-11-08 12:27:44 - [TEST_STEP][PASSED] - ExecuteTC = findTestData(dataFile).getValue("Execute", row): null

2021-11-08 12:27:44 - [TEST_STEP][PASSED] - PaymentType = findTestData(dataFile).getValue("PaymentType", row): null

2021-11-08 12:27:44 - [TEST_STEP][PASSED] - FilingYear = findTestData(dataFile).getValue("FilingYear", row): null

2021-11-08 12:27:44 - [TEST_STEP][PASSED] - PeriodEnding = findTestData(dataFile).getValue("PeriodEnding", row): null

2021-11-08 12:27:44 - [TEST_STEP][PASSED] - FName = findTestData(dataFile).getValue("Fname", row): null

2021-11-08 12:27:44 - [TEST_STEP][PASSED] - LName = findTestData(dataFile).getValue("Lname", row): null

2021-11-08 12:27:44 - [TEST_STEP][PASSED] - SSN = findTestData(dataFile).getValue("SSN", row): null

2021-11-08 12:27:44 - [TEST_STEP][PASSED] - BusName = findTestData(dataFile).getValue("BusName", row): null

2021-11-08 12:27:44 - [TEST_STEP][PASSED] - AL1 = findTestData(dataFile).getValue("AL1", row): null

2021-11-08 12:27:44 - [TEST_STEP][PASSED] - City = findTestData(dataFile).getValue("City", row): null

2021-11-08 12:27:44 - [TEST_STEP][PASSED] - ZIP = findTestData(dataFile).getValue("ZIP", row): null

2021-11-08 12:27:44 - [TEST_STEP][PASSED] - FilingType = findTestData(dataFile).getValue("FilingType", row): null

2021-11-08 12:27:44 - [TEST_STEP][PASSED] - Withholding = findTestData(dataFile).getValue("Withholding", row): null

2021-11-08 12:27:44 - [TEST_STEP][PASSED] - Amount = findTestData(dataFile).getValue("Amount", row): null

2021-11-08 12:27:44 - [TEST_STEP][PASSED] - CCNumber = findTestData(dataFile).getValue("CCNumber", row): null

2021-11-08 12:27:44 - [TEST_STEP][PASSED] - CVV = findTestData(dataFile).getValue("CVV", row): null

2021-11-08 12:27:44 - [TEST_STEP][PASSED] - out.println("Value of Execute is : " + ExecuteTC): null

2021-11-08 12:27:44 - [TEST_STEP][PASSED] - if (ExecuteTC.equalsIgnoreCase("Y")): null

2021-11-08 12:27:44 - [TEST_STEP][PASSED] - out.println("Begin Record Number: " + row): null

2021-11-08 12:27:44 - [TEST_STEP][PASSED] - today = new java.util.Date(): null

2021-11-08 12:27:44 - [TEST_STEP][PASSED] - println(today): null

2021-11-08 12:27:44 - [TEST_STEP][PASSED] - datText = today: null

2021-11-08 12:27:44 - [TEST_STEP][PASSED] - Taxtype = findTestData(dataFile).getValue("TaxType", row): null

2021-11-08 12:27:44 - [TEST_STEP][PASSED] - out.println("Taxtype value is : " + Taxtype): null

2021-11-08 12:27:44 - [TEST_STEP][PASSED] - openBrowser(""): Browser is opened with url: ''

2021-11-08 12:27:44 - [MESSAGE][WARNING] - A browser is already opened. Closing browser and opening a new one

2021-11-08 12:27:45 - [MESSAGE][INFO] - Starting 'Chrome' driver

2021-11-08 12:27:45 - [MESSAGE][INFO] - User set preference: ['acceptInsecureCerts', 'true']

2021-11-08 12:27:45 - [MESSAGE][INFO] - Action delay is set to 0 milliseconds

2021-11-08 12:27:46 - [MESSAGE][PASSED] - Browser is opened with url: ''

2021-11-08 12:27:46 - [TEST_STEP][PASSED] - maximizeWindow(): Current window maximized

2021-11-08 12:27:47 - [MESSAGE][PASSED] - Current window maximized

2021-11-08 12:27:47 - [TEST_STEP][PASSED] - navigateToUrl(RADurl): Navigate to 'https://qa.velocitypayment.com/client/rad/index.html' successfully

2021-11-08 12:27:48 - [MESSAGE][PASSED] - Navigate to 'https://qa.velocitypayment.com/client/rad/index.html' successfully

2021-11-08 12:27:48 - [TEST_STEP][PASSED] - orPath_Landing = "Object Repository/RAD_Pages/Landing_Page": null

2021-11-08 12:27:48 - [TEST_STEP][PASSED] - orPath_TaxTypeFilingYear = "Object Repository/RAD_Pages/TaxTypeFilingYear_Page": null

2021-11-08 12:27:48 - [TEST_STEP][PASSED] - orPath_TaxPayer = "Object Repository/RAD_Pages/Taxpayer_Page": null

2021-11-08 12:27:48 - [TEST_STEP][PASSED] - orPath_AddressContact = "Object Repository/RAD_Pages/AddressAndContactInfo_Page": null

2021-11-08 12:27:48 - [TEST_STEP][PASSED] - orPath_FilingStatus = "Object Repository/RAD_Pages/FilingStatus_Page": null

2021-11-08 12:27:48 - [TEST_STEP][PASSED] - orPath_Amount = "Object Repository/RAD_Pages/PaymentAmount_Page": null

2021-11-08 12:27:48 - [TEST_STEP][PASSED] - orPath_TaxInfo = "Object Repository/RAD_Pages/TaxInfo_Page": null

2021-11-08 12:27:48 - [TEST_STEP][PASSED] - orPath_Withholding = "Object Repository/RAD_Pages/Withholding_Page": null

2021-11-08 12:27:48 - [TEST_STEP][PASSED] - orPath_Summary = "Object Repository/RAD_Pages/Summary_Page": null

2021-11-08 12:27:48 - [TEST_STEP][PASSED] - orPath_PaymentReady = "Object Repository/RAD_Pages/PaymentReady_Page": null

2021-11-08 12:27:48 - [TEST_STEP][PASSED] - orPath_PaymentEntry = "Object Repository/RAD_Pages/PaymentEntry_Page": null

2021-11-08 12:27:48 - [TEST_STEP][PASSED] - orPath_PaymentConfirmation = "Object Repository/RAD_Pages/PaymentConfirmation_Page": null

2021-11-08 12:27:48 - [TEST_STEP][PASSED] - orPath_ServiceFeesAccept = "Object Repository/RAD_Pages/ServiceFeeAccept_Page": null

2021-11-08 12:27:48 - [TEST_STEP][PASSED] - selectOptionByLabel(findTestObject(orPath_Landing + "/dd_TaxType"), Taxtype, false): All options with label 'Personal Income Tax' are selected in object 'Object Repository/RAD_Pages/Landing_Page/dd_TaxType' 

2021-11-08 12:27:49 - [MESSAGE][PASSED] - All options with label 'Personal Income Tax' are selected in object 'Object Repository/RAD_Pages/Landing_Page/dd_TaxType' 

2021-11-08 12:27:49 - [TEST_STEP][PASSED] - delay(3): Delayed 3 second(s)

2021-11-08 12:27:52 - [MESSAGE][PASSED] - Delayed 3 second(s)

2021-11-08 12:27:52 - [TEST_STEP][PASSED] - switch (Taxtype): null

2021-11-08 12:27:52 - [TEST_STEP][PASSED] - case "Personal Income Tax":: null

2021-11-08 12:27:52 - [TEST_STEP][PASSED] - selectOptionByLabel(findTestObject(orPath_TaxTypeFilingYear + "/select_FilingYear"), FilingYear, false): All options with label '2019' are selected in object 'Object Repository/RAD_Pages/TaxTypeFilingYear_Page/select_FilingYear' 

2021-11-08 12:27:53 - [MESSAGE][PASSED] - All options with label '2019' are selected in object 'Object Repository/RAD_Pages/TaxTypeFilingYear_Page/select_FilingYear' 

2021-11-08 12:27:53 - [TEST_STEP][PASSED] - setText(findTestObject(orPath_TaxPayer + "/input_lastName"), LName): Text 'Bell' is set on object 'Object Repository/RAD_Pages/Taxpayer_Page/input_lastName'

2021-11-08 12:27:53 - [MESSAGE][PASSED] - Text 'Bell' is set on object 'Object Repository/RAD_Pages/Taxpayer_Page/input_lastName'

2021-11-08 12:27:53 - [TEST_STEP][PASSED] - setText(findTestObject("RAD_RecordAndPlay/input_concatSSN"), SSN): Text '123459630' is set on object 'Object Repository/RAD_RecordAndPlay/input_concatSSN'

2021-11-08 12:27:54 - [MESSAGE][PASSED] - Text '123459630' is set on object 'Object Repository/RAD_RecordAndPlay/input_concatSSN'

2021-11-08 12:27:54 - [TEST_STEP][PASSED] - setText(findTestObject("RAD_RecordAndPlay/input_concatReSSN"), SSN): Text '123459630' is set on object 'Object Repository/RAD_RecordAndPlay/input_concatReSSN'

2021-11-08 12:27:54 - [MESSAGE][PASSED] - Text '123459630' is set on object 'Object Repository/RAD_RecordAndPlay/input_concatReSSN'

2021-11-08 12:27:54 - [TEST_STEP][PASSED] - if (FilingType.equalsIgnoreCase("Y")): null

2021-11-08 12:27:54 - [TEST_STEP][PASSED] - else: Text '123453210' is set on object 'Object Repository/RAD_RecordAndPlay/input_reTypeJointFilerSSN'

2021-11-08 12:27:54 - [TEST_STEP][PASSED] - scrollToElement(findTestObject(orPath_Amount + "/input__paymentAmount"), 3): Scroll to object 'Object Repository/RAD_Pages/PaymentAmount_Page/input__paymentAmount' successfully

2021-11-08 12:27:55 - [MESSAGE][PASSED] - Scroll to object 'Object Repository/RAD_Pages/PaymentAmount_Page/input__paymentAmount' successfully

2021-11-08 12:27:55 - [TEST_STEP][PASSED] - waitForElementClickable(findTestObject(orPath_FilingStatus + "/input_userType_Joint"), 5): Object 'Object Repository/RAD_Pages/FilingStatus_Page/input_userType_Joint' is clickable

2021-11-08 12:27:55 - [MESSAGE][PASSED] - Object 'Object Repository/RAD_Pages/FilingStatus_Page/input_userType_Joint' is clickable

2021-11-08 12:27:55 - [TEST_STEP][PASSED] - check(findTestObject(orPath_FilingStatus + "/input_userType_Joint")): Object 'Object Repository/RAD_Pages/FilingStatus_Page/input_userType_Joint' is checked

2021-11-08 12:27:56 - [MESSAGE][PASSED] - Object 'Object Repository/RAD_Pages/FilingStatus_Page/input_userType_Joint' is checked

2021-11-08 12:27:56 - [TEST_STEP][PASSED] - delay(3): Delayed 3 second(s)

2021-11-08 12:27:59 - [MESSAGE][PASSED] - Delayed 3 second(s)

2021-11-08 12:27:59 - [TEST_STEP][PASSED] - setText(findTestObject(orPath_FilingStatus + "/input_jointFirstName"), "Sam"): Text 'Sam' is set on object 'Object Repository/RAD_Pages/FilingStatus_Page/input_jointFirstName'

2021-11-08 12:27:59 - [MESSAGE][PASSED] - Text 'Sam' is set on object 'Object Repository/RAD_Pages/FilingStatus_Page/input_jointFirstName'

2021-11-08 12:27:59 - [TEST_STEP][PASSED] - setText(findTestObject(orPath_FilingStatus + "/input_jointLastName"), "Stokes"): Text 'Stokes' is set on object 'Object Repository/RAD_Pages/FilingStatus_Page/input_jointLastName'

2021-11-08 12:28:00 - [MESSAGE][PASSED] - Text 'Stokes' is set on object 'Object Repository/RAD_Pages/FilingStatus_Page/input_jointLastName'

2021-11-08 12:28:00 - [TEST_STEP][PASSED] - setText(findTestObject("Object Repository/RAD_RecordAndPlay/input_JointFilerSSN"), "123453210"): Text '123453210' is set on object 'Object Repository/RAD_RecordAndPlay/input_JointFilerSSN'

2021-11-08 12:28:01 - [MESSAGE][PASSED] - Text '123453210' is set on object 'Object Repository/RAD_RecordAndPlay/input_JointFilerSSN'

2021-11-08 12:28:01 - [TEST_STEP][PASSED] - setText(findTestObject("Object Repository/RAD_RecordAndPlay/input_reTypeJointFilerSSN"), "123453210"): Text '123453210' is set on object 'Object Repository/RAD_RecordAndPlay/input_reTypeJointFilerSSN'

2021-11-08 12:28:01 - [MESSAGE][PASSED] - Text '123453210' is set on object 'Object Repository/RAD_RecordAndPlay/input_reTypeJointFilerSSN'

2021-11-08 12:28:01 - [TEST_STEP][PASSED] - break: null

2021-11-08 12:28:01 - [TEST_STEP][PASSED] - setText(findTestObject(orPath_TaxPayer + "/input_firstName"), FName): Text 'Larsons' is set on object 'Object Repository/RAD_Pages/Taxpayer_Page/input_firstName'

2021-11-08 12:28:02 - [MESSAGE][PASSED] - Text 'Larsons' is set on object 'Object Repository/RAD_Pages/Taxpayer_Page/input_firstName'

2021-11-08 12:28:02 - [TEST_STEP][PASSED] - setText(findTestObject(orPath_TaxPayer + "/input_lastName"), LName): Text 'Bell' is set on object 'Object Repository/RAD_Pages/Taxpayer_Page/input_lastName'

2021-11-08 12:28:03 - [MESSAGE][PASSED] - Text 'Bell' is set on object 'Object Repository/RAD_Pages/Taxpayer_Page/input_lastName'

2021-11-08 12:28:03 - [TEST_STEP][PASSED] - selectOptionByLabel(findTestObject(orPath_AddressContact + "/select_Country"), "United States", false): All options with label 'United States' are selected in object 'Object Repository/RAD_Pages/AddressAndContactInfo_Page/select_Country' 

2021-11-08 12:28:03 - [MESSAGE][PASSED] - All options with label 'United States' are selected in object 'Object Repository/RAD_Pages/AddressAndContactInfo_Page/select_Country' 

2021-11-08 12:28:03 - [TEST_STEP][PASSED] - setText(findTestObject(orPath_AddressContact + "/input_streetAddress1"), AL1): Text '114 Clark Ave' is set on object 'Object Repository/RAD_Pages/AddressAndContactInfo_Page/input_streetAddress1'

2021-11-08 12:28:04 - [MESSAGE][PASSED] - Text '114 Clark Ave' is set on object 'Object Repository/RAD_Pages/AddressAndContactInfo_Page/input_streetAddress1'

2021-11-08 12:28:04 - [TEST_STEP][PASSED] - setText(findTestObject(orPath_AddressContact + "/input_streetAddress2"), ""): Text '' is set on object 'Object Repository/RAD_Pages/AddressAndContactInfo_Page/input_streetAddress2'

2021-11-08 12:28:05 - [MESSAGE][PASSED] - Text '' is set on object 'Object Repository/RAD_Pages/AddressAndContactInfo_Page/input_streetAddress2'

2021-11-08 12:28:05 - [TEST_STEP][PASSED] - setText(findTestObject(orPath_AddressContact + "/input_city"), City): Text 'Severn' is set on object 'Object Repository/RAD_Pages/AddressAndContactInfo_Page/input_city'

2021-11-08 12:28:06 - [MESSAGE][PASSED] - Text 'Severn' is set on object 'Object Repository/RAD_Pages/AddressAndContactInfo_Page/input_city'

2021-11-08 12:28:06 - [TEST_STEP][PASSED] - selectOptionByLabel(findTestObject(orPath_AddressContact + "/select_State"), "Maryland", false): All options with label 'Maryland' are selected in object 'Object Repository/RAD_Pages/AddressAndContactInfo_Page/select_State' 

2021-11-08 12:28:06 - [MESSAGE][PASSED] - All options with label 'Maryland' are selected in object 'Object Repository/RAD_Pages/AddressAndContactInfo_Page/select_State' 

2021-11-08 12:28:06 - [TEST_STEP][PASSED] - setText(findTestObject(orPath_AddressContact + "/input_zipCode"), ZIP): Text '21144' is set on object 'Object Repository/RAD_Pages/AddressAndContactInfo_Page/input_zipCode'

2021-11-08 12:28:07 - [MESSAGE][PASSED] - Text '21144' is set on object 'Object Repository/RAD_Pages/AddressAndContactInfo_Page/input_zipCode'

2021-11-08 12:28:07 - [TEST_STEP][PASSED] - setText(findTestObject(orPath_AddressContact + "/input_phoneNumber"), "(703) 894-5000"): Text '(703) 894-5000' is set on object 'Object Repository/RAD_Pages/AddressAndContactInfo_Page/input_phoneNumber'

2021-11-08 12:28:08 - [MESSAGE][PASSED] - Text '(703) 894-5000' is set on object 'Object Repository/RAD_Pages/AddressAndContactInfo_Page/input_phoneNumber'

2021-11-08 12:28:08 - [TEST_STEP][PASSED] - setText(findTestObject(orPath_AddressContact + "/input_eMailAddress"), "iahmed@govolution.com"): Text 'iahmed@govolution.com' is set on object 'Object Repository/RAD_Pages/AddressAndContactInfo_Page/input_eMailAddress'

2021-11-08 12:28:08 - [MESSAGE][PASSED] - Text 'iahmed@govolution.com' is set on object 'Object Repository/RAD_Pages/AddressAndContactInfo_Page/input_eMailAddress'

2021-11-08 12:28:08 - [TEST_STEP][PASSED] - setText(findTestObject(orPath_AddressContact + "/input_reEnterEMailAddress"), "iahmed@govolution.com"): Text 'iahmed@govolution.com' is set on object 'Object Repository/RAD_Pages/AddressAndContactInfo_Page/input_reEnterEMailAddress'

2021-11-08 12:28:09 - [MESSAGE][PASSED] - Text 'iahmed@govolution.com' is set on object 'Object Repository/RAD_Pages/AddressAndContactInfo_Page/input_reEnterEMailAddress'

2021-11-08 12:28:09 - [TEST_STEP][PASSED] - setText(findTestObject(orPath_Amount + "/input__paymentAmount"), Amount): Text '100.00' is set on object 'Object Repository/RAD_Pages/PaymentAmount_Page/input__paymentAmount'

2021-11-08 12:28:10 - [MESSAGE][PASSED] - Text '100.00' is set on object 'Object Repository/RAD_Pages/PaymentAmount_Page/input__paymentAmount'

2021-11-08 12:28:10 - [TEST_STEP][PASSED] - scrollToElement(findTestObject(orPath_Landing + "/button_Continue"), 3): Scroll to object 'Object Repository/RAD_Pages/Landing_Page/button_Continue' successfully

2021-11-08 12:28:10 - [MESSAGE][PASSED] - Scroll to object 'Object Repository/RAD_Pages/Landing_Page/button_Continue' successfully

2021-11-08 12:28:10 - [TEST_STEP][PASSED] - waitForElementClickable(findTestObject(orPath_Landing + "/button_Continue"), 5): Object 'Object Repository/RAD_Pages/Landing_Page/button_Continue' is clickable

2021-11-08 12:28:11 - [MESSAGE][PASSED] - Object 'Object Repository/RAD_Pages/Landing_Page/button_Continue' is clickable

2021-11-08 12:28:11 - [TEST_STEP][PASSED] - click(findTestObject(orPath_Landing + "/button_Continue")): Object: 'Object Repository/RAD_Pages/Landing_Page/button_Continue' is clicked on

2021-11-08 12:28:11 - [MESSAGE][PASSED] - Object: 'Object Repository/RAD_Pages/Landing_Page/button_Continue' is clicked on

2021-11-08 12:28:11 - [TEST_STEP][PASSED] - verifyTextPresent("Review the information below and make any necessary corrections by clicking the", true): Text 'Review the information below and make any necessary corrections by clicking the' is present on page  using regular expression

2021-11-08 12:28:12 - [MESSAGE][PASSED] - Text 'Review the information below and make any necessary corrections by clicking the' is present on page  using regular expression

2021-11-08 12:28:12 - [TEST_STEP][PASSED] - verifyTextPresent("When you are confident that all the information is correct", true): Text 'When you are confident that all the information is correct' is present on page  using regular expression

2021-11-08 12:28:12 - [MESSAGE][PASSED] - Text 'When you are confident that all the information is correct' is present on page  using regular expression

2021-11-08 12:28:12 - [TEST_STEP][PASSED] - delay(1): Delayed 1 second(s)

2021-11-08 12:28:13 - [MESSAGE][PASSED] - Delayed 1 second(s)

2021-11-08 12:28:13 - [TEST_STEP][PASSED] - click(findTestObject(orPath_Summary + "/button_Proceed to Payment")): Object: 'Object Repository/RAD_Pages/Summary_Page/button_Proceed to Payment' is clicked on

2021-11-08 12:28:15 - [MESSAGE][PASSED] - Object: 'Object Repository/RAD_Pages/Summary_Page/button_Proceed to Payment' is clicked on

2021-11-08 12:28:15 - [TEST_STEP][PASSED] - setText(findTestObject(orPath_PaymentEntry + "/input__cardNumber"), CCNumber): Text '5146312200000035' is set on object 'Object Repository/RAD_Pages/PaymentEntry_Page/input__cardNumber'

2021-11-08 12:28:16 - [MESSAGE][PASSED] - Text '5146312200000035' is set on object 'Object Repository/RAD_Pages/PaymentEntry_Page/input__cardNumber'

2021-11-08 12:28:16 - [TEST_STEP][PASSED] - setText(findTestObject(orPath_PaymentEntry + "/input__spc"), CVV): Text '123' is set on object 'Object Repository/RAD_Pages/PaymentEntry_Page/input__spc'

2021-11-08 12:28:16 - [MESSAGE][PASSED] - Text '123' is set on object 'Object Repository/RAD_Pages/PaymentEntry_Page/input__spc'

2021-11-08 12:28:16 - [TEST_STEP][PASSED] - selectOptionByLabel(findTestObject(orPath_PaymentEntry + "/select_MM"), "12", false): All options with label '12' are selected in object 'Object Repository/RAD_Pages/PaymentEntry_Page/select_MM' 

2021-11-08 12:28:17 - [MESSAGE][PASSED] - All options with label '12' are selected in object 'Object Repository/RAD_Pages/PaymentEntry_Page/select_MM' 

2021-11-08 12:28:17 - [TEST_STEP][PASSED] - selectOptionByLabel(findTestObject(orPath_PaymentEntry + "/select_YYYY"), "2023", false): All options with label '2023' are selected in object 'Object Repository/RAD_Pages/PaymentEntry_Page/select_YYYY' 

2021-11-08 12:28:18 - [MESSAGE][PASSED] - All options with label '2023' are selected in object 'Object Repository/RAD_Pages/PaymentEntry_Page/select_YYYY' 

2021-11-08 12:28:18 - [TEST_STEP][PASSED] - click(findTestObject(orPath_PaymentEntry + "/input_Field_ccSubmit")): Object: 'Object Repository/RAD_Pages/PaymentEntry_Page/input_Field_ccSubmit' is clicked on

2021-11-08 12:28:19 - [MESSAGE][PASSED] - Object: 'Object Repository/RAD_Pages/PaymentEntry_Page/input_Field_ccSubmit' is clicked on

2021-11-08 12:28:19 - [TEST_STEP][PASSED] - click(findTestObject(orPath_PaymentConfirmation + "/input_N_confirmNotifyAction")): Object: 'Object Repository/RAD_Pages/PaymentConfirmation_Page/input_N_confirmNotifyAction' is clicked on

2021-11-08 12:28:20 - [MESSAGE][PASSED] - Object: 'Object Repository/RAD_Pages/PaymentConfirmation_Page/input_N_confirmNotifyAction' is clicked on

2021-11-08 12:28:20 - [TEST_STEP][PASSED] - click(findTestObject(orPath_ServiceFeesAccept + "/input_convFeeNotifyAction")): Object: 'Object Repository/RAD_Pages/ServiceFeeAccept_Page/input_convFeeNotifyAction' is clicked on

2021-11-08 12:28:22 - [MESSAGE][PASSED] - Object: 'Object Repository/RAD_Pages/ServiceFeeAccept_Page/input_convFeeNotifyAction' is clicked on

2021-11-08 12:28:22 - [TEST_STEP][PASSED] - delay(10): Delayed 10 second(s)

2021-11-08 12:28:32 - [MESSAGE][PASSED] - Delayed 10 second(s)

2021-11-08 12:28:32 - [TEST_STEP][PASSED] - verifyTextPresent("Successful Payment Receipt", true): Text 'Successful Payment Receipt' is present on page  using regular expression

2021-11-08 12:28:33 - [MESSAGE][PASSED] - Text 'Successful Payment Receipt' is present on page  using regular expression

2021-11-08 12:28:33 - [TEST_STEP][PASSED] - if (verifyTextPresent("Successful Payment Receipt", true)): null

2021-11-08 12:28:33 - [MESSAGE][PASSED] - Text 'Successful Payment Receipt' is present on page  using regular expression

2021-11-08 12:28:33 - [TEST_STEP][PASSED] - println("Transaction was Successful"): null

2021-11-08 12:28:33 - [TEST_STEP][PASSED] - out.println("Pass Record Number: " + row): null

2021-11-08 12:28:33 - [TEST_STEP][PASSED] - resText = "Pass": null

2021-11-08 12:28:33 - [TEST_STEP][PASSED] - pages.WriteExcel.demoKey(resText, datText, resColumn, datCloumn, fileLoc, nameSheet, row): pages.WriteExcel.demoKey is PASSED

2021-11-08 12:28:33 - [MESSAGE][PASSED] - pages.WriteExcel.demoKey is PASSED

2021-11-08 12:28:33 - [TEST_STEP][PASSED] - ExecuteTC = findTestData(dataFile).getValue("Execute", row): null

2021-11-08 12:28:33 - [TEST_STEP][PASSED] - PaymentType = findTestData(dataFile).getValue("PaymentType", row): null

2021-11-08 12:28:33 - [TEST_STEP][PASSED] - FilingYear = findTestData(dataFile).getValue("FilingYear", row): null

2021-11-08 12:28:33 - [TEST_STEP][PASSED] - PeriodEnding = findTestData(dataFile).getValue("PeriodEnding", row): null

2021-11-08 12:28:33 - [TEST_STEP][PASSED] - FName = findTestData(dataFile).getValue("Fname", row): null

2021-11-08 12:28:33 - [TEST_STEP][PASSED] - LName = findTestData(dataFile).getValue("Lname", row): null

2021-11-08 12:28:33 - [TEST_STEP][PASSED] - SSN = findTestData(dataFile).getValue("SSN", row): null

2021-11-08 12:28:33 - [TEST_STEP][PASSED] - BusName = findTestData(dataFile).getValue("BusName", row): null

2021-11-08 12:28:33 - [TEST_STEP][PASSED] - AL1 = findTestData(dataFile).getValue("AL1", row): null

2021-11-08 12:28:33 - [TEST_STEP][PASSED] - City = findTestData(dataFile).getValue("City", row): null

2021-11-08 12:28:33 - [TEST_STEP][PASSED] - ZIP = findTestData(dataFile).getValue("ZIP", row): null

2021-11-08 12:28:33 - [TEST_STEP][PASSED] - FilingType = findTestData(dataFile).getValue("FilingType", row): null

2021-11-08 12:28:34 - [TEST_STEP][PASSED] - Withholding = findTestData(dataFile).getValue("Withholding", row): null

2021-11-08 12:28:34 - [TEST_STEP][PASSED] - Amount = findTestData(dataFile).getValue("Amount", row): null

2021-11-08 12:28:34 - [TEST_STEP][PASSED] - CCNumber = findTestData(dataFile).getValue("CCNumber", row): null

2021-11-08 12:28:34 - [TEST_STEP][PASSED] - CVV = findTestData(dataFile).getValue("CVV", row): null

2021-11-08 12:28:34 - [TEST_STEP][PASSED] - out.println("Value of Execute is : " + ExecuteTC): null

2021-11-08 12:28:34 - [TEST_STEP][PASSED] - if (ExecuteTC.equalsIgnoreCase("Y")): null

2021-11-08 12:28:34 - [TEST_STEP][PASSED] - out.println("Begin Record Number: " + row): null

2021-11-08 12:28:34 - [TEST_STEP][PASSED] - today = new java.util.Date(): null

2021-11-08 12:28:34 - [TEST_STEP][PASSED] - println(today): null

2021-11-08 12:28:34 - [TEST_STEP][PASSED] - datText = today: null

2021-11-08 12:28:34 - [TEST_STEP][PASSED] - Taxtype = findTestData(dataFile).getValue("TaxType", row): null

2021-11-08 12:28:34 - [TEST_STEP][PASSED] - out.println("Taxtype value is : " + Taxtype): null

2021-11-08 12:28:34 - [TEST_STEP][PASSED] - openBrowser(""): Browser is opened with url: ''

2021-11-08 12:28:34 - [MESSAGE][WARNING] - A browser is already opened. Closing browser and opening a new one

2021-11-08 12:28:34 - [MESSAGE][INFO] - Starting 'Chrome' driver

2021-11-08 12:28:34 - [MESSAGE][INFO] - User set preference: ['acceptInsecureCerts', 'true']

2021-11-08 12:28:34 - [MESSAGE][INFO] - Action delay is set to 0 milliseconds

2021-11-08 12:28:36 - [MESSAGE][PASSED] - Browser is opened with url: ''

2021-11-08 12:28:36 - [TEST_STEP][PASSED] - maximizeWindow(): Current window maximized

2021-11-08 12:28:36 - [MESSAGE][PASSED] - Current window maximized

2021-11-08 12:28:36 - [TEST_STEP][PASSED] - navigateToUrl(RADurl): Navigate to 'https://qa.velocitypayment.com/client/rad/index.html' successfully

2021-11-08 12:28:38 - [MESSAGE][PASSED] - Navigate to 'https://qa.velocitypayment.com/client/rad/index.html' successfully

2021-11-08 12:28:38 - [TEST_STEP][PASSED] - orPath_Landing = "Object Repository/RAD_Pages/Landing_Page": null

2021-11-08 12:28:38 - [TEST_STEP][PASSED] - orPath_TaxTypeFilingYear = "Object Repository/RAD_Pages/TaxTypeFilingYear_Page": null

2021-11-08 12:28:38 - [TEST_STEP][PASSED] - orPath_TaxPayer = "Object Repository/RAD_Pages/Taxpayer_Page": null

2021-11-08 12:28:38 - [TEST_STEP][PASSED] - orPath_AddressContact = "Object Repository/RAD_Pages/AddressAndContactInfo_Page": null

2021-11-08 12:28:38 - [TEST_STEP][PASSED] - orPath_FilingStatus = "Object Repository/RAD_Pages/FilingStatus_Page": null

2021-11-08 12:28:38 - [TEST_STEP][PASSED] - orPath_Amount = "Object Repository/RAD_Pages/PaymentAmount_Page": null

2021-11-08 12:28:38 - [TEST_STEP][PASSED] - orPath_TaxInfo = "Object Repository/RAD_Pages/TaxInfo_Page": null

2021-11-08 12:28:38 - [TEST_STEP][PASSED] - orPath_Withholding = "Object Repository/RAD_Pages/Withholding_Page": null

2021-11-08 12:28:38 - [TEST_STEP][PASSED] - orPath_Summary = "Object Repository/RAD_Pages/Summary_Page": null

2021-11-08 12:28:38 - [TEST_STEP][PASSED] - orPath_PaymentReady = "Object Repository/RAD_Pages/PaymentReady_Page": null

2021-11-08 12:28:38 - [TEST_STEP][PASSED] - orPath_PaymentEntry = "Object Repository/RAD_Pages/PaymentEntry_Page": null

2021-11-08 12:28:38 - [TEST_STEP][PASSED] - orPath_PaymentConfirmation = "Object Repository/RAD_Pages/PaymentConfirmation_Page": null

2021-11-08 12:28:38 - [TEST_STEP][PASSED] - orPath_ServiceFeesAccept = "Object Repository/RAD_Pages/ServiceFeeAccept_Page": null

2021-11-08 12:28:38 - [TEST_STEP][PASSED] - selectOptionByLabel(findTestObject(orPath_Landing + "/dd_TaxType"), Taxtype, false): All options with label 'Personal Income Tax' are selected in object 'Object Repository/RAD_Pages/Landing_Page/dd_TaxType' 

2021-11-08 12:28:39 - [MESSAGE][PASSED] - All options with label 'Personal Income Tax' are selected in object 'Object Repository/RAD_Pages/Landing_Page/dd_TaxType' 

2021-11-08 12:28:39 - [TEST_STEP][PASSED] - delay(3): Delayed 3 second(s)

2021-11-08 12:28:42 - [MESSAGE][PASSED] - Delayed 3 second(s)

2021-11-08 12:28:42 - [TEST_STEP][PASSED] - switch (Taxtype): null

2021-11-08 12:28:42 - [TEST_STEP][PASSED] - case "Personal Income Tax":: null

2021-11-08 12:28:42 - [TEST_STEP][PASSED] - selectOptionByLabel(findTestObject(orPath_TaxTypeFilingYear + "/select_FilingYear"), FilingYear, false): All options with label '2018' are selected in object 'Object Repository/RAD_Pages/TaxTypeFilingYear_Page/select_FilingYear' 

2021-11-08 12:28:42 - [MESSAGE][PASSED] - All options with label '2018' are selected in object 'Object Repository/RAD_Pages/TaxTypeFilingYear_Page/select_FilingYear' 

2021-11-08 12:28:42 - [TEST_STEP][PASSED] - setText(findTestObject(orPath_TaxPayer + "/input_lastName"), LName): Text 'Vaughn' is set on object 'Object Repository/RAD_Pages/Taxpayer_Page/input_lastName'

2021-11-08 12:28:43 - [MESSAGE][PASSED] - Text 'Vaughn' is set on object 'Object Repository/RAD_Pages/Taxpayer_Page/input_lastName'

2021-11-08 12:28:43 - [TEST_STEP][PASSED] - setText(findTestObject("RAD_RecordAndPlay/input_concatSSN"), SSN): Text '123452514' is set on object 'Object Repository/RAD_RecordAndPlay/input_concatSSN'

2021-11-08 12:28:43 - [MESSAGE][PASSED] - Text '123452514' is set on object 'Object Repository/RAD_RecordAndPlay/input_concatSSN'

2021-11-08 12:28:43 - [TEST_STEP][PASSED] - setText(findTestObject("RAD_RecordAndPlay/input_concatReSSN"), SSN): Text '123452514' is set on object 'Object Repository/RAD_RecordAndPlay/input_concatReSSN'

2021-11-08 12:28:44 - [MESSAGE][PASSED] - Text '123452514' is set on object 'Object Repository/RAD_RecordAndPlay/input_concatReSSN'

2021-11-08 12:28:44 - [TEST_STEP][PASSED] - if (FilingType.equalsIgnoreCase("Y")): null

2021-11-08 12:28:44 - [TEST_STEP][PASSED] - else: Text '123453210' is set on object 'Object Repository/RAD_RecordAndPlay/input_reTypeJointFilerSSN'

2021-11-08 12:28:44 - [TEST_STEP][PASSED] - scrollToElement(findTestObject(orPath_Amount + "/input__paymentAmount"), 3): Scroll to object 'Object Repository/RAD_Pages/PaymentAmount_Page/input__paymentAmount' successfully

2021-11-08 12:28:44 - [MESSAGE][PASSED] - Scroll to object 'Object Repository/RAD_Pages/PaymentAmount_Page/input__paymentAmount' successfully

2021-11-08 12:28:44 - [TEST_STEP][PASSED] - waitForElementClickable(findTestObject(orPath_FilingStatus + "/input_userType_Joint"), 5): Object 'Object Repository/RAD_Pages/FilingStatus_Page/input_userType_Joint' is clickable

2021-11-08 12:28:45 - [MESSAGE][PASSED] - Object 'Object Repository/RAD_Pages/FilingStatus_Page/input_userType_Joint' is clickable

2021-11-08 12:28:45 - [TEST_STEP][PASSED] - check(findTestObject(orPath_FilingStatus + "/input_userType_Joint")): Object 'Object Repository/RAD_Pages/FilingStatus_Page/input_userType_Joint' is checked

2021-11-08 12:28:45 - [MESSAGE][PASSED] - Object 'Object Repository/RAD_Pages/FilingStatus_Page/input_userType_Joint' is checked

2021-11-08 12:28:45 - [TEST_STEP][PASSED] - delay(3): Delayed 3 second(s)

2021-11-08 12:28:48 - [MESSAGE][PASSED] - Delayed 3 second(s)

2021-11-08 12:28:48 - [TEST_STEP][PASSED] - setText(findTestObject(orPath_FilingStatus + "/input_jointFirstName"), "Sam"): Text 'Sam' is set on object 'Object Repository/RAD_Pages/FilingStatus_Page/input_jointFirstName'

2021-11-08 12:28:49 - [MESSAGE][PASSED] - Text 'Sam' is set on object 'Object Repository/RAD_Pages/FilingStatus_Page/input_jointFirstName'

2021-11-08 12:28:49 - [TEST_STEP][PASSED] - setText(findTestObject(orPath_FilingStatus + "/input_jointLastName"), "Stokes"): Text 'Stokes' is set on object 'Object Repository/RAD_Pages/FilingStatus_Page/input_jointLastName'

2021-11-08 12:28:49 - [MESSAGE][PASSED] - Text 'Stokes' is set on object 'Object Repository/RAD_Pages/FilingStatus_Page/input_jointLastName'

2021-11-08 12:28:49 - [TEST_STEP][PASSED] - setText(findTestObject("Object Repository/RAD_RecordAndPlay/input_JointFilerSSN"), "123453210"): Text '123453210' is set on object 'Object Repository/RAD_RecordAndPlay/input_JointFilerSSN'

2021-11-08 12:28:50 - [MESSAGE][PASSED] - Text '123453210' is set on object 'Object Repository/RAD_RecordAndPlay/input_JointFilerSSN'

2021-11-08 12:28:50 - [TEST_STEP][PASSED] - setText(findTestObject("Object Repository/RAD_RecordAndPlay/input_reTypeJointFilerSSN"), "123453210"): Text '123453210' is set on object 'Object Repository/RAD_RecordAndPlay/input_reTypeJointFilerSSN'

2021-11-08 12:28:51 - [MESSAGE][PASSED] - Text '123453210' is set on object 'Object Repository/RAD_RecordAndPlay/input_reTypeJointFilerSSN'

2021-11-08 12:28:51 - [TEST_STEP][PASSED] - break: null

2021-11-08 12:28:51 - [TEST_STEP][PASSED] - setText(findTestObject(orPath_TaxPayer + "/input_firstName"), FName): Text 'Michael' is set on object 'Object Repository/RAD_Pages/Taxpayer_Page/input_firstName'

2021-11-08 12:28:51 - [MESSAGE][PASSED] - Text 'Michael' is set on object 'Object Repository/RAD_Pages/Taxpayer_Page/input_firstName'

2021-11-08 12:28:51 - [TEST_STEP][PASSED] - setText(findTestObject(orPath_TaxPayer + "/input_lastName"), LName): Text 'Vaughn' is set on object 'Object Repository/RAD_Pages/Taxpayer_Page/input_lastName'

2021-11-08 12:28:52 - [MESSAGE][PASSED] - Text 'Vaughn' is set on object 'Object Repository/RAD_Pages/Taxpayer_Page/input_lastName'

2021-11-08 12:28:52 - [TEST_STEP][PASSED] - selectOptionByLabel(findTestObject(orPath_AddressContact + "/select_Country"), "United States", false): All options with label 'United States' are selected in object 'Object Repository/RAD_Pages/AddressAndContactInfo_Page/select_Country' 

2021-11-08 12:28:53 - [MESSAGE][PASSED] - All options with label 'United States' are selected in object 'Object Repository/RAD_Pages/AddressAndContactInfo_Page/select_Country' 

2021-11-08 12:28:53 - [TEST_STEP][PASSED] - setText(findTestObject(orPath_AddressContact + "/input_streetAddress1"), AL1): Text '2000 14th street' is set on object 'Object Repository/RAD_Pages/AddressAndContactInfo_Page/input_streetAddress1'

2021-11-08 12:28:54 - [MESSAGE][PASSED] - Text '2000 14th street' is set on object 'Object Repository/RAD_Pages/AddressAndContactInfo_Page/input_streetAddress1'

2021-11-08 12:28:54 - [TEST_STEP][PASSED] - setText(findTestObject(orPath_AddressContact + "/input_streetAddress2"), ""): Text '' is set on object 'Object Repository/RAD_Pages/AddressAndContactInfo_Page/input_streetAddress2'

2021-11-08 12:28:54 - [MESSAGE][PASSED] - Text '' is set on object 'Object Repository/RAD_Pages/AddressAndContactInfo_Page/input_streetAddress2'

2021-11-08 12:28:54 - [TEST_STEP][PASSED] - setText(findTestObject(orPath_AddressContact + "/input_city"), City): Text 'Columbia' is set on object 'Object Repository/RAD_Pages/AddressAndContactInfo_Page/input_city'

2021-11-08 12:28:55 - [MESSAGE][PASSED] - Text 'Columbia' is set on object 'Object Repository/RAD_Pages/AddressAndContactInfo_Page/input_city'

2021-11-08 12:28:55 - [TEST_STEP][PASSED] - selectOptionByLabel(findTestObject(orPath_AddressContact + "/select_State"), "Maryland", false): All options with label 'Maryland' are selected in object 'Object Repository/RAD_Pages/AddressAndContactInfo_Page/select_State' 

2021-11-08 12:28:56 - [MESSAGE][PASSED] - All options with label 'Maryland' are selected in object 'Object Repository/RAD_Pages/AddressAndContactInfo_Page/select_State' 

2021-11-08 12:28:56 - [TEST_STEP][PASSED] - setText(findTestObject(orPath_AddressContact + "/input_zipCode"), ZIP): Text '21093' is set on object 'Object Repository/RAD_Pages/AddressAndContactInfo_Page/input_zipCode'

2021-11-08 12:28:57 - [MESSAGE][PASSED] - Text '21093' is set on object 'Object Repository/RAD_Pages/AddressAndContactInfo_Page/input_zipCode'

2021-11-08 12:28:57 - [TEST_STEP][PASSED] - setText(findTestObject(orPath_AddressContact + "/input_phoneNumber"), "(703) 894-5000"): Text '(703) 894-5000' is set on object 'Object Repository/RAD_Pages/AddressAndContactInfo_Page/input_phoneNumber'

2021-11-08 12:28:57 - [MESSAGE][PASSED] - Text '(703) 894-5000' is set on object 'Object Repository/RAD_Pages/AddressAndContactInfo_Page/input_phoneNumber'

2021-11-08 12:28:57 - [TEST_STEP][PASSED] - setText(findTestObject(orPath_AddressContact + "/input_eMailAddress"), "iahmed@govolution.com"): Text 'iahmed@govolution.com' is set on object 'Object Repository/RAD_Pages/AddressAndContactInfo_Page/input_eMailAddress'

2021-11-08 12:28:58 - [MESSAGE][PASSED] - Text 'iahmed@govolution.com' is set on object 'Object Repository/RAD_Pages/AddressAndContactInfo_Page/input_eMailAddress'

2021-11-08 12:28:58 - [TEST_STEP][PASSED] - setText(findTestObject(orPath_AddressContact + "/input_reEnterEMailAddress"), "iahmed@govolution.com"): Text 'iahmed@govolution.com' is set on object 'Object Repository/RAD_Pages/AddressAndContactInfo_Page/input_reEnterEMailAddress'

2021-11-08 12:28:59 - [MESSAGE][PASSED] - Text 'iahmed@govolution.com' is set on object 'Object Repository/RAD_Pages/AddressAndContactInfo_Page/input_reEnterEMailAddress'

2021-11-08 12:28:59 - [TEST_STEP][PASSED] - setText(findTestObject(orPath_Amount + "/input__paymentAmount"), Amount): Text '100.00' is set on object 'Object Repository/RAD_Pages/PaymentAmount_Page/input__paymentAmount'

2021-11-08 12:29:00 - [MESSAGE][PASSED] - Text '100.00' is set on object 'Object Repository/RAD_Pages/PaymentAmount_Page/input__paymentAmount'

2021-11-08 12:29:00 - [TEST_STEP][PASSED] - scrollToElement(findTestObject(orPath_Landing + "/button_Continue"), 3): Scroll to object 'Object Repository/RAD_Pages/Landing_Page/button_Continue' successfully

2021-11-08 12:29:00 - [MESSAGE][PASSED] - Scroll to object 'Object Repository/RAD_Pages/Landing_Page/button_Continue' successfully

2021-11-08 12:29:00 - [TEST_STEP][PASSED] - waitForElementClickable(findTestObject(orPath_Landing + "/button_Continue"), 5): Object 'Object Repository/RAD_Pages/Landing_Page/button_Continue' is clickable

2021-11-08 12:29:00 - [MESSAGE][PASSED] - Object 'Object Repository/RAD_Pages/Landing_Page/button_Continue' is clickable

2021-11-08 12:29:00 - [TEST_STEP][PASSED] - click(findTestObject(orPath_Landing + "/button_Continue")): Object: 'Object Repository/RAD_Pages/Landing_Page/button_Continue' is clicked on

2021-11-08 12:29:01 - [MESSAGE][PASSED] - Object: 'Object Repository/RAD_Pages/Landing_Page/button_Continue' is clicked on

2021-11-08 12:29:01 - [TEST_STEP][PASSED] - verifyTextPresent("Review the information below and make any necessary corrections by clicking the", true): Text 'Review the information below and make any necessary corrections by clicking the' is present on page  using regular expression

2021-11-08 12:29:01 - [MESSAGE][PASSED] - Text 'Review the information below and make any necessary corrections by clicking the' is present on page  using regular expression

2021-11-08 12:29:01 - [TEST_STEP][PASSED] - verifyTextPresent("When you are confident that all the information is correct", true): Text 'When you are confident that all the information is correct' is present on page  using regular expression

2021-11-08 12:29:02 - [MESSAGE][PASSED] - Text 'When you are confident that all the information is correct' is present on page  using regular expression

2021-11-08 12:29:02 - [TEST_STEP][PASSED] - delay(1): Delayed 1 second(s)

2021-11-08 12:29:03 - [MESSAGE][PASSED] - Delayed 1 second(s)

2021-11-08 12:29:03 - [TEST_STEP][PASSED] - click(findTestObject(orPath_Summary + "/button_Proceed to Payment")): Object: 'Object Repository/RAD_Pages/Summary_Page/button_Proceed to Payment' is clicked on

2021-11-08 12:29:05 - [MESSAGE][PASSED] - Object: 'Object Repository/RAD_Pages/Summary_Page/button_Proceed to Payment' is clicked on

2021-11-08 12:29:05 - [TEST_STEP][PASSED] - setText(findTestObject(orPath_PaymentEntry + "/input__cardNumber"), CCNumber): Text '6011000993026909' is set on object 'Object Repository/RAD_Pages/PaymentEntry_Page/input__cardNumber'

2021-11-08 12:29:06 - [MESSAGE][PASSED] - Text '6011000993026909' is set on object 'Object Repository/RAD_Pages/PaymentEntry_Page/input__cardNumber'

2021-11-08 12:29:06 - [TEST_STEP][PASSED] - setText(findTestObject(orPath_PaymentEntry + "/input__spc"), CVV): Text '123' is set on object 'Object Repository/RAD_Pages/PaymentEntry_Page/input__spc'

2021-11-08 12:29:06 - [MESSAGE][PASSED] - Text '123' is set on object 'Object Repository/RAD_Pages/PaymentEntry_Page/input__spc'

2021-11-08 12:29:06 - [TEST_STEP][PASSED] - selectOptionByLabel(findTestObject(orPath_PaymentEntry + "/select_MM"), "12", false): All options with label '12' are selected in object 'Object Repository/RAD_Pages/PaymentEntry_Page/select_MM' 

2021-11-08 12:29:07 - [MESSAGE][PASSED] - All options with label '12' are selected in object 'Object Repository/RAD_Pages/PaymentEntry_Page/select_MM' 

2021-11-08 12:29:07 - [TEST_STEP][PASSED] - selectOptionByLabel(findTestObject(orPath_PaymentEntry + "/select_YYYY"), "2023", false): All options with label '2023' are selected in object 'Object Repository/RAD_Pages/PaymentEntry_Page/select_YYYY' 

2021-11-08 12:29:08 - [MESSAGE][PASSED] - All options with label '2023' are selected in object 'Object Repository/RAD_Pages/PaymentEntry_Page/select_YYYY' 

2021-11-08 12:29:08 - [TEST_STEP][PASSED] - click(findTestObject(orPath_PaymentEntry + "/input_Field_ccSubmit")): Object: 'Object Repository/RAD_Pages/PaymentEntry_Page/input_Field_ccSubmit' is clicked on

2021-11-08 12:29:09 - [MESSAGE][PASSED] - Object: 'Object Repository/RAD_Pages/PaymentEntry_Page/input_Field_ccSubmit' is clicked on

2021-11-08 12:29:09 - [TEST_STEP][PASSED] - click(findTestObject(orPath_PaymentConfirmation + "/input_N_confirmNotifyAction")): Object: 'Object Repository/RAD_Pages/PaymentConfirmation_Page/input_N_confirmNotifyAction' is clicked on

2021-11-08 12:29:11 - [MESSAGE][PASSED] - Object: 'Object Repository/RAD_Pages/PaymentConfirmation_Page/input_N_confirmNotifyAction' is clicked on

2021-11-08 12:29:11 - [TEST_STEP][PASSED] - click(findTestObject(orPath_ServiceFeesAccept + "/input_convFeeNotifyAction")): Object: 'Object Repository/RAD_Pages/ServiceFeeAccept_Page/input_convFeeNotifyAction' is clicked on

2021-11-08 12:29:12 - [MESSAGE][PASSED] - Object: 'Object Repository/RAD_Pages/ServiceFeeAccept_Page/input_convFeeNotifyAction' is clicked on

2021-11-08 12:29:12 - [TEST_STEP][PASSED] - delay(10): Delayed 10 second(s)

2021-11-08 12:29:22 - [MESSAGE][PASSED] - Delayed 10 second(s)

2021-11-08 12:29:22 - [TEST_STEP][PASSED] - verifyTextPresent("Successful Payment Receipt", true): Text 'Successful Payment Receipt' is present on page  using regular expression

2021-11-08 12:29:23 - [MESSAGE][PASSED] - Text 'Successful Payment Receipt' is present on page  using regular expression

2021-11-08 12:29:23 - [TEST_STEP][PASSED] - if (verifyTextPresent("Successful Payment Receipt", true)): null

2021-11-08 12:29:23 - [MESSAGE][PASSED] - Text 'Successful Payment Receipt' is present on page  using regular expression

2021-11-08 12:29:23 - [TEST_STEP][PASSED] - println("Transaction was Successful"): null

2021-11-08 12:29:23 - [TEST_STEP][PASSED] - out.println("Pass Record Number: " + row): null

2021-11-08 12:29:23 - [TEST_STEP][PASSED] - resText = "Pass": null

2021-11-08 12:29:23 - [TEST_STEP][PASSED] - pages.WriteExcel.demoKey(resText, datText, resColumn, datCloumn, fileLoc, nameSheet, row): pages.WriteExcel.demoKey is PASSED

2021-11-08 12:29:23 - [MESSAGE][PASSED] - pages.WriteExcel.demoKey is PASSED

2021-11-08 12:29:23 - [TEST_STEP][PASSED] - ExecuteTC = findTestData(dataFile).getValue("Execute", row): null

2021-11-08 12:29:23 - [TEST_STEP][PASSED] - PaymentType = findTestData(dataFile).getValue("PaymentType", row): null

2021-11-08 12:29:23 - [TEST_STEP][PASSED] - FilingYear = findTestData(dataFile).getValue("FilingYear", row): null

2021-11-08 12:29:23 - [TEST_STEP][PASSED] - PeriodEnding = findTestData(dataFile).getValue("PeriodEnding", row): null

2021-11-08 12:29:23 - [TEST_STEP][PASSED] - FName = findTestData(dataFile).getValue("Fname", row): null

2021-11-08 12:29:23 - [TEST_STEP][PASSED] - LName = findTestData(dataFile).getValue("Lname", row): null

2021-11-08 12:29:23 - [TEST_STEP][PASSED] - SSN = findTestData(dataFile).getValue("SSN", row): null

2021-11-08 12:29:23 - [TEST_STEP][PASSED] - BusName = findTestData(dataFile).getValue("BusName", row): null

2021-11-08 12:29:23 - [TEST_STEP][PASSED] - AL1 = findTestData(dataFile).getValue("AL1", row): null

2021-11-08 12:29:23 - [TEST_STEP][PASSED] - City = findTestData(dataFile).getValue("City", row): null

2021-11-08 12:29:23 - [TEST_STEP][PASSED] - ZIP = findTestData(dataFile).getValue("ZIP", row): null

2021-11-08 12:29:23 - [TEST_STEP][PASSED] - FilingType = findTestData(dataFile).getValue("FilingType", row): null

2021-11-08 12:29:23 - [TEST_STEP][PASSED] - Withholding = findTestData(dataFile).getValue("Withholding", row): null

2021-11-08 12:29:23 - [TEST_STEP][PASSED] - Amount = findTestData(dataFile).getValue("Amount", row): null

2021-11-08 12:29:23 - [TEST_STEP][PASSED] - CCNumber = findTestData(dataFile).getValue("CCNumber", row): null

2021-11-08 12:29:24 - [TEST_STEP][PASSED] - CVV = findTestData(dataFile).getValue("CVV", row): null

2021-11-08 12:29:24 - [TEST_STEP][PASSED] - out.println("Value of Execute is : " + ExecuteTC): null

2021-11-08 12:29:24 - [TEST_STEP][PASSED] - if (ExecuteTC.equalsIgnoreCase("Y")): null

2021-11-08 12:29:24 - [TEST_STEP][PASSED] - out.println("Begin Record Number: " + row): null

2021-11-08 12:29:24 - [TEST_STEP][PASSED] - today = new java.util.Date(): null

2021-11-08 12:29:24 - [TEST_STEP][PASSED] - println(today): null

2021-11-08 12:29:24 - [TEST_STEP][PASSED] - datText = today: null

2021-11-08 12:29:24 - [TEST_STEP][PASSED] - Taxtype = findTestData(dataFile).getValue("TaxType", row): null

2021-11-08 12:29:24 - [TEST_STEP][PASSED] - out.println("Taxtype value is : " + Taxtype): null

2021-11-08 12:29:24 - [TEST_STEP][PASSED] - openBrowser(""): Browser is opened with url: ''

2021-11-08 12:29:24 - [MESSAGE][WARNING] - A browser is already opened. Closing browser and opening a new one

2021-11-08 12:29:24 - [MESSAGE][INFO] - Starting 'Chrome' driver

2021-11-08 12:29:24 - [MESSAGE][INFO] - User set preference: ['acceptInsecureCerts', 'true']

2021-11-08 12:29:24 - [MESSAGE][INFO] - Action delay is set to 0 milliseconds

2021-11-08 12:29:26 - [MESSAGE][PASSED] - Browser is opened with url: ''

2021-11-08 12:29:26 - [TEST_STEP][PASSED] - maximizeWindow(): Current window maximized

2021-11-08 12:29:26 - [MESSAGE][PASSED] - Current window maximized

2021-11-08 12:29:26 - [TEST_STEP][PASSED] - navigateToUrl(RADurl): Navigate to 'https://qa.velocitypayment.com/client/rad/index.html' successfully

2021-11-08 12:29:28 - [MESSAGE][PASSED] - Navigate to 'https://qa.velocitypayment.com/client/rad/index.html' successfully

2021-11-08 12:29:28 - [TEST_STEP][PASSED] - orPath_Landing = "Object Repository/RAD_Pages/Landing_Page": null

2021-11-08 12:29:28 - [TEST_STEP][PASSED] - orPath_TaxTypeFilingYear = "Object Repository/RAD_Pages/TaxTypeFilingYear_Page": null

2021-11-08 12:29:28 - [TEST_STEP][PASSED] - orPath_TaxPayer = "Object Repository/RAD_Pages/Taxpayer_Page": null

2021-11-08 12:29:28 - [TEST_STEP][PASSED] - orPath_AddressContact = "Object Repository/RAD_Pages/AddressAndContactInfo_Page": null

2021-11-08 12:29:28 - [TEST_STEP][PASSED] - orPath_FilingStatus = "Object Repository/RAD_Pages/FilingStatus_Page": null

2021-11-08 12:29:28 - [TEST_STEP][PASSED] - orPath_Amount = "Object Repository/RAD_Pages/PaymentAmount_Page": null

2021-11-08 12:29:28 - [TEST_STEP][PASSED] - orPath_TaxInfo = "Object Repository/RAD_Pages/TaxInfo_Page": null

2021-11-08 12:29:28 - [TEST_STEP][PASSED] - orPath_Withholding = "Object Repository/RAD_Pages/Withholding_Page": null

2021-11-08 12:29:28 - [TEST_STEP][PASSED] - orPath_Summary = "Object Repository/RAD_Pages/Summary_Page": null

2021-11-08 12:29:28 - [TEST_STEP][PASSED] - orPath_PaymentReady = "Object Repository/RAD_Pages/PaymentReady_Page": null

2021-11-08 12:29:28 - [TEST_STEP][PASSED] - orPath_PaymentEntry = "Object Repository/RAD_Pages/PaymentEntry_Page": null

2021-11-08 12:29:28 - [TEST_STEP][PASSED] - orPath_PaymentConfirmation = "Object Repository/RAD_Pages/PaymentConfirmation_Page": null

2021-11-08 12:29:28 - [TEST_STEP][PASSED] - orPath_ServiceFeesAccept = "Object Repository/RAD_Pages/ServiceFeeAccept_Page": null

2021-11-08 12:29:28 - [TEST_STEP][PASSED] - selectOptionByLabel(findTestObject(orPath_Landing + "/dd_TaxType"), Taxtype, false): All options with label 'Extension Payments' are selected in object 'Object Repository/RAD_Pages/Landing_Page/dd_TaxType' 

2021-11-08 12:29:29 - [MESSAGE][PASSED] - All options with label 'Extension Payments' are selected in object 'Object Repository/RAD_Pages/Landing_Page/dd_TaxType' 

2021-11-08 12:29:29 - [TEST_STEP][PASSED] - delay(3): Delayed 3 second(s)

2021-11-08 12:29:32 - [MESSAGE][PASSED] - Delayed 3 second(s)

2021-11-08 12:29:32 - [TEST_STEP][PASSED] - switch (Taxtype): null

2021-11-08 12:29:32 - [TEST_STEP][PASSED] - case "Extension Payments":: null

2021-11-08 12:29:32 - [TEST_STEP][PASSED] - selectOptionByLabel(findTestObject(orPath_TaxTypeFilingYear + "/select_PaymentType"), PaymentType, false): All options with label 'Personal' are selected in object 'Object Repository/RAD_Pages/TaxTypeFilingYear_Page/select_PaymentType' 

2021-11-08 12:29:32 - [MESSAGE][PASSED] - All options with label 'Personal' are selected in object 'Object Repository/RAD_Pages/TaxTypeFilingYear_Page/select_PaymentType' 

2021-11-08 12:29:32 - [TEST_STEP][PASSED] - selectOptionByLabel(findTestObject(orPath_TaxTypeFilingYear + "/select_FilingYear"), FilingYear, false): All options with label '2020' are selected in object 'Object Repository/RAD_Pages/TaxTypeFilingYear_Page/select_FilingYear' 

2021-11-08 12:29:33 - [MESSAGE][PASSED] - All options with label '2020' are selected in object 'Object Repository/RAD_Pages/TaxTypeFilingYear_Page/select_FilingYear' 

2021-11-08 12:29:33 - [TEST_STEP][PASSED] - setText(findTestObject(orPath_TaxPayer + "/input_lastName"), LName): Text 'Anderson' is set on object 'Object Repository/RAD_Pages/Taxpayer_Page/input_lastName'

2021-11-08 12:29:33 - [MESSAGE][PASSED] - Text 'Anderson' is set on object 'Object Repository/RAD_Pages/Taxpayer_Page/input_lastName'

2021-11-08 12:29:33 - [TEST_STEP][PASSED] - setText(findTestObject("RAD_RecordAndPlay/input_concatSSN"), SSN): Text '123451234' is set on object 'Object Repository/RAD_RecordAndPlay/input_concatSSN'

2021-11-08 12:29:34 - [MESSAGE][PASSED] - Text '123451234' is set on object 'Object Repository/RAD_RecordAndPlay/input_concatSSN'

2021-11-08 12:29:34 - [TEST_STEP][PASSED] - setText(findTestObject("RAD_RecordAndPlay/input_concatReSSN"), SSN): Text '123451234' is set on object 'Object Repository/RAD_RecordAndPlay/input_concatReSSN'

2021-11-08 12:29:34 - [MESSAGE][PASSED] - Text '123451234' is set on object 'Object Repository/RAD_RecordAndPlay/input_concatReSSN'

2021-11-08 12:29:34 - [TEST_STEP][PASSED] - if (PaymentType.equalsIgnoreCase("Personal")): Object 'Object Repository/RAD_Pages/FilingStatus_Page/input_userType_Individual' is checked

2021-11-08 12:29:34 - [TEST_STEP][PASSED] - if (FilingType.equalsIgnoreCase("Y")): Object 'Object Repository/RAD_Pages/FilingStatus_Page/input_userType_Individual' is checked

2021-11-08 12:29:34 - [TEST_STEP][PASSED] - check(findTestObject(orPath_FilingStatus + "/input_userType_Individual")): Object 'Object Repository/RAD_Pages/FilingStatus_Page/input_userType_Individual' is checked

2021-11-08 12:29:35 - [MESSAGE][PASSED] - Object 'Object Repository/RAD_Pages/FilingStatus_Page/input_userType_Individual' is checked

2021-11-08 12:29:35 - [TEST_STEP][PASSED] - break: null

2021-11-08 12:29:35 - [TEST_STEP][PASSED] - setText(findTestObject(orPath_TaxPayer + "/input_firstName"), FName): Text 'Jimmie' is set on object 'Object Repository/RAD_Pages/Taxpayer_Page/input_firstName'

2021-11-08 12:29:36 - [MESSAGE][PASSED] - Text 'Jimmie' is set on object 'Object Repository/RAD_Pages/Taxpayer_Page/input_firstName'

2021-11-08 12:29:36 - [TEST_STEP][PASSED] - setText(findTestObject(orPath_TaxPayer + "/input_lastName"), LName): Text 'Anderson' is set on object 'Object Repository/RAD_Pages/Taxpayer_Page/input_lastName'

2021-11-08 12:29:36 - [MESSAGE][PASSED] - Text 'Anderson' is set on object 'Object Repository/RAD_Pages/Taxpayer_Page/input_lastName'

2021-11-08 12:29:36 - [TEST_STEP][PASSED] - selectOptionByLabel(findTestObject(orPath_AddressContact + "/select_Country"), "United States", false): All options with label 'United States' are selected in object 'Object Repository/RAD_Pages/AddressAndContactInfo_Page/select_Country' 

2021-11-08 12:29:37 - [MESSAGE][PASSED] - All options with label 'United States' are selected in object 'Object Repository/RAD_Pages/AddressAndContactInfo_Page/select_Country' 

2021-11-08 12:29:37 - [TEST_STEP][PASSED] - setText(findTestObject(orPath_AddressContact + "/input_streetAddress1"), AL1): Text '15 Main Street' is set on object 'Object Repository/RAD_Pages/AddressAndContactInfo_Page/input_streetAddress1'

2021-11-08 12:29:38 - [MESSAGE][PASSED] - Text '15 Main Street' is set on object 'Object Repository/RAD_Pages/AddressAndContactInfo_Page/input_streetAddress1'

2021-11-08 12:29:38 - [TEST_STEP][PASSED] - setText(findTestObject(orPath_AddressContact + "/input_streetAddress2"), ""): Text '' is set on object 'Object Repository/RAD_Pages/AddressAndContactInfo_Page/input_streetAddress2'

2021-11-08 12:29:38 - [MESSAGE][PASSED] - Text '' is set on object 'Object Repository/RAD_Pages/AddressAndContactInfo_Page/input_streetAddress2'

2021-11-08 12:29:38 - [TEST_STEP][PASSED] - setText(findTestObject(orPath_AddressContact + "/input_city"), City): Text 'Gambrills' is set on object 'Object Repository/RAD_Pages/AddressAndContactInfo_Page/input_city'

2021-11-08 12:29:39 - [MESSAGE][PASSED] - Text 'Gambrills' is set on object 'Object Repository/RAD_Pages/AddressAndContactInfo_Page/input_city'

2021-11-08 12:29:39 - [TEST_STEP][PASSED] - selectOptionByLabel(findTestObject(orPath_AddressContact + "/select_State"), "Maryland", false): All options with label 'Maryland' are selected in object 'Object Repository/RAD_Pages/AddressAndContactInfo_Page/select_State' 

2021-11-08 12:29:40 - [MESSAGE][PASSED] - All options with label 'Maryland' are selected in object 'Object Repository/RAD_Pages/AddressAndContactInfo_Page/select_State' 

2021-11-08 12:29:40 - [TEST_STEP][PASSED] - setText(findTestObject(orPath_AddressContact + "/input_zipCode"), ZIP): Text '21054' is set on object 'Object Repository/RAD_Pages/AddressAndContactInfo_Page/input_zipCode'

2021-11-08 12:29:40 - [MESSAGE][PASSED] - Text '21054' is set on object 'Object Repository/RAD_Pages/AddressAndContactInfo_Page/input_zipCode'

2021-11-08 12:29:40 - [TEST_STEP][PASSED] - setText(findTestObject(orPath_AddressContact + "/input_phoneNumber"), "(703) 894-5000"): Text '(703) 894-5000' is set on object 'Object Repository/RAD_Pages/AddressAndContactInfo_Page/input_phoneNumber'

2021-11-08 12:29:41 - [MESSAGE][PASSED] - Text '(703) 894-5000' is set on object 'Object Repository/RAD_Pages/AddressAndContactInfo_Page/input_phoneNumber'

2021-11-08 12:29:41 - [TEST_STEP][PASSED] - setText(findTestObject(orPath_AddressContact + "/input_eMailAddress"), "iahmed@govolution.com"): Text 'iahmed@govolution.com' is set on object 'Object Repository/RAD_Pages/AddressAndContactInfo_Page/input_eMailAddress'

2021-11-08 12:29:42 - [MESSAGE][PASSED] - Text 'iahmed@govolution.com' is set on object 'Object Repository/RAD_Pages/AddressAndContactInfo_Page/input_eMailAddress'

2021-11-08 12:29:42 - [TEST_STEP][PASSED] - setText(findTestObject(orPath_AddressContact + "/input_reEnterEMailAddress"), "iahmed@govolution.com"): Text 'iahmed@govolution.com' is set on object 'Object Repository/RAD_Pages/AddressAndContactInfo_Page/input_reEnterEMailAddress'

2021-11-08 12:29:43 - [MESSAGE][PASSED] - Text 'iahmed@govolution.com' is set on object 'Object Repository/RAD_Pages/AddressAndContactInfo_Page/input_reEnterEMailAddress'

2021-11-08 12:29:43 - [TEST_STEP][PASSED] - setText(findTestObject(orPath_Amount + "/input__paymentAmount"), Amount): Text '100.00' is set on object 'Object Repository/RAD_Pages/PaymentAmount_Page/input__paymentAmount'

2021-11-08 12:29:43 - [MESSAGE][PASSED] - Text '100.00' is set on object 'Object Repository/RAD_Pages/PaymentAmount_Page/input__paymentAmount'

2021-11-08 12:29:43 - [TEST_STEP][PASSED] - scrollToElement(findTestObject(orPath_Landing + "/button_Continue"), 3): Scroll to object 'Object Repository/RAD_Pages/Landing_Page/button_Continue' successfully

2021-11-08 12:29:44 - [MESSAGE][PASSED] - Scroll to object 'Object Repository/RAD_Pages/Landing_Page/button_Continue' successfully

2021-11-08 12:29:44 - [TEST_STEP][PASSED] - waitForElementClickable(findTestObject(orPath_Landing + "/button_Continue"), 5): Object 'Object Repository/RAD_Pages/Landing_Page/button_Continue' is clickable

2021-11-08 12:29:44 - [MESSAGE][PASSED] - Object 'Object Repository/RAD_Pages/Landing_Page/button_Continue' is clickable

2021-11-08 12:29:44 - [TEST_STEP][PASSED] - click(findTestObject(orPath_Landing + "/button_Continue")): Object: 'Object Repository/RAD_Pages/Landing_Page/button_Continue' is clicked on

2021-11-08 12:29:45 - [MESSAGE][PASSED] - Object: 'Object Repository/RAD_Pages/Landing_Page/button_Continue' is clicked on

2021-11-08 12:29:45 - [TEST_STEP][PASSED] - verifyTextPresent("Review the information below and make any necessary corrections by clicking the", true): Text 'Review the information below and make any necessary corrections by clicking the' is present on page  using regular expression

2021-11-08 12:29:45 - [MESSAGE][PASSED] - Text 'Review the information below and make any necessary corrections by clicking the' is present on page  using regular expression

2021-11-08 12:29:45 - [TEST_STEP][PASSED] - verifyTextPresent("When you are confident that all the information is correct", true): Text 'When you are confident that all the information is correct' is present on page  using regular expression

2021-11-08 12:29:46 - [MESSAGE][PASSED] - Text 'When you are confident that all the information is correct' is present on page  using regular expression

2021-11-08 12:29:46 - [TEST_STEP][PASSED] - delay(1): Delayed 1 second(s)

2021-11-08 12:29:47 - [MESSAGE][PASSED] - Delayed 1 second(s)

2021-11-08 12:29:47 - [TEST_STEP][PASSED] - click(findTestObject(orPath_Summary + "/button_Proceed to Payment")): Object: 'Object Repository/RAD_Pages/Summary_Page/button_Proceed to Payment' is clicked on

2021-11-08 12:29:49 - [MESSAGE][PASSED] - Object: 'Object Repository/RAD_Pages/Summary_Page/button_Proceed to Payment' is clicked on

2021-11-08 12:29:49 - [TEST_STEP][PASSED] - setText(findTestObject(orPath_PaymentEntry + "/input__cardNumber"), CCNumber): Text '4012000098765439' is set on object 'Object Repository/RAD_Pages/PaymentEntry_Page/input__cardNumber'

2021-11-08 12:29:50 - [MESSAGE][PASSED] - Text '4012000098765439' is set on object 'Object Repository/RAD_Pages/PaymentEntry_Page/input__cardNumber'

2021-11-08 12:29:50 - [TEST_STEP][PASSED] - setText(findTestObject(orPath_PaymentEntry + "/input__spc"), CVV): Text '123' is set on object 'Object Repository/RAD_Pages/PaymentEntry_Page/input__spc'

2021-11-08 12:29:50 - [MESSAGE][PASSED] - Text '123' is set on object 'Object Repository/RAD_Pages/PaymentEntry_Page/input__spc'

2021-11-08 12:29:50 - [TEST_STEP][PASSED] - selectOptionByLabel(findTestObject(orPath_PaymentEntry + "/select_MM"), "12", false): All options with label '12' are selected in object 'Object Repository/RAD_Pages/PaymentEntry_Page/select_MM' 

2021-11-08 12:29:51 - [MESSAGE][PASSED] - All options with label '12' are selected in object 'Object Repository/RAD_Pages/PaymentEntry_Page/select_MM' 

2021-11-08 12:29:51 - [TEST_STEP][PASSED] - selectOptionByLabel(findTestObject(orPath_PaymentEntry + "/select_YYYY"), "2023", false): All options with label '2023' are selected in object 'Object Repository/RAD_Pages/PaymentEntry_Page/select_YYYY' 

2021-11-08 12:29:51 - [MESSAGE][PASSED] - All options with label '2023' are selected in object 'Object Repository/RAD_Pages/PaymentEntry_Page/select_YYYY' 

2021-11-08 12:29:51 - [TEST_STEP][PASSED] - click(findTestObject(orPath_PaymentEntry + "/input_Field_ccSubmit")): Object: 'Object Repository/RAD_Pages/PaymentEntry_Page/input_Field_ccSubmit' is clicked on

2021-11-08 12:29:52 - [MESSAGE][PASSED] - Object: 'Object Repository/RAD_Pages/PaymentEntry_Page/input_Field_ccSubmit' is clicked on

2021-11-08 12:29:52 - [TEST_STEP][PASSED] - click(findTestObject(orPath_PaymentConfirmation + "/input_N_confirmNotifyAction")): Object: 'Object Repository/RAD_Pages/PaymentConfirmation_Page/input_N_confirmNotifyAction' is clicked on

2021-11-08 12:29:54 - [MESSAGE][PASSED] - Object: 'Object Repository/RAD_Pages/PaymentConfirmation_Page/input_N_confirmNotifyAction' is clicked on

2021-11-08 12:29:54 - [TEST_STEP][PASSED] - click(findTestObject(orPath_ServiceFeesAccept + "/input_convFeeNotifyAction")): Object: 'Object Repository/RAD_Pages/ServiceFeeAccept_Page/input_convFeeNotifyAction' is clicked on

2021-11-08 12:29:55 - [MESSAGE][PASSED] - Object: 'Object Repository/RAD_Pages/ServiceFeeAccept_Page/input_convFeeNotifyAction' is clicked on

2021-11-08 12:29:55 - [TEST_STEP][PASSED] - delay(10): Delayed 10 second(s)

2021-11-08 12:30:05 - [MESSAGE][PASSED] - Delayed 10 second(s)

2021-11-08 12:30:05 - [TEST_STEP][PASSED] - verifyTextPresent("Successful Payment Receipt", true): Text 'Successful Payment Receipt' is present on page  using regular expression

2021-11-08 12:30:06 - [MESSAGE][PASSED] - Text 'Successful Payment Receipt' is present on page  using regular expression

2021-11-08 12:30:06 - [TEST_STEP][PASSED] - if (verifyTextPresent("Successful Payment Receipt", true)): null

2021-11-08 12:30:06 - [MESSAGE][PASSED] - Text 'Successful Payment Receipt' is present on page  using regular expression

2021-11-08 12:30:06 - [TEST_STEP][PASSED] - println("Transaction was Successful"): null

2021-11-08 12:30:06 - [TEST_STEP][PASSED] - out.println("Pass Record Number: " + row): null

2021-11-08 12:30:06 - [TEST_STEP][PASSED] - resText = "Pass": null

2021-11-08 12:30:06 - [TEST_STEP][PASSED] - pages.WriteExcel.demoKey(resText, datText, resColumn, datCloumn, fileLoc, nameSheet, row): pages.WriteExcel.demoKey is PASSED

2021-11-08 12:30:06 - [MESSAGE][PASSED] - pages.WriteExcel.demoKey is PASSED

2021-11-08 12:30:06 - [TEST_STEP][PASSED] - ExecuteTC = findTestData(dataFile).getValue("Execute", row): null

2021-11-08 12:30:06 - [TEST_STEP][PASSED] - PaymentType = findTestData(dataFile).getValue("PaymentType", row): null

2021-11-08 12:30:06 - [TEST_STEP][PASSED] - FilingYear = findTestData(dataFile).getValue("FilingYear", row): null

2021-11-08 12:30:06 - [TEST_STEP][PASSED] - PeriodEnding = findTestData(dataFile).getValue("PeriodEnding", row): null

2021-11-08 12:30:06 - [TEST_STEP][PASSED] - FName = findTestData(dataFile).getValue("Fname", row): null

2021-11-08 12:30:06 - [TEST_STEP][PASSED] - LName = findTestData(dataFile).getValue("Lname", row): null

2021-11-08 12:30:06 - [TEST_STEP][PASSED] - SSN = findTestData(dataFile).getValue("SSN", row): null

2021-11-08 12:30:06 - [TEST_STEP][PASSED] - BusName = findTestData(dataFile).getValue("BusName", row): null

2021-11-08 12:30:06 - [TEST_STEP][PASSED] - AL1 = findTestData(dataFile).getValue("AL1", row): null

2021-11-08 12:30:06 - [TEST_STEP][PASSED] - City = findTestData(dataFile).getValue("City", row): null

2021-11-08 12:30:06 - [TEST_STEP][PASSED] - ZIP = findTestData(dataFile).getValue("ZIP", row): null

2021-11-08 12:30:06 - [TEST_STEP][PASSED] - FilingType = findTestData(dataFile).getValue("FilingType", row): null

2021-11-08 12:30:06 - [TEST_STEP][PASSED] - Withholding = findTestData(dataFile).getValue("Withholding", row): null

2021-11-08 12:30:07 - [TEST_STEP][PASSED] - Amount = findTestData(dataFile).getValue("Amount", row): null

2021-11-08 12:30:07 - [TEST_STEP][PASSED] - CCNumber = findTestData(dataFile).getValue("CCNumber", row): null

2021-11-08 12:30:07 - [TEST_STEP][PASSED] - CVV = findTestData(dataFile).getValue("CVV", row): null

2021-11-08 12:30:07 - [TEST_STEP][PASSED] - out.println("Value of Execute is : " + ExecuteTC): null

2021-11-08 12:30:07 - [TEST_STEP][PASSED] - if (ExecuteTC.equalsIgnoreCase("Y")): null

2021-11-08 12:30:07 - [TEST_STEP][PASSED] - out.println("Begin Record Number: " + row): null

2021-11-08 12:30:07 - [TEST_STEP][PASSED] - today = new java.util.Date(): null

2021-11-08 12:30:07 - [TEST_STEP][PASSED] - println(today): null

2021-11-08 12:30:07 - [TEST_STEP][PASSED] - datText = today: null

2021-11-08 12:30:07 - [TEST_STEP][PASSED] - Taxtype = findTestData(dataFile).getValue("TaxType", row): null

2021-11-08 12:30:07 - [TEST_STEP][PASSED] - out.println("Taxtype value is : " + Taxtype): null

2021-11-08 12:30:07 - [TEST_STEP][PASSED] - openBrowser(""): Browser is opened with url: ''

2021-11-08 12:30:07 - [MESSAGE][WARNING] - A browser is already opened. Closing browser and opening a new one

2021-11-08 12:30:07 - [MESSAGE][INFO] - Starting 'Chrome' driver

2021-11-08 12:30:07 - [MESSAGE][INFO] - User set preference: ['acceptInsecureCerts', 'true']

2021-11-08 12:30:07 - [MESSAGE][INFO] - Action delay is set to 0 milliseconds

2021-11-08 12:30:09 - [MESSAGE][PASSED] - Browser is opened with url: ''

2021-11-08 12:30:09 - [TEST_STEP][PASSED] - maximizeWindow(): Current window maximized

2021-11-08 12:30:09 - [MESSAGE][PASSED] - Current window maximized

2021-11-08 12:30:09 - [TEST_STEP][PASSED] - navigateToUrl(RADurl): Navigate to 'https://qa.velocitypayment.com/client/rad/index.html' successfully

2021-11-08 12:30:11 - [MESSAGE][PASSED] - Navigate to 'https://qa.velocitypayment.com/client/rad/index.html' successfully

2021-11-08 12:30:11 - [TEST_STEP][PASSED] - orPath_Landing = "Object Repository/RAD_Pages/Landing_Page": null

2021-11-08 12:30:11 - [TEST_STEP][PASSED] - orPath_TaxTypeFilingYear = "Object Repository/RAD_Pages/TaxTypeFilingYear_Page": null

2021-11-08 12:30:11 - [TEST_STEP][PASSED] - orPath_TaxPayer = "Object Repository/RAD_Pages/Taxpayer_Page": null

2021-11-08 12:30:11 - [TEST_STEP][PASSED] - orPath_AddressContact = "Object Repository/RAD_Pages/AddressAndContactInfo_Page": null

2021-11-08 12:30:11 - [TEST_STEP][PASSED] - orPath_FilingStatus = "Object Repository/RAD_Pages/FilingStatus_Page": null

2021-11-08 12:30:11 - [TEST_STEP][PASSED] - orPath_Amount = "Object Repository/RAD_Pages/PaymentAmount_Page": null

2021-11-08 12:30:11 - [TEST_STEP][PASSED] - orPath_TaxInfo = "Object Repository/RAD_Pages/TaxInfo_Page": null

2021-11-08 12:30:11 - [TEST_STEP][PASSED] - orPath_Withholding = "Object Repository/RAD_Pages/Withholding_Page": null

2021-11-08 12:30:11 - [TEST_STEP][PASSED] - orPath_Summary = "Object Repository/RAD_Pages/Summary_Page": null

2021-11-08 12:30:11 - [TEST_STEP][PASSED] - orPath_PaymentReady = "Object Repository/RAD_Pages/PaymentReady_Page": null

2021-11-08 12:30:11 - [TEST_STEP][PASSED] - orPath_PaymentEntry = "Object Repository/RAD_Pages/PaymentEntry_Page": null

2021-11-08 12:30:11 - [TEST_STEP][PASSED] - orPath_PaymentConfirmation = "Object Repository/RAD_Pages/PaymentConfirmation_Page": null

2021-11-08 12:30:11 - [TEST_STEP][PASSED] - orPath_ServiceFeesAccept = "Object Repository/RAD_Pages/ServiceFeeAccept_Page": null

2021-11-08 12:30:11 - [TEST_STEP][PASSED] - selectOptionByLabel(findTestObject(orPath_Landing + "/dd_TaxType"), Taxtype, false): All options with label 'Extension Payments' are selected in object 'Object Repository/RAD_Pages/Landing_Page/dd_TaxType' 

2021-11-08 12:30:12 - [MESSAGE][PASSED] - All options with label 'Extension Payments' are selected in object 'Object Repository/RAD_Pages/Landing_Page/dd_TaxType' 

2021-11-08 12:30:12 - [TEST_STEP][PASSED] - delay(3): Delayed 3 second(s)

2021-11-08 12:30:15 - [MESSAGE][PASSED] - Delayed 3 second(s)

2021-11-08 12:30:15 - [TEST_STEP][PASSED] - switch (Taxtype): null

2021-11-08 12:30:15 - [TEST_STEP][PASSED] - case "Extension Payments":: null

2021-11-08 12:30:15 - [TEST_STEP][PASSED] - selectOptionByLabel(findTestObject(orPath_TaxTypeFilingYear + "/select_PaymentType"), PaymentType, false): All options with label 'Personal' are selected in object 'Object Repository/RAD_Pages/TaxTypeFilingYear_Page/select_PaymentType' 

2021-11-08 12:30:15 - [MESSAGE][PASSED] - All options with label 'Personal' are selected in object 'Object Repository/RAD_Pages/TaxTypeFilingYear_Page/select_PaymentType' 

2021-11-08 12:30:15 - [TEST_STEP][PASSED] - selectOptionByLabel(findTestObject(orPath_TaxTypeFilingYear + "/select_FilingYear"), FilingYear, false): All options with label '2020' are selected in object 'Object Repository/RAD_Pages/TaxTypeFilingYear_Page/select_FilingYear' 

2021-11-08 12:30:16 - [MESSAGE][PASSED] - All options with label '2020' are selected in object 'Object Repository/RAD_Pages/TaxTypeFilingYear_Page/select_FilingYear' 

2021-11-08 12:30:16 - [TEST_STEP][PASSED] - setText(findTestObject(orPath_TaxPayer + "/input_lastName"), LName): Text 'Broad' is set on object 'Object Repository/RAD_Pages/Taxpayer_Page/input_lastName'

2021-11-08 12:30:16 - [MESSAGE][PASSED] - Text 'Broad' is set on object 'Object Repository/RAD_Pages/Taxpayer_Page/input_lastName'

2021-11-08 12:30:16 - [TEST_STEP][PASSED] - setText(findTestObject("RAD_RecordAndPlay/input_concatSSN"), SSN): Text '123456523' is set on object 'Object Repository/RAD_RecordAndPlay/input_concatSSN'

2021-11-08 12:30:17 - [MESSAGE][PASSED] - Text '123456523' is set on object 'Object Repository/RAD_RecordAndPlay/input_concatSSN'

2021-11-08 12:30:17 - [TEST_STEP][PASSED] - setText(findTestObject("RAD_RecordAndPlay/input_concatReSSN"), SSN): Text '123456523' is set on object 'Object Repository/RAD_RecordAndPlay/input_concatReSSN'

2021-11-08 12:30:18 - [MESSAGE][PASSED] - Text '123456523' is set on object 'Object Repository/RAD_RecordAndPlay/input_concatReSSN'

2021-11-08 12:30:18 - [TEST_STEP][PASSED] - if (PaymentType.equalsIgnoreCase("Personal")): Text '123443210' is set on object 'Object Repository/RAD_RecordAndPlay/input_reTypeJointFilerSSN'

2021-11-08 12:30:18 - [TEST_STEP][PASSED] - if (FilingType.equalsIgnoreCase("Y")): null

2021-11-08 12:30:18 - [TEST_STEP][PASSED] - else: Text '123443210' is set on object 'Object Repository/RAD_RecordAndPlay/input_reTypeJointFilerSSN'

2021-11-08 12:30:18 - [TEST_STEP][PASSED] - scrollToElement(findTestObject(orPath_Amount + "/input__paymentAmount"), 3): Scroll to object 'Object Repository/RAD_Pages/PaymentAmount_Page/input__paymentAmount' successfully

2021-11-08 12:30:18 - [MESSAGE][PASSED] - Scroll to object 'Object Repository/RAD_Pages/PaymentAmount_Page/input__paymentAmount' successfully

2021-11-08 12:30:18 - [TEST_STEP][PASSED] - waitForElementClickable(findTestObject(orPath_FilingStatus + "/input_userType_Joint"), 5): Object 'Object Repository/RAD_Pages/FilingStatus_Page/input_userType_Joint' is clickable

2021-11-08 12:30:18 - [MESSAGE][PASSED] - Object 'Object Repository/RAD_Pages/FilingStatus_Page/input_userType_Joint' is clickable

2021-11-08 12:30:18 - [TEST_STEP][PASSED] - check(findTestObject(orPath_FilingStatus + "/input_userType_Joint")): Object 'Object Repository/RAD_Pages/FilingStatus_Page/input_userType_Joint' is checked

2021-11-08 12:30:19 - [MESSAGE][PASSED] - Object 'Object Repository/RAD_Pages/FilingStatus_Page/input_userType_Joint' is checked

2021-11-08 12:30:19 - [TEST_STEP][PASSED] - delay(3): Delayed 3 second(s)

2021-11-08 12:30:22 - [MESSAGE][PASSED] - Delayed 3 second(s)

2021-11-08 12:30:22 - [TEST_STEP][PASSED] - setText(findTestObject(orPath_FilingStatus + "/input_jointFirstName"), "Sam"): Text 'Sam' is set on object 'Object Repository/RAD_Pages/FilingStatus_Page/input_jointFirstName'

2021-11-08 12:30:22 - [MESSAGE][PASSED] - Text 'Sam' is set on object 'Object Repository/RAD_Pages/FilingStatus_Page/input_jointFirstName'

2021-11-08 12:30:22 - [TEST_STEP][PASSED] - setText(findTestObject(orPath_FilingStatus + "/input_jointLastName"), "Stokes"): Text 'Stokes' is set on object 'Object Repository/RAD_Pages/FilingStatus_Page/input_jointLastName'

2021-11-08 12:30:23 - [MESSAGE][PASSED] - Text 'Stokes' is set on object 'Object Repository/RAD_Pages/FilingStatus_Page/input_jointLastName'

2021-11-08 12:30:23 - [TEST_STEP][PASSED] - setText(findTestObject("Object Repository/RAD_RecordAndPlay/input_JointFilerSSN"), "123443210"): Text '123443210' is set on object 'Object Repository/RAD_RecordAndPlay/input_JointFilerSSN'

2021-11-08 12:30:24 - [MESSAGE][PASSED] - Text '123443210' is set on object 'Object Repository/RAD_RecordAndPlay/input_JointFilerSSN'

2021-11-08 12:30:24 - [TEST_STEP][PASSED] - setText(findTestObject("Object Repository/RAD_RecordAndPlay/input_reTypeJointFilerSSN"), "123443210"): Text '123443210' is set on object 'Object Repository/RAD_RecordAndPlay/input_reTypeJointFilerSSN'

2021-11-08 12:30:24 - [MESSAGE][PASSED] - Text '123443210' is set on object 'Object Repository/RAD_RecordAndPlay/input_reTypeJointFilerSSN'

2021-11-08 12:30:24 - [TEST_STEP][PASSED] - break: null

2021-11-08 12:30:24 - [TEST_STEP][PASSED] - setText(findTestObject(orPath_TaxPayer + "/input_firstName"), FName): Text 'Stuart' is set on object 'Object Repository/RAD_Pages/Taxpayer_Page/input_firstName'

2021-11-08 12:30:25 - [MESSAGE][PASSED] - Text 'Stuart' is set on object 'Object Repository/RAD_Pages/Taxpayer_Page/input_firstName'

2021-11-08 12:30:25 - [TEST_STEP][PASSED] - setText(findTestObject(orPath_TaxPayer + "/input_lastName"), LName): Text 'Broad' is set on object 'Object Repository/RAD_Pages/Taxpayer_Page/input_lastName'

2021-11-08 12:30:26 - [MESSAGE][PASSED] - Text 'Broad' is set on object 'Object Repository/RAD_Pages/Taxpayer_Page/input_lastName'

2021-11-08 12:30:26 - [TEST_STEP][PASSED] - selectOptionByLabel(findTestObject(orPath_AddressContact + "/select_Country"), "United States", false): All options with label 'United States' are selected in object 'Object Repository/RAD_Pages/AddressAndContactInfo_Page/select_Country' 

2021-11-08 12:30:27 - [MESSAGE][PASSED] - All options with label 'United States' are selected in object 'Object Repository/RAD_Pages/AddressAndContactInfo_Page/select_Country' 

2021-11-08 12:30:27 - [TEST_STEP][PASSED] - setText(findTestObject(orPath_AddressContact + "/input_streetAddress1"), AL1): Text '15 Main Street' is set on object 'Object Repository/RAD_Pages/AddressAndContactInfo_Page/input_streetAddress1'

2021-11-08 12:30:27 - [MESSAGE][PASSED] - Text '15 Main Street' is set on object 'Object Repository/RAD_Pages/AddressAndContactInfo_Page/input_streetAddress1'

2021-11-08 12:30:27 - [TEST_STEP][PASSED] - setText(findTestObject(orPath_AddressContact + "/input_streetAddress2"), ""): Text '' is set on object 'Object Repository/RAD_Pages/AddressAndContactInfo_Page/input_streetAddress2'

2021-11-08 12:30:28 - [MESSAGE][PASSED] - Text '' is set on object 'Object Repository/RAD_Pages/AddressAndContactInfo_Page/input_streetAddress2'

2021-11-08 12:30:28 - [TEST_STEP][PASSED] - setText(findTestObject(orPath_AddressContact + "/input_city"), City): Text 'Gambrills' is set on object 'Object Repository/RAD_Pages/AddressAndContactInfo_Page/input_city'

2021-11-08 12:30:29 - [MESSAGE][PASSED] - Text 'Gambrills' is set on object 'Object Repository/RAD_Pages/AddressAndContactInfo_Page/input_city'

2021-11-08 12:30:29 - [TEST_STEP][PASSED] - selectOptionByLabel(findTestObject(orPath_AddressContact + "/select_State"), "Maryland", false): All options with label 'Maryland' are selected in object 'Object Repository/RAD_Pages/AddressAndContactInfo_Page/select_State' 

2021-11-08 12:30:29 - [MESSAGE][PASSED] - All options with label 'Maryland' are selected in object 'Object Repository/RAD_Pages/AddressAndContactInfo_Page/select_State' 

2021-11-08 12:30:29 - [TEST_STEP][PASSED] - setText(findTestObject(orPath_AddressContact + "/input_zipCode"), ZIP): Text '21054' is set on object 'Object Repository/RAD_Pages/AddressAndContactInfo_Page/input_zipCode'

2021-11-08 12:30:30 - [MESSAGE][PASSED] - Text '21054' is set on object 'Object Repository/RAD_Pages/AddressAndContactInfo_Page/input_zipCode'

2021-11-08 12:30:30 - [TEST_STEP][PASSED] - setText(findTestObject(orPath_AddressContact + "/input_phoneNumber"), "(703) 894-5000"): Text '(703) 894-5000' is set on object 'Object Repository/RAD_Pages/AddressAndContactInfo_Page/input_phoneNumber'

2021-11-08 12:30:31 - [MESSAGE][PASSED] - Text '(703) 894-5000' is set on object 'Object Repository/RAD_Pages/AddressAndContactInfo_Page/input_phoneNumber'

2021-11-08 12:30:31 - [TEST_STEP][PASSED] - setText(findTestObject(orPath_AddressContact + "/input_eMailAddress"), "iahmed@govolution.com"): Text 'iahmed@govolution.com' is set on object 'Object Repository/RAD_Pages/AddressAndContactInfo_Page/input_eMailAddress'

2021-11-08 12:30:32 - [MESSAGE][PASSED] - Text 'iahmed@govolution.com' is set on object 'Object Repository/RAD_Pages/AddressAndContactInfo_Page/input_eMailAddress'

2021-11-08 12:30:32 - [TEST_STEP][PASSED] - setText(findTestObject(orPath_AddressContact + "/input_reEnterEMailAddress"), "iahmed@govolution.com"): Text 'iahmed@govolution.com' is set on object 'Object Repository/RAD_Pages/AddressAndContactInfo_Page/input_reEnterEMailAddress'

2021-11-08 12:30:32 - [MESSAGE][PASSED] - Text 'iahmed@govolution.com' is set on object 'Object Repository/RAD_Pages/AddressAndContactInfo_Page/input_reEnterEMailAddress'

2021-11-08 12:30:32 - [TEST_STEP][PASSED] - setText(findTestObject(orPath_Amount + "/input__paymentAmount"), Amount): Text '100.00' is set on object 'Object Repository/RAD_Pages/PaymentAmount_Page/input__paymentAmount'

2021-11-08 12:30:33 - [MESSAGE][PASSED] - Text '100.00' is set on object 'Object Repository/RAD_Pages/PaymentAmount_Page/input__paymentAmount'

2021-11-08 12:30:33 - [TEST_STEP][PASSED] - scrollToElement(findTestObject(orPath_Landing + "/button_Continue"), 3): Scroll to object 'Object Repository/RAD_Pages/Landing_Page/button_Continue' successfully

2021-11-08 12:30:34 - [MESSAGE][PASSED] - Scroll to object 'Object Repository/RAD_Pages/Landing_Page/button_Continue' successfully

2021-11-08 12:30:34 - [TEST_STEP][PASSED] - waitForElementClickable(findTestObject(orPath_Landing + "/button_Continue"), 5): Object 'Object Repository/RAD_Pages/Landing_Page/button_Continue' is clickable

2021-11-08 12:30:34 - [MESSAGE][PASSED] - Object 'Object Repository/RAD_Pages/Landing_Page/button_Continue' is clickable

2021-11-08 12:30:34 - [TEST_STEP][PASSED] - click(findTestObject(orPath_Landing + "/button_Continue")): Object: 'Object Repository/RAD_Pages/Landing_Page/button_Continue' is clicked on

2021-11-08 12:30:34 - [MESSAGE][PASSED] - Object: 'Object Repository/RAD_Pages/Landing_Page/button_Continue' is clicked on

2021-11-08 12:30:34 - [TEST_STEP][PASSED] - verifyTextPresent("Review the information below and make any necessary corrections by clicking the", true): Text 'Review the information below and make any necessary corrections by clicking the' is present on page  using regular expression

2021-11-08 12:30:35 - [MESSAGE][PASSED] - Text 'Review the information below and make any necessary corrections by clicking the' is present on page  using regular expression

2021-11-08 12:30:35 - [TEST_STEP][PASSED] - verifyTextPresent("When you are confident that all the information is correct", true): Text 'When you are confident that all the information is correct' is present on page  using regular expression

2021-11-08 12:30:35 - [MESSAGE][PASSED] - Text 'When you are confident that all the information is correct' is present on page  using regular expression

2021-11-08 12:30:35 - [TEST_STEP][PASSED] - delay(1): Delayed 1 second(s)

2021-11-08 12:30:36 - [MESSAGE][PASSED] - Delayed 1 second(s)

2021-11-08 12:30:36 - [TEST_STEP][PASSED] - click(findTestObject(orPath_Summary + "/button_Proceed to Payment")): Object: 'Object Repository/RAD_Pages/Summary_Page/button_Proceed to Payment' is clicked on

2021-11-08 12:30:39 - [MESSAGE][PASSED] - Object: 'Object Repository/RAD_Pages/Summary_Page/button_Proceed to Payment' is clicked on

2021-11-08 12:30:39 - [TEST_STEP][PASSED] - setText(findTestObject(orPath_PaymentEntry + "/input__cardNumber"), CCNumber): Text '5146312200000035' is set on object 'Object Repository/RAD_Pages/PaymentEntry_Page/input__cardNumber'

2021-11-08 12:30:40 - [MESSAGE][PASSED] - Text '5146312200000035' is set on object 'Object Repository/RAD_Pages/PaymentEntry_Page/input__cardNumber'

2021-11-08 12:30:40 - [TEST_STEP][PASSED] - setText(findTestObject(orPath_PaymentEntry + "/input__spc"), CVV): Text '123' is set on object 'Object Repository/RAD_Pages/PaymentEntry_Page/input__spc'

2021-11-08 12:30:40 - [MESSAGE][PASSED] - Text '123' is set on object 'Object Repository/RAD_Pages/PaymentEntry_Page/input__spc'

2021-11-08 12:30:40 - [TEST_STEP][PASSED] - selectOptionByLabel(findTestObject(orPath_PaymentEntry + "/select_MM"), "12", false): All options with label '12' are selected in object 'Object Repository/RAD_Pages/PaymentEntry_Page/select_MM' 

2021-11-08 12:30:41 - [MESSAGE][PASSED] - All options with label '12' are selected in object 'Object Repository/RAD_Pages/PaymentEntry_Page/select_MM' 

2021-11-08 12:30:41 - [TEST_STEP][PASSED] - selectOptionByLabel(findTestObject(orPath_PaymentEntry + "/select_YYYY"), "2023", false): All options with label '2023' are selected in object 'Object Repository/RAD_Pages/PaymentEntry_Page/select_YYYY' 

2021-11-08 12:30:42 - [MESSAGE][PASSED] - All options with label '2023' are selected in object 'Object Repository/RAD_Pages/PaymentEntry_Page/select_YYYY' 

2021-11-08 12:30:42 - [TEST_STEP][PASSED] - click(findTestObject(orPath_PaymentEntry + "/input_Field_ccSubmit")): Object: 'Object Repository/RAD_Pages/PaymentEntry_Page/input_Field_ccSubmit' is clicked on

2021-11-08 12:30:43 - [MESSAGE][PASSED] - Object: 'Object Repository/RAD_Pages/PaymentEntry_Page/input_Field_ccSubmit' is clicked on

2021-11-08 12:30:43 - [TEST_STEP][PASSED] - click(findTestObject(orPath_PaymentConfirmation + "/input_N_confirmNotifyAction")): Object: 'Object Repository/RAD_Pages/PaymentConfirmation_Page/input_N_confirmNotifyAction' is clicked on

2021-11-08 12:30:44 - [MESSAGE][PASSED] - Object: 'Object Repository/RAD_Pages/PaymentConfirmation_Page/input_N_confirmNotifyAction' is clicked on

2021-11-08 12:30:44 - [TEST_STEP][PASSED] - click(findTestObject(orPath_ServiceFeesAccept + "/input_convFeeNotifyAction")): Object: 'Object Repository/RAD_Pages/ServiceFeeAccept_Page/input_convFeeNotifyAction' is clicked on

2021-11-08 12:30:46 - [MESSAGE][PASSED] - Object: 'Object Repository/RAD_Pages/ServiceFeeAccept_Page/input_convFeeNotifyAction' is clicked on

2021-11-08 12:30:46 - [TEST_STEP][PASSED] - delay(10): Delayed 10 second(s)

2021-11-08 12:30:56 - [MESSAGE][PASSED] - Delayed 10 second(s)

2021-11-08 12:30:56 - [TEST_STEP][PASSED] - verifyTextPresent("Successful Payment Receipt", true): Text 'Successful Payment Receipt' is present on page  using regular expression

2021-11-08 12:30:56 - [MESSAGE][PASSED] - Text 'Successful Payment Receipt' is present on page  using regular expression

2021-11-08 12:30:56 - [TEST_STEP][PASSED] - if (verifyTextPresent("Successful Payment Receipt", true)): null

2021-11-08 12:30:57 - [MESSAGE][PASSED] - Text 'Successful Payment Receipt' is present on page  using regular expression

2021-11-08 12:30:57 - [TEST_STEP][PASSED] - println("Transaction was Successful"): null

2021-11-08 12:30:57 - [TEST_STEP][PASSED] - out.println("Pass Record Number: " + row): null

2021-11-08 12:30:57 - [TEST_STEP][PASSED] - resText = "Pass": null

2021-11-08 12:30:57 - [TEST_STEP][PASSED] - pages.WriteExcel.demoKey(resText, datText, resColumn, datCloumn, fileLoc, nameSheet, row): pages.WriteExcel.demoKey is PASSED

2021-11-08 12:30:57 - [MESSAGE][PASSED] - pages.WriteExcel.demoKey is PASSED

2021-11-08 12:30:57 - [TEST_STEP][PASSED] - ExecuteTC = findTestData(dataFile).getValue("Execute", row): null

2021-11-08 12:30:57 - [TEST_STEP][PASSED] - PaymentType = findTestData(dataFile).getValue("PaymentType", row): null

2021-11-08 12:30:57 - [TEST_STEP][PASSED] - FilingYear = findTestData(dataFile).getValue("FilingYear", row): null

2021-11-08 12:30:57 - [TEST_STEP][PASSED] - PeriodEnding = findTestData(dataFile).getValue("PeriodEnding", row): null

2021-11-08 12:30:57 - [TEST_STEP][PASSED] - FName = findTestData(dataFile).getValue("Fname", row): null

2021-11-08 12:30:57 - [TEST_STEP][PASSED] - LName = findTestData(dataFile).getValue("Lname", row): null

2021-11-08 12:30:57 - [TEST_STEP][PASSED] - SSN = findTestData(dataFile).getValue("SSN", row): null

2021-11-08 12:30:57 - [TEST_STEP][PASSED] - BusName = findTestData(dataFile).getValue("BusName", row): null

2021-11-08 12:30:57 - [TEST_STEP][PASSED] - AL1 = findTestData(dataFile).getValue("AL1", row): null

2021-11-08 12:30:57 - [TEST_STEP][PASSED] - City = findTestData(dataFile).getValue("City", row): null

2021-11-08 12:30:57 - [TEST_STEP][PASSED] - ZIP = findTestData(dataFile).getValue("ZIP", row): null

2021-11-08 12:30:57 - [TEST_STEP][PASSED] - FilingType = findTestData(dataFile).getValue("FilingType", row): null

2021-11-08 12:30:57 - [TEST_STEP][PASSED] - Withholding = findTestData(dataFile).getValue("Withholding", row): null

2021-11-08 12:30:57 - [TEST_STEP][PASSED] - Amount = findTestData(dataFile).getValue("Amount", row): null

2021-11-08 12:30:57 - [TEST_STEP][PASSED] - CCNumber = findTestData(dataFile).getValue("CCNumber", row): null

2021-11-08 12:30:57 - [TEST_STEP][PASSED] - CVV = findTestData(dataFile).getValue("CVV", row): null

2021-11-08 12:30:57 - [TEST_STEP][PASSED] - out.println("Value of Execute is : " + ExecuteTC): null

2021-11-08 12:30:57 - [TEST_STEP][FAILED] - if (ExecuteTC.equalsIgnoreCase("Y")): null

2021-11-08 12:30:57 - [TEST_STEP][PASSED] - out.println("Begin Record Number: " + row): null

2021-11-08 12:30:57 - [TEST_STEP][PASSED] - today = new java.util.Date(): null

2021-11-08 12:30:57 - [TEST_STEP][PASSED] - println(today): null

2021-11-08 12:30:57 - [TEST_STEP][PASSED] - datText = today: null

2021-11-08 12:30:57 - [TEST_STEP][PASSED] - Taxtype = findTestData(dataFile).getValue("TaxType", row): null

2021-11-08 12:30:57 - [TEST_STEP][PASSED] - out.println("Taxtype value is : " + Taxtype): null

2021-11-08 12:30:57 - [TEST_STEP][PASSED] - openBrowser(""): Browser is opened with url: ''

2021-11-08 12:30:57 - [MESSAGE][WARNING] - A browser is already opened. Closing browser and opening a new one

2021-11-08 12:30:58 - [MESSAGE][INFO] - Starting 'Chrome' driver

2021-11-08 12:30:58 - [MESSAGE][INFO] - User set preference: ['acceptInsecureCerts', 'true']

2021-11-08 12:30:58 - [MESSAGE][INFO] - Action delay is set to 0 milliseconds

2021-11-08 12:30:59 - [MESSAGE][PASSED] - Browser is opened with url: ''

2021-11-08 12:30:59 - [TEST_STEP][PASSED] - maximizeWindow(): Current window maximized

2021-11-08 12:31:00 - [MESSAGE][PASSED] - Current window maximized

2021-11-08 12:31:00 - [TEST_STEP][PASSED] - navigateToUrl(RADurl): Navigate to 'https://qa.velocitypayment.com/client/rad/index.html' successfully

2021-11-08 12:31:02 - [MESSAGE][PASSED] - Navigate to 'https://qa.velocitypayment.com/client/rad/index.html' successfully

2021-11-08 12:31:02 - [TEST_STEP][PASSED] - orPath_Landing = "Object Repository/RAD_Pages/Landing_Page": null

2021-11-08 12:31:02 - [TEST_STEP][PASSED] - orPath_TaxTypeFilingYear = "Object Repository/RAD_Pages/TaxTypeFilingYear_Page": null

2021-11-08 12:31:02 - [TEST_STEP][PASSED] - orPath_TaxPayer = "Object Repository/RAD_Pages/Taxpayer_Page": null

2021-11-08 12:31:02 - [TEST_STEP][PASSED] - orPath_AddressContact = "Object Repository/RAD_Pages/AddressAndContactInfo_Page": null

2021-11-08 12:31:02 - [TEST_STEP][PASSED] - orPath_FilingStatus = "Object Repository/RAD_Pages/FilingStatus_Page": null

2021-11-08 12:31:02 - [TEST_STEP][PASSED] - orPath_Amount = "Object Repository/RAD_Pages/PaymentAmount_Page": null

2021-11-08 12:31:02 - [TEST_STEP][PASSED] - orPath_TaxInfo = "Object Repository/RAD_Pages/TaxInfo_Page": null

2021-11-08 12:31:02 - [TEST_STEP][PASSED] - orPath_Withholding = "Object Repository/RAD_Pages/Withholding_Page": null

2021-11-08 12:31:02 - [TEST_STEP][PASSED] - orPath_Summary = "Object Repository/RAD_Pages/Summary_Page": null

2021-11-08 12:31:02 - [TEST_STEP][PASSED] - orPath_PaymentReady = "Object Repository/RAD_Pages/PaymentReady_Page": null

2021-11-08 12:31:02 - [TEST_STEP][PASSED] - orPath_PaymentEntry = "Object Repository/RAD_Pages/PaymentEntry_Page": null

2021-11-08 12:31:02 - [TEST_STEP][PASSED] - orPath_PaymentConfirmation = "Object Repository/RAD_Pages/PaymentConfirmation_Page": null

2021-11-08 12:31:02 - [TEST_STEP][PASSED] - orPath_ServiceFeesAccept = "Object Repository/RAD_Pages/ServiceFeeAccept_Page": null

2021-11-08 12:31:02 - [TEST_STEP][PASSED] - selectOptionByLabel(findTestObject(orPath_Landing + "/dd_TaxType"), Taxtype, false): All options with label 'Extension Payments' are selected in object 'Object Repository/RAD_Pages/Landing_Page/dd_TaxType' 

2021-11-08 12:31:02 - [MESSAGE][PASSED] - All options with label 'Extension Payments' are selected in object 'Object Repository/RAD_Pages/Landing_Page/dd_TaxType' 

2021-11-08 12:31:02 - [TEST_STEP][PASSED] - delay(3): Delayed 3 second(s)

2021-11-08 12:31:05 - [MESSAGE][PASSED] - Delayed 3 second(s)

2021-11-08 12:31:05 - [TEST_STEP][FAILED] - switch (Taxtype): null

2021-11-08 12:31:05 - [TEST_STEP][FAILED] - case "Extension Payments":: null

2021-11-08 12:31:05 - [TEST_STEP][PASSED] - selectOptionByLabel(findTestObject(orPath_TaxTypeFilingYear + "/select_PaymentType"), PaymentType, false): All options with label 'Corporate' are selected in object 'Object Repository/RAD_Pages/TaxTypeFilingYear_Page/select_PaymentType' 

2021-11-08 12:31:06 - [MESSAGE][PASSED] - All options with label 'Corporate' are selected in object 'Object Repository/RAD_Pages/TaxTypeFilingYear_Page/select_PaymentType' 

2021-11-08 12:31:06 - [TEST_STEP][PASSED] - selectOptionByLabel(findTestObject(orPath_TaxTypeFilingYear + "/select_FilingYear"), FilingYear, false): All options with label '2020' are selected in object 'Object Repository/RAD_Pages/TaxTypeFilingYear_Page/select_FilingYear' 

2021-11-08 12:31:06 - [MESSAGE][PASSED] - All options with label '2020' are selected in object 'Object Repository/RAD_Pages/TaxTypeFilingYear_Page/select_FilingYear' 

2021-11-08 12:31:06 - [TEST_STEP][PASSED] - setText(findTestObject(orPath_TaxPayer + "/input_lastName"), LName): Text 'Cook' is set on object 'Object Repository/RAD_Pages/Taxpayer_Page/input_lastName'

2021-11-08 12:31:07 - [MESSAGE][PASSED] - Text 'Cook' is set on object 'Object Repository/RAD_Pages/Taxpayer_Page/input_lastName'

2021-11-08 12:31:07 - [TEST_STEP][FAILED] - setText(findTestObject("RAD_RecordAndPlay/input_concatSSN"), SSN): Unable to set text '123450145' of object 'Object Repository/RAD_RecordAndPlay/input_concatSSN' (Root cause: com.kms.katalon.core.exception.StepFailedException: Unable to set text '123450145' of object 'Object Repository/RAD_RecordAndPlay/input_concatSSN'
	at com.kms.katalon.core.webui.keyword.internal.WebUIKeywordMain.stepFailed(WebUIKeywordMain.groovy:64)
	at com.kms.katalon.core.webui.keyword.internal.WebUIKeywordMain.runKeyword(WebUIKeywordMain.groovy:26)
	at com.kms.katalon.core.webui.keyword.builtin.SetTextKeyword.setText(SetTextKeyword.groovy:66)
	at com.kms.katalon.core.webui.keyword.builtin.SetTextKeyword.execute(SetTextKeyword.groovy:37)
	at com.kms.katalon.core.keyword.internal.KeywordExecutor.executeKeywordForPlatform(KeywordExecutor.groovy:74)
	at com.kms.katalon.core.webui.keyword.WebUiBuiltInKeywords.setText(WebUiBuiltInKeywords.groovy:980)
	at com.kms.katalon.core.webui.keyword.WebUiBuiltInKeywords$setText$11.call(Unknown Source)
	at Payments_HC_TC.run(Payments_HC_TC:181)
	at com.kms.katalon.core.main.ScriptEngine.run(ScriptEngine.java:194)
	at com.kms.katalon.core.main.ScriptEngine.runScriptAsRawText(ScriptEngine.java:119)
	at com.kms.katalon.core.main.TestCaseExecutor.runScript(TestCaseExecutor.java:430)
	at com.kms.katalon.core.main.TestCaseExecutor.doExecute(TestCaseExecutor.java:421)
	at com.kms.katalon.core.main.TestCaseExecutor.processExecutionPhase(TestCaseExecutor.java:400)
	at com.kms.katalon.core.main.TestCaseExecutor.accessMainPhase(TestCaseExecutor.java:392)
	at com.kms.katalon.core.main.TestCaseExecutor.execute(TestCaseExecutor.java:273)
	at com.kms.katalon.core.main.TestSuiteExecutor.accessTestCaseMainPhase(TestSuiteExecutor.java:202)
	at com.kms.katalon.core.main.TestSuiteExecutor.accessTestSuiteMainPhase(TestSuiteExecutor.java:164)
	at com.kms.katalon.core.main.TestSuiteExecutor.execute(TestSuiteExecutor.java:105)
	at com.kms.katalon.core.main.TestCaseMain.startTestSuite(TestCaseMain.java:185)
	at com.kms.katalon.core.main.TestCaseMain$startTestSuite$0.call(Unknown Source)
	at TempTestSuite1636391403401.run(TempTestSuite1636391403401.groovy:36)
Caused by: org.openqa.selenium.ElementNotInteractableException: element not interactable
  (Session info: chrome=95.0.4638.69)
Build info: version: '3.141.59', revision: 'e82be7d358', time: '2018-11-14T08:25:53'
System info: host: 'DESKTOP-B2QI6NS', ip: '172.30.2.167', os.name: 'Windows 10', os.arch: 'amd64', os.version: '10.0', java.version: '1.8.0_181'
Driver info: com.kms.katalon.selenium.driver.CChromeDriver
Capabilities {acceptInsecureCerts: true, browserName: chrome, browserVersion: 95.0.4638.69, chrome: {chromedriverVersion: 95.0.4638.54 (d31a821ec901f..., userDataDir: C:\Users\iahmed\AppData\Loc...}, goog:chromeOptions: {debuggerAddress: localhost:55953}, javascriptEnabled: true, networkConnectionEnabled: false, pageLoadStrategy: normal, platform: WINDOWS, platformName: WINDOWS, proxy: Proxy(), setWindowRect: true, strictFileInteractability: false, timeouts: {implicit: 0, pageLoad: 300000, script: 30000}, unhandledPromptBehavior: dismiss and notify, webauthn:extension:credBlob: true, webauthn:extension:largeBlob: true, webauthn:virtualAuthenticators: true}
Session ID: a457b199f2978e046d6f19200e3319b6
	at org.openqa.selenium.remote.http.W3CHttpResponseCodec.createException(W3CHttpResponseCodec.java:187)
	at org.openqa.selenium.remote.http.W3CHttpResponseCodec.decode(W3CHttpResponseCodec.java:122)
	at org.openqa.selenium.remote.http.W3CHttpResponseCodec.decode(W3CHttpResponseCodec.java:49)
	at org.openqa.selenium.remote.HttpCommandExecutor.execute(HttpCommandExecutor.java:158)
	at org.openqa.selenium.remote.service.DriverCommandExecutor.execute(DriverCommandExecutor.java:83)
	at org.openqa.selenium.remote.RemoteWebDriver.execute(RemoteWebDriver.java:552)
	at com.kms.katalon.selenium.driver.CChromeDriver.execute(CChromeDriver.java:19)
	at org.openqa.selenium.remote.RemoteWebElement.execute(RemoteWebElement.java:285)
	at org.openqa.selenium.remote.RemoteWebElement.clear(RemoteWebElement.java:124)
	at org.openqa.selenium.support.events.EventFiringWebDriver$EventFiringWebElement.lambda$new$0(EventFiringWebDriver.java:404)
	at com.sun.proxy.$Proxy11.clear(Unknown Source)
	at org.openqa.selenium.support.events.EventFiringWebDriver$EventFiringWebElement.clear(EventFiringWebDriver.java:436)
	at com.kms.katalon.core.webui.keyword.builtin.SetTextKeyword$_setText_closure1.doCall(SetTextKeyword.groovy:53)
	at com.kms.katalon.core.webui.keyword.builtin.SetTextKeyword$_setText_closure1.call(SetTextKeyword.groovy)
	at com.kms.katalon.core.webui.keyword.internal.WebUIKeywordMain.runKeyword(WebUIKeywordMain.groovy:20)
	at com.kms.katalon.core.webui.keyword.builtin.SetTextKeyword.setText(SetTextKeyword.groovy:66)
	at com.kms.katalon.core.webui.keyword.builtin.SetTextKeyword.execute(SetTextKeyword.groovy:37)
	at com.kms.katalon.core.keyword.internal.KeywordExecutor.executeKeywordForPlatform(KeywordExecutor.groovy:74)
	at com.kms.katalon.core.webui.keyword.WebUiBuiltInKeywords.setText(WebUiBuiltInKeywords.groovy:980)
	at com.kms.katalon.core.webui.keyword.WebUiBuiltInKeywords$setText$11.call(Unknown Source)
	at Script1634674829687.run(Script1634674829687.groovy:181)
	... 13 more
)

2021-11-08 12:31:08 - [MESSAGE][FAILED] - Unable to set text '123450145' of object 'Object Repository/RAD_RecordAndPlay/input_concatSSN' (Root cause: com.kms.katalon.core.exception.StepFailedException: Unable to set text '123450145' of object 'Object Repository/RAD_RecordAndPlay/input_concatSSN'
	at com.kms.katalon.core.webui.keyword.internal.WebUIKeywordMain.stepFailed(WebUIKeywordMain.groovy:64)
	at com.kms.katalon.core.webui.keyword.internal.WebUIKeywordMain.runKeyword(WebUIKeywordMain.groovy:26)
	at com.kms.katalon.core.webui.keyword.builtin.SetTextKeyword.setText(SetTextKeyword.groovy:66)
	at com.kms.katalon.core.webui.keyword.builtin.SetTextKeyword.execute(SetTextKeyword.groovy:37)
	at com.kms.katalon.core.keyword.internal.KeywordExecutor.executeKeywordForPlatform(KeywordExecutor.groovy:74)
	at com.kms.katalon.core.webui.keyword.WebUiBuiltInKeywords.setText(WebUiBuiltInKeywords.groovy:980)
	at com.kms.katalon.core.webui.keyword.WebUiBuiltInKeywords$setText$11.call(Unknown Source)
	at Payments_HC_TC.run(Payments_HC_TC:181)
	at com.kms.katalon.core.main.ScriptEngine.run(ScriptEngine.java:194)
	at com.kms.katalon.core.main.ScriptEngine.runScriptAsRawText(ScriptEngine.java:119)
	at com.kms.katalon.core.main.TestCaseExecutor.runScript(TestCaseExecutor.java:430)
	at com.kms.katalon.core.main.TestCaseExecutor.doExecute(TestCaseExecutor.java:421)
	at com.kms.katalon.core.main.TestCaseExecutor.processExecutionPhase(TestCaseExecutor.java:400)
	at com.kms.katalon.core.main.TestCaseExecutor.accessMainPhase(TestCaseExecutor.java:392)
	at com.kms.katalon.core.main.TestCaseExecutor.execute(TestCaseExecutor.java:273)
	at com.kms.katalon.core.main.TestSuiteExecutor.accessTestCaseMainPhase(TestSuiteExecutor.java:202)
	at com.kms.katalon.core.main.TestSuiteExecutor.accessTestSuiteMainPhase(TestSuiteExecutor.java:164)
	at com.kms.katalon.core.main.TestSuiteExecutor.execute(TestSuiteExecutor.java:105)
	at com.kms.katalon.core.main.TestCaseMain.startTestSuite(TestCaseMain.java:185)
	at com.kms.katalon.core.main.TestCaseMain$startTestSuite$0.call(Unknown Source)
	at TempTestSuite1636391403401.run(TempTestSuite1636391403401.groovy:36)
Caused by: org.openqa.selenium.ElementNotInteractableException: element not interactable
  (Session info: chrome=95.0.4638.69)
Build info: version: '3.141.59', revision: 'e82be7d358', time: '2018-11-14T08:25:53'
System info: host: 'DESKTOP-B2QI6NS', ip: '172.30.2.167', os.name: 'Windows 10', os.arch: 'amd64', os.version: '10.0', java.version: '1.8.0_181'
Driver info: com.kms.katalon.selenium.driver.CChromeDriver
Capabilities {acceptInsecureCerts: true, browserName: chrome, browserVersion: 95.0.4638.69, chrome: {chromedriverVersion: 95.0.4638.54 (d31a821ec901f..., userDataDir: C:\Users\iahmed\AppData\Loc...}, goog:chromeOptions: {debuggerAddress: localhost:55953}, javascriptEnabled: true, networkConnectionEnabled: false, pageLoadStrategy: normal, platform: WINDOWS, platformName: WINDOWS, proxy: Proxy(), setWindowRect: true, strictFileInteractability: false, timeouts: {implicit: 0, pageLoad: 300000, script: 30000}, unhandledPromptBehavior: dismiss and notify, webauthn:extension:credBlob: true, webauthn:extension:largeBlob: true, webauthn:virtualAuthenticators: true}
Session ID: a457b199f2978e046d6f19200e3319b6
	at org.openqa.selenium.remote.http.W3CHttpResponseCodec.createException(W3CHttpResponseCodec.java:187)
	at org.openqa.selenium.remote.http.W3CHttpResponseCodec.decode(W3CHttpResponseCodec.java:122)
	at org.openqa.selenium.remote.http.W3CHttpResponseCodec.decode(W3CHttpResponseCodec.java:49)
	at org.openqa.selenium.remote.HttpCommandExecutor.execute(HttpCommandExecutor.java:158)
	at org.openqa.selenium.remote.service.DriverCommandExecutor.execute(DriverCommandExecutor.java:83)
	at org.openqa.selenium.remote.RemoteWebDriver.execute(RemoteWebDriver.java:552)
	at com.kms.katalon.selenium.driver.CChromeDriver.execute(CChromeDriver.java:19)
	at org.openqa.selenium.remote.RemoteWebElement.execute(RemoteWebElement.java:285)
	at org.openqa.selenium.remote.RemoteWebElement.clear(RemoteWebElement.java:124)
	at org.openqa.selenium.support.events.EventFiringWebDriver$EventFiringWebElement.lambda$new$0(EventFiringWebDriver.java:404)
	at com.sun.proxy.$Proxy11.clear(Unknown Source)
	at org.openqa.selenium.support.events.EventFiringWebDriver$EventFiringWebElement.clear(EventFiringWebDriver.java:436)
	at com.kms.katalon.core.webui.keyword.builtin.SetTextKeyword$_setText_closure1.doCall(SetTextKeyword.groovy:53)
	at com.kms.katalon.core.webui.keyword.builtin.SetTextKeyword$_setText_closure1.call(SetTextKeyword.groovy)
	at com.kms.katalon.core.webui.keyword.internal.WebUIKeywordMain.runKeyword(WebUIKeywordMain.groovy:20)
	at com.kms.katalon.core.webui.keyword.builtin.SetTextKeyword.setText(SetTextKeyword.groovy:66)
	at com.kms.katalon.core.webui.keyword.builtin.SetTextKeyword.execute(SetTextKeyword.groovy:37)
	at com.kms.katalon.core.keyword.internal.KeywordExecutor.executeKeywordForPlatform(KeywordExecutor.groovy:74)
	at com.kms.katalon.core.webui.keyword.WebUiBuiltInKeywords.setText(WebUiBuiltInKeywords.groovy:980)
	at com.kms.katalon.core.webui.keyword.WebUiBuiltInKeywords$setText$11.call(Unknown Source)
	at Script1634674829687.run(Script1634674829687.groovy:181)
	... 13 more
)
[[ATTACHMENT|E:\\Cloned-Project-Katalon\\VPS-Katalon\\Reports\\20211108_121003\\RAD_TestSuite\\RAD_UI_TestSuite\\20211108_121003\\1636392668082.png]]

2021-11-08 12:31:08 - [TEST_STEP][FAILED] - setText(findTestObject("RAD_RecordAndPlay/input_concatReSSN"), SSN): Unable to set text '123450145' of object 'Object Repository/RAD_RecordAndPlay/input_concatReSSN' (Root cause: com.kms.katalon.core.exception.StepFailedException: Unable to set text '123450145' of object 'Object Repository/RAD_RecordAndPlay/input_concatReSSN'
	at com.kms.katalon.core.webui.keyword.internal.WebUIKeywordMain.stepFailed(WebUIKeywordMain.groovy:64)
	at com.kms.katalon.core.webui.keyword.internal.WebUIKeywordMain.runKeyword(WebUIKeywordMain.groovy:26)
	at com.kms.katalon.core.webui.keyword.builtin.SetTextKeyword.setText(SetTextKeyword.groovy:66)
	at com.kms.katalon.core.webui.keyword.builtin.SetTextKeyword.execute(SetTextKeyword.groovy:37)
	at com.kms.katalon.core.keyword.internal.KeywordExecutor.executeKeywordForPlatform(KeywordExecutor.groovy:74)
	at com.kms.katalon.core.webui.keyword.WebUiBuiltInKeywords.setText(WebUiBuiltInKeywords.groovy:980)
	at com.kms.katalon.core.webui.keyword.WebUiBuiltInKeywords$setText$11.call(Unknown Source)
	at Payments_HC_TC.run(Payments_HC_TC:182)
	at com.kms.katalon.core.main.ScriptEngine.run(ScriptEngine.java:194)
	at com.kms.katalon.core.main.ScriptEngine.runScriptAsRawText(ScriptEngine.java:119)
	at com.kms.katalon.core.main.TestCaseExecutor.runScript(TestCaseExecutor.java:430)
	at com.kms.katalon.core.main.TestCaseExecutor.doExecute(TestCaseExecutor.java:421)
	at com.kms.katalon.core.main.TestCaseExecutor.processExecutionPhase(TestCaseExecutor.java:400)
	at com.kms.katalon.core.main.TestCaseExecutor.accessMainPhase(TestCaseExecutor.java:392)
	at com.kms.katalon.core.main.TestCaseExecutor.execute(TestCaseExecutor.java:273)
	at com.kms.katalon.core.main.TestSuiteExecutor.accessTestCaseMainPhase(TestSuiteExecutor.java:202)
	at com.kms.katalon.core.main.TestSuiteExecutor.accessTestSuiteMainPhase(TestSuiteExecutor.java:164)
	at com.kms.katalon.core.main.TestSuiteExecutor.execute(TestSuiteExecutor.java:105)
	at com.kms.katalon.core.main.TestCaseMain.startTestSuite(TestCaseMain.java:185)
	at com.kms.katalon.core.main.TestCaseMain$startTestSuite$0.call(Unknown Source)
	at TempTestSuite1636391403401.run(TempTestSuite1636391403401.groovy:36)
Caused by: org.openqa.selenium.ElementNotInteractableException: element not interactable
  (Session info: chrome=95.0.4638.69)
Build info: version: '3.141.59', revision: 'e82be7d358', time: '2018-11-14T08:25:53'
System info: host: 'DESKTOP-B2QI6NS', ip: '172.30.2.167', os.name: 'Windows 10', os.arch: 'amd64', os.version: '10.0', java.version: '1.8.0_181'
Driver info: com.kms.katalon.selenium.driver.CChromeDriver
Capabilities {acceptInsecureCerts: true, browserName: chrome, browserVersion: 95.0.4638.69, chrome: {chromedriverVersion: 95.0.4638.54 (d31a821ec901f..., userDataDir: C:\Users\iahmed\AppData\Loc...}, goog:chromeOptions: {debuggerAddress: localhost:55953}, javascriptEnabled: true, networkConnectionEnabled: false, pageLoadStrategy: normal, platform: WINDOWS, platformName: WINDOWS, proxy: Proxy(), setWindowRect: true, strictFileInteractability: false, timeouts: {implicit: 0, pageLoad: 300000, script: 30000}, unhandledPromptBehavior: dismiss and notify, webauthn:extension:credBlob: true, webauthn:extension:largeBlob: true, webauthn:virtualAuthenticators: true}
Session ID: a457b199f2978e046d6f19200e3319b6
	at org.openqa.selenium.remote.http.W3CHttpResponseCodec.createException(W3CHttpResponseCodec.java:187)
	at org.openqa.selenium.remote.http.W3CHttpResponseCodec.decode(W3CHttpResponseCodec.java:122)
	at org.openqa.selenium.remote.http.W3CHttpResponseCodec.decode(W3CHttpResponseCodec.java:49)
	at org.openqa.selenium.remote.HttpCommandExecutor.execute(HttpCommandExecutor.java:158)
	at org.openqa.selenium.remote.service.DriverCommandExecutor.execute(DriverCommandExecutor.java:83)
	at org.openqa.selenium.remote.RemoteWebDriver.execute(RemoteWebDriver.java:552)
	at com.kms.katalon.selenium.driver.CChromeDriver.execute(CChromeDriver.java:19)
	at org.openqa.selenium.remote.RemoteWebElement.execute(RemoteWebElement.java:285)
	at org.openqa.selenium.remote.RemoteWebElement.clear(RemoteWebElement.java:124)
	at org.openqa.selenium.support.events.EventFiringWebDriver$EventFiringWebElement.lambda$new$0(EventFiringWebDriver.java:404)
	at com.sun.proxy.$Proxy11.clear(Unknown Source)
	at org.openqa.selenium.support.events.EventFiringWebDriver$EventFiringWebElement.clear(EventFiringWebDriver.java:436)
	at com.kms.katalon.core.webui.keyword.builtin.SetTextKeyword$_setText_closure1.doCall(SetTextKeyword.groovy:53)
	at com.kms.katalon.core.webui.keyword.builtin.SetTextKeyword$_setText_closure1.call(SetTextKeyword.groovy)
	at com.kms.katalon.core.webui.keyword.internal.WebUIKeywordMain.runKeyword(WebUIKeywordMain.groovy:20)
	at com.kms.katalon.core.webui.keyword.builtin.SetTextKeyword.setText(SetTextKeyword.groovy:66)
	at com.kms.katalon.core.webui.keyword.builtin.SetTextKeyword.execute(SetTextKeyword.groovy:37)
	at com.kms.katalon.core.keyword.internal.KeywordExecutor.executeKeywordForPlatform(KeywordExecutor.groovy:74)
	at com.kms.katalon.core.webui.keyword.WebUiBuiltInKeywords.setText(WebUiBuiltInKeywords.groovy:980)
	at com.kms.katalon.core.webui.keyword.WebUiBuiltInKeywords$setText$11.call(Unknown Source)
	at Script1634674829687.run(Script1634674829687.groovy:182)
	... 13 more
)

2021-11-08 12:31:08 - [MESSAGE][FAILED] - Unable to set text '123450145' of object 'Object Repository/RAD_RecordAndPlay/input_concatReSSN' (Root cause: com.kms.katalon.core.exception.StepFailedException: Unable to set text '123450145' of object 'Object Repository/RAD_RecordAndPlay/input_concatReSSN'
	at com.kms.katalon.core.webui.keyword.internal.WebUIKeywordMain.stepFailed(WebUIKeywordMain.groovy:64)
	at com.kms.katalon.core.webui.keyword.internal.WebUIKeywordMain.runKeyword(WebUIKeywordMain.groovy:26)
	at com.kms.katalon.core.webui.keyword.builtin.SetTextKeyword.setText(SetTextKeyword.groovy:66)
	at com.kms.katalon.core.webui.keyword.builtin.SetTextKeyword.execute(SetTextKeyword.groovy:37)
	at com.kms.katalon.core.keyword.internal.KeywordExecutor.executeKeywordForPlatform(KeywordExecutor.groovy:74)
	at com.kms.katalon.core.webui.keyword.WebUiBuiltInKeywords.setText(WebUiBuiltInKeywords.groovy:980)
	at com.kms.katalon.core.webui.keyword.WebUiBuiltInKeywords$setText$11.call(Unknown Source)
	at Payments_HC_TC.run(Payments_HC_TC:182)
	at com.kms.katalon.core.main.ScriptEngine.run(ScriptEngine.java:194)
	at com.kms.katalon.core.main.ScriptEngine.runScriptAsRawText(ScriptEngine.java:119)
	at com.kms.katalon.core.main.TestCaseExecutor.runScript(TestCaseExecutor.java:430)
	at com.kms.katalon.core.main.TestCaseExecutor.doExecute(TestCaseExecutor.java:421)
	at com.kms.katalon.core.main.TestCaseExecutor.processExecutionPhase(TestCaseExecutor.java:400)
	at com.kms.katalon.core.main.TestCaseExecutor.accessMainPhase(TestCaseExecutor.java:392)
	at com.kms.katalon.core.main.TestCaseExecutor.execute(TestCaseExecutor.java:273)
	at com.kms.katalon.core.main.TestSuiteExecutor.accessTestCaseMainPhase(TestSuiteExecutor.java:202)
	at com.kms.katalon.core.main.TestSuiteExecutor.accessTestSuiteMainPhase(TestSuiteExecutor.java:164)
	at com.kms.katalon.core.main.TestSuiteExecutor.execute(TestSuiteExecutor.java:105)
	at com.kms.katalon.core.main.TestCaseMain.startTestSuite(TestCaseMain.java:185)
	at com.kms.katalon.core.main.TestCaseMain$startTestSuite$0.call(Unknown Source)
	at TempTestSuite1636391403401.run(TempTestSuite1636391403401.groovy:36)
Caused by: org.openqa.selenium.ElementNotInteractableException: element not interactable
  (Session info: chrome=95.0.4638.69)
Build info: version: '3.141.59', revision: 'e82be7d358', time: '2018-11-14T08:25:53'
System info: host: 'DESKTOP-B2QI6NS', ip: '172.30.2.167', os.name: 'Windows 10', os.arch: 'amd64', os.version: '10.0', java.version: '1.8.0_181'
Driver info: com.kms.katalon.selenium.driver.CChromeDriver
Capabilities {acceptInsecureCerts: true, browserName: chrome, browserVersion: 95.0.4638.69, chrome: {chromedriverVersion: 95.0.4638.54 (d31a821ec901f..., userDataDir: C:\Users\iahmed\AppData\Loc...}, goog:chromeOptions: {debuggerAddress: localhost:55953}, javascriptEnabled: true, networkConnectionEnabled: false, pageLoadStrategy: normal, platform: WINDOWS, platformName: WINDOWS, proxy: Proxy(), setWindowRect: true, strictFileInteractability: false, timeouts: {implicit: 0, pageLoad: 300000, script: 30000}, unhandledPromptBehavior: dismiss and notify, webauthn:extension:credBlob: true, webauthn:extension:largeBlob: true, webauthn:virtualAuthenticators: true}
Session ID: a457b199f2978e046d6f19200e3319b6
	at org.openqa.selenium.remote.http.W3CHttpResponseCodec.createException(W3CHttpResponseCodec.java:187)
	at org.openqa.selenium.remote.http.W3CHttpResponseCodec.decode(W3CHttpResponseCodec.java:122)
	at org.openqa.selenium.remote.http.W3CHttpResponseCodec.decode(W3CHttpResponseCodec.java:49)
	at org.openqa.selenium.remote.HttpCommandExecutor.execute(HttpCommandExecutor.java:158)
	at org.openqa.selenium.remote.service.DriverCommandExecutor.execute(DriverCommandExecutor.java:83)
	at org.openqa.selenium.remote.RemoteWebDriver.execute(RemoteWebDriver.java:552)
	at com.kms.katalon.selenium.driver.CChromeDriver.execute(CChromeDriver.java:19)
	at org.openqa.selenium.remote.RemoteWebElement.execute(RemoteWebElement.java:285)
	at org.openqa.selenium.remote.RemoteWebElement.clear(RemoteWebElement.java:124)
	at org.openqa.selenium.support.events.EventFiringWebDriver$EventFiringWebElement.lambda$new$0(EventFiringWebDriver.java:404)
	at com.sun.proxy.$Proxy11.clear(Unknown Source)
	at org.openqa.selenium.support.events.EventFiringWebDriver$EventFiringWebElement.clear(EventFiringWebDriver.java:436)
	at com.kms.katalon.core.webui.keyword.builtin.SetTextKeyword$_setText_closure1.doCall(SetTextKeyword.groovy:53)
	at com.kms.katalon.core.webui.keyword.builtin.SetTextKeyword$_setText_closure1.call(SetTextKeyword.groovy)
	at com.kms.katalon.core.webui.keyword.internal.WebUIKeywordMain.runKeyword(WebUIKeywordMain.groovy:20)
	at com.kms.katalon.core.webui.keyword.builtin.SetTextKeyword.setText(SetTextKeyword.groovy:66)
	at com.kms.katalon.core.webui.keyword.builtin.SetTextKeyword.execute(SetTextKeyword.groovy:37)
	at com.kms.katalon.core.keyword.internal.KeywordExecutor.executeKeywordForPlatform(KeywordExecutor.groovy:74)
	at com.kms.katalon.core.webui.keyword.WebUiBuiltInKeywords.setText(WebUiBuiltInKeywords.groovy:980)
	at com.kms.katalon.core.webui.keyword.WebUiBuiltInKeywords$setText$11.call(Unknown Source)
	at Script1634674829687.run(Script1634674829687.groovy:182)
	... 13 more
)
[[ATTACHMENT|E:\\Cloned-Project-Katalon\\VPS-Katalon\\Reports\\20211108_121003\\RAD_TestSuite\\RAD_UI_TestSuite\\20211108_121003\\1636392668721.png]]

2021-11-08 12:31:08 - [TEST_STEP][PASSED] - if (PaymentType.equalsIgnoreCase("Personal")): null

2021-11-08 12:31:08 - [TEST_STEP][PASSED] - break: null

2021-11-08 12:31:08 - [TEST_STEP][PASSED] - setText(findTestObject(orPath_TaxPayer + "/input_firstName"), FName): Text 'Andrew' is set on object 'Object Repository/RAD_Pages/Taxpayer_Page/input_firstName'

2021-11-08 12:31:09 - [MESSAGE][PASSED] - Text 'Andrew' is set on object 'Object Repository/RAD_Pages/Taxpayer_Page/input_firstName'

2021-11-08 12:31:09 - [TEST_STEP][PASSED] - setText(findTestObject(orPath_TaxPayer + "/input_lastName"), LName): Text 'Cook' is set on object 'Object Repository/RAD_Pages/Taxpayer_Page/input_lastName'

2021-11-08 12:31:10 - [MESSAGE][PASSED] - Text 'Cook' is set on object 'Object Repository/RAD_Pages/Taxpayer_Page/input_lastName'

2021-11-08 12:31:10 - [TEST_STEP][PASSED] - selectOptionByLabel(findTestObject(orPath_AddressContact + "/select_Country"), "United States", false): All options with label 'United States' are selected in object 'Object Repository/RAD_Pages/AddressAndContactInfo_Page/select_Country' 

2021-11-08 12:31:10 - [MESSAGE][PASSED] - All options with label 'United States' are selected in object 'Object Repository/RAD_Pages/AddressAndContactInfo_Page/select_Country' 

2021-11-08 12:31:10 - [TEST_STEP][PASSED] - setText(findTestObject(orPath_AddressContact + "/input_streetAddress1"), AL1): Text '3652 Mandan road' is set on object 'Object Repository/RAD_Pages/AddressAndContactInfo_Page/input_streetAddress1'

2021-11-08 12:31:11 - [MESSAGE][PASSED] - Text '3652 Mandan road' is set on object 'Object Repository/RAD_Pages/AddressAndContactInfo_Page/input_streetAddress1'

2021-11-08 12:31:11 - [TEST_STEP][PASSED] - setText(findTestObject(orPath_AddressContact + "/input_streetAddress2"), ""): Text '' is set on object 'Object Repository/RAD_Pages/AddressAndContactInfo_Page/input_streetAddress2'

2021-11-08 12:31:12 - [MESSAGE][PASSED] - Text '' is set on object 'Object Repository/RAD_Pages/AddressAndContactInfo_Page/input_streetAddress2'

2021-11-08 12:31:12 - [TEST_STEP][PASSED] - setText(findTestObject(orPath_AddressContact + "/input_city"), City): Text 'Crofton' is set on object 'Object Repository/RAD_Pages/AddressAndContactInfo_Page/input_city'

2021-11-08 12:31:12 - [MESSAGE][PASSED] - Text 'Crofton' is set on object 'Object Repository/RAD_Pages/AddressAndContactInfo_Page/input_city'

2021-11-08 12:31:12 - [TEST_STEP][PASSED] - selectOptionByLabel(findTestObject(orPath_AddressContact + "/select_State"), "Maryland", false): All options with label 'Maryland' are selected in object 'Object Repository/RAD_Pages/AddressAndContactInfo_Page/select_State' 

2021-11-08 12:31:13 - [MESSAGE][PASSED] - All options with label 'Maryland' are selected in object 'Object Repository/RAD_Pages/AddressAndContactInfo_Page/select_State' 

2021-11-08 12:31:13 - [TEST_STEP][PASSED] - setText(findTestObject(orPath_AddressContact + "/input_zipCode"), ZIP): Text '21114' is set on object 'Object Repository/RAD_Pages/AddressAndContactInfo_Page/input_zipCode'

2021-11-08 12:31:13 - [MESSAGE][PASSED] - Text '21114' is set on object 'Object Repository/RAD_Pages/AddressAndContactInfo_Page/input_zipCode'

2021-11-08 12:31:13 - [TEST_STEP][PASSED] - setText(findTestObject(orPath_AddressContact + "/input_phoneNumber"), "(703) 894-5000"): Text '(703) 894-5000' is set on object 'Object Repository/RAD_Pages/AddressAndContactInfo_Page/input_phoneNumber'

2021-11-08 12:31:14 - [MESSAGE][PASSED] - Text '(703) 894-5000' is set on object 'Object Repository/RAD_Pages/AddressAndContactInfo_Page/input_phoneNumber'

2021-11-08 12:31:14 - [TEST_STEP][PASSED] - setText(findTestObject(orPath_AddressContact + "/input_eMailAddress"), "iahmed@govolution.com"): Text 'iahmed@govolution.com' is set on object 'Object Repository/RAD_Pages/AddressAndContactInfo_Page/input_eMailAddress'

2021-11-08 12:31:15 - [MESSAGE][PASSED] - Text 'iahmed@govolution.com' is set on object 'Object Repository/RAD_Pages/AddressAndContactInfo_Page/input_eMailAddress'

2021-11-08 12:31:15 - [TEST_STEP][PASSED] - setText(findTestObject(orPath_AddressContact + "/input_reEnterEMailAddress"), "iahmed@govolution.com"): Text 'iahmed@govolution.com' is set on object 'Object Repository/RAD_Pages/AddressAndContactInfo_Page/input_reEnterEMailAddress'

2021-11-08 12:31:16 - [MESSAGE][PASSED] - Text 'iahmed@govolution.com' is set on object 'Object Repository/RAD_Pages/AddressAndContactInfo_Page/input_reEnterEMailAddress'

2021-11-08 12:31:16 - [TEST_STEP][PASSED] - setText(findTestObject(orPath_Amount + "/input__paymentAmount"), Amount): Text '100.00' is set on object 'Object Repository/RAD_Pages/PaymentAmount_Page/input__paymentAmount'

2021-11-08 12:31:16 - [MESSAGE][PASSED] - Text '100.00' is set on object 'Object Repository/RAD_Pages/PaymentAmount_Page/input__paymentAmount'

2021-11-08 12:31:16 - [TEST_STEP][PASSED] - scrollToElement(findTestObject(orPath_Landing + "/button_Continue"), 3): Scroll to object 'Object Repository/RAD_Pages/Landing_Page/button_Continue' successfully

2021-11-08 12:31:17 - [MESSAGE][PASSED] - Scroll to object 'Object Repository/RAD_Pages/Landing_Page/button_Continue' successfully

2021-11-08 12:31:17 - [TEST_STEP][PASSED] - waitForElementClickable(findTestObject(orPath_Landing + "/button_Continue"), 5): Object 'Object Repository/RAD_Pages/Landing_Page/button_Continue' is not clickable after 5 second(s)

2021-11-08 12:31:22 - [MESSAGE][WARNING] - Object 'Object Repository/RAD_Pages/Landing_Page/button_Continue' is not clickable after 5 second(s)

2021-11-08 12:31:22 - [TEST_STEP][FAILED] - click(findTestObject(orPath_Landing + "/button_Continue")): Unable to click on object 'Object Repository/RAD_Pages/Landing_Page/button_Continue' (Root cause: com.kms.katalon.core.exception.StepFailedException: Unable to click on object 'Object Repository/RAD_Pages/Landing_Page/button_Continue'
	at com.kms.katalon.core.webui.keyword.internal.WebUIKeywordMain.stepFailed(WebUIKeywordMain.groovy:64)
	at com.kms.katalon.core.webui.keyword.internal.WebUIKeywordMain.runKeyword(WebUIKeywordMain.groovy:26)
	at com.kms.katalon.core.webui.keyword.builtin.ClickKeyword.click(ClickKeyword.groovy:75)
	at com.kms.katalon.core.webui.keyword.builtin.ClickKeyword.execute(ClickKeyword.groovy:42)
	at com.kms.katalon.core.keyword.internal.KeywordExecutor.executeKeywordForPlatform(KeywordExecutor.groovy:74)
	at com.kms.katalon.core.webui.keyword.WebUiBuiltInKeywords.click(WebUiBuiltInKeywords.groovy:620)
	at com.kms.katalon.core.webui.keyword.WebUiBuiltInKeywords$click$10.call(Unknown Source)
	at Payments_HC_TC.run(Payments_HC_TC:280)
	at com.kms.katalon.core.main.ScriptEngine.run(ScriptEngine.java:194)
	at com.kms.katalon.core.main.ScriptEngine.runScriptAsRawText(ScriptEngine.java:119)
	at com.kms.katalon.core.main.TestCaseExecutor.runScript(TestCaseExecutor.java:430)
	at com.kms.katalon.core.main.TestCaseExecutor.doExecute(TestCaseExecutor.java:421)
	at com.kms.katalon.core.main.TestCaseExecutor.processExecutionPhase(TestCaseExecutor.java:400)
	at com.kms.katalon.core.main.TestCaseExecutor.accessMainPhase(TestCaseExecutor.java:392)
	at com.kms.katalon.core.main.TestCaseExecutor.execute(TestCaseExecutor.java:273)
	at com.kms.katalon.core.main.TestSuiteExecutor.accessTestCaseMainPhase(TestSuiteExecutor.java:202)
	at com.kms.katalon.core.main.TestSuiteExecutor.accessTestSuiteMainPhase(TestSuiteExecutor.java:164)
	at com.kms.katalon.core.main.TestSuiteExecutor.execute(TestSuiteExecutor.java:105)
	at com.kms.katalon.core.main.TestCaseMain.startTestSuite(TestCaseMain.java:185)
	at com.kms.katalon.core.main.TestCaseMain$startTestSuite$0.call(Unknown Source)
	at TempTestSuite1636391403401.run(TempTestSuite1636391403401.groovy:36)
Caused by: org.openqa.selenium.ElementClickInterceptedException: element click intercepted: Element <button class="btn btn-primary float-end w-auto disablecontinue" disabled="">...</button> is not clickable at point (1046, 801). Other element would receive the click: <div class="w-100 mt-auto pt-3">...</div>
  (Session info: chrome=95.0.4638.69)
Build info: version: '3.141.59', revision: 'e82be7d358', time: '2018-11-14T08:25:53'
System info: host: 'DESKTOP-B2QI6NS', ip: '172.30.2.167', os.name: 'Windows 10', os.arch: 'amd64', os.version: '10.0', java.version: '1.8.0_181'
Driver info: com.kms.katalon.selenium.driver.CChromeDriver
Capabilities {acceptInsecureCerts: true, browserName: chrome, browserVersion: 95.0.4638.69, chrome: {chromedriverVersion: 95.0.4638.54 (d31a821ec901f..., userDataDir: C:\Users\iahmed\AppData\Loc...}, goog:chromeOptions: {debuggerAddress: localhost:55953}, javascriptEnabled: true, networkConnectionEnabled: false, pageLoadStrategy: normal, platform: WINDOWS, platformName: WINDOWS, proxy: Proxy(), setWindowRect: true, strictFileInteractability: false, timeouts: {implicit: 0, pageLoad: 300000, script: 30000}, unhandledPromptBehavior: dismiss and notify, webauthn:extension:credBlob: true, webauthn:extension:largeBlob: true, webauthn:virtualAuthenticators: true}
Session ID: a457b199f2978e046d6f19200e3319b6
	at org.openqa.selenium.remote.http.W3CHttpResponseCodec.createException(W3CHttpResponseCodec.java:187)
	at org.openqa.selenium.remote.http.W3CHttpResponseCodec.decode(W3CHttpResponseCodec.java:122)
	at org.openqa.selenium.remote.http.W3CHttpResponseCodec.decode(W3CHttpResponseCodec.java:49)
	at org.openqa.selenium.remote.HttpCommandExecutor.execute(HttpCommandExecutor.java:158)
	at org.openqa.selenium.remote.service.DriverCommandExecutor.execute(DriverCommandExecutor.java:83)
	at org.openqa.selenium.remote.RemoteWebDriver.execute(RemoteWebDriver.java:552)
	at com.kms.katalon.selenium.driver.CChromeDriver.execute(CChromeDriver.java:19)
	at org.openqa.selenium.remote.RemoteWebElement.execute(RemoteWebElement.java:285)
	at org.openqa.selenium.remote.RemoteWebElement.click(RemoteWebElement.java:84)
	at org.openqa.selenium.support.events.EventFiringWebDriver$EventFiringWebElement.lambda$new$0(EventFiringWebDriver.java:404)
	at com.sun.proxy.$Proxy11.click(Unknown Source)
	at org.openqa.selenium.support.events.EventFiringWebDriver$EventFiringWebElement.click(EventFiringWebDriver.java:417)
	at com.kms.katalon.core.webui.keyword.builtin.ClickKeyword$_click_closure1.doCall(ClickKeyword.groovy:68)
	at com.kms.katalon.core.webui.keyword.builtin.ClickKeyword$_click_closure1.call(ClickKeyword.groovy)
	at com.kms.katalon.core.webui.keyword.internal.WebUIKeywordMain.runKeyword(WebUIKeywordMain.groovy:20)
	at com.kms.katalon.core.webui.keyword.builtin.ClickKeyword.click(ClickKeyword.groovy:75)
	at com.kms.katalon.core.webui.keyword.builtin.ClickKeyword.execute(ClickKeyword.groovy:42)
	at com.kms.katalon.core.keyword.internal.KeywordExecutor.executeKeywordForPlatform(KeywordExecutor.groovy:74)
	at com.kms.katalon.core.webui.keyword.WebUiBuiltInKeywords.click(WebUiBuiltInKeywords.groovy:620)
	at com.kms.katalon.core.webui.keyword.WebUiBuiltInKeywords$click$10.call(Unknown Source)
	at Script1634674829687.run(Script1634674829687.groovy:280)
	... 13 more
)

2021-11-08 12:31:24 - [MESSAGE][FAILED] - Unable to click on object 'Object Repository/RAD_Pages/Landing_Page/button_Continue' (Root cause: com.kms.katalon.core.exception.StepFailedException: Unable to click on object 'Object Repository/RAD_Pages/Landing_Page/button_Continue'
	at com.kms.katalon.core.webui.keyword.internal.WebUIKeywordMain.stepFailed(WebUIKeywordMain.groovy:64)
	at com.kms.katalon.core.webui.keyword.internal.WebUIKeywordMain.runKeyword(WebUIKeywordMain.groovy:26)
	at com.kms.katalon.core.webui.keyword.builtin.ClickKeyword.click(ClickKeyword.groovy:75)
	at com.kms.katalon.core.webui.keyword.builtin.ClickKeyword.execute(ClickKeyword.groovy:42)
	at com.kms.katalon.core.keyword.internal.KeywordExecutor.executeKeywordForPlatform(KeywordExecutor.groovy:74)
	at com.kms.katalon.core.webui.keyword.WebUiBuiltInKeywords.click(WebUiBuiltInKeywords.groovy:620)
	at com.kms.katalon.core.webui.keyword.WebUiBuiltInKeywords$click$10.call(Unknown Source)
	at Payments_HC_TC.run(Payments_HC_TC:280)
	at com.kms.katalon.core.main.ScriptEngine.run(ScriptEngine.java:194)
	at com.kms.katalon.core.main.ScriptEngine.runScriptAsRawText(ScriptEngine.java:119)
	at com.kms.katalon.core.main.TestCaseExecutor.runScript(TestCaseExecutor.java:430)
	at com.kms.katalon.core.main.TestCaseExecutor.doExecute(TestCaseExecutor.java:421)
	at com.kms.katalon.core.main.TestCaseExecutor.processExecutionPhase(TestCaseExecutor.java:400)
	at com.kms.katalon.core.main.TestCaseExecutor.accessMainPhase(TestCaseExecutor.java:392)
	at com.kms.katalon.core.main.TestCaseExecutor.execute(TestCaseExecutor.java:273)
	at com.kms.katalon.core.main.TestSuiteExecutor.accessTestCaseMainPhase(TestSuiteExecutor.java:202)
	at com.kms.katalon.core.main.TestSuiteExecutor.accessTestSuiteMainPhase(TestSuiteExecutor.java:164)
	at com.kms.katalon.core.main.TestSuiteExecutor.execute(TestSuiteExecutor.java:105)
	at com.kms.katalon.core.main.TestCaseMain.startTestSuite(TestCaseMain.java:185)
	at com.kms.katalon.core.main.TestCaseMain$startTestSuite$0.call(Unknown Source)
	at TempTestSuite1636391403401.run(TempTestSuite1636391403401.groovy:36)
Caused by: org.openqa.selenium.ElementClickInterceptedException: element click intercepted: Element <button class="btn btn-primary float-end w-auto disablecontinue" disabled="">...</button> is not clickable at point (1046, 801). Other element would receive the click: <div class="w-100 mt-auto pt-3">...</div>
  (Session info: chrome=95.0.4638.69)
Build info: version: '3.141.59', revision: 'e82be7d358', time: '2018-11-14T08:25:53'
System info: host: 'DESKTOP-B2QI6NS', ip: '172.30.2.167', os.name: 'Windows 10', os.arch: 'amd64', os.version: '10.0', java.version: '1.8.0_181'
Driver info: com.kms.katalon.selenium.driver.CChromeDriver
Capabilities {acceptInsecureCerts: true, browserName: chrome, browserVersion: 95.0.4638.69, chrome: {chromedriverVersion: 95.0.4638.54 (d31a821ec901f..., userDataDir: C:\Users\iahmed\AppData\Loc...}, goog:chromeOptions: {debuggerAddress: localhost:55953}, javascriptEnabled: true, networkConnectionEnabled: false, pageLoadStrategy: normal, platform: WINDOWS, platformName: WINDOWS, proxy: Proxy(), setWindowRect: true, strictFileInteractability: false, timeouts: {implicit: 0, pageLoad: 300000, script: 30000}, unhandledPromptBehavior: dismiss and notify, webauthn:extension:credBlob: true, webauthn:extension:largeBlob: true, webauthn:virtualAuthenticators: true}
Session ID: a457b199f2978e046d6f19200e3319b6
	at org.openqa.selenium.remote.http.W3CHttpResponseCodec.createException(W3CHttpResponseCodec.java:187)
	at org.openqa.selenium.remote.http.W3CHttpResponseCodec.decode(W3CHttpResponseCodec.java:122)
	at org.openqa.selenium.remote.http.W3CHttpResponseCodec.decode(W3CHttpResponseCodec.java:49)
	at org.openqa.selenium.remote.HttpCommandExecutor.execute(HttpCommandExecutor.java:158)
	at org.openqa.selenium.remote.service.DriverCommandExecutor.execute(DriverCommandExecutor.java:83)
	at org.openqa.selenium.remote.RemoteWebDriver.execute(RemoteWebDriver.java:552)
	at com.kms.katalon.selenium.driver.CChromeDriver.execute(CChromeDriver.java:19)
	at org.openqa.selenium.remote.RemoteWebElement.execute(RemoteWebElement.java:285)
	at org.openqa.selenium.remote.RemoteWebElement.click(RemoteWebElement.java:84)
	at org.openqa.selenium.support.events.EventFiringWebDriver$EventFiringWebElement.lambda$new$0(EventFiringWebDriver.java:404)
	at com.sun.proxy.$Proxy11.click(Unknown Source)
	at org.openqa.selenium.support.events.EventFiringWebDriver$EventFiringWebElement.click(EventFiringWebDriver.java:417)
	at com.kms.katalon.core.webui.keyword.builtin.ClickKeyword$_click_closure1.doCall(ClickKeyword.groovy:68)
	at com.kms.katalon.core.webui.keyword.builtin.ClickKeyword$_click_closure1.call(ClickKeyword.groovy)
	at com.kms.katalon.core.webui.keyword.internal.WebUIKeywordMain.runKeyword(WebUIKeywordMain.groovy:20)
	at com.kms.katalon.core.webui.keyword.builtin.ClickKeyword.click(ClickKeyword.groovy:75)
	at com.kms.katalon.core.webui.keyword.builtin.ClickKeyword.execute(ClickKeyword.groovy:42)
	at com.kms.katalon.core.keyword.internal.KeywordExecutor.executeKeywordForPlatform(KeywordExecutor.groovy:74)
	at com.kms.katalon.core.webui.keyword.WebUiBuiltInKeywords.click(WebUiBuiltInKeywords.groovy:620)
	at com.kms.katalon.core.webui.keyword.WebUiBuiltInKeywords$click$10.call(Unknown Source)
	at Script1634674829687.run(Script1634674829687.groovy:280)
	... 13 more
)
[[ATTACHMENT|E:\\Cloned-Project-Katalon\\VPS-Katalon\\Reports\\20211108_121003\\RAD_TestSuite\\RAD_UI_TestSuite\\20211108_121003\\1636392684331.png]]

2021-11-08 12:31:24 - [TEST_STEP][FAILED] - verifyTextPresent("Review the information below and make any necessary corrections by clicking the", true): Text 'Review the information below and make any necessary corrections by clicking the' is not present on page  using regular expression (Root cause: com.kms.katalon.core.exception.StepFailedException: Text 'Review the information below and make any necessary corrections by clicking the' is not present on page  using regular expression
	at com.kms.katalon.core.webui.keyword.internal.WebUIKeywordMain.stepFailed(WebUIKeywordMain.groovy:64)
	at com.kms.katalon.core.webui.keyword.builtin.VerifyTextPresentKeyword$_verifyTextPresent_closure1.doCall(VerifyTextPresentKeyword.groovy:79)
	at com.kms.katalon.core.webui.keyword.builtin.VerifyTextPresentKeyword$_verifyTextPresent_closure1.call(VerifyTextPresentKeyword.groovy)
	at com.kms.katalon.core.webui.keyword.internal.WebUIKeywordMain.runKeyword(WebUIKeywordMain.groovy:20)
	at com.kms.katalon.core.webui.keyword.builtin.VerifyTextPresentKeyword.verifyTextPresent(VerifyTextPresentKeyword.groovy:83)
	at com.kms.katalon.core.webui.keyword.builtin.VerifyTextPresentKeyword.execute(VerifyTextPresentKeyword.groovy:68)
	at com.kms.katalon.core.keyword.internal.KeywordExecutor.executeKeywordForPlatform(KeywordExecutor.groovy:74)
	at com.kms.katalon.core.webui.keyword.WebUiBuiltInKeywords.verifyTextPresent(WebUiBuiltInKeywords.groovy:1723)
	at com.kms.katalon.core.webui.keyword.WebUiBuiltInKeywords$verifyTextPresent$3.call(Unknown Source)
	at Payments_HC_TC.run(Payments_HC_TC:284)
	at com.kms.katalon.core.main.ScriptEngine.run(ScriptEngine.java:194)
	at com.kms.katalon.core.main.ScriptEngine.runScriptAsRawText(ScriptEngine.java:119)
	at com.kms.katalon.core.main.TestCaseExecutor.runScript(TestCaseExecutor.java:430)
	at com.kms.katalon.core.main.TestCaseExecutor.doExecute(TestCaseExecutor.java:421)
	at com.kms.katalon.core.main.TestCaseExecutor.processExecutionPhase(TestCaseExecutor.java:400)
	at com.kms.katalon.core.main.TestCaseExecutor.accessMainPhase(TestCaseExecutor.java:392)
	at com.kms.katalon.core.main.TestCaseExecutor.execute(TestCaseExecutor.java:273)
	at com.kms.katalon.core.main.TestSuiteExecutor.accessTestCaseMainPhase(TestSuiteExecutor.java:202)
	at com.kms.katalon.core.main.TestSuiteExecutor.accessTestSuiteMainPhase(TestSuiteExecutor.java:164)
	at com.kms.katalon.core.main.TestSuiteExecutor.execute(TestSuiteExecutor.java:105)
	at com.kms.katalon.core.main.TestCaseMain.startTestSuite(TestCaseMain.java:185)
	at com.kms.katalon.core.main.TestCaseMain$startTestSuite$0.call(Unknown Source)
	at TempTestSuite1636391403401.run(TempTestSuite1636391403401.groovy:36)
)

2021-11-08 12:31:25 - [MESSAGE][FAILED] - Text 'Review the information below and make any necessary corrections by clicking the' is not present on page  using regular expression (Root cause: com.kms.katalon.core.exception.StepFailedException: Text 'Review the information below and make any necessary corrections by clicking the' is not present on page  using regular expression
	at com.kms.katalon.core.webui.keyword.internal.WebUIKeywordMain.stepFailed(WebUIKeywordMain.groovy:64)
	at com.kms.katalon.core.webui.keyword.builtin.VerifyTextPresentKeyword$_verifyTextPresent_closure1.doCall(VerifyTextPresentKeyword.groovy:79)
	at com.kms.katalon.core.webui.keyword.builtin.VerifyTextPresentKeyword$_verifyTextPresent_closure1.call(VerifyTextPresentKeyword.groovy)
	at com.kms.katalon.core.webui.keyword.internal.WebUIKeywordMain.runKeyword(WebUIKeywordMain.groovy:20)
	at com.kms.katalon.core.webui.keyword.builtin.VerifyTextPresentKeyword.verifyTextPresent(VerifyTextPresentKeyword.groovy:83)
	at com.kms.katalon.core.webui.keyword.builtin.VerifyTextPresentKeyword.execute(VerifyTextPresentKeyword.groovy:68)
	at com.kms.katalon.core.keyword.internal.KeywordExecutor.executeKeywordForPlatform(KeywordExecutor.groovy:74)
	at com.kms.katalon.core.webui.keyword.WebUiBuiltInKeywords.verifyTextPresent(WebUiBuiltInKeywords.groovy:1723)
	at com.kms.katalon.core.webui.keyword.WebUiBuiltInKeywords$verifyTextPresent$3.call(Unknown Source)
	at Payments_HC_TC.run(Payments_HC_TC:284)
	at com.kms.katalon.core.main.ScriptEngine.run(ScriptEngine.java:194)
	at com.kms.katalon.core.main.ScriptEngine.runScriptAsRawText(ScriptEngine.java:119)
	at com.kms.katalon.core.main.TestCaseExecutor.runScript(TestCaseExecutor.java:430)
	at com.kms.katalon.core.main.TestCaseExecutor.doExecute(TestCaseExecutor.java:421)
	at com.kms.katalon.core.main.TestCaseExecutor.processExecutionPhase(TestCaseExecutor.java:400)
	at com.kms.katalon.core.main.TestCaseExecutor.accessMainPhase(TestCaseExecutor.java:392)
	at com.kms.katalon.core.main.TestCaseExecutor.execute(TestCaseExecutor.java:273)
	at com.kms.katalon.core.main.TestSuiteExecutor.accessTestCaseMainPhase(TestSuiteExecutor.java:202)
	at com.kms.katalon.core.main.TestSuiteExecutor.accessTestSuiteMainPhase(TestSuiteExecutor.java:164)
	at com.kms.katalon.core.main.TestSuiteExecutor.execute(TestSuiteExecutor.java:105)
	at com.kms.katalon.core.main.TestCaseMain.startTestSuite(TestCaseMain.java:185)
	at com.kms.katalon.core.main.TestCaseMain$startTestSuite$0.call(Unknown Source)
	at TempTestSuite1636391403401.run(TempTestSuite1636391403401.groovy:36)
)

2021-11-08 12:31:25 - [TEST_STEP][FAILED] - verifyTextPresent("When you are confident that all the information is correct", true): Text 'When you are confident that all the information is correct' is not present on page  using regular expression (Root cause: com.kms.katalon.core.exception.StepFailedException: Text 'When you are confident that all the information is correct' is not present on page  using regular expression
	at com.kms.katalon.core.webui.keyword.internal.WebUIKeywordMain.stepFailed(WebUIKeywordMain.groovy:64)
	at com.kms.katalon.core.webui.keyword.builtin.VerifyTextPresentKeyword$_verifyTextPresent_closure1.doCall(VerifyTextPresentKeyword.groovy:79)
	at com.kms.katalon.core.webui.keyword.builtin.VerifyTextPresentKeyword$_verifyTextPresent_closure1.call(VerifyTextPresentKeyword.groovy)
	at com.kms.katalon.core.webui.keyword.internal.WebUIKeywordMain.runKeyword(WebUIKeywordMain.groovy:20)
	at com.kms.katalon.core.webui.keyword.builtin.VerifyTextPresentKeyword.verifyTextPresent(VerifyTextPresentKeyword.groovy:83)
	at com.kms.katalon.core.webui.keyword.builtin.VerifyTextPresentKeyword.execute(VerifyTextPresentKeyword.groovy:68)
	at com.kms.katalon.core.keyword.internal.KeywordExecutor.executeKeywordForPlatform(KeywordExecutor.groovy:74)
	at com.kms.katalon.core.webui.keyword.WebUiBuiltInKeywords.verifyTextPresent(WebUiBuiltInKeywords.groovy:1723)
	at com.kms.katalon.core.webui.keyword.WebUiBuiltInKeywords$verifyTextPresent$3.call(Unknown Source)
	at Payments_HC_TC.run(Payments_HC_TC:285)
	at com.kms.katalon.core.main.ScriptEngine.run(ScriptEngine.java:194)
	at com.kms.katalon.core.main.ScriptEngine.runScriptAsRawText(ScriptEngine.java:119)
	at com.kms.katalon.core.main.TestCaseExecutor.runScript(TestCaseExecutor.java:430)
	at com.kms.katalon.core.main.TestCaseExecutor.doExecute(TestCaseExecutor.java:421)
	at com.kms.katalon.core.main.TestCaseExecutor.processExecutionPhase(TestCaseExecutor.java:400)
	at com.kms.katalon.core.main.TestCaseExecutor.accessMainPhase(TestCaseExecutor.java:392)
	at com.kms.katalon.core.main.TestCaseExecutor.execute(TestCaseExecutor.java:273)
	at com.kms.katalon.core.main.TestSuiteExecutor.accessTestCaseMainPhase(TestSuiteExecutor.java:202)
	at com.kms.katalon.core.main.TestSuiteExecutor.accessTestSuiteMainPhase(TestSuiteExecutor.java:164)
	at com.kms.katalon.core.main.TestSuiteExecutor.execute(TestSuiteExecutor.java:105)
	at com.kms.katalon.core.main.TestCaseMain.startTestSuite(TestCaseMain.java:185)
	at com.kms.katalon.core.main.TestCaseMain$startTestSuite$0.call(Unknown Source)
	at TempTestSuite1636391403401.run(TempTestSuite1636391403401.groovy:36)
)

2021-11-08 12:31:25 - [MESSAGE][FAILED] - Text 'When you are confident that all the information is correct' is not present on page  using regular expression (Root cause: com.kms.katalon.core.exception.StepFailedException: Text 'When you are confident that all the information is correct' is not present on page  using regular expression
	at com.kms.katalon.core.webui.keyword.internal.WebUIKeywordMain.stepFailed(WebUIKeywordMain.groovy:64)
	at com.kms.katalon.core.webui.keyword.builtin.VerifyTextPresentKeyword$_verifyTextPresent_closure1.doCall(VerifyTextPresentKeyword.groovy:79)
	at com.kms.katalon.core.webui.keyword.builtin.VerifyTextPresentKeyword$_verifyTextPresent_closure1.call(VerifyTextPresentKeyword.groovy)
	at com.kms.katalon.core.webui.keyword.internal.WebUIKeywordMain.runKeyword(WebUIKeywordMain.groovy:20)
	at com.kms.katalon.core.webui.keyword.builtin.VerifyTextPresentKeyword.verifyTextPresent(VerifyTextPresentKeyword.groovy:83)
	at com.kms.katalon.core.webui.keyword.builtin.VerifyTextPresentKeyword.execute(VerifyTextPresentKeyword.groovy:68)
	at com.kms.katalon.core.keyword.internal.KeywordExecutor.executeKeywordForPlatform(KeywordExecutor.groovy:74)
	at com.kms.katalon.core.webui.keyword.WebUiBuiltInKeywords.verifyTextPresent(WebUiBuiltInKeywords.groovy:1723)
	at com.kms.katalon.core.webui.keyword.WebUiBuiltInKeywords$verifyTextPresent$3.call(Unknown Source)
	at Payments_HC_TC.run(Payments_HC_TC:285)
	at com.kms.katalon.core.main.ScriptEngine.run(ScriptEngine.java:194)
	at com.kms.katalon.core.main.ScriptEngine.runScriptAsRawText(ScriptEngine.java:119)
	at com.kms.katalon.core.main.TestCaseExecutor.runScript(TestCaseExecutor.java:430)
	at com.kms.katalon.core.main.TestCaseExecutor.doExecute(TestCaseExecutor.java:421)
	at com.kms.katalon.core.main.TestCaseExecutor.processExecutionPhase(TestCaseExecutor.java:400)
	at com.kms.katalon.core.main.TestCaseExecutor.accessMainPhase(TestCaseExecutor.java:392)
	at com.kms.katalon.core.main.TestCaseExecutor.execute(TestCaseExecutor.java:273)
	at com.kms.katalon.core.main.TestSuiteExecutor.accessTestCaseMainPhase(TestSuiteExecutor.java:202)
	at com.kms.katalon.core.main.TestSuiteExecutor.accessTestSuiteMainPhase(TestSuiteExecutor.java:164)
	at com.kms.katalon.core.main.TestSuiteExecutor.execute(TestSuiteExecutor.java:105)
	at com.kms.katalon.core.main.TestCaseMain.startTestSuite(TestCaseMain.java:185)
	at com.kms.katalon.core.main.TestCaseMain$startTestSuite$0.call(Unknown Source)
	at TempTestSuite1636391403401.run(TempTestSuite1636391403401.groovy:36)
)

2021-11-08 12:31:25 - [TEST_STEP][PASSED] - delay(1): Delayed 1 second(s)

2021-11-08 12:31:26 - [MESSAGE][PASSED] - Delayed 1 second(s)

2021-11-08 12:31:26 - [TEST_STEP][FAILED] - click(findTestObject(orPath_Summary + "/button_Proceed to Payment")): Unable to click on object 'Object Repository/RAD_Pages/Summary_Page/button_Proceed to Payment' (Root cause: com.kms.katalon.core.exception.StepFailedException: Unable to click on object 'Object Repository/RAD_Pages/Summary_Page/button_Proceed to Payment'
	at com.kms.katalon.core.webui.keyword.internal.WebUIKeywordMain.stepFailed(WebUIKeywordMain.groovy:64)
	at com.kms.katalon.core.webui.keyword.internal.WebUIKeywordMain.runKeyword(WebUIKeywordMain.groovy:26)
	at com.kms.katalon.core.webui.keyword.builtin.ClickKeyword.click(ClickKeyword.groovy:75)
	at com.kms.katalon.core.webui.keyword.builtin.ClickKeyword.execute(ClickKeyword.groovy:42)
	at com.kms.katalon.core.keyword.internal.KeywordExecutor.executeKeywordForPlatform(KeywordExecutor.groovy:74)
	at com.kms.katalon.core.webui.keyword.WebUiBuiltInKeywords.click(WebUiBuiltInKeywords.groovy:620)
	at com.kms.katalon.core.webui.keyword.WebUiBuiltInKeywords$click$10.call(Unknown Source)
	at Payments_HC_TC.run(Payments_HC_TC:291)
	at com.kms.katalon.core.main.ScriptEngine.run(ScriptEngine.java:194)
	at com.kms.katalon.core.main.ScriptEngine.runScriptAsRawText(ScriptEngine.java:119)
	at com.kms.katalon.core.main.TestCaseExecutor.runScript(TestCaseExecutor.java:430)
	at com.kms.katalon.core.main.TestCaseExecutor.doExecute(TestCaseExecutor.java:421)
	at com.kms.katalon.core.main.TestCaseExecutor.processExecutionPhase(TestCaseExecutor.java:400)
	at com.kms.katalon.core.main.TestCaseExecutor.accessMainPhase(TestCaseExecutor.java:392)
	at com.kms.katalon.core.main.TestCaseExecutor.execute(TestCaseExecutor.java:273)
	at com.kms.katalon.core.main.TestSuiteExecutor.accessTestCaseMainPhase(TestSuiteExecutor.java:202)
	at com.kms.katalon.core.main.TestSuiteExecutor.accessTestSuiteMainPhase(TestSuiteExecutor.java:164)
	at com.kms.katalon.core.main.TestSuiteExecutor.execute(TestSuiteExecutor.java:105)
	at com.kms.katalon.core.main.TestCaseMain.startTestSuite(TestCaseMain.java:185)
	at com.kms.katalon.core.main.TestCaseMain$startTestSuite$0.call(Unknown Source)
	at TempTestSuite1636391403401.run(TempTestSuite1636391403401.groovy:36)
Caused by: org.openqa.selenium.ElementNotInteractableException: element not interactable
  (Session info: chrome=95.0.4638.69)
Build info: version: '3.141.59', revision: 'e82be7d358', time: '2018-11-14T08:25:53'
System info: host: 'DESKTOP-B2QI6NS', ip: '172.30.2.167', os.name: 'Windows 10', os.arch: 'amd64', os.version: '10.0', java.version: '1.8.0_181'
Driver info: com.kms.katalon.selenium.driver.CChromeDriver
Capabilities {acceptInsecureCerts: true, browserName: chrome, browserVersion: 95.0.4638.69, chrome: {chromedriverVersion: 95.0.4638.54 (d31a821ec901f..., userDataDir: C:\Users\iahmed\AppData\Loc...}, goog:chromeOptions: {debuggerAddress: localhost:55953}, javascriptEnabled: true, networkConnectionEnabled: false, pageLoadStrategy: normal, platform: WINDOWS, platformName: WINDOWS, proxy: Proxy(), setWindowRect: true, strictFileInteractability: false, timeouts: {implicit: 0, pageLoad: 300000, script: 30000}, unhandledPromptBehavior: dismiss and notify, webauthn:extension:credBlob: true, webauthn:extension:largeBlob: true, webauthn:virtualAuthenticators: true}
Session ID: a457b199f2978e046d6f19200e3319b6
	at org.openqa.selenium.remote.http.W3CHttpResponseCodec.createException(W3CHttpResponseCodec.java:187)
	at org.openqa.selenium.remote.http.W3CHttpResponseCodec.decode(W3CHttpResponseCodec.java:122)
	at org.openqa.selenium.remote.http.W3CHttpResponseCodec.decode(W3CHttpResponseCodec.java:49)
	at org.openqa.selenium.remote.HttpCommandExecutor.execute(HttpCommandExecutor.java:158)
	at org.openqa.selenium.remote.service.DriverCommandExecutor.execute(DriverCommandExecutor.java:83)
	at org.openqa.selenium.remote.RemoteWebDriver.execute(RemoteWebDriver.java:552)
	at com.kms.katalon.selenium.driver.CChromeDriver.execute(CChromeDriver.java:19)
	at org.openqa.selenium.remote.RemoteWebElement.execute(RemoteWebElement.java:285)
	at org.openqa.selenium.remote.RemoteWebElement.click(RemoteWebElement.java:84)
	at org.openqa.selenium.support.events.EventFiringWebDriver$EventFiringWebElement.lambda$new$0(EventFiringWebDriver.java:404)
	at com.sun.proxy.$Proxy11.click(Unknown Source)
	at org.openqa.selenium.support.events.EventFiringWebDriver$EventFiringWebElement.click(EventFiringWebDriver.java:417)
	at com.kms.katalon.core.webui.keyword.builtin.ClickKeyword$_click_closure1.doCall(ClickKeyword.groovy:68)
	at com.kms.katalon.core.webui.keyword.builtin.ClickKeyword$_click_closure1.call(ClickKeyword.groovy)
	at com.kms.katalon.core.webui.keyword.internal.WebUIKeywordMain.runKeyword(WebUIKeywordMain.groovy:20)
	at com.kms.katalon.core.webui.keyword.builtin.ClickKeyword.click(ClickKeyword.groovy:75)
	at com.kms.katalon.core.webui.keyword.builtin.ClickKeyword.execute(ClickKeyword.groovy:42)
	at com.kms.katalon.core.keyword.internal.KeywordExecutor.executeKeywordForPlatform(KeywordExecutor.groovy:74)
	at com.kms.katalon.core.webui.keyword.WebUiBuiltInKeywords.click(WebUiBuiltInKeywords.groovy:620)
	at com.kms.katalon.core.webui.keyword.WebUiBuiltInKeywords$click$10.call(Unknown Source)
	at Script1634674829687.run(Script1634674829687.groovy:291)
	... 13 more
)

2021-11-08 12:31:26 - [MESSAGE][FAILED] - Unable to click on object 'Object Repository/RAD_Pages/Summary_Page/button_Proceed to Payment' (Root cause: com.kms.katalon.core.exception.StepFailedException: Unable to click on object 'Object Repository/RAD_Pages/Summary_Page/button_Proceed to Payment'
	at com.kms.katalon.core.webui.keyword.internal.WebUIKeywordMain.stepFailed(WebUIKeywordMain.groovy:64)
	at com.kms.katalon.core.webui.keyword.internal.WebUIKeywordMain.runKeyword(WebUIKeywordMain.groovy:26)
	at com.kms.katalon.core.webui.keyword.builtin.ClickKeyword.click(ClickKeyword.groovy:75)
	at com.kms.katalon.core.webui.keyword.builtin.ClickKeyword.execute(ClickKeyword.groovy:42)
	at com.kms.katalon.core.keyword.internal.KeywordExecutor.executeKeywordForPlatform(KeywordExecutor.groovy:74)
	at com.kms.katalon.core.webui.keyword.WebUiBuiltInKeywords.click(WebUiBuiltInKeywords.groovy:620)
	at com.kms.katalon.core.webui.keyword.WebUiBuiltInKeywords$click$10.call(Unknown Source)
	at Payments_HC_TC.run(Payments_HC_TC:291)
	at com.kms.katalon.core.main.ScriptEngine.run(ScriptEngine.java:194)
	at com.kms.katalon.core.main.ScriptEngine.runScriptAsRawText(ScriptEngine.java:119)
	at com.kms.katalon.core.main.TestCaseExecutor.runScript(TestCaseExecutor.java:430)
	at com.kms.katalon.core.main.TestCaseExecutor.doExecute(TestCaseExecutor.java:421)
	at com.kms.katalon.core.main.TestCaseExecutor.processExecutionPhase(TestCaseExecutor.java:400)
	at com.kms.katalon.core.main.TestCaseExecutor.accessMainPhase(TestCaseExecutor.java:392)
	at com.kms.katalon.core.main.TestCaseExecutor.execute(TestCaseExecutor.java:273)
	at com.kms.katalon.core.main.TestSuiteExecutor.accessTestCaseMainPhase(TestSuiteExecutor.java:202)
	at com.kms.katalon.core.main.TestSuiteExecutor.accessTestSuiteMainPhase(TestSuiteExecutor.java:164)
	at com.kms.katalon.core.main.TestSuiteExecutor.execute(TestSuiteExecutor.java:105)
	at com.kms.katalon.core.main.TestCaseMain.startTestSuite(TestCaseMain.java:185)
	at com.kms.katalon.core.main.TestCaseMain$startTestSuite$0.call(Unknown Source)
	at TempTestSuite1636391403401.run(TempTestSuite1636391403401.groovy:36)
Caused by: org.openqa.selenium.ElementNotInteractableException: element not interactable
  (Session info: chrome=95.0.4638.69)
Build info: version: '3.141.59', revision: 'e82be7d358', time: '2018-11-14T08:25:53'
System info: host: 'DESKTOP-B2QI6NS', ip: '172.30.2.167', os.name: 'Windows 10', os.arch: 'amd64', os.version: '10.0', java.version: '1.8.0_181'
Driver info: com.kms.katalon.selenium.driver.CChromeDriver
Capabilities {acceptInsecureCerts: true, browserName: chrome, browserVersion: 95.0.4638.69, chrome: {chromedriverVersion: 95.0.4638.54 (d31a821ec901f..., userDataDir: C:\Users\iahmed\AppData\Loc...}, goog:chromeOptions: {debuggerAddress: localhost:55953}, javascriptEnabled: true, networkConnectionEnabled: false, pageLoadStrategy: normal, platform: WINDOWS, platformName: WINDOWS, proxy: Proxy(), setWindowRect: true, strictFileInteractability: false, timeouts: {implicit: 0, pageLoad: 300000, script: 30000}, unhandledPromptBehavior: dismiss and notify, webauthn:extension:credBlob: true, webauthn:extension:largeBlob: true, webauthn:virtualAuthenticators: true}
Session ID: a457b199f2978e046d6f19200e3319b6
	at org.openqa.selenium.remote.http.W3CHttpResponseCodec.createException(W3CHttpResponseCodec.java:187)
	at org.openqa.selenium.remote.http.W3CHttpResponseCodec.decode(W3CHttpResponseCodec.java:122)
	at org.openqa.selenium.remote.http.W3CHttpResponseCodec.decode(W3CHttpResponseCodec.java:49)
	at org.openqa.selenium.remote.HttpCommandExecutor.execute(HttpCommandExecutor.java:158)
	at org.openqa.selenium.remote.service.DriverCommandExecutor.execute(DriverCommandExecutor.java:83)
	at org.openqa.selenium.remote.RemoteWebDriver.execute(RemoteWebDriver.java:552)
	at com.kms.katalon.selenium.driver.CChromeDriver.execute(CChromeDriver.java:19)
	at org.openqa.selenium.remote.RemoteWebElement.execute(RemoteWebElement.java:285)
	at org.openqa.selenium.remote.RemoteWebElement.click(RemoteWebElement.java:84)
	at org.openqa.selenium.support.events.EventFiringWebDriver$EventFiringWebElement.lambda$new$0(EventFiringWebDriver.java:404)
	at com.sun.proxy.$Proxy11.click(Unknown Source)
	at org.openqa.selenium.support.events.EventFiringWebDriver$EventFiringWebElement.click(EventFiringWebDriver.java:417)
	at com.kms.katalon.core.webui.keyword.builtin.ClickKeyword$_click_closure1.doCall(ClickKeyword.groovy:68)
	at com.kms.katalon.core.webui.keyword.builtin.ClickKeyword$_click_closure1.call(ClickKeyword.groovy)
	at com.kms.katalon.core.webui.keyword.internal.WebUIKeywordMain.runKeyword(WebUIKeywordMain.groovy:20)
	at com.kms.katalon.core.webui.keyword.builtin.ClickKeyword.click(ClickKeyword.groovy:75)
	at com.kms.katalon.core.webui.keyword.builtin.ClickKeyword.execute(ClickKeyword.groovy:42)
	at com.kms.katalon.core.keyword.internal.KeywordExecutor.executeKeywordForPlatform(KeywordExecutor.groovy:74)
	at com.kms.katalon.core.webui.keyword.WebUiBuiltInKeywords.click(WebUiBuiltInKeywords.groovy:620)
	at com.kms.katalon.core.webui.keyword.WebUiBuiltInKeywords$click$10.call(Unknown Source)
	at Script1634674829687.run(Script1634674829687.groovy:291)
	... 13 more
)
[[ATTACHMENT|E:\\Cloned-Project-Katalon\\VPS-Katalon\\Reports\\20211108_121003\\RAD_TestSuite\\RAD_UI_TestSuite\\20211108_121003\\1636392686725.png]]

2021-11-08 12:31:26 - [TEST_STEP][FAILED] - setText(findTestObject(orPath_PaymentEntry + "/input__cardNumber"), CCNumber): Unable to set text '4012000098765439' of object 'Object Repository/RAD_Pages/PaymentEntry_Page/input__cardNumber' (Root cause: com.kms.katalon.core.exception.StepFailedException: Unable to set text '4012000098765439' of object 'Object Repository/RAD_Pages/PaymentEntry_Page/input__cardNumber'
	at com.kms.katalon.core.webui.keyword.internal.WebUIKeywordMain.stepFailed(WebUIKeywordMain.groovy:64)
	at com.kms.katalon.core.webui.keyword.internal.WebUIKeywordMain.runKeyword(WebUIKeywordMain.groovy:26)
	at com.kms.katalon.core.webui.keyword.builtin.SetTextKeyword.setText(SetTextKeyword.groovy:66)
	at com.kms.katalon.core.webui.keyword.builtin.SetTextKeyword.execute(SetTextKeyword.groovy:37)
	at com.kms.katalon.core.keyword.internal.KeywordExecutor.executeKeywordForPlatform(KeywordExecutor.groovy:74)
	at com.kms.katalon.core.webui.keyword.WebUiBuiltInKeywords.setText(WebUiBuiltInKeywords.groovy:980)
	at com.kms.katalon.core.webui.keyword.WebUiBuiltInKeywords$setText$11.call(Unknown Source)
	at Payments_HC_TC.run(Payments_HC_TC:303)
	at com.kms.katalon.core.main.ScriptEngine.run(ScriptEngine.java:194)
	at com.kms.katalon.core.main.ScriptEngine.runScriptAsRawText(ScriptEngine.java:119)
	at com.kms.katalon.core.main.TestCaseExecutor.runScript(TestCaseExecutor.java:430)
	at com.kms.katalon.core.main.TestCaseExecutor.doExecute(TestCaseExecutor.java:421)
	at com.kms.katalon.core.main.TestCaseExecutor.processExecutionPhase(TestCaseExecutor.java:400)
	at com.kms.katalon.core.main.TestCaseExecutor.accessMainPhase(TestCaseExecutor.java:392)
	at com.kms.katalon.core.main.TestCaseExecutor.execute(TestCaseExecutor.java:273)
	at com.kms.katalon.core.main.TestSuiteExecutor.accessTestCaseMainPhase(TestSuiteExecutor.java:202)
	at com.kms.katalon.core.main.TestSuiteExecutor.accessTestSuiteMainPhase(TestSuiteExecutor.java:164)
	at com.kms.katalon.core.main.TestSuiteExecutor.execute(TestSuiteExecutor.java:105)
	at com.kms.katalon.core.main.TestCaseMain.startTestSuite(TestCaseMain.java:185)
	at com.kms.katalon.core.main.TestCaseMain$startTestSuite$0.call(Unknown Source)
	at TempTestSuite1636391403401.run(TempTestSuite1636391403401.groovy:36)
Caused by: com.kms.katalon.core.webui.exception.WebElementNotFoundException: Web element with id: 'Object Repository/RAD_Pages/PaymentEntry_Page/input__cardNumber' located by '//*[@type = 'text' and @id = 'cardNumber' and @name = 'cardNumber' and @alt = 'Card Number']' not found
	at com.kms.katalon.core.webui.common.WebUiCommonHelper.findWebElement(WebUiCommonHelper.java:1368)
	at com.kms.katalon.core.webui.keyword.internal.WebUIAbstractKeyword.findWebElement(WebUIAbstractKeyword.groovy:27)
	at com.kms.katalon.core.webui.keyword.internal.WebUIAbstractKeyword.findWebElement(WebUIAbstractKeyword.groovy:26)
	at com.kms.katalon.core.webui.keyword.builtin.SetTextKeyword$_setText_closure1.doCall(SetTextKeyword.groovy:51)
	at com.kms.katalon.core.webui.keyword.builtin.SetTextKeyword$_setText_closure1.call(SetTextKeyword.groovy)
	at com.kms.katalon.core.webui.keyword.internal.WebUIKeywordMain.runKeyword(WebUIKeywordMain.groovy:20)
	at com.kms.katalon.core.webui.keyword.builtin.SetTextKeyword.setText(SetTextKeyword.groovy:66)
	at com.kms.katalon.core.webui.keyword.builtin.SetTextKeyword.execute(SetTextKeyword.groovy:37)
	at com.kms.katalon.core.keyword.internal.KeywordExecutor.executeKeywordForPlatform(KeywordExecutor.groovy:74)
	at com.kms.katalon.core.webui.keyword.WebUiBuiltInKeywords.setText(WebUiBuiltInKeywords.groovy:980)
	at com.kms.katalon.core.webui.keyword.WebUiBuiltInKeywords$setText$11.call(Unknown Source)
	at Script1634674829687.run(Script1634674829687.groovy:303)
	... 13 more
)

2021-11-08 12:31:58 - [MESSAGE][INFO] - Unable to find the element located by 'By.xpath: //*[@type = 'text' and @id = 'cardNumber' and @name = 'cardNumber' and @alt = 'Card Number']'. Please recheck the objects properties to make sure the desired element is located. 

2021-11-08 12:31:58 - [MESSAGE][WARNING] - [SELF-HEALING] Failed to find element with id 'Object Repository/RAD_Pages/PaymentEntry_Page/input__cardNumber'. Try using Self-healing.

2021-11-08 12:31:59 - [MESSAGE][INFO] - Unable to find the element located by 'By.xpath: //input[@id='cardNumber']'. Please recheck the objects properties to make sure the desired element is located. 

2021-11-08 12:31:59 - [MESSAGE][INFO] - [SELF-HEALING] Failed Locator: '//input[@id='cardNumber']'.

2021-11-08 12:31:59 - [MESSAGE][INFO] - [SELF-HEALING] Failed Locator: '//form[@id='process']/div/div/div[3]/div/div/input'.

2021-11-08 12:31:59 - [MESSAGE][INFO] - [SELF-HEALING] Working Locator: '//div[3]/div/div/input'.

2021-11-08 12:31:59 - [MESSAGE][ERROR] - [SELF-HEALING] Cannot save screenshot to: E:\Cloned-Project-Katalon\VPS-Katalon\Reports\Self-healing, reason: unknown error: unhandled inspector error: {"code":-32000,"message":"Cannot take screenshot with 0 width."}
  (Session info: chrome=95.0.4638.69)
Build info: version: '3.141.59', revision: 'e82be7d358', time: '2018-11-14T08:25:53'
System info: host: 'DESKTOP-B2QI6NS', ip: '172.30.2.167', os.name: 'Windows 10', os.arch: 'amd64', os.version: '10.0', java.version: '1.8.0_181'
Driver info: com.kms.katalon.selenium.driver.CChromeDriver
Capabilities {acceptInsecureCerts: true, browserName: chrome, browserVersion: 95.0.4638.69, chrome: {chromedriverVersion: 95.0.4638.54 (d31a821ec901f..., userDataDir: C:\Users\iahmed\AppData\Loc...}, goog:chromeOptions: {debuggerAddress: localhost:55953}, javascriptEnabled: true, networkConnectionEnabled: false, pageLoadStrategy: normal, platform: WINDOWS, platformName: WINDOWS, proxy: Proxy(), setWindowRect: true, strictFileInteractability: false, timeouts: {implicit: 0, pageLoad: 300000, script: 30000}, unhandledPromptBehavior: dismiss and notify, webauthn:extension:credBlob: true, webauthn:extension:largeBlob: true, webauthn:virtualAuthenticators: true}
Session ID: a457b199f2978e046d6f19200e3319b6.

2021-11-08 12:31:59 - [MESSAGE][ERROR] - [SELF-HEALING] Cannot save screenshot to: E:\Cloned-Project-Katalon\VPS-Katalon\Reports\Self-healing, reason: unknown error: unhandled inspector error: {"code":-32000,"message":"Cannot take screenshot with 0 width."}
  (Session info: chrome=95.0.4638.69)
Build info: version: '3.141.59', revision: 'e82be7d358', time: '2018-11-14T08:25:53'
System info: host: 'DESKTOP-B2QI6NS', ip: '172.30.2.167', os.name: 'Windows 10', os.arch: 'amd64', os.version: '10.0', java.version: '1.8.0_181'
Driver info: com.kms.katalon.selenium.driver.CChromeDriver
Capabilities {acceptInsecureCerts: true, browserName: chrome, browserVersion: 95.0.4638.69, chrome: {chromedriverVersion: 95.0.4638.54 (d31a821ec901f..., userDataDir: C:\Users\iahmed\AppData\Loc...}, goog:chromeOptions: {debuggerAddress: localhost:55953}, javascriptEnabled: true, networkConnectionEnabled: false, pageLoadStrategy: normal, platform: WINDOWS, platformName: WINDOWS, proxy: Proxy(), setWindowRect: true, strictFileInteractability: false, timeouts: {implicit: 0, pageLoad: 300000, script: 30000}, unhandledPromptBehavior: dismiss and notify, webauthn:extension:credBlob: true, webauthn:extension:largeBlob: true, webauthn:virtualAuthenticators: true}
Session ID: a457b199f2978e046d6f19200e3319b6.

2021-11-08 12:31:59 - [MESSAGE][WARNING] - [SELF-HEALING] 'other' is different type of Path

2021-11-08 12:32:00 - [MESSAGE][INFO] - Unable to find the element located by 'By.cssSelector: #cardNumber'. Please recheck the objects properties to make sure the desired element is located. 

2021-11-08 12:32:01 - [MESSAGE][FAILED] - Unable to set text '4012000098765439' of object 'Object Repository/RAD_Pages/PaymentEntry_Page/input__cardNumber' (Root cause: com.kms.katalon.core.exception.StepFailedException: Unable to set text '4012000098765439' of object 'Object Repository/RAD_Pages/PaymentEntry_Page/input__cardNumber'
	at com.kms.katalon.core.webui.keyword.internal.WebUIKeywordMain.stepFailed(WebUIKeywordMain.groovy:64)
	at com.kms.katalon.core.webui.keyword.internal.WebUIKeywordMain.runKeyword(WebUIKeywordMain.groovy:26)
	at com.kms.katalon.core.webui.keyword.builtin.SetTextKeyword.setText(SetTextKeyword.groovy:66)
	at com.kms.katalon.core.webui.keyword.builtin.SetTextKeyword.execute(SetTextKeyword.groovy:37)
	at com.kms.katalon.core.keyword.internal.KeywordExecutor.executeKeywordForPlatform(KeywordExecutor.groovy:74)
	at com.kms.katalon.core.webui.keyword.WebUiBuiltInKeywords.setText(WebUiBuiltInKeywords.groovy:980)
	at com.kms.katalon.core.webui.keyword.WebUiBuiltInKeywords$setText$11.call(Unknown Source)
	at Payments_HC_TC.run(Payments_HC_TC:303)
	at com.kms.katalon.core.main.ScriptEngine.run(ScriptEngine.java:194)
	at com.kms.katalon.core.main.ScriptEngine.runScriptAsRawText(ScriptEngine.java:119)
	at com.kms.katalon.core.main.TestCaseExecutor.runScript(TestCaseExecutor.java:430)
	at com.kms.katalon.core.main.TestCaseExecutor.doExecute(TestCaseExecutor.java:421)
	at com.kms.katalon.core.main.TestCaseExecutor.processExecutionPhase(TestCaseExecutor.java:400)
	at com.kms.katalon.core.main.TestCaseExecutor.accessMainPhase(TestCaseExecutor.java:392)
	at com.kms.katalon.core.main.TestCaseExecutor.execute(TestCaseExecutor.java:273)
	at com.kms.katalon.core.main.TestSuiteExecutor.accessTestCaseMainPhase(TestSuiteExecutor.java:202)
	at com.kms.katalon.core.main.TestSuiteExecutor.accessTestSuiteMainPhase(TestSuiteExecutor.java:164)
	at com.kms.katalon.core.main.TestSuiteExecutor.execute(TestSuiteExecutor.java:105)
	at com.kms.katalon.core.main.TestCaseMain.startTestSuite(TestCaseMain.java:185)
	at com.kms.katalon.core.main.TestCaseMain$startTestSuite$0.call(Unknown Source)
	at TempTestSuite1636391403401.run(TempTestSuite1636391403401.groovy:36)
Caused by: com.kms.katalon.core.webui.exception.WebElementNotFoundException: Web element with id: 'Object Repository/RAD_Pages/PaymentEntry_Page/input__cardNumber' located by '//*[@type = 'text' and @id = 'cardNumber' and @name = 'cardNumber' and @alt = 'Card Number']' not found
	at com.kms.katalon.core.webui.common.WebUiCommonHelper.findWebElement(WebUiCommonHelper.java:1368)
	at com.kms.katalon.core.webui.keyword.internal.WebUIAbstractKeyword.findWebElement(WebUIAbstractKeyword.groovy:27)
	at com.kms.katalon.core.webui.keyword.internal.WebUIAbstractKeyword.findWebElement(WebUIAbstractKeyword.groovy:26)
	at com.kms.katalon.core.webui.keyword.builtin.SetTextKeyword$_setText_closure1.doCall(SetTextKeyword.groovy:51)
	at com.kms.katalon.core.webui.keyword.builtin.SetTextKeyword$_setText_closure1.call(SetTextKeyword.groovy)
	at com.kms.katalon.core.webui.keyword.internal.WebUIKeywordMain.runKeyword(WebUIKeywordMain.groovy:20)
	at com.kms.katalon.core.webui.keyword.builtin.SetTextKeyword.setText(SetTextKeyword.groovy:66)
	at com.kms.katalon.core.webui.keyword.builtin.SetTextKeyword.execute(SetTextKeyword.groovy:37)
	at com.kms.katalon.core.keyword.internal.KeywordExecutor.executeKeywordForPlatform(KeywordExecutor.groovy:74)
	at com.kms.katalon.core.webui.keyword.WebUiBuiltInKeywords.setText(WebUiBuiltInKeywords.groovy:980)
	at com.kms.katalon.core.webui.keyword.WebUiBuiltInKeywords$setText$11.call(Unknown Source)
	at Script1634674829687.run(Script1634674829687.groovy:303)
	... 13 more
)
[[ATTACHMENT|E:\\Cloned-Project-Katalon\\VPS-Katalon\\Reports\\20211108_121003\\RAD_TestSuite\\RAD_UI_TestSuite\\20211108_121003\\1636392720944.png]]

2021-11-08 12:32:01 - [TEST_STEP][PASSED] - setText(findTestObject(orPath_PaymentEntry + "/input__spc"), CVV): Text '123' is set on object 'Object Repository/RAD_Pages/PaymentEntry_Page/input__spc'

2021-11-08 12:32:32 - [MESSAGE][INFO] - Unable to find the element located by 'By.xpath: //*[@type = 'text' and @class = 'form-control' and @name = 'spc' and @id = 'spc']'. Please recheck the objects properties to make sure the desired element is located. 

2021-11-08 12:32:32 - [MESSAGE][WARNING] - [SELF-HEALING] Failed to find element with id 'Object Repository/RAD_Pages/PaymentEntry_Page/input__spc'. Try using Self-healing.

2021-11-08 12:32:32 - [MESSAGE][WARNING] - [SELF-HEALING] The current locator of test object 'Object Repository/RAD_Pages/PaymentEntry_Page/input__spc' was broken. Propose an alternative one: '//div[4]/div/div/input'.

2021-11-08 12:33:03 - [MESSAGE][INFO] - Unable to find the element located by 'By.xpath: //*[@type = 'text' and @class = 'form-control' and @name = 'spc' and @id = 'spc']'. Please recheck the objects properties to make sure the desired element is located. 

2021-11-08 12:33:03 - [MESSAGE][WARNING] - [SELF-HEALING] Failed to find element with id 'Object Repository/RAD_Pages/PaymentEntry_Page/input__spc'. Try using Self-healing.

2021-11-08 12:33:04 - [MESSAGE][WARNING] - [SELF-HEALING] The current locator of test object 'Object Repository/RAD_Pages/PaymentEntry_Page/input__spc' was broken. Propose an alternative one: '//div[4]/div/div/input'.

2021-11-08 12:33:04 - [MESSAGE][PASSED] - Text '123' is set on object 'Object Repository/RAD_Pages/PaymentEntry_Page/input__spc'

2021-11-08 12:33:04 - [TEST_STEP][FAILED] - selectOptionByLabel(findTestObject(orPath_PaymentEntry + "/select_MM"), "12", false): Unable to select option by label '12' of object 'Object Repository/RAD_Pages/PaymentEntry_Page/select_MM'  (Root cause: com.kms.katalon.core.exception.StepFailedException: Unable to select option by label '12' of object 'Object Repository/RAD_Pages/PaymentEntry_Page/select_MM' 
	at com.kms.katalon.core.webui.keyword.internal.WebUIKeywordMain.stepFailed(WebUIKeywordMain.groovy:64)
	at com.kms.katalon.core.webui.keyword.internal.WebUIKeywordMain.runKeyword(WebUIKeywordMain.groovy:26)
	at com.kms.katalon.core.webui.keyword.builtin.SelectOptionByLabelKeyword.selectOptionByLabel(SelectOptionByLabelKeyword.groovy:98)
	at com.kms.katalon.core.webui.keyword.builtin.SelectOptionByLabelKeyword.execute(SelectOptionByLabelKeyword.groovy:71)
	at com.kms.katalon.core.keyword.internal.KeywordExecutor.executeKeywordForPlatform(KeywordExecutor.groovy:74)
	at com.kms.katalon.core.webui.keyword.WebUiBuiltInKeywords.selectOptionByLabel(WebUiBuiltInKeywords.groovy:1230)
	at com.kms.katalon.core.webui.keyword.WebUiBuiltInKeywords$selectOptionByLabel$6.call(Unknown Source)
	at Payments_HC_TC.run(Payments_HC_TC:305)
	at com.kms.katalon.core.main.ScriptEngine.run(ScriptEngine.java:194)
	at com.kms.katalon.core.main.ScriptEngine.runScriptAsRawText(ScriptEngine.java:119)
	at com.kms.katalon.core.main.TestCaseExecutor.runScript(TestCaseExecutor.java:430)
	at com.kms.katalon.core.main.TestCaseExecutor.doExecute(TestCaseExecutor.java:421)
	at com.kms.katalon.core.main.TestCaseExecutor.processExecutionPhase(TestCaseExecutor.java:400)
	at com.kms.katalon.core.main.TestCaseExecutor.accessMainPhase(TestCaseExecutor.java:392)
	at com.kms.katalon.core.main.TestCaseExecutor.execute(TestCaseExecutor.java:273)
	at com.kms.katalon.core.main.TestSuiteExecutor.accessTestCaseMainPhase(TestSuiteExecutor.java:202)
	at com.kms.katalon.core.main.TestSuiteExecutor.accessTestSuiteMainPhase(TestSuiteExecutor.java:164)
	at com.kms.katalon.core.main.TestSuiteExecutor.execute(TestSuiteExecutor.java:105)
	at com.kms.katalon.core.main.TestCaseMain.startTestSuite(TestCaseMain.java:185)
	at com.kms.katalon.core.main.TestCaseMain$startTestSuite$0.call(Unknown Source)
	at TempTestSuite1636391403401.run(TempTestSuite1636391403401.groovy:36)
Caused by: org.openqa.selenium.NoSuchElementException: Cannot locate element with text: 12
For documentation on this error, please visit: https://www.seleniumhq.org/exceptions/no_such_element.html
Build info: version: '3.141.59', revision: 'e82be7d358', time: '2018-11-14T08:25:53'
System info: host: 'DESKTOP-B2QI6NS', ip: '172.30.2.167', os.name: 'Windows 10', os.arch: 'amd64', os.version: '10.0', java.version: '1.8.0_181'
Driver info: driver.version: unknown
	at org.openqa.selenium.support.ui.Select.selectByVisibleText(Select.java:147)
	at com.kms.katalon.core.webui.common.WebUiCommonHelper.selectOrDeselectOptionsByLabel(WebUiCommonHelper.java:310)
	at com.kms.katalon.core.webui.keyword.builtin.SelectOptionByLabelKeyword$_selectOptionByLabel_closure1.doCall(SelectOptionByLabelKeyword.groovy:87)
	at com.kms.katalon.core.webui.keyword.builtin.SelectOptionByLabelKeyword$_selectOptionByLabel_closure1.call(SelectOptionByLabelKeyword.groovy)
	at com.kms.katalon.core.webui.keyword.internal.WebUIKeywordMain.runKeyword(WebUIKeywordMain.groovy:20)
	at com.kms.katalon.core.webui.keyword.builtin.SelectOptionByLabelKeyword.selectOptionByLabel(SelectOptionByLabelKeyword.groovy:98)
	at com.kms.katalon.core.webui.keyword.builtin.SelectOptionByLabelKeyword.execute(SelectOptionByLabelKeyword.groovy:71)
	at com.kms.katalon.core.keyword.internal.KeywordExecutor.executeKeywordForPlatform(KeywordExecutor.groovy:74)
	at com.kms.katalon.core.webui.keyword.WebUiBuiltInKeywords.selectOptionByLabel(WebUiBuiltInKeywords.groovy:1230)
	at com.kms.katalon.core.webui.keyword.WebUiBuiltInKeywords$selectOptionByLabel$6.call(Unknown Source)
	at Script1634674829687.run(Script1634674829687.groovy:305)
	... 13 more
)

2021-11-08 12:33:35 - [MESSAGE][INFO] - Unable to find the element located by 'By.xpath: //*[@name = 'cardExpMonth' and @alt = 'Expiration Date' and (text() = '
									MM
										
									01
						
									02
						
									03
						
									04
						
									05
						
									06
						
									07
						
									08
						
									09
						
									10
						
									11
						
									12
						
								' or . = '
									MM
										
									01
						
									02
						
									03
						
									04
						
									05
						
									06
						
									07
						
									08
						
									09
						
									10
						
									11
						
									12
						
								')]'. Please recheck the objects properties to make sure the desired element is located. 

2021-11-08 12:33:35 - [MESSAGE][WARNING] - [SELF-HEALING] Failed to find element with id 'Object Repository/RAD_Pages/PaymentEntry_Page/select_MM'. Try using Self-healing.

2021-11-08 12:33:35 - [MESSAGE][WARNING] - [SELF-HEALING] The current locator of test object 'Object Repository/RAD_Pages/PaymentEntry_Page/select_MM' was broken. Propose an alternative one: '//select'.

2021-11-08 12:33:36 - [MESSAGE][FAILED] - Unable to select option by label '12' of object 'Object Repository/RAD_Pages/PaymentEntry_Page/select_MM'  (Root cause: com.kms.katalon.core.exception.StepFailedException: Unable to select option by label '12' of object 'Object Repository/RAD_Pages/PaymentEntry_Page/select_MM' 
	at com.kms.katalon.core.webui.keyword.internal.WebUIKeywordMain.stepFailed(WebUIKeywordMain.groovy:64)
	at com.kms.katalon.core.webui.keyword.internal.WebUIKeywordMain.runKeyword(WebUIKeywordMain.groovy:26)
	at com.kms.katalon.core.webui.keyword.builtin.SelectOptionByLabelKeyword.selectOptionByLabel(SelectOptionByLabelKeyword.groovy:98)
	at com.kms.katalon.core.webui.keyword.builtin.SelectOptionByLabelKeyword.execute(SelectOptionByLabelKeyword.groovy:71)
	at com.kms.katalon.core.keyword.internal.KeywordExecutor.executeKeywordForPlatform(KeywordExecutor.groovy:74)
	at com.kms.katalon.core.webui.keyword.WebUiBuiltInKeywords.selectOptionByLabel(WebUiBuiltInKeywords.groovy:1230)
	at com.kms.katalon.core.webui.keyword.WebUiBuiltInKeywords$selectOptionByLabel$6.call(Unknown Source)
	at Payments_HC_TC.run(Payments_HC_TC:305)
	at com.kms.katalon.core.main.ScriptEngine.run(ScriptEngine.java:194)
	at com.kms.katalon.core.main.ScriptEngine.runScriptAsRawText(ScriptEngine.java:119)
	at com.kms.katalon.core.main.TestCaseExecutor.runScript(TestCaseExecutor.java:430)
	at com.kms.katalon.core.main.TestCaseExecutor.doExecute(TestCaseExecutor.java:421)
	at com.kms.katalon.core.main.TestCaseExecutor.processExecutionPhase(TestCaseExecutor.java:400)
	at com.kms.katalon.core.main.TestCaseExecutor.accessMainPhase(TestCaseExecutor.java:392)
	at com.kms.katalon.core.main.TestCaseExecutor.execute(TestCaseExecutor.java:273)
	at com.kms.katalon.core.main.TestSuiteExecutor.accessTestCaseMainPhase(TestSuiteExecutor.java:202)
	at com.kms.katalon.core.main.TestSuiteExecutor.accessTestSuiteMainPhase(TestSuiteExecutor.java:164)
	at com.kms.katalon.core.main.TestSuiteExecutor.execute(TestSuiteExecutor.java:105)
	at com.kms.katalon.core.main.TestCaseMain.startTestSuite(TestCaseMain.java:185)
	at com.kms.katalon.core.main.TestCaseMain$startTestSuite$0.call(Unknown Source)
	at TempTestSuite1636391403401.run(TempTestSuite1636391403401.groovy:36)
Caused by: org.openqa.selenium.NoSuchElementException: Cannot locate element with text: 12
For documentation on this error, please visit: https://www.seleniumhq.org/exceptions/no_such_element.html
Build info: version: '3.141.59', revision: 'e82be7d358', time: '2018-11-14T08:25:53'
System info: host: 'DESKTOP-B2QI6NS', ip: '172.30.2.167', os.name: 'Windows 10', os.arch: 'amd64', os.version: '10.0', java.version: '1.8.0_181'
Driver info: driver.version: unknown
	at org.openqa.selenium.support.ui.Select.selectByVisibleText(Select.java:147)
	at com.kms.katalon.core.webui.common.WebUiCommonHelper.selectOrDeselectOptionsByLabel(WebUiCommonHelper.java:310)
	at com.kms.katalon.core.webui.keyword.builtin.SelectOptionByLabelKeyword$_selectOptionByLabel_closure1.doCall(SelectOptionByLabelKeyword.groovy:87)
	at com.kms.katalon.core.webui.keyword.builtin.SelectOptionByLabelKeyword$_selectOptionByLabel_closure1.call(SelectOptionByLabelKeyword.groovy)
	at com.kms.katalon.core.webui.keyword.internal.WebUIKeywordMain.runKeyword(WebUIKeywordMain.groovy:20)
	at com.kms.katalon.core.webui.keyword.builtin.SelectOptionByLabelKeyword.selectOptionByLabel(SelectOptionByLabelKeyword.groovy:98)
	at com.kms.katalon.core.webui.keyword.builtin.SelectOptionByLabelKeyword.execute(SelectOptionByLabelKeyword.groovy:71)
	at com.kms.katalon.core.keyword.internal.KeywordExecutor.executeKeywordForPlatform(KeywordExecutor.groovy:74)
	at com.kms.katalon.core.webui.keyword.WebUiBuiltInKeywords.selectOptionByLabel(WebUiBuiltInKeywords.groovy:1230)
	at com.kms.katalon.core.webui.keyword.WebUiBuiltInKeywords$selectOptionByLabel$6.call(Unknown Source)
	at Script1634674829687.run(Script1634674829687.groovy:305)
	... 13 more
)
[[ATTACHMENT|E:\\Cloned-Project-Katalon\\VPS-Katalon\\Reports\\20211108_121003\\RAD_TestSuite\\RAD_UI_TestSuite\\20211108_121003\\1636392816083.png]]

2021-11-08 12:33:36 - [TEST_STEP][FAILED] - selectOptionByLabel(findTestObject(orPath_PaymentEntry + "/select_YYYY"), "2023", false): Unable to select option by label '2023' of object 'Object Repository/RAD_Pages/PaymentEntry_Page/select_YYYY'  (Root cause: com.kms.katalon.core.exception.StepFailedException: Unable to select option by label '2023' of object 'Object Repository/RAD_Pages/PaymentEntry_Page/select_YYYY' 
	at com.kms.katalon.core.webui.keyword.internal.WebUIKeywordMain.stepFailed(WebUIKeywordMain.groovy:64)
	at com.kms.katalon.core.webui.keyword.internal.WebUIKeywordMain.runKeyword(WebUIKeywordMain.groovy:26)
	at com.kms.katalon.core.webui.keyword.builtin.SelectOptionByLabelKeyword.selectOptionByLabel(SelectOptionByLabelKeyword.groovy:98)
	at com.kms.katalon.core.webui.keyword.builtin.SelectOptionByLabelKeyword.execute(SelectOptionByLabelKeyword.groovy:71)
	at com.kms.katalon.core.keyword.internal.KeywordExecutor.executeKeywordForPlatform(KeywordExecutor.groovy:74)
	at com.kms.katalon.core.webui.keyword.WebUiBuiltInKeywords.selectOptionByLabel(WebUiBuiltInKeywords.groovy:1230)
	at com.kms.katalon.core.webui.keyword.WebUiBuiltInKeywords$selectOptionByLabel$6.call(Unknown Source)
	at Payments_HC_TC.run(Payments_HC_TC:306)
	at com.kms.katalon.core.main.ScriptEngine.run(ScriptEngine.java:194)
	at com.kms.katalon.core.main.ScriptEngine.runScriptAsRawText(ScriptEngine.java:119)
	at com.kms.katalon.core.main.TestCaseExecutor.runScript(TestCaseExecutor.java:430)
	at com.kms.katalon.core.main.TestCaseExecutor.doExecute(TestCaseExecutor.java:421)
	at com.kms.katalon.core.main.TestCaseExecutor.processExecutionPhase(TestCaseExecutor.java:400)
	at com.kms.katalon.core.main.TestCaseExecutor.accessMainPhase(TestCaseExecutor.java:392)
	at com.kms.katalon.core.main.TestCaseExecutor.execute(TestCaseExecutor.java:273)
	at com.kms.katalon.core.main.TestSuiteExecutor.accessTestCaseMainPhase(TestSuiteExecutor.java:202)
	at com.kms.katalon.core.main.TestSuiteExecutor.accessTestSuiteMainPhase(TestSuiteExecutor.java:164)
	at com.kms.katalon.core.main.TestSuiteExecutor.execute(TestSuiteExecutor.java:105)
	at com.kms.katalon.core.main.TestCaseMain.startTestSuite(TestCaseMain.java:185)
	at com.kms.katalon.core.main.TestCaseMain$startTestSuite$0.call(Unknown Source)
	at TempTestSuite1636391403401.run(TempTestSuite1636391403401.groovy:36)
Caused by: com.kms.katalon.core.webui.exception.WebElementNotFoundException: Web element with id: 'Object Repository/RAD_Pages/PaymentEntry_Page/select_YYYY' located by '//*[@name = 'cardExpYear' and @alt = 'Expiration Date' and (text() = '
									YYYY
						
									2021
						
									2022
						
									2023
						
									2024
						
									2025
						
									2026
						
									2027
						
									2028
						
									2029
						
									2030
						
									2031
						
									2032
						
									2033
						
									2034
						
									2035
						
									2036
						
								' or . = '
									YYYY
						
									2021
						
									2022
						
									2023
						
									2024
						
									2025
						
									2026
						
									2027
						
									2028
						
									2029
						
									2030
						
									2031
						
									2032
						
									2033
						
									2034
						
									2035
						
									2036
						
								')]' not found
	at com.kms.katalon.core.webui.common.WebUiCommonHelper.findWebElement(WebUiCommonHelper.java:1368)
	at com.kms.katalon.core.webui.keyword.internal.WebUIAbstractKeyword.findWebElement(WebUIAbstractKeyword.groovy:27)
	at com.kms.katalon.core.webui.keyword.internal.WebUIAbstractKeyword.findWebElement(WebUIAbstractKeyword.groovy:26)
	at com.kms.katalon.core.webui.keyword.builtin.SelectOptionByLabelKeyword$_selectOptionByLabel_closure1.doCall(SelectOptionByLabelKeyword.groovy:86)
	at com.kms.katalon.core.webui.keyword.builtin.SelectOptionByLabelKeyword$_selectOptionByLabel_closure1.call(SelectOptionByLabelKeyword.groovy)
	at com.kms.katalon.core.webui.keyword.internal.WebUIKeywordMain.runKeyword(WebUIKeywordMain.groovy:20)
	at com.kms.katalon.core.webui.keyword.builtin.SelectOptionByLabelKeyword.selectOptionByLabel(SelectOptionByLabelKeyword.groovy:98)
	at com.kms.katalon.core.webui.keyword.builtin.SelectOptionByLabelKeyword.execute(SelectOptionByLabelKeyword.groovy:71)
	at com.kms.katalon.core.keyword.internal.KeywordExecutor.executeKeywordForPlatform(KeywordExecutor.groovy:74)
	at com.kms.katalon.core.webui.keyword.WebUiBuiltInKeywords.selectOptionByLabel(WebUiBuiltInKeywords.groovy:1230)
	at com.kms.katalon.core.webui.keyword.WebUiBuiltInKeywords$selectOptionByLabel$6.call(Unknown Source)
	at Script1634674829687.run(Script1634674829687.groovy:306)
	... 13 more
)

2021-11-08 12:34:07 - [MESSAGE][INFO] - Unable to find the element located by 'By.xpath: //*[@name = 'cardExpYear' and @alt = 'Expiration Date' and (text() = '
									YYYY
						
									2021
						
									2022
						
									2023
						
									2024
						
									2025
						
									2026
						
									2027
						
									2028
						
									2029
						
									2030
						
									2031
						
									2032
						
									2033
						
									2034
						
									2035
						
									2036
						
								' or . = '
									YYYY
						
									2021
						
									2022
						
									2023
						
									2024
						
									2025
						
									2026
						
									2027
						
									2028
						
									2029
						
									2030
						
									2031
						
									2032
						
									2033
						
									2034
						
									2035
						
									2036
						
								')]'. Please recheck the objects properties to make sure the desired element is located. 

2021-11-08 12:34:07 - [MESSAGE][WARNING] - [SELF-HEALING] Failed to find element with id 'Object Repository/RAD_Pages/PaymentEntry_Page/select_YYYY'. Try using Self-healing.

2021-11-08 12:34:08 - [MESSAGE][INFO] - Unable to find the element located by 'By.xpath: //select[@name='cardExpYear']'. Please recheck the objects properties to make sure the desired element is located. 

2021-11-08 12:34:08 - [MESSAGE][INFO] - [SELF-HEALING] Failed Locator: '//select[@name='cardExpYear']'.

2021-11-08 12:34:09 - [MESSAGE][INFO] - [SELF-HEALING] Failed Locator: '//div[@id='expDate']/div[2]/select'.

2021-11-08 12:34:09 - [MESSAGE][INFO] - [SELF-HEALING] Failed Locator: '(.//*[normalize-space(text()) and normalize-space(.)='*'])[4]/following::select[2]'.

2021-11-08 12:34:09 - [MESSAGE][INFO] - [SELF-HEALING] Failed Locator: '(.//*[normalize-space(text()) and normalize-space(.)='*'])[5]/preceding::select[1]'.

2021-11-08 12:34:09 - [MESSAGE][INFO] - [SELF-HEALING] Failed Locator: '//div[2]/select'.

2021-11-08 12:34:10 - [MESSAGE][INFO] - Unable to find the element located by 'By.cssSelector: select[name="cardExpYear"]'. Please recheck the objects properties to make sure the desired element is located. 

2021-11-08 12:34:11 - [MESSAGE][FAILED] - Unable to select option by label '2023' of object 'Object Repository/RAD_Pages/PaymentEntry_Page/select_YYYY'  (Root cause: com.kms.katalon.core.exception.StepFailedException: Unable to select option by label '2023' of object 'Object Repository/RAD_Pages/PaymentEntry_Page/select_YYYY' 
	at com.kms.katalon.core.webui.keyword.internal.WebUIKeywordMain.stepFailed(WebUIKeywordMain.groovy:64)
	at com.kms.katalon.core.webui.keyword.internal.WebUIKeywordMain.runKeyword(WebUIKeywordMain.groovy:26)
	at com.kms.katalon.core.webui.keyword.builtin.SelectOptionByLabelKeyword.selectOptionByLabel(SelectOptionByLabelKeyword.groovy:98)
	at com.kms.katalon.core.webui.keyword.builtin.SelectOptionByLabelKeyword.execute(SelectOptionByLabelKeyword.groovy:71)
	at com.kms.katalon.core.keyword.internal.KeywordExecutor.executeKeywordForPlatform(KeywordExecutor.groovy:74)
	at com.kms.katalon.core.webui.keyword.WebUiBuiltInKeywords.selectOptionByLabel(WebUiBuiltInKeywords.groovy:1230)
	at com.kms.katalon.core.webui.keyword.WebUiBuiltInKeywords$selectOptionByLabel$6.call(Unknown Source)
	at Payments_HC_TC.run(Payments_HC_TC:306)
	at com.kms.katalon.core.main.ScriptEngine.run(ScriptEngine.java:194)
	at com.kms.katalon.core.main.ScriptEngine.runScriptAsRawText(ScriptEngine.java:119)
	at com.kms.katalon.core.main.TestCaseExecutor.runScript(TestCaseExecutor.java:430)
	at com.kms.katalon.core.main.TestCaseExecutor.doExecute(TestCaseExecutor.java:421)
	at com.kms.katalon.core.main.TestCaseExecutor.processExecutionPhase(TestCaseExecutor.java:400)
	at com.kms.katalon.core.main.TestCaseExecutor.accessMainPhase(TestCaseExecutor.java:392)
	at com.kms.katalon.core.main.TestCaseExecutor.execute(TestCaseExecutor.java:273)
	at com.kms.katalon.core.main.TestSuiteExecutor.accessTestCaseMainPhase(TestSuiteExecutor.java:202)
	at com.kms.katalon.core.main.TestSuiteExecutor.accessTestSuiteMainPhase(TestSuiteExecutor.java:164)
	at com.kms.katalon.core.main.TestSuiteExecutor.execute(TestSuiteExecutor.java:105)
	at com.kms.katalon.core.main.TestCaseMain.startTestSuite(TestCaseMain.java:185)
	at com.kms.katalon.core.main.TestCaseMain$startTestSuite$0.call(Unknown Source)
	at TempTestSuite1636391403401.run(TempTestSuite1636391403401.groovy:36)
Caused by: com.kms.katalon.core.webui.exception.WebElementNotFoundException: Web element with id: 'Object Repository/RAD_Pages/PaymentEntry_Page/select_YYYY' located by '//*[@name = 'cardExpYear' and @alt = 'Expiration Date' and (text() = '
									YYYY
						
									2021
						
									2022
						
									2023
						
									2024
						
									2025
						
									2026
						
									2027
						
									2028
						
									2029
						
									2030
						
									2031
						
									2032
						
									2033
						
									2034
						
									2035
						
									2036
						
								' or . = '
									YYYY
						
									2021
						
									2022
						
									2023
						
									2024
						
									2025
						
									2026
						
									2027
						
									2028
						
									2029
						
									2030
						
									2031
						
									2032
						
									2033
						
									2034
						
									2035
						
									2036
						
								')]' not found
	at com.kms.katalon.core.webui.common.WebUiCommonHelper.findWebElement(WebUiCommonHelper.java:1368)
	at com.kms.katalon.core.webui.keyword.internal.WebUIAbstractKeyword.findWebElement(WebUIAbstractKeyword.groovy:27)
	at com.kms.katalon.core.webui.keyword.internal.WebUIAbstractKeyword.findWebElement(WebUIAbstractKeyword.groovy:26)
	at com.kms.katalon.core.webui.keyword.builtin.SelectOptionByLabelKeyword$_selectOptionByLabel_closure1.doCall(SelectOptionByLabelKeyword.groovy:86)
	at com.kms.katalon.core.webui.keyword.builtin.SelectOptionByLabelKeyword$_selectOptionByLabel_closure1.call(SelectOptionByLabelKeyword.groovy)
	at com.kms.katalon.core.webui.keyword.internal.WebUIKeywordMain.runKeyword(WebUIKeywordMain.groovy:20)
	at com.kms.katalon.core.webui.keyword.builtin.SelectOptionByLabelKeyword.selectOptionByLabel(SelectOptionByLabelKeyword.groovy:98)
	at com.kms.katalon.core.webui.keyword.builtin.SelectOptionByLabelKeyword.execute(SelectOptionByLabelKeyword.groovy:71)
	at com.kms.katalon.core.keyword.internal.KeywordExecutor.executeKeywordForPlatform(KeywordExecutor.groovy:74)
	at com.kms.katalon.core.webui.keyword.WebUiBuiltInKeywords.selectOptionByLabel(WebUiBuiltInKeywords.groovy:1230)
	at com.kms.katalon.core.webui.keyword.WebUiBuiltInKeywords$selectOptionByLabel$6.call(Unknown Source)
	at Script1634674829687.run(Script1634674829687.groovy:306)
	... 13 more
)
[[ATTACHMENT|E:\\Cloned-Project-Katalon\\VPS-Katalon\\Reports\\20211108_121003\\RAD_TestSuite\\RAD_UI_TestSuite\\20211108_121003\\1636392850980.png]]

2021-11-08 12:34:11 - [TEST_STEP][FAILED] - click(findTestObject(orPath_PaymentEntry + "/input_Field_ccSubmit")): Unable to click on object 'Object Repository/RAD_Pages/PaymentEntry_Page/input_Field_ccSubmit' (Root cause: com.kms.katalon.core.exception.StepFailedException: Unable to click on object 'Object Repository/RAD_Pages/PaymentEntry_Page/input_Field_ccSubmit'
	at com.kms.katalon.core.webui.keyword.internal.WebUIKeywordMain.stepFailed(WebUIKeywordMain.groovy:64)
	at com.kms.katalon.core.webui.keyword.internal.WebUIKeywordMain.runKeyword(WebUIKeywordMain.groovy:26)
	at com.kms.katalon.core.webui.keyword.builtin.ClickKeyword.click(ClickKeyword.groovy:75)
	at com.kms.katalon.core.webui.keyword.builtin.ClickKeyword.execute(ClickKeyword.groovy:42)
	at com.kms.katalon.core.keyword.internal.KeywordExecutor.executeKeywordForPlatform(KeywordExecutor.groovy:74)
	at com.kms.katalon.core.webui.keyword.WebUiBuiltInKeywords.click(WebUiBuiltInKeywords.groovy:620)
	at com.kms.katalon.core.webui.keyword.WebUiBuiltInKeywords$click$10.call(Unknown Source)
	at Payments_HC_TC.run(Payments_HC_TC:307)
	at com.kms.katalon.core.main.ScriptEngine.run(ScriptEngine.java:194)
	at com.kms.katalon.core.main.ScriptEngine.runScriptAsRawText(ScriptEngine.java:119)
	at com.kms.katalon.core.main.TestCaseExecutor.runScript(TestCaseExecutor.java:430)
	at com.kms.katalon.core.main.TestCaseExecutor.doExecute(TestCaseExecutor.java:421)
	at com.kms.katalon.core.main.TestCaseExecutor.processExecutionPhase(TestCaseExecutor.java:400)
	at com.kms.katalon.core.main.TestCaseExecutor.accessMainPhase(TestCaseExecutor.java:392)
	at com.kms.katalon.core.main.TestCaseExecutor.execute(TestCaseExecutor.java:273)
	at com.kms.katalon.core.main.TestSuiteExecutor.accessTestCaseMainPhase(TestSuiteExecutor.java:202)
	at com.kms.katalon.core.main.TestSuiteExecutor.accessTestSuiteMainPhase(TestSuiteExecutor.java:164)
	at com.kms.katalon.core.main.TestSuiteExecutor.execute(TestSuiteExecutor.java:105)
	at com.kms.katalon.core.main.TestCaseMain.startTestSuite(TestCaseMain.java:185)
	at com.kms.katalon.core.main.TestCaseMain$startTestSuite$0.call(Unknown Source)
	at TempTestSuite1636391403401.run(TempTestSuite1636391403401.groovy:36)
Caused by: com.kms.katalon.core.webui.exception.WebElementNotFoundException: Web element with id: 'Object Repository/RAD_Pages/PaymentEntry_Page/input_Field_ccSubmit' located by '//*[@type = 'submit' and @name = 'ccSubmit']' not found
	at com.kms.katalon.core.webui.common.WebUiCommonHelper.findWebElement(WebUiCommonHelper.java:1368)
	at com.kms.katalon.core.webui.keyword.internal.WebUIAbstractKeyword.findWebElement(WebUIAbstractKeyword.groovy:27)
	at com.kms.katalon.core.webui.keyword.internal.WebUIAbstractKeyword.findWebElement(WebUIAbstractKeyword.groovy:26)
	at com.kms.katalon.core.webui.keyword.builtin.ClickKeyword$_click_closure1.doCall(ClickKeyword.groovy:66)
	at com.kms.katalon.core.webui.keyword.builtin.ClickKeyword$_click_closure1.call(ClickKeyword.groovy)
	at com.kms.katalon.core.webui.keyword.internal.WebUIKeywordMain.runKeyword(WebUIKeywordMain.groovy:20)
	at com.kms.katalon.core.webui.keyword.builtin.ClickKeyword.click(ClickKeyword.groovy:75)
	at com.kms.katalon.core.webui.keyword.builtin.ClickKeyword.execute(ClickKeyword.groovy:42)
	at com.kms.katalon.core.keyword.internal.KeywordExecutor.executeKeywordForPlatform(KeywordExecutor.groovy:74)
	at com.kms.katalon.core.webui.keyword.WebUiBuiltInKeywords.click(WebUiBuiltInKeywords.groovy:620)
	at com.kms.katalon.core.webui.keyword.WebUiBuiltInKeywords$click$10.call(Unknown Source)
	at Script1634674829687.run(Script1634674829687.groovy:307)
	... 13 more
)

2021-11-08 12:34:42 - [MESSAGE][INFO] - Unable to find the element located by 'By.xpath: //*[@type = 'submit' and @name = 'ccSubmit']'. Please recheck the objects properties to make sure the desired element is located. 

2021-11-08 12:34:42 - [MESSAGE][WARNING] - [SELF-HEALING] Failed to find element with id 'Object Repository/RAD_Pages/PaymentEntry_Page/input_Field_ccSubmit'. Try using Self-healing.

2021-11-08 12:34:43 - [MESSAGE][INFO] - Unable to find the element located by 'By.xpath: //input[@name='ccSubmit']'. Please recheck the objects properties to make sure the desired element is located. 

2021-11-08 12:34:43 - [MESSAGE][INFO] - [SELF-HEALING] Failed Locator: '//input[@name='ccSubmit']'.

2021-11-08 12:34:43 - [MESSAGE][INFO] - [SELF-HEALING] Failed Locator: '//form[@id='process']/table/tbody/tr/td[2]/div/div/input'.

2021-11-08 12:34:44 - [MESSAGE][INFO] - [SELF-HEALING] Failed Locator: '//td[2]/div/div/input'.

2021-11-08 12:34:44 - [MESSAGE][INFO] - [SELF-HEALING] Failed Locator: '//input[@name='ccSubmit']'.

2021-11-08 12:34:44 - [MESSAGE][INFO] - [SELF-HEALING] Failed Locator: '//form[@id='process']/table/tbody/tr/td[2]/div/div/input'.

2021-11-08 12:34:44 - [MESSAGE][INFO] - [SELF-HEALING] Failed Locator: '//td[2]/div/div/input'.

2021-11-08 12:34:45 - [MESSAGE][INFO] - Unable to find the element located by 'By.cssSelector: input[name="ccSubmit"]'. Please recheck the objects properties to make sure the desired element is located. 

2021-11-08 12:34:46 - [MESSAGE][FAILED] - Unable to click on object 'Object Repository/RAD_Pages/PaymentEntry_Page/input_Field_ccSubmit' (Root cause: com.kms.katalon.core.exception.StepFailedException: Unable to click on object 'Object Repository/RAD_Pages/PaymentEntry_Page/input_Field_ccSubmit'
	at com.kms.katalon.core.webui.keyword.internal.WebUIKeywordMain.stepFailed(WebUIKeywordMain.groovy:64)
	at com.kms.katalon.core.webui.keyword.internal.WebUIKeywordMain.runKeyword(WebUIKeywordMain.groovy:26)
	at com.kms.katalon.core.webui.keyword.builtin.ClickKeyword.click(ClickKeyword.groovy:75)
	at com.kms.katalon.core.webui.keyword.builtin.ClickKeyword.execute(ClickKeyword.groovy:42)
	at com.kms.katalon.core.keyword.internal.KeywordExecutor.executeKeywordForPlatform(KeywordExecutor.groovy:74)
	at com.kms.katalon.core.webui.keyword.WebUiBuiltInKeywords.click(WebUiBuiltInKeywords.groovy:620)
	at com.kms.katalon.core.webui.keyword.WebUiBuiltInKeywords$click$10.call(Unknown Source)
	at Payments_HC_TC.run(Payments_HC_TC:307)
	at com.kms.katalon.core.main.ScriptEngine.run(ScriptEngine.java:194)
	at com.kms.katalon.core.main.ScriptEngine.runScriptAsRawText(ScriptEngine.java:119)
	at com.kms.katalon.core.main.TestCaseExecutor.runScript(TestCaseExecutor.java:430)
	at com.kms.katalon.core.main.TestCaseExecutor.doExecute(TestCaseExecutor.java:421)
	at com.kms.katalon.core.main.TestCaseExecutor.processExecutionPhase(TestCaseExecutor.java:400)
	at com.kms.katalon.core.main.TestCaseExecutor.accessMainPhase(TestCaseExecutor.java:392)
	at com.kms.katalon.core.main.TestCaseExecutor.execute(TestCaseExecutor.java:273)
	at com.kms.katalon.core.main.TestSuiteExecutor.accessTestCaseMainPhase(TestSuiteExecutor.java:202)
	at com.kms.katalon.core.main.TestSuiteExecutor.accessTestSuiteMainPhase(TestSuiteExecutor.java:164)
	at com.kms.katalon.core.main.TestSuiteExecutor.execute(TestSuiteExecutor.java:105)
	at com.kms.katalon.core.main.TestCaseMain.startTestSuite(TestCaseMain.java:185)
	at com.kms.katalon.core.main.TestCaseMain$startTestSuite$0.call(Unknown Source)
	at TempTestSuite1636391403401.run(TempTestSuite1636391403401.groovy:36)
Caused by: com.kms.katalon.core.webui.exception.WebElementNotFoundException: Web element with id: 'Object Repository/RAD_Pages/PaymentEntry_Page/input_Field_ccSubmit' located by '//*[@type = 'submit' and @name = 'ccSubmit']' not found
	at com.kms.katalon.core.webui.common.WebUiCommonHelper.findWebElement(WebUiCommonHelper.java:1368)
	at com.kms.katalon.core.webui.keyword.internal.WebUIAbstractKeyword.findWebElement(WebUIAbstractKeyword.groovy:27)
	at com.kms.katalon.core.webui.keyword.internal.WebUIAbstractKeyword.findWebElement(WebUIAbstractKeyword.groovy:26)
	at com.kms.katalon.core.webui.keyword.builtin.ClickKeyword$_click_closure1.doCall(ClickKeyword.groovy:66)
	at com.kms.katalon.core.webui.keyword.builtin.ClickKeyword$_click_closure1.call(ClickKeyword.groovy)
	at com.kms.katalon.core.webui.keyword.internal.WebUIKeywordMain.runKeyword(WebUIKeywordMain.groovy:20)
	at com.kms.katalon.core.webui.keyword.builtin.ClickKeyword.click(ClickKeyword.groovy:75)
	at com.kms.katalon.core.webui.keyword.builtin.ClickKeyword.execute(ClickKeyword.groovy:42)
	at com.kms.katalon.core.keyword.internal.KeywordExecutor.executeKeywordForPlatform(KeywordExecutor.groovy:74)
	at com.kms.katalon.core.webui.keyword.WebUiBuiltInKeywords.click(WebUiBuiltInKeywords.groovy:620)
	at com.kms.katalon.core.webui.keyword.WebUiBuiltInKeywords$click$10.call(Unknown Source)
	at Script1634674829687.run(Script1634674829687.groovy:307)
	... 13 more
)
[[ATTACHMENT|E:\\Cloned-Project-Katalon\\VPS-Katalon\\Reports\\20211108_121003\\RAD_TestSuite\\RAD_UI_TestSuite\\20211108_121003\\1636392885976.png]]

2021-11-08 12:34:46 - [TEST_STEP][FAILED] - click(findTestObject(orPath_PaymentConfirmation + "/input_N_confirmNotifyAction")): Unable to click on object 'Object Repository/RAD_Pages/PaymentConfirmation_Page/input_N_confirmNotifyAction' (Root cause: com.kms.katalon.core.exception.StepFailedException: Unable to click on object 'Object Repository/RAD_Pages/PaymentConfirmation_Page/input_N_confirmNotifyAction'
	at com.kms.katalon.core.webui.keyword.internal.WebUIKeywordMain.stepFailed(WebUIKeywordMain.groovy:64)
	at com.kms.katalon.core.webui.keyword.internal.WebUIKeywordMain.runKeyword(WebUIKeywordMain.groovy:26)
	at com.kms.katalon.core.webui.keyword.builtin.ClickKeyword.click(ClickKeyword.groovy:75)
	at com.kms.katalon.core.webui.keyword.builtin.ClickKeyword.execute(ClickKeyword.groovy:42)
	at com.kms.katalon.core.keyword.internal.KeywordExecutor.executeKeywordForPlatform(KeywordExecutor.groovy:74)
	at com.kms.katalon.core.webui.keyword.WebUiBuiltInKeywords.click(WebUiBuiltInKeywords.groovy:620)
	at com.kms.katalon.core.webui.keyword.WebUiBuiltInKeywords$click$10.call(Unknown Source)
	at Payments_HC_TC.run(Payments_HC_TC:312)
	at com.kms.katalon.core.main.ScriptEngine.run(ScriptEngine.java:194)
	at com.kms.katalon.core.main.ScriptEngine.runScriptAsRawText(ScriptEngine.java:119)
	at com.kms.katalon.core.main.TestCaseExecutor.runScript(TestCaseExecutor.java:430)
	at com.kms.katalon.core.main.TestCaseExecutor.doExecute(TestCaseExecutor.java:421)
	at com.kms.katalon.core.main.TestCaseExecutor.processExecutionPhase(TestCaseExecutor.java:400)
	at com.kms.katalon.core.main.TestCaseExecutor.accessMainPhase(TestCaseExecutor.java:392)
	at com.kms.katalon.core.main.TestCaseExecutor.execute(TestCaseExecutor.java:273)
	at com.kms.katalon.core.main.TestSuiteExecutor.accessTestCaseMainPhase(TestSuiteExecutor.java:202)
	at com.kms.katalon.core.main.TestSuiteExecutor.accessTestSuiteMainPhase(TestSuiteExecutor.java:164)
	at com.kms.katalon.core.main.TestSuiteExecutor.execute(TestSuiteExecutor.java:105)
	at com.kms.katalon.core.main.TestCaseMain.startTestSuite(TestCaseMain.java:185)
	at com.kms.katalon.core.main.TestCaseMain$startTestSuite$0.call(Unknown Source)
	at TempTestSuite1636391403401.run(TempTestSuite1636391403401.groovy:36)
Caused by: org.openqa.selenium.ElementClickInterceptedException: element click intercepted: Element is not clickable at point (490, -186)
  (Session info: chrome=95.0.4638.69)
Build info: version: '3.141.59', revision: 'e82be7d358', time: '2018-11-14T08:25:53'
System info: host: 'DESKTOP-B2QI6NS', ip: '172.30.2.167', os.name: 'Windows 10', os.arch: 'amd64', os.version: '10.0', java.version: '1.8.0_181'
Driver info: com.kms.katalon.selenium.driver.CChromeDriver
Capabilities {acceptInsecureCerts: true, browserName: chrome, browserVersion: 95.0.4638.69, chrome: {chromedriverVersion: 95.0.4638.54 (d31a821ec901f..., userDataDir: C:\Users\iahmed\AppData\Loc...}, goog:chromeOptions: {debuggerAddress: localhost:55953}, javascriptEnabled: true, networkConnectionEnabled: false, pageLoadStrategy: normal, platform: WINDOWS, platformName: WINDOWS, proxy: Proxy(), setWindowRect: true, strictFileInteractability: false, timeouts: {implicit: 0, pageLoad: 300000, script: 30000}, unhandledPromptBehavior: dismiss and notify, webauthn:extension:credBlob: true, webauthn:extension:largeBlob: true, webauthn:virtualAuthenticators: true}
Session ID: a457b199f2978e046d6f19200e3319b6
	at org.openqa.selenium.remote.http.W3CHttpResponseCodec.createException(W3CHttpResponseCodec.java:187)
	at org.openqa.selenium.remote.http.W3CHttpResponseCodec.decode(W3CHttpResponseCodec.java:122)
	at org.openqa.selenium.remote.http.W3CHttpResponseCodec.decode(W3CHttpResponseCodec.java:49)
	at org.openqa.selenium.remote.HttpCommandExecutor.execute(HttpCommandExecutor.java:158)
	at org.openqa.selenium.remote.service.DriverCommandExecutor.execute(DriverCommandExecutor.java:83)
	at org.openqa.selenium.remote.RemoteWebDriver.execute(RemoteWebDriver.java:552)
	at com.kms.katalon.selenium.driver.CChromeDriver.execute(CChromeDriver.java:19)
	at org.openqa.selenium.remote.RemoteWebElement.execute(RemoteWebElement.java:285)
	at org.openqa.selenium.remote.RemoteWebElement.click(RemoteWebElement.java:84)
	at org.openqa.selenium.support.events.EventFiringWebDriver$EventFiringWebElement.lambda$new$0(EventFiringWebDriver.java:404)
	at com.sun.proxy.$Proxy11.click(Unknown Source)
	at org.openqa.selenium.support.events.EventFiringWebDriver$EventFiringWebElement.click(EventFiringWebDriver.java:417)
	at com.kms.katalon.core.webui.keyword.builtin.ClickKeyword$_click_closure1.doCall(ClickKeyword.groovy:68)
	at com.kms.katalon.core.webui.keyword.builtin.ClickKeyword$_click_closure1.call(ClickKeyword.groovy)
	at com.kms.katalon.core.webui.keyword.internal.WebUIKeywordMain.runKeyword(WebUIKeywordMain.groovy:20)
	at com.kms.katalon.core.webui.keyword.builtin.ClickKeyword.click(ClickKeyword.groovy:75)
	at com.kms.katalon.core.webui.keyword.builtin.ClickKeyword.execute(ClickKeyword.groovy:42)
	at com.kms.katalon.core.keyword.internal.KeywordExecutor.executeKeywordForPlatform(KeywordExecutor.groovy:74)
	at com.kms.katalon.core.webui.keyword.WebUiBuiltInKeywords.click(WebUiBuiltInKeywords.groovy:620)
	at com.kms.katalon.core.webui.keyword.WebUiBuiltInKeywords$click$10.call(Unknown Source)
	at Script1634674829687.run(Script1634674829687.groovy:312)
	... 13 more
)

2021-11-08 12:35:17 - [MESSAGE][INFO] - Unable to find the element located by 'By.xpath: //*[@type = 'submit' and @name = 'confirmNotifyAction']'. Please recheck the objects properties to make sure the desired element is located. 

2021-11-08 12:35:17 - [MESSAGE][WARNING] - [SELF-HEALING] Failed to find element with id 'Object Repository/RAD_Pages/PaymentConfirmation_Page/input_N_confirmNotifyAction'. Try using Self-healing.

2021-11-08 12:35:17 - [MESSAGE][WARNING] - [SELF-HEALING] The current locator of test object 'Object Repository/RAD_Pages/PaymentConfirmation_Page/input_N_confirmNotifyAction' was broken. Propose an alternative one: '//div[4]/div/input'.

2021-11-08 12:35:18 - [MESSAGE][FAILED] - Unable to click on object 'Object Repository/RAD_Pages/PaymentConfirmation_Page/input_N_confirmNotifyAction' (Root cause: com.kms.katalon.core.exception.StepFailedException: Unable to click on object 'Object Repository/RAD_Pages/PaymentConfirmation_Page/input_N_confirmNotifyAction'
	at com.kms.katalon.core.webui.keyword.internal.WebUIKeywordMain.stepFailed(WebUIKeywordMain.groovy:64)
	at com.kms.katalon.core.webui.keyword.internal.WebUIKeywordMain.runKeyword(WebUIKeywordMain.groovy:26)
	at com.kms.katalon.core.webui.keyword.builtin.ClickKeyword.click(ClickKeyword.groovy:75)
	at com.kms.katalon.core.webui.keyword.builtin.ClickKeyword.execute(ClickKeyword.groovy:42)
	at com.kms.katalon.core.keyword.internal.KeywordExecutor.executeKeywordForPlatform(KeywordExecutor.groovy:74)
	at com.kms.katalon.core.webui.keyword.WebUiBuiltInKeywords.click(WebUiBuiltInKeywords.groovy:620)
	at com.kms.katalon.core.webui.keyword.WebUiBuiltInKeywords$click$10.call(Unknown Source)
	at Payments_HC_TC.run(Payments_HC_TC:312)
	at com.kms.katalon.core.main.ScriptEngine.run(ScriptEngine.java:194)
	at com.kms.katalon.core.main.ScriptEngine.runScriptAsRawText(ScriptEngine.java:119)
	at com.kms.katalon.core.main.TestCaseExecutor.runScript(TestCaseExecutor.java:430)
	at com.kms.katalon.core.main.TestCaseExecutor.doExecute(TestCaseExecutor.java:421)
	at com.kms.katalon.core.main.TestCaseExecutor.processExecutionPhase(TestCaseExecutor.java:400)
	at com.kms.katalon.core.main.TestCaseExecutor.accessMainPhase(TestCaseExecutor.java:392)
	at com.kms.katalon.core.main.TestCaseExecutor.execute(TestCaseExecutor.java:273)
	at com.kms.katalon.core.main.TestSuiteExecutor.accessTestCaseMainPhase(TestSuiteExecutor.java:202)
	at com.kms.katalon.core.main.TestSuiteExecutor.accessTestSuiteMainPhase(TestSuiteExecutor.java:164)
	at com.kms.katalon.core.main.TestSuiteExecutor.execute(TestSuiteExecutor.java:105)
	at com.kms.katalon.core.main.TestCaseMain.startTestSuite(TestCaseMain.java:185)
	at com.kms.katalon.core.main.TestCaseMain$startTestSuite$0.call(Unknown Source)
	at TempTestSuite1636391403401.run(TempTestSuite1636391403401.groovy:36)
Caused by: org.openqa.selenium.ElementClickInterceptedException: element click intercepted: Element is not clickable at point (490, -186)
  (Session info: chrome=95.0.4638.69)
Build info: version: '3.141.59', revision: 'e82be7d358', time: '2018-11-14T08:25:53'
System info: host: 'DESKTOP-B2QI6NS', ip: '172.30.2.167', os.name: 'Windows 10', os.arch: 'amd64', os.version: '10.0', java.version: '1.8.0_181'
Driver info: com.kms.katalon.selenium.driver.CChromeDriver
Capabilities {acceptInsecureCerts: true, browserName: chrome, browserVersion: 95.0.4638.69, chrome: {chromedriverVersion: 95.0.4638.54 (d31a821ec901f..., userDataDir: C:\Users\iahmed\AppData\Loc...}, goog:chromeOptions: {debuggerAddress: localhost:55953}, javascriptEnabled: true, networkConnectionEnabled: false, pageLoadStrategy: normal, platform: WINDOWS, platformName: WINDOWS, proxy: Proxy(), setWindowRect: true, strictFileInteractability: false, timeouts: {implicit: 0, pageLoad: 300000, script: 30000}, unhandledPromptBehavior: dismiss and notify, webauthn:extension:credBlob: true, webauthn:extension:largeBlob: true, webauthn:virtualAuthenticators: true}
Session ID: a457b199f2978e046d6f19200e3319b6
	at org.openqa.selenium.remote.http.W3CHttpResponseCodec.createException(W3CHttpResponseCodec.java:187)
	at org.openqa.selenium.remote.http.W3CHttpResponseCodec.decode(W3CHttpResponseCodec.java:122)
	at org.openqa.selenium.remote.http.W3CHttpResponseCodec.decode(W3CHttpResponseCodec.java:49)
	at org.openqa.selenium.remote.HttpCommandExecutor.execute(HttpCommandExecutor.java:158)
	at org.openqa.selenium.remote.service.DriverCommandExecutor.execute(DriverCommandExecutor.java:83)
	at org.openqa.selenium.remote.RemoteWebDriver.execute(RemoteWebDriver.java:552)
	at com.kms.katalon.selenium.driver.CChromeDriver.execute(CChromeDriver.java:19)
	at org.openqa.selenium.remote.RemoteWebElement.execute(RemoteWebElement.java:285)
	at org.openqa.selenium.remote.RemoteWebElement.click(RemoteWebElement.java:84)
	at org.openqa.selenium.support.events.EventFiringWebDriver$EventFiringWebElement.lambda$new$0(EventFiringWebDriver.java:404)
	at com.sun.proxy.$Proxy11.click(Unknown Source)
	at org.openqa.selenium.support.events.EventFiringWebDriver$EventFiringWebElement.click(EventFiringWebDriver.java:417)
	at com.kms.katalon.core.webui.keyword.builtin.ClickKeyword$_click_closure1.doCall(ClickKeyword.groovy:68)
	at com.kms.katalon.core.webui.keyword.builtin.ClickKeyword$_click_closure1.call(ClickKeyword.groovy)
	at com.kms.katalon.core.webui.keyword.internal.WebUIKeywordMain.runKeyword(WebUIKeywordMain.groovy:20)
	at com.kms.katalon.core.webui.keyword.builtin.ClickKeyword.click(ClickKeyword.groovy:75)
	at com.kms.katalon.core.webui.keyword.builtin.ClickKeyword.execute(ClickKeyword.groovy:42)
	at com.kms.katalon.core.keyword.internal.KeywordExecutor.executeKeywordForPlatform(KeywordExecutor.groovy:74)
	at com.kms.katalon.core.webui.keyword.WebUiBuiltInKeywords.click(WebUiBuiltInKeywords.groovy:620)
	at com.kms.katalon.core.webui.keyword.WebUiBuiltInKeywords$click$10.call(Unknown Source)
	at Script1634674829687.run(Script1634674829687.groovy:312)
	... 13 more
)
[[ATTACHMENT|E:\\Cloned-Project-Katalon\\VPS-Katalon\\Reports\\20211108_121003\\RAD_TestSuite\\RAD_UI_TestSuite\\20211108_121003\\1636392918654.png]]

2021-11-08 12:35:18 - [TEST_STEP][FAILED] - click(findTestObject(orPath_ServiceFeesAccept + "/input_convFeeNotifyAction")): Unable to click on object 'Object Repository/RAD_Pages/ServiceFeeAccept_Page/input_convFeeNotifyAction' (Root cause: com.kms.katalon.core.exception.StepFailedException: Unable to click on object 'Object Repository/RAD_Pages/ServiceFeeAccept_Page/input_convFeeNotifyAction'
	at com.kms.katalon.core.webui.keyword.internal.WebUIKeywordMain.stepFailed(WebUIKeywordMain.groovy:64)
	at com.kms.katalon.core.webui.keyword.internal.WebUIKeywordMain.runKeyword(WebUIKeywordMain.groovy:26)
	at com.kms.katalon.core.webui.keyword.builtin.ClickKeyword.click(ClickKeyword.groovy:75)
	at com.kms.katalon.core.webui.keyword.builtin.ClickKeyword.execute(ClickKeyword.groovy:42)
	at com.kms.katalon.core.keyword.internal.KeywordExecutor.executeKeywordForPlatform(KeywordExecutor.groovy:74)
	at com.kms.katalon.core.webui.keyword.WebUiBuiltInKeywords.click(WebUiBuiltInKeywords.groovy:620)
	at com.kms.katalon.core.webui.keyword.WebUiBuiltInKeywords$click$10.call(Unknown Source)
	at Payments_HC_TC.run(Payments_HC_TC:316)
	at com.kms.katalon.core.main.ScriptEngine.run(ScriptEngine.java:194)
	at com.kms.katalon.core.main.ScriptEngine.runScriptAsRawText(ScriptEngine.java:119)
	at com.kms.katalon.core.main.TestCaseExecutor.runScript(TestCaseExecutor.java:430)
	at com.kms.katalon.core.main.TestCaseExecutor.doExecute(TestCaseExecutor.java:421)
	at com.kms.katalon.core.main.TestCaseExecutor.processExecutionPhase(TestCaseExecutor.java:400)
	at com.kms.katalon.core.main.TestCaseExecutor.accessMainPhase(TestCaseExecutor.java:392)
	at com.kms.katalon.core.main.TestCaseExecutor.execute(TestCaseExecutor.java:273)
	at com.kms.katalon.core.main.TestSuiteExecutor.accessTestCaseMainPhase(TestSuiteExecutor.java:202)
	at com.kms.katalon.core.main.TestSuiteExecutor.accessTestSuiteMainPhase(TestSuiteExecutor.java:164)
	at com.kms.katalon.core.main.TestSuiteExecutor.execute(TestSuiteExecutor.java:105)
	at com.kms.katalon.core.main.TestCaseMain.startTestSuite(TestCaseMain.java:185)
	at com.kms.katalon.core.main.TestCaseMain$startTestSuite$0.call(Unknown Source)
	at TempTestSuite1636391403401.run(TempTestSuite1636391403401.groovy:36)
Caused by: org.openqa.selenium.ElementClickInterceptedException: element click intercepted: Element <input type="text" name="middleName" class="form-control" id="middleName" maxlength="20" placeholder="Middle Name"> is not clickable at point (902, 29). Other element would receive the click: <div class="container-fluid">...</div>
  (Session info: chrome=95.0.4638.69)
Build info: version: '3.141.59', revision: 'e82be7d358', time: '2018-11-14T08:25:53'
System info: host: 'DESKTOP-B2QI6NS', ip: '172.30.2.167', os.name: 'Windows 10', os.arch: 'amd64', os.version: '10.0', java.version: '1.8.0_181'
Driver info: com.kms.katalon.selenium.driver.CChromeDriver
Capabilities {acceptInsecureCerts: true, browserName: chrome, browserVersion: 95.0.4638.69, chrome: {chromedriverVersion: 95.0.4638.54 (d31a821ec901f..., userDataDir: C:\Users\iahmed\AppData\Loc...}, goog:chromeOptions: {debuggerAddress: localhost:55953}, javascriptEnabled: true, networkConnectionEnabled: false, pageLoadStrategy: normal, platform: WINDOWS, platformName: WINDOWS, proxy: Proxy(), setWindowRect: true, strictFileInteractability: false, timeouts: {implicit: 0, pageLoad: 300000, script: 30000}, unhandledPromptBehavior: dismiss and notify, webauthn:extension:credBlob: true, webauthn:extension:largeBlob: true, webauthn:virtualAuthenticators: true}
Session ID: a457b199f2978e046d6f19200e3319b6
	at org.openqa.selenium.remote.http.W3CHttpResponseCodec.createException(W3CHttpResponseCodec.java:187)
	at org.openqa.selenium.remote.http.W3CHttpResponseCodec.decode(W3CHttpResponseCodec.java:122)
	at org.openqa.selenium.remote.http.W3CHttpResponseCodec.decode(W3CHttpResponseCodec.java:49)
	at org.openqa.selenium.remote.HttpCommandExecutor.execute(HttpCommandExecutor.java:158)
	at org.openqa.selenium.remote.service.DriverCommandExecutor.execute(DriverCommandExecutor.java:83)
	at org.openqa.selenium.remote.RemoteWebDriver.execute(RemoteWebDriver.java:552)
	at com.kms.katalon.selenium.driver.CChromeDriver.execute(CChromeDriver.java:19)
	at org.openqa.selenium.remote.RemoteWebElement.execute(RemoteWebElement.java:285)
	at org.openqa.selenium.remote.RemoteWebElement.click(RemoteWebElement.java:84)
	at org.openqa.selenium.support.events.EventFiringWebDriver$EventFiringWebElement.lambda$new$0(EventFiringWebDriver.java:404)
	at com.sun.proxy.$Proxy11.click(Unknown Source)
	at org.openqa.selenium.support.events.EventFiringWebDriver$EventFiringWebElement.click(EventFiringWebDriver.java:417)
	at com.kms.katalon.core.webui.keyword.builtin.ClickKeyword$_click_closure1.doCall(ClickKeyword.groovy:68)
	at com.kms.katalon.core.webui.keyword.builtin.ClickKeyword$_click_closure1.call(ClickKeyword.groovy)
	at com.kms.katalon.core.webui.keyword.internal.WebUIKeywordMain.runKeyword(WebUIKeywordMain.groovy:20)
	at com.kms.katalon.core.webui.keyword.builtin.ClickKeyword.click(ClickKeyword.groovy:75)
	at com.kms.katalon.core.webui.keyword.builtin.ClickKeyword.execute(ClickKeyword.groovy:42)
	at com.kms.katalon.core.keyword.internal.KeywordExecutor.executeKeywordForPlatform(KeywordExecutor.groovy:74)
	at com.kms.katalon.core.webui.keyword.WebUiBuiltInKeywords.click(WebUiBuiltInKeywords.groovy:620)
	at com.kms.katalon.core.webui.keyword.WebUiBuiltInKeywords$click$10.call(Unknown Source)
	at Script1634674829687.run(Script1634674829687.groovy:316)
	... 13 more
)

2021-11-08 12:35:50 - [MESSAGE][INFO] - Unable to find the element located by 'By.xpath: //*[@type = 'submit' and @name = 'convFeeNotifyAction']'. Please recheck the objects properties to make sure the desired element is located. 

2021-11-08 12:35:50 - [MESSAGE][WARNING] - [SELF-HEALING] Failed to find element with id 'Object Repository/RAD_Pages/ServiceFeeAccept_Page/input_convFeeNotifyAction'. Try using Self-healing.

2021-11-08 12:35:50 - [MESSAGE][WARNING] - [SELF-HEALING] The current locator of test object 'Object Repository/RAD_Pages/ServiceFeeAccept_Page/input_convFeeNotifyAction' was broken. Propose an alternative one: '//div[5]/div/input'.

2021-11-08 12:35:51 - [MESSAGE][FAILED] - Unable to click on object 'Object Repository/RAD_Pages/ServiceFeeAccept_Page/input_convFeeNotifyAction' (Root cause: com.kms.katalon.core.exception.StepFailedException: Unable to click on object 'Object Repository/RAD_Pages/ServiceFeeAccept_Page/input_convFeeNotifyAction'
	at com.kms.katalon.core.webui.keyword.internal.WebUIKeywordMain.stepFailed(WebUIKeywordMain.groovy:64)
	at com.kms.katalon.core.webui.keyword.internal.WebUIKeywordMain.runKeyword(WebUIKeywordMain.groovy:26)
	at com.kms.katalon.core.webui.keyword.builtin.ClickKeyword.click(ClickKeyword.groovy:75)
	at com.kms.katalon.core.webui.keyword.builtin.ClickKeyword.execute(ClickKeyword.groovy:42)
	at com.kms.katalon.core.keyword.internal.KeywordExecutor.executeKeywordForPlatform(KeywordExecutor.groovy:74)
	at com.kms.katalon.core.webui.keyword.WebUiBuiltInKeywords.click(WebUiBuiltInKeywords.groovy:620)
	at com.kms.katalon.core.webui.keyword.WebUiBuiltInKeywords$click$10.call(Unknown Source)
	at Payments_HC_TC.run(Payments_HC_TC:316)
	at com.kms.katalon.core.main.ScriptEngine.run(ScriptEngine.java:194)
	at com.kms.katalon.core.main.ScriptEngine.runScriptAsRawText(ScriptEngine.java:119)
	at com.kms.katalon.core.main.TestCaseExecutor.runScript(TestCaseExecutor.java:430)
	at com.kms.katalon.core.main.TestCaseExecutor.doExecute(TestCaseExecutor.java:421)
	at com.kms.katalon.core.main.TestCaseExecutor.processExecutionPhase(TestCaseExecutor.java:400)
	at com.kms.katalon.core.main.TestCaseExecutor.accessMainPhase(TestCaseExecutor.java:392)
	at com.kms.katalon.core.main.TestCaseExecutor.execute(TestCaseExecutor.java:273)
	at com.kms.katalon.core.main.TestSuiteExecutor.accessTestCaseMainPhase(TestSuiteExecutor.java:202)
	at com.kms.katalon.core.main.TestSuiteExecutor.accessTestSuiteMainPhase(TestSuiteExecutor.java:164)
	at com.kms.katalon.core.main.TestSuiteExecutor.execute(TestSuiteExecutor.java:105)
	at com.kms.katalon.core.main.TestCaseMain.startTestSuite(TestCaseMain.java:185)
	at com.kms.katalon.core.main.TestCaseMain$startTestSuite$0.call(Unknown Source)
	at TempTestSuite1636391403401.run(TempTestSuite1636391403401.groovy:36)
Caused by: org.openqa.selenium.ElementClickInterceptedException: element click intercepted: Element <input type="text" name="middleName" class="form-control" id="middleName" maxlength="20" placeholder="Middle Name"> is not clickable at point (902, 29). Other element would receive the click: <div class="container-fluid">...</div>
  (Session info: chrome=95.0.4638.69)
Build info: version: '3.141.59', revision: 'e82be7d358', time: '2018-11-14T08:25:53'
System info: host: 'DESKTOP-B2QI6NS', ip: '172.30.2.167', os.name: 'Windows 10', os.arch: 'amd64', os.version: '10.0', java.version: '1.8.0_181'
Driver info: com.kms.katalon.selenium.driver.CChromeDriver
Capabilities {acceptInsecureCerts: true, browserName: chrome, browserVersion: 95.0.4638.69, chrome: {chromedriverVersion: 95.0.4638.54 (d31a821ec901f..., userDataDir: C:\Users\iahmed\AppData\Loc...}, goog:chromeOptions: {debuggerAddress: localhost:55953}, javascriptEnabled: true, networkConnectionEnabled: false, pageLoadStrategy: normal, platform: WINDOWS, platformName: WINDOWS, proxy: Proxy(), setWindowRect: true, strictFileInteractability: false, timeouts: {implicit: 0, pageLoad: 300000, script: 30000}, unhandledPromptBehavior: dismiss and notify, webauthn:extension:credBlob: true, webauthn:extension:largeBlob: true, webauthn:virtualAuthenticators: true}
Session ID: a457b199f2978e046d6f19200e3319b6
	at org.openqa.selenium.remote.http.W3CHttpResponseCodec.createException(W3CHttpResponseCodec.java:187)
	at org.openqa.selenium.remote.http.W3CHttpResponseCodec.decode(W3CHttpResponseCodec.java:122)
	at org.openqa.selenium.remote.http.W3CHttpResponseCodec.decode(W3CHttpResponseCodec.java:49)
	at org.openqa.selenium.remote.HttpCommandExecutor.execute(HttpCommandExecutor.java:158)
	at org.openqa.selenium.remote.service.DriverCommandExecutor.execute(DriverCommandExecutor.java:83)
	at org.openqa.selenium.remote.RemoteWebDriver.execute(RemoteWebDriver.java:552)
	at com.kms.katalon.selenium.driver.CChromeDriver.execute(CChromeDriver.java:19)
	at org.openqa.selenium.remote.RemoteWebElement.execute(RemoteWebElement.java:285)
	at org.openqa.selenium.remote.RemoteWebElement.click(RemoteWebElement.java:84)
	at org.openqa.selenium.support.events.EventFiringWebDriver$EventFiringWebElement.lambda$new$0(EventFiringWebDriver.java:404)
	at com.sun.proxy.$Proxy11.click(Unknown Source)
	at org.openqa.selenium.support.events.EventFiringWebDriver$EventFiringWebElement.click(EventFiringWebDriver.java:417)
	at com.kms.katalon.core.webui.keyword.builtin.ClickKeyword$_click_closure1.doCall(ClickKeyword.groovy:68)
	at com.kms.katalon.core.webui.keyword.builtin.ClickKeyword$_click_closure1.call(ClickKeyword.groovy)
	at com.kms.katalon.core.webui.keyword.internal.WebUIKeywordMain.runKeyword(WebUIKeywordMain.groovy:20)
	at com.kms.katalon.core.webui.keyword.builtin.ClickKeyword.click(ClickKeyword.groovy:75)
	at com.kms.katalon.core.webui.keyword.builtin.ClickKeyword.execute(ClickKeyword.groovy:42)
	at com.kms.katalon.core.keyword.internal.KeywordExecutor.executeKeywordForPlatform(KeywordExecutor.groovy:74)
	at com.kms.katalon.core.webui.keyword.WebUiBuiltInKeywords.click(WebUiBuiltInKeywords.groovy:620)
	at com.kms.katalon.core.webui.keyword.WebUiBuiltInKeywords$click$10.call(Unknown Source)
	at Script1634674829687.run(Script1634674829687.groovy:316)
	... 13 more
)
[[ATTACHMENT|E:\\Cloned-Project-Katalon\\VPS-Katalon\\Reports\\20211108_121003\\RAD_TestSuite\\RAD_UI_TestSuite\\20211108_121003\\1636392951458.png]]

2021-11-08 12:35:51 - [TEST_STEP][PASSED] - delay(10): Delayed 10 second(s)

2021-11-08 12:36:01 - [MESSAGE][PASSED] - Delayed 10 second(s)

2021-11-08 12:36:01 - [TEST_STEP][FAILED] - verifyTextPresent("Successful Payment Receipt", true): Text 'Successful Payment Receipt' is not present on page  using regular expression (Root cause: com.kms.katalon.core.exception.StepFailedException: Text 'Successful Payment Receipt' is not present on page  using regular expression
	at com.kms.katalon.core.webui.keyword.internal.WebUIKeywordMain.stepFailed(WebUIKeywordMain.groovy:64)
	at com.kms.katalon.core.webui.keyword.builtin.VerifyTextPresentKeyword$_verifyTextPresent_closure1.doCall(VerifyTextPresentKeyword.groovy:79)
	at com.kms.katalon.core.webui.keyword.builtin.VerifyTextPresentKeyword$_verifyTextPresent_closure1.call(VerifyTextPresentKeyword.groovy)
	at com.kms.katalon.core.webui.keyword.internal.WebUIKeywordMain.runKeyword(WebUIKeywordMain.groovy:20)
	at com.kms.katalon.core.webui.keyword.builtin.VerifyTextPresentKeyword.verifyTextPresent(VerifyTextPresentKeyword.groovy:83)
	at com.kms.katalon.core.webui.keyword.builtin.VerifyTextPresentKeyword.execute(VerifyTextPresentKeyword.groovy:68)
	at com.kms.katalon.core.keyword.internal.KeywordExecutor.executeKeywordForPlatform(KeywordExecutor.groovy:74)
	at com.kms.katalon.core.webui.keyword.WebUiBuiltInKeywords.verifyTextPresent(WebUiBuiltInKeywords.groovy:1723)
	at com.kms.katalon.core.webui.keyword.WebUiBuiltInKeywords$verifyTextPresent$3.call(Unknown Source)
	at Payments_HC_TC.run(Payments_HC_TC:323)
	at com.kms.katalon.core.main.ScriptEngine.run(ScriptEngine.java:194)
	at com.kms.katalon.core.main.ScriptEngine.runScriptAsRawText(ScriptEngine.java:119)
	at com.kms.katalon.core.main.TestCaseExecutor.runScript(TestCaseExecutor.java:430)
	at com.kms.katalon.core.main.TestCaseExecutor.doExecute(TestCaseExecutor.java:421)
	at com.kms.katalon.core.main.TestCaseExecutor.processExecutionPhase(TestCaseExecutor.java:400)
	at com.kms.katalon.core.main.TestCaseExecutor.accessMainPhase(TestCaseExecutor.java:392)
	at com.kms.katalon.core.main.TestCaseExecutor.execute(TestCaseExecutor.java:273)
	at com.kms.katalon.core.main.TestSuiteExecutor.accessTestCaseMainPhase(TestSuiteExecutor.java:202)
	at com.kms.katalon.core.main.TestSuiteExecutor.accessTestSuiteMainPhase(TestSuiteExecutor.java:164)
	at com.kms.katalon.core.main.TestSuiteExecutor.execute(TestSuiteExecutor.java:105)
	at com.kms.katalon.core.main.TestCaseMain.startTestSuite(TestCaseMain.java:185)
	at com.kms.katalon.core.main.TestCaseMain$startTestSuite$0.call(Unknown Source)
	at TempTestSuite1636391403401.run(TempTestSuite1636391403401.groovy:36)
)

2021-11-08 12:36:02 - [MESSAGE][FAILED] - Text 'Successful Payment Receipt' is not present on page  using regular expression (Root cause: com.kms.katalon.core.exception.StepFailedException: Text 'Successful Payment Receipt' is not present on page  using regular expression
	at com.kms.katalon.core.webui.keyword.internal.WebUIKeywordMain.stepFailed(WebUIKeywordMain.groovy:64)
	at com.kms.katalon.core.webui.keyword.builtin.VerifyTextPresentKeyword$_verifyTextPresent_closure1.doCall(VerifyTextPresentKeyword.groovy:79)
	at com.kms.katalon.core.webui.keyword.builtin.VerifyTextPresentKeyword$_verifyTextPresent_closure1.call(VerifyTextPresentKeyword.groovy)
	at com.kms.katalon.core.webui.keyword.internal.WebUIKeywordMain.runKeyword(WebUIKeywordMain.groovy:20)
	at com.kms.katalon.core.webui.keyword.builtin.VerifyTextPresentKeyword.verifyTextPresent(VerifyTextPresentKeyword.groovy:83)
	at com.kms.katalon.core.webui.keyword.builtin.VerifyTextPresentKeyword.execute(VerifyTextPresentKeyword.groovy:68)
	at com.kms.katalon.core.keyword.internal.KeywordExecutor.executeKeywordForPlatform(KeywordExecutor.groovy:74)
	at com.kms.katalon.core.webui.keyword.WebUiBuiltInKeywords.verifyTextPresent(WebUiBuiltInKeywords.groovy:1723)
	at com.kms.katalon.core.webui.keyword.WebUiBuiltInKeywords$verifyTextPresent$3.call(Unknown Source)
	at Payments_HC_TC.run(Payments_HC_TC:323)
	at com.kms.katalon.core.main.ScriptEngine.run(ScriptEngine.java:194)
	at com.kms.katalon.core.main.ScriptEngine.runScriptAsRawText(ScriptEngine.java:119)
	at com.kms.katalon.core.main.TestCaseExecutor.runScript(TestCaseExecutor.java:430)
	at com.kms.katalon.core.main.TestCaseExecutor.doExecute(TestCaseExecutor.java:421)
	at com.kms.katalon.core.main.TestCaseExecutor.processExecutionPhase(TestCaseExecutor.java:400)
	at com.kms.katalon.core.main.TestCaseExecutor.accessMainPhase(TestCaseExecutor.java:392)
	at com.kms.katalon.core.main.TestCaseExecutor.execute(TestCaseExecutor.java:273)
	at com.kms.katalon.core.main.TestSuiteExecutor.accessTestCaseMainPhase(TestSuiteExecutor.java:202)
	at com.kms.katalon.core.main.TestSuiteExecutor.accessTestSuiteMainPhase(TestSuiteExecutor.java:164)
	at com.kms.katalon.core.main.TestSuiteExecutor.execute(TestSuiteExecutor.java:105)
	at com.kms.katalon.core.main.TestCaseMain.startTestSuite(TestCaseMain.java:185)
	at com.kms.katalon.core.main.TestCaseMain$startTestSuite$0.call(Unknown Source)
	at TempTestSuite1636391403401.run(TempTestSuite1636391403401.groovy:36)
)

2021-11-08 12:36:02 - [TEST_STEP][FAILED] - if (verifyTextPresent("Successful Payment Receipt", true)): Text 'Successful Payment Receipt' is not present on page  using regular expression (Root cause: com.kms.katalon.core.exception.StepFailedException: Text 'Successful Payment Receipt' is not present on page  using regular expression
	at com.kms.katalon.core.webui.keyword.internal.WebUIKeywordMain.stepFailed(WebUIKeywordMain.groovy:64)
	at com.kms.katalon.core.webui.keyword.builtin.VerifyTextPresentKeyword$_verifyTextPresent_closure1.doCall(VerifyTextPresentKeyword.groovy:79)
	at com.kms.katalon.core.webui.keyword.builtin.VerifyTextPresentKeyword$_verifyTextPresent_closure1.call(VerifyTextPresentKeyword.groovy)
	at com.kms.katalon.core.webui.keyword.internal.WebUIKeywordMain.runKeyword(WebUIKeywordMain.groovy:20)
	at com.kms.katalon.core.webui.keyword.builtin.VerifyTextPresentKeyword.verifyTextPresent(VerifyTextPresentKeyword.groovy:83)
	at com.kms.katalon.core.webui.keyword.builtin.VerifyTextPresentKeyword.execute(VerifyTextPresentKeyword.groovy:68)
	at com.kms.katalon.core.keyword.internal.KeywordExecutor.executeKeywordForPlatform(KeywordExecutor.groovy:74)
	at com.kms.katalon.core.webui.keyword.WebUiBuiltInKeywords.verifyTextPresent(WebUiBuiltInKeywords.groovy:1723)
	at com.kms.katalon.core.webui.keyword.WebUiBuiltInKeywords$verifyTextPresent$3.call(Unknown Source)
	at Payments_HC_TC.run(Payments_HC_TC:325)
	at com.kms.katalon.core.main.ScriptEngine.run(ScriptEngine.java:194)
	at com.kms.katalon.core.main.ScriptEngine.runScriptAsRawText(ScriptEngine.java:119)
	at com.kms.katalon.core.main.TestCaseExecutor.runScript(TestCaseExecutor.java:430)
	at com.kms.katalon.core.main.TestCaseExecutor.doExecute(TestCaseExecutor.java:421)
	at com.kms.katalon.core.main.TestCaseExecutor.processExecutionPhase(TestCaseExecutor.java:400)
	at com.kms.katalon.core.main.TestCaseExecutor.accessMainPhase(TestCaseExecutor.java:392)
	at com.kms.katalon.core.main.TestCaseExecutor.execute(TestCaseExecutor.java:273)
	at com.kms.katalon.core.main.TestSuiteExecutor.accessTestCaseMainPhase(TestSuiteExecutor.java:202)
	at com.kms.katalon.core.main.TestSuiteExecutor.accessTestSuiteMainPhase(TestSuiteExecutor.java:164)
	at com.kms.katalon.core.main.TestSuiteExecutor.execute(TestSuiteExecutor.java:105)
	at com.kms.katalon.core.main.TestCaseMain.startTestSuite(TestCaseMain.java:185)
	at com.kms.katalon.core.main.TestCaseMain$startTestSuite$0.call(Unknown Source)
	at TempTestSuite1636391403401.run(TempTestSuite1636391403401.groovy:36)
)

2021-11-08 12:36:02 - [MESSAGE][FAILED] - Text 'Successful Payment Receipt' is not present on page  using regular expression (Root cause: com.kms.katalon.core.exception.StepFailedException: Text 'Successful Payment Receipt' is not present on page  using regular expression
	at com.kms.katalon.core.webui.keyword.internal.WebUIKeywordMain.stepFailed(WebUIKeywordMain.groovy:64)
	at com.kms.katalon.core.webui.keyword.builtin.VerifyTextPresentKeyword$_verifyTextPresent_closure1.doCall(VerifyTextPresentKeyword.groovy:79)
	at com.kms.katalon.core.webui.keyword.builtin.VerifyTextPresentKeyword$_verifyTextPresent_closure1.call(VerifyTextPresentKeyword.groovy)
	at com.kms.katalon.core.webui.keyword.internal.WebUIKeywordMain.runKeyword(WebUIKeywordMain.groovy:20)
	at com.kms.katalon.core.webui.keyword.builtin.VerifyTextPresentKeyword.verifyTextPresent(VerifyTextPresentKeyword.groovy:83)
	at com.kms.katalon.core.webui.keyword.builtin.VerifyTextPresentKeyword.execute(VerifyTextPresentKeyword.groovy:68)
	at com.kms.katalon.core.keyword.internal.KeywordExecutor.executeKeywordForPlatform(KeywordExecutor.groovy:74)
	at com.kms.katalon.core.webui.keyword.WebUiBuiltInKeywords.verifyTextPresent(WebUiBuiltInKeywords.groovy:1723)
	at com.kms.katalon.core.webui.keyword.WebUiBuiltInKeywords$verifyTextPresent$3.call(Unknown Source)
	at Payments_HC_TC.run(Payments_HC_TC:325)
	at com.kms.katalon.core.main.ScriptEngine.run(ScriptEngine.java:194)
	at com.kms.katalon.core.main.ScriptEngine.runScriptAsRawText(ScriptEngine.java:119)
	at com.kms.katalon.core.main.TestCaseExecutor.runScript(TestCaseExecutor.java:430)
	at com.kms.katalon.core.main.TestCaseExecutor.doExecute(TestCaseExecutor.java:421)
	at com.kms.katalon.core.main.TestCaseExecutor.processExecutionPhase(TestCaseExecutor.java:400)
	at com.kms.katalon.core.main.TestCaseExecutor.accessMainPhase(TestCaseExecutor.java:392)
	at com.kms.katalon.core.main.TestCaseExecutor.execute(TestCaseExecutor.java:273)
	at com.kms.katalon.core.main.TestSuiteExecutor.accessTestCaseMainPhase(TestSuiteExecutor.java:202)
	at com.kms.katalon.core.main.TestSuiteExecutor.accessTestSuiteMainPhase(TestSuiteExecutor.java:164)
	at com.kms.katalon.core.main.TestSuiteExecutor.execute(TestSuiteExecutor.java:105)
	at com.kms.katalon.core.main.TestCaseMain.startTestSuite(TestCaseMain.java:185)
	at com.kms.katalon.core.main.TestCaseMain$startTestSuite$0.call(Unknown Source)
	at TempTestSuite1636391403401.run(TempTestSuite1636391403401.groovy:36)
)

2021-11-08 12:36:02 - [TEST_STEP][PASSED] - else: pages.WriteExcel.demoKey is PASSED

2021-11-08 12:36:02 - [TEST_STEP][PASSED] - println("Transaction was NOT Successful"): null

2021-11-08 12:36:02 - [TEST_STEP][PASSED] - out.println("Fail Record Number: " + row): null

2021-11-08 12:36:02 - [TEST_STEP][PASSED] - resText = "Fail": null

2021-11-08 12:36:02 - [TEST_STEP][PASSED] - pages.WriteExcel.demoKey(resText, datText, resColumn, datCloumn, fileLoc, nameSheet, row): pages.WriteExcel.demoKey is PASSED

2021-11-08 12:36:02 - [MESSAGE][PASSED] - pages.WriteExcel.demoKey is PASSED

2021-11-08 12:36:02 - [TEST_STEP][PASSED] - ExecuteTC = findTestData(dataFile).getValue("Execute", row): null

2021-11-08 12:36:02 - [TEST_STEP][PASSED] - PaymentType = findTestData(dataFile).getValue("PaymentType", row): null

2021-11-08 12:36:02 - [TEST_STEP][PASSED] - FilingYear = findTestData(dataFile).getValue("FilingYear", row): null

2021-11-08 12:36:02 - [TEST_STEP][PASSED] - PeriodEnding = findTestData(dataFile).getValue("PeriodEnding", row): null

2021-11-08 12:36:02 - [TEST_STEP][PASSED] - FName = findTestData(dataFile).getValue("Fname", row): null

2021-11-08 12:36:02 - [TEST_STEP][PASSED] - LName = findTestData(dataFile).getValue("Lname", row): null

2021-11-08 12:36:02 - [TEST_STEP][PASSED] - SSN = findTestData(dataFile).getValue("SSN", row): null

2021-11-08 12:36:02 - [TEST_STEP][PASSED] - BusName = findTestData(dataFile).getValue("BusName", row): null

2021-11-08 12:36:02 - [TEST_STEP][PASSED] - AL1 = findTestData(dataFile).getValue("AL1", row): null

2021-11-08 12:36:02 - [TEST_STEP][PASSED] - City = findTestData(dataFile).getValue("City", row): null

2021-11-08 12:36:02 - [TEST_STEP][PASSED] - ZIP = findTestData(dataFile).getValue("ZIP", row): null

2021-11-08 12:36:02 - [TEST_STEP][PASSED] - FilingType = findTestData(dataFile).getValue("FilingType", row): null

2021-11-08 12:36:02 - [TEST_STEP][PASSED] - Withholding = findTestData(dataFile).getValue("Withholding", row): null

2021-11-08 12:36:02 - [TEST_STEP][PASSED] - Amount = findTestData(dataFile).getValue("Amount", row): null

2021-11-08 12:36:02 - [TEST_STEP][PASSED] - CCNumber = findTestData(dataFile).getValue("CCNumber", row): null

2021-11-08 12:36:02 - [TEST_STEP][PASSED] - CVV = findTestData(dataFile).getValue("CVV", row): null

2021-11-08 12:36:02 - [TEST_STEP][PASSED] - out.println("Value of Execute is : " + ExecuteTC): null

2021-11-08 12:36:02 - [TEST_STEP][PASSED] - if (ExecuteTC.equalsIgnoreCase("Y")): null

2021-11-08 12:36:02 - [TEST_STEP][PASSED] - out.println("Begin Record Number: " + row): null

2021-11-08 12:36:02 - [TEST_STEP][PASSED] - today = new java.util.Date(): null

2021-11-08 12:36:02 - [TEST_STEP][PASSED] - println(today): null

2021-11-08 12:36:02 - [TEST_STEP][PASSED] - datText = today: null

2021-11-08 12:36:02 - [TEST_STEP][PASSED] - Taxtype = findTestData(dataFile).getValue("TaxType", row): null

2021-11-08 12:36:02 - [TEST_STEP][PASSED] - out.println("Taxtype value is : " + Taxtype): null

2021-11-08 12:36:02 - [TEST_STEP][PASSED] - openBrowser(""): Browser is opened with url: ''

2021-11-08 12:36:02 - [MESSAGE][WARNING] - A browser is already opened. Closing browser and opening a new one

2021-11-08 12:36:03 - [MESSAGE][INFO] - Starting 'Chrome' driver

2021-11-08 12:36:03 - [MESSAGE][INFO] - User set preference: ['acceptInsecureCerts', 'true']

2021-11-08 12:36:03 - [MESSAGE][INFO] - Action delay is set to 0 milliseconds

2021-11-08 12:36:05 - [MESSAGE][PASSED] - Browser is opened with url: ''

2021-11-08 12:36:05 - [TEST_STEP][PASSED] - maximizeWindow(): Current window maximized

2021-11-08 12:36:05 - [MESSAGE][PASSED] - Current window maximized

2021-11-08 12:36:05 - [TEST_STEP][PASSED] - navigateToUrl(RADurl): Navigate to 'https://qa.velocitypayment.com/client/rad/index.html' successfully

2021-11-08 12:36:07 - [MESSAGE][PASSED] - Navigate to 'https://qa.velocitypayment.com/client/rad/index.html' successfully

2021-11-08 12:36:07 - [TEST_STEP][PASSED] - orPath_Landing = "Object Repository/RAD_Pages/Landing_Page": null

2021-11-08 12:36:07 - [TEST_STEP][PASSED] - orPath_TaxTypeFilingYear = "Object Repository/RAD_Pages/TaxTypeFilingYear_Page": null

2021-11-08 12:36:07 - [TEST_STEP][PASSED] - orPath_TaxPayer = "Object Repository/RAD_Pages/Taxpayer_Page": null

2021-11-08 12:36:07 - [TEST_STEP][PASSED] - orPath_AddressContact = "Object Repository/RAD_Pages/AddressAndContactInfo_Page": null

2021-11-08 12:36:07 - [TEST_STEP][PASSED] - orPath_FilingStatus = "Object Repository/RAD_Pages/FilingStatus_Page": null

2021-11-08 12:36:07 - [TEST_STEP][PASSED] - orPath_Amount = "Object Repository/RAD_Pages/PaymentAmount_Page": null

2021-11-08 12:36:07 - [TEST_STEP][PASSED] - orPath_TaxInfo = "Object Repository/RAD_Pages/TaxInfo_Page": null

2021-11-08 12:36:07 - [TEST_STEP][PASSED] - orPath_Withholding = "Object Repository/RAD_Pages/Withholding_Page": null

2021-11-08 12:36:07 - [TEST_STEP][PASSED] - orPath_Summary = "Object Repository/RAD_Pages/Summary_Page": null

2021-11-08 12:36:07 - [TEST_STEP][PASSED] - orPath_PaymentReady = "Object Repository/RAD_Pages/PaymentReady_Page": null

2021-11-08 12:36:07 - [TEST_STEP][PASSED] - orPath_PaymentEntry = "Object Repository/RAD_Pages/PaymentEntry_Page": null

2021-11-08 12:36:07 - [TEST_STEP][PASSED] - orPath_PaymentConfirmation = "Object Repository/RAD_Pages/PaymentConfirmation_Page": null

2021-11-08 12:36:07 - [TEST_STEP][PASSED] - orPath_ServiceFeesAccept = "Object Repository/RAD_Pages/ServiceFeeAccept_Page": null

2021-11-08 12:36:07 - [TEST_STEP][PASSED] - selectOptionByLabel(findTestObject(orPath_Landing + "/dd_TaxType"), Taxtype, false): All options with label 'Sales and Use' are selected in object 'Object Repository/RAD_Pages/Landing_Page/dd_TaxType' 

2021-11-08 12:36:08 - [MESSAGE][PASSED] - All options with label 'Sales and Use' are selected in object 'Object Repository/RAD_Pages/Landing_Page/dd_TaxType' 

2021-11-08 12:36:08 - [TEST_STEP][PASSED] - delay(3): Delayed 3 second(s)

2021-11-08 12:36:11 - [MESSAGE][PASSED] - Delayed 3 second(s)

2021-11-08 12:36:11 - [TEST_STEP][PASSED] - switch (Taxtype): null

2021-11-08 12:36:11 - [TEST_STEP][PASSED] - case "Sales and Use":: null

2021-11-08 12:36:11 - [TEST_STEP][PASSED] - selectOptionByLabel(findTestObject(orPath_TaxTypeFilingYear + "/select_FilingYear"), FilingYear, false): All options with label '2022' are selected in object 'Object Repository/RAD_Pages/TaxTypeFilingYear_Page/select_FilingYear' 

2021-11-08 12:36:11 - [MESSAGE][PASSED] - All options with label '2022' are selected in object 'Object Repository/RAD_Pages/TaxTypeFilingYear_Page/select_FilingYear' 

2021-11-08 12:36:11 - [TEST_STEP][PASSED] - selectOptionByLabel(findTestObject(orPath_TaxTypeFilingYear + "/select_PeriodEnding"), PeriodEnding, false): All options with label 'January' are selected in object 'Object Repository/RAD_Pages/TaxTypeFilingYear_Page/select_PeriodEnding' 

2021-11-08 12:36:12 - [MESSAGE][PASSED] - All options with label 'January' are selected in object 'Object Repository/RAD_Pages/TaxTypeFilingYear_Page/select_PeriodEnding' 

2021-11-08 12:36:12 - [TEST_STEP][PASSED] - setText(findTestObject(orPath_TaxPayer + "/input_businessName"), BusName): Text 'My Glass Company' is set on object 'Object Repository/RAD_Pages/Taxpayer_Page/input_businessName'

2021-11-08 12:36:13 - [MESSAGE][PASSED] - Text 'My Glass Company' is set on object 'Object Repository/RAD_Pages/Taxpayer_Page/input_businessName'

2021-11-08 12:36:13 - [TEST_STEP][PASSED] - setEncryptedText(findTestObject(orPath_TaxInfo + "/input_FederalEIN"), "0fDtEjy4ijeV75Gl5M+mSg=="): Text ****** has been set on object 'Object Repository/RAD_Pages/TaxInfo_Page/input_FederalEIN'

2021-11-08 12:36:13 - [MESSAGE][PASSED] - Text ****** has been set on object 'Object Repository/RAD_Pages/TaxInfo_Page/input_FederalEIN'

2021-11-08 12:36:13 - [TEST_STEP][PASSED] - setEncryptedText(findTestObject(orPath_TaxInfo + "/input_FederalEIN_ReEnter"), "0fDtEjy4ijeV75Gl5M+mSg=="): Text ****** has been set on object 'Object Repository/RAD_Pages/TaxInfo_Page/input_FederalEIN_ReEnter'

2021-11-08 12:36:14 - [MESSAGE][PASSED] - Text ****** has been set on object 'Object Repository/RAD_Pages/TaxInfo_Page/input_FederalEIN_ReEnter'

2021-11-08 12:36:14 - [TEST_STEP][PASSED] - setText(findTestObject(orPath_TaxInfo + "/input_MDCRegistration"), "07640126"): Text '07640126' is set on object 'Object Repository/RAD_Pages/TaxInfo_Page/input_MDCRegistration'

2021-11-08 12:36:15 - [MESSAGE][PASSED] - Text '07640126' is set on object 'Object Repository/RAD_Pages/TaxInfo_Page/input_MDCRegistration'

2021-11-08 12:36:15 - [TEST_STEP][PASSED] - break: null

2021-11-08 12:36:15 - [TEST_STEP][PASSED] - setText(findTestObject(orPath_TaxPayer + "/input_firstName"), FName): Text 'Michael' is set on object 'Object Repository/RAD_Pages/Taxpayer_Page/input_firstName'

2021-11-08 12:36:15 - [MESSAGE][PASSED] - Text 'Michael' is set on object 'Object Repository/RAD_Pages/Taxpayer_Page/input_firstName'

2021-11-08 12:36:15 - [TEST_STEP][PASSED] - setText(findTestObject(orPath_TaxPayer + "/input_lastName"), LName): Text 'Vaughn' is set on object 'Object Repository/RAD_Pages/Taxpayer_Page/input_lastName'

2021-11-08 12:36:16 - [MESSAGE][PASSED] - Text 'Vaughn' is set on object 'Object Repository/RAD_Pages/Taxpayer_Page/input_lastName'

2021-11-08 12:36:16 - [TEST_STEP][PASSED] - selectOptionByLabel(findTestObject(orPath_AddressContact + "/select_Country"), "United States", false): All options with label 'United States' are selected in object 'Object Repository/RAD_Pages/AddressAndContactInfo_Page/select_Country' 

2021-11-08 12:36:17 - [MESSAGE][PASSED] - All options with label 'United States' are selected in object 'Object Repository/RAD_Pages/AddressAndContactInfo_Page/select_Country' 

2021-11-08 12:36:17 - [TEST_STEP][PASSED] - setText(findTestObject(orPath_AddressContact + "/input_streetAddress1"), AL1): Text '2000 14th street' is set on object 'Object Repository/RAD_Pages/AddressAndContactInfo_Page/input_streetAddress1'

2021-11-08 12:36:17 - [MESSAGE][PASSED] - Text '2000 14th street' is set on object 'Object Repository/RAD_Pages/AddressAndContactInfo_Page/input_streetAddress1'

2021-11-08 12:36:17 - [TEST_STEP][PASSED] - setText(findTestObject(orPath_AddressContact + "/input_streetAddress2"), ""): Text '' is set on object 'Object Repository/RAD_Pages/AddressAndContactInfo_Page/input_streetAddress2'

2021-11-08 12:36:18 - [MESSAGE][PASSED] - Text '' is set on object 'Object Repository/RAD_Pages/AddressAndContactInfo_Page/input_streetAddress2'

2021-11-08 12:36:18 - [TEST_STEP][PASSED] - setText(findTestObject(orPath_AddressContact + "/input_city"), City): Text 'Columbia' is set on object 'Object Repository/RAD_Pages/AddressAndContactInfo_Page/input_city'

2021-11-08 12:36:19 - [MESSAGE][PASSED] - Text 'Columbia' is set on object 'Object Repository/RAD_Pages/AddressAndContactInfo_Page/input_city'

2021-11-08 12:36:19 - [TEST_STEP][PASSED] - selectOptionByLabel(findTestObject(orPath_AddressContact + "/select_State"), "Maryland", false): All options with label 'Maryland' are selected in object 'Object Repository/RAD_Pages/AddressAndContactInfo_Page/select_State' 

2021-11-08 12:36:19 - [MESSAGE][PASSED] - All options with label 'Maryland' are selected in object 'Object Repository/RAD_Pages/AddressAndContactInfo_Page/select_State' 

2021-11-08 12:36:19 - [TEST_STEP][PASSED] - setText(findTestObject(orPath_AddressContact + "/input_zipCode"), ZIP): Text '21093' is set on object 'Object Repository/RAD_Pages/AddressAndContactInfo_Page/input_zipCode'

2021-11-08 12:36:20 - [MESSAGE][PASSED] - Text '21093' is set on object 'Object Repository/RAD_Pages/AddressAndContactInfo_Page/input_zipCode'

2021-11-08 12:36:20 - [TEST_STEP][PASSED] - setText(findTestObject(orPath_AddressContact + "/input_phoneNumber"), "(703) 894-5000"): Text '(703) 894-5000' is set on object 'Object Repository/RAD_Pages/AddressAndContactInfo_Page/input_phoneNumber'

2021-11-08 12:36:21 - [MESSAGE][PASSED] - Text '(703) 894-5000' is set on object 'Object Repository/RAD_Pages/AddressAndContactInfo_Page/input_phoneNumber'

2021-11-08 12:36:21 - [TEST_STEP][PASSED] - setText(findTestObject(orPath_AddressContact + "/input_eMailAddress"), "iahmed@govolution.com"): Text 'iahmed@govolution.com' is set on object 'Object Repository/RAD_Pages/AddressAndContactInfo_Page/input_eMailAddress'

2021-11-08 12:36:21 - [MESSAGE][PASSED] - Text 'iahmed@govolution.com' is set on object 'Object Repository/RAD_Pages/AddressAndContactInfo_Page/input_eMailAddress'

2021-11-08 12:36:21 - [TEST_STEP][PASSED] - setText(findTestObject(orPath_AddressContact + "/input_reEnterEMailAddress"), "iahmed@govolution.com"): Text 'iahmed@govolution.com' is set on object 'Object Repository/RAD_Pages/AddressAndContactInfo_Page/input_reEnterEMailAddress'

2021-11-08 12:36:22 - [MESSAGE][PASSED] - Text 'iahmed@govolution.com' is set on object 'Object Repository/RAD_Pages/AddressAndContactInfo_Page/input_reEnterEMailAddress'

2021-11-08 12:36:22 - [TEST_STEP][PASSED] - setText(findTestObject(orPath_Amount + "/input__paymentAmount"), Amount): Text '100.00' is set on object 'Object Repository/RAD_Pages/PaymentAmount_Page/input__paymentAmount'

2021-11-08 12:36:23 - [MESSAGE][PASSED] - Text '100.00' is set on object 'Object Repository/RAD_Pages/PaymentAmount_Page/input__paymentAmount'

2021-11-08 12:36:23 - [TEST_STEP][PASSED] - scrollToElement(findTestObject(orPath_Landing + "/button_Continue"), 3): Scroll to object 'Object Repository/RAD_Pages/Landing_Page/button_Continue' successfully

2021-11-08 12:36:23 - [MESSAGE][PASSED] - Scroll to object 'Object Repository/RAD_Pages/Landing_Page/button_Continue' successfully

2021-11-08 12:36:23 - [TEST_STEP][PASSED] - waitForElementClickable(findTestObject(orPath_Landing + "/button_Continue"), 5): Object 'Object Repository/RAD_Pages/Landing_Page/button_Continue' is clickable

2021-11-08 12:36:24 - [MESSAGE][PASSED] - Object 'Object Repository/RAD_Pages/Landing_Page/button_Continue' is clickable

2021-11-08 12:36:24 - [TEST_STEP][PASSED] - click(findTestObject(orPath_Landing + "/button_Continue")): Object: 'Object Repository/RAD_Pages/Landing_Page/button_Continue' is clicked on

2021-11-08 12:36:24 - [MESSAGE][PASSED] - Object: 'Object Repository/RAD_Pages/Landing_Page/button_Continue' is clicked on

2021-11-08 12:36:24 - [TEST_STEP][PASSED] - verifyTextPresent("Review the information below and make any necessary corrections by clicking the", true): Text 'Review the information below and make any necessary corrections by clicking the' is present on page  using regular expression

2021-11-08 12:36:25 - [MESSAGE][PASSED] - Text 'Review the information below and make any necessary corrections by clicking the' is present on page  using regular expression

2021-11-08 12:36:25 - [TEST_STEP][PASSED] - verifyTextPresent("When you are confident that all the information is correct", true): Text 'When you are confident that all the information is correct' is present on page  using regular expression

2021-11-08 12:36:25 - [MESSAGE][PASSED] - Text 'When you are confident that all the information is correct' is present on page  using regular expression

2021-11-08 12:36:25 - [TEST_STEP][PASSED] - delay(1): Delayed 1 second(s)

2021-11-08 12:36:26 - [MESSAGE][PASSED] - Delayed 1 second(s)

2021-11-08 12:36:26 - [TEST_STEP][PASSED] - click(findTestObject(orPath_Summary + "/button_Proceed to Payment")): Object: 'Object Repository/RAD_Pages/Summary_Page/button_Proceed to Payment' is clicked on

2021-11-08 12:36:29 - [MESSAGE][PASSED] - Object: 'Object Repository/RAD_Pages/Summary_Page/button_Proceed to Payment' is clicked on

2021-11-08 12:36:29 - [TEST_STEP][PASSED] - setText(findTestObject(orPath_PaymentEntry + "/input__cardNumber"), CCNumber): Text '6011000993026909' is set on object 'Object Repository/RAD_Pages/PaymentEntry_Page/input__cardNumber'

2021-11-08 12:36:30 - [MESSAGE][PASSED] - Text '6011000993026909' is set on object 'Object Repository/RAD_Pages/PaymentEntry_Page/input__cardNumber'

2021-11-08 12:36:30 - [TEST_STEP][PASSED] - setText(findTestObject(orPath_PaymentEntry + "/input__spc"), CVV): Text '123' is set on object 'Object Repository/RAD_Pages/PaymentEntry_Page/input__spc'

2021-11-08 12:36:31 - [MESSAGE][PASSED] - Text '123' is set on object 'Object Repository/RAD_Pages/PaymentEntry_Page/input__spc'

2021-11-08 12:36:31 - [TEST_STEP][PASSED] - selectOptionByLabel(findTestObject(orPath_PaymentEntry + "/select_MM"), "12", false): All options with label '12' are selected in object 'Object Repository/RAD_Pages/PaymentEntry_Page/select_MM' 

2021-11-08 12:36:31 - [MESSAGE][PASSED] - All options with label '12' are selected in object 'Object Repository/RAD_Pages/PaymentEntry_Page/select_MM' 

2021-11-08 12:36:31 - [TEST_STEP][PASSED] - selectOptionByLabel(findTestObject(orPath_PaymentEntry + "/select_YYYY"), "2023", false): All options with label '2023' are selected in object 'Object Repository/RAD_Pages/PaymentEntry_Page/select_YYYY' 

2021-11-08 12:36:32 - [MESSAGE][PASSED] - All options with label '2023' are selected in object 'Object Repository/RAD_Pages/PaymentEntry_Page/select_YYYY' 

2021-11-08 12:36:32 - [TEST_STEP][PASSED] - click(findTestObject(orPath_PaymentEntry + "/input_Field_ccSubmit")): Object: 'Object Repository/RAD_Pages/PaymentEntry_Page/input_Field_ccSubmit' is clicked on

2021-11-08 12:36:33 - [MESSAGE][PASSED] - Object: 'Object Repository/RAD_Pages/PaymentEntry_Page/input_Field_ccSubmit' is clicked on

2021-11-08 12:36:33 - [TEST_STEP][PASSED] - click(findTestObject(orPath_PaymentConfirmation + "/input_N_confirmNotifyAction")): Object: 'Object Repository/RAD_Pages/PaymentConfirmation_Page/input_N_confirmNotifyAction' is clicked on

2021-11-08 12:36:34 - [MESSAGE][PASSED] - Object: 'Object Repository/RAD_Pages/PaymentConfirmation_Page/input_N_confirmNotifyAction' is clicked on

2021-11-08 12:36:34 - [TEST_STEP][PASSED] - click(findTestObject(orPath_ServiceFeesAccept + "/input_convFeeNotifyAction")): Object: 'Object Repository/RAD_Pages/ServiceFeeAccept_Page/input_convFeeNotifyAction' is clicked on

2021-11-08 12:36:36 - [MESSAGE][PASSED] - Object: 'Object Repository/RAD_Pages/ServiceFeeAccept_Page/input_convFeeNotifyAction' is clicked on

2021-11-08 12:36:36 - [TEST_STEP][PASSED] - delay(10): Delayed 10 second(s)

2021-11-08 12:36:46 - [MESSAGE][PASSED] - Delayed 10 second(s)

2021-11-08 12:36:46 - [TEST_STEP][PASSED] - verifyTextPresent("Successful Payment Receipt", true): Text 'Successful Payment Receipt' is present on page  using regular expression

2021-11-08 12:36:46 - [MESSAGE][PASSED] - Text 'Successful Payment Receipt' is present on page  using regular expression

2021-11-08 12:36:46 - [TEST_STEP][PASSED] - if (verifyTextPresent("Successful Payment Receipt", true)): null

2021-11-08 12:36:47 - [MESSAGE][PASSED] - Text 'Successful Payment Receipt' is present on page  using regular expression

2021-11-08 12:36:47 - [TEST_STEP][PASSED] - println("Transaction was Successful"): null

2021-11-08 12:36:47 - [TEST_STEP][PASSED] - out.println("Pass Record Number: " + row): null

2021-11-08 12:36:47 - [TEST_STEP][PASSED] - resText = "Pass": null

2021-11-08 12:36:47 - [TEST_STEP][PASSED] - pages.WriteExcel.demoKey(resText, datText, resColumn, datCloumn, fileLoc, nameSheet, row): pages.WriteExcel.demoKey is PASSED

2021-11-08 12:36:47 - [MESSAGE][PASSED] - pages.WriteExcel.demoKey is PASSED

2021-11-08 12:36:47 - [TEST_STEP][PASSED] - ExecuteTC = findTestData(dataFile).getValue("Execute", row): null

2021-11-08 12:36:47 - [TEST_STEP][PASSED] - PaymentType = findTestData(dataFile).getValue("PaymentType", row): null

2021-11-08 12:36:47 - [TEST_STEP][PASSED] - FilingYear = findTestData(dataFile).getValue("FilingYear", row): null

2021-11-08 12:36:47 - [TEST_STEP][PASSED] - PeriodEnding = findTestData(dataFile).getValue("PeriodEnding", row): null

2021-11-08 12:36:47 - [TEST_STEP][PASSED] - FName = findTestData(dataFile).getValue("Fname", row): null

2021-11-08 12:36:47 - [TEST_STEP][PASSED] - LName = findTestData(dataFile).getValue("Lname", row): null

2021-11-08 12:36:47 - [TEST_STEP][PASSED] - SSN = findTestData(dataFile).getValue("SSN", row): null

2021-11-08 12:36:47 - [TEST_STEP][PASSED] - BusName = findTestData(dataFile).getValue("BusName", row): null

2021-11-08 12:36:47 - [TEST_STEP][PASSED] - AL1 = findTestData(dataFile).getValue("AL1", row): null

2021-11-08 12:36:47 - [TEST_STEP][PASSED] - City = findTestData(dataFile).getValue("City", row): null

2021-11-08 12:36:47 - [TEST_STEP][PASSED] - ZIP = findTestData(dataFile).getValue("ZIP", row): null

2021-11-08 12:36:47 - [TEST_STEP][PASSED] - FilingType = findTestData(dataFile).getValue("FilingType", row): null

2021-11-08 12:36:47 - [TEST_STEP][PASSED] - Withholding = findTestData(dataFile).getValue("Withholding", row): null

2021-11-08 12:36:47 - [TEST_STEP][PASSED] - Amount = findTestData(dataFile).getValue("Amount", row): null

2021-11-08 12:36:47 - [TEST_STEP][PASSED] - CCNumber = findTestData(dataFile).getValue("CCNumber", row): null

2021-11-08 12:36:47 - [TEST_STEP][PASSED] - CVV = findTestData(dataFile).getValue("CVV", row): null

2021-11-08 12:36:47 - [TEST_STEP][PASSED] - out.println("Value of Execute is : " + ExecuteTC): null

2021-11-08 12:36:47 - [TEST_STEP][PASSED] - if (ExecuteTC.equalsIgnoreCase("Y")): null

2021-11-08 12:36:47 - [TEST_STEP][PASSED] - out.println("Begin Record Number: " + row): null

2021-11-08 12:36:47 - [TEST_STEP][PASSED] - today = new java.util.Date(): null

2021-11-08 12:36:47 - [TEST_STEP][PASSED] - println(today): null

2021-11-08 12:36:47 - [TEST_STEP][PASSED] - datText = today: null

2021-11-08 12:36:47 - [TEST_STEP][PASSED] - Taxtype = findTestData(dataFile).getValue("TaxType", row): null

2021-11-08 12:36:47 - [TEST_STEP][PASSED] - out.println("Taxtype value is : " + Taxtype): null

2021-11-08 12:36:47 - [TEST_STEP][PASSED] - openBrowser(""): Browser is opened with url: ''

2021-11-08 12:36:47 - [MESSAGE][WARNING] - A browser is already opened. Closing browser and opening a new one

2021-11-08 12:36:48 - [MESSAGE][INFO] - Starting 'Chrome' driver

2021-11-08 12:36:48 - [MESSAGE][INFO] - User set preference: ['acceptInsecureCerts', 'true']

2021-11-08 12:36:48 - [MESSAGE][INFO] - Action delay is set to 0 milliseconds

2021-11-08 12:36:49 - [MESSAGE][PASSED] - Browser is opened with url: ''

2021-11-08 12:36:49 - [TEST_STEP][PASSED] - maximizeWindow(): Current window maximized

2021-11-08 12:36:49 - [MESSAGE][PASSED] - Current window maximized

2021-11-08 12:36:49 - [TEST_STEP][PASSED] - navigateToUrl(RADurl): Navigate to 'https://qa.velocitypayment.com/client/rad/index.html' successfully

2021-11-08 12:36:52 - [MESSAGE][PASSED] - Navigate to 'https://qa.velocitypayment.com/client/rad/index.html' successfully

2021-11-08 12:36:52 - [TEST_STEP][PASSED] - orPath_Landing = "Object Repository/RAD_Pages/Landing_Page": null

2021-11-08 12:36:52 - [TEST_STEP][PASSED] - orPath_TaxTypeFilingYear = "Object Repository/RAD_Pages/TaxTypeFilingYear_Page": null

2021-11-08 12:36:52 - [TEST_STEP][PASSED] - orPath_TaxPayer = "Object Repository/RAD_Pages/Taxpayer_Page": null

2021-11-08 12:36:52 - [TEST_STEP][PASSED] - orPath_AddressContact = "Object Repository/RAD_Pages/AddressAndContactInfo_Page": null

2021-11-08 12:36:52 - [TEST_STEP][PASSED] - orPath_FilingStatus = "Object Repository/RAD_Pages/FilingStatus_Page": null

2021-11-08 12:36:52 - [TEST_STEP][PASSED] - orPath_Amount = "Object Repository/RAD_Pages/PaymentAmount_Page": null

2021-11-08 12:36:52 - [TEST_STEP][PASSED] - orPath_TaxInfo = "Object Repository/RAD_Pages/TaxInfo_Page": null

2021-11-08 12:36:52 - [TEST_STEP][PASSED] - orPath_Withholding = "Object Repository/RAD_Pages/Withholding_Page": null

2021-11-08 12:36:52 - [TEST_STEP][PASSED] - orPath_Summary = "Object Repository/RAD_Pages/Summary_Page": null

2021-11-08 12:36:52 - [TEST_STEP][PASSED] - orPath_PaymentReady = "Object Repository/RAD_Pages/PaymentReady_Page": null

2021-11-08 12:36:52 - [TEST_STEP][PASSED] - orPath_PaymentEntry = "Object Repository/RAD_Pages/PaymentEntry_Page": null

2021-11-08 12:36:52 - [TEST_STEP][PASSED] - orPath_PaymentConfirmation = "Object Repository/RAD_Pages/PaymentConfirmation_Page": null

2021-11-08 12:36:52 - [TEST_STEP][PASSED] - orPath_ServiceFeesAccept = "Object Repository/RAD_Pages/ServiceFeeAccept_Page": null

2021-11-08 12:36:52 - [TEST_STEP][PASSED] - selectOptionByLabel(findTestObject(orPath_Landing + "/dd_TaxType"), Taxtype, false): All options with label 'Sales and Use' are selected in object 'Object Repository/RAD_Pages/Landing_Page/dd_TaxType' 

2021-11-08 12:36:52 - [MESSAGE][PASSED] - All options with label 'Sales and Use' are selected in object 'Object Repository/RAD_Pages/Landing_Page/dd_TaxType' 

2021-11-08 12:36:52 - [TEST_STEP][PASSED] - delay(3): Delayed 3 second(s)

2021-11-08 12:36:55 - [MESSAGE][PASSED] - Delayed 3 second(s)

2021-11-08 12:36:55 - [TEST_STEP][PASSED] - switch (Taxtype): null

2021-11-08 12:36:55 - [TEST_STEP][PASSED] - case "Sales and Use":: null

2021-11-08 12:36:55 - [TEST_STEP][PASSED] - selectOptionByLabel(findTestObject(orPath_TaxTypeFilingYear + "/select_FilingYear"), FilingYear, false): All options with label '2021' are selected in object 'Object Repository/RAD_Pages/TaxTypeFilingYear_Page/select_FilingYear' 

2021-11-08 12:36:56 - [MESSAGE][PASSED] - All options with label '2021' are selected in object 'Object Repository/RAD_Pages/TaxTypeFilingYear_Page/select_FilingYear' 

2021-11-08 12:36:56 - [TEST_STEP][PASSED] - selectOptionByLabel(findTestObject(orPath_TaxTypeFilingYear + "/select_PeriodEnding"), PeriodEnding, false): All options with label 'July' are selected in object 'Object Repository/RAD_Pages/TaxTypeFilingYear_Page/select_PeriodEnding' 

2021-11-08 12:36:57 - [MESSAGE][PASSED] - All options with label 'July' are selected in object 'Object Repository/RAD_Pages/TaxTypeFilingYear_Page/select_PeriodEnding' 

2021-11-08 12:36:57 - [TEST_STEP][PASSED] - setText(findTestObject(orPath_TaxPayer + "/input_businessName"), BusName): Text 'Superior, Painters' is set on object 'Object Repository/RAD_Pages/Taxpayer_Page/input_businessName'

2021-11-08 12:36:57 - [MESSAGE][PASSED] - Text 'Superior, Painters' is set on object 'Object Repository/RAD_Pages/Taxpayer_Page/input_businessName'

2021-11-08 12:36:57 - [TEST_STEP][PASSED] - setEncryptedText(findTestObject(orPath_TaxInfo + "/input_FederalEIN"), "0fDtEjy4ijeV75Gl5M+mSg=="): Text ****** has been set on object 'Object Repository/RAD_Pages/TaxInfo_Page/input_FederalEIN'

2021-11-08 12:36:58 - [MESSAGE][PASSED] - Text ****** has been set on object 'Object Repository/RAD_Pages/TaxInfo_Page/input_FederalEIN'

2021-11-08 12:36:58 - [TEST_STEP][PASSED] - setEncryptedText(findTestObject(orPath_TaxInfo + "/input_FederalEIN_ReEnter"), "0fDtEjy4ijeV75Gl5M+mSg=="): Text ****** has been set on object 'Object Repository/RAD_Pages/TaxInfo_Page/input_FederalEIN_ReEnter'

2021-11-08 12:36:58 - [MESSAGE][PASSED] - Text ****** has been set on object 'Object Repository/RAD_Pages/TaxInfo_Page/input_FederalEIN_ReEnter'

2021-11-08 12:36:58 - [TEST_STEP][PASSED] - setText(findTestObject(orPath_TaxInfo + "/input_MDCRegistration"), "07640126"): Text '07640126' is set on object 'Object Repository/RAD_Pages/TaxInfo_Page/input_MDCRegistration'

2021-11-08 12:36:59 - [MESSAGE][PASSED] - Text '07640126' is set on object 'Object Repository/RAD_Pages/TaxInfo_Page/input_MDCRegistration'

2021-11-08 12:36:59 - [TEST_STEP][PASSED] - break: null

2021-11-08 12:36:59 - [TEST_STEP][PASSED] - setText(findTestObject(orPath_TaxPayer + "/input_firstName"), FName): Text 'Andrew' is set on object 'Object Repository/RAD_Pages/Taxpayer_Page/input_firstName'

2021-11-08 12:37:00 - [MESSAGE][PASSED] - Text 'Andrew' is set on object 'Object Repository/RAD_Pages/Taxpayer_Page/input_firstName'

2021-11-08 12:37:00 - [TEST_STEP][PASSED] - setText(findTestObject(orPath_TaxPayer + "/input_lastName"), LName): Text 'Cook' is set on object 'Object Repository/RAD_Pages/Taxpayer_Page/input_lastName'

2021-11-08 12:37:01 - [MESSAGE][PASSED] - Text 'Cook' is set on object 'Object Repository/RAD_Pages/Taxpayer_Page/input_lastName'

2021-11-08 12:37:01 - [TEST_STEP][PASSED] - selectOptionByLabel(findTestObject(orPath_AddressContact + "/select_Country"), "United States", false): All options with label 'United States' are selected in object 'Object Repository/RAD_Pages/AddressAndContactInfo_Page/select_Country' 

2021-11-08 12:37:01 - [MESSAGE][PASSED] - All options with label 'United States' are selected in object 'Object Repository/RAD_Pages/AddressAndContactInfo_Page/select_Country' 

2021-11-08 12:37:01 - [TEST_STEP][PASSED] - setText(findTestObject(orPath_AddressContact + "/input_streetAddress1"), AL1): Text '3652 Mandan road' is set on object 'Object Repository/RAD_Pages/AddressAndContactInfo_Page/input_streetAddress1'

2021-11-08 12:37:02 - [MESSAGE][PASSED] - Text '3652 Mandan road' is set on object 'Object Repository/RAD_Pages/AddressAndContactInfo_Page/input_streetAddress1'

2021-11-08 12:37:02 - [TEST_STEP][PASSED] - setText(findTestObject(orPath_AddressContact + "/input_streetAddress2"), ""): Text '' is set on object 'Object Repository/RAD_Pages/AddressAndContactInfo_Page/input_streetAddress2'

2021-11-08 12:37:02 - [MESSAGE][PASSED] - Text '' is set on object 'Object Repository/RAD_Pages/AddressAndContactInfo_Page/input_streetAddress2'

2021-11-08 12:37:02 - [TEST_STEP][PASSED] - setText(findTestObject(orPath_AddressContact + "/input_city"), City): Text 'Crofton' is set on object 'Object Repository/RAD_Pages/AddressAndContactInfo_Page/input_city'

2021-11-08 12:37:03 - [MESSAGE][PASSED] - Text 'Crofton' is set on object 'Object Repository/RAD_Pages/AddressAndContactInfo_Page/input_city'

2021-11-08 12:37:03 - [TEST_STEP][PASSED] - selectOptionByLabel(findTestObject(orPath_AddressContact + "/select_State"), "Maryland", false): All options with label 'Maryland' are selected in object 'Object Repository/RAD_Pages/AddressAndContactInfo_Page/select_State' 

2021-11-08 12:37:04 - [MESSAGE][PASSED] - All options with label 'Maryland' are selected in object 'Object Repository/RAD_Pages/AddressAndContactInfo_Page/select_State' 

2021-11-08 12:37:04 - [TEST_STEP][PASSED] - setText(findTestObject(orPath_AddressContact + "/input_zipCode"), ZIP): Text '21114' is set on object 'Object Repository/RAD_Pages/AddressAndContactInfo_Page/input_zipCode'

2021-11-08 12:37:04 - [MESSAGE][PASSED] - Text '21114' is set on object 'Object Repository/RAD_Pages/AddressAndContactInfo_Page/input_zipCode'

2021-11-08 12:37:04 - [TEST_STEP][PASSED] - setText(findTestObject(orPath_AddressContact + "/input_phoneNumber"), "(703) 894-5000"): Text '(703) 894-5000' is set on object 'Object Repository/RAD_Pages/AddressAndContactInfo_Page/input_phoneNumber'

2021-11-08 12:37:05 - [MESSAGE][PASSED] - Text '(703) 894-5000' is set on object 'Object Repository/RAD_Pages/AddressAndContactInfo_Page/input_phoneNumber'

2021-11-08 12:37:05 - [TEST_STEP][PASSED] - setText(findTestObject(orPath_AddressContact + "/input_eMailAddress"), "iahmed@govolution.com"): Text 'iahmed@govolution.com' is set on object 'Object Repository/RAD_Pages/AddressAndContactInfo_Page/input_eMailAddress'

2021-11-08 12:37:06 - [MESSAGE][PASSED] - Text 'iahmed@govolution.com' is set on object 'Object Repository/RAD_Pages/AddressAndContactInfo_Page/input_eMailAddress'

2021-11-08 12:37:06 - [TEST_STEP][PASSED] - setText(findTestObject(orPath_AddressContact + "/input_reEnterEMailAddress"), "iahmed@govolution.com"): Text 'iahmed@govolution.com' is set on object 'Object Repository/RAD_Pages/AddressAndContactInfo_Page/input_reEnterEMailAddress'

2021-11-08 12:37:07 - [MESSAGE][PASSED] - Text 'iahmed@govolution.com' is set on object 'Object Repository/RAD_Pages/AddressAndContactInfo_Page/input_reEnterEMailAddress'

2021-11-08 12:37:07 - [TEST_STEP][PASSED] - setText(findTestObject(orPath_Amount + "/input__paymentAmount"), Amount): Text '100.00' is set on object 'Object Repository/RAD_Pages/PaymentAmount_Page/input__paymentAmount'

2021-11-08 12:37:07 - [MESSAGE][PASSED] - Text '100.00' is set on object 'Object Repository/RAD_Pages/PaymentAmount_Page/input__paymentAmount'

2021-11-08 12:37:07 - [TEST_STEP][PASSED] - scrollToElement(findTestObject(orPath_Landing + "/button_Continue"), 3): Scroll to object 'Object Repository/RAD_Pages/Landing_Page/button_Continue' successfully

2021-11-08 12:37:08 - [MESSAGE][PASSED] - Scroll to object 'Object Repository/RAD_Pages/Landing_Page/button_Continue' successfully

2021-11-08 12:37:08 - [TEST_STEP][PASSED] - waitForElementClickable(findTestObject(orPath_Landing + "/button_Continue"), 5): Object 'Object Repository/RAD_Pages/Landing_Page/button_Continue' is clickable

2021-11-08 12:37:08 - [MESSAGE][PASSED] - Object 'Object Repository/RAD_Pages/Landing_Page/button_Continue' is clickable

2021-11-08 12:37:08 - [TEST_STEP][PASSED] - click(findTestObject(orPath_Landing + "/button_Continue")): Object: 'Object Repository/RAD_Pages/Landing_Page/button_Continue' is clicked on

2021-11-08 12:37:09 - [MESSAGE][PASSED] - Object: 'Object Repository/RAD_Pages/Landing_Page/button_Continue' is clicked on

2021-11-08 12:37:09 - [TEST_STEP][PASSED] - verifyTextPresent("Review the information below and make any necessary corrections by clicking the", true): Text 'Review the information below and make any necessary corrections by clicking the' is present on page  using regular expression

2021-11-08 12:37:09 - [MESSAGE][PASSED] - Text 'Review the information below and make any necessary corrections by clicking the' is present on page  using regular expression

2021-11-08 12:37:09 - [TEST_STEP][PASSED] - verifyTextPresent("When you are confident that all the information is correct", true): Text 'When you are confident that all the information is correct' is present on page  using regular expression

2021-11-08 12:37:10 - [MESSAGE][PASSED] - Text 'When you are confident that all the information is correct' is present on page  using regular expression

2021-11-08 12:37:10 - [TEST_STEP][PASSED] - delay(1): Delayed 1 second(s)

2021-11-08 12:37:11 - [MESSAGE][PASSED] - Delayed 1 second(s)

2021-11-08 12:37:11 - [TEST_STEP][PASSED] - click(findTestObject(orPath_Summary + "/button_Proceed to Payment")): Object: 'Object Repository/RAD_Pages/Summary_Page/button_Proceed to Payment' is clicked on

2021-11-08 12:37:13 - [MESSAGE][PASSED] - Object: 'Object Repository/RAD_Pages/Summary_Page/button_Proceed to Payment' is clicked on

2021-11-08 12:37:13 - [TEST_STEP][PASSED] - setText(findTestObject(orPath_PaymentEntry + "/input__cardNumber"), CCNumber): Text '4012000098765439' is set on object 'Object Repository/RAD_Pages/PaymentEntry_Page/input__cardNumber'

2021-11-08 12:37:14 - [MESSAGE][PASSED] - Text '4012000098765439' is set on object 'Object Repository/RAD_Pages/PaymentEntry_Page/input__cardNumber'

2021-11-08 12:37:14 - [TEST_STEP][PASSED] - setText(findTestObject(orPath_PaymentEntry + "/input__spc"), CVV): Text '123' is set on object 'Object Repository/RAD_Pages/PaymentEntry_Page/input__spc'

2021-11-08 12:37:15 - [MESSAGE][PASSED] - Text '123' is set on object 'Object Repository/RAD_Pages/PaymentEntry_Page/input__spc'

2021-11-08 12:37:15 - [TEST_STEP][PASSED] - selectOptionByLabel(findTestObject(orPath_PaymentEntry + "/select_MM"), "12", false): All options with label '12' are selected in object 'Object Repository/RAD_Pages/PaymentEntry_Page/select_MM' 

2021-11-08 12:37:15 - [MESSAGE][PASSED] - All options with label '12' are selected in object 'Object Repository/RAD_Pages/PaymentEntry_Page/select_MM' 

2021-11-08 12:37:15 - [TEST_STEP][PASSED] - selectOptionByLabel(findTestObject(orPath_PaymentEntry + "/select_YYYY"), "2023", false): All options with label '2023' are selected in object 'Object Repository/RAD_Pages/PaymentEntry_Page/select_YYYY' 

2021-11-08 12:37:16 - [MESSAGE][PASSED] - All options with label '2023' are selected in object 'Object Repository/RAD_Pages/PaymentEntry_Page/select_YYYY' 

2021-11-08 12:37:16 - [TEST_STEP][PASSED] - click(findTestObject(orPath_PaymentEntry + "/input_Field_ccSubmit")): Object: 'Object Repository/RAD_Pages/PaymentEntry_Page/input_Field_ccSubmit' is clicked on

2021-11-08 12:37:17 - [MESSAGE][PASSED] - Object: 'Object Repository/RAD_Pages/PaymentEntry_Page/input_Field_ccSubmit' is clicked on

2021-11-08 12:37:17 - [TEST_STEP][PASSED] - click(findTestObject(orPath_PaymentConfirmation + "/input_N_confirmNotifyAction")): Object: 'Object Repository/RAD_Pages/PaymentConfirmation_Page/input_N_confirmNotifyAction' is clicked on

2021-11-08 12:37:18 - [MESSAGE][PASSED] - Object: 'Object Repository/RAD_Pages/PaymentConfirmation_Page/input_N_confirmNotifyAction' is clicked on

2021-11-08 12:37:18 - [TEST_STEP][PASSED] - click(findTestObject(orPath_ServiceFeesAccept + "/input_convFeeNotifyAction")): Object: 'Object Repository/RAD_Pages/ServiceFeeAccept_Page/input_convFeeNotifyAction' is clicked on

2021-11-08 12:37:20 - [MESSAGE][PASSED] - Object: 'Object Repository/RAD_Pages/ServiceFeeAccept_Page/input_convFeeNotifyAction' is clicked on

2021-11-08 12:37:20 - [TEST_STEP][PASSED] - delay(10): Delayed 10 second(s)

2021-11-08 12:37:30 - [MESSAGE][PASSED] - Delayed 10 second(s)

2021-11-08 12:37:30 - [TEST_STEP][PASSED] - verifyTextPresent("Successful Payment Receipt", true): Text 'Successful Payment Receipt' is present on page  using regular expression

2021-11-08 12:37:30 - [MESSAGE][PASSED] - Text 'Successful Payment Receipt' is present on page  using regular expression

2021-11-08 12:37:30 - [TEST_STEP][PASSED] - if (verifyTextPresent("Successful Payment Receipt", true)): null

2021-11-08 12:37:31 - [MESSAGE][PASSED] - Text 'Successful Payment Receipt' is present on page  using regular expression

2021-11-08 12:37:31 - [TEST_STEP][PASSED] - println("Transaction was Successful"): null

2021-11-08 12:37:31 - [TEST_STEP][PASSED] - out.println("Pass Record Number: " + row): null

2021-11-08 12:37:31 - [TEST_STEP][PASSED] - resText = "Pass": null

2021-11-08 12:37:31 - [TEST_STEP][PASSED] - pages.WriteExcel.demoKey(resText, datText, resColumn, datCloumn, fileLoc, nameSheet, row): pages.WriteExcel.demoKey is PASSED

2021-11-08 12:37:31 - [MESSAGE][PASSED] - pages.WriteExcel.demoKey is PASSED

2021-11-08 12:37:31 - [TEST_STEP][PASSED] - ExecuteTC = findTestData(dataFile).getValue("Execute", row): null

2021-11-08 12:37:31 - [TEST_STEP][PASSED] - PaymentType = findTestData(dataFile).getValue("PaymentType", row): null

2021-11-08 12:37:31 - [TEST_STEP][PASSED] - FilingYear = findTestData(dataFile).getValue("FilingYear", row): null

2021-11-08 12:37:31 - [TEST_STEP][PASSED] - PeriodEnding = findTestData(dataFile).getValue("PeriodEnding", row): null

2021-11-08 12:37:31 - [TEST_STEP][PASSED] - FName = findTestData(dataFile).getValue("Fname", row): null

2021-11-08 12:37:31 - [TEST_STEP][PASSED] - LName = findTestData(dataFile).getValue("Lname", row): null

2021-11-08 12:37:31 - [TEST_STEP][PASSED] - SSN = findTestData(dataFile).getValue("SSN", row): null

2021-11-08 12:37:31 - [TEST_STEP][PASSED] - BusName = findTestData(dataFile).getValue("BusName", row): null

2021-11-08 12:37:31 - [TEST_STEP][PASSED] - AL1 = findTestData(dataFile).getValue("AL1", row): null

2021-11-08 12:37:31 - [TEST_STEP][PASSED] - City = findTestData(dataFile).getValue("City", row): null

2021-11-08 12:37:31 - [TEST_STEP][PASSED] - ZIP = findTestData(dataFile).getValue("ZIP", row): null

2021-11-08 12:37:31 - [TEST_STEP][PASSED] - FilingType = findTestData(dataFile).getValue("FilingType", row): null

2021-11-08 12:37:31 - [TEST_STEP][PASSED] - Withholding = findTestData(dataFile).getValue("Withholding", row): null

2021-11-08 12:37:31 - [TEST_STEP][PASSED] - Amount = findTestData(dataFile).getValue("Amount", row): null

2021-11-08 12:37:31 - [TEST_STEP][PASSED] - CCNumber = findTestData(dataFile).getValue("CCNumber", row): null

2021-11-08 12:37:31 - [TEST_STEP][PASSED] - CVV = findTestData(dataFile).getValue("CVV", row): null

2021-11-08 12:37:31 - [TEST_STEP][PASSED] - out.println("Value of Execute is : " + ExecuteTC): null

2021-11-08 12:37:31 - [TEST_STEP][FAILED] - if (ExecuteTC.equalsIgnoreCase("Y")): null

2021-11-08 12:37:31 - [TEST_STEP][PASSED] - out.println("Begin Record Number: " + row): null

2021-11-08 12:37:31 - [TEST_STEP][PASSED] - today = new java.util.Date(): null

2021-11-08 12:37:31 - [TEST_STEP][PASSED] - println(today): null

2021-11-08 12:37:31 - [TEST_STEP][PASSED] - datText = today: null

2021-11-08 12:37:31 - [TEST_STEP][PASSED] - Taxtype = findTestData(dataFile).getValue("TaxType", row): null

2021-11-08 12:37:31 - [TEST_STEP][PASSED] - out.println("Taxtype value is : " + Taxtype): null

2021-11-08 12:37:31 - [TEST_STEP][PASSED] - openBrowser(""): Browser is opened with url: ''

2021-11-08 12:37:31 - [MESSAGE][WARNING] - A browser is already opened. Closing browser and opening a new one

2021-11-08 12:37:32 - [MESSAGE][INFO] - Starting 'Chrome' driver

2021-11-08 12:37:32 - [MESSAGE][INFO] - User set preference: ['acceptInsecureCerts', 'true']

2021-11-08 12:37:32 - [MESSAGE][INFO] - Action delay is set to 0 milliseconds

2021-11-08 12:37:33 - [MESSAGE][PASSED] - Browser is opened with url: ''

2021-11-08 12:37:33 - [TEST_STEP][PASSED] - maximizeWindow(): Current window maximized

2021-11-08 12:37:33 - [MESSAGE][PASSED] - Current window maximized

2021-11-08 12:37:33 - [TEST_STEP][PASSED] - navigateToUrl(RADurl): Navigate to 'https://qa.velocitypayment.com/client/rad/index.html' successfully

2021-11-08 12:37:35 - [MESSAGE][PASSED] - Navigate to 'https://qa.velocitypayment.com/client/rad/index.html' successfully

2021-11-08 12:37:35 - [TEST_STEP][PASSED] - orPath_Landing = "Object Repository/RAD_Pages/Landing_Page": null

2021-11-08 12:37:35 - [TEST_STEP][PASSED] - orPath_TaxTypeFilingYear = "Object Repository/RAD_Pages/TaxTypeFilingYear_Page": null

2021-11-08 12:37:35 - [TEST_STEP][PASSED] - orPath_TaxPayer = "Object Repository/RAD_Pages/Taxpayer_Page": null

2021-11-08 12:37:35 - [TEST_STEP][PASSED] - orPath_AddressContact = "Object Repository/RAD_Pages/AddressAndContactInfo_Page": null

2021-11-08 12:37:35 - [TEST_STEP][PASSED] - orPath_FilingStatus = "Object Repository/RAD_Pages/FilingStatus_Page": null

2021-11-08 12:37:35 - [TEST_STEP][PASSED] - orPath_Amount = "Object Repository/RAD_Pages/PaymentAmount_Page": null

2021-11-08 12:37:35 - [TEST_STEP][PASSED] - orPath_TaxInfo = "Object Repository/RAD_Pages/TaxInfo_Page": null

2021-11-08 12:37:35 - [TEST_STEP][PASSED] - orPath_Withholding = "Object Repository/RAD_Pages/Withholding_Page": null

2021-11-08 12:37:35 - [TEST_STEP][PASSED] - orPath_Summary = "Object Repository/RAD_Pages/Summary_Page": null

2021-11-08 12:37:35 - [TEST_STEP][PASSED] - orPath_PaymentReady = "Object Repository/RAD_Pages/PaymentReady_Page": null

2021-11-08 12:37:35 - [TEST_STEP][PASSED] - orPath_PaymentEntry = "Object Repository/RAD_Pages/PaymentEntry_Page": null

2021-11-08 12:37:35 - [TEST_STEP][PASSED] - orPath_PaymentConfirmation = "Object Repository/RAD_Pages/PaymentConfirmation_Page": null

2021-11-08 12:37:35 - [TEST_STEP][PASSED] - orPath_ServiceFeesAccept = "Object Repository/RAD_Pages/ServiceFeeAccept_Page": null

2021-11-08 12:37:35 - [TEST_STEP][PASSED] - selectOptionByLabel(findTestObject(orPath_Landing + "/dd_TaxType"), Taxtype, false): All options with label 'Sales and Use' are selected in object 'Object Repository/RAD_Pages/Landing_Page/dd_TaxType' 

2021-11-08 12:37:36 - [MESSAGE][PASSED] - All options with label 'Sales and Use' are selected in object 'Object Repository/RAD_Pages/Landing_Page/dd_TaxType' 

2021-11-08 12:37:36 - [TEST_STEP][PASSED] - delay(3): Delayed 3 second(s)

2021-11-08 12:37:39 - [MESSAGE][PASSED] - Delayed 3 second(s)

2021-11-08 12:37:39 - [TEST_STEP][PASSED] - switch (Taxtype): null

2021-11-08 12:37:39 - [TEST_STEP][PASSED] - case "Sales and Use":: null

2021-11-08 12:37:39 - [TEST_STEP][PASSED] - selectOptionByLabel(findTestObject(orPath_TaxTypeFilingYear + "/select_FilingYear"), FilingYear, false): All options with label '2020' are selected in object 'Object Repository/RAD_Pages/TaxTypeFilingYear_Page/select_FilingYear' 

2021-11-08 12:37:40 - [MESSAGE][PASSED] - All options with label '2020' are selected in object 'Object Repository/RAD_Pages/TaxTypeFilingYear_Page/select_FilingYear' 

2021-11-08 12:37:40 - [TEST_STEP][PASSED] - selectOptionByLabel(findTestObject(orPath_TaxTypeFilingYear + "/select_PeriodEnding"), PeriodEnding, false): All options with label 'December' are selected in object 'Object Repository/RAD_Pages/TaxTypeFilingYear_Page/select_PeriodEnding' 

2021-11-08 12:37:41 - [MESSAGE][PASSED] - All options with label 'December' are selected in object 'Object Repository/RAD_Pages/TaxTypeFilingYear_Page/select_PeriodEnding' 

2021-11-08 12:37:41 - [TEST_STEP][PASSED] - setText(findTestObject(orPath_TaxPayer + "/input_businessName"), BusName): Text 'Light Car Wash' is set on object 'Object Repository/RAD_Pages/Taxpayer_Page/input_businessName'

2021-11-08 12:37:41 - [MESSAGE][PASSED] - Text 'Light Car Wash' is set on object 'Object Repository/RAD_Pages/Taxpayer_Page/input_businessName'

2021-11-08 12:37:41 - [TEST_STEP][PASSED] - setEncryptedText(findTestObject(orPath_TaxInfo + "/input_FederalEIN"), "0fDtEjy4ijeV75Gl5M+mSg=="): Text ****** has been set on object 'Object Repository/RAD_Pages/TaxInfo_Page/input_FederalEIN'

2021-11-08 12:37:42 - [MESSAGE][PASSED] - Text ****** has been set on object 'Object Repository/RAD_Pages/TaxInfo_Page/input_FederalEIN'

2021-11-08 12:37:42 - [TEST_STEP][PASSED] - setEncryptedText(findTestObject(orPath_TaxInfo + "/input_FederalEIN_ReEnter"), "0fDtEjy4ijeV75Gl5M+mSg=="): Text ****** has been set on object 'Object Repository/RAD_Pages/TaxInfo_Page/input_FederalEIN_ReEnter'

2021-11-08 12:37:42 - [MESSAGE][PASSED] - Text ****** has been set on object 'Object Repository/RAD_Pages/TaxInfo_Page/input_FederalEIN_ReEnter'

2021-11-08 12:37:42 - [TEST_STEP][PASSED] - setText(findTestObject(orPath_TaxInfo + "/input_MDCRegistration"), "07640126"): Text '07640126' is set on object 'Object Repository/RAD_Pages/TaxInfo_Page/input_MDCRegistration'

2021-11-08 12:37:43 - [MESSAGE][PASSED] - Text '07640126' is set on object 'Object Repository/RAD_Pages/TaxInfo_Page/input_MDCRegistration'

2021-11-08 12:37:43 - [TEST_STEP][PASSED] - break: null

2021-11-08 12:37:43 - [TEST_STEP][PASSED] - setText(findTestObject(orPath_TaxPayer + "/input_firstName"), FName): Text 'Larsons' is set on object 'Object Repository/RAD_Pages/Taxpayer_Page/input_firstName'

2021-11-08 12:37:44 - [MESSAGE][PASSED] - Text 'Larsons' is set on object 'Object Repository/RAD_Pages/Taxpayer_Page/input_firstName'

2021-11-08 12:37:44 - [TEST_STEP][PASSED] - setText(findTestObject(orPath_TaxPayer + "/input_lastName"), LName): Text 'Bell' is set on object 'Object Repository/RAD_Pages/Taxpayer_Page/input_lastName'

2021-11-08 12:37:44 - [MESSAGE][PASSED] - Text 'Bell' is set on object 'Object Repository/RAD_Pages/Taxpayer_Page/input_lastName'

2021-11-08 12:37:44 - [TEST_STEP][PASSED] - selectOptionByLabel(findTestObject(orPath_AddressContact + "/select_Country"), "United States", false): All options with label 'United States' are selected in object 'Object Repository/RAD_Pages/AddressAndContactInfo_Page/select_Country' 

2021-11-08 12:37:45 - [MESSAGE][PASSED] - All options with label 'United States' are selected in object 'Object Repository/RAD_Pages/AddressAndContactInfo_Page/select_Country' 

2021-11-08 12:37:45 - [TEST_STEP][PASSED] - setText(findTestObject(orPath_AddressContact + "/input_streetAddress1"), AL1): Text '114 Clark Ave' is set on object 'Object Repository/RAD_Pages/AddressAndContactInfo_Page/input_streetAddress1'

2021-11-08 12:37:46 - [MESSAGE][PASSED] - Text '114 Clark Ave' is set on object 'Object Repository/RAD_Pages/AddressAndContactInfo_Page/input_streetAddress1'

2021-11-08 12:37:46 - [TEST_STEP][PASSED] - setText(findTestObject(orPath_AddressContact + "/input_streetAddress2"), ""): Text '' is set on object 'Object Repository/RAD_Pages/AddressAndContactInfo_Page/input_streetAddress2'

2021-11-08 12:37:46 - [MESSAGE][PASSED] - Text '' is set on object 'Object Repository/RAD_Pages/AddressAndContactInfo_Page/input_streetAddress2'

2021-11-08 12:37:46 - [TEST_STEP][PASSED] - setText(findTestObject(orPath_AddressContact + "/input_city"), City): Text 'Severn' is set on object 'Object Repository/RAD_Pages/AddressAndContactInfo_Page/input_city'

2021-11-08 12:37:47 - [MESSAGE][PASSED] - Text 'Severn' is set on object 'Object Repository/RAD_Pages/AddressAndContactInfo_Page/input_city'

2021-11-08 12:37:47 - [TEST_STEP][PASSED] - selectOptionByLabel(findTestObject(orPath_AddressContact + "/select_State"), "Maryland", false): All options with label 'Maryland' are selected in object 'Object Repository/RAD_Pages/AddressAndContactInfo_Page/select_State' 

2021-11-08 12:37:48 - [MESSAGE][PASSED] - All options with label 'Maryland' are selected in object 'Object Repository/RAD_Pages/AddressAndContactInfo_Page/select_State' 

2021-11-08 12:37:48 - [TEST_STEP][PASSED] - setText(findTestObject(orPath_AddressContact + "/input_zipCode"), ZIP): Text '21144' is set on object 'Object Repository/RAD_Pages/AddressAndContactInfo_Page/input_zipCode'

2021-11-08 12:37:48 - [MESSAGE][PASSED] - Text '21144' is set on object 'Object Repository/RAD_Pages/AddressAndContactInfo_Page/input_zipCode'

2021-11-08 12:37:48 - [TEST_STEP][PASSED] - setText(findTestObject(orPath_AddressContact + "/input_phoneNumber"), "(703) 894-5000"): Text '(703) 894-5000' is set on object 'Object Repository/RAD_Pages/AddressAndContactInfo_Page/input_phoneNumber'

2021-11-08 12:37:49 - [MESSAGE][PASSED] - Text '(703) 894-5000' is set on object 'Object Repository/RAD_Pages/AddressAndContactInfo_Page/input_phoneNumber'

2021-11-08 12:37:49 - [TEST_STEP][PASSED] - setText(findTestObject(orPath_AddressContact + "/input_eMailAddress"), "iahmed@govolution.com"): Text 'iahmed@govolution.com' is set on object 'Object Repository/RAD_Pages/AddressAndContactInfo_Page/input_eMailAddress'

2021-11-08 12:37:50 - [MESSAGE][PASSED] - Text 'iahmed@govolution.com' is set on object 'Object Repository/RAD_Pages/AddressAndContactInfo_Page/input_eMailAddress'

2021-11-08 12:37:50 - [TEST_STEP][PASSED] - setText(findTestObject(orPath_AddressContact + "/input_reEnterEMailAddress"), "iahmed@govolution.com"): Text 'iahmed@govolution.com' is set on object 'Object Repository/RAD_Pages/AddressAndContactInfo_Page/input_reEnterEMailAddress'

2021-11-08 12:37:51 - [MESSAGE][PASSED] - Text 'iahmed@govolution.com' is set on object 'Object Repository/RAD_Pages/AddressAndContactInfo_Page/input_reEnterEMailAddress'

2021-11-08 12:37:51 - [TEST_STEP][PASSED] - setText(findTestObject(orPath_Amount + "/input__paymentAmount"), Amount): Text '100.00' is set on object 'Object Repository/RAD_Pages/PaymentAmount_Page/input__paymentAmount'

2021-11-08 12:37:51 - [MESSAGE][PASSED] - Text '100.00' is set on object 'Object Repository/RAD_Pages/PaymentAmount_Page/input__paymentAmount'

2021-11-08 12:37:51 - [TEST_STEP][PASSED] - scrollToElement(findTestObject(orPath_Landing + "/button_Continue"), 3): Scroll to object 'Object Repository/RAD_Pages/Landing_Page/button_Continue' successfully

2021-11-08 12:37:52 - [MESSAGE][PASSED] - Scroll to object 'Object Repository/RAD_Pages/Landing_Page/button_Continue' successfully

2021-11-08 12:37:52 - [TEST_STEP][PASSED] - waitForElementClickable(findTestObject(orPath_Landing + "/button_Continue"), 5): Object 'Object Repository/RAD_Pages/Landing_Page/button_Continue' is clickable

2021-11-08 12:37:52 - [MESSAGE][PASSED] - Object 'Object Repository/RAD_Pages/Landing_Page/button_Continue' is clickable

2021-11-08 12:37:52 - [TEST_STEP][PASSED] - click(findTestObject(orPath_Landing + "/button_Continue")): Object: 'Object Repository/RAD_Pages/Landing_Page/button_Continue' is clicked on

2021-11-08 12:37:53 - [MESSAGE][PASSED] - Object: 'Object Repository/RAD_Pages/Landing_Page/button_Continue' is clicked on

2021-11-08 12:37:53 - [TEST_STEP][FAILED] - verifyTextPresent("Review the information below and make any necessary corrections by clicking the", true): Text 'Review the information below and make any necessary corrections by clicking the' is not present on page  using regular expression (Root cause: com.kms.katalon.core.exception.StepFailedException: Text 'Review the information below and make any necessary corrections by clicking the' is not present on page  using regular expression
	at com.kms.katalon.core.webui.keyword.internal.WebUIKeywordMain.stepFailed(WebUIKeywordMain.groovy:64)
	at com.kms.katalon.core.webui.keyword.builtin.VerifyTextPresentKeyword$_verifyTextPresent_closure1.doCall(VerifyTextPresentKeyword.groovy:79)
	at com.kms.katalon.core.webui.keyword.builtin.VerifyTextPresentKeyword$_verifyTextPresent_closure1.call(VerifyTextPresentKeyword.groovy)
	at com.kms.katalon.core.webui.keyword.internal.WebUIKeywordMain.runKeyword(WebUIKeywordMain.groovy:20)
	at com.kms.katalon.core.webui.keyword.builtin.VerifyTextPresentKeyword.verifyTextPresent(VerifyTextPresentKeyword.groovy:83)
	at com.kms.katalon.core.webui.keyword.builtin.VerifyTextPresentKeyword.execute(VerifyTextPresentKeyword.groovy:68)
	at com.kms.katalon.core.keyword.internal.KeywordExecutor.executeKeywordForPlatform(KeywordExecutor.groovy:74)
	at com.kms.katalon.core.webui.keyword.WebUiBuiltInKeywords.verifyTextPresent(WebUiBuiltInKeywords.groovy:1723)
	at com.kms.katalon.core.webui.keyword.WebUiBuiltInKeywords$verifyTextPresent$3.call(Unknown Source)
	at Payments_HC_TC.run(Payments_HC_TC:284)
	at com.kms.katalon.core.main.ScriptEngine.run(ScriptEngine.java:194)
	at com.kms.katalon.core.main.ScriptEngine.runScriptAsRawText(ScriptEngine.java:119)
	at com.kms.katalon.core.main.TestCaseExecutor.runScript(TestCaseExecutor.java:430)
	at com.kms.katalon.core.main.TestCaseExecutor.doExecute(TestCaseExecutor.java:421)
	at com.kms.katalon.core.main.TestCaseExecutor.processExecutionPhase(TestCaseExecutor.java:400)
	at com.kms.katalon.core.main.TestCaseExecutor.accessMainPhase(TestCaseExecutor.java:392)
	at com.kms.katalon.core.main.TestCaseExecutor.execute(TestCaseExecutor.java:273)
	at com.kms.katalon.core.main.TestSuiteExecutor.accessTestCaseMainPhase(TestSuiteExecutor.java:202)
	at com.kms.katalon.core.main.TestSuiteExecutor.accessTestSuiteMainPhase(TestSuiteExecutor.java:164)
	at com.kms.katalon.core.main.TestSuiteExecutor.execute(TestSuiteExecutor.java:105)
	at com.kms.katalon.core.main.TestCaseMain.startTestSuite(TestCaseMain.java:185)
	at com.kms.katalon.core.main.TestCaseMain$startTestSuite$0.call(Unknown Source)
	at TempTestSuite1636391403401.run(TempTestSuite1636391403401.groovy:36)
)

2021-11-08 12:37:53 - [MESSAGE][FAILED] - Text 'Review the information below and make any necessary corrections by clicking the' is not present on page  using regular expression (Root cause: com.kms.katalon.core.exception.StepFailedException: Text 'Review the information below and make any necessary corrections by clicking the' is not present on page  using regular expression
	at com.kms.katalon.core.webui.keyword.internal.WebUIKeywordMain.stepFailed(WebUIKeywordMain.groovy:64)
	at com.kms.katalon.core.webui.keyword.builtin.VerifyTextPresentKeyword$_verifyTextPresent_closure1.doCall(VerifyTextPresentKeyword.groovy:79)
	at com.kms.katalon.core.webui.keyword.builtin.VerifyTextPresentKeyword$_verifyTextPresent_closure1.call(VerifyTextPresentKeyword.groovy)
	at com.kms.katalon.core.webui.keyword.internal.WebUIKeywordMain.runKeyword(WebUIKeywordMain.groovy:20)
	at com.kms.katalon.core.webui.keyword.builtin.VerifyTextPresentKeyword.verifyTextPresent(VerifyTextPresentKeyword.groovy:83)
	at com.kms.katalon.core.webui.keyword.builtin.VerifyTextPresentKeyword.execute(VerifyTextPresentKeyword.groovy:68)
	at com.kms.katalon.core.keyword.internal.KeywordExecutor.executeKeywordForPlatform(KeywordExecutor.groovy:74)
	at com.kms.katalon.core.webui.keyword.WebUiBuiltInKeywords.verifyTextPresent(WebUiBuiltInKeywords.groovy:1723)
	at com.kms.katalon.core.webui.keyword.WebUiBuiltInKeywords$verifyTextPresent$3.call(Unknown Source)
	at Payments_HC_TC.run(Payments_HC_TC:284)
	at com.kms.katalon.core.main.ScriptEngine.run(ScriptEngine.java:194)
	at com.kms.katalon.core.main.ScriptEngine.runScriptAsRawText(ScriptEngine.java:119)
	at com.kms.katalon.core.main.TestCaseExecutor.runScript(TestCaseExecutor.java:430)
	at com.kms.katalon.core.main.TestCaseExecutor.doExecute(TestCaseExecutor.java:421)
	at com.kms.katalon.core.main.TestCaseExecutor.processExecutionPhase(TestCaseExecutor.java:400)
	at com.kms.katalon.core.main.TestCaseExecutor.accessMainPhase(TestCaseExecutor.java:392)
	at com.kms.katalon.core.main.TestCaseExecutor.execute(TestCaseExecutor.java:273)
	at com.kms.katalon.core.main.TestSuiteExecutor.accessTestCaseMainPhase(TestSuiteExecutor.java:202)
	at com.kms.katalon.core.main.TestSuiteExecutor.accessTestSuiteMainPhase(TestSuiteExecutor.java:164)
	at com.kms.katalon.core.main.TestSuiteExecutor.execute(TestSuiteExecutor.java:105)
	at com.kms.katalon.core.main.TestCaseMain.startTestSuite(TestCaseMain.java:185)
	at com.kms.katalon.core.main.TestCaseMain$startTestSuite$0.call(Unknown Source)
	at TempTestSuite1636391403401.run(TempTestSuite1636391403401.groovy:36)
)

2021-11-08 12:37:53 - [TEST_STEP][FAILED] - verifyTextPresent("When you are confident that all the information is correct", true): Text 'When you are confident that all the information is correct' is not present on page  using regular expression (Root cause: com.kms.katalon.core.exception.StepFailedException: Text 'When you are confident that all the information is correct' is not present on page  using regular expression
	at com.kms.katalon.core.webui.keyword.internal.WebUIKeywordMain.stepFailed(WebUIKeywordMain.groovy:64)
	at com.kms.katalon.core.webui.keyword.builtin.VerifyTextPresentKeyword$_verifyTextPresent_closure1.doCall(VerifyTextPresentKeyword.groovy:79)
	at com.kms.katalon.core.webui.keyword.builtin.VerifyTextPresentKeyword$_verifyTextPresent_closure1.call(VerifyTextPresentKeyword.groovy)
	at com.kms.katalon.core.webui.keyword.internal.WebUIKeywordMain.runKeyword(WebUIKeywordMain.groovy:20)
	at com.kms.katalon.core.webui.keyword.builtin.VerifyTextPresentKeyword.verifyTextPresent(VerifyTextPresentKeyword.groovy:83)
	at com.kms.katalon.core.webui.keyword.builtin.VerifyTextPresentKeyword.execute(VerifyTextPresentKeyword.groovy:68)
	at com.kms.katalon.core.keyword.internal.KeywordExecutor.executeKeywordForPlatform(KeywordExecutor.groovy:74)
	at com.kms.katalon.core.webui.keyword.WebUiBuiltInKeywords.verifyTextPresent(WebUiBuiltInKeywords.groovy:1723)
	at com.kms.katalon.core.webui.keyword.WebUiBuiltInKeywords$verifyTextPresent$3.call(Unknown Source)
	at Payments_HC_TC.run(Payments_HC_TC:285)
	at com.kms.katalon.core.main.ScriptEngine.run(ScriptEngine.java:194)
	at com.kms.katalon.core.main.ScriptEngine.runScriptAsRawText(ScriptEngine.java:119)
	at com.kms.katalon.core.main.TestCaseExecutor.runScript(TestCaseExecutor.java:430)
	at com.kms.katalon.core.main.TestCaseExecutor.doExecute(TestCaseExecutor.java:421)
	at com.kms.katalon.core.main.TestCaseExecutor.processExecutionPhase(TestCaseExecutor.java:400)
	at com.kms.katalon.core.main.TestCaseExecutor.accessMainPhase(TestCaseExecutor.java:392)
	at com.kms.katalon.core.main.TestCaseExecutor.execute(TestCaseExecutor.java:273)
	at com.kms.katalon.core.main.TestSuiteExecutor.accessTestCaseMainPhase(TestSuiteExecutor.java:202)
	at com.kms.katalon.core.main.TestSuiteExecutor.accessTestSuiteMainPhase(TestSuiteExecutor.java:164)
	at com.kms.katalon.core.main.TestSuiteExecutor.execute(TestSuiteExecutor.java:105)
	at com.kms.katalon.core.main.TestCaseMain.startTestSuite(TestCaseMain.java:185)
	at com.kms.katalon.core.main.TestCaseMain$startTestSuite$0.call(Unknown Source)
	at TempTestSuite1636391403401.run(TempTestSuite1636391403401.groovy:36)
)

2021-11-08 12:37:54 - [MESSAGE][FAILED] - Text 'When you are confident that all the information is correct' is not present on page  using regular expression (Root cause: com.kms.katalon.core.exception.StepFailedException: Text 'When you are confident that all the information is correct' is not present on page  using regular expression
	at com.kms.katalon.core.webui.keyword.internal.WebUIKeywordMain.stepFailed(WebUIKeywordMain.groovy:64)
	at com.kms.katalon.core.webui.keyword.builtin.VerifyTextPresentKeyword$_verifyTextPresent_closure1.doCall(VerifyTextPresentKeyword.groovy:79)
	at com.kms.katalon.core.webui.keyword.builtin.VerifyTextPresentKeyword$_verifyTextPresent_closure1.call(VerifyTextPresentKeyword.groovy)
	at com.kms.katalon.core.webui.keyword.internal.WebUIKeywordMain.runKeyword(WebUIKeywordMain.groovy:20)
	at com.kms.katalon.core.webui.keyword.builtin.VerifyTextPresentKeyword.verifyTextPresent(VerifyTextPresentKeyword.groovy:83)
	at com.kms.katalon.core.webui.keyword.builtin.VerifyTextPresentKeyword.execute(VerifyTextPresentKeyword.groovy:68)
	at com.kms.katalon.core.keyword.internal.KeywordExecutor.executeKeywordForPlatform(KeywordExecutor.groovy:74)
	at com.kms.katalon.core.webui.keyword.WebUiBuiltInKeywords.verifyTextPresent(WebUiBuiltInKeywords.groovy:1723)
	at com.kms.katalon.core.webui.keyword.WebUiBuiltInKeywords$verifyTextPresent$3.call(Unknown Source)
	at Payments_HC_TC.run(Payments_HC_TC:285)
	at com.kms.katalon.core.main.ScriptEngine.run(ScriptEngine.java:194)
	at com.kms.katalon.core.main.ScriptEngine.runScriptAsRawText(ScriptEngine.java:119)
	at com.kms.katalon.core.main.TestCaseExecutor.runScript(TestCaseExecutor.java:430)
	at com.kms.katalon.core.main.TestCaseExecutor.doExecute(TestCaseExecutor.java:421)
	at com.kms.katalon.core.main.TestCaseExecutor.processExecutionPhase(TestCaseExecutor.java:400)
	at com.kms.katalon.core.main.TestCaseExecutor.accessMainPhase(TestCaseExecutor.java:392)
	at com.kms.katalon.core.main.TestCaseExecutor.execute(TestCaseExecutor.java:273)
	at com.kms.katalon.core.main.TestSuiteExecutor.accessTestCaseMainPhase(TestSuiteExecutor.java:202)
	at com.kms.katalon.core.main.TestSuiteExecutor.accessTestSuiteMainPhase(TestSuiteExecutor.java:164)
	at com.kms.katalon.core.main.TestSuiteExecutor.execute(TestSuiteExecutor.java:105)
	at com.kms.katalon.core.main.TestCaseMain.startTestSuite(TestCaseMain.java:185)
	at com.kms.katalon.core.main.TestCaseMain$startTestSuite$0.call(Unknown Source)
	at TempTestSuite1636391403401.run(TempTestSuite1636391403401.groovy:36)
)

2021-11-08 12:37:54 - [TEST_STEP][PASSED] - delay(1): Delayed 1 second(s)

2021-11-08 12:37:55 - [MESSAGE][PASSED] - Delayed 1 second(s)

2021-11-08 12:37:55 - [TEST_STEP][FAILED] - click(findTestObject(orPath_Summary + "/button_Proceed to Payment")): Unable to click on object 'Object Repository/RAD_Pages/Summary_Page/button_Proceed to Payment' (Root cause: com.kms.katalon.core.exception.StepFailedException: Unable to click on object 'Object Repository/RAD_Pages/Summary_Page/button_Proceed to Payment'
	at com.kms.katalon.core.webui.keyword.internal.WebUIKeywordMain.stepFailed(WebUIKeywordMain.groovy:64)
	at com.kms.katalon.core.webui.keyword.internal.WebUIKeywordMain.runKeyword(WebUIKeywordMain.groovy:26)
	at com.kms.katalon.core.webui.keyword.builtin.ClickKeyword.click(ClickKeyword.groovy:75)
	at com.kms.katalon.core.webui.keyword.builtin.ClickKeyword.execute(ClickKeyword.groovy:42)
	at com.kms.katalon.core.keyword.internal.KeywordExecutor.executeKeywordForPlatform(KeywordExecutor.groovy:74)
	at com.kms.katalon.core.webui.keyword.WebUiBuiltInKeywords.click(WebUiBuiltInKeywords.groovy:620)
	at com.kms.katalon.core.webui.keyword.WebUiBuiltInKeywords$click$10.call(Unknown Source)
	at Payments_HC_TC.run(Payments_HC_TC:291)
	at com.kms.katalon.core.main.ScriptEngine.run(ScriptEngine.java:194)
	at com.kms.katalon.core.main.ScriptEngine.runScriptAsRawText(ScriptEngine.java:119)
	at com.kms.katalon.core.main.TestCaseExecutor.runScript(TestCaseExecutor.java:430)
	at com.kms.katalon.core.main.TestCaseExecutor.doExecute(TestCaseExecutor.java:421)
	at com.kms.katalon.core.main.TestCaseExecutor.processExecutionPhase(TestCaseExecutor.java:400)
	at com.kms.katalon.core.main.TestCaseExecutor.accessMainPhase(TestCaseExecutor.java:392)
	at com.kms.katalon.core.main.TestCaseExecutor.execute(TestCaseExecutor.java:273)
	at com.kms.katalon.core.main.TestSuiteExecutor.accessTestCaseMainPhase(TestSuiteExecutor.java:202)
	at com.kms.katalon.core.main.TestSuiteExecutor.accessTestSuiteMainPhase(TestSuiteExecutor.java:164)
	at com.kms.katalon.core.main.TestSuiteExecutor.execute(TestSuiteExecutor.java:105)
	at com.kms.katalon.core.main.TestCaseMain.startTestSuite(TestCaseMain.java:185)
	at com.kms.katalon.core.main.TestCaseMain$startTestSuite$0.call(Unknown Source)
	at TempTestSuite1636391403401.run(TempTestSuite1636391403401.groovy:36)
Caused by: org.openqa.selenium.ElementNotInteractableException: element not interactable
  (Session info: chrome=95.0.4638.69)
Build info: version: '3.141.59', revision: 'e82be7d358', time: '2018-11-14T08:25:53'
System info: host: 'DESKTOP-B2QI6NS', ip: '172.30.2.167', os.name: 'Windows 10', os.arch: 'amd64', os.version: '10.0', java.version: '1.8.0_181'
Driver info: com.kms.katalon.selenium.driver.CChromeDriver
Capabilities {acceptInsecureCerts: true, browserName: chrome, browserVersion: 95.0.4638.69, chrome: {chromedriverVersion: 95.0.4638.54 (d31a821ec901f..., userDataDir: C:\Users\iahmed\AppData\Loc...}, goog:chromeOptions: {debuggerAddress: localhost:56107}, javascriptEnabled: true, networkConnectionEnabled: false, pageLoadStrategy: normal, platform: WINDOWS, platformName: WINDOWS, proxy: Proxy(), setWindowRect: true, strictFileInteractability: false, timeouts: {implicit: 0, pageLoad: 300000, script: 30000}, unhandledPromptBehavior: dismiss and notify, webauthn:extension:credBlob: true, webauthn:extension:largeBlob: true, webauthn:virtualAuthenticators: true}
Session ID: b6887262473c79e4fefda4f2aeb9a106
	at org.openqa.selenium.remote.http.W3CHttpResponseCodec.createException(W3CHttpResponseCodec.java:187)
	at org.openqa.selenium.remote.http.W3CHttpResponseCodec.decode(W3CHttpResponseCodec.java:122)
	at org.openqa.selenium.remote.http.W3CHttpResponseCodec.decode(W3CHttpResponseCodec.java:49)
	at org.openqa.selenium.remote.HttpCommandExecutor.execute(HttpCommandExecutor.java:158)
	at org.openqa.selenium.remote.service.DriverCommandExecutor.execute(DriverCommandExecutor.java:83)
	at org.openqa.selenium.remote.RemoteWebDriver.execute(RemoteWebDriver.java:552)
	at com.kms.katalon.selenium.driver.CChromeDriver.execute(CChromeDriver.java:19)
	at org.openqa.selenium.remote.RemoteWebElement.execute(RemoteWebElement.java:285)
	at org.openqa.selenium.remote.RemoteWebElement.click(RemoteWebElement.java:84)
	at org.openqa.selenium.support.events.EventFiringWebDriver$EventFiringWebElement.lambda$new$0(EventFiringWebDriver.java:404)
	at com.sun.proxy.$Proxy11.click(Unknown Source)
	at org.openqa.selenium.support.events.EventFiringWebDriver$EventFiringWebElement.click(EventFiringWebDriver.java:417)
	at com.kms.katalon.core.webui.keyword.builtin.ClickKeyword$_click_closure1.doCall(ClickKeyword.groovy:68)
	at com.kms.katalon.core.webui.keyword.builtin.ClickKeyword$_click_closure1.call(ClickKeyword.groovy)
	at com.kms.katalon.core.webui.keyword.internal.WebUIKeywordMain.runKeyword(WebUIKeywordMain.groovy:20)
	at com.kms.katalon.core.webui.keyword.builtin.ClickKeyword.click(ClickKeyword.groovy:75)
	at com.kms.katalon.core.webui.keyword.builtin.ClickKeyword.execute(ClickKeyword.groovy:42)
	at com.kms.katalon.core.keyword.internal.KeywordExecutor.executeKeywordForPlatform(KeywordExecutor.groovy:74)
	at com.kms.katalon.core.webui.keyword.WebUiBuiltInKeywords.click(WebUiBuiltInKeywords.groovy:620)
	at com.kms.katalon.core.webui.keyword.WebUiBuiltInKeywords$click$10.call(Unknown Source)
	at Script1634674829687.run(Script1634674829687.groovy:291)
	... 13 more
)

2021-11-08 12:37:56 - [MESSAGE][FAILED] - Unable to click on object 'Object Repository/RAD_Pages/Summary_Page/button_Proceed to Payment' (Root cause: com.kms.katalon.core.exception.StepFailedException: Unable to click on object 'Object Repository/RAD_Pages/Summary_Page/button_Proceed to Payment'
	at com.kms.katalon.core.webui.keyword.internal.WebUIKeywordMain.stepFailed(WebUIKeywordMain.groovy:64)
	at com.kms.katalon.core.webui.keyword.internal.WebUIKeywordMain.runKeyword(WebUIKeywordMain.groovy:26)
	at com.kms.katalon.core.webui.keyword.builtin.ClickKeyword.click(ClickKeyword.groovy:75)
	at com.kms.katalon.core.webui.keyword.builtin.ClickKeyword.execute(ClickKeyword.groovy:42)
	at com.kms.katalon.core.keyword.internal.KeywordExecutor.executeKeywordForPlatform(KeywordExecutor.groovy:74)
	at com.kms.katalon.core.webui.keyword.WebUiBuiltInKeywords.click(WebUiBuiltInKeywords.groovy:620)
	at com.kms.katalon.core.webui.keyword.WebUiBuiltInKeywords$click$10.call(Unknown Source)
	at Payments_HC_TC.run(Payments_HC_TC:291)
	at com.kms.katalon.core.main.ScriptEngine.run(ScriptEngine.java:194)
	at com.kms.katalon.core.main.ScriptEngine.runScriptAsRawText(ScriptEngine.java:119)
	at com.kms.katalon.core.main.TestCaseExecutor.runScript(TestCaseExecutor.java:430)
	at com.kms.katalon.core.main.TestCaseExecutor.doExecute(TestCaseExecutor.java:421)
	at com.kms.katalon.core.main.TestCaseExecutor.processExecutionPhase(TestCaseExecutor.java:400)
	at com.kms.katalon.core.main.TestCaseExecutor.accessMainPhase(TestCaseExecutor.java:392)
	at com.kms.katalon.core.main.TestCaseExecutor.execute(TestCaseExecutor.java:273)
	at com.kms.katalon.core.main.TestSuiteExecutor.accessTestCaseMainPhase(TestSuiteExecutor.java:202)
	at com.kms.katalon.core.main.TestSuiteExecutor.accessTestSuiteMainPhase(TestSuiteExecutor.java:164)
	at com.kms.katalon.core.main.TestSuiteExecutor.execute(TestSuiteExecutor.java:105)
	at com.kms.katalon.core.main.TestCaseMain.startTestSuite(TestCaseMain.java:185)
	at com.kms.katalon.core.main.TestCaseMain$startTestSuite$0.call(Unknown Source)
	at TempTestSuite1636391403401.run(TempTestSuite1636391403401.groovy:36)
Caused by: org.openqa.selenium.ElementNotInteractableException: element not interactable
  (Session info: chrome=95.0.4638.69)
Build info: version: '3.141.59', revision: 'e82be7d358', time: '2018-11-14T08:25:53'
System info: host: 'DESKTOP-B2QI6NS', ip: '172.30.2.167', os.name: 'Windows 10', os.arch: 'amd64', os.version: '10.0', java.version: '1.8.0_181'
Driver info: com.kms.katalon.selenium.driver.CChromeDriver
Capabilities {acceptInsecureCerts: true, browserName: chrome, browserVersion: 95.0.4638.69, chrome: {chromedriverVersion: 95.0.4638.54 (d31a821ec901f..., userDataDir: C:\Users\iahmed\AppData\Loc...}, goog:chromeOptions: {debuggerAddress: localhost:56107}, javascriptEnabled: true, networkConnectionEnabled: false, pageLoadStrategy: normal, platform: WINDOWS, platformName: WINDOWS, proxy: Proxy(), setWindowRect: true, strictFileInteractability: false, timeouts: {implicit: 0, pageLoad: 300000, script: 30000}, unhandledPromptBehavior: dismiss and notify, webauthn:extension:credBlob: true, webauthn:extension:largeBlob: true, webauthn:virtualAuthenticators: true}
Session ID: b6887262473c79e4fefda4f2aeb9a106
	at org.openqa.selenium.remote.http.W3CHttpResponseCodec.createException(W3CHttpResponseCodec.java:187)
	at org.openqa.selenium.remote.http.W3CHttpResponseCodec.decode(W3CHttpResponseCodec.java:122)
	at org.openqa.selenium.remote.http.W3CHttpResponseCodec.decode(W3CHttpResponseCodec.java:49)
	at org.openqa.selenium.remote.HttpCommandExecutor.execute(HttpCommandExecutor.java:158)
	at org.openqa.selenium.remote.service.DriverCommandExecutor.execute(DriverCommandExecutor.java:83)
	at org.openqa.selenium.remote.RemoteWebDriver.execute(RemoteWebDriver.java:552)
	at com.kms.katalon.selenium.driver.CChromeDriver.execute(CChromeDriver.java:19)
	at org.openqa.selenium.remote.RemoteWebElement.execute(RemoteWebElement.java:285)
	at org.openqa.selenium.remote.RemoteWebElement.click(RemoteWebElement.java:84)
	at org.openqa.selenium.support.events.EventFiringWebDriver$EventFiringWebElement.lambda$new$0(EventFiringWebDriver.java:404)
	at com.sun.proxy.$Proxy11.click(Unknown Source)
	at org.openqa.selenium.support.events.EventFiringWebDriver$EventFiringWebElement.click(EventFiringWebDriver.java:417)
	at com.kms.katalon.core.webui.keyword.builtin.ClickKeyword$_click_closure1.doCall(ClickKeyword.groovy:68)
	at com.kms.katalon.core.webui.keyword.builtin.ClickKeyword$_click_closure1.call(ClickKeyword.groovy)
	at com.kms.katalon.core.webui.keyword.internal.WebUIKeywordMain.runKeyword(WebUIKeywordMain.groovy:20)
	at com.kms.katalon.core.webui.keyword.builtin.ClickKeyword.click(ClickKeyword.groovy:75)
	at com.kms.katalon.core.webui.keyword.builtin.ClickKeyword.execute(ClickKeyword.groovy:42)
	at com.kms.katalon.core.keyword.internal.KeywordExecutor.executeKeywordForPlatform(KeywordExecutor.groovy:74)
	at com.kms.katalon.core.webui.keyword.WebUiBuiltInKeywords.click(WebUiBuiltInKeywords.groovy:620)
	at com.kms.katalon.core.webui.keyword.WebUiBuiltInKeywords$click$10.call(Unknown Source)
	at Script1634674829687.run(Script1634674829687.groovy:291)
	... 13 more
)
[[ATTACHMENT|E:\\Cloned-Project-Katalon\\VPS-Katalon\\Reports\\20211108_121003\\RAD_TestSuite\\RAD_UI_TestSuite\\20211108_121003\\1636393076214.png]]

2021-11-08 12:37:56 - [TEST_STEP][PASSED] - setText(findTestObject(orPath_PaymentEntry + "/input__cardNumber"), CCNumber): Text '5146312200000035' is set on object 'Object Repository/RAD_Pages/PaymentEntry_Page/input__cardNumber'

2021-11-08 12:38:27 - [MESSAGE][INFO] - Unable to find the element located by 'By.xpath: //*[@type = 'text' and @id = 'cardNumber' and @name = 'cardNumber' and @alt = 'Card Number']'. Please recheck the objects properties to make sure the desired element is located. 

2021-11-08 12:38:27 - [MESSAGE][WARNING] - [SELF-HEALING] Failed to find element with id 'Object Repository/RAD_Pages/PaymentEntry_Page/input__cardNumber'. Try using Self-healing.

2021-11-08 12:38:28 - [MESSAGE][INFO] - Unable to find the element located by 'By.xpath: //input[@id='cardNumber']'. Please recheck the objects properties to make sure the desired element is located. 

2021-11-08 12:38:29 - [MESSAGE][INFO] - [SELF-HEALING] Failed Locator: '//input[@id='cardNumber']'.

2021-11-08 12:38:29 - [MESSAGE][INFO] - [SELF-HEALING] Failed Locator: '//form[@id='process']/div/div/div[3]/div/div/input'.

2021-11-08 12:38:29 - [MESSAGE][INFO] - [SELF-HEALING] Working Locator: '//div[3]/div/div/input'.

2021-11-08 12:38:29 - [MESSAGE][INFO] - [SELF-HEALING] Screenshot: E:/Cloned-Project-Katalon/VPS-Katalon/Reports/Self-healing/Object Repository/RAD_Pages/PaymentEntry_Page/input__cardNumber_position.png

2021-11-08 12:38:29 - [MESSAGE][WARNING] - [SELF-HEALING] The current locator of test object 'Object Repository/RAD_Pages/PaymentEntry_Page/input__cardNumber' was broken. Propose an alternative one: '//div[3]/div/div/input'.

2021-11-08 12:39:01 - [MESSAGE][INFO] - Unable to find the element located by 'By.xpath: //*[@type = 'text' and @id = 'cardNumber' and @name = 'cardNumber' and @alt = 'Card Number']'. Please recheck the objects properties to make sure the desired element is located. 

2021-11-08 12:39:01 - [MESSAGE][WARNING] - [SELF-HEALING] Failed to find element with id 'Object Repository/RAD_Pages/PaymentEntry_Page/input__cardNumber'. Try using Self-healing.

2021-11-08 12:39:01 - [MESSAGE][WARNING] - [SELF-HEALING] The current locator of test object 'Object Repository/RAD_Pages/PaymentEntry_Page/input__cardNumber' was broken. Propose an alternative one: '//div[3]/div/div/input'.

2021-11-08 12:39:01 - [MESSAGE][PASSED] - Text '5146312200000035' is set on object 'Object Repository/RAD_Pages/PaymentEntry_Page/input__cardNumber'

2021-11-08 12:39:01 - [TEST_STEP][PASSED] - setText(findTestObject(orPath_PaymentEntry + "/input__spc"), CVV): Text '123' is set on object 'Object Repository/RAD_Pages/PaymentEntry_Page/input__spc'

2021-11-08 12:39:33 - [MESSAGE][INFO] - Unable to find the element located by 'By.xpath: //*[@type = 'text' and @class = 'form-control' and @name = 'spc' and @id = 'spc']'. Please recheck the objects properties to make sure the desired element is located. 

2021-11-08 12:39:33 - [MESSAGE][WARNING] - [SELF-HEALING] Failed to find element with id 'Object Repository/RAD_Pages/PaymentEntry_Page/input__spc'. Try using Self-healing.

2021-11-08 12:39:33 - [MESSAGE][WARNING] - [SELF-HEALING] The current locator of test object 'Object Repository/RAD_Pages/PaymentEntry_Page/input__spc' was broken. Propose an alternative one: '//div[4]/div/div/input'.

2021-11-08 12:40:04 - [MESSAGE][INFO] - Unable to find the element located by 'By.xpath: //*[@type = 'text' and @class = 'form-control' and @name = 'spc' and @id = 'spc']'. Please recheck the objects properties to make sure the desired element is located. 

2021-11-08 12:40:04 - [MESSAGE][WARNING] - [SELF-HEALING] Failed to find element with id 'Object Repository/RAD_Pages/PaymentEntry_Page/input__spc'. Try using Self-healing.

2021-11-08 12:40:04 - [MESSAGE][WARNING] - [SELF-HEALING] The current locator of test object 'Object Repository/RAD_Pages/PaymentEntry_Page/input__spc' was broken. Propose an alternative one: '//div[4]/div/div/input'.

2021-11-08 12:40:04 - [MESSAGE][PASSED] - Text '123' is set on object 'Object Repository/RAD_Pages/PaymentEntry_Page/input__spc'

2021-11-08 12:40:04 - [TEST_STEP][FAILED] - selectOptionByLabel(findTestObject(orPath_PaymentEntry + "/select_MM"), "12", false): Unable to select option by label '12' of object 'Object Repository/RAD_Pages/PaymentEntry_Page/select_MM'  (Root cause: com.kms.katalon.core.exception.StepFailedException: Unable to select option by label '12' of object 'Object Repository/RAD_Pages/PaymentEntry_Page/select_MM' 
	at com.kms.katalon.core.webui.keyword.internal.WebUIKeywordMain.stepFailed(WebUIKeywordMain.groovy:64)
	at com.kms.katalon.core.webui.keyword.internal.WebUIKeywordMain.runKeyword(WebUIKeywordMain.groovy:26)
	at com.kms.katalon.core.webui.keyword.builtin.SelectOptionByLabelKeyword.selectOptionByLabel(SelectOptionByLabelKeyword.groovy:98)
	at com.kms.katalon.core.webui.keyword.builtin.SelectOptionByLabelKeyword.execute(SelectOptionByLabelKeyword.groovy:71)
	at com.kms.katalon.core.keyword.internal.KeywordExecutor.executeKeywordForPlatform(KeywordExecutor.groovy:74)
	at com.kms.katalon.core.webui.keyword.WebUiBuiltInKeywords.selectOptionByLabel(WebUiBuiltInKeywords.groovy:1230)
	at com.kms.katalon.core.webui.keyword.WebUiBuiltInKeywords$selectOptionByLabel$6.call(Unknown Source)
	at Payments_HC_TC.run(Payments_HC_TC:305)
	at com.kms.katalon.core.main.ScriptEngine.run(ScriptEngine.java:194)
	at com.kms.katalon.core.main.ScriptEngine.runScriptAsRawText(ScriptEngine.java:119)
	at com.kms.katalon.core.main.TestCaseExecutor.runScript(TestCaseExecutor.java:430)
	at com.kms.katalon.core.main.TestCaseExecutor.doExecute(TestCaseExecutor.java:421)
	at com.kms.katalon.core.main.TestCaseExecutor.processExecutionPhase(TestCaseExecutor.java:400)
	at com.kms.katalon.core.main.TestCaseExecutor.accessMainPhase(TestCaseExecutor.java:392)
	at com.kms.katalon.core.main.TestCaseExecutor.execute(TestCaseExecutor.java:273)
	at com.kms.katalon.core.main.TestSuiteExecutor.accessTestCaseMainPhase(TestSuiteExecutor.java:202)
	at com.kms.katalon.core.main.TestSuiteExecutor.accessTestSuiteMainPhase(TestSuiteExecutor.java:164)
	at com.kms.katalon.core.main.TestSuiteExecutor.execute(TestSuiteExecutor.java:105)
	at com.kms.katalon.core.main.TestCaseMain.startTestSuite(TestCaseMain.java:185)
	at com.kms.katalon.core.main.TestCaseMain$startTestSuite$0.call(Unknown Source)
	at TempTestSuite1636391403401.run(TempTestSuite1636391403401.groovy:36)
Caused by: org.openqa.selenium.NoSuchElementException: Cannot locate element with text: 12
For documentation on this error, please visit: https://www.seleniumhq.org/exceptions/no_such_element.html
Build info: version: '3.141.59', revision: 'e82be7d358', time: '2018-11-14T08:25:53'
System info: host: 'DESKTOP-B2QI6NS', ip: '172.30.2.167', os.name: 'Windows 10', os.arch: 'amd64', os.version: '10.0', java.version: '1.8.0_181'
Driver info: driver.version: unknown
	at org.openqa.selenium.support.ui.Select.selectByVisibleText(Select.java:147)
	at com.kms.katalon.core.webui.common.WebUiCommonHelper.selectOrDeselectOptionsByLabel(WebUiCommonHelper.java:310)
	at com.kms.katalon.core.webui.keyword.builtin.SelectOptionByLabelKeyword$_selectOptionByLabel_closure1.doCall(SelectOptionByLabelKeyword.groovy:87)
	at com.kms.katalon.core.webui.keyword.builtin.SelectOptionByLabelKeyword$_selectOptionByLabel_closure1.call(SelectOptionByLabelKeyword.groovy)
	at com.kms.katalon.core.webui.keyword.internal.WebUIKeywordMain.runKeyword(WebUIKeywordMain.groovy:20)
	at com.kms.katalon.core.webui.keyword.builtin.SelectOptionByLabelKeyword.selectOptionByLabel(SelectOptionByLabelKeyword.groovy:98)
	at com.kms.katalon.core.webui.keyword.builtin.SelectOptionByLabelKeyword.execute(SelectOptionByLabelKeyword.groovy:71)
	at com.kms.katalon.core.keyword.internal.KeywordExecutor.executeKeywordForPlatform(KeywordExecutor.groovy:74)
	at com.kms.katalon.core.webui.keyword.WebUiBuiltInKeywords.selectOptionByLabel(WebUiBuiltInKeywords.groovy:1230)
	at com.kms.katalon.core.webui.keyword.WebUiBuiltInKeywords$selectOptionByLabel$6.call(Unknown Source)
	at Script1634674829687.run(Script1634674829687.groovy:305)
	... 13 more
)

2021-11-08 12:40:36 - [MESSAGE][INFO] - Unable to find the element located by 'By.xpath: //*[@name = 'cardExpMonth' and @alt = 'Expiration Date' and (text() = '
									MM
										
									01
						
									02
						
									03
						
									04
						
									05
						
									06
						
									07
						
									08
						
									09
						
									10
						
									11
						
									12
						
								' or . = '
									MM
										
									01
						
									02
						
									03
						
									04
						
									05
						
									06
						
									07
						
									08
						
									09
						
									10
						
									11
						
									12
						
								')]'. Please recheck the objects properties to make sure the desired element is located. 

2021-11-08 12:40:36 - [MESSAGE][WARNING] - [SELF-HEALING] Failed to find element with id 'Object Repository/RAD_Pages/PaymentEntry_Page/select_MM'. Try using Self-healing.

2021-11-08 12:40:36 - [MESSAGE][WARNING] - [SELF-HEALING] The current locator of test object 'Object Repository/RAD_Pages/PaymentEntry_Page/select_MM' was broken. Propose an alternative one: '//select'.

2021-11-08 12:40:36 - [MESSAGE][FAILED] - Unable to select option by label '12' of object 'Object Repository/RAD_Pages/PaymentEntry_Page/select_MM'  (Root cause: com.kms.katalon.core.exception.StepFailedException: Unable to select option by label '12' of object 'Object Repository/RAD_Pages/PaymentEntry_Page/select_MM' 
	at com.kms.katalon.core.webui.keyword.internal.WebUIKeywordMain.stepFailed(WebUIKeywordMain.groovy:64)
	at com.kms.katalon.core.webui.keyword.internal.WebUIKeywordMain.runKeyword(WebUIKeywordMain.groovy:26)
	at com.kms.katalon.core.webui.keyword.builtin.SelectOptionByLabelKeyword.selectOptionByLabel(SelectOptionByLabelKeyword.groovy:98)
	at com.kms.katalon.core.webui.keyword.builtin.SelectOptionByLabelKeyword.execute(SelectOptionByLabelKeyword.groovy:71)
	at com.kms.katalon.core.keyword.internal.KeywordExecutor.executeKeywordForPlatform(KeywordExecutor.groovy:74)
	at com.kms.katalon.core.webui.keyword.WebUiBuiltInKeywords.selectOptionByLabel(WebUiBuiltInKeywords.groovy:1230)
	at com.kms.katalon.core.webui.keyword.WebUiBuiltInKeywords$selectOptionByLabel$6.call(Unknown Source)
	at Payments_HC_TC.run(Payments_HC_TC:305)
	at com.kms.katalon.core.main.ScriptEngine.run(ScriptEngine.java:194)
	at com.kms.katalon.core.main.ScriptEngine.runScriptAsRawText(ScriptEngine.java:119)
	at com.kms.katalon.core.main.TestCaseExecutor.runScript(TestCaseExecutor.java:430)
	at com.kms.katalon.core.main.TestCaseExecutor.doExecute(TestCaseExecutor.java:421)
	at com.kms.katalon.core.main.TestCaseExecutor.processExecutionPhase(TestCaseExecutor.java:400)
	at com.kms.katalon.core.main.TestCaseExecutor.accessMainPhase(TestCaseExecutor.java:392)
	at com.kms.katalon.core.main.TestCaseExecutor.execute(TestCaseExecutor.java:273)
	at com.kms.katalon.core.main.TestSuiteExecutor.accessTestCaseMainPhase(TestSuiteExecutor.java:202)
	at com.kms.katalon.core.main.TestSuiteExecutor.accessTestSuiteMainPhase(TestSuiteExecutor.java:164)
	at com.kms.katalon.core.main.TestSuiteExecutor.execute(TestSuiteExecutor.java:105)
	at com.kms.katalon.core.main.TestCaseMain.startTestSuite(TestCaseMain.java:185)
	at com.kms.katalon.core.main.TestCaseMain$startTestSuite$0.call(Unknown Source)
	at TempTestSuite1636391403401.run(TempTestSuite1636391403401.groovy:36)
Caused by: org.openqa.selenium.NoSuchElementException: Cannot locate element with text: 12
For documentation on this error, please visit: https://www.seleniumhq.org/exceptions/no_such_element.html
Build info: version: '3.141.59', revision: 'e82be7d358', time: '2018-11-14T08:25:53'
System info: host: 'DESKTOP-B2QI6NS', ip: '172.30.2.167', os.name: 'Windows 10', os.arch: 'amd64', os.version: '10.0', java.version: '1.8.0_181'
Driver info: driver.version: unknown
	at org.openqa.selenium.support.ui.Select.selectByVisibleText(Select.java:147)
	at com.kms.katalon.core.webui.common.WebUiCommonHelper.selectOrDeselectOptionsByLabel(WebUiCommonHelper.java:310)
	at com.kms.katalon.core.webui.keyword.builtin.SelectOptionByLabelKeyword$_selectOptionByLabel_closure1.doCall(SelectOptionByLabelKeyword.groovy:87)
	at com.kms.katalon.core.webui.keyword.builtin.SelectOptionByLabelKeyword$_selectOptionByLabel_closure1.call(SelectOptionByLabelKeyword.groovy)
	at com.kms.katalon.core.webui.keyword.internal.WebUIKeywordMain.runKeyword(WebUIKeywordMain.groovy:20)
	at com.kms.katalon.core.webui.keyword.builtin.SelectOptionByLabelKeyword.selectOptionByLabel(SelectOptionByLabelKeyword.groovy:98)
	at com.kms.katalon.core.webui.keyword.builtin.SelectOptionByLabelKeyword.execute(SelectOptionByLabelKeyword.groovy:71)
	at com.kms.katalon.core.keyword.internal.KeywordExecutor.executeKeywordForPlatform(KeywordExecutor.groovy:74)
	at com.kms.katalon.core.webui.keyword.WebUiBuiltInKeywords.selectOptionByLabel(WebUiBuiltInKeywords.groovy:1230)
	at com.kms.katalon.core.webui.keyword.WebUiBuiltInKeywords$selectOptionByLabel$6.call(Unknown Source)
	at Script1634674829687.run(Script1634674829687.groovy:305)
	... 13 more
)
[[ATTACHMENT|E:\\Cloned-Project-Katalon\\VPS-Katalon\\Reports\\20211108_121003\\RAD_TestSuite\\RAD_UI_TestSuite\\20211108_121003\\1636393236658.png]]

2021-11-08 12:40:36 - [TEST_STEP][FAILED] - selectOptionByLabel(findTestObject(orPath_PaymentEntry + "/select_YYYY"), "2023", false): Unable to select option by label '2023' of object 'Object Repository/RAD_Pages/PaymentEntry_Page/select_YYYY'  (Root cause: com.kms.katalon.core.exception.StepFailedException: Unable to select option by label '2023' of object 'Object Repository/RAD_Pages/PaymentEntry_Page/select_YYYY' 
	at com.kms.katalon.core.webui.keyword.internal.WebUIKeywordMain.stepFailed(WebUIKeywordMain.groovy:64)
	at com.kms.katalon.core.webui.keyword.internal.WebUIKeywordMain.runKeyword(WebUIKeywordMain.groovy:26)
	at com.kms.katalon.core.webui.keyword.builtin.SelectOptionByLabelKeyword.selectOptionByLabel(SelectOptionByLabelKeyword.groovy:98)
	at com.kms.katalon.core.webui.keyword.builtin.SelectOptionByLabelKeyword.execute(SelectOptionByLabelKeyword.groovy:71)
	at com.kms.katalon.core.keyword.internal.KeywordExecutor.executeKeywordForPlatform(KeywordExecutor.groovy:74)
	at com.kms.katalon.core.webui.keyword.WebUiBuiltInKeywords.selectOptionByLabel(WebUiBuiltInKeywords.groovy:1230)
	at com.kms.katalon.core.webui.keyword.WebUiBuiltInKeywords$selectOptionByLabel$6.call(Unknown Source)
	at Payments_HC_TC.run(Payments_HC_TC:306)
	at com.kms.katalon.core.main.ScriptEngine.run(ScriptEngine.java:194)
	at com.kms.katalon.core.main.ScriptEngine.runScriptAsRawText(ScriptEngine.java:119)
	at com.kms.katalon.core.main.TestCaseExecutor.runScript(TestCaseExecutor.java:430)
	at com.kms.katalon.core.main.TestCaseExecutor.doExecute(TestCaseExecutor.java:421)
	at com.kms.katalon.core.main.TestCaseExecutor.processExecutionPhase(TestCaseExecutor.java:400)
	at com.kms.katalon.core.main.TestCaseExecutor.accessMainPhase(TestCaseExecutor.java:392)
	at com.kms.katalon.core.main.TestCaseExecutor.execute(TestCaseExecutor.java:273)
	at com.kms.katalon.core.main.TestSuiteExecutor.accessTestCaseMainPhase(TestSuiteExecutor.java:202)
	at com.kms.katalon.core.main.TestSuiteExecutor.accessTestSuiteMainPhase(TestSuiteExecutor.java:164)
	at com.kms.katalon.core.main.TestSuiteExecutor.execute(TestSuiteExecutor.java:105)
	at com.kms.katalon.core.main.TestCaseMain.startTestSuite(TestCaseMain.java:185)
	at com.kms.katalon.core.main.TestCaseMain$startTestSuite$0.call(Unknown Source)
	at TempTestSuite1636391403401.run(TempTestSuite1636391403401.groovy:36)
Caused by: com.kms.katalon.core.webui.exception.WebElementNotFoundException: Web element with id: 'Object Repository/RAD_Pages/PaymentEntry_Page/select_YYYY' located by '//*[@name = 'cardExpYear' and @alt = 'Expiration Date' and (text() = '
									YYYY
						
									2021
						
									2022
						
									2023
						
									2024
						
									2025
						
									2026
						
									2027
						
									2028
						
									2029
						
									2030
						
									2031
						
									2032
						
									2033
						
									2034
						
									2035
						
									2036
						
								' or . = '
									YYYY
						
									2021
						
									2022
						
									2023
						
									2024
						
									2025
						
									2026
						
									2027
						
									2028
						
									2029
						
									2030
						
									2031
						
									2032
						
									2033
						
									2034
						
									2035
						
									2036
						
								')]' not found
	at com.kms.katalon.core.webui.common.WebUiCommonHelper.findWebElement(WebUiCommonHelper.java:1368)
	at com.kms.katalon.core.webui.keyword.internal.WebUIAbstractKeyword.findWebElement(WebUIAbstractKeyword.groovy:27)
	at com.kms.katalon.core.webui.keyword.internal.WebUIAbstractKeyword.findWebElement(WebUIAbstractKeyword.groovy:26)
	at com.kms.katalon.core.webui.keyword.builtin.SelectOptionByLabelKeyword$_selectOptionByLabel_closure1.doCall(SelectOptionByLabelKeyword.groovy:86)
	at com.kms.katalon.core.webui.keyword.builtin.SelectOptionByLabelKeyword$_selectOptionByLabel_closure1.call(SelectOptionByLabelKeyword.groovy)
	at com.kms.katalon.core.webui.keyword.internal.WebUIKeywordMain.runKeyword(WebUIKeywordMain.groovy:20)
	at com.kms.katalon.core.webui.keyword.builtin.SelectOptionByLabelKeyword.selectOptionByLabel(SelectOptionByLabelKeyword.groovy:98)
	at com.kms.katalon.core.webui.keyword.builtin.SelectOptionByLabelKeyword.execute(SelectOptionByLabelKeyword.groovy:71)
	at com.kms.katalon.core.keyword.internal.KeywordExecutor.executeKeywordForPlatform(KeywordExecutor.groovy:74)
	at com.kms.katalon.core.webui.keyword.WebUiBuiltInKeywords.selectOptionByLabel(WebUiBuiltInKeywords.groovy:1230)
	at com.kms.katalon.core.webui.keyword.WebUiBuiltInKeywords$selectOptionByLabel$6.call(Unknown Source)
	at Script1634674829687.run(Script1634674829687.groovy:306)
	... 13 more
)

2021-11-08 12:41:08 - [MESSAGE][INFO] - Unable to find the element located by 'By.xpath: //*[@name = 'cardExpYear' and @alt = 'Expiration Date' and (text() = '
									YYYY
						
									2021
						
									2022
						
									2023
						
									2024
						
									2025
						
									2026
						
									2027
						
									2028
						
									2029
						
									2030
						
									2031
						
									2032
						
									2033
						
									2034
						
									2035
						
									2036
						
								' or . = '
									YYYY
						
									2021
						
									2022
						
									2023
						
									2024
						
									2025
						
									2026
						
									2027
						
									2028
						
									2029
						
									2030
						
									2031
						
									2032
						
									2033
						
									2034
						
									2035
						
									2036
						
								')]'. Please recheck the objects properties to make sure the desired element is located. 

2021-11-08 12:41:08 - [MESSAGE][WARNING] - [SELF-HEALING] Failed to find element with id 'Object Repository/RAD_Pages/PaymentEntry_Page/select_YYYY'. Try using Self-healing.

2021-11-08 12:41:09 - [MESSAGE][INFO] - Unable to find the element located by 'By.xpath: //select[@name='cardExpYear']'. Please recheck the objects properties to make sure the desired element is located. 

2021-11-08 12:41:09 - [MESSAGE][INFO] - [SELF-HEALING] Failed Locator: '//select[@name='cardExpYear']'.

2021-11-08 12:41:09 - [MESSAGE][INFO] - [SELF-HEALING] Failed Locator: '//div[@id='expDate']/div[2]/select'.

2021-11-08 12:41:09 - [MESSAGE][INFO] - [SELF-HEALING] Failed Locator: '(.//*[normalize-space(text()) and normalize-space(.)='*'])[4]/following::select[2]'.

2021-11-08 12:41:10 - [MESSAGE][INFO] - [SELF-HEALING] Failed Locator: '(.//*[normalize-space(text()) and normalize-space(.)='*'])[5]/preceding::select[1]'.

2021-11-08 12:41:10 - [MESSAGE][INFO] - [SELF-HEALING] Failed Locator: '//div[2]/select'.

2021-11-08 12:41:11 - [MESSAGE][INFO] - Unable to find the element located by 'By.cssSelector: select[name="cardExpYear"]'. Please recheck the objects properties to make sure the desired element is located. 

2021-11-08 12:41:11 - [MESSAGE][FAILED] - Unable to select option by label '2023' of object 'Object Repository/RAD_Pages/PaymentEntry_Page/select_YYYY'  (Root cause: com.kms.katalon.core.exception.StepFailedException: Unable to select option by label '2023' of object 'Object Repository/RAD_Pages/PaymentEntry_Page/select_YYYY' 
	at com.kms.katalon.core.webui.keyword.internal.WebUIKeywordMain.stepFailed(WebUIKeywordMain.groovy:64)
	at com.kms.katalon.core.webui.keyword.internal.WebUIKeywordMain.runKeyword(WebUIKeywordMain.groovy:26)
	at com.kms.katalon.core.webui.keyword.builtin.SelectOptionByLabelKeyword.selectOptionByLabel(SelectOptionByLabelKeyword.groovy:98)
	at com.kms.katalon.core.webui.keyword.builtin.SelectOptionByLabelKeyword.execute(SelectOptionByLabelKeyword.groovy:71)
	at com.kms.katalon.core.keyword.internal.KeywordExecutor.executeKeywordForPlatform(KeywordExecutor.groovy:74)
	at com.kms.katalon.core.webui.keyword.WebUiBuiltInKeywords.selectOptionByLabel(WebUiBuiltInKeywords.groovy:1230)
	at com.kms.katalon.core.webui.keyword.WebUiBuiltInKeywords$selectOptionByLabel$6.call(Unknown Source)
	at Payments_HC_TC.run(Payments_HC_TC:306)
	at com.kms.katalon.core.main.ScriptEngine.run(ScriptEngine.java:194)
	at com.kms.katalon.core.main.ScriptEngine.runScriptAsRawText(ScriptEngine.java:119)
	at com.kms.katalon.core.main.TestCaseExecutor.runScript(TestCaseExecutor.java:430)
	at com.kms.katalon.core.main.TestCaseExecutor.doExecute(TestCaseExecutor.java:421)
	at com.kms.katalon.core.main.TestCaseExecutor.processExecutionPhase(TestCaseExecutor.java:400)
	at com.kms.katalon.core.main.TestCaseExecutor.accessMainPhase(TestCaseExecutor.java:392)
	at com.kms.katalon.core.main.TestCaseExecutor.execute(TestCaseExecutor.java:273)
	at com.kms.katalon.core.main.TestSuiteExecutor.accessTestCaseMainPhase(TestSuiteExecutor.java:202)
	at com.kms.katalon.core.main.TestSuiteExecutor.accessTestSuiteMainPhase(TestSuiteExecutor.java:164)
	at com.kms.katalon.core.main.TestSuiteExecutor.execute(TestSuiteExecutor.java:105)
	at com.kms.katalon.core.main.TestCaseMain.startTestSuite(TestCaseMain.java:185)
	at com.kms.katalon.core.main.TestCaseMain$startTestSuite$0.call(Unknown Source)
	at TempTestSuite1636391403401.run(TempTestSuite1636391403401.groovy:36)
Caused by: com.kms.katalon.core.webui.exception.WebElementNotFoundException: Web element with id: 'Object Repository/RAD_Pages/PaymentEntry_Page/select_YYYY' located by '//*[@name = 'cardExpYear' and @alt = 'Expiration Date' and (text() = '
									YYYY
						
									2021
						
									2022
						
									2023
						
									2024
						
									2025
						
									2026
						
									2027
						
									2028
						
									2029
						
									2030
						
									2031
						
									2032
						
									2033
						
									2034
						
									2035
						
									2036
						
								' or . = '
									YYYY
						
									2021
						
									2022
						
									2023
						
									2024
						
									2025
						
									2026
						
									2027
						
									2028
						
									2029
						
									2030
						
									2031
						
									2032
						
									2033
						
									2034
						
									2035
						
									2036
						
								')]' not found
	at com.kms.katalon.core.webui.common.WebUiCommonHelper.findWebElement(WebUiCommonHelper.java:1368)
	at com.kms.katalon.core.webui.keyword.internal.WebUIAbstractKeyword.findWebElement(WebUIAbstractKeyword.groovy:27)
	at com.kms.katalon.core.webui.keyword.internal.WebUIAbstractKeyword.findWebElement(WebUIAbstractKeyword.groovy:26)
	at com.kms.katalon.core.webui.keyword.builtin.SelectOptionByLabelKeyword$_selectOptionByLabel_closure1.doCall(SelectOptionByLabelKeyword.groovy:86)
	at com.kms.katalon.core.webui.keyword.builtin.SelectOptionByLabelKeyword$_selectOptionByLabel_closure1.call(SelectOptionByLabelKeyword.groovy)
	at com.kms.katalon.core.webui.keyword.internal.WebUIKeywordMain.runKeyword(WebUIKeywordMain.groovy:20)
	at com.kms.katalon.core.webui.keyword.builtin.SelectOptionByLabelKeyword.selectOptionByLabel(SelectOptionByLabelKeyword.groovy:98)
	at com.kms.katalon.core.webui.keyword.builtin.SelectOptionByLabelKeyword.execute(SelectOptionByLabelKeyword.groovy:71)
	at com.kms.katalon.core.keyword.internal.KeywordExecutor.executeKeywordForPlatform(KeywordExecutor.groovy:74)
	at com.kms.katalon.core.webui.keyword.WebUiBuiltInKeywords.selectOptionByLabel(WebUiBuiltInKeywords.groovy:1230)
	at com.kms.katalon.core.webui.keyword.WebUiBuiltInKeywords$selectOptionByLabel$6.call(Unknown Source)
	at Script1634674829687.run(Script1634674829687.groovy:306)
	... 13 more
)
[[ATTACHMENT|E:\\Cloned-Project-Katalon\\VPS-Katalon\\Reports\\20211108_121003\\RAD_TestSuite\\RAD_UI_TestSuite\\20211108_121003\\1636393271395.png]]

2021-11-08 12:41:11 - [TEST_STEP][FAILED] - click(findTestObject(orPath_PaymentEntry + "/input_Field_ccSubmit")): Unable to click on object 'Object Repository/RAD_Pages/PaymentEntry_Page/input_Field_ccSubmit' (Root cause: com.kms.katalon.core.exception.StepFailedException: Unable to click on object 'Object Repository/RAD_Pages/PaymentEntry_Page/input_Field_ccSubmit'
	at com.kms.katalon.core.webui.keyword.internal.WebUIKeywordMain.stepFailed(WebUIKeywordMain.groovy:64)
	at com.kms.katalon.core.webui.keyword.internal.WebUIKeywordMain.runKeyword(WebUIKeywordMain.groovy:26)
	at com.kms.katalon.core.webui.keyword.builtin.ClickKeyword.click(ClickKeyword.groovy:75)
	at com.kms.katalon.core.webui.keyword.builtin.ClickKeyword.execute(ClickKeyword.groovy:42)
	at com.kms.katalon.core.keyword.internal.KeywordExecutor.executeKeywordForPlatform(KeywordExecutor.groovy:74)
	at com.kms.katalon.core.webui.keyword.WebUiBuiltInKeywords.click(WebUiBuiltInKeywords.groovy:620)
	at com.kms.katalon.core.webui.keyword.WebUiBuiltInKeywords$click$10.call(Unknown Source)
	at Payments_HC_TC.run(Payments_HC_TC:307)
	at com.kms.katalon.core.main.ScriptEngine.run(ScriptEngine.java:194)
	at com.kms.katalon.core.main.ScriptEngine.runScriptAsRawText(ScriptEngine.java:119)
	at com.kms.katalon.core.main.TestCaseExecutor.runScript(TestCaseExecutor.java:430)
	at com.kms.katalon.core.main.TestCaseExecutor.doExecute(TestCaseExecutor.java:421)
	at com.kms.katalon.core.main.TestCaseExecutor.processExecutionPhase(TestCaseExecutor.java:400)
	at com.kms.katalon.core.main.TestCaseExecutor.accessMainPhase(TestCaseExecutor.java:392)
	at com.kms.katalon.core.main.TestCaseExecutor.execute(TestCaseExecutor.java:273)
	at com.kms.katalon.core.main.TestSuiteExecutor.accessTestCaseMainPhase(TestSuiteExecutor.java:202)
	at com.kms.katalon.core.main.TestSuiteExecutor.accessTestSuiteMainPhase(TestSuiteExecutor.java:164)
	at com.kms.katalon.core.main.TestSuiteExecutor.execute(TestSuiteExecutor.java:105)
	at com.kms.katalon.core.main.TestCaseMain.startTestSuite(TestCaseMain.java:185)
	at com.kms.katalon.core.main.TestCaseMain$startTestSuite$0.call(Unknown Source)
	at TempTestSuite1636391403401.run(TempTestSuite1636391403401.groovy:36)
Caused by: com.kms.katalon.core.webui.exception.WebElementNotFoundException: Web element with id: 'Object Repository/RAD_Pages/PaymentEntry_Page/input_Field_ccSubmit' located by '//*[@type = 'submit' and @name = 'ccSubmit']' not found
	at com.kms.katalon.core.webui.common.WebUiCommonHelper.findWebElement(WebUiCommonHelper.java:1368)
	at com.kms.katalon.core.webui.keyword.internal.WebUIAbstractKeyword.findWebElement(WebUIAbstractKeyword.groovy:27)
	at com.kms.katalon.core.webui.keyword.internal.WebUIAbstractKeyword.findWebElement(WebUIAbstractKeyword.groovy:26)
	at com.kms.katalon.core.webui.keyword.builtin.ClickKeyword$_click_closure1.doCall(ClickKeyword.groovy:66)
	at com.kms.katalon.core.webui.keyword.builtin.ClickKeyword$_click_closure1.call(ClickKeyword.groovy)
	at com.kms.katalon.core.webui.keyword.internal.WebUIKeywordMain.runKeyword(WebUIKeywordMain.groovy:20)
	at com.kms.katalon.core.webui.keyword.builtin.ClickKeyword.click(ClickKeyword.groovy:75)
	at com.kms.katalon.core.webui.keyword.builtin.ClickKeyword.execute(ClickKeyword.groovy:42)
	at com.kms.katalon.core.keyword.internal.KeywordExecutor.executeKeywordForPlatform(KeywordExecutor.groovy:74)
	at com.kms.katalon.core.webui.keyword.WebUiBuiltInKeywords.click(WebUiBuiltInKeywords.groovy:620)
	at com.kms.katalon.core.webui.keyword.WebUiBuiltInKeywords$click$10.call(Unknown Source)
	at Script1634674829687.run(Script1634674829687.groovy:307)
	... 13 more
)

2021-11-08 12:41:42 - [MESSAGE][INFO] - Unable to find the element located by 'By.xpath: //*[@type = 'submit' and @name = 'ccSubmit']'. Please recheck the objects properties to make sure the desired element is located. 

2021-11-08 12:41:42 - [MESSAGE][WARNING] - [SELF-HEALING] Failed to find element with id 'Object Repository/RAD_Pages/PaymentEntry_Page/input_Field_ccSubmit'. Try using Self-healing.

2021-11-08 12:41:44 - [MESSAGE][INFO] - Unable to find the element located by 'By.xpath: //input[@name='ccSubmit']'. Please recheck the objects properties to make sure the desired element is located. 

2021-11-08 12:41:44 - [MESSAGE][INFO] - [SELF-HEALING] Failed Locator: '//input[@name='ccSubmit']'.

2021-11-08 12:41:44 - [MESSAGE][INFO] - [SELF-HEALING] Failed Locator: '//form[@id='process']/table/tbody/tr/td[2]/div/div/input'.

2021-11-08 12:41:44 - [MESSAGE][INFO] - [SELF-HEALING] Failed Locator: '//td[2]/div/div/input'.

2021-11-08 12:41:45 - [MESSAGE][INFO] - [SELF-HEALING] Failed Locator: '//input[@name='ccSubmit']'.

2021-11-08 12:41:45 - [MESSAGE][INFO] - [SELF-HEALING] Failed Locator: '//form[@id='process']/table/tbody/tr/td[2]/div/div/input'.

2021-11-08 12:41:45 - [MESSAGE][INFO] - [SELF-HEALING] Failed Locator: '//td[2]/div/div/input'.

2021-11-08 12:41:46 - [MESSAGE][INFO] - Unable to find the element located by 'By.cssSelector: input[name="ccSubmit"]'. Please recheck the objects properties to make sure the desired element is located. 

2021-11-08 12:41:47 - [MESSAGE][FAILED] - Unable to click on object 'Object Repository/RAD_Pages/PaymentEntry_Page/input_Field_ccSubmit' (Root cause: com.kms.katalon.core.exception.StepFailedException: Unable to click on object 'Object Repository/RAD_Pages/PaymentEntry_Page/input_Field_ccSubmit'
	at com.kms.katalon.core.webui.keyword.internal.WebUIKeywordMain.stepFailed(WebUIKeywordMain.groovy:64)
	at com.kms.katalon.core.webui.keyword.internal.WebUIKeywordMain.runKeyword(WebUIKeywordMain.groovy:26)
	at com.kms.katalon.core.webui.keyword.builtin.ClickKeyword.click(ClickKeyword.groovy:75)
	at com.kms.katalon.core.webui.keyword.builtin.ClickKeyword.execute(ClickKeyword.groovy:42)
	at com.kms.katalon.core.keyword.internal.KeywordExecutor.executeKeywordForPlatform(KeywordExecutor.groovy:74)
	at com.kms.katalon.core.webui.keyword.WebUiBuiltInKeywords.click(WebUiBuiltInKeywords.groovy:620)
	at com.kms.katalon.core.webui.keyword.WebUiBuiltInKeywords$click$10.call(Unknown Source)
	at Payments_HC_TC.run(Payments_HC_TC:307)
	at com.kms.katalon.core.main.ScriptEngine.run(ScriptEngine.java:194)
	at com.kms.katalon.core.main.ScriptEngine.runScriptAsRawText(ScriptEngine.java:119)
	at com.kms.katalon.core.main.TestCaseExecutor.runScript(TestCaseExecutor.java:430)
	at com.kms.katalon.core.main.TestCaseExecutor.doExecute(TestCaseExecutor.java:421)
	at com.kms.katalon.core.main.TestCaseExecutor.processExecutionPhase(TestCaseExecutor.java:400)
	at com.kms.katalon.core.main.TestCaseExecutor.accessMainPhase(TestCaseExecutor.java:392)
	at com.kms.katalon.core.main.TestCaseExecutor.execute(TestCaseExecutor.java:273)
	at com.kms.katalon.core.main.TestSuiteExecutor.accessTestCaseMainPhase(TestSuiteExecutor.java:202)
	at com.kms.katalon.core.main.TestSuiteExecutor.accessTestSuiteMainPhase(TestSuiteExecutor.java:164)
	at com.kms.katalon.core.main.TestSuiteExecutor.execute(TestSuiteExecutor.java:105)
	at com.kms.katalon.core.main.TestCaseMain.startTestSuite(TestCaseMain.java:185)
	at com.kms.katalon.core.main.TestCaseMain$startTestSuite$0.call(Unknown Source)
	at TempTestSuite1636391403401.run(TempTestSuite1636391403401.groovy:36)
Caused by: com.kms.katalon.core.webui.exception.WebElementNotFoundException: Web element with id: 'Object Repository/RAD_Pages/PaymentEntry_Page/input_Field_ccSubmit' located by '//*[@type = 'submit' and @name = 'ccSubmit']' not found
	at com.kms.katalon.core.webui.common.WebUiCommonHelper.findWebElement(WebUiCommonHelper.java:1368)
	at com.kms.katalon.core.webui.keyword.internal.WebUIAbstractKeyword.findWebElement(WebUIAbstractKeyword.groovy:27)
	at com.kms.katalon.core.webui.keyword.internal.WebUIAbstractKeyword.findWebElement(WebUIAbstractKeyword.groovy:26)
	at com.kms.katalon.core.webui.keyword.builtin.ClickKeyword$_click_closure1.doCall(ClickKeyword.groovy:66)
	at com.kms.katalon.core.webui.keyword.builtin.ClickKeyword$_click_closure1.call(ClickKeyword.groovy)
	at com.kms.katalon.core.webui.keyword.internal.WebUIKeywordMain.runKeyword(WebUIKeywordMain.groovy:20)
	at com.kms.katalon.core.webui.keyword.builtin.ClickKeyword.click(ClickKeyword.groovy:75)
	at com.kms.katalon.core.webui.keyword.builtin.ClickKeyword.execute(ClickKeyword.groovy:42)
	at com.kms.katalon.core.keyword.internal.KeywordExecutor.executeKeywordForPlatform(KeywordExecutor.groovy:74)
	at com.kms.katalon.core.webui.keyword.WebUiBuiltInKeywords.click(WebUiBuiltInKeywords.groovy:620)
	at com.kms.katalon.core.webui.keyword.WebUiBuiltInKeywords$click$10.call(Unknown Source)
	at Script1634674829687.run(Script1634674829687.groovy:307)
	... 13 more
)
[[ATTACHMENT|E:\\Cloned-Project-Katalon\\VPS-Katalon\\Reports\\20211108_121003\\RAD_TestSuite\\RAD_UI_TestSuite\\20211108_121003\\1636393306709.png]]

2021-11-08 12:41:47 - [TEST_STEP][FAILED] - click(findTestObject(orPath_PaymentConfirmation + "/input_N_confirmNotifyAction")): Unable to click on object 'Object Repository/RAD_Pages/PaymentConfirmation_Page/input_N_confirmNotifyAction' (Root cause: com.kms.katalon.core.exception.StepFailedException: Unable to click on object 'Object Repository/RAD_Pages/PaymentConfirmation_Page/input_N_confirmNotifyAction'
	at com.kms.katalon.core.webui.keyword.internal.WebUIKeywordMain.stepFailed(WebUIKeywordMain.groovy:64)
	at com.kms.katalon.core.webui.keyword.internal.WebUIKeywordMain.runKeyword(WebUIKeywordMain.groovy:26)
	at com.kms.katalon.core.webui.keyword.builtin.ClickKeyword.click(ClickKeyword.groovy:75)
	at com.kms.katalon.core.webui.keyword.builtin.ClickKeyword.execute(ClickKeyword.groovy:42)
	at com.kms.katalon.core.keyword.internal.KeywordExecutor.executeKeywordForPlatform(KeywordExecutor.groovy:74)
	at com.kms.katalon.core.webui.keyword.WebUiBuiltInKeywords.click(WebUiBuiltInKeywords.groovy:620)
	at com.kms.katalon.core.webui.keyword.WebUiBuiltInKeywords$click$10.call(Unknown Source)
	at Payments_HC_TC.run(Payments_HC_TC:312)
	at com.kms.katalon.core.main.ScriptEngine.run(ScriptEngine.java:194)
	at com.kms.katalon.core.main.ScriptEngine.runScriptAsRawText(ScriptEngine.java:119)
	at com.kms.katalon.core.main.TestCaseExecutor.runScript(TestCaseExecutor.java:430)
	at com.kms.katalon.core.main.TestCaseExecutor.doExecute(TestCaseExecutor.java:421)
	at com.kms.katalon.core.main.TestCaseExecutor.processExecutionPhase(TestCaseExecutor.java:400)
	at com.kms.katalon.core.main.TestCaseExecutor.accessMainPhase(TestCaseExecutor.java:392)
	at com.kms.katalon.core.main.TestCaseExecutor.execute(TestCaseExecutor.java:273)
	at com.kms.katalon.core.main.TestSuiteExecutor.accessTestCaseMainPhase(TestSuiteExecutor.java:202)
	at com.kms.katalon.core.main.TestSuiteExecutor.accessTestSuiteMainPhase(TestSuiteExecutor.java:164)
	at com.kms.katalon.core.main.TestSuiteExecutor.execute(TestSuiteExecutor.java:105)
	at com.kms.katalon.core.main.TestCaseMain.startTestSuite(TestCaseMain.java:185)
	at com.kms.katalon.core.main.TestCaseMain$startTestSuite$0.call(Unknown Source)
	at TempTestSuite1636391403401.run(TempTestSuite1636391403401.groovy:36)
Caused by: org.openqa.selenium.ElementClickInterceptedException: element click intercepted: Element <input type="text" name="firstName" class="form-control" id="firstName" maxlength="20" placeholder="First Name" required=""> is not clickable at point (490, 76). Other element would receive the click: <div class="container-fluid">...</div>
  (Session info: chrome=95.0.4638.69)
Build info: version: '3.141.59', revision: 'e82be7d358', time: '2018-11-14T08:25:53'
System info: host: 'DESKTOP-B2QI6NS', ip: '172.30.2.167', os.name: 'Windows 10', os.arch: 'amd64', os.version: '10.0', java.version: '1.8.0_181'
Driver info: com.kms.katalon.selenium.driver.CChromeDriver
Capabilities {acceptInsecureCerts: true, browserName: chrome, browserVersion: 95.0.4638.69, chrome: {chromedriverVersion: 95.0.4638.54 (d31a821ec901f..., userDataDir: C:\Users\iahmed\AppData\Loc...}, goog:chromeOptions: {debuggerAddress: localhost:56107}, javascriptEnabled: true, networkConnectionEnabled: false, pageLoadStrategy: normal, platform: WINDOWS, platformName: WINDOWS, proxy: Proxy(), setWindowRect: true, strictFileInteractability: false, timeouts: {implicit: 0, pageLoad: 300000, script: 30000}, unhandledPromptBehavior: dismiss and notify, webauthn:extension:credBlob: true, webauthn:extension:largeBlob: true, webauthn:virtualAuthenticators: true}
Session ID: b6887262473c79e4fefda4f2aeb9a106
	at org.openqa.selenium.remote.http.W3CHttpResponseCodec.createException(W3CHttpResponseCodec.java:187)
	at org.openqa.selenium.remote.http.W3CHttpResponseCodec.decode(W3CHttpResponseCodec.java:122)
	at org.openqa.selenium.remote.http.W3CHttpResponseCodec.decode(W3CHttpResponseCodec.java:49)
	at org.openqa.selenium.remote.HttpCommandExecutor.execute(HttpCommandExecutor.java:158)
	at org.openqa.selenium.remote.service.DriverCommandExecutor.execute(DriverCommandExecutor.java:83)
	at org.openqa.selenium.remote.RemoteWebDriver.execute(RemoteWebDriver.java:552)
	at com.kms.katalon.selenium.driver.CChromeDriver.execute(CChromeDriver.java:19)
	at org.openqa.selenium.remote.RemoteWebElement.execute(RemoteWebElement.java:285)
	at org.openqa.selenium.remote.RemoteWebElement.click(RemoteWebElement.java:84)
	at org.openqa.selenium.support.events.EventFiringWebDriver$EventFiringWebElement.lambda$new$0(EventFiringWebDriver.java:404)
	at com.sun.proxy.$Proxy11.click(Unknown Source)
	at org.openqa.selenium.support.events.EventFiringWebDriver$EventFiringWebElement.click(EventFiringWebDriver.java:417)
	at com.kms.katalon.core.webui.keyword.builtin.ClickKeyword$_click_closure1.doCall(ClickKeyword.groovy:68)
	at com.kms.katalon.core.webui.keyword.builtin.ClickKeyword$_click_closure1.call(ClickKeyword.groovy)
	at com.kms.katalon.core.webui.keyword.internal.WebUIKeywordMain.runKeyword(WebUIKeywordMain.groovy:20)
	at com.kms.katalon.core.webui.keyword.builtin.ClickKeyword.click(ClickKeyword.groovy:75)
	at com.kms.katalon.core.webui.keyword.builtin.ClickKeyword.execute(ClickKeyword.groovy:42)
	at com.kms.katalon.core.keyword.internal.KeywordExecutor.executeKeywordForPlatform(KeywordExecutor.groovy:74)
	at com.kms.katalon.core.webui.keyword.WebUiBuiltInKeywords.click(WebUiBuiltInKeywords.groovy:620)
	at com.kms.katalon.core.webui.keyword.WebUiBuiltInKeywords$click$10.call(Unknown Source)
	at Script1634674829687.run(Script1634674829687.groovy:312)
	... 13 more
)

2021-11-08 12:42:18 - [MESSAGE][INFO] - Unable to find the element located by 'By.xpath: //*[@type = 'submit' and @name = 'confirmNotifyAction']'. Please recheck the objects properties to make sure the desired element is located. 

2021-11-08 12:42:18 - [MESSAGE][WARNING] - [SELF-HEALING] Failed to find element with id 'Object Repository/RAD_Pages/PaymentConfirmation_Page/input_N_confirmNotifyAction'. Try using Self-healing.

2021-11-08 12:42:18 - [MESSAGE][WARNING] - [SELF-HEALING] The current locator of test object 'Object Repository/RAD_Pages/PaymentConfirmation_Page/input_N_confirmNotifyAction' was broken. Propose an alternative one: '//div[4]/div/input'.

2021-11-08 12:42:19 - [MESSAGE][FAILED] - Unable to click on object 'Object Repository/RAD_Pages/PaymentConfirmation_Page/input_N_confirmNotifyAction' (Root cause: com.kms.katalon.core.exception.StepFailedException: Unable to click on object 'Object Repository/RAD_Pages/PaymentConfirmation_Page/input_N_confirmNotifyAction'
	at com.kms.katalon.core.webui.keyword.internal.WebUIKeywordMain.stepFailed(WebUIKeywordMain.groovy:64)
	at com.kms.katalon.core.webui.keyword.internal.WebUIKeywordMain.runKeyword(WebUIKeywordMain.groovy:26)
	at com.kms.katalon.core.webui.keyword.builtin.ClickKeyword.click(ClickKeyword.groovy:75)
	at com.kms.katalon.core.webui.keyword.builtin.ClickKeyword.execute(ClickKeyword.groovy:42)
	at com.kms.katalon.core.keyword.internal.KeywordExecutor.executeKeywordForPlatform(KeywordExecutor.groovy:74)
	at com.kms.katalon.core.webui.keyword.WebUiBuiltInKeywords.click(WebUiBuiltInKeywords.groovy:620)
	at com.kms.katalon.core.webui.keyword.WebUiBuiltInKeywords$click$10.call(Unknown Source)
	at Payments_HC_TC.run(Payments_HC_TC:312)
	at com.kms.katalon.core.main.ScriptEngine.run(ScriptEngine.java:194)
	at com.kms.katalon.core.main.ScriptEngine.runScriptAsRawText(ScriptEngine.java:119)
	at com.kms.katalon.core.main.TestCaseExecutor.runScript(TestCaseExecutor.java:430)
	at com.kms.katalon.core.main.TestCaseExecutor.doExecute(TestCaseExecutor.java:421)
	at com.kms.katalon.core.main.TestCaseExecutor.processExecutionPhase(TestCaseExecutor.java:400)
	at com.kms.katalon.core.main.TestCaseExecutor.accessMainPhase(TestCaseExecutor.java:392)
	at com.kms.katalon.core.main.TestCaseExecutor.execute(TestCaseExecutor.java:273)
	at com.kms.katalon.core.main.TestSuiteExecutor.accessTestCaseMainPhase(TestSuiteExecutor.java:202)
	at com.kms.katalon.core.main.TestSuiteExecutor.accessTestSuiteMainPhase(TestSuiteExecutor.java:164)
	at com.kms.katalon.core.main.TestSuiteExecutor.execute(TestSuiteExecutor.java:105)
	at com.kms.katalon.core.main.TestCaseMain.startTestSuite(TestCaseMain.java:185)
	at com.kms.katalon.core.main.TestCaseMain$startTestSuite$0.call(Unknown Source)
	at TempTestSuite1636391403401.run(TempTestSuite1636391403401.groovy:36)
Caused by: org.openqa.selenium.ElementClickInterceptedException: element click intercepted: Element <input type="text" name="firstName" class="form-control" id="firstName" maxlength="20" placeholder="First Name" required=""> is not clickable at point (490, 76). Other element would receive the click: <div class="container-fluid">...</div>
  (Session info: chrome=95.0.4638.69)
Build info: version: '3.141.59', revision: 'e82be7d358', time: '2018-11-14T08:25:53'
System info: host: 'DESKTOP-B2QI6NS', ip: '172.30.2.167', os.name: 'Windows 10', os.arch: 'amd64', os.version: '10.0', java.version: '1.8.0_181'
Driver info: com.kms.katalon.selenium.driver.CChromeDriver
Capabilities {acceptInsecureCerts: true, browserName: chrome, browserVersion: 95.0.4638.69, chrome: {chromedriverVersion: 95.0.4638.54 (d31a821ec901f..., userDataDir: C:\Users\iahmed\AppData\Loc...}, goog:chromeOptions: {debuggerAddress: localhost:56107}, javascriptEnabled: true, networkConnectionEnabled: false, pageLoadStrategy: normal, platform: WINDOWS, platformName: WINDOWS, proxy: Proxy(), setWindowRect: true, strictFileInteractability: false, timeouts: {implicit: 0, pageLoad: 300000, script: 30000}, unhandledPromptBehavior: dismiss and notify, webauthn:extension:credBlob: true, webauthn:extension:largeBlob: true, webauthn:virtualAuthenticators: true}
Session ID: b6887262473c79e4fefda4f2aeb9a106
	at org.openqa.selenium.remote.http.W3CHttpResponseCodec.createException(W3CHttpResponseCodec.java:187)
	at org.openqa.selenium.remote.http.W3CHttpResponseCodec.decode(W3CHttpResponseCodec.java:122)
	at org.openqa.selenium.remote.http.W3CHttpResponseCodec.decode(W3CHttpResponseCodec.java:49)
	at org.openqa.selenium.remote.HttpCommandExecutor.execute(HttpCommandExecutor.java:158)
	at org.openqa.selenium.remote.service.DriverCommandExecutor.execute(DriverCommandExecutor.java:83)
	at org.openqa.selenium.remote.RemoteWebDriver.execute(RemoteWebDriver.java:552)
	at com.kms.katalon.selenium.driver.CChromeDriver.execute(CChromeDriver.java:19)
	at org.openqa.selenium.remote.RemoteWebElement.execute(RemoteWebElement.java:285)
	at org.openqa.selenium.remote.RemoteWebElement.click(RemoteWebElement.java:84)
	at org.openqa.selenium.support.events.EventFiringWebDriver$EventFiringWebElement.lambda$new$0(EventFiringWebDriver.java:404)
	at com.sun.proxy.$Proxy11.click(Unknown Source)
	at org.openqa.selenium.support.events.EventFiringWebDriver$EventFiringWebElement.click(EventFiringWebDriver.java:417)
	at com.kms.katalon.core.webui.keyword.builtin.ClickKeyword$_click_closure1.doCall(ClickKeyword.groovy:68)
	at com.kms.katalon.core.webui.keyword.builtin.ClickKeyword$_click_closure1.call(ClickKeyword.groovy)
	at com.kms.katalon.core.webui.keyword.internal.WebUIKeywordMain.runKeyword(WebUIKeywordMain.groovy:20)
	at com.kms.katalon.core.webui.keyword.builtin.ClickKeyword.click(ClickKeyword.groovy:75)
	at com.kms.katalon.core.webui.keyword.builtin.ClickKeyword.execute(ClickKeyword.groovy:42)
	at com.kms.katalon.core.keyword.internal.KeywordExecutor.executeKeywordForPlatform(KeywordExecutor.groovy:74)
	at com.kms.katalon.core.webui.keyword.WebUiBuiltInKeywords.click(WebUiBuiltInKeywords.groovy:620)
	at com.kms.katalon.core.webui.keyword.WebUiBuiltInKeywords$click$10.call(Unknown Source)
	at Script1634674829687.run(Script1634674829687.groovy:312)
	... 13 more
)
[[ATTACHMENT|E:\\Cloned-Project-Katalon\\VPS-Katalon\\Reports\\20211108_121003\\RAD_TestSuite\\RAD_UI_TestSuite\\20211108_121003\\1636393339596.png]]

2021-11-08 12:42:19 - [TEST_STEP][FAILED] - click(findTestObject(orPath_ServiceFeesAccept + "/input_convFeeNotifyAction")): Unable to click on object 'Object Repository/RAD_Pages/ServiceFeeAccept_Page/input_convFeeNotifyAction' (Root cause: com.kms.katalon.core.exception.StepFailedException: Unable to click on object 'Object Repository/RAD_Pages/ServiceFeeAccept_Page/input_convFeeNotifyAction'
	at com.kms.katalon.core.webui.keyword.internal.WebUIKeywordMain.stepFailed(WebUIKeywordMain.groovy:64)
	at com.kms.katalon.core.webui.keyword.internal.WebUIKeywordMain.runKeyword(WebUIKeywordMain.groovy:26)
	at com.kms.katalon.core.webui.keyword.builtin.ClickKeyword.click(ClickKeyword.groovy:75)
	at com.kms.katalon.core.webui.keyword.builtin.ClickKeyword.execute(ClickKeyword.groovy:42)
	at com.kms.katalon.core.keyword.internal.KeywordExecutor.executeKeywordForPlatform(KeywordExecutor.groovy:74)
	at com.kms.katalon.core.webui.keyword.WebUiBuiltInKeywords.click(WebUiBuiltInKeywords.groovy:620)
	at com.kms.katalon.core.webui.keyword.WebUiBuiltInKeywords$click$10.call(Unknown Source)
	at Payments_HC_TC.run(Payments_HC_TC:316)
	at com.kms.katalon.core.main.ScriptEngine.run(ScriptEngine.java:194)
	at com.kms.katalon.core.main.ScriptEngine.runScriptAsRawText(ScriptEngine.java:119)
	at com.kms.katalon.core.main.TestCaseExecutor.runScript(TestCaseExecutor.java:430)
	at com.kms.katalon.core.main.TestCaseExecutor.doExecute(TestCaseExecutor.java:421)
	at com.kms.katalon.core.main.TestCaseExecutor.processExecutionPhase(TestCaseExecutor.java:400)
	at com.kms.katalon.core.main.TestCaseExecutor.accessMainPhase(TestCaseExecutor.java:392)
	at com.kms.katalon.core.main.TestCaseExecutor.execute(TestCaseExecutor.java:273)
	at com.kms.katalon.core.main.TestSuiteExecutor.accessTestCaseMainPhase(TestSuiteExecutor.java:202)
	at com.kms.katalon.core.main.TestSuiteExecutor.accessTestSuiteMainPhase(TestSuiteExecutor.java:164)
	at com.kms.katalon.core.main.TestSuiteExecutor.execute(TestSuiteExecutor.java:105)
	at com.kms.katalon.core.main.TestCaseMain.startTestSuite(TestCaseMain.java:185)
	at com.kms.katalon.core.main.TestCaseMain$startTestSuite$0.call(Unknown Source)
	at TempTestSuite1636391403401.run(TempTestSuite1636391403401.groovy:36)
Caused by: org.openqa.selenium.ElementClickInterceptedException: element click intercepted: Element <input type="text" name="middleName" class="form-control" id="middleName" maxlength="20" placeholder="Middle Name"> is not clickable at point (902, 76). Other element would receive the click: <div class="container-fluid">...</div>
  (Session info: chrome=95.0.4638.69)
Build info: version: '3.141.59', revision: 'e82be7d358', time: '2018-11-14T08:25:53'
System info: host: 'DESKTOP-B2QI6NS', ip: '172.30.2.167', os.name: 'Windows 10', os.arch: 'amd64', os.version: '10.0', java.version: '1.8.0_181'
Driver info: com.kms.katalon.selenium.driver.CChromeDriver
Capabilities {acceptInsecureCerts: true, browserName: chrome, browserVersion: 95.0.4638.69, chrome: {chromedriverVersion: 95.0.4638.54 (d31a821ec901f..., userDataDir: C:\Users\iahmed\AppData\Loc...}, goog:chromeOptions: {debuggerAddress: localhost:56107}, javascriptEnabled: true, networkConnectionEnabled: false, pageLoadStrategy: normal, platform: WINDOWS, platformName: WINDOWS, proxy: Proxy(), setWindowRect: true, strictFileInteractability: false, timeouts: {implicit: 0, pageLoad: 300000, script: 30000}, unhandledPromptBehavior: dismiss and notify, webauthn:extension:credBlob: true, webauthn:extension:largeBlob: true, webauthn:virtualAuthenticators: true}
Session ID: b6887262473c79e4fefda4f2aeb9a106
	at org.openqa.selenium.remote.http.W3CHttpResponseCodec.createException(W3CHttpResponseCodec.java:187)
	at org.openqa.selenium.remote.http.W3CHttpResponseCodec.decode(W3CHttpResponseCodec.java:122)
	at org.openqa.selenium.remote.http.W3CHttpResponseCodec.decode(W3CHttpResponseCodec.java:49)
	at org.openqa.selenium.remote.HttpCommandExecutor.execute(HttpCommandExecutor.java:158)
	at org.openqa.selenium.remote.service.DriverCommandExecutor.execute(DriverCommandExecutor.java:83)
	at org.openqa.selenium.remote.RemoteWebDriver.execute(RemoteWebDriver.java:552)
	at com.kms.katalon.selenium.driver.CChromeDriver.execute(CChromeDriver.java:19)
	at org.openqa.selenium.remote.RemoteWebElement.execute(RemoteWebElement.java:285)
	at org.openqa.selenium.remote.RemoteWebElement.click(RemoteWebElement.java:84)
	at org.openqa.selenium.support.events.EventFiringWebDriver$EventFiringWebElement.lambda$new$0(EventFiringWebDriver.java:404)
	at com.sun.proxy.$Proxy11.click(Unknown Source)
	at org.openqa.selenium.support.events.EventFiringWebDriver$EventFiringWebElement.click(EventFiringWebDriver.java:417)
	at com.kms.katalon.core.webui.keyword.builtin.ClickKeyword$_click_closure1.doCall(ClickKeyword.groovy:68)
	at com.kms.katalon.core.webui.keyword.builtin.ClickKeyword$_click_closure1.call(ClickKeyword.groovy)
	at com.kms.katalon.core.webui.keyword.internal.WebUIKeywordMain.runKeyword(WebUIKeywordMain.groovy:20)
	at com.kms.katalon.core.webui.keyword.builtin.ClickKeyword.click(ClickKeyword.groovy:75)
	at com.kms.katalon.core.webui.keyword.builtin.ClickKeyword.execute(ClickKeyword.groovy:42)
	at com.kms.katalon.core.keyword.internal.KeywordExecutor.executeKeywordForPlatform(KeywordExecutor.groovy:74)
	at com.kms.katalon.core.webui.keyword.WebUiBuiltInKeywords.click(WebUiBuiltInKeywords.groovy:620)
	at com.kms.katalon.core.webui.keyword.WebUiBuiltInKeywords$click$10.call(Unknown Source)
	at Script1634674829687.run(Script1634674829687.groovy:316)
	... 13 more
)

2021-11-08 12:42:50 - [MESSAGE][INFO] - Unable to find the element located by 'By.xpath: //*[@type = 'submit' and @name = 'convFeeNotifyAction']'. Please recheck the objects properties to make sure the desired element is located. 

2021-11-08 12:42:50 - [MESSAGE][WARNING] - [SELF-HEALING] Failed to find element with id 'Object Repository/RAD_Pages/ServiceFeeAccept_Page/input_convFeeNotifyAction'. Try using Self-healing.

2021-11-08 12:42:51 - [MESSAGE][WARNING] - [SELF-HEALING] The current locator of test object 'Object Repository/RAD_Pages/ServiceFeeAccept_Page/input_convFeeNotifyAction' was broken. Propose an alternative one: '//div[5]/div/input'.

2021-11-08 12:42:52 - [MESSAGE][FAILED] - Unable to click on object 'Object Repository/RAD_Pages/ServiceFeeAccept_Page/input_convFeeNotifyAction' (Root cause: com.kms.katalon.core.exception.StepFailedException: Unable to click on object 'Object Repository/RAD_Pages/ServiceFeeAccept_Page/input_convFeeNotifyAction'
	at com.kms.katalon.core.webui.keyword.internal.WebUIKeywordMain.stepFailed(WebUIKeywordMain.groovy:64)
	at com.kms.katalon.core.webui.keyword.internal.WebUIKeywordMain.runKeyword(WebUIKeywordMain.groovy:26)
	at com.kms.katalon.core.webui.keyword.builtin.ClickKeyword.click(ClickKeyword.groovy:75)
	at com.kms.katalon.core.webui.keyword.builtin.ClickKeyword.execute(ClickKeyword.groovy:42)
	at com.kms.katalon.core.keyword.internal.KeywordExecutor.executeKeywordForPlatform(KeywordExecutor.groovy:74)
	at com.kms.katalon.core.webui.keyword.WebUiBuiltInKeywords.click(WebUiBuiltInKeywords.groovy:620)
	at com.kms.katalon.core.webui.keyword.WebUiBuiltInKeywords$click$10.call(Unknown Source)
	at Payments_HC_TC.run(Payments_HC_TC:316)
	at com.kms.katalon.core.main.ScriptEngine.run(ScriptEngine.java:194)
	at com.kms.katalon.core.main.ScriptEngine.runScriptAsRawText(ScriptEngine.java:119)
	at com.kms.katalon.core.main.TestCaseExecutor.runScript(TestCaseExecutor.java:430)
	at com.kms.katalon.core.main.TestCaseExecutor.doExecute(TestCaseExecutor.java:421)
	at com.kms.katalon.core.main.TestCaseExecutor.processExecutionPhase(TestCaseExecutor.java:400)
	at com.kms.katalon.core.main.TestCaseExecutor.accessMainPhase(TestCaseExecutor.java:392)
	at com.kms.katalon.core.main.TestCaseExecutor.execute(TestCaseExecutor.java:273)
	at com.kms.katalon.core.main.TestSuiteExecutor.accessTestCaseMainPhase(TestSuiteExecutor.java:202)
	at com.kms.katalon.core.main.TestSuiteExecutor.accessTestSuiteMainPhase(TestSuiteExecutor.java:164)
	at com.kms.katalon.core.main.TestSuiteExecutor.execute(TestSuiteExecutor.java:105)
	at com.kms.katalon.core.main.TestCaseMain.startTestSuite(TestCaseMain.java:185)
	at com.kms.katalon.core.main.TestCaseMain$startTestSuite$0.call(Unknown Source)
	at TempTestSuite1636391403401.run(TempTestSuite1636391403401.groovy:36)
Caused by: org.openqa.selenium.ElementClickInterceptedException: element click intercepted: Element <input type="text" name="middleName" class="form-control" id="middleName" maxlength="20" placeholder="Middle Name"> is not clickable at point (902, 76). Other element would receive the click: <div class="container-fluid">...</div>
  (Session info: chrome=95.0.4638.69)
Build info: version: '3.141.59', revision: 'e82be7d358', time: '2018-11-14T08:25:53'
System info: host: 'DESKTOP-B2QI6NS', ip: '172.30.2.167', os.name: 'Windows 10', os.arch: 'amd64', os.version: '10.0', java.version: '1.8.0_181'
Driver info: com.kms.katalon.selenium.driver.CChromeDriver
Capabilities {acceptInsecureCerts: true, browserName: chrome, browserVersion: 95.0.4638.69, chrome: {chromedriverVersion: 95.0.4638.54 (d31a821ec901f..., userDataDir: C:\Users\iahmed\AppData\Loc...}, goog:chromeOptions: {debuggerAddress: localhost:56107}, javascriptEnabled: true, networkConnectionEnabled: false, pageLoadStrategy: normal, platform: WINDOWS, platformName: WINDOWS, proxy: Proxy(), setWindowRect: true, strictFileInteractability: false, timeouts: {implicit: 0, pageLoad: 300000, script: 30000}, unhandledPromptBehavior: dismiss and notify, webauthn:extension:credBlob: true, webauthn:extension:largeBlob: true, webauthn:virtualAuthenticators: true}
Session ID: b6887262473c79e4fefda4f2aeb9a106
	at org.openqa.selenium.remote.http.W3CHttpResponseCodec.createException(W3CHttpResponseCodec.java:187)
	at org.openqa.selenium.remote.http.W3CHttpResponseCodec.decode(W3CHttpResponseCodec.java:122)
	at org.openqa.selenium.remote.http.W3CHttpResponseCodec.decode(W3CHttpResponseCodec.java:49)
	at org.openqa.selenium.remote.HttpCommandExecutor.execute(HttpCommandExecutor.java:158)
	at org.openqa.selenium.remote.service.DriverCommandExecutor.execute(DriverCommandExecutor.java:83)
	at org.openqa.selenium.remote.RemoteWebDriver.execute(RemoteWebDriver.java:552)
	at com.kms.katalon.selenium.driver.CChromeDriver.execute(CChromeDriver.java:19)
	at org.openqa.selenium.remote.RemoteWebElement.execute(RemoteWebElement.java:285)
	at org.openqa.selenium.remote.RemoteWebElement.click(RemoteWebElement.java:84)
	at org.openqa.selenium.support.events.EventFiringWebDriver$EventFiringWebElement.lambda$new$0(EventFiringWebDriver.java:404)
	at com.sun.proxy.$Proxy11.click(Unknown Source)
	at org.openqa.selenium.support.events.EventFiringWebDriver$EventFiringWebElement.click(EventFiringWebDriver.java:417)
	at com.kms.katalon.core.webui.keyword.builtin.ClickKeyword$_click_closure1.doCall(ClickKeyword.groovy:68)
	at com.kms.katalon.core.webui.keyword.builtin.ClickKeyword$_click_closure1.call(ClickKeyword.groovy)
	at com.kms.katalon.core.webui.keyword.internal.WebUIKeywordMain.runKeyword(WebUIKeywordMain.groovy:20)
	at com.kms.katalon.core.webui.keyword.builtin.ClickKeyword.click(ClickKeyword.groovy:75)
	at com.kms.katalon.core.webui.keyword.builtin.ClickKeyword.execute(ClickKeyword.groovy:42)
	at com.kms.katalon.core.keyword.internal.KeywordExecutor.executeKeywordForPlatform(KeywordExecutor.groovy:74)
	at com.kms.katalon.core.webui.keyword.WebUiBuiltInKeywords.click(WebUiBuiltInKeywords.groovy:620)
	at com.kms.katalon.core.webui.keyword.WebUiBuiltInKeywords$click$10.call(Unknown Source)
	at Script1634674829687.run(Script1634674829687.groovy:316)
	... 13 more
)
[[ATTACHMENT|E:\\Cloned-Project-Katalon\\VPS-Katalon\\Reports\\20211108_121003\\RAD_TestSuite\\RAD_UI_TestSuite\\20211108_121003\\1636393372298.png]]

2021-11-08 12:42:52 - [TEST_STEP][PASSED] - delay(10): Delayed 10 second(s)

2021-11-08 12:43:02 - [MESSAGE][PASSED] - Delayed 10 second(s)

2021-11-08 12:43:02 - [TEST_STEP][FAILED] - verifyTextPresent("Successful Payment Receipt", true): Text 'Successful Payment Receipt' is not present on page  using regular expression (Root cause: com.kms.katalon.core.exception.StepFailedException: Text 'Successful Payment Receipt' is not present on page  using regular expression
	at com.kms.katalon.core.webui.keyword.internal.WebUIKeywordMain.stepFailed(WebUIKeywordMain.groovy:64)
	at com.kms.katalon.core.webui.keyword.builtin.VerifyTextPresentKeyword$_verifyTextPresent_closure1.doCall(VerifyTextPresentKeyword.groovy:79)
	at com.kms.katalon.core.webui.keyword.builtin.VerifyTextPresentKeyword$_verifyTextPresent_closure1.call(VerifyTextPresentKeyword.groovy)
	at com.kms.katalon.core.webui.keyword.internal.WebUIKeywordMain.runKeyword(WebUIKeywordMain.groovy:20)
	at com.kms.katalon.core.webui.keyword.builtin.VerifyTextPresentKeyword.verifyTextPresent(VerifyTextPresentKeyword.groovy:83)
	at com.kms.katalon.core.webui.keyword.builtin.VerifyTextPresentKeyword.execute(VerifyTextPresentKeyword.groovy:68)
	at com.kms.katalon.core.keyword.internal.KeywordExecutor.executeKeywordForPlatform(KeywordExecutor.groovy:74)
	at com.kms.katalon.core.webui.keyword.WebUiBuiltInKeywords.verifyTextPresent(WebUiBuiltInKeywords.groovy:1723)
	at com.kms.katalon.core.webui.keyword.WebUiBuiltInKeywords$verifyTextPresent$3.call(Unknown Source)
	at Payments_HC_TC.run(Payments_HC_TC:323)
	at com.kms.katalon.core.main.ScriptEngine.run(ScriptEngine.java:194)
	at com.kms.katalon.core.main.ScriptEngine.runScriptAsRawText(ScriptEngine.java:119)
	at com.kms.katalon.core.main.TestCaseExecutor.runScript(TestCaseExecutor.java:430)
	at com.kms.katalon.core.main.TestCaseExecutor.doExecute(TestCaseExecutor.java:421)
	at com.kms.katalon.core.main.TestCaseExecutor.processExecutionPhase(TestCaseExecutor.java:400)
	at com.kms.katalon.core.main.TestCaseExecutor.accessMainPhase(TestCaseExecutor.java:392)
	at com.kms.katalon.core.main.TestCaseExecutor.execute(TestCaseExecutor.java:273)
	at com.kms.katalon.core.main.TestSuiteExecutor.accessTestCaseMainPhase(TestSuiteExecutor.java:202)
	at com.kms.katalon.core.main.TestSuiteExecutor.accessTestSuiteMainPhase(TestSuiteExecutor.java:164)
	at com.kms.katalon.core.main.TestSuiteExecutor.execute(TestSuiteExecutor.java:105)
	at com.kms.katalon.core.main.TestCaseMain.startTestSuite(TestCaseMain.java:185)
	at com.kms.katalon.core.main.TestCaseMain$startTestSuite$0.call(Unknown Source)
	at TempTestSuite1636391403401.run(TempTestSuite1636391403401.groovy:36)
)

2021-11-08 12:43:03 - [MESSAGE][FAILED] - Text 'Successful Payment Receipt' is not present on page  using regular expression (Root cause: com.kms.katalon.core.exception.StepFailedException: Text 'Successful Payment Receipt' is not present on page  using regular expression
	at com.kms.katalon.core.webui.keyword.internal.WebUIKeywordMain.stepFailed(WebUIKeywordMain.groovy:64)
	at com.kms.katalon.core.webui.keyword.builtin.VerifyTextPresentKeyword$_verifyTextPresent_closure1.doCall(VerifyTextPresentKeyword.groovy:79)
	at com.kms.katalon.core.webui.keyword.builtin.VerifyTextPresentKeyword$_verifyTextPresent_closure1.call(VerifyTextPresentKeyword.groovy)
	at com.kms.katalon.core.webui.keyword.internal.WebUIKeywordMain.runKeyword(WebUIKeywordMain.groovy:20)
	at com.kms.katalon.core.webui.keyword.builtin.VerifyTextPresentKeyword.verifyTextPresent(VerifyTextPresentKeyword.groovy:83)
	at com.kms.katalon.core.webui.keyword.builtin.VerifyTextPresentKeyword.execute(VerifyTextPresentKeyword.groovy:68)
	at com.kms.katalon.core.keyword.internal.KeywordExecutor.executeKeywordForPlatform(KeywordExecutor.groovy:74)
	at com.kms.katalon.core.webui.keyword.WebUiBuiltInKeywords.verifyTextPresent(WebUiBuiltInKeywords.groovy:1723)
	at com.kms.katalon.core.webui.keyword.WebUiBuiltInKeywords$verifyTextPresent$3.call(Unknown Source)
	at Payments_HC_TC.run(Payments_HC_TC:323)
	at com.kms.katalon.core.main.ScriptEngine.run(ScriptEngine.java:194)
	at com.kms.katalon.core.main.ScriptEngine.runScriptAsRawText(ScriptEngine.java:119)
	at com.kms.katalon.core.main.TestCaseExecutor.runScript(TestCaseExecutor.java:430)
	at com.kms.katalon.core.main.TestCaseExecutor.doExecute(TestCaseExecutor.java:421)
	at com.kms.katalon.core.main.TestCaseExecutor.processExecutionPhase(TestCaseExecutor.java:400)
	at com.kms.katalon.core.main.TestCaseExecutor.accessMainPhase(TestCaseExecutor.java:392)
	at com.kms.katalon.core.main.TestCaseExecutor.execute(TestCaseExecutor.java:273)
	at com.kms.katalon.core.main.TestSuiteExecutor.accessTestCaseMainPhase(TestSuiteExecutor.java:202)
	at com.kms.katalon.core.main.TestSuiteExecutor.accessTestSuiteMainPhase(TestSuiteExecutor.java:164)
	at com.kms.katalon.core.main.TestSuiteExecutor.execute(TestSuiteExecutor.java:105)
	at com.kms.katalon.core.main.TestCaseMain.startTestSuite(TestCaseMain.java:185)
	at com.kms.katalon.core.main.TestCaseMain$startTestSuite$0.call(Unknown Source)
	at TempTestSuite1636391403401.run(TempTestSuite1636391403401.groovy:36)
)

2021-11-08 12:43:03 - [TEST_STEP][FAILED] - if (verifyTextPresent("Successful Payment Receipt", true)): Text 'Successful Payment Receipt' is not present on page  using regular expression (Root cause: com.kms.katalon.core.exception.StepFailedException: Text 'Successful Payment Receipt' is not present on page  using regular expression
	at com.kms.katalon.core.webui.keyword.internal.WebUIKeywordMain.stepFailed(WebUIKeywordMain.groovy:64)
	at com.kms.katalon.core.webui.keyword.builtin.VerifyTextPresentKeyword$_verifyTextPresent_closure1.doCall(VerifyTextPresentKeyword.groovy:79)
	at com.kms.katalon.core.webui.keyword.builtin.VerifyTextPresentKeyword$_verifyTextPresent_closure1.call(VerifyTextPresentKeyword.groovy)
	at com.kms.katalon.core.webui.keyword.internal.WebUIKeywordMain.runKeyword(WebUIKeywordMain.groovy:20)
	at com.kms.katalon.core.webui.keyword.builtin.VerifyTextPresentKeyword.verifyTextPresent(VerifyTextPresentKeyword.groovy:83)
	at com.kms.katalon.core.webui.keyword.builtin.VerifyTextPresentKeyword.execute(VerifyTextPresentKeyword.groovy:68)
	at com.kms.katalon.core.keyword.internal.KeywordExecutor.executeKeywordForPlatform(KeywordExecutor.groovy:74)
	at com.kms.katalon.core.webui.keyword.WebUiBuiltInKeywords.verifyTextPresent(WebUiBuiltInKeywords.groovy:1723)
	at com.kms.katalon.core.webui.keyword.WebUiBuiltInKeywords$verifyTextPresent$3.call(Unknown Source)
	at Payments_HC_TC.run(Payments_HC_TC:325)
	at com.kms.katalon.core.main.ScriptEngine.run(ScriptEngine.java:194)
	at com.kms.katalon.core.main.ScriptEngine.runScriptAsRawText(ScriptEngine.java:119)
	at com.kms.katalon.core.main.TestCaseExecutor.runScript(TestCaseExecutor.java:430)
	at com.kms.katalon.core.main.TestCaseExecutor.doExecute(TestCaseExecutor.java:421)
	at com.kms.katalon.core.main.TestCaseExecutor.processExecutionPhase(TestCaseExecutor.java:400)
	at com.kms.katalon.core.main.TestCaseExecutor.accessMainPhase(TestCaseExecutor.java:392)
	at com.kms.katalon.core.main.TestCaseExecutor.execute(TestCaseExecutor.java:273)
	at com.kms.katalon.core.main.TestSuiteExecutor.accessTestCaseMainPhase(TestSuiteExecutor.java:202)
	at com.kms.katalon.core.main.TestSuiteExecutor.accessTestSuiteMainPhase(TestSuiteExecutor.java:164)
	at com.kms.katalon.core.main.TestSuiteExecutor.execute(TestSuiteExecutor.java:105)
	at com.kms.katalon.core.main.TestCaseMain.startTestSuite(TestCaseMain.java:185)
	at com.kms.katalon.core.main.TestCaseMain$startTestSuite$0.call(Unknown Source)
	at TempTestSuite1636391403401.run(TempTestSuite1636391403401.groovy:36)
)

2021-11-08 12:43:03 - [MESSAGE][FAILED] - Text 'Successful Payment Receipt' is not present on page  using regular expression (Root cause: com.kms.katalon.core.exception.StepFailedException: Text 'Successful Payment Receipt' is not present on page  using regular expression
	at com.kms.katalon.core.webui.keyword.internal.WebUIKeywordMain.stepFailed(WebUIKeywordMain.groovy:64)
	at com.kms.katalon.core.webui.keyword.builtin.VerifyTextPresentKeyword$_verifyTextPresent_closure1.doCall(VerifyTextPresentKeyword.groovy:79)
	at com.kms.katalon.core.webui.keyword.builtin.VerifyTextPresentKeyword$_verifyTextPresent_closure1.call(VerifyTextPresentKeyword.groovy)
	at com.kms.katalon.core.webui.keyword.internal.WebUIKeywordMain.runKeyword(WebUIKeywordMain.groovy:20)
	at com.kms.katalon.core.webui.keyword.builtin.VerifyTextPresentKeyword.verifyTextPresent(VerifyTextPresentKeyword.groovy:83)
	at com.kms.katalon.core.webui.keyword.builtin.VerifyTextPresentKeyword.execute(VerifyTextPresentKeyword.groovy:68)
	at com.kms.katalon.core.keyword.internal.KeywordExecutor.executeKeywordForPlatform(KeywordExecutor.groovy:74)
	at com.kms.katalon.core.webui.keyword.WebUiBuiltInKeywords.verifyTextPresent(WebUiBuiltInKeywords.groovy:1723)
	at com.kms.katalon.core.webui.keyword.WebUiBuiltInKeywords$verifyTextPresent$3.call(Unknown Source)
	at Payments_HC_TC.run(Payments_HC_TC:325)
	at com.kms.katalon.core.main.ScriptEngine.run(ScriptEngine.java:194)
	at com.kms.katalon.core.main.ScriptEngine.runScriptAsRawText(ScriptEngine.java:119)
	at com.kms.katalon.core.main.TestCaseExecutor.runScript(TestCaseExecutor.java:430)
	at com.kms.katalon.core.main.TestCaseExecutor.doExecute(TestCaseExecutor.java:421)
	at com.kms.katalon.core.main.TestCaseExecutor.processExecutionPhase(TestCaseExecutor.java:400)
	at com.kms.katalon.core.main.TestCaseExecutor.accessMainPhase(TestCaseExecutor.java:392)
	at com.kms.katalon.core.main.TestCaseExecutor.execute(TestCaseExecutor.java:273)
	at com.kms.katalon.core.main.TestSuiteExecutor.accessTestCaseMainPhase(TestSuiteExecutor.java:202)
	at com.kms.katalon.core.main.TestSuiteExecutor.accessTestSuiteMainPhase(TestSuiteExecutor.java:164)
	at com.kms.katalon.core.main.TestSuiteExecutor.execute(TestSuiteExecutor.java:105)
	at com.kms.katalon.core.main.TestCaseMain.startTestSuite(TestCaseMain.java:185)
	at com.kms.katalon.core.main.TestCaseMain$startTestSuite$0.call(Unknown Source)
	at TempTestSuite1636391403401.run(TempTestSuite1636391403401.groovy:36)
)

2021-11-08 12:43:03 - [TEST_STEP][PASSED] - else: pages.WriteExcel.demoKey is PASSED

2021-11-08 12:43:03 - [TEST_STEP][PASSED] - println("Transaction was NOT Successful"): null

2021-11-08 12:43:03 - [TEST_STEP][PASSED] - out.println("Fail Record Number: " + row): null

2021-11-08 12:43:03 - [TEST_STEP][PASSED] - resText = "Fail": null

2021-11-08 12:43:03 - [TEST_STEP][PASSED] - pages.WriteExcel.demoKey(resText, datText, resColumn, datCloumn, fileLoc, nameSheet, row): pages.WriteExcel.demoKey is PASSED

2021-11-08 12:43:03 - [MESSAGE][PASSED] - pages.WriteExcel.demoKey is PASSED

2021-11-08 12:43:03 - [TEST_STEP][PASSED] - ExecuteTC = findTestData(dataFile).getValue("Execute", row): null

2021-11-08 12:43:03 - [TEST_STEP][PASSED] - PaymentType = findTestData(dataFile).getValue("PaymentType", row): null

2021-11-08 12:43:03 - [TEST_STEP][PASSED] - FilingYear = findTestData(dataFile).getValue("FilingYear", row): null

2021-11-08 12:43:03 - [TEST_STEP][PASSED] - PeriodEnding = findTestData(dataFile).getValue("PeriodEnding", row): null

2021-11-08 12:43:03 - [TEST_STEP][PASSED] - FName = findTestData(dataFile).getValue("Fname", row): null

2021-11-08 12:43:03 - [TEST_STEP][PASSED] - LName = findTestData(dataFile).getValue("Lname", row): null

2021-11-08 12:43:03 - [TEST_STEP][PASSED] - SSN = findTestData(dataFile).getValue("SSN", row): null

2021-11-08 12:43:03 - [TEST_STEP][PASSED] - BusName = findTestData(dataFile).getValue("BusName", row): null

2021-11-08 12:43:03 - [TEST_STEP][PASSED] - AL1 = findTestData(dataFile).getValue("AL1", row): null

2021-11-08 12:43:03 - [TEST_STEP][PASSED] - City = findTestData(dataFile).getValue("City", row): null

2021-11-08 12:43:03 - [TEST_STEP][PASSED] - ZIP = findTestData(dataFile).getValue("ZIP", row): null

2021-11-08 12:43:03 - [TEST_STEP][PASSED] - FilingType = findTestData(dataFile).getValue("FilingType", row): null

2021-11-08 12:43:03 - [TEST_STEP][PASSED] - Withholding = findTestData(dataFile).getValue("Withholding", row): null

2021-11-08 12:43:04 - [TEST_STEP][PASSED] - Amount = findTestData(dataFile).getValue("Amount", row): null

2021-11-08 12:43:04 - [TEST_STEP][PASSED] - CCNumber = findTestData(dataFile).getValue("CCNumber", row): null

2021-11-08 12:43:04 - [TEST_STEP][PASSED] - CVV = findTestData(dataFile).getValue("CVV", row): null

2021-11-08 12:43:04 - [TEST_STEP][PASSED] - out.println("Value of Execute is : " + ExecuteTC): null

2021-11-08 12:43:04 - [TEST_STEP][PASSED] - if (ExecuteTC.equalsIgnoreCase("Y")): null

2021-11-08 12:43:04 - [TEST_STEP][PASSED] - out.println("Begin Record Number: " + row): null

2021-11-08 12:43:04 - [TEST_STEP][PASSED] - today = new java.util.Date(): null

2021-11-08 12:43:04 - [TEST_STEP][PASSED] - println(today): null

2021-11-08 12:43:04 - [TEST_STEP][PASSED] - datText = today: null

2021-11-08 12:43:04 - [TEST_STEP][PASSED] - Taxtype = findTestData(dataFile).getValue("TaxType", row): null

2021-11-08 12:43:04 - [TEST_STEP][PASSED] - out.println("Taxtype value is : " + Taxtype): null

2021-11-08 12:43:04 - [TEST_STEP][PASSED] - openBrowser(""): Browser is opened with url: ''

2021-11-08 12:43:04 - [MESSAGE][WARNING] - A browser is already opened. Closing browser and opening a new one

2021-11-08 12:43:04 - [MESSAGE][INFO] - Starting 'Chrome' driver

2021-11-08 12:43:04 - [MESSAGE][INFO] - User set preference: ['acceptInsecureCerts', 'true']

2021-11-08 12:43:04 - [MESSAGE][INFO] - Action delay is set to 0 milliseconds

2021-11-08 12:43:06 - [MESSAGE][PASSED] - Browser is opened with url: ''

2021-11-08 12:43:06 - [TEST_STEP][PASSED] - maximizeWindow(): Current window maximized

2021-11-08 12:43:06 - [MESSAGE][PASSED] - Current window maximized

2021-11-08 12:43:06 - [TEST_STEP][PASSED] - navigateToUrl(RADurl): Navigate to 'https://qa.velocitypayment.com/client/rad/index.html' successfully

2021-11-08 12:43:08 - [MESSAGE][PASSED] - Navigate to 'https://qa.velocitypayment.com/client/rad/index.html' successfully

2021-11-08 12:43:08 - [TEST_STEP][PASSED] - orPath_Landing = "Object Repository/RAD_Pages/Landing_Page": null

2021-11-08 12:43:08 - [TEST_STEP][PASSED] - orPath_TaxTypeFilingYear = "Object Repository/RAD_Pages/TaxTypeFilingYear_Page": null

2021-11-08 12:43:08 - [TEST_STEP][PASSED] - orPath_TaxPayer = "Object Repository/RAD_Pages/Taxpayer_Page": null

2021-11-08 12:43:08 - [TEST_STEP][PASSED] - orPath_AddressContact = "Object Repository/RAD_Pages/AddressAndContactInfo_Page": null

2021-11-08 12:43:08 - [TEST_STEP][PASSED] - orPath_FilingStatus = "Object Repository/RAD_Pages/FilingStatus_Page": null

2021-11-08 12:43:08 - [TEST_STEP][PASSED] - orPath_Amount = "Object Repository/RAD_Pages/PaymentAmount_Page": null

2021-11-08 12:43:08 - [TEST_STEP][PASSED] - orPath_TaxInfo = "Object Repository/RAD_Pages/TaxInfo_Page": null

2021-11-08 12:43:08 - [TEST_STEP][PASSED] - orPath_Withholding = "Object Repository/RAD_Pages/Withholding_Page": null

2021-11-08 12:43:08 - [TEST_STEP][PASSED] - orPath_Summary = "Object Repository/RAD_Pages/Summary_Page": null

2021-11-08 12:43:08 - [TEST_STEP][PASSED] - orPath_PaymentReady = "Object Repository/RAD_Pages/PaymentReady_Page": null

2021-11-08 12:43:08 - [TEST_STEP][PASSED] - orPath_PaymentEntry = "Object Repository/RAD_Pages/PaymentEntry_Page": null

2021-11-08 12:43:08 - [TEST_STEP][PASSED] - orPath_PaymentConfirmation = "Object Repository/RAD_Pages/PaymentConfirmation_Page": null

2021-11-08 12:43:08 - [TEST_STEP][PASSED] - orPath_ServiceFeesAccept = "Object Repository/RAD_Pages/ServiceFeeAccept_Page": null

2021-11-08 12:43:08 - [TEST_STEP][PASSED] - selectOptionByLabel(findTestObject(orPath_Landing + "/dd_TaxType"), Taxtype, false): All options with label 'Withholding Tax' are selected in object 'Object Repository/RAD_Pages/Landing_Page/dd_TaxType' 

2021-11-08 12:43:09 - [MESSAGE][PASSED] - All options with label 'Withholding Tax' are selected in object 'Object Repository/RAD_Pages/Landing_Page/dd_TaxType' 

2021-11-08 12:43:09 - [TEST_STEP][PASSED] - delay(3): Delayed 3 second(s)

2021-11-08 12:43:12 - [MESSAGE][PASSED] - Delayed 3 second(s)

2021-11-08 12:43:12 - [TEST_STEP][PASSED] - switch (Taxtype): null

2021-11-08 12:43:12 - [TEST_STEP][PASSED] - case "Withholding Tax":: null

2021-11-08 12:43:12 - [TEST_STEP][PASSED] - selectOptionByLabel(findTestObject(orPath_TaxTypeFilingYear + "/select_FilingYear"), FilingYear, false): All options with label '2021' are selected in object 'Object Repository/RAD_Pages/TaxTypeFilingYear_Page/select_FilingYear' 

2021-11-08 12:43:13 - [MESSAGE][PASSED] - All options with label '2021' are selected in object 'Object Repository/RAD_Pages/TaxTypeFilingYear_Page/select_FilingYear' 

2021-11-08 12:43:13 - [TEST_STEP][PASSED] - setText(findTestObject(orPath_TaxPayer + "/input_businessName"), BusName): Text 'Lux & Sons Corporation' is set on object 'Object Repository/RAD_Pages/Taxpayer_Page/input_businessName'

2021-11-08 12:43:13 - [MESSAGE][PASSED] - Text 'Lux & Sons Corporation' is set on object 'Object Repository/RAD_Pages/Taxpayer_Page/input_businessName'

2021-11-08 12:43:13 - [TEST_STEP][PASSED] - setEncryptedText(findTestObject(orPath_TaxInfo + "/input_FederalEIN"), "xLVb905G4/sGR8qgNWNzNQ=="): Text ****** has been set on object 'Object Repository/RAD_Pages/TaxInfo_Page/input_FederalEIN'

2021-11-08 12:43:14 - [MESSAGE][PASSED] - Text ****** has been set on object 'Object Repository/RAD_Pages/TaxInfo_Page/input_FederalEIN'

2021-11-08 12:43:14 - [TEST_STEP][PASSED] - setEncryptedText(findTestObject(orPath_TaxInfo + "/input_FederalEIN_ReEnter"), "xLVb905G4/sGR8qgNWNzNQ=="): Text ****** has been set on object 'Object Repository/RAD_Pages/TaxInfo_Page/input_FederalEIN_ReEnter'

2021-11-08 12:43:14 - [MESSAGE][PASSED] - Text ****** has been set on object 'Object Repository/RAD_Pages/TaxInfo_Page/input_FederalEIN_ReEnter'

2021-11-08 12:43:14 - [TEST_STEP][PASSED] - setText(findTestObject(orPath_TaxInfo + "/input_MDCRegistration"), "07640126"): Text '07640126' is set on object 'Object Repository/RAD_Pages/TaxInfo_Page/input_MDCRegistration'

2021-11-08 12:43:15 - [MESSAGE][PASSED] - Text '07640126' is set on object 'Object Repository/RAD_Pages/TaxInfo_Page/input_MDCRegistration'

2021-11-08 12:43:15 - [TEST_STEP][PASSED] - if (Withholding.equalsIgnoreCase("Y")): Text '10.50' is set on object 'Object Repository/RAD_Pages/Withholding_Page/input__WithholdingTaxReported'

2021-11-08 12:43:15 - [TEST_STEP][PASSED] - scrollToElement(findTestObject(orPath_Landing + "/button_Continue"), 3): Scroll to object 'Object Repository/RAD_Pages/Landing_Page/button_Continue' successfully

2021-11-08 12:43:15 - [MESSAGE][PASSED] - Scroll to object 'Object Repository/RAD_Pages/Landing_Page/button_Continue' successfully

2021-11-08 12:43:15 - [TEST_STEP][PASSED] - check(findTestObject(orPath_Withholding + "/input_acceleratedBasis_Yes")): Object 'Object Repository/RAD_Pages/Withholding_Page/input_acceleratedBasis_Yes' is checked

2021-11-08 12:43:16 - [MESSAGE][PASSED] - Object 'Object Repository/RAD_Pages/Withholding_Page/input_acceleratedBasis_Yes' is checked

2021-11-08 12:43:16 - [TEST_STEP][PASSED] - delay(3): Delayed 3 second(s)

2021-11-08 12:43:19 - [MESSAGE][PASSED] - Delayed 3 second(s)

2021-11-08 12:43:19 - [TEST_STEP][PASSED] - nowDate = Date().format("MM/dd/yyyy"): null

2021-11-08 12:43:19 - [TEST_STEP][PASSED] - executeJavaScript("document.getElementById('payDate').removeAttribute('readonly')", null): Execute JavaScript 'document.getElementById('payDate').removeAttribute('readonly')' successfully

2021-11-08 12:43:19 - [MESSAGE][PASSED] - Execute JavaScript 'document.getElementById('payDate').removeAttribute('readonly')' successfully

2021-11-08 12:43:19 - [TEST_STEP][PASSED] - setText(findTestObject(orPath_Withholding + "/input_PayDate"), nowDate): Text '11/08/2021' is set on object 'Object Repository/RAD_Pages/Withholding_Page/input_PayDate'

2021-11-08 12:43:20 - [MESSAGE][PASSED] - Text '11/08/2021' is set on object 'Object Repository/RAD_Pages/Withholding_Page/input_PayDate'

2021-11-08 12:43:20 - [TEST_STEP][PASSED] - setText(findTestObject(orPath_Withholding + "/input__WithholdingTaxReported"), "10.50"): Text '10.50' is set on object 'Object Repository/RAD_Pages/Withholding_Page/input__WithholdingTaxReported'

2021-11-08 12:43:21 - [MESSAGE][PASSED] - Text '10.50' is set on object 'Object Repository/RAD_Pages/Withholding_Page/input__WithholdingTaxReported'

2021-11-08 12:43:21 - [TEST_STEP][PASSED] - break: null

2021-11-08 12:43:21 - [TEST_STEP][PASSED] - setText(findTestObject(orPath_TaxPayer + "/input_firstName"), FName): Text 'Jimmie' is set on object 'Object Repository/RAD_Pages/Taxpayer_Page/input_firstName'

2021-11-08 12:43:21 - [MESSAGE][PASSED] - Text 'Jimmie' is set on object 'Object Repository/RAD_Pages/Taxpayer_Page/input_firstName'

2021-11-08 12:43:21 - [TEST_STEP][PASSED] - setText(findTestObject(orPath_TaxPayer + "/input_lastName"), LName): Text 'Anderson' is set on object 'Object Repository/RAD_Pages/Taxpayer_Page/input_lastName'

2021-11-08 12:43:22 - [MESSAGE][PASSED] - Text 'Anderson' is set on object 'Object Repository/RAD_Pages/Taxpayer_Page/input_lastName'

2021-11-08 12:43:22 - [TEST_STEP][PASSED] - selectOptionByLabel(findTestObject(orPath_AddressContact + "/select_Country"), "United States", false): All options with label 'United States' are selected in object 'Object Repository/RAD_Pages/AddressAndContactInfo_Page/select_Country' 

2021-11-08 12:43:23 - [MESSAGE][PASSED] - All options with label 'United States' are selected in object 'Object Repository/RAD_Pages/AddressAndContactInfo_Page/select_Country' 

2021-11-08 12:43:23 - [TEST_STEP][PASSED] - setText(findTestObject(orPath_AddressContact + "/input_streetAddress1"), AL1): Text '15 Main Street' is set on object 'Object Repository/RAD_Pages/AddressAndContactInfo_Page/input_streetAddress1'

2021-11-08 12:43:24 - [MESSAGE][PASSED] - Text '15 Main Street' is set on object 'Object Repository/RAD_Pages/AddressAndContactInfo_Page/input_streetAddress1'

2021-11-08 12:43:24 - [TEST_STEP][PASSED] - setText(findTestObject(orPath_AddressContact + "/input_streetAddress2"), ""): Text '' is set on object 'Object Repository/RAD_Pages/AddressAndContactInfo_Page/input_streetAddress2'

2021-11-08 12:43:25 - [MESSAGE][PASSED] - Text '' is set on object 'Object Repository/RAD_Pages/AddressAndContactInfo_Page/input_streetAddress2'

2021-11-08 12:43:25 - [TEST_STEP][PASSED] - setText(findTestObject(orPath_AddressContact + "/input_city"), City): Text 'Gambrills' is set on object 'Object Repository/RAD_Pages/AddressAndContactInfo_Page/input_city'

2021-11-08 12:43:25 - [MESSAGE][PASSED] - Text 'Gambrills' is set on object 'Object Repository/RAD_Pages/AddressAndContactInfo_Page/input_city'

2021-11-08 12:43:25 - [TEST_STEP][PASSED] - selectOptionByLabel(findTestObject(orPath_AddressContact + "/select_State"), "Maryland", false): All options with label 'Maryland' are selected in object 'Object Repository/RAD_Pages/AddressAndContactInfo_Page/select_State' 

2021-11-08 12:43:26 - [MESSAGE][PASSED] - All options with label 'Maryland' are selected in object 'Object Repository/RAD_Pages/AddressAndContactInfo_Page/select_State' 

2021-11-08 12:43:26 - [TEST_STEP][PASSED] - setText(findTestObject(orPath_AddressContact + "/input_zipCode"), ZIP): Text '21054' is set on object 'Object Repository/RAD_Pages/AddressAndContactInfo_Page/input_zipCode'

2021-11-08 12:43:27 - [MESSAGE][PASSED] - Text '21054' is set on object 'Object Repository/RAD_Pages/AddressAndContactInfo_Page/input_zipCode'

2021-11-08 12:43:27 - [TEST_STEP][PASSED] - setText(findTestObject(orPath_AddressContact + "/input_phoneNumber"), "(703) 894-5000"): Text '(703) 894-5000' is set on object 'Object Repository/RAD_Pages/AddressAndContactInfo_Page/input_phoneNumber'

2021-11-08 12:43:27 - [MESSAGE][PASSED] - Text '(703) 894-5000' is set on object 'Object Repository/RAD_Pages/AddressAndContactInfo_Page/input_phoneNumber'

2021-11-08 12:43:27 - [TEST_STEP][PASSED] - setText(findTestObject(orPath_AddressContact + "/input_eMailAddress"), "iahmed@govolution.com"): Text 'iahmed@govolution.com' is set on object 'Object Repository/RAD_Pages/AddressAndContactInfo_Page/input_eMailAddress'

2021-11-08 12:43:28 - [MESSAGE][PASSED] - Text 'iahmed@govolution.com' is set on object 'Object Repository/RAD_Pages/AddressAndContactInfo_Page/input_eMailAddress'

2021-11-08 12:43:28 - [TEST_STEP][PASSED] - setText(findTestObject(orPath_AddressContact + "/input_reEnterEMailAddress"), "iahmed@govolution.com"): Text 'iahmed@govolution.com' is set on object 'Object Repository/RAD_Pages/AddressAndContactInfo_Page/input_reEnterEMailAddress'

2021-11-08 12:43:29 - [MESSAGE][PASSED] - Text 'iahmed@govolution.com' is set on object 'Object Repository/RAD_Pages/AddressAndContactInfo_Page/input_reEnterEMailAddress'

2021-11-08 12:43:29 - [TEST_STEP][PASSED] - setText(findTestObject(orPath_Amount + "/input__paymentAmount"), Amount): Text '100.00' is set on object 'Object Repository/RAD_Pages/PaymentAmount_Page/input__paymentAmount'

2021-11-08 12:43:30 - [MESSAGE][PASSED] - Text '100.00' is set on object 'Object Repository/RAD_Pages/PaymentAmount_Page/input__paymentAmount'

2021-11-08 12:43:30 - [TEST_STEP][PASSED] - scrollToElement(findTestObject(orPath_Landing + "/button_Continue"), 3): Scroll to object 'Object Repository/RAD_Pages/Landing_Page/button_Continue' successfully

2021-11-08 12:43:30 - [MESSAGE][PASSED] - Scroll to object 'Object Repository/RAD_Pages/Landing_Page/button_Continue' successfully

2021-11-08 12:43:30 - [TEST_STEP][PASSED] - waitForElementClickable(findTestObject(orPath_Landing + "/button_Continue"), 5): Object 'Object Repository/RAD_Pages/Landing_Page/button_Continue' is clickable

2021-11-08 12:43:31 - [MESSAGE][PASSED] - Object 'Object Repository/RAD_Pages/Landing_Page/button_Continue' is clickable

2021-11-08 12:43:31 - [TEST_STEP][PASSED] - click(findTestObject(orPath_Landing + "/button_Continue")): Object: 'Object Repository/RAD_Pages/Landing_Page/button_Continue' is clicked on

2021-11-08 12:43:31 - [MESSAGE][PASSED] - Object: 'Object Repository/RAD_Pages/Landing_Page/button_Continue' is clicked on

2021-11-08 12:43:31 - [TEST_STEP][PASSED] - verifyTextPresent("Review the information below and make any necessary corrections by clicking the", true): Text 'Review the information below and make any necessary corrections by clicking the' is present on page  using regular expression

2021-11-08 12:43:32 - [MESSAGE][PASSED] - Text 'Review the information below and make any necessary corrections by clicking the' is present on page  using regular expression

2021-11-08 12:43:32 - [TEST_STEP][PASSED] - verifyTextPresent("When you are confident that all the information is correct", true): Text 'When you are confident that all the information is correct' is present on page  using regular expression

2021-11-08 12:43:32 - [MESSAGE][PASSED] - Text 'When you are confident that all the information is correct' is present on page  using regular expression

2021-11-08 12:43:32 - [TEST_STEP][PASSED] - delay(1): Delayed 1 second(s)

2021-11-08 12:43:33 - [MESSAGE][PASSED] - Delayed 1 second(s)

2021-11-08 12:43:33 - [TEST_STEP][PASSED] - click(findTestObject(orPath_Summary + "/button_Proceed to Payment")): Object: 'Object Repository/RAD_Pages/Summary_Page/button_Proceed to Payment' is clicked on

2021-11-08 12:43:35 - [MESSAGE][PASSED] - Object: 'Object Repository/RAD_Pages/Summary_Page/button_Proceed to Payment' is clicked on

2021-11-08 12:43:35 - [TEST_STEP][PASSED] - setText(findTestObject(orPath_PaymentEntry + "/input__cardNumber"), CCNumber): Text '6011000993026909' is set on object 'Object Repository/RAD_Pages/PaymentEntry_Page/input__cardNumber'

2021-11-08 12:43:36 - [MESSAGE][PASSED] - Text '6011000993026909' is set on object 'Object Repository/RAD_Pages/PaymentEntry_Page/input__cardNumber'

2021-11-08 12:43:36 - [TEST_STEP][PASSED] - setText(findTestObject(orPath_PaymentEntry + "/input__spc"), CVV): Text '123' is set on object 'Object Repository/RAD_Pages/PaymentEntry_Page/input__spc'

2021-11-08 12:43:37 - [MESSAGE][PASSED] - Text '123' is set on object 'Object Repository/RAD_Pages/PaymentEntry_Page/input__spc'

2021-11-08 12:43:37 - [TEST_STEP][PASSED] - selectOptionByLabel(findTestObject(orPath_PaymentEntry + "/select_MM"), "12", false): All options with label '12' are selected in object 'Object Repository/RAD_Pages/PaymentEntry_Page/select_MM' 

2021-11-08 12:43:37 - [MESSAGE][PASSED] - All options with label '12' are selected in object 'Object Repository/RAD_Pages/PaymentEntry_Page/select_MM' 

2021-11-08 12:43:37 - [TEST_STEP][PASSED] - selectOptionByLabel(findTestObject(orPath_PaymentEntry + "/select_YYYY"), "2023", false): All options with label '2023' are selected in object 'Object Repository/RAD_Pages/PaymentEntry_Page/select_YYYY' 

2021-11-08 12:43:38 - [MESSAGE][PASSED] - All options with label '2023' are selected in object 'Object Repository/RAD_Pages/PaymentEntry_Page/select_YYYY' 

2021-11-08 12:43:38 - [TEST_STEP][PASSED] - click(findTestObject(orPath_PaymentEntry + "/input_Field_ccSubmit")): Object: 'Object Repository/RAD_Pages/PaymentEntry_Page/input_Field_ccSubmit' is clicked on

2021-11-08 12:43:39 - [MESSAGE][PASSED] - Object: 'Object Repository/RAD_Pages/PaymentEntry_Page/input_Field_ccSubmit' is clicked on

2021-11-08 12:43:39 - [TEST_STEP][PASSED] - click(findTestObject(orPath_PaymentConfirmation + "/input_N_confirmNotifyAction")): Object: 'Object Repository/RAD_Pages/PaymentConfirmation_Page/input_N_confirmNotifyAction' is clicked on

2021-11-08 12:43:40 - [MESSAGE][PASSED] - Object: 'Object Repository/RAD_Pages/PaymentConfirmation_Page/input_N_confirmNotifyAction' is clicked on

2021-11-08 12:43:40 - [TEST_STEP][PASSED] - click(findTestObject(orPath_ServiceFeesAccept + "/input_convFeeNotifyAction")): Object: 'Object Repository/RAD_Pages/ServiceFeeAccept_Page/input_convFeeNotifyAction' is clicked on

2021-11-08 12:43:42 - [MESSAGE][PASSED] - Object: 'Object Repository/RAD_Pages/ServiceFeeAccept_Page/input_convFeeNotifyAction' is clicked on

2021-11-08 12:43:42 - [TEST_STEP][PASSED] - delay(10): Delayed 10 second(s)

2021-11-08 12:43:52 - [MESSAGE][PASSED] - Delayed 10 second(s)

2021-11-08 12:43:52 - [TEST_STEP][PASSED] - verifyTextPresent("Successful Payment Receipt", true): Text 'Successful Payment Receipt' is present on page  using regular expression

2021-11-08 12:43:52 - [MESSAGE][PASSED] - Text 'Successful Payment Receipt' is present on page  using regular expression

2021-11-08 12:43:52 - [TEST_STEP][PASSED] - if (verifyTextPresent("Successful Payment Receipt", true)): null

2021-11-08 12:43:52 - [MESSAGE][PASSED] - Text 'Successful Payment Receipt' is present on page  using regular expression

2021-11-08 12:43:52 - [TEST_STEP][PASSED] - println("Transaction was Successful"): null

2021-11-08 12:43:52 - [TEST_STEP][PASSED] - out.println("Pass Record Number: " + row): null

2021-11-08 12:43:52 - [TEST_STEP][PASSED] - resText = "Pass": null

2021-11-08 12:43:52 - [TEST_STEP][PASSED] - pages.WriteExcel.demoKey(resText, datText, resColumn, datCloumn, fileLoc, nameSheet, row): pages.WriteExcel.demoKey is PASSED

2021-11-08 12:43:52 - [MESSAGE][PASSED] - pages.WriteExcel.demoKey is PASSED

2021-11-08 12:43:52 - [TEST_STEP][PASSED] - ExecuteTC = findTestData(dataFile).getValue("Execute", row): null

2021-11-08 12:43:52 - [TEST_STEP][PASSED] - PaymentType = findTestData(dataFile).getValue("PaymentType", row): null

2021-11-08 12:43:52 - [TEST_STEP][PASSED] - FilingYear = findTestData(dataFile).getValue("FilingYear", row): null

2021-11-08 12:43:52 - [TEST_STEP][PASSED] - PeriodEnding = findTestData(dataFile).getValue("PeriodEnding", row): null

2021-11-08 12:43:53 - [TEST_STEP][PASSED] - FName = findTestData(dataFile).getValue("Fname", row): null

2021-11-08 12:43:53 - [TEST_STEP][PASSED] - LName = findTestData(dataFile).getValue("Lname", row): null

2021-11-08 12:43:53 - [TEST_STEP][PASSED] - SSN = findTestData(dataFile).getValue("SSN", row): null

2021-11-08 12:43:53 - [TEST_STEP][PASSED] - BusName = findTestData(dataFile).getValue("BusName", row): null

2021-11-08 12:43:53 - [TEST_STEP][PASSED] - AL1 = findTestData(dataFile).getValue("AL1", row): null

2021-11-08 12:43:53 - [TEST_STEP][PASSED] - City = findTestData(dataFile).getValue("City", row): null

2021-11-08 12:43:53 - [TEST_STEP][PASSED] - ZIP = findTestData(dataFile).getValue("ZIP", row): null

2021-11-08 12:43:53 - [TEST_STEP][PASSED] - FilingType = findTestData(dataFile).getValue("FilingType", row): null

2021-11-08 12:43:53 - [TEST_STEP][PASSED] - Withholding = findTestData(dataFile).getValue("Withholding", row): null

2021-11-08 12:43:53 - [TEST_STEP][PASSED] - Amount = findTestData(dataFile).getValue("Amount", row): null

2021-11-08 12:43:53 - [TEST_STEP][PASSED] - CCNumber = findTestData(dataFile).getValue("CCNumber", row): null

2021-11-08 12:43:53 - [TEST_STEP][PASSED] - CVV = findTestData(dataFile).getValue("CVV", row): null

2021-11-08 12:43:53 - [TEST_STEP][PASSED] - out.println("Value of Execute is : " + ExecuteTC): null

2021-11-08 12:43:53 - [TEST_STEP][PASSED] - if (ExecuteTC.equalsIgnoreCase("Y")): null

2021-11-08 12:43:53 - [TEST_STEP][PASSED] - out.println("Begin Record Number: " + row): null

2021-11-08 12:43:53 - [TEST_STEP][PASSED] - today = new java.util.Date(): null

2021-11-08 12:43:53 - [TEST_STEP][PASSED] - println(today): null

2021-11-08 12:43:53 - [TEST_STEP][PASSED] - datText = today: null

2021-11-08 12:43:53 - [TEST_STEP][PASSED] - Taxtype = findTestData(dataFile).getValue("TaxType", row): null

2021-11-08 12:43:53 - [TEST_STEP][PASSED] - out.println("Taxtype value is : " + Taxtype): null

2021-11-08 12:43:53 - [TEST_STEP][PASSED] - openBrowser(""): Browser is opened with url: ''

2021-11-08 12:43:53 - [MESSAGE][WARNING] - A browser is already opened. Closing browser and opening a new one

2021-11-08 12:43:54 - [MESSAGE][INFO] - Starting 'Chrome' driver

2021-11-08 12:43:54 - [MESSAGE][INFO] - User set preference: ['acceptInsecureCerts', 'true']

2021-11-08 12:43:54 - [MESSAGE][INFO] - Action delay is set to 0 milliseconds

2021-11-08 12:43:55 - [MESSAGE][PASSED] - Browser is opened with url: ''

2021-11-08 12:43:55 - [TEST_STEP][PASSED] - maximizeWindow(): Current window maximized

2021-11-08 12:43:55 - [MESSAGE][PASSED] - Current window maximized

2021-11-08 12:43:55 - [TEST_STEP][PASSED] - navigateToUrl(RADurl): Navigate to 'https://qa.velocitypayment.com/client/rad/index.html' successfully

2021-11-08 12:43:57 - [MESSAGE][PASSED] - Navigate to 'https://qa.velocitypayment.com/client/rad/index.html' successfully

2021-11-08 12:43:57 - [TEST_STEP][PASSED] - orPath_Landing = "Object Repository/RAD_Pages/Landing_Page": null

2021-11-08 12:43:57 - [TEST_STEP][PASSED] - orPath_TaxTypeFilingYear = "Object Repository/RAD_Pages/TaxTypeFilingYear_Page": null

2021-11-08 12:43:57 - [TEST_STEP][PASSED] - orPath_TaxPayer = "Object Repository/RAD_Pages/Taxpayer_Page": null

2021-11-08 12:43:57 - [TEST_STEP][PASSED] - orPath_AddressContact = "Object Repository/RAD_Pages/AddressAndContactInfo_Page": null

2021-11-08 12:43:57 - [TEST_STEP][PASSED] - orPath_FilingStatus = "Object Repository/RAD_Pages/FilingStatus_Page": null

2021-11-08 12:43:57 - [TEST_STEP][PASSED] - orPath_Amount = "Object Repository/RAD_Pages/PaymentAmount_Page": null

2021-11-08 12:43:57 - [TEST_STEP][PASSED] - orPath_TaxInfo = "Object Repository/RAD_Pages/TaxInfo_Page": null

2021-11-08 12:43:57 - [TEST_STEP][PASSED] - orPath_Withholding = "Object Repository/RAD_Pages/Withholding_Page": null

2021-11-08 12:43:57 - [TEST_STEP][PASSED] - orPath_Summary = "Object Repository/RAD_Pages/Summary_Page": null

2021-11-08 12:43:57 - [TEST_STEP][PASSED] - orPath_PaymentReady = "Object Repository/RAD_Pages/PaymentReady_Page": null

2021-11-08 12:43:57 - [TEST_STEP][PASSED] - orPath_PaymentEntry = "Object Repository/RAD_Pages/PaymentEntry_Page": null

2021-11-08 12:43:57 - [TEST_STEP][PASSED] - orPath_PaymentConfirmation = "Object Repository/RAD_Pages/PaymentConfirmation_Page": null

2021-11-08 12:43:57 - [TEST_STEP][PASSED] - orPath_ServiceFeesAccept = "Object Repository/RAD_Pages/ServiceFeeAccept_Page": null

2021-11-08 12:43:57 - [TEST_STEP][PASSED] - selectOptionByLabel(findTestObject(orPath_Landing + "/dd_TaxType"), Taxtype, false): All options with label 'Withholding Tax' are selected in object 'Object Repository/RAD_Pages/Landing_Page/dd_TaxType' 

2021-11-08 12:43:58 - [MESSAGE][PASSED] - All options with label 'Withholding Tax' are selected in object 'Object Repository/RAD_Pages/Landing_Page/dd_TaxType' 

2021-11-08 12:43:58 - [TEST_STEP][PASSED] - delay(3): Delayed 3 second(s)

2021-11-08 12:44:01 - [MESSAGE][PASSED] - Delayed 3 second(s)

2021-11-08 12:44:01 - [TEST_STEP][PASSED] - switch (Taxtype): null

2021-11-08 12:44:01 - [TEST_STEP][PASSED] - case "Withholding Tax":: null

2021-11-08 12:44:01 - [TEST_STEP][PASSED] - selectOptionByLabel(findTestObject(orPath_TaxTypeFilingYear + "/select_FilingYear"), FilingYear, false): All options with label '2020' are selected in object 'Object Repository/RAD_Pages/TaxTypeFilingYear_Page/select_FilingYear' 

2021-11-08 12:44:02 - [MESSAGE][PASSED] - All options with label '2020' are selected in object 'Object Repository/RAD_Pages/TaxTypeFilingYear_Page/select_FilingYear' 

2021-11-08 12:44:02 - [TEST_STEP][PASSED] - setText(findTestObject(orPath_TaxPayer + "/input_businessName"), BusName): Text 'O'Briens Garage' is set on object 'Object Repository/RAD_Pages/Taxpayer_Page/input_businessName'

2021-11-08 12:44:02 - [MESSAGE][PASSED] - Text 'O'Briens Garage' is set on object 'Object Repository/RAD_Pages/Taxpayer_Page/input_businessName'

2021-11-08 12:44:02 - [TEST_STEP][PASSED] - setEncryptedText(findTestObject(orPath_TaxInfo + "/input_FederalEIN"), "xLVb905G4/sGR8qgNWNzNQ=="): Text ****** has been set on object 'Object Repository/RAD_Pages/TaxInfo_Page/input_FederalEIN'

2021-11-08 12:44:03 - [MESSAGE][PASSED] - Text ****** has been set on object 'Object Repository/RAD_Pages/TaxInfo_Page/input_FederalEIN'

2021-11-08 12:44:03 - [TEST_STEP][PASSED] - setEncryptedText(findTestObject(orPath_TaxInfo + "/input_FederalEIN_ReEnter"), "xLVb905G4/sGR8qgNWNzNQ=="): Text ****** has been set on object 'Object Repository/RAD_Pages/TaxInfo_Page/input_FederalEIN_ReEnter'

2021-11-08 12:44:03 - [MESSAGE][PASSED] - Text ****** has been set on object 'Object Repository/RAD_Pages/TaxInfo_Page/input_FederalEIN_ReEnter'

2021-11-08 12:44:03 - [TEST_STEP][PASSED] - setText(findTestObject(orPath_TaxInfo + "/input_MDCRegistration"), "07640126"): Text '07640126' is set on object 'Object Repository/RAD_Pages/TaxInfo_Page/input_MDCRegistration'

2021-11-08 12:44:04 - [MESSAGE][PASSED] - Text '07640126' is set on object 'Object Repository/RAD_Pages/TaxInfo_Page/input_MDCRegistration'

2021-11-08 12:44:04 - [TEST_STEP][PASSED] - if (Withholding.equalsIgnoreCase("Y")): Text '10.50' is set on object 'Object Repository/RAD_Pages/Withholding_Page/input__WithholdingTaxReported'

2021-11-08 12:44:04 - [TEST_STEP][PASSED] - scrollToElement(findTestObject(orPath_Landing + "/button_Continue"), 3): Scroll to object 'Object Repository/RAD_Pages/Landing_Page/button_Continue' successfully

2021-11-08 12:44:04 - [MESSAGE][PASSED] - Scroll to object 'Object Repository/RAD_Pages/Landing_Page/button_Continue' successfully

2021-11-08 12:44:04 - [TEST_STEP][PASSED] - check(findTestObject(orPath_Withholding + "/input_acceleratedBasis_Yes")): Object 'Object Repository/RAD_Pages/Withholding_Page/input_acceleratedBasis_Yes' is checked

2021-11-08 12:44:05 - [MESSAGE][PASSED] - Object 'Object Repository/RAD_Pages/Withholding_Page/input_acceleratedBasis_Yes' is checked

2021-11-08 12:44:05 - [TEST_STEP][PASSED] - delay(3): Delayed 3 second(s)

2021-11-08 12:44:08 - [MESSAGE][PASSED] - Delayed 3 second(s)

2021-11-08 12:44:08 - [TEST_STEP][PASSED] - nowDate = Date().format("MM/dd/yyyy"): null

2021-11-08 12:44:08 - [TEST_STEP][PASSED] - executeJavaScript("document.getElementById('payDate').removeAttribute('readonly')", null): Execute JavaScript 'document.getElementById('payDate').removeAttribute('readonly')' successfully

2021-11-08 12:44:08 - [MESSAGE][PASSED] - Execute JavaScript 'document.getElementById('payDate').removeAttribute('readonly')' successfully

2021-11-08 12:44:08 - [TEST_STEP][PASSED] - setText(findTestObject(orPath_Withholding + "/input_PayDate"), nowDate): Text '11/08/2021' is set on object 'Object Repository/RAD_Pages/Withholding_Page/input_PayDate'

2021-11-08 12:44:09 - [MESSAGE][PASSED] - Text '11/08/2021' is set on object 'Object Repository/RAD_Pages/Withholding_Page/input_PayDate'

2021-11-08 12:44:09 - [TEST_STEP][PASSED] - setText(findTestObject(orPath_Withholding + "/input__WithholdingTaxReported"), "10.50"): Text '10.50' is set on object 'Object Repository/RAD_Pages/Withholding_Page/input__WithholdingTaxReported'

2021-11-08 12:44:10 - [MESSAGE][PASSED] - Text '10.50' is set on object 'Object Repository/RAD_Pages/Withholding_Page/input__WithholdingTaxReported'

2021-11-08 12:44:10 - [TEST_STEP][PASSED] - break: null

2021-11-08 12:44:10 - [TEST_STEP][PASSED] - setText(findTestObject(orPath_TaxPayer + "/input_firstName"), FName): Text 'O'Briens' is set on object 'Object Repository/RAD_Pages/Taxpayer_Page/input_firstName'

2021-11-08 12:44:10 - [MESSAGE][PASSED] - Text 'O'Briens' is set on object 'Object Repository/RAD_Pages/Taxpayer_Page/input_firstName'

2021-11-08 12:44:10 - [TEST_STEP][PASSED] - setText(findTestObject(orPath_TaxPayer + "/input_lastName"), LName): Text 'Cook' is set on object 'Object Repository/RAD_Pages/Taxpayer_Page/input_lastName'

2021-11-08 12:44:11 - [MESSAGE][PASSED] - Text 'Cook' is set on object 'Object Repository/RAD_Pages/Taxpayer_Page/input_lastName'

2021-11-08 12:44:11 - [TEST_STEP][PASSED] - selectOptionByLabel(findTestObject(orPath_AddressContact + "/select_Country"), "United States", false): All options with label 'United States' are selected in object 'Object Repository/RAD_Pages/AddressAndContactInfo_Page/select_Country' 

2021-11-08 12:44:12 - [MESSAGE][PASSED] - All options with label 'United States' are selected in object 'Object Repository/RAD_Pages/AddressAndContactInfo_Page/select_Country' 

2021-11-08 12:44:12 - [TEST_STEP][PASSED] - setText(findTestObject(orPath_AddressContact + "/input_streetAddress1"), AL1): Text '3652 Mandan road' is set on object 'Object Repository/RAD_Pages/AddressAndContactInfo_Page/input_streetAddress1'

2021-11-08 12:44:13 - [MESSAGE][PASSED] - Text '3652 Mandan road' is set on object 'Object Repository/RAD_Pages/AddressAndContactInfo_Page/input_streetAddress1'

2021-11-08 12:44:13 - [TEST_STEP][PASSED] - setText(findTestObject(orPath_AddressContact + "/input_streetAddress2"), ""): Text '' is set on object 'Object Repository/RAD_Pages/AddressAndContactInfo_Page/input_streetAddress2'

2021-11-08 12:44:13 - [MESSAGE][PASSED] - Text '' is set on object 'Object Repository/RAD_Pages/AddressAndContactInfo_Page/input_streetAddress2'

2021-11-08 12:44:13 - [TEST_STEP][PASSED] - setText(findTestObject(orPath_AddressContact + "/input_city"), City): Text 'Crofton' is set on object 'Object Repository/RAD_Pages/AddressAndContactInfo_Page/input_city'

2021-11-08 12:44:14 - [MESSAGE][PASSED] - Text 'Crofton' is set on object 'Object Repository/RAD_Pages/AddressAndContactInfo_Page/input_city'

2021-11-08 12:44:14 - [TEST_STEP][PASSED] - selectOptionByLabel(findTestObject(orPath_AddressContact + "/select_State"), "Maryland", false): All options with label 'Maryland' are selected in object 'Object Repository/RAD_Pages/AddressAndContactInfo_Page/select_State' 

2021-11-08 12:44:15 - [MESSAGE][PASSED] - All options with label 'Maryland' are selected in object 'Object Repository/RAD_Pages/AddressAndContactInfo_Page/select_State' 

2021-11-08 12:44:15 - [TEST_STEP][PASSED] - setText(findTestObject(orPath_AddressContact + "/input_zipCode"), ZIP): Text '21114' is set on object 'Object Repository/RAD_Pages/AddressAndContactInfo_Page/input_zipCode'

2021-11-08 12:44:15 - [MESSAGE][PASSED] - Text '21114' is set on object 'Object Repository/RAD_Pages/AddressAndContactInfo_Page/input_zipCode'

2021-11-08 12:44:15 - [TEST_STEP][PASSED] - setText(findTestObject(orPath_AddressContact + "/input_phoneNumber"), "(703) 894-5000"): Text '(703) 894-5000' is set on object 'Object Repository/RAD_Pages/AddressAndContactInfo_Page/input_phoneNumber'

2021-11-08 12:44:16 - [MESSAGE][PASSED] - Text '(703) 894-5000' is set on object 'Object Repository/RAD_Pages/AddressAndContactInfo_Page/input_phoneNumber'

2021-11-08 12:44:16 - [TEST_STEP][PASSED] - setText(findTestObject(orPath_AddressContact + "/input_eMailAddress"), "iahmed@govolution.com"): Text 'iahmed@govolution.com' is set on object 'Object Repository/RAD_Pages/AddressAndContactInfo_Page/input_eMailAddress'

2021-11-08 12:44:17 - [MESSAGE][PASSED] - Text 'iahmed@govolution.com' is set on object 'Object Repository/RAD_Pages/AddressAndContactInfo_Page/input_eMailAddress'

2021-11-08 12:44:17 - [TEST_STEP][PASSED] - setText(findTestObject(orPath_AddressContact + "/input_reEnterEMailAddress"), "iahmed@govolution.com"): Text 'iahmed@govolution.com' is set on object 'Object Repository/RAD_Pages/AddressAndContactInfo_Page/input_reEnterEMailAddress'

2021-11-08 12:44:18 - [MESSAGE][PASSED] - Text 'iahmed@govolution.com' is set on object 'Object Repository/RAD_Pages/AddressAndContactInfo_Page/input_reEnterEMailAddress'

2021-11-08 12:44:18 - [TEST_STEP][PASSED] - setText(findTestObject(orPath_Amount + "/input__paymentAmount"), Amount): Text '100.00' is set on object 'Object Repository/RAD_Pages/PaymentAmount_Page/input__paymentAmount'

2021-11-08 12:44:19 - [MESSAGE][PASSED] - Text '100.00' is set on object 'Object Repository/RAD_Pages/PaymentAmount_Page/input__paymentAmount'

2021-11-08 12:44:19 - [TEST_STEP][PASSED] - scrollToElement(findTestObject(orPath_Landing + "/button_Continue"), 3): Scroll to object 'Object Repository/RAD_Pages/Landing_Page/button_Continue' successfully

2021-11-08 12:44:19 - [MESSAGE][PASSED] - Scroll to object 'Object Repository/RAD_Pages/Landing_Page/button_Continue' successfully

2021-11-08 12:44:19 - [TEST_STEP][PASSED] - waitForElementClickable(findTestObject(orPath_Landing + "/button_Continue"), 5): Object 'Object Repository/RAD_Pages/Landing_Page/button_Continue' is clickable

2021-11-08 12:44:19 - [MESSAGE][PASSED] - Object 'Object Repository/RAD_Pages/Landing_Page/button_Continue' is clickable

2021-11-08 12:44:19 - [TEST_STEP][PASSED] - click(findTestObject(orPath_Landing + "/button_Continue")): Object: 'Object Repository/RAD_Pages/Landing_Page/button_Continue' is clicked on

2021-11-08 12:44:20 - [MESSAGE][PASSED] - Object: 'Object Repository/RAD_Pages/Landing_Page/button_Continue' is clicked on

2021-11-08 12:44:20 - [TEST_STEP][PASSED] - verifyTextPresent("Review the information below and make any necessary corrections by clicking the", true): Text 'Review the information below and make any necessary corrections by clicking the' is present on page  using regular expression

2021-11-08 12:44:20 - [MESSAGE][PASSED] - Text 'Review the information below and make any necessary corrections by clicking the' is present on page  using regular expression

2021-11-08 12:44:20 - [TEST_STEP][PASSED] - verifyTextPresent("When you are confident that all the information is correct", true): Text 'When you are confident that all the information is correct' is present on page  using regular expression

2021-11-08 12:44:21 - [MESSAGE][PASSED] - Text 'When you are confident that all the information is correct' is present on page  using regular expression

2021-11-08 12:44:21 - [TEST_STEP][PASSED] - delay(1): Delayed 1 second(s)

2021-11-08 12:44:22 - [MESSAGE][PASSED] - Delayed 1 second(s)

2021-11-08 12:44:22 - [TEST_STEP][PASSED] - click(findTestObject(orPath_Summary + "/button_Proceed to Payment")): Object: 'Object Repository/RAD_Pages/Summary_Page/button_Proceed to Payment' is clicked on

2021-11-08 12:44:24 - [MESSAGE][PASSED] - Object: 'Object Repository/RAD_Pages/Summary_Page/button_Proceed to Payment' is clicked on

2021-11-08 12:44:24 - [TEST_STEP][PASSED] - setText(findTestObject(orPath_PaymentEntry + "/input__cardNumber"), CCNumber): Text '4012000098765439' is set on object 'Object Repository/RAD_Pages/PaymentEntry_Page/input__cardNumber'

2021-11-08 12:44:24 - [MESSAGE][PASSED] - Text '4012000098765439' is set on object 'Object Repository/RAD_Pages/PaymentEntry_Page/input__cardNumber'

2021-11-08 12:44:24 - [TEST_STEP][PASSED] - setText(findTestObject(orPath_PaymentEntry + "/input__spc"), CVV): Text '123' is set on object 'Object Repository/RAD_Pages/PaymentEntry_Page/input__spc'

2021-11-08 12:44:25 - [MESSAGE][PASSED] - Text '123' is set on object 'Object Repository/RAD_Pages/PaymentEntry_Page/input__spc'

2021-11-08 12:44:25 - [TEST_STEP][PASSED] - selectOptionByLabel(findTestObject(orPath_PaymentEntry + "/select_MM"), "12", false): All options with label '12' are selected in object 'Object Repository/RAD_Pages/PaymentEntry_Page/select_MM' 

2021-11-08 12:44:26 - [MESSAGE][PASSED] - All options with label '12' are selected in object 'Object Repository/RAD_Pages/PaymentEntry_Page/select_MM' 

2021-11-08 12:44:26 - [TEST_STEP][PASSED] - selectOptionByLabel(findTestObject(orPath_PaymentEntry + "/select_YYYY"), "2023", false): All options with label '2023' are selected in object 'Object Repository/RAD_Pages/PaymentEntry_Page/select_YYYY' 

2021-11-08 12:44:26 - [MESSAGE][PASSED] - All options with label '2023' are selected in object 'Object Repository/RAD_Pages/PaymentEntry_Page/select_YYYY' 

2021-11-08 12:44:26 - [TEST_STEP][PASSED] - click(findTestObject(orPath_PaymentEntry + "/input_Field_ccSubmit")): Object: 'Object Repository/RAD_Pages/PaymentEntry_Page/input_Field_ccSubmit' is clicked on

2021-11-08 12:44:27 - [MESSAGE][PASSED] - Object: 'Object Repository/RAD_Pages/PaymentEntry_Page/input_Field_ccSubmit' is clicked on

2021-11-08 12:44:27 - [TEST_STEP][PASSED] - click(findTestObject(orPath_PaymentConfirmation + "/input_N_confirmNotifyAction")): Object: 'Object Repository/RAD_Pages/PaymentConfirmation_Page/input_N_confirmNotifyAction' is clicked on

2021-11-08 12:44:29 - [MESSAGE][PASSED] - Object: 'Object Repository/RAD_Pages/PaymentConfirmation_Page/input_N_confirmNotifyAction' is clicked on

2021-11-08 12:44:29 - [TEST_STEP][PASSED] - click(findTestObject(orPath_ServiceFeesAccept + "/input_convFeeNotifyAction")): Object: 'Object Repository/RAD_Pages/ServiceFeeAccept_Page/input_convFeeNotifyAction' is clicked on

2021-11-08 12:44:30 - [MESSAGE][PASSED] - Object: 'Object Repository/RAD_Pages/ServiceFeeAccept_Page/input_convFeeNotifyAction' is clicked on

2021-11-08 12:44:30 - [TEST_STEP][PASSED] - delay(10): Delayed 10 second(s)

2021-11-08 12:44:40 - [MESSAGE][PASSED] - Delayed 10 second(s)

2021-11-08 12:44:40 - [TEST_STEP][PASSED] - verifyTextPresent("Successful Payment Receipt", true): Text 'Successful Payment Receipt' is present on page  using regular expression

2021-11-08 12:44:41 - [MESSAGE][PASSED] - Text 'Successful Payment Receipt' is present on page  using regular expression

2021-11-08 12:44:41 - [TEST_STEP][PASSED] - if (verifyTextPresent("Successful Payment Receipt", true)): null

2021-11-08 12:44:41 - [MESSAGE][PASSED] - Text 'Successful Payment Receipt' is present on page  using regular expression

2021-11-08 12:44:41 - [TEST_STEP][PASSED] - println("Transaction was Successful"): null

2021-11-08 12:44:41 - [TEST_STEP][PASSED] - out.println("Pass Record Number: " + row): null

2021-11-08 12:44:41 - [TEST_STEP][PASSED] - resText = "Pass": null

2021-11-08 12:44:41 - [TEST_STEP][PASSED] - pages.WriteExcel.demoKey(resText, datText, resColumn, datCloumn, fileLoc, nameSheet, row): pages.WriteExcel.demoKey is PASSED

2021-11-08 12:44:41 - [MESSAGE][PASSED] - pages.WriteExcel.demoKey is PASSED

2021-11-08 12:44:41 - [TEST_STEP][PASSED] - ExecuteTC = findTestData(dataFile).getValue("Execute", row): null

2021-11-08 12:44:41 - [TEST_STEP][PASSED] - PaymentType = findTestData(dataFile).getValue("PaymentType", row): null

2021-11-08 12:44:41 - [TEST_STEP][PASSED] - FilingYear = findTestData(dataFile).getValue("FilingYear", row): null

2021-11-08 12:44:41 - [TEST_STEP][PASSED] - PeriodEnding = findTestData(dataFile).getValue("PeriodEnding", row): null

2021-11-08 12:44:41 - [TEST_STEP][PASSED] - FName = findTestData(dataFile).getValue("Fname", row): null

2021-11-08 12:44:41 - [TEST_STEP][PASSED] - LName = findTestData(dataFile).getValue("Lname", row): null

2021-11-08 12:44:41 - [TEST_STEP][PASSED] - SSN = findTestData(dataFile).getValue("SSN", row): null

2021-11-08 12:44:41 - [TEST_STEP][PASSED] - BusName = findTestData(dataFile).getValue("BusName", row): null

2021-11-08 12:44:41 - [TEST_STEP][PASSED] - AL1 = findTestData(dataFile).getValue("AL1", row): null

2021-11-08 12:44:41 - [TEST_STEP][PASSED] - City = findTestData(dataFile).getValue("City", row): null

2021-11-08 12:44:41 - [TEST_STEP][PASSED] - ZIP = findTestData(dataFile).getValue("ZIP", row): null

2021-11-08 12:44:41 - [TEST_STEP][PASSED] - FilingType = findTestData(dataFile).getValue("FilingType", row): null

2021-11-08 12:44:41 - [TEST_STEP][PASSED] - Withholding = findTestData(dataFile).getValue("Withholding", row): null

2021-11-08 12:44:41 - [TEST_STEP][PASSED] - Amount = findTestData(dataFile).getValue("Amount", row): null

2021-11-08 12:44:41 - [TEST_STEP][PASSED] - CCNumber = findTestData(dataFile).getValue("CCNumber", row): null

2021-11-08 12:44:41 - [TEST_STEP][PASSED] - CVV = findTestData(dataFile).getValue("CVV", row): null

2021-11-08 12:44:42 - [TEST_STEP][PASSED] - out.println("Value of Execute is : " + ExecuteTC): null

2021-11-08 12:44:42 - [TEST_STEP][PASSED] - if (ExecuteTC.equalsIgnoreCase("Y")): null

2021-11-08 12:44:42 - [TEST_STEP][PASSED] - out.println("Begin Record Number: " + row): null

2021-11-08 12:44:42 - [TEST_STEP][PASSED] - today = new java.util.Date(): null

2021-11-08 12:44:42 - [TEST_STEP][PASSED] - println(today): null

2021-11-08 12:44:42 - [TEST_STEP][PASSED] - datText = today: null

2021-11-08 12:44:42 - [TEST_STEP][PASSED] - Taxtype = findTestData(dataFile).getValue("TaxType", row): null

2021-11-08 12:44:42 - [TEST_STEP][PASSED] - out.println("Taxtype value is : " + Taxtype): null

2021-11-08 12:44:42 - [TEST_STEP][PASSED] - openBrowser(""): Browser is opened with url: ''

2021-11-08 12:44:42 - [MESSAGE][WARNING] - A browser is already opened. Closing browser and opening a new one

2021-11-08 12:44:42 - [MESSAGE][INFO] - Starting 'Chrome' driver

2021-11-08 12:44:42 - [MESSAGE][INFO] - User set preference: ['acceptInsecureCerts', 'true']

2021-11-08 12:44:42 - [MESSAGE][INFO] - Action delay is set to 0 milliseconds

2021-11-08 12:44:44 - [MESSAGE][PASSED] - Browser is opened with url: ''

2021-11-08 12:44:44 - [TEST_STEP][PASSED] - maximizeWindow(): Current window maximized

2021-11-08 12:44:44 - [MESSAGE][PASSED] - Current window maximized

2021-11-08 12:44:44 - [TEST_STEP][PASSED] - navigateToUrl(RADurl): Navigate to 'https://qa.velocitypayment.com/client/rad/index.html' successfully

2021-11-08 12:44:46 - [MESSAGE][PASSED] - Navigate to 'https://qa.velocitypayment.com/client/rad/index.html' successfully

2021-11-08 12:44:46 - [TEST_STEP][PASSED] - orPath_Landing = "Object Repository/RAD_Pages/Landing_Page": null

2021-11-08 12:44:46 - [TEST_STEP][PASSED] - orPath_TaxTypeFilingYear = "Object Repository/RAD_Pages/TaxTypeFilingYear_Page": null

2021-11-08 12:44:46 - [TEST_STEP][PASSED] - orPath_TaxPayer = "Object Repository/RAD_Pages/Taxpayer_Page": null

2021-11-08 12:44:46 - [TEST_STEP][PASSED] - orPath_AddressContact = "Object Repository/RAD_Pages/AddressAndContactInfo_Page": null

2021-11-08 12:44:46 - [TEST_STEP][PASSED] - orPath_FilingStatus = "Object Repository/RAD_Pages/FilingStatus_Page": null

2021-11-08 12:44:46 - [TEST_STEP][PASSED] - orPath_Amount = "Object Repository/RAD_Pages/PaymentAmount_Page": null

2021-11-08 12:44:46 - [TEST_STEP][PASSED] - orPath_TaxInfo = "Object Repository/RAD_Pages/TaxInfo_Page": null

2021-11-08 12:44:46 - [TEST_STEP][PASSED] - orPath_Withholding = "Object Repository/RAD_Pages/Withholding_Page": null

2021-11-08 12:44:46 - [TEST_STEP][PASSED] - orPath_Summary = "Object Repository/RAD_Pages/Summary_Page": null

2021-11-08 12:44:46 - [TEST_STEP][PASSED] - orPath_PaymentReady = "Object Repository/RAD_Pages/PaymentReady_Page": null

2021-11-08 12:44:46 - [TEST_STEP][PASSED] - orPath_PaymentEntry = "Object Repository/RAD_Pages/PaymentEntry_Page": null

2021-11-08 12:44:46 - [TEST_STEP][PASSED] - orPath_PaymentConfirmation = "Object Repository/RAD_Pages/PaymentConfirmation_Page": null

2021-11-08 12:44:46 - [TEST_STEP][PASSED] - orPath_ServiceFeesAccept = "Object Repository/RAD_Pages/ServiceFeeAccept_Page": null

2021-11-08 12:44:46 - [TEST_STEP][PASSED] - selectOptionByLabel(findTestObject(orPath_Landing + "/dd_TaxType"), Taxtype, false): All options with label 'Withholding Tax' are selected in object 'Object Repository/RAD_Pages/Landing_Page/dd_TaxType' 

2021-11-08 12:44:47 - [MESSAGE][PASSED] - All options with label 'Withholding Tax' are selected in object 'Object Repository/RAD_Pages/Landing_Page/dd_TaxType' 

2021-11-08 12:44:47 - [TEST_STEP][PASSED] - delay(3): Delayed 3 second(s)

2021-11-08 12:44:50 - [MESSAGE][PASSED] - Delayed 3 second(s)

2021-11-08 12:44:50 - [TEST_STEP][PASSED] - switch (Taxtype): null

2021-11-08 12:44:50 - [TEST_STEP][PASSED] - case "Withholding Tax":: null

2021-11-08 12:44:50 - [TEST_STEP][PASSED] - selectOptionByLabel(findTestObject(orPath_TaxTypeFilingYear + "/select_FilingYear"), FilingYear, false): All options with label '2019' are selected in object 'Object Repository/RAD_Pages/TaxTypeFilingYear_Page/select_FilingYear' 

2021-11-08 12:44:50 - [MESSAGE][PASSED] - All options with label '2019' are selected in object 'Object Repository/RAD_Pages/TaxTypeFilingYear_Page/select_FilingYear' 

2021-11-08 12:44:50 - [TEST_STEP][PASSED] - setText(findTestObject(orPath_TaxPayer + "/input_businessName"), BusName): Text 'A1 Tree Trimming' is set on object 'Object Repository/RAD_Pages/Taxpayer_Page/input_businessName'

2021-11-08 12:44:51 - [MESSAGE][PASSED] - Text 'A1 Tree Trimming' is set on object 'Object Repository/RAD_Pages/Taxpayer_Page/input_businessName'

2021-11-08 12:44:51 - [TEST_STEP][PASSED] - setEncryptedText(findTestObject(orPath_TaxInfo + "/input_FederalEIN"), "xLVb905G4/sGR8qgNWNzNQ=="): Text ****** has been set on object 'Object Repository/RAD_Pages/TaxInfo_Page/input_FederalEIN'

2021-11-08 12:44:52 - [MESSAGE][PASSED] - Text ****** has been set on object 'Object Repository/RAD_Pages/TaxInfo_Page/input_FederalEIN'

2021-11-08 12:44:52 - [TEST_STEP][PASSED] - setEncryptedText(findTestObject(orPath_TaxInfo + "/input_FederalEIN_ReEnter"), "xLVb905G4/sGR8qgNWNzNQ=="): Text ****** has been set on object 'Object Repository/RAD_Pages/TaxInfo_Page/input_FederalEIN_ReEnter'

2021-11-08 12:44:52 - [MESSAGE][PASSED] - Text ****** has been set on object 'Object Repository/RAD_Pages/TaxInfo_Page/input_FederalEIN_ReEnter'

2021-11-08 12:44:52 - [TEST_STEP][PASSED] - setText(findTestObject(orPath_TaxInfo + "/input_MDCRegistration"), "07640126"): Text '07640126' is set on object 'Object Repository/RAD_Pages/TaxInfo_Page/input_MDCRegistration'

2021-11-08 12:44:53 - [MESSAGE][PASSED] - Text '07640126' is set on object 'Object Repository/RAD_Pages/TaxInfo_Page/input_MDCRegistration'

2021-11-08 12:44:53 - [TEST_STEP][PASSED] - if (Withholding.equalsIgnoreCase("Y")): Text '10.50' is set on object 'Object Repository/RAD_Pages/Withholding_Page/input__WithholdingTaxReported'

2021-11-08 12:44:53 - [TEST_STEP][PASSED] - scrollToElement(findTestObject(orPath_Landing + "/button_Continue"), 3): Scroll to object 'Object Repository/RAD_Pages/Landing_Page/button_Continue' successfully

2021-11-08 12:44:53 - [MESSAGE][PASSED] - Scroll to object 'Object Repository/RAD_Pages/Landing_Page/button_Continue' successfully

2021-11-08 12:44:53 - [TEST_STEP][PASSED] - check(findTestObject(orPath_Withholding + "/input_acceleratedBasis_Yes")): Object 'Object Repository/RAD_Pages/Withholding_Page/input_acceleratedBasis_Yes' is checked

2021-11-08 12:44:54 - [MESSAGE][PASSED] - Object 'Object Repository/RAD_Pages/Withholding_Page/input_acceleratedBasis_Yes' is checked

2021-11-08 12:44:54 - [TEST_STEP][PASSED] - delay(3): Delayed 3 second(s)

2021-11-08 12:44:57 - [MESSAGE][PASSED] - Delayed 3 second(s)

2021-11-08 12:44:57 - [TEST_STEP][PASSED] - nowDate = Date().format("MM/dd/yyyy"): null

2021-11-08 12:44:57 - [TEST_STEP][PASSED] - executeJavaScript("document.getElementById('payDate').removeAttribute('readonly')", null): Execute JavaScript 'document.getElementById('payDate').removeAttribute('readonly')' successfully

2021-11-08 12:44:57 - [MESSAGE][PASSED] - Execute JavaScript 'document.getElementById('payDate').removeAttribute('readonly')' successfully

2021-11-08 12:44:57 - [TEST_STEP][PASSED] - setText(findTestObject(orPath_Withholding + "/input_PayDate"), nowDate): Text '11/08/2021' is set on object 'Object Repository/RAD_Pages/Withholding_Page/input_PayDate'

2021-11-08 12:44:58 - [MESSAGE][PASSED] - Text '11/08/2021' is set on object 'Object Repository/RAD_Pages/Withholding_Page/input_PayDate'

2021-11-08 12:44:58 - [TEST_STEP][PASSED] - setText(findTestObject(orPath_Withholding + "/input__WithholdingTaxReported"), "10.50"): Text '10.50' is set on object 'Object Repository/RAD_Pages/Withholding_Page/input__WithholdingTaxReported'

2021-11-08 12:44:58 - [MESSAGE][PASSED] - Text '10.50' is set on object 'Object Repository/RAD_Pages/Withholding_Page/input__WithholdingTaxReported'

2021-11-08 12:44:58 - [TEST_STEP][PASSED] - break: null

2021-11-08 12:44:58 - [TEST_STEP][PASSED] - setText(findTestObject(orPath_TaxPayer + "/input_firstName"), FName): Text 'Larsons' is set on object 'Object Repository/RAD_Pages/Taxpayer_Page/input_firstName'

2021-11-08 12:44:59 - [MESSAGE][PASSED] - Text 'Larsons' is set on object 'Object Repository/RAD_Pages/Taxpayer_Page/input_firstName'

2021-11-08 12:44:59 - [TEST_STEP][PASSED] - setText(findTestObject(orPath_TaxPayer + "/input_lastName"), LName): Text 'Bell' is set on object 'Object Repository/RAD_Pages/Taxpayer_Page/input_lastName'

2021-11-08 12:45:00 - [MESSAGE][PASSED] - Text 'Bell' is set on object 'Object Repository/RAD_Pages/Taxpayer_Page/input_lastName'

2021-11-08 12:45:00 - [TEST_STEP][PASSED] - selectOptionByLabel(findTestObject(orPath_AddressContact + "/select_Country"), "United States", false): All options with label 'United States' are selected in object 'Object Repository/RAD_Pages/AddressAndContactInfo_Page/select_Country' 

2021-11-08 12:45:01 - [MESSAGE][PASSED] - All options with label 'United States' are selected in object 'Object Repository/RAD_Pages/AddressAndContactInfo_Page/select_Country' 

2021-11-08 12:45:01 - [TEST_STEP][PASSED] - setText(findTestObject(orPath_AddressContact + "/input_streetAddress1"), AL1): Text '114 Clark Ave' is set on object 'Object Repository/RAD_Pages/AddressAndContactInfo_Page/input_streetAddress1'

2021-11-08 12:45:01 - [MESSAGE][PASSED] - Text '114 Clark Ave' is set on object 'Object Repository/RAD_Pages/AddressAndContactInfo_Page/input_streetAddress1'

2021-11-08 12:45:01 - [TEST_STEP][PASSED] - setText(findTestObject(orPath_AddressContact + "/input_streetAddress2"), ""): Text '' is set on object 'Object Repository/RAD_Pages/AddressAndContactInfo_Page/input_streetAddress2'

2021-11-08 12:45:02 - [MESSAGE][PASSED] - Text '' is set on object 'Object Repository/RAD_Pages/AddressAndContactInfo_Page/input_streetAddress2'

2021-11-08 12:45:02 - [TEST_STEP][PASSED] - setText(findTestObject(orPath_AddressContact + "/input_city"), City): Text 'Severn' is set on object 'Object Repository/RAD_Pages/AddressAndContactInfo_Page/input_city'

2021-11-08 12:45:03 - [MESSAGE][PASSED] - Text 'Severn' is set on object 'Object Repository/RAD_Pages/AddressAndContactInfo_Page/input_city'

2021-11-08 12:45:03 - [TEST_STEP][PASSED] - selectOptionByLabel(findTestObject(orPath_AddressContact + "/select_State"), "Maryland", false): All options with label 'Maryland' are selected in object 'Object Repository/RAD_Pages/AddressAndContactInfo_Page/select_State' 

2021-11-08 12:45:03 - [MESSAGE][PASSED] - All options with label 'Maryland' are selected in object 'Object Repository/RAD_Pages/AddressAndContactInfo_Page/select_State' 

2021-11-08 12:45:03 - [TEST_STEP][PASSED] - setText(findTestObject(orPath_AddressContact + "/input_zipCode"), ZIP): Text '21144' is set on object 'Object Repository/RAD_Pages/AddressAndContactInfo_Page/input_zipCode'

2021-11-08 12:45:04 - [MESSAGE][PASSED] - Text '21144' is set on object 'Object Repository/RAD_Pages/AddressAndContactInfo_Page/input_zipCode'

2021-11-08 12:45:04 - [TEST_STEP][PASSED] - setText(findTestObject(orPath_AddressContact + "/input_phoneNumber"), "(703) 894-5000"): Text '(703) 894-5000' is set on object 'Object Repository/RAD_Pages/AddressAndContactInfo_Page/input_phoneNumber'

2021-11-08 12:45:05 - [MESSAGE][PASSED] - Text '(703) 894-5000' is set on object 'Object Repository/RAD_Pages/AddressAndContactInfo_Page/input_phoneNumber'

2021-11-08 12:45:05 - [TEST_STEP][PASSED] - setText(findTestObject(orPath_AddressContact + "/input_eMailAddress"), "iahmed@govolution.com"): Text 'iahmed@govolution.com' is set on object 'Object Repository/RAD_Pages/AddressAndContactInfo_Page/input_eMailAddress'

2021-11-08 12:45:06 - [MESSAGE][PASSED] - Text 'iahmed@govolution.com' is set on object 'Object Repository/RAD_Pages/AddressAndContactInfo_Page/input_eMailAddress'

2021-11-08 12:45:06 - [TEST_STEP][PASSED] - setText(findTestObject(orPath_AddressContact + "/input_reEnterEMailAddress"), "iahmed@govolution.com"): Text 'iahmed@govolution.com' is set on object 'Object Repository/RAD_Pages/AddressAndContactInfo_Page/input_reEnterEMailAddress'

2021-11-08 12:45:06 - [MESSAGE][PASSED] - Text 'iahmed@govolution.com' is set on object 'Object Repository/RAD_Pages/AddressAndContactInfo_Page/input_reEnterEMailAddress'

2021-11-08 12:45:06 - [TEST_STEP][PASSED] - setText(findTestObject(orPath_Amount + "/input__paymentAmount"), Amount): Text '100.00' is set on object 'Object Repository/RAD_Pages/PaymentAmount_Page/input__paymentAmount'

2021-11-08 12:45:07 - [MESSAGE][PASSED] - Text '100.00' is set on object 'Object Repository/RAD_Pages/PaymentAmount_Page/input__paymentAmount'

2021-11-08 12:45:07 - [TEST_STEP][PASSED] - scrollToElement(findTestObject(orPath_Landing + "/button_Continue"), 3): Scroll to object 'Object Repository/RAD_Pages/Landing_Page/button_Continue' successfully

2021-11-08 12:45:08 - [MESSAGE][PASSED] - Scroll to object 'Object Repository/RAD_Pages/Landing_Page/button_Continue' successfully

2021-11-08 12:45:08 - [TEST_STEP][PASSED] - waitForElementClickable(findTestObject(orPath_Landing + "/button_Continue"), 5): Object 'Object Repository/RAD_Pages/Landing_Page/button_Continue' is clickable

2021-11-08 12:45:08 - [MESSAGE][PASSED] - Object 'Object Repository/RAD_Pages/Landing_Page/button_Continue' is clickable

2021-11-08 12:45:08 - [TEST_STEP][PASSED] - click(findTestObject(orPath_Landing + "/button_Continue")): Object: 'Object Repository/RAD_Pages/Landing_Page/button_Continue' is clicked on

2021-11-08 12:45:08 - [MESSAGE][PASSED] - Object: 'Object Repository/RAD_Pages/Landing_Page/button_Continue' is clicked on

2021-11-08 12:45:08 - [TEST_STEP][PASSED] - verifyTextPresent("Review the information below and make any necessary corrections by clicking the", true): Text 'Review the information below and make any necessary corrections by clicking the' is present on page  using regular expression

2021-11-08 12:45:09 - [MESSAGE][PASSED] - Text 'Review the information below and make any necessary corrections by clicking the' is present on page  using regular expression

2021-11-08 12:45:09 - [TEST_STEP][PASSED] - verifyTextPresent("When you are confident that all the information is correct", true): Text 'When you are confident that all the information is correct' is present on page  using regular expression

2021-11-08 12:45:09 - [MESSAGE][PASSED] - Text 'When you are confident that all the information is correct' is present on page  using regular expression

2021-11-08 12:45:09 - [TEST_STEP][PASSED] - delay(1): Delayed 1 second(s)

2021-11-08 12:45:10 - [MESSAGE][PASSED] - Delayed 1 second(s)

2021-11-08 12:45:10 - [TEST_STEP][PASSED] - click(findTestObject(orPath_Summary + "/button_Proceed to Payment")): Object: 'Object Repository/RAD_Pages/Summary_Page/button_Proceed to Payment' is clicked on

2021-11-08 12:45:12 - [MESSAGE][PASSED] - Object: 'Object Repository/RAD_Pages/Summary_Page/button_Proceed to Payment' is clicked on

2021-11-08 12:45:12 - [TEST_STEP][PASSED] - setText(findTestObject(orPath_PaymentEntry + "/input__cardNumber"), CCNumber): Text '5146312200000035' is set on object 'Object Repository/RAD_Pages/PaymentEntry_Page/input__cardNumber'

2021-11-08 12:45:13 - [MESSAGE][PASSED] - Text '5146312200000035' is set on object 'Object Repository/RAD_Pages/PaymentEntry_Page/input__cardNumber'

2021-11-08 12:45:13 - [TEST_STEP][PASSED] - setText(findTestObject(orPath_PaymentEntry + "/input__spc"), CVV): Text '123' is set on object 'Object Repository/RAD_Pages/PaymentEntry_Page/input__spc'

2021-11-08 12:45:14 - [MESSAGE][PASSED] - Text '123' is set on object 'Object Repository/RAD_Pages/PaymentEntry_Page/input__spc'

2021-11-08 12:45:14 - [TEST_STEP][PASSED] - selectOptionByLabel(findTestObject(orPath_PaymentEntry + "/select_MM"), "12", false): All options with label '12' are selected in object 'Object Repository/RAD_Pages/PaymentEntry_Page/select_MM' 

2021-11-08 12:45:14 - [MESSAGE][PASSED] - All options with label '12' are selected in object 'Object Repository/RAD_Pages/PaymentEntry_Page/select_MM' 

2021-11-08 12:45:14 - [TEST_STEP][PASSED] - selectOptionByLabel(findTestObject(orPath_PaymentEntry + "/select_YYYY"), "2023", false): All options with label '2023' are selected in object 'Object Repository/RAD_Pages/PaymentEntry_Page/select_YYYY' 

2021-11-08 12:45:15 - [MESSAGE][PASSED] - All options with label '2023' are selected in object 'Object Repository/RAD_Pages/PaymentEntry_Page/select_YYYY' 

2021-11-08 12:45:15 - [TEST_STEP][PASSED] - click(findTestObject(orPath_PaymentEntry + "/input_Field_ccSubmit")): Object: 'Object Repository/RAD_Pages/PaymentEntry_Page/input_Field_ccSubmit' is clicked on

2021-11-08 12:45:16 - [MESSAGE][PASSED] - Object: 'Object Repository/RAD_Pages/PaymentEntry_Page/input_Field_ccSubmit' is clicked on

2021-11-08 12:45:16 - [TEST_STEP][PASSED] - click(findTestObject(orPath_PaymentConfirmation + "/input_N_confirmNotifyAction")): Object: 'Object Repository/RAD_Pages/PaymentConfirmation_Page/input_N_confirmNotifyAction' is clicked on

2021-11-08 12:45:18 - [MESSAGE][PASSED] - Object: 'Object Repository/RAD_Pages/PaymentConfirmation_Page/input_N_confirmNotifyAction' is clicked on

2021-11-08 12:45:18 - [TEST_STEP][PASSED] - click(findTestObject(orPath_ServiceFeesAccept + "/input_convFeeNotifyAction")): Object: 'Object Repository/RAD_Pages/ServiceFeeAccept_Page/input_convFeeNotifyAction' is clicked on

2021-11-08 12:45:19 - [MESSAGE][PASSED] - Object: 'Object Repository/RAD_Pages/ServiceFeeAccept_Page/input_convFeeNotifyAction' is clicked on

2021-11-08 12:45:19 - [TEST_STEP][PASSED] - delay(10): Delayed 10 second(s)

2021-11-08 12:45:29 - [MESSAGE][PASSED] - Delayed 10 second(s)

2021-11-08 12:45:29 - [TEST_STEP][PASSED] - verifyTextPresent("Successful Payment Receipt", true): Text 'Successful Payment Receipt' is present on page  using regular expression

2021-11-08 12:45:30 - [MESSAGE][PASSED] - Text 'Successful Payment Receipt' is present on page  using regular expression

2021-11-08 12:45:30 - [TEST_STEP][PASSED] - if (verifyTextPresent("Successful Payment Receipt", true)): null

2021-11-08 12:45:30 - [MESSAGE][PASSED] - Text 'Successful Payment Receipt' is present on page  using regular expression

2021-11-08 12:45:30 - [TEST_STEP][PASSED] - println("Transaction was Successful"): null

2021-11-08 12:45:30 - [TEST_STEP][PASSED] - out.println("Pass Record Number: " + row): null

2021-11-08 12:45:30 - [TEST_STEP][PASSED] - resText = "Pass": null

2021-11-08 12:45:30 - [TEST_STEP][PASSED] - pages.WriteExcel.demoKey(resText, datText, resColumn, datCloumn, fileLoc, nameSheet, row): pages.WriteExcel.demoKey is PASSED

2021-11-08 12:45:30 - [MESSAGE][PASSED] - pages.WriteExcel.demoKey is PASSED

2021-11-08 12:45:30 - [TEST_STEP][PASSED] - ExecuteTC = findTestData(dataFile).getValue("Execute", row): null

2021-11-08 12:45:30 - [TEST_STEP][PASSED] - PaymentType = findTestData(dataFile).getValue("PaymentType", row): null

2021-11-08 12:45:30 - [TEST_STEP][PASSED] - FilingYear = findTestData(dataFile).getValue("FilingYear", row): null

2021-11-08 12:45:30 - [TEST_STEP][PASSED] - PeriodEnding = findTestData(dataFile).getValue("PeriodEnding", row): null

2021-11-08 12:45:30 - [TEST_STEP][PASSED] - FName = findTestData(dataFile).getValue("Fname", row): null

2021-11-08 12:45:30 - [TEST_STEP][PASSED] - LName = findTestData(dataFile).getValue("Lname", row): null

2021-11-08 12:45:30 - [TEST_STEP][PASSED] - SSN = findTestData(dataFile).getValue("SSN", row): null

2021-11-08 12:45:30 - [TEST_STEP][PASSED] - BusName = findTestData(dataFile).getValue("BusName", row): null

2021-11-08 12:45:30 - [TEST_STEP][PASSED] - AL1 = findTestData(dataFile).getValue("AL1", row): null

2021-11-08 12:45:30 - [TEST_STEP][PASSED] - City = findTestData(dataFile).getValue("City", row): null

2021-11-08 12:45:30 - [TEST_STEP][PASSED] - ZIP = findTestData(dataFile).getValue("ZIP", row): null

2021-11-08 12:45:30 - [TEST_STEP][PASSED] - FilingType = findTestData(dataFile).getValue("FilingType", row): null

2021-11-08 12:45:30 - [TEST_STEP][PASSED] - Withholding = findTestData(dataFile).getValue("Withholding", row): null

2021-11-08 12:45:30 - [TEST_STEP][PASSED] - Amount = findTestData(dataFile).getValue("Amount", row): null

2021-11-08 12:45:30 - [TEST_STEP][PASSED] - CCNumber = findTestData(dataFile).getValue("CCNumber", row): null

2021-11-08 12:45:30 - [TEST_STEP][PASSED] - CVV = findTestData(dataFile).getValue("CVV", row): null

2021-11-08 12:45:30 - [TEST_STEP][PASSED] - out.println("Value of Execute is : " + ExecuteTC): null

2021-11-08 12:45:30 - [TEST_STEP][PASSED] - if (ExecuteTC.equalsIgnoreCase("Y")): null

2021-11-08 12:45:30 - [TEST_STEP][PASSED] - out.println("Begin Record Number: " + row): null

2021-11-08 12:45:30 - [TEST_STEP][PASSED] - today = new java.util.Date(): null

2021-11-08 12:45:30 - [TEST_STEP][PASSED] - println(today): null

2021-11-08 12:45:30 - [TEST_STEP][PASSED] - datText = today: null

2021-11-08 12:45:30 - [TEST_STEP][PASSED] - Taxtype = findTestData(dataFile).getValue("TaxType", row): null

2021-11-08 12:45:30 - [TEST_STEP][PASSED] - out.println("Taxtype value is : " + Taxtype): null

2021-11-08 12:45:30 - [TEST_STEP][PASSED] - openBrowser(""): Browser is opened with url: ''

2021-11-08 12:45:30 - [MESSAGE][WARNING] - A browser is already opened. Closing browser and opening a new one

2021-11-08 12:45:31 - [MESSAGE][INFO] - Starting 'Chrome' driver

2021-11-08 12:45:31 - [MESSAGE][INFO] - User set preference: ['acceptInsecureCerts', 'true']

2021-11-08 12:45:31 - [MESSAGE][INFO] - Action delay is set to 0 milliseconds

2021-11-08 12:45:33 - [MESSAGE][PASSED] - Browser is opened with url: ''

2021-11-08 12:45:33 - [TEST_STEP][PASSED] - maximizeWindow(): Current window maximized

2021-11-08 12:45:33 - [MESSAGE][PASSED] - Current window maximized

2021-11-08 12:45:33 - [TEST_STEP][PASSED] - navigateToUrl(RADurl): Navigate to 'https://qa.velocitypayment.com/client/rad/index.html' successfully

2021-11-08 12:45:35 - [MESSAGE][PASSED] - Navigate to 'https://qa.velocitypayment.com/client/rad/index.html' successfully

2021-11-08 12:45:35 - [TEST_STEP][PASSED] - orPath_Landing = "Object Repository/RAD_Pages/Landing_Page": null

2021-11-08 12:45:35 - [TEST_STEP][PASSED] - orPath_TaxTypeFilingYear = "Object Repository/RAD_Pages/TaxTypeFilingYear_Page": null

2021-11-08 12:45:35 - [TEST_STEP][PASSED] - orPath_TaxPayer = "Object Repository/RAD_Pages/Taxpayer_Page": null

2021-11-08 12:45:35 - [TEST_STEP][PASSED] - orPath_AddressContact = "Object Repository/RAD_Pages/AddressAndContactInfo_Page": null

2021-11-08 12:45:35 - [TEST_STEP][PASSED] - orPath_FilingStatus = "Object Repository/RAD_Pages/FilingStatus_Page": null

2021-11-08 12:45:35 - [TEST_STEP][PASSED] - orPath_Amount = "Object Repository/RAD_Pages/PaymentAmount_Page": null

2021-11-08 12:45:35 - [TEST_STEP][PASSED] - orPath_TaxInfo = "Object Repository/RAD_Pages/TaxInfo_Page": null

2021-11-08 12:45:35 - [TEST_STEP][PASSED] - orPath_Withholding = "Object Repository/RAD_Pages/Withholding_Page": null

2021-11-08 12:45:35 - [TEST_STEP][PASSED] - orPath_Summary = "Object Repository/RAD_Pages/Summary_Page": null

2021-11-08 12:45:35 - [TEST_STEP][PASSED] - orPath_PaymentReady = "Object Repository/RAD_Pages/PaymentReady_Page": null

2021-11-08 12:45:35 - [TEST_STEP][PASSED] - orPath_PaymentEntry = "Object Repository/RAD_Pages/PaymentEntry_Page": null

2021-11-08 12:45:35 - [TEST_STEP][PASSED] - orPath_PaymentConfirmation = "Object Repository/RAD_Pages/PaymentConfirmation_Page": null

2021-11-08 12:45:35 - [TEST_STEP][PASSED] - orPath_ServiceFeesAccept = "Object Repository/RAD_Pages/ServiceFeeAccept_Page": null

2021-11-08 12:45:35 - [TEST_STEP][PASSED] - selectOptionByLabel(findTestObject(orPath_Landing + "/dd_TaxType"), Taxtype, false): All options with label 'Withholding Tax' are selected in object 'Object Repository/RAD_Pages/Landing_Page/dd_TaxType' 

2021-11-08 12:45:36 - [MESSAGE][PASSED] - All options with label 'Withholding Tax' are selected in object 'Object Repository/RAD_Pages/Landing_Page/dd_TaxType' 

2021-11-08 12:45:36 - [TEST_STEP][PASSED] - delay(3): Delayed 3 second(s)

2021-11-08 12:45:39 - [MESSAGE][PASSED] - Delayed 3 second(s)

2021-11-08 12:45:39 - [TEST_STEP][PASSED] - switch (Taxtype): null

2021-11-08 12:45:39 - [TEST_STEP][PASSED] - case "Withholding Tax":: null

2021-11-08 12:45:39 - [TEST_STEP][PASSED] - selectOptionByLabel(findTestObject(orPath_TaxTypeFilingYear + "/select_FilingYear"), FilingYear, false): All options with label '2021' are selected in object 'Object Repository/RAD_Pages/TaxTypeFilingYear_Page/select_FilingYear' 

2021-11-08 12:45:39 - [MESSAGE][PASSED] - All options with label '2021' are selected in object 'Object Repository/RAD_Pages/TaxTypeFilingYear_Page/select_FilingYear' 

2021-11-08 12:45:39 - [TEST_STEP][PASSED] - setText(findTestObject(orPath_TaxPayer + "/input_businessName"), BusName): Text 'Lux & Sons Corporation' is set on object 'Object Repository/RAD_Pages/Taxpayer_Page/input_businessName'

2021-11-08 12:45:40 - [MESSAGE][PASSED] - Text 'Lux & Sons Corporation' is set on object 'Object Repository/RAD_Pages/Taxpayer_Page/input_businessName'

2021-11-08 12:45:40 - [TEST_STEP][PASSED] - setEncryptedText(findTestObject(orPath_TaxInfo + "/input_FederalEIN"), "xLVb905G4/sGR8qgNWNzNQ=="): Text ****** has been set on object 'Object Repository/RAD_Pages/TaxInfo_Page/input_FederalEIN'

2021-11-08 12:45:41 - [MESSAGE][PASSED] - Text ****** has been set on object 'Object Repository/RAD_Pages/TaxInfo_Page/input_FederalEIN'

2021-11-08 12:45:41 - [TEST_STEP][PASSED] - setEncryptedText(findTestObject(orPath_TaxInfo + "/input_FederalEIN_ReEnter"), "xLVb905G4/sGR8qgNWNzNQ=="): Text ****** has been set on object 'Object Repository/RAD_Pages/TaxInfo_Page/input_FederalEIN_ReEnter'

2021-11-08 12:45:41 - [MESSAGE][PASSED] - Text ****** has been set on object 'Object Repository/RAD_Pages/TaxInfo_Page/input_FederalEIN_ReEnter'

2021-11-08 12:45:41 - [TEST_STEP][PASSED] - setText(findTestObject(orPath_TaxInfo + "/input_MDCRegistration"), "07640126"): Text '07640126' is set on object 'Object Repository/RAD_Pages/TaxInfo_Page/input_MDCRegistration'

2021-11-08 12:45:42 - [MESSAGE][PASSED] - Text '07640126' is set on object 'Object Repository/RAD_Pages/TaxInfo_Page/input_MDCRegistration'

2021-11-08 12:45:42 - [TEST_STEP][PASSED] - if (Withholding.equalsIgnoreCase("Y")): null

2021-11-08 12:45:42 - [TEST_STEP][PASSED] - else: Text '10.50' is set on object 'Object Repository/RAD_Pages/Withholding_Page/input__WithholdingTaxReported'

2021-11-08 12:45:42 - [TEST_STEP][PASSED] - check(findTestObject(orPath_Withholding + "/input_acceleratedBasis_No")): Object 'Object Repository/RAD_Pages/Withholding_Page/input_acceleratedBasis_No' is checked

2021-11-08 12:45:42 - [MESSAGE][PASSED] - Object 'Object Repository/RAD_Pages/Withholding_Page/input_acceleratedBasis_No' is checked

2021-11-08 12:45:42 - [TEST_STEP][PASSED] - delay(3): Delayed 3 second(s)

2021-11-08 12:45:45 - [MESSAGE][PASSED] - Delayed 3 second(s)

2021-11-08 12:45:45 - [TEST_STEP][PASSED] - selectOptionByLabel(findTestObject(orPath_Withholding + "/select_Month"), "January", false): All options with label 'January' are selected in object 'Object Repository/RAD_Pages/Withholding_Page/select_Month' 

2021-11-08 12:45:46 - [MESSAGE][PASSED] - All options with label 'January' are selected in object 'Object Repository/RAD_Pages/Withholding_Page/select_Month' 

2021-11-08 12:45:46 - [TEST_STEP][PASSED] - setText(findTestObject(orPath_Withholding + "/input__WithholdingTaxReported"), "10.50"): Text '10.50' is set on object 'Object Repository/RAD_Pages/Withholding_Page/input__WithholdingTaxReported'

2021-11-08 12:45:46 - [MESSAGE][PASSED] - Text '10.50' is set on object 'Object Repository/RAD_Pages/Withholding_Page/input__WithholdingTaxReported'

2021-11-08 12:45:46 - [TEST_STEP][PASSED] - break: null

2021-11-08 12:45:46 - [TEST_STEP][PASSED] - setText(findTestObject(orPath_TaxPayer + "/input_firstName"), FName): Text 'Jimmie' is set on object 'Object Repository/RAD_Pages/Taxpayer_Page/input_firstName'

2021-11-08 12:45:47 - [MESSAGE][PASSED] - Text 'Jimmie' is set on object 'Object Repository/RAD_Pages/Taxpayer_Page/input_firstName'

2021-11-08 12:45:47 - [TEST_STEP][PASSED] - setText(findTestObject(orPath_TaxPayer + "/input_lastName"), LName): Text 'Anderson' is set on object 'Object Repository/RAD_Pages/Taxpayer_Page/input_lastName'

2021-11-08 12:45:48 - [MESSAGE][PASSED] - Text 'Anderson' is set on object 'Object Repository/RAD_Pages/Taxpayer_Page/input_lastName'

2021-11-08 12:45:48 - [TEST_STEP][PASSED] - selectOptionByLabel(findTestObject(orPath_AddressContact + "/select_Country"), "United States", false): All options with label 'United States' are selected in object 'Object Repository/RAD_Pages/AddressAndContactInfo_Page/select_Country' 

2021-11-08 12:45:49 - [MESSAGE][PASSED] - All options with label 'United States' are selected in object 'Object Repository/RAD_Pages/AddressAndContactInfo_Page/select_Country' 

2021-11-08 12:45:49 - [TEST_STEP][PASSED] - setText(findTestObject(orPath_AddressContact + "/input_streetAddress1"), AL1): Text '15 Main Street' is set on object 'Object Repository/RAD_Pages/AddressAndContactInfo_Page/input_streetAddress1'

2021-11-08 12:45:49 - [MESSAGE][PASSED] - Text '15 Main Street' is set on object 'Object Repository/RAD_Pages/AddressAndContactInfo_Page/input_streetAddress1'

2021-11-08 12:45:49 - [TEST_STEP][PASSED] - setText(findTestObject(orPath_AddressContact + "/input_streetAddress2"), ""): Text '' is set on object 'Object Repository/RAD_Pages/AddressAndContactInfo_Page/input_streetAddress2'

2021-11-08 12:45:50 - [MESSAGE][PASSED] - Text '' is set on object 'Object Repository/RAD_Pages/AddressAndContactInfo_Page/input_streetAddress2'

2021-11-08 12:45:50 - [TEST_STEP][PASSED] - setText(findTestObject(orPath_AddressContact + "/input_city"), City): Text 'Gambrills' is set on object 'Object Repository/RAD_Pages/AddressAndContactInfo_Page/input_city'

2021-11-08 12:45:51 - [MESSAGE][PASSED] - Text 'Gambrills' is set on object 'Object Repository/RAD_Pages/AddressAndContactInfo_Page/input_city'

2021-11-08 12:45:51 - [TEST_STEP][PASSED] - selectOptionByLabel(findTestObject(orPath_AddressContact + "/select_State"), "Maryland", false): All options with label 'Maryland' are selected in object 'Object Repository/RAD_Pages/AddressAndContactInfo_Page/select_State' 

2021-11-08 12:45:51 - [MESSAGE][PASSED] - All options with label 'Maryland' are selected in object 'Object Repository/RAD_Pages/AddressAndContactInfo_Page/select_State' 

2021-11-08 12:45:51 - [TEST_STEP][PASSED] - setText(findTestObject(orPath_AddressContact + "/input_zipCode"), ZIP): Text '21054' is set on object 'Object Repository/RAD_Pages/AddressAndContactInfo_Page/input_zipCode'

2021-11-08 12:45:52 - [MESSAGE][PASSED] - Text '21054' is set on object 'Object Repository/RAD_Pages/AddressAndContactInfo_Page/input_zipCode'

2021-11-08 12:45:52 - [TEST_STEP][PASSED] - setText(findTestObject(orPath_AddressContact + "/input_phoneNumber"), "(703) 894-5000"): Text '(703) 894-5000' is set on object 'Object Repository/RAD_Pages/AddressAndContactInfo_Page/input_phoneNumber'

2021-11-08 12:45:53 - [MESSAGE][PASSED] - Text '(703) 894-5000' is set on object 'Object Repository/RAD_Pages/AddressAndContactInfo_Page/input_phoneNumber'

2021-11-08 12:45:53 - [TEST_STEP][PASSED] - setText(findTestObject(orPath_AddressContact + "/input_eMailAddress"), "iahmed@govolution.com"): Text 'iahmed@govolution.com' is set on object 'Object Repository/RAD_Pages/AddressAndContactInfo_Page/input_eMailAddress'

2021-11-08 12:45:54 - [MESSAGE][PASSED] - Text 'iahmed@govolution.com' is set on object 'Object Repository/RAD_Pages/AddressAndContactInfo_Page/input_eMailAddress'

2021-11-08 12:45:54 - [TEST_STEP][PASSED] - setText(findTestObject(orPath_AddressContact + "/input_reEnterEMailAddress"), "iahmed@govolution.com"): Text 'iahmed@govolution.com' is set on object 'Object Repository/RAD_Pages/AddressAndContactInfo_Page/input_reEnterEMailAddress'

2021-11-08 12:45:55 - [MESSAGE][PASSED] - Text 'iahmed@govolution.com' is set on object 'Object Repository/RAD_Pages/AddressAndContactInfo_Page/input_reEnterEMailAddress'

2021-11-08 12:45:55 - [TEST_STEP][PASSED] - setText(findTestObject(orPath_Amount + "/input__paymentAmount"), Amount): Text '100.00' is set on object 'Object Repository/RAD_Pages/PaymentAmount_Page/input__paymentAmount'

2021-11-08 12:45:55 - [MESSAGE][PASSED] - Text '100.00' is set on object 'Object Repository/RAD_Pages/PaymentAmount_Page/input__paymentAmount'

2021-11-08 12:45:55 - [TEST_STEP][PASSED] - scrollToElement(findTestObject(orPath_Landing + "/button_Continue"), 3): Scroll to object 'Object Repository/RAD_Pages/Landing_Page/button_Continue' successfully

2021-11-08 12:45:56 - [MESSAGE][PASSED] - Scroll to object 'Object Repository/RAD_Pages/Landing_Page/button_Continue' successfully

2021-11-08 12:45:56 - [TEST_STEP][PASSED] - waitForElementClickable(findTestObject(orPath_Landing + "/button_Continue"), 5): Object 'Object Repository/RAD_Pages/Landing_Page/button_Continue' is clickable

2021-11-08 12:45:56 - [MESSAGE][PASSED] - Object 'Object Repository/RAD_Pages/Landing_Page/button_Continue' is clickable

2021-11-08 12:45:56 - [TEST_STEP][PASSED] - click(findTestObject(orPath_Landing + "/button_Continue")): Object: 'Object Repository/RAD_Pages/Landing_Page/button_Continue' is clicked on

2021-11-08 12:45:56 - [MESSAGE][PASSED] - Object: 'Object Repository/RAD_Pages/Landing_Page/button_Continue' is clicked on

2021-11-08 12:45:56 - [TEST_STEP][PASSED] - verifyTextPresent("Review the information below and make any necessary corrections by clicking the", true): Text 'Review the information below and make any necessary corrections by clicking the' is present on page  using regular expression

2021-11-08 12:45:57 - [MESSAGE][PASSED] - Text 'Review the information below and make any necessary corrections by clicking the' is present on page  using regular expression

2021-11-08 12:45:57 - [TEST_STEP][PASSED] - verifyTextPresent("When you are confident that all the information is correct", true): Text 'When you are confident that all the information is correct' is present on page  using regular expression

2021-11-08 12:45:57 - [MESSAGE][PASSED] - Text 'When you are confident that all the information is correct' is present on page  using regular expression

2021-11-08 12:45:57 - [TEST_STEP][PASSED] - delay(1): Delayed 1 second(s)

2021-11-08 12:45:58 - [MESSAGE][PASSED] - Delayed 1 second(s)

2021-11-08 12:45:58 - [TEST_STEP][PASSED] - click(findTestObject(orPath_Summary + "/button_Proceed to Payment")): Object: 'Object Repository/RAD_Pages/Summary_Page/button_Proceed to Payment' is clicked on

2021-11-08 12:46:00 - [MESSAGE][PASSED] - Object: 'Object Repository/RAD_Pages/Summary_Page/button_Proceed to Payment' is clicked on

2021-11-08 12:46:00 - [TEST_STEP][PASSED] - setText(findTestObject(orPath_PaymentEntry + "/input__cardNumber"), CCNumber): Text '6011000993026909' is set on object 'Object Repository/RAD_Pages/PaymentEntry_Page/input__cardNumber'

2021-11-08 12:46:01 - [MESSAGE][PASSED] - Text '6011000993026909' is set on object 'Object Repository/RAD_Pages/PaymentEntry_Page/input__cardNumber'

2021-11-08 12:46:01 - [TEST_STEP][PASSED] - setText(findTestObject(orPath_PaymentEntry + "/input__spc"), CVV): Text '123' is set on object 'Object Repository/RAD_Pages/PaymentEntry_Page/input__spc'

2021-11-08 12:46:02 - [MESSAGE][PASSED] - Text '123' is set on object 'Object Repository/RAD_Pages/PaymentEntry_Page/input__spc'

2021-11-08 12:46:02 - [TEST_STEP][PASSED] - selectOptionByLabel(findTestObject(orPath_PaymentEntry + "/select_MM"), "12", false): All options with label '12' are selected in object 'Object Repository/RAD_Pages/PaymentEntry_Page/select_MM' 

2021-11-08 12:46:03 - [MESSAGE][PASSED] - All options with label '12' are selected in object 'Object Repository/RAD_Pages/PaymentEntry_Page/select_MM' 

2021-11-08 12:46:03 - [TEST_STEP][PASSED] - selectOptionByLabel(findTestObject(orPath_PaymentEntry + "/select_YYYY"), "2023", false): All options with label '2023' are selected in object 'Object Repository/RAD_Pages/PaymentEntry_Page/select_YYYY' 

2021-11-08 12:46:03 - [MESSAGE][PASSED] - All options with label '2023' are selected in object 'Object Repository/RAD_Pages/PaymentEntry_Page/select_YYYY' 

2021-11-08 12:46:03 - [TEST_STEP][PASSED] - click(findTestObject(orPath_PaymentEntry + "/input_Field_ccSubmit")): Object: 'Object Repository/RAD_Pages/PaymentEntry_Page/input_Field_ccSubmit' is clicked on

2021-11-08 12:46:04 - [MESSAGE][PASSED] - Object: 'Object Repository/RAD_Pages/PaymentEntry_Page/input_Field_ccSubmit' is clicked on

2021-11-08 12:46:04 - [TEST_STEP][PASSED] - click(findTestObject(orPath_PaymentConfirmation + "/input_N_confirmNotifyAction")): Object: 'Object Repository/RAD_Pages/PaymentConfirmation_Page/input_N_confirmNotifyAction' is clicked on

2021-11-08 12:46:06 - [MESSAGE][PASSED] - Object: 'Object Repository/RAD_Pages/PaymentConfirmation_Page/input_N_confirmNotifyAction' is clicked on

2021-11-08 12:46:06 - [TEST_STEP][PASSED] - click(findTestObject(orPath_ServiceFeesAccept + "/input_convFeeNotifyAction")): Object: 'Object Repository/RAD_Pages/ServiceFeeAccept_Page/input_convFeeNotifyAction' is clicked on

2021-11-08 12:46:07 - [MESSAGE][PASSED] - Object: 'Object Repository/RAD_Pages/ServiceFeeAccept_Page/input_convFeeNotifyAction' is clicked on

2021-11-08 12:46:07 - [TEST_STEP][PASSED] - delay(10): Delayed 10 second(s)

2021-11-08 12:46:17 - [MESSAGE][PASSED] - Delayed 10 second(s)

2021-11-08 12:46:17 - [TEST_STEP][PASSED] - verifyTextPresent("Successful Payment Receipt", true): Text 'Successful Payment Receipt' is present on page  using regular expression

2021-11-08 12:46:18 - [MESSAGE][PASSED] - Text 'Successful Payment Receipt' is present on page  using regular expression

2021-11-08 12:46:18 - [TEST_STEP][PASSED] - if (verifyTextPresent("Successful Payment Receipt", true)): null

2021-11-08 12:46:18 - [MESSAGE][PASSED] - Text 'Successful Payment Receipt' is present on page  using regular expression

2021-11-08 12:46:18 - [TEST_STEP][PASSED] - println("Transaction was Successful"): null

2021-11-08 12:46:18 - [TEST_STEP][PASSED] - out.println("Pass Record Number: " + row): null

2021-11-08 12:46:18 - [TEST_STEP][PASSED] - resText = "Pass": null

2021-11-08 12:46:18 - [TEST_STEP][PASSED] - pages.WriteExcel.demoKey(resText, datText, resColumn, datCloumn, fileLoc, nameSheet, row): pages.WriteExcel.demoKey is PASSED

2021-11-08 12:46:18 - [MESSAGE][PASSED] - pages.WriteExcel.demoKey is PASSED

2021-11-08 12:46:18 - [TEST_STEP][PASSED] - ExecuteTC = findTestData(dataFile).getValue("Execute", row): null

2021-11-08 12:46:18 - [TEST_STEP][PASSED] - PaymentType = findTestData(dataFile).getValue("PaymentType", row): null

2021-11-08 12:46:18 - [TEST_STEP][PASSED] - FilingYear = findTestData(dataFile).getValue("FilingYear", row): null

2021-11-08 12:46:18 - [TEST_STEP][PASSED] - PeriodEnding = findTestData(dataFile).getValue("PeriodEnding", row): null

2021-11-08 12:46:18 - [TEST_STEP][PASSED] - FName = findTestData(dataFile).getValue("Fname", row): null

2021-11-08 12:46:18 - [TEST_STEP][PASSED] - LName = findTestData(dataFile).getValue("Lname", row): null

2021-11-08 12:46:18 - [TEST_STEP][PASSED] - SSN = findTestData(dataFile).getValue("SSN", row): null

2021-11-08 12:46:18 - [TEST_STEP][PASSED] - BusName = findTestData(dataFile).getValue("BusName", row): null

2021-11-08 12:46:18 - [TEST_STEP][PASSED] - AL1 = findTestData(dataFile).getValue("AL1", row): null

2021-11-08 12:46:18 - [TEST_STEP][PASSED] - City = findTestData(dataFile).getValue("City", row): null

2021-11-08 12:46:18 - [TEST_STEP][PASSED] - ZIP = findTestData(dataFile).getValue("ZIP", row): null

2021-11-08 12:46:18 - [TEST_STEP][PASSED] - FilingType = findTestData(dataFile).getValue("FilingType", row): null

2021-11-08 12:46:18 - [TEST_STEP][PASSED] - Withholding = findTestData(dataFile).getValue("Withholding", row): null

2021-11-08 12:46:18 - [TEST_STEP][PASSED] - Amount = findTestData(dataFile).getValue("Amount", row): null

2021-11-08 12:46:18 - [TEST_STEP][PASSED] - CCNumber = findTestData(dataFile).getValue("CCNumber", row): null

2021-11-08 12:46:18 - [TEST_STEP][PASSED] - CVV = findTestData(dataFile).getValue("CVV", row): null

2021-11-08 12:46:18 - [TEST_STEP][PASSED] - out.println("Value of Execute is : " + ExecuteTC): null

2021-11-08 12:46:18 - [TEST_STEP][PASSED] - if (ExecuteTC.equalsIgnoreCase("Y")): null

2021-11-08 12:46:18 - [TEST_STEP][PASSED] - out.println("Begin Record Number: " + row): null

2021-11-08 12:46:18 - [TEST_STEP][PASSED] - today = new java.util.Date(): null

2021-11-08 12:46:18 - [TEST_STEP][PASSED] - println(today): null

2021-11-08 12:46:18 - [TEST_STEP][PASSED] - datText = today: null

2021-11-08 12:46:18 - [TEST_STEP][PASSED] - Taxtype = findTestData(dataFile).getValue("TaxType", row): null

2021-11-08 12:46:18 - [TEST_STEP][PASSED] - out.println("Taxtype value is : " + Taxtype): null

2021-11-08 12:46:18 - [TEST_STEP][PASSED] - openBrowser(""): Browser is opened with url: ''

2021-11-08 12:46:18 - [MESSAGE][WARNING] - A browser is already opened. Closing browser and opening a new one

2021-11-08 12:46:19 - [MESSAGE][INFO] - Starting 'Chrome' driver

2021-11-08 12:46:19 - [MESSAGE][INFO] - User set preference: ['acceptInsecureCerts', 'true']

2021-11-08 12:46:19 - [MESSAGE][INFO] - Action delay is set to 0 milliseconds

2021-11-08 12:46:21 - [MESSAGE][PASSED] - Browser is opened with url: ''

2021-11-08 12:46:21 - [TEST_STEP][PASSED] - maximizeWindow(): Current window maximized

2021-11-08 12:46:21 - [MESSAGE][PASSED] - Current window maximized

2021-11-08 12:46:21 - [TEST_STEP][PASSED] - navigateToUrl(RADurl): Navigate to 'https://qa.velocitypayment.com/client/rad/index.html' successfully

2021-11-08 12:46:23 - [MESSAGE][PASSED] - Navigate to 'https://qa.velocitypayment.com/client/rad/index.html' successfully

2021-11-08 12:46:23 - [TEST_STEP][PASSED] - orPath_Landing = "Object Repository/RAD_Pages/Landing_Page": null

2021-11-08 12:46:23 - [TEST_STEP][PASSED] - orPath_TaxTypeFilingYear = "Object Repository/RAD_Pages/TaxTypeFilingYear_Page": null

2021-11-08 12:46:23 - [TEST_STEP][PASSED] - orPath_TaxPayer = "Object Repository/RAD_Pages/Taxpayer_Page": null

2021-11-08 12:46:23 - [TEST_STEP][PASSED] - orPath_AddressContact = "Object Repository/RAD_Pages/AddressAndContactInfo_Page": null

2021-11-08 12:46:23 - [TEST_STEP][PASSED] - orPath_FilingStatus = "Object Repository/RAD_Pages/FilingStatus_Page": null

2021-11-08 12:46:23 - [TEST_STEP][PASSED] - orPath_Amount = "Object Repository/RAD_Pages/PaymentAmount_Page": null

2021-11-08 12:46:23 - [TEST_STEP][PASSED] - orPath_TaxInfo = "Object Repository/RAD_Pages/TaxInfo_Page": null

2021-11-08 12:46:23 - [TEST_STEP][PASSED] - orPath_Withholding = "Object Repository/RAD_Pages/Withholding_Page": null

2021-11-08 12:46:23 - [TEST_STEP][PASSED] - orPath_Summary = "Object Repository/RAD_Pages/Summary_Page": null

2021-11-08 12:46:23 - [TEST_STEP][PASSED] - orPath_PaymentReady = "Object Repository/RAD_Pages/PaymentReady_Page": null

2021-11-08 12:46:23 - [TEST_STEP][PASSED] - orPath_PaymentEntry = "Object Repository/RAD_Pages/PaymentEntry_Page": null

2021-11-08 12:46:23 - [TEST_STEP][PASSED] - orPath_PaymentConfirmation = "Object Repository/RAD_Pages/PaymentConfirmation_Page": null

2021-11-08 12:46:23 - [TEST_STEP][PASSED] - orPath_ServiceFeesAccept = "Object Repository/RAD_Pages/ServiceFeeAccept_Page": null

2021-11-08 12:46:23 - [TEST_STEP][PASSED] - selectOptionByLabel(findTestObject(orPath_Landing + "/dd_TaxType"), Taxtype, false): All options with label 'Withholding Tax' are selected in object 'Object Repository/RAD_Pages/Landing_Page/dd_TaxType' 

2021-11-08 12:46:24 - [MESSAGE][PASSED] - All options with label 'Withholding Tax' are selected in object 'Object Repository/RAD_Pages/Landing_Page/dd_TaxType' 

2021-11-08 12:46:24 - [TEST_STEP][PASSED] - delay(3): Delayed 3 second(s)

2021-11-08 12:46:27 - [MESSAGE][PASSED] - Delayed 3 second(s)

2021-11-08 12:46:27 - [TEST_STEP][PASSED] - switch (Taxtype): null

2021-11-08 12:46:27 - [TEST_STEP][PASSED] - case "Withholding Tax":: null

2021-11-08 12:46:27 - [TEST_STEP][PASSED] - selectOptionByLabel(findTestObject(orPath_TaxTypeFilingYear + "/select_FilingYear"), FilingYear, false): All options with label '2020' are selected in object 'Object Repository/RAD_Pages/TaxTypeFilingYear_Page/select_FilingYear' 

2021-11-08 12:46:27 - [MESSAGE][PASSED] - All options with label '2020' are selected in object 'Object Repository/RAD_Pages/TaxTypeFilingYear_Page/select_FilingYear' 

2021-11-08 12:46:27 - [TEST_STEP][PASSED] - setText(findTestObject(orPath_TaxPayer + "/input_businessName"), BusName): Text 'O'Briens Garage' is set on object 'Object Repository/RAD_Pages/Taxpayer_Page/input_businessName'

2021-11-08 12:46:28 - [MESSAGE][PASSED] - Text 'O'Briens Garage' is set on object 'Object Repository/RAD_Pages/Taxpayer_Page/input_businessName'

2021-11-08 12:46:28 - [TEST_STEP][PASSED] - setEncryptedText(findTestObject(orPath_TaxInfo + "/input_FederalEIN"), "xLVb905G4/sGR8qgNWNzNQ=="): Text ****** has been set on object 'Object Repository/RAD_Pages/TaxInfo_Page/input_FederalEIN'

2021-11-08 12:46:28 - [MESSAGE][PASSED] - Text ****** has been set on object 'Object Repository/RAD_Pages/TaxInfo_Page/input_FederalEIN'

2021-11-08 12:46:28 - [TEST_STEP][PASSED] - setEncryptedText(findTestObject(orPath_TaxInfo + "/input_FederalEIN_ReEnter"), "xLVb905G4/sGR8qgNWNzNQ=="): Text ****** has been set on object 'Object Repository/RAD_Pages/TaxInfo_Page/input_FederalEIN_ReEnter'

2021-11-08 12:46:29 - [MESSAGE][PASSED] - Text ****** has been set on object 'Object Repository/RAD_Pages/TaxInfo_Page/input_FederalEIN_ReEnter'

2021-11-08 12:46:29 - [TEST_STEP][PASSED] - setText(findTestObject(orPath_TaxInfo + "/input_MDCRegistration"), "07640126"): Text '07640126' is set on object 'Object Repository/RAD_Pages/TaxInfo_Page/input_MDCRegistration'

2021-11-08 12:46:30 - [MESSAGE][PASSED] - Text '07640126' is set on object 'Object Repository/RAD_Pages/TaxInfo_Page/input_MDCRegistration'

2021-11-08 12:46:30 - [TEST_STEP][PASSED] - if (Withholding.equalsIgnoreCase("Y")): null

2021-11-08 12:46:30 - [TEST_STEP][PASSED] - else: Text '10.50' is set on object 'Object Repository/RAD_Pages/Withholding_Page/input__WithholdingTaxReported'

2021-11-08 12:46:30 - [TEST_STEP][PASSED] - check(findTestObject(orPath_Withholding + "/input_acceleratedBasis_No")): Object 'Object Repository/RAD_Pages/Withholding_Page/input_acceleratedBasis_No' is checked

2021-11-08 12:46:30 - [MESSAGE][PASSED] - Object 'Object Repository/RAD_Pages/Withholding_Page/input_acceleratedBasis_No' is checked

2021-11-08 12:46:30 - [TEST_STEP][PASSED] - delay(3): Delayed 3 second(s)

2021-11-08 12:46:33 - [MESSAGE][PASSED] - Delayed 3 second(s)

2021-11-08 12:46:33 - [TEST_STEP][PASSED] - selectOptionByLabel(findTestObject(orPath_Withholding + "/select_Month"), "January", false): All options with label 'January' are selected in object 'Object Repository/RAD_Pages/Withholding_Page/select_Month' 

2021-11-08 12:46:34 - [MESSAGE][PASSED] - All options with label 'January' are selected in object 'Object Repository/RAD_Pages/Withholding_Page/select_Month' 

2021-11-08 12:46:34 - [TEST_STEP][PASSED] - setText(findTestObject(orPath_Withholding + "/input__WithholdingTaxReported"), "10.50"): Text '10.50' is set on object 'Object Repository/RAD_Pages/Withholding_Page/input__WithholdingTaxReported'

2021-11-08 12:46:34 - [MESSAGE][PASSED] - Text '10.50' is set on object 'Object Repository/RAD_Pages/Withholding_Page/input__WithholdingTaxReported'

2021-11-08 12:46:34 - [TEST_STEP][PASSED] - break: null

2021-11-08 12:46:34 - [TEST_STEP][PASSED] - setText(findTestObject(orPath_TaxPayer + "/input_firstName"), FName): Text 'O'Briens' is set on object 'Object Repository/RAD_Pages/Taxpayer_Page/input_firstName'

2021-11-08 12:46:35 - [MESSAGE][PASSED] - Text 'O'Briens' is set on object 'Object Repository/RAD_Pages/Taxpayer_Page/input_firstName'

2021-11-08 12:46:35 - [TEST_STEP][PASSED] - setText(findTestObject(orPath_TaxPayer + "/input_lastName"), LName): Text 'Cook' is set on object 'Object Repository/RAD_Pages/Taxpayer_Page/input_lastName'

2021-11-08 12:46:36 - [MESSAGE][PASSED] - Text 'Cook' is set on object 'Object Repository/RAD_Pages/Taxpayer_Page/input_lastName'

2021-11-08 12:46:36 - [TEST_STEP][PASSED] - selectOptionByLabel(findTestObject(orPath_AddressContact + "/select_Country"), "United States", false): All options with label 'United States' are selected in object 'Object Repository/RAD_Pages/AddressAndContactInfo_Page/select_Country' 

2021-11-08 12:46:37 - [MESSAGE][PASSED] - All options with label 'United States' are selected in object 'Object Repository/RAD_Pages/AddressAndContactInfo_Page/select_Country' 

2021-11-08 12:46:37 - [TEST_STEP][PASSED] - setText(findTestObject(orPath_AddressContact + "/input_streetAddress1"), AL1): Text '3652 Mandan road' is set on object 'Object Repository/RAD_Pages/AddressAndContactInfo_Page/input_streetAddress1'

2021-11-08 12:46:37 - [MESSAGE][PASSED] - Text '3652 Mandan road' is set on object 'Object Repository/RAD_Pages/AddressAndContactInfo_Page/input_streetAddress1'

2021-11-08 12:46:37 - [TEST_STEP][PASSED] - setText(findTestObject(orPath_AddressContact + "/input_streetAddress2"), ""): Text '' is set on object 'Object Repository/RAD_Pages/AddressAndContactInfo_Page/input_streetAddress2'

2021-11-08 12:46:38 - [MESSAGE][PASSED] - Text '' is set on object 'Object Repository/RAD_Pages/AddressAndContactInfo_Page/input_streetAddress2'

2021-11-08 12:46:38 - [TEST_STEP][PASSED] - setText(findTestObject(orPath_AddressContact + "/input_city"), City): Text 'Crofton' is set on object 'Object Repository/RAD_Pages/AddressAndContactInfo_Page/input_city'

2021-11-08 12:46:39 - [MESSAGE][PASSED] - Text 'Crofton' is set on object 'Object Repository/RAD_Pages/AddressAndContactInfo_Page/input_city'

2021-11-08 12:46:39 - [TEST_STEP][PASSED] - selectOptionByLabel(findTestObject(orPath_AddressContact + "/select_State"), "Maryland", false): All options with label 'Maryland' are selected in object 'Object Repository/RAD_Pages/AddressAndContactInfo_Page/select_State' 

2021-11-08 12:46:39 - [MESSAGE][PASSED] - All options with label 'Maryland' are selected in object 'Object Repository/RAD_Pages/AddressAndContactInfo_Page/select_State' 

2021-11-08 12:46:39 - [TEST_STEP][PASSED] - setText(findTestObject(orPath_AddressContact + "/input_zipCode"), ZIP): Text '21114' is set on object 'Object Repository/RAD_Pages/AddressAndContactInfo_Page/input_zipCode'

2021-11-08 12:46:40 - [MESSAGE][PASSED] - Text '21114' is set on object 'Object Repository/RAD_Pages/AddressAndContactInfo_Page/input_zipCode'

2021-11-08 12:46:40 - [TEST_STEP][PASSED] - setText(findTestObject(orPath_AddressContact + "/input_phoneNumber"), "(703) 894-5000"): Text '(703) 894-5000' is set on object 'Object Repository/RAD_Pages/AddressAndContactInfo_Page/input_phoneNumber'

2021-11-08 12:46:41 - [MESSAGE][PASSED] - Text '(703) 894-5000' is set on object 'Object Repository/RAD_Pages/AddressAndContactInfo_Page/input_phoneNumber'

2021-11-08 12:46:41 - [TEST_STEP][PASSED] - setText(findTestObject(orPath_AddressContact + "/input_eMailAddress"), "iahmed@govolution.com"): Text 'iahmed@govolution.com' is set on object 'Object Repository/RAD_Pages/AddressAndContactInfo_Page/input_eMailAddress'

2021-11-08 12:46:42 - [MESSAGE][PASSED] - Text 'iahmed@govolution.com' is set on object 'Object Repository/RAD_Pages/AddressAndContactInfo_Page/input_eMailAddress'

2021-11-08 12:46:42 - [TEST_STEP][PASSED] - setText(findTestObject(orPath_AddressContact + "/input_reEnterEMailAddress"), "iahmed@govolution.com"): Text 'iahmed@govolution.com' is set on object 'Object Repository/RAD_Pages/AddressAndContactInfo_Page/input_reEnterEMailAddress'

2021-11-08 12:46:42 - [MESSAGE][PASSED] - Text 'iahmed@govolution.com' is set on object 'Object Repository/RAD_Pages/AddressAndContactInfo_Page/input_reEnterEMailAddress'

2021-11-08 12:46:42 - [TEST_STEP][PASSED] - setText(findTestObject(orPath_Amount + "/input__paymentAmount"), Amount): Text '100.00' is set on object 'Object Repository/RAD_Pages/PaymentAmount_Page/input__paymentAmount'

2021-11-08 12:46:43 - [MESSAGE][PASSED] - Text '100.00' is set on object 'Object Repository/RAD_Pages/PaymentAmount_Page/input__paymentAmount'

2021-11-08 12:46:43 - [TEST_STEP][PASSED] - scrollToElement(findTestObject(orPath_Landing + "/button_Continue"), 3): Scroll to object 'Object Repository/RAD_Pages/Landing_Page/button_Continue' successfully

2021-11-08 12:46:44 - [MESSAGE][PASSED] - Scroll to object 'Object Repository/RAD_Pages/Landing_Page/button_Continue' successfully

2021-11-08 12:46:44 - [TEST_STEP][PASSED] - waitForElementClickable(findTestObject(orPath_Landing + "/button_Continue"), 5): Object 'Object Repository/RAD_Pages/Landing_Page/button_Continue' is clickable

2021-11-08 12:46:44 - [MESSAGE][PASSED] - Object 'Object Repository/RAD_Pages/Landing_Page/button_Continue' is clickable

2021-11-08 12:46:44 - [TEST_STEP][PASSED] - click(findTestObject(orPath_Landing + "/button_Continue")): Object: 'Object Repository/RAD_Pages/Landing_Page/button_Continue' is clicked on

2021-11-08 12:46:44 - [MESSAGE][PASSED] - Object: 'Object Repository/RAD_Pages/Landing_Page/button_Continue' is clicked on

2021-11-08 12:46:44 - [TEST_STEP][PASSED] - verifyTextPresent("Review the information below and make any necessary corrections by clicking the", true): Text 'Review the information below and make any necessary corrections by clicking the' is present on page  using regular expression

2021-11-08 12:46:45 - [MESSAGE][PASSED] - Text 'Review the information below and make any necessary corrections by clicking the' is present on page  using regular expression

2021-11-08 12:46:45 - [TEST_STEP][PASSED] - verifyTextPresent("When you are confident that all the information is correct", true): Text 'When you are confident that all the information is correct' is present on page  using regular expression

2021-11-08 12:46:45 - [MESSAGE][PASSED] - Text 'When you are confident that all the information is correct' is present on page  using regular expression

2021-11-08 12:46:45 - [TEST_STEP][PASSED] - delay(1): Delayed 1 second(s)

2021-11-08 12:46:46 - [MESSAGE][PASSED] - Delayed 1 second(s)

2021-11-08 12:46:46 - [TEST_STEP][PASSED] - click(findTestObject(orPath_Summary + "/button_Proceed to Payment")): Object: 'Object Repository/RAD_Pages/Summary_Page/button_Proceed to Payment' is clicked on

2021-11-08 12:46:49 - [MESSAGE][PASSED] - Object: 'Object Repository/RAD_Pages/Summary_Page/button_Proceed to Payment' is clicked on

2021-11-08 12:46:49 - [TEST_STEP][PASSED] - setText(findTestObject(orPath_PaymentEntry + "/input__cardNumber"), CCNumber): Text '4012000098765439' is set on object 'Object Repository/RAD_Pages/PaymentEntry_Page/input__cardNumber'

2021-11-08 12:46:50 - [MESSAGE][PASSED] - Text '4012000098765439' is set on object 'Object Repository/RAD_Pages/PaymentEntry_Page/input__cardNumber'

2021-11-08 12:46:50 - [TEST_STEP][PASSED] - setText(findTestObject(orPath_PaymentEntry + "/input__spc"), CVV): Text '123' is set on object 'Object Repository/RAD_Pages/PaymentEntry_Page/input__spc'

2021-11-08 12:46:50 - [MESSAGE][PASSED] - Text '123' is set on object 'Object Repository/RAD_Pages/PaymentEntry_Page/input__spc'

2021-11-08 12:46:50 - [TEST_STEP][PASSED] - selectOptionByLabel(findTestObject(orPath_PaymentEntry + "/select_MM"), "12", false): All options with label '12' are selected in object 'Object Repository/RAD_Pages/PaymentEntry_Page/select_MM' 

2021-11-08 12:46:51 - [MESSAGE][PASSED] - All options with label '12' are selected in object 'Object Repository/RAD_Pages/PaymentEntry_Page/select_MM' 

2021-11-08 12:46:51 - [TEST_STEP][PASSED] - selectOptionByLabel(findTestObject(orPath_PaymentEntry + "/select_YYYY"), "2023", false): All options with label '2023' are selected in object 'Object Repository/RAD_Pages/PaymentEntry_Page/select_YYYY' 

2021-11-08 12:46:51 - [MESSAGE][PASSED] - All options with label '2023' are selected in object 'Object Repository/RAD_Pages/PaymentEntry_Page/select_YYYY' 

2021-11-08 12:46:51 - [TEST_STEP][PASSED] - click(findTestObject(orPath_PaymentEntry + "/input_Field_ccSubmit")): Object: 'Object Repository/RAD_Pages/PaymentEntry_Page/input_Field_ccSubmit' is clicked on

2021-11-08 12:46:53 - [MESSAGE][PASSED] - Object: 'Object Repository/RAD_Pages/PaymentEntry_Page/input_Field_ccSubmit' is clicked on

2021-11-08 12:46:53 - [TEST_STEP][PASSED] - click(findTestObject(orPath_PaymentConfirmation + "/input_N_confirmNotifyAction")): Object: 'Object Repository/RAD_Pages/PaymentConfirmation_Page/input_N_confirmNotifyAction' is clicked on

2021-11-08 12:46:54 - [MESSAGE][PASSED] - Object: 'Object Repository/RAD_Pages/PaymentConfirmation_Page/input_N_confirmNotifyAction' is clicked on

2021-11-08 12:46:54 - [TEST_STEP][PASSED] - click(findTestObject(orPath_ServiceFeesAccept + "/input_convFeeNotifyAction")): Object: 'Object Repository/RAD_Pages/ServiceFeeAccept_Page/input_convFeeNotifyAction' is clicked on

2021-11-08 12:46:55 - [MESSAGE][PASSED] - Object: 'Object Repository/RAD_Pages/ServiceFeeAccept_Page/input_convFeeNotifyAction' is clicked on

2021-11-08 12:46:55 - [TEST_STEP][PASSED] - delay(10): Delayed 10 second(s)

2021-11-08 12:47:05 - [MESSAGE][PASSED] - Delayed 10 second(s)

2021-11-08 12:47:05 - [TEST_STEP][PASSED] - verifyTextPresent("Successful Payment Receipt", true): Text 'Successful Payment Receipt' is present on page  using regular expression

2021-11-08 12:47:06 - [MESSAGE][PASSED] - Text 'Successful Payment Receipt' is present on page  using regular expression

2021-11-08 12:47:06 - [TEST_STEP][PASSED] - if (verifyTextPresent("Successful Payment Receipt", true)): null

2021-11-08 12:47:06 - [MESSAGE][PASSED] - Text 'Successful Payment Receipt' is present on page  using regular expression

2021-11-08 12:47:06 - [TEST_STEP][PASSED] - println("Transaction was Successful"): null

2021-11-08 12:47:06 - [TEST_STEP][PASSED] - out.println("Pass Record Number: " + row): null

2021-11-08 12:47:06 - [TEST_STEP][PASSED] - resText = "Pass": null

2021-11-08 12:47:06 - [TEST_STEP][PASSED] - pages.WriteExcel.demoKey(resText, datText, resColumn, datCloumn, fileLoc, nameSheet, row): pages.WriteExcel.demoKey is PASSED

2021-11-08 12:47:06 - [MESSAGE][PASSED] - pages.WriteExcel.demoKey is PASSED

2021-11-08 12:47:06 - [TEST_STEP][PASSED] - ExecuteTC = findTestData(dataFile).getValue("Execute", row): null

2021-11-08 12:47:06 - [TEST_STEP][PASSED] - PaymentType = findTestData(dataFile).getValue("PaymentType", row): null

2021-11-08 12:47:06 - [TEST_STEP][PASSED] - FilingYear = findTestData(dataFile).getValue("FilingYear", row): null

2021-11-08 12:47:06 - [TEST_STEP][PASSED] - PeriodEnding = findTestData(dataFile).getValue("PeriodEnding", row): null

2021-11-08 12:47:06 - [TEST_STEP][PASSED] - FName = findTestData(dataFile).getValue("Fname", row): null

2021-11-08 12:47:06 - [TEST_STEP][PASSED] - LName = findTestData(dataFile).getValue("Lname", row): null

2021-11-08 12:47:06 - [TEST_STEP][PASSED] - SSN = findTestData(dataFile).getValue("SSN", row): null

2021-11-08 12:47:06 - [TEST_STEP][PASSED] - BusName = findTestData(dataFile).getValue("BusName", row): null

2021-11-08 12:47:06 - [TEST_STEP][PASSED] - AL1 = findTestData(dataFile).getValue("AL1", row): null

2021-11-08 12:47:06 - [TEST_STEP][PASSED] - City = findTestData(dataFile).getValue("City", row): null

2021-11-08 12:47:06 - [TEST_STEP][PASSED] - ZIP = findTestData(dataFile).getValue("ZIP", row): null

2021-11-08 12:47:06 - [TEST_STEP][PASSED] - FilingType = findTestData(dataFile).getValue("FilingType", row): null

2021-11-08 12:47:07 - [TEST_STEP][PASSED] - Withholding = findTestData(dataFile).getValue("Withholding", row): null

2021-11-08 12:47:07 - [TEST_STEP][PASSED] - Amount = findTestData(dataFile).getValue("Amount", row): null

2021-11-08 12:47:07 - [TEST_STEP][PASSED] - CCNumber = findTestData(dataFile).getValue("CCNumber", row): null

2021-11-08 12:47:07 - [TEST_STEP][PASSED] - CVV = findTestData(dataFile).getValue("CVV", row): null

2021-11-08 12:47:07 - [TEST_STEP][PASSED] - out.println("Value of Execute is : " + ExecuteTC): null

2021-11-08 12:47:07 - [TEST_STEP][PASSED] - if (ExecuteTC.equalsIgnoreCase("Y")): null

2021-11-08 12:47:07 - [TEST_STEP][PASSED] - out.println("Begin Record Number: " + row): null

2021-11-08 12:47:07 - [TEST_STEP][PASSED] - today = new java.util.Date(): null

2021-11-08 12:47:07 - [TEST_STEP][PASSED] - println(today): null

2021-11-08 12:47:07 - [TEST_STEP][PASSED] - datText = today: null

2021-11-08 12:47:07 - [TEST_STEP][PASSED] - Taxtype = findTestData(dataFile).getValue("TaxType", row): null

2021-11-08 12:47:07 - [TEST_STEP][PASSED] - out.println("Taxtype value is : " + Taxtype): null

2021-11-08 12:47:07 - [TEST_STEP][PASSED] - openBrowser(""): Browser is opened with url: ''

2021-11-08 12:47:07 - [MESSAGE][WARNING] - A browser is already opened. Closing browser and opening a new one

2021-11-08 12:47:08 - [MESSAGE][INFO] - Starting 'Chrome' driver

2021-11-08 12:47:08 - [MESSAGE][INFO] - User set preference: ['acceptInsecureCerts', 'true']

2021-11-08 12:47:08 - [MESSAGE][INFO] - Action delay is set to 0 milliseconds

2021-11-08 12:47:09 - [MESSAGE][PASSED] - Browser is opened with url: ''

2021-11-08 12:47:09 - [TEST_STEP][PASSED] - maximizeWindow(): Current window maximized

2021-11-08 12:47:09 - [MESSAGE][PASSED] - Current window maximized

2021-11-08 12:47:09 - [TEST_STEP][PASSED] - navigateToUrl(RADurl): Navigate to 'https://qa.velocitypayment.com/client/rad/index.html' successfully

2021-11-08 12:47:11 - [MESSAGE][PASSED] - Navigate to 'https://qa.velocitypayment.com/client/rad/index.html' successfully

2021-11-08 12:47:11 - [TEST_STEP][PASSED] - orPath_Landing = "Object Repository/RAD_Pages/Landing_Page": null

2021-11-08 12:47:11 - [TEST_STEP][PASSED] - orPath_TaxTypeFilingYear = "Object Repository/RAD_Pages/TaxTypeFilingYear_Page": null

2021-11-08 12:47:11 - [TEST_STEP][PASSED] - orPath_TaxPayer = "Object Repository/RAD_Pages/Taxpayer_Page": null

2021-11-08 12:47:11 - [TEST_STEP][PASSED] - orPath_AddressContact = "Object Repository/RAD_Pages/AddressAndContactInfo_Page": null

2021-11-08 12:47:11 - [TEST_STEP][PASSED] - orPath_FilingStatus = "Object Repository/RAD_Pages/FilingStatus_Page": null

2021-11-08 12:47:11 - [TEST_STEP][PASSED] - orPath_Amount = "Object Repository/RAD_Pages/PaymentAmount_Page": null

2021-11-08 12:47:11 - [TEST_STEP][PASSED] - orPath_TaxInfo = "Object Repository/RAD_Pages/TaxInfo_Page": null

2021-11-08 12:47:11 - [TEST_STEP][PASSED] - orPath_Withholding = "Object Repository/RAD_Pages/Withholding_Page": null

2021-11-08 12:47:11 - [TEST_STEP][PASSED] - orPath_Summary = "Object Repository/RAD_Pages/Summary_Page": null

2021-11-08 12:47:11 - [TEST_STEP][PASSED] - orPath_PaymentReady = "Object Repository/RAD_Pages/PaymentReady_Page": null

2021-11-08 12:47:11 - [TEST_STEP][PASSED] - orPath_PaymentEntry = "Object Repository/RAD_Pages/PaymentEntry_Page": null

2021-11-08 12:47:11 - [TEST_STEP][PASSED] - orPath_PaymentConfirmation = "Object Repository/RAD_Pages/PaymentConfirmation_Page": null

2021-11-08 12:47:11 - [TEST_STEP][PASSED] - orPath_ServiceFeesAccept = "Object Repository/RAD_Pages/ServiceFeeAccept_Page": null

2021-11-08 12:47:11 - [TEST_STEP][PASSED] - selectOptionByLabel(findTestObject(orPath_Landing + "/dd_TaxType"), Taxtype, false): All options with label 'Withholding Tax' are selected in object 'Object Repository/RAD_Pages/Landing_Page/dd_TaxType' 

2021-11-08 12:47:12 - [MESSAGE][PASSED] - All options with label 'Withholding Tax' are selected in object 'Object Repository/RAD_Pages/Landing_Page/dd_TaxType' 

2021-11-08 12:47:12 - [TEST_STEP][PASSED] - delay(3): Delayed 3 second(s)

2021-11-08 12:47:15 - [MESSAGE][PASSED] - Delayed 3 second(s)

2021-11-08 12:47:15 - [TEST_STEP][PASSED] - switch (Taxtype): null

2021-11-08 12:47:15 - [TEST_STEP][PASSED] - case "Withholding Tax":: null

2021-11-08 12:47:15 - [TEST_STEP][PASSED] - selectOptionByLabel(findTestObject(orPath_TaxTypeFilingYear + "/select_FilingYear"), FilingYear, false): All options with label '2019' are selected in object 'Object Repository/RAD_Pages/TaxTypeFilingYear_Page/select_FilingYear' 

2021-11-08 12:47:16 - [MESSAGE][PASSED] - All options with label '2019' are selected in object 'Object Repository/RAD_Pages/TaxTypeFilingYear_Page/select_FilingYear' 

2021-11-08 12:47:16 - [TEST_STEP][PASSED] - setText(findTestObject(orPath_TaxPayer + "/input_businessName"), BusName): Text 'A1 Tree Trimming' is set on object 'Object Repository/RAD_Pages/Taxpayer_Page/input_businessName'

2021-11-08 12:47:16 - [MESSAGE][PASSED] - Text 'A1 Tree Trimming' is set on object 'Object Repository/RAD_Pages/Taxpayer_Page/input_businessName'

2021-11-08 12:47:16 - [TEST_STEP][PASSED] - setEncryptedText(findTestObject(orPath_TaxInfo + "/input_FederalEIN"), "xLVb905G4/sGR8qgNWNzNQ=="): Text ****** has been set on object 'Object Repository/RAD_Pages/TaxInfo_Page/input_FederalEIN'

2021-11-08 12:47:17 - [MESSAGE][PASSED] - Text ****** has been set on object 'Object Repository/RAD_Pages/TaxInfo_Page/input_FederalEIN'

2021-11-08 12:47:17 - [TEST_STEP][PASSED] - setEncryptedText(findTestObject(orPath_TaxInfo + "/input_FederalEIN_ReEnter"), "xLVb905G4/sGR8qgNWNzNQ=="): Text ****** has been set on object 'Object Repository/RAD_Pages/TaxInfo_Page/input_FederalEIN_ReEnter'

2021-11-08 12:47:17 - [MESSAGE][PASSED] - Text ****** has been set on object 'Object Repository/RAD_Pages/TaxInfo_Page/input_FederalEIN_ReEnter'

2021-11-08 12:47:17 - [TEST_STEP][PASSED] - setText(findTestObject(orPath_TaxInfo + "/input_MDCRegistration"), "07640126"): Text '07640126' is set on object 'Object Repository/RAD_Pages/TaxInfo_Page/input_MDCRegistration'

2021-11-08 12:47:18 - [MESSAGE][PASSED] - Text '07640126' is set on object 'Object Repository/RAD_Pages/TaxInfo_Page/input_MDCRegistration'

2021-11-08 12:47:18 - [TEST_STEP][PASSED] - if (Withholding.equalsIgnoreCase("Y")): null

2021-11-08 12:47:18 - [TEST_STEP][PASSED] - else: Text '10.50' is set on object 'Object Repository/RAD_Pages/Withholding_Page/input__WithholdingTaxReported'

2021-11-08 12:47:18 - [TEST_STEP][PASSED] - check(findTestObject(orPath_Withholding + "/input_acceleratedBasis_No")): Object 'Object Repository/RAD_Pages/Withholding_Page/input_acceleratedBasis_No' is checked

2021-11-08 12:47:18 - [MESSAGE][PASSED] - Object 'Object Repository/RAD_Pages/Withholding_Page/input_acceleratedBasis_No' is checked

2021-11-08 12:47:18 - [TEST_STEP][PASSED] - delay(3): Delayed 3 second(s)

2021-11-08 12:47:21 - [MESSAGE][PASSED] - Delayed 3 second(s)

2021-11-08 12:47:21 - [TEST_STEP][PASSED] - selectOptionByLabel(findTestObject(orPath_Withholding + "/select_Month"), "January", false): All options with label 'January' are selected in object 'Object Repository/RAD_Pages/Withholding_Page/select_Month' 

2021-11-08 12:47:22 - [MESSAGE][PASSED] - All options with label 'January' are selected in object 'Object Repository/RAD_Pages/Withholding_Page/select_Month' 

2021-11-08 12:47:22 - [TEST_STEP][PASSED] - setText(findTestObject(orPath_Withholding + "/input__WithholdingTaxReported"), "10.50"): Text '10.50' is set on object 'Object Repository/RAD_Pages/Withholding_Page/input__WithholdingTaxReported'

2021-11-08 12:47:23 - [MESSAGE][PASSED] - Text '10.50' is set on object 'Object Repository/RAD_Pages/Withholding_Page/input__WithholdingTaxReported'

2021-11-08 12:47:23 - [TEST_STEP][PASSED] - break: null

2021-11-08 12:47:23 - [TEST_STEP][PASSED] - setText(findTestObject(orPath_TaxPayer + "/input_firstName"), FName): Text 'Larsons' is set on object 'Object Repository/RAD_Pages/Taxpayer_Page/input_firstName'

2021-11-08 12:47:23 - [MESSAGE][PASSED] - Text 'Larsons' is set on object 'Object Repository/RAD_Pages/Taxpayer_Page/input_firstName'

2021-11-08 12:47:23 - [TEST_STEP][PASSED] - setText(findTestObject(orPath_TaxPayer + "/input_lastName"), LName): Text 'Bell' is set on object 'Object Repository/RAD_Pages/Taxpayer_Page/input_lastName'

2021-11-08 12:47:24 - [MESSAGE][PASSED] - Text 'Bell' is set on object 'Object Repository/RAD_Pages/Taxpayer_Page/input_lastName'

2021-11-08 12:47:24 - [TEST_STEP][PASSED] - selectOptionByLabel(findTestObject(orPath_AddressContact + "/select_Country"), "United States", false): All options with label 'United States' are selected in object 'Object Repository/RAD_Pages/AddressAndContactInfo_Page/select_Country' 

2021-11-08 12:47:25 - [MESSAGE][PASSED] - All options with label 'United States' are selected in object 'Object Repository/RAD_Pages/AddressAndContactInfo_Page/select_Country' 

2021-11-08 12:47:25 - [TEST_STEP][PASSED] - setText(findTestObject(orPath_AddressContact + "/input_streetAddress1"), AL1): Text '114 Clark Ave' is set on object 'Object Repository/RAD_Pages/AddressAndContactInfo_Page/input_streetAddress1'

2021-11-08 12:47:26 - [MESSAGE][PASSED] - Text '114 Clark Ave' is set on object 'Object Repository/RAD_Pages/AddressAndContactInfo_Page/input_streetAddress1'

2021-11-08 12:47:26 - [TEST_STEP][PASSED] - setText(findTestObject(orPath_AddressContact + "/input_streetAddress2"), ""): Text '' is set on object 'Object Repository/RAD_Pages/AddressAndContactInfo_Page/input_streetAddress2'

2021-11-08 12:47:26 - [MESSAGE][PASSED] - Text '' is set on object 'Object Repository/RAD_Pages/AddressAndContactInfo_Page/input_streetAddress2'

2021-11-08 12:47:26 - [TEST_STEP][PASSED] - setText(findTestObject(orPath_AddressContact + "/input_city"), City): Text 'Severn' is set on object 'Object Repository/RAD_Pages/AddressAndContactInfo_Page/input_city'

2021-11-08 12:47:27 - [MESSAGE][PASSED] - Text 'Severn' is set on object 'Object Repository/RAD_Pages/AddressAndContactInfo_Page/input_city'

2021-11-08 12:47:27 - [TEST_STEP][PASSED] - selectOptionByLabel(findTestObject(orPath_AddressContact + "/select_State"), "Maryland", false): All options with label 'Maryland' are selected in object 'Object Repository/RAD_Pages/AddressAndContactInfo_Page/select_State' 

2021-11-08 12:47:28 - [MESSAGE][PASSED] - All options with label 'Maryland' are selected in object 'Object Repository/RAD_Pages/AddressAndContactInfo_Page/select_State' 

2021-11-08 12:47:28 - [TEST_STEP][PASSED] - setText(findTestObject(orPath_AddressContact + "/input_zipCode"), ZIP): Text '21144' is set on object 'Object Repository/RAD_Pages/AddressAndContactInfo_Page/input_zipCode'

2021-11-08 12:47:28 - [MESSAGE][PASSED] - Text '21144' is set on object 'Object Repository/RAD_Pages/AddressAndContactInfo_Page/input_zipCode'

2021-11-08 12:47:28 - [TEST_STEP][PASSED] - setText(findTestObject(orPath_AddressContact + "/input_phoneNumber"), "(703) 894-5000"): Text '(703) 894-5000' is set on object 'Object Repository/RAD_Pages/AddressAndContactInfo_Page/input_phoneNumber'

2021-11-08 12:47:29 - [MESSAGE][PASSED] - Text '(703) 894-5000' is set on object 'Object Repository/RAD_Pages/AddressAndContactInfo_Page/input_phoneNumber'

2021-11-08 12:47:29 - [TEST_STEP][PASSED] - setText(findTestObject(orPath_AddressContact + "/input_eMailAddress"), "iahmed@govolution.com"): Text 'iahmed@govolution.com' is set on object 'Object Repository/RAD_Pages/AddressAndContactInfo_Page/input_eMailAddress'

2021-11-08 12:47:30 - [MESSAGE][PASSED] - Text 'iahmed@govolution.com' is set on object 'Object Repository/RAD_Pages/AddressAndContactInfo_Page/input_eMailAddress'

2021-11-08 12:47:30 - [TEST_STEP][PASSED] - setText(findTestObject(orPath_AddressContact + "/input_reEnterEMailAddress"), "iahmed@govolution.com"): Text 'iahmed@govolution.com' is set on object 'Object Repository/RAD_Pages/AddressAndContactInfo_Page/input_reEnterEMailAddress'

2021-11-08 12:47:31 - [MESSAGE][PASSED] - Text 'iahmed@govolution.com' is set on object 'Object Repository/RAD_Pages/AddressAndContactInfo_Page/input_reEnterEMailAddress'

2021-11-08 12:47:31 - [TEST_STEP][PASSED] - setText(findTestObject(orPath_Amount + "/input__paymentAmount"), Amount): Text '100.00' is set on object 'Object Repository/RAD_Pages/PaymentAmount_Page/input__paymentAmount'

2021-11-08 12:47:31 - [MESSAGE][PASSED] - Text '100.00' is set on object 'Object Repository/RAD_Pages/PaymentAmount_Page/input__paymentAmount'

2021-11-08 12:47:31 - [TEST_STEP][PASSED] - scrollToElement(findTestObject(orPath_Landing + "/button_Continue"), 3): Scroll to object 'Object Repository/RAD_Pages/Landing_Page/button_Continue' successfully

2021-11-08 12:47:32 - [MESSAGE][PASSED] - Scroll to object 'Object Repository/RAD_Pages/Landing_Page/button_Continue' successfully

2021-11-08 12:47:32 - [TEST_STEP][PASSED] - waitForElementClickable(findTestObject(orPath_Landing + "/button_Continue"), 5): Object 'Object Repository/RAD_Pages/Landing_Page/button_Continue' is clickable

2021-11-08 12:47:32 - [MESSAGE][PASSED] - Object 'Object Repository/RAD_Pages/Landing_Page/button_Continue' is clickable

2021-11-08 12:47:32 - [TEST_STEP][PASSED] - click(findTestObject(orPath_Landing + "/button_Continue")): Object: 'Object Repository/RAD_Pages/Landing_Page/button_Continue' is clicked on

2021-11-08 12:47:33 - [MESSAGE][PASSED] - Object: 'Object Repository/RAD_Pages/Landing_Page/button_Continue' is clicked on

2021-11-08 12:47:33 - [TEST_STEP][PASSED] - verifyTextPresent("Review the information below and make any necessary corrections by clicking the", true): Text 'Review the information below and make any necessary corrections by clicking the' is present on page  using regular expression

2021-11-08 12:47:33 - [MESSAGE][PASSED] - Text 'Review the information below and make any necessary corrections by clicking the' is present on page  using regular expression

2021-11-08 12:47:33 - [TEST_STEP][PASSED] - verifyTextPresent("When you are confident that all the information is correct", true): Text 'When you are confident that all the information is correct' is present on page  using regular expression

2021-11-08 12:47:34 - [MESSAGE][PASSED] - Text 'When you are confident that all the information is correct' is present on page  using regular expression

2021-11-08 12:47:34 - [TEST_STEP][PASSED] - delay(1): Delayed 1 second(s)

2021-11-08 12:47:35 - [MESSAGE][PASSED] - Delayed 1 second(s)

2021-11-08 12:47:35 - [TEST_STEP][PASSED] - click(findTestObject(orPath_Summary + "/button_Proceed to Payment")): Object: 'Object Repository/RAD_Pages/Summary_Page/button_Proceed to Payment' is clicked on

2021-11-08 12:47:36 - [MESSAGE][PASSED] - Object: 'Object Repository/RAD_Pages/Summary_Page/button_Proceed to Payment' is clicked on

2021-11-08 12:47:36 - [TEST_STEP][PASSED] - setText(findTestObject(orPath_PaymentEntry + "/input__cardNumber"), CCNumber): Text '5146312200000035' is set on object 'Object Repository/RAD_Pages/PaymentEntry_Page/input__cardNumber'

2021-11-08 12:47:37 - [MESSAGE][PASSED] - Text '5146312200000035' is set on object 'Object Repository/RAD_Pages/PaymentEntry_Page/input__cardNumber'

2021-11-08 12:47:37 - [TEST_STEP][PASSED] - setText(findTestObject(orPath_PaymentEntry + "/input__spc"), CVV): Text '123' is set on object 'Object Repository/RAD_Pages/PaymentEntry_Page/input__spc'

2021-11-08 12:47:38 - [MESSAGE][PASSED] - Text '123' is set on object 'Object Repository/RAD_Pages/PaymentEntry_Page/input__spc'

2021-11-08 12:47:38 - [TEST_STEP][PASSED] - selectOptionByLabel(findTestObject(orPath_PaymentEntry + "/select_MM"), "12", false): All options with label '12' are selected in object 'Object Repository/RAD_Pages/PaymentEntry_Page/select_MM' 

2021-11-08 12:47:39 - [MESSAGE][PASSED] - All options with label '12' are selected in object 'Object Repository/RAD_Pages/PaymentEntry_Page/select_MM' 

2021-11-08 12:47:39 - [TEST_STEP][PASSED] - selectOptionByLabel(findTestObject(orPath_PaymentEntry + "/select_YYYY"), "2023", false): All options with label '2023' are selected in object 'Object Repository/RAD_Pages/PaymentEntry_Page/select_YYYY' 

2021-11-08 12:47:39 - [MESSAGE][PASSED] - All options with label '2023' are selected in object 'Object Repository/RAD_Pages/PaymentEntry_Page/select_YYYY' 

2021-11-08 12:47:39 - [TEST_STEP][PASSED] - click(findTestObject(orPath_PaymentEntry + "/input_Field_ccSubmit")): Object: 'Object Repository/RAD_Pages/PaymentEntry_Page/input_Field_ccSubmit' is clicked on

2021-11-08 12:47:40 - [MESSAGE][PASSED] - Object: 'Object Repository/RAD_Pages/PaymentEntry_Page/input_Field_ccSubmit' is clicked on

2021-11-08 12:47:40 - [TEST_STEP][PASSED] - click(findTestObject(orPath_PaymentConfirmation + "/input_N_confirmNotifyAction")): Object: 'Object Repository/RAD_Pages/PaymentConfirmation_Page/input_N_confirmNotifyAction' is clicked on

2021-11-08 12:47:42 - [MESSAGE][PASSED] - Object: 'Object Repository/RAD_Pages/PaymentConfirmation_Page/input_N_confirmNotifyAction' is clicked on

2021-11-08 12:47:42 - [TEST_STEP][PASSED] - click(findTestObject(orPath_ServiceFeesAccept + "/input_convFeeNotifyAction")): Object: 'Object Repository/RAD_Pages/ServiceFeeAccept_Page/input_convFeeNotifyAction' is clicked on

2021-11-08 12:47:43 - [MESSAGE][PASSED] - Object: 'Object Repository/RAD_Pages/ServiceFeeAccept_Page/input_convFeeNotifyAction' is clicked on

2021-11-08 12:47:43 - [TEST_STEP][PASSED] - delay(10): Delayed 10 second(s)

2021-11-08 12:47:53 - [MESSAGE][PASSED] - Delayed 10 second(s)

2021-11-08 12:47:53 - [TEST_STEP][PASSED] - verifyTextPresent("Successful Payment Receipt", true): Text 'Successful Payment Receipt' is present on page  using regular expression

2021-11-08 12:47:54 - [MESSAGE][PASSED] - Text 'Successful Payment Receipt' is present on page  using regular expression

2021-11-08 12:47:54 - [TEST_STEP][PASSED] - if (verifyTextPresent("Successful Payment Receipt", true)): null

2021-11-08 12:47:54 - [MESSAGE][PASSED] - Text 'Successful Payment Receipt' is present on page  using regular expression

2021-11-08 12:47:54 - [TEST_STEP][PASSED] - println("Transaction was Successful"): null

2021-11-08 12:47:54 - [TEST_STEP][PASSED] - out.println("Pass Record Number: " + row): null

2021-11-08 12:47:54 - [TEST_STEP][PASSED] - resText = "Pass": null

2021-11-08 12:47:54 - [TEST_STEP][PASSED] - pages.WriteExcel.demoKey(resText, datText, resColumn, datCloumn, fileLoc, nameSheet, row): pages.WriteExcel.demoKey is PASSED

2021-11-08 12:47:54 - [MESSAGE][PASSED] - pages.WriteExcel.demoKey is PASSED]]></system-out>
         <system-err><![CDATA[2021-11-08 12:18:01 - [TEST_CASE][FAILED] - Test Cases/RAD_TestCases/PaymentsHardCoded/Payments_HC_TC: Test Cases/RAD_TestCases/PaymentsHardCoded/Payments_HC_TC FAILED.
Reason:
com.kms.katalon.core.exception.StepFailedException: Unable to set text '123451234' of object 'Object Repository/RAD_RecordAndPlay/input_concatSSN' (Root cause: com.kms.katalon.core.exception.StepFailedException: Unable to set text '123451234' of object 'Object Repository/RAD_RecordAndPlay/input_concatSSN'
	at com.kms.katalon.core.webui.keyword.internal.WebUIKeywordMain.stepFailed(WebUIKeywordMain.groovy:64)
	at com.kms.katalon.core.webui.keyword.internal.WebUIKeywordMain.runKeyword(WebUIKeywordMain.groovy:26)
	at com.kms.katalon.core.webui.keyword.builtin.SetTextKeyword.setText(SetTextKeyword.groovy:66)
	at com.kms.katalon.core.webui.keyword.builtin.SetTextKeyword.execute(SetTextKeyword.groovy:37)
	at com.kms.katalon.core.keyword.internal.KeywordExecutor.executeKeywordForPlatform(KeywordExecutor.groovy:74)
	at com.kms.katalon.core.webui.keyword.WebUiBuiltInKeywords.setText(WebUiBuiltInKeywords.groovy:980)
	at com.kms.katalon.core.webui.keyword.WebUiBuiltInKeywords$setText$11.call(Unknown Source)
	at Payments_HC_TC.run(Payments_HC_TC:124)
	at com.kms.katalon.core.main.ScriptEngine.run(ScriptEngine.java:194)
	at com.kms.katalon.core.main.ScriptEngine.runScriptAsRawText(ScriptEngine.java:119)
	at com.kms.katalon.core.main.TestCaseExecutor.runScript(TestCaseExecutor.java:430)
	at com.kms.katalon.core.main.TestCaseExecutor.doExecute(TestCaseExecutor.java:421)
	at com.kms.katalon.core.main.TestCaseExecutor.processExecutionPhase(TestCaseExecutor.java:400)
	at com.kms.katalon.core.main.TestCaseExecutor.accessMainPhase(TestCaseExecutor.java:392)
	at com.kms.katalon.core.main.TestCaseExecutor.execute(TestCaseExecutor.java:273)
	at com.kms.katalon.core.main.TestSuiteExecutor.accessTestCaseMainPhase(TestSuiteExecutor.java:202)
	at com.kms.katalon.core.main.TestSuiteExecutor.accessTestSuiteMainPhase(TestSuiteExecutor.java:164)
	at com.kms.katalon.core.main.TestSuiteExecutor.execute(TestSuiteExecutor.java:105)
	at com.kms.katalon.core.main.TestCaseMain.startTestSuite(TestCaseMain.java:185)
	at com.kms.katalon.core.main.TestCaseMain$startTestSuite$0.call(Unknown Source)
	at TempTestSuite1636391403401.run(TempTestSuite1636391403401.groovy:36)
Caused by: org.openqa.selenium.ElementNotInteractableException: element not interactable
  (Session info: chrome=95.0.4638.69)
Build info: version: '3.141.59', revision: 'e82be7d358', time: '2018-11-14T08:25:53'
System info: host: 'DESKTOP-B2QI6NS', ip: '172.30.2.167', os.name: 'Windows 10', os.arch: 'amd64', os.version: '10.0', java.version: '1.8.0_181'
Driver info: com.kms.katalon.selenium.driver.CChromeDriver
Capabilities {acceptInsecureCerts: true, browserName: chrome, browserVersion: 95.0.4638.69, chrome: {chromedriverVersion: 95.0.4638.54 (d31a821ec901f..., userDataDir: C:\Users\iahmed\AppData\Loc...}, goog:chromeOptions: {debuggerAddress: localhost:55509}, javascriptEnabled: true, networkConnectionEnabled: false, pageLoadStrategy: normal, platform: WINDOWS, platformName: WINDOWS, proxy: Proxy(), setWindowRect: true, strictFileInteractability: false, timeouts: {implicit: 0, pageLoad: 300000, script: 30000}, unhandledPromptBehavior: dismiss and notify, webauthn:extension:credBlob: true, webauthn:extension:largeBlob: true, webauthn:virtualAuthenticators: true}
Session ID: 598b5c501f60cf782fe3d626c93f8a39
	at org.openqa.selenium.remote.http.W3CHttpResponseCodec.createException(W3CHttpResponseCodec.java:187)
	at org.openqa.selenium.remote.http.W3CHttpResponseCodec.decode(W3CHttpResponseCodec.java:122)
	at org.openqa.selenium.remote.http.W3CHttpResponseCodec.decode(W3CHttpResponseCodec.java:49)
	at org.openqa.selenium.remote.HttpCommandExecutor.execute(HttpCommandExecutor.java:158)
	at org.openqa.selenium.remote.service.DriverCommandExecutor.execute(DriverCommandExecutor.java:83)
	at org.openqa.selenium.remote.RemoteWebDriver.execute(RemoteWebDriver.java:552)
	at com.kms.katalon.selenium.driver.CChromeDriver.execute(CChromeDriver.java:19)
	at org.openqa.selenium.remote.RemoteWebElement.execute(RemoteWebElement.java:285)
	at org.openqa.selenium.remote.RemoteWebElement.clear(RemoteWebElement.java:124)
	at org.openqa.selenium.support.events.EventFiringWebDriver$EventFiringWebElement.lambda$new$0(EventFiringWebDriver.java:404)
	at com.sun.proxy.$Proxy11.clear(Unknown Source)
	at org.openqa.selenium.support.events.EventFiringWebDriver$EventFiringWebElement.clear(EventFiringWebDriver.java:436)
	at com.kms.katalon.core.webui.keyword.builtin.SetTextKeyword$_setText_closure1.doCall(SetTextKeyword.groovy:53)
	at com.kms.katalon.core.webui.keyword.builtin.SetTextKeyword$_setText_closure1.call(SetTextKeyword.groovy)
	at com.kms.katalon.core.webui.keyword.internal.WebUIKeywordMain.runKeyword(WebUIKeywordMain.groovy:20)
	at com.kms.katalon.core.webui.keyword.builtin.SetTextKeyword.setText(SetTextKeyword.groovy:66)
	at com.kms.katalon.core.webui.keyword.builtin.SetTextKeyword.execute(SetTextKeyword.groovy:37)
	at com.kms.katalon.core.keyword.internal.KeywordExecutor.executeKeywordForPlatform(KeywordExecutor.groovy:74)
	at com.kms.katalon.core.webui.keyword.WebUiBuiltInKeywords.setText(WebUiBuiltInKeywords.groovy:980)
	at com.kms.katalon.core.webui.keyword.WebUiBuiltInKeywords$setText$11.call(Unknown Source)
	at Script1634674829687.run(Script1634674829687.groovy:124)
	... 13 more
)
	at com.kms.katalon.core.keyword.internal.KeywordMain.stepFailed(KeywordMain.groovy:39)
	at com.kms.katalon.core.webui.keyword.internal.WebUIKeywordMain.stepFailed(WebUIKeywordMain.groovy:64)
	at com.kms.katalon.core.webui.keyword.internal.WebUIKeywordMain.runKeyword(WebUIKeywordMain.groovy:26)
	at com.kms.katalon.core.webui.keyword.builtin.SetTextKeyword.setText(SetTextKeyword.groovy:66)
	at com.kms.katalon.core.webui.keyword.builtin.SetTextKeyword.execute(SetTextKeyword.groovy:37)
	at com.kms.katalon.core.keyword.internal.KeywordExecutor.executeKeywordForPlatform(KeywordExecutor.groovy:74)
	at com.kms.katalon.core.webui.keyword.WebUiBuiltInKeywords.setText(WebUiBuiltInKeywords.groovy:980)
	at com.kms.katalon.core.webui.keyword.WebUiBuiltInKeywords$setText$11.call(Unknown Source)
	at Payments_HC_TC.run(Payments_HC_TC:124)
	at com.kms.katalon.core.main.ScriptEngine.run(ScriptEngine.java:194)
	at com.kms.katalon.core.main.ScriptEngine.runScriptAsRawText(ScriptEngine.java:119)
	at com.kms.katalon.core.main.TestCaseExecutor.runScript(TestCaseExecutor.java:430)
	at com.kms.katalon.core.main.TestCaseExecutor.doExecute(TestCaseExecutor.java:421)
	at com.kms.katalon.core.main.TestCaseExecutor.processExecutionPhase(TestCaseExecutor.java:400)
	at com.kms.katalon.core.main.TestCaseExecutor.accessMainPhase(TestCaseExecutor.java:392)
	at com.kms.katalon.core.main.TestCaseExecutor.execute(TestCaseExecutor.java:273)
	at com.kms.katalon.core.main.TestSuiteExecutor.accessTestCaseMainPhase(TestSuiteExecutor.java:202)
	at com.kms.katalon.core.main.TestSuiteExecutor.accessTestSuiteMainPhase(TestSuiteExecutor.java:164)
	at com.kms.katalon.core.main.TestSuiteExecutor.execute(TestSuiteExecutor.java:105)
	at com.kms.katalon.core.main.TestCaseMain.startTestSuite(TestCaseMain.java:185)
	at com.kms.katalon.core.main.TestCaseMain$startTestSuite$0.call(Unknown Source)
	at TempTestSuite1636391403401.run(TempTestSuite1636391403401.groovy:36)
Caused by: com.kms.katalon.core.exception.StepFailedException: Unable to set text '123451234' of object 'Object Repository/RAD_RecordAndPlay/input_concatSSN'
	... 21 more
Caused by: org.openqa.selenium.ElementNotInteractableException: element not interactable
  (Session info: chrome=95.0.4638.69)
Build info: version: '3.141.59', revision: 'e82be7d358', time: '2018-11-14T08:25:53'
System info: host: 'DESKTOP-B2QI6NS', ip: '172.30.2.167', os.name: 'Windows 10', os.arch: 'amd64', os.version: '10.0', java.version: '1.8.0_181'
Driver info: com.kms.katalon.selenium.driver.CChromeDriver
Capabilities {acceptInsecureCerts: true, browserName: chrome, browserVersion: 95.0.4638.69, chrome: {chromedriverVersion: 95.0.4638.54 (d31a821ec901f..., userDataDir: C:\Users\iahmed\AppData\Loc...}, goog:chromeOptions: {debuggerAddress: localhost:55509}, javascriptEnabled: true, networkConnectionEnabled: false, pageLoadStrategy: normal, platform: WINDOWS, platformName: WINDOWS, proxy: Proxy(), setWindowRect: true, strictFileInteractability: false, timeouts: {implicit: 0, pageLoad: 300000, script: 30000}, unhandledPromptBehavior: dismiss and notify, webauthn:extension:credBlob: true, webauthn:extension:largeBlob: true, webauthn:virtualAuthenticators: true}
Session ID: 598b5c501f60cf782fe3d626c93f8a39
	at org.openqa.selenium.remote.http.W3CHttpResponseCodec.createException(W3CHttpResponseCodec.java:187)
	at org.openqa.selenium.remote.http.W3CHttpResponseCodec.decode(W3CHttpResponseCodec.java:122)
	at org.openqa.selenium.remote.http.W3CHttpResponseCodec.decode(W3CHttpResponseCodec.java:49)
	at org.openqa.selenium.remote.HttpCommandExecutor.execute(HttpCommandExecutor.java:158)
	at org.openqa.selenium.remote.service.DriverCommandExecutor.execute(DriverCommandExecutor.java:83)
	at org.openqa.selenium.remote.RemoteWebDriver.execute(RemoteWebDriver.java:552)
	at com.kms.katalon.selenium.driver.CChromeDriver.execute(CChromeDriver.java:19)
	at org.openqa.selenium.remote.RemoteWebElement.execute(RemoteWebElement.java:285)
	at org.openqa.selenium.remote.RemoteWebElement.clear(RemoteWebElement.java:124)
	at org.openqa.selenium.support.events.EventFiringWebDriver$EventFiringWebElement.lambda$new$0(EventFiringWebDriver.java:404)
	at com.sun.proxy.$Proxy11.clear(Unknown Source)
	at org.openqa.selenium.support.events.EventFiringWebDriver$EventFiringWebElement.clear(EventFiringWebDriver.java:436)
	at com.kms.katalon.core.webui.keyword.builtin.SetTextKeyword$_setText_closure1.doCall(SetTextKeyword.groovy:53)
	at com.kms.katalon.core.webui.keyword.builtin.SetTextKeyword$_setText_closure1.call(SetTextKeyword.groovy)
	at com.kms.katalon.core.webui.keyword.internal.WebUIKeywordMain.runKeyword(WebUIKeywordMain.groovy:20)
	... 19 more]]></system-err>
      </testcase>
      <testcase name="Test Cases/RAD_TestCases/PaymentsHardCoded/Payments_ExistingLiability_HC_TC" time="3129.715" classname="Test Cases/RAD_TestCases/PaymentsHardCoded/Payments_ExistingLiability_HC_TC" status="FAILED">
         <failure type="FAILED" message="Test Cases/RAD_TestCases/PaymentsHardCoded/Payments_ExistingLiability_HC_TC FAILED.
Reason:
com.kms.katalon.core.exception.StepFailedException: Unable to click on object 'Object Repository/RAD_Pages/ServiceFeeAccept_Page/input_convFeeNotifyAction' (Root cause: com.kms.katalon.core.exception.StepFailedException: Unable to click on object 'Object Repository/RAD_Pages/ServiceFeeAccept_Page/input_convFeeNotifyAction'
	at com.kms.katalon.core.webui.keyword.internal.WebUIKeywordMain.stepFailed(WebUIKeywordMain.groovy:64)
	at com.kms.katalon.core.webui.keyword.internal.WebUIKeywordMain.runKeyword(WebUIKeywordMain.groovy:26)
	at com.kms.katalon.core.webui.keyword.builtin.ClickKeyword.click(ClickKeyword.groovy:75)
	at com.kms.katalon.core.webui.keyword.builtin.ClickKeyword.execute(ClickKeyword.groovy:42)
	at com.kms.katalon.core.keyword.internal.KeywordExecutor.executeKeywordForPlatform(KeywordExecutor.groovy:74)
	at com.kms.katalon.core.webui.keyword.WebUiBuiltInKeywords.click(WebUiBuiltInKeywords.groovy:620)
	at com.kms.katalon.core.webui.keyword.WebUiBuiltInKeywords$click$10.call(Unknown Source)
	at Payments_ExistingLiability_HC_TC.run(Payments_ExistingLiability_HC_TC:217)
	at com.kms.katalon.core.main.ScriptEngine.run(ScriptEngine.java:194)
	at com.kms.katalon.core.main.ScriptEngine.runScriptAsRawText(ScriptEngine.java:119)
	at com.kms.katalon.core.main.TestCaseExecutor.runScript(TestCaseExecutor.java:430)
	at com.kms.katalon.core.main.TestCaseExecutor.doExecute(TestCaseExecutor.java:421)
	at com.kms.katalon.core.main.TestCaseExecutor.processExecutionPhase(TestCaseExecutor.java:400)
	at com.kms.katalon.core.main.TestCaseExecutor.accessMainPhase(TestCaseExecutor.java:392)
	at com.kms.katalon.core.main.TestCaseExecutor.execute(TestCaseExecutor.java:273)
	at com.kms.katalon.core.main.TestSuiteExecutor.accessTestCaseMainPhase(TestSuiteExecutor.java:202)
	at com.kms.katalon.core.main.TestSuiteExecutor.accessTestSuiteMainPhase(TestSuiteExecutor.java:164)
	at com.kms.katalon.core.main.TestSuiteExecutor.execute(TestSuiteExecutor.java:105)
	at com.kms.katalon.core.main.TestCaseMain.startTestSuite(TestCaseMain.java:185)
	at com.kms.katalon.core.main.TestCaseMain$startTestSuite$0.call(Unknown Source)
	at TempTestSuite1636391403401.run(TempTestSuite1636391403401.groovy:36)
Caused by: com.kms.katalon.core.webui.exception.WebElementNotFoundException: Web element with id: 'Object Repository/RAD_Pages/ServiceFeeAccept_Page/input_convFeeNotifyAction' located by '//*[@type = 'submit' and @name = 'convFeeNotifyAction']' not found
	at com.kms.katalon.core.webui.common.WebUiCommonHelper.findWebElement(WebUiCommonHelper.java:1368)
	at com.kms.katalon.core.webui.keyword.internal.WebUIAbstractKeyword.findWebElement(WebUIAbstractKeyword.groovy:27)
	at com.kms.katalon.core.webui.keyword.internal.WebUIAbstractKeyword.findWebElement(WebUIAbstractKeyword.groovy:26)
	at com.kms.katalon.core.webui.keyword.builtin.ClickKeyword$_click_closure1.doCall(ClickKeyword.groovy:66)
	at com.kms.katalon.core.webui.keyword.builtin.ClickKeyword$_click_closure1.call(ClickKeyword.groovy)
	at com.kms.katalon.core.webui.keyword.internal.WebUIKeywordMain.runKeyword(WebUIKeywordMain.groovy:20)
	at com.kms.katalon.core.webui.keyword.builtin.ClickKeyword.click(ClickKeyword.groovy:75)
	at com.kms.katalon.core.webui.keyword.builtin.ClickKeyword.execute(ClickKeyword.groovy:42)
	at com.kms.katalon.core.keyword.internal.KeywordExecutor.executeKeywordForPlatform(KeywordExecutor.groovy:74)
	at com.kms.katalon.core.webui.keyword.WebUiBuiltInKeywords.click(WebUiBuiltInKeywords.groovy:620)
	at com.kms.katalon.core.webui.keyword.WebUiBuiltInKeywords$click$10.call(Unknown Source)
	at Script1634702981988.run(Script1634702981988.groovy:217)
	... 13 more
)
	at com.kms.katalon.core.keyword.internal.KeywordMain.stepFailed(KeywordMain.groovy:39)
	at com.kms.katalon.core.webui.keyword.internal.WebUIKeywordMain.stepFailed(WebUIKeywordMain.groovy:64)
	at com.kms.katalon.core.webui.keyword.internal.WebUIKeywordMain.runKeyword(WebUIKeywordMain.groovy:26)
	at com.kms.katalon.core.webui.keyword.builtin.ClickKeyword.click(ClickKeyword.groovy:75)
	at com.kms.katalon.core.webui.keyword.builtin.ClickKeyword.execute(ClickKeyword.groovy:42)
	at com.kms.katalon.core.keyword.internal.KeywordExecutor.executeKeywordForPlatform(KeywordExecutor.groovy:74)
	at com.kms.katalon.core.webui.keyword.WebUiBuiltInKeywords.click(WebUiBuiltInKeywords.groovy:620)
	at com.kms.katalon.core.webui.keyword.WebUiBuiltInKeywords$click$10.call(Unknown Source)
	at Payments_ExistingLiability_HC_TC.run(Payments_ExistingLiability_HC_TC:217)
	at com.kms.katalon.core.main.ScriptEngine.run(ScriptEngine.java:194)
	at com.kms.katalon.core.main.ScriptEngine.runScriptAsRawText(ScriptEngine.java:119)
	at com.kms.katalon.core.main.TestCaseExecutor.runScript(TestCaseExecutor.java:430)
	at com.kms.katalon.core.main.TestCaseExecutor.doExecute(TestCaseExecutor.java:421)
	at com.kms.katalon.core.main.TestCaseExecutor.processExecutionPhase(TestCaseExecutor.java:400)
	at com.kms.katalon.core.main.TestCaseExecutor.accessMainPhase(TestCaseExecutor.java:392)
	at com.kms.katalon.core.main.TestCaseExecutor.execute(TestCaseExecutor.java:273)
	at com.kms.katalon.core.main.TestSuiteExecutor.accessTestCaseMainPhase(TestSuiteExecutor.java:202)
	at com.kms.katalon.core.main.TestSuiteExecutor.accessTestSuiteMainPhase(TestSuiteExecutor.java:164)
	at com.kms.katalon.core.main.TestSuiteExecutor.execute(TestSuiteExecutor.java:105)
	at com.kms.katalon.core.main.TestCaseMain.startTestSuite(TestCaseMain.java:185)
	at com.kms.katalon.core.main.TestCaseMain$startTestSuite$0.call(Unknown Source)
	at TempTestSuite1636391403401.run(TempTestSuite1636391403401.groovy:36)
Caused by: com.kms.katalon.core.exception.StepFailedException: Unable to click on object 'Object Repository/RAD_Pages/ServiceFeeAccept_Page/input_convFeeNotifyAction'
	... 21 more
Caused by: com.kms.katalon.core.webui.exception.WebElementNotFoundException: Web element with id: 'Object Repository/RAD_Pages/ServiceFeeAccept_Page/input_convFeeNotifyAction' located by '//*[@type = 'submit' and @name = 'convFeeNotifyAction']' not found
	at com.kms.katalon.core.webui.common.WebUiCommonHelper.findWebElement(WebUiCommonHelper.java:1368)
	at com.kms.katalon.core.webui.keyword.internal.WebUIAbstractKeyword.findWebElement(WebUIAbstractKeyword.groovy:27)
	at com.kms.katalon.core.webui.keyword.internal.WebUIAbstractKeyword.findWebElement(WebUIAbstractKeyword.groovy:26)
	at com.kms.katalon.core.webui.keyword.builtin.ClickKeyword$_click_closure1.doCall(ClickKeyword.groovy:66)
	at com.kms.katalon.core.webui.keyword.builtin.ClickKeyword$_click_closure1.call(ClickKeyword.groovy)
	at com.kms.katalon.core.webui.keyword.internal.WebUIKeywordMain.runKeyword(WebUIKeywordMain.groovy:20)
	... 19 more
"/>
         <system-out><![CDATA[2021-11-08 12:47:54 - [TEST_CASE][FAILED] - Test Cases/RAD_TestCases/PaymentsHardCoded/Payments_ExistingLiability_HC_TC: Test Cases/RAD_TestCases/PaymentsHardCoded/Payments_ExistingLiability_HC_TC FAILED.
Reason:
com.kms.katalon.core.exception.StepFailedException: Unable to click on object 'Object Repository/RAD_Pages/ServiceFeeAccept_Page/input_convFeeNotifyAction' (Root cause: com.kms.katalon.core.exception.StepFailedException: Unable to click on object 'Object Repository/RAD_Pages/ServiceFeeAccept_Page/input_convFeeNotifyAction'
	at com.kms.katalon.core.webui.keyword.internal.WebUIKeywordMain.stepFailed(WebUIKeywordMain.groovy:64)
	at com.kms.katalon.core.webui.keyword.internal.WebUIKeywordMain.runKeyword(WebUIKeywordMain.groovy:26)
	at com.kms.katalon.core.webui.keyword.builtin.ClickKeyword.click(ClickKeyword.groovy:75)
	at com.kms.katalon.core.webui.keyword.builtin.ClickKeyword.execute(ClickKeyword.groovy:42)
	at com.kms.katalon.core.keyword.internal.KeywordExecutor.executeKeywordForPlatform(KeywordExecutor.groovy:74)
	at com.kms.katalon.core.webui.keyword.WebUiBuiltInKeywords.click(WebUiBuiltInKeywords.groovy:620)
	at com.kms.katalon.core.webui.keyword.WebUiBuiltInKeywords$click$10.call(Unknown Source)
	at Payments_ExistingLiability_HC_TC.run(Payments_ExistingLiability_HC_TC:217)
	at com.kms.katalon.core.main.ScriptEngine.run(ScriptEngine.java:194)
	at com.kms.katalon.core.main.ScriptEngine.runScriptAsRawText(ScriptEngine.java:119)
	at com.kms.katalon.core.main.TestCaseExecutor.runScript(TestCaseExecutor.java:430)
	at com.kms.katalon.core.main.TestCaseExecutor.doExecute(TestCaseExecutor.java:421)
	at com.kms.katalon.core.main.TestCaseExecutor.processExecutionPhase(TestCaseExecutor.java:400)
	at com.kms.katalon.core.main.TestCaseExecutor.accessMainPhase(TestCaseExecutor.java:392)
	at com.kms.katalon.core.main.TestCaseExecutor.execute(TestCaseExecutor.java:273)
	at com.kms.katalon.core.main.TestSuiteExecutor.accessTestCaseMainPhase(TestSuiteExecutor.java:202)
	at com.kms.katalon.core.main.TestSuiteExecutor.accessTestSuiteMainPhase(TestSuiteExecutor.java:164)
	at com.kms.katalon.core.main.TestSuiteExecutor.execute(TestSuiteExecutor.java:105)
	at com.kms.katalon.core.main.TestCaseMain.startTestSuite(TestCaseMain.java:185)
	at com.kms.katalon.core.main.TestCaseMain$startTestSuite$0.call(Unknown Source)
	at TempTestSuite1636391403401.run(TempTestSuite1636391403401.groovy:36)
Caused by: com.kms.katalon.core.webui.exception.WebElementNotFoundException: Web element with id: 'Object Repository/RAD_Pages/ServiceFeeAccept_Page/input_convFeeNotifyAction' located by '//*[@type = 'submit' and @name = 'convFeeNotifyAction']' not found
	at com.kms.katalon.core.webui.common.WebUiCommonHelper.findWebElement(WebUiCommonHelper.java:1368)
	at com.kms.katalon.core.webui.keyword.internal.WebUIAbstractKeyword.findWebElement(WebUIAbstractKeyword.groovy:27)
	at com.kms.katalon.core.webui.keyword.internal.WebUIAbstractKeyword.findWebElement(WebUIAbstractKeyword.groovy:26)
	at com.kms.katalon.core.webui.keyword.builtin.ClickKeyword$_click_closure1.doCall(ClickKeyword.groovy:66)
	at com.kms.katalon.core.webui.keyword.builtin.ClickKeyword$_click_closure1.call(ClickKeyword.groovy)
	at com.kms.katalon.core.webui.keyword.internal.WebUIKeywordMain.runKeyword(WebUIKeywordMain.groovy:20)
	at com.kms.katalon.core.webui.keyword.builtin.ClickKeyword.click(ClickKeyword.groovy:75)
	at com.kms.katalon.core.webui.keyword.builtin.ClickKeyword.execute(ClickKeyword.groovy:42)
	at com.kms.katalon.core.keyword.internal.KeywordExecutor.executeKeywordForPlatform(KeywordExecutor.groovy:74)
	at com.kms.katalon.core.webui.keyword.WebUiBuiltInKeywords.click(WebUiBuiltInKeywords.groovy:620)
	at com.kms.katalon.core.webui.keyword.WebUiBuiltInKeywords$click$10.call(Unknown Source)
	at Script1634702981988.run(Script1634702981988.groovy:217)
	... 13 more
)
	at com.kms.katalon.core.keyword.internal.KeywordMain.stepFailed(KeywordMain.groovy:39)
	at com.kms.katalon.core.webui.keyword.internal.WebUIKeywordMain.stepFailed(WebUIKeywordMain.groovy:64)
	at com.kms.katalon.core.webui.keyword.internal.WebUIKeywordMain.runKeyword(WebUIKeywordMain.groovy:26)
	at com.kms.katalon.core.webui.keyword.builtin.ClickKeyword.click(ClickKeyword.groovy:75)
	at com.kms.katalon.core.webui.keyword.builtin.ClickKeyword.execute(ClickKeyword.groovy:42)
	at com.kms.katalon.core.keyword.internal.KeywordExecutor.executeKeywordForPlatform(KeywordExecutor.groovy:74)
	at com.kms.katalon.core.webui.keyword.WebUiBuiltInKeywords.click(WebUiBuiltInKeywords.groovy:620)
	at com.kms.katalon.core.webui.keyword.WebUiBuiltInKeywords$click$10.call(Unknown Source)
	at Payments_ExistingLiability_HC_TC.run(Payments_ExistingLiability_HC_TC:217)
	at com.kms.katalon.core.main.ScriptEngine.run(ScriptEngine.java:194)
	at com.kms.katalon.core.main.ScriptEngine.runScriptAsRawText(ScriptEngine.java:119)
	at com.kms.katalon.core.main.TestCaseExecutor.runScript(TestCaseExecutor.java:430)
	at com.kms.katalon.core.main.TestCaseExecutor.doExecute(TestCaseExecutor.java:421)
	at com.kms.katalon.core.main.TestCaseExecutor.processExecutionPhase(TestCaseExecutor.java:400)
	at com.kms.katalon.core.main.TestCaseExecutor.accessMainPhase(TestCaseExecutor.java:392)
	at com.kms.katalon.core.main.TestCaseExecutor.execute(TestCaseExecutor.java:273)
	at com.kms.katalon.core.main.TestSuiteExecutor.accessTestCaseMainPhase(TestSuiteExecutor.java:202)
	at com.kms.katalon.core.main.TestSuiteExecutor.accessTestSuiteMainPhase(TestSuiteExecutor.java:164)
	at com.kms.katalon.core.main.TestSuiteExecutor.execute(TestSuiteExecutor.java:105)
	at com.kms.katalon.core.main.TestCaseMain.startTestSuite(TestCaseMain.java:185)
	at com.kms.katalon.core.main.TestCaseMain$startTestSuite$0.call(Unknown Source)
	at TempTestSuite1636391403401.run(TempTestSuite1636391403401.groovy:36)
Caused by: com.kms.katalon.core.exception.StepFailedException: Unable to click on object 'Object Repository/RAD_Pages/ServiceFeeAccept_Page/input_convFeeNotifyAction'
	... 21 more
Caused by: com.kms.katalon.core.webui.exception.WebElementNotFoundException: Web element with id: 'Object Repository/RAD_Pages/ServiceFeeAccept_Page/input_convFeeNotifyAction' located by '//*[@type = 'submit' and @name = 'convFeeNotifyAction']' not found
	at com.kms.katalon.core.webui.common.WebUiCommonHelper.findWebElement(WebUiCommonHelper.java:1368)
	at com.kms.katalon.core.webui.keyword.internal.WebUIAbstractKeyword.findWebElement(WebUIAbstractKeyword.groovy:27)
	at com.kms.katalon.core.webui.keyword.internal.WebUIAbstractKeyword.findWebElement(WebUIAbstractKeyword.groovy:26)
	at com.kms.katalon.core.webui.keyword.builtin.ClickKeyword$_click_closure1.doCall(ClickKeyword.groovy:66)
	at com.kms.katalon.core.webui.keyword.builtin.ClickKeyword$_click_closure1.call(ClickKeyword.groovy)
	at com.kms.katalon.core.webui.keyword.internal.WebUIKeywordMain.runKeyword(WebUIKeywordMain.groovy:20)
	... 19 more


2021-11-08 12:47:54 - [TEST_STEP][PASSED] - resText = "Fail": null

2021-11-08 12:47:54 - [TEST_STEP][PASSED] - resColumn = "Result": null

2021-11-08 12:47:54 - [TEST_STEP][PASSED] - datCloumn = "Date": null

2021-11-08 12:47:54 - [TEST_STEP][PASSED] - fileLoc = "C:\KatalonData\RADTestData\PaymentsELHardCoded.xlsx": null

2021-11-08 12:47:54 - [TEST_STEP][PASSED] - nameSheet = "Sheet1": null

2021-11-08 12:47:54 - [TEST_STEP][PASSED] - dataFile = "RADTestData/PaymentsELHardCoded": null

2021-11-08 12:47:54 - [TEST_STEP][PASSED] - ExecuteTC = <not implemented yet for class: org.codehaus.groovy.ast.expr.EmptyExpression>: null

2021-11-08 12:47:54 - [TEST_STEP][PASSED] - Taxtype = <not implemented yet for class: org.codehaus.groovy.ast.expr.EmptyExpression>: null

2021-11-08 12:47:54 - [TEST_STEP][PASSED] - TaxTypeEL = <not implemented yet for class: org.codehaus.groovy.ast.expr.EmptyExpression>: null

2021-11-08 12:47:54 - [TEST_STEP][PASSED] - FName = <not implemented yet for class: org.codehaus.groovy.ast.expr.EmptyExpression>: null

2021-11-08 12:47:54 - [TEST_STEP][PASSED] - LName = <not implemented yet for class: org.codehaus.groovy.ast.expr.EmptyExpression>: null

2021-11-08 12:47:54 - [TEST_STEP][PASSED] - AL1 = <not implemented yet for class: org.codehaus.groovy.ast.expr.EmptyExpression>: null

2021-11-08 12:47:54 - [TEST_STEP][PASSED] - City = <not implemented yet for class: org.codehaus.groovy.ast.expr.EmptyExpression>: null

2021-11-08 12:47:54 - [TEST_STEP][PASSED] - ZIP = <not implemented yet for class: org.codehaus.groovy.ast.expr.EmptyExpression>: null

2021-11-08 12:47:54 - [TEST_STEP][PASSED] - Amount = <not implemented yet for class: org.codehaus.groovy.ast.expr.EmptyExpression>: null

2021-11-08 12:47:54 - [TEST_STEP][PASSED] - CCNumber = <not implemented yet for class: org.codehaus.groovy.ast.expr.EmptyExpression>: null

2021-11-08 12:47:54 - [TEST_STEP][PASSED] - CVV = <not implemented yet for class: org.codehaus.groovy.ast.expr.EmptyExpression>: null

2021-11-08 12:47:54 - [TEST_STEP][PASSED] - SSN = <not implemented yet for class: org.codehaus.groovy.ast.expr.EmptyExpression>: null

2021-11-08 12:47:54 - [TEST_STEP][PASSED] - FilingYear = <not implemented yet for class: org.codehaus.groovy.ast.expr.EmptyExpression>: null

2021-11-08 12:47:54 - [TEST_STEP][PASSED] - FEIN = <not implemented yet for class: org.codehaus.groovy.ast.expr.EmptyExpression>: null

2021-11-08 12:47:54 - [TEST_STEP][PASSED] - rand = new java.util.Random(): null

2021-11-08 12:47:54 - [TEST_STEP][PASSED] - numOfRows = findTestData(dataFile).getRowNumbers(): null

2021-11-08 12:47:54 - [TEST_STEP][PASSED] - println("Number of Records: " + numOfRows): null

2021-11-08 12:47:54 - [TEST_STEP][FAILED] - for ([row = 1, row <= numOfRows, (row++)]): null

2021-11-08 12:47:54 - [TEST_STEP][PASSED] - ExecuteTC = findTestData(dataFile).getValue("Execute", row): null

2021-11-08 12:47:54 - [TEST_STEP][PASSED] - Taxtype = findTestData(dataFile).getValue("TaxType", row): null

2021-11-08 12:47:54 - [TEST_STEP][PASSED] - TaxTypeEL = findTestData(dataFile).getValue("TaxTypeEL", row): null

2021-11-08 12:47:55 - [TEST_STEP][PASSED] - FilingYear = findTestData(dataFile).getValue("FilingYear", row): null

2021-11-08 12:47:55 - [TEST_STEP][PASSED] - FName = findTestData(dataFile).getValue("Fname", row): null

2021-11-08 12:47:55 - [TEST_STEP][PASSED] - LName = findTestData(dataFile).getValue("Lname", row): null

2021-11-08 12:47:55 - [TEST_STEP][PASSED] - AL1 = findTestData(dataFile).getValue("AL1", row): null

2021-11-08 12:47:55 - [TEST_STEP][PASSED] - City = findTestData(dataFile).getValue("City", row): null

2021-11-08 12:47:55 - [TEST_STEP][PASSED] - ZIP = findTestData(dataFile).getValue("ZIP", row): null

2021-11-08 12:47:55 - [TEST_STEP][PASSED] - Amount = findTestData(dataFile).getValue("Amount", row): null

2021-11-08 12:47:55 - [TEST_STEP][PASSED] - CCNumber = findTestData(dataFile).getValue("CCNumber", row): null

2021-11-08 12:47:55 - [TEST_STEP][PASSED] - CVV = findTestData(dataFile).getValue("CVV", row): null

2021-11-08 12:47:55 - [TEST_STEP][PASSED] - SSN = findTestData(dataFile).getValue("SSN", row): null

2021-11-08 12:47:55 - [TEST_STEP][PASSED] - FEIN = findTestData(dataFile).getValue("FEIN", row): null

2021-11-08 12:47:55 - [TEST_STEP][PASSED] - out.println("Value of Execute is : " + ExecuteTC): null

2021-11-08 12:47:55 - [TEST_STEP][PASSED] - if (ExecuteTC.equalsIgnoreCase("Y")): null

2021-11-08 12:47:55 - [TEST_STEP][PASSED] - out.println("Begin Record Number: " + row): null

2021-11-08 12:47:55 - [TEST_STEP][PASSED] - today = new java.util.Date(): null

2021-11-08 12:47:55 - [TEST_STEP][PASSED] - println(today): null

2021-11-08 12:47:55 - [TEST_STEP][PASSED] - datText = today: null

2021-11-08 12:47:55 - [TEST_STEP][PASSED] - Taxtype = findTestData(dataFile).getValue("TaxType", row): null

2021-11-08 12:47:55 - [TEST_STEP][PASSED] - out.println("Taxtype value is : " + Taxtype): null

2021-11-08 12:47:55 - [TEST_STEP][PASSED] - openBrowser(""): Browser is opened with url: ''

2021-11-08 12:47:55 - [MESSAGE][WARNING] - A browser is already opened. Closing browser and opening a new one

2021-11-08 12:47:56 - [MESSAGE][INFO] - Starting 'Chrome' driver

2021-11-08 12:47:56 - [MESSAGE][INFO] - User set preference: ['acceptInsecureCerts', 'true']

2021-11-08 12:47:56 - [MESSAGE][INFO] - Action delay is set to 0 milliseconds

2021-11-08 12:47:57 - [MESSAGE][PASSED] - Browser is opened with url: ''

2021-11-08 12:47:57 - [TEST_STEP][PASSED] - maximizeWindow(): Current window maximized

2021-11-08 12:47:58 - [MESSAGE][PASSED] - Current window maximized

2021-11-08 12:47:58 - [TEST_STEP][PASSED] - navigateToUrl(RADurl): Navigate to 'https://qa.velocitypayment.com/client/rad/index.html' successfully

2021-11-08 12:47:59 - [MESSAGE][PASSED] - Navigate to 'https://qa.velocitypayment.com/client/rad/index.html' successfully

2021-11-08 12:47:59 - [TEST_STEP][PASSED] - orPath_Landing = "Object Repository/RAD_Pages/Landing_Page": null

2021-11-08 12:47:59 - [TEST_STEP][PASSED] - orPath_TaxTypeFilingYear = "Object Repository/RAD_Pages/TaxTypeFilingYear_Page": null

2021-11-08 12:47:59 - [TEST_STEP][PASSED] - orPath_TaxPayer = "Object Repository/RAD_Pages/Taxpayer_Page": null

2021-11-08 12:47:59 - [TEST_STEP][PASSED] - orPath_AddressContact = "Object Repository/RAD_Pages/AddressAndContactInfo_Page": null

2021-11-08 12:47:59 - [TEST_STEP][PASSED] - orPath_FilingStatus = "Object Repository/RAD_Pages/FilingStatus_Page": null

2021-11-08 12:47:59 - [TEST_STEP][PASSED] - orPath_Amount = "Object Repository/RAD_Pages/PaymentAmount_Page": null

2021-11-08 12:47:59 - [TEST_STEP][PASSED] - orPath_TaxInfo = "Object Repository/RAD_Pages/TaxInfo_Page": null

2021-11-08 12:47:59 - [TEST_STEP][PASSED] - orPath_Withholding = "Object Repository/RAD_Pages/Withholding_Page": null

2021-11-08 12:47:59 - [TEST_STEP][PASSED] - orPath_Summary = "Object Repository/RAD_Pages/Summary_Page": null

2021-11-08 12:47:59 - [TEST_STEP][PASSED] - orPath_PaymentReady = "Object Repository/RAD_Pages/PaymentReady_Page": null

2021-11-08 12:47:59 - [TEST_STEP][PASSED] - orPath_PaymentEntry = "Object Repository/RAD_Pages/PaymentEntry_Page": null

2021-11-08 12:47:59 - [TEST_STEP][PASSED] - orPath_PaymentConfirmation = "Object Repository/RAD_Pages/PaymentConfirmation_Page": null

2021-11-08 12:47:59 - [TEST_STEP][PASSED] - orPath_ServiceFeesAccept = "Object Repository/RAD_Pages/ServiceFeeAccept_Page": null

2021-11-08 12:47:59 - [TEST_STEP][PASSED] - selectOptionByLabel(findTestObject(orPath_Landing + "/dd_TaxType"), Taxtype, false): All options with label 'Existing Liability' are selected in object 'Object Repository/RAD_Pages/Landing_Page/dd_TaxType' 

2021-11-08 12:48:00 - [MESSAGE][PASSED] - All options with label 'Existing Liability' are selected in object 'Object Repository/RAD_Pages/Landing_Page/dd_TaxType' 

2021-11-08 12:48:00 - [TEST_STEP][PASSED] - delay(1): Delayed 1 second(s)

2021-11-08 12:48:01 - [MESSAGE][PASSED] - Delayed 1 second(s)

2021-11-08 12:48:01 - [TEST_STEP][PASSED] - selectOptionByLabel(findTestObject(orPath_TaxTypeFilingYear + "/select_TaxType_ExistingLiability"), TaxTypeEL, false): All options with label 'Bay Restoration Fund Tax' are selected in object 'Object Repository/RAD_Pages/TaxTypeFilingYear_Page/select_TaxType_ExistingLiability' 

2021-11-08 12:48:02 - [MESSAGE][PASSED] - All options with label 'Bay Restoration Fund Tax' are selected in object 'Object Repository/RAD_Pages/TaxTypeFilingYear_Page/select_TaxType_ExistingLiability' 

2021-11-08 12:48:02 - [TEST_STEP][PASSED] - selectOptionByLabel(findTestObject(orPath_TaxTypeFilingYear + "/select_FilingYear"), FilingYear, false): All options with label '2021' are selected in object 'Object Repository/RAD_Pages/TaxTypeFilingYear_Page/select_FilingYear' 

2021-11-08 12:48:02 - [MESSAGE][PASSED] - All options with label '2021' are selected in object 'Object Repository/RAD_Pages/TaxTypeFilingYear_Page/select_FilingYear' 

2021-11-08 12:48:02 - [TEST_STEP][PASSED] - setText(findTestObject(orPath_TaxPayer + "/input_firstName"), FName): Text 'Michael' is set on object 'Object Repository/RAD_Pages/Taxpayer_Page/input_firstName'

2021-11-08 12:48:03 - [MESSAGE][PASSED] - Text 'Michael' is set on object 'Object Repository/RAD_Pages/Taxpayer_Page/input_firstName'

2021-11-08 12:48:03 - [TEST_STEP][PASSED] - setText(findTestObject(orPath_TaxPayer + "/input_lastName"), LName): Text 'Anderson' is set on object 'Object Repository/RAD_Pages/Taxpayer_Page/input_lastName'

2021-11-08 12:48:04 - [MESSAGE][PASSED] - Text 'Anderson' is set on object 'Object Repository/RAD_Pages/Taxpayer_Page/input_lastName'

2021-11-08 12:48:04 - [TEST_STEP][PASSED] - setText(findTestObject(orPath_TaxPayer + "/input_middleName"), "Johns"): Text 'Johns' is set on object 'Object Repository/RAD_Pages/Taxpayer_Page/input_middleName'

2021-11-08 12:48:04 - [MESSAGE][PASSED] - Text 'Johns' is set on object 'Object Repository/RAD_Pages/Taxpayer_Page/input_middleName'

2021-11-08 12:48:04 - [TEST_STEP][PASSED] - setText(findTestObject(orPath_TaxPayer + "/input_suffix"), "Sr"): Text 'Sr' is set on object 'Object Repository/RAD_Pages/Taxpayer_Page/input_suffix'

2021-11-08 12:48:05 - [MESSAGE][PASSED] - Text 'Sr' is set on object 'Object Repository/RAD_Pages/Taxpayer_Page/input_suffix'

2021-11-08 12:48:05 - [TEST_STEP][PASSED] - selectOptionByLabel(findTestObject(orPath_AddressContact + "/select_Country"), "United States", false): All options with label 'United States' are selected in object 'Object Repository/RAD_Pages/AddressAndContactInfo_Page/select_Country' 

2021-11-08 12:48:06 - [MESSAGE][PASSED] - All options with label 'United States' are selected in object 'Object Repository/RAD_Pages/AddressAndContactInfo_Page/select_Country' 

2021-11-08 12:48:06 - [TEST_STEP][PASSED] - setText(findTestObject(orPath_AddressContact + "/input_streetAddress1"), AL1): Text '2311 York road' is set on object 'Object Repository/RAD_Pages/AddressAndContactInfo_Page/input_streetAddress1'

2021-11-08 12:48:06 - [MESSAGE][PASSED] - Text '2311 York road' is set on object 'Object Repository/RAD_Pages/AddressAndContactInfo_Page/input_streetAddress1'

2021-11-08 12:48:06 - [TEST_STEP][PASSED] - setText(findTestObject(orPath_AddressContact + "/input_streetAddress2"), ""): Text '' is set on object 'Object Repository/RAD_Pages/AddressAndContactInfo_Page/input_streetAddress2'

2021-11-08 12:48:07 - [MESSAGE][PASSED] - Text '' is set on object 'Object Repository/RAD_Pages/AddressAndContactInfo_Page/input_streetAddress2'

2021-11-08 12:48:07 - [TEST_STEP][PASSED] - setText(findTestObject(orPath_AddressContact + "/input_city"), City): Text 'Gambrills' is set on object 'Object Repository/RAD_Pages/AddressAndContactInfo_Page/input_city'

2021-11-08 12:48:08 - [MESSAGE][PASSED] - Text 'Gambrills' is set on object 'Object Repository/RAD_Pages/AddressAndContactInfo_Page/input_city'

2021-11-08 12:48:08 - [TEST_STEP][PASSED] - selectOptionByLabel(findTestObject(orPath_AddressContact + "/select_State"), "Maryland", false): All options with label 'Maryland' are selected in object 'Object Repository/RAD_Pages/AddressAndContactInfo_Page/select_State' 

2021-11-08 12:48:08 - [MESSAGE][PASSED] - All options with label 'Maryland' are selected in object 'Object Repository/RAD_Pages/AddressAndContactInfo_Page/select_State' 

2021-11-08 12:48:08 - [TEST_STEP][PASSED] - setText(findTestObject(orPath_AddressContact + "/input_zipCode"), ZIP): Text '21054' is set on object 'Object Repository/RAD_Pages/AddressAndContactInfo_Page/input_zipCode'

2021-11-08 12:48:09 - [MESSAGE][PASSED] - Text '21054' is set on object 'Object Repository/RAD_Pages/AddressAndContactInfo_Page/input_zipCode'

2021-11-08 12:48:09 - [TEST_STEP][PASSED] - setText(findTestObject(orPath_AddressContact + "/input_phoneNumber"), "(703) 894-5000"): Text '(703) 894-5000' is set on object 'Object Repository/RAD_Pages/AddressAndContactInfo_Page/input_phoneNumber'

2021-11-08 12:48:10 - [MESSAGE][PASSED] - Text '(703) 894-5000' is set on object 'Object Repository/RAD_Pages/AddressAndContactInfo_Page/input_phoneNumber'

2021-11-08 12:48:10 - [TEST_STEP][PASSED] - setText(findTestObject(orPath_AddressContact + "/input_eMailAddress"), "iahmed@govolution.com"): Text 'iahmed@govolution.com' is set on object 'Object Repository/RAD_Pages/AddressAndContactInfo_Page/input_eMailAddress'

2021-11-08 12:48:11 - [MESSAGE][PASSED] - Text 'iahmed@govolution.com' is set on object 'Object Repository/RAD_Pages/AddressAndContactInfo_Page/input_eMailAddress'

2021-11-08 12:48:11 - [TEST_STEP][PASSED] - setText(findTestObject(orPath_AddressContact + "/input_reEnterEMailAddress"), "iahmed@govolution.com"): Text 'iahmed@govolution.com' is set on object 'Object Repository/RAD_Pages/AddressAndContactInfo_Page/input_reEnterEMailAddress'

2021-11-08 12:48:11 - [MESSAGE][PASSED] - Text 'iahmed@govolution.com' is set on object 'Object Repository/RAD_Pages/AddressAndContactInfo_Page/input_reEnterEMailAddress'

2021-11-08 12:48:11 - [TEST_STEP][PASSED] - if (!(SSN.isEmpty())): Text '123451234' is set on object 'Object Repository/RAD_Pages/TaxInfo_Page/input_TaxInfo_reTaxTypeExisitingSSN'

2021-11-08 12:48:11 - [TEST_STEP][PASSED] - setText(findTestObject(orPath_TaxInfo + "/input_TaxInfo_ExisitingSSN"), SSN): Text '123451234' is set on object 'Object Repository/RAD_Pages/TaxInfo_Page/input_TaxInfo_ExisitingSSN'

2021-11-08 12:48:12 - [MESSAGE][PASSED] - Text '123451234' is set on object 'Object Repository/RAD_Pages/TaxInfo_Page/input_TaxInfo_ExisitingSSN'

2021-11-08 12:48:12 - [TEST_STEP][PASSED] - setText(findTestObject(orPath_TaxInfo + "/input_TaxInfo_reTaxTypeExisitingSSN"), SSN): Text '123451234' is set on object 'Object Repository/RAD_Pages/TaxInfo_Page/input_TaxInfo_reTaxTypeExisitingSSN'

2021-11-08 12:48:13 - [MESSAGE][PASSED] - Text '123451234' is set on object 'Object Repository/RAD_Pages/TaxInfo_Page/input_TaxInfo_reTaxTypeExisitingSSN'

2021-11-08 12:48:13 - [TEST_STEP][PASSED] - scrollToElement(findTestObject(orPath_Amount + "/input__paymentAmount"), 3): Scroll to object 'Object Repository/RAD_Pages/PaymentAmount_Page/input__paymentAmount' successfully

2021-11-08 12:48:13 - [MESSAGE][PASSED] - Scroll to object 'Object Repository/RAD_Pages/PaymentAmount_Page/input__paymentAmount' successfully

2021-11-08 12:48:13 - [TEST_STEP][PASSED] - if (!(FEIN.isEmpty())): null

2021-11-08 12:48:13 - [TEST_STEP][PASSED] - delay(1): Delayed 1 second(s)

2021-11-08 12:48:14 - [MESSAGE][PASSED] - Delayed 1 second(s)

2021-11-08 12:48:14 - [TEST_STEP][PASSED] - setText(findTestObject(orPath_TaxInfo + "/input_NoticeInvoiceNumber"), "258147147"): Text '258147147' is set on object 'Object Repository/RAD_Pages/TaxInfo_Page/input_NoticeInvoiceNumber'

2021-11-08 12:48:15 - [MESSAGE][PASSED] - Text '258147147' is set on object 'Object Repository/RAD_Pages/TaxInfo_Page/input_NoticeInvoiceNumber'

2021-11-08 12:48:15 - [TEST_STEP][PASSED] - setText(findTestObject(orPath_TaxInfo + "/input_reTypeNoticeInvoiceNumber"), "258147147"): Text '258147147' is set on object 'Object Repository/RAD_Pages/TaxInfo_Page/input_reTypeNoticeInvoiceNumber'

2021-11-08 12:48:16 - [MESSAGE][PASSED] - Text '258147147' is set on object 'Object Repository/RAD_Pages/TaxInfo_Page/input_reTypeNoticeInvoiceNumber'

2021-11-08 12:48:16 - [TEST_STEP][PASSED] - if (TaxTypeEL.equalsIgnoreCase("Sales & Use Tax")): null

2021-11-08 12:48:16 - [TEST_STEP][PASSED] - setText(findTestObject(orPath_Amount + "/input__paymentAmount"), Amount): Text '30.50' is set on object 'Object Repository/RAD_Pages/PaymentAmount_Page/input__paymentAmount'

2021-11-08 12:48:16 - [MESSAGE][PASSED] - Text '30.50' is set on object 'Object Repository/RAD_Pages/PaymentAmount_Page/input__paymentAmount'

2021-11-08 12:48:16 - [TEST_STEP][PASSED] - scrollToElement(findTestObject(orPath_Landing + "/button_Continue"), 3): Scroll to object 'Object Repository/RAD_Pages/Landing_Page/button_Continue' successfully

2021-11-08 12:48:17 - [MESSAGE][PASSED] - Scroll to object 'Object Repository/RAD_Pages/Landing_Page/button_Continue' successfully

2021-11-08 12:48:17 - [TEST_STEP][PASSED] - waitForElementClickable(findTestObject(orPath_Landing + "/button_Continue"), 5): Object 'Object Repository/RAD_Pages/Landing_Page/button_Continue' is clickable

2021-11-08 12:48:17 - [MESSAGE][PASSED] - Object 'Object Repository/RAD_Pages/Landing_Page/button_Continue' is clickable

2021-11-08 12:48:17 - [TEST_STEP][PASSED] - click(findTestObject(orPath_Landing + "/button_Continue")): Object: 'Object Repository/RAD_Pages/Landing_Page/button_Continue' is clicked on

2021-11-08 12:48:18 - [MESSAGE][PASSED] - Object: 'Object Repository/RAD_Pages/Landing_Page/button_Continue' is clicked on

2021-11-08 12:48:18 - [TEST_STEP][PASSED] - verifyTextPresent("Review the information below and make any necessary corrections by clicking the", true): Text 'Review the information below and make any necessary corrections by clicking the' is present on page  using regular expression

2021-11-08 12:48:18 - [MESSAGE][PASSED] - Text 'Review the information below and make any necessary corrections by clicking the' is present on page  using regular expression

2021-11-08 12:48:18 - [TEST_STEP][PASSED] - verifyTextPresent("When you are confident that all the information is correct", true): Text 'When you are confident that all the information is correct' is present on page  using regular expression

2021-11-08 12:48:19 - [MESSAGE][PASSED] - Text 'When you are confident that all the information is correct' is present on page  using regular expression

2021-11-08 12:48:19 - [TEST_STEP][PASSED] - delay(1): Delayed 1 second(s)

2021-11-08 12:48:20 - [MESSAGE][PASSED] - Delayed 1 second(s)

2021-11-08 12:48:20 - [TEST_STEP][PASSED] - click(findTestObject(orPath_PaymentReady + "/button_ProceedtoPayment")): Object: 'Object Repository/RAD_Pages/PaymentReady_Page/button_ProceedtoPayment' is clicked on

2021-11-08 12:48:21 - [MESSAGE][PASSED] - Object: 'Object Repository/RAD_Pages/PaymentReady_Page/button_ProceedtoPayment' is clicked on

2021-11-08 12:48:21 - [TEST_STEP][PASSED] - setText(findTestObject(orPath_PaymentEntry + "/input__cardNumber"), CCNumber): Text '4012000098765439' is set on object 'Object Repository/RAD_Pages/PaymentEntry_Page/input__cardNumber'

2021-11-08 12:48:22 - [MESSAGE][PASSED] - Text '4012000098765439' is set on object 'Object Repository/RAD_Pages/PaymentEntry_Page/input__cardNumber'

2021-11-08 12:48:22 - [TEST_STEP][PASSED] - setText(findTestObject(orPath_PaymentEntry + "/input__spc"), CVV): Text '123' is set on object 'Object Repository/RAD_Pages/PaymentEntry_Page/input__spc'

2021-11-08 12:48:23 - [MESSAGE][PASSED] - Text '123' is set on object 'Object Repository/RAD_Pages/PaymentEntry_Page/input__spc'

2021-11-08 12:48:23 - [TEST_STEP][PASSED] - selectOptionByLabel(findTestObject(orPath_PaymentEntry + "/select_MM"), "12", false): All options with label '12' are selected in object 'Object Repository/RAD_Pages/PaymentEntry_Page/select_MM' 

2021-11-08 12:48:24 - [MESSAGE][PASSED] - All options with label '12' are selected in object 'Object Repository/RAD_Pages/PaymentEntry_Page/select_MM' 

2021-11-08 12:48:24 - [TEST_STEP][PASSED] - selectOptionByLabel(findTestObject(orPath_PaymentEntry + "/select_YYYY"), "2023", false): All options with label '2023' are selected in object 'Object Repository/RAD_Pages/PaymentEntry_Page/select_YYYY' 

2021-11-08 12:48:24 - [MESSAGE][PASSED] - All options with label '2023' are selected in object 'Object Repository/RAD_Pages/PaymentEntry_Page/select_YYYY' 

2021-11-08 12:48:24 - [TEST_STEP][PASSED] - click(findTestObject(orPath_PaymentEntry + "/input_Field_ccSubmit")): Object: 'Object Repository/RAD_Pages/PaymentEntry_Page/input_Field_ccSubmit' is clicked on

2021-11-08 12:48:25 - [MESSAGE][PASSED] - Object: 'Object Repository/RAD_Pages/PaymentEntry_Page/input_Field_ccSubmit' is clicked on

2021-11-08 12:48:25 - [TEST_STEP][PASSED] - click(findTestObject(orPath_PaymentConfirmation + "/input_N_confirmNotifyAction")): Object: 'Object Repository/RAD_Pages/PaymentConfirmation_Page/input_N_confirmNotifyAction' is clicked on

2021-11-08 12:48:27 - [MESSAGE][PASSED] - Object: 'Object Repository/RAD_Pages/PaymentConfirmation_Page/input_N_confirmNotifyAction' is clicked on

2021-11-08 12:48:27 - [TEST_STEP][PASSED] - click(findTestObject(orPath_ServiceFeesAccept + "/input_convFeeNotifyAction")): Object: 'Object Repository/RAD_Pages/ServiceFeeAccept_Page/input_convFeeNotifyAction' is clicked on

2021-11-08 12:48:28 - [MESSAGE][PASSED] - Object: 'Object Repository/RAD_Pages/ServiceFeeAccept_Page/input_convFeeNotifyAction' is clicked on

2021-11-08 12:48:28 - [TEST_STEP][PASSED] - delay(10): Delayed 10 second(s)

2021-11-08 12:48:38 - [MESSAGE][PASSED] - Delayed 10 second(s)

2021-11-08 12:48:38 - [TEST_STEP][PASSED] - verifyTextPresent("Successful Payment Receipt", true): Text 'Successful Payment Receipt' is present on page  using regular expression

2021-11-08 12:48:39 - [MESSAGE][PASSED] - Text 'Successful Payment Receipt' is present on page  using regular expression

2021-11-08 12:48:39 - [TEST_STEP][PASSED] - if (verifyTextPresent("Successful Payment Receipt", true)): null

2021-11-08 12:48:39 - [MESSAGE][PASSED] - Text 'Successful Payment Receipt' is present on page  using regular expression

2021-11-08 12:48:39 - [TEST_STEP][PASSED] - println("Transaction was Successful"): null

2021-11-08 12:48:39 - [TEST_STEP][PASSED] - out.println("Pass Record Number: " + row): null

2021-11-08 12:48:39 - [TEST_STEP][PASSED] - resText = "Pass": null

2021-11-08 12:48:39 - [TEST_STEP][PASSED] - pages.WriteExcel.demoKey(resText, datText, resColumn, datCloumn, fileLoc, nameSheet, row): pages.WriteExcel.demoKey is PASSED

2021-11-08 12:48:39 - [MESSAGE][PASSED] - pages.WriteExcel.demoKey is PASSED

2021-11-08 12:48:39 - [TEST_STEP][PASSED] - ExecuteTC = findTestData(dataFile).getValue("Execute", row): null

2021-11-08 12:48:39 - [TEST_STEP][PASSED] - Taxtype = findTestData(dataFile).getValue("TaxType", row): null

2021-11-08 12:48:39 - [TEST_STEP][PASSED] - TaxTypeEL = findTestData(dataFile).getValue("TaxTypeEL", row): null

2021-11-08 12:48:39 - [TEST_STEP][PASSED] - FilingYear = findTestData(dataFile).getValue("FilingYear", row): null

2021-11-08 12:48:39 - [TEST_STEP][PASSED] - FName = findTestData(dataFile).getValue("Fname", row): null

2021-11-08 12:48:39 - [TEST_STEP][PASSED] - LName = findTestData(dataFile).getValue("Lname", row): null

2021-11-08 12:48:39 - [TEST_STEP][PASSED] - AL1 = findTestData(dataFile).getValue("AL1", row): null

2021-11-08 12:48:39 - [TEST_STEP][PASSED] - City = findTestData(dataFile).getValue("City", row): null

2021-11-08 12:48:39 - [TEST_STEP][PASSED] - ZIP = findTestData(dataFile).getValue("ZIP", row): null

2021-11-08 12:48:39 - [TEST_STEP][PASSED] - Amount = findTestData(dataFile).getValue("Amount", row): null

2021-11-08 12:48:39 - [TEST_STEP][PASSED] - CCNumber = findTestData(dataFile).getValue("CCNumber", row): null

2021-11-08 12:48:39 - [TEST_STEP][PASSED] - CVV = findTestData(dataFile).getValue("CVV", row): null

2021-11-08 12:48:40 - [TEST_STEP][PASSED] - SSN = findTestData(dataFile).getValue("SSN", row): null

2021-11-08 12:48:40 - [TEST_STEP][PASSED] - FEIN = findTestData(dataFile).getValue("FEIN", row): null

2021-11-08 12:48:40 - [TEST_STEP][PASSED] - out.println("Value of Execute is : " + ExecuteTC): null

2021-11-08 12:48:40 - [TEST_STEP][PASSED] - if (ExecuteTC.equalsIgnoreCase("Y")): null

2021-11-08 12:48:40 - [TEST_STEP][PASSED] - out.println("Begin Record Number: " + row): null

2021-11-08 12:48:40 - [TEST_STEP][PASSED] - today = new java.util.Date(): null

2021-11-08 12:48:40 - [TEST_STEP][PASSED] - println(today): null

2021-11-08 12:48:40 - [TEST_STEP][PASSED] - datText = today: null

2021-11-08 12:48:40 - [TEST_STEP][PASSED] - Taxtype = findTestData(dataFile).getValue("TaxType", row): null

2021-11-08 12:48:40 - [TEST_STEP][PASSED] - out.println("Taxtype value is : " + Taxtype): null

2021-11-08 12:48:40 - [TEST_STEP][PASSED] - openBrowser(""): Browser is opened with url: ''

2021-11-08 12:48:40 - [MESSAGE][WARNING] - A browser is already opened. Closing browser and opening a new one

2021-11-08 12:48:41 - [MESSAGE][INFO] - Starting 'Chrome' driver

2021-11-08 12:48:41 - [MESSAGE][INFO] - User set preference: ['acceptInsecureCerts', 'true']

2021-11-08 12:48:41 - [MESSAGE][INFO] - Action delay is set to 0 milliseconds

2021-11-08 12:48:42 - [MESSAGE][PASSED] - Browser is opened with url: ''

2021-11-08 12:48:42 - [TEST_STEP][PASSED] - maximizeWindow(): Current window maximized

2021-11-08 12:48:42 - [MESSAGE][PASSED] - Current window maximized

2021-11-08 12:48:42 - [TEST_STEP][PASSED] - navigateToUrl(RADurl): Navigate to 'https://qa.velocitypayment.com/client/rad/index.html' successfully

2021-11-08 12:48:44 - [MESSAGE][PASSED] - Navigate to 'https://qa.velocitypayment.com/client/rad/index.html' successfully

2021-11-08 12:48:44 - [TEST_STEP][PASSED] - orPath_Landing = "Object Repository/RAD_Pages/Landing_Page": null

2021-11-08 12:48:44 - [TEST_STEP][PASSED] - orPath_TaxTypeFilingYear = "Object Repository/RAD_Pages/TaxTypeFilingYear_Page": null

2021-11-08 12:48:44 - [TEST_STEP][PASSED] - orPath_TaxPayer = "Object Repository/RAD_Pages/Taxpayer_Page": null

2021-11-08 12:48:44 - [TEST_STEP][PASSED] - orPath_AddressContact = "Object Repository/RAD_Pages/AddressAndContactInfo_Page": null

2021-11-08 12:48:44 - [TEST_STEP][PASSED] - orPath_FilingStatus = "Object Repository/RAD_Pages/FilingStatus_Page": null

2021-11-08 12:48:44 - [TEST_STEP][PASSED] - orPath_Amount = "Object Repository/RAD_Pages/PaymentAmount_Page": null

2021-11-08 12:48:44 - [TEST_STEP][PASSED] - orPath_TaxInfo = "Object Repository/RAD_Pages/TaxInfo_Page": null

2021-11-08 12:48:44 - [TEST_STEP][PASSED] - orPath_Withholding = "Object Repository/RAD_Pages/Withholding_Page": null

2021-11-08 12:48:44 - [TEST_STEP][PASSED] - orPath_Summary = "Object Repository/RAD_Pages/Summary_Page": null

2021-11-08 12:48:44 - [TEST_STEP][PASSED] - orPath_PaymentReady = "Object Repository/RAD_Pages/PaymentReady_Page": null

2021-11-08 12:48:44 - [TEST_STEP][PASSED] - orPath_PaymentEntry = "Object Repository/RAD_Pages/PaymentEntry_Page": null

2021-11-08 12:48:44 - [TEST_STEP][PASSED] - orPath_PaymentConfirmation = "Object Repository/RAD_Pages/PaymentConfirmation_Page": null

2021-11-08 12:48:44 - [TEST_STEP][PASSED] - orPath_ServiceFeesAccept = "Object Repository/RAD_Pages/ServiceFeeAccept_Page": null

2021-11-08 12:48:44 - [TEST_STEP][PASSED] - selectOptionByLabel(findTestObject(orPath_Landing + "/dd_TaxType"), Taxtype, false): All options with label 'Existing Liability' are selected in object 'Object Repository/RAD_Pages/Landing_Page/dd_TaxType' 

2021-11-08 12:48:45 - [MESSAGE][PASSED] - All options with label 'Existing Liability' are selected in object 'Object Repository/RAD_Pages/Landing_Page/dd_TaxType' 

2021-11-08 12:48:45 - [TEST_STEP][PASSED] - delay(1): Delayed 1 second(s)

2021-11-08 12:48:46 - [MESSAGE][PASSED] - Delayed 1 second(s)

2021-11-08 12:48:46 - [TEST_STEP][PASSED] - selectOptionByLabel(findTestObject(orPath_TaxTypeFilingYear + "/select_TaxType_ExistingLiability"), TaxTypeEL, false): All options with label 'Bay Restoration Fund Tax' are selected in object 'Object Repository/RAD_Pages/TaxTypeFilingYear_Page/select_TaxType_ExistingLiability' 

2021-11-08 12:48:46 - [MESSAGE][PASSED] - All options with label 'Bay Restoration Fund Tax' are selected in object 'Object Repository/RAD_Pages/TaxTypeFilingYear_Page/select_TaxType_ExistingLiability' 

2021-11-08 12:48:46 - [TEST_STEP][PASSED] - selectOptionByLabel(findTestObject(orPath_TaxTypeFilingYear + "/select_FilingYear"), FilingYear, false): All options with label '2021' are selected in object 'Object Repository/RAD_Pages/TaxTypeFilingYear_Page/select_FilingYear' 

2021-11-08 12:48:47 - [MESSAGE][PASSED] - All options with label '2021' are selected in object 'Object Repository/RAD_Pages/TaxTypeFilingYear_Page/select_FilingYear' 

2021-11-08 12:48:47 - [TEST_STEP][PASSED] - setText(findTestObject(orPath_TaxPayer + "/input_firstName"), FName): Text 'Michael' is set on object 'Object Repository/RAD_Pages/Taxpayer_Page/input_firstName'

2021-11-08 12:48:48 - [MESSAGE][PASSED] - Text 'Michael' is set on object 'Object Repository/RAD_Pages/Taxpayer_Page/input_firstName'

2021-11-08 12:48:48 - [TEST_STEP][PASSED] - setText(findTestObject(orPath_TaxPayer + "/input_lastName"), LName): Text 'Anderson' is set on object 'Object Repository/RAD_Pages/Taxpayer_Page/input_lastName'

2021-11-08 12:48:48 - [MESSAGE][PASSED] - Text 'Anderson' is set on object 'Object Repository/RAD_Pages/Taxpayer_Page/input_lastName'

2021-11-08 12:48:48 - [TEST_STEP][PASSED] - setText(findTestObject(orPath_TaxPayer + "/input_middleName"), "Johns"): Text 'Johns' is set on object 'Object Repository/RAD_Pages/Taxpayer_Page/input_middleName'

2021-11-08 12:48:49 - [MESSAGE][PASSED] - Text 'Johns' is set on object 'Object Repository/RAD_Pages/Taxpayer_Page/input_middleName'

2021-11-08 12:48:49 - [TEST_STEP][PASSED] - setText(findTestObject(orPath_TaxPayer + "/input_suffix"), "Sr"): Text 'Sr' is set on object 'Object Repository/RAD_Pages/Taxpayer_Page/input_suffix'

2021-11-08 12:48:50 - [MESSAGE][PASSED] - Text 'Sr' is set on object 'Object Repository/RAD_Pages/Taxpayer_Page/input_suffix'

2021-11-08 12:48:50 - [TEST_STEP][PASSED] - selectOptionByLabel(findTestObject(orPath_AddressContact + "/select_Country"), "United States", false): All options with label 'United States' are selected in object 'Object Repository/RAD_Pages/AddressAndContactInfo_Page/select_Country' 

2021-11-08 12:48:50 - [MESSAGE][PASSED] - All options with label 'United States' are selected in object 'Object Repository/RAD_Pages/AddressAndContactInfo_Page/select_Country' 

2021-11-08 12:48:50 - [TEST_STEP][PASSED] - setText(findTestObject(orPath_AddressContact + "/input_streetAddress1"), AL1): Text '2311 York road' is set on object 'Object Repository/RAD_Pages/AddressAndContactInfo_Page/input_streetAddress1'

2021-11-08 12:48:51 - [MESSAGE][PASSED] - Text '2311 York road' is set on object 'Object Repository/RAD_Pages/AddressAndContactInfo_Page/input_streetAddress1'

2021-11-08 12:48:51 - [TEST_STEP][PASSED] - setText(findTestObject(orPath_AddressContact + "/input_streetAddress2"), ""): Text '' is set on object 'Object Repository/RAD_Pages/AddressAndContactInfo_Page/input_streetAddress2'

2021-11-08 12:48:52 - [MESSAGE][PASSED] - Text '' is set on object 'Object Repository/RAD_Pages/AddressAndContactInfo_Page/input_streetAddress2'

2021-11-08 12:48:52 - [TEST_STEP][PASSED] - setText(findTestObject(orPath_AddressContact + "/input_city"), City): Text 'Gambrills' is set on object 'Object Repository/RAD_Pages/AddressAndContactInfo_Page/input_city'

2021-11-08 12:48:52 - [MESSAGE][PASSED] - Text 'Gambrills' is set on object 'Object Repository/RAD_Pages/AddressAndContactInfo_Page/input_city'

2021-11-08 12:48:52 - [TEST_STEP][PASSED] - selectOptionByLabel(findTestObject(orPath_AddressContact + "/select_State"), "Maryland", false): All options with label 'Maryland' are selected in object 'Object Repository/RAD_Pages/AddressAndContactInfo_Page/select_State' 

2021-11-08 12:48:53 - [MESSAGE][PASSED] - All options with label 'Maryland' are selected in object 'Object Repository/RAD_Pages/AddressAndContactInfo_Page/select_State' 

2021-11-08 12:48:53 - [TEST_STEP][PASSED] - setText(findTestObject(orPath_AddressContact + "/input_zipCode"), ZIP): Text '21054' is set on object 'Object Repository/RAD_Pages/AddressAndContactInfo_Page/input_zipCode'

2021-11-08 12:48:54 - [MESSAGE][PASSED] - Text '21054' is set on object 'Object Repository/RAD_Pages/AddressAndContactInfo_Page/input_zipCode'

2021-11-08 12:48:54 - [TEST_STEP][PASSED] - setText(findTestObject(orPath_AddressContact + "/input_phoneNumber"), "(703) 894-5000"): Text '(703) 894-5000' is set on object 'Object Repository/RAD_Pages/AddressAndContactInfo_Page/input_phoneNumber'

2021-11-08 12:48:54 - [MESSAGE][PASSED] - Text '(703) 894-5000' is set on object 'Object Repository/RAD_Pages/AddressAndContactInfo_Page/input_phoneNumber'

2021-11-08 12:48:54 - [TEST_STEP][PASSED] - setText(findTestObject(orPath_AddressContact + "/input_eMailAddress"), "iahmed@govolution.com"): Text 'iahmed@govolution.com' is set on object 'Object Repository/RAD_Pages/AddressAndContactInfo_Page/input_eMailAddress'

2021-11-08 12:48:55 - [MESSAGE][PASSED] - Text 'iahmed@govolution.com' is set on object 'Object Repository/RAD_Pages/AddressAndContactInfo_Page/input_eMailAddress'

2021-11-08 12:48:55 - [TEST_STEP][PASSED] - setText(findTestObject(orPath_AddressContact + "/input_reEnterEMailAddress"), "iahmed@govolution.com"): Text 'iahmed@govolution.com' is set on object 'Object Repository/RAD_Pages/AddressAndContactInfo_Page/input_reEnterEMailAddress'

2021-11-08 12:48:56 - [MESSAGE][PASSED] - Text 'iahmed@govolution.com' is set on object 'Object Repository/RAD_Pages/AddressAndContactInfo_Page/input_reEnterEMailAddress'

2021-11-08 12:48:56 - [TEST_STEP][PASSED] - if (!(SSN.isEmpty())): null

2021-11-08 12:48:56 - [TEST_STEP][PASSED] - scrollToElement(findTestObject(orPath_Amount + "/input__paymentAmount"), 3): Scroll to object 'Object Repository/RAD_Pages/PaymentAmount_Page/input__paymentAmount' successfully

2021-11-08 12:48:56 - [MESSAGE][PASSED] - Scroll to object 'Object Repository/RAD_Pages/PaymentAmount_Page/input__paymentAmount' successfully

2021-11-08 12:48:56 - [TEST_STEP][PASSED] - if (!(FEIN.isEmpty())): Text '258369258' is set on object 'Object Repository/RAD_Pages/TaxInfo_Page/input_ReTypeFEIN'

2021-11-08 12:48:56 - [TEST_STEP][PASSED] - setText(findTestObject(orPath_TaxInfo + "/input_FEIN"), FEIN): Text '258369258' is set on object 'Object Repository/RAD_Pages/TaxInfo_Page/input_FEIN'

2021-11-08 12:48:57 - [MESSAGE][PASSED] - Text '258369258' is set on object 'Object Repository/RAD_Pages/TaxInfo_Page/input_FEIN'

2021-11-08 12:48:57 - [TEST_STEP][PASSED] - setText(findTestObject(orPath_TaxInfo + "/input_ReTypeFEIN"), FEIN): Text '258369258' is set on object 'Object Repository/RAD_Pages/TaxInfo_Page/input_ReTypeFEIN'

2021-11-08 12:48:57 - [MESSAGE][PASSED] - Text '258369258' is set on object 'Object Repository/RAD_Pages/TaxInfo_Page/input_ReTypeFEIN'

2021-11-08 12:48:57 - [TEST_STEP][PASSED] - delay(1): Delayed 1 second(s)

2021-11-08 12:48:58 - [MESSAGE][PASSED] - Delayed 1 second(s)

2021-11-08 12:48:58 - [TEST_STEP][PASSED] - setText(findTestObject(orPath_TaxInfo + "/input_NoticeInvoiceNumber"), "258147147"): Text '258147147' is set on object 'Object Repository/RAD_Pages/TaxInfo_Page/input_NoticeInvoiceNumber'

2021-11-08 12:48:59 - [MESSAGE][PASSED] - Text '258147147' is set on object 'Object Repository/RAD_Pages/TaxInfo_Page/input_NoticeInvoiceNumber'

2021-11-08 12:48:59 - [TEST_STEP][PASSED] - setText(findTestObject(orPath_TaxInfo + "/input_reTypeNoticeInvoiceNumber"), "258147147"): Text '258147147' is set on object 'Object Repository/RAD_Pages/TaxInfo_Page/input_reTypeNoticeInvoiceNumber'

2021-11-08 12:49:00 - [MESSAGE][PASSED] - Text '258147147' is set on object 'Object Repository/RAD_Pages/TaxInfo_Page/input_reTypeNoticeInvoiceNumber'

2021-11-08 12:49:00 - [TEST_STEP][PASSED] - if (TaxTypeEL.equalsIgnoreCase("Sales & Use Tax")): null

2021-11-08 12:49:00 - [TEST_STEP][PASSED] - setText(findTestObject(orPath_Amount + "/input__paymentAmount"), Amount): Text '30.50' is set on object 'Object Repository/RAD_Pages/PaymentAmount_Page/input__paymentAmount'

2021-11-08 12:49:01 - [MESSAGE][PASSED] - Text '30.50' is set on object 'Object Repository/RAD_Pages/PaymentAmount_Page/input__paymentAmount'

2021-11-08 12:49:01 - [TEST_STEP][PASSED] - scrollToElement(findTestObject(orPath_Landing + "/button_Continue"), 3): Scroll to object 'Object Repository/RAD_Pages/Landing_Page/button_Continue' successfully

2021-11-08 12:49:01 - [MESSAGE][PASSED] - Scroll to object 'Object Repository/RAD_Pages/Landing_Page/button_Continue' successfully

2021-11-08 12:49:01 - [TEST_STEP][PASSED] - waitForElementClickable(findTestObject(orPath_Landing + "/button_Continue"), 5): Object 'Object Repository/RAD_Pages/Landing_Page/button_Continue' is clickable

2021-11-08 12:49:02 - [MESSAGE][PASSED] - Object 'Object Repository/RAD_Pages/Landing_Page/button_Continue' is clickable

2021-11-08 12:49:02 - [TEST_STEP][PASSED] - click(findTestObject(orPath_Landing + "/button_Continue")): Object: 'Object Repository/RAD_Pages/Landing_Page/button_Continue' is clicked on

2021-11-08 12:49:02 - [MESSAGE][PASSED] - Object: 'Object Repository/RAD_Pages/Landing_Page/button_Continue' is clicked on

2021-11-08 12:49:02 - [TEST_STEP][PASSED] - verifyTextPresent("Review the information below and make any necessary corrections by clicking the", true): Text 'Review the information below and make any necessary corrections by clicking the' is present on page  using regular expression

2021-11-08 12:49:03 - [MESSAGE][PASSED] - Text 'Review the information below and make any necessary corrections by clicking the' is present on page  using regular expression

2021-11-08 12:49:03 - [TEST_STEP][PASSED] - verifyTextPresent("When you are confident that all the information is correct", true): Text 'When you are confident that all the information is correct' is present on page  using regular expression

2021-11-08 12:49:03 - [MESSAGE][PASSED] - Text 'When you are confident that all the information is correct' is present on page  using regular expression

2021-11-08 12:49:03 - [TEST_STEP][PASSED] - delay(1): Delayed 1 second(s)

2021-11-08 12:49:04 - [MESSAGE][PASSED] - Delayed 1 second(s)

2021-11-08 12:49:04 - [TEST_STEP][PASSED] - click(findTestObject(orPath_PaymentReady + "/button_ProceedtoPayment")): Object: 'Object Repository/RAD_Pages/PaymentReady_Page/button_ProceedtoPayment' is clicked on

2021-11-08 12:49:06 - [MESSAGE][PASSED] - Object: 'Object Repository/RAD_Pages/PaymentReady_Page/button_ProceedtoPayment' is clicked on

2021-11-08 12:49:06 - [TEST_STEP][PASSED] - setText(findTestObject(orPath_PaymentEntry + "/input__cardNumber"), CCNumber): Text '4012000098765439' is set on object 'Object Repository/RAD_Pages/PaymentEntry_Page/input__cardNumber'

2021-11-08 12:49:07 - [MESSAGE][PASSED] - Text '4012000098765439' is set on object 'Object Repository/RAD_Pages/PaymentEntry_Page/input__cardNumber'

2021-11-08 12:49:07 - [TEST_STEP][PASSED] - setText(findTestObject(orPath_PaymentEntry + "/input__spc"), CVV): Text '123' is set on object 'Object Repository/RAD_Pages/PaymentEntry_Page/input__spc'

2021-11-08 12:49:07 - [MESSAGE][PASSED] - Text '123' is set on object 'Object Repository/RAD_Pages/PaymentEntry_Page/input__spc'

2021-11-08 12:49:07 - [TEST_STEP][PASSED] - selectOptionByLabel(findTestObject(orPath_PaymentEntry + "/select_MM"), "12", false): All options with label '12' are selected in object 'Object Repository/RAD_Pages/PaymentEntry_Page/select_MM' 

2021-11-08 12:49:08 - [MESSAGE][PASSED] - All options with label '12' are selected in object 'Object Repository/RAD_Pages/PaymentEntry_Page/select_MM' 

2021-11-08 12:49:08 - [TEST_STEP][PASSED] - selectOptionByLabel(findTestObject(orPath_PaymentEntry + "/select_YYYY"), "2023", false): All options with label '2023' are selected in object 'Object Repository/RAD_Pages/PaymentEntry_Page/select_YYYY' 

2021-11-08 12:49:09 - [MESSAGE][PASSED] - All options with label '2023' are selected in object 'Object Repository/RAD_Pages/PaymentEntry_Page/select_YYYY' 

2021-11-08 12:49:09 - [TEST_STEP][PASSED] - click(findTestObject(orPath_PaymentEntry + "/input_Field_ccSubmit")): Object: 'Object Repository/RAD_Pages/PaymentEntry_Page/input_Field_ccSubmit' is clicked on

2021-11-08 12:49:10 - [MESSAGE][PASSED] - Object: 'Object Repository/RAD_Pages/PaymentEntry_Page/input_Field_ccSubmit' is clicked on

2021-11-08 12:49:10 - [TEST_STEP][PASSED] - click(findTestObject(orPath_PaymentConfirmation + "/input_N_confirmNotifyAction")): Object: 'Object Repository/RAD_Pages/PaymentConfirmation_Page/input_N_confirmNotifyAction' is clicked on

2021-11-08 12:49:11 - [MESSAGE][PASSED] - Object: 'Object Repository/RAD_Pages/PaymentConfirmation_Page/input_N_confirmNotifyAction' is clicked on

2021-11-08 12:49:11 - [TEST_STEP][PASSED] - click(findTestObject(orPath_ServiceFeesAccept + "/input_convFeeNotifyAction")): Object: 'Object Repository/RAD_Pages/ServiceFeeAccept_Page/input_convFeeNotifyAction' is clicked on

2021-11-08 12:49:13 - [MESSAGE][PASSED] - Object: 'Object Repository/RAD_Pages/ServiceFeeAccept_Page/input_convFeeNotifyAction' is clicked on

2021-11-08 12:49:13 - [TEST_STEP][PASSED] - delay(10): Delayed 10 second(s)

2021-11-08 12:49:23 - [MESSAGE][PASSED] - Delayed 10 second(s)

2021-11-08 12:49:23 - [TEST_STEP][PASSED] - verifyTextPresent("Successful Payment Receipt", true): Text 'Successful Payment Receipt' is present on page  using regular expression

2021-11-08 12:49:23 - [MESSAGE][PASSED] - Text 'Successful Payment Receipt' is present on page  using regular expression

2021-11-08 12:49:23 - [TEST_STEP][PASSED] - if (verifyTextPresent("Successful Payment Receipt", true)): null

2021-11-08 12:49:23 - [MESSAGE][PASSED] - Text 'Successful Payment Receipt' is present on page  using regular expression

2021-11-08 12:49:23 - [TEST_STEP][PASSED] - println("Transaction was Successful"): null

2021-11-08 12:49:23 - [TEST_STEP][PASSED] - out.println("Pass Record Number: " + row): null

2021-11-08 12:49:23 - [TEST_STEP][PASSED] - resText = "Pass": null

2021-11-08 12:49:23 - [TEST_STEP][PASSED] - pages.WriteExcel.demoKey(resText, datText, resColumn, datCloumn, fileLoc, nameSheet, row): pages.WriteExcel.demoKey is PASSED

2021-11-08 12:49:23 - [MESSAGE][PASSED] - pages.WriteExcel.demoKey is PASSED

2021-11-08 12:49:23 - [TEST_STEP][PASSED] - ExecuteTC = findTestData(dataFile).getValue("Execute", row): null

2021-11-08 12:49:23 - [TEST_STEP][PASSED] - Taxtype = findTestData(dataFile).getValue("TaxType", row): null

2021-11-08 12:49:23 - [TEST_STEP][PASSED] - TaxTypeEL = findTestData(dataFile).getValue("TaxTypeEL", row): null

2021-11-08 12:49:23 - [TEST_STEP][PASSED] - FilingYear = findTestData(dataFile).getValue("FilingYear", row): null

2021-11-08 12:49:23 - [TEST_STEP][PASSED] - FName = findTestData(dataFile).getValue("Fname", row): null

2021-11-08 12:49:24 - [TEST_STEP][PASSED] - LName = findTestData(dataFile).getValue("Lname", row): null

2021-11-08 12:49:24 - [TEST_STEP][PASSED] - AL1 = findTestData(dataFile).getValue("AL1", row): null

2021-11-08 12:49:24 - [TEST_STEP][PASSED] - City = findTestData(dataFile).getValue("City", row): null

2021-11-08 12:49:24 - [TEST_STEP][PASSED] - ZIP = findTestData(dataFile).getValue("ZIP", row): null

2021-11-08 12:49:24 - [TEST_STEP][PASSED] - Amount = findTestData(dataFile).getValue("Amount", row): null

2021-11-08 12:49:24 - [TEST_STEP][PASSED] - CCNumber = findTestData(dataFile).getValue("CCNumber", row): null

2021-11-08 12:49:24 - [TEST_STEP][PASSED] - CVV = findTestData(dataFile).getValue("CVV", row): null

2021-11-08 12:49:24 - [TEST_STEP][PASSED] - SSN = findTestData(dataFile).getValue("SSN", row): null

2021-11-08 12:49:24 - [TEST_STEP][PASSED] - FEIN = findTestData(dataFile).getValue("FEIN", row): null

2021-11-08 12:49:24 - [TEST_STEP][PASSED] - out.println("Value of Execute is : " + ExecuteTC): null

2021-11-08 12:49:24 - [TEST_STEP][PASSED] - if (ExecuteTC.equalsIgnoreCase("Y")): null

2021-11-08 12:49:24 - [TEST_STEP][PASSED] - out.println("Begin Record Number: " + row): null

2021-11-08 12:49:24 - [TEST_STEP][PASSED] - today = new java.util.Date(): null

2021-11-08 12:49:24 - [TEST_STEP][PASSED] - println(today): null

2021-11-08 12:49:24 - [TEST_STEP][PASSED] - datText = today: null

2021-11-08 12:49:24 - [TEST_STEP][PASSED] - Taxtype = findTestData(dataFile).getValue("TaxType", row): null

2021-11-08 12:49:24 - [TEST_STEP][PASSED] - out.println("Taxtype value is : " + Taxtype): null

2021-11-08 12:49:24 - [TEST_STEP][PASSED] - openBrowser(""): Browser is opened with url: ''

2021-11-08 12:49:24 - [MESSAGE][WARNING] - A browser is already opened. Closing browser and opening a new one

2021-11-08 12:49:25 - [MESSAGE][INFO] - Starting 'Chrome' driver

2021-11-08 12:49:25 - [MESSAGE][INFO] - User set preference: ['acceptInsecureCerts', 'true']

2021-11-08 12:49:25 - [MESSAGE][INFO] - Action delay is set to 0 milliseconds

2021-11-08 12:49:26 - [MESSAGE][PASSED] - Browser is opened with url: ''

2021-11-08 12:49:26 - [TEST_STEP][PASSED] - maximizeWindow(): Current window maximized

2021-11-08 12:49:26 - [MESSAGE][PASSED] - Current window maximized

2021-11-08 12:49:26 - [TEST_STEP][PASSED] - navigateToUrl(RADurl): Navigate to 'https://qa.velocitypayment.com/client/rad/index.html' successfully

2021-11-08 12:49:28 - [MESSAGE][PASSED] - Navigate to 'https://qa.velocitypayment.com/client/rad/index.html' successfully

2021-11-08 12:49:28 - [TEST_STEP][PASSED] - orPath_Landing = "Object Repository/RAD_Pages/Landing_Page": null

2021-11-08 12:49:28 - [TEST_STEP][PASSED] - orPath_TaxTypeFilingYear = "Object Repository/RAD_Pages/TaxTypeFilingYear_Page": null

2021-11-08 12:49:28 - [TEST_STEP][PASSED] - orPath_TaxPayer = "Object Repository/RAD_Pages/Taxpayer_Page": null

2021-11-08 12:49:28 - [TEST_STEP][PASSED] - orPath_AddressContact = "Object Repository/RAD_Pages/AddressAndContactInfo_Page": null

2021-11-08 12:49:28 - [TEST_STEP][PASSED] - orPath_FilingStatus = "Object Repository/RAD_Pages/FilingStatus_Page": null

2021-11-08 12:49:28 - [TEST_STEP][PASSED] - orPath_Amount = "Object Repository/RAD_Pages/PaymentAmount_Page": null

2021-11-08 12:49:28 - [TEST_STEP][PASSED] - orPath_TaxInfo = "Object Repository/RAD_Pages/TaxInfo_Page": null

2021-11-08 12:49:28 - [TEST_STEP][PASSED] - orPath_Withholding = "Object Repository/RAD_Pages/Withholding_Page": null

2021-11-08 12:49:28 - [TEST_STEP][PASSED] - orPath_Summary = "Object Repository/RAD_Pages/Summary_Page": null

2021-11-08 12:49:28 - [TEST_STEP][PASSED] - orPath_PaymentReady = "Object Repository/RAD_Pages/PaymentReady_Page": null

2021-11-08 12:49:28 - [TEST_STEP][PASSED] - orPath_PaymentEntry = "Object Repository/RAD_Pages/PaymentEntry_Page": null

2021-11-08 12:49:28 - [TEST_STEP][PASSED] - orPath_PaymentConfirmation = "Object Repository/RAD_Pages/PaymentConfirmation_Page": null

2021-11-08 12:49:28 - [TEST_STEP][PASSED] - orPath_ServiceFeesAccept = "Object Repository/RAD_Pages/ServiceFeeAccept_Page": null

2021-11-08 12:49:28 - [TEST_STEP][PASSED] - selectOptionByLabel(findTestObject(orPath_Landing + "/dd_TaxType"), Taxtype, false): All options with label 'Existing Liability' are selected in object 'Object Repository/RAD_Pages/Landing_Page/dd_TaxType' 

2021-11-08 12:49:29 - [MESSAGE][PASSED] - All options with label 'Existing Liability' are selected in object 'Object Repository/RAD_Pages/Landing_Page/dd_TaxType' 

2021-11-08 12:49:29 - [TEST_STEP][PASSED] - delay(1): Delayed 1 second(s)

2021-11-08 12:49:30 - [MESSAGE][PASSED] - Delayed 1 second(s)

2021-11-08 12:49:30 - [TEST_STEP][PASSED] - selectOptionByLabel(findTestObject(orPath_TaxTypeFilingYear + "/select_TaxType_ExistingLiability"), TaxTypeEL, false): All options with label 'CORP Tax' are selected in object 'Object Repository/RAD_Pages/TaxTypeFilingYear_Page/select_TaxType_ExistingLiability' 

2021-11-08 12:49:30 - [MESSAGE][PASSED] - All options with label 'CORP Tax' are selected in object 'Object Repository/RAD_Pages/TaxTypeFilingYear_Page/select_TaxType_ExistingLiability' 

2021-11-08 12:49:30 - [TEST_STEP][PASSED] - selectOptionByLabel(findTestObject(orPath_TaxTypeFilingYear + "/select_FilingYear"), FilingYear, false): All options with label '2021' are selected in object 'Object Repository/RAD_Pages/TaxTypeFilingYear_Page/select_FilingYear' 

2021-11-08 12:49:31 - [MESSAGE][PASSED] - All options with label '2021' are selected in object 'Object Repository/RAD_Pages/TaxTypeFilingYear_Page/select_FilingYear' 

2021-11-08 12:49:31 - [TEST_STEP][PASSED] - setText(findTestObject(orPath_TaxPayer + "/input_firstName"), FName): Text 'Andy' is set on object 'Object Repository/RAD_Pages/Taxpayer_Page/input_firstName'

2021-11-08 12:49:32 - [MESSAGE][PASSED] - Text 'Andy' is set on object 'Object Repository/RAD_Pages/Taxpayer_Page/input_firstName'

2021-11-08 12:49:32 - [TEST_STEP][PASSED] - setText(findTestObject(orPath_TaxPayer + "/input_lastName"), LName): Text 'Broad' is set on object 'Object Repository/RAD_Pages/Taxpayer_Page/input_lastName'

2021-11-08 12:49:32 - [MESSAGE][PASSED] - Text 'Broad' is set on object 'Object Repository/RAD_Pages/Taxpayer_Page/input_lastName'

2021-11-08 12:49:32 - [TEST_STEP][PASSED] - setText(findTestObject(orPath_TaxPayer + "/input_middleName"), "Johns"): Text 'Johns' is set on object 'Object Repository/RAD_Pages/Taxpayer_Page/input_middleName'

2021-11-08 12:49:33 - [MESSAGE][PASSED] - Text 'Johns' is set on object 'Object Repository/RAD_Pages/Taxpayer_Page/input_middleName'

2021-11-08 12:49:33 - [TEST_STEP][PASSED] - setText(findTestObject(orPath_TaxPayer + "/input_suffix"), "Sr"): Text 'Sr' is set on object 'Object Repository/RAD_Pages/Taxpayer_Page/input_suffix'

2021-11-08 12:49:34 - [MESSAGE][PASSED] - Text 'Sr' is set on object 'Object Repository/RAD_Pages/Taxpayer_Page/input_suffix'

2021-11-08 12:49:34 - [TEST_STEP][PASSED] - selectOptionByLabel(findTestObject(orPath_AddressContact + "/select_Country"), "United States", false): All options with label 'United States' are selected in object 'Object Repository/RAD_Pages/AddressAndContactInfo_Page/select_Country' 

2021-11-08 12:49:34 - [MESSAGE][PASSED] - All options with label 'United States' are selected in object 'Object Repository/RAD_Pages/AddressAndContactInfo_Page/select_Country' 

2021-11-08 12:49:34 - [TEST_STEP][PASSED] - setText(findTestObject(orPath_AddressContact + "/input_streetAddress1"), AL1): Text '25 Moan Road' is set on object 'Object Repository/RAD_Pages/AddressAndContactInfo_Page/input_streetAddress1'

2021-11-08 12:49:35 - [MESSAGE][PASSED] - Text '25 Moan Road' is set on object 'Object Repository/RAD_Pages/AddressAndContactInfo_Page/input_streetAddress1'

2021-11-08 12:49:35 - [TEST_STEP][PASSED] - setText(findTestObject(orPath_AddressContact + "/input_streetAddress2"), ""): Text '' is set on object 'Object Repository/RAD_Pages/AddressAndContactInfo_Page/input_streetAddress2'

2021-11-08 12:49:36 - [MESSAGE][PASSED] - Text '' is set on object 'Object Repository/RAD_Pages/AddressAndContactInfo_Page/input_streetAddress2'

2021-11-08 12:49:36 - [TEST_STEP][PASSED] - setText(findTestObject(orPath_AddressContact + "/input_city"), City): Text 'Severn' is set on object 'Object Repository/RAD_Pages/AddressAndContactInfo_Page/input_city'

2021-11-08 12:49:36 - [MESSAGE][PASSED] - Text 'Severn' is set on object 'Object Repository/RAD_Pages/AddressAndContactInfo_Page/input_city'

2021-11-08 12:49:36 - [TEST_STEP][PASSED] - selectOptionByLabel(findTestObject(orPath_AddressContact + "/select_State"), "Maryland", false): All options with label 'Maryland' are selected in object 'Object Repository/RAD_Pages/AddressAndContactInfo_Page/select_State' 

2021-11-08 12:49:37 - [MESSAGE][PASSED] - All options with label 'Maryland' are selected in object 'Object Repository/RAD_Pages/AddressAndContactInfo_Page/select_State' 

2021-11-08 12:49:37 - [TEST_STEP][PASSED] - setText(findTestObject(orPath_AddressContact + "/input_zipCode"), ZIP): Text '21114' is set on object 'Object Repository/RAD_Pages/AddressAndContactInfo_Page/input_zipCode'

2021-11-08 12:49:37 - [MESSAGE][PASSED] - Text '21114' is set on object 'Object Repository/RAD_Pages/AddressAndContactInfo_Page/input_zipCode'

2021-11-08 12:49:37 - [TEST_STEP][PASSED] - setText(findTestObject(orPath_AddressContact + "/input_phoneNumber"), "(703) 894-5000"): Text '(703) 894-5000' is set on object 'Object Repository/RAD_Pages/AddressAndContactInfo_Page/input_phoneNumber'

2021-11-08 12:49:38 - [MESSAGE][PASSED] - Text '(703) 894-5000' is set on object 'Object Repository/RAD_Pages/AddressAndContactInfo_Page/input_phoneNumber'

2021-11-08 12:49:38 - [TEST_STEP][PASSED] - setText(findTestObject(orPath_AddressContact + "/input_eMailAddress"), "iahmed@govolution.com"): Text 'iahmed@govolution.com' is set on object 'Object Repository/RAD_Pages/AddressAndContactInfo_Page/input_eMailAddress'

2021-11-08 12:49:39 - [MESSAGE][PASSED] - Text 'iahmed@govolution.com' is set on object 'Object Repository/RAD_Pages/AddressAndContactInfo_Page/input_eMailAddress'

2021-11-08 12:49:39 - [TEST_STEP][PASSED] - setText(findTestObject(orPath_AddressContact + "/input_reEnterEMailAddress"), "iahmed@govolution.com"): Text 'iahmed@govolution.com' is set on object 'Object Repository/RAD_Pages/AddressAndContactInfo_Page/input_reEnterEMailAddress'

2021-11-08 12:49:40 - [MESSAGE][PASSED] - Text 'iahmed@govolution.com' is set on object 'Object Repository/RAD_Pages/AddressAndContactInfo_Page/input_reEnterEMailAddress'

2021-11-08 12:49:40 - [TEST_STEP][PASSED] - if (!(SSN.isEmpty())): Text '123456523' is set on object 'Object Repository/RAD_Pages/TaxInfo_Page/input_TaxInfo_reTaxTypeExisitingSSN'

2021-11-08 12:49:40 - [TEST_STEP][PASSED] - setText(findTestObject(orPath_TaxInfo + "/input_TaxInfo_ExisitingSSN"), SSN): Text '123456523' is set on object 'Object Repository/RAD_Pages/TaxInfo_Page/input_TaxInfo_ExisitingSSN'

2021-11-08 12:49:40 - [MESSAGE][PASSED] - Text '123456523' is set on object 'Object Repository/RAD_Pages/TaxInfo_Page/input_TaxInfo_ExisitingSSN'

2021-11-08 12:49:40 - [TEST_STEP][PASSED] - setText(findTestObject(orPath_TaxInfo + "/input_TaxInfo_reTaxTypeExisitingSSN"), SSN): Text '123456523' is set on object 'Object Repository/RAD_Pages/TaxInfo_Page/input_TaxInfo_reTaxTypeExisitingSSN'

2021-11-08 12:49:41 - [MESSAGE][PASSED] - Text '123456523' is set on object 'Object Repository/RAD_Pages/TaxInfo_Page/input_TaxInfo_reTaxTypeExisitingSSN'

2021-11-08 12:49:41 - [TEST_STEP][PASSED] - scrollToElement(findTestObject(orPath_Amount + "/input__paymentAmount"), 3): Scroll to object 'Object Repository/RAD_Pages/PaymentAmount_Page/input__paymentAmount' successfully

2021-11-08 12:49:41 - [MESSAGE][PASSED] - Scroll to object 'Object Repository/RAD_Pages/PaymentAmount_Page/input__paymentAmount' successfully

2021-11-08 12:49:41 - [TEST_STEP][PASSED] - if (!(FEIN.isEmpty())): null

2021-11-08 12:49:41 - [TEST_STEP][PASSED] - delay(1): Delayed 1 second(s)

2021-11-08 12:49:42 - [MESSAGE][PASSED] - Delayed 1 second(s)

2021-11-08 12:49:42 - [TEST_STEP][PASSED] - setText(findTestObject(orPath_TaxInfo + "/input_NoticeInvoiceNumber"), "258147147"): Text '258147147' is set on object 'Object Repository/RAD_Pages/TaxInfo_Page/input_NoticeInvoiceNumber'

2021-11-08 12:49:43 - [MESSAGE][PASSED] - Text '258147147' is set on object 'Object Repository/RAD_Pages/TaxInfo_Page/input_NoticeInvoiceNumber'

2021-11-08 12:49:43 - [TEST_STEP][PASSED] - setText(findTestObject(orPath_TaxInfo + "/input_reTypeNoticeInvoiceNumber"), "258147147"): Text '258147147' is set on object 'Object Repository/RAD_Pages/TaxInfo_Page/input_reTypeNoticeInvoiceNumber'

2021-11-08 12:49:44 - [MESSAGE][PASSED] - Text '258147147' is set on object 'Object Repository/RAD_Pages/TaxInfo_Page/input_reTypeNoticeInvoiceNumber'

2021-11-08 12:49:44 - [TEST_STEP][PASSED] - if (TaxTypeEL.equalsIgnoreCase("Sales & Use Tax")): null

2021-11-08 12:49:44 - [TEST_STEP][PASSED] - setText(findTestObject(orPath_Amount + "/input__paymentAmount"), Amount): Text '30.50' is set on object 'Object Repository/RAD_Pages/PaymentAmount_Page/input__paymentAmount'

2021-11-08 12:49:45 - [MESSAGE][PASSED] - Text '30.50' is set on object 'Object Repository/RAD_Pages/PaymentAmount_Page/input__paymentAmount'

2021-11-08 12:49:45 - [TEST_STEP][PASSED] - scrollToElement(findTestObject(orPath_Landing + "/button_Continue"), 3): Scroll to object 'Object Repository/RAD_Pages/Landing_Page/button_Continue' successfully

2021-11-08 12:49:45 - [MESSAGE][PASSED] - Scroll to object 'Object Repository/RAD_Pages/Landing_Page/button_Continue' successfully

2021-11-08 12:49:45 - [TEST_STEP][PASSED] - waitForElementClickable(findTestObject(orPath_Landing + "/button_Continue"), 5): Object 'Object Repository/RAD_Pages/Landing_Page/button_Continue' is clickable

2021-11-08 12:49:45 - [MESSAGE][PASSED] - Object 'Object Repository/RAD_Pages/Landing_Page/button_Continue' is clickable

2021-11-08 12:49:45 - [TEST_STEP][PASSED] - click(findTestObject(orPath_Landing + "/button_Continue")): Object: 'Object Repository/RAD_Pages/Landing_Page/button_Continue' is clicked on

2021-11-08 12:49:46 - [MESSAGE][PASSED] - Object: 'Object Repository/RAD_Pages/Landing_Page/button_Continue' is clicked on

2021-11-08 12:49:46 - [TEST_STEP][PASSED] - verifyTextPresent("Review the information below and make any necessary corrections by clicking the", true): Text 'Review the information below and make any necessary corrections by clicking the' is present on page  using regular expression

2021-11-08 12:49:46 - [MESSAGE][PASSED] - Text 'Review the information below and make any necessary corrections by clicking the' is present on page  using regular expression

2021-11-08 12:49:46 - [TEST_STEP][PASSED] - verifyTextPresent("When you are confident that all the information is correct", true): Text 'When you are confident that all the information is correct' is present on page  using regular expression

2021-11-08 12:49:47 - [MESSAGE][PASSED] - Text 'When you are confident that all the information is correct' is present on page  using regular expression

2021-11-08 12:49:47 - [TEST_STEP][PASSED] - delay(1): Delayed 1 second(s)

2021-11-08 12:49:48 - [MESSAGE][PASSED] - Delayed 1 second(s)

2021-11-08 12:49:48 - [TEST_STEP][PASSED] - click(findTestObject(orPath_PaymentReady + "/button_ProceedtoPayment")): Object: 'Object Repository/RAD_Pages/PaymentReady_Page/button_ProceedtoPayment' is clicked on

2021-11-08 12:49:50 - [MESSAGE][PASSED] - Object: 'Object Repository/RAD_Pages/PaymentReady_Page/button_ProceedtoPayment' is clicked on

2021-11-08 12:49:50 - [TEST_STEP][PASSED] - setText(findTestObject(orPath_PaymentEntry + "/input__cardNumber"), CCNumber): Text '5146312200000035' is set on object 'Object Repository/RAD_Pages/PaymentEntry_Page/input__cardNumber'

2021-11-08 12:49:50 - [MESSAGE][PASSED] - Text '5146312200000035' is set on object 'Object Repository/RAD_Pages/PaymentEntry_Page/input__cardNumber'

2021-11-08 12:49:50 - [TEST_STEP][PASSED] - setText(findTestObject(orPath_PaymentEntry + "/input__spc"), CVV): Text '123' is set on object 'Object Repository/RAD_Pages/PaymentEntry_Page/input__spc'

2021-11-08 12:49:51 - [MESSAGE][PASSED] - Text '123' is set on object 'Object Repository/RAD_Pages/PaymentEntry_Page/input__spc'

2021-11-08 12:49:51 - [TEST_STEP][PASSED] - selectOptionByLabel(findTestObject(orPath_PaymentEntry + "/select_MM"), "12", false): All options with label '12' are selected in object 'Object Repository/RAD_Pages/PaymentEntry_Page/select_MM' 

2021-11-08 12:49:52 - [MESSAGE][PASSED] - All options with label '12' are selected in object 'Object Repository/RAD_Pages/PaymentEntry_Page/select_MM' 

2021-11-08 12:49:52 - [TEST_STEP][PASSED] - selectOptionByLabel(findTestObject(orPath_PaymentEntry + "/select_YYYY"), "2023", false): All options with label '2023' are selected in object 'Object Repository/RAD_Pages/PaymentEntry_Page/select_YYYY' 

2021-11-08 12:49:52 - [MESSAGE][PASSED] - All options with label '2023' are selected in object 'Object Repository/RAD_Pages/PaymentEntry_Page/select_YYYY' 

2021-11-08 12:49:52 - [TEST_STEP][PASSED] - click(findTestObject(orPath_PaymentEntry + "/input_Field_ccSubmit")): Object: 'Object Repository/RAD_Pages/PaymentEntry_Page/input_Field_ccSubmit' is clicked on

2021-11-08 12:49:53 - [MESSAGE][PASSED] - Object: 'Object Repository/RAD_Pages/PaymentEntry_Page/input_Field_ccSubmit' is clicked on

2021-11-08 12:49:53 - [TEST_STEP][PASSED] - click(findTestObject(orPath_PaymentConfirmation + "/input_N_confirmNotifyAction")): Object: 'Object Repository/RAD_Pages/PaymentConfirmation_Page/input_N_confirmNotifyAction' is clicked on

2021-11-08 12:49:55 - [MESSAGE][PASSED] - Object: 'Object Repository/RAD_Pages/PaymentConfirmation_Page/input_N_confirmNotifyAction' is clicked on

2021-11-08 12:49:55 - [TEST_STEP][PASSED] - click(findTestObject(orPath_ServiceFeesAccept + "/input_convFeeNotifyAction")): Object: 'Object Repository/RAD_Pages/ServiceFeeAccept_Page/input_convFeeNotifyAction' is clicked on

2021-11-08 12:49:56 - [MESSAGE][PASSED] - Object: 'Object Repository/RAD_Pages/ServiceFeeAccept_Page/input_convFeeNotifyAction' is clicked on

2021-11-08 12:49:56 - [TEST_STEP][PASSED] - delay(10): Delayed 10 second(s)

2021-11-08 12:50:06 - [MESSAGE][PASSED] - Delayed 10 second(s)

2021-11-08 12:50:06 - [TEST_STEP][PASSED] - verifyTextPresent("Successful Payment Receipt", true): Text 'Successful Payment Receipt' is present on page  using regular expression

2021-11-08 12:50:07 - [MESSAGE][PASSED] - Text 'Successful Payment Receipt' is present on page  using regular expression

2021-11-08 12:50:07 - [TEST_STEP][PASSED] - if (verifyTextPresent("Successful Payment Receipt", true)): null

2021-11-08 12:50:07 - [MESSAGE][PASSED] - Text 'Successful Payment Receipt' is present on page  using regular expression

2021-11-08 12:50:07 - [TEST_STEP][PASSED] - println("Transaction was Successful"): null

2021-11-08 12:50:07 - [TEST_STEP][PASSED] - out.println("Pass Record Number: " + row): null

2021-11-08 12:50:07 - [TEST_STEP][PASSED] - resText = "Pass": null

2021-11-08 12:50:07 - [TEST_STEP][PASSED] - pages.WriteExcel.demoKey(resText, datText, resColumn, datCloumn, fileLoc, nameSheet, row): pages.WriteExcel.demoKey is PASSED

2021-11-08 12:50:07 - [MESSAGE][PASSED] - pages.WriteExcel.demoKey is PASSED

2021-11-08 12:50:07 - [TEST_STEP][PASSED] - ExecuteTC = findTestData(dataFile).getValue("Execute", row): null

2021-11-08 12:50:07 - [TEST_STEP][PASSED] - Taxtype = findTestData(dataFile).getValue("TaxType", row): null

2021-11-08 12:50:07 - [TEST_STEP][PASSED] - TaxTypeEL = findTestData(dataFile).getValue("TaxTypeEL", row): null

2021-11-08 12:50:07 - [TEST_STEP][PASSED] - FilingYear = findTestData(dataFile).getValue("FilingYear", row): null

2021-11-08 12:50:07 - [TEST_STEP][PASSED] - FName = findTestData(dataFile).getValue("Fname", row): null

2021-11-08 12:50:07 - [TEST_STEP][PASSED] - LName = findTestData(dataFile).getValue("Lname", row): null

2021-11-08 12:50:07 - [TEST_STEP][PASSED] - AL1 = findTestData(dataFile).getValue("AL1", row): null

2021-11-08 12:50:07 - [TEST_STEP][PASSED] - City = findTestData(dataFile).getValue("City", row): null

2021-11-08 12:50:07 - [TEST_STEP][PASSED] - ZIP = findTestData(dataFile).getValue("ZIP", row): null

2021-11-08 12:50:07 - [TEST_STEP][PASSED] - Amount = findTestData(dataFile).getValue("Amount", row): null

2021-11-08 12:50:07 - [TEST_STEP][PASSED] - CCNumber = findTestData(dataFile).getValue("CCNumber", row): null

2021-11-08 12:50:07 - [TEST_STEP][PASSED] - CVV = findTestData(dataFile).getValue("CVV", row): null

2021-11-08 12:50:07 - [TEST_STEP][PASSED] - SSN = findTestData(dataFile).getValue("SSN", row): null

2021-11-08 12:50:07 - [TEST_STEP][PASSED] - FEIN = findTestData(dataFile).getValue("FEIN", row): null

2021-11-08 12:50:07 - [TEST_STEP][PASSED] - out.println("Value of Execute is : " + ExecuteTC): null

2021-11-08 12:50:07 - [TEST_STEP][PASSED] - if (ExecuteTC.equalsIgnoreCase("Y")): null

2021-11-08 12:50:07 - [TEST_STEP][PASSED] - out.println("Begin Record Number: " + row): null

2021-11-08 12:50:07 - [TEST_STEP][PASSED] - today = new java.util.Date(): null

2021-11-08 12:50:07 - [TEST_STEP][PASSED] - println(today): null

2021-11-08 12:50:07 - [TEST_STEP][PASSED] - datText = today: null

2021-11-08 12:50:07 - [TEST_STEP][PASSED] - Taxtype = findTestData(dataFile).getValue("TaxType", row): null

2021-11-08 12:50:07 - [TEST_STEP][PASSED] - out.println("Taxtype value is : " + Taxtype): null

2021-11-08 12:50:07 - [TEST_STEP][PASSED] - openBrowser(""): Browser is opened with url: ''

2021-11-08 12:50:07 - [MESSAGE][WARNING] - A browser is already opened. Closing browser and opening a new one

2021-11-08 12:50:08 - [MESSAGE][INFO] - Starting 'Chrome' driver

2021-11-08 12:50:08 - [MESSAGE][INFO] - User set preference: ['acceptInsecureCerts', 'true']

2021-11-08 12:50:08 - [MESSAGE][INFO] - Action delay is set to 0 milliseconds

2021-11-08 12:50:10 - [MESSAGE][PASSED] - Browser is opened with url: ''

2021-11-08 12:50:10 - [TEST_STEP][PASSED] - maximizeWindow(): Current window maximized

2021-11-08 12:50:10 - [MESSAGE][PASSED] - Current window maximized

2021-11-08 12:50:10 - [TEST_STEP][PASSED] - navigateToUrl(RADurl): Navigate to 'https://qa.velocitypayment.com/client/rad/index.html' successfully

2021-11-08 12:50:12 - [MESSAGE][PASSED] - Navigate to 'https://qa.velocitypayment.com/client/rad/index.html' successfully

2021-11-08 12:50:12 - [TEST_STEP][PASSED] - orPath_Landing = "Object Repository/RAD_Pages/Landing_Page": null

2021-11-08 12:50:12 - [TEST_STEP][PASSED] - orPath_TaxTypeFilingYear = "Object Repository/RAD_Pages/TaxTypeFilingYear_Page": null

2021-11-08 12:50:12 - [TEST_STEP][PASSED] - orPath_TaxPayer = "Object Repository/RAD_Pages/Taxpayer_Page": null

2021-11-08 12:50:12 - [TEST_STEP][PASSED] - orPath_AddressContact = "Object Repository/RAD_Pages/AddressAndContactInfo_Page": null

2021-11-08 12:50:12 - [TEST_STEP][PASSED] - orPath_FilingStatus = "Object Repository/RAD_Pages/FilingStatus_Page": null

2021-11-08 12:50:12 - [TEST_STEP][PASSED] - orPath_Amount = "Object Repository/RAD_Pages/PaymentAmount_Page": null

2021-11-08 12:50:12 - [TEST_STEP][PASSED] - orPath_TaxInfo = "Object Repository/RAD_Pages/TaxInfo_Page": null

2021-11-08 12:50:12 - [TEST_STEP][PASSED] - orPath_Withholding = "Object Repository/RAD_Pages/Withholding_Page": null

2021-11-08 12:50:12 - [TEST_STEP][PASSED] - orPath_Summary = "Object Repository/RAD_Pages/Summary_Page": null

2021-11-08 12:50:12 - [TEST_STEP][PASSED] - orPath_PaymentReady = "Object Repository/RAD_Pages/PaymentReady_Page": null

2021-11-08 12:50:12 - [TEST_STEP][PASSED] - orPath_PaymentEntry = "Object Repository/RAD_Pages/PaymentEntry_Page": null

2021-11-08 12:50:12 - [TEST_STEP][PASSED] - orPath_PaymentConfirmation = "Object Repository/RAD_Pages/PaymentConfirmation_Page": null

2021-11-08 12:50:12 - [TEST_STEP][PASSED] - orPath_ServiceFeesAccept = "Object Repository/RAD_Pages/ServiceFeeAccept_Page": null

2021-11-08 12:50:12 - [TEST_STEP][PASSED] - selectOptionByLabel(findTestObject(orPath_Landing + "/dd_TaxType"), Taxtype, false): All options with label 'Existing Liability' are selected in object 'Object Repository/RAD_Pages/Landing_Page/dd_TaxType' 

2021-11-08 12:50:12 - [MESSAGE][PASSED] - All options with label 'Existing Liability' are selected in object 'Object Repository/RAD_Pages/Landing_Page/dd_TaxType' 

2021-11-08 12:50:12 - [TEST_STEP][PASSED] - delay(1): Delayed 1 second(s)

2021-11-08 12:50:13 - [MESSAGE][PASSED] - Delayed 1 second(s)

2021-11-08 12:50:13 - [TEST_STEP][PASSED] - selectOptionByLabel(findTestObject(orPath_TaxTypeFilingYear + "/select_TaxType_ExistingLiability"), TaxTypeEL, false): All options with label 'CORP Tax' are selected in object 'Object Repository/RAD_Pages/TaxTypeFilingYear_Page/select_TaxType_ExistingLiability' 

2021-11-08 12:50:14 - [MESSAGE][PASSED] - All options with label 'CORP Tax' are selected in object 'Object Repository/RAD_Pages/TaxTypeFilingYear_Page/select_TaxType_ExistingLiability' 

2021-11-08 12:50:14 - [TEST_STEP][PASSED] - selectOptionByLabel(findTestObject(orPath_TaxTypeFilingYear + "/select_FilingYear"), FilingYear, false): All options with label '2021' are selected in object 'Object Repository/RAD_Pages/TaxTypeFilingYear_Page/select_FilingYear' 

2021-11-08 12:50:15 - [MESSAGE][PASSED] - All options with label '2021' are selected in object 'Object Repository/RAD_Pages/TaxTypeFilingYear_Page/select_FilingYear' 

2021-11-08 12:50:15 - [TEST_STEP][PASSED] - setText(findTestObject(orPath_TaxPayer + "/input_firstName"), FName): Text 'Andy' is set on object 'Object Repository/RAD_Pages/Taxpayer_Page/input_firstName'

2021-11-08 12:50:15 - [MESSAGE][PASSED] - Text 'Andy' is set on object 'Object Repository/RAD_Pages/Taxpayer_Page/input_firstName'

2021-11-08 12:50:15 - [TEST_STEP][PASSED] - setText(findTestObject(orPath_TaxPayer + "/input_lastName"), LName): Text 'Broad' is set on object 'Object Repository/RAD_Pages/Taxpayer_Page/input_lastName'

2021-11-08 12:50:16 - [MESSAGE][PASSED] - Text 'Broad' is set on object 'Object Repository/RAD_Pages/Taxpayer_Page/input_lastName'

2021-11-08 12:50:16 - [TEST_STEP][PASSED] - setText(findTestObject(orPath_TaxPayer + "/input_middleName"), "Johns"): Text 'Johns' is set on object 'Object Repository/RAD_Pages/Taxpayer_Page/input_middleName'

2021-11-08 12:50:17 - [MESSAGE][PASSED] - Text 'Johns' is set on object 'Object Repository/RAD_Pages/Taxpayer_Page/input_middleName'

2021-11-08 12:50:17 - [TEST_STEP][PASSED] - setText(findTestObject(orPath_TaxPayer + "/input_suffix"), "Sr"): Text 'Sr' is set on object 'Object Repository/RAD_Pages/Taxpayer_Page/input_suffix'

2021-11-08 12:50:17 - [MESSAGE][PASSED] - Text 'Sr' is set on object 'Object Repository/RAD_Pages/Taxpayer_Page/input_suffix'

2021-11-08 12:50:17 - [TEST_STEP][PASSED] - selectOptionByLabel(findTestObject(orPath_AddressContact + "/select_Country"), "United States", false): All options with label 'United States' are selected in object 'Object Repository/RAD_Pages/AddressAndContactInfo_Page/select_Country' 

2021-11-08 12:50:18 - [MESSAGE][PASSED] - All options with label 'United States' are selected in object 'Object Repository/RAD_Pages/AddressAndContactInfo_Page/select_Country' 

2021-11-08 12:50:18 - [TEST_STEP][PASSED] - setText(findTestObject(orPath_AddressContact + "/input_streetAddress1"), AL1): Text '25 Moan Road' is set on object 'Object Repository/RAD_Pages/AddressAndContactInfo_Page/input_streetAddress1'

2021-11-08 12:50:19 - [MESSAGE][PASSED] - Text '25 Moan Road' is set on object 'Object Repository/RAD_Pages/AddressAndContactInfo_Page/input_streetAddress1'

2021-11-08 12:50:19 - [TEST_STEP][PASSED] - setText(findTestObject(orPath_AddressContact + "/input_streetAddress2"), ""): Text '' is set on object 'Object Repository/RAD_Pages/AddressAndContactInfo_Page/input_streetAddress2'

2021-11-08 12:50:19 - [MESSAGE][PASSED] - Text '' is set on object 'Object Repository/RAD_Pages/AddressAndContactInfo_Page/input_streetAddress2'

2021-11-08 12:50:19 - [TEST_STEP][PASSED] - setText(findTestObject(orPath_AddressContact + "/input_city"), City): Text 'Severn' is set on object 'Object Repository/RAD_Pages/AddressAndContactInfo_Page/input_city'

2021-11-08 12:50:20 - [MESSAGE][PASSED] - Text 'Severn' is set on object 'Object Repository/RAD_Pages/AddressAndContactInfo_Page/input_city'

2021-11-08 12:50:20 - [TEST_STEP][PASSED] - selectOptionByLabel(findTestObject(orPath_AddressContact + "/select_State"), "Maryland", false): All options with label 'Maryland' are selected in object 'Object Repository/RAD_Pages/AddressAndContactInfo_Page/select_State' 

2021-11-08 12:50:20 - [MESSAGE][PASSED] - All options with label 'Maryland' are selected in object 'Object Repository/RAD_Pages/AddressAndContactInfo_Page/select_State' 

2021-11-08 12:50:20 - [TEST_STEP][PASSED] - setText(findTestObject(orPath_AddressContact + "/input_zipCode"), ZIP): Text '21114' is set on object 'Object Repository/RAD_Pages/AddressAndContactInfo_Page/input_zipCode'

2021-11-08 12:50:21 - [MESSAGE][PASSED] - Text '21114' is set on object 'Object Repository/RAD_Pages/AddressAndContactInfo_Page/input_zipCode'

2021-11-08 12:50:21 - [TEST_STEP][PASSED] - setText(findTestObject(orPath_AddressContact + "/input_phoneNumber"), "(703) 894-5000"): Text '(703) 894-5000' is set on object 'Object Repository/RAD_Pages/AddressAndContactInfo_Page/input_phoneNumber'

2021-11-08 12:50:22 - [MESSAGE][PASSED] - Text '(703) 894-5000' is set on object 'Object Repository/RAD_Pages/AddressAndContactInfo_Page/input_phoneNumber'

2021-11-08 12:50:22 - [TEST_STEP][PASSED] - setText(findTestObject(orPath_AddressContact + "/input_eMailAddress"), "iahmed@govolution.com"): Text 'iahmed@govolution.com' is set on object 'Object Repository/RAD_Pages/AddressAndContactInfo_Page/input_eMailAddress'

2021-11-08 12:50:22 - [MESSAGE][PASSED] - Text 'iahmed@govolution.com' is set on object 'Object Repository/RAD_Pages/AddressAndContactInfo_Page/input_eMailAddress'

2021-11-08 12:50:22 - [TEST_STEP][PASSED] - setText(findTestObject(orPath_AddressContact + "/input_reEnterEMailAddress"), "iahmed@govolution.com"): Text 'iahmed@govolution.com' is set on object 'Object Repository/RAD_Pages/AddressAndContactInfo_Page/input_reEnterEMailAddress'

2021-11-08 12:50:23 - [MESSAGE][PASSED] - Text 'iahmed@govolution.com' is set on object 'Object Repository/RAD_Pages/AddressAndContactInfo_Page/input_reEnterEMailAddress'

2021-11-08 12:50:23 - [TEST_STEP][PASSED] - if (!(SSN.isEmpty())): null

2021-11-08 12:50:23 - [TEST_STEP][PASSED] - scrollToElement(findTestObject(orPath_Amount + "/input__paymentAmount"), 3): Scroll to object 'Object Repository/RAD_Pages/PaymentAmount_Page/input__paymentAmount' successfully

2021-11-08 12:50:24 - [MESSAGE][PASSED] - Scroll to object 'Object Repository/RAD_Pages/PaymentAmount_Page/input__paymentAmount' successfully

2021-11-08 12:50:24 - [TEST_STEP][PASSED] - if (!(FEIN.isEmpty())): Text '258369259' is set on object 'Object Repository/RAD_Pages/TaxInfo_Page/input_ReTypeFEIN'

2021-11-08 12:50:24 - [TEST_STEP][PASSED] - setText(findTestObject(orPath_TaxInfo + "/input_FEIN"), FEIN): Text '258369259' is set on object 'Object Repository/RAD_Pages/TaxInfo_Page/input_FEIN'

2021-11-08 12:50:24 - [MESSAGE][PASSED] - Text '258369259' is set on object 'Object Repository/RAD_Pages/TaxInfo_Page/input_FEIN'

2021-11-08 12:50:24 - [TEST_STEP][PASSED] - setText(findTestObject(orPath_TaxInfo + "/input_ReTypeFEIN"), FEIN): Text '258369259' is set on object 'Object Repository/RAD_Pages/TaxInfo_Page/input_ReTypeFEIN'

2021-11-08 12:50:25 - [MESSAGE][PASSED] - Text '258369259' is set on object 'Object Repository/RAD_Pages/TaxInfo_Page/input_ReTypeFEIN'

2021-11-08 12:50:25 - [TEST_STEP][PASSED] - delay(1): Delayed 1 second(s)

2021-11-08 12:50:26 - [MESSAGE][PASSED] - Delayed 1 second(s)

2021-11-08 12:50:26 - [TEST_STEP][PASSED] - setText(findTestObject(orPath_TaxInfo + "/input_NoticeInvoiceNumber"), "258147147"): Text '258147147' is set on object 'Object Repository/RAD_Pages/TaxInfo_Page/input_NoticeInvoiceNumber'

2021-11-08 12:50:27 - [MESSAGE][PASSED] - Text '258147147' is set on object 'Object Repository/RAD_Pages/TaxInfo_Page/input_NoticeInvoiceNumber'

2021-11-08 12:50:27 - [TEST_STEP][PASSED] - setText(findTestObject(orPath_TaxInfo + "/input_reTypeNoticeInvoiceNumber"), "258147147"): Text '258147147' is set on object 'Object Repository/RAD_Pages/TaxInfo_Page/input_reTypeNoticeInvoiceNumber'

2021-11-08 12:50:28 - [MESSAGE][PASSED] - Text '258147147' is set on object 'Object Repository/RAD_Pages/TaxInfo_Page/input_reTypeNoticeInvoiceNumber'

2021-11-08 12:50:28 - [TEST_STEP][PASSED] - if (TaxTypeEL.equalsIgnoreCase("Sales & Use Tax")): null

2021-11-08 12:50:28 - [TEST_STEP][PASSED] - setText(findTestObject(orPath_Amount + "/input__paymentAmount"), Amount): Text '30.50' is set on object 'Object Repository/RAD_Pages/PaymentAmount_Page/input__paymentAmount'

2021-11-08 12:50:28 - [MESSAGE][PASSED] - Text '30.50' is set on object 'Object Repository/RAD_Pages/PaymentAmount_Page/input__paymentAmount'

2021-11-08 12:50:28 - [TEST_STEP][PASSED] - scrollToElement(findTestObject(orPath_Landing + "/button_Continue"), 3): Scroll to object 'Object Repository/RAD_Pages/Landing_Page/button_Continue' successfully

2021-11-08 12:50:29 - [MESSAGE][PASSED] - Scroll to object 'Object Repository/RAD_Pages/Landing_Page/button_Continue' successfully

2021-11-08 12:50:29 - [TEST_STEP][PASSED] - waitForElementClickable(findTestObject(orPath_Landing + "/button_Continue"), 5): Object 'Object Repository/RAD_Pages/Landing_Page/button_Continue' is clickable

2021-11-08 12:50:29 - [MESSAGE][PASSED] - Object 'Object Repository/RAD_Pages/Landing_Page/button_Continue' is clickable

2021-11-08 12:50:29 - [TEST_STEP][PASSED] - click(findTestObject(orPath_Landing + "/button_Continue")): Object: 'Object Repository/RAD_Pages/Landing_Page/button_Continue' is clicked on

2021-11-08 12:50:29 - [MESSAGE][PASSED] - Object: 'Object Repository/RAD_Pages/Landing_Page/button_Continue' is clicked on

2021-11-08 12:50:29 - [TEST_STEP][PASSED] - verifyTextPresent("Review the information below and make any necessary corrections by clicking the", true): Text 'Review the information below and make any necessary corrections by clicking the' is present on page  using regular expression

2021-11-08 12:50:30 - [MESSAGE][PASSED] - Text 'Review the information below and make any necessary corrections by clicking the' is present on page  using regular expression

2021-11-08 12:50:30 - [TEST_STEP][PASSED] - verifyTextPresent("When you are confident that all the information is correct", true): Text 'When you are confident that all the information is correct' is present on page  using regular expression

2021-11-08 12:50:30 - [MESSAGE][PASSED] - Text 'When you are confident that all the information is correct' is present on page  using regular expression

2021-11-08 12:50:30 - [TEST_STEP][PASSED] - delay(1): Delayed 1 second(s)

2021-11-08 12:50:31 - [MESSAGE][PASSED] - Delayed 1 second(s)

2021-11-08 12:50:31 - [TEST_STEP][PASSED] - click(findTestObject(orPath_PaymentReady + "/button_ProceedtoPayment")): Object: 'Object Repository/RAD_Pages/PaymentReady_Page/button_ProceedtoPayment' is clicked on

2021-11-08 12:50:33 - [MESSAGE][PASSED] - Object: 'Object Repository/RAD_Pages/PaymentReady_Page/button_ProceedtoPayment' is clicked on

2021-11-08 12:50:33 - [TEST_STEP][PASSED] - setText(findTestObject(orPath_PaymentEntry + "/input__cardNumber"), CCNumber): Text '5146312200000035' is set on object 'Object Repository/RAD_Pages/PaymentEntry_Page/input__cardNumber'

2021-11-08 12:50:34 - [MESSAGE][PASSED] - Text '5146312200000035' is set on object 'Object Repository/RAD_Pages/PaymentEntry_Page/input__cardNumber'

2021-11-08 12:50:34 - [TEST_STEP][PASSED] - setText(findTestObject(orPath_PaymentEntry + "/input__spc"), CVV): Text '123' is set on object 'Object Repository/RAD_Pages/PaymentEntry_Page/input__spc'

2021-11-08 12:50:35 - [MESSAGE][PASSED] - Text '123' is set on object 'Object Repository/RAD_Pages/PaymentEntry_Page/input__spc'

2021-11-08 12:50:35 - [TEST_STEP][PASSED] - selectOptionByLabel(findTestObject(orPath_PaymentEntry + "/select_MM"), "12", false): All options with label '12' are selected in object 'Object Repository/RAD_Pages/PaymentEntry_Page/select_MM' 

2021-11-08 12:50:35 - [MESSAGE][PASSED] - All options with label '12' are selected in object 'Object Repository/RAD_Pages/PaymentEntry_Page/select_MM' 

2021-11-08 12:50:35 - [TEST_STEP][PASSED] - selectOptionByLabel(findTestObject(orPath_PaymentEntry + "/select_YYYY"), "2023", false): All options with label '2023' are selected in object 'Object Repository/RAD_Pages/PaymentEntry_Page/select_YYYY' 

2021-11-08 12:50:36 - [MESSAGE][PASSED] - All options with label '2023' are selected in object 'Object Repository/RAD_Pages/PaymentEntry_Page/select_YYYY' 

2021-11-08 12:50:36 - [TEST_STEP][PASSED] - click(findTestObject(orPath_PaymentEntry + "/input_Field_ccSubmit")): Object: 'Object Repository/RAD_Pages/PaymentEntry_Page/input_Field_ccSubmit' is clicked on

2021-11-08 12:50:37 - [MESSAGE][PASSED] - Object: 'Object Repository/RAD_Pages/PaymentEntry_Page/input_Field_ccSubmit' is clicked on

2021-11-08 12:50:37 - [TEST_STEP][PASSED] - click(findTestObject(orPath_PaymentConfirmation + "/input_N_confirmNotifyAction")): Object: 'Object Repository/RAD_Pages/PaymentConfirmation_Page/input_N_confirmNotifyAction' is clicked on

2021-11-08 12:50:38 - [MESSAGE][PASSED] - Object: 'Object Repository/RAD_Pages/PaymentConfirmation_Page/input_N_confirmNotifyAction' is clicked on

2021-11-08 12:50:38 - [TEST_STEP][PASSED] - click(findTestObject(orPath_ServiceFeesAccept + "/input_convFeeNotifyAction")): Object: 'Object Repository/RAD_Pages/ServiceFeeAccept_Page/input_convFeeNotifyAction' is clicked on

2021-11-08 12:50:40 - [MESSAGE][PASSED] - Object: 'Object Repository/RAD_Pages/ServiceFeeAccept_Page/input_convFeeNotifyAction' is clicked on

2021-11-08 12:50:40 - [TEST_STEP][PASSED] - delay(10): Delayed 10 second(s)

2021-11-08 12:50:50 - [MESSAGE][PASSED] - Delayed 10 second(s)

2021-11-08 12:50:50 - [TEST_STEP][PASSED] - verifyTextPresent("Successful Payment Receipt", true): Text 'Successful Payment Receipt' is present on page  using regular expression

2021-11-08 12:50:50 - [MESSAGE][PASSED] - Text 'Successful Payment Receipt' is present on page  using regular expression

2021-11-08 12:50:50 - [TEST_STEP][PASSED] - if (verifyTextPresent("Successful Payment Receipt", true)): null

2021-11-08 12:50:50 - [MESSAGE][PASSED] - Text 'Successful Payment Receipt' is present on page  using regular expression

2021-11-08 12:50:50 - [TEST_STEP][PASSED] - println("Transaction was Successful"): null

2021-11-08 12:50:50 - [TEST_STEP][PASSED] - out.println("Pass Record Number: " + row): null

2021-11-08 12:50:50 - [TEST_STEP][PASSED] - resText = "Pass": null

2021-11-08 12:50:50 - [TEST_STEP][PASSED] - pages.WriteExcel.demoKey(resText, datText, resColumn, datCloumn, fileLoc, nameSheet, row): pages.WriteExcel.demoKey is PASSED

2021-11-08 12:50:51 - [MESSAGE][PASSED] - pages.WriteExcel.demoKey is PASSED

2021-11-08 12:50:51 - [TEST_STEP][PASSED] - ExecuteTC = findTestData(dataFile).getValue("Execute", row): null

2021-11-08 12:50:51 - [TEST_STEP][PASSED] - Taxtype = findTestData(dataFile).getValue("TaxType", row): null

2021-11-08 12:50:51 - [TEST_STEP][PASSED] - TaxTypeEL = findTestData(dataFile).getValue("TaxTypeEL", row): null

2021-11-08 12:50:51 - [TEST_STEP][PASSED] - FilingYear = findTestData(dataFile).getValue("FilingYear", row): null

2021-11-08 12:50:51 - [TEST_STEP][PASSED] - FName = findTestData(dataFile).getValue("Fname", row): null

2021-11-08 12:50:51 - [TEST_STEP][PASSED] - LName = findTestData(dataFile).getValue("Lname", row): null

2021-11-08 12:50:51 - [TEST_STEP][PASSED] - AL1 = findTestData(dataFile).getValue("AL1", row): null

2021-11-08 12:50:51 - [TEST_STEP][PASSED] - City = findTestData(dataFile).getValue("City", row): null

2021-11-08 12:50:51 - [TEST_STEP][PASSED] - ZIP = findTestData(dataFile).getValue("ZIP", row): null

2021-11-08 12:50:51 - [TEST_STEP][PASSED] - Amount = findTestData(dataFile).getValue("Amount", row): null

2021-11-08 12:50:51 - [TEST_STEP][PASSED] - CCNumber = findTestData(dataFile).getValue("CCNumber", row): null

2021-11-08 12:50:51 - [TEST_STEP][PASSED] - CVV = findTestData(dataFile).getValue("CVV", row): null

2021-11-08 12:50:51 - [TEST_STEP][PASSED] - SSN = findTestData(dataFile).getValue("SSN", row): null

2021-11-08 12:50:51 - [TEST_STEP][PASSED] - FEIN = findTestData(dataFile).getValue("FEIN", row): null

2021-11-08 12:50:51 - [TEST_STEP][PASSED] - out.println("Value of Execute is : " + ExecuteTC): null

2021-11-08 12:50:51 - [TEST_STEP][FAILED] - if (ExecuteTC.equalsIgnoreCase("Y")): null

2021-11-08 12:50:51 - [TEST_STEP][PASSED] - out.println("Begin Record Number: " + row): null

2021-11-08 12:50:51 - [TEST_STEP][PASSED] - today = new java.util.Date(): null

2021-11-08 12:50:51 - [TEST_STEP][PASSED] - println(today): null

2021-11-08 12:50:51 - [TEST_STEP][PASSED] - datText = today: null

2021-11-08 12:50:51 - [TEST_STEP][PASSED] - Taxtype = findTestData(dataFile).getValue("TaxType", row): null

2021-11-08 12:50:51 - [TEST_STEP][PASSED] - out.println("Taxtype value is : " + Taxtype): null

2021-11-08 12:50:51 - [TEST_STEP][PASSED] - openBrowser(""): Browser is opened with url: ''

2021-11-08 12:50:51 - [MESSAGE][WARNING] - A browser is already opened. Closing browser and opening a new one

2021-11-08 12:50:52 - [MESSAGE][INFO] - Starting 'Chrome' driver

2021-11-08 12:50:52 - [MESSAGE][INFO] - User set preference: ['acceptInsecureCerts', 'true']

2021-11-08 12:50:52 - [MESSAGE][INFO] - Action delay is set to 0 milliseconds

2021-11-08 12:50:53 - [MESSAGE][PASSED] - Browser is opened with url: ''

2021-11-08 12:50:53 - [TEST_STEP][PASSED] - maximizeWindow(): Current window maximized

2021-11-08 12:50:53 - [MESSAGE][PASSED] - Current window maximized

2021-11-08 12:50:53 - [TEST_STEP][PASSED] - navigateToUrl(RADurl): Navigate to 'https://qa.velocitypayment.com/client/rad/index.html' successfully

2021-11-08 12:50:56 - [MESSAGE][PASSED] - Navigate to 'https://qa.velocitypayment.com/client/rad/index.html' successfully

2021-11-08 12:50:56 - [TEST_STEP][PASSED] - orPath_Landing = "Object Repository/RAD_Pages/Landing_Page": null

2021-11-08 12:50:56 - [TEST_STEP][PASSED] - orPath_TaxTypeFilingYear = "Object Repository/RAD_Pages/TaxTypeFilingYear_Page": null

2021-11-08 12:50:56 - [TEST_STEP][PASSED] - orPath_TaxPayer = "Object Repository/RAD_Pages/Taxpayer_Page": null

2021-11-08 12:50:56 - [TEST_STEP][PASSED] - orPath_AddressContact = "Object Repository/RAD_Pages/AddressAndContactInfo_Page": null

2021-11-08 12:50:56 - [TEST_STEP][PASSED] - orPath_FilingStatus = "Object Repository/RAD_Pages/FilingStatus_Page": null

2021-11-08 12:50:56 - [TEST_STEP][PASSED] - orPath_Amount = "Object Repository/RAD_Pages/PaymentAmount_Page": null

2021-11-08 12:50:56 - [TEST_STEP][PASSED] - orPath_TaxInfo = "Object Repository/RAD_Pages/TaxInfo_Page": null

2021-11-08 12:50:56 - [TEST_STEP][PASSED] - orPath_Withholding = "Object Repository/RAD_Pages/Withholding_Page": null

2021-11-08 12:50:56 - [TEST_STEP][PASSED] - orPath_Summary = "Object Repository/RAD_Pages/Summary_Page": null

2021-11-08 12:50:56 - [TEST_STEP][PASSED] - orPath_PaymentReady = "Object Repository/RAD_Pages/PaymentReady_Page": null

2021-11-08 12:50:56 - [TEST_STEP][PASSED] - orPath_PaymentEntry = "Object Repository/RAD_Pages/PaymentEntry_Page": null

2021-11-08 12:50:56 - [TEST_STEP][PASSED] - orPath_PaymentConfirmation = "Object Repository/RAD_Pages/PaymentConfirmation_Page": null

2021-11-08 12:50:56 - [TEST_STEP][PASSED] - orPath_ServiceFeesAccept = "Object Repository/RAD_Pages/ServiceFeeAccept_Page": null

2021-11-08 12:50:56 - [TEST_STEP][PASSED] - selectOptionByLabel(findTestObject(orPath_Landing + "/dd_TaxType"), Taxtype, false): All options with label 'Existing Liability' are selected in object 'Object Repository/RAD_Pages/Landing_Page/dd_TaxType' 

2021-11-08 12:50:56 - [MESSAGE][PASSED] - All options with label 'Existing Liability' are selected in object 'Object Repository/RAD_Pages/Landing_Page/dd_TaxType' 

2021-11-08 12:50:56 - [TEST_STEP][PASSED] - delay(1): Delayed 1 second(s)

2021-11-08 12:50:57 - [MESSAGE][PASSED] - Delayed 1 second(s)

2021-11-08 12:50:57 - [TEST_STEP][PASSED] - selectOptionByLabel(findTestObject(orPath_TaxTypeFilingYear + "/select_TaxType_ExistingLiability"), TaxTypeEL, false): All options with label 'Fiduciary Tax' are selected in object 'Object Repository/RAD_Pages/TaxTypeFilingYear_Page/select_TaxType_ExistingLiability' 

2021-11-08 12:50:58 - [MESSAGE][PASSED] - All options with label 'Fiduciary Tax' are selected in object 'Object Repository/RAD_Pages/TaxTypeFilingYear_Page/select_TaxType_ExistingLiability' 

2021-11-08 12:50:58 - [TEST_STEP][PASSED] - selectOptionByLabel(findTestObject(orPath_TaxTypeFilingYear + "/select_FilingYear"), FilingYear, false): All options with label '2021' are selected in object 'Object Repository/RAD_Pages/TaxTypeFilingYear_Page/select_FilingYear' 

2021-11-08 12:50:59 - [MESSAGE][PASSED] - All options with label '2021' are selected in object 'Object Repository/RAD_Pages/TaxTypeFilingYear_Page/select_FilingYear' 

2021-11-08 12:50:59 - [TEST_STEP][PASSED] - setText(findTestObject(orPath_TaxPayer + "/input_firstName"), FName): Text 'Jason' is set on object 'Object Repository/RAD_Pages/Taxpayer_Page/input_firstName'

2021-11-08 12:50:59 - [MESSAGE][PASSED] - Text 'Jason' is set on object 'Object Repository/RAD_Pages/Taxpayer_Page/input_firstName'

2021-11-08 12:50:59 - [TEST_STEP][PASSED] - setText(findTestObject(orPath_TaxPayer + "/input_lastName"), LName): Text 'Cook' is set on object 'Object Repository/RAD_Pages/Taxpayer_Page/input_lastName'

2021-11-08 12:51:00 - [MESSAGE][PASSED] - Text 'Cook' is set on object 'Object Repository/RAD_Pages/Taxpayer_Page/input_lastName'

2021-11-08 12:51:00 - [TEST_STEP][PASSED] - setText(findTestObject(orPath_TaxPayer + "/input_middleName"), "Johns"): Text 'Johns' is set on object 'Object Repository/RAD_Pages/Taxpayer_Page/input_middleName'

2021-11-08 12:51:01 - [MESSAGE][PASSED] - Text 'Johns' is set on object 'Object Repository/RAD_Pages/Taxpayer_Page/input_middleName'

2021-11-08 12:51:01 - [TEST_STEP][PASSED] - setText(findTestObject(orPath_TaxPayer + "/input_suffix"), "Sr"): Text 'Sr' is set on object 'Object Repository/RAD_Pages/Taxpayer_Page/input_suffix'

2021-11-08 12:51:01 - [MESSAGE][PASSED] - Text 'Sr' is set on object 'Object Repository/RAD_Pages/Taxpayer_Page/input_suffix'

2021-11-08 12:51:01 - [TEST_STEP][PASSED] - selectOptionByLabel(findTestObject(orPath_AddressContact + "/select_Country"), "United States", false): All options with label 'United States' are selected in object 'Object Repository/RAD_Pages/AddressAndContactInfo_Page/select_Country' 

2021-11-08 12:51:02 - [MESSAGE][PASSED] - All options with label 'United States' are selected in object 'Object Repository/RAD_Pages/AddressAndContactInfo_Page/select_Country' 

2021-11-08 12:51:02 - [TEST_STEP][PASSED] - setText(findTestObject(orPath_AddressContact + "/input_streetAddress1"), AL1): Text '1501 Mandan Terrace' is set on object 'Object Repository/RAD_Pages/AddressAndContactInfo_Page/input_streetAddress1'

2021-11-08 12:51:02 - [MESSAGE][PASSED] - Text '1501 Mandan Terrace' is set on object 'Object Repository/RAD_Pages/AddressAndContactInfo_Page/input_streetAddress1'

2021-11-08 12:51:02 - [TEST_STEP][PASSED] - setText(findTestObject(orPath_AddressContact + "/input_streetAddress2"), ""): Text '' is set on object 'Object Repository/RAD_Pages/AddressAndContactInfo_Page/input_streetAddress2'

2021-11-08 12:51:03 - [MESSAGE][PASSED] - Text '' is set on object 'Object Repository/RAD_Pages/AddressAndContactInfo_Page/input_streetAddress2'

2021-11-08 12:51:03 - [TEST_STEP][PASSED] - setText(findTestObject(orPath_AddressContact + "/input_city"), City): Text 'Bowie' is set on object 'Object Repository/RAD_Pages/AddressAndContactInfo_Page/input_city'

2021-11-08 12:51:04 - [MESSAGE][PASSED] - Text 'Bowie' is set on object 'Object Repository/RAD_Pages/AddressAndContactInfo_Page/input_city'

2021-11-08 12:51:04 - [TEST_STEP][PASSED] - selectOptionByLabel(findTestObject(orPath_AddressContact + "/select_State"), "Maryland", false): All options with label 'Maryland' are selected in object 'Object Repository/RAD_Pages/AddressAndContactInfo_Page/select_State' 

2021-11-08 12:51:04 - [MESSAGE][PASSED] - All options with label 'Maryland' are selected in object 'Object Repository/RAD_Pages/AddressAndContactInfo_Page/select_State' 

2021-11-08 12:51:04 - [TEST_STEP][PASSED] - setText(findTestObject(orPath_AddressContact + "/input_zipCode"), ZIP): Text '20720' is set on object 'Object Repository/RAD_Pages/AddressAndContactInfo_Page/input_zipCode'

2021-11-08 12:51:05 - [MESSAGE][PASSED] - Text '20720' is set on object 'Object Repository/RAD_Pages/AddressAndContactInfo_Page/input_zipCode'

2021-11-08 12:51:05 - [TEST_STEP][PASSED] - setText(findTestObject(orPath_AddressContact + "/input_phoneNumber"), "(703) 894-5000"): Text '(703) 894-5000' is set on object 'Object Repository/RAD_Pages/AddressAndContactInfo_Page/input_phoneNumber'

2021-11-08 12:51:06 - [MESSAGE][PASSED] - Text '(703) 894-5000' is set on object 'Object Repository/RAD_Pages/AddressAndContactInfo_Page/input_phoneNumber'

2021-11-08 12:51:06 - [TEST_STEP][PASSED] - setText(findTestObject(orPath_AddressContact + "/input_eMailAddress"), "iahmed@govolution.com"): Text 'iahmed@govolution.com' is set on object 'Object Repository/RAD_Pages/AddressAndContactInfo_Page/input_eMailAddress'

2021-11-08 12:51:06 - [MESSAGE][PASSED] - Text 'iahmed@govolution.com' is set on object 'Object Repository/RAD_Pages/AddressAndContactInfo_Page/input_eMailAddress'

2021-11-08 12:51:06 - [TEST_STEP][PASSED] - setText(findTestObject(orPath_AddressContact + "/input_reEnterEMailAddress"), "iahmed@govolution.com"): Text 'iahmed@govolution.com' is set on object 'Object Repository/RAD_Pages/AddressAndContactInfo_Page/input_reEnterEMailAddress'

2021-11-08 12:51:07 - [MESSAGE][PASSED] - Text 'iahmed@govolution.com' is set on object 'Object Repository/RAD_Pages/AddressAndContactInfo_Page/input_reEnterEMailAddress'

2021-11-08 12:51:07 - [TEST_STEP][PASSED] - if (!(SSN.isEmpty())): Text '123450145' is set on object 'Object Repository/RAD_Pages/TaxInfo_Page/input_TaxInfo_reTaxTypeExisitingSSN'

2021-11-08 12:51:07 - [TEST_STEP][PASSED] - setText(findTestObject(orPath_TaxInfo + "/input_TaxInfo_ExisitingSSN"), SSN): Text '123450145' is set on object 'Object Repository/RAD_Pages/TaxInfo_Page/input_TaxInfo_ExisitingSSN'

2021-11-08 12:51:08 - [MESSAGE][PASSED] - Text '123450145' is set on object 'Object Repository/RAD_Pages/TaxInfo_Page/input_TaxInfo_ExisitingSSN'

2021-11-08 12:51:08 - [TEST_STEP][PASSED] - setText(findTestObject(orPath_TaxInfo + "/input_TaxInfo_reTaxTypeExisitingSSN"), SSN): Text '123450145' is set on object 'Object Repository/RAD_Pages/TaxInfo_Page/input_TaxInfo_reTaxTypeExisitingSSN'

2021-11-08 12:51:08 - [MESSAGE][PASSED] - Text '123450145' is set on object 'Object Repository/RAD_Pages/TaxInfo_Page/input_TaxInfo_reTaxTypeExisitingSSN'

2021-11-08 12:51:08 - [TEST_STEP][PASSED] - scrollToElement(findTestObject(orPath_Amount + "/input__paymentAmount"), 3): Scroll to object 'Object Repository/RAD_Pages/PaymentAmount_Page/input__paymentAmount' successfully

2021-11-08 12:51:09 - [MESSAGE][PASSED] - Scroll to object 'Object Repository/RAD_Pages/PaymentAmount_Page/input__paymentAmount' successfully

2021-11-08 12:51:09 - [TEST_STEP][PASSED] - if (!(FEIN.isEmpty())): null

2021-11-08 12:51:09 - [TEST_STEP][PASSED] - delay(1): Delayed 1 second(s)

2021-11-08 12:51:10 - [MESSAGE][PASSED] - Delayed 1 second(s)

2021-11-08 12:51:10 - [TEST_STEP][PASSED] - setText(findTestObject(orPath_TaxInfo + "/input_NoticeInvoiceNumber"), "258147147"): Text '258147147' is set on object 'Object Repository/RAD_Pages/TaxInfo_Page/input_NoticeInvoiceNumber'

2021-11-08 12:51:11 - [MESSAGE][PASSED] - Text '258147147' is set on object 'Object Repository/RAD_Pages/TaxInfo_Page/input_NoticeInvoiceNumber'

2021-11-08 12:51:11 - [TEST_STEP][PASSED] - setText(findTestObject(orPath_TaxInfo + "/input_reTypeNoticeInvoiceNumber"), "258147147"): Text '258147147' is set on object 'Object Repository/RAD_Pages/TaxInfo_Page/input_reTypeNoticeInvoiceNumber'

2021-11-08 12:51:12 - [MESSAGE][PASSED] - Text '258147147' is set on object 'Object Repository/RAD_Pages/TaxInfo_Page/input_reTypeNoticeInvoiceNumber'

2021-11-08 12:51:12 - [TEST_STEP][PASSED] - if (TaxTypeEL.equalsIgnoreCase("Sales & Use Tax")): null

2021-11-08 12:51:12 - [TEST_STEP][PASSED] - setText(findTestObject(orPath_Amount + "/input__paymentAmount"), Amount): Text '50.50' is set on object 'Object Repository/RAD_Pages/PaymentAmount_Page/input__paymentAmount'

2021-11-08 12:51:12 - [MESSAGE][PASSED] - Text '50.50' is set on object 'Object Repository/RAD_Pages/PaymentAmount_Page/input__paymentAmount'

2021-11-08 12:51:12 - [TEST_STEP][PASSED] - scrollToElement(findTestObject(orPath_Landing + "/button_Continue"), 3): Scroll to object 'Object Repository/RAD_Pages/Landing_Page/button_Continue' successfully

2021-11-08 12:51:13 - [MESSAGE][PASSED] - Scroll to object 'Object Repository/RAD_Pages/Landing_Page/button_Continue' successfully

2021-11-08 12:51:13 - [TEST_STEP][PASSED] - waitForElementClickable(findTestObject(orPath_Landing + "/button_Continue"), 5): Object 'Object Repository/RAD_Pages/Landing_Page/button_Continue' is clickable

2021-11-08 12:51:13 - [MESSAGE][PASSED] - Object 'Object Repository/RAD_Pages/Landing_Page/button_Continue' is clickable

2021-11-08 12:51:13 - [TEST_STEP][PASSED] - click(findTestObject(orPath_Landing + "/button_Continue")): Object: 'Object Repository/RAD_Pages/Landing_Page/button_Continue' is clicked on

2021-11-08 12:51:14 - [MESSAGE][PASSED] - Object: 'Object Repository/RAD_Pages/Landing_Page/button_Continue' is clicked on

2021-11-08 12:51:14 - [TEST_STEP][PASSED] - verifyTextPresent("Review the information below and make any necessary corrections by clicking the", true): Text 'Review the information below and make any necessary corrections by clicking the' is present on page  using regular expression

2021-11-08 12:51:14 - [MESSAGE][PASSED] - Text 'Review the information below and make any necessary corrections by clicking the' is present on page  using regular expression

2021-11-08 12:51:14 - [TEST_STEP][PASSED] - verifyTextPresent("When you are confident that all the information is correct", true): Text 'When you are confident that all the information is correct' is present on page  using regular expression

2021-11-08 12:51:14 - [MESSAGE][PASSED] - Text 'When you are confident that all the information is correct' is present on page  using regular expression

2021-11-08 12:51:14 - [TEST_STEP][PASSED] - delay(1): Delayed 1 second(s)

2021-11-08 12:51:15 - [MESSAGE][PASSED] - Delayed 1 second(s)

2021-11-08 12:51:15 - [TEST_STEP][PASSED] - click(findTestObject(orPath_PaymentReady + "/button_ProceedtoPayment")): Object: 'Object Repository/RAD_Pages/PaymentReady_Page/button_ProceedtoPayment' is clicked on

2021-11-08 12:51:18 - [MESSAGE][PASSED] - Object: 'Object Repository/RAD_Pages/PaymentReady_Page/button_ProceedtoPayment' is clicked on

2021-11-08 12:51:18 - [TEST_STEP][PASSED] - setText(findTestObject(orPath_PaymentEntry + "/input__cardNumber"), CCNumber): Text '4012000098765439' is set on object 'Object Repository/RAD_Pages/PaymentEntry_Page/input__cardNumber'

2021-11-08 12:51:18 - [MESSAGE][PASSED] - Text '4012000098765439' is set on object 'Object Repository/RAD_Pages/PaymentEntry_Page/input__cardNumber'

2021-11-08 12:51:18 - [TEST_STEP][PASSED] - setText(findTestObject(orPath_PaymentEntry + "/input__spc"), CVV): Text '123' is set on object 'Object Repository/RAD_Pages/PaymentEntry_Page/input__spc'

2021-11-08 12:51:19 - [MESSAGE][PASSED] - Text '123' is set on object 'Object Repository/RAD_Pages/PaymentEntry_Page/input__spc'

2021-11-08 12:51:19 - [TEST_STEP][PASSED] - selectOptionByLabel(findTestObject(orPath_PaymentEntry + "/select_MM"), "12", false): All options with label '12' are selected in object 'Object Repository/RAD_Pages/PaymentEntry_Page/select_MM' 

2021-11-08 12:51:20 - [MESSAGE][PASSED] - All options with label '12' are selected in object 'Object Repository/RAD_Pages/PaymentEntry_Page/select_MM' 

2021-11-08 12:51:20 - [TEST_STEP][PASSED] - selectOptionByLabel(findTestObject(orPath_PaymentEntry + "/select_YYYY"), "2023", false): All options with label '2023' are selected in object 'Object Repository/RAD_Pages/PaymentEntry_Page/select_YYYY' 

2021-11-08 12:51:20 - [MESSAGE][PASSED] - All options with label '2023' are selected in object 'Object Repository/RAD_Pages/PaymentEntry_Page/select_YYYY' 

2021-11-08 12:51:20 - [TEST_STEP][PASSED] - click(findTestObject(orPath_PaymentEntry + "/input_Field_ccSubmit")): Object: 'Object Repository/RAD_Pages/PaymentEntry_Page/input_Field_ccSubmit' is clicked on

2021-11-08 12:51:21 - [MESSAGE][PASSED] - Object: 'Object Repository/RAD_Pages/PaymentEntry_Page/input_Field_ccSubmit' is clicked on

2021-11-08 12:51:21 - [TEST_STEP][PASSED] - click(findTestObject(orPath_PaymentConfirmation + "/input_N_confirmNotifyAction")): Object: 'Object Repository/RAD_Pages/PaymentConfirmation_Page/input_N_confirmNotifyAction' is clicked on

2021-11-08 12:51:23 - [MESSAGE][PASSED] - Object: 'Object Repository/RAD_Pages/PaymentConfirmation_Page/input_N_confirmNotifyAction' is clicked on

2021-11-08 12:51:23 - [TEST_STEP][FAILED] - click(findTestObject(orPath_ServiceFeesAccept + "/input_convFeeNotifyAction")): Unable to click on object 'Object Repository/RAD_Pages/ServiceFeeAccept_Page/input_convFeeNotifyAction' (Root cause: com.kms.katalon.core.exception.StepFailedException: Unable to click on object 'Object Repository/RAD_Pages/ServiceFeeAccept_Page/input_convFeeNotifyAction'
	at com.kms.katalon.core.webui.keyword.internal.WebUIKeywordMain.stepFailed(WebUIKeywordMain.groovy:64)
	at com.kms.katalon.core.webui.keyword.internal.WebUIKeywordMain.runKeyword(WebUIKeywordMain.groovy:26)
	at com.kms.katalon.core.webui.keyword.builtin.ClickKeyword.click(ClickKeyword.groovy:75)
	at com.kms.katalon.core.webui.keyword.builtin.ClickKeyword.execute(ClickKeyword.groovy:42)
	at com.kms.katalon.core.keyword.internal.KeywordExecutor.executeKeywordForPlatform(KeywordExecutor.groovy:74)
	at com.kms.katalon.core.webui.keyword.WebUiBuiltInKeywords.click(WebUiBuiltInKeywords.groovy:620)
	at com.kms.katalon.core.webui.keyword.WebUiBuiltInKeywords$click$10.call(Unknown Source)
	at Payments_ExistingLiability_HC_TC.run(Payments_ExistingLiability_HC_TC:217)
	at com.kms.katalon.core.main.ScriptEngine.run(ScriptEngine.java:194)
	at com.kms.katalon.core.main.ScriptEngine.runScriptAsRawText(ScriptEngine.java:119)
	at com.kms.katalon.core.main.TestCaseExecutor.runScript(TestCaseExecutor.java:430)
	at com.kms.katalon.core.main.TestCaseExecutor.doExecute(TestCaseExecutor.java:421)
	at com.kms.katalon.core.main.TestCaseExecutor.processExecutionPhase(TestCaseExecutor.java:400)
	at com.kms.katalon.core.main.TestCaseExecutor.accessMainPhase(TestCaseExecutor.java:392)
	at com.kms.katalon.core.main.TestCaseExecutor.execute(TestCaseExecutor.java:273)
	at com.kms.katalon.core.main.TestSuiteExecutor.accessTestCaseMainPhase(TestSuiteExecutor.java:202)
	at com.kms.katalon.core.main.TestSuiteExecutor.accessTestSuiteMainPhase(TestSuiteExecutor.java:164)
	at com.kms.katalon.core.main.TestSuiteExecutor.execute(TestSuiteExecutor.java:105)
	at com.kms.katalon.core.main.TestCaseMain.startTestSuite(TestCaseMain.java:185)
	at com.kms.katalon.core.main.TestCaseMain$startTestSuite$0.call(Unknown Source)
	at TempTestSuite1636391403401.run(TempTestSuite1636391403401.groovy:36)
Caused by: com.kms.katalon.core.webui.exception.WebElementNotFoundException: Web element with id: 'Object Repository/RAD_Pages/ServiceFeeAccept_Page/input_convFeeNotifyAction' located by '//*[@type = 'submit' and @name = 'convFeeNotifyAction']' not found
	at com.kms.katalon.core.webui.common.WebUiCommonHelper.findWebElement(WebUiCommonHelper.java:1368)
	at com.kms.katalon.core.webui.keyword.internal.WebUIAbstractKeyword.findWebElement(WebUIAbstractKeyword.groovy:27)
	at com.kms.katalon.core.webui.keyword.internal.WebUIAbstractKeyword.findWebElement(WebUIAbstractKeyword.groovy:26)
	at com.kms.katalon.core.webui.keyword.builtin.ClickKeyword$_click_closure1.doCall(ClickKeyword.groovy:66)
	at com.kms.katalon.core.webui.keyword.builtin.ClickKeyword$_click_closure1.call(ClickKeyword.groovy)
	at com.kms.katalon.core.webui.keyword.internal.WebUIKeywordMain.runKeyword(WebUIKeywordMain.groovy:20)
	at com.kms.katalon.core.webui.keyword.builtin.ClickKeyword.click(ClickKeyword.groovy:75)
	at com.kms.katalon.core.webui.keyword.builtin.ClickKeyword.execute(ClickKeyword.groovy:42)
	at com.kms.katalon.core.keyword.internal.KeywordExecutor.executeKeywordForPlatform(KeywordExecutor.groovy:74)
	at com.kms.katalon.core.webui.keyword.WebUiBuiltInKeywords.click(WebUiBuiltInKeywords.groovy:620)
	at com.kms.katalon.core.webui.keyword.WebUiBuiltInKeywords$click$10.call(Unknown Source)
	at Script1634702981988.run(Script1634702981988.groovy:217)
	... 13 more
)

2021-11-08 12:51:54 - [MESSAGE][INFO] - Unable to find the element located by 'By.xpath: //*[@type = 'submit' and @name = 'convFeeNotifyAction']'. Please recheck the objects properties to make sure the desired element is located. 

2021-11-08 12:51:54 - [MESSAGE][WARNING] - [SELF-HEALING] Failed to find element with id 'Object Repository/RAD_Pages/ServiceFeeAccept_Page/input_convFeeNotifyAction'. Try using Self-healing.

2021-11-08 12:51:55 - [MESSAGE][INFO] - Unable to find the element located by 'By.xpath: //div[5]/div/input'. Please recheck the objects properties to make sure the desired element is located. 

2021-11-08 12:51:56 - [MESSAGE][INFO] - Unable to find the element located by 'By.xpath: //input[@name='convFeeNotifyAction']'. Please recheck the objects properties to make sure the desired element is located. 

2021-11-08 12:51:57 - [MESSAGE][INFO] - [SELF-HEALING] Failed Locator: '//input[@name='convFeeNotifyAction']'.

2021-11-08 12:51:57 - [MESSAGE][INFO] - [SELF-HEALING] Failed Locator: '//div[5]/div/input'.

2021-11-08 12:51:57 - [MESSAGE][INFO] - [SELF-HEALING] Failed Locator: '//input[@name='convFeeNotifyAction']'.

2021-11-08 12:51:57 - [MESSAGE][INFO] - [SELF-HEALING] Failed Locator: '//div[5]/div/input'.

2021-11-08 12:51:59 - [MESSAGE][INFO] - Unable to find the element located by 'By.cssSelector: input[name="convFeeNotifyAction"]'. Please recheck the objects properties to make sure the desired element is located. 

2021-11-08 12:51:59 - [MESSAGE][FAILED] - Unable to click on object 'Object Repository/RAD_Pages/ServiceFeeAccept_Page/input_convFeeNotifyAction' (Root cause: com.kms.katalon.core.exception.StepFailedException: Unable to click on object 'Object Repository/RAD_Pages/ServiceFeeAccept_Page/input_convFeeNotifyAction'
	at com.kms.katalon.core.webui.keyword.internal.WebUIKeywordMain.stepFailed(WebUIKeywordMain.groovy:64)
	at com.kms.katalon.core.webui.keyword.internal.WebUIKeywordMain.runKeyword(WebUIKeywordMain.groovy:26)
	at com.kms.katalon.core.webui.keyword.builtin.ClickKeyword.click(ClickKeyword.groovy:75)
	at com.kms.katalon.core.webui.keyword.builtin.ClickKeyword.execute(ClickKeyword.groovy:42)
	at com.kms.katalon.core.keyword.internal.KeywordExecutor.executeKeywordForPlatform(KeywordExecutor.groovy:74)
	at com.kms.katalon.core.webui.keyword.WebUiBuiltInKeywords.click(WebUiBuiltInKeywords.groovy:620)
	at com.kms.katalon.core.webui.keyword.WebUiBuiltInKeywords$click$10.call(Unknown Source)
	at Payments_ExistingLiability_HC_TC.run(Payments_ExistingLiability_HC_TC:217)
	at com.kms.katalon.core.main.ScriptEngine.run(ScriptEngine.java:194)
	at com.kms.katalon.core.main.ScriptEngine.runScriptAsRawText(ScriptEngine.java:119)
	at com.kms.katalon.core.main.TestCaseExecutor.runScript(TestCaseExecutor.java:430)
	at com.kms.katalon.core.main.TestCaseExecutor.doExecute(TestCaseExecutor.java:421)
	at com.kms.katalon.core.main.TestCaseExecutor.processExecutionPhase(TestCaseExecutor.java:400)
	at com.kms.katalon.core.main.TestCaseExecutor.accessMainPhase(TestCaseExecutor.java:392)
	at com.kms.katalon.core.main.TestCaseExecutor.execute(TestCaseExecutor.java:273)
	at com.kms.katalon.core.main.TestSuiteExecutor.accessTestCaseMainPhase(TestSuiteExecutor.java:202)
	at com.kms.katalon.core.main.TestSuiteExecutor.accessTestSuiteMainPhase(TestSuiteExecutor.java:164)
	at com.kms.katalon.core.main.TestSuiteExecutor.execute(TestSuiteExecutor.java:105)
	at com.kms.katalon.core.main.TestCaseMain.startTestSuite(TestCaseMain.java:185)
	at com.kms.katalon.core.main.TestCaseMain$startTestSuite$0.call(Unknown Source)
	at TempTestSuite1636391403401.run(TempTestSuite1636391403401.groovy:36)
Caused by: com.kms.katalon.core.webui.exception.WebElementNotFoundException: Web element with id: 'Object Repository/RAD_Pages/ServiceFeeAccept_Page/input_convFeeNotifyAction' located by '//*[@type = 'submit' and @name = 'convFeeNotifyAction']' not found
	at com.kms.katalon.core.webui.common.WebUiCommonHelper.findWebElement(WebUiCommonHelper.java:1368)
	at com.kms.katalon.core.webui.keyword.internal.WebUIAbstractKeyword.findWebElement(WebUIAbstractKeyword.groovy:27)
	at com.kms.katalon.core.webui.keyword.internal.WebUIAbstractKeyword.findWebElement(WebUIAbstractKeyword.groovy:26)
	at com.kms.katalon.core.webui.keyword.builtin.ClickKeyword$_click_closure1.doCall(ClickKeyword.groovy:66)
	at com.kms.katalon.core.webui.keyword.builtin.ClickKeyword$_click_closure1.call(ClickKeyword.groovy)
	at com.kms.katalon.core.webui.keyword.internal.WebUIKeywordMain.runKeyword(WebUIKeywordMain.groovy:20)
	at com.kms.katalon.core.webui.keyword.builtin.ClickKeyword.click(ClickKeyword.groovy:75)
	at com.kms.katalon.core.webui.keyword.builtin.ClickKeyword.execute(ClickKeyword.groovy:42)
	at com.kms.katalon.core.keyword.internal.KeywordExecutor.executeKeywordForPlatform(KeywordExecutor.groovy:74)
	at com.kms.katalon.core.webui.keyword.WebUiBuiltInKeywords.click(WebUiBuiltInKeywords.groovy:620)
	at com.kms.katalon.core.webui.keyword.WebUiBuiltInKeywords$click$10.call(Unknown Source)
	at Script1634702981988.run(Script1634702981988.groovy:217)
	... 13 more
)
[[ATTACHMENT|E:\\Cloned-Project-Katalon\\VPS-Katalon\\Reports\\20211108_121003\\RAD_TestSuite\\RAD_UI_TestSuite\\20211108_121003\\1636393919024.png]]

2021-11-08 12:51:59 - [TEST_STEP][PASSED] - delay(10): Delayed 10 second(s)

2021-11-08 12:52:09 - [MESSAGE][PASSED] - Delayed 10 second(s)

2021-11-08 12:52:09 - [TEST_STEP][PASSED] - verifyTextPresent("Successful Payment Receipt", true): Text 'Successful Payment Receipt' is present on page  using regular expression

2021-11-08 12:52:09 - [MESSAGE][PASSED] - Text 'Successful Payment Receipt' is present on page  using regular expression

2021-11-08 12:52:09 - [TEST_STEP][PASSED] - if (verifyTextPresent("Successful Payment Receipt", true)): null

2021-11-08 12:52:09 - [MESSAGE][PASSED] - Text 'Successful Payment Receipt' is present on page  using regular expression

2021-11-08 12:52:09 - [TEST_STEP][PASSED] - println("Transaction was Successful"): null

2021-11-08 12:52:09 - [TEST_STEP][PASSED] - out.println("Pass Record Number: " + row): null

2021-11-08 12:52:09 - [TEST_STEP][PASSED] - resText = "Pass": null

2021-11-08 12:52:09 - [TEST_STEP][PASSED] - pages.WriteExcel.demoKey(resText, datText, resColumn, datCloumn, fileLoc, nameSheet, row): pages.WriteExcel.demoKey is PASSED

2021-11-08 12:52:09 - [MESSAGE][PASSED] - pages.WriteExcel.demoKey is PASSED

2021-11-08 12:52:09 - [TEST_STEP][PASSED] - ExecuteTC = findTestData(dataFile).getValue("Execute", row): null

2021-11-08 12:52:09 - [TEST_STEP][PASSED] - Taxtype = findTestData(dataFile).getValue("TaxType", row): null

2021-11-08 12:52:10 - [TEST_STEP][PASSED] - TaxTypeEL = findTestData(dataFile).getValue("TaxTypeEL", row): null

2021-11-08 12:52:10 - [TEST_STEP][PASSED] - FilingYear = findTestData(dataFile).getValue("FilingYear", row): null

2021-11-08 12:52:10 - [TEST_STEP][PASSED] - FName = findTestData(dataFile).getValue("Fname", row): null

2021-11-08 12:52:10 - [TEST_STEP][PASSED] - LName = findTestData(dataFile).getValue("Lname", row): null

2021-11-08 12:52:10 - [TEST_STEP][PASSED] - AL1 = findTestData(dataFile).getValue("AL1", row): null

2021-11-08 12:52:10 - [TEST_STEP][PASSED] - City = findTestData(dataFile).getValue("City", row): null

2021-11-08 12:52:10 - [TEST_STEP][PASSED] - ZIP = findTestData(dataFile).getValue("ZIP", row): null

2021-11-08 12:52:10 - [TEST_STEP][PASSED] - Amount = findTestData(dataFile).getValue("Amount", row): null

2021-11-08 12:52:10 - [TEST_STEP][PASSED] - CCNumber = findTestData(dataFile).getValue("CCNumber", row): null

2021-11-08 12:52:10 - [TEST_STEP][PASSED] - CVV = findTestData(dataFile).getValue("CVV", row): null

2021-11-08 12:52:10 - [TEST_STEP][PASSED] - SSN = findTestData(dataFile).getValue("SSN", row): null

2021-11-08 12:52:10 - [TEST_STEP][PASSED] - FEIN = findTestData(dataFile).getValue("FEIN", row): null

2021-11-08 12:52:10 - [TEST_STEP][PASSED] - out.println("Value of Execute is : " + ExecuteTC): null

2021-11-08 12:52:10 - [TEST_STEP][FAILED] - if (ExecuteTC.equalsIgnoreCase("Y")): null

2021-11-08 12:52:10 - [TEST_STEP][PASSED] - out.println("Begin Record Number: " + row): null

2021-11-08 12:52:10 - [TEST_STEP][PASSED] - today = new java.util.Date(): null

2021-11-08 12:52:10 - [TEST_STEP][PASSED] - println(today): null

2021-11-08 12:52:10 - [TEST_STEP][PASSED] - datText = today: null

2021-11-08 12:52:10 - [TEST_STEP][PASSED] - Taxtype = findTestData(dataFile).getValue("TaxType", row): null

2021-11-08 12:52:10 - [TEST_STEP][PASSED] - out.println("Taxtype value is : " + Taxtype): null

2021-11-08 12:52:10 - [TEST_STEP][PASSED] - openBrowser(""): Browser is opened with url: ''

2021-11-08 12:52:10 - [MESSAGE][WARNING] - A browser is already opened. Closing browser and opening a new one

2021-11-08 12:52:11 - [MESSAGE][INFO] - Starting 'Chrome' driver

2021-11-08 12:52:11 - [MESSAGE][INFO] - User set preference: ['acceptInsecureCerts', 'true']

2021-11-08 12:52:11 - [MESSAGE][INFO] - Action delay is set to 0 milliseconds

2021-11-08 12:52:12 - [MESSAGE][PASSED] - Browser is opened with url: ''

2021-11-08 12:52:12 - [TEST_STEP][PASSED] - maximizeWindow(): Current window maximized

2021-11-08 12:52:12 - [MESSAGE][PASSED] - Current window maximized

2021-11-08 12:52:12 - [TEST_STEP][PASSED] - navigateToUrl(RADurl): Navigate to 'https://qa.velocitypayment.com/client/rad/index.html' successfully

2021-11-08 12:52:14 - [MESSAGE][PASSED] - Navigate to 'https://qa.velocitypayment.com/client/rad/index.html' successfully

2021-11-08 12:52:14 - [TEST_STEP][PASSED] - orPath_Landing = "Object Repository/RAD_Pages/Landing_Page": null

2021-11-08 12:52:14 - [TEST_STEP][PASSED] - orPath_TaxTypeFilingYear = "Object Repository/RAD_Pages/TaxTypeFilingYear_Page": null

2021-11-08 12:52:14 - [TEST_STEP][PASSED] - orPath_TaxPayer = "Object Repository/RAD_Pages/Taxpayer_Page": null

2021-11-08 12:52:14 - [TEST_STEP][PASSED] - orPath_AddressContact = "Object Repository/RAD_Pages/AddressAndContactInfo_Page": null

2021-11-08 12:52:14 - [TEST_STEP][PASSED] - orPath_FilingStatus = "Object Repository/RAD_Pages/FilingStatus_Page": null

2021-11-08 12:52:14 - [TEST_STEP][PASSED] - orPath_Amount = "Object Repository/RAD_Pages/PaymentAmount_Page": null

2021-11-08 12:52:14 - [TEST_STEP][PASSED] - orPath_TaxInfo = "Object Repository/RAD_Pages/TaxInfo_Page": null

2021-11-08 12:52:14 - [TEST_STEP][PASSED] - orPath_Withholding = "Object Repository/RAD_Pages/Withholding_Page": null

2021-11-08 12:52:14 - [TEST_STEP][PASSED] - orPath_Summary = "Object Repository/RAD_Pages/Summary_Page": null

2021-11-08 12:52:14 - [TEST_STEP][PASSED] - orPath_PaymentReady = "Object Repository/RAD_Pages/PaymentReady_Page": null

2021-11-08 12:52:14 - [TEST_STEP][PASSED] - orPath_PaymentEntry = "Object Repository/RAD_Pages/PaymentEntry_Page": null

2021-11-08 12:52:14 - [TEST_STEP][PASSED] - orPath_PaymentConfirmation = "Object Repository/RAD_Pages/PaymentConfirmation_Page": null

2021-11-08 12:52:14 - [TEST_STEP][PASSED] - orPath_ServiceFeesAccept = "Object Repository/RAD_Pages/ServiceFeeAccept_Page": null

2021-11-08 12:52:14 - [TEST_STEP][PASSED] - selectOptionByLabel(findTestObject(orPath_Landing + "/dd_TaxType"), Taxtype, false): All options with label 'Existing Liability' are selected in object 'Object Repository/RAD_Pages/Landing_Page/dd_TaxType' 

2021-11-08 12:52:15 - [MESSAGE][PASSED] - All options with label 'Existing Liability' are selected in object 'Object Repository/RAD_Pages/Landing_Page/dd_TaxType' 

2021-11-08 12:52:15 - [TEST_STEP][PASSED] - delay(1): Delayed 1 second(s)

2021-11-08 12:52:16 - [MESSAGE][PASSED] - Delayed 1 second(s)

2021-11-08 12:52:16 - [TEST_STEP][PASSED] - selectOptionByLabel(findTestObject(orPath_TaxTypeFilingYear + "/select_TaxType_ExistingLiability"), TaxTypeEL, false): All options with label 'Fiduciary Tax' are selected in object 'Object Repository/RAD_Pages/TaxTypeFilingYear_Page/select_TaxType_ExistingLiability' 

2021-11-08 12:52:17 - [MESSAGE][PASSED] - All options with label 'Fiduciary Tax' are selected in object 'Object Repository/RAD_Pages/TaxTypeFilingYear_Page/select_TaxType_ExistingLiability' 

2021-11-08 12:52:17 - [TEST_STEP][PASSED] - selectOptionByLabel(findTestObject(orPath_TaxTypeFilingYear + "/select_FilingYear"), FilingYear, false): All options with label '2021' are selected in object 'Object Repository/RAD_Pages/TaxTypeFilingYear_Page/select_FilingYear' 

2021-11-08 12:52:17 - [MESSAGE][PASSED] - All options with label '2021' are selected in object 'Object Repository/RAD_Pages/TaxTypeFilingYear_Page/select_FilingYear' 

2021-11-08 12:52:17 - [TEST_STEP][PASSED] - setText(findTestObject(orPath_TaxPayer + "/input_firstName"), FName): Text 'Jason' is set on object 'Object Repository/RAD_Pages/Taxpayer_Page/input_firstName'

2021-11-08 12:52:18 - [MESSAGE][PASSED] - Text 'Jason' is set on object 'Object Repository/RAD_Pages/Taxpayer_Page/input_firstName'

2021-11-08 12:52:18 - [TEST_STEP][PASSED] - setText(findTestObject(orPath_TaxPayer + "/input_lastName"), LName): Text 'Cook' is set on object 'Object Repository/RAD_Pages/Taxpayer_Page/input_lastName'

2021-11-08 12:52:19 - [MESSAGE][PASSED] - Text 'Cook' is set on object 'Object Repository/RAD_Pages/Taxpayer_Page/input_lastName'

2021-11-08 12:52:19 - [TEST_STEP][PASSED] - setText(findTestObject(orPath_TaxPayer + "/input_middleName"), "Johns"): Text 'Johns' is set on object 'Object Repository/RAD_Pages/Taxpayer_Page/input_middleName'

2021-11-08 12:52:19 - [MESSAGE][PASSED] - Text 'Johns' is set on object 'Object Repository/RAD_Pages/Taxpayer_Page/input_middleName'

2021-11-08 12:52:19 - [TEST_STEP][PASSED] - setText(findTestObject(orPath_TaxPayer + "/input_suffix"), "Sr"): Text 'Sr' is set on object 'Object Repository/RAD_Pages/Taxpayer_Page/input_suffix'

2021-11-08 12:52:20 - [MESSAGE][PASSED] - Text 'Sr' is set on object 'Object Repository/RAD_Pages/Taxpayer_Page/input_suffix'

2021-11-08 12:52:20 - [TEST_STEP][PASSED] - selectOptionByLabel(findTestObject(orPath_AddressContact + "/select_Country"), "United States", false): All options with label 'United States' are selected in object 'Object Repository/RAD_Pages/AddressAndContactInfo_Page/select_Country' 

2021-11-08 12:52:20 - [MESSAGE][PASSED] - All options with label 'United States' are selected in object 'Object Repository/RAD_Pages/AddressAndContactInfo_Page/select_Country' 

2021-11-08 12:52:20 - [TEST_STEP][PASSED] - setText(findTestObject(orPath_AddressContact + "/input_streetAddress1"), AL1): Text '1501 Mandan Terrace' is set on object 'Object Repository/RAD_Pages/AddressAndContactInfo_Page/input_streetAddress1'

2021-11-08 12:52:21 - [MESSAGE][PASSED] - Text '1501 Mandan Terrace' is set on object 'Object Repository/RAD_Pages/AddressAndContactInfo_Page/input_streetAddress1'

2021-11-08 12:52:21 - [TEST_STEP][PASSED] - setText(findTestObject(orPath_AddressContact + "/input_streetAddress2"), ""): Text '' is set on object 'Object Repository/RAD_Pages/AddressAndContactInfo_Page/input_streetAddress2'

2021-11-08 12:52:22 - [MESSAGE][PASSED] - Text '' is set on object 'Object Repository/RAD_Pages/AddressAndContactInfo_Page/input_streetAddress2'

2021-11-08 12:52:22 - [TEST_STEP][PASSED] - setText(findTestObject(orPath_AddressContact + "/input_city"), City): Text 'Bowie' is set on object 'Object Repository/RAD_Pages/AddressAndContactInfo_Page/input_city'

2021-11-08 12:52:22 - [MESSAGE][PASSED] - Text 'Bowie' is set on object 'Object Repository/RAD_Pages/AddressAndContactInfo_Page/input_city'

2021-11-08 12:52:22 - [TEST_STEP][PASSED] - selectOptionByLabel(findTestObject(orPath_AddressContact + "/select_State"), "Maryland", false): All options with label 'Maryland' are selected in object 'Object Repository/RAD_Pages/AddressAndContactInfo_Page/select_State' 

2021-11-08 12:52:23 - [MESSAGE][PASSED] - All options with label 'Maryland' are selected in object 'Object Repository/RAD_Pages/AddressAndContactInfo_Page/select_State' 

2021-11-08 12:52:23 - [TEST_STEP][PASSED] - setText(findTestObject(orPath_AddressContact + "/input_zipCode"), ZIP): Text '20720' is set on object 'Object Repository/RAD_Pages/AddressAndContactInfo_Page/input_zipCode'

2021-11-08 12:52:24 - [MESSAGE][PASSED] - Text '20720' is set on object 'Object Repository/RAD_Pages/AddressAndContactInfo_Page/input_zipCode'

2021-11-08 12:52:24 - [TEST_STEP][PASSED] - setText(findTestObject(orPath_AddressContact + "/input_phoneNumber"), "(703) 894-5000"): Text '(703) 894-5000' is set on object 'Object Repository/RAD_Pages/AddressAndContactInfo_Page/input_phoneNumber'

2021-11-08 12:52:24 - [MESSAGE][PASSED] - Text '(703) 894-5000' is set on object 'Object Repository/RAD_Pages/AddressAndContactInfo_Page/input_phoneNumber'

2021-11-08 12:52:24 - [TEST_STEP][PASSED] - setText(findTestObject(orPath_AddressContact + "/input_eMailAddress"), "iahmed@govolution.com"): Text 'iahmed@govolution.com' is set on object 'Object Repository/RAD_Pages/AddressAndContactInfo_Page/input_eMailAddress'

2021-11-08 12:52:25 - [MESSAGE][PASSED] - Text 'iahmed@govolution.com' is set on object 'Object Repository/RAD_Pages/AddressAndContactInfo_Page/input_eMailAddress'

2021-11-08 12:52:25 - [TEST_STEP][PASSED] - setText(findTestObject(orPath_AddressContact + "/input_reEnterEMailAddress"), "iahmed@govolution.com"): Text 'iahmed@govolution.com' is set on object 'Object Repository/RAD_Pages/AddressAndContactInfo_Page/input_reEnterEMailAddress'

2021-11-08 12:52:26 - [MESSAGE][PASSED] - Text 'iahmed@govolution.com' is set on object 'Object Repository/RAD_Pages/AddressAndContactInfo_Page/input_reEnterEMailAddress'

2021-11-08 12:52:26 - [TEST_STEP][PASSED] - if (!(SSN.isEmpty())): null

2021-11-08 12:52:26 - [TEST_STEP][PASSED] - scrollToElement(findTestObject(orPath_Amount + "/input__paymentAmount"), 3): Scroll to object 'Object Repository/RAD_Pages/PaymentAmount_Page/input__paymentAmount' successfully

2021-11-08 12:52:26 - [MESSAGE][PASSED] - Scroll to object 'Object Repository/RAD_Pages/PaymentAmount_Page/input__paymentAmount' successfully

2021-11-08 12:52:26 - [TEST_STEP][PASSED] - if (!(FEIN.isEmpty())): Text '258369260' is set on object 'Object Repository/RAD_Pages/TaxInfo_Page/input_ReTypeFEIN'

2021-11-08 12:52:26 - [TEST_STEP][PASSED] - setText(findTestObject(orPath_TaxInfo + "/input_FEIN"), FEIN): Text '258369260' is set on object 'Object Repository/RAD_Pages/TaxInfo_Page/input_FEIN'

2021-11-08 12:52:27 - [MESSAGE][PASSED] - Text '258369260' is set on object 'Object Repository/RAD_Pages/TaxInfo_Page/input_FEIN'

2021-11-08 12:52:27 - [TEST_STEP][PASSED] - setText(findTestObject(orPath_TaxInfo + "/input_ReTypeFEIN"), FEIN): Text '258369260' is set on object 'Object Repository/RAD_Pages/TaxInfo_Page/input_ReTypeFEIN'

2021-11-08 12:52:27 - [MESSAGE][PASSED] - Text '258369260' is set on object 'Object Repository/RAD_Pages/TaxInfo_Page/input_ReTypeFEIN'

2021-11-08 12:52:27 - [TEST_STEP][PASSED] - delay(1): Delayed 1 second(s)

2021-11-08 12:52:28 - [MESSAGE][PASSED] - Delayed 1 second(s)

2021-11-08 12:52:28 - [TEST_STEP][PASSED] - setText(findTestObject(orPath_TaxInfo + "/input_NoticeInvoiceNumber"), "258147147"): Text '258147147' is set on object 'Object Repository/RAD_Pages/TaxInfo_Page/input_NoticeInvoiceNumber'

2021-11-08 12:52:29 - [MESSAGE][PASSED] - Text '258147147' is set on object 'Object Repository/RAD_Pages/TaxInfo_Page/input_NoticeInvoiceNumber'

2021-11-08 12:52:29 - [TEST_STEP][PASSED] - setText(findTestObject(orPath_TaxInfo + "/input_reTypeNoticeInvoiceNumber"), "258147147"): Text '258147147' is set on object 'Object Repository/RAD_Pages/TaxInfo_Page/input_reTypeNoticeInvoiceNumber'

2021-11-08 12:52:30 - [MESSAGE][PASSED] - Text '258147147' is set on object 'Object Repository/RAD_Pages/TaxInfo_Page/input_reTypeNoticeInvoiceNumber'

2021-11-08 12:52:30 - [TEST_STEP][PASSED] - if (TaxTypeEL.equalsIgnoreCase("Sales & Use Tax")): null

2021-11-08 12:52:30 - [TEST_STEP][PASSED] - setText(findTestObject(orPath_Amount + "/input__paymentAmount"), Amount): Text '50.50' is set on object 'Object Repository/RAD_Pages/PaymentAmount_Page/input__paymentAmount'

2021-11-08 12:52:31 - [MESSAGE][PASSED] - Text '50.50' is set on object 'Object Repository/RAD_Pages/PaymentAmount_Page/input__paymentAmount'

2021-11-08 12:52:31 - [TEST_STEP][PASSED] - scrollToElement(findTestObject(orPath_Landing + "/button_Continue"), 3): Scroll to object 'Object Repository/RAD_Pages/Landing_Page/button_Continue' successfully

2021-11-08 12:52:31 - [MESSAGE][PASSED] - Scroll to object 'Object Repository/RAD_Pages/Landing_Page/button_Continue' successfully

2021-11-08 12:52:31 - [TEST_STEP][PASSED] - waitForElementClickable(findTestObject(orPath_Landing + "/button_Continue"), 5): Object 'Object Repository/RAD_Pages/Landing_Page/button_Continue' is clickable

2021-11-08 12:52:31 - [MESSAGE][PASSED] - Object 'Object Repository/RAD_Pages/Landing_Page/button_Continue' is clickable

2021-11-08 12:52:31 - [TEST_STEP][PASSED] - click(findTestObject(orPath_Landing + "/button_Continue")): Object: 'Object Repository/RAD_Pages/Landing_Page/button_Continue' is clicked on

2021-11-08 12:52:32 - [MESSAGE][PASSED] - Object: 'Object Repository/RAD_Pages/Landing_Page/button_Continue' is clicked on

2021-11-08 12:52:32 - [TEST_STEP][PASSED] - verifyTextPresent("Review the information below and make any necessary corrections by clicking the", true): Text 'Review the information below and make any necessary corrections by clicking the' is present on page  using regular expression

2021-11-08 12:52:32 - [MESSAGE][PASSED] - Text 'Review the information below and make any necessary corrections by clicking the' is present on page  using regular expression

2021-11-08 12:52:32 - [TEST_STEP][PASSED] - verifyTextPresent("When you are confident that all the information is correct", true): Text 'When you are confident that all the information is correct' is present on page  using regular expression

2021-11-08 12:52:33 - [MESSAGE][PASSED] - Text 'When you are confident that all the information is correct' is present on page  using regular expression

2021-11-08 12:52:33 - [TEST_STEP][PASSED] - delay(1): Delayed 1 second(s)

2021-11-08 12:52:34 - [MESSAGE][PASSED] - Delayed 1 second(s)

2021-11-08 12:52:34 - [TEST_STEP][PASSED] - click(findTestObject(orPath_PaymentReady + "/button_ProceedtoPayment")): Object: 'Object Repository/RAD_Pages/PaymentReady_Page/button_ProceedtoPayment' is clicked on

2021-11-08 12:52:36 - [MESSAGE][PASSED] - Object: 'Object Repository/RAD_Pages/PaymentReady_Page/button_ProceedtoPayment' is clicked on

2021-11-08 12:52:36 - [TEST_STEP][PASSED] - setText(findTestObject(orPath_PaymentEntry + "/input__cardNumber"), CCNumber): Text '4012000098765439' is set on object 'Object Repository/RAD_Pages/PaymentEntry_Page/input__cardNumber'

2021-11-08 12:52:37 - [MESSAGE][PASSED] - Text '4012000098765439' is set on object 'Object Repository/RAD_Pages/PaymentEntry_Page/input__cardNumber'

2021-11-08 12:52:37 - [TEST_STEP][PASSED] - setText(findTestObject(orPath_PaymentEntry + "/input__spc"), CVV): Text '123' is set on object 'Object Repository/RAD_Pages/PaymentEntry_Page/input__spc'

2021-11-08 12:52:37 - [MESSAGE][PASSED] - Text '123' is set on object 'Object Repository/RAD_Pages/PaymentEntry_Page/input__spc'

2021-11-08 12:52:37 - [TEST_STEP][PASSED] - selectOptionByLabel(findTestObject(orPath_PaymentEntry + "/select_MM"), "12", false): All options with label '12' are selected in object 'Object Repository/RAD_Pages/PaymentEntry_Page/select_MM' 

2021-11-08 12:52:38 - [MESSAGE][PASSED] - All options with label '12' are selected in object 'Object Repository/RAD_Pages/PaymentEntry_Page/select_MM' 

2021-11-08 12:52:38 - [TEST_STEP][PASSED] - selectOptionByLabel(findTestObject(orPath_PaymentEntry + "/select_YYYY"), "2023", false): All options with label '2023' are selected in object 'Object Repository/RAD_Pages/PaymentEntry_Page/select_YYYY' 

2021-11-08 12:52:39 - [MESSAGE][PASSED] - All options with label '2023' are selected in object 'Object Repository/RAD_Pages/PaymentEntry_Page/select_YYYY' 

2021-11-08 12:52:39 - [TEST_STEP][PASSED] - click(findTestObject(orPath_PaymentEntry + "/input_Field_ccSubmit")): Object: 'Object Repository/RAD_Pages/PaymentEntry_Page/input_Field_ccSubmit' is clicked on

2021-11-08 12:52:40 - [MESSAGE][PASSED] - Object: 'Object Repository/RAD_Pages/PaymentEntry_Page/input_Field_ccSubmit' is clicked on

2021-11-08 12:52:40 - [TEST_STEP][PASSED] - click(findTestObject(orPath_PaymentConfirmation + "/input_N_confirmNotifyAction")): Object: 'Object Repository/RAD_Pages/PaymentConfirmation_Page/input_N_confirmNotifyAction' is clicked on

2021-11-08 12:52:41 - [MESSAGE][PASSED] - Object: 'Object Repository/RAD_Pages/PaymentConfirmation_Page/input_N_confirmNotifyAction' is clicked on

2021-11-08 12:52:41 - [TEST_STEP][FAILED] - click(findTestObject(orPath_ServiceFeesAccept + "/input_convFeeNotifyAction")): Unable to click on object 'Object Repository/RAD_Pages/ServiceFeeAccept_Page/input_convFeeNotifyAction' (Root cause: com.kms.katalon.core.exception.StepFailedException: Unable to click on object 'Object Repository/RAD_Pages/ServiceFeeAccept_Page/input_convFeeNotifyAction'
	at com.kms.katalon.core.webui.keyword.internal.WebUIKeywordMain.stepFailed(WebUIKeywordMain.groovy:64)
	at com.kms.katalon.core.webui.keyword.internal.WebUIKeywordMain.runKeyword(WebUIKeywordMain.groovy:26)
	at com.kms.katalon.core.webui.keyword.builtin.ClickKeyword.click(ClickKeyword.groovy:75)
	at com.kms.katalon.core.webui.keyword.builtin.ClickKeyword.execute(ClickKeyword.groovy:42)
	at com.kms.katalon.core.keyword.internal.KeywordExecutor.executeKeywordForPlatform(KeywordExecutor.groovy:74)
	at com.kms.katalon.core.webui.keyword.WebUiBuiltInKeywords.click(WebUiBuiltInKeywords.groovy:620)
	at com.kms.katalon.core.webui.keyword.WebUiBuiltInKeywords$click$10.call(Unknown Source)
	at Payments_ExistingLiability_HC_TC.run(Payments_ExistingLiability_HC_TC:217)
	at com.kms.katalon.core.main.ScriptEngine.run(ScriptEngine.java:194)
	at com.kms.katalon.core.main.ScriptEngine.runScriptAsRawText(ScriptEngine.java:119)
	at com.kms.katalon.core.main.TestCaseExecutor.runScript(TestCaseExecutor.java:430)
	at com.kms.katalon.core.main.TestCaseExecutor.doExecute(TestCaseExecutor.java:421)
	at com.kms.katalon.core.main.TestCaseExecutor.processExecutionPhase(TestCaseExecutor.java:400)
	at com.kms.katalon.core.main.TestCaseExecutor.accessMainPhase(TestCaseExecutor.java:392)
	at com.kms.katalon.core.main.TestCaseExecutor.execute(TestCaseExecutor.java:273)
	at com.kms.katalon.core.main.TestSuiteExecutor.accessTestCaseMainPhase(TestSuiteExecutor.java:202)
	at com.kms.katalon.core.main.TestSuiteExecutor.accessTestSuiteMainPhase(TestSuiteExecutor.java:164)
	at com.kms.katalon.core.main.TestSuiteExecutor.execute(TestSuiteExecutor.java:105)
	at com.kms.katalon.core.main.TestCaseMain.startTestSuite(TestCaseMain.java:185)
	at com.kms.katalon.core.main.TestCaseMain$startTestSuite$0.call(Unknown Source)
	at TempTestSuite1636391403401.run(TempTestSuite1636391403401.groovy:36)
Caused by: com.kms.katalon.core.webui.exception.WebElementNotFoundException: Web element with id: 'Object Repository/RAD_Pages/ServiceFeeAccept_Page/input_convFeeNotifyAction' located by '//*[@type = 'submit' and @name = 'convFeeNotifyAction']' not found
	at com.kms.katalon.core.webui.common.WebUiCommonHelper.findWebElement(WebUiCommonHelper.java:1368)
	at com.kms.katalon.core.webui.keyword.internal.WebUIAbstractKeyword.findWebElement(WebUIAbstractKeyword.groovy:27)
	at com.kms.katalon.core.webui.keyword.internal.WebUIAbstractKeyword.findWebElement(WebUIAbstractKeyword.groovy:26)
	at com.kms.katalon.core.webui.keyword.builtin.ClickKeyword$_click_closure1.doCall(ClickKeyword.groovy:66)
	at com.kms.katalon.core.webui.keyword.builtin.ClickKeyword$_click_closure1.call(ClickKeyword.groovy)
	at com.kms.katalon.core.webui.keyword.internal.WebUIKeywordMain.runKeyword(WebUIKeywordMain.groovy:20)
	at com.kms.katalon.core.webui.keyword.builtin.ClickKeyword.click(ClickKeyword.groovy:75)
	at com.kms.katalon.core.webui.keyword.builtin.ClickKeyword.execute(ClickKeyword.groovy:42)
	at com.kms.katalon.core.keyword.internal.KeywordExecutor.executeKeywordForPlatform(KeywordExecutor.groovy:74)
	at com.kms.katalon.core.webui.keyword.WebUiBuiltInKeywords.click(WebUiBuiltInKeywords.groovy:620)
	at com.kms.katalon.core.webui.keyword.WebUiBuiltInKeywords$click$10.call(Unknown Source)
	at Script1634702981988.run(Script1634702981988.groovy:217)
	... 13 more
)

2021-11-08 12:53:13 - [MESSAGE][INFO] - Unable to find the element located by 'By.xpath: //*[@type = 'submit' and @name = 'convFeeNotifyAction']'. Please recheck the objects properties to make sure the desired element is located. 

2021-11-08 12:53:13 - [MESSAGE][WARNING] - [SELF-HEALING] Failed to find element with id 'Object Repository/RAD_Pages/ServiceFeeAccept_Page/input_convFeeNotifyAction'. Try using Self-healing.

2021-11-08 12:53:14 - [MESSAGE][INFO] - Unable to find the element located by 'By.xpath: //div[5]/div/input'. Please recheck the objects properties to make sure the desired element is located. 

2021-11-08 12:53:15 - [MESSAGE][INFO] - Unable to find the element located by 'By.xpath: //input[@name='convFeeNotifyAction']'. Please recheck the objects properties to make sure the desired element is located. 

2021-11-08 12:53:15 - [MESSAGE][INFO] - [SELF-HEALING] Failed Locator: '//input[@name='convFeeNotifyAction']'.

2021-11-08 12:53:15 - [MESSAGE][INFO] - [SELF-HEALING] Failed Locator: '//div[5]/div/input'.

2021-11-08 12:53:16 - [MESSAGE][INFO] - [SELF-HEALING] Failed Locator: '//input[@name='convFeeNotifyAction']'.

2021-11-08 12:53:16 - [MESSAGE][INFO] - [SELF-HEALING] Failed Locator: '//div[5]/div/input'.

2021-11-08 12:53:17 - [MESSAGE][INFO] - Unable to find the element located by 'By.cssSelector: input[name="convFeeNotifyAction"]'. Please recheck the objects properties to make sure the desired element is located. 

2021-11-08 12:53:17 - [MESSAGE][FAILED] - Unable to click on object 'Object Repository/RAD_Pages/ServiceFeeAccept_Page/input_convFeeNotifyAction' (Root cause: com.kms.katalon.core.exception.StepFailedException: Unable to click on object 'Object Repository/RAD_Pages/ServiceFeeAccept_Page/input_convFeeNotifyAction'
	at com.kms.katalon.core.webui.keyword.internal.WebUIKeywordMain.stepFailed(WebUIKeywordMain.groovy:64)
	at com.kms.katalon.core.webui.keyword.internal.WebUIKeywordMain.runKeyword(WebUIKeywordMain.groovy:26)
	at com.kms.katalon.core.webui.keyword.builtin.ClickKeyword.click(ClickKeyword.groovy:75)
	at com.kms.katalon.core.webui.keyword.builtin.ClickKeyword.execute(ClickKeyword.groovy:42)
	at com.kms.katalon.core.keyword.internal.KeywordExecutor.executeKeywordForPlatform(KeywordExecutor.groovy:74)
	at com.kms.katalon.core.webui.keyword.WebUiBuiltInKeywords.click(WebUiBuiltInKeywords.groovy:620)
	at com.kms.katalon.core.webui.keyword.WebUiBuiltInKeywords$click$10.call(Unknown Source)
	at Payments_ExistingLiability_HC_TC.run(Payments_ExistingLiability_HC_TC:217)
	at com.kms.katalon.core.main.ScriptEngine.run(ScriptEngine.java:194)
	at com.kms.katalon.core.main.ScriptEngine.runScriptAsRawText(ScriptEngine.java:119)
	at com.kms.katalon.core.main.TestCaseExecutor.runScript(TestCaseExecutor.java:430)
	at com.kms.katalon.core.main.TestCaseExecutor.doExecute(TestCaseExecutor.java:421)
	at com.kms.katalon.core.main.TestCaseExecutor.processExecutionPhase(TestCaseExecutor.java:400)
	at com.kms.katalon.core.main.TestCaseExecutor.accessMainPhase(TestCaseExecutor.java:392)
	at com.kms.katalon.core.main.TestCaseExecutor.execute(TestCaseExecutor.java:273)
	at com.kms.katalon.core.main.TestSuiteExecutor.accessTestCaseMainPhase(TestSuiteExecutor.java:202)
	at com.kms.katalon.core.main.TestSuiteExecutor.accessTestSuiteMainPhase(TestSuiteExecutor.java:164)
	at com.kms.katalon.core.main.TestSuiteExecutor.execute(TestSuiteExecutor.java:105)
	at com.kms.katalon.core.main.TestCaseMain.startTestSuite(TestCaseMain.java:185)
	at com.kms.katalon.core.main.TestCaseMain$startTestSuite$0.call(Unknown Source)
	at TempTestSuite1636391403401.run(TempTestSuite1636391403401.groovy:36)
Caused by: com.kms.katalon.core.webui.exception.WebElementNotFoundException: Web element with id: 'Object Repository/RAD_Pages/ServiceFeeAccept_Page/input_convFeeNotifyAction' located by '//*[@type = 'submit' and @name = 'convFeeNotifyAction']' not found
	at com.kms.katalon.core.webui.common.WebUiCommonHelper.findWebElement(WebUiCommonHelper.java:1368)
	at com.kms.katalon.core.webui.keyword.internal.WebUIAbstractKeyword.findWebElement(WebUIAbstractKeyword.groovy:27)
	at com.kms.katalon.core.webui.keyword.internal.WebUIAbstractKeyword.findWebElement(WebUIAbstractKeyword.groovy:26)
	at com.kms.katalon.core.webui.keyword.builtin.ClickKeyword$_click_closure1.doCall(ClickKeyword.groovy:66)
	at com.kms.katalon.core.webui.keyword.builtin.ClickKeyword$_click_closure1.call(ClickKeyword.groovy)
	at com.kms.katalon.core.webui.keyword.internal.WebUIKeywordMain.runKeyword(WebUIKeywordMain.groovy:20)
	at com.kms.katalon.core.webui.keyword.builtin.ClickKeyword.click(ClickKeyword.groovy:75)
	at com.kms.katalon.core.webui.keyword.builtin.ClickKeyword.execute(ClickKeyword.groovy:42)
	at com.kms.katalon.core.keyword.internal.KeywordExecutor.executeKeywordForPlatform(KeywordExecutor.groovy:74)
	at com.kms.katalon.core.webui.keyword.WebUiBuiltInKeywords.click(WebUiBuiltInKeywords.groovy:620)
	at com.kms.katalon.core.webui.keyword.WebUiBuiltInKeywords$click$10.call(Unknown Source)
	at Script1634702981988.run(Script1634702981988.groovy:217)
	... 13 more
)
[[ATTACHMENT|E:\\Cloned-Project-Katalon\\VPS-Katalon\\Reports\\20211108_121003\\RAD_TestSuite\\RAD_UI_TestSuite\\20211108_121003\\1636393997362.png]]

2021-11-08 12:53:17 - [TEST_STEP][PASSED] - delay(10): Delayed 10 second(s)

2021-11-08 12:53:27 - [MESSAGE][PASSED] - Delayed 10 second(s)

2021-11-08 12:53:27 - [TEST_STEP][PASSED] - verifyTextPresent("Successful Payment Receipt", true): Text 'Successful Payment Receipt' is present on page  using regular expression

2021-11-08 12:53:27 - [MESSAGE][PASSED] - Text 'Successful Payment Receipt' is present on page  using regular expression

2021-11-08 12:53:27 - [TEST_STEP][PASSED] - if (verifyTextPresent("Successful Payment Receipt", true)): null

2021-11-08 12:53:28 - [MESSAGE][PASSED] - Text 'Successful Payment Receipt' is present on page  using regular expression

2021-11-08 12:53:28 - [TEST_STEP][PASSED] - println("Transaction was Successful"): null

2021-11-08 12:53:28 - [TEST_STEP][PASSED] - out.println("Pass Record Number: " + row): null

2021-11-08 12:53:28 - [TEST_STEP][PASSED] - resText = "Pass": null

2021-11-08 12:53:28 - [TEST_STEP][PASSED] - pages.WriteExcel.demoKey(resText, datText, resColumn, datCloumn, fileLoc, nameSheet, row): pages.WriteExcel.demoKey is PASSED

2021-11-08 12:53:28 - [MESSAGE][PASSED] - pages.WriteExcel.demoKey is PASSED

2021-11-08 12:53:28 - [TEST_STEP][PASSED] - ExecuteTC = findTestData(dataFile).getValue("Execute", row): null

2021-11-08 12:53:28 - [TEST_STEP][PASSED] - Taxtype = findTestData(dataFile).getValue("TaxType", row): null

2021-11-08 12:53:28 - [TEST_STEP][PASSED] - TaxTypeEL = findTestData(dataFile).getValue("TaxTypeEL", row): null

2021-11-08 12:53:28 - [TEST_STEP][PASSED] - FilingYear = findTestData(dataFile).getValue("FilingYear", row): null

2021-11-08 12:53:28 - [TEST_STEP][PASSED] - FName = findTestData(dataFile).getValue("Fname", row): null

2021-11-08 12:53:28 - [TEST_STEP][PASSED] - LName = findTestData(dataFile).getValue("Lname", row): null

2021-11-08 12:53:28 - [TEST_STEP][PASSED] - AL1 = findTestData(dataFile).getValue("AL1", row): null

2021-11-08 12:53:28 - [TEST_STEP][PASSED] - City = findTestData(dataFile).getValue("City", row): null

2021-11-08 12:53:28 - [TEST_STEP][PASSED] - ZIP = findTestData(dataFile).getValue("ZIP", row): null

2021-11-08 12:53:28 - [TEST_STEP][PASSED] - Amount = findTestData(dataFile).getValue("Amount", row): null

2021-11-08 12:53:28 - [TEST_STEP][PASSED] - CCNumber = findTestData(dataFile).getValue("CCNumber", row): null

2021-11-08 12:53:28 - [TEST_STEP][PASSED] - CVV = findTestData(dataFile).getValue("CVV", row): null

2021-11-08 12:53:28 - [TEST_STEP][PASSED] - SSN = findTestData(dataFile).getValue("SSN", row): null

2021-11-08 12:53:28 - [TEST_STEP][PASSED] - FEIN = findTestData(dataFile).getValue("FEIN", row): null

2021-11-08 12:53:28 - [TEST_STEP][PASSED] - out.println("Value of Execute is : " + ExecuteTC): null

2021-11-08 12:53:28 - [TEST_STEP][PASSED] - if (ExecuteTC.equalsIgnoreCase("Y")): null

2021-11-08 12:53:28 - [TEST_STEP][PASSED] - out.println("Begin Record Number: " + row): null

2021-11-08 12:53:28 - [TEST_STEP][PASSED] - today = new java.util.Date(): null

2021-11-08 12:53:28 - [TEST_STEP][PASSED] - println(today): null

2021-11-08 12:53:28 - [TEST_STEP][PASSED] - datText = today: null

2021-11-08 12:53:28 - [TEST_STEP][PASSED] - Taxtype = findTestData(dataFile).getValue("TaxType", row): null

2021-11-08 12:53:28 - [TEST_STEP][PASSED] - out.println("Taxtype value is : " + Taxtype): null

2021-11-08 12:53:28 - [TEST_STEP][PASSED] - openBrowser(""): Browser is opened with url: ''

2021-11-08 12:53:28 - [MESSAGE][WARNING] - A browser is already opened. Closing browser and opening a new one

2021-11-08 12:53:29 - [MESSAGE][INFO] - Starting 'Chrome' driver

2021-11-08 12:53:29 - [MESSAGE][INFO] - User set preference: ['acceptInsecureCerts', 'true']

2021-11-08 12:53:29 - [MESSAGE][INFO] - Action delay is set to 0 milliseconds

2021-11-08 12:53:30 - [MESSAGE][PASSED] - Browser is opened with url: ''

2021-11-08 12:53:30 - [TEST_STEP][PASSED] - maximizeWindow(): Current window maximized

2021-11-08 12:53:31 - [MESSAGE][PASSED] - Current window maximized

2021-11-08 12:53:31 - [TEST_STEP][PASSED] - navigateToUrl(RADurl): Navigate to 'https://qa.velocitypayment.com/client/rad/index.html' successfully

2021-11-08 12:53:33 - [MESSAGE][PASSED] - Navigate to 'https://qa.velocitypayment.com/client/rad/index.html' successfully

2021-11-08 12:53:33 - [TEST_STEP][PASSED] - orPath_Landing = "Object Repository/RAD_Pages/Landing_Page": null

2021-11-08 12:53:33 - [TEST_STEP][PASSED] - orPath_TaxTypeFilingYear = "Object Repository/RAD_Pages/TaxTypeFilingYear_Page": null

2021-11-08 12:53:33 - [TEST_STEP][PASSED] - orPath_TaxPayer = "Object Repository/RAD_Pages/Taxpayer_Page": null

2021-11-08 12:53:33 - [TEST_STEP][PASSED] - orPath_AddressContact = "Object Repository/RAD_Pages/AddressAndContactInfo_Page": null

2021-11-08 12:53:33 - [TEST_STEP][PASSED] - orPath_FilingStatus = "Object Repository/RAD_Pages/FilingStatus_Page": null

2021-11-08 12:53:33 - [TEST_STEP][PASSED] - orPath_Amount = "Object Repository/RAD_Pages/PaymentAmount_Page": null

2021-11-08 12:53:33 - [TEST_STEP][PASSED] - orPath_TaxInfo = "Object Repository/RAD_Pages/TaxInfo_Page": null

2021-11-08 12:53:33 - [TEST_STEP][PASSED] - orPath_Withholding = "Object Repository/RAD_Pages/Withholding_Page": null

2021-11-08 12:53:33 - [TEST_STEP][PASSED] - orPath_Summary = "Object Repository/RAD_Pages/Summary_Page": null

2021-11-08 12:53:33 - [TEST_STEP][PASSED] - orPath_PaymentReady = "Object Repository/RAD_Pages/PaymentReady_Page": null

2021-11-08 12:53:33 - [TEST_STEP][PASSED] - orPath_PaymentEntry = "Object Repository/RAD_Pages/PaymentEntry_Page": null

2021-11-08 12:53:33 - [TEST_STEP][PASSED] - orPath_PaymentConfirmation = "Object Repository/RAD_Pages/PaymentConfirmation_Page": null

2021-11-08 12:53:33 - [TEST_STEP][PASSED] - orPath_ServiceFeesAccept = "Object Repository/RAD_Pages/ServiceFeeAccept_Page": null

2021-11-08 12:53:33 - [TEST_STEP][PASSED] - selectOptionByLabel(findTestObject(orPath_Landing + "/dd_TaxType"), Taxtype, false): All options with label 'Existing Liability' are selected in object 'Object Repository/RAD_Pages/Landing_Page/dd_TaxType' 

2021-11-08 12:53:33 - [MESSAGE][PASSED] - All options with label 'Existing Liability' are selected in object 'Object Repository/RAD_Pages/Landing_Page/dd_TaxType' 

2021-11-08 12:53:33 - [TEST_STEP][PASSED] - delay(1): Delayed 1 second(s)

2021-11-08 12:53:34 - [MESSAGE][PASSED] - Delayed 1 second(s)

2021-11-08 12:53:34 - [TEST_STEP][PASSED] - selectOptionByLabel(findTestObject(orPath_TaxTypeFilingYear + "/select_TaxType_ExistingLiability"), TaxTypeEL, false): All options with label 'Personal Tax' are selected in object 'Object Repository/RAD_Pages/TaxTypeFilingYear_Page/select_TaxType_ExistingLiability' 

2021-11-08 12:53:35 - [MESSAGE][PASSED] - All options with label 'Personal Tax' are selected in object 'Object Repository/RAD_Pages/TaxTypeFilingYear_Page/select_TaxType_ExistingLiability' 

2021-11-08 12:53:35 - [TEST_STEP][PASSED] - selectOptionByLabel(findTestObject(orPath_TaxTypeFilingYear + "/select_FilingYear"), FilingYear, false): All options with label '2021' are selected in object 'Object Repository/RAD_Pages/TaxTypeFilingYear_Page/select_FilingYear' 

2021-11-08 12:53:36 - [MESSAGE][PASSED] - All options with label '2021' are selected in object 'Object Repository/RAD_Pages/TaxTypeFilingYear_Page/select_FilingYear' 

2021-11-08 12:53:36 - [TEST_STEP][PASSED] - setText(findTestObject(orPath_TaxPayer + "/input_firstName"), FName): Text 'Alec' is set on object 'Object Repository/RAD_Pages/Taxpayer_Page/input_firstName'

2021-11-08 12:53:36 - [MESSAGE][PASSED] - Text 'Alec' is set on object 'Object Repository/RAD_Pages/Taxpayer_Page/input_firstName'

2021-11-08 12:53:36 - [TEST_STEP][PASSED] - setText(findTestObject(orPath_TaxPayer + "/input_lastName"), LName): Text 'Bell' is set on object 'Object Repository/RAD_Pages/Taxpayer_Page/input_lastName'

2021-11-08 12:53:37 - [MESSAGE][PASSED] - Text 'Bell' is set on object 'Object Repository/RAD_Pages/Taxpayer_Page/input_lastName'

2021-11-08 12:53:37 - [TEST_STEP][PASSED] - setText(findTestObject(orPath_TaxPayer + "/input_middleName"), "Johns"): Text 'Johns' is set on object 'Object Repository/RAD_Pages/Taxpayer_Page/input_middleName'

2021-11-08 12:53:38 - [MESSAGE][PASSED] - Text 'Johns' is set on object 'Object Repository/RAD_Pages/Taxpayer_Page/input_middleName'

2021-11-08 12:53:38 - [TEST_STEP][PASSED] - setText(findTestObject(orPath_TaxPayer + "/input_suffix"), "Sr"): Text 'Sr' is set on object 'Object Repository/RAD_Pages/Taxpayer_Page/input_suffix'

2021-11-08 12:53:38 - [MESSAGE][PASSED] - Text 'Sr' is set on object 'Object Repository/RAD_Pages/Taxpayer_Page/input_suffix'

2021-11-08 12:53:38 - [TEST_STEP][PASSED] - selectOptionByLabel(findTestObject(orPath_AddressContact + "/select_Country"), "United States", false): All options with label 'United States' are selected in object 'Object Repository/RAD_Pages/AddressAndContactInfo_Page/select_Country' 

2021-11-08 12:53:39 - [MESSAGE][PASSED] - All options with label 'United States' are selected in object 'Object Repository/RAD_Pages/AddressAndContactInfo_Page/select_Country' 

2021-11-08 12:53:39 - [TEST_STEP][PASSED] - setText(findTestObject(orPath_AddressContact + "/input_streetAddress1"), AL1): Text '2336 Turn ct' is set on object 'Object Repository/RAD_Pages/AddressAndContactInfo_Page/input_streetAddress1'

2021-11-08 12:53:40 - [MESSAGE][PASSED] - Text '2336 Turn ct' is set on object 'Object Repository/RAD_Pages/AddressAndContactInfo_Page/input_streetAddress1'

2021-11-08 12:53:40 - [TEST_STEP][PASSED] - setText(findTestObject(orPath_AddressContact + "/input_streetAddress2"), ""): Text '' is set on object 'Object Repository/RAD_Pages/AddressAndContactInfo_Page/input_streetAddress2'

2021-11-08 12:53:40 - [MESSAGE][PASSED] - Text '' is set on object 'Object Repository/RAD_Pages/AddressAndContactInfo_Page/input_streetAddress2'

2021-11-08 12:53:40 - [TEST_STEP][PASSED] - setText(findTestObject(orPath_AddressContact + "/input_city"), City): Text 'Crofton' is set on object 'Object Repository/RAD_Pages/AddressAndContactInfo_Page/input_city'

2021-11-08 12:53:41 - [MESSAGE][PASSED] - Text 'Crofton' is set on object 'Object Repository/RAD_Pages/AddressAndContactInfo_Page/input_city'

2021-11-08 12:53:41 - [TEST_STEP][PASSED] - selectOptionByLabel(findTestObject(orPath_AddressContact + "/select_State"), "Maryland", false): All options with label 'Maryland' are selected in object 'Object Repository/RAD_Pages/AddressAndContactInfo_Page/select_State' 

2021-11-08 12:53:42 - [MESSAGE][PASSED] - All options with label 'Maryland' are selected in object 'Object Repository/RAD_Pages/AddressAndContactInfo_Page/select_State' 

2021-11-08 12:53:42 - [TEST_STEP][PASSED] - setText(findTestObject(orPath_AddressContact + "/input_zipCode"), ZIP): Text '21144' is set on object 'Object Repository/RAD_Pages/AddressAndContactInfo_Page/input_zipCode'

2021-11-08 12:53:42 - [MESSAGE][PASSED] - Text '21144' is set on object 'Object Repository/RAD_Pages/AddressAndContactInfo_Page/input_zipCode'

2021-11-08 12:53:42 - [TEST_STEP][PASSED] - setText(findTestObject(orPath_AddressContact + "/input_phoneNumber"), "(703) 894-5000"): Text '(703) 894-5000' is set on object 'Object Repository/RAD_Pages/AddressAndContactInfo_Page/input_phoneNumber'

2021-11-08 12:53:43 - [MESSAGE][PASSED] - Text '(703) 894-5000' is set on object 'Object Repository/RAD_Pages/AddressAndContactInfo_Page/input_phoneNumber'

2021-11-08 12:53:43 - [TEST_STEP][PASSED] - setText(findTestObject(orPath_AddressContact + "/input_eMailAddress"), "iahmed@govolution.com"): Text 'iahmed@govolution.com' is set on object 'Object Repository/RAD_Pages/AddressAndContactInfo_Page/input_eMailAddress'

2021-11-08 12:53:44 - [MESSAGE][PASSED] - Text 'iahmed@govolution.com' is set on object 'Object Repository/RAD_Pages/AddressAndContactInfo_Page/input_eMailAddress'

2021-11-08 12:53:44 - [TEST_STEP][PASSED] - setText(findTestObject(orPath_AddressContact + "/input_reEnterEMailAddress"), "iahmed@govolution.com"): Text 'iahmed@govolution.com' is set on object 'Object Repository/RAD_Pages/AddressAndContactInfo_Page/input_reEnterEMailAddress'

2021-11-08 12:53:44 - [MESSAGE][PASSED] - Text 'iahmed@govolution.com' is set on object 'Object Repository/RAD_Pages/AddressAndContactInfo_Page/input_reEnterEMailAddress'

2021-11-08 12:53:44 - [TEST_STEP][PASSED] - if (!(SSN.isEmpty())): Text '123459630' is set on object 'Object Repository/RAD_Pages/TaxInfo_Page/input_TaxInfo_reTaxTypeExisitingSSN'

2021-11-08 12:53:44 - [TEST_STEP][PASSED] - setText(findTestObject(orPath_TaxInfo + "/input_TaxInfo_ExisitingSSN"), SSN): Text '123459630' is set on object 'Object Repository/RAD_Pages/TaxInfo_Page/input_TaxInfo_ExisitingSSN'

2021-11-08 12:53:45 - [MESSAGE][PASSED] - Text '123459630' is set on object 'Object Repository/RAD_Pages/TaxInfo_Page/input_TaxInfo_ExisitingSSN'

2021-11-08 12:53:45 - [TEST_STEP][PASSED] - setText(findTestObject(orPath_TaxInfo + "/input_TaxInfo_reTaxTypeExisitingSSN"), SSN): Text '123459630' is set on object 'Object Repository/RAD_Pages/TaxInfo_Page/input_TaxInfo_reTaxTypeExisitingSSN'

2021-11-08 12:53:46 - [MESSAGE][PASSED] - Text '123459630' is set on object 'Object Repository/RAD_Pages/TaxInfo_Page/input_TaxInfo_reTaxTypeExisitingSSN'

2021-11-08 12:53:46 - [TEST_STEP][PASSED] - scrollToElement(findTestObject(orPath_Amount + "/input__paymentAmount"), 3): Scroll to object 'Object Repository/RAD_Pages/PaymentAmount_Page/input__paymentAmount' successfully

2021-11-08 12:53:46 - [MESSAGE][PASSED] - Scroll to object 'Object Repository/RAD_Pages/PaymentAmount_Page/input__paymentAmount' successfully

2021-11-08 12:53:46 - [TEST_STEP][PASSED] - if (!(FEIN.isEmpty())): null

2021-11-08 12:53:46 - [TEST_STEP][PASSED] - delay(1): Delayed 1 second(s)

2021-11-08 12:53:47 - [MESSAGE][PASSED] - Delayed 1 second(s)

2021-11-08 12:53:47 - [TEST_STEP][PASSED] - setText(findTestObject(orPath_TaxInfo + "/input_NoticeInvoiceNumber"), "258147147"): Text '258147147' is set on object 'Object Repository/RAD_Pages/TaxInfo_Page/input_NoticeInvoiceNumber'

2021-11-08 12:53:48 - [MESSAGE][PASSED] - Text '258147147' is set on object 'Object Repository/RAD_Pages/TaxInfo_Page/input_NoticeInvoiceNumber'

2021-11-08 12:53:48 - [TEST_STEP][PASSED] - setText(findTestObject(orPath_TaxInfo + "/input_reTypeNoticeInvoiceNumber"), "258147147"): Text '258147147' is set on object 'Object Repository/RAD_Pages/TaxInfo_Page/input_reTypeNoticeInvoiceNumber'

2021-11-08 12:53:49 - [MESSAGE][PASSED] - Text '258147147' is set on object 'Object Repository/RAD_Pages/TaxInfo_Page/input_reTypeNoticeInvoiceNumber'

2021-11-08 12:53:49 - [TEST_STEP][PASSED] - if (TaxTypeEL.equalsIgnoreCase("Sales & Use Tax")): null

2021-11-08 12:53:49 - [TEST_STEP][PASSED] - setText(findTestObject(orPath_Amount + "/input__paymentAmount"), Amount): Text '30.50' is set on object 'Object Repository/RAD_Pages/PaymentAmount_Page/input__paymentAmount'

2021-11-08 12:53:50 - [MESSAGE][PASSED] - Text '30.50' is set on object 'Object Repository/RAD_Pages/PaymentAmount_Page/input__paymentAmount'

2021-11-08 12:53:50 - [TEST_STEP][PASSED] - scrollToElement(findTestObject(orPath_Landing + "/button_Continue"), 3): Scroll to object 'Object Repository/RAD_Pages/Landing_Page/button_Continue' successfully

2021-11-08 12:53:50 - [MESSAGE][PASSED] - Scroll to object 'Object Repository/RAD_Pages/Landing_Page/button_Continue' successfully

2021-11-08 12:53:50 - [TEST_STEP][PASSED] - waitForElementClickable(findTestObject(orPath_Landing + "/button_Continue"), 5): Object 'Object Repository/RAD_Pages/Landing_Page/button_Continue' is clickable

2021-11-08 12:53:50 - [MESSAGE][PASSED] - Object 'Object Repository/RAD_Pages/Landing_Page/button_Continue' is clickable

2021-11-08 12:53:50 - [TEST_STEP][PASSED] - click(findTestObject(orPath_Landing + "/button_Continue")): Object: 'Object Repository/RAD_Pages/Landing_Page/button_Continue' is clicked on

2021-11-08 12:53:51 - [MESSAGE][PASSED] - Object: 'Object Repository/RAD_Pages/Landing_Page/button_Continue' is clicked on

2021-11-08 12:53:51 - [TEST_STEP][PASSED] - verifyTextPresent("Review the information below and make any necessary corrections by clicking the", true): Text 'Review the information below and make any necessary corrections by clicking the' is present on page  using regular expression

2021-11-08 12:53:51 - [MESSAGE][PASSED] - Text 'Review the information below and make any necessary corrections by clicking the' is present on page  using regular expression

2021-11-08 12:53:51 - [TEST_STEP][PASSED] - verifyTextPresent("When you are confident that all the information is correct", true): Text 'When you are confident that all the information is correct' is present on page  using regular expression

2021-11-08 12:53:52 - [MESSAGE][PASSED] - Text 'When you are confident that all the information is correct' is present on page  using regular expression

2021-11-08 12:53:52 - [TEST_STEP][PASSED] - delay(1): Delayed 1 second(s)

2021-11-08 12:53:53 - [MESSAGE][PASSED] - Delayed 1 second(s)

2021-11-08 12:53:53 - [TEST_STEP][PASSED] - click(findTestObject(orPath_PaymentReady + "/button_ProceedtoPayment")): Object: 'Object Repository/RAD_Pages/PaymentReady_Page/button_ProceedtoPayment' is clicked on

2021-11-08 12:53:55 - [MESSAGE][PASSED] - Object: 'Object Repository/RAD_Pages/PaymentReady_Page/button_ProceedtoPayment' is clicked on

2021-11-08 12:53:55 - [TEST_STEP][PASSED] - setText(findTestObject(orPath_PaymentEntry + "/input__cardNumber"), CCNumber): Text '6011000993026909' is set on object 'Object Repository/RAD_Pages/PaymentEntry_Page/input__cardNumber'

2021-11-08 12:53:55 - [MESSAGE][PASSED] - Text '6011000993026909' is set on object 'Object Repository/RAD_Pages/PaymentEntry_Page/input__cardNumber'

2021-11-08 12:53:55 - [TEST_STEP][PASSED] - setText(findTestObject(orPath_PaymentEntry + "/input__spc"), CVV): Text '123' is set on object 'Object Repository/RAD_Pages/PaymentEntry_Page/input__spc'

2021-11-08 12:53:56 - [MESSAGE][PASSED] - Text '123' is set on object 'Object Repository/RAD_Pages/PaymentEntry_Page/input__spc'

2021-11-08 12:53:56 - [TEST_STEP][PASSED] - selectOptionByLabel(findTestObject(orPath_PaymentEntry + "/select_MM"), "12", false): All options with label '12' are selected in object 'Object Repository/RAD_Pages/PaymentEntry_Page/select_MM' 

2021-11-08 12:53:57 - [MESSAGE][PASSED] - All options with label '12' are selected in object 'Object Repository/RAD_Pages/PaymentEntry_Page/select_MM' 

2021-11-08 12:53:57 - [TEST_STEP][PASSED] - selectOptionByLabel(findTestObject(orPath_PaymentEntry + "/select_YYYY"), "2023", false): All options with label '2023' are selected in object 'Object Repository/RAD_Pages/PaymentEntry_Page/select_YYYY' 

2021-11-08 12:53:57 - [MESSAGE][PASSED] - All options with label '2023' are selected in object 'Object Repository/RAD_Pages/PaymentEntry_Page/select_YYYY' 

2021-11-08 12:53:57 - [TEST_STEP][PASSED] - click(findTestObject(orPath_PaymentEntry + "/input_Field_ccSubmit")): Object: 'Object Repository/RAD_Pages/PaymentEntry_Page/input_Field_ccSubmit' is clicked on

2021-11-08 12:53:58 - [MESSAGE][PASSED] - Object: 'Object Repository/RAD_Pages/PaymentEntry_Page/input_Field_ccSubmit' is clicked on

2021-11-08 12:53:58 - [TEST_STEP][PASSED] - click(findTestObject(orPath_PaymentConfirmation + "/input_N_confirmNotifyAction")): Object: 'Object Repository/RAD_Pages/PaymentConfirmation_Page/input_N_confirmNotifyAction' is clicked on

2021-11-08 12:54:00 - [MESSAGE][PASSED] - Object: 'Object Repository/RAD_Pages/PaymentConfirmation_Page/input_N_confirmNotifyAction' is clicked on

2021-11-08 12:54:00 - [TEST_STEP][PASSED] - click(findTestObject(orPath_ServiceFeesAccept + "/input_convFeeNotifyAction")): Object: 'Object Repository/RAD_Pages/ServiceFeeAccept_Page/input_convFeeNotifyAction' is clicked on

2021-11-08 12:54:01 - [MESSAGE][PASSED] - Object: 'Object Repository/RAD_Pages/ServiceFeeAccept_Page/input_convFeeNotifyAction' is clicked on

2021-11-08 12:54:01 - [TEST_STEP][PASSED] - delay(10): Delayed 10 second(s)

2021-11-08 12:54:11 - [MESSAGE][PASSED] - Delayed 10 second(s)

2021-11-08 12:54:11 - [TEST_STEP][PASSED] - verifyTextPresent("Successful Payment Receipt", true): Text 'Successful Payment Receipt' is present on page  using regular expression

2021-11-08 12:54:12 - [MESSAGE][PASSED] - Text 'Successful Payment Receipt' is present on page  using regular expression

2021-11-08 12:54:12 - [TEST_STEP][PASSED] - if (verifyTextPresent("Successful Payment Receipt", true)): null

2021-11-08 12:54:12 - [MESSAGE][PASSED] - Text 'Successful Payment Receipt' is present on page  using regular expression

2021-11-08 12:54:12 - [TEST_STEP][PASSED] - println("Transaction was Successful"): null

2021-11-08 12:54:12 - [TEST_STEP][PASSED] - out.println("Pass Record Number: " + row): null

2021-11-08 12:54:12 - [TEST_STEP][PASSED] - resText = "Pass": null

2021-11-08 12:54:12 - [TEST_STEP][PASSED] - pages.WriteExcel.demoKey(resText, datText, resColumn, datCloumn, fileLoc, nameSheet, row): pages.WriteExcel.demoKey is PASSED

2021-11-08 12:54:12 - [MESSAGE][PASSED] - pages.WriteExcel.demoKey is PASSED

2021-11-08 12:54:12 - [TEST_STEP][PASSED] - ExecuteTC = findTestData(dataFile).getValue("Execute", row): null

2021-11-08 12:54:12 - [TEST_STEP][PASSED] - Taxtype = findTestData(dataFile).getValue("TaxType", row): null

2021-11-08 12:54:12 - [TEST_STEP][PASSED] - TaxTypeEL = findTestData(dataFile).getValue("TaxTypeEL", row): null

2021-11-08 12:54:12 - [TEST_STEP][PASSED] - FilingYear = findTestData(dataFile).getValue("FilingYear", row): null

2021-11-08 12:54:12 - [TEST_STEP][PASSED] - FName = findTestData(dataFile).getValue("Fname", row): null

2021-11-08 12:54:12 - [TEST_STEP][PASSED] - LName = findTestData(dataFile).getValue("Lname", row): null

2021-11-08 12:54:12 - [TEST_STEP][PASSED] - AL1 = findTestData(dataFile).getValue("AL1", row): null

2021-11-08 12:54:12 - [TEST_STEP][PASSED] - City = findTestData(dataFile).getValue("City", row): null

2021-11-08 12:54:12 - [TEST_STEP][PASSED] - ZIP = findTestData(dataFile).getValue("ZIP", row): null

2021-11-08 12:54:12 - [TEST_STEP][PASSED] - Amount = findTestData(dataFile).getValue("Amount", row): null

2021-11-08 12:54:12 - [TEST_STEP][PASSED] - CCNumber = findTestData(dataFile).getValue("CCNumber", row): null

2021-11-08 12:54:12 - [TEST_STEP][PASSED] - CVV = findTestData(dataFile).getValue("CVV", row): null

2021-11-08 12:54:12 - [TEST_STEP][PASSED] - SSN = findTestData(dataFile).getValue("SSN", row): null

2021-11-08 12:54:12 - [TEST_STEP][PASSED] - FEIN = findTestData(dataFile).getValue("FEIN", row): null

2021-11-08 12:54:12 - [TEST_STEP][PASSED] - out.println("Value of Execute is : " + ExecuteTC): null

2021-11-08 12:54:12 - [TEST_STEP][PASSED] - if (ExecuteTC.equalsIgnoreCase("Y")): null

2021-11-08 12:54:12 - [TEST_STEP][PASSED] - out.println("Begin Record Number: " + row): null

2021-11-08 12:54:12 - [TEST_STEP][PASSED] - today = new java.util.Date(): null

2021-11-08 12:54:12 - [TEST_STEP][PASSED] - println(today): null

2021-11-08 12:54:12 - [TEST_STEP][PASSED] - datText = today: null

2021-11-08 12:54:12 - [TEST_STEP][PASSED] - Taxtype = findTestData(dataFile).getValue("TaxType", row): null

2021-11-08 12:54:12 - [TEST_STEP][PASSED] - out.println("Taxtype value is : " + Taxtype): null

2021-11-08 12:54:12 - [TEST_STEP][PASSED] - openBrowser(""): Browser is opened with url: ''

2021-11-08 12:54:12 - [MESSAGE][WARNING] - A browser is already opened. Closing browser and opening a new one

2021-11-08 12:54:13 - [MESSAGE][INFO] - Starting 'Chrome' driver

2021-11-08 12:54:13 - [MESSAGE][INFO] - User set preference: ['acceptInsecureCerts', 'true']

2021-11-08 12:54:13 - [MESSAGE][INFO] - Action delay is set to 0 milliseconds

2021-11-08 12:54:15 - [MESSAGE][PASSED] - Browser is opened with url: ''

2021-11-08 12:54:15 - [TEST_STEP][PASSED] - maximizeWindow(): Current window maximized

2021-11-08 12:54:15 - [MESSAGE][PASSED] - Current window maximized

2021-11-08 12:54:15 - [TEST_STEP][PASSED] - navigateToUrl(RADurl): Navigate to 'https://qa.velocitypayment.com/client/rad/index.html' successfully

2021-11-08 12:54:17 - [MESSAGE][PASSED] - Navigate to 'https://qa.velocitypayment.com/client/rad/index.html' successfully

2021-11-08 12:54:17 - [TEST_STEP][PASSED] - orPath_Landing = "Object Repository/RAD_Pages/Landing_Page": null

2021-11-08 12:54:17 - [TEST_STEP][PASSED] - orPath_TaxTypeFilingYear = "Object Repository/RAD_Pages/TaxTypeFilingYear_Page": null

2021-11-08 12:54:17 - [TEST_STEP][PASSED] - orPath_TaxPayer = "Object Repository/RAD_Pages/Taxpayer_Page": null

2021-11-08 12:54:17 - [TEST_STEP][PASSED] - orPath_AddressContact = "Object Repository/RAD_Pages/AddressAndContactInfo_Page": null

2021-11-08 12:54:17 - [TEST_STEP][PASSED] - orPath_FilingStatus = "Object Repository/RAD_Pages/FilingStatus_Page": null

2021-11-08 12:54:17 - [TEST_STEP][PASSED] - orPath_Amount = "Object Repository/RAD_Pages/PaymentAmount_Page": null

2021-11-08 12:54:17 - [TEST_STEP][PASSED] - orPath_TaxInfo = "Object Repository/RAD_Pages/TaxInfo_Page": null

2021-11-08 12:54:17 - [TEST_STEP][PASSED] - orPath_Withholding = "Object Repository/RAD_Pages/Withholding_Page": null

2021-11-08 12:54:17 - [TEST_STEP][PASSED] - orPath_Summary = "Object Repository/RAD_Pages/Summary_Page": null

2021-11-08 12:54:17 - [TEST_STEP][PASSED] - orPath_PaymentReady = "Object Repository/RAD_Pages/PaymentReady_Page": null

2021-11-08 12:54:17 - [TEST_STEP][PASSED] - orPath_PaymentEntry = "Object Repository/RAD_Pages/PaymentEntry_Page": null

2021-11-08 12:54:17 - [TEST_STEP][PASSED] - orPath_PaymentConfirmation = "Object Repository/RAD_Pages/PaymentConfirmation_Page": null

2021-11-08 12:54:17 - [TEST_STEP][PASSED] - orPath_ServiceFeesAccept = "Object Repository/RAD_Pages/ServiceFeeAccept_Page": null

2021-11-08 12:54:17 - [TEST_STEP][PASSED] - selectOptionByLabel(findTestObject(orPath_Landing + "/dd_TaxType"), Taxtype, false): All options with label 'Existing Liability' are selected in object 'Object Repository/RAD_Pages/Landing_Page/dd_TaxType' 

2021-11-08 12:54:18 - [MESSAGE][PASSED] - All options with label 'Existing Liability' are selected in object 'Object Repository/RAD_Pages/Landing_Page/dd_TaxType' 

2021-11-08 12:54:18 - [TEST_STEP][PASSED] - delay(1): Delayed 1 second(s)

2021-11-08 12:54:19 - [MESSAGE][PASSED] - Delayed 1 second(s)

2021-11-08 12:54:19 - [TEST_STEP][PASSED] - selectOptionByLabel(findTestObject(orPath_TaxTypeFilingYear + "/select_TaxType_ExistingLiability"), TaxTypeEL, false): All options with label 'Personal Tax' are selected in object 'Object Repository/RAD_Pages/TaxTypeFilingYear_Page/select_TaxType_ExistingLiability' 

2021-11-08 12:54:19 - [MESSAGE][PASSED] - All options with label 'Personal Tax' are selected in object 'Object Repository/RAD_Pages/TaxTypeFilingYear_Page/select_TaxType_ExistingLiability' 

2021-11-08 12:54:19 - [TEST_STEP][PASSED] - selectOptionByLabel(findTestObject(orPath_TaxTypeFilingYear + "/select_FilingYear"), FilingYear, false): All options with label '2021' are selected in object 'Object Repository/RAD_Pages/TaxTypeFilingYear_Page/select_FilingYear' 

2021-11-08 12:54:20 - [MESSAGE][PASSED] - All options with label '2021' are selected in object 'Object Repository/RAD_Pages/TaxTypeFilingYear_Page/select_FilingYear' 

2021-11-08 12:54:20 - [TEST_STEP][PASSED] - setText(findTestObject(orPath_TaxPayer + "/input_firstName"), FName): Text 'Alec' is set on object 'Object Repository/RAD_Pages/Taxpayer_Page/input_firstName'

2021-11-08 12:54:20 - [MESSAGE][PASSED] - Text 'Alec' is set on object 'Object Repository/RAD_Pages/Taxpayer_Page/input_firstName'

2021-11-08 12:54:20 - [TEST_STEP][PASSED] - setText(findTestObject(orPath_TaxPayer + "/input_lastName"), LName): Text 'Bell' is set on object 'Object Repository/RAD_Pages/Taxpayer_Page/input_lastName'

2021-11-08 12:54:21 - [MESSAGE][PASSED] - Text 'Bell' is set on object 'Object Repository/RAD_Pages/Taxpayer_Page/input_lastName'

2021-11-08 12:54:21 - [TEST_STEP][PASSED] - setText(findTestObject(orPath_TaxPayer + "/input_middleName"), "Johns"): Text 'Johns' is set on object 'Object Repository/RAD_Pages/Taxpayer_Page/input_middleName'

2021-11-08 12:54:22 - [MESSAGE][PASSED] - Text 'Johns' is set on object 'Object Repository/RAD_Pages/Taxpayer_Page/input_middleName'

2021-11-08 12:54:22 - [TEST_STEP][PASSED] - setText(findTestObject(orPath_TaxPayer + "/input_suffix"), "Sr"): Text 'Sr' is set on object 'Object Repository/RAD_Pages/Taxpayer_Page/input_suffix'

2021-11-08 12:54:22 - [MESSAGE][PASSED] - Text 'Sr' is set on object 'Object Repository/RAD_Pages/Taxpayer_Page/input_suffix'

2021-11-08 12:54:22 - [TEST_STEP][PASSED] - selectOptionByLabel(findTestObject(orPath_AddressContact + "/select_Country"), "United States", false): All options with label 'United States' are selected in object 'Object Repository/RAD_Pages/AddressAndContactInfo_Page/select_Country' 

2021-11-08 12:54:23 - [MESSAGE][PASSED] - All options with label 'United States' are selected in object 'Object Repository/RAD_Pages/AddressAndContactInfo_Page/select_Country' 

2021-11-08 12:54:23 - [TEST_STEP][PASSED] - setText(findTestObject(orPath_AddressContact + "/input_streetAddress1"), AL1): Text '2336 Turn ct' is set on object 'Object Repository/RAD_Pages/AddressAndContactInfo_Page/input_streetAddress1'

2021-11-08 12:54:24 - [MESSAGE][PASSED] - Text '2336 Turn ct' is set on object 'Object Repository/RAD_Pages/AddressAndContactInfo_Page/input_streetAddress1'

2021-11-08 12:54:24 - [TEST_STEP][PASSED] - setText(findTestObject(orPath_AddressContact + "/input_streetAddress2"), ""): Text '' is set on object 'Object Repository/RAD_Pages/AddressAndContactInfo_Page/input_streetAddress2'

2021-11-08 12:54:24 - [MESSAGE][PASSED] - Text '' is set on object 'Object Repository/RAD_Pages/AddressAndContactInfo_Page/input_streetAddress2'

2021-11-08 12:54:24 - [TEST_STEP][PASSED] - setText(findTestObject(orPath_AddressContact + "/input_city"), City): Text 'Crofton' is set on object 'Object Repository/RAD_Pages/AddressAndContactInfo_Page/input_city'

2021-11-08 12:54:25 - [MESSAGE][PASSED] - Text 'Crofton' is set on object 'Object Repository/RAD_Pages/AddressAndContactInfo_Page/input_city'

2021-11-08 12:54:25 - [TEST_STEP][PASSED] - selectOptionByLabel(findTestObject(orPath_AddressContact + "/select_State"), "Maryland", false): All options with label 'Maryland' are selected in object 'Object Repository/RAD_Pages/AddressAndContactInfo_Page/select_State' 

2021-11-08 12:54:26 - [MESSAGE][PASSED] - All options with label 'Maryland' are selected in object 'Object Repository/RAD_Pages/AddressAndContactInfo_Page/select_State' 

2021-11-08 12:54:26 - [TEST_STEP][PASSED] - setText(findTestObject(orPath_AddressContact + "/input_zipCode"), ZIP): Text '21144' is set on object 'Object Repository/RAD_Pages/AddressAndContactInfo_Page/input_zipCode'

2021-11-08 12:54:26 - [MESSAGE][PASSED] - Text '21144' is set on object 'Object Repository/RAD_Pages/AddressAndContactInfo_Page/input_zipCode'

2021-11-08 12:54:26 - [TEST_STEP][PASSED] - setText(findTestObject(orPath_AddressContact + "/input_phoneNumber"), "(703) 894-5000"): Text '(703) 894-5000' is set on object 'Object Repository/RAD_Pages/AddressAndContactInfo_Page/input_phoneNumber'

2021-11-08 12:54:27 - [MESSAGE][PASSED] - Text '(703) 894-5000' is set on object 'Object Repository/RAD_Pages/AddressAndContactInfo_Page/input_phoneNumber'

2021-11-08 12:54:27 - [TEST_STEP][PASSED] - setText(findTestObject(orPath_AddressContact + "/input_eMailAddress"), "iahmed@govolution.com"): Text 'iahmed@govolution.com' is set on object 'Object Repository/RAD_Pages/AddressAndContactInfo_Page/input_eMailAddress'

2021-11-08 12:54:28 - [MESSAGE][PASSED] - Text 'iahmed@govolution.com' is set on object 'Object Repository/RAD_Pages/AddressAndContactInfo_Page/input_eMailAddress'

2021-11-08 12:54:28 - [TEST_STEP][PASSED] - setText(findTestObject(orPath_AddressContact + "/input_reEnterEMailAddress"), "iahmed@govolution.com"): Text 'iahmed@govolution.com' is set on object 'Object Repository/RAD_Pages/AddressAndContactInfo_Page/input_reEnterEMailAddress'

2021-11-08 12:54:28 - [MESSAGE][PASSED] - Text 'iahmed@govolution.com' is set on object 'Object Repository/RAD_Pages/AddressAndContactInfo_Page/input_reEnterEMailAddress'

2021-11-08 12:54:28 - [TEST_STEP][PASSED] - if (!(SSN.isEmpty())): null

2021-11-08 12:54:28 - [TEST_STEP][PASSED] - scrollToElement(findTestObject(orPath_Amount + "/input__paymentAmount"), 3): Scroll to object 'Object Repository/RAD_Pages/PaymentAmount_Page/input__paymentAmount' successfully

2021-11-08 12:54:29 - [MESSAGE][PASSED] - Scroll to object 'Object Repository/RAD_Pages/PaymentAmount_Page/input__paymentAmount' successfully

2021-11-08 12:54:29 - [TEST_STEP][PASSED] - if (!(FEIN.isEmpty())): Text '258369261' is set on object 'Object Repository/RAD_Pages/TaxInfo_Page/input_ReTypeFEIN'

2021-11-08 12:54:29 - [TEST_STEP][PASSED] - setText(findTestObject(orPath_TaxInfo + "/input_FEIN"), FEIN): Text '258369261' is set on object 'Object Repository/RAD_Pages/TaxInfo_Page/input_FEIN'

2021-11-08 12:54:29 - [MESSAGE][PASSED] - Text '258369261' is set on object 'Object Repository/RAD_Pages/TaxInfo_Page/input_FEIN'

2021-11-08 12:54:29 - [TEST_STEP][PASSED] - setText(findTestObject(orPath_TaxInfo + "/input_ReTypeFEIN"), FEIN): Text '258369261' is set on object 'Object Repository/RAD_Pages/TaxInfo_Page/input_ReTypeFEIN'

2021-11-08 12:54:30 - [MESSAGE][PASSED] - Text '258369261' is set on object 'Object Repository/RAD_Pages/TaxInfo_Page/input_ReTypeFEIN'

2021-11-08 12:54:30 - [TEST_STEP][PASSED] - delay(1): Delayed 1 second(s)

2021-11-08 12:54:31 - [MESSAGE][PASSED] - Delayed 1 second(s)

2021-11-08 12:54:31 - [TEST_STEP][PASSED] - setText(findTestObject(orPath_TaxInfo + "/input_NoticeInvoiceNumber"), "258147147"): Text '258147147' is set on object 'Object Repository/RAD_Pages/TaxInfo_Page/input_NoticeInvoiceNumber'

2021-11-08 12:54:32 - [MESSAGE][PASSED] - Text '258147147' is set on object 'Object Repository/RAD_Pages/TaxInfo_Page/input_NoticeInvoiceNumber'

2021-11-08 12:54:32 - [TEST_STEP][PASSED] - setText(findTestObject(orPath_TaxInfo + "/input_reTypeNoticeInvoiceNumber"), "258147147"): Text '258147147' is set on object 'Object Repository/RAD_Pages/TaxInfo_Page/input_reTypeNoticeInvoiceNumber'

2021-11-08 12:54:33 - [MESSAGE][PASSED] - Text '258147147' is set on object 'Object Repository/RAD_Pages/TaxInfo_Page/input_reTypeNoticeInvoiceNumber'

2021-11-08 12:54:33 - [TEST_STEP][PASSED] - if (TaxTypeEL.equalsIgnoreCase("Sales & Use Tax")): null

2021-11-08 12:54:33 - [TEST_STEP][PASSED] - setText(findTestObject(orPath_Amount + "/input__paymentAmount"), Amount): Text '30.50' is set on object 'Object Repository/RAD_Pages/PaymentAmount_Page/input__paymentAmount'

2021-11-08 12:54:33 - [MESSAGE][PASSED] - Text '30.50' is set on object 'Object Repository/RAD_Pages/PaymentAmount_Page/input__paymentAmount'

2021-11-08 12:54:33 - [TEST_STEP][PASSED] - scrollToElement(findTestObject(orPath_Landing + "/button_Continue"), 3): Scroll to object 'Object Repository/RAD_Pages/Landing_Page/button_Continue' successfully

2021-11-08 12:54:34 - [MESSAGE][PASSED] - Scroll to object 'Object Repository/RAD_Pages/Landing_Page/button_Continue' successfully

2021-11-08 12:54:34 - [TEST_STEP][PASSED] - waitForElementClickable(findTestObject(orPath_Landing + "/button_Continue"), 5): Object 'Object Repository/RAD_Pages/Landing_Page/button_Continue' is clickable

2021-11-08 12:54:34 - [MESSAGE][PASSED] - Object 'Object Repository/RAD_Pages/Landing_Page/button_Continue' is clickable

2021-11-08 12:54:34 - [TEST_STEP][PASSED] - click(findTestObject(orPath_Landing + "/button_Continue")): Object: 'Object Repository/RAD_Pages/Landing_Page/button_Continue' is clicked on

2021-11-08 12:54:34 - [MESSAGE][PASSED] - Object: 'Object Repository/RAD_Pages/Landing_Page/button_Continue' is clicked on

2021-11-08 12:54:34 - [TEST_STEP][PASSED] - verifyTextPresent("Review the information below and make any necessary corrections by clicking the", true): Text 'Review the information below and make any necessary corrections by clicking the' is present on page  using regular expression

2021-11-08 12:54:35 - [MESSAGE][PASSED] - Text 'Review the information below and make any necessary corrections by clicking the' is present on page  using regular expression

2021-11-08 12:54:35 - [TEST_STEP][PASSED] - verifyTextPresent("When you are confident that all the information is correct", true): Text 'When you are confident that all the information is correct' is present on page  using regular expression

2021-11-08 12:54:35 - [MESSAGE][PASSED] - Text 'When you are confident that all the information is correct' is present on page  using regular expression

2021-11-08 12:54:35 - [TEST_STEP][PASSED] - delay(1): Delayed 1 second(s)

2021-11-08 12:54:36 - [MESSAGE][PASSED] - Delayed 1 second(s)

2021-11-08 12:54:36 - [TEST_STEP][PASSED] - click(findTestObject(orPath_PaymentReady + "/button_ProceedtoPayment")): Object: 'Object Repository/RAD_Pages/PaymentReady_Page/button_ProceedtoPayment' is clicked on

2021-11-08 12:54:40 - [MESSAGE][PASSED] - Object: 'Object Repository/RAD_Pages/PaymentReady_Page/button_ProceedtoPayment' is clicked on

2021-11-08 12:54:40 - [TEST_STEP][PASSED] - setText(findTestObject(orPath_PaymentEntry + "/input__cardNumber"), CCNumber): Text '6011000993026909' is set on object 'Object Repository/RAD_Pages/PaymentEntry_Page/input__cardNumber'

2021-11-08 12:54:40 - [MESSAGE][PASSED] - Text '6011000993026909' is set on object 'Object Repository/RAD_Pages/PaymentEntry_Page/input__cardNumber'

2021-11-08 12:54:40 - [TEST_STEP][PASSED] - setText(findTestObject(orPath_PaymentEntry + "/input__spc"), CVV): Text '123' is set on object 'Object Repository/RAD_Pages/PaymentEntry_Page/input__spc'

2021-11-08 12:54:41 - [MESSAGE][PASSED] - Text '123' is set on object 'Object Repository/RAD_Pages/PaymentEntry_Page/input__spc'

2021-11-08 12:54:41 - [TEST_STEP][PASSED] - selectOptionByLabel(findTestObject(orPath_PaymentEntry + "/select_MM"), "12", false): All options with label '12' are selected in object 'Object Repository/RAD_Pages/PaymentEntry_Page/select_MM' 

2021-11-08 12:54:42 - [MESSAGE][PASSED] - All options with label '12' are selected in object 'Object Repository/RAD_Pages/PaymentEntry_Page/select_MM' 

2021-11-08 12:54:42 - [TEST_STEP][PASSED] - selectOptionByLabel(findTestObject(orPath_PaymentEntry + "/select_YYYY"), "2023", false): All options with label '2023' are selected in object 'Object Repository/RAD_Pages/PaymentEntry_Page/select_YYYY' 

2021-11-08 12:54:42 - [MESSAGE][PASSED] - All options with label '2023' are selected in object 'Object Repository/RAD_Pages/PaymentEntry_Page/select_YYYY' 

2021-11-08 12:54:42 - [TEST_STEP][PASSED] - click(findTestObject(orPath_PaymentEntry + "/input_Field_ccSubmit")): Object: 'Object Repository/RAD_Pages/PaymentEntry_Page/input_Field_ccSubmit' is clicked on

2021-11-08 12:54:43 - [MESSAGE][PASSED] - Object: 'Object Repository/RAD_Pages/PaymentEntry_Page/input_Field_ccSubmit' is clicked on

2021-11-08 12:54:43 - [TEST_STEP][PASSED] - click(findTestObject(orPath_PaymentConfirmation + "/input_N_confirmNotifyAction")): Object: 'Object Repository/RAD_Pages/PaymentConfirmation_Page/input_N_confirmNotifyAction' is clicked on

2021-11-08 12:54:45 - [MESSAGE][PASSED] - Object: 'Object Repository/RAD_Pages/PaymentConfirmation_Page/input_N_confirmNotifyAction' is clicked on

2021-11-08 12:54:45 - [TEST_STEP][PASSED] - click(findTestObject(orPath_ServiceFeesAccept + "/input_convFeeNotifyAction")): Object: 'Object Repository/RAD_Pages/ServiceFeeAccept_Page/input_convFeeNotifyAction' is clicked on

2021-11-08 12:54:46 - [MESSAGE][PASSED] - Object: 'Object Repository/RAD_Pages/ServiceFeeAccept_Page/input_convFeeNotifyAction' is clicked on

2021-11-08 12:54:46 - [TEST_STEP][PASSED] - delay(10): Delayed 10 second(s)

2021-11-08 12:54:56 - [MESSAGE][PASSED] - Delayed 10 second(s)

2021-11-08 12:54:56 - [TEST_STEP][PASSED] - verifyTextPresent("Successful Payment Receipt", true): Text 'Successful Payment Receipt' is present on page  using regular expression

2021-11-08 12:54:57 - [MESSAGE][PASSED] - Text 'Successful Payment Receipt' is present on page  using regular expression

2021-11-08 12:54:57 - [TEST_STEP][PASSED] - if (verifyTextPresent("Successful Payment Receipt", true)): null

2021-11-08 12:54:57 - [MESSAGE][PASSED] - Text 'Successful Payment Receipt' is present on page  using regular expression

2021-11-08 12:54:57 - [TEST_STEP][PASSED] - println("Transaction was Successful"): null

2021-11-08 12:54:57 - [TEST_STEP][PASSED] - out.println("Pass Record Number: " + row): null

2021-11-08 12:54:57 - [TEST_STEP][PASSED] - resText = "Pass": null

2021-11-08 12:54:57 - [TEST_STEP][PASSED] - pages.WriteExcel.demoKey(resText, datText, resColumn, datCloumn, fileLoc, nameSheet, row): pages.WriteExcel.demoKey is PASSED

2021-11-08 12:54:57 - [MESSAGE][PASSED] - pages.WriteExcel.demoKey is PASSED

2021-11-08 12:54:57 - [TEST_STEP][PASSED] - ExecuteTC = findTestData(dataFile).getValue("Execute", row): null

2021-11-08 12:54:57 - [TEST_STEP][PASSED] - Taxtype = findTestData(dataFile).getValue("TaxType", row): null

2021-11-08 12:54:57 - [TEST_STEP][PASSED] - TaxTypeEL = findTestData(dataFile).getValue("TaxTypeEL", row): null

2021-11-08 12:54:57 - [TEST_STEP][PASSED] - FilingYear = findTestData(dataFile).getValue("FilingYear", row): null

2021-11-08 12:54:57 - [TEST_STEP][PASSED] - FName = findTestData(dataFile).getValue("Fname", row): null

2021-11-08 12:54:57 - [TEST_STEP][PASSED] - LName = findTestData(dataFile).getValue("Lname", row): null

2021-11-08 12:54:57 - [TEST_STEP][PASSED] - AL1 = findTestData(dataFile).getValue("AL1", row): null

2021-11-08 12:54:57 - [TEST_STEP][PASSED] - City = findTestData(dataFile).getValue("City", row): null

2021-11-08 12:54:57 - [TEST_STEP][PASSED] - ZIP = findTestData(dataFile).getValue("ZIP", row): null

2021-11-08 12:54:57 - [TEST_STEP][PASSED] - Amount = findTestData(dataFile).getValue("Amount", row): null

2021-11-08 12:54:57 - [TEST_STEP][PASSED] - CCNumber = findTestData(dataFile).getValue("CCNumber", row): null

2021-11-08 12:54:57 - [TEST_STEP][PASSED] - CVV = findTestData(dataFile).getValue("CVV", row): null

2021-11-08 12:54:57 - [TEST_STEP][PASSED] - SSN = findTestData(dataFile).getValue("SSN", row): null

2021-11-08 12:54:57 - [TEST_STEP][PASSED] - FEIN = findTestData(dataFile).getValue("FEIN", row): null

2021-11-08 12:54:57 - [TEST_STEP][PASSED] - out.println("Value of Execute is : " + ExecuteTC): null

2021-11-08 12:54:57 - [TEST_STEP][PASSED] - if (ExecuteTC.equalsIgnoreCase("Y")): null

2021-11-08 12:54:57 - [TEST_STEP][PASSED] - out.println("Begin Record Number: " + row): null

2021-11-08 12:54:57 - [TEST_STEP][PASSED] - today = new java.util.Date(): null

2021-11-08 12:54:57 - [TEST_STEP][PASSED] - println(today): null

2021-11-08 12:54:57 - [TEST_STEP][PASSED] - datText = today: null

2021-11-08 12:54:57 - [TEST_STEP][PASSED] - Taxtype = findTestData(dataFile).getValue("TaxType", row): null

2021-11-08 12:54:57 - [TEST_STEP][PASSED] - out.println("Taxtype value is : " + Taxtype): null

2021-11-08 12:54:57 - [TEST_STEP][PASSED] - openBrowser(""): Browser is opened with url: ''

2021-11-08 12:54:57 - [MESSAGE][WARNING] - A browser is already opened. Closing browser and opening a new one

2021-11-08 12:54:58 - [MESSAGE][INFO] - Starting 'Chrome' driver

2021-11-08 12:54:58 - [MESSAGE][INFO] - User set preference: ['acceptInsecureCerts', 'true']

2021-11-08 12:54:58 - [MESSAGE][INFO] - Action delay is set to 0 milliseconds

2021-11-08 12:54:59 - [MESSAGE][PASSED] - Browser is opened with url: ''

2021-11-08 12:54:59 - [TEST_STEP][PASSED] - maximizeWindow(): Current window maximized

2021-11-08 12:55:00 - [MESSAGE][PASSED] - Current window maximized

2021-11-08 12:55:00 - [TEST_STEP][PASSED] - navigateToUrl(RADurl): Navigate to 'https://qa.velocitypayment.com/client/rad/index.html' successfully

2021-11-08 12:55:02 - [MESSAGE][PASSED] - Navigate to 'https://qa.velocitypayment.com/client/rad/index.html' successfully

2021-11-08 12:55:02 - [TEST_STEP][PASSED] - orPath_Landing = "Object Repository/RAD_Pages/Landing_Page": null

2021-11-08 12:55:02 - [TEST_STEP][PASSED] - orPath_TaxTypeFilingYear = "Object Repository/RAD_Pages/TaxTypeFilingYear_Page": null

2021-11-08 12:55:02 - [TEST_STEP][PASSED] - orPath_TaxPayer = "Object Repository/RAD_Pages/Taxpayer_Page": null

2021-11-08 12:55:02 - [TEST_STEP][PASSED] - orPath_AddressContact = "Object Repository/RAD_Pages/AddressAndContactInfo_Page": null

2021-11-08 12:55:02 - [TEST_STEP][PASSED] - orPath_FilingStatus = "Object Repository/RAD_Pages/FilingStatus_Page": null

2021-11-08 12:55:02 - [TEST_STEP][PASSED] - orPath_Amount = "Object Repository/RAD_Pages/PaymentAmount_Page": null

2021-11-08 12:55:02 - [TEST_STEP][PASSED] - orPath_TaxInfo = "Object Repository/RAD_Pages/TaxInfo_Page": null

2021-11-08 12:55:02 - [TEST_STEP][PASSED] - orPath_Withholding = "Object Repository/RAD_Pages/Withholding_Page": null

2021-11-08 12:55:02 - [TEST_STEP][PASSED] - orPath_Summary = "Object Repository/RAD_Pages/Summary_Page": null

2021-11-08 12:55:02 - [TEST_STEP][PASSED] - orPath_PaymentReady = "Object Repository/RAD_Pages/PaymentReady_Page": null

2021-11-08 12:55:02 - [TEST_STEP][PASSED] - orPath_PaymentEntry = "Object Repository/RAD_Pages/PaymentEntry_Page": null

2021-11-08 12:55:02 - [TEST_STEP][PASSED] - orPath_PaymentConfirmation = "Object Repository/RAD_Pages/PaymentConfirmation_Page": null

2021-11-08 12:55:02 - [TEST_STEP][PASSED] - orPath_ServiceFeesAccept = "Object Repository/RAD_Pages/ServiceFeeAccept_Page": null

2021-11-08 12:55:02 - [TEST_STEP][PASSED] - selectOptionByLabel(findTestObject(orPath_Landing + "/dd_TaxType"), Taxtype, false): All options with label 'Existing Liability' are selected in object 'Object Repository/RAD_Pages/Landing_Page/dd_TaxType' 

2021-11-08 12:55:02 - [MESSAGE][PASSED] - All options with label 'Existing Liability' are selected in object 'Object Repository/RAD_Pages/Landing_Page/dd_TaxType' 

2021-11-08 12:55:02 - [TEST_STEP][PASSED] - delay(1): Delayed 1 second(s)

2021-11-08 12:55:03 - [MESSAGE][PASSED] - Delayed 1 second(s)

2021-11-08 12:55:03 - [TEST_STEP][PASSED] - selectOptionByLabel(findTestObject(orPath_TaxTypeFilingYear + "/select_TaxType_ExistingLiability"), TaxTypeEL, false): All options with label 'PTE Tax (Partnership)' are selected in object 'Object Repository/RAD_Pages/TaxTypeFilingYear_Page/select_TaxType_ExistingLiability' 

2021-11-08 12:55:04 - [MESSAGE][PASSED] - All options with label 'PTE Tax (Partnership)' are selected in object 'Object Repository/RAD_Pages/TaxTypeFilingYear_Page/select_TaxType_ExistingLiability' 

2021-11-08 12:55:04 - [TEST_STEP][PASSED] - selectOptionByLabel(findTestObject(orPath_TaxTypeFilingYear + "/select_FilingYear"), FilingYear, false): All options with label '2021' are selected in object 'Object Repository/RAD_Pages/TaxTypeFilingYear_Page/select_FilingYear' 

2021-11-08 12:55:05 - [MESSAGE][PASSED] - All options with label '2021' are selected in object 'Object Repository/RAD_Pages/TaxTypeFilingYear_Page/select_FilingYear' 

2021-11-08 12:55:05 - [TEST_STEP][PASSED] - setText(findTestObject(orPath_TaxPayer + "/input_firstName"), FName): Text 'Stuart' is set on object 'Object Repository/RAD_Pages/Taxpayer_Page/input_firstName'

2021-11-08 12:55:05 - [MESSAGE][PASSED] - Text 'Stuart' is set on object 'Object Repository/RAD_Pages/Taxpayer_Page/input_firstName'

2021-11-08 12:55:05 - [TEST_STEP][PASSED] - setText(findTestObject(orPath_TaxPayer + "/input_lastName"), LName): Text 'Broad' is set on object 'Object Repository/RAD_Pages/Taxpayer_Page/input_lastName'

2021-11-08 12:55:06 - [MESSAGE][PASSED] - Text 'Broad' is set on object 'Object Repository/RAD_Pages/Taxpayer_Page/input_lastName'

2021-11-08 12:55:06 - [TEST_STEP][PASSED] - setText(findTestObject(orPath_TaxPayer + "/input_middleName"), "Johns"): Text 'Johns' is set on object 'Object Repository/RAD_Pages/Taxpayer_Page/input_middleName'

2021-11-08 12:55:07 - [MESSAGE][PASSED] - Text 'Johns' is set on object 'Object Repository/RAD_Pages/Taxpayer_Page/input_middleName'

2021-11-08 12:55:07 - [TEST_STEP][PASSED] - setText(findTestObject(orPath_TaxPayer + "/input_suffix"), "Sr"): Text 'Sr' is set on object 'Object Repository/RAD_Pages/Taxpayer_Page/input_suffix'

2021-11-08 12:55:07 - [MESSAGE][PASSED] - Text 'Sr' is set on object 'Object Repository/RAD_Pages/Taxpayer_Page/input_suffix'

2021-11-08 12:55:07 - [TEST_STEP][PASSED] - selectOptionByLabel(findTestObject(orPath_AddressContact + "/select_Country"), "United States", false): All options with label 'United States' are selected in object 'Object Repository/RAD_Pages/AddressAndContactInfo_Page/select_Country' 

2021-11-08 12:55:08 - [MESSAGE][PASSED] - All options with label 'United States' are selected in object 'Object Repository/RAD_Pages/AddressAndContactInfo_Page/select_Country' 

2021-11-08 12:55:08 - [TEST_STEP][PASSED] - setText(findTestObject(orPath_AddressContact + "/input_streetAddress1"), AL1): Text '36 Hoolan Ave' is set on object 'Object Repository/RAD_Pages/AddressAndContactInfo_Page/input_streetAddress1'

2021-11-08 12:55:09 - [MESSAGE][PASSED] - Text '36 Hoolan Ave' is set on object 'Object Repository/RAD_Pages/AddressAndContactInfo_Page/input_streetAddress1'

2021-11-08 12:55:09 - [TEST_STEP][PASSED] - setText(findTestObject(orPath_AddressContact + "/input_streetAddress2"), ""): Text '' is set on object 'Object Repository/RAD_Pages/AddressAndContactInfo_Page/input_streetAddress2'

2021-11-08 12:55:09 - [MESSAGE][PASSED] - Text '' is set on object 'Object Repository/RAD_Pages/AddressAndContactInfo_Page/input_streetAddress2'

2021-11-08 12:55:09 - [TEST_STEP][PASSED] - setText(findTestObject(orPath_AddressContact + "/input_city"), City): Text 'Huntsville' is set on object 'Object Repository/RAD_Pages/AddressAndContactInfo_Page/input_city'

2021-11-08 12:55:10 - [MESSAGE][PASSED] - Text 'Huntsville' is set on object 'Object Repository/RAD_Pages/AddressAndContactInfo_Page/input_city'

2021-11-08 12:55:10 - [TEST_STEP][PASSED] - selectOptionByLabel(findTestObject(orPath_AddressContact + "/select_State"), "Maryland", false): All options with label 'Maryland' are selected in object 'Object Repository/RAD_Pages/AddressAndContactInfo_Page/select_State' 

2021-11-08 12:55:10 - [MESSAGE][PASSED] - All options with label 'Maryland' are selected in object 'Object Repository/RAD_Pages/AddressAndContactInfo_Page/select_State' 

2021-11-08 12:55:10 - [TEST_STEP][PASSED] - setText(findTestObject(orPath_AddressContact + "/input_zipCode"), ZIP): Text '21093' is set on object 'Object Repository/RAD_Pages/AddressAndContactInfo_Page/input_zipCode'

2021-11-08 12:55:11 - [MESSAGE][PASSED] - Text '21093' is set on object 'Object Repository/RAD_Pages/AddressAndContactInfo_Page/input_zipCode'

2021-11-08 12:55:11 - [TEST_STEP][PASSED] - setText(findTestObject(orPath_AddressContact + "/input_phoneNumber"), "(703) 894-5000"): Text '(703) 894-5000' is set on object 'Object Repository/RAD_Pages/AddressAndContactInfo_Page/input_phoneNumber'

2021-11-08 12:55:12 - [MESSAGE][PASSED] - Text '(703) 894-5000' is set on object 'Object Repository/RAD_Pages/AddressAndContactInfo_Page/input_phoneNumber'

2021-11-08 12:55:12 - [TEST_STEP][PASSED] - setText(findTestObject(orPath_AddressContact + "/input_eMailAddress"), "iahmed@govolution.com"): Text 'iahmed@govolution.com' is set on object 'Object Repository/RAD_Pages/AddressAndContactInfo_Page/input_eMailAddress'

2021-11-08 12:55:13 - [MESSAGE][PASSED] - Text 'iahmed@govolution.com' is set on object 'Object Repository/RAD_Pages/AddressAndContactInfo_Page/input_eMailAddress'

2021-11-08 12:55:13 - [TEST_STEP][PASSED] - setText(findTestObject(orPath_AddressContact + "/input_reEnterEMailAddress"), "iahmed@govolution.com"): Text 'iahmed@govolution.com' is set on object 'Object Repository/RAD_Pages/AddressAndContactInfo_Page/input_reEnterEMailAddress'

2021-11-08 12:55:13 - [MESSAGE][PASSED] - Text 'iahmed@govolution.com' is set on object 'Object Repository/RAD_Pages/AddressAndContactInfo_Page/input_reEnterEMailAddress'

2021-11-08 12:55:13 - [TEST_STEP][PASSED] - if (!(SSN.isEmpty())): Text '123456523' is set on object 'Object Repository/RAD_Pages/TaxInfo_Page/input_TaxInfo_reTaxTypeExisitingSSN'

2021-11-08 12:55:13 - [TEST_STEP][PASSED] - setText(findTestObject(orPath_TaxInfo + "/input_TaxInfo_ExisitingSSN"), SSN): Text '123456523' is set on object 'Object Repository/RAD_Pages/TaxInfo_Page/input_TaxInfo_ExisitingSSN'

2021-11-08 12:55:14 - [MESSAGE][PASSED] - Text '123456523' is set on object 'Object Repository/RAD_Pages/TaxInfo_Page/input_TaxInfo_ExisitingSSN'

2021-11-08 12:55:14 - [TEST_STEP][PASSED] - setText(findTestObject(orPath_TaxInfo + "/input_TaxInfo_reTaxTypeExisitingSSN"), SSN): Text '123456523' is set on object 'Object Repository/RAD_Pages/TaxInfo_Page/input_TaxInfo_reTaxTypeExisitingSSN'

2021-11-08 12:55:15 - [MESSAGE][PASSED] - Text '123456523' is set on object 'Object Repository/RAD_Pages/TaxInfo_Page/input_TaxInfo_reTaxTypeExisitingSSN'

2021-11-08 12:55:15 - [TEST_STEP][PASSED] - scrollToElement(findTestObject(orPath_Amount + "/input__paymentAmount"), 3): Scroll to object 'Object Repository/RAD_Pages/PaymentAmount_Page/input__paymentAmount' successfully

2021-11-08 12:55:15 - [MESSAGE][PASSED] - Scroll to object 'Object Repository/RAD_Pages/PaymentAmount_Page/input__paymentAmount' successfully

2021-11-08 12:55:15 - [TEST_STEP][PASSED] - if (!(FEIN.isEmpty())): null

2021-11-08 12:55:15 - [TEST_STEP][PASSED] - delay(1): Delayed 1 second(s)

2021-11-08 12:55:16 - [MESSAGE][PASSED] - Delayed 1 second(s)

2021-11-08 12:55:16 - [TEST_STEP][PASSED] - setText(findTestObject(orPath_TaxInfo + "/input_NoticeInvoiceNumber"), "258147147"): Text '258147147' is set on object 'Object Repository/RAD_Pages/TaxInfo_Page/input_NoticeInvoiceNumber'

2021-11-08 12:55:17 - [MESSAGE][PASSED] - Text '258147147' is set on object 'Object Repository/RAD_Pages/TaxInfo_Page/input_NoticeInvoiceNumber'

2021-11-08 12:55:17 - [TEST_STEP][PASSED] - setText(findTestObject(orPath_TaxInfo + "/input_reTypeNoticeInvoiceNumber"), "258147147"): Text '258147147' is set on object 'Object Repository/RAD_Pages/TaxInfo_Page/input_reTypeNoticeInvoiceNumber'

2021-11-08 12:55:18 - [MESSAGE][PASSED] - Text '258147147' is set on object 'Object Repository/RAD_Pages/TaxInfo_Page/input_reTypeNoticeInvoiceNumber'

2021-11-08 12:55:18 - [TEST_STEP][PASSED] - if (TaxTypeEL.equalsIgnoreCase("Sales & Use Tax")): null

2021-11-08 12:55:18 - [TEST_STEP][PASSED] - setText(findTestObject(orPath_Amount + "/input__paymentAmount"), Amount): Text '70.50' is set on object 'Object Repository/RAD_Pages/PaymentAmount_Page/input__paymentAmount'

2021-11-08 12:55:18 - [MESSAGE][PASSED] - Text '70.50' is set on object 'Object Repository/RAD_Pages/PaymentAmount_Page/input__paymentAmount'

2021-11-08 12:55:18 - [TEST_STEP][PASSED] - scrollToElement(findTestObject(orPath_Landing + "/button_Continue"), 3): Scroll to object 'Object Repository/RAD_Pages/Landing_Page/button_Continue' successfully

2021-11-08 12:55:19 - [MESSAGE][PASSED] - Scroll to object 'Object Repository/RAD_Pages/Landing_Page/button_Continue' successfully

2021-11-08 12:55:19 - [TEST_STEP][PASSED] - waitForElementClickable(findTestObject(orPath_Landing + "/button_Continue"), 5): Object 'Object Repository/RAD_Pages/Landing_Page/button_Continue' is clickable

2021-11-08 12:55:19 - [MESSAGE][PASSED] - Object 'Object Repository/RAD_Pages/Landing_Page/button_Continue' is clickable

2021-11-08 12:55:19 - [TEST_STEP][PASSED] - click(findTestObject(orPath_Landing + "/button_Continue")): Object: 'Object Repository/RAD_Pages/Landing_Page/button_Continue' is clicked on

2021-11-08 12:55:19 - [MESSAGE][PASSED] - Object: 'Object Repository/RAD_Pages/Landing_Page/button_Continue' is clicked on

2021-11-08 12:55:19 - [TEST_STEP][PASSED] - verifyTextPresent("Review the information below and make any necessary corrections by clicking the", true): Text 'Review the information below and make any necessary corrections by clicking the' is present on page  using regular expression

2021-11-08 12:55:20 - [MESSAGE][PASSED] - Text 'Review the information below and make any necessary corrections by clicking the' is present on page  using regular expression

2021-11-08 12:55:20 - [TEST_STEP][PASSED] - verifyTextPresent("When you are confident that all the information is correct", true): Text 'When you are confident that all the information is correct' is present on page  using regular expression

2021-11-08 12:55:20 - [MESSAGE][PASSED] - Text 'When you are confident that all the information is correct' is present on page  using regular expression

2021-11-08 12:55:20 - [TEST_STEP][PASSED] - delay(1): Delayed 1 second(s)

2021-11-08 12:55:21 - [MESSAGE][PASSED] - Delayed 1 second(s)

2021-11-08 12:55:21 - [TEST_STEP][PASSED] - click(findTestObject(orPath_PaymentReady + "/button_ProceedtoPayment")): Object: 'Object Repository/RAD_Pages/PaymentReady_Page/button_ProceedtoPayment' is clicked on

2021-11-08 12:55:23 - [MESSAGE][PASSED] - Object: 'Object Repository/RAD_Pages/PaymentReady_Page/button_ProceedtoPayment' is clicked on

2021-11-08 12:55:23 - [TEST_STEP][PASSED] - setText(findTestObject(orPath_PaymentEntry + "/input__cardNumber"), CCNumber): Text '4012000098765439' is set on object 'Object Repository/RAD_Pages/PaymentEntry_Page/input__cardNumber'

2021-11-08 12:55:24 - [MESSAGE][PASSED] - Text '4012000098765439' is set on object 'Object Repository/RAD_Pages/PaymentEntry_Page/input__cardNumber'

2021-11-08 12:55:24 - [TEST_STEP][PASSED] - setText(findTestObject(orPath_PaymentEntry + "/input__spc"), CVV): Text '123' is set on object 'Object Repository/RAD_Pages/PaymentEntry_Page/input__spc'

2021-11-08 12:55:25 - [MESSAGE][PASSED] - Text '123' is set on object 'Object Repository/RAD_Pages/PaymentEntry_Page/input__spc'

2021-11-08 12:55:25 - [TEST_STEP][PASSED] - selectOptionByLabel(findTestObject(orPath_PaymentEntry + "/select_MM"), "12", false): All options with label '12' are selected in object 'Object Repository/RAD_Pages/PaymentEntry_Page/select_MM' 

2021-11-08 12:55:26 - [MESSAGE][PASSED] - All options with label '12' are selected in object 'Object Repository/RAD_Pages/PaymentEntry_Page/select_MM' 

2021-11-08 12:55:26 - [TEST_STEP][PASSED] - selectOptionByLabel(findTestObject(orPath_PaymentEntry + "/select_YYYY"), "2023", false): All options with label '2023' are selected in object 'Object Repository/RAD_Pages/PaymentEntry_Page/select_YYYY' 

2021-11-08 12:55:26 - [MESSAGE][PASSED] - All options with label '2023' are selected in object 'Object Repository/RAD_Pages/PaymentEntry_Page/select_YYYY' 

2021-11-08 12:55:26 - [TEST_STEP][PASSED] - click(findTestObject(orPath_PaymentEntry + "/input_Field_ccSubmit")): Object: 'Object Repository/RAD_Pages/PaymentEntry_Page/input_Field_ccSubmit' is clicked on

2021-11-08 12:55:27 - [MESSAGE][PASSED] - Object: 'Object Repository/RAD_Pages/PaymentEntry_Page/input_Field_ccSubmit' is clicked on

2021-11-08 12:55:27 - [TEST_STEP][PASSED] - click(findTestObject(orPath_PaymentConfirmation + "/input_N_confirmNotifyAction")): Object: 'Object Repository/RAD_Pages/PaymentConfirmation_Page/input_N_confirmNotifyAction' is clicked on

2021-11-08 12:55:29 - [MESSAGE][PASSED] - Object: 'Object Repository/RAD_Pages/PaymentConfirmation_Page/input_N_confirmNotifyAction' is clicked on

2021-11-08 12:55:29 - [TEST_STEP][PASSED] - click(findTestObject(orPath_ServiceFeesAccept + "/input_convFeeNotifyAction")): Object: 'Object Repository/RAD_Pages/ServiceFeeAccept_Page/input_convFeeNotifyAction' is clicked on

2021-11-08 12:55:30 - [MESSAGE][PASSED] - Object: 'Object Repository/RAD_Pages/ServiceFeeAccept_Page/input_convFeeNotifyAction' is clicked on

2021-11-08 12:55:30 - [TEST_STEP][PASSED] - delay(10): Delayed 10 second(s)

2021-11-08 12:55:40 - [MESSAGE][PASSED] - Delayed 10 second(s)

2021-11-08 12:55:40 - [TEST_STEP][PASSED] - verifyTextPresent("Successful Payment Receipt", true): Text 'Successful Payment Receipt' is present on page  using regular expression

2021-11-08 12:55:41 - [MESSAGE][PASSED] - Text 'Successful Payment Receipt' is present on page  using regular expression

2021-11-08 12:55:41 - [TEST_STEP][PASSED] - if (verifyTextPresent("Successful Payment Receipt", true)): null

2021-11-08 12:55:41 - [MESSAGE][PASSED] - Text 'Successful Payment Receipt' is present on page  using regular expression

2021-11-08 12:55:41 - [TEST_STEP][PASSED] - println("Transaction was Successful"): null

2021-11-08 12:55:41 - [TEST_STEP][PASSED] - out.println("Pass Record Number: " + row): null

2021-11-08 12:55:41 - [TEST_STEP][PASSED] - resText = "Pass": null

2021-11-08 12:55:41 - [TEST_STEP][PASSED] - pages.WriteExcel.demoKey(resText, datText, resColumn, datCloumn, fileLoc, nameSheet, row): pages.WriteExcel.demoKey is PASSED

2021-11-08 12:55:41 - [MESSAGE][PASSED] - pages.WriteExcel.demoKey is PASSED

2021-11-08 12:55:41 - [TEST_STEP][PASSED] - ExecuteTC = findTestData(dataFile).getValue("Execute", row): null

2021-11-08 12:55:41 - [TEST_STEP][PASSED] - Taxtype = findTestData(dataFile).getValue("TaxType", row): null

2021-11-08 12:55:41 - [TEST_STEP][PASSED] - TaxTypeEL = findTestData(dataFile).getValue("TaxTypeEL", row): null

2021-11-08 12:55:41 - [TEST_STEP][PASSED] - FilingYear = findTestData(dataFile).getValue("FilingYear", row): null

2021-11-08 12:55:41 - [TEST_STEP][PASSED] - FName = findTestData(dataFile).getValue("Fname", row): null

2021-11-08 12:55:41 - [TEST_STEP][PASSED] - LName = findTestData(dataFile).getValue("Lname", row): null

2021-11-08 12:55:41 - [TEST_STEP][PASSED] - AL1 = findTestData(dataFile).getValue("AL1", row): null

2021-11-08 12:55:41 - [TEST_STEP][PASSED] - City = findTestData(dataFile).getValue("City", row): null

2021-11-08 12:55:41 - [TEST_STEP][PASSED] - ZIP = findTestData(dataFile).getValue("ZIP", row): null

2021-11-08 12:55:41 - [TEST_STEP][PASSED] - Amount = findTestData(dataFile).getValue("Amount", row): null

2021-11-08 12:55:41 - [TEST_STEP][PASSED] - CCNumber = findTestData(dataFile).getValue("CCNumber", row): null

2021-11-08 12:55:41 - [TEST_STEP][PASSED] - CVV = findTestData(dataFile).getValue("CVV", row): null

2021-11-08 12:55:41 - [TEST_STEP][PASSED] - SSN = findTestData(dataFile).getValue("SSN", row): null

2021-11-08 12:55:41 - [TEST_STEP][PASSED] - FEIN = findTestData(dataFile).getValue("FEIN", row): null

2021-11-08 12:55:41 - [TEST_STEP][PASSED] - out.println("Value of Execute is : " + ExecuteTC): null

2021-11-08 12:55:41 - [TEST_STEP][PASSED] - if (ExecuteTC.equalsIgnoreCase("Y")): null

2021-11-08 12:55:41 - [TEST_STEP][PASSED] - out.println("Begin Record Number: " + row): null

2021-11-08 12:55:41 - [TEST_STEP][PASSED] - today = new java.util.Date(): null

2021-11-08 12:55:41 - [TEST_STEP][PASSED] - println(today): null

2021-11-08 12:55:41 - [TEST_STEP][PASSED] - datText = today: null

2021-11-08 12:55:41 - [TEST_STEP][PASSED] - Taxtype = findTestData(dataFile).getValue("TaxType", row): null

2021-11-08 12:55:41 - [TEST_STEP][PASSED] - out.println("Taxtype value is : " + Taxtype): null

2021-11-08 12:55:41 - [TEST_STEP][PASSED] - openBrowser(""): Browser is opened with url: ''

2021-11-08 12:55:41 - [MESSAGE][WARNING] - A browser is already opened. Closing browser and opening a new one

2021-11-08 12:55:42 - [MESSAGE][INFO] - Starting 'Chrome' driver

2021-11-08 12:55:42 - [MESSAGE][INFO] - User set preference: ['acceptInsecureCerts', 'true']

2021-11-08 12:55:42 - [MESSAGE][INFO] - Action delay is set to 0 milliseconds

2021-11-08 12:55:43 - [MESSAGE][PASSED] - Browser is opened with url: ''

2021-11-08 12:55:43 - [TEST_STEP][PASSED] - maximizeWindow(): Current window maximized

2021-11-08 12:55:44 - [MESSAGE][PASSED] - Current window maximized

2021-11-08 12:55:44 - [TEST_STEP][PASSED] - navigateToUrl(RADurl): Navigate to 'https://qa.velocitypayment.com/client/rad/index.html' successfully

2021-11-08 12:55:46 - [MESSAGE][PASSED] - Navigate to 'https://qa.velocitypayment.com/client/rad/index.html' successfully

2021-11-08 12:55:46 - [TEST_STEP][PASSED] - orPath_Landing = "Object Repository/RAD_Pages/Landing_Page": null

2021-11-08 12:55:46 - [TEST_STEP][PASSED] - orPath_TaxTypeFilingYear = "Object Repository/RAD_Pages/TaxTypeFilingYear_Page": null

2021-11-08 12:55:46 - [TEST_STEP][PASSED] - orPath_TaxPayer = "Object Repository/RAD_Pages/Taxpayer_Page": null

2021-11-08 12:55:46 - [TEST_STEP][PASSED] - orPath_AddressContact = "Object Repository/RAD_Pages/AddressAndContactInfo_Page": null

2021-11-08 12:55:46 - [TEST_STEP][PASSED] - orPath_FilingStatus = "Object Repository/RAD_Pages/FilingStatus_Page": null

2021-11-08 12:55:46 - [TEST_STEP][PASSED] - orPath_Amount = "Object Repository/RAD_Pages/PaymentAmount_Page": null

2021-11-08 12:55:46 - [TEST_STEP][PASSED] - orPath_TaxInfo = "Object Repository/RAD_Pages/TaxInfo_Page": null

2021-11-08 12:55:46 - [TEST_STEP][PASSED] - orPath_Withholding = "Object Repository/RAD_Pages/Withholding_Page": null

2021-11-08 12:55:46 - [TEST_STEP][PASSED] - orPath_Summary = "Object Repository/RAD_Pages/Summary_Page": null

2021-11-08 12:55:46 - [TEST_STEP][PASSED] - orPath_PaymentReady = "Object Repository/RAD_Pages/PaymentReady_Page": null

2021-11-08 12:55:46 - [TEST_STEP][PASSED] - orPath_PaymentEntry = "Object Repository/RAD_Pages/PaymentEntry_Page": null

2021-11-08 12:55:46 - [TEST_STEP][PASSED] - orPath_PaymentConfirmation = "Object Repository/RAD_Pages/PaymentConfirmation_Page": null

2021-11-08 12:55:46 - [TEST_STEP][PASSED] - orPath_ServiceFeesAccept = "Object Repository/RAD_Pages/ServiceFeeAccept_Page": null

2021-11-08 12:55:46 - [TEST_STEP][PASSED] - selectOptionByLabel(findTestObject(orPath_Landing + "/dd_TaxType"), Taxtype, false): All options with label 'Existing Liability' are selected in object 'Object Repository/RAD_Pages/Landing_Page/dd_TaxType' 

2021-11-08 12:55:46 - [MESSAGE][PASSED] - All options with label 'Existing Liability' are selected in object 'Object Repository/RAD_Pages/Landing_Page/dd_TaxType' 

2021-11-08 12:55:46 - [TEST_STEP][PASSED] - delay(1): Delayed 1 second(s)

2021-11-08 12:55:47 - [MESSAGE][PASSED] - Delayed 1 second(s)

2021-11-08 12:55:47 - [TEST_STEP][PASSED] - selectOptionByLabel(findTestObject(orPath_TaxTypeFilingYear + "/select_TaxType_ExistingLiability"), TaxTypeEL, false): All options with label 'PTE Tax (Partnership)' are selected in object 'Object Repository/RAD_Pages/TaxTypeFilingYear_Page/select_TaxType_ExistingLiability' 

2021-11-08 12:55:48 - [MESSAGE][PASSED] - All options with label 'PTE Tax (Partnership)' are selected in object 'Object Repository/RAD_Pages/TaxTypeFilingYear_Page/select_TaxType_ExistingLiability' 

2021-11-08 12:55:48 - [TEST_STEP][PASSED] - selectOptionByLabel(findTestObject(orPath_TaxTypeFilingYear + "/select_FilingYear"), FilingYear, false): All options with label '2021' are selected in object 'Object Repository/RAD_Pages/TaxTypeFilingYear_Page/select_FilingYear' 

2021-11-08 12:55:48 - [MESSAGE][PASSED] - All options with label '2021' are selected in object 'Object Repository/RAD_Pages/TaxTypeFilingYear_Page/select_FilingYear' 

2021-11-08 12:55:48 - [TEST_STEP][PASSED] - setText(findTestObject(orPath_TaxPayer + "/input_firstName"), FName): Text 'Stuart' is set on object 'Object Repository/RAD_Pages/Taxpayer_Page/input_firstName'

2021-11-08 12:55:49 - [MESSAGE][PASSED] - Text 'Stuart' is set on object 'Object Repository/RAD_Pages/Taxpayer_Page/input_firstName'

2021-11-08 12:55:49 - [TEST_STEP][PASSED] - setText(findTestObject(orPath_TaxPayer + "/input_lastName"), LName): Text 'Broad' is set on object 'Object Repository/RAD_Pages/Taxpayer_Page/input_lastName'

2021-11-08 12:55:50 - [MESSAGE][PASSED] - Text 'Broad' is set on object 'Object Repository/RAD_Pages/Taxpayer_Page/input_lastName'

2021-11-08 12:55:50 - [TEST_STEP][PASSED] - setText(findTestObject(orPath_TaxPayer + "/input_middleName"), "Johns"): Text 'Johns' is set on object 'Object Repository/RAD_Pages/Taxpayer_Page/input_middleName'

2021-11-08 12:55:50 - [MESSAGE][PASSED] - Text 'Johns' is set on object 'Object Repository/RAD_Pages/Taxpayer_Page/input_middleName'

2021-11-08 12:55:50 - [TEST_STEP][PASSED] - setText(findTestObject(orPath_TaxPayer + "/input_suffix"), "Sr"): Text 'Sr' is set on object 'Object Repository/RAD_Pages/Taxpayer_Page/input_suffix'

2021-11-08 12:55:51 - [MESSAGE][PASSED] - Text 'Sr' is set on object 'Object Repository/RAD_Pages/Taxpayer_Page/input_suffix'

2021-11-08 12:55:51 - [TEST_STEP][PASSED] - selectOptionByLabel(findTestObject(orPath_AddressContact + "/select_Country"), "United States", false): All options with label 'United States' are selected in object 'Object Repository/RAD_Pages/AddressAndContactInfo_Page/select_Country' 

2021-11-08 12:55:52 - [MESSAGE][PASSED] - All options with label 'United States' are selected in object 'Object Repository/RAD_Pages/AddressAndContactInfo_Page/select_Country' 

2021-11-08 12:55:52 - [TEST_STEP][PASSED] - setText(findTestObject(orPath_AddressContact + "/input_streetAddress1"), AL1): Text '36 Hoolan Ave' is set on object 'Object Repository/RAD_Pages/AddressAndContactInfo_Page/input_streetAddress1'

2021-11-08 12:55:52 - [MESSAGE][PASSED] - Text '36 Hoolan Ave' is set on object 'Object Repository/RAD_Pages/AddressAndContactInfo_Page/input_streetAddress1'

2021-11-08 12:55:52 - [TEST_STEP][PASSED] - setText(findTestObject(orPath_AddressContact + "/input_streetAddress2"), ""): Text '' is set on object 'Object Repository/RAD_Pages/AddressAndContactInfo_Page/input_streetAddress2'

2021-11-08 12:55:53 - [MESSAGE][PASSED] - Text '' is set on object 'Object Repository/RAD_Pages/AddressAndContactInfo_Page/input_streetAddress2'

2021-11-08 12:55:53 - [TEST_STEP][PASSED] - setText(findTestObject(orPath_AddressContact + "/input_city"), City): Text 'Huntsville' is set on object 'Object Repository/RAD_Pages/AddressAndContactInfo_Page/input_city'

2021-11-08 12:55:54 - [MESSAGE][PASSED] - Text 'Huntsville' is set on object 'Object Repository/RAD_Pages/AddressAndContactInfo_Page/input_city'

2021-11-08 12:55:54 - [TEST_STEP][PASSED] - selectOptionByLabel(findTestObject(orPath_AddressContact + "/select_State"), "Maryland", false): All options with label 'Maryland' are selected in object 'Object Repository/RAD_Pages/AddressAndContactInfo_Page/select_State' 

2021-11-08 12:55:54 - [MESSAGE][PASSED] - All options with label 'Maryland' are selected in object 'Object Repository/RAD_Pages/AddressAndContactInfo_Page/select_State' 

2021-11-08 12:55:54 - [TEST_STEP][PASSED] - setText(findTestObject(orPath_AddressContact + "/input_zipCode"), ZIP): Text '21093' is set on object 'Object Repository/RAD_Pages/AddressAndContactInfo_Page/input_zipCode'

2021-11-08 12:55:55 - [MESSAGE][PASSED] - Text '21093' is set on object 'Object Repository/RAD_Pages/AddressAndContactInfo_Page/input_zipCode'

2021-11-08 12:55:55 - [TEST_STEP][PASSED] - setText(findTestObject(orPath_AddressContact + "/input_phoneNumber"), "(703) 894-5000"): Text '(703) 894-5000' is set on object 'Object Repository/RAD_Pages/AddressAndContactInfo_Page/input_phoneNumber'

2021-11-08 12:55:56 - [MESSAGE][PASSED] - Text '(703) 894-5000' is set on object 'Object Repository/RAD_Pages/AddressAndContactInfo_Page/input_phoneNumber'

2021-11-08 12:55:56 - [TEST_STEP][PASSED] - setText(findTestObject(orPath_AddressContact + "/input_eMailAddress"), "iahmed@govolution.com"): Text 'iahmed@govolution.com' is set on object 'Object Repository/RAD_Pages/AddressAndContactInfo_Page/input_eMailAddress'

2021-11-08 12:55:56 - [MESSAGE][PASSED] - Text 'iahmed@govolution.com' is set on object 'Object Repository/RAD_Pages/AddressAndContactInfo_Page/input_eMailAddress'

2021-11-08 12:55:56 - [TEST_STEP][PASSED] - setText(findTestObject(orPath_AddressContact + "/input_reEnterEMailAddress"), "iahmed@govolution.com"): Text 'iahmed@govolution.com' is set on object 'Object Repository/RAD_Pages/AddressAndContactInfo_Page/input_reEnterEMailAddress'

2021-11-08 12:55:57 - [MESSAGE][PASSED] - Text 'iahmed@govolution.com' is set on object 'Object Repository/RAD_Pages/AddressAndContactInfo_Page/input_reEnterEMailAddress'

2021-11-08 12:55:57 - [TEST_STEP][PASSED] - if (!(SSN.isEmpty())): null

2021-11-08 12:55:57 - [TEST_STEP][PASSED] - scrollToElement(findTestObject(orPath_Amount + "/input__paymentAmount"), 3): Scroll to object 'Object Repository/RAD_Pages/PaymentAmount_Page/input__paymentAmount' successfully

2021-11-08 12:55:57 - [MESSAGE][PASSED] - Scroll to object 'Object Repository/RAD_Pages/PaymentAmount_Page/input__paymentAmount' successfully

2021-11-08 12:55:57 - [TEST_STEP][PASSED] - if (!(FEIN.isEmpty())): Text '258369262' is set on object 'Object Repository/RAD_Pages/TaxInfo_Page/input_ReTypeFEIN'

2021-11-08 12:55:57 - [TEST_STEP][PASSED] - setText(findTestObject(orPath_TaxInfo + "/input_FEIN"), FEIN): Text '258369262' is set on object 'Object Repository/RAD_Pages/TaxInfo_Page/input_FEIN'

2021-11-08 12:55:58 - [MESSAGE][PASSED] - Text '258369262' is set on object 'Object Repository/RAD_Pages/TaxInfo_Page/input_FEIN'

2021-11-08 12:55:58 - [TEST_STEP][PASSED] - setText(findTestObject(orPath_TaxInfo + "/input_ReTypeFEIN"), FEIN): Text '258369262' is set on object 'Object Repository/RAD_Pages/TaxInfo_Page/input_ReTypeFEIN'

2021-11-08 12:55:59 - [MESSAGE][PASSED] - Text '258369262' is set on object 'Object Repository/RAD_Pages/TaxInfo_Page/input_ReTypeFEIN'

2021-11-08 12:55:59 - [TEST_STEP][PASSED] - delay(1): Delayed 1 second(s)

2021-11-08 12:56:00 - [MESSAGE][PASSED] - Delayed 1 second(s)

2021-11-08 12:56:00 - [TEST_STEP][PASSED] - setText(findTestObject(orPath_TaxInfo + "/input_NoticeInvoiceNumber"), "258147147"): Text '258147147' is set on object 'Object Repository/RAD_Pages/TaxInfo_Page/input_NoticeInvoiceNumber'

2021-11-08 12:56:00 - [MESSAGE][PASSED] - Text '258147147' is set on object 'Object Repository/RAD_Pages/TaxInfo_Page/input_NoticeInvoiceNumber'

2021-11-08 12:56:00 - [TEST_STEP][PASSED] - setText(findTestObject(orPath_TaxInfo + "/input_reTypeNoticeInvoiceNumber"), "258147147"): Text '258147147' is set on object 'Object Repository/RAD_Pages/TaxInfo_Page/input_reTypeNoticeInvoiceNumber'

2021-11-08 12:56:01 - [MESSAGE][PASSED] - Text '258147147' is set on object 'Object Repository/RAD_Pages/TaxInfo_Page/input_reTypeNoticeInvoiceNumber'

2021-11-08 12:56:01 - [TEST_STEP][PASSED] - if (TaxTypeEL.equalsIgnoreCase("Sales & Use Tax")): null

2021-11-08 12:56:01 - [TEST_STEP][PASSED] - setText(findTestObject(orPath_Amount + "/input__paymentAmount"), Amount): Text '70.50' is set on object 'Object Repository/RAD_Pages/PaymentAmount_Page/input__paymentAmount'

2021-11-08 12:56:02 - [MESSAGE][PASSED] - Text '70.50' is set on object 'Object Repository/RAD_Pages/PaymentAmount_Page/input__paymentAmount'

2021-11-08 12:56:02 - [TEST_STEP][PASSED] - scrollToElement(findTestObject(orPath_Landing + "/button_Continue"), 3): Scroll to object 'Object Repository/RAD_Pages/Landing_Page/button_Continue' successfully

2021-11-08 12:56:02 - [MESSAGE][PASSED] - Scroll to object 'Object Repository/RAD_Pages/Landing_Page/button_Continue' successfully

2021-11-08 12:56:02 - [TEST_STEP][PASSED] - waitForElementClickable(findTestObject(orPath_Landing + "/button_Continue"), 5): Object 'Object Repository/RAD_Pages/Landing_Page/button_Continue' is clickable

2021-11-08 12:56:03 - [MESSAGE][PASSED] - Object 'Object Repository/RAD_Pages/Landing_Page/button_Continue' is clickable

2021-11-08 12:56:03 - [TEST_STEP][PASSED] - click(findTestObject(orPath_Landing + "/button_Continue")): Object: 'Object Repository/RAD_Pages/Landing_Page/button_Continue' is clicked on

2021-11-08 12:56:03 - [MESSAGE][PASSED] - Object: 'Object Repository/RAD_Pages/Landing_Page/button_Continue' is clicked on

2021-11-08 12:56:03 - [TEST_STEP][PASSED] - verifyTextPresent("Review the information below and make any necessary corrections by clicking the", true): Text 'Review the information below and make any necessary corrections by clicking the' is present on page  using regular expression

2021-11-08 12:56:04 - [MESSAGE][PASSED] - Text 'Review the information below and make any necessary corrections by clicking the' is present on page  using regular expression

2021-11-08 12:56:04 - [TEST_STEP][PASSED] - verifyTextPresent("When you are confident that all the information is correct", true): Text 'When you are confident that all the information is correct' is present on page  using regular expression

2021-11-08 12:56:04 - [MESSAGE][PASSED] - Text 'When you are confident that all the information is correct' is present on page  using regular expression

2021-11-08 12:56:04 - [TEST_STEP][PASSED] - delay(1): Delayed 1 second(s)

2021-11-08 12:56:05 - [MESSAGE][PASSED] - Delayed 1 second(s)

2021-11-08 12:56:05 - [TEST_STEP][PASSED] - click(findTestObject(orPath_PaymentReady + "/button_ProceedtoPayment")): Object: 'Object Repository/RAD_Pages/PaymentReady_Page/button_ProceedtoPayment' is clicked on

2021-11-08 12:56:07 - [MESSAGE][PASSED] - Object: 'Object Repository/RAD_Pages/PaymentReady_Page/button_ProceedtoPayment' is clicked on

2021-11-08 12:56:07 - [TEST_STEP][PASSED] - setText(findTestObject(orPath_PaymentEntry + "/input__cardNumber"), CCNumber): Text '4012000098765439' is set on object 'Object Repository/RAD_Pages/PaymentEntry_Page/input__cardNumber'

2021-11-08 12:56:08 - [MESSAGE][PASSED] - Text '4012000098765439' is set on object 'Object Repository/RAD_Pages/PaymentEntry_Page/input__cardNumber'

2021-11-08 12:56:08 - [TEST_STEP][PASSED] - setText(findTestObject(orPath_PaymentEntry + "/input__spc"), CVV): Text '123' is set on object 'Object Repository/RAD_Pages/PaymentEntry_Page/input__spc'

2021-11-08 12:56:09 - [MESSAGE][PASSED] - Text '123' is set on object 'Object Repository/RAD_Pages/PaymentEntry_Page/input__spc'

2021-11-08 12:56:09 - [TEST_STEP][PASSED] - selectOptionByLabel(findTestObject(orPath_PaymentEntry + "/select_MM"), "12", false): All options with label '12' are selected in object 'Object Repository/RAD_Pages/PaymentEntry_Page/select_MM' 

2021-11-08 12:56:09 - [MESSAGE][PASSED] - All options with label '12' are selected in object 'Object Repository/RAD_Pages/PaymentEntry_Page/select_MM' 

2021-11-08 12:56:09 - [TEST_STEP][PASSED] - selectOptionByLabel(findTestObject(orPath_PaymentEntry + "/select_YYYY"), "2023", false): All options with label '2023' are selected in object 'Object Repository/RAD_Pages/PaymentEntry_Page/select_YYYY' 

2021-11-08 12:56:10 - [MESSAGE][PASSED] - All options with label '2023' are selected in object 'Object Repository/RAD_Pages/PaymentEntry_Page/select_YYYY' 

2021-11-08 12:56:10 - [TEST_STEP][PASSED] - click(findTestObject(orPath_PaymentEntry + "/input_Field_ccSubmit")): Object: 'Object Repository/RAD_Pages/PaymentEntry_Page/input_Field_ccSubmit' is clicked on

2021-11-08 12:56:11 - [MESSAGE][PASSED] - Object: 'Object Repository/RAD_Pages/PaymentEntry_Page/input_Field_ccSubmit' is clicked on

2021-11-08 12:56:11 - [TEST_STEP][PASSED] - click(findTestObject(orPath_PaymentConfirmation + "/input_N_confirmNotifyAction")): Object: 'Object Repository/RAD_Pages/PaymentConfirmation_Page/input_N_confirmNotifyAction' is clicked on

2021-11-08 12:56:12 - [MESSAGE][PASSED] - Object: 'Object Repository/RAD_Pages/PaymentConfirmation_Page/input_N_confirmNotifyAction' is clicked on

2021-11-08 12:56:12 - [TEST_STEP][PASSED] - click(findTestObject(orPath_ServiceFeesAccept + "/input_convFeeNotifyAction")): Object: 'Object Repository/RAD_Pages/ServiceFeeAccept_Page/input_convFeeNotifyAction' is clicked on

2021-11-08 12:56:14 - [MESSAGE][PASSED] - Object: 'Object Repository/RAD_Pages/ServiceFeeAccept_Page/input_convFeeNotifyAction' is clicked on

2021-11-08 12:56:14 - [TEST_STEP][PASSED] - delay(10): Delayed 10 second(s)

2021-11-08 12:56:24 - [MESSAGE][PASSED] - Delayed 10 second(s)

2021-11-08 12:56:24 - [TEST_STEP][PASSED] - verifyTextPresent("Successful Payment Receipt", true): Text 'Successful Payment Receipt' is present on page  using regular expression

2021-11-08 12:56:24 - [MESSAGE][PASSED] - Text 'Successful Payment Receipt' is present on page  using regular expression

2021-11-08 12:56:24 - [TEST_STEP][PASSED] - if (verifyTextPresent("Successful Payment Receipt", true)): null

2021-11-08 12:56:24 - [MESSAGE][PASSED] - Text 'Successful Payment Receipt' is present on page  using regular expression

2021-11-08 12:56:24 - [TEST_STEP][PASSED] - println("Transaction was Successful"): null

2021-11-08 12:56:24 - [TEST_STEP][PASSED] - out.println("Pass Record Number: " + row): null

2021-11-08 12:56:24 - [TEST_STEP][PASSED] - resText = "Pass": null

2021-11-08 12:56:24 - [TEST_STEP][PASSED] - pages.WriteExcel.demoKey(resText, datText, resColumn, datCloumn, fileLoc, nameSheet, row): pages.WriteExcel.demoKey is PASSED

2021-11-08 12:56:24 - [MESSAGE][PASSED] - pages.WriteExcel.demoKey is PASSED

2021-11-08 12:56:24 - [TEST_STEP][PASSED] - ExecuteTC = findTestData(dataFile).getValue("Execute", row): null

2021-11-08 12:56:25 - [TEST_STEP][PASSED] - Taxtype = findTestData(dataFile).getValue("TaxType", row): null

2021-11-08 12:56:25 - [TEST_STEP][PASSED] - TaxTypeEL = findTestData(dataFile).getValue("TaxTypeEL", row): null

2021-11-08 12:56:25 - [TEST_STEP][PASSED] - FilingYear = findTestData(dataFile).getValue("FilingYear", row): null

2021-11-08 12:56:25 - [TEST_STEP][PASSED] - FName = findTestData(dataFile).getValue("Fname", row): null

2021-11-08 12:56:25 - [TEST_STEP][PASSED] - LName = findTestData(dataFile).getValue("Lname", row): null

2021-11-08 12:56:25 - [TEST_STEP][PASSED] - AL1 = findTestData(dataFile).getValue("AL1", row): null

2021-11-08 12:56:25 - [TEST_STEP][PASSED] - City = findTestData(dataFile).getValue("City", row): null

2021-11-08 12:56:25 - [TEST_STEP][PASSED] - ZIP = findTestData(dataFile).getValue("ZIP", row): null

2021-11-08 12:56:25 - [TEST_STEP][PASSED] - Amount = findTestData(dataFile).getValue("Amount", row): null

2021-11-08 12:56:25 - [TEST_STEP][PASSED] - CCNumber = findTestData(dataFile).getValue("CCNumber", row): null

2021-11-08 12:56:25 - [TEST_STEP][PASSED] - CVV = findTestData(dataFile).getValue("CVV", row): null

2021-11-08 12:56:25 - [TEST_STEP][PASSED] - SSN = findTestData(dataFile).getValue("SSN", row): null

2021-11-08 12:56:25 - [TEST_STEP][PASSED] - FEIN = findTestData(dataFile).getValue("FEIN", row): null

2021-11-08 12:56:25 - [TEST_STEP][PASSED] - out.println("Value of Execute is : " + ExecuteTC): null

2021-11-08 12:56:25 - [TEST_STEP][PASSED] - if (ExecuteTC.equalsIgnoreCase("Y")): null

2021-11-08 12:56:25 - [TEST_STEP][PASSED] - out.println("Begin Record Number: " + row): null

2021-11-08 12:56:25 - [TEST_STEP][PASSED] - today = new java.util.Date(): null

2021-11-08 12:56:25 - [TEST_STEP][PASSED] - println(today): null

2021-11-08 12:56:25 - [TEST_STEP][PASSED] - datText = today: null

2021-11-08 12:56:25 - [TEST_STEP][PASSED] - Taxtype = findTestData(dataFile).getValue("TaxType", row): null

2021-11-08 12:56:25 - [TEST_STEP][PASSED] - out.println("Taxtype value is : " + Taxtype): null

2021-11-08 12:56:25 - [TEST_STEP][PASSED] - openBrowser(""): Browser is opened with url: ''

2021-11-08 12:56:25 - [MESSAGE][WARNING] - A browser is already opened. Closing browser and opening a new one

2021-11-08 12:56:26 - [MESSAGE][INFO] - Starting 'Chrome' driver

2021-11-08 12:56:26 - [MESSAGE][INFO] - User set preference: ['acceptInsecureCerts', 'true']

2021-11-08 12:56:26 - [MESSAGE][INFO] - Action delay is set to 0 milliseconds

2021-11-08 12:56:27 - [MESSAGE][PASSED] - Browser is opened with url: ''

2021-11-08 12:56:27 - [TEST_STEP][PASSED] - maximizeWindow(): Current window maximized

2021-11-08 12:56:27 - [MESSAGE][PASSED] - Current window maximized

2021-11-08 12:56:27 - [TEST_STEP][PASSED] - navigateToUrl(RADurl): Navigate to 'https://qa.velocitypayment.com/client/rad/index.html' successfully

2021-11-08 12:56:29 - [MESSAGE][PASSED] - Navigate to 'https://qa.velocitypayment.com/client/rad/index.html' successfully

2021-11-08 12:56:29 - [TEST_STEP][PASSED] - orPath_Landing = "Object Repository/RAD_Pages/Landing_Page": null

2021-11-08 12:56:29 - [TEST_STEP][PASSED] - orPath_TaxTypeFilingYear = "Object Repository/RAD_Pages/TaxTypeFilingYear_Page": null

2021-11-08 12:56:29 - [TEST_STEP][PASSED] - orPath_TaxPayer = "Object Repository/RAD_Pages/Taxpayer_Page": null

2021-11-08 12:56:29 - [TEST_STEP][PASSED] - orPath_AddressContact = "Object Repository/RAD_Pages/AddressAndContactInfo_Page": null

2021-11-08 12:56:29 - [TEST_STEP][PASSED] - orPath_FilingStatus = "Object Repository/RAD_Pages/FilingStatus_Page": null

2021-11-08 12:56:29 - [TEST_STEP][PASSED] - orPath_Amount = "Object Repository/RAD_Pages/PaymentAmount_Page": null

2021-11-08 12:56:29 - [TEST_STEP][PASSED] - orPath_TaxInfo = "Object Repository/RAD_Pages/TaxInfo_Page": null

2021-11-08 12:56:29 - [TEST_STEP][PASSED] - orPath_Withholding = "Object Repository/RAD_Pages/Withholding_Page": null

2021-11-08 12:56:29 - [TEST_STEP][PASSED] - orPath_Summary = "Object Repository/RAD_Pages/Summary_Page": null

2021-11-08 12:56:29 - [TEST_STEP][PASSED] - orPath_PaymentReady = "Object Repository/RAD_Pages/PaymentReady_Page": null

2021-11-08 12:56:29 - [TEST_STEP][PASSED] - orPath_PaymentEntry = "Object Repository/RAD_Pages/PaymentEntry_Page": null

2021-11-08 12:56:29 - [TEST_STEP][PASSED] - orPath_PaymentConfirmation = "Object Repository/RAD_Pages/PaymentConfirmation_Page": null

2021-11-08 12:56:29 - [TEST_STEP][PASSED] - orPath_ServiceFeesAccept = "Object Repository/RAD_Pages/ServiceFeeAccept_Page": null

2021-11-08 12:56:29 - [TEST_STEP][PASSED] - selectOptionByLabel(findTestObject(orPath_Landing + "/dd_TaxType"), Taxtype, false): All options with label 'Existing Liability' are selected in object 'Object Repository/RAD_Pages/Landing_Page/dd_TaxType' 

2021-11-08 12:56:30 - [MESSAGE][PASSED] - All options with label 'Existing Liability' are selected in object 'Object Repository/RAD_Pages/Landing_Page/dd_TaxType' 

2021-11-08 12:56:30 - [TEST_STEP][PASSED] - delay(1): Delayed 1 second(s)

2021-11-08 12:56:31 - [MESSAGE][PASSED] - Delayed 1 second(s)

2021-11-08 12:56:31 - [TEST_STEP][PASSED] - selectOptionByLabel(findTestObject(orPath_TaxTypeFilingYear + "/select_TaxType_ExistingLiability"), TaxTypeEL, false): All options with label 'PTE Tax (LLC)' are selected in object 'Object Repository/RAD_Pages/TaxTypeFilingYear_Page/select_TaxType_ExistingLiability' 

2021-11-08 12:56:32 - [MESSAGE][PASSED] - All options with label 'PTE Tax (LLC)' are selected in object 'Object Repository/RAD_Pages/TaxTypeFilingYear_Page/select_TaxType_ExistingLiability' 

2021-11-08 12:56:32 - [TEST_STEP][PASSED] - selectOptionByLabel(findTestObject(orPath_TaxTypeFilingYear + "/select_FilingYear"), FilingYear, false): All options with label '2021' are selected in object 'Object Repository/RAD_Pages/TaxTypeFilingYear_Page/select_FilingYear' 

2021-11-08 12:56:32 - [MESSAGE][PASSED] - All options with label '2021' are selected in object 'Object Repository/RAD_Pages/TaxTypeFilingYear_Page/select_FilingYear' 

2021-11-08 12:56:32 - [TEST_STEP][PASSED] - setText(findTestObject(orPath_TaxPayer + "/input_firstName"), FName): Text 'Joshua' is set on object 'Object Repository/RAD_Pages/Taxpayer_Page/input_firstName'

2021-11-08 12:56:33 - [MESSAGE][PASSED] - Text 'Joshua' is set on object 'Object Repository/RAD_Pages/Taxpayer_Page/input_firstName'

2021-11-08 12:56:33 - [TEST_STEP][PASSED] - setText(findTestObject(orPath_TaxPayer + "/input_lastName"), LName): Text 'Cook' is set on object 'Object Repository/RAD_Pages/Taxpayer_Page/input_lastName'

2021-11-08 12:56:34 - [MESSAGE][PASSED] - Text 'Cook' is set on object 'Object Repository/RAD_Pages/Taxpayer_Page/input_lastName'

2021-11-08 12:56:34 - [TEST_STEP][PASSED] - setText(findTestObject(orPath_TaxPayer + "/input_middleName"), "Johns"): Text 'Johns' is set on object 'Object Repository/RAD_Pages/Taxpayer_Page/input_middleName'

2021-11-08 12:56:34 - [MESSAGE][PASSED] - Text 'Johns' is set on object 'Object Repository/RAD_Pages/Taxpayer_Page/input_middleName'

2021-11-08 12:56:34 - [TEST_STEP][PASSED] - setText(findTestObject(orPath_TaxPayer + "/input_suffix"), "Sr"): Text 'Sr' is set on object 'Object Repository/RAD_Pages/Taxpayer_Page/input_suffix'

2021-11-08 12:56:35 - [MESSAGE][PASSED] - Text 'Sr' is set on object 'Object Repository/RAD_Pages/Taxpayer_Page/input_suffix'

2021-11-08 12:56:35 - [TEST_STEP][PASSED] - selectOptionByLabel(findTestObject(orPath_AddressContact + "/select_Country"), "United States", false): All options with label 'United States' are selected in object 'Object Repository/RAD_Pages/AddressAndContactInfo_Page/select_Country' 

2021-11-08 12:56:36 - [MESSAGE][PASSED] - All options with label 'United States' are selected in object 'Object Repository/RAD_Pages/AddressAndContactInfo_Page/select_Country' 

2021-11-08 12:56:36 - [TEST_STEP][PASSED] - setText(findTestObject(orPath_AddressContact + "/input_streetAddress1"), AL1): Text '2311 York road' is set on object 'Object Repository/RAD_Pages/AddressAndContactInfo_Page/input_streetAddress1'

2021-11-08 12:56:36 - [MESSAGE][PASSED] - Text '2311 York road' is set on object 'Object Repository/RAD_Pages/AddressAndContactInfo_Page/input_streetAddress1'

2021-11-08 12:56:36 - [TEST_STEP][PASSED] - setText(findTestObject(orPath_AddressContact + "/input_streetAddress2"), ""): Text '' is set on object 'Object Repository/RAD_Pages/AddressAndContactInfo_Page/input_streetAddress2'

2021-11-08 12:56:37 - [MESSAGE][PASSED] - Text '' is set on object 'Object Repository/RAD_Pages/AddressAndContactInfo_Page/input_streetAddress2'

2021-11-08 12:56:37 - [TEST_STEP][PASSED] - setText(findTestObject(orPath_AddressContact + "/input_city"), City): Text 'Gambrills' is set on object 'Object Repository/RAD_Pages/AddressAndContactInfo_Page/input_city'

2021-11-08 12:56:37 - [MESSAGE][PASSED] - Text 'Gambrills' is set on object 'Object Repository/RAD_Pages/AddressAndContactInfo_Page/input_city'

2021-11-08 12:56:37 - [TEST_STEP][PASSED] - selectOptionByLabel(findTestObject(orPath_AddressContact + "/select_State"), "Maryland", false): All options with label 'Maryland' are selected in object 'Object Repository/RAD_Pages/AddressAndContactInfo_Page/select_State' 

2021-11-08 12:56:38 - [MESSAGE][PASSED] - All options with label 'Maryland' are selected in object 'Object Repository/RAD_Pages/AddressAndContactInfo_Page/select_State' 

2021-11-08 12:56:38 - [TEST_STEP][PASSED] - setText(findTestObject(orPath_AddressContact + "/input_zipCode"), ZIP): Text '21054' is set on object 'Object Repository/RAD_Pages/AddressAndContactInfo_Page/input_zipCode'

2021-11-08 12:56:39 - [MESSAGE][PASSED] - Text '21054' is set on object 'Object Repository/RAD_Pages/AddressAndContactInfo_Page/input_zipCode'

2021-11-08 12:56:39 - [TEST_STEP][PASSED] - setText(findTestObject(orPath_AddressContact + "/input_phoneNumber"), "(703) 894-5000"): Text '(703) 894-5000' is set on object 'Object Repository/RAD_Pages/AddressAndContactInfo_Page/input_phoneNumber'

2021-11-08 12:56:39 - [MESSAGE][PASSED] - Text '(703) 894-5000' is set on object 'Object Repository/RAD_Pages/AddressAndContactInfo_Page/input_phoneNumber'

2021-11-08 12:56:39 - [TEST_STEP][PASSED] - setText(findTestObject(orPath_AddressContact + "/input_eMailAddress"), "iahmed@govolution.com"): Text 'iahmed@govolution.com' is set on object 'Object Repository/RAD_Pages/AddressAndContactInfo_Page/input_eMailAddress'

2021-11-08 12:56:40 - [MESSAGE][PASSED] - Text 'iahmed@govolution.com' is set on object 'Object Repository/RAD_Pages/AddressAndContactInfo_Page/input_eMailAddress'

2021-11-08 12:56:40 - [TEST_STEP][PASSED] - setText(findTestObject(orPath_AddressContact + "/input_reEnterEMailAddress"), "iahmed@govolution.com"): Text 'iahmed@govolution.com' is set on object 'Object Repository/RAD_Pages/AddressAndContactInfo_Page/input_reEnterEMailAddress'

2021-11-08 12:56:41 - [MESSAGE][PASSED] - Text 'iahmed@govolution.com' is set on object 'Object Repository/RAD_Pages/AddressAndContactInfo_Page/input_reEnterEMailAddress'

2021-11-08 12:56:41 - [TEST_STEP][PASSED] - if (!(SSN.isEmpty())): Text '123450145' is set on object 'Object Repository/RAD_Pages/TaxInfo_Page/input_TaxInfo_reTaxTypeExisitingSSN'

2021-11-08 12:56:41 - [TEST_STEP][PASSED] - setText(findTestObject(orPath_TaxInfo + "/input_TaxInfo_ExisitingSSN"), SSN): Text '123450145' is set on object 'Object Repository/RAD_Pages/TaxInfo_Page/input_TaxInfo_ExisitingSSN'

2021-11-08 12:56:41 - [MESSAGE][PASSED] - Text '123450145' is set on object 'Object Repository/RAD_Pages/TaxInfo_Page/input_TaxInfo_ExisitingSSN'

2021-11-08 12:56:41 - [TEST_STEP][PASSED] - setText(findTestObject(orPath_TaxInfo + "/input_TaxInfo_reTaxTypeExisitingSSN"), SSN): Text '123450145' is set on object 'Object Repository/RAD_Pages/TaxInfo_Page/input_TaxInfo_reTaxTypeExisitingSSN'

2021-11-08 12:56:42 - [MESSAGE][PASSED] - Text '123450145' is set on object 'Object Repository/RAD_Pages/TaxInfo_Page/input_TaxInfo_reTaxTypeExisitingSSN'

2021-11-08 12:56:42 - [TEST_STEP][PASSED] - scrollToElement(findTestObject(orPath_Amount + "/input__paymentAmount"), 3): Scroll to object 'Object Repository/RAD_Pages/PaymentAmount_Page/input__paymentAmount' successfully

2021-11-08 12:56:42 - [MESSAGE][PASSED] - Scroll to object 'Object Repository/RAD_Pages/PaymentAmount_Page/input__paymentAmount' successfully

2021-11-08 12:56:42 - [TEST_STEP][PASSED] - if (!(FEIN.isEmpty())): null

2021-11-08 12:56:42 - [TEST_STEP][PASSED] - delay(1): Delayed 1 second(s)

2021-11-08 12:56:43 - [MESSAGE][PASSED] - Delayed 1 second(s)

2021-11-08 12:56:43 - [TEST_STEP][PASSED] - setText(findTestObject(orPath_TaxInfo + "/input_NoticeInvoiceNumber"), "258147147"): Text '258147147' is set on object 'Object Repository/RAD_Pages/TaxInfo_Page/input_NoticeInvoiceNumber'

2021-11-08 12:56:44 - [MESSAGE][PASSED] - Text '258147147' is set on object 'Object Repository/RAD_Pages/TaxInfo_Page/input_NoticeInvoiceNumber'

2021-11-08 12:56:44 - [TEST_STEP][PASSED] - setText(findTestObject(orPath_TaxInfo + "/input_reTypeNoticeInvoiceNumber"), "258147147"): Text '258147147' is set on object 'Object Repository/RAD_Pages/TaxInfo_Page/input_reTypeNoticeInvoiceNumber'

2021-11-08 12:56:45 - [MESSAGE][PASSED] - Text '258147147' is set on object 'Object Repository/RAD_Pages/TaxInfo_Page/input_reTypeNoticeInvoiceNumber'

2021-11-08 12:56:45 - [TEST_STEP][PASSED] - if (TaxTypeEL.equalsIgnoreCase("Sales & Use Tax")): null

2021-11-08 12:56:45 - [TEST_STEP][PASSED] - setText(findTestObject(orPath_Amount + "/input__paymentAmount"), Amount): Text '30.50' is set on object 'Object Repository/RAD_Pages/PaymentAmount_Page/input__paymentAmount'

2021-11-08 12:56:46 - [MESSAGE][PASSED] - Text '30.50' is set on object 'Object Repository/RAD_Pages/PaymentAmount_Page/input__paymentAmount'

2021-11-08 12:56:46 - [TEST_STEP][PASSED] - scrollToElement(findTestObject(orPath_Landing + "/button_Continue"), 3): Scroll to object 'Object Repository/RAD_Pages/Landing_Page/button_Continue' successfully

2021-11-08 12:56:46 - [MESSAGE][PASSED] - Scroll to object 'Object Repository/RAD_Pages/Landing_Page/button_Continue' successfully

2021-11-08 12:56:46 - [TEST_STEP][PASSED] - waitForElementClickable(findTestObject(orPath_Landing + "/button_Continue"), 5): Object 'Object Repository/RAD_Pages/Landing_Page/button_Continue' is clickable

2021-11-08 12:56:47 - [MESSAGE][PASSED] - Object 'Object Repository/RAD_Pages/Landing_Page/button_Continue' is clickable

2021-11-08 12:56:47 - [TEST_STEP][PASSED] - click(findTestObject(orPath_Landing + "/button_Continue")): Object: 'Object Repository/RAD_Pages/Landing_Page/button_Continue' is clicked on

2021-11-08 12:56:47 - [MESSAGE][PASSED] - Object: 'Object Repository/RAD_Pages/Landing_Page/button_Continue' is clicked on

2021-11-08 12:56:47 - [TEST_STEP][PASSED] - verifyTextPresent("Review the information below and make any necessary corrections by clicking the", true): Text 'Review the information below and make any necessary corrections by clicking the' is present on page  using regular expression

2021-11-08 12:56:48 - [MESSAGE][PASSED] - Text 'Review the information below and make any necessary corrections by clicking the' is present on page  using regular expression

2021-11-08 12:56:48 - [TEST_STEP][PASSED] - verifyTextPresent("When you are confident that all the information is correct", true): Text 'When you are confident that all the information is correct' is present on page  using regular expression

2021-11-08 12:56:48 - [MESSAGE][PASSED] - Text 'When you are confident that all the information is correct' is present on page  using regular expression

2021-11-08 12:56:48 - [TEST_STEP][PASSED] - delay(1): Delayed 1 second(s)

2021-11-08 12:56:49 - [MESSAGE][PASSED] - Delayed 1 second(s)

2021-11-08 12:56:49 - [TEST_STEP][PASSED] - click(findTestObject(orPath_PaymentReady + "/button_ProceedtoPayment")): Object: 'Object Repository/RAD_Pages/PaymentReady_Page/button_ProceedtoPayment' is clicked on

2021-11-08 12:56:51 - [MESSAGE][PASSED] - Object: 'Object Repository/RAD_Pages/PaymentReady_Page/button_ProceedtoPayment' is clicked on

2021-11-08 12:56:51 - [TEST_STEP][PASSED] - setText(findTestObject(orPath_PaymentEntry + "/input__cardNumber"), CCNumber): Text '5146312200000035' is set on object 'Object Repository/RAD_Pages/PaymentEntry_Page/input__cardNumber'

2021-11-08 12:56:52 - [MESSAGE][PASSED] - Text '5146312200000035' is set on object 'Object Repository/RAD_Pages/PaymentEntry_Page/input__cardNumber'

2021-11-08 12:56:52 - [TEST_STEP][PASSED] - setText(findTestObject(orPath_PaymentEntry + "/input__spc"), CVV): Text '123' is set on object 'Object Repository/RAD_Pages/PaymentEntry_Page/input__spc'

2021-11-08 12:56:52 - [MESSAGE][PASSED] - Text '123' is set on object 'Object Repository/RAD_Pages/PaymentEntry_Page/input__spc'

2021-11-08 12:56:52 - [TEST_STEP][PASSED] - selectOptionByLabel(findTestObject(orPath_PaymentEntry + "/select_MM"), "12", false): All options with label '12' are selected in object 'Object Repository/RAD_Pages/PaymentEntry_Page/select_MM' 

2021-11-08 12:56:53 - [MESSAGE][PASSED] - All options with label '12' are selected in object 'Object Repository/RAD_Pages/PaymentEntry_Page/select_MM' 

2021-11-08 12:56:53 - [TEST_STEP][PASSED] - selectOptionByLabel(findTestObject(orPath_PaymentEntry + "/select_YYYY"), "2023", false): All options with label '2023' are selected in object 'Object Repository/RAD_Pages/PaymentEntry_Page/select_YYYY' 

2021-11-08 12:56:54 - [MESSAGE][PASSED] - All options with label '2023' are selected in object 'Object Repository/RAD_Pages/PaymentEntry_Page/select_YYYY' 

2021-11-08 12:56:54 - [TEST_STEP][PASSED] - click(findTestObject(orPath_PaymentEntry + "/input_Field_ccSubmit")): Object: 'Object Repository/RAD_Pages/PaymentEntry_Page/input_Field_ccSubmit' is clicked on

2021-11-08 12:56:55 - [MESSAGE][PASSED] - Object: 'Object Repository/RAD_Pages/PaymentEntry_Page/input_Field_ccSubmit' is clicked on

2021-11-08 12:56:55 - [TEST_STEP][PASSED] - click(findTestObject(orPath_PaymentConfirmation + "/input_N_confirmNotifyAction")): Object: 'Object Repository/RAD_Pages/PaymentConfirmation_Page/input_N_confirmNotifyAction' is clicked on

2021-11-08 12:56:56 - [MESSAGE][PASSED] - Object: 'Object Repository/RAD_Pages/PaymentConfirmation_Page/input_N_confirmNotifyAction' is clicked on

2021-11-08 12:56:56 - [TEST_STEP][PASSED] - click(findTestObject(orPath_ServiceFeesAccept + "/input_convFeeNotifyAction")): Object: 'Object Repository/RAD_Pages/ServiceFeeAccept_Page/input_convFeeNotifyAction' is clicked on

2021-11-08 12:56:58 - [MESSAGE][PASSED] - Object: 'Object Repository/RAD_Pages/ServiceFeeAccept_Page/input_convFeeNotifyAction' is clicked on

2021-11-08 12:56:58 - [TEST_STEP][PASSED] - delay(10): Delayed 10 second(s)

2021-11-08 12:57:08 - [MESSAGE][PASSED] - Delayed 10 second(s)

2021-11-08 12:57:08 - [TEST_STEP][PASSED] - verifyTextPresent("Successful Payment Receipt", true): Text 'Successful Payment Receipt' is present on page  using regular expression

2021-11-08 12:57:08 - [MESSAGE][PASSED] - Text 'Successful Payment Receipt' is present on page  using regular expression

2021-11-08 12:57:08 - [TEST_STEP][PASSED] - if (verifyTextPresent("Successful Payment Receipt", true)): null

2021-11-08 12:57:08 - [MESSAGE][PASSED] - Text 'Successful Payment Receipt' is present on page  using regular expression

2021-11-08 12:57:08 - [TEST_STEP][PASSED] - println("Transaction was Successful"): null

2021-11-08 12:57:08 - [TEST_STEP][PASSED] - out.println("Pass Record Number: " + row): null

2021-11-08 12:57:08 - [TEST_STEP][PASSED] - resText = "Pass": null

2021-11-08 12:57:08 - [TEST_STEP][PASSED] - pages.WriteExcel.demoKey(resText, datText, resColumn, datCloumn, fileLoc, nameSheet, row): pages.WriteExcel.demoKey is PASSED

2021-11-08 12:57:08 - [MESSAGE][PASSED] - pages.WriteExcel.demoKey is PASSED

2021-11-08 12:57:08 - [TEST_STEP][PASSED] - ExecuteTC = findTestData(dataFile).getValue("Execute", row): null

2021-11-08 12:57:08 - [TEST_STEP][PASSED] - Taxtype = findTestData(dataFile).getValue("TaxType", row): null

2021-11-08 12:57:08 - [TEST_STEP][PASSED] - TaxTypeEL = findTestData(dataFile).getValue("TaxTypeEL", row): null

2021-11-08 12:57:08 - [TEST_STEP][PASSED] - FilingYear = findTestData(dataFile).getValue("FilingYear", row): null

2021-11-08 12:57:08 - [TEST_STEP][PASSED] - FName = findTestData(dataFile).getValue("Fname", row): null

2021-11-08 12:57:08 - [TEST_STEP][PASSED] - LName = findTestData(dataFile).getValue("Lname", row): null

2021-11-08 12:57:08 - [TEST_STEP][PASSED] - AL1 = findTestData(dataFile).getValue("AL1", row): null

2021-11-08 12:57:08 - [TEST_STEP][PASSED] - City = findTestData(dataFile).getValue("City", row): null

2021-11-08 12:57:08 - [TEST_STEP][PASSED] - ZIP = findTestData(dataFile).getValue("ZIP", row): null

2021-11-08 12:57:09 - [TEST_STEP][PASSED] - Amount = findTestData(dataFile).getValue("Amount", row): null

2021-11-08 12:57:09 - [TEST_STEP][PASSED] - CCNumber = findTestData(dataFile).getValue("CCNumber", row): null

2021-11-08 12:57:09 - [TEST_STEP][PASSED] - CVV = findTestData(dataFile).getValue("CVV", row): null

2021-11-08 12:57:09 - [TEST_STEP][PASSED] - SSN = findTestData(dataFile).getValue("SSN", row): null

2021-11-08 12:57:09 - [TEST_STEP][PASSED] - FEIN = findTestData(dataFile).getValue("FEIN", row): null

2021-11-08 12:57:09 - [TEST_STEP][PASSED] - out.println("Value of Execute is : " + ExecuteTC): null

2021-11-08 12:57:09 - [TEST_STEP][PASSED] - if (ExecuteTC.equalsIgnoreCase("Y")): null

2021-11-08 12:57:09 - [TEST_STEP][PASSED] - out.println("Begin Record Number: " + row): null

2021-11-08 12:57:09 - [TEST_STEP][PASSED] - today = new java.util.Date(): null

2021-11-08 12:57:09 - [TEST_STEP][PASSED] - println(today): null

2021-11-08 12:57:09 - [TEST_STEP][PASSED] - datText = today: null

2021-11-08 12:57:09 - [TEST_STEP][PASSED] - Taxtype = findTestData(dataFile).getValue("TaxType", row): null

2021-11-08 12:57:09 - [TEST_STEP][PASSED] - out.println("Taxtype value is : " + Taxtype): null

2021-11-08 12:57:09 - [TEST_STEP][PASSED] - openBrowser(""): Browser is opened with url: ''

2021-11-08 12:57:09 - [MESSAGE][WARNING] - A browser is already opened. Closing browser and opening a new one

2021-11-08 12:57:10 - [MESSAGE][INFO] - Starting 'Chrome' driver

2021-11-08 12:57:10 - [MESSAGE][INFO] - User set preference: ['acceptInsecureCerts', 'true']

2021-11-08 12:57:10 - [MESSAGE][INFO] - Action delay is set to 0 milliseconds

2021-11-08 12:57:11 - [MESSAGE][PASSED] - Browser is opened with url: ''

2021-11-08 12:57:11 - [TEST_STEP][PASSED] - maximizeWindow(): Current window maximized

2021-11-08 12:57:11 - [MESSAGE][PASSED] - Current window maximized

2021-11-08 12:57:11 - [TEST_STEP][PASSED] - navigateToUrl(RADurl): Navigate to 'https://qa.velocitypayment.com/client/rad/index.html' successfully

2021-11-08 12:57:13 - [MESSAGE][PASSED] - Navigate to 'https://qa.velocitypayment.com/client/rad/index.html' successfully

2021-11-08 12:57:13 - [TEST_STEP][PASSED] - orPath_Landing = "Object Repository/RAD_Pages/Landing_Page": null

2021-11-08 12:57:13 - [TEST_STEP][PASSED] - orPath_TaxTypeFilingYear = "Object Repository/RAD_Pages/TaxTypeFilingYear_Page": null

2021-11-08 12:57:13 - [TEST_STEP][PASSED] - orPath_TaxPayer = "Object Repository/RAD_Pages/Taxpayer_Page": null

2021-11-08 12:57:13 - [TEST_STEP][PASSED] - orPath_AddressContact = "Object Repository/RAD_Pages/AddressAndContactInfo_Page": null

2021-11-08 12:57:13 - [TEST_STEP][PASSED] - orPath_FilingStatus = "Object Repository/RAD_Pages/FilingStatus_Page": null

2021-11-08 12:57:13 - [TEST_STEP][PASSED] - orPath_Amount = "Object Repository/RAD_Pages/PaymentAmount_Page": null

2021-11-08 12:57:13 - [TEST_STEP][PASSED] - orPath_TaxInfo = "Object Repository/RAD_Pages/TaxInfo_Page": null

2021-11-08 12:57:13 - [TEST_STEP][PASSED] - orPath_Withholding = "Object Repository/RAD_Pages/Withholding_Page": null

2021-11-08 12:57:13 - [TEST_STEP][PASSED] - orPath_Summary = "Object Repository/RAD_Pages/Summary_Page": null

2021-11-08 12:57:13 - [TEST_STEP][PASSED] - orPath_PaymentReady = "Object Repository/RAD_Pages/PaymentReady_Page": null

2021-11-08 12:57:13 - [TEST_STEP][PASSED] - orPath_PaymentEntry = "Object Repository/RAD_Pages/PaymentEntry_Page": null

2021-11-08 12:57:13 - [TEST_STEP][PASSED] - orPath_PaymentConfirmation = "Object Repository/RAD_Pages/PaymentConfirmation_Page": null

2021-11-08 12:57:13 - [TEST_STEP][PASSED] - orPath_ServiceFeesAccept = "Object Repository/RAD_Pages/ServiceFeeAccept_Page": null

2021-11-08 12:57:13 - [TEST_STEP][PASSED] - selectOptionByLabel(findTestObject(orPath_Landing + "/dd_TaxType"), Taxtype, false): All options with label 'Existing Liability' are selected in object 'Object Repository/RAD_Pages/Landing_Page/dd_TaxType' 

2021-11-08 12:57:14 - [MESSAGE][PASSED] - All options with label 'Existing Liability' are selected in object 'Object Repository/RAD_Pages/Landing_Page/dd_TaxType' 

2021-11-08 12:57:14 - [TEST_STEP][PASSED] - delay(1): Delayed 1 second(s)

2021-11-08 12:57:15 - [MESSAGE][PASSED] - Delayed 1 second(s)

2021-11-08 12:57:15 - [TEST_STEP][PASSED] - selectOptionByLabel(findTestObject(orPath_TaxTypeFilingYear + "/select_TaxType_ExistingLiability"), TaxTypeEL, false): All options with label 'PTE Tax (LLC)' are selected in object 'Object Repository/RAD_Pages/TaxTypeFilingYear_Page/select_TaxType_ExistingLiability' 

2021-11-08 12:57:15 - [MESSAGE][PASSED] - All options with label 'PTE Tax (LLC)' are selected in object 'Object Repository/RAD_Pages/TaxTypeFilingYear_Page/select_TaxType_ExistingLiability' 

2021-11-08 12:57:15 - [TEST_STEP][PASSED] - selectOptionByLabel(findTestObject(orPath_TaxTypeFilingYear + "/select_FilingYear"), FilingYear, false): All options with label '2021' are selected in object 'Object Repository/RAD_Pages/TaxTypeFilingYear_Page/select_FilingYear' 

2021-11-08 12:57:16 - [MESSAGE][PASSED] - All options with label '2021' are selected in object 'Object Repository/RAD_Pages/TaxTypeFilingYear_Page/select_FilingYear' 

2021-11-08 12:57:16 - [TEST_STEP][PASSED] - setText(findTestObject(orPath_TaxPayer + "/input_firstName"), FName): Text 'Joshua' is set on object 'Object Repository/RAD_Pages/Taxpayer_Page/input_firstName'

2021-11-08 12:57:17 - [MESSAGE][PASSED] - Text 'Joshua' is set on object 'Object Repository/RAD_Pages/Taxpayer_Page/input_firstName'

2021-11-08 12:57:17 - [TEST_STEP][PASSED] - setText(findTestObject(orPath_TaxPayer + "/input_lastName"), LName): Text 'Cook' is set on object 'Object Repository/RAD_Pages/Taxpayer_Page/input_lastName'

2021-11-08 12:57:17 - [MESSAGE][PASSED] - Text 'Cook' is set on object 'Object Repository/RAD_Pages/Taxpayer_Page/input_lastName'

2021-11-08 12:57:17 - [TEST_STEP][PASSED] - setText(findTestObject(orPath_TaxPayer + "/input_middleName"), "Johns"): Text 'Johns' is set on object 'Object Repository/RAD_Pages/Taxpayer_Page/input_middleName'

2021-11-08 12:57:18 - [MESSAGE][PASSED] - Text 'Johns' is set on object 'Object Repository/RAD_Pages/Taxpayer_Page/input_middleName'

2021-11-08 12:57:18 - [TEST_STEP][PASSED] - setText(findTestObject(orPath_TaxPayer + "/input_suffix"), "Sr"): Text 'Sr' is set on object 'Object Repository/RAD_Pages/Taxpayer_Page/input_suffix'

2021-11-08 12:57:19 - [MESSAGE][PASSED] - Text 'Sr' is set on object 'Object Repository/RAD_Pages/Taxpayer_Page/input_suffix'

2021-11-08 12:57:19 - [TEST_STEP][PASSED] - selectOptionByLabel(findTestObject(orPath_AddressContact + "/select_Country"), "United States", false): All options with label 'United States' are selected in object 'Object Repository/RAD_Pages/AddressAndContactInfo_Page/select_Country' 

2021-11-08 12:57:19 - [MESSAGE][PASSED] - All options with label 'United States' are selected in object 'Object Repository/RAD_Pages/AddressAndContactInfo_Page/select_Country' 

2021-11-08 12:57:19 - [TEST_STEP][PASSED] - setText(findTestObject(orPath_AddressContact + "/input_streetAddress1"), AL1): Text '2311 York road' is set on object 'Object Repository/RAD_Pages/AddressAndContactInfo_Page/input_streetAddress1'

2021-11-08 12:57:20 - [MESSAGE][PASSED] - Text '2311 York road' is set on object 'Object Repository/RAD_Pages/AddressAndContactInfo_Page/input_streetAddress1'

2021-11-08 12:57:20 - [TEST_STEP][PASSED] - setText(findTestObject(orPath_AddressContact + "/input_streetAddress2"), ""): Text '' is set on object 'Object Repository/RAD_Pages/AddressAndContactInfo_Page/input_streetAddress2'

2021-11-08 12:57:20 - [MESSAGE][PASSED] - Text '' is set on object 'Object Repository/RAD_Pages/AddressAndContactInfo_Page/input_streetAddress2'

2021-11-08 12:57:20 - [TEST_STEP][PASSED] - setText(findTestObject(orPath_AddressContact + "/input_city"), City): Text 'Gambrills' is set on object 'Object Repository/RAD_Pages/AddressAndContactInfo_Page/input_city'

2021-11-08 12:57:21 - [MESSAGE][PASSED] - Text 'Gambrills' is set on object 'Object Repository/RAD_Pages/AddressAndContactInfo_Page/input_city'

2021-11-08 12:57:21 - [TEST_STEP][PASSED] - selectOptionByLabel(findTestObject(orPath_AddressContact + "/select_State"), "Maryland", false): All options with label 'Maryland' are selected in object 'Object Repository/RAD_Pages/AddressAndContactInfo_Page/select_State' 

2021-11-08 12:57:22 - [MESSAGE][PASSED] - All options with label 'Maryland' are selected in object 'Object Repository/RAD_Pages/AddressAndContactInfo_Page/select_State' 

2021-11-08 12:57:22 - [TEST_STEP][PASSED] - setText(findTestObject(orPath_AddressContact + "/input_zipCode"), ZIP): Text '21054' is set on object 'Object Repository/RAD_Pages/AddressAndContactInfo_Page/input_zipCode'

2021-11-08 12:57:22 - [MESSAGE][PASSED] - Text '21054' is set on object 'Object Repository/RAD_Pages/AddressAndContactInfo_Page/input_zipCode'

2021-11-08 12:57:22 - [TEST_STEP][PASSED] - setText(findTestObject(orPath_AddressContact + "/input_phoneNumber"), "(703) 894-5000"): Text '(703) 894-5000' is set on object 'Object Repository/RAD_Pages/AddressAndContactInfo_Page/input_phoneNumber'

2021-11-08 12:57:23 - [MESSAGE][PASSED] - Text '(703) 894-5000' is set on object 'Object Repository/RAD_Pages/AddressAndContactInfo_Page/input_phoneNumber'

2021-11-08 12:57:23 - [TEST_STEP][PASSED] - setText(findTestObject(orPath_AddressContact + "/input_eMailAddress"), "iahmed@govolution.com"): Text 'iahmed@govolution.com' is set on object 'Object Repository/RAD_Pages/AddressAndContactInfo_Page/input_eMailAddress'

2021-11-08 12:57:24 - [MESSAGE][PASSED] - Text 'iahmed@govolution.com' is set on object 'Object Repository/RAD_Pages/AddressAndContactInfo_Page/input_eMailAddress'

2021-11-08 12:57:24 - [TEST_STEP][PASSED] - setText(findTestObject(orPath_AddressContact + "/input_reEnterEMailAddress"), "iahmed@govolution.com"): Text 'iahmed@govolution.com' is set on object 'Object Repository/RAD_Pages/AddressAndContactInfo_Page/input_reEnterEMailAddress'

2021-11-08 12:57:24 - [MESSAGE][PASSED] - Text 'iahmed@govolution.com' is set on object 'Object Repository/RAD_Pages/AddressAndContactInfo_Page/input_reEnterEMailAddress'

2021-11-08 12:57:24 - [TEST_STEP][PASSED] - if (!(SSN.isEmpty())): null

2021-11-08 12:57:24 - [TEST_STEP][PASSED] - scrollToElement(findTestObject(orPath_Amount + "/input__paymentAmount"), 3): Scroll to object 'Object Repository/RAD_Pages/PaymentAmount_Page/input__paymentAmount' successfully

2021-11-08 12:57:25 - [MESSAGE][PASSED] - Scroll to object 'Object Repository/RAD_Pages/PaymentAmount_Page/input__paymentAmount' successfully

2021-11-08 12:57:25 - [TEST_STEP][PASSED] - if (!(FEIN.isEmpty())): Text '258369263' is set on object 'Object Repository/RAD_Pages/TaxInfo_Page/input_ReTypeFEIN'

2021-11-08 12:57:25 - [TEST_STEP][PASSED] - setText(findTestObject(orPath_TaxInfo + "/input_FEIN"), FEIN): Text '258369263' is set on object 'Object Repository/RAD_Pages/TaxInfo_Page/input_FEIN'

2021-11-08 12:57:25 - [MESSAGE][PASSED] - Text '258369263' is set on object 'Object Repository/RAD_Pages/TaxInfo_Page/input_FEIN'

2021-11-08 12:57:25 - [TEST_STEP][PASSED] - setText(findTestObject(orPath_TaxInfo + "/input_ReTypeFEIN"), FEIN): Text '258369263' is set on object 'Object Repository/RAD_Pages/TaxInfo_Page/input_ReTypeFEIN'

2021-11-08 12:57:26 - [MESSAGE][PASSED] - Text '258369263' is set on object 'Object Repository/RAD_Pages/TaxInfo_Page/input_ReTypeFEIN'

2021-11-08 12:57:26 - [TEST_STEP][PASSED] - delay(1): Delayed 1 second(s)

2021-11-08 12:57:27 - [MESSAGE][PASSED] - Delayed 1 second(s)

2021-11-08 12:57:27 - [TEST_STEP][PASSED] - setText(findTestObject(orPath_TaxInfo + "/input_NoticeInvoiceNumber"), "258147147"): Text '258147147' is set on object 'Object Repository/RAD_Pages/TaxInfo_Page/input_NoticeInvoiceNumber'

2021-11-08 12:57:28 - [MESSAGE][PASSED] - Text '258147147' is set on object 'Object Repository/RAD_Pages/TaxInfo_Page/input_NoticeInvoiceNumber'

2021-11-08 12:57:28 - [TEST_STEP][PASSED] - setText(findTestObject(orPath_TaxInfo + "/input_reTypeNoticeInvoiceNumber"), "258147147"): Text '258147147' is set on object 'Object Repository/RAD_Pages/TaxInfo_Page/input_reTypeNoticeInvoiceNumber'

2021-11-08 12:57:29 - [MESSAGE][PASSED] - Text '258147147' is set on object 'Object Repository/RAD_Pages/TaxInfo_Page/input_reTypeNoticeInvoiceNumber'

2021-11-08 12:57:29 - [TEST_STEP][PASSED] - if (TaxTypeEL.equalsIgnoreCase("Sales & Use Tax")): null

2021-11-08 12:57:29 - [TEST_STEP][PASSED] - setText(findTestObject(orPath_Amount + "/input__paymentAmount"), Amount): Text '30.50' is set on object 'Object Repository/RAD_Pages/PaymentAmount_Page/input__paymentAmount'

2021-11-08 12:57:29 - [MESSAGE][PASSED] - Text '30.50' is set on object 'Object Repository/RAD_Pages/PaymentAmount_Page/input__paymentAmount'

2021-11-08 12:57:29 - [TEST_STEP][PASSED] - scrollToElement(findTestObject(orPath_Landing + "/button_Continue"), 3): Scroll to object 'Object Repository/RAD_Pages/Landing_Page/button_Continue' successfully

2021-11-08 12:57:30 - [MESSAGE][PASSED] - Scroll to object 'Object Repository/RAD_Pages/Landing_Page/button_Continue' successfully

2021-11-08 12:57:30 - [TEST_STEP][PASSED] - waitForElementClickable(findTestObject(orPath_Landing + "/button_Continue"), 5): Object 'Object Repository/RAD_Pages/Landing_Page/button_Continue' is clickable

2021-11-08 12:57:30 - [MESSAGE][PASSED] - Object 'Object Repository/RAD_Pages/Landing_Page/button_Continue' is clickable

2021-11-08 12:57:30 - [TEST_STEP][PASSED] - click(findTestObject(orPath_Landing + "/button_Continue")): Object: 'Object Repository/RAD_Pages/Landing_Page/button_Continue' is clicked on

2021-11-08 12:57:31 - [MESSAGE][PASSED] - Object: 'Object Repository/RAD_Pages/Landing_Page/button_Continue' is clicked on

2021-11-08 12:57:31 - [TEST_STEP][PASSED] - verifyTextPresent("Review the information below and make any necessary corrections by clicking the", true): Text 'Review the information below and make any necessary corrections by clicking the' is present on page  using regular expression

2021-11-08 12:57:31 - [MESSAGE][PASSED] - Text 'Review the information below and make any necessary corrections by clicking the' is present on page  using regular expression

2021-11-08 12:57:31 - [TEST_STEP][PASSED] - verifyTextPresent("When you are confident that all the information is correct", true): Text 'When you are confident that all the information is correct' is present on page  using regular expression

2021-11-08 12:57:31 - [MESSAGE][PASSED] - Text 'When you are confident that all the information is correct' is present on page  using regular expression

2021-11-08 12:57:31 - [TEST_STEP][PASSED] - delay(1): Delayed 1 second(s)

2021-11-08 12:57:32 - [MESSAGE][PASSED] - Delayed 1 second(s)

2021-11-08 12:57:32 - [TEST_STEP][PASSED] - click(findTestObject(orPath_PaymentReady + "/button_ProceedtoPayment")): Object: 'Object Repository/RAD_Pages/PaymentReady_Page/button_ProceedtoPayment' is clicked on

2021-11-08 12:57:34 - [MESSAGE][PASSED] - Object: 'Object Repository/RAD_Pages/PaymentReady_Page/button_ProceedtoPayment' is clicked on

2021-11-08 12:57:34 - [TEST_STEP][PASSED] - setText(findTestObject(orPath_PaymentEntry + "/input__cardNumber"), CCNumber): Text '5146312200000035' is set on object 'Object Repository/RAD_Pages/PaymentEntry_Page/input__cardNumber'

2021-11-08 12:57:35 - [MESSAGE][PASSED] - Text '5146312200000035' is set on object 'Object Repository/RAD_Pages/PaymentEntry_Page/input__cardNumber'

2021-11-08 12:57:35 - [TEST_STEP][PASSED] - setText(findTestObject(orPath_PaymentEntry + "/input__spc"), CVV): Text '123' is set on object 'Object Repository/RAD_Pages/PaymentEntry_Page/input__spc'

2021-11-08 12:57:36 - [MESSAGE][PASSED] - Text '123' is set on object 'Object Repository/RAD_Pages/PaymentEntry_Page/input__spc'

2021-11-08 12:57:36 - [TEST_STEP][PASSED] - selectOptionByLabel(findTestObject(orPath_PaymentEntry + "/select_MM"), "12", false): All options with label '12' are selected in object 'Object Repository/RAD_Pages/PaymentEntry_Page/select_MM' 

2021-11-08 12:57:37 - [MESSAGE][PASSED] - All options with label '12' are selected in object 'Object Repository/RAD_Pages/PaymentEntry_Page/select_MM' 

2021-11-08 12:57:37 - [TEST_STEP][PASSED] - selectOptionByLabel(findTestObject(orPath_PaymentEntry + "/select_YYYY"), "2023", false): All options with label '2023' are selected in object 'Object Repository/RAD_Pages/PaymentEntry_Page/select_YYYY' 

2021-11-08 12:57:37 - [MESSAGE][PASSED] - All options with label '2023' are selected in object 'Object Repository/RAD_Pages/PaymentEntry_Page/select_YYYY' 

2021-11-08 12:57:37 - [TEST_STEP][PASSED] - click(findTestObject(orPath_PaymentEntry + "/input_Field_ccSubmit")): Object: 'Object Repository/RAD_Pages/PaymentEntry_Page/input_Field_ccSubmit' is clicked on

2021-11-08 12:57:38 - [MESSAGE][PASSED] - Object: 'Object Repository/RAD_Pages/PaymentEntry_Page/input_Field_ccSubmit' is clicked on

2021-11-08 12:57:38 - [TEST_STEP][PASSED] - click(findTestObject(orPath_PaymentConfirmation + "/input_N_confirmNotifyAction")): Object: 'Object Repository/RAD_Pages/PaymentConfirmation_Page/input_N_confirmNotifyAction' is clicked on

2021-11-08 12:57:39 - [MESSAGE][PASSED] - Object: 'Object Repository/RAD_Pages/PaymentConfirmation_Page/input_N_confirmNotifyAction' is clicked on

2021-11-08 12:57:39 - [TEST_STEP][PASSED] - click(findTestObject(orPath_ServiceFeesAccept + "/input_convFeeNotifyAction")): Object: 'Object Repository/RAD_Pages/ServiceFeeAccept_Page/input_convFeeNotifyAction' is clicked on

2021-11-08 12:57:41 - [MESSAGE][PASSED] - Object: 'Object Repository/RAD_Pages/ServiceFeeAccept_Page/input_convFeeNotifyAction' is clicked on

2021-11-08 12:57:41 - [TEST_STEP][PASSED] - delay(10): Delayed 10 second(s)

2021-11-08 12:57:51 - [MESSAGE][PASSED] - Delayed 10 second(s)

2021-11-08 12:57:51 - [TEST_STEP][PASSED] - verifyTextPresent("Successful Payment Receipt", true): Text 'Successful Payment Receipt' is present on page  using regular expression

2021-11-08 12:57:51 - [MESSAGE][PASSED] - Text 'Successful Payment Receipt' is present on page  using regular expression

2021-11-08 12:57:51 - [TEST_STEP][PASSED] - if (verifyTextPresent("Successful Payment Receipt", true)): null

2021-11-08 12:57:52 - [MESSAGE][PASSED] - Text 'Successful Payment Receipt' is present on page  using regular expression

2021-11-08 12:57:52 - [TEST_STEP][PASSED] - println("Transaction was Successful"): null

2021-11-08 12:57:52 - [TEST_STEP][PASSED] - out.println("Pass Record Number: " + row): null

2021-11-08 12:57:52 - [TEST_STEP][PASSED] - resText = "Pass": null

2021-11-08 12:57:52 - [TEST_STEP][PASSED] - pages.WriteExcel.demoKey(resText, datText, resColumn, datCloumn, fileLoc, nameSheet, row): pages.WriteExcel.demoKey is PASSED

2021-11-08 12:57:52 - [MESSAGE][PASSED] - pages.WriteExcel.demoKey is PASSED

2021-11-08 12:57:52 - [TEST_STEP][PASSED] - ExecuteTC = findTestData(dataFile).getValue("Execute", row): null

2021-11-08 12:57:52 - [TEST_STEP][PASSED] - Taxtype = findTestData(dataFile).getValue("TaxType", row): null

2021-11-08 12:57:52 - [TEST_STEP][PASSED] - TaxTypeEL = findTestData(dataFile).getValue("TaxTypeEL", row): null

2021-11-08 12:57:52 - [TEST_STEP][PASSED] - FilingYear = findTestData(dataFile).getValue("FilingYear", row): null

2021-11-08 12:57:52 - [TEST_STEP][PASSED] - FName = findTestData(dataFile).getValue("Fname", row): null

2021-11-08 12:57:52 - [TEST_STEP][PASSED] - LName = findTestData(dataFile).getValue("Lname", row): null

2021-11-08 12:57:52 - [TEST_STEP][PASSED] - AL1 = findTestData(dataFile).getValue("AL1", row): null

2021-11-08 12:57:52 - [TEST_STEP][PASSED] - City = findTestData(dataFile).getValue("City", row): null

2021-11-08 12:57:52 - [TEST_STEP][PASSED] - ZIP = findTestData(dataFile).getValue("ZIP", row): null

2021-11-08 12:57:52 - [TEST_STEP][PASSED] - Amount = findTestData(dataFile).getValue("Amount", row): null

2021-11-08 12:57:52 - [TEST_STEP][PASSED] - CCNumber = findTestData(dataFile).getValue("CCNumber", row): null

2021-11-08 12:57:52 - [TEST_STEP][PASSED] - CVV = findTestData(dataFile).getValue("CVV", row): null

2021-11-08 12:57:52 - [TEST_STEP][PASSED] - SSN = findTestData(dataFile).getValue("SSN", row): null

2021-11-08 12:57:52 - [TEST_STEP][PASSED] - FEIN = findTestData(dataFile).getValue("FEIN", row): null

2021-11-08 12:57:52 - [TEST_STEP][PASSED] - out.println("Value of Execute is : " + ExecuteTC): null

2021-11-08 12:57:52 - [TEST_STEP][PASSED] - if (ExecuteTC.equalsIgnoreCase("Y")): null

2021-11-08 12:57:52 - [TEST_STEP][PASSED] - out.println("Begin Record Number: " + row): null

2021-11-08 12:57:52 - [TEST_STEP][PASSED] - today = new java.util.Date(): null

2021-11-08 12:57:52 - [TEST_STEP][PASSED] - println(today): null

2021-11-08 12:57:52 - [TEST_STEP][PASSED] - datText = today: null

2021-11-08 12:57:52 - [TEST_STEP][PASSED] - Taxtype = findTestData(dataFile).getValue("TaxType", row): null

2021-11-08 12:57:52 - [TEST_STEP][PASSED] - out.println("Taxtype value is : " + Taxtype): null

2021-11-08 12:57:52 - [TEST_STEP][PASSED] - openBrowser(""): Browser is opened with url: ''

2021-11-08 12:57:52 - [MESSAGE][WARNING] - A browser is already opened. Closing browser and opening a new one

2021-11-08 12:57:53 - [MESSAGE][INFO] - Starting 'Chrome' driver

2021-11-08 12:57:53 - [MESSAGE][INFO] - User set preference: ['acceptInsecureCerts', 'true']

2021-11-08 12:57:53 - [MESSAGE][INFO] - Action delay is set to 0 milliseconds

2021-11-08 12:57:55 - [MESSAGE][PASSED] - Browser is opened with url: ''

2021-11-08 12:57:55 - [TEST_STEP][PASSED] - maximizeWindow(): Current window maximized

2021-11-08 12:57:55 - [MESSAGE][PASSED] - Current window maximized

2021-11-08 12:57:55 - [TEST_STEP][PASSED] - navigateToUrl(RADurl): Navigate to 'https://qa.velocitypayment.com/client/rad/index.html' successfully

2021-11-08 12:57:57 - [MESSAGE][PASSED] - Navigate to 'https://qa.velocitypayment.com/client/rad/index.html' successfully

2021-11-08 12:57:57 - [TEST_STEP][PASSED] - orPath_Landing = "Object Repository/RAD_Pages/Landing_Page": null

2021-11-08 12:57:57 - [TEST_STEP][PASSED] - orPath_TaxTypeFilingYear = "Object Repository/RAD_Pages/TaxTypeFilingYear_Page": null

2021-11-08 12:57:57 - [TEST_STEP][PASSED] - orPath_TaxPayer = "Object Repository/RAD_Pages/Taxpayer_Page": null

2021-11-08 12:57:57 - [TEST_STEP][PASSED] - orPath_AddressContact = "Object Repository/RAD_Pages/AddressAndContactInfo_Page": null

2021-11-08 12:57:57 - [TEST_STEP][PASSED] - orPath_FilingStatus = "Object Repository/RAD_Pages/FilingStatus_Page": null

2021-11-08 12:57:57 - [TEST_STEP][PASSED] - orPath_Amount = "Object Repository/RAD_Pages/PaymentAmount_Page": null

2021-11-08 12:57:57 - [TEST_STEP][PASSED] - orPath_TaxInfo = "Object Repository/RAD_Pages/TaxInfo_Page": null

2021-11-08 12:57:57 - [TEST_STEP][PASSED] - orPath_Withholding = "Object Repository/RAD_Pages/Withholding_Page": null

2021-11-08 12:57:57 - [TEST_STEP][PASSED] - orPath_Summary = "Object Repository/RAD_Pages/Summary_Page": null

2021-11-08 12:57:57 - [TEST_STEP][PASSED] - orPath_PaymentReady = "Object Repository/RAD_Pages/PaymentReady_Page": null

2021-11-08 12:57:57 - [TEST_STEP][PASSED] - orPath_PaymentEntry = "Object Repository/RAD_Pages/PaymentEntry_Page": null

2021-11-08 12:57:57 - [TEST_STEP][PASSED] - orPath_PaymentConfirmation = "Object Repository/RAD_Pages/PaymentConfirmation_Page": null

2021-11-08 12:57:57 - [TEST_STEP][PASSED] - orPath_ServiceFeesAccept = "Object Repository/RAD_Pages/ServiceFeeAccept_Page": null

2021-11-08 12:57:57 - [TEST_STEP][PASSED] - selectOptionByLabel(findTestObject(orPath_Landing + "/dd_TaxType"), Taxtype, false): All options with label 'Existing Liability' are selected in object 'Object Repository/RAD_Pages/Landing_Page/dd_TaxType' 

2021-11-08 12:57:57 - [MESSAGE][PASSED] - All options with label 'Existing Liability' are selected in object 'Object Repository/RAD_Pages/Landing_Page/dd_TaxType' 

2021-11-08 12:57:57 - [TEST_STEP][PASSED] - delay(1): Delayed 1 second(s)

2021-11-08 12:57:58 - [MESSAGE][PASSED] - Delayed 1 second(s)

2021-11-08 12:57:58 - [TEST_STEP][PASSED] - selectOptionByLabel(findTestObject(orPath_TaxTypeFilingYear + "/select_TaxType_ExistingLiability"), TaxTypeEL, false): All options with label 'PTE Tax (SCorp)' are selected in object 'Object Repository/RAD_Pages/TaxTypeFilingYear_Page/select_TaxType_ExistingLiability' 

2021-11-08 12:57:59 - [MESSAGE][PASSED] - All options with label 'PTE Tax (SCorp)' are selected in object 'Object Repository/RAD_Pages/TaxTypeFilingYear_Page/select_TaxType_ExistingLiability' 

2021-11-08 12:57:59 - [TEST_STEP][PASSED] - selectOptionByLabel(findTestObject(orPath_TaxTypeFilingYear + "/select_FilingYear"), FilingYear, false): All options with label '2021' are selected in object 'Object Repository/RAD_Pages/TaxTypeFilingYear_Page/select_FilingYear' 

2021-11-08 12:58:00 - [MESSAGE][PASSED] - All options with label '2021' are selected in object 'Object Repository/RAD_Pages/TaxTypeFilingYear_Page/select_FilingYear' 

2021-11-08 12:58:00 - [TEST_STEP][PASSED] - setText(findTestObject(orPath_TaxPayer + "/input_firstName"), FName): Text 'Robin' is set on object 'Object Repository/RAD_Pages/Taxpayer_Page/input_firstName'

2021-11-08 12:58:00 - [MESSAGE][PASSED] - Text 'Robin' is set on object 'Object Repository/RAD_Pages/Taxpayer_Page/input_firstName'

2021-11-08 12:58:00 - [TEST_STEP][PASSED] - setText(findTestObject(orPath_TaxPayer + "/input_lastName"), LName): Text 'Bell' is set on object 'Object Repository/RAD_Pages/Taxpayer_Page/input_lastName'

2021-11-08 12:58:01 - [MESSAGE][PASSED] - Text 'Bell' is set on object 'Object Repository/RAD_Pages/Taxpayer_Page/input_lastName'

2021-11-08 12:58:01 - [TEST_STEP][PASSED] - setText(findTestObject(orPath_TaxPayer + "/input_middleName"), "Johns"): Text 'Johns' is set on object 'Object Repository/RAD_Pages/Taxpayer_Page/input_middleName'

2021-11-08 12:58:02 - [MESSAGE][PASSED] - Text 'Johns' is set on object 'Object Repository/RAD_Pages/Taxpayer_Page/input_middleName'

2021-11-08 12:58:02 - [TEST_STEP][PASSED] - setText(findTestObject(orPath_TaxPayer + "/input_suffix"), "Sr"): Text 'Sr' is set on object 'Object Repository/RAD_Pages/Taxpayer_Page/input_suffix'

2021-11-08 12:58:02 - [MESSAGE][PASSED] - Text 'Sr' is set on object 'Object Repository/RAD_Pages/Taxpayer_Page/input_suffix'

2021-11-08 12:58:02 - [TEST_STEP][PASSED] - selectOptionByLabel(findTestObject(orPath_AddressContact + "/select_Country"), "United States", false): All options with label 'United States' are selected in object 'Object Repository/RAD_Pages/AddressAndContactInfo_Page/select_Country' 

2021-11-08 12:58:03 - [MESSAGE][PASSED] - All options with label 'United States' are selected in object 'Object Repository/RAD_Pages/AddressAndContactInfo_Page/select_Country' 

2021-11-08 12:58:03 - [TEST_STEP][PASSED] - setText(findTestObject(orPath_AddressContact + "/input_streetAddress1"), AL1): Text '25 Moan Road' is set on object 'Object Repository/RAD_Pages/AddressAndContactInfo_Page/input_streetAddress1'

2021-11-08 12:58:03 - [MESSAGE][PASSED] - Text '25 Moan Road' is set on object 'Object Repository/RAD_Pages/AddressAndContactInfo_Page/input_streetAddress1'

2021-11-08 12:58:03 - [TEST_STEP][PASSED] - setText(findTestObject(orPath_AddressContact + "/input_streetAddress2"), ""): Text '' is set on object 'Object Repository/RAD_Pages/AddressAndContactInfo_Page/input_streetAddress2'

2021-11-08 12:58:04 - [MESSAGE][PASSED] - Text '' is set on object 'Object Repository/RAD_Pages/AddressAndContactInfo_Page/input_streetAddress2'

2021-11-08 12:58:04 - [TEST_STEP][PASSED] - setText(findTestObject(orPath_AddressContact + "/input_city"), City): Text 'Severn' is set on object 'Object Repository/RAD_Pages/AddressAndContactInfo_Page/input_city'

2021-11-08 12:58:05 - [MESSAGE][PASSED] - Text 'Severn' is set on object 'Object Repository/RAD_Pages/AddressAndContactInfo_Page/input_city'

2021-11-08 12:58:05 - [TEST_STEP][PASSED] - selectOptionByLabel(findTestObject(orPath_AddressContact + "/select_State"), "Maryland", false): All options with label 'Maryland' are selected in object 'Object Repository/RAD_Pages/AddressAndContactInfo_Page/select_State' 

2021-11-08 12:58:05 - [MESSAGE][PASSED] - All options with label 'Maryland' are selected in object 'Object Repository/RAD_Pages/AddressAndContactInfo_Page/select_State' 

2021-11-08 12:58:05 - [TEST_STEP][PASSED] - setText(findTestObject(orPath_AddressContact + "/input_zipCode"), ZIP): Text '21114' is set on object 'Object Repository/RAD_Pages/AddressAndContactInfo_Page/input_zipCode'

2021-11-08 12:58:06 - [MESSAGE][PASSED] - Text '21114' is set on object 'Object Repository/RAD_Pages/AddressAndContactInfo_Page/input_zipCode'

2021-11-08 12:58:06 - [TEST_STEP][PASSED] - setText(findTestObject(orPath_AddressContact + "/input_phoneNumber"), "(703) 894-5000"): Text '(703) 894-5000' is set on object 'Object Repository/RAD_Pages/AddressAndContactInfo_Page/input_phoneNumber'

2021-11-08 12:58:07 - [MESSAGE][PASSED] - Text '(703) 894-5000' is set on object 'Object Repository/RAD_Pages/AddressAndContactInfo_Page/input_phoneNumber'

2021-11-08 12:58:07 - [TEST_STEP][PASSED] - setText(findTestObject(orPath_AddressContact + "/input_eMailAddress"), "iahmed@govolution.com"): Text 'iahmed@govolution.com' is set on object 'Object Repository/RAD_Pages/AddressAndContactInfo_Page/input_eMailAddress'

2021-11-08 12:58:07 - [MESSAGE][PASSED] - Text 'iahmed@govolution.com' is set on object 'Object Repository/RAD_Pages/AddressAndContactInfo_Page/input_eMailAddress'

2021-11-08 12:58:07 - [TEST_STEP][PASSED] - setText(findTestObject(orPath_AddressContact + "/input_reEnterEMailAddress"), "iahmed@govolution.com"): Text 'iahmed@govolution.com' is set on object 'Object Repository/RAD_Pages/AddressAndContactInfo_Page/input_reEnterEMailAddress'

2021-11-08 12:58:08 - [MESSAGE][PASSED] - Text 'iahmed@govolution.com' is set on object 'Object Repository/RAD_Pages/AddressAndContactInfo_Page/input_reEnterEMailAddress'

2021-11-08 12:58:08 - [TEST_STEP][PASSED] - if (!(SSN.isEmpty())): Text '123459630' is set on object 'Object Repository/RAD_Pages/TaxInfo_Page/input_TaxInfo_reTaxTypeExisitingSSN'

2021-11-08 12:58:08 - [TEST_STEP][PASSED] - setText(findTestObject(orPath_TaxInfo + "/input_TaxInfo_ExisitingSSN"), SSN): Text '123459630' is set on object 'Object Repository/RAD_Pages/TaxInfo_Page/input_TaxInfo_ExisitingSSN'

2021-11-08 12:58:09 - [MESSAGE][PASSED] - Text '123459630' is set on object 'Object Repository/RAD_Pages/TaxInfo_Page/input_TaxInfo_ExisitingSSN'

2021-11-08 12:58:09 - [TEST_STEP][PASSED] - setText(findTestObject(orPath_TaxInfo + "/input_TaxInfo_reTaxTypeExisitingSSN"), SSN): Text '123459630' is set on object 'Object Repository/RAD_Pages/TaxInfo_Page/input_TaxInfo_reTaxTypeExisitingSSN'

2021-11-08 12:58:09 - [MESSAGE][PASSED] - Text '123459630' is set on object 'Object Repository/RAD_Pages/TaxInfo_Page/input_TaxInfo_reTaxTypeExisitingSSN'

2021-11-08 12:58:09 - [TEST_STEP][PASSED] - scrollToElement(findTestObject(orPath_Amount + "/input__paymentAmount"), 3): Scroll to object 'Object Repository/RAD_Pages/PaymentAmount_Page/input__paymentAmount' successfully

2021-11-08 12:58:10 - [MESSAGE][PASSED] - Scroll to object 'Object Repository/RAD_Pages/PaymentAmount_Page/input__paymentAmount' successfully

2021-11-08 12:58:10 - [TEST_STEP][PASSED] - if (!(FEIN.isEmpty())): null

2021-11-08 12:58:10 - [TEST_STEP][PASSED] - delay(1): Delayed 1 second(s)

2021-11-08 12:58:11 - [MESSAGE][PASSED] - Delayed 1 second(s)

2021-11-08 12:58:11 - [TEST_STEP][PASSED] - setText(findTestObject(orPath_TaxInfo + "/input_NoticeInvoiceNumber"), "258147147"): Text '258147147' is set on object 'Object Repository/RAD_Pages/TaxInfo_Page/input_NoticeInvoiceNumber'

2021-11-08 12:58:12 - [MESSAGE][PASSED] - Text '258147147' is set on object 'Object Repository/RAD_Pages/TaxInfo_Page/input_NoticeInvoiceNumber'

2021-11-08 12:58:12 - [TEST_STEP][PASSED] - setText(findTestObject(orPath_TaxInfo + "/input_reTypeNoticeInvoiceNumber"), "258147147"): Text '258147147' is set on object 'Object Repository/RAD_Pages/TaxInfo_Page/input_reTypeNoticeInvoiceNumber'

2021-11-08 12:58:12 - [MESSAGE][PASSED] - Text '258147147' is set on object 'Object Repository/RAD_Pages/TaxInfo_Page/input_reTypeNoticeInvoiceNumber'

2021-11-08 12:58:12 - [TEST_STEP][PASSED] - if (TaxTypeEL.equalsIgnoreCase("Sales & Use Tax")): null

2021-11-08 12:58:12 - [TEST_STEP][PASSED] - setText(findTestObject(orPath_Amount + "/input__paymentAmount"), Amount): Text '30.50' is set on object 'Object Repository/RAD_Pages/PaymentAmount_Page/input__paymentAmount'

2021-11-08 12:58:13 - [MESSAGE][PASSED] - Text '30.50' is set on object 'Object Repository/RAD_Pages/PaymentAmount_Page/input__paymentAmount'

2021-11-08 12:58:13 - [TEST_STEP][PASSED] - scrollToElement(findTestObject(orPath_Landing + "/button_Continue"), 3): Scroll to object 'Object Repository/RAD_Pages/Landing_Page/button_Continue' successfully

2021-11-08 12:58:13 - [MESSAGE][PASSED] - Scroll to object 'Object Repository/RAD_Pages/Landing_Page/button_Continue' successfully

2021-11-08 12:58:13 - [TEST_STEP][PASSED] - waitForElementClickable(findTestObject(orPath_Landing + "/button_Continue"), 5): Object 'Object Repository/RAD_Pages/Landing_Page/button_Continue' is clickable

2021-11-08 12:58:14 - [MESSAGE][PASSED] - Object 'Object Repository/RAD_Pages/Landing_Page/button_Continue' is clickable

2021-11-08 12:58:14 - [TEST_STEP][PASSED] - click(findTestObject(orPath_Landing + "/button_Continue")): Object: 'Object Repository/RAD_Pages/Landing_Page/button_Continue' is clicked on

2021-11-08 12:58:14 - [MESSAGE][PASSED] - Object: 'Object Repository/RAD_Pages/Landing_Page/button_Continue' is clicked on

2021-11-08 12:58:14 - [TEST_STEP][PASSED] - verifyTextPresent("Review the information below and make any necessary corrections by clicking the", true): Text 'Review the information below and make any necessary corrections by clicking the' is present on page  using regular expression

2021-11-08 12:58:15 - [MESSAGE][PASSED] - Text 'Review the information below and make any necessary corrections by clicking the' is present on page  using regular expression

2021-11-08 12:58:15 - [TEST_STEP][PASSED] - verifyTextPresent("When you are confident that all the information is correct", true): Text 'When you are confident that all the information is correct' is present on page  using regular expression

2021-11-08 12:58:15 - [MESSAGE][PASSED] - Text 'When you are confident that all the information is correct' is present on page  using regular expression

2021-11-08 12:58:15 - [TEST_STEP][PASSED] - delay(1): Delayed 1 second(s)

2021-11-08 12:58:16 - [MESSAGE][PASSED] - Delayed 1 second(s)

2021-11-08 12:58:16 - [TEST_STEP][PASSED] - click(findTestObject(orPath_PaymentReady + "/button_ProceedtoPayment")): Object: 'Object Repository/RAD_Pages/PaymentReady_Page/button_ProceedtoPayment' is clicked on

2021-11-08 12:58:20 - [MESSAGE][PASSED] - Object: 'Object Repository/RAD_Pages/PaymentReady_Page/button_ProceedtoPayment' is clicked on

2021-11-08 12:58:20 - [TEST_STEP][PASSED] - setText(findTestObject(orPath_PaymentEntry + "/input__cardNumber"), CCNumber): Text '4012000098765439' is set on object 'Object Repository/RAD_Pages/PaymentEntry_Page/input__cardNumber'

2021-11-08 12:58:21 - [MESSAGE][PASSED] - Text '4012000098765439' is set on object 'Object Repository/RAD_Pages/PaymentEntry_Page/input__cardNumber'

2021-11-08 12:58:21 - [TEST_STEP][PASSED] - setText(findTestObject(orPath_PaymentEntry + "/input__spc"), CVV): Text '123' is set on object 'Object Repository/RAD_Pages/PaymentEntry_Page/input__spc'

2021-11-08 12:58:21 - [MESSAGE][PASSED] - Text '123' is set on object 'Object Repository/RAD_Pages/PaymentEntry_Page/input__spc'

2021-11-08 12:58:21 - [TEST_STEP][PASSED] - selectOptionByLabel(findTestObject(orPath_PaymentEntry + "/select_MM"), "12", false): All options with label '12' are selected in object 'Object Repository/RAD_Pages/PaymentEntry_Page/select_MM' 

2021-11-08 12:58:22 - [MESSAGE][PASSED] - All options with label '12' are selected in object 'Object Repository/RAD_Pages/PaymentEntry_Page/select_MM' 

2021-11-08 12:58:22 - [TEST_STEP][PASSED] - selectOptionByLabel(findTestObject(orPath_PaymentEntry + "/select_YYYY"), "2023", false): All options with label '2023' are selected in object 'Object Repository/RAD_Pages/PaymentEntry_Page/select_YYYY' 

2021-11-08 12:58:23 - [MESSAGE][PASSED] - All options with label '2023' are selected in object 'Object Repository/RAD_Pages/PaymentEntry_Page/select_YYYY' 

2021-11-08 12:58:23 - [TEST_STEP][PASSED] - click(findTestObject(orPath_PaymentEntry + "/input_Field_ccSubmit")): Object: 'Object Repository/RAD_Pages/PaymentEntry_Page/input_Field_ccSubmit' is clicked on

2021-11-08 12:58:24 - [MESSAGE][PASSED] - Object: 'Object Repository/RAD_Pages/PaymentEntry_Page/input_Field_ccSubmit' is clicked on

2021-11-08 12:58:24 - [TEST_STEP][PASSED] - click(findTestObject(orPath_PaymentConfirmation + "/input_N_confirmNotifyAction")): Object: 'Object Repository/RAD_Pages/PaymentConfirmation_Page/input_N_confirmNotifyAction' is clicked on

2021-11-08 12:58:25 - [MESSAGE][PASSED] - Object: 'Object Repository/RAD_Pages/PaymentConfirmation_Page/input_N_confirmNotifyAction' is clicked on

2021-11-08 12:58:25 - [TEST_STEP][PASSED] - click(findTestObject(orPath_ServiceFeesAccept + "/input_convFeeNotifyAction")): Object: 'Object Repository/RAD_Pages/ServiceFeeAccept_Page/input_convFeeNotifyAction' is clicked on

2021-11-08 12:58:26 - [MESSAGE][PASSED] - Object: 'Object Repository/RAD_Pages/ServiceFeeAccept_Page/input_convFeeNotifyAction' is clicked on

2021-11-08 12:58:26 - [TEST_STEP][PASSED] - delay(10): Delayed 10 second(s)

2021-11-08 12:58:36 - [MESSAGE][PASSED] - Delayed 10 second(s)

2021-11-08 12:58:36 - [TEST_STEP][PASSED] - verifyTextPresent("Successful Payment Receipt", true): Text 'Successful Payment Receipt' is present on page  using regular expression

2021-11-08 12:58:37 - [MESSAGE][PASSED] - Text 'Successful Payment Receipt' is present on page  using regular expression

2021-11-08 12:58:37 - [TEST_STEP][PASSED] - if (verifyTextPresent("Successful Payment Receipt", true)): null

2021-11-08 12:58:37 - [MESSAGE][PASSED] - Text 'Successful Payment Receipt' is present on page  using regular expression

2021-11-08 12:58:37 - [TEST_STEP][PASSED] - println("Transaction was Successful"): null

2021-11-08 12:58:37 - [TEST_STEP][PASSED] - out.println("Pass Record Number: " + row): null

2021-11-08 12:58:37 - [TEST_STEP][PASSED] - resText = "Pass": null

2021-11-08 12:58:37 - [TEST_STEP][PASSED] - pages.WriteExcel.demoKey(resText, datText, resColumn, datCloumn, fileLoc, nameSheet, row): pages.WriteExcel.demoKey is PASSED

2021-11-08 12:58:37 - [MESSAGE][PASSED] - pages.WriteExcel.demoKey is PASSED

2021-11-08 12:58:37 - [TEST_STEP][PASSED] - ExecuteTC = findTestData(dataFile).getValue("Execute", row): null

2021-11-08 12:58:37 - [TEST_STEP][PASSED] - Taxtype = findTestData(dataFile).getValue("TaxType", row): null

2021-11-08 12:58:37 - [TEST_STEP][PASSED] - TaxTypeEL = findTestData(dataFile).getValue("TaxTypeEL", row): null

2021-11-08 12:58:37 - [TEST_STEP][PASSED] - FilingYear = findTestData(dataFile).getValue("FilingYear", row): null

2021-11-08 12:58:37 - [TEST_STEP][PASSED] - FName = findTestData(dataFile).getValue("Fname", row): null

2021-11-08 12:58:37 - [TEST_STEP][PASSED] - LName = findTestData(dataFile).getValue("Lname", row): null

2021-11-08 12:58:37 - [TEST_STEP][PASSED] - AL1 = findTestData(dataFile).getValue("AL1", row): null

2021-11-08 12:58:37 - [TEST_STEP][PASSED] - City = findTestData(dataFile).getValue("City", row): null

2021-11-08 12:58:37 - [TEST_STEP][PASSED] - ZIP = findTestData(dataFile).getValue("ZIP", row): null

2021-11-08 12:58:37 - [TEST_STEP][PASSED] - Amount = findTestData(dataFile).getValue("Amount", row): null

2021-11-08 12:58:37 - [TEST_STEP][PASSED] - CCNumber = findTestData(dataFile).getValue("CCNumber", row): null

2021-11-08 12:58:37 - [TEST_STEP][PASSED] - CVV = findTestData(dataFile).getValue("CVV", row): null

2021-11-08 12:58:37 - [TEST_STEP][PASSED] - SSN = findTestData(dataFile).getValue("SSN", row): null

2021-11-08 12:58:37 - [TEST_STEP][PASSED] - FEIN = findTestData(dataFile).getValue("FEIN", row): null

2021-11-08 12:58:37 - [TEST_STEP][PASSED] - out.println("Value of Execute is : " + ExecuteTC): null

2021-11-08 12:58:37 - [TEST_STEP][PASSED] - if (ExecuteTC.equalsIgnoreCase("Y")): null

2021-11-08 12:58:37 - [TEST_STEP][PASSED] - out.println("Begin Record Number: " + row): null

2021-11-08 12:58:37 - [TEST_STEP][PASSED] - today = new java.util.Date(): null

2021-11-08 12:58:37 - [TEST_STEP][PASSED] - println(today): null

2021-11-08 12:58:37 - [TEST_STEP][PASSED] - datText = today: null

2021-11-08 12:58:37 - [TEST_STEP][PASSED] - Taxtype = findTestData(dataFile).getValue("TaxType", row): null

2021-11-08 12:58:37 - [TEST_STEP][PASSED] - out.println("Taxtype value is : " + Taxtype): null

2021-11-08 12:58:37 - [TEST_STEP][PASSED] - openBrowser(""): Browser is opened with url: ''

2021-11-08 12:58:37 - [MESSAGE][WARNING] - A browser is already opened. Closing browser and opening a new one

2021-11-08 12:58:38 - [MESSAGE][INFO] - Starting 'Chrome' driver

2021-11-08 12:58:38 - [MESSAGE][INFO] - User set preference: ['acceptInsecureCerts', 'true']

2021-11-08 12:58:38 - [MESSAGE][INFO] - Action delay is set to 0 milliseconds

2021-11-08 12:58:40 - [MESSAGE][PASSED] - Browser is opened with url: ''

2021-11-08 12:58:40 - [TEST_STEP][PASSED] - maximizeWindow(): Current window maximized

2021-11-08 12:58:40 - [MESSAGE][PASSED] - Current window maximized

2021-11-08 12:58:40 - [TEST_STEP][PASSED] - navigateToUrl(RADurl): Navigate to 'https://qa.velocitypayment.com/client/rad/index.html' successfully

2021-11-08 12:58:42 - [MESSAGE][PASSED] - Navigate to 'https://qa.velocitypayment.com/client/rad/index.html' successfully

2021-11-08 12:58:42 - [TEST_STEP][PASSED] - orPath_Landing = "Object Repository/RAD_Pages/Landing_Page": null

2021-11-08 12:58:42 - [TEST_STEP][PASSED] - orPath_TaxTypeFilingYear = "Object Repository/RAD_Pages/TaxTypeFilingYear_Page": null

2021-11-08 12:58:42 - [TEST_STEP][PASSED] - orPath_TaxPayer = "Object Repository/RAD_Pages/Taxpayer_Page": null

2021-11-08 12:58:42 - [TEST_STEP][PASSED] - orPath_AddressContact = "Object Repository/RAD_Pages/AddressAndContactInfo_Page": null

2021-11-08 12:58:42 - [TEST_STEP][PASSED] - orPath_FilingStatus = "Object Repository/RAD_Pages/FilingStatus_Page": null

2021-11-08 12:58:42 - [TEST_STEP][PASSED] - orPath_Amount = "Object Repository/RAD_Pages/PaymentAmount_Page": null

2021-11-08 12:58:42 - [TEST_STEP][PASSED] - orPath_TaxInfo = "Object Repository/RAD_Pages/TaxInfo_Page": null

2021-11-08 12:58:42 - [TEST_STEP][PASSED] - orPath_Withholding = "Object Repository/RAD_Pages/Withholding_Page": null

2021-11-08 12:58:42 - [TEST_STEP][PASSED] - orPath_Summary = "Object Repository/RAD_Pages/Summary_Page": null

2021-11-08 12:58:42 - [TEST_STEP][PASSED] - orPath_PaymentReady = "Object Repository/RAD_Pages/PaymentReady_Page": null

2021-11-08 12:58:42 - [TEST_STEP][PASSED] - orPath_PaymentEntry = "Object Repository/RAD_Pages/PaymentEntry_Page": null

2021-11-08 12:58:42 - [TEST_STEP][PASSED] - orPath_PaymentConfirmation = "Object Repository/RAD_Pages/PaymentConfirmation_Page": null

2021-11-08 12:58:42 - [TEST_STEP][PASSED] - orPath_ServiceFeesAccept = "Object Repository/RAD_Pages/ServiceFeeAccept_Page": null

2021-11-08 12:58:42 - [TEST_STEP][PASSED] - selectOptionByLabel(findTestObject(orPath_Landing + "/dd_TaxType"), Taxtype, false): All options with label 'Existing Liability' are selected in object 'Object Repository/RAD_Pages/Landing_Page/dd_TaxType' 

2021-11-08 12:58:43 - [MESSAGE][PASSED] - All options with label 'Existing Liability' are selected in object 'Object Repository/RAD_Pages/Landing_Page/dd_TaxType' 

2021-11-08 12:58:43 - [TEST_STEP][PASSED] - delay(1): Delayed 1 second(s)

2021-11-08 12:58:44 - [MESSAGE][PASSED] - Delayed 1 second(s)

2021-11-08 12:58:44 - [TEST_STEP][PASSED] - selectOptionByLabel(findTestObject(orPath_TaxTypeFilingYear + "/select_TaxType_ExistingLiability"), TaxTypeEL, false): All options with label 'PTE Tax (SCorp)' are selected in object 'Object Repository/RAD_Pages/TaxTypeFilingYear_Page/select_TaxType_ExistingLiability' 

2021-11-08 12:58:44 - [MESSAGE][PASSED] - All options with label 'PTE Tax (SCorp)' are selected in object 'Object Repository/RAD_Pages/TaxTypeFilingYear_Page/select_TaxType_ExistingLiability' 

2021-11-08 12:58:44 - [TEST_STEP][PASSED] - selectOptionByLabel(findTestObject(orPath_TaxTypeFilingYear + "/select_FilingYear"), FilingYear, false): All options with label '2021' are selected in object 'Object Repository/RAD_Pages/TaxTypeFilingYear_Page/select_FilingYear' 

2021-11-08 12:58:45 - [MESSAGE][PASSED] - All options with label '2021' are selected in object 'Object Repository/RAD_Pages/TaxTypeFilingYear_Page/select_FilingYear' 

2021-11-08 12:58:45 - [TEST_STEP][PASSED] - setText(findTestObject(orPath_TaxPayer + "/input_firstName"), FName): Text 'Robin' is set on object 'Object Repository/RAD_Pages/Taxpayer_Page/input_firstName'

2021-11-08 12:58:46 - [MESSAGE][PASSED] - Text 'Robin' is set on object 'Object Repository/RAD_Pages/Taxpayer_Page/input_firstName'

2021-11-08 12:58:46 - [TEST_STEP][PASSED] - setText(findTestObject(orPath_TaxPayer + "/input_lastName"), LName): Text 'Bell' is set on object 'Object Repository/RAD_Pages/Taxpayer_Page/input_lastName'

2021-11-08 12:58:46 - [MESSAGE][PASSED] - Text 'Bell' is set on object 'Object Repository/RAD_Pages/Taxpayer_Page/input_lastName'

2021-11-08 12:58:46 - [TEST_STEP][PASSED] - setText(findTestObject(orPath_TaxPayer + "/input_middleName"), "Johns"): Text 'Johns' is set on object 'Object Repository/RAD_Pages/Taxpayer_Page/input_middleName'

2021-11-08 12:58:47 - [MESSAGE][PASSED] - Text 'Johns' is set on object 'Object Repository/RAD_Pages/Taxpayer_Page/input_middleName'

2021-11-08 12:58:47 - [TEST_STEP][PASSED] - setText(findTestObject(orPath_TaxPayer + "/input_suffix"), "Sr"): Text 'Sr' is set on object 'Object Repository/RAD_Pages/Taxpayer_Page/input_suffix'

2021-11-08 12:58:48 - [MESSAGE][PASSED] - Text 'Sr' is set on object 'Object Repository/RAD_Pages/Taxpayer_Page/input_suffix'

2021-11-08 12:58:48 - [TEST_STEP][PASSED] - selectOptionByLabel(findTestObject(orPath_AddressContact + "/select_Country"), "United States", false): All options with label 'United States' are selected in object 'Object Repository/RAD_Pages/AddressAndContactInfo_Page/select_Country' 

2021-11-08 12:58:48 - [MESSAGE][PASSED] - All options with label 'United States' are selected in object 'Object Repository/RAD_Pages/AddressAndContactInfo_Page/select_Country' 

2021-11-08 12:58:48 - [TEST_STEP][PASSED] - setText(findTestObject(orPath_AddressContact + "/input_streetAddress1"), AL1): Text '25 Moan Road' is set on object 'Object Repository/RAD_Pages/AddressAndContactInfo_Page/input_streetAddress1'

2021-11-08 12:58:49 - [MESSAGE][PASSED] - Text '25 Moan Road' is set on object 'Object Repository/RAD_Pages/AddressAndContactInfo_Page/input_streetAddress1'

2021-11-08 12:58:49 - [TEST_STEP][PASSED] - setText(findTestObject(orPath_AddressContact + "/input_streetAddress2"), ""): Text '' is set on object 'Object Repository/RAD_Pages/AddressAndContactInfo_Page/input_streetAddress2'

2021-11-08 12:58:49 - [MESSAGE][PASSED] - Text '' is set on object 'Object Repository/RAD_Pages/AddressAndContactInfo_Page/input_streetAddress2'

2021-11-08 12:58:49 - [TEST_STEP][PASSED] - setText(findTestObject(orPath_AddressContact + "/input_city"), City): Text 'Severn' is set on object 'Object Repository/RAD_Pages/AddressAndContactInfo_Page/input_city'

2021-11-08 12:58:50 - [MESSAGE][PASSED] - Text 'Severn' is set on object 'Object Repository/RAD_Pages/AddressAndContactInfo_Page/input_city'

2021-11-08 12:58:50 - [TEST_STEP][PASSED] - selectOptionByLabel(findTestObject(orPath_AddressContact + "/select_State"), "Maryland", false): All options with label 'Maryland' are selected in object 'Object Repository/RAD_Pages/AddressAndContactInfo_Page/select_State' 

2021-11-08 12:58:51 - [MESSAGE][PASSED] - All options with label 'Maryland' are selected in object 'Object Repository/RAD_Pages/AddressAndContactInfo_Page/select_State' 

2021-11-08 12:58:51 - [TEST_STEP][PASSED] - setText(findTestObject(orPath_AddressContact + "/input_zipCode"), ZIP): Text '21114' is set on object 'Object Repository/RAD_Pages/AddressAndContactInfo_Page/input_zipCode'

2021-11-08 12:58:51 - [MESSAGE][PASSED] - Text '21114' is set on object 'Object Repository/RAD_Pages/AddressAndContactInfo_Page/input_zipCode'

2021-11-08 12:58:51 - [TEST_STEP][PASSED] - setText(findTestObject(orPath_AddressContact + "/input_phoneNumber"), "(703) 894-5000"): Text '(703) 894-5000' is set on object 'Object Repository/RAD_Pages/AddressAndContactInfo_Page/input_phoneNumber'

2021-11-08 12:58:52 - [MESSAGE][PASSED] - Text '(703) 894-5000' is set on object 'Object Repository/RAD_Pages/AddressAndContactInfo_Page/input_phoneNumber'

2021-11-08 12:58:52 - [TEST_STEP][PASSED] - setText(findTestObject(orPath_AddressContact + "/input_eMailAddress"), "iahmed@govolution.com"): Text 'iahmed@govolution.com' is set on object 'Object Repository/RAD_Pages/AddressAndContactInfo_Page/input_eMailAddress'

2021-11-08 12:58:53 - [MESSAGE][PASSED] - Text 'iahmed@govolution.com' is set on object 'Object Repository/RAD_Pages/AddressAndContactInfo_Page/input_eMailAddress'

2021-11-08 12:58:53 - [TEST_STEP][PASSED] - setText(findTestObject(orPath_AddressContact + "/input_reEnterEMailAddress"), "iahmed@govolution.com"): Text 'iahmed@govolution.com' is set on object 'Object Repository/RAD_Pages/AddressAndContactInfo_Page/input_reEnterEMailAddress'

2021-11-08 12:58:53 - [MESSAGE][PASSED] - Text 'iahmed@govolution.com' is set on object 'Object Repository/RAD_Pages/AddressAndContactInfo_Page/input_reEnterEMailAddress'

2021-11-08 12:58:53 - [TEST_STEP][PASSED] - if (!(SSN.isEmpty())): null

2021-11-08 12:58:53 - [TEST_STEP][PASSED] - scrollToElement(findTestObject(orPath_Amount + "/input__paymentAmount"), 3): Scroll to object 'Object Repository/RAD_Pages/PaymentAmount_Page/input__paymentAmount' successfully

2021-11-08 12:58:54 - [MESSAGE][PASSED] - Scroll to object 'Object Repository/RAD_Pages/PaymentAmount_Page/input__paymentAmount' successfully

2021-11-08 12:58:54 - [TEST_STEP][PASSED] - if (!(FEIN.isEmpty())): Text '258369264' is set on object 'Object Repository/RAD_Pages/TaxInfo_Page/input_ReTypeFEIN'

2021-11-08 12:58:54 - [TEST_STEP][PASSED] - setText(findTestObject(orPath_TaxInfo + "/input_FEIN"), FEIN): Text '258369264' is set on object 'Object Repository/RAD_Pages/TaxInfo_Page/input_FEIN'

2021-11-08 12:58:55 - [MESSAGE][PASSED] - Text '258369264' is set on object 'Object Repository/RAD_Pages/TaxInfo_Page/input_FEIN'

2021-11-08 12:58:55 - [TEST_STEP][PASSED] - setText(findTestObject(orPath_TaxInfo + "/input_ReTypeFEIN"), FEIN): Text '258369264' is set on object 'Object Repository/RAD_Pages/TaxInfo_Page/input_ReTypeFEIN'

2021-11-08 12:58:55 - [MESSAGE][PASSED] - Text '258369264' is set on object 'Object Repository/RAD_Pages/TaxInfo_Page/input_ReTypeFEIN'

2021-11-08 12:58:55 - [TEST_STEP][PASSED] - delay(1): Delayed 1 second(s)

2021-11-08 12:58:56 - [MESSAGE][PASSED] - Delayed 1 second(s)

2021-11-08 12:58:56 - [TEST_STEP][PASSED] - setText(findTestObject(orPath_TaxInfo + "/input_NoticeInvoiceNumber"), "258147147"): Text '258147147' is set on object 'Object Repository/RAD_Pages/TaxInfo_Page/input_NoticeInvoiceNumber'

2021-11-08 12:58:57 - [MESSAGE][PASSED] - Text '258147147' is set on object 'Object Repository/RAD_Pages/TaxInfo_Page/input_NoticeInvoiceNumber'

2021-11-08 12:58:57 - [TEST_STEP][PASSED] - setText(findTestObject(orPath_TaxInfo + "/input_reTypeNoticeInvoiceNumber"), "258147147"): Text '258147147' is set on object 'Object Repository/RAD_Pages/TaxInfo_Page/input_reTypeNoticeInvoiceNumber'

2021-11-08 12:58:58 - [MESSAGE][PASSED] - Text '258147147' is set on object 'Object Repository/RAD_Pages/TaxInfo_Page/input_reTypeNoticeInvoiceNumber'

2021-11-08 12:58:58 - [TEST_STEP][PASSED] - if (TaxTypeEL.equalsIgnoreCase("Sales & Use Tax")): null

2021-11-08 12:58:58 - [TEST_STEP][PASSED] - setText(findTestObject(orPath_Amount + "/input__paymentAmount"), Amount): Text '30.50' is set on object 'Object Repository/RAD_Pages/PaymentAmount_Page/input__paymentAmount'

2021-11-08 12:58:58 - [MESSAGE][PASSED] - Text '30.50' is set on object 'Object Repository/RAD_Pages/PaymentAmount_Page/input__paymentAmount'

2021-11-08 12:58:58 - [TEST_STEP][PASSED] - scrollToElement(findTestObject(orPath_Landing + "/button_Continue"), 3): Scroll to object 'Object Repository/RAD_Pages/Landing_Page/button_Continue' successfully

2021-11-08 12:58:59 - [MESSAGE][PASSED] - Scroll to object 'Object Repository/RAD_Pages/Landing_Page/button_Continue' successfully

2021-11-08 12:58:59 - [TEST_STEP][PASSED] - waitForElementClickable(findTestObject(orPath_Landing + "/button_Continue"), 5): Object 'Object Repository/RAD_Pages/Landing_Page/button_Continue' is clickable

2021-11-08 12:58:59 - [MESSAGE][PASSED] - Object 'Object Repository/RAD_Pages/Landing_Page/button_Continue' is clickable

2021-11-08 12:58:59 - [TEST_STEP][PASSED] - click(findTestObject(orPath_Landing + "/button_Continue")): Object: 'Object Repository/RAD_Pages/Landing_Page/button_Continue' is clicked on

2021-11-08 12:59:00 - [MESSAGE][PASSED] - Object: 'Object Repository/RAD_Pages/Landing_Page/button_Continue' is clicked on

2021-11-08 12:59:00 - [TEST_STEP][PASSED] - verifyTextPresent("Review the information below and make any necessary corrections by clicking the", true): Text 'Review the information below and make any necessary corrections by clicking the' is present on page  using regular expression

2021-11-08 12:59:00 - [MESSAGE][PASSED] - Text 'Review the information below and make any necessary corrections by clicking the' is present on page  using regular expression

2021-11-08 12:59:00 - [TEST_STEP][PASSED] - verifyTextPresent("When you are confident that all the information is correct", true): Text 'When you are confident that all the information is correct' is present on page  using regular expression

2021-11-08 12:59:00 - [MESSAGE][PASSED] - Text 'When you are confident that all the information is correct' is present on page  using regular expression

2021-11-08 12:59:00 - [TEST_STEP][PASSED] - delay(1): Delayed 1 second(s)

2021-11-08 12:59:01 - [MESSAGE][PASSED] - Delayed 1 second(s)

2021-11-08 12:59:01 - [TEST_STEP][PASSED] - click(findTestObject(orPath_PaymentReady + "/button_ProceedtoPayment")): Object: 'Object Repository/RAD_Pages/PaymentReady_Page/button_ProceedtoPayment' is clicked on

2021-11-08 12:59:03 - [MESSAGE][PASSED] - Object: 'Object Repository/RAD_Pages/PaymentReady_Page/button_ProceedtoPayment' is clicked on

2021-11-08 12:59:03 - [TEST_STEP][PASSED] - setText(findTestObject(orPath_PaymentEntry + "/input__cardNumber"), CCNumber): Text '4012000098765439' is set on object 'Object Repository/RAD_Pages/PaymentEntry_Page/input__cardNumber'

2021-11-08 12:59:04 - [MESSAGE][PASSED] - Text '4012000098765439' is set on object 'Object Repository/RAD_Pages/PaymentEntry_Page/input__cardNumber'

2021-11-08 12:59:04 - [TEST_STEP][PASSED] - setText(findTestObject(orPath_PaymentEntry + "/input__spc"), CVV): Text '123' is set on object 'Object Repository/RAD_Pages/PaymentEntry_Page/input__spc'

2021-11-08 12:59:05 - [MESSAGE][PASSED] - Text '123' is set on object 'Object Repository/RAD_Pages/PaymentEntry_Page/input__spc'

2021-11-08 12:59:05 - [TEST_STEP][PASSED] - selectOptionByLabel(findTestObject(orPath_PaymentEntry + "/select_MM"), "12", false): All options with label '12' are selected in object 'Object Repository/RAD_Pages/PaymentEntry_Page/select_MM' 

2021-11-08 12:59:05 - [MESSAGE][PASSED] - All options with label '12' are selected in object 'Object Repository/RAD_Pages/PaymentEntry_Page/select_MM' 

2021-11-08 12:59:05 - [TEST_STEP][PASSED] - selectOptionByLabel(findTestObject(orPath_PaymentEntry + "/select_YYYY"), "2023", false): All options with label '2023' are selected in object 'Object Repository/RAD_Pages/PaymentEntry_Page/select_YYYY' 

2021-11-08 12:59:06 - [MESSAGE][PASSED] - All options with label '2023' are selected in object 'Object Repository/RAD_Pages/PaymentEntry_Page/select_YYYY' 

2021-11-08 12:59:06 - [TEST_STEP][PASSED] - click(findTestObject(orPath_PaymentEntry + "/input_Field_ccSubmit")): Object: 'Object Repository/RAD_Pages/PaymentEntry_Page/input_Field_ccSubmit' is clicked on

2021-11-08 12:59:07 - [MESSAGE][PASSED] - Object: 'Object Repository/RAD_Pages/PaymentEntry_Page/input_Field_ccSubmit' is clicked on

2021-11-08 12:59:07 - [TEST_STEP][PASSED] - click(findTestObject(orPath_PaymentConfirmation + "/input_N_confirmNotifyAction")): Object: 'Object Repository/RAD_Pages/PaymentConfirmation_Page/input_N_confirmNotifyAction' is clicked on

2021-11-08 12:59:08 - [MESSAGE][PASSED] - Object: 'Object Repository/RAD_Pages/PaymentConfirmation_Page/input_N_confirmNotifyAction' is clicked on

2021-11-08 12:59:08 - [TEST_STEP][PASSED] - click(findTestObject(orPath_ServiceFeesAccept + "/input_convFeeNotifyAction")): Object: 'Object Repository/RAD_Pages/ServiceFeeAccept_Page/input_convFeeNotifyAction' is clicked on

2021-11-08 12:59:10 - [MESSAGE][PASSED] - Object: 'Object Repository/RAD_Pages/ServiceFeeAccept_Page/input_convFeeNotifyAction' is clicked on

2021-11-08 12:59:10 - [TEST_STEP][PASSED] - delay(10): Delayed 10 second(s)

2021-11-08 12:59:20 - [MESSAGE][PASSED] - Delayed 10 second(s)

2021-11-08 12:59:20 - [TEST_STEP][PASSED] - verifyTextPresent("Successful Payment Receipt", true): Text 'Successful Payment Receipt' is present on page  using regular expression

2021-11-08 12:59:20 - [MESSAGE][PASSED] - Text 'Successful Payment Receipt' is present on page  using regular expression

2021-11-08 12:59:20 - [TEST_STEP][PASSED] - if (verifyTextPresent("Successful Payment Receipt", true)): null

2021-11-08 12:59:21 - [MESSAGE][PASSED] - Text 'Successful Payment Receipt' is present on page  using regular expression

2021-11-08 12:59:21 - [TEST_STEP][PASSED] - println("Transaction was Successful"): null

2021-11-08 12:59:21 - [TEST_STEP][PASSED] - out.println("Pass Record Number: " + row): null

2021-11-08 12:59:21 - [TEST_STEP][PASSED] - resText = "Pass": null

2021-11-08 12:59:21 - [TEST_STEP][PASSED] - pages.WriteExcel.demoKey(resText, datText, resColumn, datCloumn, fileLoc, nameSheet, row): pages.WriteExcel.demoKey is PASSED

2021-11-08 12:59:21 - [MESSAGE][PASSED] - pages.WriteExcel.demoKey is PASSED

2021-11-08 12:59:21 - [TEST_STEP][PASSED] - ExecuteTC = findTestData(dataFile).getValue("Execute", row): null

2021-11-08 12:59:21 - [TEST_STEP][PASSED] - Taxtype = findTestData(dataFile).getValue("TaxType", row): null

2021-11-08 12:59:21 - [TEST_STEP][PASSED] - TaxTypeEL = findTestData(dataFile).getValue("TaxTypeEL", row): null

2021-11-08 12:59:21 - [TEST_STEP][PASSED] - FilingYear = findTestData(dataFile).getValue("FilingYear", row): null

2021-11-08 12:59:21 - [TEST_STEP][PASSED] - FName = findTestData(dataFile).getValue("Fname", row): null

2021-11-08 12:59:21 - [TEST_STEP][PASSED] - LName = findTestData(dataFile).getValue("Lname", row): null

2021-11-08 12:59:21 - [TEST_STEP][PASSED] - AL1 = findTestData(dataFile).getValue("AL1", row): null

2021-11-08 12:59:21 - [TEST_STEP][PASSED] - City = findTestData(dataFile).getValue("City", row): null

2021-11-08 12:59:21 - [TEST_STEP][PASSED] - ZIP = findTestData(dataFile).getValue("ZIP", row): null

2021-11-08 12:59:21 - [TEST_STEP][PASSED] - Amount = findTestData(dataFile).getValue("Amount", row): null

2021-11-08 12:59:21 - [TEST_STEP][PASSED] - CCNumber = findTestData(dataFile).getValue("CCNumber", row): null

2021-11-08 12:59:21 - [TEST_STEP][PASSED] - CVV = findTestData(dataFile).getValue("CVV", row): null

2021-11-08 12:59:21 - [TEST_STEP][PASSED] - SSN = findTestData(dataFile).getValue("SSN", row): null

2021-11-08 12:59:21 - [TEST_STEP][PASSED] - FEIN = findTestData(dataFile).getValue("FEIN", row): null

2021-11-08 12:59:21 - [TEST_STEP][PASSED] - out.println("Value of Execute is : " + ExecuteTC): null

2021-11-08 12:59:21 - [TEST_STEP][PASSED] - if (ExecuteTC.equalsIgnoreCase("Y")): null

2021-11-08 12:59:21 - [TEST_STEP][PASSED] - out.println("Begin Record Number: " + row): null

2021-11-08 12:59:21 - [TEST_STEP][PASSED] - today = new java.util.Date(): null

2021-11-08 12:59:21 - [TEST_STEP][PASSED] - println(today): null

2021-11-08 12:59:21 - [TEST_STEP][PASSED] - datText = today: null

2021-11-08 12:59:21 - [TEST_STEP][PASSED] - Taxtype = findTestData(dataFile).getValue("TaxType", row): null

2021-11-08 12:59:21 - [TEST_STEP][PASSED] - out.println("Taxtype value is : " + Taxtype): null

2021-11-08 12:59:21 - [TEST_STEP][PASSED] - openBrowser(""): Browser is opened with url: ''

2021-11-08 12:59:21 - [MESSAGE][WARNING] - A browser is already opened. Closing browser and opening a new one

2021-11-08 12:59:22 - [MESSAGE][INFO] - Starting 'Chrome' driver

2021-11-08 12:59:22 - [MESSAGE][INFO] - User set preference: ['acceptInsecureCerts', 'true']

2021-11-08 12:59:22 - [MESSAGE][INFO] - Action delay is set to 0 milliseconds

2021-11-08 12:59:23 - [MESSAGE][PASSED] - Browser is opened with url: ''

2021-11-08 12:59:23 - [TEST_STEP][PASSED] - maximizeWindow(): Current window maximized

2021-11-08 12:59:24 - [MESSAGE][PASSED] - Current window maximized

2021-11-08 12:59:24 - [TEST_STEP][PASSED] - navigateToUrl(RADurl): Navigate to 'https://qa.velocitypayment.com/client/rad/index.html' successfully

2021-11-08 12:59:25 - [MESSAGE][PASSED] - Navigate to 'https://qa.velocitypayment.com/client/rad/index.html' successfully

2021-11-08 12:59:25 - [TEST_STEP][PASSED] - orPath_Landing = "Object Repository/RAD_Pages/Landing_Page": null

2021-11-08 12:59:25 - [TEST_STEP][PASSED] - orPath_TaxTypeFilingYear = "Object Repository/RAD_Pages/TaxTypeFilingYear_Page": null

2021-11-08 12:59:25 - [TEST_STEP][PASSED] - orPath_TaxPayer = "Object Repository/RAD_Pages/Taxpayer_Page": null

2021-11-08 12:59:25 - [TEST_STEP][PASSED] - orPath_AddressContact = "Object Repository/RAD_Pages/AddressAndContactInfo_Page": null

2021-11-08 12:59:25 - [TEST_STEP][PASSED] - orPath_FilingStatus = "Object Repository/RAD_Pages/FilingStatus_Page": null

2021-11-08 12:59:25 - [TEST_STEP][PASSED] - orPath_Amount = "Object Repository/RAD_Pages/PaymentAmount_Page": null

2021-11-08 12:59:25 - [TEST_STEP][PASSED] - orPath_TaxInfo = "Object Repository/RAD_Pages/TaxInfo_Page": null

2021-11-08 12:59:25 - [TEST_STEP][PASSED] - orPath_Withholding = "Object Repository/RAD_Pages/Withholding_Page": null

2021-11-08 12:59:25 - [TEST_STEP][PASSED] - orPath_Summary = "Object Repository/RAD_Pages/Summary_Page": null

2021-11-08 12:59:25 - [TEST_STEP][PASSED] - orPath_PaymentReady = "Object Repository/RAD_Pages/PaymentReady_Page": null

2021-11-08 12:59:25 - [TEST_STEP][PASSED] - orPath_PaymentEntry = "Object Repository/RAD_Pages/PaymentEntry_Page": null

2021-11-08 12:59:25 - [TEST_STEP][PASSED] - orPath_PaymentConfirmation = "Object Repository/RAD_Pages/PaymentConfirmation_Page": null

2021-11-08 12:59:25 - [TEST_STEP][PASSED] - orPath_ServiceFeesAccept = "Object Repository/RAD_Pages/ServiceFeeAccept_Page": null

2021-11-08 12:59:25 - [TEST_STEP][PASSED] - selectOptionByLabel(findTestObject(orPath_Landing + "/dd_TaxType"), Taxtype, false): All options with label 'Existing Liability' are selected in object 'Object Repository/RAD_Pages/Landing_Page/dd_TaxType' 

2021-11-08 12:59:26 - [MESSAGE][PASSED] - All options with label 'Existing Liability' are selected in object 'Object Repository/RAD_Pages/Landing_Page/dd_TaxType' 

2021-11-08 12:59:26 - [TEST_STEP][PASSED] - delay(1): Delayed 1 second(s)

2021-11-08 12:59:27 - [MESSAGE][PASSED] - Delayed 1 second(s)

2021-11-08 12:59:27 - [TEST_STEP][PASSED] - selectOptionByLabel(findTestObject(orPath_TaxTypeFilingYear + "/select_TaxType_ExistingLiability"), TaxTypeEL, false): All options with label 'Sales & Use Tax' are selected in object 'Object Repository/RAD_Pages/TaxTypeFilingYear_Page/select_TaxType_ExistingLiability' 

2021-11-08 12:59:28 - [MESSAGE][PASSED] - All options with label 'Sales & Use Tax' are selected in object 'Object Repository/RAD_Pages/TaxTypeFilingYear_Page/select_TaxType_ExistingLiability' 

2021-11-08 12:59:28 - [TEST_STEP][PASSED] - selectOptionByLabel(findTestObject(orPath_TaxTypeFilingYear + "/select_FilingYear"), FilingYear, false): All options with label '2021' are selected in object 'Object Repository/RAD_Pages/TaxTypeFilingYear_Page/select_FilingYear' 

2021-11-08 12:59:29 - [MESSAGE][PASSED] - All options with label '2021' are selected in object 'Object Repository/RAD_Pages/TaxTypeFilingYear_Page/select_FilingYear' 

2021-11-08 12:59:29 - [TEST_STEP][PASSED] - setText(findTestObject(orPath_TaxPayer + "/input_firstName"), FName): Text 'Jackson' is set on object 'Object Repository/RAD_Pages/Taxpayer_Page/input_firstName'

2021-11-08 12:59:29 - [MESSAGE][PASSED] - Text 'Jackson' is set on object 'Object Repository/RAD_Pages/Taxpayer_Page/input_firstName'

2021-11-08 12:59:29 - [TEST_STEP][PASSED] - setText(findTestObject(orPath_TaxPayer + "/input_lastName"), LName): Text 'Vaughn' is set on object 'Object Repository/RAD_Pages/Taxpayer_Page/input_lastName'

2021-11-08 12:59:30 - [MESSAGE][PASSED] - Text 'Vaughn' is set on object 'Object Repository/RAD_Pages/Taxpayer_Page/input_lastName'

2021-11-08 12:59:30 - [TEST_STEP][PASSED] - setText(findTestObject(orPath_TaxPayer + "/input_middleName"), "Johns"): Text 'Johns' is set on object 'Object Repository/RAD_Pages/Taxpayer_Page/input_middleName'

2021-11-08 12:59:31 - [MESSAGE][PASSED] - Text 'Johns' is set on object 'Object Repository/RAD_Pages/Taxpayer_Page/input_middleName'

2021-11-08 12:59:31 - [TEST_STEP][PASSED] - setText(findTestObject(orPath_TaxPayer + "/input_suffix"), "Sr"): Text 'Sr' is set on object 'Object Repository/RAD_Pages/Taxpayer_Page/input_suffix'

2021-11-08 12:59:31 - [MESSAGE][PASSED] - Text 'Sr' is set on object 'Object Repository/RAD_Pages/Taxpayer_Page/input_suffix'

2021-11-08 12:59:31 - [TEST_STEP][PASSED] - selectOptionByLabel(findTestObject(orPath_AddressContact + "/select_Country"), "United States", false): All options with label 'United States' are selected in object 'Object Repository/RAD_Pages/AddressAndContactInfo_Page/select_Country' 

2021-11-08 12:59:32 - [MESSAGE][PASSED] - All options with label 'United States' are selected in object 'Object Repository/RAD_Pages/AddressAndContactInfo_Page/select_Country' 

2021-11-08 12:59:32 - [TEST_STEP][PASSED] - setText(findTestObject(orPath_AddressContact + "/input_streetAddress1"), AL1): Text '1501 Mandan Terrace' is set on object 'Object Repository/RAD_Pages/AddressAndContactInfo_Page/input_streetAddress1'

2021-11-08 12:59:32 - [MESSAGE][PASSED] - Text '1501 Mandan Terrace' is set on object 'Object Repository/RAD_Pages/AddressAndContactInfo_Page/input_streetAddress1'

2021-11-08 12:59:32 - [TEST_STEP][PASSED] - setText(findTestObject(orPath_AddressContact + "/input_streetAddress2"), ""): Text '' is set on object 'Object Repository/RAD_Pages/AddressAndContactInfo_Page/input_streetAddress2'

2021-11-08 12:59:33 - [MESSAGE][PASSED] - Text '' is set on object 'Object Repository/RAD_Pages/AddressAndContactInfo_Page/input_streetAddress2'

2021-11-08 12:59:33 - [TEST_STEP][PASSED] - setText(findTestObject(orPath_AddressContact + "/input_city"), City): Text 'Bowie' is set on object 'Object Repository/RAD_Pages/AddressAndContactInfo_Page/input_city'

2021-11-08 12:59:34 - [MESSAGE][PASSED] - Text 'Bowie' is set on object 'Object Repository/RAD_Pages/AddressAndContactInfo_Page/input_city'

2021-11-08 12:59:34 - [TEST_STEP][PASSED] - selectOptionByLabel(findTestObject(orPath_AddressContact + "/select_State"), "Maryland", false): All options with label 'Maryland' are selected in object 'Object Repository/RAD_Pages/AddressAndContactInfo_Page/select_State' 

2021-11-08 12:59:34 - [MESSAGE][PASSED] - All options with label 'Maryland' are selected in object 'Object Repository/RAD_Pages/AddressAndContactInfo_Page/select_State' 

2021-11-08 12:59:34 - [TEST_STEP][PASSED] - setText(findTestObject(orPath_AddressContact + "/input_zipCode"), ZIP): Text '20720' is set on object 'Object Repository/RAD_Pages/AddressAndContactInfo_Page/input_zipCode'

2021-11-08 12:59:35 - [MESSAGE][PASSED] - Text '20720' is set on object 'Object Repository/RAD_Pages/AddressAndContactInfo_Page/input_zipCode'

2021-11-08 12:59:35 - [TEST_STEP][PASSED] - setText(findTestObject(orPath_AddressContact + "/input_phoneNumber"), "(703) 894-5000"): Text '(703) 894-5000' is set on object 'Object Repository/RAD_Pages/AddressAndContactInfo_Page/input_phoneNumber'

2021-11-08 12:59:36 - [MESSAGE][PASSED] - Text '(703) 894-5000' is set on object 'Object Repository/RAD_Pages/AddressAndContactInfo_Page/input_phoneNumber'

2021-11-08 12:59:36 - [TEST_STEP][PASSED] - setText(findTestObject(orPath_AddressContact + "/input_eMailAddress"), "iahmed@govolution.com"): Text 'iahmed@govolution.com' is set on object 'Object Repository/RAD_Pages/AddressAndContactInfo_Page/input_eMailAddress'

2021-11-08 12:59:36 - [MESSAGE][PASSED] - Text 'iahmed@govolution.com' is set on object 'Object Repository/RAD_Pages/AddressAndContactInfo_Page/input_eMailAddress'

2021-11-08 12:59:36 - [TEST_STEP][PASSED] - setText(findTestObject(orPath_AddressContact + "/input_reEnterEMailAddress"), "iahmed@govolution.com"): Text 'iahmed@govolution.com' is set on object 'Object Repository/RAD_Pages/AddressAndContactInfo_Page/input_reEnterEMailAddress'

2021-11-08 12:59:37 - [MESSAGE][PASSED] - Text 'iahmed@govolution.com' is set on object 'Object Repository/RAD_Pages/AddressAndContactInfo_Page/input_reEnterEMailAddress'

2021-11-08 12:59:37 - [TEST_STEP][PASSED] - if (!(SSN.isEmpty())): Text '123452514' is set on object 'Object Repository/RAD_Pages/TaxInfo_Page/input_TaxInfo_reTaxTypeExisitingSSN'

2021-11-08 12:59:37 - [TEST_STEP][PASSED] - setText(findTestObject(orPath_TaxInfo + "/input_TaxInfo_ExisitingSSN"), SSN): Text '123452514' is set on object 'Object Repository/RAD_Pages/TaxInfo_Page/input_TaxInfo_ExisitingSSN'

2021-11-08 12:59:38 - [MESSAGE][PASSED] - Text '123452514' is set on object 'Object Repository/RAD_Pages/TaxInfo_Page/input_TaxInfo_ExisitingSSN'

2021-11-08 12:59:38 - [TEST_STEP][PASSED] - setText(findTestObject(orPath_TaxInfo + "/input_TaxInfo_reTaxTypeExisitingSSN"), SSN): Text '123452514' is set on object 'Object Repository/RAD_Pages/TaxInfo_Page/input_TaxInfo_reTaxTypeExisitingSSN'

2021-11-08 12:59:38 - [MESSAGE][PASSED] - Text '123452514' is set on object 'Object Repository/RAD_Pages/TaxInfo_Page/input_TaxInfo_reTaxTypeExisitingSSN'

2021-11-08 12:59:38 - [TEST_STEP][PASSED] - scrollToElement(findTestObject(orPath_Amount + "/input__paymentAmount"), 3): Scroll to object 'Object Repository/RAD_Pages/PaymentAmount_Page/input__paymentAmount' successfully

2021-11-08 12:59:39 - [MESSAGE][PASSED] - Scroll to object 'Object Repository/RAD_Pages/PaymentAmount_Page/input__paymentAmount' successfully

2021-11-08 12:59:39 - [TEST_STEP][PASSED] - if (!(FEIN.isEmpty())): null

2021-11-08 12:59:39 - [TEST_STEP][PASSED] - delay(1): Delayed 1 second(s)

2021-11-08 12:59:40 - [MESSAGE][PASSED] - Delayed 1 second(s)

2021-11-08 12:59:40 - [TEST_STEP][PASSED] - setText(findTestObject(orPath_TaxInfo + "/input_NoticeInvoiceNumber"), "258147147"): Text '258147147' is set on object 'Object Repository/RAD_Pages/TaxInfo_Page/input_NoticeInvoiceNumber'

2021-11-08 12:59:41 - [MESSAGE][PASSED] - Text '258147147' is set on object 'Object Repository/RAD_Pages/TaxInfo_Page/input_NoticeInvoiceNumber'

2021-11-08 12:59:41 - [TEST_STEP][PASSED] - setText(findTestObject(orPath_TaxInfo + "/input_reTypeNoticeInvoiceNumber"), "258147147"): Text '258147147' is set on object 'Object Repository/RAD_Pages/TaxInfo_Page/input_reTypeNoticeInvoiceNumber'

2021-11-08 12:59:41 - [MESSAGE][PASSED] - Text '258147147' is set on object 'Object Repository/RAD_Pages/TaxInfo_Page/input_reTypeNoticeInvoiceNumber'

2021-11-08 12:59:41 - [TEST_STEP][PASSED] - if (TaxTypeEL.equalsIgnoreCase("Sales & Use Tax")): Text '07640126' is set on object 'Object Repository/RAD_Pages/TaxInfo_Page/input_MDCRegistrationEL'

2021-11-08 12:59:41 - [TEST_STEP][PASSED] - println("TaxTypeEL : " + TaxTypeEL): null

2021-11-08 12:59:41 - [TEST_STEP][PASSED] - setText(findTestObject(orPath_TaxInfo + "/input_MDCRegistrationEL"), "07640126"): Text '07640126' is set on object 'Object Repository/RAD_Pages/TaxInfo_Page/input_MDCRegistrationEL'

2021-11-08 12:59:42 - [MESSAGE][PASSED] - Text '07640126' is set on object 'Object Repository/RAD_Pages/TaxInfo_Page/input_MDCRegistrationEL'

2021-11-08 12:59:42 - [TEST_STEP][PASSED] - setText(findTestObject(orPath_Amount + "/input__paymentAmount"), Amount): Text '50.50' is set on object 'Object Repository/RAD_Pages/PaymentAmount_Page/input__paymentAmount'

2021-11-08 12:59:43 - [MESSAGE][PASSED] - Text '50.50' is set on object 'Object Repository/RAD_Pages/PaymentAmount_Page/input__paymentAmount'

2021-11-08 12:59:43 - [TEST_STEP][PASSED] - scrollToElement(findTestObject(orPath_Landing + "/button_Continue"), 3): Scroll to object 'Object Repository/RAD_Pages/Landing_Page/button_Continue' successfully

2021-11-08 12:59:43 - [MESSAGE][PASSED] - Scroll to object 'Object Repository/RAD_Pages/Landing_Page/button_Continue' successfully

2021-11-08 12:59:43 - [TEST_STEP][PASSED] - waitForElementClickable(findTestObject(orPath_Landing + "/button_Continue"), 5): Object 'Object Repository/RAD_Pages/Landing_Page/button_Continue' is clickable

2021-11-08 12:59:44 - [MESSAGE][PASSED] - Object 'Object Repository/RAD_Pages/Landing_Page/button_Continue' is clickable

2021-11-08 12:59:44 - [TEST_STEP][PASSED] - click(findTestObject(orPath_Landing + "/button_Continue")): Object: 'Object Repository/RAD_Pages/Landing_Page/button_Continue' is clicked on

2021-11-08 12:59:44 - [MESSAGE][PASSED] - Object: 'Object Repository/RAD_Pages/Landing_Page/button_Continue' is clicked on

2021-11-08 12:59:44 - [TEST_STEP][PASSED] - verifyTextPresent("Review the information below and make any necessary corrections by clicking the", true): Text 'Review the information below and make any necessary corrections by clicking the' is present on page  using regular expression

2021-11-08 12:59:45 - [MESSAGE][PASSED] - Text 'Review the information below and make any necessary corrections by clicking the' is present on page  using regular expression

2021-11-08 12:59:45 - [TEST_STEP][PASSED] - verifyTextPresent("When you are confident that all the information is correct", true): Text 'When you are confident that all the information is correct' is present on page  using regular expression

2021-11-08 12:59:45 - [MESSAGE][PASSED] - Text 'When you are confident that all the information is correct' is present on page  using regular expression

2021-11-08 12:59:45 - [TEST_STEP][PASSED] - delay(1): Delayed 1 second(s)

2021-11-08 12:59:46 - [MESSAGE][PASSED] - Delayed 1 second(s)

2021-11-08 12:59:46 - [TEST_STEP][PASSED] - click(findTestObject(orPath_PaymentReady + "/button_ProceedtoPayment")): Object: 'Object Repository/RAD_Pages/PaymentReady_Page/button_ProceedtoPayment' is clicked on

2021-11-08 12:59:48 - [MESSAGE][PASSED] - Object: 'Object Repository/RAD_Pages/PaymentReady_Page/button_ProceedtoPayment' is clicked on

2021-11-08 12:59:48 - [TEST_STEP][PASSED] - setText(findTestObject(orPath_PaymentEntry + "/input__cardNumber"), CCNumber): Text '6011000993026909' is set on object 'Object Repository/RAD_Pages/PaymentEntry_Page/input__cardNumber'

2021-11-08 12:59:49 - [MESSAGE][PASSED] - Text '6011000993026909' is set on object 'Object Repository/RAD_Pages/PaymentEntry_Page/input__cardNumber'

2021-11-08 12:59:49 - [TEST_STEP][PASSED] - setText(findTestObject(orPath_PaymentEntry + "/input__spc"), CVV): Text '123' is set on object 'Object Repository/RAD_Pages/PaymentEntry_Page/input__spc'

2021-11-08 12:59:49 - [MESSAGE][PASSED] - Text '123' is set on object 'Object Repository/RAD_Pages/PaymentEntry_Page/input__spc'

2021-11-08 12:59:49 - [TEST_STEP][PASSED] - selectOptionByLabel(findTestObject(orPath_PaymentEntry + "/select_MM"), "12", false): All options with label '12' are selected in object 'Object Repository/RAD_Pages/PaymentEntry_Page/select_MM' 

2021-11-08 12:59:50 - [MESSAGE][PASSED] - All options with label '12' are selected in object 'Object Repository/RAD_Pages/PaymentEntry_Page/select_MM' 

2021-11-08 12:59:50 - [TEST_STEP][PASSED] - selectOptionByLabel(findTestObject(orPath_PaymentEntry + "/select_YYYY"), "2023", false): All options with label '2023' are selected in object 'Object Repository/RAD_Pages/PaymentEntry_Page/select_YYYY' 

2021-11-08 12:59:51 - [MESSAGE][PASSED] - All options with label '2023' are selected in object 'Object Repository/RAD_Pages/PaymentEntry_Page/select_YYYY' 

2021-11-08 12:59:51 - [TEST_STEP][PASSED] - click(findTestObject(orPath_PaymentEntry + "/input_Field_ccSubmit")): Object: 'Object Repository/RAD_Pages/PaymentEntry_Page/input_Field_ccSubmit' is clicked on

2021-11-08 12:59:52 - [MESSAGE][PASSED] - Object: 'Object Repository/RAD_Pages/PaymentEntry_Page/input_Field_ccSubmit' is clicked on

2021-11-08 12:59:52 - [TEST_STEP][PASSED] - click(findTestObject(orPath_PaymentConfirmation + "/input_N_confirmNotifyAction")): Object: 'Object Repository/RAD_Pages/PaymentConfirmation_Page/input_N_confirmNotifyAction' is clicked on

2021-11-08 12:59:53 - [MESSAGE][PASSED] - Object: 'Object Repository/RAD_Pages/PaymentConfirmation_Page/input_N_confirmNotifyAction' is clicked on

2021-11-08 12:59:53 - [TEST_STEP][PASSED] - click(findTestObject(orPath_ServiceFeesAccept + "/input_convFeeNotifyAction")): Object: 'Object Repository/RAD_Pages/ServiceFeeAccept_Page/input_convFeeNotifyAction' is clicked on

2021-11-08 12:59:55 - [MESSAGE][PASSED] - Object: 'Object Repository/RAD_Pages/ServiceFeeAccept_Page/input_convFeeNotifyAction' is clicked on

2021-11-08 12:59:55 - [TEST_STEP][PASSED] - delay(10): Delayed 10 second(s)

2021-11-08 13:00:05 - [MESSAGE][PASSED] - Delayed 10 second(s)

2021-11-08 13:00:05 - [TEST_STEP][PASSED] - verifyTextPresent("Successful Payment Receipt", true): Text 'Successful Payment Receipt' is present on page  using regular expression

2021-11-08 13:00:05 - [MESSAGE][PASSED] - Text 'Successful Payment Receipt' is present on page  using regular expression

2021-11-08 13:00:05 - [TEST_STEP][PASSED] - if (verifyTextPresent("Successful Payment Receipt", true)): null

2021-11-08 13:00:05 - [MESSAGE][PASSED] - Text 'Successful Payment Receipt' is present on page  using regular expression

2021-11-08 13:00:05 - [TEST_STEP][PASSED] - println("Transaction was Successful"): null

2021-11-08 13:00:05 - [TEST_STEP][PASSED] - out.println("Pass Record Number: " + row): null

2021-11-08 13:00:05 - [TEST_STEP][PASSED] - resText = "Pass": null

2021-11-08 13:00:05 - [TEST_STEP][PASSED] - pages.WriteExcel.demoKey(resText, datText, resColumn, datCloumn, fileLoc, nameSheet, row): pages.WriteExcel.demoKey is PASSED

2021-11-08 13:00:05 - [MESSAGE][PASSED] - pages.WriteExcel.demoKey is PASSED

2021-11-08 13:00:05 - [TEST_STEP][PASSED] - ExecuteTC = findTestData(dataFile).getValue("Execute", row): null

2021-11-08 13:00:06 - [TEST_STEP][PASSED] - Taxtype = findTestData(dataFile).getValue("TaxType", row): null

2021-11-08 13:00:06 - [TEST_STEP][PASSED] - TaxTypeEL = findTestData(dataFile).getValue("TaxTypeEL", row): null

2021-11-08 13:00:06 - [TEST_STEP][PASSED] - FilingYear = findTestData(dataFile).getValue("FilingYear", row): null

2021-11-08 13:00:06 - [TEST_STEP][PASSED] - FName = findTestData(dataFile).getValue("Fname", row): null

2021-11-08 13:00:06 - [TEST_STEP][PASSED] - LName = findTestData(dataFile).getValue("Lname", row): null

2021-11-08 13:00:06 - [TEST_STEP][PASSED] - AL1 = findTestData(dataFile).getValue("AL1", row): null

2021-11-08 13:00:06 - [TEST_STEP][PASSED] - City = findTestData(dataFile).getValue("City", row): null

2021-11-08 13:00:06 - [TEST_STEP][PASSED] - ZIP = findTestData(dataFile).getValue("ZIP", row): null

2021-11-08 13:00:06 - [TEST_STEP][PASSED] - Amount = findTestData(dataFile).getValue("Amount", row): null

2021-11-08 13:00:06 - [TEST_STEP][PASSED] - CCNumber = findTestData(dataFile).getValue("CCNumber", row): null

2021-11-08 13:00:06 - [TEST_STEP][PASSED] - CVV = findTestData(dataFile).getValue("CVV", row): null

2021-11-08 13:00:06 - [TEST_STEP][PASSED] - SSN = findTestData(dataFile).getValue("SSN", row): null

2021-11-08 13:00:06 - [TEST_STEP][PASSED] - FEIN = findTestData(dataFile).getValue("FEIN", row): null

2021-11-08 13:00:06 - [TEST_STEP][PASSED] - out.println("Value of Execute is : " + ExecuteTC): null

2021-11-08 13:00:06 - [TEST_STEP][PASSED] - if (ExecuteTC.equalsIgnoreCase("Y")): null

2021-11-08 13:00:06 - [TEST_STEP][PASSED] - out.println("Begin Record Number: " + row): null

2021-11-08 13:00:06 - [TEST_STEP][PASSED] - today = new java.util.Date(): null

2021-11-08 13:00:06 - [TEST_STEP][PASSED] - println(today): null

2021-11-08 13:00:06 - [TEST_STEP][PASSED] - datText = today: null

2021-11-08 13:00:06 - [TEST_STEP][PASSED] - Taxtype = findTestData(dataFile).getValue("TaxType", row): null

2021-11-08 13:00:06 - [TEST_STEP][PASSED] - out.println("Taxtype value is : " + Taxtype): null

2021-11-08 13:00:06 - [TEST_STEP][PASSED] - openBrowser(""): Browser is opened with url: ''

2021-11-08 13:00:06 - [MESSAGE][WARNING] - A browser is already opened. Closing browser and opening a new one

2021-11-08 13:00:07 - [MESSAGE][INFO] - Starting 'Chrome' driver

2021-11-08 13:00:07 - [MESSAGE][INFO] - User set preference: ['acceptInsecureCerts', 'true']

2021-11-08 13:00:07 - [MESSAGE][INFO] - Action delay is set to 0 milliseconds

2021-11-08 13:00:08 - [MESSAGE][PASSED] - Browser is opened with url: ''

2021-11-08 13:00:08 - [TEST_STEP][PASSED] - maximizeWindow(): Current window maximized

2021-11-08 13:00:08 - [MESSAGE][PASSED] - Current window maximized

2021-11-08 13:00:08 - [TEST_STEP][PASSED] - navigateToUrl(RADurl): Navigate to 'https://qa.velocitypayment.com/client/rad/index.html' successfully

2021-11-08 13:00:10 - [MESSAGE][PASSED] - Navigate to 'https://qa.velocitypayment.com/client/rad/index.html' successfully

2021-11-08 13:00:10 - [TEST_STEP][PASSED] - orPath_Landing = "Object Repository/RAD_Pages/Landing_Page": null

2021-11-08 13:00:10 - [TEST_STEP][PASSED] - orPath_TaxTypeFilingYear = "Object Repository/RAD_Pages/TaxTypeFilingYear_Page": null

2021-11-08 13:00:10 - [TEST_STEP][PASSED] - orPath_TaxPayer = "Object Repository/RAD_Pages/Taxpayer_Page": null

2021-11-08 13:00:10 - [TEST_STEP][PASSED] - orPath_AddressContact = "Object Repository/RAD_Pages/AddressAndContactInfo_Page": null

2021-11-08 13:00:10 - [TEST_STEP][PASSED] - orPath_FilingStatus = "Object Repository/RAD_Pages/FilingStatus_Page": null

2021-11-08 13:00:10 - [TEST_STEP][PASSED] - orPath_Amount = "Object Repository/RAD_Pages/PaymentAmount_Page": null

2021-11-08 13:00:10 - [TEST_STEP][PASSED] - orPath_TaxInfo = "Object Repository/RAD_Pages/TaxInfo_Page": null

2021-11-08 13:00:10 - [TEST_STEP][PASSED] - orPath_Withholding = "Object Repository/RAD_Pages/Withholding_Page": null

2021-11-08 13:00:10 - [TEST_STEP][PASSED] - orPath_Summary = "Object Repository/RAD_Pages/Summary_Page": null

2021-11-08 13:00:10 - [TEST_STEP][PASSED] - orPath_PaymentReady = "Object Repository/RAD_Pages/PaymentReady_Page": null

2021-11-08 13:00:10 - [TEST_STEP][PASSED] - orPath_PaymentEntry = "Object Repository/RAD_Pages/PaymentEntry_Page": null

2021-11-08 13:00:10 - [TEST_STEP][PASSED] - orPath_PaymentConfirmation = "Object Repository/RAD_Pages/PaymentConfirmation_Page": null

2021-11-08 13:00:10 - [TEST_STEP][PASSED] - orPath_ServiceFeesAccept = "Object Repository/RAD_Pages/ServiceFeeAccept_Page": null

2021-11-08 13:00:10 - [TEST_STEP][PASSED] - selectOptionByLabel(findTestObject(orPath_Landing + "/dd_TaxType"), Taxtype, false): All options with label 'Existing Liability' are selected in object 'Object Repository/RAD_Pages/Landing_Page/dd_TaxType' 

2021-11-08 13:00:11 - [MESSAGE][PASSED] - All options with label 'Existing Liability' are selected in object 'Object Repository/RAD_Pages/Landing_Page/dd_TaxType' 

2021-11-08 13:00:11 - [TEST_STEP][PASSED] - delay(1): Delayed 1 second(s)

2021-11-08 13:00:12 - [MESSAGE][PASSED] - Delayed 1 second(s)

2021-11-08 13:00:12 - [TEST_STEP][PASSED] - selectOptionByLabel(findTestObject(orPath_TaxTypeFilingYear + "/select_TaxType_ExistingLiability"), TaxTypeEL, false): All options with label 'Sales & Use Tax' are selected in object 'Object Repository/RAD_Pages/TaxTypeFilingYear_Page/select_TaxType_ExistingLiability' 

2021-11-08 13:00:13 - [MESSAGE][PASSED] - All options with label 'Sales & Use Tax' are selected in object 'Object Repository/RAD_Pages/TaxTypeFilingYear_Page/select_TaxType_ExistingLiability' 

2021-11-08 13:00:13 - [TEST_STEP][PASSED] - selectOptionByLabel(findTestObject(orPath_TaxTypeFilingYear + "/select_FilingYear"), FilingYear, false): All options with label '2021' are selected in object 'Object Repository/RAD_Pages/TaxTypeFilingYear_Page/select_FilingYear' 

2021-11-08 13:00:13 - [MESSAGE][PASSED] - All options with label '2021' are selected in object 'Object Repository/RAD_Pages/TaxTypeFilingYear_Page/select_FilingYear' 

2021-11-08 13:00:13 - [TEST_STEP][PASSED] - setText(findTestObject(orPath_TaxPayer + "/input_firstName"), FName): Text 'Jackson' is set on object 'Object Repository/RAD_Pages/Taxpayer_Page/input_firstName'

2021-11-08 13:00:14 - [MESSAGE][PASSED] - Text 'Jackson' is set on object 'Object Repository/RAD_Pages/Taxpayer_Page/input_firstName'

2021-11-08 13:00:14 - [TEST_STEP][PASSED] - setText(findTestObject(orPath_TaxPayer + "/input_lastName"), LName): Text 'Vaughn' is set on object 'Object Repository/RAD_Pages/Taxpayer_Page/input_lastName'

2021-11-08 13:00:15 - [MESSAGE][PASSED] - Text 'Vaughn' is set on object 'Object Repository/RAD_Pages/Taxpayer_Page/input_lastName'

2021-11-08 13:00:15 - [TEST_STEP][PASSED] - setText(findTestObject(orPath_TaxPayer + "/input_middleName"), "Johns"): Text 'Johns' is set on object 'Object Repository/RAD_Pages/Taxpayer_Page/input_middleName'

2021-11-08 13:00:15 - [MESSAGE][PASSED] - Text 'Johns' is set on object 'Object Repository/RAD_Pages/Taxpayer_Page/input_middleName'

2021-11-08 13:00:15 - [TEST_STEP][PASSED] - setText(findTestObject(orPath_TaxPayer + "/input_suffix"), "Sr"): Text 'Sr' is set on object 'Object Repository/RAD_Pages/Taxpayer_Page/input_suffix'

2021-11-08 13:00:16 - [MESSAGE][PASSED] - Text 'Sr' is set on object 'Object Repository/RAD_Pages/Taxpayer_Page/input_suffix'

2021-11-08 13:00:16 - [TEST_STEP][PASSED] - selectOptionByLabel(findTestObject(orPath_AddressContact + "/select_Country"), "United States", false): All options with label 'United States' are selected in object 'Object Repository/RAD_Pages/AddressAndContactInfo_Page/select_Country' 

2021-11-08 13:00:16 - [MESSAGE][PASSED] - All options with label 'United States' are selected in object 'Object Repository/RAD_Pages/AddressAndContactInfo_Page/select_Country' 

2021-11-08 13:00:16 - [TEST_STEP][PASSED] - setText(findTestObject(orPath_AddressContact + "/input_streetAddress1"), AL1): Text '1501 Mandan Terrace' is set on object 'Object Repository/RAD_Pages/AddressAndContactInfo_Page/input_streetAddress1'

2021-11-08 13:00:17 - [MESSAGE][PASSED] - Text '1501 Mandan Terrace' is set on object 'Object Repository/RAD_Pages/AddressAndContactInfo_Page/input_streetAddress1'

2021-11-08 13:00:17 - [TEST_STEP][PASSED] - setText(findTestObject(orPath_AddressContact + "/input_streetAddress2"), ""): Text '' is set on object 'Object Repository/RAD_Pages/AddressAndContactInfo_Page/input_streetAddress2'

2021-11-08 13:00:18 - [MESSAGE][PASSED] - Text '' is set on object 'Object Repository/RAD_Pages/AddressAndContactInfo_Page/input_streetAddress2'

2021-11-08 13:00:18 - [TEST_STEP][PASSED] - setText(findTestObject(orPath_AddressContact + "/input_city"), City): Text 'Bowie' is set on object 'Object Repository/RAD_Pages/AddressAndContactInfo_Page/input_city'

2021-11-08 13:00:18 - [MESSAGE][PASSED] - Text 'Bowie' is set on object 'Object Repository/RAD_Pages/AddressAndContactInfo_Page/input_city'

2021-11-08 13:00:18 - [TEST_STEP][PASSED] - selectOptionByLabel(findTestObject(orPath_AddressContact + "/select_State"), "Maryland", false): All options with label 'Maryland' are selected in object 'Object Repository/RAD_Pages/AddressAndContactInfo_Page/select_State' 

2021-11-08 13:00:19 - [MESSAGE][PASSED] - All options with label 'Maryland' are selected in object 'Object Repository/RAD_Pages/AddressAndContactInfo_Page/select_State' 

2021-11-08 13:00:19 - [TEST_STEP][PASSED] - setText(findTestObject(orPath_AddressContact + "/input_zipCode"), ZIP): Text '20720' is set on object 'Object Repository/RAD_Pages/AddressAndContactInfo_Page/input_zipCode'

2021-11-08 13:00:20 - [MESSAGE][PASSED] - Text '20720' is set on object 'Object Repository/RAD_Pages/AddressAndContactInfo_Page/input_zipCode'

2021-11-08 13:00:20 - [TEST_STEP][PASSED] - setText(findTestObject(orPath_AddressContact + "/input_phoneNumber"), "(703) 894-5000"): Text '(703) 894-5000' is set on object 'Object Repository/RAD_Pages/AddressAndContactInfo_Page/input_phoneNumber'

2021-11-08 13:00:20 - [MESSAGE][PASSED] - Text '(703) 894-5000' is set on object 'Object Repository/RAD_Pages/AddressAndContactInfo_Page/input_phoneNumber'

2021-11-08 13:00:20 - [TEST_STEP][PASSED] - setText(findTestObject(orPath_AddressContact + "/input_eMailAddress"), "iahmed@govolution.com"): Text 'iahmed@govolution.com' is set on object 'Object Repository/RAD_Pages/AddressAndContactInfo_Page/input_eMailAddress'

2021-11-08 13:00:21 - [MESSAGE][PASSED] - Text 'iahmed@govolution.com' is set on object 'Object Repository/RAD_Pages/AddressAndContactInfo_Page/input_eMailAddress'

2021-11-08 13:00:21 - [TEST_STEP][PASSED] - setText(findTestObject(orPath_AddressContact + "/input_reEnterEMailAddress"), "iahmed@govolution.com"): Text 'iahmed@govolution.com' is set on object 'Object Repository/RAD_Pages/AddressAndContactInfo_Page/input_reEnterEMailAddress'

2021-11-08 13:00:22 - [MESSAGE][PASSED] - Text 'iahmed@govolution.com' is set on object 'Object Repository/RAD_Pages/AddressAndContactInfo_Page/input_reEnterEMailAddress'

2021-11-08 13:00:22 - [TEST_STEP][PASSED] - if (!(SSN.isEmpty())): null

2021-11-08 13:00:22 - [TEST_STEP][PASSED] - scrollToElement(findTestObject(orPath_Amount + "/input__paymentAmount"), 3): Scroll to object 'Object Repository/RAD_Pages/PaymentAmount_Page/input__paymentAmount' successfully

2021-11-08 13:00:22 - [MESSAGE][PASSED] - Scroll to object 'Object Repository/RAD_Pages/PaymentAmount_Page/input__paymentAmount' successfully

2021-11-08 13:00:22 - [TEST_STEP][PASSED] - if (!(FEIN.isEmpty())): Text '258369265' is set on object 'Object Repository/RAD_Pages/TaxInfo_Page/input_ReTypeFEIN'

2021-11-08 13:00:22 - [TEST_STEP][PASSED] - setText(findTestObject(orPath_TaxInfo + "/input_FEIN"), FEIN): Text '258369265' is set on object 'Object Repository/RAD_Pages/TaxInfo_Page/input_FEIN'

2021-11-08 13:00:23 - [MESSAGE][PASSED] - Text '258369265' is set on object 'Object Repository/RAD_Pages/TaxInfo_Page/input_FEIN'

2021-11-08 13:00:23 - [TEST_STEP][PASSED] - setText(findTestObject(orPath_TaxInfo + "/input_ReTypeFEIN"), FEIN): Text '258369265' is set on object 'Object Repository/RAD_Pages/TaxInfo_Page/input_ReTypeFEIN'

2021-11-08 13:00:23 - [MESSAGE][PASSED] - Text '258369265' is set on object 'Object Repository/RAD_Pages/TaxInfo_Page/input_ReTypeFEIN'

2021-11-08 13:00:23 - [TEST_STEP][PASSED] - delay(1): Delayed 1 second(s)

2021-11-08 13:00:24 - [MESSAGE][PASSED] - Delayed 1 second(s)

2021-11-08 13:00:24 - [TEST_STEP][PASSED] - setText(findTestObject(orPath_TaxInfo + "/input_NoticeInvoiceNumber"), "258147147"): Text '258147147' is set on object 'Object Repository/RAD_Pages/TaxInfo_Page/input_NoticeInvoiceNumber'

2021-11-08 13:00:25 - [MESSAGE][PASSED] - Text '258147147' is set on object 'Object Repository/RAD_Pages/TaxInfo_Page/input_NoticeInvoiceNumber'

2021-11-08 13:00:25 - [TEST_STEP][PASSED] - setText(findTestObject(orPath_TaxInfo + "/input_reTypeNoticeInvoiceNumber"), "258147147"): Text '258147147' is set on object 'Object Repository/RAD_Pages/TaxInfo_Page/input_reTypeNoticeInvoiceNumber'

2021-11-08 13:00:26 - [MESSAGE][PASSED] - Text '258147147' is set on object 'Object Repository/RAD_Pages/TaxInfo_Page/input_reTypeNoticeInvoiceNumber'

2021-11-08 13:00:26 - [TEST_STEP][PASSED] - if (TaxTypeEL.equalsIgnoreCase("Sales & Use Tax")): Text '07640126' is set on object 'Object Repository/RAD_Pages/TaxInfo_Page/input_MDCRegistrationEL'

2021-11-08 13:00:26 - [TEST_STEP][PASSED] - println("TaxTypeEL : " + TaxTypeEL): null

2021-11-08 13:00:26 - [TEST_STEP][PASSED] - setText(findTestObject(orPath_TaxInfo + "/input_MDCRegistrationEL"), "07640126"): Text '07640126' is set on object 'Object Repository/RAD_Pages/TaxInfo_Page/input_MDCRegistrationEL'

2021-11-08 13:00:27 - [MESSAGE][PASSED] - Text '07640126' is set on object 'Object Repository/RAD_Pages/TaxInfo_Page/input_MDCRegistrationEL'

2021-11-08 13:00:27 - [TEST_STEP][PASSED] - setText(findTestObject(orPath_Amount + "/input__paymentAmount"), Amount): Text '50.50' is set on object 'Object Repository/RAD_Pages/PaymentAmount_Page/input__paymentAmount'

2021-11-08 13:00:28 - [MESSAGE][PASSED] - Text '50.50' is set on object 'Object Repository/RAD_Pages/PaymentAmount_Page/input__paymentAmount'

2021-11-08 13:00:28 - [TEST_STEP][PASSED] - scrollToElement(findTestObject(orPath_Landing + "/button_Continue"), 3): Scroll to object 'Object Repository/RAD_Pages/Landing_Page/button_Continue' successfully

2021-11-08 13:00:28 - [MESSAGE][PASSED] - Scroll to object 'Object Repository/RAD_Pages/Landing_Page/button_Continue' successfully

2021-11-08 13:00:28 - [TEST_STEP][PASSED] - waitForElementClickable(findTestObject(orPath_Landing + "/button_Continue"), 5): Object 'Object Repository/RAD_Pages/Landing_Page/button_Continue' is clickable

2021-11-08 13:00:28 - [MESSAGE][PASSED] - Object 'Object Repository/RAD_Pages/Landing_Page/button_Continue' is clickable

2021-11-08 13:00:28 - [TEST_STEP][PASSED] - click(findTestObject(orPath_Landing + "/button_Continue")): Object: 'Object Repository/RAD_Pages/Landing_Page/button_Continue' is clicked on

2021-11-08 13:00:29 - [MESSAGE][PASSED] - Object: 'Object Repository/RAD_Pages/Landing_Page/button_Continue' is clicked on

2021-11-08 13:00:29 - [TEST_STEP][PASSED] - verifyTextPresent("Review the information below and make any necessary corrections by clicking the", true): Text 'Review the information below and make any necessary corrections by clicking the' is present on page  using regular expression

2021-11-08 13:00:29 - [MESSAGE][PASSED] - Text 'Review the information below and make any necessary corrections by clicking the' is present on page  using regular expression

2021-11-08 13:00:29 - [TEST_STEP][PASSED] - verifyTextPresent("When you are confident that all the information is correct", true): Text 'When you are confident that all the information is correct' is present on page  using regular expression

2021-11-08 13:00:30 - [MESSAGE][PASSED] - Text 'When you are confident that all the information is correct' is present on page  using regular expression

2021-11-08 13:00:30 - [TEST_STEP][PASSED] - delay(1): Delayed 1 second(s)

2021-11-08 13:00:31 - [MESSAGE][PASSED] - Delayed 1 second(s)

2021-11-08 13:00:31 - [TEST_STEP][PASSED] - click(findTestObject(orPath_PaymentReady + "/button_ProceedtoPayment")): Object: 'Object Repository/RAD_Pages/PaymentReady_Page/button_ProceedtoPayment' is clicked on

2021-11-08 13:00:34 - [MESSAGE][PASSED] - Object: 'Object Repository/RAD_Pages/PaymentReady_Page/button_ProceedtoPayment' is clicked on

2021-11-08 13:00:34 - [TEST_STEP][PASSED] - setText(findTestObject(orPath_PaymentEntry + "/input__cardNumber"), CCNumber): Text '6011000993026909' is set on object 'Object Repository/RAD_Pages/PaymentEntry_Page/input__cardNumber'

2021-11-08 13:00:35 - [MESSAGE][PASSED] - Text '6011000993026909' is set on object 'Object Repository/RAD_Pages/PaymentEntry_Page/input__cardNumber'

2021-11-08 13:00:35 - [TEST_STEP][PASSED] - setText(findTestObject(orPath_PaymentEntry + "/input__spc"), CVV): Text '123' is set on object 'Object Repository/RAD_Pages/PaymentEntry_Page/input__spc'

2021-11-08 13:00:36 - [MESSAGE][PASSED] - Text '123' is set on object 'Object Repository/RAD_Pages/PaymentEntry_Page/input__spc'

2021-11-08 13:00:36 - [TEST_STEP][PASSED] - selectOptionByLabel(findTestObject(orPath_PaymentEntry + "/select_MM"), "12", false): All options with label '12' are selected in object 'Object Repository/RAD_Pages/PaymentEntry_Page/select_MM' 

2021-11-08 13:00:36 - [MESSAGE][PASSED] - All options with label '12' are selected in object 'Object Repository/RAD_Pages/PaymentEntry_Page/select_MM' 

2021-11-08 13:00:36 - [TEST_STEP][PASSED] - selectOptionByLabel(findTestObject(orPath_PaymentEntry + "/select_YYYY"), "2023", false): All options with label '2023' are selected in object 'Object Repository/RAD_Pages/PaymentEntry_Page/select_YYYY' 

2021-11-08 13:00:37 - [MESSAGE][PASSED] - All options with label '2023' are selected in object 'Object Repository/RAD_Pages/PaymentEntry_Page/select_YYYY' 

2021-11-08 13:00:37 - [TEST_STEP][PASSED] - click(findTestObject(orPath_PaymentEntry + "/input_Field_ccSubmit")): Object: 'Object Repository/RAD_Pages/PaymentEntry_Page/input_Field_ccSubmit' is clicked on

2021-11-08 13:00:38 - [MESSAGE][PASSED] - Object: 'Object Repository/RAD_Pages/PaymentEntry_Page/input_Field_ccSubmit' is clicked on

2021-11-08 13:00:38 - [TEST_STEP][PASSED] - click(findTestObject(orPath_PaymentConfirmation + "/input_N_confirmNotifyAction")): Object: 'Object Repository/RAD_Pages/PaymentConfirmation_Page/input_N_confirmNotifyAction' is clicked on

2021-11-08 13:00:40 - [MESSAGE][PASSED] - Object: 'Object Repository/RAD_Pages/PaymentConfirmation_Page/input_N_confirmNotifyAction' is clicked on

2021-11-08 13:00:40 - [TEST_STEP][PASSED] - click(findTestObject(orPath_ServiceFeesAccept + "/input_convFeeNotifyAction")): Object: 'Object Repository/RAD_Pages/ServiceFeeAccept_Page/input_convFeeNotifyAction' is clicked on

2021-11-08 13:00:41 - [MESSAGE][PASSED] - Object: 'Object Repository/RAD_Pages/ServiceFeeAccept_Page/input_convFeeNotifyAction' is clicked on

2021-11-08 13:00:41 - [TEST_STEP][PASSED] - delay(10): Delayed 10 second(s)

2021-11-08 13:00:51 - [MESSAGE][PASSED] - Delayed 10 second(s)

2021-11-08 13:00:51 - [TEST_STEP][PASSED] - verifyTextPresent("Successful Payment Receipt", true): Text 'Successful Payment Receipt' is present on page  using regular expression

2021-11-08 13:00:52 - [MESSAGE][PASSED] - Text 'Successful Payment Receipt' is present on page  using regular expression

2021-11-08 13:00:52 - [TEST_STEP][PASSED] - if (verifyTextPresent("Successful Payment Receipt", true)): null

2021-11-08 13:00:52 - [MESSAGE][PASSED] - Text 'Successful Payment Receipt' is present on page  using regular expression

2021-11-08 13:00:52 - [TEST_STEP][PASSED] - println("Transaction was Successful"): null

2021-11-08 13:00:52 - [TEST_STEP][PASSED] - out.println("Pass Record Number: " + row): null

2021-11-08 13:00:52 - [TEST_STEP][PASSED] - resText = "Pass": null

2021-11-08 13:00:52 - [TEST_STEP][PASSED] - pages.WriteExcel.demoKey(resText, datText, resColumn, datCloumn, fileLoc, nameSheet, row): pages.WriteExcel.demoKey is PASSED

2021-11-08 13:00:52 - [MESSAGE][PASSED] - pages.WriteExcel.demoKey is PASSED

2021-11-08 13:00:52 - [TEST_STEP][PASSED] - ExecuteTC = findTestData(dataFile).getValue("Execute", row): null

2021-11-08 13:00:52 - [TEST_STEP][PASSED] - Taxtype = findTestData(dataFile).getValue("TaxType", row): null

2021-11-08 13:00:52 - [TEST_STEP][PASSED] - TaxTypeEL = findTestData(dataFile).getValue("TaxTypeEL", row): null

2021-11-08 13:00:52 - [TEST_STEP][PASSED] - FilingYear = findTestData(dataFile).getValue("FilingYear", row): null

2021-11-08 13:00:52 - [TEST_STEP][PASSED] - FName = findTestData(dataFile).getValue("Fname", row): null

2021-11-08 13:00:52 - [TEST_STEP][PASSED] - LName = findTestData(dataFile).getValue("Lname", row): null

2021-11-08 13:00:52 - [TEST_STEP][PASSED] - AL1 = findTestData(dataFile).getValue("AL1", row): null

2021-11-08 13:00:52 - [TEST_STEP][PASSED] - City = findTestData(dataFile).getValue("City", row): null

2021-11-08 13:00:52 - [TEST_STEP][PASSED] - ZIP = findTestData(dataFile).getValue("ZIP", row): null

2021-11-08 13:00:52 - [TEST_STEP][PASSED] - Amount = findTestData(dataFile).getValue("Amount", row): null

2021-11-08 13:00:52 - [TEST_STEP][PASSED] - CCNumber = findTestData(dataFile).getValue("CCNumber", row): null

2021-11-08 13:00:52 - [TEST_STEP][PASSED] - CVV = findTestData(dataFile).getValue("CVV", row): null

2021-11-08 13:00:52 - [TEST_STEP][PASSED] - SSN = findTestData(dataFile).getValue("SSN", row): null

2021-11-08 13:00:52 - [TEST_STEP][PASSED] - FEIN = findTestData(dataFile).getValue("FEIN", row): null

2021-11-08 13:00:52 - [TEST_STEP][PASSED] - out.println("Value of Execute is : " + ExecuteTC): null

2021-11-08 13:00:52 - [TEST_STEP][PASSED] - if (ExecuteTC.equalsIgnoreCase("Y")): null

2021-11-08 13:00:52 - [TEST_STEP][PASSED] - out.println("Begin Record Number: " + row): null

2021-11-08 13:00:52 - [TEST_STEP][PASSED] - today = new java.util.Date(): null

2021-11-08 13:00:52 - [TEST_STEP][PASSED] - println(today): null

2021-11-08 13:00:52 - [TEST_STEP][PASSED] - datText = today: null

2021-11-08 13:00:52 - [TEST_STEP][PASSED] - Taxtype = findTestData(dataFile).getValue("TaxType", row): null

2021-11-08 13:00:52 - [TEST_STEP][PASSED] - out.println("Taxtype value is : " + Taxtype): null

2021-11-08 13:00:52 - [TEST_STEP][PASSED] - openBrowser(""): Browser is opened with url: ''

2021-11-08 13:00:52 - [MESSAGE][WARNING] - A browser is already opened. Closing browser and opening a new one

2021-11-08 13:00:53 - [MESSAGE][INFO] - Starting 'Chrome' driver

2021-11-08 13:00:53 - [MESSAGE][INFO] - User set preference: ['acceptInsecureCerts', 'true']

2021-11-08 13:00:53 - [MESSAGE][INFO] - Action delay is set to 0 milliseconds

2021-11-08 13:00:55 - [MESSAGE][PASSED] - Browser is opened with url: ''

2021-11-08 13:00:55 - [TEST_STEP][PASSED] - maximizeWindow(): Current window maximized

2021-11-08 13:00:55 - [MESSAGE][PASSED] - Current window maximized

2021-11-08 13:00:55 - [TEST_STEP][PASSED] - navigateToUrl(RADurl): Navigate to 'https://qa.velocitypayment.com/client/rad/index.html' successfully

2021-11-08 13:00:57 - [MESSAGE][PASSED] - Navigate to 'https://qa.velocitypayment.com/client/rad/index.html' successfully

2021-11-08 13:00:57 - [TEST_STEP][PASSED] - orPath_Landing = "Object Repository/RAD_Pages/Landing_Page": null

2021-11-08 13:00:57 - [TEST_STEP][PASSED] - orPath_TaxTypeFilingYear = "Object Repository/RAD_Pages/TaxTypeFilingYear_Page": null

2021-11-08 13:00:57 - [TEST_STEP][PASSED] - orPath_TaxPayer = "Object Repository/RAD_Pages/Taxpayer_Page": null

2021-11-08 13:00:57 - [TEST_STEP][PASSED] - orPath_AddressContact = "Object Repository/RAD_Pages/AddressAndContactInfo_Page": null

2021-11-08 13:00:57 - [TEST_STEP][PASSED] - orPath_FilingStatus = "Object Repository/RAD_Pages/FilingStatus_Page": null

2021-11-08 13:00:57 - [TEST_STEP][PASSED] - orPath_Amount = "Object Repository/RAD_Pages/PaymentAmount_Page": null

2021-11-08 13:00:57 - [TEST_STEP][PASSED] - orPath_TaxInfo = "Object Repository/RAD_Pages/TaxInfo_Page": null

2021-11-08 13:00:57 - [TEST_STEP][PASSED] - orPath_Withholding = "Object Repository/RAD_Pages/Withholding_Page": null

2021-11-08 13:00:57 - [TEST_STEP][PASSED] - orPath_Summary = "Object Repository/RAD_Pages/Summary_Page": null

2021-11-08 13:00:57 - [TEST_STEP][PASSED] - orPath_PaymentReady = "Object Repository/RAD_Pages/PaymentReady_Page": null

2021-11-08 13:00:57 - [TEST_STEP][PASSED] - orPath_PaymentEntry = "Object Repository/RAD_Pages/PaymentEntry_Page": null

2021-11-08 13:00:57 - [TEST_STEP][PASSED] - orPath_PaymentConfirmation = "Object Repository/RAD_Pages/PaymentConfirmation_Page": null

2021-11-08 13:00:57 - [TEST_STEP][PASSED] - orPath_ServiceFeesAccept = "Object Repository/RAD_Pages/ServiceFeeAccept_Page": null

2021-11-08 13:00:57 - [TEST_STEP][PASSED] - selectOptionByLabel(findTestObject(orPath_Landing + "/dd_TaxType"), Taxtype, false): All options with label 'Existing Liability' are selected in object 'Object Repository/RAD_Pages/Landing_Page/dd_TaxType' 

2021-11-08 13:00:57 - [MESSAGE][PASSED] - All options with label 'Existing Liability' are selected in object 'Object Repository/RAD_Pages/Landing_Page/dd_TaxType' 

2021-11-08 13:00:57 - [TEST_STEP][PASSED] - delay(1): Delayed 1 second(s)

2021-11-08 13:00:58 - [MESSAGE][PASSED] - Delayed 1 second(s)

2021-11-08 13:00:58 - [TEST_STEP][PASSED] - selectOptionByLabel(findTestObject(orPath_TaxTypeFilingYear + "/select_TaxType_ExistingLiability"), TaxTypeEL, false): All options with label 'Tire Fee Tax' are selected in object 'Object Repository/RAD_Pages/TaxTypeFilingYear_Page/select_TaxType_ExistingLiability' 

2021-11-08 13:00:59 - [MESSAGE][PASSED] - All options with label 'Tire Fee Tax' are selected in object 'Object Repository/RAD_Pages/TaxTypeFilingYear_Page/select_TaxType_ExistingLiability' 

2021-11-08 13:00:59 - [TEST_STEP][PASSED] - selectOptionByLabel(findTestObject(orPath_TaxTypeFilingYear + "/select_FilingYear"), FilingYear, false): All options with label '2021' are selected in object 'Object Repository/RAD_Pages/TaxTypeFilingYear_Page/select_FilingYear' 

2021-11-08 13:01:00 - [MESSAGE][PASSED] - All options with label '2021' are selected in object 'Object Repository/RAD_Pages/TaxTypeFilingYear_Page/select_FilingYear' 

2021-11-08 13:01:00 - [TEST_STEP][PASSED] - setText(findTestObject(orPath_TaxPayer + "/input_firstName"), FName): Text 'Nahida' is set on object 'Object Repository/RAD_Pages/Taxpayer_Page/input_firstName'

2021-11-08 13:01:00 - [MESSAGE][PASSED] - Text 'Nahida' is set on object 'Object Repository/RAD_Pages/Taxpayer_Page/input_firstName'

2021-11-08 13:01:00 - [TEST_STEP][PASSED] - setText(findTestObject(orPath_TaxPayer + "/input_lastName"), LName): Text 'Murray' is set on object 'Object Repository/RAD_Pages/Taxpayer_Page/input_lastName'

2021-11-08 13:01:01 - [MESSAGE][PASSED] - Text 'Murray' is set on object 'Object Repository/RAD_Pages/Taxpayer_Page/input_lastName'

2021-11-08 13:01:01 - [TEST_STEP][PASSED] - setText(findTestObject(orPath_TaxPayer + "/input_middleName"), "Johns"): Text 'Johns' is set on object 'Object Repository/RAD_Pages/Taxpayer_Page/input_middleName'

2021-11-08 13:01:02 - [MESSAGE][PASSED] - Text 'Johns' is set on object 'Object Repository/RAD_Pages/Taxpayer_Page/input_middleName'

2021-11-08 13:01:02 - [TEST_STEP][PASSED] - setText(findTestObject(orPath_TaxPayer + "/input_suffix"), "Sr"): Text 'Sr' is set on object 'Object Repository/RAD_Pages/Taxpayer_Page/input_suffix'

2021-11-08 13:01:02 - [MESSAGE][PASSED] - Text 'Sr' is set on object 'Object Repository/RAD_Pages/Taxpayer_Page/input_suffix'

2021-11-08 13:01:02 - [TEST_STEP][PASSED] - selectOptionByLabel(findTestObject(orPath_AddressContact + "/select_Country"), "United States", false): All options with label 'United States' are selected in object 'Object Repository/RAD_Pages/AddressAndContactInfo_Page/select_Country' 

2021-11-08 13:01:03 - [MESSAGE][PASSED] - All options with label 'United States' are selected in object 'Object Repository/RAD_Pages/AddressAndContactInfo_Page/select_Country' 

2021-11-08 13:01:03 - [TEST_STEP][PASSED] - setText(findTestObject(orPath_AddressContact + "/input_streetAddress1"), AL1): Text '2336 Turn ct' is set on object 'Object Repository/RAD_Pages/AddressAndContactInfo_Page/input_streetAddress1'

2021-11-08 13:01:04 - [MESSAGE][PASSED] - Text '2336 Turn ct' is set on object 'Object Repository/RAD_Pages/AddressAndContactInfo_Page/input_streetAddress1'

2021-11-08 13:01:04 - [TEST_STEP][PASSED] - setText(findTestObject(orPath_AddressContact + "/input_streetAddress2"), ""): Text '' is set on object 'Object Repository/RAD_Pages/AddressAndContactInfo_Page/input_streetAddress2'

2021-11-08 13:01:04 - [MESSAGE][PASSED] - Text '' is set on object 'Object Repository/RAD_Pages/AddressAndContactInfo_Page/input_streetAddress2'

2021-11-08 13:01:04 - [TEST_STEP][PASSED] - setText(findTestObject(orPath_AddressContact + "/input_city"), City): Text 'Crofton' is set on object 'Object Repository/RAD_Pages/AddressAndContactInfo_Page/input_city'

2021-11-08 13:01:05 - [MESSAGE][PASSED] - Text 'Crofton' is set on object 'Object Repository/RAD_Pages/AddressAndContactInfo_Page/input_city'

2021-11-08 13:01:05 - [TEST_STEP][PASSED] - selectOptionByLabel(findTestObject(orPath_AddressContact + "/select_State"), "Maryland", false): All options with label 'Maryland' are selected in object 'Object Repository/RAD_Pages/AddressAndContactInfo_Page/select_State' 

2021-11-08 13:01:06 - [MESSAGE][PASSED] - All options with label 'Maryland' are selected in object 'Object Repository/RAD_Pages/AddressAndContactInfo_Page/select_State' 

2021-11-08 13:01:06 - [TEST_STEP][PASSED] - setText(findTestObject(orPath_AddressContact + "/input_zipCode"), ZIP): Text '21144' is set on object 'Object Repository/RAD_Pages/AddressAndContactInfo_Page/input_zipCode'

2021-11-08 13:01:06 - [MESSAGE][PASSED] - Text '21144' is set on object 'Object Repository/RAD_Pages/AddressAndContactInfo_Page/input_zipCode'

2021-11-08 13:01:06 - [TEST_STEP][PASSED] - setText(findTestObject(orPath_AddressContact + "/input_phoneNumber"), "(703) 894-5000"): Text '(703) 894-5000' is set on object 'Object Repository/RAD_Pages/AddressAndContactInfo_Page/input_phoneNumber'

2021-11-08 13:01:07 - [MESSAGE][PASSED] - Text '(703) 894-5000' is set on object 'Object Repository/RAD_Pages/AddressAndContactInfo_Page/input_phoneNumber'

2021-11-08 13:01:07 - [TEST_STEP][PASSED] - setText(findTestObject(orPath_AddressContact + "/input_eMailAddress"), "iahmed@govolution.com"): Text 'iahmed@govolution.com' is set on object 'Object Repository/RAD_Pages/AddressAndContactInfo_Page/input_eMailAddress'

2021-11-08 13:01:08 - [MESSAGE][PASSED] - Text 'iahmed@govolution.com' is set on object 'Object Repository/RAD_Pages/AddressAndContactInfo_Page/input_eMailAddress'

2021-11-08 13:01:08 - [TEST_STEP][PASSED] - setText(findTestObject(orPath_AddressContact + "/input_reEnterEMailAddress"), "iahmed@govolution.com"): Text 'iahmed@govolution.com' is set on object 'Object Repository/RAD_Pages/AddressAndContactInfo_Page/input_reEnterEMailAddress'

2021-11-08 13:01:08 - [MESSAGE][PASSED] - Text 'iahmed@govolution.com' is set on object 'Object Repository/RAD_Pages/AddressAndContactInfo_Page/input_reEnterEMailAddress'

2021-11-08 13:01:08 - [TEST_STEP][PASSED] - if (!(SSN.isEmpty())): Text '123455555' is set on object 'Object Repository/RAD_Pages/TaxInfo_Page/input_TaxInfo_reTaxTypeExisitingSSN'

2021-11-08 13:01:08 - [TEST_STEP][PASSED] - setText(findTestObject(orPath_TaxInfo + "/input_TaxInfo_ExisitingSSN"), SSN): Text '123455555' is set on object 'Object Repository/RAD_Pages/TaxInfo_Page/input_TaxInfo_ExisitingSSN'

2021-11-08 13:01:09 - [MESSAGE][PASSED] - Text '123455555' is set on object 'Object Repository/RAD_Pages/TaxInfo_Page/input_TaxInfo_ExisitingSSN'

2021-11-08 13:01:09 - [TEST_STEP][PASSED] - setText(findTestObject(orPath_TaxInfo + "/input_TaxInfo_reTaxTypeExisitingSSN"), SSN): Text '123455555' is set on object 'Object Repository/RAD_Pages/TaxInfo_Page/input_TaxInfo_reTaxTypeExisitingSSN'

2021-11-08 13:01:09 - [MESSAGE][PASSED] - Text '123455555' is set on object 'Object Repository/RAD_Pages/TaxInfo_Page/input_TaxInfo_reTaxTypeExisitingSSN'

2021-11-08 13:01:09 - [TEST_STEP][PASSED] - scrollToElement(findTestObject(orPath_Amount + "/input__paymentAmount"), 3): Scroll to object 'Object Repository/RAD_Pages/PaymentAmount_Page/input__paymentAmount' successfully

2021-11-08 13:01:10 - [MESSAGE][PASSED] - Scroll to object 'Object Repository/RAD_Pages/PaymentAmount_Page/input__paymentAmount' successfully

2021-11-08 13:01:10 - [TEST_STEP][PASSED] - if (!(FEIN.isEmpty())): null

2021-11-08 13:01:10 - [TEST_STEP][PASSED] - delay(1): Delayed 1 second(s)

2021-11-08 13:01:11 - [MESSAGE][PASSED] - Delayed 1 second(s)

2021-11-08 13:01:11 - [TEST_STEP][PASSED] - setText(findTestObject(orPath_TaxInfo + "/input_NoticeInvoiceNumber"), "258147147"): Text '258147147' is set on object 'Object Repository/RAD_Pages/TaxInfo_Page/input_NoticeInvoiceNumber'

2021-11-08 13:01:12 - [MESSAGE][PASSED] - Text '258147147' is set on object 'Object Repository/RAD_Pages/TaxInfo_Page/input_NoticeInvoiceNumber'

2021-11-08 13:01:12 - [TEST_STEP][PASSED] - setText(findTestObject(orPath_TaxInfo + "/input_reTypeNoticeInvoiceNumber"), "258147147"): Text '258147147' is set on object 'Object Repository/RAD_Pages/TaxInfo_Page/input_reTypeNoticeInvoiceNumber'

2021-11-08 13:01:13 - [MESSAGE][PASSED] - Text '258147147' is set on object 'Object Repository/RAD_Pages/TaxInfo_Page/input_reTypeNoticeInvoiceNumber'

2021-11-08 13:01:13 - [TEST_STEP][PASSED] - if (TaxTypeEL.equalsIgnoreCase("Sales & Use Tax")): null

2021-11-08 13:01:13 - [TEST_STEP][PASSED] - setText(findTestObject(orPath_Amount + "/input__paymentAmount"), Amount): Text '30.50' is set on object 'Object Repository/RAD_Pages/PaymentAmount_Page/input__paymentAmount'

2021-11-08 13:01:13 - [MESSAGE][PASSED] - Text '30.50' is set on object 'Object Repository/RAD_Pages/PaymentAmount_Page/input__paymentAmount'

2021-11-08 13:01:13 - [TEST_STEP][PASSED] - scrollToElement(findTestObject(orPath_Landing + "/button_Continue"), 3): Scroll to object 'Object Repository/RAD_Pages/Landing_Page/button_Continue' successfully

2021-11-08 13:01:14 - [MESSAGE][PASSED] - Scroll to object 'Object Repository/RAD_Pages/Landing_Page/button_Continue' successfully

2021-11-08 13:01:14 - [TEST_STEP][PASSED] - waitForElementClickable(findTestObject(orPath_Landing + "/button_Continue"), 5): Object 'Object Repository/RAD_Pages/Landing_Page/button_Continue' is clickable

2021-11-08 13:01:14 - [MESSAGE][PASSED] - Object 'Object Repository/RAD_Pages/Landing_Page/button_Continue' is clickable

2021-11-08 13:01:14 - [TEST_STEP][PASSED] - click(findTestObject(orPath_Landing + "/button_Continue")): Object: 'Object Repository/RAD_Pages/Landing_Page/button_Continue' is clicked on

2021-11-08 13:01:14 - [MESSAGE][PASSED] - Object: 'Object Repository/RAD_Pages/Landing_Page/button_Continue' is clicked on

2021-11-08 13:01:14 - [TEST_STEP][PASSED] - verifyTextPresent("Review the information below and make any necessary corrections by clicking the", true): Text 'Review the information below and make any necessary corrections by clicking the' is present on page  using regular expression

2021-11-08 13:01:15 - [MESSAGE][PASSED] - Text 'Review the information below and make any necessary corrections by clicking the' is present on page  using regular expression

2021-11-08 13:01:15 - [TEST_STEP][PASSED] - verifyTextPresent("When you are confident that all the information is correct", true): Text 'When you are confident that all the information is correct' is present on page  using regular expression

2021-11-08 13:01:15 - [MESSAGE][PASSED] - Text 'When you are confident that all the information is correct' is present on page  using regular expression

2021-11-08 13:01:15 - [TEST_STEP][PASSED] - delay(1): Delayed 1 second(s)

2021-11-08 13:01:16 - [MESSAGE][PASSED] - Delayed 1 second(s)

2021-11-08 13:01:16 - [TEST_STEP][PASSED] - click(findTestObject(orPath_PaymentReady + "/button_ProceedtoPayment")): Object: 'Object Repository/RAD_Pages/PaymentReady_Page/button_ProceedtoPayment' is clicked on

2021-11-08 13:01:18 - [MESSAGE][PASSED] - Object: 'Object Repository/RAD_Pages/PaymentReady_Page/button_ProceedtoPayment' is clicked on

2021-11-08 13:01:18 - [TEST_STEP][PASSED] - setText(findTestObject(orPath_PaymentEntry + "/input__cardNumber"), CCNumber): Text '4012000098765439' is set on object 'Object Repository/RAD_Pages/PaymentEntry_Page/input__cardNumber'

2021-11-08 13:01:19 - [MESSAGE][PASSED] - Text '4012000098765439' is set on object 'Object Repository/RAD_Pages/PaymentEntry_Page/input__cardNumber'

2021-11-08 13:01:19 - [TEST_STEP][PASSED] - setText(findTestObject(orPath_PaymentEntry + "/input__spc"), CVV): Text '123' is set on object 'Object Repository/RAD_Pages/PaymentEntry_Page/input__spc'

2021-11-08 13:01:20 - [MESSAGE][PASSED] - Text '123' is set on object 'Object Repository/RAD_Pages/PaymentEntry_Page/input__spc'

2021-11-08 13:01:20 - [TEST_STEP][PASSED] - selectOptionByLabel(findTestObject(orPath_PaymentEntry + "/select_MM"), "12", false): All options with label '12' are selected in object 'Object Repository/RAD_Pages/PaymentEntry_Page/select_MM' 

2021-11-08 13:01:21 - [MESSAGE][PASSED] - All options with label '12' are selected in object 'Object Repository/RAD_Pages/PaymentEntry_Page/select_MM' 

2021-11-08 13:01:21 - [TEST_STEP][PASSED] - selectOptionByLabel(findTestObject(orPath_PaymentEntry + "/select_YYYY"), "2023", false): All options with label '2023' are selected in object 'Object Repository/RAD_Pages/PaymentEntry_Page/select_YYYY' 

2021-11-08 13:01:21 - [MESSAGE][PASSED] - All options with label '2023' are selected in object 'Object Repository/RAD_Pages/PaymentEntry_Page/select_YYYY' 

2021-11-08 13:01:21 - [TEST_STEP][PASSED] - click(findTestObject(orPath_PaymentEntry + "/input_Field_ccSubmit")): Object: 'Object Repository/RAD_Pages/PaymentEntry_Page/input_Field_ccSubmit' is clicked on

2021-11-08 13:01:22 - [MESSAGE][PASSED] - Object: 'Object Repository/RAD_Pages/PaymentEntry_Page/input_Field_ccSubmit' is clicked on

2021-11-08 13:01:22 - [TEST_STEP][PASSED] - click(findTestObject(orPath_PaymentConfirmation + "/input_N_confirmNotifyAction")): Object: 'Object Repository/RAD_Pages/PaymentConfirmation_Page/input_N_confirmNotifyAction' is clicked on

2021-11-08 13:01:23 - [MESSAGE][PASSED] - Object: 'Object Repository/RAD_Pages/PaymentConfirmation_Page/input_N_confirmNotifyAction' is clicked on

2021-11-08 13:01:23 - [TEST_STEP][PASSED] - click(findTestObject(orPath_ServiceFeesAccept + "/input_convFeeNotifyAction")): Object: 'Object Repository/RAD_Pages/ServiceFeeAccept_Page/input_convFeeNotifyAction' is clicked on

2021-11-08 13:01:25 - [MESSAGE][PASSED] - Object: 'Object Repository/RAD_Pages/ServiceFeeAccept_Page/input_convFeeNotifyAction' is clicked on

2021-11-08 13:01:25 - [TEST_STEP][PASSED] - delay(10): Delayed 10 second(s)

2021-11-08 13:01:35 - [MESSAGE][PASSED] - Delayed 10 second(s)

2021-11-08 13:01:35 - [TEST_STEP][PASSED] - verifyTextPresent("Successful Payment Receipt", true): Text 'Successful Payment Receipt' is present on page  using regular expression

2021-11-08 13:01:35 - [MESSAGE][PASSED] - Text 'Successful Payment Receipt' is present on page  using regular expression

2021-11-08 13:01:35 - [TEST_STEP][PASSED] - if (verifyTextPresent("Successful Payment Receipt", true)): null

2021-11-08 13:01:36 - [MESSAGE][PASSED] - Text 'Successful Payment Receipt' is present on page  using regular expression

2021-11-08 13:01:36 - [TEST_STEP][PASSED] - println("Transaction was Successful"): null

2021-11-08 13:01:36 - [TEST_STEP][PASSED] - out.println("Pass Record Number: " + row): null

2021-11-08 13:01:36 - [TEST_STEP][PASSED] - resText = "Pass": null

2021-11-08 13:01:36 - [TEST_STEP][PASSED] - pages.WriteExcel.demoKey(resText, datText, resColumn, datCloumn, fileLoc, nameSheet, row): pages.WriteExcel.demoKey is PASSED

2021-11-08 13:01:36 - [MESSAGE][PASSED] - pages.WriteExcel.demoKey is PASSED

2021-11-08 13:01:36 - [TEST_STEP][PASSED] - ExecuteTC = findTestData(dataFile).getValue("Execute", row): null

2021-11-08 13:01:36 - [TEST_STEP][PASSED] - Taxtype = findTestData(dataFile).getValue("TaxType", row): null

2021-11-08 13:01:36 - [TEST_STEP][PASSED] - TaxTypeEL = findTestData(dataFile).getValue("TaxTypeEL", row): null

2021-11-08 13:01:36 - [TEST_STEP][PASSED] - FilingYear = findTestData(dataFile).getValue("FilingYear", row): null

2021-11-08 13:01:36 - [TEST_STEP][PASSED] - FName = findTestData(dataFile).getValue("Fname", row): null

2021-11-08 13:01:36 - [TEST_STEP][PASSED] - LName = findTestData(dataFile).getValue("Lname", row): null

2021-11-08 13:01:36 - [TEST_STEP][PASSED] - AL1 = findTestData(dataFile).getValue("AL1", row): null

2021-11-08 13:01:36 - [TEST_STEP][PASSED] - City = findTestData(dataFile).getValue("City", row): null

2021-11-08 13:01:36 - [TEST_STEP][PASSED] - ZIP = findTestData(dataFile).getValue("ZIP", row): null

2021-11-08 13:01:36 - [TEST_STEP][PASSED] - Amount = findTestData(dataFile).getValue("Amount", row): null

2021-11-08 13:01:36 - [TEST_STEP][PASSED] - CCNumber = findTestData(dataFile).getValue("CCNumber", row): null

2021-11-08 13:01:36 - [TEST_STEP][PASSED] - CVV = findTestData(dataFile).getValue("CVV", row): null

2021-11-08 13:01:36 - [TEST_STEP][PASSED] - SSN = findTestData(dataFile).getValue("SSN", row): null

2021-11-08 13:01:36 - [TEST_STEP][PASSED] - FEIN = findTestData(dataFile).getValue("FEIN", row): null

2021-11-08 13:01:36 - [TEST_STEP][PASSED] - out.println("Value of Execute is : " + ExecuteTC): null

2021-11-08 13:01:36 - [TEST_STEP][PASSED] - if (ExecuteTC.equalsIgnoreCase("Y")): null

2021-11-08 13:01:36 - [TEST_STEP][PASSED] - out.println("Begin Record Number: " + row): null

2021-11-08 13:01:36 - [TEST_STEP][PASSED] - today = new java.util.Date(): null

2021-11-08 13:01:36 - [TEST_STEP][PASSED] - println(today): null

2021-11-08 13:01:36 - [TEST_STEP][PASSED] - datText = today: null

2021-11-08 13:01:36 - [TEST_STEP][PASSED] - Taxtype = findTestData(dataFile).getValue("TaxType", row): null

2021-11-08 13:01:36 - [TEST_STEP][PASSED] - out.println("Taxtype value is : " + Taxtype): null

2021-11-08 13:01:36 - [TEST_STEP][PASSED] - openBrowser(""): Browser is opened with url: ''

2021-11-08 13:01:36 - [MESSAGE][WARNING] - A browser is already opened. Closing browser and opening a new one

2021-11-08 13:01:37 - [MESSAGE][INFO] - Starting 'Chrome' driver

2021-11-08 13:01:37 - [MESSAGE][INFO] - User set preference: ['acceptInsecureCerts', 'true']

2021-11-08 13:01:37 - [MESSAGE][INFO] - Action delay is set to 0 milliseconds

2021-11-08 13:01:38 - [MESSAGE][PASSED] - Browser is opened with url: ''

2021-11-08 13:01:38 - [TEST_STEP][PASSED] - maximizeWindow(): Current window maximized

2021-11-08 13:01:39 - [MESSAGE][PASSED] - Current window maximized

2021-11-08 13:01:39 - [TEST_STEP][PASSED] - navigateToUrl(RADurl): Navigate to 'https://qa.velocitypayment.com/client/rad/index.html' successfully

2021-11-08 13:01:41 - [MESSAGE][PASSED] - Navigate to 'https://qa.velocitypayment.com/client/rad/index.html' successfully

2021-11-08 13:01:41 - [TEST_STEP][PASSED] - orPath_Landing = "Object Repository/RAD_Pages/Landing_Page": null

2021-11-08 13:01:41 - [TEST_STEP][PASSED] - orPath_TaxTypeFilingYear = "Object Repository/RAD_Pages/TaxTypeFilingYear_Page": null

2021-11-08 13:01:41 - [TEST_STEP][PASSED] - orPath_TaxPayer = "Object Repository/RAD_Pages/Taxpayer_Page": null

2021-11-08 13:01:41 - [TEST_STEP][PASSED] - orPath_AddressContact = "Object Repository/RAD_Pages/AddressAndContactInfo_Page": null

2021-11-08 13:01:41 - [TEST_STEP][PASSED] - orPath_FilingStatus = "Object Repository/RAD_Pages/FilingStatus_Page": null

2021-11-08 13:01:41 - [TEST_STEP][PASSED] - orPath_Amount = "Object Repository/RAD_Pages/PaymentAmount_Page": null

2021-11-08 13:01:41 - [TEST_STEP][PASSED] - orPath_TaxInfo = "Object Repository/RAD_Pages/TaxInfo_Page": null

2021-11-08 13:01:41 - [TEST_STEP][PASSED] - orPath_Withholding = "Object Repository/RAD_Pages/Withholding_Page": null

2021-11-08 13:01:41 - [TEST_STEP][PASSED] - orPath_Summary = "Object Repository/RAD_Pages/Summary_Page": null

2021-11-08 13:01:41 - [TEST_STEP][PASSED] - orPath_PaymentReady = "Object Repository/RAD_Pages/PaymentReady_Page": null

2021-11-08 13:01:41 - [TEST_STEP][PASSED] - orPath_PaymentEntry = "Object Repository/RAD_Pages/PaymentEntry_Page": null

2021-11-08 13:01:41 - [TEST_STEP][PASSED] - orPath_PaymentConfirmation = "Object Repository/RAD_Pages/PaymentConfirmation_Page": null

2021-11-08 13:01:41 - [TEST_STEP][PASSED] - orPath_ServiceFeesAccept = "Object Repository/RAD_Pages/ServiceFeeAccept_Page": null

2021-11-08 13:01:41 - [TEST_STEP][PASSED] - selectOptionByLabel(findTestObject(orPath_Landing + "/dd_TaxType"), Taxtype, false): All options with label 'Existing Liability' are selected in object 'Object Repository/RAD_Pages/Landing_Page/dd_TaxType' 

2021-11-08 13:01:41 - [MESSAGE][PASSED] - All options with label 'Existing Liability' are selected in object 'Object Repository/RAD_Pages/Landing_Page/dd_TaxType' 

2021-11-08 13:01:41 - [TEST_STEP][PASSED] - delay(1): Delayed 1 second(s)

2021-11-08 13:01:42 - [MESSAGE][PASSED] - Delayed 1 second(s)

2021-11-08 13:01:42 - [TEST_STEP][PASSED] - selectOptionByLabel(findTestObject(orPath_TaxTypeFilingYear + "/select_TaxType_ExistingLiability"), TaxTypeEL, false): All options with label 'Tire Fee Tax' are selected in object 'Object Repository/RAD_Pages/TaxTypeFilingYear_Page/select_TaxType_ExistingLiability' 

2021-11-08 13:01:43 - [MESSAGE][PASSED] - All options with label 'Tire Fee Tax' are selected in object 'Object Repository/RAD_Pages/TaxTypeFilingYear_Page/select_TaxType_ExistingLiability' 

2021-11-08 13:01:43 - [TEST_STEP][PASSED] - selectOptionByLabel(findTestObject(orPath_TaxTypeFilingYear + "/select_FilingYear"), FilingYear, false): All options with label '2021' are selected in object 'Object Repository/RAD_Pages/TaxTypeFilingYear_Page/select_FilingYear' 

2021-11-08 13:01:44 - [MESSAGE][PASSED] - All options with label '2021' are selected in object 'Object Repository/RAD_Pages/TaxTypeFilingYear_Page/select_FilingYear' 

2021-11-08 13:01:44 - [TEST_STEP][PASSED] - setText(findTestObject(orPath_TaxPayer + "/input_firstName"), FName): Text 'Nahida' is set on object 'Object Repository/RAD_Pages/Taxpayer_Page/input_firstName'

2021-11-08 13:01:44 - [MESSAGE][PASSED] - Text 'Nahida' is set on object 'Object Repository/RAD_Pages/Taxpayer_Page/input_firstName'

2021-11-08 13:01:44 - [TEST_STEP][PASSED] - setText(findTestObject(orPath_TaxPayer + "/input_lastName"), LName): Text 'Murray' is set on object 'Object Repository/RAD_Pages/Taxpayer_Page/input_lastName'

2021-11-08 13:01:45 - [MESSAGE][PASSED] - Text 'Murray' is set on object 'Object Repository/RAD_Pages/Taxpayer_Page/input_lastName'

2021-11-08 13:01:45 - [TEST_STEP][PASSED] - setText(findTestObject(orPath_TaxPayer + "/input_middleName"), "Johns"): Text 'Johns' is set on object 'Object Repository/RAD_Pages/Taxpayer_Page/input_middleName'

2021-11-08 13:01:46 - [MESSAGE][PASSED] - Text 'Johns' is set on object 'Object Repository/RAD_Pages/Taxpayer_Page/input_middleName'

2021-11-08 13:01:46 - [TEST_STEP][PASSED] - setText(findTestObject(orPath_TaxPayer + "/input_suffix"), "Sr"): Text 'Sr' is set on object 'Object Repository/RAD_Pages/Taxpayer_Page/input_suffix'

2021-11-08 13:01:46 - [MESSAGE][PASSED] - Text 'Sr' is set on object 'Object Repository/RAD_Pages/Taxpayer_Page/input_suffix'

2021-11-08 13:01:46 - [TEST_STEP][PASSED] - selectOptionByLabel(findTestObject(orPath_AddressContact + "/select_Country"), "United States", false): All options with label 'United States' are selected in object 'Object Repository/RAD_Pages/AddressAndContactInfo_Page/select_Country' 

2021-11-08 13:01:47 - [MESSAGE][PASSED] - All options with label 'United States' are selected in object 'Object Repository/RAD_Pages/AddressAndContactInfo_Page/select_Country' 

2021-11-08 13:01:47 - [TEST_STEP][PASSED] - setText(findTestObject(orPath_AddressContact + "/input_streetAddress1"), AL1): Text '2336 Turn ct' is set on object 'Object Repository/RAD_Pages/AddressAndContactInfo_Page/input_streetAddress1'

2021-11-08 13:01:48 - [MESSAGE][PASSED] - Text '2336 Turn ct' is set on object 'Object Repository/RAD_Pages/AddressAndContactInfo_Page/input_streetAddress1'

2021-11-08 13:01:48 - [TEST_STEP][PASSED] - setText(findTestObject(orPath_AddressContact + "/input_streetAddress2"), ""): Text '' is set on object 'Object Repository/RAD_Pages/AddressAndContactInfo_Page/input_streetAddress2'

2021-11-08 13:01:48 - [MESSAGE][PASSED] - Text '' is set on object 'Object Repository/RAD_Pages/AddressAndContactInfo_Page/input_streetAddress2'

2021-11-08 13:01:48 - [TEST_STEP][PASSED] - setText(findTestObject(orPath_AddressContact + "/input_city"), City): Text 'Crofton' is set on object 'Object Repository/RAD_Pages/AddressAndContactInfo_Page/input_city'

2021-11-08 13:01:49 - [MESSAGE][PASSED] - Text 'Crofton' is set on object 'Object Repository/RAD_Pages/AddressAndContactInfo_Page/input_city'

2021-11-08 13:01:49 - [TEST_STEP][PASSED] - selectOptionByLabel(findTestObject(orPath_AddressContact + "/select_State"), "Maryland", false): All options with label 'Maryland' are selected in object 'Object Repository/RAD_Pages/AddressAndContactInfo_Page/select_State' 

2021-11-08 13:01:49 - [MESSAGE][PASSED] - All options with label 'Maryland' are selected in object 'Object Repository/RAD_Pages/AddressAndContactInfo_Page/select_State' 

2021-11-08 13:01:49 - [TEST_STEP][PASSED] - setText(findTestObject(orPath_AddressContact + "/input_zipCode"), ZIP): Text '21144' is set on object 'Object Repository/RAD_Pages/AddressAndContactInfo_Page/input_zipCode'

2021-11-08 13:01:50 - [MESSAGE][PASSED] - Text '21144' is set on object 'Object Repository/RAD_Pages/AddressAndContactInfo_Page/input_zipCode'

2021-11-08 13:01:50 - [TEST_STEP][PASSED] - setText(findTestObject(orPath_AddressContact + "/input_phoneNumber"), "(703) 894-5000"): Text '(703) 894-5000' is set on object 'Object Repository/RAD_Pages/AddressAndContactInfo_Page/input_phoneNumber'

2021-11-08 13:01:51 - [MESSAGE][PASSED] - Text '(703) 894-5000' is set on object 'Object Repository/RAD_Pages/AddressAndContactInfo_Page/input_phoneNumber'

2021-11-08 13:01:51 - [TEST_STEP][PASSED] - setText(findTestObject(orPath_AddressContact + "/input_eMailAddress"), "iahmed@govolution.com"): Text 'iahmed@govolution.com' is set on object 'Object Repository/RAD_Pages/AddressAndContactInfo_Page/input_eMailAddress'

2021-11-08 13:01:52 - [MESSAGE][PASSED] - Text 'iahmed@govolution.com' is set on object 'Object Repository/RAD_Pages/AddressAndContactInfo_Page/input_eMailAddress'

2021-11-08 13:01:52 - [TEST_STEP][PASSED] - setText(findTestObject(orPath_AddressContact + "/input_reEnterEMailAddress"), "iahmed@govolution.com"): Text 'iahmed@govolution.com' is set on object 'Object Repository/RAD_Pages/AddressAndContactInfo_Page/input_reEnterEMailAddress'

2021-11-08 13:01:52 - [MESSAGE][PASSED] - Text 'iahmed@govolution.com' is set on object 'Object Repository/RAD_Pages/AddressAndContactInfo_Page/input_reEnterEMailAddress'

2021-11-08 13:01:52 - [TEST_STEP][PASSED] - if (!(SSN.isEmpty())): null

2021-11-08 13:01:52 - [TEST_STEP][PASSED] - scrollToElement(findTestObject(orPath_Amount + "/input__paymentAmount"), 3): Scroll to object 'Object Repository/RAD_Pages/PaymentAmount_Page/input__paymentAmount' successfully

2021-11-08 13:01:53 - [MESSAGE][PASSED] - Scroll to object 'Object Repository/RAD_Pages/PaymentAmount_Page/input__paymentAmount' successfully

2021-11-08 13:01:53 - [TEST_STEP][PASSED] - if (!(FEIN.isEmpty())): Text '258369265' is set on object 'Object Repository/RAD_Pages/TaxInfo_Page/input_ReTypeFEIN'

2021-11-08 13:01:53 - [TEST_STEP][PASSED] - setText(findTestObject(orPath_TaxInfo + "/input_FEIN"), FEIN): Text '258369265' is set on object 'Object Repository/RAD_Pages/TaxInfo_Page/input_FEIN'

2021-11-08 13:01:53 - [MESSAGE][PASSED] - Text '258369265' is set on object 'Object Repository/RAD_Pages/TaxInfo_Page/input_FEIN'

2021-11-08 13:01:53 - [TEST_STEP][PASSED] - setText(findTestObject(orPath_TaxInfo + "/input_ReTypeFEIN"), FEIN): Text '258369265' is set on object 'Object Repository/RAD_Pages/TaxInfo_Page/input_ReTypeFEIN'

2021-11-08 13:01:54 - [MESSAGE][PASSED] - Text '258369265' is set on object 'Object Repository/RAD_Pages/TaxInfo_Page/input_ReTypeFEIN'

2021-11-08 13:01:54 - [TEST_STEP][PASSED] - delay(1): Delayed 1 second(s)

2021-11-08 13:01:55 - [MESSAGE][PASSED] - Delayed 1 second(s)

2021-11-08 13:01:55 - [TEST_STEP][PASSED] - setText(findTestObject(orPath_TaxInfo + "/input_NoticeInvoiceNumber"), "258147147"): Text '258147147' is set on object 'Object Repository/RAD_Pages/TaxInfo_Page/input_NoticeInvoiceNumber'

2021-11-08 13:01:56 - [MESSAGE][PASSED] - Text '258147147' is set on object 'Object Repository/RAD_Pages/TaxInfo_Page/input_NoticeInvoiceNumber'

2021-11-08 13:01:56 - [TEST_STEP][PASSED] - setText(findTestObject(orPath_TaxInfo + "/input_reTypeNoticeInvoiceNumber"), "258147147"): Text '258147147' is set on object 'Object Repository/RAD_Pages/TaxInfo_Page/input_reTypeNoticeInvoiceNumber'

2021-11-08 13:01:57 - [MESSAGE][PASSED] - Text '258147147' is set on object 'Object Repository/RAD_Pages/TaxInfo_Page/input_reTypeNoticeInvoiceNumber'

2021-11-08 13:01:57 - [TEST_STEP][PASSED] - if (TaxTypeEL.equalsIgnoreCase("Sales & Use Tax")): null

2021-11-08 13:01:57 - [TEST_STEP][PASSED] - setText(findTestObject(orPath_Amount + "/input__paymentAmount"), Amount): Text '30.50' is set on object 'Object Repository/RAD_Pages/PaymentAmount_Page/input__paymentAmount'

2021-11-08 13:01:57 - [MESSAGE][PASSED] - Text '30.50' is set on object 'Object Repository/RAD_Pages/PaymentAmount_Page/input__paymentAmount'

2021-11-08 13:01:57 - [TEST_STEP][PASSED] - scrollToElement(findTestObject(orPath_Landing + "/button_Continue"), 3): Scroll to object 'Object Repository/RAD_Pages/Landing_Page/button_Continue' successfully

2021-11-08 13:01:58 - [MESSAGE][PASSED] - Scroll to object 'Object Repository/RAD_Pages/Landing_Page/button_Continue' successfully

2021-11-08 13:01:58 - [TEST_STEP][PASSED] - waitForElementClickable(findTestObject(orPath_Landing + "/button_Continue"), 5): Object 'Object Repository/RAD_Pages/Landing_Page/button_Continue' is clickable

2021-11-08 13:01:58 - [MESSAGE][PASSED] - Object 'Object Repository/RAD_Pages/Landing_Page/button_Continue' is clickable

2021-11-08 13:01:58 - [TEST_STEP][PASSED] - click(findTestObject(orPath_Landing + "/button_Continue")): Object: 'Object Repository/RAD_Pages/Landing_Page/button_Continue' is clicked on

2021-11-08 13:01:58 - [MESSAGE][PASSED] - Object: 'Object Repository/RAD_Pages/Landing_Page/button_Continue' is clicked on

2021-11-08 13:01:58 - [TEST_STEP][PASSED] - verifyTextPresent("Review the information below and make any necessary corrections by clicking the", true): Text 'Review the information below and make any necessary corrections by clicking the' is present on page  using regular expression

2021-11-08 13:01:59 - [MESSAGE][PASSED] - Text 'Review the information below and make any necessary corrections by clicking the' is present on page  using regular expression

2021-11-08 13:01:59 - [TEST_STEP][PASSED] - verifyTextPresent("When you are confident that all the information is correct", true): Text 'When you are confident that all the information is correct' is present on page  using regular expression

2021-11-08 13:01:59 - [MESSAGE][PASSED] - Text 'When you are confident that all the information is correct' is present on page  using regular expression

2021-11-08 13:01:59 - [TEST_STEP][PASSED] - delay(1): Delayed 1 second(s)

2021-11-08 13:02:00 - [MESSAGE][PASSED] - Delayed 1 second(s)

2021-11-08 13:02:00 - [TEST_STEP][PASSED] - click(findTestObject(orPath_PaymentReady + "/button_ProceedtoPayment")): Object: 'Object Repository/RAD_Pages/PaymentReady_Page/button_ProceedtoPayment' is clicked on

2021-11-08 13:02:02 - [MESSAGE][PASSED] - Object: 'Object Repository/RAD_Pages/PaymentReady_Page/button_ProceedtoPayment' is clicked on

2021-11-08 13:02:02 - [TEST_STEP][PASSED] - setText(findTestObject(orPath_PaymentEntry + "/input__cardNumber"), CCNumber): Text '4012000098765439' is set on object 'Object Repository/RAD_Pages/PaymentEntry_Page/input__cardNumber'

2021-11-08 13:02:03 - [MESSAGE][PASSED] - Text '4012000098765439' is set on object 'Object Repository/RAD_Pages/PaymentEntry_Page/input__cardNumber'

2021-11-08 13:02:03 - [TEST_STEP][PASSED] - setText(findTestObject(orPath_PaymentEntry + "/input__spc"), CVV): Text '123' is set on object 'Object Repository/RAD_Pages/PaymentEntry_Page/input__spc'

2021-11-08 13:02:04 - [MESSAGE][PASSED] - Text '123' is set on object 'Object Repository/RAD_Pages/PaymentEntry_Page/input__spc'

2021-11-08 13:02:04 - [TEST_STEP][PASSED] - selectOptionByLabel(findTestObject(orPath_PaymentEntry + "/select_MM"), "12", false): All options with label '12' are selected in object 'Object Repository/RAD_Pages/PaymentEntry_Page/select_MM' 

2021-11-08 13:02:05 - [MESSAGE][PASSED] - All options with label '12' are selected in object 'Object Repository/RAD_Pages/PaymentEntry_Page/select_MM' 

2021-11-08 13:02:05 - [TEST_STEP][PASSED] - selectOptionByLabel(findTestObject(orPath_PaymentEntry + "/select_YYYY"), "2023", false): All options with label '2023' are selected in object 'Object Repository/RAD_Pages/PaymentEntry_Page/select_YYYY' 

2021-11-08 13:02:05 - [MESSAGE][PASSED] - All options with label '2023' are selected in object 'Object Repository/RAD_Pages/PaymentEntry_Page/select_YYYY' 

2021-11-08 13:02:05 - [TEST_STEP][PASSED] - click(findTestObject(orPath_PaymentEntry + "/input_Field_ccSubmit")): Object: 'Object Repository/RAD_Pages/PaymentEntry_Page/input_Field_ccSubmit' is clicked on

2021-11-08 13:02:06 - [MESSAGE][PASSED] - Object: 'Object Repository/RAD_Pages/PaymentEntry_Page/input_Field_ccSubmit' is clicked on

2021-11-08 13:02:06 - [TEST_STEP][PASSED] - click(findTestObject(orPath_PaymentConfirmation + "/input_N_confirmNotifyAction")): Object: 'Object Repository/RAD_Pages/PaymentConfirmation_Page/input_N_confirmNotifyAction' is clicked on

2021-11-08 13:02:08 - [MESSAGE][PASSED] - Object: 'Object Repository/RAD_Pages/PaymentConfirmation_Page/input_N_confirmNotifyAction' is clicked on

2021-11-08 13:02:08 - [TEST_STEP][PASSED] - click(findTestObject(orPath_ServiceFeesAccept + "/input_convFeeNotifyAction")): Object: 'Object Repository/RAD_Pages/ServiceFeeAccept_Page/input_convFeeNotifyAction' is clicked on

2021-11-08 13:02:09 - [MESSAGE][PASSED] - Object: 'Object Repository/RAD_Pages/ServiceFeeAccept_Page/input_convFeeNotifyAction' is clicked on

2021-11-08 13:02:09 - [TEST_STEP][PASSED] - delay(10): Delayed 10 second(s)

2021-11-08 13:02:19 - [MESSAGE][PASSED] - Delayed 10 second(s)

2021-11-08 13:02:19 - [TEST_STEP][PASSED] - verifyTextPresent("Successful Payment Receipt", true): Text 'Successful Payment Receipt' is present on page  using regular expression

2021-11-08 13:02:20 - [MESSAGE][PASSED] - Text 'Successful Payment Receipt' is present on page  using regular expression

2021-11-08 13:02:20 - [TEST_STEP][PASSED] - if (verifyTextPresent("Successful Payment Receipt", true)): null

2021-11-08 13:02:20 - [MESSAGE][PASSED] - Text 'Successful Payment Receipt' is present on page  using regular expression

2021-11-08 13:02:20 - [TEST_STEP][PASSED] - println("Transaction was Successful"): null

2021-11-08 13:02:20 - [TEST_STEP][PASSED] - out.println("Pass Record Number: " + row): null

2021-11-08 13:02:20 - [TEST_STEP][PASSED] - resText = "Pass": null

2021-11-08 13:02:20 - [TEST_STEP][PASSED] - pages.WriteExcel.demoKey(resText, datText, resColumn, datCloumn, fileLoc, nameSheet, row): pages.WriteExcel.demoKey is PASSED

2021-11-08 13:02:20 - [MESSAGE][PASSED] - pages.WriteExcel.demoKey is PASSED

2021-11-08 13:02:20 - [TEST_STEP][PASSED] - ExecuteTC = findTestData(dataFile).getValue("Execute", row): null

2021-11-08 13:02:20 - [TEST_STEP][PASSED] - Taxtype = findTestData(dataFile).getValue("TaxType", row): null

2021-11-08 13:02:20 - [TEST_STEP][PASSED] - TaxTypeEL = findTestData(dataFile).getValue("TaxTypeEL", row): null

2021-11-08 13:02:20 - [TEST_STEP][PASSED] - FilingYear = findTestData(dataFile).getValue("FilingYear", row): null

2021-11-08 13:02:20 - [TEST_STEP][PASSED] - FName = findTestData(dataFile).getValue("Fname", row): null

2021-11-08 13:02:20 - [TEST_STEP][PASSED] - LName = findTestData(dataFile).getValue("Lname", row): null

2021-11-08 13:02:20 - [TEST_STEP][PASSED] - AL1 = findTestData(dataFile).getValue("AL1", row): null

2021-11-08 13:02:20 - [TEST_STEP][PASSED] - City = findTestData(dataFile).getValue("City", row): null

2021-11-08 13:02:20 - [TEST_STEP][PASSED] - ZIP = findTestData(dataFile).getValue("ZIP", row): null

2021-11-08 13:02:20 - [TEST_STEP][PASSED] - Amount = findTestData(dataFile).getValue("Amount", row): null

2021-11-08 13:02:20 - [TEST_STEP][PASSED] - CCNumber = findTestData(dataFile).getValue("CCNumber", row): null

2021-11-08 13:02:20 - [TEST_STEP][PASSED] - CVV = findTestData(dataFile).getValue("CVV", row): null

2021-11-08 13:02:20 - [TEST_STEP][PASSED] - SSN = findTestData(dataFile).getValue("SSN", row): null

2021-11-08 13:02:20 - [TEST_STEP][PASSED] - FEIN = findTestData(dataFile).getValue("FEIN", row): null

2021-11-08 13:02:20 - [TEST_STEP][PASSED] - out.println("Value of Execute is : " + ExecuteTC): null

2021-11-08 13:02:20 - [TEST_STEP][PASSED] - if (ExecuteTC.equalsIgnoreCase("Y")): null

2021-11-08 13:02:20 - [TEST_STEP][PASSED] - out.println("Begin Record Number: " + row): null

2021-11-08 13:02:20 - [TEST_STEP][PASSED] - today = new java.util.Date(): null

2021-11-08 13:02:20 - [TEST_STEP][PASSED] - println(today): null

2021-11-08 13:02:20 - [TEST_STEP][PASSED] - datText = today: null

2021-11-08 13:02:20 - [TEST_STEP][PASSED] - Taxtype = findTestData(dataFile).getValue("TaxType", row): null

2021-11-08 13:02:20 - [TEST_STEP][PASSED] - out.println("Taxtype value is : " + Taxtype): null

2021-11-08 13:02:20 - [TEST_STEP][PASSED] - openBrowser(""): Browser is opened with url: ''

2021-11-08 13:02:20 - [MESSAGE][WARNING] - A browser is already opened. Closing browser and opening a new one

2021-11-08 13:02:21 - [MESSAGE][INFO] - Starting 'Chrome' driver

2021-11-08 13:02:21 - [MESSAGE][INFO] - User set preference: ['acceptInsecureCerts', 'true']

2021-11-08 13:02:21 - [MESSAGE][INFO] - Action delay is set to 0 milliseconds

2021-11-08 13:02:23 - [MESSAGE][PASSED] - Browser is opened with url: ''

2021-11-08 13:02:23 - [TEST_STEP][PASSED] - maximizeWindow(): Current window maximized

2021-11-08 13:02:23 - [MESSAGE][PASSED] - Current window maximized

2021-11-08 13:02:23 - [TEST_STEP][PASSED] - navigateToUrl(RADurl): Navigate to 'https://qa.velocitypayment.com/client/rad/index.html' successfully

2021-11-08 13:02:25 - [MESSAGE][PASSED] - Navigate to 'https://qa.velocitypayment.com/client/rad/index.html' successfully

2021-11-08 13:02:25 - [TEST_STEP][PASSED] - orPath_Landing = "Object Repository/RAD_Pages/Landing_Page": null

2021-11-08 13:02:25 - [TEST_STEP][PASSED] - orPath_TaxTypeFilingYear = "Object Repository/RAD_Pages/TaxTypeFilingYear_Page": null

2021-11-08 13:02:25 - [TEST_STEP][PASSED] - orPath_TaxPayer = "Object Repository/RAD_Pages/Taxpayer_Page": null

2021-11-08 13:02:25 - [TEST_STEP][PASSED] - orPath_AddressContact = "Object Repository/RAD_Pages/AddressAndContactInfo_Page": null

2021-11-08 13:02:25 - [TEST_STEP][PASSED] - orPath_FilingStatus = "Object Repository/RAD_Pages/FilingStatus_Page": null

2021-11-08 13:02:25 - [TEST_STEP][PASSED] - orPath_Amount = "Object Repository/RAD_Pages/PaymentAmount_Page": null

2021-11-08 13:02:25 - [TEST_STEP][PASSED] - orPath_TaxInfo = "Object Repository/RAD_Pages/TaxInfo_Page": null

2021-11-08 13:02:25 - [TEST_STEP][PASSED] - orPath_Withholding = "Object Repository/RAD_Pages/Withholding_Page": null

2021-11-08 13:02:25 - [TEST_STEP][PASSED] - orPath_Summary = "Object Repository/RAD_Pages/Summary_Page": null

2021-11-08 13:02:25 - [TEST_STEP][PASSED] - orPath_PaymentReady = "Object Repository/RAD_Pages/PaymentReady_Page": null

2021-11-08 13:02:25 - [TEST_STEP][PASSED] - orPath_PaymentEntry = "Object Repository/RAD_Pages/PaymentEntry_Page": null

2021-11-08 13:02:25 - [TEST_STEP][PASSED] - orPath_PaymentConfirmation = "Object Repository/RAD_Pages/PaymentConfirmation_Page": null

2021-11-08 13:02:25 - [TEST_STEP][PASSED] - orPath_ServiceFeesAccept = "Object Repository/RAD_Pages/ServiceFeeAccept_Page": null

2021-11-08 13:02:25 - [TEST_STEP][PASSED] - selectOptionByLabel(findTestObject(orPath_Landing + "/dd_TaxType"), Taxtype, false): All options with label 'Existing Liability' are selected in object 'Object Repository/RAD_Pages/Landing_Page/dd_TaxType' 

2021-11-08 13:02:25 - [MESSAGE][PASSED] - All options with label 'Existing Liability' are selected in object 'Object Repository/RAD_Pages/Landing_Page/dd_TaxType' 

2021-11-08 13:02:25 - [TEST_STEP][PASSED] - delay(1): Delayed 1 second(s)

2021-11-08 13:02:26 - [MESSAGE][PASSED] - Delayed 1 second(s)

2021-11-08 13:02:26 - [TEST_STEP][PASSED] - selectOptionByLabel(findTestObject(orPath_TaxTypeFilingYear + "/select_TaxType_ExistingLiability"), TaxTypeEL, false): All options with label 'Withholding Tax' are selected in object 'Object Repository/RAD_Pages/TaxTypeFilingYear_Page/select_TaxType_ExistingLiability' 

2021-11-08 13:02:27 - [MESSAGE][PASSED] - All options with label 'Withholding Tax' are selected in object 'Object Repository/RAD_Pages/TaxTypeFilingYear_Page/select_TaxType_ExistingLiability' 

2021-11-08 13:02:27 - [TEST_STEP][PASSED] - selectOptionByLabel(findTestObject(orPath_TaxTypeFilingYear + "/select_FilingYear"), FilingYear, false): All options with label '2021' are selected in object 'Object Repository/RAD_Pages/TaxTypeFilingYear_Page/select_FilingYear' 

2021-11-08 13:02:28 - [MESSAGE][PASSED] - All options with label '2021' are selected in object 'Object Repository/RAD_Pages/TaxTypeFilingYear_Page/select_FilingYear' 

2021-11-08 13:02:28 - [TEST_STEP][PASSED] - setText(findTestObject(orPath_TaxPayer + "/input_firstName"), FName): Text 'Mark' is set on object 'Object Repository/RAD_Pages/Taxpayer_Page/input_firstName'

2021-11-08 13:02:28 - [MESSAGE][PASSED] - Text 'Mark' is set on object 'Object Repository/RAD_Pages/Taxpayer_Page/input_firstName'

2021-11-08 13:02:28 - [TEST_STEP][PASSED] - setText(findTestObject(orPath_TaxPayer + "/input_lastName"), LName): Text 'Wright' is set on object 'Object Repository/RAD_Pages/Taxpayer_Page/input_lastName'

2021-11-08 13:02:29 - [MESSAGE][PASSED] - Text 'Wright' is set on object 'Object Repository/RAD_Pages/Taxpayer_Page/input_lastName'

2021-11-08 13:02:29 - [TEST_STEP][PASSED] - setText(findTestObject(orPath_TaxPayer + "/input_middleName"), "Johns"): Text 'Johns' is set on object 'Object Repository/RAD_Pages/Taxpayer_Page/input_middleName'

2021-11-08 13:02:30 - [MESSAGE][PASSED] - Text 'Johns' is set on object 'Object Repository/RAD_Pages/Taxpayer_Page/input_middleName'

2021-11-08 13:02:30 - [TEST_STEP][PASSED] - setText(findTestObject(orPath_TaxPayer + "/input_suffix"), "Sr"): Text 'Sr' is set on object 'Object Repository/RAD_Pages/Taxpayer_Page/input_suffix'

2021-11-08 13:02:30 - [MESSAGE][PASSED] - Text 'Sr' is set on object 'Object Repository/RAD_Pages/Taxpayer_Page/input_suffix'

2021-11-08 13:02:30 - [TEST_STEP][PASSED] - selectOptionByLabel(findTestObject(orPath_AddressContact + "/select_Country"), "United States", false): All options with label 'United States' are selected in object 'Object Repository/RAD_Pages/AddressAndContactInfo_Page/select_Country' 

2021-11-08 13:02:31 - [MESSAGE][PASSED] - All options with label 'United States' are selected in object 'Object Repository/RAD_Pages/AddressAndContactInfo_Page/select_Country' 

2021-11-08 13:02:31 - [TEST_STEP][PASSED] - setText(findTestObject(orPath_AddressContact + "/input_streetAddress1"), AL1): Text '36 Hoolan Ave' is set on object 'Object Repository/RAD_Pages/AddressAndContactInfo_Page/input_streetAddress1'

2021-11-08 13:02:31 - [MESSAGE][PASSED] - Text '36 Hoolan Ave' is set on object 'Object Repository/RAD_Pages/AddressAndContactInfo_Page/input_streetAddress1'

2021-11-08 13:02:31 - [TEST_STEP][PASSED] - setText(findTestObject(orPath_AddressContact + "/input_streetAddress2"), ""): Text '' is set on object 'Object Repository/RAD_Pages/AddressAndContactInfo_Page/input_streetAddress2'

2021-11-08 13:02:32 - [MESSAGE][PASSED] - Text '' is set on object 'Object Repository/RAD_Pages/AddressAndContactInfo_Page/input_streetAddress2'

2021-11-08 13:02:32 - [TEST_STEP][PASSED] - setText(findTestObject(orPath_AddressContact + "/input_city"), City): Text 'Huntsville' is set on object 'Object Repository/RAD_Pages/AddressAndContactInfo_Page/input_city'

2021-11-08 13:02:33 - [MESSAGE][PASSED] - Text 'Huntsville' is set on object 'Object Repository/RAD_Pages/AddressAndContactInfo_Page/input_city'

2021-11-08 13:02:33 - [TEST_STEP][PASSED] - selectOptionByLabel(findTestObject(orPath_AddressContact + "/select_State"), "Maryland", false): All options with label 'Maryland' are selected in object 'Object Repository/RAD_Pages/AddressAndContactInfo_Page/select_State' 

2021-11-08 13:02:33 - [MESSAGE][PASSED] - All options with label 'Maryland' are selected in object 'Object Repository/RAD_Pages/AddressAndContactInfo_Page/select_State' 

2021-11-08 13:02:33 - [TEST_STEP][PASSED] - setText(findTestObject(orPath_AddressContact + "/input_zipCode"), ZIP): Text '21093' is set on object 'Object Repository/RAD_Pages/AddressAndContactInfo_Page/input_zipCode'

2021-11-08 13:02:34 - [MESSAGE][PASSED] - Text '21093' is set on object 'Object Repository/RAD_Pages/AddressAndContactInfo_Page/input_zipCode'

2021-11-08 13:02:34 - [TEST_STEP][PASSED] - setText(findTestObject(orPath_AddressContact + "/input_phoneNumber"), "(703) 894-5000"): Text '(703) 894-5000' is set on object 'Object Repository/RAD_Pages/AddressAndContactInfo_Page/input_phoneNumber'

2021-11-08 13:02:35 - [MESSAGE][PASSED] - Text '(703) 894-5000' is set on object 'Object Repository/RAD_Pages/AddressAndContactInfo_Page/input_phoneNumber'

2021-11-08 13:02:35 - [TEST_STEP][PASSED] - setText(findTestObject(orPath_AddressContact + "/input_eMailAddress"), "iahmed@govolution.com"): Text 'iahmed@govolution.com' is set on object 'Object Repository/RAD_Pages/AddressAndContactInfo_Page/input_eMailAddress'

2021-11-08 13:02:35 - [MESSAGE][PASSED] - Text 'iahmed@govolution.com' is set on object 'Object Repository/RAD_Pages/AddressAndContactInfo_Page/input_eMailAddress'

2021-11-08 13:02:35 - [TEST_STEP][PASSED] - setText(findTestObject(orPath_AddressContact + "/input_reEnterEMailAddress"), "iahmed@govolution.com"): Text 'iahmed@govolution.com' is set on object 'Object Repository/RAD_Pages/AddressAndContactInfo_Page/input_reEnterEMailAddress'

2021-11-08 13:02:36 - [MESSAGE][PASSED] - Text 'iahmed@govolution.com' is set on object 'Object Repository/RAD_Pages/AddressAndContactInfo_Page/input_reEnterEMailAddress'

2021-11-08 13:02:36 - [TEST_STEP][PASSED] - if (!(SSN.isEmpty())): Text '123457754' is set on object 'Object Repository/RAD_Pages/TaxInfo_Page/input_TaxInfo_reTaxTypeExisitingSSN'

2021-11-08 13:02:36 - [TEST_STEP][PASSED] - setText(findTestObject(orPath_TaxInfo + "/input_TaxInfo_ExisitingSSN"), SSN): Text '123457754' is set on object 'Object Repository/RAD_Pages/TaxInfo_Page/input_TaxInfo_ExisitingSSN'

2021-11-08 13:02:37 - [MESSAGE][PASSED] - Text '123457754' is set on object 'Object Repository/RAD_Pages/TaxInfo_Page/input_TaxInfo_ExisitingSSN'

2021-11-08 13:02:37 - [TEST_STEP][PASSED] - setText(findTestObject(orPath_TaxInfo + "/input_TaxInfo_reTaxTypeExisitingSSN"), SSN): Text '123457754' is set on object 'Object Repository/RAD_Pages/TaxInfo_Page/input_TaxInfo_reTaxTypeExisitingSSN'

2021-11-08 13:02:37 - [MESSAGE][PASSED] - Text '123457754' is set on object 'Object Repository/RAD_Pages/TaxInfo_Page/input_TaxInfo_reTaxTypeExisitingSSN'

2021-11-08 13:02:37 - [TEST_STEP][PASSED] - scrollToElement(findTestObject(orPath_Amount + "/input__paymentAmount"), 3): Scroll to object 'Object Repository/RAD_Pages/PaymentAmount_Page/input__paymentAmount' successfully

2021-11-08 13:02:38 - [MESSAGE][PASSED] - Scroll to object 'Object Repository/RAD_Pages/PaymentAmount_Page/input__paymentAmount' successfully

2021-11-08 13:02:38 - [TEST_STEP][PASSED] - if (!(FEIN.isEmpty())): null

2021-11-08 13:02:38 - [TEST_STEP][PASSED] - delay(1): Delayed 1 second(s)

2021-11-08 13:02:39 - [MESSAGE][PASSED] - Delayed 1 second(s)

2021-11-08 13:02:39 - [TEST_STEP][PASSED] - setText(findTestObject(orPath_TaxInfo + "/input_NoticeInvoiceNumber"), "258147147"): Text '258147147' is set on object 'Object Repository/RAD_Pages/TaxInfo_Page/input_NoticeInvoiceNumber'

2021-11-08 13:02:39 - [MESSAGE][PASSED] - Text '258147147' is set on object 'Object Repository/RAD_Pages/TaxInfo_Page/input_NoticeInvoiceNumber'

2021-11-08 13:02:39 - [TEST_STEP][PASSED] - setText(findTestObject(orPath_TaxInfo + "/input_reTypeNoticeInvoiceNumber"), "258147147"): Text '258147147' is set on object 'Object Repository/RAD_Pages/TaxInfo_Page/input_reTypeNoticeInvoiceNumber'

2021-11-08 13:02:40 - [MESSAGE][PASSED] - Text '258147147' is set on object 'Object Repository/RAD_Pages/TaxInfo_Page/input_reTypeNoticeInvoiceNumber'

2021-11-08 13:02:40 - [TEST_STEP][PASSED] - if (TaxTypeEL.equalsIgnoreCase("Sales & Use Tax")): null

2021-11-08 13:02:40 - [TEST_STEP][PASSED] - setText(findTestObject(orPath_Amount + "/input__paymentAmount"), Amount): Text '70.50' is set on object 'Object Repository/RAD_Pages/PaymentAmount_Page/input__paymentAmount'

2021-11-08 13:02:41 - [MESSAGE][PASSED] - Text '70.50' is set on object 'Object Repository/RAD_Pages/PaymentAmount_Page/input__paymentAmount'

2021-11-08 13:02:41 - [TEST_STEP][PASSED] - scrollToElement(findTestObject(orPath_Landing + "/button_Continue"), 3): Scroll to object 'Object Repository/RAD_Pages/Landing_Page/button_Continue' successfully

2021-11-08 13:02:41 - [MESSAGE][PASSED] - Scroll to object 'Object Repository/RAD_Pages/Landing_Page/button_Continue' successfully

2021-11-08 13:02:41 - [TEST_STEP][PASSED] - waitForElementClickable(findTestObject(orPath_Landing + "/button_Continue"), 5): Object 'Object Repository/RAD_Pages/Landing_Page/button_Continue' is clickable

2021-11-08 13:02:42 - [MESSAGE][PASSED] - Object 'Object Repository/RAD_Pages/Landing_Page/button_Continue' is clickable

2021-11-08 13:02:42 - [TEST_STEP][PASSED] - click(findTestObject(orPath_Landing + "/button_Continue")): Object: 'Object Repository/RAD_Pages/Landing_Page/button_Continue' is clicked on

2021-11-08 13:02:42 - [MESSAGE][PASSED] - Object: 'Object Repository/RAD_Pages/Landing_Page/button_Continue' is clicked on

2021-11-08 13:02:42 - [TEST_STEP][PASSED] - verifyTextPresent("Review the information below and make any necessary corrections by clicking the", true): Text 'Review the information below and make any necessary corrections by clicking the' is present on page  using regular expression

2021-11-08 13:02:43 - [MESSAGE][PASSED] - Text 'Review the information below and make any necessary corrections by clicking the' is present on page  using regular expression

2021-11-08 13:02:43 - [TEST_STEP][PASSED] - verifyTextPresent("When you are confident that all the information is correct", true): Text 'When you are confident that all the information is correct' is present on page  using regular expression

2021-11-08 13:02:43 - [MESSAGE][PASSED] - Text 'When you are confident that all the information is correct' is present on page  using regular expression

2021-11-08 13:02:43 - [TEST_STEP][PASSED] - delay(1): Delayed 1 second(s)

2021-11-08 13:02:44 - [MESSAGE][PASSED] - Delayed 1 second(s)

2021-11-08 13:02:44 - [TEST_STEP][PASSED] - click(findTestObject(orPath_PaymentReady + "/button_ProceedtoPayment")): Object: 'Object Repository/RAD_Pages/PaymentReady_Page/button_ProceedtoPayment' is clicked on

2021-11-08 13:02:46 - [MESSAGE][PASSED] - Object: 'Object Repository/RAD_Pages/PaymentReady_Page/button_ProceedtoPayment' is clicked on

2021-11-08 13:02:46 - [TEST_STEP][PASSED] - setText(findTestObject(orPath_PaymentEntry + "/input__cardNumber"), CCNumber): Text '5146312200000035' is set on object 'Object Repository/RAD_Pages/PaymentEntry_Page/input__cardNumber'

2021-11-08 13:02:47 - [MESSAGE][PASSED] - Text '5146312200000035' is set on object 'Object Repository/RAD_Pages/PaymentEntry_Page/input__cardNumber'

2021-11-08 13:02:47 - [TEST_STEP][PASSED] - setText(findTestObject(orPath_PaymentEntry + "/input__spc"), CVV): Text '123' is set on object 'Object Repository/RAD_Pages/PaymentEntry_Page/input__spc'

2021-11-08 13:02:48 - [MESSAGE][PASSED] - Text '123' is set on object 'Object Repository/RAD_Pages/PaymentEntry_Page/input__spc'

2021-11-08 13:02:48 - [TEST_STEP][PASSED] - selectOptionByLabel(findTestObject(orPath_PaymentEntry + "/select_MM"), "12", false): All options with label '12' are selected in object 'Object Repository/RAD_Pages/PaymentEntry_Page/select_MM' 

2021-11-08 13:02:48 - [MESSAGE][PASSED] - All options with label '12' are selected in object 'Object Repository/RAD_Pages/PaymentEntry_Page/select_MM' 

2021-11-08 13:02:48 - [TEST_STEP][PASSED] - selectOptionByLabel(findTestObject(orPath_PaymentEntry + "/select_YYYY"), "2023", false): All options with label '2023' are selected in object 'Object Repository/RAD_Pages/PaymentEntry_Page/select_YYYY' 

2021-11-08 13:02:49 - [MESSAGE][PASSED] - All options with label '2023' are selected in object 'Object Repository/RAD_Pages/PaymentEntry_Page/select_YYYY' 

2021-11-08 13:02:49 - [TEST_STEP][PASSED] - click(findTestObject(orPath_PaymentEntry + "/input_Field_ccSubmit")): Object: 'Object Repository/RAD_Pages/PaymentEntry_Page/input_Field_ccSubmit' is clicked on

2021-11-08 13:02:50 - [MESSAGE][PASSED] - Object: 'Object Repository/RAD_Pages/PaymentEntry_Page/input_Field_ccSubmit' is clicked on

2021-11-08 13:02:50 - [TEST_STEP][PASSED] - click(findTestObject(orPath_PaymentConfirmation + "/input_N_confirmNotifyAction")): Object: 'Object Repository/RAD_Pages/PaymentConfirmation_Page/input_N_confirmNotifyAction' is clicked on

2021-11-08 13:02:51 - [MESSAGE][PASSED] - Object: 'Object Repository/RAD_Pages/PaymentConfirmation_Page/input_N_confirmNotifyAction' is clicked on

2021-11-08 13:02:51 - [TEST_STEP][PASSED] - click(findTestObject(orPath_ServiceFeesAccept + "/input_convFeeNotifyAction")): Object: 'Object Repository/RAD_Pages/ServiceFeeAccept_Page/input_convFeeNotifyAction' is clicked on

2021-11-08 13:02:53 - [MESSAGE][PASSED] - Object: 'Object Repository/RAD_Pages/ServiceFeeAccept_Page/input_convFeeNotifyAction' is clicked on

2021-11-08 13:02:53 - [TEST_STEP][PASSED] - delay(10): Delayed 10 second(s)

2021-11-08 13:03:03 - [MESSAGE][PASSED] - Delayed 10 second(s)

2021-11-08 13:03:03 - [TEST_STEP][PASSED] - verifyTextPresent("Successful Payment Receipt", true): Text 'Successful Payment Receipt' is present on page  using regular expression

2021-11-08 13:03:03 - [MESSAGE][PASSED] - Text 'Successful Payment Receipt' is present on page  using regular expression

2021-11-08 13:03:03 - [TEST_STEP][PASSED] - if (verifyTextPresent("Successful Payment Receipt", true)): null

2021-11-08 13:03:03 - [MESSAGE][PASSED] - Text 'Successful Payment Receipt' is present on page  using regular expression

2021-11-08 13:03:03 - [TEST_STEP][PASSED] - println("Transaction was Successful"): null

2021-11-08 13:03:03 - [TEST_STEP][PASSED] - out.println("Pass Record Number: " + row): null

2021-11-08 13:03:03 - [TEST_STEP][PASSED] - resText = "Pass": null

2021-11-08 13:03:03 - [TEST_STEP][PASSED] - pages.WriteExcel.demoKey(resText, datText, resColumn, datCloumn, fileLoc, nameSheet, row): pages.WriteExcel.demoKey is PASSED

2021-11-08 13:03:03 - [MESSAGE][PASSED] - pages.WriteExcel.demoKey is PASSED

2021-11-08 13:03:03 - [TEST_STEP][PASSED] - ExecuteTC = findTestData(dataFile).getValue("Execute", row): null

2021-11-08 13:03:03 - [TEST_STEP][PASSED] - Taxtype = findTestData(dataFile).getValue("TaxType", row): null

2021-11-08 13:03:03 - [TEST_STEP][PASSED] - TaxTypeEL = findTestData(dataFile).getValue("TaxTypeEL", row): null

2021-11-08 13:03:03 - [TEST_STEP][PASSED] - FilingYear = findTestData(dataFile).getValue("FilingYear", row): null

2021-11-08 13:03:03 - [TEST_STEP][PASSED] - FName = findTestData(dataFile).getValue("Fname", row): null

2021-11-08 13:03:04 - [TEST_STEP][PASSED] - LName = findTestData(dataFile).getValue("Lname", row): null

2021-11-08 13:03:04 - [TEST_STEP][PASSED] - AL1 = findTestData(dataFile).getValue("AL1", row): null

2021-11-08 13:03:04 - [TEST_STEP][PASSED] - City = findTestData(dataFile).getValue("City", row): null

2021-11-08 13:03:04 - [TEST_STEP][PASSED] - ZIP = findTestData(dataFile).getValue("ZIP", row): null

2021-11-08 13:03:04 - [TEST_STEP][PASSED] - Amount = findTestData(dataFile).getValue("Amount", row): null

2021-11-08 13:03:04 - [TEST_STEP][PASSED] - CCNumber = findTestData(dataFile).getValue("CCNumber", row): null

2021-11-08 13:03:04 - [TEST_STEP][PASSED] - CVV = findTestData(dataFile).getValue("CVV", row): null

2021-11-08 13:03:04 - [TEST_STEP][PASSED] - SSN = findTestData(dataFile).getValue("SSN", row): null

2021-11-08 13:03:04 - [TEST_STEP][PASSED] - FEIN = findTestData(dataFile).getValue("FEIN", row): null

2021-11-08 13:03:04 - [TEST_STEP][PASSED] - out.println("Value of Execute is : " + ExecuteTC): null

2021-11-08 13:03:04 - [TEST_STEP][PASSED] - if (ExecuteTC.equalsIgnoreCase("Y")): null

2021-11-08 13:03:04 - [TEST_STEP][PASSED] - out.println("Begin Record Number: " + row): null

2021-11-08 13:03:04 - [TEST_STEP][PASSED] - today = new java.util.Date(): null

2021-11-08 13:03:04 - [TEST_STEP][PASSED] - println(today): null

2021-11-08 13:03:04 - [TEST_STEP][PASSED] - datText = today: null

2021-11-08 13:03:04 - [TEST_STEP][PASSED] - Taxtype = findTestData(dataFile).getValue("TaxType", row): null

2021-11-08 13:03:04 - [TEST_STEP][PASSED] - out.println("Taxtype value is : " + Taxtype): null

2021-11-08 13:03:04 - [TEST_STEP][PASSED] - openBrowser(""): Browser is opened with url: ''

2021-11-08 13:03:04 - [MESSAGE][WARNING] - A browser is already opened. Closing browser and opening a new one

2021-11-08 13:03:05 - [MESSAGE][INFO] - Starting 'Chrome' driver

2021-11-08 13:03:05 - [MESSAGE][INFO] - User set preference: ['acceptInsecureCerts', 'true']

2021-11-08 13:03:05 - [MESSAGE][INFO] - Action delay is set to 0 milliseconds

2021-11-08 13:03:06 - [MESSAGE][PASSED] - Browser is opened with url: ''

2021-11-08 13:03:06 - [TEST_STEP][PASSED] - maximizeWindow(): Current window maximized

2021-11-08 13:03:06 - [MESSAGE][PASSED] - Current window maximized

2021-11-08 13:03:06 - [TEST_STEP][PASSED] - navigateToUrl(RADurl): Navigate to 'https://qa.velocitypayment.com/client/rad/index.html' successfully

2021-11-08 13:03:08 - [MESSAGE][PASSED] - Navigate to 'https://qa.velocitypayment.com/client/rad/index.html' successfully

2021-11-08 13:03:08 - [TEST_STEP][PASSED] - orPath_Landing = "Object Repository/RAD_Pages/Landing_Page": null

2021-11-08 13:03:08 - [TEST_STEP][PASSED] - orPath_TaxTypeFilingYear = "Object Repository/RAD_Pages/TaxTypeFilingYear_Page": null

2021-11-08 13:03:08 - [TEST_STEP][PASSED] - orPath_TaxPayer = "Object Repository/RAD_Pages/Taxpayer_Page": null

2021-11-08 13:03:08 - [TEST_STEP][PASSED] - orPath_AddressContact = "Object Repository/RAD_Pages/AddressAndContactInfo_Page": null

2021-11-08 13:03:08 - [TEST_STEP][PASSED] - orPath_FilingStatus = "Object Repository/RAD_Pages/FilingStatus_Page": null

2021-11-08 13:03:08 - [TEST_STEP][PASSED] - orPath_Amount = "Object Repository/RAD_Pages/PaymentAmount_Page": null

2021-11-08 13:03:08 - [TEST_STEP][PASSED] - orPath_TaxInfo = "Object Repository/RAD_Pages/TaxInfo_Page": null

2021-11-08 13:03:08 - [TEST_STEP][PASSED] - orPath_Withholding = "Object Repository/RAD_Pages/Withholding_Page": null

2021-11-08 13:03:08 - [TEST_STEP][PASSED] - orPath_Summary = "Object Repository/RAD_Pages/Summary_Page": null

2021-11-08 13:03:08 - [TEST_STEP][PASSED] - orPath_PaymentReady = "Object Repository/RAD_Pages/PaymentReady_Page": null

2021-11-08 13:03:08 - [TEST_STEP][PASSED] - orPath_PaymentEntry = "Object Repository/RAD_Pages/PaymentEntry_Page": null

2021-11-08 13:03:08 - [TEST_STEP][PASSED] - orPath_PaymentConfirmation = "Object Repository/RAD_Pages/PaymentConfirmation_Page": null

2021-11-08 13:03:08 - [TEST_STEP][PASSED] - orPath_ServiceFeesAccept = "Object Repository/RAD_Pages/ServiceFeeAccept_Page": null

2021-11-08 13:03:08 - [TEST_STEP][PASSED] - selectOptionByLabel(findTestObject(orPath_Landing + "/dd_TaxType"), Taxtype, false): All options with label 'Existing Liability' are selected in object 'Object Repository/RAD_Pages/Landing_Page/dd_TaxType' 

2021-11-08 13:03:09 - [MESSAGE][PASSED] - All options with label 'Existing Liability' are selected in object 'Object Repository/RAD_Pages/Landing_Page/dd_TaxType' 

2021-11-08 13:03:09 - [TEST_STEP][PASSED] - delay(1): Delayed 1 second(s)

2021-11-08 13:03:10 - [MESSAGE][PASSED] - Delayed 1 second(s)

2021-11-08 13:03:10 - [TEST_STEP][PASSED] - selectOptionByLabel(findTestObject(orPath_TaxTypeFilingYear + "/select_TaxType_ExistingLiability"), TaxTypeEL, false): All options with label 'Withholding Tax' are selected in object 'Object Repository/RAD_Pages/TaxTypeFilingYear_Page/select_TaxType_ExistingLiability' 

2021-11-08 13:03:11 - [MESSAGE][PASSED] - All options with label 'Withholding Tax' are selected in object 'Object Repository/RAD_Pages/TaxTypeFilingYear_Page/select_TaxType_ExistingLiability' 

2021-11-08 13:03:11 - [TEST_STEP][PASSED] - selectOptionByLabel(findTestObject(orPath_TaxTypeFilingYear + "/select_FilingYear"), FilingYear, false): All options with label '2021' are selected in object 'Object Repository/RAD_Pages/TaxTypeFilingYear_Page/select_FilingYear' 

2021-11-08 13:03:11 - [MESSAGE][PASSED] - All options with label '2021' are selected in object 'Object Repository/RAD_Pages/TaxTypeFilingYear_Page/select_FilingYear' 

2021-11-08 13:03:11 - [TEST_STEP][PASSED] - setText(findTestObject(orPath_TaxPayer + "/input_firstName"), FName): Text 'Mark' is set on object 'Object Repository/RAD_Pages/Taxpayer_Page/input_firstName'

2021-11-08 13:03:12 - [MESSAGE][PASSED] - Text 'Mark' is set on object 'Object Repository/RAD_Pages/Taxpayer_Page/input_firstName'

2021-11-08 13:03:12 - [TEST_STEP][PASSED] - setText(findTestObject(orPath_TaxPayer + "/input_lastName"), LName): Text 'Wright' is set on object 'Object Repository/RAD_Pages/Taxpayer_Page/input_lastName'

2021-11-08 13:03:13 - [MESSAGE][PASSED] - Text 'Wright' is set on object 'Object Repository/RAD_Pages/Taxpayer_Page/input_lastName'

2021-11-08 13:03:13 - [TEST_STEP][PASSED] - setText(findTestObject(orPath_TaxPayer + "/input_middleName"), "Johns"): Text 'Johns' is set on object 'Object Repository/RAD_Pages/Taxpayer_Page/input_middleName'

2021-11-08 13:03:13 - [MESSAGE][PASSED] - Text 'Johns' is set on object 'Object Repository/RAD_Pages/Taxpayer_Page/input_middleName'

2021-11-08 13:03:13 - [TEST_STEP][PASSED] - setText(findTestObject(orPath_TaxPayer + "/input_suffix"), "Sr"): Text 'Sr' is set on object 'Object Repository/RAD_Pages/Taxpayer_Page/input_suffix'

2021-11-08 13:03:14 - [MESSAGE][PASSED] - Text 'Sr' is set on object 'Object Repository/RAD_Pages/Taxpayer_Page/input_suffix'

2021-11-08 13:03:14 - [TEST_STEP][PASSED] - selectOptionByLabel(findTestObject(orPath_AddressContact + "/select_Country"), "United States", false): All options with label 'United States' are selected in object 'Object Repository/RAD_Pages/AddressAndContactInfo_Page/select_Country' 

2021-11-08 13:03:14 - [MESSAGE][PASSED] - All options with label 'United States' are selected in object 'Object Repository/RAD_Pages/AddressAndContactInfo_Page/select_Country' 

2021-11-08 13:03:14 - [TEST_STEP][PASSED] - setText(findTestObject(orPath_AddressContact + "/input_streetAddress1"), AL1): Text '36 Hoolan Ave' is set on object 'Object Repository/RAD_Pages/AddressAndContactInfo_Page/input_streetAddress1'

2021-11-08 13:03:15 - [MESSAGE][PASSED] - Text '36 Hoolan Ave' is set on object 'Object Repository/RAD_Pages/AddressAndContactInfo_Page/input_streetAddress1'

2021-11-08 13:03:15 - [TEST_STEP][PASSED] - setText(findTestObject(orPath_AddressContact + "/input_streetAddress2"), ""): Text '' is set on object 'Object Repository/RAD_Pages/AddressAndContactInfo_Page/input_streetAddress2'

2021-11-08 13:03:16 - [MESSAGE][PASSED] - Text '' is set on object 'Object Repository/RAD_Pages/AddressAndContactInfo_Page/input_streetAddress2'

2021-11-08 13:03:16 - [TEST_STEP][PASSED] - setText(findTestObject(orPath_AddressContact + "/input_city"), City): Text 'Huntsville' is set on object 'Object Repository/RAD_Pages/AddressAndContactInfo_Page/input_city'

2021-11-08 13:03:16 - [MESSAGE][PASSED] - Text 'Huntsville' is set on object 'Object Repository/RAD_Pages/AddressAndContactInfo_Page/input_city'

2021-11-08 13:03:16 - [TEST_STEP][PASSED] - selectOptionByLabel(findTestObject(orPath_AddressContact + "/select_State"), "Maryland", false): All options with label 'Maryland' are selected in object 'Object Repository/RAD_Pages/AddressAndContactInfo_Page/select_State' 

2021-11-08 13:03:17 - [MESSAGE][PASSED] - All options with label 'Maryland' are selected in object 'Object Repository/RAD_Pages/AddressAndContactInfo_Page/select_State' 

2021-11-08 13:03:17 - [TEST_STEP][PASSED] - setText(findTestObject(orPath_AddressContact + "/input_zipCode"), ZIP): Text '21093' is set on object 'Object Repository/RAD_Pages/AddressAndContactInfo_Page/input_zipCode'

2021-11-08 13:03:18 - [MESSAGE][PASSED] - Text '21093' is set on object 'Object Repository/RAD_Pages/AddressAndContactInfo_Page/input_zipCode'

2021-11-08 13:03:18 - [TEST_STEP][PASSED] - setText(findTestObject(orPath_AddressContact + "/input_phoneNumber"), "(703) 894-5000"): Text '(703) 894-5000' is set on object 'Object Repository/RAD_Pages/AddressAndContactInfo_Page/input_phoneNumber'

2021-11-08 13:03:18 - [MESSAGE][PASSED] - Text '(703) 894-5000' is set on object 'Object Repository/RAD_Pages/AddressAndContactInfo_Page/input_phoneNumber'

2021-11-08 13:03:18 - [TEST_STEP][PASSED] - setText(findTestObject(orPath_AddressContact + "/input_eMailAddress"), "iahmed@govolution.com"): Text 'iahmed@govolution.com' is set on object 'Object Repository/RAD_Pages/AddressAndContactInfo_Page/input_eMailAddress'

2021-11-08 13:03:19 - [MESSAGE][PASSED] - Text 'iahmed@govolution.com' is set on object 'Object Repository/RAD_Pages/AddressAndContactInfo_Page/input_eMailAddress'

2021-11-08 13:03:19 - [TEST_STEP][PASSED] - setText(findTestObject(orPath_AddressContact + "/input_reEnterEMailAddress"), "iahmed@govolution.com"): Text 'iahmed@govolution.com' is set on object 'Object Repository/RAD_Pages/AddressAndContactInfo_Page/input_reEnterEMailAddress'

2021-11-08 13:03:20 - [MESSAGE][PASSED] - Text 'iahmed@govolution.com' is set on object 'Object Repository/RAD_Pages/AddressAndContactInfo_Page/input_reEnterEMailAddress'

2021-11-08 13:03:20 - [TEST_STEP][PASSED] - if (!(SSN.isEmpty())): null

2021-11-08 13:03:20 - [TEST_STEP][PASSED] - scrollToElement(findTestObject(orPath_Amount + "/input__paymentAmount"), 3): Scroll to object 'Object Repository/RAD_Pages/PaymentAmount_Page/input__paymentAmount' successfully

2021-11-08 13:03:20 - [MESSAGE][PASSED] - Scroll to object 'Object Repository/RAD_Pages/PaymentAmount_Page/input__paymentAmount' successfully

2021-11-08 13:03:20 - [TEST_STEP][PASSED] - if (!(FEIN.isEmpty())): Text '258369266' is set on object 'Object Repository/RAD_Pages/TaxInfo_Page/input_ReTypeFEIN'

2021-11-08 13:03:20 - [TEST_STEP][PASSED] - setText(findTestObject(orPath_TaxInfo + "/input_FEIN"), FEIN): Text '258369266' is set on object 'Object Repository/RAD_Pages/TaxInfo_Page/input_FEIN'

2021-11-08 13:03:21 - [MESSAGE][PASSED] - Text '258369266' is set on object 'Object Repository/RAD_Pages/TaxInfo_Page/input_FEIN'

2021-11-08 13:03:21 - [TEST_STEP][PASSED] - setText(findTestObject(orPath_TaxInfo + "/input_ReTypeFEIN"), FEIN): Text '258369266' is set on object 'Object Repository/RAD_Pages/TaxInfo_Page/input_ReTypeFEIN'

2021-11-08 13:03:21 - [MESSAGE][PASSED] - Text '258369266' is set on object 'Object Repository/RAD_Pages/TaxInfo_Page/input_ReTypeFEIN'

2021-11-08 13:03:21 - [TEST_STEP][PASSED] - delay(1): Delayed 1 second(s)

2021-11-08 13:03:22 - [MESSAGE][PASSED] - Delayed 1 second(s)

2021-11-08 13:03:22 - [TEST_STEP][PASSED] - setText(findTestObject(orPath_TaxInfo + "/input_NoticeInvoiceNumber"), "258147147"): Text '258147147' is set on object 'Object Repository/RAD_Pages/TaxInfo_Page/input_NoticeInvoiceNumber'

2021-11-08 13:03:23 - [MESSAGE][PASSED] - Text '258147147' is set on object 'Object Repository/RAD_Pages/TaxInfo_Page/input_NoticeInvoiceNumber'

2021-11-08 13:03:23 - [TEST_STEP][PASSED] - setText(findTestObject(orPath_TaxInfo + "/input_reTypeNoticeInvoiceNumber"), "258147147"): Text '258147147' is set on object 'Object Repository/RAD_Pages/TaxInfo_Page/input_reTypeNoticeInvoiceNumber'

2021-11-08 13:03:24 - [MESSAGE][PASSED] - Text '258147147' is set on object 'Object Repository/RAD_Pages/TaxInfo_Page/input_reTypeNoticeInvoiceNumber'

2021-11-08 13:03:24 - [TEST_STEP][PASSED] - if (TaxTypeEL.equalsIgnoreCase("Sales & Use Tax")): null

2021-11-08 13:03:24 - [TEST_STEP][PASSED] - setText(findTestObject(orPath_Amount + "/input__paymentAmount"), Amount): Text '70.50' is set on object 'Object Repository/RAD_Pages/PaymentAmount_Page/input__paymentAmount'

2021-11-08 13:03:25 - [MESSAGE][PASSED] - Text '70.50' is set on object 'Object Repository/RAD_Pages/PaymentAmount_Page/input__paymentAmount'

2021-11-08 13:03:25 - [TEST_STEP][PASSED] - scrollToElement(findTestObject(orPath_Landing + "/button_Continue"), 3): Scroll to object 'Object Repository/RAD_Pages/Landing_Page/button_Continue' successfully

2021-11-08 13:03:25 - [MESSAGE][PASSED] - Scroll to object 'Object Repository/RAD_Pages/Landing_Page/button_Continue' successfully

2021-11-08 13:03:25 - [TEST_STEP][PASSED] - waitForElementClickable(findTestObject(orPath_Landing + "/button_Continue"), 5): Object 'Object Repository/RAD_Pages/Landing_Page/button_Continue' is clickable

2021-11-08 13:03:26 - [MESSAGE][PASSED] - Object 'Object Repository/RAD_Pages/Landing_Page/button_Continue' is clickable

2021-11-08 13:03:26 - [TEST_STEP][PASSED] - click(findTestObject(orPath_Landing + "/button_Continue")): Object: 'Object Repository/RAD_Pages/Landing_Page/button_Continue' is clicked on

2021-11-08 13:03:26 - [MESSAGE][PASSED] - Object: 'Object Repository/RAD_Pages/Landing_Page/button_Continue' is clicked on

2021-11-08 13:03:26 - [TEST_STEP][PASSED] - verifyTextPresent("Review the information below and make any necessary corrections by clicking the", true): Text 'Review the information below and make any necessary corrections by clicking the' is present on page  using regular expression

2021-11-08 13:03:27 - [MESSAGE][PASSED] - Text 'Review the information below and make any necessary corrections by clicking the' is present on page  using regular expression

2021-11-08 13:03:27 - [TEST_STEP][PASSED] - verifyTextPresent("When you are confident that all the information is correct", true): Text 'When you are confident that all the information is correct' is present on page  using regular expression

2021-11-08 13:03:27 - [MESSAGE][PASSED] - Text 'When you are confident that all the information is correct' is present on page  using regular expression

2021-11-08 13:03:27 - [TEST_STEP][PASSED] - delay(1): Delayed 1 second(s)

2021-11-08 13:03:28 - [MESSAGE][PASSED] - Delayed 1 second(s)

2021-11-08 13:03:28 - [TEST_STEP][PASSED] - click(findTestObject(orPath_PaymentReady + "/button_ProceedtoPayment")): Object: 'Object Repository/RAD_Pages/PaymentReady_Page/button_ProceedtoPayment' is clicked on

2021-11-08 13:03:30 - [MESSAGE][PASSED] - Object: 'Object Repository/RAD_Pages/PaymentReady_Page/button_ProceedtoPayment' is clicked on

2021-11-08 13:03:30 - [TEST_STEP][PASSED] - setText(findTestObject(orPath_PaymentEntry + "/input__cardNumber"), CCNumber): Text '5146312200000035' is set on object 'Object Repository/RAD_Pages/PaymentEntry_Page/input__cardNumber'

2021-11-08 13:03:31 - [MESSAGE][PASSED] - Text '5146312200000035' is set on object 'Object Repository/RAD_Pages/PaymentEntry_Page/input__cardNumber'

2021-11-08 13:03:31 - [TEST_STEP][PASSED] - setText(findTestObject(orPath_PaymentEntry + "/input__spc"), CVV): Text '123' is set on object 'Object Repository/RAD_Pages/PaymentEntry_Page/input__spc'

2021-11-08 13:03:31 - [MESSAGE][PASSED] - Text '123' is set on object 'Object Repository/RAD_Pages/PaymentEntry_Page/input__spc'

2021-11-08 13:03:31 - [TEST_STEP][PASSED] - selectOptionByLabel(findTestObject(orPath_PaymentEntry + "/select_MM"), "12", false): All options with label '12' are selected in object 'Object Repository/RAD_Pages/PaymentEntry_Page/select_MM' 

2021-11-08 13:03:32 - [MESSAGE][PASSED] - All options with label '12' are selected in object 'Object Repository/RAD_Pages/PaymentEntry_Page/select_MM' 

2021-11-08 13:03:32 - [TEST_STEP][PASSED] - selectOptionByLabel(findTestObject(orPath_PaymentEntry + "/select_YYYY"), "2023", false): All options with label '2023' are selected in object 'Object Repository/RAD_Pages/PaymentEntry_Page/select_YYYY' 

2021-11-08 13:03:33 - [MESSAGE][PASSED] - All options with label '2023' are selected in object 'Object Repository/RAD_Pages/PaymentEntry_Page/select_YYYY' 

2021-11-08 13:03:33 - [TEST_STEP][PASSED] - click(findTestObject(orPath_PaymentEntry + "/input_Field_ccSubmit")): Object: 'Object Repository/RAD_Pages/PaymentEntry_Page/input_Field_ccSubmit' is clicked on

2021-11-08 13:03:34 - [MESSAGE][PASSED] - Object: 'Object Repository/RAD_Pages/PaymentEntry_Page/input_Field_ccSubmit' is clicked on

2021-11-08 13:03:34 - [TEST_STEP][PASSED] - click(findTestObject(orPath_PaymentConfirmation + "/input_N_confirmNotifyAction")): Object: 'Object Repository/RAD_Pages/PaymentConfirmation_Page/input_N_confirmNotifyAction' is clicked on

2021-11-08 13:03:35 - [MESSAGE][PASSED] - Object: 'Object Repository/RAD_Pages/PaymentConfirmation_Page/input_N_confirmNotifyAction' is clicked on

2021-11-08 13:03:35 - [TEST_STEP][PASSED] - click(findTestObject(orPath_ServiceFeesAccept + "/input_convFeeNotifyAction")): Object: 'Object Repository/RAD_Pages/ServiceFeeAccept_Page/input_convFeeNotifyAction' is clicked on

2021-11-08 13:03:36 - [MESSAGE][PASSED] - Object: 'Object Repository/RAD_Pages/ServiceFeeAccept_Page/input_convFeeNotifyAction' is clicked on

2021-11-08 13:03:36 - [TEST_STEP][PASSED] - delay(10): Delayed 10 second(s)

2021-11-08 13:03:46 - [MESSAGE][PASSED] - Delayed 10 second(s)

2021-11-08 13:03:46 - [TEST_STEP][PASSED] - verifyTextPresent("Successful Payment Receipt", true): Text 'Successful Payment Receipt' is present on page  using regular expression

2021-11-08 13:03:47 - [MESSAGE][PASSED] - Text 'Successful Payment Receipt' is present on page  using regular expression

2021-11-08 13:03:47 - [TEST_STEP][PASSED] - if (verifyTextPresent("Successful Payment Receipt", true)): null

2021-11-08 13:03:47 - [MESSAGE][PASSED] - Text 'Successful Payment Receipt' is present on page  using regular expression

2021-11-08 13:03:47 - [TEST_STEP][PASSED] - println("Transaction was Successful"): null

2021-11-08 13:03:47 - [TEST_STEP][PASSED] - out.println("Pass Record Number: " + row): null

2021-11-08 13:03:47 - [TEST_STEP][PASSED] - resText = "Pass": null

2021-11-08 13:03:47 - [TEST_STEP][PASSED] - pages.WriteExcel.demoKey(resText, datText, resColumn, datCloumn, fileLoc, nameSheet, row): pages.WriteExcel.demoKey is PASSED

2021-11-08 13:03:47 - [MESSAGE][PASSED] - pages.WriteExcel.demoKey is PASSED

2021-11-08 13:03:47 - [TEST_STEP][PASSED] - ExecuteTC = findTestData(dataFile).getValue("Execute", row): null

2021-11-08 13:03:47 - [TEST_STEP][PASSED] - Taxtype = findTestData(dataFile).getValue("TaxType", row): null

2021-11-08 13:03:47 - [TEST_STEP][PASSED] - TaxTypeEL = findTestData(dataFile).getValue("TaxTypeEL", row): null

2021-11-08 13:03:47 - [TEST_STEP][PASSED] - FilingYear = findTestData(dataFile).getValue("FilingYear", row): null

2021-11-08 13:03:47 - [TEST_STEP][PASSED] - FName = findTestData(dataFile).getValue("Fname", row): null

2021-11-08 13:03:47 - [TEST_STEP][PASSED] - LName = findTestData(dataFile).getValue("Lname", row): null

2021-11-08 13:03:47 - [TEST_STEP][PASSED] - AL1 = findTestData(dataFile).getValue("AL1", row): null

2021-11-08 13:03:47 - [TEST_STEP][PASSED] - City = findTestData(dataFile).getValue("City", row): null

2021-11-08 13:03:47 - [TEST_STEP][PASSED] - ZIP = findTestData(dataFile).getValue("ZIP", row): null

2021-11-08 13:03:47 - [TEST_STEP][PASSED] - Amount = findTestData(dataFile).getValue("Amount", row): null

2021-11-08 13:03:47 - [TEST_STEP][PASSED] - CCNumber = findTestData(dataFile).getValue("CCNumber", row): null

2021-11-08 13:03:47 - [TEST_STEP][PASSED] - CVV = findTestData(dataFile).getValue("CVV", row): null

2021-11-08 13:03:47 - [TEST_STEP][PASSED] - SSN = findTestData(dataFile).getValue("SSN", row): null

2021-11-08 13:03:48 - [TEST_STEP][PASSED] - FEIN = findTestData(dataFile).getValue("FEIN", row): null

2021-11-08 13:03:48 - [TEST_STEP][PASSED] - out.println("Value of Execute is : " + ExecuteTC): null

2021-11-08 13:03:48 - [TEST_STEP][PASSED] - if (ExecuteTC.equalsIgnoreCase("Y")): null

2021-11-08 13:03:48 - [TEST_STEP][PASSED] - out.println("Begin Record Number: " + row): null

2021-11-08 13:03:48 - [TEST_STEP][PASSED] - today = new java.util.Date(): null

2021-11-08 13:03:48 - [TEST_STEP][PASSED] - println(today): null

2021-11-08 13:03:48 - [TEST_STEP][PASSED] - datText = today: null

2021-11-08 13:03:48 - [TEST_STEP][PASSED] - Taxtype = findTestData(dataFile).getValue("TaxType", row): null

2021-11-08 13:03:48 - [TEST_STEP][PASSED] - out.println("Taxtype value is : " + Taxtype): null

2021-11-08 13:03:48 - [TEST_STEP][PASSED] - openBrowser(""): Browser is opened with url: ''

2021-11-08 13:03:48 - [MESSAGE][WARNING] - A browser is already opened. Closing browser and opening a new one

2021-11-08 13:03:48 - [MESSAGE][INFO] - Starting 'Chrome' driver

2021-11-08 13:03:48 - [MESSAGE][INFO] - User set preference: ['acceptInsecureCerts', 'true']

2021-11-08 13:03:48 - [MESSAGE][INFO] - Action delay is set to 0 milliseconds

2021-11-08 13:03:50 - [MESSAGE][PASSED] - Browser is opened with url: ''

2021-11-08 13:03:50 - [TEST_STEP][PASSED] - maximizeWindow(): Current window maximized

2021-11-08 13:03:50 - [MESSAGE][PASSED] - Current window maximized

2021-11-08 13:03:50 - [TEST_STEP][PASSED] - navigateToUrl(RADurl): Navigate to 'https://qa.velocitypayment.com/client/rad/index.html' successfully

2021-11-08 13:03:52 - [MESSAGE][PASSED] - Navigate to 'https://qa.velocitypayment.com/client/rad/index.html' successfully

2021-11-08 13:03:52 - [TEST_STEP][PASSED] - orPath_Landing = "Object Repository/RAD_Pages/Landing_Page": null

2021-11-08 13:03:52 - [TEST_STEP][PASSED] - orPath_TaxTypeFilingYear = "Object Repository/RAD_Pages/TaxTypeFilingYear_Page": null

2021-11-08 13:03:52 - [TEST_STEP][PASSED] - orPath_TaxPayer = "Object Repository/RAD_Pages/Taxpayer_Page": null

2021-11-08 13:03:52 - [TEST_STEP][PASSED] - orPath_AddressContact = "Object Repository/RAD_Pages/AddressAndContactInfo_Page": null

2021-11-08 13:03:52 - [TEST_STEP][PASSED] - orPath_FilingStatus = "Object Repository/RAD_Pages/FilingStatus_Page": null

2021-11-08 13:03:52 - [TEST_STEP][PASSED] - orPath_Amount = "Object Repository/RAD_Pages/PaymentAmount_Page": null

2021-11-08 13:03:52 - [TEST_STEP][PASSED] - orPath_TaxInfo = "Object Repository/RAD_Pages/TaxInfo_Page": null

2021-11-08 13:03:52 - [TEST_STEP][PASSED] - orPath_Withholding = "Object Repository/RAD_Pages/Withholding_Page": null

2021-11-08 13:03:52 - [TEST_STEP][PASSED] - orPath_Summary = "Object Repository/RAD_Pages/Summary_Page": null

2021-11-08 13:03:52 - [TEST_STEP][PASSED] - orPath_PaymentReady = "Object Repository/RAD_Pages/PaymentReady_Page": null

2021-11-08 13:03:52 - [TEST_STEP][PASSED] - orPath_PaymentEntry = "Object Repository/RAD_Pages/PaymentEntry_Page": null

2021-11-08 13:03:52 - [TEST_STEP][PASSED] - orPath_PaymentConfirmation = "Object Repository/RAD_Pages/PaymentConfirmation_Page": null

2021-11-08 13:03:52 - [TEST_STEP][PASSED] - orPath_ServiceFeesAccept = "Object Repository/RAD_Pages/ServiceFeeAccept_Page": null

2021-11-08 13:03:52 - [TEST_STEP][PASSED] - selectOptionByLabel(findTestObject(orPath_Landing + "/dd_TaxType"), Taxtype, false): All options with label 'Existing Liability' are selected in object 'Object Repository/RAD_Pages/Landing_Page/dd_TaxType' 

2021-11-08 13:03:53 - [MESSAGE][PASSED] - All options with label 'Existing Liability' are selected in object 'Object Repository/RAD_Pages/Landing_Page/dd_TaxType' 

2021-11-08 13:03:53 - [TEST_STEP][PASSED] - delay(1): Delayed 1 second(s)

2021-11-08 13:03:54 - [MESSAGE][PASSED] - Delayed 1 second(s)

2021-11-08 13:03:54 - [TEST_STEP][PASSED] - selectOptionByLabel(findTestObject(orPath_TaxTypeFilingYear + "/select_TaxType_ExistingLiability"), TaxTypeEL, false): All options with label 'Alcohol Tax' are selected in object 'Object Repository/RAD_Pages/TaxTypeFilingYear_Page/select_TaxType_ExistingLiability' 

2021-11-08 13:03:54 - [MESSAGE][PASSED] - All options with label 'Alcohol Tax' are selected in object 'Object Repository/RAD_Pages/TaxTypeFilingYear_Page/select_TaxType_ExistingLiability' 

2021-11-08 13:03:54 - [TEST_STEP][PASSED] - selectOptionByLabel(findTestObject(orPath_TaxTypeFilingYear + "/select_FilingYear"), FilingYear, false): All options with label '2021' are selected in object 'Object Repository/RAD_Pages/TaxTypeFilingYear_Page/select_FilingYear' 

2021-11-08 13:03:55 - [MESSAGE][PASSED] - All options with label '2021' are selected in object 'Object Repository/RAD_Pages/TaxTypeFilingYear_Page/select_FilingYear' 

2021-11-08 13:03:55 - [TEST_STEP][PASSED] - setText(findTestObject(orPath_TaxPayer + "/input_firstName"), FName): Text 'Thomas' is set on object 'Object Repository/RAD_Pages/Taxpayer_Page/input_firstName'

2021-11-08 13:03:56 - [MESSAGE][PASSED] - Text 'Thomas' is set on object 'Object Repository/RAD_Pages/Taxpayer_Page/input_firstName'

2021-11-08 13:03:56 - [TEST_STEP][PASSED] - setText(findTestObject(orPath_TaxPayer + "/input_lastName"), LName): Text 'Stokes' is set on object 'Object Repository/RAD_Pages/Taxpayer_Page/input_lastName'

2021-11-08 13:03:56 - [MESSAGE][PASSED] - Text 'Stokes' is set on object 'Object Repository/RAD_Pages/Taxpayer_Page/input_lastName'

2021-11-08 13:03:56 - [TEST_STEP][PASSED] - setText(findTestObject(orPath_TaxPayer + "/input_middleName"), "Johns"): Text 'Johns' is set on object 'Object Repository/RAD_Pages/Taxpayer_Page/input_middleName'

2021-11-08 13:03:57 - [MESSAGE][PASSED] - Text 'Johns' is set on object 'Object Repository/RAD_Pages/Taxpayer_Page/input_middleName'

2021-11-08 13:03:57 - [TEST_STEP][PASSED] - setText(findTestObject(orPath_TaxPayer + "/input_suffix"), "Sr"): Text 'Sr' is set on object 'Object Repository/RAD_Pages/Taxpayer_Page/input_suffix'

2021-11-08 13:03:58 - [MESSAGE][PASSED] - Text 'Sr' is set on object 'Object Repository/RAD_Pages/Taxpayer_Page/input_suffix'

2021-11-08 13:03:58 - [TEST_STEP][PASSED] - selectOptionByLabel(findTestObject(orPath_AddressContact + "/select_Country"), "United States", false): All options with label 'United States' are selected in object 'Object Repository/RAD_Pages/AddressAndContactInfo_Page/select_Country' 

2021-11-08 13:03:58 - [MESSAGE][PASSED] - All options with label 'United States' are selected in object 'Object Repository/RAD_Pages/AddressAndContactInfo_Page/select_Country' 

2021-11-08 13:03:58 - [TEST_STEP][PASSED] - setText(findTestObject(orPath_AddressContact + "/input_streetAddress1"), AL1): Text '2311 York road' is set on object 'Object Repository/RAD_Pages/AddressAndContactInfo_Page/input_streetAddress1'

2021-11-08 13:03:59 - [MESSAGE][PASSED] - Text '2311 York road' is set on object 'Object Repository/RAD_Pages/AddressAndContactInfo_Page/input_streetAddress1'

2021-11-08 13:03:59 - [TEST_STEP][PASSED] - setText(findTestObject(orPath_AddressContact + "/input_streetAddress2"), ""): Text '' is set on object 'Object Repository/RAD_Pages/AddressAndContactInfo_Page/input_streetAddress2'

2021-11-08 13:03:59 - [MESSAGE][PASSED] - Text '' is set on object 'Object Repository/RAD_Pages/AddressAndContactInfo_Page/input_streetAddress2'

2021-11-08 13:03:59 - [TEST_STEP][PASSED] - setText(findTestObject(orPath_AddressContact + "/input_city"), City): Text 'Gambrills' is set on object 'Object Repository/RAD_Pages/AddressAndContactInfo_Page/input_city'

2021-11-08 13:04:00 - [MESSAGE][PASSED] - Text 'Gambrills' is set on object 'Object Repository/RAD_Pages/AddressAndContactInfo_Page/input_city'

2021-11-08 13:04:00 - [TEST_STEP][PASSED] - selectOptionByLabel(findTestObject(orPath_AddressContact + "/select_State"), "Maryland", false): All options with label 'Maryland' are selected in object 'Object Repository/RAD_Pages/AddressAndContactInfo_Page/select_State' 

2021-11-08 13:04:01 - [MESSAGE][PASSED] - All options with label 'Maryland' are selected in object 'Object Repository/RAD_Pages/AddressAndContactInfo_Page/select_State' 

2021-11-08 13:04:01 - [TEST_STEP][PASSED] - setText(findTestObject(orPath_AddressContact + "/input_zipCode"), ZIP): Text '21054' is set on object 'Object Repository/RAD_Pages/AddressAndContactInfo_Page/input_zipCode'

2021-11-08 13:04:01 - [MESSAGE][PASSED] - Text '21054' is set on object 'Object Repository/RAD_Pages/AddressAndContactInfo_Page/input_zipCode'

2021-11-08 13:04:01 - [TEST_STEP][PASSED] - setText(findTestObject(orPath_AddressContact + "/input_phoneNumber"), "(703) 894-5000"): Text '(703) 894-5000' is set on object 'Object Repository/RAD_Pages/AddressAndContactInfo_Page/input_phoneNumber'

2021-11-08 13:04:02 - [MESSAGE][PASSED] - Text '(703) 894-5000' is set on object 'Object Repository/RAD_Pages/AddressAndContactInfo_Page/input_phoneNumber'

2021-11-08 13:04:02 - [TEST_STEP][PASSED] - setText(findTestObject(orPath_AddressContact + "/input_eMailAddress"), "iahmed@govolution.com"): Text 'iahmed@govolution.com' is set on object 'Object Repository/RAD_Pages/AddressAndContactInfo_Page/input_eMailAddress'

2021-11-08 13:04:03 - [MESSAGE][PASSED] - Text 'iahmed@govolution.com' is set on object 'Object Repository/RAD_Pages/AddressAndContactInfo_Page/input_eMailAddress'

2021-11-08 13:04:03 - [TEST_STEP][PASSED] - setText(findTestObject(orPath_AddressContact + "/input_reEnterEMailAddress"), "iahmed@govolution.com"): Text 'iahmed@govolution.com' is set on object 'Object Repository/RAD_Pages/AddressAndContactInfo_Page/input_reEnterEMailAddress'

2021-11-08 13:04:03 - [MESSAGE][PASSED] - Text 'iahmed@govolution.com' is set on object 'Object Repository/RAD_Pages/AddressAndContactInfo_Page/input_reEnterEMailAddress'

2021-11-08 13:04:03 - [TEST_STEP][PASSED] - if (!(SSN.isEmpty())): Text '123453210' is set on object 'Object Repository/RAD_Pages/TaxInfo_Page/input_TaxInfo_reTaxTypeExisitingSSN'

2021-11-08 13:04:03 - [TEST_STEP][PASSED] - setText(findTestObject(orPath_TaxInfo + "/input_TaxInfo_ExisitingSSN"), SSN): Text '123453210' is set on object 'Object Repository/RAD_Pages/TaxInfo_Page/input_TaxInfo_ExisitingSSN'

2021-11-08 13:04:04 - [MESSAGE][PASSED] - Text '123453210' is set on object 'Object Repository/RAD_Pages/TaxInfo_Page/input_TaxInfo_ExisitingSSN'

2021-11-08 13:04:04 - [TEST_STEP][PASSED] - setText(findTestObject(orPath_TaxInfo + "/input_TaxInfo_reTaxTypeExisitingSSN"), SSN): Text '123453210' is set on object 'Object Repository/RAD_Pages/TaxInfo_Page/input_TaxInfo_reTaxTypeExisitingSSN'

2021-11-08 13:04:05 - [MESSAGE][PASSED] - Text '123453210' is set on object 'Object Repository/RAD_Pages/TaxInfo_Page/input_TaxInfo_reTaxTypeExisitingSSN'

2021-11-08 13:04:05 - [TEST_STEP][PASSED] - scrollToElement(findTestObject(orPath_Amount + "/input__paymentAmount"), 3): Scroll to object 'Object Repository/RAD_Pages/PaymentAmount_Page/input__paymentAmount' successfully

2021-11-08 13:04:05 - [MESSAGE][PASSED] - Scroll to object 'Object Repository/RAD_Pages/PaymentAmount_Page/input__paymentAmount' successfully

2021-11-08 13:04:05 - [TEST_STEP][PASSED] - if (!(FEIN.isEmpty())): null

2021-11-08 13:04:05 - [TEST_STEP][PASSED] - delay(1): Delayed 1 second(s)

2021-11-08 13:04:06 - [MESSAGE][PASSED] - Delayed 1 second(s)

2021-11-08 13:04:06 - [TEST_STEP][PASSED] - setText(findTestObject(orPath_TaxInfo + "/input_NoticeInvoiceNumber"), "258147147"): Text '258147147' is set on object 'Object Repository/RAD_Pages/TaxInfo_Page/input_NoticeInvoiceNumber'

2021-11-08 13:04:07 - [MESSAGE][PASSED] - Text '258147147' is set on object 'Object Repository/RAD_Pages/TaxInfo_Page/input_NoticeInvoiceNumber'

2021-11-08 13:04:07 - [TEST_STEP][PASSED] - setText(findTestObject(orPath_TaxInfo + "/input_reTypeNoticeInvoiceNumber"), "258147147"): Text '258147147' is set on object 'Object Repository/RAD_Pages/TaxInfo_Page/input_reTypeNoticeInvoiceNumber'

2021-11-08 13:04:08 - [MESSAGE][PASSED] - Text '258147147' is set on object 'Object Repository/RAD_Pages/TaxInfo_Page/input_reTypeNoticeInvoiceNumber'

2021-11-08 13:04:08 - [TEST_STEP][PASSED] - if (TaxTypeEL.equalsIgnoreCase("Sales & Use Tax")): null

2021-11-08 13:04:08 - [TEST_STEP][PASSED] - setText(findTestObject(orPath_Amount + "/input__paymentAmount"), Amount): Text '30.50' is set on object 'Object Repository/RAD_Pages/PaymentAmount_Page/input__paymentAmount'

2021-11-08 13:04:08 - [MESSAGE][PASSED] - Text '30.50' is set on object 'Object Repository/RAD_Pages/PaymentAmount_Page/input__paymentAmount'

2021-11-08 13:04:08 - [TEST_STEP][PASSED] - scrollToElement(findTestObject(orPath_Landing + "/button_Continue"), 3): Scroll to object 'Object Repository/RAD_Pages/Landing_Page/button_Continue' successfully

2021-11-08 13:04:09 - [MESSAGE][PASSED] - Scroll to object 'Object Repository/RAD_Pages/Landing_Page/button_Continue' successfully

2021-11-08 13:04:09 - [TEST_STEP][PASSED] - waitForElementClickable(findTestObject(orPath_Landing + "/button_Continue"), 5): Object 'Object Repository/RAD_Pages/Landing_Page/button_Continue' is clickable

2021-11-08 13:04:09 - [MESSAGE][PASSED] - Object 'Object Repository/RAD_Pages/Landing_Page/button_Continue' is clickable

2021-11-08 13:04:09 - [TEST_STEP][PASSED] - click(findTestObject(orPath_Landing + "/button_Continue")): Object: 'Object Repository/RAD_Pages/Landing_Page/button_Continue' is clicked on

2021-11-08 13:04:09 - [MESSAGE][PASSED] - Object: 'Object Repository/RAD_Pages/Landing_Page/button_Continue' is clicked on

2021-11-08 13:04:09 - [TEST_STEP][PASSED] - verifyTextPresent("Review the information below and make any necessary corrections by clicking the", true): Text 'Review the information below and make any necessary corrections by clicking the' is present on page  using regular expression

2021-11-08 13:04:10 - [MESSAGE][PASSED] - Text 'Review the information below and make any necessary corrections by clicking the' is present on page  using regular expression

2021-11-08 13:04:10 - [TEST_STEP][PASSED] - verifyTextPresent("When you are confident that all the information is correct", true): Text 'When you are confident that all the information is correct' is present on page  using regular expression

2021-11-08 13:04:10 - [MESSAGE][PASSED] - Text 'When you are confident that all the information is correct' is present on page  using regular expression

2021-11-08 13:04:10 - [TEST_STEP][PASSED] - delay(1): Delayed 1 second(s)

2021-11-08 13:04:11 - [MESSAGE][PASSED] - Delayed 1 second(s)

2021-11-08 13:04:11 - [TEST_STEP][PASSED] - click(findTestObject(orPath_PaymentReady + "/button_ProceedtoPayment")): Object: 'Object Repository/RAD_Pages/PaymentReady_Page/button_ProceedtoPayment' is clicked on

2021-11-08 13:04:13 - [MESSAGE][PASSED] - Object: 'Object Repository/RAD_Pages/PaymentReady_Page/button_ProceedtoPayment' is clicked on

2021-11-08 13:04:13 - [TEST_STEP][PASSED] - setText(findTestObject(orPath_PaymentEntry + "/input__cardNumber"), CCNumber): Text '4012000098765439' is set on object 'Object Repository/RAD_Pages/PaymentEntry_Page/input__cardNumber'

2021-11-08 13:04:14 - [MESSAGE][PASSED] - Text '4012000098765439' is set on object 'Object Repository/RAD_Pages/PaymentEntry_Page/input__cardNumber'

2021-11-08 13:04:14 - [TEST_STEP][PASSED] - setText(findTestObject(orPath_PaymentEntry + "/input__spc"), CVV): Text '123' is set on object 'Object Repository/RAD_Pages/PaymentEntry_Page/input__spc'

2021-11-08 13:04:15 - [MESSAGE][PASSED] - Text '123' is set on object 'Object Repository/RAD_Pages/PaymentEntry_Page/input__spc'

2021-11-08 13:04:15 - [TEST_STEP][PASSED] - selectOptionByLabel(findTestObject(orPath_PaymentEntry + "/select_MM"), "12", false): All options with label '12' are selected in object 'Object Repository/RAD_Pages/PaymentEntry_Page/select_MM' 

2021-11-08 13:04:16 - [MESSAGE][PASSED] - All options with label '12' are selected in object 'Object Repository/RAD_Pages/PaymentEntry_Page/select_MM' 

2021-11-08 13:04:16 - [TEST_STEP][PASSED] - selectOptionByLabel(findTestObject(orPath_PaymentEntry + "/select_YYYY"), "2023", false): All options with label '2023' are selected in object 'Object Repository/RAD_Pages/PaymentEntry_Page/select_YYYY' 

2021-11-08 13:04:16 - [MESSAGE][PASSED] - All options with label '2023' are selected in object 'Object Repository/RAD_Pages/PaymentEntry_Page/select_YYYY' 

2021-11-08 13:04:16 - [TEST_STEP][PASSED] - click(findTestObject(orPath_PaymentEntry + "/input_Field_ccSubmit")): Object: 'Object Repository/RAD_Pages/PaymentEntry_Page/input_Field_ccSubmit' is clicked on

2021-11-08 13:04:17 - [MESSAGE][PASSED] - Object: 'Object Repository/RAD_Pages/PaymentEntry_Page/input_Field_ccSubmit' is clicked on

2021-11-08 13:04:17 - [TEST_STEP][PASSED] - click(findTestObject(orPath_PaymentConfirmation + "/input_N_confirmNotifyAction")): Object: 'Object Repository/RAD_Pages/PaymentConfirmation_Page/input_N_confirmNotifyAction' is clicked on

2021-11-08 13:04:18 - [MESSAGE][PASSED] - Object: 'Object Repository/RAD_Pages/PaymentConfirmation_Page/input_N_confirmNotifyAction' is clicked on

2021-11-08 13:04:18 - [TEST_STEP][PASSED] - click(findTestObject(orPath_ServiceFeesAccept + "/input_convFeeNotifyAction")): Object: 'Object Repository/RAD_Pages/ServiceFeeAccept_Page/input_convFeeNotifyAction' is clicked on

2021-11-08 13:04:20 - [MESSAGE][PASSED] - Object: 'Object Repository/RAD_Pages/ServiceFeeAccept_Page/input_convFeeNotifyAction' is clicked on

2021-11-08 13:04:20 - [TEST_STEP][PASSED] - delay(10): Delayed 10 second(s)

2021-11-08 13:04:30 - [MESSAGE][PASSED] - Delayed 10 second(s)

2021-11-08 13:04:30 - [TEST_STEP][PASSED] - verifyTextPresent("Successful Payment Receipt", true): Text 'Successful Payment Receipt' is present on page  using regular expression

2021-11-08 13:04:30 - [MESSAGE][PASSED] - Text 'Successful Payment Receipt' is present on page  using regular expression

2021-11-08 13:04:30 - [TEST_STEP][PASSED] - if (verifyTextPresent("Successful Payment Receipt", true)): null

2021-11-08 13:04:31 - [MESSAGE][PASSED] - Text 'Successful Payment Receipt' is present on page  using regular expression

2021-11-08 13:04:31 - [TEST_STEP][PASSED] - println("Transaction was Successful"): null

2021-11-08 13:04:31 - [TEST_STEP][PASSED] - out.println("Pass Record Number: " + row): null

2021-11-08 13:04:31 - [TEST_STEP][PASSED] - resText = "Pass": null

2021-11-08 13:04:31 - [TEST_STEP][PASSED] - pages.WriteExcel.demoKey(resText, datText, resColumn, datCloumn, fileLoc, nameSheet, row): pages.WriteExcel.demoKey is PASSED

2021-11-08 13:04:31 - [MESSAGE][PASSED] - pages.WriteExcel.demoKey is PASSED

2021-11-08 13:04:31 - [TEST_STEP][PASSED] - ExecuteTC = findTestData(dataFile).getValue("Execute", row): null

2021-11-08 13:04:31 - [TEST_STEP][PASSED] - Taxtype = findTestData(dataFile).getValue("TaxType", row): null

2021-11-08 13:04:31 - [TEST_STEP][PASSED] - TaxTypeEL = findTestData(dataFile).getValue("TaxTypeEL", row): null

2021-11-08 13:04:31 - [TEST_STEP][PASSED] - FilingYear = findTestData(dataFile).getValue("FilingYear", row): null

2021-11-08 13:04:31 - [TEST_STEP][PASSED] - FName = findTestData(dataFile).getValue("Fname", row): null

2021-11-08 13:04:31 - [TEST_STEP][PASSED] - LName = findTestData(dataFile).getValue("Lname", row): null

2021-11-08 13:04:31 - [TEST_STEP][PASSED] - AL1 = findTestData(dataFile).getValue("AL1", row): null

2021-11-08 13:04:31 - [TEST_STEP][PASSED] - City = findTestData(dataFile).getValue("City", row): null

2021-11-08 13:04:31 - [TEST_STEP][PASSED] - ZIP = findTestData(dataFile).getValue("ZIP", row): null

2021-11-08 13:04:31 - [TEST_STEP][PASSED] - Amount = findTestData(dataFile).getValue("Amount", row): null

2021-11-08 13:04:31 - [TEST_STEP][PASSED] - CCNumber = findTestData(dataFile).getValue("CCNumber", row): null

2021-11-08 13:04:31 - [TEST_STEP][PASSED] - CVV = findTestData(dataFile).getValue("CVV", row): null

2021-11-08 13:04:31 - [TEST_STEP][PASSED] - SSN = findTestData(dataFile).getValue("SSN", row): null

2021-11-08 13:04:31 - [TEST_STEP][PASSED] - FEIN = findTestData(dataFile).getValue("FEIN", row): null

2021-11-08 13:04:31 - [TEST_STEP][PASSED] - out.println("Value of Execute is : " + ExecuteTC): null

2021-11-08 13:04:31 - [TEST_STEP][PASSED] - if (ExecuteTC.equalsIgnoreCase("Y")): null

2021-11-08 13:04:31 - [TEST_STEP][PASSED] - out.println("Begin Record Number: " + row): null

2021-11-08 13:04:31 - [TEST_STEP][PASSED] - today = new java.util.Date(): null

2021-11-08 13:04:31 - [TEST_STEP][PASSED] - println(today): null

2021-11-08 13:04:31 - [TEST_STEP][PASSED] - datText = today: null

2021-11-08 13:04:31 - [TEST_STEP][PASSED] - Taxtype = findTestData(dataFile).getValue("TaxType", row): null

2021-11-08 13:04:31 - [TEST_STEP][PASSED] - out.println("Taxtype value is : " + Taxtype): null

2021-11-08 13:04:31 - [TEST_STEP][PASSED] - openBrowser(""): Browser is opened with url: ''

2021-11-08 13:04:31 - [MESSAGE][WARNING] - A browser is already opened. Closing browser and opening a new one

2021-11-08 13:04:32 - [MESSAGE][INFO] - Starting 'Chrome' driver

2021-11-08 13:04:32 - [MESSAGE][INFO] - User set preference: ['acceptInsecureCerts', 'true']

2021-11-08 13:04:32 - [MESSAGE][INFO] - Action delay is set to 0 milliseconds

2021-11-08 13:04:33 - [MESSAGE][PASSED] - Browser is opened with url: ''

2021-11-08 13:04:33 - [TEST_STEP][PASSED] - maximizeWindow(): Current window maximized

2021-11-08 13:04:34 - [MESSAGE][PASSED] - Current window maximized

2021-11-08 13:04:34 - [TEST_STEP][PASSED] - navigateToUrl(RADurl): Navigate to 'https://qa.velocitypayment.com/client/rad/index.html' successfully

2021-11-08 13:04:36 - [MESSAGE][PASSED] - Navigate to 'https://qa.velocitypayment.com/client/rad/index.html' successfully

2021-11-08 13:04:36 - [TEST_STEP][PASSED] - orPath_Landing = "Object Repository/RAD_Pages/Landing_Page": null

2021-11-08 13:04:36 - [TEST_STEP][PASSED] - orPath_TaxTypeFilingYear = "Object Repository/RAD_Pages/TaxTypeFilingYear_Page": null

2021-11-08 13:04:36 - [TEST_STEP][PASSED] - orPath_TaxPayer = "Object Repository/RAD_Pages/Taxpayer_Page": null

2021-11-08 13:04:36 - [TEST_STEP][PASSED] - orPath_AddressContact = "Object Repository/RAD_Pages/AddressAndContactInfo_Page": null

2021-11-08 13:04:36 - [TEST_STEP][PASSED] - orPath_FilingStatus = "Object Repository/RAD_Pages/FilingStatus_Page": null

2021-11-08 13:04:36 - [TEST_STEP][PASSED] - orPath_Amount = "Object Repository/RAD_Pages/PaymentAmount_Page": null

2021-11-08 13:04:36 - [TEST_STEP][PASSED] - orPath_TaxInfo = "Object Repository/RAD_Pages/TaxInfo_Page": null

2021-11-08 13:04:36 - [TEST_STEP][PASSED] - orPath_Withholding = "Object Repository/RAD_Pages/Withholding_Page": null

2021-11-08 13:04:36 - [TEST_STEP][PASSED] - orPath_Summary = "Object Repository/RAD_Pages/Summary_Page": null

2021-11-08 13:04:36 - [TEST_STEP][PASSED] - orPath_PaymentReady = "Object Repository/RAD_Pages/PaymentReady_Page": null

2021-11-08 13:04:36 - [TEST_STEP][PASSED] - orPath_PaymentEntry = "Object Repository/RAD_Pages/PaymentEntry_Page": null

2021-11-08 13:04:36 - [TEST_STEP][PASSED] - orPath_PaymentConfirmation = "Object Repository/RAD_Pages/PaymentConfirmation_Page": null

2021-11-08 13:04:36 - [TEST_STEP][PASSED] - orPath_ServiceFeesAccept = "Object Repository/RAD_Pages/ServiceFeeAccept_Page": null

2021-11-08 13:04:36 - [TEST_STEP][PASSED] - selectOptionByLabel(findTestObject(orPath_Landing + "/dd_TaxType"), Taxtype, false): All options with label 'Existing Liability' are selected in object 'Object Repository/RAD_Pages/Landing_Page/dd_TaxType' 

2021-11-08 13:04:37 - [MESSAGE][PASSED] - All options with label 'Existing Liability' are selected in object 'Object Repository/RAD_Pages/Landing_Page/dd_TaxType' 

2021-11-08 13:04:37 - [TEST_STEP][PASSED] - delay(1): Delayed 1 second(s)

2021-11-08 13:04:38 - [MESSAGE][PASSED] - Delayed 1 second(s)

2021-11-08 13:04:38 - [TEST_STEP][PASSED] - selectOptionByLabel(findTestObject(orPath_TaxTypeFilingYear + "/select_TaxType_ExistingLiability"), TaxTypeEL, false): All options with label 'Alcohol Tax' are selected in object 'Object Repository/RAD_Pages/TaxTypeFilingYear_Page/select_TaxType_ExistingLiability' 

2021-11-08 13:04:38 - [MESSAGE][PASSED] - All options with label 'Alcohol Tax' are selected in object 'Object Repository/RAD_Pages/TaxTypeFilingYear_Page/select_TaxType_ExistingLiability' 

2021-11-08 13:04:38 - [TEST_STEP][PASSED] - selectOptionByLabel(findTestObject(orPath_TaxTypeFilingYear + "/select_FilingYear"), FilingYear, false): All options with label '2021' are selected in object 'Object Repository/RAD_Pages/TaxTypeFilingYear_Page/select_FilingYear' 

2021-11-08 13:04:39 - [MESSAGE][PASSED] - All options with label '2021' are selected in object 'Object Repository/RAD_Pages/TaxTypeFilingYear_Page/select_FilingYear' 

2021-11-08 13:04:39 - [TEST_STEP][PASSED] - setText(findTestObject(orPath_TaxPayer + "/input_firstName"), FName): Text 'Thomas' is set on object 'Object Repository/RAD_Pages/Taxpayer_Page/input_firstName'

2021-11-08 13:04:40 - [MESSAGE][PASSED] - Text 'Thomas' is set on object 'Object Repository/RAD_Pages/Taxpayer_Page/input_firstName'

2021-11-08 13:04:40 - [TEST_STEP][PASSED] - setText(findTestObject(orPath_TaxPayer + "/input_lastName"), LName): Text 'Stokes' is set on object 'Object Repository/RAD_Pages/Taxpayer_Page/input_lastName'

2021-11-08 13:04:40 - [MESSAGE][PASSED] - Text 'Stokes' is set on object 'Object Repository/RAD_Pages/Taxpayer_Page/input_lastName'

2021-11-08 13:04:40 - [TEST_STEP][PASSED] - setText(findTestObject(orPath_TaxPayer + "/input_middleName"), "Johns"): Text 'Johns' is set on object 'Object Repository/RAD_Pages/Taxpayer_Page/input_middleName'

2021-11-08 13:04:41 - [MESSAGE][PASSED] - Text 'Johns' is set on object 'Object Repository/RAD_Pages/Taxpayer_Page/input_middleName'

2021-11-08 13:04:41 - [TEST_STEP][PASSED] - setText(findTestObject(orPath_TaxPayer + "/input_suffix"), "Sr"): Text 'Sr' is set on object 'Object Repository/RAD_Pages/Taxpayer_Page/input_suffix'

2021-11-08 13:04:42 - [MESSAGE][PASSED] - Text 'Sr' is set on object 'Object Repository/RAD_Pages/Taxpayer_Page/input_suffix'

2021-11-08 13:04:42 - [TEST_STEP][PASSED] - selectOptionByLabel(findTestObject(orPath_AddressContact + "/select_Country"), "United States", false): All options with label 'United States' are selected in object 'Object Repository/RAD_Pages/AddressAndContactInfo_Page/select_Country' 

2021-11-08 13:04:42 - [MESSAGE][PASSED] - All options with label 'United States' are selected in object 'Object Repository/RAD_Pages/AddressAndContactInfo_Page/select_Country' 

2021-11-08 13:04:42 - [TEST_STEP][PASSED] - setText(findTestObject(orPath_AddressContact + "/input_streetAddress1"), AL1): Text '2311 York road' is set on object 'Object Repository/RAD_Pages/AddressAndContactInfo_Page/input_streetAddress1'

2021-11-08 13:04:43 - [MESSAGE][PASSED] - Text '2311 York road' is set on object 'Object Repository/RAD_Pages/AddressAndContactInfo_Page/input_streetAddress1'

2021-11-08 13:04:43 - [TEST_STEP][PASSED] - setText(findTestObject(orPath_AddressContact + "/input_streetAddress2"), ""): Text '' is set on object 'Object Repository/RAD_Pages/AddressAndContactInfo_Page/input_streetAddress2'

2021-11-08 13:04:44 - [MESSAGE][PASSED] - Text '' is set on object 'Object Repository/RAD_Pages/AddressAndContactInfo_Page/input_streetAddress2'

2021-11-08 13:04:44 - [TEST_STEP][PASSED] - setText(findTestObject(orPath_AddressContact + "/input_city"), City): Text 'Gambrills' is set on object 'Object Repository/RAD_Pages/AddressAndContactInfo_Page/input_city'

2021-11-08 13:04:44 - [MESSAGE][PASSED] - Text 'Gambrills' is set on object 'Object Repository/RAD_Pages/AddressAndContactInfo_Page/input_city'

2021-11-08 13:04:44 - [TEST_STEP][PASSED] - selectOptionByLabel(findTestObject(orPath_AddressContact + "/select_State"), "Maryland", false): All options with label 'Maryland' are selected in object 'Object Repository/RAD_Pages/AddressAndContactInfo_Page/select_State' 

2021-11-08 13:04:45 - [MESSAGE][PASSED] - All options with label 'Maryland' are selected in object 'Object Repository/RAD_Pages/AddressAndContactInfo_Page/select_State' 

2021-11-08 13:04:45 - [TEST_STEP][PASSED] - setText(findTestObject(orPath_AddressContact + "/input_zipCode"), ZIP): Text '21054' is set on object 'Object Repository/RAD_Pages/AddressAndContactInfo_Page/input_zipCode'

2021-11-08 13:04:46 - [MESSAGE][PASSED] - Text '21054' is set on object 'Object Repository/RAD_Pages/AddressAndContactInfo_Page/input_zipCode'

2021-11-08 13:04:46 - [TEST_STEP][PASSED] - setText(findTestObject(orPath_AddressContact + "/input_phoneNumber"), "(703) 894-5000"): Text '(703) 894-5000' is set on object 'Object Repository/RAD_Pages/AddressAndContactInfo_Page/input_phoneNumber'

2021-11-08 13:04:46 - [MESSAGE][PASSED] - Text '(703) 894-5000' is set on object 'Object Repository/RAD_Pages/AddressAndContactInfo_Page/input_phoneNumber'

2021-11-08 13:04:46 - [TEST_STEP][PASSED] - setText(findTestObject(orPath_AddressContact + "/input_eMailAddress"), "iahmed@govolution.com"): Text 'iahmed@govolution.com' is set on object 'Object Repository/RAD_Pages/AddressAndContactInfo_Page/input_eMailAddress'

2021-11-08 13:04:47 - [MESSAGE][PASSED] - Text 'iahmed@govolution.com' is set on object 'Object Repository/RAD_Pages/AddressAndContactInfo_Page/input_eMailAddress'

2021-11-08 13:04:47 - [TEST_STEP][PASSED] - setText(findTestObject(orPath_AddressContact + "/input_reEnterEMailAddress"), "iahmed@govolution.com"): Text 'iahmed@govolution.com' is set on object 'Object Repository/RAD_Pages/AddressAndContactInfo_Page/input_reEnterEMailAddress'

2021-11-08 13:04:48 - [MESSAGE][PASSED] - Text 'iahmed@govolution.com' is set on object 'Object Repository/RAD_Pages/AddressAndContactInfo_Page/input_reEnterEMailAddress'

2021-11-08 13:04:48 - [TEST_STEP][PASSED] - if (!(SSN.isEmpty())): null

2021-11-08 13:04:48 - [TEST_STEP][PASSED] - scrollToElement(findTestObject(orPath_Amount + "/input__paymentAmount"), 3): Scroll to object 'Object Repository/RAD_Pages/PaymentAmount_Page/input__paymentAmount' successfully

2021-11-08 13:04:48 - [MESSAGE][PASSED] - Scroll to object 'Object Repository/RAD_Pages/PaymentAmount_Page/input__paymentAmount' successfully

2021-11-08 13:04:48 - [TEST_STEP][PASSED] - if (!(FEIN.isEmpty())): Text '258369267' is set on object 'Object Repository/RAD_Pages/TaxInfo_Page/input_ReTypeFEIN'

2021-11-08 13:04:48 - [TEST_STEP][PASSED] - setText(findTestObject(orPath_TaxInfo + "/input_FEIN"), FEIN): Text '258369267' is set on object 'Object Repository/RAD_Pages/TaxInfo_Page/input_FEIN'

2021-11-08 13:04:49 - [MESSAGE][PASSED] - Text '258369267' is set on object 'Object Repository/RAD_Pages/TaxInfo_Page/input_FEIN'

2021-11-08 13:04:49 - [TEST_STEP][PASSED] - setText(findTestObject(orPath_TaxInfo + "/input_ReTypeFEIN"), FEIN): Text '258369267' is set on object 'Object Repository/RAD_Pages/TaxInfo_Page/input_ReTypeFEIN'

2021-11-08 13:04:50 - [MESSAGE][PASSED] - Text '258369267' is set on object 'Object Repository/RAD_Pages/TaxInfo_Page/input_ReTypeFEIN'

2021-11-08 13:04:50 - [TEST_STEP][PASSED] - delay(1): Delayed 1 second(s)

2021-11-08 13:04:51 - [MESSAGE][PASSED] - Delayed 1 second(s)

2021-11-08 13:04:51 - [TEST_STEP][PASSED] - setText(findTestObject(orPath_TaxInfo + "/input_NoticeInvoiceNumber"), "258147147"): Text '258147147' is set on object 'Object Repository/RAD_Pages/TaxInfo_Page/input_NoticeInvoiceNumber'

2021-11-08 13:04:51 - [MESSAGE][PASSED] - Text '258147147' is set on object 'Object Repository/RAD_Pages/TaxInfo_Page/input_NoticeInvoiceNumber'

2021-11-08 13:04:51 - [TEST_STEP][PASSED] - setText(findTestObject(orPath_TaxInfo + "/input_reTypeNoticeInvoiceNumber"), "258147147"): Text '258147147' is set on object 'Object Repository/RAD_Pages/TaxInfo_Page/input_reTypeNoticeInvoiceNumber'

2021-11-08 13:04:52 - [MESSAGE][PASSED] - Text '258147147' is set on object 'Object Repository/RAD_Pages/TaxInfo_Page/input_reTypeNoticeInvoiceNumber'

2021-11-08 13:04:52 - [TEST_STEP][PASSED] - if (TaxTypeEL.equalsIgnoreCase("Sales & Use Tax")): null

2021-11-08 13:04:52 - [TEST_STEP][PASSED] - setText(findTestObject(orPath_Amount + "/input__paymentAmount"), Amount): Text '30.50' is set on object 'Object Repository/RAD_Pages/PaymentAmount_Page/input__paymentAmount'

2021-11-08 13:04:53 - [MESSAGE][PASSED] - Text '30.50' is set on object 'Object Repository/RAD_Pages/PaymentAmount_Page/input__paymentAmount'

2021-11-08 13:04:53 - [TEST_STEP][PASSED] - scrollToElement(findTestObject(orPath_Landing + "/button_Continue"), 3): Scroll to object 'Object Repository/RAD_Pages/Landing_Page/button_Continue' successfully

2021-11-08 13:04:53 - [MESSAGE][PASSED] - Scroll to object 'Object Repository/RAD_Pages/Landing_Page/button_Continue' successfully

2021-11-08 13:04:53 - [TEST_STEP][PASSED] - waitForElementClickable(findTestObject(orPath_Landing + "/button_Continue"), 5): Object 'Object Repository/RAD_Pages/Landing_Page/button_Continue' is clickable

2021-11-08 13:04:54 - [MESSAGE][PASSED] - Object 'Object Repository/RAD_Pages/Landing_Page/button_Continue' is clickable

2021-11-08 13:04:54 - [TEST_STEP][PASSED] - click(findTestObject(orPath_Landing + "/button_Continue")): Object: 'Object Repository/RAD_Pages/Landing_Page/button_Continue' is clicked on

2021-11-08 13:04:54 - [MESSAGE][PASSED] - Object: 'Object Repository/RAD_Pages/Landing_Page/button_Continue' is clicked on

2021-11-08 13:04:54 - [TEST_STEP][PASSED] - verifyTextPresent("Review the information below and make any necessary corrections by clicking the", true): Text 'Review the information below and make any necessary corrections by clicking the' is present on page  using regular expression

2021-11-08 13:04:55 - [MESSAGE][PASSED] - Text 'Review the information below and make any necessary corrections by clicking the' is present on page  using regular expression

2021-11-08 13:04:55 - [TEST_STEP][PASSED] - verifyTextPresent("When you are confident that all the information is correct", true): Text 'When you are confident that all the information is correct' is present on page  using regular expression

2021-11-08 13:04:55 - [MESSAGE][PASSED] - Text 'When you are confident that all the information is correct' is present on page  using regular expression

2021-11-08 13:04:55 - [TEST_STEP][PASSED] - delay(1): Delayed 1 second(s)

2021-11-08 13:04:56 - [MESSAGE][PASSED] - Delayed 1 second(s)

2021-11-08 13:04:56 - [TEST_STEP][PASSED] - click(findTestObject(orPath_PaymentReady + "/button_ProceedtoPayment")): Object: 'Object Repository/RAD_Pages/PaymentReady_Page/button_ProceedtoPayment' is clicked on

2021-11-08 13:04:58 - [MESSAGE][PASSED] - Object: 'Object Repository/RAD_Pages/PaymentReady_Page/button_ProceedtoPayment' is clicked on

2021-11-08 13:04:58 - [TEST_STEP][PASSED] - setText(findTestObject(orPath_PaymentEntry + "/input__cardNumber"), CCNumber): Text '4012000098765439' is set on object 'Object Repository/RAD_Pages/PaymentEntry_Page/input__cardNumber'

2021-11-08 13:04:59 - [MESSAGE][PASSED] - Text '4012000098765439' is set on object 'Object Repository/RAD_Pages/PaymentEntry_Page/input__cardNumber'

2021-11-08 13:04:59 - [TEST_STEP][PASSED] - setText(findTestObject(orPath_PaymentEntry + "/input__spc"), CVV): Text '123' is set on object 'Object Repository/RAD_Pages/PaymentEntry_Page/input__spc'

2021-11-08 13:04:59 - [MESSAGE][PASSED] - Text '123' is set on object 'Object Repository/RAD_Pages/PaymentEntry_Page/input__spc'

2021-11-08 13:04:59 - [TEST_STEP][PASSED] - selectOptionByLabel(findTestObject(orPath_PaymentEntry + "/select_MM"), "12", false): All options with label '12' are selected in object 'Object Repository/RAD_Pages/PaymentEntry_Page/select_MM' 

2021-11-08 13:05:00 - [MESSAGE][PASSED] - All options with label '12' are selected in object 'Object Repository/RAD_Pages/PaymentEntry_Page/select_MM' 

2021-11-08 13:05:00 - [TEST_STEP][PASSED] - selectOptionByLabel(findTestObject(orPath_PaymentEntry + "/select_YYYY"), "2023", false): All options with label '2023' are selected in object 'Object Repository/RAD_Pages/PaymentEntry_Page/select_YYYY' 

2021-11-08 13:05:00 - [MESSAGE][PASSED] - All options with label '2023' are selected in object 'Object Repository/RAD_Pages/PaymentEntry_Page/select_YYYY' 

2021-11-08 13:05:00 - [TEST_STEP][PASSED] - click(findTestObject(orPath_PaymentEntry + "/input_Field_ccSubmit")): Object: 'Object Repository/RAD_Pages/PaymentEntry_Page/input_Field_ccSubmit' is clicked on

2021-11-08 13:05:02 - [MESSAGE][PASSED] - Object: 'Object Repository/RAD_Pages/PaymentEntry_Page/input_Field_ccSubmit' is clicked on

2021-11-08 13:05:02 - [TEST_STEP][PASSED] - click(findTestObject(orPath_PaymentConfirmation + "/input_N_confirmNotifyAction")): Object: 'Object Repository/RAD_Pages/PaymentConfirmation_Page/input_N_confirmNotifyAction' is clicked on

2021-11-08 13:05:03 - [MESSAGE][PASSED] - Object: 'Object Repository/RAD_Pages/PaymentConfirmation_Page/input_N_confirmNotifyAction' is clicked on

2021-11-08 13:05:03 - [TEST_STEP][PASSED] - click(findTestObject(orPath_ServiceFeesAccept + "/input_convFeeNotifyAction")): Object: 'Object Repository/RAD_Pages/ServiceFeeAccept_Page/input_convFeeNotifyAction' is clicked on

2021-11-08 13:05:05 - [MESSAGE][PASSED] - Object: 'Object Repository/RAD_Pages/ServiceFeeAccept_Page/input_convFeeNotifyAction' is clicked on

2021-11-08 13:05:05 - [TEST_STEP][PASSED] - delay(10): Delayed 10 second(s)

2021-11-08 13:05:15 - [MESSAGE][PASSED] - Delayed 10 second(s)

2021-11-08 13:05:15 - [TEST_STEP][PASSED] - verifyTextPresent("Successful Payment Receipt", true): Text 'Successful Payment Receipt' is present on page  using regular expression

2021-11-08 13:05:16 - [MESSAGE][PASSED] - Text 'Successful Payment Receipt' is present on page  using regular expression

2021-11-08 13:05:16 - [TEST_STEP][PASSED] - if (verifyTextPresent("Successful Payment Receipt", true)): null

2021-11-08 13:05:16 - [MESSAGE][PASSED] - Text 'Successful Payment Receipt' is present on page  using regular expression

2021-11-08 13:05:16 - [TEST_STEP][PASSED] - println("Transaction was Successful"): null

2021-11-08 13:05:16 - [TEST_STEP][PASSED] - out.println("Pass Record Number: " + row): null

2021-11-08 13:05:16 - [TEST_STEP][PASSED] - resText = "Pass": null

2021-11-08 13:05:16 - [TEST_STEP][PASSED] - pages.WriteExcel.demoKey(resText, datText, resColumn, datCloumn, fileLoc, nameSheet, row): pages.WriteExcel.demoKey is PASSED

2021-11-08 13:05:16 - [MESSAGE][PASSED] - pages.WriteExcel.demoKey is PASSED

2021-11-08 13:05:16 - [TEST_STEP][PASSED] - ExecuteTC = findTestData(dataFile).getValue("Execute", row): null

2021-11-08 13:05:16 - [TEST_STEP][PASSED] - Taxtype = findTestData(dataFile).getValue("TaxType", row): null

2021-11-08 13:05:16 - [TEST_STEP][PASSED] - TaxTypeEL = findTestData(dataFile).getValue("TaxTypeEL", row): null

2021-11-08 13:05:16 - [TEST_STEP][PASSED] - FilingYear = findTestData(dataFile).getValue("FilingYear", row): null

2021-11-08 13:05:16 - [TEST_STEP][PASSED] - FName = findTestData(dataFile).getValue("Fname", row): null

2021-11-08 13:05:16 - [TEST_STEP][PASSED] - LName = findTestData(dataFile).getValue("Lname", row): null

2021-11-08 13:05:16 - [TEST_STEP][PASSED] - AL1 = findTestData(dataFile).getValue("AL1", row): null

2021-11-08 13:05:16 - [TEST_STEP][PASSED] - City = findTestData(dataFile).getValue("City", row): null

2021-11-08 13:05:16 - [TEST_STEP][PASSED] - ZIP = findTestData(dataFile).getValue("ZIP", row): null

2021-11-08 13:05:16 - [TEST_STEP][PASSED] - Amount = findTestData(dataFile).getValue("Amount", row): null

2021-11-08 13:05:16 - [TEST_STEP][PASSED] - CCNumber = findTestData(dataFile).getValue("CCNumber", row): null

2021-11-08 13:05:16 - [TEST_STEP][PASSED] - CVV = findTestData(dataFile).getValue("CVV", row): null

2021-11-08 13:05:17 - [TEST_STEP][PASSED] - SSN = findTestData(dataFile).getValue("SSN", row): null

2021-11-08 13:05:17 - [TEST_STEP][PASSED] - FEIN = findTestData(dataFile).getValue("FEIN", row): null

2021-11-08 13:05:17 - [TEST_STEP][PASSED] - out.println("Value of Execute is : " + ExecuteTC): null

2021-11-08 13:05:17 - [TEST_STEP][PASSED] - if (ExecuteTC.equalsIgnoreCase("Y")): null

2021-11-08 13:05:17 - [TEST_STEP][PASSED] - out.println("Begin Record Number: " + row): null

2021-11-08 13:05:17 - [TEST_STEP][PASSED] - today = new java.util.Date(): null

2021-11-08 13:05:17 - [TEST_STEP][PASSED] - println(today): null

2021-11-08 13:05:17 - [TEST_STEP][PASSED] - datText = today: null

2021-11-08 13:05:17 - [TEST_STEP][PASSED] - Taxtype = findTestData(dataFile).getValue("TaxType", row): null

2021-11-08 13:05:17 - [TEST_STEP][PASSED] - out.println("Taxtype value is : " + Taxtype): null

2021-11-08 13:05:17 - [TEST_STEP][PASSED] - openBrowser(""): Browser is opened with url: ''

2021-11-08 13:05:17 - [MESSAGE][WARNING] - A browser is already opened. Closing browser and opening a new one

2021-11-08 13:05:17 - [MESSAGE][INFO] - Starting 'Chrome' driver

2021-11-08 13:05:17 - [MESSAGE][INFO] - User set preference: ['acceptInsecureCerts', 'true']

2021-11-08 13:05:17 - [MESSAGE][INFO] - Action delay is set to 0 milliseconds

2021-11-08 13:05:19 - [MESSAGE][PASSED] - Browser is opened with url: ''

2021-11-08 13:05:19 - [TEST_STEP][PASSED] - maximizeWindow(): Current window maximized

2021-11-08 13:05:19 - [MESSAGE][PASSED] - Current window maximized

2021-11-08 13:05:19 - [TEST_STEP][PASSED] - navigateToUrl(RADurl): Navigate to 'https://qa.velocitypayment.com/client/rad/index.html' successfully

2021-11-08 13:05:21 - [MESSAGE][PASSED] - Navigate to 'https://qa.velocitypayment.com/client/rad/index.html' successfully

2021-11-08 13:05:21 - [TEST_STEP][PASSED] - orPath_Landing = "Object Repository/RAD_Pages/Landing_Page": null

2021-11-08 13:05:21 - [TEST_STEP][PASSED] - orPath_TaxTypeFilingYear = "Object Repository/RAD_Pages/TaxTypeFilingYear_Page": null

2021-11-08 13:05:21 - [TEST_STEP][PASSED] - orPath_TaxPayer = "Object Repository/RAD_Pages/Taxpayer_Page": null

2021-11-08 13:05:21 - [TEST_STEP][PASSED] - orPath_AddressContact = "Object Repository/RAD_Pages/AddressAndContactInfo_Page": null

2021-11-08 13:05:21 - [TEST_STEP][PASSED] - orPath_FilingStatus = "Object Repository/RAD_Pages/FilingStatus_Page": null

2021-11-08 13:05:21 - [TEST_STEP][PASSED] - orPath_Amount = "Object Repository/RAD_Pages/PaymentAmount_Page": null

2021-11-08 13:05:21 - [TEST_STEP][PASSED] - orPath_TaxInfo = "Object Repository/RAD_Pages/TaxInfo_Page": null

2021-11-08 13:05:21 - [TEST_STEP][PASSED] - orPath_Withholding = "Object Repository/RAD_Pages/Withholding_Page": null

2021-11-08 13:05:21 - [TEST_STEP][PASSED] - orPath_Summary = "Object Repository/RAD_Pages/Summary_Page": null

2021-11-08 13:05:21 - [TEST_STEP][PASSED] - orPath_PaymentReady = "Object Repository/RAD_Pages/PaymentReady_Page": null

2021-11-08 13:05:21 - [TEST_STEP][PASSED] - orPath_PaymentEntry = "Object Repository/RAD_Pages/PaymentEntry_Page": null

2021-11-08 13:05:21 - [TEST_STEP][PASSED] - orPath_PaymentConfirmation = "Object Repository/RAD_Pages/PaymentConfirmation_Page": null

2021-11-08 13:05:21 - [TEST_STEP][PASSED] - orPath_ServiceFeesAccept = "Object Repository/RAD_Pages/ServiceFeeAccept_Page": null

2021-11-08 13:05:21 - [TEST_STEP][PASSED] - selectOptionByLabel(findTestObject(orPath_Landing + "/dd_TaxType"), Taxtype, false): All options with label 'Existing Liability' are selected in object 'Object Repository/RAD_Pages/Landing_Page/dd_TaxType' 

2021-11-08 13:05:22 - [MESSAGE][PASSED] - All options with label 'Existing Liability' are selected in object 'Object Repository/RAD_Pages/Landing_Page/dd_TaxType' 

2021-11-08 13:05:22 - [TEST_STEP][PASSED] - delay(1): Delayed 1 second(s)

2021-11-08 13:05:23 - [MESSAGE][PASSED] - Delayed 1 second(s)

2021-11-08 13:05:23 - [TEST_STEP][PASSED] - selectOptionByLabel(findTestObject(orPath_TaxTypeFilingYear + "/select_TaxType_ExistingLiability"), TaxTypeEL, false): All options with label 'Bay Restoration Fund Tax' are selected in object 'Object Repository/RAD_Pages/TaxTypeFilingYear_Page/select_TaxType_ExistingLiability' 

2021-11-08 13:05:23 - [MESSAGE][PASSED] - All options with label 'Bay Restoration Fund Tax' are selected in object 'Object Repository/RAD_Pages/TaxTypeFilingYear_Page/select_TaxType_ExistingLiability' 

2021-11-08 13:05:23 - [TEST_STEP][PASSED] - selectOptionByLabel(findTestObject(orPath_TaxTypeFilingYear + "/select_FilingYear"), FilingYear, false): All options with label '2020' are selected in object 'Object Repository/RAD_Pages/TaxTypeFilingYear_Page/select_FilingYear' 

2021-11-08 13:05:24 - [MESSAGE][PASSED] - All options with label '2020' are selected in object 'Object Repository/RAD_Pages/TaxTypeFilingYear_Page/select_FilingYear' 

2021-11-08 13:05:24 - [TEST_STEP][PASSED] - setText(findTestObject(orPath_TaxPayer + "/input_firstName"), FName): Text 'Michael' is set on object 'Object Repository/RAD_Pages/Taxpayer_Page/input_firstName'

2021-11-08 13:05:25 - [MESSAGE][PASSED] - Text 'Michael' is set on object 'Object Repository/RAD_Pages/Taxpayer_Page/input_firstName'

2021-11-08 13:05:25 - [TEST_STEP][PASSED] - setText(findTestObject(orPath_TaxPayer + "/input_lastName"), LName): Text 'Anderson' is set on object 'Object Repository/RAD_Pages/Taxpayer_Page/input_lastName'

2021-11-08 13:05:25 - [MESSAGE][PASSED] - Text 'Anderson' is set on object 'Object Repository/RAD_Pages/Taxpayer_Page/input_lastName'

2021-11-08 13:05:25 - [TEST_STEP][PASSED] - setText(findTestObject(orPath_TaxPayer + "/input_middleName"), "Johns"): Text 'Johns' is set on object 'Object Repository/RAD_Pages/Taxpayer_Page/input_middleName'

2021-11-08 13:05:26 - [MESSAGE][PASSED] - Text 'Johns' is set on object 'Object Repository/RAD_Pages/Taxpayer_Page/input_middleName'

2021-11-08 13:05:26 - [TEST_STEP][PASSED] - setText(findTestObject(orPath_TaxPayer + "/input_suffix"), "Sr"): Text 'Sr' is set on object 'Object Repository/RAD_Pages/Taxpayer_Page/input_suffix'

2021-11-08 13:05:27 - [MESSAGE][PASSED] - Text 'Sr' is set on object 'Object Repository/RAD_Pages/Taxpayer_Page/input_suffix'

2021-11-08 13:05:27 - [TEST_STEP][PASSED] - selectOptionByLabel(findTestObject(orPath_AddressContact + "/select_Country"), "United States", false): All options with label 'United States' are selected in object 'Object Repository/RAD_Pages/AddressAndContactInfo_Page/select_Country' 

2021-11-08 13:05:27 - [MESSAGE][PASSED] - All options with label 'United States' are selected in object 'Object Repository/RAD_Pages/AddressAndContactInfo_Page/select_Country' 

2021-11-08 13:05:27 - [TEST_STEP][PASSED] - setText(findTestObject(orPath_AddressContact + "/input_streetAddress1"), AL1): Text '2311 York road' is set on object 'Object Repository/RAD_Pages/AddressAndContactInfo_Page/input_streetAddress1'

2021-11-08 13:05:28 - [MESSAGE][PASSED] - Text '2311 York road' is set on object 'Object Repository/RAD_Pages/AddressAndContactInfo_Page/input_streetAddress1'

2021-11-08 13:05:28 - [TEST_STEP][PASSED] - setText(findTestObject(orPath_AddressContact + "/input_streetAddress2"), ""): Text '' is set on object 'Object Repository/RAD_Pages/AddressAndContactInfo_Page/input_streetAddress2'

2021-11-08 13:05:28 - [MESSAGE][PASSED] - Text '' is set on object 'Object Repository/RAD_Pages/AddressAndContactInfo_Page/input_streetAddress2'

2021-11-08 13:05:28 - [TEST_STEP][PASSED] - setText(findTestObject(orPath_AddressContact + "/input_city"), City): Text 'Gambrills' is set on object 'Object Repository/RAD_Pages/AddressAndContactInfo_Page/input_city'

2021-11-08 13:05:29 - [MESSAGE][PASSED] - Text 'Gambrills' is set on object 'Object Repository/RAD_Pages/AddressAndContactInfo_Page/input_city'

2021-11-08 13:05:29 - [TEST_STEP][PASSED] - selectOptionByLabel(findTestObject(orPath_AddressContact + "/select_State"), "Maryland", false): All options with label 'Maryland' are selected in object 'Object Repository/RAD_Pages/AddressAndContactInfo_Page/select_State' 

2021-11-08 13:05:30 - [MESSAGE][PASSED] - All options with label 'Maryland' are selected in object 'Object Repository/RAD_Pages/AddressAndContactInfo_Page/select_State' 

2021-11-08 13:05:30 - [TEST_STEP][PASSED] - setText(findTestObject(orPath_AddressContact + "/input_zipCode"), ZIP): Text '21054' is set on object 'Object Repository/RAD_Pages/AddressAndContactInfo_Page/input_zipCode'

2021-11-08 13:05:30 - [MESSAGE][PASSED] - Text '21054' is set on object 'Object Repository/RAD_Pages/AddressAndContactInfo_Page/input_zipCode'

2021-11-08 13:05:30 - [TEST_STEP][PASSED] - setText(findTestObject(orPath_AddressContact + "/input_phoneNumber"), "(703) 894-5000"): Text '(703) 894-5000' is set on object 'Object Repository/RAD_Pages/AddressAndContactInfo_Page/input_phoneNumber'

2021-11-08 13:05:31 - [MESSAGE][PASSED] - Text '(703) 894-5000' is set on object 'Object Repository/RAD_Pages/AddressAndContactInfo_Page/input_phoneNumber'

2021-11-08 13:05:31 - [TEST_STEP][PASSED] - setText(findTestObject(orPath_AddressContact + "/input_eMailAddress"), "iahmed@govolution.com"): Text 'iahmed@govolution.com' is set on object 'Object Repository/RAD_Pages/AddressAndContactInfo_Page/input_eMailAddress'

2021-11-08 13:05:32 - [MESSAGE][PASSED] - Text 'iahmed@govolution.com' is set on object 'Object Repository/RAD_Pages/AddressAndContactInfo_Page/input_eMailAddress'

2021-11-08 13:05:32 - [TEST_STEP][PASSED] - setText(findTestObject(orPath_AddressContact + "/input_reEnterEMailAddress"), "iahmed@govolution.com"): Text 'iahmed@govolution.com' is set on object 'Object Repository/RAD_Pages/AddressAndContactInfo_Page/input_reEnterEMailAddress'

2021-11-08 13:05:32 - [MESSAGE][PASSED] - Text 'iahmed@govolution.com' is set on object 'Object Repository/RAD_Pages/AddressAndContactInfo_Page/input_reEnterEMailAddress'

2021-11-08 13:05:32 - [TEST_STEP][PASSED] - if (!(SSN.isEmpty())): Text '123451234' is set on object 'Object Repository/RAD_Pages/TaxInfo_Page/input_TaxInfo_reTaxTypeExisitingSSN'

2021-11-08 13:05:32 - [TEST_STEP][PASSED] - setText(findTestObject(orPath_TaxInfo + "/input_TaxInfo_ExisitingSSN"), SSN): Text '123451234' is set on object 'Object Repository/RAD_Pages/TaxInfo_Page/input_TaxInfo_ExisitingSSN'

2021-11-08 13:05:33 - [MESSAGE][PASSED] - Text '123451234' is set on object 'Object Repository/RAD_Pages/TaxInfo_Page/input_TaxInfo_ExisitingSSN'

2021-11-08 13:05:33 - [TEST_STEP][PASSED] - setText(findTestObject(orPath_TaxInfo + "/input_TaxInfo_reTaxTypeExisitingSSN"), SSN): Text '123451234' is set on object 'Object Repository/RAD_Pages/TaxInfo_Page/input_TaxInfo_reTaxTypeExisitingSSN'

2021-11-08 13:05:34 - [MESSAGE][PASSED] - Text '123451234' is set on object 'Object Repository/RAD_Pages/TaxInfo_Page/input_TaxInfo_reTaxTypeExisitingSSN'

2021-11-08 13:05:34 - [TEST_STEP][PASSED] - scrollToElement(findTestObject(orPath_Amount + "/input__paymentAmount"), 3): Scroll to object 'Object Repository/RAD_Pages/PaymentAmount_Page/input__paymentAmount' successfully

2021-11-08 13:05:34 - [MESSAGE][PASSED] - Scroll to object 'Object Repository/RAD_Pages/PaymentAmount_Page/input__paymentAmount' successfully

2021-11-08 13:05:34 - [TEST_STEP][PASSED] - if (!(FEIN.isEmpty())): null

2021-11-08 13:05:34 - [TEST_STEP][PASSED] - delay(1): Delayed 1 second(s)

2021-11-08 13:05:35 - [MESSAGE][PASSED] - Delayed 1 second(s)

2021-11-08 13:05:35 - [TEST_STEP][PASSED] - setText(findTestObject(orPath_TaxInfo + "/input_NoticeInvoiceNumber"), "258147147"): Text '258147147' is set on object 'Object Repository/RAD_Pages/TaxInfo_Page/input_NoticeInvoiceNumber'

2021-11-08 13:05:36 - [MESSAGE][PASSED] - Text '258147147' is set on object 'Object Repository/RAD_Pages/TaxInfo_Page/input_NoticeInvoiceNumber'

2021-11-08 13:05:36 - [TEST_STEP][PASSED] - setText(findTestObject(orPath_TaxInfo + "/input_reTypeNoticeInvoiceNumber"), "258147147"): Text '258147147' is set on object 'Object Repository/RAD_Pages/TaxInfo_Page/input_reTypeNoticeInvoiceNumber'

2021-11-08 13:05:37 - [MESSAGE][PASSED] - Text '258147147' is set on object 'Object Repository/RAD_Pages/TaxInfo_Page/input_reTypeNoticeInvoiceNumber'

2021-11-08 13:05:37 - [TEST_STEP][PASSED] - if (TaxTypeEL.equalsIgnoreCase("Sales & Use Tax")): null

2021-11-08 13:05:37 - [TEST_STEP][PASSED] - setText(findTestObject(orPath_Amount + "/input__paymentAmount"), Amount): Text '30.50' is set on object 'Object Repository/RAD_Pages/PaymentAmount_Page/input__paymentAmount'

2021-11-08 13:05:37 - [MESSAGE][PASSED] - Text '30.50' is set on object 'Object Repository/RAD_Pages/PaymentAmount_Page/input__paymentAmount'

2021-11-08 13:05:37 - [TEST_STEP][PASSED] - scrollToElement(findTestObject(orPath_Landing + "/button_Continue"), 3): Scroll to object 'Object Repository/RAD_Pages/Landing_Page/button_Continue' successfully

2021-11-08 13:05:38 - [MESSAGE][PASSED] - Scroll to object 'Object Repository/RAD_Pages/Landing_Page/button_Continue' successfully

2021-11-08 13:05:38 - [TEST_STEP][PASSED] - waitForElementClickable(findTestObject(orPath_Landing + "/button_Continue"), 5): Object 'Object Repository/RAD_Pages/Landing_Page/button_Continue' is clickable

2021-11-08 13:05:38 - [MESSAGE][PASSED] - Object 'Object Repository/RAD_Pages/Landing_Page/button_Continue' is clickable

2021-11-08 13:05:38 - [TEST_STEP][PASSED] - click(findTestObject(orPath_Landing + "/button_Continue")): Object: 'Object Repository/RAD_Pages/Landing_Page/button_Continue' is clicked on

2021-11-08 13:05:38 - [MESSAGE][PASSED] - Object: 'Object Repository/RAD_Pages/Landing_Page/button_Continue' is clicked on

2021-11-08 13:05:38 - [TEST_STEP][PASSED] - verifyTextPresent("Review the information below and make any necessary corrections by clicking the", true): Text 'Review the information below and make any necessary corrections by clicking the' is present on page  using regular expression

2021-11-08 13:05:39 - [MESSAGE][PASSED] - Text 'Review the information below and make any necessary corrections by clicking the' is present on page  using regular expression

2021-11-08 13:05:39 - [TEST_STEP][PASSED] - verifyTextPresent("When you are confident that all the information is correct", true): Text 'When you are confident that all the information is correct' is present on page  using regular expression

2021-11-08 13:05:39 - [MESSAGE][PASSED] - Text 'When you are confident that all the information is correct' is present on page  using regular expression

2021-11-08 13:05:39 - [TEST_STEP][PASSED] - delay(1): Delayed 1 second(s)

2021-11-08 13:05:40 - [MESSAGE][PASSED] - Delayed 1 second(s)

2021-11-08 13:05:40 - [TEST_STEP][PASSED] - click(findTestObject(orPath_PaymentReady + "/button_ProceedtoPayment")): Object: 'Object Repository/RAD_Pages/PaymentReady_Page/button_ProceedtoPayment' is clicked on

2021-11-08 13:05:43 - [MESSAGE][PASSED] - Object: 'Object Repository/RAD_Pages/PaymentReady_Page/button_ProceedtoPayment' is clicked on

2021-11-08 13:05:43 - [TEST_STEP][PASSED] - setText(findTestObject(orPath_PaymentEntry + "/input__cardNumber"), CCNumber): Text '4012000098765439' is set on object 'Object Repository/RAD_Pages/PaymentEntry_Page/input__cardNumber'

2021-11-08 13:05:44 - [MESSAGE][PASSED] - Text '4012000098765439' is set on object 'Object Repository/RAD_Pages/PaymentEntry_Page/input__cardNumber'

2021-11-08 13:05:44 - [TEST_STEP][PASSED] - setText(findTestObject(orPath_PaymentEntry + "/input__spc"), CVV): Text '123' is set on object 'Object Repository/RAD_Pages/PaymentEntry_Page/input__spc'

2021-11-08 13:05:44 - [MESSAGE][PASSED] - Text '123' is set on object 'Object Repository/RAD_Pages/PaymentEntry_Page/input__spc'

2021-11-08 13:05:44 - [TEST_STEP][PASSED] - selectOptionByLabel(findTestObject(orPath_PaymentEntry + "/select_MM"), "12", false): All options with label '12' are selected in object 'Object Repository/RAD_Pages/PaymentEntry_Page/select_MM' 

2021-11-08 13:05:45 - [MESSAGE][PASSED] - All options with label '12' are selected in object 'Object Repository/RAD_Pages/PaymentEntry_Page/select_MM' 

2021-11-08 13:05:45 - [TEST_STEP][PASSED] - selectOptionByLabel(findTestObject(orPath_PaymentEntry + "/select_YYYY"), "2023", false): All options with label '2023' are selected in object 'Object Repository/RAD_Pages/PaymentEntry_Page/select_YYYY' 

2021-11-08 13:05:46 - [MESSAGE][PASSED] - All options with label '2023' are selected in object 'Object Repository/RAD_Pages/PaymentEntry_Page/select_YYYY' 

2021-11-08 13:05:46 - [TEST_STEP][PASSED] - click(findTestObject(orPath_PaymentEntry + "/input_Field_ccSubmit")): Object: 'Object Repository/RAD_Pages/PaymentEntry_Page/input_Field_ccSubmit' is clicked on

2021-11-08 13:05:47 - [MESSAGE][PASSED] - Object: 'Object Repository/RAD_Pages/PaymentEntry_Page/input_Field_ccSubmit' is clicked on

2021-11-08 13:05:47 - [TEST_STEP][PASSED] - click(findTestObject(orPath_PaymentConfirmation + "/input_N_confirmNotifyAction")): Object: 'Object Repository/RAD_Pages/PaymentConfirmation_Page/input_N_confirmNotifyAction' is clicked on

2021-11-08 13:05:48 - [MESSAGE][PASSED] - Object: 'Object Repository/RAD_Pages/PaymentConfirmation_Page/input_N_confirmNotifyAction' is clicked on

2021-11-08 13:05:48 - [TEST_STEP][PASSED] - click(findTestObject(orPath_ServiceFeesAccept + "/input_convFeeNotifyAction")): Object: 'Object Repository/RAD_Pages/ServiceFeeAccept_Page/input_convFeeNotifyAction' is clicked on

2021-11-08 13:05:50 - [MESSAGE][PASSED] - Object: 'Object Repository/RAD_Pages/ServiceFeeAccept_Page/input_convFeeNotifyAction' is clicked on

2021-11-08 13:05:50 - [TEST_STEP][PASSED] - delay(10): Delayed 10 second(s)

2021-11-08 13:06:00 - [MESSAGE][PASSED] - Delayed 10 second(s)

2021-11-08 13:06:00 - [TEST_STEP][PASSED] - verifyTextPresent("Successful Payment Receipt", true): Text 'Successful Payment Receipt' is present on page  using regular expression

2021-11-08 13:06:00 - [MESSAGE][PASSED] - Text 'Successful Payment Receipt' is present on page  using regular expression

2021-11-08 13:06:00 - [TEST_STEP][PASSED] - if (verifyTextPresent("Successful Payment Receipt", true)): null

2021-11-08 13:06:00 - [MESSAGE][PASSED] - Text 'Successful Payment Receipt' is present on page  using regular expression

2021-11-08 13:06:00 - [TEST_STEP][PASSED] - println("Transaction was Successful"): null

2021-11-08 13:06:00 - [TEST_STEP][PASSED] - out.println("Pass Record Number: " + row): null

2021-11-08 13:06:00 - [TEST_STEP][PASSED] - resText = "Pass": null

2021-11-08 13:06:00 - [TEST_STEP][PASSED] - pages.WriteExcel.demoKey(resText, datText, resColumn, datCloumn, fileLoc, nameSheet, row): pages.WriteExcel.demoKey is PASSED

2021-11-08 13:06:00 - [MESSAGE][PASSED] - pages.WriteExcel.demoKey is PASSED

2021-11-08 13:06:00 - [TEST_STEP][PASSED] - ExecuteTC = findTestData(dataFile).getValue("Execute", row): null

2021-11-08 13:06:00 - [TEST_STEP][PASSED] - Taxtype = findTestData(dataFile).getValue("TaxType", row): null

2021-11-08 13:06:00 - [TEST_STEP][PASSED] - TaxTypeEL = findTestData(dataFile).getValue("TaxTypeEL", row): null

2021-11-08 13:06:00 - [TEST_STEP][PASSED] - FilingYear = findTestData(dataFile).getValue("FilingYear", row): null

2021-11-08 13:06:00 - [TEST_STEP][PASSED] - FName = findTestData(dataFile).getValue("Fname", row): null

2021-11-08 13:06:00 - [TEST_STEP][PASSED] - LName = findTestData(dataFile).getValue("Lname", row): null

2021-11-08 13:06:00 - [TEST_STEP][PASSED] - AL1 = findTestData(dataFile).getValue("AL1", row): null

2021-11-08 13:06:01 - [TEST_STEP][PASSED] - City = findTestData(dataFile).getValue("City", row): null

2021-11-08 13:06:01 - [TEST_STEP][PASSED] - ZIP = findTestData(dataFile).getValue("ZIP", row): null

2021-11-08 13:06:01 - [TEST_STEP][PASSED] - Amount = findTestData(dataFile).getValue("Amount", row): null

2021-11-08 13:06:01 - [TEST_STEP][PASSED] - CCNumber = findTestData(dataFile).getValue("CCNumber", row): null

2021-11-08 13:06:01 - [TEST_STEP][PASSED] - CVV = findTestData(dataFile).getValue("CVV", row): null

2021-11-08 13:06:01 - [TEST_STEP][PASSED] - SSN = findTestData(dataFile).getValue("SSN", row): null

2021-11-08 13:06:01 - [TEST_STEP][PASSED] - FEIN = findTestData(dataFile).getValue("FEIN", row): null

2021-11-08 13:06:01 - [TEST_STEP][PASSED] - out.println("Value of Execute is : " + ExecuteTC): null

2021-11-08 13:06:01 - [TEST_STEP][PASSED] - if (ExecuteTC.equalsIgnoreCase("Y")): null

2021-11-08 13:06:01 - [TEST_STEP][PASSED] - out.println("Begin Record Number: " + row): null

2021-11-08 13:06:01 - [TEST_STEP][PASSED] - today = new java.util.Date(): null

2021-11-08 13:06:01 - [TEST_STEP][PASSED] - println(today): null

2021-11-08 13:06:01 - [TEST_STEP][PASSED] - datText = today: null

2021-11-08 13:06:01 - [TEST_STEP][PASSED] - Taxtype = findTestData(dataFile).getValue("TaxType", row): null

2021-11-08 13:06:01 - [TEST_STEP][PASSED] - out.println("Taxtype value is : " + Taxtype): null

2021-11-08 13:06:01 - [TEST_STEP][PASSED] - openBrowser(""): Browser is opened with url: ''

2021-11-08 13:06:01 - [MESSAGE][WARNING] - A browser is already opened. Closing browser and opening a new one

2021-11-08 13:06:02 - [MESSAGE][INFO] - Starting 'Chrome' driver

2021-11-08 13:06:02 - [MESSAGE][INFO] - User set preference: ['acceptInsecureCerts', 'true']

2021-11-08 13:06:02 - [MESSAGE][INFO] - Action delay is set to 0 milliseconds

2021-11-08 13:06:03 - [MESSAGE][PASSED] - Browser is opened with url: ''

2021-11-08 13:06:03 - [TEST_STEP][PASSED] - maximizeWindow(): Current window maximized

2021-11-08 13:06:03 - [MESSAGE][PASSED] - Current window maximized

2021-11-08 13:06:03 - [TEST_STEP][PASSED] - navigateToUrl(RADurl): Navigate to 'https://qa.velocitypayment.com/client/rad/index.html' successfully

2021-11-08 13:06:05 - [MESSAGE][PASSED] - Navigate to 'https://qa.velocitypayment.com/client/rad/index.html' successfully

2021-11-08 13:06:05 - [TEST_STEP][PASSED] - orPath_Landing = "Object Repository/RAD_Pages/Landing_Page": null

2021-11-08 13:06:05 - [TEST_STEP][PASSED] - orPath_TaxTypeFilingYear = "Object Repository/RAD_Pages/TaxTypeFilingYear_Page": null

2021-11-08 13:06:05 - [TEST_STEP][PASSED] - orPath_TaxPayer = "Object Repository/RAD_Pages/Taxpayer_Page": null

2021-11-08 13:06:05 - [TEST_STEP][PASSED] - orPath_AddressContact = "Object Repository/RAD_Pages/AddressAndContactInfo_Page": null

2021-11-08 13:06:05 - [TEST_STEP][PASSED] - orPath_FilingStatus = "Object Repository/RAD_Pages/FilingStatus_Page": null

2021-11-08 13:06:05 - [TEST_STEP][PASSED] - orPath_Amount = "Object Repository/RAD_Pages/PaymentAmount_Page": null

2021-11-08 13:06:05 - [TEST_STEP][PASSED] - orPath_TaxInfo = "Object Repository/RAD_Pages/TaxInfo_Page": null

2021-11-08 13:06:05 - [TEST_STEP][PASSED] - orPath_Withholding = "Object Repository/RAD_Pages/Withholding_Page": null

2021-11-08 13:06:05 - [TEST_STEP][PASSED] - orPath_Summary = "Object Repository/RAD_Pages/Summary_Page": null

2021-11-08 13:06:05 - [TEST_STEP][PASSED] - orPath_PaymentReady = "Object Repository/RAD_Pages/PaymentReady_Page": null

2021-11-08 13:06:05 - [TEST_STEP][PASSED] - orPath_PaymentEntry = "Object Repository/RAD_Pages/PaymentEntry_Page": null

2021-11-08 13:06:05 - [TEST_STEP][PASSED] - orPath_PaymentConfirmation = "Object Repository/RAD_Pages/PaymentConfirmation_Page": null

2021-11-08 13:06:05 - [TEST_STEP][PASSED] - orPath_ServiceFeesAccept = "Object Repository/RAD_Pages/ServiceFeeAccept_Page": null

2021-11-08 13:06:05 - [TEST_STEP][PASSED] - selectOptionByLabel(findTestObject(orPath_Landing + "/dd_TaxType"), Taxtype, false): All options with label 'Existing Liability' are selected in object 'Object Repository/RAD_Pages/Landing_Page/dd_TaxType' 

2021-11-08 13:06:06 - [MESSAGE][PASSED] - All options with label 'Existing Liability' are selected in object 'Object Repository/RAD_Pages/Landing_Page/dd_TaxType' 

2021-11-08 13:06:06 - [TEST_STEP][PASSED] - delay(1): Delayed 1 second(s)

2021-11-08 13:06:07 - [MESSAGE][PASSED] - Delayed 1 second(s)

2021-11-08 13:06:07 - [TEST_STEP][PASSED] - selectOptionByLabel(findTestObject(orPath_TaxTypeFilingYear + "/select_TaxType_ExistingLiability"), TaxTypeEL, false): All options with label 'Bay Restoration Fund Tax' are selected in object 'Object Repository/RAD_Pages/TaxTypeFilingYear_Page/select_TaxType_ExistingLiability' 

2021-11-08 13:06:07 - [MESSAGE][PASSED] - All options with label 'Bay Restoration Fund Tax' are selected in object 'Object Repository/RAD_Pages/TaxTypeFilingYear_Page/select_TaxType_ExistingLiability' 

2021-11-08 13:06:07 - [TEST_STEP][PASSED] - selectOptionByLabel(findTestObject(orPath_TaxTypeFilingYear + "/select_FilingYear"), FilingYear, false): All options with label '2020' are selected in object 'Object Repository/RAD_Pages/TaxTypeFilingYear_Page/select_FilingYear' 

2021-11-08 13:06:08 - [MESSAGE][PASSED] - All options with label '2020' are selected in object 'Object Repository/RAD_Pages/TaxTypeFilingYear_Page/select_FilingYear' 

2021-11-08 13:06:08 - [TEST_STEP][PASSED] - setText(findTestObject(orPath_TaxPayer + "/input_firstName"), FName): Text 'Michael' is set on object 'Object Repository/RAD_Pages/Taxpayer_Page/input_firstName'

2021-11-08 13:06:09 - [MESSAGE][PASSED] - Text 'Michael' is set on object 'Object Repository/RAD_Pages/Taxpayer_Page/input_firstName'

2021-11-08 13:06:09 - [TEST_STEP][PASSED] - setText(findTestObject(orPath_TaxPayer + "/input_lastName"), LName): Text 'Anderson' is set on object 'Object Repository/RAD_Pages/Taxpayer_Page/input_lastName'

2021-11-08 13:06:09 - [MESSAGE][PASSED] - Text 'Anderson' is set on object 'Object Repository/RAD_Pages/Taxpayer_Page/input_lastName'

2021-11-08 13:06:09 - [TEST_STEP][PASSED] - setText(findTestObject(orPath_TaxPayer + "/input_middleName"), "Johns"): Text 'Johns' is set on object 'Object Repository/RAD_Pages/Taxpayer_Page/input_middleName'

2021-11-08 13:06:10 - [MESSAGE][PASSED] - Text 'Johns' is set on object 'Object Repository/RAD_Pages/Taxpayer_Page/input_middleName'

2021-11-08 13:06:10 - [TEST_STEP][PASSED] - setText(findTestObject(orPath_TaxPayer + "/input_suffix"), "Sr"): Text 'Sr' is set on object 'Object Repository/RAD_Pages/Taxpayer_Page/input_suffix'

2021-11-08 13:06:11 - [MESSAGE][PASSED] - Text 'Sr' is set on object 'Object Repository/RAD_Pages/Taxpayer_Page/input_suffix'

2021-11-08 13:06:11 - [TEST_STEP][PASSED] - selectOptionByLabel(findTestObject(orPath_AddressContact + "/select_Country"), "United States", false): All options with label 'United States' are selected in object 'Object Repository/RAD_Pages/AddressAndContactInfo_Page/select_Country' 

2021-11-08 13:06:11 - [MESSAGE][PASSED] - All options with label 'United States' are selected in object 'Object Repository/RAD_Pages/AddressAndContactInfo_Page/select_Country' 

2021-11-08 13:06:11 - [TEST_STEP][PASSED] - setText(findTestObject(orPath_AddressContact + "/input_streetAddress1"), AL1): Text '2311 York road' is set on object 'Object Repository/RAD_Pages/AddressAndContactInfo_Page/input_streetAddress1'

2021-11-08 13:06:12 - [MESSAGE][PASSED] - Text '2311 York road' is set on object 'Object Repository/RAD_Pages/AddressAndContactInfo_Page/input_streetAddress1'

2021-11-08 13:06:12 - [TEST_STEP][PASSED] - setText(findTestObject(orPath_AddressContact + "/input_streetAddress2"), ""): Text '' is set on object 'Object Repository/RAD_Pages/AddressAndContactInfo_Page/input_streetAddress2'

2021-11-08 13:06:13 - [MESSAGE][PASSED] - Text '' is set on object 'Object Repository/RAD_Pages/AddressAndContactInfo_Page/input_streetAddress2'

2021-11-08 13:06:13 - [TEST_STEP][PASSED] - setText(findTestObject(orPath_AddressContact + "/input_city"), City): Text 'Gambrills' is set on object 'Object Repository/RAD_Pages/AddressAndContactInfo_Page/input_city'

2021-11-08 13:06:13 - [MESSAGE][PASSED] - Text 'Gambrills' is set on object 'Object Repository/RAD_Pages/AddressAndContactInfo_Page/input_city'

2021-11-08 13:06:13 - [TEST_STEP][PASSED] - selectOptionByLabel(findTestObject(orPath_AddressContact + "/select_State"), "Maryland", false): All options with label 'Maryland' are selected in object 'Object Repository/RAD_Pages/AddressAndContactInfo_Page/select_State' 

2021-11-08 13:06:14 - [MESSAGE][PASSED] - All options with label 'Maryland' are selected in object 'Object Repository/RAD_Pages/AddressAndContactInfo_Page/select_State' 

2021-11-08 13:06:14 - [TEST_STEP][PASSED] - setText(findTestObject(orPath_AddressContact + "/input_zipCode"), ZIP): Text '21054' is set on object 'Object Repository/RAD_Pages/AddressAndContactInfo_Page/input_zipCode'

2021-11-08 13:06:14 - [MESSAGE][PASSED] - Text '21054' is set on object 'Object Repository/RAD_Pages/AddressAndContactInfo_Page/input_zipCode'

2021-11-08 13:06:14 - [TEST_STEP][PASSED] - setText(findTestObject(orPath_AddressContact + "/input_phoneNumber"), "(703) 894-5000"): Text '(703) 894-5000' is set on object 'Object Repository/RAD_Pages/AddressAndContactInfo_Page/input_phoneNumber'

2021-11-08 13:06:15 - [MESSAGE][PASSED] - Text '(703) 894-5000' is set on object 'Object Repository/RAD_Pages/AddressAndContactInfo_Page/input_phoneNumber'

2021-11-08 13:06:15 - [TEST_STEP][PASSED] - setText(findTestObject(orPath_AddressContact + "/input_eMailAddress"), "iahmed@govolution.com"): Text 'iahmed@govolution.com' is set on object 'Object Repository/RAD_Pages/AddressAndContactInfo_Page/input_eMailAddress'

2021-11-08 13:06:16 - [MESSAGE][PASSED] - Text 'iahmed@govolution.com' is set on object 'Object Repository/RAD_Pages/AddressAndContactInfo_Page/input_eMailAddress'

2021-11-08 13:06:16 - [TEST_STEP][PASSED] - setText(findTestObject(orPath_AddressContact + "/input_reEnterEMailAddress"), "iahmed@govolution.com"): Text 'iahmed@govolution.com' is set on object 'Object Repository/RAD_Pages/AddressAndContactInfo_Page/input_reEnterEMailAddress'

2021-11-08 13:06:17 - [MESSAGE][PASSED] - Text 'iahmed@govolution.com' is set on object 'Object Repository/RAD_Pages/AddressAndContactInfo_Page/input_reEnterEMailAddress'

2021-11-08 13:06:17 - [TEST_STEP][PASSED] - if (!(SSN.isEmpty())): null

2021-11-08 13:06:17 - [TEST_STEP][PASSED] - scrollToElement(findTestObject(orPath_Amount + "/input__paymentAmount"), 3): Scroll to object 'Object Repository/RAD_Pages/PaymentAmount_Page/input__paymentAmount' successfully

2021-11-08 13:06:17 - [MESSAGE][PASSED] - Scroll to object 'Object Repository/RAD_Pages/PaymentAmount_Page/input__paymentAmount' successfully

2021-11-08 13:06:17 - [TEST_STEP][PASSED] - if (!(FEIN.isEmpty())): Text '258369258' is set on object 'Object Repository/RAD_Pages/TaxInfo_Page/input_ReTypeFEIN'

2021-11-08 13:06:17 - [TEST_STEP][PASSED] - setText(findTestObject(orPath_TaxInfo + "/input_FEIN"), FEIN): Text '258369258' is set on object 'Object Repository/RAD_Pages/TaxInfo_Page/input_FEIN'

2021-11-08 13:06:18 - [MESSAGE][PASSED] - Text '258369258' is set on object 'Object Repository/RAD_Pages/TaxInfo_Page/input_FEIN'

2021-11-08 13:06:18 - [TEST_STEP][PASSED] - setText(findTestObject(orPath_TaxInfo + "/input_ReTypeFEIN"), FEIN): Text '258369258' is set on object 'Object Repository/RAD_Pages/TaxInfo_Page/input_ReTypeFEIN'

2021-11-08 13:06:18 - [MESSAGE][PASSED] - Text '258369258' is set on object 'Object Repository/RAD_Pages/TaxInfo_Page/input_ReTypeFEIN'

2021-11-08 13:06:18 - [TEST_STEP][PASSED] - delay(1): Delayed 1 second(s)

2021-11-08 13:06:19 - [MESSAGE][PASSED] - Delayed 1 second(s)

2021-11-08 13:06:19 - [TEST_STEP][PASSED] - setText(findTestObject(orPath_TaxInfo + "/input_NoticeInvoiceNumber"), "258147147"): Text '258147147' is set on object 'Object Repository/RAD_Pages/TaxInfo_Page/input_NoticeInvoiceNumber'

2021-11-08 13:06:20 - [MESSAGE][PASSED] - Text '258147147' is set on object 'Object Repository/RAD_Pages/TaxInfo_Page/input_NoticeInvoiceNumber'

2021-11-08 13:06:20 - [TEST_STEP][PASSED] - setText(findTestObject(orPath_TaxInfo + "/input_reTypeNoticeInvoiceNumber"), "258147147"): Text '258147147' is set on object 'Object Repository/RAD_Pages/TaxInfo_Page/input_reTypeNoticeInvoiceNumber'

2021-11-08 13:06:21 - [MESSAGE][PASSED] - Text '258147147' is set on object 'Object Repository/RAD_Pages/TaxInfo_Page/input_reTypeNoticeInvoiceNumber'

2021-11-08 13:06:21 - [TEST_STEP][PASSED] - if (TaxTypeEL.equalsIgnoreCase("Sales & Use Tax")): null

2021-11-08 13:06:21 - [TEST_STEP][PASSED] - setText(findTestObject(orPath_Amount + "/input__paymentAmount"), Amount): Text '30.50' is set on object 'Object Repository/RAD_Pages/PaymentAmount_Page/input__paymentAmount'

2021-11-08 13:06:22 - [MESSAGE][PASSED] - Text '30.50' is set on object 'Object Repository/RAD_Pages/PaymentAmount_Page/input__paymentAmount'

2021-11-08 13:06:22 - [TEST_STEP][PASSED] - scrollToElement(findTestObject(orPath_Landing + "/button_Continue"), 3): Scroll to object 'Object Repository/RAD_Pages/Landing_Page/button_Continue' successfully

2021-11-08 13:06:22 - [MESSAGE][PASSED] - Scroll to object 'Object Repository/RAD_Pages/Landing_Page/button_Continue' successfully

2021-11-08 13:06:22 - [TEST_STEP][PASSED] - waitForElementClickable(findTestObject(orPath_Landing + "/button_Continue"), 5): Object 'Object Repository/RAD_Pages/Landing_Page/button_Continue' is clickable

2021-11-08 13:06:22 - [MESSAGE][PASSED] - Object 'Object Repository/RAD_Pages/Landing_Page/button_Continue' is clickable

2021-11-08 13:06:22 - [TEST_STEP][PASSED] - click(findTestObject(orPath_Landing + "/button_Continue")): Object: 'Object Repository/RAD_Pages/Landing_Page/button_Continue' is clicked on

2021-11-08 13:06:23 - [MESSAGE][PASSED] - Object: 'Object Repository/RAD_Pages/Landing_Page/button_Continue' is clicked on

2021-11-08 13:06:23 - [TEST_STEP][PASSED] - verifyTextPresent("Review the information below and make any necessary corrections by clicking the", true): Text 'Review the information below and make any necessary corrections by clicking the' is present on page  using regular expression

2021-11-08 13:06:23 - [MESSAGE][PASSED] - Text 'Review the information below and make any necessary corrections by clicking the' is present on page  using regular expression

2021-11-08 13:06:23 - [TEST_STEP][PASSED] - verifyTextPresent("When you are confident that all the information is correct", true): Text 'When you are confident that all the information is correct' is present on page  using regular expression

2021-11-08 13:06:24 - [MESSAGE][PASSED] - Text 'When you are confident that all the information is correct' is present on page  using regular expression

2021-11-08 13:06:24 - [TEST_STEP][PASSED] - delay(1): Delayed 1 second(s)

2021-11-08 13:06:25 - [MESSAGE][PASSED] - Delayed 1 second(s)

2021-11-08 13:06:25 - [TEST_STEP][PASSED] - click(findTestObject(orPath_PaymentReady + "/button_ProceedtoPayment")): Object: 'Object Repository/RAD_Pages/PaymentReady_Page/button_ProceedtoPayment' is clicked on

2021-11-08 13:06:27 - [MESSAGE][PASSED] - Object: 'Object Repository/RAD_Pages/PaymentReady_Page/button_ProceedtoPayment' is clicked on

2021-11-08 13:06:27 - [TEST_STEP][PASSED] - setText(findTestObject(orPath_PaymentEntry + "/input__cardNumber"), CCNumber): Text '4012000098765439' is set on object 'Object Repository/RAD_Pages/PaymentEntry_Page/input__cardNumber'

2021-11-08 13:06:28 - [MESSAGE][PASSED] - Text '4012000098765439' is set on object 'Object Repository/RAD_Pages/PaymentEntry_Page/input__cardNumber'

2021-11-08 13:06:28 - [TEST_STEP][PASSED] - setText(findTestObject(orPath_PaymentEntry + "/input__spc"), CVV): Text '123' is set on object 'Object Repository/RAD_Pages/PaymentEntry_Page/input__spc'

2021-11-08 13:06:29 - [MESSAGE][PASSED] - Text '123' is set on object 'Object Repository/RAD_Pages/PaymentEntry_Page/input__spc'

2021-11-08 13:06:29 - [TEST_STEP][PASSED] - selectOptionByLabel(findTestObject(orPath_PaymentEntry + "/select_MM"), "12", false): All options with label '12' are selected in object 'Object Repository/RAD_Pages/PaymentEntry_Page/select_MM' 

2021-11-08 13:06:29 - [MESSAGE][PASSED] - All options with label '12' are selected in object 'Object Repository/RAD_Pages/PaymentEntry_Page/select_MM' 

2021-11-08 13:06:29 - [TEST_STEP][PASSED] - selectOptionByLabel(findTestObject(orPath_PaymentEntry + "/select_YYYY"), "2023", false): All options with label '2023' are selected in object 'Object Repository/RAD_Pages/PaymentEntry_Page/select_YYYY' 

2021-11-08 13:06:30 - [MESSAGE][PASSED] - All options with label '2023' are selected in object 'Object Repository/RAD_Pages/PaymentEntry_Page/select_YYYY' 

2021-11-08 13:06:30 - [TEST_STEP][PASSED] - click(findTestObject(orPath_PaymentEntry + "/input_Field_ccSubmit")): Object: 'Object Repository/RAD_Pages/PaymentEntry_Page/input_Field_ccSubmit' is clicked on

2021-11-08 13:06:31 - [MESSAGE][PASSED] - Object: 'Object Repository/RAD_Pages/PaymentEntry_Page/input_Field_ccSubmit' is clicked on

2021-11-08 13:06:31 - [TEST_STEP][PASSED] - click(findTestObject(orPath_PaymentConfirmation + "/input_N_confirmNotifyAction")): Object: 'Object Repository/RAD_Pages/PaymentConfirmation_Page/input_N_confirmNotifyAction' is clicked on

2021-11-08 13:06:32 - [MESSAGE][PASSED] - Object: 'Object Repository/RAD_Pages/PaymentConfirmation_Page/input_N_confirmNotifyAction' is clicked on

2021-11-08 13:06:32 - [TEST_STEP][PASSED] - click(findTestObject(orPath_ServiceFeesAccept + "/input_convFeeNotifyAction")): Object: 'Object Repository/RAD_Pages/ServiceFeeAccept_Page/input_convFeeNotifyAction' is clicked on

2021-11-08 13:06:34 - [MESSAGE][PASSED] - Object: 'Object Repository/RAD_Pages/ServiceFeeAccept_Page/input_convFeeNotifyAction' is clicked on

2021-11-08 13:06:34 - [TEST_STEP][PASSED] - delay(10): Delayed 10 second(s)

2021-11-08 13:06:44 - [MESSAGE][PASSED] - Delayed 10 second(s)

2021-11-08 13:06:44 - [TEST_STEP][PASSED] - verifyTextPresent("Successful Payment Receipt", true): Text 'Successful Payment Receipt' is present on page  using regular expression

2021-11-08 13:06:44 - [MESSAGE][PASSED] - Text 'Successful Payment Receipt' is present on page  using regular expression

2021-11-08 13:06:44 - [TEST_STEP][PASSED] - if (verifyTextPresent("Successful Payment Receipt", true)): null

2021-11-08 13:06:44 - [MESSAGE][PASSED] - Text 'Successful Payment Receipt' is present on page  using regular expression

2021-11-08 13:06:44 - [TEST_STEP][PASSED] - println("Transaction was Successful"): null

2021-11-08 13:06:44 - [TEST_STEP][PASSED] - out.println("Pass Record Number: " + row): null

2021-11-08 13:06:44 - [TEST_STEP][PASSED] - resText = "Pass": null

2021-11-08 13:06:44 - [TEST_STEP][PASSED] - pages.WriteExcel.demoKey(resText, datText, resColumn, datCloumn, fileLoc, nameSheet, row): pages.WriteExcel.demoKey is PASSED

2021-11-08 13:06:44 - [MESSAGE][PASSED] - pages.WriteExcel.demoKey is PASSED

2021-11-08 13:06:44 - [TEST_STEP][PASSED] - ExecuteTC = findTestData(dataFile).getValue("Execute", row): null

2021-11-08 13:06:44 - [TEST_STEP][PASSED] - Taxtype = findTestData(dataFile).getValue("TaxType", row): null

2021-11-08 13:06:44 - [TEST_STEP][PASSED] - TaxTypeEL = findTestData(dataFile).getValue("TaxTypeEL", row): null

2021-11-08 13:06:44 - [TEST_STEP][PASSED] - FilingYear = findTestData(dataFile).getValue("FilingYear", row): null

2021-11-08 13:06:44 - [TEST_STEP][PASSED] - FName = findTestData(dataFile).getValue("Fname", row): null

2021-11-08 13:06:45 - [TEST_STEP][PASSED] - LName = findTestData(dataFile).getValue("Lname", row): null

2021-11-08 13:06:45 - [TEST_STEP][PASSED] - AL1 = findTestData(dataFile).getValue("AL1", row): null

2021-11-08 13:06:45 - [TEST_STEP][PASSED] - City = findTestData(dataFile).getValue("City", row): null

2021-11-08 13:06:45 - [TEST_STEP][PASSED] - ZIP = findTestData(dataFile).getValue("ZIP", row): null

2021-11-08 13:06:45 - [TEST_STEP][PASSED] - Amount = findTestData(dataFile).getValue("Amount", row): null

2021-11-08 13:06:45 - [TEST_STEP][PASSED] - CCNumber = findTestData(dataFile).getValue("CCNumber", row): null

2021-11-08 13:06:45 - [TEST_STEP][PASSED] - CVV = findTestData(dataFile).getValue("CVV", row): null

2021-11-08 13:06:45 - [TEST_STEP][PASSED] - SSN = findTestData(dataFile).getValue("SSN", row): null

2021-11-08 13:06:45 - [TEST_STEP][PASSED] - FEIN = findTestData(dataFile).getValue("FEIN", row): null

2021-11-08 13:06:45 - [TEST_STEP][PASSED] - out.println("Value of Execute is : " + ExecuteTC): null

2021-11-08 13:06:45 - [TEST_STEP][PASSED] - if (ExecuteTC.equalsIgnoreCase("Y")): null

2021-11-08 13:06:45 - [TEST_STEP][PASSED] - out.println("Begin Record Number: " + row): null

2021-11-08 13:06:45 - [TEST_STEP][PASSED] - today = new java.util.Date(): null

2021-11-08 13:06:45 - [TEST_STEP][PASSED] - println(today): null

2021-11-08 13:06:45 - [TEST_STEP][PASSED] - datText = today: null

2021-11-08 13:06:45 - [TEST_STEP][PASSED] - Taxtype = findTestData(dataFile).getValue("TaxType", row): null

2021-11-08 13:06:45 - [TEST_STEP][PASSED] - out.println("Taxtype value is : " + Taxtype): null

2021-11-08 13:06:45 - [TEST_STEP][PASSED] - openBrowser(""): Browser is opened with url: ''

2021-11-08 13:06:45 - [MESSAGE][WARNING] - A browser is already opened. Closing browser and opening a new one

2021-11-08 13:06:46 - [MESSAGE][INFO] - Starting 'Chrome' driver

2021-11-08 13:06:46 - [MESSAGE][INFO] - User set preference: ['acceptInsecureCerts', 'true']

2021-11-08 13:06:46 - [MESSAGE][INFO] - Action delay is set to 0 milliseconds

2021-11-08 13:06:47 - [MESSAGE][PASSED] - Browser is opened with url: ''

2021-11-08 13:06:47 - [TEST_STEP][PASSED] - maximizeWindow(): Current window maximized

2021-11-08 13:06:47 - [MESSAGE][PASSED] - Current window maximized

2021-11-08 13:06:47 - [TEST_STEP][PASSED] - navigateToUrl(RADurl): Navigate to 'https://qa.velocitypayment.com/client/rad/index.html' successfully

2021-11-08 13:06:49 - [MESSAGE][PASSED] - Navigate to 'https://qa.velocitypayment.com/client/rad/index.html' successfully

2021-11-08 13:06:49 - [TEST_STEP][PASSED] - orPath_Landing = "Object Repository/RAD_Pages/Landing_Page": null

2021-11-08 13:06:49 - [TEST_STEP][PASSED] - orPath_TaxTypeFilingYear = "Object Repository/RAD_Pages/TaxTypeFilingYear_Page": null

2021-11-08 13:06:49 - [TEST_STEP][PASSED] - orPath_TaxPayer = "Object Repository/RAD_Pages/Taxpayer_Page": null

2021-11-08 13:06:49 - [TEST_STEP][PASSED] - orPath_AddressContact = "Object Repository/RAD_Pages/AddressAndContactInfo_Page": null

2021-11-08 13:06:49 - [TEST_STEP][PASSED] - orPath_FilingStatus = "Object Repository/RAD_Pages/FilingStatus_Page": null

2021-11-08 13:06:49 - [TEST_STEP][PASSED] - orPath_Amount = "Object Repository/RAD_Pages/PaymentAmount_Page": null

2021-11-08 13:06:49 - [TEST_STEP][PASSED] - orPath_TaxInfo = "Object Repository/RAD_Pages/TaxInfo_Page": null

2021-11-08 13:06:49 - [TEST_STEP][PASSED] - orPath_Withholding = "Object Repository/RAD_Pages/Withholding_Page": null

2021-11-08 13:06:49 - [TEST_STEP][PASSED] - orPath_Summary = "Object Repository/RAD_Pages/Summary_Page": null

2021-11-08 13:06:49 - [TEST_STEP][PASSED] - orPath_PaymentReady = "Object Repository/RAD_Pages/PaymentReady_Page": null

2021-11-08 13:06:49 - [TEST_STEP][PASSED] - orPath_PaymentEntry = "Object Repository/RAD_Pages/PaymentEntry_Page": null

2021-11-08 13:06:49 - [TEST_STEP][PASSED] - orPath_PaymentConfirmation = "Object Repository/RAD_Pages/PaymentConfirmation_Page": null

2021-11-08 13:06:49 - [TEST_STEP][PASSED] - orPath_ServiceFeesAccept = "Object Repository/RAD_Pages/ServiceFeeAccept_Page": null

2021-11-08 13:06:49 - [TEST_STEP][PASSED] - selectOptionByLabel(findTestObject(orPath_Landing + "/dd_TaxType"), Taxtype, false): All options with label 'Existing Liability' are selected in object 'Object Repository/RAD_Pages/Landing_Page/dd_TaxType' 

2021-11-08 13:06:50 - [MESSAGE][PASSED] - All options with label 'Existing Liability' are selected in object 'Object Repository/RAD_Pages/Landing_Page/dd_TaxType' 

2021-11-08 13:06:50 - [TEST_STEP][PASSED] - delay(1): Delayed 1 second(s)

2021-11-08 13:06:51 - [MESSAGE][PASSED] - Delayed 1 second(s)

2021-11-08 13:06:51 - [TEST_STEP][PASSED] - selectOptionByLabel(findTestObject(orPath_TaxTypeFilingYear + "/select_TaxType_ExistingLiability"), TaxTypeEL, false): All options with label 'CORP Tax' are selected in object 'Object Repository/RAD_Pages/TaxTypeFilingYear_Page/select_TaxType_ExistingLiability' 

2021-11-08 13:06:52 - [MESSAGE][PASSED] - All options with label 'CORP Tax' are selected in object 'Object Repository/RAD_Pages/TaxTypeFilingYear_Page/select_TaxType_ExistingLiability' 

2021-11-08 13:06:52 - [TEST_STEP][PASSED] - selectOptionByLabel(findTestObject(orPath_TaxTypeFilingYear + "/select_FilingYear"), FilingYear, false): All options with label '2020' are selected in object 'Object Repository/RAD_Pages/TaxTypeFilingYear_Page/select_FilingYear' 

2021-11-08 13:06:52 - [MESSAGE][PASSED] - All options with label '2020' are selected in object 'Object Repository/RAD_Pages/TaxTypeFilingYear_Page/select_FilingYear' 

2021-11-08 13:06:52 - [TEST_STEP][PASSED] - setText(findTestObject(orPath_TaxPayer + "/input_firstName"), FName): Text 'Andy' is set on object 'Object Repository/RAD_Pages/Taxpayer_Page/input_firstName'

2021-11-08 13:06:53 - [MESSAGE][PASSED] - Text 'Andy' is set on object 'Object Repository/RAD_Pages/Taxpayer_Page/input_firstName'

2021-11-08 13:06:53 - [TEST_STEP][PASSED] - setText(findTestObject(orPath_TaxPayer + "/input_lastName"), LName): Text 'Broad' is set on object 'Object Repository/RAD_Pages/Taxpayer_Page/input_lastName'

2021-11-08 13:06:54 - [MESSAGE][PASSED] - Text 'Broad' is set on object 'Object Repository/RAD_Pages/Taxpayer_Page/input_lastName'

2021-11-08 13:06:54 - [TEST_STEP][PASSED] - setText(findTestObject(orPath_TaxPayer + "/input_middleName"), "Johns"): Text 'Johns' is set on object 'Object Repository/RAD_Pages/Taxpayer_Page/input_middleName'

2021-11-08 13:06:54 - [MESSAGE][PASSED] - Text 'Johns' is set on object 'Object Repository/RAD_Pages/Taxpayer_Page/input_middleName'

2021-11-08 13:06:54 - [TEST_STEP][PASSED] - setText(findTestObject(orPath_TaxPayer + "/input_suffix"), "Sr"): Text 'Sr' is set on object 'Object Repository/RAD_Pages/Taxpayer_Page/input_suffix'

2021-11-08 13:06:55 - [MESSAGE][PASSED] - Text 'Sr' is set on object 'Object Repository/RAD_Pages/Taxpayer_Page/input_suffix'

2021-11-08 13:06:55 - [TEST_STEP][PASSED] - selectOptionByLabel(findTestObject(orPath_AddressContact + "/select_Country"), "United States", false): All options with label 'United States' are selected in object 'Object Repository/RAD_Pages/AddressAndContactInfo_Page/select_Country' 

2021-11-08 13:06:56 - [MESSAGE][PASSED] - All options with label 'United States' are selected in object 'Object Repository/RAD_Pages/AddressAndContactInfo_Page/select_Country' 

2021-11-08 13:06:56 - [TEST_STEP][PASSED] - setText(findTestObject(orPath_AddressContact + "/input_streetAddress1"), AL1): Text '25 Moan Road' is set on object 'Object Repository/RAD_Pages/AddressAndContactInfo_Page/input_streetAddress1'

2021-11-08 13:06:56 - [MESSAGE][PASSED] - Text '25 Moan Road' is set on object 'Object Repository/RAD_Pages/AddressAndContactInfo_Page/input_streetAddress1'

2021-11-08 13:06:56 - [TEST_STEP][PASSED] - setText(findTestObject(orPath_AddressContact + "/input_streetAddress2"), ""): Text '' is set on object 'Object Repository/RAD_Pages/AddressAndContactInfo_Page/input_streetAddress2'

2021-11-08 13:06:57 - [MESSAGE][PASSED] - Text '' is set on object 'Object Repository/RAD_Pages/AddressAndContactInfo_Page/input_streetAddress2'

2021-11-08 13:06:57 - [TEST_STEP][PASSED] - setText(findTestObject(orPath_AddressContact + "/input_city"), City): Text 'Severn' is set on object 'Object Repository/RAD_Pages/AddressAndContactInfo_Page/input_city'

2021-11-08 13:06:58 - [MESSAGE][PASSED] - Text 'Severn' is set on object 'Object Repository/RAD_Pages/AddressAndContactInfo_Page/input_city'

2021-11-08 13:06:58 - [TEST_STEP][PASSED] - selectOptionByLabel(findTestObject(orPath_AddressContact + "/select_State"), "Maryland", false): All options with label 'Maryland' are selected in object 'Object Repository/RAD_Pages/AddressAndContactInfo_Page/select_State' 

2021-11-08 13:06:59 - [MESSAGE][PASSED] - All options with label 'Maryland' are selected in object 'Object Repository/RAD_Pages/AddressAndContactInfo_Page/select_State' 

2021-11-08 13:06:59 - [TEST_STEP][PASSED] - setText(findTestObject(orPath_AddressContact + "/input_zipCode"), ZIP): Text '21114' is set on object 'Object Repository/RAD_Pages/AddressAndContactInfo_Page/input_zipCode'

2021-11-08 13:06:59 - [MESSAGE][PASSED] - Text '21114' is set on object 'Object Repository/RAD_Pages/AddressAndContactInfo_Page/input_zipCode'

2021-11-08 13:06:59 - [TEST_STEP][PASSED] - setText(findTestObject(orPath_AddressContact + "/input_phoneNumber"), "(703) 894-5000"): Text '(703) 894-5000' is set on object 'Object Repository/RAD_Pages/AddressAndContactInfo_Page/input_phoneNumber'

2021-11-08 13:07:00 - [MESSAGE][PASSED] - Text '(703) 894-5000' is set on object 'Object Repository/RAD_Pages/AddressAndContactInfo_Page/input_phoneNumber'

2021-11-08 13:07:00 - [TEST_STEP][PASSED] - setText(findTestObject(orPath_AddressContact + "/input_eMailAddress"), "iahmed@govolution.com"): Text 'iahmed@govolution.com' is set on object 'Object Repository/RAD_Pages/AddressAndContactInfo_Page/input_eMailAddress'

2021-11-08 13:07:01 - [MESSAGE][PASSED] - Text 'iahmed@govolution.com' is set on object 'Object Repository/RAD_Pages/AddressAndContactInfo_Page/input_eMailAddress'

2021-11-08 13:07:01 - [TEST_STEP][PASSED] - setText(findTestObject(orPath_AddressContact + "/input_reEnterEMailAddress"), "iahmed@govolution.com"): Text 'iahmed@govolution.com' is set on object 'Object Repository/RAD_Pages/AddressAndContactInfo_Page/input_reEnterEMailAddress'

2021-11-08 13:07:01 - [MESSAGE][PASSED] - Text 'iahmed@govolution.com' is set on object 'Object Repository/RAD_Pages/AddressAndContactInfo_Page/input_reEnterEMailAddress'

2021-11-08 13:07:01 - [TEST_STEP][PASSED] - if (!(SSN.isEmpty())): Text '123456523' is set on object 'Object Repository/RAD_Pages/TaxInfo_Page/input_TaxInfo_reTaxTypeExisitingSSN'

2021-11-08 13:07:01 - [TEST_STEP][PASSED] - setText(findTestObject(orPath_TaxInfo + "/input_TaxInfo_ExisitingSSN"), SSN): Text '123456523' is set on object 'Object Repository/RAD_Pages/TaxInfo_Page/input_TaxInfo_ExisitingSSN'

2021-11-08 13:07:02 - [MESSAGE][PASSED] - Text '123456523' is set on object 'Object Repository/RAD_Pages/TaxInfo_Page/input_TaxInfo_ExisitingSSN'

2021-11-08 13:07:02 - [TEST_STEP][PASSED] - setText(findTestObject(orPath_TaxInfo + "/input_TaxInfo_reTaxTypeExisitingSSN"), SSN): Text '123456523' is set on object 'Object Repository/RAD_Pages/TaxInfo_Page/input_TaxInfo_reTaxTypeExisitingSSN'

2021-11-08 13:07:02 - [MESSAGE][PASSED] - Text '123456523' is set on object 'Object Repository/RAD_Pages/TaxInfo_Page/input_TaxInfo_reTaxTypeExisitingSSN'

2021-11-08 13:07:02 - [TEST_STEP][PASSED] - scrollToElement(findTestObject(orPath_Amount + "/input__paymentAmount"), 3): Scroll to object 'Object Repository/RAD_Pages/PaymentAmount_Page/input__paymentAmount' successfully

2021-11-08 13:07:03 - [MESSAGE][PASSED] - Scroll to object 'Object Repository/RAD_Pages/PaymentAmount_Page/input__paymentAmount' successfully

2021-11-08 13:07:03 - [TEST_STEP][PASSED] - if (!(FEIN.isEmpty())): null

2021-11-08 13:07:03 - [TEST_STEP][PASSED] - delay(1): Delayed 1 second(s)

2021-11-08 13:07:04 - [MESSAGE][PASSED] - Delayed 1 second(s)

2021-11-08 13:07:04 - [TEST_STEP][PASSED] - setText(findTestObject(orPath_TaxInfo + "/input_NoticeInvoiceNumber"), "258147147"): Text '258147147' is set on object 'Object Repository/RAD_Pages/TaxInfo_Page/input_NoticeInvoiceNumber'

2021-11-08 13:07:05 - [MESSAGE][PASSED] - Text '258147147' is set on object 'Object Repository/RAD_Pages/TaxInfo_Page/input_NoticeInvoiceNumber'

2021-11-08 13:07:05 - [TEST_STEP][PASSED] - setText(findTestObject(orPath_TaxInfo + "/input_reTypeNoticeInvoiceNumber"), "258147147"): Text '258147147' is set on object 'Object Repository/RAD_Pages/TaxInfo_Page/input_reTypeNoticeInvoiceNumber'

2021-11-08 13:07:06 - [MESSAGE][PASSED] - Text '258147147' is set on object 'Object Repository/RAD_Pages/TaxInfo_Page/input_reTypeNoticeInvoiceNumber'

2021-11-08 13:07:06 - [TEST_STEP][PASSED] - if (TaxTypeEL.equalsIgnoreCase("Sales & Use Tax")): null

2021-11-08 13:07:06 - [TEST_STEP][PASSED] - setText(findTestObject(orPath_Amount + "/input__paymentAmount"), Amount): Text '30.50' is set on object 'Object Repository/RAD_Pages/PaymentAmount_Page/input__paymentAmount'

2021-11-08 13:07:06 - [MESSAGE][PASSED] - Text '30.50' is set on object 'Object Repository/RAD_Pages/PaymentAmount_Page/input__paymentAmount'

2021-11-08 13:07:06 - [TEST_STEP][PASSED] - scrollToElement(findTestObject(orPath_Landing + "/button_Continue"), 3): Scroll to object 'Object Repository/RAD_Pages/Landing_Page/button_Continue' successfully

2021-11-08 13:07:07 - [MESSAGE][PASSED] - Scroll to object 'Object Repository/RAD_Pages/Landing_Page/button_Continue' successfully

2021-11-08 13:07:07 - [TEST_STEP][PASSED] - waitForElementClickable(findTestObject(orPath_Landing + "/button_Continue"), 5): Object 'Object Repository/RAD_Pages/Landing_Page/button_Continue' is clickable

2021-11-08 13:07:07 - [MESSAGE][PASSED] - Object 'Object Repository/RAD_Pages/Landing_Page/button_Continue' is clickable

2021-11-08 13:07:07 - [TEST_STEP][PASSED] - click(findTestObject(orPath_Landing + "/button_Continue")): Object: 'Object Repository/RAD_Pages/Landing_Page/button_Continue' is clicked on

2021-11-08 13:07:08 - [MESSAGE][PASSED] - Object: 'Object Repository/RAD_Pages/Landing_Page/button_Continue' is clicked on

2021-11-08 13:07:08 - [TEST_STEP][PASSED] - verifyTextPresent("Review the information below and make any necessary corrections by clicking the", true): Text 'Review the information below and make any necessary corrections by clicking the' is present on page  using regular expression

2021-11-08 13:07:08 - [MESSAGE][PASSED] - Text 'Review the information below and make any necessary corrections by clicking the' is present on page  using regular expression

2021-11-08 13:07:08 - [TEST_STEP][PASSED] - verifyTextPresent("When you are confident that all the information is correct", true): Text 'When you are confident that all the information is correct' is present on page  using regular expression

2021-11-08 13:07:09 - [MESSAGE][PASSED] - Text 'When you are confident that all the information is correct' is present on page  using regular expression

2021-11-08 13:07:09 - [TEST_STEP][PASSED] - delay(1): Delayed 1 second(s)

2021-11-08 13:07:10 - [MESSAGE][PASSED] - Delayed 1 second(s)

2021-11-08 13:07:10 - [TEST_STEP][PASSED] - click(findTestObject(orPath_PaymentReady + "/button_ProceedtoPayment")): Object: 'Object Repository/RAD_Pages/PaymentReady_Page/button_ProceedtoPayment' is clicked on

2021-11-08 13:07:13 - [MESSAGE][PASSED] - Object: 'Object Repository/RAD_Pages/PaymentReady_Page/button_ProceedtoPayment' is clicked on

2021-11-08 13:07:13 - [TEST_STEP][PASSED] - setText(findTestObject(orPath_PaymentEntry + "/input__cardNumber"), CCNumber): Text '5146312200000035' is set on object 'Object Repository/RAD_Pages/PaymentEntry_Page/input__cardNumber'

2021-11-08 13:07:13 - [MESSAGE][PASSED] - Text '5146312200000035' is set on object 'Object Repository/RAD_Pages/PaymentEntry_Page/input__cardNumber'

2021-11-08 13:07:13 - [TEST_STEP][PASSED] - setText(findTestObject(orPath_PaymentEntry + "/input__spc"), CVV): Text '123' is set on object 'Object Repository/RAD_Pages/PaymentEntry_Page/input__spc'

2021-11-08 13:07:14 - [MESSAGE][PASSED] - Text '123' is set on object 'Object Repository/RAD_Pages/PaymentEntry_Page/input__spc'

2021-11-08 13:07:14 - [TEST_STEP][PASSED] - selectOptionByLabel(findTestObject(orPath_PaymentEntry + "/select_MM"), "12", false): All options with label '12' are selected in object 'Object Repository/RAD_Pages/PaymentEntry_Page/select_MM' 

2021-11-08 13:07:15 - [MESSAGE][PASSED] - All options with label '12' are selected in object 'Object Repository/RAD_Pages/PaymentEntry_Page/select_MM' 

2021-11-08 13:07:15 - [TEST_STEP][PASSED] - selectOptionByLabel(findTestObject(orPath_PaymentEntry + "/select_YYYY"), "2023", false): All options with label '2023' are selected in object 'Object Repository/RAD_Pages/PaymentEntry_Page/select_YYYY' 

2021-11-08 13:07:15 - [MESSAGE][PASSED] - All options with label '2023' are selected in object 'Object Repository/RAD_Pages/PaymentEntry_Page/select_YYYY' 

2021-11-08 13:07:15 - [TEST_STEP][PASSED] - click(findTestObject(orPath_PaymentEntry + "/input_Field_ccSubmit")): Object: 'Object Repository/RAD_Pages/PaymentEntry_Page/input_Field_ccSubmit' is clicked on

2021-11-08 13:07:16 - [MESSAGE][PASSED] - Object: 'Object Repository/RAD_Pages/PaymentEntry_Page/input_Field_ccSubmit' is clicked on

2021-11-08 13:07:16 - [TEST_STEP][PASSED] - click(findTestObject(orPath_PaymentConfirmation + "/input_N_confirmNotifyAction")): Object: 'Object Repository/RAD_Pages/PaymentConfirmation_Page/input_N_confirmNotifyAction' is clicked on

2021-11-08 13:07:18 - [MESSAGE][PASSED] - Object: 'Object Repository/RAD_Pages/PaymentConfirmation_Page/input_N_confirmNotifyAction' is clicked on

2021-11-08 13:07:18 - [TEST_STEP][PASSED] - click(findTestObject(orPath_ServiceFeesAccept + "/input_convFeeNotifyAction")): Object: 'Object Repository/RAD_Pages/ServiceFeeAccept_Page/input_convFeeNotifyAction' is clicked on

2021-11-08 13:07:19 - [MESSAGE][PASSED] - Object: 'Object Repository/RAD_Pages/ServiceFeeAccept_Page/input_convFeeNotifyAction' is clicked on

2021-11-08 13:07:19 - [TEST_STEP][PASSED] - delay(10): Delayed 10 second(s)

2021-11-08 13:07:29 - [MESSAGE][PASSED] - Delayed 10 second(s)

2021-11-08 13:07:29 - [TEST_STEP][PASSED] - verifyTextPresent("Successful Payment Receipt", true): Text 'Successful Payment Receipt' is present on page  using regular expression

2021-11-08 13:07:29 - [MESSAGE][PASSED] - Text 'Successful Payment Receipt' is present on page  using regular expression

2021-11-08 13:07:29 - [TEST_STEP][PASSED] - if (verifyTextPresent("Successful Payment Receipt", true)): null

2021-11-08 13:07:30 - [MESSAGE][PASSED] - Text 'Successful Payment Receipt' is present on page  using regular expression

2021-11-08 13:07:30 - [TEST_STEP][PASSED] - println("Transaction was Successful"): null

2021-11-08 13:07:30 - [TEST_STEP][PASSED] - out.println("Pass Record Number: " + row): null

2021-11-08 13:07:30 - [TEST_STEP][PASSED] - resText = "Pass": null

2021-11-08 13:07:30 - [TEST_STEP][PASSED] - pages.WriteExcel.demoKey(resText, datText, resColumn, datCloumn, fileLoc, nameSheet, row): pages.WriteExcel.demoKey is PASSED

2021-11-08 13:07:30 - [MESSAGE][PASSED] - pages.WriteExcel.demoKey is PASSED

2021-11-08 13:07:30 - [TEST_STEP][PASSED] - ExecuteTC = findTestData(dataFile).getValue("Execute", row): null

2021-11-08 13:07:30 - [TEST_STEP][PASSED] - Taxtype = findTestData(dataFile).getValue("TaxType", row): null

2021-11-08 13:07:30 - [TEST_STEP][PASSED] - TaxTypeEL = findTestData(dataFile).getValue("TaxTypeEL", row): null

2021-11-08 13:07:30 - [TEST_STEP][PASSED] - FilingYear = findTestData(dataFile).getValue("FilingYear", row): null

2021-11-08 13:07:30 - [TEST_STEP][PASSED] - FName = findTestData(dataFile).getValue("Fname", row): null

2021-11-08 13:07:30 - [TEST_STEP][PASSED] - LName = findTestData(dataFile).getValue("Lname", row): null

2021-11-08 13:07:30 - [TEST_STEP][PASSED] - AL1 = findTestData(dataFile).getValue("AL1", row): null

2021-11-08 13:07:30 - [TEST_STEP][PASSED] - City = findTestData(dataFile).getValue("City", row): null

2021-11-08 13:07:30 - [TEST_STEP][PASSED] - ZIP = findTestData(dataFile).getValue("ZIP", row): null

2021-11-08 13:07:30 - [TEST_STEP][PASSED] - Amount = findTestData(dataFile).getValue("Amount", row): null

2021-11-08 13:07:30 - [TEST_STEP][PASSED] - CCNumber = findTestData(dataFile).getValue("CCNumber", row): null

2021-11-08 13:07:30 - [TEST_STEP][PASSED] - CVV = findTestData(dataFile).getValue("CVV", row): null

2021-11-08 13:07:30 - [TEST_STEP][PASSED] - SSN = findTestData(dataFile).getValue("SSN", row): null

2021-11-08 13:07:30 - [TEST_STEP][PASSED] - FEIN = findTestData(dataFile).getValue("FEIN", row): null

2021-11-08 13:07:30 - [TEST_STEP][PASSED] - out.println("Value of Execute is : " + ExecuteTC): null

2021-11-08 13:07:30 - [TEST_STEP][PASSED] - if (ExecuteTC.equalsIgnoreCase("Y")): null

2021-11-08 13:07:30 - [TEST_STEP][PASSED] - out.println("Begin Record Number: " + row): null

2021-11-08 13:07:30 - [TEST_STEP][PASSED] - today = new java.util.Date(): null

2021-11-08 13:07:30 - [TEST_STEP][PASSED] - println(today): null

2021-11-08 13:07:30 - [TEST_STEP][PASSED] - datText = today: null

2021-11-08 13:07:30 - [TEST_STEP][PASSED] - Taxtype = findTestData(dataFile).getValue("TaxType", row): null

2021-11-08 13:07:30 - [TEST_STEP][PASSED] - out.println("Taxtype value is : " + Taxtype): null

2021-11-08 13:07:30 - [TEST_STEP][PASSED] - openBrowser(""): Browser is opened with url: ''

2021-11-08 13:07:30 - [MESSAGE][WARNING] - A browser is already opened. Closing browser and opening a new one

2021-11-08 13:07:31 - [MESSAGE][INFO] - Starting 'Chrome' driver

2021-11-08 13:07:31 - [MESSAGE][INFO] - User set preference: ['acceptInsecureCerts', 'true']

2021-11-08 13:07:31 - [MESSAGE][INFO] - Action delay is set to 0 milliseconds

2021-11-08 13:07:33 - [MESSAGE][PASSED] - Browser is opened with url: ''

2021-11-08 13:07:33 - [TEST_STEP][PASSED] - maximizeWindow(): Current window maximized

2021-11-08 13:07:33 - [MESSAGE][PASSED] - Current window maximized

2021-11-08 13:07:33 - [TEST_STEP][PASSED] - navigateToUrl(RADurl): Navigate to 'https://qa.velocitypayment.com/client/rad/index.html' successfully

2021-11-08 13:07:35 - [MESSAGE][PASSED] - Navigate to 'https://qa.velocitypayment.com/client/rad/index.html' successfully

2021-11-08 13:07:35 - [TEST_STEP][PASSED] - orPath_Landing = "Object Repository/RAD_Pages/Landing_Page": null

2021-11-08 13:07:35 - [TEST_STEP][PASSED] - orPath_TaxTypeFilingYear = "Object Repository/RAD_Pages/TaxTypeFilingYear_Page": null

2021-11-08 13:07:35 - [TEST_STEP][PASSED] - orPath_TaxPayer = "Object Repository/RAD_Pages/Taxpayer_Page": null

2021-11-08 13:07:35 - [TEST_STEP][PASSED] - orPath_AddressContact = "Object Repository/RAD_Pages/AddressAndContactInfo_Page": null

2021-11-08 13:07:35 - [TEST_STEP][PASSED] - orPath_FilingStatus = "Object Repository/RAD_Pages/FilingStatus_Page": null

2021-11-08 13:07:35 - [TEST_STEP][PASSED] - orPath_Amount = "Object Repository/RAD_Pages/PaymentAmount_Page": null

2021-11-08 13:07:35 - [TEST_STEP][PASSED] - orPath_TaxInfo = "Object Repository/RAD_Pages/TaxInfo_Page": null

2021-11-08 13:07:35 - [TEST_STEP][PASSED] - orPath_Withholding = "Object Repository/RAD_Pages/Withholding_Page": null

2021-11-08 13:07:35 - [TEST_STEP][PASSED] - orPath_Summary = "Object Repository/RAD_Pages/Summary_Page": null

2021-11-08 13:07:35 - [TEST_STEP][PASSED] - orPath_PaymentReady = "Object Repository/RAD_Pages/PaymentReady_Page": null

2021-11-08 13:07:35 - [TEST_STEP][PASSED] - orPath_PaymentEntry = "Object Repository/RAD_Pages/PaymentEntry_Page": null

2021-11-08 13:07:35 - [TEST_STEP][PASSED] - orPath_PaymentConfirmation = "Object Repository/RAD_Pages/PaymentConfirmation_Page": null

2021-11-08 13:07:35 - [TEST_STEP][PASSED] - orPath_ServiceFeesAccept = "Object Repository/RAD_Pages/ServiceFeeAccept_Page": null

2021-11-08 13:07:35 - [TEST_STEP][PASSED] - selectOptionByLabel(findTestObject(orPath_Landing + "/dd_TaxType"), Taxtype, false): All options with label 'Existing Liability' are selected in object 'Object Repository/RAD_Pages/Landing_Page/dd_TaxType' 

2021-11-08 13:07:35 - [MESSAGE][PASSED] - All options with label 'Existing Liability' are selected in object 'Object Repository/RAD_Pages/Landing_Page/dd_TaxType' 

2021-11-08 13:07:35 - [TEST_STEP][PASSED] - delay(1): Delayed 1 second(s)

2021-11-08 13:07:36 - [MESSAGE][PASSED] - Delayed 1 second(s)

2021-11-08 13:07:36 - [TEST_STEP][PASSED] - selectOptionByLabel(findTestObject(orPath_TaxTypeFilingYear + "/select_TaxType_ExistingLiability"), TaxTypeEL, false): All options with label 'CORP Tax' are selected in object 'Object Repository/RAD_Pages/TaxTypeFilingYear_Page/select_TaxType_ExistingLiability' 

2021-11-08 13:07:37 - [MESSAGE][PASSED] - All options with label 'CORP Tax' are selected in object 'Object Repository/RAD_Pages/TaxTypeFilingYear_Page/select_TaxType_ExistingLiability' 

2021-11-08 13:07:37 - [TEST_STEP][PASSED] - selectOptionByLabel(findTestObject(orPath_TaxTypeFilingYear + "/select_FilingYear"), FilingYear, false): All options with label '2020' are selected in object 'Object Repository/RAD_Pages/TaxTypeFilingYear_Page/select_FilingYear' 

2021-11-08 13:07:38 - [MESSAGE][PASSED] - All options with label '2020' are selected in object 'Object Repository/RAD_Pages/TaxTypeFilingYear_Page/select_FilingYear' 

2021-11-08 13:07:38 - [TEST_STEP][PASSED] - setText(findTestObject(orPath_TaxPayer + "/input_firstName"), FName): Text 'Andy' is set on object 'Object Repository/RAD_Pages/Taxpayer_Page/input_firstName'

2021-11-08 13:07:38 - [MESSAGE][PASSED] - Text 'Andy' is set on object 'Object Repository/RAD_Pages/Taxpayer_Page/input_firstName'

2021-11-08 13:07:38 - [TEST_STEP][PASSED] - setText(findTestObject(orPath_TaxPayer + "/input_lastName"), LName): Text 'Broad' is set on object 'Object Repository/RAD_Pages/Taxpayer_Page/input_lastName'

2021-11-08 13:07:39 - [MESSAGE][PASSED] - Text 'Broad' is set on object 'Object Repository/RAD_Pages/Taxpayer_Page/input_lastName'

2021-11-08 13:07:39 - [TEST_STEP][PASSED] - setText(findTestObject(orPath_TaxPayer + "/input_middleName"), "Johns"): Text 'Johns' is set on object 'Object Repository/RAD_Pages/Taxpayer_Page/input_middleName'

2021-11-08 13:07:40 - [MESSAGE][PASSED] - Text 'Johns' is set on object 'Object Repository/RAD_Pages/Taxpayer_Page/input_middleName'

2021-11-08 13:07:40 - [TEST_STEP][PASSED] - setText(findTestObject(orPath_TaxPayer + "/input_suffix"), "Sr"): Text 'Sr' is set on object 'Object Repository/RAD_Pages/Taxpayer_Page/input_suffix'

2021-11-08 13:07:40 - [MESSAGE][PASSED] - Text 'Sr' is set on object 'Object Repository/RAD_Pages/Taxpayer_Page/input_suffix'

2021-11-08 13:07:40 - [TEST_STEP][PASSED] - selectOptionByLabel(findTestObject(orPath_AddressContact + "/select_Country"), "United States", false): All options with label 'United States' are selected in object 'Object Repository/RAD_Pages/AddressAndContactInfo_Page/select_Country' 

2021-11-08 13:07:41 - [MESSAGE][PASSED] - All options with label 'United States' are selected in object 'Object Repository/RAD_Pages/AddressAndContactInfo_Page/select_Country' 

2021-11-08 13:07:41 - [TEST_STEP][PASSED] - setText(findTestObject(orPath_AddressContact + "/input_streetAddress1"), AL1): Text '25 Moan Road' is set on object 'Object Repository/RAD_Pages/AddressAndContactInfo_Page/input_streetAddress1'

2021-11-08 13:07:42 - [MESSAGE][PASSED] - Text '25 Moan Road' is set on object 'Object Repository/RAD_Pages/AddressAndContactInfo_Page/input_streetAddress1'

2021-11-08 13:07:42 - [TEST_STEP][PASSED] - setText(findTestObject(orPath_AddressContact + "/input_streetAddress2"), ""): Text '' is set on object 'Object Repository/RAD_Pages/AddressAndContactInfo_Page/input_streetAddress2'

2021-11-08 13:07:42 - [MESSAGE][PASSED] - Text '' is set on object 'Object Repository/RAD_Pages/AddressAndContactInfo_Page/input_streetAddress2'

2021-11-08 13:07:42 - [TEST_STEP][PASSED] - setText(findTestObject(orPath_AddressContact + "/input_city"), City): Text 'Severn' is set on object 'Object Repository/RAD_Pages/AddressAndContactInfo_Page/input_city'

2021-11-08 13:07:43 - [MESSAGE][PASSED] - Text 'Severn' is set on object 'Object Repository/RAD_Pages/AddressAndContactInfo_Page/input_city'

2021-11-08 13:07:43 - [TEST_STEP][PASSED] - selectOptionByLabel(findTestObject(orPath_AddressContact + "/select_State"), "Maryland", false): All options with label 'Maryland' are selected in object 'Object Repository/RAD_Pages/AddressAndContactInfo_Page/select_State' 

2021-11-08 13:07:43 - [MESSAGE][PASSED] - All options with label 'Maryland' are selected in object 'Object Repository/RAD_Pages/AddressAndContactInfo_Page/select_State' 

2021-11-08 13:07:43 - [TEST_STEP][PASSED] - setText(findTestObject(orPath_AddressContact + "/input_zipCode"), ZIP): Text '21114' is set on object 'Object Repository/RAD_Pages/AddressAndContactInfo_Page/input_zipCode'

2021-11-08 13:07:44 - [MESSAGE][PASSED] - Text '21114' is set on object 'Object Repository/RAD_Pages/AddressAndContactInfo_Page/input_zipCode'

2021-11-08 13:07:44 - [TEST_STEP][PASSED] - setText(findTestObject(orPath_AddressContact + "/input_phoneNumber"), "(703) 894-5000"): Text '(703) 894-5000' is set on object 'Object Repository/RAD_Pages/AddressAndContactInfo_Page/input_phoneNumber'

2021-11-08 13:07:45 - [MESSAGE][PASSED] - Text '(703) 894-5000' is set on object 'Object Repository/RAD_Pages/AddressAndContactInfo_Page/input_phoneNumber'

2021-11-08 13:07:45 - [TEST_STEP][PASSED] - setText(findTestObject(orPath_AddressContact + "/input_eMailAddress"), "iahmed@govolution.com"): Text 'iahmed@govolution.com' is set on object 'Object Repository/RAD_Pages/AddressAndContactInfo_Page/input_eMailAddress'

2021-11-08 13:07:46 - [MESSAGE][PASSED] - Text 'iahmed@govolution.com' is set on object 'Object Repository/RAD_Pages/AddressAndContactInfo_Page/input_eMailAddress'

2021-11-08 13:07:46 - [TEST_STEP][PASSED] - setText(findTestObject(orPath_AddressContact + "/input_reEnterEMailAddress"), "iahmed@govolution.com"): Text 'iahmed@govolution.com' is set on object 'Object Repository/RAD_Pages/AddressAndContactInfo_Page/input_reEnterEMailAddress'

2021-11-08 13:07:46 - [MESSAGE][PASSED] - Text 'iahmed@govolution.com' is set on object 'Object Repository/RAD_Pages/AddressAndContactInfo_Page/input_reEnterEMailAddress'

2021-11-08 13:07:46 - [TEST_STEP][PASSED] - if (!(SSN.isEmpty())): null

2021-11-08 13:07:46 - [TEST_STEP][PASSED] - scrollToElement(findTestObject(orPath_Amount + "/input__paymentAmount"), 3): Scroll to object 'Object Repository/RAD_Pages/PaymentAmount_Page/input__paymentAmount' successfully

2021-11-08 13:07:47 - [MESSAGE][PASSED] - Scroll to object 'Object Repository/RAD_Pages/PaymentAmount_Page/input__paymentAmount' successfully

2021-11-08 13:07:47 - [TEST_STEP][PASSED] - if (!(FEIN.isEmpty())): Text '258369259' is set on object 'Object Repository/RAD_Pages/TaxInfo_Page/input_ReTypeFEIN'

2021-11-08 13:07:47 - [TEST_STEP][PASSED] - setText(findTestObject(orPath_TaxInfo + "/input_FEIN"), FEIN): Text '258369259' is set on object 'Object Repository/RAD_Pages/TaxInfo_Page/input_FEIN'

2021-11-08 13:07:47 - [MESSAGE][PASSED] - Text '258369259' is set on object 'Object Repository/RAD_Pages/TaxInfo_Page/input_FEIN'

2021-11-08 13:07:47 - [TEST_STEP][PASSED] - setText(findTestObject(orPath_TaxInfo + "/input_ReTypeFEIN"), FEIN): Text '258369259' is set on object 'Object Repository/RAD_Pages/TaxInfo_Page/input_ReTypeFEIN'

2021-11-08 13:07:48 - [MESSAGE][PASSED] - Text '258369259' is set on object 'Object Repository/RAD_Pages/TaxInfo_Page/input_ReTypeFEIN'

2021-11-08 13:07:48 - [TEST_STEP][PASSED] - delay(1): Delayed 1 second(s)

2021-11-08 13:07:49 - [MESSAGE][PASSED] - Delayed 1 second(s)

2021-11-08 13:07:49 - [TEST_STEP][PASSED] - setText(findTestObject(orPath_TaxInfo + "/input_NoticeInvoiceNumber"), "258147147"): Text '258147147' is set on object 'Object Repository/RAD_Pages/TaxInfo_Page/input_NoticeInvoiceNumber'

2021-11-08 13:07:50 - [MESSAGE][PASSED] - Text '258147147' is set on object 'Object Repository/RAD_Pages/TaxInfo_Page/input_NoticeInvoiceNumber'

2021-11-08 13:07:50 - [TEST_STEP][PASSED] - setText(findTestObject(orPath_TaxInfo + "/input_reTypeNoticeInvoiceNumber"), "258147147"): Text '258147147' is set on object 'Object Repository/RAD_Pages/TaxInfo_Page/input_reTypeNoticeInvoiceNumber'

2021-11-08 13:07:50 - [MESSAGE][PASSED] - Text '258147147' is set on object 'Object Repository/RAD_Pages/TaxInfo_Page/input_reTypeNoticeInvoiceNumber'

2021-11-08 13:07:50 - [TEST_STEP][PASSED] - if (TaxTypeEL.equalsIgnoreCase("Sales & Use Tax")): null

2021-11-08 13:07:50 - [TEST_STEP][PASSED] - setText(findTestObject(orPath_Amount + "/input__paymentAmount"), Amount): Text '30.50' is set on object 'Object Repository/RAD_Pages/PaymentAmount_Page/input__paymentAmount'

2021-11-08 13:07:51 - [MESSAGE][PASSED] - Text '30.50' is set on object 'Object Repository/RAD_Pages/PaymentAmount_Page/input__paymentAmount'

2021-11-08 13:07:51 - [TEST_STEP][PASSED] - scrollToElement(findTestObject(orPath_Landing + "/button_Continue"), 3): Scroll to object 'Object Repository/RAD_Pages/Landing_Page/button_Continue' successfully

2021-11-08 13:07:51 - [MESSAGE][PASSED] - Scroll to object 'Object Repository/RAD_Pages/Landing_Page/button_Continue' successfully

2021-11-08 13:07:51 - [TEST_STEP][PASSED] - waitForElementClickable(findTestObject(orPath_Landing + "/button_Continue"), 5): Object 'Object Repository/RAD_Pages/Landing_Page/button_Continue' is clickable

2021-11-08 13:07:52 - [MESSAGE][PASSED] - Object 'Object Repository/RAD_Pages/Landing_Page/button_Continue' is clickable

2021-11-08 13:07:52 - [TEST_STEP][PASSED] - click(findTestObject(orPath_Landing + "/button_Continue")): Object: 'Object Repository/RAD_Pages/Landing_Page/button_Continue' is clicked on

2021-11-08 13:07:52 - [MESSAGE][PASSED] - Object: 'Object Repository/RAD_Pages/Landing_Page/button_Continue' is clicked on

2021-11-08 13:07:52 - [TEST_STEP][PASSED] - verifyTextPresent("Review the information below and make any necessary corrections by clicking the", true): Text 'Review the information below and make any necessary corrections by clicking the' is present on page  using regular expression

2021-11-08 13:07:53 - [MESSAGE][PASSED] - Text 'Review the information below and make any necessary corrections by clicking the' is present on page  using regular expression

2021-11-08 13:07:53 - [TEST_STEP][PASSED] - verifyTextPresent("When you are confident that all the information is correct", true): Text 'When you are confident that all the information is correct' is present on page  using regular expression

2021-11-08 13:07:53 - [MESSAGE][PASSED] - Text 'When you are confident that all the information is correct' is present on page  using regular expression

2021-11-08 13:07:53 - [TEST_STEP][PASSED] - delay(1): Delayed 1 second(s)

2021-11-08 13:07:54 - [MESSAGE][PASSED] - Delayed 1 second(s)

2021-11-08 13:07:54 - [TEST_STEP][PASSED] - click(findTestObject(orPath_PaymentReady + "/button_ProceedtoPayment")): Object: 'Object Repository/RAD_Pages/PaymentReady_Page/button_ProceedtoPayment' is clicked on

2021-11-08 13:07:56 - [MESSAGE][PASSED] - Object: 'Object Repository/RAD_Pages/PaymentReady_Page/button_ProceedtoPayment' is clicked on

2021-11-08 13:07:56 - [TEST_STEP][PASSED] - setText(findTestObject(orPath_PaymentEntry + "/input__cardNumber"), CCNumber): Text '5146312200000035' is set on object 'Object Repository/RAD_Pages/PaymentEntry_Page/input__cardNumber'

2021-11-08 13:07:57 - [MESSAGE][PASSED] - Text '5146312200000035' is set on object 'Object Repository/RAD_Pages/PaymentEntry_Page/input__cardNumber'

2021-11-08 13:07:57 - [TEST_STEP][PASSED] - setText(findTestObject(orPath_PaymentEntry + "/input__spc"), CVV): Text '123' is set on object 'Object Repository/RAD_Pages/PaymentEntry_Page/input__spc'

2021-11-08 13:07:57 - [MESSAGE][PASSED] - Text '123' is set on object 'Object Repository/RAD_Pages/PaymentEntry_Page/input__spc'

2021-11-08 13:07:57 - [TEST_STEP][PASSED] - selectOptionByLabel(findTestObject(orPath_PaymentEntry + "/select_MM"), "12", false): All options with label '12' are selected in object 'Object Repository/RAD_Pages/PaymentEntry_Page/select_MM' 

2021-11-08 13:07:58 - [MESSAGE][PASSED] - All options with label '12' are selected in object 'Object Repository/RAD_Pages/PaymentEntry_Page/select_MM' 

2021-11-08 13:07:58 - [TEST_STEP][PASSED] - selectOptionByLabel(findTestObject(orPath_PaymentEntry + "/select_YYYY"), "2023", false): All options with label '2023' are selected in object 'Object Repository/RAD_Pages/PaymentEntry_Page/select_YYYY' 

2021-11-08 13:07:59 - [MESSAGE][PASSED] - All options with label '2023' are selected in object 'Object Repository/RAD_Pages/PaymentEntry_Page/select_YYYY' 

2021-11-08 13:07:59 - [TEST_STEP][PASSED] - click(findTestObject(orPath_PaymentEntry + "/input_Field_ccSubmit")): Object: 'Object Repository/RAD_Pages/PaymentEntry_Page/input_Field_ccSubmit' is clicked on

2021-11-08 13:08:00 - [MESSAGE][PASSED] - Object: 'Object Repository/RAD_Pages/PaymentEntry_Page/input_Field_ccSubmit' is clicked on

2021-11-08 13:08:00 - [TEST_STEP][PASSED] - click(findTestObject(orPath_PaymentConfirmation + "/input_N_confirmNotifyAction")): Object: 'Object Repository/RAD_Pages/PaymentConfirmation_Page/input_N_confirmNotifyAction' is clicked on

2021-11-08 13:08:01 - [MESSAGE][PASSED] - Object: 'Object Repository/RAD_Pages/PaymentConfirmation_Page/input_N_confirmNotifyAction' is clicked on

2021-11-08 13:08:01 - [TEST_STEP][PASSED] - click(findTestObject(orPath_ServiceFeesAccept + "/input_convFeeNotifyAction")): Object: 'Object Repository/RAD_Pages/ServiceFeeAccept_Page/input_convFeeNotifyAction' is clicked on

2021-11-08 13:08:02 - [MESSAGE][PASSED] - Object: 'Object Repository/RAD_Pages/ServiceFeeAccept_Page/input_convFeeNotifyAction' is clicked on

2021-11-08 13:08:02 - [TEST_STEP][PASSED] - delay(10): Delayed 10 second(s)

2021-11-08 13:08:12 - [MESSAGE][PASSED] - Delayed 10 second(s)

2021-11-08 13:08:12 - [TEST_STEP][PASSED] - verifyTextPresent("Successful Payment Receipt", true): Text 'Successful Payment Receipt' is present on page  using regular expression

2021-11-08 13:08:13 - [MESSAGE][PASSED] - Text 'Successful Payment Receipt' is present on page  using regular expression

2021-11-08 13:08:13 - [TEST_STEP][PASSED] - if (verifyTextPresent("Successful Payment Receipt", true)): null

2021-11-08 13:08:13 - [MESSAGE][PASSED] - Text 'Successful Payment Receipt' is present on page  using regular expression

2021-11-08 13:08:13 - [TEST_STEP][PASSED] - println("Transaction was Successful"): null

2021-11-08 13:08:13 - [TEST_STEP][PASSED] - out.println("Pass Record Number: " + row): null

2021-11-08 13:08:13 - [TEST_STEP][PASSED] - resText = "Pass": null

2021-11-08 13:08:13 - [TEST_STEP][PASSED] - pages.WriteExcel.demoKey(resText, datText, resColumn, datCloumn, fileLoc, nameSheet, row): pages.WriteExcel.demoKey is PASSED

2021-11-08 13:08:13 - [MESSAGE][PASSED] - pages.WriteExcel.demoKey is PASSED

2021-11-08 13:08:13 - [TEST_STEP][PASSED] - ExecuteTC = findTestData(dataFile).getValue("Execute", row): null

2021-11-08 13:08:13 - [TEST_STEP][PASSED] - Taxtype = findTestData(dataFile).getValue("TaxType", row): null

2021-11-08 13:08:13 - [TEST_STEP][PASSED] - TaxTypeEL = findTestData(dataFile).getValue("TaxTypeEL", row): null

2021-11-08 13:08:13 - [TEST_STEP][PASSED] - FilingYear = findTestData(dataFile).getValue("FilingYear", row): null

2021-11-08 13:08:13 - [TEST_STEP][PASSED] - FName = findTestData(dataFile).getValue("Fname", row): null

2021-11-08 13:08:13 - [TEST_STEP][PASSED] - LName = findTestData(dataFile).getValue("Lname", row): null

2021-11-08 13:08:13 - [TEST_STEP][PASSED] - AL1 = findTestData(dataFile).getValue("AL1", row): null

2021-11-08 13:08:13 - [TEST_STEP][PASSED] - City = findTestData(dataFile).getValue("City", row): null

2021-11-08 13:08:13 - [TEST_STEP][PASSED] - ZIP = findTestData(dataFile).getValue("ZIP", row): null

2021-11-08 13:08:13 - [TEST_STEP][PASSED] - Amount = findTestData(dataFile).getValue("Amount", row): null

2021-11-08 13:08:13 - [TEST_STEP][PASSED] - CCNumber = findTestData(dataFile).getValue("CCNumber", row): null

2021-11-08 13:08:13 - [TEST_STEP][PASSED] - CVV = findTestData(dataFile).getValue("CVV", row): null

2021-11-08 13:08:14 - [TEST_STEP][PASSED] - SSN = findTestData(dataFile).getValue("SSN", row): null

2021-11-08 13:08:14 - [TEST_STEP][PASSED] - FEIN = findTestData(dataFile).getValue("FEIN", row): null

2021-11-08 13:08:14 - [TEST_STEP][PASSED] - out.println("Value of Execute is : " + ExecuteTC): null

2021-11-08 13:08:14 - [TEST_STEP][FAILED] - if (ExecuteTC.equalsIgnoreCase("Y")): null

2021-11-08 13:08:14 - [TEST_STEP][PASSED] - out.println("Begin Record Number: " + row): null

2021-11-08 13:08:14 - [TEST_STEP][PASSED] - today = new java.util.Date(): null

2021-11-08 13:08:14 - [TEST_STEP][PASSED] - println(today): null

2021-11-08 13:08:14 - [TEST_STEP][PASSED] - datText = today: null

2021-11-08 13:08:14 - [TEST_STEP][PASSED] - Taxtype = findTestData(dataFile).getValue("TaxType", row): null

2021-11-08 13:08:14 - [TEST_STEP][PASSED] - out.println("Taxtype value is : " + Taxtype): null

2021-11-08 13:08:14 - [TEST_STEP][PASSED] - openBrowser(""): Browser is opened with url: ''

2021-11-08 13:08:14 - [MESSAGE][WARNING] - A browser is already opened. Closing browser and opening a new one

2021-11-08 13:08:14 - [MESSAGE][INFO] - Starting 'Chrome' driver

2021-11-08 13:08:14 - [MESSAGE][INFO] - User set preference: ['acceptInsecureCerts', 'true']

2021-11-08 13:08:14 - [MESSAGE][INFO] - Action delay is set to 0 milliseconds

2021-11-08 13:08:16 - [MESSAGE][PASSED] - Browser is opened with url: ''

2021-11-08 13:08:16 - [TEST_STEP][PASSED] - maximizeWindow(): Current window maximized

2021-11-08 13:08:16 - [MESSAGE][PASSED] - Current window maximized

2021-11-08 13:08:16 - [TEST_STEP][PASSED] - navigateToUrl(RADurl): Navigate to 'https://qa.velocitypayment.com/client/rad/index.html' successfully

2021-11-08 13:08:18 - [MESSAGE][PASSED] - Navigate to 'https://qa.velocitypayment.com/client/rad/index.html' successfully

2021-11-08 13:08:18 - [TEST_STEP][PASSED] - orPath_Landing = "Object Repository/RAD_Pages/Landing_Page": null

2021-11-08 13:08:18 - [TEST_STEP][PASSED] - orPath_TaxTypeFilingYear = "Object Repository/RAD_Pages/TaxTypeFilingYear_Page": null

2021-11-08 13:08:18 - [TEST_STEP][PASSED] - orPath_TaxPayer = "Object Repository/RAD_Pages/Taxpayer_Page": null

2021-11-08 13:08:18 - [TEST_STEP][PASSED] - orPath_AddressContact = "Object Repository/RAD_Pages/AddressAndContactInfo_Page": null

2021-11-08 13:08:18 - [TEST_STEP][PASSED] - orPath_FilingStatus = "Object Repository/RAD_Pages/FilingStatus_Page": null

2021-11-08 13:08:18 - [TEST_STEP][PASSED] - orPath_Amount = "Object Repository/RAD_Pages/PaymentAmount_Page": null

2021-11-08 13:08:18 - [TEST_STEP][PASSED] - orPath_TaxInfo = "Object Repository/RAD_Pages/TaxInfo_Page": null

2021-11-08 13:08:18 - [TEST_STEP][PASSED] - orPath_Withholding = "Object Repository/RAD_Pages/Withholding_Page": null

2021-11-08 13:08:18 - [TEST_STEP][PASSED] - orPath_Summary = "Object Repository/RAD_Pages/Summary_Page": null

2021-11-08 13:08:18 - [TEST_STEP][PASSED] - orPath_PaymentReady = "Object Repository/RAD_Pages/PaymentReady_Page": null

2021-11-08 13:08:18 - [TEST_STEP][PASSED] - orPath_PaymentEntry = "Object Repository/RAD_Pages/PaymentEntry_Page": null

2021-11-08 13:08:18 - [TEST_STEP][PASSED] - orPath_PaymentConfirmation = "Object Repository/RAD_Pages/PaymentConfirmation_Page": null

2021-11-08 13:08:18 - [TEST_STEP][PASSED] - orPath_ServiceFeesAccept = "Object Repository/RAD_Pages/ServiceFeeAccept_Page": null

2021-11-08 13:08:18 - [TEST_STEP][PASSED] - selectOptionByLabel(findTestObject(orPath_Landing + "/dd_TaxType"), Taxtype, false): All options with label 'Existing Liability' are selected in object 'Object Repository/RAD_Pages/Landing_Page/dd_TaxType' 

2021-11-08 13:08:19 - [MESSAGE][PASSED] - All options with label 'Existing Liability' are selected in object 'Object Repository/RAD_Pages/Landing_Page/dd_TaxType' 

2021-11-08 13:08:19 - [TEST_STEP][PASSED] - delay(1): Delayed 1 second(s)

2021-11-08 13:08:20 - [MESSAGE][PASSED] - Delayed 1 second(s)

2021-11-08 13:08:20 - [TEST_STEP][PASSED] - selectOptionByLabel(findTestObject(orPath_TaxTypeFilingYear + "/select_TaxType_ExistingLiability"), TaxTypeEL, false): All options with label 'Fiduciary Tax' are selected in object 'Object Repository/RAD_Pages/TaxTypeFilingYear_Page/select_TaxType_ExistingLiability' 

2021-11-08 13:08:20 - [MESSAGE][PASSED] - All options with label 'Fiduciary Tax' are selected in object 'Object Repository/RAD_Pages/TaxTypeFilingYear_Page/select_TaxType_ExistingLiability' 

2021-11-08 13:08:20 - [TEST_STEP][PASSED] - selectOptionByLabel(findTestObject(orPath_TaxTypeFilingYear + "/select_FilingYear"), FilingYear, false): All options with label '2020' are selected in object 'Object Repository/RAD_Pages/TaxTypeFilingYear_Page/select_FilingYear' 

2021-11-08 13:08:21 - [MESSAGE][PASSED] - All options with label '2020' are selected in object 'Object Repository/RAD_Pages/TaxTypeFilingYear_Page/select_FilingYear' 

2021-11-08 13:08:21 - [TEST_STEP][PASSED] - setText(findTestObject(orPath_TaxPayer + "/input_firstName"), FName): Text 'Jason' is set on object 'Object Repository/RAD_Pages/Taxpayer_Page/input_firstName'

2021-11-08 13:08:22 - [MESSAGE][PASSED] - Text 'Jason' is set on object 'Object Repository/RAD_Pages/Taxpayer_Page/input_firstName'

2021-11-08 13:08:22 - [TEST_STEP][PASSED] - setText(findTestObject(orPath_TaxPayer + "/input_lastName"), LName): Text 'Cook' is set on object 'Object Repository/RAD_Pages/Taxpayer_Page/input_lastName'

2021-11-08 13:08:22 - [MESSAGE][PASSED] - Text 'Cook' is set on object 'Object Repository/RAD_Pages/Taxpayer_Page/input_lastName'

2021-11-08 13:08:22 - [TEST_STEP][PASSED] - setText(findTestObject(orPath_TaxPayer + "/input_middleName"), "Johns"): Text 'Johns' is set on object 'Object Repository/RAD_Pages/Taxpayer_Page/input_middleName'

2021-11-08 13:08:23 - [MESSAGE][PASSED] - Text 'Johns' is set on object 'Object Repository/RAD_Pages/Taxpayer_Page/input_middleName'

2021-11-08 13:08:23 - [TEST_STEP][PASSED] - setText(findTestObject(orPath_TaxPayer + "/input_suffix"), "Sr"): Text 'Sr' is set on object 'Object Repository/RAD_Pages/Taxpayer_Page/input_suffix'

2021-11-08 13:08:24 - [MESSAGE][PASSED] - Text 'Sr' is set on object 'Object Repository/RAD_Pages/Taxpayer_Page/input_suffix'

2021-11-08 13:08:24 - [TEST_STEP][PASSED] - selectOptionByLabel(findTestObject(orPath_AddressContact + "/select_Country"), "United States", false): All options with label 'United States' are selected in object 'Object Repository/RAD_Pages/AddressAndContactInfo_Page/select_Country' 

2021-11-08 13:08:24 - [MESSAGE][PASSED] - All options with label 'United States' are selected in object 'Object Repository/RAD_Pages/AddressAndContactInfo_Page/select_Country' 

2021-11-08 13:08:24 - [TEST_STEP][PASSED] - setText(findTestObject(orPath_AddressContact + "/input_streetAddress1"), AL1): Text '1501 Mandan Terrace' is set on object 'Object Repository/RAD_Pages/AddressAndContactInfo_Page/input_streetAddress1'

2021-11-08 13:08:25 - [MESSAGE][PASSED] - Text '1501 Mandan Terrace' is set on object 'Object Repository/RAD_Pages/AddressAndContactInfo_Page/input_streetAddress1'

2021-11-08 13:08:25 - [TEST_STEP][PASSED] - setText(findTestObject(orPath_AddressContact + "/input_streetAddress2"), ""): Text '' is set on object 'Object Repository/RAD_Pages/AddressAndContactInfo_Page/input_streetAddress2'

2021-11-08 13:08:25 - [MESSAGE][PASSED] - Text '' is set on object 'Object Repository/RAD_Pages/AddressAndContactInfo_Page/input_streetAddress2'

2021-11-08 13:08:25 - [TEST_STEP][PASSED] - setText(findTestObject(orPath_AddressContact + "/input_city"), City): Text 'Bowie' is set on object 'Object Repository/RAD_Pages/AddressAndContactInfo_Page/input_city'

2021-11-08 13:08:26 - [MESSAGE][PASSED] - Text 'Bowie' is set on object 'Object Repository/RAD_Pages/AddressAndContactInfo_Page/input_city'

2021-11-08 13:08:26 - [TEST_STEP][PASSED] - selectOptionByLabel(findTestObject(orPath_AddressContact + "/select_State"), "Maryland", false): All options with label 'Maryland' are selected in object 'Object Repository/RAD_Pages/AddressAndContactInfo_Page/select_State' 

2021-11-08 13:08:27 - [MESSAGE][PASSED] - All options with label 'Maryland' are selected in object 'Object Repository/RAD_Pages/AddressAndContactInfo_Page/select_State' 

2021-11-08 13:08:27 - [TEST_STEP][PASSED] - setText(findTestObject(orPath_AddressContact + "/input_zipCode"), ZIP): Text '20720' is set on object 'Object Repository/RAD_Pages/AddressAndContactInfo_Page/input_zipCode'

2021-11-08 13:08:27 - [MESSAGE][PASSED] - Text '20720' is set on object 'Object Repository/RAD_Pages/AddressAndContactInfo_Page/input_zipCode'

2021-11-08 13:08:27 - [TEST_STEP][PASSED] - setText(findTestObject(orPath_AddressContact + "/input_phoneNumber"), "(703) 894-5000"): Text '(703) 894-5000' is set on object 'Object Repository/RAD_Pages/AddressAndContactInfo_Page/input_phoneNumber'

2021-11-08 13:08:28 - [MESSAGE][PASSED] - Text '(703) 894-5000' is set on object 'Object Repository/RAD_Pages/AddressAndContactInfo_Page/input_phoneNumber'

2021-11-08 13:08:28 - [TEST_STEP][PASSED] - setText(findTestObject(orPath_AddressContact + "/input_eMailAddress"), "iahmed@govolution.com"): Text 'iahmed@govolution.com' is set on object 'Object Repository/RAD_Pages/AddressAndContactInfo_Page/input_eMailAddress'

2021-11-08 13:08:29 - [MESSAGE][PASSED] - Text 'iahmed@govolution.com' is set on object 'Object Repository/RAD_Pages/AddressAndContactInfo_Page/input_eMailAddress'

2021-11-08 13:08:29 - [TEST_STEP][PASSED] - setText(findTestObject(orPath_AddressContact + "/input_reEnterEMailAddress"), "iahmed@govolution.com"): Text 'iahmed@govolution.com' is set on object 'Object Repository/RAD_Pages/AddressAndContactInfo_Page/input_reEnterEMailAddress'

2021-11-08 13:08:29 - [MESSAGE][PASSED] - Text 'iahmed@govolution.com' is set on object 'Object Repository/RAD_Pages/AddressAndContactInfo_Page/input_reEnterEMailAddress'

2021-11-08 13:08:29 - [TEST_STEP][PASSED] - if (!(SSN.isEmpty())): Text '123450145' is set on object 'Object Repository/RAD_Pages/TaxInfo_Page/input_TaxInfo_reTaxTypeExisitingSSN'

2021-11-08 13:08:29 - [TEST_STEP][PASSED] - setText(findTestObject(orPath_TaxInfo + "/input_TaxInfo_ExisitingSSN"), SSN): Text '123450145' is set on object 'Object Repository/RAD_Pages/TaxInfo_Page/input_TaxInfo_ExisitingSSN'

2021-11-08 13:08:30 - [MESSAGE][PASSED] - Text '123450145' is set on object 'Object Repository/RAD_Pages/TaxInfo_Page/input_TaxInfo_ExisitingSSN'

2021-11-08 13:08:30 - [TEST_STEP][PASSED] - setText(findTestObject(orPath_TaxInfo + "/input_TaxInfo_reTaxTypeExisitingSSN"), SSN): Text '123450145' is set on object 'Object Repository/RAD_Pages/TaxInfo_Page/input_TaxInfo_reTaxTypeExisitingSSN'

2021-11-08 13:08:31 - [MESSAGE][PASSED] - Text '123450145' is set on object 'Object Repository/RAD_Pages/TaxInfo_Page/input_TaxInfo_reTaxTypeExisitingSSN'

2021-11-08 13:08:31 - [TEST_STEP][PASSED] - scrollToElement(findTestObject(orPath_Amount + "/input__paymentAmount"), 3): Scroll to object 'Object Repository/RAD_Pages/PaymentAmount_Page/input__paymentAmount' successfully

2021-11-08 13:08:31 - [MESSAGE][PASSED] - Scroll to object 'Object Repository/RAD_Pages/PaymentAmount_Page/input__paymentAmount' successfully

2021-11-08 13:08:31 - [TEST_STEP][PASSED] - if (!(FEIN.isEmpty())): null

2021-11-08 13:08:31 - [TEST_STEP][PASSED] - delay(1): Delayed 1 second(s)

2021-11-08 13:08:32 - [MESSAGE][PASSED] - Delayed 1 second(s)

2021-11-08 13:08:32 - [TEST_STEP][PASSED] - setText(findTestObject(orPath_TaxInfo + "/input_NoticeInvoiceNumber"), "258147147"): Text '258147147' is set on object 'Object Repository/RAD_Pages/TaxInfo_Page/input_NoticeInvoiceNumber'

2021-11-08 13:08:33 - [MESSAGE][PASSED] - Text '258147147' is set on object 'Object Repository/RAD_Pages/TaxInfo_Page/input_NoticeInvoiceNumber'

2021-11-08 13:08:33 - [TEST_STEP][PASSED] - setText(findTestObject(orPath_TaxInfo + "/input_reTypeNoticeInvoiceNumber"), "258147147"): Text '258147147' is set on object 'Object Repository/RAD_Pages/TaxInfo_Page/input_reTypeNoticeInvoiceNumber'

2021-11-08 13:08:34 - [MESSAGE][PASSED] - Text '258147147' is set on object 'Object Repository/RAD_Pages/TaxInfo_Page/input_reTypeNoticeInvoiceNumber'

2021-11-08 13:08:34 - [TEST_STEP][PASSED] - if (TaxTypeEL.equalsIgnoreCase("Sales & Use Tax")): null

2021-11-08 13:08:34 - [TEST_STEP][PASSED] - setText(findTestObject(orPath_Amount + "/input__paymentAmount"), Amount): Text '50.50' is set on object 'Object Repository/RAD_Pages/PaymentAmount_Page/input__paymentAmount'

2021-11-08 13:08:34 - [MESSAGE][PASSED] - Text '50.50' is set on object 'Object Repository/RAD_Pages/PaymentAmount_Page/input__paymentAmount'

2021-11-08 13:08:34 - [TEST_STEP][PASSED] - scrollToElement(findTestObject(orPath_Landing + "/button_Continue"), 3): Scroll to object 'Object Repository/RAD_Pages/Landing_Page/button_Continue' successfully

2021-11-08 13:08:35 - [MESSAGE][PASSED] - Scroll to object 'Object Repository/RAD_Pages/Landing_Page/button_Continue' successfully

2021-11-08 13:08:35 - [TEST_STEP][PASSED] - waitForElementClickable(findTestObject(orPath_Landing + "/button_Continue"), 5): Object 'Object Repository/RAD_Pages/Landing_Page/button_Continue' is clickable

2021-11-08 13:08:35 - [MESSAGE][PASSED] - Object 'Object Repository/RAD_Pages/Landing_Page/button_Continue' is clickable

2021-11-08 13:08:35 - [TEST_STEP][PASSED] - click(findTestObject(orPath_Landing + "/button_Continue")): Object: 'Object Repository/RAD_Pages/Landing_Page/button_Continue' is clicked on

2021-11-08 13:08:35 - [MESSAGE][PASSED] - Object: 'Object Repository/RAD_Pages/Landing_Page/button_Continue' is clicked on

2021-11-08 13:08:35 - [TEST_STEP][PASSED] - verifyTextPresent("Review the information below and make any necessary corrections by clicking the", true): Text 'Review the information below and make any necessary corrections by clicking the' is present on page  using regular expression

2021-11-08 13:08:36 - [MESSAGE][PASSED] - Text 'Review the information below and make any necessary corrections by clicking the' is present on page  using regular expression

2021-11-08 13:08:36 - [TEST_STEP][PASSED] - verifyTextPresent("When you are confident that all the information is correct", true): Text 'When you are confident that all the information is correct' is present on page  using regular expression

2021-11-08 13:08:36 - [MESSAGE][PASSED] - Text 'When you are confident that all the information is correct' is present on page  using regular expression

2021-11-08 13:08:36 - [TEST_STEP][PASSED] - delay(1): Delayed 1 second(s)

2021-11-08 13:08:37 - [MESSAGE][PASSED] - Delayed 1 second(s)

2021-11-08 13:08:37 - [TEST_STEP][PASSED] - click(findTestObject(orPath_PaymentReady + "/button_ProceedtoPayment")): Object: 'Object Repository/RAD_Pages/PaymentReady_Page/button_ProceedtoPayment' is clicked on

2021-11-08 13:08:40 - [MESSAGE][PASSED] - Object: 'Object Repository/RAD_Pages/PaymentReady_Page/button_ProceedtoPayment' is clicked on

2021-11-08 13:08:40 - [TEST_STEP][PASSED] - setText(findTestObject(orPath_PaymentEntry + "/input__cardNumber"), CCNumber): Text '4012000098765439' is set on object 'Object Repository/RAD_Pages/PaymentEntry_Page/input__cardNumber'

2021-11-08 13:08:40 - [MESSAGE][PASSED] - Text '4012000098765439' is set on object 'Object Repository/RAD_Pages/PaymentEntry_Page/input__cardNumber'

2021-11-08 13:08:40 - [TEST_STEP][PASSED] - setText(findTestObject(orPath_PaymentEntry + "/input__spc"), CVV): Text '123' is set on object 'Object Repository/RAD_Pages/PaymentEntry_Page/input__spc'

2021-11-08 13:08:41 - [MESSAGE][PASSED] - Text '123' is set on object 'Object Repository/RAD_Pages/PaymentEntry_Page/input__spc'

2021-11-08 13:08:41 - [TEST_STEP][PASSED] - selectOptionByLabel(findTestObject(orPath_PaymentEntry + "/select_MM"), "12", false): All options with label '12' are selected in object 'Object Repository/RAD_Pages/PaymentEntry_Page/select_MM' 

2021-11-08 13:08:42 - [MESSAGE][PASSED] - All options with label '12' are selected in object 'Object Repository/RAD_Pages/PaymentEntry_Page/select_MM' 

2021-11-08 13:08:42 - [TEST_STEP][PASSED] - selectOptionByLabel(findTestObject(orPath_PaymentEntry + "/select_YYYY"), "2023", false): All options with label '2023' are selected in object 'Object Repository/RAD_Pages/PaymentEntry_Page/select_YYYY' 

2021-11-08 13:08:42 - [MESSAGE][PASSED] - All options with label '2023' are selected in object 'Object Repository/RAD_Pages/PaymentEntry_Page/select_YYYY' 

2021-11-08 13:08:42 - [TEST_STEP][PASSED] - click(findTestObject(orPath_PaymentEntry + "/input_Field_ccSubmit")): Object: 'Object Repository/RAD_Pages/PaymentEntry_Page/input_Field_ccSubmit' is clicked on

2021-11-08 13:08:43 - [MESSAGE][PASSED] - Object: 'Object Repository/RAD_Pages/PaymentEntry_Page/input_Field_ccSubmit' is clicked on

2021-11-08 13:08:43 - [TEST_STEP][PASSED] - click(findTestObject(orPath_PaymentConfirmation + "/input_N_confirmNotifyAction")): Object: 'Object Repository/RAD_Pages/PaymentConfirmation_Page/input_N_confirmNotifyAction' is clicked on

2021-11-08 13:08:45 - [MESSAGE][PASSED] - Object: 'Object Repository/RAD_Pages/PaymentConfirmation_Page/input_N_confirmNotifyAction' is clicked on

2021-11-08 13:08:45 - [TEST_STEP][FAILED] - click(findTestObject(orPath_ServiceFeesAccept + "/input_convFeeNotifyAction")): Unable to click on object 'Object Repository/RAD_Pages/ServiceFeeAccept_Page/input_convFeeNotifyAction' (Root cause: com.kms.katalon.core.exception.StepFailedException: Unable to click on object 'Object Repository/RAD_Pages/ServiceFeeAccept_Page/input_convFeeNotifyAction'
	at com.kms.katalon.core.webui.keyword.internal.WebUIKeywordMain.stepFailed(WebUIKeywordMain.groovy:64)
	at com.kms.katalon.core.webui.keyword.internal.WebUIKeywordMain.runKeyword(WebUIKeywordMain.groovy:26)
	at com.kms.katalon.core.webui.keyword.builtin.ClickKeyword.click(ClickKeyword.groovy:75)
	at com.kms.katalon.core.webui.keyword.builtin.ClickKeyword.execute(ClickKeyword.groovy:42)
	at com.kms.katalon.core.keyword.internal.KeywordExecutor.executeKeywordForPlatform(KeywordExecutor.groovy:74)
	at com.kms.katalon.core.webui.keyword.WebUiBuiltInKeywords.click(WebUiBuiltInKeywords.groovy:620)
	at com.kms.katalon.core.webui.keyword.WebUiBuiltInKeywords$click$10.call(Unknown Source)
	at Payments_ExistingLiability_HC_TC.run(Payments_ExistingLiability_HC_TC:217)
	at com.kms.katalon.core.main.ScriptEngine.run(ScriptEngine.java:194)
	at com.kms.katalon.core.main.ScriptEngine.runScriptAsRawText(ScriptEngine.java:119)
	at com.kms.katalon.core.main.TestCaseExecutor.runScript(TestCaseExecutor.java:430)
	at com.kms.katalon.core.main.TestCaseExecutor.doExecute(TestCaseExecutor.java:421)
	at com.kms.katalon.core.main.TestCaseExecutor.processExecutionPhase(TestCaseExecutor.java:400)
	at com.kms.katalon.core.main.TestCaseExecutor.accessMainPhase(TestCaseExecutor.java:392)
	at com.kms.katalon.core.main.TestCaseExecutor.execute(TestCaseExecutor.java:273)
	at com.kms.katalon.core.main.TestSuiteExecutor.accessTestCaseMainPhase(TestSuiteExecutor.java:202)
	at com.kms.katalon.core.main.TestSuiteExecutor.accessTestSuiteMainPhase(TestSuiteExecutor.java:164)
	at com.kms.katalon.core.main.TestSuiteExecutor.execute(TestSuiteExecutor.java:105)
	at com.kms.katalon.core.main.TestCaseMain.startTestSuite(TestCaseMain.java:185)
	at com.kms.katalon.core.main.TestCaseMain$startTestSuite$0.call(Unknown Source)
	at TempTestSuite1636391403401.run(TempTestSuite1636391403401.groovy:36)
Caused by: com.kms.katalon.core.webui.exception.WebElementNotFoundException: Web element with id: 'Object Repository/RAD_Pages/ServiceFeeAccept_Page/input_convFeeNotifyAction' located by '//*[@type = 'submit' and @name = 'convFeeNotifyAction']' not found
	at com.kms.katalon.core.webui.common.WebUiCommonHelper.findWebElement(WebUiCommonHelper.java:1368)
	at com.kms.katalon.core.webui.keyword.internal.WebUIAbstractKeyword.findWebElement(WebUIAbstractKeyword.groovy:27)
	at com.kms.katalon.core.webui.keyword.internal.WebUIAbstractKeyword.findWebElement(WebUIAbstractKeyword.groovy:26)
	at com.kms.katalon.core.webui.keyword.builtin.ClickKeyword$_click_closure1.doCall(ClickKeyword.groovy:66)
	at com.kms.katalon.core.webui.keyword.builtin.ClickKeyword$_click_closure1.call(ClickKeyword.groovy)
	at com.kms.katalon.core.webui.keyword.internal.WebUIKeywordMain.runKeyword(WebUIKeywordMain.groovy:20)
	at com.kms.katalon.core.webui.keyword.builtin.ClickKeyword.click(ClickKeyword.groovy:75)
	at com.kms.katalon.core.webui.keyword.builtin.ClickKeyword.execute(ClickKeyword.groovy:42)
	at com.kms.katalon.core.keyword.internal.KeywordExecutor.executeKeywordForPlatform(KeywordExecutor.groovy:74)
	at com.kms.katalon.core.webui.keyword.WebUiBuiltInKeywords.click(WebUiBuiltInKeywords.groovy:620)
	at com.kms.katalon.core.webui.keyword.WebUiBuiltInKeywords$click$10.call(Unknown Source)
	at Script1634702981988.run(Script1634702981988.groovy:217)
	... 13 more
)

2021-11-08 13:09:16 - [MESSAGE][INFO] - Unable to find the element located by 'By.xpath: //*[@type = 'submit' and @name = 'convFeeNotifyAction']'. Please recheck the objects properties to make sure the desired element is located. 

2021-11-08 13:09:16 - [MESSAGE][WARNING] - [SELF-HEALING] Failed to find element with id 'Object Repository/RAD_Pages/ServiceFeeAccept_Page/input_convFeeNotifyAction'. Try using Self-healing.

2021-11-08 13:09:17 - [MESSAGE][INFO] - Unable to find the element located by 'By.xpath: //div[5]/div/input'. Please recheck the objects properties to make sure the desired element is located. 

2021-11-08 13:09:18 - [MESSAGE][INFO] - Unable to find the element located by 'By.xpath: //input[@name='convFeeNotifyAction']'. Please recheck the objects properties to make sure the desired element is located. 

2021-11-08 13:09:19 - [MESSAGE][INFO] - [SELF-HEALING] Failed Locator: '//input[@name='convFeeNotifyAction']'.

2021-11-08 13:09:19 - [MESSAGE][INFO] - [SELF-HEALING] Failed Locator: '//div[5]/div/input'.

2021-11-08 13:09:19 - [MESSAGE][INFO] - [SELF-HEALING] Failed Locator: '//input[@name='convFeeNotifyAction']'.

2021-11-08 13:09:19 - [MESSAGE][INFO] - [SELF-HEALING] Failed Locator: '//div[5]/div/input'.

2021-11-08 13:09:20 - [MESSAGE][INFO] - Unable to find the element located by 'By.cssSelector: input[name="convFeeNotifyAction"]'. Please recheck the objects properties to make sure the desired element is located. 

2021-11-08 13:09:21 - [MESSAGE][FAILED] - Unable to click on object 'Object Repository/RAD_Pages/ServiceFeeAccept_Page/input_convFeeNotifyAction' (Root cause: com.kms.katalon.core.exception.StepFailedException: Unable to click on object 'Object Repository/RAD_Pages/ServiceFeeAccept_Page/input_convFeeNotifyAction'
	at com.kms.katalon.core.webui.keyword.internal.WebUIKeywordMain.stepFailed(WebUIKeywordMain.groovy:64)
	at com.kms.katalon.core.webui.keyword.internal.WebUIKeywordMain.runKeyword(WebUIKeywordMain.groovy:26)
	at com.kms.katalon.core.webui.keyword.builtin.ClickKeyword.click(ClickKeyword.groovy:75)
	at com.kms.katalon.core.webui.keyword.builtin.ClickKeyword.execute(ClickKeyword.groovy:42)
	at com.kms.katalon.core.keyword.internal.KeywordExecutor.executeKeywordForPlatform(KeywordExecutor.groovy:74)
	at com.kms.katalon.core.webui.keyword.WebUiBuiltInKeywords.click(WebUiBuiltInKeywords.groovy:620)
	at com.kms.katalon.core.webui.keyword.WebUiBuiltInKeywords$click$10.call(Unknown Source)
	at Payments_ExistingLiability_HC_TC.run(Payments_ExistingLiability_HC_TC:217)
	at com.kms.katalon.core.main.ScriptEngine.run(ScriptEngine.java:194)
	at com.kms.katalon.core.main.ScriptEngine.runScriptAsRawText(ScriptEngine.java:119)
	at com.kms.katalon.core.main.TestCaseExecutor.runScript(TestCaseExecutor.java:430)
	at com.kms.katalon.core.main.TestCaseExecutor.doExecute(TestCaseExecutor.java:421)
	at com.kms.katalon.core.main.TestCaseExecutor.processExecutionPhase(TestCaseExecutor.java:400)
	at com.kms.katalon.core.main.TestCaseExecutor.accessMainPhase(TestCaseExecutor.java:392)
	at com.kms.katalon.core.main.TestCaseExecutor.execute(TestCaseExecutor.java:273)
	at com.kms.katalon.core.main.TestSuiteExecutor.accessTestCaseMainPhase(TestSuiteExecutor.java:202)
	at com.kms.katalon.core.main.TestSuiteExecutor.accessTestSuiteMainPhase(TestSuiteExecutor.java:164)
	at com.kms.katalon.core.main.TestSuiteExecutor.execute(TestSuiteExecutor.java:105)
	at com.kms.katalon.core.main.TestCaseMain.startTestSuite(TestCaseMain.java:185)
	at com.kms.katalon.core.main.TestCaseMain$startTestSuite$0.call(Unknown Source)
	at TempTestSuite1636391403401.run(TempTestSuite1636391403401.groovy:36)
Caused by: com.kms.katalon.core.webui.exception.WebElementNotFoundException: Web element with id: 'Object Repository/RAD_Pages/ServiceFeeAccept_Page/input_convFeeNotifyAction' located by '//*[@type = 'submit' and @name = 'convFeeNotifyAction']' not found
	at com.kms.katalon.core.webui.common.WebUiCommonHelper.findWebElement(WebUiCommonHelper.java:1368)
	at com.kms.katalon.core.webui.keyword.internal.WebUIAbstractKeyword.findWebElement(WebUIAbstractKeyword.groovy:27)
	at com.kms.katalon.core.webui.keyword.internal.WebUIAbstractKeyword.findWebElement(WebUIAbstractKeyword.groovy:26)
	at com.kms.katalon.core.webui.keyword.builtin.ClickKeyword$_click_closure1.doCall(ClickKeyword.groovy:66)
	at com.kms.katalon.core.webui.keyword.builtin.ClickKeyword$_click_closure1.call(ClickKeyword.groovy)
	at com.kms.katalon.core.webui.keyword.internal.WebUIKeywordMain.runKeyword(WebUIKeywordMain.groovy:20)
	at com.kms.katalon.core.webui.keyword.builtin.ClickKeyword.click(ClickKeyword.groovy:75)
	at com.kms.katalon.core.webui.keyword.builtin.ClickKeyword.execute(ClickKeyword.groovy:42)
	at com.kms.katalon.core.keyword.internal.KeywordExecutor.executeKeywordForPlatform(KeywordExecutor.groovy:74)
	at com.kms.katalon.core.webui.keyword.WebUiBuiltInKeywords.click(WebUiBuiltInKeywords.groovy:620)
	at com.kms.katalon.core.webui.keyword.WebUiBuiltInKeywords$click$10.call(Unknown Source)
	at Script1634702981988.run(Script1634702981988.groovy:217)
	... 13 more
)
[[ATTACHMENT|E:\\Cloned-Project-Katalon\\VPS-Katalon\\Reports\\20211108_121003\\RAD_TestSuite\\RAD_UI_TestSuite\\20211108_121003\\1636394960983.png]]

2021-11-08 13:09:21 - [TEST_STEP][PASSED] - delay(10): Delayed 10 second(s)

2021-11-08 13:09:31 - [MESSAGE][PASSED] - Delayed 10 second(s)

2021-11-08 13:09:31 - [TEST_STEP][PASSED] - verifyTextPresent("Successful Payment Receipt", true): Text 'Successful Payment Receipt' is present on page  using regular expression

2021-11-08 13:09:31 - [MESSAGE][PASSED] - Text 'Successful Payment Receipt' is present on page  using regular expression

2021-11-08 13:09:31 - [TEST_STEP][PASSED] - if (verifyTextPresent("Successful Payment Receipt", true)): null

2021-11-08 13:09:31 - [MESSAGE][PASSED] - Text 'Successful Payment Receipt' is present on page  using regular expression

2021-11-08 13:09:31 - [TEST_STEP][PASSED] - println("Transaction was Successful"): null

2021-11-08 13:09:31 - [TEST_STEP][PASSED] - out.println("Pass Record Number: " + row): null

2021-11-08 13:09:31 - [TEST_STEP][PASSED] - resText = "Pass": null

2021-11-08 13:09:31 - [TEST_STEP][PASSED] - pages.WriteExcel.demoKey(resText, datText, resColumn, datCloumn, fileLoc, nameSheet, row): pages.WriteExcel.demoKey is PASSED

2021-11-08 13:09:31 - [MESSAGE][PASSED] - pages.WriteExcel.demoKey is PASSED

2021-11-08 13:09:31 - [TEST_STEP][PASSED] - ExecuteTC = findTestData(dataFile).getValue("Execute", row): null

2021-11-08 13:09:31 - [TEST_STEP][PASSED] - Taxtype = findTestData(dataFile).getValue("TaxType", row): null

2021-11-08 13:09:31 - [TEST_STEP][PASSED] - TaxTypeEL = findTestData(dataFile).getValue("TaxTypeEL", row): null

2021-11-08 13:09:31 - [TEST_STEP][PASSED] - FilingYear = findTestData(dataFile).getValue("FilingYear", row): null

2021-11-08 13:09:32 - [TEST_STEP][PASSED] - FName = findTestData(dataFile).getValue("Fname", row): null

2021-11-08 13:09:32 - [TEST_STEP][PASSED] - LName = findTestData(dataFile).getValue("Lname", row): null

2021-11-08 13:09:32 - [TEST_STEP][PASSED] - AL1 = findTestData(dataFile).getValue("AL1", row): null

2021-11-08 13:09:32 - [TEST_STEP][PASSED] - City = findTestData(dataFile).getValue("City", row): null

2021-11-08 13:09:32 - [TEST_STEP][PASSED] - ZIP = findTestData(dataFile).getValue("ZIP", row): null

2021-11-08 13:09:32 - [TEST_STEP][PASSED] - Amount = findTestData(dataFile).getValue("Amount", row): null

2021-11-08 13:09:32 - [TEST_STEP][PASSED] - CCNumber = findTestData(dataFile).getValue("CCNumber", row): null

2021-11-08 13:09:32 - [TEST_STEP][PASSED] - CVV = findTestData(dataFile).getValue("CVV", row): null

2021-11-08 13:09:32 - [TEST_STEP][PASSED] - SSN = findTestData(dataFile).getValue("SSN", row): null

2021-11-08 13:09:32 - [TEST_STEP][PASSED] - FEIN = findTestData(dataFile).getValue("FEIN", row): null

2021-11-08 13:09:32 - [TEST_STEP][PASSED] - out.println("Value of Execute is : " + ExecuteTC): null

2021-11-08 13:09:32 - [TEST_STEP][FAILED] - if (ExecuteTC.equalsIgnoreCase("Y")): null

2021-11-08 13:09:32 - [TEST_STEP][PASSED] - out.println("Begin Record Number: " + row): null

2021-11-08 13:09:32 - [TEST_STEP][PASSED] - today = new java.util.Date(): null

2021-11-08 13:09:32 - [TEST_STEP][PASSED] - println(today): null

2021-11-08 13:09:32 - [TEST_STEP][PASSED] - datText = today: null

2021-11-08 13:09:32 - [TEST_STEP][PASSED] - Taxtype = findTestData(dataFile).getValue("TaxType", row): null

2021-11-08 13:09:32 - [TEST_STEP][PASSED] - out.println("Taxtype value is : " + Taxtype): null

2021-11-08 13:09:32 - [TEST_STEP][PASSED] - openBrowser(""): Browser is opened with url: ''

2021-11-08 13:09:32 - [MESSAGE][WARNING] - A browser is already opened. Closing browser and opening a new one

2021-11-08 13:09:33 - [MESSAGE][INFO] - Starting 'Chrome' driver

2021-11-08 13:09:33 - [MESSAGE][INFO] - User set preference: ['acceptInsecureCerts', 'true']

2021-11-08 13:09:33 - [MESSAGE][INFO] - Action delay is set to 0 milliseconds

2021-11-08 13:09:34 - [MESSAGE][PASSED] - Browser is opened with url: ''

2021-11-08 13:09:34 - [TEST_STEP][PASSED] - maximizeWindow(): Current window maximized

2021-11-08 13:09:34 - [MESSAGE][PASSED] - Current window maximized

2021-11-08 13:09:34 - [TEST_STEP][PASSED] - navigateToUrl(RADurl): Navigate to 'https://qa.velocitypayment.com/client/rad/index.html' successfully

2021-11-08 13:09:36 - [MESSAGE][PASSED] - Navigate to 'https://qa.velocitypayment.com/client/rad/index.html' successfully

2021-11-08 13:09:36 - [TEST_STEP][PASSED] - orPath_Landing = "Object Repository/RAD_Pages/Landing_Page": null

2021-11-08 13:09:36 - [TEST_STEP][PASSED] - orPath_TaxTypeFilingYear = "Object Repository/RAD_Pages/TaxTypeFilingYear_Page": null

2021-11-08 13:09:36 - [TEST_STEP][PASSED] - orPath_TaxPayer = "Object Repository/RAD_Pages/Taxpayer_Page": null

2021-11-08 13:09:36 - [TEST_STEP][PASSED] - orPath_AddressContact = "Object Repository/RAD_Pages/AddressAndContactInfo_Page": null

2021-11-08 13:09:36 - [TEST_STEP][PASSED] - orPath_FilingStatus = "Object Repository/RAD_Pages/FilingStatus_Page": null

2021-11-08 13:09:36 - [TEST_STEP][PASSED] - orPath_Amount = "Object Repository/RAD_Pages/PaymentAmount_Page": null

2021-11-08 13:09:36 - [TEST_STEP][PASSED] - orPath_TaxInfo = "Object Repository/RAD_Pages/TaxInfo_Page": null

2021-11-08 13:09:36 - [TEST_STEP][PASSED] - orPath_Withholding = "Object Repository/RAD_Pages/Withholding_Page": null

2021-11-08 13:09:36 - [TEST_STEP][PASSED] - orPath_Summary = "Object Repository/RAD_Pages/Summary_Page": null

2021-11-08 13:09:36 - [TEST_STEP][PASSED] - orPath_PaymentReady = "Object Repository/RAD_Pages/PaymentReady_Page": null

2021-11-08 13:09:36 - [TEST_STEP][PASSED] - orPath_PaymentEntry = "Object Repository/RAD_Pages/PaymentEntry_Page": null

2021-11-08 13:09:36 - [TEST_STEP][PASSED] - orPath_PaymentConfirmation = "Object Repository/RAD_Pages/PaymentConfirmation_Page": null

2021-11-08 13:09:36 - [TEST_STEP][PASSED] - orPath_ServiceFeesAccept = "Object Repository/RAD_Pages/ServiceFeeAccept_Page": null

2021-11-08 13:09:36 - [TEST_STEP][PASSED] - selectOptionByLabel(findTestObject(orPath_Landing + "/dd_TaxType"), Taxtype, false): All options with label 'Existing Liability' are selected in object 'Object Repository/RAD_Pages/Landing_Page/dd_TaxType' 

2021-11-08 13:09:37 - [MESSAGE][PASSED] - All options with label 'Existing Liability' are selected in object 'Object Repository/RAD_Pages/Landing_Page/dd_TaxType' 

2021-11-08 13:09:37 - [TEST_STEP][PASSED] - delay(1): Delayed 1 second(s)

2021-11-08 13:09:38 - [MESSAGE][PASSED] - Delayed 1 second(s)

2021-11-08 13:09:38 - [TEST_STEP][PASSED] - selectOptionByLabel(findTestObject(orPath_TaxTypeFilingYear + "/select_TaxType_ExistingLiability"), TaxTypeEL, false): All options with label 'Fiduciary Tax' are selected in object 'Object Repository/RAD_Pages/TaxTypeFilingYear_Page/select_TaxType_ExistingLiability' 

2021-11-08 13:09:39 - [MESSAGE][PASSED] - All options with label 'Fiduciary Tax' are selected in object 'Object Repository/RAD_Pages/TaxTypeFilingYear_Page/select_TaxType_ExistingLiability' 

2021-11-08 13:09:39 - [TEST_STEP][PASSED] - selectOptionByLabel(findTestObject(orPath_TaxTypeFilingYear + "/select_FilingYear"), FilingYear, false): All options with label '2020' are selected in object 'Object Repository/RAD_Pages/TaxTypeFilingYear_Page/select_FilingYear' 

2021-11-08 13:09:39 - [MESSAGE][PASSED] - All options with label '2020' are selected in object 'Object Repository/RAD_Pages/TaxTypeFilingYear_Page/select_FilingYear' 

2021-11-08 13:09:39 - [TEST_STEP][PASSED] - setText(findTestObject(orPath_TaxPayer + "/input_firstName"), FName): Text 'Jason' is set on object 'Object Repository/RAD_Pages/Taxpayer_Page/input_firstName'

2021-11-08 13:09:40 - [MESSAGE][PASSED] - Text 'Jason' is set on object 'Object Repository/RAD_Pages/Taxpayer_Page/input_firstName'

2021-11-08 13:09:40 - [TEST_STEP][PASSED] - setText(findTestObject(orPath_TaxPayer + "/input_lastName"), LName): Text 'Cook' is set on object 'Object Repository/RAD_Pages/Taxpayer_Page/input_lastName'

2021-11-08 13:09:41 - [MESSAGE][PASSED] - Text 'Cook' is set on object 'Object Repository/RAD_Pages/Taxpayer_Page/input_lastName'

2021-11-08 13:09:41 - [TEST_STEP][PASSED] - setText(findTestObject(orPath_TaxPayer + "/input_middleName"), "Johns"): Text 'Johns' is set on object 'Object Repository/RAD_Pages/Taxpayer_Page/input_middleName'

2021-11-08 13:09:41 - [MESSAGE][PASSED] - Text 'Johns' is set on object 'Object Repository/RAD_Pages/Taxpayer_Page/input_middleName'

2021-11-08 13:09:41 - [TEST_STEP][PASSED] - setText(findTestObject(orPath_TaxPayer + "/input_suffix"), "Sr"): Text 'Sr' is set on object 'Object Repository/RAD_Pages/Taxpayer_Page/input_suffix'

2021-11-08 13:09:42 - [MESSAGE][PASSED] - Text 'Sr' is set on object 'Object Repository/RAD_Pages/Taxpayer_Page/input_suffix'

2021-11-08 13:09:42 - [TEST_STEP][PASSED] - selectOptionByLabel(findTestObject(orPath_AddressContact + "/select_Country"), "United States", false): All options with label 'United States' are selected in object 'Object Repository/RAD_Pages/AddressAndContactInfo_Page/select_Country' 

2021-11-08 13:09:43 - [MESSAGE][PASSED] - All options with label 'United States' are selected in object 'Object Repository/RAD_Pages/AddressAndContactInfo_Page/select_Country' 

2021-11-08 13:09:43 - [TEST_STEP][PASSED] - setText(findTestObject(orPath_AddressContact + "/input_streetAddress1"), AL1): Text '1501 Mandan Terrace' is set on object 'Object Repository/RAD_Pages/AddressAndContactInfo_Page/input_streetAddress1'

2021-11-08 13:09:43 - [MESSAGE][PASSED] - Text '1501 Mandan Terrace' is set on object 'Object Repository/RAD_Pages/AddressAndContactInfo_Page/input_streetAddress1'

2021-11-08 13:09:43 - [TEST_STEP][PASSED] - setText(findTestObject(orPath_AddressContact + "/input_streetAddress2"), ""): Text '' is set on object 'Object Repository/RAD_Pages/AddressAndContactInfo_Page/input_streetAddress2'

2021-11-08 13:09:44 - [MESSAGE][PASSED] - Text '' is set on object 'Object Repository/RAD_Pages/AddressAndContactInfo_Page/input_streetAddress2'

2021-11-08 13:09:44 - [TEST_STEP][PASSED] - setText(findTestObject(orPath_AddressContact + "/input_city"), City): Text 'Bowie' is set on object 'Object Repository/RAD_Pages/AddressAndContactInfo_Page/input_city'

2021-11-08 13:09:44 - [MESSAGE][PASSED] - Text 'Bowie' is set on object 'Object Repository/RAD_Pages/AddressAndContactInfo_Page/input_city'

2021-11-08 13:09:44 - [TEST_STEP][PASSED] - selectOptionByLabel(findTestObject(orPath_AddressContact + "/select_State"), "Maryland", false): All options with label 'Maryland' are selected in object 'Object Repository/RAD_Pages/AddressAndContactInfo_Page/select_State' 

2021-11-08 13:09:45 - [MESSAGE][PASSED] - All options with label 'Maryland' are selected in object 'Object Repository/RAD_Pages/AddressAndContactInfo_Page/select_State' 

2021-11-08 13:09:45 - [TEST_STEP][PASSED] - setText(findTestObject(orPath_AddressContact + "/input_zipCode"), ZIP): Text '20720' is set on object 'Object Repository/RAD_Pages/AddressAndContactInfo_Page/input_zipCode'

2021-11-08 13:09:46 - [MESSAGE][PASSED] - Text '20720' is set on object 'Object Repository/RAD_Pages/AddressAndContactInfo_Page/input_zipCode'

2021-11-08 13:09:46 - [TEST_STEP][PASSED] - setText(findTestObject(orPath_AddressContact + "/input_phoneNumber"), "(703) 894-5000"): Text '(703) 894-5000' is set on object 'Object Repository/RAD_Pages/AddressAndContactInfo_Page/input_phoneNumber'

2021-11-08 13:09:46 - [MESSAGE][PASSED] - Text '(703) 894-5000' is set on object 'Object Repository/RAD_Pages/AddressAndContactInfo_Page/input_phoneNumber'

2021-11-08 13:09:46 - [TEST_STEP][PASSED] - setText(findTestObject(orPath_AddressContact + "/input_eMailAddress"), "iahmed@govolution.com"): Text 'iahmed@govolution.com' is set on object 'Object Repository/RAD_Pages/AddressAndContactInfo_Page/input_eMailAddress'

2021-11-08 13:09:47 - [MESSAGE][PASSED] - Text 'iahmed@govolution.com' is set on object 'Object Repository/RAD_Pages/AddressAndContactInfo_Page/input_eMailAddress'

2021-11-08 13:09:47 - [TEST_STEP][PASSED] - setText(findTestObject(orPath_AddressContact + "/input_reEnterEMailAddress"), "iahmed@govolution.com"): Text 'iahmed@govolution.com' is set on object 'Object Repository/RAD_Pages/AddressAndContactInfo_Page/input_reEnterEMailAddress'

2021-11-08 13:09:48 - [MESSAGE][PASSED] - Text 'iahmed@govolution.com' is set on object 'Object Repository/RAD_Pages/AddressAndContactInfo_Page/input_reEnterEMailAddress'

2021-11-08 13:09:48 - [TEST_STEP][PASSED] - if (!(SSN.isEmpty())): null

2021-11-08 13:09:48 - [TEST_STEP][PASSED] - scrollToElement(findTestObject(orPath_Amount + "/input__paymentAmount"), 3): Scroll to object 'Object Repository/RAD_Pages/PaymentAmount_Page/input__paymentAmount' successfully

2021-11-08 13:09:48 - [MESSAGE][PASSED] - Scroll to object 'Object Repository/RAD_Pages/PaymentAmount_Page/input__paymentAmount' successfully

2021-11-08 13:09:48 - [TEST_STEP][PASSED] - if (!(FEIN.isEmpty())): Text '258369260' is set on object 'Object Repository/RAD_Pages/TaxInfo_Page/input_ReTypeFEIN'

2021-11-08 13:09:48 - [TEST_STEP][PASSED] - setText(findTestObject(orPath_TaxInfo + "/input_FEIN"), FEIN): Text '258369260' is set on object 'Object Repository/RAD_Pages/TaxInfo_Page/input_FEIN'

2021-11-08 13:09:49 - [MESSAGE][PASSED] - Text '258369260' is set on object 'Object Repository/RAD_Pages/TaxInfo_Page/input_FEIN'

2021-11-08 13:09:49 - [TEST_STEP][PASSED] - setText(findTestObject(orPath_TaxInfo + "/input_ReTypeFEIN"), FEIN): Text '258369260' is set on object 'Object Repository/RAD_Pages/TaxInfo_Page/input_ReTypeFEIN'

2021-11-08 13:09:49 - [MESSAGE][PASSED] - Text '258369260' is set on object 'Object Repository/RAD_Pages/TaxInfo_Page/input_ReTypeFEIN'

2021-11-08 13:09:49 - [TEST_STEP][PASSED] - delay(1): Delayed 1 second(s)

2021-11-08 13:09:50 - [MESSAGE][PASSED] - Delayed 1 second(s)

2021-11-08 13:09:50 - [TEST_STEP][PASSED] - setText(findTestObject(orPath_TaxInfo + "/input_NoticeInvoiceNumber"), "258147147"): Text '258147147' is set on object 'Object Repository/RAD_Pages/TaxInfo_Page/input_NoticeInvoiceNumber'

2021-11-08 13:09:51 - [MESSAGE][PASSED] - Text '258147147' is set on object 'Object Repository/RAD_Pages/TaxInfo_Page/input_NoticeInvoiceNumber'

2021-11-08 13:09:51 - [TEST_STEP][PASSED] - setText(findTestObject(orPath_TaxInfo + "/input_reTypeNoticeInvoiceNumber"), "258147147"): Text '258147147' is set on object 'Object Repository/RAD_Pages/TaxInfo_Page/input_reTypeNoticeInvoiceNumber'

2021-11-08 13:09:52 - [MESSAGE][PASSED] - Text '258147147' is set on object 'Object Repository/RAD_Pages/TaxInfo_Page/input_reTypeNoticeInvoiceNumber'

2021-11-08 13:09:52 - [TEST_STEP][PASSED] - if (TaxTypeEL.equalsIgnoreCase("Sales & Use Tax")): null

2021-11-08 13:09:52 - [TEST_STEP][PASSED] - setText(findTestObject(orPath_Amount + "/input__paymentAmount"), Amount): Text '50.50' is set on object 'Object Repository/RAD_Pages/PaymentAmount_Page/input__paymentAmount'

2021-11-08 13:09:53 - [MESSAGE][PASSED] - Text '50.50' is set on object 'Object Repository/RAD_Pages/PaymentAmount_Page/input__paymentAmount'

2021-11-08 13:09:53 - [TEST_STEP][PASSED] - scrollToElement(findTestObject(orPath_Landing + "/button_Continue"), 3): Scroll to object 'Object Repository/RAD_Pages/Landing_Page/button_Continue' successfully

2021-11-08 13:09:53 - [MESSAGE][PASSED] - Scroll to object 'Object Repository/RAD_Pages/Landing_Page/button_Continue' successfully

2021-11-08 13:09:53 - [TEST_STEP][PASSED] - waitForElementClickable(findTestObject(orPath_Landing + "/button_Continue"), 5): Object 'Object Repository/RAD_Pages/Landing_Page/button_Continue' is clickable

2021-11-08 13:09:54 - [MESSAGE][PASSED] - Object 'Object Repository/RAD_Pages/Landing_Page/button_Continue' is clickable

2021-11-08 13:09:54 - [TEST_STEP][PASSED] - click(findTestObject(orPath_Landing + "/button_Continue")): Object: 'Object Repository/RAD_Pages/Landing_Page/button_Continue' is clicked on

2021-11-08 13:09:54 - [MESSAGE][PASSED] - Object: 'Object Repository/RAD_Pages/Landing_Page/button_Continue' is clicked on

2021-11-08 13:09:54 - [TEST_STEP][PASSED] - verifyTextPresent("Review the information below and make any necessary corrections by clicking the", true): Text 'Review the information below and make any necessary corrections by clicking the' is present on page  using regular expression

2021-11-08 13:09:54 - [MESSAGE][PASSED] - Text 'Review the information below and make any necessary corrections by clicking the' is present on page  using regular expression

2021-11-08 13:09:54 - [TEST_STEP][PASSED] - verifyTextPresent("When you are confident that all the information is correct", true): Text 'When you are confident that all the information is correct' is present on page  using regular expression

2021-11-08 13:09:55 - [MESSAGE][PASSED] - Text 'When you are confident that all the information is correct' is present on page  using regular expression

2021-11-08 13:09:55 - [TEST_STEP][PASSED] - delay(1): Delayed 1 second(s)

2021-11-08 13:09:56 - [MESSAGE][PASSED] - Delayed 1 second(s)

2021-11-08 13:09:56 - [TEST_STEP][PASSED] - click(findTestObject(orPath_PaymentReady + "/button_ProceedtoPayment")): Object: 'Object Repository/RAD_Pages/PaymentReady_Page/button_ProceedtoPayment' is clicked on

2021-11-08 13:09:58 - [MESSAGE][PASSED] - Object: 'Object Repository/RAD_Pages/PaymentReady_Page/button_ProceedtoPayment' is clicked on

2021-11-08 13:09:58 - [TEST_STEP][PASSED] - setText(findTestObject(orPath_PaymentEntry + "/input__cardNumber"), CCNumber): Text '4012000098765439' is set on object 'Object Repository/RAD_Pages/PaymentEntry_Page/input__cardNumber'

2021-11-08 13:09:59 - [MESSAGE][PASSED] - Text '4012000098765439' is set on object 'Object Repository/RAD_Pages/PaymentEntry_Page/input__cardNumber'

2021-11-08 13:09:59 - [TEST_STEP][PASSED] - setText(findTestObject(orPath_PaymentEntry + "/input__spc"), CVV): Text '123' is set on object 'Object Repository/RAD_Pages/PaymentEntry_Page/input__spc'

2021-11-08 13:09:59 - [MESSAGE][PASSED] - Text '123' is set on object 'Object Repository/RAD_Pages/PaymentEntry_Page/input__spc'

2021-11-08 13:09:59 - [TEST_STEP][PASSED] - selectOptionByLabel(findTestObject(orPath_PaymentEntry + "/select_MM"), "12", false): All options with label '12' are selected in object 'Object Repository/RAD_Pages/PaymentEntry_Page/select_MM' 

2021-11-08 13:10:00 - [MESSAGE][PASSED] - All options with label '12' are selected in object 'Object Repository/RAD_Pages/PaymentEntry_Page/select_MM' 

2021-11-08 13:10:00 - [TEST_STEP][PASSED] - selectOptionByLabel(findTestObject(orPath_PaymentEntry + "/select_YYYY"), "2023", false): All options with label '2023' are selected in object 'Object Repository/RAD_Pages/PaymentEntry_Page/select_YYYY' 

2021-11-08 13:10:01 - [MESSAGE][PASSED] - All options with label '2023' are selected in object 'Object Repository/RAD_Pages/PaymentEntry_Page/select_YYYY' 

2021-11-08 13:10:01 - [TEST_STEP][PASSED] - click(findTestObject(orPath_PaymentEntry + "/input_Field_ccSubmit")): Object: 'Object Repository/RAD_Pages/PaymentEntry_Page/input_Field_ccSubmit' is clicked on

2021-11-08 13:10:02 - [MESSAGE][PASSED] - Object: 'Object Repository/RAD_Pages/PaymentEntry_Page/input_Field_ccSubmit' is clicked on

2021-11-08 13:10:02 - [TEST_STEP][PASSED] - click(findTestObject(orPath_PaymentConfirmation + "/input_N_confirmNotifyAction")): Object: 'Object Repository/RAD_Pages/PaymentConfirmation_Page/input_N_confirmNotifyAction' is clicked on

2021-11-08 13:10:05 - [MESSAGE][PASSED] - Object: 'Object Repository/RAD_Pages/PaymentConfirmation_Page/input_N_confirmNotifyAction' is clicked on

2021-11-08 13:10:05 - [TEST_STEP][FAILED] - click(findTestObject(orPath_ServiceFeesAccept + "/input_convFeeNotifyAction")): Unable to click on object 'Object Repository/RAD_Pages/ServiceFeeAccept_Page/input_convFeeNotifyAction' (Root cause: com.kms.katalon.core.exception.StepFailedException: Unable to click on object 'Object Repository/RAD_Pages/ServiceFeeAccept_Page/input_convFeeNotifyAction'
	at com.kms.katalon.core.webui.keyword.internal.WebUIKeywordMain.stepFailed(WebUIKeywordMain.groovy:64)
	at com.kms.katalon.core.webui.keyword.internal.WebUIKeywordMain.runKeyword(WebUIKeywordMain.groovy:26)
	at com.kms.katalon.core.webui.keyword.builtin.ClickKeyword.click(ClickKeyword.groovy:75)
	at com.kms.katalon.core.webui.keyword.builtin.ClickKeyword.execute(ClickKeyword.groovy:42)
	at com.kms.katalon.core.keyword.internal.KeywordExecutor.executeKeywordForPlatform(KeywordExecutor.groovy:74)
	at com.kms.katalon.core.webui.keyword.WebUiBuiltInKeywords.click(WebUiBuiltInKeywords.groovy:620)
	at com.kms.katalon.core.webui.keyword.WebUiBuiltInKeywords$click$10.call(Unknown Source)
	at Payments_ExistingLiability_HC_TC.run(Payments_ExistingLiability_HC_TC:217)
	at com.kms.katalon.core.main.ScriptEngine.run(ScriptEngine.java:194)
	at com.kms.katalon.core.main.ScriptEngine.runScriptAsRawText(ScriptEngine.java:119)
	at com.kms.katalon.core.main.TestCaseExecutor.runScript(TestCaseExecutor.java:430)
	at com.kms.katalon.core.main.TestCaseExecutor.doExecute(TestCaseExecutor.java:421)
	at com.kms.katalon.core.main.TestCaseExecutor.processExecutionPhase(TestCaseExecutor.java:400)
	at com.kms.katalon.core.main.TestCaseExecutor.accessMainPhase(TestCaseExecutor.java:392)
	at com.kms.katalon.core.main.TestCaseExecutor.execute(TestCaseExecutor.java:273)
	at com.kms.katalon.core.main.TestSuiteExecutor.accessTestCaseMainPhase(TestSuiteExecutor.java:202)
	at com.kms.katalon.core.main.TestSuiteExecutor.accessTestSuiteMainPhase(TestSuiteExecutor.java:164)
	at com.kms.katalon.core.main.TestSuiteExecutor.execute(TestSuiteExecutor.java:105)
	at com.kms.katalon.core.main.TestCaseMain.startTestSuite(TestCaseMain.java:185)
	at com.kms.katalon.core.main.TestCaseMain$startTestSuite$0.call(Unknown Source)
	at TempTestSuite1636391403401.run(TempTestSuite1636391403401.groovy:36)
Caused by: com.kms.katalon.core.webui.exception.WebElementNotFoundException: Web element with id: 'Object Repository/RAD_Pages/ServiceFeeAccept_Page/input_convFeeNotifyAction' located by '//*[@type = 'submit' and @name = 'convFeeNotifyAction']' not found
	at com.kms.katalon.core.webui.common.WebUiCommonHelper.findWebElement(WebUiCommonHelper.java:1368)
	at com.kms.katalon.core.webui.keyword.internal.WebUIAbstractKeyword.findWebElement(WebUIAbstractKeyword.groovy:27)
	at com.kms.katalon.core.webui.keyword.internal.WebUIAbstractKeyword.findWebElement(WebUIAbstractKeyword.groovy:26)
	at com.kms.katalon.core.webui.keyword.builtin.ClickKeyword$_click_closure1.doCall(ClickKeyword.groovy:66)
	at com.kms.katalon.core.webui.keyword.builtin.ClickKeyword$_click_closure1.call(ClickKeyword.groovy)
	at com.kms.katalon.core.webui.keyword.internal.WebUIKeywordMain.runKeyword(WebUIKeywordMain.groovy:20)
	at com.kms.katalon.core.webui.keyword.builtin.ClickKeyword.click(ClickKeyword.groovy:75)
	at com.kms.katalon.core.webui.keyword.builtin.ClickKeyword.execute(ClickKeyword.groovy:42)
	at com.kms.katalon.core.keyword.internal.KeywordExecutor.executeKeywordForPlatform(KeywordExecutor.groovy:74)
	at com.kms.katalon.core.webui.keyword.WebUiBuiltInKeywords.click(WebUiBuiltInKeywords.groovy:620)
	at com.kms.katalon.core.webui.keyword.WebUiBuiltInKeywords$click$10.call(Unknown Source)
	at Script1634702981988.run(Script1634702981988.groovy:217)
	... 13 more
)

2021-11-08 13:10:36 - [MESSAGE][INFO] - Unable to find the element located by 'By.xpath: //*[@type = 'submit' and @name = 'convFeeNotifyAction']'. Please recheck the objects properties to make sure the desired element is located. 

2021-11-08 13:10:36 - [MESSAGE][WARNING] - [SELF-HEALING] Failed to find element with id 'Object Repository/RAD_Pages/ServiceFeeAccept_Page/input_convFeeNotifyAction'. Try using Self-healing.

2021-11-08 13:10:37 - [MESSAGE][INFO] - Unable to find the element located by 'By.xpath: //div[5]/div/input'. Please recheck the objects properties to make sure the desired element is located. 

2021-11-08 13:10:38 - [MESSAGE][INFO] - Unable to find the element located by 'By.xpath: //input[@name='convFeeNotifyAction']'. Please recheck the objects properties to make sure the desired element is located. 

2021-11-08 13:10:39 - [MESSAGE][INFO] - [SELF-HEALING] Failed Locator: '//input[@name='convFeeNotifyAction']'.

2021-11-08 13:10:39 - [MESSAGE][INFO] - [SELF-HEALING] Failed Locator: '//div[5]/div/input'.

2021-11-08 13:10:39 - [MESSAGE][INFO] - [SELF-HEALING] Failed Locator: '//input[@name='convFeeNotifyAction']'.

2021-11-08 13:10:39 - [MESSAGE][INFO] - [SELF-HEALING] Failed Locator: '//div[5]/div/input'.

2021-11-08 13:10:41 - [MESSAGE][INFO] - Unable to find the element located by 'By.cssSelector: input[name="convFeeNotifyAction"]'. Please recheck the objects properties to make sure the desired element is located. 

2021-11-08 13:10:41 - [MESSAGE][FAILED] - Unable to click on object 'Object Repository/RAD_Pages/ServiceFeeAccept_Page/input_convFeeNotifyAction' (Root cause: com.kms.katalon.core.exception.StepFailedException: Unable to click on object 'Object Repository/RAD_Pages/ServiceFeeAccept_Page/input_convFeeNotifyAction'
	at com.kms.katalon.core.webui.keyword.internal.WebUIKeywordMain.stepFailed(WebUIKeywordMain.groovy:64)
	at com.kms.katalon.core.webui.keyword.internal.WebUIKeywordMain.runKeyword(WebUIKeywordMain.groovy:26)
	at com.kms.katalon.core.webui.keyword.builtin.ClickKeyword.click(ClickKeyword.groovy:75)
	at com.kms.katalon.core.webui.keyword.builtin.ClickKeyword.execute(ClickKeyword.groovy:42)
	at com.kms.katalon.core.keyword.internal.KeywordExecutor.executeKeywordForPlatform(KeywordExecutor.groovy:74)
	at com.kms.katalon.core.webui.keyword.WebUiBuiltInKeywords.click(WebUiBuiltInKeywords.groovy:620)
	at com.kms.katalon.core.webui.keyword.WebUiBuiltInKeywords$click$10.call(Unknown Source)
	at Payments_ExistingLiability_HC_TC.run(Payments_ExistingLiability_HC_TC:217)
	at com.kms.katalon.core.main.ScriptEngine.run(ScriptEngine.java:194)
	at com.kms.katalon.core.main.ScriptEngine.runScriptAsRawText(ScriptEngine.java:119)
	at com.kms.katalon.core.main.TestCaseExecutor.runScript(TestCaseExecutor.java:430)
	at com.kms.katalon.core.main.TestCaseExecutor.doExecute(TestCaseExecutor.java:421)
	at com.kms.katalon.core.main.TestCaseExecutor.processExecutionPhase(TestCaseExecutor.java:400)
	at com.kms.katalon.core.main.TestCaseExecutor.accessMainPhase(TestCaseExecutor.java:392)
	at com.kms.katalon.core.main.TestCaseExecutor.execute(TestCaseExecutor.java:273)
	at com.kms.katalon.core.main.TestSuiteExecutor.accessTestCaseMainPhase(TestSuiteExecutor.java:202)
	at com.kms.katalon.core.main.TestSuiteExecutor.accessTestSuiteMainPhase(TestSuiteExecutor.java:164)
	at com.kms.katalon.core.main.TestSuiteExecutor.execute(TestSuiteExecutor.java:105)
	at com.kms.katalon.core.main.TestCaseMain.startTestSuite(TestCaseMain.java:185)
	at com.kms.katalon.core.main.TestCaseMain$startTestSuite$0.call(Unknown Source)
	at TempTestSuite1636391403401.run(TempTestSuite1636391403401.groovy:36)
Caused by: com.kms.katalon.core.webui.exception.WebElementNotFoundException: Web element with id: 'Object Repository/RAD_Pages/ServiceFeeAccept_Page/input_convFeeNotifyAction' located by '//*[@type = 'submit' and @name = 'convFeeNotifyAction']' not found
	at com.kms.katalon.core.webui.common.WebUiCommonHelper.findWebElement(WebUiCommonHelper.java:1368)
	at com.kms.katalon.core.webui.keyword.internal.WebUIAbstractKeyword.findWebElement(WebUIAbstractKeyword.groovy:27)
	at com.kms.katalon.core.webui.keyword.internal.WebUIAbstractKeyword.findWebElement(WebUIAbstractKeyword.groovy:26)
	at com.kms.katalon.core.webui.keyword.builtin.ClickKeyword$_click_closure1.doCall(ClickKeyword.groovy:66)
	at com.kms.katalon.core.webui.keyword.builtin.ClickKeyword$_click_closure1.call(ClickKeyword.groovy)
	at com.kms.katalon.core.webui.keyword.internal.WebUIKeywordMain.runKeyword(WebUIKeywordMain.groovy:20)
	at com.kms.katalon.core.webui.keyword.builtin.ClickKeyword.click(ClickKeyword.groovy:75)
	at com.kms.katalon.core.webui.keyword.builtin.ClickKeyword.execute(ClickKeyword.groovy:42)
	at com.kms.katalon.core.keyword.internal.KeywordExecutor.executeKeywordForPlatform(KeywordExecutor.groovy:74)
	at com.kms.katalon.core.webui.keyword.WebUiBuiltInKeywords.click(WebUiBuiltInKeywords.groovy:620)
	at com.kms.katalon.core.webui.keyword.WebUiBuiltInKeywords$click$10.call(Unknown Source)
	at Script1634702981988.run(Script1634702981988.groovy:217)
	... 13 more
)
[[ATTACHMENT|E:\\Cloned-Project-Katalon\\VPS-Katalon\\Reports\\20211108_121003\\RAD_TestSuite\\RAD_UI_TestSuite\\20211108_121003\\1636395041165.png]]

2021-11-08 13:10:41 - [TEST_STEP][PASSED] - delay(10): Delayed 10 second(s)

2021-11-08 13:10:51 - [MESSAGE][PASSED] - Delayed 10 second(s)

2021-11-08 13:10:51 - [TEST_STEP][PASSED] - verifyTextPresent("Successful Payment Receipt", true): Text 'Successful Payment Receipt' is present on page  using regular expression

2021-11-08 13:10:51 - [MESSAGE][PASSED] - Text 'Successful Payment Receipt' is present on page  using regular expression

2021-11-08 13:10:51 - [TEST_STEP][PASSED] - if (verifyTextPresent("Successful Payment Receipt", true)): null

2021-11-08 13:10:51 - [MESSAGE][PASSED] - Text 'Successful Payment Receipt' is present on page  using regular expression

2021-11-08 13:10:52 - [TEST_STEP][PASSED] - println("Transaction was Successful"): null

2021-11-08 13:10:52 - [TEST_STEP][PASSED] - out.println("Pass Record Number: " + row): null

2021-11-08 13:10:52 - [TEST_STEP][PASSED] - resText = "Pass": null

2021-11-08 13:10:52 - [TEST_STEP][PASSED] - pages.WriteExcel.demoKey(resText, datText, resColumn, datCloumn, fileLoc, nameSheet, row): pages.WriteExcel.demoKey is PASSED

2021-11-08 13:10:52 - [MESSAGE][PASSED] - pages.WriteExcel.demoKey is PASSED

2021-11-08 13:10:52 - [TEST_STEP][PASSED] - ExecuteTC = findTestData(dataFile).getValue("Execute", row): null

2021-11-08 13:10:52 - [TEST_STEP][PASSED] - Taxtype = findTestData(dataFile).getValue("TaxType", row): null

2021-11-08 13:10:52 - [TEST_STEP][PASSED] - TaxTypeEL = findTestData(dataFile).getValue("TaxTypeEL", row): null

2021-11-08 13:10:52 - [TEST_STEP][PASSED] - FilingYear = findTestData(dataFile).getValue("FilingYear", row): null

2021-11-08 13:10:52 - [TEST_STEP][PASSED] - FName = findTestData(dataFile).getValue("Fname", row): null

2021-11-08 13:10:52 - [TEST_STEP][PASSED] - LName = findTestData(dataFile).getValue("Lname", row): null

2021-11-08 13:10:52 - [TEST_STEP][PASSED] - AL1 = findTestData(dataFile).getValue("AL1", row): null

2021-11-08 13:10:52 - [TEST_STEP][PASSED] - City = findTestData(dataFile).getValue("City", row): null

2021-11-08 13:10:52 - [TEST_STEP][PASSED] - ZIP = findTestData(dataFile).getValue("ZIP", row): null

2021-11-08 13:10:52 - [TEST_STEP][PASSED] - Amount = findTestData(dataFile).getValue("Amount", row): null

2021-11-08 13:10:52 - [TEST_STEP][PASSED] - CCNumber = findTestData(dataFile).getValue("CCNumber", row): null

2021-11-08 13:10:52 - [TEST_STEP][PASSED] - CVV = findTestData(dataFile).getValue("CVV", row): null

2021-11-08 13:10:52 - [TEST_STEP][PASSED] - SSN = findTestData(dataFile).getValue("SSN", row): null

2021-11-08 13:10:52 - [TEST_STEP][PASSED] - FEIN = findTestData(dataFile).getValue("FEIN", row): null

2021-11-08 13:10:52 - [TEST_STEP][PASSED] - out.println("Value of Execute is : " + ExecuteTC): null

2021-11-08 13:10:52 - [TEST_STEP][PASSED] - if (ExecuteTC.equalsIgnoreCase("Y")): null

2021-11-08 13:10:52 - [TEST_STEP][PASSED] - out.println("Begin Record Number: " + row): null

2021-11-08 13:10:52 - [TEST_STEP][PASSED] - today = new java.util.Date(): null

2021-11-08 13:10:52 - [TEST_STEP][PASSED] - println(today): null

2021-11-08 13:10:52 - [TEST_STEP][PASSED] - datText = today: null

2021-11-08 13:10:52 - [TEST_STEP][PASSED] - Taxtype = findTestData(dataFile).getValue("TaxType", row): null

2021-11-08 13:10:52 - [TEST_STEP][PASSED] - out.println("Taxtype value is : " + Taxtype): null

2021-11-08 13:10:52 - [TEST_STEP][PASSED] - openBrowser(""): Browser is opened with url: ''

2021-11-08 13:10:52 - [MESSAGE][WARNING] - A browser is already opened. Closing browser and opening a new one

2021-11-08 13:10:53 - [MESSAGE][INFO] - Starting 'Chrome' driver

2021-11-08 13:10:53 - [MESSAGE][INFO] - User set preference: ['acceptInsecureCerts', 'true']

2021-11-08 13:10:53 - [MESSAGE][INFO] - Action delay is set to 0 milliseconds

2021-11-08 13:10:54 - [MESSAGE][PASSED] - Browser is opened with url: ''

2021-11-08 13:10:54 - [TEST_STEP][PASSED] - maximizeWindow(): Current window maximized

2021-11-08 13:10:54 - [MESSAGE][PASSED] - Current window maximized

2021-11-08 13:10:54 - [TEST_STEP][PASSED] - navigateToUrl(RADurl): Navigate to 'https://qa.velocitypayment.com/client/rad/index.html' successfully

2021-11-08 13:10:56 - [MESSAGE][PASSED] - Navigate to 'https://qa.velocitypayment.com/client/rad/index.html' successfully

2021-11-08 13:10:56 - [TEST_STEP][PASSED] - orPath_Landing = "Object Repository/RAD_Pages/Landing_Page": null

2021-11-08 13:10:56 - [TEST_STEP][PASSED] - orPath_TaxTypeFilingYear = "Object Repository/RAD_Pages/TaxTypeFilingYear_Page": null

2021-11-08 13:10:56 - [TEST_STEP][PASSED] - orPath_TaxPayer = "Object Repository/RAD_Pages/Taxpayer_Page": null

2021-11-08 13:10:56 - [TEST_STEP][PASSED] - orPath_AddressContact = "Object Repository/RAD_Pages/AddressAndContactInfo_Page": null

2021-11-08 13:10:56 - [TEST_STEP][PASSED] - orPath_FilingStatus = "Object Repository/RAD_Pages/FilingStatus_Page": null

2021-11-08 13:10:56 - [TEST_STEP][PASSED] - orPath_Amount = "Object Repository/RAD_Pages/PaymentAmount_Page": null

2021-11-08 13:10:56 - [TEST_STEP][PASSED] - orPath_TaxInfo = "Object Repository/RAD_Pages/TaxInfo_Page": null

2021-11-08 13:10:56 - [TEST_STEP][PASSED] - orPath_Withholding = "Object Repository/RAD_Pages/Withholding_Page": null

2021-11-08 13:10:56 - [TEST_STEP][PASSED] - orPath_Summary = "Object Repository/RAD_Pages/Summary_Page": null

2021-11-08 13:10:56 - [TEST_STEP][PASSED] - orPath_PaymentReady = "Object Repository/RAD_Pages/PaymentReady_Page": null

2021-11-08 13:10:56 - [TEST_STEP][PASSED] - orPath_PaymentEntry = "Object Repository/RAD_Pages/PaymentEntry_Page": null

2021-11-08 13:10:56 - [TEST_STEP][PASSED] - orPath_PaymentConfirmation = "Object Repository/RAD_Pages/PaymentConfirmation_Page": null

2021-11-08 13:10:56 - [TEST_STEP][PASSED] - orPath_ServiceFeesAccept = "Object Repository/RAD_Pages/ServiceFeeAccept_Page": null

2021-11-08 13:10:56 - [TEST_STEP][PASSED] - selectOptionByLabel(findTestObject(orPath_Landing + "/dd_TaxType"), Taxtype, false): All options with label 'Existing Liability' are selected in object 'Object Repository/RAD_Pages/Landing_Page/dd_TaxType' 

2021-11-08 13:10:57 - [MESSAGE][PASSED] - All options with label 'Existing Liability' are selected in object 'Object Repository/RAD_Pages/Landing_Page/dd_TaxType' 

2021-11-08 13:10:57 - [TEST_STEP][PASSED] - delay(1): Delayed 1 second(s)

2021-11-08 13:10:58 - [MESSAGE][PASSED] - Delayed 1 second(s)

2021-11-08 13:10:58 - [TEST_STEP][PASSED] - selectOptionByLabel(findTestObject(orPath_TaxTypeFilingYear + "/select_TaxType_ExistingLiability"), TaxTypeEL, false): All options with label 'Personal Tax' are selected in object 'Object Repository/RAD_Pages/TaxTypeFilingYear_Page/select_TaxType_ExistingLiability' 

2021-11-08 13:10:59 - [MESSAGE][PASSED] - All options with label 'Personal Tax' are selected in object 'Object Repository/RAD_Pages/TaxTypeFilingYear_Page/select_TaxType_ExistingLiability' 

2021-11-08 13:10:59 - [TEST_STEP][PASSED] - selectOptionByLabel(findTestObject(orPath_TaxTypeFilingYear + "/select_FilingYear"), FilingYear, false): All options with label '2020' are selected in object 'Object Repository/RAD_Pages/TaxTypeFilingYear_Page/select_FilingYear' 

2021-11-08 13:10:59 - [MESSAGE][PASSED] - All options with label '2020' are selected in object 'Object Repository/RAD_Pages/TaxTypeFilingYear_Page/select_FilingYear' 

2021-11-08 13:10:59 - [TEST_STEP][PASSED] - setText(findTestObject(orPath_TaxPayer + "/input_firstName"), FName): Text 'Alec' is set on object 'Object Repository/RAD_Pages/Taxpayer_Page/input_firstName'

2021-11-08 13:11:00 - [MESSAGE][PASSED] - Text 'Alec' is set on object 'Object Repository/RAD_Pages/Taxpayer_Page/input_firstName'

2021-11-08 13:11:00 - [TEST_STEP][PASSED] - setText(findTestObject(orPath_TaxPayer + "/input_lastName"), LName): Text 'Bell' is set on object 'Object Repository/RAD_Pages/Taxpayer_Page/input_lastName'

2021-11-08 13:11:01 - [MESSAGE][PASSED] - Text 'Bell' is set on object 'Object Repository/RAD_Pages/Taxpayer_Page/input_lastName'

2021-11-08 13:11:01 - [TEST_STEP][PASSED] - setText(findTestObject(orPath_TaxPayer + "/input_middleName"), "Johns"): Text 'Johns' is set on object 'Object Repository/RAD_Pages/Taxpayer_Page/input_middleName'

2021-11-08 13:11:01 - [MESSAGE][PASSED] - Text 'Johns' is set on object 'Object Repository/RAD_Pages/Taxpayer_Page/input_middleName'

2021-11-08 13:11:01 - [TEST_STEP][PASSED] - setText(findTestObject(orPath_TaxPayer + "/input_suffix"), "Sr"): Text 'Sr' is set on object 'Object Repository/RAD_Pages/Taxpayer_Page/input_suffix'

2021-11-08 13:11:02 - [MESSAGE][PASSED] - Text 'Sr' is set on object 'Object Repository/RAD_Pages/Taxpayer_Page/input_suffix'

2021-11-08 13:11:02 - [TEST_STEP][PASSED] - selectOptionByLabel(findTestObject(orPath_AddressContact + "/select_Country"), "United States", false): All options with label 'United States' are selected in object 'Object Repository/RAD_Pages/AddressAndContactInfo_Page/select_Country' 

2021-11-08 13:11:03 - [MESSAGE][PASSED] - All options with label 'United States' are selected in object 'Object Repository/RAD_Pages/AddressAndContactInfo_Page/select_Country' 

2021-11-08 13:11:03 - [TEST_STEP][PASSED] - setText(findTestObject(orPath_AddressContact + "/input_streetAddress1"), AL1): Text '2336 Turn ct' is set on object 'Object Repository/RAD_Pages/AddressAndContactInfo_Page/input_streetAddress1'

2021-11-08 13:11:03 - [MESSAGE][PASSED] - Text '2336 Turn ct' is set on object 'Object Repository/RAD_Pages/AddressAndContactInfo_Page/input_streetAddress1'

2021-11-08 13:11:03 - [TEST_STEP][PASSED] - setText(findTestObject(orPath_AddressContact + "/input_streetAddress2"), ""): Text '' is set on object 'Object Repository/RAD_Pages/AddressAndContactInfo_Page/input_streetAddress2'

2021-11-08 13:11:04 - [MESSAGE][PASSED] - Text '' is set on object 'Object Repository/RAD_Pages/AddressAndContactInfo_Page/input_streetAddress2'

2021-11-08 13:11:04 - [TEST_STEP][PASSED] - setText(findTestObject(orPath_AddressContact + "/input_city"), City): Text 'Crofton' is set on object 'Object Repository/RAD_Pages/AddressAndContactInfo_Page/input_city'

2021-11-08 13:11:04 - [MESSAGE][PASSED] - Text 'Crofton' is set on object 'Object Repository/RAD_Pages/AddressAndContactInfo_Page/input_city'

2021-11-08 13:11:04 - [TEST_STEP][PASSED] - selectOptionByLabel(findTestObject(orPath_AddressContact + "/select_State"), "Maryland", false): All options with label 'Maryland' are selected in object 'Object Repository/RAD_Pages/AddressAndContactInfo_Page/select_State' 

2021-11-08 13:11:05 - [MESSAGE][PASSED] - All options with label 'Maryland' are selected in object 'Object Repository/RAD_Pages/AddressAndContactInfo_Page/select_State' 

2021-11-08 13:11:05 - [TEST_STEP][PASSED] - setText(findTestObject(orPath_AddressContact + "/input_zipCode"), ZIP): Text '21144' is set on object 'Object Repository/RAD_Pages/AddressAndContactInfo_Page/input_zipCode'

2021-11-08 13:11:06 - [MESSAGE][PASSED] - Text '21144' is set on object 'Object Repository/RAD_Pages/AddressAndContactInfo_Page/input_zipCode'

2021-11-08 13:11:06 - [TEST_STEP][PASSED] - setText(findTestObject(orPath_AddressContact + "/input_phoneNumber"), "(703) 894-5000"): Text '(703) 894-5000' is set on object 'Object Repository/RAD_Pages/AddressAndContactInfo_Page/input_phoneNumber'

2021-11-08 13:11:06 - [MESSAGE][PASSED] - Text '(703) 894-5000' is set on object 'Object Repository/RAD_Pages/AddressAndContactInfo_Page/input_phoneNumber'

2021-11-08 13:11:06 - [TEST_STEP][PASSED] - setText(findTestObject(orPath_AddressContact + "/input_eMailAddress"), "iahmed@govolution.com"): Text 'iahmed@govolution.com' is set on object 'Object Repository/RAD_Pages/AddressAndContactInfo_Page/input_eMailAddress'

2021-11-08 13:11:07 - [MESSAGE][PASSED] - Text 'iahmed@govolution.com' is set on object 'Object Repository/RAD_Pages/AddressAndContactInfo_Page/input_eMailAddress'

2021-11-08 13:11:07 - [TEST_STEP][PASSED] - setText(findTestObject(orPath_AddressContact + "/input_reEnterEMailAddress"), "iahmed@govolution.com"): Text 'iahmed@govolution.com' is set on object 'Object Repository/RAD_Pages/AddressAndContactInfo_Page/input_reEnterEMailAddress'

2021-11-08 13:11:08 - [MESSAGE][PASSED] - Text 'iahmed@govolution.com' is set on object 'Object Repository/RAD_Pages/AddressAndContactInfo_Page/input_reEnterEMailAddress'

2021-11-08 13:11:08 - [TEST_STEP][PASSED] - if (!(SSN.isEmpty())): Text '123459630' is set on object 'Object Repository/RAD_Pages/TaxInfo_Page/input_TaxInfo_reTaxTypeExisitingSSN'

2021-11-08 13:11:08 - [TEST_STEP][PASSED] - setText(findTestObject(orPath_TaxInfo + "/input_TaxInfo_ExisitingSSN"), SSN): Text '123459630' is set on object 'Object Repository/RAD_Pages/TaxInfo_Page/input_TaxInfo_ExisitingSSN'

2021-11-08 13:11:08 - [MESSAGE][PASSED] - Text '123459630' is set on object 'Object Repository/RAD_Pages/TaxInfo_Page/input_TaxInfo_ExisitingSSN'

2021-11-08 13:11:08 - [TEST_STEP][PASSED] - setText(findTestObject(orPath_TaxInfo + "/input_TaxInfo_reTaxTypeExisitingSSN"), SSN): Text '123459630' is set on object 'Object Repository/RAD_Pages/TaxInfo_Page/input_TaxInfo_reTaxTypeExisitingSSN'

2021-11-08 13:11:09 - [MESSAGE][PASSED] - Text '123459630' is set on object 'Object Repository/RAD_Pages/TaxInfo_Page/input_TaxInfo_reTaxTypeExisitingSSN'

2021-11-08 13:11:09 - [TEST_STEP][PASSED] - scrollToElement(findTestObject(orPath_Amount + "/input__paymentAmount"), 3): Scroll to object 'Object Repository/RAD_Pages/PaymentAmount_Page/input__paymentAmount' successfully

2021-11-08 13:11:09 - [MESSAGE][PASSED] - Scroll to object 'Object Repository/RAD_Pages/PaymentAmount_Page/input__paymentAmount' successfully

2021-11-08 13:11:09 - [TEST_STEP][PASSED] - if (!(FEIN.isEmpty())): null

2021-11-08 13:11:09 - [TEST_STEP][PASSED] - delay(1): Delayed 1 second(s)

2021-11-08 13:11:10 - [MESSAGE][PASSED] - Delayed 1 second(s)

2021-11-08 13:11:10 - [TEST_STEP][PASSED] - setText(findTestObject(orPath_TaxInfo + "/input_NoticeInvoiceNumber"), "258147147"): Text '258147147' is set on object 'Object Repository/RAD_Pages/TaxInfo_Page/input_NoticeInvoiceNumber'

2021-11-08 13:11:11 - [MESSAGE][PASSED] - Text '258147147' is set on object 'Object Repository/RAD_Pages/TaxInfo_Page/input_NoticeInvoiceNumber'

2021-11-08 13:11:11 - [TEST_STEP][PASSED] - setText(findTestObject(orPath_TaxInfo + "/input_reTypeNoticeInvoiceNumber"), "258147147"): Text '258147147' is set on object 'Object Repository/RAD_Pages/TaxInfo_Page/input_reTypeNoticeInvoiceNumber'

2021-11-08 13:11:12 - [MESSAGE][PASSED] - Text '258147147' is set on object 'Object Repository/RAD_Pages/TaxInfo_Page/input_reTypeNoticeInvoiceNumber'

2021-11-08 13:11:12 - [TEST_STEP][PASSED] - if (TaxTypeEL.equalsIgnoreCase("Sales & Use Tax")): null

2021-11-08 13:11:12 - [TEST_STEP][PASSED] - setText(findTestObject(orPath_Amount + "/input__paymentAmount"), Amount): Text '30.50' is set on object 'Object Repository/RAD_Pages/PaymentAmount_Page/input__paymentAmount'

2021-11-08 13:11:13 - [MESSAGE][PASSED] - Text '30.50' is set on object 'Object Repository/RAD_Pages/PaymentAmount_Page/input__paymentAmount'

2021-11-08 13:11:13 - [TEST_STEP][PASSED] - scrollToElement(findTestObject(orPath_Landing + "/button_Continue"), 3): Scroll to object 'Object Repository/RAD_Pages/Landing_Page/button_Continue' successfully

2021-11-08 13:11:13 - [MESSAGE][PASSED] - Scroll to object 'Object Repository/RAD_Pages/Landing_Page/button_Continue' successfully

2021-11-08 13:11:13 - [TEST_STEP][PASSED] - waitForElementClickable(findTestObject(orPath_Landing + "/button_Continue"), 5): Object 'Object Repository/RAD_Pages/Landing_Page/button_Continue' is clickable

2021-11-08 13:11:13 - [MESSAGE][PASSED] - Object 'Object Repository/RAD_Pages/Landing_Page/button_Continue' is clickable

2021-11-08 13:11:13 - [TEST_STEP][PASSED] - click(findTestObject(orPath_Landing + "/button_Continue")): Object: 'Object Repository/RAD_Pages/Landing_Page/button_Continue' is clicked on

2021-11-08 13:11:14 - [MESSAGE][PASSED] - Object: 'Object Repository/RAD_Pages/Landing_Page/button_Continue' is clicked on

2021-11-08 13:11:14 - [TEST_STEP][PASSED] - verifyTextPresent("Review the information below and make any necessary corrections by clicking the", true): Text 'Review the information below and make any necessary corrections by clicking the' is present on page  using regular expression

2021-11-08 13:11:14 - [MESSAGE][PASSED] - Text 'Review the information below and make any necessary corrections by clicking the' is present on page  using regular expression

2021-11-08 13:11:14 - [TEST_STEP][PASSED] - verifyTextPresent("When you are confident that all the information is correct", true): Text 'When you are confident that all the information is correct' is present on page  using regular expression

2021-11-08 13:11:15 - [MESSAGE][PASSED] - Text 'When you are confident that all the information is correct' is present on page  using regular expression

2021-11-08 13:11:15 - [TEST_STEP][PASSED] - delay(1): Delayed 1 second(s)

2021-11-08 13:11:16 - [MESSAGE][PASSED] - Delayed 1 second(s)

2021-11-08 13:11:16 - [TEST_STEP][PASSED] - click(findTestObject(orPath_PaymentReady + "/button_ProceedtoPayment")): Object: 'Object Repository/RAD_Pages/PaymentReady_Page/button_ProceedtoPayment' is clicked on

2021-11-08 13:11:18 - [MESSAGE][PASSED] - Object: 'Object Repository/RAD_Pages/PaymentReady_Page/button_ProceedtoPayment' is clicked on

2021-11-08 13:11:18 - [TEST_STEP][PASSED] - setText(findTestObject(orPath_PaymentEntry + "/input__cardNumber"), CCNumber): Text '6011000993026909' is set on object 'Object Repository/RAD_Pages/PaymentEntry_Page/input__cardNumber'

2021-11-08 13:11:19 - [MESSAGE][PASSED] - Text '6011000993026909' is set on object 'Object Repository/RAD_Pages/PaymentEntry_Page/input__cardNumber'

2021-11-08 13:11:19 - [TEST_STEP][PASSED] - setText(findTestObject(orPath_PaymentEntry + "/input__spc"), CVV): Text '123' is set on object 'Object Repository/RAD_Pages/PaymentEntry_Page/input__spc'

2021-11-08 13:11:19 - [MESSAGE][PASSED] - Text '123' is set on object 'Object Repository/RAD_Pages/PaymentEntry_Page/input__spc'

2021-11-08 13:11:19 - [TEST_STEP][PASSED] - selectOptionByLabel(findTestObject(orPath_PaymentEntry + "/select_MM"), "12", false): All options with label '12' are selected in object 'Object Repository/RAD_Pages/PaymentEntry_Page/select_MM' 

2021-11-08 13:11:20 - [MESSAGE][PASSED] - All options with label '12' are selected in object 'Object Repository/RAD_Pages/PaymentEntry_Page/select_MM' 

2021-11-08 13:11:20 - [TEST_STEP][PASSED] - selectOptionByLabel(findTestObject(orPath_PaymentEntry + "/select_YYYY"), "2023", false): All options with label '2023' are selected in object 'Object Repository/RAD_Pages/PaymentEntry_Page/select_YYYY' 

2021-11-08 13:11:20 - [MESSAGE][PASSED] - All options with label '2023' are selected in object 'Object Repository/RAD_Pages/PaymentEntry_Page/select_YYYY' 

2021-11-08 13:11:20 - [TEST_STEP][PASSED] - click(findTestObject(orPath_PaymentEntry + "/input_Field_ccSubmit")): Object: 'Object Repository/RAD_Pages/PaymentEntry_Page/input_Field_ccSubmit' is clicked on

2021-11-08 13:11:22 - [MESSAGE][PASSED] - Object: 'Object Repository/RAD_Pages/PaymentEntry_Page/input_Field_ccSubmit' is clicked on

2021-11-08 13:11:22 - [TEST_STEP][PASSED] - click(findTestObject(orPath_PaymentConfirmation + "/input_N_confirmNotifyAction")): Object: 'Object Repository/RAD_Pages/PaymentConfirmation_Page/input_N_confirmNotifyAction' is clicked on

2021-11-08 13:11:23 - [MESSAGE][PASSED] - Object: 'Object Repository/RAD_Pages/PaymentConfirmation_Page/input_N_confirmNotifyAction' is clicked on

2021-11-08 13:11:23 - [TEST_STEP][PASSED] - click(findTestObject(orPath_ServiceFeesAccept + "/input_convFeeNotifyAction")): Object: 'Object Repository/RAD_Pages/ServiceFeeAccept_Page/input_convFeeNotifyAction' is clicked on

2021-11-08 13:11:24 - [MESSAGE][PASSED] - Object: 'Object Repository/RAD_Pages/ServiceFeeAccept_Page/input_convFeeNotifyAction' is clicked on

2021-11-08 13:11:24 - [TEST_STEP][PASSED] - delay(10): Delayed 10 second(s)

2021-11-08 13:11:34 - [MESSAGE][PASSED] - Delayed 10 second(s)

2021-11-08 13:11:34 - [TEST_STEP][PASSED] - verifyTextPresent("Successful Payment Receipt", true): Text 'Successful Payment Receipt' is present on page  using regular expression

2021-11-08 13:11:35 - [MESSAGE][PASSED] - Text 'Successful Payment Receipt' is present on page  using regular expression

2021-11-08 13:11:35 - [TEST_STEP][PASSED] - if (verifyTextPresent("Successful Payment Receipt", true)): null

2021-11-08 13:11:35 - [MESSAGE][PASSED] - Text 'Successful Payment Receipt' is present on page  using regular expression

2021-11-08 13:11:35 - [TEST_STEP][PASSED] - println("Transaction was Successful"): null

2021-11-08 13:11:35 - [TEST_STEP][PASSED] - out.println("Pass Record Number: " + row): null

2021-11-08 13:11:35 - [TEST_STEP][PASSED] - resText = "Pass": null

2021-11-08 13:11:35 - [TEST_STEP][PASSED] - pages.WriteExcel.demoKey(resText, datText, resColumn, datCloumn, fileLoc, nameSheet, row): pages.WriteExcel.demoKey is PASSED

2021-11-08 13:11:35 - [MESSAGE][PASSED] - pages.WriteExcel.demoKey is PASSED

2021-11-08 13:11:35 - [TEST_STEP][PASSED] - ExecuteTC = findTestData(dataFile).getValue("Execute", row): null

2021-11-08 13:11:35 - [TEST_STEP][PASSED] - Taxtype = findTestData(dataFile).getValue("TaxType", row): null

2021-11-08 13:11:35 - [TEST_STEP][PASSED] - TaxTypeEL = findTestData(dataFile).getValue("TaxTypeEL", row): null

2021-11-08 13:11:35 - [TEST_STEP][PASSED] - FilingYear = findTestData(dataFile).getValue("FilingYear", row): null

2021-11-08 13:11:35 - [TEST_STEP][PASSED] - FName = findTestData(dataFile).getValue("Fname", row): null

2021-11-08 13:11:35 - [TEST_STEP][PASSED] - LName = findTestData(dataFile).getValue("Lname", row): null

2021-11-08 13:11:35 - [TEST_STEP][PASSED] - AL1 = findTestData(dataFile).getValue("AL1", row): null

2021-11-08 13:11:35 - [TEST_STEP][PASSED] - City = findTestData(dataFile).getValue("City", row): null

2021-11-08 13:11:35 - [TEST_STEP][PASSED] - ZIP = findTestData(dataFile).getValue("ZIP", row): null

2021-11-08 13:11:35 - [TEST_STEP][PASSED] - Amount = findTestData(dataFile).getValue("Amount", row): null

2021-11-08 13:11:35 - [TEST_STEP][PASSED] - CCNumber = findTestData(dataFile).getValue("CCNumber", row): null

2021-11-08 13:11:35 - [TEST_STEP][PASSED] - CVV = findTestData(dataFile).getValue("CVV", row): null

2021-11-08 13:11:35 - [TEST_STEP][PASSED] - SSN = findTestData(dataFile).getValue("SSN", row): null

2021-11-08 13:11:35 - [TEST_STEP][PASSED] - FEIN = findTestData(dataFile).getValue("FEIN", row): null

2021-11-08 13:11:35 - [TEST_STEP][PASSED] - out.println("Value of Execute is : " + ExecuteTC): null

2021-11-08 13:11:35 - [TEST_STEP][PASSED] - if (ExecuteTC.equalsIgnoreCase("Y")): null

2021-11-08 13:11:35 - [TEST_STEP][PASSED] - out.println("Begin Record Number: " + row): null

2021-11-08 13:11:35 - [TEST_STEP][PASSED] - today = new java.util.Date(): null

2021-11-08 13:11:35 - [TEST_STEP][PASSED] - println(today): null

2021-11-08 13:11:35 - [TEST_STEP][PASSED] - datText = today: null

2021-11-08 13:11:35 - [TEST_STEP][PASSED] - Taxtype = findTestData(dataFile).getValue("TaxType", row): null

2021-11-08 13:11:35 - [TEST_STEP][PASSED] - out.println("Taxtype value is : " + Taxtype): null

2021-11-08 13:11:35 - [TEST_STEP][PASSED] - openBrowser(""): Browser is opened with url: ''

2021-11-08 13:11:35 - [MESSAGE][WARNING] - A browser is already opened. Closing browser and opening a new one

2021-11-08 13:11:36 - [MESSAGE][INFO] - Starting 'Chrome' driver

2021-11-08 13:11:36 - [MESSAGE][INFO] - User set preference: ['acceptInsecureCerts', 'true']

2021-11-08 13:11:36 - [MESSAGE][INFO] - Action delay is set to 0 milliseconds

2021-11-08 13:11:38 - [MESSAGE][PASSED] - Browser is opened with url: ''

2021-11-08 13:11:38 - [TEST_STEP][PASSED] - maximizeWindow(): Current window maximized

2021-11-08 13:11:38 - [MESSAGE][PASSED] - Current window maximized

2021-11-08 13:11:38 - [TEST_STEP][PASSED] - navigateToUrl(RADurl): Navigate to 'https://qa.velocitypayment.com/client/rad/index.html' successfully

2021-11-08 13:11:40 - [MESSAGE][PASSED] - Navigate to 'https://qa.velocitypayment.com/client/rad/index.html' successfully

2021-11-08 13:11:40 - [TEST_STEP][PASSED] - orPath_Landing = "Object Repository/RAD_Pages/Landing_Page": null

2021-11-08 13:11:40 - [TEST_STEP][PASSED] - orPath_TaxTypeFilingYear = "Object Repository/RAD_Pages/TaxTypeFilingYear_Page": null

2021-11-08 13:11:40 - [TEST_STEP][PASSED] - orPath_TaxPayer = "Object Repository/RAD_Pages/Taxpayer_Page": null

2021-11-08 13:11:40 - [TEST_STEP][PASSED] - orPath_AddressContact = "Object Repository/RAD_Pages/AddressAndContactInfo_Page": null

2021-11-08 13:11:40 - [TEST_STEP][PASSED] - orPath_FilingStatus = "Object Repository/RAD_Pages/FilingStatus_Page": null

2021-11-08 13:11:40 - [TEST_STEP][PASSED] - orPath_Amount = "Object Repository/RAD_Pages/PaymentAmount_Page": null

2021-11-08 13:11:40 - [TEST_STEP][PASSED] - orPath_TaxInfo = "Object Repository/RAD_Pages/TaxInfo_Page": null

2021-11-08 13:11:40 - [TEST_STEP][PASSED] - orPath_Withholding = "Object Repository/RAD_Pages/Withholding_Page": null

2021-11-08 13:11:40 - [TEST_STEP][PASSED] - orPath_Summary = "Object Repository/RAD_Pages/Summary_Page": null

2021-11-08 13:11:40 - [TEST_STEP][PASSED] - orPath_PaymentReady = "Object Repository/RAD_Pages/PaymentReady_Page": null

2021-11-08 13:11:40 - [TEST_STEP][PASSED] - orPath_PaymentEntry = "Object Repository/RAD_Pages/PaymentEntry_Page": null

2021-11-08 13:11:40 - [TEST_STEP][PASSED] - orPath_PaymentConfirmation = "Object Repository/RAD_Pages/PaymentConfirmation_Page": null

2021-11-08 13:11:40 - [TEST_STEP][PASSED] - orPath_ServiceFeesAccept = "Object Repository/RAD_Pages/ServiceFeeAccept_Page": null

2021-11-08 13:11:40 - [TEST_STEP][PASSED] - selectOptionByLabel(findTestObject(orPath_Landing + "/dd_TaxType"), Taxtype, false): All options with label 'Existing Liability' are selected in object 'Object Repository/RAD_Pages/Landing_Page/dd_TaxType' 

2021-11-08 13:11:41 - [MESSAGE][PASSED] - All options with label 'Existing Liability' are selected in object 'Object Repository/RAD_Pages/Landing_Page/dd_TaxType' 

2021-11-08 13:11:41 - [TEST_STEP][PASSED] - delay(1): Delayed 1 second(s)

2021-11-08 13:11:42 - [MESSAGE][PASSED] - Delayed 1 second(s)

2021-11-08 13:11:42 - [TEST_STEP][PASSED] - selectOptionByLabel(findTestObject(orPath_TaxTypeFilingYear + "/select_TaxType_ExistingLiability"), TaxTypeEL, false): All options with label 'Personal Tax' are selected in object 'Object Repository/RAD_Pages/TaxTypeFilingYear_Page/select_TaxType_ExistingLiability' 

2021-11-08 13:11:42 - [MESSAGE][PASSED] - All options with label 'Personal Tax' are selected in object 'Object Repository/RAD_Pages/TaxTypeFilingYear_Page/select_TaxType_ExistingLiability' 

2021-11-08 13:11:42 - [TEST_STEP][PASSED] - selectOptionByLabel(findTestObject(orPath_TaxTypeFilingYear + "/select_FilingYear"), FilingYear, false): All options with label '2020' are selected in object 'Object Repository/RAD_Pages/TaxTypeFilingYear_Page/select_FilingYear' 

2021-11-08 13:11:43 - [MESSAGE][PASSED] - All options with label '2020' are selected in object 'Object Repository/RAD_Pages/TaxTypeFilingYear_Page/select_FilingYear' 

2021-11-08 13:11:43 - [TEST_STEP][PASSED] - setText(findTestObject(orPath_TaxPayer + "/input_firstName"), FName): Text 'Alec' is set on object 'Object Repository/RAD_Pages/Taxpayer_Page/input_firstName'

2021-11-08 13:11:44 - [MESSAGE][PASSED] - Text 'Alec' is set on object 'Object Repository/RAD_Pages/Taxpayer_Page/input_firstName'

2021-11-08 13:11:44 - [TEST_STEP][PASSED] - setText(findTestObject(orPath_TaxPayer + "/input_lastName"), LName): Text 'Bell' is set on object 'Object Repository/RAD_Pages/Taxpayer_Page/input_lastName'

2021-11-08 13:11:44 - [MESSAGE][PASSED] - Text 'Bell' is set on object 'Object Repository/RAD_Pages/Taxpayer_Page/input_lastName'

2021-11-08 13:11:44 - [TEST_STEP][PASSED] - setText(findTestObject(orPath_TaxPayer + "/input_middleName"), "Johns"): Text 'Johns' is set on object 'Object Repository/RAD_Pages/Taxpayer_Page/input_middleName'

2021-11-08 13:11:45 - [MESSAGE][PASSED] - Text 'Johns' is set on object 'Object Repository/RAD_Pages/Taxpayer_Page/input_middleName'

2021-11-08 13:11:45 - [TEST_STEP][PASSED] - setText(findTestObject(orPath_TaxPayer + "/input_suffix"), "Sr"): Text 'Sr' is set on object 'Object Repository/RAD_Pages/Taxpayer_Page/input_suffix'

2021-11-08 13:11:45 - [MESSAGE][PASSED] - Text 'Sr' is set on object 'Object Repository/RAD_Pages/Taxpayer_Page/input_suffix'

2021-11-08 13:11:45 - [TEST_STEP][PASSED] - selectOptionByLabel(findTestObject(orPath_AddressContact + "/select_Country"), "United States", false): All options with label 'United States' are selected in object 'Object Repository/RAD_Pages/AddressAndContactInfo_Page/select_Country' 

2021-11-08 13:11:46 - [MESSAGE][PASSED] - All options with label 'United States' are selected in object 'Object Repository/RAD_Pages/AddressAndContactInfo_Page/select_Country' 

2021-11-08 13:11:46 - [TEST_STEP][PASSED] - setText(findTestObject(orPath_AddressContact + "/input_streetAddress1"), AL1): Text '2336 Turn ct' is set on object 'Object Repository/RAD_Pages/AddressAndContactInfo_Page/input_streetAddress1'

2021-11-08 13:11:47 - [MESSAGE][PASSED] - Text '2336 Turn ct' is set on object 'Object Repository/RAD_Pages/AddressAndContactInfo_Page/input_streetAddress1'

2021-11-08 13:11:47 - [TEST_STEP][PASSED] - setText(findTestObject(orPath_AddressContact + "/input_streetAddress2"), ""): Text '' is set on object 'Object Repository/RAD_Pages/AddressAndContactInfo_Page/input_streetAddress2'

2021-11-08 13:11:47 - [MESSAGE][PASSED] - Text '' is set on object 'Object Repository/RAD_Pages/AddressAndContactInfo_Page/input_streetAddress2'

2021-11-08 13:11:47 - [TEST_STEP][PASSED] - setText(findTestObject(orPath_AddressContact + "/input_city"), City): Text 'Crofton' is set on object 'Object Repository/RAD_Pages/AddressAndContactInfo_Page/input_city'

2021-11-08 13:11:48 - [MESSAGE][PASSED] - Text 'Crofton' is set on object 'Object Repository/RAD_Pages/AddressAndContactInfo_Page/input_city'

2021-11-08 13:11:48 - [TEST_STEP][PASSED] - selectOptionByLabel(findTestObject(orPath_AddressContact + "/select_State"), "Maryland", false): All options with label 'Maryland' are selected in object 'Object Repository/RAD_Pages/AddressAndContactInfo_Page/select_State' 

2021-11-08 13:11:49 - [MESSAGE][PASSED] - All options with label 'Maryland' are selected in object 'Object Repository/RAD_Pages/AddressAndContactInfo_Page/select_State' 

2021-11-08 13:11:49 - [TEST_STEP][PASSED] - setText(findTestObject(orPath_AddressContact + "/input_zipCode"), ZIP): Text '21144' is set on object 'Object Repository/RAD_Pages/AddressAndContactInfo_Page/input_zipCode'

2021-11-08 13:11:49 - [MESSAGE][PASSED] - Text '21144' is set on object 'Object Repository/RAD_Pages/AddressAndContactInfo_Page/input_zipCode'

2021-11-08 13:11:49 - [TEST_STEP][PASSED] - setText(findTestObject(orPath_AddressContact + "/input_phoneNumber"), "(703) 894-5000"): Text '(703) 894-5000' is set on object 'Object Repository/RAD_Pages/AddressAndContactInfo_Page/input_phoneNumber'

2021-11-08 13:11:50 - [MESSAGE][PASSED] - Text '(703) 894-5000' is set on object 'Object Repository/RAD_Pages/AddressAndContactInfo_Page/input_phoneNumber'

2021-11-08 13:11:50 - [TEST_STEP][PASSED] - setText(findTestObject(orPath_AddressContact + "/input_eMailAddress"), "iahmed@govolution.com"): Text 'iahmed@govolution.com' is set on object 'Object Repository/RAD_Pages/AddressAndContactInfo_Page/input_eMailAddress'

2021-11-08 13:11:51 - [MESSAGE][PASSED] - Text 'iahmed@govolution.com' is set on object 'Object Repository/RAD_Pages/AddressAndContactInfo_Page/input_eMailAddress'

2021-11-08 13:11:51 - [TEST_STEP][PASSED] - setText(findTestObject(orPath_AddressContact + "/input_reEnterEMailAddress"), "iahmed@govolution.com"): Text 'iahmed@govolution.com' is set on object 'Object Repository/RAD_Pages/AddressAndContactInfo_Page/input_reEnterEMailAddress'

2021-11-08 13:11:51 - [MESSAGE][PASSED] - Text 'iahmed@govolution.com' is set on object 'Object Repository/RAD_Pages/AddressAndContactInfo_Page/input_reEnterEMailAddress'

2021-11-08 13:11:51 - [TEST_STEP][PASSED] - if (!(SSN.isEmpty())): null

2021-11-08 13:11:51 - [TEST_STEP][PASSED] - scrollToElement(findTestObject(orPath_Amount + "/input__paymentAmount"), 3): Scroll to object 'Object Repository/RAD_Pages/PaymentAmount_Page/input__paymentAmount' successfully

2021-11-08 13:11:52 - [MESSAGE][PASSED] - Scroll to object 'Object Repository/RAD_Pages/PaymentAmount_Page/input__paymentAmount' successfully

2021-11-08 13:11:52 - [TEST_STEP][PASSED] - if (!(FEIN.isEmpty())): Text '258369261' is set on object 'Object Repository/RAD_Pages/TaxInfo_Page/input_ReTypeFEIN'

2021-11-08 13:11:52 - [TEST_STEP][PASSED] - setText(findTestObject(orPath_TaxInfo + "/input_FEIN"), FEIN): Text '258369261' is set on object 'Object Repository/RAD_Pages/TaxInfo_Page/input_FEIN'

2021-11-08 13:11:53 - [MESSAGE][PASSED] - Text '258369261' is set on object 'Object Repository/RAD_Pages/TaxInfo_Page/input_FEIN'

2021-11-08 13:11:53 - [TEST_STEP][PASSED] - setText(findTestObject(orPath_TaxInfo + "/input_ReTypeFEIN"), FEIN): Text '258369261' is set on object 'Object Repository/RAD_Pages/TaxInfo_Page/input_ReTypeFEIN'

2021-11-08 13:11:53 - [MESSAGE][PASSED] - Text '258369261' is set on object 'Object Repository/RAD_Pages/TaxInfo_Page/input_ReTypeFEIN'

2021-11-08 13:11:53 - [TEST_STEP][PASSED] - delay(1): Delayed 1 second(s)

2021-11-08 13:11:54 - [MESSAGE][PASSED] - Delayed 1 second(s)

2021-11-08 13:11:54 - [TEST_STEP][PASSED] - setText(findTestObject(orPath_TaxInfo + "/input_NoticeInvoiceNumber"), "258147147"): Text '258147147' is set on object 'Object Repository/RAD_Pages/TaxInfo_Page/input_NoticeInvoiceNumber'

2021-11-08 13:11:55 - [MESSAGE][PASSED] - Text '258147147' is set on object 'Object Repository/RAD_Pages/TaxInfo_Page/input_NoticeInvoiceNumber'

2021-11-08 13:11:55 - [TEST_STEP][PASSED] - setText(findTestObject(orPath_TaxInfo + "/input_reTypeNoticeInvoiceNumber"), "258147147"): Text '258147147' is set on object 'Object Repository/RAD_Pages/TaxInfo_Page/input_reTypeNoticeInvoiceNumber'

2021-11-08 13:11:56 - [MESSAGE][PASSED] - Text '258147147' is set on object 'Object Repository/RAD_Pages/TaxInfo_Page/input_reTypeNoticeInvoiceNumber'

2021-11-08 13:11:56 - [TEST_STEP][PASSED] - if (TaxTypeEL.equalsIgnoreCase("Sales & Use Tax")): null

2021-11-08 13:11:56 - [TEST_STEP][PASSED] - setText(findTestObject(orPath_Amount + "/input__paymentAmount"), Amount): Text '30.50' is set on object 'Object Repository/RAD_Pages/PaymentAmount_Page/input__paymentAmount'

2021-11-08 13:11:57 - [MESSAGE][PASSED] - Text '30.50' is set on object 'Object Repository/RAD_Pages/PaymentAmount_Page/input__paymentAmount'

2021-11-08 13:11:57 - [TEST_STEP][PASSED] - scrollToElement(findTestObject(orPath_Landing + "/button_Continue"), 3): Scroll to object 'Object Repository/RAD_Pages/Landing_Page/button_Continue' successfully

2021-11-08 13:11:57 - [MESSAGE][PASSED] - Scroll to object 'Object Repository/RAD_Pages/Landing_Page/button_Continue' successfully

2021-11-08 13:11:57 - [TEST_STEP][PASSED] - waitForElementClickable(findTestObject(orPath_Landing + "/button_Continue"), 5): Object 'Object Repository/RAD_Pages/Landing_Page/button_Continue' is clickable

2021-11-08 13:11:57 - [MESSAGE][PASSED] - Object 'Object Repository/RAD_Pages/Landing_Page/button_Continue' is clickable

2021-11-08 13:11:57 - [TEST_STEP][PASSED] - click(findTestObject(orPath_Landing + "/button_Continue")): Object: 'Object Repository/RAD_Pages/Landing_Page/button_Continue' is clicked on

2021-11-08 13:11:58 - [MESSAGE][PASSED] - Object: 'Object Repository/RAD_Pages/Landing_Page/button_Continue' is clicked on

2021-11-08 13:11:58 - [TEST_STEP][PASSED] - verifyTextPresent("Review the information below and make any necessary corrections by clicking the", true): Text 'Review the information below and make any necessary corrections by clicking the' is present on page  using regular expression

2021-11-08 13:11:58 - [MESSAGE][PASSED] - Text 'Review the information below and make any necessary corrections by clicking the' is present on page  using regular expression

2021-11-08 13:11:58 - [TEST_STEP][PASSED] - verifyTextPresent("When you are confident that all the information is correct", true): Text 'When you are confident that all the information is correct' is present on page  using regular expression

2021-11-08 13:11:59 - [MESSAGE][PASSED] - Text 'When you are confident that all the information is correct' is present on page  using regular expression

2021-11-08 13:11:59 - [TEST_STEP][PASSED] - delay(1): Delayed 1 second(s)

2021-11-08 13:12:00 - [MESSAGE][PASSED] - Delayed 1 second(s)

2021-11-08 13:12:00 - [TEST_STEP][PASSED] - click(findTestObject(orPath_PaymentReady + "/button_ProceedtoPayment")): Object: 'Object Repository/RAD_Pages/PaymentReady_Page/button_ProceedtoPayment' is clicked on

2021-11-08 13:12:01 - [MESSAGE][PASSED] - Object: 'Object Repository/RAD_Pages/PaymentReady_Page/button_ProceedtoPayment' is clicked on

2021-11-08 13:12:01 - [TEST_STEP][PASSED] - setText(findTestObject(orPath_PaymentEntry + "/input__cardNumber"), CCNumber): Text '6011000993026909' is set on object 'Object Repository/RAD_Pages/PaymentEntry_Page/input__cardNumber'

2021-11-08 13:12:02 - [MESSAGE][PASSED] - Text '6011000993026909' is set on object 'Object Repository/RAD_Pages/PaymentEntry_Page/input__cardNumber'

2021-11-08 13:12:02 - [TEST_STEP][PASSED] - setText(findTestObject(orPath_PaymentEntry + "/input__spc"), CVV): Text '123' is set on object 'Object Repository/RAD_Pages/PaymentEntry_Page/input__spc'

2021-11-08 13:12:03 - [MESSAGE][PASSED] - Text '123' is set on object 'Object Repository/RAD_Pages/PaymentEntry_Page/input__spc'

2021-11-08 13:12:03 - [TEST_STEP][PASSED] - selectOptionByLabel(findTestObject(orPath_PaymentEntry + "/select_MM"), "12", false): All options with label '12' are selected in object 'Object Repository/RAD_Pages/PaymentEntry_Page/select_MM' 

2021-11-08 13:12:04 - [MESSAGE][PASSED] - All options with label '12' are selected in object 'Object Repository/RAD_Pages/PaymentEntry_Page/select_MM' 

2021-11-08 13:12:04 - [TEST_STEP][PASSED] - selectOptionByLabel(findTestObject(orPath_PaymentEntry + "/select_YYYY"), "2023", false): All options with label '2023' are selected in object 'Object Repository/RAD_Pages/PaymentEntry_Page/select_YYYY' 

2021-11-08 13:12:04 - [MESSAGE][PASSED] - All options with label '2023' are selected in object 'Object Repository/RAD_Pages/PaymentEntry_Page/select_YYYY' 

2021-11-08 13:12:04 - [TEST_STEP][PASSED] - click(findTestObject(orPath_PaymentEntry + "/input_Field_ccSubmit")): Object: 'Object Repository/RAD_Pages/PaymentEntry_Page/input_Field_ccSubmit' is clicked on

2021-11-08 13:12:05 - [MESSAGE][PASSED] - Object: 'Object Repository/RAD_Pages/PaymentEntry_Page/input_Field_ccSubmit' is clicked on

2021-11-08 13:12:05 - [TEST_STEP][PASSED] - click(findTestObject(orPath_PaymentConfirmation + "/input_N_confirmNotifyAction")): Object: 'Object Repository/RAD_Pages/PaymentConfirmation_Page/input_N_confirmNotifyAction' is clicked on

2021-11-08 13:12:06 - [MESSAGE][PASSED] - Object: 'Object Repository/RAD_Pages/PaymentConfirmation_Page/input_N_confirmNotifyAction' is clicked on

2021-11-08 13:12:06 - [TEST_STEP][PASSED] - click(findTestObject(orPath_ServiceFeesAccept + "/input_convFeeNotifyAction")): Object: 'Object Repository/RAD_Pages/ServiceFeeAccept_Page/input_convFeeNotifyAction' is clicked on

2021-11-08 13:12:08 - [MESSAGE][PASSED] - Object: 'Object Repository/RAD_Pages/ServiceFeeAccept_Page/input_convFeeNotifyAction' is clicked on

2021-11-08 13:12:08 - [TEST_STEP][PASSED] - delay(10): Delayed 10 second(s)

2021-11-08 13:12:18 - [MESSAGE][PASSED] - Delayed 10 second(s)

2021-11-08 13:12:18 - [TEST_STEP][PASSED] - verifyTextPresent("Successful Payment Receipt", true): Text 'Successful Payment Receipt' is present on page  using regular expression

2021-11-08 13:12:18 - [MESSAGE][PASSED] - Text 'Successful Payment Receipt' is present on page  using regular expression

2021-11-08 13:12:18 - [TEST_STEP][PASSED] - if (verifyTextPresent("Successful Payment Receipt", true)): null

2021-11-08 13:12:19 - [MESSAGE][PASSED] - Text 'Successful Payment Receipt' is present on page  using regular expression

2021-11-08 13:12:19 - [TEST_STEP][PASSED] - println("Transaction was Successful"): null

2021-11-08 13:12:19 - [TEST_STEP][PASSED] - out.println("Pass Record Number: " + row): null

2021-11-08 13:12:19 - [TEST_STEP][PASSED] - resText = "Pass": null

2021-11-08 13:12:19 - [TEST_STEP][PASSED] - pages.WriteExcel.demoKey(resText, datText, resColumn, datCloumn, fileLoc, nameSheet, row): pages.WriteExcel.demoKey is PASSED

2021-11-08 13:12:19 - [MESSAGE][PASSED] - pages.WriteExcel.demoKey is PASSED

2021-11-08 13:12:19 - [TEST_STEP][PASSED] - ExecuteTC = findTestData(dataFile).getValue("Execute", row): null

2021-11-08 13:12:19 - [TEST_STEP][PASSED] - Taxtype = findTestData(dataFile).getValue("TaxType", row): null

2021-11-08 13:12:19 - [TEST_STEP][PASSED] - TaxTypeEL = findTestData(dataFile).getValue("TaxTypeEL", row): null

2021-11-08 13:12:19 - [TEST_STEP][PASSED] - FilingYear = findTestData(dataFile).getValue("FilingYear", row): null

2021-11-08 13:12:19 - [TEST_STEP][PASSED] - FName = findTestData(dataFile).getValue("Fname", row): null

2021-11-08 13:12:19 - [TEST_STEP][PASSED] - LName = findTestData(dataFile).getValue("Lname", row): null

2021-11-08 13:12:19 - [TEST_STEP][PASSED] - AL1 = findTestData(dataFile).getValue("AL1", row): null

2021-11-08 13:12:19 - [TEST_STEP][PASSED] - City = findTestData(dataFile).getValue("City", row): null

2021-11-08 13:12:19 - [TEST_STEP][PASSED] - ZIP = findTestData(dataFile).getValue("ZIP", row): null

2021-11-08 13:12:19 - [TEST_STEP][PASSED] - Amount = findTestData(dataFile).getValue("Amount", row): null

2021-11-08 13:12:19 - [TEST_STEP][PASSED] - CCNumber = findTestData(dataFile).getValue("CCNumber", row): null

2021-11-08 13:12:19 - [TEST_STEP][PASSED] - CVV = findTestData(dataFile).getValue("CVV", row): null

2021-11-08 13:12:19 - [TEST_STEP][PASSED] - SSN = findTestData(dataFile).getValue("SSN", row): null

2021-11-08 13:12:19 - [TEST_STEP][PASSED] - FEIN = findTestData(dataFile).getValue("FEIN", row): null

2021-11-08 13:12:19 - [TEST_STEP][PASSED] - out.println("Value of Execute is : " + ExecuteTC): null

2021-11-08 13:12:19 - [TEST_STEP][PASSED] - if (ExecuteTC.equalsIgnoreCase("Y")): null

2021-11-08 13:12:19 - [TEST_STEP][PASSED] - out.println("Begin Record Number: " + row): null

2021-11-08 13:12:19 - [TEST_STEP][PASSED] - today = new java.util.Date(): null

2021-11-08 13:12:19 - [TEST_STEP][PASSED] - println(today): null

2021-11-08 13:12:19 - [TEST_STEP][PASSED] - datText = today: null

2021-11-08 13:12:19 - [TEST_STEP][PASSED] - Taxtype = findTestData(dataFile).getValue("TaxType", row): null

2021-11-08 13:12:19 - [TEST_STEP][PASSED] - out.println("Taxtype value is : " + Taxtype): null

2021-11-08 13:12:19 - [TEST_STEP][PASSED] - openBrowser(""): Browser is opened with url: ''

2021-11-08 13:12:19 - [MESSAGE][WARNING] - A browser is already opened. Closing browser and opening a new one

2021-11-08 13:12:20 - [MESSAGE][INFO] - Starting 'Chrome' driver

2021-11-08 13:12:20 - [MESSAGE][INFO] - User set preference: ['acceptInsecureCerts', 'true']

2021-11-08 13:12:20 - [MESSAGE][INFO] - Action delay is set to 0 milliseconds

2021-11-08 13:12:21 - [MESSAGE][PASSED] - Browser is opened with url: ''

2021-11-08 13:12:21 - [TEST_STEP][PASSED] - maximizeWindow(): Current window maximized

2021-11-08 13:12:22 - [MESSAGE][PASSED] - Current window maximized

2021-11-08 13:12:22 - [TEST_STEP][PASSED] - navigateToUrl(RADurl): Navigate to 'https://qa.velocitypayment.com/client/rad/index.html' successfully

2021-11-08 13:12:23 - [MESSAGE][PASSED] - Navigate to 'https://qa.velocitypayment.com/client/rad/index.html' successfully

2021-11-08 13:12:23 - [TEST_STEP][PASSED] - orPath_Landing = "Object Repository/RAD_Pages/Landing_Page": null

2021-11-08 13:12:23 - [TEST_STEP][PASSED] - orPath_TaxTypeFilingYear = "Object Repository/RAD_Pages/TaxTypeFilingYear_Page": null

2021-11-08 13:12:23 - [TEST_STEP][PASSED] - orPath_TaxPayer = "Object Repository/RAD_Pages/Taxpayer_Page": null

2021-11-08 13:12:23 - [TEST_STEP][PASSED] - orPath_AddressContact = "Object Repository/RAD_Pages/AddressAndContactInfo_Page": null

2021-11-08 13:12:23 - [TEST_STEP][PASSED] - orPath_FilingStatus = "Object Repository/RAD_Pages/FilingStatus_Page": null

2021-11-08 13:12:23 - [TEST_STEP][PASSED] - orPath_Amount = "Object Repository/RAD_Pages/PaymentAmount_Page": null

2021-11-08 13:12:23 - [TEST_STEP][PASSED] - orPath_TaxInfo = "Object Repository/RAD_Pages/TaxInfo_Page": null

2021-11-08 13:12:23 - [TEST_STEP][PASSED] - orPath_Withholding = "Object Repository/RAD_Pages/Withholding_Page": null

2021-11-08 13:12:23 - [TEST_STEP][PASSED] - orPath_Summary = "Object Repository/RAD_Pages/Summary_Page": null

2021-11-08 13:12:23 - [TEST_STEP][PASSED] - orPath_PaymentReady = "Object Repository/RAD_Pages/PaymentReady_Page": null

2021-11-08 13:12:23 - [TEST_STEP][PASSED] - orPath_PaymentEntry = "Object Repository/RAD_Pages/PaymentEntry_Page": null

2021-11-08 13:12:23 - [TEST_STEP][PASSED] - orPath_PaymentConfirmation = "Object Repository/RAD_Pages/PaymentConfirmation_Page": null

2021-11-08 13:12:23 - [TEST_STEP][PASSED] - orPath_ServiceFeesAccept = "Object Repository/RAD_Pages/ServiceFeeAccept_Page": null

2021-11-08 13:12:23 - [TEST_STEP][PASSED] - selectOptionByLabel(findTestObject(orPath_Landing + "/dd_TaxType"), Taxtype, false): All options with label 'Existing Liability' are selected in object 'Object Repository/RAD_Pages/Landing_Page/dd_TaxType' 

2021-11-08 13:12:24 - [MESSAGE][PASSED] - All options with label 'Existing Liability' are selected in object 'Object Repository/RAD_Pages/Landing_Page/dd_TaxType' 

2021-11-08 13:12:24 - [TEST_STEP][PASSED] - delay(1): Delayed 1 second(s)

2021-11-08 13:12:25 - [MESSAGE][PASSED] - Delayed 1 second(s)

2021-11-08 13:12:25 - [TEST_STEP][PASSED] - selectOptionByLabel(findTestObject(orPath_TaxTypeFilingYear + "/select_TaxType_ExistingLiability"), TaxTypeEL, false): All options with label 'PTE Tax (Partnership)' are selected in object 'Object Repository/RAD_Pages/TaxTypeFilingYear_Page/select_TaxType_ExistingLiability' 

2021-11-08 13:12:26 - [MESSAGE][PASSED] - All options with label 'PTE Tax (Partnership)' are selected in object 'Object Repository/RAD_Pages/TaxTypeFilingYear_Page/select_TaxType_ExistingLiability' 

2021-11-08 13:12:26 - [TEST_STEP][PASSED] - selectOptionByLabel(findTestObject(orPath_TaxTypeFilingYear + "/select_FilingYear"), FilingYear, false): All options with label '2020' are selected in object 'Object Repository/RAD_Pages/TaxTypeFilingYear_Page/select_FilingYear' 

2021-11-08 13:12:26 - [MESSAGE][PASSED] - All options with label '2020' are selected in object 'Object Repository/RAD_Pages/TaxTypeFilingYear_Page/select_FilingYear' 

2021-11-08 13:12:26 - [TEST_STEP][PASSED] - setText(findTestObject(orPath_TaxPayer + "/input_firstName"), FName): Text 'Stuart' is set on object 'Object Repository/RAD_Pages/Taxpayer_Page/input_firstName'

2021-11-08 13:12:27 - [MESSAGE][PASSED] - Text 'Stuart' is set on object 'Object Repository/RAD_Pages/Taxpayer_Page/input_firstName'

2021-11-08 13:12:27 - [TEST_STEP][PASSED] - setText(findTestObject(orPath_TaxPayer + "/input_lastName"), LName): Text 'Broad' is set on object 'Object Repository/RAD_Pages/Taxpayer_Page/input_lastName'

2021-11-08 13:12:28 - [MESSAGE][PASSED] - Text 'Broad' is set on object 'Object Repository/RAD_Pages/Taxpayer_Page/input_lastName'

2021-11-08 13:12:28 - [TEST_STEP][PASSED] - setText(findTestObject(orPath_TaxPayer + "/input_middleName"), "Johns"): Text 'Johns' is set on object 'Object Repository/RAD_Pages/Taxpayer_Page/input_middleName'

2021-11-08 13:12:28 - [MESSAGE][PASSED] - Text 'Johns' is set on object 'Object Repository/RAD_Pages/Taxpayer_Page/input_middleName'

2021-11-08 13:12:28 - [TEST_STEP][PASSED] - setText(findTestObject(orPath_TaxPayer + "/input_suffix"), "Sr"): Text 'Sr' is set on object 'Object Repository/RAD_Pages/Taxpayer_Page/input_suffix'

2021-11-08 13:12:29 - [MESSAGE][PASSED] - Text 'Sr' is set on object 'Object Repository/RAD_Pages/Taxpayer_Page/input_suffix'

2021-11-08 13:12:29 - [TEST_STEP][PASSED] - selectOptionByLabel(findTestObject(orPath_AddressContact + "/select_Country"), "United States", false): All options with label 'United States' are selected in object 'Object Repository/RAD_Pages/AddressAndContactInfo_Page/select_Country' 

2021-11-08 13:12:30 - [MESSAGE][PASSED] - All options with label 'United States' are selected in object 'Object Repository/RAD_Pages/AddressAndContactInfo_Page/select_Country' 

2021-11-08 13:12:30 - [TEST_STEP][PASSED] - setText(findTestObject(orPath_AddressContact + "/input_streetAddress1"), AL1): Text '36 Hoolan Ave' is set on object 'Object Repository/RAD_Pages/AddressAndContactInfo_Page/input_streetAddress1'

2021-11-08 13:12:30 - [MESSAGE][PASSED] - Text '36 Hoolan Ave' is set on object 'Object Repository/RAD_Pages/AddressAndContactInfo_Page/input_streetAddress1'

2021-11-08 13:12:30 - [TEST_STEP][PASSED] - setText(findTestObject(orPath_AddressContact + "/input_streetAddress2"), ""): Text '' is set on object 'Object Repository/RAD_Pages/AddressAndContactInfo_Page/input_streetAddress2'

2021-11-08 13:12:31 - [MESSAGE][PASSED] - Text '' is set on object 'Object Repository/RAD_Pages/AddressAndContactInfo_Page/input_streetAddress2'

2021-11-08 13:12:31 - [TEST_STEP][PASSED] - setText(findTestObject(orPath_AddressContact + "/input_city"), City): Text 'Huntsville' is set on object 'Object Repository/RAD_Pages/AddressAndContactInfo_Page/input_city'

2021-11-08 13:12:32 - [MESSAGE][PASSED] - Text 'Huntsville' is set on object 'Object Repository/RAD_Pages/AddressAndContactInfo_Page/input_city'

2021-11-08 13:12:32 - [TEST_STEP][PASSED] - selectOptionByLabel(findTestObject(orPath_AddressContact + "/select_State"), "Maryland", false): All options with label 'Maryland' are selected in object 'Object Repository/RAD_Pages/AddressAndContactInfo_Page/select_State' 

2021-11-08 13:12:32 - [MESSAGE][PASSED] - All options with label 'Maryland' are selected in object 'Object Repository/RAD_Pages/AddressAndContactInfo_Page/select_State' 

2021-11-08 13:12:32 - [TEST_STEP][PASSED] - setText(findTestObject(orPath_AddressContact + "/input_zipCode"), ZIP): Text '21093' is set on object 'Object Repository/RAD_Pages/AddressAndContactInfo_Page/input_zipCode'

2021-11-08 13:12:33 - [MESSAGE][PASSED] - Text '21093' is set on object 'Object Repository/RAD_Pages/AddressAndContactInfo_Page/input_zipCode'

2021-11-08 13:12:33 - [TEST_STEP][PASSED] - setText(findTestObject(orPath_AddressContact + "/input_phoneNumber"), "(703) 894-5000"): Text '(703) 894-5000' is set on object 'Object Repository/RAD_Pages/AddressAndContactInfo_Page/input_phoneNumber'

2021-11-08 13:12:33 - [MESSAGE][PASSED] - Text '(703) 894-5000' is set on object 'Object Repository/RAD_Pages/AddressAndContactInfo_Page/input_phoneNumber'

2021-11-08 13:12:33 - [TEST_STEP][PASSED] - setText(findTestObject(orPath_AddressContact + "/input_eMailAddress"), "iahmed@govolution.com"): Text 'iahmed@govolution.com' is set on object 'Object Repository/RAD_Pages/AddressAndContactInfo_Page/input_eMailAddress'

2021-11-08 13:12:34 - [MESSAGE][PASSED] - Text 'iahmed@govolution.com' is set on object 'Object Repository/RAD_Pages/AddressAndContactInfo_Page/input_eMailAddress'

2021-11-08 13:12:34 - [TEST_STEP][PASSED] - setText(findTestObject(orPath_AddressContact + "/input_reEnterEMailAddress"), "iahmed@govolution.com"): Text 'iahmed@govolution.com' is set on object 'Object Repository/RAD_Pages/AddressAndContactInfo_Page/input_reEnterEMailAddress'

2021-11-08 13:12:35 - [MESSAGE][PASSED] - Text 'iahmed@govolution.com' is set on object 'Object Repository/RAD_Pages/AddressAndContactInfo_Page/input_reEnterEMailAddress'

2021-11-08 13:12:35 - [TEST_STEP][PASSED] - if (!(SSN.isEmpty())): Text '123456523' is set on object 'Object Repository/RAD_Pages/TaxInfo_Page/input_TaxInfo_reTaxTypeExisitingSSN'

2021-11-08 13:12:35 - [TEST_STEP][PASSED] - setText(findTestObject(orPath_TaxInfo + "/input_TaxInfo_ExisitingSSN"), SSN): Text '123456523' is set on object 'Object Repository/RAD_Pages/TaxInfo_Page/input_TaxInfo_ExisitingSSN'

2021-11-08 13:12:35 - [MESSAGE][PASSED] - Text '123456523' is set on object 'Object Repository/RAD_Pages/TaxInfo_Page/input_TaxInfo_ExisitingSSN'

2021-11-08 13:12:35 - [TEST_STEP][PASSED] - setText(findTestObject(orPath_TaxInfo + "/input_TaxInfo_reTaxTypeExisitingSSN"), SSN): Text '123456523' is set on object 'Object Repository/RAD_Pages/TaxInfo_Page/input_TaxInfo_reTaxTypeExisitingSSN'

2021-11-08 13:12:36 - [MESSAGE][PASSED] - Text '123456523' is set on object 'Object Repository/RAD_Pages/TaxInfo_Page/input_TaxInfo_reTaxTypeExisitingSSN'

2021-11-08 13:12:36 - [TEST_STEP][PASSED] - scrollToElement(findTestObject(orPath_Amount + "/input__paymentAmount"), 3): Scroll to object 'Object Repository/RAD_Pages/PaymentAmount_Page/input__paymentAmount' successfully

2021-11-08 13:12:37 - [MESSAGE][PASSED] - Scroll to object 'Object Repository/RAD_Pages/PaymentAmount_Page/input__paymentAmount' successfully

2021-11-08 13:12:37 - [TEST_STEP][PASSED] - if (!(FEIN.isEmpty())): null

2021-11-08 13:12:37 - [TEST_STEP][PASSED] - delay(1): Delayed 1 second(s)

2021-11-08 13:12:38 - [MESSAGE][PASSED] - Delayed 1 second(s)

2021-11-08 13:12:38 - [TEST_STEP][PASSED] - setText(findTestObject(orPath_TaxInfo + "/input_NoticeInvoiceNumber"), "258147147"): Text '258147147' is set on object 'Object Repository/RAD_Pages/TaxInfo_Page/input_NoticeInvoiceNumber'

2021-11-08 13:12:38 - [MESSAGE][PASSED] - Text '258147147' is set on object 'Object Repository/RAD_Pages/TaxInfo_Page/input_NoticeInvoiceNumber'

2021-11-08 13:12:38 - [TEST_STEP][PASSED] - setText(findTestObject(orPath_TaxInfo + "/input_reTypeNoticeInvoiceNumber"), "258147147"): Text '258147147' is set on object 'Object Repository/RAD_Pages/TaxInfo_Page/input_reTypeNoticeInvoiceNumber'

2021-11-08 13:12:39 - [MESSAGE][PASSED] - Text '258147147' is set on object 'Object Repository/RAD_Pages/TaxInfo_Page/input_reTypeNoticeInvoiceNumber'

2021-11-08 13:12:39 - [TEST_STEP][PASSED] - if (TaxTypeEL.equalsIgnoreCase("Sales & Use Tax")): null

2021-11-08 13:12:39 - [TEST_STEP][PASSED] - setText(findTestObject(orPath_Amount + "/input__paymentAmount"), Amount): Text '70.50' is set on object 'Object Repository/RAD_Pages/PaymentAmount_Page/input__paymentAmount'

2021-11-08 13:12:40 - [MESSAGE][PASSED] - Text '70.50' is set on object 'Object Repository/RAD_Pages/PaymentAmount_Page/input__paymentAmount'

2021-11-08 13:12:40 - [TEST_STEP][PASSED] - scrollToElement(findTestObject(orPath_Landing + "/button_Continue"), 3): Scroll to object 'Object Repository/RAD_Pages/Landing_Page/button_Continue' successfully

2021-11-08 13:12:40 - [MESSAGE][PASSED] - Scroll to object 'Object Repository/RAD_Pages/Landing_Page/button_Continue' successfully

2021-11-08 13:12:40 - [TEST_STEP][PASSED] - waitForElementClickable(findTestObject(orPath_Landing + "/button_Continue"), 5): Object 'Object Repository/RAD_Pages/Landing_Page/button_Continue' is clickable

2021-11-08 13:12:41 - [MESSAGE][PASSED] - Object 'Object Repository/RAD_Pages/Landing_Page/button_Continue' is clickable

2021-11-08 13:12:41 - [TEST_STEP][PASSED] - click(findTestObject(orPath_Landing + "/button_Continue")): Object: 'Object Repository/RAD_Pages/Landing_Page/button_Continue' is clicked on

2021-11-08 13:12:41 - [MESSAGE][PASSED] - Object: 'Object Repository/RAD_Pages/Landing_Page/button_Continue' is clicked on

2021-11-08 13:12:41 - [TEST_STEP][PASSED] - verifyTextPresent("Review the information below and make any necessary corrections by clicking the", true): Text 'Review the information below and make any necessary corrections by clicking the' is present on page  using regular expression

2021-11-08 13:12:42 - [MESSAGE][PASSED] - Text 'Review the information below and make any necessary corrections by clicking the' is present on page  using regular expression

2021-11-08 13:12:42 - [TEST_STEP][PASSED] - verifyTextPresent("When you are confident that all the information is correct", true): Text 'When you are confident that all the information is correct' is present on page  using regular expression

2021-11-08 13:12:42 - [MESSAGE][PASSED] - Text 'When you are confident that all the information is correct' is present on page  using regular expression

2021-11-08 13:12:42 - [TEST_STEP][PASSED] - delay(1): Delayed 1 second(s)

2021-11-08 13:12:43 - [MESSAGE][PASSED] - Delayed 1 second(s)

2021-11-08 13:12:43 - [TEST_STEP][PASSED] - click(findTestObject(orPath_PaymentReady + "/button_ProceedtoPayment")): Object: 'Object Repository/RAD_Pages/PaymentReady_Page/button_ProceedtoPayment' is clicked on

2021-11-08 13:12:45 - [MESSAGE][PASSED] - Object: 'Object Repository/RAD_Pages/PaymentReady_Page/button_ProceedtoPayment' is clicked on

2021-11-08 13:12:45 - [TEST_STEP][PASSED] - setText(findTestObject(orPath_PaymentEntry + "/input__cardNumber"), CCNumber): Text '4012000098765439' is set on object 'Object Repository/RAD_Pages/PaymentEntry_Page/input__cardNumber'

2021-11-08 13:12:46 - [MESSAGE][PASSED] - Text '4012000098765439' is set on object 'Object Repository/RAD_Pages/PaymentEntry_Page/input__cardNumber'

2021-11-08 13:12:46 - [TEST_STEP][PASSED] - setText(findTestObject(orPath_PaymentEntry + "/input__spc"), CVV): Text '123' is set on object 'Object Repository/RAD_Pages/PaymentEntry_Page/input__spc'

2021-11-08 13:12:47 - [MESSAGE][PASSED] - Text '123' is set on object 'Object Repository/RAD_Pages/PaymentEntry_Page/input__spc'

2021-11-08 13:12:47 - [TEST_STEP][PASSED] - selectOptionByLabel(findTestObject(orPath_PaymentEntry + "/select_MM"), "12", false): All options with label '12' are selected in object 'Object Repository/RAD_Pages/PaymentEntry_Page/select_MM' 

2021-11-08 13:12:47 - [MESSAGE][PASSED] - All options with label '12' are selected in object 'Object Repository/RAD_Pages/PaymentEntry_Page/select_MM' 

2021-11-08 13:12:47 - [TEST_STEP][PASSED] - selectOptionByLabel(findTestObject(orPath_PaymentEntry + "/select_YYYY"), "2023", false): All options with label '2023' are selected in object 'Object Repository/RAD_Pages/PaymentEntry_Page/select_YYYY' 

2021-11-08 13:12:48 - [MESSAGE][PASSED] - All options with label '2023' are selected in object 'Object Repository/RAD_Pages/PaymentEntry_Page/select_YYYY' 

2021-11-08 13:12:48 - [TEST_STEP][PASSED] - click(findTestObject(orPath_PaymentEntry + "/input_Field_ccSubmit")): Object: 'Object Repository/RAD_Pages/PaymentEntry_Page/input_Field_ccSubmit' is clicked on

2021-11-08 13:12:49 - [MESSAGE][PASSED] - Object: 'Object Repository/RAD_Pages/PaymentEntry_Page/input_Field_ccSubmit' is clicked on

2021-11-08 13:12:49 - [TEST_STEP][PASSED] - click(findTestObject(orPath_PaymentConfirmation + "/input_N_confirmNotifyAction")): Object: 'Object Repository/RAD_Pages/PaymentConfirmation_Page/input_N_confirmNotifyAction' is clicked on

2021-11-08 13:12:50 - [MESSAGE][PASSED] - Object: 'Object Repository/RAD_Pages/PaymentConfirmation_Page/input_N_confirmNotifyAction' is clicked on

2021-11-08 13:12:50 - [TEST_STEP][PASSED] - click(findTestObject(orPath_ServiceFeesAccept + "/input_convFeeNotifyAction")): Object: 'Object Repository/RAD_Pages/ServiceFeeAccept_Page/input_convFeeNotifyAction' is clicked on

2021-11-08 13:12:52 - [MESSAGE][PASSED] - Object: 'Object Repository/RAD_Pages/ServiceFeeAccept_Page/input_convFeeNotifyAction' is clicked on

2021-11-08 13:12:52 - [TEST_STEP][PASSED] - delay(10): Delayed 10 second(s)

2021-11-08 13:13:02 - [MESSAGE][PASSED] - Delayed 10 second(s)

2021-11-08 13:13:02 - [TEST_STEP][PASSED] - verifyTextPresent("Successful Payment Receipt", true): Text 'Successful Payment Receipt' is present on page  using regular expression

2021-11-08 13:13:02 - [MESSAGE][PASSED] - Text 'Successful Payment Receipt' is present on page  using regular expression

2021-11-08 13:13:02 - [TEST_STEP][PASSED] - if (verifyTextPresent("Successful Payment Receipt", true)): null

2021-11-08 13:13:02 - [MESSAGE][PASSED] - Text 'Successful Payment Receipt' is present on page  using regular expression

2021-11-08 13:13:02 - [TEST_STEP][PASSED] - println("Transaction was Successful"): null

2021-11-08 13:13:02 - [TEST_STEP][PASSED] - out.println("Pass Record Number: " + row): null

2021-11-08 13:13:02 - [TEST_STEP][PASSED] - resText = "Pass": null

2021-11-08 13:13:02 - [TEST_STEP][PASSED] - pages.WriteExcel.demoKey(resText, datText, resColumn, datCloumn, fileLoc, nameSheet, row): pages.WriteExcel.demoKey is PASSED

2021-11-08 13:13:02 - [MESSAGE][PASSED] - pages.WriteExcel.demoKey is PASSED

2021-11-08 13:13:02 - [TEST_STEP][PASSED] - ExecuteTC = findTestData(dataFile).getValue("Execute", row): null

2021-11-08 13:13:02 - [TEST_STEP][PASSED] - Taxtype = findTestData(dataFile).getValue("TaxType", row): null

2021-11-08 13:13:02 - [TEST_STEP][PASSED] - TaxTypeEL = findTestData(dataFile).getValue("TaxTypeEL", row): null

2021-11-08 13:13:02 - [TEST_STEP][PASSED] - FilingYear = findTestData(dataFile).getValue("FilingYear", row): null

2021-11-08 13:13:02 - [TEST_STEP][PASSED] - FName = findTestData(dataFile).getValue("Fname", row): null

2021-11-08 13:13:02 - [TEST_STEP][PASSED] - LName = findTestData(dataFile).getValue("Lname", row): null

2021-11-08 13:13:03 - [TEST_STEP][PASSED] - AL1 = findTestData(dataFile).getValue("AL1", row): null

2021-11-08 13:13:03 - [TEST_STEP][PASSED] - City = findTestData(dataFile).getValue("City", row): null

2021-11-08 13:13:03 - [TEST_STEP][PASSED] - ZIP = findTestData(dataFile).getValue("ZIP", row): null

2021-11-08 13:13:03 - [TEST_STEP][PASSED] - Amount = findTestData(dataFile).getValue("Amount", row): null

2021-11-08 13:13:03 - [TEST_STEP][PASSED] - CCNumber = findTestData(dataFile).getValue("CCNumber", row): null

2021-11-08 13:13:03 - [TEST_STEP][PASSED] - CVV = findTestData(dataFile).getValue("CVV", row): null

2021-11-08 13:13:03 - [TEST_STEP][PASSED] - SSN = findTestData(dataFile).getValue("SSN", row): null

2021-11-08 13:13:03 - [TEST_STEP][PASSED] - FEIN = findTestData(dataFile).getValue("FEIN", row): null

2021-11-08 13:13:03 - [TEST_STEP][PASSED] - out.println("Value of Execute is : " + ExecuteTC): null

2021-11-08 13:13:03 - [TEST_STEP][PASSED] - if (ExecuteTC.equalsIgnoreCase("Y")): null

2021-11-08 13:13:03 - [TEST_STEP][PASSED] - out.println("Begin Record Number: " + row): null

2021-11-08 13:13:03 - [TEST_STEP][PASSED] - today = new java.util.Date(): null

2021-11-08 13:13:03 - [TEST_STEP][PASSED] - println(today): null

2021-11-08 13:13:03 - [TEST_STEP][PASSED] - datText = today: null

2021-11-08 13:13:03 - [TEST_STEP][PASSED] - Taxtype = findTestData(dataFile).getValue("TaxType", row): null

2021-11-08 13:13:03 - [TEST_STEP][PASSED] - out.println("Taxtype value is : " + Taxtype): null

2021-11-08 13:13:03 - [TEST_STEP][PASSED] - openBrowser(""): Browser is opened with url: ''

2021-11-08 13:13:03 - [MESSAGE][WARNING] - A browser is already opened. Closing browser and opening a new one

2021-11-08 13:13:04 - [MESSAGE][INFO] - Starting 'Chrome' driver

2021-11-08 13:13:04 - [MESSAGE][INFO] - User set preference: ['acceptInsecureCerts', 'true']

2021-11-08 13:13:04 - [MESSAGE][INFO] - Action delay is set to 0 milliseconds

2021-11-08 13:13:05 - [MESSAGE][PASSED] - Browser is opened with url: ''

2021-11-08 13:13:05 - [TEST_STEP][PASSED] - maximizeWindow(): Current window maximized

2021-11-08 13:13:05 - [MESSAGE][PASSED] - Current window maximized

2021-11-08 13:13:05 - [TEST_STEP][PASSED] - navigateToUrl(RADurl): Navigate to 'https://qa.velocitypayment.com/client/rad/index.html' successfully

2021-11-08 13:13:07 - [MESSAGE][PASSED] - Navigate to 'https://qa.velocitypayment.com/client/rad/index.html' successfully

2021-11-08 13:13:07 - [TEST_STEP][PASSED] - orPath_Landing = "Object Repository/RAD_Pages/Landing_Page": null

2021-11-08 13:13:07 - [TEST_STEP][PASSED] - orPath_TaxTypeFilingYear = "Object Repository/RAD_Pages/TaxTypeFilingYear_Page": null

2021-11-08 13:13:07 - [TEST_STEP][PASSED] - orPath_TaxPayer = "Object Repository/RAD_Pages/Taxpayer_Page": null

2021-11-08 13:13:07 - [TEST_STEP][PASSED] - orPath_AddressContact = "Object Repository/RAD_Pages/AddressAndContactInfo_Page": null

2021-11-08 13:13:07 - [TEST_STEP][PASSED] - orPath_FilingStatus = "Object Repository/RAD_Pages/FilingStatus_Page": null

2021-11-08 13:13:07 - [TEST_STEP][PASSED] - orPath_Amount = "Object Repository/RAD_Pages/PaymentAmount_Page": null

2021-11-08 13:13:07 - [TEST_STEP][PASSED] - orPath_TaxInfo = "Object Repository/RAD_Pages/TaxInfo_Page": null

2021-11-08 13:13:07 - [TEST_STEP][PASSED] - orPath_Withholding = "Object Repository/RAD_Pages/Withholding_Page": null

2021-11-08 13:13:07 - [TEST_STEP][PASSED] - orPath_Summary = "Object Repository/RAD_Pages/Summary_Page": null

2021-11-08 13:13:07 - [TEST_STEP][PASSED] - orPath_PaymentReady = "Object Repository/RAD_Pages/PaymentReady_Page": null

2021-11-08 13:13:07 - [TEST_STEP][PASSED] - orPath_PaymentEntry = "Object Repository/RAD_Pages/PaymentEntry_Page": null

2021-11-08 13:13:07 - [TEST_STEP][PASSED] - orPath_PaymentConfirmation = "Object Repository/RAD_Pages/PaymentConfirmation_Page": null

2021-11-08 13:13:07 - [TEST_STEP][PASSED] - orPath_ServiceFeesAccept = "Object Repository/RAD_Pages/ServiceFeeAccept_Page": null

2021-11-08 13:13:07 - [TEST_STEP][PASSED] - selectOptionByLabel(findTestObject(orPath_Landing + "/dd_TaxType"), Taxtype, false): All options with label 'Existing Liability' are selected in object 'Object Repository/RAD_Pages/Landing_Page/dd_TaxType' 

2021-11-08 13:13:08 - [MESSAGE][PASSED] - All options with label 'Existing Liability' are selected in object 'Object Repository/RAD_Pages/Landing_Page/dd_TaxType' 

2021-11-08 13:13:08 - [TEST_STEP][PASSED] - delay(1): Delayed 1 second(s)

2021-11-08 13:13:09 - [MESSAGE][PASSED] - Delayed 1 second(s)

2021-11-08 13:13:09 - [TEST_STEP][PASSED] - selectOptionByLabel(findTestObject(orPath_TaxTypeFilingYear + "/select_TaxType_ExistingLiability"), TaxTypeEL, false): All options with label 'PTE Tax (Partnership)' are selected in object 'Object Repository/RAD_Pages/TaxTypeFilingYear_Page/select_TaxType_ExistingLiability' 

2021-11-08 13:13:10 - [MESSAGE][PASSED] - All options with label 'PTE Tax (Partnership)' are selected in object 'Object Repository/RAD_Pages/TaxTypeFilingYear_Page/select_TaxType_ExistingLiability' 

2021-11-08 13:13:10 - [TEST_STEP][PASSED] - selectOptionByLabel(findTestObject(orPath_TaxTypeFilingYear + "/select_FilingYear"), FilingYear, false): All options with label '2020' are selected in object 'Object Repository/RAD_Pages/TaxTypeFilingYear_Page/select_FilingYear' 

2021-11-08 13:13:10 - [MESSAGE][PASSED] - All options with label '2020' are selected in object 'Object Repository/RAD_Pages/TaxTypeFilingYear_Page/select_FilingYear' 

2021-11-08 13:13:10 - [TEST_STEP][PASSED] - setText(findTestObject(orPath_TaxPayer + "/input_firstName"), FName): Text 'Stuart' is set on object 'Object Repository/RAD_Pages/Taxpayer_Page/input_firstName'

2021-11-08 13:13:11 - [MESSAGE][PASSED] - Text 'Stuart' is set on object 'Object Repository/RAD_Pages/Taxpayer_Page/input_firstName'

2021-11-08 13:13:11 - [TEST_STEP][PASSED] - setText(findTestObject(orPath_TaxPayer + "/input_lastName"), LName): Text 'Broad' is set on object 'Object Repository/RAD_Pages/Taxpayer_Page/input_lastName'

2021-11-08 13:13:12 - [MESSAGE][PASSED] - Text 'Broad' is set on object 'Object Repository/RAD_Pages/Taxpayer_Page/input_lastName'

2021-11-08 13:13:12 - [TEST_STEP][PASSED] - setText(findTestObject(orPath_TaxPayer + "/input_middleName"), "Johns"): Text 'Johns' is set on object 'Object Repository/RAD_Pages/Taxpayer_Page/input_middleName'

2021-11-08 13:13:12 - [MESSAGE][PASSED] - Text 'Johns' is set on object 'Object Repository/RAD_Pages/Taxpayer_Page/input_middleName'

2021-11-08 13:13:12 - [TEST_STEP][PASSED] - setText(findTestObject(orPath_TaxPayer + "/input_suffix"), "Sr"): Text 'Sr' is set on object 'Object Repository/RAD_Pages/Taxpayer_Page/input_suffix'

2021-11-08 13:13:13 - [MESSAGE][PASSED] - Text 'Sr' is set on object 'Object Repository/RAD_Pages/Taxpayer_Page/input_suffix'

2021-11-08 13:13:13 - [TEST_STEP][PASSED] - selectOptionByLabel(findTestObject(orPath_AddressContact + "/select_Country"), "United States", false): All options with label 'United States' are selected in object 'Object Repository/RAD_Pages/AddressAndContactInfo_Page/select_Country' 

2021-11-08 13:13:14 - [MESSAGE][PASSED] - All options with label 'United States' are selected in object 'Object Repository/RAD_Pages/AddressAndContactInfo_Page/select_Country' 

2021-11-08 13:13:14 - [TEST_STEP][PASSED] - setText(findTestObject(orPath_AddressContact + "/input_streetAddress1"), AL1): Text '36 Hoolan Ave' is set on object 'Object Repository/RAD_Pages/AddressAndContactInfo_Page/input_streetAddress1'

2021-11-08 13:13:14 - [MESSAGE][PASSED] - Text '36 Hoolan Ave' is set on object 'Object Repository/RAD_Pages/AddressAndContactInfo_Page/input_streetAddress1'

2021-11-08 13:13:14 - [TEST_STEP][PASSED] - setText(findTestObject(orPath_AddressContact + "/input_streetAddress2"), ""): Text '' is set on object 'Object Repository/RAD_Pages/AddressAndContactInfo_Page/input_streetAddress2'

2021-11-08 13:13:15 - [MESSAGE][PASSED] - Text '' is set on object 'Object Repository/RAD_Pages/AddressAndContactInfo_Page/input_streetAddress2'

2021-11-08 13:13:15 - [TEST_STEP][PASSED] - setText(findTestObject(orPath_AddressContact + "/input_city"), City): Text 'Huntsville' is set on object 'Object Repository/RAD_Pages/AddressAndContactInfo_Page/input_city'

2021-11-08 13:13:16 - [MESSAGE][PASSED] - Text 'Huntsville' is set on object 'Object Repository/RAD_Pages/AddressAndContactInfo_Page/input_city'

2021-11-08 13:13:16 - [TEST_STEP][PASSED] - selectOptionByLabel(findTestObject(orPath_AddressContact + "/select_State"), "Maryland", false): All options with label 'Maryland' are selected in object 'Object Repository/RAD_Pages/AddressAndContactInfo_Page/select_State' 

2021-11-08 13:13:16 - [MESSAGE][PASSED] - All options with label 'Maryland' are selected in object 'Object Repository/RAD_Pages/AddressAndContactInfo_Page/select_State' 

2021-11-08 13:13:16 - [TEST_STEP][PASSED] - setText(findTestObject(orPath_AddressContact + "/input_zipCode"), ZIP): Text '21093' is set on object 'Object Repository/RAD_Pages/AddressAndContactInfo_Page/input_zipCode'

2021-11-08 13:13:17 - [MESSAGE][PASSED] - Text '21093' is set on object 'Object Repository/RAD_Pages/AddressAndContactInfo_Page/input_zipCode'

2021-11-08 13:13:17 - [TEST_STEP][PASSED] - setText(findTestObject(orPath_AddressContact + "/input_phoneNumber"), "(703) 894-5000"): Text '(703) 894-5000' is set on object 'Object Repository/RAD_Pages/AddressAndContactInfo_Page/input_phoneNumber'

2021-11-08 13:13:17 - [MESSAGE][PASSED] - Text '(703) 894-5000' is set on object 'Object Repository/RAD_Pages/AddressAndContactInfo_Page/input_phoneNumber'

2021-11-08 13:13:17 - [TEST_STEP][PASSED] - setText(findTestObject(orPath_AddressContact + "/input_eMailAddress"), "iahmed@govolution.com"): Text 'iahmed@govolution.com' is set on object 'Object Repository/RAD_Pages/AddressAndContactInfo_Page/input_eMailAddress'

2021-11-08 13:13:18 - [MESSAGE][PASSED] - Text 'iahmed@govolution.com' is set on object 'Object Repository/RAD_Pages/AddressAndContactInfo_Page/input_eMailAddress'

2021-11-08 13:13:18 - [TEST_STEP][PASSED] - setText(findTestObject(orPath_AddressContact + "/input_reEnterEMailAddress"), "iahmed@govolution.com"): Text 'iahmed@govolution.com' is set on object 'Object Repository/RAD_Pages/AddressAndContactInfo_Page/input_reEnterEMailAddress'

2021-11-08 13:13:19 - [MESSAGE][PASSED] - Text 'iahmed@govolution.com' is set on object 'Object Repository/RAD_Pages/AddressAndContactInfo_Page/input_reEnterEMailAddress'

2021-11-08 13:13:19 - [TEST_STEP][PASSED] - if (!(SSN.isEmpty())): null

2021-11-08 13:13:19 - [TEST_STEP][PASSED] - scrollToElement(findTestObject(orPath_Amount + "/input__paymentAmount"), 3): Scroll to object 'Object Repository/RAD_Pages/PaymentAmount_Page/input__paymentAmount' successfully

2021-11-08 13:13:19 - [MESSAGE][PASSED] - Scroll to object 'Object Repository/RAD_Pages/PaymentAmount_Page/input__paymentAmount' successfully

2021-11-08 13:13:19 - [TEST_STEP][PASSED] - if (!(FEIN.isEmpty())): Text '258369262' is set on object 'Object Repository/RAD_Pages/TaxInfo_Page/input_ReTypeFEIN'

2021-11-08 13:13:19 - [TEST_STEP][PASSED] - setText(findTestObject(orPath_TaxInfo + "/input_FEIN"), FEIN): Text '258369262' is set on object 'Object Repository/RAD_Pages/TaxInfo_Page/input_FEIN'

2021-11-08 13:13:20 - [MESSAGE][PASSED] - Text '258369262' is set on object 'Object Repository/RAD_Pages/TaxInfo_Page/input_FEIN'

2021-11-08 13:13:20 - [TEST_STEP][PASSED] - setText(findTestObject(orPath_TaxInfo + "/input_ReTypeFEIN"), FEIN): Text '258369262' is set on object 'Object Repository/RAD_Pages/TaxInfo_Page/input_ReTypeFEIN'

2021-11-08 13:13:21 - [MESSAGE][PASSED] - Text '258369262' is set on object 'Object Repository/RAD_Pages/TaxInfo_Page/input_ReTypeFEIN'

2021-11-08 13:13:21 - [TEST_STEP][PASSED] - delay(1): Delayed 1 second(s)

2021-11-08 13:13:22 - [MESSAGE][PASSED] - Delayed 1 second(s)

2021-11-08 13:13:22 - [TEST_STEP][PASSED] - setText(findTestObject(orPath_TaxInfo + "/input_NoticeInvoiceNumber"), "258147147"): Text '258147147' is set on object 'Object Repository/RAD_Pages/TaxInfo_Page/input_NoticeInvoiceNumber'

2021-11-08 13:13:23 - [MESSAGE][PASSED] - Text '258147147' is set on object 'Object Repository/RAD_Pages/TaxInfo_Page/input_NoticeInvoiceNumber'

2021-11-08 13:13:23 - [TEST_STEP][PASSED] - setText(findTestObject(orPath_TaxInfo + "/input_reTypeNoticeInvoiceNumber"), "258147147"): Text '258147147' is set on object 'Object Repository/RAD_Pages/TaxInfo_Page/input_reTypeNoticeInvoiceNumber'

2021-11-08 13:13:24 - [MESSAGE][PASSED] - Text '258147147' is set on object 'Object Repository/RAD_Pages/TaxInfo_Page/input_reTypeNoticeInvoiceNumber'

2021-11-08 13:13:24 - [TEST_STEP][PASSED] - if (TaxTypeEL.equalsIgnoreCase("Sales & Use Tax")): null

2021-11-08 13:13:24 - [TEST_STEP][PASSED] - setText(findTestObject(orPath_Amount + "/input__paymentAmount"), Amount): Text '70.50' is set on object 'Object Repository/RAD_Pages/PaymentAmount_Page/input__paymentAmount'

2021-11-08 13:13:24 - [MESSAGE][PASSED] - Text '70.50' is set on object 'Object Repository/RAD_Pages/PaymentAmount_Page/input__paymentAmount'

2021-11-08 13:13:24 - [TEST_STEP][PASSED] - scrollToElement(findTestObject(orPath_Landing + "/button_Continue"), 3): Scroll to object 'Object Repository/RAD_Pages/Landing_Page/button_Continue' successfully

2021-11-08 13:13:25 - [MESSAGE][PASSED] - Scroll to object 'Object Repository/RAD_Pages/Landing_Page/button_Continue' successfully

2021-11-08 13:13:25 - [TEST_STEP][PASSED] - waitForElementClickable(findTestObject(orPath_Landing + "/button_Continue"), 5): Object 'Object Repository/RAD_Pages/Landing_Page/button_Continue' is clickable

2021-11-08 13:13:25 - [MESSAGE][PASSED] - Object 'Object Repository/RAD_Pages/Landing_Page/button_Continue' is clickable

2021-11-08 13:13:25 - [TEST_STEP][PASSED] - click(findTestObject(orPath_Landing + "/button_Continue")): Object: 'Object Repository/RAD_Pages/Landing_Page/button_Continue' is clicked on

2021-11-08 13:13:25 - [MESSAGE][PASSED] - Object: 'Object Repository/RAD_Pages/Landing_Page/button_Continue' is clicked on

2021-11-08 13:13:25 - [TEST_STEP][PASSED] - verifyTextPresent("Review the information below and make any necessary corrections by clicking the", true): Text 'Review the information below and make any necessary corrections by clicking the' is present on page  using regular expression

2021-11-08 13:13:26 - [MESSAGE][PASSED] - Text 'Review the information below and make any necessary corrections by clicking the' is present on page  using regular expression

2021-11-08 13:13:26 - [TEST_STEP][PASSED] - verifyTextPresent("When you are confident that all the information is correct", true): Text 'When you are confident that all the information is correct' is present on page  using regular expression

2021-11-08 13:13:26 - [MESSAGE][PASSED] - Text 'When you are confident that all the information is correct' is present on page  using regular expression

2021-11-08 13:13:26 - [TEST_STEP][PASSED] - delay(1): Delayed 1 second(s)

2021-11-08 13:13:27 - [MESSAGE][PASSED] - Delayed 1 second(s)

2021-11-08 13:13:27 - [TEST_STEP][PASSED] - click(findTestObject(orPath_PaymentReady + "/button_ProceedtoPayment")): Object: 'Object Repository/RAD_Pages/PaymentReady_Page/button_ProceedtoPayment' is clicked on

2021-11-08 13:13:31 - [MESSAGE][PASSED] - Object: 'Object Repository/RAD_Pages/PaymentReady_Page/button_ProceedtoPayment' is clicked on

2021-11-08 13:13:31 - [TEST_STEP][PASSED] - setText(findTestObject(orPath_PaymentEntry + "/input__cardNumber"), CCNumber): Text '4012000098765439' is set on object 'Object Repository/RAD_Pages/PaymentEntry_Page/input__cardNumber'

2021-11-08 13:13:32 - [MESSAGE][PASSED] - Text '4012000098765439' is set on object 'Object Repository/RAD_Pages/PaymentEntry_Page/input__cardNumber'

2021-11-08 13:13:32 - [TEST_STEP][PASSED] - setText(findTestObject(orPath_PaymentEntry + "/input__spc"), CVV): Text '123' is set on object 'Object Repository/RAD_Pages/PaymentEntry_Page/input__spc'

2021-11-08 13:13:33 - [MESSAGE][PASSED] - Text '123' is set on object 'Object Repository/RAD_Pages/PaymentEntry_Page/input__spc'

2021-11-08 13:13:33 - [TEST_STEP][PASSED] - selectOptionByLabel(findTestObject(orPath_PaymentEntry + "/select_MM"), "12", false): All options with label '12' are selected in object 'Object Repository/RAD_Pages/PaymentEntry_Page/select_MM' 

2021-11-08 13:13:34 - [MESSAGE][PASSED] - All options with label '12' are selected in object 'Object Repository/RAD_Pages/PaymentEntry_Page/select_MM' 

2021-11-08 13:13:34 - [TEST_STEP][PASSED] - selectOptionByLabel(findTestObject(orPath_PaymentEntry + "/select_YYYY"), "2023", false): All options with label '2023' are selected in object 'Object Repository/RAD_Pages/PaymentEntry_Page/select_YYYY' 

2021-11-08 13:13:34 - [MESSAGE][PASSED] - All options with label '2023' are selected in object 'Object Repository/RAD_Pages/PaymentEntry_Page/select_YYYY' 

2021-11-08 13:13:34 - [TEST_STEP][PASSED] - click(findTestObject(orPath_PaymentEntry + "/input_Field_ccSubmit")): Object: 'Object Repository/RAD_Pages/PaymentEntry_Page/input_Field_ccSubmit' is clicked on

2021-11-08 13:13:35 - [MESSAGE][PASSED] - Object: 'Object Repository/RAD_Pages/PaymentEntry_Page/input_Field_ccSubmit' is clicked on

2021-11-08 13:13:35 - [TEST_STEP][PASSED] - click(findTestObject(orPath_PaymentConfirmation + "/input_N_confirmNotifyAction")): Object: 'Object Repository/RAD_Pages/PaymentConfirmation_Page/input_N_confirmNotifyAction' is clicked on

2021-11-08 13:13:36 - [MESSAGE][PASSED] - Object: 'Object Repository/RAD_Pages/PaymentConfirmation_Page/input_N_confirmNotifyAction' is clicked on

2021-11-08 13:13:36 - [TEST_STEP][PASSED] - click(findTestObject(orPath_ServiceFeesAccept + "/input_convFeeNotifyAction")): Object: 'Object Repository/RAD_Pages/ServiceFeeAccept_Page/input_convFeeNotifyAction' is clicked on

2021-11-08 13:13:38 - [MESSAGE][PASSED] - Object: 'Object Repository/RAD_Pages/ServiceFeeAccept_Page/input_convFeeNotifyAction' is clicked on

2021-11-08 13:13:38 - [TEST_STEP][PASSED] - delay(10): Delayed 10 second(s)

2021-11-08 13:13:48 - [MESSAGE][PASSED] - Delayed 10 second(s)

2021-11-08 13:13:48 - [TEST_STEP][PASSED] - verifyTextPresent("Successful Payment Receipt", true): Text 'Successful Payment Receipt' is present on page  using regular expression

2021-11-08 13:13:48 - [MESSAGE][PASSED] - Text 'Successful Payment Receipt' is present on page  using regular expression

2021-11-08 13:13:48 - [TEST_STEP][PASSED] - if (verifyTextPresent("Successful Payment Receipt", true)): null

2021-11-08 13:13:49 - [MESSAGE][PASSED] - Text 'Successful Payment Receipt' is present on page  using regular expression

2021-11-08 13:13:49 - [TEST_STEP][PASSED] - println("Transaction was Successful"): null

2021-11-08 13:13:49 - [TEST_STEP][PASSED] - out.println("Pass Record Number: " + row): null

2021-11-08 13:13:49 - [TEST_STEP][PASSED] - resText = "Pass": null

2021-11-08 13:13:49 - [TEST_STEP][PASSED] - pages.WriteExcel.demoKey(resText, datText, resColumn, datCloumn, fileLoc, nameSheet, row): pages.WriteExcel.demoKey is PASSED

2021-11-08 13:13:49 - [MESSAGE][PASSED] - pages.WriteExcel.demoKey is PASSED

2021-11-08 13:13:49 - [TEST_STEP][PASSED] - ExecuteTC = findTestData(dataFile).getValue("Execute", row): null

2021-11-08 13:13:49 - [TEST_STEP][PASSED] - Taxtype = findTestData(dataFile).getValue("TaxType", row): null

2021-11-08 13:13:49 - [TEST_STEP][PASSED] - TaxTypeEL = findTestData(dataFile).getValue("TaxTypeEL", row): null

2021-11-08 13:13:49 - [TEST_STEP][PASSED] - FilingYear = findTestData(dataFile).getValue("FilingYear", row): null

2021-11-08 13:13:49 - [TEST_STEP][PASSED] - FName = findTestData(dataFile).getValue("Fname", row): null

2021-11-08 13:13:49 - [TEST_STEP][PASSED] - LName = findTestData(dataFile).getValue("Lname", row): null

2021-11-08 13:13:49 - [TEST_STEP][PASSED] - AL1 = findTestData(dataFile).getValue("AL1", row): null

2021-11-08 13:13:49 - [TEST_STEP][PASSED] - City = findTestData(dataFile).getValue("City", row): null

2021-11-08 13:13:49 - [TEST_STEP][PASSED] - ZIP = findTestData(dataFile).getValue("ZIP", row): null

2021-11-08 13:13:49 - [TEST_STEP][PASSED] - Amount = findTestData(dataFile).getValue("Amount", row): null

2021-11-08 13:13:49 - [TEST_STEP][PASSED] - CCNumber = findTestData(dataFile).getValue("CCNumber", row): null

2021-11-08 13:13:49 - [TEST_STEP][PASSED] - CVV = findTestData(dataFile).getValue("CVV", row): null

2021-11-08 13:13:49 - [TEST_STEP][PASSED] - SSN = findTestData(dataFile).getValue("SSN", row): null

2021-11-08 13:13:49 - [TEST_STEP][PASSED] - FEIN = findTestData(dataFile).getValue("FEIN", row): null

2021-11-08 13:13:49 - [TEST_STEP][PASSED] - out.println("Value of Execute is : " + ExecuteTC): null

2021-11-08 13:13:49 - [TEST_STEP][PASSED] - if (ExecuteTC.equalsIgnoreCase("Y")): null

2021-11-08 13:13:49 - [TEST_STEP][PASSED] - out.println("Begin Record Number: " + row): null

2021-11-08 13:13:49 - [TEST_STEP][PASSED] - today = new java.util.Date(): null

2021-11-08 13:13:49 - [TEST_STEP][PASSED] - println(today): null

2021-11-08 13:13:49 - [TEST_STEP][PASSED] - datText = today: null

2021-11-08 13:13:49 - [TEST_STEP][PASSED] - Taxtype = findTestData(dataFile).getValue("TaxType", row): null

2021-11-08 13:13:49 - [TEST_STEP][PASSED] - out.println("Taxtype value is : " + Taxtype): null

2021-11-08 13:13:49 - [TEST_STEP][PASSED] - openBrowser(""): Browser is opened with url: ''

2021-11-08 13:13:49 - [MESSAGE][WARNING] - A browser is already opened. Closing browser and opening a new one

2021-11-08 13:13:50 - [MESSAGE][INFO] - Starting 'Chrome' driver

2021-11-08 13:13:50 - [MESSAGE][INFO] - User set preference: ['acceptInsecureCerts', 'true']

2021-11-08 13:13:50 - [MESSAGE][INFO] - Action delay is set to 0 milliseconds

2021-11-08 13:13:52 - [MESSAGE][PASSED] - Browser is opened with url: ''

2021-11-08 13:13:52 - [TEST_STEP][PASSED] - maximizeWindow(): Current window maximized

2021-11-08 13:13:52 - [MESSAGE][PASSED] - Current window maximized

2021-11-08 13:13:52 - [TEST_STEP][PASSED] - navigateToUrl(RADurl): Navigate to 'https://qa.velocitypayment.com/client/rad/index.html' successfully

2021-11-08 13:13:54 - [MESSAGE][PASSED] - Navigate to 'https://qa.velocitypayment.com/client/rad/index.html' successfully

2021-11-08 13:13:54 - [TEST_STEP][PASSED] - orPath_Landing = "Object Repository/RAD_Pages/Landing_Page": null

2021-11-08 13:13:54 - [TEST_STEP][PASSED] - orPath_TaxTypeFilingYear = "Object Repository/RAD_Pages/TaxTypeFilingYear_Page": null

2021-11-08 13:13:54 - [TEST_STEP][PASSED] - orPath_TaxPayer = "Object Repository/RAD_Pages/Taxpayer_Page": null

2021-11-08 13:13:54 - [TEST_STEP][PASSED] - orPath_AddressContact = "Object Repository/RAD_Pages/AddressAndContactInfo_Page": null

2021-11-08 13:13:54 - [TEST_STEP][PASSED] - orPath_FilingStatus = "Object Repository/RAD_Pages/FilingStatus_Page": null

2021-11-08 13:13:54 - [TEST_STEP][PASSED] - orPath_Amount = "Object Repository/RAD_Pages/PaymentAmount_Page": null

2021-11-08 13:13:54 - [TEST_STEP][PASSED] - orPath_TaxInfo = "Object Repository/RAD_Pages/TaxInfo_Page": null

2021-11-08 13:13:54 - [TEST_STEP][PASSED] - orPath_Withholding = "Object Repository/RAD_Pages/Withholding_Page": null

2021-11-08 13:13:54 - [TEST_STEP][PASSED] - orPath_Summary = "Object Repository/RAD_Pages/Summary_Page": null

2021-11-08 13:13:54 - [TEST_STEP][PASSED] - orPath_PaymentReady = "Object Repository/RAD_Pages/PaymentReady_Page": null

2021-11-08 13:13:54 - [TEST_STEP][PASSED] - orPath_PaymentEntry = "Object Repository/RAD_Pages/PaymentEntry_Page": null

2021-11-08 13:13:54 - [TEST_STEP][PASSED] - orPath_PaymentConfirmation = "Object Repository/RAD_Pages/PaymentConfirmation_Page": null

2021-11-08 13:13:54 - [TEST_STEP][PASSED] - orPath_ServiceFeesAccept = "Object Repository/RAD_Pages/ServiceFeeAccept_Page": null

2021-11-08 13:13:54 - [TEST_STEP][PASSED] - selectOptionByLabel(findTestObject(orPath_Landing + "/dd_TaxType"), Taxtype, false): All options with label 'Existing Liability' are selected in object 'Object Repository/RAD_Pages/Landing_Page/dd_TaxType' 

2021-11-08 13:13:54 - [MESSAGE][PASSED] - All options with label 'Existing Liability' are selected in object 'Object Repository/RAD_Pages/Landing_Page/dd_TaxType' 

2021-11-08 13:13:54 - [TEST_STEP][PASSED] - delay(1): Delayed 1 second(s)

2021-11-08 13:13:55 - [MESSAGE][PASSED] - Delayed 1 second(s)

2021-11-08 13:13:55 - [TEST_STEP][PASSED] - selectOptionByLabel(findTestObject(orPath_TaxTypeFilingYear + "/select_TaxType_ExistingLiability"), TaxTypeEL, false): All options with label 'PTE Tax (LLC)' are selected in object 'Object Repository/RAD_Pages/TaxTypeFilingYear_Page/select_TaxType_ExistingLiability' 

2021-11-08 13:13:56 - [MESSAGE][PASSED] - All options with label 'PTE Tax (LLC)' are selected in object 'Object Repository/RAD_Pages/TaxTypeFilingYear_Page/select_TaxType_ExistingLiability' 

2021-11-08 13:13:56 - [TEST_STEP][PASSED] - selectOptionByLabel(findTestObject(orPath_TaxTypeFilingYear + "/select_FilingYear"), FilingYear, false): All options with label '2020' are selected in object 'Object Repository/RAD_Pages/TaxTypeFilingYear_Page/select_FilingYear' 

2021-11-08 13:13:57 - [MESSAGE][PASSED] - All options with label '2020' are selected in object 'Object Repository/RAD_Pages/TaxTypeFilingYear_Page/select_FilingYear' 

2021-11-08 13:13:57 - [TEST_STEP][PASSED] - setText(findTestObject(orPath_TaxPayer + "/input_firstName"), FName): Text 'Joshua' is set on object 'Object Repository/RAD_Pages/Taxpayer_Page/input_firstName'

2021-11-08 13:13:57 - [MESSAGE][PASSED] - Text 'Joshua' is set on object 'Object Repository/RAD_Pages/Taxpayer_Page/input_firstName'

2021-11-08 13:13:57 - [TEST_STEP][PASSED] - setText(findTestObject(orPath_TaxPayer + "/input_lastName"), LName): Text 'Cook' is set on object 'Object Repository/RAD_Pages/Taxpayer_Page/input_lastName'

2021-11-08 13:13:58 - [MESSAGE][PASSED] - Text 'Cook' is set on object 'Object Repository/RAD_Pages/Taxpayer_Page/input_lastName'

2021-11-08 13:13:58 - [TEST_STEP][PASSED] - setText(findTestObject(orPath_TaxPayer + "/input_middleName"), "Johns"): Text 'Johns' is set on object 'Object Repository/RAD_Pages/Taxpayer_Page/input_middleName'

2021-11-08 13:13:59 - [MESSAGE][PASSED] - Text 'Johns' is set on object 'Object Repository/RAD_Pages/Taxpayer_Page/input_middleName'

2021-11-08 13:13:59 - [TEST_STEP][PASSED] - setText(findTestObject(orPath_TaxPayer + "/input_suffix"), "Sr"): Text 'Sr' is set on object 'Object Repository/RAD_Pages/Taxpayer_Page/input_suffix'

2021-11-08 13:13:59 - [MESSAGE][PASSED] - Text 'Sr' is set on object 'Object Repository/RAD_Pages/Taxpayer_Page/input_suffix'

2021-11-08 13:13:59 - [TEST_STEP][PASSED] - selectOptionByLabel(findTestObject(orPath_AddressContact + "/select_Country"), "United States", false): All options with label 'United States' are selected in object 'Object Repository/RAD_Pages/AddressAndContactInfo_Page/select_Country' 

2021-11-08 13:14:00 - [MESSAGE][PASSED] - All options with label 'United States' are selected in object 'Object Repository/RAD_Pages/AddressAndContactInfo_Page/select_Country' 

2021-11-08 13:14:00 - [TEST_STEP][PASSED] - setText(findTestObject(orPath_AddressContact + "/input_streetAddress1"), AL1): Text '2311 York road' is set on object 'Object Repository/RAD_Pages/AddressAndContactInfo_Page/input_streetAddress1'

2021-11-08 13:14:01 - [MESSAGE][PASSED] - Text '2311 York road' is set on object 'Object Repository/RAD_Pages/AddressAndContactInfo_Page/input_streetAddress1'

2021-11-08 13:14:01 - [TEST_STEP][PASSED] - setText(findTestObject(orPath_AddressContact + "/input_streetAddress2"), ""): Text '' is set on object 'Object Repository/RAD_Pages/AddressAndContactInfo_Page/input_streetAddress2'

2021-11-08 13:14:01 - [MESSAGE][PASSED] - Text '' is set on object 'Object Repository/RAD_Pages/AddressAndContactInfo_Page/input_streetAddress2'

2021-11-08 13:14:01 - [TEST_STEP][PASSED] - setText(findTestObject(orPath_AddressContact + "/input_city"), City): Text 'Gambrills' is set on object 'Object Repository/RAD_Pages/AddressAndContactInfo_Page/input_city'

2021-11-08 13:14:02 - [MESSAGE][PASSED] - Text 'Gambrills' is set on object 'Object Repository/RAD_Pages/AddressAndContactInfo_Page/input_city'

2021-11-08 13:14:02 - [TEST_STEP][PASSED] - selectOptionByLabel(findTestObject(orPath_AddressContact + "/select_State"), "Maryland", false): All options with label 'Maryland' are selected in object 'Object Repository/RAD_Pages/AddressAndContactInfo_Page/select_State' 

2021-11-08 13:14:02 - [MESSAGE][PASSED] - All options with label 'Maryland' are selected in object 'Object Repository/RAD_Pages/AddressAndContactInfo_Page/select_State' 

2021-11-08 13:14:02 - [TEST_STEP][PASSED] - setText(findTestObject(orPath_AddressContact + "/input_zipCode"), ZIP): Text '21054' is set on object 'Object Repository/RAD_Pages/AddressAndContactInfo_Page/input_zipCode'

2021-11-08 13:14:03 - [MESSAGE][PASSED] - Text '21054' is set on object 'Object Repository/RAD_Pages/AddressAndContactInfo_Page/input_zipCode'

2021-11-08 13:14:03 - [TEST_STEP][PASSED] - setText(findTestObject(orPath_AddressContact + "/input_phoneNumber"), "(703) 894-5000"): Text '(703) 894-5000' is set on object 'Object Repository/RAD_Pages/AddressAndContactInfo_Page/input_phoneNumber'

2021-11-08 13:14:04 - [MESSAGE][PASSED] - Text '(703) 894-5000' is set on object 'Object Repository/RAD_Pages/AddressAndContactInfo_Page/input_phoneNumber'

2021-11-08 13:14:04 - [TEST_STEP][PASSED] - setText(findTestObject(orPath_AddressContact + "/input_eMailAddress"), "iahmed@govolution.com"): Text 'iahmed@govolution.com' is set on object 'Object Repository/RAD_Pages/AddressAndContactInfo_Page/input_eMailAddress'

2021-11-08 13:14:05 - [MESSAGE][PASSED] - Text 'iahmed@govolution.com' is set on object 'Object Repository/RAD_Pages/AddressAndContactInfo_Page/input_eMailAddress'

2021-11-08 13:14:05 - [TEST_STEP][PASSED] - setText(findTestObject(orPath_AddressContact + "/input_reEnterEMailAddress"), "iahmed@govolution.com"): Text 'iahmed@govolution.com' is set on object 'Object Repository/RAD_Pages/AddressAndContactInfo_Page/input_reEnterEMailAddress'

2021-11-08 13:14:05 - [MESSAGE][PASSED] - Text 'iahmed@govolution.com' is set on object 'Object Repository/RAD_Pages/AddressAndContactInfo_Page/input_reEnterEMailAddress'

2021-11-08 13:14:05 - [TEST_STEP][PASSED] - if (!(SSN.isEmpty())): Text '123450145' is set on object 'Object Repository/RAD_Pages/TaxInfo_Page/input_TaxInfo_reTaxTypeExisitingSSN'

2021-11-08 13:14:05 - [TEST_STEP][PASSED] - setText(findTestObject(orPath_TaxInfo + "/input_TaxInfo_ExisitingSSN"), SSN): Text '123450145' is set on object 'Object Repository/RAD_Pages/TaxInfo_Page/input_TaxInfo_ExisitingSSN'

2021-11-08 13:14:06 - [MESSAGE][PASSED] - Text '123450145' is set on object 'Object Repository/RAD_Pages/TaxInfo_Page/input_TaxInfo_ExisitingSSN'

2021-11-08 13:14:06 - [TEST_STEP][PASSED] - setText(findTestObject(orPath_TaxInfo + "/input_TaxInfo_reTaxTypeExisitingSSN"), SSN): Text '123450145' is set on object 'Object Repository/RAD_Pages/TaxInfo_Page/input_TaxInfo_reTaxTypeExisitingSSN'

2021-11-08 13:14:06 - [MESSAGE][PASSED] - Text '123450145' is set on object 'Object Repository/RAD_Pages/TaxInfo_Page/input_TaxInfo_reTaxTypeExisitingSSN'

2021-11-08 13:14:06 - [TEST_STEP][PASSED] - scrollToElement(findTestObject(orPath_Amount + "/input__paymentAmount"), 3): Scroll to object 'Object Repository/RAD_Pages/PaymentAmount_Page/input__paymentAmount' successfully

2021-11-08 13:14:07 - [MESSAGE][PASSED] - Scroll to object 'Object Repository/RAD_Pages/PaymentAmount_Page/input__paymentAmount' successfully

2021-11-08 13:14:07 - [TEST_STEP][PASSED] - if (!(FEIN.isEmpty())): null

2021-11-08 13:14:07 - [TEST_STEP][PASSED] - delay(1): Delayed 1 second(s)

2021-11-08 13:14:08 - [MESSAGE][PASSED] - Delayed 1 second(s)

2021-11-08 13:14:08 - [TEST_STEP][PASSED] - setText(findTestObject(orPath_TaxInfo + "/input_NoticeInvoiceNumber"), "258147147"): Text '258147147' is set on object 'Object Repository/RAD_Pages/TaxInfo_Page/input_NoticeInvoiceNumber'

2021-11-08 13:14:09 - [MESSAGE][PASSED] - Text '258147147' is set on object 'Object Repository/RAD_Pages/TaxInfo_Page/input_NoticeInvoiceNumber'

2021-11-08 13:14:09 - [TEST_STEP][PASSED] - setText(findTestObject(orPath_TaxInfo + "/input_reTypeNoticeInvoiceNumber"), "258147147"): Text '258147147' is set on object 'Object Repository/RAD_Pages/TaxInfo_Page/input_reTypeNoticeInvoiceNumber'

2021-11-08 13:14:10 - [MESSAGE][PASSED] - Text '258147147' is set on object 'Object Repository/RAD_Pages/TaxInfo_Page/input_reTypeNoticeInvoiceNumber'

2021-11-08 13:14:10 - [TEST_STEP][PASSED] - if (TaxTypeEL.equalsIgnoreCase("Sales & Use Tax")): null

2021-11-08 13:14:10 - [TEST_STEP][PASSED] - setText(findTestObject(orPath_Amount + "/input__paymentAmount"), Amount): Text '30.50' is set on object 'Object Repository/RAD_Pages/PaymentAmount_Page/input__paymentAmount'

2021-11-08 13:14:10 - [MESSAGE][PASSED] - Text '30.50' is set on object 'Object Repository/RAD_Pages/PaymentAmount_Page/input__paymentAmount'

2021-11-08 13:14:10 - [TEST_STEP][PASSED] - scrollToElement(findTestObject(orPath_Landing + "/button_Continue"), 3): Scroll to object 'Object Repository/RAD_Pages/Landing_Page/button_Continue' successfully

2021-11-08 13:14:11 - [MESSAGE][PASSED] - Scroll to object 'Object Repository/RAD_Pages/Landing_Page/button_Continue' successfully

2021-11-08 13:14:11 - [TEST_STEP][PASSED] - waitForElementClickable(findTestObject(orPath_Landing + "/button_Continue"), 5): Object 'Object Repository/RAD_Pages/Landing_Page/button_Continue' is clickable

2021-11-08 13:14:11 - [MESSAGE][PASSED] - Object 'Object Repository/RAD_Pages/Landing_Page/button_Continue' is clickable

2021-11-08 13:14:11 - [TEST_STEP][PASSED] - click(findTestObject(orPath_Landing + "/button_Continue")): Object: 'Object Repository/RAD_Pages/Landing_Page/button_Continue' is clicked on

2021-11-08 13:14:11 - [MESSAGE][PASSED] - Object: 'Object Repository/RAD_Pages/Landing_Page/button_Continue' is clicked on

2021-11-08 13:14:11 - [TEST_STEP][PASSED] - verifyTextPresent("Review the information below and make any necessary corrections by clicking the", true): Text 'Review the information below and make any necessary corrections by clicking the' is present on page  using regular expression

2021-11-08 13:14:12 - [MESSAGE][PASSED] - Text 'Review the information below and make any necessary corrections by clicking the' is present on page  using regular expression

2021-11-08 13:14:12 - [TEST_STEP][PASSED] - verifyTextPresent("When you are confident that all the information is correct", true): Text 'When you are confident that all the information is correct' is present on page  using regular expression

2021-11-08 13:14:12 - [MESSAGE][PASSED] - Text 'When you are confident that all the information is correct' is present on page  using regular expression

2021-11-08 13:14:12 - [TEST_STEP][PASSED] - delay(1): Delayed 1 second(s)

2021-11-08 13:14:13 - [MESSAGE][PASSED] - Delayed 1 second(s)

2021-11-08 13:14:13 - [TEST_STEP][PASSED] - click(findTestObject(orPath_PaymentReady + "/button_ProceedtoPayment")): Object: 'Object Repository/RAD_Pages/PaymentReady_Page/button_ProceedtoPayment' is clicked on

2021-11-08 13:14:16 - [MESSAGE][PASSED] - Object: 'Object Repository/RAD_Pages/PaymentReady_Page/button_ProceedtoPayment' is clicked on

2021-11-08 13:14:16 - [TEST_STEP][PASSED] - setText(findTestObject(orPath_PaymentEntry + "/input__cardNumber"), CCNumber): Text '5146312200000035' is set on object 'Object Repository/RAD_Pages/PaymentEntry_Page/input__cardNumber'

2021-11-08 13:14:17 - [MESSAGE][PASSED] - Text '5146312200000035' is set on object 'Object Repository/RAD_Pages/PaymentEntry_Page/input__cardNumber'

2021-11-08 13:14:17 - [TEST_STEP][PASSED] - setText(findTestObject(orPath_PaymentEntry + "/input__spc"), CVV): Text '123' is set on object 'Object Repository/RAD_Pages/PaymentEntry_Page/input__spc'

2021-11-08 13:14:18 - [MESSAGE][PASSED] - Text '123' is set on object 'Object Repository/RAD_Pages/PaymentEntry_Page/input__spc'

2021-11-08 13:14:18 - [TEST_STEP][PASSED] - selectOptionByLabel(findTestObject(orPath_PaymentEntry + "/select_MM"), "12", false): All options with label '12' are selected in object 'Object Repository/RAD_Pages/PaymentEntry_Page/select_MM' 

2021-11-08 13:14:18 - [MESSAGE][PASSED] - All options with label '12' are selected in object 'Object Repository/RAD_Pages/PaymentEntry_Page/select_MM' 

2021-11-08 13:14:18 - [TEST_STEP][PASSED] - selectOptionByLabel(findTestObject(orPath_PaymentEntry + "/select_YYYY"), "2023", false): All options with label '2023' are selected in object 'Object Repository/RAD_Pages/PaymentEntry_Page/select_YYYY' 

2021-11-08 13:14:19 - [MESSAGE][PASSED] - All options with label '2023' are selected in object 'Object Repository/RAD_Pages/PaymentEntry_Page/select_YYYY' 

2021-11-08 13:14:19 - [TEST_STEP][PASSED] - click(findTestObject(orPath_PaymentEntry + "/input_Field_ccSubmit")): Object: 'Object Repository/RAD_Pages/PaymentEntry_Page/input_Field_ccSubmit' is clicked on

2021-11-08 13:14:20 - [MESSAGE][PASSED] - Object: 'Object Repository/RAD_Pages/PaymentEntry_Page/input_Field_ccSubmit' is clicked on

2021-11-08 13:14:20 - [TEST_STEP][PASSED] - click(findTestObject(orPath_PaymentConfirmation + "/input_N_confirmNotifyAction")): Object: 'Object Repository/RAD_Pages/PaymentConfirmation_Page/input_N_confirmNotifyAction' is clicked on

2021-11-08 13:14:21 - [MESSAGE][PASSED] - Object: 'Object Repository/RAD_Pages/PaymentConfirmation_Page/input_N_confirmNotifyAction' is clicked on

2021-11-08 13:14:21 - [TEST_STEP][PASSED] - click(findTestObject(orPath_ServiceFeesAccept + "/input_convFeeNotifyAction")): Object: 'Object Repository/RAD_Pages/ServiceFeeAccept_Page/input_convFeeNotifyAction' is clicked on

2021-11-08 13:14:23 - [MESSAGE][PASSED] - Object: 'Object Repository/RAD_Pages/ServiceFeeAccept_Page/input_convFeeNotifyAction' is clicked on

2021-11-08 13:14:23 - [TEST_STEP][PASSED] - delay(10): Delayed 10 second(s)

2021-11-08 13:14:33 - [MESSAGE][PASSED] - Delayed 10 second(s)

2021-11-08 13:14:33 - [TEST_STEP][PASSED] - verifyTextPresent("Successful Payment Receipt", true): Text 'Successful Payment Receipt' is present on page  using regular expression

2021-11-08 13:14:33 - [MESSAGE][PASSED] - Text 'Successful Payment Receipt' is present on page  using regular expression

2021-11-08 13:14:33 - [TEST_STEP][PASSED] - if (verifyTextPresent("Successful Payment Receipt", true)): null

2021-11-08 13:14:33 - [MESSAGE][PASSED] - Text 'Successful Payment Receipt' is present on page  using regular expression

2021-11-08 13:14:33 - [TEST_STEP][PASSED] - println("Transaction was Successful"): null

2021-11-08 13:14:33 - [TEST_STEP][PASSED] - out.println("Pass Record Number: " + row): null

2021-11-08 13:14:33 - [TEST_STEP][PASSED] - resText = "Pass": null

2021-11-08 13:14:33 - [TEST_STEP][PASSED] - pages.WriteExcel.demoKey(resText, datText, resColumn, datCloumn, fileLoc, nameSheet, row): pages.WriteExcel.demoKey is PASSED

2021-11-08 13:14:33 - [MESSAGE][PASSED] - pages.WriteExcel.demoKey is PASSED

2021-11-08 13:14:33 - [TEST_STEP][PASSED] - ExecuteTC = findTestData(dataFile).getValue("Execute", row): null

2021-11-08 13:14:33 - [TEST_STEP][PASSED] - Taxtype = findTestData(dataFile).getValue("TaxType", row): null

2021-11-08 13:14:34 - [TEST_STEP][PASSED] - TaxTypeEL = findTestData(dataFile).getValue("TaxTypeEL", row): null

2021-11-08 13:14:34 - [TEST_STEP][PASSED] - FilingYear = findTestData(dataFile).getValue("FilingYear", row): null

2021-11-08 13:14:34 - [TEST_STEP][PASSED] - FName = findTestData(dataFile).getValue("Fname", row): null

2021-11-08 13:14:34 - [TEST_STEP][PASSED] - LName = findTestData(dataFile).getValue("Lname", row): null

2021-11-08 13:14:34 - [TEST_STEP][PASSED] - AL1 = findTestData(dataFile).getValue("AL1", row): null

2021-11-08 13:14:34 - [TEST_STEP][PASSED] - City = findTestData(dataFile).getValue("City", row): null

2021-11-08 13:14:34 - [TEST_STEP][PASSED] - ZIP = findTestData(dataFile).getValue("ZIP", row): null

2021-11-08 13:14:34 - [TEST_STEP][PASSED] - Amount = findTestData(dataFile).getValue("Amount", row): null

2021-11-08 13:14:34 - [TEST_STEP][PASSED] - CCNumber = findTestData(dataFile).getValue("CCNumber", row): null

2021-11-08 13:14:34 - [TEST_STEP][PASSED] - CVV = findTestData(dataFile).getValue("CVV", row): null

2021-11-08 13:14:34 - [TEST_STEP][PASSED] - SSN = findTestData(dataFile).getValue("SSN", row): null

2021-11-08 13:14:34 - [TEST_STEP][PASSED] - FEIN = findTestData(dataFile).getValue("FEIN", row): null

2021-11-08 13:14:34 - [TEST_STEP][PASSED] - out.println("Value of Execute is : " + ExecuteTC): null

2021-11-08 13:14:34 - [TEST_STEP][PASSED] - if (ExecuteTC.equalsIgnoreCase("Y")): null

2021-11-08 13:14:34 - [TEST_STEP][PASSED] - out.println("Begin Record Number: " + row): null

2021-11-08 13:14:34 - [TEST_STEP][PASSED] - today = new java.util.Date(): null

2021-11-08 13:14:34 - [TEST_STEP][PASSED] - println(today): null

2021-11-08 13:14:34 - [TEST_STEP][PASSED] - datText = today: null

2021-11-08 13:14:34 - [TEST_STEP][PASSED] - Taxtype = findTestData(dataFile).getValue("TaxType", row): null

2021-11-08 13:14:34 - [TEST_STEP][PASSED] - out.println("Taxtype value is : " + Taxtype): null

2021-11-08 13:14:34 - [TEST_STEP][PASSED] - openBrowser(""): Browser is opened with url: ''

2021-11-08 13:14:34 - [MESSAGE][WARNING] - A browser is already opened. Closing browser and opening a new one

2021-11-08 13:14:35 - [MESSAGE][INFO] - Starting 'Chrome' driver

2021-11-08 13:14:35 - [MESSAGE][INFO] - User set preference: ['acceptInsecureCerts', 'true']

2021-11-08 13:14:35 - [MESSAGE][INFO] - Action delay is set to 0 milliseconds

2021-11-08 13:14:36 - [MESSAGE][PASSED] - Browser is opened with url: ''

2021-11-08 13:14:36 - [TEST_STEP][PASSED] - maximizeWindow(): Current window maximized

2021-11-08 13:14:36 - [MESSAGE][PASSED] - Current window maximized

2021-11-08 13:14:36 - [TEST_STEP][PASSED] - navigateToUrl(RADurl): Navigate to 'https://qa.velocitypayment.com/client/rad/index.html' successfully

2021-11-08 13:14:38 - [MESSAGE][PASSED] - Navigate to 'https://qa.velocitypayment.com/client/rad/index.html' successfully

2021-11-08 13:14:38 - [TEST_STEP][PASSED] - orPath_Landing = "Object Repository/RAD_Pages/Landing_Page": null

2021-11-08 13:14:38 - [TEST_STEP][PASSED] - orPath_TaxTypeFilingYear = "Object Repository/RAD_Pages/TaxTypeFilingYear_Page": null

2021-11-08 13:14:38 - [TEST_STEP][PASSED] - orPath_TaxPayer = "Object Repository/RAD_Pages/Taxpayer_Page": null

2021-11-08 13:14:38 - [TEST_STEP][PASSED] - orPath_AddressContact = "Object Repository/RAD_Pages/AddressAndContactInfo_Page": null

2021-11-08 13:14:38 - [TEST_STEP][PASSED] - orPath_FilingStatus = "Object Repository/RAD_Pages/FilingStatus_Page": null

2021-11-08 13:14:38 - [TEST_STEP][PASSED] - orPath_Amount = "Object Repository/RAD_Pages/PaymentAmount_Page": null

2021-11-08 13:14:38 - [TEST_STEP][PASSED] - orPath_TaxInfo = "Object Repository/RAD_Pages/TaxInfo_Page": null

2021-11-08 13:14:38 - [TEST_STEP][PASSED] - orPath_Withholding = "Object Repository/RAD_Pages/Withholding_Page": null

2021-11-08 13:14:38 - [TEST_STEP][PASSED] - orPath_Summary = "Object Repository/RAD_Pages/Summary_Page": null

2021-11-08 13:14:38 - [TEST_STEP][PASSED] - orPath_PaymentReady = "Object Repository/RAD_Pages/PaymentReady_Page": null

2021-11-08 13:14:38 - [TEST_STEP][PASSED] - orPath_PaymentEntry = "Object Repository/RAD_Pages/PaymentEntry_Page": null

2021-11-08 13:14:38 - [TEST_STEP][PASSED] - orPath_PaymentConfirmation = "Object Repository/RAD_Pages/PaymentConfirmation_Page": null

2021-11-08 13:14:38 - [TEST_STEP][PASSED] - orPath_ServiceFeesAccept = "Object Repository/RAD_Pages/ServiceFeeAccept_Page": null

2021-11-08 13:14:38 - [TEST_STEP][PASSED] - selectOptionByLabel(findTestObject(orPath_Landing + "/dd_TaxType"), Taxtype, false): All options with label 'Existing Liability' are selected in object 'Object Repository/RAD_Pages/Landing_Page/dd_TaxType' 

2021-11-08 13:14:39 - [MESSAGE][PASSED] - All options with label 'Existing Liability' are selected in object 'Object Repository/RAD_Pages/Landing_Page/dd_TaxType' 

2021-11-08 13:14:39 - [TEST_STEP][PASSED] - delay(1): Delayed 1 second(s)

2021-11-08 13:14:40 - [MESSAGE][PASSED] - Delayed 1 second(s)

2021-11-08 13:14:40 - [TEST_STEP][PASSED] - selectOptionByLabel(findTestObject(orPath_TaxTypeFilingYear + "/select_TaxType_ExistingLiability"), TaxTypeEL, false): All options with label 'PTE Tax (LLC)' are selected in object 'Object Repository/RAD_Pages/TaxTypeFilingYear_Page/select_TaxType_ExistingLiability' 

2021-11-08 13:14:41 - [MESSAGE][PASSED] - All options with label 'PTE Tax (LLC)' are selected in object 'Object Repository/RAD_Pages/TaxTypeFilingYear_Page/select_TaxType_ExistingLiability' 

2021-11-08 13:14:41 - [TEST_STEP][PASSED] - selectOptionByLabel(findTestObject(orPath_TaxTypeFilingYear + "/select_FilingYear"), FilingYear, false): All options with label '2020' are selected in object 'Object Repository/RAD_Pages/TaxTypeFilingYear_Page/select_FilingYear' 

2021-11-08 13:14:41 - [MESSAGE][PASSED] - All options with label '2020' are selected in object 'Object Repository/RAD_Pages/TaxTypeFilingYear_Page/select_FilingYear' 

2021-11-08 13:14:41 - [TEST_STEP][PASSED] - setText(findTestObject(orPath_TaxPayer + "/input_firstName"), FName): Text 'Joshua' is set on object 'Object Repository/RAD_Pages/Taxpayer_Page/input_firstName'

2021-11-08 13:14:42 - [MESSAGE][PASSED] - Text 'Joshua' is set on object 'Object Repository/RAD_Pages/Taxpayer_Page/input_firstName'

2021-11-08 13:14:42 - [TEST_STEP][PASSED] - setText(findTestObject(orPath_TaxPayer + "/input_lastName"), LName): Text 'Cook' is set on object 'Object Repository/RAD_Pages/Taxpayer_Page/input_lastName'

2021-11-08 13:14:43 - [MESSAGE][PASSED] - Text 'Cook' is set on object 'Object Repository/RAD_Pages/Taxpayer_Page/input_lastName'

2021-11-08 13:14:43 - [TEST_STEP][PASSED] - setText(findTestObject(orPath_TaxPayer + "/input_middleName"), "Johns"): Text 'Johns' is set on object 'Object Repository/RAD_Pages/Taxpayer_Page/input_middleName'

2021-11-08 13:14:43 - [MESSAGE][PASSED] - Text 'Johns' is set on object 'Object Repository/RAD_Pages/Taxpayer_Page/input_middleName'

2021-11-08 13:14:43 - [TEST_STEP][PASSED] - setText(findTestObject(orPath_TaxPayer + "/input_suffix"), "Sr"): Text 'Sr' is set on object 'Object Repository/RAD_Pages/Taxpayer_Page/input_suffix'

2021-11-08 13:14:44 - [MESSAGE][PASSED] - Text 'Sr' is set on object 'Object Repository/RAD_Pages/Taxpayer_Page/input_suffix'

2021-11-08 13:14:44 - [TEST_STEP][PASSED] - selectOptionByLabel(findTestObject(orPath_AddressContact + "/select_Country"), "United States", false): All options with label 'United States' are selected in object 'Object Repository/RAD_Pages/AddressAndContactInfo_Page/select_Country' 

2021-11-08 13:14:44 - [MESSAGE][PASSED] - All options with label 'United States' are selected in object 'Object Repository/RAD_Pages/AddressAndContactInfo_Page/select_Country' 

2021-11-08 13:14:44 - [TEST_STEP][PASSED] - setText(findTestObject(orPath_AddressContact + "/input_streetAddress1"), AL1): Text '2311 York road' is set on object 'Object Repository/RAD_Pages/AddressAndContactInfo_Page/input_streetAddress1'

2021-11-08 13:14:45 - [MESSAGE][PASSED] - Text '2311 York road' is set on object 'Object Repository/RAD_Pages/AddressAndContactInfo_Page/input_streetAddress1'

2021-11-08 13:14:45 - [TEST_STEP][PASSED] - setText(findTestObject(orPath_AddressContact + "/input_streetAddress2"), ""): Text '' is set on object 'Object Repository/RAD_Pages/AddressAndContactInfo_Page/input_streetAddress2'

2021-11-08 13:14:46 - [MESSAGE][PASSED] - Text '' is set on object 'Object Repository/RAD_Pages/AddressAndContactInfo_Page/input_streetAddress2'

2021-11-08 13:14:46 - [TEST_STEP][PASSED] - setText(findTestObject(orPath_AddressContact + "/input_city"), City): Text 'Gambrills' is set on object 'Object Repository/RAD_Pages/AddressAndContactInfo_Page/input_city'

2021-11-08 13:14:46 - [MESSAGE][PASSED] - Text 'Gambrills' is set on object 'Object Repository/RAD_Pages/AddressAndContactInfo_Page/input_city'

2021-11-08 13:14:46 - [TEST_STEP][PASSED] - selectOptionByLabel(findTestObject(orPath_AddressContact + "/select_State"), "Maryland", false): All options with label 'Maryland' are selected in object 'Object Repository/RAD_Pages/AddressAndContactInfo_Page/select_State' 

2021-11-08 13:14:47 - [MESSAGE][PASSED] - All options with label 'Maryland' are selected in object 'Object Repository/RAD_Pages/AddressAndContactInfo_Page/select_State' 

2021-11-08 13:14:47 - [TEST_STEP][PASSED] - setText(findTestObject(orPath_AddressContact + "/input_zipCode"), ZIP): Text '21054' is set on object 'Object Repository/RAD_Pages/AddressAndContactInfo_Page/input_zipCode'

2021-11-08 13:14:48 - [MESSAGE][PASSED] - Text '21054' is set on object 'Object Repository/RAD_Pages/AddressAndContactInfo_Page/input_zipCode'

2021-11-08 13:14:48 - [TEST_STEP][PASSED] - setText(findTestObject(orPath_AddressContact + "/input_phoneNumber"), "(703) 894-5000"): Text '(703) 894-5000' is set on object 'Object Repository/RAD_Pages/AddressAndContactInfo_Page/input_phoneNumber'

2021-11-08 13:14:48 - [MESSAGE][PASSED] - Text '(703) 894-5000' is set on object 'Object Repository/RAD_Pages/AddressAndContactInfo_Page/input_phoneNumber'

2021-11-08 13:14:48 - [TEST_STEP][PASSED] - setText(findTestObject(orPath_AddressContact + "/input_eMailAddress"), "iahmed@govolution.com"): Text 'iahmed@govolution.com' is set on object 'Object Repository/RAD_Pages/AddressAndContactInfo_Page/input_eMailAddress'

2021-11-08 13:14:49 - [MESSAGE][PASSED] - Text 'iahmed@govolution.com' is set on object 'Object Repository/RAD_Pages/AddressAndContactInfo_Page/input_eMailAddress'

2021-11-08 13:14:49 - [TEST_STEP][PASSED] - setText(findTestObject(orPath_AddressContact + "/input_reEnterEMailAddress"), "iahmed@govolution.com"): Text 'iahmed@govolution.com' is set on object 'Object Repository/RAD_Pages/AddressAndContactInfo_Page/input_reEnterEMailAddress'

2021-11-08 13:14:50 - [MESSAGE][PASSED] - Text 'iahmed@govolution.com' is set on object 'Object Repository/RAD_Pages/AddressAndContactInfo_Page/input_reEnterEMailAddress'

2021-11-08 13:14:50 - [TEST_STEP][PASSED] - if (!(SSN.isEmpty())): null

2021-11-08 13:14:50 - [TEST_STEP][PASSED] - scrollToElement(findTestObject(orPath_Amount + "/input__paymentAmount"), 3): Scroll to object 'Object Repository/RAD_Pages/PaymentAmount_Page/input__paymentAmount' successfully

2021-11-08 13:14:50 - [MESSAGE][PASSED] - Scroll to object 'Object Repository/RAD_Pages/PaymentAmount_Page/input__paymentAmount' successfully

2021-11-08 13:14:50 - [TEST_STEP][PASSED] - if (!(FEIN.isEmpty())): Text '258369263' is set on object 'Object Repository/RAD_Pages/TaxInfo_Page/input_ReTypeFEIN'

2021-11-08 13:14:50 - [TEST_STEP][PASSED] - setText(findTestObject(orPath_TaxInfo + "/input_FEIN"), FEIN): Text '258369263' is set on object 'Object Repository/RAD_Pages/TaxInfo_Page/input_FEIN'

2021-11-08 13:14:51 - [MESSAGE][PASSED] - Text '258369263' is set on object 'Object Repository/RAD_Pages/TaxInfo_Page/input_FEIN'

2021-11-08 13:14:51 - [TEST_STEP][PASSED] - setText(findTestObject(orPath_TaxInfo + "/input_ReTypeFEIN"), FEIN): Text '258369263' is set on object 'Object Repository/RAD_Pages/TaxInfo_Page/input_ReTypeFEIN'

2021-11-08 13:14:51 - [MESSAGE][PASSED] - Text '258369263' is set on object 'Object Repository/RAD_Pages/TaxInfo_Page/input_ReTypeFEIN'

2021-11-08 13:14:51 - [TEST_STEP][PASSED] - delay(1): Delayed 1 second(s)

2021-11-08 13:14:52 - [MESSAGE][PASSED] - Delayed 1 second(s)

2021-11-08 13:14:52 - [TEST_STEP][PASSED] - setText(findTestObject(orPath_TaxInfo + "/input_NoticeInvoiceNumber"), "258147147"): Text '258147147' is set on object 'Object Repository/RAD_Pages/TaxInfo_Page/input_NoticeInvoiceNumber'

2021-11-08 13:14:53 - [MESSAGE][PASSED] - Text '258147147' is set on object 'Object Repository/RAD_Pages/TaxInfo_Page/input_NoticeInvoiceNumber'

2021-11-08 13:14:53 - [TEST_STEP][PASSED] - setText(findTestObject(orPath_TaxInfo + "/input_reTypeNoticeInvoiceNumber"), "258147147"): Text '258147147' is set on object 'Object Repository/RAD_Pages/TaxInfo_Page/input_reTypeNoticeInvoiceNumber'

2021-11-08 13:14:54 - [MESSAGE][PASSED] - Text '258147147' is set on object 'Object Repository/RAD_Pages/TaxInfo_Page/input_reTypeNoticeInvoiceNumber'

2021-11-08 13:14:54 - [TEST_STEP][PASSED] - if (TaxTypeEL.equalsIgnoreCase("Sales & Use Tax")): null

2021-11-08 13:14:54 - [TEST_STEP][PASSED] - setText(findTestObject(orPath_Amount + "/input__paymentAmount"), Amount): Text '30.50' is set on object 'Object Repository/RAD_Pages/PaymentAmount_Page/input__paymentAmount'

2021-11-08 13:14:55 - [MESSAGE][PASSED] - Text '30.50' is set on object 'Object Repository/RAD_Pages/PaymentAmount_Page/input__paymentAmount'

2021-11-08 13:14:55 - [TEST_STEP][PASSED] - scrollToElement(findTestObject(orPath_Landing + "/button_Continue"), 3): Scroll to object 'Object Repository/RAD_Pages/Landing_Page/button_Continue' successfully

2021-11-08 13:14:55 - [MESSAGE][PASSED] - Scroll to object 'Object Repository/RAD_Pages/Landing_Page/button_Continue' successfully

2021-11-08 13:14:55 - [TEST_STEP][PASSED] - waitForElementClickable(findTestObject(orPath_Landing + "/button_Continue"), 5): Object 'Object Repository/RAD_Pages/Landing_Page/button_Continue' is clickable

2021-11-08 13:14:55 - [MESSAGE][PASSED] - Object 'Object Repository/RAD_Pages/Landing_Page/button_Continue' is clickable

2021-11-08 13:14:55 - [TEST_STEP][PASSED] - click(findTestObject(orPath_Landing + "/button_Continue")): Object: 'Object Repository/RAD_Pages/Landing_Page/button_Continue' is clicked on

2021-11-08 13:14:56 - [MESSAGE][PASSED] - Object: 'Object Repository/RAD_Pages/Landing_Page/button_Continue' is clicked on

2021-11-08 13:14:56 - [TEST_STEP][PASSED] - verifyTextPresent("Review the information below and make any necessary corrections by clicking the", true): Text 'Review the information below and make any necessary corrections by clicking the' is present on page  using regular expression

2021-11-08 13:14:56 - [MESSAGE][PASSED] - Text 'Review the information below and make any necessary corrections by clicking the' is present on page  using regular expression

2021-11-08 13:14:56 - [TEST_STEP][PASSED] - verifyTextPresent("When you are confident that all the information is correct", true): Text 'When you are confident that all the information is correct' is present on page  using regular expression

2021-11-08 13:14:57 - [MESSAGE][PASSED] - Text 'When you are confident that all the information is correct' is present on page  using regular expression

2021-11-08 13:14:57 - [TEST_STEP][PASSED] - delay(1): Delayed 1 second(s)

2021-11-08 13:14:58 - [MESSAGE][PASSED] - Delayed 1 second(s)

2021-11-08 13:14:58 - [TEST_STEP][PASSED] - click(findTestObject(orPath_PaymentReady + "/button_ProceedtoPayment")): Object: 'Object Repository/RAD_Pages/PaymentReady_Page/button_ProceedtoPayment' is clicked on

2021-11-08 13:15:01 - [MESSAGE][PASSED] - Object: 'Object Repository/RAD_Pages/PaymentReady_Page/button_ProceedtoPayment' is clicked on

2021-11-08 13:15:01 - [TEST_STEP][PASSED] - setText(findTestObject(orPath_PaymentEntry + "/input__cardNumber"), CCNumber): Text '5146312200000035' is set on object 'Object Repository/RAD_Pages/PaymentEntry_Page/input__cardNumber'

2021-11-08 13:15:01 - [MESSAGE][PASSED] - Text '5146312200000035' is set on object 'Object Repository/RAD_Pages/PaymentEntry_Page/input__cardNumber'

2021-11-08 13:15:01 - [TEST_STEP][PASSED] - setText(findTestObject(orPath_PaymentEntry + "/input__spc"), CVV): Text '123' is set on object 'Object Repository/RAD_Pages/PaymentEntry_Page/input__spc'

2021-11-08 13:15:02 - [MESSAGE][PASSED] - Text '123' is set on object 'Object Repository/RAD_Pages/PaymentEntry_Page/input__spc'

2021-11-08 13:15:02 - [TEST_STEP][PASSED] - selectOptionByLabel(findTestObject(orPath_PaymentEntry + "/select_MM"), "12", false): All options with label '12' are selected in object 'Object Repository/RAD_Pages/PaymentEntry_Page/select_MM' 

2021-11-08 13:15:03 - [MESSAGE][PASSED] - All options with label '12' are selected in object 'Object Repository/RAD_Pages/PaymentEntry_Page/select_MM' 

2021-11-08 13:15:03 - [TEST_STEP][PASSED] - selectOptionByLabel(findTestObject(orPath_PaymentEntry + "/select_YYYY"), "2023", false): All options with label '2023' are selected in object 'Object Repository/RAD_Pages/PaymentEntry_Page/select_YYYY' 

2021-11-08 13:15:03 - [MESSAGE][PASSED] - All options with label '2023' are selected in object 'Object Repository/RAD_Pages/PaymentEntry_Page/select_YYYY' 

2021-11-08 13:15:03 - [TEST_STEP][PASSED] - click(findTestObject(orPath_PaymentEntry + "/input_Field_ccSubmit")): Object: 'Object Repository/RAD_Pages/PaymentEntry_Page/input_Field_ccSubmit' is clicked on

2021-11-08 13:15:05 - [MESSAGE][PASSED] - Object: 'Object Repository/RAD_Pages/PaymentEntry_Page/input_Field_ccSubmit' is clicked on

2021-11-08 13:15:05 - [TEST_STEP][PASSED] - click(findTestObject(orPath_PaymentConfirmation + "/input_N_confirmNotifyAction")): Object: 'Object Repository/RAD_Pages/PaymentConfirmation_Page/input_N_confirmNotifyAction' is clicked on

2021-11-08 13:15:06 - [MESSAGE][PASSED] - Object: 'Object Repository/RAD_Pages/PaymentConfirmation_Page/input_N_confirmNotifyAction' is clicked on

2021-11-08 13:15:06 - [TEST_STEP][PASSED] - click(findTestObject(orPath_ServiceFeesAccept + "/input_convFeeNotifyAction")): Object: 'Object Repository/RAD_Pages/ServiceFeeAccept_Page/input_convFeeNotifyAction' is clicked on

2021-11-08 13:15:07 - [MESSAGE][PASSED] - Object: 'Object Repository/RAD_Pages/ServiceFeeAccept_Page/input_convFeeNotifyAction' is clicked on

2021-11-08 13:15:07 - [TEST_STEP][PASSED] - delay(10): Delayed 10 second(s)

2021-11-08 13:15:17 - [MESSAGE][PASSED] - Delayed 10 second(s)

2021-11-08 13:15:17 - [TEST_STEP][PASSED] - verifyTextPresent("Successful Payment Receipt", true): Text 'Successful Payment Receipt' is present on page  using regular expression

2021-11-08 13:15:18 - [MESSAGE][PASSED] - Text 'Successful Payment Receipt' is present on page  using regular expression

2021-11-08 13:15:18 - [TEST_STEP][PASSED] - if (verifyTextPresent("Successful Payment Receipt", true)): null

2021-11-08 13:15:18 - [MESSAGE][PASSED] - Text 'Successful Payment Receipt' is present on page  using regular expression

2021-11-08 13:15:18 - [TEST_STEP][PASSED] - println("Transaction was Successful"): null

2021-11-08 13:15:18 - [TEST_STEP][PASSED] - out.println("Pass Record Number: " + row): null

2021-11-08 13:15:18 - [TEST_STEP][PASSED] - resText = "Pass": null

2021-11-08 13:15:18 - [TEST_STEP][PASSED] - pages.WriteExcel.demoKey(resText, datText, resColumn, datCloumn, fileLoc, nameSheet, row): pages.WriteExcel.demoKey is PASSED

2021-11-08 13:15:18 - [MESSAGE][PASSED] - pages.WriteExcel.demoKey is PASSED

2021-11-08 13:15:18 - [TEST_STEP][PASSED] - ExecuteTC = findTestData(dataFile).getValue("Execute", row): null

2021-11-08 13:15:18 - [TEST_STEP][PASSED] - Taxtype = findTestData(dataFile).getValue("TaxType", row): null

2021-11-08 13:15:18 - [TEST_STEP][PASSED] - TaxTypeEL = findTestData(dataFile).getValue("TaxTypeEL", row): null

2021-11-08 13:15:18 - [TEST_STEP][PASSED] - FilingYear = findTestData(dataFile).getValue("FilingYear", row): null

2021-11-08 13:15:18 - [TEST_STEP][PASSED] - FName = findTestData(dataFile).getValue("Fname", row): null

2021-11-08 13:15:18 - [TEST_STEP][PASSED] - LName = findTestData(dataFile).getValue("Lname", row): null

2021-11-08 13:15:18 - [TEST_STEP][PASSED] - AL1 = findTestData(dataFile).getValue("AL1", row): null

2021-11-08 13:15:18 - [TEST_STEP][PASSED] - City = findTestData(dataFile).getValue("City", row): null

2021-11-08 13:15:18 - [TEST_STEP][PASSED] - ZIP = findTestData(dataFile).getValue("ZIP", row): null

2021-11-08 13:15:18 - [TEST_STEP][PASSED] - Amount = findTestData(dataFile).getValue("Amount", row): null

2021-11-08 13:15:18 - [TEST_STEP][PASSED] - CCNumber = findTestData(dataFile).getValue("CCNumber", row): null

2021-11-08 13:15:18 - [TEST_STEP][PASSED] - CVV = findTestData(dataFile).getValue("CVV", row): null

2021-11-08 13:15:18 - [TEST_STEP][PASSED] - SSN = findTestData(dataFile).getValue("SSN", row): null

2021-11-08 13:15:18 - [TEST_STEP][PASSED] - FEIN = findTestData(dataFile).getValue("FEIN", row): null

2021-11-08 13:15:19 - [TEST_STEP][PASSED] - out.println("Value of Execute is : " + ExecuteTC): null

2021-11-08 13:15:19 - [TEST_STEP][PASSED] - if (ExecuteTC.equalsIgnoreCase("Y")): null

2021-11-08 13:15:19 - [TEST_STEP][PASSED] - out.println("Begin Record Number: " + row): null

2021-11-08 13:15:19 - [TEST_STEP][PASSED] - today = new java.util.Date(): null

2021-11-08 13:15:19 - [TEST_STEP][PASSED] - println(today): null

2021-11-08 13:15:19 - [TEST_STEP][PASSED] - datText = today: null

2021-11-08 13:15:19 - [TEST_STEP][PASSED] - Taxtype = findTestData(dataFile).getValue("TaxType", row): null

2021-11-08 13:15:19 - [TEST_STEP][PASSED] - out.println("Taxtype value is : " + Taxtype): null

2021-11-08 13:15:19 - [TEST_STEP][PASSED] - openBrowser(""): Browser is opened with url: ''

2021-11-08 13:15:19 - [MESSAGE][WARNING] - A browser is already opened. Closing browser and opening a new one

2021-11-08 13:15:20 - [MESSAGE][INFO] - Starting 'Chrome' driver

2021-11-08 13:15:20 - [MESSAGE][INFO] - User set preference: ['acceptInsecureCerts', 'true']

2021-11-08 13:15:20 - [MESSAGE][INFO] - Action delay is set to 0 milliseconds

2021-11-08 13:15:21 - [MESSAGE][PASSED] - Browser is opened with url: ''

2021-11-08 13:15:21 - [TEST_STEP][PASSED] - maximizeWindow(): Current window maximized

2021-11-08 13:15:21 - [MESSAGE][PASSED] - Current window maximized

2021-11-08 13:15:21 - [TEST_STEP][PASSED] - navigateToUrl(RADurl): Navigate to 'https://qa.velocitypayment.com/client/rad/index.html' successfully

2021-11-08 13:15:23 - [MESSAGE][PASSED] - Navigate to 'https://qa.velocitypayment.com/client/rad/index.html' successfully

2021-11-08 13:15:23 - [TEST_STEP][PASSED] - orPath_Landing = "Object Repository/RAD_Pages/Landing_Page": null

2021-11-08 13:15:23 - [TEST_STEP][PASSED] - orPath_TaxTypeFilingYear = "Object Repository/RAD_Pages/TaxTypeFilingYear_Page": null

2021-11-08 13:15:23 - [TEST_STEP][PASSED] - orPath_TaxPayer = "Object Repository/RAD_Pages/Taxpayer_Page": null

2021-11-08 13:15:23 - [TEST_STEP][PASSED] - orPath_AddressContact = "Object Repository/RAD_Pages/AddressAndContactInfo_Page": null

2021-11-08 13:15:23 - [TEST_STEP][PASSED] - orPath_FilingStatus = "Object Repository/RAD_Pages/FilingStatus_Page": null

2021-11-08 13:15:23 - [TEST_STEP][PASSED] - orPath_Amount = "Object Repository/RAD_Pages/PaymentAmount_Page": null

2021-11-08 13:15:23 - [TEST_STEP][PASSED] - orPath_TaxInfo = "Object Repository/RAD_Pages/TaxInfo_Page": null

2021-11-08 13:15:23 - [TEST_STEP][PASSED] - orPath_Withholding = "Object Repository/RAD_Pages/Withholding_Page": null

2021-11-08 13:15:23 - [TEST_STEP][PASSED] - orPath_Summary = "Object Repository/RAD_Pages/Summary_Page": null

2021-11-08 13:15:23 - [TEST_STEP][PASSED] - orPath_PaymentReady = "Object Repository/RAD_Pages/PaymentReady_Page": null

2021-11-08 13:15:23 - [TEST_STEP][PASSED] - orPath_PaymentEntry = "Object Repository/RAD_Pages/PaymentEntry_Page": null

2021-11-08 13:15:23 - [TEST_STEP][PASSED] - orPath_PaymentConfirmation = "Object Repository/RAD_Pages/PaymentConfirmation_Page": null

2021-11-08 13:15:23 - [TEST_STEP][PASSED] - orPath_ServiceFeesAccept = "Object Repository/RAD_Pages/ServiceFeeAccept_Page": null

2021-11-08 13:15:23 - [TEST_STEP][PASSED] - selectOptionByLabel(findTestObject(orPath_Landing + "/dd_TaxType"), Taxtype, false): All options with label 'Existing Liability' are selected in object 'Object Repository/RAD_Pages/Landing_Page/dd_TaxType' 

2021-11-08 13:15:24 - [MESSAGE][PASSED] - All options with label 'Existing Liability' are selected in object 'Object Repository/RAD_Pages/Landing_Page/dd_TaxType' 

2021-11-08 13:15:24 - [TEST_STEP][PASSED] - delay(1): Delayed 1 second(s)

2021-11-08 13:15:25 - [MESSAGE][PASSED] - Delayed 1 second(s)

2021-11-08 13:15:25 - [TEST_STEP][PASSED] - selectOptionByLabel(findTestObject(orPath_TaxTypeFilingYear + "/select_TaxType_ExistingLiability"), TaxTypeEL, false): All options with label 'PTE Tax (SCorp)' are selected in object 'Object Repository/RAD_Pages/TaxTypeFilingYear_Page/select_TaxType_ExistingLiability' 

2021-11-08 13:15:25 - [MESSAGE][PASSED] - All options with label 'PTE Tax (SCorp)' are selected in object 'Object Repository/RAD_Pages/TaxTypeFilingYear_Page/select_TaxType_ExistingLiability' 

2021-11-08 13:15:25 - [TEST_STEP][PASSED] - selectOptionByLabel(findTestObject(orPath_TaxTypeFilingYear + "/select_FilingYear"), FilingYear, false): All options with label '2020' are selected in object 'Object Repository/RAD_Pages/TaxTypeFilingYear_Page/select_FilingYear' 

2021-11-08 13:15:26 - [MESSAGE][PASSED] - All options with label '2020' are selected in object 'Object Repository/RAD_Pages/TaxTypeFilingYear_Page/select_FilingYear' 

2021-11-08 13:15:26 - [TEST_STEP][PASSED] - setText(findTestObject(orPath_TaxPayer + "/input_firstName"), FName): Text 'Robin' is set on object 'Object Repository/RAD_Pages/Taxpayer_Page/input_firstName'

2021-11-08 13:15:27 - [MESSAGE][PASSED] - Text 'Robin' is set on object 'Object Repository/RAD_Pages/Taxpayer_Page/input_firstName'

2021-11-08 13:15:27 - [TEST_STEP][PASSED] - setText(findTestObject(orPath_TaxPayer + "/input_lastName"), LName): Text 'Bell' is set on object 'Object Repository/RAD_Pages/Taxpayer_Page/input_lastName'

2021-11-08 13:15:27 - [MESSAGE][PASSED] - Text 'Bell' is set on object 'Object Repository/RAD_Pages/Taxpayer_Page/input_lastName'

2021-11-08 13:15:27 - [TEST_STEP][PASSED] - setText(findTestObject(orPath_TaxPayer + "/input_middleName"), "Johns"): Text 'Johns' is set on object 'Object Repository/RAD_Pages/Taxpayer_Page/input_middleName'

2021-11-08 13:15:28 - [MESSAGE][PASSED] - Text 'Johns' is set on object 'Object Repository/RAD_Pages/Taxpayer_Page/input_middleName'

2021-11-08 13:15:28 - [TEST_STEP][PASSED] - setText(findTestObject(orPath_TaxPayer + "/input_suffix"), "Sr"): Text 'Sr' is set on object 'Object Repository/RAD_Pages/Taxpayer_Page/input_suffix'

2021-11-08 13:15:29 - [MESSAGE][PASSED] - Text 'Sr' is set on object 'Object Repository/RAD_Pages/Taxpayer_Page/input_suffix'

2021-11-08 13:15:29 - [TEST_STEP][PASSED] - selectOptionByLabel(findTestObject(orPath_AddressContact + "/select_Country"), "United States", false): All options with label 'United States' are selected in object 'Object Repository/RAD_Pages/AddressAndContactInfo_Page/select_Country' 

2021-11-08 13:15:29 - [MESSAGE][PASSED] - All options with label 'United States' are selected in object 'Object Repository/RAD_Pages/AddressAndContactInfo_Page/select_Country' 

2021-11-08 13:15:29 - [TEST_STEP][PASSED] - setText(findTestObject(orPath_AddressContact + "/input_streetAddress1"), AL1): Text '25 Moan Road' is set on object 'Object Repository/RAD_Pages/AddressAndContactInfo_Page/input_streetAddress1'

2021-11-08 13:15:30 - [MESSAGE][PASSED] - Text '25 Moan Road' is set on object 'Object Repository/RAD_Pages/AddressAndContactInfo_Page/input_streetAddress1'

2021-11-08 13:15:30 - [TEST_STEP][PASSED] - setText(findTestObject(orPath_AddressContact + "/input_streetAddress2"), ""): Text '' is set on object 'Object Repository/RAD_Pages/AddressAndContactInfo_Page/input_streetAddress2'

2021-11-08 13:15:30 - [MESSAGE][PASSED] - Text '' is set on object 'Object Repository/RAD_Pages/AddressAndContactInfo_Page/input_streetAddress2'

2021-11-08 13:15:30 - [TEST_STEP][PASSED] - setText(findTestObject(orPath_AddressContact + "/input_city"), City): Text 'Severn' is set on object 'Object Repository/RAD_Pages/AddressAndContactInfo_Page/input_city'

2021-11-08 13:15:31 - [MESSAGE][PASSED] - Text 'Severn' is set on object 'Object Repository/RAD_Pages/AddressAndContactInfo_Page/input_city'

2021-11-08 13:15:31 - [TEST_STEP][PASSED] - selectOptionByLabel(findTestObject(orPath_AddressContact + "/select_State"), "Maryland", false): All options with label 'Maryland' are selected in object 'Object Repository/RAD_Pages/AddressAndContactInfo_Page/select_State' 

2021-11-08 13:15:32 - [MESSAGE][PASSED] - All options with label 'Maryland' are selected in object 'Object Repository/RAD_Pages/AddressAndContactInfo_Page/select_State' 

2021-11-08 13:15:32 - [TEST_STEP][PASSED] - setText(findTestObject(orPath_AddressContact + "/input_zipCode"), ZIP): Text '21114' is set on object 'Object Repository/RAD_Pages/AddressAndContactInfo_Page/input_zipCode'

2021-11-08 13:15:32 - [MESSAGE][PASSED] - Text '21114' is set on object 'Object Repository/RAD_Pages/AddressAndContactInfo_Page/input_zipCode'

2021-11-08 13:15:32 - [TEST_STEP][PASSED] - setText(findTestObject(orPath_AddressContact + "/input_phoneNumber"), "(703) 894-5000"): Text '(703) 894-5000' is set on object 'Object Repository/RAD_Pages/AddressAndContactInfo_Page/input_phoneNumber'

2021-11-08 13:15:33 - [MESSAGE][PASSED] - Text '(703) 894-5000' is set on object 'Object Repository/RAD_Pages/AddressAndContactInfo_Page/input_phoneNumber'

2021-11-08 13:15:33 - [TEST_STEP][PASSED] - setText(findTestObject(orPath_AddressContact + "/input_eMailAddress"), "iahmed@govolution.com"): Text 'iahmed@govolution.com' is set on object 'Object Repository/RAD_Pages/AddressAndContactInfo_Page/input_eMailAddress'

2021-11-08 13:15:34 - [MESSAGE][PASSED] - Text 'iahmed@govolution.com' is set on object 'Object Repository/RAD_Pages/AddressAndContactInfo_Page/input_eMailAddress'

2021-11-08 13:15:34 - [TEST_STEP][PASSED] - setText(findTestObject(orPath_AddressContact + "/input_reEnterEMailAddress"), "iahmed@govolution.com"): Text 'iahmed@govolution.com' is set on object 'Object Repository/RAD_Pages/AddressAndContactInfo_Page/input_reEnterEMailAddress'

2021-11-08 13:15:35 - [MESSAGE][PASSED] - Text 'iahmed@govolution.com' is set on object 'Object Repository/RAD_Pages/AddressAndContactInfo_Page/input_reEnterEMailAddress'

2021-11-08 13:15:35 - [TEST_STEP][PASSED] - if (!(SSN.isEmpty())): Text '123459630' is set on object 'Object Repository/RAD_Pages/TaxInfo_Page/input_TaxInfo_reTaxTypeExisitingSSN'

2021-11-08 13:15:35 - [TEST_STEP][PASSED] - setText(findTestObject(orPath_TaxInfo + "/input_TaxInfo_ExisitingSSN"), SSN): Text '123459630' is set on object 'Object Repository/RAD_Pages/TaxInfo_Page/input_TaxInfo_ExisitingSSN'

2021-11-08 13:15:35 - [MESSAGE][PASSED] - Text '123459630' is set on object 'Object Repository/RAD_Pages/TaxInfo_Page/input_TaxInfo_ExisitingSSN'

2021-11-08 13:15:35 - [TEST_STEP][PASSED] - setText(findTestObject(orPath_TaxInfo + "/input_TaxInfo_reTaxTypeExisitingSSN"), SSN): Text '123459630' is set on object 'Object Repository/RAD_Pages/TaxInfo_Page/input_TaxInfo_reTaxTypeExisitingSSN'

2021-11-08 13:15:36 - [MESSAGE][PASSED] - Text '123459630' is set on object 'Object Repository/RAD_Pages/TaxInfo_Page/input_TaxInfo_reTaxTypeExisitingSSN'

2021-11-08 13:15:36 - [TEST_STEP][PASSED] - scrollToElement(findTestObject(orPath_Amount + "/input__paymentAmount"), 3): Scroll to object 'Object Repository/RAD_Pages/PaymentAmount_Page/input__paymentAmount' successfully

2021-11-08 13:15:36 - [MESSAGE][PASSED] - Scroll to object 'Object Repository/RAD_Pages/PaymentAmount_Page/input__paymentAmount' successfully

2021-11-08 13:15:36 - [TEST_STEP][PASSED] - if (!(FEIN.isEmpty())): null

2021-11-08 13:15:36 - [TEST_STEP][PASSED] - delay(1): Delayed 1 second(s)

2021-11-08 13:15:37 - [MESSAGE][PASSED] - Delayed 1 second(s)

2021-11-08 13:15:37 - [TEST_STEP][PASSED] - setText(findTestObject(orPath_TaxInfo + "/input_NoticeInvoiceNumber"), "258147147"): Text '258147147' is set on object 'Object Repository/RAD_Pages/TaxInfo_Page/input_NoticeInvoiceNumber'

2021-11-08 13:15:38 - [MESSAGE][PASSED] - Text '258147147' is set on object 'Object Repository/RAD_Pages/TaxInfo_Page/input_NoticeInvoiceNumber'

2021-11-08 13:15:38 - [TEST_STEP][PASSED] - setText(findTestObject(orPath_TaxInfo + "/input_reTypeNoticeInvoiceNumber"), "258147147"): Text '258147147' is set on object 'Object Repository/RAD_Pages/TaxInfo_Page/input_reTypeNoticeInvoiceNumber'

2021-11-08 13:15:39 - [MESSAGE][PASSED] - Text '258147147' is set on object 'Object Repository/RAD_Pages/TaxInfo_Page/input_reTypeNoticeInvoiceNumber'

2021-11-08 13:15:39 - [TEST_STEP][PASSED] - if (TaxTypeEL.equalsIgnoreCase("Sales & Use Tax")): null

2021-11-08 13:15:39 - [TEST_STEP][PASSED] - setText(findTestObject(orPath_Amount + "/input__paymentAmount"), Amount): Text '30.50' is set on object 'Object Repository/RAD_Pages/PaymentAmount_Page/input__paymentAmount'

2021-11-08 13:15:39 - [MESSAGE][PASSED] - Text '30.50' is set on object 'Object Repository/RAD_Pages/PaymentAmount_Page/input__paymentAmount'

2021-11-08 13:15:39 - [TEST_STEP][PASSED] - scrollToElement(findTestObject(orPath_Landing + "/button_Continue"), 3): Scroll to object 'Object Repository/RAD_Pages/Landing_Page/button_Continue' successfully

2021-11-08 13:15:40 - [MESSAGE][PASSED] - Scroll to object 'Object Repository/RAD_Pages/Landing_Page/button_Continue' successfully

2021-11-08 13:15:40 - [TEST_STEP][PASSED] - waitForElementClickable(findTestObject(orPath_Landing + "/button_Continue"), 5): Object 'Object Repository/RAD_Pages/Landing_Page/button_Continue' is clickable

2021-11-08 13:15:40 - [MESSAGE][PASSED] - Object 'Object Repository/RAD_Pages/Landing_Page/button_Continue' is clickable

2021-11-08 13:15:40 - [TEST_STEP][PASSED] - click(findTestObject(orPath_Landing + "/button_Continue")): Object: 'Object Repository/RAD_Pages/Landing_Page/button_Continue' is clicked on

2021-11-08 13:15:41 - [MESSAGE][PASSED] - Object: 'Object Repository/RAD_Pages/Landing_Page/button_Continue' is clicked on

2021-11-08 13:15:41 - [TEST_STEP][PASSED] - verifyTextPresent("Review the information below and make any necessary corrections by clicking the", true): Text 'Review the information below and make any necessary corrections by clicking the' is present on page  using regular expression

2021-11-08 13:15:41 - [MESSAGE][PASSED] - Text 'Review the information below and make any necessary corrections by clicking the' is present on page  using regular expression

2021-11-08 13:15:41 - [TEST_STEP][PASSED] - verifyTextPresent("When you are confident that all the information is correct", true): Text 'When you are confident that all the information is correct' is present on page  using regular expression

2021-11-08 13:15:41 - [MESSAGE][PASSED] - Text 'When you are confident that all the information is correct' is present on page  using regular expression

2021-11-08 13:15:41 - [TEST_STEP][PASSED] - delay(1): Delayed 1 second(s)

2021-11-08 13:15:42 - [MESSAGE][PASSED] - Delayed 1 second(s)

2021-11-08 13:15:42 - [TEST_STEP][PASSED] - click(findTestObject(orPath_PaymentReady + "/button_ProceedtoPayment")): Object: 'Object Repository/RAD_Pages/PaymentReady_Page/button_ProceedtoPayment' is clicked on

2021-11-08 13:15:44 - [MESSAGE][PASSED] - Object: 'Object Repository/RAD_Pages/PaymentReady_Page/button_ProceedtoPayment' is clicked on

2021-11-08 13:15:44 - [TEST_STEP][PASSED] - setText(findTestObject(orPath_PaymentEntry + "/input__cardNumber"), CCNumber): Text '4012000098765439' is set on object 'Object Repository/RAD_Pages/PaymentEntry_Page/input__cardNumber'

2021-11-08 13:15:45 - [MESSAGE][PASSED] - Text '4012000098765439' is set on object 'Object Repository/RAD_Pages/PaymentEntry_Page/input__cardNumber'

2021-11-08 13:15:45 - [TEST_STEP][PASSED] - setText(findTestObject(orPath_PaymentEntry + "/input__spc"), CVV): Text '123' is set on object 'Object Repository/RAD_Pages/PaymentEntry_Page/input__spc'

2021-11-08 13:15:46 - [MESSAGE][PASSED] - Text '123' is set on object 'Object Repository/RAD_Pages/PaymentEntry_Page/input__spc'

2021-11-08 13:15:46 - [TEST_STEP][PASSED] - selectOptionByLabel(findTestObject(orPath_PaymentEntry + "/select_MM"), "12", false): All options with label '12' are selected in object 'Object Repository/RAD_Pages/PaymentEntry_Page/select_MM' 

2021-11-08 13:15:47 - [MESSAGE][PASSED] - All options with label '12' are selected in object 'Object Repository/RAD_Pages/PaymentEntry_Page/select_MM' 

2021-11-08 13:15:47 - [TEST_STEP][PASSED] - selectOptionByLabel(findTestObject(orPath_PaymentEntry + "/select_YYYY"), "2023", false): All options with label '2023' are selected in object 'Object Repository/RAD_Pages/PaymentEntry_Page/select_YYYY' 

2021-11-08 13:15:47 - [MESSAGE][PASSED] - All options with label '2023' are selected in object 'Object Repository/RAD_Pages/PaymentEntry_Page/select_YYYY' 

2021-11-08 13:15:47 - [TEST_STEP][PASSED] - click(findTestObject(orPath_PaymentEntry + "/input_Field_ccSubmit")): Object: 'Object Repository/RAD_Pages/PaymentEntry_Page/input_Field_ccSubmit' is clicked on

2021-11-08 13:15:48 - [MESSAGE][PASSED] - Object: 'Object Repository/RAD_Pages/PaymentEntry_Page/input_Field_ccSubmit' is clicked on

2021-11-08 13:15:48 - [TEST_STEP][PASSED] - click(findTestObject(orPath_PaymentConfirmation + "/input_N_confirmNotifyAction")): Object: 'Object Repository/RAD_Pages/PaymentConfirmation_Page/input_N_confirmNotifyAction' is clicked on

2021-11-08 13:15:50 - [MESSAGE][PASSED] - Object: 'Object Repository/RAD_Pages/PaymentConfirmation_Page/input_N_confirmNotifyAction' is clicked on

2021-11-08 13:15:50 - [TEST_STEP][PASSED] - click(findTestObject(orPath_ServiceFeesAccept + "/input_convFeeNotifyAction")): Object: 'Object Repository/RAD_Pages/ServiceFeeAccept_Page/input_convFeeNotifyAction' is clicked on

2021-11-08 13:15:51 - [MESSAGE][PASSED] - Object: 'Object Repository/RAD_Pages/ServiceFeeAccept_Page/input_convFeeNotifyAction' is clicked on

2021-11-08 13:15:51 - [TEST_STEP][PASSED] - delay(10): Delayed 10 second(s)

2021-11-08 13:16:01 - [MESSAGE][PASSED] - Delayed 10 second(s)

2021-11-08 13:16:01 - [TEST_STEP][PASSED] - verifyTextPresent("Successful Payment Receipt", true): Text 'Successful Payment Receipt' is present on page  using regular expression

2021-11-08 13:16:02 - [MESSAGE][PASSED] - Text 'Successful Payment Receipt' is present on page  using regular expression

2021-11-08 13:16:02 - [TEST_STEP][PASSED] - if (verifyTextPresent("Successful Payment Receipt", true)): null

2021-11-08 13:16:02 - [MESSAGE][PASSED] - Text 'Successful Payment Receipt' is present on page  using regular expression

2021-11-08 13:16:02 - [TEST_STEP][PASSED] - println("Transaction was Successful"): null

2021-11-08 13:16:02 - [TEST_STEP][PASSED] - out.println("Pass Record Number: " + row): null

2021-11-08 13:16:02 - [TEST_STEP][PASSED] - resText = "Pass": null

2021-11-08 13:16:02 - [TEST_STEP][PASSED] - pages.WriteExcel.demoKey(resText, datText, resColumn, datCloumn, fileLoc, nameSheet, row): pages.WriteExcel.demoKey is PASSED

2021-11-08 13:16:02 - [MESSAGE][PASSED] - pages.WriteExcel.demoKey is PASSED

2021-11-08 13:16:02 - [TEST_STEP][PASSED] - ExecuteTC = findTestData(dataFile).getValue("Execute", row): null

2021-11-08 13:16:02 - [TEST_STEP][PASSED] - Taxtype = findTestData(dataFile).getValue("TaxType", row): null

2021-11-08 13:16:02 - [TEST_STEP][PASSED] - TaxTypeEL = findTestData(dataFile).getValue("TaxTypeEL", row): null

2021-11-08 13:16:02 - [TEST_STEP][PASSED] - FilingYear = findTestData(dataFile).getValue("FilingYear", row): null

2021-11-08 13:16:02 - [TEST_STEP][PASSED] - FName = findTestData(dataFile).getValue("Fname", row): null

2021-11-08 13:16:02 - [TEST_STEP][PASSED] - LName = findTestData(dataFile).getValue("Lname", row): null

2021-11-08 13:16:02 - [TEST_STEP][PASSED] - AL1 = findTestData(dataFile).getValue("AL1", row): null

2021-11-08 13:16:02 - [TEST_STEP][PASSED] - City = findTestData(dataFile).getValue("City", row): null

2021-11-08 13:16:02 - [TEST_STEP][PASSED] - ZIP = findTestData(dataFile).getValue("ZIP", row): null

2021-11-08 13:16:02 - [TEST_STEP][PASSED] - Amount = findTestData(dataFile).getValue("Amount", row): null

2021-11-08 13:16:02 - [TEST_STEP][PASSED] - CCNumber = findTestData(dataFile).getValue("CCNumber", row): null

2021-11-08 13:16:02 - [TEST_STEP][PASSED] - CVV = findTestData(dataFile).getValue("CVV", row): null

2021-11-08 13:16:02 - [TEST_STEP][PASSED] - SSN = findTestData(dataFile).getValue("SSN", row): null

2021-11-08 13:16:02 - [TEST_STEP][PASSED] - FEIN = findTestData(dataFile).getValue("FEIN", row): null

2021-11-08 13:16:02 - [TEST_STEP][PASSED] - out.println("Value of Execute is : " + ExecuteTC): null

2021-11-08 13:16:02 - [TEST_STEP][PASSED] - if (ExecuteTC.equalsIgnoreCase("Y")): null

2021-11-08 13:16:02 - [TEST_STEP][PASSED] - out.println("Begin Record Number: " + row): null

2021-11-08 13:16:02 - [TEST_STEP][PASSED] - today = new java.util.Date(): null

2021-11-08 13:16:02 - [TEST_STEP][PASSED] - println(today): null

2021-11-08 13:16:02 - [TEST_STEP][PASSED] - datText = today: null

2021-11-08 13:16:02 - [TEST_STEP][PASSED] - Taxtype = findTestData(dataFile).getValue("TaxType", row): null

2021-11-08 13:16:02 - [TEST_STEP][PASSED] - out.println("Taxtype value is : " + Taxtype): null

2021-11-08 13:16:02 - [TEST_STEP][PASSED] - openBrowser(""): Browser is opened with url: ''

2021-11-08 13:16:02 - [MESSAGE][WARNING] - A browser is already opened. Closing browser and opening a new one

2021-11-08 13:16:03 - [MESSAGE][INFO] - Starting 'Chrome' driver

2021-11-08 13:16:03 - [MESSAGE][INFO] - User set preference: ['acceptInsecureCerts', 'true']

2021-11-08 13:16:03 - [MESSAGE][INFO] - Action delay is set to 0 milliseconds

2021-11-08 13:16:05 - [MESSAGE][PASSED] - Browser is opened with url: ''

2021-11-08 13:16:05 - [TEST_STEP][PASSED] - maximizeWindow(): Current window maximized

2021-11-08 13:16:05 - [MESSAGE][PASSED] - Current window maximized

2021-11-08 13:16:05 - [TEST_STEP][PASSED] - navigateToUrl(RADurl): Navigate to 'https://qa.velocitypayment.com/client/rad/index.html' successfully

2021-11-08 13:16:07 - [MESSAGE][PASSED] - Navigate to 'https://qa.velocitypayment.com/client/rad/index.html' successfully

2021-11-08 13:16:07 - [TEST_STEP][PASSED] - orPath_Landing = "Object Repository/RAD_Pages/Landing_Page": null

2021-11-08 13:16:07 - [TEST_STEP][PASSED] - orPath_TaxTypeFilingYear = "Object Repository/RAD_Pages/TaxTypeFilingYear_Page": null

2021-11-08 13:16:07 - [TEST_STEP][PASSED] - orPath_TaxPayer = "Object Repository/RAD_Pages/Taxpayer_Page": null

2021-11-08 13:16:07 - [TEST_STEP][PASSED] - orPath_AddressContact = "Object Repository/RAD_Pages/AddressAndContactInfo_Page": null

2021-11-08 13:16:07 - [TEST_STEP][PASSED] - orPath_FilingStatus = "Object Repository/RAD_Pages/FilingStatus_Page": null

2021-11-08 13:16:07 - [TEST_STEP][PASSED] - orPath_Amount = "Object Repository/RAD_Pages/PaymentAmount_Page": null

2021-11-08 13:16:07 - [TEST_STEP][PASSED] - orPath_TaxInfo = "Object Repository/RAD_Pages/TaxInfo_Page": null

2021-11-08 13:16:07 - [TEST_STEP][PASSED] - orPath_Withholding = "Object Repository/RAD_Pages/Withholding_Page": null

2021-11-08 13:16:07 - [TEST_STEP][PASSED] - orPath_Summary = "Object Repository/RAD_Pages/Summary_Page": null

2021-11-08 13:16:07 - [TEST_STEP][PASSED] - orPath_PaymentReady = "Object Repository/RAD_Pages/PaymentReady_Page": null

2021-11-08 13:16:07 - [TEST_STEP][PASSED] - orPath_PaymentEntry = "Object Repository/RAD_Pages/PaymentEntry_Page": null

2021-11-08 13:16:07 - [TEST_STEP][PASSED] - orPath_PaymentConfirmation = "Object Repository/RAD_Pages/PaymentConfirmation_Page": null

2021-11-08 13:16:07 - [TEST_STEP][PASSED] - orPath_ServiceFeesAccept = "Object Repository/RAD_Pages/ServiceFeeAccept_Page": null

2021-11-08 13:16:07 - [TEST_STEP][PASSED] - selectOptionByLabel(findTestObject(orPath_Landing + "/dd_TaxType"), Taxtype, false): All options with label 'Existing Liability' are selected in object 'Object Repository/RAD_Pages/Landing_Page/dd_TaxType' 

2021-11-08 13:16:08 - [MESSAGE][PASSED] - All options with label 'Existing Liability' are selected in object 'Object Repository/RAD_Pages/Landing_Page/dd_TaxType' 

2021-11-08 13:16:08 - [TEST_STEP][PASSED] - delay(1): Delayed 1 second(s)

2021-11-08 13:16:09 - [MESSAGE][PASSED] - Delayed 1 second(s)

2021-11-08 13:16:09 - [TEST_STEP][PASSED] - selectOptionByLabel(findTestObject(orPath_TaxTypeFilingYear + "/select_TaxType_ExistingLiability"), TaxTypeEL, false): All options with label 'PTE Tax (SCorp)' are selected in object 'Object Repository/RAD_Pages/TaxTypeFilingYear_Page/select_TaxType_ExistingLiability' 

2021-11-08 13:16:09 - [MESSAGE][PASSED] - All options with label 'PTE Tax (SCorp)' are selected in object 'Object Repository/RAD_Pages/TaxTypeFilingYear_Page/select_TaxType_ExistingLiability' 

2021-11-08 13:16:09 - [TEST_STEP][PASSED] - selectOptionByLabel(findTestObject(orPath_TaxTypeFilingYear + "/select_FilingYear"), FilingYear, false): All options with label '2020' are selected in object 'Object Repository/RAD_Pages/TaxTypeFilingYear_Page/select_FilingYear' 

2021-11-08 13:16:10 - [MESSAGE][PASSED] - All options with label '2020' are selected in object 'Object Repository/RAD_Pages/TaxTypeFilingYear_Page/select_FilingYear' 

2021-11-08 13:16:10 - [TEST_STEP][PASSED] - setText(findTestObject(orPath_TaxPayer + "/input_firstName"), FName): Text 'Robin' is set on object 'Object Repository/RAD_Pages/Taxpayer_Page/input_firstName'

2021-11-08 13:16:11 - [MESSAGE][PASSED] - Text 'Robin' is set on object 'Object Repository/RAD_Pages/Taxpayer_Page/input_firstName'

2021-11-08 13:16:11 - [TEST_STEP][PASSED] - setText(findTestObject(orPath_TaxPayer + "/input_lastName"), LName): Text 'Bell' is set on object 'Object Repository/RAD_Pages/Taxpayer_Page/input_lastName'

2021-11-08 13:16:11 - [MESSAGE][PASSED] - Text 'Bell' is set on object 'Object Repository/RAD_Pages/Taxpayer_Page/input_lastName'

2021-11-08 13:16:11 - [TEST_STEP][PASSED] - setText(findTestObject(orPath_TaxPayer + "/input_middleName"), "Johns"): Text 'Johns' is set on object 'Object Repository/RAD_Pages/Taxpayer_Page/input_middleName'

2021-11-08 13:16:12 - [MESSAGE][PASSED] - Text 'Johns' is set on object 'Object Repository/RAD_Pages/Taxpayer_Page/input_middleName'

2021-11-08 13:16:12 - [TEST_STEP][PASSED] - setText(findTestObject(orPath_TaxPayer + "/input_suffix"), "Sr"): Text 'Sr' is set on object 'Object Repository/RAD_Pages/Taxpayer_Page/input_suffix'

2021-11-08 13:16:13 - [MESSAGE][PASSED] - Text 'Sr' is set on object 'Object Repository/RAD_Pages/Taxpayer_Page/input_suffix'

2021-11-08 13:16:13 - [TEST_STEP][PASSED] - selectOptionByLabel(findTestObject(orPath_AddressContact + "/select_Country"), "United States", false): All options with label 'United States' are selected in object 'Object Repository/RAD_Pages/AddressAndContactInfo_Page/select_Country' 

2021-11-08 13:16:13 - [MESSAGE][PASSED] - All options with label 'United States' are selected in object 'Object Repository/RAD_Pages/AddressAndContactInfo_Page/select_Country' 

2021-11-08 13:16:13 - [TEST_STEP][PASSED] - setText(findTestObject(orPath_AddressContact + "/input_streetAddress1"), AL1): Text '25 Moan Road' is set on object 'Object Repository/RAD_Pages/AddressAndContactInfo_Page/input_streetAddress1'

2021-11-08 13:16:14 - [MESSAGE][PASSED] - Text '25 Moan Road' is set on object 'Object Repository/RAD_Pages/AddressAndContactInfo_Page/input_streetAddress1'

2021-11-08 13:16:14 - [TEST_STEP][PASSED] - setText(findTestObject(orPath_AddressContact + "/input_streetAddress2"), ""): Text '' is set on object 'Object Repository/RAD_Pages/AddressAndContactInfo_Page/input_streetAddress2'

2021-11-08 13:16:14 - [MESSAGE][PASSED] - Text '' is set on object 'Object Repository/RAD_Pages/AddressAndContactInfo_Page/input_streetAddress2'

2021-11-08 13:16:14 - [TEST_STEP][PASSED] - setText(findTestObject(orPath_AddressContact + "/input_city"), City): Text 'Severn' is set on object 'Object Repository/RAD_Pages/AddressAndContactInfo_Page/input_city'

2021-11-08 13:16:15 - [MESSAGE][PASSED] - Text 'Severn' is set on object 'Object Repository/RAD_Pages/AddressAndContactInfo_Page/input_city'

2021-11-08 13:16:15 - [TEST_STEP][PASSED] - selectOptionByLabel(findTestObject(orPath_AddressContact + "/select_State"), "Maryland", false): All options with label 'Maryland' are selected in object 'Object Repository/RAD_Pages/AddressAndContactInfo_Page/select_State' 

2021-11-08 13:16:16 - [MESSAGE][PASSED] - All options with label 'Maryland' are selected in object 'Object Repository/RAD_Pages/AddressAndContactInfo_Page/select_State' 

2021-11-08 13:16:16 - [TEST_STEP][PASSED] - setText(findTestObject(orPath_AddressContact + "/input_zipCode"), ZIP): Text '21114' is set on object 'Object Repository/RAD_Pages/AddressAndContactInfo_Page/input_zipCode'

2021-11-08 13:16:16 - [MESSAGE][PASSED] - Text '21114' is set on object 'Object Repository/RAD_Pages/AddressAndContactInfo_Page/input_zipCode'

2021-11-08 13:16:16 - [TEST_STEP][PASSED] - setText(findTestObject(orPath_AddressContact + "/input_phoneNumber"), "(703) 894-5000"): Text '(703) 894-5000' is set on object 'Object Repository/RAD_Pages/AddressAndContactInfo_Page/input_phoneNumber'

2021-11-08 13:16:17 - [MESSAGE][PASSED] - Text '(703) 894-5000' is set on object 'Object Repository/RAD_Pages/AddressAndContactInfo_Page/input_phoneNumber'

2021-11-08 13:16:17 - [TEST_STEP][PASSED] - setText(findTestObject(orPath_AddressContact + "/input_eMailAddress"), "iahmed@govolution.com"): Text 'iahmed@govolution.com' is set on object 'Object Repository/RAD_Pages/AddressAndContactInfo_Page/input_eMailAddress'

2021-11-08 13:16:18 - [MESSAGE][PASSED] - Text 'iahmed@govolution.com' is set on object 'Object Repository/RAD_Pages/AddressAndContactInfo_Page/input_eMailAddress'

2021-11-08 13:16:18 - [TEST_STEP][PASSED] - setText(findTestObject(orPath_AddressContact + "/input_reEnterEMailAddress"), "iahmed@govolution.com"): Text 'iahmed@govolution.com' is set on object 'Object Repository/RAD_Pages/AddressAndContactInfo_Page/input_reEnterEMailAddress'

2021-11-08 13:16:19 - [MESSAGE][PASSED] - Text 'iahmed@govolution.com' is set on object 'Object Repository/RAD_Pages/AddressAndContactInfo_Page/input_reEnterEMailAddress'

2021-11-08 13:16:19 - [TEST_STEP][PASSED] - if (!(SSN.isEmpty())): null

2021-11-08 13:16:19 - [TEST_STEP][PASSED] - scrollToElement(findTestObject(orPath_Amount + "/input__paymentAmount"), 3): Scroll to object 'Object Repository/RAD_Pages/PaymentAmount_Page/input__paymentAmount' successfully

2021-11-08 13:16:19 - [MESSAGE][PASSED] - Scroll to object 'Object Repository/RAD_Pages/PaymentAmount_Page/input__paymentAmount' successfully

2021-11-08 13:16:19 - [TEST_STEP][PASSED] - if (!(FEIN.isEmpty())): Text '258369264' is set on object 'Object Repository/RAD_Pages/TaxInfo_Page/input_ReTypeFEIN'

2021-11-08 13:16:19 - [TEST_STEP][PASSED] - setText(findTestObject(orPath_TaxInfo + "/input_FEIN"), FEIN): Text '258369264' is set on object 'Object Repository/RAD_Pages/TaxInfo_Page/input_FEIN'

2021-11-08 13:16:20 - [MESSAGE][PASSED] - Text '258369264' is set on object 'Object Repository/RAD_Pages/TaxInfo_Page/input_FEIN'

2021-11-08 13:16:20 - [TEST_STEP][PASSED] - setText(findTestObject(orPath_TaxInfo + "/input_ReTypeFEIN"), FEIN): Text '258369264' is set on object 'Object Repository/RAD_Pages/TaxInfo_Page/input_ReTypeFEIN'

2021-11-08 13:16:20 - [MESSAGE][PASSED] - Text '258369264' is set on object 'Object Repository/RAD_Pages/TaxInfo_Page/input_ReTypeFEIN'

2021-11-08 13:16:20 - [TEST_STEP][PASSED] - delay(1): Delayed 1 second(s)

2021-11-08 13:16:21 - [MESSAGE][PASSED] - Delayed 1 second(s)

2021-11-08 13:16:21 - [TEST_STEP][PASSED] - setText(findTestObject(orPath_TaxInfo + "/input_NoticeInvoiceNumber"), "258147147"): Text '258147147' is set on object 'Object Repository/RAD_Pages/TaxInfo_Page/input_NoticeInvoiceNumber'

2021-11-08 13:16:22 - [MESSAGE][PASSED] - Text '258147147' is set on object 'Object Repository/RAD_Pages/TaxInfo_Page/input_NoticeInvoiceNumber'

2021-11-08 13:16:22 - [TEST_STEP][PASSED] - setText(findTestObject(orPath_TaxInfo + "/input_reTypeNoticeInvoiceNumber"), "258147147"): Text '258147147' is set on object 'Object Repository/RAD_Pages/TaxInfo_Page/input_reTypeNoticeInvoiceNumber'

2021-11-08 13:16:23 - [MESSAGE][PASSED] - Text '258147147' is set on object 'Object Repository/RAD_Pages/TaxInfo_Page/input_reTypeNoticeInvoiceNumber'

2021-11-08 13:16:23 - [TEST_STEP][PASSED] - if (TaxTypeEL.equalsIgnoreCase("Sales & Use Tax")): null

2021-11-08 13:16:23 - [TEST_STEP][PASSED] - setText(findTestObject(orPath_Amount + "/input__paymentAmount"), Amount): Text '30.50' is set on object 'Object Repository/RAD_Pages/PaymentAmount_Page/input__paymentAmount'

2021-11-08 13:16:24 - [MESSAGE][PASSED] - Text '30.50' is set on object 'Object Repository/RAD_Pages/PaymentAmount_Page/input__paymentAmount'

2021-11-08 13:16:24 - [TEST_STEP][PASSED] - scrollToElement(findTestObject(orPath_Landing + "/button_Continue"), 3): Scroll to object 'Object Repository/RAD_Pages/Landing_Page/button_Continue' successfully

2021-11-08 13:16:24 - [MESSAGE][PASSED] - Scroll to object 'Object Repository/RAD_Pages/Landing_Page/button_Continue' successfully

2021-11-08 13:16:24 - [TEST_STEP][PASSED] - waitForElementClickable(findTestObject(orPath_Landing + "/button_Continue"), 5): Object 'Object Repository/RAD_Pages/Landing_Page/button_Continue' is clickable

2021-11-08 13:16:24 - [MESSAGE][PASSED] - Object 'Object Repository/RAD_Pages/Landing_Page/button_Continue' is clickable

2021-11-08 13:16:24 - [TEST_STEP][PASSED] - click(findTestObject(orPath_Landing + "/button_Continue")): Object: 'Object Repository/RAD_Pages/Landing_Page/button_Continue' is clicked on

2021-11-08 13:16:25 - [MESSAGE][PASSED] - Object: 'Object Repository/RAD_Pages/Landing_Page/button_Continue' is clicked on

2021-11-08 13:16:25 - [TEST_STEP][PASSED] - verifyTextPresent("Review the information below and make any necessary corrections by clicking the", true): Text 'Review the information below and make any necessary corrections by clicking the' is present on page  using regular expression

2021-11-08 13:16:25 - [MESSAGE][PASSED] - Text 'Review the information below and make any necessary corrections by clicking the' is present on page  using regular expression

2021-11-08 13:16:25 - [TEST_STEP][PASSED] - verifyTextPresent("When you are confident that all the information is correct", true): Text 'When you are confident that all the information is correct' is present on page  using regular expression

2021-11-08 13:16:26 - [MESSAGE][PASSED] - Text 'When you are confident that all the information is correct' is present on page  using regular expression

2021-11-08 13:16:26 - [TEST_STEP][PASSED] - delay(1): Delayed 1 second(s)

2021-11-08 13:16:27 - [MESSAGE][PASSED] - Delayed 1 second(s)

2021-11-08 13:16:27 - [TEST_STEP][PASSED] - click(findTestObject(orPath_PaymentReady + "/button_ProceedtoPayment")): Object: 'Object Repository/RAD_Pages/PaymentReady_Page/button_ProceedtoPayment' is clicked on

2021-11-08 13:16:29 - [MESSAGE][PASSED] - Object: 'Object Repository/RAD_Pages/PaymentReady_Page/button_ProceedtoPayment' is clicked on

2021-11-08 13:16:29 - [TEST_STEP][PASSED] - setText(findTestObject(orPath_PaymentEntry + "/input__cardNumber"), CCNumber): Text '4012000098765439' is set on object 'Object Repository/RAD_Pages/PaymentEntry_Page/input__cardNumber'

2021-11-08 13:16:30 - [MESSAGE][PASSED] - Text '4012000098765439' is set on object 'Object Repository/RAD_Pages/PaymentEntry_Page/input__cardNumber'

2021-11-08 13:16:30 - [TEST_STEP][PASSED] - setText(findTestObject(orPath_PaymentEntry + "/input__spc"), CVV): Text '123' is set on object 'Object Repository/RAD_Pages/PaymentEntry_Page/input__spc'

2021-11-08 13:16:30 - [MESSAGE][PASSED] - Text '123' is set on object 'Object Repository/RAD_Pages/PaymentEntry_Page/input__spc'

2021-11-08 13:16:30 - [TEST_STEP][PASSED] - selectOptionByLabel(findTestObject(orPath_PaymentEntry + "/select_MM"), "12", false): All options with label '12' are selected in object 'Object Repository/RAD_Pages/PaymentEntry_Page/select_MM' 

2021-11-08 13:16:31 - [MESSAGE][PASSED] - All options with label '12' are selected in object 'Object Repository/RAD_Pages/PaymentEntry_Page/select_MM' 

2021-11-08 13:16:31 - [TEST_STEP][PASSED] - selectOptionByLabel(findTestObject(orPath_PaymentEntry + "/select_YYYY"), "2023", false): All options with label '2023' are selected in object 'Object Repository/RAD_Pages/PaymentEntry_Page/select_YYYY' 

2021-11-08 13:16:32 - [MESSAGE][PASSED] - All options with label '2023' are selected in object 'Object Repository/RAD_Pages/PaymentEntry_Page/select_YYYY' 

2021-11-08 13:16:32 - [TEST_STEP][PASSED] - click(findTestObject(orPath_PaymentEntry + "/input_Field_ccSubmit")): Object: 'Object Repository/RAD_Pages/PaymentEntry_Page/input_Field_ccSubmit' is clicked on

2021-11-08 13:16:33 - [MESSAGE][PASSED] - Object: 'Object Repository/RAD_Pages/PaymentEntry_Page/input_Field_ccSubmit' is clicked on

2021-11-08 13:16:33 - [TEST_STEP][PASSED] - click(findTestObject(orPath_PaymentConfirmation + "/input_N_confirmNotifyAction")): Object: 'Object Repository/RAD_Pages/PaymentConfirmation_Page/input_N_confirmNotifyAction' is clicked on

2021-11-08 13:16:34 - [MESSAGE][PASSED] - Object: 'Object Repository/RAD_Pages/PaymentConfirmation_Page/input_N_confirmNotifyAction' is clicked on

2021-11-08 13:16:34 - [TEST_STEP][PASSED] - click(findTestObject(orPath_ServiceFeesAccept + "/input_convFeeNotifyAction")): Object: 'Object Repository/RAD_Pages/ServiceFeeAccept_Page/input_convFeeNotifyAction' is clicked on

2021-11-08 13:16:35 - [MESSAGE][PASSED] - Object: 'Object Repository/RAD_Pages/ServiceFeeAccept_Page/input_convFeeNotifyAction' is clicked on

2021-11-08 13:16:35 - [TEST_STEP][PASSED] - delay(10): Delayed 10 second(s)

2021-11-08 13:16:45 - [MESSAGE][PASSED] - Delayed 10 second(s)

2021-11-08 13:16:45 - [TEST_STEP][PASSED] - verifyTextPresent("Successful Payment Receipt", true): Text 'Successful Payment Receipt' is present on page  using regular expression

2021-11-08 13:16:46 - [MESSAGE][PASSED] - Text 'Successful Payment Receipt' is present on page  using regular expression

2021-11-08 13:16:46 - [TEST_STEP][PASSED] - if (verifyTextPresent("Successful Payment Receipt", true)): null

2021-11-08 13:16:46 - [MESSAGE][PASSED] - Text 'Successful Payment Receipt' is present on page  using regular expression

2021-11-08 13:16:46 - [TEST_STEP][PASSED] - println("Transaction was Successful"): null

2021-11-08 13:16:46 - [TEST_STEP][PASSED] - out.println("Pass Record Number: " + row): null

2021-11-08 13:16:46 - [TEST_STEP][PASSED] - resText = "Pass": null

2021-11-08 13:16:46 - [TEST_STEP][PASSED] - pages.WriteExcel.demoKey(resText, datText, resColumn, datCloumn, fileLoc, nameSheet, row): pages.WriteExcel.demoKey is PASSED

2021-11-08 13:16:46 - [MESSAGE][PASSED] - pages.WriteExcel.demoKey is PASSED

2021-11-08 13:16:46 - [TEST_STEP][PASSED] - ExecuteTC = findTestData(dataFile).getValue("Execute", row): null

2021-11-08 13:16:46 - [TEST_STEP][PASSED] - Taxtype = findTestData(dataFile).getValue("TaxType", row): null

2021-11-08 13:16:46 - [TEST_STEP][PASSED] - TaxTypeEL = findTestData(dataFile).getValue("TaxTypeEL", row): null

2021-11-08 13:16:46 - [TEST_STEP][PASSED] - FilingYear = findTestData(dataFile).getValue("FilingYear", row): null

2021-11-08 13:16:46 - [TEST_STEP][PASSED] - FName = findTestData(dataFile).getValue("Fname", row): null

2021-11-08 13:16:46 - [TEST_STEP][PASSED] - LName = findTestData(dataFile).getValue("Lname", row): null

2021-11-08 13:16:46 - [TEST_STEP][PASSED] - AL1 = findTestData(dataFile).getValue("AL1", row): null

2021-11-08 13:16:46 - [TEST_STEP][PASSED] - City = findTestData(dataFile).getValue("City", row): null

2021-11-08 13:16:46 - [TEST_STEP][PASSED] - ZIP = findTestData(dataFile).getValue("ZIP", row): null

2021-11-08 13:16:46 - [TEST_STEP][PASSED] - Amount = findTestData(dataFile).getValue("Amount", row): null

2021-11-08 13:16:46 - [TEST_STEP][PASSED] - CCNumber = findTestData(dataFile).getValue("CCNumber", row): null

2021-11-08 13:16:46 - [TEST_STEP][PASSED] - CVV = findTestData(dataFile).getValue("CVV", row): null

2021-11-08 13:16:47 - [TEST_STEP][PASSED] - SSN = findTestData(dataFile).getValue("SSN", row): null

2021-11-08 13:16:47 - [TEST_STEP][PASSED] - FEIN = findTestData(dataFile).getValue("FEIN", row): null

2021-11-08 13:16:47 - [TEST_STEP][PASSED] - out.println("Value of Execute is : " + ExecuteTC): null

2021-11-08 13:16:47 - [TEST_STEP][PASSED] - if (ExecuteTC.equalsIgnoreCase("Y")): null

2021-11-08 13:16:47 - [TEST_STEP][PASSED] - out.println("Begin Record Number: " + row): null

2021-11-08 13:16:47 - [TEST_STEP][PASSED] - today = new java.util.Date(): null

2021-11-08 13:16:47 - [TEST_STEP][PASSED] - println(today): null

2021-11-08 13:16:47 - [TEST_STEP][PASSED] - datText = today: null

2021-11-08 13:16:47 - [TEST_STEP][PASSED] - Taxtype = findTestData(dataFile).getValue("TaxType", row): null

2021-11-08 13:16:47 - [TEST_STEP][PASSED] - out.println("Taxtype value is : " + Taxtype): null

2021-11-08 13:16:47 - [TEST_STEP][PASSED] - openBrowser(""): Browser is opened with url: ''

2021-11-08 13:16:47 - [MESSAGE][WARNING] - A browser is already opened. Closing browser and opening a new one

2021-11-08 13:16:47 - [MESSAGE][INFO] - Starting 'Chrome' driver

2021-11-08 13:16:47 - [MESSAGE][INFO] - User set preference: ['acceptInsecureCerts', 'true']

2021-11-08 13:16:48 - [MESSAGE][INFO] - Action delay is set to 0 milliseconds

2021-11-08 13:16:49 - [MESSAGE][PASSED] - Browser is opened with url: ''

2021-11-08 13:16:49 - [TEST_STEP][PASSED] - maximizeWindow(): Current window maximized

2021-11-08 13:16:49 - [MESSAGE][PASSED] - Current window maximized

2021-11-08 13:16:49 - [TEST_STEP][PASSED] - navigateToUrl(RADurl): Navigate to 'https://qa.velocitypayment.com/client/rad/index.html' successfully

2021-11-08 13:16:51 - [MESSAGE][PASSED] - Navigate to 'https://qa.velocitypayment.com/client/rad/index.html' successfully

2021-11-08 13:16:51 - [TEST_STEP][PASSED] - orPath_Landing = "Object Repository/RAD_Pages/Landing_Page": null

2021-11-08 13:16:51 - [TEST_STEP][PASSED] - orPath_TaxTypeFilingYear = "Object Repository/RAD_Pages/TaxTypeFilingYear_Page": null

2021-11-08 13:16:51 - [TEST_STEP][PASSED] - orPath_TaxPayer = "Object Repository/RAD_Pages/Taxpayer_Page": null

2021-11-08 13:16:51 - [TEST_STEP][PASSED] - orPath_AddressContact = "Object Repository/RAD_Pages/AddressAndContactInfo_Page": null

2021-11-08 13:16:51 - [TEST_STEP][PASSED] - orPath_FilingStatus = "Object Repository/RAD_Pages/FilingStatus_Page": null

2021-11-08 13:16:51 - [TEST_STEP][PASSED] - orPath_Amount = "Object Repository/RAD_Pages/PaymentAmount_Page": null

2021-11-08 13:16:51 - [TEST_STEP][PASSED] - orPath_TaxInfo = "Object Repository/RAD_Pages/TaxInfo_Page": null

2021-11-08 13:16:51 - [TEST_STEP][PASSED] - orPath_Withholding = "Object Repository/RAD_Pages/Withholding_Page": null

2021-11-08 13:16:51 - [TEST_STEP][PASSED] - orPath_Summary = "Object Repository/RAD_Pages/Summary_Page": null

2021-11-08 13:16:51 - [TEST_STEP][PASSED] - orPath_PaymentReady = "Object Repository/RAD_Pages/PaymentReady_Page": null

2021-11-08 13:16:51 - [TEST_STEP][PASSED] - orPath_PaymentEntry = "Object Repository/RAD_Pages/PaymentEntry_Page": null

2021-11-08 13:16:51 - [TEST_STEP][PASSED] - orPath_PaymentConfirmation = "Object Repository/RAD_Pages/PaymentConfirmation_Page": null

2021-11-08 13:16:51 - [TEST_STEP][PASSED] - orPath_ServiceFeesAccept = "Object Repository/RAD_Pages/ServiceFeeAccept_Page": null

2021-11-08 13:16:51 - [TEST_STEP][PASSED] - selectOptionByLabel(findTestObject(orPath_Landing + "/dd_TaxType"), Taxtype, false): All options with label 'Existing Liability' are selected in object 'Object Repository/RAD_Pages/Landing_Page/dd_TaxType' 

2021-11-08 13:16:52 - [MESSAGE][PASSED] - All options with label 'Existing Liability' are selected in object 'Object Repository/RAD_Pages/Landing_Page/dd_TaxType' 

2021-11-08 13:16:52 - [TEST_STEP][PASSED] - delay(1): Delayed 1 second(s)

2021-11-08 13:16:53 - [MESSAGE][PASSED] - Delayed 1 second(s)

2021-11-08 13:16:53 - [TEST_STEP][PASSED] - selectOptionByLabel(findTestObject(orPath_TaxTypeFilingYear + "/select_TaxType_ExistingLiability"), TaxTypeEL, false): All options with label 'Sales & Use Tax' are selected in object 'Object Repository/RAD_Pages/TaxTypeFilingYear_Page/select_TaxType_ExistingLiability' 

2021-11-08 13:16:54 - [MESSAGE][PASSED] - All options with label 'Sales & Use Tax' are selected in object 'Object Repository/RAD_Pages/TaxTypeFilingYear_Page/select_TaxType_ExistingLiability' 

2021-11-08 13:16:54 - [TEST_STEP][PASSED] - selectOptionByLabel(findTestObject(orPath_TaxTypeFilingYear + "/select_FilingYear"), FilingYear, false): All options with label '2020' are selected in object 'Object Repository/RAD_Pages/TaxTypeFilingYear_Page/select_FilingYear' 

2021-11-08 13:16:54 - [MESSAGE][PASSED] - All options with label '2020' are selected in object 'Object Repository/RAD_Pages/TaxTypeFilingYear_Page/select_FilingYear' 

2021-11-08 13:16:54 - [TEST_STEP][PASSED] - setText(findTestObject(orPath_TaxPayer + "/input_firstName"), FName): Text 'Jackson' is set on object 'Object Repository/RAD_Pages/Taxpayer_Page/input_firstName'

2021-11-08 13:16:55 - [MESSAGE][PASSED] - Text 'Jackson' is set on object 'Object Repository/RAD_Pages/Taxpayer_Page/input_firstName'

2021-11-08 13:16:55 - [TEST_STEP][PASSED] - setText(findTestObject(orPath_TaxPayer + "/input_lastName"), LName): Text 'Vaughn' is set on object 'Object Repository/RAD_Pages/Taxpayer_Page/input_lastName'

2021-11-08 13:16:56 - [MESSAGE][PASSED] - Text 'Vaughn' is set on object 'Object Repository/RAD_Pages/Taxpayer_Page/input_lastName'

2021-11-08 13:16:56 - [TEST_STEP][PASSED] - setText(findTestObject(orPath_TaxPayer + "/input_middleName"), "Johns"): Text 'Johns' is set on object 'Object Repository/RAD_Pages/Taxpayer_Page/input_middleName'

2021-11-08 13:16:56 - [MESSAGE][PASSED] - Text 'Johns' is set on object 'Object Repository/RAD_Pages/Taxpayer_Page/input_middleName'

2021-11-08 13:16:56 - [TEST_STEP][PASSED] - setText(findTestObject(orPath_TaxPayer + "/input_suffix"), "Sr"): Text 'Sr' is set on object 'Object Repository/RAD_Pages/Taxpayer_Page/input_suffix'

2021-11-08 13:16:57 - [MESSAGE][PASSED] - Text 'Sr' is set on object 'Object Repository/RAD_Pages/Taxpayer_Page/input_suffix'

2021-11-08 13:16:57 - [TEST_STEP][PASSED] - selectOptionByLabel(findTestObject(orPath_AddressContact + "/select_Country"), "United States", false): All options with label 'United States' are selected in object 'Object Repository/RAD_Pages/AddressAndContactInfo_Page/select_Country' 

2021-11-08 13:16:57 - [MESSAGE][PASSED] - All options with label 'United States' are selected in object 'Object Repository/RAD_Pages/AddressAndContactInfo_Page/select_Country' 

2021-11-08 13:16:57 - [TEST_STEP][PASSED] - setText(findTestObject(orPath_AddressContact + "/input_streetAddress1"), AL1): Text '1501 Mandan Terrace' is set on object 'Object Repository/RAD_Pages/AddressAndContactInfo_Page/input_streetAddress1'

2021-11-08 13:16:58 - [MESSAGE][PASSED] - Text '1501 Mandan Terrace' is set on object 'Object Repository/RAD_Pages/AddressAndContactInfo_Page/input_streetAddress1'

2021-11-08 13:16:58 - [TEST_STEP][PASSED] - setText(findTestObject(orPath_AddressContact + "/input_streetAddress2"), ""): Text '' is set on object 'Object Repository/RAD_Pages/AddressAndContactInfo_Page/input_streetAddress2'

2021-11-08 13:16:59 - [MESSAGE][PASSED] - Text '' is set on object 'Object Repository/RAD_Pages/AddressAndContactInfo_Page/input_streetAddress2'

2021-11-08 13:16:59 - [TEST_STEP][PASSED] - setText(findTestObject(orPath_AddressContact + "/input_city"), City): Text 'Bowie' is set on object 'Object Repository/RAD_Pages/AddressAndContactInfo_Page/input_city'

2021-11-08 13:16:59 - [MESSAGE][PASSED] - Text 'Bowie' is set on object 'Object Repository/RAD_Pages/AddressAndContactInfo_Page/input_city'

2021-11-08 13:16:59 - [TEST_STEP][PASSED] - selectOptionByLabel(findTestObject(orPath_AddressContact + "/select_State"), "Maryland", false): All options with label 'Maryland' are selected in object 'Object Repository/RAD_Pages/AddressAndContactInfo_Page/select_State' 

2021-11-08 13:17:00 - [MESSAGE][PASSED] - All options with label 'Maryland' are selected in object 'Object Repository/RAD_Pages/AddressAndContactInfo_Page/select_State' 

2021-11-08 13:17:00 - [TEST_STEP][PASSED] - setText(findTestObject(orPath_AddressContact + "/input_zipCode"), ZIP): Text '20720' is set on object 'Object Repository/RAD_Pages/AddressAndContactInfo_Page/input_zipCode'

2021-11-08 13:17:01 - [MESSAGE][PASSED] - Text '20720' is set on object 'Object Repository/RAD_Pages/AddressAndContactInfo_Page/input_zipCode'

2021-11-08 13:17:01 - [TEST_STEP][PASSED] - setText(findTestObject(orPath_AddressContact + "/input_phoneNumber"), "(703) 894-5000"): Text '(703) 894-5000' is set on object 'Object Repository/RAD_Pages/AddressAndContactInfo_Page/input_phoneNumber'

2021-11-08 13:17:01 - [MESSAGE][PASSED] - Text '(703) 894-5000' is set on object 'Object Repository/RAD_Pages/AddressAndContactInfo_Page/input_phoneNumber'

2021-11-08 13:17:01 - [TEST_STEP][PASSED] - setText(findTestObject(orPath_AddressContact + "/input_eMailAddress"), "iahmed@govolution.com"): Text 'iahmed@govolution.com' is set on object 'Object Repository/RAD_Pages/AddressAndContactInfo_Page/input_eMailAddress'

2021-11-08 13:17:02 - [MESSAGE][PASSED] - Text 'iahmed@govolution.com' is set on object 'Object Repository/RAD_Pages/AddressAndContactInfo_Page/input_eMailAddress'

2021-11-08 13:17:02 - [TEST_STEP][PASSED] - setText(findTestObject(orPath_AddressContact + "/input_reEnterEMailAddress"), "iahmed@govolution.com"): Text 'iahmed@govolution.com' is set on object 'Object Repository/RAD_Pages/AddressAndContactInfo_Page/input_reEnterEMailAddress'

2021-11-08 13:17:03 - [MESSAGE][PASSED] - Text 'iahmed@govolution.com' is set on object 'Object Repository/RAD_Pages/AddressAndContactInfo_Page/input_reEnterEMailAddress'

2021-11-08 13:17:03 - [TEST_STEP][PASSED] - if (!(SSN.isEmpty())): Text '123452514' is set on object 'Object Repository/RAD_Pages/TaxInfo_Page/input_TaxInfo_reTaxTypeExisitingSSN'

2021-11-08 13:17:03 - [TEST_STEP][PASSED] - setText(findTestObject(orPath_TaxInfo + "/input_TaxInfo_ExisitingSSN"), SSN): Text '123452514' is set on object 'Object Repository/RAD_Pages/TaxInfo_Page/input_TaxInfo_ExisitingSSN'

2021-11-08 13:17:04 - [MESSAGE][PASSED] - Text '123452514' is set on object 'Object Repository/RAD_Pages/TaxInfo_Page/input_TaxInfo_ExisitingSSN'

2021-11-08 13:17:04 - [TEST_STEP][PASSED] - setText(findTestObject(orPath_TaxInfo + "/input_TaxInfo_reTaxTypeExisitingSSN"), SSN): Text '123452514' is set on object 'Object Repository/RAD_Pages/TaxInfo_Page/input_TaxInfo_reTaxTypeExisitingSSN'

2021-11-08 13:17:04 - [MESSAGE][PASSED] - Text '123452514' is set on object 'Object Repository/RAD_Pages/TaxInfo_Page/input_TaxInfo_reTaxTypeExisitingSSN'

2021-11-08 13:17:04 - [TEST_STEP][PASSED] - scrollToElement(findTestObject(orPath_Amount + "/input__paymentAmount"), 3): Scroll to object 'Object Repository/RAD_Pages/PaymentAmount_Page/input__paymentAmount' successfully

2021-11-08 13:17:05 - [MESSAGE][PASSED] - Scroll to object 'Object Repository/RAD_Pages/PaymentAmount_Page/input__paymentAmount' successfully

2021-11-08 13:17:05 - [TEST_STEP][PASSED] - if (!(FEIN.isEmpty())): null

2021-11-08 13:17:05 - [TEST_STEP][PASSED] - delay(1): Delayed 1 second(s)

2021-11-08 13:17:06 - [MESSAGE][PASSED] - Delayed 1 second(s)

2021-11-08 13:17:06 - [TEST_STEP][PASSED] - setText(findTestObject(orPath_TaxInfo + "/input_NoticeInvoiceNumber"), "258147147"): Text '258147147' is set on object 'Object Repository/RAD_Pages/TaxInfo_Page/input_NoticeInvoiceNumber'

2021-11-08 13:17:06 - [MESSAGE][PASSED] - Text '258147147' is set on object 'Object Repository/RAD_Pages/TaxInfo_Page/input_NoticeInvoiceNumber'

2021-11-08 13:17:06 - [TEST_STEP][PASSED] - setText(findTestObject(orPath_TaxInfo + "/input_reTypeNoticeInvoiceNumber"), "258147147"): Text '258147147' is set on object 'Object Repository/RAD_Pages/TaxInfo_Page/input_reTypeNoticeInvoiceNumber'

2021-11-08 13:17:07 - [MESSAGE][PASSED] - Text '258147147' is set on object 'Object Repository/RAD_Pages/TaxInfo_Page/input_reTypeNoticeInvoiceNumber'

2021-11-08 13:17:07 - [TEST_STEP][PASSED] - if (TaxTypeEL.equalsIgnoreCase("Sales & Use Tax")): Text '07640126' is set on object 'Object Repository/RAD_Pages/TaxInfo_Page/input_MDCRegistrationEL'

2021-11-08 13:17:07 - [TEST_STEP][PASSED] - println("TaxTypeEL : " + TaxTypeEL): null

2021-11-08 13:17:07 - [TEST_STEP][PASSED] - setText(findTestObject(orPath_TaxInfo + "/input_MDCRegistrationEL"), "07640126"): Text '07640126' is set on object 'Object Repository/RAD_Pages/TaxInfo_Page/input_MDCRegistrationEL'

2021-11-08 13:17:08 - [MESSAGE][PASSED] - Text '07640126' is set on object 'Object Repository/RAD_Pages/TaxInfo_Page/input_MDCRegistrationEL'

2021-11-08 13:17:08 - [TEST_STEP][PASSED] - setText(findTestObject(orPath_Amount + "/input__paymentAmount"), Amount): Text '50.50' is set on object 'Object Repository/RAD_Pages/PaymentAmount_Page/input__paymentAmount'

2021-11-08 13:17:09 - [MESSAGE][PASSED] - Text '50.50' is set on object 'Object Repository/RAD_Pages/PaymentAmount_Page/input__paymentAmount'

2021-11-08 13:17:09 - [TEST_STEP][PASSED] - scrollToElement(findTestObject(orPath_Landing + "/button_Continue"), 3): Scroll to object 'Object Repository/RAD_Pages/Landing_Page/button_Continue' successfully

2021-11-08 13:17:09 - [MESSAGE][PASSED] - Scroll to object 'Object Repository/RAD_Pages/Landing_Page/button_Continue' successfully

2021-11-08 13:17:09 - [TEST_STEP][PASSED] - waitForElementClickable(findTestObject(orPath_Landing + "/button_Continue"), 5): Object 'Object Repository/RAD_Pages/Landing_Page/button_Continue' is clickable

2021-11-08 13:17:09 - [MESSAGE][PASSED] - Object 'Object Repository/RAD_Pages/Landing_Page/button_Continue' is clickable

2021-11-08 13:17:09 - [TEST_STEP][PASSED] - click(findTestObject(orPath_Landing + "/button_Continue")): Object: 'Object Repository/RAD_Pages/Landing_Page/button_Continue' is clicked on

2021-11-08 13:17:10 - [MESSAGE][PASSED] - Object: 'Object Repository/RAD_Pages/Landing_Page/button_Continue' is clicked on

2021-11-08 13:17:10 - [TEST_STEP][PASSED] - verifyTextPresent("Review the information below and make any necessary corrections by clicking the", true): Text 'Review the information below and make any necessary corrections by clicking the' is present on page  using regular expression

2021-11-08 13:17:10 - [MESSAGE][PASSED] - Text 'Review the information below and make any necessary corrections by clicking the' is present on page  using regular expression

2021-11-08 13:17:10 - [TEST_STEP][PASSED] - verifyTextPresent("When you are confident that all the information is correct", true): Text 'When you are confident that all the information is correct' is present on page  using regular expression

2021-11-08 13:17:11 - [MESSAGE][PASSED] - Text 'When you are confident that all the information is correct' is present on page  using regular expression

2021-11-08 13:17:11 - [TEST_STEP][PASSED] - delay(1): Delayed 1 second(s)

2021-11-08 13:17:12 - [MESSAGE][PASSED] - Delayed 1 second(s)

2021-11-08 13:17:12 - [TEST_STEP][PASSED] - click(findTestObject(orPath_PaymentReady + "/button_ProceedtoPayment")): Object: 'Object Repository/RAD_Pages/PaymentReady_Page/button_ProceedtoPayment' is clicked on

2021-11-08 13:17:15 - [MESSAGE][PASSED] - Object: 'Object Repository/RAD_Pages/PaymentReady_Page/button_ProceedtoPayment' is clicked on

2021-11-08 13:17:15 - [TEST_STEP][PASSED] - setText(findTestObject(orPath_PaymentEntry + "/input__cardNumber"), CCNumber): Text '6011000993026909' is set on object 'Object Repository/RAD_Pages/PaymentEntry_Page/input__cardNumber'

2021-11-08 13:17:16 - [MESSAGE][PASSED] - Text '6011000993026909' is set on object 'Object Repository/RAD_Pages/PaymentEntry_Page/input__cardNumber'

2021-11-08 13:17:16 - [TEST_STEP][PASSED] - setText(findTestObject(orPath_PaymentEntry + "/input__spc"), CVV): Text '123' is set on object 'Object Repository/RAD_Pages/PaymentEntry_Page/input__spc'

2021-11-08 13:17:17 - [MESSAGE][PASSED] - Text '123' is set on object 'Object Repository/RAD_Pages/PaymentEntry_Page/input__spc'

2021-11-08 13:17:17 - [TEST_STEP][PASSED] - selectOptionByLabel(findTestObject(orPath_PaymentEntry + "/select_MM"), "12", false): All options with label '12' are selected in object 'Object Repository/RAD_Pages/PaymentEntry_Page/select_MM' 

2021-11-08 13:17:17 - [MESSAGE][PASSED] - All options with label '12' are selected in object 'Object Repository/RAD_Pages/PaymentEntry_Page/select_MM' 

2021-11-08 13:17:17 - [TEST_STEP][PASSED] - selectOptionByLabel(findTestObject(orPath_PaymentEntry + "/select_YYYY"), "2023", false): All options with label '2023' are selected in object 'Object Repository/RAD_Pages/PaymentEntry_Page/select_YYYY' 

2021-11-08 13:17:18 - [MESSAGE][PASSED] - All options with label '2023' are selected in object 'Object Repository/RAD_Pages/PaymentEntry_Page/select_YYYY' 

2021-11-08 13:17:18 - [TEST_STEP][PASSED] - click(findTestObject(orPath_PaymentEntry + "/input_Field_ccSubmit")): Object: 'Object Repository/RAD_Pages/PaymentEntry_Page/input_Field_ccSubmit' is clicked on

2021-11-08 13:17:19 - [MESSAGE][PASSED] - Object: 'Object Repository/RAD_Pages/PaymentEntry_Page/input_Field_ccSubmit' is clicked on

2021-11-08 13:17:19 - [TEST_STEP][PASSED] - click(findTestObject(orPath_PaymentConfirmation + "/input_N_confirmNotifyAction")): Object: 'Object Repository/RAD_Pages/PaymentConfirmation_Page/input_N_confirmNotifyAction' is clicked on

2021-11-08 13:17:20 - [MESSAGE][PASSED] - Object: 'Object Repository/RAD_Pages/PaymentConfirmation_Page/input_N_confirmNotifyAction' is clicked on

2021-11-08 13:17:20 - [TEST_STEP][PASSED] - click(findTestObject(orPath_ServiceFeesAccept + "/input_convFeeNotifyAction")): Object: 'Object Repository/RAD_Pages/ServiceFeeAccept_Page/input_convFeeNotifyAction' is clicked on

2021-11-08 13:17:22 - [MESSAGE][PASSED] - Object: 'Object Repository/RAD_Pages/ServiceFeeAccept_Page/input_convFeeNotifyAction' is clicked on

2021-11-08 13:17:22 - [TEST_STEP][PASSED] - delay(10): Delayed 10 second(s)

2021-11-08 13:17:32 - [MESSAGE][PASSED] - Delayed 10 second(s)

2021-11-08 13:17:32 - [TEST_STEP][PASSED] - verifyTextPresent("Successful Payment Receipt", true): Text 'Successful Payment Receipt' is present on page  using regular expression

2021-11-08 13:17:32 - [MESSAGE][PASSED] - Text 'Successful Payment Receipt' is present on page  using regular expression

2021-11-08 13:17:32 - [TEST_STEP][PASSED] - if (verifyTextPresent("Successful Payment Receipt", true)): null

2021-11-08 13:17:33 - [MESSAGE][PASSED] - Text 'Successful Payment Receipt' is present on page  using regular expression

2021-11-08 13:17:33 - [TEST_STEP][PASSED] - println("Transaction was Successful"): null

2021-11-08 13:17:33 - [TEST_STEP][PASSED] - out.println("Pass Record Number: " + row): null

2021-11-08 13:17:33 - [TEST_STEP][PASSED] - resText = "Pass": null

2021-11-08 13:17:33 - [TEST_STEP][PASSED] - pages.WriteExcel.demoKey(resText, datText, resColumn, datCloumn, fileLoc, nameSheet, row): pages.WriteExcel.demoKey is PASSED

2021-11-08 13:17:33 - [MESSAGE][PASSED] - pages.WriteExcel.demoKey is PASSED

2021-11-08 13:17:33 - [TEST_STEP][PASSED] - ExecuteTC = findTestData(dataFile).getValue("Execute", row): null

2021-11-08 13:17:33 - [TEST_STEP][PASSED] - Taxtype = findTestData(dataFile).getValue("TaxType", row): null

2021-11-08 13:17:33 - [TEST_STEP][PASSED] - TaxTypeEL = findTestData(dataFile).getValue("TaxTypeEL", row): null

2021-11-08 13:17:33 - [TEST_STEP][PASSED] - FilingYear = findTestData(dataFile).getValue("FilingYear", row): null

2021-11-08 13:17:33 - [TEST_STEP][PASSED] - FName = findTestData(dataFile).getValue("Fname", row): null

2021-11-08 13:17:33 - [TEST_STEP][PASSED] - LName = findTestData(dataFile).getValue("Lname", row): null

2021-11-08 13:17:33 - [TEST_STEP][PASSED] - AL1 = findTestData(dataFile).getValue("AL1", row): null

2021-11-08 13:17:33 - [TEST_STEP][PASSED] - City = findTestData(dataFile).getValue("City", row): null

2021-11-08 13:17:33 - [TEST_STEP][PASSED] - ZIP = findTestData(dataFile).getValue("ZIP", row): null

2021-11-08 13:17:33 - [TEST_STEP][PASSED] - Amount = findTestData(dataFile).getValue("Amount", row): null

2021-11-08 13:17:33 - [TEST_STEP][PASSED] - CCNumber = findTestData(dataFile).getValue("CCNumber", row): null

2021-11-08 13:17:33 - [TEST_STEP][PASSED] - CVV = findTestData(dataFile).getValue("CVV", row): null

2021-11-08 13:17:33 - [TEST_STEP][PASSED] - SSN = findTestData(dataFile).getValue("SSN", row): null

2021-11-08 13:17:33 - [TEST_STEP][PASSED] - FEIN = findTestData(dataFile).getValue("FEIN", row): null

2021-11-08 13:17:33 - [TEST_STEP][PASSED] - out.println("Value of Execute is : " + ExecuteTC): null

2021-11-08 13:17:33 - [TEST_STEP][PASSED] - if (ExecuteTC.equalsIgnoreCase("Y")): null

2021-11-08 13:17:33 - [TEST_STEP][PASSED] - out.println("Begin Record Number: " + row): null

2021-11-08 13:17:33 - [TEST_STEP][PASSED] - today = new java.util.Date(): null

2021-11-08 13:17:33 - [TEST_STEP][PASSED] - println(today): null

2021-11-08 13:17:33 - [TEST_STEP][PASSED] - datText = today: null

2021-11-08 13:17:33 - [TEST_STEP][PASSED] - Taxtype = findTestData(dataFile).getValue("TaxType", row): null

2021-11-08 13:17:33 - [TEST_STEP][PASSED] - out.println("Taxtype value is : " + Taxtype): null

2021-11-08 13:17:33 - [TEST_STEP][PASSED] - openBrowser(""): Browser is opened with url: ''

2021-11-08 13:17:33 - [MESSAGE][WARNING] - A browser is already opened. Closing browser and opening a new one

2021-11-08 13:17:34 - [MESSAGE][INFO] - Starting 'Chrome' driver

2021-11-08 13:17:34 - [MESSAGE][INFO] - User set preference: ['acceptInsecureCerts', 'true']

2021-11-08 13:17:34 - [MESSAGE][INFO] - Action delay is set to 0 milliseconds

2021-11-08 13:17:35 - [MESSAGE][PASSED] - Browser is opened with url: ''

2021-11-08 13:17:35 - [TEST_STEP][PASSED] - maximizeWindow(): Current window maximized

2021-11-08 13:17:36 - [MESSAGE][PASSED] - Current window maximized

2021-11-08 13:17:36 - [TEST_STEP][PASSED] - navigateToUrl(RADurl): Navigate to 'https://qa.velocitypayment.com/client/rad/index.html' successfully

2021-11-08 13:17:38 - [MESSAGE][PASSED] - Navigate to 'https://qa.velocitypayment.com/client/rad/index.html' successfully

2021-11-08 13:17:38 - [TEST_STEP][PASSED] - orPath_Landing = "Object Repository/RAD_Pages/Landing_Page": null

2021-11-08 13:17:38 - [TEST_STEP][PASSED] - orPath_TaxTypeFilingYear = "Object Repository/RAD_Pages/TaxTypeFilingYear_Page": null

2021-11-08 13:17:38 - [TEST_STEP][PASSED] - orPath_TaxPayer = "Object Repository/RAD_Pages/Taxpayer_Page": null

2021-11-08 13:17:38 - [TEST_STEP][PASSED] - orPath_AddressContact = "Object Repository/RAD_Pages/AddressAndContactInfo_Page": null

2021-11-08 13:17:38 - [TEST_STEP][PASSED] - orPath_FilingStatus = "Object Repository/RAD_Pages/FilingStatus_Page": null

2021-11-08 13:17:38 - [TEST_STEP][PASSED] - orPath_Amount = "Object Repository/RAD_Pages/PaymentAmount_Page": null

2021-11-08 13:17:38 - [TEST_STEP][PASSED] - orPath_TaxInfo = "Object Repository/RAD_Pages/TaxInfo_Page": null

2021-11-08 13:17:38 - [TEST_STEP][PASSED] - orPath_Withholding = "Object Repository/RAD_Pages/Withholding_Page": null

2021-11-08 13:17:38 - [TEST_STEP][PASSED] - orPath_Summary = "Object Repository/RAD_Pages/Summary_Page": null

2021-11-08 13:17:38 - [TEST_STEP][PASSED] - orPath_PaymentReady = "Object Repository/RAD_Pages/PaymentReady_Page": null

2021-11-08 13:17:38 - [TEST_STEP][PASSED] - orPath_PaymentEntry = "Object Repository/RAD_Pages/PaymentEntry_Page": null

2021-11-08 13:17:38 - [TEST_STEP][PASSED] - orPath_PaymentConfirmation = "Object Repository/RAD_Pages/PaymentConfirmation_Page": null

2021-11-08 13:17:38 - [TEST_STEP][PASSED] - orPath_ServiceFeesAccept = "Object Repository/RAD_Pages/ServiceFeeAccept_Page": null

2021-11-08 13:17:38 - [TEST_STEP][PASSED] - selectOptionByLabel(findTestObject(orPath_Landing + "/dd_TaxType"), Taxtype, false): All options with label 'Existing Liability' are selected in object 'Object Repository/RAD_Pages/Landing_Page/dd_TaxType' 

2021-11-08 13:17:38 - [MESSAGE][PASSED] - All options with label 'Existing Liability' are selected in object 'Object Repository/RAD_Pages/Landing_Page/dd_TaxType' 

2021-11-08 13:17:38 - [TEST_STEP][PASSED] - delay(1): Delayed 1 second(s)

2021-11-08 13:17:39 - [MESSAGE][PASSED] - Delayed 1 second(s)

2021-11-08 13:17:39 - [TEST_STEP][PASSED] - selectOptionByLabel(findTestObject(orPath_TaxTypeFilingYear + "/select_TaxType_ExistingLiability"), TaxTypeEL, false): All options with label 'Sales & Use Tax' are selected in object 'Object Repository/RAD_Pages/TaxTypeFilingYear_Page/select_TaxType_ExistingLiability' 

2021-11-08 13:17:40 - [MESSAGE][PASSED] - All options with label 'Sales & Use Tax' are selected in object 'Object Repository/RAD_Pages/TaxTypeFilingYear_Page/select_TaxType_ExistingLiability' 

2021-11-08 13:17:40 - [TEST_STEP][PASSED] - selectOptionByLabel(findTestObject(orPath_TaxTypeFilingYear + "/select_FilingYear"), FilingYear, false): All options with label '2020' are selected in object 'Object Repository/RAD_Pages/TaxTypeFilingYear_Page/select_FilingYear' 

2021-11-08 13:17:40 - [MESSAGE][PASSED] - All options with label '2020' are selected in object 'Object Repository/RAD_Pages/TaxTypeFilingYear_Page/select_FilingYear' 

2021-11-08 13:17:40 - [TEST_STEP][PASSED] - setText(findTestObject(orPath_TaxPayer + "/input_firstName"), FName): Text 'Jackson' is set on object 'Object Repository/RAD_Pages/Taxpayer_Page/input_firstName'

2021-11-08 13:17:41 - [MESSAGE][PASSED] - Text 'Jackson' is set on object 'Object Repository/RAD_Pages/Taxpayer_Page/input_firstName'

2021-11-08 13:17:41 - [TEST_STEP][PASSED] - setText(findTestObject(orPath_TaxPayer + "/input_lastName"), LName): Text 'Vaughn' is set on object 'Object Repository/RAD_Pages/Taxpayer_Page/input_lastName'

2021-11-08 13:17:42 - [MESSAGE][PASSED] - Text 'Vaughn' is set on object 'Object Repository/RAD_Pages/Taxpayer_Page/input_lastName'

2021-11-08 13:17:42 - [TEST_STEP][PASSED] - setText(findTestObject(orPath_TaxPayer + "/input_middleName"), "Johns"): Text 'Johns' is set on object 'Object Repository/RAD_Pages/Taxpayer_Page/input_middleName'

2021-11-08 13:17:43 - [MESSAGE][PASSED] - Text 'Johns' is set on object 'Object Repository/RAD_Pages/Taxpayer_Page/input_middleName'

2021-11-08 13:17:43 - [TEST_STEP][PASSED] - setText(findTestObject(orPath_TaxPayer + "/input_suffix"), "Sr"): Text 'Sr' is set on object 'Object Repository/RAD_Pages/Taxpayer_Page/input_suffix'

2021-11-08 13:17:43 - [MESSAGE][PASSED] - Text 'Sr' is set on object 'Object Repository/RAD_Pages/Taxpayer_Page/input_suffix'

2021-11-08 13:17:43 - [TEST_STEP][PASSED] - selectOptionByLabel(findTestObject(orPath_AddressContact + "/select_Country"), "United States", false): All options with label 'United States' are selected in object 'Object Repository/RAD_Pages/AddressAndContactInfo_Page/select_Country' 

2021-11-08 13:17:44 - [MESSAGE][PASSED] - All options with label 'United States' are selected in object 'Object Repository/RAD_Pages/AddressAndContactInfo_Page/select_Country' 

2021-11-08 13:17:44 - [TEST_STEP][PASSED] - setText(findTestObject(orPath_AddressContact + "/input_streetAddress1"), AL1): Text '1501 Mandan Terrace' is set on object 'Object Repository/RAD_Pages/AddressAndContactInfo_Page/input_streetAddress1'

2021-11-08 13:17:44 - [MESSAGE][PASSED] - Text '1501 Mandan Terrace' is set on object 'Object Repository/RAD_Pages/AddressAndContactInfo_Page/input_streetAddress1'

2021-11-08 13:17:44 - [TEST_STEP][PASSED] - setText(findTestObject(orPath_AddressContact + "/input_streetAddress2"), ""): Text '' is set on object 'Object Repository/RAD_Pages/AddressAndContactInfo_Page/input_streetAddress2'

2021-11-08 13:17:45 - [MESSAGE][PASSED] - Text '' is set on object 'Object Repository/RAD_Pages/AddressAndContactInfo_Page/input_streetAddress2'

2021-11-08 13:17:45 - [TEST_STEP][PASSED] - setText(findTestObject(orPath_AddressContact + "/input_city"), City): Text 'Bowie' is set on object 'Object Repository/RAD_Pages/AddressAndContactInfo_Page/input_city'

2021-11-08 13:17:46 - [MESSAGE][PASSED] - Text 'Bowie' is set on object 'Object Repository/RAD_Pages/AddressAndContactInfo_Page/input_city'

2021-11-08 13:17:46 - [TEST_STEP][PASSED] - selectOptionByLabel(findTestObject(orPath_AddressContact + "/select_State"), "Maryland", false): All options with label 'Maryland' are selected in object 'Object Repository/RAD_Pages/AddressAndContactInfo_Page/select_State' 

2021-11-08 13:17:46 - [MESSAGE][PASSED] - All options with label 'Maryland' are selected in object 'Object Repository/RAD_Pages/AddressAndContactInfo_Page/select_State' 

2021-11-08 13:17:46 - [TEST_STEP][PASSED] - setText(findTestObject(orPath_AddressContact + "/input_zipCode"), ZIP): Text '20720' is set on object 'Object Repository/RAD_Pages/AddressAndContactInfo_Page/input_zipCode'

2021-11-08 13:17:47 - [MESSAGE][PASSED] - Text '20720' is set on object 'Object Repository/RAD_Pages/AddressAndContactInfo_Page/input_zipCode'

2021-11-08 13:17:47 - [TEST_STEP][PASSED] - setText(findTestObject(orPath_AddressContact + "/input_phoneNumber"), "(703) 894-5000"): Text '(703) 894-5000' is set on object 'Object Repository/RAD_Pages/AddressAndContactInfo_Page/input_phoneNumber'

2021-11-08 13:17:48 - [MESSAGE][PASSED] - Text '(703) 894-5000' is set on object 'Object Repository/RAD_Pages/AddressAndContactInfo_Page/input_phoneNumber'

2021-11-08 13:17:48 - [TEST_STEP][PASSED] - setText(findTestObject(orPath_AddressContact + "/input_eMailAddress"), "iahmed@govolution.com"): Text 'iahmed@govolution.com' is set on object 'Object Repository/RAD_Pages/AddressAndContactInfo_Page/input_eMailAddress'

2021-11-08 13:17:48 - [MESSAGE][PASSED] - Text 'iahmed@govolution.com' is set on object 'Object Repository/RAD_Pages/AddressAndContactInfo_Page/input_eMailAddress'

2021-11-08 13:17:48 - [TEST_STEP][PASSED] - setText(findTestObject(orPath_AddressContact + "/input_reEnterEMailAddress"), "iahmed@govolution.com"): Text 'iahmed@govolution.com' is set on object 'Object Repository/RAD_Pages/AddressAndContactInfo_Page/input_reEnterEMailAddress'

2021-11-08 13:17:49 - [MESSAGE][PASSED] - Text 'iahmed@govolution.com' is set on object 'Object Repository/RAD_Pages/AddressAndContactInfo_Page/input_reEnterEMailAddress'

2021-11-08 13:17:49 - [TEST_STEP][PASSED] - if (!(SSN.isEmpty())): null

2021-11-08 13:17:49 - [TEST_STEP][PASSED] - scrollToElement(findTestObject(orPath_Amount + "/input__paymentAmount"), 3): Scroll to object 'Object Repository/RAD_Pages/PaymentAmount_Page/input__paymentAmount' successfully

2021-11-08 13:17:49 - [MESSAGE][PASSED] - Scroll to object 'Object Repository/RAD_Pages/PaymentAmount_Page/input__paymentAmount' successfully

2021-11-08 13:17:49 - [TEST_STEP][PASSED] - if (!(FEIN.isEmpty())): Text '258369265' is set on object 'Object Repository/RAD_Pages/TaxInfo_Page/input_ReTypeFEIN'

2021-11-08 13:17:49 - [TEST_STEP][PASSED] - setText(findTestObject(orPath_TaxInfo + "/input_FEIN"), FEIN): Text '258369265' is set on object 'Object Repository/RAD_Pages/TaxInfo_Page/input_FEIN'

2021-11-08 13:17:50 - [MESSAGE][PASSED] - Text '258369265' is set on object 'Object Repository/RAD_Pages/TaxInfo_Page/input_FEIN'

2021-11-08 13:17:50 - [TEST_STEP][PASSED] - setText(findTestObject(orPath_TaxInfo + "/input_ReTypeFEIN"), FEIN): Text '258369265' is set on object 'Object Repository/RAD_Pages/TaxInfo_Page/input_ReTypeFEIN'

2021-11-08 13:17:51 - [MESSAGE][PASSED] - Text '258369265' is set on object 'Object Repository/RAD_Pages/TaxInfo_Page/input_ReTypeFEIN'

2021-11-08 13:17:51 - [TEST_STEP][PASSED] - delay(1): Delayed 1 second(s)

2021-11-08 13:17:52 - [MESSAGE][PASSED] - Delayed 1 second(s)

2021-11-08 13:17:52 - [TEST_STEP][PASSED] - setText(findTestObject(orPath_TaxInfo + "/input_NoticeInvoiceNumber"), "258147147"): Text '258147147' is set on object 'Object Repository/RAD_Pages/TaxInfo_Page/input_NoticeInvoiceNumber'

2021-11-08 13:17:53 - [MESSAGE][PASSED] - Text '258147147' is set on object 'Object Repository/RAD_Pages/TaxInfo_Page/input_NoticeInvoiceNumber'

2021-11-08 13:17:53 - [TEST_STEP][PASSED] - setText(findTestObject(orPath_TaxInfo + "/input_reTypeNoticeInvoiceNumber"), "258147147"): Text '258147147' is set on object 'Object Repository/RAD_Pages/TaxInfo_Page/input_reTypeNoticeInvoiceNumber'

2021-11-08 13:17:54 - [MESSAGE][PASSED] - Text '258147147' is set on object 'Object Repository/RAD_Pages/TaxInfo_Page/input_reTypeNoticeInvoiceNumber'

2021-11-08 13:17:54 - [TEST_STEP][PASSED] - if (TaxTypeEL.equalsIgnoreCase("Sales & Use Tax")): Text '07640126' is set on object 'Object Repository/RAD_Pages/TaxInfo_Page/input_MDCRegistrationEL'

2021-11-08 13:17:54 - [TEST_STEP][PASSED] - println("TaxTypeEL : " + TaxTypeEL): null

2021-11-08 13:17:54 - [TEST_STEP][PASSED] - setText(findTestObject(orPath_TaxInfo + "/input_MDCRegistrationEL"), "07640126"): Text '07640126' is set on object 'Object Repository/RAD_Pages/TaxInfo_Page/input_MDCRegistrationEL'

2021-11-08 13:17:54 - [MESSAGE][PASSED] - Text '07640126' is set on object 'Object Repository/RAD_Pages/TaxInfo_Page/input_MDCRegistrationEL'

2021-11-08 13:17:54 - [TEST_STEP][PASSED] - setText(findTestObject(orPath_Amount + "/input__paymentAmount"), Amount): Text '50.50' is set on object 'Object Repository/RAD_Pages/PaymentAmount_Page/input__paymentAmount'

2021-11-08 13:17:55 - [MESSAGE][PASSED] - Text '50.50' is set on object 'Object Repository/RAD_Pages/PaymentAmount_Page/input__paymentAmount'

2021-11-08 13:17:55 - [TEST_STEP][PASSED] - scrollToElement(findTestObject(orPath_Landing + "/button_Continue"), 3): Scroll to object 'Object Repository/RAD_Pages/Landing_Page/button_Continue' successfully

2021-11-08 13:17:55 - [MESSAGE][PASSED] - Scroll to object 'Object Repository/RAD_Pages/Landing_Page/button_Continue' successfully

2021-11-08 13:17:55 - [TEST_STEP][PASSED] - waitForElementClickable(findTestObject(orPath_Landing + "/button_Continue"), 5): Object 'Object Repository/RAD_Pages/Landing_Page/button_Continue' is clickable

2021-11-08 13:17:56 - [MESSAGE][PASSED] - Object 'Object Repository/RAD_Pages/Landing_Page/button_Continue' is clickable

2021-11-08 13:17:56 - [TEST_STEP][PASSED] - click(findTestObject(orPath_Landing + "/button_Continue")): Object: 'Object Repository/RAD_Pages/Landing_Page/button_Continue' is clicked on

2021-11-08 13:17:56 - [MESSAGE][PASSED] - Object: 'Object Repository/RAD_Pages/Landing_Page/button_Continue' is clicked on

2021-11-08 13:17:56 - [TEST_STEP][PASSED] - verifyTextPresent("Review the information below and make any necessary corrections by clicking the", true): Text 'Review the information below and make any necessary corrections by clicking the' is present on page  using regular expression

2021-11-08 13:17:57 - [MESSAGE][PASSED] - Text 'Review the information below and make any necessary corrections by clicking the' is present on page  using regular expression

2021-11-08 13:17:57 - [TEST_STEP][PASSED] - verifyTextPresent("When you are confident that all the information is correct", true): Text 'When you are confident that all the information is correct' is present on page  using regular expression

2021-11-08 13:17:57 - [MESSAGE][PASSED] - Text 'When you are confident that all the information is correct' is present on page  using regular expression

2021-11-08 13:17:57 - [TEST_STEP][PASSED] - delay(1): Delayed 1 second(s)

2021-11-08 13:17:58 - [MESSAGE][PASSED] - Delayed 1 second(s)

2021-11-08 13:17:58 - [TEST_STEP][PASSED] - click(findTestObject(orPath_PaymentReady + "/button_ProceedtoPayment")): Object: 'Object Repository/RAD_Pages/PaymentReady_Page/button_ProceedtoPayment' is clicked on

2021-11-08 13:18:00 - [MESSAGE][PASSED] - Object: 'Object Repository/RAD_Pages/PaymentReady_Page/button_ProceedtoPayment' is clicked on

2021-11-08 13:18:00 - [TEST_STEP][PASSED] - setText(findTestObject(orPath_PaymentEntry + "/input__cardNumber"), CCNumber): Text '6011000993026909' is set on object 'Object Repository/RAD_Pages/PaymentEntry_Page/input__cardNumber'

2021-11-08 13:18:01 - [MESSAGE][PASSED] - Text '6011000993026909' is set on object 'Object Repository/RAD_Pages/PaymentEntry_Page/input__cardNumber'

2021-11-08 13:18:01 - [TEST_STEP][PASSED] - setText(findTestObject(orPath_PaymentEntry + "/input__spc"), CVV): Text '123' is set on object 'Object Repository/RAD_Pages/PaymentEntry_Page/input__spc'

2021-11-08 13:18:01 - [MESSAGE][PASSED] - Text '123' is set on object 'Object Repository/RAD_Pages/PaymentEntry_Page/input__spc'

2021-11-08 13:18:01 - [TEST_STEP][PASSED] - selectOptionByLabel(findTestObject(orPath_PaymentEntry + "/select_MM"), "12", false): All options with label '12' are selected in object 'Object Repository/RAD_Pages/PaymentEntry_Page/select_MM' 

2021-11-08 13:18:02 - [MESSAGE][PASSED] - All options with label '12' are selected in object 'Object Repository/RAD_Pages/PaymentEntry_Page/select_MM' 

2021-11-08 13:18:02 - [TEST_STEP][PASSED] - selectOptionByLabel(findTestObject(orPath_PaymentEntry + "/select_YYYY"), "2023", false): All options with label '2023' are selected in object 'Object Repository/RAD_Pages/PaymentEntry_Page/select_YYYY' 

2021-11-08 13:18:03 - [MESSAGE][PASSED] - All options with label '2023' are selected in object 'Object Repository/RAD_Pages/PaymentEntry_Page/select_YYYY' 

2021-11-08 13:18:03 - [TEST_STEP][PASSED] - click(findTestObject(orPath_PaymentEntry + "/input_Field_ccSubmit")): Object: 'Object Repository/RAD_Pages/PaymentEntry_Page/input_Field_ccSubmit' is clicked on

2021-11-08 13:18:04 - [MESSAGE][PASSED] - Object: 'Object Repository/RAD_Pages/PaymentEntry_Page/input_Field_ccSubmit' is clicked on

2021-11-08 13:18:04 - [TEST_STEP][PASSED] - click(findTestObject(orPath_PaymentConfirmation + "/input_N_confirmNotifyAction")): Object: 'Object Repository/RAD_Pages/PaymentConfirmation_Page/input_N_confirmNotifyAction' is clicked on

2021-11-08 13:18:05 - [MESSAGE][PASSED] - Object: 'Object Repository/RAD_Pages/PaymentConfirmation_Page/input_N_confirmNotifyAction' is clicked on

2021-11-08 13:18:05 - [TEST_STEP][PASSED] - click(findTestObject(orPath_ServiceFeesAccept + "/input_convFeeNotifyAction")): Object: 'Object Repository/RAD_Pages/ServiceFeeAccept_Page/input_convFeeNotifyAction' is clicked on

2021-11-08 13:18:07 - [MESSAGE][PASSED] - Object: 'Object Repository/RAD_Pages/ServiceFeeAccept_Page/input_convFeeNotifyAction' is clicked on

2021-11-08 13:18:07 - [TEST_STEP][PASSED] - delay(10): Delayed 10 second(s)

2021-11-08 13:18:17 - [MESSAGE][PASSED] - Delayed 10 second(s)

2021-11-08 13:18:17 - [TEST_STEP][PASSED] - verifyTextPresent("Successful Payment Receipt", true): Text 'Successful Payment Receipt' is present on page  using regular expression

2021-11-08 13:18:17 - [MESSAGE][PASSED] - Text 'Successful Payment Receipt' is present on page  using regular expression

2021-11-08 13:18:17 - [TEST_STEP][PASSED] - if (verifyTextPresent("Successful Payment Receipt", true)): null

2021-11-08 13:18:17 - [MESSAGE][PASSED] - Text 'Successful Payment Receipt' is present on page  using regular expression

2021-11-08 13:18:17 - [TEST_STEP][PASSED] - println("Transaction was Successful"): null

2021-11-08 13:18:17 - [TEST_STEP][PASSED] - out.println("Pass Record Number: " + row): null

2021-11-08 13:18:17 - [TEST_STEP][PASSED] - resText = "Pass": null

2021-11-08 13:18:17 - [TEST_STEP][PASSED] - pages.WriteExcel.demoKey(resText, datText, resColumn, datCloumn, fileLoc, nameSheet, row): pages.WriteExcel.demoKey is PASSED

2021-11-08 13:18:17 - [MESSAGE][PASSED] - pages.WriteExcel.demoKey is PASSED

2021-11-08 13:18:17 - [TEST_STEP][PASSED] - ExecuteTC = findTestData(dataFile).getValue("Execute", row): null

2021-11-08 13:18:17 - [TEST_STEP][PASSED] - Taxtype = findTestData(dataFile).getValue("TaxType", row): null

2021-11-08 13:18:17 - [TEST_STEP][PASSED] - TaxTypeEL = findTestData(dataFile).getValue("TaxTypeEL", row): null

2021-11-08 13:18:17 - [TEST_STEP][PASSED] - FilingYear = findTestData(dataFile).getValue("FilingYear", row): null

2021-11-08 13:18:17 - [TEST_STEP][PASSED] - FName = findTestData(dataFile).getValue("Fname", row): null

2021-11-08 13:18:17 - [TEST_STEP][PASSED] - LName = findTestData(dataFile).getValue("Lname", row): null

2021-11-08 13:18:18 - [TEST_STEP][PASSED] - AL1 = findTestData(dataFile).getValue("AL1", row): null

2021-11-08 13:18:18 - [TEST_STEP][PASSED] - City = findTestData(dataFile).getValue("City", row): null

2021-11-08 13:18:18 - [TEST_STEP][PASSED] - ZIP = findTestData(dataFile).getValue("ZIP", row): null

2021-11-08 13:18:18 - [TEST_STEP][PASSED] - Amount = findTestData(dataFile).getValue("Amount", row): null

2021-11-08 13:18:18 - [TEST_STEP][PASSED] - CCNumber = findTestData(dataFile).getValue("CCNumber", row): null

2021-11-08 13:18:18 - [TEST_STEP][PASSED] - CVV = findTestData(dataFile).getValue("CVV", row): null

2021-11-08 13:18:18 - [TEST_STEP][PASSED] - SSN = findTestData(dataFile).getValue("SSN", row): null

2021-11-08 13:18:18 - [TEST_STEP][PASSED] - FEIN = findTestData(dataFile).getValue("FEIN", row): null

2021-11-08 13:18:18 - [TEST_STEP][PASSED] - out.println("Value of Execute is : " + ExecuteTC): null

2021-11-08 13:18:18 - [TEST_STEP][PASSED] - if (ExecuteTC.equalsIgnoreCase("Y")): null

2021-11-08 13:18:18 - [TEST_STEP][PASSED] - out.println("Begin Record Number: " + row): null

2021-11-08 13:18:18 - [TEST_STEP][PASSED] - today = new java.util.Date(): null

2021-11-08 13:18:18 - [TEST_STEP][PASSED] - println(today): null

2021-11-08 13:18:18 - [TEST_STEP][PASSED] - datText = today: null

2021-11-08 13:18:18 - [TEST_STEP][PASSED] - Taxtype = findTestData(dataFile).getValue("TaxType", row): null

2021-11-08 13:18:18 - [TEST_STEP][PASSED] - out.println("Taxtype value is : " + Taxtype): null

2021-11-08 13:18:18 - [TEST_STEP][PASSED] - openBrowser(""): Browser is opened with url: ''

2021-11-08 13:18:18 - [MESSAGE][WARNING] - A browser is already opened. Closing browser and opening a new one

2021-11-08 13:18:19 - [MESSAGE][INFO] - Starting 'Chrome' driver

2021-11-08 13:18:19 - [MESSAGE][INFO] - User set preference: ['acceptInsecureCerts', 'true']

2021-11-08 13:18:19 - [MESSAGE][INFO] - Action delay is set to 0 milliseconds

2021-11-08 13:18:20 - [MESSAGE][PASSED] - Browser is opened with url: ''

2021-11-08 13:18:20 - [TEST_STEP][PASSED] - maximizeWindow(): Current window maximized

2021-11-08 13:18:20 - [MESSAGE][PASSED] - Current window maximized

2021-11-08 13:18:20 - [TEST_STEP][PASSED] - navigateToUrl(RADurl): Navigate to 'https://qa.velocitypayment.com/client/rad/index.html' successfully

2021-11-08 13:18:22 - [MESSAGE][PASSED] - Navigate to 'https://qa.velocitypayment.com/client/rad/index.html' successfully

2021-11-08 13:18:22 - [TEST_STEP][PASSED] - orPath_Landing = "Object Repository/RAD_Pages/Landing_Page": null

2021-11-08 13:18:22 - [TEST_STEP][PASSED] - orPath_TaxTypeFilingYear = "Object Repository/RAD_Pages/TaxTypeFilingYear_Page": null

2021-11-08 13:18:22 - [TEST_STEP][PASSED] - orPath_TaxPayer = "Object Repository/RAD_Pages/Taxpayer_Page": null

2021-11-08 13:18:22 - [TEST_STEP][PASSED] - orPath_AddressContact = "Object Repository/RAD_Pages/AddressAndContactInfo_Page": null

2021-11-08 13:18:22 - [TEST_STEP][PASSED] - orPath_FilingStatus = "Object Repository/RAD_Pages/FilingStatus_Page": null

2021-11-08 13:18:22 - [TEST_STEP][PASSED] - orPath_Amount = "Object Repository/RAD_Pages/PaymentAmount_Page": null

2021-11-08 13:18:22 - [TEST_STEP][PASSED] - orPath_TaxInfo = "Object Repository/RAD_Pages/TaxInfo_Page": null

2021-11-08 13:18:22 - [TEST_STEP][PASSED] - orPath_Withholding = "Object Repository/RAD_Pages/Withholding_Page": null

2021-11-08 13:18:22 - [TEST_STEP][PASSED] - orPath_Summary = "Object Repository/RAD_Pages/Summary_Page": null

2021-11-08 13:18:22 - [TEST_STEP][PASSED] - orPath_PaymentReady = "Object Repository/RAD_Pages/PaymentReady_Page": null

2021-11-08 13:18:22 - [TEST_STEP][PASSED] - orPath_PaymentEntry = "Object Repository/RAD_Pages/PaymentEntry_Page": null

2021-11-08 13:18:22 - [TEST_STEP][PASSED] - orPath_PaymentConfirmation = "Object Repository/RAD_Pages/PaymentConfirmation_Page": null

2021-11-08 13:18:22 - [TEST_STEP][PASSED] - orPath_ServiceFeesAccept = "Object Repository/RAD_Pages/ServiceFeeAccept_Page": null

2021-11-08 13:18:22 - [TEST_STEP][PASSED] - selectOptionByLabel(findTestObject(orPath_Landing + "/dd_TaxType"), Taxtype, false): All options with label 'Existing Liability' are selected in object 'Object Repository/RAD_Pages/Landing_Page/dd_TaxType' 

2021-11-08 13:18:23 - [MESSAGE][PASSED] - All options with label 'Existing Liability' are selected in object 'Object Repository/RAD_Pages/Landing_Page/dd_TaxType' 

2021-11-08 13:18:23 - [TEST_STEP][PASSED] - delay(1): Delayed 1 second(s)

2021-11-08 13:18:24 - [MESSAGE][PASSED] - Delayed 1 second(s)

2021-11-08 13:18:24 - [TEST_STEP][PASSED] - selectOptionByLabel(findTestObject(orPath_TaxTypeFilingYear + "/select_TaxType_ExistingLiability"), TaxTypeEL, false): All options with label 'Tire Fee Tax' are selected in object 'Object Repository/RAD_Pages/TaxTypeFilingYear_Page/select_TaxType_ExistingLiability' 

2021-11-08 13:18:25 - [MESSAGE][PASSED] - All options with label 'Tire Fee Tax' are selected in object 'Object Repository/RAD_Pages/TaxTypeFilingYear_Page/select_TaxType_ExistingLiability' 

2021-11-08 13:18:25 - [TEST_STEP][PASSED] - selectOptionByLabel(findTestObject(orPath_TaxTypeFilingYear + "/select_FilingYear"), FilingYear, false): All options with label '2020' are selected in object 'Object Repository/RAD_Pages/TaxTypeFilingYear_Page/select_FilingYear' 

2021-11-08 13:18:25 - [MESSAGE][PASSED] - All options with label '2020' are selected in object 'Object Repository/RAD_Pages/TaxTypeFilingYear_Page/select_FilingYear' 

2021-11-08 13:18:25 - [TEST_STEP][PASSED] - setText(findTestObject(orPath_TaxPayer + "/input_firstName"), FName): Text 'Nahida' is set on object 'Object Repository/RAD_Pages/Taxpayer_Page/input_firstName'

2021-11-08 13:18:26 - [MESSAGE][PASSED] - Text 'Nahida' is set on object 'Object Repository/RAD_Pages/Taxpayer_Page/input_firstName'

2021-11-08 13:18:26 - [TEST_STEP][PASSED] - setText(findTestObject(orPath_TaxPayer + "/input_lastName"), LName): Text 'Murray' is set on object 'Object Repository/RAD_Pages/Taxpayer_Page/input_lastName'

2021-11-08 13:18:27 - [MESSAGE][PASSED] - Text 'Murray' is set on object 'Object Repository/RAD_Pages/Taxpayer_Page/input_lastName'

2021-11-08 13:18:27 - [TEST_STEP][PASSED] - setText(findTestObject(orPath_TaxPayer + "/input_middleName"), "Johns"): Text 'Johns' is set on object 'Object Repository/RAD_Pages/Taxpayer_Page/input_middleName'

2021-11-08 13:18:27 - [MESSAGE][PASSED] - Text 'Johns' is set on object 'Object Repository/RAD_Pages/Taxpayer_Page/input_middleName'

2021-11-08 13:18:27 - [TEST_STEP][PASSED] - setText(findTestObject(orPath_TaxPayer + "/input_suffix"), "Sr"): Text 'Sr' is set on object 'Object Repository/RAD_Pages/Taxpayer_Page/input_suffix'

2021-11-08 13:18:28 - [MESSAGE][PASSED] - Text 'Sr' is set on object 'Object Repository/RAD_Pages/Taxpayer_Page/input_suffix'

2021-11-08 13:18:28 - [TEST_STEP][PASSED] - selectOptionByLabel(findTestObject(orPath_AddressContact + "/select_Country"), "United States", false): All options with label 'United States' are selected in object 'Object Repository/RAD_Pages/AddressAndContactInfo_Page/select_Country' 

2021-11-08 13:18:29 - [MESSAGE][PASSED] - All options with label 'United States' are selected in object 'Object Repository/RAD_Pages/AddressAndContactInfo_Page/select_Country' 

2021-11-08 13:18:29 - [TEST_STEP][PASSED] - setText(findTestObject(orPath_AddressContact + "/input_streetAddress1"), AL1): Text '2336 Turn ct' is set on object 'Object Repository/RAD_Pages/AddressAndContactInfo_Page/input_streetAddress1'

2021-11-08 13:18:29 - [MESSAGE][PASSED] - Text '2336 Turn ct' is set on object 'Object Repository/RAD_Pages/AddressAndContactInfo_Page/input_streetAddress1'

2021-11-08 13:18:29 - [TEST_STEP][PASSED] - setText(findTestObject(orPath_AddressContact + "/input_streetAddress2"), ""): Text '' is set on object 'Object Repository/RAD_Pages/AddressAndContactInfo_Page/input_streetAddress2'

2021-11-08 13:18:30 - [MESSAGE][PASSED] - Text '' is set on object 'Object Repository/RAD_Pages/AddressAndContactInfo_Page/input_streetAddress2'

2021-11-08 13:18:30 - [TEST_STEP][PASSED] - setText(findTestObject(orPath_AddressContact + "/input_city"), City): Text 'Crofton' is set on object 'Object Repository/RAD_Pages/AddressAndContactInfo_Page/input_city'

2021-11-08 13:18:31 - [MESSAGE][PASSED] - Text 'Crofton' is set on object 'Object Repository/RAD_Pages/AddressAndContactInfo_Page/input_city'

2021-11-08 13:18:31 - [TEST_STEP][PASSED] - selectOptionByLabel(findTestObject(orPath_AddressContact + "/select_State"), "Maryland", false): All options with label 'Maryland' are selected in object 'Object Repository/RAD_Pages/AddressAndContactInfo_Page/select_State' 

2021-11-08 13:18:31 - [MESSAGE][PASSED] - All options with label 'Maryland' are selected in object 'Object Repository/RAD_Pages/AddressAndContactInfo_Page/select_State' 

2021-11-08 13:18:31 - [TEST_STEP][PASSED] - setText(findTestObject(orPath_AddressContact + "/input_zipCode"), ZIP): Text '21144' is set on object 'Object Repository/RAD_Pages/AddressAndContactInfo_Page/input_zipCode'

2021-11-08 13:18:32 - [MESSAGE][PASSED] - Text '21144' is set on object 'Object Repository/RAD_Pages/AddressAndContactInfo_Page/input_zipCode'

2021-11-08 13:18:32 - [TEST_STEP][PASSED] - setText(findTestObject(orPath_AddressContact + "/input_phoneNumber"), "(703) 894-5000"): Text '(703) 894-5000' is set on object 'Object Repository/RAD_Pages/AddressAndContactInfo_Page/input_phoneNumber'

2021-11-08 13:18:33 - [MESSAGE][PASSED] - Text '(703) 894-5000' is set on object 'Object Repository/RAD_Pages/AddressAndContactInfo_Page/input_phoneNumber'

2021-11-08 13:18:33 - [TEST_STEP][PASSED] - setText(findTestObject(orPath_AddressContact + "/input_eMailAddress"), "iahmed@govolution.com"): Text 'iahmed@govolution.com' is set on object 'Object Repository/RAD_Pages/AddressAndContactInfo_Page/input_eMailAddress'

2021-11-08 13:18:33 - [MESSAGE][PASSED] - Text 'iahmed@govolution.com' is set on object 'Object Repository/RAD_Pages/AddressAndContactInfo_Page/input_eMailAddress'

2021-11-08 13:18:33 - [TEST_STEP][PASSED] - setText(findTestObject(orPath_AddressContact + "/input_reEnterEMailAddress"), "iahmed@govolution.com"): Text 'iahmed@govolution.com' is set on object 'Object Repository/RAD_Pages/AddressAndContactInfo_Page/input_reEnterEMailAddress'

2021-11-08 13:18:34 - [MESSAGE][PASSED] - Text 'iahmed@govolution.com' is set on object 'Object Repository/RAD_Pages/AddressAndContactInfo_Page/input_reEnterEMailAddress'

2021-11-08 13:18:34 - [TEST_STEP][PASSED] - if (!(SSN.isEmpty())): Text '123455555' is set on object 'Object Repository/RAD_Pages/TaxInfo_Page/input_TaxInfo_reTaxTypeExisitingSSN'

2021-11-08 13:18:34 - [TEST_STEP][PASSED] - setText(findTestObject(orPath_TaxInfo + "/input_TaxInfo_ExisitingSSN"), SSN): Text '123455555' is set on object 'Object Repository/RAD_Pages/TaxInfo_Page/input_TaxInfo_ExisitingSSN'

2021-11-08 13:18:35 - [MESSAGE][PASSED] - Text '123455555' is set on object 'Object Repository/RAD_Pages/TaxInfo_Page/input_TaxInfo_ExisitingSSN'

2021-11-08 13:18:35 - [TEST_STEP][PASSED] - setText(findTestObject(orPath_TaxInfo + "/input_TaxInfo_reTaxTypeExisitingSSN"), SSN): Text '123455555' is set on object 'Object Repository/RAD_Pages/TaxInfo_Page/input_TaxInfo_reTaxTypeExisitingSSN'

2021-11-08 13:18:35 - [MESSAGE][PASSED] - Text '123455555' is set on object 'Object Repository/RAD_Pages/TaxInfo_Page/input_TaxInfo_reTaxTypeExisitingSSN'

2021-11-08 13:18:35 - [TEST_STEP][PASSED] - scrollToElement(findTestObject(orPath_Amount + "/input__paymentAmount"), 3): Scroll to object 'Object Repository/RAD_Pages/PaymentAmount_Page/input__paymentAmount' successfully

2021-11-08 13:18:36 - [MESSAGE][PASSED] - Scroll to object 'Object Repository/RAD_Pages/PaymentAmount_Page/input__paymentAmount' successfully

2021-11-08 13:18:36 - [TEST_STEP][PASSED] - if (!(FEIN.isEmpty())): null

2021-11-08 13:18:36 - [TEST_STEP][PASSED] - delay(1): Delayed 1 second(s)

2021-11-08 13:18:37 - [MESSAGE][PASSED] - Delayed 1 second(s)

2021-11-08 13:18:37 - [TEST_STEP][PASSED] - setText(findTestObject(orPath_TaxInfo + "/input_NoticeInvoiceNumber"), "258147147"): Text '258147147' is set on object 'Object Repository/RAD_Pages/TaxInfo_Page/input_NoticeInvoiceNumber'

2021-11-08 13:18:38 - [MESSAGE][PASSED] - Text '258147147' is set on object 'Object Repository/RAD_Pages/TaxInfo_Page/input_NoticeInvoiceNumber'

2021-11-08 13:18:38 - [TEST_STEP][PASSED] - setText(findTestObject(orPath_TaxInfo + "/input_reTypeNoticeInvoiceNumber"), "258147147"): Text '258147147' is set on object 'Object Repository/RAD_Pages/TaxInfo_Page/input_reTypeNoticeInvoiceNumber'

2021-11-08 13:18:39 - [MESSAGE][PASSED] - Text '258147147' is set on object 'Object Repository/RAD_Pages/TaxInfo_Page/input_reTypeNoticeInvoiceNumber'

2021-11-08 13:18:39 - [TEST_STEP][PASSED] - if (TaxTypeEL.equalsIgnoreCase("Sales & Use Tax")): null

2021-11-08 13:18:39 - [TEST_STEP][PASSED] - setText(findTestObject(orPath_Amount + "/input__paymentAmount"), Amount): Text '30.50' is set on object 'Object Repository/RAD_Pages/PaymentAmount_Page/input__paymentAmount'

2021-11-08 13:18:39 - [MESSAGE][PASSED] - Text '30.50' is set on object 'Object Repository/RAD_Pages/PaymentAmount_Page/input__paymentAmount'

2021-11-08 13:18:39 - [TEST_STEP][PASSED] - scrollToElement(findTestObject(orPath_Landing + "/button_Continue"), 3): Scroll to object 'Object Repository/RAD_Pages/Landing_Page/button_Continue' successfully

2021-11-08 13:18:40 - [MESSAGE][PASSED] - Scroll to object 'Object Repository/RAD_Pages/Landing_Page/button_Continue' successfully

2021-11-08 13:18:40 - [TEST_STEP][PASSED] - waitForElementClickable(findTestObject(orPath_Landing + "/button_Continue"), 5): Object 'Object Repository/RAD_Pages/Landing_Page/button_Continue' is clickable

2021-11-08 13:18:40 - [MESSAGE][PASSED] - Object 'Object Repository/RAD_Pages/Landing_Page/button_Continue' is clickable

2021-11-08 13:18:40 - [TEST_STEP][PASSED] - click(findTestObject(orPath_Landing + "/button_Continue")): Object: 'Object Repository/RAD_Pages/Landing_Page/button_Continue' is clicked on

2021-11-08 13:18:40 - [MESSAGE][PASSED] - Object: 'Object Repository/RAD_Pages/Landing_Page/button_Continue' is clicked on

2021-11-08 13:18:40 - [TEST_STEP][PASSED] - verifyTextPresent("Review the information below and make any necessary corrections by clicking the", true): Text 'Review the information below and make any necessary corrections by clicking the' is present on page  using regular expression

2021-11-08 13:18:41 - [MESSAGE][PASSED] - Text 'Review the information below and make any necessary corrections by clicking the' is present on page  using regular expression

2021-11-08 13:18:41 - [TEST_STEP][PASSED] - verifyTextPresent("When you are confident that all the information is correct", true): Text 'When you are confident that all the information is correct' is present on page  using regular expression

2021-11-08 13:18:41 - [MESSAGE][PASSED] - Text 'When you are confident that all the information is correct' is present on page  using regular expression

2021-11-08 13:18:41 - [TEST_STEP][PASSED] - delay(1): Delayed 1 second(s)

2021-11-08 13:18:42 - [MESSAGE][PASSED] - Delayed 1 second(s)

2021-11-08 13:18:42 - [TEST_STEP][PASSED] - click(findTestObject(orPath_PaymentReady + "/button_ProceedtoPayment")): Object: 'Object Repository/RAD_Pages/PaymentReady_Page/button_ProceedtoPayment' is clicked on

2021-11-08 13:18:44 - [MESSAGE][PASSED] - Object: 'Object Repository/RAD_Pages/PaymentReady_Page/button_ProceedtoPayment' is clicked on

2021-11-08 13:18:44 - [TEST_STEP][PASSED] - setText(findTestObject(orPath_PaymentEntry + "/input__cardNumber"), CCNumber): Text '4012000098765439' is set on object 'Object Repository/RAD_Pages/PaymentEntry_Page/input__cardNumber'

2021-11-08 13:18:45 - [MESSAGE][PASSED] - Text '4012000098765439' is set on object 'Object Repository/RAD_Pages/PaymentEntry_Page/input__cardNumber'

2021-11-08 13:18:45 - [TEST_STEP][PASSED] - setText(findTestObject(orPath_PaymentEntry + "/input__spc"), CVV): Text '123' is set on object 'Object Repository/RAD_Pages/PaymentEntry_Page/input__spc'

2021-11-08 13:18:46 - [MESSAGE][PASSED] - Text '123' is set on object 'Object Repository/RAD_Pages/PaymentEntry_Page/input__spc'

2021-11-08 13:18:46 - [TEST_STEP][PASSED] - selectOptionByLabel(findTestObject(orPath_PaymentEntry + "/select_MM"), "12", false): All options with label '12' are selected in object 'Object Repository/RAD_Pages/PaymentEntry_Page/select_MM' 

2021-11-08 13:18:46 - [MESSAGE][PASSED] - All options with label '12' are selected in object 'Object Repository/RAD_Pages/PaymentEntry_Page/select_MM' 

2021-11-08 13:18:46 - [TEST_STEP][PASSED] - selectOptionByLabel(findTestObject(orPath_PaymentEntry + "/select_YYYY"), "2023", false): All options with label '2023' are selected in object 'Object Repository/RAD_Pages/PaymentEntry_Page/select_YYYY' 

2021-11-08 13:18:47 - [MESSAGE][PASSED] - All options with label '2023' are selected in object 'Object Repository/RAD_Pages/PaymentEntry_Page/select_YYYY' 

2021-11-08 13:18:47 - [TEST_STEP][PASSED] - click(findTestObject(orPath_PaymentEntry + "/input_Field_ccSubmit")): Object: 'Object Repository/RAD_Pages/PaymentEntry_Page/input_Field_ccSubmit' is clicked on

2021-11-08 13:18:48 - [MESSAGE][PASSED] - Object: 'Object Repository/RAD_Pages/PaymentEntry_Page/input_Field_ccSubmit' is clicked on

2021-11-08 13:18:48 - [TEST_STEP][PASSED] - click(findTestObject(orPath_PaymentConfirmation + "/input_N_confirmNotifyAction")): Object: 'Object Repository/RAD_Pages/PaymentConfirmation_Page/input_N_confirmNotifyAction' is clicked on

2021-11-08 13:18:49 - [MESSAGE][PASSED] - Object: 'Object Repository/RAD_Pages/PaymentConfirmation_Page/input_N_confirmNotifyAction' is clicked on

2021-11-08 13:18:49 - [TEST_STEP][PASSED] - click(findTestObject(orPath_ServiceFeesAccept + "/input_convFeeNotifyAction")): Object: 'Object Repository/RAD_Pages/ServiceFeeAccept_Page/input_convFeeNotifyAction' is clicked on

2021-11-08 13:18:51 - [MESSAGE][PASSED] - Object: 'Object Repository/RAD_Pages/ServiceFeeAccept_Page/input_convFeeNotifyAction' is clicked on

2021-11-08 13:18:51 - [TEST_STEP][PASSED] - delay(10): Delayed 10 second(s)

2021-11-08 13:19:01 - [MESSAGE][PASSED] - Delayed 10 second(s)

2021-11-08 13:19:01 - [TEST_STEP][PASSED] - verifyTextPresent("Successful Payment Receipt", true): Text 'Successful Payment Receipt' is present on page  using regular expression

2021-11-08 13:19:01 - [MESSAGE][PASSED] - Text 'Successful Payment Receipt' is present on page  using regular expression

2021-11-08 13:19:01 - [TEST_STEP][PASSED] - if (verifyTextPresent("Successful Payment Receipt", true)): null

2021-11-08 13:19:01 - [MESSAGE][PASSED] - Text 'Successful Payment Receipt' is present on page  using regular expression

2021-11-08 13:19:01 - [TEST_STEP][PASSED] - println("Transaction was Successful"): null

2021-11-08 13:19:01 - [TEST_STEP][PASSED] - out.println("Pass Record Number: " + row): null

2021-11-08 13:19:01 - [TEST_STEP][PASSED] - resText = "Pass": null

2021-11-08 13:19:02 - [TEST_STEP][PASSED] - pages.WriteExcel.demoKey(resText, datText, resColumn, datCloumn, fileLoc, nameSheet, row): pages.WriteExcel.demoKey is PASSED

2021-11-08 13:19:02 - [MESSAGE][PASSED] - pages.WriteExcel.demoKey is PASSED

2021-11-08 13:19:02 - [TEST_STEP][PASSED] - ExecuteTC = findTestData(dataFile).getValue("Execute", row): null

2021-11-08 13:19:02 - [TEST_STEP][PASSED] - Taxtype = findTestData(dataFile).getValue("TaxType", row): null

2021-11-08 13:19:02 - [TEST_STEP][PASSED] - TaxTypeEL = findTestData(dataFile).getValue("TaxTypeEL", row): null

2021-11-08 13:19:02 - [TEST_STEP][PASSED] - FilingYear = findTestData(dataFile).getValue("FilingYear", row): null

2021-11-08 13:19:02 - [TEST_STEP][PASSED] - FName = findTestData(dataFile).getValue("Fname", row): null

2021-11-08 13:19:02 - [TEST_STEP][PASSED] - LName = findTestData(dataFile).getValue("Lname", row): null

2021-11-08 13:19:02 - [TEST_STEP][PASSED] - AL1 = findTestData(dataFile).getValue("AL1", row): null

2021-11-08 13:19:02 - [TEST_STEP][PASSED] - City = findTestData(dataFile).getValue("City", row): null

2021-11-08 13:19:02 - [TEST_STEP][PASSED] - ZIP = findTestData(dataFile).getValue("ZIP", row): null

2021-11-08 13:19:02 - [TEST_STEP][PASSED] - Amount = findTestData(dataFile).getValue("Amount", row): null

2021-11-08 13:19:02 - [TEST_STEP][PASSED] - CCNumber = findTestData(dataFile).getValue("CCNumber", row): null

2021-11-08 13:19:02 - [TEST_STEP][PASSED] - CVV = findTestData(dataFile).getValue("CVV", row): null

2021-11-08 13:19:02 - [TEST_STEP][PASSED] - SSN = findTestData(dataFile).getValue("SSN", row): null

2021-11-08 13:19:02 - [TEST_STEP][PASSED] - FEIN = findTestData(dataFile).getValue("FEIN", row): null

2021-11-08 13:19:02 - [TEST_STEP][PASSED] - out.println("Value of Execute is : " + ExecuteTC): null

2021-11-08 13:19:02 - [TEST_STEP][PASSED] - if (ExecuteTC.equalsIgnoreCase("Y")): null

2021-11-08 13:19:02 - [TEST_STEP][PASSED] - out.println("Begin Record Number: " + row): null

2021-11-08 13:19:02 - [TEST_STEP][PASSED] - today = new java.util.Date(): null

2021-11-08 13:19:02 - [TEST_STEP][PASSED] - println(today): null

2021-11-08 13:19:02 - [TEST_STEP][PASSED] - datText = today: null

2021-11-08 13:19:02 - [TEST_STEP][PASSED] - Taxtype = findTestData(dataFile).getValue("TaxType", row): null

2021-11-08 13:19:02 - [TEST_STEP][PASSED] - out.println("Taxtype value is : " + Taxtype): null

2021-11-08 13:19:02 - [TEST_STEP][PASSED] - openBrowser(""): Browser is opened with url: ''

2021-11-08 13:19:02 - [MESSAGE][WARNING] - A browser is already opened. Closing browser and opening a new one

2021-11-08 13:19:03 - [MESSAGE][INFO] - Starting 'Chrome' driver

2021-11-08 13:19:03 - [MESSAGE][INFO] - User set preference: ['acceptInsecureCerts', 'true']

2021-11-08 13:19:03 - [MESSAGE][INFO] - Action delay is set to 0 milliseconds

2021-11-08 13:19:04 - [MESSAGE][PASSED] - Browser is opened with url: ''

2021-11-08 13:19:04 - [TEST_STEP][PASSED] - maximizeWindow(): Current window maximized

2021-11-08 13:19:04 - [MESSAGE][PASSED] - Current window maximized

2021-11-08 13:19:04 - [TEST_STEP][PASSED] - navigateToUrl(RADurl): Navigate to 'https://qa.velocitypayment.com/client/rad/index.html' successfully

2021-11-08 13:19:07 - [MESSAGE][PASSED] - Navigate to 'https://qa.velocitypayment.com/client/rad/index.html' successfully

2021-11-08 13:19:07 - [TEST_STEP][PASSED] - orPath_Landing = "Object Repository/RAD_Pages/Landing_Page": null

2021-11-08 13:19:07 - [TEST_STEP][PASSED] - orPath_TaxTypeFilingYear = "Object Repository/RAD_Pages/TaxTypeFilingYear_Page": null

2021-11-08 13:19:07 - [TEST_STEP][PASSED] - orPath_TaxPayer = "Object Repository/RAD_Pages/Taxpayer_Page": null

2021-11-08 13:19:07 - [TEST_STEP][PASSED] - orPath_AddressContact = "Object Repository/RAD_Pages/AddressAndContactInfo_Page": null

2021-11-08 13:19:07 - [TEST_STEP][PASSED] - orPath_FilingStatus = "Object Repository/RAD_Pages/FilingStatus_Page": null

2021-11-08 13:19:07 - [TEST_STEP][PASSED] - orPath_Amount = "Object Repository/RAD_Pages/PaymentAmount_Page": null

2021-11-08 13:19:07 - [TEST_STEP][PASSED] - orPath_TaxInfo = "Object Repository/RAD_Pages/TaxInfo_Page": null

2021-11-08 13:19:07 - [TEST_STEP][PASSED] - orPath_Withholding = "Object Repository/RAD_Pages/Withholding_Page": null

2021-11-08 13:19:07 - [TEST_STEP][PASSED] - orPath_Summary = "Object Repository/RAD_Pages/Summary_Page": null

2021-11-08 13:19:07 - [TEST_STEP][PASSED] - orPath_PaymentReady = "Object Repository/RAD_Pages/PaymentReady_Page": null

2021-11-08 13:19:07 - [TEST_STEP][PASSED] - orPath_PaymentEntry = "Object Repository/RAD_Pages/PaymentEntry_Page": null

2021-11-08 13:19:07 - [TEST_STEP][PASSED] - orPath_PaymentConfirmation = "Object Repository/RAD_Pages/PaymentConfirmation_Page": null

2021-11-08 13:19:07 - [TEST_STEP][PASSED] - orPath_ServiceFeesAccept = "Object Repository/RAD_Pages/ServiceFeeAccept_Page": null

2021-11-08 13:19:07 - [TEST_STEP][PASSED] - selectOptionByLabel(findTestObject(orPath_Landing + "/dd_TaxType"), Taxtype, false): All options with label 'Existing Liability' are selected in object 'Object Repository/RAD_Pages/Landing_Page/dd_TaxType' 

2021-11-08 13:19:07 - [MESSAGE][PASSED] - All options with label 'Existing Liability' are selected in object 'Object Repository/RAD_Pages/Landing_Page/dd_TaxType' 

2021-11-08 13:19:07 - [TEST_STEP][PASSED] - delay(1): Delayed 1 second(s)

2021-11-08 13:19:08 - [MESSAGE][PASSED] - Delayed 1 second(s)

2021-11-08 13:19:08 - [TEST_STEP][PASSED] - selectOptionByLabel(findTestObject(orPath_TaxTypeFilingYear + "/select_TaxType_ExistingLiability"), TaxTypeEL, false): All options with label 'Tire Fee Tax' are selected in object 'Object Repository/RAD_Pages/TaxTypeFilingYear_Page/select_TaxType_ExistingLiability' 

2021-11-08 13:19:09 - [MESSAGE][PASSED] - All options with label 'Tire Fee Tax' are selected in object 'Object Repository/RAD_Pages/TaxTypeFilingYear_Page/select_TaxType_ExistingLiability' 

2021-11-08 13:19:09 - [TEST_STEP][PASSED] - selectOptionByLabel(findTestObject(orPath_TaxTypeFilingYear + "/select_FilingYear"), FilingYear, false): All options with label '2020' are selected in object 'Object Repository/RAD_Pages/TaxTypeFilingYear_Page/select_FilingYear' 

2021-11-08 13:19:10 - [MESSAGE][PASSED] - All options with label '2020' are selected in object 'Object Repository/RAD_Pages/TaxTypeFilingYear_Page/select_FilingYear' 

2021-11-08 13:19:10 - [TEST_STEP][PASSED] - setText(findTestObject(orPath_TaxPayer + "/input_firstName"), FName): Text 'Nahida' is set on object 'Object Repository/RAD_Pages/Taxpayer_Page/input_firstName'

2021-11-08 13:19:11 - [MESSAGE][PASSED] - Text 'Nahida' is set on object 'Object Repository/RAD_Pages/Taxpayer_Page/input_firstName'

2021-11-08 13:19:11 - [TEST_STEP][PASSED] - setText(findTestObject(orPath_TaxPayer + "/input_lastName"), LName): Text 'Murray' is set on object 'Object Repository/RAD_Pages/Taxpayer_Page/input_lastName'

2021-11-08 13:19:11 - [MESSAGE][PASSED] - Text 'Murray' is set on object 'Object Repository/RAD_Pages/Taxpayer_Page/input_lastName'

2021-11-08 13:19:11 - [TEST_STEP][PASSED] - setText(findTestObject(orPath_TaxPayer + "/input_middleName"), "Johns"): Text 'Johns' is set on object 'Object Repository/RAD_Pages/Taxpayer_Page/input_middleName'

2021-11-08 13:19:12 - [MESSAGE][PASSED] - Text 'Johns' is set on object 'Object Repository/RAD_Pages/Taxpayer_Page/input_middleName'

2021-11-08 13:19:12 - [TEST_STEP][PASSED] - setText(findTestObject(orPath_TaxPayer + "/input_suffix"), "Sr"): Text 'Sr' is set on object 'Object Repository/RAD_Pages/Taxpayer_Page/input_suffix'

2021-11-08 13:19:13 - [MESSAGE][PASSED] - Text 'Sr' is set on object 'Object Repository/RAD_Pages/Taxpayer_Page/input_suffix'

2021-11-08 13:19:13 - [TEST_STEP][PASSED] - selectOptionByLabel(findTestObject(orPath_AddressContact + "/select_Country"), "United States", false): All options with label 'United States' are selected in object 'Object Repository/RAD_Pages/AddressAndContactInfo_Page/select_Country' 

2021-11-08 13:19:13 - [MESSAGE][PASSED] - All options with label 'United States' are selected in object 'Object Repository/RAD_Pages/AddressAndContactInfo_Page/select_Country' 

2021-11-08 13:19:13 - [TEST_STEP][PASSED] - setText(findTestObject(orPath_AddressContact + "/input_streetAddress1"), AL1): Text '2336 Turn ct' is set on object 'Object Repository/RAD_Pages/AddressAndContactInfo_Page/input_streetAddress1'

2021-11-08 13:19:14 - [MESSAGE][PASSED] - Text '2336 Turn ct' is set on object 'Object Repository/RAD_Pages/AddressAndContactInfo_Page/input_streetAddress1'

2021-11-08 13:19:14 - [TEST_STEP][PASSED] - setText(findTestObject(orPath_AddressContact + "/input_streetAddress2"), ""): Text '' is set on object 'Object Repository/RAD_Pages/AddressAndContactInfo_Page/input_streetAddress2'

2021-11-08 13:19:14 - [MESSAGE][PASSED] - Text '' is set on object 'Object Repository/RAD_Pages/AddressAndContactInfo_Page/input_streetAddress2'

2021-11-08 13:19:14 - [TEST_STEP][PASSED] - setText(findTestObject(orPath_AddressContact + "/input_city"), City): Text 'Crofton' is set on object 'Object Repository/RAD_Pages/AddressAndContactInfo_Page/input_city'

2021-11-08 13:19:15 - [MESSAGE][PASSED] - Text 'Crofton' is set on object 'Object Repository/RAD_Pages/AddressAndContactInfo_Page/input_city'

2021-11-08 13:19:15 - [TEST_STEP][PASSED] - selectOptionByLabel(findTestObject(orPath_AddressContact + "/select_State"), "Maryland", false): All options with label 'Maryland' are selected in object 'Object Repository/RAD_Pages/AddressAndContactInfo_Page/select_State' 

2021-11-08 13:19:16 - [MESSAGE][PASSED] - All options with label 'Maryland' are selected in object 'Object Repository/RAD_Pages/AddressAndContactInfo_Page/select_State' 

2021-11-08 13:19:16 - [TEST_STEP][PASSED] - setText(findTestObject(orPath_AddressContact + "/input_zipCode"), ZIP): Text '21144' is set on object 'Object Repository/RAD_Pages/AddressAndContactInfo_Page/input_zipCode'

2021-11-08 13:19:16 - [MESSAGE][PASSED] - Text '21144' is set on object 'Object Repository/RAD_Pages/AddressAndContactInfo_Page/input_zipCode'

2021-11-08 13:19:16 - [TEST_STEP][PASSED] - setText(findTestObject(orPath_AddressContact + "/input_phoneNumber"), "(703) 894-5000"): Text '(703) 894-5000' is set on object 'Object Repository/RAD_Pages/AddressAndContactInfo_Page/input_phoneNumber'

2021-11-08 13:19:17 - [MESSAGE][PASSED] - Text '(703) 894-5000' is set on object 'Object Repository/RAD_Pages/AddressAndContactInfo_Page/input_phoneNumber'

2021-11-08 13:19:17 - [TEST_STEP][PASSED] - setText(findTestObject(orPath_AddressContact + "/input_eMailAddress"), "iahmed@govolution.com"): Text 'iahmed@govolution.com' is set on object 'Object Repository/RAD_Pages/AddressAndContactInfo_Page/input_eMailAddress'

2021-11-08 13:19:18 - [MESSAGE][PASSED] - Text 'iahmed@govolution.com' is set on object 'Object Repository/RAD_Pages/AddressAndContactInfo_Page/input_eMailAddress'

2021-11-08 13:19:18 - [TEST_STEP][PASSED] - setText(findTestObject(orPath_AddressContact + "/input_reEnterEMailAddress"), "iahmed@govolution.com"): Text 'iahmed@govolution.com' is set on object 'Object Repository/RAD_Pages/AddressAndContactInfo_Page/input_reEnterEMailAddress'

2021-11-08 13:19:19 - [MESSAGE][PASSED] - Text 'iahmed@govolution.com' is set on object 'Object Repository/RAD_Pages/AddressAndContactInfo_Page/input_reEnterEMailAddress'

2021-11-08 13:19:19 - [TEST_STEP][PASSED] - if (!(SSN.isEmpty())): null

2021-11-08 13:19:19 - [TEST_STEP][PASSED] - scrollToElement(findTestObject(orPath_Amount + "/input__paymentAmount"), 3): Scroll to object 'Object Repository/RAD_Pages/PaymentAmount_Page/input__paymentAmount' successfully

2021-11-08 13:19:19 - [MESSAGE][PASSED] - Scroll to object 'Object Repository/RAD_Pages/PaymentAmount_Page/input__paymentAmount' successfully

2021-11-08 13:19:19 - [TEST_STEP][PASSED] - if (!(FEIN.isEmpty())): Text '258369265' is set on object 'Object Repository/RAD_Pages/TaxInfo_Page/input_ReTypeFEIN'

2021-11-08 13:19:19 - [TEST_STEP][PASSED] - setText(findTestObject(orPath_TaxInfo + "/input_FEIN"), FEIN): Text '258369265' is set on object 'Object Repository/RAD_Pages/TaxInfo_Page/input_FEIN'

2021-11-08 13:19:20 - [MESSAGE][PASSED] - Text '258369265' is set on object 'Object Repository/RAD_Pages/TaxInfo_Page/input_FEIN'

2021-11-08 13:19:20 - [TEST_STEP][PASSED] - setText(findTestObject(orPath_TaxInfo + "/input_ReTypeFEIN"), FEIN): Text '258369265' is set on object 'Object Repository/RAD_Pages/TaxInfo_Page/input_ReTypeFEIN'

2021-11-08 13:19:20 - [MESSAGE][PASSED] - Text '258369265' is set on object 'Object Repository/RAD_Pages/TaxInfo_Page/input_ReTypeFEIN'

2021-11-08 13:19:20 - [TEST_STEP][PASSED] - delay(1): Delayed 1 second(s)

2021-11-08 13:19:21 - [MESSAGE][PASSED] - Delayed 1 second(s)

2021-11-08 13:19:21 - [TEST_STEP][PASSED] - setText(findTestObject(orPath_TaxInfo + "/input_NoticeInvoiceNumber"), "258147147"): Text '258147147' is set on object 'Object Repository/RAD_Pages/TaxInfo_Page/input_NoticeInvoiceNumber'

2021-11-08 13:19:22 - [MESSAGE][PASSED] - Text '258147147' is set on object 'Object Repository/RAD_Pages/TaxInfo_Page/input_NoticeInvoiceNumber'

2021-11-08 13:19:22 - [TEST_STEP][PASSED] - setText(findTestObject(orPath_TaxInfo + "/input_reTypeNoticeInvoiceNumber"), "258147147"): Text '258147147' is set on object 'Object Repository/RAD_Pages/TaxInfo_Page/input_reTypeNoticeInvoiceNumber'

2021-11-08 13:19:23 - [MESSAGE][PASSED] - Text '258147147' is set on object 'Object Repository/RAD_Pages/TaxInfo_Page/input_reTypeNoticeInvoiceNumber'

2021-11-08 13:19:23 - [TEST_STEP][PASSED] - if (TaxTypeEL.equalsIgnoreCase("Sales & Use Tax")): null

2021-11-08 13:19:23 - [TEST_STEP][PASSED] - setText(findTestObject(orPath_Amount + "/input__paymentAmount"), Amount): Text '30.50' is set on object 'Object Repository/RAD_Pages/PaymentAmount_Page/input__paymentAmount'

2021-11-08 13:19:24 - [MESSAGE][PASSED] - Text '30.50' is set on object 'Object Repository/RAD_Pages/PaymentAmount_Page/input__paymentAmount'

2021-11-08 13:19:24 - [TEST_STEP][PASSED] - scrollToElement(findTestObject(orPath_Landing + "/button_Continue"), 3): Scroll to object 'Object Repository/RAD_Pages/Landing_Page/button_Continue' successfully

2021-11-08 13:19:24 - [MESSAGE][PASSED] - Scroll to object 'Object Repository/RAD_Pages/Landing_Page/button_Continue' successfully

2021-11-08 13:19:24 - [TEST_STEP][PASSED] - waitForElementClickable(findTestObject(orPath_Landing + "/button_Continue"), 5): Object 'Object Repository/RAD_Pages/Landing_Page/button_Continue' is clickable

2021-11-08 13:19:24 - [MESSAGE][PASSED] - Object 'Object Repository/RAD_Pages/Landing_Page/button_Continue' is clickable

2021-11-08 13:19:24 - [TEST_STEP][PASSED] - click(findTestObject(orPath_Landing + "/button_Continue")): Object: 'Object Repository/RAD_Pages/Landing_Page/button_Continue' is clicked on

2021-11-08 13:19:25 - [MESSAGE][PASSED] - Object: 'Object Repository/RAD_Pages/Landing_Page/button_Continue' is clicked on

2021-11-08 13:19:25 - [TEST_STEP][PASSED] - verifyTextPresent("Review the information below and make any necessary corrections by clicking the", true): Text 'Review the information below and make any necessary corrections by clicking the' is present on page  using regular expression

2021-11-08 13:19:25 - [MESSAGE][PASSED] - Text 'Review the information below and make any necessary corrections by clicking the' is present on page  using regular expression

2021-11-08 13:19:25 - [TEST_STEP][PASSED] - verifyTextPresent("When you are confident that all the information is correct", true): Text 'When you are confident that all the information is correct' is present on page  using regular expression

2021-11-08 13:19:26 - [MESSAGE][PASSED] - Text 'When you are confident that all the information is correct' is present on page  using regular expression

2021-11-08 13:19:26 - [TEST_STEP][PASSED] - delay(1): Delayed 1 second(s)

2021-11-08 13:19:27 - [MESSAGE][PASSED] - Delayed 1 second(s)

2021-11-08 13:19:27 - [TEST_STEP][PASSED] - click(findTestObject(orPath_PaymentReady + "/button_ProceedtoPayment")): Object: 'Object Repository/RAD_Pages/PaymentReady_Page/button_ProceedtoPayment' is clicked on

2021-11-08 13:19:29 - [MESSAGE][PASSED] - Object: 'Object Repository/RAD_Pages/PaymentReady_Page/button_ProceedtoPayment' is clicked on

2021-11-08 13:19:29 - [TEST_STEP][PASSED] - setText(findTestObject(orPath_PaymentEntry + "/input__cardNumber"), CCNumber): Text '4012000098765439' is set on object 'Object Repository/RAD_Pages/PaymentEntry_Page/input__cardNumber'

2021-11-08 13:19:30 - [MESSAGE][PASSED] - Text '4012000098765439' is set on object 'Object Repository/RAD_Pages/PaymentEntry_Page/input__cardNumber'

2021-11-08 13:19:30 - [TEST_STEP][PASSED] - setText(findTestObject(orPath_PaymentEntry + "/input__spc"), CVV): Text '123' is set on object 'Object Repository/RAD_Pages/PaymentEntry_Page/input__spc'

2021-11-08 13:19:30 - [MESSAGE][PASSED] - Text '123' is set on object 'Object Repository/RAD_Pages/PaymentEntry_Page/input__spc'

2021-11-08 13:19:30 - [TEST_STEP][PASSED] - selectOptionByLabel(findTestObject(orPath_PaymentEntry + "/select_MM"), "12", false): All options with label '12' are selected in object 'Object Repository/RAD_Pages/PaymentEntry_Page/select_MM' 

2021-11-08 13:19:31 - [MESSAGE][PASSED] - All options with label '12' are selected in object 'Object Repository/RAD_Pages/PaymentEntry_Page/select_MM' 

2021-11-08 13:19:31 - [TEST_STEP][PASSED] - selectOptionByLabel(findTestObject(orPath_PaymentEntry + "/select_YYYY"), "2023", false): All options with label '2023' are selected in object 'Object Repository/RAD_Pages/PaymentEntry_Page/select_YYYY' 

2021-11-08 13:19:32 - [MESSAGE][PASSED] - All options with label '2023' are selected in object 'Object Repository/RAD_Pages/PaymentEntry_Page/select_YYYY' 

2021-11-08 13:19:32 - [TEST_STEP][PASSED] - click(findTestObject(orPath_PaymentEntry + "/input_Field_ccSubmit")): Object: 'Object Repository/RAD_Pages/PaymentEntry_Page/input_Field_ccSubmit' is clicked on

2021-11-08 13:19:33 - [MESSAGE][PASSED] - Object: 'Object Repository/RAD_Pages/PaymentEntry_Page/input_Field_ccSubmit' is clicked on

2021-11-08 13:19:33 - [TEST_STEP][PASSED] - click(findTestObject(orPath_PaymentConfirmation + "/input_N_confirmNotifyAction")): Object: 'Object Repository/RAD_Pages/PaymentConfirmation_Page/input_N_confirmNotifyAction' is clicked on

2021-11-08 13:19:34 - [MESSAGE][PASSED] - Object: 'Object Repository/RAD_Pages/PaymentConfirmation_Page/input_N_confirmNotifyAction' is clicked on

2021-11-08 13:19:34 - [TEST_STEP][PASSED] - click(findTestObject(orPath_ServiceFeesAccept + "/input_convFeeNotifyAction")): Object: 'Object Repository/RAD_Pages/ServiceFeeAccept_Page/input_convFeeNotifyAction' is clicked on

2021-11-08 13:19:35 - [MESSAGE][PASSED] - Object: 'Object Repository/RAD_Pages/ServiceFeeAccept_Page/input_convFeeNotifyAction' is clicked on

2021-11-08 13:19:35 - [TEST_STEP][PASSED] - delay(10): Delayed 10 second(s)

2021-11-08 13:19:45 - [MESSAGE][PASSED] - Delayed 10 second(s)

2021-11-08 13:19:45 - [TEST_STEP][PASSED] - verifyTextPresent("Successful Payment Receipt", true): Text 'Successful Payment Receipt' is present on page  using regular expression

2021-11-08 13:19:46 - [MESSAGE][PASSED] - Text 'Successful Payment Receipt' is present on page  using regular expression

2021-11-08 13:19:46 - [TEST_STEP][PASSED] - if (verifyTextPresent("Successful Payment Receipt", true)): null

2021-11-08 13:19:46 - [MESSAGE][PASSED] - Text 'Successful Payment Receipt' is present on page  using regular expression

2021-11-08 13:19:46 - [TEST_STEP][PASSED] - println("Transaction was Successful"): null

2021-11-08 13:19:46 - [TEST_STEP][PASSED] - out.println("Pass Record Number: " + row): null

2021-11-08 13:19:46 - [TEST_STEP][PASSED] - resText = "Pass": null

2021-11-08 13:19:46 - [TEST_STEP][PASSED] - pages.WriteExcel.demoKey(resText, datText, resColumn, datCloumn, fileLoc, nameSheet, row): pages.WriteExcel.demoKey is PASSED

2021-11-08 13:19:46 - [MESSAGE][PASSED] - pages.WriteExcel.demoKey is PASSED

2021-11-08 13:19:46 - [TEST_STEP][PASSED] - ExecuteTC = findTestData(dataFile).getValue("Execute", row): null

2021-11-08 13:19:46 - [TEST_STEP][PASSED] - Taxtype = findTestData(dataFile).getValue("TaxType", row): null

2021-11-08 13:19:46 - [TEST_STEP][PASSED] - TaxTypeEL = findTestData(dataFile).getValue("TaxTypeEL", row): null

2021-11-08 13:19:46 - [TEST_STEP][PASSED] - FilingYear = findTestData(dataFile).getValue("FilingYear", row): null

2021-11-08 13:19:46 - [TEST_STEP][PASSED] - FName = findTestData(dataFile).getValue("Fname", row): null

2021-11-08 13:19:46 - [TEST_STEP][PASSED] - LName = findTestData(dataFile).getValue("Lname", row): null

2021-11-08 13:19:46 - [TEST_STEP][PASSED] - AL1 = findTestData(dataFile).getValue("AL1", row): null

2021-11-08 13:19:46 - [TEST_STEP][PASSED] - City = findTestData(dataFile).getValue("City", row): null

2021-11-08 13:19:46 - [TEST_STEP][PASSED] - ZIP = findTestData(dataFile).getValue("ZIP", row): null

2021-11-08 13:19:46 - [TEST_STEP][PASSED] - Amount = findTestData(dataFile).getValue("Amount", row): null

2021-11-08 13:19:46 - [TEST_STEP][PASSED] - CCNumber = findTestData(dataFile).getValue("CCNumber", row): null

2021-11-08 13:19:46 - [TEST_STEP][PASSED] - CVV = findTestData(dataFile).getValue("CVV", row): null

2021-11-08 13:19:46 - [TEST_STEP][PASSED] - SSN = findTestData(dataFile).getValue("SSN", row): null

2021-11-08 13:19:47 - [TEST_STEP][PASSED] - FEIN = findTestData(dataFile).getValue("FEIN", row): null

2021-11-08 13:19:47 - [TEST_STEP][PASSED] - out.println("Value of Execute is : " + ExecuteTC): null

2021-11-08 13:19:47 - [TEST_STEP][PASSED] - if (ExecuteTC.equalsIgnoreCase("Y")): null

2021-11-08 13:19:47 - [TEST_STEP][PASSED] - out.println("Begin Record Number: " + row): null

2021-11-08 13:19:47 - [TEST_STEP][PASSED] - today = new java.util.Date(): null

2021-11-08 13:19:47 - [TEST_STEP][PASSED] - println(today): null

2021-11-08 13:19:47 - [TEST_STEP][PASSED] - datText = today: null

2021-11-08 13:19:47 - [TEST_STEP][PASSED] - Taxtype = findTestData(dataFile).getValue("TaxType", row): null

2021-11-08 13:19:47 - [TEST_STEP][PASSED] - out.println("Taxtype value is : " + Taxtype): null

2021-11-08 13:19:47 - [TEST_STEP][PASSED] - openBrowser(""): Browser is opened with url: ''

2021-11-08 13:19:47 - [MESSAGE][WARNING] - A browser is already opened. Closing browser and opening a new one

2021-11-08 13:19:48 - [MESSAGE][INFO] - Starting 'Chrome' driver

2021-11-08 13:19:48 - [MESSAGE][INFO] - User set preference: ['acceptInsecureCerts', 'true']

2021-11-08 13:19:48 - [MESSAGE][INFO] - Action delay is set to 0 milliseconds

2021-11-08 13:19:49 - [MESSAGE][PASSED] - Browser is opened with url: ''

2021-11-08 13:19:49 - [TEST_STEP][PASSED] - maximizeWindow(): Current window maximized

2021-11-08 13:19:49 - [MESSAGE][PASSED] - Current window maximized

2021-11-08 13:19:49 - [TEST_STEP][PASSED] - navigateToUrl(RADurl): Navigate to 'https://qa.velocitypayment.com/client/rad/index.html' successfully

2021-11-08 13:19:51 - [MESSAGE][PASSED] - Navigate to 'https://qa.velocitypayment.com/client/rad/index.html' successfully

2021-11-08 13:19:51 - [TEST_STEP][PASSED] - orPath_Landing = "Object Repository/RAD_Pages/Landing_Page": null

2021-11-08 13:19:51 - [TEST_STEP][PASSED] - orPath_TaxTypeFilingYear = "Object Repository/RAD_Pages/TaxTypeFilingYear_Page": null

2021-11-08 13:19:51 - [TEST_STEP][PASSED] - orPath_TaxPayer = "Object Repository/RAD_Pages/Taxpayer_Page": null

2021-11-08 13:19:51 - [TEST_STEP][PASSED] - orPath_AddressContact = "Object Repository/RAD_Pages/AddressAndContactInfo_Page": null

2021-11-08 13:19:51 - [TEST_STEP][PASSED] - orPath_FilingStatus = "Object Repository/RAD_Pages/FilingStatus_Page": null

2021-11-08 13:19:51 - [TEST_STEP][PASSED] - orPath_Amount = "Object Repository/RAD_Pages/PaymentAmount_Page": null

2021-11-08 13:19:51 - [TEST_STEP][PASSED] - orPath_TaxInfo = "Object Repository/RAD_Pages/TaxInfo_Page": null

2021-11-08 13:19:51 - [TEST_STEP][PASSED] - orPath_Withholding = "Object Repository/RAD_Pages/Withholding_Page": null

2021-11-08 13:19:51 - [TEST_STEP][PASSED] - orPath_Summary = "Object Repository/RAD_Pages/Summary_Page": null

2021-11-08 13:19:51 - [TEST_STEP][PASSED] - orPath_PaymentReady = "Object Repository/RAD_Pages/PaymentReady_Page": null

2021-11-08 13:19:51 - [TEST_STEP][PASSED] - orPath_PaymentEntry = "Object Repository/RAD_Pages/PaymentEntry_Page": null

2021-11-08 13:19:51 - [TEST_STEP][PASSED] - orPath_PaymentConfirmation = "Object Repository/RAD_Pages/PaymentConfirmation_Page": null

2021-11-08 13:19:51 - [TEST_STEP][PASSED] - orPath_ServiceFeesAccept = "Object Repository/RAD_Pages/ServiceFeeAccept_Page": null

2021-11-08 13:19:51 - [TEST_STEP][PASSED] - selectOptionByLabel(findTestObject(orPath_Landing + "/dd_TaxType"), Taxtype, false): All options with label 'Existing Liability' are selected in object 'Object Repository/RAD_Pages/Landing_Page/dd_TaxType' 

2021-11-08 13:19:52 - [MESSAGE][PASSED] - All options with label 'Existing Liability' are selected in object 'Object Repository/RAD_Pages/Landing_Page/dd_TaxType' 

2021-11-08 13:19:52 - [TEST_STEP][PASSED] - delay(1): Delayed 1 second(s)

2021-11-08 13:19:53 - [MESSAGE][PASSED] - Delayed 1 second(s)

2021-11-08 13:19:53 - [TEST_STEP][PASSED] - selectOptionByLabel(findTestObject(orPath_TaxTypeFilingYear + "/select_TaxType_ExistingLiability"), TaxTypeEL, false): All options with label 'Withholding Tax' are selected in object 'Object Repository/RAD_Pages/TaxTypeFilingYear_Page/select_TaxType_ExistingLiability' 

2021-11-08 13:19:54 - [MESSAGE][PASSED] - All options with label 'Withholding Tax' are selected in object 'Object Repository/RAD_Pages/TaxTypeFilingYear_Page/select_TaxType_ExistingLiability' 

2021-11-08 13:19:54 - [TEST_STEP][PASSED] - selectOptionByLabel(findTestObject(orPath_TaxTypeFilingYear + "/select_FilingYear"), FilingYear, false): All options with label '2020' are selected in object 'Object Repository/RAD_Pages/TaxTypeFilingYear_Page/select_FilingYear' 

2021-11-08 13:19:54 - [MESSAGE][PASSED] - All options with label '2020' are selected in object 'Object Repository/RAD_Pages/TaxTypeFilingYear_Page/select_FilingYear' 

2021-11-08 13:19:54 - [TEST_STEP][PASSED] - setText(findTestObject(orPath_TaxPayer + "/input_firstName"), FName): Text 'Mark' is set on object 'Object Repository/RAD_Pages/Taxpayer_Page/input_firstName'

2021-11-08 13:19:55 - [MESSAGE][PASSED] - Text 'Mark' is set on object 'Object Repository/RAD_Pages/Taxpayer_Page/input_firstName'

2021-11-08 13:19:55 - [TEST_STEP][PASSED] - setText(findTestObject(orPath_TaxPayer + "/input_lastName"), LName): Text 'Wright' is set on object 'Object Repository/RAD_Pages/Taxpayer_Page/input_lastName'

2021-11-08 13:19:56 - [MESSAGE][PASSED] - Text 'Wright' is set on object 'Object Repository/RAD_Pages/Taxpayer_Page/input_lastName'

2021-11-08 13:19:56 - [TEST_STEP][PASSED] - setText(findTestObject(orPath_TaxPayer + "/input_middleName"), "Johns"): Text 'Johns' is set on object 'Object Repository/RAD_Pages/Taxpayer_Page/input_middleName'

2021-11-08 13:19:57 - [MESSAGE][PASSED] - Text 'Johns' is set on object 'Object Repository/RAD_Pages/Taxpayer_Page/input_middleName'

2021-11-08 13:19:57 - [TEST_STEP][PASSED] - setText(findTestObject(orPath_TaxPayer + "/input_suffix"), "Sr"): Text 'Sr' is set on object 'Object Repository/RAD_Pages/Taxpayer_Page/input_suffix'

2021-11-08 13:19:57 - [MESSAGE][PASSED] - Text 'Sr' is set on object 'Object Repository/RAD_Pages/Taxpayer_Page/input_suffix'

2021-11-08 13:19:57 - [TEST_STEP][PASSED] - selectOptionByLabel(findTestObject(orPath_AddressContact + "/select_Country"), "United States", false): All options with label 'United States' are selected in object 'Object Repository/RAD_Pages/AddressAndContactInfo_Page/select_Country' 

2021-11-08 13:19:58 - [MESSAGE][PASSED] - All options with label 'United States' are selected in object 'Object Repository/RAD_Pages/AddressAndContactInfo_Page/select_Country' 

2021-11-08 13:19:58 - [TEST_STEP][PASSED] - setText(findTestObject(orPath_AddressContact + "/input_streetAddress1"), AL1): Text '36 Hoolan Ave' is set on object 'Object Repository/RAD_Pages/AddressAndContactInfo_Page/input_streetAddress1'

2021-11-08 13:19:58 - [MESSAGE][PASSED] - Text '36 Hoolan Ave' is set on object 'Object Repository/RAD_Pages/AddressAndContactInfo_Page/input_streetAddress1'

2021-11-08 13:19:58 - [TEST_STEP][PASSED] - setText(findTestObject(orPath_AddressContact + "/input_streetAddress2"), ""): Text '' is set on object 'Object Repository/RAD_Pages/AddressAndContactInfo_Page/input_streetAddress2'

2021-11-08 13:19:59 - [MESSAGE][PASSED] - Text '' is set on object 'Object Repository/RAD_Pages/AddressAndContactInfo_Page/input_streetAddress2'

2021-11-08 13:19:59 - [TEST_STEP][PASSED] - setText(findTestObject(orPath_AddressContact + "/input_city"), City): Text 'Huntsville' is set on object 'Object Repository/RAD_Pages/AddressAndContactInfo_Page/input_city'

2021-11-08 13:20:00 - [MESSAGE][PASSED] - Text 'Huntsville' is set on object 'Object Repository/RAD_Pages/AddressAndContactInfo_Page/input_city'

2021-11-08 13:20:00 - [TEST_STEP][PASSED] - selectOptionByLabel(findTestObject(orPath_AddressContact + "/select_State"), "Maryland", false): All options with label 'Maryland' are selected in object 'Object Repository/RAD_Pages/AddressAndContactInfo_Page/select_State' 

2021-11-08 13:20:00 - [MESSAGE][PASSED] - All options with label 'Maryland' are selected in object 'Object Repository/RAD_Pages/AddressAndContactInfo_Page/select_State' 

2021-11-08 13:20:00 - [TEST_STEP][PASSED] - setText(findTestObject(orPath_AddressContact + "/input_zipCode"), ZIP): Text '21093' is set on object 'Object Repository/RAD_Pages/AddressAndContactInfo_Page/input_zipCode'

2021-11-08 13:20:01 - [MESSAGE][PASSED] - Text '21093' is set on object 'Object Repository/RAD_Pages/AddressAndContactInfo_Page/input_zipCode'

2021-11-08 13:20:01 - [TEST_STEP][PASSED] - setText(findTestObject(orPath_AddressContact + "/input_phoneNumber"), "(703) 894-5000"): Text '(703) 894-5000' is set on object 'Object Repository/RAD_Pages/AddressAndContactInfo_Page/input_phoneNumber'

2021-11-08 13:20:02 - [MESSAGE][PASSED] - Text '(703) 894-5000' is set on object 'Object Repository/RAD_Pages/AddressAndContactInfo_Page/input_phoneNumber'

2021-11-08 13:20:02 - [TEST_STEP][PASSED] - setText(findTestObject(orPath_AddressContact + "/input_eMailAddress"), "iahmed@govolution.com"): Text 'iahmed@govolution.com' is set on object 'Object Repository/RAD_Pages/AddressAndContactInfo_Page/input_eMailAddress'

2021-11-08 13:20:02 - [MESSAGE][PASSED] - Text 'iahmed@govolution.com' is set on object 'Object Repository/RAD_Pages/AddressAndContactInfo_Page/input_eMailAddress'

2021-11-08 13:20:02 - [TEST_STEP][PASSED] - setText(findTestObject(orPath_AddressContact + "/input_reEnterEMailAddress"), "iahmed@govolution.com"): Text 'iahmed@govolution.com' is set on object 'Object Repository/RAD_Pages/AddressAndContactInfo_Page/input_reEnterEMailAddress'

2021-11-08 13:20:03 - [MESSAGE][PASSED] - Text 'iahmed@govolution.com' is set on object 'Object Repository/RAD_Pages/AddressAndContactInfo_Page/input_reEnterEMailAddress'

2021-11-08 13:20:03 - [TEST_STEP][PASSED] - if (!(SSN.isEmpty())): Text '123457754' is set on object 'Object Repository/RAD_Pages/TaxInfo_Page/input_TaxInfo_reTaxTypeExisitingSSN'

2021-11-08 13:20:03 - [TEST_STEP][PASSED] - setText(findTestObject(orPath_TaxInfo + "/input_TaxInfo_ExisitingSSN"), SSN): Text '123457754' is set on object 'Object Repository/RAD_Pages/TaxInfo_Page/input_TaxInfo_ExisitingSSN'

2021-11-08 13:20:04 - [MESSAGE][PASSED] - Text '123457754' is set on object 'Object Repository/RAD_Pages/TaxInfo_Page/input_TaxInfo_ExisitingSSN'

2021-11-08 13:20:04 - [TEST_STEP][PASSED] - setText(findTestObject(orPath_TaxInfo + "/input_TaxInfo_reTaxTypeExisitingSSN"), SSN): Text '123457754' is set on object 'Object Repository/RAD_Pages/TaxInfo_Page/input_TaxInfo_reTaxTypeExisitingSSN'

2021-11-08 13:20:04 - [MESSAGE][PASSED] - Text '123457754' is set on object 'Object Repository/RAD_Pages/TaxInfo_Page/input_TaxInfo_reTaxTypeExisitingSSN'

2021-11-08 13:20:04 - [TEST_STEP][PASSED] - scrollToElement(findTestObject(orPath_Amount + "/input__paymentAmount"), 3): Scroll to object 'Object Repository/RAD_Pages/PaymentAmount_Page/input__paymentAmount' successfully

2021-11-08 13:20:05 - [MESSAGE][PASSED] - Scroll to object 'Object Repository/RAD_Pages/PaymentAmount_Page/input__paymentAmount' successfully

2021-11-08 13:20:05 - [TEST_STEP][PASSED] - if (!(FEIN.isEmpty())): null

2021-11-08 13:20:05 - [TEST_STEP][PASSED] - delay(1): Delayed 1 second(s)

2021-11-08 13:20:06 - [MESSAGE][PASSED] - Delayed 1 second(s)

2021-11-08 13:20:06 - [TEST_STEP][PASSED] - setText(findTestObject(orPath_TaxInfo + "/input_NoticeInvoiceNumber"), "258147147"): Text '258147147' is set on object 'Object Repository/RAD_Pages/TaxInfo_Page/input_NoticeInvoiceNumber'

2021-11-08 13:20:07 - [MESSAGE][PASSED] - Text '258147147' is set on object 'Object Repository/RAD_Pages/TaxInfo_Page/input_NoticeInvoiceNumber'

2021-11-08 13:20:07 - [TEST_STEP][PASSED] - setText(findTestObject(orPath_TaxInfo + "/input_reTypeNoticeInvoiceNumber"), "258147147"): Text '258147147' is set on object 'Object Repository/RAD_Pages/TaxInfo_Page/input_reTypeNoticeInvoiceNumber'

2021-11-08 13:20:07 - [MESSAGE][PASSED] - Text '258147147' is set on object 'Object Repository/RAD_Pages/TaxInfo_Page/input_reTypeNoticeInvoiceNumber'

2021-11-08 13:20:07 - [TEST_STEP][PASSED] - if (TaxTypeEL.equalsIgnoreCase("Sales & Use Tax")): null

2021-11-08 13:20:07 - [TEST_STEP][PASSED] - setText(findTestObject(orPath_Amount + "/input__paymentAmount"), Amount): Text '70.50' is set on object 'Object Repository/RAD_Pages/PaymentAmount_Page/input__paymentAmount'

2021-11-08 13:20:08 - [MESSAGE][PASSED] - Text '70.50' is set on object 'Object Repository/RAD_Pages/PaymentAmount_Page/input__paymentAmount'

2021-11-08 13:20:08 - [TEST_STEP][PASSED] - scrollToElement(findTestObject(orPath_Landing + "/button_Continue"), 3): Scroll to object 'Object Repository/RAD_Pages/Landing_Page/button_Continue' successfully

2021-11-08 13:20:08 - [MESSAGE][PASSED] - Scroll to object 'Object Repository/RAD_Pages/Landing_Page/button_Continue' successfully

2021-11-08 13:20:08 - [TEST_STEP][PASSED] - waitForElementClickable(findTestObject(orPath_Landing + "/button_Continue"), 5): Object 'Object Repository/RAD_Pages/Landing_Page/button_Continue' is clickable

2021-11-08 13:20:09 - [MESSAGE][PASSED] - Object 'Object Repository/RAD_Pages/Landing_Page/button_Continue' is clickable

2021-11-08 13:20:09 - [TEST_STEP][PASSED] - click(findTestObject(orPath_Landing + "/button_Continue")): Object: 'Object Repository/RAD_Pages/Landing_Page/button_Continue' is clicked on

2021-11-08 13:20:09 - [MESSAGE][PASSED] - Object: 'Object Repository/RAD_Pages/Landing_Page/button_Continue' is clicked on

2021-11-08 13:20:09 - [TEST_STEP][PASSED] - verifyTextPresent("Review the information below and make any necessary corrections by clicking the", true): Text 'Review the information below and make any necessary corrections by clicking the' is present on page  using regular expression

2021-11-08 13:20:10 - [MESSAGE][PASSED] - Text 'Review the information below and make any necessary corrections by clicking the' is present on page  using regular expression

2021-11-08 13:20:10 - [TEST_STEP][PASSED] - verifyTextPresent("When you are confident that all the information is correct", true): Text 'When you are confident that all the information is correct' is present on page  using regular expression

2021-11-08 13:20:10 - [MESSAGE][PASSED] - Text 'When you are confident that all the information is correct' is present on page  using regular expression

2021-11-08 13:20:10 - [TEST_STEP][PASSED] - delay(1): Delayed 1 second(s)

2021-11-08 13:20:11 - [MESSAGE][PASSED] - Delayed 1 second(s)

2021-11-08 13:20:11 - [TEST_STEP][PASSED] - click(findTestObject(orPath_PaymentReady + "/button_ProceedtoPayment")): Object: 'Object Repository/RAD_Pages/PaymentReady_Page/button_ProceedtoPayment' is clicked on

2021-11-08 13:20:13 - [MESSAGE][PASSED] - Object: 'Object Repository/RAD_Pages/PaymentReady_Page/button_ProceedtoPayment' is clicked on

2021-11-08 13:20:13 - [TEST_STEP][PASSED] - setText(findTestObject(orPath_PaymentEntry + "/input__cardNumber"), CCNumber): Text '5146312200000035' is set on object 'Object Repository/RAD_Pages/PaymentEntry_Page/input__cardNumber'

2021-11-08 13:20:14 - [MESSAGE][PASSED] - Text '5146312200000035' is set on object 'Object Repository/RAD_Pages/PaymentEntry_Page/input__cardNumber'

2021-11-08 13:20:14 - [TEST_STEP][PASSED] - setText(findTestObject(orPath_PaymentEntry + "/input__spc"), CVV): Text '123' is set on object 'Object Repository/RAD_Pages/PaymentEntry_Page/input__spc'

2021-11-08 13:20:15 - [MESSAGE][PASSED] - Text '123' is set on object 'Object Repository/RAD_Pages/PaymentEntry_Page/input__spc'

2021-11-08 13:20:15 - [TEST_STEP][PASSED] - selectOptionByLabel(findTestObject(orPath_PaymentEntry + "/select_MM"), "12", false): All options with label '12' are selected in object 'Object Repository/RAD_Pages/PaymentEntry_Page/select_MM' 

2021-11-08 13:20:15 - [MESSAGE][PASSED] - All options with label '12' are selected in object 'Object Repository/RAD_Pages/PaymentEntry_Page/select_MM' 

2021-11-08 13:20:15 - [TEST_STEP][PASSED] - selectOptionByLabel(findTestObject(orPath_PaymentEntry + "/select_YYYY"), "2023", false): All options with label '2023' are selected in object 'Object Repository/RAD_Pages/PaymentEntry_Page/select_YYYY' 

2021-11-08 13:20:16 - [MESSAGE][PASSED] - All options with label '2023' are selected in object 'Object Repository/RAD_Pages/PaymentEntry_Page/select_YYYY' 

2021-11-08 13:20:16 - [TEST_STEP][PASSED] - click(findTestObject(orPath_PaymentEntry + "/input_Field_ccSubmit")): Object: 'Object Repository/RAD_Pages/PaymentEntry_Page/input_Field_ccSubmit' is clicked on

2021-11-08 13:20:17 - [MESSAGE][PASSED] - Object: 'Object Repository/RAD_Pages/PaymentEntry_Page/input_Field_ccSubmit' is clicked on

2021-11-08 13:20:17 - [TEST_STEP][PASSED] - click(findTestObject(orPath_PaymentConfirmation + "/input_N_confirmNotifyAction")): Object: 'Object Repository/RAD_Pages/PaymentConfirmation_Page/input_N_confirmNotifyAction' is clicked on

2021-11-08 13:20:18 - [MESSAGE][PASSED] - Object: 'Object Repository/RAD_Pages/PaymentConfirmation_Page/input_N_confirmNotifyAction' is clicked on

2021-11-08 13:20:18 - [TEST_STEP][PASSED] - click(findTestObject(orPath_ServiceFeesAccept + "/input_convFeeNotifyAction")): Object: 'Object Repository/RAD_Pages/ServiceFeeAccept_Page/input_convFeeNotifyAction' is clicked on

2021-11-08 13:20:20 - [MESSAGE][PASSED] - Object: 'Object Repository/RAD_Pages/ServiceFeeAccept_Page/input_convFeeNotifyAction' is clicked on

2021-11-08 13:20:20 - [TEST_STEP][PASSED] - delay(10): Delayed 10 second(s)

2021-11-08 13:20:30 - [MESSAGE][PASSED] - Delayed 10 second(s)

2021-11-08 13:20:30 - [TEST_STEP][PASSED] - verifyTextPresent("Successful Payment Receipt", true): Text 'Successful Payment Receipt' is present on page  using regular expression

2021-11-08 13:20:30 - [MESSAGE][PASSED] - Text 'Successful Payment Receipt' is present on page  using regular expression

2021-11-08 13:20:30 - [TEST_STEP][PASSED] - if (verifyTextPresent("Successful Payment Receipt", true)): null

2021-11-08 13:20:30 - [MESSAGE][PASSED] - Text 'Successful Payment Receipt' is present on page  using regular expression

2021-11-08 13:20:30 - [TEST_STEP][PASSED] - println("Transaction was Successful"): null

2021-11-08 13:20:30 - [TEST_STEP][PASSED] - out.println("Pass Record Number: " + row): null

2021-11-08 13:20:30 - [TEST_STEP][PASSED] - resText = "Pass": null

2021-11-08 13:20:30 - [TEST_STEP][PASSED] - pages.WriteExcel.demoKey(resText, datText, resColumn, datCloumn, fileLoc, nameSheet, row): pages.WriteExcel.demoKey is PASSED

2021-11-08 13:20:30 - [MESSAGE][PASSED] - pages.WriteExcel.demoKey is PASSED

2021-11-08 13:20:30 - [TEST_STEP][PASSED] - ExecuteTC = findTestData(dataFile).getValue("Execute", row): null

2021-11-08 13:20:31 - [TEST_STEP][PASSED] - Taxtype = findTestData(dataFile).getValue("TaxType", row): null

2021-11-08 13:20:31 - [TEST_STEP][PASSED] - TaxTypeEL = findTestData(dataFile).getValue("TaxTypeEL", row): null

2021-11-08 13:20:31 - [TEST_STEP][PASSED] - FilingYear = findTestData(dataFile).getValue("FilingYear", row): null

2021-11-08 13:20:31 - [TEST_STEP][PASSED] - FName = findTestData(dataFile).getValue("Fname", row): null

2021-11-08 13:20:31 - [TEST_STEP][PASSED] - LName = findTestData(dataFile).getValue("Lname", row): null

2021-11-08 13:20:31 - [TEST_STEP][PASSED] - AL1 = findTestData(dataFile).getValue("AL1", row): null

2021-11-08 13:20:31 - [TEST_STEP][PASSED] - City = findTestData(dataFile).getValue("City", row): null

2021-11-08 13:20:31 - [TEST_STEP][PASSED] - ZIP = findTestData(dataFile).getValue("ZIP", row): null

2021-11-08 13:20:31 - [TEST_STEP][PASSED] - Amount = findTestData(dataFile).getValue("Amount", row): null

2021-11-08 13:20:31 - [TEST_STEP][PASSED] - CCNumber = findTestData(dataFile).getValue("CCNumber", row): null

2021-11-08 13:20:31 - [TEST_STEP][PASSED] - CVV = findTestData(dataFile).getValue("CVV", row): null

2021-11-08 13:20:31 - [TEST_STEP][PASSED] - SSN = findTestData(dataFile).getValue("SSN", row): null

2021-11-08 13:20:31 - [TEST_STEP][PASSED] - FEIN = findTestData(dataFile).getValue("FEIN", row): null

2021-11-08 13:20:31 - [TEST_STEP][PASSED] - out.println("Value of Execute is : " + ExecuteTC): null

2021-11-08 13:20:31 - [TEST_STEP][PASSED] - if (ExecuteTC.equalsIgnoreCase("Y")): null

2021-11-08 13:20:31 - [TEST_STEP][PASSED] - out.println("Begin Record Number: " + row): null

2021-11-08 13:20:31 - [TEST_STEP][PASSED] - today = new java.util.Date(): null

2021-11-08 13:20:31 - [TEST_STEP][PASSED] - println(today): null

2021-11-08 13:20:31 - [TEST_STEP][PASSED] - datText = today: null

2021-11-08 13:20:31 - [TEST_STEP][PASSED] - Taxtype = findTestData(dataFile).getValue("TaxType", row): null

2021-11-08 13:20:31 - [TEST_STEP][PASSED] - out.println("Taxtype value is : " + Taxtype): null

2021-11-08 13:20:31 - [TEST_STEP][PASSED] - openBrowser(""): Browser is opened with url: ''

2021-11-08 13:20:31 - [MESSAGE][WARNING] - A browser is already opened. Closing browser and opening a new one

2021-11-08 13:20:32 - [MESSAGE][INFO] - Starting 'Chrome' driver

2021-11-08 13:20:32 - [MESSAGE][INFO] - User set preference: ['acceptInsecureCerts', 'true']

2021-11-08 13:20:32 - [MESSAGE][INFO] - Action delay is set to 0 milliseconds

2021-11-08 13:20:33 - [MESSAGE][PASSED] - Browser is opened with url: ''

2021-11-08 13:20:33 - [TEST_STEP][PASSED] - maximizeWindow(): Current window maximized

2021-11-08 13:20:33 - [MESSAGE][PASSED] - Current window maximized

2021-11-08 13:20:33 - [TEST_STEP][PASSED] - navigateToUrl(RADurl): Navigate to 'https://qa.velocitypayment.com/client/rad/index.html' successfully

2021-11-08 13:20:35 - [MESSAGE][PASSED] - Navigate to 'https://qa.velocitypayment.com/client/rad/index.html' successfully

2021-11-08 13:20:35 - [TEST_STEP][PASSED] - orPath_Landing = "Object Repository/RAD_Pages/Landing_Page": null

2021-11-08 13:20:35 - [TEST_STEP][PASSED] - orPath_TaxTypeFilingYear = "Object Repository/RAD_Pages/TaxTypeFilingYear_Page": null

2021-11-08 13:20:35 - [TEST_STEP][PASSED] - orPath_TaxPayer = "Object Repository/RAD_Pages/Taxpayer_Page": null

2021-11-08 13:20:35 - [TEST_STEP][PASSED] - orPath_AddressContact = "Object Repository/RAD_Pages/AddressAndContactInfo_Page": null

2021-11-08 13:20:35 - [TEST_STEP][PASSED] - orPath_FilingStatus = "Object Repository/RAD_Pages/FilingStatus_Page": null

2021-11-08 13:20:35 - [TEST_STEP][PASSED] - orPath_Amount = "Object Repository/RAD_Pages/PaymentAmount_Page": null

2021-11-08 13:20:35 - [TEST_STEP][PASSED] - orPath_TaxInfo = "Object Repository/RAD_Pages/TaxInfo_Page": null

2021-11-08 13:20:35 - [TEST_STEP][PASSED] - orPath_Withholding = "Object Repository/RAD_Pages/Withholding_Page": null

2021-11-08 13:20:35 - [TEST_STEP][PASSED] - orPath_Summary = "Object Repository/RAD_Pages/Summary_Page": null

2021-11-08 13:20:35 - [TEST_STEP][PASSED] - orPath_PaymentReady = "Object Repository/RAD_Pages/PaymentReady_Page": null

2021-11-08 13:20:35 - [TEST_STEP][PASSED] - orPath_PaymentEntry = "Object Repository/RAD_Pages/PaymentEntry_Page": null

2021-11-08 13:20:35 - [TEST_STEP][PASSED] - orPath_PaymentConfirmation = "Object Repository/RAD_Pages/PaymentConfirmation_Page": null

2021-11-08 13:20:35 - [TEST_STEP][PASSED] - orPath_ServiceFeesAccept = "Object Repository/RAD_Pages/ServiceFeeAccept_Page": null

2021-11-08 13:20:35 - [TEST_STEP][PASSED] - selectOptionByLabel(findTestObject(orPath_Landing + "/dd_TaxType"), Taxtype, false): All options with label 'Existing Liability' are selected in object 'Object Repository/RAD_Pages/Landing_Page/dd_TaxType' 

2021-11-08 13:20:36 - [MESSAGE][PASSED] - All options with label 'Existing Liability' are selected in object 'Object Repository/RAD_Pages/Landing_Page/dd_TaxType' 

2021-11-08 13:20:36 - [TEST_STEP][PASSED] - delay(1): Delayed 1 second(s)

2021-11-08 13:20:37 - [MESSAGE][PASSED] - Delayed 1 second(s)

2021-11-08 13:20:37 - [TEST_STEP][PASSED] - selectOptionByLabel(findTestObject(orPath_TaxTypeFilingYear + "/select_TaxType_ExistingLiability"), TaxTypeEL, false): All options with label 'Withholding Tax' are selected in object 'Object Repository/RAD_Pages/TaxTypeFilingYear_Page/select_TaxType_ExistingLiability' 

2021-11-08 13:20:38 - [MESSAGE][PASSED] - All options with label 'Withholding Tax' are selected in object 'Object Repository/RAD_Pages/TaxTypeFilingYear_Page/select_TaxType_ExistingLiability' 

2021-11-08 13:20:38 - [TEST_STEP][PASSED] - selectOptionByLabel(findTestObject(orPath_TaxTypeFilingYear + "/select_FilingYear"), FilingYear, false): All options with label '2020' are selected in object 'Object Repository/RAD_Pages/TaxTypeFilingYear_Page/select_FilingYear' 

2021-11-08 13:20:38 - [MESSAGE][PASSED] - All options with label '2020' are selected in object 'Object Repository/RAD_Pages/TaxTypeFilingYear_Page/select_FilingYear' 

2021-11-08 13:20:38 - [TEST_STEP][PASSED] - setText(findTestObject(orPath_TaxPayer + "/input_firstName"), FName): Text 'Mark' is set on object 'Object Repository/RAD_Pages/Taxpayer_Page/input_firstName'

2021-11-08 13:20:39 - [MESSAGE][PASSED] - Text 'Mark' is set on object 'Object Repository/RAD_Pages/Taxpayer_Page/input_firstName'

2021-11-08 13:20:39 - [TEST_STEP][PASSED] - setText(findTestObject(orPath_TaxPayer + "/input_lastName"), LName): Text 'Wright' is set on object 'Object Repository/RAD_Pages/Taxpayer_Page/input_lastName'

2021-11-08 13:20:40 - [MESSAGE][PASSED] - Text 'Wright' is set on object 'Object Repository/RAD_Pages/Taxpayer_Page/input_lastName'

2021-11-08 13:20:40 - [TEST_STEP][PASSED] - setText(findTestObject(orPath_TaxPayer + "/input_middleName"), "Johns"): Text 'Johns' is set on object 'Object Repository/RAD_Pages/Taxpayer_Page/input_middleName'

2021-11-08 13:20:40 - [MESSAGE][PASSED] - Text 'Johns' is set on object 'Object Repository/RAD_Pages/Taxpayer_Page/input_middleName'

2021-11-08 13:20:40 - [TEST_STEP][PASSED] - setText(findTestObject(orPath_TaxPayer + "/input_suffix"), "Sr"): Text 'Sr' is set on object 'Object Repository/RAD_Pages/Taxpayer_Page/input_suffix'

2021-11-08 13:20:41 - [MESSAGE][PASSED] - Text 'Sr' is set on object 'Object Repository/RAD_Pages/Taxpayer_Page/input_suffix'

2021-11-08 13:20:41 - [TEST_STEP][PASSED] - selectOptionByLabel(findTestObject(orPath_AddressContact + "/select_Country"), "United States", false): All options with label 'United States' are selected in object 'Object Repository/RAD_Pages/AddressAndContactInfo_Page/select_Country' 

2021-11-08 13:20:42 - [MESSAGE][PASSED] - All options with label 'United States' are selected in object 'Object Repository/RAD_Pages/AddressAndContactInfo_Page/select_Country' 

2021-11-08 13:20:42 - [TEST_STEP][PASSED] - setText(findTestObject(orPath_AddressContact + "/input_streetAddress1"), AL1): Text '36 Hoolan Ave' is set on object 'Object Repository/RAD_Pages/AddressAndContactInfo_Page/input_streetAddress1'

2021-11-08 13:20:42 - [MESSAGE][PASSED] - Text '36 Hoolan Ave' is set on object 'Object Repository/RAD_Pages/AddressAndContactInfo_Page/input_streetAddress1'

2021-11-08 13:20:42 - [TEST_STEP][PASSED] - setText(findTestObject(orPath_AddressContact + "/input_streetAddress2"), ""): Text '' is set on object 'Object Repository/RAD_Pages/AddressAndContactInfo_Page/input_streetAddress2'

2021-11-08 13:20:43 - [MESSAGE][PASSED] - Text '' is set on object 'Object Repository/RAD_Pages/AddressAndContactInfo_Page/input_streetAddress2'

2021-11-08 13:20:43 - [TEST_STEP][PASSED] - setText(findTestObject(orPath_AddressContact + "/input_city"), City): Text 'Huntsville' is set on object 'Object Repository/RAD_Pages/AddressAndContactInfo_Page/input_city'

2021-11-08 13:20:44 - [MESSAGE][PASSED] - Text 'Huntsville' is set on object 'Object Repository/RAD_Pages/AddressAndContactInfo_Page/input_city'

2021-11-08 13:20:44 - [TEST_STEP][PASSED] - selectOptionByLabel(findTestObject(orPath_AddressContact + "/select_State"), "Maryland", false): All options with label 'Maryland' are selected in object 'Object Repository/RAD_Pages/AddressAndContactInfo_Page/select_State' 

2021-11-08 13:20:44 - [MESSAGE][PASSED] - All options with label 'Maryland' are selected in object 'Object Repository/RAD_Pages/AddressAndContactInfo_Page/select_State' 

2021-11-08 13:20:44 - [TEST_STEP][PASSED] - setText(findTestObject(orPath_AddressContact + "/input_zipCode"), ZIP): Text '21093' is set on object 'Object Repository/RAD_Pages/AddressAndContactInfo_Page/input_zipCode'

2021-11-08 13:20:45 - [MESSAGE][PASSED] - Text '21093' is set on object 'Object Repository/RAD_Pages/AddressAndContactInfo_Page/input_zipCode'

2021-11-08 13:20:45 - [TEST_STEP][PASSED] - setText(findTestObject(orPath_AddressContact + "/input_phoneNumber"), "(703) 894-5000"): Text '(703) 894-5000' is set on object 'Object Repository/RAD_Pages/AddressAndContactInfo_Page/input_phoneNumber'

2021-11-08 13:20:46 - [MESSAGE][PASSED] - Text '(703) 894-5000' is set on object 'Object Repository/RAD_Pages/AddressAndContactInfo_Page/input_phoneNumber'

2021-11-08 13:20:46 - [TEST_STEP][PASSED] - setText(findTestObject(orPath_AddressContact + "/input_eMailAddress"), "iahmed@govolution.com"): Text 'iahmed@govolution.com' is set on object 'Object Repository/RAD_Pages/AddressAndContactInfo_Page/input_eMailAddress'

2021-11-08 13:20:46 - [MESSAGE][PASSED] - Text 'iahmed@govolution.com' is set on object 'Object Repository/RAD_Pages/AddressAndContactInfo_Page/input_eMailAddress'

2021-11-08 13:20:46 - [TEST_STEP][PASSED] - setText(findTestObject(orPath_AddressContact + "/input_reEnterEMailAddress"), "iahmed@govolution.com"): Text 'iahmed@govolution.com' is set on object 'Object Repository/RAD_Pages/AddressAndContactInfo_Page/input_reEnterEMailAddress'

2021-11-08 13:20:47 - [MESSAGE][PASSED] - Text 'iahmed@govolution.com' is set on object 'Object Repository/RAD_Pages/AddressAndContactInfo_Page/input_reEnterEMailAddress'

2021-11-08 13:20:47 - [TEST_STEP][PASSED] - if (!(SSN.isEmpty())): null

2021-11-08 13:20:47 - [TEST_STEP][PASSED] - scrollToElement(findTestObject(orPath_Amount + "/input__paymentAmount"), 3): Scroll to object 'Object Repository/RAD_Pages/PaymentAmount_Page/input__paymentAmount' successfully

2021-11-08 13:20:47 - [MESSAGE][PASSED] - Scroll to object 'Object Repository/RAD_Pages/PaymentAmount_Page/input__paymentAmount' successfully

2021-11-08 13:20:47 - [TEST_STEP][PASSED] - if (!(FEIN.isEmpty())): Text '258369266' is set on object 'Object Repository/RAD_Pages/TaxInfo_Page/input_ReTypeFEIN'

2021-11-08 13:20:47 - [TEST_STEP][PASSED] - setText(findTestObject(orPath_TaxInfo + "/input_FEIN"), FEIN): Text '258369266' is set on object 'Object Repository/RAD_Pages/TaxInfo_Page/input_FEIN'

2021-11-08 13:20:48 - [MESSAGE][PASSED] - Text '258369266' is set on object 'Object Repository/RAD_Pages/TaxInfo_Page/input_FEIN'

2021-11-08 13:20:48 - [TEST_STEP][PASSED] - setText(findTestObject(orPath_TaxInfo + "/input_ReTypeFEIN"), FEIN): Text '258369266' is set on object 'Object Repository/RAD_Pages/TaxInfo_Page/input_ReTypeFEIN'

2021-11-08 13:20:49 - [MESSAGE][PASSED] - Text '258369266' is set on object 'Object Repository/RAD_Pages/TaxInfo_Page/input_ReTypeFEIN'

2021-11-08 13:20:49 - [TEST_STEP][PASSED] - delay(1): Delayed 1 second(s)

2021-11-08 13:20:50 - [MESSAGE][PASSED] - Delayed 1 second(s)

2021-11-08 13:20:50 - [TEST_STEP][PASSED] - setText(findTestObject(orPath_TaxInfo + "/input_NoticeInvoiceNumber"), "258147147"): Text '258147147' is set on object 'Object Repository/RAD_Pages/TaxInfo_Page/input_NoticeInvoiceNumber'

2021-11-08 13:20:50 - [MESSAGE][PASSED] - Text '258147147' is set on object 'Object Repository/RAD_Pages/TaxInfo_Page/input_NoticeInvoiceNumber'

2021-11-08 13:20:50 - [TEST_STEP][PASSED] - setText(findTestObject(orPath_TaxInfo + "/input_reTypeNoticeInvoiceNumber"), "258147147"): Text '258147147' is set on object 'Object Repository/RAD_Pages/TaxInfo_Page/input_reTypeNoticeInvoiceNumber'

2021-11-08 13:20:51 - [MESSAGE][PASSED] - Text '258147147' is set on object 'Object Repository/RAD_Pages/TaxInfo_Page/input_reTypeNoticeInvoiceNumber'

2021-11-08 13:20:51 - [TEST_STEP][PASSED] - if (TaxTypeEL.equalsIgnoreCase("Sales & Use Tax")): null

2021-11-08 13:20:51 - [TEST_STEP][PASSED] - setText(findTestObject(orPath_Amount + "/input__paymentAmount"), Amount): Text '70.50' is set on object 'Object Repository/RAD_Pages/PaymentAmount_Page/input__paymentAmount'

2021-11-08 13:20:52 - [MESSAGE][PASSED] - Text '70.50' is set on object 'Object Repository/RAD_Pages/PaymentAmount_Page/input__paymentAmount'

2021-11-08 13:20:52 - [TEST_STEP][PASSED] - scrollToElement(findTestObject(orPath_Landing + "/button_Continue"), 3): Scroll to object 'Object Repository/RAD_Pages/Landing_Page/button_Continue' successfully

2021-11-08 13:20:52 - [MESSAGE][PASSED] - Scroll to object 'Object Repository/RAD_Pages/Landing_Page/button_Continue' successfully

2021-11-08 13:20:52 - [TEST_STEP][PASSED] - waitForElementClickable(findTestObject(orPath_Landing + "/button_Continue"), 5): Object 'Object Repository/RAD_Pages/Landing_Page/button_Continue' is clickable

2021-11-08 13:20:53 - [MESSAGE][PASSED] - Object 'Object Repository/RAD_Pages/Landing_Page/button_Continue' is clickable

2021-11-08 13:20:53 - [TEST_STEP][PASSED] - click(findTestObject(orPath_Landing + "/button_Continue")): Object: 'Object Repository/RAD_Pages/Landing_Page/button_Continue' is clicked on

2021-11-08 13:20:53 - [MESSAGE][PASSED] - Object: 'Object Repository/RAD_Pages/Landing_Page/button_Continue' is clicked on

2021-11-08 13:20:53 - [TEST_STEP][PASSED] - verifyTextPresent("Review the information below and make any necessary corrections by clicking the", true): Text 'Review the information below and make any necessary corrections by clicking the' is present on page  using regular expression

2021-11-08 13:20:54 - [MESSAGE][PASSED] - Text 'Review the information below and make any necessary corrections by clicking the' is present on page  using regular expression

2021-11-08 13:20:54 - [TEST_STEP][PASSED] - verifyTextPresent("When you are confident that all the information is correct", true): Text 'When you are confident that all the information is correct' is present on page  using regular expression

2021-11-08 13:20:54 - [MESSAGE][PASSED] - Text 'When you are confident that all the information is correct' is present on page  using regular expression

2021-11-08 13:20:54 - [TEST_STEP][PASSED] - delay(1): Delayed 1 second(s)

2021-11-08 13:20:55 - [MESSAGE][PASSED] - Delayed 1 second(s)

2021-11-08 13:20:55 - [TEST_STEP][PASSED] - click(findTestObject(orPath_PaymentReady + "/button_ProceedtoPayment")): Object: 'Object Repository/RAD_Pages/PaymentReady_Page/button_ProceedtoPayment' is clicked on

2021-11-08 13:20:57 - [MESSAGE][PASSED] - Object: 'Object Repository/RAD_Pages/PaymentReady_Page/button_ProceedtoPayment' is clicked on

2021-11-08 13:20:57 - [TEST_STEP][PASSED] - setText(findTestObject(orPath_PaymentEntry + "/input__cardNumber"), CCNumber): Text '5146312200000035' is set on object 'Object Repository/RAD_Pages/PaymentEntry_Page/input__cardNumber'

2021-11-08 13:20:58 - [MESSAGE][PASSED] - Text '5146312200000035' is set on object 'Object Repository/RAD_Pages/PaymentEntry_Page/input__cardNumber'

2021-11-08 13:20:58 - [TEST_STEP][PASSED] - setText(findTestObject(orPath_PaymentEntry + "/input__spc"), CVV): Text '123' is set on object 'Object Repository/RAD_Pages/PaymentEntry_Page/input__spc'

2021-11-08 13:20:59 - [MESSAGE][PASSED] - Text '123' is set on object 'Object Repository/RAD_Pages/PaymentEntry_Page/input__spc'

2021-11-08 13:20:59 - [TEST_STEP][PASSED] - selectOptionByLabel(findTestObject(orPath_PaymentEntry + "/select_MM"), "12", false): All options with label '12' are selected in object 'Object Repository/RAD_Pages/PaymentEntry_Page/select_MM' 

2021-11-08 13:20:59 - [MESSAGE][PASSED] - All options with label '12' are selected in object 'Object Repository/RAD_Pages/PaymentEntry_Page/select_MM' 

2021-11-08 13:20:59 - [TEST_STEP][PASSED] - selectOptionByLabel(findTestObject(orPath_PaymentEntry + "/select_YYYY"), "2023", false): All options with label '2023' are selected in object 'Object Repository/RAD_Pages/PaymentEntry_Page/select_YYYY' 

2021-11-08 13:21:00 - [MESSAGE][PASSED] - All options with label '2023' are selected in object 'Object Repository/RAD_Pages/PaymentEntry_Page/select_YYYY' 

2021-11-08 13:21:00 - [TEST_STEP][PASSED] - click(findTestObject(orPath_PaymentEntry + "/input_Field_ccSubmit")): Object: 'Object Repository/RAD_Pages/PaymentEntry_Page/input_Field_ccSubmit' is clicked on

2021-11-08 13:21:01 - [MESSAGE][PASSED] - Object: 'Object Repository/RAD_Pages/PaymentEntry_Page/input_Field_ccSubmit' is clicked on

2021-11-08 13:21:01 - [TEST_STEP][PASSED] - click(findTestObject(orPath_PaymentConfirmation + "/input_N_confirmNotifyAction")): Object: 'Object Repository/RAD_Pages/PaymentConfirmation_Page/input_N_confirmNotifyAction' is clicked on

2021-11-08 13:21:02 - [MESSAGE][PASSED] - Object: 'Object Repository/RAD_Pages/PaymentConfirmation_Page/input_N_confirmNotifyAction' is clicked on

2021-11-08 13:21:02 - [TEST_STEP][PASSED] - click(findTestObject(orPath_ServiceFeesAccept + "/input_convFeeNotifyAction")): Object: 'Object Repository/RAD_Pages/ServiceFeeAccept_Page/input_convFeeNotifyAction' is clicked on

2021-11-08 13:21:04 - [MESSAGE][PASSED] - Object: 'Object Repository/RAD_Pages/ServiceFeeAccept_Page/input_convFeeNotifyAction' is clicked on

2021-11-08 13:21:04 - [TEST_STEP][PASSED] - delay(10): Delayed 10 second(s)

2021-11-08 13:21:14 - [MESSAGE][PASSED] - Delayed 10 second(s)

2021-11-08 13:21:14 - [TEST_STEP][PASSED] - verifyTextPresent("Successful Payment Receipt", true): Text 'Successful Payment Receipt' is present on page  using regular expression

2021-11-08 13:21:14 - [MESSAGE][PASSED] - Text 'Successful Payment Receipt' is present on page  using regular expression

2021-11-08 13:21:14 - [TEST_STEP][PASSED] - if (verifyTextPresent("Successful Payment Receipt", true)): null

2021-11-08 13:21:14 - [MESSAGE][PASSED] - Text 'Successful Payment Receipt' is present on page  using regular expression

2021-11-08 13:21:14 - [TEST_STEP][PASSED] - println("Transaction was Successful"): null

2021-11-08 13:21:14 - [TEST_STEP][PASSED] - out.println("Pass Record Number: " + row): null

2021-11-08 13:21:14 - [TEST_STEP][PASSED] - resText = "Pass": null

2021-11-08 13:21:14 - [TEST_STEP][PASSED] - pages.WriteExcel.demoKey(resText, datText, resColumn, datCloumn, fileLoc, nameSheet, row): pages.WriteExcel.demoKey is PASSED

2021-11-08 13:21:14 - [MESSAGE][PASSED] - pages.WriteExcel.demoKey is PASSED

2021-11-08 13:21:14 - [TEST_STEP][PASSED] - ExecuteTC = findTestData(dataFile).getValue("Execute", row): null

2021-11-08 13:21:14 - [TEST_STEP][PASSED] - Taxtype = findTestData(dataFile).getValue("TaxType", row): null

2021-11-08 13:21:14 - [TEST_STEP][PASSED] - TaxTypeEL = findTestData(dataFile).getValue("TaxTypeEL", row): null

2021-11-08 13:21:15 - [TEST_STEP][PASSED] - FilingYear = findTestData(dataFile).getValue("FilingYear", row): null

2021-11-08 13:21:15 - [TEST_STEP][PASSED] - FName = findTestData(dataFile).getValue("Fname", row): null

2021-11-08 13:21:15 - [TEST_STEP][PASSED] - LName = findTestData(dataFile).getValue("Lname", row): null

2021-11-08 13:21:15 - [TEST_STEP][PASSED] - AL1 = findTestData(dataFile).getValue("AL1", row): null

2021-11-08 13:21:15 - [TEST_STEP][PASSED] - City = findTestData(dataFile).getValue("City", row): null

2021-11-08 13:21:15 - [TEST_STEP][PASSED] - ZIP = findTestData(dataFile).getValue("ZIP", row): null

2021-11-08 13:21:15 - [TEST_STEP][PASSED] - Amount = findTestData(dataFile).getValue("Amount", row): null

2021-11-08 13:21:15 - [TEST_STEP][PASSED] - CCNumber = findTestData(dataFile).getValue("CCNumber", row): null

2021-11-08 13:21:15 - [TEST_STEP][PASSED] - CVV = findTestData(dataFile).getValue("CVV", row): null

2021-11-08 13:21:15 - [TEST_STEP][PASSED] - SSN = findTestData(dataFile).getValue("SSN", row): null

2021-11-08 13:21:15 - [TEST_STEP][PASSED] - FEIN = findTestData(dataFile).getValue("FEIN", row): null

2021-11-08 13:21:15 - [TEST_STEP][PASSED] - out.println("Value of Execute is : " + ExecuteTC): null

2021-11-08 13:21:15 - [TEST_STEP][PASSED] - if (ExecuteTC.equalsIgnoreCase("Y")): null

2021-11-08 13:21:15 - [TEST_STEP][PASSED] - out.println("Begin Record Number: " + row): null

2021-11-08 13:21:15 - [TEST_STEP][PASSED] - today = new java.util.Date(): null

2021-11-08 13:21:15 - [TEST_STEP][PASSED] - println(today): null

2021-11-08 13:21:15 - [TEST_STEP][PASSED] - datText = today: null

2021-11-08 13:21:15 - [TEST_STEP][PASSED] - Taxtype = findTestData(dataFile).getValue("TaxType", row): null

2021-11-08 13:21:15 - [TEST_STEP][PASSED] - out.println("Taxtype value is : " + Taxtype): null

2021-11-08 13:21:15 - [TEST_STEP][PASSED] - openBrowser(""): Browser is opened with url: ''

2021-11-08 13:21:15 - [MESSAGE][WARNING] - A browser is already opened. Closing browser and opening a new one

2021-11-08 13:21:16 - [MESSAGE][INFO] - Starting 'Chrome' driver

2021-11-08 13:21:16 - [MESSAGE][INFO] - User set preference: ['acceptInsecureCerts', 'true']

2021-11-08 13:21:16 - [MESSAGE][INFO] - Action delay is set to 0 milliseconds

2021-11-08 13:21:17 - [MESSAGE][PASSED] - Browser is opened with url: ''

2021-11-08 13:21:17 - [TEST_STEP][PASSED] - maximizeWindow(): Current window maximized

2021-11-08 13:21:17 - [MESSAGE][PASSED] - Current window maximized

2021-11-08 13:21:17 - [TEST_STEP][PASSED] - navigateToUrl(RADurl): Navigate to 'https://qa.velocitypayment.com/client/rad/index.html' successfully

2021-11-08 13:21:19 - [MESSAGE][PASSED] - Navigate to 'https://qa.velocitypayment.com/client/rad/index.html' successfully

2021-11-08 13:21:19 - [TEST_STEP][PASSED] - orPath_Landing = "Object Repository/RAD_Pages/Landing_Page": null

2021-11-08 13:21:19 - [TEST_STEP][PASSED] - orPath_TaxTypeFilingYear = "Object Repository/RAD_Pages/TaxTypeFilingYear_Page": null

2021-11-08 13:21:19 - [TEST_STEP][PASSED] - orPath_TaxPayer = "Object Repository/RAD_Pages/Taxpayer_Page": null

2021-11-08 13:21:19 - [TEST_STEP][PASSED] - orPath_AddressContact = "Object Repository/RAD_Pages/AddressAndContactInfo_Page": null

2021-11-08 13:21:19 - [TEST_STEP][PASSED] - orPath_FilingStatus = "Object Repository/RAD_Pages/FilingStatus_Page": null

2021-11-08 13:21:19 - [TEST_STEP][PASSED] - orPath_Amount = "Object Repository/RAD_Pages/PaymentAmount_Page": null

2021-11-08 13:21:19 - [TEST_STEP][PASSED] - orPath_TaxInfo = "Object Repository/RAD_Pages/TaxInfo_Page": null

2021-11-08 13:21:19 - [TEST_STEP][PASSED] - orPath_Withholding = "Object Repository/RAD_Pages/Withholding_Page": null

2021-11-08 13:21:19 - [TEST_STEP][PASSED] - orPath_Summary = "Object Repository/RAD_Pages/Summary_Page": null

2021-11-08 13:21:19 - [TEST_STEP][PASSED] - orPath_PaymentReady = "Object Repository/RAD_Pages/PaymentReady_Page": null

2021-11-08 13:21:19 - [TEST_STEP][PASSED] - orPath_PaymentEntry = "Object Repository/RAD_Pages/PaymentEntry_Page": null

2021-11-08 13:21:19 - [TEST_STEP][PASSED] - orPath_PaymentConfirmation = "Object Repository/RAD_Pages/PaymentConfirmation_Page": null

2021-11-08 13:21:19 - [TEST_STEP][PASSED] - orPath_ServiceFeesAccept = "Object Repository/RAD_Pages/ServiceFeeAccept_Page": null

2021-11-08 13:21:19 - [TEST_STEP][PASSED] - selectOptionByLabel(findTestObject(orPath_Landing + "/dd_TaxType"), Taxtype, false): All options with label 'Existing Liability' are selected in object 'Object Repository/RAD_Pages/Landing_Page/dd_TaxType' 

2021-11-08 13:21:20 - [MESSAGE][PASSED] - All options with label 'Existing Liability' are selected in object 'Object Repository/RAD_Pages/Landing_Page/dd_TaxType' 

2021-11-08 13:21:20 - [TEST_STEP][PASSED] - delay(1): Delayed 1 second(s)

2021-11-08 13:21:21 - [MESSAGE][PASSED] - Delayed 1 second(s)

2021-11-08 13:21:21 - [TEST_STEP][PASSED] - selectOptionByLabel(findTestObject(orPath_TaxTypeFilingYear + "/select_TaxType_ExistingLiability"), TaxTypeEL, false): All options with label 'Alcohol Tax' are selected in object 'Object Repository/RAD_Pages/TaxTypeFilingYear_Page/select_TaxType_ExistingLiability' 

2021-11-08 13:21:22 - [MESSAGE][PASSED] - All options with label 'Alcohol Tax' are selected in object 'Object Repository/RAD_Pages/TaxTypeFilingYear_Page/select_TaxType_ExistingLiability' 

2021-11-08 13:21:22 - [TEST_STEP][PASSED] - selectOptionByLabel(findTestObject(orPath_TaxTypeFilingYear + "/select_FilingYear"), FilingYear, false): All options with label '2020' are selected in object 'Object Repository/RAD_Pages/TaxTypeFilingYear_Page/select_FilingYear' 

2021-11-08 13:21:22 - [MESSAGE][PASSED] - All options with label '2020' are selected in object 'Object Repository/RAD_Pages/TaxTypeFilingYear_Page/select_FilingYear' 

2021-11-08 13:21:22 - [TEST_STEP][PASSED] - setText(findTestObject(orPath_TaxPayer + "/input_firstName"), FName): Text 'Thomas' is set on object 'Object Repository/RAD_Pages/Taxpayer_Page/input_firstName'

2021-11-08 13:21:23 - [MESSAGE][PASSED] - Text 'Thomas' is set on object 'Object Repository/RAD_Pages/Taxpayer_Page/input_firstName'

2021-11-08 13:21:23 - [TEST_STEP][PASSED] - setText(findTestObject(orPath_TaxPayer + "/input_lastName"), LName): Text 'Stokes' is set on object 'Object Repository/RAD_Pages/Taxpayer_Page/input_lastName'

2021-11-08 13:21:24 - [MESSAGE][PASSED] - Text 'Stokes' is set on object 'Object Repository/RAD_Pages/Taxpayer_Page/input_lastName'

2021-11-08 13:21:24 - [TEST_STEP][PASSED] - setText(findTestObject(orPath_TaxPayer + "/input_middleName"), "Johns"): Text 'Johns' is set on object 'Object Repository/RAD_Pages/Taxpayer_Page/input_middleName'

2021-11-08 13:21:24 - [MESSAGE][PASSED] - Text 'Johns' is set on object 'Object Repository/RAD_Pages/Taxpayer_Page/input_middleName'

2021-11-08 13:21:24 - [TEST_STEP][PASSED] - setText(findTestObject(orPath_TaxPayer + "/input_suffix"), "Sr"): Text 'Sr' is set on object 'Object Repository/RAD_Pages/Taxpayer_Page/input_suffix'

2021-11-08 13:21:25 - [MESSAGE][PASSED] - Text 'Sr' is set on object 'Object Repository/RAD_Pages/Taxpayer_Page/input_suffix'

2021-11-08 13:21:25 - [TEST_STEP][PASSED] - selectOptionByLabel(findTestObject(orPath_AddressContact + "/select_Country"), "United States", false): All options with label 'United States' are selected in object 'Object Repository/RAD_Pages/AddressAndContactInfo_Page/select_Country' 

2021-11-08 13:21:25 - [MESSAGE][PASSED] - All options with label 'United States' are selected in object 'Object Repository/RAD_Pages/AddressAndContactInfo_Page/select_Country' 

2021-11-08 13:21:25 - [TEST_STEP][PASSED] - setText(findTestObject(orPath_AddressContact + "/input_streetAddress1"), AL1): Text '2311 York road' is set on object 'Object Repository/RAD_Pages/AddressAndContactInfo_Page/input_streetAddress1'

2021-11-08 13:21:26 - [MESSAGE][PASSED] - Text '2311 York road' is set on object 'Object Repository/RAD_Pages/AddressAndContactInfo_Page/input_streetAddress1'

2021-11-08 13:21:26 - [TEST_STEP][PASSED] - setText(findTestObject(orPath_AddressContact + "/input_streetAddress2"), ""): Text '' is set on object 'Object Repository/RAD_Pages/AddressAndContactInfo_Page/input_streetAddress2'

2021-11-08 13:21:27 - [MESSAGE][PASSED] - Text '' is set on object 'Object Repository/RAD_Pages/AddressAndContactInfo_Page/input_streetAddress2'

2021-11-08 13:21:27 - [TEST_STEP][PASSED] - setText(findTestObject(orPath_AddressContact + "/input_city"), City): Text 'Gambrills' is set on object 'Object Repository/RAD_Pages/AddressAndContactInfo_Page/input_city'

2021-11-08 13:21:27 - [MESSAGE][PASSED] - Text 'Gambrills' is set on object 'Object Repository/RAD_Pages/AddressAndContactInfo_Page/input_city'

2021-11-08 13:21:27 - [TEST_STEP][PASSED] - selectOptionByLabel(findTestObject(orPath_AddressContact + "/select_State"), "Maryland", false): All options with label 'Maryland' are selected in object 'Object Repository/RAD_Pages/AddressAndContactInfo_Page/select_State' 

2021-11-08 13:21:28 - [MESSAGE][PASSED] - All options with label 'Maryland' are selected in object 'Object Repository/RAD_Pages/AddressAndContactInfo_Page/select_State' 

2021-11-08 13:21:28 - [TEST_STEP][PASSED] - setText(findTestObject(orPath_AddressContact + "/input_zipCode"), ZIP): Text '21054' is set on object 'Object Repository/RAD_Pages/AddressAndContactInfo_Page/input_zipCode'

2021-11-08 13:21:29 - [MESSAGE][PASSED] - Text '21054' is set on object 'Object Repository/RAD_Pages/AddressAndContactInfo_Page/input_zipCode'

2021-11-08 13:21:29 - [TEST_STEP][PASSED] - setText(findTestObject(orPath_AddressContact + "/input_phoneNumber"), "(703) 894-5000"): Text '(703) 894-5000' is set on object 'Object Repository/RAD_Pages/AddressAndContactInfo_Page/input_phoneNumber'

2021-11-08 13:21:29 - [MESSAGE][PASSED] - Text '(703) 894-5000' is set on object 'Object Repository/RAD_Pages/AddressAndContactInfo_Page/input_phoneNumber'

2021-11-08 13:21:29 - [TEST_STEP][PASSED] - setText(findTestObject(orPath_AddressContact + "/input_eMailAddress"), "iahmed@govolution.com"): Text 'iahmed@govolution.com' is set on object 'Object Repository/RAD_Pages/AddressAndContactInfo_Page/input_eMailAddress'

2021-11-08 13:21:30 - [MESSAGE][PASSED] - Text 'iahmed@govolution.com' is set on object 'Object Repository/RAD_Pages/AddressAndContactInfo_Page/input_eMailAddress'

2021-11-08 13:21:30 - [TEST_STEP][PASSED] - setText(findTestObject(orPath_AddressContact + "/input_reEnterEMailAddress"), "iahmed@govolution.com"): Text 'iahmed@govolution.com' is set on object 'Object Repository/RAD_Pages/AddressAndContactInfo_Page/input_reEnterEMailAddress'

2021-11-08 13:21:31 - [MESSAGE][PASSED] - Text 'iahmed@govolution.com' is set on object 'Object Repository/RAD_Pages/AddressAndContactInfo_Page/input_reEnterEMailAddress'

2021-11-08 13:21:31 - [TEST_STEP][PASSED] - if (!(SSN.isEmpty())): Text '123453210' is set on object 'Object Repository/RAD_Pages/TaxInfo_Page/input_TaxInfo_reTaxTypeExisitingSSN'

2021-11-08 13:21:31 - [TEST_STEP][PASSED] - setText(findTestObject(orPath_TaxInfo + "/input_TaxInfo_ExisitingSSN"), SSN): Text '123453210' is set on object 'Object Repository/RAD_Pages/TaxInfo_Page/input_TaxInfo_ExisitingSSN'

2021-11-08 13:21:31 - [MESSAGE][PASSED] - Text '123453210' is set on object 'Object Repository/RAD_Pages/TaxInfo_Page/input_TaxInfo_ExisitingSSN'

2021-11-08 13:21:31 - [TEST_STEP][PASSED] - setText(findTestObject(orPath_TaxInfo + "/input_TaxInfo_reTaxTypeExisitingSSN"), SSN): Text '123453210' is set on object 'Object Repository/RAD_Pages/TaxInfo_Page/input_TaxInfo_reTaxTypeExisitingSSN'

2021-11-08 13:21:32 - [MESSAGE][PASSED] - Text '123453210' is set on object 'Object Repository/RAD_Pages/TaxInfo_Page/input_TaxInfo_reTaxTypeExisitingSSN'

2021-11-08 13:21:32 - [TEST_STEP][PASSED] - scrollToElement(findTestObject(orPath_Amount + "/input__paymentAmount"), 3): Scroll to object 'Object Repository/RAD_Pages/PaymentAmount_Page/input__paymentAmount' successfully

2021-11-08 13:21:33 - [MESSAGE][PASSED] - Scroll to object 'Object Repository/RAD_Pages/PaymentAmount_Page/input__paymentAmount' successfully

2021-11-08 13:21:33 - [TEST_STEP][PASSED] - if (!(FEIN.isEmpty())): null

2021-11-08 13:21:33 - [TEST_STEP][PASSED] - delay(1): Delayed 1 second(s)

2021-11-08 13:21:34 - [MESSAGE][PASSED] - Delayed 1 second(s)

2021-11-08 13:21:34 - [TEST_STEP][PASSED] - setText(findTestObject(orPath_TaxInfo + "/input_NoticeInvoiceNumber"), "258147147"): Text '258147147' is set on object 'Object Repository/RAD_Pages/TaxInfo_Page/input_NoticeInvoiceNumber'

2021-11-08 13:21:34 - [MESSAGE][PASSED] - Text '258147147' is set on object 'Object Repository/RAD_Pages/TaxInfo_Page/input_NoticeInvoiceNumber'

2021-11-08 13:21:34 - [TEST_STEP][PASSED] - setText(findTestObject(orPath_TaxInfo + "/input_reTypeNoticeInvoiceNumber"), "258147147"): Text '258147147' is set on object 'Object Repository/RAD_Pages/TaxInfo_Page/input_reTypeNoticeInvoiceNumber'

2021-11-08 13:21:35 - [MESSAGE][PASSED] - Text '258147147' is set on object 'Object Repository/RAD_Pages/TaxInfo_Page/input_reTypeNoticeInvoiceNumber'

2021-11-08 13:21:35 - [TEST_STEP][PASSED] - if (TaxTypeEL.equalsIgnoreCase("Sales & Use Tax")): null

2021-11-08 13:21:35 - [TEST_STEP][PASSED] - setText(findTestObject(orPath_Amount + "/input__paymentAmount"), Amount): Text '30.50' is set on object 'Object Repository/RAD_Pages/PaymentAmount_Page/input__paymentAmount'

2021-11-08 13:21:36 - [MESSAGE][PASSED] - Text '30.50' is set on object 'Object Repository/RAD_Pages/PaymentAmount_Page/input__paymentAmount'

2021-11-08 13:21:36 - [TEST_STEP][PASSED] - scrollToElement(findTestObject(orPath_Landing + "/button_Continue"), 3): Scroll to object 'Object Repository/RAD_Pages/Landing_Page/button_Continue' successfully

2021-11-08 13:21:36 - [MESSAGE][PASSED] - Scroll to object 'Object Repository/RAD_Pages/Landing_Page/button_Continue' successfully

2021-11-08 13:21:36 - [TEST_STEP][PASSED] - waitForElementClickable(findTestObject(orPath_Landing + "/button_Continue"), 5): Object 'Object Repository/RAD_Pages/Landing_Page/button_Continue' is clickable

2021-11-08 13:21:37 - [MESSAGE][PASSED] - Object 'Object Repository/RAD_Pages/Landing_Page/button_Continue' is clickable

2021-11-08 13:21:37 - [TEST_STEP][PASSED] - click(findTestObject(orPath_Landing + "/button_Continue")): Object: 'Object Repository/RAD_Pages/Landing_Page/button_Continue' is clicked on

2021-11-08 13:21:37 - [MESSAGE][PASSED] - Object: 'Object Repository/RAD_Pages/Landing_Page/button_Continue' is clicked on

2021-11-08 13:21:37 - [TEST_STEP][PASSED] - verifyTextPresent("Review the information below and make any necessary corrections by clicking the", true): Text 'Review the information below and make any necessary corrections by clicking the' is present on page  using regular expression

2021-11-08 13:21:38 - [MESSAGE][PASSED] - Text 'Review the information below and make any necessary corrections by clicking the' is present on page  using regular expression

2021-11-08 13:21:38 - [TEST_STEP][PASSED] - verifyTextPresent("When you are confident that all the information is correct", true): Text 'When you are confident that all the information is correct' is present on page  using regular expression

2021-11-08 13:21:38 - [MESSAGE][PASSED] - Text 'When you are confident that all the information is correct' is present on page  using regular expression

2021-11-08 13:21:38 - [TEST_STEP][PASSED] - delay(1): Delayed 1 second(s)

2021-11-08 13:21:39 - [MESSAGE][PASSED] - Delayed 1 second(s)

2021-11-08 13:21:39 - [TEST_STEP][PASSED] - click(findTestObject(orPath_PaymentReady + "/button_ProceedtoPayment")): Object: 'Object Repository/RAD_Pages/PaymentReady_Page/button_ProceedtoPayment' is clicked on

2021-11-08 13:21:41 - [MESSAGE][PASSED] - Object: 'Object Repository/RAD_Pages/PaymentReady_Page/button_ProceedtoPayment' is clicked on

2021-11-08 13:21:41 - [TEST_STEP][PASSED] - setText(findTestObject(orPath_PaymentEntry + "/input__cardNumber"), CCNumber): Text '4012000098765439' is set on object 'Object Repository/RAD_Pages/PaymentEntry_Page/input__cardNumber'

2021-11-08 13:21:42 - [MESSAGE][PASSED] - Text '4012000098765439' is set on object 'Object Repository/RAD_Pages/PaymentEntry_Page/input__cardNumber'

2021-11-08 13:21:42 - [TEST_STEP][PASSED] - setText(findTestObject(orPath_PaymentEntry + "/input__spc"), CVV): Text '123' is set on object 'Object Repository/RAD_Pages/PaymentEntry_Page/input__spc'

2021-11-08 13:21:43 - [MESSAGE][PASSED] - Text '123' is set on object 'Object Repository/RAD_Pages/PaymentEntry_Page/input__spc'

2021-11-08 13:21:43 - [TEST_STEP][PASSED] - selectOptionByLabel(findTestObject(orPath_PaymentEntry + "/select_MM"), "12", false): All options with label '12' are selected in object 'Object Repository/RAD_Pages/PaymentEntry_Page/select_MM' 

2021-11-08 13:21:43 - [MESSAGE][PASSED] - All options with label '12' are selected in object 'Object Repository/RAD_Pages/PaymentEntry_Page/select_MM' 

2021-11-08 13:21:43 - [TEST_STEP][PASSED] - selectOptionByLabel(findTestObject(orPath_PaymentEntry + "/select_YYYY"), "2023", false): All options with label '2023' are selected in object 'Object Repository/RAD_Pages/PaymentEntry_Page/select_YYYY' 

2021-11-08 13:21:44 - [MESSAGE][PASSED] - All options with label '2023' are selected in object 'Object Repository/RAD_Pages/PaymentEntry_Page/select_YYYY' 

2021-11-08 13:21:44 - [TEST_STEP][PASSED] - click(findTestObject(orPath_PaymentEntry + "/input_Field_ccSubmit")): Object: 'Object Repository/RAD_Pages/PaymentEntry_Page/input_Field_ccSubmit' is clicked on

2021-11-08 13:21:45 - [MESSAGE][PASSED] - Object: 'Object Repository/RAD_Pages/PaymentEntry_Page/input_Field_ccSubmit' is clicked on

2021-11-08 13:21:45 - [TEST_STEP][PASSED] - click(findTestObject(orPath_PaymentConfirmation + "/input_N_confirmNotifyAction")): Object: 'Object Repository/RAD_Pages/PaymentConfirmation_Page/input_N_confirmNotifyAction' is clicked on

2021-11-08 13:21:47 - [MESSAGE][PASSED] - Object: 'Object Repository/RAD_Pages/PaymentConfirmation_Page/input_N_confirmNotifyAction' is clicked on

2021-11-08 13:21:47 - [TEST_STEP][PASSED] - click(findTestObject(orPath_ServiceFeesAccept + "/input_convFeeNotifyAction")): Object: 'Object Repository/RAD_Pages/ServiceFeeAccept_Page/input_convFeeNotifyAction' is clicked on

2021-11-08 13:21:48 - [MESSAGE][PASSED] - Object: 'Object Repository/RAD_Pages/ServiceFeeAccept_Page/input_convFeeNotifyAction' is clicked on

2021-11-08 13:21:48 - [TEST_STEP][PASSED] - delay(10): Delayed 10 second(s)

2021-11-08 13:21:58 - [MESSAGE][PASSED] - Delayed 10 second(s)

2021-11-08 13:21:58 - [TEST_STEP][PASSED] - verifyTextPresent("Successful Payment Receipt", true): Text 'Successful Payment Receipt' is present on page  using regular expression

2021-11-08 13:21:59 - [MESSAGE][PASSED] - Text 'Successful Payment Receipt' is present on page  using regular expression

2021-11-08 13:21:59 - [TEST_STEP][PASSED] - if (verifyTextPresent("Successful Payment Receipt", true)): null

2021-11-08 13:21:59 - [MESSAGE][PASSED] - Text 'Successful Payment Receipt' is present on page  using regular expression

2021-11-08 13:21:59 - [TEST_STEP][PASSED] - println("Transaction was Successful"): null

2021-11-08 13:21:59 - [TEST_STEP][PASSED] - out.println("Pass Record Number: " + row): null

2021-11-08 13:21:59 - [TEST_STEP][PASSED] - resText = "Pass": null

2021-11-08 13:21:59 - [TEST_STEP][PASSED] - pages.WriteExcel.demoKey(resText, datText, resColumn, datCloumn, fileLoc, nameSheet, row): pages.WriteExcel.demoKey is PASSED

2021-11-08 13:21:59 - [MESSAGE][PASSED] - pages.WriteExcel.demoKey is PASSED

2021-11-08 13:21:59 - [TEST_STEP][PASSED] - ExecuteTC = findTestData(dataFile).getValue("Execute", row): null

2021-11-08 13:21:59 - [TEST_STEP][PASSED] - Taxtype = findTestData(dataFile).getValue("TaxType", row): null

2021-11-08 13:21:59 - [TEST_STEP][PASSED] - TaxTypeEL = findTestData(dataFile).getValue("TaxTypeEL", row): null

2021-11-08 13:21:59 - [TEST_STEP][PASSED] - FilingYear = findTestData(dataFile).getValue("FilingYear", row): null

2021-11-08 13:21:59 - [TEST_STEP][PASSED] - FName = findTestData(dataFile).getValue("Fname", row): null

2021-11-08 13:21:59 - [TEST_STEP][PASSED] - LName = findTestData(dataFile).getValue("Lname", row): null

2021-11-08 13:21:59 - [TEST_STEP][PASSED] - AL1 = findTestData(dataFile).getValue("AL1", row): null

2021-11-08 13:21:59 - [TEST_STEP][PASSED] - City = findTestData(dataFile).getValue("City", row): null

2021-11-08 13:21:59 - [TEST_STEP][PASSED] - ZIP = findTestData(dataFile).getValue("ZIP", row): null

2021-11-08 13:21:59 - [TEST_STEP][PASSED] - Amount = findTestData(dataFile).getValue("Amount", row): null

2021-11-08 13:21:59 - [TEST_STEP][PASSED] - CCNumber = findTestData(dataFile).getValue("CCNumber", row): null

2021-11-08 13:21:59 - [TEST_STEP][PASSED] - CVV = findTestData(dataFile).getValue("CVV", row): null

2021-11-08 13:21:59 - [TEST_STEP][PASSED] - SSN = findTestData(dataFile).getValue("SSN", row): null

2021-11-08 13:21:59 - [TEST_STEP][PASSED] - FEIN = findTestData(dataFile).getValue("FEIN", row): null

2021-11-08 13:21:59 - [TEST_STEP][PASSED] - out.println("Value of Execute is : " + ExecuteTC): null

2021-11-08 13:21:59 - [TEST_STEP][PASSED] - if (ExecuteTC.equalsIgnoreCase("Y")): null

2021-11-08 13:21:59 - [TEST_STEP][PASSED] - out.println("Begin Record Number: " + row): null

2021-11-08 13:21:59 - [TEST_STEP][PASSED] - today = new java.util.Date(): null

2021-11-08 13:21:59 - [TEST_STEP][PASSED] - println(today): null

2021-11-08 13:21:59 - [TEST_STEP][PASSED] - datText = today: null

2021-11-08 13:21:59 - [TEST_STEP][PASSED] - Taxtype = findTestData(dataFile).getValue("TaxType", row): null

2021-11-08 13:21:59 - [TEST_STEP][PASSED] - out.println("Taxtype value is : " + Taxtype): null

2021-11-08 13:21:59 - [TEST_STEP][PASSED] - openBrowser(""): Browser is opened with url: ''

2021-11-08 13:21:59 - [MESSAGE][WARNING] - A browser is already opened. Closing browser and opening a new one

2021-11-08 13:22:00 - [MESSAGE][INFO] - Starting 'Chrome' driver

2021-11-08 13:22:00 - [MESSAGE][INFO] - User set preference: ['acceptInsecureCerts', 'true']

2021-11-08 13:22:00 - [MESSAGE][INFO] - Action delay is set to 0 milliseconds

2021-11-08 13:22:02 - [MESSAGE][PASSED] - Browser is opened with url: ''

2021-11-08 13:22:02 - [TEST_STEP][PASSED] - maximizeWindow(): Current window maximized

2021-11-08 13:22:02 - [MESSAGE][PASSED] - Current window maximized

2021-11-08 13:22:02 - [TEST_STEP][PASSED] - navigateToUrl(RADurl): Navigate to 'https://qa.velocitypayment.com/client/rad/index.html' successfully

2021-11-08 13:22:04 - [MESSAGE][PASSED] - Navigate to 'https://qa.velocitypayment.com/client/rad/index.html' successfully

2021-11-08 13:22:04 - [TEST_STEP][PASSED] - orPath_Landing = "Object Repository/RAD_Pages/Landing_Page": null

2021-11-08 13:22:04 - [TEST_STEP][PASSED] - orPath_TaxTypeFilingYear = "Object Repository/RAD_Pages/TaxTypeFilingYear_Page": null

2021-11-08 13:22:04 - [TEST_STEP][PASSED] - orPath_TaxPayer = "Object Repository/RAD_Pages/Taxpayer_Page": null

2021-11-08 13:22:04 - [TEST_STEP][PASSED] - orPath_AddressContact = "Object Repository/RAD_Pages/AddressAndContactInfo_Page": null

2021-11-08 13:22:04 - [TEST_STEP][PASSED] - orPath_FilingStatus = "Object Repository/RAD_Pages/FilingStatus_Page": null

2021-11-08 13:22:04 - [TEST_STEP][PASSED] - orPath_Amount = "Object Repository/RAD_Pages/PaymentAmount_Page": null

2021-11-08 13:22:04 - [TEST_STEP][PASSED] - orPath_TaxInfo = "Object Repository/RAD_Pages/TaxInfo_Page": null

2021-11-08 13:22:04 - [TEST_STEP][PASSED] - orPath_Withholding = "Object Repository/RAD_Pages/Withholding_Page": null

2021-11-08 13:22:04 - [TEST_STEP][PASSED] - orPath_Summary = "Object Repository/RAD_Pages/Summary_Page": null

2021-11-08 13:22:04 - [TEST_STEP][PASSED] - orPath_PaymentReady = "Object Repository/RAD_Pages/PaymentReady_Page": null

2021-11-08 13:22:04 - [TEST_STEP][PASSED] - orPath_PaymentEntry = "Object Repository/RAD_Pages/PaymentEntry_Page": null

2021-11-08 13:22:04 - [TEST_STEP][PASSED] - orPath_PaymentConfirmation = "Object Repository/RAD_Pages/PaymentConfirmation_Page": null

2021-11-08 13:22:04 - [TEST_STEP][PASSED] - orPath_ServiceFeesAccept = "Object Repository/RAD_Pages/ServiceFeeAccept_Page": null

2021-11-08 13:22:04 - [TEST_STEP][PASSED] - selectOptionByLabel(findTestObject(orPath_Landing + "/dd_TaxType"), Taxtype, false): All options with label 'Existing Liability' are selected in object 'Object Repository/RAD_Pages/Landing_Page/dd_TaxType' 

2021-11-08 13:22:05 - [MESSAGE][PASSED] - All options with label 'Existing Liability' are selected in object 'Object Repository/RAD_Pages/Landing_Page/dd_TaxType' 

2021-11-08 13:22:05 - [TEST_STEP][PASSED] - delay(1): Delayed 1 second(s)

2021-11-08 13:22:06 - [MESSAGE][PASSED] - Delayed 1 second(s)

2021-11-08 13:22:06 - [TEST_STEP][PASSED] - selectOptionByLabel(findTestObject(orPath_TaxTypeFilingYear + "/select_TaxType_ExistingLiability"), TaxTypeEL, false): All options with label 'Alcohol Tax' are selected in object 'Object Repository/RAD_Pages/TaxTypeFilingYear_Page/select_TaxType_ExistingLiability' 

2021-11-08 13:22:06 - [MESSAGE][PASSED] - All options with label 'Alcohol Tax' are selected in object 'Object Repository/RAD_Pages/TaxTypeFilingYear_Page/select_TaxType_ExistingLiability' 

2021-11-08 13:22:06 - [TEST_STEP][PASSED] - selectOptionByLabel(findTestObject(orPath_TaxTypeFilingYear + "/select_FilingYear"), FilingYear, false): All options with label '2020' are selected in object 'Object Repository/RAD_Pages/TaxTypeFilingYear_Page/select_FilingYear' 

2021-11-08 13:22:07 - [MESSAGE][PASSED] - All options with label '2020' are selected in object 'Object Repository/RAD_Pages/TaxTypeFilingYear_Page/select_FilingYear' 

2021-11-08 13:22:07 - [TEST_STEP][PASSED] - setText(findTestObject(orPath_TaxPayer + "/input_firstName"), FName): Text 'Thomas' is set on object 'Object Repository/RAD_Pages/Taxpayer_Page/input_firstName'

2021-11-08 13:22:07 - [MESSAGE][PASSED] - Text 'Thomas' is set on object 'Object Repository/RAD_Pages/Taxpayer_Page/input_firstName'

2021-11-08 13:22:07 - [TEST_STEP][PASSED] - setText(findTestObject(orPath_TaxPayer + "/input_lastName"), LName): Text 'Stokes' is set on object 'Object Repository/RAD_Pages/Taxpayer_Page/input_lastName'

2021-11-08 13:22:08 - [MESSAGE][PASSED] - Text 'Stokes' is set on object 'Object Repository/RAD_Pages/Taxpayer_Page/input_lastName'

2021-11-08 13:22:08 - [TEST_STEP][PASSED] - setText(findTestObject(orPath_TaxPayer + "/input_middleName"), "Johns"): Text 'Johns' is set on object 'Object Repository/RAD_Pages/Taxpayer_Page/input_middleName'

2021-11-08 13:22:09 - [MESSAGE][PASSED] - Text 'Johns' is set on object 'Object Repository/RAD_Pages/Taxpayer_Page/input_middleName'

2021-11-08 13:22:09 - [TEST_STEP][PASSED] - setText(findTestObject(orPath_TaxPayer + "/input_suffix"), "Sr"): Text 'Sr' is set on object 'Object Repository/RAD_Pages/Taxpayer_Page/input_suffix'

2021-11-08 13:22:09 - [MESSAGE][PASSED] - Text 'Sr' is set on object 'Object Repository/RAD_Pages/Taxpayer_Page/input_suffix'

2021-11-08 13:22:09 - [TEST_STEP][PASSED] - selectOptionByLabel(findTestObject(orPath_AddressContact + "/select_Country"), "United States", false): All options with label 'United States' are selected in object 'Object Repository/RAD_Pages/AddressAndContactInfo_Page/select_Country' 

2021-11-08 13:22:10 - [MESSAGE][PASSED] - All options with label 'United States' are selected in object 'Object Repository/RAD_Pages/AddressAndContactInfo_Page/select_Country' 

2021-11-08 13:22:10 - [TEST_STEP][PASSED] - setText(findTestObject(orPath_AddressContact + "/input_streetAddress1"), AL1): Text '2311 York road' is set on object 'Object Repository/RAD_Pages/AddressAndContactInfo_Page/input_streetAddress1'

2021-11-08 13:22:11 - [MESSAGE][PASSED] - Text '2311 York road' is set on object 'Object Repository/RAD_Pages/AddressAndContactInfo_Page/input_streetAddress1'

2021-11-08 13:22:11 - [TEST_STEP][PASSED] - setText(findTestObject(orPath_AddressContact + "/input_streetAddress2"), ""): Text '' is set on object 'Object Repository/RAD_Pages/AddressAndContactInfo_Page/input_streetAddress2'

2021-11-08 13:22:11 - [MESSAGE][PASSED] - Text '' is set on object 'Object Repository/RAD_Pages/AddressAndContactInfo_Page/input_streetAddress2'

2021-11-08 13:22:11 - [TEST_STEP][PASSED] - setText(findTestObject(orPath_AddressContact + "/input_city"), City): Text 'Gambrills' is set on object 'Object Repository/RAD_Pages/AddressAndContactInfo_Page/input_city'

2021-11-08 13:22:12 - [MESSAGE][PASSED] - Text 'Gambrills' is set on object 'Object Repository/RAD_Pages/AddressAndContactInfo_Page/input_city'

2021-11-08 13:22:12 - [TEST_STEP][PASSED] - selectOptionByLabel(findTestObject(orPath_AddressContact + "/select_State"), "Maryland", false): All options with label 'Maryland' are selected in object 'Object Repository/RAD_Pages/AddressAndContactInfo_Page/select_State' 

2021-11-08 13:22:13 - [MESSAGE][PASSED] - All options with label 'Maryland' are selected in object 'Object Repository/RAD_Pages/AddressAndContactInfo_Page/select_State' 

2021-11-08 13:22:13 - [TEST_STEP][PASSED] - setText(findTestObject(orPath_AddressContact + "/input_zipCode"), ZIP): Text '21054' is set on object 'Object Repository/RAD_Pages/AddressAndContactInfo_Page/input_zipCode'

2021-11-08 13:22:13 - [MESSAGE][PASSED] - Text '21054' is set on object 'Object Repository/RAD_Pages/AddressAndContactInfo_Page/input_zipCode'

2021-11-08 13:22:13 - [TEST_STEP][PASSED] - setText(findTestObject(orPath_AddressContact + "/input_phoneNumber"), "(703) 894-5000"): Text '(703) 894-5000' is set on object 'Object Repository/RAD_Pages/AddressAndContactInfo_Page/input_phoneNumber'

2021-11-08 13:22:14 - [MESSAGE][PASSED] - Text '(703) 894-5000' is set on object 'Object Repository/RAD_Pages/AddressAndContactInfo_Page/input_phoneNumber'

2021-11-08 13:22:14 - [TEST_STEP][PASSED] - setText(findTestObject(orPath_AddressContact + "/input_eMailAddress"), "iahmed@govolution.com"): Text 'iahmed@govolution.com' is set on object 'Object Repository/RAD_Pages/AddressAndContactInfo_Page/input_eMailAddress'

2021-11-08 13:22:15 - [MESSAGE][PASSED] - Text 'iahmed@govolution.com' is set on object 'Object Repository/RAD_Pages/AddressAndContactInfo_Page/input_eMailAddress'

2021-11-08 13:22:15 - [TEST_STEP][PASSED] - setText(findTestObject(orPath_AddressContact + "/input_reEnterEMailAddress"), "iahmed@govolution.com"): Text 'iahmed@govolution.com' is set on object 'Object Repository/RAD_Pages/AddressAndContactInfo_Page/input_reEnterEMailAddress'

2021-11-08 13:22:15 - [MESSAGE][PASSED] - Text 'iahmed@govolution.com' is set on object 'Object Repository/RAD_Pages/AddressAndContactInfo_Page/input_reEnterEMailAddress'

2021-11-08 13:22:15 - [TEST_STEP][PASSED] - if (!(SSN.isEmpty())): null

2021-11-08 13:22:15 - [TEST_STEP][PASSED] - scrollToElement(findTestObject(orPath_Amount + "/input__paymentAmount"), 3): Scroll to object 'Object Repository/RAD_Pages/PaymentAmount_Page/input__paymentAmount' successfully

2021-11-08 13:22:16 - [MESSAGE][PASSED] - Scroll to object 'Object Repository/RAD_Pages/PaymentAmount_Page/input__paymentAmount' successfully

2021-11-08 13:22:16 - [TEST_STEP][PASSED] - if (!(FEIN.isEmpty())): Text '258369267' is set on object 'Object Repository/RAD_Pages/TaxInfo_Page/input_ReTypeFEIN'

2021-11-08 13:22:16 - [TEST_STEP][PASSED] - setText(findTestObject(orPath_TaxInfo + "/input_FEIN"), FEIN): Text '258369267' is set on object 'Object Repository/RAD_Pages/TaxInfo_Page/input_FEIN'

2021-11-08 13:22:16 - [MESSAGE][PASSED] - Text '258369267' is set on object 'Object Repository/RAD_Pages/TaxInfo_Page/input_FEIN'

2021-11-08 13:22:16 - [TEST_STEP][PASSED] - setText(findTestObject(orPath_TaxInfo + "/input_ReTypeFEIN"), FEIN): Text '258369267' is set on object 'Object Repository/RAD_Pages/TaxInfo_Page/input_ReTypeFEIN'

2021-11-08 13:22:17 - [MESSAGE][PASSED] - Text '258369267' is set on object 'Object Repository/RAD_Pages/TaxInfo_Page/input_ReTypeFEIN'

2021-11-08 13:22:17 - [TEST_STEP][PASSED] - delay(1): Delayed 1 second(s)

2021-11-08 13:22:18 - [MESSAGE][PASSED] - Delayed 1 second(s)

2021-11-08 13:22:18 - [TEST_STEP][PASSED] - setText(findTestObject(orPath_TaxInfo + "/input_NoticeInvoiceNumber"), "258147147"): Text '258147147' is set on object 'Object Repository/RAD_Pages/TaxInfo_Page/input_NoticeInvoiceNumber'

2021-11-08 13:22:19 - [MESSAGE][PASSED] - Text '258147147' is set on object 'Object Repository/RAD_Pages/TaxInfo_Page/input_NoticeInvoiceNumber'

2021-11-08 13:22:19 - [TEST_STEP][PASSED] - setText(findTestObject(orPath_TaxInfo + "/input_reTypeNoticeInvoiceNumber"), "258147147"): Text '258147147' is set on object 'Object Repository/RAD_Pages/TaxInfo_Page/input_reTypeNoticeInvoiceNumber'

2021-11-08 13:22:20 - [MESSAGE][PASSED] - Text '258147147' is set on object 'Object Repository/RAD_Pages/TaxInfo_Page/input_reTypeNoticeInvoiceNumber'

2021-11-08 13:22:20 - [TEST_STEP][PASSED] - if (TaxTypeEL.equalsIgnoreCase("Sales & Use Tax")): null

2021-11-08 13:22:20 - [TEST_STEP][PASSED] - setText(findTestObject(orPath_Amount + "/input__paymentAmount"), Amount): Text '30.50' is set on object 'Object Repository/RAD_Pages/PaymentAmount_Page/input__paymentAmount'

2021-11-08 13:22:20 - [MESSAGE][PASSED] - Text '30.50' is set on object 'Object Repository/RAD_Pages/PaymentAmount_Page/input__paymentAmount'

2021-11-08 13:22:20 - [TEST_STEP][PASSED] - scrollToElement(findTestObject(orPath_Landing + "/button_Continue"), 3): Scroll to object 'Object Repository/RAD_Pages/Landing_Page/button_Continue' successfully

2021-11-08 13:22:21 - [MESSAGE][PASSED] - Scroll to object 'Object Repository/RAD_Pages/Landing_Page/button_Continue' successfully

2021-11-08 13:22:21 - [TEST_STEP][PASSED] - waitForElementClickable(findTestObject(orPath_Landing + "/button_Continue"), 5): Object 'Object Repository/RAD_Pages/Landing_Page/button_Continue' is clickable

2021-11-08 13:22:21 - [MESSAGE][PASSED] - Object 'Object Repository/RAD_Pages/Landing_Page/button_Continue' is clickable

2021-11-08 13:22:21 - [TEST_STEP][PASSED] - click(findTestObject(orPath_Landing + "/button_Continue")): Object: 'Object Repository/RAD_Pages/Landing_Page/button_Continue' is clicked on

2021-11-08 13:22:22 - [MESSAGE][PASSED] - Object: 'Object Repository/RAD_Pages/Landing_Page/button_Continue' is clicked on

2021-11-08 13:22:22 - [TEST_STEP][PASSED] - verifyTextPresent("Review the information below and make any necessary corrections by clicking the", true): Text 'Review the information below and make any necessary corrections by clicking the' is present on page  using regular expression

2021-11-08 13:22:22 - [MESSAGE][PASSED] - Text 'Review the information below and make any necessary corrections by clicking the' is present on page  using regular expression

2021-11-08 13:22:22 - [TEST_STEP][PASSED] - verifyTextPresent("When you are confident that all the information is correct", true): Text 'When you are confident that all the information is correct' is present on page  using regular expression

2021-11-08 13:22:22 - [MESSAGE][PASSED] - Text 'When you are confident that all the information is correct' is present on page  using regular expression

2021-11-08 13:22:22 - [TEST_STEP][PASSED] - delay(1): Delayed 1 second(s)

2021-11-08 13:22:23 - [MESSAGE][PASSED] - Delayed 1 second(s)

2021-11-08 13:22:23 - [TEST_STEP][PASSED] - click(findTestObject(orPath_PaymentReady + "/button_ProceedtoPayment")): Object: 'Object Repository/RAD_Pages/PaymentReady_Page/button_ProceedtoPayment' is clicked on

2021-11-08 13:22:25 - [MESSAGE][PASSED] - Object: 'Object Repository/RAD_Pages/PaymentReady_Page/button_ProceedtoPayment' is clicked on

2021-11-08 13:22:25 - [TEST_STEP][PASSED] - setText(findTestObject(orPath_PaymentEntry + "/input__cardNumber"), CCNumber): Text '4012000098765439' is set on object 'Object Repository/RAD_Pages/PaymentEntry_Page/input__cardNumber'

2021-11-08 13:22:26 - [MESSAGE][PASSED] - Text '4012000098765439' is set on object 'Object Repository/RAD_Pages/PaymentEntry_Page/input__cardNumber'

2021-11-08 13:22:26 - [TEST_STEP][PASSED] - setText(findTestObject(orPath_PaymentEntry + "/input__spc"), CVV): Text '123' is set on object 'Object Repository/RAD_Pages/PaymentEntry_Page/input__spc'

2021-11-08 13:22:27 - [MESSAGE][PASSED] - Text '123' is set on object 'Object Repository/RAD_Pages/PaymentEntry_Page/input__spc'

2021-11-08 13:22:27 - [TEST_STEP][PASSED] - selectOptionByLabel(findTestObject(orPath_PaymentEntry + "/select_MM"), "12", false): All options with label '12' are selected in object 'Object Repository/RAD_Pages/PaymentEntry_Page/select_MM' 

2021-11-08 13:22:28 - [MESSAGE][PASSED] - All options with label '12' are selected in object 'Object Repository/RAD_Pages/PaymentEntry_Page/select_MM' 

2021-11-08 13:22:28 - [TEST_STEP][PASSED] - selectOptionByLabel(findTestObject(orPath_PaymentEntry + "/select_YYYY"), "2023", false): All options with label '2023' are selected in object 'Object Repository/RAD_Pages/PaymentEntry_Page/select_YYYY' 

2021-11-08 13:22:28 - [MESSAGE][PASSED] - All options with label '2023' are selected in object 'Object Repository/RAD_Pages/PaymentEntry_Page/select_YYYY' 

2021-11-08 13:22:28 - [TEST_STEP][PASSED] - click(findTestObject(orPath_PaymentEntry + "/input_Field_ccSubmit")): Object: 'Object Repository/RAD_Pages/PaymentEntry_Page/input_Field_ccSubmit' is clicked on

2021-11-08 13:22:29 - [MESSAGE][PASSED] - Object: 'Object Repository/RAD_Pages/PaymentEntry_Page/input_Field_ccSubmit' is clicked on

2021-11-08 13:22:29 - [TEST_STEP][PASSED] - click(findTestObject(orPath_PaymentConfirmation + "/input_N_confirmNotifyAction")): Object: 'Object Repository/RAD_Pages/PaymentConfirmation_Page/input_N_confirmNotifyAction' is clicked on

2021-11-08 13:22:30 - [MESSAGE][PASSED] - Object: 'Object Repository/RAD_Pages/PaymentConfirmation_Page/input_N_confirmNotifyAction' is clicked on

2021-11-08 13:22:30 - [TEST_STEP][PASSED] - click(findTestObject(orPath_ServiceFeesAccept + "/input_convFeeNotifyAction")): Object: 'Object Repository/RAD_Pages/ServiceFeeAccept_Page/input_convFeeNotifyAction' is clicked on

2021-11-08 13:22:32 - [MESSAGE][PASSED] - Object: 'Object Repository/RAD_Pages/ServiceFeeAccept_Page/input_convFeeNotifyAction' is clicked on

2021-11-08 13:22:32 - [TEST_STEP][PASSED] - delay(10): Delayed 10 second(s)

2021-11-08 13:22:42 - [MESSAGE][PASSED] - Delayed 10 second(s)

2021-11-08 13:22:42 - [TEST_STEP][PASSED] - verifyTextPresent("Successful Payment Receipt", true): Text 'Successful Payment Receipt' is present on page  using regular expression

2021-11-08 13:22:42 - [MESSAGE][PASSED] - Text 'Successful Payment Receipt' is present on page  using regular expression

2021-11-08 13:22:42 - [TEST_STEP][PASSED] - if (verifyTextPresent("Successful Payment Receipt", true)): null

2021-11-08 13:22:43 - [MESSAGE][PASSED] - Text 'Successful Payment Receipt' is present on page  using regular expression

2021-11-08 13:22:43 - [TEST_STEP][PASSED] - println("Transaction was Successful"): null

2021-11-08 13:22:43 - [TEST_STEP][PASSED] - out.println("Pass Record Number: " + row): null

2021-11-08 13:22:43 - [TEST_STEP][PASSED] - resText = "Pass": null

2021-11-08 13:22:43 - [TEST_STEP][PASSED] - pages.WriteExcel.demoKey(resText, datText, resColumn, datCloumn, fileLoc, nameSheet, row): pages.WriteExcel.demoKey is PASSED

2021-11-08 13:22:43 - [MESSAGE][PASSED] - pages.WriteExcel.demoKey is PASSED

2021-11-08 13:22:43 - [TEST_STEP][PASSED] - ExecuteTC = findTestData(dataFile).getValue("Execute", row): null

2021-11-08 13:22:43 - [TEST_STEP][PASSED] - Taxtype = findTestData(dataFile).getValue("TaxType", row): null

2021-11-08 13:22:43 - [TEST_STEP][PASSED] - TaxTypeEL = findTestData(dataFile).getValue("TaxTypeEL", row): null

2021-11-08 13:22:43 - [TEST_STEP][PASSED] - FilingYear = findTestData(dataFile).getValue("FilingYear", row): null

2021-11-08 13:22:43 - [TEST_STEP][PASSED] - FName = findTestData(dataFile).getValue("Fname", row): null

2021-11-08 13:22:43 - [TEST_STEP][PASSED] - LName = findTestData(dataFile).getValue("Lname", row): null

2021-11-08 13:22:43 - [TEST_STEP][PASSED] - AL1 = findTestData(dataFile).getValue("AL1", row): null

2021-11-08 13:22:43 - [TEST_STEP][PASSED] - City = findTestData(dataFile).getValue("City", row): null

2021-11-08 13:22:43 - [TEST_STEP][PASSED] - ZIP = findTestData(dataFile).getValue("ZIP", row): null

2021-11-08 13:22:43 - [TEST_STEP][PASSED] - Amount = findTestData(dataFile).getValue("Amount", row): null

2021-11-08 13:22:43 - [TEST_STEP][PASSED] - CCNumber = findTestData(dataFile).getValue("CCNumber", row): null

2021-11-08 13:22:43 - [TEST_STEP][PASSED] - CVV = findTestData(dataFile).getValue("CVV", row): null

2021-11-08 13:22:43 - [TEST_STEP][PASSED] - SSN = findTestData(dataFile).getValue("SSN", row): null

2021-11-08 13:22:43 - [TEST_STEP][PASSED] - FEIN = findTestData(dataFile).getValue("FEIN", row): null

2021-11-08 13:22:43 - [TEST_STEP][PASSED] - out.println("Value of Execute is : " + ExecuteTC): null

2021-11-08 13:22:43 - [TEST_STEP][PASSED] - if (ExecuteTC.equalsIgnoreCase("Y")): null

2021-11-08 13:22:43 - [TEST_STEP][PASSED] - out.println("Begin Record Number: " + row): null

2021-11-08 13:22:43 - [TEST_STEP][PASSED] - today = new java.util.Date(): null

2021-11-08 13:22:43 - [TEST_STEP][PASSED] - println(today): null

2021-11-08 13:22:43 - [TEST_STEP][PASSED] - datText = today: null

2021-11-08 13:22:43 - [TEST_STEP][PASSED] - Taxtype = findTestData(dataFile).getValue("TaxType", row): null

2021-11-08 13:22:43 - [TEST_STEP][PASSED] - out.println("Taxtype value is : " + Taxtype): null

2021-11-08 13:22:43 - [TEST_STEP][PASSED] - openBrowser(""): Browser is opened with url: ''

2021-11-08 13:22:43 - [MESSAGE][WARNING] - A browser is already opened. Closing browser and opening a new one

2021-11-08 13:22:44 - [MESSAGE][INFO] - Starting 'Chrome' driver

2021-11-08 13:22:44 - [MESSAGE][INFO] - User set preference: ['acceptInsecureCerts', 'true']

2021-11-08 13:22:44 - [MESSAGE][INFO] - Action delay is set to 0 milliseconds

2021-11-08 13:22:46 - [MESSAGE][PASSED] - Browser is opened with url: ''

2021-11-08 13:22:46 - [TEST_STEP][PASSED] - maximizeWindow(): Current window maximized

2021-11-08 13:22:46 - [MESSAGE][PASSED] - Current window maximized

2021-11-08 13:22:46 - [TEST_STEP][PASSED] - navigateToUrl(RADurl): Navigate to 'https://qa.velocitypayment.com/client/rad/index.html' successfully

2021-11-08 13:22:48 - [MESSAGE][PASSED] - Navigate to 'https://qa.velocitypayment.com/client/rad/index.html' successfully

2021-11-08 13:22:48 - [TEST_STEP][PASSED] - orPath_Landing = "Object Repository/RAD_Pages/Landing_Page": null

2021-11-08 13:22:48 - [TEST_STEP][PASSED] - orPath_TaxTypeFilingYear = "Object Repository/RAD_Pages/TaxTypeFilingYear_Page": null

2021-11-08 13:22:48 - [TEST_STEP][PASSED] - orPath_TaxPayer = "Object Repository/RAD_Pages/Taxpayer_Page": null

2021-11-08 13:22:48 - [TEST_STEP][PASSED] - orPath_AddressContact = "Object Repository/RAD_Pages/AddressAndContactInfo_Page": null

2021-11-08 13:22:48 - [TEST_STEP][PASSED] - orPath_FilingStatus = "Object Repository/RAD_Pages/FilingStatus_Page": null

2021-11-08 13:22:48 - [TEST_STEP][PASSED] - orPath_Amount = "Object Repository/RAD_Pages/PaymentAmount_Page": null

2021-11-08 13:22:48 - [TEST_STEP][PASSED] - orPath_TaxInfo = "Object Repository/RAD_Pages/TaxInfo_Page": null

2021-11-08 13:22:48 - [TEST_STEP][PASSED] - orPath_Withholding = "Object Repository/RAD_Pages/Withholding_Page": null

2021-11-08 13:22:48 - [TEST_STEP][PASSED] - orPath_Summary = "Object Repository/RAD_Pages/Summary_Page": null

2021-11-08 13:22:48 - [TEST_STEP][PASSED] - orPath_PaymentReady = "Object Repository/RAD_Pages/PaymentReady_Page": null

2021-11-08 13:22:48 - [TEST_STEP][PASSED] - orPath_PaymentEntry = "Object Repository/RAD_Pages/PaymentEntry_Page": null

2021-11-08 13:22:48 - [TEST_STEP][PASSED] - orPath_PaymentConfirmation = "Object Repository/RAD_Pages/PaymentConfirmation_Page": null

2021-11-08 13:22:48 - [TEST_STEP][PASSED] - orPath_ServiceFeesAccept = "Object Repository/RAD_Pages/ServiceFeeAccept_Page": null

2021-11-08 13:22:48 - [TEST_STEP][PASSED] - selectOptionByLabel(findTestObject(orPath_Landing + "/dd_TaxType"), Taxtype, false): All options with label 'Existing Liability' are selected in object 'Object Repository/RAD_Pages/Landing_Page/dd_TaxType' 

2021-11-08 13:22:49 - [MESSAGE][PASSED] - All options with label 'Existing Liability' are selected in object 'Object Repository/RAD_Pages/Landing_Page/dd_TaxType' 

2021-11-08 13:22:49 - [TEST_STEP][PASSED] - delay(1): Delayed 1 second(s)

2021-11-08 13:22:50 - [MESSAGE][PASSED] - Delayed 1 second(s)

2021-11-08 13:22:50 - [TEST_STEP][PASSED] - selectOptionByLabel(findTestObject(orPath_TaxTypeFilingYear + "/select_TaxType_ExistingLiability"), TaxTypeEL, false): All options with label 'Bay Restoration Fund Tax' are selected in object 'Object Repository/RAD_Pages/TaxTypeFilingYear_Page/select_TaxType_ExistingLiability' 

2021-11-08 13:22:50 - [MESSAGE][PASSED] - All options with label 'Bay Restoration Fund Tax' are selected in object 'Object Repository/RAD_Pages/TaxTypeFilingYear_Page/select_TaxType_ExistingLiability' 

2021-11-08 13:22:50 - [TEST_STEP][PASSED] - selectOptionByLabel(findTestObject(orPath_TaxTypeFilingYear + "/select_FilingYear"), FilingYear, false): All options with label '2019' are selected in object 'Object Repository/RAD_Pages/TaxTypeFilingYear_Page/select_FilingYear' 

2021-11-08 13:22:51 - [MESSAGE][PASSED] - All options with label '2019' are selected in object 'Object Repository/RAD_Pages/TaxTypeFilingYear_Page/select_FilingYear' 

2021-11-08 13:22:51 - [TEST_STEP][PASSED] - setText(findTestObject(orPath_TaxPayer + "/input_firstName"), FName): Text 'Michael' is set on object 'Object Repository/RAD_Pages/Taxpayer_Page/input_firstName'

2021-11-08 13:22:52 - [MESSAGE][PASSED] - Text 'Michael' is set on object 'Object Repository/RAD_Pages/Taxpayer_Page/input_firstName'

2021-11-08 13:22:52 - [TEST_STEP][PASSED] - setText(findTestObject(orPath_TaxPayer + "/input_lastName"), LName): Text 'Anderson' is set on object 'Object Repository/RAD_Pages/Taxpayer_Page/input_lastName'

2021-11-08 13:22:52 - [MESSAGE][PASSED] - Text 'Anderson' is set on object 'Object Repository/RAD_Pages/Taxpayer_Page/input_lastName'

2021-11-08 13:22:52 - [TEST_STEP][PASSED] - setText(findTestObject(orPath_TaxPayer + "/input_middleName"), "Johns"): Text 'Johns' is set on object 'Object Repository/RAD_Pages/Taxpayer_Page/input_middleName'

2021-11-08 13:22:53 - [MESSAGE][PASSED] - Text 'Johns' is set on object 'Object Repository/RAD_Pages/Taxpayer_Page/input_middleName'

2021-11-08 13:22:53 - [TEST_STEP][PASSED] - setText(findTestObject(orPath_TaxPayer + "/input_suffix"), "Sr"): Text 'Sr' is set on object 'Object Repository/RAD_Pages/Taxpayer_Page/input_suffix'

2021-11-08 13:22:54 - [MESSAGE][PASSED] - Text 'Sr' is set on object 'Object Repository/RAD_Pages/Taxpayer_Page/input_suffix'

2021-11-08 13:22:54 - [TEST_STEP][PASSED] - selectOptionByLabel(findTestObject(orPath_AddressContact + "/select_Country"), "United States", false): All options with label 'United States' are selected in object 'Object Repository/RAD_Pages/AddressAndContactInfo_Page/select_Country' 

2021-11-08 13:22:54 - [MESSAGE][PASSED] - All options with label 'United States' are selected in object 'Object Repository/RAD_Pages/AddressAndContactInfo_Page/select_Country' 

2021-11-08 13:22:54 - [TEST_STEP][PASSED] - setText(findTestObject(orPath_AddressContact + "/input_streetAddress1"), AL1): Text '2311 York road' is set on object 'Object Repository/RAD_Pages/AddressAndContactInfo_Page/input_streetAddress1'

2021-11-08 13:22:55 - [MESSAGE][PASSED] - Text '2311 York road' is set on object 'Object Repository/RAD_Pages/AddressAndContactInfo_Page/input_streetAddress1'

2021-11-08 13:22:55 - [TEST_STEP][PASSED] - setText(findTestObject(orPath_AddressContact + "/input_streetAddress2"), ""): Text '' is set on object 'Object Repository/RAD_Pages/AddressAndContactInfo_Page/input_streetAddress2'

2021-11-08 13:22:55 - [MESSAGE][PASSED] - Text '' is set on object 'Object Repository/RAD_Pages/AddressAndContactInfo_Page/input_streetAddress2'

2021-11-08 13:22:55 - [TEST_STEP][PASSED] - setText(findTestObject(orPath_AddressContact + "/input_city"), City): Text 'Gambrills' is set on object 'Object Repository/RAD_Pages/AddressAndContactInfo_Page/input_city'

2021-11-08 13:22:56 - [MESSAGE][PASSED] - Text 'Gambrills' is set on object 'Object Repository/RAD_Pages/AddressAndContactInfo_Page/input_city'

2021-11-08 13:22:56 - [TEST_STEP][PASSED] - selectOptionByLabel(findTestObject(orPath_AddressContact + "/select_State"), "Maryland", false): All options with label 'Maryland' are selected in object 'Object Repository/RAD_Pages/AddressAndContactInfo_Page/select_State' 

2021-11-08 13:22:57 - [MESSAGE][PASSED] - All options with label 'Maryland' are selected in object 'Object Repository/RAD_Pages/AddressAndContactInfo_Page/select_State' 

2021-11-08 13:22:57 - [TEST_STEP][PASSED] - setText(findTestObject(orPath_AddressContact + "/input_zipCode"), ZIP): Text '21054' is set on object 'Object Repository/RAD_Pages/AddressAndContactInfo_Page/input_zipCode'

2021-11-08 13:22:57 - [MESSAGE][PASSED] - Text '21054' is set on object 'Object Repository/RAD_Pages/AddressAndContactInfo_Page/input_zipCode'

2021-11-08 13:22:57 - [TEST_STEP][PASSED] - setText(findTestObject(orPath_AddressContact + "/input_phoneNumber"), "(703) 894-5000"): Text '(703) 894-5000' is set on object 'Object Repository/RAD_Pages/AddressAndContactInfo_Page/input_phoneNumber'

2021-11-08 13:22:58 - [MESSAGE][PASSED] - Text '(703) 894-5000' is set on object 'Object Repository/RAD_Pages/AddressAndContactInfo_Page/input_phoneNumber'

2021-11-08 13:22:58 - [TEST_STEP][PASSED] - setText(findTestObject(orPath_AddressContact + "/input_eMailAddress"), "iahmed@govolution.com"): Text 'iahmed@govolution.com' is set on object 'Object Repository/RAD_Pages/AddressAndContactInfo_Page/input_eMailAddress'

2021-11-08 13:22:59 - [MESSAGE][PASSED] - Text 'iahmed@govolution.com' is set on object 'Object Repository/RAD_Pages/AddressAndContactInfo_Page/input_eMailAddress'

2021-11-08 13:22:59 - [TEST_STEP][PASSED] - setText(findTestObject(orPath_AddressContact + "/input_reEnterEMailAddress"), "iahmed@govolution.com"): Text 'iahmed@govolution.com' is set on object 'Object Repository/RAD_Pages/AddressAndContactInfo_Page/input_reEnterEMailAddress'

2021-11-08 13:23:00 - [MESSAGE][PASSED] - Text 'iahmed@govolution.com' is set on object 'Object Repository/RAD_Pages/AddressAndContactInfo_Page/input_reEnterEMailAddress'

2021-11-08 13:23:00 - [TEST_STEP][PASSED] - if (!(SSN.isEmpty())): Text '123451234' is set on object 'Object Repository/RAD_Pages/TaxInfo_Page/input_TaxInfo_reTaxTypeExisitingSSN'

2021-11-08 13:23:00 - [TEST_STEP][PASSED] - setText(findTestObject(orPath_TaxInfo + "/input_TaxInfo_ExisitingSSN"), SSN): Text '123451234' is set on object 'Object Repository/RAD_Pages/TaxInfo_Page/input_TaxInfo_ExisitingSSN'

2021-11-08 13:23:00 - [MESSAGE][PASSED] - Text '123451234' is set on object 'Object Repository/RAD_Pages/TaxInfo_Page/input_TaxInfo_ExisitingSSN'

2021-11-08 13:23:00 - [TEST_STEP][PASSED] - setText(findTestObject(orPath_TaxInfo + "/input_TaxInfo_reTaxTypeExisitingSSN"), SSN): Text '123451234' is set on object 'Object Repository/RAD_Pages/TaxInfo_Page/input_TaxInfo_reTaxTypeExisitingSSN'

2021-11-08 13:23:01 - [MESSAGE][PASSED] - Text '123451234' is set on object 'Object Repository/RAD_Pages/TaxInfo_Page/input_TaxInfo_reTaxTypeExisitingSSN'

2021-11-08 13:23:01 - [TEST_STEP][PASSED] - scrollToElement(findTestObject(orPath_Amount + "/input__paymentAmount"), 3): Scroll to object 'Object Repository/RAD_Pages/PaymentAmount_Page/input__paymentAmount' successfully

2021-11-08 13:23:01 - [MESSAGE][PASSED] - Scroll to object 'Object Repository/RAD_Pages/PaymentAmount_Page/input__paymentAmount' successfully

2021-11-08 13:23:01 - [TEST_STEP][PASSED] - if (!(FEIN.isEmpty())): null

2021-11-08 13:23:01 - [TEST_STEP][PASSED] - delay(1): Delayed 1 second(s)

2021-11-08 13:23:02 - [MESSAGE][PASSED] - Delayed 1 second(s)

2021-11-08 13:23:02 - [TEST_STEP][PASSED] - setText(findTestObject(orPath_TaxInfo + "/input_NoticeInvoiceNumber"), "258147147"): Text '258147147' is set on object 'Object Repository/RAD_Pages/TaxInfo_Page/input_NoticeInvoiceNumber'

2021-11-08 13:23:03 - [MESSAGE][PASSED] - Text '258147147' is set on object 'Object Repository/RAD_Pages/TaxInfo_Page/input_NoticeInvoiceNumber'

2021-11-08 13:23:03 - [TEST_STEP][PASSED] - setText(findTestObject(orPath_TaxInfo + "/input_reTypeNoticeInvoiceNumber"), "258147147"): Text '258147147' is set on object 'Object Repository/RAD_Pages/TaxInfo_Page/input_reTypeNoticeInvoiceNumber'

2021-11-08 13:23:04 - [MESSAGE][PASSED] - Text '258147147' is set on object 'Object Repository/RAD_Pages/TaxInfo_Page/input_reTypeNoticeInvoiceNumber'

2021-11-08 13:23:04 - [TEST_STEP][PASSED] - if (TaxTypeEL.equalsIgnoreCase("Sales & Use Tax")): null

2021-11-08 13:23:04 - [TEST_STEP][PASSED] - setText(findTestObject(orPath_Amount + "/input__paymentAmount"), Amount): Text '30.50' is set on object 'Object Repository/RAD_Pages/PaymentAmount_Page/input__paymentAmount'

2021-11-08 13:23:05 - [MESSAGE][PASSED] - Text '30.50' is set on object 'Object Repository/RAD_Pages/PaymentAmount_Page/input__paymentAmount'

2021-11-08 13:23:05 - [TEST_STEP][PASSED] - scrollToElement(findTestObject(orPath_Landing + "/button_Continue"), 3): Scroll to object 'Object Repository/RAD_Pages/Landing_Page/button_Continue' successfully

2021-11-08 13:23:05 - [MESSAGE][PASSED] - Scroll to object 'Object Repository/RAD_Pages/Landing_Page/button_Continue' successfully

2021-11-08 13:23:05 - [TEST_STEP][PASSED] - waitForElementClickable(findTestObject(orPath_Landing + "/button_Continue"), 5): Object 'Object Repository/RAD_Pages/Landing_Page/button_Continue' is clickable

2021-11-08 13:23:05 - [MESSAGE][PASSED] - Object 'Object Repository/RAD_Pages/Landing_Page/button_Continue' is clickable

2021-11-08 13:23:05 - [TEST_STEP][PASSED] - click(findTestObject(orPath_Landing + "/button_Continue")): Object: 'Object Repository/RAD_Pages/Landing_Page/button_Continue' is clicked on

2021-11-08 13:23:06 - [MESSAGE][PASSED] - Object: 'Object Repository/RAD_Pages/Landing_Page/button_Continue' is clicked on

2021-11-08 13:23:06 - [TEST_STEP][PASSED] - verifyTextPresent("Review the information below and make any necessary corrections by clicking the", true): Text 'Review the information below and make any necessary corrections by clicking the' is present on page  using regular expression

2021-11-08 13:23:06 - [MESSAGE][PASSED] - Text 'Review the information below and make any necessary corrections by clicking the' is present on page  using regular expression

2021-11-08 13:23:06 - [TEST_STEP][PASSED] - verifyTextPresent("When you are confident that all the information is correct", true): Text 'When you are confident that all the information is correct' is present on page  using regular expression

2021-11-08 13:23:07 - [MESSAGE][PASSED] - Text 'When you are confident that all the information is correct' is present on page  using regular expression

2021-11-08 13:23:07 - [TEST_STEP][PASSED] - delay(1): Delayed 1 second(s)

2021-11-08 13:23:08 - [MESSAGE][PASSED] - Delayed 1 second(s)

2021-11-08 13:23:08 - [TEST_STEP][PASSED] - click(findTestObject(orPath_PaymentReady + "/button_ProceedtoPayment")): Object: 'Object Repository/RAD_Pages/PaymentReady_Page/button_ProceedtoPayment' is clicked on

2021-11-08 13:23:10 - [MESSAGE][PASSED] - Object: 'Object Repository/RAD_Pages/PaymentReady_Page/button_ProceedtoPayment' is clicked on

2021-11-08 13:23:10 - [TEST_STEP][PASSED] - setText(findTestObject(orPath_PaymentEntry + "/input__cardNumber"), CCNumber): Text '4012000098765439' is set on object 'Object Repository/RAD_Pages/PaymentEntry_Page/input__cardNumber'

2021-11-08 13:23:11 - [MESSAGE][PASSED] - Text '4012000098765439' is set on object 'Object Repository/RAD_Pages/PaymentEntry_Page/input__cardNumber'

2021-11-08 13:23:11 - [TEST_STEP][PASSED] - setText(findTestObject(orPath_PaymentEntry + "/input__spc"), CVV): Text '123' is set on object 'Object Repository/RAD_Pages/PaymentEntry_Page/input__spc'

2021-11-08 13:23:11 - [MESSAGE][PASSED] - Text '123' is set on object 'Object Repository/RAD_Pages/PaymentEntry_Page/input__spc'

2021-11-08 13:23:11 - [TEST_STEP][PASSED] - selectOptionByLabel(findTestObject(orPath_PaymentEntry + "/select_MM"), "12", false): All options with label '12' are selected in object 'Object Repository/RAD_Pages/PaymentEntry_Page/select_MM' 

2021-11-08 13:23:12 - [MESSAGE][PASSED] - All options with label '12' are selected in object 'Object Repository/RAD_Pages/PaymentEntry_Page/select_MM' 

2021-11-08 13:23:12 - [TEST_STEP][PASSED] - selectOptionByLabel(findTestObject(orPath_PaymentEntry + "/select_YYYY"), "2023", false): All options with label '2023' are selected in object 'Object Repository/RAD_Pages/PaymentEntry_Page/select_YYYY' 

2021-11-08 13:23:13 - [MESSAGE][PASSED] - All options with label '2023' are selected in object 'Object Repository/RAD_Pages/PaymentEntry_Page/select_YYYY' 

2021-11-08 13:23:13 - [TEST_STEP][PASSED] - click(findTestObject(orPath_PaymentEntry + "/input_Field_ccSubmit")): Object: 'Object Repository/RAD_Pages/PaymentEntry_Page/input_Field_ccSubmit' is clicked on

2021-11-08 13:23:14 - [MESSAGE][PASSED] - Object: 'Object Repository/RAD_Pages/PaymentEntry_Page/input_Field_ccSubmit' is clicked on

2021-11-08 13:23:14 - [TEST_STEP][PASSED] - click(findTestObject(orPath_PaymentConfirmation + "/input_N_confirmNotifyAction")): Object: 'Object Repository/RAD_Pages/PaymentConfirmation_Page/input_N_confirmNotifyAction' is clicked on

2021-11-08 13:23:15 - [MESSAGE][PASSED] - Object: 'Object Repository/RAD_Pages/PaymentConfirmation_Page/input_N_confirmNotifyAction' is clicked on

2021-11-08 13:23:15 - [TEST_STEP][PASSED] - click(findTestObject(orPath_ServiceFeesAccept + "/input_convFeeNotifyAction")): Object: 'Object Repository/RAD_Pages/ServiceFeeAccept_Page/input_convFeeNotifyAction' is clicked on

2021-11-08 13:23:17 - [MESSAGE][PASSED] - Object: 'Object Repository/RAD_Pages/ServiceFeeAccept_Page/input_convFeeNotifyAction' is clicked on

2021-11-08 13:23:17 - [TEST_STEP][PASSED] - delay(10): Delayed 10 second(s)

2021-11-08 13:23:27 - [MESSAGE][PASSED] - Delayed 10 second(s)

2021-11-08 13:23:27 - [TEST_STEP][PASSED] - verifyTextPresent("Successful Payment Receipt", true): Text 'Successful Payment Receipt' is present on page  using regular expression

2021-11-08 13:23:27 - [MESSAGE][PASSED] - Text 'Successful Payment Receipt' is present on page  using regular expression

2021-11-08 13:23:27 - [TEST_STEP][PASSED] - if (verifyTextPresent("Successful Payment Receipt", true)): null

2021-11-08 13:23:27 - [MESSAGE][PASSED] - Text 'Successful Payment Receipt' is present on page  using regular expression

2021-11-08 13:23:27 - [TEST_STEP][PASSED] - println("Transaction was Successful"): null

2021-11-08 13:23:27 - [TEST_STEP][PASSED] - out.println("Pass Record Number: " + row): null

2021-11-08 13:23:27 - [TEST_STEP][PASSED] - resText = "Pass": null

2021-11-08 13:23:27 - [TEST_STEP][PASSED] - pages.WriteExcel.demoKey(resText, datText, resColumn, datCloumn, fileLoc, nameSheet, row): pages.WriteExcel.demoKey is PASSED

2021-11-08 13:23:27 - [MESSAGE][PASSED] - pages.WriteExcel.demoKey is PASSED

2021-11-08 13:23:27 - [TEST_STEP][PASSED] - ExecuteTC = findTestData(dataFile).getValue("Execute", row): null

2021-11-08 13:23:27 - [TEST_STEP][PASSED] - Taxtype = findTestData(dataFile).getValue("TaxType", row): null

2021-11-08 13:23:27 - [TEST_STEP][PASSED] - TaxTypeEL = findTestData(dataFile).getValue("TaxTypeEL", row): null

2021-11-08 13:23:27 - [TEST_STEP][PASSED] - FilingYear = findTestData(dataFile).getValue("FilingYear", row): null

2021-11-08 13:23:27 - [TEST_STEP][PASSED] - FName = findTestData(dataFile).getValue("Fname", row): null

2021-11-08 13:23:27 - [TEST_STEP][PASSED] - LName = findTestData(dataFile).getValue("Lname", row): null

2021-11-08 13:23:27 - [TEST_STEP][PASSED] - AL1 = findTestData(dataFile).getValue("AL1", row): null

2021-11-08 13:23:27 - [TEST_STEP][PASSED] - City = findTestData(dataFile).getValue("City", row): null

2021-11-08 13:23:27 - [TEST_STEP][PASSED] - ZIP = findTestData(dataFile).getValue("ZIP", row): null

2021-11-08 13:23:27 - [TEST_STEP][PASSED] - Amount = findTestData(dataFile).getValue("Amount", row): null

2021-11-08 13:23:27 - [TEST_STEP][PASSED] - CCNumber = findTestData(dataFile).getValue("CCNumber", row): null

2021-11-08 13:23:28 - [TEST_STEP][PASSED] - CVV = findTestData(dataFile).getValue("CVV", row): null

2021-11-08 13:23:28 - [TEST_STEP][PASSED] - SSN = findTestData(dataFile).getValue("SSN", row): null

2021-11-08 13:23:28 - [TEST_STEP][PASSED] - FEIN = findTestData(dataFile).getValue("FEIN", row): null

2021-11-08 13:23:28 - [TEST_STEP][PASSED] - out.println("Value of Execute is : " + ExecuteTC): null

2021-11-08 13:23:28 - [TEST_STEP][PASSED] - if (ExecuteTC.equalsIgnoreCase("Y")): null

2021-11-08 13:23:28 - [TEST_STEP][PASSED] - out.println("Begin Record Number: " + row): null

2021-11-08 13:23:28 - [TEST_STEP][PASSED] - today = new java.util.Date(): null

2021-11-08 13:23:28 - [TEST_STEP][PASSED] - println(today): null

2021-11-08 13:23:28 - [TEST_STEP][PASSED] - datText = today: null

2021-11-08 13:23:28 - [TEST_STEP][PASSED] - Taxtype = findTestData(dataFile).getValue("TaxType", row): null

2021-11-08 13:23:28 - [TEST_STEP][PASSED] - out.println("Taxtype value is : " + Taxtype): null

2021-11-08 13:23:28 - [TEST_STEP][PASSED] - openBrowser(""): Browser is opened with url: ''

2021-11-08 13:23:28 - [MESSAGE][WARNING] - A browser is already opened. Closing browser and opening a new one

2021-11-08 13:23:29 - [MESSAGE][INFO] - Starting 'Chrome' driver

2021-11-08 13:23:29 - [MESSAGE][INFO] - User set preference: ['acceptInsecureCerts', 'true']

2021-11-08 13:23:29 - [MESSAGE][INFO] - Action delay is set to 0 milliseconds

2021-11-08 13:23:30 - [MESSAGE][PASSED] - Browser is opened with url: ''

2021-11-08 13:23:30 - [TEST_STEP][PASSED] - maximizeWindow(): Current window maximized

2021-11-08 13:23:30 - [MESSAGE][PASSED] - Current window maximized

2021-11-08 13:23:30 - [TEST_STEP][PASSED] - navigateToUrl(RADurl): Navigate to 'https://qa.velocitypayment.com/client/rad/index.html' successfully

2021-11-08 13:23:32 - [MESSAGE][PASSED] - Navigate to 'https://qa.velocitypayment.com/client/rad/index.html' successfully

2021-11-08 13:23:32 - [TEST_STEP][PASSED] - orPath_Landing = "Object Repository/RAD_Pages/Landing_Page": null

2021-11-08 13:23:32 - [TEST_STEP][PASSED] - orPath_TaxTypeFilingYear = "Object Repository/RAD_Pages/TaxTypeFilingYear_Page": null

2021-11-08 13:23:32 - [TEST_STEP][PASSED] - orPath_TaxPayer = "Object Repository/RAD_Pages/Taxpayer_Page": null

2021-11-08 13:23:32 - [TEST_STEP][PASSED] - orPath_AddressContact = "Object Repository/RAD_Pages/AddressAndContactInfo_Page": null

2021-11-08 13:23:32 - [TEST_STEP][PASSED] - orPath_FilingStatus = "Object Repository/RAD_Pages/FilingStatus_Page": null

2021-11-08 13:23:32 - [TEST_STEP][PASSED] - orPath_Amount = "Object Repository/RAD_Pages/PaymentAmount_Page": null

2021-11-08 13:23:32 - [TEST_STEP][PASSED] - orPath_TaxInfo = "Object Repository/RAD_Pages/TaxInfo_Page": null

2021-11-08 13:23:32 - [TEST_STEP][PASSED] - orPath_Withholding = "Object Repository/RAD_Pages/Withholding_Page": null

2021-11-08 13:23:32 - [TEST_STEP][PASSED] - orPath_Summary = "Object Repository/RAD_Pages/Summary_Page": null

2021-11-08 13:23:32 - [TEST_STEP][PASSED] - orPath_PaymentReady = "Object Repository/RAD_Pages/PaymentReady_Page": null

2021-11-08 13:23:32 - [TEST_STEP][PASSED] - orPath_PaymentEntry = "Object Repository/RAD_Pages/PaymentEntry_Page": null

2021-11-08 13:23:32 - [TEST_STEP][PASSED] - orPath_PaymentConfirmation = "Object Repository/RAD_Pages/PaymentConfirmation_Page": null

2021-11-08 13:23:32 - [TEST_STEP][PASSED] - orPath_ServiceFeesAccept = "Object Repository/RAD_Pages/ServiceFeeAccept_Page": null

2021-11-08 13:23:32 - [TEST_STEP][PASSED] - selectOptionByLabel(findTestObject(orPath_Landing + "/dd_TaxType"), Taxtype, false): All options with label 'Existing Liability' are selected in object 'Object Repository/RAD_Pages/Landing_Page/dd_TaxType' 

2021-11-08 13:23:33 - [MESSAGE][PASSED] - All options with label 'Existing Liability' are selected in object 'Object Repository/RAD_Pages/Landing_Page/dd_TaxType' 

2021-11-08 13:23:33 - [TEST_STEP][PASSED] - delay(1): Delayed 1 second(s)

2021-11-08 13:23:34 - [MESSAGE][PASSED] - Delayed 1 second(s)

2021-11-08 13:23:34 - [TEST_STEP][PASSED] - selectOptionByLabel(findTestObject(orPath_TaxTypeFilingYear + "/select_TaxType_ExistingLiability"), TaxTypeEL, false): All options with label 'Bay Restoration Fund Tax' are selected in object 'Object Repository/RAD_Pages/TaxTypeFilingYear_Page/select_TaxType_ExistingLiability' 

2021-11-08 13:23:35 - [MESSAGE][PASSED] - All options with label 'Bay Restoration Fund Tax' are selected in object 'Object Repository/RAD_Pages/TaxTypeFilingYear_Page/select_TaxType_ExistingLiability' 

2021-11-08 13:23:35 - [TEST_STEP][PASSED] - selectOptionByLabel(findTestObject(orPath_TaxTypeFilingYear + "/select_FilingYear"), FilingYear, false): All options with label '2019' are selected in object 'Object Repository/RAD_Pages/TaxTypeFilingYear_Page/select_FilingYear' 

2021-11-08 13:23:35 - [MESSAGE][PASSED] - All options with label '2019' are selected in object 'Object Repository/RAD_Pages/TaxTypeFilingYear_Page/select_FilingYear' 

2021-11-08 13:23:35 - [TEST_STEP][PASSED] - setText(findTestObject(orPath_TaxPayer + "/input_firstName"), FName): Text 'Michael' is set on object 'Object Repository/RAD_Pages/Taxpayer_Page/input_firstName'

2021-11-08 13:23:36 - [MESSAGE][PASSED] - Text 'Michael' is set on object 'Object Repository/RAD_Pages/Taxpayer_Page/input_firstName'

2021-11-08 13:23:36 - [TEST_STEP][PASSED] - setText(findTestObject(orPath_TaxPayer + "/input_lastName"), LName): Text 'Anderson' is set on object 'Object Repository/RAD_Pages/Taxpayer_Page/input_lastName'

2021-11-08 13:23:37 - [MESSAGE][PASSED] - Text 'Anderson' is set on object 'Object Repository/RAD_Pages/Taxpayer_Page/input_lastName'

2021-11-08 13:23:37 - [TEST_STEP][PASSED] - setText(findTestObject(orPath_TaxPayer + "/input_middleName"), "Johns"): Text 'Johns' is set on object 'Object Repository/RAD_Pages/Taxpayer_Page/input_middleName'

2021-11-08 13:23:37 - [MESSAGE][PASSED] - Text 'Johns' is set on object 'Object Repository/RAD_Pages/Taxpayer_Page/input_middleName'

2021-11-08 13:23:37 - [TEST_STEP][PASSED] - setText(findTestObject(orPath_TaxPayer + "/input_suffix"), "Sr"): Text 'Sr' is set on object 'Object Repository/RAD_Pages/Taxpayer_Page/input_suffix'

2021-11-08 13:23:38 - [MESSAGE][PASSED] - Text 'Sr' is set on object 'Object Repository/RAD_Pages/Taxpayer_Page/input_suffix'

2021-11-08 13:23:38 - [TEST_STEP][PASSED] - selectOptionByLabel(findTestObject(orPath_AddressContact + "/select_Country"), "United States", false): All options with label 'United States' are selected in object 'Object Repository/RAD_Pages/AddressAndContactInfo_Page/select_Country' 

2021-11-08 13:23:38 - [MESSAGE][PASSED] - All options with label 'United States' are selected in object 'Object Repository/RAD_Pages/AddressAndContactInfo_Page/select_Country' 

2021-11-08 13:23:38 - [TEST_STEP][PASSED] - setText(findTestObject(orPath_AddressContact + "/input_streetAddress1"), AL1): Text '2311 York road' is set on object 'Object Repository/RAD_Pages/AddressAndContactInfo_Page/input_streetAddress1'

2021-11-08 13:23:39 - [MESSAGE][PASSED] - Text '2311 York road' is set on object 'Object Repository/RAD_Pages/AddressAndContactInfo_Page/input_streetAddress1'

2021-11-08 13:23:39 - [TEST_STEP][PASSED] - setText(findTestObject(orPath_AddressContact + "/input_streetAddress2"), ""): Text '' is set on object 'Object Repository/RAD_Pages/AddressAndContactInfo_Page/input_streetAddress2'

2021-11-08 13:23:40 - [MESSAGE][PASSED] - Text '' is set on object 'Object Repository/RAD_Pages/AddressAndContactInfo_Page/input_streetAddress2'

2021-11-08 13:23:40 - [TEST_STEP][PASSED] - setText(findTestObject(orPath_AddressContact + "/input_city"), City): Text 'Gambrills' is set on object 'Object Repository/RAD_Pages/AddressAndContactInfo_Page/input_city'

2021-11-08 13:23:40 - [MESSAGE][PASSED] - Text 'Gambrills' is set on object 'Object Repository/RAD_Pages/AddressAndContactInfo_Page/input_city'

2021-11-08 13:23:40 - [TEST_STEP][PASSED] - selectOptionByLabel(findTestObject(orPath_AddressContact + "/select_State"), "Maryland", false): All options with label 'Maryland' are selected in object 'Object Repository/RAD_Pages/AddressAndContactInfo_Page/select_State' 

2021-11-08 13:23:41 - [MESSAGE][PASSED] - All options with label 'Maryland' are selected in object 'Object Repository/RAD_Pages/AddressAndContactInfo_Page/select_State' 

2021-11-08 13:23:41 - [TEST_STEP][PASSED] - setText(findTestObject(orPath_AddressContact + "/input_zipCode"), ZIP): Text '21054' is set on object 'Object Repository/RAD_Pages/AddressAndContactInfo_Page/input_zipCode'

2021-11-08 13:23:42 - [MESSAGE][PASSED] - Text '21054' is set on object 'Object Repository/RAD_Pages/AddressAndContactInfo_Page/input_zipCode'

2021-11-08 13:23:42 - [TEST_STEP][PASSED] - setText(findTestObject(orPath_AddressContact + "/input_phoneNumber"), "(703) 894-5000"): Text '(703) 894-5000' is set on object 'Object Repository/RAD_Pages/AddressAndContactInfo_Page/input_phoneNumber'

2021-11-08 13:23:42 - [MESSAGE][PASSED] - Text '(703) 894-5000' is set on object 'Object Repository/RAD_Pages/AddressAndContactInfo_Page/input_phoneNumber'

2021-11-08 13:23:42 - [TEST_STEP][PASSED] - setText(findTestObject(orPath_AddressContact + "/input_eMailAddress"), "iahmed@govolution.com"): Text 'iahmed@govolution.com' is set on object 'Object Repository/RAD_Pages/AddressAndContactInfo_Page/input_eMailAddress'

2021-11-08 13:23:43 - [MESSAGE][PASSED] - Text 'iahmed@govolution.com' is set on object 'Object Repository/RAD_Pages/AddressAndContactInfo_Page/input_eMailAddress'

2021-11-08 13:23:43 - [TEST_STEP][PASSED] - setText(findTestObject(orPath_AddressContact + "/input_reEnterEMailAddress"), "iahmed@govolution.com"): Text 'iahmed@govolution.com' is set on object 'Object Repository/RAD_Pages/AddressAndContactInfo_Page/input_reEnterEMailAddress'

2021-11-08 13:23:44 - [MESSAGE][PASSED] - Text 'iahmed@govolution.com' is set on object 'Object Repository/RAD_Pages/AddressAndContactInfo_Page/input_reEnterEMailAddress'

2021-11-08 13:23:44 - [TEST_STEP][PASSED] - if (!(SSN.isEmpty())): null

2021-11-08 13:23:44 - [TEST_STEP][PASSED] - scrollToElement(findTestObject(orPath_Amount + "/input__paymentAmount"), 3): Scroll to object 'Object Repository/RAD_Pages/PaymentAmount_Page/input__paymentAmount' successfully

2021-11-08 13:23:44 - [MESSAGE][PASSED] - Scroll to object 'Object Repository/RAD_Pages/PaymentAmount_Page/input__paymentAmount' successfully

2021-11-08 13:23:44 - [TEST_STEP][PASSED] - if (!(FEIN.isEmpty())): Text '258369258' is set on object 'Object Repository/RAD_Pages/TaxInfo_Page/input_ReTypeFEIN'

2021-11-08 13:23:44 - [TEST_STEP][PASSED] - setText(findTestObject(orPath_TaxInfo + "/input_FEIN"), FEIN): Text '258369258' is set on object 'Object Repository/RAD_Pages/TaxInfo_Page/input_FEIN'

2021-11-08 13:23:45 - [MESSAGE][PASSED] - Text '258369258' is set on object 'Object Repository/RAD_Pages/TaxInfo_Page/input_FEIN'

2021-11-08 13:23:45 - [TEST_STEP][PASSED] - setText(findTestObject(orPath_TaxInfo + "/input_ReTypeFEIN"), FEIN): Text '258369258' is set on object 'Object Repository/RAD_Pages/TaxInfo_Page/input_ReTypeFEIN'

2021-11-08 13:23:46 - [MESSAGE][PASSED] - Text '258369258' is set on object 'Object Repository/RAD_Pages/TaxInfo_Page/input_ReTypeFEIN'

2021-11-08 13:23:46 - [TEST_STEP][PASSED] - delay(1): Delayed 1 second(s)

2021-11-08 13:23:47 - [MESSAGE][PASSED] - Delayed 1 second(s)

2021-11-08 13:23:47 - [TEST_STEP][PASSED] - setText(findTestObject(orPath_TaxInfo + "/input_NoticeInvoiceNumber"), "258147147"): Text '258147147' is set on object 'Object Repository/RAD_Pages/TaxInfo_Page/input_NoticeInvoiceNumber'

2021-11-08 13:23:47 - [MESSAGE][PASSED] - Text '258147147' is set on object 'Object Repository/RAD_Pages/TaxInfo_Page/input_NoticeInvoiceNumber'

2021-11-08 13:23:47 - [TEST_STEP][PASSED] - setText(findTestObject(orPath_TaxInfo + "/input_reTypeNoticeInvoiceNumber"), "258147147"): Text '258147147' is set on object 'Object Repository/RAD_Pages/TaxInfo_Page/input_reTypeNoticeInvoiceNumber'

2021-11-08 13:23:48 - [MESSAGE][PASSED] - Text '258147147' is set on object 'Object Repository/RAD_Pages/TaxInfo_Page/input_reTypeNoticeInvoiceNumber'

2021-11-08 13:23:48 - [TEST_STEP][PASSED] - if (TaxTypeEL.equalsIgnoreCase("Sales & Use Tax")): null

2021-11-08 13:23:48 - [TEST_STEP][PASSED] - setText(findTestObject(orPath_Amount + "/input__paymentAmount"), Amount): Text '30.50' is set on object 'Object Repository/RAD_Pages/PaymentAmount_Page/input__paymentAmount'

2021-11-08 13:23:49 - [MESSAGE][PASSED] - Text '30.50' is set on object 'Object Repository/RAD_Pages/PaymentAmount_Page/input__paymentAmount'

2021-11-08 13:23:49 - [TEST_STEP][PASSED] - scrollToElement(findTestObject(orPath_Landing + "/button_Continue"), 3): Scroll to object 'Object Repository/RAD_Pages/Landing_Page/button_Continue' successfully

2021-11-08 13:23:49 - [MESSAGE][PASSED] - Scroll to object 'Object Repository/RAD_Pages/Landing_Page/button_Continue' successfully

2021-11-08 13:23:49 - [TEST_STEP][PASSED] - waitForElementClickable(findTestObject(orPath_Landing + "/button_Continue"), 5): Object 'Object Repository/RAD_Pages/Landing_Page/button_Continue' is clickable

2021-11-08 13:23:50 - [MESSAGE][PASSED] - Object 'Object Repository/RAD_Pages/Landing_Page/button_Continue' is clickable

2021-11-08 13:23:50 - [TEST_STEP][PASSED] - click(findTestObject(orPath_Landing + "/button_Continue")): Object: 'Object Repository/RAD_Pages/Landing_Page/button_Continue' is clicked on

2021-11-08 13:23:50 - [MESSAGE][PASSED] - Object: 'Object Repository/RAD_Pages/Landing_Page/button_Continue' is clicked on

2021-11-08 13:23:50 - [TEST_STEP][PASSED] - verifyTextPresent("Review the information below and make any necessary corrections by clicking the", true): Text 'Review the information below and make any necessary corrections by clicking the' is present on page  using regular expression

2021-11-08 13:23:51 - [MESSAGE][PASSED] - Text 'Review the information below and make any necessary corrections by clicking the' is present on page  using regular expression

2021-11-08 13:23:51 - [TEST_STEP][PASSED] - verifyTextPresent("When you are confident that all the information is correct", true): Text 'When you are confident that all the information is correct' is present on page  using regular expression

2021-11-08 13:23:51 - [MESSAGE][PASSED] - Text 'When you are confident that all the information is correct' is present on page  using regular expression

2021-11-08 13:23:51 - [TEST_STEP][PASSED] - delay(1): Delayed 1 second(s)

2021-11-08 13:23:52 - [MESSAGE][PASSED] - Delayed 1 second(s)

2021-11-08 13:23:52 - [TEST_STEP][PASSED] - click(findTestObject(orPath_PaymentReady + "/button_ProceedtoPayment")): Object: 'Object Repository/RAD_Pages/PaymentReady_Page/button_ProceedtoPayment' is clicked on

2021-11-08 13:23:54 - [MESSAGE][PASSED] - Object: 'Object Repository/RAD_Pages/PaymentReady_Page/button_ProceedtoPayment' is clicked on

2021-11-08 13:23:54 - [TEST_STEP][PASSED] - setText(findTestObject(orPath_PaymentEntry + "/input__cardNumber"), CCNumber): Text '4012000098765439' is set on object 'Object Repository/RAD_Pages/PaymentEntry_Page/input__cardNumber'

2021-11-08 13:23:55 - [MESSAGE][PASSED] - Text '4012000098765439' is set on object 'Object Repository/RAD_Pages/PaymentEntry_Page/input__cardNumber'

2021-11-08 13:23:55 - [TEST_STEP][PASSED] - setText(findTestObject(orPath_PaymentEntry + "/input__spc"), CVV): Text '123' is set on object 'Object Repository/RAD_Pages/PaymentEntry_Page/input__spc'

2021-11-08 13:23:55 - [MESSAGE][PASSED] - Text '123' is set on object 'Object Repository/RAD_Pages/PaymentEntry_Page/input__spc'

2021-11-08 13:23:55 - [TEST_STEP][PASSED] - selectOptionByLabel(findTestObject(orPath_PaymentEntry + "/select_MM"), "12", false): All options with label '12' are selected in object 'Object Repository/RAD_Pages/PaymentEntry_Page/select_MM' 

2021-11-08 13:23:56 - [MESSAGE][PASSED] - All options with label '12' are selected in object 'Object Repository/RAD_Pages/PaymentEntry_Page/select_MM' 

2021-11-08 13:23:56 - [TEST_STEP][PASSED] - selectOptionByLabel(findTestObject(orPath_PaymentEntry + "/select_YYYY"), "2023", false): All options with label '2023' are selected in object 'Object Repository/RAD_Pages/PaymentEntry_Page/select_YYYY' 

2021-11-08 13:23:57 - [MESSAGE][PASSED] - All options with label '2023' are selected in object 'Object Repository/RAD_Pages/PaymentEntry_Page/select_YYYY' 

2021-11-08 13:23:57 - [TEST_STEP][PASSED] - click(findTestObject(orPath_PaymentEntry + "/input_Field_ccSubmit")): Object: 'Object Repository/RAD_Pages/PaymentEntry_Page/input_Field_ccSubmit' is clicked on

2021-11-08 13:23:58 - [MESSAGE][PASSED] - Object: 'Object Repository/RAD_Pages/PaymentEntry_Page/input_Field_ccSubmit' is clicked on

2021-11-08 13:23:58 - [TEST_STEP][PASSED] - click(findTestObject(orPath_PaymentConfirmation + "/input_N_confirmNotifyAction")): Object: 'Object Repository/RAD_Pages/PaymentConfirmation_Page/input_N_confirmNotifyAction' is clicked on

2021-11-08 13:23:59 - [MESSAGE][PASSED] - Object: 'Object Repository/RAD_Pages/PaymentConfirmation_Page/input_N_confirmNotifyAction' is clicked on

2021-11-08 13:23:59 - [TEST_STEP][PASSED] - click(findTestObject(orPath_ServiceFeesAccept + "/input_convFeeNotifyAction")): Object: 'Object Repository/RAD_Pages/ServiceFeeAccept_Page/input_convFeeNotifyAction' is clicked on

2021-11-08 13:24:01 - [MESSAGE][PASSED] - Object: 'Object Repository/RAD_Pages/ServiceFeeAccept_Page/input_convFeeNotifyAction' is clicked on

2021-11-08 13:24:01 - [TEST_STEP][PASSED] - delay(10): Delayed 10 second(s)

2021-11-08 13:24:11 - [MESSAGE][PASSED] - Delayed 10 second(s)

2021-11-08 13:24:11 - [TEST_STEP][PASSED] - verifyTextPresent("Successful Payment Receipt", true): Text 'Successful Payment Receipt' is present on page  using regular expression

2021-11-08 13:24:11 - [MESSAGE][PASSED] - Text 'Successful Payment Receipt' is present on page  using regular expression

2021-11-08 13:24:11 - [TEST_STEP][PASSED] - if (verifyTextPresent("Successful Payment Receipt", true)): null

2021-11-08 13:24:11 - [MESSAGE][PASSED] - Text 'Successful Payment Receipt' is present on page  using regular expression

2021-11-08 13:24:11 - [TEST_STEP][PASSED] - println("Transaction was Successful"): null

2021-11-08 13:24:11 - [TEST_STEP][PASSED] - out.println("Pass Record Number: " + row): null

2021-11-08 13:24:11 - [TEST_STEP][PASSED] - resText = "Pass": null

2021-11-08 13:24:11 - [TEST_STEP][PASSED] - pages.WriteExcel.demoKey(resText, datText, resColumn, datCloumn, fileLoc, nameSheet, row): pages.WriteExcel.demoKey is PASSED

2021-11-08 13:24:11 - [MESSAGE][PASSED] - pages.WriteExcel.demoKey is PASSED

2021-11-08 13:24:11 - [TEST_STEP][PASSED] - ExecuteTC = findTestData(dataFile).getValue("Execute", row): null

2021-11-08 13:24:11 - [TEST_STEP][PASSED] - Taxtype = findTestData(dataFile).getValue("TaxType", row): null

2021-11-08 13:24:11 - [TEST_STEP][PASSED] - TaxTypeEL = findTestData(dataFile).getValue("TaxTypeEL", row): null

2021-11-08 13:24:11 - [TEST_STEP][PASSED] - FilingYear = findTestData(dataFile).getValue("FilingYear", row): null

2021-11-08 13:24:11 - [TEST_STEP][PASSED] - FName = findTestData(dataFile).getValue("Fname", row): null

2021-11-08 13:24:11 - [TEST_STEP][PASSED] - LName = findTestData(dataFile).getValue("Lname", row): null

2021-11-08 13:24:11 - [TEST_STEP][PASSED] - AL1 = findTestData(dataFile).getValue("AL1", row): null

2021-11-08 13:24:11 - [TEST_STEP][PASSED] - City = findTestData(dataFile).getValue("City", row): null

2021-11-08 13:24:11 - [TEST_STEP][PASSED] - ZIP = findTestData(dataFile).getValue("ZIP", row): null

2021-11-08 13:24:11 - [TEST_STEP][PASSED] - Amount = findTestData(dataFile).getValue("Amount", row): null

2021-11-08 13:24:11 - [TEST_STEP][PASSED] - CCNumber = findTestData(dataFile).getValue("CCNumber", row): null

2021-11-08 13:24:12 - [TEST_STEP][PASSED] - CVV = findTestData(dataFile).getValue("CVV", row): null

2021-11-08 13:24:12 - [TEST_STEP][PASSED] - SSN = findTestData(dataFile).getValue("SSN", row): null

2021-11-08 13:24:12 - [TEST_STEP][PASSED] - FEIN = findTestData(dataFile).getValue("FEIN", row): null

2021-11-08 13:24:12 - [TEST_STEP][PASSED] - out.println("Value of Execute is : " + ExecuteTC): null

2021-11-08 13:24:12 - [TEST_STEP][PASSED] - if (ExecuteTC.equalsIgnoreCase("Y")): null

2021-11-08 13:24:12 - [TEST_STEP][PASSED] - out.println("Begin Record Number: " + row): null

2021-11-08 13:24:12 - [TEST_STEP][PASSED] - today = new java.util.Date(): null

2021-11-08 13:24:12 - [TEST_STEP][PASSED] - println(today): null

2021-11-08 13:24:12 - [TEST_STEP][PASSED] - datText = today: null

2021-11-08 13:24:12 - [TEST_STEP][PASSED] - Taxtype = findTestData(dataFile).getValue("TaxType", row): null

2021-11-08 13:24:12 - [TEST_STEP][PASSED] - out.println("Taxtype value is : " + Taxtype): null

2021-11-08 13:24:12 - [TEST_STEP][PASSED] - openBrowser(""): Browser is opened with url: ''

2021-11-08 13:24:12 - [MESSAGE][WARNING] - A browser is already opened. Closing browser and opening a new one

2021-11-08 13:24:12 - [MESSAGE][INFO] - Starting 'Chrome' driver

2021-11-08 13:24:12 - [MESSAGE][INFO] - User set preference: ['acceptInsecureCerts', 'true']

2021-11-08 13:24:12 - [MESSAGE][INFO] - Action delay is set to 0 milliseconds

2021-11-08 13:24:14 - [MESSAGE][PASSED] - Browser is opened with url: ''

2021-11-08 13:24:14 - [TEST_STEP][PASSED] - maximizeWindow(): Current window maximized

2021-11-08 13:24:14 - [MESSAGE][PASSED] - Current window maximized

2021-11-08 13:24:14 - [TEST_STEP][PASSED] - navigateToUrl(RADurl): Navigate to 'https://qa.velocitypayment.com/client/rad/index.html' successfully

2021-11-08 13:24:16 - [MESSAGE][PASSED] - Navigate to 'https://qa.velocitypayment.com/client/rad/index.html' successfully

2021-11-08 13:24:16 - [TEST_STEP][PASSED] - orPath_Landing = "Object Repository/RAD_Pages/Landing_Page": null

2021-11-08 13:24:16 - [TEST_STEP][PASSED] - orPath_TaxTypeFilingYear = "Object Repository/RAD_Pages/TaxTypeFilingYear_Page": null

2021-11-08 13:24:16 - [TEST_STEP][PASSED] - orPath_TaxPayer = "Object Repository/RAD_Pages/Taxpayer_Page": null

2021-11-08 13:24:16 - [TEST_STEP][PASSED] - orPath_AddressContact = "Object Repository/RAD_Pages/AddressAndContactInfo_Page": null

2021-11-08 13:24:16 - [TEST_STEP][PASSED] - orPath_FilingStatus = "Object Repository/RAD_Pages/FilingStatus_Page": null

2021-11-08 13:24:16 - [TEST_STEP][PASSED] - orPath_Amount = "Object Repository/RAD_Pages/PaymentAmount_Page": null

2021-11-08 13:24:16 - [TEST_STEP][PASSED] - orPath_TaxInfo = "Object Repository/RAD_Pages/TaxInfo_Page": null

2021-11-08 13:24:16 - [TEST_STEP][PASSED] - orPath_Withholding = "Object Repository/RAD_Pages/Withholding_Page": null

2021-11-08 13:24:16 - [TEST_STEP][PASSED] - orPath_Summary = "Object Repository/RAD_Pages/Summary_Page": null

2021-11-08 13:24:16 - [TEST_STEP][PASSED] - orPath_PaymentReady = "Object Repository/RAD_Pages/PaymentReady_Page": null

2021-11-08 13:24:16 - [TEST_STEP][PASSED] - orPath_PaymentEntry = "Object Repository/RAD_Pages/PaymentEntry_Page": null

2021-11-08 13:24:16 - [TEST_STEP][PASSED] - orPath_PaymentConfirmation = "Object Repository/RAD_Pages/PaymentConfirmation_Page": null

2021-11-08 13:24:16 - [TEST_STEP][PASSED] - orPath_ServiceFeesAccept = "Object Repository/RAD_Pages/ServiceFeeAccept_Page": null

2021-11-08 13:24:16 - [TEST_STEP][PASSED] - selectOptionByLabel(findTestObject(orPath_Landing + "/dd_TaxType"), Taxtype, false): All options with label 'Existing Liability' are selected in object 'Object Repository/RAD_Pages/Landing_Page/dd_TaxType' 

2021-11-08 13:24:17 - [MESSAGE][PASSED] - All options with label 'Existing Liability' are selected in object 'Object Repository/RAD_Pages/Landing_Page/dd_TaxType' 

2021-11-08 13:24:17 - [TEST_STEP][PASSED] - delay(1): Delayed 1 second(s)

2021-11-08 13:24:18 - [MESSAGE][PASSED] - Delayed 1 second(s)

2021-11-08 13:24:18 - [TEST_STEP][PASSED] - selectOptionByLabel(findTestObject(orPath_TaxTypeFilingYear + "/select_TaxType_ExistingLiability"), TaxTypeEL, false): All options with label 'CORP Tax' are selected in object 'Object Repository/RAD_Pages/TaxTypeFilingYear_Page/select_TaxType_ExistingLiability' 

2021-11-08 13:24:18 - [MESSAGE][PASSED] - All options with label 'CORP Tax' are selected in object 'Object Repository/RAD_Pages/TaxTypeFilingYear_Page/select_TaxType_ExistingLiability' 

2021-11-08 13:24:18 - [TEST_STEP][PASSED] - selectOptionByLabel(findTestObject(orPath_TaxTypeFilingYear + "/select_FilingYear"), FilingYear, false): All options with label '2019' are selected in object 'Object Repository/RAD_Pages/TaxTypeFilingYear_Page/select_FilingYear' 

2021-11-08 13:24:19 - [MESSAGE][PASSED] - All options with label '2019' are selected in object 'Object Repository/RAD_Pages/TaxTypeFilingYear_Page/select_FilingYear' 

2021-11-08 13:24:19 - [TEST_STEP][PASSED] - setText(findTestObject(orPath_TaxPayer + "/input_firstName"), FName): Text 'Andy' is set on object 'Object Repository/RAD_Pages/Taxpayer_Page/input_firstName'

2021-11-08 13:24:20 - [MESSAGE][PASSED] - Text 'Andy' is set on object 'Object Repository/RAD_Pages/Taxpayer_Page/input_firstName'

2021-11-08 13:24:20 - [TEST_STEP][PASSED] - setText(findTestObject(orPath_TaxPayer + "/input_lastName"), LName): Text 'Broad' is set on object 'Object Repository/RAD_Pages/Taxpayer_Page/input_lastName'

2021-11-08 13:24:20 - [MESSAGE][PASSED] - Text 'Broad' is set on object 'Object Repository/RAD_Pages/Taxpayer_Page/input_lastName'

2021-11-08 13:24:20 - [TEST_STEP][PASSED] - setText(findTestObject(orPath_TaxPayer + "/input_middleName"), "Johns"): Text 'Johns' is set on object 'Object Repository/RAD_Pages/Taxpayer_Page/input_middleName'

2021-11-08 13:24:21 - [MESSAGE][PASSED] - Text 'Johns' is set on object 'Object Repository/RAD_Pages/Taxpayer_Page/input_middleName'

2021-11-08 13:24:21 - [TEST_STEP][PASSED] - setText(findTestObject(orPath_TaxPayer + "/input_suffix"), "Sr"): Text 'Sr' is set on object 'Object Repository/RAD_Pages/Taxpayer_Page/input_suffix'

2021-11-08 13:24:22 - [MESSAGE][PASSED] - Text 'Sr' is set on object 'Object Repository/RAD_Pages/Taxpayer_Page/input_suffix'

2021-11-08 13:24:22 - [TEST_STEP][PASSED] - selectOptionByLabel(findTestObject(orPath_AddressContact + "/select_Country"), "United States", false): All options with label 'United States' are selected in object 'Object Repository/RAD_Pages/AddressAndContactInfo_Page/select_Country' 

2021-11-08 13:24:22 - [MESSAGE][PASSED] - All options with label 'United States' are selected in object 'Object Repository/RAD_Pages/AddressAndContactInfo_Page/select_Country' 

2021-11-08 13:24:22 - [TEST_STEP][PASSED] - setText(findTestObject(orPath_AddressContact + "/input_streetAddress1"), AL1): Text '25 Moan Road' is set on object 'Object Repository/RAD_Pages/AddressAndContactInfo_Page/input_streetAddress1'

2021-11-08 13:24:23 - [MESSAGE][PASSED] - Text '25 Moan Road' is set on object 'Object Repository/RAD_Pages/AddressAndContactInfo_Page/input_streetAddress1'

2021-11-08 13:24:23 - [TEST_STEP][PASSED] - setText(findTestObject(orPath_AddressContact + "/input_streetAddress2"), ""): Text '' is set on object 'Object Repository/RAD_Pages/AddressAndContactInfo_Page/input_streetAddress2'

2021-11-08 13:24:23 - [MESSAGE][PASSED] - Text '' is set on object 'Object Repository/RAD_Pages/AddressAndContactInfo_Page/input_streetAddress2'

2021-11-08 13:24:23 - [TEST_STEP][PASSED] - setText(findTestObject(orPath_AddressContact + "/input_city"), City): Text 'Severn' is set on object 'Object Repository/RAD_Pages/AddressAndContactInfo_Page/input_city'

2021-11-08 13:24:24 - [MESSAGE][PASSED] - Text 'Severn' is set on object 'Object Repository/RAD_Pages/AddressAndContactInfo_Page/input_city'

2021-11-08 13:24:24 - [TEST_STEP][PASSED] - selectOptionByLabel(findTestObject(orPath_AddressContact + "/select_State"), "Maryland", false): All options with label 'Maryland' are selected in object 'Object Repository/RAD_Pages/AddressAndContactInfo_Page/select_State' 

2021-11-08 13:24:25 - [MESSAGE][PASSED] - All options with label 'Maryland' are selected in object 'Object Repository/RAD_Pages/AddressAndContactInfo_Page/select_State' 

2021-11-08 13:24:25 - [TEST_STEP][PASSED] - setText(findTestObject(orPath_AddressContact + "/input_zipCode"), ZIP): Text '21114' is set on object 'Object Repository/RAD_Pages/AddressAndContactInfo_Page/input_zipCode'

2021-11-08 13:24:25 - [MESSAGE][PASSED] - Text '21114' is set on object 'Object Repository/RAD_Pages/AddressAndContactInfo_Page/input_zipCode'

2021-11-08 13:24:25 - [TEST_STEP][PASSED] - setText(findTestObject(orPath_AddressContact + "/input_phoneNumber"), "(703) 894-5000"): Text '(703) 894-5000' is set on object 'Object Repository/RAD_Pages/AddressAndContactInfo_Page/input_phoneNumber'

2021-11-08 13:24:26 - [MESSAGE][PASSED] - Text '(703) 894-5000' is set on object 'Object Repository/RAD_Pages/AddressAndContactInfo_Page/input_phoneNumber'

2021-11-08 13:24:26 - [TEST_STEP][PASSED] - setText(findTestObject(orPath_AddressContact + "/input_eMailAddress"), "iahmed@govolution.com"): Text 'iahmed@govolution.com' is set on object 'Object Repository/RAD_Pages/AddressAndContactInfo_Page/input_eMailAddress'

2021-11-08 13:24:27 - [MESSAGE][PASSED] - Text 'iahmed@govolution.com' is set on object 'Object Repository/RAD_Pages/AddressAndContactInfo_Page/input_eMailAddress'

2021-11-08 13:24:27 - [TEST_STEP][PASSED] - setText(findTestObject(orPath_AddressContact + "/input_reEnterEMailAddress"), "iahmed@govolution.com"): Text 'iahmed@govolution.com' is set on object 'Object Repository/RAD_Pages/AddressAndContactInfo_Page/input_reEnterEMailAddress'

2021-11-08 13:24:27 - [MESSAGE][PASSED] - Text 'iahmed@govolution.com' is set on object 'Object Repository/RAD_Pages/AddressAndContactInfo_Page/input_reEnterEMailAddress'

2021-11-08 13:24:27 - [TEST_STEP][PASSED] - if (!(SSN.isEmpty())): Text '123456523' is set on object 'Object Repository/RAD_Pages/TaxInfo_Page/input_TaxInfo_reTaxTypeExisitingSSN'

2021-11-08 13:24:27 - [TEST_STEP][PASSED] - setText(findTestObject(orPath_TaxInfo + "/input_TaxInfo_ExisitingSSN"), SSN): Text '123456523' is set on object 'Object Repository/RAD_Pages/TaxInfo_Page/input_TaxInfo_ExisitingSSN'

2021-11-08 13:24:28 - [MESSAGE][PASSED] - Text '123456523' is set on object 'Object Repository/RAD_Pages/TaxInfo_Page/input_TaxInfo_ExisitingSSN'

2021-11-08 13:24:28 - [TEST_STEP][PASSED] - setText(findTestObject(orPath_TaxInfo + "/input_TaxInfo_reTaxTypeExisitingSSN"), SSN): Text '123456523' is set on object 'Object Repository/RAD_Pages/TaxInfo_Page/input_TaxInfo_reTaxTypeExisitingSSN'

2021-11-08 13:24:29 - [MESSAGE][PASSED] - Text '123456523' is set on object 'Object Repository/RAD_Pages/TaxInfo_Page/input_TaxInfo_reTaxTypeExisitingSSN'

2021-11-08 13:24:29 - [TEST_STEP][PASSED] - scrollToElement(findTestObject(orPath_Amount + "/input__paymentAmount"), 3): Scroll to object 'Object Repository/RAD_Pages/PaymentAmount_Page/input__paymentAmount' successfully

2021-11-08 13:24:29 - [MESSAGE][PASSED] - Scroll to object 'Object Repository/RAD_Pages/PaymentAmount_Page/input__paymentAmount' successfully

2021-11-08 13:24:29 - [TEST_STEP][PASSED] - if (!(FEIN.isEmpty())): null

2021-11-08 13:24:29 - [TEST_STEP][PASSED] - delay(1): Delayed 1 second(s)

2021-11-08 13:24:30 - [MESSAGE][PASSED] - Delayed 1 second(s)

2021-11-08 13:24:30 - [TEST_STEP][PASSED] - setText(findTestObject(orPath_TaxInfo + "/input_NoticeInvoiceNumber"), "258147147"): Text '258147147' is set on object 'Object Repository/RAD_Pages/TaxInfo_Page/input_NoticeInvoiceNumber'

2021-11-08 13:24:31 - [MESSAGE][PASSED] - Text '258147147' is set on object 'Object Repository/RAD_Pages/TaxInfo_Page/input_NoticeInvoiceNumber'

2021-11-08 13:24:31 - [TEST_STEP][PASSED] - setText(findTestObject(orPath_TaxInfo + "/input_reTypeNoticeInvoiceNumber"), "258147147"): Text '258147147' is set on object 'Object Repository/RAD_Pages/TaxInfo_Page/input_reTypeNoticeInvoiceNumber'

2021-11-08 13:24:32 - [MESSAGE][PASSED] - Text '258147147' is set on object 'Object Repository/RAD_Pages/TaxInfo_Page/input_reTypeNoticeInvoiceNumber'

2021-11-08 13:24:32 - [TEST_STEP][PASSED] - if (TaxTypeEL.equalsIgnoreCase("Sales & Use Tax")): null

2021-11-08 13:24:32 - [TEST_STEP][PASSED] - setText(findTestObject(orPath_Amount + "/input__paymentAmount"), Amount): Text '30.50' is set on object 'Object Repository/RAD_Pages/PaymentAmount_Page/input__paymentAmount'

2021-11-08 13:24:32 - [MESSAGE][PASSED] - Text '30.50' is set on object 'Object Repository/RAD_Pages/PaymentAmount_Page/input__paymentAmount'

2021-11-08 13:24:32 - [TEST_STEP][PASSED] - scrollToElement(findTestObject(orPath_Landing + "/button_Continue"), 3): Scroll to object 'Object Repository/RAD_Pages/Landing_Page/button_Continue' successfully

2021-11-08 13:24:33 - [MESSAGE][PASSED] - Scroll to object 'Object Repository/RAD_Pages/Landing_Page/button_Continue' successfully

2021-11-08 13:24:33 - [TEST_STEP][PASSED] - waitForElementClickable(findTestObject(orPath_Landing + "/button_Continue"), 5): Object 'Object Repository/RAD_Pages/Landing_Page/button_Continue' is clickable

2021-11-08 13:24:33 - [MESSAGE][PASSED] - Object 'Object Repository/RAD_Pages/Landing_Page/button_Continue' is clickable

2021-11-08 13:24:33 - [TEST_STEP][PASSED] - click(findTestObject(orPath_Landing + "/button_Continue")): Object: 'Object Repository/RAD_Pages/Landing_Page/button_Continue' is clicked on

2021-11-08 13:24:33 - [MESSAGE][PASSED] - Object: 'Object Repository/RAD_Pages/Landing_Page/button_Continue' is clicked on

2021-11-08 13:24:33 - [TEST_STEP][PASSED] - verifyTextPresent("Review the information below and make any necessary corrections by clicking the", true): Text 'Review the information below and make any necessary corrections by clicking the' is present on page  using regular expression

2021-11-08 13:24:34 - [MESSAGE][PASSED] - Text 'Review the information below and make any necessary corrections by clicking the' is present on page  using regular expression

2021-11-08 13:24:34 - [TEST_STEP][PASSED] - verifyTextPresent("When you are confident that all the information is correct", true): Text 'When you are confident that all the information is correct' is present on page  using regular expression

2021-11-08 13:24:34 - [MESSAGE][PASSED] - Text 'When you are confident that all the information is correct' is present on page  using regular expression

2021-11-08 13:24:34 - [TEST_STEP][PASSED] - delay(1): Delayed 1 second(s)

2021-11-08 13:24:35 - [MESSAGE][PASSED] - Delayed 1 second(s)

2021-11-08 13:24:35 - [TEST_STEP][PASSED] - click(findTestObject(orPath_PaymentReady + "/button_ProceedtoPayment")): Object: 'Object Repository/RAD_Pages/PaymentReady_Page/button_ProceedtoPayment' is clicked on

2021-11-08 13:24:38 - [MESSAGE][PASSED] - Object: 'Object Repository/RAD_Pages/PaymentReady_Page/button_ProceedtoPayment' is clicked on

2021-11-08 13:24:38 - [TEST_STEP][PASSED] - setText(findTestObject(orPath_PaymentEntry + "/input__cardNumber"), CCNumber): Text '5146312200000035' is set on object 'Object Repository/RAD_Pages/PaymentEntry_Page/input__cardNumber'

2021-11-08 13:24:39 - [MESSAGE][PASSED] - Text '5146312200000035' is set on object 'Object Repository/RAD_Pages/PaymentEntry_Page/input__cardNumber'

2021-11-08 13:24:39 - [TEST_STEP][PASSED] - setText(findTestObject(orPath_PaymentEntry + "/input__spc"), CVV): Text '123' is set on object 'Object Repository/RAD_Pages/PaymentEntry_Page/input__spc'

2021-11-08 13:24:40 - [MESSAGE][PASSED] - Text '123' is set on object 'Object Repository/RAD_Pages/PaymentEntry_Page/input__spc'

2021-11-08 13:24:40 - [TEST_STEP][PASSED] - selectOptionByLabel(findTestObject(orPath_PaymentEntry + "/select_MM"), "12", false): All options with label '12' are selected in object 'Object Repository/RAD_Pages/PaymentEntry_Page/select_MM' 

2021-11-08 13:24:41 - [MESSAGE][PASSED] - All options with label '12' are selected in object 'Object Repository/RAD_Pages/PaymentEntry_Page/select_MM' 

2021-11-08 13:24:41 - [TEST_STEP][PASSED] - selectOptionByLabel(findTestObject(orPath_PaymentEntry + "/select_YYYY"), "2023", false): All options with label '2023' are selected in object 'Object Repository/RAD_Pages/PaymentEntry_Page/select_YYYY' 

2021-11-08 13:24:41 - [MESSAGE][PASSED] - All options with label '2023' are selected in object 'Object Repository/RAD_Pages/PaymentEntry_Page/select_YYYY' 

2021-11-08 13:24:41 - [TEST_STEP][PASSED] - click(findTestObject(orPath_PaymentEntry + "/input_Field_ccSubmit")): Object: 'Object Repository/RAD_Pages/PaymentEntry_Page/input_Field_ccSubmit' is clicked on

2021-11-08 13:24:42 - [MESSAGE][PASSED] - Object: 'Object Repository/RAD_Pages/PaymentEntry_Page/input_Field_ccSubmit' is clicked on

2021-11-08 13:24:42 - [TEST_STEP][PASSED] - click(findTestObject(orPath_PaymentConfirmation + "/input_N_confirmNotifyAction")): Object: 'Object Repository/RAD_Pages/PaymentConfirmation_Page/input_N_confirmNotifyAction' is clicked on

2021-11-08 13:24:44 - [MESSAGE][PASSED] - Object: 'Object Repository/RAD_Pages/PaymentConfirmation_Page/input_N_confirmNotifyAction' is clicked on

2021-11-08 13:24:44 - [TEST_STEP][PASSED] - click(findTestObject(orPath_ServiceFeesAccept + "/input_convFeeNotifyAction")): Object: 'Object Repository/RAD_Pages/ServiceFeeAccept_Page/input_convFeeNotifyAction' is clicked on

2021-11-08 13:24:45 - [MESSAGE][PASSED] - Object: 'Object Repository/RAD_Pages/ServiceFeeAccept_Page/input_convFeeNotifyAction' is clicked on

2021-11-08 13:24:45 - [TEST_STEP][PASSED] - delay(10): Delayed 10 second(s)

2021-11-08 13:24:55 - [MESSAGE][PASSED] - Delayed 10 second(s)

2021-11-08 13:24:55 - [TEST_STEP][PASSED] - verifyTextPresent("Successful Payment Receipt", true): Text 'Successful Payment Receipt' is present on page  using regular expression

2021-11-08 13:24:55 - [MESSAGE][PASSED] - Text 'Successful Payment Receipt' is present on page  using regular expression

2021-11-08 13:24:55 - [TEST_STEP][PASSED] - if (verifyTextPresent("Successful Payment Receipt", true)): null

2021-11-08 13:24:56 - [MESSAGE][PASSED] - Text 'Successful Payment Receipt' is present on page  using regular expression

2021-11-08 13:24:56 - [TEST_STEP][PASSED] - println("Transaction was Successful"): null

2021-11-08 13:24:56 - [TEST_STEP][PASSED] - out.println("Pass Record Number: " + row): null

2021-11-08 13:24:56 - [TEST_STEP][PASSED] - resText = "Pass": null

2021-11-08 13:24:56 - [TEST_STEP][PASSED] - pages.WriteExcel.demoKey(resText, datText, resColumn, datCloumn, fileLoc, nameSheet, row): pages.WriteExcel.demoKey is PASSED

2021-11-08 13:24:56 - [MESSAGE][PASSED] - pages.WriteExcel.demoKey is PASSED

2021-11-08 13:24:56 - [TEST_STEP][PASSED] - ExecuteTC = findTestData(dataFile).getValue("Execute", row): null

2021-11-08 13:24:56 - [TEST_STEP][PASSED] - Taxtype = findTestData(dataFile).getValue("TaxType", row): null

2021-11-08 13:24:56 - [TEST_STEP][PASSED] - TaxTypeEL = findTestData(dataFile).getValue("TaxTypeEL", row): null

2021-11-08 13:24:56 - [TEST_STEP][PASSED] - FilingYear = findTestData(dataFile).getValue("FilingYear", row): null

2021-11-08 13:24:56 - [TEST_STEP][PASSED] - FName = findTestData(dataFile).getValue("Fname", row): null

2021-11-08 13:24:56 - [TEST_STEP][PASSED] - LName = findTestData(dataFile).getValue("Lname", row): null

2021-11-08 13:24:56 - [TEST_STEP][PASSED] - AL1 = findTestData(dataFile).getValue("AL1", row): null

2021-11-08 13:24:56 - [TEST_STEP][PASSED] - City = findTestData(dataFile).getValue("City", row): null

2021-11-08 13:24:56 - [TEST_STEP][PASSED] - ZIP = findTestData(dataFile).getValue("ZIP", row): null

2021-11-08 13:24:56 - [TEST_STEP][PASSED] - Amount = findTestData(dataFile).getValue("Amount", row): null

2021-11-08 13:24:56 - [TEST_STEP][PASSED] - CCNumber = findTestData(dataFile).getValue("CCNumber", row): null

2021-11-08 13:24:56 - [TEST_STEP][PASSED] - CVV = findTestData(dataFile).getValue("CVV", row): null

2021-11-08 13:24:56 - [TEST_STEP][PASSED] - SSN = findTestData(dataFile).getValue("SSN", row): null

2021-11-08 13:24:56 - [TEST_STEP][PASSED] - FEIN = findTestData(dataFile).getValue("FEIN", row): null

2021-11-08 13:24:56 - [TEST_STEP][PASSED] - out.println("Value of Execute is : " + ExecuteTC): null

2021-11-08 13:24:56 - [TEST_STEP][PASSED] - if (ExecuteTC.equalsIgnoreCase("Y")): null

2021-11-08 13:24:56 - [TEST_STEP][PASSED] - out.println("Begin Record Number: " + row): null

2021-11-08 13:24:56 - [TEST_STEP][PASSED] - today = new java.util.Date(): null

2021-11-08 13:24:56 - [TEST_STEP][PASSED] - println(today): null

2021-11-08 13:24:56 - [TEST_STEP][PASSED] - datText = today: null

2021-11-08 13:24:56 - [TEST_STEP][PASSED] - Taxtype = findTestData(dataFile).getValue("TaxType", row): null

2021-11-08 13:24:56 - [TEST_STEP][PASSED] - out.println("Taxtype value is : " + Taxtype): null

2021-11-08 13:24:56 - [TEST_STEP][PASSED] - openBrowser(""): Browser is opened with url: ''

2021-11-08 13:24:56 - [MESSAGE][WARNING] - A browser is already opened. Closing browser and opening a new one

2021-11-08 13:24:57 - [MESSAGE][INFO] - Starting 'Chrome' driver

2021-11-08 13:24:57 - [MESSAGE][INFO] - User set preference: ['acceptInsecureCerts', 'true']

2021-11-08 13:24:57 - [MESSAGE][INFO] - Action delay is set to 0 milliseconds

2021-11-08 13:24:59 - [MESSAGE][PASSED] - Browser is opened with url: ''

2021-11-08 13:24:59 - [TEST_STEP][PASSED] - maximizeWindow(): Current window maximized

2021-11-08 13:24:59 - [MESSAGE][PASSED] - Current window maximized

2021-11-08 13:24:59 - [TEST_STEP][PASSED] - navigateToUrl(RADurl): Navigate to 'https://qa.velocitypayment.com/client/rad/index.html' successfully

2021-11-08 13:25:01 - [MESSAGE][PASSED] - Navigate to 'https://qa.velocitypayment.com/client/rad/index.html' successfully

2021-11-08 13:25:01 - [TEST_STEP][PASSED] - orPath_Landing = "Object Repository/RAD_Pages/Landing_Page": null

2021-11-08 13:25:01 - [TEST_STEP][PASSED] - orPath_TaxTypeFilingYear = "Object Repository/RAD_Pages/TaxTypeFilingYear_Page": null

2021-11-08 13:25:01 - [TEST_STEP][PASSED] - orPath_TaxPayer = "Object Repository/RAD_Pages/Taxpayer_Page": null

2021-11-08 13:25:01 - [TEST_STEP][PASSED] - orPath_AddressContact = "Object Repository/RAD_Pages/AddressAndContactInfo_Page": null

2021-11-08 13:25:01 - [TEST_STEP][PASSED] - orPath_FilingStatus = "Object Repository/RAD_Pages/FilingStatus_Page": null

2021-11-08 13:25:01 - [TEST_STEP][PASSED] - orPath_Amount = "Object Repository/RAD_Pages/PaymentAmount_Page": null

2021-11-08 13:25:01 - [TEST_STEP][PASSED] - orPath_TaxInfo = "Object Repository/RAD_Pages/TaxInfo_Page": null

2021-11-08 13:25:01 - [TEST_STEP][PASSED] - orPath_Withholding = "Object Repository/RAD_Pages/Withholding_Page": null

2021-11-08 13:25:01 - [TEST_STEP][PASSED] - orPath_Summary = "Object Repository/RAD_Pages/Summary_Page": null

2021-11-08 13:25:01 - [TEST_STEP][PASSED] - orPath_PaymentReady = "Object Repository/RAD_Pages/PaymentReady_Page": null

2021-11-08 13:25:01 - [TEST_STEP][PASSED] - orPath_PaymentEntry = "Object Repository/RAD_Pages/PaymentEntry_Page": null

2021-11-08 13:25:01 - [TEST_STEP][PASSED] - orPath_PaymentConfirmation = "Object Repository/RAD_Pages/PaymentConfirmation_Page": null

2021-11-08 13:25:01 - [TEST_STEP][PASSED] - orPath_ServiceFeesAccept = "Object Repository/RAD_Pages/ServiceFeeAccept_Page": null

2021-11-08 13:25:01 - [TEST_STEP][PASSED] - selectOptionByLabel(findTestObject(orPath_Landing + "/dd_TaxType"), Taxtype, false): All options with label 'Existing Liability' are selected in object 'Object Repository/RAD_Pages/Landing_Page/dd_TaxType' 

2021-11-08 13:25:01 - [MESSAGE][PASSED] - All options with label 'Existing Liability' are selected in object 'Object Repository/RAD_Pages/Landing_Page/dd_TaxType' 

2021-11-08 13:25:01 - [TEST_STEP][PASSED] - delay(1): Delayed 1 second(s)

2021-11-08 13:25:02 - [MESSAGE][PASSED] - Delayed 1 second(s)

2021-11-08 13:25:02 - [TEST_STEP][PASSED] - selectOptionByLabel(findTestObject(orPath_TaxTypeFilingYear + "/select_TaxType_ExistingLiability"), TaxTypeEL, false): All options with label 'CORP Tax' are selected in object 'Object Repository/RAD_Pages/TaxTypeFilingYear_Page/select_TaxType_ExistingLiability' 

2021-11-08 13:25:03 - [MESSAGE][PASSED] - All options with label 'CORP Tax' are selected in object 'Object Repository/RAD_Pages/TaxTypeFilingYear_Page/select_TaxType_ExistingLiability' 

2021-11-08 13:25:03 - [TEST_STEP][PASSED] - selectOptionByLabel(findTestObject(orPath_TaxTypeFilingYear + "/select_FilingYear"), FilingYear, false): All options with label '2019' are selected in object 'Object Repository/RAD_Pages/TaxTypeFilingYear_Page/select_FilingYear' 

2021-11-08 13:25:04 - [MESSAGE][PASSED] - All options with label '2019' are selected in object 'Object Repository/RAD_Pages/TaxTypeFilingYear_Page/select_FilingYear' 

2021-11-08 13:25:04 - [TEST_STEP][PASSED] - setText(findTestObject(orPath_TaxPayer + "/input_firstName"), FName): Text 'Andy' is set on object 'Object Repository/RAD_Pages/Taxpayer_Page/input_firstName'

2021-11-08 13:25:04 - [MESSAGE][PASSED] - Text 'Andy' is set on object 'Object Repository/RAD_Pages/Taxpayer_Page/input_firstName'

2021-11-08 13:25:04 - [TEST_STEP][PASSED] - setText(findTestObject(orPath_TaxPayer + "/input_lastName"), LName): Text 'Broad' is set on object 'Object Repository/RAD_Pages/Taxpayer_Page/input_lastName'

2021-11-08 13:25:05 - [MESSAGE][PASSED] - Text 'Broad' is set on object 'Object Repository/RAD_Pages/Taxpayer_Page/input_lastName'

2021-11-08 13:25:05 - [TEST_STEP][PASSED] - setText(findTestObject(orPath_TaxPayer + "/input_middleName"), "Johns"): Text 'Johns' is set on object 'Object Repository/RAD_Pages/Taxpayer_Page/input_middleName'

2021-11-08 13:25:06 - [MESSAGE][PASSED] - Text 'Johns' is set on object 'Object Repository/RAD_Pages/Taxpayer_Page/input_middleName'

2021-11-08 13:25:06 - [TEST_STEP][PASSED] - setText(findTestObject(orPath_TaxPayer + "/input_suffix"), "Sr"): Text 'Sr' is set on object 'Object Repository/RAD_Pages/Taxpayer_Page/input_suffix'

2021-11-08 13:25:06 - [MESSAGE][PASSED] - Text 'Sr' is set on object 'Object Repository/RAD_Pages/Taxpayer_Page/input_suffix'

2021-11-08 13:25:06 - [TEST_STEP][PASSED] - selectOptionByLabel(findTestObject(orPath_AddressContact + "/select_Country"), "United States", false): All options with label 'United States' are selected in object 'Object Repository/RAD_Pages/AddressAndContactInfo_Page/select_Country' 

2021-11-08 13:25:07 - [MESSAGE][PASSED] - All options with label 'United States' are selected in object 'Object Repository/RAD_Pages/AddressAndContactInfo_Page/select_Country' 

2021-11-08 13:25:07 - [TEST_STEP][PASSED] - setText(findTestObject(orPath_AddressContact + "/input_streetAddress1"), AL1): Text '25 Moan Road' is set on object 'Object Repository/RAD_Pages/AddressAndContactInfo_Page/input_streetAddress1'

2021-11-08 13:25:08 - [MESSAGE][PASSED] - Text '25 Moan Road' is set on object 'Object Repository/RAD_Pages/AddressAndContactInfo_Page/input_streetAddress1'

2021-11-08 13:25:08 - [TEST_STEP][PASSED] - setText(findTestObject(orPath_AddressContact + "/input_streetAddress2"), ""): Text '' is set on object 'Object Repository/RAD_Pages/AddressAndContactInfo_Page/input_streetAddress2'

2021-11-08 13:25:08 - [MESSAGE][PASSED] - Text '' is set on object 'Object Repository/RAD_Pages/AddressAndContactInfo_Page/input_streetAddress2'

2021-11-08 13:25:08 - [TEST_STEP][PASSED] - setText(findTestObject(orPath_AddressContact + "/input_city"), City): Text 'Severn' is set on object 'Object Repository/RAD_Pages/AddressAndContactInfo_Page/input_city'

2021-11-08 13:25:09 - [MESSAGE][PASSED] - Text 'Severn' is set on object 'Object Repository/RAD_Pages/AddressAndContactInfo_Page/input_city'

2021-11-08 13:25:09 - [TEST_STEP][PASSED] - selectOptionByLabel(findTestObject(orPath_AddressContact + "/select_State"), "Maryland", false): All options with label 'Maryland' are selected in object 'Object Repository/RAD_Pages/AddressAndContactInfo_Page/select_State' 

2021-11-08 13:25:09 - [MESSAGE][PASSED] - All options with label 'Maryland' are selected in object 'Object Repository/RAD_Pages/AddressAndContactInfo_Page/select_State' 

2021-11-08 13:25:09 - [TEST_STEP][PASSED] - setText(findTestObject(orPath_AddressContact + "/input_zipCode"), ZIP): Text '21114' is set on object 'Object Repository/RAD_Pages/AddressAndContactInfo_Page/input_zipCode'

2021-11-08 13:25:10 - [MESSAGE][PASSED] - Text '21114' is set on object 'Object Repository/RAD_Pages/AddressAndContactInfo_Page/input_zipCode'

2021-11-08 13:25:10 - [TEST_STEP][PASSED] - setText(findTestObject(orPath_AddressContact + "/input_phoneNumber"), "(703) 894-5000"): Text '(703) 894-5000' is set on object 'Object Repository/RAD_Pages/AddressAndContactInfo_Page/input_phoneNumber'

2021-11-08 13:25:11 - [MESSAGE][PASSED] - Text '(703) 894-5000' is set on object 'Object Repository/RAD_Pages/AddressAndContactInfo_Page/input_phoneNumber'

2021-11-08 13:25:11 - [TEST_STEP][PASSED] - setText(findTestObject(orPath_AddressContact + "/input_eMailAddress"), "iahmed@govolution.com"): Text 'iahmed@govolution.com' is set on object 'Object Repository/RAD_Pages/AddressAndContactInfo_Page/input_eMailAddress'

2021-11-08 13:25:11 - [MESSAGE][PASSED] - Text 'iahmed@govolution.com' is set on object 'Object Repository/RAD_Pages/AddressAndContactInfo_Page/input_eMailAddress'

2021-11-08 13:25:11 - [TEST_STEP][PASSED] - setText(findTestObject(orPath_AddressContact + "/input_reEnterEMailAddress"), "iahmed@govolution.com"): Text 'iahmed@govolution.com' is set on object 'Object Repository/RAD_Pages/AddressAndContactInfo_Page/input_reEnterEMailAddress'

2021-11-08 13:25:12 - [MESSAGE][PASSED] - Text 'iahmed@govolution.com' is set on object 'Object Repository/RAD_Pages/AddressAndContactInfo_Page/input_reEnterEMailAddress'

2021-11-08 13:25:12 - [TEST_STEP][PASSED] - if (!(SSN.isEmpty())): null

2021-11-08 13:25:12 - [TEST_STEP][PASSED] - scrollToElement(findTestObject(orPath_Amount + "/input__paymentAmount"), 3): Scroll to object 'Object Repository/RAD_Pages/PaymentAmount_Page/input__paymentAmount' successfully

2021-11-08 13:25:13 - [MESSAGE][PASSED] - Scroll to object 'Object Repository/RAD_Pages/PaymentAmount_Page/input__paymentAmount' successfully

2021-11-08 13:25:13 - [TEST_STEP][PASSED] - if (!(FEIN.isEmpty())): Text '258369259' is set on object 'Object Repository/RAD_Pages/TaxInfo_Page/input_ReTypeFEIN'

2021-11-08 13:25:13 - [TEST_STEP][PASSED] - setText(findTestObject(orPath_TaxInfo + "/input_FEIN"), FEIN): Text '258369259' is set on object 'Object Repository/RAD_Pages/TaxInfo_Page/input_FEIN'

2021-11-08 13:25:13 - [MESSAGE][PASSED] - Text '258369259' is set on object 'Object Repository/RAD_Pages/TaxInfo_Page/input_FEIN'

2021-11-08 13:25:13 - [TEST_STEP][PASSED] - setText(findTestObject(orPath_TaxInfo + "/input_ReTypeFEIN"), FEIN): Text '258369259' is set on object 'Object Repository/RAD_Pages/TaxInfo_Page/input_ReTypeFEIN'

2021-11-08 13:25:14 - [MESSAGE][PASSED] - Text '258369259' is set on object 'Object Repository/RAD_Pages/TaxInfo_Page/input_ReTypeFEIN'

2021-11-08 13:25:14 - [TEST_STEP][PASSED] - delay(1): Delayed 1 second(s)

2021-11-08 13:25:15 - [MESSAGE][PASSED] - Delayed 1 second(s)

2021-11-08 13:25:15 - [TEST_STEP][PASSED] - setText(findTestObject(orPath_TaxInfo + "/input_NoticeInvoiceNumber"), "258147147"): Text '258147147' is set on object 'Object Repository/RAD_Pages/TaxInfo_Page/input_NoticeInvoiceNumber'

2021-11-08 13:25:16 - [MESSAGE][PASSED] - Text '258147147' is set on object 'Object Repository/RAD_Pages/TaxInfo_Page/input_NoticeInvoiceNumber'

2021-11-08 13:25:16 - [TEST_STEP][PASSED] - setText(findTestObject(orPath_TaxInfo + "/input_reTypeNoticeInvoiceNumber"), "258147147"): Text '258147147' is set on object 'Object Repository/RAD_Pages/TaxInfo_Page/input_reTypeNoticeInvoiceNumber'

2021-11-08 13:25:17 - [MESSAGE][PASSED] - Text '258147147' is set on object 'Object Repository/RAD_Pages/TaxInfo_Page/input_reTypeNoticeInvoiceNumber'

2021-11-08 13:25:17 - [TEST_STEP][PASSED] - if (TaxTypeEL.equalsIgnoreCase("Sales & Use Tax")): null

2021-11-08 13:25:17 - [TEST_STEP][PASSED] - setText(findTestObject(orPath_Amount + "/input__paymentAmount"), Amount): Text '30.50' is set on object 'Object Repository/RAD_Pages/PaymentAmount_Page/input__paymentAmount'

2021-11-08 13:25:17 - [MESSAGE][PASSED] - Text '30.50' is set on object 'Object Repository/RAD_Pages/PaymentAmount_Page/input__paymentAmount'

2021-11-08 13:25:17 - [TEST_STEP][PASSED] - scrollToElement(findTestObject(orPath_Landing + "/button_Continue"), 3): Scroll to object 'Object Repository/RAD_Pages/Landing_Page/button_Continue' successfully

2021-11-08 13:25:18 - [MESSAGE][PASSED] - Scroll to object 'Object Repository/RAD_Pages/Landing_Page/button_Continue' successfully

2021-11-08 13:25:18 - [TEST_STEP][PASSED] - waitForElementClickable(findTestObject(orPath_Landing + "/button_Continue"), 5): Object 'Object Repository/RAD_Pages/Landing_Page/button_Continue' is clickable

2021-11-08 13:25:18 - [MESSAGE][PASSED] - Object 'Object Repository/RAD_Pages/Landing_Page/button_Continue' is clickable

2021-11-08 13:25:18 - [TEST_STEP][PASSED] - click(findTestObject(orPath_Landing + "/button_Continue")): Object: 'Object Repository/RAD_Pages/Landing_Page/button_Continue' is clicked on

2021-11-08 13:25:18 - [MESSAGE][PASSED] - Object: 'Object Repository/RAD_Pages/Landing_Page/button_Continue' is clicked on

2021-11-08 13:25:18 - [TEST_STEP][PASSED] - verifyTextPresent("Review the information below and make any necessary corrections by clicking the", true): Text 'Review the information below and make any necessary corrections by clicking the' is present on page  using regular expression

2021-11-08 13:25:19 - [MESSAGE][PASSED] - Text 'Review the information below and make any necessary corrections by clicking the' is present on page  using regular expression

2021-11-08 13:25:19 - [TEST_STEP][PASSED] - verifyTextPresent("When you are confident that all the information is correct", true): Text 'When you are confident that all the information is correct' is present on page  using regular expression

2021-11-08 13:25:19 - [MESSAGE][PASSED] - Text 'When you are confident that all the information is correct' is present on page  using regular expression

2021-11-08 13:25:19 - [TEST_STEP][PASSED] - delay(1): Delayed 1 second(s)

2021-11-08 13:25:20 - [MESSAGE][PASSED] - Delayed 1 second(s)

2021-11-08 13:25:20 - [TEST_STEP][PASSED] - click(findTestObject(orPath_PaymentReady + "/button_ProceedtoPayment")): Object: 'Object Repository/RAD_Pages/PaymentReady_Page/button_ProceedtoPayment' is clicked on

2021-11-08 13:25:23 - [MESSAGE][PASSED] - Object: 'Object Repository/RAD_Pages/PaymentReady_Page/button_ProceedtoPayment' is clicked on

2021-11-08 13:25:23 - [TEST_STEP][PASSED] - setText(findTestObject(orPath_PaymentEntry + "/input__cardNumber"), CCNumber): Text '5146312200000035' is set on object 'Object Repository/RAD_Pages/PaymentEntry_Page/input__cardNumber'

2021-11-08 13:25:23 - [MESSAGE][PASSED] - Text '5146312200000035' is set on object 'Object Repository/RAD_Pages/PaymentEntry_Page/input__cardNumber'

2021-11-08 13:25:23 - [TEST_STEP][PASSED] - setText(findTestObject(orPath_PaymentEntry + "/input__spc"), CVV): Text '123' is set on object 'Object Repository/RAD_Pages/PaymentEntry_Page/input__spc'

2021-11-08 13:25:24 - [MESSAGE][PASSED] - Text '123' is set on object 'Object Repository/RAD_Pages/PaymentEntry_Page/input__spc'

2021-11-08 13:25:24 - [TEST_STEP][PASSED] - selectOptionByLabel(findTestObject(orPath_PaymentEntry + "/select_MM"), "12", false): All options with label '12' are selected in object 'Object Repository/RAD_Pages/PaymentEntry_Page/select_MM' 

2021-11-08 13:25:25 - [MESSAGE][PASSED] - All options with label '12' are selected in object 'Object Repository/RAD_Pages/PaymentEntry_Page/select_MM' 

2021-11-08 13:25:25 - [TEST_STEP][PASSED] - selectOptionByLabel(findTestObject(orPath_PaymentEntry + "/select_YYYY"), "2023", false): All options with label '2023' are selected in object 'Object Repository/RAD_Pages/PaymentEntry_Page/select_YYYY' 

2021-11-08 13:25:25 - [MESSAGE][PASSED] - All options with label '2023' are selected in object 'Object Repository/RAD_Pages/PaymentEntry_Page/select_YYYY' 

2021-11-08 13:25:25 - [TEST_STEP][PASSED] - click(findTestObject(orPath_PaymentEntry + "/input_Field_ccSubmit")): Object: 'Object Repository/RAD_Pages/PaymentEntry_Page/input_Field_ccSubmit' is clicked on

2021-11-08 13:25:27 - [MESSAGE][PASSED] - Object: 'Object Repository/RAD_Pages/PaymentEntry_Page/input_Field_ccSubmit' is clicked on

2021-11-08 13:25:27 - [TEST_STEP][PASSED] - click(findTestObject(orPath_PaymentConfirmation + "/input_N_confirmNotifyAction")): Object: 'Object Repository/RAD_Pages/PaymentConfirmation_Page/input_N_confirmNotifyAction' is clicked on

2021-11-08 13:25:28 - [MESSAGE][PASSED] - Object: 'Object Repository/RAD_Pages/PaymentConfirmation_Page/input_N_confirmNotifyAction' is clicked on

2021-11-08 13:25:28 - [TEST_STEP][PASSED] - click(findTestObject(orPath_ServiceFeesAccept + "/input_convFeeNotifyAction")): Object: 'Object Repository/RAD_Pages/ServiceFeeAccept_Page/input_convFeeNotifyAction' is clicked on

2021-11-08 13:25:30 - [MESSAGE][PASSED] - Object: 'Object Repository/RAD_Pages/ServiceFeeAccept_Page/input_convFeeNotifyAction' is clicked on

2021-11-08 13:25:30 - [TEST_STEP][PASSED] - delay(10): Delayed 10 second(s)

2021-11-08 13:25:40 - [MESSAGE][PASSED] - Delayed 10 second(s)

2021-11-08 13:25:40 - [TEST_STEP][PASSED] - verifyTextPresent("Successful Payment Receipt", true): Text 'Successful Payment Receipt' is present on page  using regular expression

2021-11-08 13:25:40 - [MESSAGE][PASSED] - Text 'Successful Payment Receipt' is present on page  using regular expression

2021-11-08 13:25:40 - [TEST_STEP][PASSED] - if (verifyTextPresent("Successful Payment Receipt", true)): null

2021-11-08 13:25:41 - [MESSAGE][PASSED] - Text 'Successful Payment Receipt' is present on page  using regular expression

2021-11-08 13:25:41 - [TEST_STEP][PASSED] - println("Transaction was Successful"): null

2021-11-08 13:25:41 - [TEST_STEP][PASSED] - out.println("Pass Record Number: " + row): null

2021-11-08 13:25:41 - [TEST_STEP][PASSED] - resText = "Pass": null

2021-11-08 13:25:41 - [TEST_STEP][PASSED] - pages.WriteExcel.demoKey(resText, datText, resColumn, datCloumn, fileLoc, nameSheet, row): pages.WriteExcel.demoKey is PASSED

2021-11-08 13:25:41 - [MESSAGE][PASSED] - pages.WriteExcel.demoKey is PASSED

2021-11-08 13:25:41 - [TEST_STEP][PASSED] - ExecuteTC = findTestData(dataFile).getValue("Execute", row): null

2021-11-08 13:25:41 - [TEST_STEP][PASSED] - Taxtype = findTestData(dataFile).getValue("TaxType", row): null

2021-11-08 13:25:41 - [TEST_STEP][PASSED] - TaxTypeEL = findTestData(dataFile).getValue("TaxTypeEL", row): null

2021-11-08 13:25:41 - [TEST_STEP][PASSED] - FilingYear = findTestData(dataFile).getValue("FilingYear", row): null

2021-11-08 13:25:41 - [TEST_STEP][PASSED] - FName = findTestData(dataFile).getValue("Fname", row): null

2021-11-08 13:25:41 - [TEST_STEP][PASSED] - LName = findTestData(dataFile).getValue("Lname", row): null

2021-11-08 13:25:41 - [TEST_STEP][PASSED] - AL1 = findTestData(dataFile).getValue("AL1", row): null

2021-11-08 13:25:41 - [TEST_STEP][PASSED] - City = findTestData(dataFile).getValue("City", row): null

2021-11-08 13:25:41 - [TEST_STEP][PASSED] - ZIP = findTestData(dataFile).getValue("ZIP", row): null

2021-11-08 13:25:41 - [TEST_STEP][PASSED] - Amount = findTestData(dataFile).getValue("Amount", row): null

2021-11-08 13:25:41 - [TEST_STEP][PASSED] - CCNumber = findTestData(dataFile).getValue("CCNumber", row): null

2021-11-08 13:25:41 - [TEST_STEP][PASSED] - CVV = findTestData(dataFile).getValue("CVV", row): null

2021-11-08 13:25:41 - [TEST_STEP][PASSED] - SSN = findTestData(dataFile).getValue("SSN", row): null

2021-11-08 13:25:41 - [TEST_STEP][PASSED] - FEIN = findTestData(dataFile).getValue("FEIN", row): null

2021-11-08 13:25:41 - [TEST_STEP][PASSED] - out.println("Value of Execute is : " + ExecuteTC): null

2021-11-08 13:25:41 - [TEST_STEP][FAILED] - if (ExecuteTC.equalsIgnoreCase("Y")): null

2021-11-08 13:25:41 - [TEST_STEP][PASSED] - out.println("Begin Record Number: " + row): null

2021-11-08 13:25:41 - [TEST_STEP][PASSED] - today = new java.util.Date(): null

2021-11-08 13:25:41 - [TEST_STEP][PASSED] - println(today): null

2021-11-08 13:25:41 - [TEST_STEP][PASSED] - datText = today: null

2021-11-08 13:25:41 - [TEST_STEP][PASSED] - Taxtype = findTestData(dataFile).getValue("TaxType", row): null

2021-11-08 13:25:41 - [TEST_STEP][PASSED] - out.println("Taxtype value is : " + Taxtype): null

2021-11-08 13:25:41 - [TEST_STEP][PASSED] - openBrowser(""): Browser is opened with url: ''

2021-11-08 13:25:41 - [MESSAGE][WARNING] - A browser is already opened. Closing browser and opening a new one

2021-11-08 13:25:42 - [MESSAGE][INFO] - Starting 'Chrome' driver

2021-11-08 13:25:42 - [MESSAGE][INFO] - User set preference: ['acceptInsecureCerts', 'true']

2021-11-08 13:25:42 - [MESSAGE][INFO] - Action delay is set to 0 milliseconds

2021-11-08 13:25:43 - [MESSAGE][PASSED] - Browser is opened with url: ''

2021-11-08 13:25:43 - [TEST_STEP][PASSED] - maximizeWindow(): Current window maximized

2021-11-08 13:25:43 - [MESSAGE][PASSED] - Current window maximized

2021-11-08 13:25:43 - [TEST_STEP][PASSED] - navigateToUrl(RADurl): Navigate to 'https://qa.velocitypayment.com/client/rad/index.html' successfully

2021-11-08 13:25:45 - [MESSAGE][PASSED] - Navigate to 'https://qa.velocitypayment.com/client/rad/index.html' successfully

2021-11-08 13:25:45 - [TEST_STEP][PASSED] - orPath_Landing = "Object Repository/RAD_Pages/Landing_Page": null

2021-11-08 13:25:45 - [TEST_STEP][PASSED] - orPath_TaxTypeFilingYear = "Object Repository/RAD_Pages/TaxTypeFilingYear_Page": null

2021-11-08 13:25:45 - [TEST_STEP][PASSED] - orPath_TaxPayer = "Object Repository/RAD_Pages/Taxpayer_Page": null

2021-11-08 13:25:45 - [TEST_STEP][PASSED] - orPath_AddressContact = "Object Repository/RAD_Pages/AddressAndContactInfo_Page": null

2021-11-08 13:25:45 - [TEST_STEP][PASSED] - orPath_FilingStatus = "Object Repository/RAD_Pages/FilingStatus_Page": null

2021-11-08 13:25:45 - [TEST_STEP][PASSED] - orPath_Amount = "Object Repository/RAD_Pages/PaymentAmount_Page": null

2021-11-08 13:25:45 - [TEST_STEP][PASSED] - orPath_TaxInfo = "Object Repository/RAD_Pages/TaxInfo_Page": null

2021-11-08 13:25:45 - [TEST_STEP][PASSED] - orPath_Withholding = "Object Repository/RAD_Pages/Withholding_Page": null

2021-11-08 13:25:45 - [TEST_STEP][PASSED] - orPath_Summary = "Object Repository/RAD_Pages/Summary_Page": null

2021-11-08 13:25:45 - [TEST_STEP][PASSED] - orPath_PaymentReady = "Object Repository/RAD_Pages/PaymentReady_Page": null

2021-11-08 13:25:45 - [TEST_STEP][PASSED] - orPath_PaymentEntry = "Object Repository/RAD_Pages/PaymentEntry_Page": null

2021-11-08 13:25:45 - [TEST_STEP][PASSED] - orPath_PaymentConfirmation = "Object Repository/RAD_Pages/PaymentConfirmation_Page": null

2021-11-08 13:25:45 - [TEST_STEP][PASSED] - orPath_ServiceFeesAccept = "Object Repository/RAD_Pages/ServiceFeeAccept_Page": null

2021-11-08 13:25:45 - [TEST_STEP][PASSED] - selectOptionByLabel(findTestObject(orPath_Landing + "/dd_TaxType"), Taxtype, false): All options with label 'Existing Liability' are selected in object 'Object Repository/RAD_Pages/Landing_Page/dd_TaxType' 

2021-11-08 13:25:46 - [MESSAGE][PASSED] - All options with label 'Existing Liability' are selected in object 'Object Repository/RAD_Pages/Landing_Page/dd_TaxType' 

2021-11-08 13:25:46 - [TEST_STEP][PASSED] - delay(1): Delayed 1 second(s)

2021-11-08 13:25:47 - [MESSAGE][PASSED] - Delayed 1 second(s)

2021-11-08 13:25:47 - [TEST_STEP][PASSED] - selectOptionByLabel(findTestObject(orPath_TaxTypeFilingYear + "/select_TaxType_ExistingLiability"), TaxTypeEL, false): All options with label 'Fiduciary Tax' are selected in object 'Object Repository/RAD_Pages/TaxTypeFilingYear_Page/select_TaxType_ExistingLiability' 

2021-11-08 13:25:48 - [MESSAGE][PASSED] - All options with label 'Fiduciary Tax' are selected in object 'Object Repository/RAD_Pages/TaxTypeFilingYear_Page/select_TaxType_ExistingLiability' 

2021-11-08 13:25:48 - [TEST_STEP][PASSED] - selectOptionByLabel(findTestObject(orPath_TaxTypeFilingYear + "/select_FilingYear"), FilingYear, false): All options with label '2019' are selected in object 'Object Repository/RAD_Pages/TaxTypeFilingYear_Page/select_FilingYear' 

2021-11-08 13:25:48 - [MESSAGE][PASSED] - All options with label '2019' are selected in object 'Object Repository/RAD_Pages/TaxTypeFilingYear_Page/select_FilingYear' 

2021-11-08 13:25:48 - [TEST_STEP][PASSED] - setText(findTestObject(orPath_TaxPayer + "/input_firstName"), FName): Text 'Jason' is set on object 'Object Repository/RAD_Pages/Taxpayer_Page/input_firstName'

2021-11-08 13:25:49 - [MESSAGE][PASSED] - Text 'Jason' is set on object 'Object Repository/RAD_Pages/Taxpayer_Page/input_firstName'

2021-11-08 13:25:49 - [TEST_STEP][PASSED] - setText(findTestObject(orPath_TaxPayer + "/input_lastName"), LName): Text 'Cook' is set on object 'Object Repository/RAD_Pages/Taxpayer_Page/input_lastName'

2021-11-08 13:25:50 - [MESSAGE][PASSED] - Text 'Cook' is set on object 'Object Repository/RAD_Pages/Taxpayer_Page/input_lastName'

2021-11-08 13:25:50 - [TEST_STEP][PASSED] - setText(findTestObject(orPath_TaxPayer + "/input_middleName"), "Johns"): Text 'Johns' is set on object 'Object Repository/RAD_Pages/Taxpayer_Page/input_middleName'

2021-11-08 13:25:50 - [MESSAGE][PASSED] - Text 'Johns' is set on object 'Object Repository/RAD_Pages/Taxpayer_Page/input_middleName'

2021-11-08 13:25:50 - [TEST_STEP][PASSED] - setText(findTestObject(orPath_TaxPayer + "/input_suffix"), "Sr"): Text 'Sr' is set on object 'Object Repository/RAD_Pages/Taxpayer_Page/input_suffix'

2021-11-08 13:25:51 - [MESSAGE][PASSED] - Text 'Sr' is set on object 'Object Repository/RAD_Pages/Taxpayer_Page/input_suffix'

2021-11-08 13:25:51 - [TEST_STEP][PASSED] - selectOptionByLabel(findTestObject(orPath_AddressContact + "/select_Country"), "United States", false): All options with label 'United States' are selected in object 'Object Repository/RAD_Pages/AddressAndContactInfo_Page/select_Country' 

2021-11-08 13:25:52 - [MESSAGE][PASSED] - All options with label 'United States' are selected in object 'Object Repository/RAD_Pages/AddressAndContactInfo_Page/select_Country' 

2021-11-08 13:25:52 - [TEST_STEP][PASSED] - setText(findTestObject(orPath_AddressContact + "/input_streetAddress1"), AL1): Text '1501 Mandan Terrace' is set on object 'Object Repository/RAD_Pages/AddressAndContactInfo_Page/input_streetAddress1'

2021-11-08 13:25:52 - [MESSAGE][PASSED] - Text '1501 Mandan Terrace' is set on object 'Object Repository/RAD_Pages/AddressAndContactInfo_Page/input_streetAddress1'

2021-11-08 13:25:52 - [TEST_STEP][PASSED] - setText(findTestObject(orPath_AddressContact + "/input_streetAddress2"), ""): Text '' is set on object 'Object Repository/RAD_Pages/AddressAndContactInfo_Page/input_streetAddress2'

2021-11-08 13:25:53 - [MESSAGE][PASSED] - Text '' is set on object 'Object Repository/RAD_Pages/AddressAndContactInfo_Page/input_streetAddress2'

2021-11-08 13:25:53 - [TEST_STEP][PASSED] - setText(findTestObject(orPath_AddressContact + "/input_city"), City): Text 'Bowie' is set on object 'Object Repository/RAD_Pages/AddressAndContactInfo_Page/input_city'

2021-11-08 13:25:54 - [MESSAGE][PASSED] - Text 'Bowie' is set on object 'Object Repository/RAD_Pages/AddressAndContactInfo_Page/input_city'

2021-11-08 13:25:54 - [TEST_STEP][PASSED] - selectOptionByLabel(findTestObject(orPath_AddressContact + "/select_State"), "Maryland", false): All options with label 'Maryland' are selected in object 'Object Repository/RAD_Pages/AddressAndContactInfo_Page/select_State' 

2021-11-08 13:25:54 - [MESSAGE][PASSED] - All options with label 'Maryland' are selected in object 'Object Repository/RAD_Pages/AddressAndContactInfo_Page/select_State' 

2021-11-08 13:25:54 - [TEST_STEP][PASSED] - setText(findTestObject(orPath_AddressContact + "/input_zipCode"), ZIP): Text '20720' is set on object 'Object Repository/RAD_Pages/AddressAndContactInfo_Page/input_zipCode'

2021-11-08 13:25:55 - [MESSAGE][PASSED] - Text '20720' is set on object 'Object Repository/RAD_Pages/AddressAndContactInfo_Page/input_zipCode'

2021-11-08 13:25:55 - [TEST_STEP][PASSED] - setText(findTestObject(orPath_AddressContact + "/input_phoneNumber"), "(703) 894-5000"): Text '(703) 894-5000' is set on object 'Object Repository/RAD_Pages/AddressAndContactInfo_Page/input_phoneNumber'

2021-11-08 13:25:55 - [MESSAGE][PASSED] - Text '(703) 894-5000' is set on object 'Object Repository/RAD_Pages/AddressAndContactInfo_Page/input_phoneNumber'

2021-11-08 13:25:55 - [TEST_STEP][PASSED] - setText(findTestObject(orPath_AddressContact + "/input_eMailAddress"), "iahmed@govolution.com"): Text 'iahmed@govolution.com' is set on object 'Object Repository/RAD_Pages/AddressAndContactInfo_Page/input_eMailAddress'

2021-11-08 13:25:56 - [MESSAGE][PASSED] - Text 'iahmed@govolution.com' is set on object 'Object Repository/RAD_Pages/AddressAndContactInfo_Page/input_eMailAddress'

2021-11-08 13:25:56 - [TEST_STEP][PASSED] - setText(findTestObject(orPath_AddressContact + "/input_reEnterEMailAddress"), "iahmed@govolution.com"): Text 'iahmed@govolution.com' is set on object 'Object Repository/RAD_Pages/AddressAndContactInfo_Page/input_reEnterEMailAddress'

2021-11-08 13:25:57 - [MESSAGE][PASSED] - Text 'iahmed@govolution.com' is set on object 'Object Repository/RAD_Pages/AddressAndContactInfo_Page/input_reEnterEMailAddress'

2021-11-08 13:25:57 - [TEST_STEP][PASSED] - if (!(SSN.isEmpty())): Text '123450145' is set on object 'Object Repository/RAD_Pages/TaxInfo_Page/input_TaxInfo_reTaxTypeExisitingSSN'

2021-11-08 13:25:57 - [TEST_STEP][PASSED] - setText(findTestObject(orPath_TaxInfo + "/input_TaxInfo_ExisitingSSN"), SSN): Text '123450145' is set on object 'Object Repository/RAD_Pages/TaxInfo_Page/input_TaxInfo_ExisitingSSN'

2021-11-08 13:25:57 - [MESSAGE][PASSED] - Text '123450145' is set on object 'Object Repository/RAD_Pages/TaxInfo_Page/input_TaxInfo_ExisitingSSN'

2021-11-08 13:25:58 - [TEST_STEP][PASSED] - setText(findTestObject(orPath_TaxInfo + "/input_TaxInfo_reTaxTypeExisitingSSN"), SSN): Text '123450145' is set on object 'Object Repository/RAD_Pages/TaxInfo_Page/input_TaxInfo_reTaxTypeExisitingSSN'

2021-11-08 13:25:58 - [MESSAGE][PASSED] - Text '123450145' is set on object 'Object Repository/RAD_Pages/TaxInfo_Page/input_TaxInfo_reTaxTypeExisitingSSN'

2021-11-08 13:25:58 - [TEST_STEP][PASSED] - scrollToElement(findTestObject(orPath_Amount + "/input__paymentAmount"), 3): Scroll to object 'Object Repository/RAD_Pages/PaymentAmount_Page/input__paymentAmount' successfully

2021-11-08 13:25:59 - [MESSAGE][PASSED] - Scroll to object 'Object Repository/RAD_Pages/PaymentAmount_Page/input__paymentAmount' successfully

2021-11-08 13:25:59 - [TEST_STEP][PASSED] - if (!(FEIN.isEmpty())): null

2021-11-08 13:25:59 - [TEST_STEP][PASSED] - delay(1): Delayed 1 second(s)

2021-11-08 13:26:00 - [MESSAGE][PASSED] - Delayed 1 second(s)

2021-11-08 13:26:00 - [TEST_STEP][PASSED] - setText(findTestObject(orPath_TaxInfo + "/input_NoticeInvoiceNumber"), "258147147"): Text '258147147' is set on object 'Object Repository/RAD_Pages/TaxInfo_Page/input_NoticeInvoiceNumber'

2021-11-08 13:26:00 - [MESSAGE][PASSED] - Text '258147147' is set on object 'Object Repository/RAD_Pages/TaxInfo_Page/input_NoticeInvoiceNumber'

2021-11-08 13:26:00 - [TEST_STEP][PASSED] - setText(findTestObject(orPath_TaxInfo + "/input_reTypeNoticeInvoiceNumber"), "258147147"): Text '258147147' is set on object 'Object Repository/RAD_Pages/TaxInfo_Page/input_reTypeNoticeInvoiceNumber'

2021-11-08 13:26:01 - [MESSAGE][PASSED] - Text '258147147' is set on object 'Object Repository/RAD_Pages/TaxInfo_Page/input_reTypeNoticeInvoiceNumber'

2021-11-08 13:26:01 - [TEST_STEP][PASSED] - if (TaxTypeEL.equalsIgnoreCase("Sales & Use Tax")): null

2021-11-08 13:26:01 - [TEST_STEP][PASSED] - setText(findTestObject(orPath_Amount + "/input__paymentAmount"), Amount): Text '50.50' is set on object 'Object Repository/RAD_Pages/PaymentAmount_Page/input__paymentAmount'

2021-11-08 13:26:02 - [MESSAGE][PASSED] - Text '50.50' is set on object 'Object Repository/RAD_Pages/PaymentAmount_Page/input__paymentAmount'

2021-11-08 13:26:02 - [TEST_STEP][PASSED] - scrollToElement(findTestObject(orPath_Landing + "/button_Continue"), 3): Scroll to object 'Object Repository/RAD_Pages/Landing_Page/button_Continue' successfully

2021-11-08 13:26:02 - [MESSAGE][PASSED] - Scroll to object 'Object Repository/RAD_Pages/Landing_Page/button_Continue' successfully

2021-11-08 13:26:02 - [TEST_STEP][PASSED] - waitForElementClickable(findTestObject(orPath_Landing + "/button_Continue"), 5): Object 'Object Repository/RAD_Pages/Landing_Page/button_Continue' is clickable

2021-11-08 13:26:03 - [MESSAGE][PASSED] - Object 'Object Repository/RAD_Pages/Landing_Page/button_Continue' is clickable

2021-11-08 13:26:03 - [TEST_STEP][PASSED] - click(findTestObject(orPath_Landing + "/button_Continue")): Object: 'Object Repository/RAD_Pages/Landing_Page/button_Continue' is clicked on

2021-11-08 13:26:03 - [MESSAGE][PASSED] - Object: 'Object Repository/RAD_Pages/Landing_Page/button_Continue' is clicked on

2021-11-08 13:26:03 - [TEST_STEP][PASSED] - verifyTextPresent("Review the information below and make any necessary corrections by clicking the", true): Text 'Review the information below and make any necessary corrections by clicking the' is present on page  using regular expression

2021-11-08 13:26:04 - [MESSAGE][PASSED] - Text 'Review the information below and make any necessary corrections by clicking the' is present on page  using regular expression

2021-11-08 13:26:04 - [TEST_STEP][PASSED] - verifyTextPresent("When you are confident that all the information is correct", true): Text 'When you are confident that all the information is correct' is present on page  using regular expression

2021-11-08 13:26:04 - [MESSAGE][PASSED] - Text 'When you are confident that all the information is correct' is present on page  using regular expression

2021-11-08 13:26:04 - [TEST_STEP][PASSED] - delay(1): Delayed 1 second(s)

2021-11-08 13:26:05 - [MESSAGE][PASSED] - Delayed 1 second(s)

2021-11-08 13:26:05 - [TEST_STEP][PASSED] - click(findTestObject(orPath_PaymentReady + "/button_ProceedtoPayment")): Object: 'Object Repository/RAD_Pages/PaymentReady_Page/button_ProceedtoPayment' is clicked on

2021-11-08 13:26:07 - [MESSAGE][PASSED] - Object: 'Object Repository/RAD_Pages/PaymentReady_Page/button_ProceedtoPayment' is clicked on

2021-11-08 13:26:07 - [TEST_STEP][PASSED] - setText(findTestObject(orPath_PaymentEntry + "/input__cardNumber"), CCNumber): Text '4012000098765439' is set on object 'Object Repository/RAD_Pages/PaymentEntry_Page/input__cardNumber'

2021-11-08 13:26:08 - [MESSAGE][PASSED] - Text '4012000098765439' is set on object 'Object Repository/RAD_Pages/PaymentEntry_Page/input__cardNumber'

2021-11-08 13:26:08 - [TEST_STEP][PASSED] - setText(findTestObject(orPath_PaymentEntry + "/input__spc"), CVV): Text '123' is set on object 'Object Repository/RAD_Pages/PaymentEntry_Page/input__spc'

2021-11-08 13:26:08 - [MESSAGE][PASSED] - Text '123' is set on object 'Object Repository/RAD_Pages/PaymentEntry_Page/input__spc'

2021-11-08 13:26:08 - [TEST_STEP][PASSED] - selectOptionByLabel(findTestObject(orPath_PaymentEntry + "/select_MM"), "12", false): All options with label '12' are selected in object 'Object Repository/RAD_Pages/PaymentEntry_Page/select_MM' 

2021-11-08 13:26:09 - [MESSAGE][PASSED] - All options with label '12' are selected in object 'Object Repository/RAD_Pages/PaymentEntry_Page/select_MM' 

2021-11-08 13:26:09 - [TEST_STEP][PASSED] - selectOptionByLabel(findTestObject(orPath_PaymentEntry + "/select_YYYY"), "2023", false): All options with label '2023' are selected in object 'Object Repository/RAD_Pages/PaymentEntry_Page/select_YYYY' 

2021-11-08 13:26:10 - [MESSAGE][PASSED] - All options with label '2023' are selected in object 'Object Repository/RAD_Pages/PaymentEntry_Page/select_YYYY' 

2021-11-08 13:26:10 - [TEST_STEP][PASSED] - click(findTestObject(orPath_PaymentEntry + "/input_Field_ccSubmit")): Object: 'Object Repository/RAD_Pages/PaymentEntry_Page/input_Field_ccSubmit' is clicked on

2021-11-08 13:26:11 - [MESSAGE][PASSED] - Object: 'Object Repository/RAD_Pages/PaymentEntry_Page/input_Field_ccSubmit' is clicked on

2021-11-08 13:26:11 - [TEST_STEP][PASSED] - click(findTestObject(orPath_PaymentConfirmation + "/input_N_confirmNotifyAction")): Object: 'Object Repository/RAD_Pages/PaymentConfirmation_Page/input_N_confirmNotifyAction' is clicked on

2021-11-08 13:26:13 - [MESSAGE][PASSED] - Object: 'Object Repository/RAD_Pages/PaymentConfirmation_Page/input_N_confirmNotifyAction' is clicked on

2021-11-08 13:26:13 - [TEST_STEP][FAILED] - click(findTestObject(orPath_ServiceFeesAccept + "/input_convFeeNotifyAction")): Unable to click on object 'Object Repository/RAD_Pages/ServiceFeeAccept_Page/input_convFeeNotifyAction' (Root cause: com.kms.katalon.core.exception.StepFailedException: Unable to click on object 'Object Repository/RAD_Pages/ServiceFeeAccept_Page/input_convFeeNotifyAction'
	at com.kms.katalon.core.webui.keyword.internal.WebUIKeywordMain.stepFailed(WebUIKeywordMain.groovy:64)
	at com.kms.katalon.core.webui.keyword.internal.WebUIKeywordMain.runKeyword(WebUIKeywordMain.groovy:26)
	at com.kms.katalon.core.webui.keyword.builtin.ClickKeyword.click(ClickKeyword.groovy:75)
	at com.kms.katalon.core.webui.keyword.builtin.ClickKeyword.execute(ClickKeyword.groovy:42)
	at com.kms.katalon.core.keyword.internal.KeywordExecutor.executeKeywordForPlatform(KeywordExecutor.groovy:74)
	at com.kms.katalon.core.webui.keyword.WebUiBuiltInKeywords.click(WebUiBuiltInKeywords.groovy:620)
	at com.kms.katalon.core.webui.keyword.WebUiBuiltInKeywords$click$10.call(Unknown Source)
	at Payments_ExistingLiability_HC_TC.run(Payments_ExistingLiability_HC_TC:217)
	at com.kms.katalon.core.main.ScriptEngine.run(ScriptEngine.java:194)
	at com.kms.katalon.core.main.ScriptEngine.runScriptAsRawText(ScriptEngine.java:119)
	at com.kms.katalon.core.main.TestCaseExecutor.runScript(TestCaseExecutor.java:430)
	at com.kms.katalon.core.main.TestCaseExecutor.doExecute(TestCaseExecutor.java:421)
	at com.kms.katalon.core.main.TestCaseExecutor.processExecutionPhase(TestCaseExecutor.java:400)
	at com.kms.katalon.core.main.TestCaseExecutor.accessMainPhase(TestCaseExecutor.java:392)
	at com.kms.katalon.core.main.TestCaseExecutor.execute(TestCaseExecutor.java:273)
	at com.kms.katalon.core.main.TestSuiteExecutor.accessTestCaseMainPhase(TestSuiteExecutor.java:202)
	at com.kms.katalon.core.main.TestSuiteExecutor.accessTestSuiteMainPhase(TestSuiteExecutor.java:164)
	at com.kms.katalon.core.main.TestSuiteExecutor.execute(TestSuiteExecutor.java:105)
	at com.kms.katalon.core.main.TestCaseMain.startTestSuite(TestCaseMain.java:185)
	at com.kms.katalon.core.main.TestCaseMain$startTestSuite$0.call(Unknown Source)
	at TempTestSuite1636391403401.run(TempTestSuite1636391403401.groovy:36)
Caused by: com.kms.katalon.core.webui.exception.WebElementNotFoundException: Web element with id: 'Object Repository/RAD_Pages/ServiceFeeAccept_Page/input_convFeeNotifyAction' located by '//*[@type = 'submit' and @name = 'convFeeNotifyAction']' not found
	at com.kms.katalon.core.webui.common.WebUiCommonHelper.findWebElement(WebUiCommonHelper.java:1368)
	at com.kms.katalon.core.webui.keyword.internal.WebUIAbstractKeyword.findWebElement(WebUIAbstractKeyword.groovy:27)
	at com.kms.katalon.core.webui.keyword.internal.WebUIAbstractKeyword.findWebElement(WebUIAbstractKeyword.groovy:26)
	at com.kms.katalon.core.webui.keyword.builtin.ClickKeyword$_click_closure1.doCall(ClickKeyword.groovy:66)
	at com.kms.katalon.core.webui.keyword.builtin.ClickKeyword$_click_closure1.call(ClickKeyword.groovy)
	at com.kms.katalon.core.webui.keyword.internal.WebUIKeywordMain.runKeyword(WebUIKeywordMain.groovy:20)
	at com.kms.katalon.core.webui.keyword.builtin.ClickKeyword.click(ClickKeyword.groovy:75)
	at com.kms.katalon.core.webui.keyword.builtin.ClickKeyword.execute(ClickKeyword.groovy:42)
	at com.kms.katalon.core.keyword.internal.KeywordExecutor.executeKeywordForPlatform(KeywordExecutor.groovy:74)
	at com.kms.katalon.core.webui.keyword.WebUiBuiltInKeywords.click(WebUiBuiltInKeywords.groovy:620)
	at com.kms.katalon.core.webui.keyword.WebUiBuiltInKeywords$click$10.call(Unknown Source)
	at Script1634702981988.run(Script1634702981988.groovy:217)
	... 13 more
)

2021-11-08 13:26:44 - [MESSAGE][INFO] - Unable to find the element located by 'By.xpath: //*[@type = 'submit' and @name = 'convFeeNotifyAction']'. Please recheck the objects properties to make sure the desired element is located. 

2021-11-08 13:26:44 - [MESSAGE][WARNING] - [SELF-HEALING] Failed to find element with id 'Object Repository/RAD_Pages/ServiceFeeAccept_Page/input_convFeeNotifyAction'. Try using Self-healing.

2021-11-08 13:26:45 - [MESSAGE][INFO] - Unable to find the element located by 'By.xpath: //div[5]/div/input'. Please recheck the objects properties to make sure the desired element is located. 

2021-11-08 13:26:46 - [MESSAGE][INFO] - Unable to find the element located by 'By.xpath: //input[@name='convFeeNotifyAction']'. Please recheck the objects properties to make sure the desired element is located. 

2021-11-08 13:26:46 - [MESSAGE][INFO] - [SELF-HEALING] Failed Locator: '//input[@name='convFeeNotifyAction']'.

2021-11-08 13:26:46 - [MESSAGE][INFO] - [SELF-HEALING] Failed Locator: '//div[5]/div/input'.

2021-11-08 13:26:47 - [MESSAGE][INFO] - [SELF-HEALING] Failed Locator: '//input[@name='convFeeNotifyAction']'.

2021-11-08 13:26:47 - [MESSAGE][INFO] - [SELF-HEALING] Failed Locator: '//div[5]/div/input'.

2021-11-08 13:26:48 - [MESSAGE][INFO] - Unable to find the element located by 'By.cssSelector: input[name="convFeeNotifyAction"]'. Please recheck the objects properties to make sure the desired element is located. 

2021-11-08 13:26:48 - [MESSAGE][FAILED] - Unable to click on object 'Object Repository/RAD_Pages/ServiceFeeAccept_Page/input_convFeeNotifyAction' (Root cause: com.kms.katalon.core.exception.StepFailedException: Unable to click on object 'Object Repository/RAD_Pages/ServiceFeeAccept_Page/input_convFeeNotifyAction'
	at com.kms.katalon.core.webui.keyword.internal.WebUIKeywordMain.stepFailed(WebUIKeywordMain.groovy:64)
	at com.kms.katalon.core.webui.keyword.internal.WebUIKeywordMain.runKeyword(WebUIKeywordMain.groovy:26)
	at com.kms.katalon.core.webui.keyword.builtin.ClickKeyword.click(ClickKeyword.groovy:75)
	at com.kms.katalon.core.webui.keyword.builtin.ClickKeyword.execute(ClickKeyword.groovy:42)
	at com.kms.katalon.core.keyword.internal.KeywordExecutor.executeKeywordForPlatform(KeywordExecutor.groovy:74)
	at com.kms.katalon.core.webui.keyword.WebUiBuiltInKeywords.click(WebUiBuiltInKeywords.groovy:620)
	at com.kms.katalon.core.webui.keyword.WebUiBuiltInKeywords$click$10.call(Unknown Source)
	at Payments_ExistingLiability_HC_TC.run(Payments_ExistingLiability_HC_TC:217)
	at com.kms.katalon.core.main.ScriptEngine.run(ScriptEngine.java:194)
	at com.kms.katalon.core.main.ScriptEngine.runScriptAsRawText(ScriptEngine.java:119)
	at com.kms.katalon.core.main.TestCaseExecutor.runScript(TestCaseExecutor.java:430)
	at com.kms.katalon.core.main.TestCaseExecutor.doExecute(TestCaseExecutor.java:421)
	at com.kms.katalon.core.main.TestCaseExecutor.processExecutionPhase(TestCaseExecutor.java:400)
	at com.kms.katalon.core.main.TestCaseExecutor.accessMainPhase(TestCaseExecutor.java:392)
	at com.kms.katalon.core.main.TestCaseExecutor.execute(TestCaseExecutor.java:273)
	at com.kms.katalon.core.main.TestSuiteExecutor.accessTestCaseMainPhase(TestSuiteExecutor.java:202)
	at com.kms.katalon.core.main.TestSuiteExecutor.accessTestSuiteMainPhase(TestSuiteExecutor.java:164)
	at com.kms.katalon.core.main.TestSuiteExecutor.execute(TestSuiteExecutor.java:105)
	at com.kms.katalon.core.main.TestCaseMain.startTestSuite(TestCaseMain.java:185)
	at com.kms.katalon.core.main.TestCaseMain$startTestSuite$0.call(Unknown Source)
	at TempTestSuite1636391403401.run(TempTestSuite1636391403401.groovy:36)
Caused by: com.kms.katalon.core.webui.exception.WebElementNotFoundException: Web element with id: 'Object Repository/RAD_Pages/ServiceFeeAccept_Page/input_convFeeNotifyAction' located by '//*[@type = 'submit' and @name = 'convFeeNotifyAction']' not found
	at com.kms.katalon.core.webui.common.WebUiCommonHelper.findWebElement(WebUiCommonHelper.java:1368)
	at com.kms.katalon.core.webui.keyword.internal.WebUIAbstractKeyword.findWebElement(WebUIAbstractKeyword.groovy:27)
	at com.kms.katalon.core.webui.keyword.internal.WebUIAbstractKeyword.findWebElement(WebUIAbstractKeyword.groovy:26)
	at com.kms.katalon.core.webui.keyword.builtin.ClickKeyword$_click_closure1.doCall(ClickKeyword.groovy:66)
	at com.kms.katalon.core.webui.keyword.builtin.ClickKeyword$_click_closure1.call(ClickKeyword.groovy)
	at com.kms.katalon.core.webui.keyword.internal.WebUIKeywordMain.runKeyword(WebUIKeywordMain.groovy:20)
	at com.kms.katalon.core.webui.keyword.builtin.ClickKeyword.click(ClickKeyword.groovy:75)
	at com.kms.katalon.core.webui.keyword.builtin.ClickKeyword.execute(ClickKeyword.groovy:42)
	at com.kms.katalon.core.keyword.internal.KeywordExecutor.executeKeywordForPlatform(KeywordExecutor.groovy:74)
	at com.kms.katalon.core.webui.keyword.WebUiBuiltInKeywords.click(WebUiBuiltInKeywords.groovy:620)
	at com.kms.katalon.core.webui.keyword.WebUiBuiltInKeywords$click$10.call(Unknown Source)
	at Script1634702981988.run(Script1634702981988.groovy:217)
	... 13 more
)
[[ATTACHMENT|E:\\Cloned-Project-Katalon\\VPS-Katalon\\Reports\\20211108_121003\\RAD_TestSuite\\RAD_UI_TestSuite\\20211108_121003\\1636396008640.png]]

2021-11-08 13:26:48 - [TEST_STEP][PASSED] - delay(10): Delayed 10 second(s)

2021-11-08 13:26:58 - [MESSAGE][PASSED] - Delayed 10 second(s)

2021-11-08 13:26:58 - [TEST_STEP][PASSED] - verifyTextPresent("Successful Payment Receipt", true): Text 'Successful Payment Receipt' is present on page  using regular expression

2021-11-08 13:26:59 - [MESSAGE][PASSED] - Text 'Successful Payment Receipt' is present on page  using regular expression

2021-11-08 13:26:59 - [TEST_STEP][PASSED] - if (verifyTextPresent("Successful Payment Receipt", true)): null

2021-11-08 13:26:59 - [MESSAGE][PASSED] - Text 'Successful Payment Receipt' is present on page  using regular expression

2021-11-08 13:26:59 - [TEST_STEP][PASSED] - println("Transaction was Successful"): null

2021-11-08 13:26:59 - [TEST_STEP][PASSED] - out.println("Pass Record Number: " + row): null

2021-11-08 13:26:59 - [TEST_STEP][PASSED] - resText = "Pass": null

2021-11-08 13:26:59 - [TEST_STEP][PASSED] - pages.WriteExcel.demoKey(resText, datText, resColumn, datCloumn, fileLoc, nameSheet, row): pages.WriteExcel.demoKey is PASSED

2021-11-08 13:26:59 - [MESSAGE][PASSED] - pages.WriteExcel.demoKey is PASSED

2021-11-08 13:26:59 - [TEST_STEP][PASSED] - ExecuteTC = findTestData(dataFile).getValue("Execute", row): null

2021-11-08 13:26:59 - [TEST_STEP][PASSED] - Taxtype = findTestData(dataFile).getValue("TaxType", row): null

2021-11-08 13:26:59 - [TEST_STEP][PASSED] - TaxTypeEL = findTestData(dataFile).getValue("TaxTypeEL", row): null

2021-11-08 13:26:59 - [TEST_STEP][PASSED] - FilingYear = findTestData(dataFile).getValue("FilingYear", row): null

2021-11-08 13:26:59 - [TEST_STEP][PASSED] - FName = findTestData(dataFile).getValue("Fname", row): null

2021-11-08 13:26:59 - [TEST_STEP][PASSED] - LName = findTestData(dataFile).getValue("Lname", row): null

2021-11-08 13:26:59 - [TEST_STEP][PASSED] - AL1 = findTestData(dataFile).getValue("AL1", row): null

2021-11-08 13:26:59 - [TEST_STEP][PASSED] - City = findTestData(dataFile).getValue("City", row): null

2021-11-08 13:26:59 - [TEST_STEP][PASSED] - ZIP = findTestData(dataFile).getValue("ZIP", row): null

2021-11-08 13:26:59 - [TEST_STEP][PASSED] - Amount = findTestData(dataFile).getValue("Amount", row): null

2021-11-08 13:26:59 - [TEST_STEP][PASSED] - CCNumber = findTestData(dataFile).getValue("CCNumber", row): null

2021-11-08 13:26:59 - [TEST_STEP][PASSED] - CVV = findTestData(dataFile).getValue("CVV", row): null

2021-11-08 13:26:59 - [TEST_STEP][PASSED] - SSN = findTestData(dataFile).getValue("SSN", row): null

2021-11-08 13:26:59 - [TEST_STEP][PASSED] - FEIN = findTestData(dataFile).getValue("FEIN", row): null

2021-11-08 13:27:00 - [TEST_STEP][PASSED] - out.println("Value of Execute is : " + ExecuteTC): null

2021-11-08 13:27:00 - [TEST_STEP][FAILED] - if (ExecuteTC.equalsIgnoreCase("Y")): null

2021-11-08 13:27:00 - [TEST_STEP][PASSED] - out.println("Begin Record Number: " + row): null

2021-11-08 13:27:00 - [TEST_STEP][PASSED] - today = new java.util.Date(): null

2021-11-08 13:27:00 - [TEST_STEP][PASSED] - println(today): null

2021-11-08 13:27:00 - [TEST_STEP][PASSED] - datText = today: null

2021-11-08 13:27:00 - [TEST_STEP][PASSED] - Taxtype = findTestData(dataFile).getValue("TaxType", row): null

2021-11-08 13:27:00 - [TEST_STEP][PASSED] - out.println("Taxtype value is : " + Taxtype): null

2021-11-08 13:27:00 - [TEST_STEP][PASSED] - openBrowser(""): Browser is opened with url: ''

2021-11-08 13:27:00 - [MESSAGE][WARNING] - A browser is already opened. Closing browser and opening a new one

2021-11-08 13:27:00 - [MESSAGE][INFO] - Starting 'Chrome' driver

2021-11-08 13:27:00 - [MESSAGE][INFO] - User set preference: ['acceptInsecureCerts', 'true']

2021-11-08 13:27:00 - [MESSAGE][INFO] - Action delay is set to 0 milliseconds

2021-11-08 13:27:02 - [MESSAGE][PASSED] - Browser is opened with url: ''

2021-11-08 13:27:02 - [TEST_STEP][PASSED] - maximizeWindow(): Current window maximized

2021-11-08 13:27:02 - [MESSAGE][PASSED] - Current window maximized

2021-11-08 13:27:02 - [TEST_STEP][PASSED] - navigateToUrl(RADurl): Navigate to 'https://qa.velocitypayment.com/client/rad/index.html' successfully

2021-11-08 13:27:04 - [MESSAGE][PASSED] - Navigate to 'https://qa.velocitypayment.com/client/rad/index.html' successfully

2021-11-08 13:27:04 - [TEST_STEP][PASSED] - orPath_Landing = "Object Repository/RAD_Pages/Landing_Page": null

2021-11-08 13:27:04 - [TEST_STEP][PASSED] - orPath_TaxTypeFilingYear = "Object Repository/RAD_Pages/TaxTypeFilingYear_Page": null

2021-11-08 13:27:04 - [TEST_STEP][PASSED] - orPath_TaxPayer = "Object Repository/RAD_Pages/Taxpayer_Page": null

2021-11-08 13:27:04 - [TEST_STEP][PASSED] - orPath_AddressContact = "Object Repository/RAD_Pages/AddressAndContactInfo_Page": null

2021-11-08 13:27:04 - [TEST_STEP][PASSED] - orPath_FilingStatus = "Object Repository/RAD_Pages/FilingStatus_Page": null

2021-11-08 13:27:04 - [TEST_STEP][PASSED] - orPath_Amount = "Object Repository/RAD_Pages/PaymentAmount_Page": null

2021-11-08 13:27:04 - [TEST_STEP][PASSED] - orPath_TaxInfo = "Object Repository/RAD_Pages/TaxInfo_Page": null

2021-11-08 13:27:04 - [TEST_STEP][PASSED] - orPath_Withholding = "Object Repository/RAD_Pages/Withholding_Page": null

2021-11-08 13:27:04 - [TEST_STEP][PASSED] - orPath_Summary = "Object Repository/RAD_Pages/Summary_Page": null

2021-11-08 13:27:04 - [TEST_STEP][PASSED] - orPath_PaymentReady = "Object Repository/RAD_Pages/PaymentReady_Page": null

2021-11-08 13:27:04 - [TEST_STEP][PASSED] - orPath_PaymentEntry = "Object Repository/RAD_Pages/PaymentEntry_Page": null

2021-11-08 13:27:04 - [TEST_STEP][PASSED] - orPath_PaymentConfirmation = "Object Repository/RAD_Pages/PaymentConfirmation_Page": null

2021-11-08 13:27:04 - [TEST_STEP][PASSED] - orPath_ServiceFeesAccept = "Object Repository/RAD_Pages/ServiceFeeAccept_Page": null

2021-11-08 13:27:04 - [TEST_STEP][PASSED] - selectOptionByLabel(findTestObject(orPath_Landing + "/dd_TaxType"), Taxtype, false): All options with label 'Existing Liability' are selected in object 'Object Repository/RAD_Pages/Landing_Page/dd_TaxType' 

2021-11-08 13:27:05 - [MESSAGE][PASSED] - All options with label 'Existing Liability' are selected in object 'Object Repository/RAD_Pages/Landing_Page/dd_TaxType' 

2021-11-08 13:27:05 - [TEST_STEP][PASSED] - delay(1): Delayed 1 second(s)

2021-11-08 13:27:06 - [MESSAGE][PASSED] - Delayed 1 second(s)

2021-11-08 13:27:06 - [TEST_STEP][PASSED] - selectOptionByLabel(findTestObject(orPath_TaxTypeFilingYear + "/select_TaxType_ExistingLiability"), TaxTypeEL, false): All options with label 'Fiduciary Tax' are selected in object 'Object Repository/RAD_Pages/TaxTypeFilingYear_Page/select_TaxType_ExistingLiability' 

2021-11-08 13:27:06 - [MESSAGE][PASSED] - All options with label 'Fiduciary Tax' are selected in object 'Object Repository/RAD_Pages/TaxTypeFilingYear_Page/select_TaxType_ExistingLiability' 

2021-11-08 13:27:06 - [TEST_STEP][PASSED] - selectOptionByLabel(findTestObject(orPath_TaxTypeFilingYear + "/select_FilingYear"), FilingYear, false): All options with label '2019' are selected in object 'Object Repository/RAD_Pages/TaxTypeFilingYear_Page/select_FilingYear' 

2021-11-08 13:27:07 - [MESSAGE][PASSED] - All options with label '2019' are selected in object 'Object Repository/RAD_Pages/TaxTypeFilingYear_Page/select_FilingYear' 

2021-11-08 13:27:07 - [TEST_STEP][PASSED] - setText(findTestObject(orPath_TaxPayer + "/input_firstName"), FName): Text 'Jason' is set on object 'Object Repository/RAD_Pages/Taxpayer_Page/input_firstName'

2021-11-08 13:27:08 - [MESSAGE][PASSED] - Text 'Jason' is set on object 'Object Repository/RAD_Pages/Taxpayer_Page/input_firstName'

2021-11-08 13:27:08 - [TEST_STEP][PASSED] - setText(findTestObject(orPath_TaxPayer + "/input_lastName"), LName): Text 'Cook' is set on object 'Object Repository/RAD_Pages/Taxpayer_Page/input_lastName'

2021-11-08 13:27:08 - [MESSAGE][PASSED] - Text 'Cook' is set on object 'Object Repository/RAD_Pages/Taxpayer_Page/input_lastName'

2021-11-08 13:27:08 - [TEST_STEP][PASSED] - setText(findTestObject(orPath_TaxPayer + "/input_middleName"), "Johns"): Text 'Johns' is set on object 'Object Repository/RAD_Pages/Taxpayer_Page/input_middleName'

2021-11-08 13:27:09 - [MESSAGE][PASSED] - Text 'Johns' is set on object 'Object Repository/RAD_Pages/Taxpayer_Page/input_middleName'

2021-11-08 13:27:09 - [TEST_STEP][PASSED] - setText(findTestObject(orPath_TaxPayer + "/input_suffix"), "Sr"): Text 'Sr' is set on object 'Object Repository/RAD_Pages/Taxpayer_Page/input_suffix'

2021-11-08 13:27:10 - [MESSAGE][PASSED] - Text 'Sr' is set on object 'Object Repository/RAD_Pages/Taxpayer_Page/input_suffix'

2021-11-08 13:27:10 - [TEST_STEP][PASSED] - selectOptionByLabel(findTestObject(orPath_AddressContact + "/select_Country"), "United States", false): All options with label 'United States' are selected in object 'Object Repository/RAD_Pages/AddressAndContactInfo_Page/select_Country' 

2021-11-08 13:27:10 - [MESSAGE][PASSED] - All options with label 'United States' are selected in object 'Object Repository/RAD_Pages/AddressAndContactInfo_Page/select_Country' 

2021-11-08 13:27:10 - [TEST_STEP][PASSED] - setText(findTestObject(orPath_AddressContact + "/input_streetAddress1"), AL1): Text '1501 Mandan Terrace' is set on object 'Object Repository/RAD_Pages/AddressAndContactInfo_Page/input_streetAddress1'

2021-11-08 13:27:11 - [MESSAGE][PASSED] - Text '1501 Mandan Terrace' is set on object 'Object Repository/RAD_Pages/AddressAndContactInfo_Page/input_streetAddress1'

2021-11-08 13:27:11 - [TEST_STEP][PASSED] - setText(findTestObject(orPath_AddressContact + "/input_streetAddress2"), ""): Text '' is set on object 'Object Repository/RAD_Pages/AddressAndContactInfo_Page/input_streetAddress2'

2021-11-08 13:27:11 - [MESSAGE][PASSED] - Text '' is set on object 'Object Repository/RAD_Pages/AddressAndContactInfo_Page/input_streetAddress2'

2021-11-08 13:27:12 - [TEST_STEP][PASSED] - setText(findTestObject(orPath_AddressContact + "/input_city"), City): Text 'Bowie' is set on object 'Object Repository/RAD_Pages/AddressAndContactInfo_Page/input_city'

2021-11-08 13:27:12 - [MESSAGE][PASSED] - Text 'Bowie' is set on object 'Object Repository/RAD_Pages/AddressAndContactInfo_Page/input_city'

2021-11-08 13:27:12 - [TEST_STEP][PASSED] - selectOptionByLabel(findTestObject(orPath_AddressContact + "/select_State"), "Maryland", false): All options with label 'Maryland' are selected in object 'Object Repository/RAD_Pages/AddressAndContactInfo_Page/select_State' 

2021-11-08 13:27:13 - [MESSAGE][PASSED] - All options with label 'Maryland' are selected in object 'Object Repository/RAD_Pages/AddressAndContactInfo_Page/select_State' 

2021-11-08 13:27:13 - [TEST_STEP][PASSED] - setText(findTestObject(orPath_AddressContact + "/input_zipCode"), ZIP): Text '20720' is set on object 'Object Repository/RAD_Pages/AddressAndContactInfo_Page/input_zipCode'

2021-11-08 13:27:13 - [MESSAGE][PASSED] - Text '20720' is set on object 'Object Repository/RAD_Pages/AddressAndContactInfo_Page/input_zipCode'

2021-11-08 13:27:13 - [TEST_STEP][PASSED] - setText(findTestObject(orPath_AddressContact + "/input_phoneNumber"), "(703) 894-5000"): Text '(703) 894-5000' is set on object 'Object Repository/RAD_Pages/AddressAndContactInfo_Page/input_phoneNumber'

2021-11-08 13:27:14 - [MESSAGE][PASSED] - Text '(703) 894-5000' is set on object 'Object Repository/RAD_Pages/AddressAndContactInfo_Page/input_phoneNumber'

2021-11-08 13:27:14 - [TEST_STEP][PASSED] - setText(findTestObject(orPath_AddressContact + "/input_eMailAddress"), "iahmed@govolution.com"): Text 'iahmed@govolution.com' is set on object 'Object Repository/RAD_Pages/AddressAndContactInfo_Page/input_eMailAddress'

2021-11-08 13:27:15 - [MESSAGE][PASSED] - Text 'iahmed@govolution.com' is set on object 'Object Repository/RAD_Pages/AddressAndContactInfo_Page/input_eMailAddress'

2021-11-08 13:27:15 - [TEST_STEP][PASSED] - setText(findTestObject(orPath_AddressContact + "/input_reEnterEMailAddress"), "iahmed@govolution.com"): Text 'iahmed@govolution.com' is set on object 'Object Repository/RAD_Pages/AddressAndContactInfo_Page/input_reEnterEMailAddress'

2021-11-08 13:27:16 - [MESSAGE][PASSED] - Text 'iahmed@govolution.com' is set on object 'Object Repository/RAD_Pages/AddressAndContactInfo_Page/input_reEnterEMailAddress'

2021-11-08 13:27:16 - [TEST_STEP][PASSED] - if (!(SSN.isEmpty())): null

2021-11-08 13:27:16 - [TEST_STEP][PASSED] - scrollToElement(findTestObject(orPath_Amount + "/input__paymentAmount"), 3): Scroll to object 'Object Repository/RAD_Pages/PaymentAmount_Page/input__paymentAmount' successfully

2021-11-08 13:27:16 - [MESSAGE][PASSED] - Scroll to object 'Object Repository/RAD_Pages/PaymentAmount_Page/input__paymentAmount' successfully

2021-11-08 13:27:16 - [TEST_STEP][PASSED] - if (!(FEIN.isEmpty())): Text '258369260' is set on object 'Object Repository/RAD_Pages/TaxInfo_Page/input_ReTypeFEIN'

2021-11-08 13:27:16 - [TEST_STEP][PASSED] - setText(findTestObject(orPath_TaxInfo + "/input_FEIN"), FEIN): Text '258369260' is set on object 'Object Repository/RAD_Pages/TaxInfo_Page/input_FEIN'

2021-11-08 13:27:17 - [MESSAGE][PASSED] - Text '258369260' is set on object 'Object Repository/RAD_Pages/TaxInfo_Page/input_FEIN'

2021-11-08 13:27:17 - [TEST_STEP][PASSED] - setText(findTestObject(orPath_TaxInfo + "/input_ReTypeFEIN"), FEIN): Text '258369260' is set on object 'Object Repository/RAD_Pages/TaxInfo_Page/input_ReTypeFEIN'

2021-11-08 13:27:17 - [MESSAGE][PASSED] - Text '258369260' is set on object 'Object Repository/RAD_Pages/TaxInfo_Page/input_ReTypeFEIN'

2021-11-08 13:27:17 - [TEST_STEP][PASSED] - delay(1): Delayed 1 second(s)

2021-11-08 13:27:18 - [MESSAGE][PASSED] - Delayed 1 second(s)

2021-11-08 13:27:18 - [TEST_STEP][PASSED] - setText(findTestObject(orPath_TaxInfo + "/input_NoticeInvoiceNumber"), "258147147"): Text '258147147' is set on object 'Object Repository/RAD_Pages/TaxInfo_Page/input_NoticeInvoiceNumber'

2021-11-08 13:27:19 - [MESSAGE][PASSED] - Text '258147147' is set on object 'Object Repository/RAD_Pages/TaxInfo_Page/input_NoticeInvoiceNumber'

2021-11-08 13:27:19 - [TEST_STEP][PASSED] - setText(findTestObject(orPath_TaxInfo + "/input_reTypeNoticeInvoiceNumber"), "258147147"): Text '258147147' is set on object 'Object Repository/RAD_Pages/TaxInfo_Page/input_reTypeNoticeInvoiceNumber'

2021-11-08 13:27:20 - [MESSAGE][PASSED] - Text '258147147' is set on object 'Object Repository/RAD_Pages/TaxInfo_Page/input_reTypeNoticeInvoiceNumber'

2021-11-08 13:27:20 - [TEST_STEP][PASSED] - if (TaxTypeEL.equalsIgnoreCase("Sales & Use Tax")): null

2021-11-08 13:27:20 - [TEST_STEP][PASSED] - setText(findTestObject(orPath_Amount + "/input__paymentAmount"), Amount): Text '50.50' is set on object 'Object Repository/RAD_Pages/PaymentAmount_Page/input__paymentAmount'

2021-11-08 13:27:21 - [MESSAGE][PASSED] - Text '50.50' is set on object 'Object Repository/RAD_Pages/PaymentAmount_Page/input__paymentAmount'

2021-11-08 13:27:21 - [TEST_STEP][PASSED] - scrollToElement(findTestObject(orPath_Landing + "/button_Continue"), 3): Scroll to object 'Object Repository/RAD_Pages/Landing_Page/button_Continue' successfully

2021-11-08 13:27:21 - [MESSAGE][PASSED] - Scroll to object 'Object Repository/RAD_Pages/Landing_Page/button_Continue' successfully

2021-11-08 13:27:21 - [TEST_STEP][PASSED] - waitForElementClickable(findTestObject(orPath_Landing + "/button_Continue"), 5): Object 'Object Repository/RAD_Pages/Landing_Page/button_Continue' is clickable

2021-11-08 13:27:21 - [MESSAGE][PASSED] - Object 'Object Repository/RAD_Pages/Landing_Page/button_Continue' is clickable

2021-11-08 13:27:21 - [TEST_STEP][PASSED] - click(findTestObject(orPath_Landing + "/button_Continue")): Object: 'Object Repository/RAD_Pages/Landing_Page/button_Continue' is clicked on

2021-11-08 13:27:22 - [MESSAGE][PASSED] - Object: 'Object Repository/RAD_Pages/Landing_Page/button_Continue' is clicked on

2021-11-08 13:27:22 - [TEST_STEP][PASSED] - verifyTextPresent("Review the information below and make any necessary corrections by clicking the", true): Text 'Review the information below and make any necessary corrections by clicking the' is present on page  using regular expression

2021-11-08 13:27:22 - [MESSAGE][PASSED] - Text 'Review the information below and make any necessary corrections by clicking the' is present on page  using regular expression

2021-11-08 13:27:22 - [TEST_STEP][PASSED] - verifyTextPresent("When you are confident that all the information is correct", true): Text 'When you are confident that all the information is correct' is present on page  using regular expression

2021-11-08 13:27:23 - [MESSAGE][PASSED] - Text 'When you are confident that all the information is correct' is present on page  using regular expression

2021-11-08 13:27:23 - [TEST_STEP][PASSED] - delay(1): Delayed 1 second(s)

2021-11-08 13:27:24 - [MESSAGE][PASSED] - Delayed 1 second(s)

2021-11-08 13:27:24 - [TEST_STEP][PASSED] - click(findTestObject(orPath_PaymentReady + "/button_ProceedtoPayment")): Object: 'Object Repository/RAD_Pages/PaymentReady_Page/button_ProceedtoPayment' is clicked on

2021-11-08 13:27:25 - [MESSAGE][PASSED] - Object: 'Object Repository/RAD_Pages/PaymentReady_Page/button_ProceedtoPayment' is clicked on

2021-11-08 13:27:25 - [TEST_STEP][PASSED] - setText(findTestObject(orPath_PaymentEntry + "/input__cardNumber"), CCNumber): Text '4012000098765439' is set on object 'Object Repository/RAD_Pages/PaymentEntry_Page/input__cardNumber'

2021-11-08 13:27:26 - [MESSAGE][PASSED] - Text '4012000098765439' is set on object 'Object Repository/RAD_Pages/PaymentEntry_Page/input__cardNumber'

2021-11-08 13:27:26 - [TEST_STEP][PASSED] - setText(findTestObject(orPath_PaymentEntry + "/input__spc"), CVV): Text '123' is set on object 'Object Repository/RAD_Pages/PaymentEntry_Page/input__spc'

2021-11-08 13:27:27 - [MESSAGE][PASSED] - Text '123' is set on object 'Object Repository/RAD_Pages/PaymentEntry_Page/input__spc'

2021-11-08 13:27:27 - [TEST_STEP][PASSED] - selectOptionByLabel(findTestObject(orPath_PaymentEntry + "/select_MM"), "12", false): All options with label '12' are selected in object 'Object Repository/RAD_Pages/PaymentEntry_Page/select_MM' 

2021-11-08 13:27:28 - [MESSAGE][PASSED] - All options with label '12' are selected in object 'Object Repository/RAD_Pages/PaymentEntry_Page/select_MM' 

2021-11-08 13:27:28 - [TEST_STEP][PASSED] - selectOptionByLabel(findTestObject(orPath_PaymentEntry + "/select_YYYY"), "2023", false): All options with label '2023' are selected in object 'Object Repository/RAD_Pages/PaymentEntry_Page/select_YYYY' 

2021-11-08 13:27:28 - [MESSAGE][PASSED] - All options with label '2023' are selected in object 'Object Repository/RAD_Pages/PaymentEntry_Page/select_YYYY' 

2021-11-08 13:27:28 - [TEST_STEP][PASSED] - click(findTestObject(orPath_PaymentEntry + "/input_Field_ccSubmit")): Object: 'Object Repository/RAD_Pages/PaymentEntry_Page/input_Field_ccSubmit' is clicked on

2021-11-08 13:27:29 - [MESSAGE][PASSED] - Object: 'Object Repository/RAD_Pages/PaymentEntry_Page/input_Field_ccSubmit' is clicked on

2021-11-08 13:27:29 - [TEST_STEP][PASSED] - click(findTestObject(orPath_PaymentConfirmation + "/input_N_confirmNotifyAction")): Object: 'Object Repository/RAD_Pages/PaymentConfirmation_Page/input_N_confirmNotifyAction' is clicked on

2021-11-08 13:27:31 - [MESSAGE][PASSED] - Object: 'Object Repository/RAD_Pages/PaymentConfirmation_Page/input_N_confirmNotifyAction' is clicked on

2021-11-08 13:27:31 - [TEST_STEP][FAILED] - click(findTestObject(orPath_ServiceFeesAccept + "/input_convFeeNotifyAction")): Unable to click on object 'Object Repository/RAD_Pages/ServiceFeeAccept_Page/input_convFeeNotifyAction' (Root cause: com.kms.katalon.core.exception.StepFailedException: Unable to click on object 'Object Repository/RAD_Pages/ServiceFeeAccept_Page/input_convFeeNotifyAction'
	at com.kms.katalon.core.webui.keyword.internal.WebUIKeywordMain.stepFailed(WebUIKeywordMain.groovy:64)
	at com.kms.katalon.core.webui.keyword.internal.WebUIKeywordMain.runKeyword(WebUIKeywordMain.groovy:26)
	at com.kms.katalon.core.webui.keyword.builtin.ClickKeyword.click(ClickKeyword.groovy:75)
	at com.kms.katalon.core.webui.keyword.builtin.ClickKeyword.execute(ClickKeyword.groovy:42)
	at com.kms.katalon.core.keyword.internal.KeywordExecutor.executeKeywordForPlatform(KeywordExecutor.groovy:74)
	at com.kms.katalon.core.webui.keyword.WebUiBuiltInKeywords.click(WebUiBuiltInKeywords.groovy:620)
	at com.kms.katalon.core.webui.keyword.WebUiBuiltInKeywords$click$10.call(Unknown Source)
	at Payments_ExistingLiability_HC_TC.run(Payments_ExistingLiability_HC_TC:217)
	at com.kms.katalon.core.main.ScriptEngine.run(ScriptEngine.java:194)
	at com.kms.katalon.core.main.ScriptEngine.runScriptAsRawText(ScriptEngine.java:119)
	at com.kms.katalon.core.main.TestCaseExecutor.runScript(TestCaseExecutor.java:430)
	at com.kms.katalon.core.main.TestCaseExecutor.doExecute(TestCaseExecutor.java:421)
	at com.kms.katalon.core.main.TestCaseExecutor.processExecutionPhase(TestCaseExecutor.java:400)
	at com.kms.katalon.core.main.TestCaseExecutor.accessMainPhase(TestCaseExecutor.java:392)
	at com.kms.katalon.core.main.TestCaseExecutor.execute(TestCaseExecutor.java:273)
	at com.kms.katalon.core.main.TestSuiteExecutor.accessTestCaseMainPhase(TestSuiteExecutor.java:202)
	at com.kms.katalon.core.main.TestSuiteExecutor.accessTestSuiteMainPhase(TestSuiteExecutor.java:164)
	at com.kms.katalon.core.main.TestSuiteExecutor.execute(TestSuiteExecutor.java:105)
	at com.kms.katalon.core.main.TestCaseMain.startTestSuite(TestCaseMain.java:185)
	at com.kms.katalon.core.main.TestCaseMain$startTestSuite$0.call(Unknown Source)
	at TempTestSuite1636391403401.run(TempTestSuite1636391403401.groovy:36)
Caused by: com.kms.katalon.core.webui.exception.WebElementNotFoundException: Web element with id: 'Object Repository/RAD_Pages/ServiceFeeAccept_Page/input_convFeeNotifyAction' located by '//*[@type = 'submit' and @name = 'convFeeNotifyAction']' not found
	at com.kms.katalon.core.webui.common.WebUiCommonHelper.findWebElement(WebUiCommonHelper.java:1368)
	at com.kms.katalon.core.webui.keyword.internal.WebUIAbstractKeyword.findWebElement(WebUIAbstractKeyword.groovy:27)
	at com.kms.katalon.core.webui.keyword.internal.WebUIAbstractKeyword.findWebElement(WebUIAbstractKeyword.groovy:26)
	at com.kms.katalon.core.webui.keyword.builtin.ClickKeyword$_click_closure1.doCall(ClickKeyword.groovy:66)
	at com.kms.katalon.core.webui.keyword.builtin.ClickKeyword$_click_closure1.call(ClickKeyword.groovy)
	at com.kms.katalon.core.webui.keyword.internal.WebUIKeywordMain.runKeyword(WebUIKeywordMain.groovy:20)
	at com.kms.katalon.core.webui.keyword.builtin.ClickKeyword.click(ClickKeyword.groovy:75)
	at com.kms.katalon.core.webui.keyword.builtin.ClickKeyword.execute(ClickKeyword.groovy:42)
	at com.kms.katalon.core.keyword.internal.KeywordExecutor.executeKeywordForPlatform(KeywordExecutor.groovy:74)
	at com.kms.katalon.core.webui.keyword.WebUiBuiltInKeywords.click(WebUiBuiltInKeywords.groovy:620)
	at com.kms.katalon.core.webui.keyword.WebUiBuiltInKeywords$click$10.call(Unknown Source)
	at Script1634702981988.run(Script1634702981988.groovy:217)
	... 13 more
)

2021-11-08 13:28:02 - [MESSAGE][INFO] - Unable to find the element located by 'By.xpath: //*[@type = 'submit' and @name = 'convFeeNotifyAction']'. Please recheck the objects properties to make sure the desired element is located. 

2021-11-08 13:28:02 - [MESSAGE][WARNING] - [SELF-HEALING] Failed to find element with id 'Object Repository/RAD_Pages/ServiceFeeAccept_Page/input_convFeeNotifyAction'. Try using Self-healing.

2021-11-08 13:28:03 - [MESSAGE][INFO] - Unable to find the element located by 'By.xpath: //div[5]/div/input'. Please recheck the objects properties to make sure the desired element is located. 

2021-11-08 13:28:04 - [MESSAGE][INFO] - Unable to find the element located by 'By.xpath: //input[@name='convFeeNotifyAction']'. Please recheck the objects properties to make sure the desired element is located. 

2021-11-08 13:28:04 - [MESSAGE][INFO] - [SELF-HEALING] Failed Locator: '//input[@name='convFeeNotifyAction']'.

2021-11-08 13:28:05 - [MESSAGE][INFO] - [SELF-HEALING] Failed Locator: '//div[5]/div/input'.

2021-11-08 13:28:05 - [MESSAGE][INFO] - [SELF-HEALING] Failed Locator: '//input[@name='convFeeNotifyAction']'.

2021-11-08 13:28:05 - [MESSAGE][INFO] - [SELF-HEALING] Failed Locator: '//div[5]/div/input'.

2021-11-08 13:28:06 - [MESSAGE][INFO] - Unable to find the element located by 'By.cssSelector: input[name="convFeeNotifyAction"]'. Please recheck the objects properties to make sure the desired element is located. 

2021-11-08 13:28:06 - [MESSAGE][FAILED] - Unable to click on object 'Object Repository/RAD_Pages/ServiceFeeAccept_Page/input_convFeeNotifyAction' (Root cause: com.kms.katalon.core.exception.StepFailedException: Unable to click on object 'Object Repository/RAD_Pages/ServiceFeeAccept_Page/input_convFeeNotifyAction'
	at com.kms.katalon.core.webui.keyword.internal.WebUIKeywordMain.stepFailed(WebUIKeywordMain.groovy:64)
	at com.kms.katalon.core.webui.keyword.internal.WebUIKeywordMain.runKeyword(WebUIKeywordMain.groovy:26)
	at com.kms.katalon.core.webui.keyword.builtin.ClickKeyword.click(ClickKeyword.groovy:75)
	at com.kms.katalon.core.webui.keyword.builtin.ClickKeyword.execute(ClickKeyword.groovy:42)
	at com.kms.katalon.core.keyword.internal.KeywordExecutor.executeKeywordForPlatform(KeywordExecutor.groovy:74)
	at com.kms.katalon.core.webui.keyword.WebUiBuiltInKeywords.click(WebUiBuiltInKeywords.groovy:620)
	at com.kms.katalon.core.webui.keyword.WebUiBuiltInKeywords$click$10.call(Unknown Source)
	at Payments_ExistingLiability_HC_TC.run(Payments_ExistingLiability_HC_TC:217)
	at com.kms.katalon.core.main.ScriptEngine.run(ScriptEngine.java:194)
	at com.kms.katalon.core.main.ScriptEngine.runScriptAsRawText(ScriptEngine.java:119)
	at com.kms.katalon.core.main.TestCaseExecutor.runScript(TestCaseExecutor.java:430)
	at com.kms.katalon.core.main.TestCaseExecutor.doExecute(TestCaseExecutor.java:421)
	at com.kms.katalon.core.main.TestCaseExecutor.processExecutionPhase(TestCaseExecutor.java:400)
	at com.kms.katalon.core.main.TestCaseExecutor.accessMainPhase(TestCaseExecutor.java:392)
	at com.kms.katalon.core.main.TestCaseExecutor.execute(TestCaseExecutor.java:273)
	at com.kms.katalon.core.main.TestSuiteExecutor.accessTestCaseMainPhase(TestSuiteExecutor.java:202)
	at com.kms.katalon.core.main.TestSuiteExecutor.accessTestSuiteMainPhase(TestSuiteExecutor.java:164)
	at com.kms.katalon.core.main.TestSuiteExecutor.execute(TestSuiteExecutor.java:105)
	at com.kms.katalon.core.main.TestCaseMain.startTestSuite(TestCaseMain.java:185)
	at com.kms.katalon.core.main.TestCaseMain$startTestSuite$0.call(Unknown Source)
	at TempTestSuite1636391403401.run(TempTestSuite1636391403401.groovy:36)
Caused by: com.kms.katalon.core.webui.exception.WebElementNotFoundException: Web element with id: 'Object Repository/RAD_Pages/ServiceFeeAccept_Page/input_convFeeNotifyAction' located by '//*[@type = 'submit' and @name = 'convFeeNotifyAction']' not found
	at com.kms.katalon.core.webui.common.WebUiCommonHelper.findWebElement(WebUiCommonHelper.java:1368)
	at com.kms.katalon.core.webui.keyword.internal.WebUIAbstractKeyword.findWebElement(WebUIAbstractKeyword.groovy:27)
	at com.kms.katalon.core.webui.keyword.internal.WebUIAbstractKeyword.findWebElement(WebUIAbstractKeyword.groovy:26)
	at com.kms.katalon.core.webui.keyword.builtin.ClickKeyword$_click_closure1.doCall(ClickKeyword.groovy:66)
	at com.kms.katalon.core.webui.keyword.builtin.ClickKeyword$_click_closure1.call(ClickKeyword.groovy)
	at com.kms.katalon.core.webui.keyword.internal.WebUIKeywordMain.runKeyword(WebUIKeywordMain.groovy:20)
	at com.kms.katalon.core.webui.keyword.builtin.ClickKeyword.click(ClickKeyword.groovy:75)
	at com.kms.katalon.core.webui.keyword.builtin.ClickKeyword.execute(ClickKeyword.groovy:42)
	at com.kms.katalon.core.keyword.internal.KeywordExecutor.executeKeywordForPlatform(KeywordExecutor.groovy:74)
	at com.kms.katalon.core.webui.keyword.WebUiBuiltInKeywords.click(WebUiBuiltInKeywords.groovy:620)
	at com.kms.katalon.core.webui.keyword.WebUiBuiltInKeywords$click$10.call(Unknown Source)
	at Script1634702981988.run(Script1634702981988.groovy:217)
	... 13 more
)
[[ATTACHMENT|E:\\Cloned-Project-Katalon\\VPS-Katalon\\Reports\\20211108_121003\\RAD_TestSuite\\RAD_UI_TestSuite\\20211108_121003\\1636396086748.png]]

2021-11-08 13:28:06 - [TEST_STEP][PASSED] - delay(10): Delayed 10 second(s)

2021-11-08 13:28:16 - [MESSAGE][PASSED] - Delayed 10 second(s)

2021-11-08 13:28:16 - [TEST_STEP][PASSED] - verifyTextPresent("Successful Payment Receipt", true): Text 'Successful Payment Receipt' is present on page  using regular expression

2021-11-08 13:28:17 - [MESSAGE][PASSED] - Text 'Successful Payment Receipt' is present on page  using regular expression

2021-11-08 13:28:17 - [TEST_STEP][PASSED] - if (verifyTextPresent("Successful Payment Receipt", true)): null

2021-11-08 13:28:17 - [MESSAGE][PASSED] - Text 'Successful Payment Receipt' is present on page  using regular expression

2021-11-08 13:28:17 - [TEST_STEP][PASSED] - println("Transaction was Successful"): null

2021-11-08 13:28:17 - [TEST_STEP][PASSED] - out.println("Pass Record Number: " + row): null

2021-11-08 13:28:17 - [TEST_STEP][PASSED] - resText = "Pass": null

2021-11-08 13:28:17 - [TEST_STEP][PASSED] - pages.WriteExcel.demoKey(resText, datText, resColumn, datCloumn, fileLoc, nameSheet, row): pages.WriteExcel.demoKey is PASSED

2021-11-08 13:28:17 - [MESSAGE][PASSED] - pages.WriteExcel.demoKey is PASSED

2021-11-08 13:28:17 - [TEST_STEP][PASSED] - ExecuteTC = findTestData(dataFile).getValue("Execute", row): null

2021-11-08 13:28:17 - [TEST_STEP][PASSED] - Taxtype = findTestData(dataFile).getValue("TaxType", row): null

2021-11-08 13:28:17 - [TEST_STEP][PASSED] - TaxTypeEL = findTestData(dataFile).getValue("TaxTypeEL", row): null

2021-11-08 13:28:17 - [TEST_STEP][PASSED] - FilingYear = findTestData(dataFile).getValue("FilingYear", row): null

2021-11-08 13:28:17 - [TEST_STEP][PASSED] - FName = findTestData(dataFile).getValue("Fname", row): null

2021-11-08 13:28:17 - [TEST_STEP][PASSED] - LName = findTestData(dataFile).getValue("Lname", row): null

2021-11-08 13:28:17 - [TEST_STEP][PASSED] - AL1 = findTestData(dataFile).getValue("AL1", row): null

2021-11-08 13:28:17 - [TEST_STEP][PASSED] - City = findTestData(dataFile).getValue("City", row): null

2021-11-08 13:28:17 - [TEST_STEP][PASSED] - ZIP = findTestData(dataFile).getValue("ZIP", row): null

2021-11-08 13:28:17 - [TEST_STEP][PASSED] - Amount = findTestData(dataFile).getValue("Amount", row): null

2021-11-08 13:28:17 - [TEST_STEP][PASSED] - CCNumber = findTestData(dataFile).getValue("CCNumber", row): null

2021-11-08 13:28:17 - [TEST_STEP][PASSED] - CVV = findTestData(dataFile).getValue("CVV", row): null

2021-11-08 13:28:17 - [TEST_STEP][PASSED] - SSN = findTestData(dataFile).getValue("SSN", row): null

2021-11-08 13:28:18 - [TEST_STEP][PASSED] - FEIN = findTestData(dataFile).getValue("FEIN", row): null

2021-11-08 13:28:18 - [TEST_STEP][PASSED] - out.println("Value of Execute is : " + ExecuteTC): null

2021-11-08 13:28:18 - [TEST_STEP][PASSED] - if (ExecuteTC.equalsIgnoreCase("Y")): null

2021-11-08 13:28:18 - [TEST_STEP][PASSED] - out.println("Begin Record Number: " + row): null

2021-11-08 13:28:18 - [TEST_STEP][PASSED] - today = new java.util.Date(): null

2021-11-08 13:28:18 - [TEST_STEP][PASSED] - println(today): null

2021-11-08 13:28:18 - [TEST_STEP][PASSED] - datText = today: null

2021-11-08 13:28:18 - [TEST_STEP][PASSED] - Taxtype = findTestData(dataFile).getValue("TaxType", row): null

2021-11-08 13:28:18 - [TEST_STEP][PASSED] - out.println("Taxtype value is : " + Taxtype): null

2021-11-08 13:28:18 - [TEST_STEP][PASSED] - openBrowser(""): Browser is opened with url: ''

2021-11-08 13:28:18 - [MESSAGE][WARNING] - A browser is already opened. Closing browser and opening a new one

2021-11-08 13:28:18 - [MESSAGE][INFO] - Starting 'Chrome' driver

2021-11-08 13:28:18 - [MESSAGE][INFO] - User set preference: ['acceptInsecureCerts', 'true']

2021-11-08 13:28:18 - [MESSAGE][INFO] - Action delay is set to 0 milliseconds

2021-11-08 13:28:20 - [MESSAGE][PASSED] - Browser is opened with url: ''

2021-11-08 13:28:20 - [TEST_STEP][PASSED] - maximizeWindow(): Current window maximized

2021-11-08 13:28:20 - [MESSAGE][PASSED] - Current window maximized

2021-11-08 13:28:20 - [TEST_STEP][PASSED] - navigateToUrl(RADurl): Navigate to 'https://qa.velocitypayment.com/client/rad/index.html' successfully

2021-11-08 13:28:22 - [MESSAGE][PASSED] - Navigate to 'https://qa.velocitypayment.com/client/rad/index.html' successfully

2021-11-08 13:28:22 - [TEST_STEP][PASSED] - orPath_Landing = "Object Repository/RAD_Pages/Landing_Page": null

2021-11-08 13:28:22 - [TEST_STEP][PASSED] - orPath_TaxTypeFilingYear = "Object Repository/RAD_Pages/TaxTypeFilingYear_Page": null

2021-11-08 13:28:22 - [TEST_STEP][PASSED] - orPath_TaxPayer = "Object Repository/RAD_Pages/Taxpayer_Page": null

2021-11-08 13:28:22 - [TEST_STEP][PASSED] - orPath_AddressContact = "Object Repository/RAD_Pages/AddressAndContactInfo_Page": null

2021-11-08 13:28:22 - [TEST_STEP][PASSED] - orPath_FilingStatus = "Object Repository/RAD_Pages/FilingStatus_Page": null

2021-11-08 13:28:22 - [TEST_STEP][PASSED] - orPath_Amount = "Object Repository/RAD_Pages/PaymentAmount_Page": null

2021-11-08 13:28:22 - [TEST_STEP][PASSED] - orPath_TaxInfo = "Object Repository/RAD_Pages/TaxInfo_Page": null

2021-11-08 13:28:22 - [TEST_STEP][PASSED] - orPath_Withholding = "Object Repository/RAD_Pages/Withholding_Page": null

2021-11-08 13:28:22 - [TEST_STEP][PASSED] - orPath_Summary = "Object Repository/RAD_Pages/Summary_Page": null

2021-11-08 13:28:22 - [TEST_STEP][PASSED] - orPath_PaymentReady = "Object Repository/RAD_Pages/PaymentReady_Page": null

2021-11-08 13:28:22 - [TEST_STEP][PASSED] - orPath_PaymentEntry = "Object Repository/RAD_Pages/PaymentEntry_Page": null

2021-11-08 13:28:22 - [TEST_STEP][PASSED] - orPath_PaymentConfirmation = "Object Repository/RAD_Pages/PaymentConfirmation_Page": null

2021-11-08 13:28:22 - [TEST_STEP][PASSED] - orPath_ServiceFeesAccept = "Object Repository/RAD_Pages/ServiceFeeAccept_Page": null

2021-11-08 13:28:22 - [TEST_STEP][PASSED] - selectOptionByLabel(findTestObject(orPath_Landing + "/dd_TaxType"), Taxtype, false): All options with label 'Existing Liability' are selected in object 'Object Repository/RAD_Pages/Landing_Page/dd_TaxType' 

2021-11-08 13:28:23 - [MESSAGE][PASSED] - All options with label 'Existing Liability' are selected in object 'Object Repository/RAD_Pages/Landing_Page/dd_TaxType' 

2021-11-08 13:28:23 - [TEST_STEP][PASSED] - delay(1): Delayed 1 second(s)

2021-11-08 13:28:24 - [MESSAGE][PASSED] - Delayed 1 second(s)

2021-11-08 13:28:24 - [TEST_STEP][PASSED] - selectOptionByLabel(findTestObject(orPath_TaxTypeFilingYear + "/select_TaxType_ExistingLiability"), TaxTypeEL, false): All options with label 'Personal Tax' are selected in object 'Object Repository/RAD_Pages/TaxTypeFilingYear_Page/select_TaxType_ExistingLiability' 

2021-11-08 13:28:25 - [MESSAGE][PASSED] - All options with label 'Personal Tax' are selected in object 'Object Repository/RAD_Pages/TaxTypeFilingYear_Page/select_TaxType_ExistingLiability' 

2021-11-08 13:28:25 - [TEST_STEP][PASSED] - selectOptionByLabel(findTestObject(orPath_TaxTypeFilingYear + "/select_FilingYear"), FilingYear, false): All options with label '2019' are selected in object 'Object Repository/RAD_Pages/TaxTypeFilingYear_Page/select_FilingYear' 

2021-11-08 13:28:25 - [MESSAGE][PASSED] - All options with label '2019' are selected in object 'Object Repository/RAD_Pages/TaxTypeFilingYear_Page/select_FilingYear' 

2021-11-08 13:28:25 - [TEST_STEP][PASSED] - setText(findTestObject(orPath_TaxPayer + "/input_firstName"), FName): Text 'Alec' is set on object 'Object Repository/RAD_Pages/Taxpayer_Page/input_firstName'

2021-11-08 13:28:26 - [MESSAGE][PASSED] - Text 'Alec' is set on object 'Object Repository/RAD_Pages/Taxpayer_Page/input_firstName'

2021-11-08 13:28:26 - [TEST_STEP][PASSED] - setText(findTestObject(orPath_TaxPayer + "/input_lastName"), LName): Text 'Bell' is set on object 'Object Repository/RAD_Pages/Taxpayer_Page/input_lastName'

2021-11-08 13:28:27 - [MESSAGE][PASSED] - Text 'Bell' is set on object 'Object Repository/RAD_Pages/Taxpayer_Page/input_lastName'

2021-11-08 13:28:27 - [TEST_STEP][PASSED] - setText(findTestObject(orPath_TaxPayer + "/input_middleName"), "Johns"): Text 'Johns' is set on object 'Object Repository/RAD_Pages/Taxpayer_Page/input_middleName'

2021-11-08 13:28:27 - [MESSAGE][PASSED] - Text 'Johns' is set on object 'Object Repository/RAD_Pages/Taxpayer_Page/input_middleName'

2021-11-08 13:28:27 - [TEST_STEP][PASSED] - setText(findTestObject(orPath_TaxPayer + "/input_suffix"), "Sr"): Text 'Sr' is set on object 'Object Repository/RAD_Pages/Taxpayer_Page/input_suffix'

2021-11-08 13:28:28 - [MESSAGE][PASSED] - Text 'Sr' is set on object 'Object Repository/RAD_Pages/Taxpayer_Page/input_suffix'

2021-11-08 13:28:28 - [TEST_STEP][PASSED] - selectOptionByLabel(findTestObject(orPath_AddressContact + "/select_Country"), "United States", false): All options with label 'United States' are selected in object 'Object Repository/RAD_Pages/AddressAndContactInfo_Page/select_Country' 

2021-11-08 13:28:28 - [MESSAGE][PASSED] - All options with label 'United States' are selected in object 'Object Repository/RAD_Pages/AddressAndContactInfo_Page/select_Country' 

2021-11-08 13:28:28 - [TEST_STEP][PASSED] - setText(findTestObject(orPath_AddressContact + "/input_streetAddress1"), AL1): Text '2336 Turn ct' is set on object 'Object Repository/RAD_Pages/AddressAndContactInfo_Page/input_streetAddress1'

2021-11-08 13:28:29 - [MESSAGE][PASSED] - Text '2336 Turn ct' is set on object 'Object Repository/RAD_Pages/AddressAndContactInfo_Page/input_streetAddress1'

2021-11-08 13:28:29 - [TEST_STEP][PASSED] - setText(findTestObject(orPath_AddressContact + "/input_streetAddress2"), ""): Text '' is set on object 'Object Repository/RAD_Pages/AddressAndContactInfo_Page/input_streetAddress2'

2021-11-08 13:28:30 - [MESSAGE][PASSED] - Text '' is set on object 'Object Repository/RAD_Pages/AddressAndContactInfo_Page/input_streetAddress2'

2021-11-08 13:28:30 - [TEST_STEP][PASSED] - setText(findTestObject(orPath_AddressContact + "/input_city"), City): Text 'Crofton' is set on object 'Object Repository/RAD_Pages/AddressAndContactInfo_Page/input_city'

2021-11-08 13:28:30 - [MESSAGE][PASSED] - Text 'Crofton' is set on object 'Object Repository/RAD_Pages/AddressAndContactInfo_Page/input_city'

2021-11-08 13:28:30 - [TEST_STEP][PASSED] - selectOptionByLabel(findTestObject(orPath_AddressContact + "/select_State"), "Maryland", false): All options with label 'Maryland' are selected in object 'Object Repository/RAD_Pages/AddressAndContactInfo_Page/select_State' 

2021-11-08 13:28:31 - [MESSAGE][PASSED] - All options with label 'Maryland' are selected in object 'Object Repository/RAD_Pages/AddressAndContactInfo_Page/select_State' 

2021-11-08 13:28:31 - [TEST_STEP][PASSED] - setText(findTestObject(orPath_AddressContact + "/input_zipCode"), ZIP): Text '21144' is set on object 'Object Repository/RAD_Pages/AddressAndContactInfo_Page/input_zipCode'

2021-11-08 13:28:32 - [MESSAGE][PASSED] - Text '21144' is set on object 'Object Repository/RAD_Pages/AddressAndContactInfo_Page/input_zipCode'

2021-11-08 13:28:32 - [TEST_STEP][PASSED] - setText(findTestObject(orPath_AddressContact + "/input_phoneNumber"), "(703) 894-5000"): Text '(703) 894-5000' is set on object 'Object Repository/RAD_Pages/AddressAndContactInfo_Page/input_phoneNumber'

2021-11-08 13:28:32 - [MESSAGE][PASSED] - Text '(703) 894-5000' is set on object 'Object Repository/RAD_Pages/AddressAndContactInfo_Page/input_phoneNumber'

2021-11-08 13:28:32 - [TEST_STEP][PASSED] - setText(findTestObject(orPath_AddressContact + "/input_eMailAddress"), "iahmed@govolution.com"): Text 'iahmed@govolution.com' is set on object 'Object Repository/RAD_Pages/AddressAndContactInfo_Page/input_eMailAddress'

2021-11-08 13:28:33 - [MESSAGE][PASSED] - Text 'iahmed@govolution.com' is set on object 'Object Repository/RAD_Pages/AddressAndContactInfo_Page/input_eMailAddress'

2021-11-08 13:28:33 - [TEST_STEP][PASSED] - setText(findTestObject(orPath_AddressContact + "/input_reEnterEMailAddress"), "iahmed@govolution.com"): Text 'iahmed@govolution.com' is set on object 'Object Repository/RAD_Pages/AddressAndContactInfo_Page/input_reEnterEMailAddress'

2021-11-08 13:28:34 - [MESSAGE][PASSED] - Text 'iahmed@govolution.com' is set on object 'Object Repository/RAD_Pages/AddressAndContactInfo_Page/input_reEnterEMailAddress'

2021-11-08 13:28:34 - [TEST_STEP][PASSED] - if (!(SSN.isEmpty())): Text '123459630' is set on object 'Object Repository/RAD_Pages/TaxInfo_Page/input_TaxInfo_reTaxTypeExisitingSSN'

2021-11-08 13:28:34 - [TEST_STEP][PASSED] - setText(findTestObject(orPath_TaxInfo + "/input_TaxInfo_ExisitingSSN"), SSN): Text '123459630' is set on object 'Object Repository/RAD_Pages/TaxInfo_Page/input_TaxInfo_ExisitingSSN'

2021-11-08 13:28:34 - [MESSAGE][PASSED] - Text '123459630' is set on object 'Object Repository/RAD_Pages/TaxInfo_Page/input_TaxInfo_ExisitingSSN'

2021-11-08 13:28:34 - [TEST_STEP][PASSED] - setText(findTestObject(orPath_TaxInfo + "/input_TaxInfo_reTaxTypeExisitingSSN"), SSN): Text '123459630' is set on object 'Object Repository/RAD_Pages/TaxInfo_Page/input_TaxInfo_reTaxTypeExisitingSSN'

2021-11-08 13:28:35 - [MESSAGE][PASSED] - Text '123459630' is set on object 'Object Repository/RAD_Pages/TaxInfo_Page/input_TaxInfo_reTaxTypeExisitingSSN'

2021-11-08 13:28:35 - [TEST_STEP][PASSED] - scrollToElement(findTestObject(orPath_Amount + "/input__paymentAmount"), 3): Scroll to object 'Object Repository/RAD_Pages/PaymentAmount_Page/input__paymentAmount' successfully

2021-11-08 13:28:36 - [MESSAGE][PASSED] - Scroll to object 'Object Repository/RAD_Pages/PaymentAmount_Page/input__paymentAmount' successfully

2021-11-08 13:28:36 - [TEST_STEP][PASSED] - if (!(FEIN.isEmpty())): null

2021-11-08 13:28:36 - [TEST_STEP][PASSED] - delay(1): Delayed 1 second(s)

2021-11-08 13:28:37 - [MESSAGE][PASSED] - Delayed 1 second(s)

2021-11-08 13:28:37 - [TEST_STEP][PASSED] - setText(findTestObject(orPath_TaxInfo + "/input_NoticeInvoiceNumber"), "258147147"): Text '258147147' is set on object 'Object Repository/RAD_Pages/TaxInfo_Page/input_NoticeInvoiceNumber'

2021-11-08 13:28:37 - [MESSAGE][PASSED] - Text '258147147' is set on object 'Object Repository/RAD_Pages/TaxInfo_Page/input_NoticeInvoiceNumber'

2021-11-08 13:28:37 - [TEST_STEP][PASSED] - setText(findTestObject(orPath_TaxInfo + "/input_reTypeNoticeInvoiceNumber"), "258147147"): Text '258147147' is set on object 'Object Repository/RAD_Pages/TaxInfo_Page/input_reTypeNoticeInvoiceNumber'

2021-11-08 13:28:38 - [MESSAGE][PASSED] - Text '258147147' is set on object 'Object Repository/RAD_Pages/TaxInfo_Page/input_reTypeNoticeInvoiceNumber'

2021-11-08 13:28:38 - [TEST_STEP][PASSED] - if (TaxTypeEL.equalsIgnoreCase("Sales & Use Tax")): null

2021-11-08 13:28:38 - [TEST_STEP][PASSED] - setText(findTestObject(orPath_Amount + "/input__paymentAmount"), Amount): Text '30.50' is set on object 'Object Repository/RAD_Pages/PaymentAmount_Page/input__paymentAmount'

2021-11-08 13:28:39 - [MESSAGE][PASSED] - Text '30.50' is set on object 'Object Repository/RAD_Pages/PaymentAmount_Page/input__paymentAmount'

2021-11-08 13:28:39 - [TEST_STEP][PASSED] - scrollToElement(findTestObject(orPath_Landing + "/button_Continue"), 3): Scroll to object 'Object Repository/RAD_Pages/Landing_Page/button_Continue' successfully

2021-11-08 13:28:39 - [MESSAGE][PASSED] - Scroll to object 'Object Repository/RAD_Pages/Landing_Page/button_Continue' successfully

2021-11-08 13:28:39 - [TEST_STEP][PASSED] - waitForElementClickable(findTestObject(orPath_Landing + "/button_Continue"), 5): Object 'Object Repository/RAD_Pages/Landing_Page/button_Continue' is clickable

2021-11-08 13:28:40 - [MESSAGE][PASSED] - Object 'Object Repository/RAD_Pages/Landing_Page/button_Continue' is clickable

2021-11-08 13:28:40 - [TEST_STEP][PASSED] - click(findTestObject(orPath_Landing + "/button_Continue")): Object: 'Object Repository/RAD_Pages/Landing_Page/button_Continue' is clicked on

2021-11-08 13:28:40 - [MESSAGE][PASSED] - Object: 'Object Repository/RAD_Pages/Landing_Page/button_Continue' is clicked on

2021-11-08 13:28:40 - [TEST_STEP][PASSED] - verifyTextPresent("Review the information below and make any necessary corrections by clicking the", true): Text 'Review the information below and make any necessary corrections by clicking the' is present on page  using regular expression

2021-11-08 13:28:41 - [MESSAGE][PASSED] - Text 'Review the information below and make any necessary corrections by clicking the' is present on page  using regular expression

2021-11-08 13:28:41 - [TEST_STEP][PASSED] - verifyTextPresent("When you are confident that all the information is correct", true): Text 'When you are confident that all the information is correct' is present on page  using regular expression

2021-11-08 13:28:41 - [MESSAGE][PASSED] - Text 'When you are confident that all the information is correct' is present on page  using regular expression

2021-11-08 13:28:41 - [TEST_STEP][PASSED] - delay(1): Delayed 1 second(s)

2021-11-08 13:28:42 - [MESSAGE][PASSED] - Delayed 1 second(s)

2021-11-08 13:28:42 - [TEST_STEP][PASSED] - click(findTestObject(orPath_PaymentReady + "/button_ProceedtoPayment")): Object: 'Object Repository/RAD_Pages/PaymentReady_Page/button_ProceedtoPayment' is clicked on

2021-11-08 13:28:45 - [MESSAGE][PASSED] - Object: 'Object Repository/RAD_Pages/PaymentReady_Page/button_ProceedtoPayment' is clicked on

2021-11-08 13:28:45 - [TEST_STEP][PASSED] - setText(findTestObject(orPath_PaymentEntry + "/input__cardNumber"), CCNumber): Text '6011000993026909' is set on object 'Object Repository/RAD_Pages/PaymentEntry_Page/input__cardNumber'

2021-11-08 13:28:45 - [MESSAGE][PASSED] - Text '6011000993026909' is set on object 'Object Repository/RAD_Pages/PaymentEntry_Page/input__cardNumber'

2021-11-08 13:28:45 - [TEST_STEP][PASSED] - setText(findTestObject(orPath_PaymentEntry + "/input__spc"), CVV): Text '123' is set on object 'Object Repository/RAD_Pages/PaymentEntry_Page/input__spc'

2021-11-08 13:28:46 - [MESSAGE][PASSED] - Text '123' is set on object 'Object Repository/RAD_Pages/PaymentEntry_Page/input__spc'

2021-11-08 13:28:46 - [TEST_STEP][PASSED] - selectOptionByLabel(findTestObject(orPath_PaymentEntry + "/select_MM"), "12", false): All options with label '12' are selected in object 'Object Repository/RAD_Pages/PaymentEntry_Page/select_MM' 

2021-11-08 13:28:47 - [MESSAGE][PASSED] - All options with label '12' are selected in object 'Object Repository/RAD_Pages/PaymentEntry_Page/select_MM' 

2021-11-08 13:28:47 - [TEST_STEP][PASSED] - selectOptionByLabel(findTestObject(orPath_PaymentEntry + "/select_YYYY"), "2023", false): All options with label '2023' are selected in object 'Object Repository/RAD_Pages/PaymentEntry_Page/select_YYYY' 

2021-11-08 13:28:47 - [MESSAGE][PASSED] - All options with label '2023' are selected in object 'Object Repository/RAD_Pages/PaymentEntry_Page/select_YYYY' 

2021-11-08 13:28:47 - [TEST_STEP][PASSED] - click(findTestObject(orPath_PaymentEntry + "/input_Field_ccSubmit")): Object: 'Object Repository/RAD_Pages/PaymentEntry_Page/input_Field_ccSubmit' is clicked on

2021-11-08 13:28:48 - [MESSAGE][PASSED] - Object: 'Object Repository/RAD_Pages/PaymentEntry_Page/input_Field_ccSubmit' is clicked on

2021-11-08 13:28:48 - [TEST_STEP][PASSED] - click(findTestObject(orPath_PaymentConfirmation + "/input_N_confirmNotifyAction")): Object: 'Object Repository/RAD_Pages/PaymentConfirmation_Page/input_N_confirmNotifyAction' is clicked on

2021-11-08 13:28:50 - [MESSAGE][PASSED] - Object: 'Object Repository/RAD_Pages/PaymentConfirmation_Page/input_N_confirmNotifyAction' is clicked on

2021-11-08 13:28:50 - [TEST_STEP][PASSED] - click(findTestObject(orPath_ServiceFeesAccept + "/input_convFeeNotifyAction")): Object: 'Object Repository/RAD_Pages/ServiceFeeAccept_Page/input_convFeeNotifyAction' is clicked on

2021-11-08 13:28:51 - [MESSAGE][PASSED] - Object: 'Object Repository/RAD_Pages/ServiceFeeAccept_Page/input_convFeeNotifyAction' is clicked on

2021-11-08 13:28:51 - [TEST_STEP][PASSED] - delay(10): Delayed 10 second(s)

2021-11-08 13:29:01 - [MESSAGE][PASSED] - Delayed 10 second(s)

2021-11-08 13:29:01 - [TEST_STEP][PASSED] - verifyTextPresent("Successful Payment Receipt", true): Text 'Successful Payment Receipt' is present on page  using regular expression

2021-11-08 13:29:02 - [MESSAGE][PASSED] - Text 'Successful Payment Receipt' is present on page  using regular expression

2021-11-08 13:29:02 - [TEST_STEP][PASSED] - if (verifyTextPresent("Successful Payment Receipt", true)): null

2021-11-08 13:29:02 - [MESSAGE][PASSED] - Text 'Successful Payment Receipt' is present on page  using regular expression

2021-11-08 13:29:02 - [TEST_STEP][PASSED] - println("Transaction was Successful"): null

2021-11-08 13:29:02 - [TEST_STEP][PASSED] - out.println("Pass Record Number: " + row): null

2021-11-08 13:29:02 - [TEST_STEP][PASSED] - resText = "Pass": null

2021-11-08 13:29:02 - [TEST_STEP][PASSED] - pages.WriteExcel.demoKey(resText, datText, resColumn, datCloumn, fileLoc, nameSheet, row): pages.WriteExcel.demoKey is PASSED

2021-11-08 13:29:02 - [MESSAGE][PASSED] - pages.WriteExcel.demoKey is PASSED

2021-11-08 13:29:02 - [TEST_STEP][PASSED] - ExecuteTC = findTestData(dataFile).getValue("Execute", row): null

2021-11-08 13:29:02 - [TEST_STEP][PASSED] - Taxtype = findTestData(dataFile).getValue("TaxType", row): null

2021-11-08 13:29:02 - [TEST_STEP][PASSED] - TaxTypeEL = findTestData(dataFile).getValue("TaxTypeEL", row): null

2021-11-08 13:29:02 - [TEST_STEP][PASSED] - FilingYear = findTestData(dataFile).getValue("FilingYear", row): null

2021-11-08 13:29:02 - [TEST_STEP][PASSED] - FName = findTestData(dataFile).getValue("Fname", row): null

2021-11-08 13:29:02 - [TEST_STEP][PASSED] - LName = findTestData(dataFile).getValue("Lname", row): null

2021-11-08 13:29:02 - [TEST_STEP][PASSED] - AL1 = findTestData(dataFile).getValue("AL1", row): null

2021-11-08 13:29:02 - [TEST_STEP][PASSED] - City = findTestData(dataFile).getValue("City", row): null

2021-11-08 13:29:02 - [TEST_STEP][PASSED] - ZIP = findTestData(dataFile).getValue("ZIP", row): null

2021-11-08 13:29:02 - [TEST_STEP][PASSED] - Amount = findTestData(dataFile).getValue("Amount", row): null

2021-11-08 13:29:02 - [TEST_STEP][PASSED] - CCNumber = findTestData(dataFile).getValue("CCNumber", row): null

2021-11-08 13:29:02 - [TEST_STEP][PASSED] - CVV = findTestData(dataFile).getValue("CVV", row): null

2021-11-08 13:29:02 - [TEST_STEP][PASSED] - SSN = findTestData(dataFile).getValue("SSN", row): null

2021-11-08 13:29:02 - [TEST_STEP][PASSED] - FEIN = findTestData(dataFile).getValue("FEIN", row): null

2021-11-08 13:29:02 - [TEST_STEP][PASSED] - out.println("Value of Execute is : " + ExecuteTC): null

2021-11-08 13:29:02 - [TEST_STEP][PASSED] - if (ExecuteTC.equalsIgnoreCase("Y")): null

2021-11-08 13:29:02 - [TEST_STEP][PASSED] - out.println("Begin Record Number: " + row): null

2021-11-08 13:29:02 - [TEST_STEP][PASSED] - today = new java.util.Date(): null

2021-11-08 13:29:02 - [TEST_STEP][PASSED] - println(today): null

2021-11-08 13:29:02 - [TEST_STEP][PASSED] - datText = today: null

2021-11-08 13:29:02 - [TEST_STEP][PASSED] - Taxtype = findTestData(dataFile).getValue("TaxType", row): null

2021-11-08 13:29:02 - [TEST_STEP][PASSED] - out.println("Taxtype value is : " + Taxtype): null

2021-11-08 13:29:02 - [TEST_STEP][PASSED] - openBrowser(""): Browser is opened with url: ''

2021-11-08 13:29:02 - [MESSAGE][WARNING] - A browser is already opened. Closing browser and opening a new one

2021-11-08 13:29:03 - [MESSAGE][INFO] - Starting 'Chrome' driver

2021-11-08 13:29:03 - [MESSAGE][INFO] - User set preference: ['acceptInsecureCerts', 'true']

2021-11-08 13:29:03 - [MESSAGE][INFO] - Action delay is set to 0 milliseconds

2021-11-08 13:29:05 - [MESSAGE][PASSED] - Browser is opened with url: ''

2021-11-08 13:29:05 - [TEST_STEP][PASSED] - maximizeWindow(): Current window maximized

2021-11-08 13:29:05 - [MESSAGE][PASSED] - Current window maximized

2021-11-08 13:29:05 - [TEST_STEP][PASSED] - navigateToUrl(RADurl): Navigate to 'https://qa.velocitypayment.com/client/rad/index.html' successfully

2021-11-08 13:29:07 - [MESSAGE][PASSED] - Navigate to 'https://qa.velocitypayment.com/client/rad/index.html' successfully

2021-11-08 13:29:07 - [TEST_STEP][PASSED] - orPath_Landing = "Object Repository/RAD_Pages/Landing_Page": null

2021-11-08 13:29:07 - [TEST_STEP][PASSED] - orPath_TaxTypeFilingYear = "Object Repository/RAD_Pages/TaxTypeFilingYear_Page": null

2021-11-08 13:29:07 - [TEST_STEP][PASSED] - orPath_TaxPayer = "Object Repository/RAD_Pages/Taxpayer_Page": null

2021-11-08 13:29:07 - [TEST_STEP][PASSED] - orPath_AddressContact = "Object Repository/RAD_Pages/AddressAndContactInfo_Page": null

2021-11-08 13:29:07 - [TEST_STEP][PASSED] - orPath_FilingStatus = "Object Repository/RAD_Pages/FilingStatus_Page": null

2021-11-08 13:29:07 - [TEST_STEP][PASSED] - orPath_Amount = "Object Repository/RAD_Pages/PaymentAmount_Page": null

2021-11-08 13:29:07 - [TEST_STEP][PASSED] - orPath_TaxInfo = "Object Repository/RAD_Pages/TaxInfo_Page": null

2021-11-08 13:29:07 - [TEST_STEP][PASSED] - orPath_Withholding = "Object Repository/RAD_Pages/Withholding_Page": null

2021-11-08 13:29:07 - [TEST_STEP][PASSED] - orPath_Summary = "Object Repository/RAD_Pages/Summary_Page": null

2021-11-08 13:29:07 - [TEST_STEP][PASSED] - orPath_PaymentReady = "Object Repository/RAD_Pages/PaymentReady_Page": null

2021-11-08 13:29:07 - [TEST_STEP][PASSED] - orPath_PaymentEntry = "Object Repository/RAD_Pages/PaymentEntry_Page": null

2021-11-08 13:29:07 - [TEST_STEP][PASSED] - orPath_PaymentConfirmation = "Object Repository/RAD_Pages/PaymentConfirmation_Page": null

2021-11-08 13:29:07 - [TEST_STEP][PASSED] - orPath_ServiceFeesAccept = "Object Repository/RAD_Pages/ServiceFeeAccept_Page": null

2021-11-08 13:29:07 - [TEST_STEP][PASSED] - selectOptionByLabel(findTestObject(orPath_Landing + "/dd_TaxType"), Taxtype, false): All options with label 'Existing Liability' are selected in object 'Object Repository/RAD_Pages/Landing_Page/dd_TaxType' 

2021-11-08 13:29:08 - [MESSAGE][PASSED] - All options with label 'Existing Liability' are selected in object 'Object Repository/RAD_Pages/Landing_Page/dd_TaxType' 

2021-11-08 13:29:08 - [TEST_STEP][PASSED] - delay(1): Delayed 1 second(s)

2021-11-08 13:29:09 - [MESSAGE][PASSED] - Delayed 1 second(s)

2021-11-08 13:29:09 - [TEST_STEP][PASSED] - selectOptionByLabel(findTestObject(orPath_TaxTypeFilingYear + "/select_TaxType_ExistingLiability"), TaxTypeEL, false): All options with label 'Personal Tax' are selected in object 'Object Repository/RAD_Pages/TaxTypeFilingYear_Page/select_TaxType_ExistingLiability' 

2021-11-08 13:29:10 - [MESSAGE][PASSED] - All options with label 'Personal Tax' are selected in object 'Object Repository/RAD_Pages/TaxTypeFilingYear_Page/select_TaxType_ExistingLiability' 

2021-11-08 13:29:10 - [TEST_STEP][PASSED] - selectOptionByLabel(findTestObject(orPath_TaxTypeFilingYear + "/select_FilingYear"), FilingYear, false): All options with label '2019' are selected in object 'Object Repository/RAD_Pages/TaxTypeFilingYear_Page/select_FilingYear' 

2021-11-08 13:29:10 - [MESSAGE][PASSED] - All options with label '2019' are selected in object 'Object Repository/RAD_Pages/TaxTypeFilingYear_Page/select_FilingYear' 

2021-11-08 13:29:10 - [TEST_STEP][PASSED] - setText(findTestObject(orPath_TaxPayer + "/input_firstName"), FName): Text 'Alec' is set on object 'Object Repository/RAD_Pages/Taxpayer_Page/input_firstName'

2021-11-08 13:29:11 - [MESSAGE][PASSED] - Text 'Alec' is set on object 'Object Repository/RAD_Pages/Taxpayer_Page/input_firstName'

2021-11-08 13:29:11 - [TEST_STEP][PASSED] - setText(findTestObject(orPath_TaxPayer + "/input_lastName"), LName): Text 'Bell' is set on object 'Object Repository/RAD_Pages/Taxpayer_Page/input_lastName'

2021-11-08 13:29:12 - [MESSAGE][PASSED] - Text 'Bell' is set on object 'Object Repository/RAD_Pages/Taxpayer_Page/input_lastName'

2021-11-08 13:29:12 - [TEST_STEP][PASSED] - setText(findTestObject(orPath_TaxPayer + "/input_middleName"), "Johns"): Text 'Johns' is set on object 'Object Repository/RAD_Pages/Taxpayer_Page/input_middleName'

2021-11-08 13:29:12 - [MESSAGE][PASSED] - Text 'Johns' is set on object 'Object Repository/RAD_Pages/Taxpayer_Page/input_middleName'

2021-11-08 13:29:12 - [TEST_STEP][PASSED] - setText(findTestObject(orPath_TaxPayer + "/input_suffix"), "Sr"): Text 'Sr' is set on object 'Object Repository/RAD_Pages/Taxpayer_Page/input_suffix'

2021-11-08 13:29:13 - [MESSAGE][PASSED] - Text 'Sr' is set on object 'Object Repository/RAD_Pages/Taxpayer_Page/input_suffix'

2021-11-08 13:29:13 - [TEST_STEP][PASSED] - selectOptionByLabel(findTestObject(orPath_AddressContact + "/select_Country"), "United States", false): All options with label 'United States' are selected in object 'Object Repository/RAD_Pages/AddressAndContactInfo_Page/select_Country' 

2021-11-08 13:29:13 - [MESSAGE][PASSED] - All options with label 'United States' are selected in object 'Object Repository/RAD_Pages/AddressAndContactInfo_Page/select_Country' 

2021-11-08 13:29:13 - [TEST_STEP][PASSED] - setText(findTestObject(orPath_AddressContact + "/input_streetAddress1"), AL1): Text '2336 Turn ct' is set on object 'Object Repository/RAD_Pages/AddressAndContactInfo_Page/input_streetAddress1'

2021-11-08 13:29:14 - [MESSAGE][PASSED] - Text '2336 Turn ct' is set on object 'Object Repository/RAD_Pages/AddressAndContactInfo_Page/input_streetAddress1'

2021-11-08 13:29:14 - [TEST_STEP][PASSED] - setText(findTestObject(orPath_AddressContact + "/input_streetAddress2"), ""): Text '' is set on object 'Object Repository/RAD_Pages/AddressAndContactInfo_Page/input_streetAddress2'

2021-11-08 13:29:15 - [MESSAGE][PASSED] - Text '' is set on object 'Object Repository/RAD_Pages/AddressAndContactInfo_Page/input_streetAddress2'

2021-11-08 13:29:15 - [TEST_STEP][PASSED] - setText(findTestObject(orPath_AddressContact + "/input_city"), City): Text 'Crofton' is set on object 'Object Repository/RAD_Pages/AddressAndContactInfo_Page/input_city'

2021-11-08 13:29:15 - [MESSAGE][PASSED] - Text 'Crofton' is set on object 'Object Repository/RAD_Pages/AddressAndContactInfo_Page/input_city'

2021-11-08 13:29:15 - [TEST_STEP][PASSED] - selectOptionByLabel(findTestObject(orPath_AddressContact + "/select_State"), "Maryland", false): All options with label 'Maryland' are selected in object 'Object Repository/RAD_Pages/AddressAndContactInfo_Page/select_State' 

2021-11-08 13:29:16 - [MESSAGE][PASSED] - All options with label 'Maryland' are selected in object 'Object Repository/RAD_Pages/AddressAndContactInfo_Page/select_State' 

2021-11-08 13:29:16 - [TEST_STEP][PASSED] - setText(findTestObject(orPath_AddressContact + "/input_zipCode"), ZIP): Text '21144' is set on object 'Object Repository/RAD_Pages/AddressAndContactInfo_Page/input_zipCode'

2021-11-08 13:29:17 - [MESSAGE][PASSED] - Text '21144' is set on object 'Object Repository/RAD_Pages/AddressAndContactInfo_Page/input_zipCode'

2021-11-08 13:29:17 - [TEST_STEP][PASSED] - setText(findTestObject(orPath_AddressContact + "/input_phoneNumber"), "(703) 894-5000"): Text '(703) 894-5000' is set on object 'Object Repository/RAD_Pages/AddressAndContactInfo_Page/input_phoneNumber'

2021-11-08 13:29:17 - [MESSAGE][PASSED] - Text '(703) 894-5000' is set on object 'Object Repository/RAD_Pages/AddressAndContactInfo_Page/input_phoneNumber'

2021-11-08 13:29:17 - [TEST_STEP][PASSED] - setText(findTestObject(orPath_AddressContact + "/input_eMailAddress"), "iahmed@govolution.com"): Text 'iahmed@govolution.com' is set on object 'Object Repository/RAD_Pages/AddressAndContactInfo_Page/input_eMailAddress'

2021-11-08 13:29:18 - [MESSAGE][PASSED] - Text 'iahmed@govolution.com' is set on object 'Object Repository/RAD_Pages/AddressAndContactInfo_Page/input_eMailAddress'

2021-11-08 13:29:18 - [TEST_STEP][PASSED] - setText(findTestObject(orPath_AddressContact + "/input_reEnterEMailAddress"), "iahmed@govolution.com"): Text 'iahmed@govolution.com' is set on object 'Object Repository/RAD_Pages/AddressAndContactInfo_Page/input_reEnterEMailAddress'

2021-11-08 13:29:19 - [MESSAGE][PASSED] - Text 'iahmed@govolution.com' is set on object 'Object Repository/RAD_Pages/AddressAndContactInfo_Page/input_reEnterEMailAddress'

2021-11-08 13:29:19 - [TEST_STEP][PASSED] - if (!(SSN.isEmpty())): null

2021-11-08 13:29:19 - [TEST_STEP][PASSED] - scrollToElement(findTestObject(orPath_Amount + "/input__paymentAmount"), 3): Scroll to object 'Object Repository/RAD_Pages/PaymentAmount_Page/input__paymentAmount' successfully

2021-11-08 13:29:19 - [MESSAGE][PASSED] - Scroll to object 'Object Repository/RAD_Pages/PaymentAmount_Page/input__paymentAmount' successfully

2021-11-08 13:29:19 - [TEST_STEP][PASSED] - if (!(FEIN.isEmpty())): Text '258369261' is set on object 'Object Repository/RAD_Pages/TaxInfo_Page/input_ReTypeFEIN'

2021-11-08 13:29:19 - [TEST_STEP][PASSED] - setText(findTestObject(orPath_TaxInfo + "/input_FEIN"), FEIN): Text '258369261' is set on object 'Object Repository/RAD_Pages/TaxInfo_Page/input_FEIN'

2021-11-08 13:29:20 - [MESSAGE][PASSED] - Text '258369261' is set on object 'Object Repository/RAD_Pages/TaxInfo_Page/input_FEIN'

2021-11-08 13:29:20 - [TEST_STEP][PASSED] - setText(findTestObject(orPath_TaxInfo + "/input_ReTypeFEIN"), FEIN): Text '258369261' is set on object 'Object Repository/RAD_Pages/TaxInfo_Page/input_ReTypeFEIN'

2021-11-08 13:29:20 - [MESSAGE][PASSED] - Text '258369261' is set on object 'Object Repository/RAD_Pages/TaxInfo_Page/input_ReTypeFEIN'

2021-11-08 13:29:20 - [TEST_STEP][PASSED] - delay(1): Delayed 1 second(s)

2021-11-08 13:29:21 - [MESSAGE][PASSED] - Delayed 1 second(s)

2021-11-08 13:29:21 - [TEST_STEP][PASSED] - setText(findTestObject(orPath_TaxInfo + "/input_NoticeInvoiceNumber"), "258147147"): Text '258147147' is set on object 'Object Repository/RAD_Pages/TaxInfo_Page/input_NoticeInvoiceNumber'

2021-11-08 13:29:22 - [MESSAGE][PASSED] - Text '258147147' is set on object 'Object Repository/RAD_Pages/TaxInfo_Page/input_NoticeInvoiceNumber'

2021-11-08 13:29:22 - [TEST_STEP][PASSED] - setText(findTestObject(orPath_TaxInfo + "/input_reTypeNoticeInvoiceNumber"), "258147147"): Text '258147147' is set on object 'Object Repository/RAD_Pages/TaxInfo_Page/input_reTypeNoticeInvoiceNumber'

2021-11-08 13:29:23 - [MESSAGE][PASSED] - Text '258147147' is set on object 'Object Repository/RAD_Pages/TaxInfo_Page/input_reTypeNoticeInvoiceNumber'

2021-11-08 13:29:23 - [TEST_STEP][PASSED] - if (TaxTypeEL.equalsIgnoreCase("Sales & Use Tax")): null

2021-11-08 13:29:23 - [TEST_STEP][PASSED] - setText(findTestObject(orPath_Amount + "/input__paymentAmount"), Amount): Text '30.50' is set on object 'Object Repository/RAD_Pages/PaymentAmount_Page/input__paymentAmount'

2021-11-08 13:29:24 - [MESSAGE][PASSED] - Text '30.50' is set on object 'Object Repository/RAD_Pages/PaymentAmount_Page/input__paymentAmount'

2021-11-08 13:29:24 - [TEST_STEP][PASSED] - scrollToElement(findTestObject(orPath_Landing + "/button_Continue"), 3): Scroll to object 'Object Repository/RAD_Pages/Landing_Page/button_Continue' successfully

2021-11-08 13:29:24 - [MESSAGE][PASSED] - Scroll to object 'Object Repository/RAD_Pages/Landing_Page/button_Continue' successfully

2021-11-08 13:29:24 - [TEST_STEP][PASSED] - waitForElementClickable(findTestObject(orPath_Landing + "/button_Continue"), 5): Object 'Object Repository/RAD_Pages/Landing_Page/button_Continue' is clickable

2021-11-08 13:29:24 - [MESSAGE][PASSED] - Object 'Object Repository/RAD_Pages/Landing_Page/button_Continue' is clickable

2021-11-08 13:29:24 - [TEST_STEP][PASSED] - click(findTestObject(orPath_Landing + "/button_Continue")): Object: 'Object Repository/RAD_Pages/Landing_Page/button_Continue' is clicked on

2021-11-08 13:29:25 - [MESSAGE][PASSED] - Object: 'Object Repository/RAD_Pages/Landing_Page/button_Continue' is clicked on

2021-11-08 13:29:25 - [TEST_STEP][PASSED] - verifyTextPresent("Review the information below and make any necessary corrections by clicking the", true): Text 'Review the information below and make any necessary corrections by clicking the' is present on page  using regular expression

2021-11-08 13:29:25 - [MESSAGE][PASSED] - Text 'Review the information below and make any necessary corrections by clicking the' is present on page  using regular expression

2021-11-08 13:29:25 - [TEST_STEP][PASSED] - verifyTextPresent("When you are confident that all the information is correct", true): Text 'When you are confident that all the information is correct' is present on page  using regular expression

2021-11-08 13:29:26 - [MESSAGE][PASSED] - Text 'When you are confident that all the information is correct' is present on page  using regular expression

2021-11-08 13:29:26 - [TEST_STEP][PASSED] - delay(1): Delayed 1 second(s)

2021-11-08 13:29:27 - [MESSAGE][PASSED] - Delayed 1 second(s)

2021-11-08 13:29:27 - [TEST_STEP][PASSED] - click(findTestObject(orPath_PaymentReady + "/button_ProceedtoPayment")): Object: 'Object Repository/RAD_Pages/PaymentReady_Page/button_ProceedtoPayment' is clicked on

2021-11-08 13:29:29 - [MESSAGE][PASSED] - Object: 'Object Repository/RAD_Pages/PaymentReady_Page/button_ProceedtoPayment' is clicked on

2021-11-08 13:29:29 - [TEST_STEP][PASSED] - setText(findTestObject(orPath_PaymentEntry + "/input__cardNumber"), CCNumber): Text '6011000993026909' is set on object 'Object Repository/RAD_Pages/PaymentEntry_Page/input__cardNumber'

2021-11-08 13:29:30 - [MESSAGE][PASSED] - Text '6011000993026909' is set on object 'Object Repository/RAD_Pages/PaymentEntry_Page/input__cardNumber'

2021-11-08 13:29:30 - [TEST_STEP][PASSED] - setText(findTestObject(orPath_PaymentEntry + "/input__spc"), CVV): Text '123' is set on object 'Object Repository/RAD_Pages/PaymentEntry_Page/input__spc'

2021-11-08 13:29:30 - [MESSAGE][PASSED] - Text '123' is set on object 'Object Repository/RAD_Pages/PaymentEntry_Page/input__spc'

2021-11-08 13:29:30 - [TEST_STEP][PASSED] - selectOptionByLabel(findTestObject(orPath_PaymentEntry + "/select_MM"), "12", false): All options with label '12' are selected in object 'Object Repository/RAD_Pages/PaymentEntry_Page/select_MM' 

2021-11-08 13:29:31 - [MESSAGE][PASSED] - All options with label '12' are selected in object 'Object Repository/RAD_Pages/PaymentEntry_Page/select_MM' 

2021-11-08 13:29:31 - [TEST_STEP][PASSED] - selectOptionByLabel(findTestObject(orPath_PaymentEntry + "/select_YYYY"), "2023", false): All options with label '2023' are selected in object 'Object Repository/RAD_Pages/PaymentEntry_Page/select_YYYY' 

2021-11-08 13:29:32 - [MESSAGE][PASSED] - All options with label '2023' are selected in object 'Object Repository/RAD_Pages/PaymentEntry_Page/select_YYYY' 

2021-11-08 13:29:32 - [TEST_STEP][PASSED] - click(findTestObject(orPath_PaymentEntry + "/input_Field_ccSubmit")): Object: 'Object Repository/RAD_Pages/PaymentEntry_Page/input_Field_ccSubmit' is clicked on

2021-11-08 13:29:33 - [MESSAGE][PASSED] - Object: 'Object Repository/RAD_Pages/PaymentEntry_Page/input_Field_ccSubmit' is clicked on

2021-11-08 13:29:33 - [TEST_STEP][PASSED] - click(findTestObject(orPath_PaymentConfirmation + "/input_N_confirmNotifyAction")): Object: 'Object Repository/RAD_Pages/PaymentConfirmation_Page/input_N_confirmNotifyAction' is clicked on

2021-11-08 13:29:34 - [MESSAGE][PASSED] - Object: 'Object Repository/RAD_Pages/PaymentConfirmation_Page/input_N_confirmNotifyAction' is clicked on

2021-11-08 13:29:34 - [TEST_STEP][PASSED] - click(findTestObject(orPath_ServiceFeesAccept + "/input_convFeeNotifyAction")): Object: 'Object Repository/RAD_Pages/ServiceFeeAccept_Page/input_convFeeNotifyAction' is clicked on

2021-11-08 13:29:35 - [MESSAGE][PASSED] - Object: 'Object Repository/RAD_Pages/ServiceFeeAccept_Page/input_convFeeNotifyAction' is clicked on

2021-11-08 13:29:35 - [TEST_STEP][PASSED] - delay(10): Delayed 10 second(s)

2021-11-08 13:29:45 - [MESSAGE][PASSED] - Delayed 10 second(s)

2021-11-08 13:29:45 - [TEST_STEP][PASSED] - verifyTextPresent("Successful Payment Receipt", true): Text 'Successful Payment Receipt' is present on page  using regular expression

2021-11-08 13:29:46 - [MESSAGE][PASSED] - Text 'Successful Payment Receipt' is present on page  using regular expression

2021-11-08 13:29:46 - [TEST_STEP][PASSED] - if (verifyTextPresent("Successful Payment Receipt", true)): null

2021-11-08 13:29:46 - [MESSAGE][PASSED] - Text 'Successful Payment Receipt' is present on page  using regular expression

2021-11-08 13:29:46 - [TEST_STEP][PASSED] - println("Transaction was Successful"): null

2021-11-08 13:29:46 - [TEST_STEP][PASSED] - out.println("Pass Record Number: " + row): null

2021-11-08 13:29:46 - [TEST_STEP][PASSED] - resText = "Pass": null

2021-11-08 13:29:46 - [TEST_STEP][PASSED] - pages.WriteExcel.demoKey(resText, datText, resColumn, datCloumn, fileLoc, nameSheet, row): pages.WriteExcel.demoKey is PASSED

2021-11-08 13:29:46 - [MESSAGE][PASSED] - pages.WriteExcel.demoKey is PASSED

2021-11-08 13:29:46 - [TEST_STEP][PASSED] - ExecuteTC = findTestData(dataFile).getValue("Execute", row): null

2021-11-08 13:29:46 - [TEST_STEP][PASSED] - Taxtype = findTestData(dataFile).getValue("TaxType", row): null

2021-11-08 13:29:46 - [TEST_STEP][PASSED] - TaxTypeEL = findTestData(dataFile).getValue("TaxTypeEL", row): null

2021-11-08 13:29:46 - [TEST_STEP][PASSED] - FilingYear = findTestData(dataFile).getValue("FilingYear", row): null

2021-11-08 13:29:46 - [TEST_STEP][PASSED] - FName = findTestData(dataFile).getValue("Fname", row): null

2021-11-08 13:29:46 - [TEST_STEP][PASSED] - LName = findTestData(dataFile).getValue("Lname", row): null

2021-11-08 13:29:46 - [TEST_STEP][PASSED] - AL1 = findTestData(dataFile).getValue("AL1", row): null

2021-11-08 13:29:46 - [TEST_STEP][PASSED] - City = findTestData(dataFile).getValue("City", row): null

2021-11-08 13:29:46 - [TEST_STEP][PASSED] - ZIP = findTestData(dataFile).getValue("ZIP", row): null

2021-11-08 13:29:46 - [TEST_STEP][PASSED] - Amount = findTestData(dataFile).getValue("Amount", row): null

2021-11-08 13:29:46 - [TEST_STEP][PASSED] - CCNumber = findTestData(dataFile).getValue("CCNumber", row): null

2021-11-08 13:29:46 - [TEST_STEP][PASSED] - CVV = findTestData(dataFile).getValue("CVV", row): null

2021-11-08 13:29:46 - [TEST_STEP][PASSED] - SSN = findTestData(dataFile).getValue("SSN", row): null

2021-11-08 13:29:46 - [TEST_STEP][PASSED] - FEIN = findTestData(dataFile).getValue("FEIN", row): null

2021-11-08 13:29:46 - [TEST_STEP][PASSED] - out.println("Value of Execute is : " + ExecuteTC): null

2021-11-08 13:29:46 - [TEST_STEP][PASSED] - if (ExecuteTC.equalsIgnoreCase("Y")): null

2021-11-08 13:29:46 - [TEST_STEP][PASSED] - out.println("Begin Record Number: " + row): null

2021-11-08 13:29:46 - [TEST_STEP][PASSED] - today = new java.util.Date(): null

2021-11-08 13:29:46 - [TEST_STEP][PASSED] - println(today): null

2021-11-08 13:29:46 - [TEST_STEP][PASSED] - datText = today: null

2021-11-08 13:29:46 - [TEST_STEP][PASSED] - Taxtype = findTestData(dataFile).getValue("TaxType", row): null

2021-11-08 13:29:46 - [TEST_STEP][PASSED] - out.println("Taxtype value is : " + Taxtype): null

2021-11-08 13:29:46 - [TEST_STEP][PASSED] - openBrowser(""): Browser is opened with url: ''

2021-11-08 13:29:46 - [MESSAGE][WARNING] - A browser is already opened. Closing browser and opening a new one

2021-11-08 13:29:47 - [MESSAGE][INFO] - Starting 'Chrome' driver

2021-11-08 13:29:47 - [MESSAGE][INFO] - User set preference: ['acceptInsecureCerts', 'true']

2021-11-08 13:29:47 - [MESSAGE][INFO] - Action delay is set to 0 milliseconds

2021-11-08 13:29:49 - [MESSAGE][PASSED] - Browser is opened with url: ''

2021-11-08 13:29:49 - [TEST_STEP][PASSED] - maximizeWindow(): Current window maximized

2021-11-08 13:29:49 - [MESSAGE][PASSED] - Current window maximized

2021-11-08 13:29:49 - [TEST_STEP][PASSED] - navigateToUrl(RADurl): Navigate to 'https://qa.velocitypayment.com/client/rad/index.html' successfully

2021-11-08 13:29:51 - [MESSAGE][PASSED] - Navigate to 'https://qa.velocitypayment.com/client/rad/index.html' successfully

2021-11-08 13:29:51 - [TEST_STEP][PASSED] - orPath_Landing = "Object Repository/RAD_Pages/Landing_Page": null

2021-11-08 13:29:51 - [TEST_STEP][PASSED] - orPath_TaxTypeFilingYear = "Object Repository/RAD_Pages/TaxTypeFilingYear_Page": null

2021-11-08 13:29:51 - [TEST_STEP][PASSED] - orPath_TaxPayer = "Object Repository/RAD_Pages/Taxpayer_Page": null

2021-11-08 13:29:51 - [TEST_STEP][PASSED] - orPath_AddressContact = "Object Repository/RAD_Pages/AddressAndContactInfo_Page": null

2021-11-08 13:29:51 - [TEST_STEP][PASSED] - orPath_FilingStatus = "Object Repository/RAD_Pages/FilingStatus_Page": null

2021-11-08 13:29:51 - [TEST_STEP][PASSED] - orPath_Amount = "Object Repository/RAD_Pages/PaymentAmount_Page": null

2021-11-08 13:29:51 - [TEST_STEP][PASSED] - orPath_TaxInfo = "Object Repository/RAD_Pages/TaxInfo_Page": null

2021-11-08 13:29:51 - [TEST_STEP][PASSED] - orPath_Withholding = "Object Repository/RAD_Pages/Withholding_Page": null

2021-11-08 13:29:51 - [TEST_STEP][PASSED] - orPath_Summary = "Object Repository/RAD_Pages/Summary_Page": null

2021-11-08 13:29:51 - [TEST_STEP][PASSED] - orPath_PaymentReady = "Object Repository/RAD_Pages/PaymentReady_Page": null

2021-11-08 13:29:51 - [TEST_STEP][PASSED] - orPath_PaymentEntry = "Object Repository/RAD_Pages/PaymentEntry_Page": null

2021-11-08 13:29:51 - [TEST_STEP][PASSED] - orPath_PaymentConfirmation = "Object Repository/RAD_Pages/PaymentConfirmation_Page": null

2021-11-08 13:29:51 - [TEST_STEP][PASSED] - orPath_ServiceFeesAccept = "Object Repository/RAD_Pages/ServiceFeeAccept_Page": null

2021-11-08 13:29:51 - [TEST_STEP][PASSED] - selectOptionByLabel(findTestObject(orPath_Landing + "/dd_TaxType"), Taxtype, false): All options with label 'Existing Liability' are selected in object 'Object Repository/RAD_Pages/Landing_Page/dd_TaxType' 

2021-11-08 13:29:52 - [MESSAGE][PASSED] - All options with label 'Existing Liability' are selected in object 'Object Repository/RAD_Pages/Landing_Page/dd_TaxType' 

2021-11-08 13:29:52 - [TEST_STEP][PASSED] - delay(1): Delayed 1 second(s)

2021-11-08 13:29:53 - [MESSAGE][PASSED] - Delayed 1 second(s)

2021-11-08 13:29:53 - [TEST_STEP][PASSED] - selectOptionByLabel(findTestObject(orPath_TaxTypeFilingYear + "/select_TaxType_ExistingLiability"), TaxTypeEL, false): All options with label 'PTE Tax (Partnership)' are selected in object 'Object Repository/RAD_Pages/TaxTypeFilingYear_Page/select_TaxType_ExistingLiability' 

2021-11-08 13:29:53 - [MESSAGE][PASSED] - All options with label 'PTE Tax (Partnership)' are selected in object 'Object Repository/RAD_Pages/TaxTypeFilingYear_Page/select_TaxType_ExistingLiability' 

2021-11-08 13:29:53 - [TEST_STEP][PASSED] - selectOptionByLabel(findTestObject(orPath_TaxTypeFilingYear + "/select_FilingYear"), FilingYear, false): All options with label '2019' are selected in object 'Object Repository/RAD_Pages/TaxTypeFilingYear_Page/select_FilingYear' 

2021-11-08 13:29:54 - [MESSAGE][PASSED] - All options with label '2019' are selected in object 'Object Repository/RAD_Pages/TaxTypeFilingYear_Page/select_FilingYear' 

2021-11-08 13:29:54 - [TEST_STEP][PASSED] - setText(findTestObject(orPath_TaxPayer + "/input_firstName"), FName): Text 'Stuart' is set on object 'Object Repository/RAD_Pages/Taxpayer_Page/input_firstName'

2021-11-08 13:29:55 - [MESSAGE][PASSED] - Text 'Stuart' is set on object 'Object Repository/RAD_Pages/Taxpayer_Page/input_firstName'

2021-11-08 13:29:55 - [TEST_STEP][PASSED] - setText(findTestObject(orPath_TaxPayer + "/input_lastName"), LName): Text 'Broad' is set on object 'Object Repository/RAD_Pages/Taxpayer_Page/input_lastName'

2021-11-08 13:29:55 - [MESSAGE][PASSED] - Text 'Broad' is set on object 'Object Repository/RAD_Pages/Taxpayer_Page/input_lastName'

2021-11-08 13:29:55 - [TEST_STEP][PASSED] - setText(findTestObject(orPath_TaxPayer + "/input_middleName"), "Johns"): Text 'Johns' is set on object 'Object Repository/RAD_Pages/Taxpayer_Page/input_middleName'

2021-11-08 13:29:56 - [MESSAGE][PASSED] - Text 'Johns' is set on object 'Object Repository/RAD_Pages/Taxpayer_Page/input_middleName'

2021-11-08 13:29:56 - [TEST_STEP][PASSED] - setText(findTestObject(orPath_TaxPayer + "/input_suffix"), "Sr"): Text 'Sr' is set on object 'Object Repository/RAD_Pages/Taxpayer_Page/input_suffix'

2021-11-08 13:29:57 - [MESSAGE][PASSED] - Text 'Sr' is set on object 'Object Repository/RAD_Pages/Taxpayer_Page/input_suffix'

2021-11-08 13:29:57 - [TEST_STEP][PASSED] - selectOptionByLabel(findTestObject(orPath_AddressContact + "/select_Country"), "United States", false): All options with label 'United States' are selected in object 'Object Repository/RAD_Pages/AddressAndContactInfo_Page/select_Country' 

2021-11-08 13:29:57 - [MESSAGE][PASSED] - All options with label 'United States' are selected in object 'Object Repository/RAD_Pages/AddressAndContactInfo_Page/select_Country' 

2021-11-08 13:29:57 - [TEST_STEP][PASSED] - setText(findTestObject(orPath_AddressContact + "/input_streetAddress1"), AL1): Text '36 Hoolan Ave' is set on object 'Object Repository/RAD_Pages/AddressAndContactInfo_Page/input_streetAddress1'

2021-11-08 13:29:58 - [MESSAGE][PASSED] - Text '36 Hoolan Ave' is set on object 'Object Repository/RAD_Pages/AddressAndContactInfo_Page/input_streetAddress1'

2021-11-08 13:29:58 - [TEST_STEP][PASSED] - setText(findTestObject(orPath_AddressContact + "/input_streetAddress2"), ""): Text '' is set on object 'Object Repository/RAD_Pages/AddressAndContactInfo_Page/input_streetAddress2'

2021-11-08 13:29:59 - [MESSAGE][PASSED] - Text '' is set on object 'Object Repository/RAD_Pages/AddressAndContactInfo_Page/input_streetAddress2'

2021-11-08 13:29:59 - [TEST_STEP][PASSED] - setText(findTestObject(orPath_AddressContact + "/input_city"), City): Text 'Huntsville' is set on object 'Object Repository/RAD_Pages/AddressAndContactInfo_Page/input_city'

2021-11-08 13:29:59 - [MESSAGE][PASSED] - Text 'Huntsville' is set on object 'Object Repository/RAD_Pages/AddressAndContactInfo_Page/input_city'

2021-11-08 13:29:59 - [TEST_STEP][PASSED] - selectOptionByLabel(findTestObject(orPath_AddressContact + "/select_State"), "Maryland", false): All options with label 'Maryland' are selected in object 'Object Repository/RAD_Pages/AddressAndContactInfo_Page/select_State' 

2021-11-08 13:30:00 - [MESSAGE][PASSED] - All options with label 'Maryland' are selected in object 'Object Repository/RAD_Pages/AddressAndContactInfo_Page/select_State' 

2021-11-08 13:30:00 - [TEST_STEP][PASSED] - setText(findTestObject(orPath_AddressContact + "/input_zipCode"), ZIP): Text '21093' is set on object 'Object Repository/RAD_Pages/AddressAndContactInfo_Page/input_zipCode'

2021-11-08 13:30:00 - [MESSAGE][PASSED] - Text '21093' is set on object 'Object Repository/RAD_Pages/AddressAndContactInfo_Page/input_zipCode'

2021-11-08 13:30:00 - [TEST_STEP][PASSED] - setText(findTestObject(orPath_AddressContact + "/input_phoneNumber"), "(703) 894-5000"): Text '(703) 894-5000' is set on object 'Object Repository/RAD_Pages/AddressAndContactInfo_Page/input_phoneNumber'

2021-11-08 13:30:01 - [MESSAGE][PASSED] - Text '(703) 894-5000' is set on object 'Object Repository/RAD_Pages/AddressAndContactInfo_Page/input_phoneNumber'

2021-11-08 13:30:01 - [TEST_STEP][PASSED] - setText(findTestObject(orPath_AddressContact + "/input_eMailAddress"), "iahmed@govolution.com"): Text 'iahmed@govolution.com' is set on object 'Object Repository/RAD_Pages/AddressAndContactInfo_Page/input_eMailAddress'

2021-11-08 13:30:02 - [MESSAGE][PASSED] - Text 'iahmed@govolution.com' is set on object 'Object Repository/RAD_Pages/AddressAndContactInfo_Page/input_eMailAddress'

2021-11-08 13:30:02 - [TEST_STEP][PASSED] - setText(findTestObject(orPath_AddressContact + "/input_reEnterEMailAddress"), "iahmed@govolution.com"): Text 'iahmed@govolution.com' is set on object 'Object Repository/RAD_Pages/AddressAndContactInfo_Page/input_reEnterEMailAddress'

2021-11-08 13:30:03 - [MESSAGE][PASSED] - Text 'iahmed@govolution.com' is set on object 'Object Repository/RAD_Pages/AddressAndContactInfo_Page/input_reEnterEMailAddress'

2021-11-08 13:30:03 - [TEST_STEP][PASSED] - if (!(SSN.isEmpty())): Text '123456523' is set on object 'Object Repository/RAD_Pages/TaxInfo_Page/input_TaxInfo_reTaxTypeExisitingSSN'

2021-11-08 13:30:03 - [TEST_STEP][PASSED] - setText(findTestObject(orPath_TaxInfo + "/input_TaxInfo_ExisitingSSN"), SSN): Text '123456523' is set on object 'Object Repository/RAD_Pages/TaxInfo_Page/input_TaxInfo_ExisitingSSN'

2021-11-08 13:30:03 - [MESSAGE][PASSED] - Text '123456523' is set on object 'Object Repository/RAD_Pages/TaxInfo_Page/input_TaxInfo_ExisitingSSN'

2021-11-08 13:30:03 - [TEST_STEP][PASSED] - setText(findTestObject(orPath_TaxInfo + "/input_TaxInfo_reTaxTypeExisitingSSN"), SSN): Text '123456523' is set on object 'Object Repository/RAD_Pages/TaxInfo_Page/input_TaxInfo_reTaxTypeExisitingSSN'

2021-11-08 13:30:04 - [MESSAGE][PASSED] - Text '123456523' is set on object 'Object Repository/RAD_Pages/TaxInfo_Page/input_TaxInfo_reTaxTypeExisitingSSN'

2021-11-08 13:30:04 - [TEST_STEP][PASSED] - scrollToElement(findTestObject(orPath_Amount + "/input__paymentAmount"), 3): Scroll to object 'Object Repository/RAD_Pages/PaymentAmount_Page/input__paymentAmount' successfully

2021-11-08 13:30:04 - [MESSAGE][PASSED] - Scroll to object 'Object Repository/RAD_Pages/PaymentAmount_Page/input__paymentAmount' successfully

2021-11-08 13:30:04 - [TEST_STEP][PASSED] - if (!(FEIN.isEmpty())): null

2021-11-08 13:30:04 - [TEST_STEP][PASSED] - delay(1): Delayed 1 second(s)

2021-11-08 13:30:05 - [MESSAGE][PASSED] - Delayed 1 second(s)

2021-11-08 13:30:05 - [TEST_STEP][PASSED] - setText(findTestObject(orPath_TaxInfo + "/input_NoticeInvoiceNumber"), "258147147"): Text '258147147' is set on object 'Object Repository/RAD_Pages/TaxInfo_Page/input_NoticeInvoiceNumber'

2021-11-08 13:30:06 - [MESSAGE][PASSED] - Text '258147147' is set on object 'Object Repository/RAD_Pages/TaxInfo_Page/input_NoticeInvoiceNumber'

2021-11-08 13:30:06 - [TEST_STEP][PASSED] - setText(findTestObject(orPath_TaxInfo + "/input_reTypeNoticeInvoiceNumber"), "258147147"): Text '258147147' is set on object 'Object Repository/RAD_Pages/TaxInfo_Page/input_reTypeNoticeInvoiceNumber'

2021-11-08 13:30:07 - [MESSAGE][PASSED] - Text '258147147' is set on object 'Object Repository/RAD_Pages/TaxInfo_Page/input_reTypeNoticeInvoiceNumber'

2021-11-08 13:30:07 - [TEST_STEP][PASSED] - if (TaxTypeEL.equalsIgnoreCase("Sales & Use Tax")): null

2021-11-08 13:30:07 - [TEST_STEP][PASSED] - setText(findTestObject(orPath_Amount + "/input__paymentAmount"), Amount): Text '70.50' is set on object 'Object Repository/RAD_Pages/PaymentAmount_Page/input__paymentAmount'

2021-11-08 13:30:07 - [MESSAGE][PASSED] - Text '70.50' is set on object 'Object Repository/RAD_Pages/PaymentAmount_Page/input__paymentAmount'

2021-11-08 13:30:07 - [TEST_STEP][PASSED] - scrollToElement(findTestObject(orPath_Landing + "/button_Continue"), 3): Scroll to object 'Object Repository/RAD_Pages/Landing_Page/button_Continue' successfully

2021-11-08 13:30:08 - [MESSAGE][PASSED] - Scroll to object 'Object Repository/RAD_Pages/Landing_Page/button_Continue' successfully

2021-11-08 13:30:08 - [TEST_STEP][PASSED] - waitForElementClickable(findTestObject(orPath_Landing + "/button_Continue"), 5): Object 'Object Repository/RAD_Pages/Landing_Page/button_Continue' is clickable

2021-11-08 13:30:08 - [MESSAGE][PASSED] - Object 'Object Repository/RAD_Pages/Landing_Page/button_Continue' is clickable

2021-11-08 13:30:08 - [TEST_STEP][PASSED] - click(findTestObject(orPath_Landing + "/button_Continue")): Object: 'Object Repository/RAD_Pages/Landing_Page/button_Continue' is clicked on

2021-11-08 13:30:09 - [MESSAGE][PASSED] - Object: 'Object Repository/RAD_Pages/Landing_Page/button_Continue' is clicked on

2021-11-08 13:30:09 - [TEST_STEP][PASSED] - verifyTextPresent("Review the information below and make any necessary corrections by clicking the", true): Text 'Review the information below and make any necessary corrections by clicking the' is present on page  using regular expression

2021-11-08 13:30:09 - [MESSAGE][PASSED] - Text 'Review the information below and make any necessary corrections by clicking the' is present on page  using regular expression

2021-11-08 13:30:09 - [TEST_STEP][PASSED] - verifyTextPresent("When you are confident that all the information is correct", true): Text 'When you are confident that all the information is correct' is present on page  using regular expression

2021-11-08 13:30:09 - [MESSAGE][PASSED] - Text 'When you are confident that all the information is correct' is present on page  using regular expression

2021-11-08 13:30:09 - [TEST_STEP][PASSED] - delay(1): Delayed 1 second(s)

2021-11-08 13:30:10 - [MESSAGE][PASSED] - Delayed 1 second(s)

2021-11-08 13:30:10 - [TEST_STEP][PASSED] - click(findTestObject(orPath_PaymentReady + "/button_ProceedtoPayment")): Object: 'Object Repository/RAD_Pages/PaymentReady_Page/button_ProceedtoPayment' is clicked on

2021-11-08 13:30:13 - [MESSAGE][PASSED] - Object: 'Object Repository/RAD_Pages/PaymentReady_Page/button_ProceedtoPayment' is clicked on

2021-11-08 13:30:13 - [TEST_STEP][PASSED] - setText(findTestObject(orPath_PaymentEntry + "/input__cardNumber"), CCNumber): Text '4012000098765439' is set on object 'Object Repository/RAD_Pages/PaymentEntry_Page/input__cardNumber'

2021-11-08 13:30:13 - [MESSAGE][PASSED] - Text '4012000098765439' is set on object 'Object Repository/RAD_Pages/PaymentEntry_Page/input__cardNumber'

2021-11-08 13:30:13 - [TEST_STEP][PASSED] - setText(findTestObject(orPath_PaymentEntry + "/input__spc"), CVV): Text '123' is set on object 'Object Repository/RAD_Pages/PaymentEntry_Page/input__spc'

2021-11-08 13:30:14 - [MESSAGE][PASSED] - Text '123' is set on object 'Object Repository/RAD_Pages/PaymentEntry_Page/input__spc'

2021-11-08 13:30:14 - [TEST_STEP][PASSED] - selectOptionByLabel(findTestObject(orPath_PaymentEntry + "/select_MM"), "12", false): All options with label '12' are selected in object 'Object Repository/RAD_Pages/PaymentEntry_Page/select_MM' 

2021-11-08 13:30:15 - [MESSAGE][PASSED] - All options with label '12' are selected in object 'Object Repository/RAD_Pages/PaymentEntry_Page/select_MM' 

2021-11-08 13:30:15 - [TEST_STEP][PASSED] - selectOptionByLabel(findTestObject(orPath_PaymentEntry + "/select_YYYY"), "2023", false): All options with label '2023' are selected in object 'Object Repository/RAD_Pages/PaymentEntry_Page/select_YYYY' 

2021-11-08 13:30:15 - [MESSAGE][PASSED] - All options with label '2023' are selected in object 'Object Repository/RAD_Pages/PaymentEntry_Page/select_YYYY' 

2021-11-08 13:30:15 - [TEST_STEP][PASSED] - click(findTestObject(orPath_PaymentEntry + "/input_Field_ccSubmit")): Object: 'Object Repository/RAD_Pages/PaymentEntry_Page/input_Field_ccSubmit' is clicked on

2021-11-08 13:30:16 - [MESSAGE][PASSED] - Object: 'Object Repository/RAD_Pages/PaymentEntry_Page/input_Field_ccSubmit' is clicked on

2021-11-08 13:30:16 - [TEST_STEP][PASSED] - click(findTestObject(orPath_PaymentConfirmation + "/input_N_confirmNotifyAction")): Object: 'Object Repository/RAD_Pages/PaymentConfirmation_Page/input_N_confirmNotifyAction' is clicked on

2021-11-08 13:30:18 - [MESSAGE][PASSED] - Object: 'Object Repository/RAD_Pages/PaymentConfirmation_Page/input_N_confirmNotifyAction' is clicked on

2021-11-08 13:30:18 - [TEST_STEP][PASSED] - click(findTestObject(orPath_ServiceFeesAccept + "/input_convFeeNotifyAction")): Object: 'Object Repository/RAD_Pages/ServiceFeeAccept_Page/input_convFeeNotifyAction' is clicked on

2021-11-08 13:30:19 - [MESSAGE][PASSED] - Object: 'Object Repository/RAD_Pages/ServiceFeeAccept_Page/input_convFeeNotifyAction' is clicked on

2021-11-08 13:30:19 - [TEST_STEP][PASSED] - delay(10): Delayed 10 second(s)

2021-11-08 13:30:29 - [MESSAGE][PASSED] - Delayed 10 second(s)

2021-11-08 13:30:29 - [TEST_STEP][PASSED] - verifyTextPresent("Successful Payment Receipt", true): Text 'Successful Payment Receipt' is present on page  using regular expression

2021-11-08 13:30:30 - [MESSAGE][PASSED] - Text 'Successful Payment Receipt' is present on page  using regular expression

2021-11-08 13:30:30 - [TEST_STEP][PASSED] - if (verifyTextPresent("Successful Payment Receipt", true)): null

2021-11-08 13:30:30 - [MESSAGE][PASSED] - Text 'Successful Payment Receipt' is present on page  using regular expression

2021-11-08 13:30:30 - [TEST_STEP][PASSED] - println("Transaction was Successful"): null

2021-11-08 13:30:30 - [TEST_STEP][PASSED] - out.println("Pass Record Number: " + row): null

2021-11-08 13:30:30 - [TEST_STEP][PASSED] - resText = "Pass": null

2021-11-08 13:30:30 - [TEST_STEP][PASSED] - pages.WriteExcel.demoKey(resText, datText, resColumn, datCloumn, fileLoc, nameSheet, row): pages.WriteExcel.demoKey is PASSED

2021-11-08 13:30:30 - [MESSAGE][PASSED] - pages.WriteExcel.demoKey is PASSED

2021-11-08 13:30:30 - [TEST_STEP][PASSED] - ExecuteTC = findTestData(dataFile).getValue("Execute", row): null

2021-11-08 13:30:30 - [TEST_STEP][PASSED] - Taxtype = findTestData(dataFile).getValue("TaxType", row): null

2021-11-08 13:30:30 - [TEST_STEP][PASSED] - TaxTypeEL = findTestData(dataFile).getValue("TaxTypeEL", row): null

2021-11-08 13:30:30 - [TEST_STEP][PASSED] - FilingYear = findTestData(dataFile).getValue("FilingYear", row): null

2021-11-08 13:30:30 - [TEST_STEP][PASSED] - FName = findTestData(dataFile).getValue("Fname", row): null

2021-11-08 13:30:30 - [TEST_STEP][PASSED] - LName = findTestData(dataFile).getValue("Lname", row): null

2021-11-08 13:30:30 - [TEST_STEP][PASSED] - AL1 = findTestData(dataFile).getValue("AL1", row): null

2021-11-08 13:30:30 - [TEST_STEP][PASSED] - City = findTestData(dataFile).getValue("City", row): null

2021-11-08 13:30:30 - [TEST_STEP][PASSED] - ZIP = findTestData(dataFile).getValue("ZIP", row): null

2021-11-08 13:30:30 - [TEST_STEP][PASSED] - Amount = findTestData(dataFile).getValue("Amount", row): null

2021-11-08 13:30:30 - [TEST_STEP][PASSED] - CCNumber = findTestData(dataFile).getValue("CCNumber", row): null

2021-11-08 13:30:30 - [TEST_STEP][PASSED] - CVV = findTestData(dataFile).getValue("CVV", row): null

2021-11-08 13:30:30 - [TEST_STEP][PASSED] - SSN = findTestData(dataFile).getValue("SSN", row): null

2021-11-08 13:30:30 - [TEST_STEP][PASSED] - FEIN = findTestData(dataFile).getValue("FEIN", row): null

2021-11-08 13:30:30 - [TEST_STEP][PASSED] - out.println("Value of Execute is : " + ExecuteTC): null

2021-11-08 13:30:30 - [TEST_STEP][PASSED] - if (ExecuteTC.equalsIgnoreCase("Y")): null

2021-11-08 13:30:30 - [TEST_STEP][PASSED] - out.println("Begin Record Number: " + row): null

2021-11-08 13:30:30 - [TEST_STEP][PASSED] - today = new java.util.Date(): null

2021-11-08 13:30:30 - [TEST_STEP][PASSED] - println(today): null

2021-11-08 13:30:30 - [TEST_STEP][PASSED] - datText = today: null

2021-11-08 13:30:30 - [TEST_STEP][PASSED] - Taxtype = findTestData(dataFile).getValue("TaxType", row): null

2021-11-08 13:30:31 - [TEST_STEP][PASSED] - out.println("Taxtype value is : " + Taxtype): null

2021-11-08 13:30:31 - [TEST_STEP][PASSED] - openBrowser(""): Browser is opened with url: ''

2021-11-08 13:30:31 - [MESSAGE][WARNING] - A browser is already opened. Closing browser and opening a new one

2021-11-08 13:30:31 - [MESSAGE][INFO] - Starting 'Chrome' driver

2021-11-08 13:30:31 - [MESSAGE][INFO] - User set preference: ['acceptInsecureCerts', 'true']

2021-11-08 13:30:31 - [MESSAGE][INFO] - Action delay is set to 0 milliseconds

2021-11-08 13:30:33 - [MESSAGE][PASSED] - Browser is opened with url: ''

2021-11-08 13:30:33 - [TEST_STEP][PASSED] - maximizeWindow(): Current window maximized

2021-11-08 13:30:33 - [MESSAGE][PASSED] - Current window maximized

2021-11-08 13:30:33 - [TEST_STEP][PASSED] - navigateToUrl(RADurl): Navigate to 'https://qa.velocitypayment.com/client/rad/index.html' successfully

2021-11-08 13:30:35 - [MESSAGE][PASSED] - Navigate to 'https://qa.velocitypayment.com/client/rad/index.html' successfully

2021-11-08 13:30:35 - [TEST_STEP][PASSED] - orPath_Landing = "Object Repository/RAD_Pages/Landing_Page": null

2021-11-08 13:30:35 - [TEST_STEP][PASSED] - orPath_TaxTypeFilingYear = "Object Repository/RAD_Pages/TaxTypeFilingYear_Page": null

2021-11-08 13:30:35 - [TEST_STEP][PASSED] - orPath_TaxPayer = "Object Repository/RAD_Pages/Taxpayer_Page": null

2021-11-08 13:30:35 - [TEST_STEP][PASSED] - orPath_AddressContact = "Object Repository/RAD_Pages/AddressAndContactInfo_Page": null

2021-11-08 13:30:35 - [TEST_STEP][PASSED] - orPath_FilingStatus = "Object Repository/RAD_Pages/FilingStatus_Page": null

2021-11-08 13:30:35 - [TEST_STEP][PASSED] - orPath_Amount = "Object Repository/RAD_Pages/PaymentAmount_Page": null

2021-11-08 13:30:35 - [TEST_STEP][PASSED] - orPath_TaxInfo = "Object Repository/RAD_Pages/TaxInfo_Page": null

2021-11-08 13:30:35 - [TEST_STEP][PASSED] - orPath_Withholding = "Object Repository/RAD_Pages/Withholding_Page": null

2021-11-08 13:30:35 - [TEST_STEP][PASSED] - orPath_Summary = "Object Repository/RAD_Pages/Summary_Page": null

2021-11-08 13:30:35 - [TEST_STEP][PASSED] - orPath_PaymentReady = "Object Repository/RAD_Pages/PaymentReady_Page": null

2021-11-08 13:30:35 - [TEST_STEP][PASSED] - orPath_PaymentEntry = "Object Repository/RAD_Pages/PaymentEntry_Page": null

2021-11-08 13:30:35 - [TEST_STEP][PASSED] - orPath_PaymentConfirmation = "Object Repository/RAD_Pages/PaymentConfirmation_Page": null

2021-11-08 13:30:35 - [TEST_STEP][PASSED] - orPath_ServiceFeesAccept = "Object Repository/RAD_Pages/ServiceFeeAccept_Page": null

2021-11-08 13:30:35 - [TEST_STEP][PASSED] - selectOptionByLabel(findTestObject(orPath_Landing + "/dd_TaxType"), Taxtype, false): All options with label 'Existing Liability' are selected in object 'Object Repository/RAD_Pages/Landing_Page/dd_TaxType' 

2021-11-08 13:30:36 - [MESSAGE][PASSED] - All options with label 'Existing Liability' are selected in object 'Object Repository/RAD_Pages/Landing_Page/dd_TaxType' 

2021-11-08 13:30:36 - [TEST_STEP][PASSED] - delay(1): Delayed 1 second(s)

2021-11-08 13:30:37 - [MESSAGE][PASSED] - Delayed 1 second(s)

2021-11-08 13:30:37 - [TEST_STEP][PASSED] - selectOptionByLabel(findTestObject(orPath_TaxTypeFilingYear + "/select_TaxType_ExistingLiability"), TaxTypeEL, false): All options with label 'PTE Tax (Partnership)' are selected in object 'Object Repository/RAD_Pages/TaxTypeFilingYear_Page/select_TaxType_ExistingLiability' 

2021-11-08 13:30:37 - [MESSAGE][PASSED] - All options with label 'PTE Tax (Partnership)' are selected in object 'Object Repository/RAD_Pages/TaxTypeFilingYear_Page/select_TaxType_ExistingLiability' 

2021-11-08 13:30:37 - [TEST_STEP][PASSED] - selectOptionByLabel(findTestObject(orPath_TaxTypeFilingYear + "/select_FilingYear"), FilingYear, false): All options with label '2019' are selected in object 'Object Repository/RAD_Pages/TaxTypeFilingYear_Page/select_FilingYear' 

2021-11-08 13:30:38 - [MESSAGE][PASSED] - All options with label '2019' are selected in object 'Object Repository/RAD_Pages/TaxTypeFilingYear_Page/select_FilingYear' 

2021-11-08 13:30:38 - [TEST_STEP][PASSED] - setText(findTestObject(orPath_TaxPayer + "/input_firstName"), FName): Text 'Stuart' is set on object 'Object Repository/RAD_Pages/Taxpayer_Page/input_firstName'

2021-11-08 13:30:39 - [MESSAGE][PASSED] - Text 'Stuart' is set on object 'Object Repository/RAD_Pages/Taxpayer_Page/input_firstName'

2021-11-08 13:30:39 - [TEST_STEP][PASSED] - setText(findTestObject(orPath_TaxPayer + "/input_lastName"), LName): Text 'Broad' is set on object 'Object Repository/RAD_Pages/Taxpayer_Page/input_lastName'

2021-11-08 13:30:39 - [MESSAGE][PASSED] - Text 'Broad' is set on object 'Object Repository/RAD_Pages/Taxpayer_Page/input_lastName'

2021-11-08 13:30:39 - [TEST_STEP][PASSED] - setText(findTestObject(orPath_TaxPayer + "/input_middleName"), "Johns"): Text 'Johns' is set on object 'Object Repository/RAD_Pages/Taxpayer_Page/input_middleName'

2021-11-08 13:30:40 - [MESSAGE][PASSED] - Text 'Johns' is set on object 'Object Repository/RAD_Pages/Taxpayer_Page/input_middleName'

2021-11-08 13:30:40 - [TEST_STEP][PASSED] - setText(findTestObject(orPath_TaxPayer + "/input_suffix"), "Sr"): Text 'Sr' is set on object 'Object Repository/RAD_Pages/Taxpayer_Page/input_suffix'

2021-11-08 13:30:41 - [MESSAGE][PASSED] - Text 'Sr' is set on object 'Object Repository/RAD_Pages/Taxpayer_Page/input_suffix'

2021-11-08 13:30:41 - [TEST_STEP][PASSED] - selectOptionByLabel(findTestObject(orPath_AddressContact + "/select_Country"), "United States", false): All options with label 'United States' are selected in object 'Object Repository/RAD_Pages/AddressAndContactInfo_Page/select_Country' 

2021-11-08 13:30:41 - [MESSAGE][PASSED] - All options with label 'United States' are selected in object 'Object Repository/RAD_Pages/AddressAndContactInfo_Page/select_Country' 

2021-11-08 13:30:41 - [TEST_STEP][PASSED] - setText(findTestObject(orPath_AddressContact + "/input_streetAddress1"), AL1): Text '36 Hoolan Ave' is set on object 'Object Repository/RAD_Pages/AddressAndContactInfo_Page/input_streetAddress1'

2021-11-08 13:30:42 - [MESSAGE][PASSED] - Text '36 Hoolan Ave' is set on object 'Object Repository/RAD_Pages/AddressAndContactInfo_Page/input_streetAddress1'

2021-11-08 13:30:42 - [TEST_STEP][PASSED] - setText(findTestObject(orPath_AddressContact + "/input_streetAddress2"), ""): Text '' is set on object 'Object Repository/RAD_Pages/AddressAndContactInfo_Page/input_streetAddress2'

2021-11-08 13:30:42 - [MESSAGE][PASSED] - Text '' is set on object 'Object Repository/RAD_Pages/AddressAndContactInfo_Page/input_streetAddress2'

2021-11-08 13:30:42 - [TEST_STEP][PASSED] - setText(findTestObject(orPath_AddressContact + "/input_city"), City): Text 'Huntsville' is set on object 'Object Repository/RAD_Pages/AddressAndContactInfo_Page/input_city'

2021-11-08 13:30:43 - [MESSAGE][PASSED] - Text 'Huntsville' is set on object 'Object Repository/RAD_Pages/AddressAndContactInfo_Page/input_city'

2021-11-08 13:30:43 - [TEST_STEP][PASSED] - selectOptionByLabel(findTestObject(orPath_AddressContact + "/select_State"), "Maryland", false): All options with label 'Maryland' are selected in object 'Object Repository/RAD_Pages/AddressAndContactInfo_Page/select_State' 

2021-11-08 13:30:44 - [MESSAGE][PASSED] - All options with label 'Maryland' are selected in object 'Object Repository/RAD_Pages/AddressAndContactInfo_Page/select_State' 

2021-11-08 13:30:44 - [TEST_STEP][PASSED] - setText(findTestObject(orPath_AddressContact + "/input_zipCode"), ZIP): Text '21093' is set on object 'Object Repository/RAD_Pages/AddressAndContactInfo_Page/input_zipCode'

2021-11-08 13:30:44 - [MESSAGE][PASSED] - Text '21093' is set on object 'Object Repository/RAD_Pages/AddressAndContactInfo_Page/input_zipCode'

2021-11-08 13:30:44 - [TEST_STEP][PASSED] - setText(findTestObject(orPath_AddressContact + "/input_phoneNumber"), "(703) 894-5000"): Text '(703) 894-5000' is set on object 'Object Repository/RAD_Pages/AddressAndContactInfo_Page/input_phoneNumber'

2021-11-08 13:30:45 - [MESSAGE][PASSED] - Text '(703) 894-5000' is set on object 'Object Repository/RAD_Pages/AddressAndContactInfo_Page/input_phoneNumber'

2021-11-08 13:30:45 - [TEST_STEP][PASSED] - setText(findTestObject(orPath_AddressContact + "/input_eMailAddress"), "iahmed@govolution.com"): Text 'iahmed@govolution.com' is set on object 'Object Repository/RAD_Pages/AddressAndContactInfo_Page/input_eMailAddress'

2021-11-08 13:30:46 - [MESSAGE][PASSED] - Text 'iahmed@govolution.com' is set on object 'Object Repository/RAD_Pages/AddressAndContactInfo_Page/input_eMailAddress'

2021-11-08 13:30:46 - [TEST_STEP][PASSED] - setText(findTestObject(orPath_AddressContact + "/input_reEnterEMailAddress"), "iahmed@govolution.com"): Text 'iahmed@govolution.com' is set on object 'Object Repository/RAD_Pages/AddressAndContactInfo_Page/input_reEnterEMailAddress'

2021-11-08 13:30:47 - [MESSAGE][PASSED] - Text 'iahmed@govolution.com' is set on object 'Object Repository/RAD_Pages/AddressAndContactInfo_Page/input_reEnterEMailAddress'

2021-11-08 13:30:47 - [TEST_STEP][PASSED] - if (!(SSN.isEmpty())): null

2021-11-08 13:30:47 - [TEST_STEP][PASSED] - scrollToElement(findTestObject(orPath_Amount + "/input__paymentAmount"), 3): Scroll to object 'Object Repository/RAD_Pages/PaymentAmount_Page/input__paymentAmount' successfully

2021-11-08 13:30:47 - [MESSAGE][PASSED] - Scroll to object 'Object Repository/RAD_Pages/PaymentAmount_Page/input__paymentAmount' successfully

2021-11-08 13:30:47 - [TEST_STEP][PASSED] - if (!(FEIN.isEmpty())): Text '258369262' is set on object 'Object Repository/RAD_Pages/TaxInfo_Page/input_ReTypeFEIN'

2021-11-08 13:30:47 - [TEST_STEP][PASSED] - setText(findTestObject(orPath_TaxInfo + "/input_FEIN"), FEIN): Text '258369262' is set on object 'Object Repository/RAD_Pages/TaxInfo_Page/input_FEIN'

2021-11-08 13:30:48 - [MESSAGE][PASSED] - Text '258369262' is set on object 'Object Repository/RAD_Pages/TaxInfo_Page/input_FEIN'

2021-11-08 13:30:48 - [TEST_STEP][PASSED] - setText(findTestObject(orPath_TaxInfo + "/input_ReTypeFEIN"), FEIN): Text '258369262' is set on object 'Object Repository/RAD_Pages/TaxInfo_Page/input_ReTypeFEIN'

2021-11-08 13:30:48 - [MESSAGE][PASSED] - Text '258369262' is set on object 'Object Repository/RAD_Pages/TaxInfo_Page/input_ReTypeFEIN'

2021-11-08 13:30:48 - [TEST_STEP][PASSED] - delay(1): Delayed 1 second(s)

2021-11-08 13:30:49 - [MESSAGE][PASSED] - Delayed 1 second(s)

2021-11-08 13:30:49 - [TEST_STEP][PASSED] - setText(findTestObject(orPath_TaxInfo + "/input_NoticeInvoiceNumber"), "258147147"): Text '258147147' is set on object 'Object Repository/RAD_Pages/TaxInfo_Page/input_NoticeInvoiceNumber'

2021-11-08 13:30:50 - [MESSAGE][PASSED] - Text '258147147' is set on object 'Object Repository/RAD_Pages/TaxInfo_Page/input_NoticeInvoiceNumber'

2021-11-08 13:30:50 - [TEST_STEP][PASSED] - setText(findTestObject(orPath_TaxInfo + "/input_reTypeNoticeInvoiceNumber"), "258147147"): Text '258147147' is set on object 'Object Repository/RAD_Pages/TaxInfo_Page/input_reTypeNoticeInvoiceNumber'

2021-11-08 13:30:51 - [MESSAGE][PASSED] - Text '258147147' is set on object 'Object Repository/RAD_Pages/TaxInfo_Page/input_reTypeNoticeInvoiceNumber'

2021-11-08 13:30:51 - [TEST_STEP][PASSED] - if (TaxTypeEL.equalsIgnoreCase("Sales & Use Tax")): null

2021-11-08 13:30:51 - [TEST_STEP][PASSED] - setText(findTestObject(orPath_Amount + "/input__paymentAmount"), Amount): Text '70.50' is set on object 'Object Repository/RAD_Pages/PaymentAmount_Page/input__paymentAmount'

2021-11-08 13:30:52 - [MESSAGE][PASSED] - Text '70.50' is set on object 'Object Repository/RAD_Pages/PaymentAmount_Page/input__paymentAmount'

2021-11-08 13:30:52 - [TEST_STEP][PASSED] - scrollToElement(findTestObject(orPath_Landing + "/button_Continue"), 3): Scroll to object 'Object Repository/RAD_Pages/Landing_Page/button_Continue' successfully

2021-11-08 13:30:52 - [MESSAGE][PASSED] - Scroll to object 'Object Repository/RAD_Pages/Landing_Page/button_Continue' successfully

2021-11-08 13:30:52 - [TEST_STEP][PASSED] - waitForElementClickable(findTestObject(orPath_Landing + "/button_Continue"), 5): Object 'Object Repository/RAD_Pages/Landing_Page/button_Continue' is clickable

2021-11-08 13:30:52 - [MESSAGE][PASSED] - Object 'Object Repository/RAD_Pages/Landing_Page/button_Continue' is clickable

2021-11-08 13:30:52 - [TEST_STEP][PASSED] - click(findTestObject(orPath_Landing + "/button_Continue")): Object: 'Object Repository/RAD_Pages/Landing_Page/button_Continue' is clicked on

2021-11-08 13:30:53 - [MESSAGE][PASSED] - Object: 'Object Repository/RAD_Pages/Landing_Page/button_Continue' is clicked on

2021-11-08 13:30:53 - [TEST_STEP][PASSED] - verifyTextPresent("Review the information below and make any necessary corrections by clicking the", true): Text 'Review the information below and make any necessary corrections by clicking the' is present on page  using regular expression

2021-11-08 13:30:53 - [MESSAGE][PASSED] - Text 'Review the information below and make any necessary corrections by clicking the' is present on page  using regular expression

2021-11-08 13:30:53 - [TEST_STEP][PASSED] - verifyTextPresent("When you are confident that all the information is correct", true): Text 'When you are confident that all the information is correct' is present on page  using regular expression

2021-11-08 13:30:54 - [MESSAGE][PASSED] - Text 'When you are confident that all the information is correct' is present on page  using regular expression

2021-11-08 13:30:54 - [TEST_STEP][PASSED] - delay(1): Delayed 1 second(s)

2021-11-08 13:30:55 - [MESSAGE][PASSED] - Delayed 1 second(s)

2021-11-08 13:30:55 - [TEST_STEP][PASSED] - click(findTestObject(orPath_PaymentReady + "/button_ProceedtoPayment")): Object: 'Object Repository/RAD_Pages/PaymentReady_Page/button_ProceedtoPayment' is clicked on

2021-11-08 13:30:57 - [MESSAGE][PASSED] - Object: 'Object Repository/RAD_Pages/PaymentReady_Page/button_ProceedtoPayment' is clicked on

2021-11-08 13:30:57 - [TEST_STEP][PASSED] - setText(findTestObject(orPath_PaymentEntry + "/input__cardNumber"), CCNumber): Text '4012000098765439' is set on object 'Object Repository/RAD_Pages/PaymentEntry_Page/input__cardNumber'

2021-11-08 13:30:58 - [MESSAGE][PASSED] - Text '4012000098765439' is set on object 'Object Repository/RAD_Pages/PaymentEntry_Page/input__cardNumber'

2021-11-08 13:30:58 - [TEST_STEP][PASSED] - setText(findTestObject(orPath_PaymentEntry + "/input__spc"), CVV): Text '123' is set on object 'Object Repository/RAD_Pages/PaymentEntry_Page/input__spc'

2021-11-08 13:30:58 - [MESSAGE][PASSED] - Text '123' is set on object 'Object Repository/RAD_Pages/PaymentEntry_Page/input__spc'

2021-11-08 13:30:58 - [TEST_STEP][PASSED] - selectOptionByLabel(findTestObject(orPath_PaymentEntry + "/select_MM"), "12", false): All options with label '12' are selected in object 'Object Repository/RAD_Pages/PaymentEntry_Page/select_MM' 

2021-11-08 13:30:59 - [MESSAGE][PASSED] - All options with label '12' are selected in object 'Object Repository/RAD_Pages/PaymentEntry_Page/select_MM' 

2021-11-08 13:30:59 - [TEST_STEP][PASSED] - selectOptionByLabel(findTestObject(orPath_PaymentEntry + "/select_YYYY"), "2023", false): All options with label '2023' are selected in object 'Object Repository/RAD_Pages/PaymentEntry_Page/select_YYYY' 

2021-11-08 13:31:00 - [MESSAGE][PASSED] - All options with label '2023' are selected in object 'Object Repository/RAD_Pages/PaymentEntry_Page/select_YYYY' 

2021-11-08 13:31:00 - [TEST_STEP][PASSED] - click(findTestObject(orPath_PaymentEntry + "/input_Field_ccSubmit")): Object: 'Object Repository/RAD_Pages/PaymentEntry_Page/input_Field_ccSubmit' is clicked on

2021-11-08 13:31:01 - [MESSAGE][PASSED] - Object: 'Object Repository/RAD_Pages/PaymentEntry_Page/input_Field_ccSubmit' is clicked on

2021-11-08 13:31:01 - [TEST_STEP][PASSED] - click(findTestObject(orPath_PaymentConfirmation + "/input_N_confirmNotifyAction")): Object: 'Object Repository/RAD_Pages/PaymentConfirmation_Page/input_N_confirmNotifyAction' is clicked on

2021-11-08 13:31:02 - [MESSAGE][PASSED] - Object: 'Object Repository/RAD_Pages/PaymentConfirmation_Page/input_N_confirmNotifyAction' is clicked on

2021-11-08 13:31:02 - [TEST_STEP][PASSED] - click(findTestObject(orPath_ServiceFeesAccept + "/input_convFeeNotifyAction")): Object: 'Object Repository/RAD_Pages/ServiceFeeAccept_Page/input_convFeeNotifyAction' is clicked on

2021-11-08 13:31:04 - [MESSAGE][PASSED] - Object: 'Object Repository/RAD_Pages/ServiceFeeAccept_Page/input_convFeeNotifyAction' is clicked on

2021-11-08 13:31:04 - [TEST_STEP][PASSED] - delay(10): Delayed 10 second(s)

2021-11-08 13:31:14 - [MESSAGE][PASSED] - Delayed 10 second(s)

2021-11-08 13:31:14 - [TEST_STEP][PASSED] - verifyTextPresent("Successful Payment Receipt", true): Text 'Successful Payment Receipt' is present on page  using regular expression

2021-11-08 13:31:14 - [MESSAGE][PASSED] - Text 'Successful Payment Receipt' is present on page  using regular expression

2021-11-08 13:31:14 - [TEST_STEP][PASSED] - if (verifyTextPresent("Successful Payment Receipt", true)): null

2021-11-08 13:31:14 - [MESSAGE][PASSED] - Text 'Successful Payment Receipt' is present on page  using regular expression

2021-11-08 13:31:14 - [TEST_STEP][PASSED] - println("Transaction was Successful"): null

2021-11-08 13:31:14 - [TEST_STEP][PASSED] - out.println("Pass Record Number: " + row): null

2021-11-08 13:31:14 - [TEST_STEP][PASSED] - resText = "Pass": null

2021-11-08 13:31:14 - [TEST_STEP][PASSED] - pages.WriteExcel.demoKey(resText, datText, resColumn, datCloumn, fileLoc, nameSheet, row): pages.WriteExcel.demoKey is PASSED

2021-11-08 13:31:14 - [MESSAGE][PASSED] - pages.WriteExcel.demoKey is PASSED

2021-11-08 13:31:14 - [TEST_STEP][PASSED] - ExecuteTC = findTestData(dataFile).getValue("Execute", row): null

2021-11-08 13:31:14 - [TEST_STEP][PASSED] - Taxtype = findTestData(dataFile).getValue("TaxType", row): null

2021-11-08 13:31:14 - [TEST_STEP][PASSED] - TaxTypeEL = findTestData(dataFile).getValue("TaxTypeEL", row): null

2021-11-08 13:31:14 - [TEST_STEP][PASSED] - FilingYear = findTestData(dataFile).getValue("FilingYear", row): null

2021-11-08 13:31:14 - [TEST_STEP][PASSED] - FName = findTestData(dataFile).getValue("Fname", row): null

2021-11-08 13:31:14 - [TEST_STEP][PASSED] - LName = findTestData(dataFile).getValue("Lname", row): null

2021-11-08 13:31:15 - [TEST_STEP][PASSED] - AL1 = findTestData(dataFile).getValue("AL1", row): null

2021-11-08 13:31:15 - [TEST_STEP][PASSED] - City = findTestData(dataFile).getValue("City", row): null

2021-11-08 13:31:15 - [TEST_STEP][PASSED] - ZIP = findTestData(dataFile).getValue("ZIP", row): null

2021-11-08 13:31:15 - [TEST_STEP][PASSED] - Amount = findTestData(dataFile).getValue("Amount", row): null

2021-11-08 13:31:15 - [TEST_STEP][PASSED] - CCNumber = findTestData(dataFile).getValue("CCNumber", row): null

2021-11-08 13:31:15 - [TEST_STEP][PASSED] - CVV = findTestData(dataFile).getValue("CVV", row): null

2021-11-08 13:31:15 - [TEST_STEP][PASSED] - SSN = findTestData(dataFile).getValue("SSN", row): null

2021-11-08 13:31:15 - [TEST_STEP][PASSED] - FEIN = findTestData(dataFile).getValue("FEIN", row): null

2021-11-08 13:31:15 - [TEST_STEP][PASSED] - out.println("Value of Execute is : " + ExecuteTC): null

2021-11-08 13:31:15 - [TEST_STEP][PASSED] - if (ExecuteTC.equalsIgnoreCase("Y")): null

2021-11-08 13:31:15 - [TEST_STEP][PASSED] - out.println("Begin Record Number: " + row): null

2021-11-08 13:31:15 - [TEST_STEP][PASSED] - today = new java.util.Date(): null

2021-11-08 13:31:15 - [TEST_STEP][PASSED] - println(today): null

2021-11-08 13:31:15 - [TEST_STEP][PASSED] - datText = today: null

2021-11-08 13:31:15 - [TEST_STEP][PASSED] - Taxtype = findTestData(dataFile).getValue("TaxType", row): null

2021-11-08 13:31:15 - [TEST_STEP][PASSED] - out.println("Taxtype value is : " + Taxtype): null

2021-11-08 13:31:15 - [TEST_STEP][PASSED] - openBrowser(""): Browser is opened with url: ''

2021-11-08 13:31:15 - [MESSAGE][WARNING] - A browser is already opened. Closing browser and opening a new one

2021-11-08 13:31:16 - [MESSAGE][INFO] - Starting 'Chrome' driver

2021-11-08 13:31:16 - [MESSAGE][INFO] - User set preference: ['acceptInsecureCerts', 'true']

2021-11-08 13:31:16 - [MESSAGE][INFO] - Action delay is set to 0 milliseconds

2021-11-08 13:31:17 - [MESSAGE][PASSED] - Browser is opened with url: ''

2021-11-08 13:31:17 - [TEST_STEP][PASSED] - maximizeWindow(): Current window maximized

2021-11-08 13:31:17 - [MESSAGE][PASSED] - Current window maximized

2021-11-08 13:31:17 - [TEST_STEP][PASSED] - navigateToUrl(RADurl): Navigate to 'https://qa.velocitypayment.com/client/rad/index.html' successfully

2021-11-08 13:31:19 - [MESSAGE][PASSED] - Navigate to 'https://qa.velocitypayment.com/client/rad/index.html' successfully

2021-11-08 13:31:19 - [TEST_STEP][PASSED] - orPath_Landing = "Object Repository/RAD_Pages/Landing_Page": null

2021-11-08 13:31:19 - [TEST_STEP][PASSED] - orPath_TaxTypeFilingYear = "Object Repository/RAD_Pages/TaxTypeFilingYear_Page": null

2021-11-08 13:31:19 - [TEST_STEP][PASSED] - orPath_TaxPayer = "Object Repository/RAD_Pages/Taxpayer_Page": null

2021-11-08 13:31:19 - [TEST_STEP][PASSED] - orPath_AddressContact = "Object Repository/RAD_Pages/AddressAndContactInfo_Page": null

2021-11-08 13:31:19 - [TEST_STEP][PASSED] - orPath_FilingStatus = "Object Repository/RAD_Pages/FilingStatus_Page": null

2021-11-08 13:31:19 - [TEST_STEP][PASSED] - orPath_Amount = "Object Repository/RAD_Pages/PaymentAmount_Page": null

2021-11-08 13:31:19 - [TEST_STEP][PASSED] - orPath_TaxInfo = "Object Repository/RAD_Pages/TaxInfo_Page": null

2021-11-08 13:31:19 - [TEST_STEP][PASSED] - orPath_Withholding = "Object Repository/RAD_Pages/Withholding_Page": null

2021-11-08 13:31:19 - [TEST_STEP][PASSED] - orPath_Summary = "Object Repository/RAD_Pages/Summary_Page": null

2021-11-08 13:31:19 - [TEST_STEP][PASSED] - orPath_PaymentReady = "Object Repository/RAD_Pages/PaymentReady_Page": null

2021-11-08 13:31:19 - [TEST_STEP][PASSED] - orPath_PaymentEntry = "Object Repository/RAD_Pages/PaymentEntry_Page": null

2021-11-08 13:31:19 - [TEST_STEP][PASSED] - orPath_PaymentConfirmation = "Object Repository/RAD_Pages/PaymentConfirmation_Page": null

2021-11-08 13:31:19 - [TEST_STEP][PASSED] - orPath_ServiceFeesAccept = "Object Repository/RAD_Pages/ServiceFeeAccept_Page": null

2021-11-08 13:31:19 - [TEST_STEP][PASSED] - selectOptionByLabel(findTestObject(orPath_Landing + "/dd_TaxType"), Taxtype, false): All options with label 'Existing Liability' are selected in object 'Object Repository/RAD_Pages/Landing_Page/dd_TaxType' 

2021-11-08 13:31:20 - [MESSAGE][PASSED] - All options with label 'Existing Liability' are selected in object 'Object Repository/RAD_Pages/Landing_Page/dd_TaxType' 

2021-11-08 13:31:20 - [TEST_STEP][PASSED] - delay(1): Delayed 1 second(s)

2021-11-08 13:31:21 - [MESSAGE][PASSED] - Delayed 1 second(s)

2021-11-08 13:31:21 - [TEST_STEP][PASSED] - selectOptionByLabel(findTestObject(orPath_TaxTypeFilingYear + "/select_TaxType_ExistingLiability"), TaxTypeEL, false): All options with label 'PTE Tax (LLC)' are selected in object 'Object Repository/RAD_Pages/TaxTypeFilingYear_Page/select_TaxType_ExistingLiability' 

2021-11-08 13:31:21 - [MESSAGE][PASSED] - All options with label 'PTE Tax (LLC)' are selected in object 'Object Repository/RAD_Pages/TaxTypeFilingYear_Page/select_TaxType_ExistingLiability' 

2021-11-08 13:31:21 - [TEST_STEP][PASSED] - selectOptionByLabel(findTestObject(orPath_TaxTypeFilingYear + "/select_FilingYear"), FilingYear, false): All options with label '2019' are selected in object 'Object Repository/RAD_Pages/TaxTypeFilingYear_Page/select_FilingYear' 

2021-11-08 13:31:22 - [MESSAGE][PASSED] - All options with label '2019' are selected in object 'Object Repository/RAD_Pages/TaxTypeFilingYear_Page/select_FilingYear' 

2021-11-08 13:31:22 - [TEST_STEP][PASSED] - setText(findTestObject(orPath_TaxPayer + "/input_firstName"), FName): Text 'Joshua' is set on object 'Object Repository/RAD_Pages/Taxpayer_Page/input_firstName'

2021-11-08 13:31:23 - [MESSAGE][PASSED] - Text 'Joshua' is set on object 'Object Repository/RAD_Pages/Taxpayer_Page/input_firstName'

2021-11-08 13:31:23 - [TEST_STEP][PASSED] - setText(findTestObject(orPath_TaxPayer + "/input_lastName"), LName): Text 'Cook' is set on object 'Object Repository/RAD_Pages/Taxpayer_Page/input_lastName'

2021-11-08 13:31:23 - [MESSAGE][PASSED] - Text 'Cook' is set on object 'Object Repository/RAD_Pages/Taxpayer_Page/input_lastName'

2021-11-08 13:31:23 - [TEST_STEP][PASSED] - setText(findTestObject(orPath_TaxPayer + "/input_middleName"), "Johns"): Text 'Johns' is set on object 'Object Repository/RAD_Pages/Taxpayer_Page/input_middleName'

2021-11-08 13:31:24 - [MESSAGE][PASSED] - Text 'Johns' is set on object 'Object Repository/RAD_Pages/Taxpayer_Page/input_middleName'

2021-11-08 13:31:24 - [TEST_STEP][PASSED] - setText(findTestObject(orPath_TaxPayer + "/input_suffix"), "Sr"): Text 'Sr' is set on object 'Object Repository/RAD_Pages/Taxpayer_Page/input_suffix'

2021-11-08 13:31:25 - [MESSAGE][PASSED] - Text 'Sr' is set on object 'Object Repository/RAD_Pages/Taxpayer_Page/input_suffix'

2021-11-08 13:31:25 - [TEST_STEP][PASSED] - selectOptionByLabel(findTestObject(orPath_AddressContact + "/select_Country"), "United States", false): All options with label 'United States' are selected in object 'Object Repository/RAD_Pages/AddressAndContactInfo_Page/select_Country' 

2021-11-08 13:31:25 - [MESSAGE][PASSED] - All options with label 'United States' are selected in object 'Object Repository/RAD_Pages/AddressAndContactInfo_Page/select_Country' 

2021-11-08 13:31:25 - [TEST_STEP][PASSED] - setText(findTestObject(orPath_AddressContact + "/input_streetAddress1"), AL1): Text '2311 York road' is set on object 'Object Repository/RAD_Pages/AddressAndContactInfo_Page/input_streetAddress1'

2021-11-08 13:31:26 - [MESSAGE][PASSED] - Text '2311 York road' is set on object 'Object Repository/RAD_Pages/AddressAndContactInfo_Page/input_streetAddress1'

2021-11-08 13:31:26 - [TEST_STEP][PASSED] - setText(findTestObject(orPath_AddressContact + "/input_streetAddress2"), ""): Text '' is set on object 'Object Repository/RAD_Pages/AddressAndContactInfo_Page/input_streetAddress2'

2021-11-08 13:31:27 - [MESSAGE][PASSED] - Text '' is set on object 'Object Repository/RAD_Pages/AddressAndContactInfo_Page/input_streetAddress2'

2021-11-08 13:31:27 - [TEST_STEP][PASSED] - setText(findTestObject(orPath_AddressContact + "/input_city"), City): Text 'Gambrills' is set on object 'Object Repository/RAD_Pages/AddressAndContactInfo_Page/input_city'

2021-11-08 13:31:27 - [MESSAGE][PASSED] - Text 'Gambrills' is set on object 'Object Repository/RAD_Pages/AddressAndContactInfo_Page/input_city'

2021-11-08 13:31:27 - [TEST_STEP][PASSED] - selectOptionByLabel(findTestObject(orPath_AddressContact + "/select_State"), "Maryland", false): All options with label 'Maryland' are selected in object 'Object Repository/RAD_Pages/AddressAndContactInfo_Page/select_State' 

2021-11-08 13:31:28 - [MESSAGE][PASSED] - All options with label 'Maryland' are selected in object 'Object Repository/RAD_Pages/AddressAndContactInfo_Page/select_State' 

2021-11-08 13:31:28 - [TEST_STEP][PASSED] - setText(findTestObject(orPath_AddressContact + "/input_zipCode"), ZIP): Text '21054' is set on object 'Object Repository/RAD_Pages/AddressAndContactInfo_Page/input_zipCode'

2021-11-08 13:31:29 - [MESSAGE][PASSED] - Text '21054' is set on object 'Object Repository/RAD_Pages/AddressAndContactInfo_Page/input_zipCode'

2021-11-08 13:31:29 - [TEST_STEP][PASSED] - setText(findTestObject(orPath_AddressContact + "/input_phoneNumber"), "(703) 894-5000"): Text '(703) 894-5000' is set on object 'Object Repository/RAD_Pages/AddressAndContactInfo_Page/input_phoneNumber'

2021-11-08 13:31:29 - [MESSAGE][PASSED] - Text '(703) 894-5000' is set on object 'Object Repository/RAD_Pages/AddressAndContactInfo_Page/input_phoneNumber'

2021-11-08 13:31:29 - [TEST_STEP][PASSED] - setText(findTestObject(orPath_AddressContact + "/input_eMailAddress"), "iahmed@govolution.com"): Text 'iahmed@govolution.com' is set on object 'Object Repository/RAD_Pages/AddressAndContactInfo_Page/input_eMailAddress'

2021-11-08 13:31:30 - [MESSAGE][PASSED] - Text 'iahmed@govolution.com' is set on object 'Object Repository/RAD_Pages/AddressAndContactInfo_Page/input_eMailAddress'

2021-11-08 13:31:30 - [TEST_STEP][PASSED] - setText(findTestObject(orPath_AddressContact + "/input_reEnterEMailAddress"), "iahmed@govolution.com"): Text 'iahmed@govolution.com' is set on object 'Object Repository/RAD_Pages/AddressAndContactInfo_Page/input_reEnterEMailAddress'

2021-11-08 13:31:31 - [MESSAGE][PASSED] - Text 'iahmed@govolution.com' is set on object 'Object Repository/RAD_Pages/AddressAndContactInfo_Page/input_reEnterEMailAddress'

2021-11-08 13:31:31 - [TEST_STEP][PASSED] - if (!(SSN.isEmpty())): Text '123450145' is set on object 'Object Repository/RAD_Pages/TaxInfo_Page/input_TaxInfo_reTaxTypeExisitingSSN'

2021-11-08 13:31:31 - [TEST_STEP][PASSED] - setText(findTestObject(orPath_TaxInfo + "/input_TaxInfo_ExisitingSSN"), SSN): Text '123450145' is set on object 'Object Repository/RAD_Pages/TaxInfo_Page/input_TaxInfo_ExisitingSSN'

2021-11-08 13:31:31 - [MESSAGE][PASSED] - Text '123450145' is set on object 'Object Repository/RAD_Pages/TaxInfo_Page/input_TaxInfo_ExisitingSSN'

2021-11-08 13:31:31 - [TEST_STEP][PASSED] - setText(findTestObject(orPath_TaxInfo + "/input_TaxInfo_reTaxTypeExisitingSSN"), SSN): Text '123450145' is set on object 'Object Repository/RAD_Pages/TaxInfo_Page/input_TaxInfo_reTaxTypeExisitingSSN'

2021-11-08 13:31:32 - [MESSAGE][PASSED] - Text '123450145' is set on object 'Object Repository/RAD_Pages/TaxInfo_Page/input_TaxInfo_reTaxTypeExisitingSSN'

2021-11-08 13:31:32 - [TEST_STEP][PASSED] - scrollToElement(findTestObject(orPath_Amount + "/input__paymentAmount"), 3): Scroll to object 'Object Repository/RAD_Pages/PaymentAmount_Page/input__paymentAmount' successfully

2021-11-08 13:31:32 - [MESSAGE][PASSED] - Scroll to object 'Object Repository/RAD_Pages/PaymentAmount_Page/input__paymentAmount' successfully

2021-11-08 13:31:32 - [TEST_STEP][PASSED] - if (!(FEIN.isEmpty())): null

2021-11-08 13:31:32 - [TEST_STEP][PASSED] - delay(1): Delayed 1 second(s)

2021-11-08 13:31:33 - [MESSAGE][PASSED] - Delayed 1 second(s)

2021-11-08 13:31:33 - [TEST_STEP][PASSED] - setText(findTestObject(orPath_TaxInfo + "/input_NoticeInvoiceNumber"), "258147147"): Text '258147147' is set on object 'Object Repository/RAD_Pages/TaxInfo_Page/input_NoticeInvoiceNumber'

2021-11-08 13:31:34 - [MESSAGE][PASSED] - Text '258147147' is set on object 'Object Repository/RAD_Pages/TaxInfo_Page/input_NoticeInvoiceNumber'

2021-11-08 13:31:34 - [TEST_STEP][PASSED] - setText(findTestObject(orPath_TaxInfo + "/input_reTypeNoticeInvoiceNumber"), "258147147"): Text '258147147' is set on object 'Object Repository/RAD_Pages/TaxInfo_Page/input_reTypeNoticeInvoiceNumber'

2021-11-08 13:31:35 - [MESSAGE][PASSED] - Text '258147147' is set on object 'Object Repository/RAD_Pages/TaxInfo_Page/input_reTypeNoticeInvoiceNumber'

2021-11-08 13:31:35 - [TEST_STEP][PASSED] - if (TaxTypeEL.equalsIgnoreCase("Sales & Use Tax")): null

2021-11-08 13:31:35 - [TEST_STEP][PASSED] - setText(findTestObject(orPath_Amount + "/input__paymentAmount"), Amount): Text '30.50' is set on object 'Object Repository/RAD_Pages/PaymentAmount_Page/input__paymentAmount'

2021-11-08 13:31:36 - [MESSAGE][PASSED] - Text '30.50' is set on object 'Object Repository/RAD_Pages/PaymentAmount_Page/input__paymentAmount'

2021-11-08 13:31:36 - [TEST_STEP][PASSED] - scrollToElement(findTestObject(orPath_Landing + "/button_Continue"), 3): Scroll to object 'Object Repository/RAD_Pages/Landing_Page/button_Continue' successfully

2021-11-08 13:31:36 - [MESSAGE][PASSED] - Scroll to object 'Object Repository/RAD_Pages/Landing_Page/button_Continue' successfully

2021-11-08 13:31:36 - [TEST_STEP][PASSED] - waitForElementClickable(findTestObject(orPath_Landing + "/button_Continue"), 5): Object 'Object Repository/RAD_Pages/Landing_Page/button_Continue' is clickable

2021-11-08 13:31:36 - [MESSAGE][PASSED] - Object 'Object Repository/RAD_Pages/Landing_Page/button_Continue' is clickable

2021-11-08 13:31:36 - [TEST_STEP][PASSED] - click(findTestObject(orPath_Landing + "/button_Continue")): Object: 'Object Repository/RAD_Pages/Landing_Page/button_Continue' is clicked on

2021-11-08 13:31:37 - [MESSAGE][PASSED] - Object: 'Object Repository/RAD_Pages/Landing_Page/button_Continue' is clicked on

2021-11-08 13:31:37 - [TEST_STEP][PASSED] - verifyTextPresent("Review the information below and make any necessary corrections by clicking the", true): Text 'Review the information below and make any necessary corrections by clicking the' is present on page  using regular expression

2021-11-08 13:31:37 - [MESSAGE][PASSED] - Text 'Review the information below and make any necessary corrections by clicking the' is present on page  using regular expression

2021-11-08 13:31:37 - [TEST_STEP][PASSED] - verifyTextPresent("When you are confident that all the information is correct", true): Text 'When you are confident that all the information is correct' is present on page  using regular expression

2021-11-08 13:31:38 - [MESSAGE][PASSED] - Text 'When you are confident that all the information is correct' is present on page  using regular expression

2021-11-08 13:31:38 - [TEST_STEP][PASSED] - delay(1): Delayed 1 second(s)

2021-11-08 13:31:39 - [MESSAGE][PASSED] - Delayed 1 second(s)

2021-11-08 13:31:39 - [TEST_STEP][PASSED] - click(findTestObject(orPath_PaymentReady + "/button_ProceedtoPayment")): Object: 'Object Repository/RAD_Pages/PaymentReady_Page/button_ProceedtoPayment' is clicked on

2021-11-08 13:31:40 - [MESSAGE][PASSED] - Object: 'Object Repository/RAD_Pages/PaymentReady_Page/button_ProceedtoPayment' is clicked on

2021-11-08 13:31:40 - [TEST_STEP][PASSED] - setText(findTestObject(orPath_PaymentEntry + "/input__cardNumber"), CCNumber): Text '5146312200000035' is set on object 'Object Repository/RAD_Pages/PaymentEntry_Page/input__cardNumber'

2021-11-08 13:31:41 - [MESSAGE][PASSED] - Text '5146312200000035' is set on object 'Object Repository/RAD_Pages/PaymentEntry_Page/input__cardNumber'

2021-11-08 13:31:41 - [TEST_STEP][PASSED] - setText(findTestObject(orPath_PaymentEntry + "/input__spc"), CVV): Text '123' is set on object 'Object Repository/RAD_Pages/PaymentEntry_Page/input__spc'

2021-11-08 13:31:42 - [MESSAGE][PASSED] - Text '123' is set on object 'Object Repository/RAD_Pages/PaymentEntry_Page/input__spc'

2021-11-08 13:31:42 - [TEST_STEP][PASSED] - selectOptionByLabel(findTestObject(orPath_PaymentEntry + "/select_MM"), "12", false): All options with label '12' are selected in object 'Object Repository/RAD_Pages/PaymentEntry_Page/select_MM' 

2021-11-08 13:31:43 - [MESSAGE][PASSED] - All options with label '12' are selected in object 'Object Repository/RAD_Pages/PaymentEntry_Page/select_MM' 

2021-11-08 13:31:43 - [TEST_STEP][PASSED] - selectOptionByLabel(findTestObject(orPath_PaymentEntry + "/select_YYYY"), "2023", false): All options with label '2023' are selected in object 'Object Repository/RAD_Pages/PaymentEntry_Page/select_YYYY' 

2021-11-08 13:31:43 - [MESSAGE][PASSED] - All options with label '2023' are selected in object 'Object Repository/RAD_Pages/PaymentEntry_Page/select_YYYY' 

2021-11-08 13:31:43 - [TEST_STEP][PASSED] - click(findTestObject(orPath_PaymentEntry + "/input_Field_ccSubmit")): Object: 'Object Repository/RAD_Pages/PaymentEntry_Page/input_Field_ccSubmit' is clicked on

2021-11-08 13:31:44 - [MESSAGE][PASSED] - Object: 'Object Repository/RAD_Pages/PaymentEntry_Page/input_Field_ccSubmit' is clicked on

2021-11-08 13:31:44 - [TEST_STEP][PASSED] - click(findTestObject(orPath_PaymentConfirmation + "/input_N_confirmNotifyAction")): Object: 'Object Repository/RAD_Pages/PaymentConfirmation_Page/input_N_confirmNotifyAction' is clicked on

2021-11-08 13:31:46 - [MESSAGE][PASSED] - Object: 'Object Repository/RAD_Pages/PaymentConfirmation_Page/input_N_confirmNotifyAction' is clicked on

2021-11-08 13:31:46 - [TEST_STEP][PASSED] - click(findTestObject(orPath_ServiceFeesAccept + "/input_convFeeNotifyAction")): Object: 'Object Repository/RAD_Pages/ServiceFeeAccept_Page/input_convFeeNotifyAction' is clicked on

2021-11-08 13:31:47 - [MESSAGE][PASSED] - Object: 'Object Repository/RAD_Pages/ServiceFeeAccept_Page/input_convFeeNotifyAction' is clicked on

2021-11-08 13:31:47 - [TEST_STEP][PASSED] - delay(10): Delayed 10 second(s)

2021-11-08 13:31:57 - [MESSAGE][PASSED] - Delayed 10 second(s)

2021-11-08 13:31:57 - [TEST_STEP][PASSED] - verifyTextPresent("Successful Payment Receipt", true): Text 'Successful Payment Receipt' is present on page  using regular expression

2021-11-08 13:31:58 - [MESSAGE][PASSED] - Text 'Successful Payment Receipt' is present on page  using regular expression

2021-11-08 13:31:58 - [TEST_STEP][PASSED] - if (verifyTextPresent("Successful Payment Receipt", true)): null

2021-11-08 13:31:58 - [MESSAGE][PASSED] - Text 'Successful Payment Receipt' is present on page  using regular expression

2021-11-08 13:31:58 - [TEST_STEP][PASSED] - println("Transaction was Successful"): null

2021-11-08 13:31:58 - [TEST_STEP][PASSED] - out.println("Pass Record Number: " + row): null

2021-11-08 13:31:58 - [TEST_STEP][PASSED] - resText = "Pass": null

2021-11-08 13:31:58 - [TEST_STEP][PASSED] - pages.WriteExcel.demoKey(resText, datText, resColumn, datCloumn, fileLoc, nameSheet, row): pages.WriteExcel.demoKey is PASSED

2021-11-08 13:31:58 - [MESSAGE][PASSED] - pages.WriteExcel.demoKey is PASSED

2021-11-08 13:31:58 - [TEST_STEP][PASSED] - ExecuteTC = findTestData(dataFile).getValue("Execute", row): null

2021-11-08 13:31:58 - [TEST_STEP][PASSED] - Taxtype = findTestData(dataFile).getValue("TaxType", row): null

2021-11-08 13:31:58 - [TEST_STEP][PASSED] - TaxTypeEL = findTestData(dataFile).getValue("TaxTypeEL", row): null

2021-11-08 13:31:58 - [TEST_STEP][PASSED] - FilingYear = findTestData(dataFile).getValue("FilingYear", row): null

2021-11-08 13:31:58 - [TEST_STEP][PASSED] - FName = findTestData(dataFile).getValue("Fname", row): null

2021-11-08 13:31:58 - [TEST_STEP][PASSED] - LName = findTestData(dataFile).getValue("Lname", row): null

2021-11-08 13:31:58 - [TEST_STEP][PASSED] - AL1 = findTestData(dataFile).getValue("AL1", row): null

2021-11-08 13:31:58 - [TEST_STEP][PASSED] - City = findTestData(dataFile).getValue("City", row): null

2021-11-08 13:31:58 - [TEST_STEP][PASSED] - ZIP = findTestData(dataFile).getValue("ZIP", row): null

2021-11-08 13:31:58 - [TEST_STEP][PASSED] - Amount = findTestData(dataFile).getValue("Amount", row): null

2021-11-08 13:31:58 - [TEST_STEP][PASSED] - CCNumber = findTestData(dataFile).getValue("CCNumber", row): null

2021-11-08 13:31:58 - [TEST_STEP][PASSED] - CVV = findTestData(dataFile).getValue("CVV", row): null

2021-11-08 13:31:58 - [TEST_STEP][PASSED] - SSN = findTestData(dataFile).getValue("SSN", row): null

2021-11-08 13:31:58 - [TEST_STEP][PASSED] - FEIN = findTestData(dataFile).getValue("FEIN", row): null

2021-11-08 13:31:58 - [TEST_STEP][PASSED] - out.println("Value of Execute is : " + ExecuteTC): null

2021-11-08 13:31:58 - [TEST_STEP][PASSED] - if (ExecuteTC.equalsIgnoreCase("Y")): null

2021-11-08 13:31:58 - [TEST_STEP][PASSED] - out.println("Begin Record Number: " + row): null

2021-11-08 13:31:58 - [TEST_STEP][PASSED] - today = new java.util.Date(): null

2021-11-08 13:31:58 - [TEST_STEP][PASSED] - println(today): null

2021-11-08 13:31:58 - [TEST_STEP][PASSED] - datText = today: null

2021-11-08 13:31:58 - [TEST_STEP][PASSED] - Taxtype = findTestData(dataFile).getValue("TaxType", row): null

2021-11-08 13:31:58 - [TEST_STEP][PASSED] - out.println("Taxtype value is : " + Taxtype): null

2021-11-08 13:31:58 - [TEST_STEP][PASSED] - openBrowser(""): Browser is opened with url: ''

2021-11-08 13:31:58 - [MESSAGE][WARNING] - A browser is already opened. Closing browser and opening a new one

2021-11-08 13:31:59 - [MESSAGE][INFO] - Starting 'Chrome' driver

2021-11-08 13:31:59 - [MESSAGE][INFO] - User set preference: ['acceptInsecureCerts', 'true']

2021-11-08 13:31:59 - [MESSAGE][INFO] - Action delay is set to 0 milliseconds

2021-11-08 13:32:01 - [MESSAGE][PASSED] - Browser is opened with url: ''

2021-11-08 13:32:01 - [TEST_STEP][PASSED] - maximizeWindow(): Current window maximized

2021-11-08 13:32:01 - [MESSAGE][PASSED] - Current window maximized

2021-11-08 13:32:01 - [TEST_STEP][PASSED] - navigateToUrl(RADurl): Navigate to 'https://qa.velocitypayment.com/client/rad/index.html' successfully

2021-11-08 13:32:03 - [MESSAGE][PASSED] - Navigate to 'https://qa.velocitypayment.com/client/rad/index.html' successfully

2021-11-08 13:32:03 - [TEST_STEP][PASSED] - orPath_Landing = "Object Repository/RAD_Pages/Landing_Page": null

2021-11-08 13:32:03 - [TEST_STEP][PASSED] - orPath_TaxTypeFilingYear = "Object Repository/RAD_Pages/TaxTypeFilingYear_Page": null

2021-11-08 13:32:03 - [TEST_STEP][PASSED] - orPath_TaxPayer = "Object Repository/RAD_Pages/Taxpayer_Page": null

2021-11-08 13:32:03 - [TEST_STEP][PASSED] - orPath_AddressContact = "Object Repository/RAD_Pages/AddressAndContactInfo_Page": null

2021-11-08 13:32:03 - [TEST_STEP][PASSED] - orPath_FilingStatus = "Object Repository/RAD_Pages/FilingStatus_Page": null

2021-11-08 13:32:03 - [TEST_STEP][PASSED] - orPath_Amount = "Object Repository/RAD_Pages/PaymentAmount_Page": null

2021-11-08 13:32:03 - [TEST_STEP][PASSED] - orPath_TaxInfo = "Object Repository/RAD_Pages/TaxInfo_Page": null

2021-11-08 13:32:03 - [TEST_STEP][PASSED] - orPath_Withholding = "Object Repository/RAD_Pages/Withholding_Page": null

2021-11-08 13:32:03 - [TEST_STEP][PASSED] - orPath_Summary = "Object Repository/RAD_Pages/Summary_Page": null

2021-11-08 13:32:03 - [TEST_STEP][PASSED] - orPath_PaymentReady = "Object Repository/RAD_Pages/PaymentReady_Page": null

2021-11-08 13:32:03 - [TEST_STEP][PASSED] - orPath_PaymentEntry = "Object Repository/RAD_Pages/PaymentEntry_Page": null

2021-11-08 13:32:03 - [TEST_STEP][PASSED] - orPath_PaymentConfirmation = "Object Repository/RAD_Pages/PaymentConfirmation_Page": null

2021-11-08 13:32:03 - [TEST_STEP][PASSED] - orPath_ServiceFeesAccept = "Object Repository/RAD_Pages/ServiceFeeAccept_Page": null

2021-11-08 13:32:03 - [TEST_STEP][PASSED] - selectOptionByLabel(findTestObject(orPath_Landing + "/dd_TaxType"), Taxtype, false): All options with label 'Existing Liability' are selected in object 'Object Repository/RAD_Pages/Landing_Page/dd_TaxType' 

2021-11-08 13:32:03 - [MESSAGE][PASSED] - All options with label 'Existing Liability' are selected in object 'Object Repository/RAD_Pages/Landing_Page/dd_TaxType' 

2021-11-08 13:32:03 - [TEST_STEP][PASSED] - delay(1): Delayed 1 second(s)

2021-11-08 13:32:04 - [MESSAGE][PASSED] - Delayed 1 second(s)

2021-11-08 13:32:04 - [TEST_STEP][PASSED] - selectOptionByLabel(findTestObject(orPath_TaxTypeFilingYear + "/select_TaxType_ExistingLiability"), TaxTypeEL, false): All options with label 'PTE Tax (LLC)' are selected in object 'Object Repository/RAD_Pages/TaxTypeFilingYear_Page/select_TaxType_ExistingLiability' 

2021-11-08 13:32:05 - [MESSAGE][PASSED] - All options with label 'PTE Tax (LLC)' are selected in object 'Object Repository/RAD_Pages/TaxTypeFilingYear_Page/select_TaxType_ExistingLiability' 

2021-11-08 13:32:05 - [TEST_STEP][PASSED] - selectOptionByLabel(findTestObject(orPath_TaxTypeFilingYear + "/select_FilingYear"), FilingYear, false): All options with label '2019' are selected in object 'Object Repository/RAD_Pages/TaxTypeFilingYear_Page/select_FilingYear' 

2021-11-08 13:32:06 - [MESSAGE][PASSED] - All options with label '2019' are selected in object 'Object Repository/RAD_Pages/TaxTypeFilingYear_Page/select_FilingYear' 

2021-11-08 13:32:06 - [TEST_STEP][PASSED] - setText(findTestObject(orPath_TaxPayer + "/input_firstName"), FName): Text 'Joshua' is set on object 'Object Repository/RAD_Pages/Taxpayer_Page/input_firstName'

2021-11-08 13:32:06 - [MESSAGE][PASSED] - Text 'Joshua' is set on object 'Object Repository/RAD_Pages/Taxpayer_Page/input_firstName'

2021-11-08 13:32:06 - [TEST_STEP][PASSED] - setText(findTestObject(orPath_TaxPayer + "/input_lastName"), LName): Text 'Cook' is set on object 'Object Repository/RAD_Pages/Taxpayer_Page/input_lastName'

2021-11-08 13:32:07 - [MESSAGE][PASSED] - Text 'Cook' is set on object 'Object Repository/RAD_Pages/Taxpayer_Page/input_lastName'

2021-11-08 13:32:07 - [TEST_STEP][PASSED] - setText(findTestObject(orPath_TaxPayer + "/input_middleName"), "Johns"): Text 'Johns' is set on object 'Object Repository/RAD_Pages/Taxpayer_Page/input_middleName'

2021-11-08 13:32:08 - [MESSAGE][PASSED] - Text 'Johns' is set on object 'Object Repository/RAD_Pages/Taxpayer_Page/input_middleName'

2021-11-08 13:32:08 - [TEST_STEP][PASSED] - setText(findTestObject(orPath_TaxPayer + "/input_suffix"), "Sr"): Text 'Sr' is set on object 'Object Repository/RAD_Pages/Taxpayer_Page/input_suffix'

2021-11-08 13:32:08 - [MESSAGE][PASSED] - Text 'Sr' is set on object 'Object Repository/RAD_Pages/Taxpayer_Page/input_suffix'

2021-11-08 13:32:08 - [TEST_STEP][PASSED] - selectOptionByLabel(findTestObject(orPath_AddressContact + "/select_Country"), "United States", false): All options with label 'United States' are selected in object 'Object Repository/RAD_Pages/AddressAndContactInfo_Page/select_Country' 

2021-11-08 13:32:09 - [MESSAGE][PASSED] - All options with label 'United States' are selected in object 'Object Repository/RAD_Pages/AddressAndContactInfo_Page/select_Country' 

2021-11-08 13:32:09 - [TEST_STEP][PASSED] - setText(findTestObject(orPath_AddressContact + "/input_streetAddress1"), AL1): Text '2311 York road' is set on object 'Object Repository/RAD_Pages/AddressAndContactInfo_Page/input_streetAddress1'

2021-11-08 13:32:10 - [MESSAGE][PASSED] - Text '2311 York road' is set on object 'Object Repository/RAD_Pages/AddressAndContactInfo_Page/input_streetAddress1'

2021-11-08 13:32:10 - [TEST_STEP][PASSED] - setText(findTestObject(orPath_AddressContact + "/input_streetAddress2"), ""): Text '' is set on object 'Object Repository/RAD_Pages/AddressAndContactInfo_Page/input_streetAddress2'

2021-11-08 13:32:10 - [MESSAGE][PASSED] - Text '' is set on object 'Object Repository/RAD_Pages/AddressAndContactInfo_Page/input_streetAddress2'

2021-11-08 13:32:10 - [TEST_STEP][PASSED] - setText(findTestObject(orPath_AddressContact + "/input_city"), City): Text 'Gambrills' is set on object 'Object Repository/RAD_Pages/AddressAndContactInfo_Page/input_city'

2021-11-08 13:32:11 - [MESSAGE][PASSED] - Text 'Gambrills' is set on object 'Object Repository/RAD_Pages/AddressAndContactInfo_Page/input_city'

2021-11-08 13:32:11 - [TEST_STEP][PASSED] - selectOptionByLabel(findTestObject(orPath_AddressContact + "/select_State"), "Maryland", false): All options with label 'Maryland' are selected in object 'Object Repository/RAD_Pages/AddressAndContactInfo_Page/select_State' 

2021-11-08 13:32:11 - [MESSAGE][PASSED] - All options with label 'Maryland' are selected in object 'Object Repository/RAD_Pages/AddressAndContactInfo_Page/select_State' 

2021-11-08 13:32:11 - [TEST_STEP][PASSED] - setText(findTestObject(orPath_AddressContact + "/input_zipCode"), ZIP): Text '21054' is set on object 'Object Repository/RAD_Pages/AddressAndContactInfo_Page/input_zipCode'

2021-11-08 13:32:12 - [MESSAGE][PASSED] - Text '21054' is set on object 'Object Repository/RAD_Pages/AddressAndContactInfo_Page/input_zipCode'

2021-11-08 13:32:12 - [TEST_STEP][PASSED] - setText(findTestObject(orPath_AddressContact + "/input_phoneNumber"), "(703) 894-5000"): Text '(703) 894-5000' is set on object 'Object Repository/RAD_Pages/AddressAndContactInfo_Page/input_phoneNumber'

2021-11-08 13:32:13 - [MESSAGE][PASSED] - Text '(703) 894-5000' is set on object 'Object Repository/RAD_Pages/AddressAndContactInfo_Page/input_phoneNumber'

2021-11-08 13:32:13 - [TEST_STEP][PASSED] - setText(findTestObject(orPath_AddressContact + "/input_eMailAddress"), "iahmed@govolution.com"): Text 'iahmed@govolution.com' is set on object 'Object Repository/RAD_Pages/AddressAndContactInfo_Page/input_eMailAddress'

2021-11-08 13:32:13 - [MESSAGE][PASSED] - Text 'iahmed@govolution.com' is set on object 'Object Repository/RAD_Pages/AddressAndContactInfo_Page/input_eMailAddress'

2021-11-08 13:32:13 - [TEST_STEP][PASSED] - setText(findTestObject(orPath_AddressContact + "/input_reEnterEMailAddress"), "iahmed@govolution.com"): Text 'iahmed@govolution.com' is set on object 'Object Repository/RAD_Pages/AddressAndContactInfo_Page/input_reEnterEMailAddress'

2021-11-08 13:32:14 - [MESSAGE][PASSED] - Text 'iahmed@govolution.com' is set on object 'Object Repository/RAD_Pages/AddressAndContactInfo_Page/input_reEnterEMailAddress'

2021-11-08 13:32:14 - [TEST_STEP][PASSED] - if (!(SSN.isEmpty())): null

2021-11-08 13:32:14 - [TEST_STEP][PASSED] - scrollToElement(findTestObject(orPath_Amount + "/input__paymentAmount"), 3): Scroll to object 'Object Repository/RAD_Pages/PaymentAmount_Page/input__paymentAmount' successfully

2021-11-08 13:32:15 - [MESSAGE][PASSED] - Scroll to object 'Object Repository/RAD_Pages/PaymentAmount_Page/input__paymentAmount' successfully

2021-11-08 13:32:15 - [TEST_STEP][PASSED] - if (!(FEIN.isEmpty())): Text '258369263' is set on object 'Object Repository/RAD_Pages/TaxInfo_Page/input_ReTypeFEIN'

2021-11-08 13:32:15 - [TEST_STEP][PASSED] - setText(findTestObject(orPath_TaxInfo + "/input_FEIN"), FEIN): Text '258369263' is set on object 'Object Repository/RAD_Pages/TaxInfo_Page/input_FEIN'

2021-11-08 13:32:15 - [MESSAGE][PASSED] - Text '258369263' is set on object 'Object Repository/RAD_Pages/TaxInfo_Page/input_FEIN'

2021-11-08 13:32:15 - [TEST_STEP][PASSED] - setText(findTestObject(orPath_TaxInfo + "/input_ReTypeFEIN"), FEIN): Text '258369263' is set on object 'Object Repository/RAD_Pages/TaxInfo_Page/input_ReTypeFEIN'

2021-11-08 13:32:16 - [MESSAGE][PASSED] - Text '258369263' is set on object 'Object Repository/RAD_Pages/TaxInfo_Page/input_ReTypeFEIN'

2021-11-08 13:32:16 - [TEST_STEP][PASSED] - delay(1): Delayed 1 second(s)

2021-11-08 13:32:17 - [MESSAGE][PASSED] - Delayed 1 second(s)

2021-11-08 13:32:17 - [TEST_STEP][PASSED] - setText(findTestObject(orPath_TaxInfo + "/input_NoticeInvoiceNumber"), "258147147"): Text '258147147' is set on object 'Object Repository/RAD_Pages/TaxInfo_Page/input_NoticeInvoiceNumber'

2021-11-08 13:32:18 - [MESSAGE][PASSED] - Text '258147147' is set on object 'Object Repository/RAD_Pages/TaxInfo_Page/input_NoticeInvoiceNumber'

2021-11-08 13:32:18 - [TEST_STEP][PASSED] - setText(findTestObject(orPath_TaxInfo + "/input_reTypeNoticeInvoiceNumber"), "258147147"): Text '258147147' is set on object 'Object Repository/RAD_Pages/TaxInfo_Page/input_reTypeNoticeInvoiceNumber'

2021-11-08 13:32:19 - [MESSAGE][PASSED] - Text '258147147' is set on object 'Object Repository/RAD_Pages/TaxInfo_Page/input_reTypeNoticeInvoiceNumber'

2021-11-08 13:32:19 - [TEST_STEP][PASSED] - if (TaxTypeEL.equalsIgnoreCase("Sales & Use Tax")): null

2021-11-08 13:32:19 - [TEST_STEP][PASSED] - setText(findTestObject(orPath_Amount + "/input__paymentAmount"), Amount): Text '30.50' is set on object 'Object Repository/RAD_Pages/PaymentAmount_Page/input__paymentAmount'

2021-11-08 13:32:19 - [MESSAGE][PASSED] - Text '30.50' is set on object 'Object Repository/RAD_Pages/PaymentAmount_Page/input__paymentAmount'

2021-11-08 13:32:19 - [TEST_STEP][PASSED] - scrollToElement(findTestObject(orPath_Landing + "/button_Continue"), 3): Scroll to object 'Object Repository/RAD_Pages/Landing_Page/button_Continue' successfully

2021-11-08 13:32:20 - [MESSAGE][PASSED] - Scroll to object 'Object Repository/RAD_Pages/Landing_Page/button_Continue' successfully

2021-11-08 13:32:20 - [TEST_STEP][PASSED] - waitForElementClickable(findTestObject(orPath_Landing + "/button_Continue"), 5): Object 'Object Repository/RAD_Pages/Landing_Page/button_Continue' is clickable

2021-11-08 13:32:20 - [MESSAGE][PASSED] - Object 'Object Repository/RAD_Pages/Landing_Page/button_Continue' is clickable

2021-11-08 13:32:20 - [TEST_STEP][PASSED] - click(findTestObject(orPath_Landing + "/button_Continue")): Object: 'Object Repository/RAD_Pages/Landing_Page/button_Continue' is clicked on

2021-11-08 13:32:20 - [MESSAGE][PASSED] - Object: 'Object Repository/RAD_Pages/Landing_Page/button_Continue' is clicked on

2021-11-08 13:32:20 - [TEST_STEP][PASSED] - verifyTextPresent("Review the information below and make any necessary corrections by clicking the", true): Text 'Review the information below and make any necessary corrections by clicking the' is present on page  using regular expression

2021-11-08 13:32:21 - [MESSAGE][PASSED] - Text 'Review the information below and make any necessary corrections by clicking the' is present on page  using regular expression

2021-11-08 13:32:21 - [TEST_STEP][PASSED] - verifyTextPresent("When you are confident that all the information is correct", true): Text 'When you are confident that all the information is correct' is present on page  using regular expression

2021-11-08 13:32:21 - [MESSAGE][PASSED] - Text 'When you are confident that all the information is correct' is present on page  using regular expression

2021-11-08 13:32:21 - [TEST_STEP][PASSED] - delay(1): Delayed 1 second(s)

2021-11-08 13:32:22 - [MESSAGE][PASSED] - Delayed 1 second(s)

2021-11-08 13:32:22 - [TEST_STEP][PASSED] - click(findTestObject(orPath_PaymentReady + "/button_ProceedtoPayment")): Object: 'Object Repository/RAD_Pages/PaymentReady_Page/button_ProceedtoPayment' is clicked on

2021-11-08 13:32:24 - [MESSAGE][PASSED] - Object: 'Object Repository/RAD_Pages/PaymentReady_Page/button_ProceedtoPayment' is clicked on

2021-11-08 13:32:24 - [TEST_STEP][PASSED] - setText(findTestObject(orPath_PaymentEntry + "/input__cardNumber"), CCNumber): Text '5146312200000035' is set on object 'Object Repository/RAD_Pages/PaymentEntry_Page/input__cardNumber'

2021-11-08 13:32:25 - [MESSAGE][PASSED] - Text '5146312200000035' is set on object 'Object Repository/RAD_Pages/PaymentEntry_Page/input__cardNumber'

2021-11-08 13:32:25 - [TEST_STEP][PASSED] - setText(findTestObject(orPath_PaymentEntry + "/input__spc"), CVV): Text '123' is set on object 'Object Repository/RAD_Pages/PaymentEntry_Page/input__spc'

2021-11-08 13:32:26 - [MESSAGE][PASSED] - Text '123' is set on object 'Object Repository/RAD_Pages/PaymentEntry_Page/input__spc'

2021-11-08 13:32:26 - [TEST_STEP][PASSED] - selectOptionByLabel(findTestObject(orPath_PaymentEntry + "/select_MM"), "12", false): All options with label '12' are selected in object 'Object Repository/RAD_Pages/PaymentEntry_Page/select_MM' 

2021-11-08 13:32:27 - [MESSAGE][PASSED] - All options with label '12' are selected in object 'Object Repository/RAD_Pages/PaymentEntry_Page/select_MM' 

2021-11-08 13:32:27 - [TEST_STEP][PASSED] - selectOptionByLabel(findTestObject(orPath_PaymentEntry + "/select_YYYY"), "2023", false): All options with label '2023' are selected in object 'Object Repository/RAD_Pages/PaymentEntry_Page/select_YYYY' 

2021-11-08 13:32:27 - [MESSAGE][PASSED] - All options with label '2023' are selected in object 'Object Repository/RAD_Pages/PaymentEntry_Page/select_YYYY' 

2021-11-08 13:32:27 - [TEST_STEP][PASSED] - click(findTestObject(orPath_PaymentEntry + "/input_Field_ccSubmit")): Object: 'Object Repository/RAD_Pages/PaymentEntry_Page/input_Field_ccSubmit' is clicked on

2021-11-08 13:32:28 - [MESSAGE][PASSED] - Object: 'Object Repository/RAD_Pages/PaymentEntry_Page/input_Field_ccSubmit' is clicked on

2021-11-08 13:32:28 - [TEST_STEP][PASSED] - click(findTestObject(orPath_PaymentConfirmation + "/input_N_confirmNotifyAction")): Object: 'Object Repository/RAD_Pages/PaymentConfirmation_Page/input_N_confirmNotifyAction' is clicked on

2021-11-08 13:32:30 - [MESSAGE][PASSED] - Object: 'Object Repository/RAD_Pages/PaymentConfirmation_Page/input_N_confirmNotifyAction' is clicked on

2021-11-08 13:32:30 - [TEST_STEP][PASSED] - click(findTestObject(orPath_ServiceFeesAccept + "/input_convFeeNotifyAction")): Object: 'Object Repository/RAD_Pages/ServiceFeeAccept_Page/input_convFeeNotifyAction' is clicked on

2021-11-08 13:32:31 - [MESSAGE][PASSED] - Object: 'Object Repository/RAD_Pages/ServiceFeeAccept_Page/input_convFeeNotifyAction' is clicked on

2021-11-08 13:32:31 - [TEST_STEP][PASSED] - delay(10): Delayed 10 second(s)

2021-11-08 13:32:41 - [MESSAGE][PASSED] - Delayed 10 second(s)

2021-11-08 13:32:41 - [TEST_STEP][PASSED] - verifyTextPresent("Successful Payment Receipt", true): Text 'Successful Payment Receipt' is present on page  using regular expression

2021-11-08 13:32:42 - [MESSAGE][PASSED] - Text 'Successful Payment Receipt' is present on page  using regular expression

2021-11-08 13:32:42 - [TEST_STEP][PASSED] - if (verifyTextPresent("Successful Payment Receipt", true)): null

2021-11-08 13:32:42 - [MESSAGE][PASSED] - Text 'Successful Payment Receipt' is present on page  using regular expression

2021-11-08 13:32:42 - [TEST_STEP][PASSED] - println("Transaction was Successful"): null

2021-11-08 13:32:42 - [TEST_STEP][PASSED] - out.println("Pass Record Number: " + row): null

2021-11-08 13:32:42 - [TEST_STEP][PASSED] - resText = "Pass": null

2021-11-08 13:32:42 - [TEST_STEP][PASSED] - pages.WriteExcel.demoKey(resText, datText, resColumn, datCloumn, fileLoc, nameSheet, row): pages.WriteExcel.demoKey is PASSED

2021-11-08 13:32:42 - [MESSAGE][PASSED] - pages.WriteExcel.demoKey is PASSED

2021-11-08 13:32:42 - [TEST_STEP][PASSED] - ExecuteTC = findTestData(dataFile).getValue("Execute", row): null

2021-11-08 13:32:42 - [TEST_STEP][PASSED] - Taxtype = findTestData(dataFile).getValue("TaxType", row): null

2021-11-08 13:32:42 - [TEST_STEP][PASSED] - TaxTypeEL = findTestData(dataFile).getValue("TaxTypeEL", row): null

2021-11-08 13:32:42 - [TEST_STEP][PASSED] - FilingYear = findTestData(dataFile).getValue("FilingYear", row): null

2021-11-08 13:32:42 - [TEST_STEP][PASSED] - FName = findTestData(dataFile).getValue("Fname", row): null

2021-11-08 13:32:42 - [TEST_STEP][PASSED] - LName = findTestData(dataFile).getValue("Lname", row): null

2021-11-08 13:32:42 - [TEST_STEP][PASSED] - AL1 = findTestData(dataFile).getValue("AL1", row): null

2021-11-08 13:32:42 - [TEST_STEP][PASSED] - City = findTestData(dataFile).getValue("City", row): null

2021-11-08 13:32:42 - [TEST_STEP][PASSED] - ZIP = findTestData(dataFile).getValue("ZIP", row): null

2021-11-08 13:32:42 - [TEST_STEP][PASSED] - Amount = findTestData(dataFile).getValue("Amount", row): null

2021-11-08 13:32:42 - [TEST_STEP][PASSED] - CCNumber = findTestData(dataFile).getValue("CCNumber", row): null

2021-11-08 13:32:42 - [TEST_STEP][PASSED] - CVV = findTestData(dataFile).getValue("CVV", row): null

2021-11-08 13:32:42 - [TEST_STEP][PASSED] - SSN = findTestData(dataFile).getValue("SSN", row): null

2021-11-08 13:32:42 - [TEST_STEP][PASSED] - FEIN = findTestData(dataFile).getValue("FEIN", row): null

2021-11-08 13:32:42 - [TEST_STEP][PASSED] - out.println("Value of Execute is : " + ExecuteTC): null

2021-11-08 13:32:42 - [TEST_STEP][PASSED] - if (ExecuteTC.equalsIgnoreCase("Y")): null

2021-11-08 13:32:42 - [TEST_STEP][PASSED] - out.println("Begin Record Number: " + row): null

2021-11-08 13:32:42 - [TEST_STEP][PASSED] - today = new java.util.Date(): null

2021-11-08 13:32:42 - [TEST_STEP][PASSED] - println(today): null

2021-11-08 13:32:42 - [TEST_STEP][PASSED] - datText = today: null

2021-11-08 13:32:42 - [TEST_STEP][PASSED] - Taxtype = findTestData(dataFile).getValue("TaxType", row): null

2021-11-08 13:32:42 - [TEST_STEP][PASSED] - out.println("Taxtype value is : " + Taxtype): null

2021-11-08 13:32:42 - [TEST_STEP][PASSED] - openBrowser(""): Browser is opened with url: ''

2021-11-08 13:32:42 - [MESSAGE][WARNING] - A browser is already opened. Closing browser and opening a new one

2021-11-08 13:32:43 - [MESSAGE][INFO] - Starting 'Chrome' driver

2021-11-08 13:32:43 - [MESSAGE][INFO] - User set preference: ['acceptInsecureCerts', 'true']

2021-11-08 13:32:43 - [MESSAGE][INFO] - Action delay is set to 0 milliseconds

2021-11-08 13:32:45 - [MESSAGE][PASSED] - Browser is opened with url: ''

2021-11-08 13:32:45 - [TEST_STEP][PASSED] - maximizeWindow(): Current window maximized

2021-11-08 13:32:45 - [MESSAGE][PASSED] - Current window maximized

2021-11-08 13:32:45 - [TEST_STEP][PASSED] - navigateToUrl(RADurl): Navigate to 'https://qa.velocitypayment.com/client/rad/index.html' successfully

2021-11-08 13:32:47 - [MESSAGE][PASSED] - Navigate to 'https://qa.velocitypayment.com/client/rad/index.html' successfully

2021-11-08 13:32:47 - [TEST_STEP][PASSED] - orPath_Landing = "Object Repository/RAD_Pages/Landing_Page": null

2021-11-08 13:32:47 - [TEST_STEP][PASSED] - orPath_TaxTypeFilingYear = "Object Repository/RAD_Pages/TaxTypeFilingYear_Page": null

2021-11-08 13:32:47 - [TEST_STEP][PASSED] - orPath_TaxPayer = "Object Repository/RAD_Pages/Taxpayer_Page": null

2021-11-08 13:32:47 - [TEST_STEP][PASSED] - orPath_AddressContact = "Object Repository/RAD_Pages/AddressAndContactInfo_Page": null

2021-11-08 13:32:47 - [TEST_STEP][PASSED] - orPath_FilingStatus = "Object Repository/RAD_Pages/FilingStatus_Page": null

2021-11-08 13:32:47 - [TEST_STEP][PASSED] - orPath_Amount = "Object Repository/RAD_Pages/PaymentAmount_Page": null

2021-11-08 13:32:47 - [TEST_STEP][PASSED] - orPath_TaxInfo = "Object Repository/RAD_Pages/TaxInfo_Page": null

2021-11-08 13:32:47 - [TEST_STEP][PASSED] - orPath_Withholding = "Object Repository/RAD_Pages/Withholding_Page": null

2021-11-08 13:32:47 - [TEST_STEP][PASSED] - orPath_Summary = "Object Repository/RAD_Pages/Summary_Page": null

2021-11-08 13:32:47 - [TEST_STEP][PASSED] - orPath_PaymentReady = "Object Repository/RAD_Pages/PaymentReady_Page": null

2021-11-08 13:32:47 - [TEST_STEP][PASSED] - orPath_PaymentEntry = "Object Repository/RAD_Pages/PaymentEntry_Page": null

2021-11-08 13:32:47 - [TEST_STEP][PASSED] - orPath_PaymentConfirmation = "Object Repository/RAD_Pages/PaymentConfirmation_Page": null

2021-11-08 13:32:47 - [TEST_STEP][PASSED] - orPath_ServiceFeesAccept = "Object Repository/RAD_Pages/ServiceFeeAccept_Page": null

2021-11-08 13:32:47 - [TEST_STEP][PASSED] - selectOptionByLabel(findTestObject(orPath_Landing + "/dd_TaxType"), Taxtype, false): All options with label 'Existing Liability' are selected in object 'Object Repository/RAD_Pages/Landing_Page/dd_TaxType' 

2021-11-08 13:32:47 - [MESSAGE][PASSED] - All options with label 'Existing Liability' are selected in object 'Object Repository/RAD_Pages/Landing_Page/dd_TaxType' 

2021-11-08 13:32:47 - [TEST_STEP][PASSED] - delay(1): Delayed 1 second(s)

2021-11-08 13:32:48 - [MESSAGE][PASSED] - Delayed 1 second(s)

2021-11-08 13:32:48 - [TEST_STEP][PASSED] - selectOptionByLabel(findTestObject(orPath_TaxTypeFilingYear + "/select_TaxType_ExistingLiability"), TaxTypeEL, false): All options with label 'PTE Tax (SCorp)' are selected in object 'Object Repository/RAD_Pages/TaxTypeFilingYear_Page/select_TaxType_ExistingLiability' 

2021-11-08 13:32:49 - [MESSAGE][PASSED] - All options with label 'PTE Tax (SCorp)' are selected in object 'Object Repository/RAD_Pages/TaxTypeFilingYear_Page/select_TaxType_ExistingLiability' 

2021-11-08 13:32:49 - [TEST_STEP][PASSED] - selectOptionByLabel(findTestObject(orPath_TaxTypeFilingYear + "/select_FilingYear"), FilingYear, false): All options with label '2019' are selected in object 'Object Repository/RAD_Pages/TaxTypeFilingYear_Page/select_FilingYear' 

2021-11-08 13:32:50 - [MESSAGE][PASSED] - All options with label '2019' are selected in object 'Object Repository/RAD_Pages/TaxTypeFilingYear_Page/select_FilingYear' 

2021-11-08 13:32:50 - [TEST_STEP][PASSED] - setText(findTestObject(orPath_TaxPayer + "/input_firstName"), FName): Text 'Robin' is set on object 'Object Repository/RAD_Pages/Taxpayer_Page/input_firstName'

2021-11-08 13:32:50 - [MESSAGE][PASSED] - Text 'Robin' is set on object 'Object Repository/RAD_Pages/Taxpayer_Page/input_firstName'

2021-11-08 13:32:50 - [TEST_STEP][PASSED] - setText(findTestObject(orPath_TaxPayer + "/input_lastName"), LName): Text 'Bell' is set on object 'Object Repository/RAD_Pages/Taxpayer_Page/input_lastName'

2021-11-08 13:32:51 - [MESSAGE][PASSED] - Text 'Bell' is set on object 'Object Repository/RAD_Pages/Taxpayer_Page/input_lastName'

2021-11-08 13:32:51 - [TEST_STEP][PASSED] - setText(findTestObject(orPath_TaxPayer + "/input_middleName"), "Johns"): Text 'Johns' is set on object 'Object Repository/RAD_Pages/Taxpayer_Page/input_middleName'

2021-11-08 13:32:52 - [MESSAGE][PASSED] - Text 'Johns' is set on object 'Object Repository/RAD_Pages/Taxpayer_Page/input_middleName'

2021-11-08 13:32:52 - [TEST_STEP][PASSED] - setText(findTestObject(orPath_TaxPayer + "/input_suffix"), "Sr"): Text 'Sr' is set on object 'Object Repository/RAD_Pages/Taxpayer_Page/input_suffix'

2021-11-08 13:32:52 - [MESSAGE][PASSED] - Text 'Sr' is set on object 'Object Repository/RAD_Pages/Taxpayer_Page/input_suffix'

2021-11-08 13:32:52 - [TEST_STEP][PASSED] - selectOptionByLabel(findTestObject(orPath_AddressContact + "/select_Country"), "United States", false): All options with label 'United States' are selected in object 'Object Repository/RAD_Pages/AddressAndContactInfo_Page/select_Country' 

2021-11-08 13:32:53 - [MESSAGE][PASSED] - All options with label 'United States' are selected in object 'Object Repository/RAD_Pages/AddressAndContactInfo_Page/select_Country' 

2021-11-08 13:32:53 - [TEST_STEP][PASSED] - setText(findTestObject(orPath_AddressContact + "/input_streetAddress1"), AL1): Text '25 Moan Road' is set on object 'Object Repository/RAD_Pages/AddressAndContactInfo_Page/input_streetAddress1'

2021-11-08 13:32:53 - [MESSAGE][PASSED] - Text '25 Moan Road' is set on object 'Object Repository/RAD_Pages/AddressAndContactInfo_Page/input_streetAddress1'

2021-11-08 13:32:53 - [TEST_STEP][PASSED] - setText(findTestObject(orPath_AddressContact + "/input_streetAddress2"), ""): Text '' is set on object 'Object Repository/RAD_Pages/AddressAndContactInfo_Page/input_streetAddress2'

2021-11-08 13:32:54 - [MESSAGE][PASSED] - Text '' is set on object 'Object Repository/RAD_Pages/AddressAndContactInfo_Page/input_streetAddress2'

2021-11-08 13:32:54 - [TEST_STEP][PASSED] - setText(findTestObject(orPath_AddressContact + "/input_city"), City): Text 'Severn' is set on object 'Object Repository/RAD_Pages/AddressAndContactInfo_Page/input_city'

2021-11-08 13:32:55 - [MESSAGE][PASSED] - Text 'Severn' is set on object 'Object Repository/RAD_Pages/AddressAndContactInfo_Page/input_city'

2021-11-08 13:32:55 - [TEST_STEP][PASSED] - selectOptionByLabel(findTestObject(orPath_AddressContact + "/select_State"), "Maryland", false): All options with label 'Maryland' are selected in object 'Object Repository/RAD_Pages/AddressAndContactInfo_Page/select_State' 

2021-11-08 13:32:55 - [MESSAGE][PASSED] - All options with label 'Maryland' are selected in object 'Object Repository/RAD_Pages/AddressAndContactInfo_Page/select_State' 

2021-11-08 13:32:55 - [TEST_STEP][PASSED] - setText(findTestObject(orPath_AddressContact + "/input_zipCode"), ZIP): Text '21114' is set on object 'Object Repository/RAD_Pages/AddressAndContactInfo_Page/input_zipCode'

2021-11-08 13:32:56 - [MESSAGE][PASSED] - Text '21114' is set on object 'Object Repository/RAD_Pages/AddressAndContactInfo_Page/input_zipCode'

2021-11-08 13:32:56 - [TEST_STEP][PASSED] - setText(findTestObject(orPath_AddressContact + "/input_phoneNumber"), "(703) 894-5000"): Text '(703) 894-5000' is set on object 'Object Repository/RAD_Pages/AddressAndContactInfo_Page/input_phoneNumber'

2021-11-08 13:32:57 - [MESSAGE][PASSED] - Text '(703) 894-5000' is set on object 'Object Repository/RAD_Pages/AddressAndContactInfo_Page/input_phoneNumber'

2021-11-08 13:32:57 - [TEST_STEP][PASSED] - setText(findTestObject(orPath_AddressContact + "/input_eMailAddress"), "iahmed@govolution.com"): Text 'iahmed@govolution.com' is set on object 'Object Repository/RAD_Pages/AddressAndContactInfo_Page/input_eMailAddress'

2021-11-08 13:32:57 - [MESSAGE][PASSED] - Text 'iahmed@govolution.com' is set on object 'Object Repository/RAD_Pages/AddressAndContactInfo_Page/input_eMailAddress'

2021-11-08 13:32:57 - [TEST_STEP][PASSED] - setText(findTestObject(orPath_AddressContact + "/input_reEnterEMailAddress"), "iahmed@govolution.com"): Text 'iahmed@govolution.com' is set on object 'Object Repository/RAD_Pages/AddressAndContactInfo_Page/input_reEnterEMailAddress'

2021-11-08 13:32:58 - [MESSAGE][PASSED] - Text 'iahmed@govolution.com' is set on object 'Object Repository/RAD_Pages/AddressAndContactInfo_Page/input_reEnterEMailAddress'

2021-11-08 13:32:58 - [TEST_STEP][PASSED] - if (!(SSN.isEmpty())): Text '123459630' is set on object 'Object Repository/RAD_Pages/TaxInfo_Page/input_TaxInfo_reTaxTypeExisitingSSN'

2021-11-08 13:32:58 - [TEST_STEP][PASSED] - setText(findTestObject(orPath_TaxInfo + "/input_TaxInfo_ExisitingSSN"), SSN): Text '123459630' is set on object 'Object Repository/RAD_Pages/TaxInfo_Page/input_TaxInfo_ExisitingSSN'

2021-11-08 13:32:59 - [MESSAGE][PASSED] - Text '123459630' is set on object 'Object Repository/RAD_Pages/TaxInfo_Page/input_TaxInfo_ExisitingSSN'

2021-11-08 13:32:59 - [TEST_STEP][PASSED] - setText(findTestObject(orPath_TaxInfo + "/input_TaxInfo_reTaxTypeExisitingSSN"), SSN): Text '123459630' is set on object 'Object Repository/RAD_Pages/TaxInfo_Page/input_TaxInfo_reTaxTypeExisitingSSN'

2021-11-08 13:32:59 - [MESSAGE][PASSED] - Text '123459630' is set on object 'Object Repository/RAD_Pages/TaxInfo_Page/input_TaxInfo_reTaxTypeExisitingSSN'

2021-11-08 13:32:59 - [TEST_STEP][PASSED] - scrollToElement(findTestObject(orPath_Amount + "/input__paymentAmount"), 3): Scroll to object 'Object Repository/RAD_Pages/PaymentAmount_Page/input__paymentAmount' successfully

2021-11-08 13:33:00 - [MESSAGE][PASSED] - Scroll to object 'Object Repository/RAD_Pages/PaymentAmount_Page/input__paymentAmount' successfully

2021-11-08 13:33:00 - [TEST_STEP][PASSED] - if (!(FEIN.isEmpty())): null

2021-11-08 13:33:00 - [TEST_STEP][PASSED] - delay(1): Delayed 1 second(s)

2021-11-08 13:33:01 - [MESSAGE][PASSED] - Delayed 1 second(s)

2021-11-08 13:33:01 - [TEST_STEP][PASSED] - setText(findTestObject(orPath_TaxInfo + "/input_NoticeInvoiceNumber"), "258147147"): Text '258147147' is set on object 'Object Repository/RAD_Pages/TaxInfo_Page/input_NoticeInvoiceNumber'

2021-11-08 13:33:01 - [MESSAGE][PASSED] - Text '258147147' is set on object 'Object Repository/RAD_Pages/TaxInfo_Page/input_NoticeInvoiceNumber'

2021-11-08 13:33:01 - [TEST_STEP][PASSED] - setText(findTestObject(orPath_TaxInfo + "/input_reTypeNoticeInvoiceNumber"), "258147147"): Text '258147147' is set on object 'Object Repository/RAD_Pages/TaxInfo_Page/input_reTypeNoticeInvoiceNumber'

2021-11-08 13:33:02 - [MESSAGE][PASSED] - Text '258147147' is set on object 'Object Repository/RAD_Pages/TaxInfo_Page/input_reTypeNoticeInvoiceNumber'

2021-11-08 13:33:02 - [TEST_STEP][PASSED] - if (TaxTypeEL.equalsIgnoreCase("Sales & Use Tax")): null

2021-11-08 13:33:02 - [TEST_STEP][PASSED] - setText(findTestObject(orPath_Amount + "/input__paymentAmount"), Amount): Text '30.50' is set on object 'Object Repository/RAD_Pages/PaymentAmount_Page/input__paymentAmount'

2021-11-08 13:33:03 - [MESSAGE][PASSED] - Text '30.50' is set on object 'Object Repository/RAD_Pages/PaymentAmount_Page/input__paymentAmount'

2021-11-08 13:33:03 - [TEST_STEP][PASSED] - scrollToElement(findTestObject(orPath_Landing + "/button_Continue"), 3): Scroll to object 'Object Repository/RAD_Pages/Landing_Page/button_Continue' successfully

2021-11-08 13:33:03 - [MESSAGE][PASSED] - Scroll to object 'Object Repository/RAD_Pages/Landing_Page/button_Continue' successfully

2021-11-08 13:33:03 - [TEST_STEP][PASSED] - waitForElementClickable(findTestObject(orPath_Landing + "/button_Continue"), 5): Object 'Object Repository/RAD_Pages/Landing_Page/button_Continue' is clickable

2021-11-08 13:33:04 - [MESSAGE][PASSED] - Object 'Object Repository/RAD_Pages/Landing_Page/button_Continue' is clickable

2021-11-08 13:33:04 - [TEST_STEP][PASSED] - click(findTestObject(orPath_Landing + "/button_Continue")): Object: 'Object Repository/RAD_Pages/Landing_Page/button_Continue' is clicked on

2021-11-08 13:33:04 - [MESSAGE][PASSED] - Object: 'Object Repository/RAD_Pages/Landing_Page/button_Continue' is clicked on

2021-11-08 13:33:04 - [TEST_STEP][PASSED] - verifyTextPresent("Review the information below and make any necessary corrections by clicking the", true): Text 'Review the information below and make any necessary corrections by clicking the' is present on page  using regular expression

2021-11-08 13:33:05 - [MESSAGE][PASSED] - Text 'Review the information below and make any necessary corrections by clicking the' is present on page  using regular expression

2021-11-08 13:33:05 - [TEST_STEP][PASSED] - verifyTextPresent("When you are confident that all the information is correct", true): Text 'When you are confident that all the information is correct' is present on page  using regular expression

2021-11-08 13:33:05 - [MESSAGE][PASSED] - Text 'When you are confident that all the information is correct' is present on page  using regular expression

2021-11-08 13:33:05 - [TEST_STEP][PASSED] - delay(1): Delayed 1 second(s)

2021-11-08 13:33:06 - [MESSAGE][PASSED] - Delayed 1 second(s)

2021-11-08 13:33:06 - [TEST_STEP][PASSED] - click(findTestObject(orPath_PaymentReady + "/button_ProceedtoPayment")): Object: 'Object Repository/RAD_Pages/PaymentReady_Page/button_ProceedtoPayment' is clicked on

2021-11-08 13:33:08 - [MESSAGE][PASSED] - Object: 'Object Repository/RAD_Pages/PaymentReady_Page/button_ProceedtoPayment' is clicked on

2021-11-08 13:33:08 - [TEST_STEP][PASSED] - setText(findTestObject(orPath_PaymentEntry + "/input__cardNumber"), CCNumber): Text '4012000098765439' is set on object 'Object Repository/RAD_Pages/PaymentEntry_Page/input__cardNumber'

2021-11-08 13:33:09 - [MESSAGE][PASSED] - Text '4012000098765439' is set on object 'Object Repository/RAD_Pages/PaymentEntry_Page/input__cardNumber'

2021-11-08 13:33:09 - [TEST_STEP][PASSED] - setText(findTestObject(orPath_PaymentEntry + "/input__spc"), CVV): Text '123' is set on object 'Object Repository/RAD_Pages/PaymentEntry_Page/input__spc'

2021-11-08 13:33:10 - [MESSAGE][PASSED] - Text '123' is set on object 'Object Repository/RAD_Pages/PaymentEntry_Page/input__spc'

2021-11-08 13:33:10 - [TEST_STEP][PASSED] - selectOptionByLabel(findTestObject(orPath_PaymentEntry + "/select_MM"), "12", false): All options with label '12' are selected in object 'Object Repository/RAD_Pages/PaymentEntry_Page/select_MM' 

2021-11-08 13:33:10 - [MESSAGE][PASSED] - All options with label '12' are selected in object 'Object Repository/RAD_Pages/PaymentEntry_Page/select_MM' 

2021-11-08 13:33:10 - [TEST_STEP][PASSED] - selectOptionByLabel(findTestObject(orPath_PaymentEntry + "/select_YYYY"), "2023", false): All options with label '2023' are selected in object 'Object Repository/RAD_Pages/PaymentEntry_Page/select_YYYY' 

2021-11-08 13:33:11 - [MESSAGE][PASSED] - All options with label '2023' are selected in object 'Object Repository/RAD_Pages/PaymentEntry_Page/select_YYYY' 

2021-11-08 13:33:11 - [TEST_STEP][PASSED] - click(findTestObject(orPath_PaymentEntry + "/input_Field_ccSubmit")): Object: 'Object Repository/RAD_Pages/PaymentEntry_Page/input_Field_ccSubmit' is clicked on

2021-11-08 13:33:12 - [MESSAGE][PASSED] - Object: 'Object Repository/RAD_Pages/PaymentEntry_Page/input_Field_ccSubmit' is clicked on

2021-11-08 13:33:12 - [TEST_STEP][PASSED] - click(findTestObject(orPath_PaymentConfirmation + "/input_N_confirmNotifyAction")): Object: 'Object Repository/RAD_Pages/PaymentConfirmation_Page/input_N_confirmNotifyAction' is clicked on

2021-11-08 13:33:13 - [MESSAGE][PASSED] - Object: 'Object Repository/RAD_Pages/PaymentConfirmation_Page/input_N_confirmNotifyAction' is clicked on

2021-11-08 13:33:13 - [TEST_STEP][PASSED] - click(findTestObject(orPath_ServiceFeesAccept + "/input_convFeeNotifyAction")): Object: 'Object Repository/RAD_Pages/ServiceFeeAccept_Page/input_convFeeNotifyAction' is clicked on

2021-11-08 13:33:15 - [MESSAGE][PASSED] - Object: 'Object Repository/RAD_Pages/ServiceFeeAccept_Page/input_convFeeNotifyAction' is clicked on

2021-11-08 13:33:15 - [TEST_STEP][PASSED] - delay(10): Delayed 10 second(s)

2021-11-08 13:33:25 - [MESSAGE][PASSED] - Delayed 10 second(s)

2021-11-08 13:33:25 - [TEST_STEP][PASSED] - verifyTextPresent("Successful Payment Receipt", true): Text 'Successful Payment Receipt' is present on page  using regular expression

2021-11-08 13:33:25 - [MESSAGE][PASSED] - Text 'Successful Payment Receipt' is present on page  using regular expression

2021-11-08 13:33:25 - [TEST_STEP][PASSED] - if (verifyTextPresent("Successful Payment Receipt", true)): null

2021-11-08 13:33:26 - [MESSAGE][PASSED] - Text 'Successful Payment Receipt' is present on page  using regular expression

2021-11-08 13:33:26 - [TEST_STEP][PASSED] - println("Transaction was Successful"): null

2021-11-08 13:33:26 - [TEST_STEP][PASSED] - out.println("Pass Record Number: " + row): null

2021-11-08 13:33:26 - [TEST_STEP][PASSED] - resText = "Pass": null

2021-11-08 13:33:26 - [TEST_STEP][PASSED] - pages.WriteExcel.demoKey(resText, datText, resColumn, datCloumn, fileLoc, nameSheet, row): pages.WriteExcel.demoKey is PASSED

2021-11-08 13:33:26 - [MESSAGE][PASSED] - pages.WriteExcel.demoKey is PASSED

2021-11-08 13:33:26 - [TEST_STEP][PASSED] - ExecuteTC = findTestData(dataFile).getValue("Execute", row): null

2021-11-08 13:33:26 - [TEST_STEP][PASSED] - Taxtype = findTestData(dataFile).getValue("TaxType", row): null

2021-11-08 13:33:26 - [TEST_STEP][PASSED] - TaxTypeEL = findTestData(dataFile).getValue("TaxTypeEL", row): null

2021-11-08 13:33:26 - [TEST_STEP][PASSED] - FilingYear = findTestData(dataFile).getValue("FilingYear", row): null

2021-11-08 13:33:26 - [TEST_STEP][PASSED] - FName = findTestData(dataFile).getValue("Fname", row): null

2021-11-08 13:33:26 - [TEST_STEP][PASSED] - LName = findTestData(dataFile).getValue("Lname", row): null

2021-11-08 13:33:26 - [TEST_STEP][PASSED] - AL1 = findTestData(dataFile).getValue("AL1", row): null

2021-11-08 13:33:26 - [TEST_STEP][PASSED] - City = findTestData(dataFile).getValue("City", row): null

2021-11-08 13:33:26 - [TEST_STEP][PASSED] - ZIP = findTestData(dataFile).getValue("ZIP", row): null

2021-11-08 13:33:26 - [TEST_STEP][PASSED] - Amount = findTestData(dataFile).getValue("Amount", row): null

2021-11-08 13:33:26 - [TEST_STEP][PASSED] - CCNumber = findTestData(dataFile).getValue("CCNumber", row): null

2021-11-08 13:33:26 - [TEST_STEP][PASSED] - CVV = findTestData(dataFile).getValue("CVV", row): null

2021-11-08 13:33:26 - [TEST_STEP][PASSED] - SSN = findTestData(dataFile).getValue("SSN", row): null

2021-11-08 13:33:26 - [TEST_STEP][PASSED] - FEIN = findTestData(dataFile).getValue("FEIN", row): null

2021-11-08 13:33:26 - [TEST_STEP][PASSED] - out.println("Value of Execute is : " + ExecuteTC): null

2021-11-08 13:33:26 - [TEST_STEP][PASSED] - if (ExecuteTC.equalsIgnoreCase("Y")): null

2021-11-08 13:33:26 - [TEST_STEP][PASSED] - out.println("Begin Record Number: " + row): null

2021-11-08 13:33:26 - [TEST_STEP][PASSED] - today = new java.util.Date(): null

2021-11-08 13:33:26 - [TEST_STEP][PASSED] - println(today): null

2021-11-08 13:33:26 - [TEST_STEP][PASSED] - datText = today: null

2021-11-08 13:33:26 - [TEST_STEP][PASSED] - Taxtype = findTestData(dataFile).getValue("TaxType", row): null

2021-11-08 13:33:26 - [TEST_STEP][PASSED] - out.println("Taxtype value is : " + Taxtype): null

2021-11-08 13:33:26 - [TEST_STEP][PASSED] - openBrowser(""): Browser is opened with url: ''

2021-11-08 13:33:26 - [MESSAGE][WARNING] - A browser is already opened. Closing browser and opening a new one

2021-11-08 13:33:27 - [MESSAGE][INFO] - Starting 'Chrome' driver

2021-11-08 13:33:27 - [MESSAGE][INFO] - User set preference: ['acceptInsecureCerts', 'true']

2021-11-08 13:33:27 - [MESSAGE][INFO] - Action delay is set to 0 milliseconds

2021-11-08 13:33:28 - [MESSAGE][PASSED] - Browser is opened with url: ''

2021-11-08 13:33:28 - [TEST_STEP][PASSED] - maximizeWindow(): Current window maximized

2021-11-08 13:33:29 - [MESSAGE][PASSED] - Current window maximized

2021-11-08 13:33:29 - [TEST_STEP][PASSED] - navigateToUrl(RADurl): Navigate to 'https://qa.velocitypayment.com/client/rad/index.html' successfully

2021-11-08 13:33:30 - [MESSAGE][PASSED] - Navigate to 'https://qa.velocitypayment.com/client/rad/index.html' successfully

2021-11-08 13:33:30 - [TEST_STEP][PASSED] - orPath_Landing = "Object Repository/RAD_Pages/Landing_Page": null

2021-11-08 13:33:30 - [TEST_STEP][PASSED] - orPath_TaxTypeFilingYear = "Object Repository/RAD_Pages/TaxTypeFilingYear_Page": null

2021-11-08 13:33:30 - [TEST_STEP][PASSED] - orPath_TaxPayer = "Object Repository/RAD_Pages/Taxpayer_Page": null

2021-11-08 13:33:30 - [TEST_STEP][PASSED] - orPath_AddressContact = "Object Repository/RAD_Pages/AddressAndContactInfo_Page": null

2021-11-08 13:33:30 - [TEST_STEP][PASSED] - orPath_FilingStatus = "Object Repository/RAD_Pages/FilingStatus_Page": null

2021-11-08 13:33:30 - [TEST_STEP][PASSED] - orPath_Amount = "Object Repository/RAD_Pages/PaymentAmount_Page": null

2021-11-08 13:33:30 - [TEST_STEP][PASSED] - orPath_TaxInfo = "Object Repository/RAD_Pages/TaxInfo_Page": null

2021-11-08 13:33:30 - [TEST_STEP][PASSED] - orPath_Withholding = "Object Repository/RAD_Pages/Withholding_Page": null

2021-11-08 13:33:30 - [TEST_STEP][PASSED] - orPath_Summary = "Object Repository/RAD_Pages/Summary_Page": null

2021-11-08 13:33:30 - [TEST_STEP][PASSED] - orPath_PaymentReady = "Object Repository/RAD_Pages/PaymentReady_Page": null

2021-11-08 13:33:30 - [TEST_STEP][PASSED] - orPath_PaymentEntry = "Object Repository/RAD_Pages/PaymentEntry_Page": null

2021-11-08 13:33:30 - [TEST_STEP][PASSED] - orPath_PaymentConfirmation = "Object Repository/RAD_Pages/PaymentConfirmation_Page": null

2021-11-08 13:33:30 - [TEST_STEP][PASSED] - orPath_ServiceFeesAccept = "Object Repository/RAD_Pages/ServiceFeeAccept_Page": null

2021-11-08 13:33:30 - [TEST_STEP][PASSED] - selectOptionByLabel(findTestObject(orPath_Landing + "/dd_TaxType"), Taxtype, false): All options with label 'Existing Liability' are selected in object 'Object Repository/RAD_Pages/Landing_Page/dd_TaxType' 

2021-11-08 13:33:31 - [MESSAGE][PASSED] - All options with label 'Existing Liability' are selected in object 'Object Repository/RAD_Pages/Landing_Page/dd_TaxType' 

2021-11-08 13:33:31 - [TEST_STEP][PASSED] - delay(1): Delayed 1 second(s)

2021-11-08 13:33:32 - [MESSAGE][PASSED] - Delayed 1 second(s)

2021-11-08 13:33:32 - [TEST_STEP][PASSED] - selectOptionByLabel(findTestObject(orPath_TaxTypeFilingYear + "/select_TaxType_ExistingLiability"), TaxTypeEL, false): All options with label 'PTE Tax (SCorp)' are selected in object 'Object Repository/RAD_Pages/TaxTypeFilingYear_Page/select_TaxType_ExistingLiability' 

2021-11-08 13:33:33 - [MESSAGE][PASSED] - All options with label 'PTE Tax (SCorp)' are selected in object 'Object Repository/RAD_Pages/TaxTypeFilingYear_Page/select_TaxType_ExistingLiability' 

2021-11-08 13:33:33 - [TEST_STEP][PASSED] - selectOptionByLabel(findTestObject(orPath_TaxTypeFilingYear + "/select_FilingYear"), FilingYear, false): All options with label '2019' are selected in object 'Object Repository/RAD_Pages/TaxTypeFilingYear_Page/select_FilingYear' 

2021-11-08 13:33:33 - [MESSAGE][PASSED] - All options with label '2019' are selected in object 'Object Repository/RAD_Pages/TaxTypeFilingYear_Page/select_FilingYear' 

2021-11-08 13:33:33 - [TEST_STEP][PASSED] - setText(findTestObject(orPath_TaxPayer + "/input_firstName"), FName): Text 'Robin' is set on object 'Object Repository/RAD_Pages/Taxpayer_Page/input_firstName'

2021-11-08 13:33:34 - [MESSAGE][PASSED] - Text 'Robin' is set on object 'Object Repository/RAD_Pages/Taxpayer_Page/input_firstName'

2021-11-08 13:33:34 - [TEST_STEP][PASSED] - setText(findTestObject(orPath_TaxPayer + "/input_lastName"), LName): Text 'Bell' is set on object 'Object Repository/RAD_Pages/Taxpayer_Page/input_lastName'

2021-11-08 13:33:35 - [MESSAGE][PASSED] - Text 'Bell' is set on object 'Object Repository/RAD_Pages/Taxpayer_Page/input_lastName'

2021-11-08 13:33:35 - [TEST_STEP][PASSED] - setText(findTestObject(orPath_TaxPayer + "/input_middleName"), "Johns"): Text 'Johns' is set on object 'Object Repository/RAD_Pages/Taxpayer_Page/input_middleName'

2021-11-08 13:33:35 - [MESSAGE][PASSED] - Text 'Johns' is set on object 'Object Repository/RAD_Pages/Taxpayer_Page/input_middleName'

2021-11-08 13:33:35 - [TEST_STEP][PASSED] - setText(findTestObject(orPath_TaxPayer + "/input_suffix"), "Sr"): Text 'Sr' is set on object 'Object Repository/RAD_Pages/Taxpayer_Page/input_suffix'

2021-11-08 13:33:36 - [MESSAGE][PASSED] - Text 'Sr' is set on object 'Object Repository/RAD_Pages/Taxpayer_Page/input_suffix'

2021-11-08 13:33:36 - [TEST_STEP][PASSED] - selectOptionByLabel(findTestObject(orPath_AddressContact + "/select_Country"), "United States", false): All options with label 'United States' are selected in object 'Object Repository/RAD_Pages/AddressAndContactInfo_Page/select_Country' 

2021-11-08 13:33:37 - [MESSAGE][PASSED] - All options with label 'United States' are selected in object 'Object Repository/RAD_Pages/AddressAndContactInfo_Page/select_Country' 

2021-11-08 13:33:37 - [TEST_STEP][PASSED] - setText(findTestObject(orPath_AddressContact + "/input_streetAddress1"), AL1): Text '25 Moan Road' is set on object 'Object Repository/RAD_Pages/AddressAndContactInfo_Page/input_streetAddress1'

2021-11-08 13:33:37 - [MESSAGE][PASSED] - Text '25 Moan Road' is set on object 'Object Repository/RAD_Pages/AddressAndContactInfo_Page/input_streetAddress1'

2021-11-08 13:33:37 - [TEST_STEP][PASSED] - setText(findTestObject(orPath_AddressContact + "/input_streetAddress2"), ""): Text '' is set on object 'Object Repository/RAD_Pages/AddressAndContactInfo_Page/input_streetAddress2'

2021-11-08 13:33:38 - [MESSAGE][PASSED] - Text '' is set on object 'Object Repository/RAD_Pages/AddressAndContactInfo_Page/input_streetAddress2'

2021-11-08 13:33:38 - [TEST_STEP][PASSED] - setText(findTestObject(orPath_AddressContact + "/input_city"), City): Text 'Severn' is set on object 'Object Repository/RAD_Pages/AddressAndContactInfo_Page/input_city'

2021-11-08 13:33:39 - [MESSAGE][PASSED] - Text 'Severn' is set on object 'Object Repository/RAD_Pages/AddressAndContactInfo_Page/input_city'

2021-11-08 13:33:39 - [TEST_STEP][PASSED] - selectOptionByLabel(findTestObject(orPath_AddressContact + "/select_State"), "Maryland", false): All options with label 'Maryland' are selected in object 'Object Repository/RAD_Pages/AddressAndContactInfo_Page/select_State' 

2021-11-08 13:33:39 - [MESSAGE][PASSED] - All options with label 'Maryland' are selected in object 'Object Repository/RAD_Pages/AddressAndContactInfo_Page/select_State' 

2021-11-08 13:33:39 - [TEST_STEP][PASSED] - setText(findTestObject(orPath_AddressContact + "/input_zipCode"), ZIP): Text '21114' is set on object 'Object Repository/RAD_Pages/AddressAndContactInfo_Page/input_zipCode'

2021-11-08 13:33:40 - [MESSAGE][PASSED] - Text '21114' is set on object 'Object Repository/RAD_Pages/AddressAndContactInfo_Page/input_zipCode'

2021-11-08 13:33:40 - [TEST_STEP][PASSED] - setText(findTestObject(orPath_AddressContact + "/input_phoneNumber"), "(703) 894-5000"): Text '(703) 894-5000' is set on object 'Object Repository/RAD_Pages/AddressAndContactInfo_Page/input_phoneNumber'

2021-11-08 13:33:40 - [MESSAGE][PASSED] - Text '(703) 894-5000' is set on object 'Object Repository/RAD_Pages/AddressAndContactInfo_Page/input_phoneNumber'

2021-11-08 13:33:40 - [TEST_STEP][PASSED] - setText(findTestObject(orPath_AddressContact + "/input_eMailAddress"), "iahmed@govolution.com"): Text 'iahmed@govolution.com' is set on object 'Object Repository/RAD_Pages/AddressAndContactInfo_Page/input_eMailAddress'

2021-11-08 13:33:41 - [MESSAGE][PASSED] - Text 'iahmed@govolution.com' is set on object 'Object Repository/RAD_Pages/AddressAndContactInfo_Page/input_eMailAddress'

2021-11-08 13:33:41 - [TEST_STEP][PASSED] - setText(findTestObject(orPath_AddressContact + "/input_reEnterEMailAddress"), "iahmed@govolution.com"): Text 'iahmed@govolution.com' is set on object 'Object Repository/RAD_Pages/AddressAndContactInfo_Page/input_reEnterEMailAddress'

2021-11-08 13:33:42 - [MESSAGE][PASSED] - Text 'iahmed@govolution.com' is set on object 'Object Repository/RAD_Pages/AddressAndContactInfo_Page/input_reEnterEMailAddress'

2021-11-08 13:33:42 - [TEST_STEP][PASSED] - if (!(SSN.isEmpty())): null

2021-11-08 13:33:42 - [TEST_STEP][PASSED] - scrollToElement(findTestObject(orPath_Amount + "/input__paymentAmount"), 3): Scroll to object 'Object Repository/RAD_Pages/PaymentAmount_Page/input__paymentAmount' successfully

2021-11-08 13:33:42 - [MESSAGE][PASSED] - Scroll to object 'Object Repository/RAD_Pages/PaymentAmount_Page/input__paymentAmount' successfully

2021-11-08 13:33:42 - [TEST_STEP][PASSED] - if (!(FEIN.isEmpty())): Text '258369264' is set on object 'Object Repository/RAD_Pages/TaxInfo_Page/input_ReTypeFEIN'

2021-11-08 13:33:42 - [TEST_STEP][PASSED] - setText(findTestObject(orPath_TaxInfo + "/input_FEIN"), FEIN): Text '258369264' is set on object 'Object Repository/RAD_Pages/TaxInfo_Page/input_FEIN'

2021-11-08 13:33:43 - [MESSAGE][PASSED] - Text '258369264' is set on object 'Object Repository/RAD_Pages/TaxInfo_Page/input_FEIN'

2021-11-08 13:33:43 - [TEST_STEP][PASSED] - setText(findTestObject(orPath_TaxInfo + "/input_ReTypeFEIN"), FEIN): Text '258369264' is set on object 'Object Repository/RAD_Pages/TaxInfo_Page/input_ReTypeFEIN'

2021-11-08 13:33:43 - [MESSAGE][PASSED] - Text '258369264' is set on object 'Object Repository/RAD_Pages/TaxInfo_Page/input_ReTypeFEIN'

2021-11-08 13:33:43 - [TEST_STEP][PASSED] - delay(1): Delayed 1 second(s)

2021-11-08 13:33:44 - [MESSAGE][PASSED] - Delayed 1 second(s)

2021-11-08 13:33:44 - [TEST_STEP][PASSED] - setText(findTestObject(orPath_TaxInfo + "/input_NoticeInvoiceNumber"), "258147147"): Text '258147147' is set on object 'Object Repository/RAD_Pages/TaxInfo_Page/input_NoticeInvoiceNumber'

2021-11-08 13:33:45 - [MESSAGE][PASSED] - Text '258147147' is set on object 'Object Repository/RAD_Pages/TaxInfo_Page/input_NoticeInvoiceNumber'

2021-11-08 13:33:45 - [TEST_STEP][PASSED] - setText(findTestObject(orPath_TaxInfo + "/input_reTypeNoticeInvoiceNumber"), "258147147"): Text '258147147' is set on object 'Object Repository/RAD_Pages/TaxInfo_Page/input_reTypeNoticeInvoiceNumber'

2021-11-08 13:33:46 - [MESSAGE][PASSED] - Text '258147147' is set on object 'Object Repository/RAD_Pages/TaxInfo_Page/input_reTypeNoticeInvoiceNumber'

2021-11-08 13:33:46 - [TEST_STEP][PASSED] - if (TaxTypeEL.equalsIgnoreCase("Sales & Use Tax")): null

2021-11-08 13:33:46 - [TEST_STEP][PASSED] - setText(findTestObject(orPath_Amount + "/input__paymentAmount"), Amount): Text '30.50' is set on object 'Object Repository/RAD_Pages/PaymentAmount_Page/input__paymentAmount'

2021-11-08 13:33:47 - [MESSAGE][PASSED] - Text '30.50' is set on object 'Object Repository/RAD_Pages/PaymentAmount_Page/input__paymentAmount'

2021-11-08 13:33:47 - [TEST_STEP][PASSED] - scrollToElement(findTestObject(orPath_Landing + "/button_Continue"), 3): Scroll to object 'Object Repository/RAD_Pages/Landing_Page/button_Continue' successfully

2021-11-08 13:33:47 - [MESSAGE][PASSED] - Scroll to object 'Object Repository/RAD_Pages/Landing_Page/button_Continue' successfully

2021-11-08 13:33:47 - [TEST_STEP][PASSED] - waitForElementClickable(findTestObject(orPath_Landing + "/button_Continue"), 5): Object 'Object Repository/RAD_Pages/Landing_Page/button_Continue' is clickable

2021-11-08 13:33:48 - [MESSAGE][PASSED] - Object 'Object Repository/RAD_Pages/Landing_Page/button_Continue' is clickable

2021-11-08 13:33:48 - [TEST_STEP][PASSED] - click(findTestObject(orPath_Landing + "/button_Continue")): Object: 'Object Repository/RAD_Pages/Landing_Page/button_Continue' is clicked on

2021-11-08 13:33:48 - [MESSAGE][PASSED] - Object: 'Object Repository/RAD_Pages/Landing_Page/button_Continue' is clicked on

2021-11-08 13:33:48 - [TEST_STEP][PASSED] - verifyTextPresent("Review the information below and make any necessary corrections by clicking the", true): Text 'Review the information below and make any necessary corrections by clicking the' is present on page  using regular expression

2021-11-08 13:33:49 - [MESSAGE][PASSED] - Text 'Review the information below and make any necessary corrections by clicking the' is present on page  using regular expression

2021-11-08 13:33:49 - [TEST_STEP][PASSED] - verifyTextPresent("When you are confident that all the information is correct", true): Text 'When you are confident that all the information is correct' is present on page  using regular expression

2021-11-08 13:33:49 - [MESSAGE][PASSED] - Text 'When you are confident that all the information is correct' is present on page  using regular expression

2021-11-08 13:33:49 - [TEST_STEP][PASSED] - delay(1): Delayed 1 second(s)

2021-11-08 13:33:50 - [MESSAGE][PASSED] - Delayed 1 second(s)

2021-11-08 13:33:50 - [TEST_STEP][PASSED] - click(findTestObject(orPath_PaymentReady + "/button_ProceedtoPayment")): Object: 'Object Repository/RAD_Pages/PaymentReady_Page/button_ProceedtoPayment' is clicked on

2021-11-08 13:33:52 - [MESSAGE][PASSED] - Object: 'Object Repository/RAD_Pages/PaymentReady_Page/button_ProceedtoPayment' is clicked on

2021-11-08 13:33:52 - [TEST_STEP][PASSED] - setText(findTestObject(orPath_PaymentEntry + "/input__cardNumber"), CCNumber): Text '4012000098765439' is set on object 'Object Repository/RAD_Pages/PaymentEntry_Page/input__cardNumber'

2021-11-08 13:33:53 - [MESSAGE][PASSED] - Text '4012000098765439' is set on object 'Object Repository/RAD_Pages/PaymentEntry_Page/input__cardNumber'

2021-11-08 13:33:53 - [TEST_STEP][PASSED] - setText(findTestObject(orPath_PaymentEntry + "/input__spc"), CVV): Text '123' is set on object 'Object Repository/RAD_Pages/PaymentEntry_Page/input__spc'

2021-11-08 13:33:54 - [MESSAGE][PASSED] - Text '123' is set on object 'Object Repository/RAD_Pages/PaymentEntry_Page/input__spc'

2021-11-08 13:33:54 - [TEST_STEP][PASSED] - selectOptionByLabel(findTestObject(orPath_PaymentEntry + "/select_MM"), "12", false): All options with label '12' are selected in object 'Object Repository/RAD_Pages/PaymentEntry_Page/select_MM' 

2021-11-08 13:33:54 - [MESSAGE][PASSED] - All options with label '12' are selected in object 'Object Repository/RAD_Pages/PaymentEntry_Page/select_MM' 

2021-11-08 13:33:54 - [TEST_STEP][PASSED] - selectOptionByLabel(findTestObject(orPath_PaymentEntry + "/select_YYYY"), "2023", false): All options with label '2023' are selected in object 'Object Repository/RAD_Pages/PaymentEntry_Page/select_YYYY' 

2021-11-08 13:33:55 - [MESSAGE][PASSED] - All options with label '2023' are selected in object 'Object Repository/RAD_Pages/PaymentEntry_Page/select_YYYY' 

2021-11-08 13:33:55 - [TEST_STEP][PASSED] - click(findTestObject(orPath_PaymentEntry + "/input_Field_ccSubmit")): Object: 'Object Repository/RAD_Pages/PaymentEntry_Page/input_Field_ccSubmit' is clicked on

2021-11-08 13:33:56 - [MESSAGE][PASSED] - Object: 'Object Repository/RAD_Pages/PaymentEntry_Page/input_Field_ccSubmit' is clicked on

2021-11-08 13:33:56 - [TEST_STEP][PASSED] - click(findTestObject(orPath_PaymentConfirmation + "/input_N_confirmNotifyAction")): Object: 'Object Repository/RAD_Pages/PaymentConfirmation_Page/input_N_confirmNotifyAction' is clicked on

2021-11-08 13:33:57 - [MESSAGE][PASSED] - Object: 'Object Repository/RAD_Pages/PaymentConfirmation_Page/input_N_confirmNotifyAction' is clicked on

2021-11-08 13:33:57 - [TEST_STEP][PASSED] - click(findTestObject(orPath_ServiceFeesAccept + "/input_convFeeNotifyAction")): Object: 'Object Repository/RAD_Pages/ServiceFeeAccept_Page/input_convFeeNotifyAction' is clicked on

2021-11-08 13:33:59 - [MESSAGE][PASSED] - Object: 'Object Repository/RAD_Pages/ServiceFeeAccept_Page/input_convFeeNotifyAction' is clicked on

2021-11-08 13:33:59 - [TEST_STEP][PASSED] - delay(10): Delayed 10 second(s)

2021-11-08 13:34:09 - [MESSAGE][PASSED] - Delayed 10 second(s)

2021-11-08 13:34:09 - [TEST_STEP][PASSED] - verifyTextPresent("Successful Payment Receipt", true): Text 'Successful Payment Receipt' is present on page  using regular expression

2021-11-08 13:34:09 - [MESSAGE][PASSED] - Text 'Successful Payment Receipt' is present on page  using regular expression

2021-11-08 13:34:09 - [TEST_STEP][PASSED] - if (verifyTextPresent("Successful Payment Receipt", true)): null

2021-11-08 13:34:10 - [MESSAGE][PASSED] - Text 'Successful Payment Receipt' is present on page  using regular expression

2021-11-08 13:34:10 - [TEST_STEP][PASSED] - println("Transaction was Successful"): null

2021-11-08 13:34:10 - [TEST_STEP][PASSED] - out.println("Pass Record Number: " + row): null

2021-11-08 13:34:10 - [TEST_STEP][PASSED] - resText = "Pass": null

2021-11-08 13:34:10 - [TEST_STEP][PASSED] - pages.WriteExcel.demoKey(resText, datText, resColumn, datCloumn, fileLoc, nameSheet, row): pages.WriteExcel.demoKey is PASSED

2021-11-08 13:34:10 - [MESSAGE][PASSED] - pages.WriteExcel.demoKey is PASSED

2021-11-08 13:34:10 - [TEST_STEP][PASSED] - ExecuteTC = findTestData(dataFile).getValue("Execute", row): null

2021-11-08 13:34:10 - [TEST_STEP][PASSED] - Taxtype = findTestData(dataFile).getValue("TaxType", row): null

2021-11-08 13:34:10 - [TEST_STEP][PASSED] - TaxTypeEL = findTestData(dataFile).getValue("TaxTypeEL", row): null

2021-11-08 13:34:10 - [TEST_STEP][PASSED] - FilingYear = findTestData(dataFile).getValue("FilingYear", row): null

2021-11-08 13:34:10 - [TEST_STEP][PASSED] - FName = findTestData(dataFile).getValue("Fname", row): null

2021-11-08 13:34:10 - [TEST_STEP][PASSED] - LName = findTestData(dataFile).getValue("Lname", row): null

2021-11-08 13:34:10 - [TEST_STEP][PASSED] - AL1 = findTestData(dataFile).getValue("AL1", row): null

2021-11-08 13:34:10 - [TEST_STEP][PASSED] - City = findTestData(dataFile).getValue("City", row): null

2021-11-08 13:34:10 - [TEST_STEP][PASSED] - ZIP = findTestData(dataFile).getValue("ZIP", row): null

2021-11-08 13:34:10 - [TEST_STEP][PASSED] - Amount = findTestData(dataFile).getValue("Amount", row): null

2021-11-08 13:34:10 - [TEST_STEP][PASSED] - CCNumber = findTestData(dataFile).getValue("CCNumber", row): null

2021-11-08 13:34:10 - [TEST_STEP][PASSED] - CVV = findTestData(dataFile).getValue("CVV", row): null

2021-11-08 13:34:10 - [TEST_STEP][PASSED] - SSN = findTestData(dataFile).getValue("SSN", row): null

2021-11-08 13:34:10 - [TEST_STEP][PASSED] - FEIN = findTestData(dataFile).getValue("FEIN", row): null

2021-11-08 13:34:10 - [TEST_STEP][PASSED] - out.println("Value of Execute is : " + ExecuteTC): null

2021-11-08 13:34:10 - [TEST_STEP][PASSED] - if (ExecuteTC.equalsIgnoreCase("Y")): null

2021-11-08 13:34:10 - [TEST_STEP][PASSED] - out.println("Begin Record Number: " + row): null

2021-11-08 13:34:10 - [TEST_STEP][PASSED] - today = new java.util.Date(): null

2021-11-08 13:34:10 - [TEST_STEP][PASSED] - println(today): null

2021-11-08 13:34:10 - [TEST_STEP][PASSED] - datText = today: null

2021-11-08 13:34:10 - [TEST_STEP][PASSED] - Taxtype = findTestData(dataFile).getValue("TaxType", row): null

2021-11-08 13:34:10 - [TEST_STEP][PASSED] - out.println("Taxtype value is : " + Taxtype): null

2021-11-08 13:34:10 - [TEST_STEP][PASSED] - openBrowser(""): Browser is opened with url: ''

2021-11-08 13:34:10 - [MESSAGE][WARNING] - A browser is already opened. Closing browser and opening a new one

2021-11-08 13:34:11 - [MESSAGE][INFO] - Starting 'Chrome' driver

2021-11-08 13:34:11 - [MESSAGE][INFO] - User set preference: ['acceptInsecureCerts', 'true']

2021-11-08 13:34:11 - [MESSAGE][INFO] - Action delay is set to 0 milliseconds

2021-11-08 13:34:12 - [MESSAGE][PASSED] - Browser is opened with url: ''

2021-11-08 13:34:12 - [TEST_STEP][PASSED] - maximizeWindow(): Current window maximized

2021-11-08 13:34:12 - [MESSAGE][PASSED] - Current window maximized

2021-11-08 13:34:12 - [TEST_STEP][PASSED] - navigateToUrl(RADurl): Navigate to 'https://qa.velocitypayment.com/client/rad/index.html' successfully

2021-11-08 13:34:14 - [MESSAGE][PASSED] - Navigate to 'https://qa.velocitypayment.com/client/rad/index.html' successfully

2021-11-08 13:34:14 - [TEST_STEP][PASSED] - orPath_Landing = "Object Repository/RAD_Pages/Landing_Page": null

2021-11-08 13:34:14 - [TEST_STEP][PASSED] - orPath_TaxTypeFilingYear = "Object Repository/RAD_Pages/TaxTypeFilingYear_Page": null

2021-11-08 13:34:14 - [TEST_STEP][PASSED] - orPath_TaxPayer = "Object Repository/RAD_Pages/Taxpayer_Page": null

2021-11-08 13:34:14 - [TEST_STEP][PASSED] - orPath_AddressContact = "Object Repository/RAD_Pages/AddressAndContactInfo_Page": null

2021-11-08 13:34:14 - [TEST_STEP][PASSED] - orPath_FilingStatus = "Object Repository/RAD_Pages/FilingStatus_Page": null

2021-11-08 13:34:14 - [TEST_STEP][PASSED] - orPath_Amount = "Object Repository/RAD_Pages/PaymentAmount_Page": null

2021-11-08 13:34:14 - [TEST_STEP][PASSED] - orPath_TaxInfo = "Object Repository/RAD_Pages/TaxInfo_Page": null

2021-11-08 13:34:14 - [TEST_STEP][PASSED] - orPath_Withholding = "Object Repository/RAD_Pages/Withholding_Page": null

2021-11-08 13:34:14 - [TEST_STEP][PASSED] - orPath_Summary = "Object Repository/RAD_Pages/Summary_Page": null

2021-11-08 13:34:14 - [TEST_STEP][PASSED] - orPath_PaymentReady = "Object Repository/RAD_Pages/PaymentReady_Page": null

2021-11-08 13:34:14 - [TEST_STEP][PASSED] - orPath_PaymentEntry = "Object Repository/RAD_Pages/PaymentEntry_Page": null

2021-11-08 13:34:14 - [TEST_STEP][PASSED] - orPath_PaymentConfirmation = "Object Repository/RAD_Pages/PaymentConfirmation_Page": null

2021-11-08 13:34:14 - [TEST_STEP][PASSED] - orPath_ServiceFeesAccept = "Object Repository/RAD_Pages/ServiceFeeAccept_Page": null

2021-11-08 13:34:14 - [TEST_STEP][PASSED] - selectOptionByLabel(findTestObject(orPath_Landing + "/dd_TaxType"), Taxtype, false): All options with label 'Existing Liability' are selected in object 'Object Repository/RAD_Pages/Landing_Page/dd_TaxType' 

2021-11-08 13:34:15 - [MESSAGE][PASSED] - All options with label 'Existing Liability' are selected in object 'Object Repository/RAD_Pages/Landing_Page/dd_TaxType' 

2021-11-08 13:34:15 - [TEST_STEP][PASSED] - delay(1): Delayed 1 second(s)

2021-11-08 13:34:16 - [MESSAGE][PASSED] - Delayed 1 second(s)

2021-11-08 13:34:16 - [TEST_STEP][PASSED] - selectOptionByLabel(findTestObject(orPath_TaxTypeFilingYear + "/select_TaxType_ExistingLiability"), TaxTypeEL, false): All options with label 'Sales & Use Tax' are selected in object 'Object Repository/RAD_Pages/TaxTypeFilingYear_Page/select_TaxType_ExistingLiability' 

2021-11-08 13:34:17 - [MESSAGE][PASSED] - All options with label 'Sales & Use Tax' are selected in object 'Object Repository/RAD_Pages/TaxTypeFilingYear_Page/select_TaxType_ExistingLiability' 

2021-11-08 13:34:17 - [TEST_STEP][PASSED] - selectOptionByLabel(findTestObject(orPath_TaxTypeFilingYear + "/select_FilingYear"), FilingYear, false): All options with label '2019' are selected in object 'Object Repository/RAD_Pages/TaxTypeFilingYear_Page/select_FilingYear' 

2021-11-08 13:34:17 - [MESSAGE][PASSED] - All options with label '2019' are selected in object 'Object Repository/RAD_Pages/TaxTypeFilingYear_Page/select_FilingYear' 

2021-11-08 13:34:17 - [TEST_STEP][PASSED] - setText(findTestObject(orPath_TaxPayer + "/input_firstName"), FName): Text 'Jackson' is set on object 'Object Repository/RAD_Pages/Taxpayer_Page/input_firstName'

2021-11-08 13:34:18 - [MESSAGE][PASSED] - Text 'Jackson' is set on object 'Object Repository/RAD_Pages/Taxpayer_Page/input_firstName'

2021-11-08 13:34:18 - [TEST_STEP][PASSED] - setText(findTestObject(orPath_TaxPayer + "/input_lastName"), LName): Text 'Vaughn' is set on object 'Object Repository/RAD_Pages/Taxpayer_Page/input_lastName'

2021-11-08 13:34:19 - [MESSAGE][PASSED] - Text 'Vaughn' is set on object 'Object Repository/RAD_Pages/Taxpayer_Page/input_lastName'

2021-11-08 13:34:19 - [TEST_STEP][PASSED] - setText(findTestObject(orPath_TaxPayer + "/input_middleName"), "Johns"): Text 'Johns' is set on object 'Object Repository/RAD_Pages/Taxpayer_Page/input_middleName'

2021-11-08 13:34:19 - [MESSAGE][PASSED] - Text 'Johns' is set on object 'Object Repository/RAD_Pages/Taxpayer_Page/input_middleName'

2021-11-08 13:34:19 - [TEST_STEP][PASSED] - setText(findTestObject(orPath_TaxPayer + "/input_suffix"), "Sr"): Text 'Sr' is set on object 'Object Repository/RAD_Pages/Taxpayer_Page/input_suffix'

2021-11-08 13:34:20 - [MESSAGE][PASSED] - Text 'Sr' is set on object 'Object Repository/RAD_Pages/Taxpayer_Page/input_suffix'

2021-11-08 13:34:20 - [TEST_STEP][PASSED] - selectOptionByLabel(findTestObject(orPath_AddressContact + "/select_Country"), "United States", false): All options with label 'United States' are selected in object 'Object Repository/RAD_Pages/AddressAndContactInfo_Page/select_Country' 

2021-11-08 13:34:21 - [MESSAGE][PASSED] - All options with label 'United States' are selected in object 'Object Repository/RAD_Pages/AddressAndContactInfo_Page/select_Country' 

2021-11-08 13:34:21 - [TEST_STEP][PASSED] - setText(findTestObject(orPath_AddressContact + "/input_streetAddress1"), AL1): Text '1501 Mandan Terrace' is set on object 'Object Repository/RAD_Pages/AddressAndContactInfo_Page/input_streetAddress1'

2021-11-08 13:34:21 - [MESSAGE][PASSED] - Text '1501 Mandan Terrace' is set on object 'Object Repository/RAD_Pages/AddressAndContactInfo_Page/input_streetAddress1'

2021-11-08 13:34:21 - [TEST_STEP][PASSED] - setText(findTestObject(orPath_AddressContact + "/input_streetAddress2"), ""): Text '' is set on object 'Object Repository/RAD_Pages/AddressAndContactInfo_Page/input_streetAddress2'

2021-11-08 13:34:22 - [MESSAGE][PASSED] - Text '' is set on object 'Object Repository/RAD_Pages/AddressAndContactInfo_Page/input_streetAddress2'

2021-11-08 13:34:22 - [TEST_STEP][PASSED] - setText(findTestObject(orPath_AddressContact + "/input_city"), City): Text 'Bowie' is set on object 'Object Repository/RAD_Pages/AddressAndContactInfo_Page/input_city'

2021-11-08 13:34:23 - [MESSAGE][PASSED] - Text 'Bowie' is set on object 'Object Repository/RAD_Pages/AddressAndContactInfo_Page/input_city'

2021-11-08 13:34:23 - [TEST_STEP][PASSED] - selectOptionByLabel(findTestObject(orPath_AddressContact + "/select_State"), "Maryland", false): All options with label 'Maryland' are selected in object 'Object Repository/RAD_Pages/AddressAndContactInfo_Page/select_State' 

2021-11-08 13:34:23 - [MESSAGE][PASSED] - All options with label 'Maryland' are selected in object 'Object Repository/RAD_Pages/AddressAndContactInfo_Page/select_State' 

2021-11-08 13:34:23 - [TEST_STEP][PASSED] - setText(findTestObject(orPath_AddressContact + "/input_zipCode"), ZIP): Text '20720' is set on object 'Object Repository/RAD_Pages/AddressAndContactInfo_Page/input_zipCode'

2021-11-08 13:34:24 - [MESSAGE][PASSED] - Text '20720' is set on object 'Object Repository/RAD_Pages/AddressAndContactInfo_Page/input_zipCode'

2021-11-08 13:34:24 - [TEST_STEP][PASSED] - setText(findTestObject(orPath_AddressContact + "/input_phoneNumber"), "(703) 894-5000"): Text '(703) 894-5000' is set on object 'Object Repository/RAD_Pages/AddressAndContactInfo_Page/input_phoneNumber'

2021-11-08 13:34:25 - [MESSAGE][PASSED] - Text '(703) 894-5000' is set on object 'Object Repository/RAD_Pages/AddressAndContactInfo_Page/input_phoneNumber'

2021-11-08 13:34:25 - [TEST_STEP][PASSED] - setText(findTestObject(orPath_AddressContact + "/input_eMailAddress"), "iahmed@govolution.com"): Text 'iahmed@govolution.com' is set on object 'Object Repository/RAD_Pages/AddressAndContactInfo_Page/input_eMailAddress'

2021-11-08 13:34:25 - [MESSAGE][PASSED] - Text 'iahmed@govolution.com' is set on object 'Object Repository/RAD_Pages/AddressAndContactInfo_Page/input_eMailAddress'

2021-11-08 13:34:25 - [TEST_STEP][PASSED] - setText(findTestObject(orPath_AddressContact + "/input_reEnterEMailAddress"), "iahmed@govolution.com"): Text 'iahmed@govolution.com' is set on object 'Object Repository/RAD_Pages/AddressAndContactInfo_Page/input_reEnterEMailAddress'

2021-11-08 13:34:26 - [MESSAGE][PASSED] - Text 'iahmed@govolution.com' is set on object 'Object Repository/RAD_Pages/AddressAndContactInfo_Page/input_reEnterEMailAddress'

2021-11-08 13:34:26 - [TEST_STEP][PASSED] - if (!(SSN.isEmpty())): Text '123452514' is set on object 'Object Repository/RAD_Pages/TaxInfo_Page/input_TaxInfo_reTaxTypeExisitingSSN'

2021-11-08 13:34:26 - [TEST_STEP][PASSED] - setText(findTestObject(orPath_TaxInfo + "/input_TaxInfo_ExisitingSSN"), SSN): Text '123452514' is set on object 'Object Repository/RAD_Pages/TaxInfo_Page/input_TaxInfo_ExisitingSSN'

2021-11-08 13:34:27 - [MESSAGE][PASSED] - Text '123452514' is set on object 'Object Repository/RAD_Pages/TaxInfo_Page/input_TaxInfo_ExisitingSSN'

2021-11-08 13:34:27 - [TEST_STEP][PASSED] - setText(findTestObject(orPath_TaxInfo + "/input_TaxInfo_reTaxTypeExisitingSSN"), SSN): Text '123452514' is set on object 'Object Repository/RAD_Pages/TaxInfo_Page/input_TaxInfo_reTaxTypeExisitingSSN'

2021-11-08 13:34:27 - [MESSAGE][PASSED] - Text '123452514' is set on object 'Object Repository/RAD_Pages/TaxInfo_Page/input_TaxInfo_reTaxTypeExisitingSSN'

2021-11-08 13:34:27 - [TEST_STEP][PASSED] - scrollToElement(findTestObject(orPath_Amount + "/input__paymentAmount"), 3): Scroll to object 'Object Repository/RAD_Pages/PaymentAmount_Page/input__paymentAmount' successfully

2021-11-08 13:34:28 - [MESSAGE][PASSED] - Scroll to object 'Object Repository/RAD_Pages/PaymentAmount_Page/input__paymentAmount' successfully

2021-11-08 13:34:28 - [TEST_STEP][PASSED] - if (!(FEIN.isEmpty())): null

2021-11-08 13:34:28 - [TEST_STEP][PASSED] - delay(1): Delayed 1 second(s)

2021-11-08 13:34:29 - [MESSAGE][PASSED] - Delayed 1 second(s)

2021-11-08 13:34:29 - [TEST_STEP][PASSED] - setText(findTestObject(orPath_TaxInfo + "/input_NoticeInvoiceNumber"), "258147147"): Text '258147147' is set on object 'Object Repository/RAD_Pages/TaxInfo_Page/input_NoticeInvoiceNumber'

2021-11-08 13:34:29 - [MESSAGE][PASSED] - Text '258147147' is set on object 'Object Repository/RAD_Pages/TaxInfo_Page/input_NoticeInvoiceNumber'

2021-11-08 13:34:29 - [TEST_STEP][PASSED] - setText(findTestObject(orPath_TaxInfo + "/input_reTypeNoticeInvoiceNumber"), "258147147"): Text '258147147' is set on object 'Object Repository/RAD_Pages/TaxInfo_Page/input_reTypeNoticeInvoiceNumber'

2021-11-08 13:34:30 - [MESSAGE][PASSED] - Text '258147147' is set on object 'Object Repository/RAD_Pages/TaxInfo_Page/input_reTypeNoticeInvoiceNumber'

2021-11-08 13:34:30 - [TEST_STEP][PASSED] - if (TaxTypeEL.equalsIgnoreCase("Sales & Use Tax")): Text '07640126' is set on object 'Object Repository/RAD_Pages/TaxInfo_Page/input_MDCRegistrationEL'

2021-11-08 13:34:30 - [TEST_STEP][PASSED] - println("TaxTypeEL : " + TaxTypeEL): null

2021-11-08 13:34:30 - [TEST_STEP][PASSED] - setText(findTestObject(orPath_TaxInfo + "/input_MDCRegistrationEL"), "07640126"): Text '07640126' is set on object 'Object Repository/RAD_Pages/TaxInfo_Page/input_MDCRegistrationEL'

2021-11-08 13:34:31 - [MESSAGE][PASSED] - Text '07640126' is set on object 'Object Repository/RAD_Pages/TaxInfo_Page/input_MDCRegistrationEL'

2021-11-08 13:34:31 - [TEST_STEP][PASSED] - setText(findTestObject(orPath_Amount + "/input__paymentAmount"), Amount): Text '50.50' is set on object 'Object Repository/RAD_Pages/PaymentAmount_Page/input__paymentAmount'

2021-11-08 13:34:32 - [MESSAGE][PASSED] - Text '50.50' is set on object 'Object Repository/RAD_Pages/PaymentAmount_Page/input__paymentAmount'

2021-11-08 13:34:32 - [TEST_STEP][PASSED] - scrollToElement(findTestObject(orPath_Landing + "/button_Continue"), 3): Scroll to object 'Object Repository/RAD_Pages/Landing_Page/button_Continue' successfully

2021-11-08 13:34:32 - [MESSAGE][PASSED] - Scroll to object 'Object Repository/RAD_Pages/Landing_Page/button_Continue' successfully

2021-11-08 13:34:32 - [TEST_STEP][PASSED] - waitForElementClickable(findTestObject(orPath_Landing + "/button_Continue"), 5): Object 'Object Repository/RAD_Pages/Landing_Page/button_Continue' is clickable

2021-11-08 13:34:32 - [MESSAGE][PASSED] - Object 'Object Repository/RAD_Pages/Landing_Page/button_Continue' is clickable

2021-11-08 13:34:32 - [TEST_STEP][PASSED] - click(findTestObject(orPath_Landing + "/button_Continue")): Object: 'Object Repository/RAD_Pages/Landing_Page/button_Continue' is clicked on

2021-11-08 13:34:33 - [MESSAGE][PASSED] - Object: 'Object Repository/RAD_Pages/Landing_Page/button_Continue' is clicked on

2021-11-08 13:34:33 - [TEST_STEP][PASSED] - verifyTextPresent("Review the information below and make any necessary corrections by clicking the", true): Text 'Review the information below and make any necessary corrections by clicking the' is present on page  using regular expression

2021-11-08 13:34:33 - [MESSAGE][PASSED] - Text 'Review the information below and make any necessary corrections by clicking the' is present on page  using regular expression

2021-11-08 13:34:33 - [TEST_STEP][PASSED] - verifyTextPresent("When you are confident that all the information is correct", true): Text 'When you are confident that all the information is correct' is present on page  using regular expression

2021-11-08 13:34:34 - [MESSAGE][PASSED] - Text 'When you are confident that all the information is correct' is present on page  using regular expression

2021-11-08 13:34:34 - [TEST_STEP][PASSED] - delay(1): Delayed 1 second(s)

2021-11-08 13:34:35 - [MESSAGE][PASSED] - Delayed 1 second(s)

2021-11-08 13:34:35 - [TEST_STEP][PASSED] - click(findTestObject(orPath_PaymentReady + "/button_ProceedtoPayment")): Object: 'Object Repository/RAD_Pages/PaymentReady_Page/button_ProceedtoPayment' is clicked on

2021-11-08 13:34:36 - [MESSAGE][PASSED] - Object: 'Object Repository/RAD_Pages/PaymentReady_Page/button_ProceedtoPayment' is clicked on

2021-11-08 13:34:36 - [TEST_STEP][PASSED] - setText(findTestObject(orPath_PaymentEntry + "/input__cardNumber"), CCNumber): Text '6011000993026909' is set on object 'Object Repository/RAD_Pages/PaymentEntry_Page/input__cardNumber'

2021-11-08 13:34:37 - [MESSAGE][PASSED] - Text '6011000993026909' is set on object 'Object Repository/RAD_Pages/PaymentEntry_Page/input__cardNumber'

2021-11-08 13:34:37 - [TEST_STEP][PASSED] - setText(findTestObject(orPath_PaymentEntry + "/input__spc"), CVV): Text '123' is set on object 'Object Repository/RAD_Pages/PaymentEntry_Page/input__spc'

2021-11-08 13:34:38 - [MESSAGE][PASSED] - Text '123' is set on object 'Object Repository/RAD_Pages/PaymentEntry_Page/input__spc'

2021-11-08 13:34:38 - [TEST_STEP][PASSED] - selectOptionByLabel(findTestObject(orPath_PaymentEntry + "/select_MM"), "12", false): All options with label '12' are selected in object 'Object Repository/RAD_Pages/PaymentEntry_Page/select_MM' 

2021-11-08 13:34:39 - [MESSAGE][PASSED] - All options with label '12' are selected in object 'Object Repository/RAD_Pages/PaymentEntry_Page/select_MM' 

2021-11-08 13:34:39 - [TEST_STEP][PASSED] - selectOptionByLabel(findTestObject(orPath_PaymentEntry + "/select_YYYY"), "2023", false): All options with label '2023' are selected in object 'Object Repository/RAD_Pages/PaymentEntry_Page/select_YYYY' 

2021-11-08 13:34:39 - [MESSAGE][PASSED] - All options with label '2023' are selected in object 'Object Repository/RAD_Pages/PaymentEntry_Page/select_YYYY' 

2021-11-08 13:34:39 - [TEST_STEP][PASSED] - click(findTestObject(orPath_PaymentEntry + "/input_Field_ccSubmit")): Object: 'Object Repository/RAD_Pages/PaymentEntry_Page/input_Field_ccSubmit' is clicked on

2021-11-08 13:34:40 - [MESSAGE][PASSED] - Object: 'Object Repository/RAD_Pages/PaymentEntry_Page/input_Field_ccSubmit' is clicked on

2021-11-08 13:34:40 - [TEST_STEP][PASSED] - click(findTestObject(orPath_PaymentConfirmation + "/input_N_confirmNotifyAction")): Object: 'Object Repository/RAD_Pages/PaymentConfirmation_Page/input_N_confirmNotifyAction' is clicked on

2021-11-08 13:34:42 - [MESSAGE][PASSED] - Object: 'Object Repository/RAD_Pages/PaymentConfirmation_Page/input_N_confirmNotifyAction' is clicked on

2021-11-08 13:34:42 - [TEST_STEP][PASSED] - click(findTestObject(orPath_ServiceFeesAccept + "/input_convFeeNotifyAction")): Object: 'Object Repository/RAD_Pages/ServiceFeeAccept_Page/input_convFeeNotifyAction' is clicked on

2021-11-08 13:34:43 - [MESSAGE][PASSED] - Object: 'Object Repository/RAD_Pages/ServiceFeeAccept_Page/input_convFeeNotifyAction' is clicked on

2021-11-08 13:34:43 - [TEST_STEP][PASSED] - delay(10): Delayed 10 second(s)

2021-11-08 13:34:53 - [MESSAGE][PASSED] - Delayed 10 second(s)

2021-11-08 13:34:53 - [TEST_STEP][PASSED] - verifyTextPresent("Successful Payment Receipt", true): Text 'Successful Payment Receipt' is present on page  using regular expression

2021-11-08 13:34:54 - [MESSAGE][PASSED] - Text 'Successful Payment Receipt' is present on page  using regular expression

2021-11-08 13:34:54 - [TEST_STEP][PASSED] - if (verifyTextPresent("Successful Payment Receipt", true)): null

2021-11-08 13:34:54 - [MESSAGE][PASSED] - Text 'Successful Payment Receipt' is present on page  using regular expression

2021-11-08 13:34:54 - [TEST_STEP][PASSED] - println("Transaction was Successful"): null

2021-11-08 13:34:54 - [TEST_STEP][PASSED] - out.println("Pass Record Number: " + row): null

2021-11-08 13:34:54 - [TEST_STEP][PASSED] - resText = "Pass": null

2021-11-08 13:34:54 - [TEST_STEP][PASSED] - pages.WriteExcel.demoKey(resText, datText, resColumn, datCloumn, fileLoc, nameSheet, row): pages.WriteExcel.demoKey is PASSED

2021-11-08 13:34:54 - [MESSAGE][PASSED] - pages.WriteExcel.demoKey is PASSED

2021-11-08 13:34:54 - [TEST_STEP][PASSED] - ExecuteTC = findTestData(dataFile).getValue("Execute", row): null

2021-11-08 13:34:54 - [TEST_STEP][PASSED] - Taxtype = findTestData(dataFile).getValue("TaxType", row): null

2021-11-08 13:34:54 - [TEST_STEP][PASSED] - TaxTypeEL = findTestData(dataFile).getValue("TaxTypeEL", row): null

2021-11-08 13:34:54 - [TEST_STEP][PASSED] - FilingYear = findTestData(dataFile).getValue("FilingYear", row): null

2021-11-08 13:34:54 - [TEST_STEP][PASSED] - FName = findTestData(dataFile).getValue("Fname", row): null

2021-11-08 13:34:54 - [TEST_STEP][PASSED] - LName = findTestData(dataFile).getValue("Lname", row): null

2021-11-08 13:34:54 - [TEST_STEP][PASSED] - AL1 = findTestData(dataFile).getValue("AL1", row): null

2021-11-08 13:34:54 - [TEST_STEP][PASSED] - City = findTestData(dataFile).getValue("City", row): null

2021-11-08 13:34:54 - [TEST_STEP][PASSED] - ZIP = findTestData(dataFile).getValue("ZIP", row): null

2021-11-08 13:34:54 - [TEST_STEP][PASSED] - Amount = findTestData(dataFile).getValue("Amount", row): null

2021-11-08 13:34:54 - [TEST_STEP][PASSED] - CCNumber = findTestData(dataFile).getValue("CCNumber", row): null

2021-11-08 13:34:54 - [TEST_STEP][PASSED] - CVV = findTestData(dataFile).getValue("CVV", row): null

2021-11-08 13:34:54 - [TEST_STEP][PASSED] - SSN = findTestData(dataFile).getValue("SSN", row): null

2021-11-08 13:34:55 - [TEST_STEP][PASSED] - FEIN = findTestData(dataFile).getValue("FEIN", row): null

2021-11-08 13:34:55 - [TEST_STEP][PASSED] - out.println("Value of Execute is : " + ExecuteTC): null

2021-11-08 13:34:55 - [TEST_STEP][PASSED] - if (ExecuteTC.equalsIgnoreCase("Y")): null

2021-11-08 13:34:55 - [TEST_STEP][PASSED] - out.println("Begin Record Number: " + row): null

2021-11-08 13:34:55 - [TEST_STEP][PASSED] - today = new java.util.Date(): null

2021-11-08 13:34:55 - [TEST_STEP][PASSED] - println(today): null

2021-11-08 13:34:55 - [TEST_STEP][PASSED] - datText = today: null

2021-11-08 13:34:55 - [TEST_STEP][PASSED] - Taxtype = findTestData(dataFile).getValue("TaxType", row): null

2021-11-08 13:34:55 - [TEST_STEP][PASSED] - out.println("Taxtype value is : " + Taxtype): null

2021-11-08 13:34:55 - [TEST_STEP][PASSED] - openBrowser(""): Browser is opened with url: ''

2021-11-08 13:34:55 - [MESSAGE][WARNING] - A browser is already opened. Closing browser and opening a new one

2021-11-08 13:34:55 - [MESSAGE][INFO] - Starting 'Chrome' driver

2021-11-08 13:34:55 - [MESSAGE][INFO] - User set preference: ['acceptInsecureCerts', 'true']

2021-11-08 13:34:55 - [MESSAGE][INFO] - Action delay is set to 0 milliseconds

2021-11-08 13:34:57 - [MESSAGE][PASSED] - Browser is opened with url: ''

2021-11-08 13:34:57 - [TEST_STEP][PASSED] - maximizeWindow(): Current window maximized

2021-11-08 13:34:57 - [MESSAGE][PASSED] - Current window maximized

2021-11-08 13:34:57 - [TEST_STEP][PASSED] - navigateToUrl(RADurl): Navigate to 'https://qa.velocitypayment.com/client/rad/index.html' successfully

2021-11-08 13:34:59 - [MESSAGE][PASSED] - Navigate to 'https://qa.velocitypayment.com/client/rad/index.html' successfully

2021-11-08 13:34:59 - [TEST_STEP][PASSED] - orPath_Landing = "Object Repository/RAD_Pages/Landing_Page": null

2021-11-08 13:34:59 - [TEST_STEP][PASSED] - orPath_TaxTypeFilingYear = "Object Repository/RAD_Pages/TaxTypeFilingYear_Page": null

2021-11-08 13:34:59 - [TEST_STEP][PASSED] - orPath_TaxPayer = "Object Repository/RAD_Pages/Taxpayer_Page": null

2021-11-08 13:34:59 - [TEST_STEP][PASSED] - orPath_AddressContact = "Object Repository/RAD_Pages/AddressAndContactInfo_Page": null

2021-11-08 13:34:59 - [TEST_STEP][PASSED] - orPath_FilingStatus = "Object Repository/RAD_Pages/FilingStatus_Page": null

2021-11-08 13:34:59 - [TEST_STEP][PASSED] - orPath_Amount = "Object Repository/RAD_Pages/PaymentAmount_Page": null

2021-11-08 13:34:59 - [TEST_STEP][PASSED] - orPath_TaxInfo = "Object Repository/RAD_Pages/TaxInfo_Page": null

2021-11-08 13:34:59 - [TEST_STEP][PASSED] - orPath_Withholding = "Object Repository/RAD_Pages/Withholding_Page": null

2021-11-08 13:34:59 - [TEST_STEP][PASSED] - orPath_Summary = "Object Repository/RAD_Pages/Summary_Page": null

2021-11-08 13:34:59 - [TEST_STEP][PASSED] - orPath_PaymentReady = "Object Repository/RAD_Pages/PaymentReady_Page": null

2021-11-08 13:34:59 - [TEST_STEP][PASSED] - orPath_PaymentEntry = "Object Repository/RAD_Pages/PaymentEntry_Page": null

2021-11-08 13:34:59 - [TEST_STEP][PASSED] - orPath_PaymentConfirmation = "Object Repository/RAD_Pages/PaymentConfirmation_Page": null

2021-11-08 13:34:59 - [TEST_STEP][PASSED] - orPath_ServiceFeesAccept = "Object Repository/RAD_Pages/ServiceFeeAccept_Page": null

2021-11-08 13:34:59 - [TEST_STEP][PASSED] - selectOptionByLabel(findTestObject(orPath_Landing + "/dd_TaxType"), Taxtype, false): All options with label 'Existing Liability' are selected in object 'Object Repository/RAD_Pages/Landing_Page/dd_TaxType' 

2021-11-08 13:35:00 - [MESSAGE][PASSED] - All options with label 'Existing Liability' are selected in object 'Object Repository/RAD_Pages/Landing_Page/dd_TaxType' 

2021-11-08 13:35:00 - [TEST_STEP][PASSED] - delay(1): Delayed 1 second(s)

2021-11-08 13:35:01 - [MESSAGE][PASSED] - Delayed 1 second(s)

2021-11-08 13:35:01 - [TEST_STEP][PASSED] - selectOptionByLabel(findTestObject(orPath_TaxTypeFilingYear + "/select_TaxType_ExistingLiability"), TaxTypeEL, false): All options with label 'Sales & Use Tax' are selected in object 'Object Repository/RAD_Pages/TaxTypeFilingYear_Page/select_TaxType_ExistingLiability' 

2021-11-08 13:35:01 - [MESSAGE][PASSED] - All options with label 'Sales & Use Tax' are selected in object 'Object Repository/RAD_Pages/TaxTypeFilingYear_Page/select_TaxType_ExistingLiability' 

2021-11-08 13:35:01 - [TEST_STEP][PASSED] - selectOptionByLabel(findTestObject(orPath_TaxTypeFilingYear + "/select_FilingYear"), FilingYear, false): All options with label '2019' are selected in object 'Object Repository/RAD_Pages/TaxTypeFilingYear_Page/select_FilingYear' 

2021-11-08 13:35:02 - [MESSAGE][PASSED] - All options with label '2019' are selected in object 'Object Repository/RAD_Pages/TaxTypeFilingYear_Page/select_FilingYear' 

2021-11-08 13:35:02 - [TEST_STEP][PASSED] - setText(findTestObject(orPath_TaxPayer + "/input_firstName"), FName): Text 'Jackson' is set on object 'Object Repository/RAD_Pages/Taxpayer_Page/input_firstName'

2021-11-08 13:35:03 - [MESSAGE][PASSED] - Text 'Jackson' is set on object 'Object Repository/RAD_Pages/Taxpayer_Page/input_firstName'

2021-11-08 13:35:03 - [TEST_STEP][PASSED] - setText(findTestObject(orPath_TaxPayer + "/input_lastName"), LName): Text 'Vaughn' is set on object 'Object Repository/RAD_Pages/Taxpayer_Page/input_lastName'

2021-11-08 13:35:03 - [MESSAGE][PASSED] - Text 'Vaughn' is set on object 'Object Repository/RAD_Pages/Taxpayer_Page/input_lastName'

2021-11-08 13:35:03 - [TEST_STEP][PASSED] - setText(findTestObject(orPath_TaxPayer + "/input_middleName"), "Johns"): Text 'Johns' is set on object 'Object Repository/RAD_Pages/Taxpayer_Page/input_middleName'

2021-11-08 13:35:04 - [MESSAGE][PASSED] - Text 'Johns' is set on object 'Object Repository/RAD_Pages/Taxpayer_Page/input_middleName'

2021-11-08 13:35:04 - [TEST_STEP][PASSED] - setText(findTestObject(orPath_TaxPayer + "/input_suffix"), "Sr"): Text 'Sr' is set on object 'Object Repository/RAD_Pages/Taxpayer_Page/input_suffix'

2021-11-08 13:35:05 - [MESSAGE][PASSED] - Text 'Sr' is set on object 'Object Repository/RAD_Pages/Taxpayer_Page/input_suffix'

2021-11-08 13:35:05 - [TEST_STEP][PASSED] - selectOptionByLabel(findTestObject(orPath_AddressContact + "/select_Country"), "United States", false): All options with label 'United States' are selected in object 'Object Repository/RAD_Pages/AddressAndContactInfo_Page/select_Country' 

2021-11-08 13:35:05 - [MESSAGE][PASSED] - All options with label 'United States' are selected in object 'Object Repository/RAD_Pages/AddressAndContactInfo_Page/select_Country' 

2021-11-08 13:35:05 - [TEST_STEP][PASSED] - setText(findTestObject(orPath_AddressContact + "/input_streetAddress1"), AL1): Text '1501 Mandan Terrace' is set on object 'Object Repository/RAD_Pages/AddressAndContactInfo_Page/input_streetAddress1'

2021-11-08 13:35:06 - [MESSAGE][PASSED] - Text '1501 Mandan Terrace' is set on object 'Object Repository/RAD_Pages/AddressAndContactInfo_Page/input_streetAddress1'

2021-11-08 13:35:06 - [TEST_STEP][PASSED] - setText(findTestObject(orPath_AddressContact + "/input_streetAddress2"), ""): Text '' is set on object 'Object Repository/RAD_Pages/AddressAndContactInfo_Page/input_streetAddress2'

2021-11-08 13:35:07 - [MESSAGE][PASSED] - Text '' is set on object 'Object Repository/RAD_Pages/AddressAndContactInfo_Page/input_streetAddress2'

2021-11-08 13:35:07 - [TEST_STEP][PASSED] - setText(findTestObject(orPath_AddressContact + "/input_city"), City): Text 'Bowie' is set on object 'Object Repository/RAD_Pages/AddressAndContactInfo_Page/input_city'

2021-11-08 13:35:07 - [MESSAGE][PASSED] - Text 'Bowie' is set on object 'Object Repository/RAD_Pages/AddressAndContactInfo_Page/input_city'

2021-11-08 13:35:07 - [TEST_STEP][PASSED] - selectOptionByLabel(findTestObject(orPath_AddressContact + "/select_State"), "Maryland", false): All options with label 'Maryland' are selected in object 'Object Repository/RAD_Pages/AddressAndContactInfo_Page/select_State' 

2021-11-08 13:35:08 - [MESSAGE][PASSED] - All options with label 'Maryland' are selected in object 'Object Repository/RAD_Pages/AddressAndContactInfo_Page/select_State' 

2021-11-08 13:35:08 - [TEST_STEP][PASSED] - setText(findTestObject(orPath_AddressContact + "/input_zipCode"), ZIP): Text '20720' is set on object 'Object Repository/RAD_Pages/AddressAndContactInfo_Page/input_zipCode'

2021-11-08 13:35:08 - [MESSAGE][PASSED] - Text '20720' is set on object 'Object Repository/RAD_Pages/AddressAndContactInfo_Page/input_zipCode'

2021-11-08 13:35:08 - [TEST_STEP][PASSED] - setText(findTestObject(orPath_AddressContact + "/input_phoneNumber"), "(703) 894-5000"): Text '(703) 894-5000' is set on object 'Object Repository/RAD_Pages/AddressAndContactInfo_Page/input_phoneNumber'

2021-11-08 13:35:09 - [MESSAGE][PASSED] - Text '(703) 894-5000' is set on object 'Object Repository/RAD_Pages/AddressAndContactInfo_Page/input_phoneNumber'

2021-11-08 13:35:09 - [TEST_STEP][PASSED] - setText(findTestObject(orPath_AddressContact + "/input_eMailAddress"), "iahmed@govolution.com"): Text 'iahmed@govolution.com' is set on object 'Object Repository/RAD_Pages/AddressAndContactInfo_Page/input_eMailAddress'

2021-11-08 13:35:10 - [MESSAGE][PASSED] - Text 'iahmed@govolution.com' is set on object 'Object Repository/RAD_Pages/AddressAndContactInfo_Page/input_eMailAddress'

2021-11-08 13:35:10 - [TEST_STEP][PASSED] - setText(findTestObject(orPath_AddressContact + "/input_reEnterEMailAddress"), "iahmed@govolution.com"): Text 'iahmed@govolution.com' is set on object 'Object Repository/RAD_Pages/AddressAndContactInfo_Page/input_reEnterEMailAddress'

2021-11-08 13:35:11 - [MESSAGE][PASSED] - Text 'iahmed@govolution.com' is set on object 'Object Repository/RAD_Pages/AddressAndContactInfo_Page/input_reEnterEMailAddress'

2021-11-08 13:35:11 - [TEST_STEP][PASSED] - if (!(SSN.isEmpty())): null

2021-11-08 13:35:11 - [TEST_STEP][PASSED] - scrollToElement(findTestObject(orPath_Amount + "/input__paymentAmount"), 3): Scroll to object 'Object Repository/RAD_Pages/PaymentAmount_Page/input__paymentAmount' successfully

2021-11-08 13:35:11 - [MESSAGE][PASSED] - Scroll to object 'Object Repository/RAD_Pages/PaymentAmount_Page/input__paymentAmount' successfully

2021-11-08 13:35:11 - [TEST_STEP][PASSED] - if (!(FEIN.isEmpty())): Text '258369265' is set on object 'Object Repository/RAD_Pages/TaxInfo_Page/input_ReTypeFEIN'

2021-11-08 13:35:11 - [TEST_STEP][PASSED] - setText(findTestObject(orPath_TaxInfo + "/input_FEIN"), FEIN): Text '258369265' is set on object 'Object Repository/RAD_Pages/TaxInfo_Page/input_FEIN'

2021-11-08 13:35:12 - [MESSAGE][PASSED] - Text '258369265' is set on object 'Object Repository/RAD_Pages/TaxInfo_Page/input_FEIN'

2021-11-08 13:35:12 - [TEST_STEP][PASSED] - setText(findTestObject(orPath_TaxInfo + "/input_ReTypeFEIN"), FEIN): Text '258369265' is set on object 'Object Repository/RAD_Pages/TaxInfo_Page/input_ReTypeFEIN'

2021-11-08 13:35:12 - [MESSAGE][PASSED] - Text '258369265' is set on object 'Object Repository/RAD_Pages/TaxInfo_Page/input_ReTypeFEIN'

2021-11-08 13:35:12 - [TEST_STEP][PASSED] - delay(1): Delayed 1 second(s)

2021-11-08 13:35:13 - [MESSAGE][PASSED] - Delayed 1 second(s)

2021-11-08 13:35:13 - [TEST_STEP][PASSED] - setText(findTestObject(orPath_TaxInfo + "/input_NoticeInvoiceNumber"), "258147147"): Text '258147147' is set on object 'Object Repository/RAD_Pages/TaxInfo_Page/input_NoticeInvoiceNumber'

2021-11-08 13:35:14 - [MESSAGE][PASSED] - Text '258147147' is set on object 'Object Repository/RAD_Pages/TaxInfo_Page/input_NoticeInvoiceNumber'

2021-11-08 13:35:14 - [TEST_STEP][PASSED] - setText(findTestObject(orPath_TaxInfo + "/input_reTypeNoticeInvoiceNumber"), "258147147"): Text '258147147' is set on object 'Object Repository/RAD_Pages/TaxInfo_Page/input_reTypeNoticeInvoiceNumber'

2021-11-08 13:35:15 - [MESSAGE][PASSED] - Text '258147147' is set on object 'Object Repository/RAD_Pages/TaxInfo_Page/input_reTypeNoticeInvoiceNumber'

2021-11-08 13:35:15 - [TEST_STEP][PASSED] - if (TaxTypeEL.equalsIgnoreCase("Sales & Use Tax")): Text '07640126' is set on object 'Object Repository/RAD_Pages/TaxInfo_Page/input_MDCRegistrationEL'

2021-11-08 13:35:15 - [TEST_STEP][PASSED] - println("TaxTypeEL : " + TaxTypeEL): null

2021-11-08 13:35:15 - [TEST_STEP][PASSED] - setText(findTestObject(orPath_TaxInfo + "/input_MDCRegistrationEL"), "07640126"): Text '07640126' is set on object 'Object Repository/RAD_Pages/TaxInfo_Page/input_MDCRegistrationEL'

2021-11-08 13:35:16 - [MESSAGE][PASSED] - Text '07640126' is set on object 'Object Repository/RAD_Pages/TaxInfo_Page/input_MDCRegistrationEL'

2021-11-08 13:35:16 - [TEST_STEP][PASSED] - setText(findTestObject(orPath_Amount + "/input__paymentAmount"), Amount): Text '50.50' is set on object 'Object Repository/RAD_Pages/PaymentAmount_Page/input__paymentAmount'

2021-11-08 13:35:16 - [MESSAGE][PASSED] - Text '50.50' is set on object 'Object Repository/RAD_Pages/PaymentAmount_Page/input__paymentAmount'

2021-11-08 13:35:16 - [TEST_STEP][PASSED] - scrollToElement(findTestObject(orPath_Landing + "/button_Continue"), 3): Scroll to object 'Object Repository/RAD_Pages/Landing_Page/button_Continue' successfully

2021-11-08 13:35:17 - [MESSAGE][PASSED] - Scroll to object 'Object Repository/RAD_Pages/Landing_Page/button_Continue' successfully

2021-11-08 13:35:17 - [TEST_STEP][PASSED] - waitForElementClickable(findTestObject(orPath_Landing + "/button_Continue"), 5): Object 'Object Repository/RAD_Pages/Landing_Page/button_Continue' is clickable

2021-11-08 13:35:17 - [MESSAGE][PASSED] - Object 'Object Repository/RAD_Pages/Landing_Page/button_Continue' is clickable

2021-11-08 13:35:17 - [TEST_STEP][PASSED] - click(findTestObject(orPath_Landing + "/button_Continue")): Object: 'Object Repository/RAD_Pages/Landing_Page/button_Continue' is clicked on

2021-11-08 13:35:17 - [MESSAGE][PASSED] - Object: 'Object Repository/RAD_Pages/Landing_Page/button_Continue' is clicked on

2021-11-08 13:35:17 - [TEST_STEP][PASSED] - verifyTextPresent("Review the information below and make any necessary corrections by clicking the", true): Text 'Review the information below and make any necessary corrections by clicking the' is present on page  using regular expression

2021-11-08 13:35:18 - [MESSAGE][PASSED] - Text 'Review the information below and make any necessary corrections by clicking the' is present on page  using regular expression

2021-11-08 13:35:18 - [TEST_STEP][PASSED] - verifyTextPresent("When you are confident that all the information is correct", true): Text 'When you are confident that all the information is correct' is present on page  using regular expression

2021-11-08 13:35:18 - [MESSAGE][PASSED] - Text 'When you are confident that all the information is correct' is present on page  using regular expression

2021-11-08 13:35:18 - [TEST_STEP][PASSED] - delay(1): Delayed 1 second(s)

2021-11-08 13:35:19 - [MESSAGE][PASSED] - Delayed 1 second(s)

2021-11-08 13:35:19 - [TEST_STEP][PASSED] - click(findTestObject(orPath_PaymentReady + "/button_ProceedtoPayment")): Object: 'Object Repository/RAD_Pages/PaymentReady_Page/button_ProceedtoPayment' is clicked on

2021-11-08 13:35:22 - [MESSAGE][PASSED] - Object: 'Object Repository/RAD_Pages/PaymentReady_Page/button_ProceedtoPayment' is clicked on

2021-11-08 13:35:22 - [TEST_STEP][PASSED] - setText(findTestObject(orPath_PaymentEntry + "/input__cardNumber"), CCNumber): Text '6011000993026909' is set on object 'Object Repository/RAD_Pages/PaymentEntry_Page/input__cardNumber'

2021-11-08 13:35:22 - [MESSAGE][PASSED] - Text '6011000993026909' is set on object 'Object Repository/RAD_Pages/PaymentEntry_Page/input__cardNumber'

2021-11-08 13:35:22 - [TEST_STEP][PASSED] - setText(findTestObject(orPath_PaymentEntry + "/input__spc"), CVV): Text '123' is set on object 'Object Repository/RAD_Pages/PaymentEntry_Page/input__spc'

2021-11-08 13:35:23 - [MESSAGE][PASSED] - Text '123' is set on object 'Object Repository/RAD_Pages/PaymentEntry_Page/input__spc'

2021-11-08 13:35:23 - [TEST_STEP][PASSED] - selectOptionByLabel(findTestObject(orPath_PaymentEntry + "/select_MM"), "12", false): All options with label '12' are selected in object 'Object Repository/RAD_Pages/PaymentEntry_Page/select_MM' 

2021-11-08 13:35:24 - [MESSAGE][PASSED] - All options with label '12' are selected in object 'Object Repository/RAD_Pages/PaymentEntry_Page/select_MM' 

2021-11-08 13:35:24 - [TEST_STEP][PASSED] - selectOptionByLabel(findTestObject(orPath_PaymentEntry + "/select_YYYY"), "2023", false): All options with label '2023' are selected in object 'Object Repository/RAD_Pages/PaymentEntry_Page/select_YYYY' 

2021-11-08 13:35:24 - [MESSAGE][PASSED] - All options with label '2023' are selected in object 'Object Repository/RAD_Pages/PaymentEntry_Page/select_YYYY' 

2021-11-08 13:35:24 - [TEST_STEP][PASSED] - click(findTestObject(orPath_PaymentEntry + "/input_Field_ccSubmit")): Object: 'Object Repository/RAD_Pages/PaymentEntry_Page/input_Field_ccSubmit' is clicked on

2021-11-08 13:35:26 - [MESSAGE][PASSED] - Object: 'Object Repository/RAD_Pages/PaymentEntry_Page/input_Field_ccSubmit' is clicked on

2021-11-08 13:35:26 - [TEST_STEP][PASSED] - click(findTestObject(orPath_PaymentConfirmation + "/input_N_confirmNotifyAction")): Object: 'Object Repository/RAD_Pages/PaymentConfirmation_Page/input_N_confirmNotifyAction' is clicked on

2021-11-08 13:35:27 - [MESSAGE][PASSED] - Object: 'Object Repository/RAD_Pages/PaymentConfirmation_Page/input_N_confirmNotifyAction' is clicked on

2021-11-08 13:35:27 - [TEST_STEP][PASSED] - click(findTestObject(orPath_ServiceFeesAccept + "/input_convFeeNotifyAction")): Object: 'Object Repository/RAD_Pages/ServiceFeeAccept_Page/input_convFeeNotifyAction' is clicked on

2021-11-08 13:35:29 - [MESSAGE][PASSED] - Object: 'Object Repository/RAD_Pages/ServiceFeeAccept_Page/input_convFeeNotifyAction' is clicked on

2021-11-08 13:35:29 - [TEST_STEP][PASSED] - delay(10): Delayed 10 second(s)

2021-11-08 13:35:39 - [MESSAGE][PASSED] - Delayed 10 second(s)

2021-11-08 13:35:39 - [TEST_STEP][PASSED] - verifyTextPresent("Successful Payment Receipt", true): Text 'Successful Payment Receipt' is present on page  using regular expression

2021-11-08 13:35:39 - [MESSAGE][PASSED] - Text 'Successful Payment Receipt' is present on page  using regular expression

2021-11-08 13:35:39 - [TEST_STEP][PASSED] - if (verifyTextPresent("Successful Payment Receipt", true)): null

2021-11-08 13:35:39 - [MESSAGE][PASSED] - Text 'Successful Payment Receipt' is present on page  using regular expression

2021-11-08 13:35:39 - [TEST_STEP][PASSED] - println("Transaction was Successful"): null

2021-11-08 13:35:39 - [TEST_STEP][PASSED] - out.println("Pass Record Number: " + row): null

2021-11-08 13:35:39 - [TEST_STEP][PASSED] - resText = "Pass": null

2021-11-08 13:35:39 - [TEST_STEP][PASSED] - pages.WriteExcel.demoKey(resText, datText, resColumn, datCloumn, fileLoc, nameSheet, row): pages.WriteExcel.demoKey is PASSED

2021-11-08 13:35:39 - [MESSAGE][PASSED] - pages.WriteExcel.demoKey is PASSED

2021-11-08 13:35:39 - [TEST_STEP][PASSED] - ExecuteTC = findTestData(dataFile).getValue("Execute", row): null

2021-11-08 13:35:39 - [TEST_STEP][PASSED] - Taxtype = findTestData(dataFile).getValue("TaxType", row): null

2021-11-08 13:35:39 - [TEST_STEP][PASSED] - TaxTypeEL = findTestData(dataFile).getValue("TaxTypeEL", row): null

2021-11-08 13:35:39 - [TEST_STEP][PASSED] - FilingYear = findTestData(dataFile).getValue("FilingYear", row): null

2021-11-08 13:35:39 - [TEST_STEP][PASSED] - FName = findTestData(dataFile).getValue("Fname", row): null

2021-11-08 13:35:39 - [TEST_STEP][PASSED] - LName = findTestData(dataFile).getValue("Lname", row): null

2021-11-08 13:35:40 - [TEST_STEP][PASSED] - AL1 = findTestData(dataFile).getValue("AL1", row): null

2021-11-08 13:35:40 - [TEST_STEP][PASSED] - City = findTestData(dataFile).getValue("City", row): null

2021-11-08 13:35:40 - [TEST_STEP][PASSED] - ZIP = findTestData(dataFile).getValue("ZIP", row): null

2021-11-08 13:35:40 - [TEST_STEP][PASSED] - Amount = findTestData(dataFile).getValue("Amount", row): null

2021-11-08 13:35:40 - [TEST_STEP][PASSED] - CCNumber = findTestData(dataFile).getValue("CCNumber", row): null

2021-11-08 13:35:40 - [TEST_STEP][PASSED] - CVV = findTestData(dataFile).getValue("CVV", row): null

2021-11-08 13:35:40 - [TEST_STEP][PASSED] - SSN = findTestData(dataFile).getValue("SSN", row): null

2021-11-08 13:35:40 - [TEST_STEP][PASSED] - FEIN = findTestData(dataFile).getValue("FEIN", row): null

2021-11-08 13:35:40 - [TEST_STEP][PASSED] - out.println("Value of Execute is : " + ExecuteTC): null

2021-11-08 13:35:40 - [TEST_STEP][PASSED] - if (ExecuteTC.equalsIgnoreCase("Y")): null

2021-11-08 13:35:40 - [TEST_STEP][PASSED] - out.println("Begin Record Number: " + row): null

2021-11-08 13:35:40 - [TEST_STEP][PASSED] - today = new java.util.Date(): null

2021-11-08 13:35:40 - [TEST_STEP][PASSED] - println(today): null

2021-11-08 13:35:40 - [TEST_STEP][PASSED] - datText = today: null

2021-11-08 13:35:40 - [TEST_STEP][PASSED] - Taxtype = findTestData(dataFile).getValue("TaxType", row): null

2021-11-08 13:35:40 - [TEST_STEP][PASSED] - out.println("Taxtype value is : " + Taxtype): null

2021-11-08 13:35:40 - [TEST_STEP][PASSED] - openBrowser(""): Browser is opened with url: ''

2021-11-08 13:35:40 - [MESSAGE][WARNING] - A browser is already opened. Closing browser and opening a new one

2021-11-08 13:35:41 - [MESSAGE][INFO] - Starting 'Chrome' driver

2021-11-08 13:35:41 - [MESSAGE][INFO] - User set preference: ['acceptInsecureCerts', 'true']

2021-11-08 13:35:41 - [MESSAGE][INFO] - Action delay is set to 0 milliseconds

2021-11-08 13:35:42 - [MESSAGE][PASSED] - Browser is opened with url: ''

2021-11-08 13:35:42 - [TEST_STEP][PASSED] - maximizeWindow(): Current window maximized

2021-11-08 13:35:42 - [MESSAGE][PASSED] - Current window maximized

2021-11-08 13:35:42 - [TEST_STEP][PASSED] - navigateToUrl(RADurl): Navigate to 'https://qa.velocitypayment.com/client/rad/index.html' successfully

2021-11-08 13:35:44 - [MESSAGE][PASSED] - Navigate to 'https://qa.velocitypayment.com/client/rad/index.html' successfully

2021-11-08 13:35:44 - [TEST_STEP][PASSED] - orPath_Landing = "Object Repository/RAD_Pages/Landing_Page": null

2021-11-08 13:35:44 - [TEST_STEP][PASSED] - orPath_TaxTypeFilingYear = "Object Repository/RAD_Pages/TaxTypeFilingYear_Page": null

2021-11-08 13:35:44 - [TEST_STEP][PASSED] - orPath_TaxPayer = "Object Repository/RAD_Pages/Taxpayer_Page": null

2021-11-08 13:35:44 - [TEST_STEP][PASSED] - orPath_AddressContact = "Object Repository/RAD_Pages/AddressAndContactInfo_Page": null

2021-11-08 13:35:44 - [TEST_STEP][PASSED] - orPath_FilingStatus = "Object Repository/RAD_Pages/FilingStatus_Page": null

2021-11-08 13:35:44 - [TEST_STEP][PASSED] - orPath_Amount = "Object Repository/RAD_Pages/PaymentAmount_Page": null

2021-11-08 13:35:44 - [TEST_STEP][PASSED] - orPath_TaxInfo = "Object Repository/RAD_Pages/TaxInfo_Page": null

2021-11-08 13:35:44 - [TEST_STEP][PASSED] - orPath_Withholding = "Object Repository/RAD_Pages/Withholding_Page": null

2021-11-08 13:35:44 - [TEST_STEP][PASSED] - orPath_Summary = "Object Repository/RAD_Pages/Summary_Page": null

2021-11-08 13:35:44 - [TEST_STEP][PASSED] - orPath_PaymentReady = "Object Repository/RAD_Pages/PaymentReady_Page": null

2021-11-08 13:35:44 - [TEST_STEP][PASSED] - orPath_PaymentEntry = "Object Repository/RAD_Pages/PaymentEntry_Page": null

2021-11-08 13:35:44 - [TEST_STEP][PASSED] - orPath_PaymentConfirmation = "Object Repository/RAD_Pages/PaymentConfirmation_Page": null

2021-11-08 13:35:44 - [TEST_STEP][PASSED] - orPath_ServiceFeesAccept = "Object Repository/RAD_Pages/ServiceFeeAccept_Page": null

2021-11-08 13:35:44 - [TEST_STEP][PASSED] - selectOptionByLabel(findTestObject(orPath_Landing + "/dd_TaxType"), Taxtype, false): All options with label 'Existing Liability' are selected in object 'Object Repository/RAD_Pages/Landing_Page/dd_TaxType' 

2021-11-08 13:35:45 - [MESSAGE][PASSED] - All options with label 'Existing Liability' are selected in object 'Object Repository/RAD_Pages/Landing_Page/dd_TaxType' 

2021-11-08 13:35:45 - [TEST_STEP][PASSED] - delay(1): Delayed 1 second(s)

2021-11-08 13:35:46 - [MESSAGE][PASSED] - Delayed 1 second(s)

2021-11-08 13:35:46 - [TEST_STEP][PASSED] - selectOptionByLabel(findTestObject(orPath_TaxTypeFilingYear + "/select_TaxType_ExistingLiability"), TaxTypeEL, false): All options with label 'Tire Fee Tax' are selected in object 'Object Repository/RAD_Pages/TaxTypeFilingYear_Page/select_TaxType_ExistingLiability' 

2021-11-08 13:35:46 - [MESSAGE][PASSED] - All options with label 'Tire Fee Tax' are selected in object 'Object Repository/RAD_Pages/TaxTypeFilingYear_Page/select_TaxType_ExistingLiability' 

2021-11-08 13:35:46 - [TEST_STEP][PASSED] - selectOptionByLabel(findTestObject(orPath_TaxTypeFilingYear + "/select_FilingYear"), FilingYear, false): All options with label '2019' are selected in object 'Object Repository/RAD_Pages/TaxTypeFilingYear_Page/select_FilingYear' 

2021-11-08 13:35:47 - [MESSAGE][PASSED] - All options with label '2019' are selected in object 'Object Repository/RAD_Pages/TaxTypeFilingYear_Page/select_FilingYear' 

2021-11-08 13:35:47 - [TEST_STEP][PASSED] - setText(findTestObject(orPath_TaxPayer + "/input_firstName"), FName): Text 'Nahida' is set on object 'Object Repository/RAD_Pages/Taxpayer_Page/input_firstName'

2021-11-08 13:35:48 - [MESSAGE][PASSED] - Text 'Nahida' is set on object 'Object Repository/RAD_Pages/Taxpayer_Page/input_firstName'

2021-11-08 13:35:48 - [TEST_STEP][PASSED] - setText(findTestObject(orPath_TaxPayer + "/input_lastName"), LName): Text 'Murray' is set on object 'Object Repository/RAD_Pages/Taxpayer_Page/input_lastName'

2021-11-08 13:35:48 - [MESSAGE][PASSED] - Text 'Murray' is set on object 'Object Repository/RAD_Pages/Taxpayer_Page/input_lastName'

2021-11-08 13:35:48 - [TEST_STEP][PASSED] - setText(findTestObject(orPath_TaxPayer + "/input_middleName"), "Johns"): Text 'Johns' is set on object 'Object Repository/RAD_Pages/Taxpayer_Page/input_middleName'

2021-11-08 13:35:49 - [MESSAGE][PASSED] - Text 'Johns' is set on object 'Object Repository/RAD_Pages/Taxpayer_Page/input_middleName'

2021-11-08 13:35:49 - [TEST_STEP][PASSED] - setText(findTestObject(orPath_TaxPayer + "/input_suffix"), "Sr"): Text 'Sr' is set on object 'Object Repository/RAD_Pages/Taxpayer_Page/input_suffix'

2021-11-08 13:35:50 - [MESSAGE][PASSED] - Text 'Sr' is set on object 'Object Repository/RAD_Pages/Taxpayer_Page/input_suffix'

2021-11-08 13:35:50 - [TEST_STEP][PASSED] - selectOptionByLabel(findTestObject(orPath_AddressContact + "/select_Country"), "United States", false): All options with label 'United States' are selected in object 'Object Repository/RAD_Pages/AddressAndContactInfo_Page/select_Country' 

2021-11-08 13:35:50 - [MESSAGE][PASSED] - All options with label 'United States' are selected in object 'Object Repository/RAD_Pages/AddressAndContactInfo_Page/select_Country' 

2021-11-08 13:35:50 - [TEST_STEP][PASSED] - setText(findTestObject(orPath_AddressContact + "/input_streetAddress1"), AL1): Text '2336 Turn ct' is set on object 'Object Repository/RAD_Pages/AddressAndContactInfo_Page/input_streetAddress1'

2021-11-08 13:35:51 - [MESSAGE][PASSED] - Text '2336 Turn ct' is set on object 'Object Repository/RAD_Pages/AddressAndContactInfo_Page/input_streetAddress1'

2021-11-08 13:35:51 - [TEST_STEP][PASSED] - setText(findTestObject(orPath_AddressContact + "/input_streetAddress2"), ""): Text '' is set on object 'Object Repository/RAD_Pages/AddressAndContactInfo_Page/input_streetAddress2'

2021-11-08 13:35:52 - [MESSAGE][PASSED] - Text '' is set on object 'Object Repository/RAD_Pages/AddressAndContactInfo_Page/input_streetAddress2'

2021-11-08 13:35:52 - [TEST_STEP][PASSED] - setText(findTestObject(orPath_AddressContact + "/input_city"), City): Text 'Crofton' is set on object 'Object Repository/RAD_Pages/AddressAndContactInfo_Page/input_city'

2021-11-08 13:35:52 - [MESSAGE][PASSED] - Text 'Crofton' is set on object 'Object Repository/RAD_Pages/AddressAndContactInfo_Page/input_city'

2021-11-08 13:35:52 - [TEST_STEP][PASSED] - selectOptionByLabel(findTestObject(orPath_AddressContact + "/select_State"), "Maryland", false): All options with label 'Maryland' are selected in object 'Object Repository/RAD_Pages/AddressAndContactInfo_Page/select_State' 

2021-11-08 13:35:53 - [MESSAGE][PASSED] - All options with label 'Maryland' are selected in object 'Object Repository/RAD_Pages/AddressAndContactInfo_Page/select_State' 

2021-11-08 13:35:53 - [TEST_STEP][PASSED] - setText(findTestObject(orPath_AddressContact + "/input_zipCode"), ZIP): Text '21144' is set on object 'Object Repository/RAD_Pages/AddressAndContactInfo_Page/input_zipCode'

2021-11-08 13:35:53 - [MESSAGE][PASSED] - Text '21144' is set on object 'Object Repository/RAD_Pages/AddressAndContactInfo_Page/input_zipCode'

2021-11-08 13:35:53 - [TEST_STEP][PASSED] - setText(findTestObject(orPath_AddressContact + "/input_phoneNumber"), "(703) 894-5000"): Text '(703) 894-5000' is set on object 'Object Repository/RAD_Pages/AddressAndContactInfo_Page/input_phoneNumber'

2021-11-08 13:35:54 - [MESSAGE][PASSED] - Text '(703) 894-5000' is set on object 'Object Repository/RAD_Pages/AddressAndContactInfo_Page/input_phoneNumber'

2021-11-08 13:35:54 - [TEST_STEP][PASSED] - setText(findTestObject(orPath_AddressContact + "/input_eMailAddress"), "iahmed@govolution.com"): Text 'iahmed@govolution.com' is set on object 'Object Repository/RAD_Pages/AddressAndContactInfo_Page/input_eMailAddress'

2021-11-08 13:35:55 - [MESSAGE][PASSED] - Text 'iahmed@govolution.com' is set on object 'Object Repository/RAD_Pages/AddressAndContactInfo_Page/input_eMailAddress'

2021-11-08 13:35:55 - [TEST_STEP][PASSED] - setText(findTestObject(orPath_AddressContact + "/input_reEnterEMailAddress"), "iahmed@govolution.com"): Text 'iahmed@govolution.com' is set on object 'Object Repository/RAD_Pages/AddressAndContactInfo_Page/input_reEnterEMailAddress'

2021-11-08 13:35:56 - [MESSAGE][PASSED] - Text 'iahmed@govolution.com' is set on object 'Object Repository/RAD_Pages/AddressAndContactInfo_Page/input_reEnterEMailAddress'

2021-11-08 13:35:56 - [TEST_STEP][PASSED] - if (!(SSN.isEmpty())): Text '123455555' is set on object 'Object Repository/RAD_Pages/TaxInfo_Page/input_TaxInfo_reTaxTypeExisitingSSN'

2021-11-08 13:35:56 - [TEST_STEP][PASSED] - setText(findTestObject(orPath_TaxInfo + "/input_TaxInfo_ExisitingSSN"), SSN): Text '123455555' is set on object 'Object Repository/RAD_Pages/TaxInfo_Page/input_TaxInfo_ExisitingSSN'

2021-11-08 13:35:56 - [MESSAGE][PASSED] - Text '123455555' is set on object 'Object Repository/RAD_Pages/TaxInfo_Page/input_TaxInfo_ExisitingSSN'

2021-11-08 13:35:56 - [TEST_STEP][PASSED] - setText(findTestObject(orPath_TaxInfo + "/input_TaxInfo_reTaxTypeExisitingSSN"), SSN): Text '123455555' is set on object 'Object Repository/RAD_Pages/TaxInfo_Page/input_TaxInfo_reTaxTypeExisitingSSN'

2021-11-08 13:35:57 - [MESSAGE][PASSED] - Text '123455555' is set on object 'Object Repository/RAD_Pages/TaxInfo_Page/input_TaxInfo_reTaxTypeExisitingSSN'

2021-11-08 13:35:57 - [TEST_STEP][PASSED] - scrollToElement(findTestObject(orPath_Amount + "/input__paymentAmount"), 3): Scroll to object 'Object Repository/RAD_Pages/PaymentAmount_Page/input__paymentAmount' successfully

2021-11-08 13:35:57 - [MESSAGE][PASSED] - Scroll to object 'Object Repository/RAD_Pages/PaymentAmount_Page/input__paymentAmount' successfully

2021-11-08 13:35:57 - [TEST_STEP][PASSED] - if (!(FEIN.isEmpty())): null

2021-11-08 13:35:57 - [TEST_STEP][PASSED] - delay(1): Delayed 1 second(s)

2021-11-08 13:35:58 - [MESSAGE][PASSED] - Delayed 1 second(s)

2021-11-08 13:35:58 - [TEST_STEP][PASSED] - setText(findTestObject(orPath_TaxInfo + "/input_NoticeInvoiceNumber"), "258147147"): Text '258147147' is set on object 'Object Repository/RAD_Pages/TaxInfo_Page/input_NoticeInvoiceNumber'

2021-11-08 13:35:59 - [MESSAGE][PASSED] - Text '258147147' is set on object 'Object Repository/RAD_Pages/TaxInfo_Page/input_NoticeInvoiceNumber'

2021-11-08 13:35:59 - [TEST_STEP][PASSED] - setText(findTestObject(orPath_TaxInfo + "/input_reTypeNoticeInvoiceNumber"), "258147147"): Text '258147147' is set on object 'Object Repository/RAD_Pages/TaxInfo_Page/input_reTypeNoticeInvoiceNumber'

2021-11-08 13:36:00 - [MESSAGE][PASSED] - Text '258147147' is set on object 'Object Repository/RAD_Pages/TaxInfo_Page/input_reTypeNoticeInvoiceNumber'

2021-11-08 13:36:00 - [TEST_STEP][PASSED] - if (TaxTypeEL.equalsIgnoreCase("Sales & Use Tax")): null

2021-11-08 13:36:00 - [TEST_STEP][PASSED] - setText(findTestObject(orPath_Amount + "/input__paymentAmount"), Amount): Text '30.50' is set on object 'Object Repository/RAD_Pages/PaymentAmount_Page/input__paymentAmount'

2021-11-08 13:36:01 - [MESSAGE][PASSED] - Text '30.50' is set on object 'Object Repository/RAD_Pages/PaymentAmount_Page/input__paymentAmount'

2021-11-08 13:36:01 - [TEST_STEP][PASSED] - scrollToElement(findTestObject(orPath_Landing + "/button_Continue"), 3): Scroll to object 'Object Repository/RAD_Pages/Landing_Page/button_Continue' successfully

2021-11-08 13:36:01 - [MESSAGE][PASSED] - Scroll to object 'Object Repository/RAD_Pages/Landing_Page/button_Continue' successfully

2021-11-08 13:36:01 - [TEST_STEP][PASSED] - waitForElementClickable(findTestObject(orPath_Landing + "/button_Continue"), 5): Object 'Object Repository/RAD_Pages/Landing_Page/button_Continue' is clickable

2021-11-08 13:36:01 - [MESSAGE][PASSED] - Object 'Object Repository/RAD_Pages/Landing_Page/button_Continue' is clickable

2021-11-08 13:36:01 - [TEST_STEP][PASSED] - click(findTestObject(orPath_Landing + "/button_Continue")): Object: 'Object Repository/RAD_Pages/Landing_Page/button_Continue' is clicked on

2021-11-08 13:36:02 - [MESSAGE][PASSED] - Object: 'Object Repository/RAD_Pages/Landing_Page/button_Continue' is clicked on

2021-11-08 13:36:02 - [TEST_STEP][PASSED] - verifyTextPresent("Review the information below and make any necessary corrections by clicking the", true): Text 'Review the information below and make any necessary corrections by clicking the' is present on page  using regular expression

2021-11-08 13:36:02 - [MESSAGE][PASSED] - Text 'Review the information below and make any necessary corrections by clicking the' is present on page  using regular expression

2021-11-08 13:36:02 - [TEST_STEP][PASSED] - verifyTextPresent("When you are confident that all the information is correct", true): Text 'When you are confident that all the information is correct' is present on page  using regular expression

2021-11-08 13:36:03 - [MESSAGE][PASSED] - Text 'When you are confident that all the information is correct' is present on page  using regular expression

2021-11-08 13:36:03 - [TEST_STEP][PASSED] - delay(1): Delayed 1 second(s)

2021-11-08 13:36:04 - [MESSAGE][PASSED] - Delayed 1 second(s)

2021-11-08 13:36:04 - [TEST_STEP][PASSED] - click(findTestObject(orPath_PaymentReady + "/button_ProceedtoPayment")): Object: 'Object Repository/RAD_Pages/PaymentReady_Page/button_ProceedtoPayment' is clicked on

2021-11-08 13:36:06 - [MESSAGE][PASSED] - Object: 'Object Repository/RAD_Pages/PaymentReady_Page/button_ProceedtoPayment' is clicked on

2021-11-08 13:36:06 - [TEST_STEP][PASSED] - setText(findTestObject(orPath_PaymentEntry + "/input__cardNumber"), CCNumber): Text '4012000098765439' is set on object 'Object Repository/RAD_Pages/PaymentEntry_Page/input__cardNumber'

2021-11-08 13:36:07 - [MESSAGE][PASSED] - Text '4012000098765439' is set on object 'Object Repository/RAD_Pages/PaymentEntry_Page/input__cardNumber'

2021-11-08 13:36:07 - [TEST_STEP][PASSED] - setText(findTestObject(orPath_PaymentEntry + "/input__spc"), CVV): Text '123' is set on object 'Object Repository/RAD_Pages/PaymentEntry_Page/input__spc'

2021-11-08 13:36:07 - [MESSAGE][PASSED] - Text '123' is set on object 'Object Repository/RAD_Pages/PaymentEntry_Page/input__spc'

2021-11-08 13:36:07 - [TEST_STEP][PASSED] - selectOptionByLabel(findTestObject(orPath_PaymentEntry + "/select_MM"), "12", false): All options with label '12' are selected in object 'Object Repository/RAD_Pages/PaymentEntry_Page/select_MM' 

2021-11-08 13:36:08 - [MESSAGE][PASSED] - All options with label '12' are selected in object 'Object Repository/RAD_Pages/PaymentEntry_Page/select_MM' 

2021-11-08 13:36:08 - [TEST_STEP][PASSED] - selectOptionByLabel(findTestObject(orPath_PaymentEntry + "/select_YYYY"), "2023", false): All options with label '2023' are selected in object 'Object Repository/RAD_Pages/PaymentEntry_Page/select_YYYY' 

2021-11-08 13:36:09 - [MESSAGE][PASSED] - All options with label '2023' are selected in object 'Object Repository/RAD_Pages/PaymentEntry_Page/select_YYYY' 

2021-11-08 13:36:09 - [TEST_STEP][PASSED] - click(findTestObject(orPath_PaymentEntry + "/input_Field_ccSubmit")): Object: 'Object Repository/RAD_Pages/PaymentEntry_Page/input_Field_ccSubmit' is clicked on

2021-11-08 13:36:10 - [MESSAGE][PASSED] - Object: 'Object Repository/RAD_Pages/PaymentEntry_Page/input_Field_ccSubmit' is clicked on

2021-11-08 13:36:10 - [TEST_STEP][PASSED] - click(findTestObject(orPath_PaymentConfirmation + "/input_N_confirmNotifyAction")): Object: 'Object Repository/RAD_Pages/PaymentConfirmation_Page/input_N_confirmNotifyAction' is clicked on

2021-11-08 13:36:11 - [MESSAGE][PASSED] - Object: 'Object Repository/RAD_Pages/PaymentConfirmation_Page/input_N_confirmNotifyAction' is clicked on

2021-11-08 13:36:11 - [TEST_STEP][PASSED] - click(findTestObject(orPath_ServiceFeesAccept + "/input_convFeeNotifyAction")): Object: 'Object Repository/RAD_Pages/ServiceFeeAccept_Page/input_convFeeNotifyAction' is clicked on

2021-11-08 13:36:13 - [MESSAGE][PASSED] - Object: 'Object Repository/RAD_Pages/ServiceFeeAccept_Page/input_convFeeNotifyAction' is clicked on

2021-11-08 13:36:13 - [TEST_STEP][PASSED] - delay(10): Delayed 10 second(s)

2021-11-08 13:36:23 - [MESSAGE][PASSED] - Delayed 10 second(s)

2021-11-08 13:36:23 - [TEST_STEP][PASSED] - verifyTextPresent("Successful Payment Receipt", true): Text 'Successful Payment Receipt' is present on page  using regular expression

2021-11-08 13:36:24 - [MESSAGE][PASSED] - Text 'Successful Payment Receipt' is present on page  using regular expression

2021-11-08 13:36:24 - [TEST_STEP][PASSED] - if (verifyTextPresent("Successful Payment Receipt", true)): null

2021-11-08 13:36:24 - [MESSAGE][PASSED] - Text 'Successful Payment Receipt' is present on page  using regular expression

2021-11-08 13:36:24 - [TEST_STEP][PASSED] - println("Transaction was Successful"): null

2021-11-08 13:36:24 - [TEST_STEP][PASSED] - out.println("Pass Record Number: " + row): null

2021-11-08 13:36:24 - [TEST_STEP][PASSED] - resText = "Pass": null

2021-11-08 13:36:24 - [TEST_STEP][PASSED] - pages.WriteExcel.demoKey(resText, datText, resColumn, datCloumn, fileLoc, nameSheet, row): pages.WriteExcel.demoKey is PASSED

2021-11-08 13:36:24 - [MESSAGE][PASSED] - pages.WriteExcel.demoKey is PASSED

2021-11-08 13:36:24 - [TEST_STEP][PASSED] - ExecuteTC = findTestData(dataFile).getValue("Execute", row): null

2021-11-08 13:36:24 - [TEST_STEP][PASSED] - Taxtype = findTestData(dataFile).getValue("TaxType", row): null

2021-11-08 13:36:24 - [TEST_STEP][PASSED] - TaxTypeEL = findTestData(dataFile).getValue("TaxTypeEL", row): null

2021-11-08 13:36:24 - [TEST_STEP][PASSED] - FilingYear = findTestData(dataFile).getValue("FilingYear", row): null

2021-11-08 13:36:24 - [TEST_STEP][PASSED] - FName = findTestData(dataFile).getValue("Fname", row): null

2021-11-08 13:36:24 - [TEST_STEP][PASSED] - LName = findTestData(dataFile).getValue("Lname", row): null

2021-11-08 13:36:24 - [TEST_STEP][PASSED] - AL1 = findTestData(dataFile).getValue("AL1", row): null

2021-11-08 13:36:24 - [TEST_STEP][PASSED] - City = findTestData(dataFile).getValue("City", row): null

2021-11-08 13:36:24 - [TEST_STEP][PASSED] - ZIP = findTestData(dataFile).getValue("ZIP", row): null

2021-11-08 13:36:24 - [TEST_STEP][PASSED] - Amount = findTestData(dataFile).getValue("Amount", row): null

2021-11-08 13:36:24 - [TEST_STEP][PASSED] - CCNumber = findTestData(dataFile).getValue("CCNumber", row): null

2021-11-08 13:36:24 - [TEST_STEP][PASSED] - CVV = findTestData(dataFile).getValue("CVV", row): null

2021-11-08 13:36:24 - [TEST_STEP][PASSED] - SSN = findTestData(dataFile).getValue("SSN", row): null

2021-11-08 13:36:25 - [TEST_STEP][PASSED] - FEIN = findTestData(dataFile).getValue("FEIN", row): null

2021-11-08 13:36:25 - [TEST_STEP][PASSED] - out.println("Value of Execute is : " + ExecuteTC): null

2021-11-08 13:36:25 - [TEST_STEP][PASSED] - if (ExecuteTC.equalsIgnoreCase("Y")): null

2021-11-08 13:36:25 - [TEST_STEP][PASSED] - out.println("Begin Record Number: " + row): null

2021-11-08 13:36:25 - [TEST_STEP][PASSED] - today = new java.util.Date(): null

2021-11-08 13:36:25 - [TEST_STEP][PASSED] - println(today): null

2021-11-08 13:36:25 - [TEST_STEP][PASSED] - datText = today: null

2021-11-08 13:36:25 - [TEST_STEP][PASSED] - Taxtype = findTestData(dataFile).getValue("TaxType", row): null

2021-11-08 13:36:25 - [TEST_STEP][PASSED] - out.println("Taxtype value is : " + Taxtype): null

2021-11-08 13:36:25 - [TEST_STEP][PASSED] - openBrowser(""): Browser is opened with url: ''

2021-11-08 13:36:25 - [MESSAGE][WARNING] - A browser is already opened. Closing browser and opening a new one

2021-11-08 13:36:25 - [MESSAGE][INFO] - Starting 'Chrome' driver

2021-11-08 13:36:25 - [MESSAGE][INFO] - User set preference: ['acceptInsecureCerts', 'true']

2021-11-08 13:36:25 - [MESSAGE][INFO] - Action delay is set to 0 milliseconds

2021-11-08 13:36:27 - [MESSAGE][PASSED] - Browser is opened with url: ''

2021-11-08 13:36:27 - [TEST_STEP][PASSED] - maximizeWindow(): Current window maximized

2021-11-08 13:36:27 - [MESSAGE][PASSED] - Current window maximized

2021-11-08 13:36:27 - [TEST_STEP][PASSED] - navigateToUrl(RADurl): Navigate to 'https://qa.velocitypayment.com/client/rad/index.html' successfully

2021-11-08 13:36:29 - [MESSAGE][PASSED] - Navigate to 'https://qa.velocitypayment.com/client/rad/index.html' successfully

2021-11-08 13:36:29 - [TEST_STEP][PASSED] - orPath_Landing = "Object Repository/RAD_Pages/Landing_Page": null

2021-11-08 13:36:29 - [TEST_STEP][PASSED] - orPath_TaxTypeFilingYear = "Object Repository/RAD_Pages/TaxTypeFilingYear_Page": null

2021-11-08 13:36:29 - [TEST_STEP][PASSED] - orPath_TaxPayer = "Object Repository/RAD_Pages/Taxpayer_Page": null

2021-11-08 13:36:29 - [TEST_STEP][PASSED] - orPath_AddressContact = "Object Repository/RAD_Pages/AddressAndContactInfo_Page": null

2021-11-08 13:36:29 - [TEST_STEP][PASSED] - orPath_FilingStatus = "Object Repository/RAD_Pages/FilingStatus_Page": null

2021-11-08 13:36:29 - [TEST_STEP][PASSED] - orPath_Amount = "Object Repository/RAD_Pages/PaymentAmount_Page": null

2021-11-08 13:36:29 - [TEST_STEP][PASSED] - orPath_TaxInfo = "Object Repository/RAD_Pages/TaxInfo_Page": null

2021-11-08 13:36:29 - [TEST_STEP][PASSED] - orPath_Withholding = "Object Repository/RAD_Pages/Withholding_Page": null

2021-11-08 13:36:29 - [TEST_STEP][PASSED] - orPath_Summary = "Object Repository/RAD_Pages/Summary_Page": null

2021-11-08 13:36:29 - [TEST_STEP][PASSED] - orPath_PaymentReady = "Object Repository/RAD_Pages/PaymentReady_Page": null

2021-11-08 13:36:29 - [TEST_STEP][PASSED] - orPath_PaymentEntry = "Object Repository/RAD_Pages/PaymentEntry_Page": null

2021-11-08 13:36:29 - [TEST_STEP][PASSED] - orPath_PaymentConfirmation = "Object Repository/RAD_Pages/PaymentConfirmation_Page": null

2021-11-08 13:36:29 - [TEST_STEP][PASSED] - orPath_ServiceFeesAccept = "Object Repository/RAD_Pages/ServiceFeeAccept_Page": null

2021-11-08 13:36:29 - [TEST_STEP][PASSED] - selectOptionByLabel(findTestObject(orPath_Landing + "/dd_TaxType"), Taxtype, false): All options with label 'Existing Liability' are selected in object 'Object Repository/RAD_Pages/Landing_Page/dd_TaxType' 

2021-11-08 13:36:30 - [MESSAGE][PASSED] - All options with label 'Existing Liability' are selected in object 'Object Repository/RAD_Pages/Landing_Page/dd_TaxType' 

2021-11-08 13:36:30 - [TEST_STEP][PASSED] - delay(1): Delayed 1 second(s)

2021-11-08 13:36:31 - [MESSAGE][PASSED] - Delayed 1 second(s)

2021-11-08 13:36:31 - [TEST_STEP][PASSED] - selectOptionByLabel(findTestObject(orPath_TaxTypeFilingYear + "/select_TaxType_ExistingLiability"), TaxTypeEL, false): All options with label 'Tire Fee Tax' are selected in object 'Object Repository/RAD_Pages/TaxTypeFilingYear_Page/select_TaxType_ExistingLiability' 

2021-11-08 13:36:31 - [MESSAGE][PASSED] - All options with label 'Tire Fee Tax' are selected in object 'Object Repository/RAD_Pages/TaxTypeFilingYear_Page/select_TaxType_ExistingLiability' 

2021-11-08 13:36:31 - [TEST_STEP][PASSED] - selectOptionByLabel(findTestObject(orPath_TaxTypeFilingYear + "/select_FilingYear"), FilingYear, false): All options with label '2019' are selected in object 'Object Repository/RAD_Pages/TaxTypeFilingYear_Page/select_FilingYear' 

2021-11-08 13:36:32 - [MESSAGE][PASSED] - All options with label '2019' are selected in object 'Object Repository/RAD_Pages/TaxTypeFilingYear_Page/select_FilingYear' 

2021-11-08 13:36:32 - [TEST_STEP][PASSED] - setText(findTestObject(orPath_TaxPayer + "/input_firstName"), FName): Text 'Nahida' is set on object 'Object Repository/RAD_Pages/Taxpayer_Page/input_firstName'

2021-11-08 13:36:33 - [MESSAGE][PASSED] - Text 'Nahida' is set on object 'Object Repository/RAD_Pages/Taxpayer_Page/input_firstName'

2021-11-08 13:36:33 - [TEST_STEP][PASSED] - setText(findTestObject(orPath_TaxPayer + "/input_lastName"), LName): Text 'Murray' is set on object 'Object Repository/RAD_Pages/Taxpayer_Page/input_lastName'

2021-11-08 13:36:33 - [MESSAGE][PASSED] - Text 'Murray' is set on object 'Object Repository/RAD_Pages/Taxpayer_Page/input_lastName'

2021-11-08 13:36:33 - [TEST_STEP][PASSED] - setText(findTestObject(orPath_TaxPayer + "/input_middleName"), "Johns"): Text 'Johns' is set on object 'Object Repository/RAD_Pages/Taxpayer_Page/input_middleName'

2021-11-08 13:36:34 - [MESSAGE][PASSED] - Text 'Johns' is set on object 'Object Repository/RAD_Pages/Taxpayer_Page/input_middleName'

2021-11-08 13:36:34 - [TEST_STEP][PASSED] - setText(findTestObject(orPath_TaxPayer + "/input_suffix"), "Sr"): Text 'Sr' is set on object 'Object Repository/RAD_Pages/Taxpayer_Page/input_suffix'

2021-11-08 13:36:35 - [MESSAGE][PASSED] - Text 'Sr' is set on object 'Object Repository/RAD_Pages/Taxpayer_Page/input_suffix'

2021-11-08 13:36:35 - [TEST_STEP][PASSED] - selectOptionByLabel(findTestObject(orPath_AddressContact + "/select_Country"), "United States", false): All options with label 'United States' are selected in object 'Object Repository/RAD_Pages/AddressAndContactInfo_Page/select_Country' 

2021-11-08 13:36:35 - [MESSAGE][PASSED] - All options with label 'United States' are selected in object 'Object Repository/RAD_Pages/AddressAndContactInfo_Page/select_Country' 

2021-11-08 13:36:35 - [TEST_STEP][PASSED] - setText(findTestObject(orPath_AddressContact + "/input_streetAddress1"), AL1): Text '2336 Turn ct' is set on object 'Object Repository/RAD_Pages/AddressAndContactInfo_Page/input_streetAddress1'

2021-11-08 13:36:36 - [MESSAGE][PASSED] - Text '2336 Turn ct' is set on object 'Object Repository/RAD_Pages/AddressAndContactInfo_Page/input_streetAddress1'

2021-11-08 13:36:36 - [TEST_STEP][PASSED] - setText(findTestObject(orPath_AddressContact + "/input_streetAddress2"), ""): Text '' is set on object 'Object Repository/RAD_Pages/AddressAndContactInfo_Page/input_streetAddress2'

2021-11-08 13:36:36 - [MESSAGE][PASSED] - Text '' is set on object 'Object Repository/RAD_Pages/AddressAndContactInfo_Page/input_streetAddress2'

2021-11-08 13:36:36 - [TEST_STEP][PASSED] - setText(findTestObject(orPath_AddressContact + "/input_city"), City): Text 'Crofton' is set on object 'Object Repository/RAD_Pages/AddressAndContactInfo_Page/input_city'

2021-11-08 13:36:37 - [MESSAGE][PASSED] - Text 'Crofton' is set on object 'Object Repository/RAD_Pages/AddressAndContactInfo_Page/input_city'

2021-11-08 13:36:37 - [TEST_STEP][PASSED] - selectOptionByLabel(findTestObject(orPath_AddressContact + "/select_State"), "Maryland", false): All options with label 'Maryland' are selected in object 'Object Repository/RAD_Pages/AddressAndContactInfo_Page/select_State' 

2021-11-08 13:36:38 - [MESSAGE][PASSED] - All options with label 'Maryland' are selected in object 'Object Repository/RAD_Pages/AddressAndContactInfo_Page/select_State' 

2021-11-08 13:36:38 - [TEST_STEP][PASSED] - setText(findTestObject(orPath_AddressContact + "/input_zipCode"), ZIP): Text '21144' is set on object 'Object Repository/RAD_Pages/AddressAndContactInfo_Page/input_zipCode'

2021-11-08 13:36:38 - [MESSAGE][PASSED] - Text '21144' is set on object 'Object Repository/RAD_Pages/AddressAndContactInfo_Page/input_zipCode'

2021-11-08 13:36:38 - [TEST_STEP][PASSED] - setText(findTestObject(orPath_AddressContact + "/input_phoneNumber"), "(703) 894-5000"): Text '(703) 894-5000' is set on object 'Object Repository/RAD_Pages/AddressAndContactInfo_Page/input_phoneNumber'

2021-11-08 13:36:39 - [MESSAGE][PASSED] - Text '(703) 894-5000' is set on object 'Object Repository/RAD_Pages/AddressAndContactInfo_Page/input_phoneNumber'

2021-11-08 13:36:39 - [TEST_STEP][PASSED] - setText(findTestObject(orPath_AddressContact + "/input_eMailAddress"), "iahmed@govolution.com"): Text 'iahmed@govolution.com' is set on object 'Object Repository/RAD_Pages/AddressAndContactInfo_Page/input_eMailAddress'

2021-11-08 13:36:40 - [MESSAGE][PASSED] - Text 'iahmed@govolution.com' is set on object 'Object Repository/RAD_Pages/AddressAndContactInfo_Page/input_eMailAddress'

2021-11-08 13:36:40 - [TEST_STEP][PASSED] - setText(findTestObject(orPath_AddressContact + "/input_reEnterEMailAddress"), "iahmed@govolution.com"): Text 'iahmed@govolution.com' is set on object 'Object Repository/RAD_Pages/AddressAndContactInfo_Page/input_reEnterEMailAddress'

2021-11-08 13:36:40 - [MESSAGE][PASSED] - Text 'iahmed@govolution.com' is set on object 'Object Repository/RAD_Pages/AddressAndContactInfo_Page/input_reEnterEMailAddress'

2021-11-08 13:36:40 - [TEST_STEP][PASSED] - if (!(SSN.isEmpty())): null

2021-11-08 13:36:40 - [TEST_STEP][PASSED] - scrollToElement(findTestObject(orPath_Amount + "/input__paymentAmount"), 3): Scroll to object 'Object Repository/RAD_Pages/PaymentAmount_Page/input__paymentAmount' successfully

2021-11-08 13:36:41 - [MESSAGE][PASSED] - Scroll to object 'Object Repository/RAD_Pages/PaymentAmount_Page/input__paymentAmount' successfully

2021-11-08 13:36:41 - [TEST_STEP][PASSED] - if (!(FEIN.isEmpty())): Text '258369265' is set on object 'Object Repository/RAD_Pages/TaxInfo_Page/input_ReTypeFEIN'

2021-11-08 13:36:41 - [TEST_STEP][PASSED] - setText(findTestObject(orPath_TaxInfo + "/input_FEIN"), FEIN): Text '258369265' is set on object 'Object Repository/RAD_Pages/TaxInfo_Page/input_FEIN'

2021-11-08 13:36:42 - [MESSAGE][PASSED] - Text '258369265' is set on object 'Object Repository/RAD_Pages/TaxInfo_Page/input_FEIN'

2021-11-08 13:36:42 - [TEST_STEP][PASSED] - setText(findTestObject(orPath_TaxInfo + "/input_ReTypeFEIN"), FEIN): Text '258369265' is set on object 'Object Repository/RAD_Pages/TaxInfo_Page/input_ReTypeFEIN'

2021-11-08 13:36:42 - [MESSAGE][PASSED] - Text '258369265' is set on object 'Object Repository/RAD_Pages/TaxInfo_Page/input_ReTypeFEIN'

2021-11-08 13:36:42 - [TEST_STEP][PASSED] - delay(1): Delayed 1 second(s)

2021-11-08 13:36:43 - [MESSAGE][PASSED] - Delayed 1 second(s)

2021-11-08 13:36:43 - [TEST_STEP][PASSED] - setText(findTestObject(orPath_TaxInfo + "/input_NoticeInvoiceNumber"), "258147147"): Text '258147147' is set on object 'Object Repository/RAD_Pages/TaxInfo_Page/input_NoticeInvoiceNumber'

2021-11-08 13:36:44 - [MESSAGE][PASSED] - Text '258147147' is set on object 'Object Repository/RAD_Pages/TaxInfo_Page/input_NoticeInvoiceNumber'

2021-11-08 13:36:44 - [TEST_STEP][PASSED] - setText(findTestObject(orPath_TaxInfo + "/input_reTypeNoticeInvoiceNumber"), "258147147"): Text '258147147' is set on object 'Object Repository/RAD_Pages/TaxInfo_Page/input_reTypeNoticeInvoiceNumber'

2021-11-08 13:36:45 - [MESSAGE][PASSED] - Text '258147147' is set on object 'Object Repository/RAD_Pages/TaxInfo_Page/input_reTypeNoticeInvoiceNumber'

2021-11-08 13:36:45 - [TEST_STEP][PASSED] - if (TaxTypeEL.equalsIgnoreCase("Sales & Use Tax")): null

2021-11-08 13:36:45 - [TEST_STEP][PASSED] - setText(findTestObject(orPath_Amount + "/input__paymentAmount"), Amount): Text '30.50' is set on object 'Object Repository/RAD_Pages/PaymentAmount_Page/input__paymentAmount'

2021-11-08 13:36:46 - [MESSAGE][PASSED] - Text '30.50' is set on object 'Object Repository/RAD_Pages/PaymentAmount_Page/input__paymentAmount'

2021-11-08 13:36:46 - [TEST_STEP][PASSED] - scrollToElement(findTestObject(orPath_Landing + "/button_Continue"), 3): Scroll to object 'Object Repository/RAD_Pages/Landing_Page/button_Continue' successfully

2021-11-08 13:36:46 - [MESSAGE][PASSED] - Scroll to object 'Object Repository/RAD_Pages/Landing_Page/button_Continue' successfully

2021-11-08 13:36:46 - [TEST_STEP][PASSED] - waitForElementClickable(findTestObject(orPath_Landing + "/button_Continue"), 5): Object 'Object Repository/RAD_Pages/Landing_Page/button_Continue' is clickable

2021-11-08 13:36:46 - [MESSAGE][PASSED] - Object 'Object Repository/RAD_Pages/Landing_Page/button_Continue' is clickable

2021-11-08 13:36:46 - [TEST_STEP][PASSED] - click(findTestObject(orPath_Landing + "/button_Continue")): Object: 'Object Repository/RAD_Pages/Landing_Page/button_Continue' is clicked on

2021-11-08 13:36:47 - [MESSAGE][PASSED] - Object: 'Object Repository/RAD_Pages/Landing_Page/button_Continue' is clicked on

2021-11-08 13:36:47 - [TEST_STEP][PASSED] - verifyTextPresent("Review the information below and make any necessary corrections by clicking the", true): Text 'Review the information below and make any necessary corrections by clicking the' is present on page  using regular expression

2021-11-08 13:36:47 - [MESSAGE][PASSED] - Text 'Review the information below and make any necessary corrections by clicking the' is present on page  using regular expression

2021-11-08 13:36:47 - [TEST_STEP][PASSED] - verifyTextPresent("When you are confident that all the information is correct", true): Text 'When you are confident that all the information is correct' is present on page  using regular expression

2021-11-08 13:36:48 - [MESSAGE][PASSED] - Text 'When you are confident that all the information is correct' is present on page  using regular expression

2021-11-08 13:36:48 - [TEST_STEP][PASSED] - delay(1): Delayed 1 second(s)

2021-11-08 13:36:49 - [MESSAGE][PASSED] - Delayed 1 second(s)

2021-11-08 13:36:49 - [TEST_STEP][PASSED] - click(findTestObject(orPath_PaymentReady + "/button_ProceedtoPayment")): Object: 'Object Repository/RAD_Pages/PaymentReady_Page/button_ProceedtoPayment' is clicked on

2021-11-08 13:36:50 - [MESSAGE][PASSED] - Object: 'Object Repository/RAD_Pages/PaymentReady_Page/button_ProceedtoPayment' is clicked on

2021-11-08 13:36:50 - [TEST_STEP][PASSED] - setText(findTestObject(orPath_PaymentEntry + "/input__cardNumber"), CCNumber): Text '4012000098765439' is set on object 'Object Repository/RAD_Pages/PaymentEntry_Page/input__cardNumber'

2021-11-08 13:36:51 - [MESSAGE][PASSED] - Text '4012000098765439' is set on object 'Object Repository/RAD_Pages/PaymentEntry_Page/input__cardNumber'

2021-11-08 13:36:51 - [TEST_STEP][PASSED] - setText(findTestObject(orPath_PaymentEntry + "/input__spc"), CVV): Text '123' is set on object 'Object Repository/RAD_Pages/PaymentEntry_Page/input__spc'

2021-11-08 13:36:52 - [MESSAGE][PASSED] - Text '123' is set on object 'Object Repository/RAD_Pages/PaymentEntry_Page/input__spc'

2021-11-08 13:36:52 - [TEST_STEP][PASSED] - selectOptionByLabel(findTestObject(orPath_PaymentEntry + "/select_MM"), "12", false): All options with label '12' are selected in object 'Object Repository/RAD_Pages/PaymentEntry_Page/select_MM' 

2021-11-08 13:36:53 - [MESSAGE][PASSED] - All options with label '12' are selected in object 'Object Repository/RAD_Pages/PaymentEntry_Page/select_MM' 

2021-11-08 13:36:53 - [TEST_STEP][PASSED] - selectOptionByLabel(findTestObject(orPath_PaymentEntry + "/select_YYYY"), "2023", false): All options with label '2023' are selected in object 'Object Repository/RAD_Pages/PaymentEntry_Page/select_YYYY' 

2021-11-08 13:36:53 - [MESSAGE][PASSED] - All options with label '2023' are selected in object 'Object Repository/RAD_Pages/PaymentEntry_Page/select_YYYY' 

2021-11-08 13:36:53 - [TEST_STEP][PASSED] - click(findTestObject(orPath_PaymentEntry + "/input_Field_ccSubmit")): Object: 'Object Repository/RAD_Pages/PaymentEntry_Page/input_Field_ccSubmit' is clicked on

2021-11-08 13:36:55 - [MESSAGE][PASSED] - Object: 'Object Repository/RAD_Pages/PaymentEntry_Page/input_Field_ccSubmit' is clicked on

2021-11-08 13:36:55 - [TEST_STEP][PASSED] - click(findTestObject(orPath_PaymentConfirmation + "/input_N_confirmNotifyAction")): Object: 'Object Repository/RAD_Pages/PaymentConfirmation_Page/input_N_confirmNotifyAction' is clicked on

2021-11-08 13:36:56 - [MESSAGE][PASSED] - Object: 'Object Repository/RAD_Pages/PaymentConfirmation_Page/input_N_confirmNotifyAction' is clicked on

2021-11-08 13:36:56 - [TEST_STEP][PASSED] - click(findTestObject(orPath_ServiceFeesAccept + "/input_convFeeNotifyAction")): Object: 'Object Repository/RAD_Pages/ServiceFeeAccept_Page/input_convFeeNotifyAction' is clicked on

2021-11-08 13:36:57 - [MESSAGE][PASSED] - Object: 'Object Repository/RAD_Pages/ServiceFeeAccept_Page/input_convFeeNotifyAction' is clicked on

2021-11-08 13:36:57 - [TEST_STEP][PASSED] - delay(10): Delayed 10 second(s)

2021-11-08 13:37:07 - [MESSAGE][PASSED] - Delayed 10 second(s)

2021-11-08 13:37:07 - [TEST_STEP][PASSED] - verifyTextPresent("Successful Payment Receipt", true): Text 'Successful Payment Receipt' is present on page  using regular expression

2021-11-08 13:37:08 - [MESSAGE][PASSED] - Text 'Successful Payment Receipt' is present on page  using regular expression

2021-11-08 13:37:08 - [TEST_STEP][PASSED] - if (verifyTextPresent("Successful Payment Receipt", true)): null

2021-11-08 13:37:08 - [MESSAGE][PASSED] - Text 'Successful Payment Receipt' is present on page  using regular expression

2021-11-08 13:37:08 - [TEST_STEP][PASSED] - println("Transaction was Successful"): null

2021-11-08 13:37:08 - [TEST_STEP][PASSED] - out.println("Pass Record Number: " + row): null

2021-11-08 13:37:08 - [TEST_STEP][PASSED] - resText = "Pass": null

2021-11-08 13:37:08 - [TEST_STEP][PASSED] - pages.WriteExcel.demoKey(resText, datText, resColumn, datCloumn, fileLoc, nameSheet, row): pages.WriteExcel.demoKey is PASSED

2021-11-08 13:37:08 - [MESSAGE][PASSED] - pages.WriteExcel.demoKey is PASSED

2021-11-08 13:37:08 - [TEST_STEP][PASSED] - ExecuteTC = findTestData(dataFile).getValue("Execute", row): null

2021-11-08 13:37:08 - [TEST_STEP][PASSED] - Taxtype = findTestData(dataFile).getValue("TaxType", row): null

2021-11-08 13:37:08 - [TEST_STEP][PASSED] - TaxTypeEL = findTestData(dataFile).getValue("TaxTypeEL", row): null

2021-11-08 13:37:08 - [TEST_STEP][PASSED] - FilingYear = findTestData(dataFile).getValue("FilingYear", row): null

2021-11-08 13:37:08 - [TEST_STEP][PASSED] - FName = findTestData(dataFile).getValue("Fname", row): null

2021-11-08 13:37:08 - [TEST_STEP][PASSED] - LName = findTestData(dataFile).getValue("Lname", row): null

2021-11-08 13:37:08 - [TEST_STEP][PASSED] - AL1 = findTestData(dataFile).getValue("AL1", row): null

2021-11-08 13:37:08 - [TEST_STEP][PASSED] - City = findTestData(dataFile).getValue("City", row): null

2021-11-08 13:37:08 - [TEST_STEP][PASSED] - ZIP = findTestData(dataFile).getValue("ZIP", row): null

2021-11-08 13:37:08 - [TEST_STEP][PASSED] - Amount = findTestData(dataFile).getValue("Amount", row): null

2021-11-08 13:37:08 - [TEST_STEP][PASSED] - CCNumber = findTestData(dataFile).getValue("CCNumber", row): null

2021-11-08 13:37:08 - [TEST_STEP][PASSED] - CVV = findTestData(dataFile).getValue("CVV", row): null

2021-11-08 13:37:08 - [TEST_STEP][PASSED] - SSN = findTestData(dataFile).getValue("SSN", row): null

2021-11-08 13:37:09 - [TEST_STEP][PASSED] - FEIN = findTestData(dataFile).getValue("FEIN", row): null

2021-11-08 13:37:09 - [TEST_STEP][PASSED] - out.println("Value of Execute is : " + ExecuteTC): null

2021-11-08 13:37:09 - [TEST_STEP][PASSED] - if (ExecuteTC.equalsIgnoreCase("Y")): null

2021-11-08 13:37:09 - [TEST_STEP][PASSED] - out.println("Begin Record Number: " + row): null

2021-11-08 13:37:09 - [TEST_STEP][PASSED] - today = new java.util.Date(): null

2021-11-08 13:37:09 - [TEST_STEP][PASSED] - println(today): null

2021-11-08 13:37:09 - [TEST_STEP][PASSED] - datText = today: null

2021-11-08 13:37:09 - [TEST_STEP][PASSED] - Taxtype = findTestData(dataFile).getValue("TaxType", row): null

2021-11-08 13:37:09 - [TEST_STEP][PASSED] - out.println("Taxtype value is : " + Taxtype): null

2021-11-08 13:37:09 - [TEST_STEP][PASSED] - openBrowser(""): Browser is opened with url: ''

2021-11-08 13:37:09 - [MESSAGE][WARNING] - A browser is already opened. Closing browser and opening a new one

2021-11-08 13:37:09 - [MESSAGE][INFO] - Starting 'Chrome' driver

2021-11-08 13:37:09 - [MESSAGE][INFO] - User set preference: ['acceptInsecureCerts', 'true']

2021-11-08 13:37:09 - [MESSAGE][INFO] - Action delay is set to 0 milliseconds

2021-11-08 13:37:11 - [MESSAGE][PASSED] - Browser is opened with url: ''

2021-11-08 13:37:11 - [TEST_STEP][PASSED] - maximizeWindow(): Current window maximized

2021-11-08 13:37:11 - [MESSAGE][PASSED] - Current window maximized

2021-11-08 13:37:11 - [TEST_STEP][PASSED] - navigateToUrl(RADurl): Navigate to 'https://qa.velocitypayment.com/client/rad/index.html' successfully

2021-11-08 13:37:13 - [MESSAGE][PASSED] - Navigate to 'https://qa.velocitypayment.com/client/rad/index.html' successfully

2021-11-08 13:37:13 - [TEST_STEP][PASSED] - orPath_Landing = "Object Repository/RAD_Pages/Landing_Page": null

2021-11-08 13:37:13 - [TEST_STEP][PASSED] - orPath_TaxTypeFilingYear = "Object Repository/RAD_Pages/TaxTypeFilingYear_Page": null

2021-11-08 13:37:13 - [TEST_STEP][PASSED] - orPath_TaxPayer = "Object Repository/RAD_Pages/Taxpayer_Page": null

2021-11-08 13:37:13 - [TEST_STEP][PASSED] - orPath_AddressContact = "Object Repository/RAD_Pages/AddressAndContactInfo_Page": null

2021-11-08 13:37:13 - [TEST_STEP][PASSED] - orPath_FilingStatus = "Object Repository/RAD_Pages/FilingStatus_Page": null

2021-11-08 13:37:13 - [TEST_STEP][PASSED] - orPath_Amount = "Object Repository/RAD_Pages/PaymentAmount_Page": null

2021-11-08 13:37:13 - [TEST_STEP][PASSED] - orPath_TaxInfo = "Object Repository/RAD_Pages/TaxInfo_Page": null

2021-11-08 13:37:13 - [TEST_STEP][PASSED] - orPath_Withholding = "Object Repository/RAD_Pages/Withholding_Page": null

2021-11-08 13:37:13 - [TEST_STEP][PASSED] - orPath_Summary = "Object Repository/RAD_Pages/Summary_Page": null

2021-11-08 13:37:13 - [TEST_STEP][PASSED] - orPath_PaymentReady = "Object Repository/RAD_Pages/PaymentReady_Page": null

2021-11-08 13:37:13 - [TEST_STEP][PASSED] - orPath_PaymentEntry = "Object Repository/RAD_Pages/PaymentEntry_Page": null

2021-11-08 13:37:13 - [TEST_STEP][PASSED] - orPath_PaymentConfirmation = "Object Repository/RAD_Pages/PaymentConfirmation_Page": null

2021-11-08 13:37:13 - [TEST_STEP][PASSED] - orPath_ServiceFeesAccept = "Object Repository/RAD_Pages/ServiceFeeAccept_Page": null

2021-11-08 13:37:13 - [TEST_STEP][PASSED] - selectOptionByLabel(findTestObject(orPath_Landing + "/dd_TaxType"), Taxtype, false): All options with label 'Existing Liability' are selected in object 'Object Repository/RAD_Pages/Landing_Page/dd_TaxType' 

2021-11-08 13:37:14 - [MESSAGE][PASSED] - All options with label 'Existing Liability' are selected in object 'Object Repository/RAD_Pages/Landing_Page/dd_TaxType' 

2021-11-08 13:37:14 - [TEST_STEP][PASSED] - delay(1): Delayed 1 second(s)

2021-11-08 13:37:15 - [MESSAGE][PASSED] - Delayed 1 second(s)

2021-11-08 13:37:15 - [TEST_STEP][PASSED] - selectOptionByLabel(findTestObject(orPath_TaxTypeFilingYear + "/select_TaxType_ExistingLiability"), TaxTypeEL, false): All options with label 'Withholding Tax' are selected in object 'Object Repository/RAD_Pages/TaxTypeFilingYear_Page/select_TaxType_ExistingLiability' 

2021-11-08 13:37:15 - [MESSAGE][PASSED] - All options with label 'Withholding Tax' are selected in object 'Object Repository/RAD_Pages/TaxTypeFilingYear_Page/select_TaxType_ExistingLiability' 

2021-11-08 13:37:15 - [TEST_STEP][PASSED] - selectOptionByLabel(findTestObject(orPath_TaxTypeFilingYear + "/select_FilingYear"), FilingYear, false): All options with label '2019' are selected in object 'Object Repository/RAD_Pages/TaxTypeFilingYear_Page/select_FilingYear' 

2021-11-08 13:37:16 - [MESSAGE][PASSED] - All options with label '2019' are selected in object 'Object Repository/RAD_Pages/TaxTypeFilingYear_Page/select_FilingYear' 

2021-11-08 13:37:16 - [TEST_STEP][PASSED] - setText(findTestObject(orPath_TaxPayer + "/input_firstName"), FName): Text 'Mark' is set on object 'Object Repository/RAD_Pages/Taxpayer_Page/input_firstName'

2021-11-08 13:37:16 - [MESSAGE][PASSED] - Text 'Mark' is set on object 'Object Repository/RAD_Pages/Taxpayer_Page/input_firstName'

2021-11-08 13:37:16 - [TEST_STEP][PASSED] - setText(findTestObject(orPath_TaxPayer + "/input_lastName"), LName): Text 'Wright' is set on object 'Object Repository/RAD_Pages/Taxpayer_Page/input_lastName'

2021-11-08 13:37:17 - [MESSAGE][PASSED] - Text 'Wright' is set on object 'Object Repository/RAD_Pages/Taxpayer_Page/input_lastName'

2021-11-08 13:37:17 - [TEST_STEP][PASSED] - setText(findTestObject(orPath_TaxPayer + "/input_middleName"), "Johns"): Text 'Johns' is set on object 'Object Repository/RAD_Pages/Taxpayer_Page/input_middleName'

2021-11-08 13:37:18 - [MESSAGE][PASSED] - Text 'Johns' is set on object 'Object Repository/RAD_Pages/Taxpayer_Page/input_middleName'

2021-11-08 13:37:18 - [TEST_STEP][PASSED] - setText(findTestObject(orPath_TaxPayer + "/input_suffix"), "Sr"): Text 'Sr' is set on object 'Object Repository/RAD_Pages/Taxpayer_Page/input_suffix'

2021-11-08 13:37:18 - [MESSAGE][PASSED] - Text 'Sr' is set on object 'Object Repository/RAD_Pages/Taxpayer_Page/input_suffix'

2021-11-08 13:37:18 - [TEST_STEP][PASSED] - selectOptionByLabel(findTestObject(orPath_AddressContact + "/select_Country"), "United States", false): All options with label 'United States' are selected in object 'Object Repository/RAD_Pages/AddressAndContactInfo_Page/select_Country' 

2021-11-08 13:37:19 - [MESSAGE][PASSED] - All options with label 'United States' are selected in object 'Object Repository/RAD_Pages/AddressAndContactInfo_Page/select_Country' 

2021-11-08 13:37:19 - [TEST_STEP][PASSED] - setText(findTestObject(orPath_AddressContact + "/input_streetAddress1"), AL1): Text '36 Hoolan Ave' is set on object 'Object Repository/RAD_Pages/AddressAndContactInfo_Page/input_streetAddress1'

2021-11-08 13:37:20 - [MESSAGE][PASSED] - Text '36 Hoolan Ave' is set on object 'Object Repository/RAD_Pages/AddressAndContactInfo_Page/input_streetAddress1'

2021-11-08 13:37:20 - [TEST_STEP][PASSED] - setText(findTestObject(orPath_AddressContact + "/input_streetAddress2"), ""): Text '' is set on object 'Object Repository/RAD_Pages/AddressAndContactInfo_Page/input_streetAddress2'

2021-11-08 13:37:20 - [MESSAGE][PASSED] - Text '' is set on object 'Object Repository/RAD_Pages/AddressAndContactInfo_Page/input_streetAddress2'

2021-11-08 13:37:20 - [TEST_STEP][PASSED] - setText(findTestObject(orPath_AddressContact + "/input_city"), City): Text 'Huntsville' is set on object 'Object Repository/RAD_Pages/AddressAndContactInfo_Page/input_city'

2021-11-08 13:37:21 - [MESSAGE][PASSED] - Text 'Huntsville' is set on object 'Object Repository/RAD_Pages/AddressAndContactInfo_Page/input_city'

2021-11-08 13:37:21 - [TEST_STEP][PASSED] - selectOptionByLabel(findTestObject(orPath_AddressContact + "/select_State"), "Maryland", false): All options with label 'Maryland' are selected in object 'Object Repository/RAD_Pages/AddressAndContactInfo_Page/select_State' 

2021-11-08 13:37:22 - [MESSAGE][PASSED] - All options with label 'Maryland' are selected in object 'Object Repository/RAD_Pages/AddressAndContactInfo_Page/select_State' 

2021-11-08 13:37:22 - [TEST_STEP][PASSED] - setText(findTestObject(orPath_AddressContact + "/input_zipCode"), ZIP): Text '21093' is set on object 'Object Repository/RAD_Pages/AddressAndContactInfo_Page/input_zipCode'

2021-11-08 13:37:22 - [MESSAGE][PASSED] - Text '21093' is set on object 'Object Repository/RAD_Pages/AddressAndContactInfo_Page/input_zipCode'

2021-11-08 13:37:22 - [TEST_STEP][PASSED] - setText(findTestObject(orPath_AddressContact + "/input_phoneNumber"), "(703) 894-5000"): Text '(703) 894-5000' is set on object 'Object Repository/RAD_Pages/AddressAndContactInfo_Page/input_phoneNumber'

2021-11-08 13:37:23 - [MESSAGE][PASSED] - Text '(703) 894-5000' is set on object 'Object Repository/RAD_Pages/AddressAndContactInfo_Page/input_phoneNumber'

2021-11-08 13:37:23 - [TEST_STEP][PASSED] - setText(findTestObject(orPath_AddressContact + "/input_eMailAddress"), "iahmed@govolution.com"): Text 'iahmed@govolution.com' is set on object 'Object Repository/RAD_Pages/AddressAndContactInfo_Page/input_eMailAddress'

2021-11-08 13:37:24 - [MESSAGE][PASSED] - Text 'iahmed@govolution.com' is set on object 'Object Repository/RAD_Pages/AddressAndContactInfo_Page/input_eMailAddress'

2021-11-08 13:37:24 - [TEST_STEP][PASSED] - setText(findTestObject(orPath_AddressContact + "/input_reEnterEMailAddress"), "iahmed@govolution.com"): Text 'iahmed@govolution.com' is set on object 'Object Repository/RAD_Pages/AddressAndContactInfo_Page/input_reEnterEMailAddress'

2021-11-08 13:37:24 - [MESSAGE][PASSED] - Text 'iahmed@govolution.com' is set on object 'Object Repository/RAD_Pages/AddressAndContactInfo_Page/input_reEnterEMailAddress'

2021-11-08 13:37:24 - [TEST_STEP][PASSED] - if (!(SSN.isEmpty())): Text '123457754' is set on object 'Object Repository/RAD_Pages/TaxInfo_Page/input_TaxInfo_reTaxTypeExisitingSSN'

2021-11-08 13:37:24 - [TEST_STEP][PASSED] - setText(findTestObject(orPath_TaxInfo + "/input_TaxInfo_ExisitingSSN"), SSN): Text '123457754' is set on object 'Object Repository/RAD_Pages/TaxInfo_Page/input_TaxInfo_ExisitingSSN'

2021-11-08 13:37:25 - [MESSAGE][PASSED] - Text '123457754' is set on object 'Object Repository/RAD_Pages/TaxInfo_Page/input_TaxInfo_ExisitingSSN'

2021-11-08 13:37:25 - [TEST_STEP][PASSED] - setText(findTestObject(orPath_TaxInfo + "/input_TaxInfo_reTaxTypeExisitingSSN"), SSN): Text '123457754' is set on object 'Object Repository/RAD_Pages/TaxInfo_Page/input_TaxInfo_reTaxTypeExisitingSSN'

2021-11-08 13:37:26 - [MESSAGE][PASSED] - Text '123457754' is set on object 'Object Repository/RAD_Pages/TaxInfo_Page/input_TaxInfo_reTaxTypeExisitingSSN'

2021-11-08 13:37:26 - [TEST_STEP][PASSED] - scrollToElement(findTestObject(orPath_Amount + "/input__paymentAmount"), 3): Scroll to object 'Object Repository/RAD_Pages/PaymentAmount_Page/input__paymentAmount' successfully

2021-11-08 13:37:26 - [MESSAGE][PASSED] - Scroll to object 'Object Repository/RAD_Pages/PaymentAmount_Page/input__paymentAmount' successfully

2021-11-08 13:37:26 - [TEST_STEP][PASSED] - if (!(FEIN.isEmpty())): null

2021-11-08 13:37:26 - [TEST_STEP][PASSED] - delay(1): Delayed 1 second(s)

2021-11-08 13:37:27 - [MESSAGE][PASSED] - Delayed 1 second(s)

2021-11-08 13:37:27 - [TEST_STEP][PASSED] - setText(findTestObject(orPath_TaxInfo + "/input_NoticeInvoiceNumber"), "258147147"): Text '258147147' is set on object 'Object Repository/RAD_Pages/TaxInfo_Page/input_NoticeInvoiceNumber'

2021-11-08 13:37:28 - [MESSAGE][PASSED] - Text '258147147' is set on object 'Object Repository/RAD_Pages/TaxInfo_Page/input_NoticeInvoiceNumber'

2021-11-08 13:37:28 - [TEST_STEP][PASSED] - setText(findTestObject(orPath_TaxInfo + "/input_reTypeNoticeInvoiceNumber"), "258147147"): Text '258147147' is set on object 'Object Repository/RAD_Pages/TaxInfo_Page/input_reTypeNoticeInvoiceNumber'

2021-11-08 13:37:29 - [MESSAGE][PASSED] - Text '258147147' is set on object 'Object Repository/RAD_Pages/TaxInfo_Page/input_reTypeNoticeInvoiceNumber'

2021-11-08 13:37:29 - [TEST_STEP][PASSED] - if (TaxTypeEL.equalsIgnoreCase("Sales & Use Tax")): null

2021-11-08 13:37:29 - [TEST_STEP][PASSED] - setText(findTestObject(orPath_Amount + "/input__paymentAmount"), Amount): Text '70.50' is set on object 'Object Repository/RAD_Pages/PaymentAmount_Page/input__paymentAmount'

2021-11-08 13:37:29 - [MESSAGE][PASSED] - Text '70.50' is set on object 'Object Repository/RAD_Pages/PaymentAmount_Page/input__paymentAmount'

2021-11-08 13:37:29 - [TEST_STEP][PASSED] - scrollToElement(findTestObject(orPath_Landing + "/button_Continue"), 3): Scroll to object 'Object Repository/RAD_Pages/Landing_Page/button_Continue' successfully

2021-11-08 13:37:30 - [MESSAGE][PASSED] - Scroll to object 'Object Repository/RAD_Pages/Landing_Page/button_Continue' successfully

2021-11-08 13:37:30 - [TEST_STEP][PASSED] - waitForElementClickable(findTestObject(orPath_Landing + "/button_Continue"), 5): Object 'Object Repository/RAD_Pages/Landing_Page/button_Continue' is clickable

2021-11-08 13:37:30 - [MESSAGE][PASSED] - Object 'Object Repository/RAD_Pages/Landing_Page/button_Continue' is clickable

2021-11-08 13:37:30 - [TEST_STEP][PASSED] - click(findTestObject(orPath_Landing + "/button_Continue")): Object: 'Object Repository/RAD_Pages/Landing_Page/button_Continue' is clicked on

2021-11-08 13:37:30 - [MESSAGE][PASSED] - Object: 'Object Repository/RAD_Pages/Landing_Page/button_Continue' is clicked on

2021-11-08 13:37:30 - [TEST_STEP][PASSED] - verifyTextPresent("Review the information below and make any necessary corrections by clicking the", true): Text 'Review the information below and make any necessary corrections by clicking the' is present on page  using regular expression

2021-11-08 13:37:31 - [MESSAGE][PASSED] - Text 'Review the information below and make any necessary corrections by clicking the' is present on page  using regular expression

2021-11-08 13:37:31 - [TEST_STEP][PASSED] - verifyTextPresent("When you are confident that all the information is correct", true): Text 'When you are confident that all the information is correct' is present on page  using regular expression

2021-11-08 13:37:31 - [MESSAGE][PASSED] - Text 'When you are confident that all the information is correct' is present on page  using regular expression

2021-11-08 13:37:31 - [TEST_STEP][PASSED] - delay(1): Delayed 1 second(s)

2021-11-08 13:37:32 - [MESSAGE][PASSED] - Delayed 1 second(s)

2021-11-08 13:37:32 - [TEST_STEP][PASSED] - click(findTestObject(orPath_PaymentReady + "/button_ProceedtoPayment")): Object: 'Object Repository/RAD_Pages/PaymentReady_Page/button_ProceedtoPayment' is clicked on

2021-11-08 13:37:34 - [MESSAGE][PASSED] - Object: 'Object Repository/RAD_Pages/PaymentReady_Page/button_ProceedtoPayment' is clicked on

2021-11-08 13:37:34 - [TEST_STEP][PASSED] - setText(findTestObject(orPath_PaymentEntry + "/input__cardNumber"), CCNumber): Text '5146312200000035' is set on object 'Object Repository/RAD_Pages/PaymentEntry_Page/input__cardNumber'

2021-11-08 13:37:35 - [MESSAGE][PASSED] - Text '5146312200000035' is set on object 'Object Repository/RAD_Pages/PaymentEntry_Page/input__cardNumber'

2021-11-08 13:37:35 - [TEST_STEP][PASSED] - setText(findTestObject(orPath_PaymentEntry + "/input__spc"), CVV): Text '123' is set on object 'Object Repository/RAD_Pages/PaymentEntry_Page/input__spc'

2021-11-08 13:37:36 - [MESSAGE][PASSED] - Text '123' is set on object 'Object Repository/RAD_Pages/PaymentEntry_Page/input__spc'

2021-11-08 13:37:36 - [TEST_STEP][PASSED] - selectOptionByLabel(findTestObject(orPath_PaymentEntry + "/select_MM"), "12", false): All options with label '12' are selected in object 'Object Repository/RAD_Pages/PaymentEntry_Page/select_MM' 

2021-11-08 13:37:36 - [MESSAGE][PASSED] - All options with label '12' are selected in object 'Object Repository/RAD_Pages/PaymentEntry_Page/select_MM' 

2021-11-08 13:37:36 - [TEST_STEP][PASSED] - selectOptionByLabel(findTestObject(orPath_PaymentEntry + "/select_YYYY"), "2023", false): All options with label '2023' are selected in object 'Object Repository/RAD_Pages/PaymentEntry_Page/select_YYYY' 

2021-11-08 13:37:37 - [MESSAGE][PASSED] - All options with label '2023' are selected in object 'Object Repository/RAD_Pages/PaymentEntry_Page/select_YYYY' 

2021-11-08 13:37:37 - [TEST_STEP][PASSED] - click(findTestObject(orPath_PaymentEntry + "/input_Field_ccSubmit")): Object: 'Object Repository/RAD_Pages/PaymentEntry_Page/input_Field_ccSubmit' is clicked on

2021-11-08 13:37:38 - [MESSAGE][PASSED] - Object: 'Object Repository/RAD_Pages/PaymentEntry_Page/input_Field_ccSubmit' is clicked on

2021-11-08 13:37:38 - [TEST_STEP][PASSED] - click(findTestObject(orPath_PaymentConfirmation + "/input_N_confirmNotifyAction")): Object: 'Object Repository/RAD_Pages/PaymentConfirmation_Page/input_N_confirmNotifyAction' is clicked on

2021-11-08 13:37:39 - [MESSAGE][PASSED] - Object: 'Object Repository/RAD_Pages/PaymentConfirmation_Page/input_N_confirmNotifyAction' is clicked on

2021-11-08 13:37:39 - [TEST_STEP][PASSED] - click(findTestObject(orPath_ServiceFeesAccept + "/input_convFeeNotifyAction")): Object: 'Object Repository/RAD_Pages/ServiceFeeAccept_Page/input_convFeeNotifyAction' is clicked on

2021-11-08 13:37:41 - [MESSAGE][PASSED] - Object: 'Object Repository/RAD_Pages/ServiceFeeAccept_Page/input_convFeeNotifyAction' is clicked on

2021-11-08 13:37:41 - [TEST_STEP][PASSED] - delay(10): Delayed 10 second(s)

2021-11-08 13:37:51 - [MESSAGE][PASSED] - Delayed 10 second(s)

2021-11-08 13:37:51 - [TEST_STEP][PASSED] - verifyTextPresent("Successful Payment Receipt", true): Text 'Successful Payment Receipt' is present on page  using regular expression

2021-11-08 13:37:51 - [MESSAGE][PASSED] - Text 'Successful Payment Receipt' is present on page  using regular expression

2021-11-08 13:37:51 - [TEST_STEP][PASSED] - if (verifyTextPresent("Successful Payment Receipt", true)): null

2021-11-08 13:37:51 - [MESSAGE][PASSED] - Text 'Successful Payment Receipt' is present on page  using regular expression

2021-11-08 13:37:51 - [TEST_STEP][PASSED] - println("Transaction was Successful"): null

2021-11-08 13:37:51 - [TEST_STEP][PASSED] - out.println("Pass Record Number: " + row): null

2021-11-08 13:37:51 - [TEST_STEP][PASSED] - resText = "Pass": null

2021-11-08 13:37:51 - [TEST_STEP][PASSED] - pages.WriteExcel.demoKey(resText, datText, resColumn, datCloumn, fileLoc, nameSheet, row): pages.WriteExcel.demoKey is PASSED

2021-11-08 13:37:52 - [MESSAGE][PASSED] - pages.WriteExcel.demoKey is PASSED

2021-11-08 13:37:52 - [TEST_STEP][PASSED] - ExecuteTC = findTestData(dataFile).getValue("Execute", row): null

2021-11-08 13:37:52 - [TEST_STEP][PASSED] - Taxtype = findTestData(dataFile).getValue("TaxType", row): null

2021-11-08 13:37:52 - [TEST_STEP][PASSED] - TaxTypeEL = findTestData(dataFile).getValue("TaxTypeEL", row): null

2021-11-08 13:37:52 - [TEST_STEP][PASSED] - FilingYear = findTestData(dataFile).getValue("FilingYear", row): null

2021-11-08 13:37:52 - [TEST_STEP][PASSED] - FName = findTestData(dataFile).getValue("Fname", row): null

2021-11-08 13:37:52 - [TEST_STEP][PASSED] - LName = findTestData(dataFile).getValue("Lname", row): null

2021-11-08 13:37:52 - [TEST_STEP][PASSED] - AL1 = findTestData(dataFile).getValue("AL1", row): null

2021-11-08 13:37:52 - [TEST_STEP][PASSED] - City = findTestData(dataFile).getValue("City", row): null

2021-11-08 13:37:52 - [TEST_STEP][PASSED] - ZIP = findTestData(dataFile).getValue("ZIP", row): null

2021-11-08 13:37:52 - [TEST_STEP][PASSED] - Amount = findTestData(dataFile).getValue("Amount", row): null

2021-11-08 13:37:52 - [TEST_STEP][PASSED] - CCNumber = findTestData(dataFile).getValue("CCNumber", row): null

2021-11-08 13:37:52 - [TEST_STEP][PASSED] - CVV = findTestData(dataFile).getValue("CVV", row): null

2021-11-08 13:37:52 - [TEST_STEP][PASSED] - SSN = findTestData(dataFile).getValue("SSN", row): null

2021-11-08 13:37:52 - [TEST_STEP][PASSED] - FEIN = findTestData(dataFile).getValue("FEIN", row): null

2021-11-08 13:37:52 - [TEST_STEP][PASSED] - out.println("Value of Execute is : " + ExecuteTC): null

2021-11-08 13:37:52 - [TEST_STEP][PASSED] - if (ExecuteTC.equalsIgnoreCase("Y")): null

2021-11-08 13:37:52 - [TEST_STEP][PASSED] - out.println("Begin Record Number: " + row): null

2021-11-08 13:37:52 - [TEST_STEP][PASSED] - today = new java.util.Date(): null

2021-11-08 13:37:52 - [TEST_STEP][PASSED] - println(today): null

2021-11-08 13:37:52 - [TEST_STEP][PASSED] - datText = today: null

2021-11-08 13:37:52 - [TEST_STEP][PASSED] - Taxtype = findTestData(dataFile).getValue("TaxType", row): null

2021-11-08 13:37:52 - [TEST_STEP][PASSED] - out.println("Taxtype value is : " + Taxtype): null

2021-11-08 13:37:52 - [TEST_STEP][PASSED] - openBrowser(""): Browser is opened with url: ''

2021-11-08 13:37:52 - [MESSAGE][WARNING] - A browser is already opened. Closing browser and opening a new one

2021-11-08 13:37:53 - [MESSAGE][INFO] - Starting 'Chrome' driver

2021-11-08 13:37:53 - [MESSAGE][INFO] - User set preference: ['acceptInsecureCerts', 'true']

2021-11-08 13:37:53 - [MESSAGE][INFO] - Action delay is set to 0 milliseconds

2021-11-08 13:37:54 - [MESSAGE][PASSED] - Browser is opened with url: ''

2021-11-08 13:37:54 - [TEST_STEP][PASSED] - maximizeWindow(): Current window maximized

2021-11-08 13:37:55 - [MESSAGE][PASSED] - Current window maximized

2021-11-08 13:37:55 - [TEST_STEP][PASSED] - navigateToUrl(RADurl): Navigate to 'https://qa.velocitypayment.com/client/rad/index.html' successfully

2021-11-08 13:37:56 - [MESSAGE][PASSED] - Navigate to 'https://qa.velocitypayment.com/client/rad/index.html' successfully

2021-11-08 13:37:56 - [TEST_STEP][PASSED] - orPath_Landing = "Object Repository/RAD_Pages/Landing_Page": null

2021-11-08 13:37:56 - [TEST_STEP][PASSED] - orPath_TaxTypeFilingYear = "Object Repository/RAD_Pages/TaxTypeFilingYear_Page": null

2021-11-08 13:37:56 - [TEST_STEP][PASSED] - orPath_TaxPayer = "Object Repository/RAD_Pages/Taxpayer_Page": null

2021-11-08 13:37:56 - [TEST_STEP][PASSED] - orPath_AddressContact = "Object Repository/RAD_Pages/AddressAndContactInfo_Page": null

2021-11-08 13:37:56 - [TEST_STEP][PASSED] - orPath_FilingStatus = "Object Repository/RAD_Pages/FilingStatus_Page": null

2021-11-08 13:37:56 - [TEST_STEP][PASSED] - orPath_Amount = "Object Repository/RAD_Pages/PaymentAmount_Page": null

2021-11-08 13:37:56 - [TEST_STEP][PASSED] - orPath_TaxInfo = "Object Repository/RAD_Pages/TaxInfo_Page": null

2021-11-08 13:37:56 - [TEST_STEP][PASSED] - orPath_Withholding = "Object Repository/RAD_Pages/Withholding_Page": null

2021-11-08 13:37:56 - [TEST_STEP][PASSED] - orPath_Summary = "Object Repository/RAD_Pages/Summary_Page": null

2021-11-08 13:37:56 - [TEST_STEP][PASSED] - orPath_PaymentReady = "Object Repository/RAD_Pages/PaymentReady_Page": null

2021-11-08 13:37:56 - [TEST_STEP][PASSED] - orPath_PaymentEntry = "Object Repository/RAD_Pages/PaymentEntry_Page": null

2021-11-08 13:37:56 - [TEST_STEP][PASSED] - orPath_PaymentConfirmation = "Object Repository/RAD_Pages/PaymentConfirmation_Page": null

2021-11-08 13:37:56 - [TEST_STEP][PASSED] - orPath_ServiceFeesAccept = "Object Repository/RAD_Pages/ServiceFeeAccept_Page": null

2021-11-08 13:37:56 - [TEST_STEP][PASSED] - selectOptionByLabel(findTestObject(orPath_Landing + "/dd_TaxType"), Taxtype, false): All options with label 'Existing Liability' are selected in object 'Object Repository/RAD_Pages/Landing_Page/dd_TaxType' 

2021-11-08 13:37:57 - [MESSAGE][PASSED] - All options with label 'Existing Liability' are selected in object 'Object Repository/RAD_Pages/Landing_Page/dd_TaxType' 

2021-11-08 13:37:57 - [TEST_STEP][PASSED] - delay(1): Delayed 1 second(s)

2021-11-08 13:37:58 - [MESSAGE][PASSED] - Delayed 1 second(s)

2021-11-08 13:37:58 - [TEST_STEP][PASSED] - selectOptionByLabel(findTestObject(orPath_TaxTypeFilingYear + "/select_TaxType_ExistingLiability"), TaxTypeEL, false): All options with label 'Withholding Tax' are selected in object 'Object Repository/RAD_Pages/TaxTypeFilingYear_Page/select_TaxType_ExistingLiability' 

2021-11-08 13:37:59 - [MESSAGE][PASSED] - All options with label 'Withholding Tax' are selected in object 'Object Repository/RAD_Pages/TaxTypeFilingYear_Page/select_TaxType_ExistingLiability' 

2021-11-08 13:37:59 - [TEST_STEP][PASSED] - selectOptionByLabel(findTestObject(orPath_TaxTypeFilingYear + "/select_FilingYear"), FilingYear, false): All options with label '2019' are selected in object 'Object Repository/RAD_Pages/TaxTypeFilingYear_Page/select_FilingYear' 

2021-11-08 13:38:00 - [MESSAGE][PASSED] - All options with label '2019' are selected in object 'Object Repository/RAD_Pages/TaxTypeFilingYear_Page/select_FilingYear' 

2021-11-08 13:38:00 - [TEST_STEP][PASSED] - setText(findTestObject(orPath_TaxPayer + "/input_firstName"), FName): Text 'Mark' is set on object 'Object Repository/RAD_Pages/Taxpayer_Page/input_firstName'

2021-11-08 13:38:00 - [MESSAGE][PASSED] - Text 'Mark' is set on object 'Object Repository/RAD_Pages/Taxpayer_Page/input_firstName'

2021-11-08 13:38:00 - [TEST_STEP][PASSED] - setText(findTestObject(orPath_TaxPayer + "/input_lastName"), LName): Text 'Wright' is set on object 'Object Repository/RAD_Pages/Taxpayer_Page/input_lastName'

2021-11-08 13:38:01 - [MESSAGE][PASSED] - Text 'Wright' is set on object 'Object Repository/RAD_Pages/Taxpayer_Page/input_lastName'

2021-11-08 13:38:01 - [TEST_STEP][PASSED] - setText(findTestObject(orPath_TaxPayer + "/input_middleName"), "Johns"): Text 'Johns' is set on object 'Object Repository/RAD_Pages/Taxpayer_Page/input_middleName'

2021-11-08 13:38:02 - [MESSAGE][PASSED] - Text 'Johns' is set on object 'Object Repository/RAD_Pages/Taxpayer_Page/input_middleName'

2021-11-08 13:38:02 - [TEST_STEP][PASSED] - setText(findTestObject(orPath_TaxPayer + "/input_suffix"), "Sr"): Text 'Sr' is set on object 'Object Repository/RAD_Pages/Taxpayer_Page/input_suffix'

2021-11-08 13:38:02 - [MESSAGE][PASSED] - Text 'Sr' is set on object 'Object Repository/RAD_Pages/Taxpayer_Page/input_suffix'

2021-11-08 13:38:02 - [TEST_STEP][PASSED] - selectOptionByLabel(findTestObject(orPath_AddressContact + "/select_Country"), "United States", false): All options with label 'United States' are selected in object 'Object Repository/RAD_Pages/AddressAndContactInfo_Page/select_Country' 

2021-11-08 13:38:03 - [MESSAGE][PASSED] - All options with label 'United States' are selected in object 'Object Repository/RAD_Pages/AddressAndContactInfo_Page/select_Country' 

2021-11-08 13:38:03 - [TEST_STEP][PASSED] - setText(findTestObject(orPath_AddressContact + "/input_streetAddress1"), AL1): Text '36 Hoolan Ave' is set on object 'Object Repository/RAD_Pages/AddressAndContactInfo_Page/input_streetAddress1'

2021-11-08 13:38:03 - [MESSAGE][PASSED] - Text '36 Hoolan Ave' is set on object 'Object Repository/RAD_Pages/AddressAndContactInfo_Page/input_streetAddress1'

2021-11-08 13:38:03 - [TEST_STEP][PASSED] - setText(findTestObject(orPath_AddressContact + "/input_streetAddress2"), ""): Text '' is set on object 'Object Repository/RAD_Pages/AddressAndContactInfo_Page/input_streetAddress2'

2021-11-08 13:38:04 - [MESSAGE][PASSED] - Text '' is set on object 'Object Repository/RAD_Pages/AddressAndContactInfo_Page/input_streetAddress2'

2021-11-08 13:38:04 - [TEST_STEP][PASSED] - setText(findTestObject(orPath_AddressContact + "/input_city"), City): Text 'Huntsville' is set on object 'Object Repository/RAD_Pages/AddressAndContactInfo_Page/input_city'

2021-11-08 13:38:05 - [MESSAGE][PASSED] - Text 'Huntsville' is set on object 'Object Repository/RAD_Pages/AddressAndContactInfo_Page/input_city'

2021-11-08 13:38:05 - [TEST_STEP][PASSED] - selectOptionByLabel(findTestObject(orPath_AddressContact + "/select_State"), "Maryland", false): All options with label 'Maryland' are selected in object 'Object Repository/RAD_Pages/AddressAndContactInfo_Page/select_State' 

2021-11-08 13:38:05 - [MESSAGE][PASSED] - All options with label 'Maryland' are selected in object 'Object Repository/RAD_Pages/AddressAndContactInfo_Page/select_State' 

2021-11-08 13:38:05 - [TEST_STEP][PASSED] - setText(findTestObject(orPath_AddressContact + "/input_zipCode"), ZIP): Text '21093' is set on object 'Object Repository/RAD_Pages/AddressAndContactInfo_Page/input_zipCode'

2021-11-08 13:38:06 - [MESSAGE][PASSED] - Text '21093' is set on object 'Object Repository/RAD_Pages/AddressAndContactInfo_Page/input_zipCode'

2021-11-08 13:38:06 - [TEST_STEP][PASSED] - setText(findTestObject(orPath_AddressContact + "/input_phoneNumber"), "(703) 894-5000"): Text '(703) 894-5000' is set on object 'Object Repository/RAD_Pages/AddressAndContactInfo_Page/input_phoneNumber'

2021-11-08 13:38:07 - [MESSAGE][PASSED] - Text '(703) 894-5000' is set on object 'Object Repository/RAD_Pages/AddressAndContactInfo_Page/input_phoneNumber'

2021-11-08 13:38:07 - [TEST_STEP][PASSED] - setText(findTestObject(orPath_AddressContact + "/input_eMailAddress"), "iahmed@govolution.com"): Text 'iahmed@govolution.com' is set on object 'Object Repository/RAD_Pages/AddressAndContactInfo_Page/input_eMailAddress'

2021-11-08 13:38:07 - [MESSAGE][PASSED] - Text 'iahmed@govolution.com' is set on object 'Object Repository/RAD_Pages/AddressAndContactInfo_Page/input_eMailAddress'

2021-11-08 13:38:07 - [TEST_STEP][PASSED] - setText(findTestObject(orPath_AddressContact + "/input_reEnterEMailAddress"), "iahmed@govolution.com"): Text 'iahmed@govolution.com' is set on object 'Object Repository/RAD_Pages/AddressAndContactInfo_Page/input_reEnterEMailAddress'

2021-11-08 13:38:08 - [MESSAGE][PASSED] - Text 'iahmed@govolution.com' is set on object 'Object Repository/RAD_Pages/AddressAndContactInfo_Page/input_reEnterEMailAddress'

2021-11-08 13:38:08 - [TEST_STEP][PASSED] - if (!(SSN.isEmpty())): null

2021-11-08 13:38:08 - [TEST_STEP][PASSED] - scrollToElement(findTestObject(orPath_Amount + "/input__paymentAmount"), 3): Scroll to object 'Object Repository/RAD_Pages/PaymentAmount_Page/input__paymentAmount' successfully

2021-11-08 13:38:08 - [MESSAGE][PASSED] - Scroll to object 'Object Repository/RAD_Pages/PaymentAmount_Page/input__paymentAmount' successfully

2021-11-08 13:38:08 - [TEST_STEP][PASSED] - if (!(FEIN.isEmpty())): Text '258369266' is set on object 'Object Repository/RAD_Pages/TaxInfo_Page/input_ReTypeFEIN'

2021-11-08 13:38:08 - [TEST_STEP][PASSED] - setText(findTestObject(orPath_TaxInfo + "/input_FEIN"), FEIN): Text '258369266' is set on object 'Object Repository/RAD_Pages/TaxInfo_Page/input_FEIN'

2021-11-08 13:38:09 - [MESSAGE][PASSED] - Text '258369266' is set on object 'Object Repository/RAD_Pages/TaxInfo_Page/input_FEIN'

2021-11-08 13:38:09 - [TEST_STEP][PASSED] - setText(findTestObject(orPath_TaxInfo + "/input_ReTypeFEIN"), FEIN): Text '258369266' is set on object 'Object Repository/RAD_Pages/TaxInfo_Page/input_ReTypeFEIN'

2021-11-08 13:38:10 - [MESSAGE][PASSED] - Text '258369266' is set on object 'Object Repository/RAD_Pages/TaxInfo_Page/input_ReTypeFEIN'

2021-11-08 13:38:10 - [TEST_STEP][PASSED] - delay(1): Delayed 1 second(s)

2021-11-08 13:38:11 - [MESSAGE][PASSED] - Delayed 1 second(s)

2021-11-08 13:38:11 - [TEST_STEP][PASSED] - setText(findTestObject(orPath_TaxInfo + "/input_NoticeInvoiceNumber"), "258147147"): Text '258147147' is set on object 'Object Repository/RAD_Pages/TaxInfo_Page/input_NoticeInvoiceNumber'

2021-11-08 13:38:12 - [MESSAGE][PASSED] - Text '258147147' is set on object 'Object Repository/RAD_Pages/TaxInfo_Page/input_NoticeInvoiceNumber'

2021-11-08 13:38:12 - [TEST_STEP][PASSED] - setText(findTestObject(orPath_TaxInfo + "/input_reTypeNoticeInvoiceNumber"), "258147147"): Text '258147147' is set on object 'Object Repository/RAD_Pages/TaxInfo_Page/input_reTypeNoticeInvoiceNumber'

2021-11-08 13:38:13 - [MESSAGE][PASSED] - Text '258147147' is set on object 'Object Repository/RAD_Pages/TaxInfo_Page/input_reTypeNoticeInvoiceNumber'

2021-11-08 13:38:13 - [TEST_STEP][PASSED] - if (TaxTypeEL.equalsIgnoreCase("Sales & Use Tax")): null

2021-11-08 13:38:13 - [TEST_STEP][PASSED] - setText(findTestObject(orPath_Amount + "/input__paymentAmount"), Amount): Text '70.50' is set on object 'Object Repository/RAD_Pages/PaymentAmount_Page/input__paymentAmount'

2021-11-08 13:38:13 - [MESSAGE][PASSED] - Text '70.50' is set on object 'Object Repository/RAD_Pages/PaymentAmount_Page/input__paymentAmount'

2021-11-08 13:38:13 - [TEST_STEP][PASSED] - scrollToElement(findTestObject(orPath_Landing + "/button_Continue"), 3): Scroll to object 'Object Repository/RAD_Pages/Landing_Page/button_Continue' successfully

2021-11-08 13:38:14 - [MESSAGE][PASSED] - Scroll to object 'Object Repository/RAD_Pages/Landing_Page/button_Continue' successfully

2021-11-08 13:38:14 - [TEST_STEP][PASSED] - waitForElementClickable(findTestObject(orPath_Landing + "/button_Continue"), 5): Object 'Object Repository/RAD_Pages/Landing_Page/button_Continue' is clickable

2021-11-08 13:38:14 - [MESSAGE][PASSED] - Object 'Object Repository/RAD_Pages/Landing_Page/button_Continue' is clickable

2021-11-08 13:38:14 - [TEST_STEP][PASSED] - click(findTestObject(orPath_Landing + "/button_Continue")): Object: 'Object Repository/RAD_Pages/Landing_Page/button_Continue' is clicked on

2021-11-08 13:38:14 - [MESSAGE][PASSED] - Object: 'Object Repository/RAD_Pages/Landing_Page/button_Continue' is clicked on

2021-11-08 13:38:14 - [TEST_STEP][PASSED] - verifyTextPresent("Review the information below and make any necessary corrections by clicking the", true): Text 'Review the information below and make any necessary corrections by clicking the' is present on page  using regular expression

2021-11-08 13:38:15 - [MESSAGE][PASSED] - Text 'Review the information below and make any necessary corrections by clicking the' is present on page  using regular expression

2021-11-08 13:38:15 - [TEST_STEP][PASSED] - verifyTextPresent("When you are confident that all the information is correct", true): Text 'When you are confident that all the information is correct' is present on page  using regular expression

2021-11-08 13:38:15 - [MESSAGE][PASSED] - Text 'When you are confident that all the information is correct' is present on page  using regular expression

2021-11-08 13:38:15 - [TEST_STEP][PASSED] - delay(1): Delayed 1 second(s)

2021-11-08 13:38:16 - [MESSAGE][PASSED] - Delayed 1 second(s)

2021-11-08 13:38:16 - [TEST_STEP][PASSED] - click(findTestObject(orPath_PaymentReady + "/button_ProceedtoPayment")): Object: 'Object Repository/RAD_Pages/PaymentReady_Page/button_ProceedtoPayment' is clicked on

2021-11-08 13:38:18 - [MESSAGE][PASSED] - Object: 'Object Repository/RAD_Pages/PaymentReady_Page/button_ProceedtoPayment' is clicked on

2021-11-08 13:38:18 - [TEST_STEP][PASSED] - setText(findTestObject(orPath_PaymentEntry + "/input__cardNumber"), CCNumber): Text '5146312200000035' is set on object 'Object Repository/RAD_Pages/PaymentEntry_Page/input__cardNumber'

2021-11-08 13:38:19 - [MESSAGE][PASSED] - Text '5146312200000035' is set on object 'Object Repository/RAD_Pages/PaymentEntry_Page/input__cardNumber'

2021-11-08 13:38:19 - [TEST_STEP][PASSED] - setText(findTestObject(orPath_PaymentEntry + "/input__spc"), CVV): Text '123' is set on object 'Object Repository/RAD_Pages/PaymentEntry_Page/input__spc'

2021-11-08 13:38:20 - [MESSAGE][PASSED] - Text '123' is set on object 'Object Repository/RAD_Pages/PaymentEntry_Page/input__spc'

2021-11-08 13:38:20 - [TEST_STEP][PASSED] - selectOptionByLabel(findTestObject(orPath_PaymentEntry + "/select_MM"), "12", false): All options with label '12' are selected in object 'Object Repository/RAD_Pages/PaymentEntry_Page/select_MM' 

2021-11-08 13:38:20 - [MESSAGE][PASSED] - All options with label '12' are selected in object 'Object Repository/RAD_Pages/PaymentEntry_Page/select_MM' 

2021-11-08 13:38:20 - [TEST_STEP][PASSED] - selectOptionByLabel(findTestObject(orPath_PaymentEntry + "/select_YYYY"), "2023", false): All options with label '2023' are selected in object 'Object Repository/RAD_Pages/PaymentEntry_Page/select_YYYY' 

2021-11-08 13:38:21 - [MESSAGE][PASSED] - All options with label '2023' are selected in object 'Object Repository/RAD_Pages/PaymentEntry_Page/select_YYYY' 

2021-11-08 13:38:21 - [TEST_STEP][PASSED] - click(findTestObject(orPath_PaymentEntry + "/input_Field_ccSubmit")): Object: 'Object Repository/RAD_Pages/PaymentEntry_Page/input_Field_ccSubmit' is clicked on

2021-11-08 13:38:22 - [MESSAGE][PASSED] - Object: 'Object Repository/RAD_Pages/PaymentEntry_Page/input_Field_ccSubmit' is clicked on

2021-11-08 13:38:22 - [TEST_STEP][PASSED] - click(findTestObject(orPath_PaymentConfirmation + "/input_N_confirmNotifyAction")): Object: 'Object Repository/RAD_Pages/PaymentConfirmation_Page/input_N_confirmNotifyAction' is clicked on

2021-11-08 13:38:23 - [MESSAGE][PASSED] - Object: 'Object Repository/RAD_Pages/PaymentConfirmation_Page/input_N_confirmNotifyAction' is clicked on

2021-11-08 13:38:23 - [TEST_STEP][PASSED] - click(findTestObject(orPath_ServiceFeesAccept + "/input_convFeeNotifyAction")): Object: 'Object Repository/RAD_Pages/ServiceFeeAccept_Page/input_convFeeNotifyAction' is clicked on

2021-11-08 13:38:25 - [MESSAGE][PASSED] - Object: 'Object Repository/RAD_Pages/ServiceFeeAccept_Page/input_convFeeNotifyAction' is clicked on

2021-11-08 13:38:25 - [TEST_STEP][PASSED] - delay(10): Delayed 10 second(s)

2021-11-08 13:38:35 - [MESSAGE][PASSED] - Delayed 10 second(s)

2021-11-08 13:38:35 - [TEST_STEP][PASSED] - verifyTextPresent("Successful Payment Receipt", true): Text 'Successful Payment Receipt' is present on page  using regular expression

2021-11-08 13:38:35 - [MESSAGE][PASSED] - Text 'Successful Payment Receipt' is present on page  using regular expression

2021-11-08 13:38:35 - [TEST_STEP][PASSED] - if (verifyTextPresent("Successful Payment Receipt", true)): null

2021-11-08 13:38:36 - [MESSAGE][PASSED] - Text 'Successful Payment Receipt' is present on page  using regular expression

2021-11-08 13:38:36 - [TEST_STEP][PASSED] - println("Transaction was Successful"): null

2021-11-08 13:38:36 - [TEST_STEP][PASSED] - out.println("Pass Record Number: " + row): null

2021-11-08 13:38:36 - [TEST_STEP][PASSED] - resText = "Pass": null

2021-11-08 13:38:36 - [TEST_STEP][PASSED] - pages.WriteExcel.demoKey(resText, datText, resColumn, datCloumn, fileLoc, nameSheet, row): pages.WriteExcel.demoKey is PASSED

2021-11-08 13:38:36 - [MESSAGE][PASSED] - pages.WriteExcel.demoKey is PASSED

2021-11-08 13:38:36 - [TEST_STEP][PASSED] - ExecuteTC = findTestData(dataFile).getValue("Execute", row): null

2021-11-08 13:38:36 - [TEST_STEP][PASSED] - Taxtype = findTestData(dataFile).getValue("TaxType", row): null

2021-11-08 13:38:36 - [TEST_STEP][PASSED] - TaxTypeEL = findTestData(dataFile).getValue("TaxTypeEL", row): null

2021-11-08 13:38:36 - [TEST_STEP][PASSED] - FilingYear = findTestData(dataFile).getValue("FilingYear", row): null

2021-11-08 13:38:36 - [TEST_STEP][PASSED] - FName = findTestData(dataFile).getValue("Fname", row): null

2021-11-08 13:38:36 - [TEST_STEP][PASSED] - LName = findTestData(dataFile).getValue("Lname", row): null

2021-11-08 13:38:36 - [TEST_STEP][PASSED] - AL1 = findTestData(dataFile).getValue("AL1", row): null

2021-11-08 13:38:36 - [TEST_STEP][PASSED] - City = findTestData(dataFile).getValue("City", row): null

2021-11-08 13:38:36 - [TEST_STEP][PASSED] - ZIP = findTestData(dataFile).getValue("ZIP", row): null

2021-11-08 13:38:36 - [TEST_STEP][PASSED] - Amount = findTestData(dataFile).getValue("Amount", row): null

2021-11-08 13:38:36 - [TEST_STEP][PASSED] - CCNumber = findTestData(dataFile).getValue("CCNumber", row): null

2021-11-08 13:38:36 - [TEST_STEP][PASSED] - CVV = findTestData(dataFile).getValue("CVV", row): null

2021-11-08 13:38:36 - [TEST_STEP][PASSED] - SSN = findTestData(dataFile).getValue("SSN", row): null

2021-11-08 13:38:36 - [TEST_STEP][PASSED] - FEIN = findTestData(dataFile).getValue("FEIN", row): null

2021-11-08 13:38:36 - [TEST_STEP][PASSED] - out.println("Value of Execute is : " + ExecuteTC): null

2021-11-08 13:38:36 - [TEST_STEP][PASSED] - if (ExecuteTC.equalsIgnoreCase("Y")): null

2021-11-08 13:38:36 - [TEST_STEP][PASSED] - out.println("Begin Record Number: " + row): null

2021-11-08 13:38:36 - [TEST_STEP][PASSED] - today = new java.util.Date(): null

2021-11-08 13:38:36 - [TEST_STEP][PASSED] - println(today): null

2021-11-08 13:38:36 - [TEST_STEP][PASSED] - datText = today: null

2021-11-08 13:38:36 - [TEST_STEP][PASSED] - Taxtype = findTestData(dataFile).getValue("TaxType", row): null

2021-11-08 13:38:36 - [TEST_STEP][PASSED] - out.println("Taxtype value is : " + Taxtype): null

2021-11-08 13:38:36 - [TEST_STEP][PASSED] - openBrowser(""): Browser is opened with url: ''

2021-11-08 13:38:36 - [MESSAGE][WARNING] - A browser is already opened. Closing browser and opening a new one

2021-11-08 13:38:37 - [MESSAGE][INFO] - Starting 'Chrome' driver

2021-11-08 13:38:37 - [MESSAGE][INFO] - User set preference: ['acceptInsecureCerts', 'true']

2021-11-08 13:38:37 - [MESSAGE][INFO] - Action delay is set to 0 milliseconds

2021-11-08 13:38:38 - [MESSAGE][PASSED] - Browser is opened with url: ''

2021-11-08 13:38:38 - [TEST_STEP][PASSED] - maximizeWindow(): Current window maximized

2021-11-08 13:38:38 - [MESSAGE][PASSED] - Current window maximized

2021-11-08 13:38:38 - [TEST_STEP][PASSED] - navigateToUrl(RADurl): Navigate to 'https://qa.velocitypayment.com/client/rad/index.html' successfully

2021-11-08 13:38:40 - [MESSAGE][PASSED] - Navigate to 'https://qa.velocitypayment.com/client/rad/index.html' successfully

2021-11-08 13:38:40 - [TEST_STEP][PASSED] - orPath_Landing = "Object Repository/RAD_Pages/Landing_Page": null

2021-11-08 13:38:40 - [TEST_STEP][PASSED] - orPath_TaxTypeFilingYear = "Object Repository/RAD_Pages/TaxTypeFilingYear_Page": null

2021-11-08 13:38:40 - [TEST_STEP][PASSED] - orPath_TaxPayer = "Object Repository/RAD_Pages/Taxpayer_Page": null

2021-11-08 13:38:40 - [TEST_STEP][PASSED] - orPath_AddressContact = "Object Repository/RAD_Pages/AddressAndContactInfo_Page": null

2021-11-08 13:38:40 - [TEST_STEP][PASSED] - orPath_FilingStatus = "Object Repository/RAD_Pages/FilingStatus_Page": null

2021-11-08 13:38:40 - [TEST_STEP][PASSED] - orPath_Amount = "Object Repository/RAD_Pages/PaymentAmount_Page": null

2021-11-08 13:38:40 - [TEST_STEP][PASSED] - orPath_TaxInfo = "Object Repository/RAD_Pages/TaxInfo_Page": null

2021-11-08 13:38:40 - [TEST_STEP][PASSED] - orPath_Withholding = "Object Repository/RAD_Pages/Withholding_Page": null

2021-11-08 13:38:40 - [TEST_STEP][PASSED] - orPath_Summary = "Object Repository/RAD_Pages/Summary_Page": null

2021-11-08 13:38:40 - [TEST_STEP][PASSED] - orPath_PaymentReady = "Object Repository/RAD_Pages/PaymentReady_Page": null

2021-11-08 13:38:40 - [TEST_STEP][PASSED] - orPath_PaymentEntry = "Object Repository/RAD_Pages/PaymentEntry_Page": null

2021-11-08 13:38:40 - [TEST_STEP][PASSED] - orPath_PaymentConfirmation = "Object Repository/RAD_Pages/PaymentConfirmation_Page": null

2021-11-08 13:38:40 - [TEST_STEP][PASSED] - orPath_ServiceFeesAccept = "Object Repository/RAD_Pages/ServiceFeeAccept_Page": null

2021-11-08 13:38:40 - [TEST_STEP][PASSED] - selectOptionByLabel(findTestObject(orPath_Landing + "/dd_TaxType"), Taxtype, false): All options with label 'Existing Liability' are selected in object 'Object Repository/RAD_Pages/Landing_Page/dd_TaxType' 

2021-11-08 13:38:41 - [MESSAGE][PASSED] - All options with label 'Existing Liability' are selected in object 'Object Repository/RAD_Pages/Landing_Page/dd_TaxType' 

2021-11-08 13:38:41 - [TEST_STEP][PASSED] - delay(1): Delayed 1 second(s)

2021-11-08 13:38:42 - [MESSAGE][PASSED] - Delayed 1 second(s)

2021-11-08 13:38:42 - [TEST_STEP][PASSED] - selectOptionByLabel(findTestObject(orPath_TaxTypeFilingYear + "/select_TaxType_ExistingLiability"), TaxTypeEL, false): All options with label 'Alcohol Tax' are selected in object 'Object Repository/RAD_Pages/TaxTypeFilingYear_Page/select_TaxType_ExistingLiability' 

2021-11-08 13:38:43 - [MESSAGE][PASSED] - All options with label 'Alcohol Tax' are selected in object 'Object Repository/RAD_Pages/TaxTypeFilingYear_Page/select_TaxType_ExistingLiability' 

2021-11-08 13:38:43 - [TEST_STEP][PASSED] - selectOptionByLabel(findTestObject(orPath_TaxTypeFilingYear + "/select_FilingYear"), FilingYear, false): All options with label '2019' are selected in object 'Object Repository/RAD_Pages/TaxTypeFilingYear_Page/select_FilingYear' 

2021-11-08 13:38:43 - [MESSAGE][PASSED] - All options with label '2019' are selected in object 'Object Repository/RAD_Pages/TaxTypeFilingYear_Page/select_FilingYear' 

2021-11-08 13:38:43 - [TEST_STEP][PASSED] - setText(findTestObject(orPath_TaxPayer + "/input_firstName"), FName): Text 'Thomas' is set on object 'Object Repository/RAD_Pages/Taxpayer_Page/input_firstName'

2021-11-08 13:38:44 - [MESSAGE][PASSED] - Text 'Thomas' is set on object 'Object Repository/RAD_Pages/Taxpayer_Page/input_firstName'

2021-11-08 13:38:44 - [TEST_STEP][PASSED] - setText(findTestObject(orPath_TaxPayer + "/input_lastName"), LName): Text 'Stokes' is set on object 'Object Repository/RAD_Pages/Taxpayer_Page/input_lastName'

2021-11-08 13:38:45 - [MESSAGE][PASSED] - Text 'Stokes' is set on object 'Object Repository/RAD_Pages/Taxpayer_Page/input_lastName'

2021-11-08 13:38:45 - [TEST_STEP][PASSED] - setText(findTestObject(orPath_TaxPayer + "/input_middleName"), "Johns"): Text 'Johns' is set on object 'Object Repository/RAD_Pages/Taxpayer_Page/input_middleName'

2021-11-08 13:38:45 - [MESSAGE][PASSED] - Text 'Johns' is set on object 'Object Repository/RAD_Pages/Taxpayer_Page/input_middleName'

2021-11-08 13:38:45 - [TEST_STEP][PASSED] - setText(findTestObject(orPath_TaxPayer + "/input_suffix"), "Sr"): Text 'Sr' is set on object 'Object Repository/RAD_Pages/Taxpayer_Page/input_suffix'

2021-11-08 13:38:46 - [MESSAGE][PASSED] - Text 'Sr' is set on object 'Object Repository/RAD_Pages/Taxpayer_Page/input_suffix'

2021-11-08 13:38:46 - [TEST_STEP][PASSED] - selectOptionByLabel(findTestObject(orPath_AddressContact + "/select_Country"), "United States", false): All options with label 'United States' are selected in object 'Object Repository/RAD_Pages/AddressAndContactInfo_Page/select_Country' 

2021-11-08 13:38:47 - [MESSAGE][PASSED] - All options with label 'United States' are selected in object 'Object Repository/RAD_Pages/AddressAndContactInfo_Page/select_Country' 

2021-11-08 13:38:47 - [TEST_STEP][PASSED] - setText(findTestObject(orPath_AddressContact + "/input_streetAddress1"), AL1): Text '2311 York road' is set on object 'Object Repository/RAD_Pages/AddressAndContactInfo_Page/input_streetAddress1'

2021-11-08 13:38:47 - [MESSAGE][PASSED] - Text '2311 York road' is set on object 'Object Repository/RAD_Pages/AddressAndContactInfo_Page/input_streetAddress1'

2021-11-08 13:38:47 - [TEST_STEP][PASSED] - setText(findTestObject(orPath_AddressContact + "/input_streetAddress2"), ""): Text '' is set on object 'Object Repository/RAD_Pages/AddressAndContactInfo_Page/input_streetAddress2'

2021-11-08 13:38:48 - [MESSAGE][PASSED] - Text '' is set on object 'Object Repository/RAD_Pages/AddressAndContactInfo_Page/input_streetAddress2'

2021-11-08 13:38:48 - [TEST_STEP][PASSED] - setText(findTestObject(orPath_AddressContact + "/input_city"), City): Text 'Gambrills' is set on object 'Object Repository/RAD_Pages/AddressAndContactInfo_Page/input_city'

2021-11-08 13:38:49 - [MESSAGE][PASSED] - Text 'Gambrills' is set on object 'Object Repository/RAD_Pages/AddressAndContactInfo_Page/input_city'

2021-11-08 13:38:49 - [TEST_STEP][PASSED] - selectOptionByLabel(findTestObject(orPath_AddressContact + "/select_State"), "Maryland", false): All options with label 'Maryland' are selected in object 'Object Repository/RAD_Pages/AddressAndContactInfo_Page/select_State' 

2021-11-08 13:38:49 - [MESSAGE][PASSED] - All options with label 'Maryland' are selected in object 'Object Repository/RAD_Pages/AddressAndContactInfo_Page/select_State' 

2021-11-08 13:38:49 - [TEST_STEP][PASSED] - setText(findTestObject(orPath_AddressContact + "/input_zipCode"), ZIP): Text '21054' is set on object 'Object Repository/RAD_Pages/AddressAndContactInfo_Page/input_zipCode'

2021-11-08 13:38:50 - [MESSAGE][PASSED] - Text '21054' is set on object 'Object Repository/RAD_Pages/AddressAndContactInfo_Page/input_zipCode'

2021-11-08 13:38:50 - [TEST_STEP][PASSED] - setText(findTestObject(orPath_AddressContact + "/input_phoneNumber"), "(703) 894-5000"): Text '(703) 894-5000' is set on object 'Object Repository/RAD_Pages/AddressAndContactInfo_Page/input_phoneNumber'

2021-11-08 13:38:51 - [MESSAGE][PASSED] - Text '(703) 894-5000' is set on object 'Object Repository/RAD_Pages/AddressAndContactInfo_Page/input_phoneNumber'

2021-11-08 13:38:51 - [TEST_STEP][PASSED] - setText(findTestObject(orPath_AddressContact + "/input_eMailAddress"), "iahmed@govolution.com"): Text 'iahmed@govolution.com' is set on object 'Object Repository/RAD_Pages/AddressAndContactInfo_Page/input_eMailAddress'

2021-11-08 13:38:51 - [MESSAGE][PASSED] - Text 'iahmed@govolution.com' is set on object 'Object Repository/RAD_Pages/AddressAndContactInfo_Page/input_eMailAddress'

2021-11-08 13:38:51 - [TEST_STEP][PASSED] - setText(findTestObject(orPath_AddressContact + "/input_reEnterEMailAddress"), "iahmed@govolution.com"): Text 'iahmed@govolution.com' is set on object 'Object Repository/RAD_Pages/AddressAndContactInfo_Page/input_reEnterEMailAddress'

2021-11-08 13:38:52 - [MESSAGE][PASSED] - Text 'iahmed@govolution.com' is set on object 'Object Repository/RAD_Pages/AddressAndContactInfo_Page/input_reEnterEMailAddress'

2021-11-08 13:38:52 - [TEST_STEP][PASSED] - if (!(SSN.isEmpty())): Text '123453210' is set on object 'Object Repository/RAD_Pages/TaxInfo_Page/input_TaxInfo_reTaxTypeExisitingSSN'

2021-11-08 13:38:52 - [TEST_STEP][PASSED] - setText(findTestObject(orPath_TaxInfo + "/input_TaxInfo_ExisitingSSN"), SSN): Text '123453210' is set on object 'Object Repository/RAD_Pages/TaxInfo_Page/input_TaxInfo_ExisitingSSN'

2021-11-08 13:38:53 - [MESSAGE][PASSED] - Text '123453210' is set on object 'Object Repository/RAD_Pages/TaxInfo_Page/input_TaxInfo_ExisitingSSN'

2021-11-08 13:38:53 - [TEST_STEP][PASSED] - setText(findTestObject(orPath_TaxInfo + "/input_TaxInfo_reTaxTypeExisitingSSN"), SSN): Text '123453210' is set on object 'Object Repository/RAD_Pages/TaxInfo_Page/input_TaxInfo_reTaxTypeExisitingSSN'

2021-11-08 13:38:53 - [MESSAGE][PASSED] - Text '123453210' is set on object 'Object Repository/RAD_Pages/TaxInfo_Page/input_TaxInfo_reTaxTypeExisitingSSN'

2021-11-08 13:38:53 - [TEST_STEP][PASSED] - scrollToElement(findTestObject(orPath_Amount + "/input__paymentAmount"), 3): Scroll to object 'Object Repository/RAD_Pages/PaymentAmount_Page/input__paymentAmount' successfully

2021-11-08 13:38:54 - [MESSAGE][PASSED] - Scroll to object 'Object Repository/RAD_Pages/PaymentAmount_Page/input__paymentAmount' successfully

2021-11-08 13:38:54 - [TEST_STEP][PASSED] - if (!(FEIN.isEmpty())): null

2021-11-08 13:38:54 - [TEST_STEP][PASSED] - delay(1): Delayed 1 second(s)

2021-11-08 13:38:55 - [MESSAGE][PASSED] - Delayed 1 second(s)

2021-11-08 13:38:55 - [TEST_STEP][PASSED] - setText(findTestObject(orPath_TaxInfo + "/input_NoticeInvoiceNumber"), "258147147"): Text '258147147' is set on object 'Object Repository/RAD_Pages/TaxInfo_Page/input_NoticeInvoiceNumber'

2021-11-08 13:38:55 - [MESSAGE][PASSED] - Text '258147147' is set on object 'Object Repository/RAD_Pages/TaxInfo_Page/input_NoticeInvoiceNumber'

2021-11-08 13:38:55 - [TEST_STEP][PASSED] - setText(findTestObject(orPath_TaxInfo + "/input_reTypeNoticeInvoiceNumber"), "258147147"): Text '258147147' is set on object 'Object Repository/RAD_Pages/TaxInfo_Page/input_reTypeNoticeInvoiceNumber'

2021-11-08 13:38:56 - [MESSAGE][PASSED] - Text '258147147' is set on object 'Object Repository/RAD_Pages/TaxInfo_Page/input_reTypeNoticeInvoiceNumber'

2021-11-08 13:38:56 - [TEST_STEP][PASSED] - if (TaxTypeEL.equalsIgnoreCase("Sales & Use Tax")): null

2021-11-08 13:38:56 - [TEST_STEP][PASSED] - setText(findTestObject(orPath_Amount + "/input__paymentAmount"), Amount): Text '30.50' is set on object 'Object Repository/RAD_Pages/PaymentAmount_Page/input__paymentAmount'

2021-11-08 13:38:57 - [MESSAGE][PASSED] - Text '30.50' is set on object 'Object Repository/RAD_Pages/PaymentAmount_Page/input__paymentAmount'

2021-11-08 13:38:57 - [TEST_STEP][PASSED] - scrollToElement(findTestObject(orPath_Landing + "/button_Continue"), 3): Scroll to object 'Object Repository/RAD_Pages/Landing_Page/button_Continue' successfully

2021-11-08 13:38:57 - [MESSAGE][PASSED] - Scroll to object 'Object Repository/RAD_Pages/Landing_Page/button_Continue' successfully

2021-11-08 13:38:57 - [TEST_STEP][PASSED] - waitForElementClickable(findTestObject(orPath_Landing + "/button_Continue"), 5): Object 'Object Repository/RAD_Pages/Landing_Page/button_Continue' is clickable

2021-11-08 13:38:58 - [MESSAGE][PASSED] - Object 'Object Repository/RAD_Pages/Landing_Page/button_Continue' is clickable

2021-11-08 13:38:58 - [TEST_STEP][PASSED] - click(findTestObject(orPath_Landing + "/button_Continue")): Object: 'Object Repository/RAD_Pages/Landing_Page/button_Continue' is clicked on

2021-11-08 13:38:58 - [MESSAGE][PASSED] - Object: 'Object Repository/RAD_Pages/Landing_Page/button_Continue' is clicked on

2021-11-08 13:38:58 - [TEST_STEP][PASSED] - verifyTextPresent("Review the information below and make any necessary corrections by clicking the", true): Text 'Review the information below and make any necessary corrections by clicking the' is present on page  using regular expression

2021-11-08 13:38:59 - [MESSAGE][PASSED] - Text 'Review the information below and make any necessary corrections by clicking the' is present on page  using regular expression

2021-11-08 13:38:59 - [TEST_STEP][PASSED] - verifyTextPresent("When you are confident that all the information is correct", true): Text 'When you are confident that all the information is correct' is present on page  using regular expression

2021-11-08 13:38:59 - [MESSAGE][PASSED] - Text 'When you are confident that all the information is correct' is present on page  using regular expression

2021-11-08 13:38:59 - [TEST_STEP][PASSED] - delay(1): Delayed 1 second(s)

2021-11-08 13:39:00 - [MESSAGE][PASSED] - Delayed 1 second(s)

2021-11-08 13:39:00 - [TEST_STEP][PASSED] - click(findTestObject(orPath_PaymentReady + "/button_ProceedtoPayment")): Object: 'Object Repository/RAD_Pages/PaymentReady_Page/button_ProceedtoPayment' is clicked on

2021-11-08 13:39:02 - [MESSAGE][PASSED] - Object: 'Object Repository/RAD_Pages/PaymentReady_Page/button_ProceedtoPayment' is clicked on

2021-11-08 13:39:02 - [TEST_STEP][PASSED] - setText(findTestObject(orPath_PaymentEntry + "/input__cardNumber"), CCNumber): Text '4012000098765439' is set on object 'Object Repository/RAD_Pages/PaymentEntry_Page/input__cardNumber'

2021-11-08 13:39:03 - [MESSAGE][PASSED] - Text '4012000098765439' is set on object 'Object Repository/RAD_Pages/PaymentEntry_Page/input__cardNumber'

2021-11-08 13:39:03 - [TEST_STEP][PASSED] - setText(findTestObject(orPath_PaymentEntry + "/input__spc"), CVV): Text '123' is set on object 'Object Repository/RAD_Pages/PaymentEntry_Page/input__spc'

2021-11-08 13:39:03 - [MESSAGE][PASSED] - Text '123' is set on object 'Object Repository/RAD_Pages/PaymentEntry_Page/input__spc'

2021-11-08 13:39:03 - [TEST_STEP][PASSED] - selectOptionByLabel(findTestObject(orPath_PaymentEntry + "/select_MM"), "12", false): All options with label '12' are selected in object 'Object Repository/RAD_Pages/PaymentEntry_Page/select_MM' 

2021-11-08 13:39:04 - [MESSAGE][PASSED] - All options with label '12' are selected in object 'Object Repository/RAD_Pages/PaymentEntry_Page/select_MM' 

2021-11-08 13:39:04 - [TEST_STEP][PASSED] - selectOptionByLabel(findTestObject(orPath_PaymentEntry + "/select_YYYY"), "2023", false): All options with label '2023' are selected in object 'Object Repository/RAD_Pages/PaymentEntry_Page/select_YYYY' 

2021-11-08 13:39:05 - [MESSAGE][PASSED] - All options with label '2023' are selected in object 'Object Repository/RAD_Pages/PaymentEntry_Page/select_YYYY' 

2021-11-08 13:39:05 - [TEST_STEP][PASSED] - click(findTestObject(orPath_PaymentEntry + "/input_Field_ccSubmit")): Object: 'Object Repository/RAD_Pages/PaymentEntry_Page/input_Field_ccSubmit' is clicked on

2021-11-08 13:39:06 - [MESSAGE][PASSED] - Object: 'Object Repository/RAD_Pages/PaymentEntry_Page/input_Field_ccSubmit' is clicked on

2021-11-08 13:39:06 - [TEST_STEP][PASSED] - click(findTestObject(orPath_PaymentConfirmation + "/input_N_confirmNotifyAction")): Object: 'Object Repository/RAD_Pages/PaymentConfirmation_Page/input_N_confirmNotifyAction' is clicked on

2021-11-08 13:39:07 - [MESSAGE][PASSED] - Object: 'Object Repository/RAD_Pages/PaymentConfirmation_Page/input_N_confirmNotifyAction' is clicked on

2021-11-08 13:39:07 - [TEST_STEP][PASSED] - click(findTestObject(orPath_ServiceFeesAccept + "/input_convFeeNotifyAction")): Object: 'Object Repository/RAD_Pages/ServiceFeeAccept_Page/input_convFeeNotifyAction' is clicked on

2021-11-08 13:39:08 - [MESSAGE][PASSED] - Object: 'Object Repository/RAD_Pages/ServiceFeeAccept_Page/input_convFeeNotifyAction' is clicked on

2021-11-08 13:39:08 - [TEST_STEP][PASSED] - delay(10): Delayed 10 second(s)

2021-11-08 13:39:18 - [MESSAGE][PASSED] - Delayed 10 second(s)

2021-11-08 13:39:18 - [TEST_STEP][PASSED] - verifyTextPresent("Successful Payment Receipt", true): Text 'Successful Payment Receipt' is present on page  using regular expression

2021-11-08 13:39:19 - [MESSAGE][PASSED] - Text 'Successful Payment Receipt' is present on page  using regular expression

2021-11-08 13:39:19 - [TEST_STEP][PASSED] - if (verifyTextPresent("Successful Payment Receipt", true)): null

2021-11-08 13:39:19 - [MESSAGE][PASSED] - Text 'Successful Payment Receipt' is present on page  using regular expression

2021-11-08 13:39:19 - [TEST_STEP][PASSED] - println("Transaction was Successful"): null

2021-11-08 13:39:19 - [TEST_STEP][PASSED] - out.println("Pass Record Number: " + row): null

2021-11-08 13:39:19 - [TEST_STEP][PASSED] - resText = "Pass": null

2021-11-08 13:39:19 - [TEST_STEP][PASSED] - pages.WriteExcel.demoKey(resText, datText, resColumn, datCloumn, fileLoc, nameSheet, row): pages.WriteExcel.demoKey is PASSED

2021-11-08 13:39:19 - [MESSAGE][PASSED] - pages.WriteExcel.demoKey is PASSED

2021-11-08 13:39:19 - [TEST_STEP][PASSED] - ExecuteTC = findTestData(dataFile).getValue("Execute", row): null

2021-11-08 13:39:19 - [TEST_STEP][PASSED] - Taxtype = findTestData(dataFile).getValue("TaxType", row): null

2021-11-08 13:39:19 - [TEST_STEP][PASSED] - TaxTypeEL = findTestData(dataFile).getValue("TaxTypeEL", row): null

2021-11-08 13:39:19 - [TEST_STEP][PASSED] - FilingYear = findTestData(dataFile).getValue("FilingYear", row): null

2021-11-08 13:39:19 - [TEST_STEP][PASSED] - FName = findTestData(dataFile).getValue("Fname", row): null

2021-11-08 13:39:19 - [TEST_STEP][PASSED] - LName = findTestData(dataFile).getValue("Lname", row): null

2021-11-08 13:39:19 - [TEST_STEP][PASSED] - AL1 = findTestData(dataFile).getValue("AL1", row): null

2021-11-08 13:39:19 - [TEST_STEP][PASSED] - City = findTestData(dataFile).getValue("City", row): null

2021-11-08 13:39:19 - [TEST_STEP][PASSED] - ZIP = findTestData(dataFile).getValue("ZIP", row): null

2021-11-08 13:39:19 - [TEST_STEP][PASSED] - Amount = findTestData(dataFile).getValue("Amount", row): null

2021-11-08 13:39:19 - [TEST_STEP][PASSED] - CCNumber = findTestData(dataFile).getValue("CCNumber", row): null

2021-11-08 13:39:19 - [TEST_STEP][PASSED] - CVV = findTestData(dataFile).getValue("CVV", row): null

2021-11-08 13:39:19 - [TEST_STEP][PASSED] - SSN = findTestData(dataFile).getValue("SSN", row): null

2021-11-08 13:39:19 - [TEST_STEP][PASSED] - FEIN = findTestData(dataFile).getValue("FEIN", row): null

2021-11-08 13:39:19 - [TEST_STEP][PASSED] - out.println("Value of Execute is : " + ExecuteTC): null

2021-11-08 13:39:19 - [TEST_STEP][PASSED] - if (ExecuteTC.equalsIgnoreCase("Y")): null

2021-11-08 13:39:19 - [TEST_STEP][PASSED] - out.println("Begin Record Number: " + row): null

2021-11-08 13:39:19 - [TEST_STEP][PASSED] - today = new java.util.Date(): null

2021-11-08 13:39:19 - [TEST_STEP][PASSED] - println(today): null

2021-11-08 13:39:19 - [TEST_STEP][PASSED] - datText = today: null

2021-11-08 13:39:19 - [TEST_STEP][PASSED] - Taxtype = findTestData(dataFile).getValue("TaxType", row): null

2021-11-08 13:39:20 - [TEST_STEP][PASSED] - out.println("Taxtype value is : " + Taxtype): null

2021-11-08 13:39:20 - [TEST_STEP][PASSED] - openBrowser(""): Browser is opened with url: ''

2021-11-08 13:39:20 - [MESSAGE][WARNING] - A browser is already opened. Closing browser and opening a new one

2021-11-08 13:39:20 - [MESSAGE][INFO] - Starting 'Chrome' driver

2021-11-08 13:39:20 - [MESSAGE][INFO] - User set preference: ['acceptInsecureCerts', 'true']

2021-11-08 13:39:20 - [MESSAGE][INFO] - Action delay is set to 0 milliseconds

2021-11-08 13:39:22 - [MESSAGE][PASSED] - Browser is opened with url: ''

2021-11-08 13:39:22 - [TEST_STEP][PASSED] - maximizeWindow(): Current window maximized

2021-11-08 13:39:22 - [MESSAGE][PASSED] - Current window maximized

2021-11-08 13:39:22 - [TEST_STEP][PASSED] - navigateToUrl(RADurl): Navigate to 'https://qa.velocitypayment.com/client/rad/index.html' successfully

2021-11-08 13:39:24 - [MESSAGE][PASSED] - Navigate to 'https://qa.velocitypayment.com/client/rad/index.html' successfully

2021-11-08 13:39:24 - [TEST_STEP][PASSED] - orPath_Landing = "Object Repository/RAD_Pages/Landing_Page": null

2021-11-08 13:39:24 - [TEST_STEP][PASSED] - orPath_TaxTypeFilingYear = "Object Repository/RAD_Pages/TaxTypeFilingYear_Page": null

2021-11-08 13:39:24 - [TEST_STEP][PASSED] - orPath_TaxPayer = "Object Repository/RAD_Pages/Taxpayer_Page": null

2021-11-08 13:39:24 - [TEST_STEP][PASSED] - orPath_AddressContact = "Object Repository/RAD_Pages/AddressAndContactInfo_Page": null

2021-11-08 13:39:24 - [TEST_STEP][PASSED] - orPath_FilingStatus = "Object Repository/RAD_Pages/FilingStatus_Page": null

2021-11-08 13:39:24 - [TEST_STEP][PASSED] - orPath_Amount = "Object Repository/RAD_Pages/PaymentAmount_Page": null

2021-11-08 13:39:24 - [TEST_STEP][PASSED] - orPath_TaxInfo = "Object Repository/RAD_Pages/TaxInfo_Page": null

2021-11-08 13:39:24 - [TEST_STEP][PASSED] - orPath_Withholding = "Object Repository/RAD_Pages/Withholding_Page": null

2021-11-08 13:39:24 - [TEST_STEP][PASSED] - orPath_Summary = "Object Repository/RAD_Pages/Summary_Page": null

2021-11-08 13:39:24 - [TEST_STEP][PASSED] - orPath_PaymentReady = "Object Repository/RAD_Pages/PaymentReady_Page": null

2021-11-08 13:39:24 - [TEST_STEP][PASSED] - orPath_PaymentEntry = "Object Repository/RAD_Pages/PaymentEntry_Page": null

2021-11-08 13:39:24 - [TEST_STEP][PASSED] - orPath_PaymentConfirmation = "Object Repository/RAD_Pages/PaymentConfirmation_Page": null

2021-11-08 13:39:24 - [TEST_STEP][PASSED] - orPath_ServiceFeesAccept = "Object Repository/RAD_Pages/ServiceFeeAccept_Page": null

2021-11-08 13:39:24 - [TEST_STEP][PASSED] - selectOptionByLabel(findTestObject(orPath_Landing + "/dd_TaxType"), Taxtype, false): All options with label 'Existing Liability' are selected in object 'Object Repository/RAD_Pages/Landing_Page/dd_TaxType' 

2021-11-08 13:39:25 - [MESSAGE][PASSED] - All options with label 'Existing Liability' are selected in object 'Object Repository/RAD_Pages/Landing_Page/dd_TaxType' 

2021-11-08 13:39:25 - [TEST_STEP][PASSED] - delay(1): Delayed 1 second(s)

2021-11-08 13:39:26 - [MESSAGE][PASSED] - Delayed 1 second(s)

2021-11-08 13:39:26 - [TEST_STEP][PASSED] - selectOptionByLabel(findTestObject(orPath_TaxTypeFilingYear + "/select_TaxType_ExistingLiability"), TaxTypeEL, false): All options with label 'Alcohol Tax' are selected in object 'Object Repository/RAD_Pages/TaxTypeFilingYear_Page/select_TaxType_ExistingLiability' 

2021-11-08 13:39:26 - [MESSAGE][PASSED] - All options with label 'Alcohol Tax' are selected in object 'Object Repository/RAD_Pages/TaxTypeFilingYear_Page/select_TaxType_ExistingLiability' 

2021-11-08 13:39:26 - [TEST_STEP][PASSED] - selectOptionByLabel(findTestObject(orPath_TaxTypeFilingYear + "/select_FilingYear"), FilingYear, false): All options with label '2019' are selected in object 'Object Repository/RAD_Pages/TaxTypeFilingYear_Page/select_FilingYear' 

2021-11-08 13:39:27 - [MESSAGE][PASSED] - All options with label '2019' are selected in object 'Object Repository/RAD_Pages/TaxTypeFilingYear_Page/select_FilingYear' 

2021-11-08 13:39:27 - [TEST_STEP][PASSED] - setText(findTestObject(orPath_TaxPayer + "/input_firstName"), FName): Text 'Thomas' is set on object 'Object Repository/RAD_Pages/Taxpayer_Page/input_firstName'

2021-11-08 13:39:28 - [MESSAGE][PASSED] - Text 'Thomas' is set on object 'Object Repository/RAD_Pages/Taxpayer_Page/input_firstName'

2021-11-08 13:39:28 - [TEST_STEP][PASSED] - setText(findTestObject(orPath_TaxPayer + "/input_lastName"), LName): Text 'Stokes' is set on object 'Object Repository/RAD_Pages/Taxpayer_Page/input_lastName'

2021-11-08 13:39:28 - [MESSAGE][PASSED] - Text 'Stokes' is set on object 'Object Repository/RAD_Pages/Taxpayer_Page/input_lastName'

2021-11-08 13:39:28 - [TEST_STEP][PASSED] - setText(findTestObject(orPath_TaxPayer + "/input_middleName"), "Johns"): Text 'Johns' is set on object 'Object Repository/RAD_Pages/Taxpayer_Page/input_middleName'

2021-11-08 13:39:29 - [MESSAGE][PASSED] - Text 'Johns' is set on object 'Object Repository/RAD_Pages/Taxpayer_Page/input_middleName'

2021-11-08 13:39:29 - [TEST_STEP][PASSED] - setText(findTestObject(orPath_TaxPayer + "/input_suffix"), "Sr"): Text 'Sr' is set on object 'Object Repository/RAD_Pages/Taxpayer_Page/input_suffix'

2021-11-08 13:39:30 - [MESSAGE][PASSED] - Text 'Sr' is set on object 'Object Repository/RAD_Pages/Taxpayer_Page/input_suffix'

2021-11-08 13:39:30 - [TEST_STEP][PASSED] - selectOptionByLabel(findTestObject(orPath_AddressContact + "/select_Country"), "United States", false): All options with label 'United States' are selected in object 'Object Repository/RAD_Pages/AddressAndContactInfo_Page/select_Country' 

2021-11-08 13:39:30 - [MESSAGE][PASSED] - All options with label 'United States' are selected in object 'Object Repository/RAD_Pages/AddressAndContactInfo_Page/select_Country' 

2021-11-08 13:39:30 - [TEST_STEP][PASSED] - setText(findTestObject(orPath_AddressContact + "/input_streetAddress1"), AL1): Text '2311 York road' is set on object 'Object Repository/RAD_Pages/AddressAndContactInfo_Page/input_streetAddress1'

2021-11-08 13:39:31 - [MESSAGE][PASSED] - Text '2311 York road' is set on object 'Object Repository/RAD_Pages/AddressAndContactInfo_Page/input_streetAddress1'

2021-11-08 13:39:31 - [TEST_STEP][PASSED] - setText(findTestObject(orPath_AddressContact + "/input_streetAddress2"), ""): Text '' is set on object 'Object Repository/RAD_Pages/AddressAndContactInfo_Page/input_streetAddress2'

2021-11-08 13:39:31 - [MESSAGE][PASSED] - Text '' is set on object 'Object Repository/RAD_Pages/AddressAndContactInfo_Page/input_streetAddress2'

2021-11-08 13:39:31 - [TEST_STEP][PASSED] - setText(findTestObject(orPath_AddressContact + "/input_city"), City): Text 'Gambrills' is set on object 'Object Repository/RAD_Pages/AddressAndContactInfo_Page/input_city'

2021-11-08 13:39:32 - [MESSAGE][PASSED] - Text 'Gambrills' is set on object 'Object Repository/RAD_Pages/AddressAndContactInfo_Page/input_city'

2021-11-08 13:39:32 - [TEST_STEP][PASSED] - selectOptionByLabel(findTestObject(orPath_AddressContact + "/select_State"), "Maryland", false): All options with label 'Maryland' are selected in object 'Object Repository/RAD_Pages/AddressAndContactInfo_Page/select_State' 

2021-11-08 13:39:33 - [MESSAGE][PASSED] - All options with label 'Maryland' are selected in object 'Object Repository/RAD_Pages/AddressAndContactInfo_Page/select_State' 

2021-11-08 13:39:33 - [TEST_STEP][PASSED] - setText(findTestObject(orPath_AddressContact + "/input_zipCode"), ZIP): Text '21054' is set on object 'Object Repository/RAD_Pages/AddressAndContactInfo_Page/input_zipCode'

2021-11-08 13:39:33 - [MESSAGE][PASSED] - Text '21054' is set on object 'Object Repository/RAD_Pages/AddressAndContactInfo_Page/input_zipCode'

2021-11-08 13:39:33 - [TEST_STEP][PASSED] - setText(findTestObject(orPath_AddressContact + "/input_phoneNumber"), "(703) 894-5000"): Text '(703) 894-5000' is set on object 'Object Repository/RAD_Pages/AddressAndContactInfo_Page/input_phoneNumber'

2021-11-08 13:39:34 - [MESSAGE][PASSED] - Text '(703) 894-5000' is set on object 'Object Repository/RAD_Pages/AddressAndContactInfo_Page/input_phoneNumber'

2021-11-08 13:39:34 - [TEST_STEP][PASSED] - setText(findTestObject(orPath_AddressContact + "/input_eMailAddress"), "iahmed@govolution.com"): Text 'iahmed@govolution.com' is set on object 'Object Repository/RAD_Pages/AddressAndContactInfo_Page/input_eMailAddress'

2021-11-08 13:39:35 - [MESSAGE][PASSED] - Text 'iahmed@govolution.com' is set on object 'Object Repository/RAD_Pages/AddressAndContactInfo_Page/input_eMailAddress'

2021-11-08 13:39:35 - [TEST_STEP][PASSED] - setText(findTestObject(orPath_AddressContact + "/input_reEnterEMailAddress"), "iahmed@govolution.com"): Text 'iahmed@govolution.com' is set on object 'Object Repository/RAD_Pages/AddressAndContactInfo_Page/input_reEnterEMailAddress'

2021-11-08 13:39:35 - [MESSAGE][PASSED] - Text 'iahmed@govolution.com' is set on object 'Object Repository/RAD_Pages/AddressAndContactInfo_Page/input_reEnterEMailAddress'

2021-11-08 13:39:35 - [TEST_STEP][PASSED] - if (!(SSN.isEmpty())): null

2021-11-08 13:39:35 - [TEST_STEP][PASSED] - scrollToElement(findTestObject(orPath_Amount + "/input__paymentAmount"), 3): Scroll to object 'Object Repository/RAD_Pages/PaymentAmount_Page/input__paymentAmount' successfully

2021-11-08 13:39:36 - [MESSAGE][PASSED] - Scroll to object 'Object Repository/RAD_Pages/PaymentAmount_Page/input__paymentAmount' successfully

2021-11-08 13:39:36 - [TEST_STEP][PASSED] - if (!(FEIN.isEmpty())): Text '258369267' is set on object 'Object Repository/RAD_Pages/TaxInfo_Page/input_ReTypeFEIN'

2021-11-08 13:39:36 - [TEST_STEP][PASSED] - setText(findTestObject(orPath_TaxInfo + "/input_FEIN"), FEIN): Text '258369267' is set on object 'Object Repository/RAD_Pages/TaxInfo_Page/input_FEIN'

2021-11-08 13:39:36 - [MESSAGE][PASSED] - Text '258369267' is set on object 'Object Repository/RAD_Pages/TaxInfo_Page/input_FEIN'

2021-11-08 13:39:36 - [TEST_STEP][PASSED] - setText(findTestObject(orPath_TaxInfo + "/input_ReTypeFEIN"), FEIN): Text '258369267' is set on object 'Object Repository/RAD_Pages/TaxInfo_Page/input_ReTypeFEIN'

2021-11-08 13:39:37 - [MESSAGE][PASSED] - Text '258369267' is set on object 'Object Repository/RAD_Pages/TaxInfo_Page/input_ReTypeFEIN'

2021-11-08 13:39:37 - [TEST_STEP][PASSED] - delay(1): Delayed 1 second(s)

2021-11-08 13:39:38 - [MESSAGE][PASSED] - Delayed 1 second(s)

2021-11-08 13:39:38 - [TEST_STEP][PASSED] - setText(findTestObject(orPath_TaxInfo + "/input_NoticeInvoiceNumber"), "258147147"): Text '258147147' is set on object 'Object Repository/RAD_Pages/TaxInfo_Page/input_NoticeInvoiceNumber'

2021-11-08 13:39:39 - [MESSAGE][PASSED] - Text '258147147' is set on object 'Object Repository/RAD_Pages/TaxInfo_Page/input_NoticeInvoiceNumber'

2021-11-08 13:39:39 - [TEST_STEP][PASSED] - setText(findTestObject(orPath_TaxInfo + "/input_reTypeNoticeInvoiceNumber"), "258147147"): Text '258147147' is set on object 'Object Repository/RAD_Pages/TaxInfo_Page/input_reTypeNoticeInvoiceNumber'

2021-11-08 13:39:40 - [MESSAGE][PASSED] - Text '258147147' is set on object 'Object Repository/RAD_Pages/TaxInfo_Page/input_reTypeNoticeInvoiceNumber'

2021-11-08 13:39:40 - [TEST_STEP][PASSED] - if (TaxTypeEL.equalsIgnoreCase("Sales & Use Tax")): null

2021-11-08 13:39:40 - [TEST_STEP][PASSED] - setText(findTestObject(orPath_Amount + "/input__paymentAmount"), Amount): Text '30.50' is set on object 'Object Repository/RAD_Pages/PaymentAmount_Page/input__paymentAmount'

2021-11-08 13:39:40 - [MESSAGE][PASSED] - Text '30.50' is set on object 'Object Repository/RAD_Pages/PaymentAmount_Page/input__paymentAmount'

2021-11-08 13:39:40 - [TEST_STEP][PASSED] - scrollToElement(findTestObject(orPath_Landing + "/button_Continue"), 3): Scroll to object 'Object Repository/RAD_Pages/Landing_Page/button_Continue' successfully

2021-11-08 13:39:41 - [MESSAGE][PASSED] - Scroll to object 'Object Repository/RAD_Pages/Landing_Page/button_Continue' successfully

2021-11-08 13:39:41 - [TEST_STEP][PASSED] - waitForElementClickable(findTestObject(orPath_Landing + "/button_Continue"), 5): Object 'Object Repository/RAD_Pages/Landing_Page/button_Continue' is clickable

2021-11-08 13:39:41 - [MESSAGE][PASSED] - Object 'Object Repository/RAD_Pages/Landing_Page/button_Continue' is clickable

2021-11-08 13:39:41 - [TEST_STEP][PASSED] - click(findTestObject(orPath_Landing + "/button_Continue")): Object: 'Object Repository/RAD_Pages/Landing_Page/button_Continue' is clicked on

2021-11-08 13:39:42 - [MESSAGE][PASSED] - Object: 'Object Repository/RAD_Pages/Landing_Page/button_Continue' is clicked on

2021-11-08 13:39:42 - [TEST_STEP][PASSED] - verifyTextPresent("Review the information below and make any necessary corrections by clicking the", true): Text 'Review the information below and make any necessary corrections by clicking the' is present on page  using regular expression

2021-11-08 13:39:42 - [MESSAGE][PASSED] - Text 'Review the information below and make any necessary corrections by clicking the' is present on page  using regular expression

2021-11-08 13:39:42 - [TEST_STEP][PASSED] - verifyTextPresent("When you are confident that all the information is correct", true): Text 'When you are confident that all the information is correct' is present on page  using regular expression

2021-11-08 13:39:42 - [MESSAGE][PASSED] - Text 'When you are confident that all the information is correct' is present on page  using regular expression

2021-11-08 13:39:43 - [TEST_STEP][PASSED] - delay(1): Delayed 1 second(s)

2021-11-08 13:39:44 - [MESSAGE][PASSED] - Delayed 1 second(s)

2021-11-08 13:39:44 - [TEST_STEP][PASSED] - click(findTestObject(orPath_PaymentReady + "/button_ProceedtoPayment")): Object: 'Object Repository/RAD_Pages/PaymentReady_Page/button_ProceedtoPayment' is clicked on

2021-11-08 13:39:45 - [MESSAGE][PASSED] - Object: 'Object Repository/RAD_Pages/PaymentReady_Page/button_ProceedtoPayment' is clicked on

2021-11-08 13:39:45 - [TEST_STEP][PASSED] - setText(findTestObject(orPath_PaymentEntry + "/input__cardNumber"), CCNumber): Text '4012000098765439' is set on object 'Object Repository/RAD_Pages/PaymentEntry_Page/input__cardNumber'

2021-11-08 13:39:46 - [MESSAGE][PASSED] - Text '4012000098765439' is set on object 'Object Repository/RAD_Pages/PaymentEntry_Page/input__cardNumber'

2021-11-08 13:39:46 - [TEST_STEP][PASSED] - setText(findTestObject(orPath_PaymentEntry + "/input__spc"), CVV): Text '123' is set on object 'Object Repository/RAD_Pages/PaymentEntry_Page/input__spc'

2021-11-08 13:39:47 - [MESSAGE][PASSED] - Text '123' is set on object 'Object Repository/RAD_Pages/PaymentEntry_Page/input__spc'

2021-11-08 13:39:47 - [TEST_STEP][PASSED] - selectOptionByLabel(findTestObject(orPath_PaymentEntry + "/select_MM"), "12", false): All options with label '12' are selected in object 'Object Repository/RAD_Pages/PaymentEntry_Page/select_MM' 

2021-11-08 13:39:48 - [MESSAGE][PASSED] - All options with label '12' are selected in object 'Object Repository/RAD_Pages/PaymentEntry_Page/select_MM' 

2021-11-08 13:39:48 - [TEST_STEP][PASSED] - selectOptionByLabel(findTestObject(orPath_PaymentEntry + "/select_YYYY"), "2023", false): All options with label '2023' are selected in object 'Object Repository/RAD_Pages/PaymentEntry_Page/select_YYYY' 

2021-11-08 13:39:48 - [MESSAGE][PASSED] - All options with label '2023' are selected in object 'Object Repository/RAD_Pages/PaymentEntry_Page/select_YYYY' 

2021-11-08 13:39:48 - [TEST_STEP][PASSED] - click(findTestObject(orPath_PaymentEntry + "/input_Field_ccSubmit")): Object: 'Object Repository/RAD_Pages/PaymentEntry_Page/input_Field_ccSubmit' is clicked on

2021-11-08 13:39:50 - [MESSAGE][PASSED] - Object: 'Object Repository/RAD_Pages/PaymentEntry_Page/input_Field_ccSubmit' is clicked on

2021-11-08 13:39:50 - [TEST_STEP][PASSED] - click(findTestObject(orPath_PaymentConfirmation + "/input_N_confirmNotifyAction")): Object: 'Object Repository/RAD_Pages/PaymentConfirmation_Page/input_N_confirmNotifyAction' is clicked on

2021-11-08 13:39:51 - [MESSAGE][PASSED] - Object: 'Object Repository/RAD_Pages/PaymentConfirmation_Page/input_N_confirmNotifyAction' is clicked on

2021-11-08 13:39:51 - [TEST_STEP][PASSED] - click(findTestObject(orPath_ServiceFeesAccept + "/input_convFeeNotifyAction")): Object: 'Object Repository/RAD_Pages/ServiceFeeAccept_Page/input_convFeeNotifyAction' is clicked on

2021-11-08 13:39:53 - [MESSAGE][PASSED] - Object: 'Object Repository/RAD_Pages/ServiceFeeAccept_Page/input_convFeeNotifyAction' is clicked on

2021-11-08 13:39:53 - [TEST_STEP][PASSED] - delay(10): Delayed 10 second(s)

2021-11-08 13:40:03 - [MESSAGE][PASSED] - Delayed 10 second(s)

2021-11-08 13:40:03 - [TEST_STEP][PASSED] - verifyTextPresent("Successful Payment Receipt", true): Text 'Successful Payment Receipt' is present on page  using regular expression

2021-11-08 13:40:03 - [MESSAGE][PASSED] - Text 'Successful Payment Receipt' is present on page  using regular expression

2021-11-08 13:40:03 - [TEST_STEP][PASSED] - if (verifyTextPresent("Successful Payment Receipt", true)): null

2021-11-08 13:40:04 - [MESSAGE][PASSED] - Text 'Successful Payment Receipt' is present on page  using regular expression

2021-11-08 13:40:04 - [TEST_STEP][PASSED] - println("Transaction was Successful"): null

2021-11-08 13:40:04 - [TEST_STEP][PASSED] - out.println("Pass Record Number: " + row): null

2021-11-08 13:40:04 - [TEST_STEP][PASSED] - resText = "Pass": null

2021-11-08 13:40:04 - [TEST_STEP][PASSED] - pages.WriteExcel.demoKey(resText, datText, resColumn, datCloumn, fileLoc, nameSheet, row): pages.WriteExcel.demoKey is PASSED

2021-11-08 13:40:04 - [MESSAGE][PASSED] - pages.WriteExcel.demoKey is PASSED]]></system-out>
         <system-err><![CDATA[2021-11-08 12:47:54 - [TEST_CASE][FAILED] - Test Cases/RAD_TestCases/PaymentsHardCoded/Payments_ExistingLiability_HC_TC: Test Cases/RAD_TestCases/PaymentsHardCoded/Payments_ExistingLiability_HC_TC FAILED.
Reason:
com.kms.katalon.core.exception.StepFailedException: Unable to click on object 'Object Repository/RAD_Pages/ServiceFeeAccept_Page/input_convFeeNotifyAction' (Root cause: com.kms.katalon.core.exception.StepFailedException: Unable to click on object 'Object Repository/RAD_Pages/ServiceFeeAccept_Page/input_convFeeNotifyAction'
	at com.kms.katalon.core.webui.keyword.internal.WebUIKeywordMain.stepFailed(WebUIKeywordMain.groovy:64)
	at com.kms.katalon.core.webui.keyword.internal.WebUIKeywordMain.runKeyword(WebUIKeywordMain.groovy:26)
	at com.kms.katalon.core.webui.keyword.builtin.ClickKeyword.click(ClickKeyword.groovy:75)
	at com.kms.katalon.core.webui.keyword.builtin.ClickKeyword.execute(ClickKeyword.groovy:42)
	at com.kms.katalon.core.keyword.internal.KeywordExecutor.executeKeywordForPlatform(KeywordExecutor.groovy:74)
	at com.kms.katalon.core.webui.keyword.WebUiBuiltInKeywords.click(WebUiBuiltInKeywords.groovy:620)
	at com.kms.katalon.core.webui.keyword.WebUiBuiltInKeywords$click$10.call(Unknown Source)
	at Payments_ExistingLiability_HC_TC.run(Payments_ExistingLiability_HC_TC:217)
	at com.kms.katalon.core.main.ScriptEngine.run(ScriptEngine.java:194)
	at com.kms.katalon.core.main.ScriptEngine.runScriptAsRawText(ScriptEngine.java:119)
	at com.kms.katalon.core.main.TestCaseExecutor.runScript(TestCaseExecutor.java:430)
	at com.kms.katalon.core.main.TestCaseExecutor.doExecute(TestCaseExecutor.java:421)
	at com.kms.katalon.core.main.TestCaseExecutor.processExecutionPhase(TestCaseExecutor.java:400)
	at com.kms.katalon.core.main.TestCaseExecutor.accessMainPhase(TestCaseExecutor.java:392)
	at com.kms.katalon.core.main.TestCaseExecutor.execute(TestCaseExecutor.java:273)
	at com.kms.katalon.core.main.TestSuiteExecutor.accessTestCaseMainPhase(TestSuiteExecutor.java:202)
	at com.kms.katalon.core.main.TestSuiteExecutor.accessTestSuiteMainPhase(TestSuiteExecutor.java:164)
	at com.kms.katalon.core.main.TestSuiteExecutor.execute(TestSuiteExecutor.java:105)
	at com.kms.katalon.core.main.TestCaseMain.startTestSuite(TestCaseMain.java:185)
	at com.kms.katalon.core.main.TestCaseMain$startTestSuite$0.call(Unknown Source)
	at TempTestSuite1636391403401.run(TempTestSuite1636391403401.groovy:36)
Caused by: com.kms.katalon.core.webui.exception.WebElementNotFoundException: Web element with id: 'Object Repository/RAD_Pages/ServiceFeeAccept_Page/input_convFeeNotifyAction' located by '//*[@type = 'submit' and @name = 'convFeeNotifyAction']' not found
	at com.kms.katalon.core.webui.common.WebUiCommonHelper.findWebElement(WebUiCommonHelper.java:1368)
	at com.kms.katalon.core.webui.keyword.internal.WebUIAbstractKeyword.findWebElement(WebUIAbstractKeyword.groovy:27)
	at com.kms.katalon.core.webui.keyword.internal.WebUIAbstractKeyword.findWebElement(WebUIAbstractKeyword.groovy:26)
	at com.kms.katalon.core.webui.keyword.builtin.ClickKeyword$_click_closure1.doCall(ClickKeyword.groovy:66)
	at com.kms.katalon.core.webui.keyword.builtin.ClickKeyword$_click_closure1.call(ClickKeyword.groovy)
	at com.kms.katalon.core.webui.keyword.internal.WebUIKeywordMain.runKeyword(WebUIKeywordMain.groovy:20)
	at com.kms.katalon.core.webui.keyword.builtin.ClickKeyword.click(ClickKeyword.groovy:75)
	at com.kms.katalon.core.webui.keyword.builtin.ClickKeyword.execute(ClickKeyword.groovy:42)
	at com.kms.katalon.core.keyword.internal.KeywordExecutor.executeKeywordForPlatform(KeywordExecutor.groovy:74)
	at com.kms.katalon.core.webui.keyword.WebUiBuiltInKeywords.click(WebUiBuiltInKeywords.groovy:620)
	at com.kms.katalon.core.webui.keyword.WebUiBuiltInKeywords$click$10.call(Unknown Source)
	at Script1634702981988.run(Script1634702981988.groovy:217)
	... 13 more
)
	at com.kms.katalon.core.keyword.internal.KeywordMain.stepFailed(KeywordMain.groovy:39)
	at com.kms.katalon.core.webui.keyword.internal.WebUIKeywordMain.stepFailed(WebUIKeywordMain.groovy:64)
	at com.kms.katalon.core.webui.keyword.internal.WebUIKeywordMain.runKeyword(WebUIKeywordMain.groovy:26)
	at com.kms.katalon.core.webui.keyword.builtin.ClickKeyword.click(ClickKeyword.groovy:75)
	at com.kms.katalon.core.webui.keyword.builtin.ClickKeyword.execute(ClickKeyword.groovy:42)
	at com.kms.katalon.core.keyword.internal.KeywordExecutor.executeKeywordForPlatform(KeywordExecutor.groovy:74)
	at com.kms.katalon.core.webui.keyword.WebUiBuiltInKeywords.click(WebUiBuiltInKeywords.groovy:620)
	at com.kms.katalon.core.webui.keyword.WebUiBuiltInKeywords$click$10.call(Unknown Source)
	at Payments_ExistingLiability_HC_TC.run(Payments_ExistingLiability_HC_TC:217)
	at com.kms.katalon.core.main.ScriptEngine.run(ScriptEngine.java:194)
	at com.kms.katalon.core.main.ScriptEngine.runScriptAsRawText(ScriptEngine.java:119)
	at com.kms.katalon.core.main.TestCaseExecutor.runScript(TestCaseExecutor.java:430)
	at com.kms.katalon.core.main.TestCaseExecutor.doExecute(TestCaseExecutor.java:421)
	at com.kms.katalon.core.main.TestCaseExecutor.processExecutionPhase(TestCaseExecutor.java:400)
	at com.kms.katalon.core.main.TestCaseExecutor.accessMainPhase(TestCaseExecutor.java:392)
	at com.kms.katalon.core.main.TestCaseExecutor.execute(TestCaseExecutor.java:273)
	at com.kms.katalon.core.main.TestSuiteExecutor.accessTestCaseMainPhase(TestSuiteExecutor.java:202)
	at com.kms.katalon.core.main.TestSuiteExecutor.accessTestSuiteMainPhase(TestSuiteExecutor.java:164)
	at com.kms.katalon.core.main.TestSuiteExecutor.execute(TestSuiteExecutor.java:105)
	at com.kms.katalon.core.main.TestCaseMain.startTestSuite(TestCaseMain.java:185)
	at com.kms.katalon.core.main.TestCaseMain$startTestSuite$0.call(Unknown Source)
	at TempTestSuite1636391403401.run(TempTestSuite1636391403401.groovy:36)
Caused by: com.kms.katalon.core.exception.StepFailedException: Unable to click on object 'Object Repository/RAD_Pages/ServiceFeeAccept_Page/input_convFeeNotifyAction'
	... 21 more
Caused by: com.kms.katalon.core.webui.exception.WebElementNotFoundException: Web element with id: 'Object Repository/RAD_Pages/ServiceFeeAccept_Page/input_convFeeNotifyAction' located by '//*[@type = 'submit' and @name = 'convFeeNotifyAction']' not found
	at com.kms.katalon.core.webui.common.WebUiCommonHelper.findWebElement(WebUiCommonHelper.java:1368)
	at com.kms.katalon.core.webui.keyword.internal.WebUIAbstractKeyword.findWebElement(WebUIAbstractKeyword.groovy:27)
	at com.kms.katalon.core.webui.keyword.internal.WebUIAbstractKeyword.findWebElement(WebUIAbstractKeyword.groovy:26)
	at com.kms.katalon.core.webui.keyword.builtin.ClickKeyword$_click_closure1.doCall(ClickKeyword.groovy:66)
	at com.kms.katalon.core.webui.keyword.builtin.ClickKeyword$_click_closure1.call(ClickKeyword.groovy)
	at com.kms.katalon.core.webui.keyword.internal.WebUIKeywordMain.runKeyword(WebUIKeywordMain.groovy:20)
	... 19 more]]></system-err>
      </testcase>
      <testcase name="Test Cases/RAD_TestCases/PaymentsHardCoded/SAU_MDForm202_AfterJuly2021_HC_TC" time="118.282" classname="Test Cases/RAD_TestCases/PaymentsHardCoded/SAU_MDForm202_AfterJuly2021_HC_TC" status="PASSED">
         <system-out><![CDATA[2021-11-08 13:40:04 - [TEST_CASE][PASSED] - Test Cases/RAD_TestCases/PaymentsHardCoded/SAU_MDForm202_AfterJuly2021_HC_TC: Test Cases/RAD_TestCases/PaymentsHardCoded/SAU_MDForm202_AfterJuly2021_HC_TC

2021-11-08 13:40:04 - [TEST_STEP][PASSED] - openBrowser(""): Browser is opened with url: ''

2021-11-08 13:40:04 - [MESSAGE][WARNING] - A browser is already opened. Closing browser and opening a new one

2021-11-08 13:40:05 - [MESSAGE][INFO] - Starting 'Chrome' driver

2021-11-08 13:40:05 - [MESSAGE][INFO] - User set preference: ['acceptInsecureCerts', 'true']

2021-11-08 13:40:05 - [MESSAGE][INFO] - Action delay is set to 0 milliseconds

2021-11-08 13:40:06 - [MESSAGE][PASSED] - Browser is opened with url: ''

2021-11-08 13:40:06 - [TEST_STEP][PASSED] - navigateToUrl("https://qa.velocitypayment.com/client/rad/index.html"): Navigate to 'https://qa.velocitypayment.com/client/rad/index.html' successfully

2021-11-08 13:40:08 - [MESSAGE][PASSED] - Navigate to 'https://qa.velocitypayment.com/client/rad/index.html' successfully

2021-11-08 13:40:08 - [TEST_STEP][PASSED] - selectOptionByValue(findTestObject("Object Repository/RAD_Pages/SAU_MDForm202_Page/select_Select    Estimated Tax    Personal _7587a1"), "5", true): All options with value '5' are selected in object 'Object Repository/RAD_Pages/SAU_MDForm202_Page/select_Select    Estimated Tax    Personal _7587a1'  using regular expression

2021-11-08 13:40:09 - [MESSAGE][PASSED] - All options with value '5' are selected in object 'Object Repository/RAD_Pages/SAU_MDForm202_Page/select_Select    Estimated Tax    Personal _7587a1'  using regular expression

2021-11-08 13:40:09 - [TEST_STEP][PASSED] - selectOptionByValue(findTestObject("Object Repository/RAD_Pages/SAU_MDForm202_Page/select_Select202220212020"), "2021", true): All options with value '2021' are selected in object 'Object Repository/RAD_Pages/SAU_MDForm202_Page/select_Select202220212020'  using regular expression

2021-11-08 13:40:41 - [MESSAGE][INFO] - Unable to find the element located by 'By.xpath: //*[@id = 'taxYear' and @name = 'taxYear' and (text() = 'Select202220212020' or . = 'Select202220212020')]'. Please recheck the objects properties to make sure the desired element is located. 

2021-11-08 13:40:41 - [MESSAGE][WARNING] - [SELF-HEALING] Failed to find element with id 'Object Repository/RAD_Pages/SAU_MDForm202_Page/select_Select202220212020'. Try using Self-healing.

2021-11-08 13:40:41 - [MESSAGE][INFO] - [SELF-HEALING] Screenshot: E:/Cloned-Project-Katalon/VPS-Katalon/Reports/Self-healing/Object Repository/RAD_Pages/SAU_MDForm202_Page/select_Select202220212020_XPATH.png

2021-11-08 13:40:41 - [MESSAGE][WARNING] - [SELF-HEALING] The current locator of test object 'Object Repository/RAD_Pages/SAU_MDForm202_Page/select_Select202220212020' was broken. Propose an alternative one: '//select[@id='taxYear']'.

2021-11-08 13:40:42 - [MESSAGE][PASSED] - All options with value '2021' are selected in object 'Object Repository/RAD_Pages/SAU_MDForm202_Page/select_Select202220212020'  using regular expression

2021-11-08 13:40:42 - [TEST_STEP][PASSED] - selectOptionByValue(findTestObject("Object Repository/RAD_Pages/SAU_MDForm202_Page/select_MonthJanuaryFebruaryMarchAprilMayJun_aa9ebb"), "07", true): All options with value '07' are selected in object 'Object Repository/RAD_Pages/SAU_MDForm202_Page/select_MonthJanuaryFebruaryMarchAprilMayJun_aa9ebb'  using regular expression

2021-11-08 13:41:13 - [MESSAGE][INFO] - Unable to find the element located by 'By.xpath: //*[@id = 'salesUseMonth' and @name = 'salesUseMonth' and (text() = '
										    Month
											January
											February
											March
											April
											May
											June
											July
											August
											September
											October
											November
											December
										  ' or . = '
										    Month
											January
											February
											March
											April
											May
											June
											July
											August
											September
											October
											November
											December
										  ')]'. Please recheck the objects properties to make sure the desired element is located. 

2021-11-08 13:41:13 - [MESSAGE][WARNING] - [SELF-HEALING] Failed to find element with id 'Object Repository/RAD_Pages/SAU_MDForm202_Page/select_MonthJanuaryFebruaryMarchAprilMayJun_aa9ebb'. Try using Self-healing.

2021-11-08 13:41:13 - [MESSAGE][INFO] - [SELF-HEALING] Screenshot: E:/Cloned-Project-Katalon/VPS-Katalon/Reports/Self-healing/Object Repository/RAD_Pages/SAU_MDForm202_Page/select_MonthJanuaryFebruaryMarchAprilMayJun_aa9ebb_XPATH.png

2021-11-08 13:41:14 - [MESSAGE][WARNING] - [SELF-HEALING] The current locator of test object 'Object Repository/RAD_Pages/SAU_MDForm202_Page/select_MonthJanuaryFebruaryMarchAprilMayJun_aa9ebb' was broken. Propose an alternative one: '//select[@id='salesUseMonth']'.

2021-11-08 13:41:14 - [MESSAGE][PASSED] - All options with value '07' are selected in object 'Object Repository/RAD_Pages/SAU_MDForm202_Page/select_MonthJanuaryFebruaryMarchAprilMayJun_aa9ebb'  using regular expression

2021-11-08 13:41:14 - [TEST_STEP][PASSED] - setText(findTestObject("Object Repository/RAD_Pages/SAU_MDForm202_Page/input_Note_businessName"), "My Business"): Text 'My Business' is set on object 'Object Repository/RAD_Pages/SAU_MDForm202_Page/input_Note_businessName'

2021-11-08 13:41:15 - [MESSAGE][PASSED] - Text 'My Business' is set on object 'Object Repository/RAD_Pages/SAU_MDForm202_Page/input_Note_businessName'

2021-11-08 13:41:15 - [TEST_STEP][PASSED] - setText(findTestObject("Object Repository/RAD_Pages/SAU_MDForm202_Page/input_Enter business name_firstName"), "Imtiaz"): Text 'Imtiaz' is set on object 'Object Repository/RAD_Pages/SAU_MDForm202_Page/input_Enter business name_firstName'

2021-11-08 13:41:16 - [MESSAGE][PASSED] - Text 'Imtiaz' is set on object 'Object Repository/RAD_Pages/SAU_MDForm202_Page/input_Enter business name_firstName'

2021-11-08 13:41:16 - [TEST_STEP][PASSED] - setText(findTestObject("Object Repository/RAD_Pages/SAU_MDForm202_Page/input_Enter first name_middleName"), "John"): Text 'John' is set on object 'Object Repository/RAD_Pages/SAU_MDForm202_Page/input_Enter first name_middleName'

2021-11-08 13:41:17 - [MESSAGE][PASSED] - Text 'John' is set on object 'Object Repository/RAD_Pages/SAU_MDForm202_Page/input_Enter first name_middleName'

2021-11-08 13:41:17 - [TEST_STEP][PASSED] - setText(findTestObject("Object Repository/RAD_Pages/SAU_MDForm202_Page/input_Middle Name_lastName"), "Ahmed"): Text 'Ahmed' is set on object 'Object Repository/RAD_Pages/SAU_MDForm202_Page/input_Middle Name_lastName'

2021-11-08 13:41:17 - [MESSAGE][PASSED] - Text 'Ahmed' is set on object 'Object Repository/RAD_Pages/SAU_MDForm202_Page/input_Middle Name_lastName'

2021-11-08 13:41:17 - [TEST_STEP][PASSED] - setText(findTestObject("Object Repository/RAD_Pages/SAU_MDForm202_Page/input_Enter last name_suffix"), "Mr"): Text 'Mr' is set on object 'Object Repository/RAD_Pages/SAU_MDForm202_Page/input_Enter last name_suffix'

2021-11-08 13:41:18 - [MESSAGE][PASSED] - Text 'Mr' is set on object 'Object Repository/RAD_Pages/SAU_MDForm202_Page/input_Enter last name_suffix'

2021-11-08 13:41:18 - [TEST_STEP][PASSED] - setText(findTestObject("Object Repository/RAD_Pages/SAU_MDForm202_Page/input_Select a country_streetAddress1"), "2311 york road"): Text '2311 york road' is set on object 'Object Repository/RAD_Pages/SAU_MDForm202_Page/input_Select a country_streetAddress1'

2021-11-08 13:41:19 - [MESSAGE][PASSED] - Text '2311 york road' is set on object 'Object Repository/RAD_Pages/SAU_MDForm202_Page/input_Select a country_streetAddress1'

2021-11-08 13:41:19 - [TEST_STEP][PASSED] - setText(findTestObject("Object Repository/RAD_Pages/SAU_MDForm202_Page/input_Enter address_streetAddress2"), "Suite 600"): Text 'Suite 600' is set on object 'Object Repository/RAD_Pages/SAU_MDForm202_Page/input_Enter address_streetAddress2'

2021-11-08 13:41:20 - [MESSAGE][PASSED] - Text 'Suite 600' is set on object 'Object Repository/RAD_Pages/SAU_MDForm202_Page/input_Enter address_streetAddress2'

2021-11-08 13:41:20 - [TEST_STEP][PASSED] - setText(findTestObject("Object Repository/RAD_Pages/SAU_MDForm202_Page/input_Street Address 2_city"), "Gambrills"): Text 'Gambrills' is set on object 'Object Repository/RAD_Pages/SAU_MDForm202_Page/input_Street Address 2_city'

2021-11-08 13:41:20 - [MESSAGE][PASSED] - Text 'Gambrills' is set on object 'Object Repository/RAD_Pages/SAU_MDForm202_Page/input_Street Address 2_city'

2021-11-08 13:41:20 - [TEST_STEP][PASSED] - selectOptionByValue(findTestObject("Object Repository/RAD_Pages/SAU_MDForm202_Page/select_SelectAlabamaAlaskaArizonaArkansasCa_90914a"), "MD", true): All options with value 'MD' are selected in object 'Object Repository/RAD_Pages/SAU_MDForm202_Page/select_SelectAlabamaAlaskaArizonaArkansasCa_90914a'  using regular expression

2021-11-08 13:41:22 - [MESSAGE][PASSED] - All options with value 'MD' are selected in object 'Object Repository/RAD_Pages/SAU_MDForm202_Page/select_SelectAlabamaAlaskaArizonaArkansasCa_90914a'  using regular expression

2021-11-08 13:41:22 - [TEST_STEP][PASSED] - setText(findTestObject("Object Repository/RAD_Pages/SAU_MDForm202_Page/input_Select a state_zipCode"), "21054"): Text '21054' is set on object 'Object Repository/RAD_Pages/SAU_MDForm202_Page/input_Select a state_zipCode'

2021-11-08 13:41:23 - [MESSAGE][PASSED] - Text '21054' is set on object 'Object Repository/RAD_Pages/SAU_MDForm202_Page/input_Select a state_zipCode'

2021-11-08 13:41:23 - [TEST_STEP][PASSED] - setText(findTestObject("Object Repository/RAD_Pages/SAU_MDForm202_Page/input_Enter ZIP code_phoneNumber"), "(703) 894-5000"): Text '(703) 894-5000' is set on object 'Object Repository/RAD_Pages/SAU_MDForm202_Page/input_Enter ZIP code_phoneNumber'

2021-11-08 13:41:24 - [MESSAGE][PASSED] - Text '(703) 894-5000' is set on object 'Object Repository/RAD_Pages/SAU_MDForm202_Page/input_Enter ZIP code_phoneNumber'

2021-11-08 13:41:24 - [TEST_STEP][PASSED] - setText(findTestObject("Object Repository/RAD_Pages/SAU_MDForm202_Page/input_Enter a phone number_eMailAddress"), "iahmed@govolution.com"): Text 'iahmed@govolution.com' is set on object 'Object Repository/RAD_Pages/SAU_MDForm202_Page/input_Enter a phone number_eMailAddress'

2021-11-08 13:41:24 - [MESSAGE][PASSED] - Text 'iahmed@govolution.com' is set on object 'Object Repository/RAD_Pages/SAU_MDForm202_Page/input_Enter a phone number_eMailAddress'

2021-11-08 13:41:24 - [TEST_STEP][PASSED] - setText(findTestObject("Object Repository/RAD_Pages/SAU_MDForm202_Page/input_Enter Email_reEnterEMailAddress"), "iahmed@govolution.com"): Text 'iahmed@govolution.com' is set on object 'Object Repository/RAD_Pages/SAU_MDForm202_Page/input_Enter Email_reEnterEMailAddress'

2021-11-08 13:41:25 - [MESSAGE][PASSED] - Text 'iahmed@govolution.com' is set on object 'Object Repository/RAD_Pages/SAU_MDForm202_Page/input_Enter Email_reEnterEMailAddress'

2021-11-08 13:41:25 - [TEST_STEP][PASSED] - setEncryptedText(findTestObject("Object Repository/RAD_Pages/TaxInfo_Page/input_FederalEIN"), "0fDtEjy4ijeV75Gl5M+mSg=="): Text ****** has been set on object 'Object Repository/RAD_Pages/TaxInfo_Page/input_FederalEIN'

2021-11-08 13:41:26 - [MESSAGE][PASSED] - Text ****** has been set on object 'Object Repository/RAD_Pages/TaxInfo_Page/input_FederalEIN'

2021-11-08 13:41:26 - [TEST_STEP][PASSED] - setEncryptedText(findTestObject("Object Repository/RAD_Pages/TaxInfo_Page/input_FederalEIN_ReEnter"), "0fDtEjy4ijeV75Gl5M+mSg=="): Text ****** has been set on object 'Object Repository/RAD_Pages/TaxInfo_Page/input_FederalEIN_ReEnter'

2021-11-08 13:41:26 - [MESSAGE][PASSED] - Text ****** has been set on object 'Object Repository/RAD_Pages/TaxInfo_Page/input_FederalEIN_ReEnter'

2021-11-08 13:41:26 - [TEST_STEP][PASSED] - setText(findTestObject("Object Repository/RAD_Pages/TaxInfo_Page/input_MDCRegistration"), "07640126"): Text '07640126' is set on object 'Object Repository/RAD_Pages/TaxInfo_Page/input_MDCRegistration'

2021-11-08 13:41:27 - [MESSAGE][PASSED] - Text '07640126' is set on object 'Object Repository/RAD_Pages/TaxInfo_Page/input_MDCRegistration'

2021-11-08 13:41:27 - [TEST_STEP][PASSED] - setText(findTestObject("Object Repository/RAD_Pages/SAU_MDForm202_Page/input__GrossSales2"), "2000.00"): Text '2000.00' is set on object 'Object Repository/RAD_Pages/SAU_MDForm202_Page/input__GrossSales2'

2021-11-08 13:41:28 - [MESSAGE][PASSED] - Text '2000.00' is set on object 'Object Repository/RAD_Pages/SAU_MDForm202_Page/input__GrossSales2'

2021-11-08 13:41:28 - [TEST_STEP][PASSED] - setText(findTestObject("Object Repository/RAD_Pages/SAU_MDForm202_Page/input__TaxableSales2"), "100.00"): Text '100.00' is set on object 'Object Repository/RAD_Pages/SAU_MDForm202_Page/input__TaxableSales2'

2021-11-08 13:41:29 - [MESSAGE][PASSED] - Text '100.00' is set on object 'Object Repository/RAD_Pages/SAU_MDForm202_Page/input__TaxableSales2'

2021-11-08 13:41:29 - [TEST_STEP][PASSED] - setText(findTestObject("Object Repository/RAD_Pages/SAU_MDForm202_Page/input__TaxableSalesESD2"), "100.00"): Text '100.00' is set on object 'Object Repository/RAD_Pages/SAU_MDForm202_Page/input__TaxableSalesESD2'

2021-11-08 13:41:30 - [MESSAGE][PASSED] - Text '100.00' is set on object 'Object Repository/RAD_Pages/SAU_MDForm202_Page/input__TaxableSalesESD2'

2021-11-08 13:41:30 - [TEST_STEP][PASSED] - setText(findTestObject("Object Repository/RAD_Pages/SAU_MDForm202_Page/input__TaxableSalesVapingLiquid2"), "100.00"): Text '100.00' is set on object 'Object Repository/RAD_Pages/SAU_MDForm202_Page/input__TaxableSalesVapingLiquid2'

2021-11-08 13:41:30 - [MESSAGE][PASSED] - Text '100.00' is set on object 'Object Repository/RAD_Pages/SAU_MDForm202_Page/input__TaxableSalesVapingLiquid2'

2021-11-08 13:41:30 - [TEST_STEP][PASSED] - setText(findTestObject("Object Repository/RAD_Pages/SAU_MDForm202_Page/input__CarRental2"), "100.00"): Text '100.00' is set on object 'Object Repository/RAD_Pages/SAU_MDForm202_Page/input__CarRental2'

2021-11-08 13:41:31 - [MESSAGE][PASSED] - Text '100.00' is set on object 'Object Repository/RAD_Pages/SAU_MDForm202_Page/input__CarRental2'

2021-11-08 13:41:31 - [TEST_STEP][PASSED] - setText(findTestObject("Object Repository/RAD_Pages/SAU_MDForm202_Page/input__TruckRental2"), "100.00"): Text '100.00' is set on object 'Object Repository/RAD_Pages/SAU_MDForm202_Page/input__TruckRental2'

2021-11-08 13:41:32 - [MESSAGE][PASSED] - Text '100.00' is set on object 'Object Repository/RAD_Pages/SAU_MDForm202_Page/input__TruckRental2'

2021-11-08 13:41:32 - [TEST_STEP][PASSED] - setText(findTestObject("Object Repository/RAD_Pages/SAU_MDForm202_Page/input__AlcoholSales2"), "100.00"): Text '100.00' is set on object 'Object Repository/RAD_Pages/SAU_MDForm202_Page/input__AlcoholSales2'

2021-11-08 13:41:33 - [MESSAGE][PASSED] - Text '100.00' is set on object 'Object Repository/RAD_Pages/SAU_MDForm202_Page/input__AlcoholSales2'

2021-11-08 13:41:33 - [TEST_STEP][PASSED] - setText(findTestObject("Object Repository/RAD_Pages/SAU_MDForm202_Page/input__Purchases2"), "100.00"): Text '100.00' is set on object 'Object Repository/RAD_Pages/SAU_MDForm202_Page/input__Purchases2'

2021-11-08 13:41:33 - [MESSAGE][PASSED] - Text '100.00' is set on object 'Object Repository/RAD_Pages/SAU_MDForm202_Page/input__Purchases2'

2021-11-08 13:41:33 - [TEST_STEP][PASSED] - setText(findTestObject("Object Repository/RAD_Pages/SAU_MDForm202_Page/input__TruckRentalPurchases2"), "100.00"): Text '100.00' is set on object 'Object Repository/RAD_Pages/SAU_MDForm202_Page/input__TruckRentalPurchases2'

2021-11-08 13:41:34 - [MESSAGE][PASSED] - Text '100.00' is set on object 'Object Repository/RAD_Pages/SAU_MDForm202_Page/input__TruckRentalPurchases2'

2021-11-08 13:41:34 - [TEST_STEP][PASSED] - setText(findTestObject("Object Repository/RAD_Pages/SAU_MDForm202_Page/input__AlcoholPurchases2"), "100.00"): Text '100.00' is set on object 'Object Repository/RAD_Pages/SAU_MDForm202_Page/input__AlcoholPurchases2'

2021-11-08 13:41:35 - [MESSAGE][PASSED] - Text '100.00' is set on object 'Object Repository/RAD_Pages/SAU_MDForm202_Page/input__AlcoholPurchases2'

2021-11-08 13:41:35 - [TEST_STEP][PASSED] - setText(findTestObject("Object Repository/RAD_Pages/SAU_MDForm202_Page/input__CarRentalPurchases2"), "100.00"): Text '100.00' is set on object 'Object Repository/RAD_Pages/SAU_MDForm202_Page/input__CarRentalPurchases2'

2021-11-08 13:41:36 - [MESSAGE][PASSED] - Text '100.00' is set on object 'Object Repository/RAD_Pages/SAU_MDForm202_Page/input__CarRentalPurchases2'

2021-11-08 13:41:36 - [TEST_STEP][PASSED] - setText(findTestObject("Object Repository/RAD_Pages/SAU_MDForm202_Page/input__ESDPurchases2"), "100.00"): Text '100.00' is set on object 'Object Repository/RAD_Pages/SAU_MDForm202_Page/input__ESDPurchases2'

2021-11-08 13:41:36 - [MESSAGE][PASSED] - Text '100.00' is set on object 'Object Repository/RAD_Pages/SAU_MDForm202_Page/input__ESDPurchases2'

2021-11-08 13:41:36 - [TEST_STEP][PASSED] - setText(findTestObject("Object Repository/RAD_Pages/SAU_MDForm202_Page/input__VapingLiquidPurchases2"), "100.00"): Text '100.00' is set on object 'Object Repository/RAD_Pages/SAU_MDForm202_Page/input__VapingLiquidPurchases2'

2021-11-08 13:41:37 - [MESSAGE][PASSED] - Text '100.00' is set on object 'Object Repository/RAD_Pages/SAU_MDForm202_Page/input__VapingLiquidPurchases2'

2021-11-08 13:41:37 - [TEST_STEP][PASSED] - setText(findTestObject("Object Repository/RAD_Pages/SAU_MDForm202_Page/input__Refund2"), "100.00"): Text '100.00' is set on object 'Object Repository/RAD_Pages/SAU_MDForm202_Page/input__Refund2'

2021-11-08 13:41:38 - [MESSAGE][PASSED] - Text '100.00' is set on object 'Object Repository/RAD_Pages/SAU_MDForm202_Page/input__Refund2'

2021-11-08 13:41:38 - [TEST_STEP][PASSED] - setText(findTestObject("Object Repository/RAD_Pages/SAU_MDForm202_Page/input__PenaltyInterest2"), "100.00"): Text '100.00' is set on object 'Object Repository/RAD_Pages/SAU_MDForm202_Page/input__PenaltyInterest2'

2021-11-08 13:41:39 - [MESSAGE][PASSED] - Text '100.00' is set on object 'Object Repository/RAD_Pages/SAU_MDForm202_Page/input__PenaltyInterest2'

2021-11-08 13:41:39 - [TEST_STEP][PASSED] - setText(findTestObject("Object Repository/RAD_Pages/SAU_MDForm202_Page/input__E911Fee2"), "95.00"): Text '95.00' is set on object 'Object Repository/RAD_Pages/SAU_MDForm202_Page/input__E911Fee2'

2021-11-08 13:41:39 - [MESSAGE][PASSED] - Text '95.00' is set on object 'Object Repository/RAD_Pages/SAU_MDForm202_Page/input__E911Fee2'

2021-11-08 13:41:39 - [TEST_STEP][PASSED] - scrollToElement(findTestObject("Object Repository/RAD_Pages/SAU_MDForm202_Page/button_Continue"), 3): Scroll to object 'Object Repository/RAD_Pages/SAU_MDForm202_Page/button_Continue' successfully

2021-11-08 13:41:40 - [MESSAGE][PASSED] - Scroll to object 'Object Repository/RAD_Pages/SAU_MDForm202_Page/button_Continue' successfully

2021-11-08 13:41:40 - [TEST_STEP][PASSED] - waitForElementClickable(findTestObject("Object Repository/RAD_Pages/SAU_MDForm202_Page/button_Continue"), 5): Object 'Object Repository/RAD_Pages/SAU_MDForm202_Page/button_Continue' is clickable

2021-11-08 13:41:40 - [MESSAGE][PASSED] - Object 'Object Repository/RAD_Pages/SAU_MDForm202_Page/button_Continue' is clickable

2021-11-08 13:41:40 - [TEST_STEP][PASSED] - click(findTestObject("Object Repository/RAD_Pages/SAU_MDForm202_Page/button_Continue")): Object: 'Object Repository/RAD_Pages/SAU_MDForm202_Page/button_Continue' is clicked on

2021-11-08 13:41:41 - [MESSAGE][PASSED] - Object: 'Object Repository/RAD_Pages/SAU_MDForm202_Page/button_Continue' is clicked on

2021-11-08 13:41:41 - [TEST_STEP][PASSED] - click(findTestObject("Object Repository/RAD_Pages/SAU_MDForm202_Page/button_Proceed to Payment")): Object: 'Object Repository/RAD_Pages/SAU_MDForm202_Page/button_Proceed to Payment' is clicked on

2021-11-08 13:41:43 - [MESSAGE][PASSED] - Object: 'Object Repository/RAD_Pages/SAU_MDForm202_Page/button_Proceed to Payment' is clicked on

2021-11-08 13:41:43 - [TEST_STEP][PASSED] - setText(findTestObject("Object Repository/RAD_Pages/SAU_MDForm202_Page/input__cardNumber"), "4111111111111111"): Text '4111111111111111' is set on object 'Object Repository/RAD_Pages/SAU_MDForm202_Page/input__cardNumber'

2021-11-08 13:41:44 - [MESSAGE][PASSED] - Text '4111111111111111' is set on object 'Object Repository/RAD_Pages/SAU_MDForm202_Page/input__cardNumber'

2021-11-08 13:41:44 - [TEST_STEP][PASSED] - setText(findTestObject("Object Repository/RAD_Pages/SAU_MDForm202_Page/input__spc"), "123"): Text '123' is set on object 'Object Repository/RAD_Pages/SAU_MDForm202_Page/input__spc'

2021-11-08 13:41:45 - [MESSAGE][PASSED] - Text '123' is set on object 'Object Repository/RAD_Pages/SAU_MDForm202_Page/input__spc'

2021-11-08 13:41:45 - [TEST_STEP][PASSED] - selectOptionByValue(findTestObject("Object Repository/RAD_Pages/SAU_MDForm202_Page/select_MM010203040506070809101112"), "12", true): All options with value '12' are selected in object 'Object Repository/RAD_Pages/SAU_MDForm202_Page/select_MM010203040506070809101112'  using regular expression

2021-11-08 13:41:46 - [MESSAGE][PASSED] - All options with value '12' are selected in object 'Object Repository/RAD_Pages/SAU_MDForm202_Page/select_MM010203040506070809101112'  using regular expression

2021-11-08 13:41:46 - [TEST_STEP][PASSED] - selectOptionByValue(findTestObject("Object Repository/RAD_Pages/SAU_MDForm202_Page/select_YYYY20212022202320242025202620272028_8c4dd4"), "2025", true): All options with value '2025' are selected in object 'Object Repository/RAD_Pages/SAU_MDForm202_Page/select_YYYY20212022202320242025202620272028_8c4dd4'  using regular expression

2021-11-08 13:41:47 - [MESSAGE][PASSED] - All options with value '2025' are selected in object 'Object Repository/RAD_Pages/SAU_MDForm202_Page/select_YYYY20212022202320242025202620272028_8c4dd4'  using regular expression

2021-11-08 13:41:47 - [TEST_STEP][PASSED] - click(findTestObject("Object Repository/RAD_Pages/SAU_MDForm202_Page/input_BillInvoice Details_ccSubmit")): Object: 'Object Repository/RAD_Pages/SAU_MDForm202_Page/input_BillInvoice Details_ccSubmit' is clicked on

2021-11-08 13:41:48 - [MESSAGE][PASSED] - Object: 'Object Repository/RAD_Pages/SAU_MDForm202_Page/input_BillInvoice Details_ccSubmit' is clicked on

2021-11-08 13:41:48 - [TEST_STEP][PASSED] - click(findTestObject("Object Repository/RAD_Pages/SAU_MDForm202_Page/input_233.40_confirmNotifyAction")): Object: 'Object Repository/RAD_Pages/SAU_MDForm202_Page/input_233.40_confirmNotifyAction' is clicked on

2021-11-08 13:41:49 - [MESSAGE][PASSED] - Object: 'Object Repository/RAD_Pages/SAU_MDForm202_Page/input_233.40_confirmNotifyAction' is clicked on

2021-11-08 13:41:49 - [TEST_STEP][PASSED] - click(findTestObject("Object Repository/RAD_Pages/SAU_MDForm202_Page/input_239.12_convFeeNotifyAction")): Object: 'Object Repository/RAD_Pages/SAU_MDForm202_Page/input_239.12_convFeeNotifyAction' is clicked on

2021-11-08 13:41:51 - [MESSAGE][PASSED] - Object: 'Object Repository/RAD_Pages/SAU_MDForm202_Page/input_239.12_convFeeNotifyAction' is clicked on

2021-11-08 13:41:51 - [TEST_STEP][PASSED] - delay(10): Delayed 10 second(s)

2021-11-08 13:42:01 - [MESSAGE][PASSED] - Delayed 10 second(s)

2021-11-08 13:42:01 - [TEST_STEP][PASSED] - verifyTextPresent("Successful Payment Receipt", true): Text 'Successful Payment Receipt' is present on page  using regular expression

2021-11-08 13:42:01 - [MESSAGE][PASSED] - Text 'Successful Payment Receipt' is present on page  using regular expression

2021-11-08 13:42:01 - [TEST_STEP][PASSED] - closeBrowser(): Browser is closed

2021-11-08 13:42:02 - [MESSAGE][PASSED] - Browser is closed]]></system-out>
         <system-err><![CDATA[]]></system-err>
      </testcase>
      <testcase name="Test Cases/RAD_TestCases/PaymentsHardCoded/SAU_MDForm202_BeforeJuly2021_HC_TC" time="112.091" classname="Test Cases/RAD_TestCases/PaymentsHardCoded/SAU_MDForm202_BeforeJuly2021_HC_TC" status="PASSED">
         <system-out><![CDATA[2021-11-08 13:42:02 - [TEST_CASE][PASSED] - Test Cases/RAD_TestCases/PaymentsHardCoded/SAU_MDForm202_BeforeJuly2021_HC_TC: Test Cases/RAD_TestCases/PaymentsHardCoded/SAU_MDForm202_BeforeJuly2021_HC_TC

2021-11-08 13:42:02 - [TEST_STEP][PASSED] - openBrowser(""): Browser is opened with url: ''

2021-11-08 13:42:02 - [MESSAGE][INFO] - Starting 'Chrome' driver

2021-11-08 13:42:02 - [MESSAGE][INFO] - User set preference: ['acceptInsecureCerts', 'true']

2021-11-08 13:42:02 - [MESSAGE][INFO] - Action delay is set to 0 milliseconds

2021-11-08 13:42:04 - [MESSAGE][PASSED] - Browser is opened with url: ''

2021-11-08 13:42:04 - [TEST_STEP][PASSED] - navigateToUrl("https://qa.velocitypayment.com/client/rad/index.html"): Navigate to 'https://qa.velocitypayment.com/client/rad/index.html' successfully

2021-11-08 13:42:06 - [MESSAGE][PASSED] - Navigate to 'https://qa.velocitypayment.com/client/rad/index.html' successfully

2021-11-08 13:42:06 - [TEST_STEP][PASSED] - selectOptionByValue(findTestObject("Object Repository/RAD_Pages/SAU_MDForm202_BeforeJuly2021_Page/select_Select    Estimated Tax    Personal _7587a1"), "5", true): All options with value '5' are selected in object 'Object Repository/RAD_Pages/SAU_MDForm202_BeforeJuly2021_Page/select_Select    Estimated Tax    Personal _7587a1'  using regular expression

2021-11-08 13:42:07 - [MESSAGE][PASSED] - All options with value '5' are selected in object 'Object Repository/RAD_Pages/SAU_MDForm202_BeforeJuly2021_Page/select_Select    Estimated Tax    Personal _7587a1'  using regular expression

2021-11-08 13:42:07 - [TEST_STEP][PASSED] - selectOptionByValue(findTestObject("Object Repository/RAD_Pages/SAU_MDForm202_BeforeJuly2021_Page/select_Select202220212020"), "2021", true): All options with value '2021' are selected in object 'Object Repository/RAD_Pages/SAU_MDForm202_BeforeJuly2021_Page/select_Select202220212020'  using regular expression

2021-11-08 13:42:38 - [MESSAGE][INFO] - Unable to find the element located by 'By.xpath: //*[@id = 'taxYear' and @name = 'taxYear' and (text() = 'Select202220212020' or . = 'Select202220212020')]'. Please recheck the objects properties to make sure the desired element is located. 

2021-11-08 13:42:38 - [MESSAGE][WARNING] - [SELF-HEALING] Failed to find element with id 'Object Repository/RAD_Pages/SAU_MDForm202_BeforeJuly2021_Page/select_Select202220212020'. Try using Self-healing.

2021-11-08 13:42:38 - [MESSAGE][INFO] - [SELF-HEALING] Screenshot: E:/Cloned-Project-Katalon/VPS-Katalon/Reports/Self-healing/Object Repository/RAD_Pages/SAU_MDForm202_BeforeJuly2021_Page/select_Select202220212020_XPATH.png

2021-11-08 13:42:39 - [MESSAGE][WARNING] - [SELF-HEALING] The current locator of test object 'Object Repository/RAD_Pages/SAU_MDForm202_BeforeJuly2021_Page/select_Select202220212020' was broken. Propose an alternative one: '//select[@id='taxYear']'.

2021-11-08 13:42:39 - [MESSAGE][PASSED] - All options with value '2021' are selected in object 'Object Repository/RAD_Pages/SAU_MDForm202_BeforeJuly2021_Page/select_Select202220212020'  using regular expression

2021-11-08 13:42:39 - [TEST_STEP][PASSED] - selectOptionByValue(findTestObject("Object Repository/RAD_Pages/SAU_MDForm202_BeforeJuly2021_Page/select_MonthJanuaryFebruaryMarchAprilMayJun_aa9ebb"), "01", true): All options with value '01' are selected in object 'Object Repository/RAD_Pages/SAU_MDForm202_BeforeJuly2021_Page/select_MonthJanuaryFebruaryMarchAprilMayJun_aa9ebb'  using regular expression

2021-11-08 13:43:10 - [MESSAGE][INFO] - Unable to find the element located by 'By.xpath: //*[@id = 'salesUseMonth' and @name = 'salesUseMonth' and (text() = '
										    Month
											January
											February
											March
											April
											May
											June
											July
											August
											September
											October
											November
											December
										  ' or . = '
										    Month
											January
											February
											March
											April
											May
											June
											July
											August
											September
											October
											November
											December
										  ')]'. Please recheck the objects properties to make sure the desired element is located. 

2021-11-08 13:43:10 - [MESSAGE][WARNING] - [SELF-HEALING] Failed to find element with id 'Object Repository/RAD_Pages/SAU_MDForm202_BeforeJuly2021_Page/select_MonthJanuaryFebruaryMarchAprilMayJun_aa9ebb'. Try using Self-healing.

2021-11-08 13:43:11 - [MESSAGE][INFO] - [SELF-HEALING] Screenshot: E:/Cloned-Project-Katalon/VPS-Katalon/Reports/Self-healing/Object Repository/RAD_Pages/SAU_MDForm202_BeforeJuly2021_Page/select_MonthJanuaryFebruaryMarchAprilMayJun_aa9ebb_XPATH.png

2021-11-08 13:43:11 - [MESSAGE][WARNING] - [SELF-HEALING] The current locator of test object 'Object Repository/RAD_Pages/SAU_MDForm202_BeforeJuly2021_Page/select_MonthJanuaryFebruaryMarchAprilMayJun_aa9ebb' was broken. Propose an alternative one: '//select[@id='salesUseMonth']'.

2021-11-08 13:43:12 - [MESSAGE][PASSED] - All options with value '01' are selected in object 'Object Repository/RAD_Pages/SAU_MDForm202_BeforeJuly2021_Page/select_MonthJanuaryFebruaryMarchAprilMayJun_aa9ebb'  using regular expression

2021-11-08 13:43:12 - [TEST_STEP][PASSED] - setText(findTestObject("Object Repository/RAD_Pages/SAU_MDForm202_BeforeJuly2021_Page/input_Note_businessName"), "Some Business"): Text 'Some Business' is set on object 'Object Repository/RAD_Pages/SAU_MDForm202_BeforeJuly2021_Page/input_Note_businessName'

2021-11-08 13:43:12 - [MESSAGE][PASSED] - Text 'Some Business' is set on object 'Object Repository/RAD_Pages/SAU_MDForm202_BeforeJuly2021_Page/input_Note_businessName'

2021-11-08 13:43:12 - [TEST_STEP][PASSED] - setText(findTestObject("Object Repository/RAD_Pages/SAU_MDForm202_BeforeJuly2021_Page/input_Enter business name_firstName"), "Lokhandwala"): Text 'Lokhandwala' is set on object 'Object Repository/RAD_Pages/SAU_MDForm202_BeforeJuly2021_Page/input_Enter business name_firstName'

2021-11-08 13:43:13 - [MESSAGE][PASSED] - Text 'Lokhandwala' is set on object 'Object Repository/RAD_Pages/SAU_MDForm202_BeforeJuly2021_Page/input_Enter business name_firstName'

2021-11-08 13:43:13 - [TEST_STEP][PASSED] - setText(findTestObject("Object Repository/RAD_Pages/SAU_MDForm202_BeforeJuly2021_Page/input_Enter first name_middleName"), "K"): Text 'K' is set on object 'Object Repository/RAD_Pages/SAU_MDForm202_BeforeJuly2021_Page/input_Enter first name_middleName'

2021-11-08 13:43:14 - [MESSAGE][PASSED] - Text 'K' is set on object 'Object Repository/RAD_Pages/SAU_MDForm202_BeforeJuly2021_Page/input_Enter first name_middleName'

2021-11-08 13:43:14 - [TEST_STEP][PASSED] - setText(findTestObject("Object Repository/RAD_Pages/SAU_MDForm202_BeforeJuly2021_Page/input_Middle Name_lastName"), "Express"): Text 'Express' is set on object 'Object Repository/RAD_Pages/SAU_MDForm202_BeforeJuly2021_Page/input_Middle Name_lastName'

2021-11-08 13:43:15 - [MESSAGE][PASSED] - Text 'Express' is set on object 'Object Repository/RAD_Pages/SAU_MDForm202_BeforeJuly2021_Page/input_Middle Name_lastName'

2021-11-08 13:43:15 - [TEST_STEP][PASSED] - setText(findTestObject("Object Repository/RAD_Pages/SAU_MDForm202_BeforeJuly2021_Page/input_Enter last name_suffix"), "Sr"): Text 'Sr' is set on object 'Object Repository/RAD_Pages/SAU_MDForm202_BeforeJuly2021_Page/input_Enter last name_suffix'

2021-11-08 13:43:15 - [MESSAGE][PASSED] - Text 'Sr' is set on object 'Object Repository/RAD_Pages/SAU_MDForm202_BeforeJuly2021_Page/input_Enter last name_suffix'

2021-11-08 13:43:15 - [TEST_STEP][PASSED] - setText(findTestObject("Object Repository/RAD_Pages/SAU_MDForm202_BeforeJuly2021_Page/input_Select a country_streetAddress1"), "458 Beltsville rd"): Text '458 Beltsville rd' is set on object 'Object Repository/RAD_Pages/SAU_MDForm202_BeforeJuly2021_Page/input_Select a country_streetAddress1'

2021-11-08 13:43:16 - [MESSAGE][PASSED] - Text '458 Beltsville rd' is set on object 'Object Repository/RAD_Pages/SAU_MDForm202_BeforeJuly2021_Page/input_Select a country_streetAddress1'

2021-11-08 13:43:16 - [TEST_STEP][PASSED] - setText(findTestObject("Object Repository/RAD_Pages/SAU_MDForm202_BeforeJuly2021_Page/input_Enter address_streetAddress2"), "suite 100"): Text 'suite 100' is set on object 'Object Repository/RAD_Pages/SAU_MDForm202_BeforeJuly2021_Page/input_Enter address_streetAddress2'

2021-11-08 13:43:17 - [MESSAGE][PASSED] - Text 'suite 100' is set on object 'Object Repository/RAD_Pages/SAU_MDForm202_BeforeJuly2021_Page/input_Enter address_streetAddress2'

2021-11-08 13:43:17 - [TEST_STEP][PASSED] - setText(findTestObject("Object Repository/RAD_Pages/SAU_MDForm202_BeforeJuly2021_Page/input_Street Address 2_city"), "Timonium"): Text 'Timonium' is set on object 'Object Repository/RAD_Pages/SAU_MDForm202_BeforeJuly2021_Page/input_Street Address 2_city'

2021-11-08 13:43:18 - [MESSAGE][PASSED] - Text 'Timonium' is set on object 'Object Repository/RAD_Pages/SAU_MDForm202_BeforeJuly2021_Page/input_Street Address 2_city'

2021-11-08 13:43:18 - [TEST_STEP][PASSED] - selectOptionByValue(findTestObject("Object Repository/RAD_Pages/SAU_MDForm202_BeforeJuly2021_Page/select_SelectAlabamaAlaskaArizonaArkansasCa_90914a"), "MD", true): All options with value 'MD' are selected in object 'Object Repository/RAD_Pages/SAU_MDForm202_BeforeJuly2021_Page/select_SelectAlabamaAlaskaArizonaArkansasCa_90914a'  using regular expression

2021-11-08 13:43:19 - [MESSAGE][PASSED] - All options with value 'MD' are selected in object 'Object Repository/RAD_Pages/SAU_MDForm202_BeforeJuly2021_Page/select_SelectAlabamaAlaskaArizonaArkansasCa_90914a'  using regular expression

2021-11-08 13:43:19 - [TEST_STEP][PASSED] - setText(findTestObject("Object Repository/RAD_Pages/SAU_MDForm202_BeforeJuly2021_Page/input_Select a state_zipCode"), "21093"): Text '21093' is set on object 'Object Repository/RAD_Pages/SAU_MDForm202_BeforeJuly2021_Page/input_Select a state_zipCode'

2021-11-08 13:43:20 - [MESSAGE][PASSED] - Text '21093' is set on object 'Object Repository/RAD_Pages/SAU_MDForm202_BeforeJuly2021_Page/input_Select a state_zipCode'

2021-11-08 13:43:20 - [TEST_STEP][PASSED] - setText(findTestObject("Object Repository/RAD_Pages/SAU_MDForm202_BeforeJuly2021_Page/input_Enter ZIP code_phoneNumber"), "(703) 894-5000"): Text '(703) 894-5000' is set on object 'Object Repository/RAD_Pages/SAU_MDForm202_BeforeJuly2021_Page/input_Enter ZIP code_phoneNumber'

2021-11-08 13:43:21 - [MESSAGE][PASSED] - Text '(703) 894-5000' is set on object 'Object Repository/RAD_Pages/SAU_MDForm202_BeforeJuly2021_Page/input_Enter ZIP code_phoneNumber'

2021-11-08 13:43:21 - [TEST_STEP][PASSED] - setText(findTestObject("Object Repository/RAD_Pages/SAU_MDForm202_BeforeJuly2021_Page/input_Enter a phone number_eMailAddress"), "iahmed@govolution.com"): Text 'iahmed@govolution.com' is set on object 'Object Repository/RAD_Pages/SAU_MDForm202_BeforeJuly2021_Page/input_Enter a phone number_eMailAddress'

2021-11-08 13:43:22 - [MESSAGE][PASSED] - Text 'iahmed@govolution.com' is set on object 'Object Repository/RAD_Pages/SAU_MDForm202_BeforeJuly2021_Page/input_Enter a phone number_eMailAddress'

2021-11-08 13:43:22 - [TEST_STEP][PASSED] - setText(findTestObject("Object Repository/RAD_Pages/SAU_MDForm202_BeforeJuly2021_Page/input_Enter Email_reEnterEMailAddress"), "iahmed@govolution.com"): Text 'iahmed@govolution.com' is set on object 'Object Repository/RAD_Pages/SAU_MDForm202_BeforeJuly2021_Page/input_Enter Email_reEnterEMailAddress'

2021-11-08 13:43:22 - [MESSAGE][PASSED] - Text 'iahmed@govolution.com' is set on object 'Object Repository/RAD_Pages/SAU_MDForm202_BeforeJuly2021_Page/input_Enter Email_reEnterEMailAddress'

2021-11-08 13:43:22 - [TEST_STEP][PASSED] - setEncryptedText(findTestObject("Object Repository/RAD_Pages/TaxInfo_Page/input_FederalEIN"), "0fDtEjy4ijeV75Gl5M+mSg=="): Text ****** has been set on object 'Object Repository/RAD_Pages/TaxInfo_Page/input_FederalEIN'

2021-11-08 13:43:23 - [MESSAGE][PASSED] - Text ****** has been set on object 'Object Repository/RAD_Pages/TaxInfo_Page/input_FederalEIN'

2021-11-08 13:43:23 - [TEST_STEP][PASSED] - setEncryptedText(findTestObject("Object Repository/RAD_Pages/TaxInfo_Page/input_FederalEIN_ReEnter"), "0fDtEjy4ijeV75Gl5M+mSg=="): Text ****** has been set on object 'Object Repository/RAD_Pages/TaxInfo_Page/input_FederalEIN_ReEnter'

2021-11-08 13:43:24 - [MESSAGE][PASSED] - Text ****** has been set on object 'Object Repository/RAD_Pages/TaxInfo_Page/input_FederalEIN_ReEnter'

2021-11-08 13:43:24 - [TEST_STEP][PASSED] - setText(findTestObject("Object Repository/RAD_Pages/TaxInfo_Page/input_MDCRegistration"), "07640126"): Text '07640126' is set on object 'Object Repository/RAD_Pages/TaxInfo_Page/input_MDCRegistration'

2021-11-08 13:43:24 - [MESSAGE][PASSED] - Text '07640126' is set on object 'Object Repository/RAD_Pages/TaxInfo_Page/input_MDCRegistration'

2021-11-08 13:43:24 - [TEST_STEP][PASSED] - setText(findTestObject("Object Repository/RAD_Pages/SAU_MDForm202_BeforeJuly2021_Page/input__GrossSales1"), "3000.00"): Text '3000.00' is set on object 'Object Repository/RAD_Pages/SAU_MDForm202_BeforeJuly2021_Page/input__GrossSales1'

2021-11-08 13:43:25 - [MESSAGE][PASSED] - Text '3000.00' is set on object 'Object Repository/RAD_Pages/SAU_MDForm202_BeforeJuly2021_Page/input__GrossSales1'

2021-11-08 13:43:25 - [TEST_STEP][PASSED] - setText(findTestObject("Object Repository/RAD_Pages/SAU_MDForm202_BeforeJuly2021_Page/input__TaxableSales1"), "100.00"): Text '100.00' is set on object 'Object Repository/RAD_Pages/SAU_MDForm202_BeforeJuly2021_Page/input__TaxableSales1'

2021-11-08 13:43:26 - [MESSAGE][PASSED] - Text '100.00' is set on object 'Object Repository/RAD_Pages/SAU_MDForm202_BeforeJuly2021_Page/input__TaxableSales1'

2021-11-08 13:43:26 - [TEST_STEP][PASSED] - setText(findTestObject("Object Repository/RAD_Pages/SAU_MDForm202_BeforeJuly2021_Page/input__CarRental1"), "100.00"): Text '100.00' is set on object 'Object Repository/RAD_Pages/SAU_MDForm202_BeforeJuly2021_Page/input__CarRental1'

2021-11-08 13:43:27 - [MESSAGE][PASSED] - Text '100.00' is set on object 'Object Repository/RAD_Pages/SAU_MDForm202_BeforeJuly2021_Page/input__CarRental1'

2021-11-08 13:43:27 - [TEST_STEP][PASSED] - setText(findTestObject("Object Repository/RAD_Pages/SAU_MDForm202_BeforeJuly2021_Page/input__TruckRental1"), "100.00"): Text '100.00' is set on object 'Object Repository/RAD_Pages/SAU_MDForm202_BeforeJuly2021_Page/input__TruckRental1'

2021-11-08 13:43:27 - [MESSAGE][PASSED] - Text '100.00' is set on object 'Object Repository/RAD_Pages/SAU_MDForm202_BeforeJuly2021_Page/input__TruckRental1'

2021-11-08 13:43:27 - [TEST_STEP][PASSED] - setText(findTestObject("Object Repository/RAD_Pages/SAU_MDForm202_BeforeJuly2021_Page/input__AlcoholSales1"), "100.00"): Text '100.00' is set on object 'Object Repository/RAD_Pages/SAU_MDForm202_BeforeJuly2021_Page/input__AlcoholSales1'

2021-11-08 13:43:28 - [MESSAGE][PASSED] - Text '100.00' is set on object 'Object Repository/RAD_Pages/SAU_MDForm202_BeforeJuly2021_Page/input__AlcoholSales1'

2021-11-08 13:43:28 - [TEST_STEP][PASSED] - setText(findTestObject("Object Repository/RAD_Pages/SAU_MDForm202_BeforeJuly2021_Page/input__Purchases1"), "100.00"): Text '100.00' is set on object 'Object Repository/RAD_Pages/SAU_MDForm202_BeforeJuly2021_Page/input__Purchases1'

2021-11-08 13:43:29 - [MESSAGE][PASSED] - Text '100.00' is set on object 'Object Repository/RAD_Pages/SAU_MDForm202_BeforeJuly2021_Page/input__Purchases1'

2021-11-08 13:43:29 - [TEST_STEP][PASSED] - setText(findTestObject("Object Repository/RAD_Pages/SAU_MDForm202_BeforeJuly2021_Page/input__AlcoholPurchases1"), "100.00"): Text '100.00' is set on object 'Object Repository/RAD_Pages/SAU_MDForm202_BeforeJuly2021_Page/input__AlcoholPurchases1'

2021-11-08 13:43:30 - [MESSAGE][PASSED] - Text '100.00' is set on object 'Object Repository/RAD_Pages/SAU_MDForm202_BeforeJuly2021_Page/input__AlcoholPurchases1'

2021-11-08 13:43:30 - [TEST_STEP][PASSED] - setText(findTestObject("Object Repository/RAD_Pages/SAU_MDForm202_BeforeJuly2021_Page/input__Refund1"), "100.00"): Text '100.00' is set on object 'Object Repository/RAD_Pages/SAU_MDForm202_BeforeJuly2021_Page/input__Refund1'

2021-11-08 13:43:30 - [MESSAGE][PASSED] - Text '100.00' is set on object 'Object Repository/RAD_Pages/SAU_MDForm202_BeforeJuly2021_Page/input__Refund1'

2021-11-08 13:43:30 - [TEST_STEP][PASSED] - setText(findTestObject("Object Repository/RAD_Pages/SAU_MDForm202_BeforeJuly2021_Page/input__PenaltyInterest1"), "100.00"): Text '100.00' is set on object 'Object Repository/RAD_Pages/SAU_MDForm202_BeforeJuly2021_Page/input__PenaltyInterest1'

2021-11-08 13:43:31 - [MESSAGE][PASSED] - Text '100.00' is set on object 'Object Repository/RAD_Pages/SAU_MDForm202_BeforeJuly2021_Page/input__PenaltyInterest1'

2021-11-08 13:43:31 - [TEST_STEP][PASSED] - setText(findTestObject("Object Repository/RAD_Pages/SAU_MDForm202_BeforeJuly2021_Page/input__E911Fee1"), "25.00"): Text '25.00' is set on object 'Object Repository/RAD_Pages/SAU_MDForm202_BeforeJuly2021_Page/input__E911Fee1'

2021-11-08 13:43:32 - [MESSAGE][PASSED] - Text '25.00' is set on object 'Object Repository/RAD_Pages/SAU_MDForm202_BeforeJuly2021_Page/input__E911Fee1'

2021-11-08 13:43:32 - [TEST_STEP][PASSED] - scrollToElement(findTestObject("Object Repository/RAD_Pages/SAU_MDForm202_Page/button_Continue"), 3): Scroll to object 'Object Repository/RAD_Pages/SAU_MDForm202_Page/button_Continue' successfully

2021-11-08 13:43:32 - [MESSAGE][PASSED] - Scroll to object 'Object Repository/RAD_Pages/SAU_MDForm202_Page/button_Continue' successfully

2021-11-08 13:43:32 - [TEST_STEP][PASSED] - waitForElementClickable(findTestObject("Object Repository/RAD_Pages/SAU_MDForm202_Page/button_Continue"), 5): Object 'Object Repository/RAD_Pages/SAU_MDForm202_Page/button_Continue' is clickable

2021-11-08 13:43:33 - [MESSAGE][PASSED] - Object 'Object Repository/RAD_Pages/SAU_MDForm202_Page/button_Continue' is clickable

2021-11-08 13:43:33 - [TEST_STEP][PASSED] - click(findTestObject("Object Repository/RAD_Pages/SAU_MDForm202_Page/button_Continue")): Object: 'Object Repository/RAD_Pages/SAU_MDForm202_Page/button_Continue' is clicked on

2021-11-08 13:43:33 - [MESSAGE][PASSED] - Object: 'Object Repository/RAD_Pages/SAU_MDForm202_Page/button_Continue' is clicked on

2021-11-08 13:43:33 - [TEST_STEP][PASSED] - click(findTestObject("Object Repository/RAD_Pages/SAU_MDForm202_Page/button_Proceed to Payment")): Object: 'Object Repository/RAD_Pages/SAU_MDForm202_Page/button_Proceed to Payment' is clicked on

2021-11-08 13:43:35 - [MESSAGE][PASSED] - Object: 'Object Repository/RAD_Pages/SAU_MDForm202_Page/button_Proceed to Payment' is clicked on

2021-11-08 13:43:35 - [TEST_STEP][PASSED] - setText(findTestObject("Object Repository/RAD_Pages/SAU_MDForm202_BeforeJuly2021_Page/input__cardNumber"), "4111111111111111"): Text '4111111111111111' is set on object 'Object Repository/RAD_Pages/SAU_MDForm202_BeforeJuly2021_Page/input__cardNumber'

2021-11-08 13:43:36 - [MESSAGE][PASSED] - Text '4111111111111111' is set on object 'Object Repository/RAD_Pages/SAU_MDForm202_BeforeJuly2021_Page/input__cardNumber'

2021-11-08 13:43:36 - [TEST_STEP][PASSED] - setText(findTestObject("Object Repository/RAD_Pages/SAU_MDForm202_BeforeJuly2021_Page/input__spc"), "123"): Text '123' is set on object 'Object Repository/RAD_Pages/SAU_MDForm202_BeforeJuly2021_Page/input__spc'

2021-11-08 13:43:37 - [MESSAGE][PASSED] - Text '123' is set on object 'Object Repository/RAD_Pages/SAU_MDForm202_BeforeJuly2021_Page/input__spc'

2021-11-08 13:43:37 - [TEST_STEP][PASSED] - selectOptionByValue(findTestObject("Object Repository/RAD_Pages/SAU_MDForm202_BeforeJuly2021_Page/select_MM010203040506070809101112"), "3", true): All options with value '3' are selected in object 'Object Repository/RAD_Pages/SAU_MDForm202_BeforeJuly2021_Page/select_MM010203040506070809101112'  using regular expression

2021-11-08 13:43:38 - [MESSAGE][PASSED] - All options with value '3' are selected in object 'Object Repository/RAD_Pages/SAU_MDForm202_BeforeJuly2021_Page/select_MM010203040506070809101112'  using regular expression

2021-11-08 13:43:38 - [TEST_STEP][PASSED] - selectOptionByValue(findTestObject("Object Repository/RAD_Pages/SAU_MDForm202_BeforeJuly2021_Page/select_YYYY20212022202320242025202620272028_8c4dd4"), "2026", true): All options with value '2026' are selected in object 'Object Repository/RAD_Pages/SAU_MDForm202_BeforeJuly2021_Page/select_YYYY20212022202320242025202620272028_8c4dd4'  using regular expression

2021-11-08 13:43:39 - [MESSAGE][PASSED] - All options with value '2026' are selected in object 'Object Repository/RAD_Pages/SAU_MDForm202_BeforeJuly2021_Page/select_YYYY20212022202320242025202620272028_8c4dd4'  using regular expression

2021-11-08 13:43:39 - [TEST_STEP][PASSED] - click(findTestObject("Object Repository/RAD_Pages/SAU_MDForm202_BeforeJuly2021_Page/input_BillInvoice Details_ccSubmit")): Object: 'Object Repository/RAD_Pages/SAU_MDForm202_BeforeJuly2021_Page/input_BillInvoice Details_ccSubmit' is clicked on

2021-11-08 13:43:40 - [MESSAGE][PASSED] - Object: 'Object Repository/RAD_Pages/SAU_MDForm202_BeforeJuly2021_Page/input_BillInvoice Details_ccSubmit' is clicked on

2021-11-08 13:43:40 - [TEST_STEP][PASSED] - click(findTestObject("Object Repository/RAD_Pages/SAU_MDForm202_BeforeJuly2021_Page/input_163.50_confirmNotifyAction")): Object: 'Object Repository/RAD_Pages/SAU_MDForm202_BeforeJuly2021_Page/input_163.50_confirmNotifyAction' is clicked on

2021-11-08 13:43:41 - [MESSAGE][PASSED] - Object: 'Object Repository/RAD_Pages/SAU_MDForm202_BeforeJuly2021_Page/input_163.50_confirmNotifyAction' is clicked on

2021-11-08 13:43:41 - [TEST_STEP][PASSED] - click(findTestObject("Object Repository/RAD_Pages/SAU_MDForm202_BeforeJuly2021_Page/input_167.51_convFeeNotifyAction")): Object: 'Object Repository/RAD_Pages/SAU_MDForm202_BeforeJuly2021_Page/input_167.51_convFeeNotifyAction' is clicked on

2021-11-08 13:43:43 - [MESSAGE][PASSED] - Object: 'Object Repository/RAD_Pages/SAU_MDForm202_BeforeJuly2021_Page/input_167.51_convFeeNotifyAction' is clicked on

2021-11-08 13:43:43 - [TEST_STEP][PASSED] - delay(10): Delayed 10 second(s)

2021-11-08 13:43:53 - [MESSAGE][PASSED] - Delayed 10 second(s)

2021-11-08 13:43:53 - [TEST_STEP][PASSED] - verifyTextPresent("Successful Payment Receipt", true): Text 'Successful Payment Receipt' is present on page  using regular expression

2021-11-08 13:43:53 - [MESSAGE][PASSED] - Text 'Successful Payment Receipt' is present on page  using regular expression

2021-11-08 13:43:53 - [TEST_STEP][PASSED] - closeBrowser(): Browser is closed

2021-11-08 13:43:54 - [MESSAGE][PASSED] - Browser is closed]]></system-out>
         <system-err><![CDATA[]]></system-err>
      </testcase>
      <testcase name="Test Cases/RAD_TestCases/PaymentsHardCoded/SAU_MDForm202F_AfterJuly2021_MarketplaceFacilitator_HC_TC" time="124.256" classname="Test Cases/RAD_TestCases/PaymentsHardCoded/SAU_MDForm202F_AfterJuly2021_MarketplaceFacilitator_HC_TC" status="PASSED">
         <system-out><![CDATA[2021-11-08 13:43:54 - [TEST_CASE][PASSED] - Test Cases/RAD_TestCases/PaymentsHardCoded/SAU_MDForm202F_AfterJuly2021_MarketplaceFacilitator_HC_TC: Test Cases/RAD_TestCases/PaymentsHardCoded/SAU_MDForm202F_AfterJuly2021_MarketplaceFacilitator_HC_TC

2021-11-08 13:43:54 - [TEST_STEP][PASSED] - openBrowser(""): Browser is opened with url: ''

2021-11-08 13:43:54 - [MESSAGE][INFO] - Starting 'Chrome' driver

2021-11-08 13:43:54 - [MESSAGE][INFO] - User set preference: ['acceptInsecureCerts', 'true']

2021-11-08 13:43:54 - [MESSAGE][INFO] - Action delay is set to 0 milliseconds

2021-11-08 13:43:56 - [MESSAGE][PASSED] - Browser is opened with url: ''

2021-11-08 13:43:56 - [TEST_STEP][PASSED] - navigateToUrl("https://qa.velocitypayment.com/client/rad/index.html"): Navigate to 'https://qa.velocitypayment.com/client/rad/index.html' successfully

2021-11-08 13:43:58 - [MESSAGE][PASSED] - Navigate to 'https://qa.velocitypayment.com/client/rad/index.html' successfully

2021-11-08 13:43:58 - [TEST_STEP][PASSED] - selectOptionByValue(findTestObject("Object Repository/RAD_Pages/SAU_MDForm202F_MF_AfterJuly2021_Page/select_Select    Estimated Tax    Personal _7587a1"), "5", true): All options with value '5' are selected in object 'Object Repository/RAD_Pages/SAU_MDForm202F_MF_AfterJuly2021_Page/select_Select    Estimated Tax    Personal _7587a1'  using regular expression

2021-11-08 13:43:59 - [MESSAGE][PASSED] - All options with value '5' are selected in object 'Object Repository/RAD_Pages/SAU_MDForm202F_MF_AfterJuly2021_Page/select_Select    Estimated Tax    Personal _7587a1'  using regular expression

2021-11-08 13:43:59 - [TEST_STEP][PASSED] - selectOptionByValue(findTestObject("Object Repository/RAD_Pages/SAU_MDForm202F_MF_AfterJuly2021_Page/select_Select202220212020"), "2021", true): All options with value '2021' are selected in object 'Object Repository/RAD_Pages/SAU_MDForm202F_MF_AfterJuly2021_Page/select_Select202220212020'  using regular expression

2021-11-08 13:44:30 - [MESSAGE][INFO] - Unable to find the element located by 'By.xpath: //*[@id = 'taxYear' and @name = 'taxYear' and (text() = 'Select202220212020' or . = 'Select202220212020')]'. Please recheck the objects properties to make sure the desired element is located. 

2021-11-08 13:44:30 - [MESSAGE][WARNING] - [SELF-HEALING] Failed to find element with id 'Object Repository/RAD_Pages/SAU_MDForm202F_MF_AfterJuly2021_Page/select_Select202220212020'. Try using Self-healing.

2021-11-08 13:44:31 - [MESSAGE][INFO] - [SELF-HEALING] Screenshot: E:/Cloned-Project-Katalon/VPS-Katalon/Reports/Self-healing/Object Repository/RAD_Pages/SAU_MDForm202F_MF_AfterJuly2021_Page/select_Select202220212020_XPATH.png

2021-11-08 13:44:31 - [MESSAGE][WARNING] - [SELF-HEALING] The current locator of test object 'Object Repository/RAD_Pages/SAU_MDForm202F_MF_AfterJuly2021_Page/select_Select202220212020' was broken. Propose an alternative one: '//select[@id='taxYear']'.

2021-11-08 13:44:32 - [MESSAGE][PASSED] - All options with value '2021' are selected in object 'Object Repository/RAD_Pages/SAU_MDForm202F_MF_AfterJuly2021_Page/select_Select202220212020'  using regular expression

2021-11-08 13:44:32 - [TEST_STEP][PASSED] - selectOptionByValue(findTestObject("Object Repository/RAD_Pages/SAU_MDForm202F_MF_AfterJuly2021_Page/select_MonthJanuaryFebruaryMarchAprilMayJun_aa9ebb"), "08", true): All options with value '08' are selected in object 'Object Repository/RAD_Pages/SAU_MDForm202F_MF_AfterJuly2021_Page/select_MonthJanuaryFebruaryMarchAprilMayJun_aa9ebb'  using regular expression

2021-11-08 13:45:03 - [MESSAGE][INFO] - Unable to find the element located by 'By.xpath: //*[@id = 'salesUseMonth' and @name = 'salesUseMonth' and (text() = '
										    Month
											January
											February
											March
											April
											May
											June
											July
											August
											September
											October
											November
											December
										  ' or . = '
										    Month
											January
											February
											March
											April
											May
											June
											July
											August
											September
											October
											November
											December
										  ')]'. Please recheck the objects properties to make sure the desired element is located. 

2021-11-08 13:45:03 - [MESSAGE][WARNING] - [SELF-HEALING] Failed to find element with id 'Object Repository/RAD_Pages/SAU_MDForm202F_MF_AfterJuly2021_Page/select_MonthJanuaryFebruaryMarchAprilMayJun_aa9ebb'. Try using Self-healing.

2021-11-08 13:45:03 - [MESSAGE][INFO] - [SELF-HEALING] Screenshot: E:/Cloned-Project-Katalon/VPS-Katalon/Reports/Self-healing/Object Repository/RAD_Pages/SAU_MDForm202F_MF_AfterJuly2021_Page/select_MonthJanuaryFebruaryMarchAprilMayJun_aa9ebb_XPATH.png

2021-11-08 13:45:03 - [MESSAGE][WARNING] - [SELF-HEALING] The current locator of test object 'Object Repository/RAD_Pages/SAU_MDForm202F_MF_AfterJuly2021_Page/select_MonthJanuaryFebruaryMarchAprilMayJun_aa9ebb' was broken. Propose an alternative one: '//select[@id='salesUseMonth']'.

2021-11-08 13:45:04 - [MESSAGE][PASSED] - All options with value '08' are selected in object 'Object Repository/RAD_Pages/SAU_MDForm202F_MF_AfterJuly2021_Page/select_MonthJanuaryFebruaryMarchAprilMayJun_aa9ebb'  using regular expression

2021-11-08 13:45:04 - [TEST_STEP][PASSED] - setText(findTestObject("Object Repository/RAD_Pages/SAU_MDForm202F_MF_AfterJuly2021_Page/input_Note_businessName"), "Broken Glass, LLC"): Text 'Broken Glass, LLC' is set on object 'Object Repository/RAD_Pages/SAU_MDForm202F_MF_AfterJuly2021_Page/input_Note_businessName'

2021-11-08 13:45:05 - [MESSAGE][PASSED] - Text 'Broken Glass, LLC' is set on object 'Object Repository/RAD_Pages/SAU_MDForm202F_MF_AfterJuly2021_Page/input_Note_businessName'

2021-11-08 13:45:05 - [TEST_STEP][PASSED] - setText(findTestObject("Object Repository/RAD_Pages/SAU_MDForm202F_MF_AfterJuly2021_Page/input_Enter business name_firstName"), "Andy"): Text 'Andy' is set on object 'Object Repository/RAD_Pages/SAU_MDForm202F_MF_AfterJuly2021_Page/input_Enter business name_firstName'

2021-11-08 13:45:06 - [MESSAGE][PASSED] - Text 'Andy' is set on object 'Object Repository/RAD_Pages/SAU_MDForm202F_MF_AfterJuly2021_Page/input_Enter business name_firstName'

2021-11-08 13:45:06 - [TEST_STEP][PASSED] - setText(findTestObject("Object Repository/RAD_Pages/SAU_MDForm202F_MF_AfterJuly2021_Page/input_Enter first name_middleName"), "Lament"): Text 'Lament' is set on object 'Object Repository/RAD_Pages/SAU_MDForm202F_MF_AfterJuly2021_Page/input_Enter first name_middleName'

2021-11-08 13:45:06 - [MESSAGE][PASSED] - Text 'Lament' is set on object 'Object Repository/RAD_Pages/SAU_MDForm202F_MF_AfterJuly2021_Page/input_Enter first name_middleName'

2021-11-08 13:45:06 - [TEST_STEP][PASSED] - setText(findTestObject("Object Repository/RAD_Pages/SAU_MDForm202F_MF_AfterJuly2021_Page/input_Middle Name_lastName"), "Mohl"): Text 'Mohl' is set on object 'Object Repository/RAD_Pages/SAU_MDForm202F_MF_AfterJuly2021_Page/input_Middle Name_lastName'

2021-11-08 13:45:07 - [MESSAGE][PASSED] - Text 'Mohl' is set on object 'Object Repository/RAD_Pages/SAU_MDForm202F_MF_AfterJuly2021_Page/input_Middle Name_lastName'

2021-11-08 13:45:07 - [TEST_STEP][PASSED] - setText(findTestObject("Object Repository/RAD_Pages/SAU_MDForm202F_MF_AfterJuly2021_Page/input_Enter last name_suffix"), "Jr"): Text 'Jr' is set on object 'Object Repository/RAD_Pages/SAU_MDForm202F_MF_AfterJuly2021_Page/input_Enter last name_suffix'

2021-11-08 13:45:08 - [MESSAGE][PASSED] - Text 'Jr' is set on object 'Object Repository/RAD_Pages/SAU_MDForm202F_MF_AfterJuly2021_Page/input_Enter last name_suffix'

2021-11-08 13:45:08 - [TEST_STEP][PASSED] - setText(findTestObject("Object Repository/RAD_Pages/SAU_MDForm202F_MF_AfterJuly2021_Page/input_Select a country_streetAddress1"), "147 Elm St"): Text '147 Elm St' is set on object 'Object Repository/RAD_Pages/SAU_MDForm202F_MF_AfterJuly2021_Page/input_Select a country_streetAddress1'

2021-11-08 13:45:08 - [MESSAGE][PASSED] - Text '147 Elm St' is set on object 'Object Repository/RAD_Pages/SAU_MDForm202F_MF_AfterJuly2021_Page/input_Select a country_streetAddress1'

2021-11-08 13:45:08 - [TEST_STEP][PASSED] - setText(findTestObject("Object Repository/RAD_Pages/SAU_MDForm202F_MF_AfterJuly2021_Page/input_Enter address_streetAddress2"), "Room 147"): Text 'Room 147' is set on object 'Object Repository/RAD_Pages/SAU_MDForm202F_MF_AfterJuly2021_Page/input_Enter address_streetAddress2'

2021-11-08 13:45:09 - [MESSAGE][PASSED] - Text 'Room 147' is set on object 'Object Repository/RAD_Pages/SAU_MDForm202F_MF_AfterJuly2021_Page/input_Enter address_streetAddress2'

2021-11-08 13:45:09 - [TEST_STEP][PASSED] - setText(findTestObject("Object Repository/RAD_Pages/SAU_MDForm202F_MF_AfterJuly2021_Page/input_Street Address 2_city"), "Lutherville Timonium"): Text 'Lutherville Timonium' is set on object 'Object Repository/RAD_Pages/SAU_MDForm202F_MF_AfterJuly2021_Page/input_Street Address 2_city'

2021-11-08 13:45:10 - [MESSAGE][PASSED] - Text 'Lutherville Timonium' is set on object 'Object Repository/RAD_Pages/SAU_MDForm202F_MF_AfterJuly2021_Page/input_Street Address 2_city'

2021-11-08 13:45:10 - [TEST_STEP][PASSED] - selectOptionByValue(findTestObject("Object Repository/RAD_Pages/SAU_MDForm202F_MF_AfterJuly2021_Page/select_SelectAlabamaAlaskaArizonaArkansasCa_90914a"), "MD", true): All options with value 'MD' are selected in object 'Object Repository/RAD_Pages/SAU_MDForm202F_MF_AfterJuly2021_Page/select_SelectAlabamaAlaskaArizonaArkansasCa_90914a'  using regular expression

2021-11-08 13:45:12 - [MESSAGE][PASSED] - All options with value 'MD' are selected in object 'Object Repository/RAD_Pages/SAU_MDForm202F_MF_AfterJuly2021_Page/select_SelectAlabamaAlaskaArizonaArkansasCa_90914a'  using regular expression

2021-11-08 13:45:12 - [TEST_STEP][PASSED] - setText(findTestObject("Object Repository/RAD_Pages/SAU_MDForm202F_MF_AfterJuly2021_Page/input_Select a state_zipCode"), "21030"): Text '21030' is set on object 'Object Repository/RAD_Pages/SAU_MDForm202F_MF_AfterJuly2021_Page/input_Select a state_zipCode'

2021-11-08 13:45:12 - [MESSAGE][PASSED] - Text '21030' is set on object 'Object Repository/RAD_Pages/SAU_MDForm202F_MF_AfterJuly2021_Page/input_Select a state_zipCode'

2021-11-08 13:45:12 - [TEST_STEP][PASSED] - setText(findTestObject("Object Repository/RAD_Pages/SAU_MDForm202F_MF_AfterJuly2021_Page/input_Enter ZIP code_phoneNumber"), "(703) 894-5000"): Text '(703) 894-5000' is set on object 'Object Repository/RAD_Pages/SAU_MDForm202F_MF_AfterJuly2021_Page/input_Enter ZIP code_phoneNumber'

2021-11-08 13:45:13 - [MESSAGE][PASSED] - Text '(703) 894-5000' is set on object 'Object Repository/RAD_Pages/SAU_MDForm202F_MF_AfterJuly2021_Page/input_Enter ZIP code_phoneNumber'

2021-11-08 13:45:13 - [TEST_STEP][PASSED] - setText(findTestObject("Object Repository/RAD_Pages/SAU_MDForm202F_MF_AfterJuly2021_Page/input_Enter a phone number_eMailAddress"), "iahmed@govolution.com"): Text 'iahmed@govolution.com' is set on object 'Object Repository/RAD_Pages/SAU_MDForm202F_MF_AfterJuly2021_Page/input_Enter a phone number_eMailAddress'

2021-11-08 13:45:14 - [MESSAGE][PASSED] - Text 'iahmed@govolution.com' is set on object 'Object Repository/RAD_Pages/SAU_MDForm202F_MF_AfterJuly2021_Page/input_Enter a phone number_eMailAddress'

2021-11-08 13:45:14 - [TEST_STEP][PASSED] - setText(findTestObject("Object Repository/RAD_Pages/SAU_MDForm202F_MF_AfterJuly2021_Page/input_Enter Email_reEnterEMailAddress"), "iahmed@govolution.com"): Text 'iahmed@govolution.com' is set on object 'Object Repository/RAD_Pages/SAU_MDForm202F_MF_AfterJuly2021_Page/input_Enter Email_reEnterEMailAddress'

2021-11-08 13:45:15 - [MESSAGE][PASSED] - Text 'iahmed@govolution.com' is set on object 'Object Repository/RAD_Pages/SAU_MDForm202F_MF_AfterJuly2021_Page/input_Enter Email_reEnterEMailAddress'

2021-11-08 13:45:15 - [TEST_STEP][PASSED] - setEncryptedText(findTestObject("Object Repository/RAD_Pages/TaxInfo_Page/input_FederalEIN"), "0fDtEjy4ijeV75Gl5M+mSg=="): Text ****** has been set on object 'Object Repository/RAD_Pages/TaxInfo_Page/input_FederalEIN'

2021-11-08 13:45:15 - [MESSAGE][PASSED] - Text ****** has been set on object 'Object Repository/RAD_Pages/TaxInfo_Page/input_FederalEIN'

2021-11-08 13:45:15 - [TEST_STEP][PASSED] - setEncryptedText(findTestObject("Object Repository/RAD_Pages/TaxInfo_Page/input_FederalEIN_ReEnter"), "0fDtEjy4ijeV75Gl5M+mSg=="): Text ****** has been set on object 'Object Repository/RAD_Pages/TaxInfo_Page/input_FederalEIN_ReEnter'

2021-11-08 13:45:16 - [MESSAGE][PASSED] - Text ****** has been set on object 'Object Repository/RAD_Pages/TaxInfo_Page/input_FederalEIN_ReEnter'

2021-11-08 13:45:16 - [TEST_STEP][PASSED] - setText(findTestObject("Object Repository/RAD_Pages/TaxInfo_Page/input_MDCRegistration"), "07640126"): Text '07640126' is set on object 'Object Repository/RAD_Pages/TaxInfo_Page/input_MDCRegistration'

2021-11-08 13:45:17 - [MESSAGE][PASSED] - Text '07640126' is set on object 'Object Repository/RAD_Pages/TaxInfo_Page/input_MDCRegistration'

2021-11-08 13:45:17 - [TEST_STEP][PASSED] - setText(findTestObject("Object Repository/RAD_Pages/SAU_MDForm202F_MF_AfterJuly2021_Page/input__GrossSales2"), "3000.00"): Text '3000.00' is set on object 'Object Repository/RAD_Pages/SAU_MDForm202F_MF_AfterJuly2021_Page/input__GrossSales2'

2021-11-08 13:45:17 - [MESSAGE][PASSED] - Text '3000.00' is set on object 'Object Repository/RAD_Pages/SAU_MDForm202F_MF_AfterJuly2021_Page/input__GrossSales2'

2021-11-08 13:45:17 - [TEST_STEP][PASSED] - click(findTestObject("Object Repository/RAD_Pages/SAU_MDForm202F_MF_AfterJuly2021_Page/input_Sales Tax Return Information_Marketpl_2444a2")): Object: 'Object Repository/RAD_Pages/SAU_MDForm202F_MF_AfterJuly2021_Page/input_Sales Tax Return Information_Marketpl_2444a2' is clicked on

2021-11-08 13:45:18 - [MESSAGE][PASSED] - Object: 'Object Repository/RAD_Pages/SAU_MDForm202F_MF_AfterJuly2021_Page/input_Sales Tax Return Information_Marketpl_2444a2' is clicked on

2021-11-08 13:45:18 - [TEST_STEP][PASSED] - setText(findTestObject("Object Repository/RAD_Pages/SAU_MDForm202F_MF_AfterJuly2021_Page/input__FacGrossSales2"), "3000.00"): Text '3000.00' is set on object 'Object Repository/RAD_Pages/SAU_MDForm202F_MF_AfterJuly2021_Page/input__FacGrossSales2'

2021-11-08 13:45:18 - [MESSAGE][PASSED] - Text '3000.00' is set on object 'Object Repository/RAD_Pages/SAU_MDForm202F_MF_AfterJuly2021_Page/input__FacGrossSales2'

2021-11-08 13:45:18 - [TEST_STEP][PASSED] - setText(findTestObject("Object Repository/RAD_Pages/SAU_MDForm202F_MF_AfterJuly2021_Page/input__FacTaxableSales2"), "100.00"): Text '100.00' is set on object 'Object Repository/RAD_Pages/SAU_MDForm202F_MF_AfterJuly2021_Page/input__FacTaxableSales2'

2021-11-08 13:45:19 - [MESSAGE][PASSED] - Text '100.00' is set on object 'Object Repository/RAD_Pages/SAU_MDForm202F_MF_AfterJuly2021_Page/input__FacTaxableSales2'

2021-11-08 13:45:19 - [TEST_STEP][PASSED] - setText(findTestObject("Object Repository/RAD_Pages/SAU_MDForm202F_MF_AfterJuly2021_Page/input__FacSalesDigitalProduct2"), "100.00"): Text '100.00' is set on object 'Object Repository/RAD_Pages/SAU_MDForm202F_MF_AfterJuly2021_Page/input__FacSalesDigitalProduct2'

2021-11-08 13:45:20 - [MESSAGE][PASSED] - Text '100.00' is set on object 'Object Repository/RAD_Pages/SAU_MDForm202F_MF_AfterJuly2021_Page/input__FacSalesDigitalProduct2'

2021-11-08 13:45:20 - [TEST_STEP][PASSED] - setText(findTestObject("Object Repository/RAD_Pages/SAU_MDForm202F_MF_AfterJuly2021_Page/input__FacTaxableSalesESD2"), "100.00"): Text '100.00' is set on object 'Object Repository/RAD_Pages/SAU_MDForm202F_MF_AfterJuly2021_Page/input__FacTaxableSalesESD2'

2021-11-08 13:45:20 - [MESSAGE][PASSED] - Text '100.00' is set on object 'Object Repository/RAD_Pages/SAU_MDForm202F_MF_AfterJuly2021_Page/input__FacTaxableSalesESD2'

2021-11-08 13:45:20 - [TEST_STEP][PASSED] - setText(findTestObject("Object Repository/RAD_Pages/SAU_MDForm202F_MF_AfterJuly2021_Page/input__FacTaxableSalesVapingLiquid2"), "100.00"): Text '100.00' is set on object 'Object Repository/RAD_Pages/SAU_MDForm202F_MF_AfterJuly2021_Page/input__FacTaxableSalesVapingLiquid2'

2021-11-08 13:45:21 - [MESSAGE][PASSED] - Text '100.00' is set on object 'Object Repository/RAD_Pages/SAU_MDForm202F_MF_AfterJuly2021_Page/input__FacTaxableSalesVapingLiquid2'

2021-11-08 13:45:21 - [TEST_STEP][PASSED] - setText(findTestObject("Object Repository/RAD_Pages/SAU_MDForm202F_MF_AfterJuly2021_Page/input__FacCarRental2"), "100.00"): Text '100.00' is set on object 'Object Repository/RAD_Pages/SAU_MDForm202F_MF_AfterJuly2021_Page/input__FacCarRental2'

2021-11-08 13:45:22 - [MESSAGE][PASSED] - Text '100.00' is set on object 'Object Repository/RAD_Pages/SAU_MDForm202F_MF_AfterJuly2021_Page/input__FacCarRental2'

2021-11-08 13:45:22 - [TEST_STEP][PASSED] - setText(findTestObject("Object Repository/RAD_Pages/SAU_MDForm202F_MF_AfterJuly2021_Page/input__FacTruckRental2"), "100.00"): Text '100.00' is set on object 'Object Repository/RAD_Pages/SAU_MDForm202F_MF_AfterJuly2021_Page/input__FacTruckRental2'

2021-11-08 13:45:23 - [MESSAGE][PASSED] - Text '100.00' is set on object 'Object Repository/RAD_Pages/SAU_MDForm202F_MF_AfterJuly2021_Page/input__FacTruckRental2'

2021-11-08 13:45:23 - [TEST_STEP][PASSED] - setText(findTestObject("Object Repository/RAD_Pages/SAU_MDForm202F_MF_AfterJuly2021_Page/input__FacAlcoholSales2"), "100.00"): Text '100.00' is set on object 'Object Repository/RAD_Pages/SAU_MDForm202F_MF_AfterJuly2021_Page/input__FacAlcoholSales2'

2021-11-08 13:45:23 - [MESSAGE][PASSED] - Text '100.00' is set on object 'Object Repository/RAD_Pages/SAU_MDForm202F_MF_AfterJuly2021_Page/input__FacAlcoholSales2'

2021-11-08 13:45:23 - [TEST_STEP][PASSED] - setText(findTestObject("Object Repository/RAD_Pages/SAU_MDForm202F_MF_AfterJuly2021_Page/input__GrossSales2"), "3000.00"): Text '3000.00' is set on object 'Object Repository/RAD_Pages/SAU_MDForm202F_MF_AfterJuly2021_Page/input__GrossSales2'

2021-11-08 13:45:24 - [MESSAGE][PASSED] - Text '3000.00' is set on object 'Object Repository/RAD_Pages/SAU_MDForm202F_MF_AfterJuly2021_Page/input__GrossSales2'

2021-11-08 13:45:24 - [TEST_STEP][PASSED] - setText(findTestObject("Object Repository/RAD_Pages/SAU_MDForm202F_MF_AfterJuly2021_Page/input__TaxableSales2"), "100.00"): Text '100.00' is set on object 'Object Repository/RAD_Pages/SAU_MDForm202F_MF_AfterJuly2021_Page/input__TaxableSales2'

2021-11-08 13:45:25 - [MESSAGE][PASSED] - Text '100.00' is set on object 'Object Repository/RAD_Pages/SAU_MDForm202F_MF_AfterJuly2021_Page/input__TaxableSales2'

2021-11-08 13:45:25 - [TEST_STEP][PASSED] - setText(findTestObject("Object Repository/RAD_Pages/SAU_MDForm202F_MF_AfterJuly2021_Page/input__TaxableSalesDigitalProduct2"), "100.00"): Text '100.00' is set on object 'Object Repository/RAD_Pages/SAU_MDForm202F_MF_AfterJuly2021_Page/input__TaxableSalesDigitalProduct2'

2021-11-08 13:45:25 - [MESSAGE][PASSED] - Text '100.00' is set on object 'Object Repository/RAD_Pages/SAU_MDForm202F_MF_AfterJuly2021_Page/input__TaxableSalesDigitalProduct2'

2021-11-08 13:45:25 - [TEST_STEP][PASSED] - setText(findTestObject("Object Repository/RAD_Pages/SAU_MDForm202F_MF_AfterJuly2021_Page/input__TaxableSalesESD2"), "100.00"): Text '100.00' is set on object 'Object Repository/RAD_Pages/SAU_MDForm202F_MF_AfterJuly2021_Page/input__TaxableSalesESD2'

2021-11-08 13:45:26 - [MESSAGE][PASSED] - Text '100.00' is set on object 'Object Repository/RAD_Pages/SAU_MDForm202F_MF_AfterJuly2021_Page/input__TaxableSalesESD2'

2021-11-08 13:45:26 - [TEST_STEP][PASSED] - setText(findTestObject("Object Repository/RAD_Pages/SAU_MDForm202F_MF_AfterJuly2021_Page/input__TaxableSalesVapingLiquid2"), "100.00"): Text '100.00' is set on object 'Object Repository/RAD_Pages/SAU_MDForm202F_MF_AfterJuly2021_Page/input__TaxableSalesVapingLiquid2'

2021-11-08 13:45:27 - [MESSAGE][PASSED] - Text '100.00' is set on object 'Object Repository/RAD_Pages/SAU_MDForm202F_MF_AfterJuly2021_Page/input__TaxableSalesVapingLiquid2'

2021-11-08 13:45:27 - [TEST_STEP][PASSED] - setText(findTestObject("Object Repository/RAD_Pages/SAU_MDForm202F_MF_AfterJuly2021_Page/input__CarRental2"), "100.00"): Text '100.00' is set on object 'Object Repository/RAD_Pages/SAU_MDForm202F_MF_AfterJuly2021_Page/input__CarRental2'

2021-11-08 13:45:27 - [MESSAGE][PASSED] - Text '100.00' is set on object 'Object Repository/RAD_Pages/SAU_MDForm202F_MF_AfterJuly2021_Page/input__CarRental2'

2021-11-08 13:45:27 - [TEST_STEP][PASSED] - setText(findTestObject("Object Repository/RAD_Pages/SAU_MDForm202F_MF_AfterJuly2021_Page/input__TruckRental2"), "100.00"): Text '100.00' is set on object 'Object Repository/RAD_Pages/SAU_MDForm202F_MF_AfterJuly2021_Page/input__TruckRental2'

2021-11-08 13:45:28 - [MESSAGE][PASSED] - Text '100.00' is set on object 'Object Repository/RAD_Pages/SAU_MDForm202F_MF_AfterJuly2021_Page/input__TruckRental2'

2021-11-08 13:45:28 - [TEST_STEP][PASSED] - setText(findTestObject("Object Repository/RAD_Pages/SAU_MDForm202F_MF_AfterJuly2021_Page/input__AlcoholSales2"), "100.00"): Text '100.00' is set on object 'Object Repository/RAD_Pages/SAU_MDForm202F_MF_AfterJuly2021_Page/input__AlcoholSales2'

2021-11-08 13:45:29 - [MESSAGE][PASSED] - Text '100.00' is set on object 'Object Repository/RAD_Pages/SAU_MDForm202F_MF_AfterJuly2021_Page/input__AlcoholSales2'

2021-11-08 13:45:29 - [TEST_STEP][PASSED] - setText(findTestObject("Object Repository/RAD_Pages/SAU_MDForm202F_MF_AfterJuly2021_Page/input__Purchases2"), "100.00"): Text '100.00' is set on object 'Object Repository/RAD_Pages/SAU_MDForm202F_MF_AfterJuly2021_Page/input__Purchases2'

2021-11-08 13:45:30 - [MESSAGE][PASSED] - Text '100.00' is set on object 'Object Repository/RAD_Pages/SAU_MDForm202F_MF_AfterJuly2021_Page/input__Purchases2'

2021-11-08 13:45:30 - [TEST_STEP][PASSED] - setText(findTestObject("Object Repository/RAD_Pages/SAU_MDForm202F_MF_AfterJuly2021_Page/input__TruckRentalPurchases2"), "100.00"): Text '100.00' is set on object 'Object Repository/RAD_Pages/SAU_MDForm202F_MF_AfterJuly2021_Page/input__TruckRentalPurchases2'

2021-11-08 13:45:30 - [MESSAGE][PASSED] - Text '100.00' is set on object 'Object Repository/RAD_Pages/SAU_MDForm202F_MF_AfterJuly2021_Page/input__TruckRentalPurchases2'

2021-11-08 13:45:30 - [TEST_STEP][PASSED] - setText(findTestObject("Object Repository/RAD_Pages/SAU_MDForm202F_MF_AfterJuly2021_Page/input__AlcoholPurchases2"), "100.00"): Text '100.00' is set on object 'Object Repository/RAD_Pages/SAU_MDForm202F_MF_AfterJuly2021_Page/input__AlcoholPurchases2'

2021-11-08 13:45:31 - [MESSAGE][PASSED] - Text '100.00' is set on object 'Object Repository/RAD_Pages/SAU_MDForm202F_MF_AfterJuly2021_Page/input__AlcoholPurchases2'

2021-11-08 13:45:31 - [TEST_STEP][PASSED] - setText(findTestObject("Object Repository/RAD_Pages/SAU_MDForm202F_MF_AfterJuly2021_Page/input__CarRentalPurchases2"), "100.00"): Text '100.00' is set on object 'Object Repository/RAD_Pages/SAU_MDForm202F_MF_AfterJuly2021_Page/input__CarRentalPurchases2'

2021-11-08 13:45:32 - [MESSAGE][PASSED] - Text '100.00' is set on object 'Object Repository/RAD_Pages/SAU_MDForm202F_MF_AfterJuly2021_Page/input__CarRentalPurchases2'

2021-11-08 13:45:32 - [TEST_STEP][PASSED] - setText(findTestObject("Object Repository/RAD_Pages/SAU_MDForm202F_MF_AfterJuly2021_Page/input__ESDPurchases2"), "100.00"): Text '100.00' is set on object 'Object Repository/RAD_Pages/SAU_MDForm202F_MF_AfterJuly2021_Page/input__ESDPurchases2'

2021-11-08 13:45:32 - [MESSAGE][PASSED] - Text '100.00' is set on object 'Object Repository/RAD_Pages/SAU_MDForm202F_MF_AfterJuly2021_Page/input__ESDPurchases2'

2021-11-08 13:45:32 - [TEST_STEP][PASSED] - setText(findTestObject("Object Repository/RAD_Pages/SAU_MDForm202F_MF_AfterJuly2021_Page/input__VapingLiquidPurchases2"), "100.00"): Text '100.00' is set on object 'Object Repository/RAD_Pages/SAU_MDForm202F_MF_AfterJuly2021_Page/input__VapingLiquidPurchases2'

2021-11-08 13:45:33 - [MESSAGE][PASSED] - Text '100.00' is set on object 'Object Repository/RAD_Pages/SAU_MDForm202F_MF_AfterJuly2021_Page/input__VapingLiquidPurchases2'

2021-11-08 13:45:33 - [TEST_STEP][PASSED] - setText(findTestObject("Object Repository/RAD_Pages/SAU_MDForm202F_MF_AfterJuly2021_Page/input__Refund2"), "100.00"): Text '100.00' is set on object 'Object Repository/RAD_Pages/SAU_MDForm202F_MF_AfterJuly2021_Page/input__Refund2'

2021-11-08 13:45:34 - [MESSAGE][PASSED] - Text '100.00' is set on object 'Object Repository/RAD_Pages/SAU_MDForm202F_MF_AfterJuly2021_Page/input__Refund2'

2021-11-08 13:45:34 - [TEST_STEP][PASSED] - setText(findTestObject("Object Repository/RAD_Pages/SAU_MDForm202F_MF_AfterJuly2021_Page/input__E911Fee2"), "95.00"): Text '95.00' is set on object 'Object Repository/RAD_Pages/SAU_MDForm202F_MF_AfterJuly2021_Page/input__E911Fee2'

2021-11-08 13:45:35 - [MESSAGE][PASSED] - Text '95.00' is set on object 'Object Repository/RAD_Pages/SAU_MDForm202F_MF_AfterJuly2021_Page/input__E911Fee2'

2021-11-08 13:45:35 - [TEST_STEP][PASSED] - scrollToElement(findTestObject("Object Repository/RAD_Pages/SAU_MDForm202_Page/button_Continue"), 3): Scroll to object 'Object Repository/RAD_Pages/SAU_MDForm202_Page/button_Continue' successfully

2021-11-08 13:45:35 - [MESSAGE][PASSED] - Scroll to object 'Object Repository/RAD_Pages/SAU_MDForm202_Page/button_Continue' successfully

2021-11-08 13:45:35 - [TEST_STEP][PASSED] - waitForElementClickable(findTestObject("Object Repository/RAD_Pages/SAU_MDForm202_Page/button_Continue"), 5): Object 'Object Repository/RAD_Pages/SAU_MDForm202_Page/button_Continue' is clickable

2021-11-08 13:45:35 - [MESSAGE][PASSED] - Object 'Object Repository/RAD_Pages/SAU_MDForm202_Page/button_Continue' is clickable

2021-11-08 13:45:35 - [TEST_STEP][PASSED] - click(findTestObject("Object Repository/RAD_Pages/SAU_MDForm202_Page/button_Continue")): Object: 'Object Repository/RAD_Pages/SAU_MDForm202_Page/button_Continue' is clicked on

2021-11-08 13:45:36 - [MESSAGE][PASSED] - Object: 'Object Repository/RAD_Pages/SAU_MDForm202_Page/button_Continue' is clicked on

2021-11-08 13:45:36 - [TEST_STEP][PASSED] - click(findTestObject("Object Repository/RAD_Pages/SAU_MDForm202_Page/button_Proceed to Payment")): Object: 'Object Repository/RAD_Pages/SAU_MDForm202_Page/button_Proceed to Payment' is clicked on

2021-11-08 13:45:40 - [MESSAGE][PASSED] - Object: 'Object Repository/RAD_Pages/SAU_MDForm202_Page/button_Proceed to Payment' is clicked on

2021-11-08 13:45:40 - [TEST_STEP][PASSED] - setText(findTestObject("Object Repository/RAD_Pages/SAU_MDForm202F_MF_AfterJuly2021_Page/input__cardNumber"), "4111111111111111"): Text '4111111111111111' is set on object 'Object Repository/RAD_Pages/SAU_MDForm202F_MF_AfterJuly2021_Page/input__cardNumber'

2021-11-08 13:45:41 - [MESSAGE][PASSED] - Text '4111111111111111' is set on object 'Object Repository/RAD_Pages/SAU_MDForm202F_MF_AfterJuly2021_Page/input__cardNumber'

2021-11-08 13:45:41 - [TEST_STEP][PASSED] - setText(findTestObject("Object Repository/RAD_Pages/SAU_MDForm202F_MF_AfterJuly2021_Page/input__spc"), "123"): Text '123' is set on object 'Object Repository/RAD_Pages/SAU_MDForm202F_MF_AfterJuly2021_Page/input__spc'

2021-11-08 13:45:41 - [MESSAGE][PASSED] - Text '123' is set on object 'Object Repository/RAD_Pages/SAU_MDForm202F_MF_AfterJuly2021_Page/input__spc'

2021-11-08 13:45:41 - [TEST_STEP][PASSED] - selectOptionByValue(findTestObject("Object Repository/RAD_Pages/SAU_MDForm202F_MF_AfterJuly2021_Page/select_MM010203040506070809101112"), "4", true): All options with value '4' are selected in object 'Object Repository/RAD_Pages/SAU_MDForm202F_MF_AfterJuly2021_Page/select_MM010203040506070809101112'  using regular expression

2021-11-08 13:45:42 - [MESSAGE][PASSED] - All options with value '4' are selected in object 'Object Repository/RAD_Pages/SAU_MDForm202F_MF_AfterJuly2021_Page/select_MM010203040506070809101112'  using regular expression

2021-11-08 13:45:42 - [TEST_STEP][PASSED] - selectOptionByValue(findTestObject("Object Repository/RAD_Pages/SAU_MDForm202F_MF_AfterJuly2021_Page/select_YYYY20212022202320242025202620272028_8c4dd4"), "2027", true): All options with value '2027' are selected in object 'Object Repository/RAD_Pages/SAU_MDForm202F_MF_AfterJuly2021_Page/select_YYYY20212022202320242025202620272028_8c4dd4'  using regular expression

2021-11-08 13:45:43 - [MESSAGE][PASSED] - All options with value '2027' are selected in object 'Object Repository/RAD_Pages/SAU_MDForm202F_MF_AfterJuly2021_Page/select_YYYY20212022202320242025202620272028_8c4dd4'  using regular expression

2021-11-08 13:45:43 - [TEST_STEP][PASSED] - click(findTestObject("Object Repository/RAD_Pages/SAU_MDForm202F_MF_AfterJuly2021_Page/input_BillInvoice Details_ccSubmit")): Object: 'Object Repository/RAD_Pages/SAU_MDForm202F_MF_AfterJuly2021_Page/input_BillInvoice Details_ccSubmit' is clicked on

2021-11-08 13:45:44 - [MESSAGE][PASSED] - Object: 'Object Repository/RAD_Pages/SAU_MDForm202F_MF_AfterJuly2021_Page/input_BillInvoice Details_ccSubmit' is clicked on

2021-11-08 13:45:44 - [TEST_STEP][PASSED] - click(findTestObject("Object Repository/RAD_Pages/SAU_MDForm202F_MF_AfterJuly2021_Page/input_275.75_confirmNotifyAction")): Object: 'Object Repository/RAD_Pages/SAU_MDForm202F_MF_AfterJuly2021_Page/input_275.75_confirmNotifyAction' is clicked on

2021-11-08 13:45:46 - [MESSAGE][PASSED] - Object: 'Object Repository/RAD_Pages/SAU_MDForm202F_MF_AfterJuly2021_Page/input_275.75_confirmNotifyAction' is clicked on

2021-11-08 13:45:46 - [TEST_STEP][PASSED] - click(findTestObject("Object Repository/RAD_Pages/SAU_MDForm202F_MF_AfterJuly2021_Page/input_282.51_convFeeNotifyAction")): Object: 'Object Repository/RAD_Pages/SAU_MDForm202F_MF_AfterJuly2021_Page/input_282.51_convFeeNotifyAction' is clicked on

2021-11-08 13:45:47 - [MESSAGE][PASSED] - Object: 'Object Repository/RAD_Pages/SAU_MDForm202F_MF_AfterJuly2021_Page/input_282.51_convFeeNotifyAction' is clicked on

2021-11-08 13:45:47 - [TEST_STEP][PASSED] - delay(10): Delayed 10 second(s)

2021-11-08 13:45:57 - [MESSAGE][PASSED] - Delayed 10 second(s)

2021-11-08 13:45:57 - [TEST_STEP][PASSED] - verifyTextPresent("Successful Payment Receipt", true): Text 'Successful Payment Receipt' is present on page  using regular expression

2021-11-08 13:45:57 - [MESSAGE][PASSED] - Text 'Successful Payment Receipt' is present on page  using regular expression

2021-11-08 13:45:57 - [TEST_STEP][PASSED] - closeBrowser(): Browser is closed

2021-11-08 13:45:58 - [MESSAGE][PASSED] - Browser is closed]]></system-out>
         <system-err><![CDATA[]]></system-err>
      </testcase>
      <testcase name="Test Cases/RAD_TestCases/PaymentsHardCoded/SAU_MDForm202F_BeforeJuly2021_MarketplaceFacilitator_HC_TC" time="115.356" classname="Test Cases/RAD_TestCases/PaymentsHardCoded/SAU_MDForm202F_BeforeJuly2021_MarketplaceFacilitator_HC_TC" status="PASSED">
         <system-out><![CDATA[2021-11-08 13:45:58 - [TEST_CASE][PASSED] - Test Cases/RAD_TestCases/PaymentsHardCoded/SAU_MDForm202F_BeforeJuly2021_MarketplaceFacilitator_HC_TC: Test Cases/RAD_TestCases/PaymentsHardCoded/SAU_MDForm202F_BeforeJuly2021_MarketplaceFacilitator_HC_TC

2021-11-08 13:45:59 - [TEST_STEP][PASSED] - openBrowser(""): Browser is opened with url: ''

2021-11-08 13:45:59 - [MESSAGE][INFO] - Starting 'Chrome' driver

2021-11-08 13:45:59 - [MESSAGE][INFO] - User set preference: ['acceptInsecureCerts', 'true']

2021-11-08 13:45:59 - [MESSAGE][INFO] - Action delay is set to 0 milliseconds

2021-11-08 13:46:00 - [MESSAGE][PASSED] - Browser is opened with url: ''

2021-11-08 13:46:00 - [TEST_STEP][PASSED] - navigateToUrl("https://qa.velocitypayment.com/client/rad/index.html"): Navigate to 'https://qa.velocitypayment.com/client/rad/index.html' successfully

2021-11-08 13:46:02 - [MESSAGE][PASSED] - Navigate to 'https://qa.velocitypayment.com/client/rad/index.html' successfully

2021-11-08 13:46:02 - [TEST_STEP][PASSED] - selectOptionByValue(findTestObject("Object Repository/RAD_Pages/SAU_MDForm202F_MF_BeforeJuly2021_Page/select_Select    Estimated Tax    Personal _7587a1"), "5", true): All options with value '5' are selected in object 'Object Repository/RAD_Pages/SAU_MDForm202F_MF_BeforeJuly2021_Page/select_Select    Estimated Tax    Personal _7587a1'  using regular expression

2021-11-08 13:46:03 - [MESSAGE][PASSED] - All options with value '5' are selected in object 'Object Repository/RAD_Pages/SAU_MDForm202F_MF_BeforeJuly2021_Page/select_Select    Estimated Tax    Personal _7587a1'  using regular expression

2021-11-08 13:46:03 - [TEST_STEP][PASSED] - selectOptionByValue(findTestObject("Object Repository/RAD_Pages/SAU_MDForm202F_MF_BeforeJuly2021_Page/select_Select202220212020"), "2021", true): All options with value '2021' are selected in object 'Object Repository/RAD_Pages/SAU_MDForm202F_MF_BeforeJuly2021_Page/select_Select202220212020'  using regular expression

2021-11-08 13:46:35 - [MESSAGE][INFO] - Unable to find the element located by 'By.xpath: //*[@id = 'taxYear' and @name = 'taxYear' and (text() = 'Select202220212020' or . = 'Select202220212020')]'. Please recheck the objects properties to make sure the desired element is located. 

2021-11-08 13:46:35 - [MESSAGE][WARNING] - [SELF-HEALING] Failed to find element with id 'Object Repository/RAD_Pages/SAU_MDForm202F_MF_BeforeJuly2021_Page/select_Select202220212020'. Try using Self-healing.

2021-11-08 13:46:35 - [MESSAGE][INFO] - [SELF-HEALING] Screenshot: E:/Cloned-Project-Katalon/VPS-Katalon/Reports/Self-healing/Object Repository/RAD_Pages/SAU_MDForm202F_MF_BeforeJuly2021_Page/select_Select202220212020_XPATH.png

2021-11-08 13:46:35 - [MESSAGE][WARNING] - [SELF-HEALING] The current locator of test object 'Object Repository/RAD_Pages/SAU_MDForm202F_MF_BeforeJuly2021_Page/select_Select202220212020' was broken. Propose an alternative one: '//select[@id='taxYear']'.

2021-11-08 13:46:36 - [MESSAGE][PASSED] - All options with value '2021' are selected in object 'Object Repository/RAD_Pages/SAU_MDForm202F_MF_BeforeJuly2021_Page/select_Select202220212020'  using regular expression

2021-11-08 13:46:36 - [TEST_STEP][PASSED] - selectOptionByValue(findTestObject("Object Repository/RAD_Pages/SAU_MDForm202F_MF_BeforeJuly2021_Page/select_MonthJanuaryFebruaryMarchAprilMayJun_aa9ebb"), "01", true): All options with value '01' are selected in object 'Object Repository/RAD_Pages/SAU_MDForm202F_MF_BeforeJuly2021_Page/select_MonthJanuaryFebruaryMarchAprilMayJun_aa9ebb'  using regular expression

2021-11-08 13:47:07 - [MESSAGE][INFO] - Unable to find the element located by 'By.xpath: //*[@id = 'salesUseMonth' and @name = 'salesUseMonth' and (text() = '
										    Month
											January
											February
											March
											April
											May
											June
											July
											August
											September
											October
											November
											December
										  ' or . = '
										    Month
											January
											February
											March
											April
											May
											June
											July
											August
											September
											October
											November
											December
										  ')]'. Please recheck the objects properties to make sure the desired element is located. 

2021-11-08 13:47:07 - [MESSAGE][WARNING] - [SELF-HEALING] Failed to find element with id 'Object Repository/RAD_Pages/SAU_MDForm202F_MF_BeforeJuly2021_Page/select_MonthJanuaryFebruaryMarchAprilMayJun_aa9ebb'. Try using Self-healing.

2021-11-08 13:47:07 - [MESSAGE][INFO] - [SELF-HEALING] Screenshot: E:/Cloned-Project-Katalon/VPS-Katalon/Reports/Self-healing/Object Repository/RAD_Pages/SAU_MDForm202F_MF_BeforeJuly2021_Page/select_MonthJanuaryFebruaryMarchAprilMayJun_aa9ebb_XPATH.png

2021-11-08 13:47:07 - [MESSAGE][WARNING] - [SELF-HEALING] The current locator of test object 'Object Repository/RAD_Pages/SAU_MDForm202F_MF_BeforeJuly2021_Page/select_MonthJanuaryFebruaryMarchAprilMayJun_aa9ebb' was broken. Propose an alternative one: '//select[@id='salesUseMonth']'.

2021-11-08 13:47:08 - [MESSAGE][PASSED] - All options with value '01' are selected in object 'Object Repository/RAD_Pages/SAU_MDForm202F_MF_BeforeJuly2021_Page/select_MonthJanuaryFebruaryMarchAprilMayJun_aa9ebb'  using regular expression

2021-11-08 13:47:08 - [TEST_STEP][PASSED] - setText(findTestObject("Object Repository/RAD_Pages/SAU_MDForm202F_MF_BeforeJuly2021_Page/input_Note_businessName"), "Barista Foundry"): Text 'Barista Foundry' is set on object 'Object Repository/RAD_Pages/SAU_MDForm202F_MF_BeforeJuly2021_Page/input_Note_businessName'

2021-11-08 13:47:09 - [MESSAGE][PASSED] - Text 'Barista Foundry' is set on object 'Object Repository/RAD_Pages/SAU_MDForm202F_MF_BeforeJuly2021_Page/input_Note_businessName'

2021-11-08 13:47:09 - [TEST_STEP][PASSED] - setText(findTestObject("Object Repository/RAD_Pages/SAU_MDForm202F_MF_BeforeJuly2021_Page/input_Enter business name_firstName"), "Eoin"): Text 'Eoin' is set on object 'Object Repository/RAD_Pages/SAU_MDForm202F_MF_BeforeJuly2021_Page/input_Enter business name_firstName'

2021-11-08 13:47:10 - [MESSAGE][PASSED] - Text 'Eoin' is set on object 'Object Repository/RAD_Pages/SAU_MDForm202F_MF_BeforeJuly2021_Page/input_Enter business name_firstName'

2021-11-08 13:47:10 - [TEST_STEP][PASSED] - setText(findTestObject("Object Repository/RAD_Pages/SAU_MDForm202F_MF_BeforeJuly2021_Page/input_Middle Name_lastName"), "Morgan"): Text 'Morgan' is set on object 'Object Repository/RAD_Pages/SAU_MDForm202F_MF_BeforeJuly2021_Page/input_Middle Name_lastName'

2021-11-08 13:47:10 - [MESSAGE][PASSED] - Text 'Morgan' is set on object 'Object Repository/RAD_Pages/SAU_MDForm202F_MF_BeforeJuly2021_Page/input_Middle Name_lastName'

2021-11-08 13:47:10 - [TEST_STEP][PASSED] - setText(findTestObject("Object Repository/RAD_Pages/SAU_MDForm202F_MF_BeforeJuly2021_Page/input_Select a country_streetAddress1"), "145 King street"): Text '145 King street' is set on object 'Object Repository/RAD_Pages/SAU_MDForm202F_MF_BeforeJuly2021_Page/input_Select a country_streetAddress1'

2021-11-08 13:47:11 - [MESSAGE][PASSED] - Text '145 King street' is set on object 'Object Repository/RAD_Pages/SAU_MDForm202F_MF_BeforeJuly2021_Page/input_Select a country_streetAddress1'

2021-11-08 13:47:11 - [TEST_STEP][PASSED] - setText(findTestObject("Object Repository/RAD_Pages/SAU_MDForm202F_MF_BeforeJuly2021_Page/input_Street Address 2_city"), "severn"): Text 'severn' is set on object 'Object Repository/RAD_Pages/SAU_MDForm202F_MF_BeforeJuly2021_Page/input_Street Address 2_city'

2021-11-08 13:47:12 - [MESSAGE][PASSED] - Text 'severn' is set on object 'Object Repository/RAD_Pages/SAU_MDForm202F_MF_BeforeJuly2021_Page/input_Street Address 2_city'

2021-11-08 13:47:12 - [TEST_STEP][PASSED] - selectOptionByValue(findTestObject("Object Repository/RAD_Pages/SAU_MDForm202F_MF_BeforeJuly2021_Page/select_SelectAlabamaAlaskaArizonaArkansasCa_90914a"), "MD", true): All options with value 'MD' are selected in object 'Object Repository/RAD_Pages/SAU_MDForm202F_MF_BeforeJuly2021_Page/select_SelectAlabamaAlaskaArizonaArkansasCa_90914a'  using regular expression

2021-11-08 13:47:13 - [MESSAGE][PASSED] - All options with value 'MD' are selected in object 'Object Repository/RAD_Pages/SAU_MDForm202F_MF_BeforeJuly2021_Page/select_SelectAlabamaAlaskaArizonaArkansasCa_90914a'  using regular expression

2021-11-08 13:47:13 - [TEST_STEP][PASSED] - setText(findTestObject("Object Repository/RAD_Pages/SAU_MDForm202F_MF_BeforeJuly2021_Page/input_Select a state_zipCode"), "21114"): Text '21114' is set on object 'Object Repository/RAD_Pages/SAU_MDForm202F_MF_BeforeJuly2021_Page/input_Select a state_zipCode'

2021-11-08 13:47:14 - [MESSAGE][PASSED] - Text '21114' is set on object 'Object Repository/RAD_Pages/SAU_MDForm202F_MF_BeforeJuly2021_Page/input_Select a state_zipCode'

2021-11-08 13:47:14 - [TEST_STEP][PASSED] - setText(findTestObject("Object Repository/RAD_Pages/SAU_MDForm202F_MF_BeforeJuly2021_Page/input_Select a state_zipCode"), "20720"): Text '20720' is set on object 'Object Repository/RAD_Pages/SAU_MDForm202F_MF_BeforeJuly2021_Page/input_Select a state_zipCode'

2021-11-08 13:47:15 - [MESSAGE][PASSED] - Text '20720' is set on object 'Object Repository/RAD_Pages/SAU_MDForm202F_MF_BeforeJuly2021_Page/input_Select a state_zipCode'

2021-11-08 13:47:15 - [TEST_STEP][PASSED] - setText(findTestObject("Object Repository/RAD_Pages/SAU_MDForm202F_MF_BeforeJuly2021_Page/input_Enter ZIP code_phoneNumber"), "(703) 894-5000"): Text '(703) 894-5000' is set on object 'Object Repository/RAD_Pages/SAU_MDForm202F_MF_BeforeJuly2021_Page/input_Enter ZIP code_phoneNumber'

2021-11-08 13:47:16 - [MESSAGE][PASSED] - Text '(703) 894-5000' is set on object 'Object Repository/RAD_Pages/SAU_MDForm202F_MF_BeforeJuly2021_Page/input_Enter ZIP code_phoneNumber'

2021-11-08 13:47:16 - [TEST_STEP][PASSED] - setText(findTestObject("Object Repository/RAD_Pages/SAU_MDForm202F_MF_BeforeJuly2021_Page/input_Enter a phone number_eMailAddress"), "iahmed@govolution.com"): Text 'iahmed@govolution.com' is set on object 'Object Repository/RAD_Pages/SAU_MDForm202F_MF_BeforeJuly2021_Page/input_Enter a phone number_eMailAddress'

2021-11-08 13:47:16 - [MESSAGE][PASSED] - Text 'iahmed@govolution.com' is set on object 'Object Repository/RAD_Pages/SAU_MDForm202F_MF_BeforeJuly2021_Page/input_Enter a phone number_eMailAddress'

2021-11-08 13:47:16 - [TEST_STEP][PASSED] - setText(findTestObject("Object Repository/RAD_Pages/SAU_MDForm202F_MF_BeforeJuly2021_Page/input_Enter Email_reEnterEMailAddress"), "iahmed@govolution.com"): Text 'iahmed@govolution.com' is set on object 'Object Repository/RAD_Pages/SAU_MDForm202F_MF_BeforeJuly2021_Page/input_Enter Email_reEnterEMailAddress'

2021-11-08 13:47:17 - [MESSAGE][PASSED] - Text 'iahmed@govolution.com' is set on object 'Object Repository/RAD_Pages/SAU_MDForm202F_MF_BeforeJuly2021_Page/input_Enter Email_reEnterEMailAddress'

2021-11-08 13:47:17 - [TEST_STEP][PASSED] - setEncryptedText(findTestObject("Object Repository/RAD_Pages/TaxInfo_Page/input_FederalEIN"), "0fDtEjy4ijeV75Gl5M+mSg=="): Text ****** has been set on object 'Object Repository/RAD_Pages/TaxInfo_Page/input_FederalEIN'

2021-11-08 13:47:18 - [MESSAGE][PASSED] - Text ****** has been set on object 'Object Repository/RAD_Pages/TaxInfo_Page/input_FederalEIN'

2021-11-08 13:47:18 - [TEST_STEP][PASSED] - setEncryptedText(findTestObject("Object Repository/RAD_Pages/TaxInfo_Page/input_FederalEIN_ReEnter"), "0fDtEjy4ijeV75Gl5M+mSg=="): Text ****** has been set on object 'Object Repository/RAD_Pages/TaxInfo_Page/input_FederalEIN_ReEnter'

2021-11-08 13:47:18 - [MESSAGE][PASSED] - Text ****** has been set on object 'Object Repository/RAD_Pages/TaxInfo_Page/input_FederalEIN_ReEnter'

2021-11-08 13:47:18 - [TEST_STEP][PASSED] - setText(findTestObject("Object Repository/RAD_Pages/TaxInfo_Page/input_MDCRegistration"), "07640126"): Text '07640126' is set on object 'Object Repository/RAD_Pages/TaxInfo_Page/input_MDCRegistration'

2021-11-08 13:47:19 - [MESSAGE][PASSED] - Text '07640126' is set on object 'Object Repository/RAD_Pages/TaxInfo_Page/input_MDCRegistration'

2021-11-08 13:47:19 - [TEST_STEP][PASSED] - setText(findTestObject("Object Repository/RAD_Pages/SAU_MDForm202F_MF_BeforeJuly2021_Page/input__GrossSales1"), "1000.00"): Text '1000.00' is set on object 'Object Repository/RAD_Pages/SAU_MDForm202F_MF_BeforeJuly2021_Page/input__GrossSales1'

2021-11-08 13:47:20 - [MESSAGE][PASSED] - Text '1000.00' is set on object 'Object Repository/RAD_Pages/SAU_MDForm202F_MF_BeforeJuly2021_Page/input__GrossSales1'

2021-11-08 13:47:20 - [TEST_STEP][PASSED] - click(findTestObject("Object Repository/RAD_Pages/SAU_MDForm202F_MF_BeforeJuly2021_Page/input_MarketplaceFacilitator_ChkBox")): Object: 'Object Repository/RAD_Pages/SAU_MDForm202F_MF_BeforeJuly2021_Page/input_MarketplaceFacilitator_ChkBox' is clicked on

2021-11-08 13:47:20 - [MESSAGE][PASSED] - Object: 'Object Repository/RAD_Pages/SAU_MDForm202F_MF_BeforeJuly2021_Page/input_MarketplaceFacilitator_ChkBox' is clicked on

2021-11-08 13:47:20 - [TEST_STEP][PASSED] - setText(findTestObject("Object Repository/RAD_Pages/SAU_MDForm202F_MF_BeforeJuly2021_Page/input__FacGrossSales1"), "3000.00"): Text '3000.00' is set on object 'Object Repository/RAD_Pages/SAU_MDForm202F_MF_BeforeJuly2021_Page/input__FacGrossSales1'

2021-11-08 13:47:21 - [MESSAGE][PASSED] - Text '3000.00' is set on object 'Object Repository/RAD_Pages/SAU_MDForm202F_MF_BeforeJuly2021_Page/input__FacGrossSales1'

2021-11-08 13:47:21 - [TEST_STEP][PASSED] - setText(findTestObject("Object Repository/RAD_Pages/SAU_MDForm202F_MF_BeforeJuly2021_Page/input__FacTaxableSales1"), "100.00"): Text '100.00' is set on object 'Object Repository/RAD_Pages/SAU_MDForm202F_MF_BeforeJuly2021_Page/input__FacTaxableSales1'

2021-11-08 13:47:22 - [MESSAGE][PASSED] - Text '100.00' is set on object 'Object Repository/RAD_Pages/SAU_MDForm202F_MF_BeforeJuly2021_Page/input__FacTaxableSales1'

2021-11-08 13:47:22 - [TEST_STEP][PASSED] - setText(findTestObject("Object Repository/RAD_Pages/SAU_MDForm202F_MF_BeforeJuly2021_Page/input__FacCarRental1"), "100.00"): Text '100.00' is set on object 'Object Repository/RAD_Pages/SAU_MDForm202F_MF_BeforeJuly2021_Page/input__FacCarRental1'

2021-11-08 13:47:23 - [MESSAGE][PASSED] - Text '100.00' is set on object 'Object Repository/RAD_Pages/SAU_MDForm202F_MF_BeforeJuly2021_Page/input__FacCarRental1'

2021-11-08 13:47:23 - [TEST_STEP][PASSED] - setText(findTestObject("Object Repository/RAD_Pages/SAU_MDForm202F_MF_BeforeJuly2021_Page/input__FacTruckRental1"), "100.00"): Text '100.00' is set on object 'Object Repository/RAD_Pages/SAU_MDForm202F_MF_BeforeJuly2021_Page/input__FacTruckRental1'

2021-11-08 13:47:23 - [MESSAGE][PASSED] - Text '100.00' is set on object 'Object Repository/RAD_Pages/SAU_MDForm202F_MF_BeforeJuly2021_Page/input__FacTruckRental1'

2021-11-08 13:47:23 - [TEST_STEP][PASSED] - setText(findTestObject("Object Repository/RAD_Pages/SAU_MDForm202F_MF_BeforeJuly2021_Page/input__FacAlcoholSales1"), "100.00"): Text '100.00' is set on object 'Object Repository/RAD_Pages/SAU_MDForm202F_MF_BeforeJuly2021_Page/input__FacAlcoholSales1'

2021-11-08 13:47:24 - [MESSAGE][PASSED] - Text '100.00' is set on object 'Object Repository/RAD_Pages/SAU_MDForm202F_MF_BeforeJuly2021_Page/input__FacAlcoholSales1'

2021-11-08 13:47:24 - [TEST_STEP][PASSED] - setText(findTestObject("Object Repository/RAD_Pages/SAU_MDForm202F_MF_BeforeJuly2021_Page/input__GrossSales1"), "1000.00"): Text '1000.00' is set on object 'Object Repository/RAD_Pages/SAU_MDForm202F_MF_BeforeJuly2021_Page/input__GrossSales1'

2021-11-08 13:47:25 - [MESSAGE][PASSED] - Text '1000.00' is set on object 'Object Repository/RAD_Pages/SAU_MDForm202F_MF_BeforeJuly2021_Page/input__GrossSales1'

2021-11-08 13:47:25 - [TEST_STEP][PASSED] - setText(findTestObject("Object Repository/RAD_Pages/SAU_MDForm202F_MF_BeforeJuly2021_Page/input__TaxableSales1"), "100.00"): Text '100.00' is set on object 'Object Repository/RAD_Pages/SAU_MDForm202F_MF_BeforeJuly2021_Page/input__TaxableSales1'

2021-11-08 13:47:26 - [MESSAGE][PASSED] - Text '100.00' is set on object 'Object Repository/RAD_Pages/SAU_MDForm202F_MF_BeforeJuly2021_Page/input__TaxableSales1'

2021-11-08 13:47:26 - [TEST_STEP][PASSED] - setText(findTestObject("Object Repository/RAD_Pages/SAU_MDForm202F_MF_BeforeJuly2021_Page/input__CarRental1"), "100.00"): Text '100.00' is set on object 'Object Repository/RAD_Pages/SAU_MDForm202F_MF_BeforeJuly2021_Page/input__CarRental1'

2021-11-08 13:47:26 - [MESSAGE][PASSED] - Text '100.00' is set on object 'Object Repository/RAD_Pages/SAU_MDForm202F_MF_BeforeJuly2021_Page/input__CarRental1'

2021-11-08 13:47:26 - [TEST_STEP][PASSED] - setText(findTestObject("Object Repository/RAD_Pages/SAU_MDForm202F_MF_BeforeJuly2021_Page/input__TruckRental1"), "100.00"): Text '100.00' is set on object 'Object Repository/RAD_Pages/SAU_MDForm202F_MF_BeforeJuly2021_Page/input__TruckRental1'

2021-11-08 13:47:27 - [MESSAGE][PASSED] - Text '100.00' is set on object 'Object Repository/RAD_Pages/SAU_MDForm202F_MF_BeforeJuly2021_Page/input__TruckRental1'

2021-11-08 13:47:27 - [TEST_STEP][PASSED] - setText(findTestObject("Object Repository/RAD_Pages/SAU_MDForm202F_MF_BeforeJuly2021_Page/input__AlcoholSales1"), "100.00"): Text '100.00' is set on object 'Object Repository/RAD_Pages/SAU_MDForm202F_MF_BeforeJuly2021_Page/input__AlcoholSales1'

2021-11-08 13:47:28 - [MESSAGE][PASSED] - Text '100.00' is set on object 'Object Repository/RAD_Pages/SAU_MDForm202F_MF_BeforeJuly2021_Page/input__AlcoholSales1'

2021-11-08 13:47:28 - [TEST_STEP][PASSED] - setText(findTestObject("Object Repository/RAD_Pages/SAU_MDForm202F_MF_BeforeJuly2021_Page/input__Purchases1"), "100.00"): Text '100.00' is set on object 'Object Repository/RAD_Pages/SAU_MDForm202F_MF_BeforeJuly2021_Page/input__Purchases1'

2021-11-08 13:47:29 - [MESSAGE][PASSED] - Text '100.00' is set on object 'Object Repository/RAD_Pages/SAU_MDForm202F_MF_BeforeJuly2021_Page/input__Purchases1'

2021-11-08 13:47:29 - [TEST_STEP][PASSED] - setText(findTestObject("Object Repository/RAD_Pages/SAU_MDForm202F_MF_BeforeJuly2021_Page/input__AlcoholPurchases1"), "100.00"): Text '100.00' is set on object 'Object Repository/RAD_Pages/SAU_MDForm202F_MF_BeforeJuly2021_Page/input__AlcoholPurchases1'

2021-11-08 13:47:29 - [MESSAGE][PASSED] - Text '100.00' is set on object 'Object Repository/RAD_Pages/SAU_MDForm202F_MF_BeforeJuly2021_Page/input__AlcoholPurchases1'

2021-11-08 13:47:29 - [TEST_STEP][PASSED] - setText(findTestObject("Object Repository/RAD_Pages/SAU_MDForm202F_MF_BeforeJuly2021_Page/input__Refund1"), "100.00"): Text '100.00' is set on object 'Object Repository/RAD_Pages/SAU_MDForm202F_MF_BeforeJuly2021_Page/input__Refund1'

2021-11-08 13:47:30 - [MESSAGE][PASSED] - Text '100.00' is set on object 'Object Repository/RAD_Pages/SAU_MDForm202F_MF_BeforeJuly2021_Page/input__Refund1'

2021-11-08 13:47:30 - [TEST_STEP][PASSED] - setText(findTestObject("Object Repository/RAD_Pages/SAU_MDForm202F_MF_BeforeJuly2021_Page/input__PenaltyInterest1"), "100.00"): Text '100.00' is set on object 'Object Repository/RAD_Pages/SAU_MDForm202F_MF_BeforeJuly2021_Page/input__PenaltyInterest1'

2021-11-08 13:47:31 - [MESSAGE][PASSED] - Text '100.00' is set on object 'Object Repository/RAD_Pages/SAU_MDForm202F_MF_BeforeJuly2021_Page/input__PenaltyInterest1'

2021-11-08 13:47:31 - [TEST_STEP][PASSED] - setText(findTestObject("Object Repository/RAD_Pages/SAU_MDForm202F_MF_BeforeJuly2021_Page/input__E911Fee1"), "95.00"): Text '95.00' is set on object 'Object Repository/RAD_Pages/SAU_MDForm202F_MF_BeforeJuly2021_Page/input__E911Fee1'

2021-11-08 13:47:32 - [MESSAGE][PASSED] - Text '95.00' is set on object 'Object Repository/RAD_Pages/SAU_MDForm202F_MF_BeforeJuly2021_Page/input__E911Fee1'

2021-11-08 13:47:32 - [TEST_STEP][PASSED] - scrollToElement(findTestObject("Object Repository/RAD_Pages/SAU_MDForm202_Page/button_Continue"), 3): Scroll to object 'Object Repository/RAD_Pages/SAU_MDForm202_Page/button_Continue' successfully

2021-11-08 13:47:32 - [MESSAGE][PASSED] - Scroll to object 'Object Repository/RAD_Pages/SAU_MDForm202_Page/button_Continue' successfully

2021-11-08 13:47:32 - [TEST_STEP][PASSED] - waitForElementClickable(findTestObject("Object Repository/RAD_Pages/SAU_MDForm202_Page/button_Continue"), 5): Object 'Object Repository/RAD_Pages/SAU_MDForm202_Page/button_Continue' is clickable

2021-11-08 13:47:32 - [MESSAGE][PASSED] - Object 'Object Repository/RAD_Pages/SAU_MDForm202_Page/button_Continue' is clickable

2021-11-08 13:47:32 - [TEST_STEP][PASSED] - click(findTestObject("Object Repository/RAD_Pages/SAU_MDForm202_Page/button_Continue")): Object: 'Object Repository/RAD_Pages/SAU_MDForm202_Page/button_Continue' is clicked on

2021-11-08 13:47:33 - [MESSAGE][PASSED] - Object: 'Object Repository/RAD_Pages/SAU_MDForm202_Page/button_Continue' is clicked on

2021-11-08 13:47:33 - [TEST_STEP][PASSED] - click(findTestObject("Object Repository/RAD_Pages/SAU_MDForm202_Page/button_Proceed to Payment")): Object: 'Object Repository/RAD_Pages/SAU_MDForm202_Page/button_Proceed to Payment' is clicked on

2021-11-08 13:47:35 - [MESSAGE][PASSED] - Object: 'Object Repository/RAD_Pages/SAU_MDForm202_Page/button_Proceed to Payment' is clicked on

2021-11-08 13:47:35 - [TEST_STEP][PASSED] - setText(findTestObject("Object Repository/RAD_Pages/SAU_MDForm202F_MF_BeforeJuly2021_Page/input__cardNumber"), "4111111111111111"): Text '4111111111111111' is set on object 'Object Repository/RAD_Pages/SAU_MDForm202F_MF_BeforeJuly2021_Page/input__cardNumber'

2021-11-08 13:47:36 - [MESSAGE][PASSED] - Text '4111111111111111' is set on object 'Object Repository/RAD_Pages/SAU_MDForm202F_MF_BeforeJuly2021_Page/input__cardNumber'

2021-11-08 13:47:36 - [TEST_STEP][PASSED] - setText(findTestObject("Object Repository/RAD_Pages/SAU_MDForm202F_MF_BeforeJuly2021_Page/input__spc"), "123"): Text '123' is set on object 'Object Repository/RAD_Pages/SAU_MDForm202F_MF_BeforeJuly2021_Page/input__spc'

2021-11-08 13:47:36 - [MESSAGE][PASSED] - Text '123' is set on object 'Object Repository/RAD_Pages/SAU_MDForm202F_MF_BeforeJuly2021_Page/input__spc'

2021-11-08 13:47:36 - [TEST_STEP][PASSED] - selectOptionByValue(findTestObject("Object Repository/RAD_Pages/SAU_MDForm202F_MF_BeforeJuly2021_Page/select_MM010203040506070809101112"), "4", true): All options with value '4' are selected in object 'Object Repository/RAD_Pages/SAU_MDForm202F_MF_BeforeJuly2021_Page/select_MM010203040506070809101112'  using regular expression

2021-11-08 13:47:37 - [MESSAGE][PASSED] - All options with value '4' are selected in object 'Object Repository/RAD_Pages/SAU_MDForm202F_MF_BeforeJuly2021_Page/select_MM010203040506070809101112'  using regular expression

2021-11-08 13:47:37 - [TEST_STEP][PASSED] - selectOptionByValue(findTestObject("Object Repository/RAD_Pages/SAU_MDForm202F_MF_BeforeJuly2021_Page/select_YYYY20212022202320242025202620272028_8c4dd4"), "2027", true): All options with value '2027' are selected in object 'Object Repository/RAD_Pages/SAU_MDForm202F_MF_BeforeJuly2021_Page/select_YYYY20212022202320242025202620272028_8c4dd4'  using regular expression

2021-11-08 13:47:39 - [MESSAGE][PASSED] - All options with value '2027' are selected in object 'Object Repository/RAD_Pages/SAU_MDForm202F_MF_BeforeJuly2021_Page/select_YYYY20212022202320242025202620272028_8c4dd4'  using regular expression

2021-11-08 13:47:39 - [TEST_STEP][PASSED] - click(findTestObject("Object Repository/RAD_Pages/SAU_MDForm202F_MF_BeforeJuly2021_Page/input_BillInvoice Details_ccSubmit")): Object: 'Object Repository/RAD_Pages/SAU_MDForm202F_MF_BeforeJuly2021_Page/input_BillInvoice Details_ccSubmit' is clicked on

2021-11-08 13:47:40 - [MESSAGE][PASSED] - Object: 'Object Repository/RAD_Pages/SAU_MDForm202F_MF_BeforeJuly2021_Page/input_BillInvoice Details_ccSubmit' is clicked on

2021-11-08 13:47:40 - [TEST_STEP][PASSED] - click(findTestObject("Object Repository/RAD_Pages/SAU_MDForm202F_MF_BeforeJuly2021_Page/input_90.00_confirmNotifyAction")): Object: 'Object Repository/RAD_Pages/SAU_MDForm202F_MF_BeforeJuly2021_Page/input_90.00_confirmNotifyAction' is clicked on

2021-11-08 13:47:41 - [MESSAGE][PASSED] - Object: 'Object Repository/RAD_Pages/SAU_MDForm202F_MF_BeforeJuly2021_Page/input_90.00_confirmNotifyAction' is clicked on

2021-11-08 13:47:41 - [TEST_STEP][PASSED] - click(findTestObject("Object Repository/RAD_Pages/SAU_MDForm202F_MF_BeforeJuly2021_Page/input_92.21_convFeeNotifyAction")): Object: 'Object Repository/RAD_Pages/SAU_MDForm202F_MF_BeforeJuly2021_Page/input_92.21_convFeeNotifyAction' is clicked on

2021-11-08 13:47:42 - [MESSAGE][PASSED] - Object: 'Object Repository/RAD_Pages/SAU_MDForm202F_MF_BeforeJuly2021_Page/input_92.21_convFeeNotifyAction' is clicked on

2021-11-08 13:47:42 - [TEST_STEP][PASSED] - delay(10): Delayed 10 second(s)

2021-11-08 13:47:52 - [MESSAGE][PASSED] - Delayed 10 second(s)

2021-11-08 13:47:52 - [TEST_STEP][PASSED] - verifyTextPresent("Successful Payment Receipt", true): Text 'Successful Payment Receipt' is present on page  using regular expression

2021-11-08 13:47:53 - [MESSAGE][PASSED] - Text 'Successful Payment Receipt' is present on page  using regular expression

2021-11-08 13:47:53 - [TEST_STEP][PASSED] - closeBrowser(): Browser is closed

2021-11-08 13:47:54 - [MESSAGE][PASSED] - Browser is closed]]></system-out>
         <system-err><![CDATA[]]></system-err>
      </testcase>
      <testcase name="Test Cases/RAD_TestCases/PaymentsHardCoded/SAU_MDForm202_BeforeJuly2021_OutOfStateVendor_HC_TC" time="112.15" classname="Test Cases/RAD_TestCases/PaymentsHardCoded/SAU_MDForm202_BeforeJuly2021_OutOfStateVendor_HC_TC" status="PASSED">
         <system-out><![CDATA[2021-11-08 13:47:54 - [TEST_CASE][PASSED] - Test Cases/RAD_TestCases/PaymentsHardCoded/SAU_MDForm202_BeforeJuly2021_OutOfStateVendor_HC_TC: Test Cases/RAD_TestCases/PaymentsHardCoded/SAU_MDForm202_BeforeJuly2021_OutOfStateVendor_HC_TC

2021-11-08 13:47:54 - [TEST_STEP][PASSED] - openBrowser(""): Browser is opened with url: ''

2021-11-08 13:47:54 - [MESSAGE][INFO] - Starting 'Chrome' driver

2021-11-08 13:47:54 - [MESSAGE][INFO] - User set preference: ['acceptInsecureCerts', 'true']

2021-11-08 13:47:54 - [MESSAGE][INFO] - Action delay is set to 0 milliseconds

2021-11-08 13:47:55 - [MESSAGE][PASSED] - Browser is opened with url: ''

2021-11-08 13:47:55 - [TEST_STEP][PASSED] - navigateToUrl("https://qa.velocitypayment.com/client/rad/index.html"): Navigate to 'https://qa.velocitypayment.com/client/rad/index.html' successfully

2021-11-08 13:47:57 - [MESSAGE][PASSED] - Navigate to 'https://qa.velocitypayment.com/client/rad/index.html' successfully

2021-11-08 13:47:57 - [TEST_STEP][PASSED] - selectOptionByValue(findTestObject("Object Repository/RAD_Pages/SAU_MDForm202_BeforeJuly2021_Page/select_Select    Estimated Tax    Personal _7587a1"), "5", true): All options with value '5' are selected in object 'Object Repository/RAD_Pages/SAU_MDForm202_BeforeJuly2021_Page/select_Select    Estimated Tax    Personal _7587a1'  using regular expression

2021-11-08 13:47:59 - [MESSAGE][PASSED] - All options with value '5' are selected in object 'Object Repository/RAD_Pages/SAU_MDForm202_BeforeJuly2021_Page/select_Select    Estimated Tax    Personal _7587a1'  using regular expression

2021-11-08 13:47:59 - [TEST_STEP][PASSED] - selectOptionByValue(findTestObject("Object Repository/RAD_Pages/SAU_MDForm202_BeforeJuly2021_Page/select_Select202220212020"), "2021", true): All options with value '2021' are selected in object 'Object Repository/RAD_Pages/SAU_MDForm202_BeforeJuly2021_Page/select_Select202220212020'  using regular expression

2021-11-08 13:48:30 - [MESSAGE][INFO] - Unable to find the element located by 'By.xpath: //*[@id = 'taxYear' and @name = 'taxYear' and (text() = 'Select202220212020' or . = 'Select202220212020')]'. Please recheck the objects properties to make sure the desired element is located. 

2021-11-08 13:48:30 - [MESSAGE][WARNING] - [SELF-HEALING] Failed to find element with id 'Object Repository/RAD_Pages/SAU_MDForm202_BeforeJuly2021_Page/select_Select202220212020'. Try using Self-healing.

2021-11-08 13:48:30 - [MESSAGE][WARNING] - [SELF-HEALING] The current locator of test object 'Object Repository/RAD_Pages/SAU_MDForm202_BeforeJuly2021_Page/select_Select202220212020' was broken. Propose an alternative one: '//select[@id='taxYear']'.

2021-11-08 13:48:31 - [MESSAGE][PASSED] - All options with value '2021' are selected in object 'Object Repository/RAD_Pages/SAU_MDForm202_BeforeJuly2021_Page/select_Select202220212020'  using regular expression

2021-11-08 13:48:31 - [TEST_STEP][PASSED] - selectOptionByValue(findTestObject("Object Repository/RAD_Pages/SAU_MDForm202_BeforeJuly2021_Page/select_MonthJanuaryFebruaryMarchAprilMayJun_aa9ebb"), "01", true): All options with value '01' are selected in object 'Object Repository/RAD_Pages/SAU_MDForm202_BeforeJuly2021_Page/select_MonthJanuaryFebruaryMarchAprilMayJun_aa9ebb'  using regular expression

2021-11-08 13:49:02 - [MESSAGE][INFO] - Unable to find the element located by 'By.xpath: //*[@id = 'salesUseMonth' and @name = 'salesUseMonth' and (text() = '
										    Month
											January
											February
											March
											April
											May
											June
											July
											August
											September
											October
											November
											December
										  ' or . = '
										    Month
											January
											February
											March
											April
											May
											June
											July
											August
											September
											October
											November
											December
										  ')]'. Please recheck the objects properties to make sure the desired element is located. 

2021-11-08 13:49:02 - [MESSAGE][WARNING] - [SELF-HEALING] Failed to find element with id 'Object Repository/RAD_Pages/SAU_MDForm202_BeforeJuly2021_Page/select_MonthJanuaryFebruaryMarchAprilMayJun_aa9ebb'. Try using Self-healing.

2021-11-08 13:49:02 - [MESSAGE][WARNING] - [SELF-HEALING] The current locator of test object 'Object Repository/RAD_Pages/SAU_MDForm202_BeforeJuly2021_Page/select_MonthJanuaryFebruaryMarchAprilMayJun_aa9ebb' was broken. Propose an alternative one: '//select[@id='salesUseMonth']'.

2021-11-08 13:49:03 - [MESSAGE][PASSED] - All options with value '01' are selected in object 'Object Repository/RAD_Pages/SAU_MDForm202_BeforeJuly2021_Page/select_MonthJanuaryFebruaryMarchAprilMayJun_aa9ebb'  using regular expression

2021-11-08 13:49:03 - [TEST_STEP][PASSED] - setText(findTestObject("Object Repository/RAD_Pages/SAU_MDForm202_BeforeJuly2021_Page/input_Note_businessName"), "Some Business"): Text 'Some Business' is set on object 'Object Repository/RAD_Pages/SAU_MDForm202_BeforeJuly2021_Page/input_Note_businessName'

2021-11-08 13:49:04 - [MESSAGE][PASSED] - Text 'Some Business' is set on object 'Object Repository/RAD_Pages/SAU_MDForm202_BeforeJuly2021_Page/input_Note_businessName'

2021-11-08 13:49:04 - [TEST_STEP][PASSED] - setText(findTestObject("Object Repository/RAD_Pages/SAU_MDForm202_BeforeJuly2021_Page/input_Enter business name_firstName"), "Lokhandwala"): Text 'Lokhandwala' is set on object 'Object Repository/RAD_Pages/SAU_MDForm202_BeforeJuly2021_Page/input_Enter business name_firstName'

2021-11-08 13:49:04 - [MESSAGE][PASSED] - Text 'Lokhandwala' is set on object 'Object Repository/RAD_Pages/SAU_MDForm202_BeforeJuly2021_Page/input_Enter business name_firstName'

2021-11-08 13:49:04 - [TEST_STEP][PASSED] - setText(findTestObject("Object Repository/RAD_Pages/SAU_MDForm202_BeforeJuly2021_Page/input_Enter first name_middleName"), "K"): Text 'K' is set on object 'Object Repository/RAD_Pages/SAU_MDForm202_BeforeJuly2021_Page/input_Enter first name_middleName'

2021-11-08 13:49:05 - [MESSAGE][PASSED] - Text 'K' is set on object 'Object Repository/RAD_Pages/SAU_MDForm202_BeforeJuly2021_Page/input_Enter first name_middleName'

2021-11-08 13:49:05 - [TEST_STEP][PASSED] - setText(findTestObject("Object Repository/RAD_Pages/SAU_MDForm202_BeforeJuly2021_Page/input_Middle Name_lastName"), "Express"): Text 'Express' is set on object 'Object Repository/RAD_Pages/SAU_MDForm202_BeforeJuly2021_Page/input_Middle Name_lastName'

2021-11-08 13:49:06 - [MESSAGE][PASSED] - Text 'Express' is set on object 'Object Repository/RAD_Pages/SAU_MDForm202_BeforeJuly2021_Page/input_Middle Name_lastName'

2021-11-08 13:49:06 - [TEST_STEP][PASSED] - setText(findTestObject("Object Repository/RAD_Pages/SAU_MDForm202_BeforeJuly2021_Page/input_Enter last name_suffix"), "Sr"): Text 'Sr' is set on object 'Object Repository/RAD_Pages/SAU_MDForm202_BeforeJuly2021_Page/input_Enter last name_suffix'

2021-11-08 13:49:07 - [MESSAGE][PASSED] - Text 'Sr' is set on object 'Object Repository/RAD_Pages/SAU_MDForm202_BeforeJuly2021_Page/input_Enter last name_suffix'

2021-11-08 13:49:07 - [TEST_STEP][PASSED] - setText(findTestObject("Object Repository/RAD_Pages/SAU_MDForm202_BeforeJuly2021_Page/input_Select a country_streetAddress1"), "458 Beltsville rd"): Text '458 Beltsville rd' is set on object 'Object Repository/RAD_Pages/SAU_MDForm202_BeforeJuly2021_Page/input_Select a country_streetAddress1'

2021-11-08 13:49:07 - [MESSAGE][PASSED] - Text '458 Beltsville rd' is set on object 'Object Repository/RAD_Pages/SAU_MDForm202_BeforeJuly2021_Page/input_Select a country_streetAddress1'

2021-11-08 13:49:07 - [TEST_STEP][PASSED] - setText(findTestObject("Object Repository/RAD_Pages/SAU_MDForm202_BeforeJuly2021_Page/input_Enter address_streetAddress2"), "suite 100"): Text 'suite 100' is set on object 'Object Repository/RAD_Pages/SAU_MDForm202_BeforeJuly2021_Page/input_Enter address_streetAddress2'

2021-11-08 13:49:08 - [MESSAGE][PASSED] - Text 'suite 100' is set on object 'Object Repository/RAD_Pages/SAU_MDForm202_BeforeJuly2021_Page/input_Enter address_streetAddress2'

2021-11-08 13:49:08 - [TEST_STEP][PASSED] - setText(findTestObject("Object Repository/RAD_Pages/SAU_MDForm202_BeforeJuly2021_Page/input_Street Address 2_city"), "Timonium"): Text 'Timonium' is set on object 'Object Repository/RAD_Pages/SAU_MDForm202_BeforeJuly2021_Page/input_Street Address 2_city'

2021-11-08 13:49:09 - [MESSAGE][PASSED] - Text 'Timonium' is set on object 'Object Repository/RAD_Pages/SAU_MDForm202_BeforeJuly2021_Page/input_Street Address 2_city'

2021-11-08 13:49:09 - [TEST_STEP][PASSED] - selectOptionByValue(findTestObject("Object Repository/RAD_Pages/SAU_MDForm202_BeforeJuly2021_Page/select_SelectAlabamaAlaskaArizonaArkansasCa_90914a"), "MD", true): All options with value 'MD' are selected in object 'Object Repository/RAD_Pages/SAU_MDForm202_BeforeJuly2021_Page/select_SelectAlabamaAlaskaArizonaArkansasCa_90914a'  using regular expression

2021-11-08 13:49:10 - [MESSAGE][PASSED] - All options with value 'MD' are selected in object 'Object Repository/RAD_Pages/SAU_MDForm202_BeforeJuly2021_Page/select_SelectAlabamaAlaskaArizonaArkansasCa_90914a'  using regular expression

2021-11-08 13:49:10 - [TEST_STEP][PASSED] - setText(findTestObject("Object Repository/RAD_Pages/SAU_MDForm202_BeforeJuly2021_Page/input_Select a state_zipCode"), "21093"): Text '21093' is set on object 'Object Repository/RAD_Pages/SAU_MDForm202_BeforeJuly2021_Page/input_Select a state_zipCode'

2021-11-08 13:49:11 - [MESSAGE][PASSED] - Text '21093' is set on object 'Object Repository/RAD_Pages/SAU_MDForm202_BeforeJuly2021_Page/input_Select a state_zipCode'

2021-11-08 13:49:11 - [TEST_STEP][PASSED] - setText(findTestObject("Object Repository/RAD_Pages/SAU_MDForm202_BeforeJuly2021_Page/input_Enter ZIP code_phoneNumber"), "(703) 894-5000"): Text '(703) 894-5000' is set on object 'Object Repository/RAD_Pages/SAU_MDForm202_BeforeJuly2021_Page/input_Enter ZIP code_phoneNumber'

2021-11-08 13:49:12 - [MESSAGE][PASSED] - Text '(703) 894-5000' is set on object 'Object Repository/RAD_Pages/SAU_MDForm202_BeforeJuly2021_Page/input_Enter ZIP code_phoneNumber'

2021-11-08 13:49:12 - [TEST_STEP][PASSED] - setText(findTestObject("Object Repository/RAD_Pages/SAU_MDForm202_BeforeJuly2021_Page/input_Enter a phone number_eMailAddress"), "iahmed@govolution.com"): Text 'iahmed@govolution.com' is set on object 'Object Repository/RAD_Pages/SAU_MDForm202_BeforeJuly2021_Page/input_Enter a phone number_eMailAddress'

2021-11-08 13:49:13 - [MESSAGE][PASSED] - Text 'iahmed@govolution.com' is set on object 'Object Repository/RAD_Pages/SAU_MDForm202_BeforeJuly2021_Page/input_Enter a phone number_eMailAddress'

2021-11-08 13:49:13 - [TEST_STEP][PASSED] - setText(findTestObject("Object Repository/RAD_Pages/SAU_MDForm202_BeforeJuly2021_Page/input_Enter Email_reEnterEMailAddress"), "iahmed@govolution.com"): Text 'iahmed@govolution.com' is set on object 'Object Repository/RAD_Pages/SAU_MDForm202_BeforeJuly2021_Page/input_Enter Email_reEnterEMailAddress'

2021-11-08 13:49:14 - [MESSAGE][PASSED] - Text 'iahmed@govolution.com' is set on object 'Object Repository/RAD_Pages/SAU_MDForm202_BeforeJuly2021_Page/input_Enter Email_reEnterEMailAddress'

2021-11-08 13:49:14 - [TEST_STEP][PASSED] - setEncryptedText(findTestObject("Object Repository/RAD_Pages/TaxInfo_Page/input_FederalEIN"), "0fDtEjy4ijeV75Gl5M+mSg=="): Text ****** has been set on object 'Object Repository/RAD_Pages/TaxInfo_Page/input_FederalEIN'

2021-11-08 13:49:14 - [MESSAGE][PASSED] - Text ****** has been set on object 'Object Repository/RAD_Pages/TaxInfo_Page/input_FederalEIN'

2021-11-08 13:49:14 - [TEST_STEP][PASSED] - setEncryptedText(findTestObject("Object Repository/RAD_Pages/TaxInfo_Page/input_FederalEIN_ReEnter"), "0fDtEjy4ijeV75Gl5M+mSg=="): Text ****** has been set on object 'Object Repository/RAD_Pages/TaxInfo_Page/input_FederalEIN_ReEnter'

2021-11-08 13:49:15 - [MESSAGE][PASSED] - Text ****** has been set on object 'Object Repository/RAD_Pages/TaxInfo_Page/input_FederalEIN_ReEnter'

2021-11-08 13:49:15 - [TEST_STEP][PASSED] - setText(findTestObject("Object Repository/RAD_Pages/TaxInfo_Page/input_MDCRegistration"), "07640126"): Text '07640126' is set on object 'Object Repository/RAD_Pages/TaxInfo_Page/input_MDCRegistration'

2021-11-08 13:49:15 - [MESSAGE][PASSED] - Text '07640126' is set on object 'Object Repository/RAD_Pages/TaxInfo_Page/input_MDCRegistration'

2021-11-08 13:49:15 - [TEST_STEP][PASSED] - setText(findTestObject("Object Repository/RAD_Pages/SAU_MDForm202_BeforeJuly2021_Page/input__GrossSales1"), "3000.00"): Text '3000.00' is set on object 'Object Repository/RAD_Pages/SAU_MDForm202_BeforeJuly2021_Page/input__GrossSales1'

2021-11-08 13:49:16 - [MESSAGE][PASSED] - Text '3000.00' is set on object 'Object Repository/RAD_Pages/SAU_MDForm202_BeforeJuly2021_Page/input__GrossSales1'

2021-11-08 13:49:16 - [TEST_STEP][PASSED] - click(findTestObject("Object Repository/RAD_Pages/SalesTaxReturnInfo_Page/input_OutOfStateVendor")): Object: 'Object Repository/RAD_Pages/SalesTaxReturnInfo_Page/input_OutOfStateVendor' is clicked on

2021-11-08 13:49:17 - [MESSAGE][PASSED] - Object: 'Object Repository/RAD_Pages/SalesTaxReturnInfo_Page/input_OutOfStateVendor' is clicked on

2021-11-08 13:49:17 - [TEST_STEP][PASSED] - setText(findTestObject("Object Repository/RAD_Pages/SAU_MDForm202_BeforeJuly2021_Page/input__GrossSales1"), "3000.00"): Text '3000.00' is set on object 'Object Repository/RAD_Pages/SAU_MDForm202_BeforeJuly2021_Page/input__GrossSales1'

2021-11-08 13:49:17 - [MESSAGE][PASSED] - Text '3000.00' is set on object 'Object Repository/RAD_Pages/SAU_MDForm202_BeforeJuly2021_Page/input__GrossSales1'

2021-11-08 13:49:17 - [TEST_STEP][PASSED] - setText(findTestObject("Object Repository/RAD_Pages/SAU_MDForm202_BeforeJuly2021_Page/input__TaxableSales1"), "100.00"): Text '100.00' is set on object 'Object Repository/RAD_Pages/SAU_MDForm202_BeforeJuly2021_Page/input__TaxableSales1'

2021-11-08 13:49:18 - [MESSAGE][PASSED] - Text '100.00' is set on object 'Object Repository/RAD_Pages/SAU_MDForm202_BeforeJuly2021_Page/input__TaxableSales1'

2021-11-08 13:49:18 - [TEST_STEP][PASSED] - setText(findTestObject("Object Repository/RAD_Pages/SAU_MDForm202_BeforeJuly2021_Page/input__CarRental1"), "100.00"): Text '100.00' is set on object 'Object Repository/RAD_Pages/SAU_MDForm202_BeforeJuly2021_Page/input__CarRental1'

2021-11-08 13:49:19 - [MESSAGE][PASSED] - Text '100.00' is set on object 'Object Repository/RAD_Pages/SAU_MDForm202_BeforeJuly2021_Page/input__CarRental1'

2021-11-08 13:49:19 - [TEST_STEP][PASSED] - setText(findTestObject("Object Repository/RAD_Pages/SAU_MDForm202_BeforeJuly2021_Page/input__TruckRental1"), "100.00"): Text '100.00' is set on object 'Object Repository/RAD_Pages/SAU_MDForm202_BeforeJuly2021_Page/input__TruckRental1'

2021-11-08 13:49:19 - [MESSAGE][PASSED] - Text '100.00' is set on object 'Object Repository/RAD_Pages/SAU_MDForm202_BeforeJuly2021_Page/input__TruckRental1'

2021-11-08 13:49:19 - [TEST_STEP][PASSED] - setText(findTestObject("Object Repository/RAD_Pages/SAU_MDForm202_BeforeJuly2021_Page/input__AlcoholSales1"), "100.00"): Text '100.00' is set on object 'Object Repository/RAD_Pages/SAU_MDForm202_BeforeJuly2021_Page/input__AlcoholSales1'

2021-11-08 13:49:20 - [MESSAGE][PASSED] - Text '100.00' is set on object 'Object Repository/RAD_Pages/SAU_MDForm202_BeforeJuly2021_Page/input__AlcoholSales1'

2021-11-08 13:49:20 - [TEST_STEP][PASSED] - setText(findTestObject("Object Repository/RAD_Pages/SAU_MDForm202_BeforeJuly2021_Page/input__Purchases1"), "100.00"): Text '100.00' is set on object 'Object Repository/RAD_Pages/SAU_MDForm202_BeforeJuly2021_Page/input__Purchases1'

2021-11-08 13:49:21 - [MESSAGE][PASSED] - Text '100.00' is set on object 'Object Repository/RAD_Pages/SAU_MDForm202_BeforeJuly2021_Page/input__Purchases1'

2021-11-08 13:49:21 - [TEST_STEP][PASSED] - setText(findTestObject("Object Repository/RAD_Pages/SAU_MDForm202_BeforeJuly2021_Page/input__AlcoholPurchases1"), "100.00"): Text '100.00' is set on object 'Object Repository/RAD_Pages/SAU_MDForm202_BeforeJuly2021_Page/input__AlcoholPurchases1'

2021-11-08 13:49:22 - [MESSAGE][PASSED] - Text '100.00' is set on object 'Object Repository/RAD_Pages/SAU_MDForm202_BeforeJuly2021_Page/input__AlcoholPurchases1'

2021-11-08 13:49:22 - [TEST_STEP][PASSED] - setText(findTestObject("Object Repository/RAD_Pages/SAU_MDForm202_BeforeJuly2021_Page/input__Refund1"), "100.00"): Text '100.00' is set on object 'Object Repository/RAD_Pages/SAU_MDForm202_BeforeJuly2021_Page/input__Refund1'

2021-11-08 13:49:23 - [MESSAGE][PASSED] - Text '100.00' is set on object 'Object Repository/RAD_Pages/SAU_MDForm202_BeforeJuly2021_Page/input__Refund1'

2021-11-08 13:49:23 - [TEST_STEP][PASSED] - setText(findTestObject("Object Repository/RAD_Pages/SAU_MDForm202_BeforeJuly2021_Page/input__PenaltyInterest1"), "100.00"): Text '100.00' is set on object 'Object Repository/RAD_Pages/SAU_MDForm202_BeforeJuly2021_Page/input__PenaltyInterest1'

2021-11-08 13:49:23 - [MESSAGE][PASSED] - Text '100.00' is set on object 'Object Repository/RAD_Pages/SAU_MDForm202_BeforeJuly2021_Page/input__PenaltyInterest1'

2021-11-08 13:49:23 - [TEST_STEP][PASSED] - setText(findTestObject("Object Repository/RAD_Pages/SAU_MDForm202_BeforeJuly2021_Page/input__E911Fee1"), "25.00"): Text '25.00' is set on object 'Object Repository/RAD_Pages/SAU_MDForm202_BeforeJuly2021_Page/input__E911Fee1'

2021-11-08 13:49:24 - [MESSAGE][PASSED] - Text '25.00' is set on object 'Object Repository/RAD_Pages/SAU_MDForm202_BeforeJuly2021_Page/input__E911Fee1'

2021-11-08 13:49:24 - [TEST_STEP][PASSED] - scrollToElement(findTestObject("Object Repository/RAD_Pages/SAU_MDForm202_Page/button_Continue"), 3): Scroll to object 'Object Repository/RAD_Pages/SAU_MDForm202_Page/button_Continue' successfully

2021-11-08 13:49:24 - [MESSAGE][PASSED] - Scroll to object 'Object Repository/RAD_Pages/SAU_MDForm202_Page/button_Continue' successfully

2021-11-08 13:49:24 - [TEST_STEP][PASSED] - waitForElementClickable(findTestObject("Object Repository/RAD_Pages/SAU_MDForm202_Page/button_Continue"), 5): Object 'Object Repository/RAD_Pages/SAU_MDForm202_Page/button_Continue' is clickable

2021-11-08 13:49:25 - [MESSAGE][PASSED] - Object 'Object Repository/RAD_Pages/SAU_MDForm202_Page/button_Continue' is clickable

2021-11-08 13:49:25 - [TEST_STEP][PASSED] - click(findTestObject("Object Repository/RAD_Pages/SAU_MDForm202_Page/button_Continue")): Object: 'Object Repository/RAD_Pages/SAU_MDForm202_Page/button_Continue' is clicked on

2021-11-08 13:49:25 - [MESSAGE][PASSED] - Object: 'Object Repository/RAD_Pages/SAU_MDForm202_Page/button_Continue' is clicked on

2021-11-08 13:49:25 - [TEST_STEP][PASSED] - click(findTestObject("Object Repository/RAD_Pages/SAU_MDForm202_Page/button_Proceed to Payment")): Object: 'Object Repository/RAD_Pages/SAU_MDForm202_Page/button_Proceed to Payment' is clicked on

2021-11-08 13:49:27 - [MESSAGE][PASSED] - Object: 'Object Repository/RAD_Pages/SAU_MDForm202_Page/button_Proceed to Payment' is clicked on

2021-11-08 13:49:27 - [TEST_STEP][PASSED] - setText(findTestObject("Object Repository/RAD_Pages/SAU_MDForm202_BeforeJuly2021_Page/input__cardNumber"), "4111111111111111"): Text '4111111111111111' is set on object 'Object Repository/RAD_Pages/SAU_MDForm202_BeforeJuly2021_Page/input__cardNumber'

2021-11-08 13:49:28 - [MESSAGE][PASSED] - Text '4111111111111111' is set on object 'Object Repository/RAD_Pages/SAU_MDForm202_BeforeJuly2021_Page/input__cardNumber'

2021-11-08 13:49:28 - [TEST_STEP][PASSED] - setText(findTestObject("Object Repository/RAD_Pages/SAU_MDForm202_BeforeJuly2021_Page/input__spc"), "123"): Text '123' is set on object 'Object Repository/RAD_Pages/SAU_MDForm202_BeforeJuly2021_Page/input__spc'

2021-11-08 13:49:29 - [MESSAGE][PASSED] - Text '123' is set on object 'Object Repository/RAD_Pages/SAU_MDForm202_BeforeJuly2021_Page/input__spc'

2021-11-08 13:49:29 - [TEST_STEP][PASSED] - selectOptionByValue(findTestObject("Object Repository/RAD_Pages/SAU_MDForm202_BeforeJuly2021_Page/select_MM010203040506070809101112"), "3", true): All options with value '3' are selected in object 'Object Repository/RAD_Pages/SAU_MDForm202_BeforeJuly2021_Page/select_MM010203040506070809101112'  using regular expression

2021-11-08 13:49:30 - [MESSAGE][PASSED] - All options with value '3' are selected in object 'Object Repository/RAD_Pages/SAU_MDForm202_BeforeJuly2021_Page/select_MM010203040506070809101112'  using regular expression

2021-11-08 13:49:30 - [TEST_STEP][PASSED] - selectOptionByValue(findTestObject("Object Repository/RAD_Pages/SAU_MDForm202_BeforeJuly2021_Page/select_YYYY20212022202320242025202620272028_8c4dd4"), "2026", true): All options with value '2026' are selected in object 'Object Repository/RAD_Pages/SAU_MDForm202_BeforeJuly2021_Page/select_YYYY20212022202320242025202620272028_8c4dd4'  using regular expression

2021-11-08 13:49:31 - [MESSAGE][PASSED] - All options with value '2026' are selected in object 'Object Repository/RAD_Pages/SAU_MDForm202_BeforeJuly2021_Page/select_YYYY20212022202320242025202620272028_8c4dd4'  using regular expression

2021-11-08 13:49:31 - [TEST_STEP][PASSED] - click(findTestObject("Object Repository/RAD_Pages/SAU_MDForm202_BeforeJuly2021_Page/input_BillInvoice Details_ccSubmit")): Object: 'Object Repository/RAD_Pages/SAU_MDForm202_BeforeJuly2021_Page/input_BillInvoice Details_ccSubmit' is clicked on

2021-11-08 13:49:32 - [MESSAGE][PASSED] - Object: 'Object Repository/RAD_Pages/SAU_MDForm202_BeforeJuly2021_Page/input_BillInvoice Details_ccSubmit' is clicked on

2021-11-08 13:49:32 - [TEST_STEP][PASSED] - click(findTestObject("Object Repository/RAD_Pages/SAU_MDForm202_BeforeJuly2021_Page/input_163.50_confirmNotifyAction")): Object: 'Object Repository/RAD_Pages/SAU_MDForm202_BeforeJuly2021_Page/input_163.50_confirmNotifyAction' is clicked on

2021-11-08 13:49:33 - [MESSAGE][PASSED] - Object: 'Object Repository/RAD_Pages/SAU_MDForm202_BeforeJuly2021_Page/input_163.50_confirmNotifyAction' is clicked on

2021-11-08 13:49:33 - [TEST_STEP][PASSED] - click(findTestObject("Object Repository/RAD_Pages/SAU_MDForm202_BeforeJuly2021_Page/input_167.51_convFeeNotifyAction")): Object: 'Object Repository/RAD_Pages/SAU_MDForm202_BeforeJuly2021_Page/input_167.51_convFeeNotifyAction' is clicked on

2021-11-08 13:49:35 - [MESSAGE][PASSED] - Object: 'Object Repository/RAD_Pages/SAU_MDForm202_BeforeJuly2021_Page/input_167.51_convFeeNotifyAction' is clicked on

2021-11-08 13:49:35 - [TEST_STEP][PASSED] - delay(10): Delayed 10 second(s)

2021-11-08 13:49:45 - [MESSAGE][PASSED] - Delayed 10 second(s)

2021-11-08 13:49:45 - [TEST_STEP][PASSED] - verifyTextPresent("Successful Payment Receipt", true): Text 'Successful Payment Receipt' is present on page  using regular expression

2021-11-08 13:49:45 - [MESSAGE][PASSED] - Text 'Successful Payment Receipt' is present on page  using regular expression

2021-11-08 13:49:45 - [TEST_STEP][PASSED] - closeBrowser(): Browser is closed

2021-11-08 13:49:46 - [MESSAGE][PASSED] - Browser is closed]]></system-out>
         <system-err><![CDATA[]]></system-err>
      </testcase>
      <testcase name="Test Cases/RAD_TestCases/PaymentsHardCoded/SAU_MDForm202_AfterJuly2021_OutOfStateVendor_HC_TC" time="118.193" classname="Test Cases/RAD_TestCases/PaymentsHardCoded/SAU_MDForm202_AfterJuly2021_OutOfStateVendor_HC_TC" status="PASSED">
         <system-out><![CDATA[2021-11-08 13:49:46 - [TEST_CASE][PASSED] - Test Cases/RAD_TestCases/PaymentsHardCoded/SAU_MDForm202_AfterJuly2021_OutOfStateVendor_HC_TC: Test Cases/RAD_TestCases/PaymentsHardCoded/SAU_MDForm202_AfterJuly2021_OutOfStateVendor_HC_TC

2021-11-08 13:49:46 - [TEST_STEP][PASSED] - openBrowser(""): Browser is opened with url: ''

2021-11-08 13:49:46 - [MESSAGE][INFO] - Starting 'Chrome' driver

2021-11-08 13:49:46 - [MESSAGE][INFO] - User set preference: ['acceptInsecureCerts', 'true']

2021-11-08 13:49:46 - [MESSAGE][INFO] - Action delay is set to 0 milliseconds

2021-11-08 13:49:48 - [MESSAGE][PASSED] - Browser is opened with url: ''

2021-11-08 13:49:48 - [TEST_STEP][PASSED] - navigateToUrl("https://qa.velocitypayment.com/client/rad/index.html"): Navigate to 'https://qa.velocitypayment.com/client/rad/index.html' successfully

2021-11-08 13:49:50 - [MESSAGE][PASSED] - Navigate to 'https://qa.velocitypayment.com/client/rad/index.html' successfully

2021-11-08 13:49:50 - [TEST_STEP][PASSED] - selectOptionByValue(findTestObject("Object Repository/RAD_Pages/SAU_MDForm202_Page/select_Select    Estimated Tax    Personal _7587a1"), "5", true): All options with value '5' are selected in object 'Object Repository/RAD_Pages/SAU_MDForm202_Page/select_Select    Estimated Tax    Personal _7587a1'  using regular expression

2021-11-08 13:49:51 - [MESSAGE][PASSED] - All options with value '5' are selected in object 'Object Repository/RAD_Pages/SAU_MDForm202_Page/select_Select    Estimated Tax    Personal _7587a1'  using regular expression

2021-11-08 13:49:51 - [TEST_STEP][PASSED] - selectOptionByValue(findTestObject("Object Repository/RAD_Pages/SAU_MDForm202_Page/select_Select202220212020"), "2021", true): All options with value '2021' are selected in object 'Object Repository/RAD_Pages/SAU_MDForm202_Page/select_Select202220212020'  using regular expression

2021-11-08 13:50:22 - [MESSAGE][INFO] - Unable to find the element located by 'By.xpath: //*[@id = 'taxYear' and @name = 'taxYear' and (text() = 'Select202220212020' or . = 'Select202220212020')]'. Please recheck the objects properties to make sure the desired element is located. 

2021-11-08 13:50:22 - [MESSAGE][WARNING] - [SELF-HEALING] Failed to find element with id 'Object Repository/RAD_Pages/SAU_MDForm202_Page/select_Select202220212020'. Try using Self-healing.

2021-11-08 13:50:22 - [MESSAGE][WARNING] - [SELF-HEALING] The current locator of test object 'Object Repository/RAD_Pages/SAU_MDForm202_Page/select_Select202220212020' was broken. Propose an alternative one: '//select[@id='taxYear']'.

2021-11-08 13:50:23 - [MESSAGE][PASSED] - All options with value '2021' are selected in object 'Object Repository/RAD_Pages/SAU_MDForm202_Page/select_Select202220212020'  using regular expression

2021-11-08 13:50:23 - [TEST_STEP][PASSED] - selectOptionByValue(findTestObject("Object Repository/RAD_Pages/SAU_MDForm202_Page/select_MonthJanuaryFebruaryMarchAprilMayJun_aa9ebb"), "07", true): All options with value '07' are selected in object 'Object Repository/RAD_Pages/SAU_MDForm202_Page/select_MonthJanuaryFebruaryMarchAprilMayJun_aa9ebb'  using regular expression

2021-11-08 13:50:54 - [MESSAGE][INFO] - Unable to find the element located by 'By.xpath: //*[@id = 'salesUseMonth' and @name = 'salesUseMonth' and (text() = '
										    Month
											January
											February
											March
											April
											May
											June
											July
											August
											September
											October
											November
											December
										  ' or . = '
										    Month
											January
											February
											March
											April
											May
											June
											July
											August
											September
											October
											November
											December
										  ')]'. Please recheck the objects properties to make sure the desired element is located. 

2021-11-08 13:50:54 - [MESSAGE][WARNING] - [SELF-HEALING] Failed to find element with id 'Object Repository/RAD_Pages/SAU_MDForm202_Page/select_MonthJanuaryFebruaryMarchAprilMayJun_aa9ebb'. Try using Self-healing.

2021-11-08 13:50:54 - [MESSAGE][WARNING] - [SELF-HEALING] The current locator of test object 'Object Repository/RAD_Pages/SAU_MDForm202_Page/select_MonthJanuaryFebruaryMarchAprilMayJun_aa9ebb' was broken. Propose an alternative one: '//select[@id='salesUseMonth']'.

2021-11-08 13:50:55 - [MESSAGE][PASSED] - All options with value '07' are selected in object 'Object Repository/RAD_Pages/SAU_MDForm202_Page/select_MonthJanuaryFebruaryMarchAprilMayJun_aa9ebb'  using regular expression

2021-11-08 13:50:55 - [TEST_STEP][PASSED] - setText(findTestObject("Object Repository/RAD_Pages/SAU_MDForm202_Page/input_Note_businessName"), "My Business"): Text 'My Business' is set on object 'Object Repository/RAD_Pages/SAU_MDForm202_Page/input_Note_businessName'

2021-11-08 13:50:56 - [MESSAGE][PASSED] - Text 'My Business' is set on object 'Object Repository/RAD_Pages/SAU_MDForm202_Page/input_Note_businessName'

2021-11-08 13:50:56 - [TEST_STEP][PASSED] - setText(findTestObject("Object Repository/RAD_Pages/SAU_MDForm202_Page/input_Enter business name_firstName"), "Imtiaz"): Text 'Imtiaz' is set on object 'Object Repository/RAD_Pages/SAU_MDForm202_Page/input_Enter business name_firstName'

2021-11-08 13:50:57 - [MESSAGE][PASSED] - Text 'Imtiaz' is set on object 'Object Repository/RAD_Pages/SAU_MDForm202_Page/input_Enter business name_firstName'

2021-11-08 13:50:57 - [TEST_STEP][PASSED] - setText(findTestObject("Object Repository/RAD_Pages/SAU_MDForm202_Page/input_Enter first name_middleName"), "John"): Text 'John' is set on object 'Object Repository/RAD_Pages/SAU_MDForm202_Page/input_Enter first name_middleName'

2021-11-08 13:50:57 - [MESSAGE][PASSED] - Text 'John' is set on object 'Object Repository/RAD_Pages/SAU_MDForm202_Page/input_Enter first name_middleName'

2021-11-08 13:50:57 - [TEST_STEP][PASSED] - setText(findTestObject("Object Repository/RAD_Pages/SAU_MDForm202_Page/input_Middle Name_lastName"), "Ahmed"): Text 'Ahmed' is set on object 'Object Repository/RAD_Pages/SAU_MDForm202_Page/input_Middle Name_lastName'

2021-11-08 13:50:58 - [MESSAGE][PASSED] - Text 'Ahmed' is set on object 'Object Repository/RAD_Pages/SAU_MDForm202_Page/input_Middle Name_lastName'

2021-11-08 13:50:58 - [TEST_STEP][PASSED] - setText(findTestObject("Object Repository/RAD_Pages/SAU_MDForm202_Page/input_Enter last name_suffix"), "Mr"): Text 'Mr' is set on object 'Object Repository/RAD_Pages/SAU_MDForm202_Page/input_Enter last name_suffix'

2021-11-08 13:50:59 - [MESSAGE][PASSED] - Text 'Mr' is set on object 'Object Repository/RAD_Pages/SAU_MDForm202_Page/input_Enter last name_suffix'

2021-11-08 13:50:59 - [TEST_STEP][PASSED] - setText(findTestObject("Object Repository/RAD_Pages/SAU_MDForm202_Page/input_Select a country_streetAddress1"), "2311 york road"): Text '2311 york road' is set on object 'Object Repository/RAD_Pages/SAU_MDForm202_Page/input_Select a country_streetAddress1'

2021-11-08 13:51:00 - [MESSAGE][PASSED] - Text '2311 york road' is set on object 'Object Repository/RAD_Pages/SAU_MDForm202_Page/input_Select a country_streetAddress1'

2021-11-08 13:51:00 - [TEST_STEP][PASSED] - setText(findTestObject("Object Repository/RAD_Pages/SAU_MDForm202_Page/input_Enter address_streetAddress2"), "Suite 600"): Text 'Suite 600' is set on object 'Object Repository/RAD_Pages/SAU_MDForm202_Page/input_Enter address_streetAddress2'

2021-11-08 13:51:00 - [MESSAGE][PASSED] - Text 'Suite 600' is set on object 'Object Repository/RAD_Pages/SAU_MDForm202_Page/input_Enter address_streetAddress2'

2021-11-08 13:51:00 - [TEST_STEP][PASSED] - setText(findTestObject("Object Repository/RAD_Pages/SAU_MDForm202_Page/input_Street Address 2_city"), "Gambrills"): Text 'Gambrills' is set on object 'Object Repository/RAD_Pages/SAU_MDForm202_Page/input_Street Address 2_city'

2021-11-08 13:51:01 - [MESSAGE][PASSED] - Text 'Gambrills' is set on object 'Object Repository/RAD_Pages/SAU_MDForm202_Page/input_Street Address 2_city'

2021-11-08 13:51:01 - [TEST_STEP][PASSED] - selectOptionByValue(findTestObject("Object Repository/RAD_Pages/SAU_MDForm202_Page/select_SelectAlabamaAlaskaArizonaArkansasCa_90914a"), "MD", true): All options with value 'MD' are selected in object 'Object Repository/RAD_Pages/SAU_MDForm202_Page/select_SelectAlabamaAlaskaArizonaArkansasCa_90914a'  using regular expression

2021-11-08 13:51:03 - [MESSAGE][PASSED] - All options with value 'MD' are selected in object 'Object Repository/RAD_Pages/SAU_MDForm202_Page/select_SelectAlabamaAlaskaArizonaArkansasCa_90914a'  using regular expression

2021-11-08 13:51:03 - [TEST_STEP][PASSED] - setText(findTestObject("Object Repository/RAD_Pages/SAU_MDForm202_Page/input_Select a state_zipCode"), "21054"): Text '21054' is set on object 'Object Repository/RAD_Pages/SAU_MDForm202_Page/input_Select a state_zipCode'

2021-11-08 13:51:04 - [MESSAGE][PASSED] - Text '21054' is set on object 'Object Repository/RAD_Pages/SAU_MDForm202_Page/input_Select a state_zipCode'

2021-11-08 13:51:04 - [TEST_STEP][PASSED] - setText(findTestObject("Object Repository/RAD_Pages/SAU_MDForm202_Page/input_Enter ZIP code_phoneNumber"), "(703) 894-5000"): Text '(703) 894-5000' is set on object 'Object Repository/RAD_Pages/SAU_MDForm202_Page/input_Enter ZIP code_phoneNumber'

2021-11-08 13:51:04 - [MESSAGE][PASSED] - Text '(703) 894-5000' is set on object 'Object Repository/RAD_Pages/SAU_MDForm202_Page/input_Enter ZIP code_phoneNumber'

2021-11-08 13:51:04 - [TEST_STEP][PASSED] - setText(findTestObject("Object Repository/RAD_Pages/SAU_MDForm202_Page/input_Enter a phone number_eMailAddress"), "iahmed@govolution.com"): Text 'iahmed@govolution.com' is set on object 'Object Repository/RAD_Pages/SAU_MDForm202_Page/input_Enter a phone number_eMailAddress'

2021-11-08 13:51:05 - [MESSAGE][PASSED] - Text 'iahmed@govolution.com' is set on object 'Object Repository/RAD_Pages/SAU_MDForm202_Page/input_Enter a phone number_eMailAddress'

2021-11-08 13:51:05 - [TEST_STEP][PASSED] - setText(findTestObject("Object Repository/RAD_Pages/SAU_MDForm202_Page/input_Enter Email_reEnterEMailAddress"), "iahmed@govolution.com"): Text 'iahmed@govolution.com' is set on object 'Object Repository/RAD_Pages/SAU_MDForm202_Page/input_Enter Email_reEnterEMailAddress'

2021-11-08 13:51:06 - [MESSAGE][PASSED] - Text 'iahmed@govolution.com' is set on object 'Object Repository/RAD_Pages/SAU_MDForm202_Page/input_Enter Email_reEnterEMailAddress'

2021-11-08 13:51:06 - [TEST_STEP][PASSED] - setEncryptedText(findTestObject("Object Repository/RAD_Pages/TaxInfo_Page/input_FederalEIN"), "0fDtEjy4ijeV75Gl5M+mSg=="): Text ****** has been set on object 'Object Repository/RAD_Pages/TaxInfo_Page/input_FederalEIN'

2021-11-08 13:51:06 - [MESSAGE][PASSED] - Text ****** has been set on object 'Object Repository/RAD_Pages/TaxInfo_Page/input_FederalEIN'

2021-11-08 13:51:07 - [TEST_STEP][PASSED] - setEncryptedText(findTestObject("Object Repository/RAD_Pages/TaxInfo_Page/input_FederalEIN_ReEnter"), "0fDtEjy4ijeV75Gl5M+mSg=="): Text ****** has been set on object 'Object Repository/RAD_Pages/TaxInfo_Page/input_FederalEIN_ReEnter'

2021-11-08 13:51:07 - [MESSAGE][PASSED] - Text ****** has been set on object 'Object Repository/RAD_Pages/TaxInfo_Page/input_FederalEIN_ReEnter'

2021-11-08 13:51:07 - [TEST_STEP][PASSED] - setText(findTestObject("Object Repository/RAD_Pages/TaxInfo_Page/input_MDCRegistration"), "07640126"): Text '07640126' is set on object 'Object Repository/RAD_Pages/TaxInfo_Page/input_MDCRegistration'

2021-11-08 13:51:08 - [MESSAGE][PASSED] - Text '07640126' is set on object 'Object Repository/RAD_Pages/TaxInfo_Page/input_MDCRegistration'

2021-11-08 13:51:08 - [TEST_STEP][PASSED] - setText(findTestObject("Object Repository/RAD_Pages/SAU_MDForm202_Page/input__GrossSales2"), "2000.00"): Text '2000.00' is set on object 'Object Repository/RAD_Pages/SAU_MDForm202_Page/input__GrossSales2'

2021-11-08 13:51:09 - [MESSAGE][PASSED] - Text '2000.00' is set on object 'Object Repository/RAD_Pages/SAU_MDForm202_Page/input__GrossSales2'

2021-11-08 13:51:09 - [TEST_STEP][PASSED] - click(findTestObject("Object Repository/RAD_Pages/SalesTaxReturnInfo_Page/input_OutOfStateVendor")): Object: 'Object Repository/RAD_Pages/SalesTaxReturnInfo_Page/input_OutOfStateVendor' is clicked on

2021-11-08 13:51:09 - [MESSAGE][PASSED] - Object: 'Object Repository/RAD_Pages/SalesTaxReturnInfo_Page/input_OutOfStateVendor' is clicked on

2021-11-08 13:51:09 - [TEST_STEP][PASSED] - setText(findTestObject("Object Repository/RAD_Pages/SAU_MDForm202_Page/input__GrossSales2"), "2000.00"): Text '2000.00' is set on object 'Object Repository/RAD_Pages/SAU_MDForm202_Page/input__GrossSales2'

2021-11-08 13:51:10 - [MESSAGE][PASSED] - Text '2000.00' is set on object 'Object Repository/RAD_Pages/SAU_MDForm202_Page/input__GrossSales2'

2021-11-08 13:51:10 - [TEST_STEP][PASSED] - setText(findTestObject("Object Repository/RAD_Pages/SAU_MDForm202_Page/input__TaxableSales2"), "100.00"): Text '100.00' is set on object 'Object Repository/RAD_Pages/SAU_MDForm202_Page/input__TaxableSales2'

2021-11-08 13:51:10 - [MESSAGE][PASSED] - Text '100.00' is set on object 'Object Repository/RAD_Pages/SAU_MDForm202_Page/input__TaxableSales2'

2021-11-08 13:51:10 - [TEST_STEP][PASSED] - setText(findTestObject("Object Repository/RAD_Pages/SAU_MDForm202_Page/input__TaxableSalesESD2"), "100.00"): Text '100.00' is set on object 'Object Repository/RAD_Pages/SAU_MDForm202_Page/input__TaxableSalesESD2'

2021-11-08 13:51:11 - [MESSAGE][PASSED] - Text '100.00' is set on object 'Object Repository/RAD_Pages/SAU_MDForm202_Page/input__TaxableSalesESD2'

2021-11-08 13:51:11 - [TEST_STEP][PASSED] - setText(findTestObject("Object Repository/RAD_Pages/SAU_MDForm202_Page/input__TaxableSalesVapingLiquid2"), "100.00"): Text '100.00' is set on object 'Object Repository/RAD_Pages/SAU_MDForm202_Page/input__TaxableSalesVapingLiquid2'

2021-11-08 13:51:12 - [MESSAGE][PASSED] - Text '100.00' is set on object 'Object Repository/RAD_Pages/SAU_MDForm202_Page/input__TaxableSalesVapingLiquid2'

2021-11-08 13:51:12 - [TEST_STEP][PASSED] - setText(findTestObject("Object Repository/RAD_Pages/SAU_MDForm202_Page/input__CarRental2"), "100.00"): Text '100.00' is set on object 'Object Repository/RAD_Pages/SAU_MDForm202_Page/input__CarRental2'

2021-11-08 13:51:13 - [MESSAGE][PASSED] - Text '100.00' is set on object 'Object Repository/RAD_Pages/SAU_MDForm202_Page/input__CarRental2'

2021-11-08 13:51:13 - [TEST_STEP][PASSED] - setText(findTestObject("Object Repository/RAD_Pages/SAU_MDForm202_Page/input__TruckRental2"), "100.00"): Text '100.00' is set on object 'Object Repository/RAD_Pages/SAU_MDForm202_Page/input__TruckRental2'

2021-11-08 13:51:13 - [MESSAGE][PASSED] - Text '100.00' is set on object 'Object Repository/RAD_Pages/SAU_MDForm202_Page/input__TruckRental2'

2021-11-08 13:51:13 - [TEST_STEP][PASSED] - setText(findTestObject("Object Repository/RAD_Pages/SAU_MDForm202_Page/input__AlcoholSales2"), "100.00"): Text '100.00' is set on object 'Object Repository/RAD_Pages/SAU_MDForm202_Page/input__AlcoholSales2'

2021-11-08 13:51:14 - [MESSAGE][PASSED] - Text '100.00' is set on object 'Object Repository/RAD_Pages/SAU_MDForm202_Page/input__AlcoholSales2'

2021-11-08 13:51:14 - [TEST_STEP][PASSED] - setText(findTestObject("Object Repository/RAD_Pages/SAU_MDForm202_Page/input__Purchases2"), "100.00"): Text '100.00' is set on object 'Object Repository/RAD_Pages/SAU_MDForm202_Page/input__Purchases2'

2021-11-08 13:51:15 - [MESSAGE][PASSED] - Text '100.00' is set on object 'Object Repository/RAD_Pages/SAU_MDForm202_Page/input__Purchases2'

2021-11-08 13:51:15 - [TEST_STEP][PASSED] - setText(findTestObject("Object Repository/RAD_Pages/SAU_MDForm202_Page/input__TruckRentalPurchases2"), "100.00"): Text '100.00' is set on object 'Object Repository/RAD_Pages/SAU_MDForm202_Page/input__TruckRentalPurchases2'

2021-11-08 13:51:16 - [MESSAGE][PASSED] - Text '100.00' is set on object 'Object Repository/RAD_Pages/SAU_MDForm202_Page/input__TruckRentalPurchases2'

2021-11-08 13:51:16 - [TEST_STEP][PASSED] - setText(findTestObject("Object Repository/RAD_Pages/SAU_MDForm202_Page/input__AlcoholPurchases2"), "100.00"): Text '100.00' is set on object 'Object Repository/RAD_Pages/SAU_MDForm202_Page/input__AlcoholPurchases2'

2021-11-08 13:51:16 - [MESSAGE][PASSED] - Text '100.00' is set on object 'Object Repository/RAD_Pages/SAU_MDForm202_Page/input__AlcoholPurchases2'

2021-11-08 13:51:16 - [TEST_STEP][PASSED] - setText(findTestObject("Object Repository/RAD_Pages/SAU_MDForm202_Page/input__CarRentalPurchases2"), "100.00"): Text '100.00' is set on object 'Object Repository/RAD_Pages/SAU_MDForm202_Page/input__CarRentalPurchases2'

2021-11-08 13:51:17 - [MESSAGE][PASSED] - Text '100.00' is set on object 'Object Repository/RAD_Pages/SAU_MDForm202_Page/input__CarRentalPurchases2'

2021-11-08 13:51:17 - [TEST_STEP][PASSED] - setText(findTestObject("Object Repository/RAD_Pages/SAU_MDForm202_Page/input__ESDPurchases2"), "100.00"): Text '100.00' is set on object 'Object Repository/RAD_Pages/SAU_MDForm202_Page/input__ESDPurchases2'

2021-11-08 13:51:18 - [MESSAGE][PASSED] - Text '100.00' is set on object 'Object Repository/RAD_Pages/SAU_MDForm202_Page/input__ESDPurchases2'

2021-11-08 13:51:18 - [TEST_STEP][PASSED] - setText(findTestObject("Object Repository/RAD_Pages/SAU_MDForm202_Page/input__VapingLiquidPurchases2"), "100.00"): Text '100.00' is set on object 'Object Repository/RAD_Pages/SAU_MDForm202_Page/input__VapingLiquidPurchases2'

2021-11-08 13:51:19 - [MESSAGE][PASSED] - Text '100.00' is set on object 'Object Repository/RAD_Pages/SAU_MDForm202_Page/input__VapingLiquidPurchases2'

2021-11-08 13:51:19 - [TEST_STEP][PASSED] - setText(findTestObject("Object Repository/RAD_Pages/SAU_MDForm202_Page/input__Refund2"), "100.00"): Text '100.00' is set on object 'Object Repository/RAD_Pages/SAU_MDForm202_Page/input__Refund2'

2021-11-08 13:51:19 - [MESSAGE][PASSED] - Text '100.00' is set on object 'Object Repository/RAD_Pages/SAU_MDForm202_Page/input__Refund2'

2021-11-08 13:51:19 - [TEST_STEP][PASSED] - setText(findTestObject("Object Repository/RAD_Pages/SAU_MDForm202_Page/input__PenaltyInterest2"), "100.00"): Text '100.00' is set on object 'Object Repository/RAD_Pages/SAU_MDForm202_Page/input__PenaltyInterest2'

2021-11-08 13:51:20 - [MESSAGE][PASSED] - Text '100.00' is set on object 'Object Repository/RAD_Pages/SAU_MDForm202_Page/input__PenaltyInterest2'

2021-11-08 13:51:20 - [TEST_STEP][PASSED] - setText(findTestObject("Object Repository/RAD_Pages/SAU_MDForm202_Page/input__E911Fee2"), "95.00"): Text '95.00' is set on object 'Object Repository/RAD_Pages/SAU_MDForm202_Page/input__E911Fee2'

2021-11-08 13:51:21 - [MESSAGE][PASSED] - Text '95.00' is set on object 'Object Repository/RAD_Pages/SAU_MDForm202_Page/input__E911Fee2'

2021-11-08 13:51:21 - [TEST_STEP][PASSED] - scrollToElement(findTestObject("Object Repository/RAD_Pages/SAU_MDForm202_Page/button_Continue"), 3): Scroll to object 'Object Repository/RAD_Pages/SAU_MDForm202_Page/button_Continue' successfully

2021-11-08 13:51:21 - [MESSAGE][PASSED] - Scroll to object 'Object Repository/RAD_Pages/SAU_MDForm202_Page/button_Continue' successfully

2021-11-08 13:51:21 - [TEST_STEP][PASSED] - waitForElementClickable(findTestObject("Object Repository/RAD_Pages/SAU_MDForm202_Page/button_Continue"), 5): Object 'Object Repository/RAD_Pages/SAU_MDForm202_Page/button_Continue' is clickable

2021-11-08 13:51:22 - [MESSAGE][PASSED] - Object 'Object Repository/RAD_Pages/SAU_MDForm202_Page/button_Continue' is clickable

2021-11-08 13:51:22 - [TEST_STEP][PASSED] - click(findTestObject("Object Repository/RAD_Pages/SAU_MDForm202_Page/button_Continue")): Object: 'Object Repository/RAD_Pages/SAU_MDForm202_Page/button_Continue' is clicked on

2021-11-08 13:51:22 - [MESSAGE][PASSED] - Object: 'Object Repository/RAD_Pages/SAU_MDForm202_Page/button_Continue' is clicked on

2021-11-08 13:51:22 - [TEST_STEP][PASSED] - click(findTestObject("Object Repository/RAD_Pages/SAU_MDForm202_Page/button_Proceed to Payment")): Object: 'Object Repository/RAD_Pages/SAU_MDForm202_Page/button_Proceed to Payment' is clicked on

2021-11-08 13:51:25 - [MESSAGE][PASSED] - Object: 'Object Repository/RAD_Pages/SAU_MDForm202_Page/button_Proceed to Payment' is clicked on

2021-11-08 13:51:25 - [TEST_STEP][PASSED] - setText(findTestObject("Object Repository/RAD_Pages/SAU_MDForm202_Page/input__cardNumber"), "4111111111111111"): Text '4111111111111111' is set on object 'Object Repository/RAD_Pages/SAU_MDForm202_Page/input__cardNumber'

2021-11-08 13:51:26 - [MESSAGE][PASSED] - Text '4111111111111111' is set on object 'Object Repository/RAD_Pages/SAU_MDForm202_Page/input__cardNumber'

2021-11-08 13:51:26 - [TEST_STEP][PASSED] - setText(findTestObject("Object Repository/RAD_Pages/SAU_MDForm202_Page/input__spc"), "123"): Text '123' is set on object 'Object Repository/RAD_Pages/SAU_MDForm202_Page/input__spc'

2021-11-08 13:51:26 - [MESSAGE][PASSED] - Text '123' is set on object 'Object Repository/RAD_Pages/SAU_MDForm202_Page/input__spc'

2021-11-08 13:51:26 - [TEST_STEP][PASSED] - selectOptionByValue(findTestObject("Object Repository/RAD_Pages/SAU_MDForm202_Page/select_MM010203040506070809101112"), "12", true): All options with value '12' are selected in object 'Object Repository/RAD_Pages/SAU_MDForm202_Page/select_MM010203040506070809101112'  using regular expression

2021-11-08 13:51:27 - [MESSAGE][PASSED] - All options with value '12' are selected in object 'Object Repository/RAD_Pages/SAU_MDForm202_Page/select_MM010203040506070809101112'  using regular expression

2021-11-08 13:51:27 - [TEST_STEP][PASSED] - selectOptionByValue(findTestObject("Object Repository/RAD_Pages/SAU_MDForm202_Page/select_YYYY20212022202320242025202620272028_8c4dd4"), "2025", true): All options with value '2025' are selected in object 'Object Repository/RAD_Pages/SAU_MDForm202_Page/select_YYYY20212022202320242025202620272028_8c4dd4'  using regular expression

2021-11-08 13:51:29 - [MESSAGE][PASSED] - All options with value '2025' are selected in object 'Object Repository/RAD_Pages/SAU_MDForm202_Page/select_YYYY20212022202320242025202620272028_8c4dd4'  using regular expression

2021-11-08 13:51:29 - [TEST_STEP][PASSED] - click(findTestObject("Object Repository/RAD_Pages/SAU_MDForm202_Page/input_BillInvoice Details_ccSubmit")): Object: 'Object Repository/RAD_Pages/SAU_MDForm202_Page/input_BillInvoice Details_ccSubmit' is clicked on

2021-11-08 13:51:30 - [MESSAGE][PASSED] - Object: 'Object Repository/RAD_Pages/SAU_MDForm202_Page/input_BillInvoice Details_ccSubmit' is clicked on

2021-11-08 13:51:30 - [TEST_STEP][PASSED] - click(findTestObject("Object Repository/RAD_Pages/SAU_MDForm202_Page/input_233.40_confirmNotifyAction")): Object: 'Object Repository/RAD_Pages/SAU_MDForm202_Page/input_233.40_confirmNotifyAction' is clicked on

2021-11-08 13:51:31 - [MESSAGE][PASSED] - Object: 'Object Repository/RAD_Pages/SAU_MDForm202_Page/input_233.40_confirmNotifyAction' is clicked on

2021-11-08 13:51:31 - [TEST_STEP][PASSED] - click(findTestObject("Object Repository/RAD_Pages/SAU_MDForm202_Page/input_239.12_convFeeNotifyAction")): Object: 'Object Repository/RAD_Pages/SAU_MDForm202_Page/input_239.12_convFeeNotifyAction' is clicked on

2021-11-08 13:51:33 - [MESSAGE][PASSED] - Object: 'Object Repository/RAD_Pages/SAU_MDForm202_Page/input_239.12_convFeeNotifyAction' is clicked on

2021-11-08 13:51:33 - [TEST_STEP][PASSED] - delay(10): Delayed 10 second(s)

2021-11-08 13:51:43 - [MESSAGE][PASSED] - Delayed 10 second(s)

2021-11-08 13:51:43 - [TEST_STEP][PASSED] - verifyTextPresent("Successful Payment Receipt", true): Text 'Successful Payment Receipt' is present on page  using regular expression

2021-11-08 13:51:43 - [MESSAGE][PASSED] - Text 'Successful Payment Receipt' is present on page  using regular expression

2021-11-08 13:51:43 - [TEST_STEP][PASSED] - closeBrowser(): Browser is closed

2021-11-08 13:51:44 - [MESSAGE][PASSED] - Browser is closed]]></system-out>
         <system-err><![CDATA[]]></system-err>
      </testcase>
      <testcase name="Test Cases/RAD_TestCases/PaymentsHardCoded/SAU_MDForm202F_AfterJuly2021_BothChkBox_HC_TC" time="125.952" classname="Test Cases/RAD_TestCases/PaymentsHardCoded/SAU_MDForm202F_AfterJuly2021_BothChkBox_HC_TC" status="PASSED">
         <system-out><![CDATA[2021-11-08 13:51:44 - [TEST_CASE][PASSED] - Test Cases/RAD_TestCases/PaymentsHardCoded/SAU_MDForm202F_AfterJuly2021_BothChkBox_HC_TC: Test Cases/RAD_TestCases/PaymentsHardCoded/SAU_MDForm202F_AfterJuly2021_BothChkBox_HC_TC

2021-11-08 13:51:44 - [TEST_STEP][PASSED] - openBrowser(""): Browser is opened with url: ''

2021-11-08 13:51:44 - [MESSAGE][INFO] - Starting 'Chrome' driver

2021-11-08 13:51:44 - [MESSAGE][INFO] - User set preference: ['acceptInsecureCerts', 'true']

2021-11-08 13:51:44 - [MESSAGE][INFO] - Action delay is set to 0 milliseconds

2021-11-08 13:51:46 - [MESSAGE][PASSED] - Browser is opened with url: ''

2021-11-08 13:51:46 - [TEST_STEP][PASSED] - navigateToUrl("https://qa.velocitypayment.com/client/rad/index.html"): Navigate to 'https://qa.velocitypayment.com/client/rad/index.html' successfully

2021-11-08 13:51:48 - [MESSAGE][PASSED] - Navigate to 'https://qa.velocitypayment.com/client/rad/index.html' successfully

2021-11-08 13:51:48 - [TEST_STEP][PASSED] - selectOptionByValue(findTestObject("Object Repository/RAD_Pages/SAU_MDForm202F_MF_AfterJuly2021_Page/select_Select    Estimated Tax    Personal _7587a1"), "5", true): All options with value '5' are selected in object 'Object Repository/RAD_Pages/SAU_MDForm202F_MF_AfterJuly2021_Page/select_Select    Estimated Tax    Personal _7587a1'  using regular expression

2021-11-08 13:51:49 - [MESSAGE][PASSED] - All options with value '5' are selected in object 'Object Repository/RAD_Pages/SAU_MDForm202F_MF_AfterJuly2021_Page/select_Select    Estimated Tax    Personal _7587a1'  using regular expression

2021-11-08 13:51:49 - [TEST_STEP][PASSED] - selectOptionByValue(findTestObject("Object Repository/RAD_Pages/SAU_MDForm202F_MF_AfterJuly2021_Page/select_Select202220212020"), "2021", true): All options with value '2021' are selected in object 'Object Repository/RAD_Pages/SAU_MDForm202F_MF_AfterJuly2021_Page/select_Select202220212020'  using regular expression

2021-11-08 13:52:20 - [MESSAGE][INFO] - Unable to find the element located by 'By.xpath: //*[@id = 'taxYear' and @name = 'taxYear' and (text() = 'Select202220212020' or . = 'Select202220212020')]'. Please recheck the objects properties to make sure the desired element is located. 

2021-11-08 13:52:20 - [MESSAGE][WARNING] - [SELF-HEALING] Failed to find element with id 'Object Repository/RAD_Pages/SAU_MDForm202F_MF_AfterJuly2021_Page/select_Select202220212020'. Try using Self-healing.

2021-11-08 13:52:20 - [MESSAGE][WARNING] - [SELF-HEALING] The current locator of test object 'Object Repository/RAD_Pages/SAU_MDForm202F_MF_AfterJuly2021_Page/select_Select202220212020' was broken. Propose an alternative one: '//select[@id='taxYear']'.

2021-11-08 13:52:21 - [MESSAGE][PASSED] - All options with value '2021' are selected in object 'Object Repository/RAD_Pages/SAU_MDForm202F_MF_AfterJuly2021_Page/select_Select202220212020'  using regular expression

2021-11-08 13:52:21 - [TEST_STEP][PASSED] - selectOptionByValue(findTestObject("Object Repository/RAD_Pages/SAU_MDForm202F_MF_AfterJuly2021_Page/select_MonthJanuaryFebruaryMarchAprilMayJun_aa9ebb"), "08", true): All options with value '08' are selected in object 'Object Repository/RAD_Pages/SAU_MDForm202F_MF_AfterJuly2021_Page/select_MonthJanuaryFebruaryMarchAprilMayJun_aa9ebb'  using regular expression

2021-11-08 13:52:52 - [MESSAGE][INFO] - Unable to find the element located by 'By.xpath: //*[@id = 'salesUseMonth' and @name = 'salesUseMonth' and (text() = '
										    Month
											January
											February
											March
											April
											May
											June
											July
											August
											September
											October
											November
											December
										  ' or . = '
										    Month
											January
											February
											March
											April
											May
											June
											July
											August
											September
											October
											November
											December
										  ')]'. Please recheck the objects properties to make sure the desired element is located. 

2021-11-08 13:52:52 - [MESSAGE][WARNING] - [SELF-HEALING] Failed to find element with id 'Object Repository/RAD_Pages/SAU_MDForm202F_MF_AfterJuly2021_Page/select_MonthJanuaryFebruaryMarchAprilMayJun_aa9ebb'. Try using Self-healing.

2021-11-08 13:52:52 - [MESSAGE][WARNING] - [SELF-HEALING] The current locator of test object 'Object Repository/RAD_Pages/SAU_MDForm202F_MF_AfterJuly2021_Page/select_MonthJanuaryFebruaryMarchAprilMayJun_aa9ebb' was broken. Propose an alternative one: '//select[@id='salesUseMonth']'.

2021-11-08 13:52:53 - [MESSAGE][PASSED] - All options with value '08' are selected in object 'Object Repository/RAD_Pages/SAU_MDForm202F_MF_AfterJuly2021_Page/select_MonthJanuaryFebruaryMarchAprilMayJun_aa9ebb'  using regular expression

2021-11-08 13:52:53 - [TEST_STEP][PASSED] - setText(findTestObject("Object Repository/RAD_Pages/SAU_MDForm202F_MF_AfterJuly2021_Page/input_Note_businessName"), "Broken Glass, LLC"): Text 'Broken Glass, LLC' is set on object 'Object Repository/RAD_Pages/SAU_MDForm202F_MF_AfterJuly2021_Page/input_Note_businessName'

2021-11-08 13:52:54 - [MESSAGE][PASSED] - Text 'Broken Glass, LLC' is set on object 'Object Repository/RAD_Pages/SAU_MDForm202F_MF_AfterJuly2021_Page/input_Note_businessName'

2021-11-08 13:52:54 - [TEST_STEP][PASSED] - setText(findTestObject("Object Repository/RAD_Pages/SAU_MDForm202F_MF_AfterJuly2021_Page/input_Enter business name_firstName"), "Andy"): Text 'Andy' is set on object 'Object Repository/RAD_Pages/SAU_MDForm202F_MF_AfterJuly2021_Page/input_Enter business name_firstName'

2021-11-08 13:52:55 - [MESSAGE][PASSED] - Text 'Andy' is set on object 'Object Repository/RAD_Pages/SAU_MDForm202F_MF_AfterJuly2021_Page/input_Enter business name_firstName'

2021-11-08 13:52:55 - [TEST_STEP][PASSED] - setText(findTestObject("Object Repository/RAD_Pages/SAU_MDForm202F_MF_AfterJuly2021_Page/input_Enter first name_middleName"), "Lament"): Text 'Lament' is set on object 'Object Repository/RAD_Pages/SAU_MDForm202F_MF_AfterJuly2021_Page/input_Enter first name_middleName'

2021-11-08 13:52:56 - [MESSAGE][PASSED] - Text 'Lament' is set on object 'Object Repository/RAD_Pages/SAU_MDForm202F_MF_AfterJuly2021_Page/input_Enter first name_middleName'

2021-11-08 13:52:56 - [TEST_STEP][PASSED] - setText(findTestObject("Object Repository/RAD_Pages/SAU_MDForm202F_MF_AfterJuly2021_Page/input_Middle Name_lastName"), "Mohl"): Text 'Mohl' is set on object 'Object Repository/RAD_Pages/SAU_MDForm202F_MF_AfterJuly2021_Page/input_Middle Name_lastName'

2021-11-08 13:52:56 - [MESSAGE][PASSED] - Text 'Mohl' is set on object 'Object Repository/RAD_Pages/SAU_MDForm202F_MF_AfterJuly2021_Page/input_Middle Name_lastName'

2021-11-08 13:52:56 - [TEST_STEP][PASSED] - setText(findTestObject("Object Repository/RAD_Pages/SAU_MDForm202F_MF_AfterJuly2021_Page/input_Enter last name_suffix"), "Jr"): Text 'Jr' is set on object 'Object Repository/RAD_Pages/SAU_MDForm202F_MF_AfterJuly2021_Page/input_Enter last name_suffix'

2021-11-08 13:52:57 - [MESSAGE][PASSED] - Text 'Jr' is set on object 'Object Repository/RAD_Pages/SAU_MDForm202F_MF_AfterJuly2021_Page/input_Enter last name_suffix'

2021-11-08 13:52:57 - [TEST_STEP][PASSED] - setText(findTestObject("Object Repository/RAD_Pages/SAU_MDForm202F_MF_AfterJuly2021_Page/input_Select a country_streetAddress1"), "147 Elm St"): Text '147 Elm St' is set on object 'Object Repository/RAD_Pages/SAU_MDForm202F_MF_AfterJuly2021_Page/input_Select a country_streetAddress1'

2021-11-08 13:52:58 - [MESSAGE][PASSED] - Text '147 Elm St' is set on object 'Object Repository/RAD_Pages/SAU_MDForm202F_MF_AfterJuly2021_Page/input_Select a country_streetAddress1'

2021-11-08 13:52:58 - [TEST_STEP][PASSED] - setText(findTestObject("Object Repository/RAD_Pages/SAU_MDForm202F_MF_AfterJuly2021_Page/input_Enter address_streetAddress2"), "Room 147"): Text 'Room 147' is set on object 'Object Repository/RAD_Pages/SAU_MDForm202F_MF_AfterJuly2021_Page/input_Enter address_streetAddress2'

2021-11-08 13:52:58 - [MESSAGE][PASSED] - Text 'Room 147' is set on object 'Object Repository/RAD_Pages/SAU_MDForm202F_MF_AfterJuly2021_Page/input_Enter address_streetAddress2'

2021-11-08 13:52:58 - [TEST_STEP][PASSED] - setText(findTestObject("Object Repository/RAD_Pages/SAU_MDForm202F_MF_AfterJuly2021_Page/input_Street Address 2_city"), "Lutherville Timonium"): Text 'Lutherville Timonium' is set on object 'Object Repository/RAD_Pages/SAU_MDForm202F_MF_AfterJuly2021_Page/input_Street Address 2_city'

2021-11-08 13:52:59 - [MESSAGE][PASSED] - Text 'Lutherville Timonium' is set on object 'Object Repository/RAD_Pages/SAU_MDForm202F_MF_AfterJuly2021_Page/input_Street Address 2_city'

2021-11-08 13:52:59 - [TEST_STEP][PASSED] - selectOptionByValue(findTestObject("Object Repository/RAD_Pages/SAU_MDForm202F_MF_AfterJuly2021_Page/select_SelectAlabamaAlaskaArizonaArkansasCa_90914a"), "MD", true): All options with value 'MD' are selected in object 'Object Repository/RAD_Pages/SAU_MDForm202F_MF_AfterJuly2021_Page/select_SelectAlabamaAlaskaArizonaArkansasCa_90914a'  using regular expression

2021-11-08 13:53:01 - [MESSAGE][PASSED] - All options with value 'MD' are selected in object 'Object Repository/RAD_Pages/SAU_MDForm202F_MF_AfterJuly2021_Page/select_SelectAlabamaAlaskaArizonaArkansasCa_90914a'  using regular expression

2021-11-08 13:53:01 - [TEST_STEP][PASSED] - setText(findTestObject("Object Repository/RAD_Pages/SAU_MDForm202F_MF_AfterJuly2021_Page/input_Select a state_zipCode"), "21030"): Text '21030' is set on object 'Object Repository/RAD_Pages/SAU_MDForm202F_MF_AfterJuly2021_Page/input_Select a state_zipCode'

2021-11-08 13:53:02 - [MESSAGE][PASSED] - Text '21030' is set on object 'Object Repository/RAD_Pages/SAU_MDForm202F_MF_AfterJuly2021_Page/input_Select a state_zipCode'

2021-11-08 13:53:02 - [TEST_STEP][PASSED] - setText(findTestObject("Object Repository/RAD_Pages/SAU_MDForm202F_MF_AfterJuly2021_Page/input_Enter ZIP code_phoneNumber"), "(703) 894-5000"): Text '(703) 894-5000' is set on object 'Object Repository/RAD_Pages/SAU_MDForm202F_MF_AfterJuly2021_Page/input_Enter ZIP code_phoneNumber'

2021-11-08 13:53:02 - [MESSAGE][PASSED] - Text '(703) 894-5000' is set on object 'Object Repository/RAD_Pages/SAU_MDForm202F_MF_AfterJuly2021_Page/input_Enter ZIP code_phoneNumber'

2021-11-08 13:53:02 - [TEST_STEP][PASSED] - setText(findTestObject("Object Repository/RAD_Pages/SAU_MDForm202F_MF_AfterJuly2021_Page/input_Enter a phone number_eMailAddress"), "iahmed@govolution.com"): Text 'iahmed@govolution.com' is set on object 'Object Repository/RAD_Pages/SAU_MDForm202F_MF_AfterJuly2021_Page/input_Enter a phone number_eMailAddress'

2021-11-08 13:53:03 - [MESSAGE][PASSED] - Text 'iahmed@govolution.com' is set on object 'Object Repository/RAD_Pages/SAU_MDForm202F_MF_AfterJuly2021_Page/input_Enter a phone number_eMailAddress'

2021-11-08 13:53:03 - [TEST_STEP][PASSED] - setText(findTestObject("Object Repository/RAD_Pages/SAU_MDForm202F_MF_AfterJuly2021_Page/input_Enter Email_reEnterEMailAddress"), "iahmed@govolution.com"): Text 'iahmed@govolution.com' is set on object 'Object Repository/RAD_Pages/SAU_MDForm202F_MF_AfterJuly2021_Page/input_Enter Email_reEnterEMailAddress'

2021-11-08 13:53:04 - [MESSAGE][PASSED] - Text 'iahmed@govolution.com' is set on object 'Object Repository/RAD_Pages/SAU_MDForm202F_MF_AfterJuly2021_Page/input_Enter Email_reEnterEMailAddress'

2021-11-08 13:53:04 - [TEST_STEP][PASSED] - setEncryptedText(findTestObject("Object Repository/RAD_Pages/TaxInfo_Page/input_FederalEIN"), "0fDtEjy4ijeV75Gl5M+mSg=="): Text ****** has been set on object 'Object Repository/RAD_Pages/TaxInfo_Page/input_FederalEIN'

2021-11-08 13:53:04 - [MESSAGE][PASSED] - Text ****** has been set on object 'Object Repository/RAD_Pages/TaxInfo_Page/input_FederalEIN'

2021-11-08 13:53:04 - [TEST_STEP][PASSED] - setEncryptedText(findTestObject("Object Repository/RAD_Pages/TaxInfo_Page/input_FederalEIN_ReEnter"), "0fDtEjy4ijeV75Gl5M+mSg=="): Text ****** has been set on object 'Object Repository/RAD_Pages/TaxInfo_Page/input_FederalEIN_ReEnter'

2021-11-08 13:53:05 - [MESSAGE][PASSED] - Text ****** has been set on object 'Object Repository/RAD_Pages/TaxInfo_Page/input_FederalEIN_ReEnter'

2021-11-08 13:53:05 - [TEST_STEP][PASSED] - setText(findTestObject("Object Repository/RAD_Pages/TaxInfo_Page/input_MDCRegistration"), "07640126"): Text '07640126' is set on object 'Object Repository/RAD_Pages/TaxInfo_Page/input_MDCRegistration'

2021-11-08 13:53:06 - [MESSAGE][PASSED] - Text '07640126' is set on object 'Object Repository/RAD_Pages/TaxInfo_Page/input_MDCRegistration'

2021-11-08 13:53:06 - [TEST_STEP][PASSED] - setText(findTestObject("Object Repository/RAD_Pages/SAU_MDForm202F_MF_AfterJuly2021_Page/input__GrossSales2"), "3000.00"): Text '3000.00' is set on object 'Object Repository/RAD_Pages/SAU_MDForm202F_MF_AfterJuly2021_Page/input__GrossSales2'

2021-11-08 13:53:06 - [MESSAGE][PASSED] - Text '3000.00' is set on object 'Object Repository/RAD_Pages/SAU_MDForm202F_MF_AfterJuly2021_Page/input__GrossSales2'

2021-11-08 13:53:06 - [TEST_STEP][PASSED] - click(findTestObject("Object Repository/RAD_Pages/SAU_MDForm202F_MF_AfterJuly2021_Page/input_Sales Tax Return Information_Marketpl_2444a2")): Object: 'Object Repository/RAD_Pages/SAU_MDForm202F_MF_AfterJuly2021_Page/input_Sales Tax Return Information_Marketpl_2444a2' is clicked on

2021-11-08 13:53:07 - [MESSAGE][PASSED] - Object: 'Object Repository/RAD_Pages/SAU_MDForm202F_MF_AfterJuly2021_Page/input_Sales Tax Return Information_Marketpl_2444a2' is clicked on

2021-11-08 13:53:07 - [TEST_STEP][PASSED] - click(findTestObject("Object Repository/RAD_Pages/SalesTaxReturnInfo_Page/input_OutOfStateVendor")): Object: 'Object Repository/RAD_Pages/SalesTaxReturnInfo_Page/input_OutOfStateVendor' is clicked on

2021-11-08 13:53:07 - [MESSAGE][PASSED] - Object: 'Object Repository/RAD_Pages/SalesTaxReturnInfo_Page/input_OutOfStateVendor' is clicked on

2021-11-08 13:53:07 - [TEST_STEP][PASSED] - setText(findTestObject("Object Repository/RAD_Pages/SAU_MDForm202F_MF_AfterJuly2021_Page/input__FacGrossSales2"), "3000.00"): Text '3000.00' is set on object 'Object Repository/RAD_Pages/SAU_MDForm202F_MF_AfterJuly2021_Page/input__FacGrossSales2'

2021-11-08 13:53:08 - [MESSAGE][PASSED] - Text '3000.00' is set on object 'Object Repository/RAD_Pages/SAU_MDForm202F_MF_AfterJuly2021_Page/input__FacGrossSales2'

2021-11-08 13:53:08 - [TEST_STEP][PASSED] - setText(findTestObject("Object Repository/RAD_Pages/SAU_MDForm202F_MF_AfterJuly2021_Page/input__FacTaxableSales2"), "100.00"): Text '100.00' is set on object 'Object Repository/RAD_Pages/SAU_MDForm202F_MF_AfterJuly2021_Page/input__FacTaxableSales2'

2021-11-08 13:53:09 - [MESSAGE][PASSED] - Text '100.00' is set on object 'Object Repository/RAD_Pages/SAU_MDForm202F_MF_AfterJuly2021_Page/input__FacTaxableSales2'

2021-11-08 13:53:09 - [TEST_STEP][PASSED] - setText(findTestObject("Object Repository/RAD_Pages/SAU_MDForm202F_MF_AfterJuly2021_Page/input__FacSalesDigitalProduct2"), "100.00"): Text '100.00' is set on object 'Object Repository/RAD_Pages/SAU_MDForm202F_MF_AfterJuly2021_Page/input__FacSalesDigitalProduct2'

2021-11-08 13:53:10 - [MESSAGE][PASSED] - Text '100.00' is set on object 'Object Repository/RAD_Pages/SAU_MDForm202F_MF_AfterJuly2021_Page/input__FacSalesDigitalProduct2'

2021-11-08 13:53:10 - [TEST_STEP][PASSED] - setText(findTestObject("Object Repository/RAD_Pages/SAU_MDForm202F_MF_AfterJuly2021_Page/input__FacTaxableSalesESD2"), "100.00"): Text '100.00' is set on object 'Object Repository/RAD_Pages/SAU_MDForm202F_MF_AfterJuly2021_Page/input__FacTaxableSalesESD2'

2021-11-08 13:53:10 - [MESSAGE][PASSED] - Text '100.00' is set on object 'Object Repository/RAD_Pages/SAU_MDForm202F_MF_AfterJuly2021_Page/input__FacTaxableSalesESD2'

2021-11-08 13:53:10 - [TEST_STEP][PASSED] - setText(findTestObject("Object Repository/RAD_Pages/SAU_MDForm202F_MF_AfterJuly2021_Page/input__FacTaxableSalesVapingLiquid2"), "100.00"): Text '100.00' is set on object 'Object Repository/RAD_Pages/SAU_MDForm202F_MF_AfterJuly2021_Page/input__FacTaxableSalesVapingLiquid2'

2021-11-08 13:53:11 - [MESSAGE][PASSED] - Text '100.00' is set on object 'Object Repository/RAD_Pages/SAU_MDForm202F_MF_AfterJuly2021_Page/input__FacTaxableSalesVapingLiquid2'

2021-11-08 13:53:11 - [TEST_STEP][PASSED] - setText(findTestObject("Object Repository/RAD_Pages/SAU_MDForm202F_MF_AfterJuly2021_Page/input__FacCarRental2"), "100.00"): Text '100.00' is set on object 'Object Repository/RAD_Pages/SAU_MDForm202F_MF_AfterJuly2021_Page/input__FacCarRental2'

2021-11-08 13:53:12 - [MESSAGE][PASSED] - Text '100.00' is set on object 'Object Repository/RAD_Pages/SAU_MDForm202F_MF_AfterJuly2021_Page/input__FacCarRental2'

2021-11-08 13:53:12 - [TEST_STEP][PASSED] - setText(findTestObject("Object Repository/RAD_Pages/SAU_MDForm202F_MF_AfterJuly2021_Page/input__FacTruckRental2"), "100.00"): Text '100.00' is set on object 'Object Repository/RAD_Pages/SAU_MDForm202F_MF_AfterJuly2021_Page/input__FacTruckRental2'

2021-11-08 13:53:13 - [MESSAGE][PASSED] - Text '100.00' is set on object 'Object Repository/RAD_Pages/SAU_MDForm202F_MF_AfterJuly2021_Page/input__FacTruckRental2'

2021-11-08 13:53:13 - [TEST_STEP][PASSED] - setText(findTestObject("Object Repository/RAD_Pages/SAU_MDForm202F_MF_AfterJuly2021_Page/input__FacAlcoholSales2"), "100.00"): Text '100.00' is set on object 'Object Repository/RAD_Pages/SAU_MDForm202F_MF_AfterJuly2021_Page/input__FacAlcoholSales2'

2021-11-08 13:53:13 - [MESSAGE][PASSED] - Text '100.00' is set on object 'Object Repository/RAD_Pages/SAU_MDForm202F_MF_AfterJuly2021_Page/input__FacAlcoholSales2'

2021-11-08 13:53:13 - [TEST_STEP][PASSED] - setText(findTestObject("Object Repository/RAD_Pages/SAU_MDForm202F_MF_AfterJuly2021_Page/input__GrossSales2"), "3000.00"): Text '3000.00' is set on object 'Object Repository/RAD_Pages/SAU_MDForm202F_MF_AfterJuly2021_Page/input__GrossSales2'

2021-11-08 13:53:14 - [MESSAGE][PASSED] - Text '3000.00' is set on object 'Object Repository/RAD_Pages/SAU_MDForm202F_MF_AfterJuly2021_Page/input__GrossSales2'

2021-11-08 13:53:14 - [TEST_STEP][PASSED] - setText(findTestObject("Object Repository/RAD_Pages/SAU_MDForm202F_MF_AfterJuly2021_Page/input__TaxableSales2"), "100.00"): Text '100.00' is set on object 'Object Repository/RAD_Pages/SAU_MDForm202F_MF_AfterJuly2021_Page/input__TaxableSales2'

2021-11-08 13:53:15 - [MESSAGE][PASSED] - Text '100.00' is set on object 'Object Repository/RAD_Pages/SAU_MDForm202F_MF_AfterJuly2021_Page/input__TaxableSales2'

2021-11-08 13:53:15 - [TEST_STEP][PASSED] - setText(findTestObject("Object Repository/RAD_Pages/SAU_MDForm202F_MF_AfterJuly2021_Page/input__TaxableSalesDigitalProduct2"), "100.00"): Text '100.00' is set on object 'Object Repository/RAD_Pages/SAU_MDForm202F_MF_AfterJuly2021_Page/input__TaxableSalesDigitalProduct2'

2021-11-08 13:53:16 - [MESSAGE][PASSED] - Text '100.00' is set on object 'Object Repository/RAD_Pages/SAU_MDForm202F_MF_AfterJuly2021_Page/input__TaxableSalesDigitalProduct2'

2021-11-08 13:53:16 - [TEST_STEP][PASSED] - setText(findTestObject("Object Repository/RAD_Pages/SAU_MDForm202F_MF_AfterJuly2021_Page/input__TaxableSalesESD2"), "100.00"): Text '100.00' is set on object 'Object Repository/RAD_Pages/SAU_MDForm202F_MF_AfterJuly2021_Page/input__TaxableSalesESD2'

2021-11-08 13:53:16 - [MESSAGE][PASSED] - Text '100.00' is set on object 'Object Repository/RAD_Pages/SAU_MDForm202F_MF_AfterJuly2021_Page/input__TaxableSalesESD2'

2021-11-08 13:53:16 - [TEST_STEP][PASSED] - setText(findTestObject("Object Repository/RAD_Pages/SAU_MDForm202F_MF_AfterJuly2021_Page/input__TaxableSalesVapingLiquid2"), "100.00"): Text '100.00' is set on object 'Object Repository/RAD_Pages/SAU_MDForm202F_MF_AfterJuly2021_Page/input__TaxableSalesVapingLiquid2'

2021-11-08 13:53:17 - [MESSAGE][PASSED] - Text '100.00' is set on object 'Object Repository/RAD_Pages/SAU_MDForm202F_MF_AfterJuly2021_Page/input__TaxableSalesVapingLiquid2'

2021-11-08 13:53:17 - [TEST_STEP][PASSED] - setText(findTestObject("Object Repository/RAD_Pages/SAU_MDForm202F_MF_AfterJuly2021_Page/input__CarRental2"), "100.00"): Text '100.00' is set on object 'Object Repository/RAD_Pages/SAU_MDForm202F_MF_AfterJuly2021_Page/input__CarRental2'

2021-11-08 13:53:18 - [MESSAGE][PASSED] - Text '100.00' is set on object 'Object Repository/RAD_Pages/SAU_MDForm202F_MF_AfterJuly2021_Page/input__CarRental2'

2021-11-08 13:53:18 - [TEST_STEP][PASSED] - setText(findTestObject("Object Repository/RAD_Pages/SAU_MDForm202F_MF_AfterJuly2021_Page/input__TruckRental2"), "100.00"): Text '100.00' is set on object 'Object Repository/RAD_Pages/SAU_MDForm202F_MF_AfterJuly2021_Page/input__TruckRental2'

2021-11-08 13:53:19 - [MESSAGE][PASSED] - Text '100.00' is set on object 'Object Repository/RAD_Pages/SAU_MDForm202F_MF_AfterJuly2021_Page/input__TruckRental2'

2021-11-08 13:53:19 - [TEST_STEP][PASSED] - setText(findTestObject("Object Repository/RAD_Pages/SAU_MDForm202F_MF_AfterJuly2021_Page/input__AlcoholSales2"), "100.00"): Text '100.00' is set on object 'Object Repository/RAD_Pages/SAU_MDForm202F_MF_AfterJuly2021_Page/input__AlcoholSales2'

2021-11-08 13:53:19 - [MESSAGE][PASSED] - Text '100.00' is set on object 'Object Repository/RAD_Pages/SAU_MDForm202F_MF_AfterJuly2021_Page/input__AlcoholSales2'

2021-11-08 13:53:19 - [TEST_STEP][PASSED] - setText(findTestObject("Object Repository/RAD_Pages/SAU_MDForm202F_MF_AfterJuly2021_Page/input__Purchases2"), "100.00"): Text '100.00' is set on object 'Object Repository/RAD_Pages/SAU_MDForm202F_MF_AfterJuly2021_Page/input__Purchases2'

2021-11-08 13:53:20 - [MESSAGE][PASSED] - Text '100.00' is set on object 'Object Repository/RAD_Pages/SAU_MDForm202F_MF_AfterJuly2021_Page/input__Purchases2'

2021-11-08 13:53:20 - [TEST_STEP][PASSED] - setText(findTestObject("Object Repository/RAD_Pages/SAU_MDForm202F_MF_AfterJuly2021_Page/input__TruckRentalPurchases2"), "100.00"): Text '100.00' is set on object 'Object Repository/RAD_Pages/SAU_MDForm202F_MF_AfterJuly2021_Page/input__TruckRentalPurchases2'

2021-11-08 13:53:21 - [MESSAGE][PASSED] - Text '100.00' is set on object 'Object Repository/RAD_Pages/SAU_MDForm202F_MF_AfterJuly2021_Page/input__TruckRentalPurchases2'

2021-11-08 13:53:21 - [TEST_STEP][PASSED] - setText(findTestObject("Object Repository/RAD_Pages/SAU_MDForm202F_MF_AfterJuly2021_Page/input__AlcoholPurchases2"), "100.00"): Text '100.00' is set on object 'Object Repository/RAD_Pages/SAU_MDForm202F_MF_AfterJuly2021_Page/input__AlcoholPurchases2'

2021-11-08 13:53:22 - [MESSAGE][PASSED] - Text '100.00' is set on object 'Object Repository/RAD_Pages/SAU_MDForm202F_MF_AfterJuly2021_Page/input__AlcoholPurchases2'

2021-11-08 13:53:22 - [TEST_STEP][PASSED] - setText(findTestObject("Object Repository/RAD_Pages/SAU_MDForm202F_MF_AfterJuly2021_Page/input__CarRentalPurchases2"), "100.00"): Text '100.00' is set on object 'Object Repository/RAD_Pages/SAU_MDForm202F_MF_AfterJuly2021_Page/input__CarRentalPurchases2'

2021-11-08 13:53:22 - [MESSAGE][PASSED] - Text '100.00' is set on object 'Object Repository/RAD_Pages/SAU_MDForm202F_MF_AfterJuly2021_Page/input__CarRentalPurchases2'

2021-11-08 13:53:22 - [TEST_STEP][PASSED] - setText(findTestObject("Object Repository/RAD_Pages/SAU_MDForm202F_MF_AfterJuly2021_Page/input__ESDPurchases2"), "100.00"): Text '100.00' is set on object 'Object Repository/RAD_Pages/SAU_MDForm202F_MF_AfterJuly2021_Page/input__ESDPurchases2'

2021-11-08 13:53:23 - [MESSAGE][PASSED] - Text '100.00' is set on object 'Object Repository/RAD_Pages/SAU_MDForm202F_MF_AfterJuly2021_Page/input__ESDPurchases2'

2021-11-08 13:53:23 - [TEST_STEP][PASSED] - setText(findTestObject("Object Repository/RAD_Pages/SAU_MDForm202F_MF_AfterJuly2021_Page/input__VapingLiquidPurchases2"), "100.00"): Text '100.00' is set on object 'Object Repository/RAD_Pages/SAU_MDForm202F_MF_AfterJuly2021_Page/input__VapingLiquidPurchases2'

2021-11-08 13:53:24 - [MESSAGE][PASSED] - Text '100.00' is set on object 'Object Repository/RAD_Pages/SAU_MDForm202F_MF_AfterJuly2021_Page/input__VapingLiquidPurchases2'

2021-11-08 13:53:24 - [TEST_STEP][PASSED] - setText(findTestObject("Object Repository/RAD_Pages/SAU_MDForm202F_MF_AfterJuly2021_Page/input__Refund2"), "100.00"): Text '100.00' is set on object 'Object Repository/RAD_Pages/SAU_MDForm202F_MF_AfterJuly2021_Page/input__Refund2'

2021-11-08 13:53:25 - [MESSAGE][PASSED] - Text '100.00' is set on object 'Object Repository/RAD_Pages/SAU_MDForm202F_MF_AfterJuly2021_Page/input__Refund2'

2021-11-08 13:53:25 - [TEST_STEP][PASSED] - setText(findTestObject("Object Repository/RAD_Pages/SAU_MDForm202F_MF_AfterJuly2021_Page/input__E911Fee2"), "95.00"): Text '95.00' is set on object 'Object Repository/RAD_Pages/SAU_MDForm202F_MF_AfterJuly2021_Page/input__E911Fee2'

2021-11-08 13:53:26 - [MESSAGE][PASSED] - Text '95.00' is set on object 'Object Repository/RAD_Pages/SAU_MDForm202F_MF_AfterJuly2021_Page/input__E911Fee2'

2021-11-08 13:53:26 - [TEST_STEP][PASSED] - scrollToElement(findTestObject("Object Repository/RAD_Pages/SAU_MDForm202_Page/button_Continue"), 3): Scroll to object 'Object Repository/RAD_Pages/SAU_MDForm202_Page/button_Continue' successfully

2021-11-08 13:53:26 - [MESSAGE][PASSED] - Scroll to object 'Object Repository/RAD_Pages/SAU_MDForm202_Page/button_Continue' successfully

2021-11-08 13:53:26 - [TEST_STEP][PASSED] - waitForElementClickable(findTestObject("Object Repository/RAD_Pages/SAU_MDForm202_Page/button_Continue"), 5): Object 'Object Repository/RAD_Pages/SAU_MDForm202_Page/button_Continue' is clickable

2021-11-08 13:53:27 - [MESSAGE][PASSED] - Object 'Object Repository/RAD_Pages/SAU_MDForm202_Page/button_Continue' is clickable

2021-11-08 13:53:27 - [TEST_STEP][PASSED] - click(findTestObject("Object Repository/RAD_Pages/SAU_MDForm202_Page/button_Continue")): Object: 'Object Repository/RAD_Pages/SAU_MDForm202_Page/button_Continue' is clicked on

2021-11-08 13:53:27 - [MESSAGE][PASSED] - Object: 'Object Repository/RAD_Pages/SAU_MDForm202_Page/button_Continue' is clicked on

2021-11-08 13:53:27 - [TEST_STEP][PASSED] - click(findTestObject("Object Repository/RAD_Pages/SAU_MDForm202_Page/button_Proceed to Payment")): Object: 'Object Repository/RAD_Pages/SAU_MDForm202_Page/button_Proceed to Payment' is clicked on

2021-11-08 13:53:31 - [MESSAGE][PASSED] - Object: 'Object Repository/RAD_Pages/SAU_MDForm202_Page/button_Proceed to Payment' is clicked on

2021-11-08 13:53:31 - [TEST_STEP][PASSED] - setText(findTestObject("Object Repository/RAD_Pages/SAU_MDForm202F_MF_AfterJuly2021_Page/input__cardNumber"), "4111111111111111"): Text '4111111111111111' is set on object 'Object Repository/RAD_Pages/SAU_MDForm202F_MF_AfterJuly2021_Page/input__cardNumber'

2021-11-08 13:53:32 - [MESSAGE][PASSED] - Text '4111111111111111' is set on object 'Object Repository/RAD_Pages/SAU_MDForm202F_MF_AfterJuly2021_Page/input__cardNumber'

2021-11-08 13:53:32 - [TEST_STEP][PASSED] - setText(findTestObject("Object Repository/RAD_Pages/SAU_MDForm202F_MF_AfterJuly2021_Page/input__spc"), "123"): Text '123' is set on object 'Object Repository/RAD_Pages/SAU_MDForm202F_MF_AfterJuly2021_Page/input__spc'

2021-11-08 13:53:32 - [MESSAGE][PASSED] - Text '123' is set on object 'Object Repository/RAD_Pages/SAU_MDForm202F_MF_AfterJuly2021_Page/input__spc'

2021-11-08 13:53:32 - [TEST_STEP][PASSED] - selectOptionByValue(findTestObject("Object Repository/RAD_Pages/SAU_MDForm202F_MF_AfterJuly2021_Page/select_MM010203040506070809101112"), "4", true): All options with value '4' are selected in object 'Object Repository/RAD_Pages/SAU_MDForm202F_MF_AfterJuly2021_Page/select_MM010203040506070809101112'  using regular expression

2021-11-08 13:53:33 - [MESSAGE][PASSED] - All options with value '4' are selected in object 'Object Repository/RAD_Pages/SAU_MDForm202F_MF_AfterJuly2021_Page/select_MM010203040506070809101112'  using regular expression

2021-11-08 13:53:33 - [TEST_STEP][PASSED] - selectOptionByValue(findTestObject("Object Repository/RAD_Pages/SAU_MDForm202F_MF_AfterJuly2021_Page/select_YYYY20212022202320242025202620272028_8c4dd4"), "2027", true): All options with value '2027' are selected in object 'Object Repository/RAD_Pages/SAU_MDForm202F_MF_AfterJuly2021_Page/select_YYYY20212022202320242025202620272028_8c4dd4'  using regular expression

2021-11-08 13:53:34 - [MESSAGE][PASSED] - All options with value '2027' are selected in object 'Object Repository/RAD_Pages/SAU_MDForm202F_MF_AfterJuly2021_Page/select_YYYY20212022202320242025202620272028_8c4dd4'  using regular expression

2021-11-08 13:53:34 - [TEST_STEP][PASSED] - click(findTestObject("Object Repository/RAD_Pages/SAU_MDForm202F_MF_AfterJuly2021_Page/input_BillInvoice Details_ccSubmit")): Object: 'Object Repository/RAD_Pages/SAU_MDForm202F_MF_AfterJuly2021_Page/input_BillInvoice Details_ccSubmit' is clicked on

2021-11-08 13:53:36 - [MESSAGE][PASSED] - Object: 'Object Repository/RAD_Pages/SAU_MDForm202F_MF_AfterJuly2021_Page/input_BillInvoice Details_ccSubmit' is clicked on

2021-11-08 13:53:36 - [TEST_STEP][PASSED] - click(findTestObject("Object Repository/RAD_Pages/SAU_MDForm202F_MF_AfterJuly2021_Page/input_275.75_confirmNotifyAction")): Object: 'Object Repository/RAD_Pages/SAU_MDForm202F_MF_AfterJuly2021_Page/input_275.75_confirmNotifyAction' is clicked on

2021-11-08 13:53:37 - [MESSAGE][PASSED] - Object: 'Object Repository/RAD_Pages/SAU_MDForm202F_MF_AfterJuly2021_Page/input_275.75_confirmNotifyAction' is clicked on

2021-11-08 13:53:37 - [TEST_STEP][PASSED] - click(findTestObject("Object Repository/RAD_Pages/SAU_MDForm202F_MF_AfterJuly2021_Page/input_282.51_convFeeNotifyAction")): Object: 'Object Repository/RAD_Pages/SAU_MDForm202F_MF_AfterJuly2021_Page/input_282.51_convFeeNotifyAction' is clicked on

2021-11-08 13:53:39 - [MESSAGE][PASSED] - Object: 'Object Repository/RAD_Pages/SAU_MDForm202F_MF_AfterJuly2021_Page/input_282.51_convFeeNotifyAction' is clicked on

2021-11-08 13:53:39 - [TEST_STEP][PASSED] - delay(10): Delayed 10 second(s)

2021-11-08 13:53:49 - [MESSAGE][PASSED] - Delayed 10 second(s)

2021-11-08 13:53:49 - [TEST_STEP][PASSED] - verifyTextPresent("Successful Payment Receipt", true): Text 'Successful Payment Receipt' is present on page  using regular expression

2021-11-08 13:53:49 - [MESSAGE][PASSED] - Text 'Successful Payment Receipt' is present on page  using regular expression

2021-11-08 13:53:49 - [TEST_STEP][PASSED] - closeBrowser(): Browser is closed

2021-11-08 13:53:50 - [MESSAGE][PASSED] - Browser is closed]]></system-out>
         <system-err><![CDATA[]]></system-err>
      </testcase>
      <testcase name="Test Cases/RAD_TestCases/PaymentsHardCoded/SAU_MDForm202F_BeforeJuly2021_BothChkBox_HC_TC" time="115.853" classname="Test Cases/RAD_TestCases/PaymentsHardCoded/SAU_MDForm202F_BeforeJuly2021_BothChkBox_HC_TC" status="PASSED">
         <system-out><![CDATA[2021-11-08 13:53:50 - [TEST_CASE][PASSED] - Test Cases/RAD_TestCases/PaymentsHardCoded/SAU_MDForm202F_BeforeJuly2021_BothChkBox_HC_TC: Test Cases/RAD_TestCases/PaymentsHardCoded/SAU_MDForm202F_BeforeJuly2021_BothChkBox_HC_TC

2021-11-08 13:53:50 - [TEST_STEP][PASSED] - openBrowser(""): Browser is opened with url: ''

2021-11-08 13:53:50 - [MESSAGE][INFO] - Starting 'Chrome' driver

2021-11-08 13:53:50 - [MESSAGE][INFO] - User set preference: ['acceptInsecureCerts', 'true']

2021-11-08 13:53:50 - [MESSAGE][INFO] - Action delay is set to 0 milliseconds

2021-11-08 13:53:52 - [MESSAGE][PASSED] - Browser is opened with url: ''

2021-11-08 13:53:52 - [TEST_STEP][PASSED] - navigateToUrl("https://qa.velocitypayment.com/client/rad/index.html"): Navigate to 'https://qa.velocitypayment.com/client/rad/index.html' successfully

2021-11-08 13:53:54 - [MESSAGE][PASSED] - Navigate to 'https://qa.velocitypayment.com/client/rad/index.html' successfully

2021-11-08 13:53:54 - [TEST_STEP][PASSED] - selectOptionByValue(findTestObject("Object Repository/RAD_Pages/SAU_MDForm202F_MF_BeforeJuly2021_Page/select_Select    Estimated Tax    Personal _7587a1"), "5", true): All options with value '5' are selected in object 'Object Repository/RAD_Pages/SAU_MDForm202F_MF_BeforeJuly2021_Page/select_Select    Estimated Tax    Personal _7587a1'  using regular expression

2021-11-08 13:53:55 - [MESSAGE][PASSED] - All options with value '5' are selected in object 'Object Repository/RAD_Pages/SAU_MDForm202F_MF_BeforeJuly2021_Page/select_Select    Estimated Tax    Personal _7587a1'  using regular expression

2021-11-08 13:53:55 - [TEST_STEP][PASSED] - selectOptionByValue(findTestObject("Object Repository/RAD_Pages/SAU_MDForm202F_MF_BeforeJuly2021_Page/select_Select202220212020"), "2021", true): All options with value '2021' are selected in object 'Object Repository/RAD_Pages/SAU_MDForm202F_MF_BeforeJuly2021_Page/select_Select202220212020'  using regular expression

2021-11-08 13:54:26 - [MESSAGE][INFO] - Unable to find the element located by 'By.xpath: //*[@id = 'taxYear' and @name = 'taxYear' and (text() = 'Select202220212020' or . = 'Select202220212020')]'. Please recheck the objects properties to make sure the desired element is located. 

2021-11-08 13:54:26 - [MESSAGE][WARNING] - [SELF-HEALING] Failed to find element with id 'Object Repository/RAD_Pages/SAU_MDForm202F_MF_BeforeJuly2021_Page/select_Select202220212020'. Try using Self-healing.

2021-11-08 13:54:26 - [MESSAGE][WARNING] - [SELF-HEALING] The current locator of test object 'Object Repository/RAD_Pages/SAU_MDForm202F_MF_BeforeJuly2021_Page/select_Select202220212020' was broken. Propose an alternative one: '//select[@id='taxYear']'.

2021-11-08 13:54:27 - [MESSAGE][PASSED] - All options with value '2021' are selected in object 'Object Repository/RAD_Pages/SAU_MDForm202F_MF_BeforeJuly2021_Page/select_Select202220212020'  using regular expression

2021-11-08 13:54:27 - [TEST_STEP][PASSED] - selectOptionByValue(findTestObject("Object Repository/RAD_Pages/SAU_MDForm202F_MF_BeforeJuly2021_Page/select_MonthJanuaryFebruaryMarchAprilMayJun_aa9ebb"), "01", true): All options with value '01' are selected in object 'Object Repository/RAD_Pages/SAU_MDForm202F_MF_BeforeJuly2021_Page/select_MonthJanuaryFebruaryMarchAprilMayJun_aa9ebb'  using regular expression

2021-11-08 13:54:58 - [MESSAGE][INFO] - Unable to find the element located by 'By.xpath: //*[@id = 'salesUseMonth' and @name = 'salesUseMonth' and (text() = '
										    Month
											January
											February
											March
											April
											May
											June
											July
											August
											September
											October
											November
											December
										  ' or . = '
										    Month
											January
											February
											March
											April
											May
											June
											July
											August
											September
											October
											November
											December
										  ')]'. Please recheck the objects properties to make sure the desired element is located. 

2021-11-08 13:54:58 - [MESSAGE][WARNING] - [SELF-HEALING] Failed to find element with id 'Object Repository/RAD_Pages/SAU_MDForm202F_MF_BeforeJuly2021_Page/select_MonthJanuaryFebruaryMarchAprilMayJun_aa9ebb'. Try using Self-healing.

2021-11-08 13:54:59 - [MESSAGE][WARNING] - [SELF-HEALING] The current locator of test object 'Object Repository/RAD_Pages/SAU_MDForm202F_MF_BeforeJuly2021_Page/select_MonthJanuaryFebruaryMarchAprilMayJun_aa9ebb' was broken. Propose an alternative one: '//select[@id='salesUseMonth']'.

2021-11-08 13:54:59 - [MESSAGE][PASSED] - All options with value '01' are selected in object 'Object Repository/RAD_Pages/SAU_MDForm202F_MF_BeforeJuly2021_Page/select_MonthJanuaryFebruaryMarchAprilMayJun_aa9ebb'  using regular expression

2021-11-08 13:54:59 - [TEST_STEP][PASSED] - setText(findTestObject("Object Repository/RAD_Pages/SAU_MDForm202F_MF_BeforeJuly2021_Page/input_Note_businessName"), "Barista Foundry"): Text 'Barista Foundry' is set on object 'Object Repository/RAD_Pages/SAU_MDForm202F_MF_BeforeJuly2021_Page/input_Note_businessName'

2021-11-08 13:55:00 - [MESSAGE][PASSED] - Text 'Barista Foundry' is set on object 'Object Repository/RAD_Pages/SAU_MDForm202F_MF_BeforeJuly2021_Page/input_Note_businessName'

2021-11-08 13:55:00 - [TEST_STEP][PASSED] - setText(findTestObject("Object Repository/RAD_Pages/SAU_MDForm202F_MF_BeforeJuly2021_Page/input_Enter business name_firstName"), "Eoin"): Text 'Eoin' is set on object 'Object Repository/RAD_Pages/SAU_MDForm202F_MF_BeforeJuly2021_Page/input_Enter business name_firstName'

2021-11-08 13:55:01 - [MESSAGE][PASSED] - Text 'Eoin' is set on object 'Object Repository/RAD_Pages/SAU_MDForm202F_MF_BeforeJuly2021_Page/input_Enter business name_firstName'

2021-11-08 13:55:01 - [TEST_STEP][PASSED] - setText(findTestObject("Object Repository/RAD_Pages/SAU_MDForm202F_MF_BeforeJuly2021_Page/input_Middle Name_lastName"), "Morgan"): Text 'Morgan' is set on object 'Object Repository/RAD_Pages/SAU_MDForm202F_MF_BeforeJuly2021_Page/input_Middle Name_lastName'

2021-11-08 13:55:02 - [MESSAGE][PASSED] - Text 'Morgan' is set on object 'Object Repository/RAD_Pages/SAU_MDForm202F_MF_BeforeJuly2021_Page/input_Middle Name_lastName'

2021-11-08 13:55:02 - [TEST_STEP][PASSED] - setText(findTestObject("Object Repository/RAD_Pages/SAU_MDForm202F_MF_BeforeJuly2021_Page/input_Select a country_streetAddress1"), "145 King street"): Text '145 King street' is set on object 'Object Repository/RAD_Pages/SAU_MDForm202F_MF_BeforeJuly2021_Page/input_Select a country_streetAddress1'

2021-11-08 13:55:02 - [MESSAGE][PASSED] - Text '145 King street' is set on object 'Object Repository/RAD_Pages/SAU_MDForm202F_MF_BeforeJuly2021_Page/input_Select a country_streetAddress1'

2021-11-08 13:55:02 - [TEST_STEP][PASSED] - setText(findTestObject("Object Repository/RAD_Pages/SAU_MDForm202F_MF_BeforeJuly2021_Page/input_Street Address 2_city"), "severn"): Text 'severn' is set on object 'Object Repository/RAD_Pages/SAU_MDForm202F_MF_BeforeJuly2021_Page/input_Street Address 2_city'

2021-11-08 13:55:03 - [MESSAGE][PASSED] - Text 'severn' is set on object 'Object Repository/RAD_Pages/SAU_MDForm202F_MF_BeforeJuly2021_Page/input_Street Address 2_city'

2021-11-08 13:55:03 - [TEST_STEP][PASSED] - selectOptionByValue(findTestObject("Object Repository/RAD_Pages/SAU_MDForm202F_MF_BeforeJuly2021_Page/select_SelectAlabamaAlaskaArizonaArkansasCa_90914a"), "MD", true): All options with value 'MD' are selected in object 'Object Repository/RAD_Pages/SAU_MDForm202F_MF_BeforeJuly2021_Page/select_SelectAlabamaAlaskaArizonaArkansasCa_90914a'  using regular expression

2021-11-08 13:55:05 - [MESSAGE][PASSED] - All options with value 'MD' are selected in object 'Object Repository/RAD_Pages/SAU_MDForm202F_MF_BeforeJuly2021_Page/select_SelectAlabamaAlaskaArizonaArkansasCa_90914a'  using regular expression

2021-11-08 13:55:05 - [TEST_STEP][PASSED] - setText(findTestObject("Object Repository/RAD_Pages/SAU_MDForm202F_MF_BeforeJuly2021_Page/input_Select a state_zipCode"), "21114"): Text '21114' is set on object 'Object Repository/RAD_Pages/SAU_MDForm202F_MF_BeforeJuly2021_Page/input_Select a state_zipCode'

2021-11-08 13:55:05 - [MESSAGE][PASSED] - Text '21114' is set on object 'Object Repository/RAD_Pages/SAU_MDForm202F_MF_BeforeJuly2021_Page/input_Select a state_zipCode'

2021-11-08 13:55:05 - [TEST_STEP][PASSED] - setText(findTestObject("Object Repository/RAD_Pages/SAU_MDForm202F_MF_BeforeJuly2021_Page/input_Select a state_zipCode"), "20720"): Text '20720' is set on object 'Object Repository/RAD_Pages/SAU_MDForm202F_MF_BeforeJuly2021_Page/input_Select a state_zipCode'

2021-11-08 13:55:06 - [MESSAGE][PASSED] - Text '20720' is set on object 'Object Repository/RAD_Pages/SAU_MDForm202F_MF_BeforeJuly2021_Page/input_Select a state_zipCode'

2021-11-08 13:55:06 - [TEST_STEP][PASSED] - setText(findTestObject("Object Repository/RAD_Pages/SAU_MDForm202F_MF_BeforeJuly2021_Page/input_Enter ZIP code_phoneNumber"), "(703) 894-5000"): Text '(703) 894-5000' is set on object 'Object Repository/RAD_Pages/SAU_MDForm202F_MF_BeforeJuly2021_Page/input_Enter ZIP code_phoneNumber'

2021-11-08 13:55:07 - [MESSAGE][PASSED] - Text '(703) 894-5000' is set on object 'Object Repository/RAD_Pages/SAU_MDForm202F_MF_BeforeJuly2021_Page/input_Enter ZIP code_phoneNumber'

2021-11-08 13:55:07 - [TEST_STEP][PASSED] - setText(findTestObject("Object Repository/RAD_Pages/SAU_MDForm202F_MF_BeforeJuly2021_Page/input_Enter a phone number_eMailAddress"), "iahmed@govolution.com"): Text 'iahmed@govolution.com' is set on object 'Object Repository/RAD_Pages/SAU_MDForm202F_MF_BeforeJuly2021_Page/input_Enter a phone number_eMailAddress'

2021-11-08 13:55:08 - [MESSAGE][PASSED] - Text 'iahmed@govolution.com' is set on object 'Object Repository/RAD_Pages/SAU_MDForm202F_MF_BeforeJuly2021_Page/input_Enter a phone number_eMailAddress'

2021-11-08 13:55:08 - [TEST_STEP][PASSED] - setText(findTestObject("Object Repository/RAD_Pages/SAU_MDForm202F_MF_BeforeJuly2021_Page/input_Enter Email_reEnterEMailAddress"), "iahmed@govolution.com"): Text 'iahmed@govolution.com' is set on object 'Object Repository/RAD_Pages/SAU_MDForm202F_MF_BeforeJuly2021_Page/input_Enter Email_reEnterEMailAddress'

2021-11-08 13:55:08 - [MESSAGE][PASSED] - Text 'iahmed@govolution.com' is set on object 'Object Repository/RAD_Pages/SAU_MDForm202F_MF_BeforeJuly2021_Page/input_Enter Email_reEnterEMailAddress'

2021-11-08 13:55:08 - [TEST_STEP][PASSED] - setEncryptedText(findTestObject("Object Repository/RAD_Pages/TaxInfo_Page/input_FederalEIN"), "0fDtEjy4ijeV75Gl5M+mSg=="): Text ****** has been set on object 'Object Repository/RAD_Pages/TaxInfo_Page/input_FederalEIN'

2021-11-08 13:55:09 - [MESSAGE][PASSED] - Text ****** has been set on object 'Object Repository/RAD_Pages/TaxInfo_Page/input_FederalEIN'

2021-11-08 13:55:09 - [TEST_STEP][PASSED] - setEncryptedText(findTestObject("Object Repository/RAD_Pages/TaxInfo_Page/input_FederalEIN_ReEnter"), "0fDtEjy4ijeV75Gl5M+mSg=="): Text ****** has been set on object 'Object Repository/RAD_Pages/TaxInfo_Page/input_FederalEIN_ReEnter'

2021-11-08 13:55:10 - [MESSAGE][PASSED] - Text ****** has been set on object 'Object Repository/RAD_Pages/TaxInfo_Page/input_FederalEIN_ReEnter'

2021-11-08 13:55:10 - [TEST_STEP][PASSED] - setText(findTestObject("Object Repository/RAD_Pages/TaxInfo_Page/input_MDCRegistration"), "07640126"): Text '07640126' is set on object 'Object Repository/RAD_Pages/TaxInfo_Page/input_MDCRegistration'

2021-11-08 13:55:10 - [MESSAGE][PASSED] - Text '07640126' is set on object 'Object Repository/RAD_Pages/TaxInfo_Page/input_MDCRegistration'

2021-11-08 13:55:10 - [TEST_STEP][PASSED] - setText(findTestObject("Object Repository/RAD_Pages/SAU_MDForm202F_MF_BeforeJuly2021_Page/input__GrossSales1"), "1000.00"): Text '1000.00' is set on object 'Object Repository/RAD_Pages/SAU_MDForm202F_MF_BeforeJuly2021_Page/input__GrossSales1'

2021-11-08 13:55:11 - [MESSAGE][PASSED] - Text '1000.00' is set on object 'Object Repository/RAD_Pages/SAU_MDForm202F_MF_BeforeJuly2021_Page/input__GrossSales1'

2021-11-08 13:55:11 - [TEST_STEP][PASSED] - click(findTestObject("Object Repository/RAD_Pages/SAU_MDForm202F_MF_BeforeJuly2021_Page/input_MarketplaceFacilitator_ChkBox")): Object: 'Object Repository/RAD_Pages/SAU_MDForm202F_MF_BeforeJuly2021_Page/input_MarketplaceFacilitator_ChkBox' is clicked on

2021-11-08 13:55:11 - [MESSAGE][PASSED] - Object: 'Object Repository/RAD_Pages/SAU_MDForm202F_MF_BeforeJuly2021_Page/input_MarketplaceFacilitator_ChkBox' is clicked on

2021-11-08 13:55:11 - [TEST_STEP][PASSED] - click(findTestObject("Object Repository/RAD_Pages/SalesTaxReturnInfo_Page/input_OutOfStateVendor")): Object: 'Object Repository/RAD_Pages/SalesTaxReturnInfo_Page/input_OutOfStateVendor' is clicked on

2021-11-08 13:55:12 - [MESSAGE][PASSED] - Object: 'Object Repository/RAD_Pages/SalesTaxReturnInfo_Page/input_OutOfStateVendor' is clicked on

2021-11-08 13:55:12 - [TEST_STEP][PASSED] - setText(findTestObject("Object Repository/RAD_Pages/SAU_MDForm202F_MF_BeforeJuly2021_Page/input__FacGrossSales1"), "3000.00"): Text '3000.00' is set on object 'Object Repository/RAD_Pages/SAU_MDForm202F_MF_BeforeJuly2021_Page/input__FacGrossSales1'

2021-11-08 13:55:12 - [MESSAGE][PASSED] - Text '3000.00' is set on object 'Object Repository/RAD_Pages/SAU_MDForm202F_MF_BeforeJuly2021_Page/input__FacGrossSales1'

2021-11-08 13:55:12 - [TEST_STEP][PASSED] - setText(findTestObject("Object Repository/RAD_Pages/SAU_MDForm202F_MF_BeforeJuly2021_Page/input__FacTaxableSales1"), "100.00"): Text '100.00' is set on object 'Object Repository/RAD_Pages/SAU_MDForm202F_MF_BeforeJuly2021_Page/input__FacTaxableSales1'

2021-11-08 13:55:13 - [MESSAGE][PASSED] - Text '100.00' is set on object 'Object Repository/RAD_Pages/SAU_MDForm202F_MF_BeforeJuly2021_Page/input__FacTaxableSales1'

2021-11-08 13:55:13 - [TEST_STEP][PASSED] - setText(findTestObject("Object Repository/RAD_Pages/SAU_MDForm202F_MF_BeforeJuly2021_Page/input__FacCarRental1"), "100.00"): Text '100.00' is set on object 'Object Repository/RAD_Pages/SAU_MDForm202F_MF_BeforeJuly2021_Page/input__FacCarRental1'

2021-11-08 13:55:14 - [MESSAGE][PASSED] - Text '100.00' is set on object 'Object Repository/RAD_Pages/SAU_MDForm202F_MF_BeforeJuly2021_Page/input__FacCarRental1'

2021-11-08 13:55:14 - [TEST_STEP][PASSED] - setText(findTestObject("Object Repository/RAD_Pages/SAU_MDForm202F_MF_BeforeJuly2021_Page/input__FacTruckRental1"), "100.00"): Text '100.00' is set on object 'Object Repository/RAD_Pages/SAU_MDForm202F_MF_BeforeJuly2021_Page/input__FacTruckRental1'

2021-11-08 13:55:15 - [MESSAGE][PASSED] - Text '100.00' is set on object 'Object Repository/RAD_Pages/SAU_MDForm202F_MF_BeforeJuly2021_Page/input__FacTruckRental1'

2021-11-08 13:55:15 - [TEST_STEP][PASSED] - setText(findTestObject("Object Repository/RAD_Pages/SAU_MDForm202F_MF_BeforeJuly2021_Page/input__FacAlcoholSales1"), "100.00"): Text '100.00' is set on object 'Object Repository/RAD_Pages/SAU_MDForm202F_MF_BeforeJuly2021_Page/input__FacAlcoholSales1'

2021-11-08 13:55:16 - [MESSAGE][PASSED] - Text '100.00' is set on object 'Object Repository/RAD_Pages/SAU_MDForm202F_MF_BeforeJuly2021_Page/input__FacAlcoholSales1'

2021-11-08 13:55:16 - [TEST_STEP][PASSED] - setText(findTestObject("Object Repository/RAD_Pages/SAU_MDForm202F_MF_BeforeJuly2021_Page/input__GrossSales1"), "1000.00"): Text '1000.00' is set on object 'Object Repository/RAD_Pages/SAU_MDForm202F_MF_BeforeJuly2021_Page/input__GrossSales1'

2021-11-08 13:55:16 - [MESSAGE][PASSED] - Text '1000.00' is set on object 'Object Repository/RAD_Pages/SAU_MDForm202F_MF_BeforeJuly2021_Page/input__GrossSales1'

2021-11-08 13:55:16 - [TEST_STEP][PASSED] - setText(findTestObject("Object Repository/RAD_Pages/SAU_MDForm202F_MF_BeforeJuly2021_Page/input__TaxableSales1"), "100.00"): Text '100.00' is set on object 'Object Repository/RAD_Pages/SAU_MDForm202F_MF_BeforeJuly2021_Page/input__TaxableSales1'

2021-11-08 13:55:17 - [MESSAGE][PASSED] - Text '100.00' is set on object 'Object Repository/RAD_Pages/SAU_MDForm202F_MF_BeforeJuly2021_Page/input__TaxableSales1'

2021-11-08 13:55:17 - [TEST_STEP][PASSED] - setText(findTestObject("Object Repository/RAD_Pages/SAU_MDForm202F_MF_BeforeJuly2021_Page/input__CarRental1"), "100.00"): Text '100.00' is set on object 'Object Repository/RAD_Pages/SAU_MDForm202F_MF_BeforeJuly2021_Page/input__CarRental1'

2021-11-08 13:55:18 - [MESSAGE][PASSED] - Text '100.00' is set on object 'Object Repository/RAD_Pages/SAU_MDForm202F_MF_BeforeJuly2021_Page/input__CarRental1'

2021-11-08 13:55:18 - [TEST_STEP][PASSED] - setText(findTestObject("Object Repository/RAD_Pages/SAU_MDForm202F_MF_BeforeJuly2021_Page/input__TruckRental1"), "100.00"): Text '100.00' is set on object 'Object Repository/RAD_Pages/SAU_MDForm202F_MF_BeforeJuly2021_Page/input__TruckRental1'

2021-11-08 13:55:19 - [MESSAGE][PASSED] - Text '100.00' is set on object 'Object Repository/RAD_Pages/SAU_MDForm202F_MF_BeforeJuly2021_Page/input__TruckRental1'

2021-11-08 13:55:19 - [TEST_STEP][PASSED] - setText(findTestObject("Object Repository/RAD_Pages/SAU_MDForm202F_MF_BeforeJuly2021_Page/input__AlcoholSales1"), "100.00"): Text '100.00' is set on object 'Object Repository/RAD_Pages/SAU_MDForm202F_MF_BeforeJuly2021_Page/input__AlcoholSales1'

2021-11-08 13:55:19 - [MESSAGE][PASSED] - Text '100.00' is set on object 'Object Repository/RAD_Pages/SAU_MDForm202F_MF_BeforeJuly2021_Page/input__AlcoholSales1'

2021-11-08 13:55:19 - [TEST_STEP][PASSED] - setText(findTestObject("Object Repository/RAD_Pages/SAU_MDForm202F_MF_BeforeJuly2021_Page/input__Purchases1"), "100.00"): Text '100.00' is set on object 'Object Repository/RAD_Pages/SAU_MDForm202F_MF_BeforeJuly2021_Page/input__Purchases1'

2021-11-08 13:55:20 - [MESSAGE][PASSED] - Text '100.00' is set on object 'Object Repository/RAD_Pages/SAU_MDForm202F_MF_BeforeJuly2021_Page/input__Purchases1'

2021-11-08 13:55:20 - [TEST_STEP][PASSED] - setText(findTestObject("Object Repository/RAD_Pages/SAU_MDForm202F_MF_BeforeJuly2021_Page/input__AlcoholPurchases1"), "100.00"): Text '100.00' is set on object 'Object Repository/RAD_Pages/SAU_MDForm202F_MF_BeforeJuly2021_Page/input__AlcoholPurchases1'

2021-11-08 13:55:21 - [MESSAGE][PASSED] - Text '100.00' is set on object 'Object Repository/RAD_Pages/SAU_MDForm202F_MF_BeforeJuly2021_Page/input__AlcoholPurchases1'

2021-11-08 13:55:21 - [TEST_STEP][PASSED] - setText(findTestObject("Object Repository/RAD_Pages/SAU_MDForm202F_MF_BeforeJuly2021_Page/input__Refund1"), "100.00"): Text '100.00' is set on object 'Object Repository/RAD_Pages/SAU_MDForm202F_MF_BeforeJuly2021_Page/input__Refund1'

2021-11-08 13:55:21 - [MESSAGE][PASSED] - Text '100.00' is set on object 'Object Repository/RAD_Pages/SAU_MDForm202F_MF_BeforeJuly2021_Page/input__Refund1'

2021-11-08 13:55:21 - [TEST_STEP][PASSED] - setText(findTestObject("Object Repository/RAD_Pages/SAU_MDForm202F_MF_BeforeJuly2021_Page/input__PenaltyInterest1"), "100.00"): Text '100.00' is set on object 'Object Repository/RAD_Pages/SAU_MDForm202F_MF_BeforeJuly2021_Page/input__PenaltyInterest1'

2021-11-08 13:55:22 - [MESSAGE][PASSED] - Text '100.00' is set on object 'Object Repository/RAD_Pages/SAU_MDForm202F_MF_BeforeJuly2021_Page/input__PenaltyInterest1'

2021-11-08 13:55:22 - [TEST_STEP][PASSED] - setText(findTestObject("Object Repository/RAD_Pages/SAU_MDForm202F_MF_BeforeJuly2021_Page/input__E911Fee1"), "95.00"): Text '95.00' is set on object 'Object Repository/RAD_Pages/SAU_MDForm202F_MF_BeforeJuly2021_Page/input__E911Fee1'

2021-11-08 13:55:23 - [MESSAGE][PASSED] - Text '95.00' is set on object 'Object Repository/RAD_Pages/SAU_MDForm202F_MF_BeforeJuly2021_Page/input__E911Fee1'

2021-11-08 13:55:23 - [TEST_STEP][PASSED] - scrollToElement(findTestObject("Object Repository/RAD_Pages/SAU_MDForm202_Page/button_Continue"), 3): Scroll to object 'Object Repository/RAD_Pages/SAU_MDForm202_Page/button_Continue' successfully

2021-11-08 13:55:23 - [MESSAGE][PASSED] - Scroll to object 'Object Repository/RAD_Pages/SAU_MDForm202_Page/button_Continue' successfully

2021-11-08 13:55:23 - [TEST_STEP][PASSED] - waitForElementClickable(findTestObject("Object Repository/RAD_Pages/SAU_MDForm202_Page/button_Continue"), 5): Object 'Object Repository/RAD_Pages/SAU_MDForm202_Page/button_Continue' is clickable

2021-11-08 13:55:24 - [MESSAGE][PASSED] - Object 'Object Repository/RAD_Pages/SAU_MDForm202_Page/button_Continue' is clickable

2021-11-08 13:55:24 - [TEST_STEP][PASSED] - click(findTestObject("Object Repository/RAD_Pages/SAU_MDForm202_Page/button_Continue")): Object: 'Object Repository/RAD_Pages/SAU_MDForm202_Page/button_Continue' is clicked on

2021-11-08 13:55:24 - [MESSAGE][PASSED] - Object: 'Object Repository/RAD_Pages/SAU_MDForm202_Page/button_Continue' is clicked on

2021-11-08 13:55:24 - [TEST_STEP][PASSED] - click(findTestObject("Object Repository/RAD_Pages/SAU_MDForm202_Page/button_Proceed to Payment")): Object: 'Object Repository/RAD_Pages/SAU_MDForm202_Page/button_Proceed to Payment' is clicked on

2021-11-08 13:55:27 - [MESSAGE][PASSED] - Object: 'Object Repository/RAD_Pages/SAU_MDForm202_Page/button_Proceed to Payment' is clicked on

2021-11-08 13:55:27 - [TEST_STEP][PASSED] - setText(findTestObject("Object Repository/RAD_Pages/SAU_MDForm202F_MF_BeforeJuly2021_Page/input__cardNumber"), "4111111111111111"): Text '4111111111111111' is set on object 'Object Repository/RAD_Pages/SAU_MDForm202F_MF_BeforeJuly2021_Page/input__cardNumber'

2021-11-08 13:55:28 - [MESSAGE][PASSED] - Text '4111111111111111' is set on object 'Object Repository/RAD_Pages/SAU_MDForm202F_MF_BeforeJuly2021_Page/input__cardNumber'

2021-11-08 13:55:28 - [TEST_STEP][PASSED] - setText(findTestObject("Object Repository/RAD_Pages/SAU_MDForm202F_MF_BeforeJuly2021_Page/input__spc"), "123"): Text '123' is set on object 'Object Repository/RAD_Pages/SAU_MDForm202F_MF_BeforeJuly2021_Page/input__spc'

2021-11-08 13:55:28 - [MESSAGE][PASSED] - Text '123' is set on object 'Object Repository/RAD_Pages/SAU_MDForm202F_MF_BeforeJuly2021_Page/input__spc'

2021-11-08 13:55:28 - [TEST_STEP][PASSED] - selectOptionByValue(findTestObject("Object Repository/RAD_Pages/SAU_MDForm202F_MF_BeforeJuly2021_Page/select_MM010203040506070809101112"), "4", true): All options with value '4' are selected in object 'Object Repository/RAD_Pages/SAU_MDForm202F_MF_BeforeJuly2021_Page/select_MM010203040506070809101112'  using regular expression

2021-11-08 13:55:29 - [MESSAGE][PASSED] - All options with value '4' are selected in object 'Object Repository/RAD_Pages/SAU_MDForm202F_MF_BeforeJuly2021_Page/select_MM010203040506070809101112'  using regular expression

2021-11-08 13:55:29 - [TEST_STEP][PASSED] - selectOptionByValue(findTestObject("Object Repository/RAD_Pages/SAU_MDForm202F_MF_BeforeJuly2021_Page/select_YYYY20212022202320242025202620272028_8c4dd4"), "2027", true): All options with value '2027' are selected in object 'Object Repository/RAD_Pages/SAU_MDForm202F_MF_BeforeJuly2021_Page/select_YYYY20212022202320242025202620272028_8c4dd4'  using regular expression

2021-11-08 13:55:30 - [MESSAGE][PASSED] - All options with value '2027' are selected in object 'Object Repository/RAD_Pages/SAU_MDForm202F_MF_BeforeJuly2021_Page/select_YYYY20212022202320242025202620272028_8c4dd4'  using regular expression

2021-11-08 13:55:30 - [TEST_STEP][PASSED] - click(findTestObject("Object Repository/RAD_Pages/SAU_MDForm202F_MF_BeforeJuly2021_Page/input_BillInvoice Details_ccSubmit")): Object: 'Object Repository/RAD_Pages/SAU_MDForm202F_MF_BeforeJuly2021_Page/input_BillInvoice Details_ccSubmit' is clicked on

2021-11-08 13:55:31 - [MESSAGE][PASSED] - Object: 'Object Repository/RAD_Pages/SAU_MDForm202F_MF_BeforeJuly2021_Page/input_BillInvoice Details_ccSubmit' is clicked on

2021-11-08 13:55:31 - [TEST_STEP][PASSED] - click(findTestObject("Object Repository/RAD_Pages/SAU_MDForm202F_MF_BeforeJuly2021_Page/input_90.00_confirmNotifyAction")): Object: 'Object Repository/RAD_Pages/SAU_MDForm202F_MF_BeforeJuly2021_Page/input_90.00_confirmNotifyAction' is clicked on

2021-11-08 13:55:33 - [MESSAGE][PASSED] - Object: 'Object Repository/RAD_Pages/SAU_MDForm202F_MF_BeforeJuly2021_Page/input_90.00_confirmNotifyAction' is clicked on

2021-11-08 13:55:33 - [TEST_STEP][PASSED] - click(findTestObject("Object Repository/RAD_Pages/SAU_MDForm202F_MF_BeforeJuly2021_Page/input_92.21_convFeeNotifyAction")): Object: 'Object Repository/RAD_Pages/SAU_MDForm202F_MF_BeforeJuly2021_Page/input_92.21_convFeeNotifyAction' is clicked on

2021-11-08 13:55:35 - [MESSAGE][PASSED] - Object: 'Object Repository/RAD_Pages/SAU_MDForm202F_MF_BeforeJuly2021_Page/input_92.21_convFeeNotifyAction' is clicked on

2021-11-08 13:55:35 - [TEST_STEP][PASSED] - delay(10): Delayed 10 second(s)

2021-11-08 13:55:45 - [MESSAGE][PASSED] - Delayed 10 second(s)

2021-11-08 13:55:45 - [TEST_STEP][PASSED] - verifyTextPresent("Successful Payment Receipt", true): Text 'Successful Payment Receipt' is present on page  using regular expression

2021-11-08 13:55:45 - [MESSAGE][PASSED] - Text 'Successful Payment Receipt' is present on page  using regular expression

2021-11-08 13:55:45 - [TEST_STEP][PASSED] - closeBrowser(): Browser is closed

2021-11-08 13:55:46 - [MESSAGE][PASSED] - Browser is closed]]></system-out>
         <system-err><![CDATA[]]></system-err>
      </testcase>
      <testcase name="Test Cases/RAD_TestCases/UI_TestCases/VerifyServiceFeeVerbiage_UI_TC" time="52.119" classname="Test Cases/RAD_TestCases/UI_TestCases/VerifyServiceFeeVerbiage_UI_TC" status="FAILED">
         <failure type="FAILED" message="Test Cases/RAD_TestCases/UI_TestCases/VerifyServiceFeeVerbiage_UI_TC FAILED.
Reason:
com.kms.katalon.core.exception.StepFailedException: Unable to click on object 'Object Repository/RAD_Pages/Landing_Page/a_Click here for details' (Root cause: com.kms.katalon.core.exception.StepFailedException: Unable to click on object 'Object Repository/RAD_Pages/Landing_Page/a_Click here for details'
	at com.kms.katalon.core.webui.keyword.internal.WebUIKeywordMain.stepFailed(WebUIKeywordMain.groovy:64)
	at com.kms.katalon.core.webui.keyword.internal.WebUIKeywordMain.runKeyword(WebUIKeywordMain.groovy:26)
	at com.kms.katalon.core.webui.keyword.builtin.ClickKeyword.click(ClickKeyword.groovy:75)
	at com.kms.katalon.core.webui.keyword.builtin.ClickKeyword.execute(ClickKeyword.groovy:42)
	at com.kms.katalon.core.keyword.internal.KeywordExecutor.executeKeywordForPlatform(KeywordExecutor.groovy:74)
	at com.kms.katalon.core.webui.keyword.WebUiBuiltInKeywords.click(WebUiBuiltInKeywords.groovy:620)
	at com.kms.katalon.core.webui.keyword.WebUiBuiltInKeywords$click$10.call(Unknown Source)
	at VerifyServiceFeeVerbiage_UI_TC.run(VerifyServiceFeeVerbiage_UI_TC:46)
	at com.kms.katalon.core.main.ScriptEngine.run(ScriptEngine.java:194)
	at com.kms.katalon.core.main.ScriptEngine.runScriptAsRawText(ScriptEngine.java:119)
	at com.kms.katalon.core.main.TestCaseExecutor.runScript(TestCaseExecutor.java:430)
	at com.kms.katalon.core.main.TestCaseExecutor.doExecute(TestCaseExecutor.java:421)
	at com.kms.katalon.core.main.TestCaseExecutor.processExecutionPhase(TestCaseExecutor.java:400)
	at com.kms.katalon.core.main.TestCaseExecutor.accessMainPhase(TestCaseExecutor.java:392)
	at com.kms.katalon.core.main.TestCaseExecutor.execute(TestCaseExecutor.java:273)
	at com.kms.katalon.core.main.TestSuiteExecutor.accessTestCaseMainPhase(TestSuiteExecutor.java:202)
	at com.kms.katalon.core.main.TestSuiteExecutor.accessTestSuiteMainPhase(TestSuiteExecutor.java:164)
	at com.kms.katalon.core.main.TestSuiteExecutor.execute(TestSuiteExecutor.java:105)
	at com.kms.katalon.core.main.TestCaseMain.startTestSuite(TestCaseMain.java:185)
	at com.kms.katalon.core.main.TestCaseMain$startTestSuite$0.call(Unknown Source)
	at TempTestSuite1636391403401.run(TempTestSuite1636391403401.groovy:36)
Caused by: org.openqa.selenium.ElementClickInterceptedException: element click intercepted: Element is not clickable at point (1050, 1569)
  (Session info: chrome=95.0.4638.69)
Build info: version: '3.141.59', revision: 'e82be7d358', time: '2018-11-14T08:25:53'
System info: host: 'DESKTOP-B2QI6NS', ip: '172.30.2.167', os.name: 'Windows 10', os.arch: 'amd64', os.version: '10.0', java.version: '1.8.0_181'
Driver info: com.kms.katalon.selenium.driver.CChromeDriver
Capabilities {acceptInsecureCerts: true, browserName: chrome, browserVersion: 95.0.4638.69, chrome: {chromedriverVersion: 95.0.4638.54 (d31a821ec901f..., userDataDir: C:\Users\iahmed\AppData\Loc...}, goog:chromeOptions: {debuggerAddress: localhost:60148}, javascriptEnabled: true, networkConnectionEnabled: false, pageLoadStrategy: normal, platform: WINDOWS, platformName: WINDOWS, proxy: Proxy(), setWindowRect: true, strictFileInteractability: false, timeouts: {implicit: 0, pageLoad: 300000, script: 30000}, unhandledPromptBehavior: dismiss and notify, webauthn:extension:credBlob: true, webauthn:extension:largeBlob: true, webauthn:virtualAuthenticators: true}
Session ID: ba29d25921fac996ddff4ffaf2a99b0f
	at org.openqa.selenium.remote.http.W3CHttpResponseCodec.createException(W3CHttpResponseCodec.java:187)
	at org.openqa.selenium.remote.http.W3CHttpResponseCodec.decode(W3CHttpResponseCodec.java:122)
	at org.openqa.selenium.remote.http.W3CHttpResponseCodec.decode(W3CHttpResponseCodec.java:49)
	at org.openqa.selenium.remote.HttpCommandExecutor.execute(HttpCommandExecutor.java:158)
	at org.openqa.selenium.remote.service.DriverCommandExecutor.execute(DriverCommandExecutor.java:83)
	at org.openqa.selenium.remote.RemoteWebDriver.execute(RemoteWebDriver.java:552)
	at com.kms.katalon.selenium.driver.CChromeDriver.execute(CChromeDriver.java:19)
	at org.openqa.selenium.remote.RemoteWebElement.execute(RemoteWebElement.java:285)
	at org.openqa.selenium.remote.RemoteWebElement.click(RemoteWebElement.java:84)
	at org.openqa.selenium.support.events.EventFiringWebDriver$EventFiringWebElement.lambda$new$0(EventFiringWebDriver.java:404)
	at com.sun.proxy.$Proxy11.click(Unknown Source)
	at org.openqa.selenium.support.events.EventFiringWebDriver$EventFiringWebElement.click(EventFiringWebDriver.java:417)
	at com.kms.katalon.core.webui.keyword.builtin.ClickKeyword$_click_closure1.doCall(ClickKeyword.groovy:68)
	at com.kms.katalon.core.webui.keyword.builtin.ClickKeyword$_click_closure1.call(ClickKeyword.groovy)
	at com.kms.katalon.core.webui.keyword.internal.WebUIKeywordMain.runKeyword(WebUIKeywordMain.groovy:20)
	at com.kms.katalon.core.webui.keyword.builtin.ClickKeyword.click(ClickKeyword.groovy:75)
	at com.kms.katalon.core.webui.keyword.builtin.ClickKeyword.execute(ClickKeyword.groovy:42)
	at com.kms.katalon.core.keyword.internal.KeywordExecutor.executeKeywordForPlatform(KeywordExecutor.groovy:74)
	at com.kms.katalon.core.webui.keyword.WebUiBuiltInKeywords.click(WebUiBuiltInKeywords.groovy:620)
	at com.kms.katalon.core.webui.keyword.WebUiBuiltInKeywords$click$10.call(Unknown Source)
	at Script1635887204249.run(Script1635887204249.groovy:46)
	... 13 more
)
	at com.kms.katalon.core.keyword.internal.KeywordMain.stepFailed(KeywordMain.groovy:39)
	at com.kms.katalon.core.webui.keyword.internal.WebUIKeywordMain.stepFailed(WebUIKeywordMain.groovy:64)
	at com.kms.katalon.core.webui.keyword.internal.WebUIKeywordMain.runKeyword(WebUIKeywordMain.groovy:26)
	at com.kms.katalon.core.webui.keyword.builtin.ClickKeyword.click(ClickKeyword.groovy:75)
	at com.kms.katalon.core.webui.keyword.builtin.ClickKeyword.execute(ClickKeyword.groovy:42)
	at com.kms.katalon.core.keyword.internal.KeywordExecutor.executeKeywordForPlatform(KeywordExecutor.groovy:74)
	at com.kms.katalon.core.webui.keyword.WebUiBuiltInKeywords.click(WebUiBuiltInKeywords.groovy:620)
	at com.kms.katalon.core.webui.keyword.WebUiBuiltInKeywords$click$10.call(Unknown Source)
	at VerifyServiceFeeVerbiage_UI_TC.run(VerifyServiceFeeVerbiage_UI_TC:46)
	at com.kms.katalon.core.main.ScriptEngine.run(ScriptEngine.java:194)
	at com.kms.katalon.core.main.ScriptEngine.runScriptAsRawText(ScriptEngine.java:119)
	at com.kms.katalon.core.main.TestCaseExecutor.runScript(TestCaseExecutor.java:430)
	at com.kms.katalon.core.main.TestCaseExecutor.doExecute(TestCaseExecutor.java:421)
	at com.kms.katalon.core.main.TestCaseExecutor.processExecutionPhase(TestCaseExecutor.java:400)
	at com.kms.katalon.core.main.TestCaseExecutor.accessMainPhase(TestCaseExecutor.java:392)
	at com.kms.katalon.core.main.TestCaseExecutor.execute(TestCaseExecutor.java:273)
	at com.kms.katalon.core.main.TestSuiteExecutor.accessTestCaseMainPhase(TestSuiteExecutor.java:202)
	at com.kms.katalon.core.main.TestSuiteExecutor.accessTestSuiteMainPhase(TestSuiteExecutor.java:164)
	at com.kms.katalon.core.main.TestSuiteExecutor.execute(TestSuiteExecutor.java:105)
	at com.kms.katalon.core.main.TestCaseMain.startTestSuite(TestCaseMain.java:185)
	at com.kms.katalon.core.main.TestCaseMain$startTestSuite$0.call(Unknown Source)
	at TempTestSuite1636391403401.run(TempTestSuite1636391403401.groovy:36)
Caused by: com.kms.katalon.core.exception.StepFailedException: Unable to click on object 'Object Repository/RAD_Pages/Landing_Page/a_Click here for details'
	... 21 more
Caused by: org.openqa.selenium.ElementClickInterceptedException: element click intercepted: Element is not clickable at point (1050, 1569)
  (Session info: chrome=95.0.4638.69)
Build info: version: '3.141.59', revision: 'e82be7d358', time: '2018-11-14T08:25:53'
System info: host: 'DESKTOP-B2QI6NS', ip: '172.30.2.167', os.name: 'Windows 10', os.arch: 'amd64', os.version: '10.0', java.version: '1.8.0_181'
Driver info: com.kms.katalon.selenium.driver.CChromeDriver
Capabilities {acceptInsecureCerts: true, browserName: chrome, browserVersion: 95.0.4638.69, chrome: {chromedriverVersion: 95.0.4638.54 (d31a821ec901f..., userDataDir: C:\Users\iahmed\AppData\Loc...}, goog:chromeOptions: {debuggerAddress: localhost:60148}, javascriptEnabled: true, networkConnectionEnabled: false, pageLoadStrategy: normal, platform: WINDOWS, platformName: WINDOWS, proxy: Proxy(), setWindowRect: true, strictFileInteractability: false, timeouts: {implicit: 0, pageLoad: 300000, script: 30000}, unhandledPromptBehavior: dismiss and notify, webauthn:extension:credBlob: true, webauthn:extension:largeBlob: true, webauthn:virtualAuthenticators: true}
Session ID: ba29d25921fac996ddff4ffaf2a99b0f
	at org.openqa.selenium.remote.http.W3CHttpResponseCodec.createException(W3CHttpResponseCodec.java:187)
	at org.openqa.selenium.remote.http.W3CHttpResponseCodec.decode(W3CHttpResponseCodec.java:122)
	at org.openqa.selenium.remote.http.W3CHttpResponseCodec.decode(W3CHttpResponseCodec.java:49)
	at org.openqa.selenium.remote.HttpCommandExecutor.execute(HttpCommandExecutor.java:158)
	at org.openqa.selenium.remote.service.DriverCommandExecutor.execute(DriverCommandExecutor.java:83)
	at org.openqa.selenium.remote.RemoteWebDriver.execute(RemoteWebDriver.java:552)
	at com.kms.katalon.selenium.driver.CChromeDriver.execute(CChromeDriver.java:19)
	at org.openqa.selenium.remote.RemoteWebElement.execute(RemoteWebElement.java:285)
	at org.openqa.selenium.remote.RemoteWebElement.click(RemoteWebElement.java:84)
	at org.openqa.selenium.support.events.EventFiringWebDriver$EventFiringWebElement.lambda$new$0(EventFiringWebDriver.java:404)
	at com.sun.proxy.$Proxy11.click(Unknown Source)
	at org.openqa.selenium.support.events.EventFiringWebDriver$EventFiringWebElement.click(EventFiringWebDriver.java:417)
	at com.kms.katalon.core.webui.keyword.builtin.ClickKeyword$_click_closure1.doCall(ClickKeyword.groovy:68)
	at com.kms.katalon.core.webui.keyword.builtin.ClickKeyword$_click_closure1.call(ClickKeyword.groovy)
	at com.kms.katalon.core.webui.keyword.internal.WebUIKeywordMain.runKeyword(WebUIKeywordMain.groovy:20)
	... 19 more
"/>
         <system-out><![CDATA[2021-11-08 13:55:46 - [TEST_CASE][FAILED] - Test Cases/RAD_TestCases/UI_TestCases/VerifyServiceFeeVerbiage_UI_TC: Test Cases/RAD_TestCases/UI_TestCases/VerifyServiceFeeVerbiage_UI_TC FAILED.
Reason:
com.kms.katalon.core.exception.StepFailedException: Unable to click on object 'Object Repository/RAD_Pages/Landing_Page/a_Click here for details' (Root cause: com.kms.katalon.core.exception.StepFailedException: Unable to click on object 'Object Repository/RAD_Pages/Landing_Page/a_Click here for details'
	at com.kms.katalon.core.webui.keyword.internal.WebUIKeywordMain.stepFailed(WebUIKeywordMain.groovy:64)
	at com.kms.katalon.core.webui.keyword.internal.WebUIKeywordMain.runKeyword(WebUIKeywordMain.groovy:26)
	at com.kms.katalon.core.webui.keyword.builtin.ClickKeyword.click(ClickKeyword.groovy:75)
	at com.kms.katalon.core.webui.keyword.builtin.ClickKeyword.execute(ClickKeyword.groovy:42)
	at com.kms.katalon.core.keyword.internal.KeywordExecutor.executeKeywordForPlatform(KeywordExecutor.groovy:74)
	at com.kms.katalon.core.webui.keyword.WebUiBuiltInKeywords.click(WebUiBuiltInKeywords.groovy:620)
	at com.kms.katalon.core.webui.keyword.WebUiBuiltInKeywords$click$10.call(Unknown Source)
	at VerifyServiceFeeVerbiage_UI_TC.run(VerifyServiceFeeVerbiage_UI_TC:46)
	at com.kms.katalon.core.main.ScriptEngine.run(ScriptEngine.java:194)
	at com.kms.katalon.core.main.ScriptEngine.runScriptAsRawText(ScriptEngine.java:119)
	at com.kms.katalon.core.main.TestCaseExecutor.runScript(TestCaseExecutor.java:430)
	at com.kms.katalon.core.main.TestCaseExecutor.doExecute(TestCaseExecutor.java:421)
	at com.kms.katalon.core.main.TestCaseExecutor.processExecutionPhase(TestCaseExecutor.java:400)
	at com.kms.katalon.core.main.TestCaseExecutor.accessMainPhase(TestCaseExecutor.java:392)
	at com.kms.katalon.core.main.TestCaseExecutor.execute(TestCaseExecutor.java:273)
	at com.kms.katalon.core.main.TestSuiteExecutor.accessTestCaseMainPhase(TestSuiteExecutor.java:202)
	at com.kms.katalon.core.main.TestSuiteExecutor.accessTestSuiteMainPhase(TestSuiteExecutor.java:164)
	at com.kms.katalon.core.main.TestSuiteExecutor.execute(TestSuiteExecutor.java:105)
	at com.kms.katalon.core.main.TestCaseMain.startTestSuite(TestCaseMain.java:185)
	at com.kms.katalon.core.main.TestCaseMain$startTestSuite$0.call(Unknown Source)
	at TempTestSuite1636391403401.run(TempTestSuite1636391403401.groovy:36)
Caused by: org.openqa.selenium.ElementClickInterceptedException: element click intercepted: Element is not clickable at point (1050, 1569)
  (Session info: chrome=95.0.4638.69)
Build info: version: '3.141.59', revision: 'e82be7d358', time: '2018-11-14T08:25:53'
System info: host: 'DESKTOP-B2QI6NS', ip: '172.30.2.167', os.name: 'Windows 10', os.arch: 'amd64', os.version: '10.0', java.version: '1.8.0_181'
Driver info: com.kms.katalon.selenium.driver.CChromeDriver
Capabilities {acceptInsecureCerts: true, browserName: chrome, browserVersion: 95.0.4638.69, chrome: {chromedriverVersion: 95.0.4638.54 (d31a821ec901f..., userDataDir: C:\Users\iahmed\AppData\Loc...}, goog:chromeOptions: {debuggerAddress: localhost:60148}, javascriptEnabled: true, networkConnectionEnabled: false, pageLoadStrategy: normal, platform: WINDOWS, platformName: WINDOWS, proxy: Proxy(), setWindowRect: true, strictFileInteractability: false, timeouts: {implicit: 0, pageLoad: 300000, script: 30000}, unhandledPromptBehavior: dismiss and notify, webauthn:extension:credBlob: true, webauthn:extension:largeBlob: true, webauthn:virtualAuthenticators: true}
Session ID: ba29d25921fac996ddff4ffaf2a99b0f
	at org.openqa.selenium.remote.http.W3CHttpResponseCodec.createException(W3CHttpResponseCodec.java:187)
	at org.openqa.selenium.remote.http.W3CHttpResponseCodec.decode(W3CHttpResponseCodec.java:122)
	at org.openqa.selenium.remote.http.W3CHttpResponseCodec.decode(W3CHttpResponseCodec.java:49)
	at org.openqa.selenium.remote.HttpCommandExecutor.execute(HttpCommandExecutor.java:158)
	at org.openqa.selenium.remote.service.DriverCommandExecutor.execute(DriverCommandExecutor.java:83)
	at org.openqa.selenium.remote.RemoteWebDriver.execute(RemoteWebDriver.java:552)
	at com.kms.katalon.selenium.driver.CChromeDriver.execute(CChromeDriver.java:19)
	at org.openqa.selenium.remote.RemoteWebElement.execute(RemoteWebElement.java:285)
	at org.openqa.selenium.remote.RemoteWebElement.click(RemoteWebElement.java:84)
	at org.openqa.selenium.support.events.EventFiringWebDriver$EventFiringWebElement.lambda$new$0(EventFiringWebDriver.java:404)
	at com.sun.proxy.$Proxy11.click(Unknown Source)
	at org.openqa.selenium.support.events.EventFiringWebDriver$EventFiringWebElement.click(EventFiringWebDriver.java:417)
	at com.kms.katalon.core.webui.keyword.builtin.ClickKeyword$_click_closure1.doCall(ClickKeyword.groovy:68)
	at com.kms.katalon.core.webui.keyword.builtin.ClickKeyword$_click_closure1.call(ClickKeyword.groovy)
	at com.kms.katalon.core.webui.keyword.internal.WebUIKeywordMain.runKeyword(WebUIKeywordMain.groovy:20)
	at com.kms.katalon.core.webui.keyword.builtin.ClickKeyword.click(ClickKeyword.groovy:75)
	at com.kms.katalon.core.webui.keyword.builtin.ClickKeyword.execute(ClickKeyword.groovy:42)
	at com.kms.katalon.core.keyword.internal.KeywordExecutor.executeKeywordForPlatform(KeywordExecutor.groovy:74)
	at com.kms.katalon.core.webui.keyword.WebUiBuiltInKeywords.click(WebUiBuiltInKeywords.groovy:620)
	at com.kms.katalon.core.webui.keyword.WebUiBuiltInKeywords$click$10.call(Unknown Source)
	at Script1635887204249.run(Script1635887204249.groovy:46)
	... 13 more
)
	at com.kms.katalon.core.keyword.internal.KeywordMain.stepFailed(KeywordMain.groovy:39)
	at com.kms.katalon.core.webui.keyword.internal.WebUIKeywordMain.stepFailed(WebUIKeywordMain.groovy:64)
	at com.kms.katalon.core.webui.keyword.internal.WebUIKeywordMain.runKeyword(WebUIKeywordMain.groovy:26)
	at com.kms.katalon.core.webui.keyword.builtin.ClickKeyword.click(ClickKeyword.groovy:75)
	at com.kms.katalon.core.webui.keyword.builtin.ClickKeyword.execute(ClickKeyword.groovy:42)
	at com.kms.katalon.core.keyword.internal.KeywordExecutor.executeKeywordForPlatform(KeywordExecutor.groovy:74)
	at com.kms.katalon.core.webui.keyword.WebUiBuiltInKeywords.click(WebUiBuiltInKeywords.groovy:620)
	at com.kms.katalon.core.webui.keyword.WebUiBuiltInKeywords$click$10.call(Unknown Source)
	at VerifyServiceFeeVerbiage_UI_TC.run(VerifyServiceFeeVerbiage_UI_TC:46)
	at com.kms.katalon.core.main.ScriptEngine.run(ScriptEngine.java:194)
	at com.kms.katalon.core.main.ScriptEngine.runScriptAsRawText(ScriptEngine.java:119)
	at com.kms.katalon.core.main.TestCaseExecutor.runScript(TestCaseExecutor.java:430)
	at com.kms.katalon.core.main.TestCaseExecutor.doExecute(TestCaseExecutor.java:421)
	at com.kms.katalon.core.main.TestCaseExecutor.processExecutionPhase(TestCaseExecutor.java:400)
	at com.kms.katalon.core.main.TestCaseExecutor.accessMainPhase(TestCaseExecutor.java:392)
	at com.kms.katalon.core.main.TestCaseExecutor.execute(TestCaseExecutor.java:273)
	at com.kms.katalon.core.main.TestSuiteExecutor.accessTestCaseMainPhase(TestSuiteExecutor.java:202)
	at com.kms.katalon.core.main.TestSuiteExecutor.accessTestSuiteMainPhase(TestSuiteExecutor.java:164)
	at com.kms.katalon.core.main.TestSuiteExecutor.execute(TestSuiteExecutor.java:105)
	at com.kms.katalon.core.main.TestCaseMain.startTestSuite(TestCaseMain.java:185)
	at com.kms.katalon.core.main.TestCaseMain$startTestSuite$0.call(Unknown Source)
	at TempTestSuite1636391403401.run(TempTestSuite1636391403401.groovy:36)
Caused by: com.kms.katalon.core.exception.StepFailedException: Unable to click on object 'Object Repository/RAD_Pages/Landing_Page/a_Click here for details'
	... 21 more
Caused by: org.openqa.selenium.ElementClickInterceptedException: element click intercepted: Element is not clickable at point (1050, 1569)
  (Session info: chrome=95.0.4638.69)
Build info: version: '3.141.59', revision: 'e82be7d358', time: '2018-11-14T08:25:53'
System info: host: 'DESKTOP-B2QI6NS', ip: '172.30.2.167', os.name: 'Windows 10', os.arch: 'amd64', os.version: '10.0', java.version: '1.8.0_181'
Driver info: com.kms.katalon.selenium.driver.CChromeDriver
Capabilities {acceptInsecureCerts: true, browserName: chrome, browserVersion: 95.0.4638.69, chrome: {chromedriverVersion: 95.0.4638.54 (d31a821ec901f..., userDataDir: C:\Users\iahmed\AppData\Loc...}, goog:chromeOptions: {debuggerAddress: localhost:60148}, javascriptEnabled: true, networkConnectionEnabled: false, pageLoadStrategy: normal, platform: WINDOWS, platformName: WINDOWS, proxy: Proxy(), setWindowRect: true, strictFileInteractability: false, timeouts: {implicit: 0, pageLoad: 300000, script: 30000}, unhandledPromptBehavior: dismiss and notify, webauthn:extension:credBlob: true, webauthn:extension:largeBlob: true, webauthn:virtualAuthenticators: true}
Session ID: ba29d25921fac996ddff4ffaf2a99b0f
	at org.openqa.selenium.remote.http.W3CHttpResponseCodec.createException(W3CHttpResponseCodec.java:187)
	at org.openqa.selenium.remote.http.W3CHttpResponseCodec.decode(W3CHttpResponseCodec.java:122)
	at org.openqa.selenium.remote.http.W3CHttpResponseCodec.decode(W3CHttpResponseCodec.java:49)
	at org.openqa.selenium.remote.HttpCommandExecutor.execute(HttpCommandExecutor.java:158)
	at org.openqa.selenium.remote.service.DriverCommandExecutor.execute(DriverCommandExecutor.java:83)
	at org.openqa.selenium.remote.RemoteWebDriver.execute(RemoteWebDriver.java:552)
	at com.kms.katalon.selenium.driver.CChromeDriver.execute(CChromeDriver.java:19)
	at org.openqa.selenium.remote.RemoteWebElement.execute(RemoteWebElement.java:285)
	at org.openqa.selenium.remote.RemoteWebElement.click(RemoteWebElement.java:84)
	at org.openqa.selenium.support.events.EventFiringWebDriver$EventFiringWebElement.lambda$new$0(EventFiringWebDriver.java:404)
	at com.sun.proxy.$Proxy11.click(Unknown Source)
	at org.openqa.selenium.support.events.EventFiringWebDriver$EventFiringWebElement.click(EventFiringWebDriver.java:417)
	at com.kms.katalon.core.webui.keyword.builtin.ClickKeyword$_click_closure1.doCall(ClickKeyword.groovy:68)
	at com.kms.katalon.core.webui.keyword.builtin.ClickKeyword$_click_closure1.call(ClickKeyword.groovy)
	at com.kms.katalon.core.webui.keyword.internal.WebUIKeywordMain.runKeyword(WebUIKeywordMain.groovy:20)
	... 19 more


2021-11-08 13:55:46 - [TEST_STEP][PASSED] - taxTypeDropList = ["Estimated Tax", "Personal Income Tax", "Extension Payments", "Existing Liability", "Sales and Use", "Withholding Tax"]: null

2021-11-08 13:55:46 - [TEST_STEP][PASSED] - listSize = taxTypeDropList.size(): null

2021-11-08 13:55:46 - [TEST_STEP][PASSED] - println(listSize): null

2021-11-08 13:55:46 - [TEST_STEP][FAILED] - for ([i = 0, i < listSize, (i++)]): null

2021-11-08 13:55:46 - [TEST_STEP][PASSED] - openBrowser(""): Browser is opened with url: ''

2021-11-08 13:55:46 - [MESSAGE][INFO] - Starting 'Chrome' driver

2021-11-08 13:55:46 - [MESSAGE][INFO] - User set preference: ['acceptInsecureCerts', 'true']

2021-11-08 13:55:46 - [MESSAGE][INFO] - Action delay is set to 0 milliseconds

2021-11-08 13:55:47 - [MESSAGE][PASSED] - Browser is opened with url: ''

2021-11-08 13:55:47 - [TEST_STEP][PASSED] - maximizeWindow(): Current window maximized

2021-11-08 13:55:48 - [MESSAGE][PASSED] - Current window maximized

2021-11-08 13:55:48 - [TEST_STEP][PASSED] - navigateToUrl(RADurl): Navigate to 'https://qa.velocitypayment.com/client/rad/index.html' successfully

2021-11-08 13:55:50 - [MESSAGE][PASSED] - Navigate to 'https://qa.velocitypayment.com/client/rad/index.html' successfully

2021-11-08 13:55:50 - [TEST_STEP][PASSED] - orPath_Landing = "Object Repository/RAD_Pages/Landing_Page": null

2021-11-08 13:55:50 - [TEST_STEP][PASSED] - orPath = "Object Repository/RAD_Pages/Landing_Page": null

2021-11-08 13:55:50 - [TEST_STEP][PASSED] - orPath_Amount = "Object Repository/RAD_Pages/PaymentAmount_Page": null

2021-11-08 13:55:50 - [TEST_STEP][PASSED] - selectOptionByLabel(findTestObject(orPath_Landing + "/dd_TaxType"), taxTypeDropList[i], false): All options with label 'Estimated Tax' are selected in object 'Object Repository/RAD_Pages/Landing_Page/dd_TaxType' 

2021-11-08 13:55:50 - [MESSAGE][PASSED] - All options with label 'Estimated Tax' are selected in object 'Object Repository/RAD_Pages/Landing_Page/dd_TaxType' 

2021-11-08 13:55:50 - [TEST_STEP][PASSED] - delay(1): Delayed 1 second(s)

2021-11-08 13:55:51 - [MESSAGE][PASSED] - Delayed 1 second(s)

2021-11-08 13:55:51 - [TEST_STEP][PASSED] - setText(findTestObject(orPath_Amount + "/input__paymentAmount"), ""): Text '' is set on object 'Object Repository/RAD_Pages/PaymentAmount_Page/input__paymentAmount'

2021-11-08 13:55:52 - [MESSAGE][PASSED] - Text '' is set on object 'Object Repository/RAD_Pages/PaymentAmount_Page/input__paymentAmount'

2021-11-08 13:55:52 - [TEST_STEP][PASSED] - click(findTestObject(orPath_Landing + "/a_Click here for details")): Object: 'Object Repository/RAD_Pages/Landing_Page/a_Click here for details' is clicked on

2021-11-08 13:55:53 - [MESSAGE][PASSED] - Object: 'Object Repository/RAD_Pages/Landing_Page/a_Click here for details' is clicked on

2021-11-08 13:55:53 - [TEST_STEP][PASSED] - cfVerbiage = "This electronic government service includes a 2.45% service/convenience fee for payments processed through this application. This fee is assessed by Govolution LLC, Maryland's eGovernment service provider, a third party working under a contract administered by the Maryland Department of Information Technology (DoIT). The service fee is used to develop, maintain, and expand the online service offerings of the state and is non-refundable. Accepted credit cards include Visa, MasterCard, Discover and American Express.": null

2021-11-08 13:55:53 - [TEST_STEP][PASSED] - verifyElementText(findTestObject(orPath_Landing + "/div_ServiceFeesVerbiage"), cfVerbiage): Actual text and expected text of test object 'Object Repository/RAD_Pages/Landing_Page/div_ServiceFeesVerbiage' are matched.

2021-11-08 13:55:54 - [MESSAGE][PASSED] - Actual text and expected text of test object 'Object Repository/RAD_Pages/Landing_Page/div_ServiceFeesVerbiage' are matched.

2021-11-08 13:55:54 - [TEST_STEP][PASSED] - verifyElementPresent(findTestObject(orPath_Landing + "/button_Close"), 30): Object 'Object Repository/RAD_Pages/Landing_Page/button_Close' is present

2021-11-08 13:55:54 - [MESSAGE][PASSED] - Object 'Object Repository/RAD_Pages/Landing_Page/button_Close' is present

2021-11-08 13:55:54 - [TEST_STEP][PASSED] - click(findTestObject(orPath_Landing + "/button_Close")): Object: 'Object Repository/RAD_Pages/Landing_Page/button_Close' is clicked on

2021-11-08 13:55:54 - [MESSAGE][PASSED] - Object: 'Object Repository/RAD_Pages/Landing_Page/button_Close' is clicked on

2021-11-08 13:55:54 - [TEST_STEP][PASSED] - openBrowser(""): Browser is opened with url: ''

2021-11-08 13:55:54 - [MESSAGE][WARNING] - A browser is already opened. Closing browser and opening a new one

2021-11-08 13:55:55 - [MESSAGE][INFO] - Starting 'Chrome' driver

2021-11-08 13:55:55 - [MESSAGE][INFO] - User set preference: ['acceptInsecureCerts', 'true']

2021-11-08 13:55:55 - [MESSAGE][INFO] - Action delay is set to 0 milliseconds

2021-11-08 13:55:56 - [MESSAGE][PASSED] - Browser is opened with url: ''

2021-11-08 13:55:56 - [TEST_STEP][PASSED] - maximizeWindow(): Current window maximized

2021-11-08 13:55:57 - [MESSAGE][PASSED] - Current window maximized

2021-11-08 13:55:57 - [TEST_STEP][PASSED] - navigateToUrl(RADurl): Navigate to 'https://qa.velocitypayment.com/client/rad/index.html' successfully

2021-11-08 13:55:59 - [MESSAGE][PASSED] - Navigate to 'https://qa.velocitypayment.com/client/rad/index.html' successfully

2021-11-08 13:55:59 - [TEST_STEP][PASSED] - orPath_Landing = "Object Repository/RAD_Pages/Landing_Page": null

2021-11-08 13:55:59 - [TEST_STEP][PASSED] - orPath = "Object Repository/RAD_Pages/Landing_Page": null

2021-11-08 13:55:59 - [TEST_STEP][PASSED] - orPath_Amount = "Object Repository/RAD_Pages/PaymentAmount_Page": null

2021-11-08 13:55:59 - [TEST_STEP][PASSED] - selectOptionByLabel(findTestObject(orPath_Landing + "/dd_TaxType"), taxTypeDropList[i], false): All options with label 'Personal Income Tax' are selected in object 'Object Repository/RAD_Pages/Landing_Page/dd_TaxType' 

2021-11-08 13:55:59 - [MESSAGE][PASSED] - All options with label 'Personal Income Tax' are selected in object 'Object Repository/RAD_Pages/Landing_Page/dd_TaxType' 

2021-11-08 13:55:59 - [TEST_STEP][PASSED] - delay(1): Delayed 1 second(s)

2021-11-08 13:56:00 - [MESSAGE][PASSED] - Delayed 1 second(s)

2021-11-08 13:56:00 - [TEST_STEP][PASSED] - setText(findTestObject(orPath_Amount + "/input__paymentAmount"), ""): Text '' is set on object 'Object Repository/RAD_Pages/PaymentAmount_Page/input__paymentAmount'

2021-11-08 13:56:01 - [MESSAGE][PASSED] - Text '' is set on object 'Object Repository/RAD_Pages/PaymentAmount_Page/input__paymentAmount'

2021-11-08 13:56:01 - [TEST_STEP][PASSED] - click(findTestObject(orPath_Landing + "/a_Click here for details")): Object: 'Object Repository/RAD_Pages/Landing_Page/a_Click here for details' is clicked on

2021-11-08 13:56:01 - [MESSAGE][PASSED] - Object: 'Object Repository/RAD_Pages/Landing_Page/a_Click here for details' is clicked on

2021-11-08 13:56:01 - [TEST_STEP][PASSED] - cfVerbiage = "This electronic government service includes a 2.45% service/convenience fee for payments processed through this application. This fee is assessed by Govolution LLC, Maryland's eGovernment service provider, a third party working under a contract administered by the Maryland Department of Information Technology (DoIT). The service fee is used to develop, maintain, and expand the online service offerings of the state and is non-refundable. Accepted credit cards include Visa, MasterCard, Discover and American Express.": null

2021-11-08 13:56:01 - [TEST_STEP][PASSED] - verifyElementText(findTestObject(orPath_Landing + "/div_ServiceFeesVerbiage"), cfVerbiage): Actual text and expected text of test object 'Object Repository/RAD_Pages/Landing_Page/div_ServiceFeesVerbiage' are matched.

2021-11-08 13:56:02 - [MESSAGE][PASSED] - Actual text and expected text of test object 'Object Repository/RAD_Pages/Landing_Page/div_ServiceFeesVerbiage' are matched.

2021-11-08 13:56:02 - [TEST_STEP][PASSED] - verifyElementPresent(findTestObject(orPath_Landing + "/button_Close"), 30): Object 'Object Repository/RAD_Pages/Landing_Page/button_Close' is present

2021-11-08 13:56:02 - [MESSAGE][PASSED] - Object 'Object Repository/RAD_Pages/Landing_Page/button_Close' is present

2021-11-08 13:56:02 - [TEST_STEP][PASSED] - click(findTestObject(orPath_Landing + "/button_Close")): Object: 'Object Repository/RAD_Pages/Landing_Page/button_Close' is clicked on

2021-11-08 13:56:03 - [MESSAGE][PASSED] - Object: 'Object Repository/RAD_Pages/Landing_Page/button_Close' is clicked on

2021-11-08 13:56:03 - [TEST_STEP][PASSED] - openBrowser(""): Browser is opened with url: ''

2021-11-08 13:56:03 - [MESSAGE][WARNING] - A browser is already opened. Closing browser and opening a new one

2021-11-08 13:56:04 - [MESSAGE][INFO] - Starting 'Chrome' driver

2021-11-08 13:56:04 - [MESSAGE][INFO] - User set preference: ['acceptInsecureCerts', 'true']

2021-11-08 13:56:04 - [MESSAGE][INFO] - Action delay is set to 0 milliseconds

2021-11-08 13:56:05 - [MESSAGE][PASSED] - Browser is opened with url: ''

2021-11-08 13:56:05 - [TEST_STEP][PASSED] - maximizeWindow(): Current window maximized

2021-11-08 13:56:05 - [MESSAGE][PASSED] - Current window maximized

2021-11-08 13:56:05 - [TEST_STEP][PASSED] - navigateToUrl(RADurl): Navigate to 'https://qa.velocitypayment.com/client/rad/index.html' successfully

2021-11-08 13:56:07 - [MESSAGE][PASSED] - Navigate to 'https://qa.velocitypayment.com/client/rad/index.html' successfully

2021-11-08 13:56:07 - [TEST_STEP][PASSED] - orPath_Landing = "Object Repository/RAD_Pages/Landing_Page": null

2021-11-08 13:56:07 - [TEST_STEP][PASSED] - orPath = "Object Repository/RAD_Pages/Landing_Page": null

2021-11-08 13:56:07 - [TEST_STEP][PASSED] - orPath_Amount = "Object Repository/RAD_Pages/PaymentAmount_Page": null

2021-11-08 13:56:07 - [TEST_STEP][PASSED] - selectOptionByLabel(findTestObject(orPath_Landing + "/dd_TaxType"), taxTypeDropList[i], false): All options with label 'Extension Payments' are selected in object 'Object Repository/RAD_Pages/Landing_Page/dd_TaxType' 

2021-11-08 13:56:08 - [MESSAGE][PASSED] - All options with label 'Extension Payments' are selected in object 'Object Repository/RAD_Pages/Landing_Page/dd_TaxType' 

2021-11-08 13:56:08 - [TEST_STEP][PASSED] - delay(1): Delayed 1 second(s)

2021-11-08 13:56:09 - [MESSAGE][PASSED] - Delayed 1 second(s)

2021-11-08 13:56:09 - [TEST_STEP][PASSED] - setText(findTestObject(orPath_Amount + "/input__paymentAmount"), ""): Text '' is set on object 'Object Repository/RAD_Pages/PaymentAmount_Page/input__paymentAmount'

2021-11-08 13:56:09 - [MESSAGE][PASSED] - Text '' is set on object 'Object Repository/RAD_Pages/PaymentAmount_Page/input__paymentAmount'

2021-11-08 13:56:09 - [TEST_STEP][PASSED] - click(findTestObject(orPath_Landing + "/a_Click here for details")): Object: 'Object Repository/RAD_Pages/Landing_Page/a_Click here for details' is clicked on

2021-11-08 13:56:10 - [MESSAGE][PASSED] - Object: 'Object Repository/RAD_Pages/Landing_Page/a_Click here for details' is clicked on

2021-11-08 13:56:10 - [TEST_STEP][PASSED] - cfVerbiage = "This electronic government service includes a 2.45% service/convenience fee for payments processed through this application. This fee is assessed by Govolution LLC, Maryland's eGovernment service provider, a third party working under a contract administered by the Maryland Department of Information Technology (DoIT). The service fee is used to develop, maintain, and expand the online service offerings of the state and is non-refundable. Accepted credit cards include Visa, MasterCard, Discover and American Express.": null

2021-11-08 13:56:10 - [TEST_STEP][PASSED] - verifyElementText(findTestObject(orPath_Landing + "/div_ServiceFeesVerbiage"), cfVerbiage): Actual text and expected text of test object 'Object Repository/RAD_Pages/Landing_Page/div_ServiceFeesVerbiage' are matched.

2021-11-08 13:56:10 - [MESSAGE][PASSED] - Actual text and expected text of test object 'Object Repository/RAD_Pages/Landing_Page/div_ServiceFeesVerbiage' are matched.

2021-11-08 13:56:10 - [TEST_STEP][PASSED] - verifyElementPresent(findTestObject(orPath_Landing + "/button_Close"), 30): Object 'Object Repository/RAD_Pages/Landing_Page/button_Close' is present

2021-11-08 13:56:11 - [MESSAGE][PASSED] - Object 'Object Repository/RAD_Pages/Landing_Page/button_Close' is present

2021-11-08 13:56:11 - [TEST_STEP][PASSED] - click(findTestObject(orPath_Landing + "/button_Close")): Object: 'Object Repository/RAD_Pages/Landing_Page/button_Close' is clicked on

2021-11-08 13:56:11 - [MESSAGE][PASSED] - Object: 'Object Repository/RAD_Pages/Landing_Page/button_Close' is clicked on

2021-11-08 13:56:11 - [TEST_STEP][PASSED] - openBrowser(""): Browser is opened with url: ''

2021-11-08 13:56:11 - [MESSAGE][WARNING] - A browser is already opened. Closing browser and opening a new one

2021-11-08 13:56:12 - [MESSAGE][INFO] - Starting 'Chrome' driver

2021-11-08 13:56:12 - [MESSAGE][INFO] - User set preference: ['acceptInsecureCerts', 'true']

2021-11-08 13:56:12 - [MESSAGE][INFO] - Action delay is set to 0 milliseconds

2021-11-08 13:56:13 - [MESSAGE][PASSED] - Browser is opened with url: ''

2021-11-08 13:56:13 - [TEST_STEP][PASSED] - maximizeWindow(): Current window maximized

2021-11-08 13:56:14 - [MESSAGE][PASSED] - Current window maximized

2021-11-08 13:56:14 - [TEST_STEP][PASSED] - navigateToUrl(RADurl): Navigate to 'https://qa.velocitypayment.com/client/rad/index.html' successfully

2021-11-08 13:56:15 - [MESSAGE][PASSED] - Navigate to 'https://qa.velocitypayment.com/client/rad/index.html' successfully

2021-11-08 13:56:15 - [TEST_STEP][PASSED] - orPath_Landing = "Object Repository/RAD_Pages/Landing_Page": null

2021-11-08 13:56:15 - [TEST_STEP][PASSED] - orPath = "Object Repository/RAD_Pages/Landing_Page": null

2021-11-08 13:56:15 - [TEST_STEP][PASSED] - orPath_Amount = "Object Repository/RAD_Pages/PaymentAmount_Page": null

2021-11-08 13:56:15 - [TEST_STEP][PASSED] - selectOptionByLabel(findTestObject(orPath_Landing + "/dd_TaxType"), taxTypeDropList[i], false): All options with label 'Existing Liability' are selected in object 'Object Repository/RAD_Pages/Landing_Page/dd_TaxType' 

2021-11-08 13:56:16 - [MESSAGE][PASSED] - All options with label 'Existing Liability' are selected in object 'Object Repository/RAD_Pages/Landing_Page/dd_TaxType' 

2021-11-08 13:56:16 - [TEST_STEP][PASSED] - delay(1): Delayed 1 second(s)

2021-11-08 13:56:17 - [MESSAGE][PASSED] - Delayed 1 second(s)

2021-11-08 13:56:17 - [TEST_STEP][PASSED] - setText(findTestObject(orPath_Amount + "/input__paymentAmount"), ""): Text '' is set on object 'Object Repository/RAD_Pages/PaymentAmount_Page/input__paymentAmount'

2021-11-08 13:56:18 - [MESSAGE][PASSED] - Text '' is set on object 'Object Repository/RAD_Pages/PaymentAmount_Page/input__paymentAmount'

2021-11-08 13:56:18 - [TEST_STEP][PASSED] - click(findTestObject(orPath_Landing + "/a_Click here for details")): Object: 'Object Repository/RAD_Pages/Landing_Page/a_Click here for details' is clicked on

2021-11-08 13:56:18 - [MESSAGE][PASSED] - Object: 'Object Repository/RAD_Pages/Landing_Page/a_Click here for details' is clicked on

2021-11-08 13:56:18 - [TEST_STEP][PASSED] - cfVerbiage = "This electronic government service includes a 2.45% service/convenience fee for payments processed through this application. This fee is assessed by Govolution LLC, Maryland's eGovernment service provider, a third party working under a contract administered by the Maryland Department of Information Technology (DoIT). The service fee is used to develop, maintain, and expand the online service offerings of the state and is non-refundable. Accepted credit cards include Visa, MasterCard, Discover and American Express.": null

2021-11-08 13:56:18 - [TEST_STEP][PASSED] - verifyElementText(findTestObject(orPath_Landing + "/div_ServiceFeesVerbiage"), cfVerbiage): Actual text and expected text of test object 'Object Repository/RAD_Pages/Landing_Page/div_ServiceFeesVerbiage' are matched.

2021-11-08 13:56:19 - [MESSAGE][PASSED] - Actual text and expected text of test object 'Object Repository/RAD_Pages/Landing_Page/div_ServiceFeesVerbiage' are matched.

2021-11-08 13:56:19 - [TEST_STEP][PASSED] - verifyElementPresent(findTestObject(orPath_Landing + "/button_Close"), 30): Object 'Object Repository/RAD_Pages/Landing_Page/button_Close' is present

2021-11-08 13:56:19 - [MESSAGE][PASSED] - Object 'Object Repository/RAD_Pages/Landing_Page/button_Close' is present

2021-11-08 13:56:19 - [TEST_STEP][PASSED] - click(findTestObject(orPath_Landing + "/button_Close")): Object: 'Object Repository/RAD_Pages/Landing_Page/button_Close' is clicked on

2021-11-08 13:56:19 - [MESSAGE][PASSED] - Object: 'Object Repository/RAD_Pages/Landing_Page/button_Close' is clicked on

2021-11-08 13:56:19 - [TEST_STEP][PASSED] - openBrowser(""): Browser is opened with url: ''

2021-11-08 13:56:19 - [MESSAGE][WARNING] - A browser is already opened. Closing browser and opening a new one

2021-11-08 13:56:20 - [MESSAGE][INFO] - Starting 'Chrome' driver

2021-11-08 13:56:20 - [MESSAGE][INFO] - User set preference: ['acceptInsecureCerts', 'true']

2021-11-08 13:56:20 - [MESSAGE][INFO] - Action delay is set to 0 milliseconds

2021-11-08 13:56:22 - [MESSAGE][PASSED] - Browser is opened with url: ''

2021-11-08 13:56:22 - [TEST_STEP][PASSED] - maximizeWindow(): Current window maximized

2021-11-08 13:56:22 - [MESSAGE][PASSED] - Current window maximized

2021-11-08 13:56:22 - [TEST_STEP][PASSED] - navigateToUrl(RADurl): Navigate to 'https://qa.velocitypayment.com/client/rad/index.html' successfully

2021-11-08 13:56:24 - [MESSAGE][PASSED] - Navigate to 'https://qa.velocitypayment.com/client/rad/index.html' successfully

2021-11-08 13:56:24 - [TEST_STEP][PASSED] - orPath_Landing = "Object Repository/RAD_Pages/Landing_Page": null

2021-11-08 13:56:24 - [TEST_STEP][PASSED] - orPath = "Object Repository/RAD_Pages/Landing_Page": null

2021-11-08 13:56:24 - [TEST_STEP][PASSED] - orPath_Amount = "Object Repository/RAD_Pages/PaymentAmount_Page": null

2021-11-08 13:56:24 - [TEST_STEP][PASSED] - selectOptionByLabel(findTestObject(orPath_Landing + "/dd_TaxType"), taxTypeDropList[i], false): All options with label 'Sales and Use' are selected in object 'Object Repository/RAD_Pages/Landing_Page/dd_TaxType' 

2021-11-08 13:56:25 - [MESSAGE][PASSED] - All options with label 'Sales and Use' are selected in object 'Object Repository/RAD_Pages/Landing_Page/dd_TaxType' 

2021-11-08 13:56:25 - [TEST_STEP][PASSED] - delay(1): Delayed 1 second(s)

2021-11-08 13:56:26 - [MESSAGE][PASSED] - Delayed 1 second(s)

2021-11-08 13:56:26 - [TEST_STEP][PASSED] - setText(findTestObject(orPath_Amount + "/input__paymentAmount"), ""): Text '' is set on object 'Object Repository/RAD_Pages/PaymentAmount_Page/input__paymentAmount'

2021-11-08 13:56:26 - [MESSAGE][PASSED] - Text '' is set on object 'Object Repository/RAD_Pages/PaymentAmount_Page/input__paymentAmount'

2021-11-08 13:56:26 - [TEST_STEP][FAILED] - click(findTestObject(orPath_Landing + "/a_Click here for details")): Unable to click on object 'Object Repository/RAD_Pages/Landing_Page/a_Click here for details' (Root cause: com.kms.katalon.core.exception.StepFailedException: Unable to click on object 'Object Repository/RAD_Pages/Landing_Page/a_Click here for details'
	at com.kms.katalon.core.webui.keyword.internal.WebUIKeywordMain.stepFailed(WebUIKeywordMain.groovy:64)
	at com.kms.katalon.core.webui.keyword.internal.WebUIKeywordMain.runKeyword(WebUIKeywordMain.groovy:26)
	at com.kms.katalon.core.webui.keyword.builtin.ClickKeyword.click(ClickKeyword.groovy:75)
	at com.kms.katalon.core.webui.keyword.builtin.ClickKeyword.execute(ClickKeyword.groovy:42)
	at com.kms.katalon.core.keyword.internal.KeywordExecutor.executeKeywordForPlatform(KeywordExecutor.groovy:74)
	at com.kms.katalon.core.webui.keyword.WebUiBuiltInKeywords.click(WebUiBuiltInKeywords.groovy:620)
	at com.kms.katalon.core.webui.keyword.WebUiBuiltInKeywords$click$10.call(Unknown Source)
	at VerifyServiceFeeVerbiage_UI_TC.run(VerifyServiceFeeVerbiage_UI_TC:46)
	at com.kms.katalon.core.main.ScriptEngine.run(ScriptEngine.java:194)
	at com.kms.katalon.core.main.ScriptEngine.runScriptAsRawText(ScriptEngine.java:119)
	at com.kms.katalon.core.main.TestCaseExecutor.runScript(TestCaseExecutor.java:430)
	at com.kms.katalon.core.main.TestCaseExecutor.doExecute(TestCaseExecutor.java:421)
	at com.kms.katalon.core.main.TestCaseExecutor.processExecutionPhase(TestCaseExecutor.java:400)
	at com.kms.katalon.core.main.TestCaseExecutor.accessMainPhase(TestCaseExecutor.java:392)
	at com.kms.katalon.core.main.TestCaseExecutor.execute(TestCaseExecutor.java:273)
	at com.kms.katalon.core.main.TestSuiteExecutor.accessTestCaseMainPhase(TestSuiteExecutor.java:202)
	at com.kms.katalon.core.main.TestSuiteExecutor.accessTestSuiteMainPhase(TestSuiteExecutor.java:164)
	at com.kms.katalon.core.main.TestSuiteExecutor.execute(TestSuiteExecutor.java:105)
	at com.kms.katalon.core.main.TestCaseMain.startTestSuite(TestCaseMain.java:185)
	at com.kms.katalon.core.main.TestCaseMain$startTestSuite$0.call(Unknown Source)
	at TempTestSuite1636391403401.run(TempTestSuite1636391403401.groovy:36)
Caused by: org.openqa.selenium.ElementClickInterceptedException: element click intercepted: Element is not clickable at point (1050, 1569)
  (Session info: chrome=95.0.4638.69)
Build info: version: '3.141.59', revision: 'e82be7d358', time: '2018-11-14T08:25:53'
System info: host: 'DESKTOP-B2QI6NS', ip: '172.30.2.167', os.name: 'Windows 10', os.arch: 'amd64', os.version: '10.0', java.version: '1.8.0_181'
Driver info: com.kms.katalon.selenium.driver.CChromeDriver
Capabilities {acceptInsecureCerts: true, browserName: chrome, browserVersion: 95.0.4638.69, chrome: {chromedriverVersion: 95.0.4638.54 (d31a821ec901f..., userDataDir: C:\Users\iahmed\AppData\Loc...}, goog:chromeOptions: {debuggerAddress: localhost:60148}, javascriptEnabled: true, networkConnectionEnabled: false, pageLoadStrategy: normal, platform: WINDOWS, platformName: WINDOWS, proxy: Proxy(), setWindowRect: true, strictFileInteractability: false, timeouts: {implicit: 0, pageLoad: 300000, script: 30000}, unhandledPromptBehavior: dismiss and notify, webauthn:extension:credBlob: true, webauthn:extension:largeBlob: true, webauthn:virtualAuthenticators: true}
Session ID: ba29d25921fac996ddff4ffaf2a99b0f
	at org.openqa.selenium.remote.http.W3CHttpResponseCodec.createException(W3CHttpResponseCodec.java:187)
	at org.openqa.selenium.remote.http.W3CHttpResponseCodec.decode(W3CHttpResponseCodec.java:122)
	at org.openqa.selenium.remote.http.W3CHttpResponseCodec.decode(W3CHttpResponseCodec.java:49)
	at org.openqa.selenium.remote.HttpCommandExecutor.execute(HttpCommandExecutor.java:158)
	at org.openqa.selenium.remote.service.DriverCommandExecutor.execute(DriverCommandExecutor.java:83)
	at org.openqa.selenium.remote.RemoteWebDriver.execute(RemoteWebDriver.java:552)
	at com.kms.katalon.selenium.driver.CChromeDriver.execute(CChromeDriver.java:19)
	at org.openqa.selenium.remote.RemoteWebElement.execute(RemoteWebElement.java:285)
	at org.openqa.selenium.remote.RemoteWebElement.click(RemoteWebElement.java:84)
	at org.openqa.selenium.support.events.EventFiringWebDriver$EventFiringWebElement.lambda$new$0(EventFiringWebDriver.java:404)
	at com.sun.proxy.$Proxy11.click(Unknown Source)
	at org.openqa.selenium.support.events.EventFiringWebDriver$EventFiringWebElement.click(EventFiringWebDriver.java:417)
	at com.kms.katalon.core.webui.keyword.builtin.ClickKeyword$_click_closure1.doCall(ClickKeyword.groovy:68)
	at com.kms.katalon.core.webui.keyword.builtin.ClickKeyword$_click_closure1.call(ClickKeyword.groovy)
	at com.kms.katalon.core.webui.keyword.internal.WebUIKeywordMain.runKeyword(WebUIKeywordMain.groovy:20)
	at com.kms.katalon.core.webui.keyword.builtin.ClickKeyword.click(ClickKeyword.groovy:75)
	at com.kms.katalon.core.webui.keyword.builtin.ClickKeyword.execute(ClickKeyword.groovy:42)
	at com.kms.katalon.core.keyword.internal.KeywordExecutor.executeKeywordForPlatform(KeywordExecutor.groovy:74)
	at com.kms.katalon.core.webui.keyword.WebUiBuiltInKeywords.click(WebUiBuiltInKeywords.groovy:620)
	at com.kms.katalon.core.webui.keyword.WebUiBuiltInKeywords$click$10.call(Unknown Source)
	at Script1635887204249.run(Script1635887204249.groovy:46)
	... 13 more
)

2021-11-08 13:56:28 - [MESSAGE][FAILED] - Unable to click on object 'Object Repository/RAD_Pages/Landing_Page/a_Click here for details' (Root cause: com.kms.katalon.core.exception.StepFailedException: Unable to click on object 'Object Repository/RAD_Pages/Landing_Page/a_Click here for details'
	at com.kms.katalon.core.webui.keyword.internal.WebUIKeywordMain.stepFailed(WebUIKeywordMain.groovy:64)
	at com.kms.katalon.core.webui.keyword.internal.WebUIKeywordMain.runKeyword(WebUIKeywordMain.groovy:26)
	at com.kms.katalon.core.webui.keyword.builtin.ClickKeyword.click(ClickKeyword.groovy:75)
	at com.kms.katalon.core.webui.keyword.builtin.ClickKeyword.execute(ClickKeyword.groovy:42)
	at com.kms.katalon.core.keyword.internal.KeywordExecutor.executeKeywordForPlatform(KeywordExecutor.groovy:74)
	at com.kms.katalon.core.webui.keyword.WebUiBuiltInKeywords.click(WebUiBuiltInKeywords.groovy:620)
	at com.kms.katalon.core.webui.keyword.WebUiBuiltInKeywords$click$10.call(Unknown Source)
	at VerifyServiceFeeVerbiage_UI_TC.run(VerifyServiceFeeVerbiage_UI_TC:46)
	at com.kms.katalon.core.main.ScriptEngine.run(ScriptEngine.java:194)
	at com.kms.katalon.core.main.ScriptEngine.runScriptAsRawText(ScriptEngine.java:119)
	at com.kms.katalon.core.main.TestCaseExecutor.runScript(TestCaseExecutor.java:430)
	at com.kms.katalon.core.main.TestCaseExecutor.doExecute(TestCaseExecutor.java:421)
	at com.kms.katalon.core.main.TestCaseExecutor.processExecutionPhase(TestCaseExecutor.java:400)
	at com.kms.katalon.core.main.TestCaseExecutor.accessMainPhase(TestCaseExecutor.java:392)
	at com.kms.katalon.core.main.TestCaseExecutor.execute(TestCaseExecutor.java:273)
	at com.kms.katalon.core.main.TestSuiteExecutor.accessTestCaseMainPhase(TestSuiteExecutor.java:202)
	at com.kms.katalon.core.main.TestSuiteExecutor.accessTestSuiteMainPhase(TestSuiteExecutor.java:164)
	at com.kms.katalon.core.main.TestSuiteExecutor.execute(TestSuiteExecutor.java:105)
	at com.kms.katalon.core.main.TestCaseMain.startTestSuite(TestCaseMain.java:185)
	at com.kms.katalon.core.main.TestCaseMain$startTestSuite$0.call(Unknown Source)
	at TempTestSuite1636391403401.run(TempTestSuite1636391403401.groovy:36)
Caused by: org.openqa.selenium.ElementClickInterceptedException: element click intercepted: Element is not clickable at point (1050, 1569)
  (Session info: chrome=95.0.4638.69)
Build info: version: '3.141.59', revision: 'e82be7d358', time: '2018-11-14T08:25:53'
System info: host: 'DESKTOP-B2QI6NS', ip: '172.30.2.167', os.name: 'Windows 10', os.arch: 'amd64', os.version: '10.0', java.version: '1.8.0_181'
Driver info: com.kms.katalon.selenium.driver.CChromeDriver
Capabilities {acceptInsecureCerts: true, browserName: chrome, browserVersion: 95.0.4638.69, chrome: {chromedriverVersion: 95.0.4638.54 (d31a821ec901f..., userDataDir: C:\Users\iahmed\AppData\Loc...}, goog:chromeOptions: {debuggerAddress: localhost:60148}, javascriptEnabled: true, networkConnectionEnabled: false, pageLoadStrategy: normal, platform: WINDOWS, platformName: WINDOWS, proxy: Proxy(), setWindowRect: true, strictFileInteractability: false, timeouts: {implicit: 0, pageLoad: 300000, script: 30000}, unhandledPromptBehavior: dismiss and notify, webauthn:extension:credBlob: true, webauthn:extension:largeBlob: true, webauthn:virtualAuthenticators: true}
Session ID: ba29d25921fac996ddff4ffaf2a99b0f
	at org.openqa.selenium.remote.http.W3CHttpResponseCodec.createException(W3CHttpResponseCodec.java:187)
	at org.openqa.selenium.remote.http.W3CHttpResponseCodec.decode(W3CHttpResponseCodec.java:122)
	at org.openqa.selenium.remote.http.W3CHttpResponseCodec.decode(W3CHttpResponseCodec.java:49)
	at org.openqa.selenium.remote.HttpCommandExecutor.execute(HttpCommandExecutor.java:158)
	at org.openqa.selenium.remote.service.DriverCommandExecutor.execute(DriverCommandExecutor.java:83)
	at org.openqa.selenium.remote.RemoteWebDriver.execute(RemoteWebDriver.java:552)
	at com.kms.katalon.selenium.driver.CChromeDriver.execute(CChromeDriver.java:19)
	at org.openqa.selenium.remote.RemoteWebElement.execute(RemoteWebElement.java:285)
	at org.openqa.selenium.remote.RemoteWebElement.click(RemoteWebElement.java:84)
	at org.openqa.selenium.support.events.EventFiringWebDriver$EventFiringWebElement.lambda$new$0(EventFiringWebDriver.java:404)
	at com.sun.proxy.$Proxy11.click(Unknown Source)
	at org.openqa.selenium.support.events.EventFiringWebDriver$EventFiringWebElement.click(EventFiringWebDriver.java:417)
	at com.kms.katalon.core.webui.keyword.builtin.ClickKeyword$_click_closure1.doCall(ClickKeyword.groovy:68)
	at com.kms.katalon.core.webui.keyword.builtin.ClickKeyword$_click_closure1.call(ClickKeyword.groovy)
	at com.kms.katalon.core.webui.keyword.internal.WebUIKeywordMain.runKeyword(WebUIKeywordMain.groovy:20)
	at com.kms.katalon.core.webui.keyword.builtin.ClickKeyword.click(ClickKeyword.groovy:75)
	at com.kms.katalon.core.webui.keyword.builtin.ClickKeyword.execute(ClickKeyword.groovy:42)
	at com.kms.katalon.core.keyword.internal.KeywordExecutor.executeKeywordForPlatform(KeywordExecutor.groovy:74)
	at com.kms.katalon.core.webui.keyword.WebUiBuiltInKeywords.click(WebUiBuiltInKeywords.groovy:620)
	at com.kms.katalon.core.webui.keyword.WebUiBuiltInKeywords$click$10.call(Unknown Source)
	at Script1635887204249.run(Script1635887204249.groovy:46)
	... 13 more
)
[[ATTACHMENT|E:\\Cloned-Project-Katalon\\VPS-Katalon\\Reports\\20211108_121003\\RAD_TestSuite\\RAD_UI_TestSuite\\20211108_121003\\1636397788237.png]]

2021-11-08 13:56:28 - [TEST_STEP][PASSED] - cfVerbiage = "This electronic government service includes a 2.45% service/convenience fee for payments processed through this application. This fee is assessed by Govolution LLC, Maryland's eGovernment service provider, a third party working under a contract administered by the Maryland Department of Information Technology (DoIT). The service fee is used to develop, maintain, and expand the online service offerings of the state and is non-refundable. Accepted credit cards include Visa, MasterCard, Discover and American Express.": null

2021-11-08 13:56:28 - [TEST_STEP][FAILED] - verifyElementText(findTestObject(orPath_Landing + "/div_ServiceFeesVerbiage"), cfVerbiage): Actual text '' and expected text 'This electronic government service includes a 2.45% service/convenience fee for payments processed through this application. This fee is assessed by Govolution LLC, Maryland's eGovernment service provider, a third party working under a contract administered by the Maryland Department of Information Technology (DoIT). The service fee is used to develop, maintain, and expand the online service offerings of the state and is non-refundable. Accepted credit cards include Visa, MasterCard, Discover and American Express.' of test object 'Object Repository/RAD_Pages/Landing_Page/div_ServiceFeesVerbiage' are NOT matched. (Root cause: com.kms.katalon.core.exception.StepFailedException: Actual text '' and expected text 'This electronic government service includes a 2.45% service/convenience fee for payments processed through this application. This fee is assessed by Govolution LLC, Maryland's eGovernment service provider, a third party working under a contract administered by the Maryland Department of Information Technology (DoIT). The service fee is used to develop, maintain, and expand the online service offerings of the state and is non-refundable. Accepted credit cards include Visa, MasterCard, Discover and American Express.' of test object 'Object Repository/RAD_Pages/Landing_Page/div_ServiceFeesVerbiage' are NOT matched.
	at com.kms.katalon.core.webui.keyword.internal.WebUIKeywordMain.stepFailed(WebUIKeywordMain.groovy:64)
	at com.kms.katalon.core.webui.keyword.builtin.VerifyElementTextKeyword$_verifyElementText_closure1.doCall(VerifyElementTextKeyword.groovy:57)
	at com.kms.katalon.core.webui.keyword.builtin.VerifyElementTextKeyword$_verifyElementText_closure1.call(VerifyElementTextKeyword.groovy)
	at com.kms.katalon.core.webui.keyword.internal.WebUIKeywordMain.runKeyword(WebUIKeywordMain.groovy:20)
	at com.kms.katalon.core.webui.keyword.builtin.VerifyElementTextKeyword.verifyElementText(VerifyElementTextKeyword.groovy:72)
	at com.kms.katalon.core.webui.keyword.builtin.VerifyElementTextKeyword.execute(VerifyElementTextKeyword.groovy:40)
	at com.kms.katalon.core.keyword.internal.KeywordExecutor.executeKeywordForPlatform(KeywordExecutor.groovy:74)
	at com.kms.katalon.core.webui.keyword.WebUiBuiltInKeywords.verifyElementText(WebUiBuiltInKeywords.groovy:4749)
	at com.kms.katalon.core.webui.keyword.WebUiBuiltInKeywords$verifyElementText$17.call(Unknown Source)
	at VerifyServiceFeeVerbiage_UI_TC.run(VerifyServiceFeeVerbiage_UI_TC:52)
	at com.kms.katalon.core.main.ScriptEngine.run(ScriptEngine.java:194)
	at com.kms.katalon.core.main.ScriptEngine.runScriptAsRawText(ScriptEngine.java:119)
	at com.kms.katalon.core.main.TestCaseExecutor.runScript(TestCaseExecutor.java:430)
	at com.kms.katalon.core.main.TestCaseExecutor.doExecute(TestCaseExecutor.java:421)
	at com.kms.katalon.core.main.TestCaseExecutor.processExecutionPhase(TestCaseExecutor.java:400)
	at com.kms.katalon.core.main.TestCaseExecutor.accessMainPhase(TestCaseExecutor.java:392)
	at com.kms.katalon.core.main.TestCaseExecutor.execute(TestCaseExecutor.java:273)
	at com.kms.katalon.core.main.TestSuiteExecutor.accessTestCaseMainPhase(TestSuiteExecutor.java:202)
	at com.kms.katalon.core.main.TestSuiteExecutor.accessTestSuiteMainPhase(TestSuiteExecutor.java:164)
	at com.kms.katalon.core.main.TestSuiteExecutor.execute(TestSuiteExecutor.java:105)
	at com.kms.katalon.core.main.TestCaseMain.startTestSuite(TestCaseMain.java:185)
	at com.kms.katalon.core.main.TestCaseMain$startTestSuite$0.call(Unknown Source)
	at TempTestSuite1636391403401.run(TempTestSuite1636391403401.groovy:36)
)

2021-11-08 13:56:29 - [MESSAGE][FAILED] - Actual text '' and expected text 'This electronic government service includes a 2.45% service/convenience fee for payments processed through this application. This fee is assessed by Govolution LLC, Maryland's eGovernment service provider, a third party working under a contract administered by the Maryland Department of Information Technology (DoIT). The service fee is used to develop, maintain, and expand the online service offerings of the state and is non-refundable. Accepted credit cards include Visa, MasterCard, Discover and American Express.' of test object 'Object Repository/RAD_Pages/Landing_Page/div_ServiceFeesVerbiage' are NOT matched. (Root cause: com.kms.katalon.core.exception.StepFailedException: Actual text '' and expected text 'This electronic government service includes a 2.45% service/convenience fee for payments processed through this application. This fee is assessed by Govolution LLC, Maryland's eGovernment service provider, a third party working under a contract administered by the Maryland Department of Information Technology (DoIT). The service fee is used to develop, maintain, and expand the online service offerings of the state and is non-refundable. Accepted credit cards include Visa, MasterCard, Discover and American Express.' of test object 'Object Repository/RAD_Pages/Landing_Page/div_ServiceFeesVerbiage' are NOT matched.
	at com.kms.katalon.core.webui.keyword.internal.WebUIKeywordMain.stepFailed(WebUIKeywordMain.groovy:64)
	at com.kms.katalon.core.webui.keyword.builtin.VerifyElementTextKeyword$_verifyElementText_closure1.doCall(VerifyElementTextKeyword.groovy:57)
	at com.kms.katalon.core.webui.keyword.builtin.VerifyElementTextKeyword$_verifyElementText_closure1.call(VerifyElementTextKeyword.groovy)
	at com.kms.katalon.core.webui.keyword.internal.WebUIKeywordMain.runKeyword(WebUIKeywordMain.groovy:20)
	at com.kms.katalon.core.webui.keyword.builtin.VerifyElementTextKeyword.verifyElementText(VerifyElementTextKeyword.groovy:72)
	at com.kms.katalon.core.webui.keyword.builtin.VerifyElementTextKeyword.execute(VerifyElementTextKeyword.groovy:40)
	at com.kms.katalon.core.keyword.internal.KeywordExecutor.executeKeywordForPlatform(KeywordExecutor.groovy:74)
	at com.kms.katalon.core.webui.keyword.WebUiBuiltInKeywords.verifyElementText(WebUiBuiltInKeywords.groovy:4749)
	at com.kms.katalon.core.webui.keyword.WebUiBuiltInKeywords$verifyElementText$17.call(Unknown Source)
	at VerifyServiceFeeVerbiage_UI_TC.run(VerifyServiceFeeVerbiage_UI_TC:52)
	at com.kms.katalon.core.main.ScriptEngine.run(ScriptEngine.java:194)
	at com.kms.katalon.core.main.ScriptEngine.runScriptAsRawText(ScriptEngine.java:119)
	at com.kms.katalon.core.main.TestCaseExecutor.runScript(TestCaseExecutor.java:430)
	at com.kms.katalon.core.main.TestCaseExecutor.doExecute(TestCaseExecutor.java:421)
	at com.kms.katalon.core.main.TestCaseExecutor.processExecutionPhase(TestCaseExecutor.java:400)
	at com.kms.katalon.core.main.TestCaseExecutor.accessMainPhase(TestCaseExecutor.java:392)
	at com.kms.katalon.core.main.TestCaseExecutor.execute(TestCaseExecutor.java:273)
	at com.kms.katalon.core.main.TestSuiteExecutor.accessTestCaseMainPhase(TestSuiteExecutor.java:202)
	at com.kms.katalon.core.main.TestSuiteExecutor.accessTestSuiteMainPhase(TestSuiteExecutor.java:164)
	at com.kms.katalon.core.main.TestSuiteExecutor.execute(TestSuiteExecutor.java:105)
	at com.kms.katalon.core.main.TestCaseMain.startTestSuite(TestCaseMain.java:185)
	at com.kms.katalon.core.main.TestCaseMain$startTestSuite$0.call(Unknown Source)
	at TempTestSuite1636391403401.run(TempTestSuite1636391403401.groovy:36)
)
[[ATTACHMENT|E:\\Cloned-Project-Katalon\\VPS-Katalon\\Reports\\20211108_121003\\RAD_TestSuite\\RAD_UI_TestSuite\\20211108_121003\\1636397788808.png]]

2021-11-08 13:56:29 - [TEST_STEP][PASSED] - verifyElementPresent(findTestObject(orPath_Landing + "/button_Close"), 30): Object 'Object Repository/RAD_Pages/Landing_Page/button_Close' is present

2021-11-08 13:56:29 - [MESSAGE][PASSED] - Object 'Object Repository/RAD_Pages/Landing_Page/button_Close' is present

2021-11-08 13:56:29 - [TEST_STEP][FAILED] - click(findTestObject(orPath_Landing + "/button_Close")): Unable to click on object 'Object Repository/RAD_Pages/Landing_Page/button_Close' (Root cause: com.kms.katalon.core.exception.StepFailedException: Unable to click on object 'Object Repository/RAD_Pages/Landing_Page/button_Close'
	at com.kms.katalon.core.webui.keyword.internal.WebUIKeywordMain.stepFailed(WebUIKeywordMain.groovy:64)
	at com.kms.katalon.core.webui.keyword.internal.WebUIKeywordMain.runKeyword(WebUIKeywordMain.groovy:26)
	at com.kms.katalon.core.webui.keyword.builtin.ClickKeyword.click(ClickKeyword.groovy:75)
	at com.kms.katalon.core.webui.keyword.builtin.ClickKeyword.execute(ClickKeyword.groovy:42)
	at com.kms.katalon.core.keyword.internal.KeywordExecutor.executeKeywordForPlatform(KeywordExecutor.groovy:74)
	at com.kms.katalon.core.webui.keyword.WebUiBuiltInKeywords.click(WebUiBuiltInKeywords.groovy:620)
	at com.kms.katalon.core.webui.keyword.WebUiBuiltInKeywords$click$10.call(Unknown Source)
	at VerifyServiceFeeVerbiage_UI_TC.run(VerifyServiceFeeVerbiage_UI_TC:56)
	at com.kms.katalon.core.main.ScriptEngine.run(ScriptEngine.java:194)
	at com.kms.katalon.core.main.ScriptEngine.runScriptAsRawText(ScriptEngine.java:119)
	at com.kms.katalon.core.main.TestCaseExecutor.runScript(TestCaseExecutor.java:430)
	at com.kms.katalon.core.main.TestCaseExecutor.doExecute(TestCaseExecutor.java:421)
	at com.kms.katalon.core.main.TestCaseExecutor.processExecutionPhase(TestCaseExecutor.java:400)
	at com.kms.katalon.core.main.TestCaseExecutor.accessMainPhase(TestCaseExecutor.java:392)
	at com.kms.katalon.core.main.TestCaseExecutor.execute(TestCaseExecutor.java:273)
	at com.kms.katalon.core.main.TestSuiteExecutor.accessTestCaseMainPhase(TestSuiteExecutor.java:202)
	at com.kms.katalon.core.main.TestSuiteExecutor.accessTestSuiteMainPhase(TestSuiteExecutor.java:164)
	at com.kms.katalon.core.main.TestSuiteExecutor.execute(TestSuiteExecutor.java:105)
	at com.kms.katalon.core.main.TestCaseMain.startTestSuite(TestCaseMain.java:185)
	at com.kms.katalon.core.main.TestCaseMain$startTestSuite$0.call(Unknown Source)
	at TempTestSuite1636391403401.run(TempTestSuite1636391403401.groovy:36)
Caused by: org.openqa.selenium.ElementNotInteractableException: element not interactable
  (Session info: chrome=95.0.4638.69)
Build info: version: '3.141.59', revision: 'e82be7d358', time: '2018-11-14T08:25:53'
System info: host: 'DESKTOP-B2QI6NS', ip: '172.30.2.167', os.name: 'Windows 10', os.arch: 'amd64', os.version: '10.0', java.version: '1.8.0_181'
Driver info: com.kms.katalon.selenium.driver.CChromeDriver
Capabilities {acceptInsecureCerts: true, browserName: chrome, browserVersion: 95.0.4638.69, chrome: {chromedriverVersion: 95.0.4638.54 (d31a821ec901f..., userDataDir: C:\Users\iahmed\AppData\Loc...}, goog:chromeOptions: {debuggerAddress: localhost:60148}, javascriptEnabled: true, networkConnectionEnabled: false, pageLoadStrategy: normal, platform: WINDOWS, platformName: WINDOWS, proxy: Proxy(), setWindowRect: true, strictFileInteractability: false, timeouts: {implicit: 0, pageLoad: 300000, script: 30000}, unhandledPromptBehavior: dismiss and notify, webauthn:extension:credBlob: true, webauthn:extension:largeBlob: true, webauthn:virtualAuthenticators: true}
Session ID: ba29d25921fac996ddff4ffaf2a99b0f
	at org.openqa.selenium.remote.http.W3CHttpResponseCodec.createException(W3CHttpResponseCodec.java:187)
	at org.openqa.selenium.remote.http.W3CHttpResponseCodec.decode(W3CHttpResponseCodec.java:122)
	at org.openqa.selenium.remote.http.W3CHttpResponseCodec.decode(W3CHttpResponseCodec.java:49)
	at org.openqa.selenium.remote.HttpCommandExecutor.execute(HttpCommandExecutor.java:158)
	at org.openqa.selenium.remote.service.DriverCommandExecutor.execute(DriverCommandExecutor.java:83)
	at org.openqa.selenium.remote.RemoteWebDriver.execute(RemoteWebDriver.java:552)
	at com.kms.katalon.selenium.driver.CChromeDriver.execute(CChromeDriver.java:19)
	at org.openqa.selenium.remote.RemoteWebElement.execute(RemoteWebElement.java:285)
	at org.openqa.selenium.remote.RemoteWebElement.click(RemoteWebElement.java:84)
	at org.openqa.selenium.support.events.EventFiringWebDriver$EventFiringWebElement.lambda$new$0(EventFiringWebDriver.java:404)
	at com.sun.proxy.$Proxy11.click(Unknown Source)
	at org.openqa.selenium.support.events.EventFiringWebDriver$EventFiringWebElement.click(EventFiringWebDriver.java:417)
	at com.kms.katalon.core.webui.keyword.builtin.ClickKeyword$_click_closure1.doCall(ClickKeyword.groovy:68)
	at com.kms.katalon.core.webui.keyword.builtin.ClickKeyword$_click_closure1.call(ClickKeyword.groovy)
	at com.kms.katalon.core.webui.keyword.internal.WebUIKeywordMain.runKeyword(WebUIKeywordMain.groovy:20)
	at com.kms.katalon.core.webui.keyword.builtin.ClickKeyword.click(ClickKeyword.groovy:75)
	at com.kms.katalon.core.webui.keyword.builtin.ClickKeyword.execute(ClickKeyword.groovy:42)
	at com.kms.katalon.core.keyword.internal.KeywordExecutor.executeKeywordForPlatform(KeywordExecutor.groovy:74)
	at com.kms.katalon.core.webui.keyword.WebUiBuiltInKeywords.click(WebUiBuiltInKeywords.groovy:620)
	at com.kms.katalon.core.webui.keyword.WebUiBuiltInKeywords$click$10.call(Unknown Source)
	at Script1635887204249.run(Script1635887204249.groovy:56)
	... 13 more
)

2021-11-08 13:56:29 - [MESSAGE][FAILED] - Unable to click on object 'Object Repository/RAD_Pages/Landing_Page/button_Close' (Root cause: com.kms.katalon.core.exception.StepFailedException: Unable to click on object 'Object Repository/RAD_Pages/Landing_Page/button_Close'
	at com.kms.katalon.core.webui.keyword.internal.WebUIKeywordMain.stepFailed(WebUIKeywordMain.groovy:64)
	at com.kms.katalon.core.webui.keyword.internal.WebUIKeywordMain.runKeyword(WebUIKeywordMain.groovy:26)
	at com.kms.katalon.core.webui.keyword.builtin.ClickKeyword.click(ClickKeyword.groovy:75)
	at com.kms.katalon.core.webui.keyword.builtin.ClickKeyword.execute(ClickKeyword.groovy:42)
	at com.kms.katalon.core.keyword.internal.KeywordExecutor.executeKeywordForPlatform(KeywordExecutor.groovy:74)
	at com.kms.katalon.core.webui.keyword.WebUiBuiltInKeywords.click(WebUiBuiltInKeywords.groovy:620)
	at com.kms.katalon.core.webui.keyword.WebUiBuiltInKeywords$click$10.call(Unknown Source)
	at VerifyServiceFeeVerbiage_UI_TC.run(VerifyServiceFeeVerbiage_UI_TC:56)
	at com.kms.katalon.core.main.ScriptEngine.run(ScriptEngine.java:194)
	at com.kms.katalon.core.main.ScriptEngine.runScriptAsRawText(ScriptEngine.java:119)
	at com.kms.katalon.core.main.TestCaseExecutor.runScript(TestCaseExecutor.java:430)
	at com.kms.katalon.core.main.TestCaseExecutor.doExecute(TestCaseExecutor.java:421)
	at com.kms.katalon.core.main.TestCaseExecutor.processExecutionPhase(TestCaseExecutor.java:400)
	at com.kms.katalon.core.main.TestCaseExecutor.accessMainPhase(TestCaseExecutor.java:392)
	at com.kms.katalon.core.main.TestCaseExecutor.execute(TestCaseExecutor.java:273)
	at com.kms.katalon.core.main.TestSuiteExecutor.accessTestCaseMainPhase(TestSuiteExecutor.java:202)
	at com.kms.katalon.core.main.TestSuiteExecutor.accessTestSuiteMainPhase(TestSuiteExecutor.java:164)
	at com.kms.katalon.core.main.TestSuiteExecutor.execute(TestSuiteExecutor.java:105)
	at com.kms.katalon.core.main.TestCaseMain.startTestSuite(TestCaseMain.java:185)
	at com.kms.katalon.core.main.TestCaseMain$startTestSuite$0.call(Unknown Source)
	at TempTestSuite1636391403401.run(TempTestSuite1636391403401.groovy:36)
Caused by: org.openqa.selenium.ElementNotInteractableException: element not interactable
  (Session info: chrome=95.0.4638.69)
Build info: version: '3.141.59', revision: 'e82be7d358', time: '2018-11-14T08:25:53'
System info: host: 'DESKTOP-B2QI6NS', ip: '172.30.2.167', os.name: 'Windows 10', os.arch: 'amd64', os.version: '10.0', java.version: '1.8.0_181'
Driver info: com.kms.katalon.selenium.driver.CChromeDriver
Capabilities {acceptInsecureCerts: true, browserName: chrome, browserVersion: 95.0.4638.69, chrome: {chromedriverVersion: 95.0.4638.54 (d31a821ec901f..., userDataDir: C:\Users\iahmed\AppData\Loc...}, goog:chromeOptions: {debuggerAddress: localhost:60148}, javascriptEnabled: true, networkConnectionEnabled: false, pageLoadStrategy: normal, platform: WINDOWS, platformName: WINDOWS, proxy: Proxy(), setWindowRect: true, strictFileInteractability: false, timeouts: {implicit: 0, pageLoad: 300000, script: 30000}, unhandledPromptBehavior: dismiss and notify, webauthn:extension:credBlob: true, webauthn:extension:largeBlob: true, webauthn:virtualAuthenticators: true}
Session ID: ba29d25921fac996ddff4ffaf2a99b0f
	at org.openqa.selenium.remote.http.W3CHttpResponseCodec.createException(W3CHttpResponseCodec.java:187)
	at org.openqa.selenium.remote.http.W3CHttpResponseCodec.decode(W3CHttpResponseCodec.java:122)
	at org.openqa.selenium.remote.http.W3CHttpResponseCodec.decode(W3CHttpResponseCodec.java:49)
	at org.openqa.selenium.remote.HttpCommandExecutor.execute(HttpCommandExecutor.java:158)
	at org.openqa.selenium.remote.service.DriverCommandExecutor.execute(DriverCommandExecutor.java:83)
	at org.openqa.selenium.remote.RemoteWebDriver.execute(RemoteWebDriver.java:552)
	at com.kms.katalon.selenium.driver.CChromeDriver.execute(CChromeDriver.java:19)
	at org.openqa.selenium.remote.RemoteWebElement.execute(RemoteWebElement.java:285)
	at org.openqa.selenium.remote.RemoteWebElement.click(RemoteWebElement.java:84)
	at org.openqa.selenium.support.events.EventFiringWebDriver$EventFiringWebElement.lambda$new$0(EventFiringWebDriver.java:404)
	at com.sun.proxy.$Proxy11.click(Unknown Source)
	at org.openqa.selenium.support.events.EventFiringWebDriver$EventFiringWebElement.click(EventFiringWebDriver.java:417)
	at com.kms.katalon.core.webui.keyword.builtin.ClickKeyword$_click_closure1.doCall(ClickKeyword.groovy:68)
	at com.kms.katalon.core.webui.keyword.builtin.ClickKeyword$_click_closure1.call(ClickKeyword.groovy)
	at com.kms.katalon.core.webui.keyword.internal.WebUIKeywordMain.runKeyword(WebUIKeywordMain.groovy:20)
	at com.kms.katalon.core.webui.keyword.builtin.ClickKeyword.click(ClickKeyword.groovy:75)
	at com.kms.katalon.core.webui.keyword.builtin.ClickKeyword.execute(ClickKeyword.groovy:42)
	at com.kms.katalon.core.keyword.internal.KeywordExecutor.executeKeywordForPlatform(KeywordExecutor.groovy:74)
	at com.kms.katalon.core.webui.keyword.WebUiBuiltInKeywords.click(WebUiBuiltInKeywords.groovy:620)
	at com.kms.katalon.core.webui.keyword.WebUiBuiltInKeywords$click$10.call(Unknown Source)
	at Script1635887204249.run(Script1635887204249.groovy:56)
	... 13 more
)
[[ATTACHMENT|E:\\Cloned-Project-Katalon\\VPS-Katalon\\Reports\\20211108_121003\\RAD_TestSuite\\RAD_UI_TestSuite\\20211108_121003\\1636397789639.png]]

2021-11-08 13:56:29 - [TEST_STEP][PASSED] - openBrowser(""): Browser is opened with url: ''

2021-11-08 13:56:29 - [MESSAGE][WARNING] - A browser is already opened. Closing browser and opening a new one

2021-11-08 13:56:30 - [MESSAGE][INFO] - Starting 'Chrome' driver

2021-11-08 13:56:30 - [MESSAGE][INFO] - User set preference: ['acceptInsecureCerts', 'true']

2021-11-08 13:56:30 - [MESSAGE][INFO] - Action delay is set to 0 milliseconds

2021-11-08 13:56:32 - [MESSAGE][PASSED] - Browser is opened with url: ''

2021-11-08 13:56:32 - [TEST_STEP][PASSED] - maximizeWindow(): Current window maximized

2021-11-08 13:56:32 - [MESSAGE][PASSED] - Current window maximized

2021-11-08 13:56:32 - [TEST_STEP][PASSED] - navigateToUrl(RADurl): Navigate to 'https://qa.velocitypayment.com/client/rad/index.html' successfully

2021-11-08 13:56:34 - [MESSAGE][PASSED] - Navigate to 'https://qa.velocitypayment.com/client/rad/index.html' successfully

2021-11-08 13:56:34 - [TEST_STEP][PASSED] - orPath_Landing = "Object Repository/RAD_Pages/Landing_Page": null

2021-11-08 13:56:34 - [TEST_STEP][PASSED] - orPath = "Object Repository/RAD_Pages/Landing_Page": null

2021-11-08 13:56:34 - [TEST_STEP][PASSED] - orPath_Amount = "Object Repository/RAD_Pages/PaymentAmount_Page": null

2021-11-08 13:56:34 - [TEST_STEP][PASSED] - selectOptionByLabel(findTestObject(orPath_Landing + "/dd_TaxType"), taxTypeDropList[i], false): All options with label 'Withholding Tax' are selected in object 'Object Repository/RAD_Pages/Landing_Page/dd_TaxType' 

2021-11-08 13:56:34 - [MESSAGE][PASSED] - All options with label 'Withholding Tax' are selected in object 'Object Repository/RAD_Pages/Landing_Page/dd_TaxType' 

2021-11-08 13:56:34 - [TEST_STEP][PASSED] - delay(1): Delayed 1 second(s)

2021-11-08 13:56:35 - [MESSAGE][PASSED] - Delayed 1 second(s)

2021-11-08 13:56:35 - [TEST_STEP][PASSED] - setText(findTestObject(orPath_Amount + "/input__paymentAmount"), ""): Text '' is set on object 'Object Repository/RAD_Pages/PaymentAmount_Page/input__paymentAmount'

2021-11-08 13:56:36 - [MESSAGE][PASSED] - Text '' is set on object 'Object Repository/RAD_Pages/PaymentAmount_Page/input__paymentAmount'

2021-11-08 13:56:36 - [TEST_STEP][PASSED] - click(findTestObject(orPath_Landing + "/a_Click here for details")): Object: 'Object Repository/RAD_Pages/Landing_Page/a_Click here for details' is clicked on

2021-11-08 13:56:37 - [MESSAGE][PASSED] - Object: 'Object Repository/RAD_Pages/Landing_Page/a_Click here for details' is clicked on

2021-11-08 13:56:37 - [TEST_STEP][PASSED] - cfVerbiage = "This electronic government service includes a 2.45% service/convenience fee for payments processed through this application. This fee is assessed by Govolution LLC, Maryland's eGovernment service provider, a third party working under a contract administered by the Maryland Department of Information Technology (DoIT). The service fee is used to develop, maintain, and expand the online service offerings of the state and is non-refundable. Accepted credit cards include Visa, MasterCard, Discover and American Express.": null

2021-11-08 13:56:37 - [TEST_STEP][PASSED] - verifyElementText(findTestObject(orPath_Landing + "/div_ServiceFeesVerbiage"), cfVerbiage): Actual text and expected text of test object 'Object Repository/RAD_Pages/Landing_Page/div_ServiceFeesVerbiage' are matched.

2021-11-08 13:56:37 - [MESSAGE][PASSED] - Actual text and expected text of test object 'Object Repository/RAD_Pages/Landing_Page/div_ServiceFeesVerbiage' are matched.

2021-11-08 13:56:37 - [TEST_STEP][PASSED] - verifyElementPresent(findTestObject(orPath_Landing + "/button_Close"), 30): Object 'Object Repository/RAD_Pages/Landing_Page/button_Close' is present

2021-11-08 13:56:38 - [MESSAGE][PASSED] - Object 'Object Repository/RAD_Pages/Landing_Page/button_Close' is present

2021-11-08 13:56:38 - [TEST_STEP][PASSED] - click(findTestObject(orPath_Landing + "/button_Close")): Object: 'Object Repository/RAD_Pages/Landing_Page/button_Close' is clicked on

2021-11-08 13:56:38 - [MESSAGE][PASSED] - Object: 'Object Repository/RAD_Pages/Landing_Page/button_Close' is clicked on]]></system-out>
         <system-err><![CDATA[2021-11-08 13:55:46 - [TEST_CASE][FAILED] - Test Cases/RAD_TestCases/UI_TestCases/VerifyServiceFeeVerbiage_UI_TC: Test Cases/RAD_TestCases/UI_TestCases/VerifyServiceFeeVerbiage_UI_TC FAILED.
Reason:
com.kms.katalon.core.exception.StepFailedException: Unable to click on object 'Object Repository/RAD_Pages/Landing_Page/a_Click here for details' (Root cause: com.kms.katalon.core.exception.StepFailedException: Unable to click on object 'Object Repository/RAD_Pages/Landing_Page/a_Click here for details'
	at com.kms.katalon.core.webui.keyword.internal.WebUIKeywordMain.stepFailed(WebUIKeywordMain.groovy:64)
	at com.kms.katalon.core.webui.keyword.internal.WebUIKeywordMain.runKeyword(WebUIKeywordMain.groovy:26)
	at com.kms.katalon.core.webui.keyword.builtin.ClickKeyword.click(ClickKeyword.groovy:75)
	at com.kms.katalon.core.webui.keyword.builtin.ClickKeyword.execute(ClickKeyword.groovy:42)
	at com.kms.katalon.core.keyword.internal.KeywordExecutor.executeKeywordForPlatform(KeywordExecutor.groovy:74)
	at com.kms.katalon.core.webui.keyword.WebUiBuiltInKeywords.click(WebUiBuiltInKeywords.groovy:620)
	at com.kms.katalon.core.webui.keyword.WebUiBuiltInKeywords$click$10.call(Unknown Source)
	at VerifyServiceFeeVerbiage_UI_TC.run(VerifyServiceFeeVerbiage_UI_TC:46)
	at com.kms.katalon.core.main.ScriptEngine.run(ScriptEngine.java:194)
	at com.kms.katalon.core.main.ScriptEngine.runScriptAsRawText(ScriptEngine.java:119)
	at com.kms.katalon.core.main.TestCaseExecutor.runScript(TestCaseExecutor.java:430)
	at com.kms.katalon.core.main.TestCaseExecutor.doExecute(TestCaseExecutor.java:421)
	at com.kms.katalon.core.main.TestCaseExecutor.processExecutionPhase(TestCaseExecutor.java:400)
	at com.kms.katalon.core.main.TestCaseExecutor.accessMainPhase(TestCaseExecutor.java:392)
	at com.kms.katalon.core.main.TestCaseExecutor.execute(TestCaseExecutor.java:273)
	at com.kms.katalon.core.main.TestSuiteExecutor.accessTestCaseMainPhase(TestSuiteExecutor.java:202)
	at com.kms.katalon.core.main.TestSuiteExecutor.accessTestSuiteMainPhase(TestSuiteExecutor.java:164)
	at com.kms.katalon.core.main.TestSuiteExecutor.execute(TestSuiteExecutor.java:105)
	at com.kms.katalon.core.main.TestCaseMain.startTestSuite(TestCaseMain.java:185)
	at com.kms.katalon.core.main.TestCaseMain$startTestSuite$0.call(Unknown Source)
	at TempTestSuite1636391403401.run(TempTestSuite1636391403401.groovy:36)
Caused by: org.openqa.selenium.ElementClickInterceptedException: element click intercepted: Element is not clickable at point (1050, 1569)
  (Session info: chrome=95.0.4638.69)
Build info: version: '3.141.59', revision: 'e82be7d358', time: '2018-11-14T08:25:53'
System info: host: 'DESKTOP-B2QI6NS', ip: '172.30.2.167', os.name: 'Windows 10', os.arch: 'amd64', os.version: '10.0', java.version: '1.8.0_181'
Driver info: com.kms.katalon.selenium.driver.CChromeDriver
Capabilities {acceptInsecureCerts: true, browserName: chrome, browserVersion: 95.0.4638.69, chrome: {chromedriverVersion: 95.0.4638.54 (d31a821ec901f..., userDataDir: C:\Users\iahmed\AppData\Loc...}, goog:chromeOptions: {debuggerAddress: localhost:60148}, javascriptEnabled: true, networkConnectionEnabled: false, pageLoadStrategy: normal, platform: WINDOWS, platformName: WINDOWS, proxy: Proxy(), setWindowRect: true, strictFileInteractability: false, timeouts: {implicit: 0, pageLoad: 300000, script: 30000}, unhandledPromptBehavior: dismiss and notify, webauthn:extension:credBlob: true, webauthn:extension:largeBlob: true, webauthn:virtualAuthenticators: true}
Session ID: ba29d25921fac996ddff4ffaf2a99b0f
	at org.openqa.selenium.remote.http.W3CHttpResponseCodec.createException(W3CHttpResponseCodec.java:187)
	at org.openqa.selenium.remote.http.W3CHttpResponseCodec.decode(W3CHttpResponseCodec.java:122)
	at org.openqa.selenium.remote.http.W3CHttpResponseCodec.decode(W3CHttpResponseCodec.java:49)
	at org.openqa.selenium.remote.HttpCommandExecutor.execute(HttpCommandExecutor.java:158)
	at org.openqa.selenium.remote.service.DriverCommandExecutor.execute(DriverCommandExecutor.java:83)
	at org.openqa.selenium.remote.RemoteWebDriver.execute(RemoteWebDriver.java:552)
	at com.kms.katalon.selenium.driver.CChromeDriver.execute(CChromeDriver.java:19)
	at org.openqa.selenium.remote.RemoteWebElement.execute(RemoteWebElement.java:285)
	at org.openqa.selenium.remote.RemoteWebElement.click(RemoteWebElement.java:84)
	at org.openqa.selenium.support.events.EventFiringWebDriver$EventFiringWebElement.lambda$new$0(EventFiringWebDriver.java:404)
	at com.sun.proxy.$Proxy11.click(Unknown Source)
	at org.openqa.selenium.support.events.EventFiringWebDriver$EventFiringWebElement.click(EventFiringWebDriver.java:417)
	at com.kms.katalon.core.webui.keyword.builtin.ClickKeyword$_click_closure1.doCall(ClickKeyword.groovy:68)
	at com.kms.katalon.core.webui.keyword.builtin.ClickKeyword$_click_closure1.call(ClickKeyword.groovy)
	at com.kms.katalon.core.webui.keyword.internal.WebUIKeywordMain.runKeyword(WebUIKeywordMain.groovy:20)
	at com.kms.katalon.core.webui.keyword.builtin.ClickKeyword.click(ClickKeyword.groovy:75)
	at com.kms.katalon.core.webui.keyword.builtin.ClickKeyword.execute(ClickKeyword.groovy:42)
	at com.kms.katalon.core.keyword.internal.KeywordExecutor.executeKeywordForPlatform(KeywordExecutor.groovy:74)
	at com.kms.katalon.core.webui.keyword.WebUiBuiltInKeywords.click(WebUiBuiltInKeywords.groovy:620)
	at com.kms.katalon.core.webui.keyword.WebUiBuiltInKeywords$click$10.call(Unknown Source)
	at Script1635887204249.run(Script1635887204249.groovy:46)
	... 13 more
)
	at com.kms.katalon.core.keyword.internal.KeywordMain.stepFailed(KeywordMain.groovy:39)
	at com.kms.katalon.core.webui.keyword.internal.WebUIKeywordMain.stepFailed(WebUIKeywordMain.groovy:64)
	at com.kms.katalon.core.webui.keyword.internal.WebUIKeywordMain.runKeyword(WebUIKeywordMain.groovy:26)
	at com.kms.katalon.core.webui.keyword.builtin.ClickKeyword.click(ClickKeyword.groovy:75)
	at com.kms.katalon.core.webui.keyword.builtin.ClickKeyword.execute(ClickKeyword.groovy:42)
	at com.kms.katalon.core.keyword.internal.KeywordExecutor.executeKeywordForPlatform(KeywordExecutor.groovy:74)
	at com.kms.katalon.core.webui.keyword.WebUiBuiltInKeywords.click(WebUiBuiltInKeywords.groovy:620)
	at com.kms.katalon.core.webui.keyword.WebUiBuiltInKeywords$click$10.call(Unknown Source)
	at VerifyServiceFeeVerbiage_UI_TC.run(VerifyServiceFeeVerbiage_UI_TC:46)
	at com.kms.katalon.core.main.ScriptEngine.run(ScriptEngine.java:194)
	at com.kms.katalon.core.main.ScriptEngine.runScriptAsRawText(ScriptEngine.java:119)
	at com.kms.katalon.core.main.TestCaseExecutor.runScript(TestCaseExecutor.java:430)
	at com.kms.katalon.core.main.TestCaseExecutor.doExecute(TestCaseExecutor.java:421)
	at com.kms.katalon.core.main.TestCaseExecutor.processExecutionPhase(TestCaseExecutor.java:400)
	at com.kms.katalon.core.main.TestCaseExecutor.accessMainPhase(TestCaseExecutor.java:392)
	at com.kms.katalon.core.main.TestCaseExecutor.execute(TestCaseExecutor.java:273)
	at com.kms.katalon.core.main.TestSuiteExecutor.accessTestCaseMainPhase(TestSuiteExecutor.java:202)
	at com.kms.katalon.core.main.TestSuiteExecutor.accessTestSuiteMainPhase(TestSuiteExecutor.java:164)
	at com.kms.katalon.core.main.TestSuiteExecutor.execute(TestSuiteExecutor.java:105)
	at com.kms.katalon.core.main.TestCaseMain.startTestSuite(TestCaseMain.java:185)
	at com.kms.katalon.core.main.TestCaseMain$startTestSuite$0.call(Unknown Source)
	at TempTestSuite1636391403401.run(TempTestSuite1636391403401.groovy:36)
Caused by: com.kms.katalon.core.exception.StepFailedException: Unable to click on object 'Object Repository/RAD_Pages/Landing_Page/a_Click here for details'
	... 21 more
Caused by: org.openqa.selenium.ElementClickInterceptedException: element click intercepted: Element is not clickable at point (1050, 1569)
  (Session info: chrome=95.0.4638.69)
Build info: version: '3.141.59', revision: 'e82be7d358', time: '2018-11-14T08:25:53'
System info: host: 'DESKTOP-B2QI6NS', ip: '172.30.2.167', os.name: 'Windows 10', os.arch: 'amd64', os.version: '10.0', java.version: '1.8.0_181'
Driver info: com.kms.katalon.selenium.driver.CChromeDriver
Capabilities {acceptInsecureCerts: true, browserName: chrome, browserVersion: 95.0.4638.69, chrome: {chromedriverVersion: 95.0.4638.54 (d31a821ec901f..., userDataDir: C:\Users\iahmed\AppData\Loc...}, goog:chromeOptions: {debuggerAddress: localhost:60148}, javascriptEnabled: true, networkConnectionEnabled: false, pageLoadStrategy: normal, platform: WINDOWS, platformName: WINDOWS, proxy: Proxy(), setWindowRect: true, strictFileInteractability: false, timeouts: {implicit: 0, pageLoad: 300000, script: 30000}, unhandledPromptBehavior: dismiss and notify, webauthn:extension:credBlob: true, webauthn:extension:largeBlob: true, webauthn:virtualAuthenticators: true}
Session ID: ba29d25921fac996ddff4ffaf2a99b0f
	at org.openqa.selenium.remote.http.W3CHttpResponseCodec.createException(W3CHttpResponseCodec.java:187)
	at org.openqa.selenium.remote.http.W3CHttpResponseCodec.decode(W3CHttpResponseCodec.java:122)
	at org.openqa.selenium.remote.http.W3CHttpResponseCodec.decode(W3CHttpResponseCodec.java:49)
	at org.openqa.selenium.remote.HttpCommandExecutor.execute(HttpCommandExecutor.java:158)
	at org.openqa.selenium.remote.service.DriverCommandExecutor.execute(DriverCommandExecutor.java:83)
	at org.openqa.selenium.remote.RemoteWebDriver.execute(RemoteWebDriver.java:552)
	at com.kms.katalon.selenium.driver.CChromeDriver.execute(CChromeDriver.java:19)
	at org.openqa.selenium.remote.RemoteWebElement.execute(RemoteWebElement.java:285)
	at org.openqa.selenium.remote.RemoteWebElement.click(RemoteWebElement.java:84)
	at org.openqa.selenium.support.events.EventFiringWebDriver$EventFiringWebElement.lambda$new$0(EventFiringWebDriver.java:404)
	at com.sun.proxy.$Proxy11.click(Unknown Source)
	at org.openqa.selenium.support.events.EventFiringWebDriver$EventFiringWebElement.click(EventFiringWebDriver.java:417)
	at com.kms.katalon.core.webui.keyword.builtin.ClickKeyword$_click_closure1.doCall(ClickKeyword.groovy:68)
	at com.kms.katalon.core.webui.keyword.builtin.ClickKeyword$_click_closure1.call(ClickKeyword.groovy)
	at com.kms.katalon.core.webui.keyword.internal.WebUIKeywordMain.runKeyword(WebUIKeywordMain.groovy:20)
	... 19 more]]></system-err>
      </testcase>
      <system-out><![CDATA[2021-11-08 12:10:07 - [TEST_SUITE][FAILED] - RAD_UI_TestSuite: Test Cases/RAD_TestCases/UI_TestCases/SalesAndUse_UI_TC FAILED.
Reason:
com.kms.katalon.core.exception.StepFailedException: Unable to verify equal between actual object '5' and expected object '4' (Root cause: com.kms.katalon.core.exception.StepFailedException: Actual object '5' and expected object '4' are not equal
	at com.kms.katalon.core.keyword.builtin.VerifyEqualKeyword$_verifyEqual_closure1.doCall(VerifyEqualKeyword.groovy:58)
	at com.kms.katalon.core.keyword.builtin.VerifyEqualKeyword$_verifyEqual_closure1.call(VerifyEqualKeyword.groovy)
	at com.kms.katalon.core.keyword.internal.KeywordMain.runKeyword(KeywordMain.groovy:74)
	at com.kms.katalon.core.keyword.builtin.VerifyEqualKeyword.verifyEqual(VerifyEqualKeyword.groovy:63)
	at com.kms.katalon.core.keyword.builtin.VerifyEqualKeyword.execute(VerifyEqualKeyword.groovy:44)
	at com.kms.katalon.core.keyword.internal.KeywordExecutor.executeKeywordForPlatform(KeywordExecutor.groovy:74)
	at com.kms.katalon.core.keyword.BuiltinKeywords.verifyEqual(BuiltinKeywords.groovy:141)
	at SalesAndUse_UI_TC.run(SalesAndUse_UI_TC:57)
	at com.kms.katalon.core.main.ScriptEngine.run(ScriptEngine.java:194)
	at com.kms.katalon.core.main.ScriptEngine.runScriptAsRawText(ScriptEngine.java:119)
	at com.kms.katalon.core.main.TestCaseExecutor.runScript(TestCaseExecutor.java:430)
	at com.kms.katalon.core.main.TestCaseExecutor.doExecute(TestCaseExecutor.java:421)
	at com.kms.katalon.core.main.TestCaseExecutor.processExecutionPhase(TestCaseExecutor.java:400)
	at com.kms.katalon.core.main.TestCaseExecutor.accessMainPhase(TestCaseExecutor.java:392)
	at com.kms.katalon.core.main.TestCaseExecutor.execute(TestCaseExecutor.java:273)
	at com.kms.katalon.core.main.TestSuiteExecutor.accessTestCaseMainPhase(TestSuiteExecutor.java:202)
	at com.kms.katalon.core.main.TestSuiteExecutor.accessTestSuiteMainPhase(TestSuiteExecutor.java:164)
	at com.kms.katalon.core.main.TestSuiteExecutor.execute(TestSuiteExecutor.java:105)
	at com.kms.katalon.core.main.TestCaseMain.startTestSuite(TestCaseMain.java:185)
	at com.kms.katalon.core.main.TestCaseMain$startTestSuite$0.call(Unknown Source)
	at TempTestSuite1636391403401.run(TempTestSuite1636391403401.groovy:36)
)
	at com.kms.katalon.core.keyword.internal.KeywordMain.stepFailed(KeywordMain.groovy:39)
	at com.kms.katalon.core.keyword.internal.KeywordMain.stepFailed(KeywordMain.groovy)
	at com.kms.katalon.core.keyword.internal.KeywordMain.runKeyword(KeywordMain.groovy:76)
	at com.kms.katalon.core.keyword.builtin.VerifyEqualKeyword.verifyEqual(VerifyEqualKeyword.groovy:63)
	at com.kms.katalon.core.keyword.builtin.VerifyEqualKeyword.execute(VerifyEqualKeyword.groovy:44)
	at com.kms.katalon.core.keyword.internal.KeywordExecutor.executeKeywordForPlatform(KeywordExecutor.groovy:74)
	at com.kms.katalon.core.keyword.BuiltinKeywords.verifyEqual(BuiltinKeywords.groovy:141)
	at SalesAndUse_UI_TC.run(SalesAndUse_UI_TC:57)
	at com.kms.katalon.core.main.ScriptEngine.run(ScriptEngine.java:194)
	at com.kms.katalon.core.main.ScriptEngine.runScriptAsRawText(ScriptEngine.java:119)
	at com.kms.katalon.core.main.TestCaseExecutor.runScript(TestCaseExecutor.java:430)
	at com.kms.katalon.core.main.TestCaseExecutor.doExecute(TestCaseExecutor.java:421)
	at com.kms.katalon.core.main.TestCaseExecutor.processExecutionPhase(TestCaseExecutor.java:400)
	at com.kms.katalon.core.main.TestCaseExecutor.accessMainPhase(TestCaseExecutor.java:392)
	at com.kms.katalon.core.main.TestCaseExecutor.execute(TestCaseExecutor.java:273)
	at com.kms.katalon.core.main.TestSuiteExecutor.accessTestCaseMainPhase(TestSuiteExecutor.java:202)
	at com.kms.katalon.core.main.TestSuiteExecutor.accessTestSuiteMainPhase(TestSuiteExecutor.java:164)
	at com.kms.katalon.core.main.TestSuiteExecutor.execute(TestSuiteExecutor.java:105)
	at com.kms.katalon.core.main.TestCaseMain.startTestSuite(TestCaseMain.java:185)
	at com.kms.katalon.core.main.TestCaseMain$startTestSuite$0.call(Unknown Source)
	at TempTestSuite1636391403401.run(TempTestSuite1636391403401.groovy:36)
Caused by: com.kms.katalon.core.exception.StepFailedException: Actual object '5' and expected object '4' are not equal
	at com.kms.katalon.core.keyword.builtin.VerifyEqualKeyword$_verifyEqual_closure1.doCall(VerifyEqualKeyword.groovy:58)
	at com.kms.katalon.core.keyword.builtin.VerifyEqualKeyword$_verifyEqual_closure1.call(VerifyEqualKeyword.groovy)
	at com.kms.katalon.core.keyword.internal.KeywordMain.runKeyword(KeywordMain.groovy:74)
	... 18 more]]></system-out>
      <system-err><![CDATA[2021-11-08 12:10:07 - [TEST_SUITE][FAILED] - RAD_UI_TestSuite: Test Cases/RAD_TestCases/UI_TestCases/SalesAndUse_UI_TC FAILED.
Reason:
com.kms.katalon.core.exception.StepFailedException: Unable to verify equal between actual object '5' and expected object '4' (Root cause: com.kms.katalon.core.exception.StepFailedException: Actual object '5' and expected object '4' are not equal
	at com.kms.katalon.core.keyword.builtin.VerifyEqualKeyword$_verifyEqual_closure1.doCall(VerifyEqualKeyword.groovy:58)
	at com.kms.katalon.core.keyword.builtin.VerifyEqualKeyword$_verifyEqual_closure1.call(VerifyEqualKeyword.groovy)
	at com.kms.katalon.core.keyword.internal.KeywordMain.runKeyword(KeywordMain.groovy:74)
	at com.kms.katalon.core.keyword.builtin.VerifyEqualKeyword.verifyEqual(VerifyEqualKeyword.groovy:63)
	at com.kms.katalon.core.keyword.builtin.VerifyEqualKeyword.execute(VerifyEqualKeyword.groovy:44)
	at com.kms.katalon.core.keyword.internal.KeywordExecutor.executeKeywordForPlatform(KeywordExecutor.groovy:74)
	at com.kms.katalon.core.keyword.BuiltinKeywords.verifyEqual(BuiltinKeywords.groovy:141)
	at SalesAndUse_UI_TC.run(SalesAndUse_UI_TC:57)
	at com.kms.katalon.core.main.ScriptEngine.run(ScriptEngine.java:194)
	at com.kms.katalon.core.main.ScriptEngine.runScriptAsRawText(ScriptEngine.java:119)
	at com.kms.katalon.core.main.TestCaseExecutor.runScript(TestCaseExecutor.java:430)
	at com.kms.katalon.core.main.TestCaseExecutor.doExecute(TestCaseExecutor.java:421)
	at com.kms.katalon.core.main.TestCaseExecutor.processExecutionPhase(TestCaseExecutor.java:400)
	at com.kms.katalon.core.main.TestCaseExecutor.accessMainPhase(TestCaseExecutor.java:392)
	at com.kms.katalon.core.main.TestCaseExecutor.execute(TestCaseExecutor.java:273)
	at com.kms.katalon.core.main.TestSuiteExecutor.accessTestCaseMainPhase(TestSuiteExecutor.java:202)
	at com.kms.katalon.core.main.TestSuiteExecutor.accessTestSuiteMainPhase(TestSuiteExecutor.java:164)
	at com.kms.katalon.core.main.TestSuiteExecutor.execute(TestSuiteExecutor.java:105)
	at com.kms.katalon.core.main.TestCaseMain.startTestSuite(TestCaseMain.java:185)
	at com.kms.katalon.core.main.TestCaseMain$startTestSuite$0.call(Unknown Source)
	at TempTestSuite1636391403401.run(TempTestSuite1636391403401.groovy:36)
)
	at com.kms.katalon.core.keyword.internal.KeywordMain.stepFailed(KeywordMain.groovy:39)
	at com.kms.katalon.core.keyword.internal.KeywordMain.stepFailed(KeywordMain.groovy)
	at com.kms.katalon.core.keyword.internal.KeywordMain.runKeyword(KeywordMain.groovy:76)
	at com.kms.katalon.core.keyword.builtin.VerifyEqualKeyword.verifyEqual(VerifyEqualKeyword.groovy:63)
	at com.kms.katalon.core.keyword.builtin.VerifyEqualKeyword.execute(VerifyEqualKeyword.groovy:44)
	at com.kms.katalon.core.keyword.internal.KeywordExecutor.executeKeywordForPlatform(KeywordExecutor.groovy:74)
	at com.kms.katalon.core.keyword.BuiltinKeywords.verifyEqual(BuiltinKeywords.groovy:141)
	at SalesAndUse_UI_TC.run(SalesAndUse_UI_TC:57)
	at com.kms.katalon.core.main.ScriptEngine.run(ScriptEngine.java:194)
	at com.kms.katalon.core.main.ScriptEngine.runScriptAsRawText(ScriptEngine.java:119)
	at com.kms.katalon.core.main.TestCaseExecutor.runScript(TestCaseExecutor.java:430)
	at com.kms.katalon.core.main.TestCaseExecutor.doExecute(TestCaseExecutor.java:421)
	at com.kms.katalon.core.main.TestCaseExecutor.processExecutionPhase(TestCaseExecutor.java:400)
	at com.kms.katalon.core.main.TestCaseExecutor.accessMainPhase(TestCaseExecutor.java:392)
	at com.kms.katalon.core.main.TestCaseExecutor.execute(TestCaseExecutor.java:273)
	at com.kms.katalon.core.main.TestSuiteExecutor.accessTestCaseMainPhase(TestSuiteExecutor.java:202)
	at com.kms.katalon.core.main.TestSuiteExecutor.accessTestSuiteMainPhase(TestSuiteExecutor.java:164)
	at com.kms.katalon.core.main.TestSuiteExecutor.execute(TestSuiteExecutor.java:105)
	at com.kms.katalon.core.main.TestCaseMain.startTestSuite(TestCaseMain.java:185)
	at com.kms.katalon.core.main.TestCaseMain$startTestSuite$0.call(Unknown Source)
	at TempTestSuite1636391403401.run(TempTestSuite1636391403401.groovy:36)
Caused by: com.kms.katalon.core.exception.StepFailedException: Actual object '5' and expected object '4' are not equal
	at com.kms.katalon.core.keyword.builtin.VerifyEqualKeyword$_verifyEqual_closure1.doCall(VerifyEqualKeyword.groovy:58)
	at com.kms.katalon.core.keyword.builtin.VerifyEqualKeyword$_verifyEqual_closure1.call(VerifyEqualKeyword.groovy)
	at com.kms.katalon.core.keyword.internal.KeywordMain.runKeyword(KeywordMain.groovy:74)
	... 18 more]]></system-err>
   </testsuite>
</testsuites>
